<?xml version="1.0" encoding="UTF-8"?>
<testsuite xmlns:xsi="http://www.w3.org/2001/XMLSchema-instance" xsi:noNamespaceSchemaLocation="https://maven.apache.org/surefire/maven-surefire-plugin/xsd/surefire-test-report.xsd" name="org.apache.hadoop.ozone.freon.TestRandomKeyGenerator" time="141.037" tests="6" errors="1" skipped="0" failures="0">
  <properties>
    <property name="awt.toolkit" value="sun.awt.X11.XToolkit"/>
    <property name="file.encoding.pkg" value="sun.io"/>
    <property name="java.specification.version" value="1.8"/>
    <property name="sun.cpu.isalist" value=""/>
    <property name="sun.jnu.encoding" value="UTF-8"/>
    <property name="java.class.path" value="/workdir/hadoop-ozone/tools/target/test-classes:/workdir/hadoop-ozone/tools/target/classes:/home/user/.m2/repository/org/apache/hadoop/hadoop-ozone-ozone-manager/0.5.0-SNAPSHOT/hadoop-ozone-ozone-manager-0.5.0-SNAPSHOT.jar:/home/user/.m2/repository/org/apache/hadoop/hadoop-hdds-docs/0.5.0-SNAPSHOT/hadoop-hdds-docs-0.5.0-SNAPSHOT.jar:/home/user/.m2/repository/org/bouncycastle/bcprov-jdk15on/1.60/bcprov-jdk15on-1.60.jar:/home/user/.m2/repository/org/apache/hadoop/hadoop-ozone-common/0.5.0-SNAPSHOT/hadoop-ozone-common-0.5.0-SNAPSHOT.jar:/home/user/.m2/repository/org/apache/commons/commons-compress/1.4.1/commons-compress-1.4.1.jar:/home/user/.m2/repository/org/tukaani/xz/1.0/xz-1.0.jar:/home/user/.m2/repository/org/apache/hadoop/hadoop-hdfs-client/3.2.0/hadoop-hdfs-client-3.2.0.jar:/home/user/.m2/repository/com/fasterxml/jackson/core/jackson-annotations/2.9.5/jackson-annotations-2.9.5.jar:/home/user/.m2/repository/org/apache/hadoop/hadoop-hdds-common/0.5.0-SNAPSHOT/hadoop-hdds-common-0.5.0-SNAPSHOT.jar:/home/user/.m2/repository/org/apache/hadoop/hadoop-hdds-config/0.5.0-SNAPSHOT/hadoop-hdds-config-0.5.0-SNAPSHOT.jar:/home/user/.m2/repository/javax/annotation/javax.annotation-api/1.2/javax.annotation-api-1.2.jar:/home/user/.m2/repository/org/apache/ratis/ratis-server/0.4.0-2337318-SNAPSHOT/ratis-server-0.4.0-2337318-SNAPSHOT.jar:/home/user/.m2/repository/org/apache/ratis/ratis-thirdparty-misc/0.2.0/ratis-thirdparty-misc-0.2.0.jar:/home/user/.m2/repository/org/apache/ratis/ratis-proto/0.4.0-2337318-SNAPSHOT/ratis-proto-0.4.0-2337318-SNAPSHOT.jar:/home/user/.m2/repository/org/apache/ratis/ratis-common/0.4.0-2337318-SNAPSHOT/ratis-common-0.4.0-2337318-SNAPSHOT.jar:/home/user/.m2/repository/org/apache/ratis/ratis-client/0.4.0-2337318-SNAPSHOT/ratis-client-0.4.0-2337318-SNAPSHOT.jar:/home/user/.m2/repository/org/apache/ratis/ratis-metrics/0.4.0-2337318-SNAPSHOT/ratis-metrics-0.4.0-2337318-SNAPSHOT.jar:/home/user/.m2/repository/org/apache/ratis/ratis-netty/0.4.0-2337318-SNAPSHOT/ratis-netty-0.4.0-2337318-SNAPSHOT.jar:/home/user/.m2/repository/org/apache/ratis/ratis-grpc/0.4.0-2337318-SNAPSHOT/ratis-grpc-0.4.0-2337318-SNAPSHOT.jar:/home/user/.m2/repository/org/rocksdb/rocksdbjni/6.0.1/rocksdbjni-6.0.1.jar:/home/user/.m2/repository/org/apache/logging/log4j/log4j-api/2.11.0/log4j-api-2.11.0.jar:/home/user/.m2/repository/org/apache/logging/log4j/log4j-core/2.11.0/log4j-core-2.11.0.jar:/home/user/.m2/repository/com/lmax/disruptor/3.4.2/disruptor-3.4.2.jar:/home/user/.m2/repository/org/apache/commons/commons-pool2/2.6.0/commons-pool2-2.6.0.jar:/home/user/.m2/repository/org/bouncycastle/bcpkix-jdk15on/1.60/bcpkix-jdk15on-1.60.jar:/home/user/.m2/repository/commons-validator/commons-validator/1.6/commons-validator-1.6.jar:/home/user/.m2/repository/commons-digester/commons-digester/1.8.1/commons-digester-1.8.1.jar:/home/user/.m2/repository/io/jaegertracing/jaeger-client/0.33.1/jaeger-client-0.33.1.jar:/home/user/.m2/repository/io/jaegertracing/jaeger-thrift/0.33.1/jaeger-thrift-0.33.1.jar:/home/user/.m2/repository/org/apache/thrift/libthrift/0.11.0/libthrift-0.11.0.jar:/home/user/.m2/repository/com/squareup/okhttp3/okhttp/3.9.0/okhttp-3.9.0.jar:/home/user/.m2/repository/com/squareup/okio/okio/1.13.0/okio-1.13.0.jar:/home/user/.m2/repository/io/jaegertracing/jaeger-core/0.33.1/jaeger-core-0.33.1.jar:/home/user/.m2/repository/io/jaegertracing/jaeger-tracerresolver/0.33.1/jaeger-tracerresolver-0.33.1.jar:/home/user/.m2/repository/io/opentracing/contrib/opentracing-tracerresolver/0.1.5/opentracing-tracerresolver-0.1.5.jar:/home/user/.m2/repository/io/opentracing/opentracing-util/0.31.0/opentracing-util-0.31.0.jar:/home/user/.m2/repository/io/opentracing/opentracing-api/0.31.0/opentracing-api-0.31.0.jar:/home/user/.m2/repository/io/opentracing/opentracing-noop/0.31.0/opentracing-noop-0.31.0.jar:/home/user/.m2/repository/org/yaml/snakeyaml/1.16/snakeyaml-1.16.jar:/home/user/.m2/repository/org/apache/hadoop/hadoop-hdds-container-service/0.5.0-SNAPSHOT/hadoop-hdds-container-service-0.5.0-SNAPSHOT.jar:/home/user/.m2/repository/org/apache/hadoop/hadoop-hdds-client/0.5.0-SNAPSHOT/hadoop-hdds-client-0.5.0-SNAPSHOT.jar:/home/user/.m2/repository/org/apache/hadoop/hadoop-hdds-tools/0.5.0-SNAPSHOT/hadoop-hdds-tools-0.5.0-SNAPSHOT.jar:/home/user/.m2/repository/org/xerial/sqlite-jdbc/3.25.2/sqlite-jdbc-3.25.2.jar:/home/user/.m2/repository/org/apache/hadoop/hadoop-hdds-server-scm/0.5.0-SNAPSHOT/hadoop-hdds-server-scm-0.5.0-SNAPSHOT.jar:/home/user/.m2/repository/org/hamcrest/hamcrest-all/1.3/hamcrest-all-1.3.jar:/home/user/.m2/repository/info/picocli/picocli/3.9.6/picocli-3.9.6.jar:/home/user/.m2/repository/com/google/protobuf/protobuf-java/2.5.0/protobuf-java-2.5.0.jar:/home/user/.m2/repository/com/google/guava/guava/11.0.2/guava-11.0.2.jar:/home/user/.m2/repository/org/apache/hadoop/hadoop-ozone-client/0.5.0-SNAPSHOT/hadoop-ozone-client-0.5.0-SNAPSHOT.jar:/workdir/hadoop-ozone/ozonefs/target/classes:/home/user/.m2/repository/org/apache/hadoop/hadoop-hdds-server-framework/0.5.0-SNAPSHOT/hadoop-hdds-server-framework-0.5.0-SNAPSHOT.jar:/home/user/.m2/repository/org/apache/hadoop/hadoop-common/3.2.0/hadoop-common-3.2.0.jar:/home/user/.m2/repository/org/apache/hadoop/hadoop-annotations/3.2.0/hadoop-annotations-3.2.0.jar:/usr/lib/jvm/java-1.8-openjdk/jre/../lib/tools.jar:/home/user/.m2/repository/commons-cli/commons-cli/1.2/commons-cli-1.2.jar:/home/user/.m2/repository/org/apache/commons/commons-math3/3.1.1/commons-math3-3.1.1.jar:/home/user/.m2/repository/org/apache/httpcomponents/httpclient/4.5.2/httpclient-4.5.2.jar:/home/user/.m2/repository/org/apache/httpcomponents/httpcore/4.4.4/httpcore-4.4.4.jar:/home/user/.m2/repository/commons-codec/commons-codec/1.11/commons-codec-1.11.jar:/home/user/.m2/repository/commons-io/commons-io/2.5/commons-io-2.5.jar:/home/user/.m2/repository/commons-net/commons-net/3.6/commons-net-3.6.jar:/home/user/.m2/repository/commons-collections/commons-collections/3.2.2/commons-collections-3.2.2.jar:/home/user/.m2/repository/javax/servlet/javax.servlet-api/3.1.0/javax.servlet-api-3.1.0.jar:/home/user/.m2/repository/org/eclipse/jetty/jetty-server/9.3.24.v20180605/jetty-server-9.3.24.v20180605.jar:/home/user/.m2/repository/org/eclipse/jetty/jetty-http/9.3.24.v20180605/jetty-http-9.3.24.v20180605.jar:/home/user/.m2/repository/org/eclipse/jetty/jetty-io/9.3.24.v20180605/jetty-io-9.3.24.v20180605.jar:/home/user/.m2/repository/org/eclipse/jetty/jetty-util/9.3.24.v20180605/jetty-util-9.3.24.v20180605.jar:/home/user/.m2/repository/org/eclipse/jetty/jetty-servlet/9.3.24.v20180605/jetty-servlet-9.3.24.v20180605.jar:/home/user/.m2/repository/org/eclipse/jetty/jetty-security/9.3.24.v20180605/jetty-security-9.3.24.v20180605.jar:/home/user/.m2/repository/org/eclipse/jetty/jetty-webapp/9.3.24.v20180605/jetty-webapp-9.3.24.v20180605.jar:/home/user/.m2/repository/org/eclipse/jetty/jetty-xml/9.3.24.v20180605/jetty-xml-9.3.24.v20180605.jar:/home/user/.m2/repository/javax/servlet/jsp/jsp-api/2.1/jsp-api-2.1.jar:/home/user/.m2/repository/com/sun/jersey/jersey-core/1.19/jersey-core-1.19.jar:/home/user/.m2/repository/javax/ws/rs/jsr311-api/1.1.1/jsr311-api-1.1.1.jar:/home/user/.m2/repository/com/sun/jersey/jersey-servlet/1.19/jersey-servlet-1.19.jar:/home/user/.m2/repository/com/sun/jersey/jersey-json/1.19/jersey-json-1.19.jar:/home/user/.m2/repository/org/codehaus/jettison/jettison/1.1/jettison-1.1.jar:/home/user/.m2/repository/com/sun/xml/bind/jaxb-impl/2.3.0.1/jaxb-impl-2.3.0.1.jar:/home/user/.m2/repository/org/codehaus/jackson/jackson-core-asl/1.9.13/jackson-core-asl-1.9.13.jar:/home/user/.m2/repository/org/codehaus/jackson/jackson-mapper-asl/1.9.13/jackson-mapper-asl-1.9.13.jar:/home/user/.m2/repository/org/codehaus/jackson/jackson-jaxrs/1.9.13/jackson-jaxrs-1.9.13.jar:/home/user/.m2/repository/org/codehaus/jackson/jackson-xc/1.9.13/jackson-xc-1.9.13.jar:/home/user/.m2/repository/com/sun/jersey/jersey-server/1.19/jersey-server-1.19.jar:/home/user/.m2/repository/commons-logging/commons-logging/1.1.3/commons-logging-1.1.3.jar:/home/user/.m2/repository/log4j/log4j/1.2.17/log4j-1.2.17.jar:/home/user/.m2/repository/commons-beanutils/commons-beanutils/1.9.3/commons-beanutils-1.9.3.jar:/home/user/.m2/repository/org/apache/commons/commons-configuration2/2.1.1/commons-configuration2-2.1.1.jar:/home/user/.m2/repository/org/apache/commons/commons-lang3/3.7/commons-lang3-3.7.jar:/home/user/.m2/repository/org/apache/commons/commons-text/1.4/commons-text-1.4.jar:/home/user/.m2/repository/org/slf4j/slf4j-api/1.7.25/slf4j-api-1.7.25.jar:/home/user/.m2/repository/org/slf4j/slf4j-log4j12/1.7.25/slf4j-log4j12-1.7.25.jar:/home/user/.m2/repository/org/apache/avro/avro/1.7.7/avro-1.7.7.jar:/home/user/.m2/repository/com/thoughtworks/paranamer/paranamer/2.3/paranamer-2.3.jar:/home/user/.m2/repository/org/xerial/snappy/snappy-java/1.0.5/snappy-java-1.0.5.jar:/home/user/.m2/repository/com/google/re2j/re2j/1.1/re2j-1.1.jar:/home/user/.m2/repository/com/google/code/gson/gson/2.2.4/gson-2.2.4.jar:/home/user/.m2/repository/org/apache/hadoop/hadoop-auth/3.2.0/hadoop-auth-3.2.0.jar:/home/user/.m2/repository/com/nimbusds/nimbus-jose-jwt/4.41.1/nimbus-jose-jwt-4.41.1.jar:/home/user/.m2/repository/com/github/stephenc/jcip/jcip-annotations/1.0-1/jcip-annotations-1.0-1.jar:/home/user/.m2/repository/net/minidev/json-smart/2.3/json-smart-2.3.jar:/home/user/.m2/repository/net/minidev/accessors-smart/1.2/accessors-smart-1.2.jar:/home/user/.m2/repository/org/apache/curator/curator-framework/2.12.0/curator-framework-2.12.0.jar:/home/user/.m2/repository/com/jcraft/jsch/0.1.54/jsch-0.1.54.jar:/home/user/.m2/repository/org/apache/curator/curator-client/2.12.0/curator-client-2.12.0.jar:/home/user/.m2/repository/org/apache/curator/curator-recipes/2.12.0/curator-recipes-2.12.0.jar:/home/user/.m2/repository/com/google/code/findbugs/jsr305/3.0.0/jsr305-3.0.0.jar:/home/user/.m2/repository/org/apache/htrace/htrace-core4/4.1.0-incubating/htrace-core4-4.1.0-incubating.jar:/home/user/.m2/repository/org/apache/zookeeper/zookeeper/3.4.13/zookeeper-3.4.13.jar:/home/user/.m2/repository/org/apache/yetus/audience-annotations/0.5.0/audience-annotations-0.5.0.jar:/home/user/.m2/repository/org/apache/kerby/kerb-simplekdc/1.0.1/kerb-simplekdc-1.0.1.jar:/home/user/.m2/repository/org/apache/kerby/kerb-client/1.0.1/kerb-client-1.0.1.jar:/home/user/.m2/repository/org/apache/kerby/kerby-config/1.0.1/kerby-config-1.0.1.jar:/home/user/.m2/repository/org/apache/kerby/kerb-core/1.0.1/kerb-core-1.0.1.jar:/home/user/.m2/repository/org/apache/kerby/kerby-pkix/1.0.1/kerby-pkix-1.0.1.jar:/home/user/.m2/repository/org/apache/kerby/kerby-asn1/1.0.1/kerby-asn1-1.0.1.jar:/home/user/.m2/repository/org/apache/kerby/kerby-util/1.0.1/kerby-util-1.0.1.jar:/home/user/.m2/repository/org/apache/kerby/kerb-common/1.0.1/kerb-common-1.0.1.jar:/home/user/.m2/repository/org/apache/kerby/kerb-crypto/1.0.1/kerb-crypto-1.0.1.jar:/home/user/.m2/repository/org/apache/kerby/kerb-util/1.0.1/kerb-util-1.0.1.jar:/home/user/.m2/repository/org/apache/kerby/token-provider/1.0.1/token-provider-1.0.1.jar:/home/user/.m2/repository/org/apache/kerby/kerb-admin/1.0.1/kerb-admin-1.0.1.jar:/home/user/.m2/repository/org/apache/kerby/kerb-server/1.0.1/kerb-server-1.0.1.jar:/home/user/.m2/repository/org/apache/kerby/kerb-identity/1.0.1/kerb-identity-1.0.1.jar:/home/user/.m2/repository/org/apache/kerby/kerby-xdr/1.0.1/kerby-xdr-1.0.1.jar:/home/user/.m2/repository/com/fasterxml/jackson/core/jackson-databind/2.9.5/jackson-databind-2.9.5.jar:/home/user/.m2/repository/com/fasterxml/jackson/core/jackson-core/2.9.5/jackson-core-2.9.5.jar:/home/user/.m2/repository/org/codehaus/woodstox/stax2-api/3.1.4/stax2-api-3.1.4.jar:/home/user/.m2/repository/com/fasterxml/woodstox/woodstox-core/5.0.3/woodstox-core-5.0.3.jar:/home/user/.m2/repository/dnsjava/dnsjava/2.1.7/dnsjava-2.1.7.jar:/home/user/.m2/repository/org/apache/hadoop/hadoop-hdfs/3.2.0/hadoop-hdfs-3.2.0.jar:/home/user/.m2/repository/org/eclipse/jetty/jetty-util-ajax/9.3.24.v20180605/jetty-util-ajax-9.3.24.v20180605.jar:/home/user/.m2/repository/commons-daemon/commons-daemon/1.0.13/commons-daemon-1.0.13.jar:/home/user/.m2/repository/io/netty/netty/3.10.5.Final/netty-3.10.5.Final.jar:/home/user/.m2/repository/io/netty/netty-all/4.0.52.Final/netty-all-4.0.52.Final.jar:/home/user/.m2/repository/org/fusesource/leveldbjni/leveldbjni-all/1.8/leveldbjni-all-1.8.jar:/home/user/.m2/repository/com/sun/xml/bind/jaxb-core/2.3.0.1/jaxb-core-2.3.0.1.jar:/home/user/.m2/repository/javax/xml/bind/jaxb-api/2.3.0/jaxb-api-2.3.0.jar:/home/user/.m2/repository/javax/activation/activation/1.1.1/activation-1.1.1.jar:/home/user/.m2/repository/io/dropwizard/metrics/metrics-core/3.2.4/metrics-core-3.2.4.jar:/home/user/.m2/repository/org/openjdk/jmh/jmh-core/1.19/jmh-core-1.19.jar:/home/user/.m2/repository/net/sf/jopt-simple/jopt-simple/4.6/jopt-simple-4.6.jar:/home/user/.m2/repository/org/openjdk/jmh/jmh-generator-annprocess/1.19/jmh-generator-annprocess-1.19.jar:/home/user/.m2/repository/com/google/code/findbugs/findbugs/3.0.1/findbugs-3.0.1.jar:/home/user/.m2/repository/net/jcip/jcip-annotations/1.0/jcip-annotations-1.0.jar:/home/user/.m2/repository/com/google/code/findbugs/bcel-findbugs/6.0/bcel-findbugs-6.0.jar:/home/user/.m2/repository/com/google/code/findbugs/jFormatString/2.0.1/jFormatString-2.0.1.jar:/home/user/.m2/repository/dom4j/dom4j/1.6.1/dom4j-1.6.1.jar:/home/user/.m2/repository/xml-apis/xml-apis/1.0.b2/xml-apis-1.0.b2.jar:/home/user/.m2/repository/org/ow2/asm/asm-debug-all/5.0.2/asm-debug-all-5.0.2.jar:/home/user/.m2/repository/org/ow2/asm/asm-commons/5.0.2/asm-commons-5.0.2.jar:/home/user/.m2/repository/org/ow2/asm/asm-tree/5.0.2/asm-tree-5.0.2.jar:/home/user/.m2/repository/org/ow2/asm/asm/5.0.4/asm-5.0.4.jar:/home/user/.m2/repository/commons-lang/commons-lang/2.6/commons-lang-2.6.jar:/home/user/.m2/repository/com/apple/AppleJavaExtensions/1.4/AppleJavaExtensions-1.4.jar:/home/user/.m2/repository/jaxen/jaxen/1.1.6/jaxen-1.1.6.jar:/home/user/.m2/repository/junit/junit/4.11/junit-4.11.jar:/home/user/.m2/repository/org/hamcrest/hamcrest-core/1.3/hamcrest-core-1.3.jar:/home/user/.m2/repository/org/apache/hadoop/hadoop-common/3.2.0/hadoop-common-3.2.0-tests.jar:/workdir/hadoop-ozone/integration-test/target/test-classes:/home/user/.m2/repository/org/apache/hadoop/hadoop-ozone-objectstore-service/0.5.0-SNAPSHOT/hadoop-ozone-objectstore-service-0.5.0-SNAPSHOT.jar:/home/user/.m2/repository/org/apache/hadoop/hadoop-ozone-s3gateway/0.5.0-SNAPSHOT/hadoop-ozone-s3gateway-0.5.0-SNAPSHOT.jar:/home/user/.m2/repository/org/jboss/weld/servlet/weld-servlet/2.4.7.Final/weld-servlet-2.4.7.Final.jar:/home/user/.m2/repository/org/glassfish/jersey/containers/jersey-container-servlet-core/2.27/jersey-container-servlet-core-2.27.jar:/home/user/.m2/repository/org/glassfish/hk2/external/javax.inject/2.5.0-b42/javax.inject-2.5.0-b42.jar:/home/user/.m2/repository/org/glassfish/jersey/core/jersey-common/2.27/jersey-common-2.27.jar:/home/user/.m2/repository/org/glassfish/hk2/osgi-resource-locator/1.0.1/osgi-resource-locator-1.0.1.jar:/home/user/.m2/repository/javax/ws/rs/javax.ws.rs-api/2.1/javax.ws.rs-api-2.1.jar:/home/user/.m2/repository/org/glassfish/jersey/ext/cdi/jersey-cdi1x/2.27/jersey-cdi1x-2.27.jar:/home/user/.m2/repository/org/glassfish/jersey/inject/jersey-hk2/2.27/jersey-hk2-2.27.jar:/home/user/.m2/repository/org/glassfish/hk2/hk2-locator/2.5.0-b42/hk2-locator-2.5.0-b42.jar:/home/user/.m2/repository/org/javassist/javassist/3.22.0-CR2/javassist-3.22.0-CR2.jar:/home/user/.m2/repository/org/glassfish/hk2/hk2-api/2.5.0/hk2-api-2.5.0.jar:/home/user/.m2/repository/org/glassfish/hk2/external/jakarta.inject/2.5.0/jakarta.inject-2.5.0.jar:/home/user/.m2/repository/org/glassfish/hk2/hk2-utils/2.5.0/hk2-utils-2.5.0.jar:/home/user/.m2/repository/jakarta/annotation/jakarta.annotation-api/1.3.4/jakarta.annotation-api-1.3.4.jar:/home/user/.m2/repository/org/glassfish/hk2/external/aopalliance-repackaged/2.5.0/aopalliance-repackaged-2.5.0.jar:/home/user/.m2/repository/com/fasterxml/jackson/dataformat/jackson-dataformat-xml/2.9.0/jackson-dataformat-xml-2.9.0.jar:/home/user/.m2/repository/com/fasterxml/jackson/module/jackson-module-jaxb-annotations/2.9.5/jackson-module-jaxb-annotations-2.9.5.jar:/home/user/.m2/repository/javax/enterprise/cdi-api/1.2/cdi-api-1.2.jar:/home/user/.m2/repository/javax/el/javax.el-api/3.0.0/javax.el-api-3.0.0.jar:/home/user/.m2/repository/javax/interceptor/javax.interceptor-api/1.2/javax.interceptor-api-1.2.jar:/home/user/.m2/repository/javax/inject/javax.inject/1/javax.inject-1.jar:/home/user/.m2/repository/org/apache/hadoop/hadoop-ozone-csi/0.5.0-SNAPSHOT/hadoop-ozone-csi-0.5.0-SNAPSHOT.jar:/home/user/.m2/repository/com/google/protobuf/protobuf-java-util/3.5.1/protobuf-java-util-3.5.1.jar:/home/user/.m2/repository/io/grpc/grpc-netty/1.17.1/grpc-netty-1.17.1.jar:/home/user/.m2/repository/io/grpc/grpc-core/1.17.1/grpc-core-1.17.1.jar:/home/user/.m2/repository/io/grpc/grpc-context/1.17.1/grpc-context-1.17.1.jar:/home/user/.m2/repository/com/google/errorprone/error_prone_annotations/2.2.0/error_prone_annotations-2.2.0.jar:/home/user/.m2/repository/org/codehaus/mojo/animal-sniffer-annotations/1.17/animal-sniffer-annotations-1.17.jar:/home/user/.m2/repository/io/opencensus/opencensus-api/0.17.0/opencensus-api-0.17.0.jar:/home/user/.m2/repository/io/opencensus/opencensus-contrib-grpc-metrics/0.17.0/opencensus-contrib-grpc-metrics-0.17.0.jar:/home/user/.m2/repository/io/netty/netty-codec-http2/4.1.30.Final/netty-codec-http2-4.1.30.Final.jar:/home/user/.m2/repository/io/netty/netty-codec-http/4.1.30.Final/netty-codec-http-4.1.30.Final.jar:/home/user/.m2/repository/io/netty/netty-codec/4.1.30.Final/netty-codec-4.1.30.Final.jar:/home/user/.m2/repository/io/netty/netty-handler/4.1.30.Final/netty-handler-4.1.30.Final.jar:/home/user/.m2/repository/io/netty/netty-handler-proxy/4.1.30.Final/netty-handler-proxy-4.1.30.Final.jar:/home/user/.m2/repository/io/netty/netty-codec-socks/4.1.30.Final/netty-codec-socks-4.1.30.Final.jar:/home/user/.m2/repository/io/netty/netty-transport-native-epoll/4.1.30.Final/netty-transport-native-epoll-4.1.30.Final.jar:/home/user/.m2/repository/io/netty/netty-common/4.1.30.Final/netty-common-4.1.30.Final.jar:/home/user/.m2/repository/io/netty/netty-buffer/4.1.30.Final/netty-buffer-4.1.30.Final.jar:/home/user/.m2/repository/io/netty/netty-transport/4.1.30.Final/netty-transport-4.1.30.Final.jar:/home/user/.m2/repository/io/netty/netty-resolver/4.1.30.Final/netty-resolver-4.1.30.Final.jar:/home/user/.m2/repository/io/netty/netty-transport-native-unix-common/4.1.30.Final/netty-transport-native-unix-common-4.1.30.Final.jar:/home/user/.m2/repository/io/grpc/grpc-protobuf/1.17.1/grpc-protobuf-1.17.1.jar:/home/user/.m2/repository/com/google/api/grpc/proto-google-common-protos/1.0.0/proto-google-common-protos-1.0.0.jar:/home/user/.m2/repository/io/grpc/grpc-protobuf-lite/1.17.1/grpc-protobuf-lite-1.17.1.jar:/home/user/.m2/repository/io/grpc/grpc-stub/1.17.1/grpc-stub-1.17.1.jar:/home/user/.m2/repository/org/apache/hadoop/hadoop-ozone-recon/0.5.0-SNAPSHOT/hadoop-ozone-recon-0.5.0-SNAPSHOT.jar:/home/user/.m2/repository/org/apache/hadoop/hadoop-ozone-reconcodegen/0.5.0-SNAPSHOT/hadoop-ozone-reconcodegen-0.5.0-SNAPSHOT.jar:/home/user/.m2/repository/com/google/inject/extensions/guice-multibindings/4.0/guice-multibindings-4.0.jar:/home/user/.m2/repository/com/google/inject/guice/4.0/guice-4.0.jar:/home/user/.m2/repository/aopalliance/aopalliance/1.0/aopalliance-1.0.jar:/home/user/.m2/repository/com/google/inject/extensions/guice-servlet/4.0/guice-servlet-4.0.jar:/home/user/.m2/repository/org/glassfish/jersey/containers/jersey-container-servlet/2.27/jersey-container-servlet-2.27.jar:/home/user/.m2/repository/org/glassfish/hk2/guice-bridge/2.5.0/guice-bridge-2.5.0.jar:/home/user/.m2/repository/org/glassfish/jersey/core/jersey-server/2.27/jersey-server-2.27.jar:/home/user/.m2/repository/org/glassfish/jersey/core/jersey-client/2.27/jersey-client-2.27.jar:/home/user/.m2/repository/org/glassfish/jersey/media/jersey-media-jaxb/2.27/jersey-media-jaxb-2.27.jar:/home/user/.m2/repository/javax/validation/validation-api/1.1.0.Final/validation-api-1.1.0.Final.jar:/home/user/.m2/repository/org/glassfish/jersey/media/jersey-media-json-jackson/2.27/jersey-media-json-jackson-2.27.jar:/home/user/.m2/repository/org/glassfish/jersey/ext/jersey-entity-filtering/2.27/jersey-entity-filtering-2.27.jar:/home/user/.m2/repository/com/google/inject/extensions/guice-assistedinject/4.0/guice-assistedinject-4.0.jar:/home/user/.m2/repository/org/jooq/jooq/3.11.10/jooq-3.11.10.jar:/home/user/.m2/repository/org/jooq/jooq-meta/3.11.10/jooq-meta-3.11.10.jar:/home/user/.m2/repository/org/jooq/jooq-codegen/3.11.10/jooq-codegen-3.11.10.jar:/home/user/.m2/repository/com/jolbox/bonecp/0.8.0.RELEASE/bonecp-0.8.0.RELEASE.jar:/home/user/.m2/repository/org/springframework/spring-jdbc/5.1.3.RELEASE/spring-jdbc-5.1.3.RELEASE.jar:/home/user/.m2/repository/org/springframework/spring-beans/5.1.3.RELEASE/spring-beans-5.1.3.RELEASE.jar:/home/user/.m2/repository/org/springframework/spring-core/5.1.3.RELEASE/spring-core-5.1.3.RELEASE.jar:/home/user/.m2/repository/org/springframework/spring-jcl/5.1.3.RELEASE/spring-jcl-5.1.3.RELEASE.jar:/home/user/.m2/repository/org/springframework/spring-tx/5.1.3.RELEASE/spring-tx-5.1.3.RELEASE.jar:/home/user/.m2/repository/org/mockito/mockito-core/2.15.0/mockito-core-2.15.0.jar:/home/user/.m2/repository/net/bytebuddy/byte-buddy/1.7.9/byte-buddy-1.7.9.jar:/home/user/.m2/repository/net/bytebuddy/byte-buddy-agent/1.7.9/byte-buddy-agent-1.7.9.jar:/home/user/.m2/repository/org/objenesis/objenesis/1.0/objenesis-1.0.jar:"/>
    <property name="java.vm.vendor" value="IcedTea"/>
    <property name="sun.arch.data.model" value="64"/>
    <property name="test.build.dir" value="/workdir/hadoop-ozone/tools/target/test-dir"/>
    <property name="test.cache.data" value=""/>
    <property name="java.vendor.url" value="https://icedtea.classpath.org"/>
    <property name="user.timezone" value=""/>
    <property name="java.vm.specification.version" value="1.8"/>
    <property name="os.name" value="Linux"/>
    <property name="test.build.data" value="/workdir/hadoop-ozone/tools/target/test-dir"/>
    <property name="user.country" value="US"/>
    <property name="sun.java.launcher" value="SUN_STANDARD"/>
    <property name="sun.boot.library.path" value="/usr/lib/jvm/java-1.8-openjdk/jre/lib/amd64"/>
    <property name="sun.java.command" value="/workdir/hadoop-ozone/tools/target/surefire/surefirebooter1271791626349830070.jar /workdir/hadoop-ozone/tools/target/surefire 2019-08-20T20-49-13_593-jvmRun1 surefire8657924672350146885tmp surefire_1211340488506715763914tmp"/>
    <property name="test" value="!TestMiniChaosOzoneCluster"/>
    <property name="surefire.test.class.path" value="/workdir/hadoop-ozone/tools/target/test-classes:/workdir/hadoop-ozone/tools/target/classes:/home/user/.m2/repository/org/apache/hadoop/hadoop-ozone-ozone-manager/0.5.0-SNAPSHOT/hadoop-ozone-ozone-manager-0.5.0-SNAPSHOT.jar:/home/user/.m2/repository/org/apache/hadoop/hadoop-hdds-docs/0.5.0-SNAPSHOT/hadoop-hdds-docs-0.5.0-SNAPSHOT.jar:/home/user/.m2/repository/org/bouncycastle/bcprov-jdk15on/1.60/bcprov-jdk15on-1.60.jar:/home/user/.m2/repository/org/apache/hadoop/hadoop-ozone-common/0.5.0-SNAPSHOT/hadoop-ozone-common-0.5.0-SNAPSHOT.jar:/home/user/.m2/repository/org/apache/commons/commons-compress/1.4.1/commons-compress-1.4.1.jar:/home/user/.m2/repository/org/tukaani/xz/1.0/xz-1.0.jar:/home/user/.m2/repository/org/apache/hadoop/hadoop-hdfs-client/3.2.0/hadoop-hdfs-client-3.2.0.jar:/home/user/.m2/repository/com/fasterxml/jackson/core/jackson-annotations/2.9.5/jackson-annotations-2.9.5.jar:/home/user/.m2/repository/org/apache/hadoop/hadoop-hdds-common/0.5.0-SNAPSHOT/hadoop-hdds-common-0.5.0-SNAPSHOT.jar:/home/user/.m2/repository/org/apache/hadoop/hadoop-hdds-config/0.5.0-SNAPSHOT/hadoop-hdds-config-0.5.0-SNAPSHOT.jar:/home/user/.m2/repository/javax/annotation/javax.annotation-api/1.2/javax.annotation-api-1.2.jar:/home/user/.m2/repository/org/apache/ratis/ratis-server/0.4.0-2337318-SNAPSHOT/ratis-server-0.4.0-2337318-SNAPSHOT.jar:/home/user/.m2/repository/org/apache/ratis/ratis-thirdparty-misc/0.2.0/ratis-thirdparty-misc-0.2.0.jar:/home/user/.m2/repository/org/apache/ratis/ratis-proto/0.4.0-2337318-SNAPSHOT/ratis-proto-0.4.0-2337318-SNAPSHOT.jar:/home/user/.m2/repository/org/apache/ratis/ratis-common/0.4.0-2337318-SNAPSHOT/ratis-common-0.4.0-2337318-SNAPSHOT.jar:/home/user/.m2/repository/org/apache/ratis/ratis-client/0.4.0-2337318-SNAPSHOT/ratis-client-0.4.0-2337318-SNAPSHOT.jar:/home/user/.m2/repository/org/apache/ratis/ratis-metrics/0.4.0-2337318-SNAPSHOT/ratis-metrics-0.4.0-2337318-SNAPSHOT.jar:/home/user/.m2/repository/org/apache/ratis/ratis-netty/0.4.0-2337318-SNAPSHOT/ratis-netty-0.4.0-2337318-SNAPSHOT.jar:/home/user/.m2/repository/org/apache/ratis/ratis-grpc/0.4.0-2337318-SNAPSHOT/ratis-grpc-0.4.0-2337318-SNAPSHOT.jar:/home/user/.m2/repository/org/rocksdb/rocksdbjni/6.0.1/rocksdbjni-6.0.1.jar:/home/user/.m2/repository/org/apache/logging/log4j/log4j-api/2.11.0/log4j-api-2.11.0.jar:/home/user/.m2/repository/org/apache/logging/log4j/log4j-core/2.11.0/log4j-core-2.11.0.jar:/home/user/.m2/repository/com/lmax/disruptor/3.4.2/disruptor-3.4.2.jar:/home/user/.m2/repository/org/apache/commons/commons-pool2/2.6.0/commons-pool2-2.6.0.jar:/home/user/.m2/repository/org/bouncycastle/bcpkix-jdk15on/1.60/bcpkix-jdk15on-1.60.jar:/home/user/.m2/repository/commons-validator/commons-validator/1.6/commons-validator-1.6.jar:/home/user/.m2/repository/commons-digester/commons-digester/1.8.1/commons-digester-1.8.1.jar:/home/user/.m2/repository/io/jaegertracing/jaeger-client/0.33.1/jaeger-client-0.33.1.jar:/home/user/.m2/repository/io/jaegertracing/jaeger-thrift/0.33.1/jaeger-thrift-0.33.1.jar:/home/user/.m2/repository/org/apache/thrift/libthrift/0.11.0/libthrift-0.11.0.jar:/home/user/.m2/repository/com/squareup/okhttp3/okhttp/3.9.0/okhttp-3.9.0.jar:/home/user/.m2/repository/com/squareup/okio/okio/1.13.0/okio-1.13.0.jar:/home/user/.m2/repository/io/jaegertracing/jaeger-core/0.33.1/jaeger-core-0.33.1.jar:/home/user/.m2/repository/io/jaegertracing/jaeger-tracerresolver/0.33.1/jaeger-tracerresolver-0.33.1.jar:/home/user/.m2/repository/io/opentracing/contrib/opentracing-tracerresolver/0.1.5/opentracing-tracerresolver-0.1.5.jar:/home/user/.m2/repository/io/opentracing/opentracing-util/0.31.0/opentracing-util-0.31.0.jar:/home/user/.m2/repository/io/opentracing/opentracing-api/0.31.0/opentracing-api-0.31.0.jar:/home/user/.m2/repository/io/opentracing/opentracing-noop/0.31.0/opentracing-noop-0.31.0.jar:/home/user/.m2/repository/org/yaml/snakeyaml/1.16/snakeyaml-1.16.jar:/home/user/.m2/repository/org/apache/hadoop/hadoop-hdds-container-service/0.5.0-SNAPSHOT/hadoop-hdds-container-service-0.5.0-SNAPSHOT.jar:/home/user/.m2/repository/org/apache/hadoop/hadoop-hdds-client/0.5.0-SNAPSHOT/hadoop-hdds-client-0.5.0-SNAPSHOT.jar:/home/user/.m2/repository/org/apache/hadoop/hadoop-hdds-tools/0.5.0-SNAPSHOT/hadoop-hdds-tools-0.5.0-SNAPSHOT.jar:/home/user/.m2/repository/org/xerial/sqlite-jdbc/3.25.2/sqlite-jdbc-3.25.2.jar:/home/user/.m2/repository/org/apache/hadoop/hadoop-hdds-server-scm/0.5.0-SNAPSHOT/hadoop-hdds-server-scm-0.5.0-SNAPSHOT.jar:/home/user/.m2/repository/org/hamcrest/hamcrest-all/1.3/hamcrest-all-1.3.jar:/home/user/.m2/repository/info/picocli/picocli/3.9.6/picocli-3.9.6.jar:/home/user/.m2/repository/com/google/protobuf/protobuf-java/2.5.0/protobuf-java-2.5.0.jar:/home/user/.m2/repository/com/google/guava/guava/11.0.2/guava-11.0.2.jar:/home/user/.m2/repository/org/apache/hadoop/hadoop-ozone-client/0.5.0-SNAPSHOT/hadoop-ozone-client-0.5.0-SNAPSHOT.jar:/workdir/hadoop-ozone/ozonefs/target/classes:/home/user/.m2/repository/org/apache/hadoop/hadoop-hdds-server-framework/0.5.0-SNAPSHOT/hadoop-hdds-server-framework-0.5.0-SNAPSHOT.jar:/home/user/.m2/repository/org/apache/hadoop/hadoop-common/3.2.0/hadoop-common-3.2.0.jar:/home/user/.m2/repository/org/apache/hadoop/hadoop-annotations/3.2.0/hadoop-annotations-3.2.0.jar:/usr/lib/jvm/java-1.8-openjdk/jre/../lib/tools.jar:/home/user/.m2/repository/commons-cli/commons-cli/1.2/commons-cli-1.2.jar:/home/user/.m2/repository/org/apache/commons/commons-math3/3.1.1/commons-math3-3.1.1.jar:/home/user/.m2/repository/org/apache/httpcomponents/httpclient/4.5.2/httpclient-4.5.2.jar:/home/user/.m2/repository/org/apache/httpcomponents/httpcore/4.4.4/httpcore-4.4.4.jar:/home/user/.m2/repository/commons-codec/commons-codec/1.11/commons-codec-1.11.jar:/home/user/.m2/repository/commons-io/commons-io/2.5/commons-io-2.5.jar:/home/user/.m2/repository/commons-net/commons-net/3.6/commons-net-3.6.jar:/home/user/.m2/repository/commons-collections/commons-collections/3.2.2/commons-collections-3.2.2.jar:/home/user/.m2/repository/javax/servlet/javax.servlet-api/3.1.0/javax.servlet-api-3.1.0.jar:/home/user/.m2/repository/org/eclipse/jetty/jetty-server/9.3.24.v20180605/jetty-server-9.3.24.v20180605.jar:/home/user/.m2/repository/org/eclipse/jetty/jetty-http/9.3.24.v20180605/jetty-http-9.3.24.v20180605.jar:/home/user/.m2/repository/org/eclipse/jetty/jetty-io/9.3.24.v20180605/jetty-io-9.3.24.v20180605.jar:/home/user/.m2/repository/org/eclipse/jetty/jetty-util/9.3.24.v20180605/jetty-util-9.3.24.v20180605.jar:/home/user/.m2/repository/org/eclipse/jetty/jetty-servlet/9.3.24.v20180605/jetty-servlet-9.3.24.v20180605.jar:/home/user/.m2/repository/org/eclipse/jetty/jetty-security/9.3.24.v20180605/jetty-security-9.3.24.v20180605.jar:/home/user/.m2/repository/org/eclipse/jetty/jetty-webapp/9.3.24.v20180605/jetty-webapp-9.3.24.v20180605.jar:/home/user/.m2/repository/org/eclipse/jetty/jetty-xml/9.3.24.v20180605/jetty-xml-9.3.24.v20180605.jar:/home/user/.m2/repository/javax/servlet/jsp/jsp-api/2.1/jsp-api-2.1.jar:/home/user/.m2/repository/com/sun/jersey/jersey-core/1.19/jersey-core-1.19.jar:/home/user/.m2/repository/javax/ws/rs/jsr311-api/1.1.1/jsr311-api-1.1.1.jar:/home/user/.m2/repository/com/sun/jersey/jersey-servlet/1.19/jersey-servlet-1.19.jar:/home/user/.m2/repository/com/sun/jersey/jersey-json/1.19/jersey-json-1.19.jar:/home/user/.m2/repository/org/codehaus/jettison/jettison/1.1/jettison-1.1.jar:/home/user/.m2/repository/com/sun/xml/bind/jaxb-impl/2.3.0.1/jaxb-impl-2.3.0.1.jar:/home/user/.m2/repository/org/codehaus/jackson/jackson-core-asl/1.9.13/jackson-core-asl-1.9.13.jar:/home/user/.m2/repository/org/codehaus/jackson/jackson-mapper-asl/1.9.13/jackson-mapper-asl-1.9.13.jar:/home/user/.m2/repository/org/codehaus/jackson/jackson-jaxrs/1.9.13/jackson-jaxrs-1.9.13.jar:/home/user/.m2/repository/org/codehaus/jackson/jackson-xc/1.9.13/jackson-xc-1.9.13.jar:/home/user/.m2/repository/com/sun/jersey/jersey-server/1.19/jersey-server-1.19.jar:/home/user/.m2/repository/commons-logging/commons-logging/1.1.3/commons-logging-1.1.3.jar:/home/user/.m2/repository/log4j/log4j/1.2.17/log4j-1.2.17.jar:/home/user/.m2/repository/commons-beanutils/commons-beanutils/1.9.3/commons-beanutils-1.9.3.jar:/home/user/.m2/repository/org/apache/commons/commons-configuration2/2.1.1/commons-configuration2-2.1.1.jar:/home/user/.m2/repository/org/apache/commons/commons-lang3/3.7/commons-lang3-3.7.jar:/home/user/.m2/repository/org/apache/commons/commons-text/1.4/commons-text-1.4.jar:/home/user/.m2/repository/org/slf4j/slf4j-api/1.7.25/slf4j-api-1.7.25.jar:/home/user/.m2/repository/org/slf4j/slf4j-log4j12/1.7.25/slf4j-log4j12-1.7.25.jar:/home/user/.m2/repository/org/apache/avro/avro/1.7.7/avro-1.7.7.jar:/home/user/.m2/repository/com/thoughtworks/paranamer/paranamer/2.3/paranamer-2.3.jar:/home/user/.m2/repository/org/xerial/snappy/snappy-java/1.0.5/snappy-java-1.0.5.jar:/home/user/.m2/repository/com/google/re2j/re2j/1.1/re2j-1.1.jar:/home/user/.m2/repository/com/google/code/gson/gson/2.2.4/gson-2.2.4.jar:/home/user/.m2/repository/org/apache/hadoop/hadoop-auth/3.2.0/hadoop-auth-3.2.0.jar:/home/user/.m2/repository/com/nimbusds/nimbus-jose-jwt/4.41.1/nimbus-jose-jwt-4.41.1.jar:/home/user/.m2/repository/com/github/stephenc/jcip/jcip-annotations/1.0-1/jcip-annotations-1.0-1.jar:/home/user/.m2/repository/net/minidev/json-smart/2.3/json-smart-2.3.jar:/home/user/.m2/repository/net/minidev/accessors-smart/1.2/accessors-smart-1.2.jar:/home/user/.m2/repository/org/apache/curator/curator-framework/2.12.0/curator-framework-2.12.0.jar:/home/user/.m2/repository/com/jcraft/jsch/0.1.54/jsch-0.1.54.jar:/home/user/.m2/repository/org/apache/curator/curator-client/2.12.0/curator-client-2.12.0.jar:/home/user/.m2/repository/org/apache/curator/curator-recipes/2.12.0/curator-recipes-2.12.0.jar:/home/user/.m2/repository/com/google/code/findbugs/jsr305/3.0.0/jsr305-3.0.0.jar:/home/user/.m2/repository/org/apache/htrace/htrace-core4/4.1.0-incubating/htrace-core4-4.1.0-incubating.jar:/home/user/.m2/repository/org/apache/zookeeper/zookeeper/3.4.13/zookeeper-3.4.13.jar:/home/user/.m2/repository/org/apache/yetus/audience-annotations/0.5.0/audience-annotations-0.5.0.jar:/home/user/.m2/repository/org/apache/kerby/kerb-simplekdc/1.0.1/kerb-simplekdc-1.0.1.jar:/home/user/.m2/repository/org/apache/kerby/kerb-client/1.0.1/kerb-client-1.0.1.jar:/home/user/.m2/repository/org/apache/kerby/kerby-config/1.0.1/kerby-config-1.0.1.jar:/home/user/.m2/repository/org/apache/kerby/kerb-core/1.0.1/kerb-core-1.0.1.jar:/home/user/.m2/repository/org/apache/kerby/kerby-pkix/1.0.1/kerby-pkix-1.0.1.jar:/home/user/.m2/repository/org/apache/kerby/kerby-asn1/1.0.1/kerby-asn1-1.0.1.jar:/home/user/.m2/repository/org/apache/kerby/kerby-util/1.0.1/kerby-util-1.0.1.jar:/home/user/.m2/repository/org/apache/kerby/kerb-common/1.0.1/kerb-common-1.0.1.jar:/home/user/.m2/repository/org/apache/kerby/kerb-crypto/1.0.1/kerb-crypto-1.0.1.jar:/home/user/.m2/repository/org/apache/kerby/kerb-util/1.0.1/kerb-util-1.0.1.jar:/home/user/.m2/repository/org/apache/kerby/token-provider/1.0.1/token-provider-1.0.1.jar:/home/user/.m2/repository/org/apache/kerby/kerb-admin/1.0.1/kerb-admin-1.0.1.jar:/home/user/.m2/repository/org/apache/kerby/kerb-server/1.0.1/kerb-server-1.0.1.jar:/home/user/.m2/repository/org/apache/kerby/kerb-identity/1.0.1/kerb-identity-1.0.1.jar:/home/user/.m2/repository/org/apache/kerby/kerby-xdr/1.0.1/kerby-xdr-1.0.1.jar:/home/user/.m2/repository/com/fasterxml/jackson/core/jackson-databind/2.9.5/jackson-databind-2.9.5.jar:/home/user/.m2/repository/com/fasterxml/jackson/core/jackson-core/2.9.5/jackson-core-2.9.5.jar:/home/user/.m2/repository/org/codehaus/woodstox/stax2-api/3.1.4/stax2-api-3.1.4.jar:/home/user/.m2/repository/com/fasterxml/woodstox/woodstox-core/5.0.3/woodstox-core-5.0.3.jar:/home/user/.m2/repository/dnsjava/dnsjava/2.1.7/dnsjava-2.1.7.jar:/home/user/.m2/repository/org/apache/hadoop/hadoop-hdfs/3.2.0/hadoop-hdfs-3.2.0.jar:/home/user/.m2/repository/org/eclipse/jetty/jetty-util-ajax/9.3.24.v20180605/jetty-util-ajax-9.3.24.v20180605.jar:/home/user/.m2/repository/commons-daemon/commons-daemon/1.0.13/commons-daemon-1.0.13.jar:/home/user/.m2/repository/io/netty/netty/3.10.5.Final/netty-3.10.5.Final.jar:/home/user/.m2/repository/io/netty/netty-all/4.0.52.Final/netty-all-4.0.52.Final.jar:/home/user/.m2/repository/org/fusesource/leveldbjni/leveldbjni-all/1.8/leveldbjni-all-1.8.jar:/home/user/.m2/repository/com/sun/xml/bind/jaxb-core/2.3.0.1/jaxb-core-2.3.0.1.jar:/home/user/.m2/repository/javax/xml/bind/jaxb-api/2.3.0/jaxb-api-2.3.0.jar:/home/user/.m2/repository/javax/activation/activation/1.1.1/activation-1.1.1.jar:/home/user/.m2/repository/io/dropwizard/metrics/metrics-core/3.2.4/metrics-core-3.2.4.jar:/home/user/.m2/repository/org/openjdk/jmh/jmh-core/1.19/jmh-core-1.19.jar:/home/user/.m2/repository/net/sf/jopt-simple/jopt-simple/4.6/jopt-simple-4.6.jar:/home/user/.m2/repository/org/openjdk/jmh/jmh-generator-annprocess/1.19/jmh-generator-annprocess-1.19.jar:/home/user/.m2/repository/com/google/code/findbugs/findbugs/3.0.1/findbugs-3.0.1.jar:/home/user/.m2/repository/net/jcip/jcip-annotations/1.0/jcip-annotations-1.0.jar:/home/user/.m2/repository/com/google/code/findbugs/bcel-findbugs/6.0/bcel-findbugs-6.0.jar:/home/user/.m2/repository/com/google/code/findbugs/jFormatString/2.0.1/jFormatString-2.0.1.jar:/home/user/.m2/repository/dom4j/dom4j/1.6.1/dom4j-1.6.1.jar:/home/user/.m2/repository/xml-apis/xml-apis/1.0.b2/xml-apis-1.0.b2.jar:/home/user/.m2/repository/org/ow2/asm/asm-debug-all/5.0.2/asm-debug-all-5.0.2.jar:/home/user/.m2/repository/org/ow2/asm/asm-commons/5.0.2/asm-commons-5.0.2.jar:/home/user/.m2/repository/org/ow2/asm/asm-tree/5.0.2/asm-tree-5.0.2.jar:/home/user/.m2/repository/org/ow2/asm/asm/5.0.4/asm-5.0.4.jar:/home/user/.m2/repository/commons-lang/commons-lang/2.6/commons-lang-2.6.jar:/home/user/.m2/repository/com/apple/AppleJavaExtensions/1.4/AppleJavaExtensions-1.4.jar:/home/user/.m2/repository/jaxen/jaxen/1.1.6/jaxen-1.1.6.jar:/home/user/.m2/repository/junit/junit/4.11/junit-4.11.jar:/home/user/.m2/repository/org/hamcrest/hamcrest-core/1.3/hamcrest-core-1.3.jar:/home/user/.m2/repository/org/apache/hadoop/hadoop-common/3.2.0/hadoop-common-3.2.0-tests.jar:/workdir/hadoop-ozone/integration-test/target/test-classes:/home/user/.m2/repository/org/apache/hadoop/hadoop-ozone-objectstore-service/0.5.0-SNAPSHOT/hadoop-ozone-objectstore-service-0.5.0-SNAPSHOT.jar:/home/user/.m2/repository/org/apache/hadoop/hadoop-ozone-s3gateway/0.5.0-SNAPSHOT/hadoop-ozone-s3gateway-0.5.0-SNAPSHOT.jar:/home/user/.m2/repository/org/jboss/weld/servlet/weld-servlet/2.4.7.Final/weld-servlet-2.4.7.Final.jar:/home/user/.m2/repository/org/glassfish/jersey/containers/jersey-container-servlet-core/2.27/jersey-container-servlet-core-2.27.jar:/home/user/.m2/repository/org/glassfish/hk2/external/javax.inject/2.5.0-b42/javax.inject-2.5.0-b42.jar:/home/user/.m2/repository/org/glassfish/jersey/core/jersey-common/2.27/jersey-common-2.27.jar:/home/user/.m2/repository/org/glassfish/hk2/osgi-resource-locator/1.0.1/osgi-resource-locator-1.0.1.jar:/home/user/.m2/repository/javax/ws/rs/javax.ws.rs-api/2.1/javax.ws.rs-api-2.1.jar:/home/user/.m2/repository/org/glassfish/jersey/ext/cdi/jersey-cdi1x/2.27/jersey-cdi1x-2.27.jar:/home/user/.m2/repository/org/glassfish/jersey/inject/jersey-hk2/2.27/jersey-hk2-2.27.jar:/home/user/.m2/repository/org/glassfish/hk2/hk2-locator/2.5.0-b42/hk2-locator-2.5.0-b42.jar:/home/user/.m2/repository/org/javassist/javassist/3.22.0-CR2/javassist-3.22.0-CR2.jar:/home/user/.m2/repository/org/glassfish/hk2/hk2-api/2.5.0/hk2-api-2.5.0.jar:/home/user/.m2/repository/org/glassfish/hk2/external/jakarta.inject/2.5.0/jakarta.inject-2.5.0.jar:/home/user/.m2/repository/org/glassfish/hk2/hk2-utils/2.5.0/hk2-utils-2.5.0.jar:/home/user/.m2/repository/jakarta/annotation/jakarta.annotation-api/1.3.4/jakarta.annotation-api-1.3.4.jar:/home/user/.m2/repository/org/glassfish/hk2/external/aopalliance-repackaged/2.5.0/aopalliance-repackaged-2.5.0.jar:/home/user/.m2/repository/com/fasterxml/jackson/dataformat/jackson-dataformat-xml/2.9.0/jackson-dataformat-xml-2.9.0.jar:/home/user/.m2/repository/com/fasterxml/jackson/module/jackson-module-jaxb-annotations/2.9.5/jackson-module-jaxb-annotations-2.9.5.jar:/home/user/.m2/repository/javax/enterprise/cdi-api/1.2/cdi-api-1.2.jar:/home/user/.m2/repository/javax/el/javax.el-api/3.0.0/javax.el-api-3.0.0.jar:/home/user/.m2/repository/javax/interceptor/javax.interceptor-api/1.2/javax.interceptor-api-1.2.jar:/home/user/.m2/repository/javax/inject/javax.inject/1/javax.inject-1.jar:/home/user/.m2/repository/org/apache/hadoop/hadoop-ozone-csi/0.5.0-SNAPSHOT/hadoop-ozone-csi-0.5.0-SNAPSHOT.jar:/home/user/.m2/repository/com/google/protobuf/protobuf-java-util/3.5.1/protobuf-java-util-3.5.1.jar:/home/user/.m2/repository/io/grpc/grpc-netty/1.17.1/grpc-netty-1.17.1.jar:/home/user/.m2/repository/io/grpc/grpc-core/1.17.1/grpc-core-1.17.1.jar:/home/user/.m2/repository/io/grpc/grpc-context/1.17.1/grpc-context-1.17.1.jar:/home/user/.m2/repository/com/google/errorprone/error_prone_annotations/2.2.0/error_prone_annotations-2.2.0.jar:/home/user/.m2/repository/org/codehaus/mojo/animal-sniffer-annotations/1.17/animal-sniffer-annotations-1.17.jar:/home/user/.m2/repository/io/opencensus/opencensus-api/0.17.0/opencensus-api-0.17.0.jar:/home/user/.m2/repository/io/opencensus/opencensus-contrib-grpc-metrics/0.17.0/opencensus-contrib-grpc-metrics-0.17.0.jar:/home/user/.m2/repository/io/netty/netty-codec-http2/4.1.30.Final/netty-codec-http2-4.1.30.Final.jar:/home/user/.m2/repository/io/netty/netty-codec-http/4.1.30.Final/netty-codec-http-4.1.30.Final.jar:/home/user/.m2/repository/io/netty/netty-codec/4.1.30.Final/netty-codec-4.1.30.Final.jar:/home/user/.m2/repository/io/netty/netty-handler/4.1.30.Final/netty-handler-4.1.30.Final.jar:/home/user/.m2/repository/io/netty/netty-handler-proxy/4.1.30.Final/netty-handler-proxy-4.1.30.Final.jar:/home/user/.m2/repository/io/netty/netty-codec-socks/4.1.30.Final/netty-codec-socks-4.1.30.Final.jar:/home/user/.m2/repository/io/netty/netty-transport-native-epoll/4.1.30.Final/netty-transport-native-epoll-4.1.30.Final.jar:/home/user/.m2/repository/io/netty/netty-common/4.1.30.Final/netty-common-4.1.30.Final.jar:/home/user/.m2/repository/io/netty/netty-buffer/4.1.30.Final/netty-buffer-4.1.30.Final.jar:/home/user/.m2/repository/io/netty/netty-transport/4.1.30.Final/netty-transport-4.1.30.Final.jar:/home/user/.m2/repository/io/netty/netty-resolver/4.1.30.Final/netty-resolver-4.1.30.Final.jar:/home/user/.m2/repository/io/netty/netty-transport-native-unix-common/4.1.30.Final/netty-transport-native-unix-common-4.1.30.Final.jar:/home/user/.m2/repository/io/grpc/grpc-protobuf/1.17.1/grpc-protobuf-1.17.1.jar:/home/user/.m2/repository/com/google/api/grpc/proto-google-common-protos/1.0.0/proto-google-common-protos-1.0.0.jar:/home/user/.m2/repository/io/grpc/grpc-protobuf-lite/1.17.1/grpc-protobuf-lite-1.17.1.jar:/home/user/.m2/repository/io/grpc/grpc-stub/1.17.1/grpc-stub-1.17.1.jar:/home/user/.m2/repository/org/apache/hadoop/hadoop-ozone-recon/0.5.0-SNAPSHOT/hadoop-ozone-recon-0.5.0-SNAPSHOT.jar:/home/user/.m2/repository/org/apache/hadoop/hadoop-ozone-reconcodegen/0.5.0-SNAPSHOT/hadoop-ozone-reconcodegen-0.5.0-SNAPSHOT.jar:/home/user/.m2/repository/com/google/inject/extensions/guice-multibindings/4.0/guice-multibindings-4.0.jar:/home/user/.m2/repository/com/google/inject/guice/4.0/guice-4.0.jar:/home/user/.m2/repository/aopalliance/aopalliance/1.0/aopalliance-1.0.jar:/home/user/.m2/repository/com/google/inject/extensions/guice-servlet/4.0/guice-servlet-4.0.jar:/home/user/.m2/repository/org/glassfish/jersey/containers/jersey-container-servlet/2.27/jersey-container-servlet-2.27.jar:/home/user/.m2/repository/org/glassfish/hk2/guice-bridge/2.5.0/guice-bridge-2.5.0.jar:/home/user/.m2/repository/org/glassfish/jersey/core/jersey-server/2.27/jersey-server-2.27.jar:/home/user/.m2/repository/org/glassfish/jersey/core/jersey-client/2.27/jersey-client-2.27.jar:/home/user/.m2/repository/org/glassfish/jersey/media/jersey-media-jaxb/2.27/jersey-media-jaxb-2.27.jar:/home/user/.m2/repository/javax/validation/validation-api/1.1.0.Final/validation-api-1.1.0.Final.jar:/home/user/.m2/repository/org/glassfish/jersey/media/jersey-media-json-jackson/2.27/jersey-media-json-jackson-2.27.jar:/home/user/.m2/repository/org/glassfish/jersey/ext/jersey-entity-filtering/2.27/jersey-entity-filtering-2.27.jar:/home/user/.m2/repository/com/google/inject/extensions/guice-assistedinject/4.0/guice-assistedinject-4.0.jar:/home/user/.m2/repository/org/jooq/jooq/3.11.10/jooq-3.11.10.jar:/home/user/.m2/repository/org/jooq/jooq-meta/3.11.10/jooq-meta-3.11.10.jar:/home/user/.m2/repository/org/jooq/jooq-codegen/3.11.10/jooq-codegen-3.11.10.jar:/home/user/.m2/repository/com/jolbox/bonecp/0.8.0.RELEASE/bonecp-0.8.0.RELEASE.jar:/home/user/.m2/repository/org/springframework/spring-jdbc/5.1.3.RELEASE/spring-jdbc-5.1.3.RELEASE.jar:/home/user/.m2/repository/org/springframework/spring-beans/5.1.3.RELEASE/spring-beans-5.1.3.RELEASE.jar:/home/user/.m2/repository/org/springframework/spring-core/5.1.3.RELEASE/spring-core-5.1.3.RELEASE.jar:/home/user/.m2/repository/org/springframework/spring-jcl/5.1.3.RELEASE/spring-jcl-5.1.3.RELEASE.jar:/home/user/.m2/repository/org/springframework/spring-tx/5.1.3.RELEASE/spring-tx-5.1.3.RELEASE.jar:/home/user/.m2/repository/org/mockito/mockito-core/2.15.0/mockito-core-2.15.0.jar:/home/user/.m2/repository/net/bytebuddy/byte-buddy/1.7.9/byte-buddy-1.7.9.jar:/home/user/.m2/repository/net/bytebuddy/byte-buddy-agent/1.7.9/byte-buddy-agent-1.7.9.jar:/home/user/.m2/repository/org/objenesis/objenesis/1.0/objenesis-1.0.jar:"/>
    <property name="sun.cpu.endian" value="little"/>
    <property name="user.home" value="/home/user"/>
    <property name="user.language" value="en"/>
    <property name="java.specification.vendor" value="Oracle Corporation"/>
    <property name="java.home" value="/usr/lib/jvm/java-1.8-openjdk/jre"/>
    <property name="java.security.krb5.conf" value="/workdir/hadoop-ozone/tools/target/test-classes/krb5.conf"/>
    <property name="basedir" value="/workdir/hadoop-ozone/tools"/>
    <property name="file.separator" value="/"/>
    <property name="line.separator" value="&#10;"/>
    <property name="java.vm.specification.vendor" value="Oracle Corporation"/>
    <property name="java.specification.name" value="Java Platform API Specification"/>
    <property name="java.awt.graphicsenv" value="sun.awt.X11GraphicsEnvironment"/>
    <property name="surefire.real.class.path" value="/workdir/hadoop-ozone/tools/target/surefire/surefirebooter1271791626349830070.jar"/>
    <property name="hadoop.log.dir" value="/workdir/hadoop-ozone/tools/target/log"/>
    <property name="sun.boot.class.path" value="/usr/lib/jvm/java-1.8-openjdk/jre/lib/resources.jar:/usr/lib/jvm/java-1.8-openjdk/jre/lib/rt.jar:/usr/lib/jvm/java-1.8-openjdk/jre/lib/sunrsasign.jar:/usr/lib/jvm/java-1.8-openjdk/jre/lib/jsse.jar:/usr/lib/jvm/java-1.8-openjdk/jre/lib/jce.jar:/usr/lib/jvm/java-1.8-openjdk/jre/lib/charsets.jar:/usr/lib/jvm/java-1.8-openjdk/jre/lib/jfr.jar:/usr/lib/jvm/java-1.8-openjdk/jre/classes"/>
    <property name="sun.management.compiler" value="HotSpot 64-Bit Tiered Compilers"/>
    <property name="java.runtime.version" value="1.8.0_212-b04"/>
    <property name="java.net.preferIPv4Stack" value="true"/>
    <property name="user.name" value="jenkins1000"/>
    <property name="path.separator" value=":"/>
    <property name="java.security.egd" value="file:///dev/urandom"/>
    <property name="os.version" value="3.10.0-957.12.2.el7.x86_64"/>
    <property name="java.endorsed.dirs" value="/usr/lib/jvm/java-1.8-openjdk/jre/lib/endorsed"/>
    <property name="java.runtime.name" value="OpenJDK Runtime Environment"/>
    <property name="file.encoding" value="UTF-8"/>
    <property name="java.vm.name" value="OpenJDK 64-Bit Server VM"/>
    <property name="test.build.webapps" value=""/>
    <property name="localRepository" value="/home/user/.m2/repository"/>
    <property name="java.vendor.url.bug" value="https://icedtea.classpath.org/bugzilla"/>
    <property name="java.io.tmpdir" value="/tmp"/>
    <property name="require.test.libhadoop" value=""/>
    <property name="java.version" value="1.8.0_212"/>
    <property name="user.dir" value="/workdir/hadoop-ozone/tools"/>
    <property name="os.arch" value="amd64"/>
    <property name="java.vm.specification.name" value="Java Virtual Machine Specification"/>
    <property name="test.build.classes" value="/workdir/hadoop-ozone/tools/target/test-classes"/>
    <property name="java.awt.printerjob" value="sun.print.PSPrinterJob"/>
    <property name="sun.os.patch.level" value="unknown"/>
    <property name="hadoop.tmp.dir" value="/workdir/hadoop-ozone/tools/target/tmp"/>
    <property name="java.library.path" value="/usr/lib/jvm/java-1.8-openjdk/jre/lib/amd64/server:/usr/lib/jvm/java-1.8-openjdk/jre/lib/amd64:/usr/lib/jvm/java-1.8-openjdk/jre/../lib/amd64:/workdir/hadoop-ozone/tools/target/native/target/usr/local/lib:/workdir/hadoop-ozone/tools/../../hadoop-common-project/hadoop-common/target/native/target/usr/local/lib:/usr/java/packages/lib/amd64:/usr/lib64:/lib64:/lib:/usr/lib"/>
    <property name="java.vm.info" value="mixed mode"/>
    <property name="java.vendor" value="IcedTea"/>
    <property name="java.vm.version" value="25.212-b04"/>
    <property name="java.ext.dirs" value="/usr/lib/jvm/java-1.8-openjdk/jre/lib/ext:/usr/java/packages/lib/ext"/>
    <property name="sun.io.unicode.encoding" value="UnicodeLittle"/>
    <property name="java.class.version" value="52.0"/>
  </properties>
  <testcase name="ratisTest3" classname="org.apache.hadoop.ozone.freon.TestRandomKeyGenerator" time="10.253"/>
  <testcase name="testThreadPoolSize" classname="org.apache.hadoop.ozone.freon.TestRandomKeyGenerator" time="5.04"/>
  <testcase name="defaultTest" classname="org.apache.hadoop.ozone.freon.TestRandomKeyGenerator" time="5.042"/>
  <testcase name="bigFileThan2GB" classname="org.apache.hadoop.ozone.freon.TestRandomKeyGenerator" time="82.209">
    <error message="Allocated 0 blocks. Requested 1 blocks" type="INTERNAL_ERROR org.apache.hadoop.ozone.om.exceptions.OMException">INTERNAL_ERROR org.apache.hadoop.ozone.om.exceptions.OMException: Allocated 0 blocks. Requested 1 blocks
	at org.apache.hadoop.ozone.om.protocolPB.OzoneManagerProtocolClientSideTranslatorPB.handleError(OzoneManagerProtocolClientSideTranslatorPB.java:725)
	at org.apache.hadoop.ozone.om.protocolPB.OzoneManagerProtocolClientSideTranslatorPB.allocateBlock(OzoneManagerProtocolClientSideTranslatorPB.java:757)
	at org.apache.hadoop.ozone.client.io.BlockOutputStreamEntryPool.allocateNewBlock(BlockOutputStreamEntryPool.java:248)
	at org.apache.hadoop.ozone.client.io.BlockOutputStreamEntryPool.allocateBlockIfNeeded(BlockOutputStreamEntryPool.java:296)
	at org.apache.hadoop.ozone.client.io.KeyOutputStream.handleWrite(KeyOutputStream.java:201)
	at org.apache.hadoop.ozone.client.io.KeyOutputStream.write(KeyOutputStream.java:193)
	at org.apache.hadoop.ozone.client.io.OzoneOutputStream.write(OzoneOutputStream.java:49)
	at org.apache.hadoop.ozone.freon.RandomKeyGenerator.createKey(RandomKeyGenerator.java:699)
	at org.apache.hadoop.ozone.freon.RandomKeyGenerator.access$1100(RandomKeyGenerator.java:87)
	at org.apache.hadoop.ozone.freon.RandomKeyGenerator$ObjectCreator.run(RandomKeyGenerator.java:606)
	at java.util.concurrent.Executors$RunnableAdapter.call(Executors.java:511)
	at java.util.concurrent.FutureTask.run(FutureTask.java:266)
	at java.util.concurrent.ThreadPoolExecutor.runWorker(ThreadPoolExecutor.java:1149)
	at java.util.concurrent.ThreadPoolExecutor$Worker.run(ThreadPoolExecutor.java:624)
	at java.lang.Thread.run(Thread.java:748)
</error>
    <system-out><![CDATA[2019-08-20 22:34:03,996 | INFO  | SCMAudit | user=jenkins1000 | ip=192.168.5.142 | op=SEND_HEARTBEAT {datanodeUUID=c447b9b6-dde2-4ce7-aa81-d0e2eddc8fe9, command=[]} | ret=SUCCESS |  
2019-08-20 22:34:03,998 | INFO  | SCMAudit | user=jenkins1000 | ip=192.168.5.142 | op=SEND_HEARTBEAT {datanodeUUID=28b540ac-241d-462a-a56c-509e92928066, command=[]} | ret=SUCCESS |  
2019-08-20 22:34:04,434 | INFO  | SCMAudit | user=jenkins1000 | ip=192.168.5.142 | op=SEND_HEARTBEAT {datanodeUUID=d55cd342-4e6c-4701-86f3-cb557f3478dc, command=[]} | ret=SUCCESS |  
2019-08-20 22:34:04,689 | INFO  | SCMAudit | user=jenkins1000 | ip=192.168.5.142 | op=SEND_HEARTBEAT {datanodeUUID=eafd9314-3f13-422a-a2ac-adfcde2d7481, command=[]} | ret=SUCCESS |  
2019-08-20 22:34:04,960 | INFO  | SCMAudit | user=jenkins1000 | ip=192.168.5.142 | op=SEND_HEARTBEAT {datanodeUUID=947ec526-030f-41cc-8af7-a6f75e712ab0, command=[]} | ret=SUCCESS |  
2019-08-20 22:34:04,996 | INFO  | SCMAudit | user=jenkins1000 | ip=192.168.5.142 | op=SEND_HEARTBEAT {datanodeUUID=c447b9b6-dde2-4ce7-aa81-d0e2eddc8fe9, command=[]} | ret=SUCCESS |  
2019-08-20 22:34:04,999 | INFO  | SCMAudit | user=jenkins1000 | ip=192.168.5.142 | op=SEND_HEARTBEAT {datanodeUUID=28b540ac-241d-462a-a56c-509e92928066, command=[]} | ret=SUCCESS |  
2019-08-20 22:34:05,433 | INFO  | SCMAudit | user=jenkins1000 | ip=192.168.5.142 | op=SEND_HEARTBEAT {datanodeUUID=d55cd342-4e6c-4701-86f3-cb557f3478dc, command=[]} | ret=SUCCESS |  
2019-08-20 22:34:05,689 | INFO  | SCMAudit | user=jenkins1000 | ip=192.168.5.142 | op=SEND_HEARTBEAT {datanodeUUID=eafd9314-3f13-422a-a2ac-adfcde2d7481, command=[]} | ret=SUCCESS |  
2019-08-20 22:34:05,960 | INFO  | SCMAudit | user=jenkins1000 | ip=192.168.5.142 | op=SEND_HEARTBEAT {datanodeUUID=947ec526-030f-41cc-8af7-a6f75e712ab0, command=[]} | ret=SUCCESS |  
2019-08-20 22:34:05,996 | INFO  | SCMAudit | user=jenkins1000 | ip=192.168.5.142 | op=SEND_HEARTBEAT {datanodeUUID=c447b9b6-dde2-4ce7-aa81-d0e2eddc8fe9, command=[]} | ret=SUCCESS |  
2019-08-20 22:34:05,999 | INFO  | SCMAudit | user=jenkins1000 | ip=192.168.5.142 | op=SEND_HEARTBEAT {datanodeUUID=28b540ac-241d-462a-a56c-509e92928066, command=[]} | ret=SUCCESS |  
2019-08-20 22:34:06,434 | INFO  | SCMAudit | user=jenkins1000 | ip=192.168.5.142 | op=SEND_HEARTBEAT {datanodeUUID=d55cd342-4e6c-4701-86f3-cb557f3478dc, command=[]} | ret=SUCCESS |  
2019-08-20 22:34:06,689 | INFO  | SCMAudit | user=jenkins1000 | ip=192.168.5.142 | op=SEND_HEARTBEAT {datanodeUUID=eafd9314-3f13-422a-a2ac-adfcde2d7481, command=[]} | ret=SUCCESS |  
2019-08-20 22:34:06,961 | INFO  | SCMAudit | user=jenkins1000 | ip=192.168.5.142 | op=SEND_HEARTBEAT {datanodeUUID=947ec526-030f-41cc-8af7-a6f75e712ab0, command=[]} | ret=SUCCESS |  
2019-08-20 22:34:06,996 | INFO  | SCMAudit | user=jenkins1000 | ip=192.168.5.142 | op=SEND_HEARTBEAT {datanodeUUID=c447b9b6-dde2-4ce7-aa81-d0e2eddc8fe9, command=[]} | ret=SUCCESS |  
2019-08-20 22:34:06,999 | INFO  | SCMAudit | user=jenkins1000 | ip=192.168.5.142 | op=SEND_HEARTBEAT {datanodeUUID=28b540ac-241d-462a-a56c-509e92928066, command=[]} | ret=SUCCESS |  
2019-08-20 22:34:07,434 | INFO  | SCMAudit | user=jenkins1000 | ip=192.168.5.142 | op=SEND_HEARTBEAT {datanodeUUID=d55cd342-4e6c-4701-86f3-cb557f3478dc, command=[]} | ret=SUCCESS |  
2019-08-20 22:34:07,688 | INFO  | SCMAudit | user=jenkins1000 | ip=192.168.5.142 | op=SEND_HEARTBEAT {datanodeUUID=eafd9314-3f13-422a-a2ac-adfcde2d7481, command=[]} | ret=SUCCESS |  
2019-08-20 22:34:07,960 | INFO  | SCMAudit | user=jenkins1000 | ip=192.168.5.142 | op=SEND_HEARTBEAT {datanodeUUID=947ec526-030f-41cc-8af7-a6f75e712ab0, command=[]} | ret=SUCCESS |  
2019-08-20 22:34:07,997 | INFO  | SCMAudit | user=jenkins1000 | ip=192.168.5.142 | op=SEND_HEARTBEAT {datanodeUUID=c447b9b6-dde2-4ce7-aa81-d0e2eddc8fe9, command=[]} | ret=SUCCESS |  
2019-08-20 22:34:07,999 | INFO  | SCMAudit | user=jenkins1000 | ip=192.168.5.142 | op=SEND_HEARTBEAT {datanodeUUID=28b540ac-241d-462a-a56c-509e92928066, command=[]} | ret=SUCCESS |  
2019-08-20 22:34:08,434 | INFO  | SCMAudit | user=jenkins1000 | ip=192.168.5.142 | op=SEND_HEARTBEAT {datanodeUUID=d55cd342-4e6c-4701-86f3-cb557f3478dc, command=[]} | ret=SUCCESS |  
2019-08-20 22:34:08,688 | INFO  | SCMAudit | user=jenkins1000 | ip=192.168.5.142 | op=SEND_HEARTBEAT {datanodeUUID=eafd9314-3f13-422a-a2ac-adfcde2d7481, command=[]} | ret=SUCCESS |  
2019-08-20 22:34:08,960 | INFO  | SCMAudit | user=jenkins1000 | ip=192.168.5.142 | op=SEND_HEARTBEAT {datanodeUUID=947ec526-030f-41cc-8af7-a6f75e712ab0, command=[]} | ret=SUCCESS |  
2019-08-20 22:34:08,996 | INFO  | SCMAudit | user=jenkins1000 | ip=192.168.5.142 | op=SEND_HEARTBEAT {datanodeUUID=c447b9b6-dde2-4ce7-aa81-d0e2eddc8fe9, command=[]} | ret=SUCCESS |  
2019-08-20 22:34:08,999 | INFO  | SCMAudit | user=jenkins1000 | ip=192.168.5.142 | op=SEND_HEARTBEAT {datanodeUUID=28b540ac-241d-462a-a56c-509e92928066, command=[]} | ret=SUCCESS |  
2019-08-20 22:34:09,435 | INFO  | SCMAudit | user=jenkins1000 | ip=192.168.5.142 | op=SEND_HEARTBEAT {datanodeUUID=d55cd342-4e6c-4701-86f3-cb557f3478dc, command=[]} | ret=SUCCESS |  
2019-08-20 22:34:09,689 | INFO  | SCMAudit | user=jenkins1000 | ip=192.168.5.142 | op=SEND_HEARTBEAT {datanodeUUID=eafd9314-3f13-422a-a2ac-adfcde2d7481, command=[]} | ret=SUCCESS |  
2019-08-20 22:34:09,960 | INFO  | SCMAudit | user=jenkins1000 | ip=192.168.5.142 | op=SEND_HEARTBEAT {datanodeUUID=947ec526-030f-41cc-8af7-a6f75e712ab0, command=[]} | ret=SUCCESS |  
2019-08-20 22:34:09,997 | INFO  | SCMAudit | user=jenkins1000 | ip=192.168.5.142 | op=SEND_HEARTBEAT {datanodeUUID=c447b9b6-dde2-4ce7-aa81-d0e2eddc8fe9, command=[]} | ret=SUCCESS |  
2019-08-20 22:34:10,000 | INFO  | SCMAudit | user=jenkins1000 | ip=192.168.5.142 | op=SEND_HEARTBEAT {datanodeUUID=28b540ac-241d-462a-a56c-509e92928066, command=[]} | ret=SUCCESS |  
2019-08-20 22:34:10,437 | INFO  | SCMAudit | user=jenkins1000 | ip=192.168.5.142 | op=SEND_HEARTBEAT {datanodeUUID=d55cd342-4e6c-4701-86f3-cb557f3478dc, command=[]} | ret=SUCCESS |  
2019-08-20 22:34:10,689 | INFO  | SCMAudit | user=jenkins1000 | ip=192.168.5.142 | op=SEND_HEARTBEAT {datanodeUUID=eafd9314-3f13-422a-a2ac-adfcde2d7481, command=[]} | ret=SUCCESS |  
2019-08-20 22:34:10,961 | INFO  | SCMAudit | user=jenkins1000 | ip=192.168.5.142 | op=SEND_HEARTBEAT {datanodeUUID=947ec526-030f-41cc-8af7-a6f75e712ab0, command=[]} | ret=SUCCESS |  
2019-08-20 22:34:10,997 | INFO  | SCMAudit | user=jenkins1000 | ip=192.168.5.142 | op=SEND_HEARTBEAT {datanodeUUID=c447b9b6-dde2-4ce7-aa81-d0e2eddc8fe9, command=[]} | ret=SUCCESS |  
2019-08-20 22:34:11,000 | INFO  | SCMAudit | user=jenkins1000 | ip=192.168.5.142 | op=SEND_HEARTBEAT {datanodeUUID=28b540ac-241d-462a-a56c-509e92928066, command=[]} | ret=SUCCESS |  
2019-08-20 22:34:11,109 [main] INFO  freon.RandomKeyGenerator (RandomKeyGenerator.java:call(275)) - Number of Threads: 1
2019-08-20 22:34:11,110 [main] INFO  freon.RandomKeyGenerator (RandomKeyGenerator.java:call(280)) - Number of Volumes: 1.
2019-08-20 22:34:11,110 [main] INFO  freon.RandomKeyGenerator (RandomKeyGenerator.java:call(281)) - Number of Buckets per Volume: 1.
2019-08-20 22:34:11,110 [main] INFO  freon.RandomKeyGenerator (RandomKeyGenerator.java:call(282)) - Number of Keys per Bucket: 1.
2019-08-20 22:34:11,110 [main] INFO  freon.RandomKeyGenerator (RandomKeyGenerator.java:call(283)) - Key size: 2147483657 bytes
2019-08-20 22:34:11,110 [main] INFO  freon.RandomKeyGenerator (RandomKeyGenerator.java:call(284)) - Buffer size: 4096 bytes
2019-08-20 22:34:11,112 [main] INFO  freon.RandomKeyGenerator (RandomKeyGenerator.java:call(298)) - Data validation is enabled.
2019-08-20 22:34:11,112 [main] INFO  freon.RandomKeyGenerator (RandomKeyGenerator.java:call(304)) - Starting progress bar Thread.

 0.00% |█                                                                                                    |  0/1 Time: 0:00:002019-08-20 22:34:11,114 [pool-282-thread-1] INFO  rpc.RpcClient (RpcClient.java:createVolume(292)) - Creating Volume: vol-0-80747, with jenkins1000 as owner.
2019-08-20 22:34:11,121 | INFO  | OMAudit | user=jenkins1000 | ip=127.0.0.1 | op=CREATE_VOLUME {admin=jenkins1000, owner=jenkins1000, volume=vol-0-80747, creationTime=1566340451121, quotaInBytes=1152921504606846976} | ret=SUCCESS |  
2019-08-20 22:34:11,124 | INFO  | OMAudit | user=jenkins1000 | ip=127.0.0.1 | op=READ_VOLUME {volume=vol-0-80747} | ret=SUCCESS |  
2019-08-20 22:34:11,125 [pool-282-thread-1] INFO  rpc.RpcClient (RpcClient.java:createBucket(431)) - Creating Bucket: vol-0-80747/bucket-0-27686, with Versioning false and Storage Type set to DISK and Encryption set to false 
2019-08-20 22:34:11,128 | INFO  | OMAudit | user=jenkins1000 | ip=127.0.0.1 | op=CREATE_BUCKET {volume=vol-0-80747, bucket=bucket-0-27686, acls=[user:jenkins1000:a[ACCESS], group:default:a[ACCESS]], isVersionEnabled=false, storageType=DISK, creationTime=0} | ret=SUCCESS |  
2019-08-20 22:34:11,130 | INFO  | OMAudit | user=jenkins1000 | ip=127.0.0.1 | op=READ_BUCKET {volume=vol-0-80747, bucket=bucket-0-27686} | ret=SUCCESS |  
2019-08-20 22:34:11,150 | INFO  | SCMAudit | user=jenkins1000 | ip=192.168.5.142 | op=ALLOCATE_BLOCK {owner=6f694d07-2a2f-44d9-8e1c-aaa094a2f647, size=4194304, type=RATIS, factor=THREE} | ret=SUCCESS |  
2019-08-20 22:34:11,164 | INFO  | OMAudit | user=jenkins1000 | ip=127.0.0.1 | op=ALLOCATE_KEY {volume=vol-0-80747, bucket=bucket-0-27686, key=key-0-47435, dataSize=2147483657, replicationType=RATIS, replicationFactor=THREE, keyLocationInfo=null} | ret=SUCCESS |  
2019-08-20 22:34:11,217 [grpc-default-executor-1] INFO  client.GrpcClientProtocolClient (GrpcClientProtocolClient.java:onNext(255)) - client-391BA870FC40->c447b9b6-dde2-4ce7-aa81-d0e2eddc8fe9: receive RaftClientReply:client-391BA870FC40->c447b9b6-dde2-4ce7-aa81-d0e2eddc8fe9@group-5D45C35602B2, cid=600, FAILED org.apache.ratis.protocol.NotLeaderException: Server c447b9b6-dde2-4ce7-aa81-d0e2eddc8fe9 is not the leader (947ec526-030f-41cc-8af7-a6f75e712ab0:192.168.5.142:44998). Request must be sent to leader., logIndex=0, commits[c447b9b6-dde2-4ce7-aa81-d0e2eddc8fe9:c732, 28b540ac-241d-462a-a56c-509e92928066:c732, 947ec526-030f-41cc-8af7-a6f75e712ab0:c732]
2019-08-20 22:34:11,249 | INFO  | DNAudit | user=null | ip=null | op=WRITE_CHUNK {blockData=conID: 3 locID: 102651687805911443 bcsId: 0} | ret=SUCCESS |  
2019-08-20 22:34:11,255 | INFO  | DNAudit | user=null | ip=null | op=WRITE_CHUNK {blockData=conID: 3 locID: 102651687805911443 bcsId: 0} | ret=SUCCESS |  
2019-08-20 22:34:11,258 | INFO  | DNAudit | user=null | ip=null | op=WRITE_CHUNK {blockData=conID: 3 locID: 102651687805911443 bcsId: 0} | ret=SUCCESS |  
2019-08-20 22:34:11,264 | INFO  | DNAudit | user=null | ip=null | op=WRITE_CHUNK {blockData=conID: 3 locID: 102651687805911443 bcsId: 0} | ret=SUCCESS |  
2019-08-20 22:34:11,268 [grpc-default-executor-5] INFO  client.GrpcClientProtocolClient (GrpcClientProtocolClient.java:onNext(255)) - client-391BA870FC40->947ec526-030f-41cc-8af7-a6f75e712ab0: receive RaftClientReply:client-391BA870FC40->947ec526-030f-41cc-8af7-a6f75e712ab0@group-5D45C35602B2, cid=600, SUCCESS, logIndex=733, commits[947ec526-030f-41cc-8af7-a6f75e712ab0:c733, c447b9b6-dde2-4ce7-aa81-d0e2eddc8fe9:c732, 28b540ac-241d-462a-a56c-509e92928066:c732]
2019-08-20 22:34:11,274 | INFO  | DNAudit | user=null | ip=null | op=WRITE_CHUNK {blockData=conID: 3 locID: 102651687805911443 bcsId: 0} | ret=SUCCESS |  
2019-08-20 22:34:11,274 | INFO  | DNAudit | user=null | ip=null | op=WRITE_CHUNK {blockData=conID: 3 locID: 102651687805911443 bcsId: 0} | ret=SUCCESS |  
2019-08-20 22:34:11,283 | INFO  | DNAudit | user=null | ip=null | op=WRITE_CHUNK {blockData=conID: 3 locID: 102651687805911443 bcsId: 0} | ret=SUCCESS |  
2019-08-20 22:34:11,286 | INFO  | DNAudit | user=null | ip=null | op=PUT_BLOCK {blockData=[blockId=conID: 3 locID: 102651687805911443 bcsId: 0,size=1048576]} | ret=SUCCESS |  
2019-08-20 22:34:11,292 | INFO  | DNAudit | user=null | ip=null | op=WRITE_CHUNK {blockData=conID: 3 locID: 102651687805911443 bcsId: 0} | ret=SUCCESS |  
2019-08-20 22:34:11,292 | INFO  | DNAudit | user=null | ip=null | op=WRITE_CHUNK {blockData=conID: 3 locID: 102651687805911443 bcsId: 0} | ret=SUCCESS |  
2019-08-20 22:34:11,290 [grpc-default-executor-1] INFO  client.GrpcClientProtocolClient (GrpcClientProtocolClient.java:onNext(255)) - client-391BA870FC40->947ec526-030f-41cc-8af7-a6f75e712ab0: receive RaftClientReply:client-391BA870FC40->947ec526-030f-41cc-8af7-a6f75e712ab0@group-5D45C35602B2, cid=601, SUCCESS, logIndex=735, commits[947ec526-030f-41cc-8af7-a6f75e712ab0:c735, c447b9b6-dde2-4ce7-aa81-d0e2eddc8fe9:c733, 28b540ac-241d-462a-a56c-509e92928066:c733]
2019-08-20 22:34:11,297 | INFO  | DNAudit | user=null | ip=null | op=PUT_BLOCK {blockData=[blockId=conID: 3 locID: 102651687805911443 bcsId: 0,size=1048576]} | ret=SUCCESS |  
2019-08-20 22:34:11,297 | INFO  | DNAudit | user=null | ip=null | op=PUT_BLOCK {blockData=[blockId=conID: 3 locID: 102651687805911443 bcsId: 0,size=1048576]} | ret=SUCCESS |  
2019-08-20 22:34:11,298 | INFO  | DNAudit | user=null | ip=null | op=WRITE_CHUNK {blockData=conID: 3 locID: 102651687805911443 bcsId: 0} | ret=SUCCESS |  
2019-08-20 22:34:11,299 | INFO  | DNAudit | user=null | ip=null | op=PUT_BLOCK {blockData=[blockId=conID: 3 locID: 102651687805911443 bcsId: 0,size=2097152]} | ret=SUCCESS |  
2019-08-20 22:34:11,300 [grpc-default-executor-1] INFO  client.GrpcClientProtocolClient (GrpcClientProtocolClient.java:onNext(255)) - client-391BA870FC40->947ec526-030f-41cc-8af7-a6f75e712ab0: receive RaftClientReply:client-391BA870FC40->947ec526-030f-41cc-8af7-a6f75e712ab0@group-5D45C35602B2, cid=602, SUCCESS, logIndex=736, commits[947ec526-030f-41cc-8af7-a6f75e712ab0:c738, c447b9b6-dde2-4ce7-aa81-d0e2eddc8fe9:c735, 28b540ac-241d-462a-a56c-509e92928066:c733]
2019-08-20 22:34:11,301 [grpc-default-executor-1] INFO  client.GrpcClientProtocolClient (GrpcClientProtocolClient.java:onNext(255)) - client-391BA870FC40->947ec526-030f-41cc-8af7-a6f75e712ab0: receive RaftClientReply:client-391BA870FC40->947ec526-030f-41cc-8af7-a6f75e712ab0@group-5D45C35602B2, cid=603, SUCCESS, logIndex=737, commits[947ec526-030f-41cc-8af7-a6f75e712ab0:c738, c447b9b6-dde2-4ce7-aa81-d0e2eddc8fe9:c735, 28b540ac-241d-462a-a56c-509e92928066:c735]
2019-08-20 22:34:11,309 | INFO  | DNAudit | user=null | ip=null | op=WRITE_CHUNK {blockData=conID: 3 locID: 102651687805911443 bcsId: 0} | ret=SUCCESS |  
2019-08-20 22:34:11,309 | INFO  | DNAudit | user=null | ip=null | op=WRITE_CHUNK {blockData=conID: 3 locID: 102651687805911443 bcsId: 0} | ret=SUCCESS |  
2019-08-20 22:34:11,319 | INFO  | DNAudit | user=null | ip=null | op=PUT_BLOCK {blockData=[blockId=conID: 3 locID: 102651687805911443 bcsId: 0,size=2097152]} | ret=SUCCESS |  
2019-08-20 22:34:11,320 | INFO  | DNAudit | user=null | ip=null | op=PUT_BLOCK {blockData=[blockId=conID: 3 locID: 102651687805911443 bcsId: 0,size=2097152]} | ret=SUCCESS |  
2019-08-20 22:34:11,321 | INFO  | DNAudit | user=null | ip=null | op=WRITE_CHUNK {blockData=conID: 3 locID: 102651687805911443 bcsId: 737} | ret=SUCCESS |  
2019-08-20 22:34:11,327 | INFO  | DNAudit | user=null | ip=null | op=WRITE_CHUNK {blockData=conID: 3 locID: 102651687805911443 bcsId: 737} | ret=SUCCESS |  
2019-08-20 22:34:11,330 | INFO  | DNAudit | user=null | ip=null | op=WRITE_CHUNK {blockData=conID: 3 locID: 102651687805911443 bcsId: 737} | ret=SUCCESS |  
2019-08-20 22:34:11,339 | INFO  | DNAudit | user=null | ip=null | op=WRITE_CHUNK {blockData=conID: 3 locID: 102651687805911443 bcsId: 737} | ret=SUCCESS |  
2019-08-20 22:34:11,340 | INFO  | DNAudit | user=null | ip=null | op=PUT_BLOCK {blockData=[blockId=conID: 3 locID: 102651687805911443 bcsId: 0,size=3145728]} | ret=SUCCESS |  
2019-08-20 22:34:11,343 [grpc-default-executor-5] INFO  client.GrpcClientProtocolClient (GrpcClientProtocolClient.java:onNext(255)) - client-391BA870FC40->947ec526-030f-41cc-8af7-a6f75e712ab0: receive RaftClientReply:client-391BA870FC40->947ec526-030f-41cc-8af7-a6f75e712ab0@group-5D45C35602B2, cid=604, SUCCESS, logIndex=741, commits[947ec526-030f-41cc-8af7-a6f75e712ab0:c742, c447b9b6-dde2-4ce7-aa81-d0e2eddc8fe9:c739, 28b540ac-241d-462a-a56c-509e92928066:c739]
2019-08-20 22:34:11,344 [grpc-default-executor-5] INFO  client.GrpcClientProtocolClient (GrpcClientProtocolClient.java:onNext(255)) - client-391BA870FC40->947ec526-030f-41cc-8af7-a6f75e712ab0: receive RaftClientReply:client-391BA870FC40->947ec526-030f-41cc-8af7-a6f75e712ab0@group-5D45C35602B2, cid=605, SUCCESS, logIndex=742, commits[947ec526-030f-41cc-8af7-a6f75e712ab0:c742, c447b9b6-dde2-4ce7-aa81-d0e2eddc8fe9:c739, 28b540ac-241d-462a-a56c-509e92928066:c739]
2019-08-20 22:34:11,350 | INFO  | DNAudit | user=null | ip=null | op=WRITE_CHUNK {blockData=conID: 3 locID: 102651687805911443 bcsId: 737} | ret=SUCCESS |  
2019-08-20 22:34:11,351 | INFO  | DNAudit | user=null | ip=null | op=WRITE_CHUNK {blockData=conID: 3 locID: 102651687805911443 bcsId: 737} | ret=SUCCESS |  
2019-08-20 22:34:11,361 | INFO  | DNAudit | user=null | ip=null | op=PUT_BLOCK {blockData=[blockId=conID: 3 locID: 102651687805911443 bcsId: 0,size=3145728]} | ret=SUCCESS |  
2019-08-20 22:34:11,361 | INFO  | DNAudit | user=null | ip=null | op=WRITE_CHUNK {blockData=conID: 3 locID: 102651687805911443 bcsId: 742} | ret=SUCCESS |  
2019-08-20 22:34:11,361 | INFO  | DNAudit | user=null | ip=null | op=PUT_BLOCK {blockData=[blockId=conID: 3 locID: 102651687805911443 bcsId: 0,size=3145728]} | ret=SUCCESS |  
2019-08-20 22:34:11,366 | INFO  | DNAudit | user=null | ip=null | op=WRITE_CHUNK {blockData=conID: 3 locID: 102651687805911443 bcsId: 742} | ret=SUCCESS |  
2019-08-20 22:34:11,371 | INFO  | DNAudit | user=null | ip=null | op=WRITE_CHUNK {blockData=conID: 3 locID: 102651687805911443 bcsId: 742} | ret=SUCCESS |  
2019-08-20 22:34:11,373 | INFO  | DNAudit | user=null | ip=null | op=WRITE_CHUNK {blockData=conID: 3 locID: 102651687805911443 bcsId: 742} | ret=SUCCESS |  
2019-08-20 22:34:11,374 | INFO  | DNAudit | user=null | ip=null | op=PUT_BLOCK {blockData=[blockId=conID: 3 locID: 102651687805911443 bcsId: 0,size=4194304]} | ret=SUCCESS |  
2019-08-20 22:34:11,377 [grpc-default-executor-5] INFO  client.GrpcClientProtocolClient (GrpcClientProtocolClient.java:onNext(255)) - client-391BA870FC40->947ec526-030f-41cc-8af7-a6f75e712ab0: receive RaftClientReply:client-391BA870FC40->947ec526-030f-41cc-8af7-a6f75e712ab0@group-5D45C35602B2, cid=606, SUCCESS, logIndex=745, commits[947ec526-030f-41cc-8af7-a6f75e712ab0:c746, c447b9b6-dde2-4ce7-aa81-d0e2eddc8fe9:c742, 28b540ac-241d-462a-a56c-509e92928066:c743]
2019-08-20 22:34:11,378 [grpc-default-executor-5] INFO  client.GrpcClientProtocolClient (GrpcClientProtocolClient.java:onNext(255)) - client-391BA870FC40->947ec526-030f-41cc-8af7-a6f75e712ab0: receive RaftClientReply:client-391BA870FC40->947ec526-030f-41cc-8af7-a6f75e712ab0@group-5D45C35602B2, cid=607, SUCCESS, logIndex=746, commits[947ec526-030f-41cc-8af7-a6f75e712ab0:c746, c447b9b6-dde2-4ce7-aa81-d0e2eddc8fe9:c743, 28b540ac-241d-462a-a56c-509e92928066:c743]
2019-08-20 22:34:11,383 | INFO  | DNAudit | user=null | ip=null | op=WRITE_CHUNK {blockData=conID: 3 locID: 102651687805911443 bcsId: 742} | ret=SUCCESS |  
2019-08-20 22:34:11,384 | INFO  | DNAudit | user=null | ip=null | op=WRITE_CHUNK {blockData=conID: 3 locID: 102651687805911443 bcsId: 742} | ret=SUCCESS |  
2019-08-20 22:34:11,384 | INFO  | DNAudit | user=null | ip=null | op=PUT_BLOCK {blockData=[blockId=conID: 3 locID: 102651687805911443 bcsId: 0,size=4194304]} | ret=SUCCESS |  
2019-08-20 22:34:11,385 | INFO  | DNAudit | user=null | ip=null | op=PUT_BLOCK {blockData=[blockId=conID: 3 locID: 102651687805911443 bcsId: 0,size=4194304]} | ret=SUCCESS |  
2019-08-20 22:34:11,390 [grpc-default-executor-5] INFO  client.GrpcClientProtocolClient (GrpcClientProtocolClient.java:onNext(255)) - client-391BA870FC40->947ec526-030f-41cc-8af7-a6f75e712ab0: receive RaftClientReply:client-391BA870FC40->947ec526-030f-41cc-8af7-a6f75e712ab0@group-5D45C35602B2, cid=608, SUCCESS, logIndex=0, commits[947ec526-030f-41cc-8af7-a6f75e712ab0:c747, c447b9b6-dde2-4ce7-aa81-d0e2eddc8fe9:c746, 28b540ac-241d-462a-a56c-509e92928066:c746]
2019-08-20 22:34:11,406 | INFO  | DNAudit | user=null | ip=null | op=WRITE_CHUNK {blockData=conID: 1 locID: 102651687805911444 bcsId: 0} | ret=SUCCESS |  
2019-08-20 22:34:11,412 | INFO  | DNAudit | user=null | ip=null | op=WRITE_CHUNK {blockData=conID: 1 locID: 102651687805911444 bcsId: 0} | ret=SUCCESS |  
2019-08-20 22:34:11,414 | INFO  | DNAudit | user=null | ip=null | op=WRITE_CHUNK {blockData=conID: 1 locID: 102651687805911444 bcsId: 0} | ret=SUCCESS |  
2019-08-20 22:34:11,415 | INFO  | DNAudit | user=null | ip=null | op=WRITE_CHUNK {blockData=conID: 1 locID: 102651687805911444 bcsId: 0} | ret=SUCCESS |  
2019-08-20 22:34:11,419 | INFO  | DNAudit | user=null | ip=null | op=WRITE_CHUNK {blockData=conID: 1 locID: 102651687805911444 bcsId: 0} | ret=SUCCESS |  
2019-08-20 22:34:11,419 | INFO  | DNAudit | user=null | ip=null | op=PUT_BLOCK {blockData=[blockId=conID: 1 locID: 102651687805911444 bcsId: 0,size=1048576]} | ret=SUCCESS |  
2019-08-20 22:34:11,422 | INFO  | DNAudit | user=null | ip=null | op=WRITE_CHUNK {blockData=conID: 1 locID: 102651687805911444 bcsId: 0} | ret=SUCCESS |  
2019-08-20 22:34:11,422 [grpc-default-executor-1] INFO  client.GrpcClientProtocolClient (GrpcClientProtocolClient.java:onNext(255)) - client-391BA870FC40->947ec526-030f-41cc-8af7-a6f75e712ab0: receive RaftClientReply:client-391BA870FC40->947ec526-030f-41cc-8af7-a6f75e712ab0@group-5D45C35602B2, cid=609, SUCCESS, logIndex=749, commits[947ec526-030f-41cc-8af7-a6f75e712ab0:c750, c447b9b6-dde2-4ce7-aa81-d0e2eddc8fe9:c748, 28b540ac-241d-462a-a56c-509e92928066:c746]
2019-08-20 22:34:11,423 | INFO  | DNAudit | user=null | ip=null | op=WRITE_CHUNK {blockData=conID: 1 locID: 102651687805911444 bcsId: 0} | ret=SUCCESS |  
2019-08-20 22:34:11,424 [grpc-default-executor-1] INFO  client.GrpcClientProtocolClient (GrpcClientProtocolClient.java:onNext(255)) - client-391BA870FC40->947ec526-030f-41cc-8af7-a6f75e712ab0: receive RaftClientReply:client-391BA870FC40->947ec526-030f-41cc-8af7-a6f75e712ab0@group-5D45C35602B2, cid=610, SUCCESS, logIndex=750, commits[947ec526-030f-41cc-8af7-a6f75e712ab0:c750, c447b9b6-dde2-4ce7-aa81-d0e2eddc8fe9:c748, 28b540ac-241d-462a-a56c-509e92928066:c748]
2019-08-20 22:34:11,431 | INFO  | DNAudit | user=null | ip=null | op=WRITE_CHUNK {blockData=conID: 1 locID: 102651687805911444 bcsId: 0} | ret=SUCCESS |  
2019-08-20 22:34:11,431 | INFO  | DNAudit | user=null | ip=null | op=WRITE_CHUNK {blockData=conID: 1 locID: 102651687805911444 bcsId: 0} | ret=SUCCESS |  
2019-08-20 22:34:11,432 | INFO  | DNAudit | user=null | ip=null | op=PUT_BLOCK {blockData=[blockId=conID: 1 locID: 102651687805911444 bcsId: 0,size=1048576]} | ret=SUCCESS |  
2019-08-20 22:34:11,432 | INFO  | DNAudit | user=null | ip=null | op=PUT_BLOCK {blockData=[blockId=conID: 1 locID: 102651687805911444 bcsId: 0,size=1048576]} | ret=SUCCESS |  
2019-08-20 22:34:11,432 | INFO  | DNAudit | user=null | ip=null | op=WRITE_CHUNK {blockData=conID: 1 locID: 102651687805911444 bcsId: 0} | ret=SUCCESS |  
2019-08-20 22:34:11,433 | INFO  | DNAudit | user=null | ip=null | op=PUT_BLOCK {blockData=[blockId=conID: 1 locID: 102651687805911444 bcsId: 0,size=2097152]} | ret=SUCCESS |  
2019-08-20 22:34:11,433 [grpc-default-executor-5] INFO  client.GrpcClientProtocolClient (GrpcClientProtocolClient.java:onNext(255)) - client-391BA870FC40->947ec526-030f-41cc-8af7-a6f75e712ab0: receive RaftClientReply:client-391BA870FC40->947ec526-030f-41cc-8af7-a6f75e712ab0@group-5D45C35602B2, cid=611, SUCCESS, logIndex=751, commits[947ec526-030f-41cc-8af7-a6f75e712ab0:c754, c447b9b6-dde2-4ce7-aa81-d0e2eddc8fe9:c750, 28b540ac-241d-462a-a56c-509e92928066:c750]
2019-08-20 22:34:11,434 | INFO  | SCMAudit | user=jenkins1000 | ip=192.168.5.142 | op=SEND_HEARTBEAT {datanodeUUID=d55cd342-4e6c-4701-86f3-cb557f3478dc, command=[]} | ret=SUCCESS |  
2019-08-20 22:34:11,434 | INFO  | DNAudit | user=null | ip=null | op=WRITE_CHUNK {blockData=conID: 1 locID: 102651687805911444 bcsId: 0} | ret=SUCCESS |  
2019-08-20 22:34:11,434 [grpc-default-executor-5] INFO  client.GrpcClientProtocolClient (GrpcClientProtocolClient.java:onNext(255)) - client-391BA870FC40->947ec526-030f-41cc-8af7-a6f75e712ab0: receive RaftClientReply:client-391BA870FC40->947ec526-030f-41cc-8af7-a6f75e712ab0@group-5D45C35602B2, cid=612, SUCCESS, logIndex=752, commits[947ec526-030f-41cc-8af7-a6f75e712ab0:c754, c447b9b6-dde2-4ce7-aa81-d0e2eddc8fe9:c750, 28b540ac-241d-462a-a56c-509e92928066:c750]
2019-08-20 22:34:11,436 | INFO  | DNAudit | user=null | ip=null | op=WRITE_CHUNK {blockData=conID: 1 locID: 102651687805911444 bcsId: 0} | ret=SUCCESS |  
2019-08-20 22:34:11,438 | INFO  | DNAudit | user=null | ip=null | op=PUT_BLOCK {blockData=[blockId=conID: 1 locID: 102651687805911444 bcsId: 0,size=2097152]} | ret=SUCCESS |  
2019-08-20 22:34:11,438 | INFO  | DNAudit | user=null | ip=null | op=PUT_BLOCK {blockData=[blockId=conID: 1 locID: 102651687805911444 bcsId: 0,size=2097152]} | ret=SUCCESS |  
2019-08-20 22:34:11,452 | INFO  | DNAudit | user=null | ip=null | op=WRITE_CHUNK {blockData=conID: 1 locID: 102651687805911444 bcsId: 752} | ret=SUCCESS |  
2019-08-20 22:34:11,457 | INFO  | DNAudit | user=null | ip=null | op=WRITE_CHUNK {blockData=conID: 1 locID: 102651687805911444 bcsId: 752} | ret=SUCCESS |  
2019-08-20 22:34:11,458 | INFO  | DNAudit | user=null | ip=null | op=WRITE_CHUNK {blockData=conID: 1 locID: 102651687805911444 bcsId: 752} | ret=SUCCESS |  
2019-08-20 22:34:11,464 | INFO  | DNAudit | user=null | ip=null | op=WRITE_CHUNK {blockData=conID: 1 locID: 102651687805911444 bcsId: 752} | ret=SUCCESS |  
2019-08-20 22:34:11,465 | INFO  | DNAudit | user=null | ip=null | op=PUT_BLOCK {blockData=[blockId=conID: 1 locID: 102651687805911444 bcsId: 0,size=3145728]} | ret=SUCCESS |  
2019-08-20 22:34:11,465 [grpc-default-executor-1] INFO  client.GrpcClientProtocolClient (GrpcClientProtocolClient.java:onNext(255)) - client-391BA870FC40->947ec526-030f-41cc-8af7-a6f75e712ab0: receive RaftClientReply:client-391BA870FC40->947ec526-030f-41cc-8af7-a6f75e712ab0@group-5D45C35602B2, cid=613, SUCCESS, logIndex=757, commits[947ec526-030f-41cc-8af7-a6f75e712ab0:c758, c447b9b6-dde2-4ce7-aa81-d0e2eddc8fe9:c756, 28b540ac-241d-462a-a56c-509e92928066:c756]
2019-08-20 22:34:11,466 [grpc-default-executor-1] INFO  client.GrpcClientProtocolClient (GrpcClientProtocolClient.java:onNext(255)) - client-391BA870FC40->947ec526-030f-41cc-8af7-a6f75e712ab0: receive RaftClientReply:client-391BA870FC40->947ec526-030f-41cc-8af7-a6f75e712ab0@group-5D45C35602B2, cid=614, SUCCESS, logIndex=758, commits[947ec526-030f-41cc-8af7-a6f75e712ab0:c758, c447b9b6-dde2-4ce7-aa81-d0e2eddc8fe9:c756, 28b540ac-241d-462a-a56c-509e92928066:c756]
2019-08-20 22:34:11,474 | INFO  | DNAudit | user=null | ip=null | op=WRITE_CHUNK {blockData=conID: 1 locID: 102651687805911444 bcsId: 752} | ret=SUCCESS |  
2019-08-20 22:34:11,474 | INFO  | DNAudit | user=null | ip=null | op=WRITE_CHUNK {blockData=conID: 1 locID: 102651687805911444 bcsId: 752} | ret=SUCCESS |  
2019-08-20 22:34:11,475 | INFO  | DNAudit | user=null | ip=null | op=PUT_BLOCK {blockData=[blockId=conID: 1 locID: 102651687805911444 bcsId: 0,size=3145728]} | ret=SUCCESS |  
2019-08-20 22:34:11,475 | INFO  | DNAudit | user=null | ip=null | op=PUT_BLOCK {blockData=[blockId=conID: 1 locID: 102651687805911444 bcsId: 0,size=3145728]} | ret=SUCCESS |  
2019-08-20 22:34:11,480 | INFO  | DNAudit | user=null | ip=null | op=WRITE_CHUNK {blockData=conID: 1 locID: 102651687805911444 bcsId: 758} | ret=SUCCESS |  
2019-08-20 22:34:11,486 | INFO  | DNAudit | user=null | ip=null | op=WRITE_CHUNK {blockData=conID: 1 locID: 102651687805911444 bcsId: 758} | ret=SUCCESS |  
2019-08-20 22:34:11,486 | INFO  | DNAudit | user=null | ip=null | op=WRITE_CHUNK {blockData=conID: 1 locID: 102651687805911444 bcsId: 758} | ret=SUCCESS |  
2019-08-20 22:34:11,498 | INFO  | DNAudit | user=null | ip=null | op=WRITE_CHUNK {blockData=conID: 1 locID: 102651687805911444 bcsId: 758} | ret=SUCCESS |  
2019-08-20 22:34:11,499 | INFO  | DNAudit | user=null | ip=null | op=PUT_BLOCK {blockData=[blockId=conID: 1 locID: 102651687805911444 bcsId: 0,size=4194304]} | ret=SUCCESS |  
2019-08-20 22:34:11,499 [grpc-default-executor-5] INFO  client.GrpcClientProtocolClient (GrpcClientProtocolClient.java:onNext(255)) - client-391BA870FC40->947ec526-030f-41cc-8af7-a6f75e712ab0: receive RaftClientReply:client-391BA870FC40->947ec526-030f-41cc-8af7-a6f75e712ab0@group-5D45C35602B2, cid=615, SUCCESS, logIndex=761, commits[947ec526-030f-41cc-8af7-a6f75e712ab0:c762, c447b9b6-dde2-4ce7-aa81-d0e2eddc8fe9:c759, 28b540ac-241d-462a-a56c-509e92928066:c759]
2019-08-20 22:34:11,500 [grpc-default-executor-5] INFO  client.GrpcClientProtocolClient (GrpcClientProtocolClient.java:onNext(255)) - client-391BA870FC40->947ec526-030f-41cc-8af7-a6f75e712ab0: receive RaftClientReply:client-391BA870FC40->947ec526-030f-41cc-8af7-a6f75e712ab0@group-5D45C35602B2, cid=616, SUCCESS, logIndex=762, commits[947ec526-030f-41cc-8af7-a6f75e712ab0:c762, c447b9b6-dde2-4ce7-aa81-d0e2eddc8fe9:c759, 28b540ac-241d-462a-a56c-509e92928066:c759]
2019-08-20 22:34:11,508 | INFO  | DNAudit | user=null | ip=null | op=WRITE_CHUNK {blockData=conID: 1 locID: 102651687805911444 bcsId: 758} | ret=SUCCESS |  
2019-08-20 22:34:11,508 | INFO  | DNAudit | user=null | ip=null | op=WRITE_CHUNK {blockData=conID: 1 locID: 102651687805911444 bcsId: 758} | ret=SUCCESS |  
2019-08-20 22:34:11,508 | INFO  | DNAudit | user=null | ip=null | op=PUT_BLOCK {blockData=[blockId=conID: 1 locID: 102651687805911444 bcsId: 0,size=4194304]} | ret=SUCCESS |  
2019-08-20 22:34:11,509 | INFO  | DNAudit | user=null | ip=null | op=PUT_BLOCK {blockData=[blockId=conID: 1 locID: 102651687805911444 bcsId: 0,size=4194304]} | ret=SUCCESS |  
2019-08-20 22:34:11,510 [grpc-default-executor-5] INFO  client.GrpcClientProtocolClient (GrpcClientProtocolClient.java:onNext(255)) - client-391BA870FC40->947ec526-030f-41cc-8af7-a6f75e712ab0: receive RaftClientReply:client-391BA870FC40->947ec526-030f-41cc-8af7-a6f75e712ab0@group-5D45C35602B2, cid=617, SUCCESS, logIndex=0, commits[947ec526-030f-41cc-8af7-a6f75e712ab0:c763, c447b9b6-dde2-4ce7-aa81-d0e2eddc8fe9:c762, 28b540ac-241d-462a-a56c-509e92928066:c762]
2019-08-20 22:34:11,523 | INFO  | DNAudit | user=null | ip=null | op=WRITE_CHUNK {blockData=conID: 2 locID: 102651687805911445 bcsId: 0} | ret=SUCCESS |  
2019-08-20 22:34:11,526 | INFO  | DNAudit | user=null | ip=null | op=WRITE_CHUNK {blockData=conID: 2 locID: 102651687805911445 bcsId: 0} | ret=SUCCESS |  
2019-08-20 22:34:11,529 | INFO  | DNAudit | user=null | ip=null | op=WRITE_CHUNK {blockData=conID: 2 locID: 102651687805911445 bcsId: 0} | ret=SUCCESS |  
2019-08-20 22:34:11,531 | INFO  | DNAudit | user=null | ip=null | op=WRITE_CHUNK {blockData=conID: 2 locID: 102651687805911445 bcsId: 0} | ret=SUCCESS |  
2019-08-20 22:34:11,533 | INFO  | DNAudit | user=null | ip=null | op=WRITE_CHUNK {blockData=conID: 2 locID: 102651687805911445 bcsId: 0} | ret=SUCCESS |  
2019-08-20 22:34:11,534 | INFO  | DNAudit | user=null | ip=null | op=WRITE_CHUNK {blockData=conID: 2 locID: 102651687805911445 bcsId: 0} | ret=SUCCESS |  
2019-08-20 22:34:11,535 | INFO  | DNAudit | user=null | ip=null | op=WRITE_CHUNK {blockData=conID: 2 locID: 102651687805911445 bcsId: 0} | ret=SUCCESS |  
2019-08-20 22:34:11,535 | INFO  | DNAudit | user=null | ip=null | op=PUT_BLOCK {blockData=[blockId=conID: 2 locID: 102651687805911445 bcsId: 0,size=1048576]} | ret=SUCCESS |  
2019-08-20 22:34:11,536 | INFO  | DNAudit | user=null | ip=null | op=WRITE_CHUNK {blockData=conID: 2 locID: 102651687805911445 bcsId: 0} | ret=SUCCESS |  
2019-08-20 22:34:11,537 | INFO  | DNAudit | user=null | ip=null | op=PUT_BLOCK {blockData=[blockId=conID: 2 locID: 102651687805911445 bcsId: 0,size=2097152]} | ret=SUCCESS |  
2019-08-20 22:34:11,537 | INFO  | DNAudit | user=null | ip=null | op=WRITE_CHUNK {blockData=conID: 2 locID: 102651687805911445 bcsId: 0} | ret=SUCCESS |  
2019-08-20 22:34:11,537 [grpc-default-executor-1] INFO  client.GrpcClientProtocolClient (GrpcClientProtocolClient.java:onNext(255)) - client-391BA870FC40->947ec526-030f-41cc-8af7-a6f75e712ab0: receive RaftClientReply:client-391BA870FC40->947ec526-030f-41cc-8af7-a6f75e712ab0@group-5D45C35602B2, cid=618, SUCCESS, logIndex=765, commits[947ec526-030f-41cc-8af7-a6f75e712ab0:c766, c447b9b6-dde2-4ce7-aa81-d0e2eddc8fe9:c764, 28b540ac-241d-462a-a56c-509e92928066:c762]
2019-08-20 22:34:11,538 | INFO  | DNAudit | user=null | ip=null | op=WRITE_CHUNK {blockData=conID: 2 locID: 102651687805911445 bcsId: 0} | ret=SUCCESS |  
2019-08-20 22:34:11,539 | INFO  | DNAudit | user=null | ip=null | op=PUT_BLOCK {blockData=[blockId=conID: 2 locID: 102651687805911445 bcsId: 0,size=1048576]} | ret=SUCCESS |  
2019-08-20 22:34:11,539 [grpc-default-executor-1] INFO  client.GrpcClientProtocolClient (GrpcClientProtocolClient.java:onNext(255)) - client-391BA870FC40->947ec526-030f-41cc-8af7-a6f75e712ab0: receive RaftClientReply:client-391BA870FC40->947ec526-030f-41cc-8af7-a6f75e712ab0@group-5D45C35602B2, cid=619, SUCCESS, logIndex=766, commits[947ec526-030f-41cc-8af7-a6f75e712ab0:c766, c447b9b6-dde2-4ce7-aa81-d0e2eddc8fe9:c764, 28b540ac-241d-462a-a56c-509e92928066:c764]
2019-08-20 22:34:11,539 [grpc-default-executor-1] INFO  client.GrpcClientProtocolClient (GrpcClientProtocolClient.java:onNext(255)) - client-391BA870FC40->947ec526-030f-41cc-8af7-a6f75e712ab0: receive RaftClientReply:client-391BA870FC40->947ec526-030f-41cc-8af7-a6f75e712ab0@group-5D45C35602B2, cid=620, SUCCESS, logIndex=767, commits[947ec526-030f-41cc-8af7-a6f75e712ab0:c768, c447b9b6-dde2-4ce7-aa81-d0e2eddc8fe9:c764, 28b540ac-241d-462a-a56c-509e92928066:c764]
2019-08-20 22:34:11,540 | INFO  | DNAudit | user=null | ip=null | op=PUT_BLOCK {blockData=[blockId=conID: 2 locID: 102651687805911445 bcsId: 0,size=1048576]} | ret=SUCCESS |  
2019-08-20 22:34:11,540 [grpc-default-executor-1] INFO  client.GrpcClientProtocolClient (GrpcClientProtocolClient.java:onNext(255)) - client-391BA870FC40->947ec526-030f-41cc-8af7-a6f75e712ab0: receive RaftClientReply:client-391BA870FC40->947ec526-030f-41cc-8af7-a6f75e712ab0@group-5D45C35602B2, cid=621, SUCCESS, logIndex=768, commits[947ec526-030f-41cc-8af7-a6f75e712ab0:c768, c447b9b6-dde2-4ce7-aa81-d0e2eddc8fe9:c764, 28b540ac-241d-462a-a56c-509e92928066:c764]
2019-08-20 22:34:11,541 | INFO  | DNAudit | user=null | ip=null | op=WRITE_CHUNK {blockData=conID: 2 locID: 102651687805911445 bcsId: 0} | ret=SUCCESS |  
2019-08-20 22:34:11,542 | INFO  | DNAudit | user=null | ip=null | op=PUT_BLOCK {blockData=[blockId=conID: 2 locID: 102651687805911445 bcsId: 0,size=2097152]} | ret=SUCCESS |  
2019-08-20 22:34:11,542 | INFO  | DNAudit | user=null | ip=null | op=WRITE_CHUNK {blockData=conID: 2 locID: 102651687805911445 bcsId: 0} | ret=SUCCESS |  
2019-08-20 22:34:11,543 | INFO  | DNAudit | user=null | ip=null | op=PUT_BLOCK {blockData=[blockId=conID: 2 locID: 102651687805911445 bcsId: 0,size=2097152]} | ret=SUCCESS |  
2019-08-20 22:34:11,543 [grpc-default-executor-3] INFO  client.GrpcClientProtocolClient (GrpcClientProtocolClient.java:onNext(255)) - client-391BA870FC40->947ec526-030f-41cc-8af7-a6f75e712ab0: receive RaftClientReply:client-391BA870FC40->947ec526-030f-41cc-8af7-a6f75e712ab0@group-5D45C35602B2, cid=622, SUCCESS, logIndex=0, commits[947ec526-030f-41cc-8af7-a6f75e712ab0:c770, c447b9b6-dde2-4ce7-aa81-d0e2eddc8fe9:c766, 28b540ac-241d-462a-a56c-509e92928066:c768]
2019-08-20 22:34:11,556 | INFO  | DNAudit | user=null | ip=null | op=WRITE_CHUNK {blockData=conID: 2 locID: 102651687805911445 bcsId: 768} | ret=SUCCESS |  
2019-08-20 22:34:11,561 | INFO  | DNAudit | user=null | ip=null | op=WRITE_CHUNK {blockData=conID: 2 locID: 102651687805911445 bcsId: 768} | ret=SUCCESS |  
2019-08-20 22:34:11,562 | INFO  | DNAudit | user=null | ip=null | op=WRITE_CHUNK {blockData=conID: 2 locID: 102651687805911445 bcsId: 768} | ret=SUCCESS |  
2019-08-20 22:34:11,567 | INFO  | DNAudit | user=null | ip=null | op=WRITE_CHUNK {blockData=conID: 2 locID: 102651687805911445 bcsId: 768} | ret=SUCCESS |  
2019-08-20 22:34:11,568 | INFO  | DNAudit | user=null | ip=null | op=PUT_BLOCK {blockData=[blockId=conID: 2 locID: 102651687805911445 bcsId: 0,size=3145728]} | ret=SUCCESS |  
2019-08-20 22:34:11,568 [grpc-default-executor-5] INFO  client.GrpcClientProtocolClient (GrpcClientProtocolClient.java:onNext(255)) - client-391BA870FC40->947ec526-030f-41cc-8af7-a6f75e712ab0: receive RaftClientReply:client-391BA870FC40->947ec526-030f-41cc-8af7-a6f75e712ab0@group-5D45C35602B2, cid=623, SUCCESS, logIndex=772, commits[947ec526-030f-41cc-8af7-a6f75e712ab0:c773, c447b9b6-dde2-4ce7-aa81-d0e2eddc8fe9:c771, 28b540ac-241d-462a-a56c-509e92928066:c771]
2019-08-20 22:34:11,569 [grpc-default-executor-5] INFO  client.GrpcClientProtocolClient (GrpcClientProtocolClient.java:onNext(255)) - client-391BA870FC40->947ec526-030f-41cc-8af7-a6f75e712ab0: receive RaftClientReply:client-391BA870FC40->947ec526-030f-41cc-8af7-a6f75e712ab0@group-5D45C35602B2, cid=624, SUCCESS, logIndex=773, commits[947ec526-030f-41cc-8af7-a6f75e712ab0:c773, c447b9b6-dde2-4ce7-aa81-d0e2eddc8fe9:c771, 28b540ac-241d-462a-a56c-509e92928066:c771]
2019-08-20 22:34:11,579 | INFO  | DNAudit | user=null | ip=null | op=WRITE_CHUNK {blockData=conID: 2 locID: 102651687805911445 bcsId: 768} | ret=SUCCESS |  
2019-08-20 22:34:11,579 | INFO  | DNAudit | user=null | ip=null | op=WRITE_CHUNK {blockData=conID: 2 locID: 102651687805911445 bcsId: 768} | ret=SUCCESS |  
2019-08-20 22:34:11,580 | INFO  | DNAudit | user=null | ip=null | op=PUT_BLOCK {blockData=[blockId=conID: 2 locID: 102651687805911445 bcsId: 0,size=3145728]} | ret=SUCCESS |  
2019-08-20 22:34:11,581 | INFO  | DNAudit | user=null | ip=null | op=PUT_BLOCK {blockData=[blockId=conID: 2 locID: 102651687805911445 bcsId: 0,size=3145728]} | ret=SUCCESS |  
2019-08-20 22:34:11,581 | INFO  | DNAudit | user=null | ip=null | op=WRITE_CHUNK {blockData=conID: 2 locID: 102651687805911445 bcsId: 773} | ret=SUCCESS |  
2019-08-20 22:34:11,587 | INFO  | DNAudit | user=null | ip=null | op=WRITE_CHUNK {blockData=conID: 2 locID: 102651687805911445 bcsId: 773} | ret=SUCCESS |  
2019-08-20 22:34:11,587 | INFO  | DNAudit | user=null | ip=null | op=WRITE_CHUNK {blockData=conID: 2 locID: 102651687805911445 bcsId: 773} | ret=SUCCESS |  
2019-08-20 22:34:11,595 | INFO  | DNAudit | user=null | ip=null | op=WRITE_CHUNK {blockData=conID: 2 locID: 102651687805911445 bcsId: 773} | ret=SUCCESS |  
2019-08-20 22:34:11,595 | INFO  | DNAudit | user=null | ip=null | op=PUT_BLOCK {blockData=[blockId=conID: 2 locID: 102651687805911445 bcsId: 0,size=4194304]} | ret=SUCCESS |  
2019-08-20 22:34:11,596 [grpc-default-executor-1] INFO  client.GrpcClientProtocolClient (GrpcClientProtocolClient.java:onNext(255)) - client-391BA870FC40->947ec526-030f-41cc-8af7-a6f75e712ab0: receive RaftClientReply:client-391BA870FC40->947ec526-030f-41cc-8af7-a6f75e712ab0@group-5D45C35602B2, cid=625, SUCCESS, logIndex=776, commits[947ec526-030f-41cc-8af7-a6f75e712ab0:c777, c447b9b6-dde2-4ce7-aa81-d0e2eddc8fe9:c773, 28b540ac-241d-462a-a56c-509e92928066:c773]
2019-08-20 22:34:11,597 [grpc-default-executor-1] INFO  client.GrpcClientProtocolClient (GrpcClientProtocolClient.java:onNext(255)) - client-391BA870FC40->947ec526-030f-41cc-8af7-a6f75e712ab0: receive RaftClientReply:client-391BA870FC40->947ec526-030f-41cc-8af7-a6f75e712ab0@group-5D45C35602B2, cid=626, SUCCESS, logIndex=777, commits[947ec526-030f-41cc-8af7-a6f75e712ab0:c777, c447b9b6-dde2-4ce7-aa81-d0e2eddc8fe9:c773, 28b540ac-241d-462a-a56c-509e92928066:c773]
2019-08-20 22:34:11,606 | INFO  | DNAudit | user=null | ip=null | op=WRITE_CHUNK {blockData=conID: 2 locID: 102651687805911445 bcsId: 773} | ret=SUCCESS |  
2019-08-20 22:34:11,607 | INFO  | DNAudit | user=null | ip=null | op=PUT_BLOCK {blockData=[blockId=conID: 2 locID: 102651687805911445 bcsId: 0,size=4194304]} | ret=SUCCESS |  
2019-08-20 22:34:11,607 | INFO  | DNAudit | user=null | ip=null | op=WRITE_CHUNK {blockData=conID: 2 locID: 102651687805911445 bcsId: 773} | ret=SUCCESS |  
2019-08-20 22:34:11,608 | INFO  | DNAudit | user=null | ip=null | op=PUT_BLOCK {blockData=[blockId=conID: 2 locID: 102651687805911445 bcsId: 0,size=4194304]} | ret=SUCCESS |  
2019-08-20 22:34:11,609 [grpc-default-executor-1] INFO  client.GrpcClientProtocolClient (GrpcClientProtocolClient.java:onNext(255)) - client-391BA870FC40->947ec526-030f-41cc-8af7-a6f75e712ab0: receive RaftClientReply:client-391BA870FC40->947ec526-030f-41cc-8af7-a6f75e712ab0@group-5D45C35602B2, cid=627, SUCCESS, logIndex=0, commits[947ec526-030f-41cc-8af7-a6f75e712ab0:c778, c447b9b6-dde2-4ce7-aa81-d0e2eddc8fe9:c777, 28b540ac-241d-462a-a56c-509e92928066:c777]
2019-08-20 22:34:11,855 | INFO  | SCMAudit | user=jenkins1000 | ip=192.168.5.142 | op=SEND_HEARTBEAT {datanodeUUID=eafd9314-3f13-422a-a2ac-adfcde2d7481, command=[]} | ret=SUCCESS |  
2019-08-20 22:34:11,864 | INFO  | DNAudit | user=null | ip=null | op=WRITE_CHUNK {blockData=conID: 3 locID: 102651687805911446 bcsId: 0} | ret=SUCCESS |  
2019-08-20 22:34:11,870 | INFO  | DNAudit | user=null | ip=null | op=WRITE_CHUNK {blockData=conID: 3 locID: 102651687805911446 bcsId: 0} | ret=SUCCESS |  
2019-08-20 22:34:11,870 | INFO  | DNAudit | user=null | ip=null | op=WRITE_CHUNK {blockData=conID: 3 locID: 102651687805911446 bcsId: 0} | ret=SUCCESS |  
2019-08-20 22:34:11,871 | INFO  | DNAudit | user=null | ip=null | op=WRITE_CHUNK {blockData=conID: 3 locID: 102651687805911446 bcsId: 0} | ret=SUCCESS |  
2019-08-20 22:34:11,875 | INFO  | DNAudit | user=null | ip=null | op=WRITE_CHUNK {blockData=conID: 3 locID: 102651687805911446 bcsId: 0} | ret=SUCCESS |  
2019-08-20 22:34:11,876 | INFO  | DNAudit | user=null | ip=null | op=WRITE_CHUNK {blockData=conID: 3 locID: 102651687805911446 bcsId: 0} | ret=SUCCESS |  
2019-08-20 22:34:11,879 | INFO  | DNAudit | user=null | ip=null | op=WRITE_CHUNK {blockData=conID: 3 locID: 102651687805911446 bcsId: 0} | ret=SUCCESS |  
2019-08-20 22:34:11,880 | INFO  | DNAudit | user=null | ip=null | op=PUT_BLOCK {blockData=[blockId=conID: 3 locID: 102651687805911446 bcsId: 0,size=1048576]} | ret=SUCCESS |  
2019-08-20 22:34:11,880 | INFO  | DNAudit | user=null | ip=null | op=WRITE_CHUNK {blockData=conID: 3 locID: 102651687805911446 bcsId: 0} | ret=SUCCESS |  
2019-08-20 22:34:11,880 [grpc-default-executor-1] INFO  client.GrpcClientProtocolClient (GrpcClientProtocolClient.java:onNext(255)) - client-391BA870FC40->947ec526-030f-41cc-8af7-a6f75e712ab0: receive RaftClientReply:client-391BA870FC40->947ec526-030f-41cc-8af7-a6f75e712ab0@group-5D45C35602B2, cid=628, SUCCESS, logIndex=780, commits[947ec526-030f-41cc-8af7-a6f75e712ab0:c783, c447b9b6-dde2-4ce7-aa81-d0e2eddc8fe9:c779, 28b540ac-241d-462a-a56c-509e92928066:c779]
2019-08-20 22:34:11,881 | INFO  | DNAudit | user=null | ip=null | op=PUT_BLOCK {blockData=[blockId=conID: 3 locID: 102651687805911446 bcsId: 0,size=2097152]} | ret=SUCCESS |  
2019-08-20 22:34:11,881 [grpc-default-executor-1] INFO  client.GrpcClientProtocolClient (GrpcClientProtocolClient.java:onNext(255)) - client-391BA870FC40->947ec526-030f-41cc-8af7-a6f75e712ab0: receive RaftClientReply:client-391BA870FC40->947ec526-030f-41cc-8af7-a6f75e712ab0@group-5D45C35602B2, cid=629, SUCCESS, logIndex=781, commits[947ec526-030f-41cc-8af7-a6f75e712ab0:c783, c447b9b6-dde2-4ce7-aa81-d0e2eddc8fe9:c779, 28b540ac-241d-462a-a56c-509e92928066:c779]
2019-08-20 22:34:11,882 | INFO  | DNAudit | user=null | ip=null | op=WRITE_CHUNK {blockData=conID: 3 locID: 102651687805911446 bcsId: 0} | ret=SUCCESS |  
2019-08-20 22:34:11,882 [grpc-default-executor-1] INFO  client.GrpcClientProtocolClient (GrpcClientProtocolClient.java:onNext(255)) - client-391BA870FC40->947ec526-030f-41cc-8af7-a6f75e712ab0: receive RaftClientReply:client-391BA870FC40->947ec526-030f-41cc-8af7-a6f75e712ab0@group-5D45C35602B2, cid=630, SUCCESS, logIndex=782, commits[947ec526-030f-41cc-8af7-a6f75e712ab0:c783, c447b9b6-dde2-4ce7-aa81-d0e2eddc8fe9:c779, 28b540ac-241d-462a-a56c-509e92928066:c779]
2019-08-20 22:34:11,882 | INFO  | DNAudit | user=null | ip=null | op=WRITE_CHUNK {blockData=conID: 3 locID: 102651687805911446 bcsId: 0} | ret=SUCCESS |  
2019-08-20 22:34:11,882 | INFO  | DNAudit | user=null | ip=null | op=PUT_BLOCK {blockData=[blockId=conID: 3 locID: 102651687805911446 bcsId: 0,size=1048576]} | ret=SUCCESS |  
2019-08-20 22:34:11,883 [grpc-default-executor-1] INFO  client.GrpcClientProtocolClient (GrpcClientProtocolClient.java:onNext(255)) - client-391BA870FC40->947ec526-030f-41cc-8af7-a6f75e712ab0: receive RaftClientReply:client-391BA870FC40->947ec526-030f-41cc-8af7-a6f75e712ab0@group-5D45C35602B2, cid=631, SUCCESS, logIndex=783, commits[947ec526-030f-41cc-8af7-a6f75e712ab0:c783, c447b9b6-dde2-4ce7-aa81-d0e2eddc8fe9:c779, 28b540ac-241d-462a-a56c-509e92928066:c779]
2019-08-20 22:34:11,895 | INFO  | DNAudit | user=null | ip=null | op=PUT_BLOCK {blockData=[blockId=conID: 3 locID: 102651687805911446 bcsId: 0,size=1048576]} | ret=SUCCESS |  
2019-08-20 22:34:11,895 | INFO  | DNAudit | user=null | ip=null | op=WRITE_CHUNK {blockData=conID: 3 locID: 102651687805911446 bcsId: 0} | ret=SUCCESS |  
2019-08-20 22:34:11,895 | INFO  | DNAudit | user=null | ip=null | op=WRITE_CHUNK {blockData=conID: 3 locID: 102651687805911446 bcsId: 0} | ret=SUCCESS |  
2019-08-20 22:34:11,895 | INFO  | DNAudit | user=null | ip=null | op=PUT_BLOCK {blockData=[blockId=conID: 3 locID: 102651687805911446 bcsId: 0,size=2097152]} | ret=SUCCESS |  
2019-08-20 22:34:11,895 | INFO  | DNAudit | user=null | ip=null | op=PUT_BLOCK {blockData=[blockId=conID: 3 locID: 102651687805911446 bcsId: 0,size=2097152]} | ret=SUCCESS |  
2019-08-20 22:34:11,896 [grpc-default-executor-3] INFO  client.GrpcClientProtocolClient (GrpcClientProtocolClient.java:onNext(255)) - client-391BA870FC40->947ec526-030f-41cc-8af7-a6f75e712ab0: receive RaftClientReply:client-391BA870FC40->947ec526-030f-41cc-8af7-a6f75e712ab0@group-5D45C35602B2, cid=632, SUCCESS, logIndex=0, commits[947ec526-030f-41cc-8af7-a6f75e712ab0:c787, c447b9b6-dde2-4ce7-aa81-d0e2eddc8fe9:c783, 28b540ac-241d-462a-a56c-509e92928066:c781]
2019-08-20 22:34:11,907 | INFO  | DNAudit | user=null | ip=null | op=WRITE_CHUNK {blockData=conID: 3 locID: 102651687805911446 bcsId: 783} | ret=SUCCESS |  
2019-08-20 22:34:11,912 | INFO  | DNAudit | user=null | ip=null | op=WRITE_CHUNK {blockData=conID: 3 locID: 102651687805911446 bcsId: 783} | ret=SUCCESS |  
2019-08-20 22:34:11,912 | INFO  | DNAudit | user=null | ip=null | op=WRITE_CHUNK {blockData=conID: 3 locID: 102651687805911446 bcsId: 783} | ret=SUCCESS |  
2019-08-20 22:34:11,920 | INFO  | DNAudit | user=null | ip=null | op=WRITE_CHUNK {blockData=conID: 3 locID: 102651687805911446 bcsId: 783} | ret=SUCCESS |  
2019-08-20 22:34:11,921 | INFO  | DNAudit | user=null | ip=null | op=PUT_BLOCK {blockData=[blockId=conID: 3 locID: 102651687805911446 bcsId: 0,size=3145728]} | ret=SUCCESS |  
2019-08-20 22:34:11,921 [grpc-default-executor-3] INFO  client.GrpcClientProtocolClient (GrpcClientProtocolClient.java:onNext(255)) - client-391BA870FC40->947ec526-030f-41cc-8af7-a6f75e712ab0: receive RaftClientReply:client-391BA870FC40->947ec526-030f-41cc-8af7-a6f75e712ab0@group-5D45C35602B2, cid=633, SUCCESS, logIndex=788, commits[947ec526-030f-41cc-8af7-a6f75e712ab0:c789, c447b9b6-dde2-4ce7-aa81-d0e2eddc8fe9:c787, 28b540ac-241d-462a-a56c-509e92928066:c787]
2019-08-20 22:34:11,922 [grpc-default-executor-3] INFO  client.GrpcClientProtocolClient (GrpcClientProtocolClient.java:onNext(255)) - client-391BA870FC40->947ec526-030f-41cc-8af7-a6f75e712ab0: receive RaftClientReply:client-391BA870FC40->947ec526-030f-41cc-8af7-a6f75e712ab0@group-5D45C35602B2, cid=634, SUCCESS, logIndex=789, commits[947ec526-030f-41cc-8af7-a6f75e712ab0:c789, c447b9b6-dde2-4ce7-aa81-d0e2eddc8fe9:c787, 28b540ac-241d-462a-a56c-509e92928066:c787]
2019-08-20 22:34:11,932 | INFO  | DNAudit | user=null | ip=null | op=WRITE_CHUNK {blockData=conID: 3 locID: 102651687805911446 bcsId: 783} | ret=SUCCESS |  
2019-08-20 22:34:11,933 | INFO  | DNAudit | user=null | ip=null | op=WRITE_CHUNK {blockData=conID: 3 locID: 102651687805911446 bcsId: 783} | ret=SUCCESS |  
2019-08-20 22:34:11,933 | INFO  | DNAudit | user=null | ip=null | op=PUT_BLOCK {blockData=[blockId=conID: 3 locID: 102651687805911446 bcsId: 0,size=3145728]} | ret=SUCCESS |  
2019-08-20 22:34:11,933 | INFO  | DNAudit | user=null | ip=null | op=PUT_BLOCK {blockData=[blockId=conID: 3 locID: 102651687805911446 bcsId: 0,size=3145728]} | ret=SUCCESS |  
2019-08-20 22:34:11,934 | INFO  | DNAudit | user=null | ip=null | op=WRITE_CHUNK {blockData=conID: 3 locID: 102651687805911446 bcsId: 789} | ret=SUCCESS |  
2019-08-20 22:34:11,937 | INFO  | DNAudit | user=null | ip=null | op=WRITE_CHUNK {blockData=conID: 3 locID: 102651687805911446 bcsId: 789} | ret=SUCCESS |  
2019-08-20 22:34:11,939 | INFO  | DNAudit | user=null | ip=null | op=WRITE_CHUNK {blockData=conID: 3 locID: 102651687805911446 bcsId: 789} | ret=SUCCESS |  
2019-08-20 22:34:11,947 | INFO  | DNAudit | user=null | ip=null | op=WRITE_CHUNK {blockData=conID: 3 locID: 102651687805911446 bcsId: 789} | ret=SUCCESS |  
2019-08-20 22:34:11,948 | INFO  | DNAudit | user=null | ip=null | op=PUT_BLOCK {blockData=[blockId=conID: 3 locID: 102651687805911446 bcsId: 0,size=4194304]} | ret=SUCCESS |  
2019-08-20 22:34:11,949 [grpc-default-executor-5] INFO  client.GrpcClientProtocolClient (GrpcClientProtocolClient.java:onNext(255)) - client-391BA870FC40->947ec526-030f-41cc-8af7-a6f75e712ab0: receive RaftClientReply:client-391BA870FC40->947ec526-030f-41cc-8af7-a6f75e712ab0@group-5D45C35602B2, cid=635, SUCCESS, logIndex=792, commits[947ec526-030f-41cc-8af7-a6f75e712ab0:c793, c447b9b6-dde2-4ce7-aa81-d0e2eddc8fe9:c789, 28b540ac-241d-462a-a56c-509e92928066:c789]
2019-08-20 22:34:11,950 [grpc-default-executor-5] INFO  client.GrpcClientProtocolClient (GrpcClientProtocolClient.java:onNext(255)) - client-391BA870FC40->947ec526-030f-41cc-8af7-a6f75e712ab0: receive RaftClientReply:client-391BA870FC40->947ec526-030f-41cc-8af7-a6f75e712ab0@group-5D45C35602B2, cid=636, SUCCESS, logIndex=793, commits[947ec526-030f-41cc-8af7-a6f75e712ab0:c793, c447b9b6-dde2-4ce7-aa81-d0e2eddc8fe9:c789, 28b540ac-241d-462a-a56c-509e92928066:c789]
2019-08-20 22:34:11,959 | INFO  | DNAudit | user=null | ip=null | op=WRITE_CHUNK {blockData=conID: 3 locID: 102651687805911446 bcsId: 789} | ret=SUCCESS |  
2019-08-20 22:34:11,959 | INFO  | DNAudit | user=null | ip=null | op=WRITE_CHUNK {blockData=conID: 3 locID: 102651687805911446 bcsId: 789} | ret=SUCCESS |  
2019-08-20 22:34:11,959 | INFO  | DNAudit | user=null | ip=null | op=PUT_BLOCK {blockData=[blockId=conID: 3 locID: 102651687805911446 bcsId: 0,size=4194304]} | ret=SUCCESS |  
2019-08-20 22:34:11,959 | INFO  | DNAudit | user=null | ip=null | op=PUT_BLOCK {blockData=[blockId=conID: 3 locID: 102651687805911446 bcsId: 0,size=4194304]} | ret=SUCCESS |  
2019-08-20 22:34:11,960 [grpc-default-executor-3] INFO  client.GrpcClientProtocolClient (GrpcClientProtocolClient.java:onNext(255)) - client-391BA870FC40->947ec526-030f-41cc-8af7-a6f75e712ab0: receive RaftClientReply:client-391BA870FC40->947ec526-030f-41cc-8af7-a6f75e712ab0@group-5D45C35602B2, cid=637, SUCCESS, logIndex=0, commits[947ec526-030f-41cc-8af7-a6f75e712ab0:c794, c447b9b6-dde2-4ce7-aa81-d0e2eddc8fe9:c793, 28b540ac-241d-462a-a56c-509e92928066:c793]
2019-08-20 22:34:11,961 | INFO  | SCMAudit | user=jenkins1000 | ip=192.168.5.142 | op=SEND_HEARTBEAT {datanodeUUID=947ec526-030f-41cc-8af7-a6f75e712ab0, command=[]} | ret=SUCCESS |  
2019-08-20 22:34:11,972 | INFO  | DNAudit | user=null | ip=null | op=WRITE_CHUNK {blockData=conID: 1 locID: 102651687805976983 bcsId: 0} | ret=SUCCESS |  
2019-08-20 22:34:11,977 | INFO  | DNAudit | user=null | ip=null | op=WRITE_CHUNK {blockData=conID: 1 locID: 102651687805976983 bcsId: 0} | ret=SUCCESS |  
2019-08-20 22:34:11,978 | INFO  | DNAudit | user=null | ip=null | op=WRITE_CHUNK {blockData=conID: 1 locID: 102651687805976983 bcsId: 0} | ret=SUCCESS |  
2019-08-20 22:34:11,978 | INFO  | DNAudit | user=null | ip=null | op=WRITE_CHUNK {blockData=conID: 1 locID: 102651687805976983 bcsId: 0} | ret=SUCCESS |  
2019-08-20 22:34:11,980 | INFO  | DNAudit | user=null | ip=null | op=WRITE_CHUNK {blockData=conID: 1 locID: 102651687805976983 bcsId: 0} | ret=SUCCESS |  
2019-08-20 22:34:11,981 | INFO  | DNAudit | user=null | ip=null | op=WRITE_CHUNK {blockData=conID: 1 locID: 102651687805976983 bcsId: 0} | ret=SUCCESS |  
2019-08-20 22:34:11,985 | INFO  | DNAudit | user=null | ip=null | op=WRITE_CHUNK {blockData=conID: 1 locID: 102651687805976983 bcsId: 0} | ret=SUCCESS |  
2019-08-20 22:34:11,986 | INFO  | DNAudit | user=null | ip=null | op=PUT_BLOCK {blockData=[blockId=conID: 1 locID: 102651687805976983 bcsId: 0,size=1048576]} | ret=SUCCESS |  
2019-08-20 22:34:11,986 [grpc-default-executor-1] INFO  client.GrpcClientProtocolClient (GrpcClientProtocolClient.java:onNext(255)) - client-391BA870FC40->947ec526-030f-41cc-8af7-a6f75e712ab0: receive RaftClientReply:client-391BA870FC40->947ec526-030f-41cc-8af7-a6f75e712ab0@group-5D45C35602B2, cid=638, SUCCESS, logIndex=796, commits[947ec526-030f-41cc-8af7-a6f75e712ab0:c797, c447b9b6-dde2-4ce7-aa81-d0e2eddc8fe9:c795, 28b540ac-241d-462a-a56c-509e92928066:c795]
2019-08-20 22:34:11,986 | INFO  | DNAudit | user=null | ip=null | op=WRITE_CHUNK {blockData=conID: 1 locID: 102651687805976983 bcsId: 0} | ret=SUCCESS |  
2019-08-20 22:34:11,987 | INFO  | DNAudit | user=null | ip=null | op=PUT_BLOCK {blockData=[blockId=conID: 1 locID: 102651687805976983 bcsId: 0,size=2097152]} | ret=SUCCESS |  
2019-08-20 22:34:11,987 [grpc-default-executor-1] INFO  client.GrpcClientProtocolClient (GrpcClientProtocolClient.java:onNext(255)) - client-391BA870FC40->947ec526-030f-41cc-8af7-a6f75e712ab0: receive RaftClientReply:client-391BA870FC40->947ec526-030f-41cc-8af7-a6f75e712ab0@group-5D45C35602B2, cid=639, SUCCESS, logIndex=797, commits[947ec526-030f-41cc-8af7-a6f75e712ab0:c799, c447b9b6-dde2-4ce7-aa81-d0e2eddc8fe9:c795, 28b540ac-241d-462a-a56c-509e92928066:c795]
2019-08-20 22:34:11,987 [grpc-default-executor-1] INFO  client.GrpcClientProtocolClient (GrpcClientProtocolClient.java:onNext(255)) - client-391BA870FC40->947ec526-030f-41cc-8af7-a6f75e712ab0: receive RaftClientReply:client-391BA870FC40->947ec526-030f-41cc-8af7-a6f75e712ab0@group-5D45C35602B2, cid=640, SUCCESS, logIndex=798, commits[947ec526-030f-41cc-8af7-a6f75e712ab0:c799, c447b9b6-dde2-4ce7-aa81-d0e2eddc8fe9:c795, 28b540ac-241d-462a-a56c-509e92928066:c795]
2019-08-20 22:34:11,987 [grpc-default-executor-1] INFO  client.GrpcClientProtocolClient (GrpcClientProtocolClient.java:onNext(255)) - client-391BA870FC40->947ec526-030f-41cc-8af7-a6f75e712ab0: receive RaftClientReply:client-391BA870FC40->947ec526-030f-41cc-8af7-a6f75e712ab0@group-5D45C35602B2, cid=641, SUCCESS, logIndex=799, commits[947ec526-030f-41cc-8af7-a6f75e712ab0:c799, c447b9b6-dde2-4ce7-aa81-d0e2eddc8fe9:c795, 28b540ac-241d-462a-a56c-509e92928066:c795]
2019-08-20 22:34:11,997 | INFO  | DNAudit | user=null | ip=null | op=WRITE_CHUNK {blockData=conID: 1 locID: 102651687805976983 bcsId: 0} | ret=SUCCESS |  
2019-08-20 22:34:11,997 | INFO  | DNAudit | user=null | ip=null | op=WRITE_CHUNK {blockData=conID: 1 locID: 102651687805976983 bcsId: 0} | ret=SUCCESS |  
2019-08-20 22:34:11,998 | INFO  | SCMAudit | user=jenkins1000 | ip=192.168.5.142 | op=SEND_HEARTBEAT {datanodeUUID=c447b9b6-dde2-4ce7-aa81-d0e2eddc8fe9, command=[]} | ret=SUCCESS |  
2019-08-20 22:34:11,999 | INFO  | DNAudit | user=null | ip=null | op=PUT_BLOCK {blockData=[blockId=conID: 1 locID: 102651687805976983 bcsId: 0,size=1048576]} | ret=SUCCESS |  
2019-08-20 22:34:11,999 | INFO  | DNAudit | user=null | ip=null | op=PUT_BLOCK {blockData=[blockId=conID: 1 locID: 102651687805976983 bcsId: 0,size=1048576]} | ret=SUCCESS |  
2019-08-20 22:34:12,000 | INFO  | DNAudit | user=null | ip=null | op=WRITE_CHUNK {blockData=conID: 1 locID: 102651687805976983 bcsId: 0} | ret=SUCCESS |  
2019-08-20 22:34:12,000 | INFO  | DNAudit | user=null | ip=null | op=WRITE_CHUNK {blockData=conID: 1 locID: 102651687805976983 bcsId: 0} | ret=SUCCESS |  
2019-08-20 22:34:12,000 | INFO  | SCMAudit | user=jenkins1000 | ip=192.168.5.142 | op=SEND_HEARTBEAT {datanodeUUID=28b540ac-241d-462a-a56c-509e92928066, command=[]} | ret=SUCCESS |  
2019-08-20 22:34:12,000 | INFO  | DNAudit | user=null | ip=null | op=PUT_BLOCK {blockData=[blockId=conID: 1 locID: 102651687805976983 bcsId: 0,size=2097152]} | ret=SUCCESS |  
2019-08-20 22:34:12,000 | INFO  | DNAudit | user=null | ip=null | op=PUT_BLOCK {blockData=[blockId=conID: 1 locID: 102651687805976983 bcsId: 0,size=2097152]} | ret=SUCCESS |  
2019-08-20 22:34:12,001 [grpc-default-executor-1] INFO  client.GrpcClientProtocolClient (GrpcClientProtocolClient.java:onNext(255)) - client-391BA870FC40->947ec526-030f-41cc-8af7-a6f75e712ab0: receive RaftClientReply:client-391BA870FC40->947ec526-030f-41cc-8af7-a6f75e712ab0@group-5D45C35602B2, cid=642, SUCCESS, logIndex=0, commits[947ec526-030f-41cc-8af7-a6f75e712ab0:c802, c447b9b6-dde2-4ce7-aa81-d0e2eddc8fe9:c799, 28b540ac-241d-462a-a56c-509e92928066:c797]
2019-08-20 22:34:12,010 | INFO  | DNAudit | user=null | ip=null | op=WRITE_CHUNK {blockData=conID: 1 locID: 102651687805976983 bcsId: 799} | ret=SUCCESS |  
2019-08-20 22:34:12,014 | INFO  | DNAudit | user=null | ip=null | op=WRITE_CHUNK {blockData=conID: 1 locID: 102651687805976983 bcsId: 799} | ret=SUCCESS |  
2019-08-20 22:34:12,015 | INFO  | DNAudit | user=null | ip=null | op=WRITE_CHUNK {blockData=conID: 1 locID: 102651687805976983 bcsId: 799} | ret=SUCCESS |  
2019-08-20 22:34:12,024 | INFO  | DNAudit | user=null | ip=null | op=WRITE_CHUNK {blockData=conID: 1 locID: 102651687805976983 bcsId: 799} | ret=SUCCESS |  
2019-08-20 22:34:12,025 | INFO  | DNAudit | user=null | ip=null | op=PUT_BLOCK {blockData=[blockId=conID: 1 locID: 102651687805976983 bcsId: 0,size=3145728]} | ret=SUCCESS |  
2019-08-20 22:34:12,025 [grpc-default-executor-3] INFO  client.GrpcClientProtocolClient (GrpcClientProtocolClient.java:onNext(255)) - client-391BA870FC40->947ec526-030f-41cc-8af7-a6f75e712ab0: receive RaftClientReply:client-391BA870FC40->947ec526-030f-41cc-8af7-a6f75e712ab0@group-5D45C35602B2, cid=643, SUCCESS, logIndex=803, commits[947ec526-030f-41cc-8af7-a6f75e712ab0:c804, c447b9b6-dde2-4ce7-aa81-d0e2eddc8fe9:c802, 28b540ac-241d-462a-a56c-509e92928066:c802]
2019-08-20 22:34:12,025 [grpc-default-executor-3] INFO  client.GrpcClientProtocolClient (GrpcClientProtocolClient.java:onNext(255)) - client-391BA870FC40->947ec526-030f-41cc-8af7-a6f75e712ab0: receive RaftClientReply:client-391BA870FC40->947ec526-030f-41cc-8af7-a6f75e712ab0@group-5D45C35602B2, cid=644, SUCCESS, logIndex=804, commits[947ec526-030f-41cc-8af7-a6f75e712ab0:c804, c447b9b6-dde2-4ce7-aa81-d0e2eddc8fe9:c802, 28b540ac-241d-462a-a56c-509e92928066:c802]
2019-08-20 22:34:12,033 | INFO  | DNAudit | user=null | ip=null | op=WRITE_CHUNK {blockData=conID: 1 locID: 102651687805976983 bcsId: 799} | ret=SUCCESS |  
2019-08-20 22:34:12,033 | INFO  | DNAudit | user=null | ip=null | op=WRITE_CHUNK {blockData=conID: 1 locID: 102651687805976983 bcsId: 799} | ret=SUCCESS |  
2019-08-20 22:34:12,034 | INFO  | DNAudit | user=null | ip=null | op=PUT_BLOCK {blockData=[blockId=conID: 1 locID: 102651687805976983 bcsId: 0,size=3145728]} | ret=SUCCESS |  
2019-08-20 22:34:12,034 | INFO  | DNAudit | user=null | ip=null | op=PUT_BLOCK {blockData=[blockId=conID: 1 locID: 102651687805976983 bcsId: 0,size=3145728]} | ret=SUCCESS |  
2019-08-20 22:34:12,037 | INFO  | DNAudit | user=null | ip=null | op=WRITE_CHUNK {blockData=conID: 1 locID: 102651687805976983 bcsId: 804} | ret=SUCCESS |  
2019-08-20 22:34:12,041 | INFO  | DNAudit | user=null | ip=null | op=WRITE_CHUNK {blockData=conID: 1 locID: 102651687805976983 bcsId: 804} | ret=SUCCESS |  
2019-08-20 22:34:12,041 | INFO  | DNAudit | user=null | ip=null | op=WRITE_CHUNK {blockData=conID: 1 locID: 102651687805976983 bcsId: 804} | ret=SUCCESS |  
2019-08-20 22:34:12,043 | INFO  | DNAudit | user=null | ip=null | op=WRITE_CHUNK {blockData=conID: 1 locID: 102651687805976983 bcsId: 804} | ret=SUCCESS |  
2019-08-20 22:34:12,044 | INFO  | DNAudit | user=null | ip=null | op=PUT_BLOCK {blockData=[blockId=conID: 1 locID: 102651687805976983 bcsId: 0,size=4194304]} | ret=SUCCESS |  
2019-08-20 22:34:12,044 [grpc-default-executor-5] INFO  client.GrpcClientProtocolClient (GrpcClientProtocolClient.java:onNext(255)) - client-391BA870FC40->947ec526-030f-41cc-8af7-a6f75e712ab0: receive RaftClientReply:client-391BA870FC40->947ec526-030f-41cc-8af7-a6f75e712ab0@group-5D45C35602B2, cid=645, SUCCESS, logIndex=807, commits[947ec526-030f-41cc-8af7-a6f75e712ab0:c808, c447b9b6-dde2-4ce7-aa81-d0e2eddc8fe9:c806, 28b540ac-241d-462a-a56c-509e92928066:c806]
2019-08-20 22:34:12,045 | INFO  | DNAudit | user=null | ip=null | op=WRITE_CHUNK {blockData=conID: 1 locID: 102651687805976983 bcsId: 804} | ret=SUCCESS |  
2019-08-20 22:34:12,045 [grpc-default-executor-3] INFO  client.GrpcClientProtocolClient (GrpcClientProtocolClient.java:onNext(255)) - client-391BA870FC40->947ec526-030f-41cc-8af7-a6f75e712ab0: receive RaftClientReply:client-391BA870FC40->947ec526-030f-41cc-8af7-a6f75e712ab0@group-5D45C35602B2, cid=646, SUCCESS, logIndex=808, commits[947ec526-030f-41cc-8af7-a6f75e712ab0:c808, c447b9b6-dde2-4ce7-aa81-d0e2eddc8fe9:c806, 28b540ac-241d-462a-a56c-509e92928066:c806]
2019-08-20 22:34:12,054 | INFO  | DNAudit | user=null | ip=null | op=WRITE_CHUNK {blockData=conID: 1 locID: 102651687805976983 bcsId: 804} | ret=SUCCESS |  
2019-08-20 22:34:12,054 | INFO  | DNAudit | user=null | ip=null | op=PUT_BLOCK {blockData=[blockId=conID: 1 locID: 102651687805976983 bcsId: 0,size=4194304]} | ret=SUCCESS |  
2019-08-20 22:34:12,055 | INFO  | DNAudit | user=null | ip=null | op=PUT_BLOCK {blockData=[blockId=conID: 1 locID: 102651687805976983 bcsId: 0,size=4194304]} | ret=SUCCESS |  
2019-08-20 22:34:12,056 [grpc-default-executor-3] INFO  client.GrpcClientProtocolClient (GrpcClientProtocolClient.java:onNext(255)) - client-391BA870FC40->947ec526-030f-41cc-8af7-a6f75e712ab0: receive RaftClientReply:client-391BA870FC40->947ec526-030f-41cc-8af7-a6f75e712ab0@group-5D45C35602B2, cid=647, SUCCESS, logIndex=0, commits[947ec526-030f-41cc-8af7-a6f75e712ab0:c809, c447b9b6-dde2-4ce7-aa81-d0e2eddc8fe9:c808, 28b540ac-241d-462a-a56c-509e92928066:c808]
2019-08-20 22:34:12,066 | INFO  | DNAudit | user=null | ip=null | op=WRITE_CHUNK {blockData=conID: 2 locID: 102651687805976984 bcsId: 0} | ret=SUCCESS |  
2019-08-20 22:34:12,068 | INFO  | DNAudit | user=null | ip=null | op=WRITE_CHUNK {blockData=conID: 2 locID: 102651687805976984 bcsId: 0} | ret=SUCCESS |  
2019-08-20 22:34:12,069 | INFO  | DNAudit | user=null | ip=null | op=WRITE_CHUNK {blockData=conID: 2 locID: 102651687805976984 bcsId: 0} | ret=SUCCESS |  
2019-08-20 22:34:12,070 | INFO  | DNAudit | user=null | ip=null | op=WRITE_CHUNK {blockData=conID: 2 locID: 102651687805976984 bcsId: 0} | ret=SUCCESS |  
2019-08-20 22:34:12,072 | INFO  | DNAudit | user=null | ip=null | op=WRITE_CHUNK {blockData=conID: 2 locID: 102651687805976984 bcsId: 0} | ret=SUCCESS |  
2019-08-20 22:34:12,072 | INFO  | DNAudit | user=null | ip=null | op=WRITE_CHUNK {blockData=conID: 2 locID: 102651687805976984 bcsId: 0} | ret=SUCCESS |  
2019-08-20 22:34:12,077 | INFO  | DNAudit | user=null | ip=null | op=WRITE_CHUNK {blockData=conID: 2 locID: 102651687805976984 bcsId: 0} | ret=SUCCESS |  
2019-08-20 22:34:12,077 | INFO  | DNAudit | user=null | ip=null | op=PUT_BLOCK {blockData=[blockId=conID: 2 locID: 102651687805976984 bcsId: 0,size=1048576]} | ret=SUCCESS |  
2019-08-20 22:34:12,078 | INFO  | DNAudit | user=null | ip=null | op=WRITE_CHUNK {blockData=conID: 2 locID: 102651687805976984 bcsId: 0} | ret=SUCCESS |  
2019-08-20 22:34:12,078 [grpc-default-executor-2] INFO  client.GrpcClientProtocolClient (GrpcClientProtocolClient.java:onNext(255)) - client-391BA870FC40->947ec526-030f-41cc-8af7-a6f75e712ab0: receive RaftClientReply:client-391BA870FC40->947ec526-030f-41cc-8af7-a6f75e712ab0@group-5D45C35602B2, cid=648, SUCCESS, logIndex=811, commits[947ec526-030f-41cc-8af7-a6f75e712ab0:c812, c447b9b6-dde2-4ce7-aa81-d0e2eddc8fe9:c810, 28b540ac-241d-462a-a56c-509e92928066:c810]
2019-08-20 22:34:12,078 | INFO  | DNAudit | user=null | ip=null | op=PUT_BLOCK {blockData=[blockId=conID: 2 locID: 102651687805976984 bcsId: 0,size=2097152]} | ret=SUCCESS |  
2019-08-20 22:34:12,078 | INFO  | DNAudit | user=null | ip=null | op=WRITE_CHUNK {blockData=conID: 2 locID: 102651687805976984 bcsId: 0} | ret=SUCCESS |  
2019-08-20 22:34:12,079 [grpc-default-executor-3] INFO  client.GrpcClientProtocolClient (GrpcClientProtocolClient.java:onNext(255)) - client-391BA870FC40->947ec526-030f-41cc-8af7-a6f75e712ab0: receive RaftClientReply:client-391BA870FC40->947ec526-030f-41cc-8af7-a6f75e712ab0@group-5D45C35602B2, cid=649, SUCCESS, logIndex=812, commits[947ec526-030f-41cc-8af7-a6f75e712ab0:c814, c447b9b6-dde2-4ce7-aa81-d0e2eddc8fe9:c810, 28b540ac-241d-462a-a56c-509e92928066:c810]
2019-08-20 22:34:12,079 | INFO  | DNAudit | user=null | ip=null | op=WRITE_CHUNK {blockData=conID: 2 locID: 102651687805976984 bcsId: 0} | ret=SUCCESS |  
2019-08-20 22:34:12,079 [grpc-default-executor-3] INFO  client.GrpcClientProtocolClient (GrpcClientProtocolClient.java:onNext(255)) - client-391BA870FC40->947ec526-030f-41cc-8af7-a6f75e712ab0: receive RaftClientReply:client-391BA870FC40->947ec526-030f-41cc-8af7-a6f75e712ab0@group-5D45C35602B2, cid=650, SUCCESS, logIndex=813, commits[947ec526-030f-41cc-8af7-a6f75e712ab0:c814, c447b9b6-dde2-4ce7-aa81-d0e2eddc8fe9:c810, 28b540ac-241d-462a-a56c-509e92928066:c810]
2019-08-20 22:34:12,079 [grpc-default-executor-3] INFO  client.GrpcClientProtocolClient (GrpcClientProtocolClient.java:onNext(255)) - client-391BA870FC40->947ec526-030f-41cc-8af7-a6f75e712ab0: receive RaftClientReply:client-391BA870FC40->947ec526-030f-41cc-8af7-a6f75e712ab0@group-5D45C35602B2, cid=651, SUCCESS, logIndex=814, commits[947ec526-030f-41cc-8af7-a6f75e712ab0:c814, c447b9b6-dde2-4ce7-aa81-d0e2eddc8fe9:c810, 28b540ac-241d-462a-a56c-509e92928066:c810]
2019-08-20 22:34:12,081 | INFO  | DNAudit | user=null | ip=null | op=PUT_BLOCK {blockData=[blockId=conID: 2 locID: 102651687805976984 bcsId: 0,size=1048576]} | ret=SUCCESS |  
2019-08-20 22:34:12,081 | INFO  | DNAudit | user=null | ip=null | op=WRITE_CHUNK {blockData=conID: 2 locID: 102651687805976984 bcsId: 0} | ret=SUCCESS |  
2019-08-20 22:34:12,081 | INFO  | DNAudit | user=null | ip=null | op=PUT_BLOCK {blockData=[blockId=conID: 2 locID: 102651687805976984 bcsId: 0,size=1048576]} | ret=SUCCESS |  
2019-08-20 22:34:12,082 | INFO  | DNAudit | user=null | ip=null | op=PUT_BLOCK {blockData=[blockId=conID: 2 locID: 102651687805976984 bcsId: 0,size=2097152]} | ret=SUCCESS |  
2019-08-20 22:34:12,082 | INFO  | DNAudit | user=null | ip=null | op=WRITE_CHUNK {blockData=conID: 2 locID: 102651687805976984 bcsId: 0} | ret=SUCCESS |  
2019-08-20 22:34:12,082 | INFO  | DNAudit | user=null | ip=null | op=PUT_BLOCK {blockData=[blockId=conID: 2 locID: 102651687805976984 bcsId: 0,size=2097152]} | ret=SUCCESS |  
2019-08-20 22:34:12,082 [grpc-default-executor-3] INFO  client.GrpcClientProtocolClient (GrpcClientProtocolClient.java:onNext(255)) - client-391BA870FC40->947ec526-030f-41cc-8af7-a6f75e712ab0: receive RaftClientReply:client-391BA870FC40->947ec526-030f-41cc-8af7-a6f75e712ab0@group-5D45C35602B2, cid=652, SUCCESS, logIndex=0, commits[947ec526-030f-41cc-8af7-a6f75e712ab0:c817, c447b9b6-dde2-4ce7-aa81-d0e2eddc8fe9:c814, 28b540ac-241d-462a-a56c-509e92928066:c812]
2019-08-20 22:34:12,092 | INFO  | DNAudit | user=null | ip=null | op=WRITE_CHUNK {blockData=conID: 2 locID: 102651687805976984 bcsId: 814} | ret=SUCCESS |  
2019-08-20 22:34:12,095 | INFO  | DNAudit | user=null | ip=null | op=WRITE_CHUNK {blockData=conID: 2 locID: 102651687805976984 bcsId: 814} | ret=SUCCESS |  
2019-08-20 22:34:12,095 | INFO  | DNAudit | user=null | ip=null | op=WRITE_CHUNK {blockData=conID: 2 locID: 102651687805976984 bcsId: 814} | ret=SUCCESS |  
2019-08-20 22:34:12,103 | INFO  | DNAudit | user=null | ip=null | op=WRITE_CHUNK {blockData=conID: 2 locID: 102651687805976984 bcsId: 814} | ret=SUCCESS |  
2019-08-20 22:34:12,104 | INFO  | DNAudit | user=null | ip=null | op=PUT_BLOCK {blockData=[blockId=conID: 2 locID: 102651687805976984 bcsId: 0,size=3145728]} | ret=SUCCESS |  
2019-08-20 22:34:12,104 [grpc-default-executor-5] INFO  client.GrpcClientProtocolClient (GrpcClientProtocolClient.java:onNext(255)) - client-391BA870FC40->947ec526-030f-41cc-8af7-a6f75e712ab0: receive RaftClientReply:client-391BA870FC40->947ec526-030f-41cc-8af7-a6f75e712ab0@group-5D45C35602B2, cid=653, SUCCESS, logIndex=818, commits[947ec526-030f-41cc-8af7-a6f75e712ab0:c819, c447b9b6-dde2-4ce7-aa81-d0e2eddc8fe9:c817, 28b540ac-241d-462a-a56c-509e92928066:c817]
2019-08-20 22:34:12,105 [grpc-default-executor-5] INFO  client.GrpcClientProtocolClient (GrpcClientProtocolClient.java:onNext(255)) - client-391BA870FC40->947ec526-030f-41cc-8af7-a6f75e712ab0: receive RaftClientReply:client-391BA870FC40->947ec526-030f-41cc-8af7-a6f75e712ab0@group-5D45C35602B2, cid=654, SUCCESS, logIndex=819, commits[947ec526-030f-41cc-8af7-a6f75e712ab0:c819, c447b9b6-dde2-4ce7-aa81-d0e2eddc8fe9:c817, 28b540ac-241d-462a-a56c-509e92928066:c817]
2019-08-20 22:34:12,106 | INFO  | DNAudit | user=null | ip=null | op=WRITE_CHUNK {blockData=conID: 2 locID: 102651687805976984 bcsId: 814} | ret=SUCCESS |  
2019-08-20 22:34:12,106 | INFO  | DNAudit | user=null | ip=null | op=WRITE_CHUNK {blockData=conID: 2 locID: 102651687805976984 bcsId: 814} | ret=SUCCESS |  
2019-08-20 22:34:12,113 | INFO  | DNAudit | user=null | ip=null | op=WRITE_CHUNK {blockData=conID: 2 locID: 102651687805976984 bcsId: 819} | ret=SUCCESS |  
 0.00% |█                                                                                                    |  0/1 Time: 0:00:012019-08-20 22:34:12,116 | INFO  | DNAudit | user=null | ip=null | op=PUT_BLOCK {blockData=[blockId=conID: 2 locID: 102651687805976984 bcsId: 0,size=3145728]} | ret=SUCCESS |  
2019-08-20 22:34:12,116 | INFO  | DNAudit | user=null | ip=null | op=PUT_BLOCK {blockData=[blockId=conID: 2 locID: 102651687805976984 bcsId: 0,size=3145728]} | ret=SUCCESS |  
2019-08-20 22:34:12,117 | INFO  | DNAudit | user=null | ip=null | op=WRITE_CHUNK {blockData=conID: 2 locID: 102651687805976984 bcsId: 819} | ret=SUCCESS |  
2019-08-20 22:34:12,118 | INFO  | DNAudit | user=null | ip=null | op=WRITE_CHUNK {blockData=conID: 2 locID: 102651687805976984 bcsId: 819} | ret=SUCCESS |  
2019-08-20 22:34:12,126 | INFO  | DNAudit | user=null | ip=null | op=WRITE_CHUNK {blockData=conID: 2 locID: 102651687805976984 bcsId: 819} | ret=SUCCESS |  
2019-08-20 22:34:12,126 | INFO  | DNAudit | user=null | ip=null | op=PUT_BLOCK {blockData=[blockId=conID: 2 locID: 102651687805976984 bcsId: 0,size=4194304]} | ret=SUCCESS |  
2019-08-20 22:34:12,127 [grpc-default-executor-5] INFO  client.GrpcClientProtocolClient (GrpcClientProtocolClient.java:onNext(255)) - client-391BA870FC40->947ec526-030f-41cc-8af7-a6f75e712ab0: receive RaftClientReply:client-391BA870FC40->947ec526-030f-41cc-8af7-a6f75e712ab0@group-5D45C35602B2, cid=655, SUCCESS, logIndex=822, commits[947ec526-030f-41cc-8af7-a6f75e712ab0:c823, c447b9b6-dde2-4ce7-aa81-d0e2eddc8fe9:c820, 28b540ac-241d-462a-a56c-509e92928066:c820]
2019-08-20 22:34:12,127 [grpc-default-executor-5] INFO  client.GrpcClientProtocolClient (GrpcClientProtocolClient.java:onNext(255)) - client-391BA870FC40->947ec526-030f-41cc-8af7-a6f75e712ab0: receive RaftClientReply:client-391BA870FC40->947ec526-030f-41cc-8af7-a6f75e712ab0@group-5D45C35602B2, cid=656, SUCCESS, logIndex=823, commits[947ec526-030f-41cc-8af7-a6f75e712ab0:c823, c447b9b6-dde2-4ce7-aa81-d0e2eddc8fe9:c820, 28b540ac-241d-462a-a56c-509e92928066:c820]
2019-08-20 22:34:12,128 | INFO  | DNAudit | user=null | ip=null | op=WRITE_CHUNK {blockData=conID: 2 locID: 102651687805976984 bcsId: 819} | ret=SUCCESS |  
2019-08-20 22:34:12,128 | INFO  | DNAudit | user=null | ip=null | op=WRITE_CHUNK {blockData=conID: 2 locID: 102651687805976984 bcsId: 819} | ret=SUCCESS |  
2019-08-20 22:34:12,130 | INFO  | DNAudit | user=null | ip=null | op=PUT_BLOCK {blockData=[blockId=conID: 2 locID: 102651687805976984 bcsId: 0,size=4194304]} | ret=SUCCESS |  
2019-08-20 22:34:12,131 | INFO  | DNAudit | user=null | ip=null | op=PUT_BLOCK {blockData=[blockId=conID: 2 locID: 102651687805976984 bcsId: 0,size=4194304]} | ret=SUCCESS |  
2019-08-20 22:34:12,131 [grpc-default-executor-5] INFO  client.GrpcClientProtocolClient (GrpcClientProtocolClient.java:onNext(255)) - client-391BA870FC40->947ec526-030f-41cc-8af7-a6f75e712ab0: receive RaftClientReply:client-391BA870FC40->947ec526-030f-41cc-8af7-a6f75e712ab0@group-5D45C35602B2, cid=657, SUCCESS, logIndex=0, commits[947ec526-030f-41cc-8af7-a6f75e712ab0:c825, c447b9b6-dde2-4ce7-aa81-d0e2eddc8fe9:c823, 28b540ac-241d-462a-a56c-509e92928066:c823]
2019-08-20 22:34:12,140 | INFO  | DNAudit | user=null | ip=null | op=WRITE_CHUNK {blockData=conID: 3 locID: 102651687805976985 bcsId: 0} | ret=SUCCESS |  
2019-08-20 22:34:12,145 | INFO  | DNAudit | user=null | ip=null | op=WRITE_CHUNK {blockData=conID: 3 locID: 102651687805976985 bcsId: 0} | ret=SUCCESS |  
2019-08-20 22:34:12,145 | INFO  | DNAudit | user=null | ip=null | op=WRITE_CHUNK {blockData=conID: 3 locID: 102651687805976985 bcsId: 0} | ret=SUCCESS |  
2019-08-20 22:34:12,145 | INFO  | DNAudit | user=null | ip=null | op=WRITE_CHUNK {blockData=conID: 3 locID: 102651687805976985 bcsId: 0} | ret=SUCCESS |  
2019-08-20 22:34:12,150 | INFO  | DNAudit | user=null | ip=null | op=WRITE_CHUNK {blockData=conID: 3 locID: 102651687805976985 bcsId: 0} | ret=SUCCESS |  
2019-08-20 22:34:12,150 | INFO  | DNAudit | user=null | ip=null | op=WRITE_CHUNK {blockData=conID: 3 locID: 102651687805976985 bcsId: 0} | ret=SUCCESS |  
2019-08-20 22:34:12,152 | INFO  | DNAudit | user=null | ip=null | op=WRITE_CHUNK {blockData=conID: 3 locID: 102651687805976985 bcsId: 0} | ret=SUCCESS |  
2019-08-20 22:34:12,153 | INFO  | DNAudit | user=null | ip=null | op=PUT_BLOCK {blockData=[blockId=conID: 3 locID: 102651687805976985 bcsId: 0,size=1048576]} | ret=SUCCESS |  
2019-08-20 22:34:12,153 [grpc-default-executor-2] INFO  client.GrpcClientProtocolClient (GrpcClientProtocolClient.java:onNext(255)) - client-391BA870FC40->947ec526-030f-41cc-8af7-a6f75e712ab0: receive RaftClientReply:client-391BA870FC40->947ec526-030f-41cc-8af7-a6f75e712ab0@group-5D45C35602B2, cid=658, SUCCESS, logIndex=826, commits[947ec526-030f-41cc-8af7-a6f75e712ab0:c827, c447b9b6-dde2-4ce7-aa81-d0e2eddc8fe9:c825, 28b540ac-241d-462a-a56c-509e92928066:c825]
2019-08-20 22:34:12,154 [grpc-default-executor-2] INFO  client.GrpcClientProtocolClient (GrpcClientProtocolClient.java:onNext(255)) - client-391BA870FC40->947ec526-030f-41cc-8af7-a6f75e712ab0: receive RaftClientReply:client-391BA870FC40->947ec526-030f-41cc-8af7-a6f75e712ab0@group-5D45C35602B2, cid=659, SUCCESS, logIndex=827, commits[947ec526-030f-41cc-8af7-a6f75e712ab0:c827, c447b9b6-dde2-4ce7-aa81-d0e2eddc8fe9:c825, 28b540ac-241d-462a-a56c-509e92928066:c825]
2019-08-20 22:34:12,155 | INFO  | DNAudit | user=null | ip=null | op=WRITE_CHUNK {blockData=conID: 3 locID: 102651687805976985 bcsId: 0} | ret=SUCCESS |  
2019-08-20 22:34:12,155 | INFO  | DNAudit | user=null | ip=null | op=PUT_BLOCK {blockData=[blockId=conID: 3 locID: 102651687805976985 bcsId: 0,size=2097152]} | ret=SUCCESS |  
2019-08-20 22:34:12,156 [grpc-default-executor-2] INFO  client.GrpcClientProtocolClient (GrpcClientProtocolClient.java:onNext(255)) - client-391BA870FC40->947ec526-030f-41cc-8af7-a6f75e712ab0: receive RaftClientReply:client-391BA870FC40->947ec526-030f-41cc-8af7-a6f75e712ab0@group-5D45C35602B2, cid=660, SUCCESS, logIndex=828, commits[947ec526-030f-41cc-8af7-a6f75e712ab0:c829, c447b9b6-dde2-4ce7-aa81-d0e2eddc8fe9:c825, 28b540ac-241d-462a-a56c-509e92928066:c825]
2019-08-20 22:34:12,156 | INFO  | DNAudit | user=null | ip=null | op=WRITE_CHUNK {blockData=conID: 3 locID: 102651687805976985 bcsId: 0} | ret=SUCCESS |  
2019-08-20 22:34:12,156 [grpc-default-executor-2] INFO  client.GrpcClientProtocolClient (GrpcClientProtocolClient.java:onNext(255)) - client-391BA870FC40->947ec526-030f-41cc-8af7-a6f75e712ab0: receive RaftClientReply:client-391BA870FC40->947ec526-030f-41cc-8af7-a6f75e712ab0@group-5D45C35602B2, cid=661, SUCCESS, logIndex=829, commits[947ec526-030f-41cc-8af7-a6f75e712ab0:c829, c447b9b6-dde2-4ce7-aa81-d0e2eddc8fe9:c825, 28b540ac-241d-462a-a56c-509e92928066:c825]
2019-08-20 22:34:12,156 | INFO  | DNAudit | user=null | ip=null | op=PUT_BLOCK {blockData=[blockId=conID: 3 locID: 102651687805976985 bcsId: 0,size=1048576]} | ret=SUCCESS |  
2019-08-20 22:34:12,156 | INFO  | DNAudit | user=null | ip=null | op=WRITE_CHUNK {blockData=conID: 3 locID: 102651687805976985 bcsId: 0} | ret=SUCCESS |  
2019-08-20 22:34:12,157 | INFO  | DNAudit | user=null | ip=null | op=PUT_BLOCK {blockData=[blockId=conID: 3 locID: 102651687805976985 bcsId: 0,size=1048576]} | ret=SUCCESS |  
2019-08-20 22:34:12,157 | INFO  | DNAudit | user=null | ip=null | op=WRITE_CHUNK {blockData=conID: 3 locID: 102651687805976985 bcsId: 0} | ret=SUCCESS |  
2019-08-20 22:34:12,157 | INFO  | DNAudit | user=null | ip=null | op=PUT_BLOCK {blockData=[blockId=conID: 3 locID: 102651687805976985 bcsId: 0,size=2097152]} | ret=SUCCESS |  
2019-08-20 22:34:12,158 [grpc-default-executor-2] INFO  client.GrpcClientProtocolClient (GrpcClientProtocolClient.java:onNext(255)) - client-391BA870FC40->947ec526-030f-41cc-8af7-a6f75e712ab0: receive RaftClientReply:client-391BA870FC40->947ec526-030f-41cc-8af7-a6f75e712ab0@group-5D45C35602B2, cid=662, SUCCESS, logIndex=0, commits[947ec526-030f-41cc-8af7-a6f75e712ab0:c831, c447b9b6-dde2-4ce7-aa81-d0e2eddc8fe9:c827, 28b540ac-241d-462a-a56c-509e92928066:c827]
2019-08-20 22:34:12,158 | INFO  | DNAudit | user=null | ip=null | op=WRITE_CHUNK {blockData=conID: 3 locID: 102651687805976985 bcsId: 0} | ret=SUCCESS |  
2019-08-20 22:34:12,158 | INFO  | DNAudit | user=null | ip=null | op=PUT_BLOCK {blockData=[blockId=conID: 3 locID: 102651687805976985 bcsId: 0,size=2097152]} | ret=SUCCESS |  
2019-08-20 22:34:12,166 | INFO  | DNAudit | user=null | ip=null | op=WRITE_CHUNK {blockData=conID: 3 locID: 102651687805976985 bcsId: 829} | ret=SUCCESS |  
2019-08-20 22:34:12,170 | INFO  | DNAudit | user=null | ip=null | op=WRITE_CHUNK {blockData=conID: 3 locID: 102651687805976985 bcsId: 829} | ret=SUCCESS |  
2019-08-20 22:34:12,171 | INFO  | DNAudit | user=null | ip=null | op=WRITE_CHUNK {blockData=conID: 3 locID: 102651687805976985 bcsId: 829} | ret=SUCCESS |  
2019-08-20 22:34:12,196 | INFO  | DNAudit | user=null | ip=null | op=WRITE_CHUNK {blockData=conID: 3 locID: 102651687805976985 bcsId: 829} | ret=SUCCESS |  
2019-08-20 22:34:12,198 [grpc-default-executor-3] INFO  client.GrpcClientProtocolClient (GrpcClientProtocolClient.java:onNext(255)) - client-391BA870FC40->947ec526-030f-41cc-8af7-a6f75e712ab0: receive RaftClientReply:client-391BA870FC40->947ec526-030f-41cc-8af7-a6f75e712ab0@group-5D45C35602B2, cid=663, SUCCESS, logIndex=834, commits[947ec526-030f-41cc-8af7-a6f75e712ab0:c835, c447b9b6-dde2-4ce7-aa81-d0e2eddc8fe9:c833, 28b540ac-241d-462a-a56c-509e92928066:c833]
2019-08-20 22:34:12,206 | INFO  | DNAudit | user=null | ip=null | op=PUT_BLOCK {blockData=[blockId=conID: 3 locID: 102651687805976985 bcsId: 0,size=3145728]} | ret=SUCCESS |  
2019-08-20 22:34:12,207 [grpc-default-executor-3] INFO  client.GrpcClientProtocolClient (GrpcClientProtocolClient.java:onNext(255)) - client-391BA870FC40->947ec526-030f-41cc-8af7-a6f75e712ab0: receive RaftClientReply:client-391BA870FC40->947ec526-030f-41cc-8af7-a6f75e712ab0@group-5D45C35602B2, cid=664, SUCCESS, logIndex=835, commits[947ec526-030f-41cc-8af7-a6f75e712ab0:c835, c447b9b6-dde2-4ce7-aa81-d0e2eddc8fe9:c833, 28b540ac-241d-462a-a56c-509e92928066:c833]
2019-08-20 22:34:12,208 | INFO  | DNAudit | user=null | ip=null | op=WRITE_CHUNK {blockData=conID: 3 locID: 102651687805976985 bcsId: 829} | ret=SUCCESS |  
2019-08-20 22:34:12,208 | INFO  | DNAudit | user=null | ip=null | op=WRITE_CHUNK {blockData=conID: 3 locID: 102651687805976985 bcsId: 829} | ret=SUCCESS |  
2019-08-20 22:34:12,209 | INFO  | DNAudit | user=null | ip=null | op=PUT_BLOCK {blockData=[blockId=conID: 3 locID: 102651687805976985 bcsId: 0,size=3145728]} | ret=SUCCESS |  
2019-08-20 22:34:12,209 | INFO  | DNAudit | user=null | ip=null | op=PUT_BLOCK {blockData=[blockId=conID: 3 locID: 102651687805976985 bcsId: 0,size=3145728]} | ret=SUCCESS |  
2019-08-20 22:34:12,217 | INFO  | DNAudit | user=null | ip=null | op=WRITE_CHUNK {blockData=conID: 3 locID: 102651687805976985 bcsId: 835} | ret=SUCCESS |  
2019-08-20 22:34:12,221 | INFO  | DNAudit | user=null | ip=null | op=WRITE_CHUNK {blockData=conID: 3 locID: 102651687805976985 bcsId: 835} | ret=SUCCESS |  
2019-08-20 22:34:12,221 | INFO  | DNAudit | user=null | ip=null | op=WRITE_CHUNK {blockData=conID: 3 locID: 102651687805976985 bcsId: 835} | ret=SUCCESS |  
2019-08-20 22:34:12,231 | INFO  | DNAudit | user=null | ip=null | op=WRITE_CHUNK {blockData=conID: 3 locID: 102651687805976985 bcsId: 835} | ret=SUCCESS |  
2019-08-20 22:34:12,231 | INFO  | DNAudit | user=null | ip=null | op=PUT_BLOCK {blockData=[blockId=conID: 3 locID: 102651687805976985 bcsId: 0,size=4194304]} | ret=SUCCESS |  
2019-08-20 22:34:12,232 [grpc-default-executor-5] INFO  client.GrpcClientProtocolClient (GrpcClientProtocolClient.java:onNext(255)) - client-391BA870FC40->947ec526-030f-41cc-8af7-a6f75e712ab0: receive RaftClientReply:client-391BA870FC40->947ec526-030f-41cc-8af7-a6f75e712ab0@group-5D45C35602B2, cid=665, SUCCESS, logIndex=838, commits[947ec526-030f-41cc-8af7-a6f75e712ab0:c839, c447b9b6-dde2-4ce7-aa81-d0e2eddc8fe9:c837, 28b540ac-241d-462a-a56c-509e92928066:c837]
2019-08-20 22:34:12,233 [grpc-default-executor-5] INFO  client.GrpcClientProtocolClient (GrpcClientProtocolClient.java:onNext(255)) - client-391BA870FC40->947ec526-030f-41cc-8af7-a6f75e712ab0: receive RaftClientReply:client-391BA870FC40->947ec526-030f-41cc-8af7-a6f75e712ab0@group-5D45C35602B2, cid=666, SUCCESS, logIndex=839, commits[947ec526-030f-41cc-8af7-a6f75e712ab0:c839, c447b9b6-dde2-4ce7-aa81-d0e2eddc8fe9:c837, 28b540ac-241d-462a-a56c-509e92928066:c837]
2019-08-20 22:34:12,242 | INFO  | DNAudit | user=null | ip=null | op=WRITE_CHUNK {blockData=conID: 3 locID: 102651687805976985 bcsId: 835} | ret=SUCCESS |  
2019-08-20 22:34:12,243 | INFO  | DNAudit | user=null | ip=null | op=WRITE_CHUNK {blockData=conID: 3 locID: 102651687805976985 bcsId: 835} | ret=SUCCESS |  
2019-08-20 22:34:12,243 | INFO  | DNAudit | user=null | ip=null | op=PUT_BLOCK {blockData=[blockId=conID: 3 locID: 102651687805976985 bcsId: 0,size=4194304]} | ret=SUCCESS |  
2019-08-20 22:34:12,243 | INFO  | DNAudit | user=null | ip=null | op=PUT_BLOCK {blockData=[blockId=conID: 3 locID: 102651687805976985 bcsId: 0,size=4194304]} | ret=SUCCESS |  
2019-08-20 22:34:12,244 [grpc-default-executor-3] INFO  client.GrpcClientProtocolClient (GrpcClientProtocolClient.java:onNext(255)) - client-391BA870FC40->947ec526-030f-41cc-8af7-a6f75e712ab0: receive RaftClientReply:client-391BA870FC40->947ec526-030f-41cc-8af7-a6f75e712ab0@group-5D45C35602B2, cid=667, SUCCESS, logIndex=0, commits[947ec526-030f-41cc-8af7-a6f75e712ab0:c840, c447b9b6-dde2-4ce7-aa81-d0e2eddc8fe9:c839, 28b540ac-241d-462a-a56c-509e92928066:c839]
2019-08-20 22:34:12,254 | INFO  | DNAudit | user=null | ip=null | op=WRITE_CHUNK {blockData=conID: 1 locID: 102651687805976986 bcsId: 0} | ret=SUCCESS |  
2019-08-20 22:34:12,256 | INFO  | DNAudit | user=null | ip=null | op=WRITE_CHUNK {blockData=conID: 1 locID: 102651687805976986 bcsId: 0} | ret=SUCCESS |  
2019-08-20 22:34:12,260 | INFO  | DNAudit | user=null | ip=null | op=WRITE_CHUNK {blockData=conID: 1 locID: 102651687805976986 bcsId: 0} | ret=SUCCESS |  
2019-08-20 22:34:12,260 | INFO  | DNAudit | user=null | ip=null | op=WRITE_CHUNK {blockData=conID: 1 locID: 102651687805976986 bcsId: 0} | ret=SUCCESS |  
2019-08-20 22:34:12,262 | INFO  | DNAudit | user=null | ip=null | op=WRITE_CHUNK {blockData=conID: 1 locID: 102651687805976986 bcsId: 0} | ret=SUCCESS |  
2019-08-20 22:34:12,262 | INFO  | DNAudit | user=null | ip=null | op=WRITE_CHUNK {blockData=conID: 1 locID: 102651687805976986 bcsId: 0} | ret=SUCCESS |  
2019-08-20 22:34:12,270 | INFO  | DNAudit | user=null | ip=null | op=WRITE_CHUNK {blockData=conID: 1 locID: 102651687805976986 bcsId: 0} | ret=SUCCESS |  
2019-08-20 22:34:12,271 | INFO  | DNAudit | user=null | ip=null | op=PUT_BLOCK {blockData=[blockId=conID: 1 locID: 102651687805976986 bcsId: 0,size=1048576]} | ret=SUCCESS |  
2019-08-20 22:34:12,271 [grpc-default-executor-3] INFO  client.GrpcClientProtocolClient (GrpcClientProtocolClient.java:onNext(255)) - client-391BA870FC40->947ec526-030f-41cc-8af7-a6f75e712ab0: receive RaftClientReply:client-391BA870FC40->947ec526-030f-41cc-8af7-a6f75e712ab0@group-5D45C35602B2, cid=668, SUCCESS, logIndex=842, commits[947ec526-030f-41cc-8af7-a6f75e712ab0:c845, c447b9b6-dde2-4ce7-aa81-d0e2eddc8fe9:c841, 28b540ac-241d-462a-a56c-509e92928066:c841]
2019-08-20 22:34:12,271 | INFO  | DNAudit | user=null | ip=null | op=WRITE_CHUNK {blockData=conID: 1 locID: 102651687805976986 bcsId: 0} | ret=SUCCESS |  
2019-08-20 22:34:12,272 | INFO  | DNAudit | user=null | ip=null | op=PUT_BLOCK {blockData=[blockId=conID: 1 locID: 102651687805976986 bcsId: 0,size=2097152]} | ret=SUCCESS |  
2019-08-20 22:34:12,272 [grpc-default-executor-3] INFO  client.GrpcClientProtocolClient (GrpcClientProtocolClient.java:onNext(255)) - client-391BA870FC40->947ec526-030f-41cc-8af7-a6f75e712ab0: receive RaftClientReply:client-391BA870FC40->947ec526-030f-41cc-8af7-a6f75e712ab0@group-5D45C35602B2, cid=669, SUCCESS, logIndex=843, commits[947ec526-030f-41cc-8af7-a6f75e712ab0:c845, c447b9b6-dde2-4ce7-aa81-d0e2eddc8fe9:c841, 28b540ac-241d-462a-a56c-509e92928066:c841]
2019-08-20 22:34:12,272 [grpc-default-executor-3] INFO  client.GrpcClientProtocolClient (GrpcClientProtocolClient.java:onNext(255)) - client-391BA870FC40->947ec526-030f-41cc-8af7-a6f75e712ab0: receive RaftClientReply:client-391BA870FC40->947ec526-030f-41cc-8af7-a6f75e712ab0@group-5D45C35602B2, cid=670, SUCCESS, logIndex=844, commits[947ec526-030f-41cc-8af7-a6f75e712ab0:c845, c447b9b6-dde2-4ce7-aa81-d0e2eddc8fe9:c841, 28b540ac-241d-462a-a56c-509e92928066:c841]
2019-08-20 22:34:12,273 [grpc-default-executor-3] INFO  client.GrpcClientProtocolClient (GrpcClientProtocolClient.java:onNext(255)) - client-391BA870FC40->947ec526-030f-41cc-8af7-a6f75e712ab0: receive RaftClientReply:client-391BA870FC40->947ec526-030f-41cc-8af7-a6f75e712ab0@group-5D45C35602B2, cid=671, SUCCESS, logIndex=845, commits[947ec526-030f-41cc-8af7-a6f75e712ab0:c845, c447b9b6-dde2-4ce7-aa81-d0e2eddc8fe9:c841, 28b540ac-241d-462a-a56c-509e92928066:c841]
2019-08-20 22:34:12,281 | INFO  | DNAudit | user=null | ip=null | op=WRITE_CHUNK {blockData=conID: 1 locID: 102651687805976986 bcsId: 0} | ret=SUCCESS |  
2019-08-20 22:34:12,281 | INFO  | DNAudit | user=null | ip=null | op=WRITE_CHUNK {blockData=conID: 1 locID: 102651687805976986 bcsId: 0} | ret=SUCCESS |  
2019-08-20 22:34:12,282 | INFO  | DNAudit | user=null | ip=null | op=PUT_BLOCK {blockData=[blockId=conID: 1 locID: 102651687805976986 bcsId: 0,size=1048576]} | ret=SUCCESS |  
2019-08-20 22:34:12,282 | INFO  | DNAudit | user=null | ip=null | op=PUT_BLOCK {blockData=[blockId=conID: 1 locID: 102651687805976986 bcsId: 0,size=1048576]} | ret=SUCCESS |  
2019-08-20 22:34:12,282 | INFO  | DNAudit | user=null | ip=null | op=WRITE_CHUNK {blockData=conID: 1 locID: 102651687805976986 bcsId: 0} | ret=SUCCESS |  
2019-08-20 22:34:12,282 | INFO  | DNAudit | user=null | ip=null | op=WRITE_CHUNK {blockData=conID: 1 locID: 102651687805976986 bcsId: 0} | ret=SUCCESS |  
2019-08-20 22:34:12,282 [grpc-default-executor-2] INFO  client.GrpcClientProtocolClient (GrpcClientProtocolClient.java:onNext(255)) - client-391BA870FC40->947ec526-030f-41cc-8af7-a6f75e712ab0: receive RaftClientReply:client-391BA870FC40->947ec526-030f-41cc-8af7-a6f75e712ab0@group-5D45C35602B2, cid=672, SUCCESS, logIndex=0, commits[947ec526-030f-41cc-8af7-a6f75e712ab0:c846, c447b9b6-dde2-4ce7-aa81-d0e2eddc8fe9:c844, 28b540ac-241d-462a-a56c-509e92928066:c844]
2019-08-20 22:34:12,284 | INFO  | DNAudit | user=null | ip=null | op=PUT_BLOCK {blockData=[blockId=conID: 1 locID: 102651687805976986 bcsId: 0,size=2097152]} | ret=SUCCESS |  
2019-08-20 22:34:12,284 | INFO  | DNAudit | user=null | ip=null | op=PUT_BLOCK {blockData=[blockId=conID: 1 locID: 102651687805976986 bcsId: 0,size=2097152]} | ret=SUCCESS |  
2019-08-20 22:34:12,292 | INFO  | DNAudit | user=null | ip=null | op=WRITE_CHUNK {blockData=conID: 1 locID: 102651687805976986 bcsId: 845} | ret=SUCCESS |  
2019-08-20 22:34:12,296 | INFO  | DNAudit | user=null | ip=null | op=WRITE_CHUNK {blockData=conID: 1 locID: 102651687805976986 bcsId: 845} | ret=SUCCESS |  
2019-08-20 22:34:12,298 | INFO  | DNAudit | user=null | ip=null | op=WRITE_CHUNK {blockData=conID: 1 locID: 102651687805976986 bcsId: 845} | ret=SUCCESS |  
2019-08-20 22:34:12,306 | INFO  | DNAudit | user=null | ip=null | op=WRITE_CHUNK {blockData=conID: 1 locID: 102651687805976986 bcsId: 845} | ret=SUCCESS |  
2019-08-20 22:34:12,306 | INFO  | DNAudit | user=null | ip=null | op=PUT_BLOCK {blockData=[blockId=conID: 1 locID: 102651687805976986 bcsId: 0,size=3145728]} | ret=SUCCESS |  
2019-08-20 22:34:12,307 [grpc-default-executor-1] INFO  client.GrpcClientProtocolClient (GrpcClientProtocolClient.java:onNext(255)) - client-391BA870FC40->947ec526-030f-41cc-8af7-a6f75e712ab0: receive RaftClientReply:client-391BA870FC40->947ec526-030f-41cc-8af7-a6f75e712ab0@group-5D45C35602B2, cid=673, SUCCESS, logIndex=849, commits[947ec526-030f-41cc-8af7-a6f75e712ab0:c850, c447b9b6-dde2-4ce7-aa81-d0e2eddc8fe9:c848, 28b540ac-241d-462a-a56c-509e92928066:c848]
2019-08-20 22:34:12,307 [grpc-default-executor-1] INFO  client.GrpcClientProtocolClient (GrpcClientProtocolClient.java:onNext(255)) - client-391BA870FC40->947ec526-030f-41cc-8af7-a6f75e712ab0: receive RaftClientReply:client-391BA870FC40->947ec526-030f-41cc-8af7-a6f75e712ab0@group-5D45C35602B2, cid=674, SUCCESS, logIndex=850, commits[947ec526-030f-41cc-8af7-a6f75e712ab0:c850, c447b9b6-dde2-4ce7-aa81-d0e2eddc8fe9:c848, 28b540ac-241d-462a-a56c-509e92928066:c848]
2019-08-20 22:34:12,317 | INFO  | DNAudit | user=null | ip=null | op=WRITE_CHUNK {blockData=conID: 1 locID: 102651687805976986 bcsId: 850} | ret=SUCCESS |  
2019-08-20 22:34:12,318 | INFO  | DNAudit | user=null | ip=null | op=WRITE_CHUNK {blockData=conID: 1 locID: 102651687805976986 bcsId: 845} | ret=SUCCESS |  
2019-08-20 22:34:12,318 | INFO  | DNAudit | user=null | ip=null | op=WRITE_CHUNK {blockData=conID: 1 locID: 102651687805976986 bcsId: 845} | ret=SUCCESS |  
2019-08-20 22:34:12,319 | INFO  | DNAudit | user=null | ip=null | op=PUT_BLOCK {blockData=[blockId=conID: 1 locID: 102651687805976986 bcsId: 0,size=3145728]} | ret=SUCCESS |  
2019-08-20 22:34:12,321 | INFO  | DNAudit | user=null | ip=null | op=WRITE_CHUNK {blockData=conID: 1 locID: 102651687805976986 bcsId: 850} | ret=SUCCESS |  
2019-08-20 22:34:12,322 | INFO  | DNAudit | user=null | ip=null | op=WRITE_CHUNK {blockData=conID: 1 locID: 102651687805976986 bcsId: 850} | ret=SUCCESS |  
2019-08-20 22:34:12,329 | INFO  | DNAudit | user=null | ip=null | op=PUT_BLOCK {blockData=[blockId=conID: 1 locID: 102651687805976986 bcsId: 0,size=3145728]} | ret=SUCCESS |  
2019-08-20 22:34:12,331 | INFO  | DNAudit | user=null | ip=null | op=WRITE_CHUNK {blockData=conID: 1 locID: 102651687805976986 bcsId: 850} | ret=SUCCESS |  
2019-08-20 22:34:12,331 | INFO  | DNAudit | user=null | ip=null | op=PUT_BLOCK {blockData=[blockId=conID: 1 locID: 102651687805976986 bcsId: 0,size=4194304]} | ret=SUCCESS |  
2019-08-20 22:34:12,332 [grpc-default-executor-5] INFO  client.GrpcClientProtocolClient (GrpcClientProtocolClient.java:onNext(255)) - client-391BA870FC40->947ec526-030f-41cc-8af7-a6f75e712ab0: receive RaftClientReply:client-391BA870FC40->947ec526-030f-41cc-8af7-a6f75e712ab0@group-5D45C35602B2, cid=675, SUCCESS, logIndex=853, commits[947ec526-030f-41cc-8af7-a6f75e712ab0:c854, c447b9b6-dde2-4ce7-aa81-d0e2eddc8fe9:c850, 28b540ac-241d-462a-a56c-509e92928066:c850]
2019-08-20 22:34:12,332 | INFO  | DNAudit | user=null | ip=null | op=WRITE_CHUNK {blockData=conID: 1 locID: 102651687805976986 bcsId: 850} | ret=SUCCESS |  
2019-08-20 22:34:12,332 [grpc-default-executor-5] INFO  client.GrpcClientProtocolClient (GrpcClientProtocolClient.java:onNext(255)) - client-391BA870FC40->947ec526-030f-41cc-8af7-a6f75e712ab0: receive RaftClientReply:client-391BA870FC40->947ec526-030f-41cc-8af7-a6f75e712ab0@group-5D45C35602B2, cid=676, SUCCESS, logIndex=854, commits[947ec526-030f-41cc-8af7-a6f75e712ab0:c854, c447b9b6-dde2-4ce7-aa81-d0e2eddc8fe9:c850, 28b540ac-241d-462a-a56c-509e92928066:c850]
2019-08-20 22:34:12,332 | INFO  | DNAudit | user=null | ip=null | op=PUT_BLOCK {blockData=[blockId=conID: 1 locID: 102651687805976986 bcsId: 0,size=4194304]} | ret=SUCCESS |  
2019-08-20 22:34:12,333 | INFO  | DNAudit | user=null | ip=null | op=WRITE_CHUNK {blockData=conID: 1 locID: 102651687805976986 bcsId: 850} | ret=SUCCESS |  
2019-08-20 22:34:12,333 | INFO  | DNAudit | user=null | ip=null | op=PUT_BLOCK {blockData=[blockId=conID: 1 locID: 102651687805976986 bcsId: 0,size=4194304]} | ret=SUCCESS |  
2019-08-20 22:34:12,334 [grpc-default-executor-5] INFO  client.GrpcClientProtocolClient (GrpcClientProtocolClient.java:onNext(255)) - client-391BA870FC40->947ec526-030f-41cc-8af7-a6f75e712ab0: receive RaftClientReply:client-391BA870FC40->947ec526-030f-41cc-8af7-a6f75e712ab0@group-5D45C35602B2, cid=677, SUCCESS, logIndex=0, commits[947ec526-030f-41cc-8af7-a6f75e712ab0:c855, c447b9b6-dde2-4ce7-aa81-d0e2eddc8fe9:c854, 28b540ac-241d-462a-a56c-509e92928066:c854]
2019-08-20 22:34:12,343 | INFO  | DNAudit | user=null | ip=null | op=WRITE_CHUNK {blockData=conID: 2 locID: 102651687805976987 bcsId: 0} | ret=SUCCESS |  
2019-08-20 22:34:12,348 | INFO  | DNAudit | user=null | ip=null | op=WRITE_CHUNK {blockData=conID: 2 locID: 102651687805976987 bcsId: 0} | ret=SUCCESS |  
2019-08-20 22:34:12,348 | INFO  | DNAudit | user=null | ip=null | op=WRITE_CHUNK {blockData=conID: 2 locID: 102651687805976987 bcsId: 0} | ret=SUCCESS |  
2019-08-20 22:34:12,348 | INFO  | DNAudit | user=null | ip=null | op=WRITE_CHUNK {blockData=conID: 2 locID: 102651687805976987 bcsId: 0} | ret=SUCCESS |  
2019-08-20 22:34:12,351 | INFO  | DNAudit | user=null | ip=null | op=WRITE_CHUNK {blockData=conID: 2 locID: 102651687805976987 bcsId: 0} | ret=SUCCESS |  
2019-08-20 22:34:12,351 | INFO  | DNAudit | user=null | ip=null | op=WRITE_CHUNK {blockData=conID: 2 locID: 102651687805976987 bcsId: 0} | ret=SUCCESS |  
2019-08-20 22:34:12,355 | INFO  | DNAudit | user=null | ip=null | op=WRITE_CHUNK {blockData=conID: 2 locID: 102651687805976987 bcsId: 0} | ret=SUCCESS |  
2019-08-20 22:34:12,355 | INFO  | DNAudit | user=null | ip=null | op=PUT_BLOCK {blockData=[blockId=conID: 2 locID: 102651687805976987 bcsId: 0,size=1048576]} | ret=SUCCESS |  
2019-08-20 22:34:12,356 | INFO  | DNAudit | user=null | ip=null | op=WRITE_CHUNK {blockData=conID: 2 locID: 102651687805976987 bcsId: 0} | ret=SUCCESS |  
2019-08-20 22:34:12,356 [grpc-default-executor-5] INFO  client.GrpcClientProtocolClient (GrpcClientProtocolClient.java:onNext(255)) - client-391BA870FC40->947ec526-030f-41cc-8af7-a6f75e712ab0: receive RaftClientReply:client-391BA870FC40->947ec526-030f-41cc-8af7-a6f75e712ab0@group-5D45C35602B2, cid=678, SUCCESS, logIndex=857, commits[947ec526-030f-41cc-8af7-a6f75e712ab0:c860, c447b9b6-dde2-4ce7-aa81-d0e2eddc8fe9:c856, 28b540ac-241d-462a-a56c-509e92928066:c856]
2019-08-20 22:34:12,356 | INFO  | DNAudit | user=null | ip=null | op=PUT_BLOCK {blockData=[blockId=conID: 2 locID: 102651687805976987 bcsId: 0,size=2097152]} | ret=SUCCESS |  
2019-08-20 22:34:12,357 [grpc-default-executor-5] INFO  client.GrpcClientProtocolClient (GrpcClientProtocolClient.java:onNext(255)) - client-391BA870FC40->947ec526-030f-41cc-8af7-a6f75e712ab0: receive RaftClientReply:client-391BA870FC40->947ec526-030f-41cc-8af7-a6f75e712ab0@group-5D45C35602B2, cid=679, SUCCESS, logIndex=858, commits[947ec526-030f-41cc-8af7-a6f75e712ab0:c860, c447b9b6-dde2-4ce7-aa81-d0e2eddc8fe9:c856, 28b540ac-241d-462a-a56c-509e92928066:c856]
2019-08-20 22:34:12,357 [grpc-default-executor-5] INFO  client.GrpcClientProtocolClient (GrpcClientProtocolClient.java:onNext(255)) - client-391BA870FC40->947ec526-030f-41cc-8af7-a6f75e712ab0: receive RaftClientReply:client-391BA870FC40->947ec526-030f-41cc-8af7-a6f75e712ab0@group-5D45C35602B2, cid=680, SUCCESS, logIndex=859, commits[947ec526-030f-41cc-8af7-a6f75e712ab0:c860, c447b9b6-dde2-4ce7-aa81-d0e2eddc8fe9:c856, 28b540ac-241d-462a-a56c-509e92928066:c856]
2019-08-20 22:34:12,357 [grpc-default-executor-5] INFO  client.GrpcClientProtocolClient (GrpcClientProtocolClient.java:onNext(255)) - client-391BA870FC40->947ec526-030f-41cc-8af7-a6f75e712ab0: receive RaftClientReply:client-391BA870FC40->947ec526-030f-41cc-8af7-a6f75e712ab0@group-5D45C35602B2, cid=681, SUCCESS, logIndex=860, commits[947ec526-030f-41cc-8af7-a6f75e712ab0:c860, c447b9b6-dde2-4ce7-aa81-d0e2eddc8fe9:c856, 28b540ac-241d-462a-a56c-509e92928066:c856]
2019-08-20 22:34:12,365 | INFO  | DNAudit | user=null | ip=null | op=WRITE_CHUNK {blockData=conID: 2 locID: 102651687805976987 bcsId: 0} | ret=SUCCESS |  
2019-08-20 22:34:12,365 | INFO  | DNAudit | user=null | ip=null | op=WRITE_CHUNK {blockData=conID: 2 locID: 102651687805976987 bcsId: 0} | ret=SUCCESS |  
2019-08-20 22:34:12,366 | INFO  | DNAudit | user=null | ip=null | op=PUT_BLOCK {blockData=[blockId=conID: 2 locID: 102651687805976987 bcsId: 0,size=1048576]} | ret=SUCCESS |  
2019-08-20 22:34:12,366 | INFO  | DNAudit | user=null | ip=null | op=PUT_BLOCK {blockData=[blockId=conID: 2 locID: 102651687805976987 bcsId: 0,size=1048576]} | ret=SUCCESS |  
2019-08-20 22:34:12,366 | INFO  | DNAudit | user=null | ip=null | op=WRITE_CHUNK {blockData=conID: 2 locID: 102651687805976987 bcsId: 0} | ret=SUCCESS |  
2019-08-20 22:34:12,367 | INFO  | DNAudit | user=null | ip=null | op=WRITE_CHUNK {blockData=conID: 2 locID: 102651687805976987 bcsId: 0} | ret=SUCCESS |  
2019-08-20 22:34:12,367 | INFO  | DNAudit | user=null | ip=null | op=PUT_BLOCK {blockData=[blockId=conID: 2 locID: 102651687805976987 bcsId: 0,size=2097152]} | ret=SUCCESS |  
2019-08-20 22:34:12,367 | INFO  | DNAudit | user=null | ip=null | op=PUT_BLOCK {blockData=[blockId=conID: 2 locID: 102651687805976987 bcsId: 0,size=2097152]} | ret=SUCCESS |  
2019-08-20 22:34:12,367 [grpc-default-executor-5] INFO  client.GrpcClientProtocolClient (GrpcClientProtocolClient.java:onNext(255)) - client-391BA870FC40->947ec526-030f-41cc-8af7-a6f75e712ab0: receive RaftClientReply:client-391BA870FC40->947ec526-030f-41cc-8af7-a6f75e712ab0@group-5D45C35602B2, cid=682, SUCCESS, logIndex=0, commits[947ec526-030f-41cc-8af7-a6f75e712ab0:c861, c447b9b6-dde2-4ce7-aa81-d0e2eddc8fe9:c859, 28b540ac-241d-462a-a56c-509e92928066:c858]
2019-08-20 22:34:12,378 | INFO  | DNAudit | user=null | ip=null | op=WRITE_CHUNK {blockData=conID: 2 locID: 102651687805976987 bcsId: 860} | ret=SUCCESS |  
2019-08-20 22:34:12,383 | INFO  | DNAudit | user=null | ip=null | op=WRITE_CHUNK {blockData=conID: 2 locID: 102651687805976987 bcsId: 860} | ret=SUCCESS |  
2019-08-20 22:34:12,383 | INFO  | DNAudit | user=null | ip=null | op=WRITE_CHUNK {blockData=conID: 2 locID: 102651687805976987 bcsId: 860} | ret=SUCCESS |  
2019-08-20 22:34:12,390 | INFO  | DNAudit | user=null | ip=null | op=WRITE_CHUNK {blockData=conID: 2 locID: 102651687805976987 bcsId: 860} | ret=SUCCESS |  
2019-08-20 22:34:12,391 | INFO  | DNAudit | user=null | ip=null | op=PUT_BLOCK {blockData=[blockId=conID: 2 locID: 102651687805976987 bcsId: 0,size=3145728]} | ret=SUCCESS |  
2019-08-20 22:34:12,391 [grpc-default-executor-2] INFO  client.GrpcClientProtocolClient (GrpcClientProtocolClient.java:onNext(255)) - client-391BA870FC40->947ec526-030f-41cc-8af7-a6f75e712ab0: receive RaftClientReply:client-391BA870FC40->947ec526-030f-41cc-8af7-a6f75e712ab0@group-5D45C35602B2, cid=683, SUCCESS, logIndex=865, commits[947ec526-030f-41cc-8af7-a6f75e712ab0:c866, c447b9b6-dde2-4ce7-aa81-d0e2eddc8fe9:c864, 28b540ac-241d-462a-a56c-509e92928066:c860]
2019-08-20 22:34:12,392 [grpc-default-executor-2] INFO  client.GrpcClientProtocolClient (GrpcClientProtocolClient.java:onNext(255)) - client-391BA870FC40->947ec526-030f-41cc-8af7-a6f75e712ab0: receive RaftClientReply:client-391BA870FC40->947ec526-030f-41cc-8af7-a6f75e712ab0@group-5D45C35602B2, cid=684, SUCCESS, logIndex=866, commits[947ec526-030f-41cc-8af7-a6f75e712ab0:c866, c447b9b6-dde2-4ce7-aa81-d0e2eddc8fe9:c864, 28b540ac-241d-462a-a56c-509e92928066:c864]
2019-08-20 22:34:12,393 | INFO  | DNAudit | user=null | ip=null | op=WRITE_CHUNK {blockData=conID: 2 locID: 102651687805976987 bcsId: 860} | ret=SUCCESS |  
2019-08-20 22:34:12,393 | INFO  | DNAudit | user=null | ip=null | op=WRITE_CHUNK {blockData=conID: 2 locID: 102651687805976987 bcsId: 860} | ret=SUCCESS |  
2019-08-20 22:34:12,394 | INFO  | DNAudit | user=null | ip=null | op=PUT_BLOCK {blockData=[blockId=conID: 2 locID: 102651687805976987 bcsId: 0,size=3145728]} | ret=SUCCESS |  
2019-08-20 22:34:12,396 | INFO  | DNAudit | user=null | ip=null | op=PUT_BLOCK {blockData=[blockId=conID: 2 locID: 102651687805976987 bcsId: 0,size=3145728]} | ret=SUCCESS |  
2019-08-20 22:34:12,401 | INFO  | DNAudit | user=null | ip=null | op=WRITE_CHUNK {blockData=conID: 2 locID: 102651687805976987 bcsId: 866} | ret=SUCCESS |  
2019-08-20 22:34:12,407 | INFO  | DNAudit | user=null | ip=null | op=WRITE_CHUNK {blockData=conID: 2 locID: 102651687805976987 bcsId: 866} | ret=SUCCESS |  
2019-08-20 22:34:12,407 | INFO  | DNAudit | user=null | ip=null | op=WRITE_CHUNK {blockData=conID: 2 locID: 102651687805976987 bcsId: 866} | ret=SUCCESS |  
2019-08-20 22:34:12,412 | INFO  | DNAudit | user=null | ip=null | op=WRITE_CHUNK {blockData=conID: 2 locID: 102651687805976987 bcsId: 866} | ret=SUCCESS |  
2019-08-20 22:34:12,413 | INFO  | DNAudit | user=null | ip=null | op=PUT_BLOCK {blockData=[blockId=conID: 2 locID: 102651687805976987 bcsId: 0,size=4194304]} | ret=SUCCESS |  
2019-08-20 22:34:12,413 [grpc-default-executor-2] INFO  client.GrpcClientProtocolClient (GrpcClientProtocolClient.java:onNext(255)) - client-391BA870FC40->947ec526-030f-41cc-8af7-a6f75e712ab0: receive RaftClientReply:client-391BA870FC40->947ec526-030f-41cc-8af7-a6f75e712ab0@group-5D45C35602B2, cid=685, SUCCESS, logIndex=869, commits[947ec526-030f-41cc-8af7-a6f75e712ab0:c870, c447b9b6-dde2-4ce7-aa81-d0e2eddc8fe9:c868, 28b540ac-241d-462a-a56c-509e92928066:c868]
2019-08-20 22:34:12,414 [grpc-default-executor-2] INFO  client.GrpcClientProtocolClient (GrpcClientProtocolClient.java:onNext(255)) - client-391BA870FC40->947ec526-030f-41cc-8af7-a6f75e712ab0: receive RaftClientReply:client-391BA870FC40->947ec526-030f-41cc-8af7-a6f75e712ab0@group-5D45C35602B2, cid=686, SUCCESS, logIndex=870, commits[947ec526-030f-41cc-8af7-a6f75e712ab0:c870, c447b9b6-dde2-4ce7-aa81-d0e2eddc8fe9:c868, 28b540ac-241d-462a-a56c-509e92928066:c868]
2019-08-20 22:34:12,422 | INFO  | DNAudit | user=null | ip=null | op=WRITE_CHUNK {blockData=conID: 2 locID: 102651687805976987 bcsId: 866} | ret=SUCCESS |  
2019-08-20 22:34:12,422 | INFO  | DNAudit | user=null | ip=null | op=WRITE_CHUNK {blockData=conID: 2 locID: 102651687805976987 bcsId: 866} | ret=SUCCESS |  
2019-08-20 22:34:12,425 | INFO  | DNAudit | user=null | ip=null | op=PUT_BLOCK {blockData=[blockId=conID: 2 locID: 102651687805976987 bcsId: 0,size=4194304]} | ret=SUCCESS |  
2019-08-20 22:34:12,425 | INFO  | DNAudit | user=null | ip=null | op=PUT_BLOCK {blockData=[blockId=conID: 2 locID: 102651687805976987 bcsId: 0,size=4194304]} | ret=SUCCESS |  
2019-08-20 22:34:12,426 [grpc-default-executor-2] INFO  client.GrpcClientProtocolClient (GrpcClientProtocolClient.java:onNext(255)) - client-391BA870FC40->947ec526-030f-41cc-8af7-a6f75e712ab0: receive RaftClientReply:client-391BA870FC40->947ec526-030f-41cc-8af7-a6f75e712ab0@group-5D45C35602B2, cid=687, SUCCESS, logIndex=0, commits[947ec526-030f-41cc-8af7-a6f75e712ab0:c872, c447b9b6-dde2-4ce7-aa81-d0e2eddc8fe9:c870, 28b540ac-241d-462a-a56c-509e92928066:c870]
2019-08-20 22:34:12,435 | INFO  | SCMAudit | user=jenkins1000 | ip=192.168.5.142 | op=SEND_HEARTBEAT {datanodeUUID=d55cd342-4e6c-4701-86f3-cb557f3478dc, command=[]} | ret=SUCCESS |  
2019-08-20 22:34:12,437 | INFO  | DNAudit | user=null | ip=null | op=WRITE_CHUNK {blockData=conID: 3 locID: 102651687806042524 bcsId: 0} | ret=SUCCESS |  
2019-08-20 22:34:12,439 | INFO  | DNAudit | user=null | ip=null | op=WRITE_CHUNK {blockData=conID: 3 locID: 102651687806042524 bcsId: 0} | ret=SUCCESS |  
2019-08-20 22:34:12,443 | INFO  | DNAudit | user=null | ip=null | op=WRITE_CHUNK {blockData=conID: 3 locID: 102651687806042524 bcsId: 0} | ret=SUCCESS |  
2019-08-20 22:34:12,445 | INFO  | DNAudit | user=null | ip=null | op=WRITE_CHUNK {blockData=conID: 3 locID: 102651687806042524 bcsId: 0} | ret=SUCCESS |  
2019-08-20 22:34:12,445 | INFO  | DNAudit | user=null | ip=null | op=WRITE_CHUNK {blockData=conID: 3 locID: 102651687806042524 bcsId: 0} | ret=SUCCESS |  
2019-08-20 22:34:12,447 | INFO  | DNAudit | user=null | ip=null | op=WRITE_CHUNK {blockData=conID: 3 locID: 102651687806042524 bcsId: 0} | ret=SUCCESS |  
2019-08-20 22:34:12,456 | INFO  | DNAudit | user=null | ip=null | op=WRITE_CHUNK {blockData=conID: 3 locID: 102651687806042524 bcsId: 0} | ret=SUCCESS |  
2019-08-20 22:34:12,456 | INFO  | DNAudit | user=null | ip=null | op=PUT_BLOCK {blockData=[blockId=conID: 3 locID: 102651687806042524 bcsId: 0,size=1048576]} | ret=SUCCESS |  
2019-08-20 22:34:12,457 | INFO  | DNAudit | user=null | ip=null | op=WRITE_CHUNK {blockData=conID: 3 locID: 102651687806042524 bcsId: 0} | ret=SUCCESS |  
2019-08-20 22:34:12,457 [grpc-default-executor-2] INFO  client.GrpcClientProtocolClient (GrpcClientProtocolClient.java:onNext(255)) - client-391BA870FC40->947ec526-030f-41cc-8af7-a6f75e712ab0: receive RaftClientReply:client-391BA870FC40->947ec526-030f-41cc-8af7-a6f75e712ab0@group-5D45C35602B2, cid=688, SUCCESS, logIndex=873, commits[947ec526-030f-41cc-8af7-a6f75e712ab0:c876, c447b9b6-dde2-4ce7-aa81-d0e2eddc8fe9:c872, 28b540ac-241d-462a-a56c-509e92928066:c872]
2019-08-20 22:34:12,457 | INFO  | DNAudit | user=null | ip=null | op=PUT_BLOCK {blockData=[blockId=conID: 3 locID: 102651687806042524 bcsId: 0,size=2097152]} | ret=SUCCESS |  
2019-08-20 22:34:12,457 | INFO  | DNAudit | user=null | ip=null | op=WRITE_CHUNK {blockData=conID: 3 locID: 102651687806042524 bcsId: 0} | ret=SUCCESS |  
2019-08-20 22:34:12,458 [grpc-default-executor-2] INFO  client.GrpcClientProtocolClient (GrpcClientProtocolClient.java:onNext(255)) - client-391BA870FC40->947ec526-030f-41cc-8af7-a6f75e712ab0: receive RaftClientReply:client-391BA870FC40->947ec526-030f-41cc-8af7-a6f75e712ab0@group-5D45C35602B2, cid=689, SUCCESS, logIndex=874, commits[947ec526-030f-41cc-8af7-a6f75e712ab0:c876, c447b9b6-dde2-4ce7-aa81-d0e2eddc8fe9:c872, 28b540ac-241d-462a-a56c-509e92928066:c872]
2019-08-20 22:34:12,458 | INFO  | DNAudit | user=null | ip=null | op=WRITE_CHUNK {blockData=conID: 3 locID: 102651687806042524 bcsId: 0} | ret=SUCCESS |  
2019-08-20 22:34:12,458 | INFO  | DNAudit | user=null | ip=null | op=PUT_BLOCK {blockData=[blockId=conID: 3 locID: 102651687806042524 bcsId: 0,size=1048576]} | ret=SUCCESS |  
2019-08-20 22:34:12,458 [grpc-default-executor-2] INFO  client.GrpcClientProtocolClient (GrpcClientProtocolClient.java:onNext(255)) - client-391BA870FC40->947ec526-030f-41cc-8af7-a6f75e712ab0: receive RaftClientReply:client-391BA870FC40->947ec526-030f-41cc-8af7-a6f75e712ab0@group-5D45C35602B2, cid=690, SUCCESS, logIndex=875, commits[947ec526-030f-41cc-8af7-a6f75e712ab0:c876, c447b9b6-dde2-4ce7-aa81-d0e2eddc8fe9:c872, 28b540ac-241d-462a-a56c-509e92928066:c872]
2019-08-20 22:34:12,458 | INFO  | DNAudit | user=null | ip=null | op=PUT_BLOCK {blockData=[blockId=conID: 3 locID: 102651687806042524 bcsId: 0,size=1048576]} | ret=SUCCESS |  
2019-08-20 22:34:12,458 | INFO  | DNAudit | user=null | ip=null | op=WRITE_CHUNK {blockData=conID: 3 locID: 102651687806042524 bcsId: 0} | ret=SUCCESS |  
2019-08-20 22:34:12,459 [grpc-default-executor-2] INFO  client.GrpcClientProtocolClient (GrpcClientProtocolClient.java:onNext(255)) - client-391BA870FC40->947ec526-030f-41cc-8af7-a6f75e712ab0: receive RaftClientReply:client-391BA870FC40->947ec526-030f-41cc-8af7-a6f75e712ab0@group-5D45C35602B2, cid=691, SUCCESS, logIndex=876, commits[947ec526-030f-41cc-8af7-a6f75e712ab0:c877, c447b9b6-dde2-4ce7-aa81-d0e2eddc8fe9:c872, 28b540ac-241d-462a-a56c-509e92928066:c874]
2019-08-20 22:34:12,459 | INFO  | DNAudit | user=null | ip=null | op=PUT_BLOCK {blockData=[blockId=conID: 3 locID: 102651687806042524 bcsId: 0,size=2097152]} | ret=SUCCESS |  
2019-08-20 22:34:12,459 | INFO  | DNAudit | user=null | ip=null | op=WRITE_CHUNK {blockData=conID: 3 locID: 102651687806042524 bcsId: 0} | ret=SUCCESS |  
2019-08-20 22:34:12,459 | INFO  | DNAudit | user=null | ip=null | op=PUT_BLOCK {blockData=[blockId=conID: 3 locID: 102651687806042524 bcsId: 0,size=2097152]} | ret=SUCCESS |  
2019-08-20 22:34:12,460 [grpc-default-executor-2] INFO  client.GrpcClientProtocolClient (GrpcClientProtocolClient.java:onNext(255)) - client-391BA870FC40->947ec526-030f-41cc-8af7-a6f75e712ab0: receive RaftClientReply:client-391BA870FC40->947ec526-030f-41cc-8af7-a6f75e712ab0@group-5D45C35602B2, cid=692, SUCCESS, logIndex=0, commits[947ec526-030f-41cc-8af7-a6f75e712ab0:c880, c447b9b6-dde2-4ce7-aa81-d0e2eddc8fe9:c876, 28b540ac-241d-462a-a56c-509e92928066:c876]
2019-08-20 22:34:12,469 | INFO  | DNAudit | user=null | ip=null | op=WRITE_CHUNK {blockData=conID: 3 locID: 102651687806042524 bcsId: 876} | ret=SUCCESS |  
2019-08-20 22:34:12,473 | INFO  | DNAudit | user=null | ip=null | op=WRITE_CHUNK {blockData=conID: 3 locID: 102651687806042524 bcsId: 876} | ret=SUCCESS |  
2019-08-20 22:34:12,474 | INFO  | DNAudit | user=null | ip=null | op=WRITE_CHUNK {blockData=conID: 3 locID: 102651687806042524 bcsId: 876} | ret=SUCCESS |  
2019-08-20 22:34:12,478 | INFO  | DNAudit | user=null | ip=null | op=WRITE_CHUNK {blockData=conID: 3 locID: 102651687806042524 bcsId: 876} | ret=SUCCESS |  
2019-08-20 22:34:12,479 | INFO  | DNAudit | user=null | ip=null | op=PUT_BLOCK {blockData=[blockId=conID: 3 locID: 102651687806042524 bcsId: 0,size=3145728]} | ret=SUCCESS |  
2019-08-20 22:34:12,479 [grpc-default-executor-5] INFO  client.GrpcClientProtocolClient (GrpcClientProtocolClient.java:onNext(255)) - client-391BA870FC40->947ec526-030f-41cc-8af7-a6f75e712ab0: receive RaftClientReply:client-391BA870FC40->947ec526-030f-41cc-8af7-a6f75e712ab0@group-5D45C35602B2, cid=693, SUCCESS, logIndex=881, commits[947ec526-030f-41cc-8af7-a6f75e712ab0:c882, c447b9b6-dde2-4ce7-aa81-d0e2eddc8fe9:c880, 28b540ac-241d-462a-a56c-509e92928066:c880]
2019-08-20 22:34:12,480 [grpc-default-executor-5] INFO  client.GrpcClientProtocolClient (GrpcClientProtocolClient.java:onNext(255)) - client-391BA870FC40->947ec526-030f-41cc-8af7-a6f75e712ab0: receive RaftClientReply:client-391BA870FC40->947ec526-030f-41cc-8af7-a6f75e712ab0@group-5D45C35602B2, cid=694, SUCCESS, logIndex=882, commits[947ec526-030f-41cc-8af7-a6f75e712ab0:c882, c447b9b6-dde2-4ce7-aa81-d0e2eddc8fe9:c880, 28b540ac-241d-462a-a56c-509e92928066:c880]
2019-08-20 22:34:12,486 | INFO  | DNAudit | user=null | ip=null | op=WRITE_CHUNK {blockData=conID: 3 locID: 102651687806042524 bcsId: 876} | ret=SUCCESS |  
2019-08-20 22:34:12,487 | INFO  | DNAudit | user=null | ip=null | op=WRITE_CHUNK {blockData=conID: 3 locID: 102651687806042524 bcsId: 876} | ret=SUCCESS |  
2019-08-20 22:34:12,488 | INFO  | DNAudit | user=null | ip=null | op=PUT_BLOCK {blockData=[blockId=conID: 3 locID: 102651687806042524 bcsId: 0,size=3145728]} | ret=SUCCESS |  
2019-08-20 22:34:12,488 | INFO  | DNAudit | user=null | ip=null | op=PUT_BLOCK {blockData=[blockId=conID: 3 locID: 102651687806042524 bcsId: 0,size=3145728]} | ret=SUCCESS |  
2019-08-20 22:34:12,489 | INFO  | DNAudit | user=null | ip=null | op=WRITE_CHUNK {blockData=conID: 3 locID: 102651687806042524 bcsId: 882} | ret=SUCCESS |  
2019-08-20 22:34:12,493 | INFO  | DNAudit | user=null | ip=null | op=WRITE_CHUNK {blockData=conID: 3 locID: 102651687806042524 bcsId: 882} | ret=SUCCESS |  
2019-08-20 22:34:12,493 | INFO  | DNAudit | user=null | ip=null | op=WRITE_CHUNK {blockData=conID: 3 locID: 102651687806042524 bcsId: 882} | ret=SUCCESS |  
2019-08-20 22:34:12,502 | INFO  | DNAudit | user=null | ip=null | op=WRITE_CHUNK {blockData=conID: 3 locID: 102651687806042524 bcsId: 882} | ret=SUCCESS |  
2019-08-20 22:34:12,502 | INFO  | DNAudit | user=null | ip=null | op=PUT_BLOCK {blockData=[blockId=conID: 3 locID: 102651687806042524 bcsId: 0,size=4194304]} | ret=SUCCESS |  
2019-08-20 22:34:12,503 [grpc-default-executor-2] INFO  client.GrpcClientProtocolClient (GrpcClientProtocolClient.java:onNext(255)) - client-391BA870FC40->947ec526-030f-41cc-8af7-a6f75e712ab0: receive RaftClientReply:client-391BA870FC40->947ec526-030f-41cc-8af7-a6f75e712ab0@group-5D45C35602B2, cid=695, SUCCESS, logIndex=885, commits[947ec526-030f-41cc-8af7-a6f75e712ab0:c886, c447b9b6-dde2-4ce7-aa81-d0e2eddc8fe9:c883, 28b540ac-241d-462a-a56c-509e92928066:c883]
2019-08-20 22:34:12,503 [grpc-default-executor-2] INFO  client.GrpcClientProtocolClient (GrpcClientProtocolClient.java:onNext(255)) - client-391BA870FC40->947ec526-030f-41cc-8af7-a6f75e712ab0: receive RaftClientReply:client-391BA870FC40->947ec526-030f-41cc-8af7-a6f75e712ab0@group-5D45C35602B2, cid=696, SUCCESS, logIndex=886, commits[947ec526-030f-41cc-8af7-a6f75e712ab0:c886, c447b9b6-dde2-4ce7-aa81-d0e2eddc8fe9:c883, 28b540ac-241d-462a-a56c-509e92928066:c883]
2019-08-20 22:34:12,514 | INFO  | DNAudit | user=null | ip=null | op=WRITE_CHUNK {blockData=conID: 3 locID: 102651687806042524 bcsId: 882} | ret=SUCCESS |  
2019-08-20 22:34:12,514 | INFO  | DNAudit | user=null | ip=null | op=WRITE_CHUNK {blockData=conID: 3 locID: 102651687806042524 bcsId: 882} | ret=SUCCESS |  
2019-08-20 22:34:12,514 | INFO  | DNAudit | user=null | ip=null | op=PUT_BLOCK {blockData=[blockId=conID: 3 locID: 102651687806042524 bcsId: 0,size=4194304]} | ret=SUCCESS |  
2019-08-20 22:34:12,515 | INFO  | DNAudit | user=null | ip=null | op=PUT_BLOCK {blockData=[blockId=conID: 3 locID: 102651687806042524 bcsId: 0,size=4194304]} | ret=SUCCESS |  
2019-08-20 22:34:12,516 [grpc-default-executor-2] INFO  client.GrpcClientProtocolClient (GrpcClientProtocolClient.java:onNext(255)) - client-391BA870FC40->947ec526-030f-41cc-8af7-a6f75e712ab0: receive RaftClientReply:client-391BA870FC40->947ec526-030f-41cc-8af7-a6f75e712ab0@group-5D45C35602B2, cid=697, SUCCESS, logIndex=0, commits[947ec526-030f-41cc-8af7-a6f75e712ab0:c887, c447b9b6-dde2-4ce7-aa81-d0e2eddc8fe9:c886, 28b540ac-241d-462a-a56c-509e92928066:c886]
2019-08-20 22:34:12,526 | INFO  | DNAudit | user=null | ip=null | op=WRITE_CHUNK {blockData=conID: 1 locID: 102651687806042525 bcsId: 0} | ret=SUCCESS |  
2019-08-20 22:34:12,529 | INFO  | DNAudit | user=null | ip=null | op=WRITE_CHUNK {blockData=conID: 1 locID: 102651687806042525 bcsId: 0} | ret=SUCCESS |  
2019-08-20 22:34:12,529 | INFO  | DNAudit | user=null | ip=null | op=WRITE_CHUNK {blockData=conID: 1 locID: 102651687806042525 bcsId: 0} | ret=SUCCESS |  
2019-08-20 22:34:12,531 | INFO  | DNAudit | user=null | ip=null | op=WRITE_CHUNK {blockData=conID: 1 locID: 102651687806042525 bcsId: 0} | ret=SUCCESS |  
2019-08-20 22:34:12,534 | INFO  | DNAudit | user=null | ip=null | op=WRITE_CHUNK {blockData=conID: 1 locID: 102651687806042525 bcsId: 0} | ret=SUCCESS |  
2019-08-20 22:34:12,535 | INFO  | DNAudit | user=null | ip=null | op=WRITE_CHUNK {blockData=conID: 1 locID: 102651687806042525 bcsId: 0} | ret=SUCCESS |  
2019-08-20 22:34:12,539 | INFO  | DNAudit | user=null | ip=null | op=WRITE_CHUNK {blockData=conID: 1 locID: 102651687806042525 bcsId: 0} | ret=SUCCESS |  
2019-08-20 22:34:12,539 | INFO  | DNAudit | user=null | ip=null | op=PUT_BLOCK {blockData=[blockId=conID: 1 locID: 102651687806042525 bcsId: 0,size=1048576]} | ret=SUCCESS |  
2019-08-20 22:34:12,540 [grpc-default-executor-2] INFO  client.GrpcClientProtocolClient (GrpcClientProtocolClient.java:onNext(255)) - client-391BA870FC40->947ec526-030f-41cc-8af7-a6f75e712ab0: receive RaftClientReply:client-391BA870FC40->947ec526-030f-41cc-8af7-a6f75e712ab0@group-5D45C35602B2, cid=698, SUCCESS, logIndex=889, commits[947ec526-030f-41cc-8af7-a6f75e712ab0:c890, c447b9b6-dde2-4ce7-aa81-d0e2eddc8fe9:c888, 28b540ac-241d-462a-a56c-509e92928066:c888]
2019-08-20 22:34:12,540 [grpc-default-executor-2] INFO  client.GrpcClientProtocolClient (GrpcClientProtocolClient.java:onNext(255)) - client-391BA870FC40->947ec526-030f-41cc-8af7-a6f75e712ab0: receive RaftClientReply:client-391BA870FC40->947ec526-030f-41cc-8af7-a6f75e712ab0@group-5D45C35602B2, cid=699, SUCCESS, logIndex=890, commits[947ec526-030f-41cc-8af7-a6f75e712ab0:c890, c447b9b6-dde2-4ce7-aa81-d0e2eddc8fe9:c888, 28b540ac-241d-462a-a56c-509e92928066:c888]
2019-08-20 22:34:12,541 | INFO  | DNAudit | user=null | ip=null | op=WRITE_CHUNK {blockData=conID: 1 locID: 102651687806042525 bcsId: 0} | ret=SUCCESS |  
2019-08-20 22:34:12,542 | INFO  | DNAudit | user=null | ip=null | op=PUT_BLOCK {blockData=[blockId=conID: 1 locID: 102651687806042525 bcsId: 0,size=2097152]} | ret=SUCCESS |  
2019-08-20 22:34:12,542 [grpc-default-executor-5] INFO  client.GrpcClientProtocolClient (GrpcClientProtocolClient.java:onNext(255)) - client-391BA870FC40->947ec526-030f-41cc-8af7-a6f75e712ab0: receive RaftClientReply:client-391BA870FC40->947ec526-030f-41cc-8af7-a6f75e712ab0@group-5D45C35602B2, cid=700, SUCCESS, logIndex=891, commits[947ec526-030f-41cc-8af7-a6f75e712ab0:c892, c447b9b6-dde2-4ce7-aa81-d0e2eddc8fe9:c888, 28b540ac-241d-462a-a56c-509e92928066:c888]
2019-08-20 22:34:12,543 [grpc-default-executor-5] INFO  client.GrpcClientProtocolClient (GrpcClientProtocolClient.java:onNext(255)) - client-391BA870FC40->947ec526-030f-41cc-8af7-a6f75e712ab0: receive RaftClientReply:client-391BA870FC40->947ec526-030f-41cc-8af7-a6f75e712ab0@group-5D45C35602B2, cid=701, SUCCESS, logIndex=892, commits[947ec526-030f-41cc-8af7-a6f75e712ab0:c892, c447b9b6-dde2-4ce7-aa81-d0e2eddc8fe9:c888, 28b540ac-241d-462a-a56c-509e92928066:c888]
2019-08-20 22:34:12,552 | INFO  | DNAudit | user=null | ip=null | op=WRITE_CHUNK {blockData=conID: 1 locID: 102651687806042525 bcsId: 0} | ret=SUCCESS |  
2019-08-20 22:34:12,552 | INFO  | DNAudit | user=null | ip=null | op=WRITE_CHUNK {blockData=conID: 1 locID: 102651687806042525 bcsId: 0} | ret=SUCCESS |  
2019-08-20 22:34:12,553 | INFO  | DNAudit | user=null | ip=null | op=PUT_BLOCK {blockData=[blockId=conID: 1 locID: 102651687806042525 bcsId: 0,size=1048576]} | ret=SUCCESS |  
2019-08-20 22:34:12,553 | INFO  | DNAudit | user=null | ip=null | op=PUT_BLOCK {blockData=[blockId=conID: 1 locID: 102651687806042525 bcsId: 0,size=1048576]} | ret=SUCCESS |  
2019-08-20 22:34:12,553 | INFO  | DNAudit | user=null | ip=null | op=WRITE_CHUNK {blockData=conID: 1 locID: 102651687806042525 bcsId: 0} | ret=SUCCESS |  
2019-08-20 22:34:12,553 | INFO  | DNAudit | user=null | ip=null | op=WRITE_CHUNK {blockData=conID: 1 locID: 102651687806042525 bcsId: 0} | ret=SUCCESS |  
2019-08-20 22:34:12,554 | INFO  | DNAudit | user=null | ip=null | op=PUT_BLOCK {blockData=[blockId=conID: 1 locID: 102651687806042525 bcsId: 0,size=2097152]} | ret=SUCCESS |  
2019-08-20 22:34:12,554 | INFO  | DNAudit | user=null | ip=null | op=PUT_BLOCK {blockData=[blockId=conID: 1 locID: 102651687806042525 bcsId: 0,size=2097152]} | ret=SUCCESS |  
2019-08-20 22:34:12,554 [grpc-default-executor-3] INFO  client.GrpcClientProtocolClient (GrpcClientProtocolClient.java:onNext(255)) - client-391BA870FC40->947ec526-030f-41cc-8af7-a6f75e712ab0: receive RaftClientReply:client-391BA870FC40->947ec526-030f-41cc-8af7-a6f75e712ab0@group-5D45C35602B2, cid=702, SUCCESS, logIndex=0, commits[947ec526-030f-41cc-8af7-a6f75e712ab0:c894, c447b9b6-dde2-4ce7-aa81-d0e2eddc8fe9:c890, 28b540ac-241d-462a-a56c-509e92928066:c890]
2019-08-20 22:34:12,564 | INFO  | DNAudit | user=null | ip=null | op=WRITE_CHUNK {blockData=conID: 1 locID: 102651687806042525 bcsId: 892} | ret=SUCCESS |  
2019-08-20 22:34:12,567 | INFO  | DNAudit | user=null | ip=null | op=WRITE_CHUNK {blockData=conID: 1 locID: 102651687806042525 bcsId: 892} | ret=SUCCESS |  
2019-08-20 22:34:12,567 | INFO  | DNAudit | user=null | ip=null | op=WRITE_CHUNK {blockData=conID: 1 locID: 102651687806042525 bcsId: 892} | ret=SUCCESS |  
2019-08-20 22:34:12,577 | INFO  | DNAudit | user=null | ip=null | op=WRITE_CHUNK {blockData=conID: 1 locID: 102651687806042525 bcsId: 892} | ret=SUCCESS |  
2019-08-20 22:34:12,578 | INFO  | DNAudit | user=null | ip=null | op=PUT_BLOCK {blockData=[blockId=conID: 1 locID: 102651687806042525 bcsId: 0,size=3145728]} | ret=SUCCESS |  
2019-08-20 22:34:12,578 [grpc-default-executor-2] INFO  client.GrpcClientProtocolClient (GrpcClientProtocolClient.java:onNext(255)) - client-391BA870FC40->947ec526-030f-41cc-8af7-a6f75e712ab0: receive RaftClientReply:client-391BA870FC40->947ec526-030f-41cc-8af7-a6f75e712ab0@group-5D45C35602B2, cid=703, SUCCESS, logIndex=897, commits[947ec526-030f-41cc-8af7-a6f75e712ab0:c898, c447b9b6-dde2-4ce7-aa81-d0e2eddc8fe9:c896, 28b540ac-241d-462a-a56c-509e92928066:c896]
2019-08-20 22:34:12,579 [grpc-default-executor-2] INFO  client.GrpcClientProtocolClient (GrpcClientProtocolClient.java:onNext(255)) - client-391BA870FC40->947ec526-030f-41cc-8af7-a6f75e712ab0: receive RaftClientReply:client-391BA870FC40->947ec526-030f-41cc-8af7-a6f75e712ab0@group-5D45C35602B2, cid=704, SUCCESS, logIndex=898, commits[947ec526-030f-41cc-8af7-a6f75e712ab0:c898, c447b9b6-dde2-4ce7-aa81-d0e2eddc8fe9:c896, 28b540ac-241d-462a-a56c-509e92928066:c896]
2019-08-20 22:34:12,589 | INFO  | DNAudit | user=null | ip=null | op=WRITE_CHUNK {blockData=conID: 1 locID: 102651687806042525 bcsId: 892} | ret=SUCCESS |  
2019-08-20 22:34:12,589 | INFO  | DNAudit | user=null | ip=null | op=WRITE_CHUNK {blockData=conID: 1 locID: 102651687806042525 bcsId: 892} | ret=SUCCESS |  
2019-08-20 22:34:12,590 | INFO  | DNAudit | user=null | ip=null | op=PUT_BLOCK {blockData=[blockId=conID: 1 locID: 102651687806042525 bcsId: 0,size=3145728]} | ret=SUCCESS |  
2019-08-20 22:34:12,590 | INFO  | DNAudit | user=null | ip=null | op=PUT_BLOCK {blockData=[blockId=conID: 1 locID: 102651687806042525 bcsId: 0,size=3145728]} | ret=SUCCESS |  
2019-08-20 22:34:12,591 | INFO  | DNAudit | user=null | ip=null | op=WRITE_CHUNK {blockData=conID: 1 locID: 102651687806042525 bcsId: 898} | ret=SUCCESS |  
2019-08-20 22:34:12,594 | INFO  | DNAudit | user=null | ip=null | op=WRITE_CHUNK {blockData=conID: 1 locID: 102651687806042525 bcsId: 898} | ret=SUCCESS |  
2019-08-20 22:34:12,595 | INFO  | DNAudit | user=null | ip=null | op=WRITE_CHUNK {blockData=conID: 1 locID: 102651687806042525 bcsId: 898} | ret=SUCCESS |  
2019-08-20 22:34:12,604 | INFO  | DNAudit | user=null | ip=null | op=WRITE_CHUNK {blockData=conID: 1 locID: 102651687806042525 bcsId: 898} | ret=SUCCESS |  
2019-08-20 22:34:12,605 | INFO  | DNAudit | user=null | ip=null | op=PUT_BLOCK {blockData=[blockId=conID: 1 locID: 102651687806042525 bcsId: 0,size=4194304]} | ret=SUCCESS |  
2019-08-20 22:34:12,605 [grpc-default-executor-2] INFO  client.GrpcClientProtocolClient (GrpcClientProtocolClient.java:onNext(255)) - client-391BA870FC40->947ec526-030f-41cc-8af7-a6f75e712ab0: receive RaftClientReply:client-391BA870FC40->947ec526-030f-41cc-8af7-a6f75e712ab0@group-5D45C35602B2, cid=705, SUCCESS, logIndex=901, commits[947ec526-030f-41cc-8af7-a6f75e712ab0:c902, c447b9b6-dde2-4ce7-aa81-d0e2eddc8fe9:c898, 28b540ac-241d-462a-a56c-509e92928066:c898]
2019-08-20 22:34:12,605 [grpc-default-executor-2] INFO  client.GrpcClientProtocolClient (GrpcClientProtocolClient.java:onNext(255)) - client-391BA870FC40->947ec526-030f-41cc-8af7-a6f75e712ab0: receive RaftClientReply:client-391BA870FC40->947ec526-030f-41cc-8af7-a6f75e712ab0@group-5D45C35602B2, cid=706, SUCCESS, logIndex=902, commits[947ec526-030f-41cc-8af7-a6f75e712ab0:c902, c447b9b6-dde2-4ce7-aa81-d0e2eddc8fe9:c898, 28b540ac-241d-462a-a56c-509e92928066:c898]
2019-08-20 22:34:12,615 | INFO  | DNAudit | user=null | ip=null | op=WRITE_CHUNK {blockData=conID: 1 locID: 102651687806042525 bcsId: 898} | ret=SUCCESS |  
2019-08-20 22:34:12,615 | INFO  | DNAudit | user=null | ip=null | op=WRITE_CHUNK {blockData=conID: 1 locID: 102651687806042525 bcsId: 898} | ret=SUCCESS |  
2019-08-20 22:34:12,616 | INFO  | DNAudit | user=null | ip=null | op=PUT_BLOCK {blockData=[blockId=conID: 1 locID: 102651687806042525 bcsId: 0,size=4194304]} | ret=SUCCESS |  
2019-08-20 22:34:12,616 | INFO  | DNAudit | user=null | ip=null | op=PUT_BLOCK {blockData=[blockId=conID: 1 locID: 102651687806042525 bcsId: 0,size=4194304]} | ret=SUCCESS |  
2019-08-20 22:34:12,616 [grpc-default-executor-2] INFO  client.GrpcClientProtocolClient (GrpcClientProtocolClient.java:onNext(255)) - client-391BA870FC40->947ec526-030f-41cc-8af7-a6f75e712ab0: receive RaftClientReply:client-391BA870FC40->947ec526-030f-41cc-8af7-a6f75e712ab0@group-5D45C35602B2, cid=707, SUCCESS, logIndex=0, commits[947ec526-030f-41cc-8af7-a6f75e712ab0:c903, c447b9b6-dde2-4ce7-aa81-d0e2eddc8fe9:c902, 28b540ac-241d-462a-a56c-509e92928066:c902]
2019-08-20 22:34:12,627 | INFO  | DNAudit | user=null | ip=null | op=WRITE_CHUNK {blockData=conID: 2 locID: 102651687806042526 bcsId: 0} | ret=SUCCESS |  
2019-08-20 22:34:12,630 | INFO  | DNAudit | user=null | ip=null | op=WRITE_CHUNK {blockData=conID: 2 locID: 102651687806042526 bcsId: 0} | ret=SUCCESS |  
2019-08-20 22:34:12,630 | INFO  | DNAudit | user=null | ip=null | op=WRITE_CHUNK {blockData=conID: 2 locID: 102651687806042526 bcsId: 0} | ret=SUCCESS |  
2019-08-20 22:34:12,633 | INFO  | DNAudit | user=null | ip=null | op=WRITE_CHUNK {blockData=conID: 2 locID: 102651687806042526 bcsId: 0} | ret=SUCCESS |  
2019-08-20 22:34:12,636 | INFO  | DNAudit | user=null | ip=null | op=WRITE_CHUNK {blockData=conID: 2 locID: 102651687806042526 bcsId: 0} | ret=SUCCESS |  
2019-08-20 22:34:12,636 | INFO  | DNAudit | user=null | ip=null | op=WRITE_CHUNK {blockData=conID: 2 locID: 102651687806042526 bcsId: 0} | ret=SUCCESS |  
2019-08-20 22:34:12,640 | INFO  | DNAudit | user=null | ip=null | op=WRITE_CHUNK {blockData=conID: 2 locID: 102651687806042526 bcsId: 0} | ret=SUCCESS |  
2019-08-20 22:34:12,641 | INFO  | DNAudit | user=null | ip=null | op=PUT_BLOCK {blockData=[blockId=conID: 2 locID: 102651687806042526 bcsId: 0,size=1048576]} | ret=SUCCESS |  
2019-08-20 22:34:12,642 | INFO  | DNAudit | user=null | ip=null | op=WRITE_CHUNK {blockData=conID: 2 locID: 102651687806042526 bcsId: 0} | ret=SUCCESS |  
2019-08-20 22:34:12,642 [grpc-default-executor-5] INFO  client.GrpcClientProtocolClient (GrpcClientProtocolClient.java:onNext(255)) - client-391BA870FC40->947ec526-030f-41cc-8af7-a6f75e712ab0: receive RaftClientReply:client-391BA870FC40->947ec526-030f-41cc-8af7-a6f75e712ab0@group-5D45C35602B2, cid=708, SUCCESS, logIndex=905, commits[947ec526-030f-41cc-8af7-a6f75e712ab0:c907, c447b9b6-dde2-4ce7-aa81-d0e2eddc8fe9:c904, 28b540ac-241d-462a-a56c-509e92928066:c904]
2019-08-20 22:34:12,643 | INFO  | DNAudit | user=null | ip=null | op=PUT_BLOCK {blockData=[blockId=conID: 2 locID: 102651687806042526 bcsId: 0,size=2097152]} | ret=SUCCESS |  
2019-08-20 22:34:12,643 [grpc-default-executor-5] INFO  client.GrpcClientProtocolClient (GrpcClientProtocolClient.java:onNext(255)) - client-391BA870FC40->947ec526-030f-41cc-8af7-a6f75e712ab0: receive RaftClientReply:client-391BA870FC40->947ec526-030f-41cc-8af7-a6f75e712ab0@group-5D45C35602B2, cid=709, SUCCESS, logIndex=906, commits[947ec526-030f-41cc-8af7-a6f75e712ab0:c908, c447b9b6-dde2-4ce7-aa81-d0e2eddc8fe9:c904, 28b540ac-241d-462a-a56c-509e92928066:c904]
2019-08-20 22:34:12,643 [grpc-default-executor-5] INFO  client.GrpcClientProtocolClient (GrpcClientProtocolClient.java:onNext(255)) - client-391BA870FC40->947ec526-030f-41cc-8af7-a6f75e712ab0: receive RaftClientReply:client-391BA870FC40->947ec526-030f-41cc-8af7-a6f75e712ab0@group-5D45C35602B2, cid=710, SUCCESS, logIndex=907, commits[947ec526-030f-41cc-8af7-a6f75e712ab0:c908, c447b9b6-dde2-4ce7-aa81-d0e2eddc8fe9:c904, 28b540ac-241d-462a-a56c-509e92928066:c904]
2019-08-20 22:34:12,644 [grpc-default-executor-5] INFO  client.GrpcClientProtocolClient (GrpcClientProtocolClient.java:onNext(255)) - client-391BA870FC40->947ec526-030f-41cc-8af7-a6f75e712ab0: receive RaftClientReply:client-391BA870FC40->947ec526-030f-41cc-8af7-a6f75e712ab0@group-5D45C35602B2, cid=711, SUCCESS, logIndex=908, commits[947ec526-030f-41cc-8af7-a6f75e712ab0:c908, c447b9b6-dde2-4ce7-aa81-d0e2eddc8fe9:c904, 28b540ac-241d-462a-a56c-509e92928066:c904]
2019-08-20 22:34:12,644 | INFO  | DNAudit | user=null | ip=null | op=WRITE_CHUNK {blockData=conID: 2 locID: 102651687806042526 bcsId: 0} | ret=SUCCESS |  
2019-08-20 22:34:12,644 | INFO  | DNAudit | user=null | ip=null | op=WRITE_CHUNK {blockData=conID: 2 locID: 102651687806042526 bcsId: 0} | ret=SUCCESS |  
2019-08-20 22:34:12,644 | INFO  | DNAudit | user=null | ip=null | op=PUT_BLOCK {blockData=[blockId=conID: 2 locID: 102651687806042526 bcsId: 0,size=1048576]} | ret=SUCCESS |  
2019-08-20 22:34:12,644 | INFO  | DNAudit | user=null | ip=null | op=PUT_BLOCK {blockData=[blockId=conID: 2 locID: 102651687806042526 bcsId: 0,size=1048576]} | ret=SUCCESS |  
2019-08-20 22:34:12,645 [grpc-default-executor-5] INFO  client.GrpcClientProtocolClient (GrpcClientProtocolClient.java:onNext(255)) - client-391BA870FC40->947ec526-030f-41cc-8af7-a6f75e712ab0: receive RaftClientReply:client-391BA870FC40->947ec526-030f-41cc-8af7-a6f75e712ab0@group-5D45C35602B2, cid=712, SUCCESS, logIndex=0, commits[947ec526-030f-41cc-8af7-a6f75e712ab0:c909, c447b9b6-dde2-4ce7-aa81-d0e2eddc8fe9:c906, 28b540ac-241d-462a-a56c-509e92928066:c906]
2019-08-20 22:34:12,654 | INFO  | DNAudit | user=null | ip=null | op=WRITE_CHUNK {blockData=conID: 2 locID: 102651687806042526 bcsId: 908} | ret=SUCCESS |  
2019-08-20 22:34:12,655 | INFO  | DNAudit | user=null | ip=null | op=WRITE_CHUNK {blockData=conID: 2 locID: 102651687806042526 bcsId: 0} | ret=SUCCESS |  
2019-08-20 22:34:12,656 | INFO  | DNAudit | user=null | ip=null | op=PUT_BLOCK {blockData=[blockId=conID: 2 locID: 102651687806042526 bcsId: 0,size=2097152]} | ret=SUCCESS |  
2019-08-20 22:34:12,656 | INFO  | DNAudit | user=null | ip=null | op=WRITE_CHUNK {blockData=conID: 2 locID: 102651687806042526 bcsId: 0} | ret=SUCCESS |  
2019-08-20 22:34:12,656 | INFO  | DNAudit | user=null | ip=null | op=PUT_BLOCK {blockData=[blockId=conID: 2 locID: 102651687806042526 bcsId: 0,size=2097152]} | ret=SUCCESS |  
2019-08-20 22:34:12,658 | INFO  | DNAudit | user=null | ip=null | op=WRITE_CHUNK {blockData=conID: 2 locID: 102651687806042526 bcsId: 908} | ret=SUCCESS |  
2019-08-20 22:34:12,658 | INFO  | DNAudit | user=null | ip=null | op=WRITE_CHUNK {blockData=conID: 2 locID: 102651687806042526 bcsId: 908} | ret=SUCCESS |  
2019-08-20 22:34:12,668 | INFO  | DNAudit | user=null | ip=null | op=WRITE_CHUNK {blockData=conID: 2 locID: 102651687806042526 bcsId: 908} | ret=SUCCESS |  
2019-08-20 22:34:12,669 | INFO  | DNAudit | user=null | ip=null | op=PUT_BLOCK {blockData=[blockId=conID: 2 locID: 102651687806042526 bcsId: 0,size=3145728]} | ret=SUCCESS |  
2019-08-20 22:34:12,669 [grpc-default-executor-2] INFO  client.GrpcClientProtocolClient (GrpcClientProtocolClient.java:onNext(255)) - client-391BA870FC40->947ec526-030f-41cc-8af7-a6f75e712ab0: receive RaftClientReply:client-391BA870FC40->947ec526-030f-41cc-8af7-a6f75e712ab0@group-5D45C35602B2, cid=713, SUCCESS, logIndex=913, commits[947ec526-030f-41cc-8af7-a6f75e712ab0:c914, c447b9b6-dde2-4ce7-aa81-d0e2eddc8fe9:c909, 28b540ac-241d-462a-a56c-509e92928066:c909]
2019-08-20 22:34:12,669 [grpc-default-executor-2] INFO  client.GrpcClientProtocolClient (GrpcClientProtocolClient.java:onNext(255)) - client-391BA870FC40->947ec526-030f-41cc-8af7-a6f75e712ab0: receive RaftClientReply:client-391BA870FC40->947ec526-030f-41cc-8af7-a6f75e712ab0@group-5D45C35602B2, cid=714, SUCCESS, logIndex=914, commits[947ec526-030f-41cc-8af7-a6f75e712ab0:c914, c447b9b6-dde2-4ce7-aa81-d0e2eddc8fe9:c909, 28b540ac-241d-462a-a56c-509e92928066:c909]
2019-08-20 22:34:12,670 | INFO  | DNAudit | user=null | ip=null | op=WRITE_CHUNK {blockData=conID: 2 locID: 102651687806042526 bcsId: 908} | ret=SUCCESS |  
2019-08-20 22:34:12,670 | INFO  | DNAudit | user=null | ip=null | op=PUT_BLOCK {blockData=[blockId=conID: 2 locID: 102651687806042526 bcsId: 0,size=3145728]} | ret=SUCCESS |  
2019-08-20 22:34:12,670 | INFO  | DNAudit | user=null | ip=null | op=WRITE_CHUNK {blockData=conID: 2 locID: 102651687806042526 bcsId: 908} | ret=SUCCESS |  
2019-08-20 22:34:12,671 | INFO  | DNAudit | user=null | ip=null | op=PUT_BLOCK {blockData=[blockId=conID: 2 locID: 102651687806042526 bcsId: 0,size=3145728]} | ret=SUCCESS |  
2019-08-20 22:34:12,679 | INFO  | DNAudit | user=null | ip=null | op=WRITE_CHUNK {blockData=conID: 2 locID: 102651687806042526 bcsId: 914} | ret=SUCCESS |  
2019-08-20 22:34:12,683 | INFO  | DNAudit | user=null | ip=null | op=WRITE_CHUNK {blockData=conID: 2 locID: 102651687806042526 bcsId: 914} | ret=SUCCESS |  
2019-08-20 22:34:12,683 | INFO  | DNAudit | user=null | ip=null | op=WRITE_CHUNK {blockData=conID: 2 locID: 102651687806042526 bcsId: 914} | ret=SUCCESS |  
2019-08-20 22:34:12,690 | INFO  | DNAudit | user=null | ip=null | op=WRITE_CHUNK {blockData=conID: 2 locID: 102651687806042526 bcsId: 914} | ret=SUCCESS |  
2019-08-20 22:34:12,691 | INFO  | DNAudit | user=null | ip=null | op=PUT_BLOCK {blockData=[blockId=conID: 2 locID: 102651687806042526 bcsId: 0,size=4194304]} | ret=SUCCESS |  
2019-08-20 22:34:12,691 [grpc-default-executor-5] INFO  client.GrpcClientProtocolClient (GrpcClientProtocolClient.java:onNext(255)) - client-391BA870FC40->947ec526-030f-41cc-8af7-a6f75e712ab0: receive RaftClientReply:client-391BA870FC40->947ec526-030f-41cc-8af7-a6f75e712ab0@group-5D45C35602B2, cid=715, SUCCESS, logIndex=917, commits[947ec526-030f-41cc-8af7-a6f75e712ab0:c918, c447b9b6-dde2-4ce7-aa81-d0e2eddc8fe9:c916, 28b540ac-241d-462a-a56c-509e92928066:c916]
2019-08-20 22:34:12,692 [grpc-default-executor-5] INFO  client.GrpcClientProtocolClient (GrpcClientProtocolClient.java:onNext(255)) - client-391BA870FC40->947ec526-030f-41cc-8af7-a6f75e712ab0: receive RaftClientReply:client-391BA870FC40->947ec526-030f-41cc-8af7-a6f75e712ab0@group-5D45C35602B2, cid=716, SUCCESS, logIndex=918, commits[947ec526-030f-41cc-8af7-a6f75e712ab0:c918, c447b9b6-dde2-4ce7-aa81-d0e2eddc8fe9:c916, 28b540ac-241d-462a-a56c-509e92928066:c916]
2019-08-20 22:34:12,700 | INFO  | DNAudit | user=null | ip=null | op=WRITE_CHUNK {blockData=conID: 2 locID: 102651687806042526 bcsId: 914} | ret=SUCCESS |  
2019-08-20 22:34:12,700 | INFO  | DNAudit | user=null | ip=null | op=WRITE_CHUNK {blockData=conID: 2 locID: 102651687806042526 bcsId: 914} | ret=SUCCESS |  
2019-08-20 22:34:12,701 | INFO  | DNAudit | user=null | ip=null | op=PUT_BLOCK {blockData=[blockId=conID: 2 locID: 102651687806042526 bcsId: 0,size=4194304]} | ret=SUCCESS |  
2019-08-20 22:34:12,701 | INFO  | DNAudit | user=null | ip=null | op=PUT_BLOCK {blockData=[blockId=conID: 2 locID: 102651687806042526 bcsId: 0,size=4194304]} | ret=SUCCESS |  
2019-08-20 22:34:12,701 [grpc-default-executor-2] INFO  client.GrpcClientProtocolClient (GrpcClientProtocolClient.java:onNext(255)) - client-391BA870FC40->947ec526-030f-41cc-8af7-a6f75e712ab0: receive RaftClientReply:client-391BA870FC40->947ec526-030f-41cc-8af7-a6f75e712ab0@group-5D45C35602B2, cid=717, SUCCESS, logIndex=0, commits[947ec526-030f-41cc-8af7-a6f75e712ab0:c919, c447b9b6-dde2-4ce7-aa81-d0e2eddc8fe9:c918, 28b540ac-241d-462a-a56c-509e92928066:c918]
2019-08-20 22:34:12,711 | INFO  | DNAudit | user=null | ip=null | op=WRITE_CHUNK {blockData=conID: 3 locID: 102651687806042527 bcsId: 0} | ret=SUCCESS |  
2019-08-20 22:34:12,713 | INFO  | DNAudit | user=null | ip=null | op=WRITE_CHUNK {blockData=conID: 3 locID: 102651687806042527 bcsId: 0} | ret=SUCCESS |  
2019-08-20 22:34:12,714 | INFO  | DNAudit | user=null | ip=null | op=WRITE_CHUNK {blockData=conID: 3 locID: 102651687806042527 bcsId: 0} | ret=SUCCESS |  
2019-08-20 22:34:12,715 | INFO  | DNAudit | user=null | ip=null | op=WRITE_CHUNK {blockData=conID: 3 locID: 102651687806042527 bcsId: 0} | ret=SUCCESS |  
2019-08-20 22:34:12,717 | INFO  | DNAudit | user=null | ip=null | op=WRITE_CHUNK {blockData=conID: 3 locID: 102651687806042527 bcsId: 0} | ret=SUCCESS |  
2019-08-20 22:34:12,718 | INFO  | DNAudit | user=null | ip=null | op=WRITE_CHUNK {blockData=conID: 3 locID: 102651687806042527 bcsId: 0} | ret=SUCCESS |  
2019-08-20 22:34:12,725 | INFO  | DNAudit | user=null | ip=null | op=WRITE_CHUNK {blockData=conID: 3 locID: 102651687806042527 bcsId: 0} | ret=SUCCESS |  
2019-08-20 22:34:12,726 | INFO  | DNAudit | user=null | ip=null | op=PUT_BLOCK {blockData=[blockId=conID: 3 locID: 102651687806042527 bcsId: 0,size=1048576]} | ret=SUCCESS |  
2019-08-20 22:34:12,726 [grpc-default-executor-3] INFO  client.GrpcClientProtocolClient (GrpcClientProtocolClient.java:onNext(255)) - client-391BA870FC40->947ec526-030f-41cc-8af7-a6f75e712ab0: receive RaftClientReply:client-391BA870FC40->947ec526-030f-41cc-8af7-a6f75e712ab0@group-5D45C35602B2, cid=718, SUCCESS, logIndex=921, commits[947ec526-030f-41cc-8af7-a6f75e712ab0:c922, c447b9b6-dde2-4ce7-aa81-d0e2eddc8fe9:c920, 28b540ac-241d-462a-a56c-509e92928066:c920]
2019-08-20 22:34:12,726 [grpc-default-executor-3] INFO  client.GrpcClientProtocolClient (GrpcClientProtocolClient.java:onNext(255)) - client-391BA870FC40->947ec526-030f-41cc-8af7-a6f75e712ab0: receive RaftClientReply:client-391BA870FC40->947ec526-030f-41cc-8af7-a6f75e712ab0@group-5D45C35602B2, cid=719, SUCCESS, logIndex=922, commits[947ec526-030f-41cc-8af7-a6f75e712ab0:c922, c447b9b6-dde2-4ce7-aa81-d0e2eddc8fe9:c920, 28b540ac-241d-462a-a56c-509e92928066:c920]
2019-08-20 22:34:12,733 | INFO  | DNAudit | user=null | ip=null | op=WRITE_CHUNK {blockData=conID: 3 locID: 102651687806042527 bcsId: 0} | ret=SUCCESS |  
2019-08-20 22:34:12,734 | INFO  | DNAudit | user=null | ip=null | op=PUT_BLOCK {blockData=[blockId=conID: 3 locID: 102651687806042527 bcsId: 0,size=2097152]} | ret=SUCCESS |  
2019-08-20 22:34:12,734 [grpc-default-executor-2] INFO  client.GrpcClientProtocolClient (GrpcClientProtocolClient.java:onNext(255)) - client-391BA870FC40->947ec526-030f-41cc-8af7-a6f75e712ab0: receive RaftClientReply:client-391BA870FC40->947ec526-030f-41cc-8af7-a6f75e712ab0@group-5D45C35602B2, cid=720, SUCCESS, logIndex=923, commits[947ec526-030f-41cc-8af7-a6f75e712ab0:c924, c447b9b6-dde2-4ce7-aa81-d0e2eddc8fe9:c920, 28b540ac-241d-462a-a56c-509e92928066:c920]
2019-08-20 22:34:12,735 [grpc-default-executor-2] INFO  client.GrpcClientProtocolClient (GrpcClientProtocolClient.java:onNext(255)) - client-391BA870FC40->947ec526-030f-41cc-8af7-a6f75e712ab0: receive RaftClientReply:client-391BA870FC40->947ec526-030f-41cc-8af7-a6f75e712ab0@group-5D45C35602B2, cid=721, SUCCESS, logIndex=924, commits[947ec526-030f-41cc-8af7-a6f75e712ab0:c924, c447b9b6-dde2-4ce7-aa81-d0e2eddc8fe9:c920, 28b540ac-241d-462a-a56c-509e92928066:c920]
2019-08-20 22:34:12,735 | INFO  | DNAudit | user=null | ip=null | op=WRITE_CHUNK {blockData=conID: 3 locID: 102651687806042527 bcsId: 0} | ret=SUCCESS |  
2019-08-20 22:34:12,736 | INFO  | DNAudit | user=null | ip=null | op=WRITE_CHUNK {blockData=conID: 3 locID: 102651687806042527 bcsId: 0} | ret=SUCCESS |  
2019-08-20 22:34:12,736 | INFO  | DNAudit | user=null | ip=null | op=PUT_BLOCK {blockData=[blockId=conID: 3 locID: 102651687806042527 bcsId: 0,size=1048576]} | ret=SUCCESS |  
2019-08-20 22:34:12,737 | INFO  | DNAudit | user=null | ip=null | op=PUT_BLOCK {blockData=[blockId=conID: 3 locID: 102651687806042527 bcsId: 0,size=1048576]} | ret=SUCCESS |  
2019-08-20 22:34:12,737 | INFO  | DNAudit | user=null | ip=null | op=WRITE_CHUNK {blockData=conID: 3 locID: 102651687806042527 bcsId: 0} | ret=SUCCESS |  
2019-08-20 22:34:12,737 | INFO  | DNAudit | user=null | ip=null | op=WRITE_CHUNK {blockData=conID: 3 locID: 102651687806042527 bcsId: 0} | ret=SUCCESS |  
2019-08-20 22:34:12,737 | INFO  | DNAudit | user=null | ip=null | op=PUT_BLOCK {blockData=[blockId=conID: 3 locID: 102651687806042527 bcsId: 0,size=2097152]} | ret=SUCCESS |  
2019-08-20 22:34:12,737 | INFO  | DNAudit | user=null | ip=null | op=PUT_BLOCK {blockData=[blockId=conID: 3 locID: 102651687806042527 bcsId: 0,size=2097152]} | ret=SUCCESS |  
2019-08-20 22:34:12,738 [grpc-default-executor-3] INFO  client.GrpcClientProtocolClient (GrpcClientProtocolClient.java:onNext(255)) - client-391BA870FC40->947ec526-030f-41cc-8af7-a6f75e712ab0: receive RaftClientReply:client-391BA870FC40->947ec526-030f-41cc-8af7-a6f75e712ab0@group-5D45C35602B2, cid=722, SUCCESS, logIndex=0, commits[947ec526-030f-41cc-8af7-a6f75e712ab0:c926, c447b9b6-dde2-4ce7-aa81-d0e2eddc8fe9:c922, 28b540ac-241d-462a-a56c-509e92928066:c922]
2019-08-20 22:34:12,747 | INFO  | DNAudit | user=null | ip=null | op=WRITE_CHUNK {blockData=conID: 3 locID: 102651687806042527 bcsId: 924} | ret=SUCCESS |  
2019-08-20 22:34:12,752 | INFO  | DNAudit | user=null | ip=null | op=WRITE_CHUNK {blockData=conID: 3 locID: 102651687806042527 bcsId: 924} | ret=SUCCESS |  
2019-08-20 22:34:12,752 | INFO  | DNAudit | user=null | ip=null | op=WRITE_CHUNK {blockData=conID: 3 locID: 102651687806042527 bcsId: 924} | ret=SUCCESS |  
2019-08-20 22:34:12,760 | INFO  | DNAudit | user=null | ip=null | op=WRITE_CHUNK {blockData=conID: 3 locID: 102651687806042527 bcsId: 924} | ret=SUCCESS |  
2019-08-20 22:34:12,760 | INFO  | DNAudit | user=null | ip=null | op=PUT_BLOCK {blockData=[blockId=conID: 3 locID: 102651687806042527 bcsId: 0,size=3145728]} | ret=SUCCESS |  
2019-08-20 22:34:12,760 [grpc-default-executor-5] INFO  client.GrpcClientProtocolClient (GrpcClientProtocolClient.java:onNext(255)) - client-391BA870FC40->947ec526-030f-41cc-8af7-a6f75e712ab0: receive RaftClientReply:client-391BA870FC40->947ec526-030f-41cc-8af7-a6f75e712ab0@group-5D45C35602B2, cid=723, SUCCESS, logIndex=928, commits[947ec526-030f-41cc-8af7-a6f75e712ab0:c929, c447b9b6-dde2-4ce7-aa81-d0e2eddc8fe9:c926, 28b540ac-241d-462a-a56c-509e92928066:c926]
2019-08-20 22:34:12,761 [grpc-default-executor-5] INFO  client.GrpcClientProtocolClient (GrpcClientProtocolClient.java:onNext(255)) - client-391BA870FC40->947ec526-030f-41cc-8af7-a6f75e712ab0: receive RaftClientReply:client-391BA870FC40->947ec526-030f-41cc-8af7-a6f75e712ab0@group-5D45C35602B2, cid=724, SUCCESS, logIndex=929, commits[947ec526-030f-41cc-8af7-a6f75e712ab0:c929, c447b9b6-dde2-4ce7-aa81-d0e2eddc8fe9:c926, 28b540ac-241d-462a-a56c-509e92928066:c926]
2019-08-20 22:34:12,769 | INFO  | DNAudit | user=null | ip=null | op=WRITE_CHUNK {blockData=conID: 3 locID: 102651687806042527 bcsId: 929} | ret=SUCCESS |  
2019-08-20 22:34:12,773 | INFO  | DNAudit | user=null | ip=null | op=WRITE_CHUNK {blockData=conID: 3 locID: 102651687806042527 bcsId: 924} | ret=SUCCESS |  
2019-08-20 22:34:12,773 | INFO  | DNAudit | user=null | ip=null | op=WRITE_CHUNK {blockData=conID: 3 locID: 102651687806042527 bcsId: 924} | ret=SUCCESS |  
2019-08-20 22:34:12,773 | INFO  | DNAudit | user=null | ip=null | op=WRITE_CHUNK {blockData=conID: 3 locID: 102651687806042527 bcsId: 929} | ret=SUCCESS |  
2019-08-20 22:34:12,775 | INFO  | DNAudit | user=null | ip=null | op=WRITE_CHUNK {blockData=conID: 3 locID: 102651687806042527 bcsId: 929} | ret=SUCCESS |  
2019-08-20 22:34:12,784 | INFO  | DNAudit | user=null | ip=null | op=PUT_BLOCK {blockData=[blockId=conID: 3 locID: 102651687806042527 bcsId: 0,size=3145728]} | ret=SUCCESS |  
2019-08-20 22:34:12,784 | INFO  | DNAudit | user=null | ip=null | op=PUT_BLOCK {blockData=[blockId=conID: 3 locID: 102651687806042527 bcsId: 0,size=3145728]} | ret=SUCCESS |  
2019-08-20 22:34:12,785 | INFO  | DNAudit | user=null | ip=null | op=WRITE_CHUNK {blockData=conID: 3 locID: 102651687806042527 bcsId: 929} | ret=SUCCESS |  
2019-08-20 22:34:12,785 | INFO  | DNAudit | user=null | ip=null | op=PUT_BLOCK {blockData=[blockId=conID: 3 locID: 102651687806042527 bcsId: 0,size=4194304]} | ret=SUCCESS |  
2019-08-20 22:34:12,786 [grpc-default-executor-5] INFO  client.GrpcClientProtocolClient (GrpcClientProtocolClient.java:onNext(255)) - client-391BA870FC40->947ec526-030f-41cc-8af7-a6f75e712ab0: receive RaftClientReply:client-391BA870FC40->947ec526-030f-41cc-8af7-a6f75e712ab0@group-5D45C35602B2, cid=725, SUCCESS, logIndex=932, commits[947ec526-030f-41cc-8af7-a6f75e712ab0:c933, c447b9b6-dde2-4ce7-aa81-d0e2eddc8fe9:c929, 28b540ac-241d-462a-a56c-509e92928066:c929]
2019-08-20 22:34:12,786 [grpc-default-executor-5] INFO  client.GrpcClientProtocolClient (GrpcClientProtocolClient.java:onNext(255)) - client-391BA870FC40->947ec526-030f-41cc-8af7-a6f75e712ab0: receive RaftClientReply:client-391BA870FC40->947ec526-030f-41cc-8af7-a6f75e712ab0@group-5D45C35602B2, cid=726, SUCCESS, logIndex=933, commits[947ec526-030f-41cc-8af7-a6f75e712ab0:c933, c447b9b6-dde2-4ce7-aa81-d0e2eddc8fe9:c929, 28b540ac-241d-462a-a56c-509e92928066:c929]
2019-08-20 22:34:12,805 | INFO  | DNAudit | user=null | ip=null | op=WRITE_CHUNK {blockData=conID: 3 locID: 102651687806042527 bcsId: 929} | ret=SUCCESS |  
2019-08-20 22:34:12,805 | INFO  | DNAudit | user=null | ip=null | op=WRITE_CHUNK {blockData=conID: 3 locID: 102651687806042527 bcsId: 929} | ret=SUCCESS |  
2019-08-20 22:34:12,806 | INFO  | DNAudit | user=null | ip=null | op=PUT_BLOCK {blockData=[blockId=conID: 3 locID: 102651687806042527 bcsId: 0,size=4194304]} | ret=SUCCESS |  
2019-08-20 22:34:12,807 | INFO  | DNAudit | user=null | ip=null | op=PUT_BLOCK {blockData=[blockId=conID: 3 locID: 102651687806042527 bcsId: 0,size=4194304]} | ret=SUCCESS |  
2019-08-20 22:34:12,807 [grpc-default-executor-5] INFO  client.GrpcClientProtocolClient (GrpcClientProtocolClient.java:onNext(255)) - client-391BA870FC40->947ec526-030f-41cc-8af7-a6f75e712ab0: receive RaftClientReply:client-391BA870FC40->947ec526-030f-41cc-8af7-a6f75e712ab0@group-5D45C35602B2, cid=727, SUCCESS, logIndex=0, commits[947ec526-030f-41cc-8af7-a6f75e712ab0:c935, c447b9b6-dde2-4ce7-aa81-d0e2eddc8fe9:c933, 28b540ac-241d-462a-a56c-509e92928066:c933]
2019-08-20 22:34:12,820 | INFO  | DNAudit | user=null | ip=null | op=WRITE_CHUNK {blockData=conID: 1 locID: 102651687806042528 bcsId: 0} | ret=SUCCESS |  
2019-08-20 22:34:12,823 | INFO  | DNAudit | user=null | ip=null | op=WRITE_CHUNK {blockData=conID: 1 locID: 102651687806042528 bcsId: 0} | ret=SUCCESS |  
2019-08-20 22:34:12,824 | INFO  | DNAudit | user=null | ip=null | op=WRITE_CHUNK {blockData=conID: 1 locID: 102651687806042528 bcsId: 0} | ret=SUCCESS |  
2019-08-20 22:34:12,824 | INFO  | DNAudit | user=null | ip=null | op=WRITE_CHUNK {blockData=conID: 1 locID: 102651687806042528 bcsId: 0} | ret=SUCCESS |  
2019-08-20 22:34:12,827 | INFO  | DNAudit | user=null | ip=null | op=WRITE_CHUNK {blockData=conID: 1 locID: 102651687806042528 bcsId: 0} | ret=SUCCESS |  
2019-08-20 22:34:12,828 | INFO  | DNAudit | user=null | ip=null | op=WRITE_CHUNK {blockData=conID: 1 locID: 102651687806042528 bcsId: 0} | ret=SUCCESS |  
2019-08-20 22:34:12,833 | INFO  | DNAudit | user=null | ip=null | op=WRITE_CHUNK {blockData=conID: 1 locID: 102651687806042528 bcsId: 0} | ret=SUCCESS |  
2019-08-20 22:34:12,834 | INFO  | DNAudit | user=null | ip=null | op=PUT_BLOCK {blockData=[blockId=conID: 1 locID: 102651687806042528 bcsId: 0,size=1048576]} | ret=SUCCESS |  
2019-08-20 22:34:12,834 [grpc-default-executor-5] INFO  client.GrpcClientProtocolClient (GrpcClientProtocolClient.java:onNext(255)) - client-391BA870FC40->947ec526-030f-41cc-8af7-a6f75e712ab0: receive RaftClientReply:client-391BA870FC40->947ec526-030f-41cc-8af7-a6f75e712ab0@group-5D45C35602B2, cid=728, SUCCESS, logIndex=936, commits[947ec526-030f-41cc-8af7-a6f75e712ab0:c937, c447b9b6-dde2-4ce7-aa81-d0e2eddc8fe9:c935, 28b540ac-241d-462a-a56c-509e92928066:c935]
2019-08-20 22:34:12,834 | INFO  | DNAudit | user=null | ip=null | op=WRITE_CHUNK {blockData=conID: 1 locID: 102651687806042528 bcsId: 0} | ret=SUCCESS |  
2019-08-20 22:34:12,835 | INFO  | DNAudit | user=null | ip=null | op=WRITE_CHUNK {blockData=conID: 1 locID: 102651687806042528 bcsId: 0} | ret=SUCCESS |  
2019-08-20 22:34:12,835 | INFO  | DNAudit | user=null | ip=null | op=PUT_BLOCK {blockData=[blockId=conID: 1 locID: 102651687806042528 bcsId: 0,size=2097152]} | ret=SUCCESS |  
2019-08-20 22:34:12,835 [grpc-default-executor-5] INFO  client.GrpcClientProtocolClient (GrpcClientProtocolClient.java:onNext(255)) - client-391BA870FC40->947ec526-030f-41cc-8af7-a6f75e712ab0: receive RaftClientReply:client-391BA870FC40->947ec526-030f-41cc-8af7-a6f75e712ab0@group-5D45C35602B2, cid=729, SUCCESS, logIndex=937, commits[947ec526-030f-41cc-8af7-a6f75e712ab0:c939, c447b9b6-dde2-4ce7-aa81-d0e2eddc8fe9:c935, 28b540ac-241d-462a-a56c-509e92928066:c935]
2019-08-20 22:34:12,835 | INFO  | DNAudit | user=null | ip=null | op=PUT_BLOCK {blockData=[blockId=conID: 1 locID: 102651687806042528 bcsId: 0,size=1048576]} | ret=SUCCESS |  
2019-08-20 22:34:12,835 | INFO  | DNAudit | user=null | ip=null | op=WRITE_CHUNK {blockData=conID: 1 locID: 102651687806042528 bcsId: 0} | ret=SUCCESS |  
2019-08-20 22:34:12,835 [grpc-default-executor-5] INFO  client.GrpcClientProtocolClient (GrpcClientProtocolClient.java:onNext(255)) - client-391BA870FC40->947ec526-030f-41cc-8af7-a6f75e712ab0: receive RaftClientReply:client-391BA870FC40->947ec526-030f-41cc-8af7-a6f75e712ab0@group-5D45C35602B2, cid=730, SUCCESS, logIndex=938, commits[947ec526-030f-41cc-8af7-a6f75e712ab0:c939, c447b9b6-dde2-4ce7-aa81-d0e2eddc8fe9:c935, 28b540ac-241d-462a-a56c-509e92928066:c935]
2019-08-20 22:34:12,961 | INFO  | DNAudit | user=null | ip=null | op=PUT_BLOCK {blockData=[blockId=conID: 1 locID: 102651687806042528 bcsId: 0,size=1048576]} | ret=SUCCESS |  
2019-08-20 22:34:12,961 | INFO  | SCMAudit | user=jenkins1000 | ip=192.168.5.142 | op=SEND_HEARTBEAT {datanodeUUID=eafd9314-3f13-422a-a2ac-adfcde2d7481, command=[]} | ret=SUCCESS |  
2019-08-20 22:34:12,961 [grpc-default-executor-5] INFO  client.GrpcClientProtocolClient (GrpcClientProtocolClient.java:onNext(255)) - client-391BA870FC40->947ec526-030f-41cc-8af7-a6f75e712ab0: receive RaftClientReply:client-391BA870FC40->947ec526-030f-41cc-8af7-a6f75e712ab0@group-5D45C35602B2, cid=731, SUCCESS, logIndex=939, commits[947ec526-030f-41cc-8af7-a6f75e712ab0:c940, c447b9b6-dde2-4ce7-aa81-d0e2eddc8fe9:c935, 28b540ac-241d-462a-a56c-509e92928066:c937]
2019-08-20 22:34:12,961 | INFO  | DNAudit | user=null | ip=null | op=WRITE_CHUNK {blockData=conID: 1 locID: 102651687806042528 bcsId: 0} | ret=SUCCESS |  
2019-08-20 22:34:12,962 | INFO  | SCMAudit | user=jenkins1000 | ip=192.168.5.142 | op=SEND_HEARTBEAT {datanodeUUID=947ec526-030f-41cc-8af7-a6f75e712ab0, command=[]} | ret=SUCCESS |  
2019-08-20 22:34:12,962 | INFO  | DNAudit | user=null | ip=null | op=WRITE_CHUNK {blockData=conID: 1 locID: 102651687806042528 bcsId: 0} | ret=SUCCESS |  
2019-08-20 22:34:12,962 | INFO  | DNAudit | user=null | ip=null | op=PUT_BLOCK {blockData=[blockId=conID: 1 locID: 102651687806042528 bcsId: 0,size=2097152]} | ret=SUCCESS |  
2019-08-20 22:34:12,962 | INFO  | DNAudit | user=null | ip=null | op=PUT_BLOCK {blockData=[blockId=conID: 1 locID: 102651687806042528 bcsId: 0,size=2097152]} | ret=SUCCESS |  
2019-08-20 22:34:12,963 [grpc-default-executor-5] INFO  client.GrpcClientProtocolClient (GrpcClientProtocolClient.java:onNext(255)) - client-391BA870FC40->947ec526-030f-41cc-8af7-a6f75e712ab0: receive RaftClientReply:client-391BA870FC40->947ec526-030f-41cc-8af7-a6f75e712ab0@group-5D45C35602B2, cid=732, SUCCESS, logIndex=0, commits[947ec526-030f-41cc-8af7-a6f75e712ab0:c942, c447b9b6-dde2-4ce7-aa81-d0e2eddc8fe9:c939, 28b540ac-241d-462a-a56c-509e92928066:c939]
2019-08-20 22:34:12,971 | INFO  | DNAudit | user=null | ip=null | op=WRITE_CHUNK {blockData=conID: 1 locID: 102651687806042528 bcsId: 939} | ret=SUCCESS |  
2019-08-20 22:34:12,974 | INFO  | DNAudit | user=null | ip=null | op=WRITE_CHUNK {blockData=conID: 1 locID: 102651687806042528 bcsId: 939} | ret=SUCCESS |  
2019-08-20 22:34:12,974 | INFO  | DNAudit | user=null | ip=null | op=WRITE_CHUNK {blockData=conID: 1 locID: 102651687806042528 bcsId: 939} | ret=SUCCESS |  
2019-08-20 22:34:12,985 | INFO  | DNAudit | user=null | ip=null | op=WRITE_CHUNK {blockData=conID: 1 locID: 102651687806042528 bcsId: 939} | ret=SUCCESS |  
2019-08-20 22:34:12,985 | INFO  | DNAudit | user=null | ip=null | op=PUT_BLOCK {blockData=[blockId=conID: 1 locID: 102651687806042528 bcsId: 0,size=3145728]} | ret=SUCCESS |  
2019-08-20 22:34:12,986 [grpc-default-executor-2] INFO  client.GrpcClientProtocolClient (GrpcClientProtocolClient.java:onNext(255)) - client-391BA870FC40->947ec526-030f-41cc-8af7-a6f75e712ab0: receive RaftClientReply:client-391BA870FC40->947ec526-030f-41cc-8af7-a6f75e712ab0@group-5D45C35602B2, cid=733, SUCCESS, logIndex=943, commits[947ec526-030f-41cc-8af7-a6f75e712ab0:c944, c447b9b6-dde2-4ce7-aa81-d0e2eddc8fe9:c942, 28b540ac-241d-462a-a56c-509e92928066:c942]
2019-08-20 22:34:12,986 [grpc-default-executor-2] INFO  client.GrpcClientProtocolClient (GrpcClientProtocolClient.java:onNext(255)) - client-391BA870FC40->947ec526-030f-41cc-8af7-a6f75e712ab0: receive RaftClientReply:client-391BA870FC40->947ec526-030f-41cc-8af7-a6f75e712ab0@group-5D45C35602B2, cid=734, SUCCESS, logIndex=944, commits[947ec526-030f-41cc-8af7-a6f75e712ab0:c944, c447b9b6-dde2-4ce7-aa81-d0e2eddc8fe9:c942, 28b540ac-241d-462a-a56c-509e92928066:c942]
2019-08-20 22:34:12,995 | INFO  | DNAudit | user=null | ip=null | op=WRITE_CHUNK {blockData=conID: 1 locID: 102651687806042528 bcsId: 944} | ret=SUCCESS |  
2019-08-20 22:34:12,997 | INFO  | DNAudit | user=null | ip=null | op=WRITE_CHUNK {blockData=conID: 1 locID: 102651687806042528 bcsId: 944} | ret=SUCCESS |  
2019-08-20 22:34:12,997 | INFO  | DNAudit | user=null | ip=null | op=WRITE_CHUNK {blockData=conID: 1 locID: 102651687806042528 bcsId: 944} | ret=SUCCESS |  
2019-08-20 22:34:12,998 | INFO  | SCMAudit | user=jenkins1000 | ip=192.168.5.142 | op=SEND_HEARTBEAT {datanodeUUID=c447b9b6-dde2-4ce7-aa81-d0e2eddc8fe9, command=[]} | ret=SUCCESS |  
2019-08-20 22:34:13,000 | INFO  | SCMAudit | user=jenkins1000 | ip=192.168.5.142 | op=SEND_HEARTBEAT {datanodeUUID=28b540ac-241d-462a-a56c-509e92928066, command=[]} | ret=SUCCESS |  
2019-08-20 22:34:13,008 | INFO  | DNAudit | user=null | ip=null | op=WRITE_CHUNK {blockData=conID: 1 locID: 102651687806042528 bcsId: 939} | ret=SUCCESS |  
2019-08-20 22:34:13,008 | INFO  | DNAudit | user=null | ip=null | op=WRITE_CHUNK {blockData=conID: 1 locID: 102651687806042528 bcsId: 939} | ret=SUCCESS |  
2019-08-20 22:34:13,011 | INFO  | DNAudit | user=null | ip=null | op=PUT_BLOCK {blockData=[blockId=conID: 1 locID: 102651687806042528 bcsId: 0,size=3145728]} | ret=SUCCESS |  
2019-08-20 22:34:13,011 | INFO  | DNAudit | user=null | ip=null | op=PUT_BLOCK {blockData=[blockId=conID: 1 locID: 102651687806042528 bcsId: 0,size=3145728]} | ret=SUCCESS |  
2019-08-20 22:34:13,013 | INFO  | DNAudit | user=null | ip=null | op=WRITE_CHUNK {blockData=conID: 1 locID: 102651687806042528 bcsId: 944} | ret=SUCCESS |  
2019-08-20 22:34:13,014 | INFO  | DNAudit | user=null | ip=null | op=PUT_BLOCK {blockData=[blockId=conID: 1 locID: 102651687806042528 bcsId: 0,size=4194304]} | ret=SUCCESS |  
2019-08-20 22:34:13,014 [grpc-default-executor-5] INFO  client.GrpcClientProtocolClient (GrpcClientProtocolClient.java:onNext(255)) - client-391BA870FC40->947ec526-030f-41cc-8af7-a6f75e712ab0: receive RaftClientReply:client-391BA870FC40->947ec526-030f-41cc-8af7-a6f75e712ab0@group-5D45C35602B2, cid=735, SUCCESS, logIndex=947, commits[947ec526-030f-41cc-8af7-a6f75e712ab0:c948, c447b9b6-dde2-4ce7-aa81-d0e2eddc8fe9:c944, 28b540ac-241d-462a-a56c-509e92928066:c944]
2019-08-20 22:34:13,015 [grpc-default-executor-5] INFO  client.GrpcClientProtocolClient (GrpcClientProtocolClient.java:onNext(255)) - client-391BA870FC40->947ec526-030f-41cc-8af7-a6f75e712ab0: receive RaftClientReply:client-391BA870FC40->947ec526-030f-41cc-8af7-a6f75e712ab0@group-5D45C35602B2, cid=736, SUCCESS, logIndex=948, commits[947ec526-030f-41cc-8af7-a6f75e712ab0:c948, c447b9b6-dde2-4ce7-aa81-d0e2eddc8fe9:c944, 28b540ac-241d-462a-a56c-509e92928066:c944]
2019-08-20 22:34:13,026 | INFO  | DNAudit | user=null | ip=null | op=WRITE_CHUNK {blockData=conID: 1 locID: 102651687806042528 bcsId: 944} | ret=SUCCESS |  
2019-08-20 22:34:13,026 | INFO  | DNAudit | user=null | ip=null | op=WRITE_CHUNK {blockData=conID: 1 locID: 102651687806042528 bcsId: 944} | ret=SUCCESS |  
2019-08-20 22:34:13,027 | INFO  | DNAudit | user=null | ip=null | op=PUT_BLOCK {blockData=[blockId=conID: 1 locID: 102651687806042528 bcsId: 0,size=4194304]} | ret=SUCCESS |  
2019-08-20 22:34:13,027 | INFO  | DNAudit | user=null | ip=null | op=PUT_BLOCK {blockData=[blockId=conID: 1 locID: 102651687806042528 bcsId: 0,size=4194304]} | ret=SUCCESS |  
2019-08-20 22:34:13,027 [grpc-default-executor-2] INFO  client.GrpcClientProtocolClient (GrpcClientProtocolClient.java:onNext(255)) - client-391BA870FC40->947ec526-030f-41cc-8af7-a6f75e712ab0: receive RaftClientReply:client-391BA870FC40->947ec526-030f-41cc-8af7-a6f75e712ab0@group-5D45C35602B2, cid=737, SUCCESS, logIndex=0, commits[947ec526-030f-41cc-8af7-a6f75e712ab0:c949, c447b9b6-dde2-4ce7-aa81-d0e2eddc8fe9:c948, 28b540ac-241d-462a-a56c-509e92928066:c948]
2019-08-20 22:34:13,035 | INFO  | DNAudit | user=null | ip=null | op=WRITE_CHUNK {blockData=conID: 2 locID: 102651687806042529 bcsId: 0} | ret=SUCCESS |  
2019-08-20 22:34:13,037 | INFO  | DNAudit | user=null | ip=null | op=WRITE_CHUNK {blockData=conID: 2 locID: 102651687806042529 bcsId: 0} | ret=SUCCESS |  
2019-08-20 22:34:13,039 | INFO  | DNAudit | user=null | ip=null | op=WRITE_CHUNK {blockData=conID: 2 locID: 102651687806042529 bcsId: 0} | ret=SUCCESS |  
2019-08-20 22:34:13,039 | INFO  | DNAudit | user=null | ip=null | op=WRITE_CHUNK {blockData=conID: 2 locID: 102651687806042529 bcsId: 0} | ret=SUCCESS |  
2019-08-20 22:34:13,040 | INFO  | DNAudit | user=null | ip=null | op=WRITE_CHUNK {blockData=conID: 2 locID: 102651687806042529 bcsId: 0} | ret=SUCCESS |  
2019-08-20 22:34:13,040 | INFO  | DNAudit | user=null | ip=null | op=WRITE_CHUNK {blockData=conID: 2 locID: 102651687806042529 bcsId: 0} | ret=SUCCESS |  
2019-08-20 22:34:13,050 | INFO  | DNAudit | user=null | ip=null | op=WRITE_CHUNK {blockData=conID: 2 locID: 102651687806042529 bcsId: 0} | ret=SUCCESS |  
2019-08-20 22:34:13,051 | INFO  | DNAudit | user=null | ip=null | op=PUT_BLOCK {blockData=[blockId=conID: 2 locID: 102651687806042529 bcsId: 0,size=1048576]} | ret=SUCCESS |  
2019-08-20 22:34:13,051 [grpc-default-executor-5] INFO  client.GrpcClientProtocolClient (GrpcClientProtocolClient.java:onNext(255)) - client-391BA870FC40->947ec526-030f-41cc-8af7-a6f75e712ab0: receive RaftClientReply:client-391BA870FC40->947ec526-030f-41cc-8af7-a6f75e712ab0@group-5D45C35602B2, cid=738, SUCCESS, logIndex=951, commits[947ec526-030f-41cc-8af7-a6f75e712ab0:c954, c447b9b6-dde2-4ce7-aa81-d0e2eddc8fe9:c950, 28b540ac-241d-462a-a56c-509e92928066:c950]
2019-08-20 22:34:13,051 | INFO  | DNAudit | user=null | ip=null | op=WRITE_CHUNK {blockData=conID: 2 locID: 102651687806042529 bcsId: 0} | ret=SUCCESS |  
2019-08-20 22:34:13,051 | INFO  | DNAudit | user=null | ip=null | op=WRITE_CHUNK {blockData=conID: 2 locID: 102651687806042529 bcsId: 0} | ret=SUCCESS |  
2019-08-20 22:34:13,051 | INFO  | DNAudit | user=null | ip=null | op=WRITE_CHUNK {blockData=conID: 2 locID: 102651687806042529 bcsId: 0} | ret=SUCCESS |  
2019-08-20 22:34:13,051 | INFO  | DNAudit | user=null | ip=null | op=PUT_BLOCK {blockData=[blockId=conID: 2 locID: 102651687806042529 bcsId: 0,size=1048576]} | ret=SUCCESS |  
2019-08-20 22:34:13,052 [grpc-default-executor-5] INFO  client.GrpcClientProtocolClient (GrpcClientProtocolClient.java:onNext(255)) - client-391BA870FC40->947ec526-030f-41cc-8af7-a6f75e712ab0: receive RaftClientReply:client-391BA870FC40->947ec526-030f-41cc-8af7-a6f75e712ab0@group-5D45C35602B2, cid=739, SUCCESS, logIndex=952, commits[947ec526-030f-41cc-8af7-a6f75e712ab0:c954, c447b9b6-dde2-4ce7-aa81-d0e2eddc8fe9:c950, 28b540ac-241d-462a-a56c-509e92928066:c950]
2019-08-20 22:34:13,052 | INFO  | DNAudit | user=null | ip=null | op=PUT_BLOCK {blockData=[blockId=conID: 2 locID: 102651687806042529 bcsId: 0,size=2097152]} | ret=SUCCESS |  
2019-08-20 22:34:13,052 | INFO  | DNAudit | user=null | ip=null | op=PUT_BLOCK {blockData=[blockId=conID: 2 locID: 102651687806042529 bcsId: 0,size=1048576]} | ret=SUCCESS |  
2019-08-20 22:34:13,052 | INFO  | DNAudit | user=null | ip=null | op=WRITE_CHUNK {blockData=conID: 2 locID: 102651687806042529 bcsId: 0} | ret=SUCCESS |  
2019-08-20 22:34:13,052 [grpc-default-executor-5] INFO  client.GrpcClientProtocolClient (GrpcClientProtocolClient.java:onNext(255)) - client-391BA870FC40->947ec526-030f-41cc-8af7-a6f75e712ab0: receive RaftClientReply:client-391BA870FC40->947ec526-030f-41cc-8af7-a6f75e712ab0@group-5D45C35602B2, cid=740, SUCCESS, logIndex=953, commits[947ec526-030f-41cc-8af7-a6f75e712ab0:c954, c447b9b6-dde2-4ce7-aa81-d0e2eddc8fe9:c952, 28b540ac-241d-462a-a56c-509e92928066:c950]
2019-08-20 22:34:13,052 | INFO  | DNAudit | user=null | ip=null | op=WRITE_CHUNK {blockData=conID: 2 locID: 102651687806042529 bcsId: 0} | ret=SUCCESS |  
2019-08-20 22:34:13,053 | INFO  | DNAudit | user=null | ip=null | op=PUT_BLOCK {blockData=[blockId=conID: 2 locID: 102651687806042529 bcsId: 0,size=2097152]} | ret=SUCCESS |  
2019-08-20 22:34:13,053 [grpc-default-executor-3] INFO  client.GrpcClientProtocolClient (GrpcClientProtocolClient.java:onNext(255)) - client-391BA870FC40->947ec526-030f-41cc-8af7-a6f75e712ab0: receive RaftClientReply:client-391BA870FC40->947ec526-030f-41cc-8af7-a6f75e712ab0@group-5D45C35602B2, cid=741, SUCCESS, logIndex=954, commits[947ec526-030f-41cc-8af7-a6f75e712ab0:c954, c447b9b6-dde2-4ce7-aa81-d0e2eddc8fe9:c952, 28b540ac-241d-462a-a56c-509e92928066:c952]
2019-08-20 22:34:13,053 | INFO  | DNAudit | user=null | ip=null | op=PUT_BLOCK {blockData=[blockId=conID: 2 locID: 102651687806042529 bcsId: 0,size=2097152]} | ret=SUCCESS |  
2019-08-20 22:34:13,060 | INFO  | DNAudit | user=null | ip=null | op=WRITE_CHUNK {blockData=conID: 2 locID: 102651687806042529 bcsId: 954} | ret=SUCCESS |  
2019-08-20 22:34:13,064 | INFO  | DNAudit | user=null | ip=null | op=WRITE_CHUNK {blockData=conID: 2 locID: 102651687806042529 bcsId: 954} | ret=SUCCESS |  
2019-08-20 22:34:13,064 | INFO  | DNAudit | user=null | ip=null | op=WRITE_CHUNK {blockData=conID: 2 locID: 102651687806042529 bcsId: 954} | ret=SUCCESS |  
2019-08-20 22:34:13,067 | INFO  | DNAudit | user=null | ip=null | op=WRITE_CHUNK {blockData=conID: 2 locID: 102651687806042529 bcsId: 954} | ret=SUCCESS |  
2019-08-20 22:34:13,068 | INFO  | DNAudit | user=null | ip=null | op=PUT_BLOCK {blockData=[blockId=conID: 2 locID: 102651687806042529 bcsId: 0,size=3145728]} | ret=SUCCESS |  
2019-08-20 22:34:13,068 [grpc-default-executor-2] INFO  client.GrpcClientProtocolClient (GrpcClientProtocolClient.java:onNext(255)) - client-391BA870FC40->947ec526-030f-41cc-8af7-a6f75e712ab0: receive RaftClientReply:client-391BA870FC40->947ec526-030f-41cc-8af7-a6f75e712ab0@group-5D45C35602B2, cid=742, SUCCESS, logIndex=959, commits[947ec526-030f-41cc-8af7-a6f75e712ab0:c960, c447b9b6-dde2-4ce7-aa81-d0e2eddc8fe9:c958, 28b540ac-241d-462a-a56c-509e92928066:c958]
2019-08-20 22:34:13,068 [grpc-default-executor-2] INFO  client.GrpcClientProtocolClient (GrpcClientProtocolClient.java:onNext(255)) - client-391BA870FC40->947ec526-030f-41cc-8af7-a6f75e712ab0: receive RaftClientReply:client-391BA870FC40->947ec526-030f-41cc-8af7-a6f75e712ab0@group-5D45C35602B2, cid=743, SUCCESS, logIndex=960, commits[947ec526-030f-41cc-8af7-a6f75e712ab0:c960, c447b9b6-dde2-4ce7-aa81-d0e2eddc8fe9:c958, 28b540ac-241d-462a-a56c-509e92928066:c958]
2019-08-20 22:34:13,075 | INFO  | DNAudit | user=null | ip=null | op=WRITE_CHUNK {blockData=conID: 2 locID: 102651687806042529 bcsId: 960} | ret=SUCCESS |  
2019-08-20 22:34:13,077 | INFO  | DNAudit | user=null | ip=null | op=WRITE_CHUNK {blockData=conID: 2 locID: 102651687806042529 bcsId: 960} | ret=SUCCESS |  
2019-08-20 22:34:13,078 | INFO  | DNAudit | user=null | ip=null | op=WRITE_CHUNK {blockData=conID: 2 locID: 102651687806042529 bcsId: 960} | ret=SUCCESS |  
2019-08-20 22:34:13,078 | INFO  | DNAudit | user=null | ip=null | op=WRITE_CHUNK {blockData=conID: 2 locID: 102651687806042529 bcsId: 954} | ret=SUCCESS |  
2019-08-20 22:34:13,078 | INFO  | DNAudit | user=null | ip=null | op=WRITE_CHUNK {blockData=conID: 2 locID: 102651687806042529 bcsId: 954} | ret=SUCCESS |  
2019-08-20 22:34:13,080 | INFO  | DNAudit | user=null | ip=null | op=PUT_BLOCK {blockData=[blockId=conID: 2 locID: 102651687806042529 bcsId: 0,size=3145728]} | ret=SUCCESS |  
2019-08-20 22:34:13,080 | INFO  | DNAudit | user=null | ip=null | op=PUT_BLOCK {blockData=[blockId=conID: 2 locID: 102651687806042529 bcsId: 0,size=3145728]} | ret=SUCCESS |  
2019-08-20 22:34:13,080 | INFO  | DNAudit | user=null | ip=null | op=WRITE_CHUNK {blockData=conID: 2 locID: 102651687806042529 bcsId: 960} | ret=SUCCESS |  
2019-08-20 22:34:13,081 | INFO  | DNAudit | user=null | ip=null | op=PUT_BLOCK {blockData=[blockId=conID: 2 locID: 102651687806042529 bcsId: 0,size=4194304]} | ret=SUCCESS |  
2019-08-20 22:34:13,081 [grpc-default-executor-2] INFO  client.GrpcClientProtocolClient (GrpcClientProtocolClient.java:onNext(255)) - client-391BA870FC40->947ec526-030f-41cc-8af7-a6f75e712ab0: receive RaftClientReply:client-391BA870FC40->947ec526-030f-41cc-8af7-a6f75e712ab0@group-5D45C35602B2, cid=744, SUCCESS, logIndex=963, commits[947ec526-030f-41cc-8af7-a6f75e712ab0:c964, c447b9b6-dde2-4ce7-aa81-d0e2eddc8fe9:c960, 28b540ac-241d-462a-a56c-509e92928066:c960]
2019-08-20 22:34:13,081 [grpc-default-executor-2] INFO  client.GrpcClientProtocolClient (GrpcClientProtocolClient.java:onNext(255)) - client-391BA870FC40->947ec526-030f-41cc-8af7-a6f75e712ab0: receive RaftClientReply:client-391BA870FC40->947ec526-030f-41cc-8af7-a6f75e712ab0@group-5D45C35602B2, cid=745, SUCCESS, logIndex=964, commits[947ec526-030f-41cc-8af7-a6f75e712ab0:c964, c447b9b6-dde2-4ce7-aa81-d0e2eddc8fe9:c960, 28b540ac-241d-462a-a56c-509e92928066:c960]
2019-08-20 22:34:13,093 | INFO  | DNAudit | user=null | ip=null | op=WRITE_CHUNK {blockData=conID: 2 locID: 102651687806042529 bcsId: 960} | ret=SUCCESS |  
2019-08-20 22:34:13,093 | INFO  | DNAudit | user=null | ip=null | op=WRITE_CHUNK {blockData=conID: 2 locID: 102651687806042529 bcsId: 960} | ret=SUCCESS |  
2019-08-20 22:34:13,094 | INFO  | DNAudit | user=null | ip=null | op=PUT_BLOCK {blockData=[blockId=conID: 2 locID: 102651687806042529 bcsId: 0,size=4194304]} | ret=SUCCESS |  
2019-08-20 22:34:13,094 | INFO  | DNAudit | user=null | ip=null | op=PUT_BLOCK {blockData=[blockId=conID: 2 locID: 102651687806042529 bcsId: 0,size=4194304]} | ret=SUCCESS |  
2019-08-20 22:34:13,095 [grpc-default-executor-3] INFO  client.GrpcClientProtocolClient (GrpcClientProtocolClient.java:onNext(255)) - client-391BA870FC40->947ec526-030f-41cc-8af7-a6f75e712ab0: receive RaftClientReply:client-391BA870FC40->947ec526-030f-41cc-8af7-a6f75e712ab0@group-5D45C35602B2, cid=746, SUCCESS, logIndex=0, commits[947ec526-030f-41cc-8af7-a6f75e712ab0:c966, c447b9b6-dde2-4ce7-aa81-d0e2eddc8fe9:c964, 28b540ac-241d-462a-a56c-509e92928066:c964]
2019-08-20 22:34:13,102 | INFO  | DNAudit | user=null | ip=null | op=WRITE_CHUNK {blockData=conID: 3 locID: 102651687806108066 bcsId: 0} | ret=SUCCESS |  
2019-08-20 22:34:13,105 | INFO  | DNAudit | user=null | ip=null | op=WRITE_CHUNK {blockData=conID: 3 locID: 102651687806108066 bcsId: 0} | ret=SUCCESS |  
2019-08-20 22:34:13,106 | INFO  | DNAudit | user=null | ip=null | op=WRITE_CHUNK {blockData=conID: 3 locID: 102651687806108066 bcsId: 0} | ret=SUCCESS |  
2019-08-20 22:34:13,106 | INFO  | DNAudit | user=null | ip=null | op=WRITE_CHUNK {blockData=conID: 3 locID: 102651687806108066 bcsId: 0} | ret=SUCCESS |  
2019-08-20 22:34:13,107 | INFO  | DNAudit | user=null | ip=null | op=WRITE_CHUNK {blockData=conID: 3 locID: 102651687806108066 bcsId: 0} | ret=SUCCESS |  
2019-08-20 22:34:13,107 | INFO  | DNAudit | user=null | ip=null | op=WRITE_CHUNK {blockData=conID: 3 locID: 102651687806108066 bcsId: 0} | ret=SUCCESS |  
 0.00% |█                                                                                                    |  0/1 Time: 0:00:022019-08-20 22:34:13,115 | INFO  | DNAudit | user=null | ip=null | op=WRITE_CHUNK {blockData=conID: 3 locID: 102651687806108066 bcsId: 0} | ret=SUCCESS |  
2019-08-20 22:34:13,115 | INFO  | DNAudit | user=null | ip=null | op=PUT_BLOCK {blockData=[blockId=conID: 3 locID: 102651687806108066 bcsId: 0,size=1048576]} | ret=SUCCESS |  
2019-08-20 22:34:13,116 | INFO  | DNAudit | user=null | ip=null | op=WRITE_CHUNK {blockData=conID: 3 locID: 102651687806108066 bcsId: 0} | ret=SUCCESS |  
2019-08-20 22:34:13,116 | INFO  | DNAudit | user=null | ip=null | op=PUT_BLOCK {blockData=[blockId=conID: 3 locID: 102651687806108066 bcsId: 0,size=2097152]} | ret=SUCCESS |  
2019-08-20 22:34:13,116 [grpc-default-executor-5] INFO  client.GrpcClientProtocolClient (GrpcClientProtocolClient.java:onNext(255)) - client-391BA870FC40->947ec526-030f-41cc-8af7-a6f75e712ab0: receive RaftClientReply:client-391BA870FC40->947ec526-030f-41cc-8af7-a6f75e712ab0@group-5D45C35602B2, cid=747, SUCCESS, logIndex=967, commits[947ec526-030f-41cc-8af7-a6f75e712ab0:c970, c447b9b6-dde2-4ce7-aa81-d0e2eddc8fe9:c966, 28b540ac-241d-462a-a56c-509e92928066:c966]
2019-08-20 22:34:13,116 [grpc-default-executor-5] INFO  client.GrpcClientProtocolClient (GrpcClientProtocolClient.java:onNext(255)) - client-391BA870FC40->947ec526-030f-41cc-8af7-a6f75e712ab0: receive RaftClientReply:client-391BA870FC40->947ec526-030f-41cc-8af7-a6f75e712ab0@group-5D45C35602B2, cid=748, SUCCESS, logIndex=968, commits[947ec526-030f-41cc-8af7-a6f75e712ab0:c970, c447b9b6-dde2-4ce7-aa81-d0e2eddc8fe9:c966, 28b540ac-241d-462a-a56c-509e92928066:c966]
2019-08-20 22:34:13,117 [grpc-default-executor-5] INFO  client.GrpcClientProtocolClient (GrpcClientProtocolClient.java:onNext(255)) - client-391BA870FC40->947ec526-030f-41cc-8af7-a6f75e712ab0: receive RaftClientReply:client-391BA870FC40->947ec526-030f-41cc-8af7-a6f75e712ab0@group-5D45C35602B2, cid=749, SUCCESS, logIndex=969, commits[947ec526-030f-41cc-8af7-a6f75e712ab0:c970, c447b9b6-dde2-4ce7-aa81-d0e2eddc8fe9:c966, 28b540ac-241d-462a-a56c-509e92928066:c966]
2019-08-20 22:34:13,117 [grpc-default-executor-5] INFO  client.GrpcClientProtocolClient (GrpcClientProtocolClient.java:onNext(255)) - client-391BA870FC40->947ec526-030f-41cc-8af7-a6f75e712ab0: receive RaftClientReply:client-391BA870FC40->947ec526-030f-41cc-8af7-a6f75e712ab0@group-5D45C35602B2, cid=750, SUCCESS, logIndex=970, commits[947ec526-030f-41cc-8af7-a6f75e712ab0:c970, c447b9b6-dde2-4ce7-aa81-d0e2eddc8fe9:c966, 28b540ac-241d-462a-a56c-509e92928066:c966]
2019-08-20 22:34:13,118 | INFO  | DNAudit | user=null | ip=null | op=WRITE_CHUNK {blockData=conID: 3 locID: 102651687806108066 bcsId: 0} | ret=SUCCESS |  
2019-08-20 22:34:13,118 | INFO  | DNAudit | user=null | ip=null | op=WRITE_CHUNK {blockData=conID: 3 locID: 102651687806108066 bcsId: 0} | ret=SUCCESS |  
2019-08-20 22:34:13,118 | INFO  | DNAudit | user=null | ip=null | op=PUT_BLOCK {blockData=[blockId=conID: 3 locID: 102651687806108066 bcsId: 0,size=1048576]} | ret=SUCCESS |  
2019-08-20 22:34:13,118 | INFO  | DNAudit | user=null | ip=null | op=PUT_BLOCK {blockData=[blockId=conID: 3 locID: 102651687806108066 bcsId: 0,size=1048576]} | ret=SUCCESS |  
2019-08-20 22:34:13,118 [grpc-default-executor-2] INFO  client.GrpcClientProtocolClient (GrpcClientProtocolClient.java:onNext(255)) - client-391BA870FC40->947ec526-030f-41cc-8af7-a6f75e712ab0: receive RaftClientReply:client-391BA870FC40->947ec526-030f-41cc-8af7-a6f75e712ab0@group-5D45C35602B2, cid=751, SUCCESS, logIndex=0, commits[947ec526-030f-41cc-8af7-a6f75e712ab0:c971, c447b9b6-dde2-4ce7-aa81-d0e2eddc8fe9:c968, 28b540ac-241d-462a-a56c-509e92928066:c968]
2019-08-20 22:34:13,125 | INFO  | DNAudit | user=null | ip=null | op=WRITE_CHUNK {blockData=conID: 3 locID: 102651687806108066 bcsId: 970} | ret=SUCCESS |  
2019-08-20 22:34:13,127 | INFO  | DNAudit | user=null | ip=null | op=WRITE_CHUNK {blockData=conID: 3 locID: 102651687806108066 bcsId: 970} | ret=SUCCESS |  
2019-08-20 22:34:13,127 | INFO  | DNAudit | user=null | ip=null | op=WRITE_CHUNK {blockData=conID: 3 locID: 102651687806108066 bcsId: 970} | ret=SUCCESS |  
2019-08-20 22:34:13,143 | INFO  | DNAudit | user=null | ip=null | op=WRITE_CHUNK {blockData=conID: 3 locID: 102651687806108066 bcsId: 0} | ret=SUCCESS |  
2019-08-20 22:34:13,143 | INFO  | DNAudit | user=null | ip=null | op=WRITE_CHUNK {blockData=conID: 3 locID: 102651687806108066 bcsId: 0} | ret=SUCCESS |  
2019-08-20 22:34:13,143 | INFO  | DNAudit | user=null | ip=null | op=PUT_BLOCK {blockData=[blockId=conID: 3 locID: 102651687806108066 bcsId: 0,size=2097152]} | ret=SUCCESS |  
2019-08-20 22:34:13,143 | INFO  | DNAudit | user=null | ip=null | op=PUT_BLOCK {blockData=[blockId=conID: 3 locID: 102651687806108066 bcsId: 0,size=2097152]} | ret=SUCCESS |  
2019-08-20 22:34:13,144 | INFO  | DNAudit | user=null | ip=null | op=WRITE_CHUNK {blockData=conID: 3 locID: 102651687806108066 bcsId: 970} | ret=SUCCESS |  
2019-08-20 22:34:13,145 | INFO  | DNAudit | user=null | ip=null | op=PUT_BLOCK {blockData=[blockId=conID: 3 locID: 102651687806108066 bcsId: 0,size=3145728]} | ret=SUCCESS |  
2019-08-20 22:34:13,145 [grpc-default-executor-5] INFO  client.GrpcClientProtocolClient (GrpcClientProtocolClient.java:onNext(255)) - client-391BA870FC40->947ec526-030f-41cc-8af7-a6f75e712ab0: receive RaftClientReply:client-391BA870FC40->947ec526-030f-41cc-8af7-a6f75e712ab0@group-5D45C35602B2, cid=752, SUCCESS, logIndex=975, commits[947ec526-030f-41cc-8af7-a6f75e712ab0:c976, c447b9b6-dde2-4ce7-aa81-d0e2eddc8fe9:c971, 28b540ac-241d-462a-a56c-509e92928066:c971]
2019-08-20 22:34:13,146 [grpc-default-executor-5] INFO  client.GrpcClientProtocolClient (GrpcClientProtocolClient.java:onNext(255)) - client-391BA870FC40->947ec526-030f-41cc-8af7-a6f75e712ab0: receive RaftClientReply:client-391BA870FC40->947ec526-030f-41cc-8af7-a6f75e712ab0@group-5D45C35602B2, cid=753, SUCCESS, logIndex=976, commits[947ec526-030f-41cc-8af7-a6f75e712ab0:c976, c447b9b6-dde2-4ce7-aa81-d0e2eddc8fe9:c971, 28b540ac-241d-462a-a56c-509e92928066:c971]
2019-08-20 22:34:13,146 | INFO  | DNAudit | user=null | ip=null | op=WRITE_CHUNK {blockData=conID: 3 locID: 102651687806108066 bcsId: 970} | ret=SUCCESS |  
2019-08-20 22:34:13,146 | INFO  | DNAudit | user=null | ip=null | op=WRITE_CHUNK {blockData=conID: 3 locID: 102651687806108066 bcsId: 970} | ret=SUCCESS |  
2019-08-20 22:34:13,147 | INFO  | DNAudit | user=null | ip=null | op=PUT_BLOCK {blockData=[blockId=conID: 3 locID: 102651687806108066 bcsId: 0,size=3145728]} | ret=SUCCESS |  
2019-08-20 22:34:13,147 | INFO  | DNAudit | user=null | ip=null | op=PUT_BLOCK {blockData=[blockId=conID: 3 locID: 102651687806108066 bcsId: 0,size=3145728]} | ret=SUCCESS |  
2019-08-20 22:34:13,152 | INFO  | DNAudit | user=null | ip=null | op=WRITE_CHUNK {blockData=conID: 3 locID: 102651687806108066 bcsId: 976} | ret=SUCCESS |  
2019-08-20 22:34:13,155 | INFO  | DNAudit | user=null | ip=null | op=WRITE_CHUNK {blockData=conID: 3 locID: 102651687806108066 bcsId: 976} | ret=SUCCESS |  
2019-08-20 22:34:13,155 | INFO  | DNAudit | user=null | ip=null | op=WRITE_CHUNK {blockData=conID: 3 locID: 102651687806108066 bcsId: 976} | ret=SUCCESS |  
2019-08-20 22:34:13,161 | INFO  | DNAudit | user=null | ip=null | op=WRITE_CHUNK {blockData=conID: 3 locID: 102651687806108066 bcsId: 976} | ret=SUCCESS |  
2019-08-20 22:34:13,162 | INFO  | DNAudit | user=null | ip=null | op=PUT_BLOCK {blockData=[blockId=conID: 3 locID: 102651687806108066 bcsId: 0,size=4194304]} | ret=SUCCESS |  
2019-08-20 22:34:13,162 [grpc-default-executor-5] INFO  client.GrpcClientProtocolClient (GrpcClientProtocolClient.java:onNext(255)) - client-391BA870FC40->947ec526-030f-41cc-8af7-a6f75e712ab0: receive RaftClientReply:client-391BA870FC40->947ec526-030f-41cc-8af7-a6f75e712ab0@group-5D45C35602B2, cid=754, SUCCESS, logIndex=979, commits[947ec526-030f-41cc-8af7-a6f75e712ab0:c980, c447b9b6-dde2-4ce7-aa81-d0e2eddc8fe9:c978, 28b540ac-241d-462a-a56c-509e92928066:c978]
2019-08-20 22:34:13,162 [grpc-default-executor-5] INFO  client.GrpcClientProtocolClient (GrpcClientProtocolClient.java:onNext(255)) - client-391BA870FC40->947ec526-030f-41cc-8af7-a6f75e712ab0: receive RaftClientReply:client-391BA870FC40->947ec526-030f-41cc-8af7-a6f75e712ab0@group-5D45C35602B2, cid=755, SUCCESS, logIndex=980, commits[947ec526-030f-41cc-8af7-a6f75e712ab0:c980, c447b9b6-dde2-4ce7-aa81-d0e2eddc8fe9:c978, 28b540ac-241d-462a-a56c-509e92928066:c978]
2019-08-20 22:34:13,175 | INFO  | DNAudit | user=null | ip=null | op=WRITE_CHUNK {blockData=conID: 3 locID: 102651687806108066 bcsId: 976} | ret=SUCCESS |  
2019-08-20 22:34:13,175 | INFO  | DNAudit | user=null | ip=null | op=WRITE_CHUNK {blockData=conID: 3 locID: 102651687806108066 bcsId: 976} | ret=SUCCESS |  
2019-08-20 22:34:13,175 | INFO  | DNAudit | user=null | ip=null | op=PUT_BLOCK {blockData=[blockId=conID: 3 locID: 102651687806108066 bcsId: 0,size=4194304]} | ret=SUCCESS |  
2019-08-20 22:34:13,175 | INFO  | DNAudit | user=null | ip=null | op=PUT_BLOCK {blockData=[blockId=conID: 3 locID: 102651687806108066 bcsId: 0,size=4194304]} | ret=SUCCESS |  
2019-08-20 22:34:13,175 [grpc-default-executor-3] INFO  client.GrpcClientProtocolClient (GrpcClientProtocolClient.java:onNext(255)) - client-391BA870FC40->947ec526-030f-41cc-8af7-a6f75e712ab0: receive RaftClientReply:client-391BA870FC40->947ec526-030f-41cc-8af7-a6f75e712ab0@group-5D45C35602B2, cid=756, SUCCESS, logIndex=0, commits[947ec526-030f-41cc-8af7-a6f75e712ab0:c981, c447b9b6-dde2-4ce7-aa81-d0e2eddc8fe9:c980, 28b540ac-241d-462a-a56c-509e92928066:c980]
2019-08-20 22:34:13,181 | INFO  | DNAudit | user=null | ip=null | op=WRITE_CHUNK {blockData=conID: 1 locID: 102651687806108067 bcsId: 0} | ret=SUCCESS |  
2019-08-20 22:34:13,184 | INFO  | DNAudit | user=null | ip=null | op=WRITE_CHUNK {blockData=conID: 1 locID: 102651687806108067 bcsId: 0} | ret=SUCCESS |  
2019-08-20 22:34:13,184 | INFO  | DNAudit | user=null | ip=null | op=WRITE_CHUNK {blockData=conID: 1 locID: 102651687806108067 bcsId: 0} | ret=SUCCESS |  
2019-08-20 22:34:13,184 | INFO  | DNAudit | user=null | ip=null | op=WRITE_CHUNK {blockData=conID: 1 locID: 102651687806108067 bcsId: 0} | ret=SUCCESS |  
2019-08-20 22:34:13,186 | INFO  | DNAudit | user=null | ip=null | op=WRITE_CHUNK {blockData=conID: 1 locID: 102651687806108067 bcsId: 0} | ret=SUCCESS |  
2019-08-20 22:34:13,186 | INFO  | DNAudit | user=null | ip=null | op=WRITE_CHUNK {blockData=conID: 1 locID: 102651687806108067 bcsId: 0} | ret=SUCCESS |  
2019-08-20 22:34:13,193 | INFO  | DNAudit | user=null | ip=null | op=WRITE_CHUNK {blockData=conID: 1 locID: 102651687806108067 bcsId: 0} | ret=SUCCESS |  
2019-08-20 22:34:13,195 | INFO  | DNAudit | user=null | ip=null | op=PUT_BLOCK {blockData=[blockId=conID: 1 locID: 102651687806108067 bcsId: 0,size=1048576]} | ret=SUCCESS |  
2019-08-20 22:34:13,195 | INFO  | DNAudit | user=null | ip=null | op=WRITE_CHUNK {blockData=conID: 1 locID: 102651687806108067 bcsId: 0} | ret=SUCCESS |  
2019-08-20 22:34:13,195 [grpc-default-executor-3] INFO  client.GrpcClientProtocolClient (GrpcClientProtocolClient.java:onNext(255)) - client-391BA870FC40->947ec526-030f-41cc-8af7-a6f75e712ab0: receive RaftClientReply:client-391BA870FC40->947ec526-030f-41cc-8af7-a6f75e712ab0@group-5D45C35602B2, cid=757, SUCCESS, logIndex=983, commits[947ec526-030f-41cc-8af7-a6f75e712ab0:c986, c447b9b6-dde2-4ce7-aa81-d0e2eddc8fe9:c981, 28b540ac-241d-462a-a56c-509e92928066:c981]
2019-08-20 22:34:13,195 | INFO  | DNAudit | user=null | ip=null | op=PUT_BLOCK {blockData=[blockId=conID: 1 locID: 102651687806108067 bcsId: 0,size=2097152]} | ret=SUCCESS |  
2019-08-20 22:34:13,195 [grpc-default-executor-3] INFO  client.GrpcClientProtocolClient (GrpcClientProtocolClient.java:onNext(255)) - client-391BA870FC40->947ec526-030f-41cc-8af7-a6f75e712ab0: receive RaftClientReply:client-391BA870FC40->947ec526-030f-41cc-8af7-a6f75e712ab0@group-5D45C35602B2, cid=758, SUCCESS, logIndex=984, commits[947ec526-030f-41cc-8af7-a6f75e712ab0:c986, c447b9b6-dde2-4ce7-aa81-d0e2eddc8fe9:c981, 28b540ac-241d-462a-a56c-509e92928066:c981]
2019-08-20 22:34:13,196 [grpc-default-executor-3] INFO  client.GrpcClientProtocolClient (GrpcClientProtocolClient.java:onNext(255)) - client-391BA870FC40->947ec526-030f-41cc-8af7-a6f75e712ab0: receive RaftClientReply:client-391BA870FC40->947ec526-030f-41cc-8af7-a6f75e712ab0@group-5D45C35602B2, cid=759, SUCCESS, logIndex=985, commits[947ec526-030f-41cc-8af7-a6f75e712ab0:c986, c447b9b6-dde2-4ce7-aa81-d0e2eddc8fe9:c981, 28b540ac-241d-462a-a56c-509e92928066:c981]
2019-08-20 22:34:13,196 [grpc-default-executor-3] INFO  client.GrpcClientProtocolClient (GrpcClientProtocolClient.java:onNext(255)) - client-391BA870FC40->947ec526-030f-41cc-8af7-a6f75e712ab0: receive RaftClientReply:client-391BA870FC40->947ec526-030f-41cc-8af7-a6f75e712ab0@group-5D45C35602B2, cid=760, SUCCESS, logIndex=986, commits[947ec526-030f-41cc-8af7-a6f75e712ab0:c986, c447b9b6-dde2-4ce7-aa81-d0e2eddc8fe9:c981, 28b540ac-241d-462a-a56c-509e92928066:c981]
2019-08-20 22:34:13,203 | INFO  | DNAudit | user=null | ip=null | op=WRITE_CHUNK {blockData=conID: 1 locID: 102651687806108067 bcsId: 0} | ret=SUCCESS |  
2019-08-20 22:34:13,203 | INFO  | DNAudit | user=null | ip=null | op=WRITE_CHUNK {blockData=conID: 1 locID: 102651687806108067 bcsId: 0} | ret=SUCCESS |  
2019-08-20 22:34:13,203 | INFO  | DNAudit | user=null | ip=null | op=PUT_BLOCK {blockData=[blockId=conID: 1 locID: 102651687806108067 bcsId: 0,size=1048576]} | ret=SUCCESS |  
2019-08-20 22:34:13,203 | INFO  | DNAudit | user=null | ip=null | op=PUT_BLOCK {blockData=[blockId=conID: 1 locID: 102651687806108067 bcsId: 0,size=1048576]} | ret=SUCCESS |  
2019-08-20 22:34:13,203 [grpc-default-executor-3] INFO  client.GrpcClientProtocolClient (GrpcClientProtocolClient.java:onNext(255)) - client-391BA870FC40->947ec526-030f-41cc-8af7-a6f75e712ab0: receive RaftClientReply:client-391BA870FC40->947ec526-030f-41cc-8af7-a6f75e712ab0@group-5D45C35602B2, cid=761, SUCCESS, logIndex=0, commits[947ec526-030f-41cc-8af7-a6f75e712ab0:c987, c447b9b6-dde2-4ce7-aa81-d0e2eddc8fe9:c984, 28b540ac-241d-462a-a56c-509e92928066:c984]
2019-08-20 22:34:13,209 | INFO  | DNAudit | user=null | ip=null | op=WRITE_CHUNK {blockData=conID: 1 locID: 102651687806108067 bcsId: 986} | ret=SUCCESS |  
2019-08-20 22:34:13,215 | INFO  | DNAudit | user=null | ip=null | op=WRITE_CHUNK {blockData=conID: 1 locID: 102651687806108067 bcsId: 986} | ret=SUCCESS |  
2019-08-20 22:34:13,215 | INFO  | DNAudit | user=null | ip=null | op=WRITE_CHUNK {blockData=conID: 1 locID: 102651687806108067 bcsId: 0} | ret=SUCCESS |  
2019-08-20 22:34:13,216 | INFO  | DNAudit | user=null | ip=null | op=PUT_BLOCK {blockData=[blockId=conID: 1 locID: 102651687806108067 bcsId: 0,size=2097152]} | ret=SUCCESS |  
2019-08-20 22:34:13,216 | INFO  | DNAudit | user=null | ip=null | op=WRITE_CHUNK {blockData=conID: 1 locID: 102651687806108067 bcsId: 0} | ret=SUCCESS |  
2019-08-20 22:34:13,216 | INFO  | DNAudit | user=null | ip=null | op=WRITE_CHUNK {blockData=conID: 1 locID: 102651687806108067 bcsId: 986} | ret=SUCCESS |  
2019-08-20 22:34:13,216 | INFO  | DNAudit | user=null | ip=null | op=PUT_BLOCK {blockData=[blockId=conID: 1 locID: 102651687806108067 bcsId: 0,size=2097152]} | ret=SUCCESS |  
2019-08-20 22:34:13,226 | INFO  | DNAudit | user=null | ip=null | op=WRITE_CHUNK {blockData=conID: 1 locID: 102651687806108067 bcsId: 986} | ret=SUCCESS |  
2019-08-20 22:34:13,226 | INFO  | DNAudit | user=null | ip=null | op=PUT_BLOCK {blockData=[blockId=conID: 1 locID: 102651687806108067 bcsId: 0,size=3145728]} | ret=SUCCESS |  
2019-08-20 22:34:13,226 [grpc-default-executor-3] INFO  client.GrpcClientProtocolClient (GrpcClientProtocolClient.java:onNext(255)) - client-391BA870FC40->947ec526-030f-41cc-8af7-a6f75e712ab0: receive RaftClientReply:client-391BA870FC40->947ec526-030f-41cc-8af7-a6f75e712ab0@group-5D45C35602B2, cid=762, SUCCESS, logIndex=991, commits[947ec526-030f-41cc-8af7-a6f75e712ab0:c992, c447b9b6-dde2-4ce7-aa81-d0e2eddc8fe9:c987, 28b540ac-241d-462a-a56c-509e92928066:c986]
2019-08-20 22:34:13,227 [grpc-default-executor-3] INFO  client.GrpcClientProtocolClient (GrpcClientProtocolClient.java:onNext(255)) - client-391BA870FC40->947ec526-030f-41cc-8af7-a6f75e712ab0: receive RaftClientReply:client-391BA870FC40->947ec526-030f-41cc-8af7-a6f75e712ab0@group-5D45C35602B2, cid=763, SUCCESS, logIndex=992, commits[947ec526-030f-41cc-8af7-a6f75e712ab0:c992, c447b9b6-dde2-4ce7-aa81-d0e2eddc8fe9:c987, 28b540ac-241d-462a-a56c-509e92928066:c986]
2019-08-20 22:34:13,230 | INFO  | DNAudit | user=null | ip=null | op=WRITE_CHUNK {blockData=conID: 1 locID: 102651687806108067 bcsId: 986} | ret=SUCCESS |  
2019-08-20 22:34:13,230 | INFO  | DNAudit | user=null | ip=null | op=WRITE_CHUNK {blockData=conID: 1 locID: 102651687806108067 bcsId: 986} | ret=SUCCESS |  
2019-08-20 22:34:13,230 | INFO  | DNAudit | user=null | ip=null | op=PUT_BLOCK {blockData=[blockId=conID: 1 locID: 102651687806108067 bcsId: 0,size=3145728]} | ret=SUCCESS |  
2019-08-20 22:34:13,231 | INFO  | DNAudit | user=null | ip=null | op=PUT_BLOCK {blockData=[blockId=conID: 1 locID: 102651687806108067 bcsId: 0,size=3145728]} | ret=SUCCESS |  
2019-08-20 22:34:13,233 | INFO  | DNAudit | user=null | ip=null | op=WRITE_CHUNK {blockData=conID: 1 locID: 102651687806108067 bcsId: 992} | ret=SUCCESS |  
2019-08-20 22:34:13,235 | INFO  | DNAudit | user=null | ip=null | op=WRITE_CHUNK {blockData=conID: 1 locID: 102651687806108067 bcsId: 992} | ret=SUCCESS |  
2019-08-20 22:34:13,235 | INFO  | DNAudit | user=null | ip=null | op=WRITE_CHUNK {blockData=conID: 1 locID: 102651687806108067 bcsId: 992} | ret=SUCCESS |  
2019-08-20 22:34:13,245 | INFO  | DNAudit | user=null | ip=null | op=WRITE_CHUNK {blockData=conID: 1 locID: 102651687806108067 bcsId: 992} | ret=SUCCESS |  
2019-08-20 22:34:13,245 | INFO  | DNAudit | user=null | ip=null | op=PUT_BLOCK {blockData=[blockId=conID: 1 locID: 102651687806108067 bcsId: 0,size=4194304]} | ret=SUCCESS |  
2019-08-20 22:34:13,245 [grpc-default-executor-3] INFO  client.GrpcClientProtocolClient (GrpcClientProtocolClient.java:onNext(255)) - client-391BA870FC40->947ec526-030f-41cc-8af7-a6f75e712ab0: receive RaftClientReply:client-391BA870FC40->947ec526-030f-41cc-8af7-a6f75e712ab0@group-5D45C35602B2, cid=764, SUCCESS, logIndex=995, commits[947ec526-030f-41cc-8af7-a6f75e712ab0:c996, c447b9b6-dde2-4ce7-aa81-d0e2eddc8fe9:c994, 28b540ac-241d-462a-a56c-509e92928066:c994]
2019-08-20 22:34:13,246 [grpc-default-executor-3] INFO  client.GrpcClientProtocolClient (GrpcClientProtocolClient.java:onNext(255)) - client-391BA870FC40->947ec526-030f-41cc-8af7-a6f75e712ab0: receive RaftClientReply:client-391BA870FC40->947ec526-030f-41cc-8af7-a6f75e712ab0@group-5D45C35602B2, cid=765, SUCCESS, logIndex=996, commits[947ec526-030f-41cc-8af7-a6f75e712ab0:c996, c447b9b6-dde2-4ce7-aa81-d0e2eddc8fe9:c994, 28b540ac-241d-462a-a56c-509e92928066:c994]
2019-08-20 22:34:13,248 | INFO  | DNAudit | user=null | ip=null | op=WRITE_CHUNK {blockData=conID: 1 locID: 102651687806108067 bcsId: 992} | ret=SUCCESS |  
2019-08-20 22:34:13,248 | INFO  | DNAudit | user=null | ip=null | op=WRITE_CHUNK {blockData=conID: 1 locID: 102651687806108067 bcsId: 992} | ret=SUCCESS |  
2019-08-20 22:34:13,251 | INFO  | DNAudit | user=null | ip=null | op=PUT_BLOCK {blockData=[blockId=conID: 1 locID: 102651687806108067 bcsId: 0,size=4194304]} | ret=SUCCESS |  
2019-08-20 22:34:13,252 | INFO  | DNAudit | user=null | ip=null | op=PUT_BLOCK {blockData=[blockId=conID: 1 locID: 102651687806108067 bcsId: 0,size=4194304]} | ret=SUCCESS |  
2019-08-20 22:34:13,252 [grpc-default-executor-5] INFO  client.GrpcClientProtocolClient (GrpcClientProtocolClient.java:onNext(255)) - client-391BA870FC40->947ec526-030f-41cc-8af7-a6f75e712ab0: receive RaftClientReply:client-391BA870FC40->947ec526-030f-41cc-8af7-a6f75e712ab0@group-5D45C35602B2, cid=766, SUCCESS, logIndex=0, commits[947ec526-030f-41cc-8af7-a6f75e712ab0:c998, c447b9b6-dde2-4ce7-aa81-d0e2eddc8fe9:c996, 28b540ac-241d-462a-a56c-509e92928066:c996]
2019-08-20 22:34:13,258 | INFO  | DNAudit | user=null | ip=null | op=WRITE_CHUNK {blockData=conID: 2 locID: 102651687806108068 bcsId: 0} | ret=SUCCESS |  
2019-08-20 22:34:13,261 | INFO  | DNAudit | user=null | ip=null | op=WRITE_CHUNK {blockData=conID: 2 locID: 102651687806108068 bcsId: 0} | ret=SUCCESS |  
2019-08-20 22:34:13,261 | INFO  | DNAudit | user=null | ip=null | op=WRITE_CHUNK {blockData=conID: 2 locID: 102651687806108068 bcsId: 0} | ret=SUCCESS |  
2019-08-20 22:34:13,261 | INFO  | DNAudit | user=null | ip=null | op=WRITE_CHUNK {blockData=conID: 2 locID: 102651687806108068 bcsId: 0} | ret=SUCCESS |  
2019-08-20 22:34:13,263 | INFO  | DNAudit | user=null | ip=null | op=WRITE_CHUNK {blockData=conID: 2 locID: 102651687806108068 bcsId: 0} | ret=SUCCESS |  
2019-08-20 22:34:13,263 | INFO  | DNAudit | user=null | ip=null | op=WRITE_CHUNK {blockData=conID: 2 locID: 102651687806108068 bcsId: 0} | ret=SUCCESS |  
2019-08-20 22:34:13,269 | INFO  | DNAudit | user=null | ip=null | op=WRITE_CHUNK {blockData=conID: 2 locID: 102651687806108068 bcsId: 0} | ret=SUCCESS |  
2019-08-20 22:34:13,270 | INFO  | DNAudit | user=null | ip=null | op=PUT_BLOCK {blockData=[blockId=conID: 2 locID: 102651687806108068 bcsId: 0,size=1048576]} | ret=SUCCESS |  
2019-08-20 22:34:13,270 [grpc-default-executor-5] INFO  client.GrpcClientProtocolClient (GrpcClientProtocolClient.java:onNext(255)) - client-391BA870FC40->947ec526-030f-41cc-8af7-a6f75e712ab0: receive RaftClientReply:client-391BA870FC40->947ec526-030f-41cc-8af7-a6f75e712ab0@group-5D45C35602B2, cid=767, SUCCESS, logIndex=999, commits[947ec526-030f-41cc-8af7-a6f75e712ab0:c1000, c447b9b6-dde2-4ce7-aa81-d0e2eddc8fe9:c998, 28b540ac-241d-462a-a56c-509e92928066:c998]
2019-08-20 22:34:13,270 [grpc-default-executor-5] INFO  client.GrpcClientProtocolClient (GrpcClientProtocolClient.java:onNext(255)) - client-391BA870FC40->947ec526-030f-41cc-8af7-a6f75e712ab0: receive RaftClientReply:client-391BA870FC40->947ec526-030f-41cc-8af7-a6f75e712ab0@group-5D45C35602B2, cid=768, SUCCESS, logIndex=1000, commits[947ec526-030f-41cc-8af7-a6f75e712ab0:c1000, c447b9b6-dde2-4ce7-aa81-d0e2eddc8fe9:c998, 28b540ac-241d-462a-a56c-509e92928066:c998]
2019-08-20 22:34:13,271 | INFO  | DNAudit | user=null | ip=null | op=WRITE_CHUNK {blockData=conID: 2 locID: 102651687806108068 bcsId: 0} | ret=SUCCESS |  
2019-08-20 22:34:13,272 | INFO  | DNAudit | user=null | ip=null | op=PUT_BLOCK {blockData=[blockId=conID: 2 locID: 102651687806108068 bcsId: 0,size=2097152]} | ret=SUCCESS |  
2019-08-20 22:34:13,272 [grpc-default-executor-1] INFO  client.GrpcClientProtocolClient (GrpcClientProtocolClient.java:onNext(255)) - client-391BA870FC40->947ec526-030f-41cc-8af7-a6f75e712ab0: receive RaftClientReply:client-391BA870FC40->947ec526-030f-41cc-8af7-a6f75e712ab0@group-5D45C35602B2, cid=769, SUCCESS, logIndex=1001, commits[947ec526-030f-41cc-8af7-a6f75e712ab0:c1002, c447b9b6-dde2-4ce7-aa81-d0e2eddc8fe9:c998, 28b540ac-241d-462a-a56c-509e92928066:c998]
2019-08-20 22:34:13,272 [grpc-default-executor-1] INFO  client.GrpcClientProtocolClient (GrpcClientProtocolClient.java:onNext(255)) - client-391BA870FC40->947ec526-030f-41cc-8af7-a6f75e712ab0: receive RaftClientReply:client-391BA870FC40->947ec526-030f-41cc-8af7-a6f75e712ab0@group-5D45C35602B2, cid=770, SUCCESS, logIndex=1002, commits[947ec526-030f-41cc-8af7-a6f75e712ab0:c1002, c447b9b6-dde2-4ce7-aa81-d0e2eddc8fe9:c998, 28b540ac-241d-462a-a56c-509e92928066:c998]
2019-08-20 22:34:13,274 | INFO  | DNAudit | user=null | ip=null | op=WRITE_CHUNK {blockData=conID: 2 locID: 102651687806108068 bcsId: 0} | ret=SUCCESS |  
2019-08-20 22:34:13,275 | INFO  | DNAudit | user=null | ip=null | op=PUT_BLOCK {blockData=[blockId=conID: 2 locID: 102651687806108068 bcsId: 0,size=1048576]} | ret=SUCCESS |  
2019-08-20 22:34:13,275 | INFO  | DNAudit | user=null | ip=null | op=WRITE_CHUNK {blockData=conID: 2 locID: 102651687806108068 bcsId: 0} | ret=SUCCESS |  
2019-08-20 22:34:13,275 | INFO  | DNAudit | user=null | ip=null | op=PUT_BLOCK {blockData=[blockId=conID: 2 locID: 102651687806108068 bcsId: 0,size=1048576]} | ret=SUCCESS |  
2019-08-20 22:34:13,275 [grpc-default-executor-1] INFO  client.GrpcClientProtocolClient (GrpcClientProtocolClient.java:onNext(255)) - client-391BA870FC40->947ec526-030f-41cc-8af7-a6f75e712ab0: receive RaftClientReply:client-391BA870FC40->947ec526-030f-41cc-8af7-a6f75e712ab0@group-5D45C35602B2, cid=771, SUCCESS, logIndex=0, commits[947ec526-030f-41cc-8af7-a6f75e712ab0:c1003, c447b9b6-dde2-4ce7-aa81-d0e2eddc8fe9:c1000, 28b540ac-241d-462a-a56c-509e92928066:c1000]
2019-08-20 22:34:13,277 | INFO  | DNAudit | user=null | ip=null | op=WRITE_CHUNK {blockData=conID: 2 locID: 102651687806108068 bcsId: 0} | ret=SUCCESS |  
2019-08-20 22:34:13,278 | INFO  | DNAudit | user=null | ip=null | op=WRITE_CHUNK {blockData=conID: 2 locID: 102651687806108068 bcsId: 0} | ret=SUCCESS |  
2019-08-20 22:34:13,278 | INFO  | DNAudit | user=null | ip=null | op=PUT_BLOCK {blockData=[blockId=conID: 2 locID: 102651687806108068 bcsId: 0,size=2097152]} | ret=SUCCESS |  
2019-08-20 22:34:13,278 | INFO  | DNAudit | user=null | ip=null | op=PUT_BLOCK {blockData=[blockId=conID: 2 locID: 102651687806108068 bcsId: 0,size=2097152]} | ret=SUCCESS |  
2019-08-20 22:34:13,282 | INFO  | DNAudit | user=null | ip=null | op=WRITE_CHUNK {blockData=conID: 2 locID: 102651687806108068 bcsId: 1002} | ret=SUCCESS |  
2019-08-20 22:34:13,283 | INFO  | DNAudit | user=null | ip=null | op=WRITE_CHUNK {blockData=conID: 2 locID: 102651687806108068 bcsId: 1002} | ret=SUCCESS |  
2019-08-20 22:34:13,283 | INFO  | DNAudit | user=null | ip=null | op=WRITE_CHUNK {blockData=conID: 2 locID: 102651687806108068 bcsId: 1002} | ret=SUCCESS |  
2019-08-20 22:34:13,303 | INFO  | DNAudit | user=null | ip=null | op=WRITE_CHUNK {blockData=conID: 2 locID: 102651687806108068 bcsId: 1002} | ret=SUCCESS |  
2019-08-20 22:34:13,303 | INFO  | DNAudit | user=null | ip=null | op=PUT_BLOCK {blockData=[blockId=conID: 2 locID: 102651687806108068 bcsId: 0,size=3145728]} | ret=SUCCESS |  
2019-08-20 22:34:13,303 [grpc-default-executor-5] INFO  client.GrpcClientProtocolClient (GrpcClientProtocolClient.java:onNext(255)) - client-391BA870FC40->947ec526-030f-41cc-8af7-a6f75e712ab0: receive RaftClientReply:client-391BA870FC40->947ec526-030f-41cc-8af7-a6f75e712ab0@group-5D45C35602B2, cid=772, SUCCESS, logIndex=1007, commits[947ec526-030f-41cc-8af7-a6f75e712ab0:c1008, c447b9b6-dde2-4ce7-aa81-d0e2eddc8fe9:c1006, 28b540ac-241d-462a-a56c-509e92928066:c1006]
2019-08-20 22:34:13,304 [grpc-default-executor-5] INFO  client.GrpcClientProtocolClient (GrpcClientProtocolClient.java:onNext(255)) - client-391BA870FC40->947ec526-030f-41cc-8af7-a6f75e712ab0: receive RaftClientReply:client-391BA870FC40->947ec526-030f-41cc-8af7-a6f75e712ab0@group-5D45C35602B2, cid=773, SUCCESS, logIndex=1008, commits[947ec526-030f-41cc-8af7-a6f75e712ab0:c1008, c447b9b6-dde2-4ce7-aa81-d0e2eddc8fe9:c1006, 28b540ac-241d-462a-a56c-509e92928066:c1006]
2019-08-20 22:34:13,310 | INFO  | DNAudit | user=null | ip=null | op=WRITE_CHUNK {blockData=conID: 2 locID: 102651687806108068 bcsId: 1008} | ret=SUCCESS |  
2019-08-20 22:34:13,312 | INFO  | DNAudit | user=null | ip=null | op=WRITE_CHUNK {blockData=conID: 2 locID: 102651687806108068 bcsId: 1008} | ret=SUCCESS |  
2019-08-20 22:34:13,312 | INFO  | DNAudit | user=null | ip=null | op=WRITE_CHUNK {blockData=conID: 2 locID: 102651687806108068 bcsId: 1008} | ret=SUCCESS |  
2019-08-20 22:34:13,315 | INFO  | DNAudit | user=null | ip=null | op=WRITE_CHUNK {blockData=conID: 2 locID: 102651687806108068 bcsId: 1002} | ret=SUCCESS |  
2019-08-20 22:34:13,315 | INFO  | DNAudit | user=null | ip=null | op=WRITE_CHUNK {blockData=conID: 2 locID: 102651687806108068 bcsId: 1002} | ret=SUCCESS |  
2019-08-20 22:34:13,315 | INFO  | DNAudit | user=null | ip=null | op=PUT_BLOCK {blockData=[blockId=conID: 2 locID: 102651687806108068 bcsId: 0,size=3145728]} | ret=SUCCESS |  
2019-08-20 22:34:13,317 | INFO  | DNAudit | user=null | ip=null | op=PUT_BLOCK {blockData=[blockId=conID: 2 locID: 102651687806108068 bcsId: 0,size=3145728]} | ret=SUCCESS |  
2019-08-20 22:34:13,318 | INFO  | DNAudit | user=null | ip=null | op=WRITE_CHUNK {blockData=conID: 2 locID: 102651687806108068 bcsId: 1008} | ret=SUCCESS |  
2019-08-20 22:34:13,318 | INFO  | DNAudit | user=null | ip=null | op=PUT_BLOCK {blockData=[blockId=conID: 2 locID: 102651687806108068 bcsId: 0,size=4194304]} | ret=SUCCESS |  
2019-08-20 22:34:13,318 [grpc-default-executor-3] INFO  client.GrpcClientProtocolClient (GrpcClientProtocolClient.java:onNext(255)) - client-391BA870FC40->947ec526-030f-41cc-8af7-a6f75e712ab0: receive RaftClientReply:client-391BA870FC40->947ec526-030f-41cc-8af7-a6f75e712ab0@group-5D45C35602B2, cid=774, SUCCESS, logIndex=1011, commits[947ec526-030f-41cc-8af7-a6f75e712ab0:c1012, c447b9b6-dde2-4ce7-aa81-d0e2eddc8fe9:c1008, 28b540ac-241d-462a-a56c-509e92928066:c1008]
2019-08-20 22:34:13,319 [grpc-default-executor-3] INFO  client.GrpcClientProtocolClient (GrpcClientProtocolClient.java:onNext(255)) - client-391BA870FC40->947ec526-030f-41cc-8af7-a6f75e712ab0: receive RaftClientReply:client-391BA870FC40->947ec526-030f-41cc-8af7-a6f75e712ab0@group-5D45C35602B2, cid=775, SUCCESS, logIndex=1012, commits[947ec526-030f-41cc-8af7-a6f75e712ab0:c1012, c447b9b6-dde2-4ce7-aa81-d0e2eddc8fe9:c1008, 28b540ac-241d-462a-a56c-509e92928066:c1008]
2019-08-20 22:34:13,328 | INFO  | DNAudit | user=null | ip=null | op=WRITE_CHUNK {blockData=conID: 2 locID: 102651687806108068 bcsId: 1008} | ret=SUCCESS |  
2019-08-20 22:34:13,328 | INFO  | DNAudit | user=null | ip=null | op=WRITE_CHUNK {blockData=conID: 2 locID: 102651687806108068 bcsId: 1008} | ret=SUCCESS |  
2019-08-20 22:34:13,330 | INFO  | DNAudit | user=null | ip=null | op=PUT_BLOCK {blockData=[blockId=conID: 2 locID: 102651687806108068 bcsId: 0,size=4194304]} | ret=SUCCESS |  
2019-08-20 22:34:13,330 | INFO  | DNAudit | user=null | ip=null | op=PUT_BLOCK {blockData=[blockId=conID: 2 locID: 102651687806108068 bcsId: 0,size=4194304]} | ret=SUCCESS |  
2019-08-20 22:34:13,331 [grpc-default-executor-3] INFO  client.GrpcClientProtocolClient (GrpcClientProtocolClient.java:onNext(255)) - client-391BA870FC40->947ec526-030f-41cc-8af7-a6f75e712ab0: receive RaftClientReply:client-391BA870FC40->947ec526-030f-41cc-8af7-a6f75e712ab0@group-5D45C35602B2, cid=776, SUCCESS, logIndex=0, commits[947ec526-030f-41cc-8af7-a6f75e712ab0:c1014, c447b9b6-dde2-4ce7-aa81-d0e2eddc8fe9:c1012, 28b540ac-241d-462a-a56c-509e92928066:c1012]
2019-08-20 22:34:13,337 | INFO  | DNAudit | user=null | ip=null | op=WRITE_CHUNK {blockData=conID: 3 locID: 102651687806108069 bcsId: 0} | ret=SUCCESS |  
2019-08-20 22:34:13,340 | INFO  | DNAudit | user=null | ip=null | op=WRITE_CHUNK {blockData=conID: 3 locID: 102651687806108069 bcsId: 0} | ret=SUCCESS |  
2019-08-20 22:34:13,340 | INFO  | DNAudit | user=null | ip=null | op=WRITE_CHUNK {blockData=conID: 3 locID: 102651687806108069 bcsId: 0} | ret=SUCCESS |  
2019-08-20 22:34:13,341 | INFO  | DNAudit | user=null | ip=null | op=WRITE_CHUNK {blockData=conID: 3 locID: 102651687806108069 bcsId: 0} | ret=SUCCESS |  
2019-08-20 22:34:13,342 | INFO  | DNAudit | user=null | ip=null | op=WRITE_CHUNK {blockData=conID: 3 locID: 102651687806108069 bcsId: 0} | ret=SUCCESS |  
2019-08-20 22:34:13,342 | INFO  | DNAudit | user=null | ip=null | op=WRITE_CHUNK {blockData=conID: 3 locID: 102651687806108069 bcsId: 0} | ret=SUCCESS |  
2019-08-20 22:34:13,351 | INFO  | DNAudit | user=null | ip=null | op=WRITE_CHUNK {blockData=conID: 3 locID: 102651687806108069 bcsId: 0} | ret=SUCCESS |  
2019-08-20 22:34:13,352 | INFO  | DNAudit | user=null | ip=null | op=PUT_BLOCK {blockData=[blockId=conID: 3 locID: 102651687806108069 bcsId: 0,size=1048576]} | ret=SUCCESS |  
2019-08-20 22:34:13,352 [grpc-default-executor-2] INFO  client.GrpcClientProtocolClient (GrpcClientProtocolClient.java:onNext(255)) - client-391BA870FC40->947ec526-030f-41cc-8af7-a6f75e712ab0: receive RaftClientReply:client-391BA870FC40->947ec526-030f-41cc-8af7-a6f75e712ab0@group-5D45C35602B2, cid=777, SUCCESS, logIndex=1015, commits[947ec526-030f-41cc-8af7-a6f75e712ab0:c1016, c447b9b6-dde2-4ce7-aa81-d0e2eddc8fe9:c1014, 28b540ac-241d-462a-a56c-509e92928066:c1014]
2019-08-20 22:34:13,352 [grpc-default-executor-2] INFO  client.GrpcClientProtocolClient (GrpcClientProtocolClient.java:onNext(255)) - client-391BA870FC40->947ec526-030f-41cc-8af7-a6f75e712ab0: receive RaftClientReply:client-391BA870FC40->947ec526-030f-41cc-8af7-a6f75e712ab0@group-5D45C35602B2, cid=778, SUCCESS, logIndex=1016, commits[947ec526-030f-41cc-8af7-a6f75e712ab0:c1016, c447b9b6-dde2-4ce7-aa81-d0e2eddc8fe9:c1014, 28b540ac-241d-462a-a56c-509e92928066:c1014]
2019-08-20 22:34:13,361 | INFO  | DNAudit | user=null | ip=null | op=WRITE_CHUNK {blockData=conID: 3 locID: 102651687806108069 bcsId: 0} | ret=SUCCESS |  
2019-08-20 22:34:13,362 | INFO  | DNAudit | user=null | ip=null | op=PUT_BLOCK {blockData=[blockId=conID: 3 locID: 102651687806108069 bcsId: 0,size=2097152]} | ret=SUCCESS |  
2019-08-20 22:34:13,362 | INFO  | DNAudit | user=null | ip=null | op=WRITE_CHUNK {blockData=conID: 3 locID: 102651687806108069 bcsId: 0} | ret=SUCCESS |  
2019-08-20 22:34:13,362 [grpc-default-executor-2] INFO  client.GrpcClientProtocolClient (GrpcClientProtocolClient.java:onNext(255)) - client-391BA870FC40->947ec526-030f-41cc-8af7-a6f75e712ab0: receive RaftClientReply:client-391BA870FC40->947ec526-030f-41cc-8af7-a6f75e712ab0@group-5D45C35602B2, cid=779, SUCCESS, logIndex=1017, commits[947ec526-030f-41cc-8af7-a6f75e712ab0:c1018, c447b9b6-dde2-4ce7-aa81-d0e2eddc8fe9:c1014, 28b540ac-241d-462a-a56c-509e92928066:c1014]
2019-08-20 22:34:13,363 [grpc-default-executor-2] INFO  client.GrpcClientProtocolClient (GrpcClientProtocolClient.java:onNext(255)) - client-391BA870FC40->947ec526-030f-41cc-8af7-a6f75e712ab0: receive RaftClientReply:client-391BA870FC40->947ec526-030f-41cc-8af7-a6f75e712ab0@group-5D45C35602B2, cid=780, SUCCESS, logIndex=1018, commits[947ec526-030f-41cc-8af7-a6f75e712ab0:c1018, c447b9b6-dde2-4ce7-aa81-d0e2eddc8fe9:c1014, 28b540ac-241d-462a-a56c-509e92928066:c1014]
2019-08-20 22:34:13,365 | INFO  | DNAudit | user=null | ip=null | op=PUT_BLOCK {blockData=[blockId=conID: 3 locID: 102651687806108069 bcsId: 0,size=1048576]} | ret=SUCCESS |  
2019-08-20 22:34:13,365 | INFO  | DNAudit | user=null | ip=null | op=WRITE_CHUNK {blockData=conID: 3 locID: 102651687806108069 bcsId: 0} | ret=SUCCESS |  
2019-08-20 22:34:13,365 | INFO  | DNAudit | user=null | ip=null | op=PUT_BLOCK {blockData=[blockId=conID: 3 locID: 102651687806108069 bcsId: 0,size=1048576]} | ret=SUCCESS |  
2019-08-20 22:34:13,365 | INFO  | DNAudit | user=null | ip=null | op=WRITE_CHUNK {blockData=conID: 3 locID: 102651687806108069 bcsId: 0} | ret=SUCCESS |  
2019-08-20 22:34:13,365 | INFO  | DNAudit | user=null | ip=null | op=WRITE_CHUNK {blockData=conID: 3 locID: 102651687806108069 bcsId: 0} | ret=SUCCESS |  
2019-08-20 22:34:13,365 | INFO  | DNAudit | user=null | ip=null | op=PUT_BLOCK {blockData=[blockId=conID: 3 locID: 102651687806108069 bcsId: 0,size=2097152]} | ret=SUCCESS |  
2019-08-20 22:34:13,366 | INFO  | DNAudit | user=null | ip=null | op=PUT_BLOCK {blockData=[blockId=conID: 3 locID: 102651687806108069 bcsId: 0,size=2097152]} | ret=SUCCESS |  
2019-08-20 22:34:13,366 [grpc-default-executor-2] INFO  client.GrpcClientProtocolClient (GrpcClientProtocolClient.java:onNext(255)) - client-391BA870FC40->947ec526-030f-41cc-8af7-a6f75e712ab0: receive RaftClientReply:client-391BA870FC40->947ec526-030f-41cc-8af7-a6f75e712ab0@group-5D45C35602B2, cid=781, SUCCESS, logIndex=0, commits[947ec526-030f-41cc-8af7-a6f75e712ab0:c1020, c447b9b6-dde2-4ce7-aa81-d0e2eddc8fe9:c1016, 28b540ac-241d-462a-a56c-509e92928066:c1016]
2019-08-20 22:34:13,372 | INFO  | DNAudit | user=null | ip=null | op=WRITE_CHUNK {blockData=conID: 3 locID: 102651687806108069 bcsId: 1018} | ret=SUCCESS |  
2019-08-20 22:34:13,375 | INFO  | DNAudit | user=null | ip=null | op=WRITE_CHUNK {blockData=conID: 3 locID: 102651687806108069 bcsId: 1018} | ret=SUCCESS |  
2019-08-20 22:34:13,375 | INFO  | DNAudit | user=null | ip=null | op=WRITE_CHUNK {blockData=conID: 3 locID: 102651687806108069 bcsId: 1018} | ret=SUCCESS |  
2019-08-20 22:34:13,378 | INFO  | DNAudit | user=null | ip=null | op=WRITE_CHUNK {blockData=conID: 3 locID: 102651687806108069 bcsId: 1018} | ret=SUCCESS |  
2019-08-20 22:34:13,379 | INFO  | DNAudit | user=null | ip=null | op=PUT_BLOCK {blockData=[blockId=conID: 3 locID: 102651687806108069 bcsId: 0,size=3145728]} | ret=SUCCESS |  
2019-08-20 22:34:13,379 [grpc-default-executor-3] INFO  client.GrpcClientProtocolClient (GrpcClientProtocolClient.java:onNext(255)) - client-391BA870FC40->947ec526-030f-41cc-8af7-a6f75e712ab0: receive RaftClientReply:client-391BA870FC40->947ec526-030f-41cc-8af7-a6f75e712ab0@group-5D45C35602B2, cid=782, SUCCESS, logIndex=1022, commits[947ec526-030f-41cc-8af7-a6f75e712ab0:c1023, c447b9b6-dde2-4ce7-aa81-d0e2eddc8fe9:c1020, 28b540ac-241d-462a-a56c-509e92928066:c1020]
2019-08-20 22:34:13,379 [grpc-default-executor-3] INFO  client.GrpcClientProtocolClient (GrpcClientProtocolClient.java:onNext(255)) - client-391BA870FC40->947ec526-030f-41cc-8af7-a6f75e712ab0: receive RaftClientReply:client-391BA870FC40->947ec526-030f-41cc-8af7-a6f75e712ab0@group-5D45C35602B2, cid=783, SUCCESS, logIndex=1023, commits[947ec526-030f-41cc-8af7-a6f75e712ab0:c1023, c447b9b6-dde2-4ce7-aa81-d0e2eddc8fe9:c1020, 28b540ac-241d-462a-a56c-509e92928066:c1020]
2019-08-20 22:34:13,385 | INFO  | DNAudit | user=null | ip=null | op=WRITE_CHUNK {blockData=conID: 3 locID: 102651687806108069 bcsId: 1023} | ret=SUCCESS |  
2019-08-20 22:34:13,387 | INFO  | DNAudit | user=null | ip=null | op=WRITE_CHUNK {blockData=conID: 3 locID: 102651687806108069 bcsId: 1023} | ret=SUCCESS |  
2019-08-20 22:34:13,387 | INFO  | DNAudit | user=null | ip=null | op=WRITE_CHUNK {blockData=conID: 3 locID: 102651687806108069 bcsId: 1023} | ret=SUCCESS |  
2019-08-20 22:34:13,392 | INFO  | DNAudit | user=null | ip=null | op=WRITE_CHUNK {blockData=conID: 3 locID: 102651687806108069 bcsId: 1018} | ret=SUCCESS |  
2019-08-20 22:34:13,392 | INFO  | DNAudit | user=null | ip=null | op=WRITE_CHUNK {blockData=conID: 3 locID: 102651687806108069 bcsId: 1018} | ret=SUCCESS |  
2019-08-20 22:34:13,392 | INFO  | DNAudit | user=null | ip=null | op=PUT_BLOCK {blockData=[blockId=conID: 3 locID: 102651687806108069 bcsId: 0,size=3145728]} | ret=SUCCESS |  
2019-08-20 22:34:13,392 | INFO  | DNAudit | user=null | ip=null | op=PUT_BLOCK {blockData=[blockId=conID: 3 locID: 102651687806108069 bcsId: 0,size=3145728]} | ret=SUCCESS |  
2019-08-20 22:34:13,405 | INFO  | DNAudit | user=null | ip=null | op=WRITE_CHUNK {blockData=conID: 3 locID: 102651687806108069 bcsId: 1023} | ret=SUCCESS |  
2019-08-20 22:34:13,405 | INFO  | DNAudit | user=null | ip=null | op=PUT_BLOCK {blockData=[blockId=conID: 3 locID: 102651687806108069 bcsId: 0,size=4194304]} | ret=SUCCESS |  
2019-08-20 22:34:13,405 [grpc-default-executor-3] INFO  client.GrpcClientProtocolClient (GrpcClientProtocolClient.java:onNext(255)) - client-391BA870FC40->947ec526-030f-41cc-8af7-a6f75e712ab0: receive RaftClientReply:client-391BA870FC40->947ec526-030f-41cc-8af7-a6f75e712ab0@group-5D45C35602B2, cid=784, SUCCESS, logIndex=1025, commits[947ec526-030f-41cc-8af7-a6f75e712ab0:c1026, c447b9b6-dde2-4ce7-aa81-d0e2eddc8fe9:c1023, 28b540ac-241d-462a-a56c-509e92928066:c1023]
2019-08-20 22:34:13,406 [grpc-default-executor-3] INFO  client.GrpcClientProtocolClient (GrpcClientProtocolClient.java:onNext(255)) - client-391BA870FC40->947ec526-030f-41cc-8af7-a6f75e712ab0: receive RaftClientReply:client-391BA870FC40->947ec526-030f-41cc-8af7-a6f75e712ab0@group-5D45C35602B2, cid=785, SUCCESS, logIndex=1026, commits[947ec526-030f-41cc-8af7-a6f75e712ab0:c1026, c447b9b6-dde2-4ce7-aa81-d0e2eddc8fe9:c1023, 28b540ac-241d-462a-a56c-509e92928066:c1023]
2019-08-20 22:34:13,418 | INFO  | DNAudit | user=null | ip=null | op=WRITE_CHUNK {blockData=conID: 3 locID: 102651687806108069 bcsId: 1023} | ret=SUCCESS |  
2019-08-20 22:34:13,418 | INFO  | DNAudit | user=null | ip=null | op=WRITE_CHUNK {blockData=conID: 3 locID: 102651687806108069 bcsId: 1023} | ret=SUCCESS |  
2019-08-20 22:34:13,431 | INFO  | DNAudit | user=null | ip=null | op=PUT_BLOCK {blockData=[blockId=conID: 3 locID: 102651687806108069 bcsId: 0,size=4194304]} | ret=SUCCESS |  
2019-08-20 22:34:13,431 | INFO  | DNAudit | user=null | ip=null | op=PUT_BLOCK {blockData=[blockId=conID: 3 locID: 102651687806108069 bcsId: 0,size=4194304]} | ret=SUCCESS |  
2019-08-20 22:34:13,432 [grpc-default-executor-3] INFO  client.GrpcClientProtocolClient (GrpcClientProtocolClient.java:onNext(255)) - client-391BA870FC40->947ec526-030f-41cc-8af7-a6f75e712ab0: receive RaftClientReply:client-391BA870FC40->947ec526-030f-41cc-8af7-a6f75e712ab0@group-5D45C35602B2, cid=786, SUCCESS, logIndex=0, commits[947ec526-030f-41cc-8af7-a6f75e712ab0:c1028, c447b9b6-dde2-4ce7-aa81-d0e2eddc8fe9:c1026, 28b540ac-241d-462a-a56c-509e92928066:c1026]
2019-08-20 22:34:13,434 | INFO  | SCMAudit | user=jenkins1000 | ip=192.168.5.142 | op=SEND_HEARTBEAT {datanodeUUID=d55cd342-4e6c-4701-86f3-cb557f3478dc, command=[]} | ret=SUCCESS |  
2019-08-20 22:34:13,438 | INFO  | DNAudit | user=null | ip=null | op=WRITE_CHUNK {blockData=conID: 1 locID: 102651687806108070 bcsId: 0} | ret=SUCCESS |  
2019-08-20 22:34:13,440 | INFO  | DNAudit | user=null | ip=null | op=WRITE_CHUNK {blockData=conID: 1 locID: 102651687806108070 bcsId: 0} | ret=SUCCESS |  
2019-08-20 22:34:13,441 | INFO  | DNAudit | user=null | ip=null | op=WRITE_CHUNK {blockData=conID: 1 locID: 102651687806108070 bcsId: 0} | ret=SUCCESS |  
2019-08-20 22:34:13,441 | INFO  | DNAudit | user=null | ip=null | op=WRITE_CHUNK {blockData=conID: 1 locID: 102651687806108070 bcsId: 0} | ret=SUCCESS |  
2019-08-20 22:34:13,442 | INFO  | DNAudit | user=null | ip=null | op=WRITE_CHUNK {blockData=conID: 1 locID: 102651687806108070 bcsId: 0} | ret=SUCCESS |  
2019-08-20 22:34:13,442 | INFO  | DNAudit | user=null | ip=null | op=WRITE_CHUNK {blockData=conID: 1 locID: 102651687806108070 bcsId: 0} | ret=SUCCESS |  
2019-08-20 22:34:13,452 | INFO  | DNAudit | user=null | ip=null | op=WRITE_CHUNK {blockData=conID: 1 locID: 102651687806108070 bcsId: 0} | ret=SUCCESS |  
2019-08-20 22:34:13,452 | INFO  | DNAudit | user=null | ip=null | op=PUT_BLOCK {blockData=[blockId=conID: 1 locID: 102651687806108070 bcsId: 0,size=1048576]} | ret=SUCCESS |  
2019-08-20 22:34:13,453 [grpc-default-executor-1] INFO  client.GrpcClientProtocolClient (GrpcClientProtocolClient.java:onNext(255)) - client-391BA870FC40->947ec526-030f-41cc-8af7-a6f75e712ab0: receive RaftClientReply:client-391BA870FC40->947ec526-030f-41cc-8af7-a6f75e712ab0@group-5D45C35602B2, cid=787, SUCCESS, logIndex=1029, commits[947ec526-030f-41cc-8af7-a6f75e712ab0:c1030, c447b9b6-dde2-4ce7-aa81-d0e2eddc8fe9:c1028, 28b540ac-241d-462a-a56c-509e92928066:c1028]
2019-08-20 22:34:13,453 [grpc-default-executor-1] INFO  client.GrpcClientProtocolClient (GrpcClientProtocolClient.java:onNext(255)) - client-391BA870FC40->947ec526-030f-41cc-8af7-a6f75e712ab0: receive RaftClientReply:client-391BA870FC40->947ec526-030f-41cc-8af7-a6f75e712ab0@group-5D45C35602B2, cid=788, SUCCESS, logIndex=1030, commits[947ec526-030f-41cc-8af7-a6f75e712ab0:c1030, c447b9b6-dde2-4ce7-aa81-d0e2eddc8fe9:c1028, 28b540ac-241d-462a-a56c-509e92928066:c1028]
2019-08-20 22:34:13,462 | INFO  | DNAudit | user=null | ip=null | op=WRITE_CHUNK {blockData=conID: 1 locID: 102651687806108070 bcsId: 0} | ret=SUCCESS |  
2019-08-20 22:34:13,462 | INFO  | DNAudit | user=null | ip=null | op=PUT_BLOCK {blockData=[blockId=conID: 1 locID: 102651687806108070 bcsId: 0,size=2097152]} | ret=SUCCESS |  
2019-08-20 22:34:13,463 [grpc-default-executor-3] INFO  client.GrpcClientProtocolClient (GrpcClientProtocolClient.java:onNext(255)) - client-391BA870FC40->947ec526-030f-41cc-8af7-a6f75e712ab0: receive RaftClientReply:client-391BA870FC40->947ec526-030f-41cc-8af7-a6f75e712ab0@group-5D45C35602B2, cid=789, SUCCESS, logIndex=1031, commits[947ec526-030f-41cc-8af7-a6f75e712ab0:c1032, c447b9b6-dde2-4ce7-aa81-d0e2eddc8fe9:c1028, 28b540ac-241d-462a-a56c-509e92928066:c1028]
2019-08-20 22:34:13,463 [grpc-default-executor-3] INFO  client.GrpcClientProtocolClient (GrpcClientProtocolClient.java:onNext(255)) - client-391BA870FC40->947ec526-030f-41cc-8af7-a6f75e712ab0: receive RaftClientReply:client-391BA870FC40->947ec526-030f-41cc-8af7-a6f75e712ab0@group-5D45C35602B2, cid=790, SUCCESS, logIndex=1032, commits[947ec526-030f-41cc-8af7-a6f75e712ab0:c1032, c447b9b6-dde2-4ce7-aa81-d0e2eddc8fe9:c1028, 28b540ac-241d-462a-a56c-509e92928066:c1028]
2019-08-20 22:34:13,464 | INFO  | DNAudit | user=null | ip=null | op=WRITE_CHUNK {blockData=conID: 1 locID: 102651687806108070 bcsId: 0} | ret=SUCCESS |  
2019-08-20 22:34:13,465 | INFO  | DNAudit | user=null | ip=null | op=PUT_BLOCK {blockData=[blockId=conID: 1 locID: 102651687806108070 bcsId: 0,size=1048576]} | ret=SUCCESS |  
2019-08-20 22:34:13,484 | INFO  | DNAudit | user=null | ip=null | op=WRITE_CHUNK {blockData=conID: 1 locID: 102651687806108070 bcsId: 0} | ret=SUCCESS |  
2019-08-20 22:34:13,484 | INFO  | DNAudit | user=null | ip=null | op=PUT_BLOCK {blockData=[blockId=conID: 1 locID: 102651687806108070 bcsId: 0,size=1048576]} | ret=SUCCESS |  
2019-08-20 22:34:13,484 | INFO  | DNAudit | user=null | ip=null | op=WRITE_CHUNK {blockData=conID: 1 locID: 102651687806108070 bcsId: 0} | ret=SUCCESS |  
2019-08-20 22:34:13,484 | INFO  | DNAudit | user=null | ip=null | op=PUT_BLOCK {blockData=[blockId=conID: 1 locID: 102651687806108070 bcsId: 0,size=2097152]} | ret=SUCCESS |  
2019-08-20 22:34:13,485 | INFO  | DNAudit | user=null | ip=null | op=WRITE_CHUNK {blockData=conID: 1 locID: 102651687806108070 bcsId: 0} | ret=SUCCESS |  
2019-08-20 22:34:13,485 | INFO  | DNAudit | user=null | ip=null | op=PUT_BLOCK {blockData=[blockId=conID: 1 locID: 102651687806108070 bcsId: 0,size=2097152]} | ret=SUCCESS |  
2019-08-20 22:34:13,485 [grpc-default-executor-1] INFO  client.GrpcClientProtocolClient (GrpcClientProtocolClient.java:onNext(255)) - client-391BA870FC40->947ec526-030f-41cc-8af7-a6f75e712ab0: receive RaftClientReply:client-391BA870FC40->947ec526-030f-41cc-8af7-a6f75e712ab0@group-5D45C35602B2, cid=791, SUCCESS, logIndex=0, commits[947ec526-030f-41cc-8af7-a6f75e712ab0:c1033, c447b9b6-dde2-4ce7-aa81-d0e2eddc8fe9:c1030, 28b540ac-241d-462a-a56c-509e92928066:c1030]
2019-08-20 22:34:13,491 | INFO  | DNAudit | user=null | ip=null | op=WRITE_CHUNK {blockData=conID: 1 locID: 102651687806108070 bcsId: 1032} | ret=SUCCESS |  
2019-08-20 22:34:13,495 | INFO  | DNAudit | user=null | ip=null | op=WRITE_CHUNK {blockData=conID: 1 locID: 102651687806108070 bcsId: 1032} | ret=SUCCESS |  
2019-08-20 22:34:13,495 | INFO  | DNAudit | user=null | ip=null | op=WRITE_CHUNK {blockData=conID: 1 locID: 102651687806108070 bcsId: 1032} | ret=SUCCESS |  
2019-08-20 22:34:13,505 | INFO  | DNAudit | user=null | ip=null | op=WRITE_CHUNK {blockData=conID: 1 locID: 102651687806108070 bcsId: 1032} | ret=SUCCESS |  
2019-08-20 22:34:13,506 | INFO  | DNAudit | user=null | ip=null | op=PUT_BLOCK {blockData=[blockId=conID: 1 locID: 102651687806108070 bcsId: 0,size=3145728]} | ret=SUCCESS |  
2019-08-20 22:34:13,506 [grpc-default-executor-5] INFO  client.GrpcClientProtocolClient (GrpcClientProtocolClient.java:onNext(255)) - client-391BA870FC40->947ec526-030f-41cc-8af7-a6f75e712ab0: receive RaftClientReply:client-391BA870FC40->947ec526-030f-41cc-8af7-a6f75e712ab0@group-5D45C35602B2, cid=792, SUCCESS, logIndex=1036, commits[947ec526-030f-41cc-8af7-a6f75e712ab0:c1037, c447b9b6-dde2-4ce7-aa81-d0e2eddc8fe9:c1035, 28b540ac-241d-462a-a56c-509e92928066:c1035]
2019-08-20 22:34:13,506 [grpc-default-executor-5] INFO  client.GrpcClientProtocolClient (GrpcClientProtocolClient.java:onNext(255)) - client-391BA870FC40->947ec526-030f-41cc-8af7-a6f75e712ab0: receive RaftClientReply:client-391BA870FC40->947ec526-030f-41cc-8af7-a6f75e712ab0@group-5D45C35602B2, cid=793, SUCCESS, logIndex=1037, commits[947ec526-030f-41cc-8af7-a6f75e712ab0:c1037, c447b9b6-dde2-4ce7-aa81-d0e2eddc8fe9:c1035, 28b540ac-241d-462a-a56c-509e92928066:c1035]
2019-08-20 22:34:13,514 | INFO  | DNAudit | user=null | ip=null | op=WRITE_CHUNK {blockData=conID: 1 locID: 102651687806108070 bcsId: 1037} | ret=SUCCESS |  
2019-08-20 22:34:13,517 | INFO  | DNAudit | user=null | ip=null | op=WRITE_CHUNK {blockData=conID: 1 locID: 102651687806108070 bcsId: 1037} | ret=SUCCESS |  
2019-08-20 22:34:13,517 | INFO  | DNAudit | user=null | ip=null | op=WRITE_CHUNK {blockData=conID: 1 locID: 102651687806108070 bcsId: 1032} | ret=SUCCESS |  
2019-08-20 22:34:13,517 | INFO  | DNAudit | user=null | ip=null | op=WRITE_CHUNK {blockData=conID: 1 locID: 102651687806108070 bcsId: 1037} | ret=SUCCESS |  
2019-08-20 22:34:13,517 | INFO  | DNAudit | user=null | ip=null | op=WRITE_CHUNK {blockData=conID: 1 locID: 102651687806108070 bcsId: 1032} | ret=SUCCESS |  
2019-08-20 22:34:13,519 | INFO  | DNAudit | user=null | ip=null | op=PUT_BLOCK {blockData=[blockId=conID: 1 locID: 102651687806108070 bcsId: 0,size=3145728]} | ret=SUCCESS |  
2019-08-20 22:34:13,519 | INFO  | DNAudit | user=null | ip=null | op=PUT_BLOCK {blockData=[blockId=conID: 1 locID: 102651687806108070 bcsId: 0,size=3145728]} | ret=SUCCESS |  
2019-08-20 22:34:13,519 | INFO  | DNAudit | user=null | ip=null | op=WRITE_CHUNK {blockData=conID: 1 locID: 102651687806108070 bcsId: 1037} | ret=SUCCESS |  
2019-08-20 22:34:13,519 | INFO  | DNAudit | user=null | ip=null | op=PUT_BLOCK {blockData=[blockId=conID: 1 locID: 102651687806108070 bcsId: 0,size=4194304]} | ret=SUCCESS |  
2019-08-20 22:34:13,520 [grpc-default-executor-2] INFO  client.GrpcClientProtocolClient (GrpcClientProtocolClient.java:onNext(255)) - client-391BA870FC40->947ec526-030f-41cc-8af7-a6f75e712ab0: receive RaftClientReply:client-391BA870FC40->947ec526-030f-41cc-8af7-a6f75e712ab0@group-5D45C35602B2, cid=794, SUCCESS, logIndex=1040, commits[947ec526-030f-41cc-8af7-a6f75e712ab0:c1041, c447b9b6-dde2-4ce7-aa81-d0e2eddc8fe9:c1037, 28b540ac-241d-462a-a56c-509e92928066:c1037]
2019-08-20 22:34:13,520 [grpc-default-executor-2] INFO  client.GrpcClientProtocolClient (GrpcClientProtocolClient.java:onNext(255)) - client-391BA870FC40->947ec526-030f-41cc-8af7-a6f75e712ab0: receive RaftClientReply:client-391BA870FC40->947ec526-030f-41cc-8af7-a6f75e712ab0@group-5D45C35602B2, cid=795, SUCCESS, logIndex=1041, commits[947ec526-030f-41cc-8af7-a6f75e712ab0:c1041, c447b9b6-dde2-4ce7-aa81-d0e2eddc8fe9:c1037, 28b540ac-241d-462a-a56c-509e92928066:c1037]
2019-08-20 22:34:13,522 | INFO  | DNAudit | user=null | ip=null | op=WRITE_CHUNK {blockData=conID: 1 locID: 102651687806108070 bcsId: 1037} | ret=SUCCESS |  
2019-08-20 22:34:13,522 | INFO  | DNAudit | user=null | ip=null | op=WRITE_CHUNK {blockData=conID: 1 locID: 102651687806108070 bcsId: 1037} | ret=SUCCESS |  
2019-08-20 22:34:13,523 | INFO  | DNAudit | user=null | ip=null | op=PUT_BLOCK {blockData=[blockId=conID: 1 locID: 102651687806108070 bcsId: 0,size=4194304]} | ret=SUCCESS |  
2019-08-20 22:34:13,524 | INFO  | DNAudit | user=null | ip=null | op=PUT_BLOCK {blockData=[blockId=conID: 1 locID: 102651687806108070 bcsId: 0,size=4194304]} | ret=SUCCESS |  
2019-08-20 22:34:13,524 [grpc-default-executor-2] INFO  client.GrpcClientProtocolClient (GrpcClientProtocolClient.java:onNext(255)) - client-391BA870FC40->947ec526-030f-41cc-8af7-a6f75e712ab0: receive RaftClientReply:client-391BA870FC40->947ec526-030f-41cc-8af7-a6f75e712ab0@group-5D45C35602B2, cid=796, SUCCESS, logIndex=0, commits[947ec526-030f-41cc-8af7-a6f75e712ab0:c1043, c447b9b6-dde2-4ce7-aa81-d0e2eddc8fe9:c1041, 28b540ac-241d-462a-a56c-509e92928066:c1041]
2019-08-20 22:34:13,531 | INFO  | DNAudit | user=null | ip=null | op=WRITE_CHUNK {blockData=conID: 2 locID: 102651687806108071 bcsId: 0} | ret=SUCCESS |  
2019-08-20 22:34:13,533 | INFO  | DNAudit | user=null | ip=null | op=WRITE_CHUNK {blockData=conID: 2 locID: 102651687806108071 bcsId: 0} | ret=SUCCESS |  
2019-08-20 22:34:13,534 | INFO  | DNAudit | user=null | ip=null | op=WRITE_CHUNK {blockData=conID: 2 locID: 102651687806108071 bcsId: 0} | ret=SUCCESS |  
2019-08-20 22:34:13,534 | INFO  | DNAudit | user=null | ip=null | op=WRITE_CHUNK {blockData=conID: 2 locID: 102651687806108071 bcsId: 0} | ret=SUCCESS |  
2019-08-20 22:34:13,535 | INFO  | DNAudit | user=null | ip=null | op=WRITE_CHUNK {blockData=conID: 2 locID: 102651687806108071 bcsId: 0} | ret=SUCCESS |  
2019-08-20 22:34:13,535 | INFO  | DNAudit | user=null | ip=null | op=WRITE_CHUNK {blockData=conID: 2 locID: 102651687806108071 bcsId: 0} | ret=SUCCESS |  
2019-08-20 22:34:13,547 | INFO  | DNAudit | user=null | ip=null | op=WRITE_CHUNK {blockData=conID: 2 locID: 102651687806108071 bcsId: 0} | ret=SUCCESS |  
2019-08-20 22:34:13,548 | INFO  | DNAudit | user=null | ip=null | op=PUT_BLOCK {blockData=[blockId=conID: 2 locID: 102651687806108071 bcsId: 0,size=1048576]} | ret=SUCCESS |  
2019-08-20 22:34:13,548 [grpc-default-executor-2] INFO  client.GrpcClientProtocolClient (GrpcClientProtocolClient.java:onNext(255)) - client-391BA870FC40->947ec526-030f-41cc-8af7-a6f75e712ab0: receive RaftClientReply:client-391BA870FC40->947ec526-030f-41cc-8af7-a6f75e712ab0@group-5D45C35602B2, cid=797, SUCCESS, logIndex=1044, commits[947ec526-030f-41cc-8af7-a6f75e712ab0:c1047, c447b9b6-dde2-4ce7-aa81-d0e2eddc8fe9:c1043, 28b540ac-241d-462a-a56c-509e92928066:c1043]
2019-08-20 22:34:13,548 | INFO  | DNAudit | user=null | ip=null | op=WRITE_CHUNK {blockData=conID: 2 locID: 102651687806108071 bcsId: 0} | ret=SUCCESS |  
2019-08-20 22:34:13,549 | INFO  | DNAudit | user=null | ip=null | op=PUT_BLOCK {blockData=[blockId=conID: 2 locID: 102651687806108071 bcsId: 0,size=2097152]} | ret=SUCCESS |  
2019-08-20 22:34:13,549 [grpc-default-executor-2] INFO  client.GrpcClientProtocolClient (GrpcClientProtocolClient.java:onNext(255)) - client-391BA870FC40->947ec526-030f-41cc-8af7-a6f75e712ab0: receive RaftClientReply:client-391BA870FC40->947ec526-030f-41cc-8af7-a6f75e712ab0@group-5D45C35602B2, cid=798, SUCCESS, logIndex=1045, commits[947ec526-030f-41cc-8af7-a6f75e712ab0:c1047, c447b9b6-dde2-4ce7-aa81-d0e2eddc8fe9:c1043, 28b540ac-241d-462a-a56c-509e92928066:c1043]
2019-08-20 22:34:13,549 [grpc-default-executor-2] INFO  client.GrpcClientProtocolClient (GrpcClientProtocolClient.java:onNext(255)) - client-391BA870FC40->947ec526-030f-41cc-8af7-a6f75e712ab0: receive RaftClientReply:client-391BA870FC40->947ec526-030f-41cc-8af7-a6f75e712ab0@group-5D45C35602B2, cid=799, SUCCESS, logIndex=1046, commits[947ec526-030f-41cc-8af7-a6f75e712ab0:c1047, c447b9b6-dde2-4ce7-aa81-d0e2eddc8fe9:c1043, 28b540ac-241d-462a-a56c-509e92928066:c1043]
2019-08-20 22:34:13,549 [grpc-default-executor-2] INFO  client.GrpcClientProtocolClient (GrpcClientProtocolClient.java:onNext(255)) - client-391BA870FC40->947ec526-030f-41cc-8af7-a6f75e712ab0: receive RaftClientReply:client-391BA870FC40->947ec526-030f-41cc-8af7-a6f75e712ab0@group-5D45C35602B2, cid=800, SUCCESS, logIndex=1047, commits[947ec526-030f-41cc-8af7-a6f75e712ab0:c1047, c447b9b6-dde2-4ce7-aa81-d0e2eddc8fe9:c1043, 28b540ac-241d-462a-a56c-509e92928066:c1043]
2019-08-20 22:34:13,550 | INFO  | DNAudit | user=null | ip=null | op=WRITE_CHUNK {blockData=conID: 2 locID: 102651687806108071 bcsId: 0} | ret=SUCCESS |  
2019-08-20 22:34:13,561 | INFO  | DNAudit | user=null | ip=null | op=WRITE_CHUNK {blockData=conID: 2 locID: 102651687806108071 bcsId: 0} | ret=SUCCESS |  
2019-08-20 22:34:13,561 | INFO  | DNAudit | user=null | ip=null | op=PUT_BLOCK {blockData=[blockId=conID: 2 locID: 102651687806108071 bcsId: 0,size=1048576]} | ret=SUCCESS |  
2019-08-20 22:34:13,561 | INFO  | DNAudit | user=null | ip=null | op=PUT_BLOCK {blockData=[blockId=conID: 2 locID: 102651687806108071 bcsId: 0,size=1048576]} | ret=SUCCESS |  
2019-08-20 22:34:13,562 | INFO  | DNAudit | user=null | ip=null | op=WRITE_CHUNK {blockData=conID: 2 locID: 102651687806108071 bcsId: 0} | ret=SUCCESS |  
2019-08-20 22:34:13,562 | INFO  | DNAudit | user=null | ip=null | op=WRITE_CHUNK {blockData=conID: 2 locID: 102651687806108071 bcsId: 0} | ret=SUCCESS |  
2019-08-20 22:34:13,562 | INFO  | DNAudit | user=null | ip=null | op=PUT_BLOCK {blockData=[blockId=conID: 2 locID: 102651687806108071 bcsId: 0,size=2097152]} | ret=SUCCESS |  
2019-08-20 22:34:13,562 [grpc-default-executor-2] INFO  client.GrpcClientProtocolClient (GrpcClientProtocolClient.java:onNext(255)) - client-391BA870FC40->947ec526-030f-41cc-8af7-a6f75e712ab0: receive RaftClientReply:client-391BA870FC40->947ec526-030f-41cc-8af7-a6f75e712ab0@group-5D45C35602B2, cid=801, SUCCESS, logIndex=0, commits[947ec526-030f-41cc-8af7-a6f75e712ab0:c1051, c447b9b6-dde2-4ce7-aa81-d0e2eddc8fe9:c1045, 28b540ac-241d-462a-a56c-509e92928066:c1047]
2019-08-20 22:34:13,562 | INFO  | DNAudit | user=null | ip=null | op=PUT_BLOCK {blockData=[blockId=conID: 2 locID: 102651687806108071 bcsId: 0,size=2097152]} | ret=SUCCESS |  
2019-08-20 22:34:13,568 | INFO  | DNAudit | user=null | ip=null | op=WRITE_CHUNK {blockData=conID: 2 locID: 102651687806108071 bcsId: 1047} | ret=SUCCESS |  
2019-08-20 22:34:13,570 | INFO  | DNAudit | user=null | ip=null | op=WRITE_CHUNK {blockData=conID: 2 locID: 102651687806108071 bcsId: 1047} | ret=SUCCESS |  
2019-08-20 22:34:13,571 | INFO  | DNAudit | user=null | ip=null | op=WRITE_CHUNK {blockData=conID: 2 locID: 102651687806108071 bcsId: 1047} | ret=SUCCESS |  
2019-08-20 22:34:13,574 | INFO  | DNAudit | user=null | ip=null | op=WRITE_CHUNK {blockData=conID: 2 locID: 102651687806108071 bcsId: 1047} | ret=SUCCESS |  
2019-08-20 22:34:13,575 | INFO  | DNAudit | user=null | ip=null | op=PUT_BLOCK {blockData=[blockId=conID: 2 locID: 102651687806108071 bcsId: 0,size=3145728]} | ret=SUCCESS |  
2019-08-20 22:34:13,575 [grpc-default-executor-5] INFO  client.GrpcClientProtocolClient (GrpcClientProtocolClient.java:onNext(255)) - client-391BA870FC40->947ec526-030f-41cc-8af7-a6f75e712ab0: receive RaftClientReply:client-391BA870FC40->947ec526-030f-41cc-8af7-a6f75e712ab0@group-5D45C35602B2, cid=802, SUCCESS, logIndex=1052, commits[947ec526-030f-41cc-8af7-a6f75e712ab0:c1053, c447b9b6-dde2-4ce7-aa81-d0e2eddc8fe9:c1051, 28b540ac-241d-462a-a56c-509e92928066:c1051]
2019-08-20 22:34:13,575 [grpc-default-executor-5] INFO  client.GrpcClientProtocolClient (GrpcClientProtocolClient.java:onNext(255)) - client-391BA870FC40->947ec526-030f-41cc-8af7-a6f75e712ab0: receive RaftClientReply:client-391BA870FC40->947ec526-030f-41cc-8af7-a6f75e712ab0@group-5D45C35602B2, cid=803, SUCCESS, logIndex=1053, commits[947ec526-030f-41cc-8af7-a6f75e712ab0:c1053, c447b9b6-dde2-4ce7-aa81-d0e2eddc8fe9:c1051, 28b540ac-241d-462a-a56c-509e92928066:c1051]
2019-08-20 22:34:13,582 | INFO  | DNAudit | user=null | ip=null | op=WRITE_CHUNK {blockData=conID: 2 locID: 102651687806108071 bcsId: 1053} | ret=SUCCESS |  
2019-08-20 22:34:13,584 | INFO  | DNAudit | user=null | ip=null | op=WRITE_CHUNK {blockData=conID: 2 locID: 102651687806108071 bcsId: 1053} | ret=SUCCESS |  
2019-08-20 22:34:13,584 | INFO  | DNAudit | user=null | ip=null | op=WRITE_CHUNK {blockData=conID: 2 locID: 102651687806108071 bcsId: 1053} | ret=SUCCESS |  
2019-08-20 22:34:13,586 | INFO  | DNAudit | user=null | ip=null | op=WRITE_CHUNK {blockData=conID: 2 locID: 102651687806108071 bcsId: 1047} | ret=SUCCESS |  
2019-08-20 22:34:13,586 | INFO  | DNAudit | user=null | ip=null | op=WRITE_CHUNK {blockData=conID: 2 locID: 102651687806108071 bcsId: 1047} | ret=SUCCESS |  
2019-08-20 22:34:13,602 | INFO  | DNAudit | user=null | ip=null | op=PUT_BLOCK {blockData=[blockId=conID: 2 locID: 102651687806108071 bcsId: 0,size=3145728]} | ret=SUCCESS |  
2019-08-20 22:34:13,602 | INFO  | DNAudit | user=null | ip=null | op=PUT_BLOCK {blockData=[blockId=conID: 2 locID: 102651687806108071 bcsId: 0,size=3145728]} | ret=SUCCESS |  
2019-08-20 22:34:13,602 | INFO  | DNAudit | user=null | ip=null | op=WRITE_CHUNK {blockData=conID: 2 locID: 102651687806108071 bcsId: 1053} | ret=SUCCESS |  
2019-08-20 22:34:13,603 | INFO  | DNAudit | user=null | ip=null | op=PUT_BLOCK {blockData=[blockId=conID: 2 locID: 102651687806108071 bcsId: 0,size=4194304]} | ret=SUCCESS |  
2019-08-20 22:34:13,603 [grpc-default-executor-2] INFO  client.GrpcClientProtocolClient (GrpcClientProtocolClient.java:onNext(255)) - client-391BA870FC40->947ec526-030f-41cc-8af7-a6f75e712ab0: receive RaftClientReply:client-391BA870FC40->947ec526-030f-41cc-8af7-a6f75e712ab0@group-5D45C35602B2, cid=804, SUCCESS, logIndex=1056, commits[947ec526-030f-41cc-8af7-a6f75e712ab0:c1057, c447b9b6-dde2-4ce7-aa81-d0e2eddc8fe9:c1053, 28b540ac-241d-462a-a56c-509e92928066:c1053]
2019-08-20 22:34:13,603 [grpc-default-executor-2] INFO  client.GrpcClientProtocolClient (GrpcClientProtocolClient.java:onNext(255)) - client-391BA870FC40->947ec526-030f-41cc-8af7-a6f75e712ab0: receive RaftClientReply:client-391BA870FC40->947ec526-030f-41cc-8af7-a6f75e712ab0@group-5D45C35602B2, cid=805, SUCCESS, logIndex=1057, commits[947ec526-030f-41cc-8af7-a6f75e712ab0:c1057, c447b9b6-dde2-4ce7-aa81-d0e2eddc8fe9:c1053, 28b540ac-241d-462a-a56c-509e92928066:c1053]
2019-08-20 22:34:13,616 | INFO  | DNAudit | user=null | ip=null | op=WRITE_CHUNK {blockData=conID: 2 locID: 102651687806108071 bcsId: 1053} | ret=SUCCESS |  
2019-08-20 22:34:13,616 | INFO  | DNAudit | user=null | ip=null | op=WRITE_CHUNK {blockData=conID: 2 locID: 102651687806108071 bcsId: 1053} | ret=SUCCESS |  
2019-08-20 22:34:13,628 | INFO  | DNAudit | user=null | ip=null | op=PUT_BLOCK {blockData=[blockId=conID: 2 locID: 102651687806108071 bcsId: 0,size=4194304]} | ret=SUCCESS |  
2019-08-20 22:34:13,629 | INFO  | DNAudit | user=null | ip=null | op=PUT_BLOCK {blockData=[blockId=conID: 2 locID: 102651687806108071 bcsId: 0,size=4194304]} | ret=SUCCESS |  
2019-08-20 22:34:13,630 [grpc-default-executor-2] INFO  client.GrpcClientProtocolClient (GrpcClientProtocolClient.java:onNext(255)) - client-391BA870FC40->947ec526-030f-41cc-8af7-a6f75e712ab0: receive RaftClientReply:client-391BA870FC40->947ec526-030f-41cc-8af7-a6f75e712ab0@group-5D45C35602B2, cid=806, SUCCESS, logIndex=0, commits[947ec526-030f-41cc-8af7-a6f75e712ab0:c1059, c447b9b6-dde2-4ce7-aa81-d0e2eddc8fe9:c1057, 28b540ac-241d-462a-a56c-509e92928066:c1057]
2019-08-20 22:34:13,636 | INFO  | DNAudit | user=null | ip=null | op=WRITE_CHUNK {blockData=conID: 3 locID: 102651687806173608 bcsId: 0} | ret=SUCCESS |  
2019-08-20 22:34:13,640 | INFO  | DNAudit | user=null | ip=null | op=WRITE_CHUNK {blockData=conID: 3 locID: 102651687806173608 bcsId: 0} | ret=SUCCESS |  
2019-08-20 22:34:13,640 | INFO  | DNAudit | user=null | ip=null | op=WRITE_CHUNK {blockData=conID: 3 locID: 102651687806173608 bcsId: 0} | ret=SUCCESS |  
2019-08-20 22:34:13,640 | INFO  | DNAudit | user=null | ip=null | op=WRITE_CHUNK {blockData=conID: 3 locID: 102651687806173608 bcsId: 0} | ret=SUCCESS |  
2019-08-20 22:34:13,641 | INFO  | DNAudit | user=null | ip=null | op=WRITE_CHUNK {blockData=conID: 3 locID: 102651687806173608 bcsId: 0} | ret=SUCCESS |  
2019-08-20 22:34:13,641 | INFO  | DNAudit | user=null | ip=null | op=WRITE_CHUNK {blockData=conID: 3 locID: 102651687806173608 bcsId: 0} | ret=SUCCESS |  
2019-08-20 22:34:13,650 | INFO  | DNAudit | user=null | ip=null | op=WRITE_CHUNK {blockData=conID: 3 locID: 102651687806173608 bcsId: 0} | ret=SUCCESS |  
2019-08-20 22:34:13,650 | INFO  | DNAudit | user=null | ip=null | op=PUT_BLOCK {blockData=[blockId=conID: 3 locID: 102651687806173608 bcsId: 0,size=1048576]} | ret=SUCCESS |  
2019-08-20 22:34:13,650 [grpc-default-executor-1] INFO  client.GrpcClientProtocolClient (GrpcClientProtocolClient.java:onNext(255)) - client-391BA870FC40->947ec526-030f-41cc-8af7-a6f75e712ab0: receive RaftClientReply:client-391BA870FC40->947ec526-030f-41cc-8af7-a6f75e712ab0@group-5D45C35602B2, cid=807, SUCCESS, logIndex=1060, commits[947ec526-030f-41cc-8af7-a6f75e712ab0:c1061, c447b9b6-dde2-4ce7-aa81-d0e2eddc8fe9:c1059, 28b540ac-241d-462a-a56c-509e92928066:c1059]
2019-08-20 22:34:13,651 [grpc-default-executor-1] INFO  client.GrpcClientProtocolClient (GrpcClientProtocolClient.java:onNext(255)) - client-391BA870FC40->947ec526-030f-41cc-8af7-a6f75e712ab0: receive RaftClientReply:client-391BA870FC40->947ec526-030f-41cc-8af7-a6f75e712ab0@group-5D45C35602B2, cid=808, SUCCESS, logIndex=1061, commits[947ec526-030f-41cc-8af7-a6f75e712ab0:c1061, c447b9b6-dde2-4ce7-aa81-d0e2eddc8fe9:c1059, 28b540ac-241d-462a-a56c-509e92928066:c1059]
2019-08-20 22:34:13,660 | INFO  | DNAudit | user=null | ip=null | op=WRITE_CHUNK {blockData=conID: 3 locID: 102651687806173608 bcsId: 0} | ret=SUCCESS |  
2019-08-20 22:34:13,660 | INFO  | DNAudit | user=null | ip=null | op=PUT_BLOCK {blockData=[blockId=conID: 3 locID: 102651687806173608 bcsId: 0,size=2097152]} | ret=SUCCESS |  
2019-08-20 22:34:13,661 [grpc-default-executor-1] INFO  client.GrpcClientProtocolClient (GrpcClientProtocolClient.java:onNext(255)) - client-391BA870FC40->947ec526-030f-41cc-8af7-a6f75e712ab0: receive RaftClientReply:client-391BA870FC40->947ec526-030f-41cc-8af7-a6f75e712ab0@group-5D45C35602B2, cid=809, SUCCESS, logIndex=1062, commits[947ec526-030f-41cc-8af7-a6f75e712ab0:c1063, c447b9b6-dde2-4ce7-aa81-d0e2eddc8fe9:c1059, 28b540ac-241d-462a-a56c-509e92928066:c1059]
2019-08-20 22:34:13,661 [grpc-default-executor-1] INFO  client.GrpcClientProtocolClient (GrpcClientProtocolClient.java:onNext(255)) - client-391BA870FC40->947ec526-030f-41cc-8af7-a6f75e712ab0: receive RaftClientReply:client-391BA870FC40->947ec526-030f-41cc-8af7-a6f75e712ab0@group-5D45C35602B2, cid=810, SUCCESS, logIndex=1063, commits[947ec526-030f-41cc-8af7-a6f75e712ab0:c1063, c447b9b6-dde2-4ce7-aa81-d0e2eddc8fe9:c1059, 28b540ac-241d-462a-a56c-509e92928066:c1059]
2019-08-20 22:34:13,662 | INFO  | DNAudit | user=null | ip=null | op=WRITE_CHUNK {blockData=conID: 3 locID: 102651687806173608 bcsId: 0} | ret=SUCCESS |  
2019-08-20 22:34:13,662 | INFO  | DNAudit | user=null | ip=null | op=WRITE_CHUNK {blockData=conID: 3 locID: 102651687806173608 bcsId: 0} | ret=SUCCESS |  
2019-08-20 22:34:13,675 | INFO  | DNAudit | user=null | ip=null | op=PUT_BLOCK {blockData=[blockId=conID: 3 locID: 102651687806173608 bcsId: 0,size=1048576]} | ret=SUCCESS |  
2019-08-20 22:34:13,675 | INFO  | DNAudit | user=null | ip=null | op=PUT_BLOCK {blockData=[blockId=conID: 3 locID: 102651687806173608 bcsId: 0,size=1048576]} | ret=SUCCESS |  
2019-08-20 22:34:13,676 [grpc-default-executor-1] INFO  client.GrpcClientProtocolClient (GrpcClientProtocolClient.java:onNext(255)) - client-391BA870FC40->947ec526-030f-41cc-8af7-a6f75e712ab0: receive RaftClientReply:client-391BA870FC40->947ec526-030f-41cc-8af7-a6f75e712ab0@group-5D45C35602B2, cid=811, SUCCESS, logIndex=0, commits[947ec526-030f-41cc-8af7-a6f75e712ab0:c1065, c447b9b6-dde2-4ce7-aa81-d0e2eddc8fe9:c1061, 28b540ac-241d-462a-a56c-509e92928066:c1061]
2019-08-20 22:34:13,683 | INFO  | DNAudit | user=null | ip=null | op=WRITE_CHUNK {blockData=conID: 3 locID: 102651687806173608 bcsId: 1063} | ret=SUCCESS |  
2019-08-20 22:34:13,686 | INFO  | DNAudit | user=null | ip=null | op=WRITE_CHUNK {blockData=conID: 3 locID: 102651687806173608 bcsId: 1063} | ret=SUCCESS |  
2019-08-20 22:34:13,686 | INFO  | DNAudit | user=null | ip=null | op=WRITE_CHUNK {blockData=conID: 3 locID: 102651687806173608 bcsId: 1063} | ret=SUCCESS |  
2019-08-20 22:34:13,696 | INFO  | DNAudit | user=null | ip=null | op=WRITE_CHUNK {blockData=conID: 3 locID: 102651687806173608 bcsId: 0} | ret=SUCCESS |  
2019-08-20 22:34:13,696 | INFO  | DNAudit | user=null | ip=null | op=WRITE_CHUNK {blockData=conID: 3 locID: 102651687806173608 bcsId: 0} | ret=SUCCESS |  
2019-08-20 22:34:13,697 | INFO  | DNAudit | user=null | ip=null | op=PUT_BLOCK {blockData=[blockId=conID: 3 locID: 102651687806173608 bcsId: 0,size=2097152]} | ret=SUCCESS |  
2019-08-20 22:34:13,697 | INFO  | DNAudit | user=null | ip=null | op=PUT_BLOCK {blockData=[blockId=conID: 3 locID: 102651687806173608 bcsId: 0,size=2097152]} | ret=SUCCESS |  
2019-08-20 22:34:13,697 | INFO  | DNAudit | user=null | ip=null | op=WRITE_CHUNK {blockData=conID: 3 locID: 102651687806173608 bcsId: 1063} | ret=SUCCESS |  
2019-08-20 22:34:13,697 | INFO  | DNAudit | user=null | ip=null | op=PUT_BLOCK {blockData=[blockId=conID: 3 locID: 102651687806173608 bcsId: 0,size=3145728]} | ret=SUCCESS |  
2019-08-20 22:34:13,697 [grpc-default-executor-5] INFO  client.GrpcClientProtocolClient (GrpcClientProtocolClient.java:onNext(255)) - client-391BA870FC40->947ec526-030f-41cc-8af7-a6f75e712ab0: receive RaftClientReply:client-391BA870FC40->947ec526-030f-41cc-8af7-a6f75e712ab0@group-5D45C35602B2, cid=812, SUCCESS, logIndex=1068, commits[947ec526-030f-41cc-8af7-a6f75e712ab0:c1069, c447b9b6-dde2-4ce7-aa81-d0e2eddc8fe9:c1067, 28b540ac-241d-462a-a56c-509e92928066:c1067]
2019-08-20 22:34:13,698 [grpc-default-executor-5] INFO  client.GrpcClientProtocolClient (GrpcClientProtocolClient.java:onNext(255)) - client-391BA870FC40->947ec526-030f-41cc-8af7-a6f75e712ab0: receive RaftClientReply:client-391BA870FC40->947ec526-030f-41cc-8af7-a6f75e712ab0@group-5D45C35602B2, cid=813, SUCCESS, logIndex=1069, commits[947ec526-030f-41cc-8af7-a6f75e712ab0:c1069, c447b9b6-dde2-4ce7-aa81-d0e2eddc8fe9:c1067, 28b540ac-241d-462a-a56c-509e92928066:c1067]
2019-08-20 22:34:13,705 | INFO  | DNAudit | user=null | ip=null | op=WRITE_CHUNK {blockData=conID: 3 locID: 102651687806173608 bcsId: 1069} | ret=SUCCESS |  
2019-08-20 22:34:13,706 | INFO  | DNAudit | user=null | ip=null | op=WRITE_CHUNK {blockData=conID: 3 locID: 102651687806173608 bcsId: 1069} | ret=SUCCESS |  
2019-08-20 22:34:13,707 | INFO  | DNAudit | user=null | ip=null | op=WRITE_CHUNK {blockData=conID: 3 locID: 102651687806173608 bcsId: 1069} | ret=SUCCESS |  
2019-08-20 22:34:13,710 | INFO  | DNAudit | user=null | ip=null | op=WRITE_CHUNK {blockData=conID: 3 locID: 102651687806173608 bcsId: 1063} | ret=SUCCESS |  
2019-08-20 22:34:13,710 | INFO  | DNAudit | user=null | ip=null | op=WRITE_CHUNK {blockData=conID: 3 locID: 102651687806173608 bcsId: 1063} | ret=SUCCESS |  
2019-08-20 22:34:13,723 | INFO  | DNAudit | user=null | ip=null | op=PUT_BLOCK {blockData=[blockId=conID: 3 locID: 102651687806173608 bcsId: 0,size=3145728]} | ret=SUCCESS |  
2019-08-20 22:34:13,723 | INFO  | DNAudit | user=null | ip=null | op=PUT_BLOCK {blockData=[blockId=conID: 3 locID: 102651687806173608 bcsId: 0,size=3145728]} | ret=SUCCESS |  
2019-08-20 22:34:13,724 | INFO  | DNAudit | user=null | ip=null | op=WRITE_CHUNK {blockData=conID: 3 locID: 102651687806173608 bcsId: 1069} | ret=SUCCESS |  
2019-08-20 22:34:13,724 | INFO  | DNAudit | user=null | ip=null | op=PUT_BLOCK {blockData=[blockId=conID: 3 locID: 102651687806173608 bcsId: 0,size=4194304]} | ret=SUCCESS |  
2019-08-20 22:34:13,724 [grpc-default-executor-1] INFO  client.GrpcClientProtocolClient (GrpcClientProtocolClient.java:onNext(255)) - client-391BA870FC40->947ec526-030f-41cc-8af7-a6f75e712ab0: receive RaftClientReply:client-391BA870FC40->947ec526-030f-41cc-8af7-a6f75e712ab0@group-5D45C35602B2, cid=814, SUCCESS, logIndex=1072, commits[947ec526-030f-41cc-8af7-a6f75e712ab0:c1073, c447b9b6-dde2-4ce7-aa81-d0e2eddc8fe9:c1069, 28b540ac-241d-462a-a56c-509e92928066:c1069]
2019-08-20 22:34:13,724 [grpc-default-executor-1] INFO  client.GrpcClientProtocolClient (GrpcClientProtocolClient.java:onNext(255)) - client-391BA870FC40->947ec526-030f-41cc-8af7-a6f75e712ab0: receive RaftClientReply:client-391BA870FC40->947ec526-030f-41cc-8af7-a6f75e712ab0@group-5D45C35602B2, cid=815, SUCCESS, logIndex=1073, commits[947ec526-030f-41cc-8af7-a6f75e712ab0:c1073, c447b9b6-dde2-4ce7-aa81-d0e2eddc8fe9:c1069, 28b540ac-241d-462a-a56c-509e92928066:c1069]
2019-08-20 22:34:13,733 | INFO  | DNAudit | user=null | ip=null | op=WRITE_CHUNK {blockData=conID: 3 locID: 102651687806173608 bcsId: 1069} | ret=SUCCESS |  
2019-08-20 22:34:13,733 | INFO  | DNAudit | user=null | ip=null | op=WRITE_CHUNK {blockData=conID: 3 locID: 102651687806173608 bcsId: 1069} | ret=SUCCESS |  
2019-08-20 22:34:13,736 | INFO  | DNAudit | user=null | ip=null | op=PUT_BLOCK {blockData=[blockId=conID: 3 locID: 102651687806173608 bcsId: 0,size=4194304]} | ret=SUCCESS |  
2019-08-20 22:34:13,737 | INFO  | DNAudit | user=null | ip=null | op=PUT_BLOCK {blockData=[blockId=conID: 3 locID: 102651687806173608 bcsId: 0,size=4194304]} | ret=SUCCESS |  
2019-08-20 22:34:13,737 [grpc-default-executor-1] INFO  client.GrpcClientProtocolClient (GrpcClientProtocolClient.java:onNext(255)) - client-391BA870FC40->947ec526-030f-41cc-8af7-a6f75e712ab0: receive RaftClientReply:client-391BA870FC40->947ec526-030f-41cc-8af7-a6f75e712ab0@group-5D45C35602B2, cid=816, SUCCESS, logIndex=0, commits[947ec526-030f-41cc-8af7-a6f75e712ab0:c1075, c447b9b6-dde2-4ce7-aa81-d0e2eddc8fe9:c1073, 28b540ac-241d-462a-a56c-509e92928066:c1073]
2019-08-20 22:34:13,744 | INFO  | DNAudit | user=null | ip=null | op=WRITE_CHUNK {blockData=conID: 1 locID: 102651687806173609 bcsId: 0} | ret=SUCCESS |  
2019-08-20 22:34:13,745 | INFO  | DNAudit | user=null | ip=null | op=WRITE_CHUNK {blockData=conID: 1 locID: 102651687806173609 bcsId: 0} | ret=SUCCESS |  
2019-08-20 22:34:13,746 | INFO  | DNAudit | user=null | ip=null | op=WRITE_CHUNK {blockData=conID: 1 locID: 102651687806173609 bcsId: 0} | ret=SUCCESS |  
2019-08-20 22:34:13,747 | INFO  | DNAudit | user=null | ip=null | op=WRITE_CHUNK {blockData=conID: 1 locID: 102651687806173609 bcsId: 0} | ret=SUCCESS |  
2019-08-20 22:34:13,748 | INFO  | DNAudit | user=null | ip=null | op=WRITE_CHUNK {blockData=conID: 1 locID: 102651687806173609 bcsId: 0} | ret=SUCCESS |  
2019-08-20 22:34:13,748 | INFO  | DNAudit | user=null | ip=null | op=WRITE_CHUNK {blockData=conID: 1 locID: 102651687806173609 bcsId: 0} | ret=SUCCESS |  
2019-08-20 22:34:13,758 | INFO  | DNAudit | user=null | ip=null | op=WRITE_CHUNK {blockData=conID: 1 locID: 102651687806173609 bcsId: 0} | ret=SUCCESS |  
2019-08-20 22:34:13,758 | INFO  | DNAudit | user=null | ip=null | op=PUT_BLOCK {blockData=[blockId=conID: 1 locID: 102651687806173609 bcsId: 0,size=1048576]} | ret=SUCCESS |  
2019-08-20 22:34:13,758 [grpc-default-executor-3] INFO  client.GrpcClientProtocolClient (GrpcClientProtocolClient.java:onNext(255)) - client-391BA870FC40->947ec526-030f-41cc-8af7-a6f75e712ab0: receive RaftClientReply:client-391BA870FC40->947ec526-030f-41cc-8af7-a6f75e712ab0@group-5D45C35602B2, cid=817, SUCCESS, logIndex=1076, commits[947ec526-030f-41cc-8af7-a6f75e712ab0:c1077, c447b9b6-dde2-4ce7-aa81-d0e2eddc8fe9:c1075, 28b540ac-241d-462a-a56c-509e92928066:c1075]
2019-08-20 22:34:13,759 | INFO  | DNAudit | user=null | ip=null | op=WRITE_CHUNK {blockData=conID: 1 locID: 102651687806173609 bcsId: 0} | ret=SUCCESS |  
2019-08-20 22:34:13,759 [grpc-default-executor-1] INFO  client.GrpcClientProtocolClient (GrpcClientProtocolClient.java:onNext(255)) - client-391BA870FC40->947ec526-030f-41cc-8af7-a6f75e712ab0: receive RaftClientReply:client-391BA870FC40->947ec526-030f-41cc-8af7-a6f75e712ab0@group-5D45C35602B2, cid=818, SUCCESS, logIndex=1077, commits[947ec526-030f-41cc-8af7-a6f75e712ab0:c1077, c447b9b6-dde2-4ce7-aa81-d0e2eddc8fe9:c1075, 28b540ac-241d-462a-a56c-509e92928066:c1075]
2019-08-20 22:34:13,759 | INFO  | DNAudit | user=null | ip=null | op=PUT_BLOCK {blockData=[blockId=conID: 1 locID: 102651687806173609 bcsId: 0,size=2097152]} | ret=SUCCESS |  
2019-08-20 22:34:13,759 [grpc-default-executor-1] INFO  client.GrpcClientProtocolClient (GrpcClientProtocolClient.java:onNext(255)) - client-391BA870FC40->947ec526-030f-41cc-8af7-a6f75e712ab0: receive RaftClientReply:client-391BA870FC40->947ec526-030f-41cc-8af7-a6f75e712ab0@group-5D45C35602B2, cid=819, SUCCESS, logIndex=1078, commits[947ec526-030f-41cc-8af7-a6f75e712ab0:c1079, c447b9b6-dde2-4ce7-aa81-d0e2eddc8fe9:c1075, 28b540ac-241d-462a-a56c-509e92928066:c1075]
2019-08-20 22:34:13,760 [grpc-default-executor-1] INFO  client.GrpcClientProtocolClient (GrpcClientProtocolClient.java:onNext(255)) - client-391BA870FC40->947ec526-030f-41cc-8af7-a6f75e712ab0: receive RaftClientReply:client-391BA870FC40->947ec526-030f-41cc-8af7-a6f75e712ab0@group-5D45C35602B2, cid=820, SUCCESS, logIndex=1079, commits[947ec526-030f-41cc-8af7-a6f75e712ab0:c1079, c447b9b6-dde2-4ce7-aa81-d0e2eddc8fe9:c1075, 28b540ac-241d-462a-a56c-509e92928066:c1075]
2019-08-20 22:34:13,762 | INFO  | DNAudit | user=null | ip=null | op=WRITE_CHUNK {blockData=conID: 1 locID: 102651687806173609 bcsId: 0} | ret=SUCCESS |  
2019-08-20 22:34:13,762 | INFO  | DNAudit | user=null | ip=null | op=PUT_BLOCK {blockData=[blockId=conID: 1 locID: 102651687806173609 bcsId: 0,size=1048576]} | ret=SUCCESS |  
2019-08-20 22:34:13,764 | INFO  | DNAudit | user=null | ip=null | op=WRITE_CHUNK {blockData=conID: 1 locID: 102651687806173609 bcsId: 0} | ret=SUCCESS |  
2019-08-20 22:34:13,764 | INFO  | DNAudit | user=null | ip=null | op=PUT_BLOCK {blockData=[blockId=conID: 1 locID: 102651687806173609 bcsId: 0,size=1048576]} | ret=SUCCESS |  
2019-08-20 22:34:13,764 [grpc-default-executor-1] INFO  client.GrpcClientProtocolClient (GrpcClientProtocolClient.java:onNext(255)) - client-391BA870FC40->947ec526-030f-41cc-8af7-a6f75e712ab0: receive RaftClientReply:client-391BA870FC40->947ec526-030f-41cc-8af7-a6f75e712ab0@group-5D45C35602B2, cid=821, SUCCESS, logIndex=0, commits[947ec526-030f-41cc-8af7-a6f75e712ab0:c1081, c447b9b6-dde2-4ce7-aa81-d0e2eddc8fe9:c1077, 28b540ac-241d-462a-a56c-509e92928066:c1077]
2019-08-20 22:34:13,765 | INFO  | DNAudit | user=null | ip=null | op=WRITE_CHUNK {blockData=conID: 1 locID: 102651687806173609 bcsId: 0} | ret=SUCCESS |  
2019-08-20 22:34:13,765 | INFO  | DNAudit | user=null | ip=null | op=WRITE_CHUNK {blockData=conID: 1 locID: 102651687806173609 bcsId: 0} | ret=SUCCESS |  
2019-08-20 22:34:13,765 | INFO  | DNAudit | user=null | ip=null | op=PUT_BLOCK {blockData=[blockId=conID: 1 locID: 102651687806173609 bcsId: 0,size=2097152]} | ret=SUCCESS |  
2019-08-20 22:34:13,765 | INFO  | DNAudit | user=null | ip=null | op=PUT_BLOCK {blockData=[blockId=conID: 1 locID: 102651687806173609 bcsId: 0,size=2097152]} | ret=SUCCESS |  
2019-08-20 22:34:13,770 | INFO  | DNAudit | user=null | ip=null | op=WRITE_CHUNK {blockData=conID: 1 locID: 102651687806173609 bcsId: 1079} | ret=SUCCESS |  
2019-08-20 22:34:13,773 | INFO  | DNAudit | user=null | ip=null | op=WRITE_CHUNK {blockData=conID: 1 locID: 102651687806173609 bcsId: 1079} | ret=SUCCESS |  
2019-08-20 22:34:13,773 | INFO  | DNAudit | user=null | ip=null | op=WRITE_CHUNK {blockData=conID: 1 locID: 102651687806173609 bcsId: 1079} | ret=SUCCESS |  
2019-08-20 22:34:13,783 | INFO  | DNAudit | user=null | ip=null | op=WRITE_CHUNK {blockData=conID: 1 locID: 102651687806173609 bcsId: 1079} | ret=SUCCESS |  
2019-08-20 22:34:13,783 | INFO  | DNAudit | user=null | ip=null | op=PUT_BLOCK {blockData=[blockId=conID: 1 locID: 102651687806173609 bcsId: 0,size=3145728]} | ret=SUCCESS |  
2019-08-20 22:34:13,784 [grpc-default-executor-3] INFO  client.GrpcClientProtocolClient (GrpcClientProtocolClient.java:onNext(255)) - client-391BA870FC40->947ec526-030f-41cc-8af7-a6f75e712ab0: receive RaftClientReply:client-391BA870FC40->947ec526-030f-41cc-8af7-a6f75e712ab0@group-5D45C35602B2, cid=822, SUCCESS, logIndex=1084, commits[947ec526-030f-41cc-8af7-a6f75e712ab0:c1085, c447b9b6-dde2-4ce7-aa81-d0e2eddc8fe9:c1079, 28b540ac-241d-462a-a56c-509e92928066:c1083]
2019-08-20 22:34:13,784 [grpc-default-executor-3] INFO  client.GrpcClientProtocolClient (GrpcClientProtocolClient.java:onNext(255)) - client-391BA870FC40->947ec526-030f-41cc-8af7-a6f75e712ab0: receive RaftClientReply:client-391BA870FC40->947ec526-030f-41cc-8af7-a6f75e712ab0@group-5D45C35602B2, cid=823, SUCCESS, logIndex=1085, commits[947ec526-030f-41cc-8af7-a6f75e712ab0:c1085, c447b9b6-dde2-4ce7-aa81-d0e2eddc8fe9:c1083, 28b540ac-241d-462a-a56c-509e92928066:c1083]
2019-08-20 22:34:13,784 | INFO  | DNAudit | user=null | ip=null | op=WRITE_CHUNK {blockData=conID: 1 locID: 102651687806173609 bcsId: 1079} | ret=SUCCESS |  
2019-08-20 22:34:13,785 | INFO  | DNAudit | user=null | ip=null | op=WRITE_CHUNK {blockData=conID: 1 locID: 102651687806173609 bcsId: 1079} | ret=SUCCESS |  
2019-08-20 22:34:13,785 | INFO  | DNAudit | user=null | ip=null | op=PUT_BLOCK {blockData=[blockId=conID: 1 locID: 102651687806173609 bcsId: 0,size=3145728]} | ret=SUCCESS |  
2019-08-20 22:34:13,790 | INFO  | DNAudit | user=null | ip=null | op=WRITE_CHUNK {blockData=conID: 1 locID: 102651687806173609 bcsId: 1085} | ret=SUCCESS |  
2019-08-20 22:34:13,792 | INFO  | DNAudit | user=null | ip=null | op=WRITE_CHUNK {blockData=conID: 1 locID: 102651687806173609 bcsId: 1085} | ret=SUCCESS |  
2019-08-20 22:34:13,792 | INFO  | DNAudit | user=null | ip=null | op=WRITE_CHUNK {blockData=conID: 1 locID: 102651687806173609 bcsId: 1085} | ret=SUCCESS |  
2019-08-20 22:34:13,795 | INFO  | DNAudit | user=null | ip=null | op=PUT_BLOCK {blockData=[blockId=conID: 1 locID: 102651687806173609 bcsId: 0,size=3145728]} | ret=SUCCESS |  
2019-08-20 22:34:13,798 | INFO  | DNAudit | user=null | ip=null | op=WRITE_CHUNK {blockData=conID: 1 locID: 102651687806173609 bcsId: 1085} | ret=SUCCESS |  
2019-08-20 22:34:13,798 | INFO  | DNAudit | user=null | ip=null | op=PUT_BLOCK {blockData=[blockId=conID: 1 locID: 102651687806173609 bcsId: 0,size=4194304]} | ret=SUCCESS |  
2019-08-20 22:34:13,798 [grpc-default-executor-3] INFO  client.GrpcClientProtocolClient (GrpcClientProtocolClient.java:onNext(255)) - client-391BA870FC40->947ec526-030f-41cc-8af7-a6f75e712ab0: receive RaftClientReply:client-391BA870FC40->947ec526-030f-41cc-8af7-a6f75e712ab0@group-5D45C35602B2, cid=824, SUCCESS, logIndex=1088, commits[947ec526-030f-41cc-8af7-a6f75e712ab0:c1089, c447b9b6-dde2-4ce7-aa81-d0e2eddc8fe9:c1086, 28b540ac-241d-462a-a56c-509e92928066:c1086]
2019-08-20 22:34:13,799 [grpc-default-executor-3] INFO  client.GrpcClientProtocolClient (GrpcClientProtocolClient.java:onNext(255)) - client-391BA870FC40->947ec526-030f-41cc-8af7-a6f75e712ab0: receive RaftClientReply:client-391BA870FC40->947ec526-030f-41cc-8af7-a6f75e712ab0@group-5D45C35602B2, cid=825, SUCCESS, logIndex=1089, commits[947ec526-030f-41cc-8af7-a6f75e712ab0:c1089, c447b9b6-dde2-4ce7-aa81-d0e2eddc8fe9:c1086, 28b540ac-241d-462a-a56c-509e92928066:c1086]
2019-08-20 22:34:13,818 | INFO  | DNAudit | user=null | ip=null | op=WRITE_CHUNK {blockData=conID: 1 locID: 102651687806173609 bcsId: 1085} | ret=SUCCESS |  
2019-08-20 22:34:13,819 | INFO  | DNAudit | user=null | ip=null | op=WRITE_CHUNK {blockData=conID: 1 locID: 102651687806173609 bcsId: 1085} | ret=SUCCESS |  
2019-08-20 22:34:13,819 | INFO  | DNAudit | user=null | ip=null | op=PUT_BLOCK {blockData=[blockId=conID: 1 locID: 102651687806173609 bcsId: 0,size=4194304]} | ret=SUCCESS |  
2019-08-20 22:34:13,819 | INFO  | DNAudit | user=null | ip=null | op=PUT_BLOCK {blockData=[blockId=conID: 1 locID: 102651687806173609 bcsId: 0,size=4194304]} | ret=SUCCESS |  
2019-08-20 22:34:13,819 [grpc-default-executor-2] INFO  client.GrpcClientProtocolClient (GrpcClientProtocolClient.java:onNext(255)) - client-391BA870FC40->947ec526-030f-41cc-8af7-a6f75e712ab0: receive RaftClientReply:client-391BA870FC40->947ec526-030f-41cc-8af7-a6f75e712ab0@group-5D45C35602B2, cid=826, SUCCESS, logIndex=0, commits[947ec526-030f-41cc-8af7-a6f75e712ab0:c1090, c447b9b6-dde2-4ce7-aa81-d0e2eddc8fe9:c1089, 28b540ac-241d-462a-a56c-509e92928066:c1089]
2019-08-20 22:34:13,826 | INFO  | DNAudit | user=null | ip=null | op=WRITE_CHUNK {blockData=conID: 2 locID: 102651687806173610 bcsId: 0} | ret=SUCCESS |  
2019-08-20 22:34:13,829 | INFO  | DNAudit | user=null | ip=null | op=WRITE_CHUNK {blockData=conID: 2 locID: 102651687806173610 bcsId: 0} | ret=SUCCESS |  
2019-08-20 22:34:13,829 | INFO  | DNAudit | user=null | ip=null | op=WRITE_CHUNK {blockData=conID: 2 locID: 102651687806173610 bcsId: 0} | ret=SUCCESS |  
2019-08-20 22:34:13,831 | INFO  | DNAudit | user=null | ip=null | op=WRITE_CHUNK {blockData=conID: 2 locID: 102651687806173610 bcsId: 0} | ret=SUCCESS |  
2019-08-20 22:34:13,832 | INFO  | DNAudit | user=null | ip=null | op=WRITE_CHUNK {blockData=conID: 2 locID: 102651687806173610 bcsId: 0} | ret=SUCCESS |  
2019-08-20 22:34:13,832 | INFO  | DNAudit | user=null | ip=null | op=WRITE_CHUNK {blockData=conID: 2 locID: 102651687806173610 bcsId: 0} | ret=SUCCESS |  
2019-08-20 22:34:13,840 | INFO  | DNAudit | user=null | ip=null | op=WRITE_CHUNK {blockData=conID: 2 locID: 102651687806173610 bcsId: 0} | ret=SUCCESS |  
2019-08-20 22:34:13,840 | INFO  | DNAudit | user=null | ip=null | op=PUT_BLOCK {blockData=[blockId=conID: 2 locID: 102651687806173610 bcsId: 0,size=1048576]} | ret=SUCCESS |  
2019-08-20 22:34:13,841 [grpc-default-executor-5] INFO  client.GrpcClientProtocolClient (GrpcClientProtocolClient.java:onNext(255)) - client-391BA870FC40->947ec526-030f-41cc-8af7-a6f75e712ab0: receive RaftClientReply:client-391BA870FC40->947ec526-030f-41cc-8af7-a6f75e712ab0@group-5D45C35602B2, cid=827, SUCCESS, logIndex=1092, commits[947ec526-030f-41cc-8af7-a6f75e712ab0:c1093, c447b9b6-dde2-4ce7-aa81-d0e2eddc8fe9:c1091, 28b540ac-241d-462a-a56c-509e92928066:c1091]
2019-08-20 22:34:13,841 [grpc-default-executor-5] INFO  client.GrpcClientProtocolClient (GrpcClientProtocolClient.java:onNext(255)) - client-391BA870FC40->947ec526-030f-41cc-8af7-a6f75e712ab0: receive RaftClientReply:client-391BA870FC40->947ec526-030f-41cc-8af7-a6f75e712ab0@group-5D45C35602B2, cid=828, SUCCESS, logIndex=1093, commits[947ec526-030f-41cc-8af7-a6f75e712ab0:c1093, c447b9b6-dde2-4ce7-aa81-d0e2eddc8fe9:c1091, 28b540ac-241d-462a-a56c-509e92928066:c1091]
2019-08-20 22:34:13,851 | INFO  | DNAudit | user=null | ip=null | op=WRITE_CHUNK {blockData=conID: 2 locID: 102651687806173610 bcsId: 0} | ret=SUCCESS |  
2019-08-20 22:34:13,851 | INFO  | DNAudit | user=null | ip=null | op=PUT_BLOCK {blockData=[blockId=conID: 2 locID: 102651687806173610 bcsId: 0,size=2097152]} | ret=SUCCESS |  
2019-08-20 22:34:13,852 | INFO  | DNAudit | user=null | ip=null | op=WRITE_CHUNK {blockData=conID: 2 locID: 102651687806173610 bcsId: 0} | ret=SUCCESS |  
2019-08-20 22:34:13,851 [grpc-default-executor-2] INFO  client.GrpcClientProtocolClient (GrpcClientProtocolClient.java:onNext(255)) - client-391BA870FC40->947ec526-030f-41cc-8af7-a6f75e712ab0: receive RaftClientReply:client-391BA870FC40->947ec526-030f-41cc-8af7-a6f75e712ab0@group-5D45C35602B2, cid=829, SUCCESS, logIndex=1094, commits[947ec526-030f-41cc-8af7-a6f75e712ab0:c1095, c447b9b6-dde2-4ce7-aa81-d0e2eddc8fe9:c1091, 28b540ac-241d-462a-a56c-509e92928066:c1091]
2019-08-20 22:34:13,852 | INFO  | DNAudit | user=null | ip=null | op=PUT_BLOCK {blockData=[blockId=conID: 2 locID: 102651687806173610 bcsId: 0,size=1048576]} | ret=SUCCESS |  
2019-08-20 22:34:13,852 [grpc-default-executor-5] INFO  client.GrpcClientProtocolClient (GrpcClientProtocolClient.java:onNext(255)) - client-391BA870FC40->947ec526-030f-41cc-8af7-a6f75e712ab0: receive RaftClientReply:client-391BA870FC40->947ec526-030f-41cc-8af7-a6f75e712ab0@group-5D45C35602B2, cid=830, SUCCESS, logIndex=1095, commits[947ec526-030f-41cc-8af7-a6f75e712ab0:c1095, c447b9b6-dde2-4ce7-aa81-d0e2eddc8fe9:c1091, 28b540ac-241d-462a-a56c-509e92928066:c1091]
2019-08-20 22:34:13,854 | INFO  | DNAudit | user=null | ip=null | op=WRITE_CHUNK {blockData=conID: 2 locID: 102651687806173610 bcsId: 0} | ret=SUCCESS |  
2019-08-20 22:34:13,854 | INFO  | DNAudit | user=null | ip=null | op=PUT_BLOCK {blockData=[blockId=conID: 2 locID: 102651687806173610 bcsId: 0,size=1048576]} | ret=SUCCESS |  
2019-08-20 22:34:13,854 [grpc-default-executor-5] INFO  client.GrpcClientProtocolClient (GrpcClientProtocolClient.java:onNext(255)) - client-391BA870FC40->947ec526-030f-41cc-8af7-a6f75e712ab0: receive RaftClientReply:client-391BA870FC40->947ec526-030f-41cc-8af7-a6f75e712ab0@group-5D45C35602B2, cid=831, SUCCESS, logIndex=0, commits[947ec526-030f-41cc-8af7-a6f75e712ab0:c1097, c447b9b6-dde2-4ce7-aa81-d0e2eddc8fe9:c1093, 28b540ac-241d-462a-a56c-509e92928066:c1093]
2019-08-20 22:34:13,862 | INFO  | DNAudit | user=null | ip=null | op=WRITE_CHUNK {blockData=conID: 2 locID: 102651687806173610 bcsId: 1095} | ret=SUCCESS |  
2019-08-20 22:34:13,864 | INFO  | DNAudit | user=null | ip=null | op=WRITE_CHUNK {blockData=conID: 2 locID: 102651687806173610 bcsId: 1095} | ret=SUCCESS |  
2019-08-20 22:34:13,865 | INFO  | DNAudit | user=null | ip=null | op=WRITE_CHUNK {blockData=conID: 2 locID: 102651687806173610 bcsId: 0} | ret=SUCCESS |  
2019-08-20 22:34:13,865 | INFO  | DNAudit | user=null | ip=null | op=WRITE_CHUNK {blockData=conID: 2 locID: 102651687806173610 bcsId: 1095} | ret=SUCCESS |  
2019-08-20 22:34:13,865 | INFO  | DNAudit | user=null | ip=null | op=PUT_BLOCK {blockData=[blockId=conID: 2 locID: 102651687806173610 bcsId: 0,size=2097152]} | ret=SUCCESS |  
2019-08-20 22:34:13,867 | INFO  | DNAudit | user=null | ip=null | op=WRITE_CHUNK {blockData=conID: 2 locID: 102651687806173610 bcsId: 0} | ret=SUCCESS |  
2019-08-20 22:34:13,868 | INFO  | DNAudit | user=null | ip=null | op=PUT_BLOCK {blockData=[blockId=conID: 2 locID: 102651687806173610 bcsId: 0,size=2097152]} | ret=SUCCESS |  
2019-08-20 22:34:13,879 | INFO  | DNAudit | user=null | ip=null | op=WRITE_CHUNK {blockData=conID: 2 locID: 102651687806173610 bcsId: 1095} | ret=SUCCESS |  
2019-08-20 22:34:13,879 | INFO  | DNAudit | user=null | ip=null | op=PUT_BLOCK {blockData=[blockId=conID: 2 locID: 102651687806173610 bcsId: 0,size=3145728]} | ret=SUCCESS |  
2019-08-20 22:34:13,879 [grpc-default-executor-1] INFO  client.GrpcClientProtocolClient (GrpcClientProtocolClient.java:onNext(255)) - client-391BA870FC40->947ec526-030f-41cc-8af7-a6f75e712ab0: receive RaftClientReply:client-391BA870FC40->947ec526-030f-41cc-8af7-a6f75e712ab0@group-5D45C35602B2, cid=832, SUCCESS, logIndex=1100, commits[947ec526-030f-41cc-8af7-a6f75e712ab0:c1101, c447b9b6-dde2-4ce7-aa81-d0e2eddc8fe9:c1097, 28b540ac-241d-462a-a56c-509e92928066:c1095]
2019-08-20 22:34:13,880 | INFO  | DNAudit | user=null | ip=null | op=WRITE_CHUNK {blockData=conID: 2 locID: 102651687806173610 bcsId: 1095} | ret=SUCCESS |  
2019-08-20 22:34:13,880 [grpc-default-executor-1] INFO  client.GrpcClientProtocolClient (GrpcClientProtocolClient.java:onNext(255)) - client-391BA870FC40->947ec526-030f-41cc-8af7-a6f75e712ab0: receive RaftClientReply:client-391BA870FC40->947ec526-030f-41cc-8af7-a6f75e712ab0@group-5D45C35602B2, cid=833, SUCCESS, logIndex=1101, commits[947ec526-030f-41cc-8af7-a6f75e712ab0:c1101, c447b9b6-dde2-4ce7-aa81-d0e2eddc8fe9:c1097, 28b540ac-241d-462a-a56c-509e92928066:c1097]
2019-08-20 22:34:13,880 | INFO  | DNAudit | user=null | ip=null | op=PUT_BLOCK {blockData=[blockId=conID: 2 locID: 102651687806173610 bcsId: 0,size=3145728]} | ret=SUCCESS |  
2019-08-20 22:34:13,880 | INFO  | DNAudit | user=null | ip=null | op=WRITE_CHUNK {blockData=conID: 2 locID: 102651687806173610 bcsId: 1095} | ret=SUCCESS |  
2019-08-20 22:34:13,881 | INFO  | DNAudit | user=null | ip=null | op=PUT_BLOCK {blockData=[blockId=conID: 2 locID: 102651687806173610 bcsId: 0,size=3145728]} | ret=SUCCESS |  
2019-08-20 22:34:13,887 | INFO  | DNAudit | user=null | ip=null | op=WRITE_CHUNK {blockData=conID: 2 locID: 102651687806173610 bcsId: 1101} | ret=SUCCESS |  
2019-08-20 22:34:13,889 | INFO  | DNAudit | user=null | ip=null | op=WRITE_CHUNK {blockData=conID: 2 locID: 102651687806173610 bcsId: 1101} | ret=SUCCESS |  
2019-08-20 22:34:13,890 | INFO  | DNAudit | user=null | ip=null | op=WRITE_CHUNK {blockData=conID: 2 locID: 102651687806173610 bcsId: 1101} | ret=SUCCESS |  
2019-08-20 22:34:13,901 | INFO  | DNAudit | user=null | ip=null | op=WRITE_CHUNK {blockData=conID: 2 locID: 102651687806173610 bcsId: 1101} | ret=SUCCESS |  
2019-08-20 22:34:13,902 | INFO  | DNAudit | user=null | ip=null | op=PUT_BLOCK {blockData=[blockId=conID: 2 locID: 102651687806173610 bcsId: 0,size=4194304]} | ret=SUCCESS |  
2019-08-20 22:34:13,902 [grpc-default-executor-2] INFO  client.GrpcClientProtocolClient (GrpcClientProtocolClient.java:onNext(255)) - client-391BA870FC40->947ec526-030f-41cc-8af7-a6f75e712ab0: receive RaftClientReply:client-391BA870FC40->947ec526-030f-41cc-8af7-a6f75e712ab0@group-5D45C35602B2, cid=834, SUCCESS, logIndex=1104, commits[947ec526-030f-41cc-8af7-a6f75e712ab0:c1105, c447b9b6-dde2-4ce7-aa81-d0e2eddc8fe9:c1103, 28b540ac-241d-462a-a56c-509e92928066:c1103]
2019-08-20 22:34:13,902 [grpc-default-executor-2] INFO  client.GrpcClientProtocolClient (GrpcClientProtocolClient.java:onNext(255)) - client-391BA870FC40->947ec526-030f-41cc-8af7-a6f75e712ab0: receive RaftClientReply:client-391BA870FC40->947ec526-030f-41cc-8af7-a6f75e712ab0@group-5D45C35602B2, cid=835, SUCCESS, logIndex=1105, commits[947ec526-030f-41cc-8af7-a6f75e712ab0:c1105, c447b9b6-dde2-4ce7-aa81-d0e2eddc8fe9:c1103, 28b540ac-241d-462a-a56c-509e92928066:c1103]
2019-08-20 22:34:13,914 | INFO  | DNAudit | user=null | ip=null | op=WRITE_CHUNK {blockData=conID: 2 locID: 102651687806173610 bcsId: 1101} | ret=SUCCESS |  
2019-08-20 22:34:13,914 | INFO  | DNAudit | user=null | ip=null | op=WRITE_CHUNK {blockData=conID: 2 locID: 102651687806173610 bcsId: 1101} | ret=SUCCESS |  
2019-08-20 22:34:14,161 | INFO  | DNAudit | user=null | ip=null | op=PUT_BLOCK {blockData=[blockId=conID: 2 locID: 102651687806173610 bcsId: 0,size=4194304]} | ret=SUCCESS |  
 0.00% |█                                                                                                    |  0/1 Time: 0:00:032019-08-20 22:34:14,162 | INFO  | SCMAudit | user=jenkins1000 | ip=192.168.5.142 | op=SEND_HEARTBEAT {datanodeUUID=28b540ac-241d-462a-a56c-509e92928066, command=[]} | ret=SUCCESS |  
2019-08-20 22:34:14,162 | INFO  | SCMAudit | user=jenkins1000 | ip=192.168.5.142 | op=SEND_HEARTBEAT {datanodeUUID=c447b9b6-dde2-4ce7-aa81-d0e2eddc8fe9, command=[]} | ret=SUCCESS |  
2019-08-20 22:34:14,162 | INFO  | DNAudit | user=null | ip=null | op=PUT_BLOCK {blockData=[blockId=conID: 2 locID: 102651687806173610 bcsId: 0,size=4194304]} | ret=SUCCESS |  
2019-08-20 22:34:14,162 | INFO  | SCMAudit | user=jenkins1000 | ip=192.168.5.142 | op=SEND_HEARTBEAT {datanodeUUID=947ec526-030f-41cc-8af7-a6f75e712ab0, command=[]} | ret=SUCCESS |  
2019-08-20 22:34:14,162 | INFO  | SCMAudit | user=jenkins1000 | ip=192.168.5.142 | op=SEND_HEARTBEAT {datanodeUUID=eafd9314-3f13-422a-a2ac-adfcde2d7481, command=[]} | ret=SUCCESS |  
2019-08-20 22:34:14,163 [grpc-default-executor-2] INFO  client.GrpcClientProtocolClient (GrpcClientProtocolClient.java:onNext(255)) - client-391BA870FC40->947ec526-030f-41cc-8af7-a6f75e712ab0: receive RaftClientReply:client-391BA870FC40->947ec526-030f-41cc-8af7-a6f75e712ab0@group-5D45C35602B2, cid=836, SUCCESS, logIndex=0, commits[947ec526-030f-41cc-8af7-a6f75e712ab0:c1107, c447b9b6-dde2-4ce7-aa81-d0e2eddc8fe9:c1105, 28b540ac-241d-462a-a56c-509e92928066:c1105]
2019-08-20 22:34:14,172 | INFO  | DNAudit | user=null | ip=null | op=WRITE_CHUNK {blockData=conID: 3 locID: 102651687806173611 bcsId: 0} | ret=SUCCESS |  
2019-08-20 22:34:14,174 | INFO  | DNAudit | user=null | ip=null | op=WRITE_CHUNK {blockData=conID: 3 locID: 102651687806173611 bcsId: 0} | ret=SUCCESS |  
2019-08-20 22:34:14,175 | INFO  | DNAudit | user=null | ip=null | op=WRITE_CHUNK {blockData=conID: 3 locID: 102651687806173611 bcsId: 0} | ret=SUCCESS |  
2019-08-20 22:34:14,176 | INFO  | DNAudit | user=null | ip=null | op=WRITE_CHUNK {blockData=conID: 3 locID: 102651687806173611 bcsId: 0} | ret=SUCCESS |  
2019-08-20 22:34:14,177 | INFO  | DNAudit | user=null | ip=null | op=WRITE_CHUNK {blockData=conID: 3 locID: 102651687806173611 bcsId: 0} | ret=SUCCESS |  
2019-08-20 22:34:14,177 | INFO  | DNAudit | user=null | ip=null | op=WRITE_CHUNK {blockData=conID: 3 locID: 102651687806173611 bcsId: 0} | ret=SUCCESS |  
2019-08-20 22:34:14,177 | INFO  | DNAudit | user=null | ip=null | op=WRITE_CHUNK {blockData=conID: 3 locID: 102651687806173611 bcsId: 0} | ret=SUCCESS |  
2019-08-20 22:34:14,178 | INFO  | DNAudit | user=null | ip=null | op=PUT_BLOCK {blockData=[blockId=conID: 3 locID: 102651687806173611 bcsId: 0,size=1048576]} | ret=SUCCESS |  
2019-08-20 22:34:14,178 [grpc-default-executor-5] INFO  client.GrpcClientProtocolClient (GrpcClientProtocolClient.java:onNext(255)) - client-391BA870FC40->947ec526-030f-41cc-8af7-a6f75e712ab0: receive RaftClientReply:client-391BA870FC40->947ec526-030f-41cc-8af7-a6f75e712ab0@group-5D45C35602B2, cid=837, SUCCESS, logIndex=1108, commits[947ec526-030f-41cc-8af7-a6f75e712ab0:c1109, c447b9b6-dde2-4ce7-aa81-d0e2eddc8fe9:c1107, 28b540ac-241d-462a-a56c-509e92928066:c1105]
2019-08-20 22:34:14,178 [grpc-default-executor-5] INFO  client.GrpcClientProtocolClient (GrpcClientProtocolClient.java:onNext(255)) - client-391BA870FC40->947ec526-030f-41cc-8af7-a6f75e712ab0: receive RaftClientReply:client-391BA870FC40->947ec526-030f-41cc-8af7-a6f75e712ab0@group-5D45C35602B2, cid=838, SUCCESS, logIndex=1109, commits[947ec526-030f-41cc-8af7-a6f75e712ab0:c1109, c447b9b6-dde2-4ce7-aa81-d0e2eddc8fe9:c1107, 28b540ac-241d-462a-a56c-509e92928066:c1105]
2019-08-20 22:34:14,435 | INFO  | SCMAudit | user=jenkins1000 | ip=192.168.5.142 | op=SEND_HEARTBEAT {datanodeUUID=d55cd342-4e6c-4701-86f3-cb557f3478dc, command=[]} | ret=SUCCESS |  
2019-08-20 22:34:14,617 | INFO  | DNAudit | user=null | ip=null | op=WRITE_CHUNK {blockData=conID: 3 locID: 102651687806173611 bcsId: 0} | ret=SUCCESS |  
2019-08-20 22:34:14,618 | INFO  | DNAudit | user=null | ip=null | op=PUT_BLOCK {blockData=[blockId=conID: 3 locID: 102651687806173611 bcsId: 0,size=2097152]} | ret=SUCCESS |  
2019-08-20 22:34:14,618 [grpc-default-executor-2] INFO  client.GrpcClientProtocolClient (GrpcClientProtocolClient.java:onNext(255)) - client-391BA870FC40->947ec526-030f-41cc-8af7-a6f75e712ab0: receive RaftClientReply:client-391BA870FC40->947ec526-030f-41cc-8af7-a6f75e712ab0@group-5D45C35602B2, cid=839, SUCCESS, logIndex=1110, commits[947ec526-030f-41cc-8af7-a6f75e712ab0:c1111, c447b9b6-dde2-4ce7-aa81-d0e2eddc8fe9:c1107, 28b540ac-241d-462a-a56c-509e92928066:c1105]
2019-08-20 22:34:14,619 [grpc-default-executor-2] INFO  client.GrpcClientProtocolClient (GrpcClientProtocolClient.java:onNext(255)) - client-391BA870FC40->947ec526-030f-41cc-8af7-a6f75e712ab0: receive RaftClientReply:client-391BA870FC40->947ec526-030f-41cc-8af7-a6f75e712ab0@group-5D45C35602B2, cid=840, SUCCESS, logIndex=1111, commits[947ec526-030f-41cc-8af7-a6f75e712ab0:c1111, c447b9b6-dde2-4ce7-aa81-d0e2eddc8fe9:c1107, 28b540ac-241d-462a-a56c-509e92928066:c1105]
2019-08-20 22:34:14,624 | INFO  | DNAudit | user=null | ip=null | op=WRITE_CHUNK {blockData=conID: 3 locID: 102651687806173611 bcsId: 0} | ret=SUCCESS |  
2019-08-20 22:34:14,625 | INFO  | DNAudit | user=null | ip=null | op=WRITE_CHUNK {blockData=conID: 3 locID: 102651687806173611 bcsId: 0} | ret=SUCCESS |  
2019-08-20 22:34:14,625 | INFO  | DNAudit | user=null | ip=null | op=PUT_BLOCK {blockData=[blockId=conID: 3 locID: 102651687806173611 bcsId: 0,size=1048576]} | ret=SUCCESS |  
2019-08-20 22:34:14,625 | INFO  | DNAudit | user=null | ip=null | op=PUT_BLOCK {blockData=[blockId=conID: 3 locID: 102651687806173611 bcsId: 0,size=1048576]} | ret=SUCCESS |  
2019-08-20 22:34:14,626 | INFO  | DNAudit | user=null | ip=null | op=WRITE_CHUNK {blockData=conID: 3 locID: 102651687806173611 bcsId: 0} | ret=SUCCESS |  
2019-08-20 22:34:14,626 | INFO  | DNAudit | user=null | ip=null | op=WRITE_CHUNK {blockData=conID: 3 locID: 102651687806173611 bcsId: 0} | ret=SUCCESS |  
2019-08-20 22:34:14,626 [grpc-default-executor-2] INFO  client.GrpcClientProtocolClient (GrpcClientProtocolClient.java:onNext(255)) - client-391BA870FC40->947ec526-030f-41cc-8af7-a6f75e712ab0: receive RaftClientReply:client-391BA870FC40->947ec526-030f-41cc-8af7-a6f75e712ab0@group-5D45C35602B2, cid=841, SUCCESS, logIndex=0, commits[947ec526-030f-41cc-8af7-a6f75e712ab0:c1113, c447b9b6-dde2-4ce7-aa81-d0e2eddc8fe9:c1109, 28b540ac-241d-462a-a56c-509e92928066:c1109]
2019-08-20 22:34:14,626 | INFO  | DNAudit | user=null | ip=null | op=PUT_BLOCK {blockData=[blockId=conID: 3 locID: 102651687806173611 bcsId: 0,size=2097152]} | ret=SUCCESS |  
2019-08-20 22:34:14,626 | INFO  | DNAudit | user=null | ip=null | op=PUT_BLOCK {blockData=[blockId=conID: 3 locID: 102651687806173611 bcsId: 0,size=2097152]} | ret=SUCCESS |  
2019-08-20 22:34:14,642 | INFO  | DNAudit | user=null | ip=null | op=WRITE_CHUNK {blockData=conID: 3 locID: 102651687806173611 bcsId: 1111} | ret=SUCCESS |  
2019-08-20 22:34:14,646 | INFO  | DNAudit | user=null | ip=null | op=WRITE_CHUNK {blockData=conID: 3 locID: 102651687806173611 bcsId: 1111} | ret=SUCCESS |  
2019-08-20 22:34:14,646 | INFO  | DNAudit | user=null | ip=null | op=WRITE_CHUNK {blockData=conID: 3 locID: 102651687806173611 bcsId: 1111} | ret=SUCCESS |  
2019-08-20 22:34:14,666 | INFO  | DNAudit | user=null | ip=null | op=WRITE_CHUNK {blockData=conID: 3 locID: 102651687806173611 bcsId: 1111} | ret=SUCCESS |  
2019-08-20 22:34:14,671 [grpc-default-executor-2] INFO  client.GrpcClientProtocolClient (GrpcClientProtocolClient.java:onNext(255)) - client-391BA870FC40->947ec526-030f-41cc-8af7-a6f75e712ab0: receive RaftClientReply:client-391BA870FC40->947ec526-030f-41cc-8af7-a6f75e712ab0@group-5D45C35602B2, cid=842, SUCCESS, logIndex=1116, commits[947ec526-030f-41cc-8af7-a6f75e712ab0:c1117, c447b9b6-dde2-4ce7-aa81-d0e2eddc8fe9:c1115, 28b540ac-241d-462a-a56c-509e92928066:c1115]
2019-08-20 22:34:14,672 | INFO  | DNAudit | user=null | ip=null | op=PUT_BLOCK {blockData=[blockId=conID: 3 locID: 102651687806173611 bcsId: 0,size=3145728]} | ret=SUCCESS |  
2019-08-20 22:34:14,672 [grpc-default-executor-2] INFO  client.GrpcClientProtocolClient (GrpcClientProtocolClient.java:onNext(255)) - client-391BA870FC40->947ec526-030f-41cc-8af7-a6f75e712ab0: receive RaftClientReply:client-391BA870FC40->947ec526-030f-41cc-8af7-a6f75e712ab0@group-5D45C35602B2, cid=843, SUCCESS, logIndex=1117, commits[947ec526-030f-41cc-8af7-a6f75e712ab0:c1117, c447b9b6-dde2-4ce7-aa81-d0e2eddc8fe9:c1115, 28b540ac-241d-462a-a56c-509e92928066:c1115]
2019-08-20 22:34:14,677 | INFO  | DNAudit | user=null | ip=null | op=WRITE_CHUNK {blockData=conID: 3 locID: 102651687806173611 bcsId: 1111} | ret=SUCCESS |  
2019-08-20 22:34:14,677 | INFO  | DNAudit | user=null | ip=null | op=WRITE_CHUNK {blockData=conID: 3 locID: 102651687806173611 bcsId: 1111} | ret=SUCCESS |  
2019-08-20 22:34:14,679 | INFO  | DNAudit | user=null | ip=null | op=PUT_BLOCK {blockData=[blockId=conID: 3 locID: 102651687806173611 bcsId: 0,size=3145728]} | ret=SUCCESS |  
2019-08-20 22:34:14,679 | INFO  | DNAudit | user=null | ip=null | op=PUT_BLOCK {blockData=[blockId=conID: 3 locID: 102651687806173611 bcsId: 0,size=3145728]} | ret=SUCCESS |  
2019-08-20 22:34:14,681 | INFO  | DNAudit | user=null | ip=null | op=WRITE_CHUNK {blockData=conID: 3 locID: 102651687806173611 bcsId: 1117} | ret=SUCCESS |  
2019-08-20 22:34:14,684 | INFO  | DNAudit | user=null | ip=null | op=WRITE_CHUNK {blockData=conID: 3 locID: 102651687806173611 bcsId: 1117} | ret=SUCCESS |  
2019-08-20 22:34:14,684 | INFO  | DNAudit | user=null | ip=null | op=WRITE_CHUNK {blockData=conID: 3 locID: 102651687806173611 bcsId: 1117} | ret=SUCCESS |  
2019-08-20 22:34:14,690 | INFO  | DNAudit | user=null | ip=null | op=WRITE_CHUNK {blockData=conID: 3 locID: 102651687806173611 bcsId: 1117} | ret=SUCCESS |  
2019-08-20 22:34:14,690 | INFO  | DNAudit | user=null | ip=null | op=PUT_BLOCK {blockData=[blockId=conID: 3 locID: 102651687806173611 bcsId: 0,size=4194304]} | ret=SUCCESS |  
2019-08-20 22:34:14,690 [grpc-default-executor-2] INFO  client.GrpcClientProtocolClient (GrpcClientProtocolClient.java:onNext(255)) - client-391BA870FC40->947ec526-030f-41cc-8af7-a6f75e712ab0: receive RaftClientReply:client-391BA870FC40->947ec526-030f-41cc-8af7-a6f75e712ab0@group-5D45C35602B2, cid=844, SUCCESS, logIndex=1120, commits[947ec526-030f-41cc-8af7-a6f75e712ab0:c1121, c447b9b6-dde2-4ce7-aa81-d0e2eddc8fe9:c1119, 28b540ac-241d-462a-a56c-509e92928066:c1119]
2019-08-20 22:34:14,691 [grpc-default-executor-2] INFO  client.GrpcClientProtocolClient (GrpcClientProtocolClient.java:onNext(255)) - client-391BA870FC40->947ec526-030f-41cc-8af7-a6f75e712ab0: receive RaftClientReply:client-391BA870FC40->947ec526-030f-41cc-8af7-a6f75e712ab0@group-5D45C35602B2, cid=845, SUCCESS, logIndex=1121, commits[947ec526-030f-41cc-8af7-a6f75e712ab0:c1121, c447b9b6-dde2-4ce7-aa81-d0e2eddc8fe9:c1119, 28b540ac-241d-462a-a56c-509e92928066:c1119]
2019-08-20 22:34:14,703 | INFO  | DNAudit | user=null | ip=null | op=WRITE_CHUNK {blockData=conID: 3 locID: 102651687806173611 bcsId: 1117} | ret=SUCCESS |  
2019-08-20 22:34:14,703 | INFO  | DNAudit | user=null | ip=null | op=WRITE_CHUNK {blockData=conID: 3 locID: 102651687806173611 bcsId: 1117} | ret=SUCCESS |  
2019-08-20 22:34:14,703 | INFO  | DNAudit | user=null | ip=null | op=PUT_BLOCK {blockData=[blockId=conID: 3 locID: 102651687806173611 bcsId: 0,size=4194304]} | ret=SUCCESS |  
2019-08-20 22:34:14,704 | INFO  | DNAudit | user=null | ip=null | op=PUT_BLOCK {blockData=[blockId=conID: 3 locID: 102651687806173611 bcsId: 0,size=4194304]} | ret=SUCCESS |  
2019-08-20 22:34:14,704 [grpc-default-executor-2] INFO  client.GrpcClientProtocolClient (GrpcClientProtocolClient.java:onNext(255)) - client-391BA870FC40->947ec526-030f-41cc-8af7-a6f75e712ab0: receive RaftClientReply:client-391BA870FC40->947ec526-030f-41cc-8af7-a6f75e712ab0@group-5D45C35602B2, cid=846, SUCCESS, logIndex=0, commits[947ec526-030f-41cc-8af7-a6f75e712ab0:c1122, c447b9b6-dde2-4ce7-aa81-d0e2eddc8fe9:c1121, 28b540ac-241d-462a-a56c-509e92928066:c1121]
2019-08-20 22:34:14,711 | INFO  | DNAudit | user=null | ip=null | op=WRITE_CHUNK {blockData=conID: 1 locID: 102651687806173612 bcsId: 0} | ret=SUCCESS |  
2019-08-20 22:34:14,713 | INFO  | DNAudit | user=null | ip=null | op=WRITE_CHUNK {blockData=conID: 1 locID: 102651687806173612 bcsId: 0} | ret=SUCCESS |  
2019-08-20 22:34:14,713 | INFO  | DNAudit | user=null | ip=null | op=WRITE_CHUNK {blockData=conID: 1 locID: 102651687806173612 bcsId: 0} | ret=SUCCESS |  
2019-08-20 22:34:14,714 | INFO  | DNAudit | user=null | ip=null | op=WRITE_CHUNK {blockData=conID: 1 locID: 102651687806173612 bcsId: 0} | ret=SUCCESS |  
2019-08-20 22:34:14,715 | INFO  | DNAudit | user=null | ip=null | op=WRITE_CHUNK {blockData=conID: 1 locID: 102651687806173612 bcsId: 0} | ret=SUCCESS |  
2019-08-20 22:34:14,715 | INFO  | DNAudit | user=null | ip=null | op=WRITE_CHUNK {blockData=conID: 1 locID: 102651687806173612 bcsId: 0} | ret=SUCCESS |  
2019-08-20 22:34:14,717 | INFO  | DNAudit | user=null | ip=null | op=WRITE_CHUNK {blockData=conID: 1 locID: 102651687806173612 bcsId: 0} | ret=SUCCESS |  
2019-08-20 22:34:14,717 | INFO  | DNAudit | user=null | ip=null | op=PUT_BLOCK {blockData=[blockId=conID: 1 locID: 102651687806173612 bcsId: 0,size=1048576]} | ret=SUCCESS |  
2019-08-20 22:34:14,718 | INFO  | DNAudit | user=null | ip=null | op=WRITE_CHUNK {blockData=conID: 1 locID: 102651687806173612 bcsId: 0} | ret=SUCCESS |  
2019-08-20 22:34:14,718 [grpc-default-executor-3] INFO  client.GrpcClientProtocolClient (GrpcClientProtocolClient.java:onNext(255)) - client-391BA870FC40->947ec526-030f-41cc-8af7-a6f75e712ab0: receive RaftClientReply:client-391BA870FC40->947ec526-030f-41cc-8af7-a6f75e712ab0@group-5D45C35602B2, cid=847, SUCCESS, logIndex=1124, commits[947ec526-030f-41cc-8af7-a6f75e712ab0:c1126, c447b9b6-dde2-4ce7-aa81-d0e2eddc8fe9:c1122, 28b540ac-241d-462a-a56c-509e92928066:c1122]
2019-08-20 22:34:14,718 | INFO  | DNAudit | user=null | ip=null | op=PUT_BLOCK {blockData=[blockId=conID: 1 locID: 102651687806173612 bcsId: 0,size=2097152]} | ret=SUCCESS |  
2019-08-20 22:34:14,718 [grpc-default-executor-3] INFO  client.GrpcClientProtocolClient (GrpcClientProtocolClient.java:onNext(255)) - client-391BA870FC40->947ec526-030f-41cc-8af7-a6f75e712ab0: receive RaftClientReply:client-391BA870FC40->947ec526-030f-41cc-8af7-a6f75e712ab0@group-5D45C35602B2, cid=848, SUCCESS, logIndex=1125, commits[947ec526-030f-41cc-8af7-a6f75e712ab0:c1127, c447b9b6-dde2-4ce7-aa81-d0e2eddc8fe9:c1122, 28b540ac-241d-462a-a56c-509e92928066:c1122]
2019-08-20 22:34:14,719 [grpc-default-executor-3] INFO  client.GrpcClientProtocolClient (GrpcClientProtocolClient.java:onNext(255)) - client-391BA870FC40->947ec526-030f-41cc-8af7-a6f75e712ab0: receive RaftClientReply:client-391BA870FC40->947ec526-030f-41cc-8af7-a6f75e712ab0@group-5D45C35602B2, cid=849, SUCCESS, logIndex=1126, commits[947ec526-030f-41cc-8af7-a6f75e712ab0:c1127, c447b9b6-dde2-4ce7-aa81-d0e2eddc8fe9:c1122, 28b540ac-241d-462a-a56c-509e92928066:c1122]
2019-08-20 22:34:14,719 [grpc-default-executor-3] INFO  client.GrpcClientProtocolClient (GrpcClientProtocolClient.java:onNext(255)) - client-391BA870FC40->947ec526-030f-41cc-8af7-a6f75e712ab0: receive RaftClientReply:client-391BA870FC40->947ec526-030f-41cc-8af7-a6f75e712ab0@group-5D45C35602B2, cid=850, SUCCESS, logIndex=1127, commits[947ec526-030f-41cc-8af7-a6f75e712ab0:c1127, c447b9b6-dde2-4ce7-aa81-d0e2eddc8fe9:c1122, 28b540ac-241d-462a-a56c-509e92928066:c1122]
2019-08-20 22:34:14,730 | INFO  | DNAudit | user=null | ip=null | op=WRITE_CHUNK {blockData=conID: 1 locID: 102651687806173612 bcsId: 0} | ret=SUCCESS |  
2019-08-20 22:34:14,730 | INFO  | DNAudit | user=null | ip=null | op=WRITE_CHUNK {blockData=conID: 1 locID: 102651687806173612 bcsId: 0} | ret=SUCCESS |  
2019-08-20 22:34:14,732 | INFO  | DNAudit | user=null | ip=null | op=PUT_BLOCK {blockData=[blockId=conID: 1 locID: 102651687806173612 bcsId: 0,size=1048576]} | ret=SUCCESS |  
2019-08-20 22:34:14,732 | INFO  | DNAudit | user=null | ip=null | op=PUT_BLOCK {blockData=[blockId=conID: 1 locID: 102651687806173612 bcsId: 0,size=1048576]} | ret=SUCCESS |  
2019-08-20 22:34:14,732 | INFO  | DNAudit | user=null | ip=null | op=WRITE_CHUNK {blockData=conID: 1 locID: 102651687806173612 bcsId: 0} | ret=SUCCESS |  
2019-08-20 22:34:14,732 | INFO  | DNAudit | user=null | ip=null | op=WRITE_CHUNK {blockData=conID: 1 locID: 102651687806173612 bcsId: 0} | ret=SUCCESS |  
2019-08-20 22:34:14,732 | INFO  | DNAudit | user=null | ip=null | op=PUT_BLOCK {blockData=[blockId=conID: 1 locID: 102651687806173612 bcsId: 0,size=2097152]} | ret=SUCCESS |  
2019-08-20 22:34:14,732 | INFO  | DNAudit | user=null | ip=null | op=PUT_BLOCK {blockData=[blockId=conID: 1 locID: 102651687806173612 bcsId: 0,size=2097152]} | ret=SUCCESS |  
2019-08-20 22:34:14,733 [grpc-default-executor-2] INFO  client.GrpcClientProtocolClient (GrpcClientProtocolClient.java:onNext(255)) - client-391BA870FC40->947ec526-030f-41cc-8af7-a6f75e712ab0: receive RaftClientReply:client-391BA870FC40->947ec526-030f-41cc-8af7-a6f75e712ab0@group-5D45C35602B2, cid=851, SUCCESS, logIndex=0, commits[947ec526-030f-41cc-8af7-a6f75e712ab0:c1128, c447b9b6-dde2-4ce7-aa81-d0e2eddc8fe9:c1126, 28b540ac-241d-462a-a56c-509e92928066:c1126]
2019-08-20 22:34:14,740 | INFO  | DNAudit | user=null | ip=null | op=WRITE_CHUNK {blockData=conID: 1 locID: 102651687806173612 bcsId: 1127} | ret=SUCCESS |  
2019-08-20 22:34:14,742 | INFO  | DNAudit | user=null | ip=null | op=WRITE_CHUNK {blockData=conID: 1 locID: 102651687806173612 bcsId: 1127} | ret=SUCCESS |  
2019-08-20 22:34:14,742 | INFO  | DNAudit | user=null | ip=null | op=WRITE_CHUNK {blockData=conID: 1 locID: 102651687806173612 bcsId: 1127} | ret=SUCCESS |  
2019-08-20 22:34:14,748 | INFO  | DNAudit | user=null | ip=null | op=WRITE_CHUNK {blockData=conID: 1 locID: 102651687806173612 bcsId: 1127} | ret=SUCCESS |  
2019-08-20 22:34:14,748 | INFO  | DNAudit | user=null | ip=null | op=PUT_BLOCK {blockData=[blockId=conID: 1 locID: 102651687806173612 bcsId: 0,size=3145728]} | ret=SUCCESS |  
2019-08-20 22:34:14,749 [grpc-default-executor-3] INFO  client.GrpcClientProtocolClient (GrpcClientProtocolClient.java:onNext(255)) - client-391BA870FC40->947ec526-030f-41cc-8af7-a6f75e712ab0: receive RaftClientReply:client-391BA870FC40->947ec526-030f-41cc-8af7-a6f75e712ab0@group-5D45C35602B2, cid=852, SUCCESS, logIndex=1132, commits[947ec526-030f-41cc-8af7-a6f75e712ab0:c1133, c447b9b6-dde2-4ce7-aa81-d0e2eddc8fe9:c1131, 28b540ac-241d-462a-a56c-509e92928066:c1131]
2019-08-20 22:34:14,749 [grpc-default-executor-3] INFO  client.GrpcClientProtocolClient (GrpcClientProtocolClient.java:onNext(255)) - client-391BA870FC40->947ec526-030f-41cc-8af7-a6f75e712ab0: receive RaftClientReply:client-391BA870FC40->947ec526-030f-41cc-8af7-a6f75e712ab0@group-5D45C35602B2, cid=853, SUCCESS, logIndex=1133, commits[947ec526-030f-41cc-8af7-a6f75e712ab0:c1133, c447b9b6-dde2-4ce7-aa81-d0e2eddc8fe9:c1131, 28b540ac-241d-462a-a56c-509e92928066:c1131]
2019-08-20 22:34:14,756 | INFO  | DNAudit | user=null | ip=null | op=WRITE_CHUNK {blockData=conID: 1 locID: 102651687806173612 bcsId: 1133} | ret=SUCCESS |  
2019-08-20 22:34:14,758 | INFO  | DNAudit | user=null | ip=null | op=WRITE_CHUNK {blockData=conID: 1 locID: 102651687806173612 bcsId: 1133} | ret=SUCCESS |  
2019-08-20 22:34:14,759 | INFO  | DNAudit | user=null | ip=null | op=WRITE_CHUNK {blockData=conID: 1 locID: 102651687806173612 bcsId: 1133} | ret=SUCCESS |  
2019-08-20 22:34:14,760 | INFO  | DNAudit | user=null | ip=null | op=WRITE_CHUNK {blockData=conID: 1 locID: 102651687806173612 bcsId: 1127} | ret=SUCCESS |  
2019-08-20 22:34:14,760 | INFO  | DNAudit | user=null | ip=null | op=WRITE_CHUNK {blockData=conID: 1 locID: 102651687806173612 bcsId: 1127} | ret=SUCCESS |  
2019-08-20 22:34:14,760 | INFO  | DNAudit | user=null | ip=null | op=PUT_BLOCK {blockData=[blockId=conID: 1 locID: 102651687806173612 bcsId: 0,size=3145728]} | ret=SUCCESS |  
2019-08-20 22:34:14,761 | INFO  | DNAudit | user=null | ip=null | op=PUT_BLOCK {blockData=[blockId=conID: 1 locID: 102651687806173612 bcsId: 0,size=3145728]} | ret=SUCCESS |  
2019-08-20 22:34:14,764 | INFO  | DNAudit | user=null | ip=null | op=WRITE_CHUNK {blockData=conID: 1 locID: 102651687806173612 bcsId: 1133} | ret=SUCCESS |  
2019-08-20 22:34:14,764 | INFO  | DNAudit | user=null | ip=null | op=PUT_BLOCK {blockData=[blockId=conID: 1 locID: 102651687806173612 bcsId: 0,size=4194304]} | ret=SUCCESS |  
2019-08-20 22:34:14,764 [grpc-default-executor-2] INFO  client.GrpcClientProtocolClient (GrpcClientProtocolClient.java:onNext(255)) - client-391BA870FC40->947ec526-030f-41cc-8af7-a6f75e712ab0: receive RaftClientReply:client-391BA870FC40->947ec526-030f-41cc-8af7-a6f75e712ab0@group-5D45C35602B2, cid=854, SUCCESS, logIndex=1136, commits[947ec526-030f-41cc-8af7-a6f75e712ab0:c1137, c447b9b6-dde2-4ce7-aa81-d0e2eddc8fe9:c1133, 28b540ac-241d-462a-a56c-509e92928066:c1133]
2019-08-20 22:34:14,765 [grpc-default-executor-2] INFO  client.GrpcClientProtocolClient (GrpcClientProtocolClient.java:onNext(255)) - client-391BA870FC40->947ec526-030f-41cc-8af7-a6f75e712ab0: receive RaftClientReply:client-391BA870FC40->947ec526-030f-41cc-8af7-a6f75e712ab0@group-5D45C35602B2, cid=855, SUCCESS, logIndex=1137, commits[947ec526-030f-41cc-8af7-a6f75e712ab0:c1137, c447b9b6-dde2-4ce7-aa81-d0e2eddc8fe9:c1133, 28b540ac-241d-462a-a56c-509e92928066:c1133]
2019-08-20 22:34:14,774 | INFO  | DNAudit | user=null | ip=null | op=WRITE_CHUNK {blockData=conID: 1 locID: 102651687806173612 bcsId: 1133} | ret=SUCCESS |  
2019-08-20 22:34:14,774 | INFO  | DNAudit | user=null | ip=null | op=WRITE_CHUNK {blockData=conID: 1 locID: 102651687806173612 bcsId: 1133} | ret=SUCCESS |  
2019-08-20 22:34:14,776 | INFO  | DNAudit | user=null | ip=null | op=PUT_BLOCK {blockData=[blockId=conID: 1 locID: 102651687806173612 bcsId: 0,size=4194304]} | ret=SUCCESS |  
2019-08-20 22:34:14,776 | INFO  | DNAudit | user=null | ip=null | op=PUT_BLOCK {blockData=[blockId=conID: 1 locID: 102651687806173612 bcsId: 0,size=4194304]} | ret=SUCCESS |  
2019-08-20 22:34:14,777 [grpc-default-executor-3] INFO  client.GrpcClientProtocolClient (GrpcClientProtocolClient.java:onNext(255)) - client-391BA870FC40->947ec526-030f-41cc-8af7-a6f75e712ab0: receive RaftClientReply:client-391BA870FC40->947ec526-030f-41cc-8af7-a6f75e712ab0@group-5D45C35602B2, cid=856, SUCCESS, logIndex=0, commits[947ec526-030f-41cc-8af7-a6f75e712ab0:c1139, c447b9b6-dde2-4ce7-aa81-d0e2eddc8fe9:c1137, 28b540ac-241d-462a-a56c-509e92928066:c1137]
2019-08-20 22:34:14,785 | INFO  | DNAudit | user=null | ip=null | op=WRITE_CHUNK {blockData=conID: 2 locID: 102651687806173613 bcsId: 0} | ret=SUCCESS |  
2019-08-20 22:34:14,788 | INFO  | DNAudit | user=null | ip=null | op=WRITE_CHUNK {blockData=conID: 2 locID: 102651687806173613 bcsId: 0} | ret=SUCCESS |  
2019-08-20 22:34:14,789 | INFO  | DNAudit | user=null | ip=null | op=WRITE_CHUNK {blockData=conID: 2 locID: 102651687806173613 bcsId: 0} | ret=SUCCESS |  
2019-08-20 22:34:14,789 | INFO  | DNAudit | user=null | ip=null | op=WRITE_CHUNK {blockData=conID: 2 locID: 102651687806173613 bcsId: 0} | ret=SUCCESS |  
2019-08-20 22:34:14,792 | INFO  | DNAudit | user=null | ip=null | op=WRITE_CHUNK {blockData=conID: 2 locID: 102651687806173613 bcsId: 0} | ret=SUCCESS |  
2019-08-20 22:34:14,792 | INFO  | DNAudit | user=null | ip=null | op=WRITE_CHUNK {blockData=conID: 2 locID: 102651687806173613 bcsId: 0} | ret=SUCCESS |  
2019-08-20 22:34:14,811 | INFO  | DNAudit | user=null | ip=null | op=WRITE_CHUNK {blockData=conID: 2 locID: 102651687806173613 bcsId: 0} | ret=SUCCESS |  
2019-08-20 22:34:14,811 | INFO  | DNAudit | user=null | ip=null | op=PUT_BLOCK {blockData=[blockId=conID: 2 locID: 102651687806173613 bcsId: 0,size=1048576]} | ret=SUCCESS |  
2019-08-20 22:34:14,812 | INFO  | DNAudit | user=null | ip=null | op=WRITE_CHUNK {blockData=conID: 2 locID: 102651687806173613 bcsId: 0} | ret=SUCCESS |  
2019-08-20 22:34:14,812 [grpc-default-executor-1] INFO  client.GrpcClientProtocolClient (GrpcClientProtocolClient.java:onNext(255)) - client-391BA870FC40->947ec526-030f-41cc-8af7-a6f75e712ab0: receive RaftClientReply:client-391BA870FC40->947ec526-030f-41cc-8af7-a6f75e712ab0@group-5D45C35602B2, cid=857, SUCCESS, logIndex=1140, commits[947ec526-030f-41cc-8af7-a6f75e712ab0:c1142, c447b9b6-dde2-4ce7-aa81-d0e2eddc8fe9:c1139, 28b540ac-241d-462a-a56c-509e92928066:c1139]
2019-08-20 22:34:14,812 | INFO  | DNAudit | user=null | ip=null | op=PUT_BLOCK {blockData=[blockId=conID: 2 locID: 102651687806173613 bcsId: 0,size=2097152]} | ret=SUCCESS |  
2019-08-20 22:34:14,812 | INFO  | DNAudit | user=null | ip=null | op=WRITE_CHUNK {blockData=conID: 2 locID: 102651687806173613 bcsId: 0} | ret=SUCCESS |  
2019-08-20 22:34:14,813 | INFO  | DNAudit | user=null | ip=null | op=WRITE_CHUNK {blockData=conID: 2 locID: 102651687806173613 bcsId: 0} | ret=SUCCESS |  
2019-08-20 22:34:14,813 | INFO  | DNAudit | user=null | ip=null | op=PUT_BLOCK {blockData=[blockId=conID: 2 locID: 102651687806173613 bcsId: 0,size=1048576]} | ret=SUCCESS |  
2019-08-20 22:34:14,813 | INFO  | DNAudit | user=null | ip=null | op=PUT_BLOCK {blockData=[blockId=conID: 2 locID: 102651687806173613 bcsId: 0,size=1048576]} | ret=SUCCESS |  
2019-08-20 22:34:14,813 [grpc-default-executor-1] INFO  client.GrpcClientProtocolClient (GrpcClientProtocolClient.java:onNext(255)) - client-391BA870FC40->947ec526-030f-41cc-8af7-a6f75e712ab0: receive RaftClientReply:client-391BA870FC40->947ec526-030f-41cc-8af7-a6f75e712ab0@group-5D45C35602B2, cid=858, SUCCESS, logIndex=1141, commits[947ec526-030f-41cc-8af7-a6f75e712ab0:c1143, c447b9b6-dde2-4ce7-aa81-d0e2eddc8fe9:c1139, 28b540ac-241d-462a-a56c-509e92928066:c1139]
2019-08-20 22:34:14,814 [grpc-default-executor-1] INFO  client.GrpcClientProtocolClient (GrpcClientProtocolClient.java:onNext(255)) - client-391BA870FC40->947ec526-030f-41cc-8af7-a6f75e712ab0: receive RaftClientReply:client-391BA870FC40->947ec526-030f-41cc-8af7-a6f75e712ab0@group-5D45C35602B2, cid=859, SUCCESS, logIndex=1142, commits[947ec526-030f-41cc-8af7-a6f75e712ab0:c1143, c447b9b6-dde2-4ce7-aa81-d0e2eddc8fe9:c1139, 28b540ac-241d-462a-a56c-509e92928066:c1139]
2019-08-20 22:34:14,815 [grpc-default-executor-1] INFO  client.GrpcClientProtocolClient (GrpcClientProtocolClient.java:onNext(255)) - client-391BA870FC40->947ec526-030f-41cc-8af7-a6f75e712ab0: receive RaftClientReply:client-391BA870FC40->947ec526-030f-41cc-8af7-a6f75e712ab0@group-5D45C35602B2, cid=860, SUCCESS, logIndex=1143, commits[947ec526-030f-41cc-8af7-a6f75e712ab0:c1143, c447b9b6-dde2-4ce7-aa81-d0e2eddc8fe9:c1139, 28b540ac-241d-462a-a56c-509e92928066:c1139]
2019-08-20 22:34:14,816 [grpc-default-executor-1] INFO  client.GrpcClientProtocolClient (GrpcClientProtocolClient.java:onNext(255)) - client-391BA870FC40->947ec526-030f-41cc-8af7-a6f75e712ab0: receive RaftClientReply:client-391BA870FC40->947ec526-030f-41cc-8af7-a6f75e712ab0@group-5D45C35602B2, cid=861, SUCCESS, logIndex=0, commits[947ec526-030f-41cc-8af7-a6f75e712ab0:c1144, c447b9b6-dde2-4ce7-aa81-d0e2eddc8fe9:c1141, 28b540ac-241d-462a-a56c-509e92928066:c1141]
2019-08-20 22:34:14,823 | INFO  | DNAudit | user=null | ip=null | op=WRITE_CHUNK {blockData=conID: 2 locID: 102651687806173613 bcsId: 0} | ret=SUCCESS |  
2019-08-20 22:34:14,823 | INFO  | DNAudit | user=null | ip=null | op=PUT_BLOCK {blockData=[blockId=conID: 2 locID: 102651687806173613 bcsId: 0,size=2097152]} | ret=SUCCESS |  
2019-08-20 22:34:14,823 | INFO  | DNAudit | user=null | ip=null | op=WRITE_CHUNK {blockData=conID: 2 locID: 102651687806173613 bcsId: 0} | ret=SUCCESS |  
2019-08-20 22:34:14,823 | INFO  | DNAudit | user=null | ip=null | op=PUT_BLOCK {blockData=[blockId=conID: 2 locID: 102651687806173613 bcsId: 0,size=2097152]} | ret=SUCCESS |  
2019-08-20 22:34:14,825 | INFO  | DNAudit | user=null | ip=null | op=WRITE_CHUNK {blockData=conID: 2 locID: 102651687806173613 bcsId: 1143} | ret=SUCCESS |  
2019-08-20 22:34:14,828 | INFO  | DNAudit | user=null | ip=null | op=WRITE_CHUNK {blockData=conID: 2 locID: 102651687806173613 bcsId: 1143} | ret=SUCCESS |  
2019-08-20 22:34:14,828 | INFO  | DNAudit | user=null | ip=null | op=WRITE_CHUNK {blockData=conID: 2 locID: 102651687806173613 bcsId: 1143} | ret=SUCCESS |  
2019-08-20 22:34:14,833 | INFO  | DNAudit | user=null | ip=null | op=WRITE_CHUNK {blockData=conID: 2 locID: 102651687806173613 bcsId: 1143} | ret=SUCCESS |  
2019-08-20 22:34:14,834 | INFO  | DNAudit | user=null | ip=null | op=PUT_BLOCK {blockData=[blockId=conID: 2 locID: 102651687806173613 bcsId: 0,size=3145728]} | ret=SUCCESS |  
2019-08-20 22:34:14,835 [grpc-default-executor-1] INFO  client.GrpcClientProtocolClient (GrpcClientProtocolClient.java:onNext(255)) - client-391BA870FC40->947ec526-030f-41cc-8af7-a6f75e712ab0: receive RaftClientReply:client-391BA870FC40->947ec526-030f-41cc-8af7-a6f75e712ab0@group-5D45C35602B2, cid=862, SUCCESS, logIndex=1148, commits[947ec526-030f-41cc-8af7-a6f75e712ab0:c1149, c447b9b6-dde2-4ce7-aa81-d0e2eddc8fe9:c1147, 28b540ac-241d-462a-a56c-509e92928066:c1147]
2019-08-20 22:34:14,835 [grpc-default-executor-1] INFO  client.GrpcClientProtocolClient (GrpcClientProtocolClient.java:onNext(255)) - client-391BA870FC40->947ec526-030f-41cc-8af7-a6f75e712ab0: receive RaftClientReply:client-391BA870FC40->947ec526-030f-41cc-8af7-a6f75e712ab0@group-5D45C35602B2, cid=863, SUCCESS, logIndex=1149, commits[947ec526-030f-41cc-8af7-a6f75e712ab0:c1149, c447b9b6-dde2-4ce7-aa81-d0e2eddc8fe9:c1147, 28b540ac-241d-462a-a56c-509e92928066:c1147]
2019-08-20 22:34:14,839 | INFO  | DNAudit | user=null | ip=null | op=WRITE_CHUNK {blockData=conID: 2 locID: 102651687806173613 bcsId: 1143} | ret=SUCCESS |  
2019-08-20 22:34:14,840 | INFO  | DNAudit | user=null | ip=null | op=WRITE_CHUNK {blockData=conID: 2 locID: 102651687806173613 bcsId: 1143} | ret=SUCCESS |  
2019-08-20 22:34:14,842 | INFO  | DNAudit | user=null | ip=null | op=PUT_BLOCK {blockData=[blockId=conID: 2 locID: 102651687806173613 bcsId: 0,size=3145728]} | ret=SUCCESS |  
2019-08-20 22:34:14,842 | INFO  | DNAudit | user=null | ip=null | op=PUT_BLOCK {blockData=[blockId=conID: 2 locID: 102651687806173613 bcsId: 0,size=3145728]} | ret=SUCCESS |  
2019-08-20 22:34:14,842 | INFO  | DNAudit | user=null | ip=null | op=WRITE_CHUNK {blockData=conID: 2 locID: 102651687806173613 bcsId: 1149} | ret=SUCCESS |  
2019-08-20 22:34:14,845 | INFO  | DNAudit | user=null | ip=null | op=WRITE_CHUNK {blockData=conID: 2 locID: 102651687806173613 bcsId: 1149} | ret=SUCCESS |  
2019-08-20 22:34:14,846 | INFO  | DNAudit | user=null | ip=null | op=WRITE_CHUNK {blockData=conID: 2 locID: 102651687806173613 bcsId: 1149} | ret=SUCCESS |  
2019-08-20 22:34:14,850 | INFO  | DNAudit | user=null | ip=null | op=WRITE_CHUNK {blockData=conID: 2 locID: 102651687806173613 bcsId: 1149} | ret=SUCCESS |  
2019-08-20 22:34:14,851 | INFO  | DNAudit | user=null | ip=null | op=PUT_BLOCK {blockData=[blockId=conID: 2 locID: 102651687806173613 bcsId: 0,size=4194304]} | ret=SUCCESS |  
2019-08-20 22:34:14,851 [grpc-default-executor-2] INFO  client.GrpcClientProtocolClient (GrpcClientProtocolClient.java:onNext(255)) - client-391BA870FC40->947ec526-030f-41cc-8af7-a6f75e712ab0: receive RaftClientReply:client-391BA870FC40->947ec526-030f-41cc-8af7-a6f75e712ab0@group-5D45C35602B2, cid=864, SUCCESS, logIndex=1152, commits[947ec526-030f-41cc-8af7-a6f75e712ab0:c1153, c447b9b6-dde2-4ce7-aa81-d0e2eddc8fe9:c1150, 28b540ac-241d-462a-a56c-509e92928066:c1150]
2019-08-20 22:34:14,851 [grpc-default-executor-2] INFO  client.GrpcClientProtocolClient (GrpcClientProtocolClient.java:onNext(255)) - client-391BA870FC40->947ec526-030f-41cc-8af7-a6f75e712ab0: receive RaftClientReply:client-391BA870FC40->947ec526-030f-41cc-8af7-a6f75e712ab0@group-5D45C35602B2, cid=865, SUCCESS, logIndex=1153, commits[947ec526-030f-41cc-8af7-a6f75e712ab0:c1153, c447b9b6-dde2-4ce7-aa81-d0e2eddc8fe9:c1150, 28b540ac-241d-462a-a56c-509e92928066:c1150]
2019-08-20 22:34:14,856 | INFO  | DNAudit | user=null | ip=null | op=WRITE_CHUNK {blockData=conID: 2 locID: 102651687806173613 bcsId: 1149} | ret=SUCCESS |  
2019-08-20 22:34:14,856 | INFO  | DNAudit | user=null | ip=null | op=WRITE_CHUNK {blockData=conID: 2 locID: 102651687806173613 bcsId: 1149} | ret=SUCCESS |  
2019-08-20 22:34:14,857 | INFO  | DNAudit | user=null | ip=null | op=PUT_BLOCK {blockData=[blockId=conID: 2 locID: 102651687806173613 bcsId: 0,size=4194304]} | ret=SUCCESS |  
2019-08-20 22:34:14,859 | INFO  | DNAudit | user=null | ip=null | op=PUT_BLOCK {blockData=[blockId=conID: 2 locID: 102651687806173613 bcsId: 0,size=4194304]} | ret=SUCCESS |  
2019-08-20 22:34:14,860 [grpc-default-executor-2] INFO  client.GrpcClientProtocolClient (GrpcClientProtocolClient.java:onNext(255)) - client-391BA870FC40->947ec526-030f-41cc-8af7-a6f75e712ab0: receive RaftClientReply:client-391BA870FC40->947ec526-030f-41cc-8af7-a6f75e712ab0@group-5D45C35602B2, cid=866, SUCCESS, logIndex=0, commits[947ec526-030f-41cc-8af7-a6f75e712ab0:c1154, c447b9b6-dde2-4ce7-aa81-d0e2eddc8fe9:c1153, 28b540ac-241d-462a-a56c-509e92928066:c1153]
2019-08-20 22:34:14,868 | INFO  | DNAudit | user=null | ip=null | op=WRITE_CHUNK {blockData=conID: 3 locID: 102651687806239150 bcsId: 0} | ret=SUCCESS |  
2019-08-20 22:34:14,870 | INFO  | DNAudit | user=null | ip=null | op=WRITE_CHUNK {blockData=conID: 3 locID: 102651687806239150 bcsId: 0} | ret=SUCCESS |  
2019-08-20 22:34:14,870 | INFO  | DNAudit | user=null | ip=null | op=WRITE_CHUNK {blockData=conID: 3 locID: 102651687806239150 bcsId: 0} | ret=SUCCESS |  
2019-08-20 22:34:14,871 | INFO  | DNAudit | user=null | ip=null | op=WRITE_CHUNK {blockData=conID: 3 locID: 102651687806239150 bcsId: 0} | ret=SUCCESS |  
2019-08-20 22:34:14,872 | INFO  | DNAudit | user=null | ip=null | op=WRITE_CHUNK {blockData=conID: 3 locID: 102651687806239150 bcsId: 0} | ret=SUCCESS |  
2019-08-20 22:34:14,873 | INFO  | DNAudit | user=null | ip=null | op=WRITE_CHUNK {blockData=conID: 3 locID: 102651687806239150 bcsId: 0} | ret=SUCCESS |  
2019-08-20 22:34:14,878 | INFO  | DNAudit | user=null | ip=null | op=WRITE_CHUNK {blockData=conID: 3 locID: 102651687806239150 bcsId: 0} | ret=SUCCESS |  
2019-08-20 22:34:14,878 | INFO  | DNAudit | user=null | ip=null | op=PUT_BLOCK {blockData=[blockId=conID: 3 locID: 102651687806239150 bcsId: 0,size=1048576]} | ret=SUCCESS |  
2019-08-20 22:34:14,878 | INFO  | DNAudit | user=null | ip=null | op=WRITE_CHUNK {blockData=conID: 3 locID: 102651687806239150 bcsId: 0} | ret=SUCCESS |  
2019-08-20 22:34:14,878 [grpc-default-executor-1] INFO  client.GrpcClientProtocolClient (GrpcClientProtocolClient.java:onNext(255)) - client-391BA870FC40->947ec526-030f-41cc-8af7-a6f75e712ab0: receive RaftClientReply:client-391BA870FC40->947ec526-030f-41cc-8af7-a6f75e712ab0@group-5D45C35602B2, cid=867, SUCCESS, logIndex=1156, commits[947ec526-030f-41cc-8af7-a6f75e712ab0:c1157, c447b9b6-dde2-4ce7-aa81-d0e2eddc8fe9:c1155, 28b540ac-241d-462a-a56c-509e92928066:c1155]
2019-08-20 22:34:14,879 | INFO  | DNAudit | user=null | ip=null | op=PUT_BLOCK {blockData=[blockId=conID: 3 locID: 102651687806239150 bcsId: 0,size=2097152]} | ret=SUCCESS |  
2019-08-20 22:34:14,879 [grpc-default-executor-1] INFO  client.GrpcClientProtocolClient (GrpcClientProtocolClient.java:onNext(255)) - client-391BA870FC40->947ec526-030f-41cc-8af7-a6f75e712ab0: receive RaftClientReply:client-391BA870FC40->947ec526-030f-41cc-8af7-a6f75e712ab0@group-5D45C35602B2, cid=868, SUCCESS, logIndex=1157, commits[947ec526-030f-41cc-8af7-a6f75e712ab0:c1159, c447b9b6-dde2-4ce7-aa81-d0e2eddc8fe9:c1155, 28b540ac-241d-462a-a56c-509e92928066:c1155]
2019-08-20 22:34:14,880 [grpc-default-executor-1] INFO  client.GrpcClientProtocolClient (GrpcClientProtocolClient.java:onNext(255)) - client-391BA870FC40->947ec526-030f-41cc-8af7-a6f75e712ab0: receive RaftClientReply:client-391BA870FC40->947ec526-030f-41cc-8af7-a6f75e712ab0@group-5D45C35602B2, cid=869, SUCCESS, logIndex=1158, commits[947ec526-030f-41cc-8af7-a6f75e712ab0:c1159, c447b9b6-dde2-4ce7-aa81-d0e2eddc8fe9:c1155, 28b540ac-241d-462a-a56c-509e92928066:c1155]
2019-08-20 22:34:14,880 [grpc-default-executor-1] INFO  client.GrpcClientProtocolClient (GrpcClientProtocolClient.java:onNext(255)) - client-391BA870FC40->947ec526-030f-41cc-8af7-a6f75e712ab0: receive RaftClientReply:client-391BA870FC40->947ec526-030f-41cc-8af7-a6f75e712ab0@group-5D45C35602B2, cid=870, SUCCESS, logIndex=1159, commits[947ec526-030f-41cc-8af7-a6f75e712ab0:c1159, c447b9b6-dde2-4ce7-aa81-d0e2eddc8fe9:c1155, 28b540ac-241d-462a-a56c-509e92928066:c1155]
2019-08-20 22:34:14,880 | INFO  | DNAudit | user=null | ip=null | op=WRITE_CHUNK {blockData=conID: 3 locID: 102651687806239150 bcsId: 0} | ret=SUCCESS |  
2019-08-20 22:34:14,892 | INFO  | DNAudit | user=null | ip=null | op=WRITE_CHUNK {blockData=conID: 3 locID: 102651687806239150 bcsId: 0} | ret=SUCCESS |  
2019-08-20 22:34:14,892 | INFO  | DNAudit | user=null | ip=null | op=PUT_BLOCK {blockData=[blockId=conID: 3 locID: 102651687806239150 bcsId: 0,size=1048576]} | ret=SUCCESS |  
2019-08-20 22:34:14,892 | INFO  | DNAudit | user=null | ip=null | op=PUT_BLOCK {blockData=[blockId=conID: 3 locID: 102651687806239150 bcsId: 0,size=1048576]} | ret=SUCCESS |  
2019-08-20 22:34:14,892 | INFO  | DNAudit | user=null | ip=null | op=WRITE_CHUNK {blockData=conID: 3 locID: 102651687806239150 bcsId: 0} | ret=SUCCESS |  
2019-08-20 22:34:14,892 | INFO  | DNAudit | user=null | ip=null | op=PUT_BLOCK {blockData=[blockId=conID: 3 locID: 102651687806239150 bcsId: 0,size=2097152]} | ret=SUCCESS |  
2019-08-20 22:34:14,892 | INFO  | DNAudit | user=null | ip=null | op=WRITE_CHUNK {blockData=conID: 3 locID: 102651687806239150 bcsId: 0} | ret=SUCCESS |  
2019-08-20 22:34:14,893 | INFO  | DNAudit | user=null | ip=null | op=PUT_BLOCK {blockData=[blockId=conID: 3 locID: 102651687806239150 bcsId: 0,size=2097152]} | ret=SUCCESS |  
2019-08-20 22:34:14,893 [grpc-default-executor-1] INFO  client.GrpcClientProtocolClient (GrpcClientProtocolClient.java:onNext(255)) - client-391BA870FC40->947ec526-030f-41cc-8af7-a6f75e712ab0: receive RaftClientReply:client-391BA870FC40->947ec526-030f-41cc-8af7-a6f75e712ab0@group-5D45C35602B2, cid=871, SUCCESS, logIndex=0, commits[947ec526-030f-41cc-8af7-a6f75e712ab0:c1161, c447b9b6-dde2-4ce7-aa81-d0e2eddc8fe9:c1157, 28b540ac-241d-462a-a56c-509e92928066:c1157]
2019-08-20 22:34:14,901 | INFO  | DNAudit | user=null | ip=null | op=WRITE_CHUNK {blockData=conID: 3 locID: 102651687806239150 bcsId: 1159} | ret=SUCCESS |  
2019-08-20 22:34:14,905 | INFO  | DNAudit | user=null | ip=null | op=WRITE_CHUNK {blockData=conID: 3 locID: 102651687806239150 bcsId: 1159} | ret=SUCCESS |  
2019-08-20 22:34:14,905 | INFO  | DNAudit | user=null | ip=null | op=WRITE_CHUNK {blockData=conID: 3 locID: 102651687806239150 bcsId: 1159} | ret=SUCCESS |  
2019-08-20 22:34:14,910 | INFO  | DNAudit | user=null | ip=null | op=WRITE_CHUNK {blockData=conID: 3 locID: 102651687806239150 bcsId: 1159} | ret=SUCCESS |  
2019-08-20 22:34:14,911 | INFO  | DNAudit | user=null | ip=null | op=PUT_BLOCK {blockData=[blockId=conID: 3 locID: 102651687806239150 bcsId: 0,size=3145728]} | ret=SUCCESS |  
2019-08-20 22:34:14,911 [grpc-default-executor-1] INFO  client.GrpcClientProtocolClient (GrpcClientProtocolClient.java:onNext(255)) - client-391BA870FC40->947ec526-030f-41cc-8af7-a6f75e712ab0: receive RaftClientReply:client-391BA870FC40->947ec526-030f-41cc-8af7-a6f75e712ab0@group-5D45C35602B2, cid=872, SUCCESS, logIndex=1163, commits[947ec526-030f-41cc-8af7-a6f75e712ab0:c1164, c447b9b6-dde2-4ce7-aa81-d0e2eddc8fe9:c1162, 28b540ac-241d-462a-a56c-509e92928066:c1162]
2019-08-20 22:34:14,912 [grpc-default-executor-1] INFO  client.GrpcClientProtocolClient (GrpcClientProtocolClient.java:onNext(255)) - client-391BA870FC40->947ec526-030f-41cc-8af7-a6f75e712ab0: receive RaftClientReply:client-391BA870FC40->947ec526-030f-41cc-8af7-a6f75e712ab0@group-5D45C35602B2, cid=873, SUCCESS, logIndex=1164, commits[947ec526-030f-41cc-8af7-a6f75e712ab0:c1164, c447b9b6-dde2-4ce7-aa81-d0e2eddc8fe9:c1162, 28b540ac-241d-462a-a56c-509e92928066:c1162]
2019-08-20 22:34:14,919 | INFO  | DNAudit | user=null | ip=null | op=WRITE_CHUNK {blockData=conID: 3 locID: 102651687806239150 bcsId: 1164} | ret=SUCCESS |  
2019-08-20 22:34:14,922 | INFO  | DNAudit | user=null | ip=null | op=WRITE_CHUNK {blockData=conID: 3 locID: 102651687806239150 bcsId: 1164} | ret=SUCCESS |  
2019-08-20 22:34:14,922 | INFO  | DNAudit | user=null | ip=null | op=WRITE_CHUNK {blockData=conID: 3 locID: 102651687806239150 bcsId: 1164} | ret=SUCCESS |  
2019-08-20 22:34:14,923 | INFO  | DNAudit | user=null | ip=null | op=WRITE_CHUNK {blockData=conID: 3 locID: 102651687806239150 bcsId: 1159} | ret=SUCCESS |  
2019-08-20 22:34:14,923 | INFO  | DNAudit | user=null | ip=null | op=WRITE_CHUNK {blockData=conID: 3 locID: 102651687806239150 bcsId: 1159} | ret=SUCCESS |  
2019-08-20 22:34:14,950 | INFO  | DNAudit | user=null | ip=null | op=PUT_BLOCK {blockData=[blockId=conID: 3 locID: 102651687806239150 bcsId: 0,size=3145728]} | ret=SUCCESS |  
2019-08-20 22:34:14,950 | INFO  | DNAudit | user=null | ip=null | op=PUT_BLOCK {blockData=[blockId=conID: 3 locID: 102651687806239150 bcsId: 0,size=3145728]} | ret=SUCCESS |  
2019-08-20 22:34:14,951 | INFO  | DNAudit | user=null | ip=null | op=WRITE_CHUNK {blockData=conID: 3 locID: 102651687806239150 bcsId: 1164} | ret=SUCCESS |  
2019-08-20 22:34:14,952 | INFO  | DNAudit | user=null | ip=null | op=PUT_BLOCK {blockData=[blockId=conID: 3 locID: 102651687806239150 bcsId: 0,size=4194304]} | ret=SUCCESS |  
2019-08-20 22:34:14,952 [grpc-default-executor-2] INFO  client.GrpcClientProtocolClient (GrpcClientProtocolClient.java:onNext(255)) - client-391BA870FC40->947ec526-030f-41cc-8af7-a6f75e712ab0: receive RaftClientReply:client-391BA870FC40->947ec526-030f-41cc-8af7-a6f75e712ab0@group-5D45C35602B2, cid=874, SUCCESS, logIndex=1167, commits[947ec526-030f-41cc-8af7-a6f75e712ab0:c1168, c447b9b6-dde2-4ce7-aa81-d0e2eddc8fe9:c1164, 28b540ac-241d-462a-a56c-509e92928066:c1164]
2019-08-20 22:34:14,953 [grpc-default-executor-2] INFO  client.GrpcClientProtocolClient (GrpcClientProtocolClient.java:onNext(255)) - client-391BA870FC40->947ec526-030f-41cc-8af7-a6f75e712ab0: receive RaftClientReply:client-391BA870FC40->947ec526-030f-41cc-8af7-a6f75e712ab0@group-5D45C35602B2, cid=875, SUCCESS, logIndex=1168, commits[947ec526-030f-41cc-8af7-a6f75e712ab0:c1168, c447b9b6-dde2-4ce7-aa81-d0e2eddc8fe9:c1164, 28b540ac-241d-462a-a56c-509e92928066:c1164]
2019-08-20 22:34:14,969 | INFO  | DNAudit | user=null | ip=null | op=WRITE_CHUNK {blockData=conID: 3 locID: 102651687806239150 bcsId: 1164} | ret=SUCCESS |  
2019-08-20 22:34:14,969 | INFO  | DNAudit | user=null | ip=null | op=WRITE_CHUNK {blockData=conID: 3 locID: 102651687806239150 bcsId: 1164} | ret=SUCCESS |  
2019-08-20 22:34:14,971 | INFO  | DNAudit | user=null | ip=null | op=PUT_BLOCK {blockData=[blockId=conID: 3 locID: 102651687806239150 bcsId: 0,size=4194304]} | ret=SUCCESS |  
2019-08-20 22:34:14,972 | INFO  | DNAudit | user=null | ip=null | op=PUT_BLOCK {blockData=[blockId=conID: 3 locID: 102651687806239150 bcsId: 0,size=4194304]} | ret=SUCCESS |  
2019-08-20 22:34:14,972 [grpc-default-executor-1] INFO  client.GrpcClientProtocolClient (GrpcClientProtocolClient.java:onNext(255)) - client-391BA870FC40->947ec526-030f-41cc-8af7-a6f75e712ab0: receive RaftClientReply:client-391BA870FC40->947ec526-030f-41cc-8af7-a6f75e712ab0@group-5D45C35602B2, cid=876, SUCCESS, logIndex=0, commits[947ec526-030f-41cc-8af7-a6f75e712ab0:c1170, c447b9b6-dde2-4ce7-aa81-d0e2eddc8fe9:c1168, 28b540ac-241d-462a-a56c-509e92928066:c1168]
2019-08-20 22:34:14,986 | INFO  | DNAudit | user=null | ip=null | op=WRITE_CHUNK {blockData=conID: 1 locID: 102651687806239151 bcsId: 0} | ret=SUCCESS |  
2019-08-20 22:34:14,989 | INFO  | DNAudit | user=null | ip=null | op=WRITE_CHUNK {blockData=conID: 1 locID: 102651687806239151 bcsId: 0} | ret=SUCCESS |  
2019-08-20 22:34:14,990 | INFO  | DNAudit | user=null | ip=null | op=WRITE_CHUNK {blockData=conID: 1 locID: 102651687806239151 bcsId: 0} | ret=SUCCESS |  
2019-08-20 22:34:14,991 | INFO  | DNAudit | user=null | ip=null | op=WRITE_CHUNK {blockData=conID: 1 locID: 102651687806239151 bcsId: 0} | ret=SUCCESS |  
2019-08-20 22:34:14,992 | INFO  | DNAudit | user=null | ip=null | op=WRITE_CHUNK {blockData=conID: 1 locID: 102651687806239151 bcsId: 0} | ret=SUCCESS |  
2019-08-20 22:34:14,992 | INFO  | DNAudit | user=null | ip=null | op=WRITE_CHUNK {blockData=conID: 1 locID: 102651687806239151 bcsId: 0} | ret=SUCCESS |  
2019-08-20 22:34:14,999 | INFO  | DNAudit | user=null | ip=null | op=WRITE_CHUNK {blockData=conID: 1 locID: 102651687806239151 bcsId: 0} | ret=SUCCESS |  
2019-08-20 22:34:15,000 | INFO  | DNAudit | user=null | ip=null | op=PUT_BLOCK {blockData=[blockId=conID: 1 locID: 102651687806239151 bcsId: 0,size=1048576]} | ret=SUCCESS |  
2019-08-20 22:34:15,000 | INFO  | DNAudit | user=null | ip=null | op=WRITE_CHUNK {blockData=conID: 1 locID: 102651687806239151 bcsId: 0} | ret=SUCCESS |  
2019-08-20 22:34:15,000 | INFO  | DNAudit | user=null | ip=null | op=PUT_BLOCK {blockData=[blockId=conID: 1 locID: 102651687806239151 bcsId: 0,size=2097152]} | ret=SUCCESS |  
2019-08-20 22:34:15,000 [grpc-default-executor-3] INFO  client.GrpcClientProtocolClient (GrpcClientProtocolClient.java:onNext(255)) - client-391BA870FC40->947ec526-030f-41cc-8af7-a6f75e712ab0: receive RaftClientReply:client-391BA870FC40->947ec526-030f-41cc-8af7-a6f75e712ab0@group-5D45C35602B2, cid=877, SUCCESS, logIndex=1171, commits[947ec526-030f-41cc-8af7-a6f75e712ab0:c1172, c447b9b6-dde2-4ce7-aa81-d0e2eddc8fe9:c1170, 28b540ac-241d-462a-a56c-509e92928066:c1170]
2019-08-20 22:34:15,001 [grpc-default-executor-3] INFO  client.GrpcClientProtocolClient (GrpcClientProtocolClient.java:onNext(255)) - client-391BA870FC40->947ec526-030f-41cc-8af7-a6f75e712ab0: receive RaftClientReply:client-391BA870FC40->947ec526-030f-41cc-8af7-a6f75e712ab0@group-5D45C35602B2, cid=878, SUCCESS, logIndex=1172, commits[947ec526-030f-41cc-8af7-a6f75e712ab0:c1174, c447b9b6-dde2-4ce7-aa81-d0e2eddc8fe9:c1170, 28b540ac-241d-462a-a56c-509e92928066:c1170]
2019-08-20 22:34:15,001 [grpc-default-executor-3] INFO  client.GrpcClientProtocolClient (GrpcClientProtocolClient.java:onNext(255)) - client-391BA870FC40->947ec526-030f-41cc-8af7-a6f75e712ab0: receive RaftClientReply:client-391BA870FC40->947ec526-030f-41cc-8af7-a6f75e712ab0@group-5D45C35602B2, cid=879, SUCCESS, logIndex=1173, commits[947ec526-030f-41cc-8af7-a6f75e712ab0:c1174, c447b9b6-dde2-4ce7-aa81-d0e2eddc8fe9:c1170, 28b540ac-241d-462a-a56c-509e92928066:c1170]
2019-08-20 22:34:15,002 [grpc-default-executor-3] INFO  client.GrpcClientProtocolClient (GrpcClientProtocolClient.java:onNext(255)) - client-391BA870FC40->947ec526-030f-41cc-8af7-a6f75e712ab0: receive RaftClientReply:client-391BA870FC40->947ec526-030f-41cc-8af7-a6f75e712ab0@group-5D45C35602B2, cid=880, SUCCESS, logIndex=1174, commits[947ec526-030f-41cc-8af7-a6f75e712ab0:c1174, c447b9b6-dde2-4ce7-aa81-d0e2eddc8fe9:c1170, 28b540ac-241d-462a-a56c-509e92928066:c1170]
2019-08-20 22:34:15,013 | INFO  | DNAudit | user=null | ip=null | op=WRITE_CHUNK {blockData=conID: 1 locID: 102651687806239151 bcsId: 0} | ret=SUCCESS |  
2019-08-20 22:34:15,014 | INFO  | DNAudit | user=null | ip=null | op=WRITE_CHUNK {blockData=conID: 1 locID: 102651687806239151 bcsId: 0} | ret=SUCCESS |  
2019-08-20 22:34:15,014 | INFO  | DNAudit | user=null | ip=null | op=PUT_BLOCK {blockData=[blockId=conID: 1 locID: 102651687806239151 bcsId: 0,size=1048576]} | ret=SUCCESS |  
2019-08-20 22:34:15,014 | INFO  | DNAudit | user=null | ip=null | op=PUT_BLOCK {blockData=[blockId=conID: 1 locID: 102651687806239151 bcsId: 0,size=1048576]} | ret=SUCCESS |  
2019-08-20 22:34:15,014 | INFO  | DNAudit | user=null | ip=null | op=WRITE_CHUNK {blockData=conID: 1 locID: 102651687806239151 bcsId: 0} | ret=SUCCESS |  
2019-08-20 22:34:15,015 | INFO  | DNAudit | user=null | ip=null | op=PUT_BLOCK {blockData=[blockId=conID: 1 locID: 102651687806239151 bcsId: 0,size=2097152]} | ret=SUCCESS |  
2019-08-20 22:34:15,015 | INFO  | DNAudit | user=null | ip=null | op=WRITE_CHUNK {blockData=conID: 1 locID: 102651687806239151 bcsId: 0} | ret=SUCCESS |  
2019-08-20 22:34:15,015 | INFO  | DNAudit | user=null | ip=null | op=PUT_BLOCK {blockData=[blockId=conID: 1 locID: 102651687806239151 bcsId: 0,size=2097152]} | ret=SUCCESS |  
2019-08-20 22:34:15,015 [grpc-default-executor-3] INFO  client.GrpcClientProtocolClient (GrpcClientProtocolClient.java:onNext(255)) - client-391BA870FC40->947ec526-030f-41cc-8af7-a6f75e712ab0: receive RaftClientReply:client-391BA870FC40->947ec526-030f-41cc-8af7-a6f75e712ab0@group-5D45C35602B2, cid=881, SUCCESS, logIndex=0, commits[947ec526-030f-41cc-8af7-a6f75e712ab0:c1176, c447b9b6-dde2-4ce7-aa81-d0e2eddc8fe9:c1172, 28b540ac-241d-462a-a56c-509e92928066:c1172]
2019-08-20 22:34:15,023 | INFO  | DNAudit | user=null | ip=null | op=WRITE_CHUNK {blockData=conID: 1 locID: 102651687806239151 bcsId: 1174} | ret=SUCCESS |  
2019-08-20 22:34:15,026 | INFO  | DNAudit | user=null | ip=null | op=WRITE_CHUNK {blockData=conID: 1 locID: 102651687806239151 bcsId: 1174} | ret=SUCCESS |  
2019-08-20 22:34:15,026 | INFO  | DNAudit | user=null | ip=null | op=WRITE_CHUNK {blockData=conID: 1 locID: 102651687806239151 bcsId: 1174} | ret=SUCCESS |  
2019-08-20 22:34:15,035 | INFO  | DNAudit | user=null | ip=null | op=WRITE_CHUNK {blockData=conID: 1 locID: 102651687806239151 bcsId: 1174} | ret=SUCCESS |  
2019-08-20 22:34:15,035 | INFO  | DNAudit | user=null | ip=null | op=PUT_BLOCK {blockData=[blockId=conID: 1 locID: 102651687806239151 bcsId: 0,size=3145728]} | ret=SUCCESS |  
2019-08-20 22:34:15,036 [grpc-default-executor-3] INFO  client.GrpcClientProtocolClient (GrpcClientProtocolClient.java:onNext(255)) - client-391BA870FC40->947ec526-030f-41cc-8af7-a6f75e712ab0: receive RaftClientReply:client-391BA870FC40->947ec526-030f-41cc-8af7-a6f75e712ab0@group-5D45C35602B2, cid=882, SUCCESS, logIndex=1178, commits[947ec526-030f-41cc-8af7-a6f75e712ab0:c1179, c447b9b6-dde2-4ce7-aa81-d0e2eddc8fe9:c1177, 28b540ac-241d-462a-a56c-509e92928066:c1177]
2019-08-20 22:34:15,036 [grpc-default-executor-3] INFO  client.GrpcClientProtocolClient (GrpcClientProtocolClient.java:onNext(255)) - client-391BA870FC40->947ec526-030f-41cc-8af7-a6f75e712ab0: receive RaftClientReply:client-391BA870FC40->947ec526-030f-41cc-8af7-a6f75e712ab0@group-5D45C35602B2, cid=883, SUCCESS, logIndex=1179, commits[947ec526-030f-41cc-8af7-a6f75e712ab0:c1179, c447b9b6-dde2-4ce7-aa81-d0e2eddc8fe9:c1177, 28b540ac-241d-462a-a56c-509e92928066:c1177]
2019-08-20 22:34:15,044 | INFO  | DNAudit | user=null | ip=null | op=WRITE_CHUNK {blockData=conID: 1 locID: 102651687806239151 bcsId: 1179} | ret=SUCCESS |  
2019-08-20 22:34:15,047 | INFO  | DNAudit | user=null | ip=null | op=WRITE_CHUNK {blockData=conID: 1 locID: 102651687806239151 bcsId: 1179} | ret=SUCCESS |  
2019-08-20 22:34:15,048 | INFO  | DNAudit | user=null | ip=null | op=WRITE_CHUNK {blockData=conID: 1 locID: 102651687806239151 bcsId: 1179} | ret=SUCCESS |  
2019-08-20 22:34:15,048 | INFO  | DNAudit | user=null | ip=null | op=WRITE_CHUNK {blockData=conID: 1 locID: 102651687806239151 bcsId: 1174} | ret=SUCCESS |  
2019-08-20 22:34:15,048 | INFO  | DNAudit | user=null | ip=null | op=WRITE_CHUNK {blockData=conID: 1 locID: 102651687806239151 bcsId: 1174} | ret=SUCCESS |  
2019-08-20 22:34:15,061 | INFO  | DNAudit | user=null | ip=null | op=PUT_BLOCK {blockData=[blockId=conID: 1 locID: 102651687806239151 bcsId: 0,size=3145728]} | ret=SUCCESS |  
2019-08-20 22:34:15,061 | INFO  | DNAudit | user=null | ip=null | op=PUT_BLOCK {blockData=[blockId=conID: 1 locID: 102651687806239151 bcsId: 0,size=3145728]} | ret=SUCCESS |  
2019-08-20 22:34:15,062 | INFO  | DNAudit | user=null | ip=null | op=WRITE_CHUNK {blockData=conID: 1 locID: 102651687806239151 bcsId: 1179} | ret=SUCCESS |  
2019-08-20 22:34:15,062 | INFO  | DNAudit | user=null | ip=null | op=PUT_BLOCK {blockData=[blockId=conID: 1 locID: 102651687806239151 bcsId: 0,size=4194304]} | ret=SUCCESS |  
2019-08-20 22:34:15,063 [grpc-default-executor-3] INFO  client.GrpcClientProtocolClient (GrpcClientProtocolClient.java:onNext(255)) - client-391BA870FC40->947ec526-030f-41cc-8af7-a6f75e712ab0: receive RaftClientReply:client-391BA870FC40->947ec526-030f-41cc-8af7-a6f75e712ab0@group-5D45C35602B2, cid=884, SUCCESS, logIndex=1182, commits[947ec526-030f-41cc-8af7-a6f75e712ab0:c1183, c447b9b6-dde2-4ce7-aa81-d0e2eddc8fe9:c1179, 28b540ac-241d-462a-a56c-509e92928066:c1179]
2019-08-20 22:34:15,063 [grpc-default-executor-3] INFO  client.GrpcClientProtocolClient (GrpcClientProtocolClient.java:onNext(255)) - client-391BA870FC40->947ec526-030f-41cc-8af7-a6f75e712ab0: receive RaftClientReply:client-391BA870FC40->947ec526-030f-41cc-8af7-a6f75e712ab0@group-5D45C35602B2, cid=885, SUCCESS, logIndex=1183, commits[947ec526-030f-41cc-8af7-a6f75e712ab0:c1183, c447b9b6-dde2-4ce7-aa81-d0e2eddc8fe9:c1179, 28b540ac-241d-462a-a56c-509e92928066:c1179]
2019-08-20 22:34:15,074 | INFO  | DNAudit | user=null | ip=null | op=WRITE_CHUNK {blockData=conID: 1 locID: 102651687806239151 bcsId: 1179} | ret=SUCCESS |  
2019-08-20 22:34:15,074 | INFO  | DNAudit | user=null | ip=null | op=WRITE_CHUNK {blockData=conID: 1 locID: 102651687806239151 bcsId: 1179} | ret=SUCCESS |  
2019-08-20 22:34:15,074 | INFO  | DNAudit | user=null | ip=null | op=PUT_BLOCK {blockData=[blockId=conID: 1 locID: 102651687806239151 bcsId: 0,size=4194304]} | ret=SUCCESS |  
2019-08-20 22:34:15,074 | INFO  | DNAudit | user=null | ip=null | op=PUT_BLOCK {blockData=[blockId=conID: 1 locID: 102651687806239151 bcsId: 0,size=4194304]} | ret=SUCCESS |  
2019-08-20 22:34:15,074 [grpc-default-executor-3] INFO  client.GrpcClientProtocolClient (GrpcClientProtocolClient.java:onNext(255)) - client-391BA870FC40->947ec526-030f-41cc-8af7-a6f75e712ab0: receive RaftClientReply:client-391BA870FC40->947ec526-030f-41cc-8af7-a6f75e712ab0@group-5D45C35602B2, cid=886, SUCCESS, logIndex=0, commits[947ec526-030f-41cc-8af7-a6f75e712ab0:c1184, c447b9b6-dde2-4ce7-aa81-d0e2eddc8fe9:c1183, 28b540ac-241d-462a-a56c-509e92928066:c1183]
2019-08-20 22:34:15,083 | INFO  | DNAudit | user=null | ip=null | op=WRITE_CHUNK {blockData=conID: 2 locID: 102651687806239152 bcsId: 0} | ret=SUCCESS |  
2019-08-20 22:34:15,086 | INFO  | DNAudit | user=null | ip=null | op=WRITE_CHUNK {blockData=conID: 2 locID: 102651687806239152 bcsId: 0} | ret=SUCCESS |  
2019-08-20 22:34:15,086 | INFO  | DNAudit | user=null | ip=null | op=WRITE_CHUNK {blockData=conID: 2 locID: 102651687806239152 bcsId: 0} | ret=SUCCESS |  
2019-08-20 22:34:15,088 | INFO  | DNAudit | user=null | ip=null | op=WRITE_CHUNK {blockData=conID: 2 locID: 102651687806239152 bcsId: 0} | ret=SUCCESS |  
2019-08-20 22:34:15,089 | INFO  | DNAudit | user=null | ip=null | op=WRITE_CHUNK {blockData=conID: 2 locID: 102651687806239152 bcsId: 0} | ret=SUCCESS |  
2019-08-20 22:34:15,089 | INFO  | DNAudit | user=null | ip=null | op=WRITE_CHUNK {blockData=conID: 2 locID: 102651687806239152 bcsId: 0} | ret=SUCCESS |  
2019-08-20 22:34:15,097 | INFO  | DNAudit | user=null | ip=null | op=WRITE_CHUNK {blockData=conID: 2 locID: 102651687806239152 bcsId: 0} | ret=SUCCESS |  
2019-08-20 22:34:15,097 | INFO  | DNAudit | user=null | ip=null | op=PUT_BLOCK {blockData=[blockId=conID: 2 locID: 102651687806239152 bcsId: 0,size=1048576]} | ret=SUCCESS |  
2019-08-20 22:34:15,098 [grpc-default-executor-2] INFO  client.GrpcClientProtocolClient (GrpcClientProtocolClient.java:onNext(255)) - client-391BA870FC40->947ec526-030f-41cc-8af7-a6f75e712ab0: receive RaftClientReply:client-391BA870FC40->947ec526-030f-41cc-8af7-a6f75e712ab0@group-5D45C35602B2, cid=887, SUCCESS, logIndex=1186, commits[947ec526-030f-41cc-8af7-a6f75e712ab0:c1187, c447b9b6-dde2-4ce7-aa81-d0e2eddc8fe9:c1185, 28b540ac-241d-462a-a56c-509e92928066:c1185]
2019-08-20 22:34:15,098 [grpc-default-executor-2] INFO  client.GrpcClientProtocolClient (GrpcClientProtocolClient.java:onNext(255)) - client-391BA870FC40->947ec526-030f-41cc-8af7-a6f75e712ab0: receive RaftClientReply:client-391BA870FC40->947ec526-030f-41cc-8af7-a6f75e712ab0@group-5D45C35602B2, cid=888, SUCCESS, logIndex=1187, commits[947ec526-030f-41cc-8af7-a6f75e712ab0:c1187, c447b9b6-dde2-4ce7-aa81-d0e2eddc8fe9:c1185, 28b540ac-241d-462a-a56c-509e92928066:c1185]
2019-08-20 22:34:15,107 | INFO  | DNAudit | user=null | ip=null | op=WRITE_CHUNK {blockData=conID: 2 locID: 102651687806239152 bcsId: 0} | ret=SUCCESS |  
2019-08-20 22:34:15,107 | INFO  | DNAudit | user=null | ip=null | op=PUT_BLOCK {blockData=[blockId=conID: 2 locID: 102651687806239152 bcsId: 0,size=2097152]} | ret=SUCCESS |  
2019-08-20 22:34:15,108 [grpc-default-executor-3] INFO  client.GrpcClientProtocolClient (GrpcClientProtocolClient.java:onNext(255)) - client-391BA870FC40->947ec526-030f-41cc-8af7-a6f75e712ab0: receive RaftClientReply:client-391BA870FC40->947ec526-030f-41cc-8af7-a6f75e712ab0@group-5D45C35602B2, cid=889, SUCCESS, logIndex=1188, commits[947ec526-030f-41cc-8af7-a6f75e712ab0:c1189, c447b9b6-dde2-4ce7-aa81-d0e2eddc8fe9:c1185, 28b540ac-241d-462a-a56c-509e92928066:c1185]
2019-08-20 22:34:15,109 [grpc-default-executor-3] INFO  client.GrpcClientProtocolClient (GrpcClientProtocolClient.java:onNext(255)) - client-391BA870FC40->947ec526-030f-41cc-8af7-a6f75e712ab0: receive RaftClientReply:client-391BA870FC40->947ec526-030f-41cc-8af7-a6f75e712ab0@group-5D45C35602B2, cid=890, SUCCESS, logIndex=1189, commits[947ec526-030f-41cc-8af7-a6f75e712ab0:c1189, c447b9b6-dde2-4ce7-aa81-d0e2eddc8fe9:c1185, 28b540ac-241d-462a-a56c-509e92928066:c1185]
2019-08-20 22:34:15,109 | INFO  | DNAudit | user=null | ip=null | op=WRITE_CHUNK {blockData=conID: 2 locID: 102651687806239152 bcsId: 0} | ret=SUCCESS |  
2019-08-20 22:34:15,122 | INFO  | DNAudit | user=null | ip=null | op=PUT_BLOCK {blockData=[blockId=conID: 2 locID: 102651687806239152 bcsId: 0,size=1048576]} | ret=SUCCESS |  
2019-08-20 22:34:15,122 | INFO  | DNAudit | user=null | ip=null | op=WRITE_CHUNK {blockData=conID: 2 locID: 102651687806239152 bcsId: 0} | ret=SUCCESS |  
2019-08-20 22:34:15,122 | INFO  | DNAudit | user=null | ip=null | op=WRITE_CHUNK {blockData=conID: 2 locID: 102651687806239152 bcsId: 0} | ret=SUCCESS |  
2019-08-20 22:34:15,123 | INFO  | DNAudit | user=null | ip=null | op=PUT_BLOCK {blockData=[blockId=conID: 2 locID: 102651687806239152 bcsId: 0,size=2097152]} | ret=SUCCESS |  
2019-08-20 22:34:15,123 | INFO  | DNAudit | user=null | ip=null | op=PUT_BLOCK {blockData=[blockId=conID: 2 locID: 102651687806239152 bcsId: 0,size=1048576]} | ret=SUCCESS |  
2019-08-20 22:34:15,123 | INFO  | DNAudit | user=null | ip=null | op=WRITE_CHUNK {blockData=conID: 2 locID: 102651687806239152 bcsId: 0} | ret=SUCCESS |  
2019-08-20 22:34:15,123 | INFO  | DNAudit | user=null | ip=null | op=PUT_BLOCK {blockData=[blockId=conID: 2 locID: 102651687806239152 bcsId: 0,size=2097152]} | ret=SUCCESS |  
2019-08-20 22:34:15,124 [grpc-default-executor-3] INFO  client.GrpcClientProtocolClient (GrpcClientProtocolClient.java:onNext(255)) - client-391BA870FC40->947ec526-030f-41cc-8af7-a6f75e712ab0: receive RaftClientReply:client-391BA870FC40->947ec526-030f-41cc-8af7-a6f75e712ab0@group-5D45C35602B2, cid=891, SUCCESS, logIndex=0, commits[947ec526-030f-41cc-8af7-a6f75e712ab0:c1191, c447b9b6-dde2-4ce7-aa81-d0e2eddc8fe9:c1189, 28b540ac-241d-462a-a56c-509e92928066:c1187]
2019-08-20 22:34:15,132 | INFO  | DNAudit | user=null | ip=null | op=WRITE_CHUNK {blockData=conID: 2 locID: 102651687806239152 bcsId: 1189} | ret=SUCCESS |  
2019-08-20 22:34:15,136 | INFO  | DNAudit | user=null | ip=null | op=WRITE_CHUNK {blockData=conID: 2 locID: 102651687806239152 bcsId: 1189} | ret=SUCCESS |  
2019-08-20 22:34:15,137 | INFO  | DNAudit | user=null | ip=null | op=WRITE_CHUNK {blockData=conID: 2 locID: 102651687806239152 bcsId: 1189} | ret=SUCCESS |  
2019-08-20 22:34:15,158 | INFO  | DNAudit | user=null | ip=null | op=WRITE_CHUNK {blockData=conID: 2 locID: 102651687806239152 bcsId: 1189} | ret=SUCCESS |  
2019-08-20 22:34:15,158 | INFO  | DNAudit | user=null | ip=null | op=PUT_BLOCK {blockData=[blockId=conID: 2 locID: 102651687806239152 bcsId: 0,size=3145728]} | ret=SUCCESS |  
2019-08-20 22:34:15,158 [grpc-default-executor-3] INFO  client.GrpcClientProtocolClient (GrpcClientProtocolClient.java:onNext(255)) - client-391BA870FC40->947ec526-030f-41cc-8af7-a6f75e712ab0: receive RaftClientReply:client-391BA870FC40->947ec526-030f-41cc-8af7-a6f75e712ab0@group-5D45C35602B2, cid=892, SUCCESS, logIndex=1193, commits[947ec526-030f-41cc-8af7-a6f75e712ab0:c1194, c447b9b6-dde2-4ce7-aa81-d0e2eddc8fe9:c1191, 28b540ac-241d-462a-a56c-509e92928066:c1191]
2019-08-20 22:34:15,159 [grpc-default-executor-3] INFO  client.GrpcClientProtocolClient (GrpcClientProtocolClient.java:onNext(255)) - client-391BA870FC40->947ec526-030f-41cc-8af7-a6f75e712ab0: receive RaftClientReply:client-391BA870FC40->947ec526-030f-41cc-8af7-a6f75e712ab0@group-5D45C35602B2, cid=893, SUCCESS, logIndex=1194, commits[947ec526-030f-41cc-8af7-a6f75e712ab0:c1194, c447b9b6-dde2-4ce7-aa81-d0e2eddc8fe9:c1191, 28b540ac-241d-462a-a56c-509e92928066:c1191]
2019-08-20 22:34:15,161 | INFO  | SCMAudit | user=jenkins1000 | ip=192.168.5.142 | op=SEND_HEARTBEAT {datanodeUUID=28b540ac-241d-462a-a56c-509e92928066, command=[]} | ret=SUCCESS |  
2019-08-20 22:34:15,161 | INFO  | SCMAudit | user=jenkins1000 | ip=192.168.5.142 | op=SEND_HEARTBEAT {datanodeUUID=c447b9b6-dde2-4ce7-aa81-d0e2eddc8fe9, command=[]} | ret=SUCCESS |  
 0.00% |█                                                                                                    |  0/1 Time: 0:00:042019-08-20 22:34:15,162 | INFO  | SCMAudit | user=jenkins1000 | ip=192.168.5.142 | op=SEND_HEARTBEAT {datanodeUUID=eafd9314-3f13-422a-a2ac-adfcde2d7481, command=[]} | ret=SUCCESS |  
2019-08-20 22:34:15,162 | INFO  | SCMAudit | user=jenkins1000 | ip=192.168.5.142 | op=SEND_HEARTBEAT {datanodeUUID=947ec526-030f-41cc-8af7-a6f75e712ab0, command=[]} | ret=SUCCESS |  
2019-08-20 22:34:15,169 | INFO  | DNAudit | user=null | ip=null | op=WRITE_CHUNK {blockData=conID: 2 locID: 102651687806239152 bcsId: 1189} | ret=SUCCESS |  
2019-08-20 22:34:15,169 | INFO  | DNAudit | user=null | ip=null | op=WRITE_CHUNK {blockData=conID: 2 locID: 102651687806239152 bcsId: 1189} | ret=SUCCESS |  
2019-08-20 22:34:15,170 | INFO  | DNAudit | user=null | ip=null | op=PUT_BLOCK {blockData=[blockId=conID: 2 locID: 102651687806239152 bcsId: 0,size=3145728]} | ret=SUCCESS |  
2019-08-20 22:34:15,170 | INFO  | DNAudit | user=null | ip=null | op=PUT_BLOCK {blockData=[blockId=conID: 2 locID: 102651687806239152 bcsId: 0,size=3145728]} | ret=SUCCESS |  
2019-08-20 22:34:15,171 | INFO  | DNAudit | user=null | ip=null | op=WRITE_CHUNK {blockData=conID: 2 locID: 102651687806239152 bcsId: 1194} | ret=SUCCESS |  
2019-08-20 22:34:15,175 | INFO  | DNAudit | user=null | ip=null | op=WRITE_CHUNK {blockData=conID: 2 locID: 102651687806239152 bcsId: 1194} | ret=SUCCESS |  
2019-08-20 22:34:15,176 | INFO  | DNAudit | user=null | ip=null | op=WRITE_CHUNK {blockData=conID: 2 locID: 102651687806239152 bcsId: 1194} | ret=SUCCESS |  
2019-08-20 22:34:15,183 | INFO  | DNAudit | user=null | ip=null | op=WRITE_CHUNK {blockData=conID: 2 locID: 102651687806239152 bcsId: 1194} | ret=SUCCESS |  
2019-08-20 22:34:15,184 | INFO  | DNAudit | user=null | ip=null | op=PUT_BLOCK {blockData=[blockId=conID: 2 locID: 102651687806239152 bcsId: 0,size=4194304]} | ret=SUCCESS |  
2019-08-20 22:34:15,184 [grpc-default-executor-2] INFO  client.GrpcClientProtocolClient (GrpcClientProtocolClient.java:onNext(255)) - client-391BA870FC40->947ec526-030f-41cc-8af7-a6f75e712ab0: receive RaftClientReply:client-391BA870FC40->947ec526-030f-41cc-8af7-a6f75e712ab0@group-5D45C35602B2, cid=894, SUCCESS, logIndex=1196, commits[947ec526-030f-41cc-8af7-a6f75e712ab0:c1197, c447b9b6-dde2-4ce7-aa81-d0e2eddc8fe9:c1195, 28b540ac-241d-462a-a56c-509e92928066:c1195]
2019-08-20 22:34:15,185 [grpc-default-executor-2] INFO  client.GrpcClientProtocolClient (GrpcClientProtocolClient.java:onNext(255)) - client-391BA870FC40->947ec526-030f-41cc-8af7-a6f75e712ab0: receive RaftClientReply:client-391BA870FC40->947ec526-030f-41cc-8af7-a6f75e712ab0@group-5D45C35602B2, cid=895, SUCCESS, logIndex=1197, commits[947ec526-030f-41cc-8af7-a6f75e712ab0:c1197, c447b9b6-dde2-4ce7-aa81-d0e2eddc8fe9:c1195, 28b540ac-241d-462a-a56c-509e92928066:c1195]
2019-08-20 22:34:15,194 | INFO  | DNAudit | user=null | ip=null | op=WRITE_CHUNK {blockData=conID: 2 locID: 102651687806239152 bcsId: 1194} | ret=SUCCESS |  
2019-08-20 22:34:15,195 | INFO  | DNAudit | user=null | ip=null | op=WRITE_CHUNK {blockData=conID: 2 locID: 102651687806239152 bcsId: 1194} | ret=SUCCESS |  
2019-08-20 22:34:15,195 | INFO  | DNAudit | user=null | ip=null | op=PUT_BLOCK {blockData=[blockId=conID: 2 locID: 102651687806239152 bcsId: 0,size=4194304]} | ret=SUCCESS |  
2019-08-20 22:34:15,195 | INFO  | DNAudit | user=null | ip=null | op=PUT_BLOCK {blockData=[blockId=conID: 2 locID: 102651687806239152 bcsId: 0,size=4194304]} | ret=SUCCESS |  
2019-08-20 22:34:15,195 [grpc-default-executor-2] INFO  client.GrpcClientProtocolClient (GrpcClientProtocolClient.java:onNext(255)) - client-391BA870FC40->947ec526-030f-41cc-8af7-a6f75e712ab0: receive RaftClientReply:client-391BA870FC40->947ec526-030f-41cc-8af7-a6f75e712ab0@group-5D45C35602B2, cid=896, SUCCESS, logIndex=0, commits[947ec526-030f-41cc-8af7-a6f75e712ab0:c1198, c447b9b6-dde2-4ce7-aa81-d0e2eddc8fe9:c1197, 28b540ac-241d-462a-a56c-509e92928066:c1197]
2019-08-20 22:34:15,206 | INFO  | DNAudit | user=null | ip=null | op=WRITE_CHUNK {blockData=conID: 3 locID: 102651687806239153 bcsId: 0} | ret=SUCCESS |  
2019-08-20 22:34:15,207 | INFO  | DNAudit | user=null | ip=null | op=WRITE_CHUNK {blockData=conID: 3 locID: 102651687806239153 bcsId: 0} | ret=SUCCESS |  
2019-08-20 22:34:15,208 | INFO  | DNAudit | user=null | ip=null | op=WRITE_CHUNK {blockData=conID: 3 locID: 102651687806239153 bcsId: 0} | ret=SUCCESS |  
2019-08-20 22:34:15,210 | INFO  | DNAudit | user=null | ip=null | op=WRITE_CHUNK {blockData=conID: 3 locID: 102651687806239153 bcsId: 0} | ret=SUCCESS |  
2019-08-20 22:34:15,213 | INFO  | DNAudit | user=null | ip=null | op=WRITE_CHUNK {blockData=conID: 3 locID: 102651687806239153 bcsId: 0} | ret=SUCCESS |  
2019-08-20 22:34:15,213 | INFO  | DNAudit | user=null | ip=null | op=WRITE_CHUNK {blockData=conID: 3 locID: 102651687806239153 bcsId: 0} | ret=SUCCESS |  
2019-08-20 22:34:15,219 | INFO  | DNAudit | user=null | ip=null | op=WRITE_CHUNK {blockData=conID: 3 locID: 102651687806239153 bcsId: 0} | ret=SUCCESS |  
2019-08-20 22:34:15,219 | INFO  | DNAudit | user=null | ip=null | op=PUT_BLOCK {blockData=[blockId=conID: 3 locID: 102651687806239153 bcsId: 0,size=1048576]} | ret=SUCCESS |  
2019-08-20 22:34:15,220 | INFO  | DNAudit | user=null | ip=null | op=WRITE_CHUNK {blockData=conID: 3 locID: 102651687806239153 bcsId: 0} | ret=SUCCESS |  
2019-08-20 22:34:15,220 [grpc-default-executor-4] INFO  client.GrpcClientProtocolClient (GrpcClientProtocolClient.java:onNext(255)) - client-391BA870FC40->947ec526-030f-41cc-8af7-a6f75e712ab0: receive RaftClientReply:client-391BA870FC40->947ec526-030f-41cc-8af7-a6f75e712ab0@group-5D45C35602B2, cid=897, SUCCESS, logIndex=1200, commits[947ec526-030f-41cc-8af7-a6f75e712ab0:c1201, c447b9b6-dde2-4ce7-aa81-d0e2eddc8fe9:c1199, 28b540ac-241d-462a-a56c-509e92928066:c1199]
2019-08-20 22:34:15,220 | INFO  | DNAudit | user=null | ip=null | op=PUT_BLOCK {blockData=[blockId=conID: 3 locID: 102651687806239153 bcsId: 0,size=2097152]} | ret=SUCCESS |  
2019-08-20 22:34:15,220 [grpc-default-executor-4] INFO  client.GrpcClientProtocolClient (GrpcClientProtocolClient.java:onNext(255)) - client-391BA870FC40->947ec526-030f-41cc-8af7-a6f75e712ab0: receive RaftClientReply:client-391BA870FC40->947ec526-030f-41cc-8af7-a6f75e712ab0@group-5D45C35602B2, cid=898, SUCCESS, logIndex=1201, commits[947ec526-030f-41cc-8af7-a6f75e712ab0:c1203, c447b9b6-dde2-4ce7-aa81-d0e2eddc8fe9:c1199, 28b540ac-241d-462a-a56c-509e92928066:c1199]
2019-08-20 22:34:15,221 [grpc-default-executor-4] INFO  client.GrpcClientProtocolClient (GrpcClientProtocolClient.java:onNext(255)) - client-391BA870FC40->947ec526-030f-41cc-8af7-a6f75e712ab0: receive RaftClientReply:client-391BA870FC40->947ec526-030f-41cc-8af7-a6f75e712ab0@group-5D45C35602B2, cid=899, SUCCESS, logIndex=1202, commits[947ec526-030f-41cc-8af7-a6f75e712ab0:c1203, c447b9b6-dde2-4ce7-aa81-d0e2eddc8fe9:c1199, 28b540ac-241d-462a-a56c-509e92928066:c1199]
2019-08-20 22:34:15,222 [grpc-default-executor-4] INFO  client.GrpcClientProtocolClient (GrpcClientProtocolClient.java:onNext(255)) - client-391BA870FC40->947ec526-030f-41cc-8af7-a6f75e712ab0: receive RaftClientReply:client-391BA870FC40->947ec526-030f-41cc-8af7-a6f75e712ab0@group-5D45C35602B2, cid=900, SUCCESS, logIndex=1203, commits[947ec526-030f-41cc-8af7-a6f75e712ab0:c1203, c447b9b6-dde2-4ce7-aa81-d0e2eddc8fe9:c1199, 28b540ac-241d-462a-a56c-509e92928066:c1199]
2019-08-20 22:34:15,232 | INFO  | DNAudit | user=null | ip=null | op=WRITE_CHUNK {blockData=conID: 3 locID: 102651687806239153 bcsId: 0} | ret=SUCCESS |  
2019-08-20 22:34:15,232 | INFO  | DNAudit | user=null | ip=null | op=WRITE_CHUNK {blockData=conID: 3 locID: 102651687806239153 bcsId: 0} | ret=SUCCESS |  
2019-08-20 22:34:15,233 | INFO  | DNAudit | user=null | ip=null | op=PUT_BLOCK {blockData=[blockId=conID: 3 locID: 102651687806239153 bcsId: 0,size=1048576]} | ret=SUCCESS |  
2019-08-20 22:34:15,233 | INFO  | DNAudit | user=null | ip=null | op=WRITE_CHUNK {blockData=conID: 3 locID: 102651687806239153 bcsId: 0} | ret=SUCCESS |  
2019-08-20 22:34:15,233 | INFO  | DNAudit | user=null | ip=null | op=PUT_BLOCK {blockData=[blockId=conID: 3 locID: 102651687806239153 bcsId: 0,size=1048576]} | ret=SUCCESS |  
2019-08-20 22:34:15,234 | INFO  | DNAudit | user=null | ip=null | op=WRITE_CHUNK {blockData=conID: 3 locID: 102651687806239153 bcsId: 0} | ret=SUCCESS |  
2019-08-20 22:34:15,234 | INFO  | DNAudit | user=null | ip=null | op=PUT_BLOCK {blockData=[blockId=conID: 3 locID: 102651687806239153 bcsId: 0,size=2097152]} | ret=SUCCESS |  
2019-08-20 22:34:15,234 | INFO  | DNAudit | user=null | ip=null | op=PUT_BLOCK {blockData=[blockId=conID: 3 locID: 102651687806239153 bcsId: 0,size=2097152]} | ret=SUCCESS |  
2019-08-20 22:34:15,235 [grpc-default-executor-2] INFO  client.GrpcClientProtocolClient (GrpcClientProtocolClient.java:onNext(255)) - client-391BA870FC40->947ec526-030f-41cc-8af7-a6f75e712ab0: receive RaftClientReply:client-391BA870FC40->947ec526-030f-41cc-8af7-a6f75e712ab0@group-5D45C35602B2, cid=901, SUCCESS, logIndex=0, commits[947ec526-030f-41cc-8af7-a6f75e712ab0:c1207, c447b9b6-dde2-4ce7-aa81-d0e2eddc8fe9:c1201, 28b540ac-241d-462a-a56c-509e92928066:c1203]
2019-08-20 22:34:15,243 | INFO  | DNAudit | user=null | ip=null | op=WRITE_CHUNK {blockData=conID: 3 locID: 102651687806239153 bcsId: 1203} | ret=SUCCESS |  
2019-08-20 22:34:15,246 | INFO  | DNAudit | user=null | ip=null | op=WRITE_CHUNK {blockData=conID: 3 locID: 102651687806239153 bcsId: 1203} | ret=SUCCESS |  
2019-08-20 22:34:15,246 | INFO  | DNAudit | user=null | ip=null | op=WRITE_CHUNK {blockData=conID: 3 locID: 102651687806239153 bcsId: 1203} | ret=SUCCESS |  
2019-08-20 22:34:15,257 | INFO  | DNAudit | user=null | ip=null | op=WRITE_CHUNK {blockData=conID: 3 locID: 102651687806239153 bcsId: 1203} | ret=SUCCESS |  
2019-08-20 22:34:15,258 | INFO  | DNAudit | user=null | ip=null | op=PUT_BLOCK {blockData=[blockId=conID: 3 locID: 102651687806239153 bcsId: 0,size=3145728]} | ret=SUCCESS |  
2019-08-20 22:34:15,258 [grpc-default-executor-3] INFO  client.GrpcClientProtocolClient (GrpcClientProtocolClient.java:onNext(255)) - client-391BA870FC40->947ec526-030f-41cc-8af7-a6f75e712ab0: receive RaftClientReply:client-391BA870FC40->947ec526-030f-41cc-8af7-a6f75e712ab0@group-5D45C35602B2, cid=902, SUCCESS, logIndex=1208, commits[947ec526-030f-41cc-8af7-a6f75e712ab0:c1209, c447b9b6-dde2-4ce7-aa81-d0e2eddc8fe9:c1207, 28b540ac-241d-462a-a56c-509e92928066:c1207]
2019-08-20 22:34:15,258 [grpc-default-executor-3] INFO  client.GrpcClientProtocolClient (GrpcClientProtocolClient.java:onNext(255)) - client-391BA870FC40->947ec526-030f-41cc-8af7-a6f75e712ab0: receive RaftClientReply:client-391BA870FC40->947ec526-030f-41cc-8af7-a6f75e712ab0@group-5D45C35602B2, cid=903, SUCCESS, logIndex=1209, commits[947ec526-030f-41cc-8af7-a6f75e712ab0:c1209, c447b9b6-dde2-4ce7-aa81-d0e2eddc8fe9:c1207, 28b540ac-241d-462a-a56c-509e92928066:c1207]
2019-08-20 22:34:15,266 | INFO  | DNAudit | user=null | ip=null | op=WRITE_CHUNK {blockData=conID: 3 locID: 102651687806239153 bcsId: 1209} | ret=SUCCESS |  
2019-08-20 22:34:15,269 | INFO  | DNAudit | user=null | ip=null | op=WRITE_CHUNK {blockData=conID: 3 locID: 102651687806239153 bcsId: 1209} | ret=SUCCESS |  
2019-08-20 22:34:15,269 | INFO  | DNAudit | user=null | ip=null | op=WRITE_CHUNK {blockData=conID: 3 locID: 102651687806239153 bcsId: 1209} | ret=SUCCESS |  
2019-08-20 22:34:15,270 | INFO  | DNAudit | user=null | ip=null | op=WRITE_CHUNK {blockData=conID: 3 locID: 102651687806239153 bcsId: 1203} | ret=SUCCESS |  
2019-08-20 22:34:15,271 | INFO  | DNAudit | user=null | ip=null | op=WRITE_CHUNK {blockData=conID: 3 locID: 102651687806239153 bcsId: 1203} | ret=SUCCESS |  
2019-08-20 22:34:15,271 | INFO  | DNAudit | user=null | ip=null | op=PUT_BLOCK {blockData=[blockId=conID: 3 locID: 102651687806239153 bcsId: 0,size=3145728]} | ret=SUCCESS |  
2019-08-20 22:34:15,271 | INFO  | DNAudit | user=null | ip=null | op=PUT_BLOCK {blockData=[blockId=conID: 3 locID: 102651687806239153 bcsId: 0,size=3145728]} | ret=SUCCESS |  
2019-08-20 22:34:15,284 | INFO  | DNAudit | user=null | ip=null | op=WRITE_CHUNK {blockData=conID: 3 locID: 102651687806239153 bcsId: 1209} | ret=SUCCESS |  
2019-08-20 22:34:15,284 | INFO  | DNAudit | user=null | ip=null | op=PUT_BLOCK {blockData=[blockId=conID: 3 locID: 102651687806239153 bcsId: 0,size=4194304]} | ret=SUCCESS |  
2019-08-20 22:34:15,284 [grpc-default-executor-4] INFO  client.GrpcClientProtocolClient (GrpcClientProtocolClient.java:onNext(255)) - client-391BA870FC40->947ec526-030f-41cc-8af7-a6f75e712ab0: receive RaftClientReply:client-391BA870FC40->947ec526-030f-41cc-8af7-a6f75e712ab0@group-5D45C35602B2, cid=904, SUCCESS, logIndex=1212, commits[947ec526-030f-41cc-8af7-a6f75e712ab0:c1212, c447b9b6-dde2-4ce7-aa81-d0e2eddc8fe9:c1209, 28b540ac-241d-462a-a56c-509e92928066:c1209]
2019-08-20 22:34:15,285 [grpc-default-executor-4] INFO  client.GrpcClientProtocolClient (GrpcClientProtocolClient.java:onNext(255)) - client-391BA870FC40->947ec526-030f-41cc-8af7-a6f75e712ab0: receive RaftClientReply:client-391BA870FC40->947ec526-030f-41cc-8af7-a6f75e712ab0@group-5D45C35602B2, cid=905, SUCCESS, logIndex=1213, commits[947ec526-030f-41cc-8af7-a6f75e712ab0:c1213, c447b9b6-dde2-4ce7-aa81-d0e2eddc8fe9:c1209, 28b540ac-241d-462a-a56c-509e92928066:c1209]
2019-08-20 22:34:15,297 | INFO  | DNAudit | user=null | ip=null | op=WRITE_CHUNK {blockData=conID: 3 locID: 102651687806239153 bcsId: 1209} | ret=SUCCESS |  
2019-08-20 22:34:15,297 | INFO  | DNAudit | user=null | ip=null | op=WRITE_CHUNK {blockData=conID: 3 locID: 102651687806239153 bcsId: 1209} | ret=SUCCESS |  
2019-08-20 22:34:15,310 | INFO  | DNAudit | user=null | ip=null | op=PUT_BLOCK {blockData=[blockId=conID: 3 locID: 102651687806239153 bcsId: 0,size=4194304]} | ret=SUCCESS |  
2019-08-20 22:34:15,310 | INFO  | DNAudit | user=null | ip=null | op=PUT_BLOCK {blockData=[blockId=conID: 3 locID: 102651687806239153 bcsId: 0,size=4194304]} | ret=SUCCESS |  
2019-08-20 22:34:15,311 [grpc-default-executor-4] INFO  client.GrpcClientProtocolClient (GrpcClientProtocolClient.java:onNext(255)) - client-391BA870FC40->947ec526-030f-41cc-8af7-a6f75e712ab0: receive RaftClientReply:client-391BA870FC40->947ec526-030f-41cc-8af7-a6f75e712ab0@group-5D45C35602B2, cid=906, SUCCESS, logIndex=0, commits[947ec526-030f-41cc-8af7-a6f75e712ab0:c1215, c447b9b6-dde2-4ce7-aa81-d0e2eddc8fe9:c1213, 28b540ac-241d-462a-a56c-509e92928066:c1213]
2019-08-20 22:34:15,319 | INFO  | DNAudit | user=null | ip=null | op=WRITE_CHUNK {blockData=conID: 1 locID: 102651687806304690 bcsId: 0} | ret=SUCCESS |  
2019-08-20 22:34:15,322 | INFO  | DNAudit | user=null | ip=null | op=WRITE_CHUNK {blockData=conID: 1 locID: 102651687806304690 bcsId: 0} | ret=SUCCESS |  
2019-08-20 22:34:15,322 | INFO  | DNAudit | user=null | ip=null | op=WRITE_CHUNK {blockData=conID: 1 locID: 102651687806304690 bcsId: 0} | ret=SUCCESS |  
2019-08-20 22:34:15,323 | INFO  | DNAudit | user=null | ip=null | op=WRITE_CHUNK {blockData=conID: 1 locID: 102651687806304690 bcsId: 0} | ret=SUCCESS |  
2019-08-20 22:34:15,325 | INFO  | DNAudit | user=null | ip=null | op=WRITE_CHUNK {blockData=conID: 1 locID: 102651687806304690 bcsId: 0} | ret=SUCCESS |  
2019-08-20 22:34:15,328 | INFO  | DNAudit | user=null | ip=null | op=WRITE_CHUNK {blockData=conID: 1 locID: 102651687806304690 bcsId: 0} | ret=SUCCESS |  
2019-08-20 22:34:15,512 | INFO  | DNAudit | user=null | ip=null | op=WRITE_CHUNK {blockData=conID: 1 locID: 102651687806304690 bcsId: 0} | ret=SUCCESS |  
2019-08-20 22:34:15,512 | INFO  | SCMAudit | user=jenkins1000 | ip=192.168.5.142 | op=SEND_HEARTBEAT {datanodeUUID=d55cd342-4e6c-4701-86f3-cb557f3478dc, command=[]} | ret=SUCCESS |  
2019-08-20 22:34:15,513 | INFO  | DNAudit | user=null | ip=null | op=PUT_BLOCK {blockData=[blockId=conID: 1 locID: 102651687806304690 bcsId: 0,size=1048576]} | ret=SUCCESS |  
2019-08-20 22:34:15,513 [grpc-default-executor-5] INFO  client.GrpcClientProtocolClient (GrpcClientProtocolClient.java:onNext(255)) - client-391BA870FC40->947ec526-030f-41cc-8af7-a6f75e712ab0: receive RaftClientReply:client-391BA870FC40->947ec526-030f-41cc-8af7-a6f75e712ab0@group-5D45C35602B2, cid=907, SUCCESS, logIndex=1216, commits[947ec526-030f-41cc-8af7-a6f75e712ab0:c1217, c447b9b6-dde2-4ce7-aa81-d0e2eddc8fe9:c1215, 28b540ac-241d-462a-a56c-509e92928066:c1215]
2019-08-20 22:34:15,514 [grpc-default-executor-5] INFO  client.GrpcClientProtocolClient (GrpcClientProtocolClient.java:onNext(255)) - client-391BA870FC40->947ec526-030f-41cc-8af7-a6f75e712ab0: receive RaftClientReply:client-391BA870FC40->947ec526-030f-41cc-8af7-a6f75e712ab0@group-5D45C35602B2, cid=908, SUCCESS, logIndex=1217, commits[947ec526-030f-41cc-8af7-a6f75e712ab0:c1217, c447b9b6-dde2-4ce7-aa81-d0e2eddc8fe9:c1215, 28b540ac-241d-462a-a56c-509e92928066:c1215]
2019-08-20 22:34:15,522 | INFO  | DNAudit | user=null | ip=null | op=WRITE_CHUNK {blockData=conID: 1 locID: 102651687806304690 bcsId: 0} | ret=SUCCESS |  
2019-08-20 22:34:15,523 | INFO  | DNAudit | user=null | ip=null | op=PUT_BLOCK {blockData=[blockId=conID: 1 locID: 102651687806304690 bcsId: 0,size=2097152]} | ret=SUCCESS |  
2019-08-20 22:34:15,523 | INFO  | DNAudit | user=null | ip=null | op=WRITE_CHUNK {blockData=conID: 1 locID: 102651687806304690 bcsId: 0} | ret=SUCCESS |  
2019-08-20 22:34:15,523 [grpc-default-executor-4] INFO  client.GrpcClientProtocolClient (GrpcClientProtocolClient.java:onNext(255)) - client-391BA870FC40->947ec526-030f-41cc-8af7-a6f75e712ab0: receive RaftClientReply:client-391BA870FC40->947ec526-030f-41cc-8af7-a6f75e712ab0@group-5D45C35602B2, cid=909, SUCCESS, logIndex=1218, commits[947ec526-030f-41cc-8af7-a6f75e712ab0:c1219, c447b9b6-dde2-4ce7-aa81-d0e2eddc8fe9:c1215, 28b540ac-241d-462a-a56c-509e92928066:c1215]
2019-08-20 22:34:15,523 | INFO  | DNAudit | user=null | ip=null | op=PUT_BLOCK {blockData=[blockId=conID: 1 locID: 102651687806304690 bcsId: 0,size=1048576]} | ret=SUCCESS |  
2019-08-20 22:34:15,523 [grpc-default-executor-3] INFO  client.GrpcClientProtocolClient (GrpcClientProtocolClient.java:onNext(255)) - client-391BA870FC40->947ec526-030f-41cc-8af7-a6f75e712ab0: receive RaftClientReply:client-391BA870FC40->947ec526-030f-41cc-8af7-a6f75e712ab0@group-5D45C35602B2, cid=910, SUCCESS, logIndex=1219, commits[947ec526-030f-41cc-8af7-a6f75e712ab0:c1219, c447b9b6-dde2-4ce7-aa81-d0e2eddc8fe9:c1215, 28b540ac-241d-462a-a56c-509e92928066:c1215]
2019-08-20 22:34:15,525 | INFO  | DNAudit | user=null | ip=null | op=WRITE_CHUNK {blockData=conID: 1 locID: 102651687806304690 bcsId: 0} | ret=SUCCESS |  
2019-08-20 22:34:15,525 | INFO  | DNAudit | user=null | ip=null | op=PUT_BLOCK {blockData=[blockId=conID: 1 locID: 102651687806304690 bcsId: 0,size=1048576]} | ret=SUCCESS |  
2019-08-20 22:34:15,526 [grpc-default-executor-3] INFO  client.GrpcClientProtocolClient (GrpcClientProtocolClient.java:onNext(255)) - client-391BA870FC40->947ec526-030f-41cc-8af7-a6f75e712ab0: receive RaftClientReply:client-391BA870FC40->947ec526-030f-41cc-8af7-a6f75e712ab0@group-5D45C35602B2, cid=911, SUCCESS, logIndex=0, commits[947ec526-030f-41cc-8af7-a6f75e712ab0:c1221, c447b9b6-dde2-4ce7-aa81-d0e2eddc8fe9:c1217, 28b540ac-241d-462a-a56c-509e92928066:c1217]
2019-08-20 22:34:15,533 | INFO  | DNAudit | user=null | ip=null | op=WRITE_CHUNK {blockData=conID: 1 locID: 102651687806304690 bcsId: 1219} | ret=SUCCESS |  
2019-08-20 22:34:15,535 | INFO  | DNAudit | user=null | ip=null | op=WRITE_CHUNK {blockData=conID: 1 locID: 102651687806304690 bcsId: 1219} | ret=SUCCESS |  
2019-08-20 22:34:15,535 | INFO  | DNAudit | user=null | ip=null | op=WRITE_CHUNK {blockData=conID: 1 locID: 102651687806304690 bcsId: 1219} | ret=SUCCESS |  
2019-08-20 22:34:15,536 | INFO  | DNAudit | user=null | ip=null | op=WRITE_CHUNK {blockData=conID: 1 locID: 102651687806304690 bcsId: 0} | ret=SUCCESS |  
2019-08-20 22:34:15,537 | INFO  | DNAudit | user=null | ip=null | op=PUT_BLOCK {blockData=[blockId=conID: 1 locID: 102651687806304690 bcsId: 0,size=2097152]} | ret=SUCCESS |  
2019-08-20 22:34:15,538 | INFO  | DNAudit | user=null | ip=null | op=WRITE_CHUNK {blockData=conID: 1 locID: 102651687806304690 bcsId: 0} | ret=SUCCESS |  
2019-08-20 22:34:15,539 | INFO  | DNAudit | user=null | ip=null | op=PUT_BLOCK {blockData=[blockId=conID: 1 locID: 102651687806304690 bcsId: 0,size=2097152]} | ret=SUCCESS |  
2019-08-20 22:34:15,550 | INFO  | DNAudit | user=null | ip=null | op=WRITE_CHUNK {blockData=conID: 1 locID: 102651687806304690 bcsId: 1219} | ret=SUCCESS |  
2019-08-20 22:34:15,550 | INFO  | DNAudit | user=null | ip=null | op=PUT_BLOCK {blockData=[blockId=conID: 1 locID: 102651687806304690 bcsId: 0,size=3145728]} | ret=SUCCESS |  
2019-08-20 22:34:15,551 [grpc-default-executor-5] INFO  client.GrpcClientProtocolClient (GrpcClientProtocolClient.java:onNext(255)) - client-391BA870FC40->947ec526-030f-41cc-8af7-a6f75e712ab0: receive RaftClientReply:client-391BA870FC40->947ec526-030f-41cc-8af7-a6f75e712ab0@group-5D45C35602B2, cid=912, SUCCESS, logIndex=1224, commits[947ec526-030f-41cc-8af7-a6f75e712ab0:c1225, c447b9b6-dde2-4ce7-aa81-d0e2eddc8fe9:c1221, 28b540ac-241d-462a-a56c-509e92928066:c1219]
2019-08-20 22:34:15,551 [grpc-default-executor-5] INFO  client.GrpcClientProtocolClient (GrpcClientProtocolClient.java:onNext(255)) - client-391BA870FC40->947ec526-030f-41cc-8af7-a6f75e712ab0: receive RaftClientReply:client-391BA870FC40->947ec526-030f-41cc-8af7-a6f75e712ab0@group-5D45C35602B2, cid=913, SUCCESS, logIndex=1225, commits[947ec526-030f-41cc-8af7-a6f75e712ab0:c1225, c447b9b6-dde2-4ce7-aa81-d0e2eddc8fe9:c1221, 28b540ac-241d-462a-a56c-509e92928066:c1221]
2019-08-20 22:34:15,551 | INFO  | DNAudit | user=null | ip=null | op=WRITE_CHUNK {blockData=conID: 1 locID: 102651687806304690 bcsId: 1219} | ret=SUCCESS |  
2019-08-20 22:34:15,551 | INFO  | DNAudit | user=null | ip=null | op=WRITE_CHUNK {blockData=conID: 1 locID: 102651687806304690 bcsId: 1219} | ret=SUCCESS |  
2019-08-20 22:34:15,552 | INFO  | DNAudit | user=null | ip=null | op=PUT_BLOCK {blockData=[blockId=conID: 1 locID: 102651687806304690 bcsId: 0,size=3145728]} | ret=SUCCESS |  
2019-08-20 22:34:15,552 | INFO  | DNAudit | user=null | ip=null | op=PUT_BLOCK {blockData=[blockId=conID: 1 locID: 102651687806304690 bcsId: 0,size=3145728]} | ret=SUCCESS |  
2019-08-20 22:34:15,558 | INFO  | DNAudit | user=null | ip=null | op=WRITE_CHUNK {blockData=conID: 1 locID: 102651687806304690 bcsId: 1225} | ret=SUCCESS |  
2019-08-20 22:34:15,560 | INFO  | DNAudit | user=null | ip=null | op=WRITE_CHUNK {blockData=conID: 1 locID: 102651687806304690 bcsId: 1225} | ret=SUCCESS |  
2019-08-20 22:34:15,561 | INFO  | DNAudit | user=null | ip=null | op=WRITE_CHUNK {blockData=conID: 1 locID: 102651687806304690 bcsId: 1225} | ret=SUCCESS |  
2019-08-20 22:34:15,572 | INFO  | DNAudit | user=null | ip=null | op=WRITE_CHUNK {blockData=conID: 1 locID: 102651687806304690 bcsId: 1225} | ret=SUCCESS |  
2019-08-20 22:34:15,572 | INFO  | DNAudit | user=null | ip=null | op=PUT_BLOCK {blockData=[blockId=conID: 1 locID: 102651687806304690 bcsId: 0,size=4194304]} | ret=SUCCESS |  
2019-08-20 22:34:15,573 [grpc-default-executor-3] INFO  client.GrpcClientProtocolClient (GrpcClientProtocolClient.java:onNext(255)) - client-391BA870FC40->947ec526-030f-41cc-8af7-a6f75e712ab0: receive RaftClientReply:client-391BA870FC40->947ec526-030f-41cc-8af7-a6f75e712ab0@group-5D45C35602B2, cid=914, SUCCESS, logIndex=1228, commits[947ec526-030f-41cc-8af7-a6f75e712ab0:c1229, c447b9b6-dde2-4ce7-aa81-d0e2eddc8fe9:c1227, 28b540ac-241d-462a-a56c-509e92928066:c1227]
2019-08-20 22:34:15,573 [grpc-default-executor-3] INFO  client.GrpcClientProtocolClient (GrpcClientProtocolClient.java:onNext(255)) - client-391BA870FC40->947ec526-030f-41cc-8af7-a6f75e712ab0: receive RaftClientReply:client-391BA870FC40->947ec526-030f-41cc-8af7-a6f75e712ab0@group-5D45C35602B2, cid=915, SUCCESS, logIndex=1229, commits[947ec526-030f-41cc-8af7-a6f75e712ab0:c1229, c447b9b6-dde2-4ce7-aa81-d0e2eddc8fe9:c1227, 28b540ac-241d-462a-a56c-509e92928066:c1227]
2019-08-20 22:34:15,585 | INFO  | DNAudit | user=null | ip=null | op=WRITE_CHUNK {blockData=conID: 1 locID: 102651687806304690 bcsId: 1225} | ret=SUCCESS |  
2019-08-20 22:34:15,585 | INFO  | DNAudit | user=null | ip=null | op=WRITE_CHUNK {blockData=conID: 1 locID: 102651687806304690 bcsId: 1225} | ret=SUCCESS |  
2019-08-20 22:34:15,598 | INFO  | DNAudit | user=null | ip=null | op=PUT_BLOCK {blockData=[blockId=conID: 1 locID: 102651687806304690 bcsId: 0,size=4194304]} | ret=SUCCESS |  
2019-08-20 22:34:15,598 | INFO  | DNAudit | user=null | ip=null | op=PUT_BLOCK {blockData=[blockId=conID: 1 locID: 102651687806304690 bcsId: 0,size=4194304]} | ret=SUCCESS |  
2019-08-20 22:34:15,599 [grpc-default-executor-3] INFO  client.GrpcClientProtocolClient (GrpcClientProtocolClient.java:onNext(255)) - client-391BA870FC40->947ec526-030f-41cc-8af7-a6f75e712ab0: receive RaftClientReply:client-391BA870FC40->947ec526-030f-41cc-8af7-a6f75e712ab0@group-5D45C35602B2, cid=916, SUCCESS, logIndex=0, commits[947ec526-030f-41cc-8af7-a6f75e712ab0:c1230, c447b9b6-dde2-4ce7-aa81-d0e2eddc8fe9:c1229, 28b540ac-241d-462a-a56c-509e92928066:c1229]
2019-08-20 22:34:15,606 | INFO  | DNAudit | user=null | ip=null | op=WRITE_CHUNK {blockData=conID: 2 locID: 102651687806304691 bcsId: 0} | ret=SUCCESS |  
2019-08-20 22:34:15,608 | INFO  | DNAudit | user=null | ip=null | op=WRITE_CHUNK {blockData=conID: 2 locID: 102651687806304691 bcsId: 0} | ret=SUCCESS |  
2019-08-20 22:34:15,609 | INFO  | DNAudit | user=null | ip=null | op=WRITE_CHUNK {blockData=conID: 2 locID: 102651687806304691 bcsId: 0} | ret=SUCCESS |  
2019-08-20 22:34:15,610 | INFO  | DNAudit | user=null | ip=null | op=WRITE_CHUNK {blockData=conID: 2 locID: 102651687806304691 bcsId: 0} | ret=SUCCESS |  
2019-08-20 22:34:15,611 | INFO  | DNAudit | user=null | ip=null | op=WRITE_CHUNK {blockData=conID: 2 locID: 102651687806304691 bcsId: 0} | ret=SUCCESS |  
2019-08-20 22:34:15,611 | INFO  | DNAudit | user=null | ip=null | op=WRITE_CHUNK {blockData=conID: 2 locID: 102651687806304691 bcsId: 0} | ret=SUCCESS |  
2019-08-20 22:34:15,620 | INFO  | DNAudit | user=null | ip=null | op=WRITE_CHUNK {blockData=conID: 2 locID: 102651687806304691 bcsId: 0} | ret=SUCCESS |  
2019-08-20 22:34:15,621 | INFO  | DNAudit | user=null | ip=null | op=PUT_BLOCK {blockData=[blockId=conID: 2 locID: 102651687806304691 bcsId: 0,size=1048576]} | ret=SUCCESS |  
2019-08-20 22:34:15,621 [grpc-default-executor-4] INFO  client.GrpcClientProtocolClient (GrpcClientProtocolClient.java:onNext(255)) - client-391BA870FC40->947ec526-030f-41cc-8af7-a6f75e712ab0: receive RaftClientReply:client-391BA870FC40->947ec526-030f-41cc-8af7-a6f75e712ab0@group-5D45C35602B2, cid=917, SUCCESS, logIndex=1232, commits[947ec526-030f-41cc-8af7-a6f75e712ab0:c1233, c447b9b6-dde2-4ce7-aa81-d0e2eddc8fe9:c1231, 28b540ac-241d-462a-a56c-509e92928066:c1231]
2019-08-20 22:34:15,621 [grpc-default-executor-4] INFO  client.GrpcClientProtocolClient (GrpcClientProtocolClient.java:onNext(255)) - client-391BA870FC40->947ec526-030f-41cc-8af7-a6f75e712ab0: receive RaftClientReply:client-391BA870FC40->947ec526-030f-41cc-8af7-a6f75e712ab0@group-5D45C35602B2, cid=918, SUCCESS, logIndex=1233, commits[947ec526-030f-41cc-8af7-a6f75e712ab0:c1233, c447b9b6-dde2-4ce7-aa81-d0e2eddc8fe9:c1231, 28b540ac-241d-462a-a56c-509e92928066:c1231]
2019-08-20 22:34:15,630 | INFO  | DNAudit | user=null | ip=null | op=WRITE_CHUNK {blockData=conID: 2 locID: 102651687806304691 bcsId: 0} | ret=SUCCESS |  
2019-08-20 22:34:15,631 | INFO  | DNAudit | user=null | ip=null | op=PUT_BLOCK {blockData=[blockId=conID: 2 locID: 102651687806304691 bcsId: 0,size=2097152]} | ret=SUCCESS |  
2019-08-20 22:34:15,631 [grpc-default-executor-5] INFO  client.GrpcClientProtocolClient (GrpcClientProtocolClient.java:onNext(255)) - client-391BA870FC40->947ec526-030f-41cc-8af7-a6f75e712ab0: receive RaftClientReply:client-391BA870FC40->947ec526-030f-41cc-8af7-a6f75e712ab0@group-5D45C35602B2, cid=919, SUCCESS, logIndex=1234, commits[947ec526-030f-41cc-8af7-a6f75e712ab0:c1235, c447b9b6-dde2-4ce7-aa81-d0e2eddc8fe9:c1231, 28b540ac-241d-462a-a56c-509e92928066:c1231]
2019-08-20 22:34:15,631 [grpc-default-executor-5] INFO  client.GrpcClientProtocolClient (GrpcClientProtocolClient.java:onNext(255)) - client-391BA870FC40->947ec526-030f-41cc-8af7-a6f75e712ab0: receive RaftClientReply:client-391BA870FC40->947ec526-030f-41cc-8af7-a6f75e712ab0@group-5D45C35602B2, cid=920, SUCCESS, logIndex=1235, commits[947ec526-030f-41cc-8af7-a6f75e712ab0:c1235, c447b9b6-dde2-4ce7-aa81-d0e2eddc8fe9:c1231, 28b540ac-241d-462a-a56c-509e92928066:c1231]
2019-08-20 22:34:15,632 | INFO  | DNAudit | user=null | ip=null | op=WRITE_CHUNK {blockData=conID: 2 locID: 102651687806304691 bcsId: 0} | ret=SUCCESS |  
2019-08-20 22:34:15,644 | INFO  | DNAudit | user=null | ip=null | op=WRITE_CHUNK {blockData=conID: 2 locID: 102651687806304691 bcsId: 0} | ret=SUCCESS |  
2019-08-20 22:34:15,644 | INFO  | DNAudit | user=null | ip=null | op=PUT_BLOCK {blockData=[blockId=conID: 2 locID: 102651687806304691 bcsId: 0,size=1048576]} | ret=SUCCESS |  
2019-08-20 22:34:15,644 | INFO  | DNAudit | user=null | ip=null | op=PUT_BLOCK {blockData=[blockId=conID: 2 locID: 102651687806304691 bcsId: 0,size=1048576]} | ret=SUCCESS |  
2019-08-20 22:34:15,644 | INFO  | DNAudit | user=null | ip=null | op=WRITE_CHUNK {blockData=conID: 2 locID: 102651687806304691 bcsId: 0} | ret=SUCCESS |  
2019-08-20 22:34:15,644 | INFO  | DNAudit | user=null | ip=null | op=WRITE_CHUNK {blockData=conID: 2 locID: 102651687806304691 bcsId: 0} | ret=SUCCESS |  
2019-08-20 22:34:15,645 | INFO  | DNAudit | user=null | ip=null | op=PUT_BLOCK {blockData=[blockId=conID: 2 locID: 102651687806304691 bcsId: 0,size=2097152]} | ret=SUCCESS |  
2019-08-20 22:34:15,645 | INFO  | DNAudit | user=null | ip=null | op=PUT_BLOCK {blockData=[blockId=conID: 2 locID: 102651687806304691 bcsId: 0,size=2097152]} | ret=SUCCESS |  
2019-08-20 22:34:15,645 [grpc-default-executor-5] INFO  client.GrpcClientProtocolClient (GrpcClientProtocolClient.java:onNext(255)) - client-391BA870FC40->947ec526-030f-41cc-8af7-a6f75e712ab0: receive RaftClientReply:client-391BA870FC40->947ec526-030f-41cc-8af7-a6f75e712ab0@group-5D45C35602B2, cid=921, SUCCESS, logIndex=0, commits[947ec526-030f-41cc-8af7-a6f75e712ab0:c1237, c447b9b6-dde2-4ce7-aa81-d0e2eddc8fe9:c1233, 28b540ac-241d-462a-a56c-509e92928066:c1233]
2019-08-20 22:34:15,652 | INFO  | DNAudit | user=null | ip=null | op=WRITE_CHUNK {blockData=conID: 2 locID: 102651687806304691 bcsId: 1235} | ret=SUCCESS |  
2019-08-20 22:34:15,654 | INFO  | DNAudit | user=null | ip=null | op=WRITE_CHUNK {blockData=conID: 2 locID: 102651687806304691 bcsId: 1235} | ret=SUCCESS |  
2019-08-20 22:34:15,655 | INFO  | DNAudit | user=null | ip=null | op=WRITE_CHUNK {blockData=conID: 2 locID: 102651687806304691 bcsId: 1235} | ret=SUCCESS |  
2019-08-20 22:34:15,666 | INFO  | DNAudit | user=null | ip=null | op=WRITE_CHUNK {blockData=conID: 2 locID: 102651687806304691 bcsId: 1235} | ret=SUCCESS |  
2019-08-20 22:34:15,667 | INFO  | DNAudit | user=null | ip=null | op=PUT_BLOCK {blockData=[blockId=conID: 2 locID: 102651687806304691 bcsId: 0,size=3145728]} | ret=SUCCESS |  
2019-08-20 22:34:15,667 [grpc-default-executor-4] INFO  client.GrpcClientProtocolClient (GrpcClientProtocolClient.java:onNext(255)) - client-391BA870FC40->947ec526-030f-41cc-8af7-a6f75e712ab0: receive RaftClientReply:client-391BA870FC40->947ec526-030f-41cc-8af7-a6f75e712ab0@group-5D45C35602B2, cid=922, SUCCESS, logIndex=1239, commits[947ec526-030f-41cc-8af7-a6f75e712ab0:c1240, c447b9b6-dde2-4ce7-aa81-d0e2eddc8fe9:c1238, 28b540ac-241d-462a-a56c-509e92928066:c1238]
2019-08-20 22:34:15,667 [grpc-default-executor-4] INFO  client.GrpcClientProtocolClient (GrpcClientProtocolClient.java:onNext(255)) - client-391BA870FC40->947ec526-030f-41cc-8af7-a6f75e712ab0: receive RaftClientReply:client-391BA870FC40->947ec526-030f-41cc-8af7-a6f75e712ab0@group-5D45C35602B2, cid=923, SUCCESS, logIndex=1240, commits[947ec526-030f-41cc-8af7-a6f75e712ab0:c1240, c447b9b6-dde2-4ce7-aa81-d0e2eddc8fe9:c1238, 28b540ac-241d-462a-a56c-509e92928066:c1238]
2019-08-20 22:34:15,674 | INFO  | DNAudit | user=null | ip=null | op=WRITE_CHUNK {blockData=conID: 2 locID: 102651687806304691 bcsId: 1240} | ret=SUCCESS |  
2019-08-20 22:34:15,677 | INFO  | DNAudit | user=null | ip=null | op=WRITE_CHUNK {blockData=conID: 2 locID: 102651687806304691 bcsId: 1240} | ret=SUCCESS |  
2019-08-20 22:34:15,677 | INFO  | DNAudit | user=null | ip=null | op=WRITE_CHUNK {blockData=conID: 2 locID: 102651687806304691 bcsId: 1240} | ret=SUCCESS |  
2019-08-20 22:34:15,678 | INFO  | DNAudit | user=null | ip=null | op=WRITE_CHUNK {blockData=conID: 2 locID: 102651687806304691 bcsId: 1235} | ret=SUCCESS |  
2019-08-20 22:34:15,678 | INFO  | DNAudit | user=null | ip=null | op=WRITE_CHUNK {blockData=conID: 2 locID: 102651687806304691 bcsId: 1235} | ret=SUCCESS |  
2019-08-20 22:34:15,678 | INFO  | DNAudit | user=null | ip=null | op=PUT_BLOCK {blockData=[blockId=conID: 2 locID: 102651687806304691 bcsId: 0,size=3145728]} | ret=SUCCESS |  
2019-08-20 22:34:15,678 | INFO  | DNAudit | user=null | ip=null | op=PUT_BLOCK {blockData=[blockId=conID: 2 locID: 102651687806304691 bcsId: 0,size=3145728]} | ret=SUCCESS |  
2019-08-20 22:34:15,681 | INFO  | DNAudit | user=null | ip=null | op=WRITE_CHUNK {blockData=conID: 2 locID: 102651687806304691 bcsId: 1240} | ret=SUCCESS |  
2019-08-20 22:34:15,682 | INFO  | DNAudit | user=null | ip=null | op=PUT_BLOCK {blockData=[blockId=conID: 2 locID: 102651687806304691 bcsId: 0,size=4194304]} | ret=SUCCESS |  
2019-08-20 22:34:15,682 [grpc-default-executor-4] INFO  client.GrpcClientProtocolClient (GrpcClientProtocolClient.java:onNext(255)) - client-391BA870FC40->947ec526-030f-41cc-8af7-a6f75e712ab0: receive RaftClientReply:client-391BA870FC40->947ec526-030f-41cc-8af7-a6f75e712ab0@group-5D45C35602B2, cid=924, SUCCESS, logIndex=1243, commits[947ec526-030f-41cc-8af7-a6f75e712ab0:c1244, c447b9b6-dde2-4ce7-aa81-d0e2eddc8fe9:c1240, 28b540ac-241d-462a-a56c-509e92928066:c1240]
2019-08-20 22:34:15,682 [grpc-default-executor-4] INFO  client.GrpcClientProtocolClient (GrpcClientProtocolClient.java:onNext(255)) - client-391BA870FC40->947ec526-030f-41cc-8af7-a6f75e712ab0: receive RaftClientReply:client-391BA870FC40->947ec526-030f-41cc-8af7-a6f75e712ab0@group-5D45C35602B2, cid=925, SUCCESS, logIndex=1244, commits[947ec526-030f-41cc-8af7-a6f75e712ab0:c1244, c447b9b6-dde2-4ce7-aa81-d0e2eddc8fe9:c1240, 28b540ac-241d-462a-a56c-509e92928066:c1240]
2019-08-20 22:34:15,702 | INFO  | DNAudit | user=null | ip=null | op=WRITE_CHUNK {blockData=conID: 2 locID: 102651687806304691 bcsId: 1240} | ret=SUCCESS |  
2019-08-20 22:34:15,702 | INFO  | DNAudit | user=null | ip=null | op=WRITE_CHUNK {blockData=conID: 2 locID: 102651687806304691 bcsId: 1240} | ret=SUCCESS |  
2019-08-20 22:34:15,705 | INFO  | DNAudit | user=null | ip=null | op=PUT_BLOCK {blockData=[blockId=conID: 2 locID: 102651687806304691 bcsId: 0,size=4194304]} | ret=SUCCESS |  
2019-08-20 22:34:15,705 | INFO  | DNAudit | user=null | ip=null | op=PUT_BLOCK {blockData=[blockId=conID: 2 locID: 102651687806304691 bcsId: 0,size=4194304]} | ret=SUCCESS |  
2019-08-20 22:34:15,706 [grpc-default-executor-4] INFO  client.GrpcClientProtocolClient (GrpcClientProtocolClient.java:onNext(255)) - client-391BA870FC40->947ec526-030f-41cc-8af7-a6f75e712ab0: receive RaftClientReply:client-391BA870FC40->947ec526-030f-41cc-8af7-a6f75e712ab0@group-5D45C35602B2, cid=926, SUCCESS, logIndex=0, commits[947ec526-030f-41cc-8af7-a6f75e712ab0:c1246, c447b9b6-dde2-4ce7-aa81-d0e2eddc8fe9:c1244, 28b540ac-241d-462a-a56c-509e92928066:c1244]
2019-08-20 22:34:15,715 | INFO  | DNAudit | user=null | ip=null | op=WRITE_CHUNK {blockData=conID: 3 locID: 102651687806304692 bcsId: 0} | ret=SUCCESS |  
2019-08-20 22:34:15,719 | INFO  | DNAudit | user=null | ip=null | op=WRITE_CHUNK {blockData=conID: 3 locID: 102651687806304692 bcsId: 0} | ret=SUCCESS |  
2019-08-20 22:34:15,719 | INFO  | DNAudit | user=null | ip=null | op=WRITE_CHUNK {blockData=conID: 3 locID: 102651687806304692 bcsId: 0} | ret=SUCCESS |  
2019-08-20 22:34:15,719 | INFO  | DNAudit | user=null | ip=null | op=WRITE_CHUNK {blockData=conID: 3 locID: 102651687806304692 bcsId: 0} | ret=SUCCESS |  
2019-08-20 22:34:15,721 | INFO  | DNAudit | user=null | ip=null | op=WRITE_CHUNK {blockData=conID: 3 locID: 102651687806304692 bcsId: 0} | ret=SUCCESS |  
2019-08-20 22:34:15,721 | INFO  | DNAudit | user=null | ip=null | op=WRITE_CHUNK {blockData=conID: 3 locID: 102651687806304692 bcsId: 0} | ret=SUCCESS |  
2019-08-20 22:34:15,727 | INFO  | DNAudit | user=null | ip=null | op=WRITE_CHUNK {blockData=conID: 3 locID: 102651687806304692 bcsId: 0} | ret=SUCCESS |  
2019-08-20 22:34:15,728 | INFO  | DNAudit | user=null | ip=null | op=PUT_BLOCK {blockData=[blockId=conID: 3 locID: 102651687806304692 bcsId: 0,size=1048576]} | ret=SUCCESS |  
2019-08-20 22:34:15,728 [grpc-default-executor-4] INFO  client.GrpcClientProtocolClient (GrpcClientProtocolClient.java:onNext(255)) - client-391BA870FC40->947ec526-030f-41cc-8af7-a6f75e712ab0: receive RaftClientReply:client-391BA870FC40->947ec526-030f-41cc-8af7-a6f75e712ab0@group-5D45C35602B2, cid=927, SUCCESS, logIndex=1247, commits[947ec526-030f-41cc-8af7-a6f75e712ab0:c1247, c447b9b6-dde2-4ce7-aa81-d0e2eddc8fe9:c1246, 28b540ac-241d-462a-a56c-509e92928066:c1246]
2019-08-20 22:34:15,728 | INFO  | DNAudit | user=null | ip=null | op=WRITE_CHUNK {blockData=conID: 3 locID: 102651687806304692 bcsId: 0} | ret=SUCCESS |  
2019-08-20 22:34:15,728 | INFO  | DNAudit | user=null | ip=null | op=PUT_BLOCK {blockData=[blockId=conID: 3 locID: 102651687806304692 bcsId: 0,size=2097152]} | ret=SUCCESS |  
2019-08-20 22:34:15,728 [grpc-default-executor-5] INFO  client.GrpcClientProtocolClient (GrpcClientProtocolClient.java:onNext(255)) - client-391BA870FC40->947ec526-030f-41cc-8af7-a6f75e712ab0: receive RaftClientReply:client-391BA870FC40->947ec526-030f-41cc-8af7-a6f75e712ab0@group-5D45C35602B2, cid=928, SUCCESS, logIndex=1248, commits[947ec526-030f-41cc-8af7-a6f75e712ab0:c1248, c447b9b6-dde2-4ce7-aa81-d0e2eddc8fe9:c1246, 28b540ac-241d-462a-a56c-509e92928066:c1246]
2019-08-20 22:34:15,729 [grpc-default-executor-5] INFO  client.GrpcClientProtocolClient (GrpcClientProtocolClient.java:onNext(255)) - client-391BA870FC40->947ec526-030f-41cc-8af7-a6f75e712ab0: receive RaftClientReply:client-391BA870FC40->947ec526-030f-41cc-8af7-a6f75e712ab0@group-5D45C35602B2, cid=929, SUCCESS, logIndex=1249, commits[947ec526-030f-41cc-8af7-a6f75e712ab0:c1250, c447b9b6-dde2-4ce7-aa81-d0e2eddc8fe9:c1246, 28b540ac-241d-462a-a56c-509e92928066:c1246]
2019-08-20 22:34:15,729 [grpc-default-executor-5] INFO  client.GrpcClientProtocolClient (GrpcClientProtocolClient.java:onNext(255)) - client-391BA870FC40->947ec526-030f-41cc-8af7-a6f75e712ab0: receive RaftClientReply:client-391BA870FC40->947ec526-030f-41cc-8af7-a6f75e712ab0@group-5D45C35602B2, cid=930, SUCCESS, logIndex=1250, commits[947ec526-030f-41cc-8af7-a6f75e712ab0:c1250, c447b9b6-dde2-4ce7-aa81-d0e2eddc8fe9:c1246, 28b540ac-241d-462a-a56c-509e92928066:c1246]
2019-08-20 22:34:15,741 | INFO  | DNAudit | user=null | ip=null | op=WRITE_CHUNK {blockData=conID: 3 locID: 102651687806304692 bcsId: 0} | ret=SUCCESS |  
2019-08-20 22:34:15,741 | INFO  | DNAudit | user=null | ip=null | op=WRITE_CHUNK {blockData=conID: 3 locID: 102651687806304692 bcsId: 0} | ret=SUCCESS |  
2019-08-20 22:34:15,742 | INFO  | DNAudit | user=null | ip=null | op=PUT_BLOCK {blockData=[blockId=conID: 3 locID: 102651687806304692 bcsId: 0,size=1048576]} | ret=SUCCESS |  
2019-08-20 22:34:15,742 | INFO  | DNAudit | user=null | ip=null | op=PUT_BLOCK {blockData=[blockId=conID: 3 locID: 102651687806304692 bcsId: 0,size=1048576]} | ret=SUCCESS |  
2019-08-20 22:34:15,742 | INFO  | DNAudit | user=null | ip=null | op=WRITE_CHUNK {blockData=conID: 3 locID: 102651687806304692 bcsId: 0} | ret=SUCCESS |  
2019-08-20 22:34:15,742 | INFO  | DNAudit | user=null | ip=null | op=PUT_BLOCK {blockData=[blockId=conID: 3 locID: 102651687806304692 bcsId: 0,size=2097152]} | ret=SUCCESS |  
2019-08-20 22:34:15,742 | INFO  | DNAudit | user=null | ip=null | op=WRITE_CHUNK {blockData=conID: 3 locID: 102651687806304692 bcsId: 0} | ret=SUCCESS |  
2019-08-20 22:34:15,742 [grpc-default-executor-5] INFO  client.GrpcClientProtocolClient (GrpcClientProtocolClient.java:onNext(255)) - client-391BA870FC40->947ec526-030f-41cc-8af7-a6f75e712ab0: receive RaftClientReply:client-391BA870FC40->947ec526-030f-41cc-8af7-a6f75e712ab0@group-5D45C35602B2, cid=931, SUCCESS, logIndex=0, commits[947ec526-030f-41cc-8af7-a6f75e712ab0:c1254, c447b9b6-dde2-4ce7-aa81-d0e2eddc8fe9:c1248, 28b540ac-241d-462a-a56c-509e92928066:c1250]
2019-08-20 22:34:15,743 | INFO  | DNAudit | user=null | ip=null | op=PUT_BLOCK {blockData=[blockId=conID: 3 locID: 102651687806304692 bcsId: 0,size=2097152]} | ret=SUCCESS |  
2019-08-20 22:34:15,751 | INFO  | DNAudit | user=null | ip=null | op=WRITE_CHUNK {blockData=conID: 3 locID: 102651687806304692 bcsId: 1250} | ret=SUCCESS |  
2019-08-20 22:34:15,754 | INFO  | DNAudit | user=null | ip=null | op=WRITE_CHUNK {blockData=conID: 3 locID: 102651687806304692 bcsId: 1250} | ret=SUCCESS |  
2019-08-20 22:34:15,754 | INFO  | DNAudit | user=null | ip=null | op=WRITE_CHUNK {blockData=conID: 3 locID: 102651687806304692 bcsId: 1250} | ret=SUCCESS |  
2019-08-20 22:34:15,764 | INFO  | DNAudit | user=null | ip=null | op=WRITE_CHUNK {blockData=conID: 3 locID: 102651687806304692 bcsId: 1250} | ret=SUCCESS |  
2019-08-20 22:34:15,765 | INFO  | DNAudit | user=null | ip=null | op=PUT_BLOCK {blockData=[blockId=conID: 3 locID: 102651687806304692 bcsId: 0,size=3145728]} | ret=SUCCESS |  
2019-08-20 22:34:15,765 [grpc-default-executor-5] INFO  client.GrpcClientProtocolClient (GrpcClientProtocolClient.java:onNext(255)) - client-391BA870FC40->947ec526-030f-41cc-8af7-a6f75e712ab0: receive RaftClientReply:client-391BA870FC40->947ec526-030f-41cc-8af7-a6f75e712ab0@group-5D45C35602B2, cid=932, SUCCESS, logIndex=1255, commits[947ec526-030f-41cc-8af7-a6f75e712ab0:c1256, c447b9b6-dde2-4ce7-aa81-d0e2eddc8fe9:c1254, 28b540ac-241d-462a-a56c-509e92928066:c1254]
2019-08-20 22:34:15,765 [grpc-default-executor-5] INFO  client.GrpcClientProtocolClient (GrpcClientProtocolClient.java:onNext(255)) - client-391BA870FC40->947ec526-030f-41cc-8af7-a6f75e712ab0: receive RaftClientReply:client-391BA870FC40->947ec526-030f-41cc-8af7-a6f75e712ab0@group-5D45C35602B2, cid=933, SUCCESS, logIndex=1256, commits[947ec526-030f-41cc-8af7-a6f75e712ab0:c1256, c447b9b6-dde2-4ce7-aa81-d0e2eddc8fe9:c1254, 28b540ac-241d-462a-a56c-509e92928066:c1254]
2019-08-20 22:34:15,771 | INFO  | DNAudit | user=null | ip=null | op=WRITE_CHUNK {blockData=conID: 3 locID: 102651687806304692 bcsId: 1256} | ret=SUCCESS |  
2019-08-20 22:34:15,774 | INFO  | DNAudit | user=null | ip=null | op=WRITE_CHUNK {blockData=conID: 3 locID: 102651687806304692 bcsId: 1256} | ret=SUCCESS |  
2019-08-20 22:34:15,774 | INFO  | DNAudit | user=null | ip=null | op=WRITE_CHUNK {blockData=conID: 3 locID: 102651687806304692 bcsId: 1256} | ret=SUCCESS |  
2019-08-20 22:34:15,777 | INFO  | DNAudit | user=null | ip=null | op=WRITE_CHUNK {blockData=conID: 3 locID: 102651687806304692 bcsId: 1250} | ret=SUCCESS |  
2019-08-20 22:34:15,778 | INFO  | DNAudit | user=null | ip=null | op=WRITE_CHUNK {blockData=conID: 3 locID: 102651687806304692 bcsId: 1250} | ret=SUCCESS |  
2019-08-20 22:34:15,778 | INFO  | DNAudit | user=null | ip=null | op=PUT_BLOCK {blockData=[blockId=conID: 3 locID: 102651687806304692 bcsId: 0,size=3145728]} | ret=SUCCESS |  
2019-08-20 22:34:15,791 | INFO  | DNAudit | user=null | ip=null | op=PUT_BLOCK {blockData=[blockId=conID: 3 locID: 102651687806304692 bcsId: 0,size=3145728]} | ret=SUCCESS |  
2019-08-20 22:34:15,791 | INFO  | DNAudit | user=null | ip=null | op=WRITE_CHUNK {blockData=conID: 3 locID: 102651687806304692 bcsId: 1256} | ret=SUCCESS |  
2019-08-20 22:34:15,792 | INFO  | DNAudit | user=null | ip=null | op=PUT_BLOCK {blockData=[blockId=conID: 3 locID: 102651687806304692 bcsId: 0,size=4194304]} | ret=SUCCESS |  
2019-08-20 22:34:15,792 [grpc-default-executor-4] INFO  client.GrpcClientProtocolClient (GrpcClientProtocolClient.java:onNext(255)) - client-391BA870FC40->947ec526-030f-41cc-8af7-a6f75e712ab0: receive RaftClientReply:client-391BA870FC40->947ec526-030f-41cc-8af7-a6f75e712ab0@group-5D45C35602B2, cid=934, SUCCESS, logIndex=1259, commits[947ec526-030f-41cc-8af7-a6f75e712ab0:c1260, c447b9b6-dde2-4ce7-aa81-d0e2eddc8fe9:c1256, 28b540ac-241d-462a-a56c-509e92928066:c1256]
2019-08-20 22:34:15,792 [grpc-default-executor-4] INFO  client.GrpcClientProtocolClient (GrpcClientProtocolClient.java:onNext(255)) - client-391BA870FC40->947ec526-030f-41cc-8af7-a6f75e712ab0: receive RaftClientReply:client-391BA870FC40->947ec526-030f-41cc-8af7-a6f75e712ab0@group-5D45C35602B2, cid=935, SUCCESS, logIndex=1260, commits[947ec526-030f-41cc-8af7-a6f75e712ab0:c1260, c447b9b6-dde2-4ce7-aa81-d0e2eddc8fe9:c1256, 28b540ac-241d-462a-a56c-509e92928066:c1256]
2019-08-20 22:34:15,804 | INFO  | DNAudit | user=null | ip=null | op=WRITE_CHUNK {blockData=conID: 3 locID: 102651687806304692 bcsId: 1256} | ret=SUCCESS |  
2019-08-20 22:34:15,804 | INFO  | DNAudit | user=null | ip=null | op=WRITE_CHUNK {blockData=conID: 3 locID: 102651687806304692 bcsId: 1256} | ret=SUCCESS |  
2019-08-20 22:34:15,817 | INFO  | DNAudit | user=null | ip=null | op=PUT_BLOCK {blockData=[blockId=conID: 3 locID: 102651687806304692 bcsId: 0,size=4194304]} | ret=SUCCESS |  
2019-08-20 22:34:15,817 | INFO  | DNAudit | user=null | ip=null | op=PUT_BLOCK {blockData=[blockId=conID: 3 locID: 102651687806304692 bcsId: 0,size=4194304]} | ret=SUCCESS |  
2019-08-20 22:34:15,818 [grpc-default-executor-4] INFO  client.GrpcClientProtocolClient (GrpcClientProtocolClient.java:onNext(255)) - client-391BA870FC40->947ec526-030f-41cc-8af7-a6f75e712ab0: receive RaftClientReply:client-391BA870FC40->947ec526-030f-41cc-8af7-a6f75e712ab0@group-5D45C35602B2, cid=936, SUCCESS, logIndex=0, commits[947ec526-030f-41cc-8af7-a6f75e712ab0:c1262, c447b9b6-dde2-4ce7-aa81-d0e2eddc8fe9:c1260, 28b540ac-241d-462a-a56c-509e92928066:c1260]
2019-08-20 22:34:15,825 | INFO  | DNAudit | user=null | ip=null | op=WRITE_CHUNK {blockData=conID: 1 locID: 102651687806304693 bcsId: 0} | ret=SUCCESS |  
2019-08-20 22:34:15,828 | INFO  | DNAudit | user=null | ip=null | op=WRITE_CHUNK {blockData=conID: 1 locID: 102651687806304693 bcsId: 0} | ret=SUCCESS |  
2019-08-20 22:34:15,828 | INFO  | DNAudit | user=null | ip=null | op=WRITE_CHUNK {blockData=conID: 1 locID: 102651687806304693 bcsId: 0} | ret=SUCCESS |  
2019-08-20 22:34:15,828 | INFO  | DNAudit | user=null | ip=null | op=WRITE_CHUNK {blockData=conID: 1 locID: 102651687806304693 bcsId: 0} | ret=SUCCESS |  
2019-08-20 22:34:15,830 | INFO  | DNAudit | user=null | ip=null | op=WRITE_CHUNK {blockData=conID: 1 locID: 102651687806304693 bcsId: 0} | ret=SUCCESS |  
2019-08-20 22:34:15,830 | INFO  | DNAudit | user=null | ip=null | op=WRITE_CHUNK {blockData=conID: 1 locID: 102651687806304693 bcsId: 0} | ret=SUCCESS |  
2019-08-20 22:34:15,839 | INFO  | DNAudit | user=null | ip=null | op=WRITE_CHUNK {blockData=conID: 1 locID: 102651687806304693 bcsId: 0} | ret=SUCCESS |  
2019-08-20 22:34:15,840 | INFO  | DNAudit | user=null | ip=null | op=PUT_BLOCK {blockData=[blockId=conID: 1 locID: 102651687806304693 bcsId: 0,size=1048576]} | ret=SUCCESS |  
2019-08-20 22:34:15,840 [grpc-default-executor-3] INFO  client.GrpcClientProtocolClient (GrpcClientProtocolClient.java:onNext(255)) - client-391BA870FC40->947ec526-030f-41cc-8af7-a6f75e712ab0: receive RaftClientReply:client-391BA870FC40->947ec526-030f-41cc-8af7-a6f75e712ab0@group-5D45C35602B2, cid=937, SUCCESS, logIndex=1263, commits[947ec526-030f-41cc-8af7-a6f75e712ab0:c1264, c447b9b6-dde2-4ce7-aa81-d0e2eddc8fe9:c1262, 28b540ac-241d-462a-a56c-509e92928066:c1262]
2019-08-20 22:34:15,841 [grpc-default-executor-3] INFO  client.GrpcClientProtocolClient (GrpcClientProtocolClient.java:onNext(255)) - client-391BA870FC40->947ec526-030f-41cc-8af7-a6f75e712ab0: receive RaftClientReply:client-391BA870FC40->947ec526-030f-41cc-8af7-a6f75e712ab0@group-5D45C35602B2, cid=938, SUCCESS, logIndex=1264, commits[947ec526-030f-41cc-8af7-a6f75e712ab0:c1264, c447b9b6-dde2-4ce7-aa81-d0e2eddc8fe9:c1262, 28b540ac-241d-462a-a56c-509e92928066:c1262]
2019-08-20 22:34:15,852 | INFO  | DNAudit | user=null | ip=null | op=WRITE_CHUNK {blockData=conID: 1 locID: 102651687806304693 bcsId: 0} | ret=SUCCESS |  
2019-08-20 22:34:15,852 | INFO  | DNAudit | user=null | ip=null | op=PUT_BLOCK {blockData=[blockId=conID: 1 locID: 102651687806304693 bcsId: 0,size=2097152]} | ret=SUCCESS |  
2019-08-20 22:34:15,852 [grpc-default-executor-4] INFO  client.GrpcClientProtocolClient (GrpcClientProtocolClient.java:onNext(255)) - client-391BA870FC40->947ec526-030f-41cc-8af7-a6f75e712ab0: receive RaftClientReply:client-391BA870FC40->947ec526-030f-41cc-8af7-a6f75e712ab0@group-5D45C35602B2, cid=939, SUCCESS, logIndex=1265, commits[947ec526-030f-41cc-8af7-a6f75e712ab0:c1266, c447b9b6-dde2-4ce7-aa81-d0e2eddc8fe9:c1262, 28b540ac-241d-462a-a56c-509e92928066:c1262]
2019-08-20 22:34:15,853 [grpc-default-executor-4] INFO  client.GrpcClientProtocolClient (GrpcClientProtocolClient.java:onNext(255)) - client-391BA870FC40->947ec526-030f-41cc-8af7-a6f75e712ab0: receive RaftClientReply:client-391BA870FC40->947ec526-030f-41cc-8af7-a6f75e712ab0@group-5D45C35602B2, cid=940, SUCCESS, logIndex=1266, commits[947ec526-030f-41cc-8af7-a6f75e712ab0:c1266, c447b9b6-dde2-4ce7-aa81-d0e2eddc8fe9:c1262, 28b540ac-241d-462a-a56c-509e92928066:c1262]
2019-08-20 22:34:15,865 | INFO  | DNAudit | user=null | ip=null | op=WRITE_CHUNK {blockData=conID: 1 locID: 102651687806304693 bcsId: 0} | ret=SUCCESS |  
2019-08-20 22:34:15,865 | INFO  | DNAudit | user=null | ip=null | op=WRITE_CHUNK {blockData=conID: 1 locID: 102651687806304693 bcsId: 0} | ret=SUCCESS |  
2019-08-20 22:34:15,865 | INFO  | DNAudit | user=null | ip=null | op=PUT_BLOCK {blockData=[blockId=conID: 1 locID: 102651687806304693 bcsId: 0,size=1048576]} | ret=SUCCESS |  
2019-08-20 22:34:15,865 | INFO  | DNAudit | user=null | ip=null | op=PUT_BLOCK {blockData=[blockId=conID: 1 locID: 102651687806304693 bcsId: 0,size=1048576]} | ret=SUCCESS |  
2019-08-20 22:34:15,865 [grpc-default-executor-4] INFO  client.GrpcClientProtocolClient (GrpcClientProtocolClient.java:onNext(255)) - client-391BA870FC40->947ec526-030f-41cc-8af7-a6f75e712ab0: receive RaftClientReply:client-391BA870FC40->947ec526-030f-41cc-8af7-a6f75e712ab0@group-5D45C35602B2, cid=941, SUCCESS, logIndex=0, commits[947ec526-030f-41cc-8af7-a6f75e712ab0:c1268, c447b9b6-dde2-4ce7-aa81-d0e2eddc8fe9:c1264, 28b540ac-241d-462a-a56c-509e92928066:c1264]
2019-08-20 22:34:15,872 | INFO  | DNAudit | user=null | ip=null | op=WRITE_CHUNK {blockData=conID: 1 locID: 102651687806304693 bcsId: 1266} | ret=SUCCESS |  
2019-08-20 22:34:15,875 | INFO  | DNAudit | user=null | ip=null | op=WRITE_CHUNK {blockData=conID: 1 locID: 102651687806304693 bcsId: 1266} | ret=SUCCESS |  
2019-08-20 22:34:15,875 | INFO  | DNAudit | user=null | ip=null | op=WRITE_CHUNK {blockData=conID: 1 locID: 102651687806304693 bcsId: 1266} | ret=SUCCESS |  
2019-08-20 22:34:15,878 | INFO  | DNAudit | user=null | ip=null | op=WRITE_CHUNK {blockData=conID: 1 locID: 102651687806304693 bcsId: 0} | ret=SUCCESS |  
2019-08-20 22:34:15,878 | INFO  | DNAudit | user=null | ip=null | op=WRITE_CHUNK {blockData=conID: 1 locID: 102651687806304693 bcsId: 0} | ret=SUCCESS |  
2019-08-20 22:34:15,878 | INFO  | DNAudit | user=null | ip=null | op=PUT_BLOCK {blockData=[blockId=conID: 1 locID: 102651687806304693 bcsId: 0,size=2097152]} | ret=SUCCESS |  
2019-08-20 22:34:15,878 | INFO  | DNAudit | user=null | ip=null | op=PUT_BLOCK {blockData=[blockId=conID: 1 locID: 102651687806304693 bcsId: 0,size=2097152]} | ret=SUCCESS |  
2019-08-20 22:34:15,888 | INFO  | DNAudit | user=null | ip=null | op=WRITE_CHUNK {blockData=conID: 1 locID: 102651687806304693 bcsId: 1266} | ret=SUCCESS |  
2019-08-20 22:34:15,888 | INFO  | DNAudit | user=null | ip=null | op=PUT_BLOCK {blockData=[blockId=conID: 1 locID: 102651687806304693 bcsId: 0,size=3145728]} | ret=SUCCESS |  
2019-08-20 22:34:15,889 [grpc-default-executor-5] INFO  client.GrpcClientProtocolClient (GrpcClientProtocolClient.java:onNext(255)) - client-391BA870FC40->947ec526-030f-41cc-8af7-a6f75e712ab0: receive RaftClientReply:client-391BA870FC40->947ec526-030f-41cc-8af7-a6f75e712ab0@group-5D45C35602B2, cid=942, SUCCESS, logIndex=1271, commits[947ec526-030f-41cc-8af7-a6f75e712ab0:c1272, c447b9b6-dde2-4ce7-aa81-d0e2eddc8fe9:c1268, 28b540ac-241d-462a-a56c-509e92928066:c1268]
2019-08-20 22:34:15,889 [grpc-default-executor-5] INFO  client.GrpcClientProtocolClient (GrpcClientProtocolClient.java:onNext(255)) - client-391BA870FC40->947ec526-030f-41cc-8af7-a6f75e712ab0: receive RaftClientReply:client-391BA870FC40->947ec526-030f-41cc-8af7-a6f75e712ab0@group-5D45C35602B2, cid=943, SUCCESS, logIndex=1272, commits[947ec526-030f-41cc-8af7-a6f75e712ab0:c1272, c447b9b6-dde2-4ce7-aa81-d0e2eddc8fe9:c1268, 28b540ac-241d-462a-a56c-509e92928066:c1268]
2019-08-20 22:34:15,896 | INFO  | DNAudit | user=null | ip=null | op=WRITE_CHUNK {blockData=conID: 1 locID: 102651687806304693 bcsId: 1272} | ret=SUCCESS |  
2019-08-20 22:34:15,898 | INFO  | DNAudit | user=null | ip=null | op=WRITE_CHUNK {blockData=conID: 1 locID: 102651687806304693 bcsId: 1266} | ret=SUCCESS |  
2019-08-20 22:34:15,898 | INFO  | DNAudit | user=null | ip=null | op=WRITE_CHUNK {blockData=conID: 1 locID: 102651687806304693 bcsId: 1272} | ret=SUCCESS |  
2019-08-20 22:34:15,898 | INFO  | DNAudit | user=null | ip=null | op=WRITE_CHUNK {blockData=conID: 1 locID: 102651687806304693 bcsId: 1266} | ret=SUCCESS |  
2019-08-20 22:34:15,898 | INFO  | DNAudit | user=null | ip=null | op=WRITE_CHUNK {blockData=conID: 1 locID: 102651687806304693 bcsId: 1272} | ret=SUCCESS |  
2019-08-20 22:34:15,902 | INFO  | DNAudit | user=null | ip=null | op=PUT_BLOCK {blockData=[blockId=conID: 1 locID: 102651687806304693 bcsId: 0,size=3145728]} | ret=SUCCESS |  
2019-08-20 22:34:15,902 | INFO  | DNAudit | user=null | ip=null | op=PUT_BLOCK {blockData=[blockId=conID: 1 locID: 102651687806304693 bcsId: 0,size=3145728]} | ret=SUCCESS |  
2019-08-20 22:34:15,903 | INFO  | DNAudit | user=null | ip=null | op=WRITE_CHUNK {blockData=conID: 1 locID: 102651687806304693 bcsId: 1272} | ret=SUCCESS |  
2019-08-20 22:34:15,903 | INFO  | DNAudit | user=null | ip=null | op=PUT_BLOCK {blockData=[blockId=conID: 1 locID: 102651687806304693 bcsId: 0,size=4194304]} | ret=SUCCESS |  
2019-08-20 22:34:15,903 [grpc-default-executor-4] INFO  client.GrpcClientProtocolClient (GrpcClientProtocolClient.java:onNext(255)) - client-391BA870FC40->947ec526-030f-41cc-8af7-a6f75e712ab0: receive RaftClientReply:client-391BA870FC40->947ec526-030f-41cc-8af7-a6f75e712ab0@group-5D45C35602B2, cid=944, SUCCESS, logIndex=1275, commits[947ec526-030f-41cc-8af7-a6f75e712ab0:c1275, c447b9b6-dde2-4ce7-aa81-d0e2eddc8fe9:c1272, 28b540ac-241d-462a-a56c-509e92928066:c1272]
2019-08-20 22:34:15,904 [grpc-default-executor-4] INFO  client.GrpcClientProtocolClient (GrpcClientProtocolClient.java:onNext(255)) - client-391BA870FC40->947ec526-030f-41cc-8af7-a6f75e712ab0: receive RaftClientReply:client-391BA870FC40->947ec526-030f-41cc-8af7-a6f75e712ab0@group-5D45C35602B2, cid=945, SUCCESS, logIndex=1276, commits[947ec526-030f-41cc-8af7-a6f75e712ab0:c1276, c447b9b6-dde2-4ce7-aa81-d0e2eddc8fe9:c1272, 28b540ac-241d-462a-a56c-509e92928066:c1272]
2019-08-20 22:34:15,915 | INFO  | DNAudit | user=null | ip=null | op=WRITE_CHUNK {blockData=conID: 1 locID: 102651687806304693 bcsId: 1272} | ret=SUCCESS |  
2019-08-20 22:34:15,915 | INFO  | DNAudit | user=null | ip=null | op=WRITE_CHUNK {blockData=conID: 1 locID: 102651687806304693 bcsId: 1272} | ret=SUCCESS |  
2019-08-20 22:34:15,920 | INFO  | DNAudit | user=null | ip=null | op=PUT_BLOCK {blockData=[blockId=conID: 1 locID: 102651687806304693 bcsId: 0,size=4194304]} | ret=SUCCESS |  
2019-08-20 22:34:15,921 | INFO  | DNAudit | user=null | ip=null | op=PUT_BLOCK {blockData=[blockId=conID: 1 locID: 102651687806304693 bcsId: 0,size=4194304]} | ret=SUCCESS |  
2019-08-20 22:34:15,921 [grpc-default-executor-4] INFO  client.GrpcClientProtocolClient (GrpcClientProtocolClient.java:onNext(255)) - client-391BA870FC40->947ec526-030f-41cc-8af7-a6f75e712ab0: receive RaftClientReply:client-391BA870FC40->947ec526-030f-41cc-8af7-a6f75e712ab0@group-5D45C35602B2, cid=946, SUCCESS, logIndex=0, commits[947ec526-030f-41cc-8af7-a6f75e712ab0:c1278, c447b9b6-dde2-4ce7-aa81-d0e2eddc8fe9:c1276, 28b540ac-241d-462a-a56c-509e92928066:c1276]
2019-08-20 22:34:15,928 | INFO  | DNAudit | user=null | ip=null | op=WRITE_CHUNK {blockData=conID: 2 locID: 102651687806304694 bcsId: 0} | ret=SUCCESS |  
2019-08-20 22:34:15,930 | INFO  | DNAudit | user=null | ip=null | op=WRITE_CHUNK {blockData=conID: 2 locID: 102651687806304694 bcsId: 0} | ret=SUCCESS |  
2019-08-20 22:34:15,931 | INFO  | DNAudit | user=null | ip=null | op=WRITE_CHUNK {blockData=conID: 2 locID: 102651687806304694 bcsId: 0} | ret=SUCCESS |  
2019-08-20 22:34:15,931 | INFO  | DNAudit | user=null | ip=null | op=WRITE_CHUNK {blockData=conID: 2 locID: 102651687806304694 bcsId: 0} | ret=SUCCESS |  
2019-08-20 22:34:15,932 | INFO  | DNAudit | user=null | ip=null | op=WRITE_CHUNK {blockData=conID: 2 locID: 102651687806304694 bcsId: 0} | ret=SUCCESS |  
2019-08-20 22:34:15,932 | INFO  | DNAudit | user=null | ip=null | op=WRITE_CHUNK {blockData=conID: 2 locID: 102651687806304694 bcsId: 0} | ret=SUCCESS |  
2019-08-20 22:34:15,943 | INFO  | DNAudit | user=null | ip=null | op=WRITE_CHUNK {blockData=conID: 2 locID: 102651687806304694 bcsId: 0} | ret=SUCCESS |  
2019-08-20 22:34:15,943 | INFO  | DNAudit | user=null | ip=null | op=PUT_BLOCK {blockData=[blockId=conID: 2 locID: 102651687806304694 bcsId: 0,size=1048576]} | ret=SUCCESS |  
2019-08-20 22:34:15,943 [grpc-default-executor-5] INFO  client.GrpcClientProtocolClient (GrpcClientProtocolClient.java:onNext(255)) - client-391BA870FC40->947ec526-030f-41cc-8af7-a6f75e712ab0: receive RaftClientReply:client-391BA870FC40->947ec526-030f-41cc-8af7-a6f75e712ab0@group-5D45C35602B2, cid=947, SUCCESS, logIndex=1279, commits[947ec526-030f-41cc-8af7-a6f75e712ab0:c1282, c447b9b6-dde2-4ce7-aa81-d0e2eddc8fe9:c1278, 28b540ac-241d-462a-a56c-509e92928066:c1278]
2019-08-20 22:34:15,944 | INFO  | DNAudit | user=null | ip=null | op=WRITE_CHUNK {blockData=conID: 2 locID: 102651687806304694 bcsId: 0} | ret=SUCCESS |  
2019-08-20 22:34:15,944 [grpc-default-executor-5] INFO  client.GrpcClientProtocolClient (GrpcClientProtocolClient.java:onNext(255)) - client-391BA870FC40->947ec526-030f-41cc-8af7-a6f75e712ab0: receive RaftClientReply:client-391BA870FC40->947ec526-030f-41cc-8af7-a6f75e712ab0@group-5D45C35602B2, cid=948, SUCCESS, logIndex=1280, commits[947ec526-030f-41cc-8af7-a6f75e712ab0:c1282, c447b9b6-dde2-4ce7-aa81-d0e2eddc8fe9:c1278, 28b540ac-241d-462a-a56c-509e92928066:c1278]
2019-08-20 22:34:15,944 | INFO  | DNAudit | user=null | ip=null | op=PUT_BLOCK {blockData=[blockId=conID: 2 locID: 102651687806304694 bcsId: 0,size=2097152]} | ret=SUCCESS |  
2019-08-20 22:34:15,944 [grpc-default-executor-5] INFO  client.GrpcClientProtocolClient (GrpcClientProtocolClient.java:onNext(255)) - client-391BA870FC40->947ec526-030f-41cc-8af7-a6f75e712ab0: receive RaftClientReply:client-391BA870FC40->947ec526-030f-41cc-8af7-a6f75e712ab0@group-5D45C35602B2, cid=949, SUCCESS, logIndex=1281, commits[947ec526-030f-41cc-8af7-a6f75e712ab0:c1282, c447b9b6-dde2-4ce7-aa81-d0e2eddc8fe9:c1278, 28b540ac-241d-462a-a56c-509e92928066:c1278]
2019-08-20 22:34:15,945 [grpc-default-executor-5] INFO  client.GrpcClientProtocolClient (GrpcClientProtocolClient.java:onNext(255)) - client-391BA870FC40->947ec526-030f-41cc-8af7-a6f75e712ab0: receive RaftClientReply:client-391BA870FC40->947ec526-030f-41cc-8af7-a6f75e712ab0@group-5D45C35602B2, cid=950, SUCCESS, logIndex=1282, commits[947ec526-030f-41cc-8af7-a6f75e712ab0:c1282, c447b9b6-dde2-4ce7-aa81-d0e2eddc8fe9:c1278, 28b540ac-241d-462a-a56c-509e92928066:c1278]
2019-08-20 22:34:15,961 | INFO  | DNAudit | user=null | ip=null | op=WRITE_CHUNK {blockData=conID: 2 locID: 102651687806304694 bcsId: 0} | ret=SUCCESS |  
2019-08-20 22:34:15,962 | INFO  | DNAudit | user=null | ip=null | op=WRITE_CHUNK {blockData=conID: 2 locID: 102651687806304694 bcsId: 0} | ret=SUCCESS |  
2019-08-20 22:34:15,962 | INFO  | DNAudit | user=null | ip=null | op=PUT_BLOCK {blockData=[blockId=conID: 2 locID: 102651687806304694 bcsId: 0,size=1048576]} | ret=SUCCESS |  
2019-08-20 22:34:15,963 | INFO  | DNAudit | user=null | ip=null | op=WRITE_CHUNK {blockData=conID: 2 locID: 102651687806304694 bcsId: 0} | ret=SUCCESS |  
2019-08-20 22:34:15,963 | INFO  | DNAudit | user=null | ip=null | op=PUT_BLOCK {blockData=[blockId=conID: 2 locID: 102651687806304694 bcsId: 0,size=2097152]} | ret=SUCCESS |  
2019-08-20 22:34:15,964 | INFO  | DNAudit | user=null | ip=null | op=PUT_BLOCK {blockData=[blockId=conID: 2 locID: 102651687806304694 bcsId: 0,size=1048576]} | ret=SUCCESS |  
2019-08-20 22:34:15,964 | INFO  | DNAudit | user=null | ip=null | op=WRITE_CHUNK {blockData=conID: 2 locID: 102651687806304694 bcsId: 0} | ret=SUCCESS |  
2019-08-20 22:34:15,964 | INFO  | DNAudit | user=null | ip=null | op=PUT_BLOCK {blockData=[blockId=conID: 2 locID: 102651687806304694 bcsId: 0,size=2097152]} | ret=SUCCESS |  
2019-08-20 22:34:15,964 [grpc-default-executor-5] INFO  client.GrpcClientProtocolClient (GrpcClientProtocolClient.java:onNext(255)) - client-391BA870FC40->947ec526-030f-41cc-8af7-a6f75e712ab0: receive RaftClientReply:client-391BA870FC40->947ec526-030f-41cc-8af7-a6f75e712ab0@group-5D45C35602B2, cid=951, SUCCESS, logIndex=0, commits[947ec526-030f-41cc-8af7-a6f75e712ab0:c1286, c447b9b6-dde2-4ce7-aa81-d0e2eddc8fe9:c1280, 28b540ac-241d-462a-a56c-509e92928066:c1282]
2019-08-20 22:34:15,971 | INFO  | DNAudit | user=null | ip=null | op=WRITE_CHUNK {blockData=conID: 2 locID: 102651687806304694 bcsId: 1282} | ret=SUCCESS |  
2019-08-20 22:34:15,973 | INFO  | DNAudit | user=null | ip=null | op=WRITE_CHUNK {blockData=conID: 2 locID: 102651687806304694 bcsId: 1282} | ret=SUCCESS |  
2019-08-20 22:34:15,973 | INFO  | DNAudit | user=null | ip=null | op=WRITE_CHUNK {blockData=conID: 2 locID: 102651687806304694 bcsId: 1282} | ret=SUCCESS |  
2019-08-20 22:34:15,976 | INFO  | DNAudit | user=null | ip=null | op=WRITE_CHUNK {blockData=conID: 2 locID: 102651687806304694 bcsId: 1282} | ret=SUCCESS |  
2019-08-20 22:34:15,976 | INFO  | DNAudit | user=null | ip=null | op=PUT_BLOCK {blockData=[blockId=conID: 2 locID: 102651687806304694 bcsId: 0,size=3145728]} | ret=SUCCESS |  
2019-08-20 22:34:15,976 [grpc-default-executor-4] INFO  client.GrpcClientProtocolClient (GrpcClientProtocolClient.java:onNext(255)) - client-391BA870FC40->947ec526-030f-41cc-8af7-a6f75e712ab0: receive RaftClientReply:client-391BA870FC40->947ec526-030f-41cc-8af7-a6f75e712ab0@group-5D45C35602B2, cid=952, SUCCESS, logIndex=1287, commits[947ec526-030f-41cc-8af7-a6f75e712ab0:c1288, c447b9b6-dde2-4ce7-aa81-d0e2eddc8fe9:c1286, 28b540ac-241d-462a-a56c-509e92928066:c1286]
2019-08-20 22:34:15,977 [grpc-default-executor-4] INFO  client.GrpcClientProtocolClient (GrpcClientProtocolClient.java:onNext(255)) - client-391BA870FC40->947ec526-030f-41cc-8af7-a6f75e712ab0: receive RaftClientReply:client-391BA870FC40->947ec526-030f-41cc-8af7-a6f75e712ab0@group-5D45C35602B2, cid=953, SUCCESS, logIndex=1288, commits[947ec526-030f-41cc-8af7-a6f75e712ab0:c1288, c447b9b6-dde2-4ce7-aa81-d0e2eddc8fe9:c1286, 28b540ac-241d-462a-a56c-509e92928066:c1286]
2019-08-20 22:34:15,982 | INFO  | DNAudit | user=null | ip=null | op=WRITE_CHUNK {blockData=conID: 2 locID: 102651687806304694 bcsId: 1288} | ret=SUCCESS |  
2019-08-20 22:34:15,985 | INFO  | DNAudit | user=null | ip=null | op=WRITE_CHUNK {blockData=conID: 2 locID: 102651687806304694 bcsId: 1288} | ret=SUCCESS |  
2019-08-20 22:34:15,985 | INFO  | DNAudit | user=null | ip=null | op=WRITE_CHUNK {blockData=conID: 2 locID: 102651687806304694 bcsId: 1288} | ret=SUCCESS |  
2019-08-20 22:34:15,988 | INFO  | DNAudit | user=null | ip=null | op=WRITE_CHUNK {blockData=conID: 2 locID: 102651687806304694 bcsId: 1282} | ret=SUCCESS |  
2019-08-20 22:34:15,988 | INFO  | DNAudit | user=null | ip=null | op=WRITE_CHUNK {blockData=conID: 2 locID: 102651687806304694 bcsId: 1282} | ret=SUCCESS |  
2019-08-20 22:34:15,990 | INFO  | DNAudit | user=null | ip=null | op=PUT_BLOCK {blockData=[blockId=conID: 2 locID: 102651687806304694 bcsId: 0,size=3145728]} | ret=SUCCESS |  
2019-08-20 22:34:15,990 | INFO  | DNAudit | user=null | ip=null | op=PUT_BLOCK {blockData=[blockId=conID: 2 locID: 102651687806304694 bcsId: 0,size=3145728]} | ret=SUCCESS |  
2019-08-20 22:34:15,991 | INFO  | DNAudit | user=null | ip=null | op=WRITE_CHUNK {blockData=conID: 2 locID: 102651687806304694 bcsId: 1288} | ret=SUCCESS |  
2019-08-20 22:34:15,991 | INFO  | DNAudit | user=null | ip=null | op=PUT_BLOCK {blockData=[blockId=conID: 2 locID: 102651687806304694 bcsId: 0,size=4194304]} | ret=SUCCESS |  
2019-08-20 22:34:15,991 [grpc-default-executor-5] INFO  client.GrpcClientProtocolClient (GrpcClientProtocolClient.java:onNext(255)) - client-391BA870FC40->947ec526-030f-41cc-8af7-a6f75e712ab0: receive RaftClientReply:client-391BA870FC40->947ec526-030f-41cc-8af7-a6f75e712ab0@group-5D45C35602B2, cid=954, SUCCESS, logIndex=1291, commits[947ec526-030f-41cc-8af7-a6f75e712ab0:c1292, c447b9b6-dde2-4ce7-aa81-d0e2eddc8fe9:c1288, 28b540ac-241d-462a-a56c-509e92928066:c1288]
2019-08-20 22:34:15,992 [grpc-default-executor-5] INFO  client.GrpcClientProtocolClient (GrpcClientProtocolClient.java:onNext(255)) - client-391BA870FC40->947ec526-030f-41cc-8af7-a6f75e712ab0: receive RaftClientReply:client-391BA870FC40->947ec526-030f-41cc-8af7-a6f75e712ab0@group-5D45C35602B2, cid=955, SUCCESS, logIndex=1292, commits[947ec526-030f-41cc-8af7-a6f75e712ab0:c1292, c447b9b6-dde2-4ce7-aa81-d0e2eddc8fe9:c1288, 28b540ac-241d-462a-a56c-509e92928066:c1288]
2019-08-20 22:34:16,004 | INFO  | DNAudit | user=null | ip=null | op=WRITE_CHUNK {blockData=conID: 2 locID: 102651687806304694 bcsId: 1288} | ret=SUCCESS |  
2019-08-20 22:34:16,004 | INFO  | DNAudit | user=null | ip=null | op=WRITE_CHUNK {blockData=conID: 2 locID: 102651687806304694 bcsId: 1288} | ret=SUCCESS |  
2019-08-20 22:34:16,017 | INFO  | DNAudit | user=null | ip=null | op=PUT_BLOCK {blockData=[blockId=conID: 2 locID: 102651687806304694 bcsId: 0,size=4194304]} | ret=SUCCESS |  
2019-08-20 22:34:16,017 | INFO  | DNAudit | user=null | ip=null | op=PUT_BLOCK {blockData=[blockId=conID: 2 locID: 102651687806304694 bcsId: 0,size=4194304]} | ret=SUCCESS |  
2019-08-20 22:34:16,018 [grpc-default-executor-5] INFO  client.GrpcClientProtocolClient (GrpcClientProtocolClient.java:onNext(255)) - client-391BA870FC40->947ec526-030f-41cc-8af7-a6f75e712ab0: receive RaftClientReply:client-391BA870FC40->947ec526-030f-41cc-8af7-a6f75e712ab0@group-5D45C35602B2, cid=956, SUCCESS, logIndex=0, commits[947ec526-030f-41cc-8af7-a6f75e712ab0:c1294, c447b9b6-dde2-4ce7-aa81-d0e2eddc8fe9:c1292, 28b540ac-241d-462a-a56c-509e92928066:c1292]
2019-08-20 22:34:16,024 | INFO  | DNAudit | user=null | ip=null | op=WRITE_CHUNK {blockData=conID: 3 locID: 102651687806304695 bcsId: 0} | ret=SUCCESS |  
2019-08-20 22:34:16,027 | INFO  | DNAudit | user=null | ip=null | op=WRITE_CHUNK {blockData=conID: 3 locID: 102651687806304695 bcsId: 0} | ret=SUCCESS |  
2019-08-20 22:34:16,027 | INFO  | DNAudit | user=null | ip=null | op=WRITE_CHUNK {blockData=conID: 3 locID: 102651687806304695 bcsId: 0} | ret=SUCCESS |  
2019-08-20 22:34:16,027 | INFO  | DNAudit | user=null | ip=null | op=WRITE_CHUNK {blockData=conID: 3 locID: 102651687806304695 bcsId: 0} | ret=SUCCESS |  
2019-08-20 22:34:16,028 | INFO  | DNAudit | user=null | ip=null | op=WRITE_CHUNK {blockData=conID: 3 locID: 102651687806304695 bcsId: 0} | ret=SUCCESS |  
2019-08-20 22:34:16,028 | INFO  | DNAudit | user=null | ip=null | op=WRITE_CHUNK {blockData=conID: 3 locID: 102651687806304695 bcsId: 0} | ret=SUCCESS |  
2019-08-20 22:34:16,037 | INFO  | DNAudit | user=null | ip=null | op=WRITE_CHUNK {blockData=conID: 3 locID: 102651687806304695 bcsId: 0} | ret=SUCCESS |  
2019-08-20 22:34:16,038 | INFO  | DNAudit | user=null | ip=null | op=PUT_BLOCK {blockData=[blockId=conID: 3 locID: 102651687806304695 bcsId: 0,size=1048576]} | ret=SUCCESS |  
2019-08-20 22:34:16,038 [grpc-default-executor-2] INFO  client.GrpcClientProtocolClient (GrpcClientProtocolClient.java:onNext(255)) - client-391BA870FC40->947ec526-030f-41cc-8af7-a6f75e712ab0: receive RaftClientReply:client-391BA870FC40->947ec526-030f-41cc-8af7-a6f75e712ab0@group-5D45C35602B2, cid=957, SUCCESS, logIndex=1295, commits[947ec526-030f-41cc-8af7-a6f75e712ab0:c1296, c447b9b6-dde2-4ce7-aa81-d0e2eddc8fe9:c1294, 28b540ac-241d-462a-a56c-509e92928066:c1294]
2019-08-20 22:34:16,038 [grpc-default-executor-2] INFO  client.GrpcClientProtocolClient (GrpcClientProtocolClient.java:onNext(255)) - client-391BA870FC40->947ec526-030f-41cc-8af7-a6f75e712ab0: receive RaftClientReply:client-391BA870FC40->947ec526-030f-41cc-8af7-a6f75e712ab0@group-5D45C35602B2, cid=958, SUCCESS, logIndex=1296, commits[947ec526-030f-41cc-8af7-a6f75e712ab0:c1296, c447b9b6-dde2-4ce7-aa81-d0e2eddc8fe9:c1294, 28b540ac-241d-462a-a56c-509e92928066:c1294]
2019-08-20 22:34:16,048 | INFO  | DNAudit | user=null | ip=null | op=WRITE_CHUNK {blockData=conID: 3 locID: 102651687806304695 bcsId: 0} | ret=SUCCESS |  
2019-08-20 22:34:16,048 | INFO  | DNAudit | user=null | ip=null | op=PUT_BLOCK {blockData=[blockId=conID: 3 locID: 102651687806304695 bcsId: 0,size=2097152]} | ret=SUCCESS |  
2019-08-20 22:34:16,048 [grpc-default-executor-2] INFO  client.GrpcClientProtocolClient (GrpcClientProtocolClient.java:onNext(255)) - client-391BA870FC40->947ec526-030f-41cc-8af7-a6f75e712ab0: receive RaftClientReply:client-391BA870FC40->947ec526-030f-41cc-8af7-a6f75e712ab0@group-5D45C35602B2, cid=959, SUCCESS, logIndex=1297, commits[947ec526-030f-41cc-8af7-a6f75e712ab0:c1298, c447b9b6-dde2-4ce7-aa81-d0e2eddc8fe9:c1294, 28b540ac-241d-462a-a56c-509e92928066:c1294]
2019-08-20 22:34:16,048 [grpc-default-executor-2] INFO  client.GrpcClientProtocolClient (GrpcClientProtocolClient.java:onNext(255)) - client-391BA870FC40->947ec526-030f-41cc-8af7-a6f75e712ab0: receive RaftClientReply:client-391BA870FC40->947ec526-030f-41cc-8af7-a6f75e712ab0@group-5D45C35602B2, cid=960, SUCCESS, logIndex=1298, commits[947ec526-030f-41cc-8af7-a6f75e712ab0:c1298, c447b9b6-dde2-4ce7-aa81-d0e2eddc8fe9:c1294, 28b540ac-241d-462a-a56c-509e92928066:c1294]
2019-08-20 22:34:16,049 | INFO  | DNAudit | user=null | ip=null | op=WRITE_CHUNK {blockData=conID: 3 locID: 102651687806304695 bcsId: 0} | ret=SUCCESS |  
2019-08-20 22:34:16,050 | INFO  | DNAudit | user=null | ip=null | op=WRITE_CHUNK {blockData=conID: 3 locID: 102651687806304695 bcsId: 0} | ret=SUCCESS |  
2019-08-20 22:34:16,050 | INFO  | DNAudit | user=null | ip=null | op=PUT_BLOCK {blockData=[blockId=conID: 3 locID: 102651687806304695 bcsId: 0,size=1048576]} | ret=SUCCESS |  
2019-08-20 22:34:16,050 | INFO  | DNAudit | user=null | ip=null | op=PUT_BLOCK {blockData=[blockId=conID: 3 locID: 102651687806304695 bcsId: 0,size=1048576]} | ret=SUCCESS |  
2019-08-20 22:34:16,050 [grpc-default-executor-2] INFO  client.GrpcClientProtocolClient (GrpcClientProtocolClient.java:onNext(255)) - client-391BA870FC40->947ec526-030f-41cc-8af7-a6f75e712ab0: receive RaftClientReply:client-391BA870FC40->947ec526-030f-41cc-8af7-a6f75e712ab0@group-5D45C35602B2, cid=961, SUCCESS, logIndex=0, commits[947ec526-030f-41cc-8af7-a6f75e712ab0:c1298, c447b9b6-dde2-4ce7-aa81-d0e2eddc8fe9:c1296, 28b540ac-241d-462a-a56c-509e92928066:c1296]
2019-08-20 22:34:16,057 | INFO  | DNAudit | user=null | ip=null | op=WRITE_CHUNK {blockData=conID: 3 locID: 102651687806304695 bcsId: 1298} | ret=SUCCESS |  
2019-08-20 22:34:16,059 | INFO  | DNAudit | user=null | ip=null | op=WRITE_CHUNK {blockData=conID: 3 locID: 102651687806304695 bcsId: 1298} | ret=SUCCESS |  
2019-08-20 22:34:16,059 | INFO  | DNAudit | user=null | ip=null | op=WRITE_CHUNK {blockData=conID: 3 locID: 102651687806304695 bcsId: 1298} | ret=SUCCESS |  
2019-08-20 22:34:16,074 | INFO  | DNAudit | user=null | ip=null | op=WRITE_CHUNK {blockData=conID: 3 locID: 102651687806304695 bcsId: 0} | ret=SUCCESS |  
2019-08-20 22:34:16,074 | INFO  | DNAudit | user=null | ip=null | op=WRITE_CHUNK {blockData=conID: 3 locID: 102651687806304695 bcsId: 0} | ret=SUCCESS |  
2019-08-20 22:34:16,074 | INFO  | DNAudit | user=null | ip=null | op=PUT_BLOCK {blockData=[blockId=conID: 3 locID: 102651687806304695 bcsId: 0,size=2097152]} | ret=SUCCESS |  
2019-08-20 22:34:16,074 | INFO  | DNAudit | user=null | ip=null | op=WRITE_CHUNK {blockData=conID: 3 locID: 102651687806304695 bcsId: 1298} | ret=SUCCESS |  
2019-08-20 22:34:16,074 | INFO  | DNAudit | user=null | ip=null | op=PUT_BLOCK {blockData=[blockId=conID: 3 locID: 102651687806304695 bcsId: 0,size=2097152]} | ret=SUCCESS |  
2019-08-20 22:34:16,075 | INFO  | DNAudit | user=null | ip=null | op=PUT_BLOCK {blockData=[blockId=conID: 3 locID: 102651687806304695 bcsId: 0,size=3145728]} | ret=SUCCESS |  
2019-08-20 22:34:16,075 [grpc-default-executor-3] INFO  client.GrpcClientProtocolClient (GrpcClientProtocolClient.java:onNext(255)) - client-391BA870FC40->947ec526-030f-41cc-8af7-a6f75e712ab0: receive RaftClientReply:client-391BA870FC40->947ec526-030f-41cc-8af7-a6f75e712ab0@group-5D45C35602B2, cid=962, SUCCESS, logIndex=1303, commits[947ec526-030f-41cc-8af7-a6f75e712ab0:c1304, c447b9b6-dde2-4ce7-aa81-d0e2eddc8fe9:c1298, 28b540ac-241d-462a-a56c-509e92928066:c1298]
2019-08-20 22:34:16,075 [grpc-default-executor-3] INFO  client.GrpcClientProtocolClient (GrpcClientProtocolClient.java:onNext(255)) - client-391BA870FC40->947ec526-030f-41cc-8af7-a6f75e712ab0: receive RaftClientReply:client-391BA870FC40->947ec526-030f-41cc-8af7-a6f75e712ab0@group-5D45C35602B2, cid=963, SUCCESS, logIndex=1304, commits[947ec526-030f-41cc-8af7-a6f75e712ab0:c1304, c447b9b6-dde2-4ce7-aa81-d0e2eddc8fe9:c1298, 28b540ac-241d-462a-a56c-509e92928066:c1298]
2019-08-20 22:34:16,081 | INFO  | DNAudit | user=null | ip=null | op=WRITE_CHUNK {blockData=conID: 3 locID: 102651687806304695 bcsId: 1304} | ret=SUCCESS |  
2019-08-20 22:34:16,084 | INFO  | DNAudit | user=null | ip=null | op=WRITE_CHUNK {blockData=conID: 3 locID: 102651687806304695 bcsId: 1304} | ret=SUCCESS |  
2019-08-20 22:34:16,084 | INFO  | DNAudit | user=null | ip=null | op=WRITE_CHUNK {blockData=conID: 3 locID: 102651687806304695 bcsId: 1304} | ret=SUCCESS |  
2019-08-20 22:34:16,087 | INFO  | DNAudit | user=null | ip=null | op=WRITE_CHUNK {blockData=conID: 3 locID: 102651687806304695 bcsId: 1298} | ret=SUCCESS |  
2019-08-20 22:34:16,087 | INFO  | DNAudit | user=null | ip=null | op=WRITE_CHUNK {blockData=conID: 3 locID: 102651687806304695 bcsId: 1298} | ret=SUCCESS |  
2019-08-20 22:34:16,100 | INFO  | DNAudit | user=null | ip=null | op=PUT_BLOCK {blockData=[blockId=conID: 3 locID: 102651687806304695 bcsId: 0,size=3145728]} | ret=SUCCESS |  
2019-08-20 22:34:16,100 | INFO  | DNAudit | user=null | ip=null | op=PUT_BLOCK {blockData=[blockId=conID: 3 locID: 102651687806304695 bcsId: 0,size=3145728]} | ret=SUCCESS |  
2019-08-20 22:34:16,101 | INFO  | DNAudit | user=null | ip=null | op=WRITE_CHUNK {blockData=conID: 3 locID: 102651687806304695 bcsId: 1304} | ret=SUCCESS |  
2019-08-20 22:34:16,101 | INFO  | DNAudit | user=null | ip=null | op=PUT_BLOCK {blockData=[blockId=conID: 3 locID: 102651687806304695 bcsId: 0,size=4194304]} | ret=SUCCESS |  
2019-08-20 22:34:16,101 [grpc-default-executor-4] INFO  client.GrpcClientProtocolClient (GrpcClientProtocolClient.java:onNext(255)) - client-391BA870FC40->947ec526-030f-41cc-8af7-a6f75e712ab0: receive RaftClientReply:client-391BA870FC40->947ec526-030f-41cc-8af7-a6f75e712ab0@group-5D45C35602B2, cid=964, SUCCESS, logIndex=1307, commits[947ec526-030f-41cc-8af7-a6f75e712ab0:c1307, c447b9b6-dde2-4ce7-aa81-d0e2eddc8fe9:c1304, 28b540ac-241d-462a-a56c-509e92928066:c1304]
2019-08-20 22:34:16,101 [grpc-default-executor-4] INFO  client.GrpcClientProtocolClient (GrpcClientProtocolClient.java:onNext(255)) - client-391BA870FC40->947ec526-030f-41cc-8af7-a6f75e712ab0: receive RaftClientReply:client-391BA870FC40->947ec526-030f-41cc-8af7-a6f75e712ab0@group-5D45C35602B2, cid=965, SUCCESS, logIndex=1308, commits[947ec526-030f-41cc-8af7-a6f75e712ab0:c1308, c447b9b6-dde2-4ce7-aa81-d0e2eddc8fe9:c1304, 28b540ac-241d-462a-a56c-509e92928066:c1304]
2019-08-20 22:34:16,114 | INFO  | DNAudit | user=null | ip=null | op=WRITE_CHUNK {blockData=conID: 3 locID: 102651687806304695 bcsId: 1304} | ret=SUCCESS |  
2019-08-20 22:34:16,114 | INFO  | DNAudit | user=null | ip=null | op=WRITE_CHUNK {blockData=conID: 3 locID: 102651687806304695 bcsId: 1304} | ret=SUCCESS |  
2019-08-20 22:34:16,116 | INFO  | DNAudit | user=null | ip=null | op=PUT_BLOCK {blockData=[blockId=conID: 3 locID: 102651687806304695 bcsId: 0,size=4194304]} | ret=SUCCESS |  
2019-08-20 22:34:16,116 | INFO  | DNAudit | user=null | ip=null | op=PUT_BLOCK {blockData=[blockId=conID: 3 locID: 102651687806304695 bcsId: 0,size=4194304]} | ret=SUCCESS |  
2019-08-20 22:34:16,118 [grpc-default-executor-5] INFO  client.GrpcClientProtocolClient (GrpcClientProtocolClient.java:onNext(255)) - client-391BA870FC40->947ec526-030f-41cc-8af7-a6f75e712ab0: receive RaftClientReply:client-391BA870FC40->947ec526-030f-41cc-8af7-a6f75e712ab0@group-5D45C35602B2, cid=966, SUCCESS, logIndex=0, commits[947ec526-030f-41cc-8af7-a6f75e712ab0:c1310, c447b9b6-dde2-4ce7-aa81-d0e2eddc8fe9:c1308, 28b540ac-241d-462a-a56c-509e92928066:c1308]
2019-08-20 22:34:16,127 | INFO  | DNAudit | user=null | ip=null | op=WRITE_CHUNK {blockData=conID: 1 locID: 102651687806304696 bcsId: 0} | ret=SUCCESS |  
2019-08-20 22:34:16,128 | INFO  | DNAudit | user=null | ip=null | op=WRITE_CHUNK {blockData=conID: 1 locID: 102651687806304696 bcsId: 0} | ret=SUCCESS |  
2019-08-20 22:34:16,130 | INFO  | DNAudit | user=null | ip=null | op=WRITE_CHUNK {blockData=conID: 1 locID: 102651687806304696 bcsId: 0} | ret=SUCCESS |  
2019-08-20 22:34:16,130 | INFO  | DNAudit | user=null | ip=null | op=WRITE_CHUNK {blockData=conID: 1 locID: 102651687806304696 bcsId: 0} | ret=SUCCESS |  
2019-08-20 22:34:16,131 | INFO  | DNAudit | user=null | ip=null | op=WRITE_CHUNK {blockData=conID: 1 locID: 102651687806304696 bcsId: 0} | ret=SUCCESS |  
2019-08-20 22:34:16,133 | INFO  | DNAudit | user=null | ip=null | op=WRITE_CHUNK {blockData=conID: 1 locID: 102651687806304696 bcsId: 0} | ret=SUCCESS |  
2019-08-20 22:34:16,139 | INFO  | DNAudit | user=null | ip=null | op=WRITE_CHUNK {blockData=conID: 1 locID: 102651687806304696 bcsId: 0} | ret=SUCCESS |  
2019-08-20 22:34:16,139 | INFO  | DNAudit | user=null | ip=null | op=PUT_BLOCK {blockData=[blockId=conID: 1 locID: 102651687806304696 bcsId: 0,size=1048576]} | ret=SUCCESS |  
2019-08-20 22:34:16,139 | INFO  | DNAudit | user=null | ip=null | op=WRITE_CHUNK {blockData=conID: 1 locID: 102651687806304696 bcsId: 0} | ret=SUCCESS |  
2019-08-20 22:34:16,139 [grpc-default-executor-4] INFO  client.GrpcClientProtocolClient (GrpcClientProtocolClient.java:onNext(255)) - client-391BA870FC40->947ec526-030f-41cc-8af7-a6f75e712ab0: receive RaftClientReply:client-391BA870FC40->947ec526-030f-41cc-8af7-a6f75e712ab0@group-5D45C35602B2, cid=967, SUCCESS, logIndex=1311, commits[947ec526-030f-41cc-8af7-a6f75e712ab0:c1312, c447b9b6-dde2-4ce7-aa81-d0e2eddc8fe9:c1310, 28b540ac-241d-462a-a56c-509e92928066:c1310]
2019-08-20 22:34:16,139 | INFO  | DNAudit | user=null | ip=null | op=PUT_BLOCK {blockData=[blockId=conID: 1 locID: 102651687806304696 bcsId: 0,size=2097152]} | ret=SUCCESS |  
2019-08-20 22:34:16,140 [grpc-default-executor-4] INFO  client.GrpcClientProtocolClient (GrpcClientProtocolClient.java:onNext(255)) - client-391BA870FC40->947ec526-030f-41cc-8af7-a6f75e712ab0: receive RaftClientReply:client-391BA870FC40->947ec526-030f-41cc-8af7-a6f75e712ab0@group-5D45C35602B2, cid=968, SUCCESS, logIndex=1312, commits[947ec526-030f-41cc-8af7-a6f75e712ab0:c1314, c447b9b6-dde2-4ce7-aa81-d0e2eddc8fe9:c1310, 28b540ac-241d-462a-a56c-509e92928066:c1310]
2019-08-20 22:34:16,140 [grpc-default-executor-4] INFO  client.GrpcClientProtocolClient (GrpcClientProtocolClient.java:onNext(255)) - client-391BA870FC40->947ec526-030f-41cc-8af7-a6f75e712ab0: receive RaftClientReply:client-391BA870FC40->947ec526-030f-41cc-8af7-a6f75e712ab0@group-5D45C35602B2, cid=969, SUCCESS, logIndex=1313, commits[947ec526-030f-41cc-8af7-a6f75e712ab0:c1314, c447b9b6-dde2-4ce7-aa81-d0e2eddc8fe9:c1310, 28b540ac-241d-462a-a56c-509e92928066:c1310]
2019-08-20 22:34:16,140 [grpc-default-executor-4] INFO  client.GrpcClientProtocolClient (GrpcClientProtocolClient.java:onNext(255)) - client-391BA870FC40->947ec526-030f-41cc-8af7-a6f75e712ab0: receive RaftClientReply:client-391BA870FC40->947ec526-030f-41cc-8af7-a6f75e712ab0@group-5D45C35602B2, cid=970, SUCCESS, logIndex=1314, commits[947ec526-030f-41cc-8af7-a6f75e712ab0:c1314, c447b9b6-dde2-4ce7-aa81-d0e2eddc8fe9:c1310, 28b540ac-241d-462a-a56c-509e92928066:c1310]
2019-08-20 22:34:16,149 | INFO  | DNAudit | user=null | ip=null | op=WRITE_CHUNK {blockData=conID: 1 locID: 102651687806304696 bcsId: 0} | ret=SUCCESS |  
2019-08-20 22:34:16,152 | INFO  | DNAudit | user=null | ip=null | op=PUT_BLOCK {blockData=[blockId=conID: 1 locID: 102651687806304696 bcsId: 0,size=1048576]} | ret=SUCCESS |  
2019-08-20 22:34:16,152 | INFO  | DNAudit | user=null | ip=null | op=WRITE_CHUNK {blockData=conID: 1 locID: 102651687806304696 bcsId: 0} | ret=SUCCESS |  
2019-08-20 22:34:16,152 | INFO  | DNAudit | user=null | ip=null | op=WRITE_CHUNK {blockData=conID: 1 locID: 102651687806304696 bcsId: 0} | ret=SUCCESS |  
2019-08-20 22:34:16,152 | INFO  | DNAudit | user=null | ip=null | op=PUT_BLOCK {blockData=[blockId=conID: 1 locID: 102651687806304696 bcsId: 0,size=1048576]} | ret=SUCCESS |  
2019-08-20 22:34:16,152 | INFO  | DNAudit | user=null | ip=null | op=PUT_BLOCK {blockData=[blockId=conID: 1 locID: 102651687806304696 bcsId: 0,size=2097152]} | ret=SUCCESS |  
2019-08-20 22:34:16,152 | INFO  | DNAudit | user=null | ip=null | op=WRITE_CHUNK {blockData=conID: 1 locID: 102651687806304696 bcsId: 0} | ret=SUCCESS |  
2019-08-20 22:34:16,153 | INFO  | DNAudit | user=null | ip=null | op=PUT_BLOCK {blockData=[blockId=conID: 1 locID: 102651687806304696 bcsId: 0,size=2097152]} | ret=SUCCESS |  
2019-08-20 22:34:16,153 [grpc-default-executor-3] INFO  client.GrpcClientProtocolClient (GrpcClientProtocolClient.java:onNext(255)) - client-391BA870FC40->947ec526-030f-41cc-8af7-a6f75e712ab0: receive RaftClientReply:client-391BA870FC40->947ec526-030f-41cc-8af7-a6f75e712ab0@group-5D45C35602B2, cid=971, SUCCESS, logIndex=0, commits[947ec526-030f-41cc-8af7-a6f75e712ab0:c1316, c447b9b6-dde2-4ce7-aa81-d0e2eddc8fe9:c1312, 28b540ac-241d-462a-a56c-509e92928066:c1312]
2019-08-20 22:34:16,158 | INFO  | DNAudit | user=null | ip=null | op=WRITE_CHUNK {blockData=conID: 1 locID: 102651687806304696 bcsId: 1314} | ret=SUCCESS |  
2019-08-20 22:34:16,161 | INFO  | DNAudit | user=null | ip=null | op=WRITE_CHUNK {blockData=conID: 1 locID: 102651687806304696 bcsId: 1314} | ret=SUCCESS |  
2019-08-20 22:34:16,161 | INFO  | DNAudit | user=null | ip=null | op=WRITE_CHUNK {blockData=conID: 1 locID: 102651687806304696 bcsId: 1314} | ret=SUCCESS |  
 0.00% |█                                                                                                    |  0/1 Time: 0:00:052019-08-20 22:34:16,161 | INFO  | SCMAudit | user=jenkins1000 | ip=192.168.5.142 | op=SEND_HEARTBEAT {datanodeUUID=28b540ac-241d-462a-a56c-509e92928066, command=[]} | ret=SUCCESS |  
2019-08-20 22:34:16,161 | INFO  | SCMAudit | user=jenkins1000 | ip=192.168.5.142 | op=SEND_HEARTBEAT {datanodeUUID=c447b9b6-dde2-4ce7-aa81-d0e2eddc8fe9, command=[]} | ret=SUCCESS |  
2019-08-20 22:34:16,162 | INFO  | SCMAudit | user=jenkins1000 | ip=192.168.5.142 | op=SEND_HEARTBEAT {datanodeUUID=eafd9314-3f13-422a-a2ac-adfcde2d7481, command=[]} | ret=SUCCESS |  
2019-08-20 22:34:16,162 | INFO  | SCMAudit | user=jenkins1000 | ip=192.168.5.142 | op=SEND_HEARTBEAT {datanodeUUID=947ec526-030f-41cc-8af7-a6f75e712ab0, command=[]} | ret=SUCCESS |  
2019-08-20 22:34:16,169 | INFO  | DNAudit | user=null | ip=null | op=WRITE_CHUNK {blockData=conID: 1 locID: 102651687806304696 bcsId: 1314} | ret=SUCCESS |  
2019-08-20 22:34:16,170 | INFO  | DNAudit | user=null | ip=null | op=PUT_BLOCK {blockData=[blockId=conID: 1 locID: 102651687806304696 bcsId: 0,size=3145728]} | ret=SUCCESS |  
2019-08-20 22:34:16,170 [grpc-default-executor-5] INFO  client.GrpcClientProtocolClient (GrpcClientProtocolClient.java:onNext(255)) - client-391BA870FC40->947ec526-030f-41cc-8af7-a6f75e712ab0: receive RaftClientReply:client-391BA870FC40->947ec526-030f-41cc-8af7-a6f75e712ab0@group-5D45C35602B2, cid=972, SUCCESS, logIndex=1319, commits[947ec526-030f-41cc-8af7-a6f75e712ab0:c1320, c447b9b6-dde2-4ce7-aa81-d0e2eddc8fe9:c1318, 28b540ac-241d-462a-a56c-509e92928066:c1318]
2019-08-20 22:34:16,170 [grpc-default-executor-5] INFO  client.GrpcClientProtocolClient (GrpcClientProtocolClient.java:onNext(255)) - client-391BA870FC40->947ec526-030f-41cc-8af7-a6f75e712ab0: receive RaftClientReply:client-391BA870FC40->947ec526-030f-41cc-8af7-a6f75e712ab0@group-5D45C35602B2, cid=973, SUCCESS, logIndex=1320, commits[947ec526-030f-41cc-8af7-a6f75e712ab0:c1320, c447b9b6-dde2-4ce7-aa81-d0e2eddc8fe9:c1318, 28b540ac-241d-462a-a56c-509e92928066:c1318]
2019-08-20 22:34:16,176 | INFO  | DNAudit | user=null | ip=null | op=WRITE_CHUNK {blockData=conID: 1 locID: 102651687806304696 bcsId: 1320} | ret=SUCCESS |  
2019-08-20 22:34:16,178 | INFO  | DNAudit | user=null | ip=null | op=WRITE_CHUNK {blockData=conID: 1 locID: 102651687806304696 bcsId: 1320} | ret=SUCCESS |  
2019-08-20 22:34:16,178 | INFO  | DNAudit | user=null | ip=null | op=WRITE_CHUNK {blockData=conID: 1 locID: 102651687806304696 bcsId: 1320} | ret=SUCCESS |  
2019-08-20 22:34:16,179 | INFO  | DNAudit | user=null | ip=null | op=WRITE_CHUNK {blockData=conID: 1 locID: 102651687806304696 bcsId: 1314} | ret=SUCCESS |  
2019-08-20 22:34:16,179 | INFO  | DNAudit | user=null | ip=null | op=WRITE_CHUNK {blockData=conID: 1 locID: 102651687806304696 bcsId: 1314} | ret=SUCCESS |  
2019-08-20 22:34:16,182 | INFO  | DNAudit | user=null | ip=null | op=PUT_BLOCK {blockData=[blockId=conID: 1 locID: 102651687806304696 bcsId: 0,size=3145728]} | ret=SUCCESS |  
2019-08-20 22:34:16,182 | INFO  | DNAudit | user=null | ip=null | op=PUT_BLOCK {blockData=[blockId=conID: 1 locID: 102651687806304696 bcsId: 0,size=3145728]} | ret=SUCCESS |  
2019-08-20 22:34:16,182 | INFO  | DNAudit | user=null | ip=null | op=WRITE_CHUNK {blockData=conID: 1 locID: 102651687806304696 bcsId: 1320} | ret=SUCCESS |  
2019-08-20 22:34:16,183 | INFO  | DNAudit | user=null | ip=null | op=PUT_BLOCK {blockData=[blockId=conID: 1 locID: 102651687806304696 bcsId: 0,size=4194304]} | ret=SUCCESS |  
2019-08-20 22:34:16,183 [grpc-default-executor-3] INFO  client.GrpcClientProtocolClient (GrpcClientProtocolClient.java:onNext(255)) - client-391BA870FC40->947ec526-030f-41cc-8af7-a6f75e712ab0: receive RaftClientReply:client-391BA870FC40->947ec526-030f-41cc-8af7-a6f75e712ab0@group-5D45C35602B2, cid=974, SUCCESS, logIndex=1323, commits[947ec526-030f-41cc-8af7-a6f75e712ab0:c1323, c447b9b6-dde2-4ce7-aa81-d0e2eddc8fe9:c1320, 28b540ac-241d-462a-a56c-509e92928066:c1320]
2019-08-20 22:34:16,183 [grpc-default-executor-3] INFO  client.GrpcClientProtocolClient (GrpcClientProtocolClient.java:onNext(255)) - client-391BA870FC40->947ec526-030f-41cc-8af7-a6f75e712ab0: receive RaftClientReply:client-391BA870FC40->947ec526-030f-41cc-8af7-a6f75e712ab0@group-5D45C35602B2, cid=975, SUCCESS, logIndex=1324, commits[947ec526-030f-41cc-8af7-a6f75e712ab0:c1324, c447b9b6-dde2-4ce7-aa81-d0e2eddc8fe9:c1320, 28b540ac-241d-462a-a56c-509e92928066:c1320]
2019-08-20 22:34:16,213 | INFO  | DNAudit | user=null | ip=null | op=WRITE_CHUNK {blockData=conID: 1 locID: 102651687806304696 bcsId: 1320} | ret=SUCCESS |  
2019-08-20 22:34:16,213 | INFO  | DNAudit | user=null | ip=null | op=WRITE_CHUNK {blockData=conID: 1 locID: 102651687806304696 bcsId: 1320} | ret=SUCCESS |  
2019-08-20 22:34:16,214 | INFO  | DNAudit | user=null | ip=null | op=PUT_BLOCK {blockData=[blockId=conID: 1 locID: 102651687806304696 bcsId: 0,size=4194304]} | ret=SUCCESS |  
2019-08-20 22:34:16,214 | INFO  | DNAudit | user=null | ip=null | op=PUT_BLOCK {blockData=[blockId=conID: 1 locID: 102651687806304696 bcsId: 0,size=4194304]} | ret=SUCCESS |  
2019-08-20 22:34:16,215 [grpc-default-executor-3] INFO  client.GrpcClientProtocolClient (GrpcClientProtocolClient.java:onNext(255)) - client-391BA870FC40->947ec526-030f-41cc-8af7-a6f75e712ab0: receive RaftClientReply:client-391BA870FC40->947ec526-030f-41cc-8af7-a6f75e712ab0@group-5D45C35602B2, cid=976, SUCCESS, logIndex=0, commits[947ec526-030f-41cc-8af7-a6f75e712ab0:c1326, c447b9b6-dde2-4ce7-aa81-d0e2eddc8fe9:c1324, 28b540ac-241d-462a-a56c-509e92928066:c1324]
2019-08-20 22:34:16,221 | INFO  | DNAudit | user=null | ip=null | op=WRITE_CHUNK {blockData=conID: 2 locID: 102651687806370233 bcsId: 0} | ret=SUCCESS |  
2019-08-20 22:34:16,223 | INFO  | DNAudit | user=null | ip=null | op=WRITE_CHUNK {blockData=conID: 2 locID: 102651687806370233 bcsId: 0} | ret=SUCCESS |  
2019-08-20 22:34:16,224 | INFO  | DNAudit | user=null | ip=null | op=WRITE_CHUNK {blockData=conID: 2 locID: 102651687806370233 bcsId: 0} | ret=SUCCESS |  
2019-08-20 22:34:16,224 | INFO  | DNAudit | user=null | ip=null | op=WRITE_CHUNK {blockData=conID: 2 locID: 102651687806370233 bcsId: 0} | ret=SUCCESS |  
2019-08-20 22:34:16,226 | INFO  | DNAudit | user=null | ip=null | op=WRITE_CHUNK {blockData=conID: 2 locID: 102651687806370233 bcsId: 0} | ret=SUCCESS |  
2019-08-20 22:34:16,226 | INFO  | DNAudit | user=null | ip=null | op=WRITE_CHUNK {blockData=conID: 2 locID: 102651687806370233 bcsId: 0} | ret=SUCCESS |  
2019-08-20 22:34:16,230 | INFO  | DNAudit | user=null | ip=null | op=WRITE_CHUNK {blockData=conID: 2 locID: 102651687806370233 bcsId: 0} | ret=SUCCESS |  
2019-08-20 22:34:16,231 | INFO  | DNAudit | user=null | ip=null | op=PUT_BLOCK {blockData=[blockId=conID: 2 locID: 102651687806370233 bcsId: 0,size=1048576]} | ret=SUCCESS |  
2019-08-20 22:34:16,231 [grpc-default-executor-3] INFO  client.GrpcClientProtocolClient (GrpcClientProtocolClient.java:onNext(255)) - client-391BA870FC40->947ec526-030f-41cc-8af7-a6f75e712ab0: receive RaftClientReply:client-391BA870FC40->947ec526-030f-41cc-8af7-a6f75e712ab0@group-5D45C35602B2, cid=977, SUCCESS, logIndex=1327, commits[947ec526-030f-41cc-8af7-a6f75e712ab0:c1330, c447b9b6-dde2-4ce7-aa81-d0e2eddc8fe9:c1326, 28b540ac-241d-462a-a56c-509e92928066:c1326]
2019-08-20 22:34:16,231 | INFO  | DNAudit | user=null | ip=null | op=WRITE_CHUNK {blockData=conID: 2 locID: 102651687806370233 bcsId: 0} | ret=SUCCESS |  
2019-08-20 22:34:16,231 | INFO  | DNAudit | user=null | ip=null | op=WRITE_CHUNK {blockData=conID: 2 locID: 102651687806370233 bcsId: 0} | ret=SUCCESS |  
2019-08-20 22:34:16,231 [grpc-default-executor-3] INFO  client.GrpcClientProtocolClient (GrpcClientProtocolClient.java:onNext(255)) - client-391BA870FC40->947ec526-030f-41cc-8af7-a6f75e712ab0: receive RaftClientReply:client-391BA870FC40->947ec526-030f-41cc-8af7-a6f75e712ab0@group-5D45C35602B2, cid=978, SUCCESS, logIndex=1328, commits[947ec526-030f-41cc-8af7-a6f75e712ab0:c1330, c447b9b6-dde2-4ce7-aa81-d0e2eddc8fe9:c1326, 28b540ac-241d-462a-a56c-509e92928066:c1326]
2019-08-20 22:34:16,232 | INFO  | DNAudit | user=null | ip=null | op=WRITE_CHUNK {blockData=conID: 2 locID: 102651687806370233 bcsId: 0} | ret=SUCCESS |  
2019-08-20 22:34:16,232 | INFO  | DNAudit | user=null | ip=null | op=PUT_BLOCK {blockData=[blockId=conID: 2 locID: 102651687806370233 bcsId: 0,size=2097152]} | ret=SUCCESS |  
2019-08-20 22:34:16,232 | INFO  | DNAudit | user=null | ip=null | op=PUT_BLOCK {blockData=[blockId=conID: 2 locID: 102651687806370233 bcsId: 0,size=1048576]} | ret=SUCCESS |  
2019-08-20 22:34:16,232 [grpc-default-executor-3] INFO  client.GrpcClientProtocolClient (GrpcClientProtocolClient.java:onNext(255)) - client-391BA870FC40->947ec526-030f-41cc-8af7-a6f75e712ab0: receive RaftClientReply:client-391BA870FC40->947ec526-030f-41cc-8af7-a6f75e712ab0@group-5D45C35602B2, cid=979, SUCCESS, logIndex=1329, commits[947ec526-030f-41cc-8af7-a6f75e712ab0:c1330, c447b9b6-dde2-4ce7-aa81-d0e2eddc8fe9:c1326, 28b540ac-241d-462a-a56c-509e92928066:c1326]
2019-08-20 22:34:16,232 [grpc-default-executor-3] INFO  client.GrpcClientProtocolClient (GrpcClientProtocolClient.java:onNext(255)) - client-391BA870FC40->947ec526-030f-41cc-8af7-a6f75e712ab0: receive RaftClientReply:client-391BA870FC40->947ec526-030f-41cc-8af7-a6f75e712ab0@group-5D45C35602B2, cid=980, SUCCESS, logIndex=1330, commits[947ec526-030f-41cc-8af7-a6f75e712ab0:c1331, c447b9b6-dde2-4ce7-aa81-d0e2eddc8fe9:c1327, 28b540ac-241d-462a-a56c-509e92928066:c1327]
2019-08-20 22:34:16,233 | INFO  | DNAudit | user=null | ip=null | op=PUT_BLOCK {blockData=[blockId=conID: 2 locID: 102651687806370233 bcsId: 0,size=1048576]} | ret=SUCCESS |  
2019-08-20 22:34:16,233 | INFO  | DNAudit | user=null | ip=null | op=WRITE_CHUNK {blockData=conID: 2 locID: 102651687806370233 bcsId: 0} | ret=SUCCESS |  
2019-08-20 22:34:16,233 | INFO  | DNAudit | user=null | ip=null | op=WRITE_CHUNK {blockData=conID: 2 locID: 102651687806370233 bcsId: 0} | ret=SUCCESS |  
2019-08-20 22:34:16,233 | INFO  | DNAudit | user=null | ip=null | op=PUT_BLOCK {blockData=[blockId=conID: 2 locID: 102651687806370233 bcsId: 0,size=2097152]} | ret=SUCCESS |  
2019-08-20 22:34:16,233 | INFO  | DNAudit | user=null | ip=null | op=PUT_BLOCK {blockData=[blockId=conID: 2 locID: 102651687806370233 bcsId: 0,size=2097152]} | ret=SUCCESS |  
2019-08-20 22:34:16,233 [grpc-default-executor-5] INFO  client.GrpcClientProtocolClient (GrpcClientProtocolClient.java:onNext(255)) - client-391BA870FC40->947ec526-030f-41cc-8af7-a6f75e712ab0: receive RaftClientReply:client-391BA870FC40->947ec526-030f-41cc-8af7-a6f75e712ab0@group-5D45C35602B2, cid=981, SUCCESS, logIndex=0, commits[947ec526-030f-41cc-8af7-a6f75e712ab0:c1333, c447b9b6-dde2-4ce7-aa81-d0e2eddc8fe9:c1328, 28b540ac-241d-462a-a56c-509e92928066:c1330]
2019-08-20 22:34:16,378 | INFO  | DNAudit | user=null | ip=null | op=WRITE_CHUNK {blockData=conID: 2 locID: 102651687806370233 bcsId: 1330} | ret=SUCCESS |  
2019-08-20 22:34:16,380 | INFO  | DNAudit | user=null | ip=null | op=WRITE_CHUNK {blockData=conID: 2 locID: 102651687806370233 bcsId: 1330} | ret=SUCCESS |  
2019-08-20 22:34:16,380 | INFO  | DNAudit | user=null | ip=null | op=WRITE_CHUNK {blockData=conID: 2 locID: 102651687806370233 bcsId: 1330} | ret=SUCCESS |  
2019-08-20 22:34:16,390 | INFO  | DNAudit | user=null | ip=null | op=WRITE_CHUNK {blockData=conID: 2 locID: 102651687806370233 bcsId: 1330} | ret=SUCCESS |  
2019-08-20 22:34:16,391 | INFO  | DNAudit | user=null | ip=null | op=PUT_BLOCK {blockData=[blockId=conID: 2 locID: 102651687806370233 bcsId: 0,size=3145728]} | ret=SUCCESS |  
2019-08-20 22:34:16,391 [grpc-default-executor-3] INFO  client.GrpcClientProtocolClient (GrpcClientProtocolClient.java:onNext(255)) - client-391BA870FC40->947ec526-030f-41cc-8af7-a6f75e712ab0: receive RaftClientReply:client-391BA870FC40->947ec526-030f-41cc-8af7-a6f75e712ab0@group-5D45C35602B2, cid=982, SUCCESS, logIndex=1335, commits[947ec526-030f-41cc-8af7-a6f75e712ab0:c1336, c447b9b6-dde2-4ce7-aa81-d0e2eddc8fe9:c1334, 28b540ac-241d-462a-a56c-509e92928066:c1334]
2019-08-20 22:34:16,391 [grpc-default-executor-3] INFO  client.GrpcClientProtocolClient (GrpcClientProtocolClient.java:onNext(255)) - client-391BA870FC40->947ec526-030f-41cc-8af7-a6f75e712ab0: receive RaftClientReply:client-391BA870FC40->947ec526-030f-41cc-8af7-a6f75e712ab0@group-5D45C35602B2, cid=983, SUCCESS, logIndex=1336, commits[947ec526-030f-41cc-8af7-a6f75e712ab0:c1336, c447b9b6-dde2-4ce7-aa81-d0e2eddc8fe9:c1334, 28b540ac-241d-462a-a56c-509e92928066:c1334]
2019-08-20 22:34:16,398 | INFO  | DNAudit | user=null | ip=null | op=WRITE_CHUNK {blockData=conID: 2 locID: 102651687806370233 bcsId: 1336} | ret=SUCCESS |  
2019-08-20 22:34:16,400 | INFO  | DNAudit | user=null | ip=null | op=WRITE_CHUNK {blockData=conID: 2 locID: 102651687806370233 bcsId: 1336} | ret=SUCCESS |  
2019-08-20 22:34:16,401 | INFO  | DNAudit | user=null | ip=null | op=WRITE_CHUNK {blockData=conID: 2 locID: 102651687806370233 bcsId: 1336} | ret=SUCCESS |  
2019-08-20 22:34:16,402 | INFO  | DNAudit | user=null | ip=null | op=WRITE_CHUNK {blockData=conID: 2 locID: 102651687806370233 bcsId: 1330} | ret=SUCCESS |  
2019-08-20 22:34:16,402 | INFO  | DNAudit | user=null | ip=null | op=WRITE_CHUNK {blockData=conID: 2 locID: 102651687806370233 bcsId: 1330} | ret=SUCCESS |  
2019-08-20 22:34:16,405 | INFO  | DNAudit | user=null | ip=null | op=PUT_BLOCK {blockData=[blockId=conID: 2 locID: 102651687806370233 bcsId: 0,size=3145728]} | ret=SUCCESS |  
2019-08-20 22:34:16,405 | INFO  | DNAudit | user=null | ip=null | op=PUT_BLOCK {blockData=[blockId=conID: 2 locID: 102651687806370233 bcsId: 0,size=3145728]} | ret=SUCCESS |  
2019-08-20 22:34:16,406 | INFO  | DNAudit | user=null | ip=null | op=WRITE_CHUNK {blockData=conID: 2 locID: 102651687806370233 bcsId: 1336} | ret=SUCCESS |  
2019-08-20 22:34:16,406 | INFO  | DNAudit | user=null | ip=null | op=PUT_BLOCK {blockData=[blockId=conID: 2 locID: 102651687806370233 bcsId: 0,size=4194304]} | ret=SUCCESS |  
2019-08-20 22:34:16,406 [grpc-default-executor-4] INFO  client.GrpcClientProtocolClient (GrpcClientProtocolClient.java:onNext(255)) - client-391BA870FC40->947ec526-030f-41cc-8af7-a6f75e712ab0: receive RaftClientReply:client-391BA870FC40->947ec526-030f-41cc-8af7-a6f75e712ab0@group-5D45C35602B2, cid=984, SUCCESS, logIndex=1339, commits[947ec526-030f-41cc-8af7-a6f75e712ab0:c1340, c447b9b6-dde2-4ce7-aa81-d0e2eddc8fe9:c1336, 28b540ac-241d-462a-a56c-509e92928066:c1336]
2019-08-20 22:34:16,407 [grpc-default-executor-4] INFO  client.GrpcClientProtocolClient (GrpcClientProtocolClient.java:onNext(255)) - client-391BA870FC40->947ec526-030f-41cc-8af7-a6f75e712ab0: receive RaftClientReply:client-391BA870FC40->947ec526-030f-41cc-8af7-a6f75e712ab0@group-5D45C35602B2, cid=985, SUCCESS, logIndex=1340, commits[947ec526-030f-41cc-8af7-a6f75e712ab0:c1340, c447b9b6-dde2-4ce7-aa81-d0e2eddc8fe9:c1336, 28b540ac-241d-462a-a56c-509e92928066:c1336]
2019-08-20 22:34:16,417 | INFO  | DNAudit | user=null | ip=null | op=WRITE_CHUNK {blockData=conID: 2 locID: 102651687806370233 bcsId: 1336} | ret=SUCCESS |  
2019-08-20 22:34:16,417 | INFO  | DNAudit | user=null | ip=null | op=WRITE_CHUNK {blockData=conID: 2 locID: 102651687806370233 bcsId: 1336} | ret=SUCCESS |  
2019-08-20 22:34:16,418 | INFO  | DNAudit | user=null | ip=null | op=PUT_BLOCK {blockData=[blockId=conID: 2 locID: 102651687806370233 bcsId: 0,size=4194304]} | ret=SUCCESS |  
2019-08-20 22:34:16,418 | INFO  | DNAudit | user=null | ip=null | op=PUT_BLOCK {blockData=[blockId=conID: 2 locID: 102651687806370233 bcsId: 0,size=4194304]} | ret=SUCCESS |  
2019-08-20 22:34:16,419 [grpc-default-executor-4] INFO  client.GrpcClientProtocolClient (GrpcClientProtocolClient.java:onNext(255)) - client-391BA870FC40->947ec526-030f-41cc-8af7-a6f75e712ab0: receive RaftClientReply:client-391BA870FC40->947ec526-030f-41cc-8af7-a6f75e712ab0@group-5D45C35602B2, cid=986, SUCCESS, logIndex=0, commits[947ec526-030f-41cc-8af7-a6f75e712ab0:c1342, c447b9b6-dde2-4ce7-aa81-d0e2eddc8fe9:c1340, 28b540ac-241d-462a-a56c-509e92928066:c1340]
2019-08-20 22:34:16,426 | INFO  | DNAudit | user=null | ip=null | op=WRITE_CHUNK {blockData=conID: 3 locID: 102651687806370234 bcsId: 0} | ret=SUCCESS |  
2019-08-20 22:34:16,428 | INFO  | DNAudit | user=null | ip=null | op=WRITE_CHUNK {blockData=conID: 3 locID: 102651687806370234 bcsId: 0} | ret=SUCCESS |  
2019-08-20 22:34:16,429 | INFO  | DNAudit | user=null | ip=null | op=WRITE_CHUNK {blockData=conID: 3 locID: 102651687806370234 bcsId: 0} | ret=SUCCESS |  
2019-08-20 22:34:16,429 | INFO  | DNAudit | user=null | ip=null | op=WRITE_CHUNK {blockData=conID: 3 locID: 102651687806370234 bcsId: 0} | ret=SUCCESS |  
2019-08-20 22:34:16,431 | INFO  | DNAudit | user=null | ip=null | op=WRITE_CHUNK {blockData=conID: 3 locID: 102651687806370234 bcsId: 0} | ret=SUCCESS |  
2019-08-20 22:34:16,432 | INFO  | DNAudit | user=null | ip=null | op=WRITE_CHUNK {blockData=conID: 3 locID: 102651687806370234 bcsId: 0} | ret=SUCCESS |  
2019-08-20 22:34:16,438 | INFO  | DNAudit | user=null | ip=null | op=WRITE_CHUNK {blockData=conID: 3 locID: 102651687806370234 bcsId: 0} | ret=SUCCESS |  
2019-08-20 22:34:16,439 | INFO  | DNAudit | user=null | ip=null | op=PUT_BLOCK {blockData=[blockId=conID: 3 locID: 102651687806370234 bcsId: 0,size=1048576]} | ret=SUCCESS |  
2019-08-20 22:34:16,439 [grpc-default-executor-2] INFO  client.GrpcClientProtocolClient (GrpcClientProtocolClient.java:onNext(255)) - client-391BA870FC40->947ec526-030f-41cc-8af7-a6f75e712ab0: receive RaftClientReply:client-391BA870FC40->947ec526-030f-41cc-8af7-a6f75e712ab0@group-5D45C35602B2, cid=987, SUCCESS, logIndex=1343, commits[947ec526-030f-41cc-8af7-a6f75e712ab0:c1344, c447b9b6-dde2-4ce7-aa81-d0e2eddc8fe9:c1342, 28b540ac-241d-462a-a56c-509e92928066:c1342]
2019-08-20 22:34:16,439 | INFO  | DNAudit | user=null | ip=null | op=WRITE_CHUNK {blockData=conID: 3 locID: 102651687806370234 bcsId: 0} | ret=SUCCESS |  
2019-08-20 22:34:16,439 [grpc-default-executor-2] INFO  client.GrpcClientProtocolClient (GrpcClientProtocolClient.java:onNext(255)) - client-391BA870FC40->947ec526-030f-41cc-8af7-a6f75e712ab0: receive RaftClientReply:client-391BA870FC40->947ec526-030f-41cc-8af7-a6f75e712ab0@group-5D45C35602B2, cid=988, SUCCESS, logIndex=1344, commits[947ec526-030f-41cc-8af7-a6f75e712ab0:c1344, c447b9b6-dde2-4ce7-aa81-d0e2eddc8fe9:c1342, 28b540ac-241d-462a-a56c-509e92928066:c1342]
2019-08-20 22:34:16,440 | INFO  | DNAudit | user=null | ip=null | op=PUT_BLOCK {blockData=[blockId=conID: 3 locID: 102651687806370234 bcsId: 0,size=2097152]} | ret=SUCCESS |  
2019-08-20 22:34:16,440 [grpc-default-executor-2] INFO  client.GrpcClientProtocolClient (GrpcClientProtocolClient.java:onNext(255)) - client-391BA870FC40->947ec526-030f-41cc-8af7-a6f75e712ab0: receive RaftClientReply:client-391BA870FC40->947ec526-030f-41cc-8af7-a6f75e712ab0@group-5D45C35602B2, cid=989, SUCCESS, logIndex=1345, commits[947ec526-030f-41cc-8af7-a6f75e712ab0:c1345, c447b9b6-dde2-4ce7-aa81-d0e2eddc8fe9:c1342, 28b540ac-241d-462a-a56c-509e92928066:c1342]
2019-08-20 22:34:16,440 | INFO  | DNAudit | user=null | ip=null | op=WRITE_CHUNK {blockData=conID: 3 locID: 102651687806370234 bcsId: 0} | ret=SUCCESS |  
2019-08-20 22:34:16,440 [grpc-default-executor-2] INFO  client.GrpcClientProtocolClient (GrpcClientProtocolClient.java:onNext(255)) - client-391BA870FC40->947ec526-030f-41cc-8af7-a6f75e712ab0: receive RaftClientReply:client-391BA870FC40->947ec526-030f-41cc-8af7-a6f75e712ab0@group-5D45C35602B2, cid=990, SUCCESS, logIndex=1346, commits[947ec526-030f-41cc-8af7-a6f75e712ab0:c1346, c447b9b6-dde2-4ce7-aa81-d0e2eddc8fe9:c1342, 28b540ac-241d-462a-a56c-509e92928066:c1342]
2019-08-20 22:34:16,440 | INFO  | DNAudit | user=null | ip=null | op=PUT_BLOCK {blockData=[blockId=conID: 3 locID: 102651687806370234 bcsId: 0,size=1048576]} | ret=SUCCESS |  
2019-08-20 22:34:16,443 | INFO  | DNAudit | user=null | ip=null | op=WRITE_CHUNK {blockData=conID: 3 locID: 102651687806370234 bcsId: 0} | ret=SUCCESS |  
2019-08-20 22:34:16,443 | INFO  | DNAudit | user=null | ip=null | op=PUT_BLOCK {blockData=[blockId=conID: 3 locID: 102651687806370234 bcsId: 0,size=1048576]} | ret=SUCCESS |  
2019-08-20 22:34:16,443 [grpc-default-executor-2] INFO  client.GrpcClientProtocolClient (GrpcClientProtocolClient.java:onNext(255)) - client-391BA870FC40->947ec526-030f-41cc-8af7-a6f75e712ab0: receive RaftClientReply:client-391BA870FC40->947ec526-030f-41cc-8af7-a6f75e712ab0@group-5D45C35602B2, cid=991, SUCCESS, logIndex=0, commits[947ec526-030f-41cc-8af7-a6f75e712ab0:c1348, c447b9b6-dde2-4ce7-aa81-d0e2eddc8fe9:c1344, 28b540ac-241d-462a-a56c-509e92928066:c1344]
2019-08-20 22:34:16,449 | INFO  | DNAudit | user=null | ip=null | op=WRITE_CHUNK {blockData=conID: 3 locID: 102651687806370234 bcsId: 1346} | ret=SUCCESS |  
2019-08-20 22:34:16,451 | INFO  | DNAudit | user=null | ip=null | op=WRITE_CHUNK {blockData=conID: 3 locID: 102651687806370234 bcsId: 1346} | ret=SUCCESS |  
2019-08-20 22:34:16,452 | INFO  | DNAudit | user=null | ip=null | op=WRITE_CHUNK {blockData=conID: 3 locID: 102651687806370234 bcsId: 1346} | ret=SUCCESS |  
2019-08-20 22:34:16,454 | INFO  | DNAudit | user=null | ip=null | op=WRITE_CHUNK {blockData=conID: 3 locID: 102651687806370234 bcsId: 0} | ret=SUCCESS |  
2019-08-20 22:34:16,454 | INFO  | DNAudit | user=null | ip=null | op=PUT_BLOCK {blockData=[blockId=conID: 3 locID: 102651687806370234 bcsId: 0,size=2097152]} | ret=SUCCESS |  
2019-08-20 22:34:16,454 | INFO  | DNAudit | user=null | ip=null | op=WRITE_CHUNK {blockData=conID: 3 locID: 102651687806370234 bcsId: 0} | ret=SUCCESS |  
2019-08-20 22:34:16,454 | INFO  | DNAudit | user=null | ip=null | op=PUT_BLOCK {blockData=[blockId=conID: 3 locID: 102651687806370234 bcsId: 0,size=2097152]} | ret=SUCCESS |  
2019-08-20 22:34:16,455 | INFO  | DNAudit | user=null | ip=null | op=WRITE_CHUNK {blockData=conID: 3 locID: 102651687806370234 bcsId: 1346} | ret=SUCCESS |  
2019-08-20 22:34:16,455 | INFO  | DNAudit | user=null | ip=null | op=PUT_BLOCK {blockData=[blockId=conID: 3 locID: 102651687806370234 bcsId: 0,size=3145728]} | ret=SUCCESS |  
2019-08-20 22:34:16,456 [grpc-default-executor-4] INFO  client.GrpcClientProtocolClient (GrpcClientProtocolClient.java:onNext(255)) - client-391BA870FC40->947ec526-030f-41cc-8af7-a6f75e712ab0: receive RaftClientReply:client-391BA870FC40->947ec526-030f-41cc-8af7-a6f75e712ab0@group-5D45C35602B2, cid=992, SUCCESS, logIndex=1351, commits[947ec526-030f-41cc-8af7-a6f75e712ab0:c1352, c447b9b6-dde2-4ce7-aa81-d0e2eddc8fe9:c1348, 28b540ac-241d-462a-a56c-509e92928066:c1346]
2019-08-20 22:34:16,456 [grpc-default-executor-4] INFO  client.GrpcClientProtocolClient (GrpcClientProtocolClient.java:onNext(255)) - client-391BA870FC40->947ec526-030f-41cc-8af7-a6f75e712ab0: receive RaftClientReply:client-391BA870FC40->947ec526-030f-41cc-8af7-a6f75e712ab0@group-5D45C35602B2, cid=993, SUCCESS, logIndex=1352, commits[947ec526-030f-41cc-8af7-a6f75e712ab0:c1352, c447b9b6-dde2-4ce7-aa81-d0e2eddc8fe9:c1348, 28b540ac-241d-462a-a56c-509e92928066:c1348]
2019-08-20 22:34:16,456 | INFO  | DNAudit | user=null | ip=null | op=WRITE_CHUNK {blockData=conID: 3 locID: 102651687806370234 bcsId: 1346} | ret=SUCCESS |  
2019-08-20 22:34:16,457 | INFO  | DNAudit | user=null | ip=null | op=WRITE_CHUNK {blockData=conID: 3 locID: 102651687806370234 bcsId: 1346} | ret=SUCCESS |  
2019-08-20 22:34:16,457 | INFO  | DNAudit | user=null | ip=null | op=PUT_BLOCK {blockData=[blockId=conID: 3 locID: 102651687806370234 bcsId: 0,size=3145728]} | ret=SUCCESS |  
2019-08-20 22:34:16,457 | INFO  | DNAudit | user=null | ip=null | op=PUT_BLOCK {blockData=[blockId=conID: 3 locID: 102651687806370234 bcsId: 0,size=3145728]} | ret=SUCCESS |  
2019-08-20 22:34:16,462 | INFO  | DNAudit | user=null | ip=null | op=WRITE_CHUNK {blockData=conID: 3 locID: 102651687806370234 bcsId: 1352} | ret=SUCCESS |  
2019-08-20 22:34:16,464 | INFO  | DNAudit | user=null | ip=null | op=WRITE_CHUNK {blockData=conID: 3 locID: 102651687806370234 bcsId: 1352} | ret=SUCCESS |  
2019-08-20 22:34:16,465 | INFO  | DNAudit | user=null | ip=null | op=WRITE_CHUNK {blockData=conID: 3 locID: 102651687806370234 bcsId: 1352} | ret=SUCCESS |  
2019-08-20 22:34:16,473 | INFO  | DNAudit | user=null | ip=null | op=WRITE_CHUNK {blockData=conID: 3 locID: 102651687806370234 bcsId: 1352} | ret=SUCCESS |  
2019-08-20 22:34:16,473 | INFO  | DNAudit | user=null | ip=null | op=PUT_BLOCK {blockData=[blockId=conID: 3 locID: 102651687806370234 bcsId: 0,size=4194304]} | ret=SUCCESS |  
2019-08-20 22:34:16,474 [grpc-default-executor-5] INFO  client.GrpcClientProtocolClient (GrpcClientProtocolClient.java:onNext(255)) - client-391BA870FC40->947ec526-030f-41cc-8af7-a6f75e712ab0: receive RaftClientReply:client-391BA870FC40->947ec526-030f-41cc-8af7-a6f75e712ab0@group-5D45C35602B2, cid=994, SUCCESS, logIndex=1354, commits[947ec526-030f-41cc-8af7-a6f75e712ab0:c1355, c447b9b6-dde2-4ce7-aa81-d0e2eddc8fe9:c1353, 28b540ac-241d-462a-a56c-509e92928066:c1353]
2019-08-20 22:34:16,474 [grpc-default-executor-5] INFO  client.GrpcClientProtocolClient (GrpcClientProtocolClient.java:onNext(255)) - client-391BA870FC40->947ec526-030f-41cc-8af7-a6f75e712ab0: receive RaftClientReply:client-391BA870FC40->947ec526-030f-41cc-8af7-a6f75e712ab0@group-5D45C35602B2, cid=995, SUCCESS, logIndex=1355, commits[947ec526-030f-41cc-8af7-a6f75e712ab0:c1355, c447b9b6-dde2-4ce7-aa81-d0e2eddc8fe9:c1353, 28b540ac-241d-462a-a56c-509e92928066:c1353]
2019-08-20 22:34:16,485 | INFO  | DNAudit | user=null | ip=null | op=WRITE_CHUNK {blockData=conID: 3 locID: 102651687806370234 bcsId: 1352} | ret=SUCCESS |  
2019-08-20 22:34:16,485 | INFO  | DNAudit | user=null | ip=null | op=WRITE_CHUNK {blockData=conID: 3 locID: 102651687806370234 bcsId: 1352} | ret=SUCCESS |  
2019-08-20 22:34:16,486 | INFO  | DNAudit | user=null | ip=null | op=PUT_BLOCK {blockData=[blockId=conID: 3 locID: 102651687806370234 bcsId: 0,size=4194304]} | ret=SUCCESS |  
2019-08-20 22:34:16,486 | INFO  | DNAudit | user=null | ip=null | op=PUT_BLOCK {blockData=[blockId=conID: 3 locID: 102651687806370234 bcsId: 0,size=4194304]} | ret=SUCCESS |  
2019-08-20 22:34:16,486 [grpc-default-executor-5] INFO  client.GrpcClientProtocolClient (GrpcClientProtocolClient.java:onNext(255)) - client-391BA870FC40->947ec526-030f-41cc-8af7-a6f75e712ab0: receive RaftClientReply:client-391BA870FC40->947ec526-030f-41cc-8af7-a6f75e712ab0@group-5D45C35602B2, cid=996, SUCCESS, logIndex=0, commits[947ec526-030f-41cc-8af7-a6f75e712ab0:c1357, c447b9b6-dde2-4ce7-aa81-d0e2eddc8fe9:c1355, 28b540ac-241d-462a-a56c-509e92928066:c1355]
2019-08-20 22:34:16,495 | INFO  | DNAudit | user=null | ip=null | op=WRITE_CHUNK {blockData=conID: 1 locID: 102651687806370235 bcsId: 0} | ret=SUCCESS |  
2019-08-20 22:34:16,495 | INFO  | DNAudit | user=null | ip=null | op=WRITE_CHUNK {blockData=conID: 1 locID: 102651687806370235 bcsId: 0} | ret=SUCCESS |  
2019-08-20 22:34:16,496 | INFO  | DNAudit | user=null | ip=null | op=WRITE_CHUNK {blockData=conID: 1 locID: 102651687806370235 bcsId: 0} | ret=SUCCESS |  
2019-08-20 22:34:16,496 | INFO  | DNAudit | user=null | ip=null | op=WRITE_CHUNK {blockData=conID: 1 locID: 102651687806370235 bcsId: 0} | ret=SUCCESS |  
2019-08-20 22:34:16,498 | INFO  | DNAudit | user=null | ip=null | op=WRITE_CHUNK {blockData=conID: 1 locID: 102651687806370235 bcsId: 0} | ret=SUCCESS |  
2019-08-20 22:34:16,498 | INFO  | DNAudit | user=null | ip=null | op=WRITE_CHUNK {blockData=conID: 1 locID: 102651687806370235 bcsId: 0} | ret=SUCCESS |  
2019-08-20 22:34:16,507 | INFO  | DNAudit | user=null | ip=null | op=WRITE_CHUNK {blockData=conID: 1 locID: 102651687806370235 bcsId: 0} | ret=SUCCESS |  
2019-08-20 22:34:16,507 | INFO  | DNAudit | user=null | ip=null | op=PUT_BLOCK {blockData=[blockId=conID: 1 locID: 102651687806370235 bcsId: 0,size=1048576]} | ret=SUCCESS |  
2019-08-20 22:34:16,508 | INFO  | DNAudit | user=null | ip=null | op=WRITE_CHUNK {blockData=conID: 1 locID: 102651687806370235 bcsId: 0} | ret=SUCCESS |  
2019-08-20 22:34:16,508 [grpc-default-executor-2] INFO  client.GrpcClientProtocolClient (GrpcClientProtocolClient.java:onNext(255)) - client-391BA870FC40->947ec526-030f-41cc-8af7-a6f75e712ab0: receive RaftClientReply:client-391BA870FC40->947ec526-030f-41cc-8af7-a6f75e712ab0@group-5D45C35602B2, cid=997, SUCCESS, logIndex=1358, commits[947ec526-030f-41cc-8af7-a6f75e712ab0:c1359, c447b9b6-dde2-4ce7-aa81-d0e2eddc8fe9:c1357, 28b540ac-241d-462a-a56c-509e92928066:c1357]
2019-08-20 22:34:16,508 | INFO  | DNAudit | user=null | ip=null | op=PUT_BLOCK {blockData=[blockId=conID: 1 locID: 102651687806370235 bcsId: 0,size=2097152]} | ret=SUCCESS |  
2019-08-20 22:34:16,508 [grpc-default-executor-2] INFO  client.GrpcClientProtocolClient (GrpcClientProtocolClient.java:onNext(255)) - client-391BA870FC40->947ec526-030f-41cc-8af7-a6f75e712ab0: receive RaftClientReply:client-391BA870FC40->947ec526-030f-41cc-8af7-a6f75e712ab0@group-5D45C35602B2, cid=998, SUCCESS, logIndex=1359, commits[947ec526-030f-41cc-8af7-a6f75e712ab0:c1360, c447b9b6-dde2-4ce7-aa81-d0e2eddc8fe9:c1357, 28b540ac-241d-462a-a56c-509e92928066:c1357]
2019-08-20 22:34:16,508 [grpc-default-executor-2] INFO  client.GrpcClientProtocolClient (GrpcClientProtocolClient.java:onNext(255)) - client-391BA870FC40->947ec526-030f-41cc-8af7-a6f75e712ab0: receive RaftClientReply:client-391BA870FC40->947ec526-030f-41cc-8af7-a6f75e712ab0@group-5D45C35602B2, cid=999, SUCCESS, logIndex=1360, commits[947ec526-030f-41cc-8af7-a6f75e712ab0:c1361, c447b9b6-dde2-4ce7-aa81-d0e2eddc8fe9:c1357, 28b540ac-241d-462a-a56c-509e92928066:c1357]
2019-08-20 22:34:16,509 | INFO  | DNAudit | user=null | ip=null | op=WRITE_CHUNK {blockData=conID: 1 locID: 102651687806370235 bcsId: 0} | ret=SUCCESS |  
2019-08-20 22:34:16,509 [grpc-default-executor-2] INFO  client.GrpcClientProtocolClient (GrpcClientProtocolClient.java:onNext(255)) - client-391BA870FC40->947ec526-030f-41cc-8af7-a6f75e712ab0: receive RaftClientReply:client-391BA870FC40->947ec526-030f-41cc-8af7-a6f75e712ab0@group-5D45C35602B2, cid=1000, SUCCESS, logIndex=1361, commits[947ec526-030f-41cc-8af7-a6f75e712ab0:c1361, c447b9b6-dde2-4ce7-aa81-d0e2eddc8fe9:c1357, 28b540ac-241d-462a-a56c-509e92928066:c1357]
2019-08-20 22:34:16,509 | INFO  | DNAudit | user=null | ip=null | op=WRITE_CHUNK {blockData=conID: 1 locID: 102651687806370235 bcsId: 0} | ret=SUCCESS |  
2019-08-20 22:34:16,509 | INFO  | DNAudit | user=null | ip=null | op=PUT_BLOCK {blockData=[blockId=conID: 1 locID: 102651687806370235 bcsId: 0,size=1048576]} | ret=SUCCESS |  
2019-08-20 22:34:16,510 | INFO  | DNAudit | user=null | ip=null | op=PUT_BLOCK {blockData=[blockId=conID: 1 locID: 102651687806370235 bcsId: 0,size=1048576]} | ret=SUCCESS |  
2019-08-20 22:34:16,510 | INFO  | DNAudit | user=null | ip=null | op=WRITE_CHUNK {blockData=conID: 1 locID: 102651687806370235 bcsId: 0} | ret=SUCCESS |  
2019-08-20 22:34:16,510 | INFO  | DNAudit | user=null | ip=null | op=PUT_BLOCK {blockData=[blockId=conID: 1 locID: 102651687806370235 bcsId: 0,size=2097152]} | ret=SUCCESS |  
2019-08-20 22:34:16,510 | INFO  | DNAudit | user=null | ip=null | op=WRITE_CHUNK {blockData=conID: 1 locID: 102651687806370235 bcsId: 0} | ret=SUCCESS |  
2019-08-20 22:34:16,510 | INFO  | DNAudit | user=null | ip=null | op=PUT_BLOCK {blockData=[blockId=conID: 1 locID: 102651687806370235 bcsId: 0,size=2097152]} | ret=SUCCESS |  
2019-08-20 22:34:16,510 [grpc-default-executor-5] INFO  client.GrpcClientProtocolClient (GrpcClientProtocolClient.java:onNext(255)) - client-391BA870FC40->947ec526-030f-41cc-8af7-a6f75e712ab0: receive RaftClientReply:client-391BA870FC40->947ec526-030f-41cc-8af7-a6f75e712ab0@group-5D45C35602B2, cid=1001, SUCCESS, logIndex=0, commits[947ec526-030f-41cc-8af7-a6f75e712ab0:c1365, c447b9b6-dde2-4ce7-aa81-d0e2eddc8fe9:c1359, 28b540ac-241d-462a-a56c-509e92928066:c1361]
2019-08-20 22:34:16,512 | INFO  | SCMAudit | user=jenkins1000 | ip=192.168.5.142 | op=SEND_HEARTBEAT {datanodeUUID=d55cd342-4e6c-4701-86f3-cb557f3478dc, command=[]} | ret=SUCCESS |  
2019-08-20 22:34:16,516 | INFO  | DNAudit | user=null | ip=null | op=WRITE_CHUNK {blockData=conID: 1 locID: 102651687806370235 bcsId: 1361} | ret=SUCCESS |  
2019-08-20 22:34:16,518 | INFO  | DNAudit | user=null | ip=null | op=WRITE_CHUNK {blockData=conID: 1 locID: 102651687806370235 bcsId: 1361} | ret=SUCCESS |  
2019-08-20 22:34:16,519 | INFO  | DNAudit | user=null | ip=null | op=WRITE_CHUNK {blockData=conID: 1 locID: 102651687806370235 bcsId: 1361} | ret=SUCCESS |  
2019-08-20 22:34:16,528 | INFO  | DNAudit | user=null | ip=null | op=WRITE_CHUNK {blockData=conID: 1 locID: 102651687806370235 bcsId: 1361} | ret=SUCCESS |  
2019-08-20 22:34:16,529 | INFO  | DNAudit | user=null | ip=null | op=PUT_BLOCK {blockData=[blockId=conID: 1 locID: 102651687806370235 bcsId: 0,size=3145728]} | ret=SUCCESS |  
2019-08-20 22:34:16,529 [grpc-default-executor-5] INFO  client.GrpcClientProtocolClient (GrpcClientProtocolClient.java:onNext(255)) - client-391BA870FC40->947ec526-030f-41cc-8af7-a6f75e712ab0: receive RaftClientReply:client-391BA870FC40->947ec526-030f-41cc-8af7-a6f75e712ab0@group-5D45C35602B2, cid=1002, SUCCESS, logIndex=1366, commits[947ec526-030f-41cc-8af7-a6f75e712ab0:c1367, c447b9b6-dde2-4ce7-aa81-d0e2eddc8fe9:c1365, 28b540ac-241d-462a-a56c-509e92928066:c1365]
2019-08-20 22:34:16,529 [grpc-default-executor-5] INFO  client.GrpcClientProtocolClient (GrpcClientProtocolClient.java:onNext(255)) - client-391BA870FC40->947ec526-030f-41cc-8af7-a6f75e712ab0: receive RaftClientReply:client-391BA870FC40->947ec526-030f-41cc-8af7-a6f75e712ab0@group-5D45C35602B2, cid=1003, SUCCESS, logIndex=1367, commits[947ec526-030f-41cc-8af7-a6f75e712ab0:c1367, c447b9b6-dde2-4ce7-aa81-d0e2eddc8fe9:c1365, 28b540ac-241d-462a-a56c-509e92928066:c1365]
2019-08-20 22:34:16,535 | INFO  | DNAudit | user=null | ip=null | op=WRITE_CHUNK {blockData=conID: 1 locID: 102651687806370235 bcsId: 1367} | ret=SUCCESS |  
2019-08-20 22:34:16,537 | INFO  | DNAudit | user=null | ip=null | op=WRITE_CHUNK {blockData=conID: 1 locID: 102651687806370235 bcsId: 1367} | ret=SUCCESS |  
2019-08-20 22:34:16,538 | INFO  | DNAudit | user=null | ip=null | op=WRITE_CHUNK {blockData=conID: 1 locID: 102651687806370235 bcsId: 1367} | ret=SUCCESS |  
2019-08-20 22:34:16,540 | INFO  | DNAudit | user=null | ip=null | op=WRITE_CHUNK {blockData=conID: 1 locID: 102651687806370235 bcsId: 1361} | ret=SUCCESS |  
2019-08-20 22:34:16,540 | INFO  | DNAudit | user=null | ip=null | op=WRITE_CHUNK {blockData=conID: 1 locID: 102651687806370235 bcsId: 1361} | ret=SUCCESS |  
2019-08-20 22:34:16,542 | INFO  | DNAudit | user=null | ip=null | op=PUT_BLOCK {blockData=[blockId=conID: 1 locID: 102651687806370235 bcsId: 0,size=3145728]} | ret=SUCCESS |  
2019-08-20 22:34:16,542 | INFO  | DNAudit | user=null | ip=null | op=PUT_BLOCK {blockData=[blockId=conID: 1 locID: 102651687806370235 bcsId: 0,size=3145728]} | ret=SUCCESS |  
2019-08-20 22:34:16,543 | INFO  | DNAudit | user=null | ip=null | op=WRITE_CHUNK {blockData=conID: 1 locID: 102651687806370235 bcsId: 1367} | ret=SUCCESS |  
2019-08-20 22:34:16,543 | INFO  | DNAudit | user=null | ip=null | op=PUT_BLOCK {blockData=[blockId=conID: 1 locID: 102651687806370235 bcsId: 0,size=4194304]} | ret=SUCCESS |  
2019-08-20 22:34:16,543 [grpc-default-executor-2] INFO  client.GrpcClientProtocolClient (GrpcClientProtocolClient.java:onNext(255)) - client-391BA870FC40->947ec526-030f-41cc-8af7-a6f75e712ab0: receive RaftClientReply:client-391BA870FC40->947ec526-030f-41cc-8af7-a6f75e712ab0@group-5D45C35602B2, cid=1004, SUCCESS, logIndex=1370, commits[947ec526-030f-41cc-8af7-a6f75e712ab0:c1371, c447b9b6-dde2-4ce7-aa81-d0e2eddc8fe9:c1367, 28b540ac-241d-462a-a56c-509e92928066:c1367]
2019-08-20 22:34:16,543 [grpc-default-executor-2] INFO  client.GrpcClientProtocolClient (GrpcClientProtocolClient.java:onNext(255)) - client-391BA870FC40->947ec526-030f-41cc-8af7-a6f75e712ab0: receive RaftClientReply:client-391BA870FC40->947ec526-030f-41cc-8af7-a6f75e712ab0@group-5D45C35602B2, cid=1005, SUCCESS, logIndex=1371, commits[947ec526-030f-41cc-8af7-a6f75e712ab0:c1371, c447b9b6-dde2-4ce7-aa81-d0e2eddc8fe9:c1367, 28b540ac-241d-462a-a56c-509e92928066:c1367]
2019-08-20 22:34:16,554 | INFO  | DNAudit | user=null | ip=null | op=WRITE_CHUNK {blockData=conID: 1 locID: 102651687806370235 bcsId: 1367} | ret=SUCCESS |  
2019-08-20 22:34:16,554 | INFO  | DNAudit | user=null | ip=null | op=WRITE_CHUNK {blockData=conID: 1 locID: 102651687806370235 bcsId: 1367} | ret=SUCCESS |  
2019-08-20 22:34:16,557 | INFO  | DNAudit | user=null | ip=null | op=PUT_BLOCK {blockData=[blockId=conID: 1 locID: 102651687806370235 bcsId: 0,size=4194304]} | ret=SUCCESS |  
2019-08-20 22:34:16,557 | INFO  | DNAudit | user=null | ip=null | op=PUT_BLOCK {blockData=[blockId=conID: 1 locID: 102651687806370235 bcsId: 0,size=4194304]} | ret=SUCCESS |  
2019-08-20 22:34:16,558 [grpc-default-executor-2] INFO  client.GrpcClientProtocolClient (GrpcClientProtocolClient.java:onNext(255)) - client-391BA870FC40->947ec526-030f-41cc-8af7-a6f75e712ab0: receive RaftClientReply:client-391BA870FC40->947ec526-030f-41cc-8af7-a6f75e712ab0@group-5D45C35602B2, cid=1006, SUCCESS, logIndex=0, commits[947ec526-030f-41cc-8af7-a6f75e712ab0:c1373, c447b9b6-dde2-4ce7-aa81-d0e2eddc8fe9:c1371, 28b540ac-241d-462a-a56c-509e92928066:c1371]
2019-08-20 22:34:16,564 | INFO  | DNAudit | user=null | ip=null | op=WRITE_CHUNK {blockData=conID: 2 locID: 102651687806370236 bcsId: 0} | ret=SUCCESS |  
2019-08-20 22:34:16,566 | INFO  | DNAudit | user=null | ip=null | op=WRITE_CHUNK {blockData=conID: 2 locID: 102651687806370236 bcsId: 0} | ret=SUCCESS |  
2019-08-20 22:34:16,566 | INFO  | DNAudit | user=null | ip=null | op=WRITE_CHUNK {blockData=conID: 2 locID: 102651687806370236 bcsId: 0} | ret=SUCCESS |  
2019-08-20 22:34:16,566 | INFO  | DNAudit | user=null | ip=null | op=WRITE_CHUNK {blockData=conID: 2 locID: 102651687806370236 bcsId: 0} | ret=SUCCESS |  
2019-08-20 22:34:16,568 | INFO  | DNAudit | user=null | ip=null | op=WRITE_CHUNK {blockData=conID: 2 locID: 102651687806370236 bcsId: 0} | ret=SUCCESS |  
2019-08-20 22:34:16,568 | INFO  | DNAudit | user=null | ip=null | op=WRITE_CHUNK {blockData=conID: 2 locID: 102651687806370236 bcsId: 0} | ret=SUCCESS |  
2019-08-20 22:34:16,576 | INFO  | DNAudit | user=null | ip=null | op=WRITE_CHUNK {blockData=conID: 2 locID: 102651687806370236 bcsId: 0} | ret=SUCCESS |  
2019-08-20 22:34:16,577 | INFO  | DNAudit | user=null | ip=null | op=PUT_BLOCK {blockData=[blockId=conID: 2 locID: 102651687806370236 bcsId: 0,size=1048576]} | ret=SUCCESS |  
2019-08-20 22:34:16,577 [grpc-default-executor-2] INFO  client.GrpcClientProtocolClient (GrpcClientProtocolClient.java:onNext(255)) - client-391BA870FC40->947ec526-030f-41cc-8af7-a6f75e712ab0: receive RaftClientReply:client-391BA870FC40->947ec526-030f-41cc-8af7-a6f75e712ab0@group-5D45C35602B2, cid=1007, SUCCESS, logIndex=1374, commits[947ec526-030f-41cc-8af7-a6f75e712ab0:c1375, c447b9b6-dde2-4ce7-aa81-d0e2eddc8fe9:c1373, 28b540ac-241d-462a-a56c-509e92928066:c1373]
2019-08-20 22:34:16,577 | INFO  | DNAudit | user=null | ip=null | op=WRITE_CHUNK {blockData=conID: 2 locID: 102651687806370236 bcsId: 0} | ret=SUCCESS |  
2019-08-20 22:34:16,578 | INFO  | DNAudit | user=null | ip=null | op=PUT_BLOCK {blockData=[blockId=conID: 2 locID: 102651687806370236 bcsId: 0,size=2097152]} | ret=SUCCESS |  
2019-08-20 22:34:16,578 [grpc-default-executor-2] INFO  client.GrpcClientProtocolClient (GrpcClientProtocolClient.java:onNext(255)) - client-391BA870FC40->947ec526-030f-41cc-8af7-a6f75e712ab0: receive RaftClientReply:client-391BA870FC40->947ec526-030f-41cc-8af7-a6f75e712ab0@group-5D45C35602B2, cid=1008, SUCCESS, logIndex=1375, commits[947ec526-030f-41cc-8af7-a6f75e712ab0:c1375, c447b9b6-dde2-4ce7-aa81-d0e2eddc8fe9:c1373, 28b540ac-241d-462a-a56c-509e92928066:c1373]
2019-08-20 22:34:16,578 [grpc-default-executor-2] INFO  client.GrpcClientProtocolClient (GrpcClientProtocolClient.java:onNext(255)) - client-391BA870FC40->947ec526-030f-41cc-8af7-a6f75e712ab0: receive RaftClientReply:client-391BA870FC40->947ec526-030f-41cc-8af7-a6f75e712ab0@group-5D45C35602B2, cid=1009, SUCCESS, logIndex=1376, commits[947ec526-030f-41cc-8af7-a6f75e712ab0:c1376, c447b9b6-dde2-4ce7-aa81-d0e2eddc8fe9:c1373, 28b540ac-241d-462a-a56c-509e92928066:c1373]
2019-08-20 22:34:16,578 | INFO  | DNAudit | user=null | ip=null | op=WRITE_CHUNK {blockData=conID: 2 locID: 102651687806370236 bcsId: 0} | ret=SUCCESS |  
2019-08-20 22:34:16,578 [grpc-default-executor-2] INFO  client.GrpcClientProtocolClient (GrpcClientProtocolClient.java:onNext(255)) - client-391BA870FC40->947ec526-030f-41cc-8af7-a6f75e712ab0: receive RaftClientReply:client-391BA870FC40->947ec526-030f-41cc-8af7-a6f75e712ab0@group-5D45C35602B2, cid=1010, SUCCESS, logIndex=1377, commits[947ec526-030f-41cc-8af7-a6f75e712ab0:c1377, c447b9b6-dde2-4ce7-aa81-d0e2eddc8fe9:c1373, 28b540ac-241d-462a-a56c-509e92928066:c1373]
2019-08-20 22:34:16,579 | INFO  | DNAudit | user=null | ip=null | op=PUT_BLOCK {blockData=[blockId=conID: 2 locID: 102651687806370236 bcsId: 0,size=1048576]} | ret=SUCCESS |  
2019-08-20 22:34:16,579 | INFO  | DNAudit | user=null | ip=null | op=WRITE_CHUNK {blockData=conID: 2 locID: 102651687806370236 bcsId: 0} | ret=SUCCESS |  
2019-08-20 22:34:16,579 | INFO  | DNAudit | user=null | ip=null | op=PUT_BLOCK {blockData=[blockId=conID: 2 locID: 102651687806370236 bcsId: 0,size=1048576]} | ret=SUCCESS |  
2019-08-20 22:34:16,580 | INFO  | DNAudit | user=null | ip=null | op=WRITE_CHUNK {blockData=conID: 2 locID: 102651687806370236 bcsId: 0} | ret=SUCCESS |  
2019-08-20 22:34:16,579 [grpc-default-executor-4] INFO  client.GrpcClientProtocolClient (GrpcClientProtocolClient.java:onNext(255)) - client-391BA870FC40->947ec526-030f-41cc-8af7-a6f75e712ab0: receive RaftClientReply:client-391BA870FC40->947ec526-030f-41cc-8af7-a6f75e712ab0@group-5D45C35602B2, cid=1011, SUCCESS, logIndex=0, commits[947ec526-030f-41cc-8af7-a6f75e712ab0:c1379, c447b9b6-dde2-4ce7-aa81-d0e2eddc8fe9:c1375, 28b540ac-241d-462a-a56c-509e92928066:c1375]
2019-08-20 22:34:16,580 | INFO  | DNAudit | user=null | ip=null | op=WRITE_CHUNK {blockData=conID: 2 locID: 102651687806370236 bcsId: 0} | ret=SUCCESS |  
2019-08-20 22:34:16,580 | INFO  | DNAudit | user=null | ip=null | op=PUT_BLOCK {blockData=[blockId=conID: 2 locID: 102651687806370236 bcsId: 0,size=2097152]} | ret=SUCCESS |  
2019-08-20 22:34:16,580 | INFO  | DNAudit | user=null | ip=null | op=PUT_BLOCK {blockData=[blockId=conID: 2 locID: 102651687806370236 bcsId: 0,size=2097152]} | ret=SUCCESS |  
2019-08-20 22:34:16,586 | INFO  | DNAudit | user=null | ip=null | op=WRITE_CHUNK {blockData=conID: 2 locID: 102651687806370236 bcsId: 1377} | ret=SUCCESS |  
2019-08-20 22:34:16,589 | INFO  | DNAudit | user=null | ip=null | op=WRITE_CHUNK {blockData=conID: 2 locID: 102651687806370236 bcsId: 1377} | ret=SUCCESS |  
2019-08-20 22:34:16,589 | INFO  | DNAudit | user=null | ip=null | op=WRITE_CHUNK {blockData=conID: 2 locID: 102651687806370236 bcsId: 1377} | ret=SUCCESS |  
2019-08-20 22:34:16,599 | INFO  | DNAudit | user=null | ip=null | op=WRITE_CHUNK {blockData=conID: 2 locID: 102651687806370236 bcsId: 1377} | ret=SUCCESS |  
2019-08-20 22:34:16,599 | INFO  | DNAudit | user=null | ip=null | op=PUT_BLOCK {blockData=[blockId=conID: 2 locID: 102651687806370236 bcsId: 0,size=3145728]} | ret=SUCCESS |  
2019-08-20 22:34:16,599 [grpc-default-executor-5] INFO  client.GrpcClientProtocolClient (GrpcClientProtocolClient.java:onNext(255)) - client-391BA870FC40->947ec526-030f-41cc-8af7-a6f75e712ab0: receive RaftClientReply:client-391BA870FC40->947ec526-030f-41cc-8af7-a6f75e712ab0@group-5D45C35602B2, cid=1012, SUCCESS, logIndex=1382, commits[947ec526-030f-41cc-8af7-a6f75e712ab0:c1383, c447b9b6-dde2-4ce7-aa81-d0e2eddc8fe9:c1381, 28b540ac-241d-462a-a56c-509e92928066:c1381]
2019-08-20 22:34:16,600 [grpc-default-executor-5] INFO  client.GrpcClientProtocolClient (GrpcClientProtocolClient.java:onNext(255)) - client-391BA870FC40->947ec526-030f-41cc-8af7-a6f75e712ab0: receive RaftClientReply:client-391BA870FC40->947ec526-030f-41cc-8af7-a6f75e712ab0@group-5D45C35602B2, cid=1013, SUCCESS, logIndex=1383, commits[947ec526-030f-41cc-8af7-a6f75e712ab0:c1383, c447b9b6-dde2-4ce7-aa81-d0e2eddc8fe9:c1381, 28b540ac-241d-462a-a56c-509e92928066:c1381]
2019-08-20 22:34:16,606 | INFO  | DNAudit | user=null | ip=null | op=WRITE_CHUNK {blockData=conID: 2 locID: 102651687806370236 bcsId: 1383} | ret=SUCCESS |  
2019-08-20 22:34:16,608 | INFO  | DNAudit | user=null | ip=null | op=WRITE_CHUNK {blockData=conID: 2 locID: 102651687806370236 bcsId: 1383} | ret=SUCCESS |  
2019-08-20 22:34:16,609 | INFO  | DNAudit | user=null | ip=null | op=WRITE_CHUNK {blockData=conID: 2 locID: 102651687806370236 bcsId: 1383} | ret=SUCCESS |  
2019-08-20 22:34:16,610 | INFO  | DNAudit | user=null | ip=null | op=WRITE_CHUNK {blockData=conID: 2 locID: 102651687806370236 bcsId: 1377} | ret=SUCCESS |  
2019-08-20 22:34:16,610 | INFO  | DNAudit | user=null | ip=null | op=WRITE_CHUNK {blockData=conID: 2 locID: 102651687806370236 bcsId: 1377} | ret=SUCCESS |  
2019-08-20 22:34:16,614 | INFO  | DNAudit | user=null | ip=null | op=PUT_BLOCK {blockData=[blockId=conID: 2 locID: 102651687806370236 bcsId: 0,size=3145728]} | ret=SUCCESS |  
2019-08-20 22:34:16,614 | INFO  | DNAudit | user=null | ip=null | op=PUT_BLOCK {blockData=[blockId=conID: 2 locID: 102651687806370236 bcsId: 0,size=3145728]} | ret=SUCCESS |  
2019-08-20 22:34:16,614 | INFO  | DNAudit | user=null | ip=null | op=WRITE_CHUNK {blockData=conID: 2 locID: 102651687806370236 bcsId: 1383} | ret=SUCCESS |  
2019-08-20 22:34:16,614 | INFO  | DNAudit | user=null | ip=null | op=PUT_BLOCK {blockData=[blockId=conID: 2 locID: 102651687806370236 bcsId: 0,size=4194304]} | ret=SUCCESS |  
2019-08-20 22:34:16,615 [grpc-default-executor-5] INFO  client.GrpcClientProtocolClient (GrpcClientProtocolClient.java:onNext(255)) - client-391BA870FC40->947ec526-030f-41cc-8af7-a6f75e712ab0: receive RaftClientReply:client-391BA870FC40->947ec526-030f-41cc-8af7-a6f75e712ab0@group-5D45C35602B2, cid=1014, SUCCESS, logIndex=1386, commits[947ec526-030f-41cc-8af7-a6f75e712ab0:c1387, c447b9b6-dde2-4ce7-aa81-d0e2eddc8fe9:c1383, 28b540ac-241d-462a-a56c-509e92928066:c1383]
2019-08-20 22:34:16,615 [grpc-default-executor-5] INFO  client.GrpcClientProtocolClient (GrpcClientProtocolClient.java:onNext(255)) - client-391BA870FC40->947ec526-030f-41cc-8af7-a6f75e712ab0: receive RaftClientReply:client-391BA870FC40->947ec526-030f-41cc-8af7-a6f75e712ab0@group-5D45C35602B2, cid=1015, SUCCESS, logIndex=1387, commits[947ec526-030f-41cc-8af7-a6f75e712ab0:c1387, c447b9b6-dde2-4ce7-aa81-d0e2eddc8fe9:c1383, 28b540ac-241d-462a-a56c-509e92928066:c1383]
2019-08-20 22:34:16,626 | INFO  | DNAudit | user=null | ip=null | op=WRITE_CHUNK {blockData=conID: 2 locID: 102651687806370236 bcsId: 1383} | ret=SUCCESS |  
2019-08-20 22:34:16,626 | INFO  | DNAudit | user=null | ip=null | op=WRITE_CHUNK {blockData=conID: 2 locID: 102651687806370236 bcsId: 1383} | ret=SUCCESS |  
2019-08-20 22:34:16,627 | INFO  | DNAudit | user=null | ip=null | op=PUT_BLOCK {blockData=[blockId=conID: 2 locID: 102651687806370236 bcsId: 0,size=4194304]} | ret=SUCCESS |  
2019-08-20 22:34:16,627 | INFO  | DNAudit | user=null | ip=null | op=PUT_BLOCK {blockData=[blockId=conID: 2 locID: 102651687806370236 bcsId: 0,size=4194304]} | ret=SUCCESS |  
2019-08-20 22:34:16,627 [grpc-default-executor-2] INFO  client.GrpcClientProtocolClient (GrpcClientProtocolClient.java:onNext(255)) - client-391BA870FC40->947ec526-030f-41cc-8af7-a6f75e712ab0: receive RaftClientReply:client-391BA870FC40->947ec526-030f-41cc-8af7-a6f75e712ab0@group-5D45C35602B2, cid=1016, SUCCESS, logIndex=0, commits[947ec526-030f-41cc-8af7-a6f75e712ab0:c1389, c447b9b6-dde2-4ce7-aa81-d0e2eddc8fe9:c1387, 28b540ac-241d-462a-a56c-509e92928066:c1387]
2019-08-20 22:34:16,633 | INFO  | DNAudit | user=null | ip=null | op=WRITE_CHUNK {blockData=conID: 3 locID: 102651687806370237 bcsId: 0} | ret=SUCCESS |  
2019-08-20 22:34:16,635 | INFO  | DNAudit | user=null | ip=null | op=WRITE_CHUNK {blockData=conID: 3 locID: 102651687806370237 bcsId: 0} | ret=SUCCESS |  
2019-08-20 22:34:16,636 | INFO  | DNAudit | user=null | ip=null | op=WRITE_CHUNK {blockData=conID: 3 locID: 102651687806370237 bcsId: 0} | ret=SUCCESS |  
2019-08-20 22:34:16,636 | INFO  | DNAudit | user=null | ip=null | op=WRITE_CHUNK {blockData=conID: 3 locID: 102651687806370237 bcsId: 0} | ret=SUCCESS |  
2019-08-20 22:34:16,637 | INFO  | DNAudit | user=null | ip=null | op=WRITE_CHUNK {blockData=conID: 3 locID: 102651687806370237 bcsId: 0} | ret=SUCCESS |  
2019-08-20 22:34:16,637 | INFO  | DNAudit | user=null | ip=null | op=WRITE_CHUNK {blockData=conID: 3 locID: 102651687806370237 bcsId: 0} | ret=SUCCESS |  
2019-08-20 22:34:16,646 | INFO  | DNAudit | user=null | ip=null | op=WRITE_CHUNK {blockData=conID: 3 locID: 102651687806370237 bcsId: 0} | ret=SUCCESS |  
2019-08-20 22:34:16,646 | INFO  | DNAudit | user=null | ip=null | op=PUT_BLOCK {blockData=[blockId=conID: 3 locID: 102651687806370237 bcsId: 0,size=1048576]} | ret=SUCCESS |  
2019-08-20 22:34:16,646 | INFO  | DNAudit | user=null | ip=null | op=WRITE_CHUNK {blockData=conID: 3 locID: 102651687806370237 bcsId: 0} | ret=SUCCESS |  
2019-08-20 22:34:16,646 [grpc-default-executor-5] INFO  client.GrpcClientProtocolClient (GrpcClientProtocolClient.java:onNext(255)) - client-391BA870FC40->947ec526-030f-41cc-8af7-a6f75e712ab0: receive RaftClientReply:client-391BA870FC40->947ec526-030f-41cc-8af7-a6f75e712ab0@group-5D45C35602B2, cid=1017, SUCCESS, logIndex=1390, commits[947ec526-030f-41cc-8af7-a6f75e712ab0:c1392, c447b9b6-dde2-4ce7-aa81-d0e2eddc8fe9:c1389, 28b540ac-241d-462a-a56c-509e92928066:c1389]
2019-08-20 22:34:16,647 | INFO  | DNAudit | user=null | ip=null | op=PUT_BLOCK {blockData=[blockId=conID: 3 locID: 102651687806370237 bcsId: 0,size=2097152]} | ret=SUCCESS |  
2019-08-20 22:34:16,647 [grpc-default-executor-5] INFO  client.GrpcClientProtocolClient (GrpcClientProtocolClient.java:onNext(255)) - client-391BA870FC40->947ec526-030f-41cc-8af7-a6f75e712ab0: receive RaftClientReply:client-391BA870FC40->947ec526-030f-41cc-8af7-a6f75e712ab0@group-5D45C35602B2, cid=1018, SUCCESS, logIndex=1391, commits[947ec526-030f-41cc-8af7-a6f75e712ab0:c1393, c447b9b6-dde2-4ce7-aa81-d0e2eddc8fe9:c1389, 28b540ac-241d-462a-a56c-509e92928066:c1389]
2019-08-20 22:34:16,647 | INFO  | DNAudit | user=null | ip=null | op=WRITE_CHUNK {blockData=conID: 3 locID: 102651687806370237 bcsId: 0} | ret=SUCCESS |  
2019-08-20 22:34:16,647 | INFO  | DNAudit | user=null | ip=null | op=WRITE_CHUNK {blockData=conID: 3 locID: 102651687806370237 bcsId: 0} | ret=SUCCESS |  
2019-08-20 22:34:16,647 [grpc-default-executor-5] INFO  client.GrpcClientProtocolClient (GrpcClientProtocolClient.java:onNext(255)) - client-391BA870FC40->947ec526-030f-41cc-8af7-a6f75e712ab0: receive RaftClientReply:client-391BA870FC40->947ec526-030f-41cc-8af7-a6f75e712ab0@group-5D45C35602B2, cid=1019, SUCCESS, logIndex=1392, commits[947ec526-030f-41cc-8af7-a6f75e712ab0:c1393, c447b9b6-dde2-4ce7-aa81-d0e2eddc8fe9:c1389, 28b540ac-241d-462a-a56c-509e92928066:c1389]
2019-08-20 22:34:16,647 | INFO  | DNAudit | user=null | ip=null | op=PUT_BLOCK {blockData=[blockId=conID: 3 locID: 102651687806370237 bcsId: 0,size=1048576]} | ret=SUCCESS |  
2019-08-20 22:34:16,647 [grpc-default-executor-5] INFO  client.GrpcClientProtocolClient (GrpcClientProtocolClient.java:onNext(255)) - client-391BA870FC40->947ec526-030f-41cc-8af7-a6f75e712ab0: receive RaftClientReply:client-391BA870FC40->947ec526-030f-41cc-8af7-a6f75e712ab0@group-5D45C35602B2, cid=1020, SUCCESS, logIndex=1393, commits[947ec526-030f-41cc-8af7-a6f75e712ab0:c1393, c447b9b6-dde2-4ce7-aa81-d0e2eddc8fe9:c1389, 28b540ac-241d-462a-a56c-509e92928066:c1389]
2019-08-20 22:34:16,648 | INFO  | DNAudit | user=null | ip=null | op=PUT_BLOCK {blockData=[blockId=conID: 3 locID: 102651687806370237 bcsId: 0,size=1048576]} | ret=SUCCESS |  
2019-08-20 22:34:16,648 | INFO  | DNAudit | user=null | ip=null | op=WRITE_CHUNK {blockData=conID: 3 locID: 102651687806370237 bcsId: 0} | ret=SUCCESS |  
2019-08-20 22:34:16,649 | INFO  | DNAudit | user=null | ip=null | op=WRITE_CHUNK {blockData=conID: 3 locID: 102651687806370237 bcsId: 0} | ret=SUCCESS |  
2019-08-20 22:34:16,649 | INFO  | DNAudit | user=null | ip=null | op=PUT_BLOCK {blockData=[blockId=conID: 3 locID: 102651687806370237 bcsId: 0,size=2097152]} | ret=SUCCESS |  
2019-08-20 22:34:16,649 | INFO  | DNAudit | user=null | ip=null | op=PUT_BLOCK {blockData=[blockId=conID: 3 locID: 102651687806370237 bcsId: 0,size=2097152]} | ret=SUCCESS |  
2019-08-20 22:34:16,649 [grpc-default-executor-3] INFO  client.GrpcClientProtocolClient (GrpcClientProtocolClient.java:onNext(255)) - client-391BA870FC40->947ec526-030f-41cc-8af7-a6f75e712ab0: receive RaftClientReply:client-391BA870FC40->947ec526-030f-41cc-8af7-a6f75e712ab0@group-5D45C35602B2, cid=1021, SUCCESS, logIndex=0, commits[947ec526-030f-41cc-8af7-a6f75e712ab0:c1394, c447b9b6-dde2-4ce7-aa81-d0e2eddc8fe9:c1392, 28b540ac-241d-462a-a56c-509e92928066:c1391]
2019-08-20 22:34:16,655 | INFO  | DNAudit | user=null | ip=null | op=WRITE_CHUNK {blockData=conID: 3 locID: 102651687806370237 bcsId: 1393} | ret=SUCCESS |  
2019-08-20 22:34:16,658 | INFO  | DNAudit | user=null | ip=null | op=WRITE_CHUNK {blockData=conID: 3 locID: 102651687806370237 bcsId: 1393} | ret=SUCCESS |  
2019-08-20 22:34:16,658 | INFO  | DNAudit | user=null | ip=null | op=WRITE_CHUNK {blockData=conID: 3 locID: 102651687806370237 bcsId: 1393} | ret=SUCCESS |  
2019-08-20 22:34:16,666 | INFO  | DNAudit | user=null | ip=null | op=WRITE_CHUNK {blockData=conID: 3 locID: 102651687806370237 bcsId: 1393} | ret=SUCCESS |  
2019-08-20 22:34:16,666 | INFO  | DNAudit | user=null | ip=null | op=PUT_BLOCK {blockData=[blockId=conID: 3 locID: 102651687806370237 bcsId: 0,size=3145728]} | ret=SUCCESS |  
2019-08-20 22:34:16,666 [grpc-default-executor-5] INFO  client.GrpcClientProtocolClient (GrpcClientProtocolClient.java:onNext(255)) - client-391BA870FC40->947ec526-030f-41cc-8af7-a6f75e712ab0: receive RaftClientReply:client-391BA870FC40->947ec526-030f-41cc-8af7-a6f75e712ab0@group-5D45C35602B2, cid=1022, SUCCESS, logIndex=1398, commits[947ec526-030f-41cc-8af7-a6f75e712ab0:c1399, c447b9b6-dde2-4ce7-aa81-d0e2eddc8fe9:c1397, 28b540ac-241d-462a-a56c-509e92928066:c1397]
2019-08-20 22:34:16,667 [grpc-default-executor-5] INFO  client.GrpcClientProtocolClient (GrpcClientProtocolClient.java:onNext(255)) - client-391BA870FC40->947ec526-030f-41cc-8af7-a6f75e712ab0: receive RaftClientReply:client-391BA870FC40->947ec526-030f-41cc-8af7-a6f75e712ab0@group-5D45C35602B2, cid=1023, SUCCESS, logIndex=1399, commits[947ec526-030f-41cc-8af7-a6f75e712ab0:c1399, c447b9b6-dde2-4ce7-aa81-d0e2eddc8fe9:c1397, 28b540ac-241d-462a-a56c-509e92928066:c1397]
2019-08-20 22:34:16,673 | INFO  | DNAudit | user=null | ip=null | op=WRITE_CHUNK {blockData=conID: 3 locID: 102651687806370237 bcsId: 1399} | ret=SUCCESS |  
2019-08-20 22:34:16,675 | INFO  | DNAudit | user=null | ip=null | op=WRITE_CHUNK {blockData=conID: 3 locID: 102651687806370237 bcsId: 1399} | ret=SUCCESS |  
2019-08-20 22:34:16,675 | INFO  | DNAudit | user=null | ip=null | op=WRITE_CHUNK {blockData=conID: 3 locID: 102651687806370237 bcsId: 1399} | ret=SUCCESS |  
2019-08-20 22:34:16,676 | INFO  | DNAudit | user=null | ip=null | op=WRITE_CHUNK {blockData=conID: 3 locID: 102651687806370237 bcsId: 1393} | ret=SUCCESS |  
2019-08-20 22:34:16,676 | INFO  | DNAudit | user=null | ip=null | op=WRITE_CHUNK {blockData=conID: 3 locID: 102651687806370237 bcsId: 1393} | ret=SUCCESS |  
2019-08-20 22:34:16,679 | INFO  | DNAudit | user=null | ip=null | op=PUT_BLOCK {blockData=[blockId=conID: 3 locID: 102651687806370237 bcsId: 0,size=3145728]} | ret=SUCCESS |  
2019-08-20 22:34:16,679 | INFO  | DNAudit | user=null | ip=null | op=PUT_BLOCK {blockData=[blockId=conID: 3 locID: 102651687806370237 bcsId: 0,size=3145728]} | ret=SUCCESS |  
2019-08-20 22:34:16,679 | INFO  | DNAudit | user=null | ip=null | op=WRITE_CHUNK {blockData=conID: 3 locID: 102651687806370237 bcsId: 1399} | ret=SUCCESS |  
2019-08-20 22:34:16,679 | INFO  | DNAudit | user=null | ip=null | op=PUT_BLOCK {blockData=[blockId=conID: 3 locID: 102651687806370237 bcsId: 0,size=4194304]} | ret=SUCCESS |  
2019-08-20 22:34:16,680 [grpc-default-executor-2] INFO  client.GrpcClientProtocolClient (GrpcClientProtocolClient.java:onNext(255)) - client-391BA870FC40->947ec526-030f-41cc-8af7-a6f75e712ab0: receive RaftClientReply:client-391BA870FC40->947ec526-030f-41cc-8af7-a6f75e712ab0@group-5D45C35602B2, cid=1024, SUCCESS, logIndex=1402, commits[947ec526-030f-41cc-8af7-a6f75e712ab0:c1403, c447b9b6-dde2-4ce7-aa81-d0e2eddc8fe9:c1399, 28b540ac-241d-462a-a56c-509e92928066:c1399]
2019-08-20 22:34:16,680 [grpc-default-executor-2] INFO  client.GrpcClientProtocolClient (GrpcClientProtocolClient.java:onNext(255)) - client-391BA870FC40->947ec526-030f-41cc-8af7-a6f75e712ab0: receive RaftClientReply:client-391BA870FC40->947ec526-030f-41cc-8af7-a6f75e712ab0@group-5D45C35602B2, cid=1025, SUCCESS, logIndex=1403, commits[947ec526-030f-41cc-8af7-a6f75e712ab0:c1403, c447b9b6-dde2-4ce7-aa81-d0e2eddc8fe9:c1399, 28b540ac-241d-462a-a56c-509e92928066:c1399]
2019-08-20 22:34:16,681 | INFO  | DNAudit | user=null | ip=null | op=WRITE_CHUNK {blockData=conID: 3 locID: 102651687806370237 bcsId: 1399} | ret=SUCCESS |  
2019-08-20 22:34:16,681 | INFO  | DNAudit | user=null | ip=null | op=WRITE_CHUNK {blockData=conID: 3 locID: 102651687806370237 bcsId: 1399} | ret=SUCCESS |  
2019-08-20 22:34:16,681 | INFO  | DNAudit | user=null | ip=null | op=PUT_BLOCK {blockData=[blockId=conID: 3 locID: 102651687806370237 bcsId: 0,size=4194304]} | ret=SUCCESS |  
2019-08-20 22:34:16,681 | INFO  | DNAudit | user=null | ip=null | op=PUT_BLOCK {blockData=[blockId=conID: 3 locID: 102651687806370237 bcsId: 0,size=4194304]} | ret=SUCCESS |  
2019-08-20 22:34:16,681 [grpc-default-executor-2] INFO  client.GrpcClientProtocolClient (GrpcClientProtocolClient.java:onNext(255)) - client-391BA870FC40->947ec526-030f-41cc-8af7-a6f75e712ab0: receive RaftClientReply:client-391BA870FC40->947ec526-030f-41cc-8af7-a6f75e712ab0@group-5D45C35602B2, cid=1026, SUCCESS, logIndex=0, commits[947ec526-030f-41cc-8af7-a6f75e712ab0:c1404, c447b9b6-dde2-4ce7-aa81-d0e2eddc8fe9:c1403, 28b540ac-241d-462a-a56c-509e92928066:c1403]
2019-08-20 22:34:16,687 | INFO  | DNAudit | user=null | ip=null | op=WRITE_CHUNK {blockData=conID: 1 locID: 102651687806370238 bcsId: 0} | ret=SUCCESS |  
2019-08-20 22:34:16,690 | INFO  | DNAudit | user=null | ip=null | op=WRITE_CHUNK {blockData=conID: 1 locID: 102651687806370238 bcsId: 0} | ret=SUCCESS |  
2019-08-20 22:34:16,690 | INFO  | DNAudit | user=null | ip=null | op=WRITE_CHUNK {blockData=conID: 1 locID: 102651687806370238 bcsId: 0} | ret=SUCCESS |  
2019-08-20 22:34:16,691 | INFO  | DNAudit | user=null | ip=null | op=WRITE_CHUNK {blockData=conID: 1 locID: 102651687806370238 bcsId: 0} | ret=SUCCESS |  
2019-08-20 22:34:16,692 | INFO  | DNAudit | user=null | ip=null | op=WRITE_CHUNK {blockData=conID: 1 locID: 102651687806370238 bcsId: 0} | ret=SUCCESS |  
2019-08-20 22:34:16,692 | INFO  | DNAudit | user=null | ip=null | op=WRITE_CHUNK {blockData=conID: 1 locID: 102651687806370238 bcsId: 0} | ret=SUCCESS |  
2019-08-20 22:34:16,699 | INFO  | DNAudit | user=null | ip=null | op=WRITE_CHUNK {blockData=conID: 1 locID: 102651687806370238 bcsId: 0} | ret=SUCCESS |  
2019-08-20 22:34:16,699 | INFO  | DNAudit | user=null | ip=null | op=PUT_BLOCK {blockData=[blockId=conID: 1 locID: 102651687806370238 bcsId: 0,size=1048576]} | ret=SUCCESS |  
2019-08-20 22:34:16,699 [grpc-default-executor-4] INFO  client.GrpcClientProtocolClient (GrpcClientProtocolClient.java:onNext(255)) - client-391BA870FC40->947ec526-030f-41cc-8af7-a6f75e712ab0: receive RaftClientReply:client-391BA870FC40->947ec526-030f-41cc-8af7-a6f75e712ab0@group-5D45C35602B2, cid=1027, SUCCESS, logIndex=1406, commits[947ec526-030f-41cc-8af7-a6f75e712ab0:c1408, c447b9b6-dde2-4ce7-aa81-d0e2eddc8fe9:c1405, 28b540ac-241d-462a-a56c-509e92928066:c1405]
2019-08-20 22:34:16,699 | INFO  | DNAudit | user=null | ip=null | op=WRITE_CHUNK {blockData=conID: 1 locID: 102651687806370238 bcsId: 0} | ret=SUCCESS |  
2019-08-20 22:34:16,700 | INFO  | DNAudit | user=null | ip=null | op=PUT_BLOCK {blockData=[blockId=conID: 1 locID: 102651687806370238 bcsId: 0,size=2097152]} | ret=SUCCESS |  
2019-08-20 22:34:16,700 [grpc-default-executor-4] INFO  client.GrpcClientProtocolClient (GrpcClientProtocolClient.java:onNext(255)) - client-391BA870FC40->947ec526-030f-41cc-8af7-a6f75e712ab0: receive RaftClientReply:client-391BA870FC40->947ec526-030f-41cc-8af7-a6f75e712ab0@group-5D45C35602B2, cid=1028, SUCCESS, logIndex=1407, commits[947ec526-030f-41cc-8af7-a6f75e712ab0:c1409, c447b9b6-dde2-4ce7-aa81-d0e2eddc8fe9:c1405, 28b540ac-241d-462a-a56c-509e92928066:c1405]
2019-08-20 22:34:16,700 [grpc-default-executor-4] INFO  client.GrpcClientProtocolClient (GrpcClientProtocolClient.java:onNext(255)) - client-391BA870FC40->947ec526-030f-41cc-8af7-a6f75e712ab0: receive RaftClientReply:client-391BA870FC40->947ec526-030f-41cc-8af7-a6f75e712ab0@group-5D45C35602B2, cid=1029, SUCCESS, logIndex=1408, commits[947ec526-030f-41cc-8af7-a6f75e712ab0:c1409, c447b9b6-dde2-4ce7-aa81-d0e2eddc8fe9:c1405, 28b540ac-241d-462a-a56c-509e92928066:c1405]
2019-08-20 22:34:16,700 [grpc-default-executor-4] INFO  client.GrpcClientProtocolClient (GrpcClientProtocolClient.java:onNext(255)) - client-391BA870FC40->947ec526-030f-41cc-8af7-a6f75e712ab0: receive RaftClientReply:client-391BA870FC40->947ec526-030f-41cc-8af7-a6f75e712ab0@group-5D45C35602B2, cid=1030, SUCCESS, logIndex=1409, commits[947ec526-030f-41cc-8af7-a6f75e712ab0:c1409, c447b9b6-dde2-4ce7-aa81-d0e2eddc8fe9:c1405, 28b540ac-241d-462a-a56c-509e92928066:c1405]
2019-08-20 22:34:16,701 | INFO  | DNAudit | user=null | ip=null | op=WRITE_CHUNK {blockData=conID: 1 locID: 102651687806370238 bcsId: 0} | ret=SUCCESS |  
2019-08-20 22:34:16,701 | INFO  | DNAudit | user=null | ip=null | op=WRITE_CHUNK {blockData=conID: 1 locID: 102651687806370238 bcsId: 0} | ret=SUCCESS |  
2019-08-20 22:34:16,701 | INFO  | DNAudit | user=null | ip=null | op=PUT_BLOCK {blockData=[blockId=conID: 1 locID: 102651687806370238 bcsId: 0,size=1048576]} | ret=SUCCESS |  
2019-08-20 22:34:16,701 | INFO  | DNAudit | user=null | ip=null | op=PUT_BLOCK {blockData=[blockId=conID: 1 locID: 102651687806370238 bcsId: 0,size=1048576]} | ret=SUCCESS |  
2019-08-20 22:34:16,701 | INFO  | DNAudit | user=null | ip=null | op=WRITE_CHUNK {blockData=conID: 1 locID: 102651687806370238 bcsId: 0} | ret=SUCCESS |  
2019-08-20 22:34:16,701 | INFO  | DNAudit | user=null | ip=null | op=PUT_BLOCK {blockData=[blockId=conID: 1 locID: 102651687806370238 bcsId: 0,size=2097152]} | ret=SUCCESS |  
2019-08-20 22:34:16,701 [grpc-default-executor-4] INFO  client.GrpcClientProtocolClient (GrpcClientProtocolClient.java:onNext(255)) - client-391BA870FC40->947ec526-030f-41cc-8af7-a6f75e712ab0: receive RaftClientReply:client-391BA870FC40->947ec526-030f-41cc-8af7-a6f75e712ab0@group-5D45C35602B2, cid=1031, SUCCESS, logIndex=0, commits[947ec526-030f-41cc-8af7-a6f75e712ab0:c1410, c447b9b6-dde2-4ce7-aa81-d0e2eddc8fe9:c1407, 28b540ac-241d-462a-a56c-509e92928066:c1407]
2019-08-20 22:34:16,702 | INFO  | DNAudit | user=null | ip=null | op=WRITE_CHUNK {blockData=conID: 1 locID: 102651687806370238 bcsId: 0} | ret=SUCCESS |  
2019-08-20 22:34:16,702 | INFO  | DNAudit | user=null | ip=null | op=PUT_BLOCK {blockData=[blockId=conID: 1 locID: 102651687806370238 bcsId: 0,size=2097152]} | ret=SUCCESS |  
2019-08-20 22:34:16,707 | INFO  | DNAudit | user=null | ip=null | op=WRITE_CHUNK {blockData=conID: 1 locID: 102651687806370238 bcsId: 1409} | ret=SUCCESS |  
2019-08-20 22:34:16,709 | INFO  | DNAudit | user=null | ip=null | op=WRITE_CHUNK {blockData=conID: 1 locID: 102651687806370238 bcsId: 1409} | ret=SUCCESS |  
2019-08-20 22:34:16,709 | INFO  | DNAudit | user=null | ip=null | op=WRITE_CHUNK {blockData=conID: 1 locID: 102651687806370238 bcsId: 1409} | ret=SUCCESS |  
2019-08-20 22:34:16,729 | INFO  | DNAudit | user=null | ip=null | op=WRITE_CHUNK {blockData=conID: 1 locID: 102651687806370238 bcsId: 1409} | ret=SUCCESS |  
2019-08-20 22:34:16,729 | INFO  | DNAudit | user=null | ip=null | op=PUT_BLOCK {blockData=[blockId=conID: 1 locID: 102651687806370238 bcsId: 0,size=3145728]} | ret=SUCCESS |  
2019-08-20 22:34:16,729 [grpc-default-executor-4] INFO  client.GrpcClientProtocolClient (GrpcClientProtocolClient.java:onNext(255)) - client-391BA870FC40->947ec526-030f-41cc-8af7-a6f75e712ab0: receive RaftClientReply:client-391BA870FC40->947ec526-030f-41cc-8af7-a6f75e712ab0@group-5D45C35602B2, cid=1032, SUCCESS, logIndex=1414, commits[947ec526-030f-41cc-8af7-a6f75e712ab0:c1415, c447b9b6-dde2-4ce7-aa81-d0e2eddc8fe9:c1413, 28b540ac-241d-462a-a56c-509e92928066:c1413]
2019-08-20 22:34:16,730 [grpc-default-executor-4] INFO  client.GrpcClientProtocolClient (GrpcClientProtocolClient.java:onNext(255)) - client-391BA870FC40->947ec526-030f-41cc-8af7-a6f75e712ab0: receive RaftClientReply:client-391BA870FC40->947ec526-030f-41cc-8af7-a6f75e712ab0@group-5D45C35602B2, cid=1033, SUCCESS, logIndex=1415, commits[947ec526-030f-41cc-8af7-a6f75e712ab0:c1415, c447b9b6-dde2-4ce7-aa81-d0e2eddc8fe9:c1413, 28b540ac-241d-462a-a56c-509e92928066:c1413]
2019-08-20 22:34:16,736 | INFO  | DNAudit | user=null | ip=null | op=WRITE_CHUNK {blockData=conID: 1 locID: 102651687806370238 bcsId: 1415} | ret=SUCCESS |  
2019-08-20 22:34:16,738 | INFO  | DNAudit | user=null | ip=null | op=WRITE_CHUNK {blockData=conID: 1 locID: 102651687806370238 bcsId: 1415} | ret=SUCCESS |  
2019-08-20 22:34:16,738 | INFO  | DNAudit | user=null | ip=null | op=WRITE_CHUNK {blockData=conID: 1 locID: 102651687806370238 bcsId: 1415} | ret=SUCCESS |  
2019-08-20 22:34:16,740 | INFO  | DNAudit | user=null | ip=null | op=WRITE_CHUNK {blockData=conID: 1 locID: 102651687806370238 bcsId: 1409} | ret=SUCCESS |  
2019-08-20 22:34:16,740 | INFO  | DNAudit | user=null | ip=null | op=WRITE_CHUNK {blockData=conID: 1 locID: 102651687806370238 bcsId: 1409} | ret=SUCCESS |  
2019-08-20 22:34:16,741 | INFO  | DNAudit | user=null | ip=null | op=PUT_BLOCK {blockData=[blockId=conID: 1 locID: 102651687806370238 bcsId: 0,size=3145728]} | ret=SUCCESS |  
2019-08-20 22:34:16,741 | INFO  | DNAudit | user=null | ip=null | op=PUT_BLOCK {blockData=[blockId=conID: 1 locID: 102651687806370238 bcsId: 0,size=3145728]} | ret=SUCCESS |  
2019-08-20 22:34:16,742 | INFO  | DNAudit | user=null | ip=null | op=WRITE_CHUNK {blockData=conID: 1 locID: 102651687806370238 bcsId: 1415} | ret=SUCCESS |  
2019-08-20 22:34:16,742 | INFO  | DNAudit | user=null | ip=null | op=PUT_BLOCK {blockData=[blockId=conID: 1 locID: 102651687806370238 bcsId: 0,size=4194304]} | ret=SUCCESS |  
2019-08-20 22:34:16,742 [grpc-default-executor-5] INFO  client.GrpcClientProtocolClient (GrpcClientProtocolClient.java:onNext(255)) - client-391BA870FC40->947ec526-030f-41cc-8af7-a6f75e712ab0: receive RaftClientReply:client-391BA870FC40->947ec526-030f-41cc-8af7-a6f75e712ab0@group-5D45C35602B2, cid=1034, SUCCESS, logIndex=1418, commits[947ec526-030f-41cc-8af7-a6f75e712ab0:c1419, c447b9b6-dde2-4ce7-aa81-d0e2eddc8fe9:c1415, 28b540ac-241d-462a-a56c-509e92928066:c1415]
2019-08-20 22:34:16,743 [grpc-default-executor-5] INFO  client.GrpcClientProtocolClient (GrpcClientProtocolClient.java:onNext(255)) - client-391BA870FC40->947ec526-030f-41cc-8af7-a6f75e712ab0: receive RaftClientReply:client-391BA870FC40->947ec526-030f-41cc-8af7-a6f75e712ab0@group-5D45C35602B2, cid=1035, SUCCESS, logIndex=1419, commits[947ec526-030f-41cc-8af7-a6f75e712ab0:c1419, c447b9b6-dde2-4ce7-aa81-d0e2eddc8fe9:c1415, 28b540ac-241d-462a-a56c-509e92928066:c1415]
2019-08-20 22:34:16,752 | INFO  | DNAudit | user=null | ip=null | op=WRITE_CHUNK {blockData=conID: 1 locID: 102651687806370238 bcsId: 1415} | ret=SUCCESS |  
2019-08-20 22:34:16,752 | INFO  | DNAudit | user=null | ip=null | op=WRITE_CHUNK {blockData=conID: 1 locID: 102651687806370238 bcsId: 1415} | ret=SUCCESS |  
2019-08-20 22:34:16,753 | INFO  | DNAudit | user=null | ip=null | op=PUT_BLOCK {blockData=[blockId=conID: 1 locID: 102651687806370238 bcsId: 0,size=4194304]} | ret=SUCCESS |  
2019-08-20 22:34:16,753 | INFO  | DNAudit | user=null | ip=null | op=PUT_BLOCK {blockData=[blockId=conID: 1 locID: 102651687806370238 bcsId: 0,size=4194304]} | ret=SUCCESS |  
2019-08-20 22:34:16,754 [grpc-default-executor-5] INFO  client.GrpcClientProtocolClient (GrpcClientProtocolClient.java:onNext(255)) - client-391BA870FC40->947ec526-030f-41cc-8af7-a6f75e712ab0: receive RaftClientReply:client-391BA870FC40->947ec526-030f-41cc-8af7-a6f75e712ab0@group-5D45C35602B2, cid=1036, SUCCESS, logIndex=0, commits[947ec526-030f-41cc-8af7-a6f75e712ab0:c1421, c447b9b6-dde2-4ce7-aa81-d0e2eddc8fe9:c1419, 28b540ac-241d-462a-a56c-509e92928066:c1419]
2019-08-20 22:34:16,761 | INFO  | DNAudit | user=null | ip=null | op=WRITE_CHUNK {blockData=conID: 2 locID: 102651687806370239 bcsId: 0} | ret=SUCCESS |  
2019-08-20 22:34:16,762 | INFO  | DNAudit | user=null | ip=null | op=WRITE_CHUNK {blockData=conID: 2 locID: 102651687806370239 bcsId: 0} | ret=SUCCESS |  
2019-08-20 22:34:16,763 | INFO  | DNAudit | user=null | ip=null | op=WRITE_CHUNK {blockData=conID: 2 locID: 102651687806370239 bcsId: 0} | ret=SUCCESS |  
2019-08-20 22:34:16,763 | INFO  | DNAudit | user=null | ip=null | op=WRITE_CHUNK {blockData=conID: 2 locID: 102651687806370239 bcsId: 0} | ret=SUCCESS |  
2019-08-20 22:34:16,764 | INFO  | DNAudit | user=null | ip=null | op=WRITE_CHUNK {blockData=conID: 2 locID: 102651687806370239 bcsId: 0} | ret=SUCCESS |  
2019-08-20 22:34:16,765 | INFO  | DNAudit | user=null | ip=null | op=WRITE_CHUNK {blockData=conID: 2 locID: 102651687806370239 bcsId: 0} | ret=SUCCESS |  
2019-08-20 22:34:16,774 | INFO  | DNAudit | user=null | ip=null | op=WRITE_CHUNK {blockData=conID: 2 locID: 102651687806370239 bcsId: 0} | ret=SUCCESS |  
2019-08-20 22:34:16,774 | INFO  | DNAudit | user=null | ip=null | op=PUT_BLOCK {blockData=[blockId=conID: 2 locID: 102651687806370239 bcsId: 0,size=1048576]} | ret=SUCCESS |  
2019-08-20 22:34:16,775 | INFO  | DNAudit | user=null | ip=null | op=WRITE_CHUNK {blockData=conID: 2 locID: 102651687806370239 bcsId: 0} | ret=SUCCESS |  
2019-08-20 22:34:16,775 [grpc-default-executor-3] INFO  client.GrpcClientProtocolClient (GrpcClientProtocolClient.java:onNext(255)) - client-391BA870FC40->947ec526-030f-41cc-8af7-a6f75e712ab0: receive RaftClientReply:client-391BA870FC40->947ec526-030f-41cc-8af7-a6f75e712ab0@group-5D45C35602B2, cid=1037, SUCCESS, logIndex=1422, commits[947ec526-030f-41cc-8af7-a6f75e712ab0:c1424, c447b9b6-dde2-4ce7-aa81-d0e2eddc8fe9:c1421, 28b540ac-241d-462a-a56c-509e92928066:c1421]
2019-08-20 22:34:16,775 | INFO  | DNAudit | user=null | ip=null | op=PUT_BLOCK {blockData=[blockId=conID: 2 locID: 102651687806370239 bcsId: 0,size=2097152]} | ret=SUCCESS |  
2019-08-20 22:34:16,775 [grpc-default-executor-3] INFO  client.GrpcClientProtocolClient (GrpcClientProtocolClient.java:onNext(255)) - client-391BA870FC40->947ec526-030f-41cc-8af7-a6f75e712ab0: receive RaftClientReply:client-391BA870FC40->947ec526-030f-41cc-8af7-a6f75e712ab0@group-5D45C35602B2, cid=1038, SUCCESS, logIndex=1423, commits[947ec526-030f-41cc-8af7-a6f75e712ab0:c1425, c447b9b6-dde2-4ce7-aa81-d0e2eddc8fe9:c1421, 28b540ac-241d-462a-a56c-509e92928066:c1421]
2019-08-20 22:34:16,775 [grpc-default-executor-3] INFO  client.GrpcClientProtocolClient (GrpcClientProtocolClient.java:onNext(255)) - client-391BA870FC40->947ec526-030f-41cc-8af7-a6f75e712ab0: receive RaftClientReply:client-391BA870FC40->947ec526-030f-41cc-8af7-a6f75e712ab0@group-5D45C35602B2, cid=1039, SUCCESS, logIndex=1424, commits[947ec526-030f-41cc-8af7-a6f75e712ab0:c1425, c447b9b6-dde2-4ce7-aa81-d0e2eddc8fe9:c1421, 28b540ac-241d-462a-a56c-509e92928066:c1421]
2019-08-20 22:34:16,776 | INFO  | DNAudit | user=null | ip=null | op=WRITE_CHUNK {blockData=conID: 2 locID: 102651687806370239 bcsId: 0} | ret=SUCCESS |  
2019-08-20 22:34:16,776 | INFO  | DNAudit | user=null | ip=null | op=WRITE_CHUNK {blockData=conID: 2 locID: 102651687806370239 bcsId: 0} | ret=SUCCESS |  
2019-08-20 22:34:16,776 | INFO  | DNAudit | user=null | ip=null | op=PUT_BLOCK {blockData=[blockId=conID: 2 locID: 102651687806370239 bcsId: 0,size=1048576]} | ret=SUCCESS |  
2019-08-20 22:34:16,776 [grpc-default-executor-5] INFO  client.GrpcClientProtocolClient (GrpcClientProtocolClient.java:onNext(255)) - client-391BA870FC40->947ec526-030f-41cc-8af7-a6f75e712ab0: receive RaftClientReply:client-391BA870FC40->947ec526-030f-41cc-8af7-a6f75e712ab0@group-5D45C35602B2, cid=1040, SUCCESS, logIndex=1425, commits[947ec526-030f-41cc-8af7-a6f75e712ab0:c1425, c447b9b6-dde2-4ce7-aa81-d0e2eddc8fe9:c1421, 28b540ac-241d-462a-a56c-509e92928066:c1421]
2019-08-20 22:34:16,777 | INFO  | DNAudit | user=null | ip=null | op=WRITE_CHUNK {blockData=conID: 2 locID: 102651687806370239 bcsId: 0} | ret=SUCCESS |  
2019-08-20 22:34:16,777 | INFO  | DNAudit | user=null | ip=null | op=PUT_BLOCK {blockData=[blockId=conID: 2 locID: 102651687806370239 bcsId: 0,size=2097152]} | ret=SUCCESS |  
2019-08-20 22:34:16,777 | INFO  | DNAudit | user=null | ip=null | op=PUT_BLOCK {blockData=[blockId=conID: 2 locID: 102651687806370239 bcsId: 0,size=1048576]} | ret=SUCCESS |  
2019-08-20 22:34:16,777 | INFO  | DNAudit | user=null | ip=null | op=WRITE_CHUNK {blockData=conID: 2 locID: 102651687806370239 bcsId: 0} | ret=SUCCESS |  
2019-08-20 22:34:16,777 | INFO  | DNAudit | user=null | ip=null | op=PUT_BLOCK {blockData=[blockId=conID: 2 locID: 102651687806370239 bcsId: 0,size=2097152]} | ret=SUCCESS |  
2019-08-20 22:34:16,777 [grpc-default-executor-5] INFO  client.GrpcClientProtocolClient (GrpcClientProtocolClient.java:onNext(255)) - client-391BA870FC40->947ec526-030f-41cc-8af7-a6f75e712ab0: receive RaftClientReply:client-391BA870FC40->947ec526-030f-41cc-8af7-a6f75e712ab0@group-5D45C35602B2, cid=1041, SUCCESS, logIndex=0, commits[947ec526-030f-41cc-8af7-a6f75e712ab0:c1428, c447b9b6-dde2-4ce7-aa81-d0e2eddc8fe9:c1424, 28b540ac-241d-462a-a56c-509e92928066:c1423]
2019-08-20 22:34:16,785 | INFO  | DNAudit | user=null | ip=null | op=WRITE_CHUNK {blockData=conID: 2 locID: 102651687806370239 bcsId: 1425} | ret=SUCCESS |  
2019-08-20 22:34:16,788 | INFO  | DNAudit | user=null | ip=null | op=WRITE_CHUNK {blockData=conID: 2 locID: 102651687806370239 bcsId: 1425} | ret=SUCCESS |  
2019-08-20 22:34:16,788 | INFO  | DNAudit | user=null | ip=null | op=WRITE_CHUNK {blockData=conID: 2 locID: 102651687806370239 bcsId: 1425} | ret=SUCCESS |  
2019-08-20 22:34:16,799 | INFO  | DNAudit | user=null | ip=null | op=WRITE_CHUNK {blockData=conID: 2 locID: 102651687806370239 bcsId: 1425} | ret=SUCCESS |  
2019-08-20 22:34:16,799 | INFO  | DNAudit | user=null | ip=null | op=PUT_BLOCK {blockData=[blockId=conID: 2 locID: 102651687806370239 bcsId: 0,size=3145728]} | ret=SUCCESS |  
2019-08-20 22:34:16,800 [grpc-default-executor-2] INFO  client.GrpcClientProtocolClient (GrpcClientProtocolClient.java:onNext(255)) - client-391BA870FC40->947ec526-030f-41cc-8af7-a6f75e712ab0: receive RaftClientReply:client-391BA870FC40->947ec526-030f-41cc-8af7-a6f75e712ab0@group-5D45C35602B2, cid=1042, SUCCESS, logIndex=1430, commits[947ec526-030f-41cc-8af7-a6f75e712ab0:c1431, c447b9b6-dde2-4ce7-aa81-d0e2eddc8fe9:c1429, 28b540ac-241d-462a-a56c-509e92928066:c1429]
2019-08-20 22:34:16,800 [grpc-default-executor-2] INFO  client.GrpcClientProtocolClient (GrpcClientProtocolClient.java:onNext(255)) - client-391BA870FC40->947ec526-030f-41cc-8af7-a6f75e712ab0: receive RaftClientReply:client-391BA870FC40->947ec526-030f-41cc-8af7-a6f75e712ab0@group-5D45C35602B2, cid=1043, SUCCESS, logIndex=1431, commits[947ec526-030f-41cc-8af7-a6f75e712ab0:c1431, c447b9b6-dde2-4ce7-aa81-d0e2eddc8fe9:c1429, 28b540ac-241d-462a-a56c-509e92928066:c1429]
2019-08-20 22:34:16,806 | INFO  | DNAudit | user=null | ip=null | op=WRITE_CHUNK {blockData=conID: 2 locID: 102651687806370239 bcsId: 1431} | ret=SUCCESS |  
2019-08-20 22:34:16,808 | INFO  | DNAudit | user=null | ip=null | op=WRITE_CHUNK {blockData=conID: 2 locID: 102651687806370239 bcsId: 1431} | ret=SUCCESS |  
2019-08-20 22:34:16,808 | INFO  | DNAudit | user=null | ip=null | op=WRITE_CHUNK {blockData=conID: 2 locID: 102651687806370239 bcsId: 1431} | ret=SUCCESS |  
2019-08-20 22:34:16,810 | INFO  | DNAudit | user=null | ip=null | op=WRITE_CHUNK {blockData=conID: 2 locID: 102651687806370239 bcsId: 1425} | ret=SUCCESS |  
2019-08-20 22:34:16,810 | INFO  | DNAudit | user=null | ip=null | op=WRITE_CHUNK {blockData=conID: 2 locID: 102651687806370239 bcsId: 1425} | ret=SUCCESS |  
2019-08-20 22:34:16,811 | INFO  | DNAudit | user=null | ip=null | op=PUT_BLOCK {blockData=[blockId=conID: 2 locID: 102651687806370239 bcsId: 0,size=3145728]} | ret=SUCCESS |  
2019-08-20 22:34:16,811 | INFO  | DNAudit | user=null | ip=null | op=PUT_BLOCK {blockData=[blockId=conID: 2 locID: 102651687806370239 bcsId: 0,size=3145728]} | ret=SUCCESS |  
2019-08-20 22:34:16,812 | INFO  | DNAudit | user=null | ip=null | op=WRITE_CHUNK {blockData=conID: 2 locID: 102651687806370239 bcsId: 1431} | ret=SUCCESS |  
2019-08-20 22:34:16,812 | INFO  | DNAudit | user=null | ip=null | op=PUT_BLOCK {blockData=[blockId=conID: 2 locID: 102651687806370239 bcsId: 0,size=4194304]} | ret=SUCCESS |  
2019-08-20 22:34:16,812 [grpc-default-executor-2] INFO  client.GrpcClientProtocolClient (GrpcClientProtocolClient.java:onNext(255)) - client-391BA870FC40->947ec526-030f-41cc-8af7-a6f75e712ab0: receive RaftClientReply:client-391BA870FC40->947ec526-030f-41cc-8af7-a6f75e712ab0@group-5D45C35602B2, cid=1044, SUCCESS, logIndex=1434, commits[947ec526-030f-41cc-8af7-a6f75e712ab0:c1435, c447b9b6-dde2-4ce7-aa81-d0e2eddc8fe9:c1431, 28b540ac-241d-462a-a56c-509e92928066:c1431]
2019-08-20 22:34:16,812 [grpc-default-executor-2] INFO  client.GrpcClientProtocolClient (GrpcClientProtocolClient.java:onNext(255)) - client-391BA870FC40->947ec526-030f-41cc-8af7-a6f75e712ab0: receive RaftClientReply:client-391BA870FC40->947ec526-030f-41cc-8af7-a6f75e712ab0@group-5D45C35602B2, cid=1045, SUCCESS, logIndex=1435, commits[947ec526-030f-41cc-8af7-a6f75e712ab0:c1435, c447b9b6-dde2-4ce7-aa81-d0e2eddc8fe9:c1431, 28b540ac-241d-462a-a56c-509e92928066:c1431]
2019-08-20 22:34:16,823 | INFO  | DNAudit | user=null | ip=null | op=WRITE_CHUNK {blockData=conID: 2 locID: 102651687806370239 bcsId: 1431} | ret=SUCCESS |  
2019-08-20 22:34:16,823 | INFO  | DNAudit | user=null | ip=null | op=WRITE_CHUNK {blockData=conID: 2 locID: 102651687806370239 bcsId: 1431} | ret=SUCCESS |  
2019-08-20 22:34:16,826 | INFO  | DNAudit | user=null | ip=null | op=PUT_BLOCK {blockData=[blockId=conID: 2 locID: 102651687806370239 bcsId: 0,size=4194304]} | ret=SUCCESS |  
2019-08-20 22:34:16,826 | INFO  | DNAudit | user=null | ip=null | op=PUT_BLOCK {blockData=[blockId=conID: 2 locID: 102651687806370239 bcsId: 0,size=4194304]} | ret=SUCCESS |  
2019-08-20 22:34:16,826 [grpc-default-executor-3] INFO  client.GrpcClientProtocolClient (GrpcClientProtocolClient.java:onNext(255)) - client-391BA870FC40->947ec526-030f-41cc-8af7-a6f75e712ab0: receive RaftClientReply:client-391BA870FC40->947ec526-030f-41cc-8af7-a6f75e712ab0@group-5D45C35602B2, cid=1046, SUCCESS, logIndex=0, commits[947ec526-030f-41cc-8af7-a6f75e712ab0:c1437, c447b9b6-dde2-4ce7-aa81-d0e2eddc8fe9:c1435, 28b540ac-241d-462a-a56c-509e92928066:c1435]
2019-08-20 22:34:16,832 | INFO  | DNAudit | user=null | ip=null | op=WRITE_CHUNK {blockData=conID: 3 locID: 102651687806435776 bcsId: 0} | ret=SUCCESS |  
2019-08-20 22:34:16,834 | INFO  | DNAudit | user=null | ip=null | op=WRITE_CHUNK {blockData=conID: 3 locID: 102651687806435776 bcsId: 0} | ret=SUCCESS |  
2019-08-20 22:34:16,835 | INFO  | DNAudit | user=null | ip=null | op=WRITE_CHUNK {blockData=conID: 3 locID: 102651687806435776 bcsId: 0} | ret=SUCCESS |  
2019-08-20 22:34:16,835 | INFO  | DNAudit | user=null | ip=null | op=WRITE_CHUNK {blockData=conID: 3 locID: 102651687806435776 bcsId: 0} | ret=SUCCESS |  
2019-08-20 22:34:16,836 | INFO  | DNAudit | user=null | ip=null | op=WRITE_CHUNK {blockData=conID: 3 locID: 102651687806435776 bcsId: 0} | ret=SUCCESS |  
2019-08-20 22:34:16,836 | INFO  | DNAudit | user=null | ip=null | op=WRITE_CHUNK {blockData=conID: 3 locID: 102651687806435776 bcsId: 0} | ret=SUCCESS |  
2019-08-20 22:34:16,844 | INFO  | DNAudit | user=null | ip=null | op=WRITE_CHUNK {blockData=conID: 3 locID: 102651687806435776 bcsId: 0} | ret=SUCCESS |  
2019-08-20 22:34:16,845 | INFO  | DNAudit | user=null | ip=null | op=PUT_BLOCK {blockData=[blockId=conID: 3 locID: 102651687806435776 bcsId: 0,size=1048576]} | ret=SUCCESS |  
2019-08-20 22:34:16,845 | INFO  | DNAudit | user=null | ip=null | op=WRITE_CHUNK {blockData=conID: 3 locID: 102651687806435776 bcsId: 0} | ret=SUCCESS |  
2019-08-20 22:34:16,845 [grpc-default-executor-3] INFO  client.GrpcClientProtocolClient (GrpcClientProtocolClient.java:onNext(255)) - client-391BA870FC40->947ec526-030f-41cc-8af7-a6f75e712ab0: receive RaftClientReply:client-391BA870FC40->947ec526-030f-41cc-8af7-a6f75e712ab0@group-5D45C35602B2, cid=1047, SUCCESS, logIndex=1438, commits[947ec526-030f-41cc-8af7-a6f75e712ab0:c1440, c447b9b6-dde2-4ce7-aa81-d0e2eddc8fe9:c1437, 28b540ac-241d-462a-a56c-509e92928066:c1437]
2019-08-20 22:34:16,845 | INFO  | DNAudit | user=null | ip=null | op=PUT_BLOCK {blockData=[blockId=conID: 3 locID: 102651687806435776 bcsId: 0,size=2097152]} | ret=SUCCESS |  
2019-08-20 22:34:16,845 [grpc-default-executor-3] INFO  client.GrpcClientProtocolClient (GrpcClientProtocolClient.java:onNext(255)) - client-391BA870FC40->947ec526-030f-41cc-8af7-a6f75e712ab0: receive RaftClientReply:client-391BA870FC40->947ec526-030f-41cc-8af7-a6f75e712ab0@group-5D45C35602B2, cid=1048, SUCCESS, logIndex=1439, commits[947ec526-030f-41cc-8af7-a6f75e712ab0:c1441, c447b9b6-dde2-4ce7-aa81-d0e2eddc8fe9:c1437, 28b540ac-241d-462a-a56c-509e92928066:c1437]
2019-08-20 22:34:16,846 [grpc-default-executor-3] INFO  client.GrpcClientProtocolClient (GrpcClientProtocolClient.java:onNext(255)) - client-391BA870FC40->947ec526-030f-41cc-8af7-a6f75e712ab0: receive RaftClientReply:client-391BA870FC40->947ec526-030f-41cc-8af7-a6f75e712ab0@group-5D45C35602B2, cid=1049, SUCCESS, logIndex=1440, commits[947ec526-030f-41cc-8af7-a6f75e712ab0:c1441, c447b9b6-dde2-4ce7-aa81-d0e2eddc8fe9:c1437, 28b540ac-241d-462a-a56c-509e92928066:c1437]
2019-08-20 22:34:16,846 | INFO  | DNAudit | user=null | ip=null | op=WRITE_CHUNK {blockData=conID: 3 locID: 102651687806435776 bcsId: 0} | ret=SUCCESS |  
2019-08-20 22:34:16,846 | INFO  | DNAudit | user=null | ip=null | op=WRITE_CHUNK {blockData=conID: 3 locID: 102651687806435776 bcsId: 0} | ret=SUCCESS |  
2019-08-20 22:34:16,846 [grpc-default-executor-3] INFO  client.GrpcClientProtocolClient (GrpcClientProtocolClient.java:onNext(255)) - client-391BA870FC40->947ec526-030f-41cc-8af7-a6f75e712ab0: receive RaftClientReply:client-391BA870FC40->947ec526-030f-41cc-8af7-a6f75e712ab0@group-5D45C35602B2, cid=1050, SUCCESS, logIndex=1441, commits[947ec526-030f-41cc-8af7-a6f75e712ab0:c1441, c447b9b6-dde2-4ce7-aa81-d0e2eddc8fe9:c1437, 28b540ac-241d-462a-a56c-509e92928066:c1437]
2019-08-20 22:34:16,846 | INFO  | DNAudit | user=null | ip=null | op=PUT_BLOCK {blockData=[blockId=conID: 3 locID: 102651687806435776 bcsId: 0,size=1048576]} | ret=SUCCESS |  
2019-08-20 22:34:16,846 | INFO  | DNAudit | user=null | ip=null | op=PUT_BLOCK {blockData=[blockId=conID: 3 locID: 102651687806435776 bcsId: 0,size=1048576]} | ret=SUCCESS |  
2019-08-20 22:34:16,847 [grpc-default-executor-3] INFO  client.GrpcClientProtocolClient (GrpcClientProtocolClient.java:onNext(255)) - client-391BA870FC40->947ec526-030f-41cc-8af7-a6f75e712ab0: receive RaftClientReply:client-391BA870FC40->947ec526-030f-41cc-8af7-a6f75e712ab0@group-5D45C35602B2, cid=1051, SUCCESS, logIndex=0, commits[947ec526-030f-41cc-8af7-a6f75e712ab0:c1442, c447b9b6-dde2-4ce7-aa81-d0e2eddc8fe9:c1439, 28b540ac-241d-462a-a56c-509e92928066:c1439]
2019-08-20 22:34:16,849 | INFO  | DNAudit | user=null | ip=null | op=WRITE_CHUNK {blockData=conID: 3 locID: 102651687806435776 bcsId: 0} | ret=SUCCESS |  
2019-08-20 22:34:16,849 | INFO  | DNAudit | user=null | ip=null | op=WRITE_CHUNK {blockData=conID: 3 locID: 102651687806435776 bcsId: 0} | ret=SUCCESS |  
2019-08-20 22:34:16,849 | INFO  | DNAudit | user=null | ip=null | op=PUT_BLOCK {blockData=[blockId=conID: 3 locID: 102651687806435776 bcsId: 0,size=2097152]} | ret=SUCCESS |  
2019-08-20 22:34:16,849 | INFO  | DNAudit | user=null | ip=null | op=PUT_BLOCK {blockData=[blockId=conID: 3 locID: 102651687806435776 bcsId: 0,size=2097152]} | ret=SUCCESS |  
2019-08-20 22:34:16,853 | INFO  | DNAudit | user=null | ip=null | op=WRITE_CHUNK {blockData=conID: 3 locID: 102651687806435776 bcsId: 1441} | ret=SUCCESS |  
2019-08-20 22:34:16,855 | INFO  | DNAudit | user=null | ip=null | op=WRITE_CHUNK {blockData=conID: 3 locID: 102651687806435776 bcsId: 1441} | ret=SUCCESS |  
2019-08-20 22:34:16,855 | INFO  | DNAudit | user=null | ip=null | op=WRITE_CHUNK {blockData=conID: 3 locID: 102651687806435776 bcsId: 1441} | ret=SUCCESS |  
2019-08-20 22:34:16,866 | INFO  | DNAudit | user=null | ip=null | op=WRITE_CHUNK {blockData=conID: 3 locID: 102651687806435776 bcsId: 1441} | ret=SUCCESS |  
2019-08-20 22:34:16,866 | INFO  | DNAudit | user=null | ip=null | op=PUT_BLOCK {blockData=[blockId=conID: 3 locID: 102651687806435776 bcsId: 0,size=3145728]} | ret=SUCCESS |  
2019-08-20 22:34:16,866 [grpc-default-executor-3] INFO  client.GrpcClientProtocolClient (GrpcClientProtocolClient.java:onNext(255)) - client-391BA870FC40->947ec526-030f-41cc-8af7-a6f75e712ab0: receive RaftClientReply:client-391BA870FC40->947ec526-030f-41cc-8af7-a6f75e712ab0@group-5D45C35602B2, cid=1052, SUCCESS, logIndex=1446, commits[947ec526-030f-41cc-8af7-a6f75e712ab0:c1447, c447b9b6-dde2-4ce7-aa81-d0e2eddc8fe9:c1445, 28b540ac-241d-462a-a56c-509e92928066:c1445]
2019-08-20 22:34:16,867 [grpc-default-executor-3] INFO  client.GrpcClientProtocolClient (GrpcClientProtocolClient.java:onNext(255)) - client-391BA870FC40->947ec526-030f-41cc-8af7-a6f75e712ab0: receive RaftClientReply:client-391BA870FC40->947ec526-030f-41cc-8af7-a6f75e712ab0@group-5D45C35602B2, cid=1053, SUCCESS, logIndex=1447, commits[947ec526-030f-41cc-8af7-a6f75e712ab0:c1447, c447b9b6-dde2-4ce7-aa81-d0e2eddc8fe9:c1445, 28b540ac-241d-462a-a56c-509e92928066:c1445]
2019-08-20 22:34:16,872 | INFO  | DNAudit | user=null | ip=null | op=WRITE_CHUNK {blockData=conID: 3 locID: 102651687806435776 bcsId: 1447} | ret=SUCCESS |  
2019-08-20 22:34:16,982 | INFO  | DNAudit | user=null | ip=null | op=WRITE_CHUNK {blockData=conID: 3 locID: 102651687806435776 bcsId: 1441} | ret=SUCCESS |  
2019-08-20 22:34:16,982 | INFO  | DNAudit | user=null | ip=null | op=WRITE_CHUNK {blockData=conID: 3 locID: 102651687806435776 bcsId: 1441} | ret=SUCCESS |  
2019-08-20 22:34:16,982 | INFO  | DNAudit | user=null | ip=null | op=PUT_BLOCK {blockData=[blockId=conID: 3 locID: 102651687806435776 bcsId: 0,size=3145728]} | ret=SUCCESS |  
2019-08-20 22:34:16,983 | INFO  | DNAudit | user=null | ip=null | op=WRITE_CHUNK {blockData=conID: 3 locID: 102651687806435776 bcsId: 1447} | ret=SUCCESS |  
2019-08-20 22:34:16,984 | INFO  | DNAudit | user=null | ip=null | op=WRITE_CHUNK {blockData=conID: 3 locID: 102651687806435776 bcsId: 1447} | ret=SUCCESS |  
2019-08-20 22:34:17,011 | INFO  | DNAudit | user=null | ip=null | op=PUT_BLOCK {blockData=[blockId=conID: 3 locID: 102651687806435776 bcsId: 0,size=3145728]} | ret=SUCCESS |  
2019-08-20 22:34:17,012 | INFO  | DNAudit | user=null | ip=null | op=WRITE_CHUNK {blockData=conID: 3 locID: 102651687806435776 bcsId: 1447} | ret=SUCCESS |  
2019-08-20 22:34:17,012 | INFO  | DNAudit | user=null | ip=null | op=PUT_BLOCK {blockData=[blockId=conID: 3 locID: 102651687806435776 bcsId: 0,size=4194304]} | ret=SUCCESS |  
2019-08-20 22:34:17,013 [grpc-default-executor-2] INFO  client.GrpcClientProtocolClient (GrpcClientProtocolClient.java:onNext(255)) - client-391BA870FC40->947ec526-030f-41cc-8af7-a6f75e712ab0: receive RaftClientReply:client-391BA870FC40->947ec526-030f-41cc-8af7-a6f75e712ab0@group-5D45C35602B2, cid=1054, SUCCESS, logIndex=1450, commits[947ec526-030f-41cc-8af7-a6f75e712ab0:c1451, c447b9b6-dde2-4ce7-aa81-d0e2eddc8fe9:c1447, 28b540ac-241d-462a-a56c-509e92928066:c1447]
2019-08-20 22:34:17,013 | INFO  | DNAudit | user=null | ip=null | op=WRITE_CHUNK {blockData=conID: 3 locID: 102651687806435776 bcsId: 1447} | ret=SUCCESS |  
2019-08-20 22:34:17,013 [grpc-default-executor-2] INFO  client.GrpcClientProtocolClient (GrpcClientProtocolClient.java:onNext(255)) - client-391BA870FC40->947ec526-030f-41cc-8af7-a6f75e712ab0: receive RaftClientReply:client-391BA870FC40->947ec526-030f-41cc-8af7-a6f75e712ab0@group-5D45C35602B2, cid=1055, SUCCESS, logIndex=1451, commits[947ec526-030f-41cc-8af7-a6f75e712ab0:c1451, c447b9b6-dde2-4ce7-aa81-d0e2eddc8fe9:c1447, 28b540ac-241d-462a-a56c-509e92928066:c1447]
2019-08-20 22:34:17,013 | INFO  | DNAudit | user=null | ip=null | op=WRITE_CHUNK {blockData=conID: 3 locID: 102651687806435776 bcsId: 1447} | ret=SUCCESS |  
2019-08-20 22:34:17,013 | INFO  | DNAudit | user=null | ip=null | op=PUT_BLOCK {blockData=[blockId=conID: 3 locID: 102651687806435776 bcsId: 0,size=4194304]} | ret=SUCCESS |  
2019-08-20 22:34:17,013 | INFO  | DNAudit | user=null | ip=null | op=PUT_BLOCK {blockData=[blockId=conID: 3 locID: 102651687806435776 bcsId: 0,size=4194304]} | ret=SUCCESS |  
2019-08-20 22:34:17,014 [grpc-default-executor-3] INFO  client.GrpcClientProtocolClient (GrpcClientProtocolClient.java:onNext(255)) - client-391BA870FC40->947ec526-030f-41cc-8af7-a6f75e712ab0: receive RaftClientReply:client-391BA870FC40->947ec526-030f-41cc-8af7-a6f75e712ab0@group-5D45C35602B2, cid=1056, SUCCESS, logIndex=0, commits[947ec526-030f-41cc-8af7-a6f75e712ab0:c1452, c447b9b6-dde2-4ce7-aa81-d0e2eddc8fe9:c1451, 28b540ac-241d-462a-a56c-509e92928066:c1451]
2019-08-20 22:34:17,021 | INFO  | DNAudit | user=null | ip=null | op=WRITE_CHUNK {blockData=conID: 1 locID: 102651687806435777 bcsId: 0} | ret=SUCCESS |  
2019-08-20 22:34:17,024 | INFO  | DNAudit | user=null | ip=null | op=WRITE_CHUNK {blockData=conID: 1 locID: 102651687806435777 bcsId: 0} | ret=SUCCESS |  
2019-08-20 22:34:17,024 | INFO  | DNAudit | user=null | ip=null | op=WRITE_CHUNK {blockData=conID: 1 locID: 102651687806435777 bcsId: 0} | ret=SUCCESS |  
2019-08-20 22:34:17,024 | INFO  | DNAudit | user=null | ip=null | op=WRITE_CHUNK {blockData=conID: 1 locID: 102651687806435777 bcsId: 0} | ret=SUCCESS |  
2019-08-20 22:34:17,026 | INFO  | DNAudit | user=null | ip=null | op=WRITE_CHUNK {blockData=conID: 1 locID: 102651687806435777 bcsId: 0} | ret=SUCCESS |  
2019-08-20 22:34:17,026 | INFO  | DNAudit | user=null | ip=null | op=WRITE_CHUNK {blockData=conID: 1 locID: 102651687806435777 bcsId: 0} | ret=SUCCESS |  
2019-08-20 22:34:17,037 | INFO  | DNAudit | user=null | ip=null | op=WRITE_CHUNK {blockData=conID: 1 locID: 102651687806435777 bcsId: 0} | ret=SUCCESS |  
2019-08-20 22:34:17,037 | INFO  | DNAudit | user=null | ip=null | op=PUT_BLOCK {blockData=[blockId=conID: 1 locID: 102651687806435777 bcsId: 0,size=1048576]} | ret=SUCCESS |  
2019-08-20 22:34:17,038 | INFO  | DNAudit | user=null | ip=null | op=WRITE_CHUNK {blockData=conID: 1 locID: 102651687806435777 bcsId: 0} | ret=SUCCESS |  
2019-08-20 22:34:17,038 [grpc-default-executor-3] INFO  client.GrpcClientProtocolClient (GrpcClientProtocolClient.java:onNext(255)) - client-391BA870FC40->947ec526-030f-41cc-8af7-a6f75e712ab0: receive RaftClientReply:client-391BA870FC40->947ec526-030f-41cc-8af7-a6f75e712ab0@group-5D45C35602B2, cid=1057, SUCCESS, logIndex=1454, commits[947ec526-030f-41cc-8af7-a6f75e712ab0:c1457, c447b9b6-dde2-4ce7-aa81-d0e2eddc8fe9:c1453, 28b540ac-241d-462a-a56c-509e92928066:c1453]
2019-08-20 22:34:17,038 | INFO  | DNAudit | user=null | ip=null | op=PUT_BLOCK {blockData=[blockId=conID: 1 locID: 102651687806435777 bcsId: 0,size=2097152]} | ret=SUCCESS |  
2019-08-20 22:34:17,038 [grpc-default-executor-3] INFO  client.GrpcClientProtocolClient (GrpcClientProtocolClient.java:onNext(255)) - client-391BA870FC40->947ec526-030f-41cc-8af7-a6f75e712ab0: receive RaftClientReply:client-391BA870FC40->947ec526-030f-41cc-8af7-a6f75e712ab0@group-5D45C35602B2, cid=1058, SUCCESS, logIndex=1455, commits[947ec526-030f-41cc-8af7-a6f75e712ab0:c1457, c447b9b6-dde2-4ce7-aa81-d0e2eddc8fe9:c1453, 28b540ac-241d-462a-a56c-509e92928066:c1453]
2019-08-20 22:34:17,039 [grpc-default-executor-3] INFO  client.GrpcClientProtocolClient (GrpcClientProtocolClient.java:onNext(255)) - client-391BA870FC40->947ec526-030f-41cc-8af7-a6f75e712ab0: receive RaftClientReply:client-391BA870FC40->947ec526-030f-41cc-8af7-a6f75e712ab0@group-5D45C35602B2, cid=1059, SUCCESS, logIndex=1456, commits[947ec526-030f-41cc-8af7-a6f75e712ab0:c1457, c447b9b6-dde2-4ce7-aa81-d0e2eddc8fe9:c1453, 28b540ac-241d-462a-a56c-509e92928066:c1453]
2019-08-20 22:34:17,039 [grpc-default-executor-3] INFO  client.GrpcClientProtocolClient (GrpcClientProtocolClient.java:onNext(255)) - client-391BA870FC40->947ec526-030f-41cc-8af7-a6f75e712ab0: receive RaftClientReply:client-391BA870FC40->947ec526-030f-41cc-8af7-a6f75e712ab0@group-5D45C35602B2, cid=1060, SUCCESS, logIndex=1457, commits[947ec526-030f-41cc-8af7-a6f75e712ab0:c1457, c447b9b6-dde2-4ce7-aa81-d0e2eddc8fe9:c1453, 28b540ac-241d-462a-a56c-509e92928066:c1453]
2019-08-20 22:34:17,048 | INFO  | DNAudit | user=null | ip=null | op=WRITE_CHUNK {blockData=conID: 1 locID: 102651687806435777 bcsId: 0} | ret=SUCCESS |  
2019-08-20 22:34:17,048 | INFO  | DNAudit | user=null | ip=null | op=WRITE_CHUNK {blockData=conID: 1 locID: 102651687806435777 bcsId: 0} | ret=SUCCESS |  
2019-08-20 22:34:17,048 | INFO  | DNAudit | user=null | ip=null | op=PUT_BLOCK {blockData=[blockId=conID: 1 locID: 102651687806435777 bcsId: 0,size=1048576]} | ret=SUCCESS |  
2019-08-20 22:34:17,049 | INFO  | DNAudit | user=null | ip=null | op=PUT_BLOCK {blockData=[blockId=conID: 1 locID: 102651687806435777 bcsId: 0,size=1048576]} | ret=SUCCESS |  
2019-08-20 22:34:17,049 [grpc-default-executor-3] INFO  client.GrpcClientProtocolClient (GrpcClientProtocolClient.java:onNext(255)) - client-391BA870FC40->947ec526-030f-41cc-8af7-a6f75e712ab0: receive RaftClientReply:client-391BA870FC40->947ec526-030f-41cc-8af7-a6f75e712ab0@group-5D45C35602B2, cid=1061, SUCCESS, logIndex=0, commits[947ec526-030f-41cc-8af7-a6f75e712ab0:c1458, c447b9b6-dde2-4ce7-aa81-d0e2eddc8fe9:c1455, 28b540ac-241d-462a-a56c-509e92928066:c1455]
2019-08-20 22:34:17,051 | INFO  | DNAudit | user=null | ip=null | op=WRITE_CHUNK {blockData=conID: 1 locID: 102651687806435777 bcsId: 0} | ret=SUCCESS |  
2019-08-20 22:34:17,051 | INFO  | DNAudit | user=null | ip=null | op=WRITE_CHUNK {blockData=conID: 1 locID: 102651687806435777 bcsId: 0} | ret=SUCCESS |  
2019-08-20 22:34:17,052 | INFO  | DNAudit | user=null | ip=null | op=PUT_BLOCK {blockData=[blockId=conID: 1 locID: 102651687806435777 bcsId: 0,size=2097152]} | ret=SUCCESS |  
2019-08-20 22:34:17,052 | INFO  | DNAudit | user=null | ip=null | op=PUT_BLOCK {blockData=[blockId=conID: 1 locID: 102651687806435777 bcsId: 0,size=2097152]} | ret=SUCCESS |  
2019-08-20 22:34:17,055 | INFO  | DNAudit | user=null | ip=null | op=WRITE_CHUNK {blockData=conID: 1 locID: 102651687806435777 bcsId: 1457} | ret=SUCCESS |  
2019-08-20 22:34:17,057 | INFO  | DNAudit | user=null | ip=null | op=WRITE_CHUNK {blockData=conID: 1 locID: 102651687806435777 bcsId: 1457} | ret=SUCCESS |  
2019-08-20 22:34:17,057 | INFO  | DNAudit | user=null | ip=null | op=WRITE_CHUNK {blockData=conID: 1 locID: 102651687806435777 bcsId: 1457} | ret=SUCCESS |  
2019-08-20 22:34:17,069 | INFO  | DNAudit | user=null | ip=null | op=WRITE_CHUNK {blockData=conID: 1 locID: 102651687806435777 bcsId: 1457} | ret=SUCCESS |  
2019-08-20 22:34:17,069 | INFO  | DNAudit | user=null | ip=null | op=PUT_BLOCK {blockData=[blockId=conID: 1 locID: 102651687806435777 bcsId: 0,size=3145728]} | ret=SUCCESS |  
2019-08-20 22:34:17,070 [grpc-default-executor-2] INFO  client.GrpcClientProtocolClient (GrpcClientProtocolClient.java:onNext(255)) - client-391BA870FC40->947ec526-030f-41cc-8af7-a6f75e712ab0: receive RaftClientReply:client-391BA870FC40->947ec526-030f-41cc-8af7-a6f75e712ab0@group-5D45C35602B2, cid=1062, SUCCESS, logIndex=1462, commits[947ec526-030f-41cc-8af7-a6f75e712ab0:c1463, c447b9b6-dde2-4ce7-aa81-d0e2eddc8fe9:c1461, 28b540ac-241d-462a-a56c-509e92928066:c1461]
2019-08-20 22:34:17,070 [grpc-default-executor-2] INFO  client.GrpcClientProtocolClient (GrpcClientProtocolClient.java:onNext(255)) - client-391BA870FC40->947ec526-030f-41cc-8af7-a6f75e712ab0: receive RaftClientReply:client-391BA870FC40->947ec526-030f-41cc-8af7-a6f75e712ab0@group-5D45C35602B2, cid=1063, SUCCESS, logIndex=1463, commits[947ec526-030f-41cc-8af7-a6f75e712ab0:c1463, c447b9b6-dde2-4ce7-aa81-d0e2eddc8fe9:c1461, 28b540ac-241d-462a-a56c-509e92928066:c1461]
2019-08-20 22:34:17,075 | INFO  | DNAudit | user=null | ip=null | op=WRITE_CHUNK {blockData=conID: 1 locID: 102651687806435777 bcsId: 1463} | ret=SUCCESS |  
2019-08-20 22:34:17,077 | INFO  | DNAudit | user=null | ip=null | op=WRITE_CHUNK {blockData=conID: 1 locID: 102651687806435777 bcsId: 1463} | ret=SUCCESS |  
2019-08-20 22:34:17,077 | INFO  | DNAudit | user=null | ip=null | op=WRITE_CHUNK {blockData=conID: 1 locID: 102651687806435777 bcsId: 1463} | ret=SUCCESS |  
2019-08-20 22:34:17,082 | INFO  | DNAudit | user=null | ip=null | op=WRITE_CHUNK {blockData=conID: 1 locID: 102651687806435777 bcsId: 1457} | ret=SUCCESS |  
2019-08-20 22:34:17,082 | INFO  | DNAudit | user=null | ip=null | op=WRITE_CHUNK {blockData=conID: 1 locID: 102651687806435777 bcsId: 1457} | ret=SUCCESS |  
2019-08-20 22:34:17,082 | INFO  | DNAudit | user=null | ip=null | op=PUT_BLOCK {blockData=[blockId=conID: 1 locID: 102651687806435777 bcsId: 0,size=3145728]} | ret=SUCCESS |  
2019-08-20 22:34:17,082 | INFO  | DNAudit | user=null | ip=null | op=PUT_BLOCK {blockData=[blockId=conID: 1 locID: 102651687806435777 bcsId: 0,size=3145728]} | ret=SUCCESS |  
2019-08-20 22:34:17,095 | INFO  | DNAudit | user=null | ip=null | op=WRITE_CHUNK {blockData=conID: 1 locID: 102651687806435777 bcsId: 1463} | ret=SUCCESS |  
2019-08-20 22:34:17,096 | INFO  | DNAudit | user=null | ip=null | op=PUT_BLOCK {blockData=[blockId=conID: 1 locID: 102651687806435777 bcsId: 0,size=4194304]} | ret=SUCCESS |  
2019-08-20 22:34:17,096 [grpc-default-executor-2] INFO  client.GrpcClientProtocolClient (GrpcClientProtocolClient.java:onNext(255)) - client-391BA870FC40->947ec526-030f-41cc-8af7-a6f75e712ab0: receive RaftClientReply:client-391BA870FC40->947ec526-030f-41cc-8af7-a6f75e712ab0@group-5D45C35602B2, cid=1064, SUCCESS, logIndex=1466, commits[947ec526-030f-41cc-8af7-a6f75e712ab0:c1467, c447b9b6-dde2-4ce7-aa81-d0e2eddc8fe9:c1463, 28b540ac-241d-462a-a56c-509e92928066:c1463]
2019-08-20 22:34:17,096 [grpc-default-executor-2] INFO  client.GrpcClientProtocolClient (GrpcClientProtocolClient.java:onNext(255)) - client-391BA870FC40->947ec526-030f-41cc-8af7-a6f75e712ab0: receive RaftClientReply:client-391BA870FC40->947ec526-030f-41cc-8af7-a6f75e712ab0@group-5D45C35602B2, cid=1065, SUCCESS, logIndex=1467, commits[947ec526-030f-41cc-8af7-a6f75e712ab0:c1467, c447b9b6-dde2-4ce7-aa81-d0e2eddc8fe9:c1463, 28b540ac-241d-462a-a56c-509e92928066:c1463]
2019-08-20 22:34:17,108 | INFO  | DNAudit | user=null | ip=null | op=WRITE_CHUNK {blockData=conID: 1 locID: 102651687806435777 bcsId: 1463} | ret=SUCCESS |  
2019-08-20 22:34:17,108 | INFO  | DNAudit | user=null | ip=null | op=WRITE_CHUNK {blockData=conID: 1 locID: 102651687806435777 bcsId: 1463} | ret=SUCCESS |  
2019-08-20 22:34:17,121 | INFO  | DNAudit | user=null | ip=null | op=PUT_BLOCK {blockData=[blockId=conID: 1 locID: 102651687806435777 bcsId: 0,size=4194304]} | ret=SUCCESS |  
2019-08-20 22:34:17,121 | INFO  | DNAudit | user=null | ip=null | op=PUT_BLOCK {blockData=[blockId=conID: 1 locID: 102651687806435777 bcsId: 0,size=4194304]} | ret=SUCCESS |  
2019-08-20 22:34:17,122 [grpc-default-executor-2] INFO  client.GrpcClientProtocolClient (GrpcClientProtocolClient.java:onNext(255)) - client-391BA870FC40->947ec526-030f-41cc-8af7-a6f75e712ab0: receive RaftClientReply:client-391BA870FC40->947ec526-030f-41cc-8af7-a6f75e712ab0@group-5D45C35602B2, cid=1066, SUCCESS, logIndex=0, commits[947ec526-030f-41cc-8af7-a6f75e712ab0:c1468, c447b9b6-dde2-4ce7-aa81-d0e2eddc8fe9:c1467, 28b540ac-241d-462a-a56c-509e92928066:c1467]
2019-08-20 22:34:17,128 | INFO  | DNAudit | user=null | ip=null | op=WRITE_CHUNK {blockData=conID: 2 locID: 102651687806435778 bcsId: 0} | ret=SUCCESS |  
2019-08-20 22:34:17,130 | INFO  | DNAudit | user=null | ip=null | op=WRITE_CHUNK {blockData=conID: 2 locID: 102651687806435778 bcsId: 0} | ret=SUCCESS |  
2019-08-20 22:34:17,130 | INFO  | DNAudit | user=null | ip=null | op=WRITE_CHUNK {blockData=conID: 2 locID: 102651687806435778 bcsId: 0} | ret=SUCCESS |  
2019-08-20 22:34:17,131 | INFO  | DNAudit | user=null | ip=null | op=WRITE_CHUNK {blockData=conID: 2 locID: 102651687806435778 bcsId: 0} | ret=SUCCESS |  
2019-08-20 22:34:17,131 | INFO  | DNAudit | user=null | ip=null | op=WRITE_CHUNK {blockData=conID: 2 locID: 102651687806435778 bcsId: 0} | ret=SUCCESS |  
2019-08-20 22:34:17,132 | INFO  | DNAudit | user=null | ip=null | op=WRITE_CHUNK {blockData=conID: 2 locID: 102651687806435778 bcsId: 0} | ret=SUCCESS |  
2019-08-20 22:34:17,140 | INFO  | DNAudit | user=null | ip=null | op=WRITE_CHUNK {blockData=conID: 2 locID: 102651687806435778 bcsId: 0} | ret=SUCCESS |  
2019-08-20 22:34:17,141 | INFO  | DNAudit | user=null | ip=null | op=PUT_BLOCK {blockData=[blockId=conID: 2 locID: 102651687806435778 bcsId: 0,size=1048576]} | ret=SUCCESS |  
2019-08-20 22:34:17,141 | INFO  | DNAudit | user=null | ip=null | op=WRITE_CHUNK {blockData=conID: 2 locID: 102651687806435778 bcsId: 0} | ret=SUCCESS |  
2019-08-20 22:34:17,141 [grpc-default-executor-2] INFO  client.GrpcClientProtocolClient (GrpcClientProtocolClient.java:onNext(255)) - client-391BA870FC40->947ec526-030f-41cc-8af7-a6f75e712ab0: receive RaftClientReply:client-391BA870FC40->947ec526-030f-41cc-8af7-a6f75e712ab0@group-5D45C35602B2, cid=1067, SUCCESS, logIndex=1470, commits[947ec526-030f-41cc-8af7-a6f75e712ab0:c1471, c447b9b6-dde2-4ce7-aa81-d0e2eddc8fe9:c1469, 28b540ac-241d-462a-a56c-509e92928066:c1469]
2019-08-20 22:34:17,141 | INFO  | DNAudit | user=null | ip=null | op=PUT_BLOCK {blockData=[blockId=conID: 2 locID: 102651687806435778 bcsId: 0,size=2097152]} | ret=SUCCESS |  
2019-08-20 22:34:17,141 [grpc-default-executor-2] INFO  client.GrpcClientProtocolClient (GrpcClientProtocolClient.java:onNext(255)) - client-391BA870FC40->947ec526-030f-41cc-8af7-a6f75e712ab0: receive RaftClientReply:client-391BA870FC40->947ec526-030f-41cc-8af7-a6f75e712ab0@group-5D45C35602B2, cid=1068, SUCCESS, logIndex=1471, commits[947ec526-030f-41cc-8af7-a6f75e712ab0:c1473, c447b9b6-dde2-4ce7-aa81-d0e2eddc8fe9:c1469, 28b540ac-241d-462a-a56c-509e92928066:c1469]
2019-08-20 22:34:17,141 | INFO  | DNAudit | user=null | ip=null | op=WRITE_CHUNK {blockData=conID: 2 locID: 102651687806435778 bcsId: 0} | ret=SUCCESS |  
2019-08-20 22:34:17,142 [grpc-default-executor-2] INFO  client.GrpcClientProtocolClient (GrpcClientProtocolClient.java:onNext(255)) - client-391BA870FC40->947ec526-030f-41cc-8af7-a6f75e712ab0: receive RaftClientReply:client-391BA870FC40->947ec526-030f-41cc-8af7-a6f75e712ab0@group-5D45C35602B2, cid=1069, SUCCESS, logIndex=1472, commits[947ec526-030f-41cc-8af7-a6f75e712ab0:c1473, c447b9b6-dde2-4ce7-aa81-d0e2eddc8fe9:c1469, 28b540ac-241d-462a-a56c-509e92928066:c1469]
2019-08-20 22:34:17,142 [grpc-default-executor-2] INFO  client.GrpcClientProtocolClient (GrpcClientProtocolClient.java:onNext(255)) - client-391BA870FC40->947ec526-030f-41cc-8af7-a6f75e712ab0: receive RaftClientReply:client-391BA870FC40->947ec526-030f-41cc-8af7-a6f75e712ab0@group-5D45C35602B2, cid=1070, SUCCESS, logIndex=1473, commits[947ec526-030f-41cc-8af7-a6f75e712ab0:c1473, c447b9b6-dde2-4ce7-aa81-d0e2eddc8fe9:c1469, 28b540ac-241d-462a-a56c-509e92928066:c1469]
2019-08-20 22:34:17,144 | INFO  | DNAudit | user=null | ip=null | op=WRITE_CHUNK {blockData=conID: 2 locID: 102651687806435778 bcsId: 0} | ret=SUCCESS |  
2019-08-20 22:34:17,155 | INFO  | DNAudit | user=null | ip=null | op=PUT_BLOCK {blockData=[blockId=conID: 2 locID: 102651687806435778 bcsId: 0,size=1048576]} | ret=SUCCESS |  
2019-08-20 22:34:17,155 | INFO  | DNAudit | user=null | ip=null | op=WRITE_CHUNK {blockData=conID: 2 locID: 102651687806435778 bcsId: 0} | ret=SUCCESS |  
2019-08-20 22:34:17,155 | INFO  | DNAudit | user=null | ip=null | op=PUT_BLOCK {blockData=[blockId=conID: 2 locID: 102651687806435778 bcsId: 0,size=2097152]} | ret=SUCCESS |  
2019-08-20 22:34:17,157 | INFO  | DNAudit | user=null | ip=null | op=PUT_BLOCK {blockData=[blockId=conID: 2 locID: 102651687806435778 bcsId: 0,size=1048576]} | ret=SUCCESS |  
2019-08-20 22:34:17,157 | INFO  | DNAudit | user=null | ip=null | op=WRITE_CHUNK {blockData=conID: 2 locID: 102651687806435778 bcsId: 0} | ret=SUCCESS |  
2019-08-20 22:34:17,157 | INFO  | DNAudit | user=null | ip=null | op=PUT_BLOCK {blockData=[blockId=conID: 2 locID: 102651687806435778 bcsId: 0,size=2097152]} | ret=SUCCESS |  
2019-08-20 22:34:17,157 [grpc-default-executor-2] INFO  client.GrpcClientProtocolClient (GrpcClientProtocolClient.java:onNext(255)) - client-391BA870FC40->947ec526-030f-41cc-8af7-a6f75e712ab0: receive RaftClientReply:client-391BA870FC40->947ec526-030f-41cc-8af7-a6f75e712ab0@group-5D45C35602B2, cid=1071, SUCCESS, logIndex=0, commits[947ec526-030f-41cc-8af7-a6f75e712ab0:c1477, c447b9b6-dde2-4ce7-aa81-d0e2eddc8fe9:c1473, 28b540ac-241d-462a-a56c-509e92928066:c1471]
2019-08-20 22:34:17,162 | INFO  | SCMAudit | user=jenkins1000 | ip=192.168.5.142 | op=SEND_HEARTBEAT {datanodeUUID=eafd9314-3f13-422a-a2ac-adfcde2d7481, command=[]} | ret=SUCCESS |  
2019-08-20 22:34:17,162 | INFO  | SCMAudit | user=jenkins1000 | ip=192.168.5.142 | op=SEND_HEARTBEAT {datanodeUUID=28b540ac-241d-462a-a56c-509e92928066, command=[]} | ret=SUCCESS |  
2019-08-20 22:34:17,162 | INFO  | SCMAudit | user=jenkins1000 | ip=192.168.5.142 | op=SEND_HEARTBEAT {datanodeUUID=c447b9b6-dde2-4ce7-aa81-d0e2eddc8fe9, command=[]} | ret=SUCCESS |  
 0.00% |█                                                                                                    |  0/1 Time: 0:00:062019-08-20 22:34:17,162 | INFO  | SCMAudit | user=jenkins1000 | ip=192.168.5.142 | op=SEND_HEARTBEAT {datanodeUUID=947ec526-030f-41cc-8af7-a6f75e712ab0, command=[]} | ret=SUCCESS |  
2019-08-20 22:34:17,163 | INFO  | DNAudit | user=null | ip=null | op=WRITE_CHUNK {blockData=conID: 2 locID: 102651687806435778 bcsId: 1473} | ret=SUCCESS |  
2019-08-20 22:34:17,165 | INFO  | DNAudit | user=null | ip=null | op=WRITE_CHUNK {blockData=conID: 2 locID: 102651687806435778 bcsId: 1473} | ret=SUCCESS |  
2019-08-20 22:34:17,165 | INFO  | DNAudit | user=null | ip=null | op=WRITE_CHUNK {blockData=conID: 2 locID: 102651687806435778 bcsId: 1473} | ret=SUCCESS |  
2019-08-20 22:34:17,175 | INFO  | DNAudit | user=null | ip=null | op=WRITE_CHUNK {blockData=conID: 2 locID: 102651687806435778 bcsId: 1473} | ret=SUCCESS |  
2019-08-20 22:34:17,176 | INFO  | DNAudit | user=null | ip=null | op=PUT_BLOCK {blockData=[blockId=conID: 2 locID: 102651687806435778 bcsId: 0,size=3145728]} | ret=SUCCESS |  
2019-08-20 22:34:17,176 [grpc-default-executor-2] INFO  client.GrpcClientProtocolClient (GrpcClientProtocolClient.java:onNext(255)) - client-391BA870FC40->947ec526-030f-41cc-8af7-a6f75e712ab0: receive RaftClientReply:client-391BA870FC40->947ec526-030f-41cc-8af7-a6f75e712ab0@group-5D45C35602B2, cid=1072, SUCCESS, logIndex=1478, commits[947ec526-030f-41cc-8af7-a6f75e712ab0:c1479, c447b9b6-dde2-4ce7-aa81-d0e2eddc8fe9:c1477, 28b540ac-241d-462a-a56c-509e92928066:c1477]
2019-08-20 22:34:17,176 [grpc-default-executor-2] INFO  client.GrpcClientProtocolClient (GrpcClientProtocolClient.java:onNext(255)) - client-391BA870FC40->947ec526-030f-41cc-8af7-a6f75e712ab0: receive RaftClientReply:client-391BA870FC40->947ec526-030f-41cc-8af7-a6f75e712ab0@group-5D45C35602B2, cid=1073, SUCCESS, logIndex=1479, commits[947ec526-030f-41cc-8af7-a6f75e712ab0:c1479, c447b9b6-dde2-4ce7-aa81-d0e2eddc8fe9:c1477, 28b540ac-241d-462a-a56c-509e92928066:c1477]
2019-08-20 22:34:17,179 | INFO  | DNAudit | user=null | ip=null | op=WRITE_CHUNK {blockData=conID: 2 locID: 102651687806435778 bcsId: 1473} | ret=SUCCESS |  
2019-08-20 22:34:17,179 | INFO  | DNAudit | user=null | ip=null | op=WRITE_CHUNK {blockData=conID: 2 locID: 102651687806435778 bcsId: 1473} | ret=SUCCESS |  
2019-08-20 22:34:17,179 | INFO  | DNAudit | user=null | ip=null | op=PUT_BLOCK {blockData=[blockId=conID: 2 locID: 102651687806435778 bcsId: 0,size=3145728]} | ret=SUCCESS |  
2019-08-20 22:34:17,179 | INFO  | DNAudit | user=null | ip=null | op=PUT_BLOCK {blockData=[blockId=conID: 2 locID: 102651687806435778 bcsId: 0,size=3145728]} | ret=SUCCESS |  
2019-08-20 22:34:17,182 | INFO  | DNAudit | user=null | ip=null | op=WRITE_CHUNK {blockData=conID: 2 locID: 102651687806435778 bcsId: 1479} | ret=SUCCESS |  
2019-08-20 22:34:17,183 | INFO  | DNAudit | user=null | ip=null | op=WRITE_CHUNK {blockData=conID: 2 locID: 102651687806435778 bcsId: 1479} | ret=SUCCESS |  
2019-08-20 22:34:17,184 | INFO  | DNAudit | user=null | ip=null | op=WRITE_CHUNK {blockData=conID: 2 locID: 102651687806435778 bcsId: 1479} | ret=SUCCESS |  
2019-08-20 22:34:17,194 | INFO  | DNAudit | user=null | ip=null | op=WRITE_CHUNK {blockData=conID: 2 locID: 102651687806435778 bcsId: 1479} | ret=SUCCESS |  
2019-08-20 22:34:17,194 | INFO  | DNAudit | user=null | ip=null | op=PUT_BLOCK {blockData=[blockId=conID: 2 locID: 102651687806435778 bcsId: 0,size=4194304]} | ret=SUCCESS |  
2019-08-20 22:34:17,194 [grpc-default-executor-2] INFO  client.GrpcClientProtocolClient (GrpcClientProtocolClient.java:onNext(255)) - client-391BA870FC40->947ec526-030f-41cc-8af7-a6f75e712ab0: receive RaftClientReply:client-391BA870FC40->947ec526-030f-41cc-8af7-a6f75e712ab0@group-5D45C35602B2, cid=1074, SUCCESS, logIndex=1482, commits[947ec526-030f-41cc-8af7-a6f75e712ab0:c1483, c447b9b6-dde2-4ce7-aa81-d0e2eddc8fe9:c1479, 28b540ac-241d-462a-a56c-509e92928066:c1480]
2019-08-20 22:34:17,194 [grpc-default-executor-2] INFO  client.GrpcClientProtocolClient (GrpcClientProtocolClient.java:onNext(255)) - client-391BA870FC40->947ec526-030f-41cc-8af7-a6f75e712ab0: receive RaftClientReply:client-391BA870FC40->947ec526-030f-41cc-8af7-a6f75e712ab0@group-5D45C35602B2, cid=1075, SUCCESS, logIndex=1483, commits[947ec526-030f-41cc-8af7-a6f75e712ab0:c1483, c447b9b6-dde2-4ce7-aa81-d0e2eddc8fe9:c1480, 28b540ac-241d-462a-a56c-509e92928066:c1480]
2019-08-20 22:34:17,197 | INFO  | DNAudit | user=null | ip=null | op=WRITE_CHUNK {blockData=conID: 2 locID: 102651687806435778 bcsId: 1479} | ret=SUCCESS |  
2019-08-20 22:34:17,197 | INFO  | DNAudit | user=null | ip=null | op=WRITE_CHUNK {blockData=conID: 2 locID: 102651687806435778 bcsId: 1479} | ret=SUCCESS |  
2019-08-20 22:34:17,197 | INFO  | DNAudit | user=null | ip=null | op=PUT_BLOCK {blockData=[blockId=conID: 2 locID: 102651687806435778 bcsId: 0,size=4194304]} | ret=SUCCESS |  
2019-08-20 22:34:17,197 | INFO  | DNAudit | user=null | ip=null | op=PUT_BLOCK {blockData=[blockId=conID: 2 locID: 102651687806435778 bcsId: 0,size=4194304]} | ret=SUCCESS |  
2019-08-20 22:34:17,197 [grpc-default-executor-2] INFO  client.GrpcClientProtocolClient (GrpcClientProtocolClient.java:onNext(255)) - client-391BA870FC40->947ec526-030f-41cc-8af7-a6f75e712ab0: receive RaftClientReply:client-391BA870FC40->947ec526-030f-41cc-8af7-a6f75e712ab0@group-5D45C35602B2, cid=1076, SUCCESS, logIndex=0, commits[947ec526-030f-41cc-8af7-a6f75e712ab0:c1484, c447b9b6-dde2-4ce7-aa81-d0e2eddc8fe9:c1483, 28b540ac-241d-462a-a56c-509e92928066:c1483]
2019-08-20 22:34:17,202 | INFO  | DNAudit | user=null | ip=null | op=WRITE_CHUNK {blockData=conID: 3 locID: 102651687806435779 bcsId: 0} | ret=SUCCESS |  
2019-08-20 22:34:17,204 | INFO  | DNAudit | user=null | ip=null | op=WRITE_CHUNK {blockData=conID: 3 locID: 102651687806435779 bcsId: 0} | ret=SUCCESS |  
2019-08-20 22:34:17,205 | INFO  | DNAudit | user=null | ip=null | op=WRITE_CHUNK {blockData=conID: 3 locID: 102651687806435779 bcsId: 0} | ret=SUCCESS |  
2019-08-20 22:34:17,206 | INFO  | DNAudit | user=null | ip=null | op=WRITE_CHUNK {blockData=conID: 3 locID: 102651687806435779 bcsId: 0} | ret=SUCCESS |  
2019-08-20 22:34:17,207 | INFO  | DNAudit | user=null | ip=null | op=WRITE_CHUNK {blockData=conID: 3 locID: 102651687806435779 bcsId: 0} | ret=SUCCESS |  
2019-08-20 22:34:17,207 | INFO  | DNAudit | user=null | ip=null | op=WRITE_CHUNK {blockData=conID: 3 locID: 102651687806435779 bcsId: 0} | ret=SUCCESS |  
2019-08-20 22:34:17,214 | INFO  | DNAudit | user=null | ip=null | op=WRITE_CHUNK {blockData=conID: 3 locID: 102651687806435779 bcsId: 0} | ret=SUCCESS |  
2019-08-20 22:34:17,215 | INFO  | DNAudit | user=null | ip=null | op=PUT_BLOCK {blockData=[blockId=conID: 3 locID: 102651687806435779 bcsId: 0,size=1048576]} | ret=SUCCESS |  
2019-08-20 22:34:17,215 [grpc-default-executor-3] INFO  client.GrpcClientProtocolClient (GrpcClientProtocolClient.java:onNext(255)) - client-391BA870FC40->947ec526-030f-41cc-8af7-a6f75e712ab0: receive RaftClientReply:client-391BA870FC40->947ec526-030f-41cc-8af7-a6f75e712ab0@group-5D45C35602B2, cid=1077, SUCCESS, logIndex=1486, commits[947ec526-030f-41cc-8af7-a6f75e712ab0:c1487, c447b9b6-dde2-4ce7-aa81-d0e2eddc8fe9:c1485, 28b540ac-241d-462a-a56c-509e92928066:c1485]
2019-08-20 22:34:17,215 [grpc-default-executor-3] INFO  client.GrpcClientProtocolClient (GrpcClientProtocolClient.java:onNext(255)) - client-391BA870FC40->947ec526-030f-41cc-8af7-a6f75e712ab0: receive RaftClientReply:client-391BA870FC40->947ec526-030f-41cc-8af7-a6f75e712ab0@group-5D45C35602B2, cid=1078, SUCCESS, logIndex=1487, commits[947ec526-030f-41cc-8af7-a6f75e712ab0:c1487, c447b9b6-dde2-4ce7-aa81-d0e2eddc8fe9:c1485, 28b540ac-241d-462a-a56c-509e92928066:c1485]
2019-08-20 22:34:17,217 | INFO  | DNAudit | user=null | ip=null | op=WRITE_CHUNK {blockData=conID: 3 locID: 102651687806435779 bcsId: 0} | ret=SUCCESS |  
2019-08-20 22:34:17,217 | INFO  | DNAudit | user=null | ip=null | op=PUT_BLOCK {blockData=[blockId=conID: 3 locID: 102651687806435779 bcsId: 0,size=2097152]} | ret=SUCCESS |  
2019-08-20 22:34:17,218 [grpc-default-executor-2] INFO  client.GrpcClientProtocolClient (GrpcClientProtocolClient.java:onNext(255)) - client-391BA870FC40->947ec526-030f-41cc-8af7-a6f75e712ab0: receive RaftClientReply:client-391BA870FC40->947ec526-030f-41cc-8af7-a6f75e712ab0@group-5D45C35602B2, cid=1079, SUCCESS, logIndex=1488, commits[947ec526-030f-41cc-8af7-a6f75e712ab0:c1489, c447b9b6-dde2-4ce7-aa81-d0e2eddc8fe9:c1485, 28b540ac-241d-462a-a56c-509e92928066:c1485]
2019-08-20 22:34:17,218 [grpc-default-executor-2] INFO  client.GrpcClientProtocolClient (GrpcClientProtocolClient.java:onNext(255)) - client-391BA870FC40->947ec526-030f-41cc-8af7-a6f75e712ab0: receive RaftClientReply:client-391BA870FC40->947ec526-030f-41cc-8af7-a6f75e712ab0@group-5D45C35602B2, cid=1080, SUCCESS, logIndex=1489, commits[947ec526-030f-41cc-8af7-a6f75e712ab0:c1489, c447b9b6-dde2-4ce7-aa81-d0e2eddc8fe9:c1485, 28b540ac-241d-462a-a56c-509e92928066:c1485]
2019-08-20 22:34:17,220 | INFO  | DNAudit | user=null | ip=null | op=WRITE_CHUNK {blockData=conID: 3 locID: 102651687806435779 bcsId: 0} | ret=SUCCESS |  
2019-08-20 22:34:17,221 | INFO  | DNAudit | user=null | ip=null | op=PUT_BLOCK {blockData=[blockId=conID: 3 locID: 102651687806435779 bcsId: 0,size=1048576]} | ret=SUCCESS |  
2019-08-20 22:34:17,221 | INFO  | DNAudit | user=null | ip=null | op=WRITE_CHUNK {blockData=conID: 3 locID: 102651687806435779 bcsId: 0} | ret=SUCCESS |  
2019-08-20 22:34:17,221 | INFO  | DNAudit | user=null | ip=null | op=PUT_BLOCK {blockData=[blockId=conID: 3 locID: 102651687806435779 bcsId: 0,size=1048576]} | ret=SUCCESS |  
2019-08-20 22:34:17,221 [grpc-default-executor-2] INFO  client.GrpcClientProtocolClient (GrpcClientProtocolClient.java:onNext(255)) - client-391BA870FC40->947ec526-030f-41cc-8af7-a6f75e712ab0: receive RaftClientReply:client-391BA870FC40->947ec526-030f-41cc-8af7-a6f75e712ab0@group-5D45C35602B2, cid=1081, SUCCESS, logIndex=0, commits[947ec526-030f-41cc-8af7-a6f75e712ab0:c1491, c447b9b6-dde2-4ce7-aa81-d0e2eddc8fe9:c1487, 28b540ac-241d-462a-a56c-509e92928066:c1487]
2019-08-20 22:34:17,223 | INFO  | DNAudit | user=null | ip=null | op=WRITE_CHUNK {blockData=conID: 3 locID: 102651687806435779 bcsId: 0} | ret=SUCCESS |  
2019-08-20 22:34:17,224 | INFO  | DNAudit | user=null | ip=null | op=WRITE_CHUNK {blockData=conID: 3 locID: 102651687806435779 bcsId: 0} | ret=SUCCESS |  
2019-08-20 22:34:17,224 | INFO  | DNAudit | user=null | ip=null | op=PUT_BLOCK {blockData=[blockId=conID: 3 locID: 102651687806435779 bcsId: 0,size=2097152]} | ret=SUCCESS |  
2019-08-20 22:34:17,224 | INFO  | DNAudit | user=null | ip=null | op=PUT_BLOCK {blockData=[blockId=conID: 3 locID: 102651687806435779 bcsId: 0,size=2097152]} | ret=SUCCESS |  
2019-08-20 22:34:17,228 | INFO  | DNAudit | user=null | ip=null | op=WRITE_CHUNK {blockData=conID: 3 locID: 102651687806435779 bcsId: 1489} | ret=SUCCESS |  
2019-08-20 22:34:17,229 | INFO  | DNAudit | user=null | ip=null | op=WRITE_CHUNK {blockData=conID: 3 locID: 102651687806435779 bcsId: 1489} | ret=SUCCESS |  
2019-08-20 22:34:17,229 | INFO  | DNAudit | user=null | ip=null | op=WRITE_CHUNK {blockData=conID: 3 locID: 102651687806435779 bcsId: 1489} | ret=SUCCESS |  
2019-08-20 22:34:17,240 | INFO  | DNAudit | user=null | ip=null | op=WRITE_CHUNK {blockData=conID: 3 locID: 102651687806435779 bcsId: 1489} | ret=SUCCESS |  
2019-08-20 22:34:17,241 | INFO  | DNAudit | user=null | ip=null | op=PUT_BLOCK {blockData=[blockId=conID: 3 locID: 102651687806435779 bcsId: 0,size=3145728]} | ret=SUCCESS |  
2019-08-20 22:34:17,241 [grpc-default-executor-3] INFO  client.GrpcClientProtocolClient (GrpcClientProtocolClient.java:onNext(255)) - client-391BA870FC40->947ec526-030f-41cc-8af7-a6f75e712ab0: receive RaftClientReply:client-391BA870FC40->947ec526-030f-41cc-8af7-a6f75e712ab0@group-5D45C35602B2, cid=1082, SUCCESS, logIndex=1494, commits[947ec526-030f-41cc-8af7-a6f75e712ab0:c1495, c447b9b6-dde2-4ce7-aa81-d0e2eddc8fe9:c1493, 28b540ac-241d-462a-a56c-509e92928066:c1493]
2019-08-20 22:34:17,241 [grpc-default-executor-3] INFO  client.GrpcClientProtocolClient (GrpcClientProtocolClient.java:onNext(255)) - client-391BA870FC40->947ec526-030f-41cc-8af7-a6f75e712ab0: receive RaftClientReply:client-391BA870FC40->947ec526-030f-41cc-8af7-a6f75e712ab0@group-5D45C35602B2, cid=1083, SUCCESS, logIndex=1495, commits[947ec526-030f-41cc-8af7-a6f75e712ab0:c1495, c447b9b6-dde2-4ce7-aa81-d0e2eddc8fe9:c1493, 28b540ac-241d-462a-a56c-509e92928066:c1493]
2019-08-20 22:34:17,247 | INFO  | DNAudit | user=null | ip=null | op=WRITE_CHUNK {blockData=conID: 3 locID: 102651687806435779 bcsId: 1495} | ret=SUCCESS |  
2019-08-20 22:34:17,249 | INFO  | DNAudit | user=null | ip=null | op=WRITE_CHUNK {blockData=conID: 3 locID: 102651687806435779 bcsId: 1495} | ret=SUCCESS |  
2019-08-20 22:34:17,249 | INFO  | DNAudit | user=null | ip=null | op=WRITE_CHUNK {blockData=conID: 3 locID: 102651687806435779 bcsId: 1495} | ret=SUCCESS |  
2019-08-20 22:34:17,263 | INFO  | DNAudit | user=null | ip=null | op=WRITE_CHUNK {blockData=conID: 3 locID: 102651687806435779 bcsId: 1489} | ret=SUCCESS |  
2019-08-20 22:34:17,263 | INFO  | DNAudit | user=null | ip=null | op=WRITE_CHUNK {blockData=conID: 3 locID: 102651687806435779 bcsId: 1489} | ret=SUCCESS |  
2019-08-20 22:34:17,278 | INFO  | DNAudit | user=null | ip=null | op=PUT_BLOCK {blockData=[blockId=conID: 3 locID: 102651687806435779 bcsId: 0,size=3145728]} | ret=SUCCESS |  
2019-08-20 22:34:17,278 | INFO  | DNAudit | user=null | ip=null | op=PUT_BLOCK {blockData=[blockId=conID: 3 locID: 102651687806435779 bcsId: 0,size=3145728]} | ret=SUCCESS |  
2019-08-20 22:34:17,278 | INFO  | DNAudit | user=null | ip=null | op=WRITE_CHUNK {blockData=conID: 3 locID: 102651687806435779 bcsId: 1495} | ret=SUCCESS |  
2019-08-20 22:34:17,279 | INFO  | DNAudit | user=null | ip=null | op=PUT_BLOCK {blockData=[blockId=conID: 3 locID: 102651687806435779 bcsId: 0,size=4194304]} | ret=SUCCESS |  
2019-08-20 22:34:17,279 [grpc-default-executor-4] INFO  client.GrpcClientProtocolClient (GrpcClientProtocolClient.java:onNext(255)) - client-391BA870FC40->947ec526-030f-41cc-8af7-a6f75e712ab0: receive RaftClientReply:client-391BA870FC40->947ec526-030f-41cc-8af7-a6f75e712ab0@group-5D45C35602B2, cid=1084, SUCCESS, logIndex=1498, commits[947ec526-030f-41cc-8af7-a6f75e712ab0:c1499, c447b9b6-dde2-4ce7-aa81-d0e2eddc8fe9:c1495, 28b540ac-241d-462a-a56c-509e92928066:c1495]
2019-08-20 22:34:17,279 [grpc-default-executor-4] INFO  client.GrpcClientProtocolClient (GrpcClientProtocolClient.java:onNext(255)) - client-391BA870FC40->947ec526-030f-41cc-8af7-a6f75e712ab0: receive RaftClientReply:client-391BA870FC40->947ec526-030f-41cc-8af7-a6f75e712ab0@group-5D45C35602B2, cid=1085, SUCCESS, logIndex=1499, commits[947ec526-030f-41cc-8af7-a6f75e712ab0:c1499, c447b9b6-dde2-4ce7-aa81-d0e2eddc8fe9:c1495, 28b540ac-241d-462a-a56c-509e92928066:c1495]
2019-08-20 22:34:17,290 | INFO  | DNAudit | user=null | ip=null | op=WRITE_CHUNK {blockData=conID: 3 locID: 102651687806435779 bcsId: 1495} | ret=SUCCESS |  
2019-08-20 22:34:17,290 | INFO  | DNAudit | user=null | ip=null | op=WRITE_CHUNK {blockData=conID: 3 locID: 102651687806435779 bcsId: 1495} | ret=SUCCESS |  
2019-08-20 22:34:17,291 | INFO  | DNAudit | user=null | ip=null | op=PUT_BLOCK {blockData=[blockId=conID: 3 locID: 102651687806435779 bcsId: 0,size=4194304]} | ret=SUCCESS |  
2019-08-20 22:34:17,292 | INFO  | DNAudit | user=null | ip=null | op=PUT_BLOCK {blockData=[blockId=conID: 3 locID: 102651687806435779 bcsId: 0,size=4194304]} | ret=SUCCESS |  
2019-08-20 22:34:17,292 [grpc-default-executor-2] INFO  client.GrpcClientProtocolClient (GrpcClientProtocolClient.java:onNext(255)) - client-391BA870FC40->947ec526-030f-41cc-8af7-a6f75e712ab0: receive RaftClientReply:client-391BA870FC40->947ec526-030f-41cc-8af7-a6f75e712ab0@group-5D45C35602B2, cid=1086, SUCCESS, logIndex=0, commits[947ec526-030f-41cc-8af7-a6f75e712ab0:c1501, c447b9b6-dde2-4ce7-aa81-d0e2eddc8fe9:c1499, 28b540ac-241d-462a-a56c-509e92928066:c1499]
2019-08-20 22:34:17,298 | INFO  | DNAudit | user=null | ip=null | op=WRITE_CHUNK {blockData=conID: 1 locID: 102651687806435780 bcsId: 0} | ret=SUCCESS |  
2019-08-20 22:34:17,300 | INFO  | DNAudit | user=null | ip=null | op=WRITE_CHUNK {blockData=conID: 1 locID: 102651687806435780 bcsId: 0} | ret=SUCCESS |  
2019-08-20 22:34:17,301 | INFO  | DNAudit | user=null | ip=null | op=WRITE_CHUNK {blockData=conID: 1 locID: 102651687806435780 bcsId: 0} | ret=SUCCESS |  
2019-08-20 22:34:17,301 | INFO  | DNAudit | user=null | ip=null | op=WRITE_CHUNK {blockData=conID: 1 locID: 102651687806435780 bcsId: 0} | ret=SUCCESS |  
2019-08-20 22:34:17,303 | INFO  | DNAudit | user=null | ip=null | op=WRITE_CHUNK {blockData=conID: 1 locID: 102651687806435780 bcsId: 0} | ret=SUCCESS |  
2019-08-20 22:34:17,303 | INFO  | DNAudit | user=null | ip=null | op=WRITE_CHUNK {blockData=conID: 1 locID: 102651687806435780 bcsId: 0} | ret=SUCCESS |  
2019-08-20 22:34:17,309 | INFO  | DNAudit | user=null | ip=null | op=WRITE_CHUNK {blockData=conID: 1 locID: 102651687806435780 bcsId: 0} | ret=SUCCESS |  
2019-08-20 22:34:17,309 | INFO  | DNAudit | user=null | ip=null | op=PUT_BLOCK {blockData=[blockId=conID: 1 locID: 102651687806435780 bcsId: 0,size=1048576]} | ret=SUCCESS |  
2019-08-20 22:34:17,309 [grpc-default-executor-3] INFO  client.GrpcClientProtocolClient (GrpcClientProtocolClient.java:onNext(255)) - client-391BA870FC40->947ec526-030f-41cc-8af7-a6f75e712ab0: receive RaftClientReply:client-391BA870FC40->947ec526-030f-41cc-8af7-a6f75e712ab0@group-5D45C35602B2, cid=1087, SUCCESS, logIndex=1502, commits[947ec526-030f-41cc-8af7-a6f75e712ab0:c1503, c447b9b6-dde2-4ce7-aa81-d0e2eddc8fe9:c1501, 28b540ac-241d-462a-a56c-509e92928066:c1501]
2019-08-20 22:34:17,310 [grpc-default-executor-3] INFO  client.GrpcClientProtocolClient (GrpcClientProtocolClient.java:onNext(255)) - client-391BA870FC40->947ec526-030f-41cc-8af7-a6f75e712ab0: receive RaftClientReply:client-391BA870FC40->947ec526-030f-41cc-8af7-a6f75e712ab0@group-5D45C35602B2, cid=1088, SUCCESS, logIndex=1503, commits[947ec526-030f-41cc-8af7-a6f75e712ab0:c1503, c447b9b6-dde2-4ce7-aa81-d0e2eddc8fe9:c1501, 28b540ac-241d-462a-a56c-509e92928066:c1501]
2019-08-20 22:34:17,311 | INFO  | DNAudit | user=null | ip=null | op=WRITE_CHUNK {blockData=conID: 1 locID: 102651687806435780 bcsId: 0} | ret=SUCCESS |  
2019-08-20 22:34:17,312 | INFO  | DNAudit | user=null | ip=null | op=PUT_BLOCK {blockData=[blockId=conID: 1 locID: 102651687806435780 bcsId: 0,size=2097152]} | ret=SUCCESS |  
2019-08-20 22:34:17,312 [grpc-default-executor-4] INFO  client.GrpcClientProtocolClient (GrpcClientProtocolClient.java:onNext(255)) - client-391BA870FC40->947ec526-030f-41cc-8af7-a6f75e712ab0: receive RaftClientReply:client-391BA870FC40->947ec526-030f-41cc-8af7-a6f75e712ab0@group-5D45C35602B2, cid=1089, SUCCESS, logIndex=1504, commits[947ec526-030f-41cc-8af7-a6f75e712ab0:c1505, c447b9b6-dde2-4ce7-aa81-d0e2eddc8fe9:c1501, 28b540ac-241d-462a-a56c-509e92928066:c1501]
2019-08-20 22:34:17,312 [grpc-default-executor-4] INFO  client.GrpcClientProtocolClient (GrpcClientProtocolClient.java:onNext(255)) - client-391BA870FC40->947ec526-030f-41cc-8af7-a6f75e712ab0: receive RaftClientReply:client-391BA870FC40->947ec526-030f-41cc-8af7-a6f75e712ab0@group-5D45C35602B2, cid=1090, SUCCESS, logIndex=1505, commits[947ec526-030f-41cc-8af7-a6f75e712ab0:c1505, c447b9b6-dde2-4ce7-aa81-d0e2eddc8fe9:c1501, 28b540ac-241d-462a-a56c-509e92928066:c1501]
2019-08-20 22:34:17,323 | INFO  | DNAudit | user=null | ip=null | op=WRITE_CHUNK {blockData=conID: 1 locID: 102651687806435780 bcsId: 0} | ret=SUCCESS |  
2019-08-20 22:34:17,323 | INFO  | DNAudit | user=null | ip=null | op=WRITE_CHUNK {blockData=conID: 1 locID: 102651687806435780 bcsId: 0} | ret=SUCCESS |  
2019-08-20 22:34:17,323 | INFO  | DNAudit | user=null | ip=null | op=PUT_BLOCK {blockData=[blockId=conID: 1 locID: 102651687806435780 bcsId: 0,size=1048576]} | ret=SUCCESS |  
2019-08-20 22:34:17,323 | INFO  | DNAudit | user=null | ip=null | op=PUT_BLOCK {blockData=[blockId=conID: 1 locID: 102651687806435780 bcsId: 0,size=1048576]} | ret=SUCCESS |  
2019-08-20 22:34:17,323 [grpc-default-executor-4] INFO  client.GrpcClientProtocolClient (GrpcClientProtocolClient.java:onNext(255)) - client-391BA870FC40->947ec526-030f-41cc-8af7-a6f75e712ab0: receive RaftClientReply:client-391BA870FC40->947ec526-030f-41cc-8af7-a6f75e712ab0@group-5D45C35602B2, cid=1091, SUCCESS, logIndex=0, commits[947ec526-030f-41cc-8af7-a6f75e712ab0:c1506, c447b9b6-dde2-4ce7-aa81-d0e2eddc8fe9:c1503, 28b540ac-241d-462a-a56c-509e92928066:c1503]
2019-08-20 22:34:17,325 | INFO  | DNAudit | user=null | ip=null | op=WRITE_CHUNK {blockData=conID: 1 locID: 102651687806435780 bcsId: 0} | ret=SUCCESS |  
2019-08-20 22:34:17,326 | INFO  | DNAudit | user=null | ip=null | op=PUT_BLOCK {blockData=[blockId=conID: 1 locID: 102651687806435780 bcsId: 0,size=2097152]} | ret=SUCCESS |  
2019-08-20 22:34:17,326 | INFO  | DNAudit | user=null | ip=null | op=WRITE_CHUNK {blockData=conID: 1 locID: 102651687806435780 bcsId: 0} | ret=SUCCESS |  
2019-08-20 22:34:17,326 | INFO  | DNAudit | user=null | ip=null | op=PUT_BLOCK {blockData=[blockId=conID: 1 locID: 102651687806435780 bcsId: 0,size=2097152]} | ret=SUCCESS |  
2019-08-20 22:34:17,329 | INFO  | DNAudit | user=null | ip=null | op=WRITE_CHUNK {blockData=conID: 1 locID: 102651687806435780 bcsId: 1505} | ret=SUCCESS |  
2019-08-20 22:34:17,331 | INFO  | DNAudit | user=null | ip=null | op=WRITE_CHUNK {blockData=conID: 1 locID: 102651687806435780 bcsId: 1505} | ret=SUCCESS |  
2019-08-20 22:34:17,331 | INFO  | DNAudit | user=null | ip=null | op=WRITE_CHUNK {blockData=conID: 1 locID: 102651687806435780 bcsId: 1505} | ret=SUCCESS |  
2019-08-20 22:34:17,341 | INFO  | DNAudit | user=null | ip=null | op=WRITE_CHUNK {blockData=conID: 1 locID: 102651687806435780 bcsId: 1505} | ret=SUCCESS |  
2019-08-20 22:34:17,341 | INFO  | DNAudit | user=null | ip=null | op=PUT_BLOCK {blockData=[blockId=conID: 1 locID: 102651687806435780 bcsId: 0,size=3145728]} | ret=SUCCESS |  
2019-08-20 22:34:17,342 [grpc-default-executor-2] INFO  client.GrpcClientProtocolClient (GrpcClientProtocolClient.java:onNext(255)) - client-391BA870FC40->947ec526-030f-41cc-8af7-a6f75e712ab0: receive RaftClientReply:client-391BA870FC40->947ec526-030f-41cc-8af7-a6f75e712ab0@group-5D45C35602B2, cid=1092, SUCCESS, logIndex=1510, commits[947ec526-030f-41cc-8af7-a6f75e712ab0:c1511, c447b9b6-dde2-4ce7-aa81-d0e2eddc8fe9:c1509, 28b540ac-241d-462a-a56c-509e92928066:c1509]
2019-08-20 22:34:17,342 [grpc-default-executor-2] INFO  client.GrpcClientProtocolClient (GrpcClientProtocolClient.java:onNext(255)) - client-391BA870FC40->947ec526-030f-41cc-8af7-a6f75e712ab0: receive RaftClientReply:client-391BA870FC40->947ec526-030f-41cc-8af7-a6f75e712ab0@group-5D45C35602B2, cid=1093, SUCCESS, logIndex=1511, commits[947ec526-030f-41cc-8af7-a6f75e712ab0:c1511, c447b9b6-dde2-4ce7-aa81-d0e2eddc8fe9:c1509, 28b540ac-241d-462a-a56c-509e92928066:c1509]
2019-08-20 22:34:17,348 | INFO  | DNAudit | user=null | ip=null | op=WRITE_CHUNK {blockData=conID: 1 locID: 102651687806435780 bcsId: 1511} | ret=SUCCESS |  
2019-08-20 22:34:17,349 | INFO  | DNAudit | user=null | ip=null | op=WRITE_CHUNK {blockData=conID: 1 locID: 102651687806435780 bcsId: 1511} | ret=SUCCESS |  
2019-08-20 22:34:17,349 | INFO  | DNAudit | user=null | ip=null | op=WRITE_CHUNK {blockData=conID: 1 locID: 102651687806435780 bcsId: 1511} | ret=SUCCESS |  
2019-08-20 22:34:17,352 | INFO  | DNAudit | user=null | ip=null | op=WRITE_CHUNK {blockData=conID: 1 locID: 102651687806435780 bcsId: 1505} | ret=SUCCESS |  
2019-08-20 22:34:17,352 | INFO  | DNAudit | user=null | ip=null | op=WRITE_CHUNK {blockData=conID: 1 locID: 102651687806435780 bcsId: 1505} | ret=SUCCESS |  
2019-08-20 22:34:17,353 | INFO  | DNAudit | user=null | ip=null | op=PUT_BLOCK {blockData=[blockId=conID: 1 locID: 102651687806435780 bcsId: 0,size=3145728]} | ret=SUCCESS |  
2019-08-20 22:34:17,353 | INFO  | DNAudit | user=null | ip=null | op=PUT_BLOCK {blockData=[blockId=conID: 1 locID: 102651687806435780 bcsId: 0,size=3145728]} | ret=SUCCESS |  
2019-08-20 22:34:17,355 | INFO  | DNAudit | user=null | ip=null | op=WRITE_CHUNK {blockData=conID: 1 locID: 102651687806435780 bcsId: 1511} | ret=SUCCESS |  
2019-08-20 22:34:17,356 | INFO  | DNAudit | user=null | ip=null | op=PUT_BLOCK {blockData=[blockId=conID: 1 locID: 102651687806435780 bcsId: 0,size=4194304]} | ret=SUCCESS |  
2019-08-20 22:34:17,356 [grpc-default-executor-2] INFO  client.GrpcClientProtocolClient (GrpcClientProtocolClient.java:onNext(255)) - client-391BA870FC40->947ec526-030f-41cc-8af7-a6f75e712ab0: receive RaftClientReply:client-391BA870FC40->947ec526-030f-41cc-8af7-a6f75e712ab0@group-5D45C35602B2, cid=1094, SUCCESS, logIndex=1514, commits[947ec526-030f-41cc-8af7-a6f75e712ab0:c1515, c447b9b6-dde2-4ce7-aa81-d0e2eddc8fe9:c1511, 28b540ac-241d-462a-a56c-509e92928066:c1511]
2019-08-20 22:34:17,356 [grpc-default-executor-2] INFO  client.GrpcClientProtocolClient (GrpcClientProtocolClient.java:onNext(255)) - client-391BA870FC40->947ec526-030f-41cc-8af7-a6f75e712ab0: receive RaftClientReply:client-391BA870FC40->947ec526-030f-41cc-8af7-a6f75e712ab0@group-5D45C35602B2, cid=1095, SUCCESS, logIndex=1515, commits[947ec526-030f-41cc-8af7-a6f75e712ab0:c1515, c447b9b6-dde2-4ce7-aa81-d0e2eddc8fe9:c1511, 28b540ac-241d-462a-a56c-509e92928066:c1511]
2019-08-20 22:34:17,368 | INFO  | DNAudit | user=null | ip=null | op=WRITE_CHUNK {blockData=conID: 1 locID: 102651687806435780 bcsId: 1511} | ret=SUCCESS |  
2019-08-20 22:34:17,368 | INFO  | DNAudit | user=null | ip=null | op=WRITE_CHUNK {blockData=conID: 1 locID: 102651687806435780 bcsId: 1511} | ret=SUCCESS |  
2019-08-20 22:34:17,369 | INFO  | DNAudit | user=null | ip=null | op=PUT_BLOCK {blockData=[blockId=conID: 1 locID: 102651687806435780 bcsId: 0,size=4194304]} | ret=SUCCESS |  
2019-08-20 22:34:17,369 | INFO  | DNAudit | user=null | ip=null | op=PUT_BLOCK {blockData=[blockId=conID: 1 locID: 102651687806435780 bcsId: 0,size=4194304]} | ret=SUCCESS |  
2019-08-20 22:34:17,369 [grpc-default-executor-2] INFO  client.GrpcClientProtocolClient (GrpcClientProtocolClient.java:onNext(255)) - client-391BA870FC40->947ec526-030f-41cc-8af7-a6f75e712ab0: receive RaftClientReply:client-391BA870FC40->947ec526-030f-41cc-8af7-a6f75e712ab0@group-5D45C35602B2, cid=1096, SUCCESS, logIndex=0, commits[947ec526-030f-41cc-8af7-a6f75e712ab0:c1516, c447b9b6-dde2-4ce7-aa81-d0e2eddc8fe9:c1515, 28b540ac-241d-462a-a56c-509e92928066:c1515]
2019-08-20 22:34:17,374 | INFO  | DNAudit | user=null | ip=null | op=WRITE_CHUNK {blockData=conID: 2 locID: 102651687806435781 bcsId: 0} | ret=SUCCESS |  
2019-08-20 22:34:17,376 | INFO  | DNAudit | user=null | ip=null | op=WRITE_CHUNK {blockData=conID: 2 locID: 102651687806435781 bcsId: 0} | ret=SUCCESS |  
2019-08-20 22:34:17,376 | INFO  | DNAudit | user=null | ip=null | op=WRITE_CHUNK {blockData=conID: 2 locID: 102651687806435781 bcsId: 0} | ret=SUCCESS |  
2019-08-20 22:34:17,377 | INFO  | DNAudit | user=null | ip=null | op=WRITE_CHUNK {blockData=conID: 2 locID: 102651687806435781 bcsId: 0} | ret=SUCCESS |  
2019-08-20 22:34:17,378 | INFO  | DNAudit | user=null | ip=null | op=WRITE_CHUNK {blockData=conID: 2 locID: 102651687806435781 bcsId: 0} | ret=SUCCESS |  
2019-08-20 22:34:17,378 | INFO  | DNAudit | user=null | ip=null | op=WRITE_CHUNK {blockData=conID: 2 locID: 102651687806435781 bcsId: 0} | ret=SUCCESS |  
2019-08-20 22:34:17,395 | INFO  | DNAudit | user=null | ip=null | op=WRITE_CHUNK {blockData=conID: 2 locID: 102651687806435781 bcsId: 0} | ret=SUCCESS |  
2019-08-20 22:34:17,395 | INFO  | DNAudit | user=null | ip=null | op=PUT_BLOCK {blockData=[blockId=conID: 2 locID: 102651687806435781 bcsId: 0,size=1048576]} | ret=SUCCESS |  
2019-08-20 22:34:17,395 | INFO  | DNAudit | user=null | ip=null | op=WRITE_CHUNK {blockData=conID: 2 locID: 102651687806435781 bcsId: 0} | ret=SUCCESS |  
2019-08-20 22:34:17,395 [grpc-default-executor-3] INFO  client.GrpcClientProtocolClient (GrpcClientProtocolClient.java:onNext(255)) - client-391BA870FC40->947ec526-030f-41cc-8af7-a6f75e712ab0: receive RaftClientReply:client-391BA870FC40->947ec526-030f-41cc-8af7-a6f75e712ab0@group-5D45C35602B2, cid=1097, SUCCESS, logIndex=1518, commits[947ec526-030f-41cc-8af7-a6f75e712ab0:c1520, c447b9b6-dde2-4ce7-aa81-d0e2eddc8fe9:c1516, 28b540ac-241d-462a-a56c-509e92928066:c1516]
2019-08-20 22:34:17,396 | INFO  | DNAudit | user=null | ip=null | op=PUT_BLOCK {blockData=[blockId=conID: 2 locID: 102651687806435781 bcsId: 0,size=2097152]} | ret=SUCCESS |  
2019-08-20 22:34:17,396 [grpc-default-executor-3] INFO  client.GrpcClientProtocolClient (GrpcClientProtocolClient.java:onNext(255)) - client-391BA870FC40->947ec526-030f-41cc-8af7-a6f75e712ab0: receive RaftClientReply:client-391BA870FC40->947ec526-030f-41cc-8af7-a6f75e712ab0@group-5D45C35602B2, cid=1098, SUCCESS, logIndex=1519, commits[947ec526-030f-41cc-8af7-a6f75e712ab0:c1521, c447b9b6-dde2-4ce7-aa81-d0e2eddc8fe9:c1516, 28b540ac-241d-462a-a56c-509e92928066:c1516]
2019-08-20 22:34:17,396 [grpc-default-executor-3] INFO  client.GrpcClientProtocolClient (GrpcClientProtocolClient.java:onNext(255)) - client-391BA870FC40->947ec526-030f-41cc-8af7-a6f75e712ab0: receive RaftClientReply:client-391BA870FC40->947ec526-030f-41cc-8af7-a6f75e712ab0@group-5D45C35602B2, cid=1099, SUCCESS, logIndex=1520, commits[947ec526-030f-41cc-8af7-a6f75e712ab0:c1521, c447b9b6-dde2-4ce7-aa81-d0e2eddc8fe9:c1516, 28b540ac-241d-462a-a56c-509e92928066:c1516]
2019-08-20 22:34:17,396 [grpc-default-executor-3] INFO  client.GrpcClientProtocolClient (GrpcClientProtocolClient.java:onNext(255)) - client-391BA870FC40->947ec526-030f-41cc-8af7-a6f75e712ab0: receive RaftClientReply:client-391BA870FC40->947ec526-030f-41cc-8af7-a6f75e712ab0@group-5D45C35602B2, cid=1100, SUCCESS, logIndex=1521, commits[947ec526-030f-41cc-8af7-a6f75e712ab0:c1521, c447b9b6-dde2-4ce7-aa81-d0e2eddc8fe9:c1516, 28b540ac-241d-462a-a56c-509e92928066:c1516]
2019-08-20 22:34:17,408 | INFO  | DNAudit | user=null | ip=null | op=WRITE_CHUNK {blockData=conID: 2 locID: 102651687806435781 bcsId: 0} | ret=SUCCESS |  
2019-08-20 22:34:17,408 | INFO  | DNAudit | user=null | ip=null | op=PUT_BLOCK {blockData=[blockId=conID: 2 locID: 102651687806435781 bcsId: 0,size=1048576]} | ret=SUCCESS |  
2019-08-20 22:34:17,408 | INFO  | DNAudit | user=null | ip=null | op=WRITE_CHUNK {blockData=conID: 2 locID: 102651687806435781 bcsId: 0} | ret=SUCCESS |  
2019-08-20 22:34:17,408 | INFO  | DNAudit | user=null | ip=null | op=PUT_BLOCK {blockData=[blockId=conID: 2 locID: 102651687806435781 bcsId: 0,size=1048576]} | ret=SUCCESS |  
2019-08-20 22:34:17,408 [grpc-default-executor-3] INFO  client.GrpcClientProtocolClient (GrpcClientProtocolClient.java:onNext(255)) - client-391BA870FC40->947ec526-030f-41cc-8af7-a6f75e712ab0: receive RaftClientReply:client-391BA870FC40->947ec526-030f-41cc-8af7-a6f75e712ab0@group-5D45C35602B2, cid=1101, SUCCESS, logIndex=0, commits[947ec526-030f-41cc-8af7-a6f75e712ab0:c1522, c447b9b6-dde2-4ce7-aa81-d0e2eddc8fe9:c1519, 28b540ac-241d-462a-a56c-509e92928066:c1519]
2019-08-20 22:34:17,414 | INFO  | DNAudit | user=null | ip=null | op=WRITE_CHUNK {blockData=conID: 2 locID: 102651687806435781 bcsId: 1521} | ret=SUCCESS |  
2019-08-20 22:34:17,415 | INFO  | DNAudit | user=null | ip=null | op=WRITE_CHUNK {blockData=conID: 2 locID: 102651687806435781 bcsId: 1521} | ret=SUCCESS |  
2019-08-20 22:34:17,415 | INFO  | DNAudit | user=null | ip=null | op=WRITE_CHUNK {blockData=conID: 2 locID: 102651687806435781 bcsId: 1521} | ret=SUCCESS |  
2019-08-20 22:34:17,421 | INFO  | DNAudit | user=null | ip=null | op=WRITE_CHUNK {blockData=conID: 2 locID: 102651687806435781 bcsId: 0} | ret=SUCCESS |  
2019-08-20 22:34:17,421 | INFO  | DNAudit | user=null | ip=null | op=PUT_BLOCK {blockData=[blockId=conID: 2 locID: 102651687806435781 bcsId: 0,size=2097152]} | ret=SUCCESS |  
2019-08-20 22:34:17,421 | INFO  | DNAudit | user=null | ip=null | op=WRITE_CHUNK {blockData=conID: 2 locID: 102651687806435781 bcsId: 0} | ret=SUCCESS |  
2019-08-20 22:34:17,422 | INFO  | DNAudit | user=null | ip=null | op=PUT_BLOCK {blockData=[blockId=conID: 2 locID: 102651687806435781 bcsId: 0,size=2097152]} | ret=SUCCESS |  
2019-08-20 22:34:17,433 | INFO  | DNAudit | user=null | ip=null | op=WRITE_CHUNK {blockData=conID: 2 locID: 102651687806435781 bcsId: 1521} | ret=SUCCESS |  
2019-08-20 22:34:17,433 | INFO  | DNAudit | user=null | ip=null | op=PUT_BLOCK {blockData=[blockId=conID: 2 locID: 102651687806435781 bcsId: 0,size=3145728]} | ret=SUCCESS |  
2019-08-20 22:34:17,433 [grpc-default-executor-2] INFO  client.GrpcClientProtocolClient (GrpcClientProtocolClient.java:onNext(255)) - client-391BA870FC40->947ec526-030f-41cc-8af7-a6f75e712ab0: receive RaftClientReply:client-391BA870FC40->947ec526-030f-41cc-8af7-a6f75e712ab0@group-5D45C35602B2, cid=1102, SUCCESS, logIndex=1526, commits[947ec526-030f-41cc-8af7-a6f75e712ab0:c1527, c447b9b6-dde2-4ce7-aa81-d0e2eddc8fe9:c1522, 28b540ac-241d-462a-a56c-509e92928066:c1522]
2019-08-20 22:34:17,434 [grpc-default-executor-2] INFO  client.GrpcClientProtocolClient (GrpcClientProtocolClient.java:onNext(255)) - client-391BA870FC40->947ec526-030f-41cc-8af7-a6f75e712ab0: receive RaftClientReply:client-391BA870FC40->947ec526-030f-41cc-8af7-a6f75e712ab0@group-5D45C35602B2, cid=1103, SUCCESS, logIndex=1527, commits[947ec526-030f-41cc-8af7-a6f75e712ab0:c1527, c447b9b6-dde2-4ce7-aa81-d0e2eddc8fe9:c1522, 28b540ac-241d-462a-a56c-509e92928066:c1522]
2019-08-20 22:34:17,439 | INFO  | DNAudit | user=null | ip=null | op=WRITE_CHUNK {blockData=conID: 2 locID: 102651687806435781 bcsId: 1527} | ret=SUCCESS |  
2019-08-20 22:34:17,440 | INFO  | DNAudit | user=null | ip=null | op=WRITE_CHUNK {blockData=conID: 2 locID: 102651687806435781 bcsId: 1527} | ret=SUCCESS |  
2019-08-20 22:34:17,441 | INFO  | DNAudit | user=null | ip=null | op=WRITE_CHUNK {blockData=conID: 2 locID: 102651687806435781 bcsId: 1527} | ret=SUCCESS |  
2019-08-20 22:34:17,446 | INFO  | DNAudit | user=null | ip=null | op=WRITE_CHUNK {blockData=conID: 2 locID: 102651687806435781 bcsId: 1521} | ret=SUCCESS |  
2019-08-20 22:34:17,446 | INFO  | DNAudit | user=null | ip=null | op=WRITE_CHUNK {blockData=conID: 2 locID: 102651687806435781 bcsId: 1521} | ret=SUCCESS |  
2019-08-20 22:34:17,446 | INFO  | DNAudit | user=null | ip=null | op=PUT_BLOCK {blockData=[blockId=conID: 2 locID: 102651687806435781 bcsId: 0,size=3145728]} | ret=SUCCESS |  
2019-08-20 22:34:17,446 | INFO  | DNAudit | user=null | ip=null | op=PUT_BLOCK {blockData=[blockId=conID: 2 locID: 102651687806435781 bcsId: 0,size=3145728]} | ret=SUCCESS |  
2019-08-20 22:34:17,449 | INFO  | DNAudit | user=null | ip=null | op=WRITE_CHUNK {blockData=conID: 2 locID: 102651687806435781 bcsId: 1527} | ret=SUCCESS |  
2019-08-20 22:34:17,449 | INFO  | DNAudit | user=null | ip=null | op=PUT_BLOCK {blockData=[blockId=conID: 2 locID: 102651687806435781 bcsId: 0,size=4194304]} | ret=SUCCESS |  
2019-08-20 22:34:17,450 [grpc-default-executor-2] INFO  client.GrpcClientProtocolClient (GrpcClientProtocolClient.java:onNext(255)) - client-391BA870FC40->947ec526-030f-41cc-8af7-a6f75e712ab0: receive RaftClientReply:client-391BA870FC40->947ec526-030f-41cc-8af7-a6f75e712ab0@group-5D45C35602B2, cid=1104, SUCCESS, logIndex=1530, commits[947ec526-030f-41cc-8af7-a6f75e712ab0:c1531, c447b9b6-dde2-4ce7-aa81-d0e2eddc8fe9:c1527, 28b540ac-241d-462a-a56c-509e92928066:c1527]
2019-08-20 22:34:17,450 [grpc-default-executor-2] INFO  client.GrpcClientProtocolClient (GrpcClientProtocolClient.java:onNext(255)) - client-391BA870FC40->947ec526-030f-41cc-8af7-a6f75e712ab0: receive RaftClientReply:client-391BA870FC40->947ec526-030f-41cc-8af7-a6f75e712ab0@group-5D45C35602B2, cid=1105, SUCCESS, logIndex=1531, commits[947ec526-030f-41cc-8af7-a6f75e712ab0:c1531, c447b9b6-dde2-4ce7-aa81-d0e2eddc8fe9:c1527, 28b540ac-241d-462a-a56c-509e92928066:c1527]
2019-08-20 22:34:17,451 | INFO  | DNAudit | user=null | ip=null | op=WRITE_CHUNK {blockData=conID: 2 locID: 102651687806435781 bcsId: 1527} | ret=SUCCESS |  
2019-08-20 22:34:17,451 | INFO  | DNAudit | user=null | ip=null | op=PUT_BLOCK {blockData=[blockId=conID: 2 locID: 102651687806435781 bcsId: 0,size=4194304]} | ret=SUCCESS |  
2019-08-20 22:34:17,453 | INFO  | DNAudit | user=null | ip=null | op=WRITE_CHUNK {blockData=conID: 2 locID: 102651687806435781 bcsId: 1527} | ret=SUCCESS |  
2019-08-20 22:34:17,454 | INFO  | DNAudit | user=null | ip=null | op=PUT_BLOCK {blockData=[blockId=conID: 2 locID: 102651687806435781 bcsId: 0,size=4194304]} | ret=SUCCESS |  
2019-08-20 22:34:17,454 [grpc-default-executor-2] INFO  client.GrpcClientProtocolClient (GrpcClientProtocolClient.java:onNext(255)) - client-391BA870FC40->947ec526-030f-41cc-8af7-a6f75e712ab0: receive RaftClientReply:client-391BA870FC40->947ec526-030f-41cc-8af7-a6f75e712ab0@group-5D45C35602B2, cid=1106, SUCCESS, logIndex=0, commits[947ec526-030f-41cc-8af7-a6f75e712ab0:c1532, c447b9b6-dde2-4ce7-aa81-d0e2eddc8fe9:c1531, 28b540ac-241d-462a-a56c-509e92928066:c1531]
2019-08-20 22:34:17,460 | INFO  | DNAudit | user=null | ip=null | op=WRITE_CHUNK {blockData=conID: 3 locID: 102651687806435782 bcsId: 0} | ret=SUCCESS |  
2019-08-20 22:34:17,461 | INFO  | DNAudit | user=null | ip=null | op=WRITE_CHUNK {blockData=conID: 3 locID: 102651687806435782 bcsId: 0} | ret=SUCCESS |  
2019-08-20 22:34:17,462 | INFO  | DNAudit | user=null | ip=null | op=WRITE_CHUNK {blockData=conID: 3 locID: 102651687806435782 bcsId: 0} | ret=SUCCESS |  
2019-08-20 22:34:17,462 | INFO  | DNAudit | user=null | ip=null | op=WRITE_CHUNK {blockData=conID: 3 locID: 102651687806435782 bcsId: 0} | ret=SUCCESS |  
2019-08-20 22:34:17,463 | INFO  | DNAudit | user=null | ip=null | op=WRITE_CHUNK {blockData=conID: 3 locID: 102651687806435782 bcsId: 0} | ret=SUCCESS |  
2019-08-20 22:34:17,464 | INFO  | DNAudit | user=null | ip=null | op=WRITE_CHUNK {blockData=conID: 3 locID: 102651687806435782 bcsId: 0} | ret=SUCCESS |  
2019-08-20 22:34:17,471 | INFO  | DNAudit | user=null | ip=null | op=WRITE_CHUNK {blockData=conID: 3 locID: 102651687806435782 bcsId: 0} | ret=SUCCESS |  
2019-08-20 22:34:17,471 | INFO  | DNAudit | user=null | ip=null | op=PUT_BLOCK {blockData=[blockId=conID: 3 locID: 102651687806435782 bcsId: 0,size=1048576]} | ret=SUCCESS |  
2019-08-20 22:34:17,471 | INFO  | DNAudit | user=null | ip=null | op=WRITE_CHUNK {blockData=conID: 3 locID: 102651687806435782 bcsId: 0} | ret=SUCCESS |  
2019-08-20 22:34:17,471 [grpc-default-executor-2] INFO  client.GrpcClientProtocolClient (GrpcClientProtocolClient.java:onNext(255)) - client-391BA870FC40->947ec526-030f-41cc-8af7-a6f75e712ab0: receive RaftClientReply:client-391BA870FC40->947ec526-030f-41cc-8af7-a6f75e712ab0@group-5D45C35602B2, cid=1107, SUCCESS, logIndex=1534, commits[947ec526-030f-41cc-8af7-a6f75e712ab0:c1535, c447b9b6-dde2-4ce7-aa81-d0e2eddc8fe9:c1533, 28b540ac-241d-462a-a56c-509e92928066:c1533]
2019-08-20 22:34:17,472 | INFO  | DNAudit | user=null | ip=null | op=PUT_BLOCK {blockData=[blockId=conID: 3 locID: 102651687806435782 bcsId: 0,size=2097152]} | ret=SUCCESS |  
2019-08-20 22:34:17,472 [grpc-default-executor-2] INFO  client.GrpcClientProtocolClient (GrpcClientProtocolClient.java:onNext(255)) - client-391BA870FC40->947ec526-030f-41cc-8af7-a6f75e712ab0: receive RaftClientReply:client-391BA870FC40->947ec526-030f-41cc-8af7-a6f75e712ab0@group-5D45C35602B2, cid=1108, SUCCESS, logIndex=1535, commits[947ec526-030f-41cc-8af7-a6f75e712ab0:c1537, c447b9b6-dde2-4ce7-aa81-d0e2eddc8fe9:c1533, 28b540ac-241d-462a-a56c-509e92928066:c1533]
2019-08-20 22:34:17,472 [grpc-default-executor-2] INFO  client.GrpcClientProtocolClient (GrpcClientProtocolClient.java:onNext(255)) - client-391BA870FC40->947ec526-030f-41cc-8af7-a6f75e712ab0: receive RaftClientReply:client-391BA870FC40->947ec526-030f-41cc-8af7-a6f75e712ab0@group-5D45C35602B2, cid=1109, SUCCESS, logIndex=1536, commits[947ec526-030f-41cc-8af7-a6f75e712ab0:c1537, c447b9b6-dde2-4ce7-aa81-d0e2eddc8fe9:c1533, 28b540ac-241d-462a-a56c-509e92928066:c1533]
2019-08-20 22:34:17,472 [grpc-default-executor-2] INFO  client.GrpcClientProtocolClient (GrpcClientProtocolClient.java:onNext(255)) - client-391BA870FC40->947ec526-030f-41cc-8af7-a6f75e712ab0: receive RaftClientReply:client-391BA870FC40->947ec526-030f-41cc-8af7-a6f75e712ab0@group-5D45C35602B2, cid=1110, SUCCESS, logIndex=1537, commits[947ec526-030f-41cc-8af7-a6f75e712ab0:c1537, c447b9b6-dde2-4ce7-aa81-d0e2eddc8fe9:c1533, 28b540ac-241d-462a-a56c-509e92928066:c1533]
2019-08-20 22:34:17,473 | INFO  | DNAudit | user=null | ip=null | op=WRITE_CHUNK {blockData=conID: 3 locID: 102651687806435782 bcsId: 0} | ret=SUCCESS |  
2019-08-20 22:34:17,475 | INFO  | DNAudit | user=null | ip=null | op=PUT_BLOCK {blockData=[blockId=conID: 3 locID: 102651687806435782 bcsId: 0,size=1048576]} | ret=SUCCESS |  
2019-08-20 22:34:17,475 | INFO  | DNAudit | user=null | ip=null | op=WRITE_CHUNK {blockData=conID: 3 locID: 102651687806435782 bcsId: 0} | ret=SUCCESS |  
2019-08-20 22:34:17,475 | INFO  | DNAudit | user=null | ip=null | op=WRITE_CHUNK {blockData=conID: 3 locID: 102651687806435782 bcsId: 0} | ret=SUCCESS |  
2019-08-20 22:34:17,475 | INFO  | DNAudit | user=null | ip=null | op=PUT_BLOCK {blockData=[blockId=conID: 3 locID: 102651687806435782 bcsId: 0,size=2097152]} | ret=SUCCESS |  
2019-08-20 22:34:17,476 | INFO  | DNAudit | user=null | ip=null | op=PUT_BLOCK {blockData=[blockId=conID: 3 locID: 102651687806435782 bcsId: 0,size=1048576]} | ret=SUCCESS |  
2019-08-20 22:34:17,476 [grpc-default-executor-3] INFO  client.GrpcClientProtocolClient (GrpcClientProtocolClient.java:onNext(255)) - client-391BA870FC40->947ec526-030f-41cc-8af7-a6f75e712ab0: receive RaftClientReply:client-391BA870FC40->947ec526-030f-41cc-8af7-a6f75e712ab0@group-5D45C35602B2, cid=1111, SUCCESS, logIndex=0, commits[947ec526-030f-41cc-8af7-a6f75e712ab0:c1539, c447b9b6-dde2-4ce7-aa81-d0e2eddc8fe9:c1535, 28b540ac-241d-462a-a56c-509e92928066:c1535]
2019-08-20 22:34:17,476 | INFO  | DNAudit | user=null | ip=null | op=WRITE_CHUNK {blockData=conID: 3 locID: 102651687806435782 bcsId: 0} | ret=SUCCESS |  
2019-08-20 22:34:17,476 | INFO  | DNAudit | user=null | ip=null | op=PUT_BLOCK {blockData=[blockId=conID: 3 locID: 102651687806435782 bcsId: 0,size=2097152]} | ret=SUCCESS |  
2019-08-20 22:34:17,481 | INFO  | DNAudit | user=null | ip=null | op=WRITE_CHUNK {blockData=conID: 3 locID: 102651687806435782 bcsId: 1537} | ret=SUCCESS |  
2019-08-20 22:34:17,483 | INFO  | DNAudit | user=null | ip=null | op=WRITE_CHUNK {blockData=conID: 3 locID: 102651687806435782 bcsId: 1537} | ret=SUCCESS |  
2019-08-20 22:34:17,483 | INFO  | DNAudit | user=null | ip=null | op=WRITE_CHUNK {blockData=conID: 3 locID: 102651687806435782 bcsId: 1537} | ret=SUCCESS |  
2019-08-20 22:34:17,496 | INFO  | DNAudit | user=null | ip=null | op=WRITE_CHUNK {blockData=conID: 3 locID: 102651687806435782 bcsId: 1537} | ret=SUCCESS |  
2019-08-20 22:34:17,496 | INFO  | DNAudit | user=null | ip=null | op=PUT_BLOCK {blockData=[blockId=conID: 3 locID: 102651687806435782 bcsId: 0,size=3145728]} | ret=SUCCESS |  
2019-08-20 22:34:17,497 [grpc-default-executor-3] INFO  client.GrpcClientProtocolClient (GrpcClientProtocolClient.java:onNext(255)) - client-391BA870FC40->947ec526-030f-41cc-8af7-a6f75e712ab0: receive RaftClientReply:client-391BA870FC40->947ec526-030f-41cc-8af7-a6f75e712ab0@group-5D45C35602B2, cid=1112, SUCCESS, logIndex=1542, commits[947ec526-030f-41cc-8af7-a6f75e712ab0:c1543, c447b9b6-dde2-4ce7-aa81-d0e2eddc8fe9:c1541, 28b540ac-241d-462a-a56c-509e92928066:c1541]
2019-08-20 22:34:17,497 [grpc-default-executor-3] INFO  client.GrpcClientProtocolClient (GrpcClientProtocolClient.java:onNext(255)) - client-391BA870FC40->947ec526-030f-41cc-8af7-a6f75e712ab0: receive RaftClientReply:client-391BA870FC40->947ec526-030f-41cc-8af7-a6f75e712ab0@group-5D45C35602B2, cid=1113, SUCCESS, logIndex=1543, commits[947ec526-030f-41cc-8af7-a6f75e712ab0:c1543, c447b9b6-dde2-4ce7-aa81-d0e2eddc8fe9:c1541, 28b540ac-241d-462a-a56c-509e92928066:c1541]
2019-08-20 22:34:17,503 | INFO  | DNAudit | user=null | ip=null | op=WRITE_CHUNK {blockData=conID: 3 locID: 102651687806435782 bcsId: 1543} | ret=SUCCESS |  
2019-08-20 22:34:17,505 | INFO  | DNAudit | user=null | ip=null | op=WRITE_CHUNK {blockData=conID: 3 locID: 102651687806435782 bcsId: 1543} | ret=SUCCESS |  
2019-08-20 22:34:17,505 | INFO  | DNAudit | user=null | ip=null | op=WRITE_CHUNK {blockData=conID: 3 locID: 102651687806435782 bcsId: 1543} | ret=SUCCESS |  
2019-08-20 22:34:17,513 | INFO  | SCMAudit | user=jenkins1000 | ip=192.168.5.142 | op=SEND_HEARTBEAT {datanodeUUID=d55cd342-4e6c-4701-86f3-cb557f3478dc, command=[]} | ret=SUCCESS |  
2019-08-20 22:34:17,517 | INFO  | DNAudit | user=null | ip=null | op=WRITE_CHUNK {blockData=conID: 3 locID: 102651687806435782 bcsId: 1537} | ret=SUCCESS |  
2019-08-20 22:34:17,517 | INFO  | DNAudit | user=null | ip=null | op=WRITE_CHUNK {blockData=conID: 3 locID: 102651687806435782 bcsId: 1537} | ret=SUCCESS |  
2019-08-20 22:34:17,517 | INFO  | DNAudit | user=null | ip=null | op=PUT_BLOCK {blockData=[blockId=conID: 3 locID: 102651687806435782 bcsId: 0,size=3145728]} | ret=SUCCESS |  
2019-08-20 22:34:17,517 | INFO  | DNAudit | user=null | ip=null | op=PUT_BLOCK {blockData=[blockId=conID: 3 locID: 102651687806435782 bcsId: 0,size=3145728]} | ret=SUCCESS |  
2019-08-20 22:34:17,520 | INFO  | DNAudit | user=null | ip=null | op=WRITE_CHUNK {blockData=conID: 3 locID: 102651687806435782 bcsId: 1543} | ret=SUCCESS |  
2019-08-20 22:34:17,520 | INFO  | DNAudit | user=null | ip=null | op=PUT_BLOCK {blockData=[blockId=conID: 3 locID: 102651687806435782 bcsId: 0,size=4194304]} | ret=SUCCESS |  
2019-08-20 22:34:17,520 [grpc-default-executor-4] INFO  client.GrpcClientProtocolClient (GrpcClientProtocolClient.java:onNext(255)) - client-391BA870FC40->947ec526-030f-41cc-8af7-a6f75e712ab0: receive RaftClientReply:client-391BA870FC40->947ec526-030f-41cc-8af7-a6f75e712ab0@group-5D45C35602B2, cid=1114, SUCCESS, logIndex=1545, commits[947ec526-030f-41cc-8af7-a6f75e712ab0:c1546, c447b9b6-dde2-4ce7-aa81-d0e2eddc8fe9:c1543, 28b540ac-241d-462a-a56c-509e92928066:c1543]
2019-08-20 22:34:17,521 [grpc-default-executor-4] INFO  client.GrpcClientProtocolClient (GrpcClientProtocolClient.java:onNext(255)) - client-391BA870FC40->947ec526-030f-41cc-8af7-a6f75e712ab0: receive RaftClientReply:client-391BA870FC40->947ec526-030f-41cc-8af7-a6f75e712ab0@group-5D45C35602B2, cid=1115, SUCCESS, logIndex=1546, commits[947ec526-030f-41cc-8af7-a6f75e712ab0:c1546, c447b9b6-dde2-4ce7-aa81-d0e2eddc8fe9:c1543, 28b540ac-241d-462a-a56c-509e92928066:c1543]
2019-08-20 22:34:17,530 | INFO  | DNAudit | user=null | ip=null | op=WRITE_CHUNK {blockData=conID: 3 locID: 102651687806435782 bcsId: 1543} | ret=SUCCESS |  
2019-08-20 22:34:17,530 | INFO  | DNAudit | user=null | ip=null | op=WRITE_CHUNK {blockData=conID: 3 locID: 102651687806435782 bcsId: 1543} | ret=SUCCESS |  
2019-08-20 22:34:17,533 | INFO  | DNAudit | user=null | ip=null | op=PUT_BLOCK {blockData=[blockId=conID: 3 locID: 102651687806435782 bcsId: 0,size=4194304]} | ret=SUCCESS |  
2019-08-20 22:34:17,533 | INFO  | DNAudit | user=null | ip=null | op=PUT_BLOCK {blockData=[blockId=conID: 3 locID: 102651687806435782 bcsId: 0,size=4194304]} | ret=SUCCESS |  
2019-08-20 22:34:17,533 [grpc-default-executor-4] INFO  client.GrpcClientProtocolClient (GrpcClientProtocolClient.java:onNext(255)) - client-391BA870FC40->947ec526-030f-41cc-8af7-a6f75e712ab0: receive RaftClientReply:client-391BA870FC40->947ec526-030f-41cc-8af7-a6f75e712ab0@group-5D45C35602B2, cid=1116, SUCCESS, logIndex=0, commits[947ec526-030f-41cc-8af7-a6f75e712ab0:c1548, c447b9b6-dde2-4ce7-aa81-d0e2eddc8fe9:c1546, 28b540ac-241d-462a-a56c-509e92928066:c1546]
2019-08-20 22:34:17,539 | INFO  | DNAudit | user=null | ip=null | op=WRITE_CHUNK {blockData=conID: 1 locID: 102651687806501319 bcsId: 0} | ret=SUCCESS |  
2019-08-20 22:34:17,541 | INFO  | DNAudit | user=null | ip=null | op=WRITE_CHUNK {blockData=conID: 1 locID: 102651687806501319 bcsId: 0} | ret=SUCCESS |  
2019-08-20 22:34:17,542 | INFO  | DNAudit | user=null | ip=null | op=WRITE_CHUNK {blockData=conID: 1 locID: 102651687806501319 bcsId: 0} | ret=SUCCESS |  
2019-08-20 22:34:17,542 | INFO  | DNAudit | user=null | ip=null | op=WRITE_CHUNK {blockData=conID: 1 locID: 102651687806501319 bcsId: 0} | ret=SUCCESS |  
2019-08-20 22:34:17,543 | INFO  | DNAudit | user=null | ip=null | op=WRITE_CHUNK {blockData=conID: 1 locID: 102651687806501319 bcsId: 0} | ret=SUCCESS |  
2019-08-20 22:34:17,543 | INFO  | DNAudit | user=null | ip=null | op=WRITE_CHUNK {blockData=conID: 1 locID: 102651687806501319 bcsId: 0} | ret=SUCCESS |  
2019-08-20 22:34:17,552 | INFO  | DNAudit | user=null | ip=null | op=WRITE_CHUNK {blockData=conID: 1 locID: 102651687806501319 bcsId: 0} | ret=SUCCESS |  
2019-08-20 22:34:17,552 | INFO  | DNAudit | user=null | ip=null | op=PUT_BLOCK {blockData=[blockId=conID: 1 locID: 102651687806501319 bcsId: 0,size=1048576]} | ret=SUCCESS |  
2019-08-20 22:34:17,552 [grpc-default-executor-4] INFO  client.GrpcClientProtocolClient (GrpcClientProtocolClient.java:onNext(255)) - client-391BA870FC40->947ec526-030f-41cc-8af7-a6f75e712ab0: receive RaftClientReply:client-391BA870FC40->947ec526-030f-41cc-8af7-a6f75e712ab0@group-5D45C35602B2, cid=1117, SUCCESS, logIndex=1549, commits[947ec526-030f-41cc-8af7-a6f75e712ab0:c1551, c447b9b6-dde2-4ce7-aa81-d0e2eddc8fe9:c1548, 28b540ac-241d-462a-a56c-509e92928066:c1548]
2019-08-20 22:34:17,552 | INFO  | DNAudit | user=null | ip=null | op=WRITE_CHUNK {blockData=conID: 1 locID: 102651687806501319 bcsId: 0} | ret=SUCCESS |  
2019-08-20 22:34:17,553 [grpc-default-executor-4] INFO  client.GrpcClientProtocolClient (GrpcClientProtocolClient.java:onNext(255)) - client-391BA870FC40->947ec526-030f-41cc-8af7-a6f75e712ab0: receive RaftClientReply:client-391BA870FC40->947ec526-030f-41cc-8af7-a6f75e712ab0@group-5D45C35602B2, cid=1118, SUCCESS, logIndex=1550, commits[947ec526-030f-41cc-8af7-a6f75e712ab0:c1552, c447b9b6-dde2-4ce7-aa81-d0e2eddc8fe9:c1548, 28b540ac-241d-462a-a56c-509e92928066:c1548]
2019-08-20 22:34:17,553 | INFO  | DNAudit | user=null | ip=null | op=PUT_BLOCK {blockData=[blockId=conID: 1 locID: 102651687806501319 bcsId: 0,size=2097152]} | ret=SUCCESS |  
2019-08-20 22:34:17,553 [grpc-default-executor-4] INFO  client.GrpcClientProtocolClient (GrpcClientProtocolClient.java:onNext(255)) - client-391BA870FC40->947ec526-030f-41cc-8af7-a6f75e712ab0: receive RaftClientReply:client-391BA870FC40->947ec526-030f-41cc-8af7-a6f75e712ab0@group-5D45C35602B2, cid=1119, SUCCESS, logIndex=1551, commits[947ec526-030f-41cc-8af7-a6f75e712ab0:c1552, c447b9b6-dde2-4ce7-aa81-d0e2eddc8fe9:c1548, 28b540ac-241d-462a-a56c-509e92928066:c1548]
2019-08-20 22:34:17,553 | INFO  | DNAudit | user=null | ip=null | op=WRITE_CHUNK {blockData=conID: 1 locID: 102651687806501319 bcsId: 0} | ret=SUCCESS |  
2019-08-20 22:34:17,553 [grpc-default-executor-4] INFO  client.GrpcClientProtocolClient (GrpcClientProtocolClient.java:onNext(255)) - client-391BA870FC40->947ec526-030f-41cc-8af7-a6f75e712ab0: receive RaftClientReply:client-391BA870FC40->947ec526-030f-41cc-8af7-a6f75e712ab0@group-5D45C35602B2, cid=1120, SUCCESS, logIndex=1552, commits[947ec526-030f-41cc-8af7-a6f75e712ab0:c1552, c447b9b6-dde2-4ce7-aa81-d0e2eddc8fe9:c1548, 28b540ac-241d-462a-a56c-509e92928066:c1548]
2019-08-20 22:34:17,555 | INFO  | DNAudit | user=null | ip=null | op=WRITE_CHUNK {blockData=conID: 1 locID: 102651687806501319 bcsId: 0} | ret=SUCCESS |  
2019-08-20 22:34:17,555 | INFO  | DNAudit | user=null | ip=null | op=PUT_BLOCK {blockData=[blockId=conID: 1 locID: 102651687806501319 bcsId: 0,size=1048576]} | ret=SUCCESS |  
2019-08-20 22:34:17,555 | INFO  | DNAudit | user=null | ip=null | op=WRITE_CHUNK {blockData=conID: 1 locID: 102651687806501319 bcsId: 0} | ret=SUCCESS |  
2019-08-20 22:34:17,565 | INFO  | DNAudit | user=null | ip=null | op=PUT_BLOCK {blockData=[blockId=conID: 1 locID: 102651687806501319 bcsId: 0,size=1048576]} | ret=SUCCESS |  
2019-08-20 22:34:17,566 | INFO  | DNAudit | user=null | ip=null | op=WRITE_CHUNK {blockData=conID: 1 locID: 102651687806501319 bcsId: 0} | ret=SUCCESS |  
2019-08-20 22:34:17,566 | INFO  | DNAudit | user=null | ip=null | op=PUT_BLOCK {blockData=[blockId=conID: 1 locID: 102651687806501319 bcsId: 0,size=2097152]} | ret=SUCCESS |  
2019-08-20 22:34:17,566 | INFO  | DNAudit | user=null | ip=null | op=PUT_BLOCK {blockData=[blockId=conID: 1 locID: 102651687806501319 bcsId: 0,size=2097152]} | ret=SUCCESS |  
2019-08-20 22:34:17,566 [grpc-default-executor-4] INFO  client.GrpcClientProtocolClient (GrpcClientProtocolClient.java:onNext(255)) - client-391BA870FC40->947ec526-030f-41cc-8af7-a6f75e712ab0: receive RaftClientReply:client-391BA870FC40->947ec526-030f-41cc-8af7-a6f75e712ab0@group-5D45C35602B2, cid=1121, SUCCESS, logIndex=0, commits[947ec526-030f-41cc-8af7-a6f75e712ab0:c1555, c447b9b6-dde2-4ce7-aa81-d0e2eddc8fe9:c1550, 28b540ac-241d-462a-a56c-509e92928066:c1551]
2019-08-20 22:34:17,571 | INFO  | DNAudit | user=null | ip=null | op=WRITE_CHUNK {blockData=conID: 1 locID: 102651687806501319 bcsId: 1552} | ret=SUCCESS |  
2019-08-20 22:34:17,573 | INFO  | DNAudit | user=null | ip=null | op=WRITE_CHUNK {blockData=conID: 1 locID: 102651687806501319 bcsId: 1552} | ret=SUCCESS |  
2019-08-20 22:34:17,574 | INFO  | DNAudit | user=null | ip=null | op=WRITE_CHUNK {blockData=conID: 1 locID: 102651687806501319 bcsId: 1552} | ret=SUCCESS |  
2019-08-20 22:34:17,584 | INFO  | DNAudit | user=null | ip=null | op=WRITE_CHUNK {blockData=conID: 1 locID: 102651687806501319 bcsId: 1552} | ret=SUCCESS |  
2019-08-20 22:34:17,584 | INFO  | DNAudit | user=null | ip=null | op=PUT_BLOCK {blockData=[blockId=conID: 1 locID: 102651687806501319 bcsId: 0,size=3145728]} | ret=SUCCESS |  
2019-08-20 22:34:17,584 [grpc-default-executor-4] INFO  client.GrpcClientProtocolClient (GrpcClientProtocolClient.java:onNext(255)) - client-391BA870FC40->947ec526-030f-41cc-8af7-a6f75e712ab0: receive RaftClientReply:client-391BA870FC40->947ec526-030f-41cc-8af7-a6f75e712ab0@group-5D45C35602B2, cid=1122, SUCCESS, logIndex=1557, commits[947ec526-030f-41cc-8af7-a6f75e712ab0:c1558, c447b9b6-dde2-4ce7-aa81-d0e2eddc8fe9:c1556, 28b540ac-241d-462a-a56c-509e92928066:c1556]
2019-08-20 22:34:17,585 [grpc-default-executor-4] INFO  client.GrpcClientProtocolClient (GrpcClientProtocolClient.java:onNext(255)) - client-391BA870FC40->947ec526-030f-41cc-8af7-a6f75e712ab0: receive RaftClientReply:client-391BA870FC40->947ec526-030f-41cc-8af7-a6f75e712ab0@group-5D45C35602B2, cid=1123, SUCCESS, logIndex=1558, commits[947ec526-030f-41cc-8af7-a6f75e712ab0:c1558, c447b9b6-dde2-4ce7-aa81-d0e2eddc8fe9:c1556, 28b540ac-241d-462a-a56c-509e92928066:c1556]
2019-08-20 22:34:17,590 | INFO  | DNAudit | user=null | ip=null | op=WRITE_CHUNK {blockData=conID: 1 locID: 102651687806501319 bcsId: 1558} | ret=SUCCESS |  
2019-08-20 22:34:17,591 | INFO  | DNAudit | user=null | ip=null | op=WRITE_CHUNK {blockData=conID: 1 locID: 102651687806501319 bcsId: 1558} | ret=SUCCESS |  
2019-08-20 22:34:17,591 | INFO  | DNAudit | user=null | ip=null | op=WRITE_CHUNK {blockData=conID: 1 locID: 102651687806501319 bcsId: 1558} | ret=SUCCESS |  
2019-08-20 22:34:17,597 | INFO  | DNAudit | user=null | ip=null | op=WRITE_CHUNK {blockData=conID: 1 locID: 102651687806501319 bcsId: 1552} | ret=SUCCESS |  
2019-08-20 22:34:17,597 | INFO  | DNAudit | user=null | ip=null | op=WRITE_CHUNK {blockData=conID: 1 locID: 102651687806501319 bcsId: 1552} | ret=SUCCESS |  
2019-08-20 22:34:17,608 | INFO  | DNAudit | user=null | ip=null | op=PUT_BLOCK {blockData=[blockId=conID: 1 locID: 102651687806501319 bcsId: 0,size=3145728]} | ret=SUCCESS |  
2019-08-20 22:34:17,608 | INFO  | DNAudit | user=null | ip=null | op=PUT_BLOCK {blockData=[blockId=conID: 1 locID: 102651687806501319 bcsId: 0,size=3145728]} | ret=SUCCESS |  
2019-08-20 22:34:17,609 | INFO  | DNAudit | user=null | ip=null | op=WRITE_CHUNK {blockData=conID: 1 locID: 102651687806501319 bcsId: 1558} | ret=SUCCESS |  
2019-08-20 22:34:17,609 | INFO  | DNAudit | user=null | ip=null | op=PUT_BLOCK {blockData=[blockId=conID: 1 locID: 102651687806501319 bcsId: 0,size=4194304]} | ret=SUCCESS |  
2019-08-20 22:34:17,609 [grpc-default-executor-4] INFO  client.GrpcClientProtocolClient (GrpcClientProtocolClient.java:onNext(255)) - client-391BA870FC40->947ec526-030f-41cc-8af7-a6f75e712ab0: receive RaftClientReply:client-391BA870FC40->947ec526-030f-41cc-8af7-a6f75e712ab0@group-5D45C35602B2, cid=1124, SUCCESS, logIndex=1561, commits[947ec526-030f-41cc-8af7-a6f75e712ab0:c1562, c447b9b6-dde2-4ce7-aa81-d0e2eddc8fe9:c1558, 28b540ac-241d-462a-a56c-509e92928066:c1558]
2019-08-20 22:34:17,610 [grpc-default-executor-4] INFO  client.GrpcClientProtocolClient (GrpcClientProtocolClient.java:onNext(255)) - client-391BA870FC40->947ec526-030f-41cc-8af7-a6f75e712ab0: receive RaftClientReply:client-391BA870FC40->947ec526-030f-41cc-8af7-a6f75e712ab0@group-5D45C35602B2, cid=1125, SUCCESS, logIndex=1562, commits[947ec526-030f-41cc-8af7-a6f75e712ab0:c1562, c447b9b6-dde2-4ce7-aa81-d0e2eddc8fe9:c1558, 28b540ac-241d-462a-a56c-509e92928066:c1558]
2019-08-20 22:34:17,622 | INFO  | DNAudit | user=null | ip=null | op=WRITE_CHUNK {blockData=conID: 1 locID: 102651687806501319 bcsId: 1558} | ret=SUCCESS |  
2019-08-20 22:34:17,622 | INFO  | DNAudit | user=null | ip=null | op=WRITE_CHUNK {blockData=conID: 1 locID: 102651687806501319 bcsId: 1558} | ret=SUCCESS |  
2019-08-20 22:34:17,635 | INFO  | DNAudit | user=null | ip=null | op=PUT_BLOCK {blockData=[blockId=conID: 1 locID: 102651687806501319 bcsId: 0,size=4194304]} | ret=SUCCESS |  
2019-08-20 22:34:17,635 | INFO  | DNAudit | user=null | ip=null | op=PUT_BLOCK {blockData=[blockId=conID: 1 locID: 102651687806501319 bcsId: 0,size=4194304]} | ret=SUCCESS |  
2019-08-20 22:34:17,635 [grpc-default-executor-2] INFO  client.GrpcClientProtocolClient (GrpcClientProtocolClient.java:onNext(255)) - client-391BA870FC40->947ec526-030f-41cc-8af7-a6f75e712ab0: receive RaftClientReply:client-391BA870FC40->947ec526-030f-41cc-8af7-a6f75e712ab0@group-5D45C35602B2, cid=1126, SUCCESS, logIndex=0, commits[947ec526-030f-41cc-8af7-a6f75e712ab0:c1564, c447b9b6-dde2-4ce7-aa81-d0e2eddc8fe9:c1562, 28b540ac-241d-462a-a56c-509e92928066:c1562]
2019-08-20 22:34:17,732 | INFO  | DNAudit | user=null | ip=null | op=WRITE_CHUNK {blockData=conID: 2 locID: 102651687806501320 bcsId: 0} | ret=SUCCESS |  
2019-08-20 22:34:17,735 | INFO  | DNAudit | user=null | ip=null | op=WRITE_CHUNK {blockData=conID: 2 locID: 102651687806501320 bcsId: 0} | ret=SUCCESS |  
2019-08-20 22:34:17,736 | INFO  | DNAudit | user=null | ip=null | op=WRITE_CHUNK {blockData=conID: 2 locID: 102651687806501320 bcsId: 0} | ret=SUCCESS |  
2019-08-20 22:34:17,739 | INFO  | DNAudit | user=null | ip=null | op=WRITE_CHUNK {blockData=conID: 2 locID: 102651687806501320 bcsId: 0} | ret=SUCCESS |  
2019-08-20 22:34:17,739 | INFO  | DNAudit | user=null | ip=null | op=WRITE_CHUNK {blockData=conID: 2 locID: 102651687806501320 bcsId: 0} | ret=SUCCESS |  
2019-08-20 22:34:17,740 | INFO  | DNAudit | user=null | ip=null | op=WRITE_CHUNK {blockData=conID: 2 locID: 102651687806501320 bcsId: 0} | ret=SUCCESS |  
2019-08-20 22:34:17,746 | INFO  | DNAudit | user=null | ip=null | op=WRITE_CHUNK {blockData=conID: 2 locID: 102651687806501320 bcsId: 0} | ret=SUCCESS |  
2019-08-20 22:34:17,747 | INFO  | DNAudit | user=null | ip=null | op=PUT_BLOCK {blockData=[blockId=conID: 2 locID: 102651687806501320 bcsId: 0,size=1048576]} | ret=SUCCESS |  
2019-08-20 22:34:17,747 [grpc-default-executor-3] INFO  client.GrpcClientProtocolClient (GrpcClientProtocolClient.java:onNext(255)) - client-391BA870FC40->947ec526-030f-41cc-8af7-a6f75e712ab0: receive RaftClientReply:client-391BA870FC40->947ec526-030f-41cc-8af7-a6f75e712ab0@group-5D45C35602B2, cid=1127, SUCCESS, logIndex=1565, commits[947ec526-030f-41cc-8af7-a6f75e712ab0:c1566, c447b9b6-dde2-4ce7-aa81-d0e2eddc8fe9:c1564, 28b540ac-241d-462a-a56c-509e92928066:c1564]
2019-08-20 22:34:17,748 [grpc-default-executor-3] INFO  client.GrpcClientProtocolClient (GrpcClientProtocolClient.java:onNext(255)) - client-391BA870FC40->947ec526-030f-41cc-8af7-a6f75e712ab0: receive RaftClientReply:client-391BA870FC40->947ec526-030f-41cc-8af7-a6f75e712ab0@group-5D45C35602B2, cid=1128, SUCCESS, logIndex=1566, commits[947ec526-030f-41cc-8af7-a6f75e712ab0:c1566, c447b9b6-dde2-4ce7-aa81-d0e2eddc8fe9:c1564, 28b540ac-241d-462a-a56c-509e92928066:c1564]
2019-08-20 22:34:17,757 | INFO  | DNAudit | user=null | ip=null | op=WRITE_CHUNK {blockData=conID: 2 locID: 102651687806501320 bcsId: 0} | ret=SUCCESS |  
2019-08-20 22:34:17,757 | INFO  | DNAudit | user=null | ip=null | op=PUT_BLOCK {blockData=[blockId=conID: 2 locID: 102651687806501320 bcsId: 0,size=2097152]} | ret=SUCCESS |  
2019-08-20 22:34:17,757 [grpc-default-executor-5] INFO  client.GrpcClientProtocolClient (GrpcClientProtocolClient.java:onNext(255)) - client-391BA870FC40->947ec526-030f-41cc-8af7-a6f75e712ab0: receive RaftClientReply:client-391BA870FC40->947ec526-030f-41cc-8af7-a6f75e712ab0@group-5D45C35602B2, cid=1129, SUCCESS, logIndex=1567, commits[947ec526-030f-41cc-8af7-a6f75e712ab0:c1568, c447b9b6-dde2-4ce7-aa81-d0e2eddc8fe9:c1564, 28b540ac-241d-462a-a56c-509e92928066:c1564]
2019-08-20 22:34:17,758 [grpc-default-executor-5] INFO  client.GrpcClientProtocolClient (GrpcClientProtocolClient.java:onNext(255)) - client-391BA870FC40->947ec526-030f-41cc-8af7-a6f75e712ab0: receive RaftClientReply:client-391BA870FC40->947ec526-030f-41cc-8af7-a6f75e712ab0@group-5D45C35602B2, cid=1130, SUCCESS, logIndex=1568, commits[947ec526-030f-41cc-8af7-a6f75e712ab0:c1568, c447b9b6-dde2-4ce7-aa81-d0e2eddc8fe9:c1564, 28b540ac-241d-462a-a56c-509e92928066:c1564]
2019-08-20 22:34:17,759 | INFO  | DNAudit | user=null | ip=null | op=WRITE_CHUNK {blockData=conID: 2 locID: 102651687806501320 bcsId: 0} | ret=SUCCESS |  
2019-08-20 22:34:17,759 | INFO  | DNAudit | user=null | ip=null | op=PUT_BLOCK {blockData=[blockId=conID: 2 locID: 102651687806501320 bcsId: 0,size=1048576]} | ret=SUCCESS |  
2019-08-20 22:34:17,772 | INFO  | DNAudit | user=null | ip=null | op=WRITE_CHUNK {blockData=conID: 2 locID: 102651687806501320 bcsId: 0} | ret=SUCCESS |  
2019-08-20 22:34:17,772 | INFO  | DNAudit | user=null | ip=null | op=WRITE_CHUNK {blockData=conID: 2 locID: 102651687806501320 bcsId: 0} | ret=SUCCESS |  
2019-08-20 22:34:17,772 | INFO  | DNAudit | user=null | ip=null | op=PUT_BLOCK {blockData=[blockId=conID: 2 locID: 102651687806501320 bcsId: 0,size=1048576]} | ret=SUCCESS |  
2019-08-20 22:34:17,772 | INFO  | DNAudit | user=null | ip=null | op=PUT_BLOCK {blockData=[blockId=conID: 2 locID: 102651687806501320 bcsId: 0,size=2097152]} | ret=SUCCESS |  
2019-08-20 22:34:17,773 | INFO  | DNAudit | user=null | ip=null | op=WRITE_CHUNK {blockData=conID: 2 locID: 102651687806501320 bcsId: 0} | ret=SUCCESS |  
2019-08-20 22:34:17,773 [grpc-default-executor-3] INFO  client.GrpcClientProtocolClient (GrpcClientProtocolClient.java:onNext(255)) - client-391BA870FC40->947ec526-030f-41cc-8af7-a6f75e712ab0: receive RaftClientReply:client-391BA870FC40->947ec526-030f-41cc-8af7-a6f75e712ab0@group-5D45C35602B2, cid=1131, SUCCESS, logIndex=0, commits[947ec526-030f-41cc-8af7-a6f75e712ab0:c1570, c447b9b6-dde2-4ce7-aa81-d0e2eddc8fe9:c1566, 28b540ac-241d-462a-a56c-509e92928066:c1566]
2019-08-20 22:34:17,773 | INFO  | DNAudit | user=null | ip=null | op=PUT_BLOCK {blockData=[blockId=conID: 2 locID: 102651687806501320 bcsId: 0,size=2097152]} | ret=SUCCESS |  
2019-08-20 22:34:17,778 | INFO  | DNAudit | user=null | ip=null | op=WRITE_CHUNK {blockData=conID: 2 locID: 102651687806501320 bcsId: 1568} | ret=SUCCESS |  
2019-08-20 22:34:17,780 | INFO  | DNAudit | user=null | ip=null | op=WRITE_CHUNK {blockData=conID: 2 locID: 102651687806501320 bcsId: 1568} | ret=SUCCESS |  
2019-08-20 22:34:17,780 | INFO  | DNAudit | user=null | ip=null | op=WRITE_CHUNK {blockData=conID: 2 locID: 102651687806501320 bcsId: 1568} | ret=SUCCESS |  
2019-08-20 22:34:17,796 | INFO  | DNAudit | user=null | ip=null | op=WRITE_CHUNK {blockData=conID: 2 locID: 102651687806501320 bcsId: 1568} | ret=SUCCESS |  
2019-08-20 22:34:17,796 | INFO  | DNAudit | user=null | ip=null | op=PUT_BLOCK {blockData=[blockId=conID: 2 locID: 102651687806501320 bcsId: 0,size=3145728]} | ret=SUCCESS |  
2019-08-20 22:34:17,797 [grpc-default-executor-5] INFO  client.GrpcClientProtocolClient (GrpcClientProtocolClient.java:onNext(255)) - client-391BA870FC40->947ec526-030f-41cc-8af7-a6f75e712ab0: receive RaftClientReply:client-391BA870FC40->947ec526-030f-41cc-8af7-a6f75e712ab0@group-5D45C35602B2, cid=1132, SUCCESS, logIndex=1572, commits[947ec526-030f-41cc-8af7-a6f75e712ab0:c1573, c447b9b6-dde2-4ce7-aa81-d0e2eddc8fe9:c1571, 28b540ac-241d-462a-a56c-509e92928066:c1571]
2019-08-20 22:34:17,797 [grpc-default-executor-5] INFO  client.GrpcClientProtocolClient (GrpcClientProtocolClient.java:onNext(255)) - client-391BA870FC40->947ec526-030f-41cc-8af7-a6f75e712ab0: receive RaftClientReply:client-391BA870FC40->947ec526-030f-41cc-8af7-a6f75e712ab0@group-5D45C35602B2, cid=1133, SUCCESS, logIndex=1573, commits[947ec526-030f-41cc-8af7-a6f75e712ab0:c1573, c447b9b6-dde2-4ce7-aa81-d0e2eddc8fe9:c1571, 28b540ac-241d-462a-a56c-509e92928066:c1571]
2019-08-20 22:34:17,802 | INFO  | DNAudit | user=null | ip=null | op=WRITE_CHUNK {blockData=conID: 2 locID: 102651687806501320 bcsId: 1573} | ret=SUCCESS |  
2019-08-20 22:34:17,805 | INFO  | DNAudit | user=null | ip=null | op=WRITE_CHUNK {blockData=conID: 2 locID: 102651687806501320 bcsId: 1573} | ret=SUCCESS |  
2019-08-20 22:34:17,806 | INFO  | DNAudit | user=null | ip=null | op=WRITE_CHUNK {blockData=conID: 2 locID: 102651687806501320 bcsId: 1573} | ret=SUCCESS |  
2019-08-20 22:34:17,807 | INFO  | DNAudit | user=null | ip=null | op=WRITE_CHUNK {blockData=conID: 2 locID: 102651687806501320 bcsId: 1568} | ret=SUCCESS |  
2019-08-20 22:34:17,807 | INFO  | DNAudit | user=null | ip=null | op=WRITE_CHUNK {blockData=conID: 2 locID: 102651687806501320 bcsId: 1568} | ret=SUCCESS |  
2019-08-20 22:34:17,807 | INFO  | DNAudit | user=null | ip=null | op=PUT_BLOCK {blockData=[blockId=conID: 2 locID: 102651687806501320 bcsId: 0,size=3145728]} | ret=SUCCESS |  
2019-08-20 22:34:17,807 | INFO  | DNAudit | user=null | ip=null | op=PUT_BLOCK {blockData=[blockId=conID: 2 locID: 102651687806501320 bcsId: 0,size=3145728]} | ret=SUCCESS |  
2019-08-20 22:34:17,810 | INFO  | DNAudit | user=null | ip=null | op=WRITE_CHUNK {blockData=conID: 2 locID: 102651687806501320 bcsId: 1573} | ret=SUCCESS |  
2019-08-20 22:34:17,810 | INFO  | DNAudit | user=null | ip=null | op=PUT_BLOCK {blockData=[blockId=conID: 2 locID: 102651687806501320 bcsId: 0,size=4194304]} | ret=SUCCESS |  
2019-08-20 22:34:17,810 [grpc-default-executor-2] INFO  client.GrpcClientProtocolClient (GrpcClientProtocolClient.java:onNext(255)) - client-391BA870FC40->947ec526-030f-41cc-8af7-a6f75e712ab0: receive RaftClientReply:client-391BA870FC40->947ec526-030f-41cc-8af7-a6f75e712ab0@group-5D45C35602B2, cid=1134, SUCCESS, logIndex=1576, commits[947ec526-030f-41cc-8af7-a6f75e712ab0:c1577, c447b9b6-dde2-4ce7-aa81-d0e2eddc8fe9:c1573, 28b540ac-241d-462a-a56c-509e92928066:c1573]
2019-08-20 22:34:17,810 [grpc-default-executor-2] INFO  client.GrpcClientProtocolClient (GrpcClientProtocolClient.java:onNext(255)) - client-391BA870FC40->947ec526-030f-41cc-8af7-a6f75e712ab0: receive RaftClientReply:client-391BA870FC40->947ec526-030f-41cc-8af7-a6f75e712ab0@group-5D45C35602B2, cid=1135, SUCCESS, logIndex=1577, commits[947ec526-030f-41cc-8af7-a6f75e712ab0:c1577, c447b9b6-dde2-4ce7-aa81-d0e2eddc8fe9:c1573, 28b540ac-241d-462a-a56c-509e92928066:c1573]
2019-08-20 22:34:17,821 | INFO  | DNAudit | user=null | ip=null | op=WRITE_CHUNK {blockData=conID: 2 locID: 102651687806501320 bcsId: 1573} | ret=SUCCESS |  
2019-08-20 22:34:17,821 | INFO  | DNAudit | user=null | ip=null | op=WRITE_CHUNK {blockData=conID: 2 locID: 102651687806501320 bcsId: 1573} | ret=SUCCESS |  
2019-08-20 22:34:17,821 | INFO  | DNAudit | user=null | ip=null | op=PUT_BLOCK {blockData=[blockId=conID: 2 locID: 102651687806501320 bcsId: 0,size=4194304]} | ret=SUCCESS |  
2019-08-20 22:34:17,821 | INFO  | DNAudit | user=null | ip=null | op=PUT_BLOCK {blockData=[blockId=conID: 2 locID: 102651687806501320 bcsId: 0,size=4194304]} | ret=SUCCESS |  
2019-08-20 22:34:17,821 [grpc-default-executor-2] INFO  client.GrpcClientProtocolClient (GrpcClientProtocolClient.java:onNext(255)) - client-391BA870FC40->947ec526-030f-41cc-8af7-a6f75e712ab0: receive RaftClientReply:client-391BA870FC40->947ec526-030f-41cc-8af7-a6f75e712ab0@group-5D45C35602B2, cid=1136, SUCCESS, logIndex=0, commits[947ec526-030f-41cc-8af7-a6f75e712ab0:c1578, c447b9b6-dde2-4ce7-aa81-d0e2eddc8fe9:c1577, 28b540ac-241d-462a-a56c-509e92928066:c1577]
2019-08-20 22:34:17,827 | INFO  | DNAudit | user=null | ip=null | op=WRITE_CHUNK {blockData=conID: 3 locID: 102651687806501321 bcsId: 0} | ret=SUCCESS |  
2019-08-20 22:34:17,830 | INFO  | DNAudit | user=null | ip=null | op=WRITE_CHUNK {blockData=conID: 3 locID: 102651687806501321 bcsId: 0} | ret=SUCCESS |  
2019-08-20 22:34:17,830 | INFO  | DNAudit | user=null | ip=null | op=WRITE_CHUNK {blockData=conID: 3 locID: 102651687806501321 bcsId: 0} | ret=SUCCESS |  
2019-08-20 22:34:17,831 | INFO  | DNAudit | user=null | ip=null | op=WRITE_CHUNK {blockData=conID: 3 locID: 102651687806501321 bcsId: 0} | ret=SUCCESS |  
2019-08-20 22:34:17,833 | INFO  | DNAudit | user=null | ip=null | op=WRITE_CHUNK {blockData=conID: 3 locID: 102651687806501321 bcsId: 0} | ret=SUCCESS |  
2019-08-20 22:34:17,833 | INFO  | DNAudit | user=null | ip=null | op=WRITE_CHUNK {blockData=conID: 3 locID: 102651687806501321 bcsId: 0} | ret=SUCCESS |  
2019-08-20 22:34:17,840 | INFO  | DNAudit | user=null | ip=null | op=WRITE_CHUNK {blockData=conID: 3 locID: 102651687806501321 bcsId: 0} | ret=SUCCESS |  
2019-08-20 22:34:17,840 | INFO  | DNAudit | user=null | ip=null | op=PUT_BLOCK {blockData=[blockId=conID: 3 locID: 102651687806501321 bcsId: 0,size=1048576]} | ret=SUCCESS |  
2019-08-20 22:34:17,841 [grpc-default-executor-4] INFO  client.GrpcClientProtocolClient (GrpcClientProtocolClient.java:onNext(255)) - client-391BA870FC40->947ec526-030f-41cc-8af7-a6f75e712ab0: receive RaftClientReply:client-391BA870FC40->947ec526-030f-41cc-8af7-a6f75e712ab0@group-5D45C35602B2, cid=1137, SUCCESS, logIndex=1580, commits[947ec526-030f-41cc-8af7-a6f75e712ab0:c1581, c447b9b6-dde2-4ce7-aa81-d0e2eddc8fe9:c1579, 28b540ac-241d-462a-a56c-509e92928066:c1579]
2019-08-20 22:34:17,841 | INFO  | DNAudit | user=null | ip=null | op=WRITE_CHUNK {blockData=conID: 3 locID: 102651687806501321 bcsId: 0} | ret=SUCCESS |  
2019-08-20 22:34:17,841 [grpc-default-executor-4] INFO  client.GrpcClientProtocolClient (GrpcClientProtocolClient.java:onNext(255)) - client-391BA870FC40->947ec526-030f-41cc-8af7-a6f75e712ab0: receive RaftClientReply:client-391BA870FC40->947ec526-030f-41cc-8af7-a6f75e712ab0@group-5D45C35602B2, cid=1138, SUCCESS, logIndex=1581, commits[947ec526-030f-41cc-8af7-a6f75e712ab0:c1583, c447b9b6-dde2-4ce7-aa81-d0e2eddc8fe9:c1579, 28b540ac-241d-462a-a56c-509e92928066:c1579]
2019-08-20 22:34:17,841 | INFO  | DNAudit | user=null | ip=null | op=PUT_BLOCK {blockData=[blockId=conID: 3 locID: 102651687806501321 bcsId: 0,size=2097152]} | ret=SUCCESS |  
2019-08-20 22:34:17,841 [grpc-default-executor-4] INFO  client.GrpcClientProtocolClient (GrpcClientProtocolClient.java:onNext(255)) - client-391BA870FC40->947ec526-030f-41cc-8af7-a6f75e712ab0: receive RaftClientReply:client-391BA870FC40->947ec526-030f-41cc-8af7-a6f75e712ab0@group-5D45C35602B2, cid=1139, SUCCESS, logIndex=1582, commits[947ec526-030f-41cc-8af7-a6f75e712ab0:c1583, c447b9b6-dde2-4ce7-aa81-d0e2eddc8fe9:c1579, 28b540ac-241d-462a-a56c-509e92928066:c1579]
2019-08-20 22:34:17,841 [grpc-default-executor-4] INFO  client.GrpcClientProtocolClient (GrpcClientProtocolClient.java:onNext(255)) - client-391BA870FC40->947ec526-030f-41cc-8af7-a6f75e712ab0: receive RaftClientReply:client-391BA870FC40->947ec526-030f-41cc-8af7-a6f75e712ab0@group-5D45C35602B2, cid=1140, SUCCESS, logIndex=1583, commits[947ec526-030f-41cc-8af7-a6f75e712ab0:c1583, c447b9b6-dde2-4ce7-aa81-d0e2eddc8fe9:c1579, 28b540ac-241d-462a-a56c-509e92928066:c1579]
2019-08-20 22:34:17,853 | INFO  | DNAudit | user=null | ip=null | op=WRITE_CHUNK {blockData=conID: 3 locID: 102651687806501321 bcsId: 0} | ret=SUCCESS |  
2019-08-20 22:34:17,853 | INFO  | DNAudit | user=null | ip=null | op=PUT_BLOCK {blockData=[blockId=conID: 3 locID: 102651687806501321 bcsId: 0,size=1048576]} | ret=SUCCESS |  
2019-08-20 22:34:17,854 | INFO  | DNAudit | user=null | ip=null | op=WRITE_CHUNK {blockData=conID: 3 locID: 102651687806501321 bcsId: 0} | ret=SUCCESS |  
2019-08-20 22:34:17,854 | INFO  | DNAudit | user=null | ip=null | op=PUT_BLOCK {blockData=[blockId=conID: 3 locID: 102651687806501321 bcsId: 0,size=1048576]} | ret=SUCCESS |  
2019-08-20 22:34:17,854 | INFO  | DNAudit | user=null | ip=null | op=WRITE_CHUNK {blockData=conID: 3 locID: 102651687806501321 bcsId: 0} | ret=SUCCESS |  
2019-08-20 22:34:17,855 | INFO  | DNAudit | user=null | ip=null | op=PUT_BLOCK {blockData=[blockId=conID: 3 locID: 102651687806501321 bcsId: 0,size=2097152]} | ret=SUCCESS |  
2019-08-20 22:34:17,854 [grpc-default-executor-3] INFO  client.GrpcClientProtocolClient (GrpcClientProtocolClient.java:onNext(255)) - client-391BA870FC40->947ec526-030f-41cc-8af7-a6f75e712ab0: receive RaftClientReply:client-391BA870FC40->947ec526-030f-41cc-8af7-a6f75e712ab0@group-5D45C35602B2, cid=1141, SUCCESS, logIndex=0, commits[947ec526-030f-41cc-8af7-a6f75e712ab0:c1585, c447b9b6-dde2-4ce7-aa81-d0e2eddc8fe9:c1581, 28b540ac-241d-462a-a56c-509e92928066:c1581]
2019-08-20 22:34:17,855 | INFO  | DNAudit | user=null | ip=null | op=WRITE_CHUNK {blockData=conID: 3 locID: 102651687806501321 bcsId: 0} | ret=SUCCESS |  
2019-08-20 22:34:17,855 | INFO  | DNAudit | user=null | ip=null | op=PUT_BLOCK {blockData=[blockId=conID: 3 locID: 102651687806501321 bcsId: 0,size=2097152]} | ret=SUCCESS |  
2019-08-20 22:34:17,860 | INFO  | DNAudit | user=null | ip=null | op=WRITE_CHUNK {blockData=conID: 3 locID: 102651687806501321 bcsId: 1583} | ret=SUCCESS |  
2019-08-20 22:34:17,862 | INFO  | DNAudit | user=null | ip=null | op=WRITE_CHUNK {blockData=conID: 3 locID: 102651687806501321 bcsId: 1583} | ret=SUCCESS |  
2019-08-20 22:34:17,862 | INFO  | DNAudit | user=null | ip=null | op=WRITE_CHUNK {blockData=conID: 3 locID: 102651687806501321 bcsId: 1583} | ret=SUCCESS |  
2019-08-20 22:34:17,872 | INFO  | DNAudit | user=null | ip=null | op=WRITE_CHUNK {blockData=conID: 3 locID: 102651687806501321 bcsId: 1583} | ret=SUCCESS |  
2019-08-20 22:34:17,873 | INFO  | DNAudit | user=null | ip=null | op=PUT_BLOCK {blockData=[blockId=conID: 3 locID: 102651687806501321 bcsId: 0,size=3145728]} | ret=SUCCESS |  
2019-08-20 22:34:17,873 [grpc-default-executor-2] INFO  client.GrpcClientProtocolClient (GrpcClientProtocolClient.java:onNext(255)) - client-391BA870FC40->947ec526-030f-41cc-8af7-a6f75e712ab0: receive RaftClientReply:client-391BA870FC40->947ec526-030f-41cc-8af7-a6f75e712ab0@group-5D45C35602B2, cid=1142, SUCCESS, logIndex=1588, commits[947ec526-030f-41cc-8af7-a6f75e712ab0:c1589, c447b9b6-dde2-4ce7-aa81-d0e2eddc8fe9:c1587, 28b540ac-241d-462a-a56c-509e92928066:c1587]
2019-08-20 22:34:17,873 [grpc-default-executor-2] INFO  client.GrpcClientProtocolClient (GrpcClientProtocolClient.java:onNext(255)) - client-391BA870FC40->947ec526-030f-41cc-8af7-a6f75e712ab0: receive RaftClientReply:client-391BA870FC40->947ec526-030f-41cc-8af7-a6f75e712ab0@group-5D45C35602B2, cid=1143, SUCCESS, logIndex=1589, commits[947ec526-030f-41cc-8af7-a6f75e712ab0:c1589, c447b9b6-dde2-4ce7-aa81-d0e2eddc8fe9:c1587, 28b540ac-241d-462a-a56c-509e92928066:c1587]
2019-08-20 22:34:17,878 | INFO  | DNAudit | user=null | ip=null | op=WRITE_CHUNK {blockData=conID: 3 locID: 102651687806501321 bcsId: 1589} | ret=SUCCESS |  
2019-08-20 22:34:17,880 | INFO  | DNAudit | user=null | ip=null | op=WRITE_CHUNK {blockData=conID: 3 locID: 102651687806501321 bcsId: 1589} | ret=SUCCESS |  
2019-08-20 22:34:17,880 | INFO  | DNAudit | user=null | ip=null | op=WRITE_CHUNK {blockData=conID: 3 locID: 102651687806501321 bcsId: 1589} | ret=SUCCESS |  
2019-08-20 22:34:17,885 | INFO  | DNAudit | user=null | ip=null | op=WRITE_CHUNK {blockData=conID: 3 locID: 102651687806501321 bcsId: 1583} | ret=SUCCESS |  
2019-08-20 22:34:17,885 | INFO  | DNAudit | user=null | ip=null | op=WRITE_CHUNK {blockData=conID: 3 locID: 102651687806501321 bcsId: 1583} | ret=SUCCESS |  
2019-08-20 22:34:17,898 | INFO  | DNAudit | user=null | ip=null | op=PUT_BLOCK {blockData=[blockId=conID: 3 locID: 102651687806501321 bcsId: 0,size=3145728]} | ret=SUCCESS |  
2019-08-20 22:34:17,899 | INFO  | DNAudit | user=null | ip=null | op=PUT_BLOCK {blockData=[blockId=conID: 3 locID: 102651687806501321 bcsId: 0,size=3145728]} | ret=SUCCESS |  
2019-08-20 22:34:17,899 | INFO  | DNAudit | user=null | ip=null | op=WRITE_CHUNK {blockData=conID: 3 locID: 102651687806501321 bcsId: 1589} | ret=SUCCESS |  
2019-08-20 22:34:17,899 | INFO  | DNAudit | user=null | ip=null | op=PUT_BLOCK {blockData=[blockId=conID: 3 locID: 102651687806501321 bcsId: 0,size=4194304]} | ret=SUCCESS |  
2019-08-20 22:34:17,899 [grpc-default-executor-2] INFO  client.GrpcClientProtocolClient (GrpcClientProtocolClient.java:onNext(255)) - client-391BA870FC40->947ec526-030f-41cc-8af7-a6f75e712ab0: receive RaftClientReply:client-391BA870FC40->947ec526-030f-41cc-8af7-a6f75e712ab0@group-5D45C35602B2, cid=1144, SUCCESS, logIndex=1592, commits[947ec526-030f-41cc-8af7-a6f75e712ab0:c1593, c447b9b6-dde2-4ce7-aa81-d0e2eddc8fe9:c1589, 28b540ac-241d-462a-a56c-509e92928066:c1589]
2019-08-20 22:34:17,900 [grpc-default-executor-2] INFO  client.GrpcClientProtocolClient (GrpcClientProtocolClient.java:onNext(255)) - client-391BA870FC40->947ec526-030f-41cc-8af7-a6f75e712ab0: receive RaftClientReply:client-391BA870FC40->947ec526-030f-41cc-8af7-a6f75e712ab0@group-5D45C35602B2, cid=1145, SUCCESS, logIndex=1593, commits[947ec526-030f-41cc-8af7-a6f75e712ab0:c1593, c447b9b6-dde2-4ce7-aa81-d0e2eddc8fe9:c1589, 28b540ac-241d-462a-a56c-509e92928066:c1589]
2019-08-20 22:34:17,912 | INFO  | DNAudit | user=null | ip=null | op=WRITE_CHUNK {blockData=conID: 3 locID: 102651687806501321 bcsId: 1589} | ret=SUCCESS |  
2019-08-20 22:34:17,912 | INFO  | DNAudit | user=null | ip=null | op=WRITE_CHUNK {blockData=conID: 3 locID: 102651687806501321 bcsId: 1589} | ret=SUCCESS |  
2019-08-20 22:34:17,912 | INFO  | DNAudit | user=null | ip=null | op=PUT_BLOCK {blockData=[blockId=conID: 3 locID: 102651687806501321 bcsId: 0,size=4194304]} | ret=SUCCESS |  
2019-08-20 22:34:17,925 | INFO  | DNAudit | user=null | ip=null | op=PUT_BLOCK {blockData=[blockId=conID: 3 locID: 102651687806501321 bcsId: 0,size=4194304]} | ret=SUCCESS |  
2019-08-20 22:34:17,925 [grpc-default-executor-4] INFO  client.GrpcClientProtocolClient (GrpcClientProtocolClient.java:onNext(255)) - client-391BA870FC40->947ec526-030f-41cc-8af7-a6f75e712ab0: receive RaftClientReply:client-391BA870FC40->947ec526-030f-41cc-8af7-a6f75e712ab0@group-5D45C35602B2, cid=1146, SUCCESS, logIndex=0, commits[947ec526-030f-41cc-8af7-a6f75e712ab0:c1594, c447b9b6-dde2-4ce7-aa81-d0e2eddc8fe9:c1593, 28b540ac-241d-462a-a56c-509e92928066:c1593]
2019-08-20 22:34:17,930 | INFO  | DNAudit | user=null | ip=null | op=WRITE_CHUNK {blockData=conID: 1 locID: 102651687806501322 bcsId: 0} | ret=SUCCESS |  
2019-08-20 22:34:17,932 | INFO  | DNAudit | user=null | ip=null | op=WRITE_CHUNK {blockData=conID: 1 locID: 102651687806501322 bcsId: 0} | ret=SUCCESS |  
2019-08-20 22:34:17,932 | INFO  | DNAudit | user=null | ip=null | op=WRITE_CHUNK {blockData=conID: 1 locID: 102651687806501322 bcsId: 0} | ret=SUCCESS |  
2019-08-20 22:34:17,933 | INFO  | DNAudit | user=null | ip=null | op=WRITE_CHUNK {blockData=conID: 1 locID: 102651687806501322 bcsId: 0} | ret=SUCCESS |  
2019-08-20 22:34:17,934 | INFO  | DNAudit | user=null | ip=null | op=WRITE_CHUNK {blockData=conID: 1 locID: 102651687806501322 bcsId: 0} | ret=SUCCESS |  
2019-08-20 22:34:17,934 | INFO  | DNAudit | user=null | ip=null | op=WRITE_CHUNK {blockData=conID: 1 locID: 102651687806501322 bcsId: 0} | ret=SUCCESS |  
2019-08-20 22:34:17,944 | INFO  | DNAudit | user=null | ip=null | op=WRITE_CHUNK {blockData=conID: 1 locID: 102651687806501322 bcsId: 0} | ret=SUCCESS |  
2019-08-20 22:34:17,945 | INFO  | DNAudit | user=null | ip=null | op=PUT_BLOCK {blockData=[blockId=conID: 1 locID: 102651687806501322 bcsId: 0,size=1048576]} | ret=SUCCESS |  
2019-08-20 22:34:17,945 [grpc-default-executor-2] INFO  client.GrpcClientProtocolClient (GrpcClientProtocolClient.java:onNext(255)) - client-391BA870FC40->947ec526-030f-41cc-8af7-a6f75e712ab0: receive RaftClientReply:client-391BA870FC40->947ec526-030f-41cc-8af7-a6f75e712ab0@group-5D45C35602B2, cid=1147, SUCCESS, logIndex=1596, commits[947ec526-030f-41cc-8af7-a6f75e712ab0:c1597, c447b9b6-dde2-4ce7-aa81-d0e2eddc8fe9:c1595, 28b540ac-241d-462a-a56c-509e92928066:c1595]
2019-08-20 22:34:17,945 [grpc-default-executor-2] INFO  client.GrpcClientProtocolClient (GrpcClientProtocolClient.java:onNext(255)) - client-391BA870FC40->947ec526-030f-41cc-8af7-a6f75e712ab0: receive RaftClientReply:client-391BA870FC40->947ec526-030f-41cc-8af7-a6f75e712ab0@group-5D45C35602B2, cid=1148, SUCCESS, logIndex=1597, commits[947ec526-030f-41cc-8af7-a6f75e712ab0:c1597, c447b9b6-dde2-4ce7-aa81-d0e2eddc8fe9:c1595, 28b540ac-241d-462a-a56c-509e92928066:c1595]
2019-08-20 22:34:17,956 | INFO  | DNAudit | user=null | ip=null | op=WRITE_CHUNK {blockData=conID: 1 locID: 102651687806501322 bcsId: 0} | ret=SUCCESS |  
2019-08-20 22:34:17,956 | INFO  | DNAudit | user=null | ip=null | op=PUT_BLOCK {blockData=[blockId=conID: 1 locID: 102651687806501322 bcsId: 0,size=2097152]} | ret=SUCCESS |  
2019-08-20 22:34:17,956 [grpc-default-executor-3] INFO  client.GrpcClientProtocolClient (GrpcClientProtocolClient.java:onNext(255)) - client-391BA870FC40->947ec526-030f-41cc-8af7-a6f75e712ab0: receive RaftClientReply:client-391BA870FC40->947ec526-030f-41cc-8af7-a6f75e712ab0@group-5D45C35602B2, cid=1149, SUCCESS, logIndex=1598, commits[947ec526-030f-41cc-8af7-a6f75e712ab0:c1599, c447b9b6-dde2-4ce7-aa81-d0e2eddc8fe9:c1595, 28b540ac-241d-462a-a56c-509e92928066:c1595]
2019-08-20 22:34:17,956 [grpc-default-executor-3] INFO  client.GrpcClientProtocolClient (GrpcClientProtocolClient.java:onNext(255)) - client-391BA870FC40->947ec526-030f-41cc-8af7-a6f75e712ab0: receive RaftClientReply:client-391BA870FC40->947ec526-030f-41cc-8af7-a6f75e712ab0@group-5D45C35602B2, cid=1150, SUCCESS, logIndex=1599, commits[947ec526-030f-41cc-8af7-a6f75e712ab0:c1599, c447b9b6-dde2-4ce7-aa81-d0e2eddc8fe9:c1595, 28b540ac-241d-462a-a56c-509e92928066:c1595]
2019-08-20 22:34:17,957 | INFO  | DNAudit | user=null | ip=null | op=WRITE_CHUNK {blockData=conID: 1 locID: 102651687806501322 bcsId: 0} | ret=SUCCESS |  
2019-08-20 22:34:17,957 | INFO  | DNAudit | user=null | ip=null | op=PUT_BLOCK {blockData=[blockId=conID: 1 locID: 102651687806501322 bcsId: 0,size=1048576]} | ret=SUCCESS |  
2019-08-20 22:34:17,959 | INFO  | DNAudit | user=null | ip=null | op=WRITE_CHUNK {blockData=conID: 1 locID: 102651687806501322 bcsId: 0} | ret=SUCCESS |  
2019-08-20 22:34:17,959 | INFO  | DNAudit | user=null | ip=null | op=PUT_BLOCK {blockData=[blockId=conID: 1 locID: 102651687806501322 bcsId: 0,size=1048576]} | ret=SUCCESS |  
2019-08-20 22:34:17,959 [grpc-default-executor-4] INFO  client.GrpcClientProtocolClient (GrpcClientProtocolClient.java:onNext(255)) - client-391BA870FC40->947ec526-030f-41cc-8af7-a6f75e712ab0: receive RaftClientReply:client-391BA870FC40->947ec526-030f-41cc-8af7-a6f75e712ab0@group-5D45C35602B2, cid=1151, SUCCESS, logIndex=0, commits[947ec526-030f-41cc-8af7-a6f75e712ab0:c1601, c447b9b6-dde2-4ce7-aa81-d0e2eddc8fe9:c1597, 28b540ac-241d-462a-a56c-509e92928066:c1597]
2019-08-20 22:34:17,960 | INFO  | DNAudit | user=null | ip=null | op=WRITE_CHUNK {blockData=conID: 1 locID: 102651687806501322 bcsId: 0} | ret=SUCCESS |  
2019-08-20 22:34:17,960 | INFO  | DNAudit | user=null | ip=null | op=PUT_BLOCK {blockData=[blockId=conID: 1 locID: 102651687806501322 bcsId: 0,size=2097152]} | ret=SUCCESS |  
2019-08-20 22:34:17,962 | INFO  | DNAudit | user=null | ip=null | op=WRITE_CHUNK {blockData=conID: 1 locID: 102651687806501322 bcsId: 0} | ret=SUCCESS |  
2019-08-20 22:34:17,962 | INFO  | DNAudit | user=null | ip=null | op=PUT_BLOCK {blockData=[blockId=conID: 1 locID: 102651687806501322 bcsId: 0,size=2097152]} | ret=SUCCESS |  
2019-08-20 22:34:17,964 | INFO  | DNAudit | user=null | ip=null | op=WRITE_CHUNK {blockData=conID: 1 locID: 102651687806501322 bcsId: 1599} | ret=SUCCESS |  
2019-08-20 22:34:17,966 | INFO  | DNAudit | user=null | ip=null | op=WRITE_CHUNK {blockData=conID: 1 locID: 102651687806501322 bcsId: 1599} | ret=SUCCESS |  
2019-08-20 22:34:17,966 | INFO  | DNAudit | user=null | ip=null | op=WRITE_CHUNK {blockData=conID: 1 locID: 102651687806501322 bcsId: 1599} | ret=SUCCESS |  
2019-08-20 22:34:17,976 | INFO  | DNAudit | user=null | ip=null | op=WRITE_CHUNK {blockData=conID: 1 locID: 102651687806501322 bcsId: 1599} | ret=SUCCESS |  
2019-08-20 22:34:17,977 | INFO  | DNAudit | user=null | ip=null | op=PUT_BLOCK {blockData=[blockId=conID: 1 locID: 102651687806501322 bcsId: 0,size=3145728]} | ret=SUCCESS |  
2019-08-20 22:34:17,977 [grpc-default-executor-3] INFO  client.GrpcClientProtocolClient (GrpcClientProtocolClient.java:onNext(255)) - client-391BA870FC40->947ec526-030f-41cc-8af7-a6f75e712ab0: receive RaftClientReply:client-391BA870FC40->947ec526-030f-41cc-8af7-a6f75e712ab0@group-5D45C35602B2, cid=1152, SUCCESS, logIndex=1604, commits[947ec526-030f-41cc-8af7-a6f75e712ab0:c1605, c447b9b6-dde2-4ce7-aa81-d0e2eddc8fe9:c1603, 28b540ac-241d-462a-a56c-509e92928066:c1603]
2019-08-20 22:34:17,977 [grpc-default-executor-3] INFO  client.GrpcClientProtocolClient (GrpcClientProtocolClient.java:onNext(255)) - client-391BA870FC40->947ec526-030f-41cc-8af7-a6f75e712ab0: receive RaftClientReply:client-391BA870FC40->947ec526-030f-41cc-8af7-a6f75e712ab0@group-5D45C35602B2, cid=1153, SUCCESS, logIndex=1605, commits[947ec526-030f-41cc-8af7-a6f75e712ab0:c1605, c447b9b6-dde2-4ce7-aa81-d0e2eddc8fe9:c1603, 28b540ac-241d-462a-a56c-509e92928066:c1603]
2019-08-20 22:34:17,982 | INFO  | DNAudit | user=null | ip=null | op=WRITE_CHUNK {blockData=conID: 1 locID: 102651687806501322 bcsId: 1605} | ret=SUCCESS |  
2019-08-20 22:34:17,984 | INFO  | DNAudit | user=null | ip=null | op=WRITE_CHUNK {blockData=conID: 1 locID: 102651687806501322 bcsId: 1605} | ret=SUCCESS |  
2019-08-20 22:34:17,984 | INFO  | DNAudit | user=null | ip=null | op=WRITE_CHUNK {blockData=conID: 1 locID: 102651687806501322 bcsId: 1605} | ret=SUCCESS |  
2019-08-20 22:34:17,988 | INFO  | DNAudit | user=null | ip=null | op=WRITE_CHUNK {blockData=conID: 1 locID: 102651687806501322 bcsId: 1599} | ret=SUCCESS |  
2019-08-20 22:34:17,988 | INFO  | DNAudit | user=null | ip=null | op=WRITE_CHUNK {blockData=conID: 1 locID: 102651687806501322 bcsId: 1599} | ret=SUCCESS |  
2019-08-20 22:34:17,992 | INFO  | DNAudit | user=null | ip=null | op=PUT_BLOCK {blockData=[blockId=conID: 1 locID: 102651687806501322 bcsId: 0,size=3145728]} | ret=SUCCESS |  
2019-08-20 22:34:17,992 | INFO  | DNAudit | user=null | ip=null | op=PUT_BLOCK {blockData=[blockId=conID: 1 locID: 102651687806501322 bcsId: 0,size=3145728]} | ret=SUCCESS |  
2019-08-20 22:34:17,992 | INFO  | DNAudit | user=null | ip=null | op=WRITE_CHUNK {blockData=conID: 1 locID: 102651687806501322 bcsId: 1605} | ret=SUCCESS |  
2019-08-20 22:34:17,992 | INFO  | DNAudit | user=null | ip=null | op=PUT_BLOCK {blockData=[blockId=conID: 1 locID: 102651687806501322 bcsId: 0,size=4194304]} | ret=SUCCESS |  
2019-08-20 22:34:17,993 [grpc-default-executor-2] INFO  client.GrpcClientProtocolClient (GrpcClientProtocolClient.java:onNext(255)) - client-391BA870FC40->947ec526-030f-41cc-8af7-a6f75e712ab0: receive RaftClientReply:client-391BA870FC40->947ec526-030f-41cc-8af7-a6f75e712ab0@group-5D45C35602B2, cid=1154, SUCCESS, logIndex=1608, commits[947ec526-030f-41cc-8af7-a6f75e712ab0:c1609, c447b9b6-dde2-4ce7-aa81-d0e2eddc8fe9:c1605, 28b540ac-241d-462a-a56c-509e92928066:c1605]
2019-08-20 22:34:17,993 [grpc-default-executor-2] INFO  client.GrpcClientProtocolClient (GrpcClientProtocolClient.java:onNext(255)) - client-391BA870FC40->947ec526-030f-41cc-8af7-a6f75e712ab0: receive RaftClientReply:client-391BA870FC40->947ec526-030f-41cc-8af7-a6f75e712ab0@group-5D45C35602B2, cid=1155, SUCCESS, logIndex=1609, commits[947ec526-030f-41cc-8af7-a6f75e712ab0:c1609, c447b9b6-dde2-4ce7-aa81-d0e2eddc8fe9:c1605, 28b540ac-241d-462a-a56c-509e92928066:c1605]
2019-08-20 22:34:18,003 | INFO  | DNAudit | user=null | ip=null | op=WRITE_CHUNK {blockData=conID: 1 locID: 102651687806501322 bcsId: 1605} | ret=SUCCESS |  
2019-08-20 22:34:18,003 | INFO  | DNAudit | user=null | ip=null | op=WRITE_CHUNK {blockData=conID: 1 locID: 102651687806501322 bcsId: 1605} | ret=SUCCESS |  
2019-08-20 22:34:18,004 | INFO  | DNAudit | user=null | ip=null | op=PUT_BLOCK {blockData=[blockId=conID: 1 locID: 102651687806501322 bcsId: 0,size=4194304]} | ret=SUCCESS |  
2019-08-20 22:34:18,004 | INFO  | DNAudit | user=null | ip=null | op=PUT_BLOCK {blockData=[blockId=conID: 1 locID: 102651687806501322 bcsId: 0,size=4194304]} | ret=SUCCESS |  
2019-08-20 22:34:18,005 [grpc-default-executor-2] INFO  client.GrpcClientProtocolClient (GrpcClientProtocolClient.java:onNext(255)) - client-391BA870FC40->947ec526-030f-41cc-8af7-a6f75e712ab0: receive RaftClientReply:client-391BA870FC40->947ec526-030f-41cc-8af7-a6f75e712ab0@group-5D45C35602B2, cid=1156, SUCCESS, logIndex=0, commits[947ec526-030f-41cc-8af7-a6f75e712ab0:c1611, c447b9b6-dde2-4ce7-aa81-d0e2eddc8fe9:c1609, 28b540ac-241d-462a-a56c-509e92928066:c1609]
2019-08-20 22:34:18,010 | INFO  | DNAudit | user=null | ip=null | op=WRITE_CHUNK {blockData=conID: 2 locID: 102651687806501323 bcsId: 0} | ret=SUCCESS |  
2019-08-20 22:34:18,012 | INFO  | DNAudit | user=null | ip=null | op=WRITE_CHUNK {blockData=conID: 2 locID: 102651687806501323 bcsId: 0} | ret=SUCCESS |  
2019-08-20 22:34:18,013 | INFO  | DNAudit | user=null | ip=null | op=WRITE_CHUNK {blockData=conID: 2 locID: 102651687806501323 bcsId: 0} | ret=SUCCESS |  
2019-08-20 22:34:18,013 | INFO  | DNAudit | user=null | ip=null | op=WRITE_CHUNK {blockData=conID: 2 locID: 102651687806501323 bcsId: 0} | ret=SUCCESS |  
2019-08-20 22:34:18,015 | INFO  | DNAudit | user=null | ip=null | op=WRITE_CHUNK {blockData=conID: 2 locID: 102651687806501323 bcsId: 0} | ret=SUCCESS |  
2019-08-20 22:34:18,015 | INFO  | DNAudit | user=null | ip=null | op=WRITE_CHUNK {blockData=conID: 2 locID: 102651687806501323 bcsId: 0} | ret=SUCCESS |  
2019-08-20 22:34:18,022 | INFO  | DNAudit | user=null | ip=null | op=WRITE_CHUNK {blockData=conID: 2 locID: 102651687806501323 bcsId: 0} | ret=SUCCESS |  
2019-08-20 22:34:18,023 | INFO  | DNAudit | user=null | ip=null | op=PUT_BLOCK {blockData=[blockId=conID: 2 locID: 102651687806501323 bcsId: 0,size=1048576]} | ret=SUCCESS |  
2019-08-20 22:34:18,023 [grpc-default-executor-2] INFO  client.GrpcClientProtocolClient (GrpcClientProtocolClient.java:onNext(255)) - client-391BA870FC40->947ec526-030f-41cc-8af7-a6f75e712ab0: receive RaftClientReply:client-391BA870FC40->947ec526-030f-41cc-8af7-a6f75e712ab0@group-5D45C35602B2, cid=1157, SUCCESS, logIndex=1612, commits[947ec526-030f-41cc-8af7-a6f75e712ab0:c1613, c447b9b6-dde2-4ce7-aa81-d0e2eddc8fe9:c1611, 28b540ac-241d-462a-a56c-509e92928066:c1611]
2019-08-20 22:34:18,023 [grpc-default-executor-2] INFO  client.GrpcClientProtocolClient (GrpcClientProtocolClient.java:onNext(255)) - client-391BA870FC40->947ec526-030f-41cc-8af7-a6f75e712ab0: receive RaftClientReply:client-391BA870FC40->947ec526-030f-41cc-8af7-a6f75e712ab0@group-5D45C35602B2, cid=1158, SUCCESS, logIndex=1613, commits[947ec526-030f-41cc-8af7-a6f75e712ab0:c1613, c447b9b6-dde2-4ce7-aa81-d0e2eddc8fe9:c1611, 28b540ac-241d-462a-a56c-509e92928066:c1611]
2019-08-20 22:34:18,033 | INFO  | DNAudit | user=null | ip=null | op=WRITE_CHUNK {blockData=conID: 2 locID: 102651687806501323 bcsId: 0} | ret=SUCCESS |  
2019-08-20 22:34:18,033 | INFO  | DNAudit | user=null | ip=null | op=PUT_BLOCK {blockData=[blockId=conID: 2 locID: 102651687806501323 bcsId: 0,size=2097152]} | ret=SUCCESS |  
2019-08-20 22:34:18,034 [grpc-default-executor-2] INFO  client.GrpcClientProtocolClient (GrpcClientProtocolClient.java:onNext(255)) - client-391BA870FC40->947ec526-030f-41cc-8af7-a6f75e712ab0: receive RaftClientReply:client-391BA870FC40->947ec526-030f-41cc-8af7-a6f75e712ab0@group-5D45C35602B2, cid=1159, SUCCESS, logIndex=1614, commits[947ec526-030f-41cc-8af7-a6f75e712ab0:c1615, c447b9b6-dde2-4ce7-aa81-d0e2eddc8fe9:c1611, 28b540ac-241d-462a-a56c-509e92928066:c1611]
2019-08-20 22:34:18,034 [grpc-default-executor-2] INFO  client.GrpcClientProtocolClient (GrpcClientProtocolClient.java:onNext(255)) - client-391BA870FC40->947ec526-030f-41cc-8af7-a6f75e712ab0: receive RaftClientReply:client-391BA870FC40->947ec526-030f-41cc-8af7-a6f75e712ab0@group-5D45C35602B2, cid=1160, SUCCESS, logIndex=1615, commits[947ec526-030f-41cc-8af7-a6f75e712ab0:c1615, c447b9b6-dde2-4ce7-aa81-d0e2eddc8fe9:c1611, 28b540ac-241d-462a-a56c-509e92928066:c1611]
2019-08-20 22:34:18,034 | INFO  | DNAudit | user=null | ip=null | op=WRITE_CHUNK {blockData=conID: 2 locID: 102651687806501323 bcsId: 0} | ret=SUCCESS |  
2019-08-20 22:34:18,034 | INFO  | DNAudit | user=null | ip=null | op=PUT_BLOCK {blockData=[blockId=conID: 2 locID: 102651687806501323 bcsId: 0,size=1048576]} | ret=SUCCESS |  
2019-08-20 22:34:18,036 | INFO  | DNAudit | user=null | ip=null | op=WRITE_CHUNK {blockData=conID: 2 locID: 102651687806501323 bcsId: 0} | ret=SUCCESS |  
2019-08-20 22:34:18,036 | INFO  | DNAudit | user=null | ip=null | op=PUT_BLOCK {blockData=[blockId=conID: 2 locID: 102651687806501323 bcsId: 0,size=1048576]} | ret=SUCCESS |  
2019-08-20 22:34:18,036 [grpc-default-executor-4] INFO  client.GrpcClientProtocolClient (GrpcClientProtocolClient.java:onNext(255)) - client-391BA870FC40->947ec526-030f-41cc-8af7-a6f75e712ab0: receive RaftClientReply:client-391BA870FC40->947ec526-030f-41cc-8af7-a6f75e712ab0@group-5D45C35602B2, cid=1161, SUCCESS, logIndex=0, commits[947ec526-030f-41cc-8af7-a6f75e712ab0:c1617, c447b9b6-dde2-4ce7-aa81-d0e2eddc8fe9:c1613, 28b540ac-241d-462a-a56c-509e92928066:c1613]
2019-08-20 22:34:18,042 | INFO  | DNAudit | user=null | ip=null | op=WRITE_CHUNK {blockData=conID: 2 locID: 102651687806501323 bcsId: 1615} | ret=SUCCESS |  
2019-08-20 22:34:18,044 | INFO  | DNAudit | user=null | ip=null | op=WRITE_CHUNK {blockData=conID: 2 locID: 102651687806501323 bcsId: 1615} | ret=SUCCESS |  
2019-08-20 22:34:18,045 | INFO  | DNAudit | user=null | ip=null | op=WRITE_CHUNK {blockData=conID: 2 locID: 102651687806501323 bcsId: 1615} | ret=SUCCESS |  
2019-08-20 22:34:18,047 | INFO  | DNAudit | user=null | ip=null | op=WRITE_CHUNK {blockData=conID: 2 locID: 102651687806501323 bcsId: 0} | ret=SUCCESS |  
2019-08-20 22:34:18,047 | INFO  | DNAudit | user=null | ip=null | op=PUT_BLOCK {blockData=[blockId=conID: 2 locID: 102651687806501323 bcsId: 0,size=2097152]} | ret=SUCCESS |  
2019-08-20 22:34:18,048 | INFO  | DNAudit | user=null | ip=null | op=WRITE_CHUNK {blockData=conID: 2 locID: 102651687806501323 bcsId: 0} | ret=SUCCESS |  
2019-08-20 22:34:18,048 | INFO  | DNAudit | user=null | ip=null | op=PUT_BLOCK {blockData=[blockId=conID: 2 locID: 102651687806501323 bcsId: 0,size=2097152]} | ret=SUCCESS |  
2019-08-20 22:34:18,059 | INFO  | DNAudit | user=null | ip=null | op=WRITE_CHUNK {blockData=conID: 2 locID: 102651687806501323 bcsId: 1615} | ret=SUCCESS |  
2019-08-20 22:34:18,059 | INFO  | DNAudit | user=null | ip=null | op=PUT_BLOCK {blockData=[blockId=conID: 2 locID: 102651687806501323 bcsId: 0,size=3145728]} | ret=SUCCESS |  
2019-08-20 22:34:18,059 [grpc-default-executor-2] INFO  client.GrpcClientProtocolClient (GrpcClientProtocolClient.java:onNext(255)) - client-391BA870FC40->947ec526-030f-41cc-8af7-a6f75e712ab0: receive RaftClientReply:client-391BA870FC40->947ec526-030f-41cc-8af7-a6f75e712ab0@group-5D45C35602B2, cid=1162, SUCCESS, logIndex=1620, commits[947ec526-030f-41cc-8af7-a6f75e712ab0:c1621, c447b9b6-dde2-4ce7-aa81-d0e2eddc8fe9:c1617, 28b540ac-241d-462a-a56c-509e92928066:c1617]
2019-08-20 22:34:18,060 [grpc-default-executor-2] INFO  client.GrpcClientProtocolClient (GrpcClientProtocolClient.java:onNext(255)) - client-391BA870FC40->947ec526-030f-41cc-8af7-a6f75e712ab0: receive RaftClientReply:client-391BA870FC40->947ec526-030f-41cc-8af7-a6f75e712ab0@group-5D45C35602B2, cid=1163, SUCCESS, logIndex=1621, commits[947ec526-030f-41cc-8af7-a6f75e712ab0:c1621, c447b9b6-dde2-4ce7-aa81-d0e2eddc8fe9:c1617, 28b540ac-241d-462a-a56c-509e92928066:c1617]
2019-08-20 22:34:18,062 | INFO  | DNAudit | user=null | ip=null | op=WRITE_CHUNK {blockData=conID: 2 locID: 102651687806501323 bcsId: 1615} | ret=SUCCESS |  
2019-08-20 22:34:18,062 | INFO  | DNAudit | user=null | ip=null | op=WRITE_CHUNK {blockData=conID: 2 locID: 102651687806501323 bcsId: 1615} | ret=SUCCESS |  
2019-08-20 22:34:18,062 | INFO  | DNAudit | user=null | ip=null | op=PUT_BLOCK {blockData=[blockId=conID: 2 locID: 102651687806501323 bcsId: 0,size=3145728]} | ret=SUCCESS |  
2019-08-20 22:34:18,062 | INFO  | DNAudit | user=null | ip=null | op=PUT_BLOCK {blockData=[blockId=conID: 2 locID: 102651687806501323 bcsId: 0,size=3145728]} | ret=SUCCESS |  
2019-08-20 22:34:18,065 | INFO  | DNAudit | user=null | ip=null | op=WRITE_CHUNK {blockData=conID: 2 locID: 102651687806501323 bcsId: 1621} | ret=SUCCESS |  
2019-08-20 22:34:18,067 | INFO  | DNAudit | user=null | ip=null | op=WRITE_CHUNK {blockData=conID: 2 locID: 102651687806501323 bcsId: 1621} | ret=SUCCESS |  
2019-08-20 22:34:18,067 | INFO  | DNAudit | user=null | ip=null | op=WRITE_CHUNK {blockData=conID: 2 locID: 102651687806501323 bcsId: 1621} | ret=SUCCESS |  
2019-08-20 22:34:18,080 | INFO  | DNAudit | user=null | ip=null | op=WRITE_CHUNK {blockData=conID: 2 locID: 102651687806501323 bcsId: 1621} | ret=SUCCESS |  
2019-08-20 22:34:18,080 | INFO  | DNAudit | user=null | ip=null | op=PUT_BLOCK {blockData=[blockId=conID: 2 locID: 102651687806501323 bcsId: 0,size=4194304]} | ret=SUCCESS |  
2019-08-20 22:34:18,081 [grpc-default-executor-3] INFO  client.GrpcClientProtocolClient (GrpcClientProtocolClient.java:onNext(255)) - client-391BA870FC40->947ec526-030f-41cc-8af7-a6f75e712ab0: receive RaftClientReply:client-391BA870FC40->947ec526-030f-41cc-8af7-a6f75e712ab0@group-5D45C35602B2, cid=1164, SUCCESS, logIndex=1623, commits[947ec526-030f-41cc-8af7-a6f75e712ab0:c1624, c447b9b6-dde2-4ce7-aa81-d0e2eddc8fe9:c1622, 28b540ac-241d-462a-a56c-509e92928066:c1622]
2019-08-20 22:34:18,081 [grpc-default-executor-3] INFO  client.GrpcClientProtocolClient (GrpcClientProtocolClient.java:onNext(255)) - client-391BA870FC40->947ec526-030f-41cc-8af7-a6f75e712ab0: receive RaftClientReply:client-391BA870FC40->947ec526-030f-41cc-8af7-a6f75e712ab0@group-5D45C35602B2, cid=1165, SUCCESS, logIndex=1624, commits[947ec526-030f-41cc-8af7-a6f75e712ab0:c1624, c447b9b6-dde2-4ce7-aa81-d0e2eddc8fe9:c1622, 28b540ac-241d-462a-a56c-509e92928066:c1622]
2019-08-20 22:34:18,091 | INFO  | DNAudit | user=null | ip=null | op=WRITE_CHUNK {blockData=conID: 2 locID: 102651687806501323 bcsId: 1621} | ret=SUCCESS |  
2019-08-20 22:34:18,091 | INFO  | DNAudit | user=null | ip=null | op=WRITE_CHUNK {blockData=conID: 2 locID: 102651687806501323 bcsId: 1621} | ret=SUCCESS |  
2019-08-20 22:34:18,093 | INFO  | DNAudit | user=null | ip=null | op=PUT_BLOCK {blockData=[blockId=conID: 2 locID: 102651687806501323 bcsId: 0,size=4194304]} | ret=SUCCESS |  
2019-08-20 22:34:18,093 | INFO  | DNAudit | user=null | ip=null | op=PUT_BLOCK {blockData=[blockId=conID: 2 locID: 102651687806501323 bcsId: 0,size=4194304]} | ret=SUCCESS |  
2019-08-20 22:34:18,093 [grpc-default-executor-4] INFO  client.GrpcClientProtocolClient (GrpcClientProtocolClient.java:onNext(255)) - client-391BA870FC40->947ec526-030f-41cc-8af7-a6f75e712ab0: receive RaftClientReply:client-391BA870FC40->947ec526-030f-41cc-8af7-a6f75e712ab0@group-5D45C35602B2, cid=1166, SUCCESS, logIndex=0, commits[947ec526-030f-41cc-8af7-a6f75e712ab0:c1626, c447b9b6-dde2-4ce7-aa81-d0e2eddc8fe9:c1624, 28b540ac-241d-462a-a56c-509e92928066:c1624]
2019-08-20 22:34:18,099 | INFO  | DNAudit | user=null | ip=null | op=WRITE_CHUNK {blockData=conID: 3 locID: 102651687806501324 bcsId: 0} | ret=SUCCESS |  
2019-08-20 22:34:18,101 | INFO  | DNAudit | user=null | ip=null | op=WRITE_CHUNK {blockData=conID: 3 locID: 102651687806501324 bcsId: 0} | ret=SUCCESS |  
2019-08-20 22:34:18,102 | INFO  | DNAudit | user=null | ip=null | op=WRITE_CHUNK {blockData=conID: 3 locID: 102651687806501324 bcsId: 0} | ret=SUCCESS |  
2019-08-20 22:34:18,102 | INFO  | DNAudit | user=null | ip=null | op=WRITE_CHUNK {blockData=conID: 3 locID: 102651687806501324 bcsId: 0} | ret=SUCCESS |  
2019-08-20 22:34:18,104 | INFO  | DNAudit | user=null | ip=null | op=WRITE_CHUNK {blockData=conID: 3 locID: 102651687806501324 bcsId: 0} | ret=SUCCESS |  
2019-08-20 22:34:18,104 | INFO  | DNAudit | user=null | ip=null | op=WRITE_CHUNK {blockData=conID: 3 locID: 102651687806501324 bcsId: 0} | ret=SUCCESS |  
2019-08-20 22:34:18,111 | INFO  | DNAudit | user=null | ip=null | op=WRITE_CHUNK {blockData=conID: 3 locID: 102651687806501324 bcsId: 0} | ret=SUCCESS |  
2019-08-20 22:34:18,112 | INFO  | DNAudit | user=null | ip=null | op=PUT_BLOCK {blockData=[blockId=conID: 3 locID: 102651687806501324 bcsId: 0,size=1048576]} | ret=SUCCESS |  
2019-08-20 22:34:18,112 [grpc-default-executor-2] INFO  client.GrpcClientProtocolClient (GrpcClientProtocolClient.java:onNext(255)) - client-391BA870FC40->947ec526-030f-41cc-8af7-a6f75e712ab0: receive RaftClientReply:client-391BA870FC40->947ec526-030f-41cc-8af7-a6f75e712ab0@group-5D45C35602B2, cid=1167, SUCCESS, logIndex=1627, commits[947ec526-030f-41cc-8af7-a6f75e712ab0:c1628, c447b9b6-dde2-4ce7-aa81-d0e2eddc8fe9:c1626, 28b540ac-241d-462a-a56c-509e92928066:c1626]
2019-08-20 22:34:18,112 | INFO  | DNAudit | user=null | ip=null | op=WRITE_CHUNK {blockData=conID: 3 locID: 102651687806501324 bcsId: 0} | ret=SUCCESS |  
2019-08-20 22:34:18,112 | INFO  | DNAudit | user=null | ip=null | op=PUT_BLOCK {blockData=[blockId=conID: 3 locID: 102651687806501324 bcsId: 0,size=2097152]} | ret=SUCCESS |  
2019-08-20 22:34:18,112 [grpc-default-executor-2] INFO  client.GrpcClientProtocolClient (GrpcClientProtocolClient.java:onNext(255)) - client-391BA870FC40->947ec526-030f-41cc-8af7-a6f75e712ab0: receive RaftClientReply:client-391BA870FC40->947ec526-030f-41cc-8af7-a6f75e712ab0@group-5D45C35602B2, cid=1168, SUCCESS, logIndex=1628, commits[947ec526-030f-41cc-8af7-a6f75e712ab0:c1629, c447b9b6-dde2-4ce7-aa81-d0e2eddc8fe9:c1626, 28b540ac-241d-462a-a56c-509e92928066:c1626]
2019-08-20 22:34:18,113 [grpc-default-executor-2] INFO  client.GrpcClientProtocolClient (GrpcClientProtocolClient.java:onNext(255)) - client-391BA870FC40->947ec526-030f-41cc-8af7-a6f75e712ab0: receive RaftClientReply:client-391BA870FC40->947ec526-030f-41cc-8af7-a6f75e712ab0@group-5D45C35602B2, cid=1169, SUCCESS, logIndex=1629, commits[947ec526-030f-41cc-8af7-a6f75e712ab0:c1630, c447b9b6-dde2-4ce7-aa81-d0e2eddc8fe9:c1626, 28b540ac-241d-462a-a56c-509e92928066:c1626]
2019-08-20 22:34:18,113 [grpc-default-executor-2] INFO  client.GrpcClientProtocolClient (GrpcClientProtocolClient.java:onNext(255)) - client-391BA870FC40->947ec526-030f-41cc-8af7-a6f75e712ab0: receive RaftClientReply:client-391BA870FC40->947ec526-030f-41cc-8af7-a6f75e712ab0@group-5D45C35602B2, cid=1170, SUCCESS, logIndex=1630, commits[947ec526-030f-41cc-8af7-a6f75e712ab0:c1630, c447b9b6-dde2-4ce7-aa81-d0e2eddc8fe9:c1626, 28b540ac-241d-462a-a56c-509e92928066:c1626]
2019-08-20 22:34:18,125 | INFO  | DNAudit | user=null | ip=null | op=WRITE_CHUNK {blockData=conID: 3 locID: 102651687806501324 bcsId: 0} | ret=SUCCESS |  
2019-08-20 22:34:18,125 | INFO  | DNAudit | user=null | ip=null | op=PUT_BLOCK {blockData=[blockId=conID: 3 locID: 102651687806501324 bcsId: 0,size=1048576]} | ret=SUCCESS |  
2019-08-20 22:34:18,127 | INFO  | DNAudit | user=null | ip=null | op=WRITE_CHUNK {blockData=conID: 3 locID: 102651687806501324 bcsId: 0} | ret=SUCCESS |  
2019-08-20 22:34:18,127 | INFO  | DNAudit | user=null | ip=null | op=PUT_BLOCK {blockData=[blockId=conID: 3 locID: 102651687806501324 bcsId: 0,size=1048576]} | ret=SUCCESS |  
2019-08-20 22:34:18,127 | INFO  | DNAudit | user=null | ip=null | op=WRITE_CHUNK {blockData=conID: 3 locID: 102651687806501324 bcsId: 0} | ret=SUCCESS |  
2019-08-20 22:34:18,128 | INFO  | DNAudit | user=null | ip=null | op=PUT_BLOCK {blockData=[blockId=conID: 3 locID: 102651687806501324 bcsId: 0,size=2097152]} | ret=SUCCESS |  
2019-08-20 22:34:18,128 [grpc-default-executor-2] INFO  client.GrpcClientProtocolClient (GrpcClientProtocolClient.java:onNext(255)) - client-391BA870FC40->947ec526-030f-41cc-8af7-a6f75e712ab0: receive RaftClientReply:client-391BA870FC40->947ec526-030f-41cc-8af7-a6f75e712ab0@group-5D45C35602B2, cid=1171, SUCCESS, logIndex=0, commits[947ec526-030f-41cc-8af7-a6f75e712ab0:c1632, c447b9b6-dde2-4ce7-aa81-d0e2eddc8fe9:c1628, 28b540ac-241d-462a-a56c-509e92928066:c1628]
2019-08-20 22:34:18,133 | INFO  | DNAudit | user=null | ip=null | op=WRITE_CHUNK {blockData=conID: 3 locID: 102651687806501324 bcsId: 1630} | ret=SUCCESS |  
2019-08-20 22:34:18,134 | INFO  | DNAudit | user=null | ip=null | op=WRITE_CHUNK {blockData=conID: 3 locID: 102651687806501324 bcsId: 1630} | ret=SUCCESS |  
2019-08-20 22:34:18,134 | INFO  | DNAudit | user=null | ip=null | op=WRITE_CHUNK {blockData=conID: 3 locID: 102651687806501324 bcsId: 1630} | ret=SUCCESS |  
2019-08-20 22:34:18,138 | INFO  | DNAudit | user=null | ip=null | op=WRITE_CHUNK {blockData=conID: 3 locID: 102651687806501324 bcsId: 0} | ret=SUCCESS |  
2019-08-20 22:34:18,139 | INFO  | DNAudit | user=null | ip=null | op=PUT_BLOCK {blockData=[blockId=conID: 3 locID: 102651687806501324 bcsId: 0,size=2097152]} | ret=SUCCESS |  
2019-08-20 22:34:18,141 | INFO  | DNAudit | user=null | ip=null | op=WRITE_CHUNK {blockData=conID: 3 locID: 102651687806501324 bcsId: 1630} | ret=SUCCESS |  
2019-08-20 22:34:18,141 | INFO  | DNAudit | user=null | ip=null | op=PUT_BLOCK {blockData=[blockId=conID: 3 locID: 102651687806501324 bcsId: 0,size=3145728]} | ret=SUCCESS |  
2019-08-20 22:34:18,141 [grpc-default-executor-4] INFO  client.GrpcClientProtocolClient (GrpcClientProtocolClient.java:onNext(255)) - client-391BA870FC40->947ec526-030f-41cc-8af7-a6f75e712ab0: receive RaftClientReply:client-391BA870FC40->947ec526-030f-41cc-8af7-a6f75e712ab0@group-5D45C35602B2, cid=1172, SUCCESS, logIndex=1635, commits[947ec526-030f-41cc-8af7-a6f75e712ab0:c1636, c447b9b6-dde2-4ce7-aa81-d0e2eddc8fe9:c1634, 28b540ac-241d-462a-a56c-509e92928066:c1630]
2019-08-20 22:34:18,142 [grpc-default-executor-4] INFO  client.GrpcClientProtocolClient (GrpcClientProtocolClient.java:onNext(255)) - client-391BA870FC40->947ec526-030f-41cc-8af7-a6f75e712ab0: receive RaftClientReply:client-391BA870FC40->947ec526-030f-41cc-8af7-a6f75e712ab0@group-5D45C35602B2, cid=1173, SUCCESS, logIndex=1636, commits[947ec526-030f-41cc-8af7-a6f75e712ab0:c1636, c447b9b6-dde2-4ce7-aa81-d0e2eddc8fe9:c1634, 28b540ac-241d-462a-a56c-509e92928066:c1630]
2019-08-20 22:34:18,146 | INFO  | DNAudit | user=null | ip=null | op=WRITE_CHUNK {blockData=conID: 3 locID: 102651687806501324 bcsId: 1636} | ret=SUCCESS |  
2019-08-20 22:34:18,148 | INFO  | DNAudit | user=null | ip=null | op=WRITE_CHUNK {blockData=conID: 3 locID: 102651687806501324 bcsId: 1636} | ret=SUCCESS |  
2019-08-20 22:34:18,148 | INFO  | DNAudit | user=null | ip=null | op=WRITE_CHUNK {blockData=conID: 3 locID: 102651687806501324 bcsId: 1636} | ret=SUCCESS |  
2019-08-20 22:34:18,152 | INFO  | DNAudit | user=null | ip=null | op=WRITE_CHUNK {blockData=conID: 3 locID: 102651687806501324 bcsId: 1630} | ret=SUCCESS |  
2019-08-20 22:34:18,152 | INFO  | DNAudit | user=null | ip=null | op=PUT_BLOCK {blockData=[blockId=conID: 3 locID: 102651687806501324 bcsId: 0,size=3145728]} | ret=SUCCESS |  
2019-08-20 22:34:18,152 | INFO  | DNAudit | user=null | ip=null | op=WRITE_CHUNK {blockData=conID: 3 locID: 102651687806501324 bcsId: 1630} | ret=SUCCESS |  
2019-08-20 22:34:18,153 | INFO  | DNAudit | user=null | ip=null | op=PUT_BLOCK {blockData=[blockId=conID: 3 locID: 102651687806501324 bcsId: 0,size=3145728]} | ret=SUCCESS |  
2019-08-20 22:34:18,155 | INFO  | DNAudit | user=null | ip=null | op=WRITE_CHUNK {blockData=conID: 3 locID: 102651687806501324 bcsId: 1636} | ret=SUCCESS |  
2019-08-20 22:34:18,155 | INFO  | DNAudit | user=null | ip=null | op=PUT_BLOCK {blockData=[blockId=conID: 3 locID: 102651687806501324 bcsId: 0,size=4194304]} | ret=SUCCESS |  
2019-08-20 22:34:18,155 [grpc-default-executor-2] INFO  client.GrpcClientProtocolClient (GrpcClientProtocolClient.java:onNext(255)) - client-391BA870FC40->947ec526-030f-41cc-8af7-a6f75e712ab0: receive RaftClientReply:client-391BA870FC40->947ec526-030f-41cc-8af7-a6f75e712ab0@group-5D45C35602B2, cid=1174, SUCCESS, logIndex=1639, commits[947ec526-030f-41cc-8af7-a6f75e712ab0:c1640, c447b9b6-dde2-4ce7-aa81-d0e2eddc8fe9:c1636, 28b540ac-241d-462a-a56c-509e92928066:c1636]
2019-08-20 22:34:18,155 [grpc-default-executor-2] INFO  client.GrpcClientProtocolClient (GrpcClientProtocolClient.java:onNext(255)) - client-391BA870FC40->947ec526-030f-41cc-8af7-a6f75e712ab0: receive RaftClientReply:client-391BA870FC40->947ec526-030f-41cc-8af7-a6f75e712ab0@group-5D45C35602B2, cid=1175, SUCCESS, logIndex=1640, commits[947ec526-030f-41cc-8af7-a6f75e712ab0:c1640, c447b9b6-dde2-4ce7-aa81-d0e2eddc8fe9:c1636, 28b540ac-241d-462a-a56c-509e92928066:c1636]
2019-08-20 22:34:18,161 | INFO  | SCMAudit | user=jenkins1000 | ip=192.168.5.142 | op=SEND_HEARTBEAT {datanodeUUID=28b540ac-241d-462a-a56c-509e92928066, command=[]} | ret=SUCCESS |  
2019-08-20 22:34:18,161 | INFO  | SCMAudit | user=jenkins1000 | ip=192.168.5.142 | op=SEND_HEARTBEAT {datanodeUUID=c447b9b6-dde2-4ce7-aa81-d0e2eddc8fe9, command=[]} | ret=SUCCESS |  
2019-08-20 22:34:18,162 | INFO  | SCMAudit | user=jenkins1000 | ip=192.168.5.142 | op=SEND_HEARTBEAT {datanodeUUID=eafd9314-3f13-422a-a2ac-adfcde2d7481, command=[]} | ret=SUCCESS |  
 0.00% |█                                                                                                    |  0/1 Time: 0:00:072019-08-20 22:34:18,162 | INFO  | SCMAudit | user=jenkins1000 | ip=192.168.5.142 | op=SEND_HEARTBEAT {datanodeUUID=947ec526-030f-41cc-8af7-a6f75e712ab0, command=[]} | ret=SUCCESS |  
2019-08-20 22:34:18,168 | INFO  | DNAudit | user=null | ip=null | op=WRITE_CHUNK {blockData=conID: 3 locID: 102651687806501324 bcsId: 1636} | ret=SUCCESS |  
2019-08-20 22:34:18,168 | INFO  | DNAudit | user=null | ip=null | op=PUT_BLOCK {blockData=[blockId=conID: 3 locID: 102651687806501324 bcsId: 0,size=4194304]} | ret=SUCCESS |  
2019-08-20 22:34:18,168 | INFO  | DNAudit | user=null | ip=null | op=WRITE_CHUNK {blockData=conID: 3 locID: 102651687806501324 bcsId: 1636} | ret=SUCCESS |  
2019-08-20 22:34:18,168 [grpc-default-executor-4] INFO  client.GrpcClientProtocolClient (GrpcClientProtocolClient.java:onNext(255)) - client-391BA870FC40->947ec526-030f-41cc-8af7-a6f75e712ab0: receive RaftClientReply:client-391BA870FC40->947ec526-030f-41cc-8af7-a6f75e712ab0@group-5D45C35602B2, cid=1176, SUCCESS, logIndex=0, commits[947ec526-030f-41cc-8af7-a6f75e712ab0:c1641, c447b9b6-dde2-4ce7-aa81-d0e2eddc8fe9:c1640, 28b540ac-241d-462a-a56c-509e92928066:c1640]
2019-08-20 22:34:18,168 | INFO  | DNAudit | user=null | ip=null | op=PUT_BLOCK {blockData=[blockId=conID: 3 locID: 102651687806501324 bcsId: 0,size=4194304]} | ret=SUCCESS |  
2019-08-20 22:34:18,173 | INFO  | DNAudit | user=null | ip=null | op=WRITE_CHUNK {blockData=conID: 1 locID: 102651687806501325 bcsId: 0} | ret=SUCCESS |  
2019-08-20 22:34:18,175 | INFO  | DNAudit | user=null | ip=null | op=WRITE_CHUNK {blockData=conID: 1 locID: 102651687806501325 bcsId: 0} | ret=SUCCESS |  
2019-08-20 22:34:18,176 | INFO  | DNAudit | user=null | ip=null | op=WRITE_CHUNK {blockData=conID: 1 locID: 102651687806501325 bcsId: 0} | ret=SUCCESS |  
2019-08-20 22:34:18,176 | INFO  | DNAudit | user=null | ip=null | op=WRITE_CHUNK {blockData=conID: 1 locID: 102651687806501325 bcsId: 0} | ret=SUCCESS |  
2019-08-20 22:34:18,177 | INFO  | DNAudit | user=null | ip=null | op=WRITE_CHUNK {blockData=conID: 1 locID: 102651687806501325 bcsId: 0} | ret=SUCCESS |  
2019-08-20 22:34:18,177 | INFO  | DNAudit | user=null | ip=null | op=WRITE_CHUNK {blockData=conID: 1 locID: 102651687806501325 bcsId: 0} | ret=SUCCESS |  
2019-08-20 22:34:18,187 | INFO  | DNAudit | user=null | ip=null | op=WRITE_CHUNK {blockData=conID: 1 locID: 102651687806501325 bcsId: 0} | ret=SUCCESS |  
2019-08-20 22:34:18,187 | INFO  | DNAudit | user=null | ip=null | op=PUT_BLOCK {blockData=[blockId=conID: 1 locID: 102651687806501325 bcsId: 0,size=1048576]} | ret=SUCCESS |  
2019-08-20 22:34:18,187 [grpc-default-executor-3] INFO  client.GrpcClientProtocolClient (GrpcClientProtocolClient.java:onNext(255)) - client-391BA870FC40->947ec526-030f-41cc-8af7-a6f75e712ab0: receive RaftClientReply:client-391BA870FC40->947ec526-030f-41cc-8af7-a6f75e712ab0@group-5D45C35602B2, cid=1177, SUCCESS, logIndex=1642, commits[947ec526-030f-41cc-8af7-a6f75e712ab0:c1643, c447b9b6-dde2-4ce7-aa81-d0e2eddc8fe9:c1641, 28b540ac-241d-462a-a56c-509e92928066:c1641]
2019-08-20 22:34:18,188 [grpc-default-executor-3] INFO  client.GrpcClientProtocolClient (GrpcClientProtocolClient.java:onNext(255)) - client-391BA870FC40->947ec526-030f-41cc-8af7-a6f75e712ab0: receive RaftClientReply:client-391BA870FC40->947ec526-030f-41cc-8af7-a6f75e712ab0@group-5D45C35602B2, cid=1178, SUCCESS, logIndex=1643, commits[947ec526-030f-41cc-8af7-a6f75e712ab0:c1643, c447b9b6-dde2-4ce7-aa81-d0e2eddc8fe9:c1641, 28b540ac-241d-462a-a56c-509e92928066:c1641]
2019-08-20 22:34:18,199 | INFO  | DNAudit | user=null | ip=null | op=WRITE_CHUNK {blockData=conID: 1 locID: 102651687806501325 bcsId: 0} | ret=SUCCESS |  
2019-08-20 22:34:18,200 | INFO  | DNAudit | user=null | ip=null | op=PUT_BLOCK {blockData=[blockId=conID: 1 locID: 102651687806501325 bcsId: 0,size=2097152]} | ret=SUCCESS |  
2019-08-20 22:34:18,200 [grpc-default-executor-2] INFO  client.GrpcClientProtocolClient (GrpcClientProtocolClient.java:onNext(255)) - client-391BA870FC40->947ec526-030f-41cc-8af7-a6f75e712ab0: receive RaftClientReply:client-391BA870FC40->947ec526-030f-41cc-8af7-a6f75e712ab0@group-5D45C35602B2, cid=1179, SUCCESS, logIndex=1644, commits[947ec526-030f-41cc-8af7-a6f75e712ab0:c1645, c447b9b6-dde2-4ce7-aa81-d0e2eddc8fe9:c1641, 28b540ac-241d-462a-a56c-509e92928066:c1641]
2019-08-20 22:34:18,200 [grpc-default-executor-2] INFO  client.GrpcClientProtocolClient (GrpcClientProtocolClient.java:onNext(255)) - client-391BA870FC40->947ec526-030f-41cc-8af7-a6f75e712ab0: receive RaftClientReply:client-391BA870FC40->947ec526-030f-41cc-8af7-a6f75e712ab0@group-5D45C35602B2, cid=1180, SUCCESS, logIndex=1645, commits[947ec526-030f-41cc-8af7-a6f75e712ab0:c1645, c447b9b6-dde2-4ce7-aa81-d0e2eddc8fe9:c1641, 28b540ac-241d-462a-a56c-509e92928066:c1641]
2019-08-20 22:34:18,212 | INFO  | DNAudit | user=null | ip=null | op=WRITE_CHUNK {blockData=conID: 1 locID: 102651687806501325 bcsId: 0} | ret=SUCCESS |  
2019-08-20 22:34:18,212 | INFO  | DNAudit | user=null | ip=null | op=WRITE_CHUNK {blockData=conID: 1 locID: 102651687806501325 bcsId: 0} | ret=SUCCESS |  
2019-08-20 22:34:18,212 | INFO  | DNAudit | user=null | ip=null | op=PUT_BLOCK {blockData=[blockId=conID: 1 locID: 102651687806501325 bcsId: 0,size=1048576]} | ret=SUCCESS |  
2019-08-20 22:34:18,212 | INFO  | DNAudit | user=null | ip=null | op=PUT_BLOCK {blockData=[blockId=conID: 1 locID: 102651687806501325 bcsId: 0,size=1048576]} | ret=SUCCESS |  
2019-08-20 22:34:18,213 [grpc-default-executor-3] INFO  client.GrpcClientProtocolClient (GrpcClientProtocolClient.java:onNext(255)) - client-391BA870FC40->947ec526-030f-41cc-8af7-a6f75e712ab0: receive RaftClientReply:client-391BA870FC40->947ec526-030f-41cc-8af7-a6f75e712ab0@group-5D45C35602B2, cid=1181, SUCCESS, logIndex=0, commits[947ec526-030f-41cc-8af7-a6f75e712ab0:c1646, c447b9b6-dde2-4ce7-aa81-d0e2eddc8fe9:c1643, 28b540ac-241d-462a-a56c-509e92928066:c1643]
2019-08-20 22:34:18,218 | INFO  | DNAudit | user=null | ip=null | op=WRITE_CHUNK {blockData=conID: 1 locID: 102651687806501325 bcsId: 1645} | ret=SUCCESS |  
2019-08-20 22:34:18,220 | INFO  | DNAudit | user=null | ip=null | op=WRITE_CHUNK {blockData=conID: 1 locID: 102651687806501325 bcsId: 1645} | ret=SUCCESS |  
2019-08-20 22:34:18,220 | INFO  | DNAudit | user=null | ip=null | op=WRITE_CHUNK {blockData=conID: 1 locID: 102651687806501325 bcsId: 1645} | ret=SUCCESS |  
2019-08-20 22:34:18,226 | INFO  | DNAudit | user=null | ip=null | op=WRITE_CHUNK {blockData=conID: 1 locID: 102651687806501325 bcsId: 0} | ret=SUCCESS |  
2019-08-20 22:34:18,226 | INFO  | DNAudit | user=null | ip=null | op=WRITE_CHUNK {blockData=conID: 1 locID: 102651687806501325 bcsId: 0} | ret=SUCCESS |  
2019-08-20 22:34:18,226 | INFO  | DNAudit | user=null | ip=null | op=PUT_BLOCK {blockData=[blockId=conID: 1 locID: 102651687806501325 bcsId: 0,size=2097152]} | ret=SUCCESS |  
2019-08-20 22:34:18,226 | INFO  | DNAudit | user=null | ip=null | op=PUT_BLOCK {blockData=[blockId=conID: 1 locID: 102651687806501325 bcsId: 0,size=2097152]} | ret=SUCCESS |  
2019-08-20 22:34:18,229 | INFO  | DNAudit | user=null | ip=null | op=WRITE_CHUNK {blockData=conID: 1 locID: 102651687806501325 bcsId: 1645} | ret=SUCCESS |  
2019-08-20 22:34:18,229 | INFO  | DNAudit | user=null | ip=null | op=PUT_BLOCK {blockData=[blockId=conID: 1 locID: 102651687806501325 bcsId: 0,size=3145728]} | ret=SUCCESS |  
2019-08-20 22:34:18,230 [grpc-default-executor-3] INFO  client.GrpcClientProtocolClient (GrpcClientProtocolClient.java:onNext(255)) - client-391BA870FC40->947ec526-030f-41cc-8af7-a6f75e712ab0: receive RaftClientReply:client-391BA870FC40->947ec526-030f-41cc-8af7-a6f75e712ab0@group-5D45C35602B2, cid=1182, SUCCESS, logIndex=1650, commits[947ec526-030f-41cc-8af7-a6f75e712ab0:c1651, c447b9b6-dde2-4ce7-aa81-d0e2eddc8fe9:c1647, 28b540ac-241d-462a-a56c-509e92928066:c1647]
2019-08-20 22:34:18,230 [grpc-default-executor-3] INFO  client.GrpcClientProtocolClient (GrpcClientProtocolClient.java:onNext(255)) - client-391BA870FC40->947ec526-030f-41cc-8af7-a6f75e712ab0: receive RaftClientReply:client-391BA870FC40->947ec526-030f-41cc-8af7-a6f75e712ab0@group-5D45C35602B2, cid=1183, SUCCESS, logIndex=1651, commits[947ec526-030f-41cc-8af7-a6f75e712ab0:c1651, c447b9b6-dde2-4ce7-aa81-d0e2eddc8fe9:c1647, 28b540ac-241d-462a-a56c-509e92928066:c1647]
2019-08-20 22:34:18,235 | INFO  | DNAudit | user=null | ip=null | op=WRITE_CHUNK {blockData=conID: 1 locID: 102651687806501325 bcsId: 1651} | ret=SUCCESS |  
2019-08-20 22:34:18,236 | INFO  | DNAudit | user=null | ip=null | op=WRITE_CHUNK {blockData=conID: 1 locID: 102651687806501325 bcsId: 1651} | ret=SUCCESS |  
2019-08-20 22:34:18,237 | INFO  | DNAudit | user=null | ip=null | op=WRITE_CHUNK {blockData=conID: 1 locID: 102651687806501325 bcsId: 1651} | ret=SUCCESS |  
2019-08-20 22:34:18,239 | INFO  | DNAudit | user=null | ip=null | op=WRITE_CHUNK {blockData=conID: 1 locID: 102651687806501325 bcsId: 1645} | ret=SUCCESS |  
2019-08-20 22:34:18,239 | INFO  | DNAudit | user=null | ip=null | op=WRITE_CHUNK {blockData=conID: 1 locID: 102651687806501325 bcsId: 1645} | ret=SUCCESS |  
2019-08-20 22:34:18,240 | INFO  | DNAudit | user=null | ip=null | op=PUT_BLOCK {blockData=[blockId=conID: 1 locID: 102651687806501325 bcsId: 0,size=3145728]} | ret=SUCCESS |  
2019-08-20 22:34:18,240 | INFO  | DNAudit | user=null | ip=null | op=PUT_BLOCK {blockData=[blockId=conID: 1 locID: 102651687806501325 bcsId: 0,size=3145728]} | ret=SUCCESS |  
2019-08-20 22:34:18,241 | INFO  | DNAudit | user=null | ip=null | op=WRITE_CHUNK {blockData=conID: 1 locID: 102651687806501325 bcsId: 1651} | ret=SUCCESS |  
2019-08-20 22:34:18,241 | INFO  | DNAudit | user=null | ip=null | op=PUT_BLOCK {blockData=[blockId=conID: 1 locID: 102651687806501325 bcsId: 0,size=4194304]} | ret=SUCCESS |  
2019-08-20 22:34:18,241 [grpc-default-executor-3] INFO  client.GrpcClientProtocolClient (GrpcClientProtocolClient.java:onNext(255)) - client-391BA870FC40->947ec526-030f-41cc-8af7-a6f75e712ab0: receive RaftClientReply:client-391BA870FC40->947ec526-030f-41cc-8af7-a6f75e712ab0@group-5D45C35602B2, cid=1184, SUCCESS, logIndex=1654, commits[947ec526-030f-41cc-8af7-a6f75e712ab0:c1655, c447b9b6-dde2-4ce7-aa81-d0e2eddc8fe9:c1651, 28b540ac-241d-462a-a56c-509e92928066:c1651]
2019-08-20 22:34:18,242 [grpc-default-executor-3] INFO  client.GrpcClientProtocolClient (GrpcClientProtocolClient.java:onNext(255)) - client-391BA870FC40->947ec526-030f-41cc-8af7-a6f75e712ab0: receive RaftClientReply:client-391BA870FC40->947ec526-030f-41cc-8af7-a6f75e712ab0@group-5D45C35602B2, cid=1185, SUCCESS, logIndex=1655, commits[947ec526-030f-41cc-8af7-a6f75e712ab0:c1655, c447b9b6-dde2-4ce7-aa81-d0e2eddc8fe9:c1651, 28b540ac-241d-462a-a56c-509e92928066:c1651]
2019-08-20 22:34:18,243 | INFO  | DNAudit | user=null | ip=null | op=WRITE_CHUNK {blockData=conID: 1 locID: 102651687806501325 bcsId: 1651} | ret=SUCCESS |  
2019-08-20 22:34:18,243 | INFO  | DNAudit | user=null | ip=null | op=WRITE_CHUNK {blockData=conID: 1 locID: 102651687806501325 bcsId: 1651} | ret=SUCCESS |  
2019-08-20 22:34:18,246 | INFO  | DNAudit | user=null | ip=null | op=PUT_BLOCK {blockData=[blockId=conID: 1 locID: 102651687806501325 bcsId: 0,size=4194304]} | ret=SUCCESS |  
2019-08-20 22:34:18,246 | INFO  | DNAudit | user=null | ip=null | op=PUT_BLOCK {blockData=[blockId=conID: 1 locID: 102651687806501325 bcsId: 0,size=4194304]} | ret=SUCCESS |  
2019-08-20 22:34:18,246 [grpc-default-executor-3] INFO  client.GrpcClientProtocolClient (GrpcClientProtocolClient.java:onNext(255)) - client-391BA870FC40->947ec526-030f-41cc-8af7-a6f75e712ab0: receive RaftClientReply:client-391BA870FC40->947ec526-030f-41cc-8af7-a6f75e712ab0@group-5D45C35602B2, cid=1186, SUCCESS, logIndex=0, commits[947ec526-030f-41cc-8af7-a6f75e712ab0:c1657, c447b9b6-dde2-4ce7-aa81-d0e2eddc8fe9:c1655, 28b540ac-241d-462a-a56c-509e92928066:c1655]
2019-08-20 22:34:18,252 | INFO  | DNAudit | user=null | ip=null | op=WRITE_CHUNK {blockData=conID: 2 locID: 102651687806566862 bcsId: 0} | ret=SUCCESS |  
2019-08-20 22:34:18,253 | INFO  | DNAudit | user=null | ip=null | op=WRITE_CHUNK {blockData=conID: 2 locID: 102651687806566862 bcsId: 0} | ret=SUCCESS |  
2019-08-20 22:34:18,254 | INFO  | DNAudit | user=null | ip=null | op=WRITE_CHUNK {blockData=conID: 2 locID: 102651687806566862 bcsId: 0} | ret=SUCCESS |  
2019-08-20 22:34:18,254 | INFO  | DNAudit | user=null | ip=null | op=WRITE_CHUNK {blockData=conID: 2 locID: 102651687806566862 bcsId: 0} | ret=SUCCESS |  
2019-08-20 22:34:18,255 | INFO  | DNAudit | user=null | ip=null | op=WRITE_CHUNK {blockData=conID: 2 locID: 102651687806566862 bcsId: 0} | ret=SUCCESS |  
2019-08-20 22:34:18,255 | INFO  | DNAudit | user=null | ip=null | op=WRITE_CHUNK {blockData=conID: 2 locID: 102651687806566862 bcsId: 0} | ret=SUCCESS |  
2019-08-20 22:34:18,263 | INFO  | DNAudit | user=null | ip=null | op=WRITE_CHUNK {blockData=conID: 2 locID: 102651687806566862 bcsId: 0} | ret=SUCCESS |  
2019-08-20 22:34:18,263 | INFO  | DNAudit | user=null | ip=null | op=PUT_BLOCK {blockData=[blockId=conID: 2 locID: 102651687806566862 bcsId: 0,size=1048576]} | ret=SUCCESS |  
2019-08-20 22:34:18,264 | INFO  | DNAudit | user=null | ip=null | op=WRITE_CHUNK {blockData=conID: 2 locID: 102651687806566862 bcsId: 0} | ret=SUCCESS |  
2019-08-20 22:34:18,263 [grpc-default-executor-5] INFO  client.GrpcClientProtocolClient (GrpcClientProtocolClient.java:onNext(255)) - client-391BA870FC40->947ec526-030f-41cc-8af7-a6f75e712ab0: receive RaftClientReply:client-391BA870FC40->947ec526-030f-41cc-8af7-a6f75e712ab0@group-5D45C35602B2, cid=1187, SUCCESS, logIndex=1658, commits[947ec526-030f-41cc-8af7-a6f75e712ab0:c1659, c447b9b6-dde2-4ce7-aa81-d0e2eddc8fe9:c1657, 28b540ac-241d-462a-a56c-509e92928066:c1657]
2019-08-20 22:34:18,264 | INFO  | DNAudit | user=null | ip=null | op=PUT_BLOCK {blockData=[blockId=conID: 2 locID: 102651687806566862 bcsId: 0,size=2097152]} | ret=SUCCESS |  
2019-08-20 22:34:18,264 [grpc-default-executor-5] INFO  client.GrpcClientProtocolClient (GrpcClientProtocolClient.java:onNext(255)) - client-391BA870FC40->947ec526-030f-41cc-8af7-a6f75e712ab0: receive RaftClientReply:client-391BA870FC40->947ec526-030f-41cc-8af7-a6f75e712ab0@group-5D45C35602B2, cid=1188, SUCCESS, logIndex=1659, commits[947ec526-030f-41cc-8af7-a6f75e712ab0:c1661, c447b9b6-dde2-4ce7-aa81-d0e2eddc8fe9:c1657, 28b540ac-241d-462a-a56c-509e92928066:c1657]
2019-08-20 22:34:18,264 [grpc-default-executor-5] INFO  client.GrpcClientProtocolClient (GrpcClientProtocolClient.java:onNext(255)) - client-391BA870FC40->947ec526-030f-41cc-8af7-a6f75e712ab0: receive RaftClientReply:client-391BA870FC40->947ec526-030f-41cc-8af7-a6f75e712ab0@group-5D45C35602B2, cid=1189, SUCCESS, logIndex=1660, commits[947ec526-030f-41cc-8af7-a6f75e712ab0:c1661, c447b9b6-dde2-4ce7-aa81-d0e2eddc8fe9:c1657, 28b540ac-241d-462a-a56c-509e92928066:c1657]
2019-08-20 22:34:18,264 [grpc-default-executor-5] INFO  client.GrpcClientProtocolClient (GrpcClientProtocolClient.java:onNext(255)) - client-391BA870FC40->947ec526-030f-41cc-8af7-a6f75e712ab0: receive RaftClientReply:client-391BA870FC40->947ec526-030f-41cc-8af7-a6f75e712ab0@group-5D45C35602B2, cid=1190, SUCCESS, logIndex=1661, commits[947ec526-030f-41cc-8af7-a6f75e712ab0:c1661, c447b9b6-dde2-4ce7-aa81-d0e2eddc8fe9:c1657, 28b540ac-241d-462a-a56c-509e92928066:c1657]
2019-08-20 22:34:18,266 | INFO  | DNAudit | user=null | ip=null | op=WRITE_CHUNK {blockData=conID: 2 locID: 102651687806566862 bcsId: 0} | ret=SUCCESS |  
2019-08-20 22:34:18,266 | INFO  | DNAudit | user=null | ip=null | op=WRITE_CHUNK {blockData=conID: 2 locID: 102651687806566862 bcsId: 0} | ret=SUCCESS |  
2019-08-20 22:34:18,266 | INFO  | DNAudit | user=null | ip=null | op=PUT_BLOCK {blockData=[blockId=conID: 2 locID: 102651687806566862 bcsId: 0,size=1048576]} | ret=SUCCESS |  
2019-08-20 22:34:18,276 | INFO  | DNAudit | user=null | ip=null | op=PUT_BLOCK {blockData=[blockId=conID: 2 locID: 102651687806566862 bcsId: 0,size=1048576]} | ret=SUCCESS |  
2019-08-20 22:34:18,276 | INFO  | DNAudit | user=null | ip=null | op=WRITE_CHUNK {blockData=conID: 2 locID: 102651687806566862 bcsId: 0} | ret=SUCCESS |  
2019-08-20 22:34:18,276 | INFO  | DNAudit | user=null | ip=null | op=WRITE_CHUNK {blockData=conID: 2 locID: 102651687806566862 bcsId: 0} | ret=SUCCESS |  
2019-08-20 22:34:18,276 | INFO  | DNAudit | user=null | ip=null | op=PUT_BLOCK {blockData=[blockId=conID: 2 locID: 102651687806566862 bcsId: 0,size=2097152]} | ret=SUCCESS |  
2019-08-20 22:34:18,276 [grpc-default-executor-5] INFO  client.GrpcClientProtocolClient (GrpcClientProtocolClient.java:onNext(255)) - client-391BA870FC40->947ec526-030f-41cc-8af7-a6f75e712ab0: receive RaftClientReply:client-391BA870FC40->947ec526-030f-41cc-8af7-a6f75e712ab0@group-5D45C35602B2, cid=1191, SUCCESS, logIndex=0, commits[947ec526-030f-41cc-8af7-a6f75e712ab0:c1664, c447b9b6-dde2-4ce7-aa81-d0e2eddc8fe9:c1659, 28b540ac-241d-462a-a56c-509e92928066:c1659]
2019-08-20 22:34:18,276 | INFO  | DNAudit | user=null | ip=null | op=PUT_BLOCK {blockData=[blockId=conID: 2 locID: 102651687806566862 bcsId: 0,size=2097152]} | ret=SUCCESS |  
2019-08-20 22:34:18,282 | INFO  | DNAudit | user=null | ip=null | op=WRITE_CHUNK {blockData=conID: 2 locID: 102651687806566862 bcsId: 1661} | ret=SUCCESS |  
2019-08-20 22:34:18,283 | INFO  | DNAudit | user=null | ip=null | op=WRITE_CHUNK {blockData=conID: 2 locID: 102651687806566862 bcsId: 1661} | ret=SUCCESS |  
2019-08-20 22:34:18,283 | INFO  | DNAudit | user=null | ip=null | op=WRITE_CHUNK {blockData=conID: 2 locID: 102651687806566862 bcsId: 1661} | ret=SUCCESS |  
2019-08-20 22:34:18,308 | INFO  | DNAudit | user=null | ip=null | op=WRITE_CHUNK {blockData=conID: 2 locID: 102651687806566862 bcsId: 1661} | ret=SUCCESS |  
2019-08-20 22:34:18,309 | INFO  | DNAudit | user=null | ip=null | op=PUT_BLOCK {blockData=[blockId=conID: 2 locID: 102651687806566862 bcsId: 0,size=3145728]} | ret=SUCCESS |  
2019-08-20 22:34:18,309 [grpc-default-executor-5] INFO  client.GrpcClientProtocolClient (GrpcClientProtocolClient.java:onNext(255)) - client-391BA870FC40->947ec526-030f-41cc-8af7-a6f75e712ab0: receive RaftClientReply:client-391BA870FC40->947ec526-030f-41cc-8af7-a6f75e712ab0@group-5D45C35602B2, cid=1192, SUCCESS, logIndex=1666, commits[947ec526-030f-41cc-8af7-a6f75e712ab0:c1667, c447b9b6-dde2-4ce7-aa81-d0e2eddc8fe9:c1665, 28b540ac-241d-462a-a56c-509e92928066:c1665]
2019-08-20 22:34:18,310 [grpc-default-executor-5] INFO  client.GrpcClientProtocolClient (GrpcClientProtocolClient.java:onNext(255)) - client-391BA870FC40->947ec526-030f-41cc-8af7-a6f75e712ab0: receive RaftClientReply:client-391BA870FC40->947ec526-030f-41cc-8af7-a6f75e712ab0@group-5D45C35602B2, cid=1193, SUCCESS, logIndex=1667, commits[947ec526-030f-41cc-8af7-a6f75e712ab0:c1667, c447b9b6-dde2-4ce7-aa81-d0e2eddc8fe9:c1665, 28b540ac-241d-462a-a56c-509e92928066:c1665]
2019-08-20 22:34:18,315 | INFO  | DNAudit | user=null | ip=null | op=WRITE_CHUNK {blockData=conID: 2 locID: 102651687806566862 bcsId: 1667} | ret=SUCCESS |  
2019-08-20 22:34:18,317 | INFO  | DNAudit | user=null | ip=null | op=WRITE_CHUNK {blockData=conID: 2 locID: 102651687806566862 bcsId: 1667} | ret=SUCCESS |  
2019-08-20 22:34:18,317 | INFO  | DNAudit | user=null | ip=null | op=WRITE_CHUNK {blockData=conID: 2 locID: 102651687806566862 bcsId: 1667} | ret=SUCCESS |  
2019-08-20 22:34:18,320 | INFO  | DNAudit | user=null | ip=null | op=WRITE_CHUNK {blockData=conID: 2 locID: 102651687806566862 bcsId: 1661} | ret=SUCCESS |  
2019-08-20 22:34:18,320 | INFO  | DNAudit | user=null | ip=null | op=WRITE_CHUNK {blockData=conID: 2 locID: 102651687806566862 bcsId: 1661} | ret=SUCCESS |  
2019-08-20 22:34:18,321 | INFO  | DNAudit | user=null | ip=null | op=PUT_BLOCK {blockData=[blockId=conID: 2 locID: 102651687806566862 bcsId: 0,size=3145728]} | ret=SUCCESS |  
2019-08-20 22:34:18,322 | INFO  | DNAudit | user=null | ip=null | op=PUT_BLOCK {blockData=[blockId=conID: 2 locID: 102651687806566862 bcsId: 0,size=3145728]} | ret=SUCCESS |  
2019-08-20 22:34:18,322 | INFO  | DNAudit | user=null | ip=null | op=WRITE_CHUNK {blockData=conID: 2 locID: 102651687806566862 bcsId: 1667} | ret=SUCCESS |  
2019-08-20 22:34:18,322 | INFO  | DNAudit | user=null | ip=null | op=PUT_BLOCK {blockData=[blockId=conID: 2 locID: 102651687806566862 bcsId: 0,size=4194304]} | ret=SUCCESS |  
2019-08-20 22:34:18,322 [grpc-default-executor-2] INFO  client.GrpcClientProtocolClient (GrpcClientProtocolClient.java:onNext(255)) - client-391BA870FC40->947ec526-030f-41cc-8af7-a6f75e712ab0: receive RaftClientReply:client-391BA870FC40->947ec526-030f-41cc-8af7-a6f75e712ab0@group-5D45C35602B2, cid=1194, SUCCESS, logIndex=1670, commits[947ec526-030f-41cc-8af7-a6f75e712ab0:c1671, c447b9b6-dde2-4ce7-aa81-d0e2eddc8fe9:c1667, 28b540ac-241d-462a-a56c-509e92928066:c1667]
2019-08-20 22:34:18,323 [grpc-default-executor-2] INFO  client.GrpcClientProtocolClient (GrpcClientProtocolClient.java:onNext(255)) - client-391BA870FC40->947ec526-030f-41cc-8af7-a6f75e712ab0: receive RaftClientReply:client-391BA870FC40->947ec526-030f-41cc-8af7-a6f75e712ab0@group-5D45C35602B2, cid=1195, SUCCESS, logIndex=1671, commits[947ec526-030f-41cc-8af7-a6f75e712ab0:c1671, c447b9b6-dde2-4ce7-aa81-d0e2eddc8fe9:c1667, 28b540ac-241d-462a-a56c-509e92928066:c1667]
2019-08-20 22:34:18,332 | INFO  | DNAudit | user=null | ip=null | op=WRITE_CHUNK {blockData=conID: 2 locID: 102651687806566862 bcsId: 1667} | ret=SUCCESS |  
2019-08-20 22:34:18,332 | INFO  | DNAudit | user=null | ip=null | op=WRITE_CHUNK {blockData=conID: 2 locID: 102651687806566862 bcsId: 1667} | ret=SUCCESS |  
2019-08-20 22:34:18,335 | INFO  | DNAudit | user=null | ip=null | op=PUT_BLOCK {blockData=[blockId=conID: 2 locID: 102651687806566862 bcsId: 0,size=4194304]} | ret=SUCCESS |  
2019-08-20 22:34:18,335 | INFO  | DNAudit | user=null | ip=null | op=PUT_BLOCK {blockData=[blockId=conID: 2 locID: 102651687806566862 bcsId: 0,size=4194304]} | ret=SUCCESS |  
2019-08-20 22:34:18,336 [grpc-default-executor-2] INFO  client.GrpcClientProtocolClient (GrpcClientProtocolClient.java:onNext(255)) - client-391BA870FC40->947ec526-030f-41cc-8af7-a6f75e712ab0: receive RaftClientReply:client-391BA870FC40->947ec526-030f-41cc-8af7-a6f75e712ab0@group-5D45C35602B2, cid=1196, SUCCESS, logIndex=0, commits[947ec526-030f-41cc-8af7-a6f75e712ab0:c1673, c447b9b6-dde2-4ce7-aa81-d0e2eddc8fe9:c1671, 28b540ac-241d-462a-a56c-509e92928066:c1671]
2019-08-20 22:34:18,342 | INFO  | DNAudit | user=null | ip=null | op=WRITE_CHUNK {blockData=conID: 3 locID: 102651687806566863 bcsId: 0} | ret=SUCCESS |  
2019-08-20 22:34:18,344 | INFO  | DNAudit | user=null | ip=null | op=WRITE_CHUNK {blockData=conID: 3 locID: 102651687806566863 bcsId: 0} | ret=SUCCESS |  
2019-08-20 22:34:18,344 | INFO  | DNAudit | user=null | ip=null | op=WRITE_CHUNK {blockData=conID: 3 locID: 102651687806566863 bcsId: 0} | ret=SUCCESS |  
2019-08-20 22:34:18,345 | INFO  | DNAudit | user=null | ip=null | op=WRITE_CHUNK {blockData=conID: 3 locID: 102651687806566863 bcsId: 0} | ret=SUCCESS |  
2019-08-20 22:34:18,449 | INFO  | DNAudit | user=null | ip=null | op=WRITE_CHUNK {blockData=conID: 3 locID: 102651687806566863 bcsId: 0} | ret=SUCCESS |  
2019-08-20 22:34:18,449 | INFO  | DNAudit | user=null | ip=null | op=WRITE_CHUNK {blockData=conID: 3 locID: 102651687806566863 bcsId: 0} | ret=SUCCESS |  
2019-08-20 22:34:18,449 | INFO  | DNAudit | user=null | ip=null | op=PUT_BLOCK {blockData=[blockId=conID: 3 locID: 102651687806566863 bcsId: 0,size=1048576]} | ret=SUCCESS |  
2019-08-20 22:34:18,449 | INFO  | DNAudit | user=null | ip=null | op=WRITE_CHUNK {blockData=conID: 3 locID: 102651687806566863 bcsId: 0} | ret=SUCCESS |  
2019-08-20 22:34:18,449 [grpc-default-executor-3] INFO  client.GrpcClientProtocolClient (GrpcClientProtocolClient.java:onNext(255)) - client-391BA870FC40->947ec526-030f-41cc-8af7-a6f75e712ab0: receive RaftClientReply:client-391BA870FC40->947ec526-030f-41cc-8af7-a6f75e712ab0@group-5D45C35602B2, cid=1197, SUCCESS, logIndex=1674, commits[947ec526-030f-41cc-8af7-a6f75e712ab0:c1675, c447b9b6-dde2-4ce7-aa81-d0e2eddc8fe9:c1673, 28b540ac-241d-462a-a56c-509e92928066:c1673]
2019-08-20 22:34:18,450 [grpc-default-executor-3] INFO  client.GrpcClientProtocolClient (GrpcClientProtocolClient.java:onNext(255)) - client-391BA870FC40->947ec526-030f-41cc-8af7-a6f75e712ab0: receive RaftClientReply:client-391BA870FC40->947ec526-030f-41cc-8af7-a6f75e712ab0@group-5D45C35602B2, cid=1198, SUCCESS, logIndex=1675, commits[947ec526-030f-41cc-8af7-a6f75e712ab0:c1675, c447b9b6-dde2-4ce7-aa81-d0e2eddc8fe9:c1673, 28b540ac-241d-462a-a56c-509e92928066:c1673]
2019-08-20 22:34:18,460 | INFO  | DNAudit | user=null | ip=null | op=WRITE_CHUNK {blockData=conID: 3 locID: 102651687806566863 bcsId: 0} | ret=SUCCESS |  
2019-08-20 22:34:18,460 | INFO  | DNAudit | user=null | ip=null | op=WRITE_CHUNK {blockData=conID: 3 locID: 102651687806566863 bcsId: 0} | ret=SUCCESS |  
2019-08-20 22:34:18,460 | INFO  | DNAudit | user=null | ip=null | op=WRITE_CHUNK {blockData=conID: 3 locID: 102651687806566863 bcsId: 0} | ret=SUCCESS |  
2019-08-20 22:34:18,460 | INFO  | DNAudit | user=null | ip=null | op=PUT_BLOCK {blockData=[blockId=conID: 3 locID: 102651687806566863 bcsId: 0,size=1048576]} | ret=SUCCESS |  
2019-08-20 22:34:18,460 | INFO  | DNAudit | user=null | ip=null | op=PUT_BLOCK {blockData=[blockId=conID: 3 locID: 102651687806566863 bcsId: 0,size=2097152]} | ret=SUCCESS |  
2019-08-20 22:34:18,460 | INFO  | DNAudit | user=null | ip=null | op=PUT_BLOCK {blockData=[blockId=conID: 3 locID: 102651687806566863 bcsId: 0,size=1048576]} | ret=SUCCESS |  
2019-08-20 22:34:18,460 [grpc-default-executor-5] INFO  client.GrpcClientProtocolClient (GrpcClientProtocolClient.java:onNext(255)) - client-391BA870FC40->947ec526-030f-41cc-8af7-a6f75e712ab0: receive RaftClientReply:client-391BA870FC40->947ec526-030f-41cc-8af7-a6f75e712ab0@group-5D45C35602B2, cid=1199, SUCCESS, logIndex=1676, commits[947ec526-030f-41cc-8af7-a6f75e712ab0:c1679, c447b9b6-dde2-4ce7-aa81-d0e2eddc8fe9:c1675, 28b540ac-241d-462a-a56c-509e92928066:c1675]
2019-08-20 22:34:18,461 | INFO  | DNAudit | user=null | ip=null | op=WRITE_CHUNK {blockData=conID: 3 locID: 102651687806566863 bcsId: 0} | ret=SUCCESS |  
2019-08-20 22:34:18,461 | INFO  | DNAudit | user=null | ip=null | op=WRITE_CHUNK {blockData=conID: 3 locID: 102651687806566863 bcsId: 0} | ret=SUCCESS |  
2019-08-20 22:34:18,461 [grpc-default-executor-5] INFO  client.GrpcClientProtocolClient (GrpcClientProtocolClient.java:onNext(255)) - client-391BA870FC40->947ec526-030f-41cc-8af7-a6f75e712ab0: receive RaftClientReply:client-391BA870FC40->947ec526-030f-41cc-8af7-a6f75e712ab0@group-5D45C35602B2, cid=1200, SUCCESS, logIndex=1677, commits[947ec526-030f-41cc-8af7-a6f75e712ab0:c1679, c447b9b6-dde2-4ce7-aa81-d0e2eddc8fe9:c1675, 28b540ac-241d-462a-a56c-509e92928066:c1675]
2019-08-20 22:34:18,461 | INFO  | DNAudit | user=null | ip=null | op=PUT_BLOCK {blockData=[blockId=conID: 3 locID: 102651687806566863 bcsId: 0,size=2097152]} | ret=SUCCESS |  
2019-08-20 22:34:18,461 | INFO  | DNAudit | user=null | ip=null | op=PUT_BLOCK {blockData=[blockId=conID: 3 locID: 102651687806566863 bcsId: 0,size=2097152]} | ret=SUCCESS |  
2019-08-20 22:34:18,468 | INFO  | DNAudit | user=null | ip=null | op=WRITE_CHUNK {blockData=conID: 3 locID: 102651687806566863 bcsId: 1677} | ret=SUCCESS |  
2019-08-20 22:34:18,470 | INFO  | DNAudit | user=null | ip=null | op=WRITE_CHUNK {blockData=conID: 3 locID: 102651687806566863 bcsId: 1677} | ret=SUCCESS |  
2019-08-20 22:34:18,471 | INFO  | DNAudit | user=null | ip=null | op=WRITE_CHUNK {blockData=conID: 3 locID: 102651687806566863 bcsId: 1677} | ret=SUCCESS |  
2019-08-20 22:34:18,481 | INFO  | DNAudit | user=null | ip=null | op=WRITE_CHUNK {blockData=conID: 3 locID: 102651687806566863 bcsId: 1677} | ret=SUCCESS |  
2019-08-20 22:34:18,482 | INFO  | DNAudit | user=null | ip=null | op=PUT_BLOCK {blockData=[blockId=conID: 3 locID: 102651687806566863 bcsId: 0,size=3145728]} | ret=SUCCESS |  
2019-08-20 22:34:18,482 [grpc-default-executor-5] INFO  client.GrpcClientProtocolClient (GrpcClientProtocolClient.java:onNext(255)) - client-391BA870FC40->947ec526-030f-41cc-8af7-a6f75e712ab0: receive RaftClientReply:client-391BA870FC40->947ec526-030f-41cc-8af7-a6f75e712ab0@group-5D45C35602B2, cid=1201, SUCCESS, logIndex=1681, commits[947ec526-030f-41cc-8af7-a6f75e712ab0:c1682, c447b9b6-dde2-4ce7-aa81-d0e2eddc8fe9:c1680, 28b540ac-241d-462a-a56c-509e92928066:c1680]
2019-08-20 22:34:18,482 [grpc-default-executor-5] INFO  client.GrpcClientProtocolClient (GrpcClientProtocolClient.java:onNext(255)) - client-391BA870FC40->947ec526-030f-41cc-8af7-a6f75e712ab0: receive RaftClientReply:client-391BA870FC40->947ec526-030f-41cc-8af7-a6f75e712ab0@group-5D45C35602B2, cid=1202, SUCCESS, logIndex=1682, commits[947ec526-030f-41cc-8af7-a6f75e712ab0:c1682, c447b9b6-dde2-4ce7-aa81-d0e2eddc8fe9:c1680, 28b540ac-241d-462a-a56c-509e92928066:c1680]
2019-08-20 22:34:18,489 | INFO  | DNAudit | user=null | ip=null | op=WRITE_CHUNK {blockData=conID: 3 locID: 102651687806566863 bcsId: 1682} | ret=SUCCESS |  
2019-08-20 22:34:18,491 | INFO  | DNAudit | user=null | ip=null | op=WRITE_CHUNK {blockData=conID: 3 locID: 102651687806566863 bcsId: 1682} | ret=SUCCESS |  
2019-08-20 22:34:18,491 | INFO  | DNAudit | user=null | ip=null | op=WRITE_CHUNK {blockData=conID: 3 locID: 102651687806566863 bcsId: 1682} | ret=SUCCESS |  
2019-08-20 22:34:18,495 | INFO  | DNAudit | user=null | ip=null | op=WRITE_CHUNK {blockData=conID: 3 locID: 102651687806566863 bcsId: 1677} | ret=SUCCESS |  
2019-08-20 22:34:18,495 | INFO  | DNAudit | user=null | ip=null | op=WRITE_CHUNK {blockData=conID: 3 locID: 102651687806566863 bcsId: 1677} | ret=SUCCESS |  
2019-08-20 22:34:18,508 | INFO  | DNAudit | user=null | ip=null | op=PUT_BLOCK {blockData=[blockId=conID: 3 locID: 102651687806566863 bcsId: 0,size=3145728]} | ret=SUCCESS |  
2019-08-20 22:34:18,508 | INFO  | DNAudit | user=null | ip=null | op=PUT_BLOCK {blockData=[blockId=conID: 3 locID: 102651687806566863 bcsId: 0,size=3145728]} | ret=SUCCESS |  
2019-08-20 22:34:18,508 | INFO  | DNAudit | user=null | ip=null | op=WRITE_CHUNK {blockData=conID: 3 locID: 102651687806566863 bcsId: 1682} | ret=SUCCESS |  
2019-08-20 22:34:18,508 | INFO  | DNAudit | user=null | ip=null | op=PUT_BLOCK {blockData=[blockId=conID: 3 locID: 102651687806566863 bcsId: 0,size=4194304]} | ret=SUCCESS |  
2019-08-20 22:34:18,509 [grpc-default-executor-2] INFO  client.GrpcClientProtocolClient (GrpcClientProtocolClient.java:onNext(255)) - client-391BA870FC40->947ec526-030f-41cc-8af7-a6f75e712ab0: receive RaftClientReply:client-391BA870FC40->947ec526-030f-41cc-8af7-a6f75e712ab0@group-5D45C35602B2, cid=1203, SUCCESS, logIndex=1685, commits[947ec526-030f-41cc-8af7-a6f75e712ab0:c1686, c447b9b6-dde2-4ce7-aa81-d0e2eddc8fe9:c1682, 28b540ac-241d-462a-a56c-509e92928066:c1682]
2019-08-20 22:34:18,509 [grpc-default-executor-2] INFO  client.GrpcClientProtocolClient (GrpcClientProtocolClient.java:onNext(255)) - client-391BA870FC40->947ec526-030f-41cc-8af7-a6f75e712ab0: receive RaftClientReply:client-391BA870FC40->947ec526-030f-41cc-8af7-a6f75e712ab0@group-5D45C35602B2, cid=1204, SUCCESS, logIndex=1686, commits[947ec526-030f-41cc-8af7-a6f75e712ab0:c1686, c447b9b6-dde2-4ce7-aa81-d0e2eddc8fe9:c1682, 28b540ac-241d-462a-a56c-509e92928066:c1682]
2019-08-20 22:34:18,512 | INFO  | SCMAudit | user=jenkins1000 | ip=192.168.5.142 | op=SEND_HEARTBEAT {datanodeUUID=d55cd342-4e6c-4701-86f3-cb557f3478dc, command=[]} | ret=SUCCESS |  
2019-08-20 22:34:18,521 | INFO  | DNAudit | user=null | ip=null | op=WRITE_CHUNK {blockData=conID: 3 locID: 102651687806566863 bcsId: 1682} | ret=SUCCESS |  
2019-08-20 22:34:18,521 | INFO  | DNAudit | user=null | ip=null | op=WRITE_CHUNK {blockData=conID: 3 locID: 102651687806566863 bcsId: 1682} | ret=SUCCESS |  
2019-08-20 22:34:18,534 | INFO  | DNAudit | user=null | ip=null | op=PUT_BLOCK {blockData=[blockId=conID: 3 locID: 102651687806566863 bcsId: 0,size=4194304]} | ret=SUCCESS |  
2019-08-20 22:34:18,534 | INFO  | DNAudit | user=null | ip=null | op=PUT_BLOCK {blockData=[blockId=conID: 3 locID: 102651687806566863 bcsId: 0,size=4194304]} | ret=SUCCESS |  
2019-08-20 22:34:18,535 [grpc-default-executor-5] INFO  client.GrpcClientProtocolClient (GrpcClientProtocolClient.java:onNext(255)) - client-391BA870FC40->947ec526-030f-41cc-8af7-a6f75e712ab0: receive RaftClientReply:client-391BA870FC40->947ec526-030f-41cc-8af7-a6f75e712ab0@group-5D45C35602B2, cid=1205, SUCCESS, logIndex=0, commits[947ec526-030f-41cc-8af7-a6f75e712ab0:c1687, c447b9b6-dde2-4ce7-aa81-d0e2eddc8fe9:c1686, 28b540ac-241d-462a-a56c-509e92928066:c1686]
2019-08-20 22:34:18,543 | INFO  | DNAudit | user=null | ip=null | op=WRITE_CHUNK {blockData=conID: 1 locID: 102651687806566864 bcsId: 0} | ret=SUCCESS |  
2019-08-20 22:34:18,546 | INFO  | DNAudit | user=null | ip=null | op=WRITE_CHUNK {blockData=conID: 1 locID: 102651687806566864 bcsId: 0} | ret=SUCCESS |  
2019-08-20 22:34:18,547 | INFO  | DNAudit | user=null | ip=null | op=WRITE_CHUNK {blockData=conID: 1 locID: 102651687806566864 bcsId: 0} | ret=SUCCESS |  
2019-08-20 22:34:18,547 | INFO  | DNAudit | user=null | ip=null | op=WRITE_CHUNK {blockData=conID: 1 locID: 102651687806566864 bcsId: 0} | ret=SUCCESS |  
2019-08-20 22:34:18,549 | INFO  | DNAudit | user=null | ip=null | op=WRITE_CHUNK {blockData=conID: 1 locID: 102651687806566864 bcsId: 0} | ret=SUCCESS |  
2019-08-20 22:34:18,549 | INFO  | DNAudit | user=null | ip=null | op=WRITE_CHUNK {blockData=conID: 1 locID: 102651687806566864 bcsId: 0} | ret=SUCCESS |  
2019-08-20 22:34:18,562 | INFO  | DNAudit | user=null | ip=null | op=WRITE_CHUNK {blockData=conID: 1 locID: 102651687806566864 bcsId: 0} | ret=SUCCESS |  
2019-08-20 22:34:18,563 | INFO  | DNAudit | user=null | ip=null | op=PUT_BLOCK {blockData=[blockId=conID: 1 locID: 102651687806566864 bcsId: 0,size=1048576]} | ret=SUCCESS |  
2019-08-20 22:34:18,563 [grpc-default-executor-5] INFO  client.GrpcClientProtocolClient (GrpcClientProtocolClient.java:onNext(255)) - client-391BA870FC40->947ec526-030f-41cc-8af7-a6f75e712ab0: receive RaftClientReply:client-391BA870FC40->947ec526-030f-41cc-8af7-a6f75e712ab0@group-5D45C35602B2, cid=1206, SUCCESS, logIndex=1689, commits[947ec526-030f-41cc-8af7-a6f75e712ab0:c1690, c447b9b6-dde2-4ce7-aa81-d0e2eddc8fe9:c1688, 28b540ac-241d-462a-a56c-509e92928066:c1688]
2019-08-20 22:34:18,563 | INFO  | DNAudit | user=null | ip=null | op=WRITE_CHUNK {blockData=conID: 1 locID: 102651687806566864 bcsId: 0} | ret=SUCCESS |  
2019-08-20 22:34:18,564 [grpc-default-executor-5] INFO  client.GrpcClientProtocolClient (GrpcClientProtocolClient.java:onNext(255)) - client-391BA870FC40->947ec526-030f-41cc-8af7-a6f75e712ab0: receive RaftClientReply:client-391BA870FC40->947ec526-030f-41cc-8af7-a6f75e712ab0@group-5D45C35602B2, cid=1207, SUCCESS, logIndex=1690, commits[947ec526-030f-41cc-8af7-a6f75e712ab0:c1692, c447b9b6-dde2-4ce7-aa81-d0e2eddc8fe9:c1688, 28b540ac-241d-462a-a56c-509e92928066:c1688]
2019-08-20 22:34:18,564 | INFO  | DNAudit | user=null | ip=null | op=PUT_BLOCK {blockData=[blockId=conID: 1 locID: 102651687806566864 bcsId: 0,size=2097152]} | ret=SUCCESS |  
2019-08-20 22:34:18,564 [grpc-default-executor-5] INFO  client.GrpcClientProtocolClient (GrpcClientProtocolClient.java:onNext(255)) - client-391BA870FC40->947ec526-030f-41cc-8af7-a6f75e712ab0: receive RaftClientReply:client-391BA870FC40->947ec526-030f-41cc-8af7-a6f75e712ab0@group-5D45C35602B2, cid=1208, SUCCESS, logIndex=1691, commits[947ec526-030f-41cc-8af7-a6f75e712ab0:c1692, c447b9b6-dde2-4ce7-aa81-d0e2eddc8fe9:c1688, 28b540ac-241d-462a-a56c-509e92928066:c1688]
2019-08-20 22:34:18,564 [grpc-default-executor-5] INFO  client.GrpcClientProtocolClient (GrpcClientProtocolClient.java:onNext(255)) - client-391BA870FC40->947ec526-030f-41cc-8af7-a6f75e712ab0: receive RaftClientReply:client-391BA870FC40->947ec526-030f-41cc-8af7-a6f75e712ab0@group-5D45C35602B2, cid=1209, SUCCESS, logIndex=1692, commits[947ec526-030f-41cc-8af7-a6f75e712ab0:c1692, c447b9b6-dde2-4ce7-aa81-d0e2eddc8fe9:c1688, 28b540ac-241d-462a-a56c-509e92928066:c1688]
2019-08-20 22:34:18,576 | INFO  | DNAudit | user=null | ip=null | op=WRITE_CHUNK {blockData=conID: 1 locID: 102651687806566864 bcsId: 0} | ret=SUCCESS |  
2019-08-20 22:34:18,576 | INFO  | DNAudit | user=null | ip=null | op=PUT_BLOCK {blockData=[blockId=conID: 1 locID: 102651687806566864 bcsId: 0,size=1048576]} | ret=SUCCESS |  
2019-08-20 22:34:18,576 | INFO  | DNAudit | user=null | ip=null | op=WRITE_CHUNK {blockData=conID: 1 locID: 102651687806566864 bcsId: 0} | ret=SUCCESS |  
2019-08-20 22:34:18,577 | INFO  | DNAudit | user=null | ip=null | op=PUT_BLOCK {blockData=[blockId=conID: 1 locID: 102651687806566864 bcsId: 0,size=1048576]} | ret=SUCCESS |  
2019-08-20 22:34:18,577 | INFO  | DNAudit | user=null | ip=null | op=WRITE_CHUNK {blockData=conID: 1 locID: 102651687806566864 bcsId: 0} | ret=SUCCESS |  
2019-08-20 22:34:18,577 | INFO  | DNAudit | user=null | ip=null | op=WRITE_CHUNK {blockData=conID: 1 locID: 102651687806566864 bcsId: 0} | ret=SUCCESS |  
2019-08-20 22:34:18,577 | INFO  | DNAudit | user=null | ip=null | op=PUT_BLOCK {blockData=[blockId=conID: 1 locID: 102651687806566864 bcsId: 0,size=2097152]} | ret=SUCCESS |  
2019-08-20 22:34:18,577 | INFO  | DNAudit | user=null | ip=null | op=PUT_BLOCK {blockData=[blockId=conID: 1 locID: 102651687806566864 bcsId: 0,size=2097152]} | ret=SUCCESS |  
2019-08-20 22:34:18,577 [grpc-default-executor-5] INFO  client.GrpcClientProtocolClient (GrpcClientProtocolClient.java:onNext(255)) - client-391BA870FC40->947ec526-030f-41cc-8af7-a6f75e712ab0: receive RaftClientReply:client-391BA870FC40->947ec526-030f-41cc-8af7-a6f75e712ab0@group-5D45C35602B2, cid=1210, SUCCESS, logIndex=0, commits[947ec526-030f-41cc-8af7-a6f75e712ab0:c1694, c447b9b6-dde2-4ce7-aa81-d0e2eddc8fe9:c1690, 28b540ac-241d-462a-a56c-509e92928066:c1690]
2019-08-20 22:34:18,585 | INFO  | DNAudit | user=null | ip=null | op=WRITE_CHUNK {blockData=conID: 1 locID: 102651687806566864 bcsId: 1692} | ret=SUCCESS |  
2019-08-20 22:34:18,587 | INFO  | DNAudit | user=null | ip=null | op=WRITE_CHUNK {blockData=conID: 1 locID: 102651687806566864 bcsId: 1692} | ret=SUCCESS |  
2019-08-20 22:34:18,587 | INFO  | DNAudit | user=null | ip=null | op=WRITE_CHUNK {blockData=conID: 1 locID: 102651687806566864 bcsId: 1692} | ret=SUCCESS |  
2019-08-20 22:34:18,601 | INFO  | DNAudit | user=null | ip=null | op=WRITE_CHUNK {blockData=conID: 1 locID: 102651687806566864 bcsId: 1692} | ret=SUCCESS |  
2019-08-20 22:34:18,602 | INFO  | DNAudit | user=null | ip=null | op=PUT_BLOCK {blockData=[blockId=conID: 1 locID: 102651687806566864 bcsId: 0,size=3145728]} | ret=SUCCESS |  
2019-08-20 22:34:18,602 [grpc-default-executor-5] INFO  client.GrpcClientProtocolClient (GrpcClientProtocolClient.java:onNext(255)) - client-391BA870FC40->947ec526-030f-41cc-8af7-a6f75e712ab0: receive RaftClientReply:client-391BA870FC40->947ec526-030f-41cc-8af7-a6f75e712ab0@group-5D45C35602B2, cid=1211, SUCCESS, logIndex=1697, commits[947ec526-030f-41cc-8af7-a6f75e712ab0:c1698, c447b9b6-dde2-4ce7-aa81-d0e2eddc8fe9:c1696, 28b540ac-241d-462a-a56c-509e92928066:c1696]
2019-08-20 22:34:18,602 [grpc-default-executor-5] INFO  client.GrpcClientProtocolClient (GrpcClientProtocolClient.java:onNext(255)) - client-391BA870FC40->947ec526-030f-41cc-8af7-a6f75e712ab0: receive RaftClientReply:client-391BA870FC40->947ec526-030f-41cc-8af7-a6f75e712ab0@group-5D45C35602B2, cid=1212, SUCCESS, logIndex=1698, commits[947ec526-030f-41cc-8af7-a6f75e712ab0:c1698, c447b9b6-dde2-4ce7-aa81-d0e2eddc8fe9:c1696, 28b540ac-241d-462a-a56c-509e92928066:c1696]
2019-08-20 22:34:18,610 | INFO  | DNAudit | user=null | ip=null | op=WRITE_CHUNK {blockData=conID: 1 locID: 102651687806566864 bcsId: 1698} | ret=SUCCESS |  
2019-08-20 22:34:18,613 | INFO  | DNAudit | user=null | ip=null | op=WRITE_CHUNK {blockData=conID: 1 locID: 102651687806566864 bcsId: 1698} | ret=SUCCESS |  
2019-08-20 22:34:18,613 | INFO  | DNAudit | user=null | ip=null | op=WRITE_CHUNK {blockData=conID: 1 locID: 102651687806566864 bcsId: 1692} | ret=SUCCESS |  
2019-08-20 22:34:18,613 | INFO  | DNAudit | user=null | ip=null | op=WRITE_CHUNK {blockData=conID: 1 locID: 102651687806566864 bcsId: 1698} | ret=SUCCESS |  
2019-08-20 22:34:18,613 | INFO  | DNAudit | user=null | ip=null | op=WRITE_CHUNK {blockData=conID: 1 locID: 102651687806566864 bcsId: 1692} | ret=SUCCESS |  
2019-08-20 22:34:18,614 | INFO  | DNAudit | user=null | ip=null | op=PUT_BLOCK {blockData=[blockId=conID: 1 locID: 102651687806566864 bcsId: 0,size=3145728]} | ret=SUCCESS |  
2019-08-20 22:34:18,615 | INFO  | DNAudit | user=null | ip=null | op=WRITE_CHUNK {blockData=conID: 1 locID: 102651687806566864 bcsId: 1698} | ret=SUCCESS |  
2019-08-20 22:34:18,615 | INFO  | DNAudit | user=null | ip=null | op=PUT_BLOCK {blockData=[blockId=conID: 1 locID: 102651687806566864 bcsId: 0,size=3145728]} | ret=SUCCESS |  
2019-08-20 22:34:18,615 | INFO  | DNAudit | user=null | ip=null | op=PUT_BLOCK {blockData=[blockId=conID: 1 locID: 102651687806566864 bcsId: 0,size=4194304]} | ret=SUCCESS |  
2019-08-20 22:34:18,616 [grpc-default-executor-3] INFO  client.GrpcClientProtocolClient (GrpcClientProtocolClient.java:onNext(255)) - client-391BA870FC40->947ec526-030f-41cc-8af7-a6f75e712ab0: receive RaftClientReply:client-391BA870FC40->947ec526-030f-41cc-8af7-a6f75e712ab0@group-5D45C35602B2, cid=1213, SUCCESS, logIndex=1701, commits[947ec526-030f-41cc-8af7-a6f75e712ab0:c1702, c447b9b6-dde2-4ce7-aa81-d0e2eddc8fe9:c1697, 28b540ac-241d-462a-a56c-509e92928066:c1698]
2019-08-20 22:34:18,616 [grpc-default-executor-3] INFO  client.GrpcClientProtocolClient (GrpcClientProtocolClient.java:onNext(255)) - client-391BA870FC40->947ec526-030f-41cc-8af7-a6f75e712ab0: receive RaftClientReply:client-391BA870FC40->947ec526-030f-41cc-8af7-a6f75e712ab0@group-5D45C35602B2, cid=1214, SUCCESS, logIndex=1702, commits[947ec526-030f-41cc-8af7-a6f75e712ab0:c1702, c447b9b6-dde2-4ce7-aa81-d0e2eddc8fe9:c1698, 28b540ac-241d-462a-a56c-509e92928066:c1698]
2019-08-20 22:34:18,618 | INFO  | DNAudit | user=null | ip=null | op=WRITE_CHUNK {blockData=conID: 1 locID: 102651687806566864 bcsId: 1698} | ret=SUCCESS |  
2019-08-20 22:34:18,618 | INFO  | DNAudit | user=null | ip=null | op=WRITE_CHUNK {blockData=conID: 1 locID: 102651687806566864 bcsId: 1698} | ret=SUCCESS |  
2019-08-20 22:34:18,629 | INFO  | DNAudit | user=null | ip=null | op=PUT_BLOCK {blockData=[blockId=conID: 1 locID: 102651687806566864 bcsId: 0,size=4194304]} | ret=SUCCESS |  
2019-08-20 22:34:18,630 | INFO  | DNAudit | user=null | ip=null | op=PUT_BLOCK {blockData=[blockId=conID: 1 locID: 102651687806566864 bcsId: 0,size=4194304]} | ret=SUCCESS |  
2019-08-20 22:34:18,630 [grpc-default-executor-3] INFO  client.GrpcClientProtocolClient (GrpcClientProtocolClient.java:onNext(255)) - client-391BA870FC40->947ec526-030f-41cc-8af7-a6f75e712ab0: receive RaftClientReply:client-391BA870FC40->947ec526-030f-41cc-8af7-a6f75e712ab0@group-5D45C35602B2, cid=1215, SUCCESS, logIndex=0, commits[947ec526-030f-41cc-8af7-a6f75e712ab0:c1704, c447b9b6-dde2-4ce7-aa81-d0e2eddc8fe9:c1702, 28b540ac-241d-462a-a56c-509e92928066:c1702]
2019-08-20 22:34:18,637 | INFO  | DNAudit | user=null | ip=null | op=WRITE_CHUNK {blockData=conID: 2 locID: 102651687806566865 bcsId: 0} | ret=SUCCESS |  
2019-08-20 22:34:18,640 | INFO  | DNAudit | user=null | ip=null | op=WRITE_CHUNK {blockData=conID: 2 locID: 102651687806566865 bcsId: 0} | ret=SUCCESS |  
2019-08-20 22:34:18,640 | INFO  | DNAudit | user=null | ip=null | op=WRITE_CHUNK {blockData=conID: 2 locID: 102651687806566865 bcsId: 0} | ret=SUCCESS |  
2019-08-20 22:34:18,644 | INFO  | DNAudit | user=null | ip=null | op=WRITE_CHUNK {blockData=conID: 2 locID: 102651687806566865 bcsId: 0} | ret=SUCCESS |  
2019-08-20 22:34:18,646 | INFO  | DNAudit | user=null | ip=null | op=WRITE_CHUNK {blockData=conID: 2 locID: 102651687806566865 bcsId: 0} | ret=SUCCESS |  
2019-08-20 22:34:18,647 | INFO  | DNAudit | user=null | ip=null | op=WRITE_CHUNK {blockData=conID: 2 locID: 102651687806566865 bcsId: 0} | ret=SUCCESS |  
2019-08-20 22:34:18,651 | INFO  | DNAudit | user=null | ip=null | op=WRITE_CHUNK {blockData=conID: 2 locID: 102651687806566865 bcsId: 0} | ret=SUCCESS |  
2019-08-20 22:34:18,652 | INFO  | DNAudit | user=null | ip=null | op=PUT_BLOCK {blockData=[blockId=conID: 2 locID: 102651687806566865 bcsId: 0,size=1048576]} | ret=SUCCESS |  
2019-08-20 22:34:18,652 [grpc-default-executor-5] INFO  client.GrpcClientProtocolClient (GrpcClientProtocolClient.java:onNext(255)) - client-391BA870FC40->947ec526-030f-41cc-8af7-a6f75e712ab0: receive RaftClientReply:client-391BA870FC40->947ec526-030f-41cc-8af7-a6f75e712ab0@group-5D45C35602B2, cid=1216, SUCCESS, logIndex=1705, commits[947ec526-030f-41cc-8af7-a6f75e712ab0:c1706, c447b9b6-dde2-4ce7-aa81-d0e2eddc8fe9:c1704, 28b540ac-241d-462a-a56c-509e92928066:c1704]
2019-08-20 22:34:18,653 [grpc-default-executor-5] INFO  client.GrpcClientProtocolClient (GrpcClientProtocolClient.java:onNext(255)) - client-391BA870FC40->947ec526-030f-41cc-8af7-a6f75e712ab0: receive RaftClientReply:client-391BA870FC40->947ec526-030f-41cc-8af7-a6f75e712ab0@group-5D45C35602B2, cid=1217, SUCCESS, logIndex=1706, commits[947ec526-030f-41cc-8af7-a6f75e712ab0:c1706, c447b9b6-dde2-4ce7-aa81-d0e2eddc8fe9:c1704, 28b540ac-241d-462a-a56c-509e92928066:c1704]
2019-08-20 22:34:18,665 | INFO  | DNAudit | user=null | ip=null | op=WRITE_CHUNK {blockData=conID: 2 locID: 102651687806566865 bcsId: 0} | ret=SUCCESS |  
2019-08-20 22:34:18,665 | INFO  | DNAudit | user=null | ip=null | op=PUT_BLOCK {blockData=[blockId=conID: 2 locID: 102651687806566865 bcsId: 0,size=2097152]} | ret=SUCCESS |  
2019-08-20 22:34:18,665 [grpc-default-executor-5] INFO  client.GrpcClientProtocolClient (GrpcClientProtocolClient.java:onNext(255)) - client-391BA870FC40->947ec526-030f-41cc-8af7-a6f75e712ab0: receive RaftClientReply:client-391BA870FC40->947ec526-030f-41cc-8af7-a6f75e712ab0@group-5D45C35602B2, cid=1218, SUCCESS, logIndex=1707, commits[947ec526-030f-41cc-8af7-a6f75e712ab0:c1708, c447b9b6-dde2-4ce7-aa81-d0e2eddc8fe9:c1704, 28b540ac-241d-462a-a56c-509e92928066:c1704]
2019-08-20 22:34:18,665 [grpc-default-executor-5] INFO  client.GrpcClientProtocolClient (GrpcClientProtocolClient.java:onNext(255)) - client-391BA870FC40->947ec526-030f-41cc-8af7-a6f75e712ab0: receive RaftClientReply:client-391BA870FC40->947ec526-030f-41cc-8af7-a6f75e712ab0@group-5D45C35602B2, cid=1219, SUCCESS, logIndex=1708, commits[947ec526-030f-41cc-8af7-a6f75e712ab0:c1708, c447b9b6-dde2-4ce7-aa81-d0e2eddc8fe9:c1704, 28b540ac-241d-462a-a56c-509e92928066:c1704]
2019-08-20 22:34:18,677 | INFO  | DNAudit | user=null | ip=null | op=WRITE_CHUNK {blockData=conID: 2 locID: 102651687806566865 bcsId: 0} | ret=SUCCESS |  
2019-08-20 22:34:18,677 | INFO  | DNAudit | user=null | ip=null | op=PUT_BLOCK {blockData=[blockId=conID: 2 locID: 102651687806566865 bcsId: 0,size=1048576]} | ret=SUCCESS |  
2019-08-20 22:34:18,677 | INFO  | DNAudit | user=null | ip=null | op=WRITE_CHUNK {blockData=conID: 2 locID: 102651687806566865 bcsId: 0} | ret=SUCCESS |  
2019-08-20 22:34:18,678 | INFO  | DNAudit | user=null | ip=null | op=PUT_BLOCK {blockData=[blockId=conID: 2 locID: 102651687806566865 bcsId: 0,size=1048576]} | ret=SUCCESS |  
2019-08-20 22:34:18,678 [grpc-default-executor-5] INFO  client.GrpcClientProtocolClient (GrpcClientProtocolClient.java:onNext(255)) - client-391BA870FC40->947ec526-030f-41cc-8af7-a6f75e712ab0: receive RaftClientReply:client-391BA870FC40->947ec526-030f-41cc-8af7-a6f75e712ab0@group-5D45C35602B2, cid=1220, SUCCESS, logIndex=0, commits[947ec526-030f-41cc-8af7-a6f75e712ab0:c1710, c447b9b6-dde2-4ce7-aa81-d0e2eddc8fe9:c1706, 28b540ac-241d-462a-a56c-509e92928066:c1706]
2019-08-20 22:34:18,684 | INFO  | DNAudit | user=null | ip=null | op=WRITE_CHUNK {blockData=conID: 2 locID: 102651687806566865 bcsId: 1708} | ret=SUCCESS |  
2019-08-20 22:34:18,687 | INFO  | DNAudit | user=null | ip=null | op=WRITE_CHUNK {blockData=conID: 2 locID: 102651687806566865 bcsId: 1708} | ret=SUCCESS |  
2019-08-20 22:34:18,687 | INFO  | DNAudit | user=null | ip=null | op=WRITE_CHUNK {blockData=conID: 2 locID: 102651687806566865 bcsId: 1708} | ret=SUCCESS |  
2019-08-20 22:34:18,690 | INFO  | DNAudit | user=null | ip=null | op=WRITE_CHUNK {blockData=conID: 2 locID: 102651687806566865 bcsId: 0} | ret=SUCCESS |  
2019-08-20 22:34:18,690 | INFO  | DNAudit | user=null | ip=null | op=WRITE_CHUNK {blockData=conID: 2 locID: 102651687806566865 bcsId: 0} | ret=SUCCESS |  
2019-08-20 22:34:18,690 | INFO  | DNAudit | user=null | ip=null | op=PUT_BLOCK {blockData=[blockId=conID: 2 locID: 102651687806566865 bcsId: 0,size=2097152]} | ret=SUCCESS |  
2019-08-20 22:34:18,690 | INFO  | DNAudit | user=null | ip=null | op=PUT_BLOCK {blockData=[blockId=conID: 2 locID: 102651687806566865 bcsId: 0,size=2097152]} | ret=SUCCESS |  
2019-08-20 22:34:18,703 | INFO  | DNAudit | user=null | ip=null | op=WRITE_CHUNK {blockData=conID: 2 locID: 102651687806566865 bcsId: 1708} | ret=SUCCESS |  
2019-08-20 22:34:18,704 | INFO  | DNAudit | user=null | ip=null | op=PUT_BLOCK {blockData=[blockId=conID: 2 locID: 102651687806566865 bcsId: 0,size=3145728]} | ret=SUCCESS |  
2019-08-20 22:34:18,704 [grpc-default-executor-5] INFO  client.GrpcClientProtocolClient (GrpcClientProtocolClient.java:onNext(255)) - client-391BA870FC40->947ec526-030f-41cc-8af7-a6f75e712ab0: receive RaftClientReply:client-391BA870FC40->947ec526-030f-41cc-8af7-a6f75e712ab0@group-5D45C35602B2, cid=1221, SUCCESS, logIndex=1713, commits[947ec526-030f-41cc-8af7-a6f75e712ab0:c1714, c447b9b6-dde2-4ce7-aa81-d0e2eddc8fe9:c1710, 28b540ac-241d-462a-a56c-509e92928066:c1710]
2019-08-20 22:34:18,704 [grpc-default-executor-5] INFO  client.GrpcClientProtocolClient (GrpcClientProtocolClient.java:onNext(255)) - client-391BA870FC40->947ec526-030f-41cc-8af7-a6f75e712ab0: receive RaftClientReply:client-391BA870FC40->947ec526-030f-41cc-8af7-a6f75e712ab0@group-5D45C35602B2, cid=1222, SUCCESS, logIndex=1714, commits[947ec526-030f-41cc-8af7-a6f75e712ab0:c1714, c447b9b6-dde2-4ce7-aa81-d0e2eddc8fe9:c1710, 28b540ac-241d-462a-a56c-509e92928066:c1710]
2019-08-20 22:34:18,711 | INFO  | DNAudit | user=null | ip=null | op=WRITE_CHUNK {blockData=conID: 2 locID: 102651687806566865 bcsId: 1714} | ret=SUCCESS |  
2019-08-20 22:34:18,713 | INFO  | DNAudit | user=null | ip=null | op=WRITE_CHUNK {blockData=conID: 2 locID: 102651687806566865 bcsId: 1714} | ret=SUCCESS |  
2019-08-20 22:34:18,713 | INFO  | DNAudit | user=null | ip=null | op=WRITE_CHUNK {blockData=conID: 2 locID: 102651687806566865 bcsId: 1714} | ret=SUCCESS |  
2019-08-20 22:34:18,715 | INFO  | DNAudit | user=null | ip=null | op=WRITE_CHUNK {blockData=conID: 2 locID: 102651687806566865 bcsId: 1708} | ret=SUCCESS |  
2019-08-20 22:34:18,715 | INFO  | DNAudit | user=null | ip=null | op=WRITE_CHUNK {blockData=conID: 2 locID: 102651687806566865 bcsId: 1708} | ret=SUCCESS |  
2019-08-20 22:34:18,728 | INFO  | DNAudit | user=null | ip=null | op=PUT_BLOCK {blockData=[blockId=conID: 2 locID: 102651687806566865 bcsId: 0,size=3145728]} | ret=SUCCESS |  
2019-08-20 22:34:18,729 | INFO  | DNAudit | user=null | ip=null | op=PUT_BLOCK {blockData=[blockId=conID: 2 locID: 102651687806566865 bcsId: 0,size=3145728]} | ret=SUCCESS |  
2019-08-20 22:34:18,729 | INFO  | DNAudit | user=null | ip=null | op=WRITE_CHUNK {blockData=conID: 2 locID: 102651687806566865 bcsId: 1714} | ret=SUCCESS |  
2019-08-20 22:34:18,729 | INFO  | DNAudit | user=null | ip=null | op=PUT_BLOCK {blockData=[blockId=conID: 2 locID: 102651687806566865 bcsId: 0,size=4194304]} | ret=SUCCESS |  
2019-08-20 22:34:18,729 [grpc-default-executor-2] INFO  client.GrpcClientProtocolClient (GrpcClientProtocolClient.java:onNext(255)) - client-391BA870FC40->947ec526-030f-41cc-8af7-a6f75e712ab0: receive RaftClientReply:client-391BA870FC40->947ec526-030f-41cc-8af7-a6f75e712ab0@group-5D45C35602B2, cid=1223, SUCCESS, logIndex=1717, commits[947ec526-030f-41cc-8af7-a6f75e712ab0:c1717, c447b9b6-dde2-4ce7-aa81-d0e2eddc8fe9:c1714, 28b540ac-241d-462a-a56c-509e92928066:c1714]
2019-08-20 22:34:18,730 [grpc-default-executor-2] INFO  client.GrpcClientProtocolClient (GrpcClientProtocolClient.java:onNext(255)) - client-391BA870FC40->947ec526-030f-41cc-8af7-a6f75e712ab0: receive RaftClientReply:client-391BA870FC40->947ec526-030f-41cc-8af7-a6f75e712ab0@group-5D45C35602B2, cid=1224, SUCCESS, logIndex=1718, commits[947ec526-030f-41cc-8af7-a6f75e712ab0:c1718, c447b9b6-dde2-4ce7-aa81-d0e2eddc8fe9:c1714, 28b540ac-241d-462a-a56c-509e92928066:c1714]
2019-08-20 22:34:18,739 | INFO  | DNAudit | user=null | ip=null | op=WRITE_CHUNK {blockData=conID: 2 locID: 102651687806566865 bcsId: 1714} | ret=SUCCESS |  
2019-08-20 22:34:18,739 | INFO  | DNAudit | user=null | ip=null | op=WRITE_CHUNK {blockData=conID: 2 locID: 102651687806566865 bcsId: 1714} | ret=SUCCESS |  
2019-08-20 22:34:18,741 | INFO  | DNAudit | user=null | ip=null | op=PUT_BLOCK {blockData=[blockId=conID: 2 locID: 102651687806566865 bcsId: 0,size=4194304]} | ret=SUCCESS |  
2019-08-20 22:34:18,741 | INFO  | DNAudit | user=null | ip=null | op=PUT_BLOCK {blockData=[blockId=conID: 2 locID: 102651687806566865 bcsId: 0,size=4194304]} | ret=SUCCESS |  
2019-08-20 22:34:18,742 [grpc-default-executor-2] INFO  client.GrpcClientProtocolClient (GrpcClientProtocolClient.java:onNext(255)) - client-391BA870FC40->947ec526-030f-41cc-8af7-a6f75e712ab0: receive RaftClientReply:client-391BA870FC40->947ec526-030f-41cc-8af7-a6f75e712ab0@group-5D45C35602B2, cid=1225, SUCCESS, logIndex=0, commits[947ec526-030f-41cc-8af7-a6f75e712ab0:c1720, c447b9b6-dde2-4ce7-aa81-d0e2eddc8fe9:c1718, 28b540ac-241d-462a-a56c-509e92928066:c1718]
2019-08-20 22:34:18,747 | INFO  | DNAudit | user=null | ip=null | op=WRITE_CHUNK {blockData=conID: 3 locID: 102651687806566866 bcsId: 0} | ret=SUCCESS |  
2019-08-20 22:34:18,749 | INFO  | DNAudit | user=null | ip=null | op=WRITE_CHUNK {blockData=conID: 3 locID: 102651687806566866 bcsId: 0} | ret=SUCCESS |  
2019-08-20 22:34:18,750 | INFO  | DNAudit | user=null | ip=null | op=WRITE_CHUNK {blockData=conID: 3 locID: 102651687806566866 bcsId: 0} | ret=SUCCESS |  
2019-08-20 22:34:18,750 | INFO  | DNAudit | user=null | ip=null | op=WRITE_CHUNK {blockData=conID: 3 locID: 102651687806566866 bcsId: 0} | ret=SUCCESS |  
2019-08-20 22:34:18,751 | INFO  | DNAudit | user=null | ip=null | op=WRITE_CHUNK {blockData=conID: 3 locID: 102651687806566866 bcsId: 0} | ret=SUCCESS |  
2019-08-20 22:34:18,752 | INFO  | DNAudit | user=null | ip=null | op=PUT_BLOCK {blockData=[blockId=conID: 3 locID: 102651687806566866 bcsId: 0,size=1048576]} | ret=SUCCESS |  
2019-08-20 22:34:18,752 | INFO  | DNAudit | user=null | ip=null | op=WRITE_CHUNK {blockData=conID: 3 locID: 102651687806566866 bcsId: 0} | ret=SUCCESS |  
2019-08-20 22:34:18,752 | INFO  | DNAudit | user=null | ip=null | op=WRITE_CHUNK {blockData=conID: 3 locID: 102651687806566866 bcsId: 0} | ret=SUCCESS |  
2019-08-20 22:34:18,752 [grpc-default-executor-3] INFO  client.GrpcClientProtocolClient (GrpcClientProtocolClient.java:onNext(255)) - client-391BA870FC40->947ec526-030f-41cc-8af7-a6f75e712ab0: receive RaftClientReply:client-391BA870FC40->947ec526-030f-41cc-8af7-a6f75e712ab0@group-5D45C35602B2, cid=1226, SUCCESS, logIndex=1721, commits[947ec526-030f-41cc-8af7-a6f75e712ab0:c1722, c447b9b6-dde2-4ce7-aa81-d0e2eddc8fe9:c1720, 28b540ac-241d-462a-a56c-509e92928066:c1720]
2019-08-20 22:34:18,753 [grpc-default-executor-3] INFO  client.GrpcClientProtocolClient (GrpcClientProtocolClient.java:onNext(255)) - client-391BA870FC40->947ec526-030f-41cc-8af7-a6f75e712ab0: receive RaftClientReply:client-391BA870FC40->947ec526-030f-41cc-8af7-a6f75e712ab0@group-5D45C35602B2, cid=1227, SUCCESS, logIndex=1722, commits[947ec526-030f-41cc-8af7-a6f75e712ab0:c1722, c447b9b6-dde2-4ce7-aa81-d0e2eddc8fe9:c1720, 28b540ac-241d-462a-a56c-509e92928066:c1720]
2019-08-20 22:34:18,763 | INFO  | DNAudit | user=null | ip=null | op=WRITE_CHUNK {blockData=conID: 3 locID: 102651687806566866 bcsId: 0} | ret=SUCCESS |  
2019-08-20 22:34:18,763 | INFO  | DNAudit | user=null | ip=null | op=WRITE_CHUNK {blockData=conID: 3 locID: 102651687806566866 bcsId: 0} | ret=SUCCESS |  
2019-08-20 22:34:18,763 | INFO  | DNAudit | user=null | ip=null | op=PUT_BLOCK {blockData=[blockId=conID: 3 locID: 102651687806566866 bcsId: 0,size=1048576]} | ret=SUCCESS |  
2019-08-20 22:34:18,763 | INFO  | DNAudit | user=null | ip=null | op=PUT_BLOCK {blockData=[blockId=conID: 3 locID: 102651687806566866 bcsId: 0,size=2097152]} | ret=SUCCESS |  
2019-08-20 22:34:18,763 [grpc-default-executor-4] INFO  client.GrpcClientProtocolClient (GrpcClientProtocolClient.java:onNext(255)) - client-391BA870FC40->947ec526-030f-41cc-8af7-a6f75e712ab0: receive RaftClientReply:client-391BA870FC40->947ec526-030f-41cc-8af7-a6f75e712ab0@group-5D45C35602B2, cid=1228, SUCCESS, logIndex=1723, commits[947ec526-030f-41cc-8af7-a6f75e712ab0:c1724, c447b9b6-dde2-4ce7-aa81-d0e2eddc8fe9:c1721, 28b540ac-241d-462a-a56c-509e92928066:c1720]
2019-08-20 22:34:18,764 [grpc-default-executor-4] INFO  client.GrpcClientProtocolClient (GrpcClientProtocolClient.java:onNext(255)) - client-391BA870FC40->947ec526-030f-41cc-8af7-a6f75e712ab0: receive RaftClientReply:client-391BA870FC40->947ec526-030f-41cc-8af7-a6f75e712ab0@group-5D45C35602B2, cid=1229, SUCCESS, logIndex=1724, commits[947ec526-030f-41cc-8af7-a6f75e712ab0:c1724, c447b9b6-dde2-4ce7-aa81-d0e2eddc8fe9:c1722, 28b540ac-241d-462a-a56c-509e92928066:c1720]
2019-08-20 22:34:18,765 | INFO  | DNAudit | user=null | ip=null | op=WRITE_CHUNK {blockData=conID: 3 locID: 102651687806566866 bcsId: 0} | ret=SUCCESS |  
2019-08-20 22:34:18,765 | INFO  | DNAudit | user=null | ip=null | op=PUT_BLOCK {blockData=[blockId=conID: 3 locID: 102651687806566866 bcsId: 0,size=1048576]} | ret=SUCCESS |  
2019-08-20 22:34:18,765 [grpc-default-executor-4] INFO  client.GrpcClientProtocolClient (GrpcClientProtocolClient.java:onNext(255)) - client-391BA870FC40->947ec526-030f-41cc-8af7-a6f75e712ab0: receive RaftClientReply:client-391BA870FC40->947ec526-030f-41cc-8af7-a6f75e712ab0@group-5D45C35602B2, cid=1230, SUCCESS, logIndex=0, commits[947ec526-030f-41cc-8af7-a6f75e712ab0:c1726, c447b9b6-dde2-4ce7-aa81-d0e2eddc8fe9:c1722, 28b540ac-241d-462a-a56c-509e92928066:c1722]
2019-08-20 22:34:18,766 | INFO  | DNAudit | user=null | ip=null | op=WRITE_CHUNK {blockData=conID: 3 locID: 102651687806566866 bcsId: 0} | ret=SUCCESS |  
2019-08-20 22:34:18,767 | INFO  | DNAudit | user=null | ip=null | op=WRITE_CHUNK {blockData=conID: 3 locID: 102651687806566866 bcsId: 0} | ret=SUCCESS |  
2019-08-20 22:34:18,767 | INFO  | DNAudit | user=null | ip=null | op=PUT_BLOCK {blockData=[blockId=conID: 3 locID: 102651687806566866 bcsId: 0,size=2097152]} | ret=SUCCESS |  
2019-08-20 22:34:18,767 | INFO  | DNAudit | user=null | ip=null | op=PUT_BLOCK {blockData=[blockId=conID: 3 locID: 102651687806566866 bcsId: 0,size=2097152]} | ret=SUCCESS |  
2019-08-20 22:34:18,771 | INFO  | DNAudit | user=null | ip=null | op=WRITE_CHUNK {blockData=conID: 3 locID: 102651687806566866 bcsId: 1724} | ret=SUCCESS |  
2019-08-20 22:34:18,773 | INFO  | DNAudit | user=null | ip=null | op=WRITE_CHUNK {blockData=conID: 3 locID: 102651687806566866 bcsId: 1724} | ret=SUCCESS |  
2019-08-20 22:34:18,773 | INFO  | DNAudit | user=null | ip=null | op=WRITE_CHUNK {blockData=conID: 3 locID: 102651687806566866 bcsId: 1724} | ret=SUCCESS |  
2019-08-20 22:34:18,783 | INFO  | DNAudit | user=null | ip=null | op=WRITE_CHUNK {blockData=conID: 3 locID: 102651687806566866 bcsId: 1724} | ret=SUCCESS |  
2019-08-20 22:34:18,783 | INFO  | DNAudit | user=null | ip=null | op=PUT_BLOCK {blockData=[blockId=conID: 3 locID: 102651687806566866 bcsId: 0,size=3145728]} | ret=SUCCESS |  
2019-08-20 22:34:18,783 [grpc-default-executor-2] INFO  client.GrpcClientProtocolClient (GrpcClientProtocolClient.java:onNext(255)) - client-391BA870FC40->947ec526-030f-41cc-8af7-a6f75e712ab0: receive RaftClientReply:client-391BA870FC40->947ec526-030f-41cc-8af7-a6f75e712ab0@group-5D45C35602B2, cid=1231, SUCCESS, logIndex=1729, commits[947ec526-030f-41cc-8af7-a6f75e712ab0:c1730, c447b9b6-dde2-4ce7-aa81-d0e2eddc8fe9:c1728, 28b540ac-241d-462a-a56c-509e92928066:c1728]
2019-08-20 22:34:18,784 [grpc-default-executor-2] INFO  client.GrpcClientProtocolClient (GrpcClientProtocolClient.java:onNext(255)) - client-391BA870FC40->947ec526-030f-41cc-8af7-a6f75e712ab0: receive RaftClientReply:client-391BA870FC40->947ec526-030f-41cc-8af7-a6f75e712ab0@group-5D45C35602B2, cid=1232, SUCCESS, logIndex=1730, commits[947ec526-030f-41cc-8af7-a6f75e712ab0:c1730, c447b9b6-dde2-4ce7-aa81-d0e2eddc8fe9:c1728, 28b540ac-241d-462a-a56c-509e92928066:c1728]
2019-08-20 22:34:18,789 | INFO  | DNAudit | user=null | ip=null | op=WRITE_CHUNK {blockData=conID: 3 locID: 102651687806566866 bcsId: 1730} | ret=SUCCESS |  
2019-08-20 22:34:18,790 | INFO  | DNAudit | user=null | ip=null | op=WRITE_CHUNK {blockData=conID: 3 locID: 102651687806566866 bcsId: 1730} | ret=SUCCESS |  
2019-08-20 22:34:18,791 | INFO  | DNAudit | user=null | ip=null | op=WRITE_CHUNK {blockData=conID: 3 locID: 102651687806566866 bcsId: 1730} | ret=SUCCESS |  
2019-08-20 22:34:18,803 | INFO  | DNAudit | user=null | ip=null | op=WRITE_CHUNK {blockData=conID: 3 locID: 102651687806566866 bcsId: 1724} | ret=SUCCESS |  
2019-08-20 22:34:18,803 | INFO  | DNAudit | user=null | ip=null | op=WRITE_CHUNK {blockData=conID: 3 locID: 102651687806566866 bcsId: 1724} | ret=SUCCESS |  
2019-08-20 22:34:18,806 | INFO  | DNAudit | user=null | ip=null | op=PUT_BLOCK {blockData=[blockId=conID: 3 locID: 102651687806566866 bcsId: 0,size=3145728]} | ret=SUCCESS |  
2019-08-20 22:34:18,806 | INFO  | DNAudit | user=null | ip=null | op=PUT_BLOCK {blockData=[blockId=conID: 3 locID: 102651687806566866 bcsId: 0,size=3145728]} | ret=SUCCESS |  
2019-08-20 22:34:18,806 | INFO  | DNAudit | user=null | ip=null | op=WRITE_CHUNK {blockData=conID: 3 locID: 102651687806566866 bcsId: 1730} | ret=SUCCESS |  
2019-08-20 22:34:18,807 | INFO  | DNAudit | user=null | ip=null | op=PUT_BLOCK {blockData=[blockId=conID: 3 locID: 102651687806566866 bcsId: 0,size=4194304]} | ret=SUCCESS |  
2019-08-20 22:34:18,807 [grpc-default-executor-4] INFO  client.GrpcClientProtocolClient (GrpcClientProtocolClient.java:onNext(255)) - client-391BA870FC40->947ec526-030f-41cc-8af7-a6f75e712ab0: receive RaftClientReply:client-391BA870FC40->947ec526-030f-41cc-8af7-a6f75e712ab0@group-5D45C35602B2, cid=1233, SUCCESS, logIndex=1733, commits[947ec526-030f-41cc-8af7-a6f75e712ab0:c1734, c447b9b6-dde2-4ce7-aa81-d0e2eddc8fe9:c1730, 28b540ac-241d-462a-a56c-509e92928066:c1730]
2019-08-20 22:34:18,807 [grpc-default-executor-4] INFO  client.GrpcClientProtocolClient (GrpcClientProtocolClient.java:onNext(255)) - client-391BA870FC40->947ec526-030f-41cc-8af7-a6f75e712ab0: receive RaftClientReply:client-391BA870FC40->947ec526-030f-41cc-8af7-a6f75e712ab0@group-5D45C35602B2, cid=1234, SUCCESS, logIndex=1734, commits[947ec526-030f-41cc-8af7-a6f75e712ab0:c1734, c447b9b6-dde2-4ce7-aa81-d0e2eddc8fe9:c1730, 28b540ac-241d-462a-a56c-509e92928066:c1730]
2019-08-20 22:34:18,818 | INFO  | DNAudit | user=null | ip=null | op=WRITE_CHUNK {blockData=conID: 3 locID: 102651687806566866 bcsId: 1730} | ret=SUCCESS |  
2019-08-20 22:34:18,818 | INFO  | DNAudit | user=null | ip=null | op=WRITE_CHUNK {blockData=conID: 3 locID: 102651687806566866 bcsId: 1730} | ret=SUCCESS |  
2019-08-20 22:34:18,828 | INFO  | DNAudit | user=null | ip=null | op=PUT_BLOCK {blockData=[blockId=conID: 3 locID: 102651687806566866 bcsId: 0,size=4194304]} | ret=SUCCESS |  
2019-08-20 22:34:18,828 | INFO  | DNAudit | user=null | ip=null | op=PUT_BLOCK {blockData=[blockId=conID: 3 locID: 102651687806566866 bcsId: 0,size=4194304]} | ret=SUCCESS |  
2019-08-20 22:34:18,829 [grpc-default-executor-3] INFO  client.GrpcClientProtocolClient (GrpcClientProtocolClient.java:onNext(255)) - client-391BA870FC40->947ec526-030f-41cc-8af7-a6f75e712ab0: receive RaftClientReply:client-391BA870FC40->947ec526-030f-41cc-8af7-a6f75e712ab0@group-5D45C35602B2, cid=1235, SUCCESS, logIndex=0, commits[947ec526-030f-41cc-8af7-a6f75e712ab0:c1736, c447b9b6-dde2-4ce7-aa81-d0e2eddc8fe9:c1734, 28b540ac-241d-462a-a56c-509e92928066:c1734]
2019-08-20 22:34:18,840 | INFO  | SCMAudit | user=jenkins1000 | ip=192.168.5.142 | op=ALLOCATE_BLOCK {owner=6f694d07-2a2f-44d9-8e1c-aaa094a2f647, size=4194304, type=RATIS, factor=THREE} | ret=SUCCESS |  
2019-08-20 22:34:18,845 | INFO  | OMAudit | user=jenkins1000 | ip=127.0.0.1 | op=ALLOCATE_BLOCK {volume=vol-0-80747, bucket=bucket-0-27686, key=key-0-47435, dataSize=0, replicationType=null, replicationFactor=null, keyLocationInfo=null, clientID=102651687805452690} | ret=SUCCESS |  
2019-08-20 22:34:18,851 | INFO  | DNAudit | user=null | ip=null | op=WRITE_CHUNK {blockData=conID: 1 locID: 102651688310473171 bcsId: 0} | ret=SUCCESS |  
2019-08-20 22:34:18,854 | INFO  | DNAudit | user=null | ip=null | op=WRITE_CHUNK {blockData=conID: 1 locID: 102651688310473171 bcsId: 0} | ret=SUCCESS |  
2019-08-20 22:34:18,854 | INFO  | DNAudit | user=null | ip=null | op=WRITE_CHUNK {blockData=conID: 1 locID: 102651688310473171 bcsId: 0} | ret=SUCCESS |  
2019-08-20 22:34:18,854 | INFO  | DNAudit | user=null | ip=null | op=WRITE_CHUNK {blockData=conID: 1 locID: 102651688310473171 bcsId: 0} | ret=SUCCESS |  
2019-08-20 22:34:18,855 | INFO  | DNAudit | user=null | ip=null | op=WRITE_CHUNK {blockData=conID: 1 locID: 102651688310473171 bcsId: 0} | ret=SUCCESS |  
2019-08-20 22:34:18,855 | INFO  | DNAudit | user=null | ip=null | op=WRITE_CHUNK {blockData=conID: 1 locID: 102651688310473171 bcsId: 0} | ret=SUCCESS |  
2019-08-20 22:34:18,864 | INFO  | DNAudit | user=null | ip=null | op=WRITE_CHUNK {blockData=conID: 1 locID: 102651688310473171 bcsId: 0} | ret=SUCCESS |  
2019-08-20 22:34:18,864 | INFO  | DNAudit | user=null | ip=null | op=PUT_BLOCK {blockData=[blockId=conID: 1 locID: 102651688310473171 bcsId: 0,size=1048576]} | ret=SUCCESS |  
2019-08-20 22:34:18,864 | INFO  | DNAudit | user=null | ip=null | op=WRITE_CHUNK {blockData=conID: 1 locID: 102651688310473171 bcsId: 0} | ret=SUCCESS |  
2019-08-20 22:34:18,864 [grpc-default-executor-3] INFO  client.GrpcClientProtocolClient (GrpcClientProtocolClient.java:onNext(255)) - client-391BA870FC40->947ec526-030f-41cc-8af7-a6f75e712ab0: receive RaftClientReply:client-391BA870FC40->947ec526-030f-41cc-8af7-a6f75e712ab0@group-5D45C35602B2, cid=1236, SUCCESS, logIndex=1737, commits[947ec526-030f-41cc-8af7-a6f75e712ab0:c1739, c447b9b6-dde2-4ce7-aa81-d0e2eddc8fe9:c1736, 28b540ac-241d-462a-a56c-509e92928066:c1736]
2019-08-20 22:34:18,864 | INFO  | DNAudit | user=null | ip=null | op=PUT_BLOCK {blockData=[blockId=conID: 1 locID: 102651688310473171 bcsId: 0,size=2097152]} | ret=SUCCESS |  
2019-08-20 22:34:18,865 [grpc-default-executor-3] INFO  client.GrpcClientProtocolClient (GrpcClientProtocolClient.java:onNext(255)) - client-391BA870FC40->947ec526-030f-41cc-8af7-a6f75e712ab0: receive RaftClientReply:client-391BA870FC40->947ec526-030f-41cc-8af7-a6f75e712ab0@group-5D45C35602B2, cid=1237, SUCCESS, logIndex=1738, commits[947ec526-030f-41cc-8af7-a6f75e712ab0:c1740, c447b9b6-dde2-4ce7-aa81-d0e2eddc8fe9:c1736, 28b540ac-241d-462a-a56c-509e92928066:c1736]
2019-08-20 22:34:18,865 [grpc-default-executor-3] INFO  client.GrpcClientProtocolClient (GrpcClientProtocolClient.java:onNext(255)) - client-391BA870FC40->947ec526-030f-41cc-8af7-a6f75e712ab0: receive RaftClientReply:client-391BA870FC40->947ec526-030f-41cc-8af7-a6f75e712ab0@group-5D45C35602B2, cid=1238, SUCCESS, logIndex=1739, commits[947ec526-030f-41cc-8af7-a6f75e712ab0:c1740, c447b9b6-dde2-4ce7-aa81-d0e2eddc8fe9:c1736, 28b540ac-241d-462a-a56c-509e92928066:c1736]
2019-08-20 22:34:18,865 [grpc-default-executor-3] INFO  client.GrpcClientProtocolClient (GrpcClientProtocolClient.java:onNext(255)) - client-391BA870FC40->947ec526-030f-41cc-8af7-a6f75e712ab0: receive RaftClientReply:client-391BA870FC40->947ec526-030f-41cc-8af7-a6f75e712ab0@group-5D45C35602B2, cid=1239, SUCCESS, logIndex=1740, commits[947ec526-030f-41cc-8af7-a6f75e712ab0:c1740, c447b9b6-dde2-4ce7-aa81-d0e2eddc8fe9:c1736, 28b540ac-241d-462a-a56c-509e92928066:c1736]
2019-08-20 22:34:18,866 | INFO  | DNAudit | user=null | ip=null | op=WRITE_CHUNK {blockData=conID: 1 locID: 102651688310473171 bcsId: 0} | ret=SUCCESS |  
2019-08-20 22:34:18,867 | INFO  | DNAudit | user=null | ip=null | op=WRITE_CHUNK {blockData=conID: 1 locID: 102651688310473171 bcsId: 0} | ret=SUCCESS |  
2019-08-20 22:34:18,878 | INFO  | DNAudit | user=null | ip=null | op=PUT_BLOCK {blockData=[blockId=conID: 1 locID: 102651688310473171 bcsId: 0,size=1048576]} | ret=SUCCESS |  
2019-08-20 22:34:18,878 | INFO  | DNAudit | user=null | ip=null | op=PUT_BLOCK {blockData=[blockId=conID: 1 locID: 102651688310473171 bcsId: 0,size=1048576]} | ret=SUCCESS |  
2019-08-20 22:34:18,878 | INFO  | DNAudit | user=null | ip=null | op=WRITE_CHUNK {blockData=conID: 1 locID: 102651688310473171 bcsId: 0} | ret=SUCCESS |  
2019-08-20 22:34:18,878 | INFO  | DNAudit | user=null | ip=null | op=WRITE_CHUNK {blockData=conID: 1 locID: 102651688310473171 bcsId: 0} | ret=SUCCESS |  
2019-08-20 22:34:18,878 | INFO  | DNAudit | user=null | ip=null | op=PUT_BLOCK {blockData=[blockId=conID: 1 locID: 102651688310473171 bcsId: 0,size=2097152]} | ret=SUCCESS |  
2019-08-20 22:34:18,878 | INFO  | DNAudit | user=null | ip=null | op=PUT_BLOCK {blockData=[blockId=conID: 1 locID: 102651688310473171 bcsId: 0,size=2097152]} | ret=SUCCESS |  
2019-08-20 22:34:18,879 [grpc-default-executor-4] INFO  client.GrpcClientProtocolClient (GrpcClientProtocolClient.java:onNext(255)) - client-391BA870FC40->947ec526-030f-41cc-8af7-a6f75e712ab0: receive RaftClientReply:client-391BA870FC40->947ec526-030f-41cc-8af7-a6f75e712ab0@group-5D45C35602B2, cid=1240, SUCCESS, logIndex=0, commits[947ec526-030f-41cc-8af7-a6f75e712ab0:c1742, c447b9b6-dde2-4ce7-aa81-d0e2eddc8fe9:c1738, 28b540ac-241d-462a-a56c-509e92928066:c1738]
2019-08-20 22:34:18,884 | INFO  | DNAudit | user=null | ip=null | op=WRITE_CHUNK {blockData=conID: 1 locID: 102651688310473171 bcsId: 1740} | ret=SUCCESS |  
2019-08-20 22:34:18,886 | INFO  | DNAudit | user=null | ip=null | op=WRITE_CHUNK {blockData=conID: 1 locID: 102651688310473171 bcsId: 1740} | ret=SUCCESS |  
2019-08-20 22:34:18,886 | INFO  | DNAudit | user=null | ip=null | op=WRITE_CHUNK {blockData=conID: 1 locID: 102651688310473171 bcsId: 1740} | ret=SUCCESS |  
2019-08-20 22:34:18,898 | INFO  | DNAudit | user=null | ip=null | op=WRITE_CHUNK {blockData=conID: 1 locID: 102651688310473171 bcsId: 1740} | ret=SUCCESS |  
2019-08-20 22:34:18,899 | INFO  | DNAudit | user=null | ip=null | op=PUT_BLOCK {blockData=[blockId=conID: 1 locID: 102651688310473171 bcsId: 0,size=3145728]} | ret=SUCCESS |  
2019-08-20 22:34:18,899 [grpc-default-executor-4] INFO  client.GrpcClientProtocolClient (GrpcClientProtocolClient.java:onNext(255)) - client-391BA870FC40->947ec526-030f-41cc-8af7-a6f75e712ab0: receive RaftClientReply:client-391BA870FC40->947ec526-030f-41cc-8af7-a6f75e712ab0@group-5D45C35602B2, cid=1241, SUCCESS, logIndex=1745, commits[947ec526-030f-41cc-8af7-a6f75e712ab0:c1746, c447b9b6-dde2-4ce7-aa81-d0e2eddc8fe9:c1744, 28b540ac-241d-462a-a56c-509e92928066:c1744]
2019-08-20 22:34:18,899 [grpc-default-executor-4] INFO  client.GrpcClientProtocolClient (GrpcClientProtocolClient.java:onNext(255)) - client-391BA870FC40->947ec526-030f-41cc-8af7-a6f75e712ab0: receive RaftClientReply:client-391BA870FC40->947ec526-030f-41cc-8af7-a6f75e712ab0@group-5D45C35602B2, cid=1242, SUCCESS, logIndex=1746, commits[947ec526-030f-41cc-8af7-a6f75e712ab0:c1746, c447b9b6-dde2-4ce7-aa81-d0e2eddc8fe9:c1744, 28b540ac-241d-462a-a56c-509e92928066:c1744]
2019-08-20 22:34:18,905 | INFO  | DNAudit | user=null | ip=null | op=WRITE_CHUNK {blockData=conID: 1 locID: 102651688310473171 bcsId: 1746} | ret=SUCCESS |  
2019-08-20 22:34:18,907 | INFO  | DNAudit | user=null | ip=null | op=WRITE_CHUNK {blockData=conID: 1 locID: 102651688310473171 bcsId: 1746} | ret=SUCCESS |  
2019-08-20 22:34:18,907 | INFO  | DNAudit | user=null | ip=null | op=WRITE_CHUNK {blockData=conID: 1 locID: 102651688310473171 bcsId: 1746} | ret=SUCCESS |  
2019-08-20 22:34:18,911 | INFO  | DNAudit | user=null | ip=null | op=WRITE_CHUNK {blockData=conID: 1 locID: 102651688310473171 bcsId: 1740} | ret=SUCCESS |  
2019-08-20 22:34:18,911 | INFO  | DNAudit | user=null | ip=null | op=WRITE_CHUNK {blockData=conID: 1 locID: 102651688310473171 bcsId: 1740} | ret=SUCCESS |  
2019-08-20 22:34:18,924 | INFO  | DNAudit | user=null | ip=null | op=PUT_BLOCK {blockData=[blockId=conID: 1 locID: 102651688310473171 bcsId: 0,size=3145728]} | ret=SUCCESS |  
2019-08-20 22:34:18,924 | INFO  | DNAudit | user=null | ip=null | op=PUT_BLOCK {blockData=[blockId=conID: 1 locID: 102651688310473171 bcsId: 0,size=3145728]} | ret=SUCCESS |  
2019-08-20 22:34:18,925 | INFO  | DNAudit | user=null | ip=null | op=WRITE_CHUNK {blockData=conID: 1 locID: 102651688310473171 bcsId: 1746} | ret=SUCCESS |  
2019-08-20 22:34:18,925 | INFO  | DNAudit | user=null | ip=null | op=PUT_BLOCK {blockData=[blockId=conID: 1 locID: 102651688310473171 bcsId: 0,size=4194304]} | ret=SUCCESS |  
2019-08-20 22:34:18,925 [grpc-default-executor-4] INFO  client.GrpcClientProtocolClient (GrpcClientProtocolClient.java:onNext(255)) - client-391BA870FC40->947ec526-030f-41cc-8af7-a6f75e712ab0: receive RaftClientReply:client-391BA870FC40->947ec526-030f-41cc-8af7-a6f75e712ab0@group-5D45C35602B2, cid=1243, SUCCESS, logIndex=1749, commits[947ec526-030f-41cc-8af7-a6f75e712ab0:c1750, c447b9b6-dde2-4ce7-aa81-d0e2eddc8fe9:c1746, 28b540ac-241d-462a-a56c-509e92928066:c1746]
2019-08-20 22:34:18,925 [grpc-default-executor-4] INFO  client.GrpcClientProtocolClient (GrpcClientProtocolClient.java:onNext(255)) - client-391BA870FC40->947ec526-030f-41cc-8af7-a6f75e712ab0: receive RaftClientReply:client-391BA870FC40->947ec526-030f-41cc-8af7-a6f75e712ab0@group-5D45C35602B2, cid=1244, SUCCESS, logIndex=1750, commits[947ec526-030f-41cc-8af7-a6f75e712ab0:c1750, c447b9b6-dde2-4ce7-aa81-d0e2eddc8fe9:c1746, 28b540ac-241d-462a-a56c-509e92928066:c1746]
2019-08-20 22:34:18,938 | INFO  | DNAudit | user=null | ip=null | op=WRITE_CHUNK {blockData=conID: 1 locID: 102651688310473171 bcsId: 1746} | ret=SUCCESS |  
2019-08-20 22:34:18,938 | INFO  | DNAudit | user=null | ip=null | op=WRITE_CHUNK {blockData=conID: 1 locID: 102651688310473171 bcsId: 1746} | ret=SUCCESS |  
2019-08-20 22:34:18,938 | INFO  | DNAudit | user=null | ip=null | op=PUT_BLOCK {blockData=[blockId=conID: 1 locID: 102651688310473171 bcsId: 0,size=4194304]} | ret=SUCCESS |  
2019-08-20 22:34:18,938 | INFO  | DNAudit | user=null | ip=null | op=PUT_BLOCK {blockData=[blockId=conID: 1 locID: 102651688310473171 bcsId: 0,size=4194304]} | ret=SUCCESS |  
2019-08-20 22:34:18,938 [grpc-default-executor-3] INFO  client.GrpcClientProtocolClient (GrpcClientProtocolClient.java:onNext(255)) - client-391BA870FC40->947ec526-030f-41cc-8af7-a6f75e712ab0: receive RaftClientReply:client-391BA870FC40->947ec526-030f-41cc-8af7-a6f75e712ab0@group-5D45C35602B2, cid=1245, SUCCESS, logIndex=0, commits[947ec526-030f-41cc-8af7-a6f75e712ab0:c1751, c447b9b6-dde2-4ce7-aa81-d0e2eddc8fe9:c1750, 28b540ac-241d-462a-a56c-509e92928066:c1750]
2019-08-20 22:34:18,943 | INFO  | SCMAudit | user=jenkins1000 | ip=192.168.5.142 | op=ALLOCATE_BLOCK {owner=6f694d07-2a2f-44d9-8e1c-aaa094a2f647, size=4194304, type=RATIS, factor=THREE} | ret=SUCCESS |  
2019-08-20 22:34:18,947 | INFO  | OMAudit | user=jenkins1000 | ip=127.0.0.1 | op=ALLOCATE_BLOCK {volume=vol-0-80747, bucket=bucket-0-27686, key=key-0-47435, dataSize=0, replicationType=null, replicationFactor=null, keyLocationInfo=null, clientID=102651687805452690} | ret=SUCCESS |  
2019-08-20 22:34:18,952 | INFO  | DNAudit | user=null | ip=null | op=WRITE_CHUNK {blockData=conID: 2 locID: 102651688317223380 bcsId: 0} | ret=SUCCESS |  
2019-08-20 22:34:18,954 | INFO  | DNAudit | user=null | ip=null | op=WRITE_CHUNK {blockData=conID: 2 locID: 102651688317223380 bcsId: 0} | ret=SUCCESS |  
2019-08-20 22:34:18,954 | INFO  | DNAudit | user=null | ip=null | op=WRITE_CHUNK {blockData=conID: 2 locID: 102651688317223380 bcsId: 0} | ret=SUCCESS |  
2019-08-20 22:34:18,955 | INFO  | DNAudit | user=null | ip=null | op=WRITE_CHUNK {blockData=conID: 2 locID: 102651688317223380 bcsId: 0} | ret=SUCCESS |  
2019-08-20 22:34:18,957 | INFO  | DNAudit | user=null | ip=null | op=WRITE_CHUNK {blockData=conID: 2 locID: 102651688317223380 bcsId: 0} | ret=SUCCESS |  
2019-08-20 22:34:18,957 | INFO  | DNAudit | user=null | ip=null | op=WRITE_CHUNK {blockData=conID: 2 locID: 102651688317223380 bcsId: 0} | ret=SUCCESS |  
2019-08-20 22:34:18,966 | INFO  | DNAudit | user=null | ip=null | op=WRITE_CHUNK {blockData=conID: 2 locID: 102651688317223380 bcsId: 0} | ret=SUCCESS |  
2019-08-20 22:34:18,966 | INFO  | DNAudit | user=null | ip=null | op=PUT_BLOCK {blockData=[blockId=conID: 2 locID: 102651688317223380 bcsId: 0,size=1048576]} | ret=SUCCESS |  
2019-08-20 22:34:18,966 [grpc-default-executor-4] INFO  client.GrpcClientProtocolClient (GrpcClientProtocolClient.java:onNext(255)) - client-391BA870FC40->947ec526-030f-41cc-8af7-a6f75e712ab0: receive RaftClientReply:client-391BA870FC40->947ec526-030f-41cc-8af7-a6f75e712ab0@group-5D45C35602B2, cid=1246, SUCCESS, logIndex=1753, commits[947ec526-030f-41cc-8af7-a6f75e712ab0:c1754, c447b9b6-dde2-4ce7-aa81-d0e2eddc8fe9:c1752, 28b540ac-241d-462a-a56c-509e92928066:c1752]
2019-08-20 22:34:18,967 [grpc-default-executor-4] INFO  client.GrpcClientProtocolClient (GrpcClientProtocolClient.java:onNext(255)) - client-391BA870FC40->947ec526-030f-41cc-8af7-a6f75e712ab0: receive RaftClientReply:client-391BA870FC40->947ec526-030f-41cc-8af7-a6f75e712ab0@group-5D45C35602B2, cid=1247, SUCCESS, logIndex=1754, commits[947ec526-030f-41cc-8af7-a6f75e712ab0:c1754, c447b9b6-dde2-4ce7-aa81-d0e2eddc8fe9:c1752, 28b540ac-241d-462a-a56c-509e92928066:c1752]
2019-08-20 22:34:18,979 | INFO  | DNAudit | user=null | ip=null | op=WRITE_CHUNK {blockData=conID: 2 locID: 102651688317223380 bcsId: 0} | ret=SUCCESS |  
2019-08-20 22:34:18,981 | INFO  | DNAudit | user=null | ip=null | op=PUT_BLOCK {blockData=[blockId=conID: 2 locID: 102651688317223380 bcsId: 0,size=2097152]} | ret=SUCCESS |  
2019-08-20 22:34:18,981 [grpc-default-executor-3] INFO  client.GrpcClientProtocolClient (GrpcClientProtocolClient.java:onNext(255)) - client-391BA870FC40->947ec526-030f-41cc-8af7-a6f75e712ab0: receive RaftClientReply:client-391BA870FC40->947ec526-030f-41cc-8af7-a6f75e712ab0@group-5D45C35602B2, cid=1248, SUCCESS, logIndex=1755, commits[947ec526-030f-41cc-8af7-a6f75e712ab0:c1756, c447b9b6-dde2-4ce7-aa81-d0e2eddc8fe9:c1752, 28b540ac-241d-462a-a56c-509e92928066:c1752]
2019-08-20 22:34:18,982 [grpc-default-executor-3] INFO  client.GrpcClientProtocolClient (GrpcClientProtocolClient.java:onNext(255)) - client-391BA870FC40->947ec526-030f-41cc-8af7-a6f75e712ab0: receive RaftClientReply:client-391BA870FC40->947ec526-030f-41cc-8af7-a6f75e712ab0@group-5D45C35602B2, cid=1249, SUCCESS, logIndex=1756, commits[947ec526-030f-41cc-8af7-a6f75e712ab0:c1756, c447b9b6-dde2-4ce7-aa81-d0e2eddc8fe9:c1752, 28b540ac-241d-462a-a56c-509e92928066:c1752]
2019-08-20 22:34:18,998 | INFO  | DNAudit | user=null | ip=null | op=WRITE_CHUNK {blockData=conID: 2 locID: 102651688317223380 bcsId: 0} | ret=SUCCESS |  
2019-08-20 22:34:18,998 | INFO  | DNAudit | user=null | ip=null | op=WRITE_CHUNK {blockData=conID: 2 locID: 102651688317223380 bcsId: 0} | ret=SUCCESS |  
2019-08-20 22:34:18,999 | INFO  | DNAudit | user=null | ip=null | op=PUT_BLOCK {blockData=[blockId=conID: 2 locID: 102651688317223380 bcsId: 0,size=1048576]} | ret=SUCCESS |  
2019-08-20 22:34:18,999 | INFO  | DNAudit | user=null | ip=null | op=PUT_BLOCK {blockData=[blockId=conID: 2 locID: 102651688317223380 bcsId: 0,size=1048576]} | ret=SUCCESS |  
2019-08-20 22:34:18,999 | INFO  | DNAudit | user=null | ip=null | op=WRITE_CHUNK {blockData=conID: 2 locID: 102651688317223380 bcsId: 0} | ret=SUCCESS |  
2019-08-20 22:34:18,999 | INFO  | DNAudit | user=null | ip=null | op=WRITE_CHUNK {blockData=conID: 2 locID: 102651688317223380 bcsId: 0} | ret=SUCCESS |  
2019-08-20 22:34:19,000 | INFO  | DNAudit | user=null | ip=null | op=PUT_BLOCK {blockData=[blockId=conID: 2 locID: 102651688317223380 bcsId: 0,size=2097152]} | ret=SUCCESS |  
2019-08-20 22:34:19,000 | INFO  | DNAudit | user=null | ip=null | op=PUT_BLOCK {blockData=[blockId=conID: 2 locID: 102651688317223380 bcsId: 0,size=2097152]} | ret=SUCCESS |  
2019-08-20 22:34:19,000 [grpc-default-executor-3] INFO  client.GrpcClientProtocolClient (GrpcClientProtocolClient.java:onNext(255)) - client-391BA870FC40->947ec526-030f-41cc-8af7-a6f75e712ab0: receive RaftClientReply:client-391BA870FC40->947ec526-030f-41cc-8af7-a6f75e712ab0@group-5D45C35602B2, cid=1250, SUCCESS, logIndex=0, commits[947ec526-030f-41cc-8af7-a6f75e712ab0:c1758, c447b9b6-dde2-4ce7-aa81-d0e2eddc8fe9:c1754, 28b540ac-241d-462a-a56c-509e92928066:c1754]
2019-08-20 22:34:19,007 | INFO  | DNAudit | user=null | ip=null | op=WRITE_CHUNK {blockData=conID: 2 locID: 102651688317223380 bcsId: 1756} | ret=SUCCESS |  
2019-08-20 22:34:19,009 | INFO  | DNAudit | user=null | ip=null | op=WRITE_CHUNK {blockData=conID: 2 locID: 102651688317223380 bcsId: 1756} | ret=SUCCESS |  
2019-08-20 22:34:19,010 | INFO  | DNAudit | user=null | ip=null | op=WRITE_CHUNK {blockData=conID: 2 locID: 102651688317223380 bcsId: 1756} | ret=SUCCESS |  
2019-08-20 22:34:19,020 | INFO  | DNAudit | user=null | ip=null | op=WRITE_CHUNK {blockData=conID: 2 locID: 102651688317223380 bcsId: 1756} | ret=SUCCESS |  
2019-08-20 22:34:19,020 | INFO  | DNAudit | user=null | ip=null | op=PUT_BLOCK {blockData=[blockId=conID: 2 locID: 102651688317223380 bcsId: 0,size=3145728]} | ret=SUCCESS |  
2019-08-20 22:34:19,020 [grpc-default-executor-3] INFO  client.GrpcClientProtocolClient (GrpcClientProtocolClient.java:onNext(255)) - client-391BA870FC40->947ec526-030f-41cc-8af7-a6f75e712ab0: receive RaftClientReply:client-391BA870FC40->947ec526-030f-41cc-8af7-a6f75e712ab0@group-5D45C35602B2, cid=1251, SUCCESS, logIndex=1761, commits[947ec526-030f-41cc-8af7-a6f75e712ab0:c1762, c447b9b6-dde2-4ce7-aa81-d0e2eddc8fe9:c1760, 28b540ac-241d-462a-a56c-509e92928066:c1760]
2019-08-20 22:34:19,021 [grpc-default-executor-3] INFO  client.GrpcClientProtocolClient (GrpcClientProtocolClient.java:onNext(255)) - client-391BA870FC40->947ec526-030f-41cc-8af7-a6f75e712ab0: receive RaftClientReply:client-391BA870FC40->947ec526-030f-41cc-8af7-a6f75e712ab0@group-5D45C35602B2, cid=1252, SUCCESS, logIndex=1762, commits[947ec526-030f-41cc-8af7-a6f75e712ab0:c1762, c447b9b6-dde2-4ce7-aa81-d0e2eddc8fe9:c1760, 28b540ac-241d-462a-a56c-509e92928066:c1760]
2019-08-20 22:34:19,026 | INFO  | DNAudit | user=null | ip=null | op=WRITE_CHUNK {blockData=conID: 2 locID: 102651688317223380 bcsId: 1762} | ret=SUCCESS |  
2019-08-20 22:34:19,027 | INFO  | DNAudit | user=null | ip=null | op=WRITE_CHUNK {blockData=conID: 2 locID: 102651688317223380 bcsId: 1762} | ret=SUCCESS |  
2019-08-20 22:34:19,028 | INFO  | DNAudit | user=null | ip=null | op=WRITE_CHUNK {blockData=conID: 2 locID: 102651688317223380 bcsId: 1762} | ret=SUCCESS |  
2019-08-20 22:34:19,030 | INFO  | DNAudit | user=null | ip=null | op=WRITE_CHUNK {blockData=conID: 2 locID: 102651688317223380 bcsId: 1756} | ret=SUCCESS |  
2019-08-20 22:34:19,030 | INFO  | DNAudit | user=null | ip=null | op=WRITE_CHUNK {blockData=conID: 2 locID: 102651688317223380 bcsId: 1756} | ret=SUCCESS |  
2019-08-20 22:34:19,033 | INFO  | DNAudit | user=null | ip=null | op=PUT_BLOCK {blockData=[blockId=conID: 2 locID: 102651688317223380 bcsId: 0,size=3145728]} | ret=SUCCESS |  
2019-08-20 22:34:19,033 | INFO  | DNAudit | user=null | ip=null | op=PUT_BLOCK {blockData=[blockId=conID: 2 locID: 102651688317223380 bcsId: 0,size=3145728]} | ret=SUCCESS |  
2019-08-20 22:34:19,033 | INFO  | DNAudit | user=null | ip=null | op=WRITE_CHUNK {blockData=conID: 2 locID: 102651688317223380 bcsId: 1762} | ret=SUCCESS |  
2019-08-20 22:34:19,034 | INFO  | DNAudit | user=null | ip=null | op=PUT_BLOCK {blockData=[blockId=conID: 2 locID: 102651688317223380 bcsId: 0,size=4194304]} | ret=SUCCESS |  
2019-08-20 22:34:19,034 [grpc-default-executor-4] INFO  client.GrpcClientProtocolClient (GrpcClientProtocolClient.java:onNext(255)) - client-391BA870FC40->947ec526-030f-41cc-8af7-a6f75e712ab0: receive RaftClientReply:client-391BA870FC40->947ec526-030f-41cc-8af7-a6f75e712ab0@group-5D45C35602B2, cid=1253, SUCCESS, logIndex=1765, commits[947ec526-030f-41cc-8af7-a6f75e712ab0:c1766, c447b9b6-dde2-4ce7-aa81-d0e2eddc8fe9:c1762, 28b540ac-241d-462a-a56c-509e92928066:c1762]
2019-08-20 22:34:19,034 [grpc-default-executor-4] INFO  client.GrpcClientProtocolClient (GrpcClientProtocolClient.java:onNext(255)) - client-391BA870FC40->947ec526-030f-41cc-8af7-a6f75e712ab0: receive RaftClientReply:client-391BA870FC40->947ec526-030f-41cc-8af7-a6f75e712ab0@group-5D45C35602B2, cid=1254, SUCCESS, logIndex=1766, commits[947ec526-030f-41cc-8af7-a6f75e712ab0:c1766, c447b9b6-dde2-4ce7-aa81-d0e2eddc8fe9:c1762, 28b540ac-241d-462a-a56c-509e92928066:c1762]
2019-08-20 22:34:19,053 | INFO  | DNAudit | user=null | ip=null | op=WRITE_CHUNK {blockData=conID: 2 locID: 102651688317223380 bcsId: 1762} | ret=SUCCESS |  
2019-08-20 22:34:19,053 | INFO  | DNAudit | user=null | ip=null | op=WRITE_CHUNK {blockData=conID: 2 locID: 102651688317223380 bcsId: 1762} | ret=SUCCESS |  
2019-08-20 22:34:19,056 | INFO  | DNAudit | user=null | ip=null | op=PUT_BLOCK {blockData=[blockId=conID: 2 locID: 102651688317223380 bcsId: 0,size=4194304]} | ret=SUCCESS |  
2019-08-20 22:34:19,056 | INFO  | DNAudit | user=null | ip=null | op=PUT_BLOCK {blockData=[blockId=conID: 2 locID: 102651688317223380 bcsId: 0,size=4194304]} | ret=SUCCESS |  
2019-08-20 22:34:19,056 [grpc-default-executor-4] INFO  client.GrpcClientProtocolClient (GrpcClientProtocolClient.java:onNext(255)) - client-391BA870FC40->947ec526-030f-41cc-8af7-a6f75e712ab0: receive RaftClientReply:client-391BA870FC40->947ec526-030f-41cc-8af7-a6f75e712ab0@group-5D45C35602B2, cid=1255, SUCCESS, logIndex=0, commits[947ec526-030f-41cc-8af7-a6f75e712ab0:c1768, c447b9b6-dde2-4ce7-aa81-d0e2eddc8fe9:c1766, 28b540ac-241d-462a-a56c-509e92928066:c1766]
2019-08-20 22:34:19,060 | INFO  | SCMAudit | user=jenkins1000 | ip=192.168.5.142 | op=ALLOCATE_BLOCK {owner=6f694d07-2a2f-44d9-8e1c-aaa094a2f647, size=4194304, type=RATIS, factor=THREE} | ret=SUCCESS |  
2019-08-20 22:34:19,062 | INFO  | OMAudit | user=jenkins1000 | ip=127.0.0.1 | op=ALLOCATE_BLOCK {volume=vol-0-80747, bucket=bucket-0-27686, key=key-0-47435, dataSize=0, replicationType=null, replicationFactor=null, keyLocationInfo=null, clientID=102651687805452690} | ret=SUCCESS |  
2019-08-20 22:34:19,068 | INFO  | DNAudit | user=null | ip=null | op=WRITE_CHUNK {blockData=conID: 3 locID: 102651688324956629 bcsId: 0} | ret=SUCCESS |  
2019-08-20 22:34:19,070 | INFO  | DNAudit | user=null | ip=null | op=WRITE_CHUNK {blockData=conID: 3 locID: 102651688324956629 bcsId: 0} | ret=SUCCESS |  
2019-08-20 22:34:19,071 | INFO  | DNAudit | user=null | ip=null | op=WRITE_CHUNK {blockData=conID: 3 locID: 102651688324956629 bcsId: 0} | ret=SUCCESS |  
2019-08-20 22:34:19,071 | INFO  | DNAudit | user=null | ip=null | op=WRITE_CHUNK {blockData=conID: 3 locID: 102651688324956629 bcsId: 0} | ret=SUCCESS |  
2019-08-20 22:34:19,072 | INFO  | DNAudit | user=null | ip=null | op=WRITE_CHUNK {blockData=conID: 3 locID: 102651688324956629 bcsId: 0} | ret=SUCCESS |  
2019-08-20 22:34:19,072 | INFO  | DNAudit | user=null | ip=null | op=WRITE_CHUNK {blockData=conID: 3 locID: 102651688324956629 bcsId: 0} | ret=SUCCESS |  
2019-08-20 22:34:19,083 | INFO  | DNAudit | user=null | ip=null | op=WRITE_CHUNK {blockData=conID: 3 locID: 102651688324956629 bcsId: 0} | ret=SUCCESS |  
2019-08-20 22:34:19,083 | INFO  | DNAudit | user=null | ip=null | op=PUT_BLOCK {blockData=[blockId=conID: 3 locID: 102651688324956629 bcsId: 0,size=1048576]} | ret=SUCCESS |  
2019-08-20 22:34:19,083 | INFO  | DNAudit | user=null | ip=null | op=WRITE_CHUNK {blockData=conID: 3 locID: 102651688324956629 bcsId: 0} | ret=SUCCESS |  
2019-08-20 22:34:19,083 [grpc-default-executor-5] INFO  client.GrpcClientProtocolClient (GrpcClientProtocolClient.java:onNext(255)) - client-391BA870FC40->947ec526-030f-41cc-8af7-a6f75e712ab0: receive RaftClientReply:client-391BA870FC40->947ec526-030f-41cc-8af7-a6f75e712ab0@group-5D45C35602B2, cid=1256, SUCCESS, logIndex=1769, commits[947ec526-030f-41cc-8af7-a6f75e712ab0:c1771, c447b9b6-dde2-4ce7-aa81-d0e2eddc8fe9:c1768, 28b540ac-241d-462a-a56c-509e92928066:c1768]
2019-08-20 22:34:19,084 | INFO  | DNAudit | user=null | ip=null | op=PUT_BLOCK {blockData=[blockId=conID: 3 locID: 102651688324956629 bcsId: 0,size=2097152]} | ret=SUCCESS |  
2019-08-20 22:34:19,084 [grpc-default-executor-5] INFO  client.GrpcClientProtocolClient (GrpcClientProtocolClient.java:onNext(255)) - client-391BA870FC40->947ec526-030f-41cc-8af7-a6f75e712ab0: receive RaftClientReply:client-391BA870FC40->947ec526-030f-41cc-8af7-a6f75e712ab0@group-5D45C35602B2, cid=1257, SUCCESS, logIndex=1770, commits[947ec526-030f-41cc-8af7-a6f75e712ab0:c1772, c447b9b6-dde2-4ce7-aa81-d0e2eddc8fe9:c1768, 28b540ac-241d-462a-a56c-509e92928066:c1768]
2019-08-20 22:34:19,084 [grpc-default-executor-5] INFO  client.GrpcClientProtocolClient (GrpcClientProtocolClient.java:onNext(255)) - client-391BA870FC40->947ec526-030f-41cc-8af7-a6f75e712ab0: receive RaftClientReply:client-391BA870FC40->947ec526-030f-41cc-8af7-a6f75e712ab0@group-5D45C35602B2, cid=1258, SUCCESS, logIndex=1771, commits[947ec526-030f-41cc-8af7-a6f75e712ab0:c1772, c447b9b6-dde2-4ce7-aa81-d0e2eddc8fe9:c1768, 28b540ac-241d-462a-a56c-509e92928066:c1768]
2019-08-20 22:34:19,084 [grpc-default-executor-5] INFO  client.GrpcClientProtocolClient (GrpcClientProtocolClient.java:onNext(255)) - client-391BA870FC40->947ec526-030f-41cc-8af7-a6f75e712ab0: receive RaftClientReply:client-391BA870FC40->947ec526-030f-41cc-8af7-a6f75e712ab0@group-5D45C35602B2, cid=1259, SUCCESS, logIndex=1772, commits[947ec526-030f-41cc-8af7-a6f75e712ab0:c1772, c447b9b6-dde2-4ce7-aa81-d0e2eddc8fe9:c1768, 28b540ac-241d-462a-a56c-509e92928066:c1768]
2019-08-20 22:34:19,096 | INFO  | DNAudit | user=null | ip=null | op=WRITE_CHUNK {blockData=conID: 3 locID: 102651688324956629 bcsId: 0} | ret=SUCCESS |  
2019-08-20 22:34:19,096 | INFO  | DNAudit | user=null | ip=null | op=WRITE_CHUNK {blockData=conID: 3 locID: 102651688324956629 bcsId: 0} | ret=SUCCESS |  
2019-08-20 22:34:19,096 | INFO  | DNAudit | user=null | ip=null | op=PUT_BLOCK {blockData=[blockId=conID: 3 locID: 102651688324956629 bcsId: 0,size=1048576]} | ret=SUCCESS |  
2019-08-20 22:34:19,096 | INFO  | DNAudit | user=null | ip=null | op=PUT_BLOCK {blockData=[blockId=conID: 3 locID: 102651688324956629 bcsId: 0,size=1048576]} | ret=SUCCESS |  
2019-08-20 22:34:19,096 [grpc-default-executor-5] INFO  client.GrpcClientProtocolClient (GrpcClientProtocolClient.java:onNext(255)) - client-391BA870FC40->947ec526-030f-41cc-8af7-a6f75e712ab0: receive RaftClientReply:client-391BA870FC40->947ec526-030f-41cc-8af7-a6f75e712ab0@group-5D45C35602B2, cid=1260, SUCCESS, logIndex=0, commits[947ec526-030f-41cc-8af7-a6f75e712ab0:c1773, c447b9b6-dde2-4ce7-aa81-d0e2eddc8fe9:c1770, 28b540ac-241d-462a-a56c-509e92928066:c1770]
2019-08-20 22:34:19,102 | INFO  | DNAudit | user=null | ip=null | op=WRITE_CHUNK {blockData=conID: 3 locID: 102651688324956629 bcsId: 1772} | ret=SUCCESS |  
2019-08-20 22:34:19,103 | INFO  | DNAudit | user=null | ip=null | op=WRITE_CHUNK {blockData=conID: 3 locID: 102651688324956629 bcsId: 1772} | ret=SUCCESS |  
2019-08-20 22:34:19,104 | INFO  | DNAudit | user=null | ip=null | op=WRITE_CHUNK {blockData=conID: 3 locID: 102651688324956629 bcsId: 1772} | ret=SUCCESS |  
2019-08-20 22:34:19,109 | INFO  | DNAudit | user=null | ip=null | op=WRITE_CHUNK {blockData=conID: 3 locID: 102651688324956629 bcsId: 0} | ret=SUCCESS |  
2019-08-20 22:34:19,109 | INFO  | DNAudit | user=null | ip=null | op=PUT_BLOCK {blockData=[blockId=conID: 3 locID: 102651688324956629 bcsId: 0,size=2097152]} | ret=SUCCESS |  
2019-08-20 22:34:19,109 | INFO  | DNAudit | user=null | ip=null | op=WRITE_CHUNK {blockData=conID: 3 locID: 102651688324956629 bcsId: 0} | ret=SUCCESS |  
2019-08-20 22:34:19,109 | INFO  | DNAudit | user=null | ip=null | op=PUT_BLOCK {blockData=[blockId=conID: 3 locID: 102651688324956629 bcsId: 0,size=2097152]} | ret=SUCCESS |  
2019-08-20 22:34:19,122 | INFO  | DNAudit | user=null | ip=null | op=WRITE_CHUNK {blockData=conID: 3 locID: 102651688324956629 bcsId: 1772} | ret=SUCCESS |  
2019-08-20 22:34:19,123 | INFO  | DNAudit | user=null | ip=null | op=PUT_BLOCK {blockData=[blockId=conID: 3 locID: 102651688324956629 bcsId: 0,size=3145728]} | ret=SUCCESS |  
2019-08-20 22:34:19,123 [grpc-default-executor-5] INFO  client.GrpcClientProtocolClient (GrpcClientProtocolClient.java:onNext(255)) - client-391BA870FC40->947ec526-030f-41cc-8af7-a6f75e712ab0: receive RaftClientReply:client-391BA870FC40->947ec526-030f-41cc-8af7-a6f75e712ab0@group-5D45C35602B2, cid=1261, SUCCESS, logIndex=1777, commits[947ec526-030f-41cc-8af7-a6f75e712ab0:c1777, c447b9b6-dde2-4ce7-aa81-d0e2eddc8fe9:c1773, 28b540ac-241d-462a-a56c-509e92928066:c1773]
2019-08-20 22:34:19,123 [grpc-default-executor-5] INFO  client.GrpcClientProtocolClient (GrpcClientProtocolClient.java:onNext(255)) - client-391BA870FC40->947ec526-030f-41cc-8af7-a6f75e712ab0: receive RaftClientReply:client-391BA870FC40->947ec526-030f-41cc-8af7-a6f75e712ab0@group-5D45C35602B2, cid=1262, SUCCESS, logIndex=1778, commits[947ec526-030f-41cc-8af7-a6f75e712ab0:c1778, c447b9b6-dde2-4ce7-aa81-d0e2eddc8fe9:c1773, 28b540ac-241d-462a-a56c-509e92928066:c1773]
2019-08-20 22:34:19,130 | INFO  | DNAudit | user=null | ip=null | op=WRITE_CHUNK {blockData=conID: 3 locID: 102651688324956629 bcsId: 1778} | ret=SUCCESS |  
2019-08-20 22:34:19,130 | INFO  | DNAudit | user=null | ip=null | op=WRITE_CHUNK {blockData=conID: 3 locID: 102651688324956629 bcsId: 1778} | ret=SUCCESS |  
2019-08-20 22:34:19,131 | INFO  | DNAudit | user=null | ip=null | op=WRITE_CHUNK {blockData=conID: 3 locID: 102651688324956629 bcsId: 1778} | ret=SUCCESS |  
2019-08-20 22:34:19,136 | INFO  | DNAudit | user=null | ip=null | op=WRITE_CHUNK {blockData=conID: 3 locID: 102651688324956629 bcsId: 1772} | ret=SUCCESS |  
2019-08-20 22:34:19,136 | INFO  | DNAudit | user=null | ip=null | op=WRITE_CHUNK {blockData=conID: 3 locID: 102651688324956629 bcsId: 1772} | ret=SUCCESS |  
2019-08-20 22:34:19,149 | INFO  | DNAudit | user=null | ip=null | op=PUT_BLOCK {blockData=[blockId=conID: 3 locID: 102651688324956629 bcsId: 0,size=3145728]} | ret=SUCCESS |  
2019-08-20 22:34:19,149 | INFO  | DNAudit | user=null | ip=null | op=PUT_BLOCK {blockData=[blockId=conID: 3 locID: 102651688324956629 bcsId: 0,size=3145728]} | ret=SUCCESS |  
2019-08-20 22:34:19,149 | INFO  | DNAudit | user=null | ip=null | op=WRITE_CHUNK {blockData=conID: 3 locID: 102651688324956629 bcsId: 1778} | ret=SUCCESS |  
2019-08-20 22:34:19,149 | INFO  | DNAudit | user=null | ip=null | op=PUT_BLOCK {blockData=[blockId=conID: 3 locID: 102651688324956629 bcsId: 0,size=4194304]} | ret=SUCCESS |  
2019-08-20 22:34:19,150 [grpc-default-executor-3] INFO  client.GrpcClientProtocolClient (GrpcClientProtocolClient.java:onNext(255)) - client-391BA870FC40->947ec526-030f-41cc-8af7-a6f75e712ab0: receive RaftClientReply:client-391BA870FC40->947ec526-030f-41cc-8af7-a6f75e712ab0@group-5D45C35602B2, cid=1263, SUCCESS, logIndex=1781, commits[947ec526-030f-41cc-8af7-a6f75e712ab0:c1782, c447b9b6-dde2-4ce7-aa81-d0e2eddc8fe9:c1778, 28b540ac-241d-462a-a56c-509e92928066:c1778]
2019-08-20 22:34:19,150 [grpc-default-executor-3] INFO  client.GrpcClientProtocolClient (GrpcClientProtocolClient.java:onNext(255)) - client-391BA870FC40->947ec526-030f-41cc-8af7-a6f75e712ab0: receive RaftClientReply:client-391BA870FC40->947ec526-030f-41cc-8af7-a6f75e712ab0@group-5D45C35602B2, cid=1264, SUCCESS, logIndex=1782, commits[947ec526-030f-41cc-8af7-a6f75e712ab0:c1782, c447b9b6-dde2-4ce7-aa81-d0e2eddc8fe9:c1778, 28b540ac-241d-462a-a56c-509e92928066:c1778]
2019-08-20 22:34:19,161 | INFO  | SCMAudit | user=jenkins1000 | ip=192.168.5.142 | op=SEND_HEARTBEAT {datanodeUUID=28b540ac-241d-462a-a56c-509e92928066, command=[]} | ret=SUCCESS |  
2019-08-20 22:34:19,161 | INFO  | SCMAudit | user=jenkins1000 | ip=192.168.5.142 | op=SEND_HEARTBEAT {datanodeUUID=c447b9b6-dde2-4ce7-aa81-d0e2eddc8fe9, command=[]} | ret=SUCCESS |  
2019-08-20 22:34:19,162 | INFO  | DNAudit | user=null | ip=null | op=WRITE_CHUNK {blockData=conID: 3 locID: 102651688324956629 bcsId: 1778} | ret=SUCCESS |  
2019-08-20 22:34:19,162 | INFO  | DNAudit | user=null | ip=null | op=WRITE_CHUNK {blockData=conID: 3 locID: 102651688324956629 bcsId: 1778} | ret=SUCCESS |  
2019-08-20 22:34:19,162 | INFO  | SCMAudit | user=jenkins1000 | ip=192.168.5.142 | op=SEND_HEARTBEAT {datanodeUUID=eafd9314-3f13-422a-a2ac-adfcde2d7481, command=[]} | ret=SUCCESS |  
 0.00% |█                                                                                                    |  0/1 Time: 0:00:082019-08-20 22:34:19,163 | INFO  | SCMAudit | user=jenkins1000 | ip=192.168.5.142 | op=SEND_HEARTBEAT {datanodeUUID=947ec526-030f-41cc-8af7-a6f75e712ab0, command=[]} | ret=SUCCESS |  
2019-08-20 22:34:19,174 | INFO  | DNAudit | user=null | ip=null | op=PUT_BLOCK {blockData=[blockId=conID: 3 locID: 102651688324956629 bcsId: 0,size=4194304]} | ret=SUCCESS |  
2019-08-20 22:34:19,174 | INFO  | DNAudit | user=null | ip=null | op=PUT_BLOCK {blockData=[blockId=conID: 3 locID: 102651688324956629 bcsId: 0,size=4194304]} | ret=SUCCESS |  
2019-08-20 22:34:19,174 [grpc-default-executor-2] INFO  client.GrpcClientProtocolClient (GrpcClientProtocolClient.java:onNext(255)) - client-391BA870FC40->947ec526-030f-41cc-8af7-a6f75e712ab0: receive RaftClientReply:client-391BA870FC40->947ec526-030f-41cc-8af7-a6f75e712ab0@group-5D45C35602B2, cid=1265, SUCCESS, logIndex=0, commits[947ec526-030f-41cc-8af7-a6f75e712ab0:c1784, c447b9b6-dde2-4ce7-aa81-d0e2eddc8fe9:c1782, 28b540ac-241d-462a-a56c-509e92928066:c1782]
2019-08-20 22:34:19,179 | INFO  | SCMAudit | user=jenkins1000 | ip=192.168.5.142 | op=ALLOCATE_BLOCK {owner=6f694d07-2a2f-44d9-8e1c-aaa094a2f647, size=4194304, type=RATIS, factor=THREE} | ret=SUCCESS |  
2019-08-20 22:34:19,181 | INFO  | OMAudit | user=jenkins1000 | ip=127.0.0.1 | op=ALLOCATE_BLOCK {volume=vol-0-80747, bucket=bucket-0-27686, key=key-0-47435, dataSize=0, replicationType=null, replicationFactor=null, keyLocationInfo=null, clientID=102651687805452690} | ret=SUCCESS |  
2019-08-20 22:34:19,187 | INFO  | DNAudit | user=null | ip=null | op=WRITE_CHUNK {blockData=conID: 1 locID: 102651688332755414 bcsId: 0} | ret=SUCCESS |  
2019-08-20 22:34:19,189 | INFO  | DNAudit | user=null | ip=null | op=WRITE_CHUNK {blockData=conID: 1 locID: 102651688332755414 bcsId: 0} | ret=SUCCESS |  
2019-08-20 22:34:19,191 | INFO  | DNAudit | user=null | ip=null | op=WRITE_CHUNK {blockData=conID: 1 locID: 102651688332755414 bcsId: 0} | ret=SUCCESS |  
2019-08-20 22:34:19,191 | INFO  | DNAudit | user=null | ip=null | op=WRITE_CHUNK {blockData=conID: 1 locID: 102651688332755414 bcsId: 0} | ret=SUCCESS |  
2019-08-20 22:34:19,385 | INFO  | DNAudit | user=null | ip=null | op=WRITE_CHUNK {blockData=conID: 1 locID: 102651688332755414 bcsId: 0} | ret=SUCCESS |  
2019-08-20 22:34:19,385 | INFO  | DNAudit | user=null | ip=null | op=PUT_BLOCK {blockData=[blockId=conID: 1 locID: 102651688332755414 bcsId: 0,size=1048576]} | ret=SUCCESS |  
2019-08-20 22:34:19,385 [grpc-default-executor-5] INFO  client.GrpcClientProtocolClient (GrpcClientProtocolClient.java:onNext(255)) - client-391BA870FC40->947ec526-030f-41cc-8af7-a6f75e712ab0: receive RaftClientReply:client-391BA870FC40->947ec526-030f-41cc-8af7-a6f75e712ab0@group-5D45C35602B2, cid=1266, SUCCESS, logIndex=1785, commits[947ec526-030f-41cc-8af7-a6f75e712ab0:c1786, c447b9b6-dde2-4ce7-aa81-d0e2eddc8fe9:c1784, 28b540ac-241d-462a-a56c-509e92928066:c1784]
2019-08-20 22:34:19,386 | INFO  | DNAudit | user=null | ip=null | op=WRITE_CHUNK {blockData=conID: 1 locID: 102651688332755414 bcsId: 0} | ret=SUCCESS |  
2019-08-20 22:34:19,386 [grpc-default-executor-5] INFO  client.GrpcClientProtocolClient (GrpcClientProtocolClient.java:onNext(255)) - client-391BA870FC40->947ec526-030f-41cc-8af7-a6f75e712ab0: receive RaftClientReply:client-391BA870FC40->947ec526-030f-41cc-8af7-a6f75e712ab0@group-5D45C35602B2, cid=1267, SUCCESS, logIndex=1786, commits[947ec526-030f-41cc-8af7-a6f75e712ab0:c1786, c447b9b6-dde2-4ce7-aa81-d0e2eddc8fe9:c1784, 28b540ac-241d-462a-a56c-509e92928066:c1784]
2019-08-20 22:34:19,386 | INFO  | DNAudit | user=null | ip=null | op=WRITE_CHUNK {blockData=conID: 1 locID: 102651688332755414 bcsId: 0} | ret=SUCCESS |  
2019-08-20 22:34:19,512 | INFO  | SCMAudit | user=jenkins1000 | ip=192.168.5.142 | op=SEND_HEARTBEAT {datanodeUUID=d55cd342-4e6c-4701-86f3-cb557f3478dc, command=[]} | ret=SUCCESS |  
2019-08-20 22:34:20,162 | INFO  | SCMAudit | user=jenkins1000 | ip=192.168.5.142 | op=SEND_HEARTBEAT {datanodeUUID=c447b9b6-dde2-4ce7-aa81-d0e2eddc8fe9, command=[]} | ret=SUCCESS |  
2019-08-20 22:34:20,162 | INFO  | SCMAudit | user=jenkins1000 | ip=192.168.5.142 | op=SEND_HEARTBEAT {datanodeUUID=28b540ac-241d-462a-a56c-509e92928066, command=[]} | ret=SUCCESS |  
2019-08-20 22:34:20,162 | INFO  | SCMAudit | user=jenkins1000 | ip=192.168.5.142 | op=SEND_HEARTBEAT {datanodeUUID=947ec526-030f-41cc-8af7-a6f75e712ab0, command=[]} | ret=SUCCESS |  
2019-08-20 22:34:20,162 | INFO  | SCMAudit | user=jenkins1000 | ip=192.168.5.142 | op=SEND_HEARTBEAT {datanodeUUID=eafd9314-3f13-422a-a2ac-adfcde2d7481, command=[]} | ret=SUCCESS |  
 0.00% |█                                                                                                    |  0/1 Time: 0:00:092019-08-20 22:34:20,513 | INFO  | SCMAudit | user=jenkins1000 | ip=192.168.5.142 | op=SEND_HEARTBEAT {datanodeUUID=d55cd342-4e6c-4701-86f3-cb557f3478dc, command=[]} | ret=SUCCESS |  
2019-08-20 22:34:21,162 | INFO  | SCMAudit | user=jenkins1000 | ip=192.168.5.142 | op=SEND_HEARTBEAT {datanodeUUID=28b540ac-241d-462a-a56c-509e92928066, command=[]} | ret=SUCCESS |  
2019-08-20 22:34:21,162 | INFO  | SCMAudit | user=jenkins1000 | ip=192.168.5.142 | op=SEND_HEARTBEAT {datanodeUUID=eafd9314-3f13-422a-a2ac-adfcde2d7481, command=[]} | ret=SUCCESS |  
2019-08-20 22:34:21,162 | INFO  | SCMAudit | user=jenkins1000 | ip=192.168.5.142 | op=SEND_HEARTBEAT {datanodeUUID=c447b9b6-dde2-4ce7-aa81-d0e2eddc8fe9, command=[]} | ret=SUCCESS |  
2019-08-20 22:34:21,162 | INFO  | SCMAudit | user=jenkins1000 | ip=192.168.5.142 | op=SEND_HEARTBEAT {datanodeUUID=947ec526-030f-41cc-8af7-a6f75e712ab0, command=[]} | ret=SUCCESS |  
 0.00% |█                                                                                                    |  0/1 Time: 0:00:102019-08-20 22:34:21,513 | INFO  | SCMAudit | user=jenkins1000 | ip=192.168.5.142 | op=SEND_HEARTBEAT {datanodeUUID=d55cd342-4e6c-4701-86f3-cb557f3478dc, command=[]} | ret=SUCCESS |  
2019-08-20 22:34:21,650 | INFO  | DNAudit | user=null | ip=null | op=WRITE_CHUNK {blockData=conID: 1 locID: 102651688332755414 bcsId: 0} | ret=SUCCESS |  
2019-08-20 22:34:21,651 | INFO  | DNAudit | user=null | ip=null | op=WRITE_CHUNK {blockData=conID: 1 locID: 102651688332755414 bcsId: 0} | ret=SUCCESS |  
2019-08-20 22:34:21,651 | INFO  | DNAudit | user=null | ip=null | op=WRITE_CHUNK {blockData=conID: 1 locID: 102651688332755414 bcsId: 0} | ret=SUCCESS |  
2019-08-20 22:34:21,651 | INFO  | DNAudit | user=null | ip=null | op=PUT_BLOCK {blockData=[blockId=conID: 1 locID: 102651688332755414 bcsId: 0,size=1048576]} | ret=SUCCESS |  
2019-08-20 22:34:21,651 | INFO  | DNAudit | user=null | ip=null | op=PUT_BLOCK {blockData=[blockId=conID: 1 locID: 102651688332755414 bcsId: 0,size=1048576]} | ret=SUCCESS |  
2019-08-20 22:34:21,652 | INFO  | DNAudit | user=null | ip=null | op=PUT_BLOCK {blockData=[blockId=conID: 1 locID: 102651688332755414 bcsId: 0,size=2097152]} | ret=SUCCESS |  
2019-08-20 22:34:21,652 [grpc-default-executor-3] INFO  client.GrpcClientProtocolClient (GrpcClientProtocolClient.java:onNext(255)) - client-391BA870FC40->947ec526-030f-41cc-8af7-a6f75e712ab0: receive RaftClientReply:client-391BA870FC40->947ec526-030f-41cc-8af7-a6f75e712ab0@group-5D45C35602B2, cid=1268, SUCCESS, logIndex=1787, commits[947ec526-030f-41cc-8af7-a6f75e712ab0:c1788, c447b9b6-dde2-4ce7-aa81-d0e2eddc8fe9:c1784, 28b540ac-241d-462a-a56c-509e92928066:c1784]
2019-08-20 22:34:21,653 [grpc-default-executor-3] INFO  client.GrpcClientProtocolClient (GrpcClientProtocolClient.java:onNext(255)) - client-391BA870FC40->947ec526-030f-41cc-8af7-a6f75e712ab0: receive RaftClientReply:client-391BA870FC40->947ec526-030f-41cc-8af7-a6f75e712ab0@group-5D45C35602B2, cid=1269, SUCCESS, logIndex=1788, commits[947ec526-030f-41cc-8af7-a6f75e712ab0:c1790, c447b9b6-dde2-4ce7-aa81-d0e2eddc8fe9:c1786, 28b540ac-241d-462a-a56c-509e92928066:c1786]
2019-08-20 22:34:21,665 | INFO  | DNAudit | user=null | ip=null | op=WRITE_CHUNK {blockData=conID: 1 locID: 102651688332755414 bcsId: 0} | ret=SUCCESS |  
2019-08-20 22:34:21,665 | INFO  | DNAudit | user=null | ip=null | op=WRITE_CHUNK {blockData=conID: 1 locID: 102651688332755414 bcsId: 0} | ret=SUCCESS |  
2019-08-20 22:34:21,665 | INFO  | DNAudit | user=null | ip=null | op=PUT_BLOCK {blockData=[blockId=conID: 1 locID: 102651688332755414 bcsId: 0,size=2097152]} | ret=SUCCESS |  
2019-08-20 22:34:21,665 | INFO  | DNAudit | user=null | ip=null | op=PUT_BLOCK {blockData=[blockId=conID: 1 locID: 102651688332755414 bcsId: 0,size=2097152]} | ret=SUCCESS |  
2019-08-20 22:34:21,670 | INFO  | DNAudit | user=null | ip=null | op=WRITE_CHUNK {blockData=conID: 1 locID: 102651688332755414 bcsId: 1788} | ret=SUCCESS |  
2019-08-20 22:34:21,674 | INFO  | DNAudit | user=null | ip=null | op=WRITE_CHUNK {blockData=conID: 1 locID: 102651688332755414 bcsId: 1788} | ret=SUCCESS |  
2019-08-20 22:34:21,674 | INFO  | DNAudit | user=null | ip=null | op=WRITE_CHUNK {blockData=conID: 1 locID: 102651688332755414 bcsId: 1788} | ret=SUCCESS |  
2019-08-20 22:34:21,679 | INFO  | DNAudit | user=null | ip=null | op=WRITE_CHUNK {blockData=conID: 1 locID: 102651688332755414 bcsId: 1788} | ret=SUCCESS |  
2019-08-20 22:34:21,680 | INFO  | DNAudit | user=null | ip=null | op=PUT_BLOCK {blockData=[blockId=conID: 1 locID: 102651688332755414 bcsId: 0,size=3145728]} | ret=SUCCESS |  
2019-08-20 22:34:21,680 [grpc-default-executor-2] INFO  client.GrpcClientProtocolClient (GrpcClientProtocolClient.java:onNext(255)) - client-391BA870FC40->947ec526-030f-41cc-8af7-a6f75e712ab0: receive RaftClientReply:client-391BA870FC40->947ec526-030f-41cc-8af7-a6f75e712ab0@group-5D45C35602B2, cid=1270, SUCCESS, logIndex=1793, commits[947ec526-030f-41cc-8af7-a6f75e712ab0:c1794, c447b9b6-dde2-4ce7-aa81-d0e2eddc8fe9:c1792, 28b540ac-241d-462a-a56c-509e92928066:c1792]
2019-08-20 22:34:21,681 [grpc-default-executor-2] INFO  client.GrpcClientProtocolClient (GrpcClientProtocolClient.java:onNext(255)) - client-391BA870FC40->947ec526-030f-41cc-8af7-a6f75e712ab0: receive RaftClientReply:client-391BA870FC40->947ec526-030f-41cc-8af7-a6f75e712ab0@group-5D45C35602B2, cid=1271, SUCCESS, logIndex=1794, commits[947ec526-030f-41cc-8af7-a6f75e712ab0:c1794, c447b9b6-dde2-4ce7-aa81-d0e2eddc8fe9:c1792, 28b540ac-241d-462a-a56c-509e92928066:c1792]
2019-08-20 22:34:21,690 | INFO  | DNAudit | user=null | ip=null | op=WRITE_CHUNK {blockData=conID: 1 locID: 102651688332755414 bcsId: 1794} | ret=SUCCESS |  
2019-08-20 22:34:21,693 | INFO  | DNAudit | user=null | ip=null | op=WRITE_CHUNK {blockData=conID: 1 locID: 102651688332755414 bcsId: 1794} | ret=SUCCESS |  
2019-08-20 22:34:21,693 | INFO  | DNAudit | user=null | ip=null | op=WRITE_CHUNK {blockData=conID: 1 locID: 102651688332755414 bcsId: 1794} | ret=SUCCESS |  
2019-08-20 22:34:21,700 | INFO  | DNAudit | user=null | ip=null | op=WRITE_CHUNK {blockData=conID: 1 locID: 102651688332755414 bcsId: 1788} | ret=SUCCESS |  
2019-08-20 22:34:21,700 | INFO  | DNAudit | user=null | ip=null | op=WRITE_CHUNK {blockData=conID: 1 locID: 102651688332755414 bcsId: 1788} | ret=SUCCESS |  
2019-08-20 22:34:21,702 | INFO  | DNAudit | user=null | ip=null | op=PUT_BLOCK {blockData=[blockId=conID: 1 locID: 102651688332755414 bcsId: 0,size=3145728]} | ret=SUCCESS |  
2019-08-20 22:34:21,702 | INFO  | DNAudit | user=null | ip=null | op=PUT_BLOCK {blockData=[blockId=conID: 1 locID: 102651688332755414 bcsId: 0,size=3145728]} | ret=SUCCESS |  
2019-08-20 22:34:21,703 | INFO  | DNAudit | user=null | ip=null | op=WRITE_CHUNK {blockData=conID: 1 locID: 102651688332755414 bcsId: 1794} | ret=SUCCESS |  
2019-08-20 22:34:21,703 | INFO  | DNAudit | user=null | ip=null | op=PUT_BLOCK {blockData=[blockId=conID: 1 locID: 102651688332755414 bcsId: 0,size=4194304]} | ret=SUCCESS |  
2019-08-20 22:34:21,704 [grpc-default-executor-2] INFO  client.GrpcClientProtocolClient (GrpcClientProtocolClient.java:onNext(255)) - client-391BA870FC40->947ec526-030f-41cc-8af7-a6f75e712ab0: receive RaftClientReply:client-391BA870FC40->947ec526-030f-41cc-8af7-a6f75e712ab0@group-5D45C35602B2, cid=1272, SUCCESS, logIndex=1797, commits[947ec526-030f-41cc-8af7-a6f75e712ab0:c1798, c447b9b6-dde2-4ce7-aa81-d0e2eddc8fe9:c1794, 28b540ac-241d-462a-a56c-509e92928066:c1794]
2019-08-20 22:34:21,704 [grpc-default-executor-2] INFO  client.GrpcClientProtocolClient (GrpcClientProtocolClient.java:onNext(255)) - client-391BA870FC40->947ec526-030f-41cc-8af7-a6f75e712ab0: receive RaftClientReply:client-391BA870FC40->947ec526-030f-41cc-8af7-a6f75e712ab0@group-5D45C35602B2, cid=1273, SUCCESS, logIndex=1798, commits[947ec526-030f-41cc-8af7-a6f75e712ab0:c1798, c447b9b6-dde2-4ce7-aa81-d0e2eddc8fe9:c1794, 28b540ac-241d-462a-a56c-509e92928066:c1794]
2019-08-20 22:34:21,716 | INFO  | DNAudit | user=null | ip=null | op=WRITE_CHUNK {blockData=conID: 1 locID: 102651688332755414 bcsId: 1794} | ret=SUCCESS |  
2019-08-20 22:34:21,717 | INFO  | DNAudit | user=null | ip=null | op=WRITE_CHUNK {blockData=conID: 1 locID: 102651688332755414 bcsId: 1794} | ret=SUCCESS |  
2019-08-20 22:34:21,729 | INFO  | DNAudit | user=null | ip=null | op=PUT_BLOCK {blockData=[blockId=conID: 1 locID: 102651688332755414 bcsId: 0,size=4194304]} | ret=SUCCESS |  
2019-08-20 22:34:21,729 | INFO  | DNAudit | user=null | ip=null | op=PUT_BLOCK {blockData=[blockId=conID: 1 locID: 102651688332755414 bcsId: 0,size=4194304]} | ret=SUCCESS |  
2019-08-20 22:34:21,730 [grpc-default-executor-2] INFO  client.GrpcClientProtocolClient (GrpcClientProtocolClient.java:onNext(255)) - client-391BA870FC40->947ec526-030f-41cc-8af7-a6f75e712ab0: receive RaftClientReply:client-391BA870FC40->947ec526-030f-41cc-8af7-a6f75e712ab0@group-5D45C35602B2, cid=1274, SUCCESS, logIndex=0, commits[947ec526-030f-41cc-8af7-a6f75e712ab0:c1800, c447b9b6-dde2-4ce7-aa81-d0e2eddc8fe9:c1798, 28b540ac-241d-462a-a56c-509e92928066:c1798]
2019-08-20 22:34:21,735 | INFO  | SCMAudit | user=jenkins1000 | ip=192.168.5.142 | op=ALLOCATE_BLOCK {owner=6f694d07-2a2f-44d9-8e1c-aaa094a2f647, size=4194304, type=RATIS, factor=THREE} | ret=SUCCESS |  
2019-08-20 22:34:21,738 | INFO  | OMAudit | user=jenkins1000 | ip=127.0.0.1 | op=ALLOCATE_BLOCK {volume=vol-0-80747, bucket=bucket-0-27686, key=key-0-47435, dataSize=0, replicationType=null, replicationFactor=null, keyLocationInfo=null, clientID=102651687805452690} | ret=SUCCESS |  
2019-08-20 22:34:21,748 | INFO  | DNAudit | user=null | ip=null | op=WRITE_CHUNK {blockData=conID: 2 locID: 102651688500265431 bcsId: 0} | ret=SUCCESS |  
2019-08-20 22:34:21,752 | INFO  | DNAudit | user=null | ip=null | op=WRITE_CHUNK {blockData=conID: 2 locID: 102651688500265431 bcsId: 0} | ret=SUCCESS |  
2019-08-20 22:34:21,752 | INFO  | DNAudit | user=null | ip=null | op=WRITE_CHUNK {blockData=conID: 2 locID: 102651688500265431 bcsId: 0} | ret=SUCCESS |  
2019-08-20 22:34:21,752 | INFO  | DNAudit | user=null | ip=null | op=WRITE_CHUNK {blockData=conID: 2 locID: 102651688500265431 bcsId: 0} | ret=SUCCESS |  
2019-08-20 22:34:21,755 | INFO  | DNAudit | user=null | ip=null | op=WRITE_CHUNK {blockData=conID: 2 locID: 102651688500265431 bcsId: 0} | ret=SUCCESS |  
2019-08-20 22:34:21,756 | INFO  | DNAudit | user=null | ip=null | op=WRITE_CHUNK {blockData=conID: 2 locID: 102651688500265431 bcsId: 0} | ret=SUCCESS |  
2019-08-20 22:34:21,760 | INFO  | DNAudit | user=null | ip=null | op=WRITE_CHUNK {blockData=conID: 2 locID: 102651688500265431 bcsId: 0} | ret=SUCCESS |  
2019-08-20 22:34:21,761 | INFO  | DNAudit | user=null | ip=null | op=PUT_BLOCK {blockData=[blockId=conID: 2 locID: 102651688500265431 bcsId: 0,size=1048576]} | ret=SUCCESS |  
2019-08-20 22:34:21,761 | INFO  | DNAudit | user=null | ip=null | op=WRITE_CHUNK {blockData=conID: 2 locID: 102651688500265431 bcsId: 0} | ret=SUCCESS |  
2019-08-20 22:34:21,761 [grpc-default-executor-2] INFO  client.GrpcClientProtocolClient (GrpcClientProtocolClient.java:onNext(255)) - client-391BA870FC40->947ec526-030f-41cc-8af7-a6f75e712ab0: receive RaftClientReply:client-391BA870FC40->947ec526-030f-41cc-8af7-a6f75e712ab0@group-5D45C35602B2, cid=1275, SUCCESS, logIndex=1801, commits[947ec526-030f-41cc-8af7-a6f75e712ab0:c1802, c447b9b6-dde2-4ce7-aa81-d0e2eddc8fe9:c1800, 28b540ac-241d-462a-a56c-509e92928066:c1800]
2019-08-20 22:34:21,762 | INFO  | DNAudit | user=null | ip=null | op=PUT_BLOCK {blockData=[blockId=conID: 2 locID: 102651688500265431 bcsId: 0,size=2097152]} | ret=SUCCESS |  
2019-08-20 22:34:21,762 [grpc-default-executor-5] INFO  client.GrpcClientProtocolClient (GrpcClientProtocolClient.java:onNext(255)) - client-391BA870FC40->947ec526-030f-41cc-8af7-a6f75e712ab0: receive RaftClientReply:client-391BA870FC40->947ec526-030f-41cc-8af7-a6f75e712ab0@group-5D45C35602B2, cid=1276, SUCCESS, logIndex=1802, commits[947ec526-030f-41cc-8af7-a6f75e712ab0:c1802, c447b9b6-dde2-4ce7-aa81-d0e2eddc8fe9:c1800, 28b540ac-241d-462a-a56c-509e92928066:c1800]
2019-08-20 22:34:21,762 [grpc-default-executor-5] INFO  client.GrpcClientProtocolClient (GrpcClientProtocolClient.java:onNext(255)) - client-391BA870FC40->947ec526-030f-41cc-8af7-a6f75e712ab0: receive RaftClientReply:client-391BA870FC40->947ec526-030f-41cc-8af7-a6f75e712ab0@group-5D45C35602B2, cid=1277, SUCCESS, logIndex=1803, commits[947ec526-030f-41cc-8af7-a6f75e712ab0:c1803, c447b9b6-dde2-4ce7-aa81-d0e2eddc8fe9:c1800, 28b540ac-241d-462a-a56c-509e92928066:c1800]
2019-08-20 22:34:21,763 [grpc-default-executor-5] INFO  client.GrpcClientProtocolClient (GrpcClientProtocolClient.java:onNext(255)) - client-391BA870FC40->947ec526-030f-41cc-8af7-a6f75e712ab0: receive RaftClientReply:client-391BA870FC40->947ec526-030f-41cc-8af7-a6f75e712ab0@group-5D45C35602B2, cid=1278, SUCCESS, logIndex=1804, commits[947ec526-030f-41cc-8af7-a6f75e712ab0:c1804, c447b9b6-dde2-4ce7-aa81-d0e2eddc8fe9:c1800, 28b540ac-241d-462a-a56c-509e92928066:c1800]
2019-08-20 22:34:21,774 | INFO  | DNAudit | user=null | ip=null | op=WRITE_CHUNK {blockData=conID: 2 locID: 102651688500265431 bcsId: 0} | ret=SUCCESS |  
2019-08-20 22:34:21,774 | INFO  | DNAudit | user=null | ip=null | op=PUT_BLOCK {blockData=[blockId=conID: 2 locID: 102651688500265431 bcsId: 0,size=1048576]} | ret=SUCCESS |  
2019-08-20 22:34:21,776 | INFO  | DNAudit | user=null | ip=null | op=WRITE_CHUNK {blockData=conID: 2 locID: 102651688500265431 bcsId: 0} | ret=SUCCESS |  
2019-08-20 22:34:21,777 | INFO  | DNAudit | user=null | ip=null | op=PUT_BLOCK {blockData=[blockId=conID: 2 locID: 102651688500265431 bcsId: 0,size=1048576]} | ret=SUCCESS |  
2019-08-20 22:34:21,777 [grpc-default-executor-3] INFO  client.GrpcClientProtocolClient (GrpcClientProtocolClient.java:onNext(255)) - client-391BA870FC40->947ec526-030f-41cc-8af7-a6f75e712ab0: receive RaftClientReply:client-391BA870FC40->947ec526-030f-41cc-8af7-a6f75e712ab0@group-5D45C35602B2, cid=1279, SUCCESS, logIndex=0, commits[947ec526-030f-41cc-8af7-a6f75e712ab0:c1806, c447b9b6-dde2-4ce7-aa81-d0e2eddc8fe9:c1802, 28b540ac-241d-462a-a56c-509e92928066:c1802]
2019-08-20 22:34:21,777 | INFO  | DNAudit | user=null | ip=null | op=WRITE_CHUNK {blockData=conID: 2 locID: 102651688500265431 bcsId: 0} | ret=SUCCESS |  
2019-08-20 22:34:21,777 | INFO  | DNAudit | user=null | ip=null | op=PUT_BLOCK {blockData=[blockId=conID: 2 locID: 102651688500265431 bcsId: 0,size=2097152]} | ret=SUCCESS |  
2019-08-20 22:34:21,785 | INFO  | DNAudit | user=null | ip=null | op=WRITE_CHUNK {blockData=conID: 2 locID: 102651688500265431 bcsId: 1804} | ret=SUCCESS |  
2019-08-20 22:34:21,787 | INFO  | DNAudit | user=null | ip=null | op=WRITE_CHUNK {blockData=conID: 2 locID: 102651688500265431 bcsId: 0} | ret=SUCCESS |  
2019-08-20 22:34:21,787 | INFO  | DNAudit | user=null | ip=null | op=PUT_BLOCK {blockData=[blockId=conID: 2 locID: 102651688500265431 bcsId: 0,size=2097152]} | ret=SUCCESS |  
2019-08-20 22:34:21,787 | INFO  | DNAudit | user=null | ip=null | op=WRITE_CHUNK {blockData=conID: 2 locID: 102651688500265431 bcsId: 1804} | ret=SUCCESS |  
2019-08-20 22:34:21,787 | INFO  | DNAudit | user=null | ip=null | op=WRITE_CHUNK {blockData=conID: 2 locID: 102651688500265431 bcsId: 1804} | ret=SUCCESS |  
2019-08-20 22:34:21,800 | INFO  | DNAudit | user=null | ip=null | op=WRITE_CHUNK {blockData=conID: 2 locID: 102651688500265431 bcsId: 1804} | ret=SUCCESS |  
2019-08-20 22:34:21,800 | INFO  | DNAudit | user=null | ip=null | op=PUT_BLOCK {blockData=[blockId=conID: 2 locID: 102651688500265431 bcsId: 0,size=3145728]} | ret=SUCCESS |  
2019-08-20 22:34:21,800 [grpc-default-executor-5] INFO  client.GrpcClientProtocolClient (GrpcClientProtocolClient.java:onNext(255)) - client-391BA870FC40->947ec526-030f-41cc-8af7-a6f75e712ab0: receive RaftClientReply:client-391BA870FC40->947ec526-030f-41cc-8af7-a6f75e712ab0@group-5D45C35602B2, cid=1280, SUCCESS, logIndex=1809, commits[947ec526-030f-41cc-8af7-a6f75e712ab0:c1810, c447b9b6-dde2-4ce7-aa81-d0e2eddc8fe9:c1804, 28b540ac-241d-462a-a56c-509e92928066:c1808]
2019-08-20 22:34:21,801 [grpc-default-executor-5] INFO  client.GrpcClientProtocolClient (GrpcClientProtocolClient.java:onNext(255)) - client-391BA870FC40->947ec526-030f-41cc-8af7-a6f75e712ab0: receive RaftClientReply:client-391BA870FC40->947ec526-030f-41cc-8af7-a6f75e712ab0@group-5D45C35602B2, cid=1281, SUCCESS, logIndex=1810, commits[947ec526-030f-41cc-8af7-a6f75e712ab0:c1810, c447b9b6-dde2-4ce7-aa81-d0e2eddc8fe9:c1808, 28b540ac-241d-462a-a56c-509e92928066:c1808]
2019-08-20 22:34:21,807 | INFO  | DNAudit | user=null | ip=null | op=WRITE_CHUNK {blockData=conID: 2 locID: 102651688500265431 bcsId: 1810} | ret=SUCCESS |  
2019-08-20 22:34:21,810 | INFO  | DNAudit | user=null | ip=null | op=WRITE_CHUNK {blockData=conID: 2 locID: 102651688500265431 bcsId: 1810} | ret=SUCCESS |  
2019-08-20 22:34:21,810 | INFO  | DNAudit | user=null | ip=null | op=WRITE_CHUNK {blockData=conID: 2 locID: 102651688500265431 bcsId: 1810} | ret=SUCCESS |  
2019-08-20 22:34:21,813 | INFO  | DNAudit | user=null | ip=null | op=WRITE_CHUNK {blockData=conID: 2 locID: 102651688500265431 bcsId: 1804} | ret=SUCCESS |  
2019-08-20 22:34:21,813 | INFO  | DNAudit | user=null | ip=null | op=WRITE_CHUNK {blockData=conID: 2 locID: 102651688500265431 bcsId: 1804} | ret=SUCCESS |  
2019-08-20 22:34:21,813 | INFO  | DNAudit | user=null | ip=null | op=PUT_BLOCK {blockData=[blockId=conID: 2 locID: 102651688500265431 bcsId: 0,size=3145728]} | ret=SUCCESS |  
2019-08-20 22:34:21,813 | INFO  | DNAudit | user=null | ip=null | op=PUT_BLOCK {blockData=[blockId=conID: 2 locID: 102651688500265431 bcsId: 0,size=3145728]} | ret=SUCCESS |  
2019-08-20 22:34:21,826 | INFO  | DNAudit | user=null | ip=null | op=WRITE_CHUNK {blockData=conID: 2 locID: 102651688500265431 bcsId: 1810} | ret=SUCCESS |  
2019-08-20 22:34:21,827 | INFO  | DNAudit | user=null | ip=null | op=PUT_BLOCK {blockData=[blockId=conID: 2 locID: 102651688500265431 bcsId: 0,size=4194304]} | ret=SUCCESS |  
2019-08-20 22:34:21,827 [grpc-default-executor-5] INFO  client.GrpcClientProtocolClient (GrpcClientProtocolClient.java:onNext(255)) - client-391BA870FC40->947ec526-030f-41cc-8af7-a6f75e712ab0: receive RaftClientReply:client-391BA870FC40->947ec526-030f-41cc-8af7-a6f75e712ab0@group-5D45C35602B2, cid=1282, SUCCESS, logIndex=1813, commits[947ec526-030f-41cc-8af7-a6f75e712ab0:c1814, c447b9b6-dde2-4ce7-aa81-d0e2eddc8fe9:c1810, 28b540ac-241d-462a-a56c-509e92928066:c1810]
2019-08-20 22:34:21,827 [grpc-default-executor-5] INFO  client.GrpcClientProtocolClient (GrpcClientProtocolClient.java:onNext(255)) - client-391BA870FC40->947ec526-030f-41cc-8af7-a6f75e712ab0: receive RaftClientReply:client-391BA870FC40->947ec526-030f-41cc-8af7-a6f75e712ab0@group-5D45C35602B2, cid=1283, SUCCESS, logIndex=1814, commits[947ec526-030f-41cc-8af7-a6f75e712ab0:c1814, c447b9b6-dde2-4ce7-aa81-d0e2eddc8fe9:c1810, 28b540ac-241d-462a-a56c-509e92928066:c1810]
2019-08-20 22:34:21,840 | INFO  | DNAudit | user=null | ip=null | op=WRITE_CHUNK {blockData=conID: 2 locID: 102651688500265431 bcsId: 1810} | ret=SUCCESS |  
2019-08-20 22:34:21,840 | INFO  | DNAudit | user=null | ip=null | op=WRITE_CHUNK {blockData=conID: 2 locID: 102651688500265431 bcsId: 1810} | ret=SUCCESS |  
2019-08-20 22:34:21,840 | INFO  | DNAudit | user=null | ip=null | op=PUT_BLOCK {blockData=[blockId=conID: 2 locID: 102651688500265431 bcsId: 0,size=4194304]} | ret=SUCCESS |  
2019-08-20 22:34:21,843 | INFO  | DNAudit | user=null | ip=null | op=PUT_BLOCK {blockData=[blockId=conID: 2 locID: 102651688500265431 bcsId: 0,size=4194304]} | ret=SUCCESS |  
2019-08-20 22:34:21,844 [grpc-default-executor-3] INFO  client.GrpcClientProtocolClient (GrpcClientProtocolClient.java:onNext(255)) - client-391BA870FC40->947ec526-030f-41cc-8af7-a6f75e712ab0: receive RaftClientReply:client-391BA870FC40->947ec526-030f-41cc-8af7-a6f75e712ab0@group-5D45C35602B2, cid=1284, SUCCESS, logIndex=0, commits[947ec526-030f-41cc-8af7-a6f75e712ab0:c1815, c447b9b6-dde2-4ce7-aa81-d0e2eddc8fe9:c1814, 28b540ac-241d-462a-a56c-509e92928066:c1814]
2019-08-20 22:34:21,849 | INFO  | SCMAudit | user=jenkins1000 | ip=192.168.5.142 | op=ALLOCATE_BLOCK {owner=6f694d07-2a2f-44d9-8e1c-aaa094a2f647, size=4194304, type=RATIS, factor=THREE} | ret=SUCCESS |  
2019-08-20 22:34:21,852 | INFO  | OMAudit | user=jenkins1000 | ip=127.0.0.1 | op=ALLOCATE_BLOCK {volume=vol-0-80747, bucket=bucket-0-27686, key=key-0-47435, dataSize=0, replicationType=null, replicationFactor=null, keyLocationInfo=null, clientID=102651687805452690} | ret=SUCCESS |  
2019-08-20 22:34:21,860 | INFO  | DNAudit | user=null | ip=null | op=WRITE_CHUNK {blockData=conID: 3 locID: 102651688507736536 bcsId: 0} | ret=SUCCESS |  
2019-08-20 22:34:21,862 | INFO  | DNAudit | user=null | ip=null | op=WRITE_CHUNK {blockData=conID: 3 locID: 102651688507736536 bcsId: 0} | ret=SUCCESS |  
2019-08-20 22:34:21,863 | INFO  | DNAudit | user=null | ip=null | op=WRITE_CHUNK {blockData=conID: 3 locID: 102651688507736536 bcsId: 0} | ret=SUCCESS |  
2019-08-20 22:34:21,864 | INFO  | DNAudit | user=null | ip=null | op=WRITE_CHUNK {blockData=conID: 3 locID: 102651688507736536 bcsId: 0} | ret=SUCCESS |  
2019-08-20 22:34:21,866 | INFO  | DNAudit | user=null | ip=null | op=WRITE_CHUNK {blockData=conID: 3 locID: 102651688507736536 bcsId: 0} | ret=SUCCESS |  
2019-08-20 22:34:21,866 | INFO  | DNAudit | user=null | ip=null | op=WRITE_CHUNK {blockData=conID: 3 locID: 102651688507736536 bcsId: 0} | ret=SUCCESS |  
2019-08-20 22:34:21,872 | INFO  | DNAudit | user=null | ip=null | op=WRITE_CHUNK {blockData=conID: 3 locID: 102651688507736536 bcsId: 0} | ret=SUCCESS |  
2019-08-20 22:34:21,873 | INFO  | DNAudit | user=null | ip=null | op=PUT_BLOCK {blockData=[blockId=conID: 3 locID: 102651688507736536 bcsId: 0,size=1048576]} | ret=SUCCESS |  
2019-08-20 22:34:21,873 [grpc-default-executor-5] INFO  client.GrpcClientProtocolClient (GrpcClientProtocolClient.java:onNext(255)) - client-391BA870FC40->947ec526-030f-41cc-8af7-a6f75e712ab0: receive RaftClientReply:client-391BA870FC40->947ec526-030f-41cc-8af7-a6f75e712ab0@group-5D45C35602B2, cid=1285, SUCCESS, logIndex=1817, commits[947ec526-030f-41cc-8af7-a6f75e712ab0:c1818, c447b9b6-dde2-4ce7-aa81-d0e2eddc8fe9:c1816, 28b540ac-241d-462a-a56c-509e92928066:c1816]
2019-08-20 22:34:21,874 [grpc-default-executor-5] INFO  client.GrpcClientProtocolClient (GrpcClientProtocolClient.java:onNext(255)) - client-391BA870FC40->947ec526-030f-41cc-8af7-a6f75e712ab0: receive RaftClientReply:client-391BA870FC40->947ec526-030f-41cc-8af7-a6f75e712ab0@group-5D45C35602B2, cid=1286, SUCCESS, logIndex=1818, commits[947ec526-030f-41cc-8af7-a6f75e712ab0:c1818, c447b9b6-dde2-4ce7-aa81-d0e2eddc8fe9:c1816, 28b540ac-241d-462a-a56c-509e92928066:c1816]
2019-08-20 22:34:21,875 | INFO  | DNAudit | user=null | ip=null | op=WRITE_CHUNK {blockData=conID: 3 locID: 102651688507736536 bcsId: 0} | ret=SUCCESS |  
2019-08-20 22:34:21,875 | INFO  | DNAudit | user=null | ip=null | op=PUT_BLOCK {blockData=[blockId=conID: 3 locID: 102651688507736536 bcsId: 0,size=2097152]} | ret=SUCCESS |  
2019-08-20 22:34:21,876 [grpc-default-executor-5] INFO  client.GrpcClientProtocolClient (GrpcClientProtocolClient.java:onNext(255)) - client-391BA870FC40->947ec526-030f-41cc-8af7-a6f75e712ab0: receive RaftClientReply:client-391BA870FC40->947ec526-030f-41cc-8af7-a6f75e712ab0@group-5D45C35602B2, cid=1287, SUCCESS, logIndex=1819, commits[947ec526-030f-41cc-8af7-a6f75e712ab0:c1820, c447b9b6-dde2-4ce7-aa81-d0e2eddc8fe9:c1816, 28b540ac-241d-462a-a56c-509e92928066:c1816]
2019-08-20 22:34:21,876 [grpc-default-executor-5] INFO  client.GrpcClientProtocolClient (GrpcClientProtocolClient.java:onNext(255)) - client-391BA870FC40->947ec526-030f-41cc-8af7-a6f75e712ab0: receive RaftClientReply:client-391BA870FC40->947ec526-030f-41cc-8af7-a6f75e712ab0@group-5D45C35602B2, cid=1288, SUCCESS, logIndex=1820, commits[947ec526-030f-41cc-8af7-a6f75e712ab0:c1820, c447b9b6-dde2-4ce7-aa81-d0e2eddc8fe9:c1816, 28b540ac-241d-462a-a56c-509e92928066:c1816]
2019-08-20 22:34:21,876 | INFO  | DNAudit | user=null | ip=null | op=WRITE_CHUNK {blockData=conID: 3 locID: 102651688507736536 bcsId: 0} | ret=SUCCESS |  
2019-08-20 22:34:21,877 | INFO  | DNAudit | user=null | ip=null | op=PUT_BLOCK {blockData=[blockId=conID: 3 locID: 102651688507736536 bcsId: 0,size=1048576]} | ret=SUCCESS |  
2019-08-20 22:34:21,877 | INFO  | DNAudit | user=null | ip=null | op=WRITE_CHUNK {blockData=conID: 3 locID: 102651688507736536 bcsId: 0} | ret=SUCCESS |  
2019-08-20 22:34:21,877 | INFO  | DNAudit | user=null | ip=null | op=PUT_BLOCK {blockData=[blockId=conID: 3 locID: 102651688507736536 bcsId: 0,size=1048576]} | ret=SUCCESS |  
2019-08-20 22:34:21,877 | INFO  | DNAudit | user=null | ip=null | op=WRITE_CHUNK {blockData=conID: 3 locID: 102651688507736536 bcsId: 0} | ret=SUCCESS |  
2019-08-20 22:34:21,878 | INFO  | DNAudit | user=null | ip=null | op=PUT_BLOCK {blockData=[blockId=conID: 3 locID: 102651688507736536 bcsId: 0,size=2097152]} | ret=SUCCESS |  
2019-08-20 22:34:21,878 [grpc-default-executor-4] INFO  client.GrpcClientProtocolClient (GrpcClientProtocolClient.java:onNext(255)) - client-391BA870FC40->947ec526-030f-41cc-8af7-a6f75e712ab0: receive RaftClientReply:client-391BA870FC40->947ec526-030f-41cc-8af7-a6f75e712ab0@group-5D45C35602B2, cid=1289, SUCCESS, logIndex=0, commits[947ec526-030f-41cc-8af7-a6f75e712ab0:c1822, c447b9b6-dde2-4ce7-aa81-d0e2eddc8fe9:c1818, 28b540ac-241d-462a-a56c-509e92928066:c1818]
2019-08-20 22:34:21,878 | INFO  | DNAudit | user=null | ip=null | op=WRITE_CHUNK {blockData=conID: 3 locID: 102651688507736536 bcsId: 0} | ret=SUCCESS |  
2019-08-20 22:34:21,879 | INFO  | DNAudit | user=null | ip=null | op=PUT_BLOCK {blockData=[blockId=conID: 3 locID: 102651688507736536 bcsId: 0,size=2097152]} | ret=SUCCESS |  
2019-08-20 22:34:21,884 | INFO  | DNAudit | user=null | ip=null | op=WRITE_CHUNK {blockData=conID: 3 locID: 102651688507736536 bcsId: 1820} | ret=SUCCESS |  
2019-08-20 22:34:21,887 | INFO  | DNAudit | user=null | ip=null | op=WRITE_CHUNK {blockData=conID: 3 locID: 102651688507736536 bcsId: 1820} | ret=SUCCESS |  
2019-08-20 22:34:21,887 | INFO  | DNAudit | user=null | ip=null | op=WRITE_CHUNK {blockData=conID: 3 locID: 102651688507736536 bcsId: 1820} | ret=SUCCESS |  
2019-08-20 22:34:21,898 | INFO  | DNAudit | user=null | ip=null | op=WRITE_CHUNK {blockData=conID: 3 locID: 102651688507736536 bcsId: 1820} | ret=SUCCESS |  
2019-08-20 22:34:21,898 | INFO  | DNAudit | user=null | ip=null | op=PUT_BLOCK {blockData=[blockId=conID: 3 locID: 102651688507736536 bcsId: 0,size=3145728]} | ret=SUCCESS |  
2019-08-20 22:34:21,898 [grpc-default-executor-4] INFO  client.GrpcClientProtocolClient (GrpcClientProtocolClient.java:onNext(255)) - client-391BA870FC40->947ec526-030f-41cc-8af7-a6f75e712ab0: receive RaftClientReply:client-391BA870FC40->947ec526-030f-41cc-8af7-a6f75e712ab0@group-5D45C35602B2, cid=1290, SUCCESS, logIndex=1825, commits[947ec526-030f-41cc-8af7-a6f75e712ab0:c1826, c447b9b6-dde2-4ce7-aa81-d0e2eddc8fe9:c1824, 28b540ac-241d-462a-a56c-509e92928066:c1820]
2019-08-20 22:34:21,899 [grpc-default-executor-4] INFO  client.GrpcClientProtocolClient (GrpcClientProtocolClient.java:onNext(255)) - client-391BA870FC40->947ec526-030f-41cc-8af7-a6f75e712ab0: receive RaftClientReply:client-391BA870FC40->947ec526-030f-41cc-8af7-a6f75e712ab0@group-5D45C35602B2, cid=1291, SUCCESS, logIndex=1826, commits[947ec526-030f-41cc-8af7-a6f75e712ab0:c1826, c447b9b6-dde2-4ce7-aa81-d0e2eddc8fe9:c1824, 28b540ac-241d-462a-a56c-509e92928066:c1824]
2019-08-20 22:34:21,899 | INFO  | DNAudit | user=null | ip=null | op=WRITE_CHUNK {blockData=conID: 3 locID: 102651688507736536 bcsId: 1820} | ret=SUCCESS |  
2019-08-20 22:34:21,899 | INFO  | DNAudit | user=null | ip=null | op=PUT_BLOCK {blockData=[blockId=conID: 3 locID: 102651688507736536 bcsId: 0,size=3145728]} | ret=SUCCESS |  
2019-08-20 22:34:21,900 | INFO  | DNAudit | user=null | ip=null | op=WRITE_CHUNK {blockData=conID: 3 locID: 102651688507736536 bcsId: 1820} | ret=SUCCESS |  
2019-08-20 22:34:21,902 | INFO  | DNAudit | user=null | ip=null | op=PUT_BLOCK {blockData=[blockId=conID: 3 locID: 102651688507736536 bcsId: 0,size=3145728]} | ret=SUCCESS |  
2019-08-20 22:34:21,904 | INFO  | DNAudit | user=null | ip=null | op=WRITE_CHUNK {blockData=conID: 3 locID: 102651688507736536 bcsId: 1826} | ret=SUCCESS |  
2019-08-20 22:34:21,906 | INFO  | DNAudit | user=null | ip=null | op=WRITE_CHUNK {blockData=conID: 3 locID: 102651688507736536 bcsId: 1826} | ret=SUCCESS |  
2019-08-20 22:34:21,906 | INFO  | DNAudit | user=null | ip=null | op=WRITE_CHUNK {blockData=conID: 3 locID: 102651688507736536 bcsId: 1826} | ret=SUCCESS |  
2019-08-20 22:34:21,937 | INFO  | DNAudit | user=null | ip=null | op=WRITE_CHUNK {blockData=conID: 3 locID: 102651688507736536 bcsId: 1826} | ret=SUCCESS |  
2019-08-20 22:34:21,938 | INFO  | DNAudit | user=null | ip=null | op=PUT_BLOCK {blockData=[blockId=conID: 3 locID: 102651688507736536 bcsId: 0,size=4194304]} | ret=SUCCESS |  
2019-08-20 22:34:21,938 [grpc-default-executor-5] INFO  client.GrpcClientProtocolClient (GrpcClientProtocolClient.java:onNext(255)) - client-391BA870FC40->947ec526-030f-41cc-8af7-a6f75e712ab0: receive RaftClientReply:client-391BA870FC40->947ec526-030f-41cc-8af7-a6f75e712ab0@group-5D45C35602B2, cid=1292, SUCCESS, logIndex=1829, commits[947ec526-030f-41cc-8af7-a6f75e712ab0:c1830, c447b9b6-dde2-4ce7-aa81-d0e2eddc8fe9:c1828, 28b540ac-241d-462a-a56c-509e92928066:c1828]
2019-08-20 22:34:21,939 [grpc-default-executor-5] INFO  client.GrpcClientProtocolClient (GrpcClientProtocolClient.java:onNext(255)) - client-391BA870FC40->947ec526-030f-41cc-8af7-a6f75e712ab0: receive RaftClientReply:client-391BA870FC40->947ec526-030f-41cc-8af7-a6f75e712ab0@group-5D45C35602B2, cid=1293, SUCCESS, logIndex=1830, commits[947ec526-030f-41cc-8af7-a6f75e712ab0:c1830, c447b9b6-dde2-4ce7-aa81-d0e2eddc8fe9:c1828, 28b540ac-241d-462a-a56c-509e92928066:c1828]
2019-08-20 22:34:21,952 | INFO  | DNAudit | user=null | ip=null | op=WRITE_CHUNK {blockData=conID: 3 locID: 102651688507736536 bcsId: 1826} | ret=SUCCESS |  
2019-08-20 22:34:21,952 | INFO  | DNAudit | user=null | ip=null | op=WRITE_CHUNK {blockData=conID: 3 locID: 102651688507736536 bcsId: 1826} | ret=SUCCESS |  
2019-08-20 22:34:21,953 | INFO  | DNAudit | user=null | ip=null | op=PUT_BLOCK {blockData=[blockId=conID: 3 locID: 102651688507736536 bcsId: 0,size=4194304]} | ret=SUCCESS |  
2019-08-20 22:34:21,954 | INFO  | DNAudit | user=null | ip=null | op=PUT_BLOCK {blockData=[blockId=conID: 3 locID: 102651688507736536 bcsId: 0,size=4194304]} | ret=SUCCESS |  
2019-08-20 22:34:21,956 [grpc-default-executor-5] INFO  client.GrpcClientProtocolClient (GrpcClientProtocolClient.java:onNext(255)) - client-391BA870FC40->947ec526-030f-41cc-8af7-a6f75e712ab0: receive RaftClientReply:client-391BA870FC40->947ec526-030f-41cc-8af7-a6f75e712ab0@group-5D45C35602B2, cid=1294, SUCCESS, logIndex=0, commits[947ec526-030f-41cc-8af7-a6f75e712ab0:c1831, c447b9b6-dde2-4ce7-aa81-d0e2eddc8fe9:c1830, 28b540ac-241d-462a-a56c-509e92928066:c1830]
2019-08-20 22:34:21,962 | INFO  | SCMAudit | user=jenkins1000 | ip=192.168.5.142 | op=ALLOCATE_BLOCK {owner=6f694d07-2a2f-44d9-8e1c-aaa094a2f647, size=4194304, type=RATIS, factor=THREE} | ret=SUCCESS |  
2019-08-20 22:34:21,966 | INFO  | OMAudit | user=jenkins1000 | ip=127.0.0.1 | op=ALLOCATE_BLOCK {volume=vol-0-80747, bucket=bucket-0-27686, key=key-0-47435, dataSize=0, replicationType=null, replicationFactor=null, keyLocationInfo=null, clientID=102651687805452690} | ret=SUCCESS |  
2019-08-20 22:34:21,973 | INFO  | DNAudit | user=null | ip=null | op=WRITE_CHUNK {blockData=conID: 1 locID: 102651688515142105 bcsId: 0} | ret=SUCCESS |  
2019-08-20 22:34:21,976 | INFO  | DNAudit | user=null | ip=null | op=WRITE_CHUNK {blockData=conID: 1 locID: 102651688515142105 bcsId: 0} | ret=SUCCESS |  
2019-08-20 22:34:21,976 | INFO  | DNAudit | user=null | ip=null | op=WRITE_CHUNK {blockData=conID: 1 locID: 102651688515142105 bcsId: 0} | ret=SUCCESS |  
2019-08-20 22:34:21,978 | INFO  | DNAudit | user=null | ip=null | op=WRITE_CHUNK {blockData=conID: 1 locID: 102651688515142105 bcsId: 0} | ret=SUCCESS |  
2019-08-20 22:34:21,978 | INFO  | DNAudit | user=null | ip=null | op=WRITE_CHUNK {blockData=conID: 1 locID: 102651688515142105 bcsId: 0} | ret=SUCCESS |  
2019-08-20 22:34:21,979 | INFO  | DNAudit | user=null | ip=null | op=WRITE_CHUNK {blockData=conID: 1 locID: 102651688515142105 bcsId: 0} | ret=SUCCESS |  
2019-08-20 22:34:21,987 | INFO  | DNAudit | user=null | ip=null | op=WRITE_CHUNK {blockData=conID: 1 locID: 102651688515142105 bcsId: 0} | ret=SUCCESS |  
2019-08-20 22:34:21,988 | INFO  | DNAudit | user=null | ip=null | op=PUT_BLOCK {blockData=[blockId=conID: 1 locID: 102651688515142105 bcsId: 0,size=1048576]} | ret=SUCCESS |  
2019-08-20 22:34:21,988 | INFO  | DNAudit | user=null | ip=null | op=WRITE_CHUNK {blockData=conID: 1 locID: 102651688515142105 bcsId: 0} | ret=SUCCESS |  
2019-08-20 22:34:21,988 [grpc-default-executor-2] INFO  client.GrpcClientProtocolClient (GrpcClientProtocolClient.java:onNext(255)) - client-391BA870FC40->947ec526-030f-41cc-8af7-a6f75e712ab0: receive RaftClientReply:client-391BA870FC40->947ec526-030f-41cc-8af7-a6f75e712ab0@group-5D45C35602B2, cid=1295, SUCCESS, logIndex=1833, commits[947ec526-030f-41cc-8af7-a6f75e712ab0:c1835, c447b9b6-dde2-4ce7-aa81-d0e2eddc8fe9:c1832, 28b540ac-241d-462a-a56c-509e92928066:c1832]
2019-08-20 22:34:21,989 | INFO  | DNAudit | user=null | ip=null | op=PUT_BLOCK {blockData=[blockId=conID: 1 locID: 102651688515142105 bcsId: 0,size=2097152]} | ret=SUCCESS |  
2019-08-20 22:34:21,989 [grpc-default-executor-2] INFO  client.GrpcClientProtocolClient (GrpcClientProtocolClient.java:onNext(255)) - client-391BA870FC40->947ec526-030f-41cc-8af7-a6f75e712ab0: receive RaftClientReply:client-391BA870FC40->947ec526-030f-41cc-8af7-a6f75e712ab0@group-5D45C35602B2, cid=1296, SUCCESS, logIndex=1834, commits[947ec526-030f-41cc-8af7-a6f75e712ab0:c1836, c447b9b6-dde2-4ce7-aa81-d0e2eddc8fe9:c1832, 28b540ac-241d-462a-a56c-509e92928066:c1832]
2019-08-20 22:34:21,989 [grpc-default-executor-2] INFO  client.GrpcClientProtocolClient (GrpcClientProtocolClient.java:onNext(255)) - client-391BA870FC40->947ec526-030f-41cc-8af7-a6f75e712ab0: receive RaftClientReply:client-391BA870FC40->947ec526-030f-41cc-8af7-a6f75e712ab0@group-5D45C35602B2, cid=1297, SUCCESS, logIndex=1835, commits[947ec526-030f-41cc-8af7-a6f75e712ab0:c1836, c447b9b6-dde2-4ce7-aa81-d0e2eddc8fe9:c1832, 28b540ac-241d-462a-a56c-509e92928066:c1832]
2019-08-20 22:34:21,990 [grpc-default-executor-2] INFO  client.GrpcClientProtocolClient (GrpcClientProtocolClient.java:onNext(255)) - client-391BA870FC40->947ec526-030f-41cc-8af7-a6f75e712ab0: receive RaftClientReply:client-391BA870FC40->947ec526-030f-41cc-8af7-a6f75e712ab0@group-5D45C35602B2, cid=1298, SUCCESS, logIndex=1836, commits[947ec526-030f-41cc-8af7-a6f75e712ab0:c1836, c447b9b6-dde2-4ce7-aa81-d0e2eddc8fe9:c1832, 28b540ac-241d-462a-a56c-509e92928066:c1832]
2019-08-20 22:34:21,990 | INFO  | DNAudit | user=null | ip=null | op=WRITE_CHUNK {blockData=conID: 1 locID: 102651688515142105 bcsId: 0} | ret=SUCCESS |  
2019-08-20 22:34:21,990 | INFO  | DNAudit | user=null | ip=null | op=WRITE_CHUNK {blockData=conID: 1 locID: 102651688515142105 bcsId: 0} | ret=SUCCESS |  
2019-08-20 22:34:21,990 | INFO  | DNAudit | user=null | ip=null | op=PUT_BLOCK {blockData=[blockId=conID: 1 locID: 102651688515142105 bcsId: 0,size=1048576]} | ret=SUCCESS |  
2019-08-20 22:34:21,991 | INFO  | DNAudit | user=null | ip=null | op=WRITE_CHUNK {blockData=conID: 1 locID: 102651688515142105 bcsId: 0} | ret=SUCCESS |  
2019-08-20 22:34:22,003 | INFO  | DNAudit | user=null | ip=null | op=PUT_BLOCK {blockData=[blockId=conID: 1 locID: 102651688515142105 bcsId: 0,size=1048576]} | ret=SUCCESS |  
2019-08-20 22:34:22,003 | INFO  | DNAudit | user=null | ip=null | op=WRITE_CHUNK {blockData=conID: 1 locID: 102651688515142105 bcsId: 0} | ret=SUCCESS |  
2019-08-20 22:34:22,004 | INFO  | DNAudit | user=null | ip=null | op=PUT_BLOCK {blockData=[blockId=conID: 1 locID: 102651688515142105 bcsId: 0,size=2097152]} | ret=SUCCESS |  
2019-08-20 22:34:22,004 | INFO  | DNAudit | user=null | ip=null | op=PUT_BLOCK {blockData=[blockId=conID: 1 locID: 102651688515142105 bcsId: 0,size=2097152]} | ret=SUCCESS |  
2019-08-20 22:34:22,004 [grpc-default-executor-2] INFO  client.GrpcClientProtocolClient (GrpcClientProtocolClient.java:onNext(255)) - client-391BA870FC40->947ec526-030f-41cc-8af7-a6f75e712ab0: receive RaftClientReply:client-391BA870FC40->947ec526-030f-41cc-8af7-a6f75e712ab0@group-5D45C35602B2, cid=1299, SUCCESS, logIndex=0, commits[947ec526-030f-41cc-8af7-a6f75e712ab0:c1838, c447b9b6-dde2-4ce7-aa81-d0e2eddc8fe9:c1835, 28b540ac-241d-462a-a56c-509e92928066:c1835]
2019-08-20 22:34:22,016 | INFO  | DNAudit | user=null | ip=null | op=WRITE_CHUNK {blockData=conID: 1 locID: 102651688515142105 bcsId: 1836} | ret=SUCCESS |  
2019-08-20 22:34:22,018 | INFO  | DNAudit | user=null | ip=null | op=WRITE_CHUNK {blockData=conID: 1 locID: 102651688515142105 bcsId: 1836} | ret=SUCCESS |  
2019-08-20 22:34:22,019 | INFO  | DNAudit | user=null | ip=null | op=WRITE_CHUNK {blockData=conID: 1 locID: 102651688515142105 bcsId: 1836} | ret=SUCCESS |  
2019-08-20 22:34:22,030 | INFO  | DNAudit | user=null | ip=null | op=WRITE_CHUNK {blockData=conID: 1 locID: 102651688515142105 bcsId: 1836} | ret=SUCCESS |  
2019-08-20 22:34:22,031 | INFO  | DNAudit | user=null | ip=null | op=PUT_BLOCK {blockData=[blockId=conID: 1 locID: 102651688515142105 bcsId: 0,size=3145728]} | ret=SUCCESS |  
2019-08-20 22:34:22,031 [grpc-default-executor-2] INFO  client.GrpcClientProtocolClient (GrpcClientProtocolClient.java:onNext(255)) - client-391BA870FC40->947ec526-030f-41cc-8af7-a6f75e712ab0: receive RaftClientReply:client-391BA870FC40->947ec526-030f-41cc-8af7-a6f75e712ab0@group-5D45C35602B2, cid=1300, SUCCESS, logIndex=1840, commits[947ec526-030f-41cc-8af7-a6f75e712ab0:c1841, c447b9b6-dde2-4ce7-aa81-d0e2eddc8fe9:c1839, 28b540ac-241d-462a-a56c-509e92928066:c1839]
2019-08-20 22:34:22,032 [grpc-default-executor-2] INFO  client.GrpcClientProtocolClient (GrpcClientProtocolClient.java:onNext(255)) - client-391BA870FC40->947ec526-030f-41cc-8af7-a6f75e712ab0: receive RaftClientReply:client-391BA870FC40->947ec526-030f-41cc-8af7-a6f75e712ab0@group-5D45C35602B2, cid=1301, SUCCESS, logIndex=1841, commits[947ec526-030f-41cc-8af7-a6f75e712ab0:c1841, c447b9b6-dde2-4ce7-aa81-d0e2eddc8fe9:c1839, 28b540ac-241d-462a-a56c-509e92928066:c1839]
2019-08-20 22:34:22,039 | INFO  | DNAudit | user=null | ip=null | op=WRITE_CHUNK {blockData=conID: 1 locID: 102651688515142105 bcsId: 1841} | ret=SUCCESS |  
2019-08-20 22:34:22,043 | INFO  | DNAudit | user=null | ip=null | op=WRITE_CHUNK {blockData=conID: 1 locID: 102651688515142105 bcsId: 1841} | ret=SUCCESS |  
2019-08-20 22:34:22,043 | INFO  | DNAudit | user=null | ip=null | op=WRITE_CHUNK {blockData=conID: 1 locID: 102651688515142105 bcsId: 1841} | ret=SUCCESS |  
2019-08-20 22:34:22,043 | INFO  | DNAudit | user=null | ip=null | op=WRITE_CHUNK {blockData=conID: 1 locID: 102651688515142105 bcsId: 1836} | ret=SUCCESS |  
2019-08-20 22:34:22,043 | INFO  | DNAudit | user=null | ip=null | op=WRITE_CHUNK {blockData=conID: 1 locID: 102651688515142105 bcsId: 1836} | ret=SUCCESS |  
2019-08-20 22:34:22,044 | INFO  | DNAudit | user=null | ip=null | op=PUT_BLOCK {blockData=[blockId=conID: 1 locID: 102651688515142105 bcsId: 0,size=3145728]} | ret=SUCCESS |  
2019-08-20 22:34:22,044 | INFO  | DNAudit | user=null | ip=null | op=PUT_BLOCK {blockData=[blockId=conID: 1 locID: 102651688515142105 bcsId: 0,size=3145728]} | ret=SUCCESS |  
2019-08-20 22:34:22,058 | INFO  | DNAudit | user=null | ip=null | op=WRITE_CHUNK {blockData=conID: 1 locID: 102651688515142105 bcsId: 1841} | ret=SUCCESS |  
2019-08-20 22:34:22,058 | INFO  | DNAudit | user=null | ip=null | op=PUT_BLOCK {blockData=[blockId=conID: 1 locID: 102651688515142105 bcsId: 0,size=4194304]} | ret=SUCCESS |  
2019-08-20 22:34:22,059 [grpc-default-executor-5] INFO  client.GrpcClientProtocolClient (GrpcClientProtocolClient.java:onNext(255)) - client-391BA870FC40->947ec526-030f-41cc-8af7-a6f75e712ab0: receive RaftClientReply:client-391BA870FC40->947ec526-030f-41cc-8af7-a6f75e712ab0@group-5D45C35602B2, cid=1302, SUCCESS, logIndex=1844, commits[947ec526-030f-41cc-8af7-a6f75e712ab0:c1845, c447b9b6-dde2-4ce7-aa81-d0e2eddc8fe9:c1841, 28b540ac-241d-462a-a56c-509e92928066:c1841]
2019-08-20 22:34:22,059 [grpc-default-executor-5] INFO  client.GrpcClientProtocolClient (GrpcClientProtocolClient.java:onNext(255)) - client-391BA870FC40->947ec526-030f-41cc-8af7-a6f75e712ab0: receive RaftClientReply:client-391BA870FC40->947ec526-030f-41cc-8af7-a6f75e712ab0@group-5D45C35602B2, cid=1303, SUCCESS, logIndex=1845, commits[947ec526-030f-41cc-8af7-a6f75e712ab0:c1845, c447b9b6-dde2-4ce7-aa81-d0e2eddc8fe9:c1841, 28b540ac-241d-462a-a56c-509e92928066:c1841]
2019-08-20 22:34:22,071 | INFO  | DNAudit | user=null | ip=null | op=WRITE_CHUNK {blockData=conID: 1 locID: 102651688515142105 bcsId: 1841} | ret=SUCCESS |  
2019-08-20 22:34:22,071 | INFO  | DNAudit | user=null | ip=null | op=WRITE_CHUNK {blockData=conID: 1 locID: 102651688515142105 bcsId: 1841} | ret=SUCCESS |  
2019-08-20 22:34:22,071 | INFO  | DNAudit | user=null | ip=null | op=PUT_BLOCK {blockData=[blockId=conID: 1 locID: 102651688515142105 bcsId: 0,size=4194304]} | ret=SUCCESS |  
2019-08-20 22:34:22,071 | INFO  | DNAudit | user=null | ip=null | op=PUT_BLOCK {blockData=[blockId=conID: 1 locID: 102651688515142105 bcsId: 0,size=4194304]} | ret=SUCCESS |  
2019-08-20 22:34:22,072 [grpc-default-executor-5] INFO  client.GrpcClientProtocolClient (GrpcClientProtocolClient.java:onNext(255)) - client-391BA870FC40->947ec526-030f-41cc-8af7-a6f75e712ab0: receive RaftClientReply:client-391BA870FC40->947ec526-030f-41cc-8af7-a6f75e712ab0@group-5D45C35602B2, cid=1304, SUCCESS, logIndex=0, commits[947ec526-030f-41cc-8af7-a6f75e712ab0:c1845, c447b9b6-dde2-4ce7-aa81-d0e2eddc8fe9:c1845, 28b540ac-241d-462a-a56c-509e92928066:c1845]
2019-08-20 22:34:22,077 | INFO  | SCMAudit | user=jenkins1000 | ip=192.168.5.142 | op=ALLOCATE_BLOCK {owner=6f694d07-2a2f-44d9-8e1c-aaa094a2f647, size=4194304, type=RATIS, factor=THREE} | ret=SUCCESS |  
2019-08-20 22:34:22,080 | INFO  | OMAudit | user=jenkins1000 | ip=127.0.0.1 | op=ALLOCATE_BLOCK {volume=vol-0-80747, bucket=bucket-0-27686, key=key-0-47435, dataSize=0, replicationType=null, replicationFactor=null, keyLocationInfo=null, clientID=102651687805452690} | ret=SUCCESS |  
2019-08-20 22:34:22,089 | INFO  | DNAudit | user=null | ip=null | op=WRITE_CHUNK {blockData=conID: 2 locID: 102651688522678746 bcsId: 0} | ret=SUCCESS |  
2019-08-20 22:34:22,092 | INFO  | DNAudit | user=null | ip=null | op=WRITE_CHUNK {blockData=conID: 2 locID: 102651688522678746 bcsId: 0} | ret=SUCCESS |  
2019-08-20 22:34:22,092 | INFO  | DNAudit | user=null | ip=null | op=WRITE_CHUNK {blockData=conID: 2 locID: 102651688522678746 bcsId: 0} | ret=SUCCESS |  
2019-08-20 22:34:22,092 | INFO  | DNAudit | user=null | ip=null | op=WRITE_CHUNK {blockData=conID: 2 locID: 102651688522678746 bcsId: 0} | ret=SUCCESS |  
2019-08-20 22:34:22,094 | INFO  | DNAudit | user=null | ip=null | op=WRITE_CHUNK {blockData=conID: 2 locID: 102651688522678746 bcsId: 0} | ret=SUCCESS |  
2019-08-20 22:34:22,094 | INFO  | DNAudit | user=null | ip=null | op=WRITE_CHUNK {blockData=conID: 2 locID: 102651688522678746 bcsId: 0} | ret=SUCCESS |  
2019-08-20 22:34:22,103 | INFO  | DNAudit | user=null | ip=null | op=WRITE_CHUNK {blockData=conID: 2 locID: 102651688522678746 bcsId: 0} | ret=SUCCESS |  
2019-08-20 22:34:22,104 | INFO  | DNAudit | user=null | ip=null | op=PUT_BLOCK {blockData=[blockId=conID: 2 locID: 102651688522678746 bcsId: 0,size=1048576]} | ret=SUCCESS |  
2019-08-20 22:34:22,105 [grpc-default-executor-3] INFO  client.GrpcClientProtocolClient (GrpcClientProtocolClient.java:onNext(255)) - client-391BA870FC40->947ec526-030f-41cc-8af7-a6f75e712ab0: receive RaftClientReply:client-391BA870FC40->947ec526-030f-41cc-8af7-a6f75e712ab0@group-5D45C35602B2, cid=1305, SUCCESS, logIndex=1848, commits[947ec526-030f-41cc-8af7-a6f75e712ab0:c1849, c447b9b6-dde2-4ce7-aa81-d0e2eddc8fe9:c1847, 28b540ac-241d-462a-a56c-509e92928066:c1847]
2019-08-20 22:34:22,105 [grpc-default-executor-3] INFO  client.GrpcClientProtocolClient (GrpcClientProtocolClient.java:onNext(255)) - client-391BA870FC40->947ec526-030f-41cc-8af7-a6f75e712ab0: receive RaftClientReply:client-391BA870FC40->947ec526-030f-41cc-8af7-a6f75e712ab0@group-5D45C35602B2, cid=1306, SUCCESS, logIndex=1849, commits[947ec526-030f-41cc-8af7-a6f75e712ab0:c1849, c447b9b6-dde2-4ce7-aa81-d0e2eddc8fe9:c1847, 28b540ac-241d-462a-a56c-509e92928066:c1847]
2019-08-20 22:34:22,113 | INFO  | DNAudit | user=null | ip=null | op=WRITE_CHUNK {blockData=conID: 2 locID: 102651688522678746 bcsId: 0} | ret=SUCCESS |  
2019-08-20 22:34:22,113 | INFO  | DNAudit | user=null | ip=null | op=PUT_BLOCK {blockData=[blockId=conID: 2 locID: 102651688522678746 bcsId: 0,size=2097152]} | ret=SUCCESS |  
2019-08-20 22:34:22,113 [grpc-default-executor-3] INFO  client.GrpcClientProtocolClient (GrpcClientProtocolClient.java:onNext(255)) - client-391BA870FC40->947ec526-030f-41cc-8af7-a6f75e712ab0: receive RaftClientReply:client-391BA870FC40->947ec526-030f-41cc-8af7-a6f75e712ab0@group-5D45C35602B2, cid=1307, SUCCESS, logIndex=1850, commits[947ec526-030f-41cc-8af7-a6f75e712ab0:c1851, c447b9b6-dde2-4ce7-aa81-d0e2eddc8fe9:c1847, 28b540ac-241d-462a-a56c-509e92928066:c1847]
2019-08-20 22:34:22,114 [grpc-default-executor-3] INFO  client.GrpcClientProtocolClient (GrpcClientProtocolClient.java:onNext(255)) - client-391BA870FC40->947ec526-030f-41cc-8af7-a6f75e712ab0: receive RaftClientReply:client-391BA870FC40->947ec526-030f-41cc-8af7-a6f75e712ab0@group-5D45C35602B2, cid=1308, SUCCESS, logIndex=1851, commits[947ec526-030f-41cc-8af7-a6f75e712ab0:c1851, c447b9b6-dde2-4ce7-aa81-d0e2eddc8fe9:c1847, 28b540ac-241d-462a-a56c-509e92928066:c1847]
2019-08-20 22:34:22,122 | INFO  | DNAudit | user=null | ip=null | op=WRITE_CHUNK {blockData=conID: 2 locID: 102651688522678746 bcsId: 0} | ret=SUCCESS |  
2019-08-20 22:34:22,122 | INFO  | DNAudit | user=null | ip=null | op=WRITE_CHUNK {blockData=conID: 2 locID: 102651688522678746 bcsId: 0} | ret=SUCCESS |  
2019-08-20 22:34:22,122 | INFO  | DNAudit | user=null | ip=null | op=PUT_BLOCK {blockData=[blockId=conID: 2 locID: 102651688522678746 bcsId: 0,size=1048576]} | ret=SUCCESS |  
2019-08-20 22:34:22,125 | INFO  | DNAudit | user=null | ip=null | op=PUT_BLOCK {blockData=[blockId=conID: 2 locID: 102651688522678746 bcsId: 0,size=1048576]} | ret=SUCCESS |  
2019-08-20 22:34:22,126 [grpc-default-executor-3] INFO  client.GrpcClientProtocolClient (GrpcClientProtocolClient.java:onNext(255)) - client-391BA870FC40->947ec526-030f-41cc-8af7-a6f75e712ab0: receive RaftClientReply:client-391BA870FC40->947ec526-030f-41cc-8af7-a6f75e712ab0@group-5D45C35602B2, cid=1309, SUCCESS, logIndex=0, commits[947ec526-030f-41cc-8af7-a6f75e712ab0:c1853, c447b9b6-dde2-4ce7-aa81-d0e2eddc8fe9:c1849, 28b540ac-241d-462a-a56c-509e92928066:c1849]
2019-08-20 22:34:22,134 | INFO  | DNAudit | user=null | ip=null | op=WRITE_CHUNK {blockData=conID: 2 locID: 102651688522678746 bcsId: 1851} | ret=SUCCESS |  
2019-08-20 22:34:22,136 | INFO  | DNAudit | user=null | ip=null | op=WRITE_CHUNK {blockData=conID: 2 locID: 102651688522678746 bcsId: 1851} | ret=SUCCESS |  
2019-08-20 22:34:22,137 | INFO  | DNAudit | user=null | ip=null | op=WRITE_CHUNK {blockData=conID: 2 locID: 102651688522678746 bcsId: 1851} | ret=SUCCESS |  
2019-08-20 22:34:22,145 | INFO  | DNAudit | user=null | ip=null | op=WRITE_CHUNK {blockData=conID: 2 locID: 102651688522678746 bcsId: 0} | ret=SUCCESS |  
2019-08-20 22:34:22,145 | INFO  | DNAudit | user=null | ip=null | op=WRITE_CHUNK {blockData=conID: 2 locID: 102651688522678746 bcsId: 0} | ret=SUCCESS |  
2019-08-20 22:34:22,145 | INFO  | DNAudit | user=null | ip=null | op=PUT_BLOCK {blockData=[blockId=conID: 2 locID: 102651688522678746 bcsId: 0,size=2097152]} | ret=SUCCESS |  
2019-08-20 22:34:22,145 | INFO  | DNAudit | user=null | ip=null | op=WRITE_CHUNK {blockData=conID: 2 locID: 102651688522678746 bcsId: 1851} | ret=SUCCESS |  
2019-08-20 22:34:22,145 | INFO  | DNAudit | user=null | ip=null | op=PUT_BLOCK {blockData=[blockId=conID: 2 locID: 102651688522678746 bcsId: 0,size=2097152]} | ret=SUCCESS |  
2019-08-20 22:34:22,146 | INFO  | DNAudit | user=null | ip=null | op=PUT_BLOCK {blockData=[blockId=conID: 2 locID: 102651688522678746 bcsId: 0,size=3145728]} | ret=SUCCESS |  
2019-08-20 22:34:22,146 [grpc-default-executor-3] INFO  client.GrpcClientProtocolClient (GrpcClientProtocolClient.java:onNext(255)) - client-391BA870FC40->947ec526-030f-41cc-8af7-a6f75e712ab0: receive RaftClientReply:client-391BA870FC40->947ec526-030f-41cc-8af7-a6f75e712ab0@group-5D45C35602B2, cid=1310, SUCCESS, logIndex=1856, commits[947ec526-030f-41cc-8af7-a6f75e712ab0:c1857, c447b9b6-dde2-4ce7-aa81-d0e2eddc8fe9:c1855, 28b540ac-241d-462a-a56c-509e92928066:c1855]
2019-08-20 22:34:22,147 [grpc-default-executor-3] INFO  client.GrpcClientProtocolClient (GrpcClientProtocolClient.java:onNext(255)) - client-391BA870FC40->947ec526-030f-41cc-8af7-a6f75e712ab0: receive RaftClientReply:client-391BA870FC40->947ec526-030f-41cc-8af7-a6f75e712ab0@group-5D45C35602B2, cid=1311, SUCCESS, logIndex=1857, commits[947ec526-030f-41cc-8af7-a6f75e712ab0:c1857, c447b9b6-dde2-4ce7-aa81-d0e2eddc8fe9:c1855, 28b540ac-241d-462a-a56c-509e92928066:c1855]
2019-08-20 22:34:22,154 | INFO  | DNAudit | user=null | ip=null | op=WRITE_CHUNK {blockData=conID: 2 locID: 102651688522678746 bcsId: 1857} | ret=SUCCESS |  
2019-08-20 22:34:22,157 | INFO  | DNAudit | user=null | ip=null | op=WRITE_CHUNK {blockData=conID: 2 locID: 102651688522678746 bcsId: 1851} | ret=SUCCESS |  
2019-08-20 22:34:22,157 | INFO  | DNAudit | user=null | ip=null | op=WRITE_CHUNK {blockData=conID: 2 locID: 102651688522678746 bcsId: 1851} | ret=SUCCESS |  
2019-08-20 22:34:22,157 | INFO  | DNAudit | user=null | ip=null | op=PUT_BLOCK {blockData=[blockId=conID: 2 locID: 102651688522678746 bcsId: 0,size=3145728]} | ret=SUCCESS |  
2019-08-20 22:34:22,157 | INFO  | DNAudit | user=null | ip=null | op=WRITE_CHUNK {blockData=conID: 2 locID: 102651688522678746 bcsId: 1857} | ret=SUCCESS |  
2019-08-20 22:34:22,158 | INFO  | DNAudit | user=null | ip=null | op=WRITE_CHUNK {blockData=conID: 2 locID: 102651688522678746 bcsId: 1857} | ret=SUCCESS |  
2019-08-20 22:34:22,157 | INFO  | DNAudit | user=null | ip=null | op=PUT_BLOCK {blockData=[blockId=conID: 2 locID: 102651688522678746 bcsId: 0,size=3145728]} | ret=SUCCESS |  
2019-08-20 22:34:22,161 | INFO  | SCMAudit | user=jenkins1000 | ip=192.168.5.142 | op=SEND_HEARTBEAT {datanodeUUID=c447b9b6-dde2-4ce7-aa81-d0e2eddc8fe9, command=[]} | ret=SUCCESS |  
2019-08-20 22:34:22,161 | INFO  | SCMAudit | user=jenkins1000 | ip=192.168.5.142 | op=SEND_HEARTBEAT {datanodeUUID=28b540ac-241d-462a-a56c-509e92928066, command=[]} | ret=SUCCESS |  
2019-08-20 22:34:22,162 | INFO  | SCMAudit | user=jenkins1000 | ip=192.168.5.142 | op=SEND_HEARTBEAT {datanodeUUID=eafd9314-3f13-422a-a2ac-adfcde2d7481, command=[]} | ret=SUCCESS |  
2019-08-20 22:34:22,162 | INFO  | SCMAudit | user=jenkins1000 | ip=192.168.5.142 | op=SEND_HEARTBEAT {datanodeUUID=947ec526-030f-41cc-8af7-a6f75e712ab0, command=[]} | ret=SUCCESS |  
 0.00% |█                                                                                                    |  0/1 Time: 0:00:112019-08-20 22:34:22,169 | INFO  | DNAudit | user=null | ip=null | op=WRITE_CHUNK {blockData=conID: 2 locID: 102651688522678746 bcsId: 1857} | ret=SUCCESS |  
2019-08-20 22:34:22,170 | INFO  | DNAudit | user=null | ip=null | op=PUT_BLOCK {blockData=[blockId=conID: 2 locID: 102651688522678746 bcsId: 0,size=4194304]} | ret=SUCCESS |  
2019-08-20 22:34:22,171 [grpc-default-executor-5] INFO  client.GrpcClientProtocolClient (GrpcClientProtocolClient.java:onNext(255)) - client-391BA870FC40->947ec526-030f-41cc-8af7-a6f75e712ab0: receive RaftClientReply:client-391BA870FC40->947ec526-030f-41cc-8af7-a6f75e712ab0@group-5D45C35602B2, cid=1312, SUCCESS, logIndex=1860, commits[947ec526-030f-41cc-8af7-a6f75e712ab0:c1860, c447b9b6-dde2-4ce7-aa81-d0e2eddc8fe9:c1857, 28b540ac-241d-462a-a56c-509e92928066:c1857]
2019-08-20 22:34:22,172 [grpc-default-executor-5] INFO  client.GrpcClientProtocolClient (GrpcClientProtocolClient.java:onNext(255)) - client-391BA870FC40->947ec526-030f-41cc-8af7-a6f75e712ab0: receive RaftClientReply:client-391BA870FC40->947ec526-030f-41cc-8af7-a6f75e712ab0@group-5D45C35602B2, cid=1313, SUCCESS, logIndex=1861, commits[947ec526-030f-41cc-8af7-a6f75e712ab0:c1861, c447b9b6-dde2-4ce7-aa81-d0e2eddc8fe9:c1857, 28b540ac-241d-462a-a56c-509e92928066:c1857]
2019-08-20 22:34:22,190 | INFO  | DNAudit | user=null | ip=null | op=WRITE_CHUNK {blockData=conID: 2 locID: 102651688522678746 bcsId: 1857} | ret=SUCCESS |  
2019-08-20 22:34:22,191 | INFO  | DNAudit | user=null | ip=null | op=WRITE_CHUNK {blockData=conID: 2 locID: 102651688522678746 bcsId: 1857} | ret=SUCCESS |  
2019-08-20 22:34:22,198 | INFO  | DNAudit | user=null | ip=null | op=PUT_BLOCK {blockData=[blockId=conID: 2 locID: 102651688522678746 bcsId: 0,size=4194304]} | ret=SUCCESS |  
2019-08-20 22:34:22,198 | INFO  | DNAudit | user=null | ip=null | op=PUT_BLOCK {blockData=[blockId=conID: 2 locID: 102651688522678746 bcsId: 0,size=4194304]} | ret=SUCCESS |  
2019-08-20 22:34:22,198 [grpc-default-executor-3] INFO  client.GrpcClientProtocolClient (GrpcClientProtocolClient.java:onNext(255)) - client-391BA870FC40->947ec526-030f-41cc-8af7-a6f75e712ab0: receive RaftClientReply:client-391BA870FC40->947ec526-030f-41cc-8af7-a6f75e712ab0@group-5D45C35602B2, cid=1314, SUCCESS, logIndex=0, commits[947ec526-030f-41cc-8af7-a6f75e712ab0:c1863, c447b9b6-dde2-4ce7-aa81-d0e2eddc8fe9:c1861, 28b540ac-241d-462a-a56c-509e92928066:c1861]
2019-08-20 22:34:22,203 | INFO  | SCMAudit | user=jenkins1000 | ip=192.168.5.142 | op=ALLOCATE_BLOCK {owner=6f694d07-2a2f-44d9-8e1c-aaa094a2f647, size=4194304, type=RATIS, factor=THREE} | ret=SUCCESS |  
2019-08-20 22:34:22,207 | INFO  | OMAudit | user=jenkins1000 | ip=127.0.0.1 | op=ALLOCATE_BLOCK {volume=vol-0-80747, bucket=bucket-0-27686, key=key-0-47435, dataSize=0, replicationType=null, replicationFactor=null, keyLocationInfo=null, clientID=102651687805452690} | ret=SUCCESS |  
2019-08-20 22:34:22,219 | INFO  | DNAudit | user=null | ip=null | op=WRITE_CHUNK {blockData=conID: 3 locID: 102651688530936283 bcsId: 0} | ret=SUCCESS |  
2019-08-20 22:34:22,223 | INFO  | DNAudit | user=null | ip=null | op=WRITE_CHUNK {blockData=conID: 3 locID: 102651688530936283 bcsId: 0} | ret=SUCCESS |  
2019-08-20 22:34:22,223 | INFO  | DNAudit | user=null | ip=null | op=WRITE_CHUNK {blockData=conID: 3 locID: 102651688530936283 bcsId: 0} | ret=SUCCESS |  
2019-08-20 22:34:22,224 | INFO  | DNAudit | user=null | ip=null | op=WRITE_CHUNK {blockData=conID: 3 locID: 102651688530936283 bcsId: 0} | ret=SUCCESS |  
2019-08-20 22:34:22,226 | INFO  | DNAudit | user=null | ip=null | op=WRITE_CHUNK {blockData=conID: 3 locID: 102651688530936283 bcsId: 0} | ret=SUCCESS |  
2019-08-20 22:34:22,226 | INFO  | DNAudit | user=null | ip=null | op=WRITE_CHUNK {blockData=conID: 3 locID: 102651688530936283 bcsId: 0} | ret=SUCCESS |  
2019-08-20 22:34:22,232 | INFO  | DNAudit | user=null | ip=null | op=WRITE_CHUNK {blockData=conID: 3 locID: 102651688530936283 bcsId: 0} | ret=SUCCESS |  
2019-08-20 22:34:22,233 | INFO  | DNAudit | user=null | ip=null | op=PUT_BLOCK {blockData=[blockId=conID: 3 locID: 102651688530936283 bcsId: 0,size=1048576]} | ret=SUCCESS |  
2019-08-20 22:34:22,233 | INFO  | DNAudit | user=null | ip=null | op=WRITE_CHUNK {blockData=conID: 3 locID: 102651688530936283 bcsId: 0} | ret=SUCCESS |  
2019-08-20 22:34:22,237 [grpc-default-executor-4] INFO  client.GrpcClientProtocolClient (GrpcClientProtocolClient.java:onNext(255)) - client-391BA870FC40->947ec526-030f-41cc-8af7-a6f75e712ab0: receive RaftClientReply:client-391BA870FC40->947ec526-030f-41cc-8af7-a6f75e712ab0@group-5D45C35602B2, cid=1315, SUCCESS, logIndex=1864, commits[947ec526-030f-41cc-8af7-a6f75e712ab0:c1865, c447b9b6-dde2-4ce7-aa81-d0e2eddc8fe9:c1863, 28b540ac-241d-462a-a56c-509e92928066:c1863]
2019-08-20 22:34:22,237 | INFO  | DNAudit | user=null | ip=null | op=PUT_BLOCK {blockData=[blockId=conID: 3 locID: 102651688530936283 bcsId: 0,size=2097152]} | ret=SUCCESS |  
2019-08-20 22:34:22,237 [grpc-default-executor-4] INFO  client.GrpcClientProtocolClient (GrpcClientProtocolClient.java:onNext(255)) - client-391BA870FC40->947ec526-030f-41cc-8af7-a6f75e712ab0: receive RaftClientReply:client-391BA870FC40->947ec526-030f-41cc-8af7-a6f75e712ab0@group-5D45C35602B2, cid=1316, SUCCESS, logIndex=1865, commits[947ec526-030f-41cc-8af7-a6f75e712ab0:c1866, c447b9b6-dde2-4ce7-aa81-d0e2eddc8fe9:c1863, 28b540ac-241d-462a-a56c-509e92928066:c1863]
2019-08-20 22:34:22,238 [grpc-default-executor-4] INFO  client.GrpcClientProtocolClient (GrpcClientProtocolClient.java:onNext(255)) - client-391BA870FC40->947ec526-030f-41cc-8af7-a6f75e712ab0: receive RaftClientReply:client-391BA870FC40->947ec526-030f-41cc-8af7-a6f75e712ab0@group-5D45C35602B2, cid=1317, SUCCESS, logIndex=1866, commits[947ec526-030f-41cc-8af7-a6f75e712ab0:c1867, c447b9b6-dde2-4ce7-aa81-d0e2eddc8fe9:c1863, 28b540ac-241d-462a-a56c-509e92928066:c1863]
2019-08-20 22:34:22,239 [grpc-default-executor-4] INFO  client.GrpcClientProtocolClient (GrpcClientProtocolClient.java:onNext(255)) - client-391BA870FC40->947ec526-030f-41cc-8af7-a6f75e712ab0: receive RaftClientReply:client-391BA870FC40->947ec526-030f-41cc-8af7-a6f75e712ab0@group-5D45C35602B2, cid=1318, SUCCESS, logIndex=1867, commits[947ec526-030f-41cc-8af7-a6f75e712ab0:c1867, c447b9b6-dde2-4ce7-aa81-d0e2eddc8fe9:c1863, 28b540ac-241d-462a-a56c-509e92928066:c1863]
2019-08-20 22:34:22,245 | INFO  | DNAudit | user=null | ip=null | op=WRITE_CHUNK {blockData=conID: 3 locID: 102651688530936283 bcsId: 0} | ret=SUCCESS |  
2019-08-20 22:34:22,246 | INFO  | DNAudit | user=null | ip=null | op=PUT_BLOCK {blockData=[blockId=conID: 3 locID: 102651688530936283 bcsId: 0,size=1048576]} | ret=SUCCESS |  
2019-08-20 22:34:22,246 | INFO  | DNAudit | user=null | ip=null | op=WRITE_CHUNK {blockData=conID: 3 locID: 102651688530936283 bcsId: 0} | ret=SUCCESS |  
2019-08-20 22:34:22,246 | INFO  | DNAudit | user=null | ip=null | op=WRITE_CHUNK {blockData=conID: 3 locID: 102651688530936283 bcsId: 0} | ret=SUCCESS |  
2019-08-20 22:34:22,246 | INFO  | DNAudit | user=null | ip=null | op=PUT_BLOCK {blockData=[blockId=conID: 3 locID: 102651688530936283 bcsId: 0,size=2097152]} | ret=SUCCESS |  
2019-08-20 22:34:22,247 | INFO  | DNAudit | user=null | ip=null | op=PUT_BLOCK {blockData=[blockId=conID: 3 locID: 102651688530936283 bcsId: 0,size=1048576]} | ret=SUCCESS |  
2019-08-20 22:34:22,247 | INFO  | DNAudit | user=null | ip=null | op=WRITE_CHUNK {blockData=conID: 3 locID: 102651688530936283 bcsId: 0} | ret=SUCCESS |  
2019-08-20 22:34:22,247 | INFO  | DNAudit | user=null | ip=null | op=PUT_BLOCK {blockData=[blockId=conID: 3 locID: 102651688530936283 bcsId: 0,size=2097152]} | ret=SUCCESS |  
2019-08-20 22:34:22,247 [grpc-default-executor-4] INFO  client.GrpcClientProtocolClient (GrpcClientProtocolClient.java:onNext(255)) - client-391BA870FC40->947ec526-030f-41cc-8af7-a6f75e712ab0: receive RaftClientReply:client-391BA870FC40->947ec526-030f-41cc-8af7-a6f75e712ab0@group-5D45C35602B2, cid=1319, SUCCESS, logIndex=0, commits[947ec526-030f-41cc-8af7-a6f75e712ab0:c1871, c447b9b6-dde2-4ce7-aa81-d0e2eddc8fe9:c1867, 28b540ac-241d-462a-a56c-509e92928066:c1865]
2019-08-20 22:34:22,256 | INFO  | DNAudit | user=null | ip=null | op=WRITE_CHUNK {blockData=conID: 3 locID: 102651688530936283 bcsId: 1867} | ret=SUCCESS |  
2019-08-20 22:34:22,258 | INFO  | DNAudit | user=null | ip=null | op=WRITE_CHUNK {blockData=conID: 3 locID: 102651688530936283 bcsId: 1867} | ret=SUCCESS |  
2019-08-20 22:34:22,259 | INFO  | DNAudit | user=null | ip=null | op=WRITE_CHUNK {blockData=conID: 3 locID: 102651688530936283 bcsId: 1867} | ret=SUCCESS |  
2019-08-20 22:34:22,270 | INFO  | DNAudit | user=null | ip=null | op=WRITE_CHUNK {blockData=conID: 3 locID: 102651688530936283 bcsId: 1867} | ret=SUCCESS |  
2019-08-20 22:34:22,271 | INFO  | DNAudit | user=null | ip=null | op=PUT_BLOCK {blockData=[blockId=conID: 3 locID: 102651688530936283 bcsId: 0,size=3145728]} | ret=SUCCESS |  
2019-08-20 22:34:22,271 [grpc-default-executor-2] INFO  client.GrpcClientProtocolClient (GrpcClientProtocolClient.java:onNext(255)) - client-391BA870FC40->947ec526-030f-41cc-8af7-a6f75e712ab0: receive RaftClientReply:client-391BA870FC40->947ec526-030f-41cc-8af7-a6f75e712ab0@group-5D45C35602B2, cid=1320, SUCCESS, logIndex=1872, commits[947ec526-030f-41cc-8af7-a6f75e712ab0:c1873, c447b9b6-dde2-4ce7-aa81-d0e2eddc8fe9:c1871, 28b540ac-241d-462a-a56c-509e92928066:c1871]
2019-08-20 22:34:22,272 [grpc-default-executor-2] INFO  client.GrpcClientProtocolClient (GrpcClientProtocolClient.java:onNext(255)) - client-391BA870FC40->947ec526-030f-41cc-8af7-a6f75e712ab0: receive RaftClientReply:client-391BA870FC40->947ec526-030f-41cc-8af7-a6f75e712ab0@group-5D45C35602B2, cid=1321, SUCCESS, logIndex=1873, commits[947ec526-030f-41cc-8af7-a6f75e712ab0:c1873, c447b9b6-dde2-4ce7-aa81-d0e2eddc8fe9:c1871, 28b540ac-241d-462a-a56c-509e92928066:c1871]
2019-08-20 22:34:22,280 | INFO  | DNAudit | user=null | ip=null | op=WRITE_CHUNK {blockData=conID: 3 locID: 102651688530936283 bcsId: 1873} | ret=SUCCESS |  
2019-08-20 22:34:22,282 | INFO  | DNAudit | user=null | ip=null | op=WRITE_CHUNK {blockData=conID: 3 locID: 102651688530936283 bcsId: 1867} | ret=SUCCESS |  
2019-08-20 22:34:22,282 | INFO  | DNAudit | user=null | ip=null | op=WRITE_CHUNK {blockData=conID: 3 locID: 102651688530936283 bcsId: 1867} | ret=SUCCESS |  
2019-08-20 22:34:22,283 | INFO  | DNAudit | user=null | ip=null | op=PUT_BLOCK {blockData=[blockId=conID: 3 locID: 102651688530936283 bcsId: 0,size=3145728]} | ret=SUCCESS |  
2019-08-20 22:34:22,283 | INFO  | DNAudit | user=null | ip=null | op=PUT_BLOCK {blockData=[blockId=conID: 3 locID: 102651688530936283 bcsId: 0,size=3145728]} | ret=SUCCESS |  
2019-08-20 22:34:22,283 | INFO  | DNAudit | user=null | ip=null | op=WRITE_CHUNK {blockData=conID: 3 locID: 102651688530936283 bcsId: 1873} | ret=SUCCESS |  
2019-08-20 22:34:22,283 | INFO  | DNAudit | user=null | ip=null | op=WRITE_CHUNK {blockData=conID: 3 locID: 102651688530936283 bcsId: 1873} | ret=SUCCESS |  
2019-08-20 22:34:22,295 | INFO  | DNAudit | user=null | ip=null | op=WRITE_CHUNK {blockData=conID: 3 locID: 102651688530936283 bcsId: 1873} | ret=SUCCESS |  
2019-08-20 22:34:22,296 | INFO  | DNAudit | user=null | ip=null | op=PUT_BLOCK {blockData=[blockId=conID: 3 locID: 102651688530936283 bcsId: 0,size=4194304]} | ret=SUCCESS |  
2019-08-20 22:34:22,297 [grpc-default-executor-2] INFO  client.GrpcClientProtocolClient (GrpcClientProtocolClient.java:onNext(255)) - client-391BA870FC40->947ec526-030f-41cc-8af7-a6f75e712ab0: receive RaftClientReply:client-391BA870FC40->947ec526-030f-41cc-8af7-a6f75e712ab0@group-5D45C35602B2, cid=1322, SUCCESS, logIndex=1876, commits[947ec526-030f-41cc-8af7-a6f75e712ab0:c1877, c447b9b6-dde2-4ce7-aa81-d0e2eddc8fe9:c1873, 28b540ac-241d-462a-a56c-509e92928066:c1873]
2019-08-20 22:34:22,297 [grpc-default-executor-2] INFO  client.GrpcClientProtocolClient (GrpcClientProtocolClient.java:onNext(255)) - client-391BA870FC40->947ec526-030f-41cc-8af7-a6f75e712ab0: receive RaftClientReply:client-391BA870FC40->947ec526-030f-41cc-8af7-a6f75e712ab0@group-5D45C35602B2, cid=1323, SUCCESS, logIndex=1877, commits[947ec526-030f-41cc-8af7-a6f75e712ab0:c1877, c447b9b6-dde2-4ce7-aa81-d0e2eddc8fe9:c1873, 28b540ac-241d-462a-a56c-509e92928066:c1873]
2019-08-20 22:34:22,308 | INFO  | DNAudit | user=null | ip=null | op=WRITE_CHUNK {blockData=conID: 3 locID: 102651688530936283 bcsId: 1873} | ret=SUCCESS |  
2019-08-20 22:34:22,309 | INFO  | DNAudit | user=null | ip=null | op=WRITE_CHUNK {blockData=conID: 3 locID: 102651688530936283 bcsId: 1873} | ret=SUCCESS |  
2019-08-20 22:34:22,309 | INFO  | DNAudit | user=null | ip=null | op=PUT_BLOCK {blockData=[blockId=conID: 3 locID: 102651688530936283 bcsId: 0,size=4194304]} | ret=SUCCESS |  
2019-08-20 22:34:22,322 | INFO  | DNAudit | user=null | ip=null | op=PUT_BLOCK {blockData=[blockId=conID: 3 locID: 102651688530936283 bcsId: 0,size=4194304]} | ret=SUCCESS |  
2019-08-20 22:34:22,322 [grpc-default-executor-4] INFO  client.GrpcClientProtocolClient (GrpcClientProtocolClient.java:onNext(255)) - client-391BA870FC40->947ec526-030f-41cc-8af7-a6f75e712ab0: receive RaftClientReply:client-391BA870FC40->947ec526-030f-41cc-8af7-a6f75e712ab0@group-5D45C35602B2, cid=1324, SUCCESS, logIndex=0, commits[947ec526-030f-41cc-8af7-a6f75e712ab0:c1879, c447b9b6-dde2-4ce7-aa81-d0e2eddc8fe9:c1877, 28b540ac-241d-462a-a56c-509e92928066:c1877]
2019-08-20 22:34:22,328 | INFO  | SCMAudit | user=jenkins1000 | ip=192.168.5.142 | op=ALLOCATE_BLOCK {owner=6f694d07-2a2f-44d9-8e1c-aaa094a2f647, size=4194304, type=RATIS, factor=THREE} | ret=SUCCESS |  
2019-08-20 22:34:22,333 | INFO  | OMAudit | user=jenkins1000 | ip=127.0.0.1 | op=ALLOCATE_BLOCK {volume=vol-0-80747, bucket=bucket-0-27686, key=key-0-47435, dataSize=0, replicationType=null, replicationFactor=null, keyLocationInfo=null, clientID=102651687805452690} | ret=SUCCESS |  
2019-08-20 22:34:22,346 | INFO  | DNAudit | user=null | ip=null | op=WRITE_CHUNK {blockData=conID: 1 locID: 102651688539128284 bcsId: 0} | ret=SUCCESS |  
2019-08-20 22:34:22,350 | INFO  | DNAudit | user=null | ip=null | op=WRITE_CHUNK {blockData=conID: 1 locID: 102651688539128284 bcsId: 0} | ret=SUCCESS |  
2019-08-20 22:34:22,350 | INFO  | DNAudit | user=null | ip=null | op=WRITE_CHUNK {blockData=conID: 1 locID: 102651688539128284 bcsId: 0} | ret=SUCCESS |  
2019-08-20 22:34:22,352 | INFO  | DNAudit | user=null | ip=null | op=WRITE_CHUNK {blockData=conID: 1 locID: 102651688539128284 bcsId: 0} | ret=SUCCESS |  
2019-08-20 22:34:22,354 | INFO  | DNAudit | user=null | ip=null | op=WRITE_CHUNK {blockData=conID: 1 locID: 102651688539128284 bcsId: 0} | ret=SUCCESS |  
2019-08-20 22:34:22,354 | INFO  | DNAudit | user=null | ip=null | op=WRITE_CHUNK {blockData=conID: 1 locID: 102651688539128284 bcsId: 0} | ret=SUCCESS |  
2019-08-20 22:34:22,362 | INFO  | DNAudit | user=null | ip=null | op=WRITE_CHUNK {blockData=conID: 1 locID: 102651688539128284 bcsId: 0} | ret=SUCCESS |  
2019-08-20 22:34:22,362 | INFO  | DNAudit | user=null | ip=null | op=PUT_BLOCK {blockData=[blockId=conID: 1 locID: 102651688539128284 bcsId: 0,size=1048576]} | ret=SUCCESS |  
2019-08-20 22:34:22,363 [grpc-default-executor-4] INFO  client.GrpcClientProtocolClient (GrpcClientProtocolClient.java:onNext(255)) - client-391BA870FC40->947ec526-030f-41cc-8af7-a6f75e712ab0: receive RaftClientReply:client-391BA870FC40->947ec526-030f-41cc-8af7-a6f75e712ab0@group-5D45C35602B2, cid=1325, SUCCESS, logIndex=1880, commits[947ec526-030f-41cc-8af7-a6f75e712ab0:c1881, c447b9b6-dde2-4ce7-aa81-d0e2eddc8fe9:c1879, 28b540ac-241d-462a-a56c-509e92928066:c1879]
2019-08-20 22:34:22,363 [grpc-default-executor-4] INFO  client.GrpcClientProtocolClient (GrpcClientProtocolClient.java:onNext(255)) - client-391BA870FC40->947ec526-030f-41cc-8af7-a6f75e712ab0: receive RaftClientReply:client-391BA870FC40->947ec526-030f-41cc-8af7-a6f75e712ab0@group-5D45C35602B2, cid=1326, SUCCESS, logIndex=1881, commits[947ec526-030f-41cc-8af7-a6f75e712ab0:c1881, c447b9b6-dde2-4ce7-aa81-d0e2eddc8fe9:c1879, 28b540ac-241d-462a-a56c-509e92928066:c1879]
2019-08-20 22:34:22,374 | INFO  | DNAudit | user=null | ip=null | op=WRITE_CHUNK {blockData=conID: 1 locID: 102651688539128284 bcsId: 0} | ret=SUCCESS |  
2019-08-20 22:34:22,375 | INFO  | DNAudit | user=null | ip=null | op=PUT_BLOCK {blockData=[blockId=conID: 1 locID: 102651688539128284 bcsId: 0,size=2097152]} | ret=SUCCESS |  
2019-08-20 22:34:22,375 [grpc-default-executor-4] INFO  client.GrpcClientProtocolClient (GrpcClientProtocolClient.java:onNext(255)) - client-391BA870FC40->947ec526-030f-41cc-8af7-a6f75e712ab0: receive RaftClientReply:client-391BA870FC40->947ec526-030f-41cc-8af7-a6f75e712ab0@group-5D45C35602B2, cid=1327, SUCCESS, logIndex=1882, commits[947ec526-030f-41cc-8af7-a6f75e712ab0:c1883, c447b9b6-dde2-4ce7-aa81-d0e2eddc8fe9:c1879, 28b540ac-241d-462a-a56c-509e92928066:c1879]
2019-08-20 22:34:22,376 [grpc-default-executor-4] INFO  client.GrpcClientProtocolClient (GrpcClientProtocolClient.java:onNext(255)) - client-391BA870FC40->947ec526-030f-41cc-8af7-a6f75e712ab0: receive RaftClientReply:client-391BA870FC40->947ec526-030f-41cc-8af7-a6f75e712ab0@group-5D45C35602B2, cid=1328, SUCCESS, logIndex=1883, commits[947ec526-030f-41cc-8af7-a6f75e712ab0:c1883, c447b9b6-dde2-4ce7-aa81-d0e2eddc8fe9:c1879, 28b540ac-241d-462a-a56c-509e92928066:c1879]
2019-08-20 22:34:22,377 | INFO  | DNAudit | user=null | ip=null | op=WRITE_CHUNK {blockData=conID: 1 locID: 102651688539128284 bcsId: 0} | ret=SUCCESS |  
2019-08-20 22:34:22,377 | INFO  | DNAudit | user=null | ip=null | op=WRITE_CHUNK {blockData=conID: 1 locID: 102651688539128284 bcsId: 0} | ret=SUCCESS |  
2019-08-20 22:34:22,377 | INFO  | DNAudit | user=null | ip=null | op=PUT_BLOCK {blockData=[blockId=conID: 1 locID: 102651688539128284 bcsId: 0,size=1048576]} | ret=SUCCESS |  
2019-08-20 22:34:22,377 | INFO  | DNAudit | user=null | ip=null | op=PUT_BLOCK {blockData=[blockId=conID: 1 locID: 102651688539128284 bcsId: 0,size=1048576]} | ret=SUCCESS |  
2019-08-20 22:34:22,378 [grpc-default-executor-4] INFO  client.GrpcClientProtocolClient (GrpcClientProtocolClient.java:onNext(255)) - client-391BA870FC40->947ec526-030f-41cc-8af7-a6f75e712ab0: receive RaftClientReply:client-391BA870FC40->947ec526-030f-41cc-8af7-a6f75e712ab0@group-5D45C35602B2, cid=1329, SUCCESS, logIndex=0, commits[947ec526-030f-41cc-8af7-a6f75e712ab0:c1885, c447b9b6-dde2-4ce7-aa81-d0e2eddc8fe9:c1881, 28b540ac-241d-462a-a56c-509e92928066:c1881]
2019-08-20 22:34:22,388 | INFO  | DNAudit | user=null | ip=null | op=WRITE_CHUNK {blockData=conID: 1 locID: 102651688539128284 bcsId: 0} | ret=SUCCESS |  
2019-08-20 22:34:22,388 | INFO  | DNAudit | user=null | ip=null | op=WRITE_CHUNK {blockData=conID: 1 locID: 102651688539128284 bcsId: 1883} | ret=SUCCESS |  
2019-08-20 22:34:22,389 | INFO  | DNAudit | user=null | ip=null | op=WRITE_CHUNK {blockData=conID: 1 locID: 102651688539128284 bcsId: 0} | ret=SUCCESS |  
2019-08-20 22:34:22,389 | INFO  | DNAudit | user=null | ip=null | op=PUT_BLOCK {blockData=[blockId=conID: 1 locID: 102651688539128284 bcsId: 0,size=2097152]} | ret=SUCCESS |  
2019-08-20 22:34:22,389 | INFO  | DNAudit | user=null | ip=null | op=PUT_BLOCK {blockData=[blockId=conID: 1 locID: 102651688539128284 bcsId: 0,size=2097152]} | ret=SUCCESS |  
2019-08-20 22:34:22,391 | INFO  | DNAudit | user=null | ip=null | op=WRITE_CHUNK {blockData=conID: 1 locID: 102651688539128284 bcsId: 1883} | ret=SUCCESS |  
2019-08-20 22:34:22,392 | INFO  | DNAudit | user=null | ip=null | op=WRITE_CHUNK {blockData=conID: 1 locID: 102651688539128284 bcsId: 1883} | ret=SUCCESS |  
2019-08-20 22:34:22,393 | INFO  | DNAudit | user=null | ip=null | op=WRITE_CHUNK {blockData=conID: 1 locID: 102651688539128284 bcsId: 1883} | ret=SUCCESS |  
2019-08-20 22:34:22,393 | INFO  | DNAudit | user=null | ip=null | op=PUT_BLOCK {blockData=[blockId=conID: 1 locID: 102651688539128284 bcsId: 0,size=3145728]} | ret=SUCCESS |  
2019-08-20 22:34:22,394 [grpc-default-executor-3] INFO  client.GrpcClientProtocolClient (GrpcClientProtocolClient.java:onNext(255)) - client-391BA870FC40->947ec526-030f-41cc-8af7-a6f75e712ab0: receive RaftClientReply:client-391BA870FC40->947ec526-030f-41cc-8af7-a6f75e712ab0@group-5D45C35602B2, cid=1330, SUCCESS, logIndex=1888, commits[947ec526-030f-41cc-8af7-a6f75e712ab0:c1889, c447b9b6-dde2-4ce7-aa81-d0e2eddc8fe9:c1883, 28b540ac-241d-462a-a56c-509e92928066:c1885]
2019-08-20 22:34:22,394 | INFO  | DNAudit | user=null | ip=null | op=WRITE_CHUNK {blockData=conID: 1 locID: 102651688539128284 bcsId: 1883} | ret=SUCCESS |  
2019-08-20 22:34:22,394 | INFO  | DNAudit | user=null | ip=null | op=PUT_BLOCK {blockData=[blockId=conID: 1 locID: 102651688539128284 bcsId: 0,size=3145728]} | ret=SUCCESS |  
2019-08-20 22:34:22,395 | INFO  | DNAudit | user=null | ip=null | op=WRITE_CHUNK {blockData=conID: 1 locID: 102651688539128284 bcsId: 1883} | ret=SUCCESS |  
2019-08-20 22:34:22,395 | INFO  | DNAudit | user=null | ip=null | op=PUT_BLOCK {blockData=[blockId=conID: 1 locID: 102651688539128284 bcsId: 0,size=3145728]} | ret=SUCCESS |  
2019-08-20 22:34:22,395 [grpc-default-executor-3] INFO  client.GrpcClientProtocolClient (GrpcClientProtocolClient.java:onNext(255)) - client-391BA870FC40->947ec526-030f-41cc-8af7-a6f75e712ab0: receive RaftClientReply:client-391BA870FC40->947ec526-030f-41cc-8af7-a6f75e712ab0@group-5D45C35602B2, cid=1331, SUCCESS, logIndex=1889, commits[947ec526-030f-41cc-8af7-a6f75e712ab0:c1889, c447b9b6-dde2-4ce7-aa81-d0e2eddc8fe9:c1885, 28b540ac-241d-462a-a56c-509e92928066:c1885]
2019-08-20 22:34:22,405 | INFO  | DNAudit | user=null | ip=null | op=WRITE_CHUNK {blockData=conID: 1 locID: 102651688539128284 bcsId: 1889} | ret=SUCCESS |  
2019-08-20 22:34:22,408 | INFO  | DNAudit | user=null | ip=null | op=WRITE_CHUNK {blockData=conID: 1 locID: 102651688539128284 bcsId: 1889} | ret=SUCCESS |  
2019-08-20 22:34:22,408 | INFO  | DNAudit | user=null | ip=null | op=WRITE_CHUNK {blockData=conID: 1 locID: 102651688539128284 bcsId: 1889} | ret=SUCCESS |  
2019-08-20 22:34:22,425 | INFO  | DNAudit | user=null | ip=null | op=WRITE_CHUNK {blockData=conID: 1 locID: 102651688539128284 bcsId: 1889} | ret=SUCCESS |  
2019-08-20 22:34:22,426 | INFO  | DNAudit | user=null | ip=null | op=PUT_BLOCK {blockData=[blockId=conID: 1 locID: 102651688539128284 bcsId: 0,size=4194304]} | ret=SUCCESS |  
2019-08-20 22:34:22,426 [grpc-default-executor-3] INFO  client.GrpcClientProtocolClient (GrpcClientProtocolClient.java:onNext(255)) - client-391BA870FC40->947ec526-030f-41cc-8af7-a6f75e712ab0: receive RaftClientReply:client-391BA870FC40->947ec526-030f-41cc-8af7-a6f75e712ab0@group-5D45C35602B2, cid=1332, SUCCESS, logIndex=1891, commits[947ec526-030f-41cc-8af7-a6f75e712ab0:c1892, c447b9b6-dde2-4ce7-aa81-d0e2eddc8fe9:c1890, 28b540ac-241d-462a-a56c-509e92928066:c1890]
2019-08-20 22:34:22,427 [grpc-default-executor-3] INFO  client.GrpcClientProtocolClient (GrpcClientProtocolClient.java:onNext(255)) - client-391BA870FC40->947ec526-030f-41cc-8af7-a6f75e712ab0: receive RaftClientReply:client-391BA870FC40->947ec526-030f-41cc-8af7-a6f75e712ab0@group-5D45C35602B2, cid=1333, SUCCESS, logIndex=1892, commits[947ec526-030f-41cc-8af7-a6f75e712ab0:c1892, c447b9b6-dde2-4ce7-aa81-d0e2eddc8fe9:c1890, 28b540ac-241d-462a-a56c-509e92928066:c1890]
2019-08-20 22:34:22,454 | INFO  | DNAudit | user=null | ip=null | op=WRITE_CHUNK {blockData=conID: 1 locID: 102651688539128284 bcsId: 1889} | ret=SUCCESS |  
2019-08-20 22:34:22,454 | INFO  | DNAudit | user=null | ip=null | op=WRITE_CHUNK {blockData=conID: 1 locID: 102651688539128284 bcsId: 1889} | ret=SUCCESS |  
2019-08-20 22:34:22,457 | INFO  | DNAudit | user=null | ip=null | op=PUT_BLOCK {blockData=[blockId=conID: 1 locID: 102651688539128284 bcsId: 0,size=4194304]} | ret=SUCCESS |  
2019-08-20 22:34:22,457 | INFO  | DNAudit | user=null | ip=null | op=PUT_BLOCK {blockData=[blockId=conID: 1 locID: 102651688539128284 bcsId: 0,size=4194304]} | ret=SUCCESS |  
2019-08-20 22:34:22,458 [grpc-default-executor-3] INFO  client.GrpcClientProtocolClient (GrpcClientProtocolClient.java:onNext(255)) - client-391BA870FC40->947ec526-030f-41cc-8af7-a6f75e712ab0: receive RaftClientReply:client-391BA870FC40->947ec526-030f-41cc-8af7-a6f75e712ab0@group-5D45C35602B2, cid=1334, SUCCESS, logIndex=0, commits[947ec526-030f-41cc-8af7-a6f75e712ab0:c1894, c447b9b6-dde2-4ce7-aa81-d0e2eddc8fe9:c1892, 28b540ac-241d-462a-a56c-509e92928066:c1892]
2019-08-20 22:34:22,464 | INFO  | SCMAudit | user=jenkins1000 | ip=192.168.5.142 | op=ALLOCATE_BLOCK {owner=6f694d07-2a2f-44d9-8e1c-aaa094a2f647, size=4194304, type=RATIS, factor=THREE} | ret=SUCCESS |  
2019-08-20 22:34:22,467 | INFO  | OMAudit | user=jenkins1000 | ip=127.0.0.1 | op=ALLOCATE_BLOCK {volume=vol-0-80747, bucket=bucket-0-27686, key=key-0-47435, dataSize=0, replicationType=null, replicationFactor=null, keyLocationInfo=null, clientID=102651687805452690} | ret=SUCCESS |  
2019-08-20 22:34:22,620 | INFO  | DNAudit | user=null | ip=null | op=WRITE_CHUNK {blockData=conID: 2 locID: 102651688548041181 bcsId: 0} | ret=SUCCESS |  
2019-08-20 22:34:22,621 | INFO  | SCMAudit | user=jenkins1000 | ip=192.168.5.142 | op=SEND_HEARTBEAT {datanodeUUID=d55cd342-4e6c-4701-86f3-cb557f3478dc, command=[]} | ret=SUCCESS |  
2019-08-20 22:34:22,622 | INFO  | DNAudit | user=null | ip=null | op=WRITE_CHUNK {blockData=conID: 2 locID: 102651688548041181 bcsId: 0} | ret=SUCCESS |  
2019-08-20 22:34:22,623 | INFO  | DNAudit | user=null | ip=null | op=WRITE_CHUNK {blockData=conID: 2 locID: 102651688548041181 bcsId: 0} | ret=SUCCESS |  
2019-08-20 22:34:22,623 | INFO  | DNAudit | user=null | ip=null | op=WRITE_CHUNK {blockData=conID: 2 locID: 102651688548041181 bcsId: 0} | ret=SUCCESS |  
2019-08-20 22:34:22,625 | INFO  | DNAudit | user=null | ip=null | op=WRITE_CHUNK {blockData=conID: 2 locID: 102651688548041181 bcsId: 0} | ret=SUCCESS |  
2019-08-20 22:34:22,626 | INFO  | DNAudit | user=null | ip=null | op=WRITE_CHUNK {blockData=conID: 2 locID: 102651688548041181 bcsId: 0} | ret=SUCCESS |  
2019-08-20 22:34:22,635 | INFO  | DNAudit | user=null | ip=null | op=WRITE_CHUNK {blockData=conID: 2 locID: 102651688548041181 bcsId: 0} | ret=SUCCESS |  
2019-08-20 22:34:22,636 | INFO  | DNAudit | user=null | ip=null | op=PUT_BLOCK {blockData=[blockId=conID: 2 locID: 102651688548041181 bcsId: 0,size=1048576]} | ret=SUCCESS |  
2019-08-20 22:34:22,636 [grpc-default-executor-4] INFO  client.GrpcClientProtocolClient (GrpcClientProtocolClient.java:onNext(255)) - client-391BA870FC40->947ec526-030f-41cc-8af7-a6f75e712ab0: receive RaftClientReply:client-391BA870FC40->947ec526-030f-41cc-8af7-a6f75e712ab0@group-5D45C35602B2, cid=1335, SUCCESS, logIndex=1895, commits[947ec526-030f-41cc-8af7-a6f75e712ab0:c1896, c447b9b6-dde2-4ce7-aa81-d0e2eddc8fe9:c1894, 28b540ac-241d-462a-a56c-509e92928066:c1894]
2019-08-20 22:34:22,637 [grpc-default-executor-4] INFO  client.GrpcClientProtocolClient (GrpcClientProtocolClient.java:onNext(255)) - client-391BA870FC40->947ec526-030f-41cc-8af7-a6f75e712ab0: receive RaftClientReply:client-391BA870FC40->947ec526-030f-41cc-8af7-a6f75e712ab0@group-5D45C35602B2, cid=1336, SUCCESS, logIndex=1896, commits[947ec526-030f-41cc-8af7-a6f75e712ab0:c1896, c447b9b6-dde2-4ce7-aa81-d0e2eddc8fe9:c1894, 28b540ac-241d-462a-a56c-509e92928066:c1894]
2019-08-20 22:34:22,648 | INFO  | DNAudit | user=null | ip=null | op=WRITE_CHUNK {blockData=conID: 2 locID: 102651688548041181 bcsId: 0} | ret=SUCCESS |  
2019-08-20 22:34:22,648 | INFO  | DNAudit | user=null | ip=null | op=PUT_BLOCK {blockData=[blockId=conID: 2 locID: 102651688548041181 bcsId: 0,size=2097152]} | ret=SUCCESS |  
2019-08-20 22:34:22,648 [grpc-default-executor-3] INFO  client.GrpcClientProtocolClient (GrpcClientProtocolClient.java:onNext(255)) - client-391BA870FC40->947ec526-030f-41cc-8af7-a6f75e712ab0: receive RaftClientReply:client-391BA870FC40->947ec526-030f-41cc-8af7-a6f75e712ab0@group-5D45C35602B2, cid=1337, SUCCESS, logIndex=1897, commits[947ec526-030f-41cc-8af7-a6f75e712ab0:c1898, c447b9b6-dde2-4ce7-aa81-d0e2eddc8fe9:c1894, 28b540ac-241d-462a-a56c-509e92928066:c1894]
2019-08-20 22:34:22,648 [grpc-default-executor-3] INFO  client.GrpcClientProtocolClient (GrpcClientProtocolClient.java:onNext(255)) - client-391BA870FC40->947ec526-030f-41cc-8af7-a6f75e712ab0: receive RaftClientReply:client-391BA870FC40->947ec526-030f-41cc-8af7-a6f75e712ab0@group-5D45C35602B2, cid=1338, SUCCESS, logIndex=1898, commits[947ec526-030f-41cc-8af7-a6f75e712ab0:c1898, c447b9b6-dde2-4ce7-aa81-d0e2eddc8fe9:c1894, 28b540ac-241d-462a-a56c-509e92928066:c1894]
2019-08-20 22:34:22,660 | INFO  | DNAudit | user=null | ip=null | op=WRITE_CHUNK {blockData=conID: 2 locID: 102651688548041181 bcsId: 0} | ret=SUCCESS |  
2019-08-20 22:34:22,660 | INFO  | DNAudit | user=null | ip=null | op=WRITE_CHUNK {blockData=conID: 2 locID: 102651688548041181 bcsId: 0} | ret=SUCCESS |  
2019-08-20 22:34:22,660 | INFO  | DNAudit | user=null | ip=null | op=PUT_BLOCK {blockData=[blockId=conID: 2 locID: 102651688548041181 bcsId: 0,size=1048576]} | ret=SUCCESS |  
2019-08-20 22:34:22,661 | INFO  | DNAudit | user=null | ip=null | op=PUT_BLOCK {blockData=[blockId=conID: 2 locID: 102651688548041181 bcsId: 0,size=1048576]} | ret=SUCCESS |  
2019-08-20 22:34:22,661 [grpc-default-executor-3] INFO  client.GrpcClientProtocolClient (GrpcClientProtocolClient.java:onNext(255)) - client-391BA870FC40->947ec526-030f-41cc-8af7-a6f75e712ab0: receive RaftClientReply:client-391BA870FC40->947ec526-030f-41cc-8af7-a6f75e712ab0@group-5D45C35602B2, cid=1339, SUCCESS, logIndex=0, commits[947ec526-030f-41cc-8af7-a6f75e712ab0:c1900, c447b9b6-dde2-4ce7-aa81-d0e2eddc8fe9:c1896, 28b540ac-241d-462a-a56c-509e92928066:c1896]
2019-08-20 22:34:22,669 | INFO  | DNAudit | user=null | ip=null | op=WRITE_CHUNK {blockData=conID: 2 locID: 102651688548041181 bcsId: 1898} | ret=SUCCESS |  
2019-08-20 22:34:22,672 | INFO  | DNAudit | user=null | ip=null | op=WRITE_CHUNK {blockData=conID: 2 locID: 102651688548041181 bcsId: 1898} | ret=SUCCESS |  
2019-08-20 22:34:22,672 | INFO  | DNAudit | user=null | ip=null | op=WRITE_CHUNK {blockData=conID: 2 locID: 102651688548041181 bcsId: 1898} | ret=SUCCESS |  
2019-08-20 22:34:22,673 | INFO  | DNAudit | user=null | ip=null | op=WRITE_CHUNK {blockData=conID: 2 locID: 102651688548041181 bcsId: 0} | ret=SUCCESS |  
2019-08-20 22:34:22,673 | INFO  | DNAudit | user=null | ip=null | op=PUT_BLOCK {blockData=[blockId=conID: 2 locID: 102651688548041181 bcsId: 0,size=2097152]} | ret=SUCCESS |  
2019-08-20 22:34:22,673 | INFO  | DNAudit | user=null | ip=null | op=WRITE_CHUNK {blockData=conID: 2 locID: 102651688548041181 bcsId: 0} | ret=SUCCESS |  
2019-08-20 22:34:22,674 | INFO  | DNAudit | user=null | ip=null | op=PUT_BLOCK {blockData=[blockId=conID: 2 locID: 102651688548041181 bcsId: 0,size=2097152]} | ret=SUCCESS |  
2019-08-20 22:34:22,685 | INFO  | DNAudit | user=null | ip=null | op=WRITE_CHUNK {blockData=conID: 2 locID: 102651688548041181 bcsId: 1898} | ret=SUCCESS |  
2019-08-20 22:34:22,686 | INFO  | DNAudit | user=null | ip=null | op=PUT_BLOCK {blockData=[blockId=conID: 2 locID: 102651688548041181 bcsId: 0,size=3145728]} | ret=SUCCESS |  
2019-08-20 22:34:22,686 [grpc-default-executor-3] INFO  client.GrpcClientProtocolClient (GrpcClientProtocolClient.java:onNext(255)) - client-391BA870FC40->947ec526-030f-41cc-8af7-a6f75e712ab0: receive RaftClientReply:client-391BA870FC40->947ec526-030f-41cc-8af7-a6f75e712ab0@group-5D45C35602B2, cid=1340, SUCCESS, logIndex=1903, commits[947ec526-030f-41cc-8af7-a6f75e712ab0:c1904, c447b9b6-dde2-4ce7-aa81-d0e2eddc8fe9:c1900, 28b540ac-241d-462a-a56c-509e92928066:c1900]
2019-08-20 22:34:22,686 [grpc-default-executor-3] INFO  client.GrpcClientProtocolClient (GrpcClientProtocolClient.java:onNext(255)) - client-391BA870FC40->947ec526-030f-41cc-8af7-a6f75e712ab0: receive RaftClientReply:client-391BA870FC40->947ec526-030f-41cc-8af7-a6f75e712ab0@group-5D45C35602B2, cid=1341, SUCCESS, logIndex=1904, commits[947ec526-030f-41cc-8af7-a6f75e712ab0:c1904, c447b9b6-dde2-4ce7-aa81-d0e2eddc8fe9:c1900, 28b540ac-241d-462a-a56c-509e92928066:c1900]
2019-08-20 22:34:22,695 | INFO  | DNAudit | user=null | ip=null | op=WRITE_CHUNK {blockData=conID: 2 locID: 102651688548041181 bcsId: 1904} | ret=SUCCESS |  
2019-08-20 22:34:22,698 | INFO  | DNAudit | user=null | ip=null | op=WRITE_CHUNK {blockData=conID: 2 locID: 102651688548041181 bcsId: 1904} | ret=SUCCESS |  
2019-08-20 22:34:22,698 | INFO  | DNAudit | user=null | ip=null | op=WRITE_CHUNK {blockData=conID: 2 locID: 102651688548041181 bcsId: 1904} | ret=SUCCESS |  
2019-08-20 22:34:22,701 | INFO  | DNAudit | user=null | ip=null | op=WRITE_CHUNK {blockData=conID: 2 locID: 102651688548041181 bcsId: 1898} | ret=SUCCESS |  
2019-08-20 22:34:22,701 | INFO  | DNAudit | user=null | ip=null | op=WRITE_CHUNK {blockData=conID: 2 locID: 102651688548041181 bcsId: 1898} | ret=SUCCESS |  
2019-08-20 22:34:22,703 | INFO  | DNAudit | user=null | ip=null | op=PUT_BLOCK {blockData=[blockId=conID: 2 locID: 102651688548041181 bcsId: 0,size=3145728]} | ret=SUCCESS |  
2019-08-20 22:34:22,703 | INFO  | DNAudit | user=null | ip=null | op=PUT_BLOCK {blockData=[blockId=conID: 2 locID: 102651688548041181 bcsId: 0,size=3145728]} | ret=SUCCESS |  
2019-08-20 22:34:22,704 | INFO  | DNAudit | user=null | ip=null | op=WRITE_CHUNK {blockData=conID: 2 locID: 102651688548041181 bcsId: 1904} | ret=SUCCESS |  
2019-08-20 22:34:22,704 | INFO  | DNAudit | user=null | ip=null | op=PUT_BLOCK {blockData=[blockId=conID: 2 locID: 102651688548041181 bcsId: 0,size=4194304]} | ret=SUCCESS |  
2019-08-20 22:34:22,704 [grpc-default-executor-3] INFO  client.GrpcClientProtocolClient (GrpcClientProtocolClient.java:onNext(255)) - client-391BA870FC40->947ec526-030f-41cc-8af7-a6f75e712ab0: receive RaftClientReply:client-391BA870FC40->947ec526-030f-41cc-8af7-a6f75e712ab0@group-5D45C35602B2, cid=1342, SUCCESS, logIndex=1907, commits[947ec526-030f-41cc-8af7-a6f75e712ab0:c1908, c447b9b6-dde2-4ce7-aa81-d0e2eddc8fe9:c1904, 28b540ac-241d-462a-a56c-509e92928066:c1904]
2019-08-20 22:34:22,705 [grpc-default-executor-3] INFO  client.GrpcClientProtocolClient (GrpcClientProtocolClient.java:onNext(255)) - client-391BA870FC40->947ec526-030f-41cc-8af7-a6f75e712ab0: receive RaftClientReply:client-391BA870FC40->947ec526-030f-41cc-8af7-a6f75e712ab0@group-5D45C35602B2, cid=1343, SUCCESS, logIndex=1908, commits[947ec526-030f-41cc-8af7-a6f75e712ab0:c1908, c447b9b6-dde2-4ce7-aa81-d0e2eddc8fe9:c1904, 28b540ac-241d-462a-a56c-509e92928066:c1904]
2019-08-20 22:34:22,711 | INFO  | DNAudit | user=null | ip=null | op=WRITE_CHUNK {blockData=conID: 2 locID: 102651688548041181 bcsId: 1904} | ret=SUCCESS |  
2019-08-20 22:34:22,712 | INFO  | DNAudit | user=null | ip=null | op=WRITE_CHUNK {blockData=conID: 2 locID: 102651688548041181 bcsId: 1904} | ret=SUCCESS |  
2019-08-20 22:34:22,712 | INFO  | DNAudit | user=null | ip=null | op=PUT_BLOCK {blockData=[blockId=conID: 2 locID: 102651688548041181 bcsId: 0,size=4194304]} | ret=SUCCESS |  
2019-08-20 22:34:22,712 | INFO  | DNAudit | user=null | ip=null | op=PUT_BLOCK {blockData=[blockId=conID: 2 locID: 102651688548041181 bcsId: 0,size=4194304]} | ret=SUCCESS |  
2019-08-20 22:34:22,712 [grpc-default-executor-3] INFO  client.GrpcClientProtocolClient (GrpcClientProtocolClient.java:onNext(255)) - client-391BA870FC40->947ec526-030f-41cc-8af7-a6f75e712ab0: receive RaftClientReply:client-391BA870FC40->947ec526-030f-41cc-8af7-a6f75e712ab0@group-5D45C35602B2, cid=1344, SUCCESS, logIndex=0, commits[947ec526-030f-41cc-8af7-a6f75e712ab0:c1909, c447b9b6-dde2-4ce7-aa81-d0e2eddc8fe9:c1908, 28b540ac-241d-462a-a56c-509e92928066:c1908]
2019-08-20 22:34:22,717 | INFO  | SCMAudit | user=jenkins1000 | ip=192.168.5.142 | op=ALLOCATE_BLOCK {owner=6f694d07-2a2f-44d9-8e1c-aaa094a2f647, size=4194304, type=RATIS, factor=THREE} | ret=SUCCESS |  
2019-08-20 22:34:22,721 | INFO  | OMAudit | user=jenkins1000 | ip=127.0.0.1 | op=ALLOCATE_BLOCK {volume=vol-0-80747, bucket=bucket-0-27686, key=key-0-47435, dataSize=0, replicationType=null, replicationFactor=null, keyLocationInfo=null, clientID=102651687805452690} | ret=SUCCESS |  
2019-08-20 22:34:22,728 | INFO  | DNAudit | user=null | ip=null | op=WRITE_CHUNK {blockData=conID: 3 locID: 102651688564621790 bcsId: 0} | ret=SUCCESS |  
2019-08-20 22:34:22,732 | INFO  | DNAudit | user=null | ip=null | op=WRITE_CHUNK {blockData=conID: 3 locID: 102651688564621790 bcsId: 0} | ret=SUCCESS |  
2019-08-20 22:34:22,734 | INFO  | DNAudit | user=null | ip=null | op=WRITE_CHUNK {blockData=conID: 3 locID: 102651688564621790 bcsId: 0} | ret=SUCCESS |  
2019-08-20 22:34:22,735 | INFO  | DNAudit | user=null | ip=null | op=WRITE_CHUNK {blockData=conID: 3 locID: 102651688564621790 bcsId: 0} | ret=SUCCESS |  
2019-08-20 22:34:22,736 | INFO  | DNAudit | user=null | ip=null | op=WRITE_CHUNK {blockData=conID: 3 locID: 102651688564621790 bcsId: 0} | ret=SUCCESS |  
2019-08-20 22:34:22,736 | INFO  | DNAudit | user=null | ip=null | op=WRITE_CHUNK {blockData=conID: 3 locID: 102651688564621790 bcsId: 0} | ret=SUCCESS |  
2019-08-20 22:34:22,741 | INFO  | DNAudit | user=null | ip=null | op=WRITE_CHUNK {blockData=conID: 3 locID: 102651688564621790 bcsId: 0} | ret=SUCCESS |  
2019-08-20 22:34:22,742 | INFO  | DNAudit | user=null | ip=null | op=PUT_BLOCK {blockData=[blockId=conID: 3 locID: 102651688564621790 bcsId: 0,size=1048576]} | ret=SUCCESS |  
2019-08-20 22:34:22,742 [grpc-default-executor-3] INFO  client.GrpcClientProtocolClient (GrpcClientProtocolClient.java:onNext(255)) - client-391BA870FC40->947ec526-030f-41cc-8af7-a6f75e712ab0: receive RaftClientReply:client-391BA870FC40->947ec526-030f-41cc-8af7-a6f75e712ab0@group-5D45C35602B2, cid=1345, SUCCESS, logIndex=1911, commits[947ec526-030f-41cc-8af7-a6f75e712ab0:c1912, c447b9b6-dde2-4ce7-aa81-d0e2eddc8fe9:c1910, 28b540ac-241d-462a-a56c-509e92928066:c1910]
2019-08-20 22:34:22,742 | INFO  | DNAudit | user=null | ip=null | op=WRITE_CHUNK {blockData=conID: 3 locID: 102651688564621790 bcsId: 0} | ret=SUCCESS |  
2019-08-20 22:34:22,742 [grpc-default-executor-3] INFO  client.GrpcClientProtocolClient (GrpcClientProtocolClient.java:onNext(255)) - client-391BA870FC40->947ec526-030f-41cc-8af7-a6f75e712ab0: receive RaftClientReply:client-391BA870FC40->947ec526-030f-41cc-8af7-a6f75e712ab0@group-5D45C35602B2, cid=1346, SUCCESS, logIndex=1912, commits[947ec526-030f-41cc-8af7-a6f75e712ab0:c1914, c447b9b6-dde2-4ce7-aa81-d0e2eddc8fe9:c1910, 28b540ac-241d-462a-a56c-509e92928066:c1910]
2019-08-20 22:34:22,742 | INFO  | DNAudit | user=null | ip=null | op=PUT_BLOCK {blockData=[blockId=conID: 3 locID: 102651688564621790 bcsId: 0,size=2097152]} | ret=SUCCESS |  
2019-08-20 22:34:22,742 [grpc-default-executor-3] INFO  client.GrpcClientProtocolClient (GrpcClientProtocolClient.java:onNext(255)) - client-391BA870FC40->947ec526-030f-41cc-8af7-a6f75e712ab0: receive RaftClientReply:client-391BA870FC40->947ec526-030f-41cc-8af7-a6f75e712ab0@group-5D45C35602B2, cid=1347, SUCCESS, logIndex=1913, commits[947ec526-030f-41cc-8af7-a6f75e712ab0:c1914, c447b9b6-dde2-4ce7-aa81-d0e2eddc8fe9:c1910, 28b540ac-241d-462a-a56c-509e92928066:c1910]
2019-08-20 22:34:22,743 [grpc-default-executor-3] INFO  client.GrpcClientProtocolClient (GrpcClientProtocolClient.java:onNext(255)) - client-391BA870FC40->947ec526-030f-41cc-8af7-a6f75e712ab0: receive RaftClientReply:client-391BA870FC40->947ec526-030f-41cc-8af7-a6f75e712ab0@group-5D45C35602B2, cid=1348, SUCCESS, logIndex=1914, commits[947ec526-030f-41cc-8af7-a6f75e712ab0:c1914, c447b9b6-dde2-4ce7-aa81-d0e2eddc8fe9:c1910, 28b540ac-241d-462a-a56c-509e92928066:c1910]
2019-08-20 22:34:22,763 | INFO  | DNAudit | user=null | ip=null | op=WRITE_CHUNK {blockData=conID: 3 locID: 102651688564621790 bcsId: 0} | ret=SUCCESS |  
2019-08-20 22:34:22,763 | INFO  | DNAudit | user=null | ip=null | op=WRITE_CHUNK {blockData=conID: 3 locID: 102651688564621790 bcsId: 0} | ret=SUCCESS |  
2019-08-20 22:34:22,763 | INFO  | DNAudit | user=null | ip=null | op=PUT_BLOCK {blockData=[blockId=conID: 3 locID: 102651688564621790 bcsId: 0,size=1048576]} | ret=SUCCESS |  
2019-08-20 22:34:22,763 | INFO  | DNAudit | user=null | ip=null | op=PUT_BLOCK {blockData=[blockId=conID: 3 locID: 102651688564621790 bcsId: 0,size=1048576]} | ret=SUCCESS |  
2019-08-20 22:34:22,763 [grpc-default-executor-3] INFO  client.GrpcClientProtocolClient (GrpcClientProtocolClient.java:onNext(255)) - client-391BA870FC40->947ec526-030f-41cc-8af7-a6f75e712ab0: receive RaftClientReply:client-391BA870FC40->947ec526-030f-41cc-8af7-a6f75e712ab0@group-5D45C35602B2, cid=1349, SUCCESS, logIndex=0, commits[947ec526-030f-41cc-8af7-a6f75e712ab0:c1915, c447b9b6-dde2-4ce7-aa81-d0e2eddc8fe9:c1912, 28b540ac-241d-462a-a56c-509e92928066:c1912]
2019-08-20 22:34:22,764 | INFO  | DNAudit | user=null | ip=null | op=WRITE_CHUNK {blockData=conID: 3 locID: 102651688564621790 bcsId: 0} | ret=SUCCESS |  
2019-08-20 22:34:22,764 | INFO  | DNAudit | user=null | ip=null | op=PUT_BLOCK {blockData=[blockId=conID: 3 locID: 102651688564621790 bcsId: 0,size=2097152]} | ret=SUCCESS |  
2019-08-20 22:34:22,764 | INFO  | DNAudit | user=null | ip=null | op=WRITE_CHUNK {blockData=conID: 3 locID: 102651688564621790 bcsId: 0} | ret=SUCCESS |  
2019-08-20 22:34:22,764 | INFO  | DNAudit | user=null | ip=null | op=PUT_BLOCK {blockData=[blockId=conID: 3 locID: 102651688564621790 bcsId: 0,size=2097152]} | ret=SUCCESS |  
2019-08-20 22:34:22,770 | INFO  | DNAudit | user=null | ip=null | op=WRITE_CHUNK {blockData=conID: 3 locID: 102651688564621790 bcsId: 1914} | ret=SUCCESS |  
2019-08-20 22:34:22,773 | INFO  | DNAudit | user=null | ip=null | op=WRITE_CHUNK {blockData=conID: 3 locID: 102651688564621790 bcsId: 1914} | ret=SUCCESS |  
2019-08-20 22:34:22,773 | INFO  | DNAudit | user=null | ip=null | op=WRITE_CHUNK {blockData=conID: 3 locID: 102651688564621790 bcsId: 1914} | ret=SUCCESS |  
2019-08-20 22:34:22,783 | INFO  | DNAudit | user=null | ip=null | op=WRITE_CHUNK {blockData=conID: 3 locID: 102651688564621790 bcsId: 1914} | ret=SUCCESS |  
2019-08-20 22:34:22,784 | INFO  | DNAudit | user=null | ip=null | op=PUT_BLOCK {blockData=[blockId=conID: 3 locID: 102651688564621790 bcsId: 0,size=3145728]} | ret=SUCCESS |  
2019-08-20 22:34:22,784 [grpc-default-executor-5] INFO  client.GrpcClientProtocolClient (GrpcClientProtocolClient.java:onNext(255)) - client-391BA870FC40->947ec526-030f-41cc-8af7-a6f75e712ab0: receive RaftClientReply:client-391BA870FC40->947ec526-030f-41cc-8af7-a6f75e712ab0@group-5D45C35602B2, cid=1350, SUCCESS, logIndex=1919, commits[947ec526-030f-41cc-8af7-a6f75e712ab0:c1920, c447b9b6-dde2-4ce7-aa81-d0e2eddc8fe9:c1918, 28b540ac-241d-462a-a56c-509e92928066:c1918]
2019-08-20 22:34:22,784 [grpc-default-executor-5] INFO  client.GrpcClientProtocolClient (GrpcClientProtocolClient.java:onNext(255)) - client-391BA870FC40->947ec526-030f-41cc-8af7-a6f75e712ab0: receive RaftClientReply:client-391BA870FC40->947ec526-030f-41cc-8af7-a6f75e712ab0@group-5D45C35602B2, cid=1351, SUCCESS, logIndex=1920, commits[947ec526-030f-41cc-8af7-a6f75e712ab0:c1920, c447b9b6-dde2-4ce7-aa81-d0e2eddc8fe9:c1918, 28b540ac-241d-462a-a56c-509e92928066:c1918]
2019-08-20 22:34:22,794 | INFO  | DNAudit | user=null | ip=null | op=WRITE_CHUNK {blockData=conID: 3 locID: 102651688564621790 bcsId: 1920} | ret=SUCCESS |  
2019-08-20 22:34:22,797 | INFO  | DNAudit | user=null | ip=null | op=WRITE_CHUNK {blockData=conID: 3 locID: 102651688564621790 bcsId: 1920} | ret=SUCCESS |  
2019-08-20 22:34:22,798 | INFO  | DNAudit | user=null | ip=null | op=WRITE_CHUNK {blockData=conID: 3 locID: 102651688564621790 bcsId: 1914} | ret=SUCCESS |  
2019-08-20 22:34:22,798 | INFO  | DNAudit | user=null | ip=null | op=WRITE_CHUNK {blockData=conID: 3 locID: 102651688564621790 bcsId: 1920} | ret=SUCCESS |  
2019-08-20 22:34:22,798 | INFO  | DNAudit | user=null | ip=null | op=WRITE_CHUNK {blockData=conID: 3 locID: 102651688564621790 bcsId: 1914} | ret=SUCCESS |  
2019-08-20 22:34:22,811 | INFO  | DNAudit | user=null | ip=null | op=PUT_BLOCK {blockData=[blockId=conID: 3 locID: 102651688564621790 bcsId: 0,size=3145728]} | ret=SUCCESS |  
2019-08-20 22:34:22,811 | INFO  | DNAudit | user=null | ip=null | op=PUT_BLOCK {blockData=[blockId=conID: 3 locID: 102651688564621790 bcsId: 0,size=3145728]} | ret=SUCCESS |  
2019-08-20 22:34:22,812 | INFO  | DNAudit | user=null | ip=null | op=WRITE_CHUNK {blockData=conID: 3 locID: 102651688564621790 bcsId: 1920} | ret=SUCCESS |  
2019-08-20 22:34:22,812 | INFO  | DNAudit | user=null | ip=null | op=PUT_BLOCK {blockData=[blockId=conID: 3 locID: 102651688564621790 bcsId: 0,size=4194304]} | ret=SUCCESS |  
2019-08-20 22:34:22,812 [grpc-default-executor-3] INFO  client.GrpcClientProtocolClient (GrpcClientProtocolClient.java:onNext(255)) - client-391BA870FC40->947ec526-030f-41cc-8af7-a6f75e712ab0: receive RaftClientReply:client-391BA870FC40->947ec526-030f-41cc-8af7-a6f75e712ab0@group-5D45C35602B2, cid=1352, SUCCESS, logIndex=1923, commits[947ec526-030f-41cc-8af7-a6f75e712ab0:c1924, c447b9b6-dde2-4ce7-aa81-d0e2eddc8fe9:c1920, 28b540ac-241d-462a-a56c-509e92928066:c1920]
2019-08-20 22:34:22,813 [grpc-default-executor-3] INFO  client.GrpcClientProtocolClient (GrpcClientProtocolClient.java:onNext(255)) - client-391BA870FC40->947ec526-030f-41cc-8af7-a6f75e712ab0: receive RaftClientReply:client-391BA870FC40->947ec526-030f-41cc-8af7-a6f75e712ab0@group-5D45C35602B2, cid=1353, SUCCESS, logIndex=1924, commits[947ec526-030f-41cc-8af7-a6f75e712ab0:c1924, c447b9b6-dde2-4ce7-aa81-d0e2eddc8fe9:c1920, 28b540ac-241d-462a-a56c-509e92928066:c1920]
2019-08-20 22:34:22,825 | INFO  | DNAudit | user=null | ip=null | op=WRITE_CHUNK {blockData=conID: 3 locID: 102651688564621790 bcsId: 1920} | ret=SUCCESS |  
2019-08-20 22:34:22,825 | INFO  | DNAudit | user=null | ip=null | op=WRITE_CHUNK {blockData=conID: 3 locID: 102651688564621790 bcsId: 1920} | ret=SUCCESS |  
2019-08-20 22:34:22,825 | INFO  | DNAudit | user=null | ip=null | op=PUT_BLOCK {blockData=[blockId=conID: 3 locID: 102651688564621790 bcsId: 0,size=4194304]} | ret=SUCCESS |  
2019-08-20 22:34:22,825 | INFO  | DNAudit | user=null | ip=null | op=PUT_BLOCK {blockData=[blockId=conID: 3 locID: 102651688564621790 bcsId: 0,size=4194304]} | ret=SUCCESS |  
2019-08-20 22:34:22,825 [grpc-default-executor-3] INFO  client.GrpcClientProtocolClient (GrpcClientProtocolClient.java:onNext(255)) - client-391BA870FC40->947ec526-030f-41cc-8af7-a6f75e712ab0: receive RaftClientReply:client-391BA870FC40->947ec526-030f-41cc-8af7-a6f75e712ab0@group-5D45C35602B2, cid=1354, SUCCESS, logIndex=0, commits[947ec526-030f-41cc-8af7-a6f75e712ab0:c1925, c447b9b6-dde2-4ce7-aa81-d0e2eddc8fe9:c1924, 28b540ac-241d-462a-a56c-509e92928066:c1924]
2019-08-20 22:34:22,829 | INFO  | SCMAudit | user=jenkins1000 | ip=192.168.5.142 | op=ALLOCATE_BLOCK {owner=6f694d07-2a2f-44d9-8e1c-aaa094a2f647, size=4194304, type=RATIS, factor=THREE} | ret=SUCCESS |  
2019-08-20 22:34:22,832 | INFO  | OMAudit | user=jenkins1000 | ip=127.0.0.1 | op=ALLOCATE_BLOCK {volume=vol-0-80747, bucket=bucket-0-27686, key=key-0-47435, dataSize=0, replicationType=null, replicationFactor=null, keyLocationInfo=null, clientID=102651687805452690} | ret=SUCCESS |  
2019-08-20 22:34:22,839 | INFO  | DNAudit | user=null | ip=null | op=WRITE_CHUNK {blockData=conID: 1 locID: 102651688571961823 bcsId: 0} | ret=SUCCESS |  
2019-08-20 22:34:22,842 | INFO  | DNAudit | user=null | ip=null | op=WRITE_CHUNK {blockData=conID: 1 locID: 102651688571961823 bcsId: 0} | ret=SUCCESS |  
2019-08-20 22:34:22,842 | INFO  | DNAudit | user=null | ip=null | op=WRITE_CHUNK {blockData=conID: 1 locID: 102651688571961823 bcsId: 0} | ret=SUCCESS |  
2019-08-20 22:34:22,842 | INFO  | DNAudit | user=null | ip=null | op=WRITE_CHUNK {blockData=conID: 1 locID: 102651688571961823 bcsId: 0} | ret=SUCCESS |  
2019-08-20 22:34:22,843 | INFO  | DNAudit | user=null | ip=null | op=WRITE_CHUNK {blockData=conID: 1 locID: 102651688571961823 bcsId: 0} | ret=SUCCESS |  
2019-08-20 22:34:22,844 | INFO  | DNAudit | user=null | ip=null | op=WRITE_CHUNK {blockData=conID: 1 locID: 102651688571961823 bcsId: 0} | ret=SUCCESS |  
2019-08-20 22:34:22,851 | INFO  | DNAudit | user=null | ip=null | op=WRITE_CHUNK {blockData=conID: 1 locID: 102651688571961823 bcsId: 0} | ret=SUCCESS |  
2019-08-20 22:34:22,852 | INFO  | DNAudit | user=null | ip=null | op=PUT_BLOCK {blockData=[blockId=conID: 1 locID: 102651688571961823 bcsId: 0,size=1048576]} | ret=SUCCESS |  
2019-08-20 22:34:22,852 [grpc-default-executor-5] INFO  client.GrpcClientProtocolClient (GrpcClientProtocolClient.java:onNext(255)) - client-391BA870FC40->947ec526-030f-41cc-8af7-a6f75e712ab0: receive RaftClientReply:client-391BA870FC40->947ec526-030f-41cc-8af7-a6f75e712ab0@group-5D45C35602B2, cid=1355, SUCCESS, logIndex=1927, commits[947ec526-030f-41cc-8af7-a6f75e712ab0:c1928, c447b9b6-dde2-4ce7-aa81-d0e2eddc8fe9:c1925, 28b540ac-241d-462a-a56c-509e92928066:c1925]
2019-08-20 22:34:22,852 | INFO  | DNAudit | user=null | ip=null | op=WRITE_CHUNK {blockData=conID: 1 locID: 102651688571961823 bcsId: 0} | ret=SUCCESS |  
2019-08-20 22:34:22,853 [grpc-default-executor-5] INFO  client.GrpcClientProtocolClient (GrpcClientProtocolClient.java:onNext(255)) - client-391BA870FC40->947ec526-030f-41cc-8af7-a6f75e712ab0: receive RaftClientReply:client-391BA870FC40->947ec526-030f-41cc-8af7-a6f75e712ab0@group-5D45C35602B2, cid=1356, SUCCESS, logIndex=1928, commits[947ec526-030f-41cc-8af7-a6f75e712ab0:c1930, c447b9b6-dde2-4ce7-aa81-d0e2eddc8fe9:c1926, 28b540ac-241d-462a-a56c-509e92928066:c1925]
2019-08-20 22:34:22,853 | INFO  | DNAudit | user=null | ip=null | op=PUT_BLOCK {blockData=[blockId=conID: 1 locID: 102651688571961823 bcsId: 0,size=2097152]} | ret=SUCCESS |  
2019-08-20 22:34:22,853 [grpc-default-executor-5] INFO  client.GrpcClientProtocolClient (GrpcClientProtocolClient.java:onNext(255)) - client-391BA870FC40->947ec526-030f-41cc-8af7-a6f75e712ab0: receive RaftClientReply:client-391BA870FC40->947ec526-030f-41cc-8af7-a6f75e712ab0@group-5D45C35602B2, cid=1357, SUCCESS, logIndex=1929, commits[947ec526-030f-41cc-8af7-a6f75e712ab0:c1930, c447b9b6-dde2-4ce7-aa81-d0e2eddc8fe9:c1926, 28b540ac-241d-462a-a56c-509e92928066:c1925]
2019-08-20 22:34:22,853 [grpc-default-executor-5] INFO  client.GrpcClientProtocolClient (GrpcClientProtocolClient.java:onNext(255)) - client-391BA870FC40->947ec526-030f-41cc-8af7-a6f75e712ab0: receive RaftClientReply:client-391BA870FC40->947ec526-030f-41cc-8af7-a6f75e712ab0@group-5D45C35602B2, cid=1358, SUCCESS, logIndex=1930, commits[947ec526-030f-41cc-8af7-a6f75e712ab0:c1930, c447b9b6-dde2-4ce7-aa81-d0e2eddc8fe9:c1926, 28b540ac-241d-462a-a56c-509e92928066:c1925]
2019-08-20 22:34:22,865 | INFO  | DNAudit | user=null | ip=null | op=WRITE_CHUNK {blockData=conID: 1 locID: 102651688571961823 bcsId: 0} | ret=SUCCESS |  
2019-08-20 22:34:22,865 | INFO  | DNAudit | user=null | ip=null | op=PUT_BLOCK {blockData=[blockId=conID: 1 locID: 102651688571961823 bcsId: 0,size=1048576]} | ret=SUCCESS |  
2019-08-20 22:34:22,867 | INFO  | DNAudit | user=null | ip=null | op=WRITE_CHUNK {blockData=conID: 1 locID: 102651688571961823 bcsId: 0} | ret=SUCCESS |  
2019-08-20 22:34:22,867 | INFO  | DNAudit | user=null | ip=null | op=PUT_BLOCK {blockData=[blockId=conID: 1 locID: 102651688571961823 bcsId: 0,size=1048576]} | ret=SUCCESS |  
2019-08-20 22:34:22,867 | INFO  | DNAudit | user=null | ip=null | op=WRITE_CHUNK {blockData=conID: 1 locID: 102651688571961823 bcsId: 0} | ret=SUCCESS |  
2019-08-20 22:34:22,868 | INFO  | DNAudit | user=null | ip=null | op=PUT_BLOCK {blockData=[blockId=conID: 1 locID: 102651688571961823 bcsId: 0,size=2097152]} | ret=SUCCESS |  
2019-08-20 22:34:22,868 [grpc-default-executor-5] INFO  client.GrpcClientProtocolClient (GrpcClientProtocolClient.java:onNext(255)) - client-391BA870FC40->947ec526-030f-41cc-8af7-a6f75e712ab0: receive RaftClientReply:client-391BA870FC40->947ec526-030f-41cc-8af7-a6f75e712ab0@group-5D45C35602B2, cid=1359, SUCCESS, logIndex=0, commits[947ec526-030f-41cc-8af7-a6f75e712ab0:c1932, c447b9b6-dde2-4ce7-aa81-d0e2eddc8fe9:c1928, 28b540ac-241d-462a-a56c-509e92928066:c1928]
2019-08-20 22:34:22,875 | INFO  | DNAudit | user=null | ip=null | op=WRITE_CHUNK {blockData=conID: 1 locID: 102651688571961823 bcsId: 1930} | ret=SUCCESS |  
2019-08-20 22:34:22,876 | INFO  | DNAudit | user=null | ip=null | op=WRITE_CHUNK {blockData=conID: 1 locID: 102651688571961823 bcsId: 1930} | ret=SUCCESS |  
2019-08-20 22:34:22,876 | INFO  | DNAudit | user=null | ip=null | op=WRITE_CHUNK {blockData=conID: 1 locID: 102651688571961823 bcsId: 1930} | ret=SUCCESS |  
2019-08-20 22:34:22,878 | INFO  | DNAudit | user=null | ip=null | op=WRITE_CHUNK {blockData=conID: 1 locID: 102651688571961823 bcsId: 0} | ret=SUCCESS |  
2019-08-20 22:34:22,878 | INFO  | DNAudit | user=null | ip=null | op=PUT_BLOCK {blockData=[blockId=conID: 1 locID: 102651688571961823 bcsId: 0,size=2097152]} | ret=SUCCESS |  
2019-08-20 22:34:22,880 | INFO  | DNAudit | user=null | ip=null | op=WRITE_CHUNK {blockData=conID: 1 locID: 102651688571961823 bcsId: 1930} | ret=SUCCESS |  
2019-08-20 22:34:22,881 | INFO  | DNAudit | user=null | ip=null | op=PUT_BLOCK {blockData=[blockId=conID: 1 locID: 102651688571961823 bcsId: 0,size=3145728]} | ret=SUCCESS |  
2019-08-20 22:34:22,881 [grpc-default-executor-3] INFO  client.GrpcClientProtocolClient (GrpcClientProtocolClient.java:onNext(255)) - client-391BA870FC40->947ec526-030f-41cc-8af7-a6f75e712ab0: receive RaftClientReply:client-391BA870FC40->947ec526-030f-41cc-8af7-a6f75e712ab0@group-5D45C35602B2, cid=1360, SUCCESS, logIndex=1935, commits[947ec526-030f-41cc-8af7-a6f75e712ab0:c1936, c447b9b6-dde2-4ce7-aa81-d0e2eddc8fe9:c1930, 28b540ac-241d-462a-a56c-509e92928066:c1934]
2019-08-20 22:34:22,881 [grpc-default-executor-3] INFO  client.GrpcClientProtocolClient (GrpcClientProtocolClient.java:onNext(255)) - client-391BA870FC40->947ec526-030f-41cc-8af7-a6f75e712ab0: receive RaftClientReply:client-391BA870FC40->947ec526-030f-41cc-8af7-a6f75e712ab0@group-5D45C35602B2, cid=1361, SUCCESS, logIndex=1936, commits[947ec526-030f-41cc-8af7-a6f75e712ab0:c1936, c447b9b6-dde2-4ce7-aa81-d0e2eddc8fe9:c1934, 28b540ac-241d-462a-a56c-509e92928066:c1934]
2019-08-20 22:34:22,883 | INFO  | DNAudit | user=null | ip=null | op=WRITE_CHUNK {blockData=conID: 1 locID: 102651688571961823 bcsId: 1930} | ret=SUCCESS |  
2019-08-20 22:34:22,884 | INFO  | DNAudit | user=null | ip=null | op=PUT_BLOCK {blockData=[blockId=conID: 1 locID: 102651688571961823 bcsId: 0,size=3145728]} | ret=SUCCESS |  
2019-08-20 22:34:22,884 | INFO  | DNAudit | user=null | ip=null | op=WRITE_CHUNK {blockData=conID: 1 locID: 102651688571961823 bcsId: 1930} | ret=SUCCESS |  
2019-08-20 22:34:22,884 | INFO  | DNAudit | user=null | ip=null | op=PUT_BLOCK {blockData=[blockId=conID: 1 locID: 102651688571961823 bcsId: 0,size=3145728]} | ret=SUCCESS |  
2019-08-20 22:34:22,888 | INFO  | DNAudit | user=null | ip=null | op=WRITE_CHUNK {blockData=conID: 1 locID: 102651688571961823 bcsId: 1936} | ret=SUCCESS |  
2019-08-20 22:34:22,889 | INFO  | DNAudit | user=null | ip=null | op=WRITE_CHUNK {blockData=conID: 1 locID: 102651688571961823 bcsId: 1936} | ret=SUCCESS |  
2019-08-20 22:34:22,889 | INFO  | DNAudit | user=null | ip=null | op=WRITE_CHUNK {blockData=conID: 1 locID: 102651688571961823 bcsId: 1936} | ret=SUCCESS |  
2019-08-20 22:34:22,910 | INFO  | DNAudit | user=null | ip=null | op=WRITE_CHUNK {blockData=conID: 1 locID: 102651688571961823 bcsId: 1936} | ret=SUCCESS |  
2019-08-20 22:34:22,910 | INFO  | DNAudit | user=null | ip=null | op=PUT_BLOCK {blockData=[blockId=conID: 1 locID: 102651688571961823 bcsId: 0,size=4194304]} | ret=SUCCESS |  
2019-08-20 22:34:22,910 [grpc-default-executor-5] INFO  client.GrpcClientProtocolClient (GrpcClientProtocolClient.java:onNext(255)) - client-391BA870FC40->947ec526-030f-41cc-8af7-a6f75e712ab0: receive RaftClientReply:client-391BA870FC40->947ec526-030f-41cc-8af7-a6f75e712ab0@group-5D45C35602B2, cid=1362, SUCCESS, logIndex=1939, commits[947ec526-030f-41cc-8af7-a6f75e712ab0:c1940, c447b9b6-dde2-4ce7-aa81-d0e2eddc8fe9:c1938, 28b540ac-241d-462a-a56c-509e92928066:c1938]
2019-08-20 22:34:22,911 [grpc-default-executor-5] INFO  client.GrpcClientProtocolClient (GrpcClientProtocolClient.java:onNext(255)) - client-391BA870FC40->947ec526-030f-41cc-8af7-a6f75e712ab0: receive RaftClientReply:client-391BA870FC40->947ec526-030f-41cc-8af7-a6f75e712ab0@group-5D45C35602B2, cid=1363, SUCCESS, logIndex=1940, commits[947ec526-030f-41cc-8af7-a6f75e712ab0:c1940, c447b9b6-dde2-4ce7-aa81-d0e2eddc8fe9:c1938, 28b540ac-241d-462a-a56c-509e92928066:c1938]
2019-08-20 22:34:22,921 | INFO  | DNAudit | user=null | ip=null | op=WRITE_CHUNK {blockData=conID: 1 locID: 102651688571961823 bcsId: 1936} | ret=SUCCESS |  
2019-08-20 22:34:22,921 | INFO  | DNAudit | user=null | ip=null | op=WRITE_CHUNK {blockData=conID: 1 locID: 102651688571961823 bcsId: 1936} | ret=SUCCESS |  
2019-08-20 22:34:22,924 | INFO  | DNAudit | user=null | ip=null | op=PUT_BLOCK {blockData=[blockId=conID: 1 locID: 102651688571961823 bcsId: 0,size=4194304]} | ret=SUCCESS |  
2019-08-20 22:34:22,924 | INFO  | DNAudit | user=null | ip=null | op=PUT_BLOCK {blockData=[blockId=conID: 1 locID: 102651688571961823 bcsId: 0,size=4194304]} | ret=SUCCESS |  
2019-08-20 22:34:22,925 [grpc-default-executor-3] INFO  client.GrpcClientProtocolClient (GrpcClientProtocolClient.java:onNext(255)) - client-391BA870FC40->947ec526-030f-41cc-8af7-a6f75e712ab0: receive RaftClientReply:client-391BA870FC40->947ec526-030f-41cc-8af7-a6f75e712ab0@group-5D45C35602B2, cid=1364, SUCCESS, logIndex=0, commits[947ec526-030f-41cc-8af7-a6f75e712ab0:c1942, c447b9b6-dde2-4ce7-aa81-d0e2eddc8fe9:c1940, 28b540ac-241d-462a-a56c-509e92928066:c1940]
2019-08-20 22:34:22,929 | INFO  | SCMAudit | user=jenkins1000 | ip=192.168.5.142 | op=ALLOCATE_BLOCK {owner=6f694d07-2a2f-44d9-8e1c-aaa094a2f647, size=4194304, type=RATIS, factor=THREE} | ret=SUCCESS |  
2019-08-20 22:34:22,931 | INFO  | OMAudit | user=jenkins1000 | ip=127.0.0.1 | op=ALLOCATE_BLOCK {volume=vol-0-80747, bucket=bucket-0-27686, key=key-0-47435, dataSize=0, replicationType=null, replicationFactor=null, keyLocationInfo=null, clientID=102651687805452690} | ret=SUCCESS |  
2019-08-20 22:34:22,943 | INFO  | DNAudit | user=null | ip=null | op=WRITE_CHUNK {blockData=conID: 2 locID: 102651688578515424 bcsId: 0} | ret=SUCCESS |  
2019-08-20 22:34:22,943 | INFO  | DNAudit | user=null | ip=null | op=WRITE_CHUNK {blockData=conID: 2 locID: 102651688578515424 bcsId: 0} | ret=SUCCESS |  
2019-08-20 22:34:22,943 | INFO  | DNAudit | user=null | ip=null | op=WRITE_CHUNK {blockData=conID: 2 locID: 102651688578515424 bcsId: 0} | ret=SUCCESS |  
2019-08-20 22:34:22,944 | INFO  | DNAudit | user=null | ip=null | op=WRITE_CHUNK {blockData=conID: 2 locID: 102651688578515424 bcsId: 0} | ret=SUCCESS |  
2019-08-20 22:34:22,945 | INFO  | DNAudit | user=null | ip=null | op=WRITE_CHUNK {blockData=conID: 2 locID: 102651688578515424 bcsId: 0} | ret=SUCCESS |  
2019-08-20 22:34:22,945 | INFO  | DNAudit | user=null | ip=null | op=WRITE_CHUNK {blockData=conID: 2 locID: 102651688578515424 bcsId: 0} | ret=SUCCESS |  
2019-08-20 22:34:22,957 | INFO  | DNAudit | user=null | ip=null | op=WRITE_CHUNK {blockData=conID: 2 locID: 102651688578515424 bcsId: 0} | ret=SUCCESS |  
2019-08-20 22:34:22,957 | INFO  | DNAudit | user=null | ip=null | op=PUT_BLOCK {blockData=[blockId=conID: 2 locID: 102651688578515424 bcsId: 0,size=1048576]} | ret=SUCCESS |  
2019-08-20 22:34:22,958 | INFO  | DNAudit | user=null | ip=null | op=WRITE_CHUNK {blockData=conID: 2 locID: 102651688578515424 bcsId: 0} | ret=SUCCESS |  
2019-08-20 22:34:22,957 [grpc-default-executor-4] INFO  client.GrpcClientProtocolClient (GrpcClientProtocolClient.java:onNext(255)) - client-391BA870FC40->947ec526-030f-41cc-8af7-a6f75e712ab0: receive RaftClientReply:client-391BA870FC40->947ec526-030f-41cc-8af7-a6f75e712ab0@group-5D45C35602B2, cid=1365, SUCCESS, logIndex=1943, commits[947ec526-030f-41cc-8af7-a6f75e712ab0:c1943, c447b9b6-dde2-4ce7-aa81-d0e2eddc8fe9:c1942, 28b540ac-241d-462a-a56c-509e92928066:c1942]
2019-08-20 22:34:22,958 | INFO  | DNAudit | user=null | ip=null | op=PUT_BLOCK {blockData=[blockId=conID: 2 locID: 102651688578515424 bcsId: 0,size=2097152]} | ret=SUCCESS |  
2019-08-20 22:34:22,958 [grpc-default-executor-4] INFO  client.GrpcClientProtocolClient (GrpcClientProtocolClient.java:onNext(255)) - client-391BA870FC40->947ec526-030f-41cc-8af7-a6f75e712ab0: receive RaftClientReply:client-391BA870FC40->947ec526-030f-41cc-8af7-a6f75e712ab0@group-5D45C35602B2, cid=1366, SUCCESS, logIndex=1944, commits[947ec526-030f-41cc-8af7-a6f75e712ab0:c1946, c447b9b6-dde2-4ce7-aa81-d0e2eddc8fe9:c1942, 28b540ac-241d-462a-a56c-509e92928066:c1942]
2019-08-20 22:34:22,958 [grpc-default-executor-4] INFO  client.GrpcClientProtocolClient (GrpcClientProtocolClient.java:onNext(255)) - client-391BA870FC40->947ec526-030f-41cc-8af7-a6f75e712ab0: receive RaftClientReply:client-391BA870FC40->947ec526-030f-41cc-8af7-a6f75e712ab0@group-5D45C35602B2, cid=1367, SUCCESS, logIndex=1945, commits[947ec526-030f-41cc-8af7-a6f75e712ab0:c1946, c447b9b6-dde2-4ce7-aa81-d0e2eddc8fe9:c1942, 28b540ac-241d-462a-a56c-509e92928066:c1942]
2019-08-20 22:34:22,959 [grpc-default-executor-4] INFO  client.GrpcClientProtocolClient (GrpcClientProtocolClient.java:onNext(255)) - client-391BA870FC40->947ec526-030f-41cc-8af7-a6f75e712ab0: receive RaftClientReply:client-391BA870FC40->947ec526-030f-41cc-8af7-a6f75e712ab0@group-5D45C35602B2, cid=1368, SUCCESS, logIndex=1946, commits[947ec526-030f-41cc-8af7-a6f75e712ab0:c1946, c447b9b6-dde2-4ce7-aa81-d0e2eddc8fe9:c1942, 28b540ac-241d-462a-a56c-509e92928066:c1942]
2019-08-20 22:34:22,978 | INFO  | DNAudit | user=null | ip=null | op=WRITE_CHUNK {blockData=conID: 2 locID: 102651688578515424 bcsId: 0} | ret=SUCCESS |  
2019-08-20 22:34:22,979 | INFO  | DNAudit | user=null | ip=null | op=WRITE_CHUNK {blockData=conID: 2 locID: 102651688578515424 bcsId: 0} | ret=SUCCESS |  
2019-08-20 22:34:22,981 | INFO  | DNAudit | user=null | ip=null | op=PUT_BLOCK {blockData=[blockId=conID: 2 locID: 102651688578515424 bcsId: 0,size=1048576]} | ret=SUCCESS |  
2019-08-20 22:34:22,982 | INFO  | DNAudit | user=null | ip=null | op=WRITE_CHUNK {blockData=conID: 2 locID: 102651688578515424 bcsId: 0} | ret=SUCCESS |  
2019-08-20 22:34:22,982 | INFO  | DNAudit | user=null | ip=null | op=PUT_BLOCK {blockData=[blockId=conID: 2 locID: 102651688578515424 bcsId: 0,size=2097152]} | ret=SUCCESS |  
2019-08-20 22:34:22,982 | INFO  | DNAudit | user=null | ip=null | op=PUT_BLOCK {blockData=[blockId=conID: 2 locID: 102651688578515424 bcsId: 0,size=1048576]} | ret=SUCCESS |  
2019-08-20 22:34:22,982 | INFO  | DNAudit | user=null | ip=null | op=WRITE_CHUNK {blockData=conID: 2 locID: 102651688578515424 bcsId: 0} | ret=SUCCESS |  
2019-08-20 22:34:22,982 [grpc-default-executor-4] INFO  client.GrpcClientProtocolClient (GrpcClientProtocolClient.java:onNext(255)) - client-391BA870FC40->947ec526-030f-41cc-8af7-a6f75e712ab0: receive RaftClientReply:client-391BA870FC40->947ec526-030f-41cc-8af7-a6f75e712ab0@group-5D45C35602B2, cid=1369, SUCCESS, logIndex=0, commits[947ec526-030f-41cc-8af7-a6f75e712ab0:c1949, c447b9b6-dde2-4ce7-aa81-d0e2eddc8fe9:c1946, 28b540ac-241d-462a-a56c-509e92928066:c1945]
2019-08-20 22:34:22,983 | INFO  | DNAudit | user=null | ip=null | op=PUT_BLOCK {blockData=[blockId=conID: 2 locID: 102651688578515424 bcsId: 0,size=2097152]} | ret=SUCCESS |  
2019-08-20 22:34:22,990 | INFO  | DNAudit | user=null | ip=null | op=WRITE_CHUNK {blockData=conID: 2 locID: 102651688578515424 bcsId: 1946} | ret=SUCCESS |  
2019-08-20 22:34:22,992 | INFO  | DNAudit | user=null | ip=null | op=WRITE_CHUNK {blockData=conID: 2 locID: 102651688578515424 bcsId: 1946} | ret=SUCCESS |  
2019-08-20 22:34:22,993 | INFO  | DNAudit | user=null | ip=null | op=WRITE_CHUNK {blockData=conID: 2 locID: 102651688578515424 bcsId: 1946} | ret=SUCCESS |  
2019-08-20 22:34:22,999 | INFO  | DNAudit | user=null | ip=null | op=WRITE_CHUNK {blockData=conID: 2 locID: 102651688578515424 bcsId: 1946} | ret=SUCCESS |  
2019-08-20 22:34:22,999 | INFO  | DNAudit | user=null | ip=null | op=PUT_BLOCK {blockData=[blockId=conID: 2 locID: 102651688578515424 bcsId: 0,size=3145728]} | ret=SUCCESS |  
2019-08-20 22:34:22,999 [grpc-default-executor-3] INFO  client.GrpcClientProtocolClient (GrpcClientProtocolClient.java:onNext(255)) - client-391BA870FC40->947ec526-030f-41cc-8af7-a6f75e712ab0: receive RaftClientReply:client-391BA870FC40->947ec526-030f-41cc-8af7-a6f75e712ab0@group-5D45C35602B2, cid=1370, SUCCESS, logIndex=1950, commits[947ec526-030f-41cc-8af7-a6f75e712ab0:c1951, c447b9b6-dde2-4ce7-aa81-d0e2eddc8fe9:c1949, 28b540ac-241d-462a-a56c-509e92928066:c1949]
2019-08-20 22:34:23,000 [grpc-default-executor-3] INFO  client.GrpcClientProtocolClient (GrpcClientProtocolClient.java:onNext(255)) - client-391BA870FC40->947ec526-030f-41cc-8af7-a6f75e712ab0: receive RaftClientReply:client-391BA870FC40->947ec526-030f-41cc-8af7-a6f75e712ab0@group-5D45C35602B2, cid=1371, SUCCESS, logIndex=1951, commits[947ec526-030f-41cc-8af7-a6f75e712ab0:c1951, c447b9b6-dde2-4ce7-aa81-d0e2eddc8fe9:c1949, 28b540ac-241d-462a-a56c-509e92928066:c1949]
2019-08-20 22:34:23,008 | INFO  | DNAudit | user=null | ip=null | op=WRITE_CHUNK {blockData=conID: 2 locID: 102651688578515424 bcsId: 1951} | ret=SUCCESS |  
2019-08-20 22:34:23,009 | INFO  | DNAudit | user=null | ip=null | op=WRITE_CHUNK {blockData=conID: 2 locID: 102651688578515424 bcsId: 1951} | ret=SUCCESS |  
2019-08-20 22:34:23,010 | INFO  | DNAudit | user=null | ip=null | op=WRITE_CHUNK {blockData=conID: 2 locID: 102651688578515424 bcsId: 1951} | ret=SUCCESS |  
2019-08-20 22:34:23,010 | INFO  | DNAudit | user=null | ip=null | op=WRITE_CHUNK {blockData=conID: 2 locID: 102651688578515424 bcsId: 1946} | ret=SUCCESS |  
2019-08-20 22:34:23,011 | INFO  | DNAudit | user=null | ip=null | op=WRITE_CHUNK {blockData=conID: 2 locID: 102651688578515424 bcsId: 1946} | ret=SUCCESS |  
2019-08-20 22:34:23,011 | INFO  | DNAudit | user=null | ip=null | op=PUT_BLOCK {blockData=[blockId=conID: 2 locID: 102651688578515424 bcsId: 0,size=3145728]} | ret=SUCCESS |  
2019-08-20 22:34:23,012 | INFO  | DNAudit | user=null | ip=null | op=WRITE_CHUNK {blockData=conID: 2 locID: 102651688578515424 bcsId: 1951} | ret=SUCCESS |  
2019-08-20 22:34:23,012 | INFO  | DNAudit | user=null | ip=null | op=PUT_BLOCK {blockData=[blockId=conID: 2 locID: 102651688578515424 bcsId: 0,size=4194304]} | ret=SUCCESS |  
2019-08-20 22:34:23,012 [grpc-default-executor-3] INFO  client.GrpcClientProtocolClient (GrpcClientProtocolClient.java:onNext(255)) - client-391BA870FC40->947ec526-030f-41cc-8af7-a6f75e712ab0: receive RaftClientReply:client-391BA870FC40->947ec526-030f-41cc-8af7-a6f75e712ab0@group-5D45C35602B2, cid=1372, SUCCESS, logIndex=1954, commits[947ec526-030f-41cc-8af7-a6f75e712ab0:c1955, c447b9b6-dde2-4ce7-aa81-d0e2eddc8fe9:c1951, 28b540ac-241d-462a-a56c-509e92928066:c1950]
2019-08-20 22:34:23,013 [grpc-default-executor-3] INFO  client.GrpcClientProtocolClient (GrpcClientProtocolClient.java:onNext(255)) - client-391BA870FC40->947ec526-030f-41cc-8af7-a6f75e712ab0: receive RaftClientReply:client-391BA870FC40->947ec526-030f-41cc-8af7-a6f75e712ab0@group-5D45C35602B2, cid=1373, SUCCESS, logIndex=1955, commits[947ec526-030f-41cc-8af7-a6f75e712ab0:c1955, c447b9b6-dde2-4ce7-aa81-d0e2eddc8fe9:c1951, 28b540ac-241d-462a-a56c-509e92928066:c1950]
2019-08-20 22:34:23,014 | INFO  | DNAudit | user=null | ip=null | op=PUT_BLOCK {blockData=[blockId=conID: 2 locID: 102651688578515424 bcsId: 0,size=3145728]} | ret=SUCCESS |  
2019-08-20 22:34:23,014 [grpc-default-executor-3] INFO  client.GrpcClientProtocolClient (GrpcClientProtocolClient.java:onNext(255)) - client-391BA870FC40->947ec526-030f-41cc-8af7-a6f75e712ab0: receive RaftClientReply:client-391BA870FC40->947ec526-030f-41cc-8af7-a6f75e712ab0@group-5D45C35602B2, cid=1374, SUCCESS, logIndex=0, commits[947ec526-030f-41cc-8af7-a6f75e712ab0:c1955, c447b9b6-dde2-4ce7-aa81-d0e2eddc8fe9:c1951, 28b540ac-241d-462a-a56c-509e92928066:c1951]
2019-08-20 22:34:23,025 | INFO  | DNAudit | user=null | ip=null | op=WRITE_CHUNK {blockData=conID: 2 locID: 102651688578515424 bcsId: 1951} | ret=SUCCESS |  
2019-08-20 22:34:23,026 | INFO  | DNAudit | user=null | ip=null | op=WRITE_CHUNK {blockData=conID: 2 locID: 102651688578515424 bcsId: 1951} | ret=SUCCESS |  
2019-08-20 22:34:23,026 | INFO  | DNAudit | user=null | ip=null | op=PUT_BLOCK {blockData=[blockId=conID: 2 locID: 102651688578515424 bcsId: 0,size=4194304]} | ret=SUCCESS |  
2019-08-20 22:34:23,028 | INFO  | DNAudit | user=null | ip=null | op=PUT_BLOCK {blockData=[blockId=conID: 2 locID: 102651688578515424 bcsId: 0,size=4194304]} | ret=SUCCESS |  
2019-08-20 22:34:23,028 [grpc-default-executor-3] INFO  client.GrpcClientProtocolClient (GrpcClientProtocolClient.java:onNext(255)) - client-391BA870FC40->947ec526-030f-41cc-8af7-a6f75e712ab0: receive RaftClientReply:client-391BA870FC40->947ec526-030f-41cc-8af7-a6f75e712ab0@group-5D45C35602B2, cid=1375, SUCCESS, logIndex=0, commits[947ec526-030f-41cc-8af7-a6f75e712ab0:c1957, c447b9b6-dde2-4ce7-aa81-d0e2eddc8fe9:c1955, 28b540ac-241d-462a-a56c-509e92928066:c1955]
2019-08-20 22:34:23,032 | INFO  | SCMAudit | user=jenkins1000 | ip=192.168.5.142 | op=ALLOCATE_BLOCK {owner=6f694d07-2a2f-44d9-8e1c-aaa094a2f647, size=4194304, type=RATIS, factor=THREE} | ret=SUCCESS |  
2019-08-20 22:34:23,035 | INFO  | OMAudit | user=jenkins1000 | ip=127.0.0.1 | op=ALLOCATE_BLOCK {volume=vol-0-80747, bucket=bucket-0-27686, key=key-0-47435, dataSize=0, replicationType=null, replicationFactor=null, keyLocationInfo=null, clientID=102651687805452690} | ret=SUCCESS |  
2019-08-20 22:34:23,044 | INFO  | DNAudit | user=null | ip=null | op=WRITE_CHUNK {blockData=conID: 3 locID: 102651688585265633 bcsId: 0} | ret=SUCCESS |  
2019-08-20 22:34:23,046 | INFO  | DNAudit | user=null | ip=null | op=WRITE_CHUNK {blockData=conID: 3 locID: 102651688585265633 bcsId: 0} | ret=SUCCESS |  
2019-08-20 22:34:23,047 | INFO  | DNAudit | user=null | ip=null | op=WRITE_CHUNK {blockData=conID: 3 locID: 102651688585265633 bcsId: 0} | ret=SUCCESS |  
2019-08-20 22:34:23,048 | INFO  | DNAudit | user=null | ip=null | op=WRITE_CHUNK {blockData=conID: 3 locID: 102651688585265633 bcsId: 0} | ret=SUCCESS |  
2019-08-20 22:34:23,049 | INFO  | DNAudit | user=null | ip=null | op=WRITE_CHUNK {blockData=conID: 3 locID: 102651688585265633 bcsId: 0} | ret=SUCCESS |  
2019-08-20 22:34:23,050 | INFO  | DNAudit | user=null | ip=null | op=WRITE_CHUNK {blockData=conID: 3 locID: 102651688585265633 bcsId: 0} | ret=SUCCESS |  
2019-08-20 22:34:23,058 | INFO  | DNAudit | user=null | ip=null | op=WRITE_CHUNK {blockData=conID: 3 locID: 102651688585265633 bcsId: 0} | ret=SUCCESS |  
2019-08-20 22:34:23,058 | INFO  | DNAudit | user=null | ip=null | op=PUT_BLOCK {blockData=[blockId=conID: 3 locID: 102651688585265633 bcsId: 0,size=1048576]} | ret=SUCCESS |  
2019-08-20 22:34:23,058 [grpc-default-executor-3] INFO  client.GrpcClientProtocolClient (GrpcClientProtocolClient.java:onNext(255)) - client-391BA870FC40->947ec526-030f-41cc-8af7-a6f75e712ab0: receive RaftClientReply:client-391BA870FC40->947ec526-030f-41cc-8af7-a6f75e712ab0@group-5D45C35602B2, cid=1376, SUCCESS, logIndex=1958, commits[947ec526-030f-41cc-8af7-a6f75e712ab0:c1959, c447b9b6-dde2-4ce7-aa81-d0e2eddc8fe9:c1957, 28b540ac-241d-462a-a56c-509e92928066:c1957]
2019-08-20 22:34:23,059 [grpc-default-executor-3] INFO  client.GrpcClientProtocolClient (GrpcClientProtocolClient.java:onNext(255)) - client-391BA870FC40->947ec526-030f-41cc-8af7-a6f75e712ab0: receive RaftClientReply:client-391BA870FC40->947ec526-030f-41cc-8af7-a6f75e712ab0@group-5D45C35602B2, cid=1377, SUCCESS, logIndex=1959, commits[947ec526-030f-41cc-8af7-a6f75e712ab0:c1959, c447b9b6-dde2-4ce7-aa81-d0e2eddc8fe9:c1957, 28b540ac-241d-462a-a56c-509e92928066:c1957]
2019-08-20 22:34:23,071 | INFO  | DNAudit | user=null | ip=null | op=WRITE_CHUNK {blockData=conID: 3 locID: 102651688585265633 bcsId: 0} | ret=SUCCESS |  
2019-08-20 22:34:23,071 | INFO  | DNAudit | user=null | ip=null | op=PUT_BLOCK {blockData=[blockId=conID: 3 locID: 102651688585265633 bcsId: 0,size=2097152]} | ret=SUCCESS |  
2019-08-20 22:34:23,071 [grpc-default-executor-3] INFO  client.GrpcClientProtocolClient (GrpcClientProtocolClient.java:onNext(255)) - client-391BA870FC40->947ec526-030f-41cc-8af7-a6f75e712ab0: receive RaftClientReply:client-391BA870FC40->947ec526-030f-41cc-8af7-a6f75e712ab0@group-5D45C35602B2, cid=1378, SUCCESS, logIndex=1960, commits[947ec526-030f-41cc-8af7-a6f75e712ab0:c1961, c447b9b6-dde2-4ce7-aa81-d0e2eddc8fe9:c1957, 28b540ac-241d-462a-a56c-509e92928066:c1957]
2019-08-20 22:34:23,072 [grpc-default-executor-3] INFO  client.GrpcClientProtocolClient (GrpcClientProtocolClient.java:onNext(255)) - client-391BA870FC40->947ec526-030f-41cc-8af7-a6f75e712ab0: receive RaftClientReply:client-391BA870FC40->947ec526-030f-41cc-8af7-a6f75e712ab0@group-5D45C35602B2, cid=1379, SUCCESS, logIndex=1961, commits[947ec526-030f-41cc-8af7-a6f75e712ab0:c1961, c447b9b6-dde2-4ce7-aa81-d0e2eddc8fe9:c1957, 28b540ac-241d-462a-a56c-509e92928066:c1957]
2019-08-20 22:34:23,083 | INFO  | DNAudit | user=null | ip=null | op=WRITE_CHUNK {blockData=conID: 3 locID: 102651688585265633 bcsId: 0} | ret=SUCCESS |  
2019-08-20 22:34:23,083 | INFO  | DNAudit | user=null | ip=null | op=WRITE_CHUNK {blockData=conID: 3 locID: 102651688585265633 bcsId: 0} | ret=SUCCESS |  
2019-08-20 22:34:23,083 | INFO  | DNAudit | user=null | ip=null | op=PUT_BLOCK {blockData=[blockId=conID: 3 locID: 102651688585265633 bcsId: 0,size=1048576]} | ret=SUCCESS |  
2019-08-20 22:34:23,084 | INFO  | DNAudit | user=null | ip=null | op=PUT_BLOCK {blockData=[blockId=conID: 3 locID: 102651688585265633 bcsId: 0,size=1048576]} | ret=SUCCESS |  
2019-08-20 22:34:23,084 [grpc-default-executor-3] INFO  client.GrpcClientProtocolClient (GrpcClientProtocolClient.java:onNext(255)) - client-391BA870FC40->947ec526-030f-41cc-8af7-a6f75e712ab0: receive RaftClientReply:client-391BA870FC40->947ec526-030f-41cc-8af7-a6f75e712ab0@group-5D45C35602B2, cid=1380, SUCCESS, logIndex=0, commits[947ec526-030f-41cc-8af7-a6f75e712ab0:c1962, c447b9b6-dde2-4ce7-aa81-d0e2eddc8fe9:c1959, 28b540ac-241d-462a-a56c-509e92928066:c1959]
2019-08-20 22:34:23,092 | INFO  | DNAudit | user=null | ip=null | op=WRITE_CHUNK {blockData=conID: 3 locID: 102651688585265633 bcsId: 1961} | ret=SUCCESS |  
2019-08-20 22:34:23,094 | INFO  | DNAudit | user=null | ip=null | op=WRITE_CHUNK {blockData=conID: 3 locID: 102651688585265633 bcsId: 1961} | ret=SUCCESS |  
2019-08-20 22:34:23,094 | INFO  | DNAudit | user=null | ip=null | op=WRITE_CHUNK {blockData=conID: 3 locID: 102651688585265633 bcsId: 1961} | ret=SUCCESS |  
2019-08-20 22:34:23,096 | INFO  | DNAudit | user=null | ip=null | op=WRITE_CHUNK {blockData=conID: 3 locID: 102651688585265633 bcsId: 0} | ret=SUCCESS |  
2019-08-20 22:34:23,096 | INFO  | DNAudit | user=null | ip=null | op=WRITE_CHUNK {blockData=conID: 3 locID: 102651688585265633 bcsId: 0} | ret=SUCCESS |  
2019-08-20 22:34:23,097 | INFO  | DNAudit | user=null | ip=null | op=PUT_BLOCK {blockData=[blockId=conID: 3 locID: 102651688585265633 bcsId: 0,size=2097152]} | ret=SUCCESS |  
2019-08-20 22:34:23,097 | INFO  | DNAudit | user=null | ip=null | op=PUT_BLOCK {blockData=[blockId=conID: 3 locID: 102651688585265633 bcsId: 0,size=2097152]} | ret=SUCCESS |  
2019-08-20 22:34:23,110 | INFO  | DNAudit | user=null | ip=null | op=WRITE_CHUNK {blockData=conID: 3 locID: 102651688585265633 bcsId: 1961} | ret=SUCCESS |  
2019-08-20 22:34:23,110 | INFO  | DNAudit | user=null | ip=null | op=PUT_BLOCK {blockData=[blockId=conID: 3 locID: 102651688585265633 bcsId: 0,size=3145728]} | ret=SUCCESS |  
2019-08-20 22:34:23,110 [grpc-default-executor-3] INFO  client.GrpcClientProtocolClient (GrpcClientProtocolClient.java:onNext(255)) - client-391BA870FC40->947ec526-030f-41cc-8af7-a6f75e712ab0: receive RaftClientReply:client-391BA870FC40->947ec526-030f-41cc-8af7-a6f75e712ab0@group-5D45C35602B2, cid=1381, SUCCESS, logIndex=1965, commits[947ec526-030f-41cc-8af7-a6f75e712ab0:c1966, c447b9b6-dde2-4ce7-aa81-d0e2eddc8fe9:c1962, 28b540ac-241d-462a-a56c-509e92928066:c1962]
2019-08-20 22:34:23,111 [grpc-default-executor-3] INFO  client.GrpcClientProtocolClient (GrpcClientProtocolClient.java:onNext(255)) - client-391BA870FC40->947ec526-030f-41cc-8af7-a6f75e712ab0: receive RaftClientReply:client-391BA870FC40->947ec526-030f-41cc-8af7-a6f75e712ab0@group-5D45C35602B2, cid=1382, SUCCESS, logIndex=1966, commits[947ec526-030f-41cc-8af7-a6f75e712ab0:c1966, c447b9b6-dde2-4ce7-aa81-d0e2eddc8fe9:c1962, 28b540ac-241d-462a-a56c-509e92928066:c1962]
2019-08-20 22:34:23,118 | INFO  | DNAudit | user=null | ip=null | op=WRITE_CHUNK {blockData=conID: 3 locID: 102651688585265633 bcsId: 1966} | ret=SUCCESS |  
2019-08-20 22:34:23,120 | INFO  | DNAudit | user=null | ip=null | op=WRITE_CHUNK {blockData=conID: 3 locID: 102651688585265633 bcsId: 1966} | ret=SUCCESS |  
2019-08-20 22:34:23,120 | INFO  | DNAudit | user=null | ip=null | op=WRITE_CHUNK {blockData=conID: 3 locID: 102651688585265633 bcsId: 1966} | ret=SUCCESS |  
2019-08-20 22:34:23,123 | INFO  | DNAudit | user=null | ip=null | op=WRITE_CHUNK {blockData=conID: 3 locID: 102651688585265633 bcsId: 1961} | ret=SUCCESS |  
2019-08-20 22:34:23,123 | INFO  | DNAudit | user=null | ip=null | op=WRITE_CHUNK {blockData=conID: 3 locID: 102651688585265633 bcsId: 1961} | ret=SUCCESS |  
2019-08-20 22:34:23,136 | INFO  | DNAudit | user=null | ip=null | op=PUT_BLOCK {blockData=[blockId=conID: 3 locID: 102651688585265633 bcsId: 0,size=3145728]} | ret=SUCCESS |  
2019-08-20 22:34:23,136 | INFO  | DNAudit | user=null | ip=null | op=PUT_BLOCK {blockData=[blockId=conID: 3 locID: 102651688585265633 bcsId: 0,size=3145728]} | ret=SUCCESS |  
2019-08-20 22:34:23,137 | INFO  | DNAudit | user=null | ip=null | op=WRITE_CHUNK {blockData=conID: 3 locID: 102651688585265633 bcsId: 1966} | ret=SUCCESS |  
2019-08-20 22:34:23,137 | INFO  | DNAudit | user=null | ip=null | op=PUT_BLOCK {blockData=[blockId=conID: 3 locID: 102651688585265633 bcsId: 0,size=4194304]} | ret=SUCCESS |  
2019-08-20 22:34:23,137 [grpc-default-executor-3] INFO  client.GrpcClientProtocolClient (GrpcClientProtocolClient.java:onNext(255)) - client-391BA870FC40->947ec526-030f-41cc-8af7-a6f75e712ab0: receive RaftClientReply:client-391BA870FC40->947ec526-030f-41cc-8af7-a6f75e712ab0@group-5D45C35602B2, cid=1383, SUCCESS, logIndex=1969, commits[947ec526-030f-41cc-8af7-a6f75e712ab0:c1970, c447b9b6-dde2-4ce7-aa81-d0e2eddc8fe9:c1966, 28b540ac-241d-462a-a56c-509e92928066:c1966]
2019-08-20 22:34:23,138 [grpc-default-executor-3] INFO  client.GrpcClientProtocolClient (GrpcClientProtocolClient.java:onNext(255)) - client-391BA870FC40->947ec526-030f-41cc-8af7-a6f75e712ab0: receive RaftClientReply:client-391BA870FC40->947ec526-030f-41cc-8af7-a6f75e712ab0@group-5D45C35602B2, cid=1384, SUCCESS, logIndex=1970, commits[947ec526-030f-41cc-8af7-a6f75e712ab0:c1970, c447b9b6-dde2-4ce7-aa81-d0e2eddc8fe9:c1966, 28b540ac-241d-462a-a56c-509e92928066:c1966]
2019-08-20 22:34:23,156 | INFO  | DNAudit | user=null | ip=null | op=WRITE_CHUNK {blockData=conID: 3 locID: 102651688585265633 bcsId: 1966} | ret=SUCCESS |  
2019-08-20 22:34:23,156 | INFO  | DNAudit | user=null | ip=null | op=WRITE_CHUNK {blockData=conID: 3 locID: 102651688585265633 bcsId: 1966} | ret=SUCCESS |  
2019-08-20 22:34:23,159 | INFO  | DNAudit | user=null | ip=null | op=PUT_BLOCK {blockData=[blockId=conID: 3 locID: 102651688585265633 bcsId: 0,size=4194304]} | ret=SUCCESS |  
2019-08-20 22:34:23,159 | INFO  | DNAudit | user=null | ip=null | op=PUT_BLOCK {blockData=[blockId=conID: 3 locID: 102651688585265633 bcsId: 0,size=4194304]} | ret=SUCCESS |  
2019-08-20 22:34:23,160 [grpc-default-executor-3] INFO  client.GrpcClientProtocolClient (GrpcClientProtocolClient.java:onNext(255)) - client-391BA870FC40->947ec526-030f-41cc-8af7-a6f75e712ab0: receive RaftClientReply:client-391BA870FC40->947ec526-030f-41cc-8af7-a6f75e712ab0@group-5D45C35602B2, cid=1385, SUCCESS, logIndex=0, commits[947ec526-030f-41cc-8af7-a6f75e712ab0:c1972, c447b9b6-dde2-4ce7-aa81-d0e2eddc8fe9:c1970, 28b540ac-241d-462a-a56c-509e92928066:c1970]
2019-08-20 22:34:23,161 | INFO  | SCMAudit | user=jenkins1000 | ip=192.168.5.142 | op=SEND_HEARTBEAT {datanodeUUID=28b540ac-241d-462a-a56c-509e92928066, command=[]} | ret=SUCCESS |  
2019-08-20 22:34:23,161 | INFO  | SCMAudit | user=jenkins1000 | ip=192.168.5.142 | op=SEND_HEARTBEAT {datanodeUUID=c447b9b6-dde2-4ce7-aa81-d0e2eddc8fe9, command=[]} | ret=SUCCESS |  
2019-08-20 22:34:23,162 | INFO  | SCMAudit | user=jenkins1000 | ip=192.168.5.142 | op=SEND_HEARTBEAT {datanodeUUID=eafd9314-3f13-422a-a2ac-adfcde2d7481, command=[]} | ret=SUCCESS |  
2019-08-20 22:34:23,162 | INFO  | SCMAudit | user=jenkins1000 | ip=192.168.5.142 | op=SEND_HEARTBEAT {datanodeUUID=947ec526-030f-41cc-8af7-a6f75e712ab0, command=[]} | ret=SUCCESS |  
 0.00% |█                                                                                                    |  0/1 Time: 0:00:122019-08-20 22:34:23,167 | INFO  | SCMAudit | user=jenkins1000 | ip=192.168.5.142 | op=ALLOCATE_BLOCK {owner=6f694d07-2a2f-44d9-8e1c-aaa094a2f647, size=4194304, type=RATIS, factor=THREE} | ret=SUCCESS |  
2019-08-20 22:34:23,172 | INFO  | OMAudit | user=jenkins1000 | ip=127.0.0.1 | op=ALLOCATE_BLOCK {volume=vol-0-80747, bucket=bucket-0-27686, key=key-0-47435, dataSize=0, replicationType=null, replicationFactor=null, keyLocationInfo=null, clientID=102651687805452690} | ret=SUCCESS |  
2019-08-20 22:34:23,180 | INFO  | DNAudit | user=null | ip=null | op=WRITE_CHUNK {blockData=conID: 1 locID: 102651688594112994 bcsId: 0} | ret=SUCCESS |  
2019-08-20 22:34:23,183 | INFO  | DNAudit | user=null | ip=null | op=WRITE_CHUNK {blockData=conID: 1 locID: 102651688594112994 bcsId: 0} | ret=SUCCESS |  
2019-08-20 22:34:23,184 | INFO  | DNAudit | user=null | ip=null | op=WRITE_CHUNK {blockData=conID: 1 locID: 102651688594112994 bcsId: 0} | ret=SUCCESS |  
2019-08-20 22:34:23,184 | INFO  | DNAudit | user=null | ip=null | op=WRITE_CHUNK {blockData=conID: 1 locID: 102651688594112994 bcsId: 0} | ret=SUCCESS |  
2019-08-20 22:34:23,185 | INFO  | DNAudit | user=null | ip=null | op=WRITE_CHUNK {blockData=conID: 1 locID: 102651688594112994 bcsId: 0} | ret=SUCCESS |  
2019-08-20 22:34:23,185 | INFO  | DNAudit | user=null | ip=null | op=WRITE_CHUNK {blockData=conID: 1 locID: 102651688594112994 bcsId: 0} | ret=SUCCESS |  
2019-08-20 22:34:23,193 | INFO  | DNAudit | user=null | ip=null | op=WRITE_CHUNK {blockData=conID: 1 locID: 102651688594112994 bcsId: 0} | ret=SUCCESS |  
2019-08-20 22:34:23,193 | INFO  | DNAudit | user=null | ip=null | op=PUT_BLOCK {blockData=[blockId=conID: 1 locID: 102651688594112994 bcsId: 0,size=1048576]} | ret=SUCCESS |  
2019-08-20 22:34:23,194 | INFO  | DNAudit | user=null | ip=null | op=WRITE_CHUNK {blockData=conID: 1 locID: 102651688594112994 bcsId: 0} | ret=SUCCESS |  
2019-08-20 22:34:23,193 [grpc-default-executor-5] INFO  client.GrpcClientProtocolClient (GrpcClientProtocolClient.java:onNext(255)) - client-391BA870FC40->947ec526-030f-41cc-8af7-a6f75e712ab0: receive RaftClientReply:client-391BA870FC40->947ec526-030f-41cc-8af7-a6f75e712ab0@group-5D45C35602B2, cid=1386, SUCCESS, logIndex=1973, commits[947ec526-030f-41cc-8af7-a6f75e712ab0:c1973, c447b9b6-dde2-4ce7-aa81-d0e2eddc8fe9:c1972, 28b540ac-241d-462a-a56c-509e92928066:c1972]
2019-08-20 22:34:23,194 | INFO  | DNAudit | user=null | ip=null | op=PUT_BLOCK {blockData=[blockId=conID: 1 locID: 102651688594112994 bcsId: 0,size=2097152]} | ret=SUCCESS |  
2019-08-20 22:34:23,194 [grpc-default-executor-5] INFO  client.GrpcClientProtocolClient (GrpcClientProtocolClient.java:onNext(255)) - client-391BA870FC40->947ec526-030f-41cc-8af7-a6f75e712ab0: receive RaftClientReply:client-391BA870FC40->947ec526-030f-41cc-8af7-a6f75e712ab0@group-5D45C35602B2, cid=1387, SUCCESS, logIndex=1974, commits[947ec526-030f-41cc-8af7-a6f75e712ab0:c1976, c447b9b6-dde2-4ce7-aa81-d0e2eddc8fe9:c1972, 28b540ac-241d-462a-a56c-509e92928066:c1972]
2019-08-20 22:34:23,194 [grpc-default-executor-5] INFO  client.GrpcClientProtocolClient (GrpcClientProtocolClient.java:onNext(255)) - client-391BA870FC40->947ec526-030f-41cc-8af7-a6f75e712ab0: receive RaftClientReply:client-391BA870FC40->947ec526-030f-41cc-8af7-a6f75e712ab0@group-5D45C35602B2, cid=1388, SUCCESS, logIndex=1975, commits[947ec526-030f-41cc-8af7-a6f75e712ab0:c1976, c447b9b6-dde2-4ce7-aa81-d0e2eddc8fe9:c1972, 28b540ac-241d-462a-a56c-509e92928066:c1972]
2019-08-20 22:34:23,194 [grpc-default-executor-5] INFO  client.GrpcClientProtocolClient (GrpcClientProtocolClient.java:onNext(255)) - client-391BA870FC40->947ec526-030f-41cc-8af7-a6f75e712ab0: receive RaftClientReply:client-391BA870FC40->947ec526-030f-41cc-8af7-a6f75e712ab0@group-5D45C35602B2, cid=1389, SUCCESS, logIndex=1976, commits[947ec526-030f-41cc-8af7-a6f75e712ab0:c1976, c447b9b6-dde2-4ce7-aa81-d0e2eddc8fe9:c1972, 28b540ac-241d-462a-a56c-509e92928066:c1972]
2019-08-20 22:34:23,196 | INFO  | DNAudit | user=null | ip=null | op=WRITE_CHUNK {blockData=conID: 1 locID: 102651688594112994 bcsId: 0} | ret=SUCCESS |  
2019-08-20 22:34:23,197 | INFO  | DNAudit | user=null | ip=null | op=WRITE_CHUNK {blockData=conID: 1 locID: 102651688594112994 bcsId: 0} | ret=SUCCESS |  
2019-08-20 22:34:23,197 | INFO  | DNAudit | user=null | ip=null | op=PUT_BLOCK {blockData=[blockId=conID: 1 locID: 102651688594112994 bcsId: 0,size=1048576]} | ret=SUCCESS |  
2019-08-20 22:34:23,197 | INFO  | DNAudit | user=null | ip=null | op=WRITE_CHUNK {blockData=conID: 1 locID: 102651688594112994 bcsId: 0} | ret=SUCCESS |  
2019-08-20 22:34:23,199 | INFO  | DNAudit | user=null | ip=null | op=PUT_BLOCK {blockData=[blockId=conID: 1 locID: 102651688594112994 bcsId: 0,size=1048576]} | ret=SUCCESS |  
2019-08-20 22:34:23,199 | INFO  | DNAudit | user=null | ip=null | op=WRITE_CHUNK {blockData=conID: 1 locID: 102651688594112994 bcsId: 0} | ret=SUCCESS |  
2019-08-20 22:34:23,199 | INFO  | DNAudit | user=null | ip=null | op=PUT_BLOCK {blockData=[blockId=conID: 1 locID: 102651688594112994 bcsId: 0,size=2097152]} | ret=SUCCESS |  
2019-08-20 22:34:23,199 [grpc-default-executor-5] INFO  client.GrpcClientProtocolClient (GrpcClientProtocolClient.java:onNext(255)) - client-391BA870FC40->947ec526-030f-41cc-8af7-a6f75e712ab0: receive RaftClientReply:client-391BA870FC40->947ec526-030f-41cc-8af7-a6f75e712ab0@group-5D45C35602B2, cid=1390, SUCCESS, logIndex=0, commits[947ec526-030f-41cc-8af7-a6f75e712ab0:c1978, c447b9b6-dde2-4ce7-aa81-d0e2eddc8fe9:c1975, 28b540ac-241d-462a-a56c-509e92928066:c1975]
2019-08-20 22:34:23,200 | INFO  | DNAudit | user=null | ip=null | op=PUT_BLOCK {blockData=[blockId=conID: 1 locID: 102651688594112994 bcsId: 0,size=2097152]} | ret=SUCCESS |  
2019-08-20 22:34:23,209 | INFO  | DNAudit | user=null | ip=null | op=WRITE_CHUNK {blockData=conID: 1 locID: 102651688594112994 bcsId: 1976} | ret=SUCCESS |  
2019-08-20 22:34:23,209 | INFO  | DNAudit | user=null | ip=null | op=WRITE_CHUNK {blockData=conID: 1 locID: 102651688594112994 bcsId: 1976} | ret=SUCCESS |  
2019-08-20 22:34:23,209 | INFO  | DNAudit | user=null | ip=null | op=WRITE_CHUNK {blockData=conID: 1 locID: 102651688594112994 bcsId: 1976} | ret=SUCCESS |  
2019-08-20 22:34:23,221 | INFO  | DNAudit | user=null | ip=null | op=WRITE_CHUNK {blockData=conID: 1 locID: 102651688594112994 bcsId: 1976} | ret=SUCCESS |  
2019-08-20 22:34:23,221 | INFO  | DNAudit | user=null | ip=null | op=PUT_BLOCK {blockData=[blockId=conID: 1 locID: 102651688594112994 bcsId: 0,size=3145728]} | ret=SUCCESS |  
2019-08-20 22:34:23,221 [grpc-default-executor-3] INFO  client.GrpcClientProtocolClient (GrpcClientProtocolClient.java:onNext(255)) - client-391BA870FC40->947ec526-030f-41cc-8af7-a6f75e712ab0: receive RaftClientReply:client-391BA870FC40->947ec526-030f-41cc-8af7-a6f75e712ab0@group-5D45C35602B2, cid=1391, SUCCESS, logIndex=1980, commits[947ec526-030f-41cc-8af7-a6f75e712ab0:c1981, c447b9b6-dde2-4ce7-aa81-d0e2eddc8fe9:c1979, 28b540ac-241d-462a-a56c-509e92928066:c1979]
2019-08-20 22:34:23,222 [grpc-default-executor-3] INFO  client.GrpcClientProtocolClient (GrpcClientProtocolClient.java:onNext(255)) - client-391BA870FC40->947ec526-030f-41cc-8af7-a6f75e712ab0: receive RaftClientReply:client-391BA870FC40->947ec526-030f-41cc-8af7-a6f75e712ab0@group-5D45C35602B2, cid=1392, SUCCESS, logIndex=1981, commits[947ec526-030f-41cc-8af7-a6f75e712ab0:c1981, c447b9b6-dde2-4ce7-aa81-d0e2eddc8fe9:c1979, 28b540ac-241d-462a-a56c-509e92928066:c1979]
2019-08-20 22:34:23,226 | INFO  | DNAudit | user=null | ip=null | op=WRITE_CHUNK {blockData=conID: 1 locID: 102651688594112994 bcsId: 1976} | ret=SUCCESS |  
2019-08-20 22:34:23,226 | INFO  | DNAudit | user=null | ip=null | op=WRITE_CHUNK {blockData=conID: 1 locID: 102651688594112994 bcsId: 1976} | ret=SUCCESS |  
2019-08-20 22:34:23,226 | INFO  | DNAudit | user=null | ip=null | op=PUT_BLOCK {blockData=[blockId=conID: 1 locID: 102651688594112994 bcsId: 0,size=3145728]} | ret=SUCCESS |  
2019-08-20 22:34:23,226 | INFO  | DNAudit | user=null | ip=null | op=PUT_BLOCK {blockData=[blockId=conID: 1 locID: 102651688594112994 bcsId: 0,size=3145728]} | ret=SUCCESS |  
2019-08-20 22:34:23,228 | INFO  | DNAudit | user=null | ip=null | op=WRITE_CHUNK {blockData=conID: 1 locID: 102651688594112994 bcsId: 1981} | ret=SUCCESS |  
2019-08-20 22:34:23,230 | INFO  | DNAudit | user=null | ip=null | op=WRITE_CHUNK {blockData=conID: 1 locID: 102651688594112994 bcsId: 1981} | ret=SUCCESS |  
2019-08-20 22:34:23,230 | INFO  | DNAudit | user=null | ip=null | op=WRITE_CHUNK {blockData=conID: 1 locID: 102651688594112994 bcsId: 1981} | ret=SUCCESS |  
2019-08-20 22:34:23,243 | INFO  | DNAudit | user=null | ip=null | op=WRITE_CHUNK {blockData=conID: 1 locID: 102651688594112994 bcsId: 1981} | ret=SUCCESS |  
2019-08-20 22:34:23,243 | INFO  | DNAudit | user=null | ip=null | op=PUT_BLOCK {blockData=[blockId=conID: 1 locID: 102651688594112994 bcsId: 0,size=4194304]} | ret=SUCCESS |  
2019-08-20 22:34:23,243 [grpc-default-executor-2] INFO  client.GrpcClientProtocolClient (GrpcClientProtocolClient.java:onNext(255)) - client-391BA870FC40->947ec526-030f-41cc-8af7-a6f75e712ab0: receive RaftClientReply:client-391BA870FC40->947ec526-030f-41cc-8af7-a6f75e712ab0@group-5D45C35602B2, cid=1393, SUCCESS, logIndex=1984, commits[947ec526-030f-41cc-8af7-a6f75e712ab0:c1985, c447b9b6-dde2-4ce7-aa81-d0e2eddc8fe9:c1982, 28b540ac-241d-462a-a56c-509e92928066:c1982]
2019-08-20 22:34:23,244 [grpc-default-executor-2] INFO  client.GrpcClientProtocolClient (GrpcClientProtocolClient.java:onNext(255)) - client-391BA870FC40->947ec526-030f-41cc-8af7-a6f75e712ab0: receive RaftClientReply:client-391BA870FC40->947ec526-030f-41cc-8af7-a6f75e712ab0@group-5D45C35602B2, cid=1394, SUCCESS, logIndex=1985, commits[947ec526-030f-41cc-8af7-a6f75e712ab0:c1985, c447b9b6-dde2-4ce7-aa81-d0e2eddc8fe9:c1982, 28b540ac-241d-462a-a56c-509e92928066:c1982]
2019-08-20 22:34:23,255 | INFO  | DNAudit | user=null | ip=null | op=WRITE_CHUNK {blockData=conID: 1 locID: 102651688594112994 bcsId: 1981} | ret=SUCCESS |  
2019-08-20 22:34:23,255 | INFO  | DNAudit | user=null | ip=null | op=WRITE_CHUNK {blockData=conID: 1 locID: 102651688594112994 bcsId: 1981} | ret=SUCCESS |  
2019-08-20 22:34:23,257 | INFO  | DNAudit | user=null | ip=null | op=PUT_BLOCK {blockData=[blockId=conID: 1 locID: 102651688594112994 bcsId: 0,size=4194304]} | ret=SUCCESS |  
2019-08-20 22:34:23,257 | INFO  | DNAudit | user=null | ip=null | op=PUT_BLOCK {blockData=[blockId=conID: 1 locID: 102651688594112994 bcsId: 0,size=4194304]} | ret=SUCCESS |  
2019-08-20 22:34:23,258 [grpc-default-executor-2] INFO  client.GrpcClientProtocolClient (GrpcClientProtocolClient.java:onNext(255)) - client-391BA870FC40->947ec526-030f-41cc-8af7-a6f75e712ab0: receive RaftClientReply:client-391BA870FC40->947ec526-030f-41cc-8af7-a6f75e712ab0@group-5D45C35602B2, cid=1395, SUCCESS, logIndex=0, commits[947ec526-030f-41cc-8af7-a6f75e712ab0:c1987, c447b9b6-dde2-4ce7-aa81-d0e2eddc8fe9:c1985, 28b540ac-241d-462a-a56c-509e92928066:c1985]
2019-08-20 22:34:23,261 | INFO  | SCMAudit | user=jenkins1000 | ip=192.168.5.142 | op=ALLOCATE_BLOCK {owner=6f694d07-2a2f-44d9-8e1c-aaa094a2f647, size=4194304, type=RATIS, factor=THREE} | ret=SUCCESS |  
2019-08-20 22:34:23,263 | INFO  | OMAudit | user=jenkins1000 | ip=127.0.0.1 | op=ALLOCATE_BLOCK {volume=vol-0-80747, bucket=bucket-0-27686, key=key-0-47435, dataSize=0, replicationType=null, replicationFactor=null, keyLocationInfo=null, clientID=102651687805452690} | ret=SUCCESS |  
2019-08-20 22:34:23,270 | INFO  | DNAudit | user=null | ip=null | op=WRITE_CHUNK {blockData=conID: 2 locID: 102651688600273379 bcsId: 0} | ret=SUCCESS |  
2019-08-20 22:34:23,271 | INFO  | DNAudit | user=null | ip=null | op=WRITE_CHUNK {blockData=conID: 2 locID: 102651688600273379 bcsId: 0} | ret=SUCCESS |  
2019-08-20 22:34:23,272 | INFO  | DNAudit | user=null | ip=null | op=WRITE_CHUNK {blockData=conID: 2 locID: 102651688600273379 bcsId: 0} | ret=SUCCESS |  
2019-08-20 22:34:23,272 | INFO  | DNAudit | user=null | ip=null | op=WRITE_CHUNK {blockData=conID: 2 locID: 102651688600273379 bcsId: 0} | ret=SUCCESS |  
2019-08-20 22:34:23,273 | INFO  | DNAudit | user=null | ip=null | op=WRITE_CHUNK {blockData=conID: 2 locID: 102651688600273379 bcsId: 0} | ret=SUCCESS |  
2019-08-20 22:34:23,274 | INFO  | DNAudit | user=null | ip=null | op=WRITE_CHUNK {blockData=conID: 2 locID: 102651688600273379 bcsId: 0} | ret=SUCCESS |  
2019-08-20 22:34:23,284 | INFO  | DNAudit | user=null | ip=null | op=WRITE_CHUNK {blockData=conID: 2 locID: 102651688600273379 bcsId: 0} | ret=SUCCESS |  
2019-08-20 22:34:23,284 | INFO  | DNAudit | user=null | ip=null | op=PUT_BLOCK {blockData=[blockId=conID: 2 locID: 102651688600273379 bcsId: 0,size=1048576]} | ret=SUCCESS |  
2019-08-20 22:34:23,285 | INFO  | DNAudit | user=null | ip=null | op=WRITE_CHUNK {blockData=conID: 2 locID: 102651688600273379 bcsId: 0} | ret=SUCCESS |  
2019-08-20 22:34:23,285 [grpc-default-executor-2] INFO  client.GrpcClientProtocolClient (GrpcClientProtocolClient.java:onNext(255)) - client-391BA870FC40->947ec526-030f-41cc-8af7-a6f75e712ab0: receive RaftClientReply:client-391BA870FC40->947ec526-030f-41cc-8af7-a6f75e712ab0@group-5D45C35602B2, cid=1396, SUCCESS, logIndex=1988, commits[947ec526-030f-41cc-8af7-a6f75e712ab0:c1989, c447b9b6-dde2-4ce7-aa81-d0e2eddc8fe9:c1987, 28b540ac-241d-462a-a56c-509e92928066:c1987]
2019-08-20 22:34:23,285 | INFO  | DNAudit | user=null | ip=null | op=PUT_BLOCK {blockData=[blockId=conID: 2 locID: 102651688600273379 bcsId: 0,size=2097152]} | ret=SUCCESS |  
2019-08-20 22:34:23,285 [grpc-default-executor-2] INFO  client.GrpcClientProtocolClient (GrpcClientProtocolClient.java:onNext(255)) - client-391BA870FC40->947ec526-030f-41cc-8af7-a6f75e712ab0: receive RaftClientReply:client-391BA870FC40->947ec526-030f-41cc-8af7-a6f75e712ab0@group-5D45C35602B2, cid=1397, SUCCESS, logIndex=1989, commits[947ec526-030f-41cc-8af7-a6f75e712ab0:c1991, c447b9b6-dde2-4ce7-aa81-d0e2eddc8fe9:c1987, 28b540ac-241d-462a-a56c-509e92928066:c1987]
2019-08-20 22:34:23,285 [grpc-default-executor-2] INFO  client.GrpcClientProtocolClient (GrpcClientProtocolClient.java:onNext(255)) - client-391BA870FC40->947ec526-030f-41cc-8af7-a6f75e712ab0: receive RaftClientReply:client-391BA870FC40->947ec526-030f-41cc-8af7-a6f75e712ab0@group-5D45C35602B2, cid=1398, SUCCESS, logIndex=1990, commits[947ec526-030f-41cc-8af7-a6f75e712ab0:c1991, c447b9b6-dde2-4ce7-aa81-d0e2eddc8fe9:c1987, 28b540ac-241d-462a-a56c-509e92928066:c1987]
2019-08-20 22:34:23,285 [grpc-default-executor-2] INFO  client.GrpcClientProtocolClient (GrpcClientProtocolClient.java:onNext(255)) - client-391BA870FC40->947ec526-030f-41cc-8af7-a6f75e712ab0: receive RaftClientReply:client-391BA870FC40->947ec526-030f-41cc-8af7-a6f75e712ab0@group-5D45C35602B2, cid=1399, SUCCESS, logIndex=1991, commits[947ec526-030f-41cc-8af7-a6f75e712ab0:c1991, c447b9b6-dde2-4ce7-aa81-d0e2eddc8fe9:c1987, 28b540ac-241d-462a-a56c-509e92928066:c1987]
2019-08-20 22:34:23,287 | INFO  | DNAudit | user=null | ip=null | op=WRITE_CHUNK {blockData=conID: 2 locID: 102651688600273379 bcsId: 0} | ret=SUCCESS |  
2019-08-20 22:34:23,287 | INFO  | DNAudit | user=null | ip=null | op=PUT_BLOCK {blockData=[blockId=conID: 2 locID: 102651688600273379 bcsId: 0,size=1048576]} | ret=SUCCESS |  
2019-08-20 22:34:23,287 | INFO  | DNAudit | user=null | ip=null | op=WRITE_CHUNK {blockData=conID: 2 locID: 102651688600273379 bcsId: 0} | ret=SUCCESS |  
2019-08-20 22:34:23,288 | INFO  | DNAudit | user=null | ip=null | op=PUT_BLOCK {blockData=[blockId=conID: 2 locID: 102651688600273379 bcsId: 0,size=1048576]} | ret=SUCCESS |  
2019-08-20 22:34:23,288 [grpc-default-executor-2] INFO  client.GrpcClientProtocolClient (GrpcClientProtocolClient.java:onNext(255)) - client-391BA870FC40->947ec526-030f-41cc-8af7-a6f75e712ab0: receive RaftClientReply:client-391BA870FC40->947ec526-030f-41cc-8af7-a6f75e712ab0@group-5D45C35602B2, cid=1400, SUCCESS, logIndex=0, commits[947ec526-030f-41cc-8af7-a6f75e712ab0:c1992, c447b9b6-dde2-4ce7-aa81-d0e2eddc8fe9:c1989, 28b540ac-241d-462a-a56c-509e92928066:c1989]
2019-08-20 22:34:23,293 | INFO  | DNAudit | user=null | ip=null | op=WRITE_CHUNK {blockData=conID: 2 locID: 102651688600273379 bcsId: 1991} | ret=SUCCESS |  
2019-08-20 22:34:23,296 | INFO  | DNAudit | user=null | ip=null | op=WRITE_CHUNK {blockData=conID: 2 locID: 102651688600273379 bcsId: 1991} | ret=SUCCESS |  
2019-08-20 22:34:23,296 | INFO  | DNAudit | user=null | ip=null | op=WRITE_CHUNK {blockData=conID: 2 locID: 102651688600273379 bcsId: 1991} | ret=SUCCESS |  
2019-08-20 22:34:23,300 | INFO  | DNAudit | user=null | ip=null | op=WRITE_CHUNK {blockData=conID: 2 locID: 102651688600273379 bcsId: 0} | ret=SUCCESS |  
2019-08-20 22:34:23,300 | INFO  | DNAudit | user=null | ip=null | op=WRITE_CHUNK {blockData=conID: 2 locID: 102651688600273379 bcsId: 0} | ret=SUCCESS |  
2019-08-20 22:34:23,300 | INFO  | DNAudit | user=null | ip=null | op=PUT_BLOCK {blockData=[blockId=conID: 2 locID: 102651688600273379 bcsId: 0,size=2097152]} | ret=SUCCESS |  
2019-08-20 22:34:23,301 | INFO  | DNAudit | user=null | ip=null | op=PUT_BLOCK {blockData=[blockId=conID: 2 locID: 102651688600273379 bcsId: 0,size=2097152]} | ret=SUCCESS |  
2019-08-20 22:34:23,313 | INFO  | DNAudit | user=null | ip=null | op=WRITE_CHUNK {blockData=conID: 2 locID: 102651688600273379 bcsId: 1991} | ret=SUCCESS |  
2019-08-20 22:34:23,314 | INFO  | DNAudit | user=null | ip=null | op=PUT_BLOCK {blockData=[blockId=conID: 2 locID: 102651688600273379 bcsId: 0,size=3145728]} | ret=SUCCESS |  
2019-08-20 22:34:23,314 [grpc-default-executor-2] INFO  client.GrpcClientProtocolClient (GrpcClientProtocolClient.java:onNext(255)) - client-391BA870FC40->947ec526-030f-41cc-8af7-a6f75e712ab0: receive RaftClientReply:client-391BA870FC40->947ec526-030f-41cc-8af7-a6f75e712ab0@group-5D45C35602B2, cid=1401, SUCCESS, logIndex=1995, commits[947ec526-030f-41cc-8af7-a6f75e712ab0:c1996, c447b9b6-dde2-4ce7-aa81-d0e2eddc8fe9:c1992, 28b540ac-241d-462a-a56c-509e92928066:c1992]
2019-08-20 22:34:23,314 [grpc-default-executor-2] INFO  client.GrpcClientProtocolClient (GrpcClientProtocolClient.java:onNext(255)) - client-391BA870FC40->947ec526-030f-41cc-8af7-a6f75e712ab0: receive RaftClientReply:client-391BA870FC40->947ec526-030f-41cc-8af7-a6f75e712ab0@group-5D45C35602B2, cid=1402, SUCCESS, logIndex=1996, commits[947ec526-030f-41cc-8af7-a6f75e712ab0:c1996, c447b9b6-dde2-4ce7-aa81-d0e2eddc8fe9:c1992, 28b540ac-241d-462a-a56c-509e92928066:c1992]
2019-08-20 22:34:23,320 | INFO  | DNAudit | user=null | ip=null | op=WRITE_CHUNK {blockData=conID: 2 locID: 102651688600273379 bcsId: 1996} | ret=SUCCESS |  
2019-08-20 22:34:23,323 | INFO  | DNAudit | user=null | ip=null | op=WRITE_CHUNK {blockData=conID: 2 locID: 102651688600273379 bcsId: 1996} | ret=SUCCESS |  
2019-08-20 22:34:23,323 | INFO  | DNAudit | user=null | ip=null | op=WRITE_CHUNK {blockData=conID: 2 locID: 102651688600273379 bcsId: 1996} | ret=SUCCESS |  
2019-08-20 22:34:23,326 | INFO  | DNAudit | user=null | ip=null | op=WRITE_CHUNK {blockData=conID: 2 locID: 102651688600273379 bcsId: 1991} | ret=SUCCESS |  
2019-08-20 22:34:23,327 | INFO  | DNAudit | user=null | ip=null | op=WRITE_CHUNK {blockData=conID: 2 locID: 102651688600273379 bcsId: 1991} | ret=SUCCESS |  
2019-08-20 22:34:23,327 | INFO  | DNAudit | user=null | ip=null | op=PUT_BLOCK {blockData=[blockId=conID: 2 locID: 102651688600273379 bcsId: 0,size=3145728]} | ret=SUCCESS |  
2019-08-20 22:34:23,327 | INFO  | DNAudit | user=null | ip=null | op=PUT_BLOCK {blockData=[blockId=conID: 2 locID: 102651688600273379 bcsId: 0,size=3145728]} | ret=SUCCESS |  
2019-08-20 22:34:23,340 | INFO  | DNAudit | user=null | ip=null | op=WRITE_CHUNK {blockData=conID: 2 locID: 102651688600273379 bcsId: 1996} | ret=SUCCESS |  
2019-08-20 22:34:23,341 | INFO  | DNAudit | user=null | ip=null | op=PUT_BLOCK {blockData=[blockId=conID: 2 locID: 102651688600273379 bcsId: 0,size=4194304]} | ret=SUCCESS |  
2019-08-20 22:34:23,341 [grpc-default-executor-2] INFO  client.GrpcClientProtocolClient (GrpcClientProtocolClient.java:onNext(255)) - client-391BA870FC40->947ec526-030f-41cc-8af7-a6f75e712ab0: receive RaftClientReply:client-391BA870FC40->947ec526-030f-41cc-8af7-a6f75e712ab0@group-5D45C35602B2, cid=1403, SUCCESS, logIndex=1999, commits[947ec526-030f-41cc-8af7-a6f75e712ab0:c2000, c447b9b6-dde2-4ce7-aa81-d0e2eddc8fe9:c1996, 28b540ac-241d-462a-a56c-509e92928066:c1996]
2019-08-20 22:34:23,341 [grpc-default-executor-2] INFO  client.GrpcClientProtocolClient (GrpcClientProtocolClient.java:onNext(255)) - client-391BA870FC40->947ec526-030f-41cc-8af7-a6f75e712ab0: receive RaftClientReply:client-391BA870FC40->947ec526-030f-41cc-8af7-a6f75e712ab0@group-5D45C35602B2, cid=1404, SUCCESS, logIndex=2000, commits[947ec526-030f-41cc-8af7-a6f75e712ab0:c2000, c447b9b6-dde2-4ce7-aa81-d0e2eddc8fe9:c1996, 28b540ac-241d-462a-a56c-509e92928066:c1996]
2019-08-20 22:34:23,353 | INFO  | DNAudit | user=null | ip=null | op=WRITE_CHUNK {blockData=conID: 2 locID: 102651688600273379 bcsId: 1996} | ret=SUCCESS |  
2019-08-20 22:34:23,354 | INFO  | DNAudit | user=null | ip=null | op=WRITE_CHUNK {blockData=conID: 2 locID: 102651688600273379 bcsId: 1996} | ret=SUCCESS |  
2019-08-20 22:34:23,354 | INFO  | DNAudit | user=null | ip=null | op=PUT_BLOCK {blockData=[blockId=conID: 2 locID: 102651688600273379 bcsId: 0,size=4194304]} | ret=SUCCESS |  
2019-08-20 22:34:23,354 | INFO  | DNAudit | user=null | ip=null | op=PUT_BLOCK {blockData=[blockId=conID: 2 locID: 102651688600273379 bcsId: 0,size=4194304]} | ret=SUCCESS |  
2019-08-20 22:34:23,354 [grpc-default-executor-2] INFO  client.GrpcClientProtocolClient (GrpcClientProtocolClient.java:onNext(255)) - client-391BA870FC40->947ec526-030f-41cc-8af7-a6f75e712ab0: receive RaftClientReply:client-391BA870FC40->947ec526-030f-41cc-8af7-a6f75e712ab0@group-5D45C35602B2, cid=1405, SUCCESS, logIndex=0, commits[947ec526-030f-41cc-8af7-a6f75e712ab0:c2001, c447b9b6-dde2-4ce7-aa81-d0e2eddc8fe9:c2000, 28b540ac-241d-462a-a56c-509e92928066:c2000]
2019-08-20 22:34:23,358 | INFO  | SCMAudit | user=jenkins1000 | ip=192.168.5.142 | op=ALLOCATE_BLOCK {owner=6f694d07-2a2f-44d9-8e1c-aaa094a2f647, size=4194304, type=RATIS, factor=THREE} | ret=SUCCESS |  
2019-08-20 22:34:23,360 | INFO  | OMAudit | user=jenkins1000 | ip=127.0.0.1 | op=ALLOCATE_BLOCK {volume=vol-0-80747, bucket=bucket-0-27686, key=key-0-47435, dataSize=0, replicationType=null, replicationFactor=null, keyLocationInfo=null, clientID=102651687805452690} | ret=SUCCESS |  
2019-08-20 22:34:23,507 | INFO  | DNAudit | user=null | ip=null | op=WRITE_CHUNK {blockData=conID: 3 locID: 102651688606564836 bcsId: 0} | ret=SUCCESS |  
2019-08-20 22:34:23,510 | INFO  | DNAudit | user=null | ip=null | op=WRITE_CHUNK {blockData=conID: 3 locID: 102651688606564836 bcsId: 0} | ret=SUCCESS |  
2019-08-20 22:34:23,510 | INFO  | DNAudit | user=null | ip=null | op=WRITE_CHUNK {blockData=conID: 3 locID: 102651688606564836 bcsId: 0} | ret=SUCCESS |  
2019-08-20 22:34:23,511 | INFO  | DNAudit | user=null | ip=null | op=WRITE_CHUNK {blockData=conID: 3 locID: 102651688606564836 bcsId: 0} | ret=SUCCESS |  
2019-08-20 22:34:23,511 | INFO  | DNAudit | user=null | ip=null | op=WRITE_CHUNK {blockData=conID: 3 locID: 102651688606564836 bcsId: 0} | ret=SUCCESS |  
2019-08-20 22:34:23,511 | INFO  | DNAudit | user=null | ip=null | op=WRITE_CHUNK {blockData=conID: 3 locID: 102651688606564836 bcsId: 0} | ret=SUCCESS |  
2019-08-20 22:34:23,522 | INFO  | DNAudit | user=null | ip=null | op=WRITE_CHUNK {blockData=conID: 3 locID: 102651688606564836 bcsId: 0} | ret=SUCCESS |  
2019-08-20 22:34:23,523 | INFO  | DNAudit | user=null | ip=null | op=PUT_BLOCK {blockData=[blockId=conID: 3 locID: 102651688606564836 bcsId: 0,size=1048576]} | ret=SUCCESS |  
2019-08-20 22:34:23,523 | INFO  | DNAudit | user=null | ip=null | op=WRITE_CHUNK {blockData=conID: 3 locID: 102651688606564836 bcsId: 0} | ret=SUCCESS |  
2019-08-20 22:34:23,523 [grpc-default-executor-4] INFO  client.GrpcClientProtocolClient (GrpcClientProtocolClient.java:onNext(255)) - client-391BA870FC40->947ec526-030f-41cc-8af7-a6f75e712ab0: receive RaftClientReply:client-391BA870FC40->947ec526-030f-41cc-8af7-a6f75e712ab0@group-5D45C35602B2, cid=1406, SUCCESS, logIndex=2003, commits[947ec526-030f-41cc-8af7-a6f75e712ab0:c2004, c447b9b6-dde2-4ce7-aa81-d0e2eddc8fe9:c2002, 28b540ac-241d-462a-a56c-509e92928066:c2002]
2019-08-20 22:34:23,524 | INFO  | DNAudit | user=null | ip=null | op=PUT_BLOCK {blockData=[blockId=conID: 3 locID: 102651688606564836 bcsId: 0,size=2097152]} | ret=SUCCESS |  
2019-08-20 22:34:23,524 [grpc-default-executor-4] INFO  client.GrpcClientProtocolClient (GrpcClientProtocolClient.java:onNext(255)) - client-391BA870FC40->947ec526-030f-41cc-8af7-a6f75e712ab0: receive RaftClientReply:client-391BA870FC40->947ec526-030f-41cc-8af7-a6f75e712ab0@group-5D45C35602B2, cid=1407, SUCCESS, logIndex=2004, commits[947ec526-030f-41cc-8af7-a6f75e712ab0:c2006, c447b9b6-dde2-4ce7-aa81-d0e2eddc8fe9:c2002, 28b540ac-241d-462a-a56c-509e92928066:c2002]
2019-08-20 22:34:23,524 [grpc-default-executor-4] INFO  client.GrpcClientProtocolClient (GrpcClientProtocolClient.java:onNext(255)) - client-391BA870FC40->947ec526-030f-41cc-8af7-a6f75e712ab0: receive RaftClientReply:client-391BA870FC40->947ec526-030f-41cc-8af7-a6f75e712ab0@group-5D45C35602B2, cid=1408, SUCCESS, logIndex=2005, commits[947ec526-030f-41cc-8af7-a6f75e712ab0:c2006, c447b9b6-dde2-4ce7-aa81-d0e2eddc8fe9:c2002, 28b540ac-241d-462a-a56c-509e92928066:c2002]
2019-08-20 22:34:23,524 [grpc-default-executor-4] INFO  client.GrpcClientProtocolClient (GrpcClientProtocolClient.java:onNext(255)) - client-391BA870FC40->947ec526-030f-41cc-8af7-a6f75e712ab0: receive RaftClientReply:client-391BA870FC40->947ec526-030f-41cc-8af7-a6f75e712ab0@group-5D45C35602B2, cid=1409, SUCCESS, logIndex=2006, commits[947ec526-030f-41cc-8af7-a6f75e712ab0:c2006, c447b9b6-dde2-4ce7-aa81-d0e2eddc8fe9:c2002, 28b540ac-241d-462a-a56c-509e92928066:c2002]
2019-08-20 22:34:23,534 | INFO  | DNAudit | user=null | ip=null | op=WRITE_CHUNK {blockData=conID: 3 locID: 102651688606564836 bcsId: 0} | ret=SUCCESS |  
2019-08-20 22:34:23,534 | INFO  | DNAudit | user=null | ip=null | op=WRITE_CHUNK {blockData=conID: 3 locID: 102651688606564836 bcsId: 0} | ret=SUCCESS |  
2019-08-20 22:34:23,537 | INFO  | DNAudit | user=null | ip=null | op=PUT_BLOCK {blockData=[blockId=conID: 3 locID: 102651688606564836 bcsId: 0,size=1048576]} | ret=SUCCESS |  
2019-08-20 22:34:23,537 | INFO  | DNAudit | user=null | ip=null | op=WRITE_CHUNK {blockData=conID: 3 locID: 102651688606564836 bcsId: 0} | ret=SUCCESS |  
2019-08-20 22:34:23,537 | INFO  | DNAudit | user=null | ip=null | op=PUT_BLOCK {blockData=[blockId=conID: 3 locID: 102651688606564836 bcsId: 0,size=1048576]} | ret=SUCCESS |  
2019-08-20 22:34:23,537 | INFO  | DNAudit | user=null | ip=null | op=PUT_BLOCK {blockData=[blockId=conID: 3 locID: 102651688606564836 bcsId: 0,size=2097152]} | ret=SUCCESS |  
2019-08-20 22:34:23,537 | INFO  | DNAudit | user=null | ip=null | op=WRITE_CHUNK {blockData=conID: 3 locID: 102651688606564836 bcsId: 0} | ret=SUCCESS |  
2019-08-20 22:34:23,538 | INFO  | DNAudit | user=null | ip=null | op=PUT_BLOCK {blockData=[blockId=conID: 3 locID: 102651688606564836 bcsId: 0,size=2097152]} | ret=SUCCESS |  
2019-08-20 22:34:23,538 [grpc-default-executor-4] INFO  client.GrpcClientProtocolClient (GrpcClientProtocolClient.java:onNext(255)) - client-391BA870FC40->947ec526-030f-41cc-8af7-a6f75e712ab0: receive RaftClientReply:client-391BA870FC40->947ec526-030f-41cc-8af7-a6f75e712ab0@group-5D45C35602B2, cid=1410, SUCCESS, logIndex=0, commits[947ec526-030f-41cc-8af7-a6f75e712ab0:c2008, c447b9b6-dde2-4ce7-aa81-d0e2eddc8fe9:c2004, 28b540ac-241d-462a-a56c-509e92928066:c2004]
2019-08-20 22:34:23,545 | INFO  | DNAudit | user=null | ip=null | op=WRITE_CHUNK {blockData=conID: 3 locID: 102651688606564836 bcsId: 2006} | ret=SUCCESS |  
2019-08-20 22:34:23,547 | INFO  | DNAudit | user=null | ip=null | op=WRITE_CHUNK {blockData=conID: 3 locID: 102651688606564836 bcsId: 2006} | ret=SUCCESS |  
2019-08-20 22:34:23,547 | INFO  | DNAudit | user=null | ip=null | op=WRITE_CHUNK {blockData=conID: 3 locID: 102651688606564836 bcsId: 2006} | ret=SUCCESS |  
2019-08-20 22:34:23,559 | INFO  | DNAudit | user=null | ip=null | op=WRITE_CHUNK {blockData=conID: 3 locID: 102651688606564836 bcsId: 2006} | ret=SUCCESS |  
2019-08-20 22:34:23,559 | INFO  | DNAudit | user=null | ip=null | op=PUT_BLOCK {blockData=[blockId=conID: 3 locID: 102651688606564836 bcsId: 0,size=3145728]} | ret=SUCCESS |  
2019-08-20 22:34:23,560 [grpc-default-executor-5] INFO  client.GrpcClientProtocolClient (GrpcClientProtocolClient.java:onNext(255)) - client-391BA870FC40->947ec526-030f-41cc-8af7-a6f75e712ab0: receive RaftClientReply:client-391BA870FC40->947ec526-030f-41cc-8af7-a6f75e712ab0@group-5D45C35602B2, cid=1411, SUCCESS, logIndex=2010, commits[947ec526-030f-41cc-8af7-a6f75e712ab0:c2011, c447b9b6-dde2-4ce7-aa81-d0e2eddc8fe9:c2009, 28b540ac-241d-462a-a56c-509e92928066:c2009]
2019-08-20 22:34:23,560 [grpc-default-executor-5] INFO  client.GrpcClientProtocolClient (GrpcClientProtocolClient.java:onNext(255)) - client-391BA870FC40->947ec526-030f-41cc-8af7-a6f75e712ab0: receive RaftClientReply:client-391BA870FC40->947ec526-030f-41cc-8af7-a6f75e712ab0@group-5D45C35602B2, cid=1412, SUCCESS, logIndex=2011, commits[947ec526-030f-41cc-8af7-a6f75e712ab0:c2011, c447b9b6-dde2-4ce7-aa81-d0e2eddc8fe9:c2009, 28b540ac-241d-462a-a56c-509e92928066:c2009]
2019-08-20 22:34:23,567 | INFO  | DNAudit | user=null | ip=null | op=WRITE_CHUNK {blockData=conID: 3 locID: 102651688606564836 bcsId: 2011} | ret=SUCCESS |  
2019-08-20 22:34:23,569 | INFO  | DNAudit | user=null | ip=null | op=WRITE_CHUNK {blockData=conID: 3 locID: 102651688606564836 bcsId: 2011} | ret=SUCCESS |  
2019-08-20 22:34:23,570 | INFO  | DNAudit | user=null | ip=null | op=WRITE_CHUNK {blockData=conID: 3 locID: 102651688606564836 bcsId: 2011} | ret=SUCCESS |  
2019-08-20 22:34:23,572 | INFO  | DNAudit | user=null | ip=null | op=WRITE_CHUNK {blockData=conID: 3 locID: 102651688606564836 bcsId: 2006} | ret=SUCCESS |  
2019-08-20 22:34:23,573 | INFO  | DNAudit | user=null | ip=null | op=WRITE_CHUNK {blockData=conID: 3 locID: 102651688606564836 bcsId: 2006} | ret=SUCCESS |  
2019-08-20 22:34:23,586 | INFO  | DNAudit | user=null | ip=null | op=PUT_BLOCK {blockData=[blockId=conID: 3 locID: 102651688606564836 bcsId: 0,size=3145728]} | ret=SUCCESS |  
2019-08-20 22:34:23,586 | INFO  | DNAudit | user=null | ip=null | op=PUT_BLOCK {blockData=[blockId=conID: 3 locID: 102651688606564836 bcsId: 0,size=3145728]} | ret=SUCCESS |  
2019-08-20 22:34:23,586 | INFO  | DNAudit | user=null | ip=null | op=WRITE_CHUNK {blockData=conID: 3 locID: 102651688606564836 bcsId: 2011} | ret=SUCCESS |  
2019-08-20 22:34:23,587 | INFO  | DNAudit | user=null | ip=null | op=PUT_BLOCK {blockData=[blockId=conID: 3 locID: 102651688606564836 bcsId: 0,size=4194304]} | ret=SUCCESS |  
2019-08-20 22:34:23,587 [grpc-default-executor-5] INFO  client.GrpcClientProtocolClient (GrpcClientProtocolClient.java:onNext(255)) - client-391BA870FC40->947ec526-030f-41cc-8af7-a6f75e712ab0: receive RaftClientReply:client-391BA870FC40->947ec526-030f-41cc-8af7-a6f75e712ab0@group-5D45C35602B2, cid=1413, SUCCESS, logIndex=2014, commits[947ec526-030f-41cc-8af7-a6f75e712ab0:c2015, c447b9b6-dde2-4ce7-aa81-d0e2eddc8fe9:c2011, 28b540ac-241d-462a-a56c-509e92928066:c2011]
2019-08-20 22:34:23,587 [grpc-default-executor-5] INFO  client.GrpcClientProtocolClient (GrpcClientProtocolClient.java:onNext(255)) - client-391BA870FC40->947ec526-030f-41cc-8af7-a6f75e712ab0: receive RaftClientReply:client-391BA870FC40->947ec526-030f-41cc-8af7-a6f75e712ab0@group-5D45C35602B2, cid=1414, SUCCESS, logIndex=2015, commits[947ec526-030f-41cc-8af7-a6f75e712ab0:c2015, c447b9b6-dde2-4ce7-aa81-d0e2eddc8fe9:c2011, 28b540ac-241d-462a-a56c-509e92928066:c2011]
2019-08-20 22:34:23,599 | INFO  | DNAudit | user=null | ip=null | op=WRITE_CHUNK {blockData=conID: 3 locID: 102651688606564836 bcsId: 2011} | ret=SUCCESS |  
2019-08-20 22:34:23,600 | INFO  | DNAudit | user=null | ip=null | op=WRITE_CHUNK {blockData=conID: 3 locID: 102651688606564836 bcsId: 2011} | ret=SUCCESS |  
2019-08-20 22:34:23,612 | INFO  | DNAudit | user=null | ip=null | op=PUT_BLOCK {blockData=[blockId=conID: 3 locID: 102651688606564836 bcsId: 0,size=4194304]} | ret=SUCCESS |  
2019-08-20 22:34:23,612 | INFO  | DNAudit | user=null | ip=null | op=PUT_BLOCK {blockData=[blockId=conID: 3 locID: 102651688606564836 bcsId: 0,size=4194304]} | ret=SUCCESS |  
2019-08-20 22:34:23,613 [grpc-default-executor-5] INFO  client.GrpcClientProtocolClient (GrpcClientProtocolClient.java:onNext(255)) - client-391BA870FC40->947ec526-030f-41cc-8af7-a6f75e712ab0: receive RaftClientReply:client-391BA870FC40->947ec526-030f-41cc-8af7-a6f75e712ab0@group-5D45C35602B2, cid=1415, SUCCESS, logIndex=0, commits[947ec526-030f-41cc-8af7-a6f75e712ab0:c2017, c447b9b6-dde2-4ce7-aa81-d0e2eddc8fe9:c2015, 28b540ac-241d-462a-a56c-509e92928066:c2015]
2019-08-20 22:34:23,617 | INFO  | SCMAudit | user=jenkins1000 | ip=192.168.5.142 | op=ALLOCATE_BLOCK {owner=6f694d07-2a2f-44d9-8e1c-aaa094a2f647, size=4194304, type=RATIS, factor=THREE} | ret=SUCCESS |  
2019-08-20 22:34:23,620 | INFO  | OMAudit | user=jenkins1000 | ip=127.0.0.1 | op=ALLOCATE_BLOCK {volume=vol-0-80747, bucket=bucket-0-27686, key=key-0-47435, dataSize=0, replicationType=null, replicationFactor=null, keyLocationInfo=null, clientID=102651687805452690} | ret=SUCCESS |  
2019-08-20 22:34:23,621 | INFO  | SCMAudit | user=jenkins1000 | ip=192.168.5.142 | op=SEND_HEARTBEAT {datanodeUUID=d55cd342-4e6c-4701-86f3-cb557f3478dc, command=[]} | ret=SUCCESS |  
2019-08-20 22:34:23,628 | INFO  | DNAudit | user=null | ip=null | op=WRITE_CHUNK {blockData=conID: 1 locID: 102651688623604197 bcsId: 0} | ret=SUCCESS |  
2019-08-20 22:34:23,631 | INFO  | DNAudit | user=null | ip=null | op=WRITE_CHUNK {blockData=conID: 1 locID: 102651688623604197 bcsId: 0} | ret=SUCCESS |  
2019-08-20 22:34:23,632 | INFO  | DNAudit | user=null | ip=null | op=WRITE_CHUNK {blockData=conID: 1 locID: 102651688623604197 bcsId: 0} | ret=SUCCESS |  
2019-08-20 22:34:23,633 | INFO  | DNAudit | user=null | ip=null | op=WRITE_CHUNK {blockData=conID: 1 locID: 102651688623604197 bcsId: 0} | ret=SUCCESS |  
2019-08-20 22:34:23,634 | INFO  | DNAudit | user=null | ip=null | op=WRITE_CHUNK {blockData=conID: 1 locID: 102651688623604197 bcsId: 0} | ret=SUCCESS |  
2019-08-20 22:34:23,634 | INFO  | DNAudit | user=null | ip=null | op=WRITE_CHUNK {blockData=conID: 1 locID: 102651688623604197 bcsId: 0} | ret=SUCCESS |  
2019-08-20 22:34:23,642 | INFO  | DNAudit | user=null | ip=null | op=WRITE_CHUNK {blockData=conID: 1 locID: 102651688623604197 bcsId: 0} | ret=SUCCESS |  
2019-08-20 22:34:23,642 | INFO  | DNAudit | user=null | ip=null | op=PUT_BLOCK {blockData=[blockId=conID: 1 locID: 102651688623604197 bcsId: 0,size=1048576]} | ret=SUCCESS |  
2019-08-20 22:34:23,643 | INFO  | DNAudit | user=null | ip=null | op=WRITE_CHUNK {blockData=conID: 1 locID: 102651688623604197 bcsId: 0} | ret=SUCCESS |  
2019-08-20 22:34:23,643 [grpc-default-executor-4] INFO  client.GrpcClientProtocolClient (GrpcClientProtocolClient.java:onNext(255)) - client-391BA870FC40->947ec526-030f-41cc-8af7-a6f75e712ab0: receive RaftClientReply:client-391BA870FC40->947ec526-030f-41cc-8af7-a6f75e712ab0@group-5D45C35602B2, cid=1416, SUCCESS, logIndex=2018, commits[947ec526-030f-41cc-8af7-a6f75e712ab0:c2019, c447b9b6-dde2-4ce7-aa81-d0e2eddc8fe9:c2017, 28b540ac-241d-462a-a56c-509e92928066:c2017]
2019-08-20 22:34:23,643 | INFO  | DNAudit | user=null | ip=null | op=PUT_BLOCK {blockData=[blockId=conID: 1 locID: 102651688623604197 bcsId: 0,size=2097152]} | ret=SUCCESS |  
2019-08-20 22:34:23,643 [grpc-default-executor-4] INFO  client.GrpcClientProtocolClient (GrpcClientProtocolClient.java:onNext(255)) - client-391BA870FC40->947ec526-030f-41cc-8af7-a6f75e712ab0: receive RaftClientReply:client-391BA870FC40->947ec526-030f-41cc-8af7-a6f75e712ab0@group-5D45C35602B2, cid=1417, SUCCESS, logIndex=2019, commits[947ec526-030f-41cc-8af7-a6f75e712ab0:c2021, c447b9b6-dde2-4ce7-aa81-d0e2eddc8fe9:c2017, 28b540ac-241d-462a-a56c-509e92928066:c2017]
2019-08-20 22:34:23,644 [grpc-default-executor-4] INFO  client.GrpcClientProtocolClient (GrpcClientProtocolClient.java:onNext(255)) - client-391BA870FC40->947ec526-030f-41cc-8af7-a6f75e712ab0: receive RaftClientReply:client-391BA870FC40->947ec526-030f-41cc-8af7-a6f75e712ab0@group-5D45C35602B2, cid=1418, SUCCESS, logIndex=2020, commits[947ec526-030f-41cc-8af7-a6f75e712ab0:c2021, c447b9b6-dde2-4ce7-aa81-d0e2eddc8fe9:c2017, 28b540ac-241d-462a-a56c-509e92928066:c2017]
2019-08-20 22:34:23,644 [grpc-default-executor-4] INFO  client.GrpcClientProtocolClient (GrpcClientProtocolClient.java:onNext(255)) - client-391BA870FC40->947ec526-030f-41cc-8af7-a6f75e712ab0: receive RaftClientReply:client-391BA870FC40->947ec526-030f-41cc-8af7-a6f75e712ab0@group-5D45C35602B2, cid=1419, SUCCESS, logIndex=2021, commits[947ec526-030f-41cc-8af7-a6f75e712ab0:c2021, c447b9b6-dde2-4ce7-aa81-d0e2eddc8fe9:c2017, 28b540ac-241d-462a-a56c-509e92928066:c2017]
2019-08-20 22:34:23,655 | INFO  | DNAudit | user=null | ip=null | op=WRITE_CHUNK {blockData=conID: 1 locID: 102651688623604197 bcsId: 0} | ret=SUCCESS |  
2019-08-20 22:34:23,657 | INFO  | DNAudit | user=null | ip=null | op=WRITE_CHUNK {blockData=conID: 1 locID: 102651688623604197 bcsId: 0} | ret=SUCCESS |  
2019-08-20 22:34:23,657 | INFO  | DNAudit | user=null | ip=null | op=PUT_BLOCK {blockData=[blockId=conID: 1 locID: 102651688623604197 bcsId: 0,size=1048576]} | ret=SUCCESS |  
2019-08-20 22:34:23,666 | INFO  | DNAudit | user=null | ip=null | op=PUT_BLOCK {blockData=[blockId=conID: 1 locID: 102651688623604197 bcsId: 0,size=1048576]} | ret=SUCCESS |  
2019-08-20 22:34:23,667 | INFO  | DNAudit | user=null | ip=null | op=WRITE_CHUNK {blockData=conID: 1 locID: 102651688623604197 bcsId: 0} | ret=SUCCESS |  
2019-08-20 22:34:23,667 | INFO  | DNAudit | user=null | ip=null | op=WRITE_CHUNK {blockData=conID: 1 locID: 102651688623604197 bcsId: 0} | ret=SUCCESS |  
2019-08-20 22:34:23,667 | INFO  | DNAudit | user=null | ip=null | op=PUT_BLOCK {blockData=[blockId=conID: 1 locID: 102651688623604197 bcsId: 0,size=2097152]} | ret=SUCCESS |  
2019-08-20 22:34:23,667 | INFO  | DNAudit | user=null | ip=null | op=PUT_BLOCK {blockData=[blockId=conID: 1 locID: 102651688623604197 bcsId: 0,size=2097152]} | ret=SUCCESS |  
2019-08-20 22:34:23,667 [grpc-default-executor-3] INFO  client.GrpcClientProtocolClient (GrpcClientProtocolClient.java:onNext(255)) - client-391BA870FC40->947ec526-030f-41cc-8af7-a6f75e712ab0: receive RaftClientReply:client-391BA870FC40->947ec526-030f-41cc-8af7-a6f75e712ab0@group-5D45C35602B2, cid=1420, SUCCESS, logIndex=0, commits[947ec526-030f-41cc-8af7-a6f75e712ab0:c2023, c447b9b6-dde2-4ce7-aa81-d0e2eddc8fe9:c2019, 28b540ac-241d-462a-a56c-509e92928066:c2019]
2019-08-20 22:34:23,675 | INFO  | DNAudit | user=null | ip=null | op=WRITE_CHUNK {blockData=conID: 1 locID: 102651688623604197 bcsId: 2021} | ret=SUCCESS |  
2019-08-20 22:34:23,679 | INFO  | DNAudit | user=null | ip=null | op=WRITE_CHUNK {blockData=conID: 1 locID: 102651688623604197 bcsId: 2021} | ret=SUCCESS |  
2019-08-20 22:34:23,679 | INFO  | DNAudit | user=null | ip=null | op=WRITE_CHUNK {blockData=conID: 1 locID: 102651688623604197 bcsId: 2021} | ret=SUCCESS |  
2019-08-20 22:34:23,689 | INFO  | DNAudit | user=null | ip=null | op=WRITE_CHUNK {blockData=conID: 1 locID: 102651688623604197 bcsId: 2021} | ret=SUCCESS |  
2019-08-20 22:34:23,690 | INFO  | DNAudit | user=null | ip=null | op=PUT_BLOCK {blockData=[blockId=conID: 1 locID: 102651688623604197 bcsId: 0,size=3145728]} | ret=SUCCESS |  
2019-08-20 22:34:23,690 [grpc-default-executor-3] INFO  client.GrpcClientProtocolClient (GrpcClientProtocolClient.java:onNext(255)) - client-391BA870FC40->947ec526-030f-41cc-8af7-a6f75e712ab0: receive RaftClientReply:client-391BA870FC40->947ec526-030f-41cc-8af7-a6f75e712ab0@group-5D45C35602B2, cid=1421, SUCCESS, logIndex=2025, commits[947ec526-030f-41cc-8af7-a6f75e712ab0:c2026, c447b9b6-dde2-4ce7-aa81-d0e2eddc8fe9:c2024, 28b540ac-241d-462a-a56c-509e92928066:c2024]
2019-08-20 22:34:23,691 [grpc-default-executor-3] INFO  client.GrpcClientProtocolClient (GrpcClientProtocolClient.java:onNext(255)) - client-391BA870FC40->947ec526-030f-41cc-8af7-a6f75e712ab0: receive RaftClientReply:client-391BA870FC40->947ec526-030f-41cc-8af7-a6f75e712ab0@group-5D45C35602B2, cid=1422, SUCCESS, logIndex=2026, commits[947ec526-030f-41cc-8af7-a6f75e712ab0:c2026, c447b9b6-dde2-4ce7-aa81-d0e2eddc8fe9:c2024, 28b540ac-241d-462a-a56c-509e92928066:c2024]
2019-08-20 22:34:23,699 | INFO  | DNAudit | user=null | ip=null | op=WRITE_CHUNK {blockData=conID: 1 locID: 102651688623604197 bcsId: 2026} | ret=SUCCESS |  
2019-08-20 22:34:23,701 | INFO  | DNAudit | user=null | ip=null | op=WRITE_CHUNK {blockData=conID: 1 locID: 102651688623604197 bcsId: 2026} | ret=SUCCESS |  
2019-08-20 22:34:23,701 | INFO  | DNAudit | user=null | ip=null | op=WRITE_CHUNK {blockData=conID: 1 locID: 102651688623604197 bcsId: 2021} | ret=SUCCESS |  
2019-08-20 22:34:23,701 | INFO  | DNAudit | user=null | ip=null | op=WRITE_CHUNK {blockData=conID: 1 locID: 102651688623604197 bcsId: 2021} | ret=SUCCESS |  
2019-08-20 22:34:23,701 | INFO  | DNAudit | user=null | ip=null | op=WRITE_CHUNK {blockData=conID: 1 locID: 102651688623604197 bcsId: 2026} | ret=SUCCESS |  
2019-08-20 22:34:23,703 | INFO  | DNAudit | user=null | ip=null | op=PUT_BLOCK {blockData=[blockId=conID: 1 locID: 102651688623604197 bcsId: 0,size=3145728]} | ret=SUCCESS |  
2019-08-20 22:34:23,703 | INFO  | DNAudit | user=null | ip=null | op=WRITE_CHUNK {blockData=conID: 1 locID: 102651688623604197 bcsId: 2026} | ret=SUCCESS |  
2019-08-20 22:34:23,703 | INFO  | DNAudit | user=null | ip=null | op=PUT_BLOCK {blockData=[blockId=conID: 1 locID: 102651688623604197 bcsId: 0,size=3145728]} | ret=SUCCESS |  
2019-08-20 22:34:23,704 | INFO  | DNAudit | user=null | ip=null | op=PUT_BLOCK {blockData=[blockId=conID: 1 locID: 102651688623604197 bcsId: 0,size=4194304]} | ret=SUCCESS |  
2019-08-20 22:34:23,704 [grpc-default-executor-3] INFO  client.GrpcClientProtocolClient (GrpcClientProtocolClient.java:onNext(255)) - client-391BA870FC40->947ec526-030f-41cc-8af7-a6f75e712ab0: receive RaftClientReply:client-391BA870FC40->947ec526-030f-41cc-8af7-a6f75e712ab0@group-5D45C35602B2, cid=1423, SUCCESS, logIndex=2029, commits[947ec526-030f-41cc-8af7-a6f75e712ab0:c2030, c447b9b6-dde2-4ce7-aa81-d0e2eddc8fe9:c2025, 28b540ac-241d-462a-a56c-509e92928066:c2026]
2019-08-20 22:34:23,704 [grpc-default-executor-3] INFO  client.GrpcClientProtocolClient (GrpcClientProtocolClient.java:onNext(255)) - client-391BA870FC40->947ec526-030f-41cc-8af7-a6f75e712ab0: receive RaftClientReply:client-391BA870FC40->947ec526-030f-41cc-8af7-a6f75e712ab0@group-5D45C35602B2, cid=1424, SUCCESS, logIndex=2030, commits[947ec526-030f-41cc-8af7-a6f75e712ab0:c2030, c447b9b6-dde2-4ce7-aa81-d0e2eddc8fe9:c2026, 28b540ac-241d-462a-a56c-509e92928066:c2026]
2019-08-20 22:34:23,715 | INFO  | DNAudit | user=null | ip=null | op=WRITE_CHUNK {blockData=conID: 1 locID: 102651688623604197 bcsId: 2026} | ret=SUCCESS |  
2019-08-20 22:34:23,715 | INFO  | DNAudit | user=null | ip=null | op=WRITE_CHUNK {blockData=conID: 1 locID: 102651688623604197 bcsId: 2026} | ret=SUCCESS |  
2019-08-20 22:34:23,716 | INFO  | DNAudit | user=null | ip=null | op=PUT_BLOCK {blockData=[blockId=conID: 1 locID: 102651688623604197 bcsId: 0,size=4194304]} | ret=SUCCESS |  
2019-08-20 22:34:23,716 | INFO  | DNAudit | user=null | ip=null | op=PUT_BLOCK {blockData=[blockId=conID: 1 locID: 102651688623604197 bcsId: 0,size=4194304]} | ret=SUCCESS |  
2019-08-20 22:34:23,717 [grpc-default-executor-3] INFO  client.GrpcClientProtocolClient (GrpcClientProtocolClient.java:onNext(255)) - client-391BA870FC40->947ec526-030f-41cc-8af7-a6f75e712ab0: receive RaftClientReply:client-391BA870FC40->947ec526-030f-41cc-8af7-a6f75e712ab0@group-5D45C35602B2, cid=1425, SUCCESS, logIndex=0, commits[947ec526-030f-41cc-8af7-a6f75e712ab0:c2032, c447b9b6-dde2-4ce7-aa81-d0e2eddc8fe9:c2030, 28b540ac-241d-462a-a56c-509e92928066:c2030]
2019-08-20 22:34:23,721 | INFO  | SCMAudit | user=jenkins1000 | ip=192.168.5.142 | op=ALLOCATE_BLOCK {owner=6f694d07-2a2f-44d9-8e1c-aaa094a2f647, size=4194304, type=RATIS, factor=THREE} | ret=SUCCESS |  
2019-08-20 22:34:23,723 | INFO  | OMAudit | user=jenkins1000 | ip=127.0.0.1 | op=ALLOCATE_BLOCK {volume=vol-0-80747, bucket=bucket-0-27686, key=key-0-47435, dataSize=0, replicationType=null, replicationFactor=null, keyLocationInfo=null, clientID=102651687805452690} | ret=SUCCESS |  
2019-08-20 22:34:23,731 | INFO  | DNAudit | user=null | ip=null | op=WRITE_CHUNK {blockData=conID: 2 locID: 102651688630419942 bcsId: 0} | ret=SUCCESS |  
2019-08-20 22:34:23,734 | INFO  | DNAudit | user=null | ip=null | op=WRITE_CHUNK {blockData=conID: 2 locID: 102651688630419942 bcsId: 0} | ret=SUCCESS |  
2019-08-20 22:34:23,734 | INFO  | DNAudit | user=null | ip=null | op=WRITE_CHUNK {blockData=conID: 2 locID: 102651688630419942 bcsId: 0} | ret=SUCCESS |  
2019-08-20 22:34:23,734 | INFO  | DNAudit | user=null | ip=null | op=WRITE_CHUNK {blockData=conID: 2 locID: 102651688630419942 bcsId: 0} | ret=SUCCESS |  
2019-08-20 22:34:23,736 | INFO  | DNAudit | user=null | ip=null | op=WRITE_CHUNK {blockData=conID: 2 locID: 102651688630419942 bcsId: 0} | ret=SUCCESS |  
2019-08-20 22:34:23,737 | INFO  | DNAudit | user=null | ip=null | op=WRITE_CHUNK {blockData=conID: 2 locID: 102651688630419942 bcsId: 0} | ret=SUCCESS |  
2019-08-20 22:34:23,745 | INFO  | DNAudit | user=null | ip=null | op=WRITE_CHUNK {blockData=conID: 2 locID: 102651688630419942 bcsId: 0} | ret=SUCCESS |  
2019-08-20 22:34:23,745 | INFO  | DNAudit | user=null | ip=null | op=PUT_BLOCK {blockData=[blockId=conID: 2 locID: 102651688630419942 bcsId: 0,size=1048576]} | ret=SUCCESS |  
2019-08-20 22:34:23,745 [grpc-default-executor-4] INFO  client.GrpcClientProtocolClient (GrpcClientProtocolClient.java:onNext(255)) - client-391BA870FC40->947ec526-030f-41cc-8af7-a6f75e712ab0: receive RaftClientReply:client-391BA870FC40->947ec526-030f-41cc-8af7-a6f75e712ab0@group-5D45C35602B2, cid=1426, SUCCESS, logIndex=2033, commits[947ec526-030f-41cc-8af7-a6f75e712ab0:c2034, c447b9b6-dde2-4ce7-aa81-d0e2eddc8fe9:c2032, 28b540ac-241d-462a-a56c-509e92928066:c2032]
2019-08-20 22:34:23,746 [grpc-default-executor-4] INFO  client.GrpcClientProtocolClient (GrpcClientProtocolClient.java:onNext(255)) - client-391BA870FC40->947ec526-030f-41cc-8af7-a6f75e712ab0: receive RaftClientReply:client-391BA870FC40->947ec526-030f-41cc-8af7-a6f75e712ab0@group-5D45C35602B2, cid=1427, SUCCESS, logIndex=2034, commits[947ec526-030f-41cc-8af7-a6f75e712ab0:c2034, c447b9b6-dde2-4ce7-aa81-d0e2eddc8fe9:c2032, 28b540ac-241d-462a-a56c-509e92928066:c2032]
2019-08-20 22:34:23,746 | INFO  | DNAudit | user=null | ip=null | op=WRITE_CHUNK {blockData=conID: 2 locID: 102651688630419942 bcsId: 0} | ret=SUCCESS |  
2019-08-20 22:34:23,747 | INFO  | DNAudit | user=null | ip=null | op=PUT_BLOCK {blockData=[blockId=conID: 2 locID: 102651688630419942 bcsId: 0,size=2097152]} | ret=SUCCESS |  
2019-08-20 22:34:23,747 [grpc-default-executor-5] INFO  client.GrpcClientProtocolClient (GrpcClientProtocolClient.java:onNext(255)) - client-391BA870FC40->947ec526-030f-41cc-8af7-a6f75e712ab0: receive RaftClientReply:client-391BA870FC40->947ec526-030f-41cc-8af7-a6f75e712ab0@group-5D45C35602B2, cid=1428, SUCCESS, logIndex=2035, commits[947ec526-030f-41cc-8af7-a6f75e712ab0:c2035, c447b9b6-dde2-4ce7-aa81-d0e2eddc8fe9:c2032, 28b540ac-241d-462a-a56c-509e92928066:c2032]
2019-08-20 22:34:23,748 [grpc-default-executor-5] INFO  client.GrpcClientProtocolClient (GrpcClientProtocolClient.java:onNext(255)) - client-391BA870FC40->947ec526-030f-41cc-8af7-a6f75e712ab0: receive RaftClientReply:client-391BA870FC40->947ec526-030f-41cc-8af7-a6f75e712ab0@group-5D45C35602B2, cid=1429, SUCCESS, logIndex=2036, commits[947ec526-030f-41cc-8af7-a6f75e712ab0:c2036, c447b9b6-dde2-4ce7-aa81-d0e2eddc8fe9:c2032, 28b540ac-241d-462a-a56c-509e92928066:c2032]
2019-08-20 22:34:23,748 | INFO  | DNAudit | user=null | ip=null | op=WRITE_CHUNK {blockData=conID: 2 locID: 102651688630419942 bcsId: 0} | ret=SUCCESS |  
2019-08-20 22:34:23,748 | INFO  | DNAudit | user=null | ip=null | op=PUT_BLOCK {blockData=[blockId=conID: 2 locID: 102651688630419942 bcsId: 0,size=1048576]} | ret=SUCCESS |  
2019-08-20 22:34:23,750 | INFO  | DNAudit | user=null | ip=null | op=WRITE_CHUNK {blockData=conID: 2 locID: 102651688630419942 bcsId: 0} | ret=SUCCESS |  
2019-08-20 22:34:23,750 | INFO  | DNAudit | user=null | ip=null | op=PUT_BLOCK {blockData=[blockId=conID: 2 locID: 102651688630419942 bcsId: 0,size=1048576]} | ret=SUCCESS |  
2019-08-20 22:34:23,750 [grpc-default-executor-5] INFO  client.GrpcClientProtocolClient (GrpcClientProtocolClient.java:onNext(255)) - client-391BA870FC40->947ec526-030f-41cc-8af7-a6f75e712ab0: receive RaftClientReply:client-391BA870FC40->947ec526-030f-41cc-8af7-a6f75e712ab0@group-5D45C35602B2, cid=1430, SUCCESS, logIndex=0, commits[947ec526-030f-41cc-8af7-a6f75e712ab0:c2038, c447b9b6-dde2-4ce7-aa81-d0e2eddc8fe9:c2034, 28b540ac-241d-462a-a56c-509e92928066:c2034]
2019-08-20 22:34:23,751 | INFO  | DNAudit | user=null | ip=null | op=WRITE_CHUNK {blockData=conID: 2 locID: 102651688630419942 bcsId: 0} | ret=SUCCESS |  
2019-08-20 22:34:23,751 | INFO  | DNAudit | user=null | ip=null | op=PUT_BLOCK {blockData=[blockId=conID: 2 locID: 102651688630419942 bcsId: 0,size=2097152]} | ret=SUCCESS |  
2019-08-20 22:34:23,753 | INFO  | DNAudit | user=null | ip=null | op=WRITE_CHUNK {blockData=conID: 2 locID: 102651688630419942 bcsId: 0} | ret=SUCCESS |  
2019-08-20 22:34:23,753 | INFO  | DNAudit | user=null | ip=null | op=PUT_BLOCK {blockData=[blockId=conID: 2 locID: 102651688630419942 bcsId: 0,size=2097152]} | ret=SUCCESS |  
2019-08-20 22:34:23,758 | INFO  | DNAudit | user=null | ip=null | op=WRITE_CHUNK {blockData=conID: 2 locID: 102651688630419942 bcsId: 2036} | ret=SUCCESS |  
2019-08-20 22:34:23,759 | INFO  | DNAudit | user=null | ip=null | op=WRITE_CHUNK {blockData=conID: 2 locID: 102651688630419942 bcsId: 2036} | ret=SUCCESS |  
2019-08-20 22:34:23,759 | INFO  | DNAudit | user=null | ip=null | op=WRITE_CHUNK {blockData=conID: 2 locID: 102651688630419942 bcsId: 2036} | ret=SUCCESS |  
2019-08-20 22:34:23,777 | INFO  | DNAudit | user=null | ip=null | op=WRITE_CHUNK {blockData=conID: 2 locID: 102651688630419942 bcsId: 2036} | ret=SUCCESS |  
2019-08-20 22:34:23,777 | INFO  | DNAudit | user=null | ip=null | op=PUT_BLOCK {blockData=[blockId=conID: 2 locID: 102651688630419942 bcsId: 0,size=3145728]} | ret=SUCCESS |  
2019-08-20 22:34:23,777 [grpc-default-executor-3] INFO  client.GrpcClientProtocolClient (GrpcClientProtocolClient.java:onNext(255)) - client-391BA870FC40->947ec526-030f-41cc-8af7-a6f75e712ab0: receive RaftClientReply:client-391BA870FC40->947ec526-030f-41cc-8af7-a6f75e712ab0@group-5D45C35602B2, cid=1431, SUCCESS, logIndex=2041, commits[947ec526-030f-41cc-8af7-a6f75e712ab0:c2042, c447b9b6-dde2-4ce7-aa81-d0e2eddc8fe9:c2040, 28b540ac-241d-462a-a56c-509e92928066:c2040]
2019-08-20 22:34:23,778 [grpc-default-executor-3] INFO  client.GrpcClientProtocolClient (GrpcClientProtocolClient.java:onNext(255)) - client-391BA870FC40->947ec526-030f-41cc-8af7-a6f75e712ab0: receive RaftClientReply:client-391BA870FC40->947ec526-030f-41cc-8af7-a6f75e712ab0@group-5D45C35602B2, cid=1432, SUCCESS, logIndex=2042, commits[947ec526-030f-41cc-8af7-a6f75e712ab0:c2042, c447b9b6-dde2-4ce7-aa81-d0e2eddc8fe9:c2040, 28b540ac-241d-462a-a56c-509e92928066:c2040]
2019-08-20 22:34:23,784 | INFO  | DNAudit | user=null | ip=null | op=WRITE_CHUNK {blockData=conID: 2 locID: 102651688630419942 bcsId: 2042} | ret=SUCCESS |  
2019-08-20 22:34:23,786 | INFO  | DNAudit | user=null | ip=null | op=WRITE_CHUNK {blockData=conID: 2 locID: 102651688630419942 bcsId: 2042} | ret=SUCCESS |  
2019-08-20 22:34:23,787 | INFO  | DNAudit | user=null | ip=null | op=WRITE_CHUNK {blockData=conID: 2 locID: 102651688630419942 bcsId: 2042} | ret=SUCCESS |  
2019-08-20 22:34:23,790 | INFO  | DNAudit | user=null | ip=null | op=WRITE_CHUNK {blockData=conID: 2 locID: 102651688630419942 bcsId: 2036} | ret=SUCCESS |  
2019-08-20 22:34:23,790 | INFO  | DNAudit | user=null | ip=null | op=WRITE_CHUNK {blockData=conID: 2 locID: 102651688630419942 bcsId: 2036} | ret=SUCCESS |  
2019-08-20 22:34:23,817 | INFO  | DNAudit | user=null | ip=null | op=PUT_BLOCK {blockData=[blockId=conID: 2 locID: 102651688630419942 bcsId: 0,size=3145728]} | ret=SUCCESS |  
2019-08-20 22:34:23,817 | INFO  | DNAudit | user=null | ip=null | op=PUT_BLOCK {blockData=[blockId=conID: 2 locID: 102651688630419942 bcsId: 0,size=3145728]} | ret=SUCCESS |  
2019-08-20 22:34:23,817 | INFO  | DNAudit | user=null | ip=null | op=WRITE_CHUNK {blockData=conID: 2 locID: 102651688630419942 bcsId: 2042} | ret=SUCCESS |  
2019-08-20 22:34:23,818 | INFO  | DNAudit | user=null | ip=null | op=PUT_BLOCK {blockData=[blockId=conID: 2 locID: 102651688630419942 bcsId: 0,size=4194304]} | ret=SUCCESS |  
2019-08-20 22:34:23,818 [grpc-default-executor-4] INFO  client.GrpcClientProtocolClient (GrpcClientProtocolClient.java:onNext(255)) - client-391BA870FC40->947ec526-030f-41cc-8af7-a6f75e712ab0: receive RaftClientReply:client-391BA870FC40->947ec526-030f-41cc-8af7-a6f75e712ab0@group-5D45C35602B2, cid=1433, SUCCESS, logIndex=2045, commits[947ec526-030f-41cc-8af7-a6f75e712ab0:c2045, c447b9b6-dde2-4ce7-aa81-d0e2eddc8fe9:c2042, 28b540ac-241d-462a-a56c-509e92928066:c2042]
2019-08-20 22:34:23,818 [grpc-default-executor-4] INFO  client.GrpcClientProtocolClient (GrpcClientProtocolClient.java:onNext(255)) - client-391BA870FC40->947ec526-030f-41cc-8af7-a6f75e712ab0: receive RaftClientReply:client-391BA870FC40->947ec526-030f-41cc-8af7-a6f75e712ab0@group-5D45C35602B2, cid=1434, SUCCESS, logIndex=2046, commits[947ec526-030f-41cc-8af7-a6f75e712ab0:c2046, c447b9b6-dde2-4ce7-aa81-d0e2eddc8fe9:c2042, 28b540ac-241d-462a-a56c-509e92928066:c2042]
2019-08-20 22:34:23,837 | INFO  | DNAudit | user=null | ip=null | op=WRITE_CHUNK {blockData=conID: 2 locID: 102651688630419942 bcsId: 2042} | ret=SUCCESS |  
2019-08-20 22:34:23,837 | INFO  | DNAudit | user=null | ip=null | op=WRITE_CHUNK {blockData=conID: 2 locID: 102651688630419942 bcsId: 2042} | ret=SUCCESS |  
2019-08-20 22:34:23,839 | INFO  | DNAudit | user=null | ip=null | op=PUT_BLOCK {blockData=[blockId=conID: 2 locID: 102651688630419942 bcsId: 0,size=4194304]} | ret=SUCCESS |  
2019-08-20 22:34:23,839 | INFO  | DNAudit | user=null | ip=null | op=PUT_BLOCK {blockData=[blockId=conID: 2 locID: 102651688630419942 bcsId: 0,size=4194304]} | ret=SUCCESS |  
2019-08-20 22:34:23,839 [grpc-default-executor-4] INFO  client.GrpcClientProtocolClient (GrpcClientProtocolClient.java:onNext(255)) - client-391BA870FC40->947ec526-030f-41cc-8af7-a6f75e712ab0: receive RaftClientReply:client-391BA870FC40->947ec526-030f-41cc-8af7-a6f75e712ab0@group-5D45C35602B2, cid=1435, SUCCESS, logIndex=0, commits[947ec526-030f-41cc-8af7-a6f75e712ab0:c2048, c447b9b6-dde2-4ce7-aa81-d0e2eddc8fe9:c2046, 28b540ac-241d-462a-a56c-509e92928066:c2046]
2019-08-20 22:34:23,843 | INFO  | SCMAudit | user=jenkins1000 | ip=192.168.5.142 | op=ALLOCATE_BLOCK {owner=6f694d07-2a2f-44d9-8e1c-aaa094a2f647, size=4194304, type=RATIS, factor=THREE} | ret=SUCCESS |  
2019-08-20 22:34:23,845 | INFO  | OMAudit | user=jenkins1000 | ip=127.0.0.1 | op=ALLOCATE_BLOCK {volume=vol-0-80747, bucket=bucket-0-27686, key=key-0-47435, dataSize=0, replicationType=null, replicationFactor=null, keyLocationInfo=null, clientID=102651687805452690} | ret=SUCCESS |  
2019-08-20 22:34:23,852 | INFO  | DNAudit | user=null | ip=null | op=WRITE_CHUNK {blockData=conID: 3 locID: 102651688638415335 bcsId: 0} | ret=SUCCESS |  
2019-08-20 22:34:23,855 | INFO  | DNAudit | user=null | ip=null | op=WRITE_CHUNK {blockData=conID: 3 locID: 102651688638415335 bcsId: 0} | ret=SUCCESS |  
2019-08-20 22:34:23,855 | INFO  | DNAudit | user=null | ip=null | op=WRITE_CHUNK {blockData=conID: 3 locID: 102651688638415335 bcsId: 0} | ret=SUCCESS |  
2019-08-20 22:34:23,856 | INFO  | DNAudit | user=null | ip=null | op=WRITE_CHUNK {blockData=conID: 3 locID: 102651688638415335 bcsId: 0} | ret=SUCCESS |  
2019-08-20 22:34:23,857 | INFO  | DNAudit | user=null | ip=null | op=WRITE_CHUNK {blockData=conID: 3 locID: 102651688638415335 bcsId: 0} | ret=SUCCESS |  
2019-08-20 22:34:23,858 | INFO  | DNAudit | user=null | ip=null | op=WRITE_CHUNK {blockData=conID: 3 locID: 102651688638415335 bcsId: 0} | ret=SUCCESS |  
2019-08-20 22:34:23,866 | INFO  | DNAudit | user=null | ip=null | op=WRITE_CHUNK {blockData=conID: 3 locID: 102651688638415335 bcsId: 0} | ret=SUCCESS |  
2019-08-20 22:34:23,867 | INFO  | DNAudit | user=null | ip=null | op=PUT_BLOCK {blockData=[blockId=conID: 3 locID: 102651688638415335 bcsId: 0,size=1048576]} | ret=SUCCESS |  
2019-08-20 22:34:23,867 | INFO  | DNAudit | user=null | ip=null | op=WRITE_CHUNK {blockData=conID: 3 locID: 102651688638415335 bcsId: 0} | ret=SUCCESS |  
2019-08-20 22:34:23,867 [grpc-default-executor-3] INFO  client.GrpcClientProtocolClient (GrpcClientProtocolClient.java:onNext(255)) - client-391BA870FC40->947ec526-030f-41cc-8af7-a6f75e712ab0: receive RaftClientReply:client-391BA870FC40->947ec526-030f-41cc-8af7-a6f75e712ab0@group-5D45C35602B2, cid=1436, SUCCESS, logIndex=2049, commits[947ec526-030f-41cc-8af7-a6f75e712ab0:c2050, c447b9b6-dde2-4ce7-aa81-d0e2eddc8fe9:c2048, 28b540ac-241d-462a-a56c-509e92928066:c2046]
2019-08-20 22:34:23,868 | INFO  | DNAudit | user=null | ip=null | op=PUT_BLOCK {blockData=[blockId=conID: 3 locID: 102651688638415335 bcsId: 0,size=2097152]} | ret=SUCCESS |  
2019-08-20 22:34:23,868 [grpc-default-executor-3] INFO  client.GrpcClientProtocolClient (GrpcClientProtocolClient.java:onNext(255)) - client-391BA870FC40->947ec526-030f-41cc-8af7-a6f75e712ab0: receive RaftClientReply:client-391BA870FC40->947ec526-030f-41cc-8af7-a6f75e712ab0@group-5D45C35602B2, cid=1437, SUCCESS, logIndex=2050, commits[947ec526-030f-41cc-8af7-a6f75e712ab0:c2051, c447b9b6-dde2-4ce7-aa81-d0e2eddc8fe9:c2048, 28b540ac-241d-462a-a56c-509e92928066:c2046]
2019-08-20 22:34:23,868 [grpc-default-executor-3] INFO  client.GrpcClientProtocolClient (GrpcClientProtocolClient.java:onNext(255)) - client-391BA870FC40->947ec526-030f-41cc-8af7-a6f75e712ab0: receive RaftClientReply:client-391BA870FC40->947ec526-030f-41cc-8af7-a6f75e712ab0@group-5D45C35602B2, cid=1438, SUCCESS, logIndex=2051, commits[947ec526-030f-41cc-8af7-a6f75e712ab0:c2052, c447b9b6-dde2-4ce7-aa81-d0e2eddc8fe9:c2048, 28b540ac-241d-462a-a56c-509e92928066:c2046]
2019-08-20 22:34:23,868 [grpc-default-executor-3] INFO  client.GrpcClientProtocolClient (GrpcClientProtocolClient.java:onNext(255)) - client-391BA870FC40->947ec526-030f-41cc-8af7-a6f75e712ab0: receive RaftClientReply:client-391BA870FC40->947ec526-030f-41cc-8af7-a6f75e712ab0@group-5D45C35602B2, cid=1439, SUCCESS, logIndex=2052, commits[947ec526-030f-41cc-8af7-a6f75e712ab0:c2052, c447b9b6-dde2-4ce7-aa81-d0e2eddc8fe9:c2048, 28b540ac-241d-462a-a56c-509e92928066:c2048]
2019-08-20 22:34:23,878 | INFO  | DNAudit | user=null | ip=null | op=WRITE_CHUNK {blockData=conID: 3 locID: 102651688638415335 bcsId: 0} | ret=SUCCESS |  
2019-08-20 22:34:23,879 | INFO  | DNAudit | user=null | ip=null | op=PUT_BLOCK {blockData=[blockId=conID: 3 locID: 102651688638415335 bcsId: 0,size=1048576]} | ret=SUCCESS |  
2019-08-20 22:34:23,879 | INFO  | DNAudit | user=null | ip=null | op=WRITE_CHUNK {blockData=conID: 3 locID: 102651688638415335 bcsId: 0} | ret=SUCCESS |  
2019-08-20 22:34:23,879 [grpc-default-executor-3] INFO  client.GrpcClientProtocolClient (GrpcClientProtocolClient.java:onNext(255)) - client-391BA870FC40->947ec526-030f-41cc-8af7-a6f75e712ab0: receive RaftClientReply:client-391BA870FC40->947ec526-030f-41cc-8af7-a6f75e712ab0@group-5D45C35602B2, cid=1440, SUCCESS, logIndex=0, commits[947ec526-030f-41cc-8af7-a6f75e712ab0:c2054, c447b9b6-dde2-4ce7-aa81-d0e2eddc8fe9:c2050, 28b540ac-241d-462a-a56c-509e92928066:c2050]
2019-08-20 22:34:23,880 | INFO  | DNAudit | user=null | ip=null | op=PUT_BLOCK {blockData=[blockId=conID: 3 locID: 102651688638415335 bcsId: 0,size=1048576]} | ret=SUCCESS |  
2019-08-20 22:34:23,880 | INFO  | DNAudit | user=null | ip=null | op=WRITE_CHUNK {blockData=conID: 3 locID: 102651688638415335 bcsId: 0} | ret=SUCCESS |  
2019-08-20 22:34:23,880 | INFO  | DNAudit | user=null | ip=null | op=PUT_BLOCK {blockData=[blockId=conID: 3 locID: 102651688638415335 bcsId: 0,size=2097152]} | ret=SUCCESS |  
2019-08-20 22:34:23,880 | INFO  | DNAudit | user=null | ip=null | op=WRITE_CHUNK {blockData=conID: 3 locID: 102651688638415335 bcsId: 0} | ret=SUCCESS |  
2019-08-20 22:34:23,882 | INFO  | DNAudit | user=null | ip=null | op=PUT_BLOCK {blockData=[blockId=conID: 3 locID: 102651688638415335 bcsId: 0,size=2097152]} | ret=SUCCESS |  
2019-08-20 22:34:23,885 | INFO  | DNAudit | user=null | ip=null | op=WRITE_CHUNK {blockData=conID: 3 locID: 102651688638415335 bcsId: 2052} | ret=SUCCESS |  
2019-08-20 22:34:23,887 | INFO  | DNAudit | user=null | ip=null | op=WRITE_CHUNK {blockData=conID: 3 locID: 102651688638415335 bcsId: 2052} | ret=SUCCESS |  
2019-08-20 22:34:23,887 | INFO  | DNAudit | user=null | ip=null | op=WRITE_CHUNK {blockData=conID: 3 locID: 102651688638415335 bcsId: 2052} | ret=SUCCESS |  
2019-08-20 22:34:23,898 | INFO  | DNAudit | user=null | ip=null | op=WRITE_CHUNK {blockData=conID: 3 locID: 102651688638415335 bcsId: 2052} | ret=SUCCESS |  
2019-08-20 22:34:23,898 | INFO  | DNAudit | user=null | ip=null | op=PUT_BLOCK {blockData=[blockId=conID: 3 locID: 102651688638415335 bcsId: 0,size=3145728]} | ret=SUCCESS |  
2019-08-20 22:34:23,898 [grpc-default-executor-2] INFO  client.GrpcClientProtocolClient (GrpcClientProtocolClient.java:onNext(255)) - client-391BA870FC40->947ec526-030f-41cc-8af7-a6f75e712ab0: receive RaftClientReply:client-391BA870FC40->947ec526-030f-41cc-8af7-a6f75e712ab0@group-5D45C35602B2, cid=1441, SUCCESS, logIndex=2057, commits[947ec526-030f-41cc-8af7-a6f75e712ab0:c2058, c447b9b6-dde2-4ce7-aa81-d0e2eddc8fe9:c2056, 28b540ac-241d-462a-a56c-509e92928066:c2056]
2019-08-20 22:34:23,899 [grpc-default-executor-2] INFO  client.GrpcClientProtocolClient (GrpcClientProtocolClient.java:onNext(255)) - client-391BA870FC40->947ec526-030f-41cc-8af7-a6f75e712ab0: receive RaftClientReply:client-391BA870FC40->947ec526-030f-41cc-8af7-a6f75e712ab0@group-5D45C35602B2, cid=1442, SUCCESS, logIndex=2058, commits[947ec526-030f-41cc-8af7-a6f75e712ab0:c2058, c447b9b6-dde2-4ce7-aa81-d0e2eddc8fe9:c2056, 28b540ac-241d-462a-a56c-509e92928066:c2056]
2019-08-20 22:34:23,904 | INFO  | DNAudit | user=null | ip=null | op=WRITE_CHUNK {blockData=conID: 3 locID: 102651688638415335 bcsId: 2058} | ret=SUCCESS |  
2019-08-20 22:34:23,906 | INFO  | DNAudit | user=null | ip=null | op=WRITE_CHUNK {blockData=conID: 3 locID: 102651688638415335 bcsId: 2058} | ret=SUCCESS |  
2019-08-20 22:34:23,906 | INFO  | DNAudit | user=null | ip=null | op=WRITE_CHUNK {blockData=conID: 3 locID: 102651688638415335 bcsId: 2058} | ret=SUCCESS |  
2019-08-20 22:34:23,909 | INFO  | DNAudit | user=null | ip=null | op=WRITE_CHUNK {blockData=conID: 3 locID: 102651688638415335 bcsId: 2052} | ret=SUCCESS |  
2019-08-20 22:34:23,910 | INFO  | DNAudit | user=null | ip=null | op=PUT_BLOCK {blockData=[blockId=conID: 3 locID: 102651688638415335 bcsId: 0,size=3145728]} | ret=SUCCESS |  
2019-08-20 22:34:23,910 | INFO  | DNAudit | user=null | ip=null | op=WRITE_CHUNK {blockData=conID: 3 locID: 102651688638415335 bcsId: 2052} | ret=SUCCESS |  
2019-08-20 22:34:23,910 | INFO  | DNAudit | user=null | ip=null | op=PUT_BLOCK {blockData=[blockId=conID: 3 locID: 102651688638415335 bcsId: 0,size=3145728]} | ret=SUCCESS |  
2019-08-20 22:34:23,913 | INFO  | DNAudit | user=null | ip=null | op=WRITE_CHUNK {blockData=conID: 3 locID: 102651688638415335 bcsId: 2058} | ret=SUCCESS |  
2019-08-20 22:34:23,913 | INFO  | DNAudit | user=null | ip=null | op=PUT_BLOCK {blockData=[blockId=conID: 3 locID: 102651688638415335 bcsId: 0,size=4194304]} | ret=SUCCESS |  
2019-08-20 22:34:23,914 [grpc-default-executor-5] INFO  client.GrpcClientProtocolClient (GrpcClientProtocolClient.java:onNext(255)) - client-391BA870FC40->947ec526-030f-41cc-8af7-a6f75e712ab0: receive RaftClientReply:client-391BA870FC40->947ec526-030f-41cc-8af7-a6f75e712ab0@group-5D45C35602B2, cid=1443, SUCCESS, logIndex=2061, commits[947ec526-030f-41cc-8af7-a6f75e712ab0:c2062, c447b9b6-dde2-4ce7-aa81-d0e2eddc8fe9:c2058, 28b540ac-241d-462a-a56c-509e92928066:c2058]
2019-08-20 22:34:23,914 [grpc-default-executor-5] INFO  client.GrpcClientProtocolClient (GrpcClientProtocolClient.java:onNext(255)) - client-391BA870FC40->947ec526-030f-41cc-8af7-a6f75e712ab0: receive RaftClientReply:client-391BA870FC40->947ec526-030f-41cc-8af7-a6f75e712ab0@group-5D45C35602B2, cid=1444, SUCCESS, logIndex=2062, commits[947ec526-030f-41cc-8af7-a6f75e712ab0:c2062, c447b9b6-dde2-4ce7-aa81-d0e2eddc8fe9:c2058, 28b540ac-241d-462a-a56c-509e92928066:c2058]
2019-08-20 22:34:23,926 | INFO  | DNAudit | user=null | ip=null | op=WRITE_CHUNK {blockData=conID: 3 locID: 102651688638415335 bcsId: 2058} | ret=SUCCESS |  
2019-08-20 22:34:23,926 | INFO  | DNAudit | user=null | ip=null | op=WRITE_CHUNK {blockData=conID: 3 locID: 102651688638415335 bcsId: 2058} | ret=SUCCESS |  
2019-08-20 22:34:23,937 | INFO  | DNAudit | user=null | ip=null | op=PUT_BLOCK {blockData=[blockId=conID: 3 locID: 102651688638415335 bcsId: 0,size=4194304]} | ret=SUCCESS |  
2019-08-20 22:34:23,937 | INFO  | DNAudit | user=null | ip=null | op=PUT_BLOCK {blockData=[blockId=conID: 3 locID: 102651688638415335 bcsId: 0,size=4194304]} | ret=SUCCESS |  
2019-08-20 22:34:23,938 [grpc-default-executor-2] INFO  client.GrpcClientProtocolClient (GrpcClientProtocolClient.java:onNext(255)) - client-391BA870FC40->947ec526-030f-41cc-8af7-a6f75e712ab0: receive RaftClientReply:client-391BA870FC40->947ec526-030f-41cc-8af7-a6f75e712ab0@group-5D45C35602B2, cid=1445, SUCCESS, logIndex=0, commits[947ec526-030f-41cc-8af7-a6f75e712ab0:c2064, c447b9b6-dde2-4ce7-aa81-d0e2eddc8fe9:c2062, 28b540ac-241d-462a-a56c-509e92928066:c2062]
2019-08-20 22:34:23,941 | INFO  | SCMAudit | user=jenkins1000 | ip=192.168.5.142 | op=ALLOCATE_BLOCK {owner=6f694d07-2a2f-44d9-8e1c-aaa094a2f647, size=4194304, type=RATIS, factor=THREE} | ret=SUCCESS |  
2019-08-20 22:34:23,943 | INFO  | OMAudit | user=jenkins1000 | ip=127.0.0.1 | op=ALLOCATE_BLOCK {volume=vol-0-80747, bucket=bucket-0-27686, key=key-0-47435, dataSize=0, replicationType=null, replicationFactor=null, keyLocationInfo=null, clientID=102651687805452690} | ret=SUCCESS |  
2019-08-20 22:34:23,949 | INFO  | DNAudit | user=null | ip=null | op=WRITE_CHUNK {blockData=conID: 1 locID: 102651688644837864 bcsId: 0} | ret=SUCCESS |  
2019-08-20 22:34:23,951 | INFO  | DNAudit | user=null | ip=null | op=WRITE_CHUNK {blockData=conID: 1 locID: 102651688644837864 bcsId: 0} | ret=SUCCESS |  
2019-08-20 22:34:23,952 | INFO  | DNAudit | user=null | ip=null | op=WRITE_CHUNK {blockData=conID: 1 locID: 102651688644837864 bcsId: 0} | ret=SUCCESS |  
2019-08-20 22:34:23,952 | INFO  | DNAudit | user=null | ip=null | op=WRITE_CHUNK {blockData=conID: 1 locID: 102651688644837864 bcsId: 0} | ret=SUCCESS |  
2019-08-20 22:34:23,953 | INFO  | DNAudit | user=null | ip=null | op=WRITE_CHUNK {blockData=conID: 1 locID: 102651688644837864 bcsId: 0} | ret=SUCCESS |  
2019-08-20 22:34:23,953 | INFO  | DNAudit | user=null | ip=null | op=WRITE_CHUNK {blockData=conID: 1 locID: 102651688644837864 bcsId: 0} | ret=SUCCESS |  
2019-08-20 22:34:23,964 | INFO  | DNAudit | user=null | ip=null | op=WRITE_CHUNK {blockData=conID: 1 locID: 102651688644837864 bcsId: 0} | ret=SUCCESS |  
2019-08-20 22:34:23,964 | INFO  | DNAudit | user=null | ip=null | op=PUT_BLOCK {blockData=[blockId=conID: 1 locID: 102651688644837864 bcsId: 0,size=1048576]} | ret=SUCCESS |  
2019-08-20 22:34:23,964 [grpc-default-executor-2] INFO  client.GrpcClientProtocolClient (GrpcClientProtocolClient.java:onNext(255)) - client-391BA870FC40->947ec526-030f-41cc-8af7-a6f75e712ab0: receive RaftClientReply:client-391BA870FC40->947ec526-030f-41cc-8af7-a6f75e712ab0@group-5D45C35602B2, cid=1446, SUCCESS, logIndex=2065, commits[947ec526-030f-41cc-8af7-a6f75e712ab0:c2066, c447b9b6-dde2-4ce7-aa81-d0e2eddc8fe9:c2064, 28b540ac-241d-462a-a56c-509e92928066:c2064]
2019-08-20 22:34:23,965 [grpc-default-executor-2] INFO  client.GrpcClientProtocolClient (GrpcClientProtocolClient.java:onNext(255)) - client-391BA870FC40->947ec526-030f-41cc-8af7-a6f75e712ab0: receive RaftClientReply:client-391BA870FC40->947ec526-030f-41cc-8af7-a6f75e712ab0@group-5D45C35602B2, cid=1447, SUCCESS, logIndex=2066, commits[947ec526-030f-41cc-8af7-a6f75e712ab0:c2066, c447b9b6-dde2-4ce7-aa81-d0e2eddc8fe9:c2064, 28b540ac-241d-462a-a56c-509e92928066:c2064]
2019-08-20 22:34:23,974 | INFO  | DNAudit | user=null | ip=null | op=WRITE_CHUNK {blockData=conID: 1 locID: 102651688644837864 bcsId: 0} | ret=SUCCESS |  
2019-08-20 22:34:23,974 | INFO  | DNAudit | user=null | ip=null | op=PUT_BLOCK {blockData=[blockId=conID: 1 locID: 102651688644837864 bcsId: 0,size=2097152]} | ret=SUCCESS |  
2019-08-20 22:34:23,974 [grpc-default-executor-2] INFO  client.GrpcClientProtocolClient (GrpcClientProtocolClient.java:onNext(255)) - client-391BA870FC40->947ec526-030f-41cc-8af7-a6f75e712ab0: receive RaftClientReply:client-391BA870FC40->947ec526-030f-41cc-8af7-a6f75e712ab0@group-5D45C35602B2, cid=1448, SUCCESS, logIndex=2067, commits[947ec526-030f-41cc-8af7-a6f75e712ab0:c2068, c447b9b6-dde2-4ce7-aa81-d0e2eddc8fe9:c2064, 28b540ac-241d-462a-a56c-509e92928066:c2064]
2019-08-20 22:34:23,975 [grpc-default-executor-2] INFO  client.GrpcClientProtocolClient (GrpcClientProtocolClient.java:onNext(255)) - client-391BA870FC40->947ec526-030f-41cc-8af7-a6f75e712ab0: receive RaftClientReply:client-391BA870FC40->947ec526-030f-41cc-8af7-a6f75e712ab0@group-5D45C35602B2, cid=1449, SUCCESS, logIndex=2068, commits[947ec526-030f-41cc-8af7-a6f75e712ab0:c2068, c447b9b6-dde2-4ce7-aa81-d0e2eddc8fe9:c2064, 28b540ac-241d-462a-a56c-509e92928066:c2064]
2019-08-20 22:34:23,976 | INFO  | DNAudit | user=null | ip=null | op=WRITE_CHUNK {blockData=conID: 1 locID: 102651688644837864 bcsId: 0} | ret=SUCCESS |  
2019-08-20 22:34:23,976 | INFO  | DNAudit | user=null | ip=null | op=WRITE_CHUNK {blockData=conID: 1 locID: 102651688644837864 bcsId: 0} | ret=SUCCESS |  
2019-08-20 22:34:23,989 | INFO  | DNAudit | user=null | ip=null | op=PUT_BLOCK {blockData=[blockId=conID: 1 locID: 102651688644837864 bcsId: 0,size=1048576]} | ret=SUCCESS |  
2019-08-20 22:34:23,989 | INFO  | DNAudit | user=null | ip=null | op=PUT_BLOCK {blockData=[blockId=conID: 1 locID: 102651688644837864 bcsId: 0,size=1048576]} | ret=SUCCESS |  
2019-08-20 22:34:23,990 [grpc-default-executor-2] INFO  client.GrpcClientProtocolClient (GrpcClientProtocolClient.java:onNext(255)) - client-391BA870FC40->947ec526-030f-41cc-8af7-a6f75e712ab0: receive RaftClientReply:client-391BA870FC40->947ec526-030f-41cc-8af7-a6f75e712ab0@group-5D45C35602B2, cid=1450, SUCCESS, logIndex=0, commits[947ec526-030f-41cc-8af7-a6f75e712ab0:c2070, c447b9b6-dde2-4ce7-aa81-d0e2eddc8fe9:c2066, 28b540ac-241d-462a-a56c-509e92928066:c2066]
2019-08-20 22:34:23,995 | INFO  | DNAudit | user=null | ip=null | op=WRITE_CHUNK {blockData=conID: 1 locID: 102651688644837864 bcsId: 2068} | ret=SUCCESS |  
2019-08-20 22:34:23,997 | INFO  | DNAudit | user=null | ip=null | op=WRITE_CHUNK {blockData=conID: 1 locID: 102651688644837864 bcsId: 2068} | ret=SUCCESS |  
2019-08-20 22:34:23,997 | INFO  | DNAudit | user=null | ip=null | op=WRITE_CHUNK {blockData=conID: 1 locID: 102651688644837864 bcsId: 2068} | ret=SUCCESS |  
2019-08-20 22:34:24,016 | INFO  | DNAudit | user=null | ip=null | op=WRITE_CHUNK {blockData=conID: 1 locID: 102651688644837864 bcsId: 0} | ret=SUCCESS |  
2019-08-20 22:34:24,016 | INFO  | DNAudit | user=null | ip=null | op=WRITE_CHUNK {blockData=conID: 1 locID: 102651688644837864 bcsId: 0} | ret=SUCCESS |  
2019-08-20 22:34:24,016 | INFO  | DNAudit | user=null | ip=null | op=WRITE_CHUNK {blockData=conID: 1 locID: 102651688644837864 bcsId: 2068} | ret=SUCCESS |  
2019-08-20 22:34:24,017 | INFO  | DNAudit | user=null | ip=null | op=PUT_BLOCK {blockData=[blockId=conID: 1 locID: 102651688644837864 bcsId: 0,size=2097152]} | ret=SUCCESS |  
2019-08-20 22:34:24,017 | INFO  | DNAudit | user=null | ip=null | op=PUT_BLOCK {blockData=[blockId=conID: 1 locID: 102651688644837864 bcsId: 0,size=2097152]} | ret=SUCCESS |  
2019-08-20 22:34:24,017 | INFO  | DNAudit | user=null | ip=null | op=PUT_BLOCK {blockData=[blockId=conID: 1 locID: 102651688644837864 bcsId: 0,size=3145728]} | ret=SUCCESS |  
2019-08-20 22:34:24,017 [grpc-default-executor-2] INFO  client.GrpcClientProtocolClient (GrpcClientProtocolClient.java:onNext(255)) - client-391BA870FC40->947ec526-030f-41cc-8af7-a6f75e712ab0: receive RaftClientReply:client-391BA870FC40->947ec526-030f-41cc-8af7-a6f75e712ab0@group-5D45C35602B2, cid=1451, SUCCESS, logIndex=2073, commits[947ec526-030f-41cc-8af7-a6f75e712ab0:c2074, c447b9b6-dde2-4ce7-aa81-d0e2eddc8fe9:c2072, 28b540ac-241d-462a-a56c-509e92928066:c2072]
2019-08-20 22:34:24,018 [grpc-default-executor-2] INFO  client.GrpcClientProtocolClient (GrpcClientProtocolClient.java:onNext(255)) - client-391BA870FC40->947ec526-030f-41cc-8af7-a6f75e712ab0: receive RaftClientReply:client-391BA870FC40->947ec526-030f-41cc-8af7-a6f75e712ab0@group-5D45C35602B2, cid=1452, SUCCESS, logIndex=2074, commits[947ec526-030f-41cc-8af7-a6f75e712ab0:c2074, c447b9b6-dde2-4ce7-aa81-d0e2eddc8fe9:c2072, 28b540ac-241d-462a-a56c-509e92928066:c2072]
2019-08-20 22:34:24,023 | INFO  | DNAudit | user=null | ip=null | op=WRITE_CHUNK {blockData=conID: 1 locID: 102651688644837864 bcsId: 2074} | ret=SUCCESS |  
2019-08-20 22:34:24,025 | INFO  | DNAudit | user=null | ip=null | op=WRITE_CHUNK {blockData=conID: 1 locID: 102651688644837864 bcsId: 2074} | ret=SUCCESS |  
2019-08-20 22:34:24,025 | INFO  | DNAudit | user=null | ip=null | op=WRITE_CHUNK {blockData=conID: 1 locID: 102651688644837864 bcsId: 2074} | ret=SUCCESS |  
2019-08-20 22:34:24,028 | INFO  | DNAudit | user=null | ip=null | op=WRITE_CHUNK {blockData=conID: 1 locID: 102651688644837864 bcsId: 2068} | ret=SUCCESS |  
2019-08-20 22:34:24,028 | INFO  | DNAudit | user=null | ip=null | op=WRITE_CHUNK {blockData=conID: 1 locID: 102651688644837864 bcsId: 2068} | ret=SUCCESS |  
2019-08-20 22:34:24,029 | INFO  | DNAudit | user=null | ip=null | op=PUT_BLOCK {blockData=[blockId=conID: 1 locID: 102651688644837864 bcsId: 0,size=3145728]} | ret=SUCCESS |  
2019-08-20 22:34:24,029 | INFO  | DNAudit | user=null | ip=null | op=PUT_BLOCK {blockData=[blockId=conID: 1 locID: 102651688644837864 bcsId: 0,size=3145728]} | ret=SUCCESS |  
2019-08-20 22:34:24,030 | INFO  | DNAudit | user=null | ip=null | op=WRITE_CHUNK {blockData=conID: 1 locID: 102651688644837864 bcsId: 2074} | ret=SUCCESS |  
2019-08-20 22:34:24,030 | INFO  | DNAudit | user=null | ip=null | op=PUT_BLOCK {blockData=[blockId=conID: 1 locID: 102651688644837864 bcsId: 0,size=4194304]} | ret=SUCCESS |  
2019-08-20 22:34:24,030 [grpc-default-executor-3] INFO  client.GrpcClientProtocolClient (GrpcClientProtocolClient.java:onNext(255)) - client-391BA870FC40->947ec526-030f-41cc-8af7-a6f75e712ab0: receive RaftClientReply:client-391BA870FC40->947ec526-030f-41cc-8af7-a6f75e712ab0@group-5D45C35602B2, cid=1453, SUCCESS, logIndex=2077, commits[947ec526-030f-41cc-8af7-a6f75e712ab0:c2078, c447b9b6-dde2-4ce7-aa81-d0e2eddc8fe9:c2074, 28b540ac-241d-462a-a56c-509e92928066:c2074]
2019-08-20 22:34:24,030 [grpc-default-executor-3] INFO  client.GrpcClientProtocolClient (GrpcClientProtocolClient.java:onNext(255)) - client-391BA870FC40->947ec526-030f-41cc-8af7-a6f75e712ab0: receive RaftClientReply:client-391BA870FC40->947ec526-030f-41cc-8af7-a6f75e712ab0@group-5D45C35602B2, cid=1454, SUCCESS, logIndex=2078, commits[947ec526-030f-41cc-8af7-a6f75e712ab0:c2078, c447b9b6-dde2-4ce7-aa81-d0e2eddc8fe9:c2074, 28b540ac-241d-462a-a56c-509e92928066:c2074]
2019-08-20 22:34:24,031 | INFO  | DNAudit | user=null | ip=null | op=WRITE_CHUNK {blockData=conID: 1 locID: 102651688644837864 bcsId: 2074} | ret=SUCCESS |  
2019-08-20 22:34:24,031 | INFO  | DNAudit | user=null | ip=null | op=PUT_BLOCK {blockData=[blockId=conID: 1 locID: 102651688644837864 bcsId: 0,size=4194304]} | ret=SUCCESS |  
2019-08-20 22:34:24,033 | INFO  | DNAudit | user=null | ip=null | op=WRITE_CHUNK {blockData=conID: 1 locID: 102651688644837864 bcsId: 2074} | ret=SUCCESS |  
2019-08-20 22:34:24,033 | INFO  | DNAudit | user=null | ip=null | op=PUT_BLOCK {blockData=[blockId=conID: 1 locID: 102651688644837864 bcsId: 0,size=4194304]} | ret=SUCCESS |  
2019-08-20 22:34:24,034 [grpc-default-executor-2] INFO  client.GrpcClientProtocolClient (GrpcClientProtocolClient.java:onNext(255)) - client-391BA870FC40->947ec526-030f-41cc-8af7-a6f75e712ab0: receive RaftClientReply:client-391BA870FC40->947ec526-030f-41cc-8af7-a6f75e712ab0@group-5D45C35602B2, cid=1455, SUCCESS, logIndex=0, commits[947ec526-030f-41cc-8af7-a6f75e712ab0:c2079, c447b9b6-dde2-4ce7-aa81-d0e2eddc8fe9:c2078, 28b540ac-241d-462a-a56c-509e92928066:c2078]
2019-08-20 22:34:24,038 | INFO  | SCMAudit | user=jenkins1000 | ip=192.168.5.142 | op=ALLOCATE_BLOCK {owner=6f694d07-2a2f-44d9-8e1c-aaa094a2f647, size=4194304, type=RATIS, factor=THREE} | ret=SUCCESS |  
2019-08-20 22:34:24,041 | INFO  | OMAudit | user=jenkins1000 | ip=127.0.0.1 | op=ALLOCATE_BLOCK {volume=vol-0-80747, bucket=bucket-0-27686, key=key-0-47435, dataSize=0, replicationType=null, replicationFactor=null, keyLocationInfo=null, clientID=102651687805452690} | ret=SUCCESS |  
2019-08-20 22:34:24,047 | INFO  | DNAudit | user=null | ip=null | op=WRITE_CHUNK {blockData=conID: 2 locID: 102651688651194857 bcsId: 0} | ret=SUCCESS |  
2019-08-20 22:34:24,049 | INFO  | DNAudit | user=null | ip=null | op=WRITE_CHUNK {blockData=conID: 2 locID: 102651688651194857 bcsId: 0} | ret=SUCCESS |  
2019-08-20 22:34:24,049 | INFO  | DNAudit | user=null | ip=null | op=WRITE_CHUNK {blockData=conID: 2 locID: 102651688651194857 bcsId: 0} | ret=SUCCESS |  
2019-08-20 22:34:24,049 | INFO  | DNAudit | user=null | ip=null | op=WRITE_CHUNK {blockData=conID: 2 locID: 102651688651194857 bcsId: 0} | ret=SUCCESS |  
2019-08-20 22:34:24,050 | INFO  | DNAudit | user=null | ip=null | op=WRITE_CHUNK {blockData=conID: 2 locID: 102651688651194857 bcsId: 0} | ret=SUCCESS |  
2019-08-20 22:34:24,050 | INFO  | DNAudit | user=null | ip=null | op=WRITE_CHUNK {blockData=conID: 2 locID: 102651688651194857 bcsId: 0} | ret=SUCCESS |  
2019-08-20 22:34:24,063 | INFO  | DNAudit | user=null | ip=null | op=WRITE_CHUNK {blockData=conID: 2 locID: 102651688651194857 bcsId: 0} | ret=SUCCESS |  
2019-08-20 22:34:24,063 | INFO  | DNAudit | user=null | ip=null | op=PUT_BLOCK {blockData=[blockId=conID: 2 locID: 102651688651194857 bcsId: 0,size=1048576]} | ret=SUCCESS |  
2019-08-20 22:34:24,063 [grpc-default-executor-5] INFO  client.GrpcClientProtocolClient (GrpcClientProtocolClient.java:onNext(255)) - client-391BA870FC40->947ec526-030f-41cc-8af7-a6f75e712ab0: receive RaftClientReply:client-391BA870FC40->947ec526-030f-41cc-8af7-a6f75e712ab0@group-5D45C35602B2, cid=1456, SUCCESS, logIndex=2081, commits[947ec526-030f-41cc-8af7-a6f75e712ab0:c2084, c447b9b6-dde2-4ce7-aa81-d0e2eddc8fe9:c2080, 28b540ac-241d-462a-a56c-509e92928066:c2080]
2019-08-20 22:34:24,064 | INFO  | DNAudit | user=null | ip=null | op=WRITE_CHUNK {blockData=conID: 2 locID: 102651688651194857 bcsId: 0} | ret=SUCCESS |  
2019-08-20 22:34:24,064 | INFO  | DNAudit | user=null | ip=null | op=PUT_BLOCK {blockData=[blockId=conID: 2 locID: 102651688651194857 bcsId: 0,size=2097152]} | ret=SUCCESS |  
2019-08-20 22:34:24,064 [grpc-default-executor-5] INFO  client.GrpcClientProtocolClient (GrpcClientProtocolClient.java:onNext(255)) - client-391BA870FC40->947ec526-030f-41cc-8af7-a6f75e712ab0: receive RaftClientReply:client-391BA870FC40->947ec526-030f-41cc-8af7-a6f75e712ab0@group-5D45C35602B2, cid=1457, SUCCESS, logIndex=2082, commits[947ec526-030f-41cc-8af7-a6f75e712ab0:c2084, c447b9b6-dde2-4ce7-aa81-d0e2eddc8fe9:c2080, 28b540ac-241d-462a-a56c-509e92928066:c2080]
2019-08-20 22:34:24,064 [grpc-default-executor-5] INFO  client.GrpcClientProtocolClient (GrpcClientProtocolClient.java:onNext(255)) - client-391BA870FC40->947ec526-030f-41cc-8af7-a6f75e712ab0: receive RaftClientReply:client-391BA870FC40->947ec526-030f-41cc-8af7-a6f75e712ab0@group-5D45C35602B2, cid=1458, SUCCESS, logIndex=2083, commits[947ec526-030f-41cc-8af7-a6f75e712ab0:c2084, c447b9b6-dde2-4ce7-aa81-d0e2eddc8fe9:c2080, 28b540ac-241d-462a-a56c-509e92928066:c2080]
2019-08-20 22:34:24,064 [grpc-default-executor-5] INFO  client.GrpcClientProtocolClient (GrpcClientProtocolClient.java:onNext(255)) - client-391BA870FC40->947ec526-030f-41cc-8af7-a6f75e712ab0: receive RaftClientReply:client-391BA870FC40->947ec526-030f-41cc-8af7-a6f75e712ab0@group-5D45C35602B2, cid=1459, SUCCESS, logIndex=2084, commits[947ec526-030f-41cc-8af7-a6f75e712ab0:c2084, c447b9b6-dde2-4ce7-aa81-d0e2eddc8fe9:c2080, 28b540ac-241d-462a-a56c-509e92928066:c2080]
2019-08-20 22:34:24,074 | INFO  | DNAudit | user=null | ip=null | op=WRITE_CHUNK {blockData=conID: 2 locID: 102651688651194857 bcsId: 0} | ret=SUCCESS |  
2019-08-20 22:34:24,074 | INFO  | DNAudit | user=null | ip=null | op=PUT_BLOCK {blockData=[blockId=conID: 2 locID: 102651688651194857 bcsId: 0,size=1048576]} | ret=SUCCESS |  
2019-08-20 22:34:24,074 | INFO  | DNAudit | user=null | ip=null | op=WRITE_CHUNK {blockData=conID: 2 locID: 102651688651194857 bcsId: 0} | ret=SUCCESS |  
2019-08-20 22:34:24,075 | INFO  | DNAudit | user=null | ip=null | op=PUT_BLOCK {blockData=[blockId=conID: 2 locID: 102651688651194857 bcsId: 0,size=1048576]} | ret=SUCCESS |  
2019-08-20 22:34:24,075 [grpc-default-executor-5] INFO  client.GrpcClientProtocolClient (GrpcClientProtocolClient.java:onNext(255)) - client-391BA870FC40->947ec526-030f-41cc-8af7-a6f75e712ab0: receive RaftClientReply:client-391BA870FC40->947ec526-030f-41cc-8af7-a6f75e712ab0@group-5D45C35602B2, cid=1460, SUCCESS, logIndex=0, commits[947ec526-030f-41cc-8af7-a6f75e712ab0:c2085, c447b9b6-dde2-4ce7-aa81-d0e2eddc8fe9:c2082, 28b540ac-241d-462a-a56c-509e92928066:c2082]
2019-08-20 22:34:24,077 | INFO  | DNAudit | user=null | ip=null | op=WRITE_CHUNK {blockData=conID: 2 locID: 102651688651194857 bcsId: 0} | ret=SUCCESS |  
2019-08-20 22:34:24,077 | INFO  | DNAudit | user=null | ip=null | op=WRITE_CHUNK {blockData=conID: 2 locID: 102651688651194857 bcsId: 0} | ret=SUCCESS |  
2019-08-20 22:34:24,077 | INFO  | DNAudit | user=null | ip=null | op=PUT_BLOCK {blockData=[blockId=conID: 2 locID: 102651688651194857 bcsId: 0,size=2097152]} | ret=SUCCESS |  
2019-08-20 22:34:24,077 | INFO  | DNAudit | user=null | ip=null | op=PUT_BLOCK {blockData=[blockId=conID: 2 locID: 102651688651194857 bcsId: 0,size=2097152]} | ret=SUCCESS |  
2019-08-20 22:34:24,080 | INFO  | DNAudit | user=null | ip=null | op=WRITE_CHUNK {blockData=conID: 2 locID: 102651688651194857 bcsId: 2084} | ret=SUCCESS |  
2019-08-20 22:34:24,082 | INFO  | DNAudit | user=null | ip=null | op=WRITE_CHUNK {blockData=conID: 2 locID: 102651688651194857 bcsId: 2084} | ret=SUCCESS |  
2019-08-20 22:34:24,082 | INFO  | DNAudit | user=null | ip=null | op=WRITE_CHUNK {blockData=conID: 2 locID: 102651688651194857 bcsId: 2084} | ret=SUCCESS |  
2019-08-20 22:34:24,093 | INFO  | DNAudit | user=null | ip=null | op=WRITE_CHUNK {blockData=conID: 2 locID: 102651688651194857 bcsId: 2084} | ret=SUCCESS |  
2019-08-20 22:34:24,093 | INFO  | DNAudit | user=null | ip=null | op=PUT_BLOCK {blockData=[blockId=conID: 2 locID: 102651688651194857 bcsId: 0,size=3145728]} | ret=SUCCESS |  
2019-08-20 22:34:24,093 [grpc-default-executor-5] INFO  client.GrpcClientProtocolClient (GrpcClientProtocolClient.java:onNext(255)) - client-391BA870FC40->947ec526-030f-41cc-8af7-a6f75e712ab0: receive RaftClientReply:client-391BA870FC40->947ec526-030f-41cc-8af7-a6f75e712ab0@group-5D45C35602B2, cid=1461, SUCCESS, logIndex=2089, commits[947ec526-030f-41cc-8af7-a6f75e712ab0:c2090, c447b9b6-dde2-4ce7-aa81-d0e2eddc8fe9:c2088, 28b540ac-241d-462a-a56c-509e92928066:c2088]
2019-08-20 22:34:24,094 [grpc-default-executor-5] INFO  client.GrpcClientProtocolClient (GrpcClientProtocolClient.java:onNext(255)) - client-391BA870FC40->947ec526-030f-41cc-8af7-a6f75e712ab0: receive RaftClientReply:client-391BA870FC40->947ec526-030f-41cc-8af7-a6f75e712ab0@group-5D45C35602B2, cid=1462, SUCCESS, logIndex=2090, commits[947ec526-030f-41cc-8af7-a6f75e712ab0:c2090, c447b9b6-dde2-4ce7-aa81-d0e2eddc8fe9:c2088, 28b540ac-241d-462a-a56c-509e92928066:c2088]
2019-08-20 22:34:24,099 | INFO  | DNAudit | user=null | ip=null | op=WRITE_CHUNK {blockData=conID: 2 locID: 102651688651194857 bcsId: 2090} | ret=SUCCESS |  
2019-08-20 22:34:24,101 | INFO  | DNAudit | user=null | ip=null | op=WRITE_CHUNK {blockData=conID: 2 locID: 102651688651194857 bcsId: 2090} | ret=SUCCESS |  
2019-08-20 22:34:24,101 | INFO  | DNAudit | user=null | ip=null | op=WRITE_CHUNK {blockData=conID: 2 locID: 102651688651194857 bcsId: 2090} | ret=SUCCESS |  
2019-08-20 22:34:24,105 | INFO  | DNAudit | user=null | ip=null | op=WRITE_CHUNK {blockData=conID: 2 locID: 102651688651194857 bcsId: 2084} | ret=SUCCESS |  
2019-08-20 22:34:24,105 | INFO  | DNAudit | user=null | ip=null | op=WRITE_CHUNK {blockData=conID: 2 locID: 102651688651194857 bcsId: 2084} | ret=SUCCESS |  
2019-08-20 22:34:24,115 | INFO  | DNAudit | user=null | ip=null | op=PUT_BLOCK {blockData=[blockId=conID: 2 locID: 102651688651194857 bcsId: 0,size=3145728]} | ret=SUCCESS |  
2019-08-20 22:34:24,115 | INFO  | DNAudit | user=null | ip=null | op=PUT_BLOCK {blockData=[blockId=conID: 2 locID: 102651688651194857 bcsId: 0,size=3145728]} | ret=SUCCESS |  
2019-08-20 22:34:24,115 | INFO  | DNAudit | user=null | ip=null | op=WRITE_CHUNK {blockData=conID: 2 locID: 102651688651194857 bcsId: 2090} | ret=SUCCESS |  
2019-08-20 22:34:24,115 | INFO  | DNAudit | user=null | ip=null | op=PUT_BLOCK {blockData=[blockId=conID: 2 locID: 102651688651194857 bcsId: 0,size=4194304]} | ret=SUCCESS |  
2019-08-20 22:34:24,116 [grpc-default-executor-3] INFO  client.GrpcClientProtocolClient (GrpcClientProtocolClient.java:onNext(255)) - client-391BA870FC40->947ec526-030f-41cc-8af7-a6f75e712ab0: receive RaftClientReply:client-391BA870FC40->947ec526-030f-41cc-8af7-a6f75e712ab0@group-5D45C35602B2, cid=1463, SUCCESS, logIndex=2093, commits[947ec526-030f-41cc-8af7-a6f75e712ab0:c2094, c447b9b6-dde2-4ce7-aa81-d0e2eddc8fe9:c2090, 28b540ac-241d-462a-a56c-509e92928066:c2090]
2019-08-20 22:34:24,116 [grpc-default-executor-3] INFO  client.GrpcClientProtocolClient (GrpcClientProtocolClient.java:onNext(255)) - client-391BA870FC40->947ec526-030f-41cc-8af7-a6f75e712ab0: receive RaftClientReply:client-391BA870FC40->947ec526-030f-41cc-8af7-a6f75e712ab0@group-5D45C35602B2, cid=1464, SUCCESS, logIndex=2094, commits[947ec526-030f-41cc-8af7-a6f75e712ab0:c2094, c447b9b6-dde2-4ce7-aa81-d0e2eddc8fe9:c2090, 28b540ac-241d-462a-a56c-509e92928066:c2090]
2019-08-20 22:34:24,128 | INFO  | DNAudit | user=null | ip=null | op=WRITE_CHUNK {blockData=conID: 2 locID: 102651688651194857 bcsId: 2090} | ret=SUCCESS |  
2019-08-20 22:34:24,128 | INFO  | DNAudit | user=null | ip=null | op=WRITE_CHUNK {blockData=conID: 2 locID: 102651688651194857 bcsId: 2090} | ret=SUCCESS |  
2019-08-20 22:34:24,141 | INFO  | DNAudit | user=null | ip=null | op=PUT_BLOCK {blockData=[blockId=conID: 2 locID: 102651688651194857 bcsId: 0,size=4194304]} | ret=SUCCESS |  
2019-08-20 22:34:24,141 | INFO  | DNAudit | user=null | ip=null | op=PUT_BLOCK {blockData=[blockId=conID: 2 locID: 102651688651194857 bcsId: 0,size=4194304]} | ret=SUCCESS |  
2019-08-20 22:34:24,142 [grpc-default-executor-5] INFO  client.GrpcClientProtocolClient (GrpcClientProtocolClient.java:onNext(255)) - client-391BA870FC40->947ec526-030f-41cc-8af7-a6f75e712ab0: receive RaftClientReply:client-391BA870FC40->947ec526-030f-41cc-8af7-a6f75e712ab0@group-5D45C35602B2, cid=1465, SUCCESS, logIndex=0, commits[947ec526-030f-41cc-8af7-a6f75e712ab0:c2095, c447b9b6-dde2-4ce7-aa81-d0e2eddc8fe9:c2094, 28b540ac-241d-462a-a56c-509e92928066:c2094]
2019-08-20 22:34:24,145 | INFO  | SCMAudit | user=jenkins1000 | ip=192.168.5.142 | op=ALLOCATE_BLOCK {owner=6f694d07-2a2f-44d9-8e1c-aaa094a2f647, size=4194304, type=RATIS, factor=THREE} | ret=SUCCESS |  
2019-08-20 22:34:24,147 | INFO  | OMAudit | user=jenkins1000 | ip=127.0.0.1 | op=ALLOCATE_BLOCK {volume=vol-0-80747, bucket=bucket-0-27686, key=key-0-47435, dataSize=0, replicationType=null, replicationFactor=null, keyLocationInfo=null, clientID=102651687805452690} | ret=SUCCESS |  
2019-08-20 22:34:24,153 | INFO  | DNAudit | user=null | ip=null | op=WRITE_CHUNK {blockData=conID: 3 locID: 102651688658207210 bcsId: 0} | ret=SUCCESS |  
2019-08-20 22:34:24,159 | INFO  | DNAudit | user=null | ip=null | op=WRITE_CHUNK {blockData=conID: 3 locID: 102651688658207210 bcsId: 0} | ret=SUCCESS |  
2019-08-20 22:34:24,159 | INFO  | DNAudit | user=null | ip=null | op=WRITE_CHUNK {blockData=conID: 3 locID: 102651688658207210 bcsId: 0} | ret=SUCCESS |  
2019-08-20 22:34:24,159 | INFO  | DNAudit | user=null | ip=null | op=WRITE_CHUNK {blockData=conID: 3 locID: 102651688658207210 bcsId: 0} | ret=SUCCESS |  
2019-08-20 22:34:24,160 | INFO  | DNAudit | user=null | ip=null | op=WRITE_CHUNK {blockData=conID: 3 locID: 102651688658207210 bcsId: 0} | ret=SUCCESS |  
2019-08-20 22:34:24,161 | INFO  | DNAudit | user=null | ip=null | op=WRITE_CHUNK {blockData=conID: 3 locID: 102651688658207210 bcsId: 0} | ret=SUCCESS |  
2019-08-20 22:34:24,161 | INFO  | SCMAudit | user=jenkins1000 | ip=192.168.5.142 | op=SEND_HEARTBEAT {datanodeUUID=c447b9b6-dde2-4ce7-aa81-d0e2eddc8fe9, command=[]} | ret=SUCCESS |  
2019-08-20 22:34:24,162 | INFO  | SCMAudit | user=jenkins1000 | ip=192.168.5.142 | op=SEND_HEARTBEAT {datanodeUUID=eafd9314-3f13-422a-a2ac-adfcde2d7481, command=[]} | ret=SUCCESS |  
2019-08-20 22:34:24,162 | INFO  | SCMAudit | user=jenkins1000 | ip=192.168.5.142 | op=SEND_HEARTBEAT {datanodeUUID=947ec526-030f-41cc-8af7-a6f75e712ab0, command=[]} | ret=SUCCESS |  
2019-08-20 22:34:24,162 | INFO  | SCMAudit | user=jenkins1000 | ip=192.168.5.142 | op=SEND_HEARTBEAT {datanodeUUID=28b540ac-241d-462a-a56c-509e92928066, command=[]} | ret=SUCCESS |  
 0.00% |█                                                                                                    |  0/1 Time: 0:00:132019-08-20 22:34:24,170 | INFO  | DNAudit | user=null | ip=null | op=WRITE_CHUNK {blockData=conID: 3 locID: 102651688658207210 bcsId: 0} | ret=SUCCESS |  
2019-08-20 22:34:24,170 | INFO  | DNAudit | user=null | ip=null | op=PUT_BLOCK {blockData=[blockId=conID: 3 locID: 102651688658207210 bcsId: 0,size=1048576]} | ret=SUCCESS |  
2019-08-20 22:34:24,170 [grpc-default-executor-2] INFO  client.GrpcClientProtocolClient (GrpcClientProtocolClient.java:onNext(255)) - client-391BA870FC40->947ec526-030f-41cc-8af7-a6f75e712ab0: receive RaftClientReply:client-391BA870FC40->947ec526-030f-41cc-8af7-a6f75e712ab0@group-5D45C35602B2, cid=1466, SUCCESS, logIndex=2097, commits[947ec526-030f-41cc-8af7-a6f75e712ab0:c2098, c447b9b6-dde2-4ce7-aa81-d0e2eddc8fe9:c2096, 28b540ac-241d-462a-a56c-509e92928066:c2096]
2019-08-20 22:34:24,171 [grpc-default-executor-2] INFO  client.GrpcClientProtocolClient (GrpcClientProtocolClient.java:onNext(255)) - client-391BA870FC40->947ec526-030f-41cc-8af7-a6f75e712ab0: receive RaftClientReply:client-391BA870FC40->947ec526-030f-41cc-8af7-a6f75e712ab0@group-5D45C35602B2, cid=1467, SUCCESS, logIndex=2098, commits[947ec526-030f-41cc-8af7-a6f75e712ab0:c2098, c447b9b6-dde2-4ce7-aa81-d0e2eddc8fe9:c2096, 28b540ac-241d-462a-a56c-509e92928066:c2096]
2019-08-20 22:34:24,180 | INFO  | DNAudit | user=null | ip=null | op=WRITE_CHUNK {blockData=conID: 3 locID: 102651688658207210 bcsId: 0} | ret=SUCCESS |  
2019-08-20 22:34:24,181 | INFO  | DNAudit | user=null | ip=null | op=PUT_BLOCK {blockData=[blockId=conID: 3 locID: 102651688658207210 bcsId: 0,size=2097152]} | ret=SUCCESS |  
2019-08-20 22:34:24,181 [grpc-default-executor-2] INFO  client.GrpcClientProtocolClient (GrpcClientProtocolClient.java:onNext(255)) - client-391BA870FC40->947ec526-030f-41cc-8af7-a6f75e712ab0: receive RaftClientReply:client-391BA870FC40->947ec526-030f-41cc-8af7-a6f75e712ab0@group-5D45C35602B2, cid=1468, SUCCESS, logIndex=2099, commits[947ec526-030f-41cc-8af7-a6f75e712ab0:c2100, c447b9b6-dde2-4ce7-aa81-d0e2eddc8fe9:c2096, 28b540ac-241d-462a-a56c-509e92928066:c2096]
2019-08-20 22:34:24,181 | INFO  | DNAudit | user=null | ip=null | op=WRITE_CHUNK {blockData=conID: 3 locID: 102651688658207210 bcsId: 0} | ret=SUCCESS |  
2019-08-20 22:34:24,181 [grpc-default-executor-5] INFO  client.GrpcClientProtocolClient (GrpcClientProtocolClient.java:onNext(255)) - client-391BA870FC40->947ec526-030f-41cc-8af7-a6f75e712ab0: receive RaftClientReply:client-391BA870FC40->947ec526-030f-41cc-8af7-a6f75e712ab0@group-5D45C35602B2, cid=1469, SUCCESS, logIndex=2100, commits[947ec526-030f-41cc-8af7-a6f75e712ab0:c2100, c447b9b6-dde2-4ce7-aa81-d0e2eddc8fe9:c2096, 28b540ac-241d-462a-a56c-509e92928066:c2096]
2019-08-20 22:34:24,184 | INFO  | DNAudit | user=null | ip=null | op=WRITE_CHUNK {blockData=conID: 3 locID: 102651688658207210 bcsId: 0} | ret=SUCCESS |  
2019-08-20 22:34:24,184 | INFO  | DNAudit | user=null | ip=null | op=PUT_BLOCK {blockData=[blockId=conID: 3 locID: 102651688658207210 bcsId: 0,size=1048576]} | ret=SUCCESS |  
2019-08-20 22:34:24,184 | INFO  | DNAudit | user=null | ip=null | op=PUT_BLOCK {blockData=[blockId=conID: 3 locID: 102651688658207210 bcsId: 0,size=1048576]} | ret=SUCCESS |  
2019-08-20 22:34:24,184 | INFO  | DNAudit | user=null | ip=null | op=WRITE_CHUNK {blockData=conID: 3 locID: 102651688658207210 bcsId: 0} | ret=SUCCESS |  
2019-08-20 22:34:24,184 | INFO  | DNAudit | user=null | ip=null | op=WRITE_CHUNK {blockData=conID: 3 locID: 102651688658207210 bcsId: 0} | ret=SUCCESS |  
2019-08-20 22:34:24,184 | INFO  | DNAudit | user=null | ip=null | op=PUT_BLOCK {blockData=[blockId=conID: 3 locID: 102651688658207210 bcsId: 0,size=2097152]} | ret=SUCCESS |  
2019-08-20 22:34:24,184 | INFO  | DNAudit | user=null | ip=null | op=PUT_BLOCK {blockData=[blockId=conID: 3 locID: 102651688658207210 bcsId: 0,size=2097152]} | ret=SUCCESS |  
2019-08-20 22:34:24,184 [grpc-default-executor-5] INFO  client.GrpcClientProtocolClient (GrpcClientProtocolClient.java:onNext(255)) - client-391BA870FC40->947ec526-030f-41cc-8af7-a6f75e712ab0: receive RaftClientReply:client-391BA870FC40->947ec526-030f-41cc-8af7-a6f75e712ab0@group-5D45C35602B2, cid=1470, SUCCESS, logIndex=0, commits[947ec526-030f-41cc-8af7-a6f75e712ab0:c2102, c447b9b6-dde2-4ce7-aa81-d0e2eddc8fe9:c2098, 28b540ac-241d-462a-a56c-509e92928066:c2098]
2019-08-20 22:34:24,190 | INFO  | DNAudit | user=null | ip=null | op=WRITE_CHUNK {blockData=conID: 3 locID: 102651688658207210 bcsId: 2100} | ret=SUCCESS |  
2019-08-20 22:34:24,191 | INFO  | DNAudit | user=null | ip=null | op=WRITE_CHUNK {blockData=conID: 3 locID: 102651688658207210 bcsId: 2100} | ret=SUCCESS |  
2019-08-20 22:34:24,192 | INFO  | DNAudit | user=null | ip=null | op=WRITE_CHUNK {blockData=conID: 3 locID: 102651688658207210 bcsId: 2100} | ret=SUCCESS |  
2019-08-20 22:34:24,207 | INFO  | DNAudit | user=null | ip=null | op=WRITE_CHUNK {blockData=conID: 3 locID: 102651688658207210 bcsId: 2100} | ret=SUCCESS |  
2019-08-20 22:34:24,208 | INFO  | DNAudit | user=null | ip=null | op=PUT_BLOCK {blockData=[blockId=conID: 3 locID: 102651688658207210 bcsId: 0,size=3145728]} | ret=SUCCESS |  
2019-08-20 22:34:24,208 [grpc-default-executor-2] INFO  client.GrpcClientProtocolClient (GrpcClientProtocolClient.java:onNext(255)) - client-391BA870FC40->947ec526-030f-41cc-8af7-a6f75e712ab0: receive RaftClientReply:client-391BA870FC40->947ec526-030f-41cc-8af7-a6f75e712ab0@group-5D45C35602B2, cid=1471, SUCCESS, logIndex=2104, commits[947ec526-030f-41cc-8af7-a6f75e712ab0:c2105, c447b9b6-dde2-4ce7-aa81-d0e2eddc8fe9:c2102, 28b540ac-241d-462a-a56c-509e92928066:c2102]
2019-08-20 22:34:24,208 [grpc-default-executor-2] INFO  client.GrpcClientProtocolClient (GrpcClientProtocolClient.java:onNext(255)) - client-391BA870FC40->947ec526-030f-41cc-8af7-a6f75e712ab0: receive RaftClientReply:client-391BA870FC40->947ec526-030f-41cc-8af7-a6f75e712ab0@group-5D45C35602B2, cid=1472, SUCCESS, logIndex=2105, commits[947ec526-030f-41cc-8af7-a6f75e712ab0:c2105, c447b9b6-dde2-4ce7-aa81-d0e2eddc8fe9:c2102, 28b540ac-241d-462a-a56c-509e92928066:c2102]
2019-08-20 22:34:24,214 | INFO  | DNAudit | user=null | ip=null | op=WRITE_CHUNK {blockData=conID: 3 locID: 102651688658207210 bcsId: 2105} | ret=SUCCESS |  
2019-08-20 22:34:24,216 | INFO  | DNAudit | user=null | ip=null | op=WRITE_CHUNK {blockData=conID: 3 locID: 102651688658207210 bcsId: 2105} | ret=SUCCESS |  
2019-08-20 22:34:24,216 | INFO  | DNAudit | user=null | ip=null | op=WRITE_CHUNK {blockData=conID: 3 locID: 102651688658207210 bcsId: 2105} | ret=SUCCESS |  
2019-08-20 22:34:24,225 | INFO  | DNAudit | user=null | ip=null | op=WRITE_CHUNK {blockData=conID: 3 locID: 102651688658207210 bcsId: 2100} | ret=SUCCESS |  
2019-08-20 22:34:24,226 | INFO  | DNAudit | user=null | ip=null | op=PUT_BLOCK {blockData=[blockId=conID: 3 locID: 102651688658207210 bcsId: 0,size=3145728]} | ret=SUCCESS |  
2019-08-20 22:34:24,226 | INFO  | DNAudit | user=null | ip=null | op=WRITE_CHUNK {blockData=conID: 3 locID: 102651688658207210 bcsId: 2100} | ret=SUCCESS |  
2019-08-20 22:34:24,226 | INFO  | DNAudit | user=null | ip=null | op=WRITE_CHUNK {blockData=conID: 3 locID: 102651688658207210 bcsId: 2105} | ret=SUCCESS |  
2019-08-20 22:34:24,226 | INFO  | DNAudit | user=null | ip=null | op=PUT_BLOCK {blockData=[blockId=conID: 3 locID: 102651688658207210 bcsId: 0,size=3145728]} | ret=SUCCESS |  
2019-08-20 22:34:24,226 | INFO  | DNAudit | user=null | ip=null | op=PUT_BLOCK {blockData=[blockId=conID: 3 locID: 102651688658207210 bcsId: 0,size=4194304]} | ret=SUCCESS |  
2019-08-20 22:34:24,226 [grpc-default-executor-4] INFO  client.GrpcClientProtocolClient (GrpcClientProtocolClient.java:onNext(255)) - client-391BA870FC40->947ec526-030f-41cc-8af7-a6f75e712ab0: receive RaftClientReply:client-391BA870FC40->947ec526-030f-41cc-8af7-a6f75e712ab0@group-5D45C35602B2, cid=1473, SUCCESS, logIndex=2108, commits[947ec526-030f-41cc-8af7-a6f75e712ab0:c2109, c447b9b6-dde2-4ce7-aa81-d0e2eddc8fe9:c2105, 28b540ac-241d-462a-a56c-509e92928066:c2105]
2019-08-20 22:34:24,227 [grpc-default-executor-4] INFO  client.GrpcClientProtocolClient (GrpcClientProtocolClient.java:onNext(255)) - client-391BA870FC40->947ec526-030f-41cc-8af7-a6f75e712ab0: receive RaftClientReply:client-391BA870FC40->947ec526-030f-41cc-8af7-a6f75e712ab0@group-5D45C35602B2, cid=1474, SUCCESS, logIndex=2109, commits[947ec526-030f-41cc-8af7-a6f75e712ab0:c2109, c447b9b6-dde2-4ce7-aa81-d0e2eddc8fe9:c2105, 28b540ac-241d-462a-a56c-509e92928066:c2105]
2019-08-20 22:34:24,237 | INFO  | DNAudit | user=null | ip=null | op=WRITE_CHUNK {blockData=conID: 3 locID: 102651688658207210 bcsId: 2105} | ret=SUCCESS |  
2019-08-20 22:34:24,238 | INFO  | DNAudit | user=null | ip=null | op=WRITE_CHUNK {blockData=conID: 3 locID: 102651688658207210 bcsId: 2105} | ret=SUCCESS |  
2019-08-20 22:34:24,239 | INFO  | DNAudit | user=null | ip=null | op=PUT_BLOCK {blockData=[blockId=conID: 3 locID: 102651688658207210 bcsId: 0,size=4194304]} | ret=SUCCESS |  
2019-08-20 22:34:24,239 | INFO  | DNAudit | user=null | ip=null | op=PUT_BLOCK {blockData=[blockId=conID: 3 locID: 102651688658207210 bcsId: 0,size=4194304]} | ret=SUCCESS |  
2019-08-20 22:34:24,240 [grpc-default-executor-4] INFO  client.GrpcClientProtocolClient (GrpcClientProtocolClient.java:onNext(255)) - client-391BA870FC40->947ec526-030f-41cc-8af7-a6f75e712ab0: receive RaftClientReply:client-391BA870FC40->947ec526-030f-41cc-8af7-a6f75e712ab0@group-5D45C35602B2, cid=1475, SUCCESS, logIndex=0, commits[947ec526-030f-41cc-8af7-a6f75e712ab0:c2111, c447b9b6-dde2-4ce7-aa81-d0e2eddc8fe9:c2109, 28b540ac-241d-462a-a56c-509e92928066:c2109]
2019-08-20 22:34:24,244 | INFO  | SCMAudit | user=jenkins1000 | ip=192.168.5.142 | op=ALLOCATE_BLOCK {owner=6f694d07-2a2f-44d9-8e1c-aaa094a2f647, size=4194304, type=RATIS, factor=THREE} | ret=SUCCESS |  
2019-08-20 22:34:24,342 | INFO  | OMAudit | user=jenkins1000 | ip=127.0.0.1 | op=ALLOCATE_BLOCK {volume=vol-0-80747, bucket=bucket-0-27686, key=key-0-47435, dataSize=0, replicationType=null, replicationFactor=null, keyLocationInfo=null, clientID=102651687805452690} | ret=SUCCESS |  
2019-08-20 22:34:24,349 | INFO  | DNAudit | user=null | ip=null | op=WRITE_CHUNK {blockData=conID: 1 locID: 102651688664695275 bcsId: 0} | ret=SUCCESS |  
2019-08-20 22:34:24,352 | INFO  | DNAudit | user=null | ip=null | op=WRITE_CHUNK {blockData=conID: 1 locID: 102651688664695275 bcsId: 0} | ret=SUCCESS |  
2019-08-20 22:34:24,352 | INFO  | DNAudit | user=null | ip=null | op=WRITE_CHUNK {blockData=conID: 1 locID: 102651688664695275 bcsId: 0} | ret=SUCCESS |  
2019-08-20 22:34:24,353 | INFO  | DNAudit | user=null | ip=null | op=WRITE_CHUNK {blockData=conID: 1 locID: 102651688664695275 bcsId: 0} | ret=SUCCESS |  
2019-08-20 22:34:24,354 | INFO  | DNAudit | user=null | ip=null | op=WRITE_CHUNK {blockData=conID: 1 locID: 102651688664695275 bcsId: 0} | ret=SUCCESS |  
2019-08-20 22:34:24,354 | INFO  | DNAudit | user=null | ip=null | op=WRITE_CHUNK {blockData=conID: 1 locID: 102651688664695275 bcsId: 0} | ret=SUCCESS |  
2019-08-20 22:34:24,364 | INFO  | DNAudit | user=null | ip=null | op=WRITE_CHUNK {blockData=conID: 1 locID: 102651688664695275 bcsId: 0} | ret=SUCCESS |  
2019-08-20 22:34:24,364 | INFO  | DNAudit | user=null | ip=null | op=PUT_BLOCK {blockData=[blockId=conID: 1 locID: 102651688664695275 bcsId: 0,size=1048576]} | ret=SUCCESS |  
2019-08-20 22:34:24,364 [grpc-default-executor-3] INFO  client.GrpcClientProtocolClient (GrpcClientProtocolClient.java:onNext(255)) - client-391BA870FC40->947ec526-030f-41cc-8af7-a6f75e712ab0: receive RaftClientReply:client-391BA870FC40->947ec526-030f-41cc-8af7-a6f75e712ab0@group-5D45C35602B2, cid=1476, SUCCESS, logIndex=2112, commits[947ec526-030f-41cc-8af7-a6f75e712ab0:c2113, c447b9b6-dde2-4ce7-aa81-d0e2eddc8fe9:c2111, 28b540ac-241d-462a-a56c-509e92928066:c2111]
2019-08-20 22:34:24,364 [grpc-default-executor-3] INFO  client.GrpcClientProtocolClient (GrpcClientProtocolClient.java:onNext(255)) - client-391BA870FC40->947ec526-030f-41cc-8af7-a6f75e712ab0: receive RaftClientReply:client-391BA870FC40->947ec526-030f-41cc-8af7-a6f75e712ab0@group-5D45C35602B2, cid=1477, SUCCESS, logIndex=2113, commits[947ec526-030f-41cc-8af7-a6f75e712ab0:c2113, c447b9b6-dde2-4ce7-aa81-d0e2eddc8fe9:c2111, 28b540ac-241d-462a-a56c-509e92928066:c2111]
2019-08-20 22:34:24,374 | INFO  | DNAudit | user=null | ip=null | op=WRITE_CHUNK {blockData=conID: 1 locID: 102651688664695275 bcsId: 0} | ret=SUCCESS |  
2019-08-20 22:34:24,374 | INFO  | DNAudit | user=null | ip=null | op=PUT_BLOCK {blockData=[blockId=conID: 1 locID: 102651688664695275 bcsId: 0,size=2097152]} | ret=SUCCESS |  
2019-08-20 22:34:24,374 [grpc-default-executor-3] INFO  client.GrpcClientProtocolClient (GrpcClientProtocolClient.java:onNext(255)) - client-391BA870FC40->947ec526-030f-41cc-8af7-a6f75e712ab0: receive RaftClientReply:client-391BA870FC40->947ec526-030f-41cc-8af7-a6f75e712ab0@group-5D45C35602B2, cid=1478, SUCCESS, logIndex=2114, commits[947ec526-030f-41cc-8af7-a6f75e712ab0:c2115, c447b9b6-dde2-4ce7-aa81-d0e2eddc8fe9:c2111, 28b540ac-241d-462a-a56c-509e92928066:c2111]
2019-08-20 22:34:24,374 [grpc-default-executor-3] INFO  client.GrpcClientProtocolClient (GrpcClientProtocolClient.java:onNext(255)) - client-391BA870FC40->947ec526-030f-41cc-8af7-a6f75e712ab0: receive RaftClientReply:client-391BA870FC40->947ec526-030f-41cc-8af7-a6f75e712ab0@group-5D45C35602B2, cid=1479, SUCCESS, logIndex=2115, commits[947ec526-030f-41cc-8af7-a6f75e712ab0:c2115, c447b9b6-dde2-4ce7-aa81-d0e2eddc8fe9:c2111, 28b540ac-241d-462a-a56c-509e92928066:c2111]
2019-08-20 22:34:24,376 | INFO  | DNAudit | user=null | ip=null | op=WRITE_CHUNK {blockData=conID: 1 locID: 102651688664695275 bcsId: 0} | ret=SUCCESS |  
2019-08-20 22:34:24,388 | INFO  | DNAudit | user=null | ip=null | op=WRITE_CHUNK {blockData=conID: 1 locID: 102651688664695275 bcsId: 0} | ret=SUCCESS |  
2019-08-20 22:34:24,389 | INFO  | DNAudit | user=null | ip=null | op=PUT_BLOCK {blockData=[blockId=conID: 1 locID: 102651688664695275 bcsId: 0,size=1048576]} | ret=SUCCESS |  
2019-08-20 22:34:24,389 | INFO  | DNAudit | user=null | ip=null | op=PUT_BLOCK {blockData=[blockId=conID: 1 locID: 102651688664695275 bcsId: 0,size=1048576]} | ret=SUCCESS |  
2019-08-20 22:34:24,389 | INFO  | DNAudit | user=null | ip=null | op=WRITE_CHUNK {blockData=conID: 1 locID: 102651688664695275 bcsId: 0} | ret=SUCCESS |  
2019-08-20 22:34:24,389 | INFO  | DNAudit | user=null | ip=null | op=WRITE_CHUNK {blockData=conID: 1 locID: 102651688664695275 bcsId: 0} | ret=SUCCESS |  
2019-08-20 22:34:24,389 | INFO  | DNAudit | user=null | ip=null | op=PUT_BLOCK {blockData=[blockId=conID: 1 locID: 102651688664695275 bcsId: 0,size=2097152]} | ret=SUCCESS |  
2019-08-20 22:34:24,389 | INFO  | DNAudit | user=null | ip=null | op=PUT_BLOCK {blockData=[blockId=conID: 1 locID: 102651688664695275 bcsId: 0,size=2097152]} | ret=SUCCESS |  
2019-08-20 22:34:24,389 [grpc-default-executor-2] INFO  client.GrpcClientProtocolClient (GrpcClientProtocolClient.java:onNext(255)) - client-391BA870FC40->947ec526-030f-41cc-8af7-a6f75e712ab0: receive RaftClientReply:client-391BA870FC40->947ec526-030f-41cc-8af7-a6f75e712ab0@group-5D45C35602B2, cid=1480, SUCCESS, logIndex=0, commits[947ec526-030f-41cc-8af7-a6f75e712ab0:c2117, c447b9b6-dde2-4ce7-aa81-d0e2eddc8fe9:c2113, 28b540ac-241d-462a-a56c-509e92928066:c2115]
2019-08-20 22:34:24,395 | INFO  | DNAudit | user=null | ip=null | op=WRITE_CHUNK {blockData=conID: 1 locID: 102651688664695275 bcsId: 2115} | ret=SUCCESS |  
2019-08-20 22:34:24,397 | INFO  | DNAudit | user=null | ip=null | op=WRITE_CHUNK {blockData=conID: 1 locID: 102651688664695275 bcsId: 2115} | ret=SUCCESS |  
2019-08-20 22:34:24,397 | INFO  | DNAudit | user=null | ip=null | op=WRITE_CHUNK {blockData=conID: 1 locID: 102651688664695275 bcsId: 2115} | ret=SUCCESS |  
2019-08-20 22:34:24,412 | INFO  | DNAudit | user=null | ip=null | op=WRITE_CHUNK {blockData=conID: 1 locID: 102651688664695275 bcsId: 2115} | ret=SUCCESS |  
2019-08-20 22:34:24,413 | INFO  | DNAudit | user=null | ip=null | op=PUT_BLOCK {blockData=[blockId=conID: 1 locID: 102651688664695275 bcsId: 0,size=3145728]} | ret=SUCCESS |  
2019-08-20 22:34:24,413 [grpc-default-executor-3] INFO  client.GrpcClientProtocolClient (GrpcClientProtocolClient.java:onNext(255)) - client-391BA870FC40->947ec526-030f-41cc-8af7-a6f75e712ab0: receive RaftClientReply:client-391BA870FC40->947ec526-030f-41cc-8af7-a6f75e712ab0@group-5D45C35602B2, cid=1481, SUCCESS, logIndex=2119, commits[947ec526-030f-41cc-8af7-a6f75e712ab0:c2120, c447b9b6-dde2-4ce7-aa81-d0e2eddc8fe9:c2117, 28b540ac-241d-462a-a56c-509e92928066:c2117]
2019-08-20 22:34:24,414 [grpc-default-executor-3] INFO  client.GrpcClientProtocolClient (GrpcClientProtocolClient.java:onNext(255)) - client-391BA870FC40->947ec526-030f-41cc-8af7-a6f75e712ab0: receive RaftClientReply:client-391BA870FC40->947ec526-030f-41cc-8af7-a6f75e712ab0@group-5D45C35602B2, cid=1482, SUCCESS, logIndex=2120, commits[947ec526-030f-41cc-8af7-a6f75e712ab0:c2120, c447b9b6-dde2-4ce7-aa81-d0e2eddc8fe9:c2117, 28b540ac-241d-462a-a56c-509e92928066:c2117]
2019-08-20 22:34:24,419 | INFO  | DNAudit | user=null | ip=null | op=WRITE_CHUNK {blockData=conID: 1 locID: 102651688664695275 bcsId: 2120} | ret=SUCCESS |  
2019-08-20 22:34:24,421 | INFO  | DNAudit | user=null | ip=null | op=WRITE_CHUNK {blockData=conID: 1 locID: 102651688664695275 bcsId: 2120} | ret=SUCCESS |  
2019-08-20 22:34:24,421 | INFO  | DNAudit | user=null | ip=null | op=WRITE_CHUNK {blockData=conID: 1 locID: 102651688664695275 bcsId: 2120} | ret=SUCCESS |  
2019-08-20 22:34:24,424 | INFO  | DNAudit | user=null | ip=null | op=WRITE_CHUNK {blockData=conID: 1 locID: 102651688664695275 bcsId: 2115} | ret=SUCCESS |  
2019-08-20 22:34:24,424 | INFO  | DNAudit | user=null | ip=null | op=WRITE_CHUNK {blockData=conID: 1 locID: 102651688664695275 bcsId: 2115} | ret=SUCCESS |  
2019-08-20 22:34:24,425 | INFO  | DNAudit | user=null | ip=null | op=PUT_BLOCK {blockData=[blockId=conID: 1 locID: 102651688664695275 bcsId: 0,size=3145728]} | ret=SUCCESS |  
2019-08-20 22:34:24,425 | INFO  | DNAudit | user=null | ip=null | op=PUT_BLOCK {blockData=[blockId=conID: 1 locID: 102651688664695275 bcsId: 0,size=3145728]} | ret=SUCCESS |  
2019-08-20 22:34:24,435 | INFO  | DNAudit | user=null | ip=null | op=WRITE_CHUNK {blockData=conID: 1 locID: 102651688664695275 bcsId: 2120} | ret=SUCCESS |  
2019-08-20 22:34:24,435 | INFO  | DNAudit | user=null | ip=null | op=PUT_BLOCK {blockData=[blockId=conID: 1 locID: 102651688664695275 bcsId: 0,size=4194304]} | ret=SUCCESS |  
2019-08-20 22:34:24,436 [grpc-default-executor-3] INFO  client.GrpcClientProtocolClient (GrpcClientProtocolClient.java:onNext(255)) - client-391BA870FC40->947ec526-030f-41cc-8af7-a6f75e712ab0: receive RaftClientReply:client-391BA870FC40->947ec526-030f-41cc-8af7-a6f75e712ab0@group-5D45C35602B2, cid=1483, SUCCESS, logIndex=2123, commits[947ec526-030f-41cc-8af7-a6f75e712ab0:c2124, c447b9b6-dde2-4ce7-aa81-d0e2eddc8fe9:c2120, 28b540ac-241d-462a-a56c-509e92928066:c2120]
2019-08-20 22:34:24,436 [grpc-default-executor-3] INFO  client.GrpcClientProtocolClient (GrpcClientProtocolClient.java:onNext(255)) - client-391BA870FC40->947ec526-030f-41cc-8af7-a6f75e712ab0: receive RaftClientReply:client-391BA870FC40->947ec526-030f-41cc-8af7-a6f75e712ab0@group-5D45C35602B2, cid=1484, SUCCESS, logIndex=2124, commits[947ec526-030f-41cc-8af7-a6f75e712ab0:c2124, c447b9b6-dde2-4ce7-aa81-d0e2eddc8fe9:c2120, 28b540ac-241d-462a-a56c-509e92928066:c2120]
2019-08-20 22:34:24,621 | INFO  | SCMAudit | user=jenkins1000 | ip=192.168.5.142 | op=SEND_HEARTBEAT {datanodeUUID=d55cd342-4e6c-4701-86f3-cb557f3478dc, command=[]} | ret=SUCCESS |  
2019-08-20 22:34:25,161 | INFO  | SCMAudit | user=jenkins1000 | ip=192.168.5.142 | op=SEND_HEARTBEAT {datanodeUUID=c447b9b6-dde2-4ce7-aa81-d0e2eddc8fe9, command=[]} | ret=SUCCESS |  
2019-08-20 22:34:25,162 | INFO  | SCMAudit | user=jenkins1000 | ip=192.168.5.142 | op=SEND_HEARTBEAT {datanodeUUID=947ec526-030f-41cc-8af7-a6f75e712ab0, command=[]} | ret=SUCCESS |  
2019-08-20 22:34:25,162 | INFO  | SCMAudit | user=jenkins1000 | ip=192.168.5.142 | op=SEND_HEARTBEAT {datanodeUUID=eafd9314-3f13-422a-a2ac-adfcde2d7481, command=[]} | ret=SUCCESS |  
2019-08-20 22:34:25,163 | INFO  | SCMAudit | user=jenkins1000 | ip=192.168.5.142 | op=SEND_HEARTBEAT {datanodeUUID=28b540ac-241d-462a-a56c-509e92928066, command=[]} | ret=SUCCESS |  
 0.00% |█                                                                                                    |  0/1 Time: 0:00:142019-08-20 22:34:25,622 | INFO  | SCMAudit | user=jenkins1000 | ip=192.168.5.142 | op=SEND_HEARTBEAT {datanodeUUID=d55cd342-4e6c-4701-86f3-cb557f3478dc, command=[]} | ret=SUCCESS |  
2019-08-20 22:34:26,161 | INFO  | SCMAudit | user=jenkins1000 | ip=192.168.5.142 | op=SEND_HEARTBEAT {datanodeUUID=c447b9b6-dde2-4ce7-aa81-d0e2eddc8fe9, command=[]} | ret=SUCCESS |  
2019-08-20 22:34:26,162 | INFO  | SCMAudit | user=jenkins1000 | ip=192.168.5.142 | op=SEND_HEARTBEAT {datanodeUUID=947ec526-030f-41cc-8af7-a6f75e712ab0, command=[]} | ret=SUCCESS |  
2019-08-20 22:34:26,162 | INFO  | SCMAudit | user=jenkins1000 | ip=192.168.5.142 | op=SEND_HEARTBEAT {datanodeUUID=eafd9314-3f13-422a-a2ac-adfcde2d7481, command=[]} | ret=SUCCESS |  
2019-08-20 22:34:26,163 | INFO  | SCMAudit | user=jenkins1000 | ip=192.168.5.142 | op=SEND_HEARTBEAT {datanodeUUID=28b540ac-241d-462a-a56c-509e92928066, command=[]} | ret=SUCCESS |  
 0.00% |█                                                                                                    |  0/1 Time: 0:00:152019-08-20 22:34:26,623 | INFO  | SCMAudit | user=jenkins1000 | ip=192.168.5.142 | op=SEND_HEARTBEAT {datanodeUUID=d55cd342-4e6c-4701-86f3-cb557f3478dc, command=[]} | ret=SUCCESS |  
2019-08-20 22:34:26,939 | INFO  | DNAudit | user=null | ip=null | op=WRITE_CHUNK {blockData=conID: 1 locID: 102651688664695275 bcsId: 2120} | ret=SUCCESS |  
2019-08-20 22:34:26,939 | INFO  | DNAudit | user=null | ip=null | op=WRITE_CHUNK {blockData=conID: 1 locID: 102651688664695275 bcsId: 2120} | ret=SUCCESS |  
2019-08-20 22:34:26,940 | INFO  | DNAudit | user=null | ip=null | op=PUT_BLOCK {blockData=[blockId=conID: 1 locID: 102651688664695275 bcsId: 0,size=4194304]} | ret=SUCCESS |  
2019-08-20 22:34:26,940 | INFO  | DNAudit | user=null | ip=null | op=PUT_BLOCK {blockData=[blockId=conID: 1 locID: 102651688664695275 bcsId: 0,size=4194304]} | ret=SUCCESS |  
2019-08-20 22:34:26,940 [grpc-default-executor-3] INFO  client.GrpcClientProtocolClient (GrpcClientProtocolClient.java:onNext(255)) - client-391BA870FC40->947ec526-030f-41cc-8af7-a6f75e712ab0: receive RaftClientReply:client-391BA870FC40->947ec526-030f-41cc-8af7-a6f75e712ab0@group-5D45C35602B2, cid=1485, SUCCESS, logIndex=0, commits[947ec526-030f-41cc-8af7-a6f75e712ab0:c2126, c447b9b6-dde2-4ce7-aa81-d0e2eddc8fe9:c2126, 28b540ac-241d-462a-a56c-509e92928066:c2126]
2019-08-20 22:34:26,946 | INFO  | SCMAudit | user=jenkins1000 | ip=192.168.5.142 | op=ALLOCATE_BLOCK {owner=6f694d07-2a2f-44d9-8e1c-aaa094a2f647, size=4194304, type=RATIS, factor=THREE} | ret=SUCCESS |  
2019-08-20 22:34:26,951 | INFO  | OMAudit | user=jenkins1000 | ip=127.0.0.1 | op=ALLOCATE_BLOCK {volume=vol-0-80747, bucket=bucket-0-27686, key=key-0-47435, dataSize=0, replicationType=null, replicationFactor=null, keyLocationInfo=null, clientID=102651687805452690} | ret=SUCCESS |  
2019-08-20 22:34:26,961 | INFO  | DNAudit | user=null | ip=null | op=WRITE_CHUNK {blockData=conID: 2 locID: 102651688841773548 bcsId: 0} | ret=SUCCESS |  
2019-08-20 22:34:26,965 | INFO  | DNAudit | user=null | ip=null | op=WRITE_CHUNK {blockData=conID: 2 locID: 102651688841773548 bcsId: 0} | ret=SUCCESS |  
2019-08-20 22:34:26,966 | INFO  | DNAudit | user=null | ip=null | op=WRITE_CHUNK {blockData=conID: 2 locID: 102651688841773548 bcsId: 0} | ret=SUCCESS |  
2019-08-20 22:34:26,966 | INFO  | DNAudit | user=null | ip=null | op=WRITE_CHUNK {blockData=conID: 2 locID: 102651688841773548 bcsId: 0} | ret=SUCCESS |  
2019-08-20 22:34:26,968 | INFO  | DNAudit | user=null | ip=null | op=WRITE_CHUNK {blockData=conID: 2 locID: 102651688841773548 bcsId: 0} | ret=SUCCESS |  
2019-08-20 22:34:26,968 | INFO  | DNAudit | user=null | ip=null | op=WRITE_CHUNK {blockData=conID: 2 locID: 102651688841773548 bcsId: 0} | ret=SUCCESS |  
2019-08-20 22:34:26,976 | INFO  | DNAudit | user=null | ip=null | op=WRITE_CHUNK {blockData=conID: 2 locID: 102651688841773548 bcsId: 0} | ret=SUCCESS |  
2019-08-20 22:34:26,976 | INFO  | DNAudit | user=null | ip=null | op=PUT_BLOCK {blockData=[blockId=conID: 2 locID: 102651688841773548 bcsId: 0,size=1048576]} | ret=SUCCESS |  
2019-08-20 22:34:26,977 [grpc-default-executor-3] INFO  client.GrpcClientProtocolClient (GrpcClientProtocolClient.java:onNext(255)) - client-391BA870FC40->947ec526-030f-41cc-8af7-a6f75e712ab0: receive RaftClientReply:client-391BA870FC40->947ec526-030f-41cc-8af7-a6f75e712ab0@group-5D45C35602B2, cid=1486, SUCCESS, logIndex=2127, commits[947ec526-030f-41cc-8af7-a6f75e712ab0:c2128, c447b9b6-dde2-4ce7-aa81-d0e2eddc8fe9:c2126, 28b540ac-241d-462a-a56c-509e92928066:c2126]
2019-08-20 22:34:26,977 [grpc-default-executor-3] INFO  client.GrpcClientProtocolClient (GrpcClientProtocolClient.java:onNext(255)) - client-391BA870FC40->947ec526-030f-41cc-8af7-a6f75e712ab0: receive RaftClientReply:client-391BA870FC40->947ec526-030f-41cc-8af7-a6f75e712ab0@group-5D45C35602B2, cid=1487, SUCCESS, logIndex=2128, commits[947ec526-030f-41cc-8af7-a6f75e712ab0:c2128, c447b9b6-dde2-4ce7-aa81-d0e2eddc8fe9:c2126, 28b540ac-241d-462a-a56c-509e92928066:c2126]
2019-08-20 22:34:26,984 | INFO  | DNAudit | user=null | ip=null | op=WRITE_CHUNK {blockData=conID: 2 locID: 102651688841773548 bcsId: 0} | ret=SUCCESS |  
2019-08-20 22:34:26,985 | INFO  | DNAudit | user=null | ip=null | op=PUT_BLOCK {blockData=[blockId=conID: 2 locID: 102651688841773548 bcsId: 0,size=2097152]} | ret=SUCCESS |  
2019-08-20 22:34:26,985 [grpc-default-executor-3] INFO  client.GrpcClientProtocolClient (GrpcClientProtocolClient.java:onNext(255)) - client-391BA870FC40->947ec526-030f-41cc-8af7-a6f75e712ab0: receive RaftClientReply:client-391BA870FC40->947ec526-030f-41cc-8af7-a6f75e712ab0@group-5D45C35602B2, cid=1488, SUCCESS, logIndex=2129, commits[947ec526-030f-41cc-8af7-a6f75e712ab0:c2130, c447b9b6-dde2-4ce7-aa81-d0e2eddc8fe9:c2126, 28b540ac-241d-462a-a56c-509e92928066:c2126]
2019-08-20 22:34:26,985 [grpc-default-executor-3] INFO  client.GrpcClientProtocolClient (GrpcClientProtocolClient.java:onNext(255)) - client-391BA870FC40->947ec526-030f-41cc-8af7-a6f75e712ab0: receive RaftClientReply:client-391BA870FC40->947ec526-030f-41cc-8af7-a6f75e712ab0@group-5D45C35602B2, cid=1489, SUCCESS, logIndex=2130, commits[947ec526-030f-41cc-8af7-a6f75e712ab0:c2130, c447b9b6-dde2-4ce7-aa81-d0e2eddc8fe9:c2126, 28b540ac-241d-462a-a56c-509e92928066:c2126]
2019-08-20 22:34:26,987 | INFO  | DNAudit | user=null | ip=null | op=WRITE_CHUNK {blockData=conID: 2 locID: 102651688841773548 bcsId: 0} | ret=SUCCESS |  
2019-08-20 22:34:26,987 | INFO  | DNAudit | user=null | ip=null | op=WRITE_CHUNK {blockData=conID: 2 locID: 102651688841773548 bcsId: 0} | ret=SUCCESS |  
2019-08-20 22:34:26,990 | INFO  | DNAudit | user=null | ip=null | op=PUT_BLOCK {blockData=[blockId=conID: 2 locID: 102651688841773548 bcsId: 0,size=1048576]} | ret=SUCCESS |  
2019-08-20 22:34:26,990 | INFO  | DNAudit | user=null | ip=null | op=PUT_BLOCK {blockData=[blockId=conID: 2 locID: 102651688841773548 bcsId: 0,size=1048576]} | ret=SUCCESS |  
2019-08-20 22:34:26,990 | INFO  | DNAudit | user=null | ip=null | op=WRITE_CHUNK {blockData=conID: 2 locID: 102651688841773548 bcsId: 0} | ret=SUCCESS |  
2019-08-20 22:34:26,990 | INFO  | DNAudit | user=null | ip=null | op=WRITE_CHUNK {blockData=conID: 2 locID: 102651688841773548 bcsId: 0} | ret=SUCCESS |  
2019-08-20 22:34:26,990 | INFO  | DNAudit | user=null | ip=null | op=PUT_BLOCK {blockData=[blockId=conID: 2 locID: 102651688841773548 bcsId: 0,size=2097152]} | ret=SUCCESS |  
2019-08-20 22:34:26,991 [grpc-default-executor-4] INFO  client.GrpcClientProtocolClient (GrpcClientProtocolClient.java:onNext(255)) - client-391BA870FC40->947ec526-030f-41cc-8af7-a6f75e712ab0: receive RaftClientReply:client-391BA870FC40->947ec526-030f-41cc-8af7-a6f75e712ab0@group-5D45C35602B2, cid=1490, SUCCESS, logIndex=0, commits[947ec526-030f-41cc-8af7-a6f75e712ab0:c2131, c447b9b6-dde2-4ce7-aa81-d0e2eddc8fe9:c2128, 28b540ac-241d-462a-a56c-509e92928066:c2128]
2019-08-20 22:34:26,991 | INFO  | DNAudit | user=null | ip=null | op=PUT_BLOCK {blockData=[blockId=conID: 2 locID: 102651688841773548 bcsId: 0,size=2097152]} | ret=SUCCESS |  
2019-08-20 22:34:26,998 | INFO  | DNAudit | user=null | ip=null | op=WRITE_CHUNK {blockData=conID: 2 locID: 102651688841773548 bcsId: 2130} | ret=SUCCESS |  
2019-08-20 22:34:27,001 | INFO  | DNAudit | user=null | ip=null | op=WRITE_CHUNK {blockData=conID: 2 locID: 102651688841773548 bcsId: 2130} | ret=SUCCESS |  
2019-08-20 22:34:27,001 | INFO  | DNAudit | user=null | ip=null | op=WRITE_CHUNK {blockData=conID: 2 locID: 102651688841773548 bcsId: 2130} | ret=SUCCESS |  
2019-08-20 22:34:27,012 | INFO  | DNAudit | user=null | ip=null | op=WRITE_CHUNK {blockData=conID: 2 locID: 102651688841773548 bcsId: 2130} | ret=SUCCESS |  
2019-08-20 22:34:27,013 | INFO  | DNAudit | user=null | ip=null | op=PUT_BLOCK {blockData=[blockId=conID: 2 locID: 102651688841773548 bcsId: 0,size=3145728]} | ret=SUCCESS |  
2019-08-20 22:34:27,013 [grpc-default-executor-2] INFO  client.GrpcClientProtocolClient (GrpcClientProtocolClient.java:onNext(255)) - client-391BA870FC40->947ec526-030f-41cc-8af7-a6f75e712ab0: receive RaftClientReply:client-391BA870FC40->947ec526-030f-41cc-8af7-a6f75e712ab0@group-5D45C35602B2, cid=1491, SUCCESS, logIndex=2134, commits[947ec526-030f-41cc-8af7-a6f75e712ab0:c2135, c447b9b6-dde2-4ce7-aa81-d0e2eddc8fe9:c2133, 28b540ac-241d-462a-a56c-509e92928066:c2133]
2019-08-20 22:34:27,013 [grpc-default-executor-2] INFO  client.GrpcClientProtocolClient (GrpcClientProtocolClient.java:onNext(255)) - client-391BA870FC40->947ec526-030f-41cc-8af7-a6f75e712ab0: receive RaftClientReply:client-391BA870FC40->947ec526-030f-41cc-8af7-a6f75e712ab0@group-5D45C35602B2, cid=1492, SUCCESS, logIndex=2135, commits[947ec526-030f-41cc-8af7-a6f75e712ab0:c2135, c447b9b6-dde2-4ce7-aa81-d0e2eddc8fe9:c2133, 28b540ac-241d-462a-a56c-509e92928066:c2133]
2019-08-20 22:34:27,020 | INFO  | DNAudit | user=null | ip=null | op=WRITE_CHUNK {blockData=conID: 2 locID: 102651688841773548 bcsId: 2135} | ret=SUCCESS |  
2019-08-20 22:34:27,023 | INFO  | DNAudit | user=null | ip=null | op=WRITE_CHUNK {blockData=conID: 2 locID: 102651688841773548 bcsId: 2135} | ret=SUCCESS |  
2019-08-20 22:34:27,023 | INFO  | DNAudit | user=null | ip=null | op=WRITE_CHUNK {blockData=conID: 2 locID: 102651688841773548 bcsId: 2135} | ret=SUCCESS |  
2019-08-20 22:34:27,031 | INFO  | DNAudit | user=null | ip=null | op=WRITE_CHUNK {blockData=conID: 2 locID: 102651688841773548 bcsId: 2130} | ret=SUCCESS |  
2019-08-20 22:34:27,031 | INFO  | DNAudit | user=null | ip=null | op=WRITE_CHUNK {blockData=conID: 2 locID: 102651688841773548 bcsId: 2130} | ret=SUCCESS |  
2019-08-20 22:34:27,031 | INFO  | DNAudit | user=null | ip=null | op=PUT_BLOCK {blockData=[blockId=conID: 2 locID: 102651688841773548 bcsId: 0,size=3145728]} | ret=SUCCESS |  
2019-08-20 22:34:27,034 | INFO  | DNAudit | user=null | ip=null | op=PUT_BLOCK {blockData=[blockId=conID: 2 locID: 102651688841773548 bcsId: 0,size=3145728]} | ret=SUCCESS |  
2019-08-20 22:34:27,034 | INFO  | DNAudit | user=null | ip=null | op=WRITE_CHUNK {blockData=conID: 2 locID: 102651688841773548 bcsId: 2135} | ret=SUCCESS |  
2019-08-20 22:34:27,035 | INFO  | DNAudit | user=null | ip=null | op=PUT_BLOCK {blockData=[blockId=conID: 2 locID: 102651688841773548 bcsId: 0,size=4194304]} | ret=SUCCESS |  
2019-08-20 22:34:27,035 [grpc-default-executor-3] INFO  client.GrpcClientProtocolClient (GrpcClientProtocolClient.java:onNext(255)) - client-391BA870FC40->947ec526-030f-41cc-8af7-a6f75e712ab0: receive RaftClientReply:client-391BA870FC40->947ec526-030f-41cc-8af7-a6f75e712ab0@group-5D45C35602B2, cid=1493, SUCCESS, logIndex=2138, commits[947ec526-030f-41cc-8af7-a6f75e712ab0:c2139, c447b9b6-dde2-4ce7-aa81-d0e2eddc8fe9:c2135, 28b540ac-241d-462a-a56c-509e92928066:c2135]
2019-08-20 22:34:27,035 [grpc-default-executor-3] INFO  client.GrpcClientProtocolClient (GrpcClientProtocolClient.java:onNext(255)) - client-391BA870FC40->947ec526-030f-41cc-8af7-a6f75e712ab0: receive RaftClientReply:client-391BA870FC40->947ec526-030f-41cc-8af7-a6f75e712ab0@group-5D45C35602B2, cid=1494, SUCCESS, logIndex=2139, commits[947ec526-030f-41cc-8af7-a6f75e712ab0:c2139, c447b9b6-dde2-4ce7-aa81-d0e2eddc8fe9:c2135, 28b540ac-241d-462a-a56c-509e92928066:c2135]
2019-08-20 22:34:27,046 | INFO  | DNAudit | user=null | ip=null | op=WRITE_CHUNK {blockData=conID: 2 locID: 102651688841773548 bcsId: 2135} | ret=SUCCESS |  
2019-08-20 22:34:27,046 | INFO  | DNAudit | user=null | ip=null | op=WRITE_CHUNK {blockData=conID: 2 locID: 102651688841773548 bcsId: 2135} | ret=SUCCESS |  
2019-08-20 22:34:27,047 | INFO  | DNAudit | user=null | ip=null | op=PUT_BLOCK {blockData=[blockId=conID: 2 locID: 102651688841773548 bcsId: 0,size=4194304]} | ret=SUCCESS |  
2019-08-20 22:34:27,049 | INFO  | DNAudit | user=null | ip=null | op=PUT_BLOCK {blockData=[blockId=conID: 2 locID: 102651688841773548 bcsId: 0,size=4194304]} | ret=SUCCESS |  
2019-08-20 22:34:27,050 [grpc-default-executor-3] INFO  client.GrpcClientProtocolClient (GrpcClientProtocolClient.java:onNext(255)) - client-391BA870FC40->947ec526-030f-41cc-8af7-a6f75e712ab0: receive RaftClientReply:client-391BA870FC40->947ec526-030f-41cc-8af7-a6f75e712ab0@group-5D45C35602B2, cid=1495, SUCCESS, logIndex=0, commits[947ec526-030f-41cc-8af7-a6f75e712ab0:c2141, c447b9b6-dde2-4ce7-aa81-d0e2eddc8fe9:c2139, 28b540ac-241d-462a-a56c-509e92928066:c2139]
2019-08-20 22:34:27,054 | INFO  | SCMAudit | user=jenkins1000 | ip=192.168.5.142 | op=ALLOCATE_BLOCK {owner=6f694d07-2a2f-44d9-8e1c-aaa094a2f647, size=4194304, type=RATIS, factor=THREE} | ret=SUCCESS |  
2019-08-20 22:34:27,057 | INFO  | OMAudit | user=jenkins1000 | ip=127.0.0.1 | op=ALLOCATE_BLOCK {volume=vol-0-80747, bucket=bucket-0-27686, key=key-0-47435, dataSize=0, replicationType=null, replicationFactor=null, keyLocationInfo=null, clientID=102651687805452690} | ret=SUCCESS |  
2019-08-20 22:34:27,065 | INFO  | DNAudit | user=null | ip=null | op=WRITE_CHUNK {blockData=conID: 3 locID: 102651688848851437 bcsId: 0} | ret=SUCCESS |  
2019-08-20 22:34:27,068 | INFO  | DNAudit | user=null | ip=null | op=WRITE_CHUNK {blockData=conID: 3 locID: 102651688848851437 bcsId: 0} | ret=SUCCESS |  
2019-08-20 22:34:27,069 | INFO  | DNAudit | user=null | ip=null | op=WRITE_CHUNK {blockData=conID: 3 locID: 102651688848851437 bcsId: 0} | ret=SUCCESS |  
2019-08-20 22:34:27,069 | INFO  | DNAudit | user=null | ip=null | op=WRITE_CHUNK {blockData=conID: 3 locID: 102651688848851437 bcsId: 0} | ret=SUCCESS |  
2019-08-20 22:34:27,070 | INFO  | DNAudit | user=null | ip=null | op=WRITE_CHUNK {blockData=conID: 3 locID: 102651688848851437 bcsId: 0} | ret=SUCCESS |  
2019-08-20 22:34:27,071 | INFO  | DNAudit | user=null | ip=null | op=WRITE_CHUNK {blockData=conID: 3 locID: 102651688848851437 bcsId: 0} | ret=SUCCESS |  
2019-08-20 22:34:27,078 | INFO  | DNAudit | user=null | ip=null | op=WRITE_CHUNK {blockData=conID: 3 locID: 102651688848851437 bcsId: 0} | ret=SUCCESS |  
2019-08-20 22:34:27,078 | INFO  | DNAudit | user=null | ip=null | op=PUT_BLOCK {blockData=[blockId=conID: 3 locID: 102651688848851437 bcsId: 0,size=1048576]} | ret=SUCCESS |  
2019-08-20 22:34:27,079 | INFO  | DNAudit | user=null | ip=null | op=WRITE_CHUNK {blockData=conID: 3 locID: 102651688848851437 bcsId: 0} | ret=SUCCESS |  
2019-08-20 22:34:27,079 [grpc-default-executor-2] INFO  client.GrpcClientProtocolClient (GrpcClientProtocolClient.java:onNext(255)) - client-391BA870FC40->947ec526-030f-41cc-8af7-a6f75e712ab0: receive RaftClientReply:client-391BA870FC40->947ec526-030f-41cc-8af7-a6f75e712ab0@group-5D45C35602B2, cid=1496, SUCCESS, logIndex=2142, commits[947ec526-030f-41cc-8af7-a6f75e712ab0:c2143, c447b9b6-dde2-4ce7-aa81-d0e2eddc8fe9:c2141, 28b540ac-241d-462a-a56c-509e92928066:c2141]
2019-08-20 22:34:27,079 | INFO  | DNAudit | user=null | ip=null | op=PUT_BLOCK {blockData=[blockId=conID: 3 locID: 102651688848851437 bcsId: 0,size=2097152]} | ret=SUCCESS |  
2019-08-20 22:34:27,079 [grpc-default-executor-2] INFO  client.GrpcClientProtocolClient (GrpcClientProtocolClient.java:onNext(255)) - client-391BA870FC40->947ec526-030f-41cc-8af7-a6f75e712ab0: receive RaftClientReply:client-391BA870FC40->947ec526-030f-41cc-8af7-a6f75e712ab0@group-5D45C35602B2, cid=1497, SUCCESS, logIndex=2143, commits[947ec526-030f-41cc-8af7-a6f75e712ab0:c2145, c447b9b6-dde2-4ce7-aa81-d0e2eddc8fe9:c2141, 28b540ac-241d-462a-a56c-509e92928066:c2141]
2019-08-20 22:34:27,080 [grpc-default-executor-2] INFO  client.GrpcClientProtocolClient (GrpcClientProtocolClient.java:onNext(255)) - client-391BA870FC40->947ec526-030f-41cc-8af7-a6f75e712ab0: receive RaftClientReply:client-391BA870FC40->947ec526-030f-41cc-8af7-a6f75e712ab0@group-5D45C35602B2, cid=1498, SUCCESS, logIndex=2144, commits[947ec526-030f-41cc-8af7-a6f75e712ab0:c2145, c447b9b6-dde2-4ce7-aa81-d0e2eddc8fe9:c2141, 28b540ac-241d-462a-a56c-509e92928066:c2141]
2019-08-20 22:34:27,080 [grpc-default-executor-2] INFO  client.GrpcClientProtocolClient (GrpcClientProtocolClient.java:onNext(255)) - client-391BA870FC40->947ec526-030f-41cc-8af7-a6f75e712ab0: receive RaftClientReply:client-391BA870FC40->947ec526-030f-41cc-8af7-a6f75e712ab0@group-5D45C35602B2, cid=1499, SUCCESS, logIndex=2145, commits[947ec526-030f-41cc-8af7-a6f75e712ab0:c2145, c447b9b6-dde2-4ce7-aa81-d0e2eddc8fe9:c2141, 28b540ac-241d-462a-a56c-509e92928066:c2141]
2019-08-20 22:34:27,081 | INFO  | DNAudit | user=null | ip=null | op=WRITE_CHUNK {blockData=conID: 3 locID: 102651688848851437 bcsId: 0} | ret=SUCCESS |  
2019-08-20 22:34:27,082 | INFO  | DNAudit | user=null | ip=null | op=WRITE_CHUNK {blockData=conID: 3 locID: 102651688848851437 bcsId: 0} | ret=SUCCESS |  
2019-08-20 22:34:27,082 | INFO  | DNAudit | user=null | ip=null | op=PUT_BLOCK {blockData=[blockId=conID: 3 locID: 102651688848851437 bcsId: 0,size=1048576]} | ret=SUCCESS |  
2019-08-20 22:34:27,084 | INFO  | DNAudit | user=null | ip=null | op=PUT_BLOCK {blockData=[blockId=conID: 3 locID: 102651688848851437 bcsId: 0,size=1048576]} | ret=SUCCESS |  
2019-08-20 22:34:27,084 | INFO  | DNAudit | user=null | ip=null | op=WRITE_CHUNK {blockData=conID: 3 locID: 102651688848851437 bcsId: 0} | ret=SUCCESS |  
2019-08-20 22:34:27,085 | INFO  | DNAudit | user=null | ip=null | op=PUT_BLOCK {blockData=[blockId=conID: 3 locID: 102651688848851437 bcsId: 0,size=2097152]} | ret=SUCCESS |  
2019-08-20 22:34:27,084 [grpc-default-executor-3] INFO  client.GrpcClientProtocolClient (GrpcClientProtocolClient.java:onNext(255)) - client-391BA870FC40->947ec526-030f-41cc-8af7-a6f75e712ab0: receive RaftClientReply:client-391BA870FC40->947ec526-030f-41cc-8af7-a6f75e712ab0@group-5D45C35602B2, cid=1500, SUCCESS, logIndex=0, commits[947ec526-030f-41cc-8af7-a6f75e712ab0:c2147, c447b9b6-dde2-4ce7-aa81-d0e2eddc8fe9:c2143, 28b540ac-241d-462a-a56c-509e92928066:c2143]
2019-08-20 22:34:27,085 | INFO  | DNAudit | user=null | ip=null | op=WRITE_CHUNK {blockData=conID: 3 locID: 102651688848851437 bcsId: 0} | ret=SUCCESS |  
2019-08-20 22:34:27,085 | INFO  | DNAudit | user=null | ip=null | op=PUT_BLOCK {blockData=[blockId=conID: 3 locID: 102651688848851437 bcsId: 0,size=2097152]} | ret=SUCCESS |  
2019-08-20 22:34:27,092 | INFO  | DNAudit | user=null | ip=null | op=WRITE_CHUNK {blockData=conID: 3 locID: 102651688848851437 bcsId: 2145} | ret=SUCCESS |  
2019-08-20 22:34:27,094 | INFO  | DNAudit | user=null | ip=null | op=WRITE_CHUNK {blockData=conID: 3 locID: 102651688848851437 bcsId: 2145} | ret=SUCCESS |  
2019-08-20 22:34:27,097 | INFO  | DNAudit | user=null | ip=null | op=WRITE_CHUNK {blockData=conID: 3 locID: 102651688848851437 bcsId: 2145} | ret=SUCCESS |  
2019-08-20 22:34:27,097 | INFO  | DNAudit | user=null | ip=null | op=PUT_BLOCK {blockData=[blockId=conID: 3 locID: 102651688848851437 bcsId: 0,size=3145728]} | ret=SUCCESS |  
2019-08-20 22:34:27,098 [grpc-default-executor-3] INFO  client.GrpcClientProtocolClient (GrpcClientProtocolClient.java:onNext(255)) - client-391BA870FC40->947ec526-030f-41cc-8af7-a6f75e712ab0: receive RaftClientReply:client-391BA870FC40->947ec526-030f-41cc-8af7-a6f75e712ab0@group-5D45C35602B2, cid=1501, SUCCESS, logIndex=2150, commits[947ec526-030f-41cc-8af7-a6f75e712ab0:c2151, c447b9b6-dde2-4ce7-aa81-d0e2eddc8fe9:c2145, 28b540ac-241d-462a-a56c-509e92928066:c2149]
2019-08-20 22:34:27,098 | INFO  | DNAudit | user=null | ip=null | op=WRITE_CHUNK {blockData=conID: 3 locID: 102651688848851437 bcsId: 2145} | ret=SUCCESS |  
2019-08-20 22:34:27,098 [grpc-default-executor-3] INFO  client.GrpcClientProtocolClient (GrpcClientProtocolClient.java:onNext(255)) - client-391BA870FC40->947ec526-030f-41cc-8af7-a6f75e712ab0: receive RaftClientReply:client-391BA870FC40->947ec526-030f-41cc-8af7-a6f75e712ab0@group-5D45C35602B2, cid=1502, SUCCESS, logIndex=2151, commits[947ec526-030f-41cc-8af7-a6f75e712ab0:c2151, c447b9b6-dde2-4ce7-aa81-d0e2eddc8fe9:c2145, 28b540ac-241d-462a-a56c-509e92928066:c2149]
2019-08-20 22:34:27,099 | INFO  | DNAudit | user=null | ip=null | op=WRITE_CHUNK {blockData=conID: 3 locID: 102651688848851437 bcsId: 2145} | ret=SUCCESS |  
2019-08-20 22:34:27,099 | INFO  | DNAudit | user=null | ip=null | op=PUT_BLOCK {blockData=[blockId=conID: 3 locID: 102651688848851437 bcsId: 0,size=3145728]} | ret=SUCCESS |  
2019-08-20 22:34:27,102 | INFO  | DNAudit | user=null | ip=null | op=WRITE_CHUNK {blockData=conID: 3 locID: 102651688848851437 bcsId: 2145} | ret=SUCCESS |  
2019-08-20 22:34:27,102 | INFO  | DNAudit | user=null | ip=null | op=PUT_BLOCK {blockData=[blockId=conID: 3 locID: 102651688848851437 bcsId: 0,size=3145728]} | ret=SUCCESS |  
2019-08-20 22:34:27,106 | INFO  | DNAudit | user=null | ip=null | op=WRITE_CHUNK {blockData=conID: 3 locID: 102651688848851437 bcsId: 2151} | ret=SUCCESS |  
2019-08-20 22:34:27,108 | INFO  | DNAudit | user=null | ip=null | op=WRITE_CHUNK {blockData=conID: 3 locID: 102651688848851437 bcsId: 2151} | ret=SUCCESS |  
2019-08-20 22:34:27,108 | INFO  | DNAudit | user=null | ip=null | op=WRITE_CHUNK {blockData=conID: 3 locID: 102651688848851437 bcsId: 2151} | ret=SUCCESS |  
2019-08-20 22:34:27,126 | INFO  | DNAudit | user=null | ip=null | op=WRITE_CHUNK {blockData=conID: 3 locID: 102651688848851437 bcsId: 2151} | ret=SUCCESS |  
2019-08-20 22:34:27,126 | INFO  | DNAudit | user=null | ip=null | op=PUT_BLOCK {blockData=[blockId=conID: 3 locID: 102651688848851437 bcsId: 0,size=4194304]} | ret=SUCCESS |  
2019-08-20 22:34:27,127 [grpc-default-executor-2] INFO  client.GrpcClientProtocolClient (GrpcClientProtocolClient.java:onNext(255)) - client-391BA870FC40->947ec526-030f-41cc-8af7-a6f75e712ab0: receive RaftClientReply:client-391BA870FC40->947ec526-030f-41cc-8af7-a6f75e712ab0@group-5D45C35602B2, cid=1503, SUCCESS, logIndex=2153, commits[947ec526-030f-41cc-8af7-a6f75e712ab0:c2154, c447b9b6-dde2-4ce7-aa81-d0e2eddc8fe9:c2152, 28b540ac-241d-462a-a56c-509e92928066:c2152]
2019-08-20 22:34:27,127 [grpc-default-executor-2] INFO  client.GrpcClientProtocolClient (GrpcClientProtocolClient.java:onNext(255)) - client-391BA870FC40->947ec526-030f-41cc-8af7-a6f75e712ab0: receive RaftClientReply:client-391BA870FC40->947ec526-030f-41cc-8af7-a6f75e712ab0@group-5D45C35602B2, cid=1504, SUCCESS, logIndex=2154, commits[947ec526-030f-41cc-8af7-a6f75e712ab0:c2154, c447b9b6-dde2-4ce7-aa81-d0e2eddc8fe9:c2152, 28b540ac-241d-462a-a56c-509e92928066:c2152]
2019-08-20 22:34:27,137 | INFO  | DNAudit | user=null | ip=null | op=WRITE_CHUNK {blockData=conID: 3 locID: 102651688848851437 bcsId: 2151} | ret=SUCCESS |  
2019-08-20 22:34:27,138 | INFO  | DNAudit | user=null | ip=null | op=WRITE_CHUNK {blockData=conID: 3 locID: 102651688848851437 bcsId: 2151} | ret=SUCCESS |  
2019-08-20 22:34:27,140 | INFO  | DNAudit | user=null | ip=null | op=PUT_BLOCK {blockData=[blockId=conID: 3 locID: 102651688848851437 bcsId: 0,size=4194304]} | ret=SUCCESS |  
2019-08-20 22:34:27,141 | INFO  | DNAudit | user=null | ip=null | op=PUT_BLOCK {blockData=[blockId=conID: 3 locID: 102651688848851437 bcsId: 0,size=4194304]} | ret=SUCCESS |  
2019-08-20 22:34:27,142 [grpc-default-executor-3] INFO  client.GrpcClientProtocolClient (GrpcClientProtocolClient.java:onNext(255)) - client-391BA870FC40->947ec526-030f-41cc-8af7-a6f75e712ab0: receive RaftClientReply:client-391BA870FC40->947ec526-030f-41cc-8af7-a6f75e712ab0@group-5D45C35602B2, cid=1505, SUCCESS, logIndex=0, commits[947ec526-030f-41cc-8af7-a6f75e712ab0:c2155, c447b9b6-dde2-4ce7-aa81-d0e2eddc8fe9:c2154, 28b540ac-241d-462a-a56c-509e92928066:c2154]
2019-08-20 22:34:27,148 | INFO  | SCMAudit | user=jenkins1000 | ip=192.168.5.142 | op=ALLOCATE_BLOCK {owner=6f694d07-2a2f-44d9-8e1c-aaa094a2f647, size=4194304, type=RATIS, factor=THREE} | ret=SUCCESS |  
2019-08-20 22:34:27,153 | INFO  | OMAudit | user=jenkins1000 | ip=127.0.0.1 | op=ALLOCATE_BLOCK {volume=vol-0-80747, bucket=bucket-0-27686, key=key-0-47435, dataSize=0, replicationType=null, replicationFactor=null, keyLocationInfo=null, clientID=102651687805452690} | ret=SUCCESS |  
2019-08-20 22:34:27,161 | INFO  | DNAudit | user=null | ip=null | op=WRITE_CHUNK {blockData=conID: 1 locID: 102651688855011822 bcsId: 0} | ret=SUCCESS |  
2019-08-20 22:34:27,161 | INFO  | SCMAudit | user=jenkins1000 | ip=192.168.5.142 | op=SEND_HEARTBEAT {datanodeUUID=c447b9b6-dde2-4ce7-aa81-d0e2eddc8fe9, command=[]} | ret=SUCCESS |  
2019-08-20 22:34:27,162 | INFO  | SCMAudit | user=jenkins1000 | ip=192.168.5.142 | op=SEND_HEARTBEAT {datanodeUUID=eafd9314-3f13-422a-a2ac-adfcde2d7481, command=[]} | ret=SUCCESS |  
2019-08-20 22:34:27,162 | INFO  | SCMAudit | user=jenkins1000 | ip=192.168.5.142 | op=SEND_HEARTBEAT {datanodeUUID=947ec526-030f-41cc-8af7-a6f75e712ab0, command=[]} | ret=SUCCESS |  
2019-08-20 22:34:27,163 | INFO  | SCMAudit | user=jenkins1000 | ip=192.168.5.142 | op=SEND_HEARTBEAT {datanodeUUID=28b540ac-241d-462a-a56c-509e92928066, command=[]} | ret=SUCCESS |  
2019-08-20 22:34:27,164 | INFO  | DNAudit | user=null | ip=null | op=WRITE_CHUNK {blockData=conID: 1 locID: 102651688855011822 bcsId: 0} | ret=SUCCESS |  
2019-08-20 22:34:27,164 | INFO  | DNAudit | user=null | ip=null | op=WRITE_CHUNK {blockData=conID: 1 locID: 102651688855011822 bcsId: 0} | ret=SUCCESS |  
2019-08-20 22:34:27,165 | INFO  | DNAudit | user=null | ip=null | op=WRITE_CHUNK {blockData=conID: 1 locID: 102651688855011822 bcsId: 0} | ret=SUCCESS |  
 0.00% |█                                                                                                    |  0/1 Time: 0:00:162019-08-20 22:34:27,167 | INFO  | DNAudit | user=null | ip=null | op=WRITE_CHUNK {blockData=conID: 1 locID: 102651688855011822 bcsId: 0} | ret=SUCCESS |  
2019-08-20 22:34:27,167 | INFO  | DNAudit | user=null | ip=null | op=WRITE_CHUNK {blockData=conID: 1 locID: 102651688855011822 bcsId: 0} | ret=SUCCESS |  
2019-08-20 22:34:27,174 | INFO  | DNAudit | user=null | ip=null | op=WRITE_CHUNK {blockData=conID: 1 locID: 102651688855011822 bcsId: 0} | ret=SUCCESS |  
2019-08-20 22:34:27,175 | INFO  | DNAudit | user=null | ip=null | op=PUT_BLOCK {blockData=[blockId=conID: 1 locID: 102651688855011822 bcsId: 0,size=1048576]} | ret=SUCCESS |  
2019-08-20 22:34:27,175 [grpc-default-executor-4] INFO  client.GrpcClientProtocolClient (GrpcClientProtocolClient.java:onNext(255)) - client-391BA870FC40->947ec526-030f-41cc-8af7-a6f75e712ab0: receive RaftClientReply:client-391BA870FC40->947ec526-030f-41cc-8af7-a6f75e712ab0@group-5D45C35602B2, cid=1506, SUCCESS, logIndex=2157, commits[947ec526-030f-41cc-8af7-a6f75e712ab0:c2158, c447b9b6-dde2-4ce7-aa81-d0e2eddc8fe9:c2156, 28b540ac-241d-462a-a56c-509e92928066:c2156]
2019-08-20 22:34:27,175 [grpc-default-executor-4] INFO  client.GrpcClientProtocolClient (GrpcClientProtocolClient.java:onNext(255)) - client-391BA870FC40->947ec526-030f-41cc-8af7-a6f75e712ab0: receive RaftClientReply:client-391BA870FC40->947ec526-030f-41cc-8af7-a6f75e712ab0@group-5D45C35602B2, cid=1507, SUCCESS, logIndex=2158, commits[947ec526-030f-41cc-8af7-a6f75e712ab0:c2158, c447b9b6-dde2-4ce7-aa81-d0e2eddc8fe9:c2156, 28b540ac-241d-462a-a56c-509e92928066:c2156]
2019-08-20 22:34:27,185 | INFO  | DNAudit | user=null | ip=null | op=WRITE_CHUNK {blockData=conID: 1 locID: 102651688855011822 bcsId: 0} | ret=SUCCESS |  
2019-08-20 22:34:27,185 | INFO  | DNAudit | user=null | ip=null | op=PUT_BLOCK {blockData=[blockId=conID: 1 locID: 102651688855011822 bcsId: 0,size=2097152]} | ret=SUCCESS |  
2019-08-20 22:34:27,186 [grpc-default-executor-3] INFO  client.GrpcClientProtocolClient (GrpcClientProtocolClient.java:onNext(255)) - client-391BA870FC40->947ec526-030f-41cc-8af7-a6f75e712ab0: receive RaftClientReply:client-391BA870FC40->947ec526-030f-41cc-8af7-a6f75e712ab0@group-5D45C35602B2, cid=1508, SUCCESS, logIndex=2159, commits[947ec526-030f-41cc-8af7-a6f75e712ab0:c2159, c447b9b6-dde2-4ce7-aa81-d0e2eddc8fe9:c2156, 28b540ac-241d-462a-a56c-509e92928066:c2156]
2019-08-20 22:34:27,186 [grpc-default-executor-3] INFO  client.GrpcClientProtocolClient (GrpcClientProtocolClient.java:onNext(255)) - client-391BA870FC40->947ec526-030f-41cc-8af7-a6f75e712ab0: receive RaftClientReply:client-391BA870FC40->947ec526-030f-41cc-8af7-a6f75e712ab0@group-5D45C35602B2, cid=1509, SUCCESS, logIndex=2160, commits[947ec526-030f-41cc-8af7-a6f75e712ab0:c2160, c447b9b6-dde2-4ce7-aa81-d0e2eddc8fe9:c2156, 28b540ac-241d-462a-a56c-509e92928066:c2156]
2019-08-20 22:34:27,188 | INFO  | DNAudit | user=null | ip=null | op=WRITE_CHUNK {blockData=conID: 1 locID: 102651688855011822 bcsId: 0} | ret=SUCCESS |  
2019-08-20 22:34:27,188 | INFO  | DNAudit | user=null | ip=null | op=WRITE_CHUNK {blockData=conID: 1 locID: 102651688855011822 bcsId: 0} | ret=SUCCESS |  
2019-08-20 22:34:27,188 | INFO  | DNAudit | user=null | ip=null | op=PUT_BLOCK {blockData=[blockId=conID: 1 locID: 102651688855011822 bcsId: 0,size=1048576]} | ret=SUCCESS |  
2019-08-20 22:34:27,188 | INFO  | DNAudit | user=null | ip=null | op=PUT_BLOCK {blockData=[blockId=conID: 1 locID: 102651688855011822 bcsId: 0,size=1048576]} | ret=SUCCESS |  
2019-08-20 22:34:27,189 [grpc-default-executor-3] INFO  client.GrpcClientProtocolClient (GrpcClientProtocolClient.java:onNext(255)) - client-391BA870FC40->947ec526-030f-41cc-8af7-a6f75e712ab0: receive RaftClientReply:client-391BA870FC40->947ec526-030f-41cc-8af7-a6f75e712ab0@group-5D45C35602B2, cid=1510, SUCCESS, logIndex=0, commits[947ec526-030f-41cc-8af7-a6f75e712ab0:c2161, c447b9b6-dde2-4ce7-aa81-d0e2eddc8fe9:c2158, 28b540ac-241d-462a-a56c-509e92928066:c2158]
2019-08-20 22:34:27,191 | INFO  | DNAudit | user=null | ip=null | op=WRITE_CHUNK {blockData=conID: 1 locID: 102651688855011822 bcsId: 0} | ret=SUCCESS |  
2019-08-20 22:34:27,191 | INFO  | DNAudit | user=null | ip=null | op=WRITE_CHUNK {blockData=conID: 1 locID: 102651688855011822 bcsId: 0} | ret=SUCCESS |  
2019-08-20 22:34:27,192 | INFO  | DNAudit | user=null | ip=null | op=PUT_BLOCK {blockData=[blockId=conID: 1 locID: 102651688855011822 bcsId: 0,size=2097152]} | ret=SUCCESS |  
2019-08-20 22:34:27,192 | INFO  | DNAudit | user=null | ip=null | op=PUT_BLOCK {blockData=[blockId=conID: 1 locID: 102651688855011822 bcsId: 0,size=2097152]} | ret=SUCCESS |  
2019-08-20 22:34:27,195 | INFO  | DNAudit | user=null | ip=null | op=WRITE_CHUNK {blockData=conID: 1 locID: 102651688855011822 bcsId: 2160} | ret=SUCCESS |  
2019-08-20 22:34:27,198 | INFO  | DNAudit | user=null | ip=null | op=WRITE_CHUNK {blockData=conID: 1 locID: 102651688855011822 bcsId: 2160} | ret=SUCCESS |  
2019-08-20 22:34:27,198 | INFO  | DNAudit | user=null | ip=null | op=WRITE_CHUNK {blockData=conID: 1 locID: 102651688855011822 bcsId: 2160} | ret=SUCCESS |  
2019-08-20 22:34:27,201 | INFO  | DNAudit | user=null | ip=null | op=WRITE_CHUNK {blockData=conID: 1 locID: 102651688855011822 bcsId: 2160} | ret=SUCCESS |  
2019-08-20 22:34:27,201 | INFO  | DNAudit | user=null | ip=null | op=PUT_BLOCK {blockData=[blockId=conID: 1 locID: 102651688855011822 bcsId: 0,size=3145728]} | ret=SUCCESS |  
2019-08-20 22:34:27,201 [grpc-default-executor-3] INFO  client.GrpcClientProtocolClient (GrpcClientProtocolClient.java:onNext(255)) - client-391BA870FC40->947ec526-030f-41cc-8af7-a6f75e712ab0: receive RaftClientReply:client-391BA870FC40->947ec526-030f-41cc-8af7-a6f75e712ab0@group-5D45C35602B2, cid=1511, SUCCESS, logIndex=2165, commits[947ec526-030f-41cc-8af7-a6f75e712ab0:c2166, c447b9b6-dde2-4ce7-aa81-d0e2eddc8fe9:c2164, 28b540ac-241d-462a-a56c-509e92928066:c2160]
2019-08-20 22:34:27,202 [grpc-default-executor-3] INFO  client.GrpcClientProtocolClient (GrpcClientProtocolClient.java:onNext(255)) - client-391BA870FC40->947ec526-030f-41cc-8af7-a6f75e712ab0: receive RaftClientReply:client-391BA870FC40->947ec526-030f-41cc-8af7-a6f75e712ab0@group-5D45C35602B2, cid=1512, SUCCESS, logIndex=2166, commits[947ec526-030f-41cc-8af7-a6f75e712ab0:c2166, c447b9b6-dde2-4ce7-aa81-d0e2eddc8fe9:c2164, 28b540ac-241d-462a-a56c-509e92928066:c2164]
2019-08-20 22:34:27,208 | INFO  | DNAudit | user=null | ip=null | op=WRITE_CHUNK {blockData=conID: 1 locID: 102651688855011822 bcsId: 2166} | ret=SUCCESS |  
2019-08-20 22:34:27,210 | INFO  | DNAudit | user=null | ip=null | op=WRITE_CHUNK {blockData=conID: 1 locID: 102651688855011822 bcsId: 2166} | ret=SUCCESS |  
2019-08-20 22:34:27,210 | INFO  | DNAudit | user=null | ip=null | op=WRITE_CHUNK {blockData=conID: 1 locID: 102651688855011822 bcsId: 2166} | ret=SUCCESS |  
2019-08-20 22:34:27,212 | INFO  | DNAudit | user=null | ip=null | op=WRITE_CHUNK {blockData=conID: 1 locID: 102651688855011822 bcsId: 2160} | ret=SUCCESS |  
2019-08-20 22:34:27,212 | INFO  | DNAudit | user=null | ip=null | op=PUT_BLOCK {blockData=[blockId=conID: 1 locID: 102651688855011822 bcsId: 0,size=3145728]} | ret=SUCCESS |  
2019-08-20 22:34:27,214 | INFO  | DNAudit | user=null | ip=null | op=WRITE_CHUNK {blockData=conID: 1 locID: 102651688855011822 bcsId: 2160} | ret=SUCCESS |  
2019-08-20 22:34:27,214 | INFO  | DNAudit | user=null | ip=null | op=PUT_BLOCK {blockData=[blockId=conID: 1 locID: 102651688855011822 bcsId: 0,size=3145728]} | ret=SUCCESS |  
2019-08-20 22:34:27,225 | INFO  | DNAudit | user=null | ip=null | op=WRITE_CHUNK {blockData=conID: 1 locID: 102651688855011822 bcsId: 2166} | ret=SUCCESS |  
2019-08-20 22:34:27,226 | INFO  | DNAudit | user=null | ip=null | op=PUT_BLOCK {blockData=[blockId=conID: 1 locID: 102651688855011822 bcsId: 0,size=4194304]} | ret=SUCCESS |  
2019-08-20 22:34:27,226 [grpc-default-executor-2] INFO  client.GrpcClientProtocolClient (GrpcClientProtocolClient.java:onNext(255)) - client-391BA870FC40->947ec526-030f-41cc-8af7-a6f75e712ab0: receive RaftClientReply:client-391BA870FC40->947ec526-030f-41cc-8af7-a6f75e712ab0@group-5D45C35602B2, cid=1513, SUCCESS, logIndex=2169, commits[947ec526-030f-41cc-8af7-a6f75e712ab0:c2170, c447b9b6-dde2-4ce7-aa81-d0e2eddc8fe9:c2166, 28b540ac-241d-462a-a56c-509e92928066:c2166]
2019-08-20 22:34:27,226 [grpc-default-executor-2] INFO  client.GrpcClientProtocolClient (GrpcClientProtocolClient.java:onNext(255)) - client-391BA870FC40->947ec526-030f-41cc-8af7-a6f75e712ab0: receive RaftClientReply:client-391BA870FC40->947ec526-030f-41cc-8af7-a6f75e712ab0@group-5D45C35602B2, cid=1514, SUCCESS, logIndex=2170, commits[947ec526-030f-41cc-8af7-a6f75e712ab0:c2170, c447b9b6-dde2-4ce7-aa81-d0e2eddc8fe9:c2166, 28b540ac-241d-462a-a56c-509e92928066:c2166]
2019-08-20 22:34:27,249 | INFO  | DNAudit | user=null | ip=null | op=WRITE_CHUNK {blockData=conID: 1 locID: 102651688855011822 bcsId: 2166} | ret=SUCCESS |  
2019-08-20 22:34:27,249 | INFO  | DNAudit | user=null | ip=null | op=WRITE_CHUNK {blockData=conID: 1 locID: 102651688855011822 bcsId: 2166} | ret=SUCCESS |  
2019-08-20 22:34:27,250 | INFO  | DNAudit | user=null | ip=null | op=PUT_BLOCK {blockData=[blockId=conID: 1 locID: 102651688855011822 bcsId: 0,size=4194304]} | ret=SUCCESS |  
2019-08-20 22:34:27,250 | INFO  | DNAudit | user=null | ip=null | op=PUT_BLOCK {blockData=[blockId=conID: 1 locID: 102651688855011822 bcsId: 0,size=4194304]} | ret=SUCCESS |  
2019-08-20 22:34:27,250 [grpc-default-executor-4] INFO  client.GrpcClientProtocolClient (GrpcClientProtocolClient.java:onNext(255)) - client-391BA870FC40->947ec526-030f-41cc-8af7-a6f75e712ab0: receive RaftClientReply:client-391BA870FC40->947ec526-030f-41cc-8af7-a6f75e712ab0@group-5D45C35602B2, cid=1515, SUCCESS, logIndex=0, commits[947ec526-030f-41cc-8af7-a6f75e712ab0:c2170, c447b9b6-dde2-4ce7-aa81-d0e2eddc8fe9:c2170, 28b540ac-241d-462a-a56c-509e92928066:c2170]
2019-08-20 22:34:27,254 | INFO  | SCMAudit | user=jenkins1000 | ip=192.168.5.142 | op=ALLOCATE_BLOCK {owner=6f694d07-2a2f-44d9-8e1c-aaa094a2f647, size=4194304, type=RATIS, factor=THREE} | ret=SUCCESS |  
2019-08-20 22:34:27,256 | INFO  | OMAudit | user=jenkins1000 | ip=127.0.0.1 | op=ALLOCATE_BLOCK {volume=vol-0-80747, bucket=bucket-0-27686, key=key-0-47435, dataSize=0, replicationType=null, replicationFactor=null, keyLocationInfo=null, clientID=102651687805452690} | ret=SUCCESS |  
2019-08-20 22:34:27,264 | INFO  | DNAudit | user=null | ip=null | op=WRITE_CHUNK {blockData=conID: 2 locID: 102651688861958639 bcsId: 0} | ret=SUCCESS |  
2019-08-20 22:34:27,266 | INFO  | DNAudit | user=null | ip=null | op=WRITE_CHUNK {blockData=conID: 2 locID: 102651688861958639 bcsId: 0} | ret=SUCCESS |  
2019-08-20 22:34:27,266 | INFO  | DNAudit | user=null | ip=null | op=WRITE_CHUNK {blockData=conID: 2 locID: 102651688861958639 bcsId: 0} | ret=SUCCESS |  
2019-08-20 22:34:27,266 | INFO  | DNAudit | user=null | ip=null | op=WRITE_CHUNK {blockData=conID: 2 locID: 102651688861958639 bcsId: 0} | ret=SUCCESS |  
2019-08-20 22:34:27,268 | INFO  | DNAudit | user=null | ip=null | op=WRITE_CHUNK {blockData=conID: 2 locID: 102651688861958639 bcsId: 0} | ret=SUCCESS |  
2019-08-20 22:34:27,268 | INFO  | DNAudit | user=null | ip=null | op=WRITE_CHUNK {blockData=conID: 2 locID: 102651688861958639 bcsId: 0} | ret=SUCCESS |  
2019-08-20 22:34:27,277 | INFO  | DNAudit | user=null | ip=null | op=WRITE_CHUNK {blockData=conID: 2 locID: 102651688861958639 bcsId: 0} | ret=SUCCESS |  
2019-08-20 22:34:27,277 | INFO  | DNAudit | user=null | ip=null | op=PUT_BLOCK {blockData=[blockId=conID: 2 locID: 102651688861958639 bcsId: 0,size=1048576]} | ret=SUCCESS |  
2019-08-20 22:34:27,277 [grpc-default-executor-2] INFO  client.GrpcClientProtocolClient (GrpcClientProtocolClient.java:onNext(255)) - client-391BA870FC40->947ec526-030f-41cc-8af7-a6f75e712ab0: receive RaftClientReply:client-391BA870FC40->947ec526-030f-41cc-8af7-a6f75e712ab0@group-5D45C35602B2, cid=1516, SUCCESS, logIndex=2172, commits[947ec526-030f-41cc-8af7-a6f75e712ab0:c2173, c447b9b6-dde2-4ce7-aa81-d0e2eddc8fe9:c2171, 28b540ac-241d-462a-a56c-509e92928066:c2171]
2019-08-20 22:34:27,278 [grpc-default-executor-2] INFO  client.GrpcClientProtocolClient (GrpcClientProtocolClient.java:onNext(255)) - client-391BA870FC40->947ec526-030f-41cc-8af7-a6f75e712ab0: receive RaftClientReply:client-391BA870FC40->947ec526-030f-41cc-8af7-a6f75e712ab0@group-5D45C35602B2, cid=1517, SUCCESS, logIndex=2173, commits[947ec526-030f-41cc-8af7-a6f75e712ab0:c2173, c447b9b6-dde2-4ce7-aa81-d0e2eddc8fe9:c2171, 28b540ac-241d-462a-a56c-509e92928066:c2171]
2019-08-20 22:34:27,288 | INFO  | DNAudit | user=null | ip=null | op=WRITE_CHUNK {blockData=conID: 2 locID: 102651688861958639 bcsId: 0} | ret=SUCCESS |  
2019-08-20 22:34:27,288 | INFO  | DNAudit | user=null | ip=null | op=PUT_BLOCK {blockData=[blockId=conID: 2 locID: 102651688861958639 bcsId: 0,size=2097152]} | ret=SUCCESS |  
2019-08-20 22:34:27,289 | INFO  | DNAudit | user=null | ip=null | op=WRITE_CHUNK {blockData=conID: 2 locID: 102651688861958639 bcsId: 0} | ret=SUCCESS |  
2019-08-20 22:34:27,289 [grpc-default-executor-3] INFO  client.GrpcClientProtocolClient (GrpcClientProtocolClient.java:onNext(255)) - client-391BA870FC40->947ec526-030f-41cc-8af7-a6f75e712ab0: receive RaftClientReply:client-391BA870FC40->947ec526-030f-41cc-8af7-a6f75e712ab0@group-5D45C35602B2, cid=1518, SUCCESS, logIndex=2174, commits[947ec526-030f-41cc-8af7-a6f75e712ab0:c2175, c447b9b6-dde2-4ce7-aa81-d0e2eddc8fe9:c2171, 28b540ac-241d-462a-a56c-509e92928066:c2171]
2019-08-20 22:34:27,289 | INFO  | DNAudit | user=null | ip=null | op=PUT_BLOCK {blockData=[blockId=conID: 2 locID: 102651688861958639 bcsId: 0,size=1048576]} | ret=SUCCESS |  
2019-08-20 22:34:27,289 [grpc-default-executor-4] INFO  client.GrpcClientProtocolClient (GrpcClientProtocolClient.java:onNext(255)) - client-391BA870FC40->947ec526-030f-41cc-8af7-a6f75e712ab0: receive RaftClientReply:client-391BA870FC40->947ec526-030f-41cc-8af7-a6f75e712ab0@group-5D45C35602B2, cid=1519, SUCCESS, logIndex=2175, commits[947ec526-030f-41cc-8af7-a6f75e712ab0:c2175, c447b9b6-dde2-4ce7-aa81-d0e2eddc8fe9:c2171, 28b540ac-241d-462a-a56c-509e92928066:c2171]
2019-08-20 22:34:27,291 | INFO  | DNAudit | user=null | ip=null | op=WRITE_CHUNK {blockData=conID: 2 locID: 102651688861958639 bcsId: 0} | ret=SUCCESS |  
2019-08-20 22:34:27,291 | INFO  | DNAudit | user=null | ip=null | op=PUT_BLOCK {blockData=[blockId=conID: 2 locID: 102651688861958639 bcsId: 0,size=1048576]} | ret=SUCCESS |  
2019-08-20 22:34:27,291 [grpc-default-executor-4] INFO  client.GrpcClientProtocolClient (GrpcClientProtocolClient.java:onNext(255)) - client-391BA870FC40->947ec526-030f-41cc-8af7-a6f75e712ab0: receive RaftClientReply:client-391BA870FC40->947ec526-030f-41cc-8af7-a6f75e712ab0@group-5D45C35602B2, cid=1520, SUCCESS, logIndex=0, commits[947ec526-030f-41cc-8af7-a6f75e712ab0:c2177, c447b9b6-dde2-4ce7-aa81-d0e2eddc8fe9:c2173, 28b540ac-241d-462a-a56c-509e92928066:c2173]
2019-08-20 22:34:27,298 | INFO  | DNAudit | user=null | ip=null | op=WRITE_CHUNK {blockData=conID: 2 locID: 102651688861958639 bcsId: 2175} | ret=SUCCESS |  
2019-08-20 22:34:27,299 | INFO  | DNAudit | user=null | ip=null | op=WRITE_CHUNK {blockData=conID: 2 locID: 102651688861958639 bcsId: 2175} | ret=SUCCESS |  
2019-08-20 22:34:27,300 | INFO  | DNAudit | user=null | ip=null | op=WRITE_CHUNK {blockData=conID: 2 locID: 102651688861958639 bcsId: 2175} | ret=SUCCESS |  
2019-08-20 22:34:27,302 | INFO  | DNAudit | user=null | ip=null | op=WRITE_CHUNK {blockData=conID: 2 locID: 102651688861958639 bcsId: 0} | ret=SUCCESS |  
2019-08-20 22:34:27,302 | INFO  | DNAudit | user=null | ip=null | op=PUT_BLOCK {blockData=[blockId=conID: 2 locID: 102651688861958639 bcsId: 0,size=2097152]} | ret=SUCCESS |  
2019-08-20 22:34:27,304 | INFO  | DNAudit | user=null | ip=null | op=WRITE_CHUNK {blockData=conID: 2 locID: 102651688861958639 bcsId: 0} | ret=SUCCESS |  
2019-08-20 22:34:27,304 | INFO  | DNAudit | user=null | ip=null | op=PUT_BLOCK {blockData=[blockId=conID: 2 locID: 102651688861958639 bcsId: 0,size=2097152]} | ret=SUCCESS |  
2019-08-20 22:34:27,315 | INFO  | DNAudit | user=null | ip=null | op=WRITE_CHUNK {blockData=conID: 2 locID: 102651688861958639 bcsId: 2175} | ret=SUCCESS |  
2019-08-20 22:34:27,316 | INFO  | DNAudit | user=null | ip=null | op=PUT_BLOCK {blockData=[blockId=conID: 2 locID: 102651688861958639 bcsId: 0,size=3145728]} | ret=SUCCESS |  
2019-08-20 22:34:27,316 [grpc-default-executor-3] INFO  client.GrpcClientProtocolClient (GrpcClientProtocolClient.java:onNext(255)) - client-391BA870FC40->947ec526-030f-41cc-8af7-a6f75e712ab0: receive RaftClientReply:client-391BA870FC40->947ec526-030f-41cc-8af7-a6f75e712ab0@group-5D45C35602B2, cid=1521, SUCCESS, logIndex=2180, commits[947ec526-030f-41cc-8af7-a6f75e712ab0:c2181, c447b9b6-dde2-4ce7-aa81-d0e2eddc8fe9:c2177, 28b540ac-241d-462a-a56c-509e92928066:c2175]
2019-08-20 22:34:27,316 [grpc-default-executor-3] INFO  client.GrpcClientProtocolClient (GrpcClientProtocolClient.java:onNext(255)) - client-391BA870FC40->947ec526-030f-41cc-8af7-a6f75e712ab0: receive RaftClientReply:client-391BA870FC40->947ec526-030f-41cc-8af7-a6f75e712ab0@group-5D45C35602B2, cid=1522, SUCCESS, logIndex=2181, commits[947ec526-030f-41cc-8af7-a6f75e712ab0:c2181, c447b9b6-dde2-4ce7-aa81-d0e2eddc8fe9:c2177, 28b540ac-241d-462a-a56c-509e92928066:c2177]
2019-08-20 22:34:27,318 | INFO  | DNAudit | user=null | ip=null | op=WRITE_CHUNK {blockData=conID: 2 locID: 102651688861958639 bcsId: 2175} | ret=SUCCESS |  
2019-08-20 22:34:27,319 | INFO  | DNAudit | user=null | ip=null | op=WRITE_CHUNK {blockData=conID: 2 locID: 102651688861958639 bcsId: 2175} | ret=SUCCESS |  
2019-08-20 22:34:27,319 | INFO  | DNAudit | user=null | ip=null | op=PUT_BLOCK {blockData=[blockId=conID: 2 locID: 102651688861958639 bcsId: 0,size=3145728]} | ret=SUCCESS |  
2019-08-20 22:34:27,319 | INFO  | DNAudit | user=null | ip=null | op=PUT_BLOCK {blockData=[blockId=conID: 2 locID: 102651688861958639 bcsId: 0,size=3145728]} | ret=SUCCESS |  
2019-08-20 22:34:27,322 | INFO  | DNAudit | user=null | ip=null | op=WRITE_CHUNK {blockData=conID: 2 locID: 102651688861958639 bcsId: 2181} | ret=SUCCESS |  
2019-08-20 22:34:27,325 | INFO  | DNAudit | user=null | ip=null | op=WRITE_CHUNK {blockData=conID: 2 locID: 102651688861958639 bcsId: 2181} | ret=SUCCESS |  
2019-08-20 22:34:27,325 | INFO  | DNAudit | user=null | ip=null | op=WRITE_CHUNK {blockData=conID: 2 locID: 102651688861958639 bcsId: 2181} | ret=SUCCESS |  
2019-08-20 22:34:27,333 | INFO  | DNAudit | user=null | ip=null | op=WRITE_CHUNK {blockData=conID: 2 locID: 102651688861958639 bcsId: 2181} | ret=SUCCESS |  
2019-08-20 22:34:27,334 | INFO  | DNAudit | user=null | ip=null | op=PUT_BLOCK {blockData=[blockId=conID: 2 locID: 102651688861958639 bcsId: 0,size=4194304]} | ret=SUCCESS |  
2019-08-20 22:34:27,334 [grpc-default-executor-4] INFO  client.GrpcClientProtocolClient (GrpcClientProtocolClient.java:onNext(255)) - client-391BA870FC40->947ec526-030f-41cc-8af7-a6f75e712ab0: receive RaftClientReply:client-391BA870FC40->947ec526-030f-41cc-8af7-a6f75e712ab0@group-5D45C35602B2, cid=1523, SUCCESS, logIndex=2184, commits[947ec526-030f-41cc-8af7-a6f75e712ab0:c2185, c447b9b6-dde2-4ce7-aa81-d0e2eddc8fe9:c2182, 28b540ac-241d-462a-a56c-509e92928066:c2182]
2019-08-20 22:34:27,334 [grpc-default-executor-4] INFO  client.GrpcClientProtocolClient (GrpcClientProtocolClient.java:onNext(255)) - client-391BA870FC40->947ec526-030f-41cc-8af7-a6f75e712ab0: receive RaftClientReply:client-391BA870FC40->947ec526-030f-41cc-8af7-a6f75e712ab0@group-5D45C35602B2, cid=1524, SUCCESS, logIndex=2185, commits[947ec526-030f-41cc-8af7-a6f75e712ab0:c2185, c447b9b6-dde2-4ce7-aa81-d0e2eddc8fe9:c2182, 28b540ac-241d-462a-a56c-509e92928066:c2182]
2019-08-20 22:34:27,346 | INFO  | DNAudit | user=null | ip=null | op=WRITE_CHUNK {blockData=conID: 2 locID: 102651688861958639 bcsId: 2181} | ret=SUCCESS |  
2019-08-20 22:34:27,346 | INFO  | DNAudit | user=null | ip=null | op=WRITE_CHUNK {blockData=conID: 2 locID: 102651688861958639 bcsId: 2181} | ret=SUCCESS |  
2019-08-20 22:34:27,359 | INFO  | DNAudit | user=null | ip=null | op=PUT_BLOCK {blockData=[blockId=conID: 2 locID: 102651688861958639 bcsId: 0,size=4194304]} | ret=SUCCESS |  
2019-08-20 22:34:27,359 | INFO  | DNAudit | user=null | ip=null | op=PUT_BLOCK {blockData=[blockId=conID: 2 locID: 102651688861958639 bcsId: 0,size=4194304]} | ret=SUCCESS |  
2019-08-20 22:34:27,360 [grpc-default-executor-4] INFO  client.GrpcClientProtocolClient (GrpcClientProtocolClient.java:onNext(255)) - client-391BA870FC40->947ec526-030f-41cc-8af7-a6f75e712ab0: receive RaftClientReply:client-391BA870FC40->947ec526-030f-41cc-8af7-a6f75e712ab0@group-5D45C35602B2, cid=1525, SUCCESS, logIndex=0, commits[947ec526-030f-41cc-8af7-a6f75e712ab0:c2187, c447b9b6-dde2-4ce7-aa81-d0e2eddc8fe9:c2185, 28b540ac-241d-462a-a56c-509e92928066:c2185]
2019-08-20 22:34:27,365 | INFO  | SCMAudit | user=jenkins1000 | ip=192.168.5.142 | op=ALLOCATE_BLOCK {owner=6f694d07-2a2f-44d9-8e1c-aaa094a2f647, size=4194304, type=RATIS, factor=THREE} | ret=SUCCESS |  
2019-08-20 22:34:27,368 | INFO  | OMAudit | user=jenkins1000 | ip=127.0.0.1 | op=ALLOCATE_BLOCK {volume=vol-0-80747, bucket=bucket-0-27686, key=key-0-47435, dataSize=0, replicationType=null, replicationFactor=null, keyLocationInfo=null, clientID=102651687805452690} | ret=SUCCESS |  
2019-08-20 22:34:27,378 | INFO  | DNAudit | user=null | ip=null | op=WRITE_CHUNK {blockData=conID: 3 locID: 102651688869167600 bcsId: 0} | ret=SUCCESS |  
2019-08-20 22:34:27,380 | INFO  | DNAudit | user=null | ip=null | op=WRITE_CHUNK {blockData=conID: 3 locID: 102651688869167600 bcsId: 0} | ret=SUCCESS |  
2019-08-20 22:34:27,381 | INFO  | DNAudit | user=null | ip=null | op=WRITE_CHUNK {blockData=conID: 3 locID: 102651688869167600 bcsId: 0} | ret=SUCCESS |  
2019-08-20 22:34:27,382 | INFO  | DNAudit | user=null | ip=null | op=WRITE_CHUNK {blockData=conID: 3 locID: 102651688869167600 bcsId: 0} | ret=SUCCESS |  
2019-08-20 22:34:27,385 | INFO  | DNAudit | user=null | ip=null | op=WRITE_CHUNK {blockData=conID: 3 locID: 102651688869167600 bcsId: 0} | ret=SUCCESS |  
2019-08-20 22:34:27,385 | INFO  | DNAudit | user=null | ip=null | op=WRITE_CHUNK {blockData=conID: 3 locID: 102651688869167600 bcsId: 0} | ret=SUCCESS |  
2019-08-20 22:34:27,393 | INFO  | DNAudit | user=null | ip=null | op=WRITE_CHUNK {blockData=conID: 3 locID: 102651688869167600 bcsId: 0} | ret=SUCCESS |  
2019-08-20 22:34:27,393 | INFO  | DNAudit | user=null | ip=null | op=PUT_BLOCK {blockData=[blockId=conID: 3 locID: 102651688869167600 bcsId: 0,size=1048576]} | ret=SUCCESS |  
2019-08-20 22:34:27,393 [grpc-default-executor-3] INFO  client.GrpcClientProtocolClient (GrpcClientProtocolClient.java:onNext(255)) - client-391BA870FC40->947ec526-030f-41cc-8af7-a6f75e712ab0: receive RaftClientReply:client-391BA870FC40->947ec526-030f-41cc-8af7-a6f75e712ab0@group-5D45C35602B2, cid=1526, SUCCESS, logIndex=2188, commits[947ec526-030f-41cc-8af7-a6f75e712ab0:c2189, c447b9b6-dde2-4ce7-aa81-d0e2eddc8fe9:c2187, 28b540ac-241d-462a-a56c-509e92928066:c2187]
2019-08-20 22:34:27,394 [grpc-default-executor-3] INFO  client.GrpcClientProtocolClient (GrpcClientProtocolClient.java:onNext(255)) - client-391BA870FC40->947ec526-030f-41cc-8af7-a6f75e712ab0: receive RaftClientReply:client-391BA870FC40->947ec526-030f-41cc-8af7-a6f75e712ab0@group-5D45C35602B2, cid=1527, SUCCESS, logIndex=2189, commits[947ec526-030f-41cc-8af7-a6f75e712ab0:c2189, c447b9b6-dde2-4ce7-aa81-d0e2eddc8fe9:c2187, 28b540ac-241d-462a-a56c-509e92928066:c2187]
2019-08-20 22:34:27,405 | INFO  | DNAudit | user=null | ip=null | op=WRITE_CHUNK {blockData=conID: 3 locID: 102651688869167600 bcsId: 0} | ret=SUCCESS |  
2019-08-20 22:34:27,405 | INFO  | DNAudit | user=null | ip=null | op=PUT_BLOCK {blockData=[blockId=conID: 3 locID: 102651688869167600 bcsId: 0,size=2097152]} | ret=SUCCESS |  
2019-08-20 22:34:27,406 [grpc-default-executor-3] INFO  client.GrpcClientProtocolClient (GrpcClientProtocolClient.java:onNext(255)) - client-391BA870FC40->947ec526-030f-41cc-8af7-a6f75e712ab0: receive RaftClientReply:client-391BA870FC40->947ec526-030f-41cc-8af7-a6f75e712ab0@group-5D45C35602B2, cid=1528, SUCCESS, logIndex=2190, commits[947ec526-030f-41cc-8af7-a6f75e712ab0:c2190, c447b9b6-dde2-4ce7-aa81-d0e2eddc8fe9:c2187, 28b540ac-241d-462a-a56c-509e92928066:c2187]
2019-08-20 22:34:27,406 [grpc-default-executor-3] INFO  client.GrpcClientProtocolClient (GrpcClientProtocolClient.java:onNext(255)) - client-391BA870FC40->947ec526-030f-41cc-8af7-a6f75e712ab0: receive RaftClientReply:client-391BA870FC40->947ec526-030f-41cc-8af7-a6f75e712ab0@group-5D45C35602B2, cid=1529, SUCCESS, logIndex=2191, commits[947ec526-030f-41cc-8af7-a6f75e712ab0:c2191, c447b9b6-dde2-4ce7-aa81-d0e2eddc8fe9:c2187, 28b540ac-241d-462a-a56c-509e92928066:c2187]
2019-08-20 22:34:27,407 | INFO  | DNAudit | user=null | ip=null | op=WRITE_CHUNK {blockData=conID: 3 locID: 102651688869167600 bcsId: 0} | ret=SUCCESS |  
2019-08-20 22:34:27,408 | INFO  | DNAudit | user=null | ip=null | op=PUT_BLOCK {blockData=[blockId=conID: 3 locID: 102651688869167600 bcsId: 0,size=1048576]} | ret=SUCCESS |  
2019-08-20 22:34:27,408 | INFO  | DNAudit | user=null | ip=null | op=WRITE_CHUNK {blockData=conID: 3 locID: 102651688869167600 bcsId: 0} | ret=SUCCESS |  
2019-08-20 22:34:27,408 | INFO  | DNAudit | user=null | ip=null | op=PUT_BLOCK {blockData=[blockId=conID: 3 locID: 102651688869167600 bcsId: 0,size=1048576]} | ret=SUCCESS |  
2019-08-20 22:34:27,408 [grpc-default-executor-3] INFO  client.GrpcClientProtocolClient (GrpcClientProtocolClient.java:onNext(255)) - client-391BA870FC40->947ec526-030f-41cc-8af7-a6f75e712ab0: receive RaftClientReply:client-391BA870FC40->947ec526-030f-41cc-8af7-a6f75e712ab0@group-5D45C35602B2, cid=1530, SUCCESS, logIndex=0, commits[947ec526-030f-41cc-8af7-a6f75e712ab0:c2192, c447b9b6-dde2-4ce7-aa81-d0e2eddc8fe9:c2189, 28b540ac-241d-462a-a56c-509e92928066:c2189]
2019-08-20 22:34:27,409 | INFO  | DNAudit | user=null | ip=null | op=WRITE_CHUNK {blockData=conID: 3 locID: 102651688869167600 bcsId: 0} | ret=SUCCESS |  
2019-08-20 22:34:27,409 | INFO  | DNAudit | user=null | ip=null | op=PUT_BLOCK {blockData=[blockId=conID: 3 locID: 102651688869167600 bcsId: 0,size=2097152]} | ret=SUCCESS |  
2019-08-20 22:34:27,411 | INFO  | DNAudit | user=null | ip=null | op=WRITE_CHUNK {blockData=conID: 3 locID: 102651688869167600 bcsId: 0} | ret=SUCCESS |  
2019-08-20 22:34:27,411 | INFO  | DNAudit | user=null | ip=null | op=PUT_BLOCK {blockData=[blockId=conID: 3 locID: 102651688869167600 bcsId: 0,size=2097152]} | ret=SUCCESS |  
2019-08-20 22:34:27,416 | INFO  | DNAudit | user=null | ip=null | op=WRITE_CHUNK {blockData=conID: 3 locID: 102651688869167600 bcsId: 2191} | ret=SUCCESS |  
2019-08-20 22:34:27,417 | INFO  | DNAudit | user=null | ip=null | op=WRITE_CHUNK {blockData=conID: 3 locID: 102651688869167600 bcsId: 2191} | ret=SUCCESS |  
2019-08-20 22:34:27,418 | INFO  | DNAudit | user=null | ip=null | op=WRITE_CHUNK {blockData=conID: 3 locID: 102651688869167600 bcsId: 2191} | ret=SUCCESS |  
2019-08-20 22:34:27,427 | INFO  | DNAudit | user=null | ip=null | op=WRITE_CHUNK {blockData=conID: 3 locID: 102651688869167600 bcsId: 2191} | ret=SUCCESS |  
2019-08-20 22:34:27,427 | INFO  | DNAudit | user=null | ip=null | op=PUT_BLOCK {blockData=[blockId=conID: 3 locID: 102651688869167600 bcsId: 0,size=3145728]} | ret=SUCCESS |  
2019-08-20 22:34:27,427 [grpc-default-executor-4] INFO  client.GrpcClientProtocolClient (GrpcClientProtocolClient.java:onNext(255)) - client-391BA870FC40->947ec526-030f-41cc-8af7-a6f75e712ab0: receive RaftClientReply:client-391BA870FC40->947ec526-030f-41cc-8af7-a6f75e712ab0@group-5D45C35602B2, cid=1531, SUCCESS, logIndex=2196, commits[947ec526-030f-41cc-8af7-a6f75e712ab0:c2197, c447b9b6-dde2-4ce7-aa81-d0e2eddc8fe9:c2195, 28b540ac-241d-462a-a56c-509e92928066:c2195]
2019-08-20 22:34:27,428 [grpc-default-executor-4] INFO  client.GrpcClientProtocolClient (GrpcClientProtocolClient.java:onNext(255)) - client-391BA870FC40->947ec526-030f-41cc-8af7-a6f75e712ab0: receive RaftClientReply:client-391BA870FC40->947ec526-030f-41cc-8af7-a6f75e712ab0@group-5D45C35602B2, cid=1532, SUCCESS, logIndex=2197, commits[947ec526-030f-41cc-8af7-a6f75e712ab0:c2197, c447b9b6-dde2-4ce7-aa81-d0e2eddc8fe9:c2195, 28b540ac-241d-462a-a56c-509e92928066:c2195]
2019-08-20 22:34:27,435 | INFO  | DNAudit | user=null | ip=null | op=WRITE_CHUNK {blockData=conID: 3 locID: 102651688869167600 bcsId: 2197} | ret=SUCCESS |  
2019-08-20 22:34:27,436 | INFO  | DNAudit | user=null | ip=null | op=WRITE_CHUNK {blockData=conID: 3 locID: 102651688869167600 bcsId: 2197} | ret=SUCCESS |  
2019-08-20 22:34:27,436 | INFO  | DNAudit | user=null | ip=null | op=WRITE_CHUNK {blockData=conID: 3 locID: 102651688869167600 bcsId: 2197} | ret=SUCCESS |  
2019-08-20 22:34:27,438 | INFO  | DNAudit | user=null | ip=null | op=WRITE_CHUNK {blockData=conID: 3 locID: 102651688869167600 bcsId: 2191} | ret=SUCCESS |  
2019-08-20 22:34:27,441 | INFO  | DNAudit | user=null | ip=null | op=WRITE_CHUNK {blockData=conID: 3 locID: 102651688869167600 bcsId: 2191} | ret=SUCCESS |  
2019-08-20 22:34:27,442 | INFO  | DNAudit | user=null | ip=null | op=PUT_BLOCK {blockData=[blockId=conID: 3 locID: 102651688869167600 bcsId: 0,size=3145728]} | ret=SUCCESS |  
2019-08-20 22:34:27,457 | INFO  | DNAudit | user=null | ip=null | op=PUT_BLOCK {blockData=[blockId=conID: 3 locID: 102651688869167600 bcsId: 0,size=3145728]} | ret=SUCCESS |  
2019-08-20 22:34:27,458 | INFO  | DNAudit | user=null | ip=null | op=WRITE_CHUNK {blockData=conID: 3 locID: 102651688869167600 bcsId: 2197} | ret=SUCCESS |  
2019-08-20 22:34:27,458 | INFO  | DNAudit | user=null | ip=null | op=PUT_BLOCK {blockData=[blockId=conID: 3 locID: 102651688869167600 bcsId: 0,size=4194304]} | ret=SUCCESS |  
2019-08-20 22:34:27,458 [grpc-default-executor-3] INFO  client.GrpcClientProtocolClient (GrpcClientProtocolClient.java:onNext(255)) - client-391BA870FC40->947ec526-030f-41cc-8af7-a6f75e712ab0: receive RaftClientReply:client-391BA870FC40->947ec526-030f-41cc-8af7-a6f75e712ab0@group-5D45C35602B2, cid=1533, SUCCESS, logIndex=2200, commits[947ec526-030f-41cc-8af7-a6f75e712ab0:c2201, c447b9b6-dde2-4ce7-aa81-d0e2eddc8fe9:c2197, 28b540ac-241d-462a-a56c-509e92928066:c2197]
2019-08-20 22:34:27,459 [grpc-default-executor-3] INFO  client.GrpcClientProtocolClient (GrpcClientProtocolClient.java:onNext(255)) - client-391BA870FC40->947ec526-030f-41cc-8af7-a6f75e712ab0: receive RaftClientReply:client-391BA870FC40->947ec526-030f-41cc-8af7-a6f75e712ab0@group-5D45C35602B2, cid=1534, SUCCESS, logIndex=2201, commits[947ec526-030f-41cc-8af7-a6f75e712ab0:c2201, c447b9b6-dde2-4ce7-aa81-d0e2eddc8fe9:c2197, 28b540ac-241d-462a-a56c-509e92928066:c2197]
2019-08-20 22:34:27,470 | INFO  | DNAudit | user=null | ip=null | op=WRITE_CHUNK {blockData=conID: 3 locID: 102651688869167600 bcsId: 2197} | ret=SUCCESS |  
2019-08-20 22:34:27,470 | INFO  | DNAudit | user=null | ip=null | op=WRITE_CHUNK {blockData=conID: 3 locID: 102651688869167600 bcsId: 2197} | ret=SUCCESS |  
2019-08-20 22:34:27,488 | INFO  | DNAudit | user=null | ip=null | op=PUT_BLOCK {blockData=[blockId=conID: 3 locID: 102651688869167600 bcsId: 0,size=4194304]} | ret=SUCCESS |  
2019-08-20 22:34:27,488 | INFO  | DNAudit | user=null | ip=null | op=PUT_BLOCK {blockData=[blockId=conID: 3 locID: 102651688869167600 bcsId: 0,size=4194304]} | ret=SUCCESS |  
2019-08-20 22:34:27,489 [grpc-default-executor-2] INFO  client.GrpcClientProtocolClient (GrpcClientProtocolClient.java:onNext(255)) - client-391BA870FC40->947ec526-030f-41cc-8af7-a6f75e712ab0: receive RaftClientReply:client-391BA870FC40->947ec526-030f-41cc-8af7-a6f75e712ab0@group-5D45C35602B2, cid=1535, SUCCESS, logIndex=0, commits[947ec526-030f-41cc-8af7-a6f75e712ab0:c2203, c447b9b6-dde2-4ce7-aa81-d0e2eddc8fe9:c2201, 28b540ac-241d-462a-a56c-509e92928066:c2201]
2019-08-20 22:34:27,494 | INFO  | SCMAudit | user=jenkins1000 | ip=192.168.5.142 | op=ALLOCATE_BLOCK {owner=6f694d07-2a2f-44d9-8e1c-aaa094a2f647, size=4194304, type=RATIS, factor=THREE} | ret=SUCCESS |  
2019-08-20 22:34:27,498 | INFO  | OMAudit | user=jenkins1000 | ip=127.0.0.1 | op=ALLOCATE_BLOCK {volume=vol-0-80747, bucket=bucket-0-27686, key=key-0-47435, dataSize=0, replicationType=null, replicationFactor=null, keyLocationInfo=null, clientID=102651687805452690} | ret=SUCCESS |  
2019-08-20 22:34:27,505 | INFO  | DNAudit | user=null | ip=null | op=WRITE_CHUNK {blockData=conID: 1 locID: 102651688877687281 bcsId: 0} | ret=SUCCESS |  
2019-08-20 22:34:27,507 | INFO  | DNAudit | user=null | ip=null | op=WRITE_CHUNK {blockData=conID: 1 locID: 102651688877687281 bcsId: 0} | ret=SUCCESS |  
2019-08-20 22:34:27,508 | INFO  | DNAudit | user=null | ip=null | op=WRITE_CHUNK {blockData=conID: 1 locID: 102651688877687281 bcsId: 0} | ret=SUCCESS |  
2019-08-20 22:34:27,508 | INFO  | DNAudit | user=null | ip=null | op=WRITE_CHUNK {blockData=conID: 1 locID: 102651688877687281 bcsId: 0} | ret=SUCCESS |  
2019-08-20 22:34:27,509 | INFO  | DNAudit | user=null | ip=null | op=WRITE_CHUNK {blockData=conID: 1 locID: 102651688877687281 bcsId: 0} | ret=SUCCESS |  
2019-08-20 22:34:27,509 | INFO  | DNAudit | user=null | ip=null | op=WRITE_CHUNK {blockData=conID: 1 locID: 102651688877687281 bcsId: 0} | ret=SUCCESS |  
2019-08-20 22:34:27,512 | INFO  | DNAudit | user=null | ip=null | op=WRITE_CHUNK {blockData=conID: 1 locID: 102651688877687281 bcsId: 0} | ret=SUCCESS |  
2019-08-20 22:34:27,512 | INFO  | DNAudit | user=null | ip=null | op=PUT_BLOCK {blockData=[blockId=conID: 1 locID: 102651688877687281 bcsId: 0,size=1048576]} | ret=SUCCESS |  
2019-08-20 22:34:27,512 | INFO  | DNAudit | user=null | ip=null | op=WRITE_CHUNK {blockData=conID: 1 locID: 102651688877687281 bcsId: 0} | ret=SUCCESS |  
2019-08-20 22:34:27,512 [grpc-default-executor-3] INFO  client.GrpcClientProtocolClient (GrpcClientProtocolClient.java:onNext(255)) - client-391BA870FC40->947ec526-030f-41cc-8af7-a6f75e712ab0: receive RaftClientReply:client-391BA870FC40->947ec526-030f-41cc-8af7-a6f75e712ab0@group-5D45C35602B2, cid=1536, SUCCESS, logIndex=2204, commits[947ec526-030f-41cc-8af7-a6f75e712ab0:c2206, c447b9b6-dde2-4ce7-aa81-d0e2eddc8fe9:c2203, 28b540ac-241d-462a-a56c-509e92928066:c2203]
2019-08-20 22:34:27,513 | INFO  | DNAudit | user=null | ip=null | op=PUT_BLOCK {blockData=[blockId=conID: 1 locID: 102651688877687281 bcsId: 0,size=2097152]} | ret=SUCCESS |  
2019-08-20 22:34:27,513 | INFO  | DNAudit | user=null | ip=null | op=WRITE_CHUNK {blockData=conID: 1 locID: 102651688877687281 bcsId: 0} | ret=SUCCESS |  
2019-08-20 22:34:27,513 [grpc-default-executor-5] INFO  client.GrpcClientProtocolClient (GrpcClientProtocolClient.java:onNext(255)) - client-391BA870FC40->947ec526-030f-41cc-8af7-a6f75e712ab0: receive RaftClientReply:client-391BA870FC40->947ec526-030f-41cc-8af7-a6f75e712ab0@group-5D45C35602B2, cid=1537, SUCCESS, logIndex=2205, commits[947ec526-030f-41cc-8af7-a6f75e712ab0:c2207, c447b9b6-dde2-4ce7-aa81-d0e2eddc8fe9:c2203, 28b540ac-241d-462a-a56c-509e92928066:c2203]
2019-08-20 22:34:27,513 [grpc-default-executor-5] INFO  client.GrpcClientProtocolClient (GrpcClientProtocolClient.java:onNext(255)) - client-391BA870FC40->947ec526-030f-41cc-8af7-a6f75e712ab0: receive RaftClientReply:client-391BA870FC40->947ec526-030f-41cc-8af7-a6f75e712ab0@group-5D45C35602B2, cid=1538, SUCCESS, logIndex=2206, commits[947ec526-030f-41cc-8af7-a6f75e712ab0:c2207, c447b9b6-dde2-4ce7-aa81-d0e2eddc8fe9:c2203, 28b540ac-241d-462a-a56c-509e92928066:c2203]
2019-08-20 22:34:27,514 | INFO  | DNAudit | user=null | ip=null | op=WRITE_CHUNK {blockData=conID: 1 locID: 102651688877687281 bcsId: 0} | ret=SUCCESS |  
2019-08-20 22:34:27,514 [grpc-default-executor-5] INFO  client.GrpcClientProtocolClient (GrpcClientProtocolClient.java:onNext(255)) - client-391BA870FC40->947ec526-030f-41cc-8af7-a6f75e712ab0: receive RaftClientReply:client-391BA870FC40->947ec526-030f-41cc-8af7-a6f75e712ab0@group-5D45C35602B2, cid=1539, SUCCESS, logIndex=2207, commits[947ec526-030f-41cc-8af7-a6f75e712ab0:c2207, c447b9b6-dde2-4ce7-aa81-d0e2eddc8fe9:c2204, 28b540ac-241d-462a-a56c-509e92928066:c2203]
2019-08-20 22:34:27,514 | INFO  | DNAudit | user=null | ip=null | op=PUT_BLOCK {blockData=[blockId=conID: 1 locID: 102651688877687281 bcsId: 0,size=1048576]} | ret=SUCCESS |  
2019-08-20 22:34:27,514 | INFO  | DNAudit | user=null | ip=null | op=WRITE_CHUNK {blockData=conID: 1 locID: 102651688877687281 bcsId: 0} | ret=SUCCESS |  
2019-08-20 22:34:27,516 | INFO  | DNAudit | user=null | ip=null | op=PUT_BLOCK {blockData=[blockId=conID: 1 locID: 102651688877687281 bcsId: 0,size=1048576]} | ret=SUCCESS |  
2019-08-20 22:34:27,516 | INFO  | DNAudit | user=null | ip=null | op=WRITE_CHUNK {blockData=conID: 1 locID: 102651688877687281 bcsId: 0} | ret=SUCCESS |  
2019-08-20 22:34:27,516 | INFO  | DNAudit | user=null | ip=null | op=PUT_BLOCK {blockData=[blockId=conID: 1 locID: 102651688877687281 bcsId: 0,size=2097152]} | ret=SUCCESS |  
2019-08-20 22:34:27,517 [grpc-default-executor-5] INFO  client.GrpcClientProtocolClient (GrpcClientProtocolClient.java:onNext(255)) - client-391BA870FC40->947ec526-030f-41cc-8af7-a6f75e712ab0: receive RaftClientReply:client-391BA870FC40->947ec526-030f-41cc-8af7-a6f75e712ab0@group-5D45C35602B2, cid=1540, SUCCESS, logIndex=0, commits[947ec526-030f-41cc-8af7-a6f75e712ab0:c2210, c447b9b6-dde2-4ce7-aa81-d0e2eddc8fe9:c2205, 28b540ac-241d-462a-a56c-509e92928066:c2206]
2019-08-20 22:34:27,523 | INFO  | DNAudit | user=null | ip=null | op=WRITE_CHUNK {blockData=conID: 1 locID: 102651688877687281 bcsId: 2207} | ret=SUCCESS |  
2019-08-20 22:34:27,525 | INFO  | DNAudit | user=null | ip=null | op=WRITE_CHUNK {blockData=conID: 1 locID: 102651688877687281 bcsId: 2207} | ret=SUCCESS |  
2019-08-20 22:34:27,525 | INFO  | DNAudit | user=null | ip=null | op=WRITE_CHUNK {blockData=conID: 1 locID: 102651688877687281 bcsId: 2207} | ret=SUCCESS |  
2019-08-20 22:34:27,527 | INFO  | DNAudit | user=null | ip=null | op=PUT_BLOCK {blockData=[blockId=conID: 1 locID: 102651688877687281 bcsId: 0,size=2097152]} | ret=SUCCESS |  
2019-08-20 22:34:27,528 | INFO  | DNAudit | user=null | ip=null | op=WRITE_CHUNK {blockData=conID: 1 locID: 102651688877687281 bcsId: 2207} | ret=SUCCESS |  
2019-08-20 22:34:27,529 | INFO  | DNAudit | user=null | ip=null | op=PUT_BLOCK {blockData=[blockId=conID: 1 locID: 102651688877687281 bcsId: 0,size=3145728]} | ret=SUCCESS |  
2019-08-20 22:34:27,529 [grpc-default-executor-4] INFO  client.GrpcClientProtocolClient (GrpcClientProtocolClient.java:onNext(255)) - client-391BA870FC40->947ec526-030f-41cc-8af7-a6f75e712ab0: receive RaftClientReply:client-391BA870FC40->947ec526-030f-41cc-8af7-a6f75e712ab0@group-5D45C35602B2, cid=1541, SUCCESS, logIndex=2212, commits[947ec526-030f-41cc-8af7-a6f75e712ab0:c2213, c447b9b6-dde2-4ce7-aa81-d0e2eddc8fe9:c2211, 28b540ac-241d-462a-a56c-509e92928066:c2211]
2019-08-20 22:34:27,529 [grpc-default-executor-4] INFO  client.GrpcClientProtocolClient (GrpcClientProtocolClient.java:onNext(255)) - client-391BA870FC40->947ec526-030f-41cc-8af7-a6f75e712ab0: receive RaftClientReply:client-391BA870FC40->947ec526-030f-41cc-8af7-a6f75e712ab0@group-5D45C35602B2, cid=1542, SUCCESS, logIndex=2213, commits[947ec526-030f-41cc-8af7-a6f75e712ab0:c2213, c447b9b6-dde2-4ce7-aa81-d0e2eddc8fe9:c2211, 28b540ac-241d-462a-a56c-509e92928066:c2211]
2019-08-20 22:34:27,531 | INFO  | DNAudit | user=null | ip=null | op=WRITE_CHUNK {blockData=conID: 1 locID: 102651688877687281 bcsId: 2207} | ret=SUCCESS |  
2019-08-20 22:34:27,531 | INFO  | DNAudit | user=null | ip=null | op=PUT_BLOCK {blockData=[blockId=conID: 1 locID: 102651688877687281 bcsId: 0,size=3145728]} | ret=SUCCESS |  
2019-08-20 22:34:27,536 | INFO  | DNAudit | user=null | ip=null | op=WRITE_CHUNK {blockData=conID: 1 locID: 102651688877687281 bcsId: 2213} | ret=SUCCESS |  
2019-08-20 22:34:27,629 | INFO  | SCMAudit | user=jenkins1000 | ip=192.168.5.142 | op=SEND_HEARTBEAT {datanodeUUID=d55cd342-4e6c-4701-86f3-cb557f3478dc, command=[]} | ret=SUCCESS |  
2019-08-20 22:34:27,629 | INFO  | DNAudit | user=null | ip=null | op=WRITE_CHUNK {blockData=conID: 1 locID: 102651688877687281 bcsId: 2207} | ret=SUCCESS |  
2019-08-20 22:34:27,630 | INFO  | DNAudit | user=null | ip=null | op=PUT_BLOCK {blockData=[blockId=conID: 1 locID: 102651688877687281 bcsId: 0,size=3145728]} | ret=SUCCESS |  
2019-08-20 22:34:27,630 | INFO  | DNAudit | user=null | ip=null | op=WRITE_CHUNK {blockData=conID: 1 locID: 102651688877687281 bcsId: 2213} | ret=SUCCESS |  
2019-08-20 22:34:27,631 | INFO  | DNAudit | user=null | ip=null | op=WRITE_CHUNK {blockData=conID: 1 locID: 102651688877687281 bcsId: 2213} | ret=SUCCESS |  
2019-08-20 22:34:27,643 | INFO  | DNAudit | user=null | ip=null | op=WRITE_CHUNK {blockData=conID: 1 locID: 102651688877687281 bcsId: 2213} | ret=SUCCESS |  
2019-08-20 22:34:27,644 | INFO  | DNAudit | user=null | ip=null | op=PUT_BLOCK {blockData=[blockId=conID: 1 locID: 102651688877687281 bcsId: 0,size=4194304]} | ret=SUCCESS |  
2019-08-20 22:34:27,644 [grpc-default-executor-5] INFO  client.GrpcClientProtocolClient (GrpcClientProtocolClient.java:onNext(255)) - client-391BA870FC40->947ec526-030f-41cc-8af7-a6f75e712ab0: receive RaftClientReply:client-391BA870FC40->947ec526-030f-41cc-8af7-a6f75e712ab0@group-5D45C35602B2, cid=1543, SUCCESS, logIndex=2216, commits[947ec526-030f-41cc-8af7-a6f75e712ab0:c2217, c447b9b6-dde2-4ce7-aa81-d0e2eddc8fe9:c2214, 28b540ac-241d-462a-a56c-509e92928066:c2214]
2019-08-20 22:34:27,644 [grpc-default-executor-5] INFO  client.GrpcClientProtocolClient (GrpcClientProtocolClient.java:onNext(255)) - client-391BA870FC40->947ec526-030f-41cc-8af7-a6f75e712ab0: receive RaftClientReply:client-391BA870FC40->947ec526-030f-41cc-8af7-a6f75e712ab0@group-5D45C35602B2, cid=1544, SUCCESS, logIndex=2217, commits[947ec526-030f-41cc-8af7-a6f75e712ab0:c2217, c447b9b6-dde2-4ce7-aa81-d0e2eddc8fe9:c2214, 28b540ac-241d-462a-a56c-509e92928066:c2214]
2019-08-20 22:34:27,656 | INFO  | DNAudit | user=null | ip=null | op=WRITE_CHUNK {blockData=conID: 1 locID: 102651688877687281 bcsId: 2213} | ret=SUCCESS |  
2019-08-20 22:34:27,656 | INFO  | DNAudit | user=null | ip=null | op=WRITE_CHUNK {blockData=conID: 1 locID: 102651688877687281 bcsId: 2213} | ret=SUCCESS |  
2019-08-20 22:34:27,669 | INFO  | DNAudit | user=null | ip=null | op=PUT_BLOCK {blockData=[blockId=conID: 1 locID: 102651688877687281 bcsId: 0,size=4194304]} | ret=SUCCESS |  
2019-08-20 22:34:27,669 | INFO  | DNAudit | user=null | ip=null | op=PUT_BLOCK {blockData=[blockId=conID: 1 locID: 102651688877687281 bcsId: 0,size=4194304]} | ret=SUCCESS |  
2019-08-20 22:34:27,669 [grpc-default-executor-5] INFO  client.GrpcClientProtocolClient (GrpcClientProtocolClient.java:onNext(255)) - client-391BA870FC40->947ec526-030f-41cc-8af7-a6f75e712ab0: receive RaftClientReply:client-391BA870FC40->947ec526-030f-41cc-8af7-a6f75e712ab0@group-5D45C35602B2, cid=1545, SUCCESS, logIndex=0, commits[947ec526-030f-41cc-8af7-a6f75e712ab0:c2219, c447b9b6-dde2-4ce7-aa81-d0e2eddc8fe9:c2217, 28b540ac-241d-462a-a56c-509e92928066:c2217]
2019-08-20 22:34:27,673 | INFO  | SCMAudit | user=jenkins1000 | ip=192.168.5.142 | op=ALLOCATE_BLOCK {owner=6f694d07-2a2f-44d9-8e1c-aaa094a2f647, size=4194304, type=RATIS, factor=THREE} | ret=SUCCESS |  
2019-08-20 22:34:27,675 | INFO  | OMAudit | user=jenkins1000 | ip=127.0.0.1 | op=ALLOCATE_BLOCK {volume=vol-0-80747, bucket=bucket-0-27686, key=key-0-47435, dataSize=0, replicationType=null, replicationFactor=null, keyLocationInfo=null, clientID=102651687805452690} | ret=SUCCESS |  
2019-08-20 22:34:27,682 | INFO  | DNAudit | user=null | ip=null | op=WRITE_CHUNK {blockData=conID: 2 locID: 102651688889418226 bcsId: 0} | ret=SUCCESS |  
2019-08-20 22:34:27,684 | INFO  | DNAudit | user=null | ip=null | op=WRITE_CHUNK {blockData=conID: 2 locID: 102651688889418226 bcsId: 0} | ret=SUCCESS |  
2019-08-20 22:34:27,684 | INFO  | DNAudit | user=null | ip=null | op=WRITE_CHUNK {blockData=conID: 2 locID: 102651688889418226 bcsId: 0} | ret=SUCCESS |  
2019-08-20 22:34:27,684 | INFO  | DNAudit | user=null | ip=null | op=WRITE_CHUNK {blockData=conID: 2 locID: 102651688889418226 bcsId: 0} | ret=SUCCESS |  
2019-08-20 22:34:27,686 | INFO  | DNAudit | user=null | ip=null | op=WRITE_CHUNK {blockData=conID: 2 locID: 102651688889418226 bcsId: 0} | ret=SUCCESS |  
2019-08-20 22:34:27,686 | INFO  | DNAudit | user=null | ip=null | op=WRITE_CHUNK {blockData=conID: 2 locID: 102651688889418226 bcsId: 0} | ret=SUCCESS |  
2019-08-20 22:34:27,698 | INFO  | DNAudit | user=null | ip=null | op=WRITE_CHUNK {blockData=conID: 2 locID: 102651688889418226 bcsId: 0} | ret=SUCCESS |  
2019-08-20 22:34:27,698 | INFO  | DNAudit | user=null | ip=null | op=PUT_BLOCK {blockData=[blockId=conID: 2 locID: 102651688889418226 bcsId: 0,size=1048576]} | ret=SUCCESS |  
2019-08-20 22:34:27,698 [grpc-default-executor-5] INFO  client.GrpcClientProtocolClient (GrpcClientProtocolClient.java:onNext(255)) - client-391BA870FC40->947ec526-030f-41cc-8af7-a6f75e712ab0: receive RaftClientReply:client-391BA870FC40->947ec526-030f-41cc-8af7-a6f75e712ab0@group-5D45C35602B2, cid=1546, SUCCESS, logIndex=2220, commits[947ec526-030f-41cc-8af7-a6f75e712ab0:c2221, c447b9b6-dde2-4ce7-aa81-d0e2eddc8fe9:c2219, 28b540ac-241d-462a-a56c-509e92928066:c2217]
2019-08-20 22:34:27,699 [grpc-default-executor-5] INFO  client.GrpcClientProtocolClient (GrpcClientProtocolClient.java:onNext(255)) - client-391BA870FC40->947ec526-030f-41cc-8af7-a6f75e712ab0: receive RaftClientReply:client-391BA870FC40->947ec526-030f-41cc-8af7-a6f75e712ab0@group-5D45C35602B2, cid=1547, SUCCESS, logIndex=2221, commits[947ec526-030f-41cc-8af7-a6f75e712ab0:c2221, c447b9b6-dde2-4ce7-aa81-d0e2eddc8fe9:c2219, 28b540ac-241d-462a-a56c-509e92928066:c2219]
2019-08-20 22:34:27,709 | INFO  | DNAudit | user=null | ip=null | op=WRITE_CHUNK {blockData=conID: 2 locID: 102651688889418226 bcsId: 0} | ret=SUCCESS |  
2019-08-20 22:34:27,710 | INFO  | DNAudit | user=null | ip=null | op=PUT_BLOCK {blockData=[blockId=conID: 2 locID: 102651688889418226 bcsId: 0,size=2097152]} | ret=SUCCESS |  
2019-08-20 22:34:27,710 | INFO  | DNAudit | user=null | ip=null | op=WRITE_CHUNK {blockData=conID: 2 locID: 102651688889418226 bcsId: 0} | ret=SUCCESS |  
2019-08-20 22:34:27,710 [grpc-default-executor-3] INFO  client.GrpcClientProtocolClient (GrpcClientProtocolClient.java:onNext(255)) - client-391BA870FC40->947ec526-030f-41cc-8af7-a6f75e712ab0: receive RaftClientReply:client-391BA870FC40->947ec526-030f-41cc-8af7-a6f75e712ab0@group-5D45C35602B2, cid=1548, SUCCESS, logIndex=2222, commits[947ec526-030f-41cc-8af7-a6f75e712ab0:c2223, c447b9b6-dde2-4ce7-aa81-d0e2eddc8fe9:c2219, 28b540ac-241d-462a-a56c-509e92928066:c2219]
2019-08-20 22:34:27,710 | INFO  | DNAudit | user=null | ip=null | op=PUT_BLOCK {blockData=[blockId=conID: 2 locID: 102651688889418226 bcsId: 0,size=1048576]} | ret=SUCCESS |  
2019-08-20 22:34:27,710 [grpc-default-executor-3] INFO  client.GrpcClientProtocolClient (GrpcClientProtocolClient.java:onNext(255)) - client-391BA870FC40->947ec526-030f-41cc-8af7-a6f75e712ab0: receive RaftClientReply:client-391BA870FC40->947ec526-030f-41cc-8af7-a6f75e712ab0@group-5D45C35602B2, cid=1549, SUCCESS, logIndex=2223, commits[947ec526-030f-41cc-8af7-a6f75e712ab0:c2223, c447b9b6-dde2-4ce7-aa81-d0e2eddc8fe9:c2219, 28b540ac-241d-462a-a56c-509e92928066:c2219]
2019-08-20 22:34:27,712 | INFO  | DNAudit | user=null | ip=null | op=WRITE_CHUNK {blockData=conID: 2 locID: 102651688889418226 bcsId: 0} | ret=SUCCESS |  
2019-08-20 22:34:27,712 | INFO  | DNAudit | user=null | ip=null | op=PUT_BLOCK {blockData=[blockId=conID: 2 locID: 102651688889418226 bcsId: 0,size=1048576]} | ret=SUCCESS |  
2019-08-20 22:34:27,713 [grpc-default-executor-3] INFO  client.GrpcClientProtocolClient (GrpcClientProtocolClient.java:onNext(255)) - client-391BA870FC40->947ec526-030f-41cc-8af7-a6f75e712ab0: receive RaftClientReply:client-391BA870FC40->947ec526-030f-41cc-8af7-a6f75e712ab0@group-5D45C35602B2, cid=1550, SUCCESS, logIndex=0, commits[947ec526-030f-41cc-8af7-a6f75e712ab0:c2224, c447b9b6-dde2-4ce7-aa81-d0e2eddc8fe9:c2221, 28b540ac-241d-462a-a56c-509e92928066:c2221]
2019-08-20 22:34:27,718 | INFO  | DNAudit | user=null | ip=null | op=WRITE_CHUNK {blockData=conID: 2 locID: 102651688889418226 bcsId: 2223} | ret=SUCCESS |  
2019-08-20 22:34:27,720 | INFO  | DNAudit | user=null | ip=null | op=WRITE_CHUNK {blockData=conID: 2 locID: 102651688889418226 bcsId: 2223} | ret=SUCCESS |  
2019-08-20 22:34:27,720 | INFO  | DNAudit | user=null | ip=null | op=WRITE_CHUNK {blockData=conID: 2 locID: 102651688889418226 bcsId: 2223} | ret=SUCCESS |  
2019-08-20 22:34:27,723 | INFO  | DNAudit | user=null | ip=null | op=WRITE_CHUNK {blockData=conID: 2 locID: 102651688889418226 bcsId: 0} | ret=SUCCESS |  
2019-08-20 22:34:27,723 | INFO  | DNAudit | user=null | ip=null | op=PUT_BLOCK {blockData=[blockId=conID: 2 locID: 102651688889418226 bcsId: 0,size=2097152]} | ret=SUCCESS |  
2019-08-20 22:34:27,725 | INFO  | DNAudit | user=null | ip=null | op=WRITE_CHUNK {blockData=conID: 2 locID: 102651688889418226 bcsId: 0} | ret=SUCCESS |  
2019-08-20 22:34:27,725 | INFO  | DNAudit | user=null | ip=null | op=PUT_BLOCK {blockData=[blockId=conID: 2 locID: 102651688889418226 bcsId: 0,size=2097152]} | ret=SUCCESS |  
2019-08-20 22:34:27,738 | INFO  | DNAudit | user=null | ip=null | op=WRITE_CHUNK {blockData=conID: 2 locID: 102651688889418226 bcsId: 2223} | ret=SUCCESS |  
2019-08-20 22:34:27,738 | INFO  | DNAudit | user=null | ip=null | op=PUT_BLOCK {blockData=[blockId=conID: 2 locID: 102651688889418226 bcsId: 0,size=3145728]} | ret=SUCCESS |  
2019-08-20 22:34:27,738 [grpc-default-executor-2] INFO  client.GrpcClientProtocolClient (GrpcClientProtocolClient.java:onNext(255)) - client-391BA870FC40->947ec526-030f-41cc-8af7-a6f75e712ab0: receive RaftClientReply:client-391BA870FC40->947ec526-030f-41cc-8af7-a6f75e712ab0@group-5D45C35602B2, cid=1551, SUCCESS, logIndex=2227, commits[947ec526-030f-41cc-8af7-a6f75e712ab0:c2228, c447b9b6-dde2-4ce7-aa81-d0e2eddc8fe9:c2224, 28b540ac-241d-462a-a56c-509e92928066:c2223]
2019-08-20 22:34:27,738 [grpc-default-executor-2] INFO  client.GrpcClientProtocolClient (GrpcClientProtocolClient.java:onNext(255)) - client-391BA870FC40->947ec526-030f-41cc-8af7-a6f75e712ab0: receive RaftClientReply:client-391BA870FC40->947ec526-030f-41cc-8af7-a6f75e712ab0@group-5D45C35602B2, cid=1552, SUCCESS, logIndex=2228, commits[947ec526-030f-41cc-8af7-a6f75e712ab0:c2228, c447b9b6-dde2-4ce7-aa81-d0e2eddc8fe9:c2224, 28b540ac-241d-462a-a56c-509e92928066:c2224]
2019-08-20 22:34:27,744 | INFO  | DNAudit | user=null | ip=null | op=WRITE_CHUNK {blockData=conID: 2 locID: 102651688889418226 bcsId: 2228} | ret=SUCCESS |  
2019-08-20 22:34:27,746 | INFO  | DNAudit | user=null | ip=null | op=WRITE_CHUNK {blockData=conID: 2 locID: 102651688889418226 bcsId: 2228} | ret=SUCCESS |  
2019-08-20 22:34:27,747 | INFO  | DNAudit | user=null | ip=null | op=WRITE_CHUNK {blockData=conID: 2 locID: 102651688889418226 bcsId: 2228} | ret=SUCCESS |  
2019-08-20 22:34:27,751 | INFO  | DNAudit | user=null | ip=null | op=WRITE_CHUNK {blockData=conID: 2 locID: 102651688889418226 bcsId: 2223} | ret=SUCCESS |  
2019-08-20 22:34:27,751 | INFO  | DNAudit | user=null | ip=null | op=WRITE_CHUNK {blockData=conID: 2 locID: 102651688889418226 bcsId: 2223} | ret=SUCCESS |  
2019-08-20 22:34:27,751 | INFO  | DNAudit | user=null | ip=null | op=PUT_BLOCK {blockData=[blockId=conID: 2 locID: 102651688889418226 bcsId: 0,size=3145728]} | ret=SUCCESS |  
2019-08-20 22:34:27,751 | INFO  | DNAudit | user=null | ip=null | op=PUT_BLOCK {blockData=[blockId=conID: 2 locID: 102651688889418226 bcsId: 0,size=3145728]} | ret=SUCCESS |  
2019-08-20 22:34:27,764 | INFO  | DNAudit | user=null | ip=null | op=WRITE_CHUNK {blockData=conID: 2 locID: 102651688889418226 bcsId: 2228} | ret=SUCCESS |  
2019-08-20 22:34:27,764 | INFO  | DNAudit | user=null | ip=null | op=PUT_BLOCK {blockData=[blockId=conID: 2 locID: 102651688889418226 bcsId: 0,size=4194304]} | ret=SUCCESS |  
2019-08-20 22:34:27,764 [grpc-default-executor-3] INFO  client.GrpcClientProtocolClient (GrpcClientProtocolClient.java:onNext(255)) - client-391BA870FC40->947ec526-030f-41cc-8af7-a6f75e712ab0: receive RaftClientReply:client-391BA870FC40->947ec526-030f-41cc-8af7-a6f75e712ab0@group-5D45C35602B2, cid=1553, SUCCESS, logIndex=2230, commits[947ec526-030f-41cc-8af7-a6f75e712ab0:c2231, c447b9b6-dde2-4ce7-aa81-d0e2eddc8fe9:c2228, 28b540ac-241d-462a-a56c-509e92928066:c2228]
2019-08-20 22:34:27,765 [grpc-default-executor-3] INFO  client.GrpcClientProtocolClient (GrpcClientProtocolClient.java:onNext(255)) - client-391BA870FC40->947ec526-030f-41cc-8af7-a6f75e712ab0: receive RaftClientReply:client-391BA870FC40->947ec526-030f-41cc-8af7-a6f75e712ab0@group-5D45C35602B2, cid=1554, SUCCESS, logIndex=2231, commits[947ec526-030f-41cc-8af7-a6f75e712ab0:c2231, c447b9b6-dde2-4ce7-aa81-d0e2eddc8fe9:c2228, 28b540ac-241d-462a-a56c-509e92928066:c2228]
2019-08-20 22:34:27,785 | INFO  | DNAudit | user=null | ip=null | op=WRITE_CHUNK {blockData=conID: 2 locID: 102651688889418226 bcsId: 2228} | ret=SUCCESS |  
2019-08-20 22:34:27,785 | INFO  | DNAudit | user=null | ip=null | op=WRITE_CHUNK {blockData=conID: 2 locID: 102651688889418226 bcsId: 2228} | ret=SUCCESS |  
2019-08-20 22:34:27,788 | INFO  | DNAudit | user=null | ip=null | op=PUT_BLOCK {blockData=[blockId=conID: 2 locID: 102651688889418226 bcsId: 0,size=4194304]} | ret=SUCCESS |  
2019-08-20 22:34:27,788 | INFO  | DNAudit | user=null | ip=null | op=PUT_BLOCK {blockData=[blockId=conID: 2 locID: 102651688889418226 bcsId: 0,size=4194304]} | ret=SUCCESS |  
2019-08-20 22:34:27,788 [grpc-default-executor-5] INFO  client.GrpcClientProtocolClient (GrpcClientProtocolClient.java:onNext(255)) - client-391BA870FC40->947ec526-030f-41cc-8af7-a6f75e712ab0: receive RaftClientReply:client-391BA870FC40->947ec526-030f-41cc-8af7-a6f75e712ab0@group-5D45C35602B2, cid=1555, SUCCESS, logIndex=0, commits[947ec526-030f-41cc-8af7-a6f75e712ab0:c2233, c447b9b6-dde2-4ce7-aa81-d0e2eddc8fe9:c2231, 28b540ac-241d-462a-a56c-509e92928066:c2231]
2019-08-20 22:34:27,793 | INFO  | SCMAudit | user=jenkins1000 | ip=192.168.5.142 | op=ALLOCATE_BLOCK {owner=6f694d07-2a2f-44d9-8e1c-aaa094a2f647, size=4194304, type=RATIS, factor=THREE} | ret=SUCCESS |  
2019-08-20 22:34:27,795 | INFO  | OMAudit | user=jenkins1000 | ip=127.0.0.1 | op=ALLOCATE_BLOCK {volume=vol-0-80747, bucket=bucket-0-27686, key=key-0-47435, dataSize=0, replicationType=null, replicationFactor=null, keyLocationInfo=null, clientID=102651687805452690} | ret=SUCCESS |  
2019-08-20 22:34:27,803 | INFO  | DNAudit | user=null | ip=null | op=WRITE_CHUNK {blockData=conID: 3 locID: 102651688897282547 bcsId: 0} | ret=SUCCESS |  
2019-08-20 22:34:27,806 | INFO  | DNAudit | user=null | ip=null | op=WRITE_CHUNK {blockData=conID: 3 locID: 102651688897282547 bcsId: 0} | ret=SUCCESS |  
2019-08-20 22:34:27,806 | INFO  | DNAudit | user=null | ip=null | op=WRITE_CHUNK {blockData=conID: 3 locID: 102651688897282547 bcsId: 0} | ret=SUCCESS |  
2019-08-20 22:34:27,807 | INFO  | DNAudit | user=null | ip=null | op=WRITE_CHUNK {blockData=conID: 3 locID: 102651688897282547 bcsId: 0} | ret=SUCCESS |  
2019-08-20 22:34:27,807 | INFO  | DNAudit | user=null | ip=null | op=WRITE_CHUNK {blockData=conID: 3 locID: 102651688897282547 bcsId: 0} | ret=SUCCESS |  
2019-08-20 22:34:27,807 | INFO  | DNAudit | user=null | ip=null | op=WRITE_CHUNK {blockData=conID: 3 locID: 102651688897282547 bcsId: 0} | ret=SUCCESS |  
2019-08-20 22:34:27,816 | INFO  | DNAudit | user=null | ip=null | op=WRITE_CHUNK {blockData=conID: 3 locID: 102651688897282547 bcsId: 0} | ret=SUCCESS |  
2019-08-20 22:34:27,817 | INFO  | DNAudit | user=null | ip=null | op=PUT_BLOCK {blockData=[blockId=conID: 3 locID: 102651688897282547 bcsId: 0,size=1048576]} | ret=SUCCESS |  
2019-08-20 22:34:27,817 | INFO  | DNAudit | user=null | ip=null | op=WRITE_CHUNK {blockData=conID: 3 locID: 102651688897282547 bcsId: 0} | ret=SUCCESS |  
2019-08-20 22:34:27,817 [grpc-default-executor-5] INFO  client.GrpcClientProtocolClient (GrpcClientProtocolClient.java:onNext(255)) - client-391BA870FC40->947ec526-030f-41cc-8af7-a6f75e712ab0: receive RaftClientReply:client-391BA870FC40->947ec526-030f-41cc-8af7-a6f75e712ab0@group-5D45C35602B2, cid=1556, SUCCESS, logIndex=2234, commits[947ec526-030f-41cc-8af7-a6f75e712ab0:c2236, c447b9b6-dde2-4ce7-aa81-d0e2eddc8fe9:c2233, 28b540ac-241d-462a-a56c-509e92928066:c2233]
2019-08-20 22:34:27,818 | INFO  | DNAudit | user=null | ip=null | op=PUT_BLOCK {blockData=[blockId=conID: 3 locID: 102651688897282547 bcsId: 0,size=2097152]} | ret=SUCCESS |  
2019-08-20 22:34:27,818 [grpc-default-executor-5] INFO  client.GrpcClientProtocolClient (GrpcClientProtocolClient.java:onNext(255)) - client-391BA870FC40->947ec526-030f-41cc-8af7-a6f75e712ab0: receive RaftClientReply:client-391BA870FC40->947ec526-030f-41cc-8af7-a6f75e712ab0@group-5D45C35602B2, cid=1557, SUCCESS, logIndex=2235, commits[947ec526-030f-41cc-8af7-a6f75e712ab0:c2237, c447b9b6-dde2-4ce7-aa81-d0e2eddc8fe9:c2233, 28b540ac-241d-462a-a56c-509e92928066:c2233]
2019-08-20 22:34:27,818 [grpc-default-executor-5] INFO  client.GrpcClientProtocolClient (GrpcClientProtocolClient.java:onNext(255)) - client-391BA870FC40->947ec526-030f-41cc-8af7-a6f75e712ab0: receive RaftClientReply:client-391BA870FC40->947ec526-030f-41cc-8af7-a6f75e712ab0@group-5D45C35602B2, cid=1558, SUCCESS, logIndex=2236, commits[947ec526-030f-41cc-8af7-a6f75e712ab0:c2237, c447b9b6-dde2-4ce7-aa81-d0e2eddc8fe9:c2233, 28b540ac-241d-462a-a56c-509e92928066:c2233]
2019-08-20 22:34:27,818 [grpc-default-executor-5] INFO  client.GrpcClientProtocolClient (GrpcClientProtocolClient.java:onNext(255)) - client-391BA870FC40->947ec526-030f-41cc-8af7-a6f75e712ab0: receive RaftClientReply:client-391BA870FC40->947ec526-030f-41cc-8af7-a6f75e712ab0@group-5D45C35602B2, cid=1559, SUCCESS, logIndex=2237, commits[947ec526-030f-41cc-8af7-a6f75e712ab0:c2237, c447b9b6-dde2-4ce7-aa81-d0e2eddc8fe9:c2233, 28b540ac-241d-462a-a56c-509e92928066:c2233]
2019-08-20 22:34:27,830 | INFO  | DNAudit | user=null | ip=null | op=WRITE_CHUNK {blockData=conID: 3 locID: 102651688897282547 bcsId: 0} | ret=SUCCESS |  
2019-08-20 22:34:27,830 | INFO  | DNAudit | user=null | ip=null | op=PUT_BLOCK {blockData=[blockId=conID: 3 locID: 102651688897282547 bcsId: 0,size=1048576]} | ret=SUCCESS |  
2019-08-20 22:34:27,832 | INFO  | DNAudit | user=null | ip=null | op=WRITE_CHUNK {blockData=conID: 3 locID: 102651688897282547 bcsId: 0} | ret=SUCCESS |  
2019-08-20 22:34:27,832 | INFO  | DNAudit | user=null | ip=null | op=PUT_BLOCK {blockData=[blockId=conID: 3 locID: 102651688897282547 bcsId: 0,size=1048576]} | ret=SUCCESS |  
2019-08-20 22:34:27,832 [grpc-default-executor-5] INFO  client.GrpcClientProtocolClient (GrpcClientProtocolClient.java:onNext(255)) - client-391BA870FC40->947ec526-030f-41cc-8af7-a6f75e712ab0: receive RaftClientReply:client-391BA870FC40->947ec526-030f-41cc-8af7-a6f75e712ab0@group-5D45C35602B2, cid=1560, SUCCESS, logIndex=0, commits[947ec526-030f-41cc-8af7-a6f75e712ab0:c2238, c447b9b6-dde2-4ce7-aa81-d0e2eddc8fe9:c2235, 28b540ac-241d-462a-a56c-509e92928066:c2235]
2019-08-20 22:34:27,839 | INFO  | DNAudit | user=null | ip=null | op=WRITE_CHUNK {blockData=conID: 3 locID: 102651688897282547 bcsId: 2237} | ret=SUCCESS |  
2019-08-20 22:34:27,840 | INFO  | DNAudit | user=null | ip=null | op=WRITE_CHUNK {blockData=conID: 3 locID: 102651688897282547 bcsId: 2237} | ret=SUCCESS |  
2019-08-20 22:34:27,841 | INFO  | DNAudit | user=null | ip=null | op=WRITE_CHUNK {blockData=conID: 3 locID: 102651688897282547 bcsId: 2237} | ret=SUCCESS |  
2019-08-20 22:34:27,842 | INFO  | DNAudit | user=null | ip=null | op=WRITE_CHUNK {blockData=conID: 3 locID: 102651688897282547 bcsId: 0} | ret=SUCCESS |  
2019-08-20 22:34:27,843 | INFO  | DNAudit | user=null | ip=null | op=PUT_BLOCK {blockData=[blockId=conID: 3 locID: 102651688897282547 bcsId: 0,size=2097152]} | ret=SUCCESS |  
2019-08-20 22:34:27,845 | INFO  | DNAudit | user=null | ip=null | op=WRITE_CHUNK {blockData=conID: 3 locID: 102651688897282547 bcsId: 0} | ret=SUCCESS |  
2019-08-20 22:34:27,845 | INFO  | DNAudit | user=null | ip=null | op=PUT_BLOCK {blockData=[blockId=conID: 3 locID: 102651688897282547 bcsId: 0,size=2097152]} | ret=SUCCESS |  
2019-08-20 22:34:27,856 | INFO  | DNAudit | user=null | ip=null | op=WRITE_CHUNK {blockData=conID: 3 locID: 102651688897282547 bcsId: 2237} | ret=SUCCESS |  
2019-08-20 22:34:27,856 | INFO  | DNAudit | user=null | ip=null | op=PUT_BLOCK {blockData=[blockId=conID: 3 locID: 102651688897282547 bcsId: 0,size=3145728]} | ret=SUCCESS |  
2019-08-20 22:34:27,857 [grpc-default-executor-2] INFO  client.GrpcClientProtocolClient (GrpcClientProtocolClient.java:onNext(255)) - client-391BA870FC40->947ec526-030f-41cc-8af7-a6f75e712ab0: receive RaftClientReply:client-391BA870FC40->947ec526-030f-41cc-8af7-a6f75e712ab0@group-5D45C35602B2, cid=1561, SUCCESS, logIndex=2242, commits[947ec526-030f-41cc-8af7-a6f75e712ab0:c2243, c447b9b6-dde2-4ce7-aa81-d0e2eddc8fe9:c2238, 28b540ac-241d-462a-a56c-509e92928066:c2238]
2019-08-20 22:34:27,857 [grpc-default-executor-2] INFO  client.GrpcClientProtocolClient (GrpcClientProtocolClient.java:onNext(255)) - client-391BA870FC40->947ec526-030f-41cc-8af7-a6f75e712ab0: receive RaftClientReply:client-391BA870FC40->947ec526-030f-41cc-8af7-a6f75e712ab0@group-5D45C35602B2, cid=1562, SUCCESS, logIndex=2243, commits[947ec526-030f-41cc-8af7-a6f75e712ab0:c2243, c447b9b6-dde2-4ce7-aa81-d0e2eddc8fe9:c2238, 28b540ac-241d-462a-a56c-509e92928066:c2238]
2019-08-20 22:34:27,857 | INFO  | DNAudit | user=null | ip=null | op=WRITE_CHUNK {blockData=conID: 3 locID: 102651688897282547 bcsId: 2237} | ret=SUCCESS |  
2019-08-20 22:34:27,857 | INFO  | DNAudit | user=null | ip=null | op=WRITE_CHUNK {blockData=conID: 3 locID: 102651688897282547 bcsId: 2237} | ret=SUCCESS |  
2019-08-20 22:34:27,857 | INFO  | DNAudit | user=null | ip=null | op=PUT_BLOCK {blockData=[blockId=conID: 3 locID: 102651688897282547 bcsId: 0,size=3145728]} | ret=SUCCESS |  
2019-08-20 22:34:27,858 | INFO  | DNAudit | user=null | ip=null | op=PUT_BLOCK {blockData=[blockId=conID: 3 locID: 102651688897282547 bcsId: 0,size=3145728]} | ret=SUCCESS |  
2019-08-20 22:34:27,863 | INFO  | DNAudit | user=null | ip=null | op=WRITE_CHUNK {blockData=conID: 3 locID: 102651688897282547 bcsId: 2243} | ret=SUCCESS |  
2019-08-20 22:34:27,866 | INFO  | DNAudit | user=null | ip=null | op=WRITE_CHUNK {blockData=conID: 3 locID: 102651688897282547 bcsId: 2243} | ret=SUCCESS |  
2019-08-20 22:34:27,866 | INFO  | DNAudit | user=null | ip=null | op=WRITE_CHUNK {blockData=conID: 3 locID: 102651688897282547 bcsId: 2243} | ret=SUCCESS |  
2019-08-20 22:34:27,876 | INFO  | DNAudit | user=null | ip=null | op=WRITE_CHUNK {blockData=conID: 3 locID: 102651688897282547 bcsId: 2243} | ret=SUCCESS |  
2019-08-20 22:34:27,877 | INFO  | DNAudit | user=null | ip=null | op=PUT_BLOCK {blockData=[blockId=conID: 3 locID: 102651688897282547 bcsId: 0,size=4194304]} | ret=SUCCESS |  
2019-08-20 22:34:27,877 [grpc-default-executor-5] INFO  client.GrpcClientProtocolClient (GrpcClientProtocolClient.java:onNext(255)) - client-391BA870FC40->947ec526-030f-41cc-8af7-a6f75e712ab0: receive RaftClientReply:client-391BA870FC40->947ec526-030f-41cc-8af7-a6f75e712ab0@group-5D45C35602B2, cid=1563, SUCCESS, logIndex=2246, commits[947ec526-030f-41cc-8af7-a6f75e712ab0:c2247, c447b9b6-dde2-4ce7-aa81-d0e2eddc8fe9:c2245, 28b540ac-241d-462a-a56c-509e92928066:c2245]
2019-08-20 22:34:27,877 [grpc-default-executor-5] INFO  client.GrpcClientProtocolClient (GrpcClientProtocolClient.java:onNext(255)) - client-391BA870FC40->947ec526-030f-41cc-8af7-a6f75e712ab0: receive RaftClientReply:client-391BA870FC40->947ec526-030f-41cc-8af7-a6f75e712ab0@group-5D45C35602B2, cid=1564, SUCCESS, logIndex=2247, commits[947ec526-030f-41cc-8af7-a6f75e712ab0:c2247, c447b9b6-dde2-4ce7-aa81-d0e2eddc8fe9:c2245, 28b540ac-241d-462a-a56c-509e92928066:c2245]
2019-08-20 22:34:27,889 | INFO  | DNAudit | user=null | ip=null | op=WRITE_CHUNK {blockData=conID: 3 locID: 102651688897282547 bcsId: 2243} | ret=SUCCESS |  
2019-08-20 22:34:27,889 | INFO  | DNAudit | user=null | ip=null | op=WRITE_CHUNK {blockData=conID: 3 locID: 102651688897282547 bcsId: 2243} | ret=SUCCESS |  
2019-08-20 22:34:27,903 | INFO  | DNAudit | user=null | ip=null | op=PUT_BLOCK {blockData=[blockId=conID: 3 locID: 102651688897282547 bcsId: 0,size=4194304]} | ret=SUCCESS |  
2019-08-20 22:34:27,903 | INFO  | DNAudit | user=null | ip=null | op=PUT_BLOCK {blockData=[blockId=conID: 3 locID: 102651688897282547 bcsId: 0,size=4194304]} | ret=SUCCESS |  
2019-08-20 22:34:27,903 [grpc-default-executor-5] INFO  client.GrpcClientProtocolClient (GrpcClientProtocolClient.java:onNext(255)) - client-391BA870FC40->947ec526-030f-41cc-8af7-a6f75e712ab0: receive RaftClientReply:client-391BA870FC40->947ec526-030f-41cc-8af7-a6f75e712ab0@group-5D45C35602B2, cid=1565, SUCCESS, logIndex=0, commits[947ec526-030f-41cc-8af7-a6f75e712ab0:c2249, c447b9b6-dde2-4ce7-aa81-d0e2eddc8fe9:c2247, 28b540ac-241d-462a-a56c-509e92928066:c2247]
2019-08-20 22:34:27,908 | INFO  | SCMAudit | user=jenkins1000 | ip=192.168.5.142 | op=ALLOCATE_BLOCK {owner=6f694d07-2a2f-44d9-8e1c-aaa094a2f647, size=4194304, type=RATIS, factor=THREE} | ret=SUCCESS |  
2019-08-20 22:34:27,910 | INFO  | OMAudit | user=jenkins1000 | ip=127.0.0.1 | op=ALLOCATE_BLOCK {volume=vol-0-80747, bucket=bucket-0-27686, key=key-0-47435, dataSize=0, replicationType=null, replicationFactor=null, keyLocationInfo=null, clientID=102651687805452690} | ret=SUCCESS |  
2019-08-20 22:34:27,920 | INFO  | DNAudit | user=null | ip=null | op=WRITE_CHUNK {blockData=conID: 1 locID: 102651688904819188 bcsId: 0} | ret=SUCCESS |  
2019-08-20 22:34:27,921 | INFO  | DNAudit | user=null | ip=null | op=WRITE_CHUNK {blockData=conID: 1 locID: 102651688904819188 bcsId: 0} | ret=SUCCESS |  
2019-08-20 22:34:27,922 | INFO  | DNAudit | user=null | ip=null | op=WRITE_CHUNK {blockData=conID: 1 locID: 102651688904819188 bcsId: 0} | ret=SUCCESS |  
2019-08-20 22:34:27,922 | INFO  | DNAudit | user=null | ip=null | op=WRITE_CHUNK {blockData=conID: 1 locID: 102651688904819188 bcsId: 0} | ret=SUCCESS |  
2019-08-20 22:34:27,923 | INFO  | DNAudit | user=null | ip=null | op=WRITE_CHUNK {blockData=conID: 1 locID: 102651688904819188 bcsId: 0} | ret=SUCCESS |  
2019-08-20 22:34:27,924 | INFO  | DNAudit | user=null | ip=null | op=WRITE_CHUNK {blockData=conID: 1 locID: 102651688904819188 bcsId: 0} | ret=SUCCESS |  
2019-08-20 22:34:27,936 | INFO  | DNAudit | user=null | ip=null | op=WRITE_CHUNK {blockData=conID: 1 locID: 102651688904819188 bcsId: 0} | ret=SUCCESS |  
2019-08-20 22:34:27,936 | INFO  | DNAudit | user=null | ip=null | op=PUT_BLOCK {blockData=[blockId=conID: 1 locID: 102651688904819188 bcsId: 0,size=1048576]} | ret=SUCCESS |  
2019-08-20 22:34:27,936 | INFO  | DNAudit | user=null | ip=null | op=WRITE_CHUNK {blockData=conID: 1 locID: 102651688904819188 bcsId: 0} | ret=SUCCESS |  
2019-08-20 22:34:27,936 [grpc-default-executor-3] INFO  client.GrpcClientProtocolClient (GrpcClientProtocolClient.java:onNext(255)) - client-391BA870FC40->947ec526-030f-41cc-8af7-a6f75e712ab0: receive RaftClientReply:client-391BA870FC40->947ec526-030f-41cc-8af7-a6f75e712ab0@group-5D45C35602B2, cid=1566, SUCCESS, logIndex=2250, commits[947ec526-030f-41cc-8af7-a6f75e712ab0:c2252, c447b9b6-dde2-4ce7-aa81-d0e2eddc8fe9:c2249, 28b540ac-241d-462a-a56c-509e92928066:c2249]
2019-08-20 22:34:27,937 | INFO  | DNAudit | user=null | ip=null | op=PUT_BLOCK {blockData=[blockId=conID: 1 locID: 102651688904819188 bcsId: 0,size=2097152]} | ret=SUCCESS |  
2019-08-20 22:34:27,937 [grpc-default-executor-3] INFO  client.GrpcClientProtocolClient (GrpcClientProtocolClient.java:onNext(255)) - client-391BA870FC40->947ec526-030f-41cc-8af7-a6f75e712ab0: receive RaftClientReply:client-391BA870FC40->947ec526-030f-41cc-8af7-a6f75e712ab0@group-5D45C35602B2, cid=1567, SUCCESS, logIndex=2251, commits[947ec526-030f-41cc-8af7-a6f75e712ab0:c2253, c447b9b6-dde2-4ce7-aa81-d0e2eddc8fe9:c2249, 28b540ac-241d-462a-a56c-509e92928066:c2249]
2019-08-20 22:34:27,937 [grpc-default-executor-3] INFO  client.GrpcClientProtocolClient (GrpcClientProtocolClient.java:onNext(255)) - client-391BA870FC40->947ec526-030f-41cc-8af7-a6f75e712ab0: receive RaftClientReply:client-391BA870FC40->947ec526-030f-41cc-8af7-a6f75e712ab0@group-5D45C35602B2, cid=1568, SUCCESS, logIndex=2252, commits[947ec526-030f-41cc-8af7-a6f75e712ab0:c2253, c447b9b6-dde2-4ce7-aa81-d0e2eddc8fe9:c2249, 28b540ac-241d-462a-a56c-509e92928066:c2249]
2019-08-20 22:34:27,937 [grpc-default-executor-3] INFO  client.GrpcClientProtocolClient (GrpcClientProtocolClient.java:onNext(255)) - client-391BA870FC40->947ec526-030f-41cc-8af7-a6f75e712ab0: receive RaftClientReply:client-391BA870FC40->947ec526-030f-41cc-8af7-a6f75e712ab0@group-5D45C35602B2, cid=1569, SUCCESS, logIndex=2253, commits[947ec526-030f-41cc-8af7-a6f75e712ab0:c2253, c447b9b6-dde2-4ce7-aa81-d0e2eddc8fe9:c2249, 28b540ac-241d-462a-a56c-509e92928066:c2249]
2019-08-20 22:34:27,948 | INFO  | DNAudit | user=null | ip=null | op=WRITE_CHUNK {blockData=conID: 1 locID: 102651688904819188 bcsId: 0} | ret=SUCCESS |  
2019-08-20 22:34:27,949 | INFO  | DNAudit | user=null | ip=null | op=WRITE_CHUNK {blockData=conID: 1 locID: 102651688904819188 bcsId: 0} | ret=SUCCESS |  
2019-08-20 22:34:27,949 | INFO  | DNAudit | user=null | ip=null | op=PUT_BLOCK {blockData=[blockId=conID: 1 locID: 102651688904819188 bcsId: 0,size=1048576]} | ret=SUCCESS |  
2019-08-20 22:34:27,949 | INFO  | DNAudit | user=null | ip=null | op=PUT_BLOCK {blockData=[blockId=conID: 1 locID: 102651688904819188 bcsId: 0,size=1048576]} | ret=SUCCESS |  
2019-08-20 22:34:27,949 [grpc-default-executor-3] INFO  client.GrpcClientProtocolClient (GrpcClientProtocolClient.java:onNext(255)) - client-391BA870FC40->947ec526-030f-41cc-8af7-a6f75e712ab0: receive RaftClientReply:client-391BA870FC40->947ec526-030f-41cc-8af7-a6f75e712ab0@group-5D45C35602B2, cid=1570, SUCCESS, logIndex=0, commits[947ec526-030f-41cc-8af7-a6f75e712ab0:c2254, c447b9b6-dde2-4ce7-aa81-d0e2eddc8fe9:c2251, 28b540ac-241d-462a-a56c-509e92928066:c2251]
2019-08-20 22:34:27,951 | INFO  | DNAudit | user=null | ip=null | op=WRITE_CHUNK {blockData=conID: 1 locID: 102651688904819188 bcsId: 0} | ret=SUCCESS |  
2019-08-20 22:34:27,952 | INFO  | DNAudit | user=null | ip=null | op=WRITE_CHUNK {blockData=conID: 1 locID: 102651688904819188 bcsId: 0} | ret=SUCCESS |  
2019-08-20 22:34:27,952 | INFO  | DNAudit | user=null | ip=null | op=PUT_BLOCK {blockData=[blockId=conID: 1 locID: 102651688904819188 bcsId: 0,size=2097152]} | ret=SUCCESS |  
2019-08-20 22:34:27,952 | INFO  | DNAudit | user=null | ip=null | op=PUT_BLOCK {blockData=[blockId=conID: 1 locID: 102651688904819188 bcsId: 0,size=2097152]} | ret=SUCCESS |  
2019-08-20 22:34:27,955 | INFO  | DNAudit | user=null | ip=null | op=WRITE_CHUNK {blockData=conID: 1 locID: 102651688904819188 bcsId: 2253} | ret=SUCCESS |  
2019-08-20 22:34:27,958 | INFO  | DNAudit | user=null | ip=null | op=WRITE_CHUNK {blockData=conID: 1 locID: 102651688904819188 bcsId: 2253} | ret=SUCCESS |  
2019-08-20 22:34:27,958 | INFO  | DNAudit | user=null | ip=null | op=WRITE_CHUNK {blockData=conID: 1 locID: 102651688904819188 bcsId: 2253} | ret=SUCCESS |  
2019-08-20 22:34:27,968 | INFO  | DNAudit | user=null | ip=null | op=WRITE_CHUNK {blockData=conID: 1 locID: 102651688904819188 bcsId: 2253} | ret=SUCCESS |  
2019-08-20 22:34:27,968 | INFO  | DNAudit | user=null | ip=null | op=PUT_BLOCK {blockData=[blockId=conID: 1 locID: 102651688904819188 bcsId: 0,size=3145728]} | ret=SUCCESS |  
2019-08-20 22:34:27,968 [grpc-default-executor-3] INFO  client.GrpcClientProtocolClient (GrpcClientProtocolClient.java:onNext(255)) - client-391BA870FC40->947ec526-030f-41cc-8af7-a6f75e712ab0: receive RaftClientReply:client-391BA870FC40->947ec526-030f-41cc-8af7-a6f75e712ab0@group-5D45C35602B2, cid=1571, SUCCESS, logIndex=2258, commits[947ec526-030f-41cc-8af7-a6f75e712ab0:c2259, c447b9b6-dde2-4ce7-aa81-d0e2eddc8fe9:c2257, 28b540ac-241d-462a-a56c-509e92928066:c2257]
2019-08-20 22:34:27,968 [grpc-default-executor-3] INFO  client.GrpcClientProtocolClient (GrpcClientProtocolClient.java:onNext(255)) - client-391BA870FC40->947ec526-030f-41cc-8af7-a6f75e712ab0: receive RaftClientReply:client-391BA870FC40->947ec526-030f-41cc-8af7-a6f75e712ab0@group-5D45C35602B2, cid=1572, SUCCESS, logIndex=2259, commits[947ec526-030f-41cc-8af7-a6f75e712ab0:c2259, c447b9b6-dde2-4ce7-aa81-d0e2eddc8fe9:c2257, 28b540ac-241d-462a-a56c-509e92928066:c2257]
2019-08-20 22:34:27,971 | INFO  | DNAudit | user=null | ip=null | op=WRITE_CHUNK {blockData=conID: 1 locID: 102651688904819188 bcsId: 2253} | ret=SUCCESS |  
2019-08-20 22:34:27,971 | INFO  | DNAudit | user=null | ip=null | op=WRITE_CHUNK {blockData=conID: 1 locID: 102651688904819188 bcsId: 2253} | ret=SUCCESS |  
2019-08-20 22:34:27,973 | INFO  | DNAudit | user=null | ip=null | op=PUT_BLOCK {blockData=[blockId=conID: 1 locID: 102651688904819188 bcsId: 0,size=3145728]} | ret=SUCCESS |  
2019-08-20 22:34:27,973 | INFO  | DNAudit | user=null | ip=null | op=PUT_BLOCK {blockData=[blockId=conID: 1 locID: 102651688904819188 bcsId: 0,size=3145728]} | ret=SUCCESS |  
2019-08-20 22:34:27,975 | INFO  | DNAudit | user=null | ip=null | op=WRITE_CHUNK {blockData=conID: 1 locID: 102651688904819188 bcsId: 2259} | ret=SUCCESS |  
2019-08-20 22:34:27,977 | INFO  | DNAudit | user=null | ip=null | op=WRITE_CHUNK {blockData=conID: 1 locID: 102651688904819188 bcsId: 2259} | ret=SUCCESS |  
2019-08-20 22:34:27,977 | INFO  | DNAudit | user=null | ip=null | op=WRITE_CHUNK {blockData=conID: 1 locID: 102651688904819188 bcsId: 2259} | ret=SUCCESS |  
2019-08-20 22:34:27,987 | INFO  | DNAudit | user=null | ip=null | op=WRITE_CHUNK {blockData=conID: 1 locID: 102651688904819188 bcsId: 2259} | ret=SUCCESS |  
2019-08-20 22:34:27,988 | INFO  | DNAudit | user=null | ip=null | op=PUT_BLOCK {blockData=[blockId=conID: 1 locID: 102651688904819188 bcsId: 0,size=4194304]} | ret=SUCCESS |  
2019-08-20 22:34:27,988 [grpc-default-executor-2] INFO  client.GrpcClientProtocolClient (GrpcClientProtocolClient.java:onNext(255)) - client-391BA870FC40->947ec526-030f-41cc-8af7-a6f75e712ab0: receive RaftClientReply:client-391BA870FC40->947ec526-030f-41cc-8af7-a6f75e712ab0@group-5D45C35602B2, cid=1573, SUCCESS, logIndex=2262, commits[947ec526-030f-41cc-8af7-a6f75e712ab0:c2263, c447b9b6-dde2-4ce7-aa81-d0e2eddc8fe9:c2261, 28b540ac-241d-462a-a56c-509e92928066:c2261]
2019-08-20 22:34:27,988 [grpc-default-executor-2] INFO  client.GrpcClientProtocolClient (GrpcClientProtocolClient.java:onNext(255)) - client-391BA870FC40->947ec526-030f-41cc-8af7-a6f75e712ab0: receive RaftClientReply:client-391BA870FC40->947ec526-030f-41cc-8af7-a6f75e712ab0@group-5D45C35602B2, cid=1574, SUCCESS, logIndex=2263, commits[947ec526-030f-41cc-8af7-a6f75e712ab0:c2263, c447b9b6-dde2-4ce7-aa81-d0e2eddc8fe9:c2261, 28b540ac-241d-462a-a56c-509e92928066:c2261]
2019-08-20 22:34:27,999 | INFO  | DNAudit | user=null | ip=null | op=WRITE_CHUNK {blockData=conID: 1 locID: 102651688904819188 bcsId: 2259} | ret=SUCCESS |  
2019-08-20 22:34:27,999 | INFO  | DNAudit | user=null | ip=null | op=WRITE_CHUNK {blockData=conID: 1 locID: 102651688904819188 bcsId: 2259} | ret=SUCCESS |  
2019-08-20 22:34:28,010 | INFO  | DNAudit | user=null | ip=null | op=PUT_BLOCK {blockData=[blockId=conID: 1 locID: 102651688904819188 bcsId: 0,size=4194304]} | ret=SUCCESS |  
2019-08-20 22:34:28,010 | INFO  | DNAudit | user=null | ip=null | op=PUT_BLOCK {blockData=[blockId=conID: 1 locID: 102651688904819188 bcsId: 0,size=4194304]} | ret=SUCCESS |  
2019-08-20 22:34:28,011 [grpc-default-executor-4] INFO  client.GrpcClientProtocolClient (GrpcClientProtocolClient.java:onNext(255)) - client-391BA870FC40->947ec526-030f-41cc-8af7-a6f75e712ab0: receive RaftClientReply:client-391BA870FC40->947ec526-030f-41cc-8af7-a6f75e712ab0@group-5D45C35602B2, cid=1575, SUCCESS, logIndex=0, commits[947ec526-030f-41cc-8af7-a6f75e712ab0:c2265, c447b9b6-dde2-4ce7-aa81-d0e2eddc8fe9:c2263, 28b540ac-241d-462a-a56c-509e92928066:c2263]
2019-08-20 22:34:28,015 | INFO  | SCMAudit | user=jenkins1000 | ip=192.168.5.142 | op=ALLOCATE_BLOCK {owner=6f694d07-2a2f-44d9-8e1c-aaa094a2f647, size=4194304, type=RATIS, factor=THREE} | ret=SUCCESS |  
2019-08-20 22:34:28,017 | INFO  | OMAudit | user=jenkins1000 | ip=127.0.0.1 | op=ALLOCATE_BLOCK {volume=vol-0-80747, bucket=bucket-0-27686, key=key-0-47435, dataSize=0, replicationType=null, replicationFactor=null, keyLocationInfo=null, clientID=102651687805452690} | ret=SUCCESS |  
2019-08-20 22:34:28,024 | INFO  | DNAudit | user=null | ip=null | op=WRITE_CHUNK {blockData=conID: 2 locID: 102651688911831541 bcsId: 0} | ret=SUCCESS |  
2019-08-20 22:34:28,025 | INFO  | DNAudit | user=null | ip=null | op=WRITE_CHUNK {blockData=conID: 2 locID: 102651688911831541 bcsId: 0} | ret=SUCCESS |  
2019-08-20 22:34:28,026 | INFO  | DNAudit | user=null | ip=null | op=WRITE_CHUNK {blockData=conID: 2 locID: 102651688911831541 bcsId: 0} | ret=SUCCESS |  
2019-08-20 22:34:28,027 | INFO  | DNAudit | user=null | ip=null | op=WRITE_CHUNK {blockData=conID: 2 locID: 102651688911831541 bcsId: 0} | ret=SUCCESS |  
2019-08-20 22:34:28,028 | INFO  | DNAudit | user=null | ip=null | op=WRITE_CHUNK {blockData=conID: 2 locID: 102651688911831541 bcsId: 0} | ret=SUCCESS |  
2019-08-20 22:34:28,028 | INFO  | DNAudit | user=null | ip=null | op=WRITE_CHUNK {blockData=conID: 2 locID: 102651688911831541 bcsId: 0} | ret=SUCCESS |  
2019-08-20 22:34:28,029 | INFO  | DNAudit | user=null | ip=null | op=WRITE_CHUNK {blockData=conID: 2 locID: 102651688911831541 bcsId: 0} | ret=SUCCESS |  
2019-08-20 22:34:28,030 | INFO  | DNAudit | user=null | ip=null | op=PUT_BLOCK {blockData=[blockId=conID: 2 locID: 102651688911831541 bcsId: 0,size=1048576]} | ret=SUCCESS |  
2019-08-20 22:34:28,030 [grpc-default-executor-4] INFO  client.GrpcClientProtocolClient (GrpcClientProtocolClient.java:onNext(255)) - client-391BA870FC40->947ec526-030f-41cc-8af7-a6f75e712ab0: receive RaftClientReply:client-391BA870FC40->947ec526-030f-41cc-8af7-a6f75e712ab0@group-5D45C35602B2, cid=1576, SUCCESS, logIndex=2266, commits[947ec526-030f-41cc-8af7-a6f75e712ab0:c2267, c447b9b6-dde2-4ce7-aa81-d0e2eddc8fe9:c2263, 28b540ac-241d-462a-a56c-509e92928066:c2265]
2019-08-20 22:34:28,030 [grpc-default-executor-4] INFO  client.GrpcClientProtocolClient (GrpcClientProtocolClient.java:onNext(255)) - client-391BA870FC40->947ec526-030f-41cc-8af7-a6f75e712ab0: receive RaftClientReply:client-391BA870FC40->947ec526-030f-41cc-8af7-a6f75e712ab0@group-5D45C35602B2, cid=1577, SUCCESS, logIndex=2267, commits[947ec526-030f-41cc-8af7-a6f75e712ab0:c2267, c447b9b6-dde2-4ce7-aa81-d0e2eddc8fe9:c2263, 28b540ac-241d-462a-a56c-509e92928066:c2265]
2019-08-20 22:34:28,032 | INFO  | DNAudit | user=null | ip=null | op=WRITE_CHUNK {blockData=conID: 2 locID: 102651688911831541 bcsId: 0} | ret=SUCCESS |  
2019-08-20 22:34:28,032 | INFO  | DNAudit | user=null | ip=null | op=PUT_BLOCK {blockData=[blockId=conID: 2 locID: 102651688911831541 bcsId: 0,size=2097152]} | ret=SUCCESS |  
2019-08-20 22:34:28,032 [grpc-default-executor-5] INFO  client.GrpcClientProtocolClient (GrpcClientProtocolClient.java:onNext(255)) - client-391BA870FC40->947ec526-030f-41cc-8af7-a6f75e712ab0: receive RaftClientReply:client-391BA870FC40->947ec526-030f-41cc-8af7-a6f75e712ab0@group-5D45C35602B2, cid=1578, SUCCESS, logIndex=2268, commits[947ec526-030f-41cc-8af7-a6f75e712ab0:c2269, c447b9b6-dde2-4ce7-aa81-d0e2eddc8fe9:c2265, 28b540ac-241d-462a-a56c-509e92928066:c2265]
2019-08-20 22:34:28,033 [grpc-default-executor-5] INFO  client.GrpcClientProtocolClient (GrpcClientProtocolClient.java:onNext(255)) - client-391BA870FC40->947ec526-030f-41cc-8af7-a6f75e712ab0: receive RaftClientReply:client-391BA870FC40->947ec526-030f-41cc-8af7-a6f75e712ab0@group-5D45C35602B2, cid=1579, SUCCESS, logIndex=2269, commits[947ec526-030f-41cc-8af7-a6f75e712ab0:c2269, c447b9b6-dde2-4ce7-aa81-d0e2eddc8fe9:c2265, 28b540ac-241d-462a-a56c-509e92928066:c2265]
2019-08-20 22:34:28,043 | INFO  | DNAudit | user=null | ip=null | op=WRITE_CHUNK {blockData=conID: 2 locID: 102651688911831541 bcsId: 0} | ret=SUCCESS |  
2019-08-20 22:34:28,043 | INFO  | DNAudit | user=null | ip=null | op=WRITE_CHUNK {blockData=conID: 2 locID: 102651688911831541 bcsId: 0} | ret=SUCCESS |  
2019-08-20 22:34:28,043 | INFO  | DNAudit | user=null | ip=null | op=PUT_BLOCK {blockData=[blockId=conID: 2 locID: 102651688911831541 bcsId: 0,size=1048576]} | ret=SUCCESS |  
2019-08-20 22:34:28,043 | INFO  | DNAudit | user=null | ip=null | op=PUT_BLOCK {blockData=[blockId=conID: 2 locID: 102651688911831541 bcsId: 0,size=1048576]} | ret=SUCCESS |  
2019-08-20 22:34:28,043 [grpc-default-executor-5] INFO  client.GrpcClientProtocolClient (GrpcClientProtocolClient.java:onNext(255)) - client-391BA870FC40->947ec526-030f-41cc-8af7-a6f75e712ab0: receive RaftClientReply:client-391BA870FC40->947ec526-030f-41cc-8af7-a6f75e712ab0@group-5D45C35602B2, cid=1580, SUCCESS, logIndex=0, commits[947ec526-030f-41cc-8af7-a6f75e712ab0:c2270, c447b9b6-dde2-4ce7-aa81-d0e2eddc8fe9:c2267, 28b540ac-241d-462a-a56c-509e92928066:c2267]
2019-08-20 22:34:28,046 | INFO  | DNAudit | user=null | ip=null | op=WRITE_CHUNK {blockData=conID: 2 locID: 102651688911831541 bcsId: 0} | ret=SUCCESS |  
2019-08-20 22:34:28,046 | INFO  | DNAudit | user=null | ip=null | op=WRITE_CHUNK {blockData=conID: 2 locID: 102651688911831541 bcsId: 0} | ret=SUCCESS |  
2019-08-20 22:34:28,046 | INFO  | DNAudit | user=null | ip=null | op=PUT_BLOCK {blockData=[blockId=conID: 2 locID: 102651688911831541 bcsId: 0,size=2097152]} | ret=SUCCESS |  
2019-08-20 22:34:28,046 | INFO  | DNAudit | user=null | ip=null | op=PUT_BLOCK {blockData=[blockId=conID: 2 locID: 102651688911831541 bcsId: 0,size=2097152]} | ret=SUCCESS |  
2019-08-20 22:34:28,049 | INFO  | DNAudit | user=null | ip=null | op=WRITE_CHUNK {blockData=conID: 2 locID: 102651688911831541 bcsId: 2269} | ret=SUCCESS |  
2019-08-20 22:34:28,051 | INFO  | DNAudit | user=null | ip=null | op=WRITE_CHUNK {blockData=conID: 2 locID: 102651688911831541 bcsId: 2269} | ret=SUCCESS |  
2019-08-20 22:34:28,051 | INFO  | DNAudit | user=null | ip=null | op=WRITE_CHUNK {blockData=conID: 2 locID: 102651688911831541 bcsId: 2269} | ret=SUCCESS |  
2019-08-20 22:34:28,060 | INFO  | DNAudit | user=null | ip=null | op=WRITE_CHUNK {blockData=conID: 2 locID: 102651688911831541 bcsId: 2269} | ret=SUCCESS |  
2019-08-20 22:34:28,061 | INFO  | DNAudit | user=null | ip=null | op=PUT_BLOCK {blockData=[blockId=conID: 2 locID: 102651688911831541 bcsId: 0,size=3145728]} | ret=SUCCESS |  
2019-08-20 22:34:28,061 [grpc-default-executor-2] INFO  client.GrpcClientProtocolClient (GrpcClientProtocolClient.java:onNext(255)) - client-391BA870FC40->947ec526-030f-41cc-8af7-a6f75e712ab0: receive RaftClientReply:client-391BA870FC40->947ec526-030f-41cc-8af7-a6f75e712ab0@group-5D45C35602B2, cid=1581, SUCCESS, logIndex=2274, commits[947ec526-030f-41cc-8af7-a6f75e712ab0:c2275, c447b9b6-dde2-4ce7-aa81-d0e2eddc8fe9:c2273, 28b540ac-241d-462a-a56c-509e92928066:c2273]
2019-08-20 22:34:28,061 [grpc-default-executor-2] INFO  client.GrpcClientProtocolClient (GrpcClientProtocolClient.java:onNext(255)) - client-391BA870FC40->947ec526-030f-41cc-8af7-a6f75e712ab0: receive RaftClientReply:client-391BA870FC40->947ec526-030f-41cc-8af7-a6f75e712ab0@group-5D45C35602B2, cid=1582, SUCCESS, logIndex=2275, commits[947ec526-030f-41cc-8af7-a6f75e712ab0:c2275, c447b9b6-dde2-4ce7-aa81-d0e2eddc8fe9:c2273, 28b540ac-241d-462a-a56c-509e92928066:c2273]
2019-08-20 22:34:28,067 | INFO  | DNAudit | user=null | ip=null | op=WRITE_CHUNK {blockData=conID: 2 locID: 102651688911831541 bcsId: 2275} | ret=SUCCESS |  
2019-08-20 22:34:28,069 | INFO  | DNAudit | user=null | ip=null | op=WRITE_CHUNK {blockData=conID: 2 locID: 102651688911831541 bcsId: 2275} | ret=SUCCESS |  
2019-08-20 22:34:28,069 | INFO  | DNAudit | user=null | ip=null | op=WRITE_CHUNK {blockData=conID: 2 locID: 102651688911831541 bcsId: 2275} | ret=SUCCESS |  
2019-08-20 22:34:28,073 | INFO  | DNAudit | user=null | ip=null | op=WRITE_CHUNK {blockData=conID: 2 locID: 102651688911831541 bcsId: 2269} | ret=SUCCESS |  
2019-08-20 22:34:28,073 | INFO  | DNAudit | user=null | ip=null | op=WRITE_CHUNK {blockData=conID: 2 locID: 102651688911831541 bcsId: 2269} | ret=SUCCESS |  
2019-08-20 22:34:28,074 | INFO  | DNAudit | user=null | ip=null | op=PUT_BLOCK {blockData=[blockId=conID: 2 locID: 102651688911831541 bcsId: 0,size=3145728]} | ret=SUCCESS |  
2019-08-20 22:34:28,085 | INFO  | DNAudit | user=null | ip=null | op=PUT_BLOCK {blockData=[blockId=conID: 2 locID: 102651688911831541 bcsId: 0,size=3145728]} | ret=SUCCESS |  
2019-08-20 22:34:28,089 | INFO  | DNAudit | user=null | ip=null | op=WRITE_CHUNK {blockData=conID: 2 locID: 102651688911831541 bcsId: 2275} | ret=SUCCESS |  
2019-08-20 22:34:28,089 | INFO  | DNAudit | user=null | ip=null | op=PUT_BLOCK {blockData=[blockId=conID: 2 locID: 102651688911831541 bcsId: 0,size=4194304]} | ret=SUCCESS |  
2019-08-20 22:34:28,089 [grpc-default-executor-2] INFO  client.GrpcClientProtocolClient (GrpcClientProtocolClient.java:onNext(255)) - client-391BA870FC40->947ec526-030f-41cc-8af7-a6f75e712ab0: receive RaftClientReply:client-391BA870FC40->947ec526-030f-41cc-8af7-a6f75e712ab0@group-5D45C35602B2, cid=1583, SUCCESS, logIndex=2278, commits[947ec526-030f-41cc-8af7-a6f75e712ab0:c2279, c447b9b6-dde2-4ce7-aa81-d0e2eddc8fe9:c2275, 28b540ac-241d-462a-a56c-509e92928066:c2275]
2019-08-20 22:34:28,090 [grpc-default-executor-2] INFO  client.GrpcClientProtocolClient (GrpcClientProtocolClient.java:onNext(255)) - client-391BA870FC40->947ec526-030f-41cc-8af7-a6f75e712ab0: receive RaftClientReply:client-391BA870FC40->947ec526-030f-41cc-8af7-a6f75e712ab0@group-5D45C35602B2, cid=1584, SUCCESS, logIndex=2279, commits[947ec526-030f-41cc-8af7-a6f75e712ab0:c2279, c447b9b6-dde2-4ce7-aa81-d0e2eddc8fe9:c2275, 28b540ac-241d-462a-a56c-509e92928066:c2275]
2019-08-20 22:34:28,100 | INFO  | DNAudit | user=null | ip=null | op=WRITE_CHUNK {blockData=conID: 2 locID: 102651688911831541 bcsId: 2275} | ret=SUCCESS |  
2019-08-20 22:34:28,101 | INFO  | DNAudit | user=null | ip=null | op=WRITE_CHUNK {blockData=conID: 2 locID: 102651688911831541 bcsId: 2275} | ret=SUCCESS |  
2019-08-20 22:34:28,103 | INFO  | DNAudit | user=null | ip=null | op=PUT_BLOCK {blockData=[blockId=conID: 2 locID: 102651688911831541 bcsId: 0,size=4194304]} | ret=SUCCESS |  
2019-08-20 22:34:28,103 | INFO  | DNAudit | user=null | ip=null | op=PUT_BLOCK {blockData=[blockId=conID: 2 locID: 102651688911831541 bcsId: 0,size=4194304]} | ret=SUCCESS |  
2019-08-20 22:34:28,104 [grpc-default-executor-2] INFO  client.GrpcClientProtocolClient (GrpcClientProtocolClient.java:onNext(255)) - client-391BA870FC40->947ec526-030f-41cc-8af7-a6f75e712ab0: receive RaftClientReply:client-391BA870FC40->947ec526-030f-41cc-8af7-a6f75e712ab0@group-5D45C35602B2, cid=1585, SUCCESS, logIndex=0, commits[947ec526-030f-41cc-8af7-a6f75e712ab0:c2281, c447b9b6-dde2-4ce7-aa81-d0e2eddc8fe9:c2279, 28b540ac-241d-462a-a56c-509e92928066:c2279]
2019-08-20 22:34:28,109 | INFO  | SCMAudit | user=jenkins1000 | ip=192.168.5.142 | op=ALLOCATE_BLOCK {owner=6f694d07-2a2f-44d9-8e1c-aaa094a2f647, size=4194304, type=RATIS, factor=THREE} | ret=SUCCESS |  
2019-08-20 22:34:28,111 | INFO  | OMAudit | user=jenkins1000 | ip=127.0.0.1 | op=ALLOCATE_BLOCK {volume=vol-0-80747, bucket=bucket-0-27686, key=key-0-47435, dataSize=0, replicationType=null, replicationFactor=null, keyLocationInfo=null, clientID=102651687805452690} | ret=SUCCESS |  
2019-08-20 22:34:28,120 | INFO  | DNAudit | user=null | ip=null | op=WRITE_CHUNK {blockData=conID: 3 locID: 102651688917926390 bcsId: 0} | ret=SUCCESS |  
2019-08-20 22:34:28,121 | INFO  | DNAudit | user=null | ip=null | op=WRITE_CHUNK {blockData=conID: 3 locID: 102651688917926390 bcsId: 0} | ret=SUCCESS |  
2019-08-20 22:34:28,122 | INFO  | DNAudit | user=null | ip=null | op=WRITE_CHUNK {blockData=conID: 3 locID: 102651688917926390 bcsId: 0} | ret=SUCCESS |  
2019-08-20 22:34:28,123 | INFO  | DNAudit | user=null | ip=null | op=WRITE_CHUNK {blockData=conID: 3 locID: 102651688917926390 bcsId: 0} | ret=SUCCESS |  
2019-08-20 22:34:28,125 | INFO  | DNAudit | user=null | ip=null | op=WRITE_CHUNK {blockData=conID: 3 locID: 102651688917926390 bcsId: 0} | ret=SUCCESS |  
2019-08-20 22:34:28,126 | INFO  | DNAudit | user=null | ip=null | op=WRITE_CHUNK {blockData=conID: 3 locID: 102651688917926390 bcsId: 0} | ret=SUCCESS |  
2019-08-20 22:34:28,134 | INFO  | DNAudit | user=null | ip=null | op=WRITE_CHUNK {blockData=conID: 3 locID: 102651688917926390 bcsId: 0} | ret=SUCCESS |  
2019-08-20 22:34:28,135 | INFO  | DNAudit | user=null | ip=null | op=PUT_BLOCK {blockData=[blockId=conID: 3 locID: 102651688917926390 bcsId: 0,size=1048576]} | ret=SUCCESS |  
2019-08-20 22:34:28,135 [grpc-default-executor-4] INFO  client.GrpcClientProtocolClient (GrpcClientProtocolClient.java:onNext(255)) - client-391BA870FC40->947ec526-030f-41cc-8af7-a6f75e712ab0: receive RaftClientReply:client-391BA870FC40->947ec526-030f-41cc-8af7-a6f75e712ab0@group-5D45C35602B2, cid=1586, SUCCESS, logIndex=2282, commits[947ec526-030f-41cc-8af7-a6f75e712ab0:c2283, c447b9b6-dde2-4ce7-aa81-d0e2eddc8fe9:c2281, 28b540ac-241d-462a-a56c-509e92928066:c2281]
2019-08-20 22:34:28,135 [grpc-default-executor-4] INFO  client.GrpcClientProtocolClient (GrpcClientProtocolClient.java:onNext(255)) - client-391BA870FC40->947ec526-030f-41cc-8af7-a6f75e712ab0: receive RaftClientReply:client-391BA870FC40->947ec526-030f-41cc-8af7-a6f75e712ab0@group-5D45C35602B2, cid=1587, SUCCESS, logIndex=2283, commits[947ec526-030f-41cc-8af7-a6f75e712ab0:c2283, c447b9b6-dde2-4ce7-aa81-d0e2eddc8fe9:c2281, 28b540ac-241d-462a-a56c-509e92928066:c2281]
2019-08-20 22:34:28,147 | INFO  | DNAudit | user=null | ip=null | op=WRITE_CHUNK {blockData=conID: 3 locID: 102651688917926390 bcsId: 0} | ret=SUCCESS |  
2019-08-20 22:34:28,147 | INFO  | DNAudit | user=null | ip=null | op=PUT_BLOCK {blockData=[blockId=conID: 3 locID: 102651688917926390 bcsId: 0,size=2097152]} | ret=SUCCESS |  
2019-08-20 22:34:28,147 [grpc-default-executor-2] INFO  client.GrpcClientProtocolClient (GrpcClientProtocolClient.java:onNext(255)) - client-391BA870FC40->947ec526-030f-41cc-8af7-a6f75e712ab0: receive RaftClientReply:client-391BA870FC40->947ec526-030f-41cc-8af7-a6f75e712ab0@group-5D45C35602B2, cid=1588, SUCCESS, logIndex=2284, commits[947ec526-030f-41cc-8af7-a6f75e712ab0:c2285, c447b9b6-dde2-4ce7-aa81-d0e2eddc8fe9:c2281, 28b540ac-241d-462a-a56c-509e92928066:c2281]
2019-08-20 22:34:28,148 [grpc-default-executor-2] INFO  client.GrpcClientProtocolClient (GrpcClientProtocolClient.java:onNext(255)) - client-391BA870FC40->947ec526-030f-41cc-8af7-a6f75e712ab0: receive RaftClientReply:client-391BA870FC40->947ec526-030f-41cc-8af7-a6f75e712ab0@group-5D45C35602B2, cid=1589, SUCCESS, logIndex=2285, commits[947ec526-030f-41cc-8af7-a6f75e712ab0:c2285, c447b9b6-dde2-4ce7-aa81-d0e2eddc8fe9:c2281, 28b540ac-241d-462a-a56c-509e92928066:c2281]
2019-08-20 22:34:28,159 | INFO  | DNAudit | user=null | ip=null | op=WRITE_CHUNK {blockData=conID: 3 locID: 102651688917926390 bcsId: 0} | ret=SUCCESS |  
2019-08-20 22:34:28,160 | INFO  | DNAudit | user=null | ip=null | op=PUT_BLOCK {blockData=[blockId=conID: 3 locID: 102651688917926390 bcsId: 0,size=1048576]} | ret=SUCCESS |  
2019-08-20 22:34:28,160 | INFO  | DNAudit | user=null | ip=null | op=WRITE_CHUNK {blockData=conID: 3 locID: 102651688917926390 bcsId: 0} | ret=SUCCESS |  
2019-08-20 22:34:28,160 | INFO  | DNAudit | user=null | ip=null | op=PUT_BLOCK {blockData=[blockId=conID: 3 locID: 102651688917926390 bcsId: 0,size=1048576]} | ret=SUCCESS |  
2019-08-20 22:34:28,160 [grpc-default-executor-2] INFO  client.GrpcClientProtocolClient (GrpcClientProtocolClient.java:onNext(255)) - client-391BA870FC40->947ec526-030f-41cc-8af7-a6f75e712ab0: receive RaftClientReply:client-391BA870FC40->947ec526-030f-41cc-8af7-a6f75e712ab0@group-5D45C35602B2, cid=1590, SUCCESS, logIndex=0, commits[947ec526-030f-41cc-8af7-a6f75e712ab0:c2287, c447b9b6-dde2-4ce7-aa81-d0e2eddc8fe9:c2283, 28b540ac-241d-462a-a56c-509e92928066:c2283]
2019-08-20 22:34:28,161 | INFO  | SCMAudit | user=jenkins1000 | ip=192.168.5.142 | op=SEND_HEARTBEAT {datanodeUUID=c447b9b6-dde2-4ce7-aa81-d0e2eddc8fe9, command=[]} | ret=SUCCESS |  
2019-08-20 22:34:28,162 | INFO  | SCMAudit | user=jenkins1000 | ip=192.168.5.142 | op=SEND_HEARTBEAT {datanodeUUID=eafd9314-3f13-422a-a2ac-adfcde2d7481, command=[]} | ret=SUCCESS |  
2019-08-20 22:34:28,162 | INFO  | SCMAudit | user=jenkins1000 | ip=192.168.5.142 | op=SEND_HEARTBEAT {datanodeUUID=947ec526-030f-41cc-8af7-a6f75e712ab0, command=[]} | ret=SUCCESS |  
2019-08-20 22:34:28,162 | INFO  | SCMAudit | user=jenkins1000 | ip=192.168.5.142 | op=SEND_HEARTBEAT {datanodeUUID=28b540ac-241d-462a-a56c-509e92928066, command=[]} | ret=SUCCESS |  
 0.00% |█                                                                                                    |  0/1 Time: 0:00:172019-08-20 22:34:28,168 | INFO  | DNAudit | user=null | ip=null | op=WRITE_CHUNK {blockData=conID: 3 locID: 102651688917926390 bcsId: 2285} | ret=SUCCESS |  
2019-08-20 22:34:28,170 | INFO  | DNAudit | user=null | ip=null | op=WRITE_CHUNK {blockData=conID: 3 locID: 102651688917926390 bcsId: 2285} | ret=SUCCESS |  
2019-08-20 22:34:28,170 | INFO  | DNAudit | user=null | ip=null | op=WRITE_CHUNK {blockData=conID: 3 locID: 102651688917926390 bcsId: 2285} | ret=SUCCESS |  
2019-08-20 22:34:28,173 | INFO  | DNAudit | user=null | ip=null | op=WRITE_CHUNK {blockData=conID: 3 locID: 102651688917926390 bcsId: 0} | ret=SUCCESS |  
2019-08-20 22:34:28,173 | INFO  | DNAudit | user=null | ip=null | op=WRITE_CHUNK {blockData=conID: 3 locID: 102651688917926390 bcsId: 0} | ret=SUCCESS |  
2019-08-20 22:34:28,173 | INFO  | DNAudit | user=null | ip=null | op=PUT_BLOCK {blockData=[blockId=conID: 3 locID: 102651688917926390 bcsId: 0,size=2097152]} | ret=SUCCESS |  
2019-08-20 22:34:28,173 | INFO  | DNAudit | user=null | ip=null | op=PUT_BLOCK {blockData=[blockId=conID: 3 locID: 102651688917926390 bcsId: 0,size=2097152]} | ret=SUCCESS |  
2019-08-20 22:34:28,185 | INFO  | DNAudit | user=null | ip=null | op=WRITE_CHUNK {blockData=conID: 3 locID: 102651688917926390 bcsId: 2285} | ret=SUCCESS |  
2019-08-20 22:34:28,185 | INFO  | DNAudit | user=null | ip=null | op=PUT_BLOCK {blockData=[blockId=conID: 3 locID: 102651688917926390 bcsId: 0,size=3145728]} | ret=SUCCESS |  
2019-08-20 22:34:28,185 [grpc-default-executor-2] INFO  client.GrpcClientProtocolClient (GrpcClientProtocolClient.java:onNext(255)) - client-391BA870FC40->947ec526-030f-41cc-8af7-a6f75e712ab0: receive RaftClientReply:client-391BA870FC40->947ec526-030f-41cc-8af7-a6f75e712ab0@group-5D45C35602B2, cid=1591, SUCCESS, logIndex=2290, commits[947ec526-030f-41cc-8af7-a6f75e712ab0:c2291, c447b9b6-dde2-4ce7-aa81-d0e2eddc8fe9:c2287, 28b540ac-241d-462a-a56c-509e92928066:c2287]
2019-08-20 22:34:28,186 [grpc-default-executor-2] INFO  client.GrpcClientProtocolClient (GrpcClientProtocolClient.java:onNext(255)) - client-391BA870FC40->947ec526-030f-41cc-8af7-a6f75e712ab0: receive RaftClientReply:client-391BA870FC40->947ec526-030f-41cc-8af7-a6f75e712ab0@group-5D45C35602B2, cid=1592, SUCCESS, logIndex=2291, commits[947ec526-030f-41cc-8af7-a6f75e712ab0:c2291, c447b9b6-dde2-4ce7-aa81-d0e2eddc8fe9:c2287, 28b540ac-241d-462a-a56c-509e92928066:c2287]
2019-08-20 22:34:28,193 | INFO  | DNAudit | user=null | ip=null | op=WRITE_CHUNK {blockData=conID: 3 locID: 102651688917926390 bcsId: 2291} | ret=SUCCESS |  
2019-08-20 22:34:28,195 | INFO  | DNAudit | user=null | ip=null | op=WRITE_CHUNK {blockData=conID: 3 locID: 102651688917926390 bcsId: 2291} | ret=SUCCESS |  
2019-08-20 22:34:28,195 | INFO  | DNAudit | user=null | ip=null | op=WRITE_CHUNK {blockData=conID: 3 locID: 102651688917926390 bcsId: 2291} | ret=SUCCESS |  
2019-08-20 22:34:28,198 | INFO  | DNAudit | user=null | ip=null | op=WRITE_CHUNK {blockData=conID: 3 locID: 102651688917926390 bcsId: 2285} | ret=SUCCESS |  
2019-08-20 22:34:28,198 | INFO  | DNAudit | user=null | ip=null | op=WRITE_CHUNK {blockData=conID: 3 locID: 102651688917926390 bcsId: 2285} | ret=SUCCESS |  
2019-08-20 22:34:28,211 | INFO  | DNAudit | user=null | ip=null | op=PUT_BLOCK {blockData=[blockId=conID: 3 locID: 102651688917926390 bcsId: 0,size=3145728]} | ret=SUCCESS |  
2019-08-20 22:34:28,211 | INFO  | DNAudit | user=null | ip=null | op=PUT_BLOCK {blockData=[blockId=conID: 3 locID: 102651688917926390 bcsId: 0,size=3145728]} | ret=SUCCESS |  
2019-08-20 22:34:28,211 | INFO  | DNAudit | user=null | ip=null | op=WRITE_CHUNK {blockData=conID: 3 locID: 102651688917926390 bcsId: 2291} | ret=SUCCESS |  
2019-08-20 22:34:28,212 | INFO  | DNAudit | user=null | ip=null | op=PUT_BLOCK {blockData=[blockId=conID: 3 locID: 102651688917926390 bcsId: 0,size=4194304]} | ret=SUCCESS |  
2019-08-20 22:34:28,212 [grpc-default-executor-2] INFO  client.GrpcClientProtocolClient (GrpcClientProtocolClient.java:onNext(255)) - client-391BA870FC40->947ec526-030f-41cc-8af7-a6f75e712ab0: receive RaftClientReply:client-391BA870FC40->947ec526-030f-41cc-8af7-a6f75e712ab0@group-5D45C35602B2, cid=1593, SUCCESS, logIndex=2294, commits[947ec526-030f-41cc-8af7-a6f75e712ab0:c2295, c447b9b6-dde2-4ce7-aa81-d0e2eddc8fe9:c2291, 28b540ac-241d-462a-a56c-509e92928066:c2291]
2019-08-20 22:34:28,212 [grpc-default-executor-2] INFO  client.GrpcClientProtocolClient (GrpcClientProtocolClient.java:onNext(255)) - client-391BA870FC40->947ec526-030f-41cc-8af7-a6f75e712ab0: receive RaftClientReply:client-391BA870FC40->947ec526-030f-41cc-8af7-a6f75e712ab0@group-5D45C35602B2, cid=1594, SUCCESS, logIndex=2295, commits[947ec526-030f-41cc-8af7-a6f75e712ab0:c2295, c447b9b6-dde2-4ce7-aa81-d0e2eddc8fe9:c2291, 28b540ac-241d-462a-a56c-509e92928066:c2291]
2019-08-20 22:34:28,223 | INFO  | DNAudit | user=null | ip=null | op=WRITE_CHUNK {blockData=conID: 3 locID: 102651688917926390 bcsId: 2291} | ret=SUCCESS |  
2019-08-20 22:34:28,223 | INFO  | DNAudit | user=null | ip=null | op=WRITE_CHUNK {blockData=conID: 3 locID: 102651688917926390 bcsId: 2291} | ret=SUCCESS |  
2019-08-20 22:34:28,223 | INFO  | DNAudit | user=null | ip=null | op=PUT_BLOCK {blockData=[blockId=conID: 3 locID: 102651688917926390 bcsId: 0,size=4194304]} | ret=SUCCESS |  
2019-08-20 22:34:28,224 | INFO  | DNAudit | user=null | ip=null | op=PUT_BLOCK {blockData=[blockId=conID: 3 locID: 102651688917926390 bcsId: 0,size=4194304]} | ret=SUCCESS |  
2019-08-20 22:34:28,224 [grpc-default-executor-2] INFO  client.GrpcClientProtocolClient (GrpcClientProtocolClient.java:onNext(255)) - client-391BA870FC40->947ec526-030f-41cc-8af7-a6f75e712ab0: receive RaftClientReply:client-391BA870FC40->947ec526-030f-41cc-8af7-a6f75e712ab0@group-5D45C35602B2, cid=1595, SUCCESS, logIndex=0, commits[947ec526-030f-41cc-8af7-a6f75e712ab0:c2296, c447b9b6-dde2-4ce7-aa81-d0e2eddc8fe9:c2295, 28b540ac-241d-462a-a56c-509e92928066:c2295]
2019-08-20 22:34:28,230 | INFO  | SCMAudit | user=jenkins1000 | ip=192.168.5.142 | op=ALLOCATE_BLOCK {owner=6f694d07-2a2f-44d9-8e1c-aaa094a2f647, size=4194304, type=RATIS, factor=THREE} | ret=SUCCESS |  
2019-08-20 22:34:28,234 | INFO  | OMAudit | user=jenkins1000 | ip=127.0.0.1 | op=ALLOCATE_BLOCK {volume=vol-0-80747, bucket=bucket-0-27686, key=key-0-47435, dataSize=0, replicationType=null, replicationFactor=null, keyLocationInfo=null, clientID=102651687805452690} | ret=SUCCESS |  
2019-08-20 22:34:28,242 | INFO  | DNAudit | user=null | ip=null | op=WRITE_CHUNK {blockData=conID: 1 locID: 102651688925921783 bcsId: 0} | ret=SUCCESS |  
2019-08-20 22:34:28,244 | INFO  | DNAudit | user=null | ip=null | op=WRITE_CHUNK {blockData=conID: 1 locID: 102651688925921783 bcsId: 0} | ret=SUCCESS |  
2019-08-20 22:34:28,245 | INFO  | DNAudit | user=null | ip=null | op=WRITE_CHUNK {blockData=conID: 1 locID: 102651688925921783 bcsId: 0} | ret=SUCCESS |  
2019-08-20 22:34:28,245 | INFO  | DNAudit | user=null | ip=null | op=WRITE_CHUNK {blockData=conID: 1 locID: 102651688925921783 bcsId: 0} | ret=SUCCESS |  
2019-08-20 22:34:28,246 | INFO  | DNAudit | user=null | ip=null | op=WRITE_CHUNK {blockData=conID: 1 locID: 102651688925921783 bcsId: 0} | ret=SUCCESS |  
2019-08-20 22:34:28,246 | INFO  | DNAudit | user=null | ip=null | op=WRITE_CHUNK {blockData=conID: 1 locID: 102651688925921783 bcsId: 0} | ret=SUCCESS |  
2019-08-20 22:34:28,254 | INFO  | DNAudit | user=null | ip=null | op=WRITE_CHUNK {blockData=conID: 1 locID: 102651688925921783 bcsId: 0} | ret=SUCCESS |  
2019-08-20 22:34:28,255 | INFO  | DNAudit | user=null | ip=null | op=PUT_BLOCK {blockData=[blockId=conID: 1 locID: 102651688925921783 bcsId: 0,size=1048576]} | ret=SUCCESS |  
2019-08-20 22:34:28,255 [grpc-default-executor-5] INFO  client.GrpcClientProtocolClient (GrpcClientProtocolClient.java:onNext(255)) - client-391BA870FC40->947ec526-030f-41cc-8af7-a6f75e712ab0: receive RaftClientReply:client-391BA870FC40->947ec526-030f-41cc-8af7-a6f75e712ab0@group-5D45C35602B2, cid=1596, SUCCESS, logIndex=2298, commits[947ec526-030f-41cc-8af7-a6f75e712ab0:c2299, c447b9b6-dde2-4ce7-aa81-d0e2eddc8fe9:c2297, 28b540ac-241d-462a-a56c-509e92928066:c2297]
2019-08-20 22:34:28,256 [grpc-default-executor-5] INFO  client.GrpcClientProtocolClient (GrpcClientProtocolClient.java:onNext(255)) - client-391BA870FC40->947ec526-030f-41cc-8af7-a6f75e712ab0: receive RaftClientReply:client-391BA870FC40->947ec526-030f-41cc-8af7-a6f75e712ab0@group-5D45C35602B2, cid=1597, SUCCESS, logIndex=2299, commits[947ec526-030f-41cc-8af7-a6f75e712ab0:c2299, c447b9b6-dde2-4ce7-aa81-d0e2eddc8fe9:c2297, 28b540ac-241d-462a-a56c-509e92928066:c2297]
2019-08-20 22:34:28,264 | INFO  | DNAudit | user=null | ip=null | op=WRITE_CHUNK {blockData=conID: 1 locID: 102651688925921783 bcsId: 0} | ret=SUCCESS |  
2019-08-20 22:34:28,264 | INFO  | DNAudit | user=null | ip=null | op=PUT_BLOCK {blockData=[blockId=conID: 1 locID: 102651688925921783 bcsId: 0,size=2097152]} | ret=SUCCESS |  
2019-08-20 22:34:28,264 | INFO  | DNAudit | user=null | ip=null | op=WRITE_CHUNK {blockData=conID: 1 locID: 102651688925921783 bcsId: 0} | ret=SUCCESS |  
2019-08-20 22:34:28,264 [grpc-default-executor-2] INFO  client.GrpcClientProtocolClient (GrpcClientProtocolClient.java:onNext(255)) - client-391BA870FC40->947ec526-030f-41cc-8af7-a6f75e712ab0: receive RaftClientReply:client-391BA870FC40->947ec526-030f-41cc-8af7-a6f75e712ab0@group-5D45C35602B2, cid=1598, SUCCESS, logIndex=2300, commits[947ec526-030f-41cc-8af7-a6f75e712ab0:c2301, c447b9b6-dde2-4ce7-aa81-d0e2eddc8fe9:c2297, 28b540ac-241d-462a-a56c-509e92928066:c2297]
2019-08-20 22:34:28,265 | INFO  | DNAudit | user=null | ip=null | op=PUT_BLOCK {blockData=[blockId=conID: 1 locID: 102651688925921783 bcsId: 0,size=1048576]} | ret=SUCCESS |  
2019-08-20 22:34:28,265 [grpc-default-executor-2] INFO  client.GrpcClientProtocolClient (GrpcClientProtocolClient.java:onNext(255)) - client-391BA870FC40->947ec526-030f-41cc-8af7-a6f75e712ab0: receive RaftClientReply:client-391BA870FC40->947ec526-030f-41cc-8af7-a6f75e712ab0@group-5D45C35602B2, cid=1599, SUCCESS, logIndex=2301, commits[947ec526-030f-41cc-8af7-a6f75e712ab0:c2301, c447b9b6-dde2-4ce7-aa81-d0e2eddc8fe9:c2297, 28b540ac-241d-462a-a56c-509e92928066:c2297]
2019-08-20 22:34:28,265 | INFO  | DNAudit | user=null | ip=null | op=WRITE_CHUNK {blockData=conID: 1 locID: 102651688925921783 bcsId: 0} | ret=SUCCESS |  
2019-08-20 22:34:28,266 | INFO  | DNAudit | user=null | ip=null | op=PUT_BLOCK {blockData=[blockId=conID: 1 locID: 102651688925921783 bcsId: 0,size=1048576]} | ret=SUCCESS |  
2019-08-20 22:34:28,266 [grpc-default-executor-2] INFO  client.GrpcClientProtocolClient (GrpcClientProtocolClient.java:onNext(255)) - client-391BA870FC40->947ec526-030f-41cc-8af7-a6f75e712ab0: receive RaftClientReply:client-391BA870FC40->947ec526-030f-41cc-8af7-a6f75e712ab0@group-5D45C35602B2, cid=1600, SUCCESS, logIndex=0, commits[947ec526-030f-41cc-8af7-a6f75e712ab0:c2303, c447b9b6-dde2-4ce7-aa81-d0e2eddc8fe9:c2299, 28b540ac-241d-462a-a56c-509e92928066:c2299]
2019-08-20 22:34:28,267 | INFO  | DNAudit | user=null | ip=null | op=WRITE_CHUNK {blockData=conID: 1 locID: 102651688925921783 bcsId: 0} | ret=SUCCESS |  
2019-08-20 22:34:28,267 | INFO  | DNAudit | user=null | ip=null | op=PUT_BLOCK {blockData=[blockId=conID: 1 locID: 102651688925921783 bcsId: 0,size=2097152]} | ret=SUCCESS |  
2019-08-20 22:34:28,269 | INFO  | DNAudit | user=null | ip=null | op=WRITE_CHUNK {blockData=conID: 1 locID: 102651688925921783 bcsId: 0} | ret=SUCCESS |  
2019-08-20 22:34:28,269 | INFO  | DNAudit | user=null | ip=null | op=PUT_BLOCK {blockData=[blockId=conID: 1 locID: 102651688925921783 bcsId: 0,size=2097152]} | ret=SUCCESS |  
2019-08-20 22:34:28,273 | INFO  | DNAudit | user=null | ip=null | op=WRITE_CHUNK {blockData=conID: 1 locID: 102651688925921783 bcsId: 2301} | ret=SUCCESS |  
2019-08-20 22:34:28,275 | INFO  | DNAudit | user=null | ip=null | op=WRITE_CHUNK {blockData=conID: 1 locID: 102651688925921783 bcsId: 2301} | ret=SUCCESS |  
2019-08-20 22:34:28,275 | INFO  | DNAudit | user=null | ip=null | op=WRITE_CHUNK {blockData=conID: 1 locID: 102651688925921783 bcsId: 2301} | ret=SUCCESS |  
2019-08-20 22:34:28,288 | INFO  | DNAudit | user=null | ip=null | op=WRITE_CHUNK {blockData=conID: 1 locID: 102651688925921783 bcsId: 2301} | ret=SUCCESS |  
2019-08-20 22:34:28,288 | INFO  | DNAudit | user=null | ip=null | op=PUT_BLOCK {blockData=[blockId=conID: 1 locID: 102651688925921783 bcsId: 0,size=3145728]} | ret=SUCCESS |  
2019-08-20 22:34:28,288 [grpc-default-executor-5] INFO  client.GrpcClientProtocolClient (GrpcClientProtocolClient.java:onNext(255)) - client-391BA870FC40->947ec526-030f-41cc-8af7-a6f75e712ab0: receive RaftClientReply:client-391BA870FC40->947ec526-030f-41cc-8af7-a6f75e712ab0@group-5D45C35602B2, cid=1601, SUCCESS, logIndex=2306, commits[947ec526-030f-41cc-8af7-a6f75e712ab0:c2307, c447b9b6-dde2-4ce7-aa81-d0e2eddc8fe9:c2305, 28b540ac-241d-462a-a56c-509e92928066:c2305]
2019-08-20 22:34:28,288 [grpc-default-executor-5] INFO  client.GrpcClientProtocolClient (GrpcClientProtocolClient.java:onNext(255)) - client-391BA870FC40->947ec526-030f-41cc-8af7-a6f75e712ab0: receive RaftClientReply:client-391BA870FC40->947ec526-030f-41cc-8af7-a6f75e712ab0@group-5D45C35602B2, cid=1602, SUCCESS, logIndex=2307, commits[947ec526-030f-41cc-8af7-a6f75e712ab0:c2307, c447b9b6-dde2-4ce7-aa81-d0e2eddc8fe9:c2305, 28b540ac-241d-462a-a56c-509e92928066:c2305]
2019-08-20 22:34:28,294 | INFO  | DNAudit | user=null | ip=null | op=WRITE_CHUNK {blockData=conID: 1 locID: 102651688925921783 bcsId: 2307} | ret=SUCCESS |  
2019-08-20 22:34:28,297 | INFO  | DNAudit | user=null | ip=null | op=WRITE_CHUNK {blockData=conID: 1 locID: 102651688925921783 bcsId: 2307} | ret=SUCCESS |  
2019-08-20 22:34:28,298 | INFO  | DNAudit | user=null | ip=null | op=WRITE_CHUNK {blockData=conID: 1 locID: 102651688925921783 bcsId: 2307} | ret=SUCCESS |  
2019-08-20 22:34:28,301 | INFO  | DNAudit | user=null | ip=null | op=WRITE_CHUNK {blockData=conID: 1 locID: 102651688925921783 bcsId: 2301} | ret=SUCCESS |  
2019-08-20 22:34:28,301 | INFO  | DNAudit | user=null | ip=null | op=WRITE_CHUNK {blockData=conID: 1 locID: 102651688925921783 bcsId: 2301} | ret=SUCCESS |  
2019-08-20 22:34:28,313 | INFO  | DNAudit | user=null | ip=null | op=PUT_BLOCK {blockData=[blockId=conID: 1 locID: 102651688925921783 bcsId: 0,size=3145728]} | ret=SUCCESS |  
2019-08-20 22:34:28,313 | INFO  | DNAudit | user=null | ip=null | op=PUT_BLOCK {blockData=[blockId=conID: 1 locID: 102651688925921783 bcsId: 0,size=3145728]} | ret=SUCCESS |  
2019-08-20 22:34:28,313 | INFO  | DNAudit | user=null | ip=null | op=WRITE_CHUNK {blockData=conID: 1 locID: 102651688925921783 bcsId: 2307} | ret=SUCCESS |  
2019-08-20 22:34:28,313 | INFO  | DNAudit | user=null | ip=null | op=PUT_BLOCK {blockData=[blockId=conID: 1 locID: 102651688925921783 bcsId: 0,size=4194304]} | ret=SUCCESS |  
2019-08-20 22:34:28,314 [grpc-default-executor-5] INFO  client.GrpcClientProtocolClient (GrpcClientProtocolClient.java:onNext(255)) - client-391BA870FC40->947ec526-030f-41cc-8af7-a6f75e712ab0: receive RaftClientReply:client-391BA870FC40->947ec526-030f-41cc-8af7-a6f75e712ab0@group-5D45C35602B2, cid=1603, SUCCESS, logIndex=2310, commits[947ec526-030f-41cc-8af7-a6f75e712ab0:c2311, c447b9b6-dde2-4ce7-aa81-d0e2eddc8fe9:c2307, 28b540ac-241d-462a-a56c-509e92928066:c2307]
2019-08-20 22:34:28,314 [grpc-default-executor-5] INFO  client.GrpcClientProtocolClient (GrpcClientProtocolClient.java:onNext(255)) - client-391BA870FC40->947ec526-030f-41cc-8af7-a6f75e712ab0: receive RaftClientReply:client-391BA870FC40->947ec526-030f-41cc-8af7-a6f75e712ab0@group-5D45C35602B2, cid=1604, SUCCESS, logIndex=2311, commits[947ec526-030f-41cc-8af7-a6f75e712ab0:c2311, c447b9b6-dde2-4ce7-aa81-d0e2eddc8fe9:c2307, 28b540ac-241d-462a-a56c-509e92928066:c2307]
2019-08-20 22:34:28,329 | INFO  | DNAudit | user=null | ip=null | op=WRITE_CHUNK {blockData=conID: 1 locID: 102651688925921783 bcsId: 2307} | ret=SUCCESS |  
2019-08-20 22:34:28,330 | INFO  | DNAudit | user=null | ip=null | op=WRITE_CHUNK {blockData=conID: 1 locID: 102651688925921783 bcsId: 2307} | ret=SUCCESS |  
2019-08-20 22:34:28,332 | INFO  | DNAudit | user=null | ip=null | op=PUT_BLOCK {blockData=[blockId=conID: 1 locID: 102651688925921783 bcsId: 0,size=4194304]} | ret=SUCCESS |  
2019-08-20 22:34:28,332 | INFO  | DNAudit | user=null | ip=null | op=PUT_BLOCK {blockData=[blockId=conID: 1 locID: 102651688925921783 bcsId: 0,size=4194304]} | ret=SUCCESS |  
2019-08-20 22:34:28,333 [grpc-default-executor-2] INFO  client.GrpcClientProtocolClient (GrpcClientProtocolClient.java:onNext(255)) - client-391BA870FC40->947ec526-030f-41cc-8af7-a6f75e712ab0: receive RaftClientReply:client-391BA870FC40->947ec526-030f-41cc-8af7-a6f75e712ab0@group-5D45C35602B2, cid=1605, SUCCESS, logIndex=0, commits[947ec526-030f-41cc-8af7-a6f75e712ab0:c2313, c447b9b6-dde2-4ce7-aa81-d0e2eddc8fe9:c2311, 28b540ac-241d-462a-a56c-509e92928066:c2311]
2019-08-20 22:34:28,337 | INFO  | SCMAudit | user=jenkins1000 | ip=192.168.5.142 | op=ALLOCATE_BLOCK {owner=6f694d07-2a2f-44d9-8e1c-aaa094a2f647, size=4194304, type=RATIS, factor=THREE} | ret=SUCCESS |  
2019-08-20 22:34:28,340 | INFO  | OMAudit | user=jenkins1000 | ip=127.0.0.1 | op=ALLOCATE_BLOCK {volume=vol-0-80747, bucket=bucket-0-27686, key=key-0-47435, dataSize=0, replicationType=null, replicationFactor=null, keyLocationInfo=null, clientID=102651687805452690} | ret=SUCCESS |  
2019-08-20 22:34:28,347 | INFO  | DNAudit | user=null | ip=null | op=WRITE_CHUNK {blockData=conID: 2 locID: 102651688932934136 bcsId: 0} | ret=SUCCESS |  
2019-08-20 22:34:28,351 | INFO  | DNAudit | user=null | ip=null | op=WRITE_CHUNK {blockData=conID: 2 locID: 102651688932934136 bcsId: 0} | ret=SUCCESS |  
2019-08-20 22:34:28,351 | INFO  | DNAudit | user=null | ip=null | op=WRITE_CHUNK {blockData=conID: 2 locID: 102651688932934136 bcsId: 0} | ret=SUCCESS |  
2019-08-20 22:34:28,352 | INFO  | DNAudit | user=null | ip=null | op=WRITE_CHUNK {blockData=conID: 2 locID: 102651688932934136 bcsId: 0} | ret=SUCCESS |  
2019-08-20 22:34:28,354 | INFO  | DNAudit | user=null | ip=null | op=WRITE_CHUNK {blockData=conID: 2 locID: 102651688932934136 bcsId: 0} | ret=SUCCESS |  
2019-08-20 22:34:28,355 | INFO  | DNAudit | user=null | ip=null | op=WRITE_CHUNK {blockData=conID: 2 locID: 102651688932934136 bcsId: 0} | ret=SUCCESS |  
2019-08-20 22:34:28,360 | INFO  | DNAudit | user=null | ip=null | op=WRITE_CHUNK {blockData=conID: 2 locID: 102651688932934136 bcsId: 0} | ret=SUCCESS |  
2019-08-20 22:34:28,360 | INFO  | DNAudit | user=null | ip=null | op=PUT_BLOCK {blockData=[blockId=conID: 2 locID: 102651688932934136 bcsId: 0,size=1048576]} | ret=SUCCESS |  
2019-08-20 22:34:28,360 | INFO  | DNAudit | user=null | ip=null | op=WRITE_CHUNK {blockData=conID: 2 locID: 102651688932934136 bcsId: 0} | ret=SUCCESS |  
2019-08-20 22:34:28,360 [grpc-default-executor-2] INFO  client.GrpcClientProtocolClient (GrpcClientProtocolClient.java:onNext(255)) - client-391BA870FC40->947ec526-030f-41cc-8af7-a6f75e712ab0: receive RaftClientReply:client-391BA870FC40->947ec526-030f-41cc-8af7-a6f75e712ab0@group-5D45C35602B2, cid=1606, SUCCESS, logIndex=2314, commits[947ec526-030f-41cc-8af7-a6f75e712ab0:c2315, c447b9b6-dde2-4ce7-aa81-d0e2eddc8fe9:c2313, 28b540ac-241d-462a-a56c-509e92928066:c2313]
2019-08-20 22:34:28,361 | INFO  | DNAudit | user=null | ip=null | op=PUT_BLOCK {blockData=[blockId=conID: 2 locID: 102651688932934136 bcsId: 0,size=2097152]} | ret=SUCCESS |  
2019-08-20 22:34:28,361 [grpc-default-executor-2] INFO  client.GrpcClientProtocolClient (GrpcClientProtocolClient.java:onNext(255)) - client-391BA870FC40->947ec526-030f-41cc-8af7-a6f75e712ab0: receive RaftClientReply:client-391BA870FC40->947ec526-030f-41cc-8af7-a6f75e712ab0@group-5D45C35602B2, cid=1607, SUCCESS, logIndex=2315, commits[947ec526-030f-41cc-8af7-a6f75e712ab0:c2317, c447b9b6-dde2-4ce7-aa81-d0e2eddc8fe9:c2313, 28b540ac-241d-462a-a56c-509e92928066:c2313]
2019-08-20 22:34:28,361 [grpc-default-executor-2] INFO  client.GrpcClientProtocolClient (GrpcClientProtocolClient.java:onNext(255)) - client-391BA870FC40->947ec526-030f-41cc-8af7-a6f75e712ab0: receive RaftClientReply:client-391BA870FC40->947ec526-030f-41cc-8af7-a6f75e712ab0@group-5D45C35602B2, cid=1608, SUCCESS, logIndex=2316, commits[947ec526-030f-41cc-8af7-a6f75e712ab0:c2317, c447b9b6-dde2-4ce7-aa81-d0e2eddc8fe9:c2313, 28b540ac-241d-462a-a56c-509e92928066:c2313]
2019-08-20 22:34:28,362 [grpc-default-executor-2] INFO  client.GrpcClientProtocolClient (GrpcClientProtocolClient.java:onNext(255)) - client-391BA870FC40->947ec526-030f-41cc-8af7-a6f75e712ab0: receive RaftClientReply:client-391BA870FC40->947ec526-030f-41cc-8af7-a6f75e712ab0@group-5D45C35602B2, cid=1609, SUCCESS, logIndex=2317, commits[947ec526-030f-41cc-8af7-a6f75e712ab0:c2317, c447b9b6-dde2-4ce7-aa81-d0e2eddc8fe9:c2313, 28b540ac-241d-462a-a56c-509e92928066:c2313]
2019-08-20 22:34:28,363 | INFO  | DNAudit | user=null | ip=null | op=WRITE_CHUNK {blockData=conID: 2 locID: 102651688932934136 bcsId: 0} | ret=SUCCESS |  
2019-08-20 22:34:28,363 | INFO  | DNAudit | user=null | ip=null | op=WRITE_CHUNK {blockData=conID: 2 locID: 102651688932934136 bcsId: 0} | ret=SUCCESS |  
2019-08-20 22:34:28,363 | INFO  | DNAudit | user=null | ip=null | op=PUT_BLOCK {blockData=[blockId=conID: 2 locID: 102651688932934136 bcsId: 0,size=1048576]} | ret=SUCCESS |  
2019-08-20 22:34:28,363 | INFO  | DNAudit | user=null | ip=null | op=PUT_BLOCK {blockData=[blockId=conID: 2 locID: 102651688932934136 bcsId: 0,size=1048576]} | ret=SUCCESS |  
2019-08-20 22:34:28,363 [grpc-default-executor-1] INFO  client.GrpcClientProtocolClient (GrpcClientProtocolClient.java:onNext(255)) - client-391BA870FC40->947ec526-030f-41cc-8af7-a6f75e712ab0: receive RaftClientReply:client-391BA870FC40->947ec526-030f-41cc-8af7-a6f75e712ab0@group-5D45C35602B2, cid=1610, SUCCESS, logIndex=0, commits[947ec526-030f-41cc-8af7-a6f75e712ab0:c2318, c447b9b6-dde2-4ce7-aa81-d0e2eddc8fe9:c2315, 28b540ac-241d-462a-a56c-509e92928066:c2315]
2019-08-20 22:34:28,370 | INFO  | DNAudit | user=null | ip=null | op=WRITE_CHUNK {blockData=conID: 2 locID: 102651688932934136 bcsId: 2317} | ret=SUCCESS |  
2019-08-20 22:34:28,372 | INFO  | DNAudit | user=null | ip=null | op=WRITE_CHUNK {blockData=conID: 2 locID: 102651688932934136 bcsId: 2317} | ret=SUCCESS |  
2019-08-20 22:34:28,372 | INFO  | DNAudit | user=null | ip=null | op=WRITE_CHUNK {blockData=conID: 2 locID: 102651688932934136 bcsId: 2317} | ret=SUCCESS |  
2019-08-20 22:34:28,376 | INFO  | DNAudit | user=null | ip=null | op=WRITE_CHUNK {blockData=conID: 2 locID: 102651688932934136 bcsId: 0} | ret=SUCCESS |  
2019-08-20 22:34:28,376 | INFO  | DNAudit | user=null | ip=null | op=PUT_BLOCK {blockData=[blockId=conID: 2 locID: 102651688932934136 bcsId: 0,size=2097152]} | ret=SUCCESS |  
2019-08-20 22:34:28,376 | INFO  | DNAudit | user=null | ip=null | op=WRITE_CHUNK {blockData=conID: 2 locID: 102651688932934136 bcsId: 0} | ret=SUCCESS |  
2019-08-20 22:34:28,377 | INFO  | DNAudit | user=null | ip=null | op=PUT_BLOCK {blockData=[blockId=conID: 2 locID: 102651688932934136 bcsId: 0,size=2097152]} | ret=SUCCESS |  
2019-08-20 22:34:28,388 | INFO  | DNAudit | user=null | ip=null | op=WRITE_CHUNK {blockData=conID: 2 locID: 102651688932934136 bcsId: 2317} | ret=SUCCESS |  
2019-08-20 22:34:28,388 | INFO  | DNAudit | user=null | ip=null | op=PUT_BLOCK {blockData=[blockId=conID: 2 locID: 102651688932934136 bcsId: 0,size=3145728]} | ret=SUCCESS |  
2019-08-20 22:34:28,389 [grpc-default-executor-2] INFO  client.GrpcClientProtocolClient (GrpcClientProtocolClient.java:onNext(255)) - client-391BA870FC40->947ec526-030f-41cc-8af7-a6f75e712ab0: receive RaftClientReply:client-391BA870FC40->947ec526-030f-41cc-8af7-a6f75e712ab0@group-5D45C35602B2, cid=1611, SUCCESS, logIndex=2321, commits[947ec526-030f-41cc-8af7-a6f75e712ab0:c2322, c447b9b6-dde2-4ce7-aa81-d0e2eddc8fe9:c2318, 28b540ac-241d-462a-a56c-509e92928066:c2318]
2019-08-20 22:34:28,389 [grpc-default-executor-2] INFO  client.GrpcClientProtocolClient (GrpcClientProtocolClient.java:onNext(255)) - client-391BA870FC40->947ec526-030f-41cc-8af7-a6f75e712ab0: receive RaftClientReply:client-391BA870FC40->947ec526-030f-41cc-8af7-a6f75e712ab0@group-5D45C35602B2, cid=1612, SUCCESS, logIndex=2322, commits[947ec526-030f-41cc-8af7-a6f75e712ab0:c2322, c447b9b6-dde2-4ce7-aa81-d0e2eddc8fe9:c2318, 28b540ac-241d-462a-a56c-509e92928066:c2318]
2019-08-20 22:34:28,494 | INFO  | DNAudit | user=null | ip=null | op=WRITE_CHUNK {blockData=conID: 2 locID: 102651688932934136 bcsId: 2317} | ret=SUCCESS |  
2019-08-20 22:34:28,494 | INFO  | DNAudit | user=null | ip=null | op=WRITE_CHUNK {blockData=conID: 2 locID: 102651688932934136 bcsId: 2317} | ret=SUCCESS |  
2019-08-20 22:34:28,498 | INFO  | DNAudit | user=null | ip=null | op=WRITE_CHUNK {blockData=conID: 2 locID: 102651688932934136 bcsId: 2322} | ret=SUCCESS |  
2019-08-20 22:34:28,502 | INFO  | DNAudit | user=null | ip=null | op=WRITE_CHUNK {blockData=conID: 2 locID: 102651688932934136 bcsId: 2322} | ret=SUCCESS |  
2019-08-20 22:34:28,502 | INFO  | DNAudit | user=null | ip=null | op=WRITE_CHUNK {blockData=conID: 2 locID: 102651688932934136 bcsId: 2322} | ret=SUCCESS |  
2019-08-20 22:34:28,506 | INFO  | DNAudit | user=null | ip=null | op=PUT_BLOCK {blockData=[blockId=conID: 2 locID: 102651688932934136 bcsId: 0,size=3145728]} | ret=SUCCESS |  
2019-08-20 22:34:28,506 | INFO  | DNAudit | user=null | ip=null | op=PUT_BLOCK {blockData=[blockId=conID: 2 locID: 102651688932934136 bcsId: 0,size=3145728]} | ret=SUCCESS |  
2019-08-20 22:34:28,520 | INFO  | DNAudit | user=null | ip=null | op=WRITE_CHUNK {blockData=conID: 2 locID: 102651688932934136 bcsId: 2322} | ret=SUCCESS |  
2019-08-20 22:34:28,520 | INFO  | DNAudit | user=null | ip=null | op=PUT_BLOCK {blockData=[blockId=conID: 2 locID: 102651688932934136 bcsId: 0,size=4194304]} | ret=SUCCESS |  
2019-08-20 22:34:28,521 [grpc-default-executor-1] INFO  client.GrpcClientProtocolClient (GrpcClientProtocolClient.java:onNext(255)) - client-391BA870FC40->947ec526-030f-41cc-8af7-a6f75e712ab0: receive RaftClientReply:client-391BA870FC40->947ec526-030f-41cc-8af7-a6f75e712ab0@group-5D45C35602B2, cid=1613, SUCCESS, logIndex=2325, commits[947ec526-030f-41cc-8af7-a6f75e712ab0:c2326, c447b9b6-dde2-4ce7-aa81-d0e2eddc8fe9:c2323, 28b540ac-241d-462a-a56c-509e92928066:c2323]
2019-08-20 22:34:28,521 [grpc-default-executor-1] INFO  client.GrpcClientProtocolClient (GrpcClientProtocolClient.java:onNext(255)) - client-391BA870FC40->947ec526-030f-41cc-8af7-a6f75e712ab0: receive RaftClientReply:client-391BA870FC40->947ec526-030f-41cc-8af7-a6f75e712ab0@group-5D45C35602B2, cid=1614, SUCCESS, logIndex=2326, commits[947ec526-030f-41cc-8af7-a6f75e712ab0:c2326, c447b9b6-dde2-4ce7-aa81-d0e2eddc8fe9:c2323, 28b540ac-241d-462a-a56c-509e92928066:c2323]
2019-08-20 22:34:28,537 | INFO  | DNAudit | user=null | ip=null | op=WRITE_CHUNK {blockData=conID: 2 locID: 102651688932934136 bcsId: 2322} | ret=SUCCESS |  
2019-08-20 22:34:28,537 | INFO  | DNAudit | user=null | ip=null | op=WRITE_CHUNK {blockData=conID: 2 locID: 102651688932934136 bcsId: 2322} | ret=SUCCESS |  
2019-08-20 22:34:28,540 | INFO  | DNAudit | user=null | ip=null | op=PUT_BLOCK {blockData=[blockId=conID: 2 locID: 102651688932934136 bcsId: 0,size=4194304]} | ret=SUCCESS |  
2019-08-20 22:34:28,540 | INFO  | DNAudit | user=null | ip=null | op=PUT_BLOCK {blockData=[blockId=conID: 2 locID: 102651688932934136 bcsId: 0,size=4194304]} | ret=SUCCESS |  
2019-08-20 22:34:28,541 [grpc-default-executor-1] INFO  client.GrpcClientProtocolClient (GrpcClientProtocolClient.java:onNext(255)) - client-391BA870FC40->947ec526-030f-41cc-8af7-a6f75e712ab0: receive RaftClientReply:client-391BA870FC40->947ec526-030f-41cc-8af7-a6f75e712ab0@group-5D45C35602B2, cid=1615, SUCCESS, logIndex=0, commits[947ec526-030f-41cc-8af7-a6f75e712ab0:c2328, c447b9b6-dde2-4ce7-aa81-d0e2eddc8fe9:c2326, 28b540ac-241d-462a-a56c-509e92928066:c2326]
2019-08-20 22:34:28,550 | INFO  | SCMAudit | user=jenkins1000 | ip=192.168.5.142 | op=ALLOCATE_BLOCK {owner=6f694d07-2a2f-44d9-8e1c-aaa094a2f647, size=4194304, type=RATIS, factor=THREE} | ret=SUCCESS |  
2019-08-20 22:34:28,554 | INFO  | OMAudit | user=jenkins1000 | ip=127.0.0.1 | op=ALLOCATE_BLOCK {volume=vol-0-80747, bucket=bucket-0-27686, key=key-0-47435, dataSize=0, replicationType=null, replicationFactor=null, keyLocationInfo=null, clientID=102651687805452690} | ret=SUCCESS |  
2019-08-20 22:34:28,563 | INFO  | DNAudit | user=null | ip=null | op=WRITE_CHUNK {blockData=conID: 3 locID: 102651688946827769 bcsId: 0} | ret=SUCCESS |  
2019-08-20 22:34:28,568 | INFO  | DNAudit | user=null | ip=null | op=WRITE_CHUNK {blockData=conID: 3 locID: 102651688946827769 bcsId: 0} | ret=SUCCESS |  
2019-08-20 22:34:28,568 | INFO  | DNAudit | user=null | ip=null | op=WRITE_CHUNK {blockData=conID: 3 locID: 102651688946827769 bcsId: 0} | ret=SUCCESS |  
2019-08-20 22:34:28,568 | INFO  | DNAudit | user=null | ip=null | op=WRITE_CHUNK {blockData=conID: 3 locID: 102651688946827769 bcsId: 0} | ret=SUCCESS |  
2019-08-20 22:34:28,570 | INFO  | DNAudit | user=null | ip=null | op=WRITE_CHUNK {blockData=conID: 3 locID: 102651688946827769 bcsId: 0} | ret=SUCCESS |  
2019-08-20 22:34:28,570 | INFO  | DNAudit | user=null | ip=null | op=WRITE_CHUNK {blockData=conID: 3 locID: 102651688946827769 bcsId: 0} | ret=SUCCESS |  
2019-08-20 22:34:28,578 | INFO  | DNAudit | user=null | ip=null | op=WRITE_CHUNK {blockData=conID: 3 locID: 102651688946827769 bcsId: 0} | ret=SUCCESS |  
2019-08-20 22:34:28,578 | INFO  | DNAudit | user=null | ip=null | op=PUT_BLOCK {blockData=[blockId=conID: 3 locID: 102651688946827769 bcsId: 0,size=1048576]} | ret=SUCCESS |  
2019-08-20 22:34:28,578 [grpc-default-executor-1] INFO  client.GrpcClientProtocolClient (GrpcClientProtocolClient.java:onNext(255)) - client-391BA870FC40->947ec526-030f-41cc-8af7-a6f75e712ab0: receive RaftClientReply:client-391BA870FC40->947ec526-030f-41cc-8af7-a6f75e712ab0@group-5D45C35602B2, cid=1616, SUCCESS, logIndex=2329, commits[947ec526-030f-41cc-8af7-a6f75e712ab0:c2330, c447b9b6-dde2-4ce7-aa81-d0e2eddc8fe9:c2328, 28b540ac-241d-462a-a56c-509e92928066:c2328]
2019-08-20 22:34:28,579 [grpc-default-executor-1] INFO  client.GrpcClientProtocolClient (GrpcClientProtocolClient.java:onNext(255)) - client-391BA870FC40->947ec526-030f-41cc-8af7-a6f75e712ab0: receive RaftClientReply:client-391BA870FC40->947ec526-030f-41cc-8af7-a6f75e712ab0@group-5D45C35602B2, cid=1617, SUCCESS, logIndex=2330, commits[947ec526-030f-41cc-8af7-a6f75e712ab0:c2330, c447b9b6-dde2-4ce7-aa81-d0e2eddc8fe9:c2328, 28b540ac-241d-462a-a56c-509e92928066:c2328]
2019-08-20 22:34:28,589 | INFO  | DNAudit | user=null | ip=null | op=WRITE_CHUNK {blockData=conID: 3 locID: 102651688946827769 bcsId: 0} | ret=SUCCESS |  
2019-08-20 22:34:28,589 | INFO  | DNAudit | user=null | ip=null | op=PUT_BLOCK {blockData=[blockId=conID: 3 locID: 102651688946827769 bcsId: 0,size=2097152]} | ret=SUCCESS |  
2019-08-20 22:34:28,590 | INFO  | DNAudit | user=null | ip=null | op=WRITE_CHUNK {blockData=conID: 3 locID: 102651688946827769 bcsId: 0} | ret=SUCCESS |  
2019-08-20 22:34:28,590 [grpc-default-executor-2] INFO  client.GrpcClientProtocolClient (GrpcClientProtocolClient.java:onNext(255)) - client-391BA870FC40->947ec526-030f-41cc-8af7-a6f75e712ab0: receive RaftClientReply:client-391BA870FC40->947ec526-030f-41cc-8af7-a6f75e712ab0@group-5D45C35602B2, cid=1618, SUCCESS, logIndex=2331, commits[947ec526-030f-41cc-8af7-a6f75e712ab0:c2332, c447b9b6-dde2-4ce7-aa81-d0e2eddc8fe9:c2328, 28b540ac-241d-462a-a56c-509e92928066:c2328]
2019-08-20 22:34:28,590 | INFO  | DNAudit | user=null | ip=null | op=PUT_BLOCK {blockData=[blockId=conID: 3 locID: 102651688946827769 bcsId: 0,size=1048576]} | ret=SUCCESS |  
2019-08-20 22:34:28,590 [grpc-default-executor-2] INFO  client.GrpcClientProtocolClient (GrpcClientProtocolClient.java:onNext(255)) - client-391BA870FC40->947ec526-030f-41cc-8af7-a6f75e712ab0: receive RaftClientReply:client-391BA870FC40->947ec526-030f-41cc-8af7-a6f75e712ab0@group-5D45C35602B2, cid=1619, SUCCESS, logIndex=2332, commits[947ec526-030f-41cc-8af7-a6f75e712ab0:c2332, c447b9b6-dde2-4ce7-aa81-d0e2eddc8fe9:c2328, 28b540ac-241d-462a-a56c-509e92928066:c2328]
2019-08-20 22:34:28,592 | INFO  | DNAudit | user=null | ip=null | op=WRITE_CHUNK {blockData=conID: 3 locID: 102651688946827769 bcsId: 0} | ret=SUCCESS |  
2019-08-20 22:34:28,592 | INFO  | DNAudit | user=null | ip=null | op=PUT_BLOCK {blockData=[blockId=conID: 3 locID: 102651688946827769 bcsId: 0,size=1048576]} | ret=SUCCESS |  
2019-08-20 22:34:28,592 [grpc-default-executor-2] INFO  client.GrpcClientProtocolClient (GrpcClientProtocolClient.java:onNext(255)) - client-391BA870FC40->947ec526-030f-41cc-8af7-a6f75e712ab0: receive RaftClientReply:client-391BA870FC40->947ec526-030f-41cc-8af7-a6f75e712ab0@group-5D45C35602B2, cid=1620, SUCCESS, logIndex=0, commits[947ec526-030f-41cc-8af7-a6f75e712ab0:c2334, c447b9b6-dde2-4ce7-aa81-d0e2eddc8fe9:c2330, 28b540ac-241d-462a-a56c-509e92928066:c2330]
2019-08-20 22:34:28,601 | INFO  | DNAudit | user=null | ip=null | op=WRITE_CHUNK {blockData=conID: 3 locID: 102651688946827769 bcsId: 2332} | ret=SUCCESS |  
2019-08-20 22:34:28,602 | INFO  | DNAudit | user=null | ip=null | op=WRITE_CHUNK {blockData=conID: 3 locID: 102651688946827769 bcsId: 0} | ret=SUCCESS |  
2019-08-20 22:34:28,603 | INFO  | DNAudit | user=null | ip=null | op=PUT_BLOCK {blockData=[blockId=conID: 3 locID: 102651688946827769 bcsId: 0,size=2097152]} | ret=SUCCESS |  
2019-08-20 22:34:28,603 | INFO  | DNAudit | user=null | ip=null | op=WRITE_CHUNK {blockData=conID: 3 locID: 102651688946827769 bcsId: 0} | ret=SUCCESS |  
2019-08-20 22:34:28,603 | INFO  | DNAudit | user=null | ip=null | op=WRITE_CHUNK {blockData=conID: 3 locID: 102651688946827769 bcsId: 2332} | ret=SUCCESS |  
2019-08-20 22:34:28,603 | INFO  | DNAudit | user=null | ip=null | op=WRITE_CHUNK {blockData=conID: 3 locID: 102651688946827769 bcsId: 2332} | ret=SUCCESS |  
2019-08-20 22:34:28,603 | INFO  | DNAudit | user=null | ip=null | op=PUT_BLOCK {blockData=[blockId=conID: 3 locID: 102651688946827769 bcsId: 0,size=2097152]} | ret=SUCCESS |  
2019-08-20 22:34:28,605 | INFO  | DNAudit | user=null | ip=null | op=WRITE_CHUNK {blockData=conID: 3 locID: 102651688946827769 bcsId: 2332} | ret=SUCCESS |  
2019-08-20 22:34:28,605 | INFO  | DNAudit | user=null | ip=null | op=PUT_BLOCK {blockData=[blockId=conID: 3 locID: 102651688946827769 bcsId: 0,size=3145728]} | ret=SUCCESS |  
2019-08-20 22:34:28,606 [grpc-default-executor-1] INFO  client.GrpcClientProtocolClient (GrpcClientProtocolClient.java:onNext(255)) - client-391BA870FC40->947ec526-030f-41cc-8af7-a6f75e712ab0: receive RaftClientReply:client-391BA870FC40->947ec526-030f-41cc-8af7-a6f75e712ab0@group-5D45C35602B2, cid=1621, SUCCESS, logIndex=2337, commits[947ec526-030f-41cc-8af7-a6f75e712ab0:c2338, c447b9b6-dde2-4ce7-aa81-d0e2eddc8fe9:c2334, 28b540ac-241d-462a-a56c-509e92928066:c2332]
2019-08-20 22:34:28,606 [grpc-default-executor-1] INFO  client.GrpcClientProtocolClient (GrpcClientProtocolClient.java:onNext(255)) - client-391BA870FC40->947ec526-030f-41cc-8af7-a6f75e712ab0: receive RaftClientReply:client-391BA870FC40->947ec526-030f-41cc-8af7-a6f75e712ab0@group-5D45C35602B2, cid=1622, SUCCESS, logIndex=2338, commits[947ec526-030f-41cc-8af7-a6f75e712ab0:c2338, c447b9b6-dde2-4ce7-aa81-d0e2eddc8fe9:c2334, 28b540ac-241d-462a-a56c-509e92928066:c2332]
2019-08-20 22:34:28,613 | INFO  | DNAudit | user=null | ip=null | op=WRITE_CHUNK {blockData=conID: 3 locID: 102651688946827769 bcsId: 2338} | ret=SUCCESS |  
2019-08-20 22:34:28,615 | INFO  | DNAudit | user=null | ip=null | op=WRITE_CHUNK {blockData=conID: 3 locID: 102651688946827769 bcsId: 2338} | ret=SUCCESS |  
2019-08-20 22:34:28,616 | INFO  | DNAudit | user=null | ip=null | op=WRITE_CHUNK {blockData=conID: 3 locID: 102651688946827769 bcsId: 2338} | ret=SUCCESS |  
2019-08-20 22:34:28,620 | INFO  | DNAudit | user=null | ip=null | op=WRITE_CHUNK {blockData=conID: 3 locID: 102651688946827769 bcsId: 2332} | ret=SUCCESS |  
2019-08-20 22:34:28,620 | INFO  | DNAudit | user=null | ip=null | op=WRITE_CHUNK {blockData=conID: 3 locID: 102651688946827769 bcsId: 2332} | ret=SUCCESS |  
2019-08-20 22:34:28,620 | INFO  | DNAudit | user=null | ip=null | op=PUT_BLOCK {blockData=[blockId=conID: 3 locID: 102651688946827769 bcsId: 0,size=3145728]} | ret=SUCCESS |  
2019-08-20 22:34:28,620 | INFO  | DNAudit | user=null | ip=null | op=PUT_BLOCK {blockData=[blockId=conID: 3 locID: 102651688946827769 bcsId: 0,size=3145728]} | ret=SUCCESS |  
2019-08-20 22:34:28,630 | INFO  | SCMAudit | user=jenkins1000 | ip=192.168.5.142 | op=SEND_HEARTBEAT {datanodeUUID=d55cd342-4e6c-4701-86f3-cb557f3478dc, command=[]} | ret=SUCCESS |  
2019-08-20 22:34:28,634 | INFO  | DNAudit | user=null | ip=null | op=WRITE_CHUNK {blockData=conID: 3 locID: 102651688946827769 bcsId: 2338} | ret=SUCCESS |  
2019-08-20 22:34:28,634 | INFO  | DNAudit | user=null | ip=null | op=PUT_BLOCK {blockData=[blockId=conID: 3 locID: 102651688946827769 bcsId: 0,size=4194304]} | ret=SUCCESS |  
2019-08-20 22:34:28,634 [grpc-default-executor-4] INFO  client.GrpcClientProtocolClient (GrpcClientProtocolClient.java:onNext(255)) - client-391BA870FC40->947ec526-030f-41cc-8af7-a6f75e712ab0: receive RaftClientReply:client-391BA870FC40->947ec526-030f-41cc-8af7-a6f75e712ab0@group-5D45C35602B2, cid=1623, SUCCESS, logIndex=2341, commits[947ec526-030f-41cc-8af7-a6f75e712ab0:c2342, c447b9b6-dde2-4ce7-aa81-d0e2eddc8fe9:c2338, 28b540ac-241d-462a-a56c-509e92928066:c2338]
2019-08-20 22:34:28,635 [grpc-default-executor-4] INFO  client.GrpcClientProtocolClient (GrpcClientProtocolClient.java:onNext(255)) - client-391BA870FC40->947ec526-030f-41cc-8af7-a6f75e712ab0: receive RaftClientReply:client-391BA870FC40->947ec526-030f-41cc-8af7-a6f75e712ab0@group-5D45C35602B2, cid=1624, SUCCESS, logIndex=2342, commits[947ec526-030f-41cc-8af7-a6f75e712ab0:c2342, c447b9b6-dde2-4ce7-aa81-d0e2eddc8fe9:c2338, 28b540ac-241d-462a-a56c-509e92928066:c2338]
2019-08-20 22:34:28,647 | INFO  | DNAudit | user=null | ip=null | op=WRITE_CHUNK {blockData=conID: 3 locID: 102651688946827769 bcsId: 2338} | ret=SUCCESS |  
2019-08-20 22:34:28,647 | INFO  | DNAudit | user=null | ip=null | op=WRITE_CHUNK {blockData=conID: 3 locID: 102651688946827769 bcsId: 2338} | ret=SUCCESS |  
2019-08-20 22:34:28,660 | INFO  | DNAudit | user=null | ip=null | op=PUT_BLOCK {blockData=[blockId=conID: 3 locID: 102651688946827769 bcsId: 0,size=4194304]} | ret=SUCCESS |  
2019-08-20 22:34:28,660 | INFO  | DNAudit | user=null | ip=null | op=PUT_BLOCK {blockData=[blockId=conID: 3 locID: 102651688946827769 bcsId: 0,size=4194304]} | ret=SUCCESS |  
2019-08-20 22:34:28,660 [grpc-default-executor-4] INFO  client.GrpcClientProtocolClient (GrpcClientProtocolClient.java:onNext(255)) - client-391BA870FC40->947ec526-030f-41cc-8af7-a6f75e712ab0: receive RaftClientReply:client-391BA870FC40->947ec526-030f-41cc-8af7-a6f75e712ab0@group-5D45C35602B2, cid=1625, SUCCESS, logIndex=0, commits[947ec526-030f-41cc-8af7-a6f75e712ab0:c2344, c447b9b6-dde2-4ce7-aa81-d0e2eddc8fe9:c2342, 28b540ac-241d-462a-a56c-509e92928066:c2342]
2019-08-20 22:34:28,665 | INFO  | SCMAudit | user=jenkins1000 | ip=192.168.5.142 | op=ALLOCATE_BLOCK {owner=6f694d07-2a2f-44d9-8e1c-aaa094a2f647, size=4194304, type=RATIS, factor=THREE} | ret=SUCCESS |  
2019-08-20 22:34:28,668 | INFO  | OMAudit | user=jenkins1000 | ip=127.0.0.1 | op=ALLOCATE_BLOCK {volume=vol-0-80747, bucket=bucket-0-27686, key=key-0-47435, dataSize=0, replicationType=null, replicationFactor=null, keyLocationInfo=null, clientID=102651687805452690} | ret=SUCCESS |  
2019-08-20 22:34:28,678 | INFO  | DNAudit | user=null | ip=null | op=WRITE_CHUNK {blockData=conID: 1 locID: 102651688954429946 bcsId: 0} | ret=SUCCESS |  
2019-08-20 22:34:28,682 | INFO  | DNAudit | user=null | ip=null | op=WRITE_CHUNK {blockData=conID: 1 locID: 102651688954429946 bcsId: 0} | ret=SUCCESS |  
2019-08-20 22:34:28,682 | INFO  | DNAudit | user=null | ip=null | op=WRITE_CHUNK {blockData=conID: 1 locID: 102651688954429946 bcsId: 0} | ret=SUCCESS |  
2019-08-20 22:34:28,684 | INFO  | DNAudit | user=null | ip=null | op=WRITE_CHUNK {blockData=conID: 1 locID: 102651688954429946 bcsId: 0} | ret=SUCCESS |  
2019-08-20 22:34:28,685 | INFO  | DNAudit | user=null | ip=null | op=WRITE_CHUNK {blockData=conID: 1 locID: 102651688954429946 bcsId: 0} | ret=SUCCESS |  
2019-08-20 22:34:28,685 | INFO  | DNAudit | user=null | ip=null | op=WRITE_CHUNK {blockData=conID: 1 locID: 102651688954429946 bcsId: 0} | ret=SUCCESS |  
2019-08-20 22:34:28,693 | INFO  | DNAudit | user=null | ip=null | op=WRITE_CHUNK {blockData=conID: 1 locID: 102651688954429946 bcsId: 0} | ret=SUCCESS |  
2019-08-20 22:34:28,694 | INFO  | DNAudit | user=null | ip=null | op=PUT_BLOCK {blockData=[blockId=conID: 1 locID: 102651688954429946 bcsId: 0,size=1048576]} | ret=SUCCESS |  
2019-08-20 22:34:28,694 | INFO  | DNAudit | user=null | ip=null | op=WRITE_CHUNK {blockData=conID: 1 locID: 102651688954429946 bcsId: 0} | ret=SUCCESS |  
2019-08-20 22:34:28,694 [grpc-default-executor-2] INFO  client.GrpcClientProtocolClient (GrpcClientProtocolClient.java:onNext(255)) - client-391BA870FC40->947ec526-030f-41cc-8af7-a6f75e712ab0: receive RaftClientReply:client-391BA870FC40->947ec526-030f-41cc-8af7-a6f75e712ab0@group-5D45C35602B2, cid=1626, SUCCESS, logIndex=2345, commits[947ec526-030f-41cc-8af7-a6f75e712ab0:c2348, c447b9b6-dde2-4ce7-aa81-d0e2eddc8fe9:c2344, 28b540ac-241d-462a-a56c-509e92928066:c2344]
2019-08-20 22:34:28,695 | INFO  | DNAudit | user=null | ip=null | op=PUT_BLOCK {blockData=[blockId=conID: 1 locID: 102651688954429946 bcsId: 0,size=2097152]} | ret=SUCCESS |  
2019-08-20 22:34:28,695 [grpc-default-executor-2] INFO  client.GrpcClientProtocolClient (GrpcClientProtocolClient.java:onNext(255)) - client-391BA870FC40->947ec526-030f-41cc-8af7-a6f75e712ab0: receive RaftClientReply:client-391BA870FC40->947ec526-030f-41cc-8af7-a6f75e712ab0@group-5D45C35602B2, cid=1627, SUCCESS, logIndex=2346, commits[947ec526-030f-41cc-8af7-a6f75e712ab0:c2348, c447b9b6-dde2-4ce7-aa81-d0e2eddc8fe9:c2344, 28b540ac-241d-462a-a56c-509e92928066:c2344]
2019-08-20 22:34:28,695 [grpc-default-executor-2] INFO  client.GrpcClientProtocolClient (GrpcClientProtocolClient.java:onNext(255)) - client-391BA870FC40->947ec526-030f-41cc-8af7-a6f75e712ab0: receive RaftClientReply:client-391BA870FC40->947ec526-030f-41cc-8af7-a6f75e712ab0@group-5D45C35602B2, cid=1628, SUCCESS, logIndex=2347, commits[947ec526-030f-41cc-8af7-a6f75e712ab0:c2348, c447b9b6-dde2-4ce7-aa81-d0e2eddc8fe9:c2344, 28b540ac-241d-462a-a56c-509e92928066:c2344]
2019-08-20 22:34:28,695 [grpc-default-executor-2] INFO  client.GrpcClientProtocolClient (GrpcClientProtocolClient.java:onNext(255)) - client-391BA870FC40->947ec526-030f-41cc-8af7-a6f75e712ab0: receive RaftClientReply:client-391BA870FC40->947ec526-030f-41cc-8af7-a6f75e712ab0@group-5D45C35602B2, cid=1629, SUCCESS, logIndex=2348, commits[947ec526-030f-41cc-8af7-a6f75e712ab0:c2348, c447b9b6-dde2-4ce7-aa81-d0e2eddc8fe9:c2344, 28b540ac-241d-462a-a56c-509e92928066:c2344]
2019-08-20 22:34:28,707 | INFO  | DNAudit | user=null | ip=null | op=WRITE_CHUNK {blockData=conID: 1 locID: 102651688954429946 bcsId: 0} | ret=SUCCESS |  
2019-08-20 22:34:28,707 | INFO  | DNAudit | user=null | ip=null | op=WRITE_CHUNK {blockData=conID: 1 locID: 102651688954429946 bcsId: 0} | ret=SUCCESS |  
2019-08-20 22:34:28,707 | INFO  | DNAudit | user=null | ip=null | op=PUT_BLOCK {blockData=[blockId=conID: 1 locID: 102651688954429946 bcsId: 0,size=1048576]} | ret=SUCCESS |  
2019-08-20 22:34:28,708 | INFO  | DNAudit | user=null | ip=null | op=WRITE_CHUNK {blockData=conID: 1 locID: 102651688954429946 bcsId: 0} | ret=SUCCESS |  
2019-08-20 22:34:28,708 | INFO  | DNAudit | user=null | ip=null | op=PUT_BLOCK {blockData=[blockId=conID: 1 locID: 102651688954429946 bcsId: 0,size=2097152]} | ret=SUCCESS |  
2019-08-20 22:34:28,708 | INFO  | DNAudit | user=null | ip=null | op=PUT_BLOCK {blockData=[blockId=conID: 1 locID: 102651688954429946 bcsId: 0,size=1048576]} | ret=SUCCESS |  
2019-08-20 22:34:28,709 | INFO  | DNAudit | user=null | ip=null | op=WRITE_CHUNK {blockData=conID: 1 locID: 102651688954429946 bcsId: 0} | ret=SUCCESS |  
2019-08-20 22:34:28,709 | INFO  | DNAudit | user=null | ip=null | op=PUT_BLOCK {blockData=[blockId=conID: 1 locID: 102651688954429946 bcsId: 0,size=2097152]} | ret=SUCCESS |  
2019-08-20 22:34:28,709 [grpc-default-executor-2] INFO  client.GrpcClientProtocolClient (GrpcClientProtocolClient.java:onNext(255)) - client-391BA870FC40->947ec526-030f-41cc-8af7-a6f75e712ab0: receive RaftClientReply:client-391BA870FC40->947ec526-030f-41cc-8af7-a6f75e712ab0@group-5D45C35602B2, cid=1630, SUCCESS, logIndex=0, commits[947ec526-030f-41cc-8af7-a6f75e712ab0:c2351, c447b9b6-dde2-4ce7-aa81-d0e2eddc8fe9:c2348, 28b540ac-241d-462a-a56c-509e92928066:c2348]
2019-08-20 22:34:28,716 | INFO  | DNAudit | user=null | ip=null | op=WRITE_CHUNK {blockData=conID: 1 locID: 102651688954429946 bcsId: 2348} | ret=SUCCESS |  
2019-08-20 22:34:28,719 | INFO  | DNAudit | user=null | ip=null | op=WRITE_CHUNK {blockData=conID: 1 locID: 102651688954429946 bcsId: 2348} | ret=SUCCESS |  
2019-08-20 22:34:28,719 | INFO  | DNAudit | user=null | ip=null | op=WRITE_CHUNK {blockData=conID: 1 locID: 102651688954429946 bcsId: 2348} | ret=SUCCESS |  
2019-08-20 22:34:28,729 | INFO  | DNAudit | user=null | ip=null | op=WRITE_CHUNK {blockData=conID: 1 locID: 102651688954429946 bcsId: 2348} | ret=SUCCESS |  
2019-08-20 22:34:28,729 | INFO  | DNAudit | user=null | ip=null | op=PUT_BLOCK {blockData=[blockId=conID: 1 locID: 102651688954429946 bcsId: 0,size=3145728]} | ret=SUCCESS |  
2019-08-20 22:34:28,730 [grpc-default-executor-1] INFO  client.GrpcClientProtocolClient (GrpcClientProtocolClient.java:onNext(255)) - client-391BA870FC40->947ec526-030f-41cc-8af7-a6f75e712ab0: receive RaftClientReply:client-391BA870FC40->947ec526-030f-41cc-8af7-a6f75e712ab0@group-5D45C35602B2, cid=1631, SUCCESS, logIndex=2352, commits[947ec526-030f-41cc-8af7-a6f75e712ab0:c2352, c447b9b6-dde2-4ce7-aa81-d0e2eddc8fe9:c2351, 28b540ac-241d-462a-a56c-509e92928066:c2351]
2019-08-20 22:34:28,730 [grpc-default-executor-1] INFO  client.GrpcClientProtocolClient (GrpcClientProtocolClient.java:onNext(255)) - client-391BA870FC40->947ec526-030f-41cc-8af7-a6f75e712ab0: receive RaftClientReply:client-391BA870FC40->947ec526-030f-41cc-8af7-a6f75e712ab0@group-5D45C35602B2, cid=1632, SUCCESS, logIndex=2353, commits[947ec526-030f-41cc-8af7-a6f75e712ab0:c2353, c447b9b6-dde2-4ce7-aa81-d0e2eddc8fe9:c2351, 28b540ac-241d-462a-a56c-509e92928066:c2351]
2019-08-20 22:34:28,736 | INFO  | DNAudit | user=null | ip=null | op=WRITE_CHUNK {blockData=conID: 1 locID: 102651688954429946 bcsId: 2353} | ret=SUCCESS |  
2019-08-20 22:34:28,739 | INFO  | DNAudit | user=null | ip=null | op=WRITE_CHUNK {blockData=conID: 1 locID: 102651688954429946 bcsId: 2353} | ret=SUCCESS |  
2019-08-20 22:34:28,739 | INFO  | DNAudit | user=null | ip=null | op=WRITE_CHUNK {blockData=conID: 1 locID: 102651688954429946 bcsId: 2353} | ret=SUCCESS |  
2019-08-20 22:34:28,741 | INFO  | DNAudit | user=null | ip=null | op=WRITE_CHUNK {blockData=conID: 1 locID: 102651688954429946 bcsId: 2348} | ret=SUCCESS |  
2019-08-20 22:34:28,741 | INFO  | DNAudit | user=null | ip=null | op=WRITE_CHUNK {blockData=conID: 1 locID: 102651688954429946 bcsId: 2348} | ret=SUCCESS |  
2019-08-20 22:34:28,742 | INFO  | DNAudit | user=null | ip=null | op=PUT_BLOCK {blockData=[blockId=conID: 1 locID: 102651688954429946 bcsId: 0,size=3145728]} | ret=SUCCESS |  
2019-08-20 22:34:28,743 | INFO  | DNAudit | user=null | ip=null | op=WRITE_CHUNK {blockData=conID: 1 locID: 102651688954429946 bcsId: 2353} | ret=SUCCESS |  
2019-08-20 22:34:28,743 | INFO  | DNAudit | user=null | ip=null | op=PUT_BLOCK {blockData=[blockId=conID: 1 locID: 102651688954429946 bcsId: 0,size=3145728]} | ret=SUCCESS |  
2019-08-20 22:34:28,743 | INFO  | DNAudit | user=null | ip=null | op=PUT_BLOCK {blockData=[blockId=conID: 1 locID: 102651688954429946 bcsId: 0,size=4194304]} | ret=SUCCESS |  
2019-08-20 22:34:28,743 [grpc-default-executor-1] INFO  client.GrpcClientProtocolClient (GrpcClientProtocolClient.java:onNext(255)) - client-391BA870FC40->947ec526-030f-41cc-8af7-a6f75e712ab0: receive RaftClientReply:client-391BA870FC40->947ec526-030f-41cc-8af7-a6f75e712ab0@group-5D45C35602B2, cid=1633, SUCCESS, logIndex=2356, commits[947ec526-030f-41cc-8af7-a6f75e712ab0:c2357, c447b9b6-dde2-4ce7-aa81-d0e2eddc8fe9:c2352, 28b540ac-241d-462a-a56c-509e92928066:c2353]
2019-08-20 22:34:28,744 [grpc-default-executor-1] INFO  client.GrpcClientProtocolClient (GrpcClientProtocolClient.java:onNext(255)) - client-391BA870FC40->947ec526-030f-41cc-8af7-a6f75e712ab0: receive RaftClientReply:client-391BA870FC40->947ec526-030f-41cc-8af7-a6f75e712ab0@group-5D45C35602B2, cid=1634, SUCCESS, logIndex=2357, commits[947ec526-030f-41cc-8af7-a6f75e712ab0:c2357, c447b9b6-dde2-4ce7-aa81-d0e2eddc8fe9:c2353, 28b540ac-241d-462a-a56c-509e92928066:c2353]
2019-08-20 22:34:28,753 | INFO  | DNAudit | user=null | ip=null | op=WRITE_CHUNK {blockData=conID: 1 locID: 102651688954429946 bcsId: 2353} | ret=SUCCESS |  
2019-08-20 22:34:28,754 | INFO  | DNAudit | user=null | ip=null | op=PUT_BLOCK {blockData=[blockId=conID: 1 locID: 102651688954429946 bcsId: 0,size=4194304]} | ret=SUCCESS |  
2019-08-20 22:34:28,754 | INFO  | DNAudit | user=null | ip=null | op=WRITE_CHUNK {blockData=conID: 1 locID: 102651688954429946 bcsId: 2353} | ret=SUCCESS |  
2019-08-20 22:34:28,754 | INFO  | DNAudit | user=null | ip=null | op=PUT_BLOCK {blockData=[blockId=conID: 1 locID: 102651688954429946 bcsId: 0,size=4194304]} | ret=SUCCESS |  
2019-08-20 22:34:28,754 [grpc-default-executor-1] INFO  client.GrpcClientProtocolClient (GrpcClientProtocolClient.java:onNext(255)) - client-391BA870FC40->947ec526-030f-41cc-8af7-a6f75e712ab0: receive RaftClientReply:client-391BA870FC40->947ec526-030f-41cc-8af7-a6f75e712ab0@group-5D45C35602B2, cid=1635, SUCCESS, logIndex=0, commits[947ec526-030f-41cc-8af7-a6f75e712ab0:c2358, c447b9b6-dde2-4ce7-aa81-d0e2eddc8fe9:c2357, 28b540ac-241d-462a-a56c-509e92928066:c2357]
2019-08-20 22:34:28,761 | INFO  | SCMAudit | user=jenkins1000 | ip=192.168.5.142 | op=ALLOCATE_BLOCK {owner=6f694d07-2a2f-44d9-8e1c-aaa094a2f647, size=4194304, type=RATIS, factor=THREE} | ret=SUCCESS |  
2019-08-20 22:34:28,765 | INFO  | OMAudit | user=jenkins1000 | ip=127.0.0.1 | op=ALLOCATE_BLOCK {volume=vol-0-80747, bucket=bucket-0-27686, key=key-0-47435, dataSize=0, replicationType=null, replicationFactor=null, keyLocationInfo=null, clientID=102651687805452690} | ret=SUCCESS |  
2019-08-20 22:34:28,773 | INFO  | DNAudit | user=null | ip=null | op=WRITE_CHUNK {blockData=conID: 2 locID: 102651688960721403 bcsId: 0} | ret=SUCCESS |  
2019-08-20 22:34:28,777 | INFO  | DNAudit | user=null | ip=null | op=WRITE_CHUNK {blockData=conID: 2 locID: 102651688960721403 bcsId: 0} | ret=SUCCESS |  
2019-08-20 22:34:28,777 | INFO  | DNAudit | user=null | ip=null | op=WRITE_CHUNK {blockData=conID: 2 locID: 102651688960721403 bcsId: 0} | ret=SUCCESS |  
2019-08-20 22:34:28,778 | INFO  | DNAudit | user=null | ip=null | op=WRITE_CHUNK {blockData=conID: 2 locID: 102651688960721403 bcsId: 0} | ret=SUCCESS |  
2019-08-20 22:34:28,779 | INFO  | DNAudit | user=null | ip=null | op=WRITE_CHUNK {blockData=conID: 2 locID: 102651688960721403 bcsId: 0} | ret=SUCCESS |  
2019-08-20 22:34:28,779 | INFO  | DNAudit | user=null | ip=null | op=WRITE_CHUNK {blockData=conID: 2 locID: 102651688960721403 bcsId: 0} | ret=SUCCESS |  
2019-08-20 22:34:28,780 | INFO  | DNAudit | user=null | ip=null | op=PUT_BLOCK {blockData=[blockId=conID: 2 locID: 102651688960721403 bcsId: 0,size=1048576]} | ret=SUCCESS |  
2019-08-20 22:34:28,780 | INFO  | DNAudit | user=null | ip=null | op=WRITE_CHUNK {blockData=conID: 2 locID: 102651688960721403 bcsId: 0} | ret=SUCCESS |  
2019-08-20 22:34:28,780 [grpc-default-executor-2] INFO  client.GrpcClientProtocolClient (GrpcClientProtocolClient.java:onNext(255)) - client-391BA870FC40->947ec526-030f-41cc-8af7-a6f75e712ab0: receive RaftClientReply:client-391BA870FC40->947ec526-030f-41cc-8af7-a6f75e712ab0@group-5D45C35602B2, cid=1636, SUCCESS, logIndex=2360, commits[947ec526-030f-41cc-8af7-a6f75e712ab0:c2361, c447b9b6-dde2-4ce7-aa81-d0e2eddc8fe9:c2359, 28b540ac-241d-462a-a56c-509e92928066:c2359]
2019-08-20 22:34:28,781 [grpc-default-executor-2] INFO  client.GrpcClientProtocolClient (GrpcClientProtocolClient.java:onNext(255)) - client-391BA870FC40->947ec526-030f-41cc-8af7-a6f75e712ab0: receive RaftClientReply:client-391BA870FC40->947ec526-030f-41cc-8af7-a6f75e712ab0@group-5D45C35602B2, cid=1637, SUCCESS, logIndex=2361, commits[947ec526-030f-41cc-8af7-a6f75e712ab0:c2361, c447b9b6-dde2-4ce7-aa81-d0e2eddc8fe9:c2359, 28b540ac-241d-462a-a56c-509e92928066:c2359]
2019-08-20 22:34:28,781 | INFO  | DNAudit | user=null | ip=null | op=WRITE_CHUNK {blockData=conID: 2 locID: 102651688960721403 bcsId: 0} | ret=SUCCESS |  
2019-08-20 22:34:28,781 | INFO  | DNAudit | user=null | ip=null | op=WRITE_CHUNK {blockData=conID: 2 locID: 102651688960721403 bcsId: 0} | ret=SUCCESS |  
2019-08-20 22:34:28,781 | INFO  | DNAudit | user=null | ip=null | op=PUT_BLOCK {blockData=[blockId=conID: 2 locID: 102651688960721403 bcsId: 0,size=2097152]} | ret=SUCCESS |  
2019-08-20 22:34:28,782 | INFO  | DNAudit | user=null | ip=null | op=WRITE_CHUNK {blockData=conID: 2 locID: 102651688960721403 bcsId: 0} | ret=SUCCESS |  
2019-08-20 22:34:28,782 [grpc-default-executor-2] INFO  client.GrpcClientProtocolClient (GrpcClientProtocolClient.java:onNext(255)) - client-391BA870FC40->947ec526-030f-41cc-8af7-a6f75e712ab0: receive RaftClientReply:client-391BA870FC40->947ec526-030f-41cc-8af7-a6f75e712ab0@group-5D45C35602B2, cid=1638, SUCCESS, logIndex=2362, commits[947ec526-030f-41cc-8af7-a6f75e712ab0:c2364, c447b9b6-dde2-4ce7-aa81-d0e2eddc8fe9:c2359, 28b540ac-241d-462a-a56c-509e92928066:c2360]
2019-08-20 22:34:28,782 | INFO  | DNAudit | user=null | ip=null | op=PUT_BLOCK {blockData=[blockId=conID: 2 locID: 102651688960721403 bcsId: 0,size=1048576]} | ret=SUCCESS |  
2019-08-20 22:34:28,782 [grpc-default-executor-2] INFO  client.GrpcClientProtocolClient (GrpcClientProtocolClient.java:onNext(255)) - client-391BA870FC40->947ec526-030f-41cc-8af7-a6f75e712ab0: receive RaftClientReply:client-391BA870FC40->947ec526-030f-41cc-8af7-a6f75e712ab0@group-5D45C35602B2, cid=1639, SUCCESS, logIndex=2363, commits[947ec526-030f-41cc-8af7-a6f75e712ab0:c2364, c447b9b6-dde2-4ce7-aa81-d0e2eddc8fe9:c2359, 28b540ac-241d-462a-a56c-509e92928066:c2360]
2019-08-20 22:34:28,782 | INFO  | DNAudit | user=null | ip=null | op=PUT_BLOCK {blockData=[blockId=conID: 2 locID: 102651688960721403 bcsId: 0,size=1048576]} | ret=SUCCESS |  
2019-08-20 22:34:28,783 [grpc-default-executor-2] INFO  client.GrpcClientProtocolClient (GrpcClientProtocolClient.java:onNext(255)) - client-391BA870FC40->947ec526-030f-41cc-8af7-a6f75e712ab0: receive RaftClientReply:client-391BA870FC40->947ec526-030f-41cc-8af7-a6f75e712ab0@group-5D45C35602B2, cid=1640, SUCCESS, logIndex=0, commits[947ec526-030f-41cc-8af7-a6f75e712ab0:c2365, c447b9b6-dde2-4ce7-aa81-d0e2eddc8fe9:c2361, 28b540ac-241d-462a-a56c-509e92928066:c2361]
2019-08-20 22:34:28,785 | INFO  | DNAudit | user=null | ip=null | op=WRITE_CHUNK {blockData=conID: 2 locID: 102651688960721403 bcsId: 0} | ret=SUCCESS |  
2019-08-20 22:34:28,785 | INFO  | DNAudit | user=null | ip=null | op=PUT_BLOCK {blockData=[blockId=conID: 2 locID: 102651688960721403 bcsId: 0,size=2097152]} | ret=SUCCESS |  
2019-08-20 22:34:28,785 | INFO  | DNAudit | user=null | ip=null | op=WRITE_CHUNK {blockData=conID: 2 locID: 102651688960721403 bcsId: 0} | ret=SUCCESS |  
2019-08-20 22:34:28,785 | INFO  | DNAudit | user=null | ip=null | op=PUT_BLOCK {blockData=[blockId=conID: 2 locID: 102651688960721403 bcsId: 0,size=2097152]} | ret=SUCCESS |  
2019-08-20 22:34:28,790 | INFO  | DNAudit | user=null | ip=null | op=WRITE_CHUNK {blockData=conID: 2 locID: 102651688960721403 bcsId: 2363} | ret=SUCCESS |  
2019-08-20 22:34:28,793 | INFO  | DNAudit | user=null | ip=null | op=WRITE_CHUNK {blockData=conID: 2 locID: 102651688960721403 bcsId: 2363} | ret=SUCCESS |  
2019-08-20 22:34:28,793 | INFO  | DNAudit | user=null | ip=null | op=WRITE_CHUNK {blockData=conID: 2 locID: 102651688960721403 bcsId: 2363} | ret=SUCCESS |  
2019-08-20 22:34:28,804 | INFO  | DNAudit | user=null | ip=null | op=WRITE_CHUNK {blockData=conID: 2 locID: 102651688960721403 bcsId: 2363} | ret=SUCCESS |  
2019-08-20 22:34:28,805 | INFO  | DNAudit | user=null | ip=null | op=PUT_BLOCK {blockData=[blockId=conID: 2 locID: 102651688960721403 bcsId: 0,size=3145728]} | ret=SUCCESS |  
2019-08-20 22:34:28,805 [grpc-default-executor-1] INFO  client.GrpcClientProtocolClient (GrpcClientProtocolClient.java:onNext(255)) - client-391BA870FC40->947ec526-030f-41cc-8af7-a6f75e712ab0: receive RaftClientReply:client-391BA870FC40->947ec526-030f-41cc-8af7-a6f75e712ab0@group-5D45C35602B2, cid=1641, SUCCESS, logIndex=2368, commits[947ec526-030f-41cc-8af7-a6f75e712ab0:c2369, c447b9b6-dde2-4ce7-aa81-d0e2eddc8fe9:c2367, 28b540ac-241d-462a-a56c-509e92928066:c2367]
2019-08-20 22:34:28,805 [grpc-default-executor-1] INFO  client.GrpcClientProtocolClient (GrpcClientProtocolClient.java:onNext(255)) - client-391BA870FC40->947ec526-030f-41cc-8af7-a6f75e712ab0: receive RaftClientReply:client-391BA870FC40->947ec526-030f-41cc-8af7-a6f75e712ab0@group-5D45C35602B2, cid=1642, SUCCESS, logIndex=2369, commits[947ec526-030f-41cc-8af7-a6f75e712ab0:c2369, c447b9b6-dde2-4ce7-aa81-d0e2eddc8fe9:c2367, 28b540ac-241d-462a-a56c-509e92928066:c2367]
2019-08-20 22:34:28,813 | INFO  | DNAudit | user=null | ip=null | op=WRITE_CHUNK {blockData=conID: 2 locID: 102651688960721403 bcsId: 2369} | ret=SUCCESS |  
2019-08-20 22:34:28,816 | INFO  | DNAudit | user=null | ip=null | op=WRITE_CHUNK {blockData=conID: 2 locID: 102651688960721403 bcsId: 2369} | ret=SUCCESS |  
2019-08-20 22:34:28,816 | INFO  | DNAudit | user=null | ip=null | op=WRITE_CHUNK {blockData=conID: 2 locID: 102651688960721403 bcsId: 2363} | ret=SUCCESS |  
2019-08-20 22:34:28,816 | INFO  | DNAudit | user=null | ip=null | op=WRITE_CHUNK {blockData=conID: 2 locID: 102651688960721403 bcsId: 2363} | ret=SUCCESS |  
2019-08-20 22:34:28,819 | INFO  | DNAudit | user=null | ip=null | op=PUT_BLOCK {blockData=[blockId=conID: 2 locID: 102651688960721403 bcsId: 0,size=3145728]} | ret=SUCCESS |  
2019-08-20 22:34:28,819 | INFO  | DNAudit | user=null | ip=null | op=PUT_BLOCK {blockData=[blockId=conID: 2 locID: 102651688960721403 bcsId: 0,size=3145728]} | ret=SUCCESS |  
2019-08-20 22:34:28,821 | INFO  | DNAudit | user=null | ip=null | op=WRITE_CHUNK {blockData=conID: 2 locID: 102651688960721403 bcsId: 2369} | ret=SUCCESS |  
2019-08-20 22:34:28,821 | INFO  | DNAudit | user=null | ip=null | op=WRITE_CHUNK {blockData=conID: 2 locID: 102651688960721403 bcsId: 2369} | ret=SUCCESS |  
2019-08-20 22:34:28,821 | INFO  | DNAudit | user=null | ip=null | op=PUT_BLOCK {blockData=[blockId=conID: 2 locID: 102651688960721403 bcsId: 0,size=4194304]} | ret=SUCCESS |  
2019-08-20 22:34:28,821 [grpc-default-executor-1] INFO  client.GrpcClientProtocolClient (GrpcClientProtocolClient.java:onNext(255)) - client-391BA870FC40->947ec526-030f-41cc-8af7-a6f75e712ab0: receive RaftClientReply:client-391BA870FC40->947ec526-030f-41cc-8af7-a6f75e712ab0@group-5D45C35602B2, cid=1643, SUCCESS, logIndex=2372, commits[947ec526-030f-41cc-8af7-a6f75e712ab0:c2373, c447b9b6-dde2-4ce7-aa81-d0e2eddc8fe9:c2369, 28b540ac-241d-462a-a56c-509e92928066:c2369]
2019-08-20 22:34:28,822 [grpc-default-executor-1] INFO  client.GrpcClientProtocolClient (GrpcClientProtocolClient.java:onNext(255)) - client-391BA870FC40->947ec526-030f-41cc-8af7-a6f75e712ab0: receive RaftClientReply:client-391BA870FC40->947ec526-030f-41cc-8af7-a6f75e712ab0@group-5D45C35602B2, cid=1644, SUCCESS, logIndex=2373, commits[947ec526-030f-41cc-8af7-a6f75e712ab0:c2373, c447b9b6-dde2-4ce7-aa81-d0e2eddc8fe9:c2369, 28b540ac-241d-462a-a56c-509e92928066:c2369]
2019-08-20 22:34:28,845 | INFO  | DNAudit | user=null | ip=null | op=WRITE_CHUNK {blockData=conID: 2 locID: 102651688960721403 bcsId: 2369} | ret=SUCCESS |  
2019-08-20 22:34:28,848 | INFO  | DNAudit | user=null | ip=null | op=PUT_BLOCK {blockData=[blockId=conID: 2 locID: 102651688960721403 bcsId: 0,size=4194304]} | ret=SUCCESS |  
2019-08-20 22:34:28,859 | INFO  | DNAudit | user=null | ip=null | op=WRITE_CHUNK {blockData=conID: 2 locID: 102651688960721403 bcsId: 2369} | ret=SUCCESS |  
2019-08-20 22:34:28,860 | INFO  | DNAudit | user=null | ip=null | op=PUT_BLOCK {blockData=[blockId=conID: 2 locID: 102651688960721403 bcsId: 0,size=4194304]} | ret=SUCCESS |  
2019-08-20 22:34:28,860 [grpc-default-executor-2] INFO  client.GrpcClientProtocolClient (GrpcClientProtocolClient.java:onNext(255)) - client-391BA870FC40->947ec526-030f-41cc-8af7-a6f75e712ab0: receive RaftClientReply:client-391BA870FC40->947ec526-030f-41cc-8af7-a6f75e712ab0@group-5D45C35602B2, cid=1645, SUCCESS, logIndex=0, commits[947ec526-030f-41cc-8af7-a6f75e712ab0:c2375, c447b9b6-dde2-4ce7-aa81-d0e2eddc8fe9:c2373, 28b540ac-241d-462a-a56c-509e92928066:c2373]
2019-08-20 22:34:28,864 | INFO  | SCMAudit | user=jenkins1000 | ip=192.168.5.142 | op=ALLOCATE_BLOCK {owner=6f694d07-2a2f-44d9-8e1c-aaa094a2f647, size=4194304, type=RATIS, factor=THREE} | ret=SUCCESS |  
2019-08-20 22:34:28,868 | INFO  | OMAudit | user=jenkins1000 | ip=127.0.0.1 | op=ALLOCATE_BLOCK {volume=vol-0-80747, bucket=bucket-0-27686, key=key-0-47435, dataSize=0, replicationType=null, replicationFactor=null, keyLocationInfo=null, clientID=102651687805452690} | ret=SUCCESS |  
2019-08-20 22:34:28,876 | INFO  | DNAudit | user=null | ip=null | op=WRITE_CHUNK {blockData=conID: 3 locID: 102651688967471612 bcsId: 0} | ret=SUCCESS |  
2019-08-20 22:34:28,879 | INFO  | DNAudit | user=null | ip=null | op=WRITE_CHUNK {blockData=conID: 3 locID: 102651688967471612 bcsId: 0} | ret=SUCCESS |  
2019-08-20 22:34:28,879 | INFO  | DNAudit | user=null | ip=null | op=WRITE_CHUNK {blockData=conID: 3 locID: 102651688967471612 bcsId: 0} | ret=SUCCESS |  
2019-08-20 22:34:28,880 | INFO  | DNAudit | user=null | ip=null | op=WRITE_CHUNK {blockData=conID: 3 locID: 102651688967471612 bcsId: 0} | ret=SUCCESS |  
2019-08-20 22:34:28,882 | INFO  | DNAudit | user=null | ip=null | op=WRITE_CHUNK {blockData=conID: 3 locID: 102651688967471612 bcsId: 0} | ret=SUCCESS |  
2019-08-20 22:34:28,882 | INFO  | DNAudit | user=null | ip=null | op=WRITE_CHUNK {blockData=conID: 3 locID: 102651688967471612 bcsId: 0} | ret=SUCCESS |  
2019-08-20 22:34:28,890 | INFO  | DNAudit | user=null | ip=null | op=WRITE_CHUNK {blockData=conID: 3 locID: 102651688967471612 bcsId: 0} | ret=SUCCESS |  
2019-08-20 22:34:28,890 | INFO  | DNAudit | user=null | ip=null | op=PUT_BLOCK {blockData=[blockId=conID: 3 locID: 102651688967471612 bcsId: 0,size=1048576]} | ret=SUCCESS |  
2019-08-20 22:34:28,890 [grpc-default-executor-2] INFO  client.GrpcClientProtocolClient (GrpcClientProtocolClient.java:onNext(255)) - client-391BA870FC40->947ec526-030f-41cc-8af7-a6f75e712ab0: receive RaftClientReply:client-391BA870FC40->947ec526-030f-41cc-8af7-a6f75e712ab0@group-5D45C35602B2, cid=1646, SUCCESS, logIndex=2376, commits[947ec526-030f-41cc-8af7-a6f75e712ab0:c2377, c447b9b6-dde2-4ce7-aa81-d0e2eddc8fe9:c2375, 28b540ac-241d-462a-a56c-509e92928066:c2375]
2019-08-20 22:34:28,891 [grpc-default-executor-2] INFO  client.GrpcClientProtocolClient (GrpcClientProtocolClient.java:onNext(255)) - client-391BA870FC40->947ec526-030f-41cc-8af7-a6f75e712ab0: receive RaftClientReply:client-391BA870FC40->947ec526-030f-41cc-8af7-a6f75e712ab0@group-5D45C35602B2, cid=1647, SUCCESS, logIndex=2377, commits[947ec526-030f-41cc-8af7-a6f75e712ab0:c2377, c447b9b6-dde2-4ce7-aa81-d0e2eddc8fe9:c2375, 28b540ac-241d-462a-a56c-509e92928066:c2375]
2019-08-20 22:34:28,903 | INFO  | DNAudit | user=null | ip=null | op=WRITE_CHUNK {blockData=conID: 3 locID: 102651688967471612 bcsId: 0} | ret=SUCCESS |  
2019-08-20 22:34:28,903 | INFO  | DNAudit | user=null | ip=null | op=PUT_BLOCK {blockData=[blockId=conID: 3 locID: 102651688967471612 bcsId: 0,size=2097152]} | ret=SUCCESS |  
2019-08-20 22:34:28,903 [grpc-default-executor-3] INFO  client.GrpcClientProtocolClient (GrpcClientProtocolClient.java:onNext(255)) - client-391BA870FC40->947ec526-030f-41cc-8af7-a6f75e712ab0: receive RaftClientReply:client-391BA870FC40->947ec526-030f-41cc-8af7-a6f75e712ab0@group-5D45C35602B2, cid=1648, SUCCESS, logIndex=2378, commits[947ec526-030f-41cc-8af7-a6f75e712ab0:c2379, c447b9b6-dde2-4ce7-aa81-d0e2eddc8fe9:c2375, 28b540ac-241d-462a-a56c-509e92928066:c2375]
2019-08-20 22:34:28,903 [grpc-default-executor-3] INFO  client.GrpcClientProtocolClient (GrpcClientProtocolClient.java:onNext(255)) - client-391BA870FC40->947ec526-030f-41cc-8af7-a6f75e712ab0: receive RaftClientReply:client-391BA870FC40->947ec526-030f-41cc-8af7-a6f75e712ab0@group-5D45C35602B2, cid=1649, SUCCESS, logIndex=2379, commits[947ec526-030f-41cc-8af7-a6f75e712ab0:c2379, c447b9b6-dde2-4ce7-aa81-d0e2eddc8fe9:c2375, 28b540ac-241d-462a-a56c-509e92928066:c2375]
2019-08-20 22:34:28,915 | INFO  | DNAudit | user=null | ip=null | op=WRITE_CHUNK {blockData=conID: 3 locID: 102651688967471612 bcsId: 0} | ret=SUCCESS |  
2019-08-20 22:34:28,915 | INFO  | DNAudit | user=null | ip=null | op=WRITE_CHUNK {blockData=conID: 3 locID: 102651688967471612 bcsId: 0} | ret=SUCCESS |  
2019-08-20 22:34:28,915 | INFO  | DNAudit | user=null | ip=null | op=PUT_BLOCK {blockData=[blockId=conID: 3 locID: 102651688967471612 bcsId: 0,size=1048576]} | ret=SUCCESS |  
2019-08-20 22:34:28,916 | INFO  | DNAudit | user=null | ip=null | op=PUT_BLOCK {blockData=[blockId=conID: 3 locID: 102651688967471612 bcsId: 0,size=1048576]} | ret=SUCCESS |  
2019-08-20 22:34:28,916 [grpc-default-executor-4] INFO  client.GrpcClientProtocolClient (GrpcClientProtocolClient.java:onNext(255)) - client-391BA870FC40->947ec526-030f-41cc-8af7-a6f75e712ab0: receive RaftClientReply:client-391BA870FC40->947ec526-030f-41cc-8af7-a6f75e712ab0@group-5D45C35602B2, cid=1650, SUCCESS, logIndex=0, commits[947ec526-030f-41cc-8af7-a6f75e712ab0:c2381, c447b9b6-dde2-4ce7-aa81-d0e2eddc8fe9:c2377, 28b540ac-241d-462a-a56c-509e92928066:c2377]
2019-08-20 22:34:28,923 | INFO  | DNAudit | user=null | ip=null | op=WRITE_CHUNK {blockData=conID: 3 locID: 102651688967471612 bcsId: 2379} | ret=SUCCESS |  
2019-08-20 22:34:28,925 | INFO  | DNAudit | user=null | ip=null | op=WRITE_CHUNK {blockData=conID: 3 locID: 102651688967471612 bcsId: 2379} | ret=SUCCESS |  
2019-08-20 22:34:28,925 | INFO  | DNAudit | user=null | ip=null | op=WRITE_CHUNK {blockData=conID: 3 locID: 102651688967471612 bcsId: 2379} | ret=SUCCESS |  
2019-08-20 22:34:28,928 | INFO  | DNAudit | user=null | ip=null | op=WRITE_CHUNK {blockData=conID: 3 locID: 102651688967471612 bcsId: 0} | ret=SUCCESS |  
2019-08-20 22:34:28,928 | INFO  | DNAudit | user=null | ip=null | op=WRITE_CHUNK {blockData=conID: 3 locID: 102651688967471612 bcsId: 0} | ret=SUCCESS |  
2019-08-20 22:34:28,929 | INFO  | DNAudit | user=null | ip=null | op=PUT_BLOCK {blockData=[blockId=conID: 3 locID: 102651688967471612 bcsId: 0,size=2097152]} | ret=SUCCESS |  
2019-08-20 22:34:28,929 | INFO  | DNAudit | user=null | ip=null | op=PUT_BLOCK {blockData=[blockId=conID: 3 locID: 102651688967471612 bcsId: 0,size=2097152]} | ret=SUCCESS |  
2019-08-20 22:34:28,942 | INFO  | DNAudit | user=null | ip=null | op=WRITE_CHUNK {blockData=conID: 3 locID: 102651688967471612 bcsId: 2379} | ret=SUCCESS |  
2019-08-20 22:34:28,942 | INFO  | DNAudit | user=null | ip=null | op=PUT_BLOCK {blockData=[blockId=conID: 3 locID: 102651688967471612 bcsId: 0,size=3145728]} | ret=SUCCESS |  
2019-08-20 22:34:28,942 [grpc-default-executor-3] INFO  client.GrpcClientProtocolClient (GrpcClientProtocolClient.java:onNext(255)) - client-391BA870FC40->947ec526-030f-41cc-8af7-a6f75e712ab0: receive RaftClientReply:client-391BA870FC40->947ec526-030f-41cc-8af7-a6f75e712ab0@group-5D45C35602B2, cid=1651, SUCCESS, logIndex=2384, commits[947ec526-030f-41cc-8af7-a6f75e712ab0:c2385, c447b9b6-dde2-4ce7-aa81-d0e2eddc8fe9:c2381, 28b540ac-241d-462a-a56c-509e92928066:c2381]
2019-08-20 22:34:28,943 [grpc-default-executor-3] INFO  client.GrpcClientProtocolClient (GrpcClientProtocolClient.java:onNext(255)) - client-391BA870FC40->947ec526-030f-41cc-8af7-a6f75e712ab0: receive RaftClientReply:client-391BA870FC40->947ec526-030f-41cc-8af7-a6f75e712ab0@group-5D45C35602B2, cid=1652, SUCCESS, logIndex=2385, commits[947ec526-030f-41cc-8af7-a6f75e712ab0:c2385, c447b9b6-dde2-4ce7-aa81-d0e2eddc8fe9:c2381, 28b540ac-241d-462a-a56c-509e92928066:c2381]
2019-08-20 22:34:28,945 | INFO  | DNAudit | user=null | ip=null | op=WRITE_CHUNK {blockData=conID: 3 locID: 102651688967471612 bcsId: 2379} | ret=SUCCESS |  
2019-08-20 22:34:28,945 | INFO  | DNAudit | user=null | ip=null | op=WRITE_CHUNK {blockData=conID: 3 locID: 102651688967471612 bcsId: 2379} | ret=SUCCESS |  
2019-08-20 22:34:28,949 | INFO  | DNAudit | user=null | ip=null | op=WRITE_CHUNK {blockData=conID: 3 locID: 102651688967471612 bcsId: 2385} | ret=SUCCESS |  
2019-08-20 22:34:28,951 | INFO  | DNAudit | user=null | ip=null | op=WRITE_CHUNK {blockData=conID: 3 locID: 102651688967471612 bcsId: 2385} | ret=SUCCESS |  
2019-08-20 22:34:28,951 | INFO  | DNAudit | user=null | ip=null | op=WRITE_CHUNK {blockData=conID: 3 locID: 102651688967471612 bcsId: 2385} | ret=SUCCESS |  
2019-08-20 22:34:28,955 | INFO  | DNAudit | user=null | ip=null | op=PUT_BLOCK {blockData=[blockId=conID: 3 locID: 102651688967471612 bcsId: 0,size=3145728]} | ret=SUCCESS |  
2019-08-20 22:34:28,955 | INFO  | DNAudit | user=null | ip=null | op=PUT_BLOCK {blockData=[blockId=conID: 3 locID: 102651688967471612 bcsId: 0,size=3145728]} | ret=SUCCESS |  
2019-08-20 22:34:28,958 | INFO  | DNAudit | user=null | ip=null | op=WRITE_CHUNK {blockData=conID: 3 locID: 102651688967471612 bcsId: 2385} | ret=SUCCESS |  
2019-08-20 22:34:28,958 | INFO  | DNAudit | user=null | ip=null | op=PUT_BLOCK {blockData=[blockId=conID: 3 locID: 102651688967471612 bcsId: 0,size=4194304]} | ret=SUCCESS |  
2019-08-20 22:34:28,958 [grpc-default-executor-4] INFO  client.GrpcClientProtocolClient (GrpcClientProtocolClient.java:onNext(255)) - client-391BA870FC40->947ec526-030f-41cc-8af7-a6f75e712ab0: receive RaftClientReply:client-391BA870FC40->947ec526-030f-41cc-8af7-a6f75e712ab0@group-5D45C35602B2, cid=1653, SUCCESS, logIndex=2388, commits[947ec526-030f-41cc-8af7-a6f75e712ab0:c2389, c447b9b6-dde2-4ce7-aa81-d0e2eddc8fe9:c2386, 28b540ac-241d-462a-a56c-509e92928066:c2386]
2019-08-20 22:34:28,958 [grpc-default-executor-4] INFO  client.GrpcClientProtocolClient (GrpcClientProtocolClient.java:onNext(255)) - client-391BA870FC40->947ec526-030f-41cc-8af7-a6f75e712ab0: receive RaftClientReply:client-391BA870FC40->947ec526-030f-41cc-8af7-a6f75e712ab0@group-5D45C35602B2, cid=1654, SUCCESS, logIndex=2389, commits[947ec526-030f-41cc-8af7-a6f75e712ab0:c2389, c447b9b6-dde2-4ce7-aa81-d0e2eddc8fe9:c2386, 28b540ac-241d-462a-a56c-509e92928066:c2386]
2019-08-20 22:34:28,961 | INFO  | DNAudit | user=null | ip=null | op=WRITE_CHUNK {blockData=conID: 3 locID: 102651688967471612 bcsId: 2385} | ret=SUCCESS |  
2019-08-20 22:34:28,961 | INFO  | DNAudit | user=null | ip=null | op=WRITE_CHUNK {blockData=conID: 3 locID: 102651688967471612 bcsId: 2385} | ret=SUCCESS |  
2019-08-20 22:34:28,964 | INFO  | DNAudit | user=null | ip=null | op=PUT_BLOCK {blockData=[blockId=conID: 3 locID: 102651688967471612 bcsId: 0,size=4194304]} | ret=SUCCESS |  
2019-08-20 22:34:28,964 | INFO  | DNAudit | user=null | ip=null | op=PUT_BLOCK {blockData=[blockId=conID: 3 locID: 102651688967471612 bcsId: 0,size=4194304]} | ret=SUCCESS |  
2019-08-20 22:34:28,964 [grpc-default-executor-1] INFO  client.GrpcClientProtocolClient (GrpcClientProtocolClient.java:onNext(255)) - client-391BA870FC40->947ec526-030f-41cc-8af7-a6f75e712ab0: receive RaftClientReply:client-391BA870FC40->947ec526-030f-41cc-8af7-a6f75e712ab0@group-5D45C35602B2, cid=1655, SUCCESS, logIndex=0, commits[947ec526-030f-41cc-8af7-a6f75e712ab0:c2391, c447b9b6-dde2-4ce7-aa81-d0e2eddc8fe9:c2389, 28b540ac-241d-462a-a56c-509e92928066:c2389]
2019-08-20 22:34:28,969 | INFO  | SCMAudit | user=jenkins1000 | ip=192.168.5.142 | op=ALLOCATE_BLOCK {owner=6f694d07-2a2f-44d9-8e1c-aaa094a2f647, size=4194304, type=RATIS, factor=THREE} | ret=SUCCESS |  
2019-08-20 22:34:28,972 | INFO  | OMAudit | user=jenkins1000 | ip=127.0.0.1 | op=ALLOCATE_BLOCK {volume=vol-0-80747, bucket=bucket-0-27686, key=key-0-47435, dataSize=0, replicationType=null, replicationFactor=null, keyLocationInfo=null, clientID=102651687805452690} | ret=SUCCESS |  
2019-08-20 22:34:28,978 | INFO  | DNAudit | user=null | ip=null | op=WRITE_CHUNK {blockData=conID: 1 locID: 102651688974352893 bcsId: 0} | ret=SUCCESS |  
2019-08-20 22:34:28,981 | INFO  | DNAudit | user=null | ip=null | op=WRITE_CHUNK {blockData=conID: 1 locID: 102651688974352893 bcsId: 0} | ret=SUCCESS |  
2019-08-20 22:34:28,981 | INFO  | DNAudit | user=null | ip=null | op=WRITE_CHUNK {blockData=conID: 1 locID: 102651688974352893 bcsId: 0} | ret=SUCCESS |  
2019-08-20 22:34:28,981 | INFO  | DNAudit | user=null | ip=null | op=WRITE_CHUNK {blockData=conID: 1 locID: 102651688974352893 bcsId: 0} | ret=SUCCESS |  
2019-08-20 22:34:28,982 | INFO  | DNAudit | user=null | ip=null | op=WRITE_CHUNK {blockData=conID: 1 locID: 102651688974352893 bcsId: 0} | ret=SUCCESS |  
2019-08-20 22:34:28,982 | INFO  | DNAudit | user=null | ip=null | op=WRITE_CHUNK {blockData=conID: 1 locID: 102651688974352893 bcsId: 0} | ret=SUCCESS |  
2019-08-20 22:34:28,989 | INFO  | DNAudit | user=null | ip=null | op=WRITE_CHUNK {blockData=conID: 1 locID: 102651688974352893 bcsId: 0} | ret=SUCCESS |  
2019-08-20 22:34:28,990 | INFO  | DNAudit | user=null | ip=null | op=PUT_BLOCK {blockData=[blockId=conID: 1 locID: 102651688974352893 bcsId: 0,size=1048576]} | ret=SUCCESS |  
2019-08-20 22:34:28,990 [grpc-default-executor-4] INFO  client.GrpcClientProtocolClient (GrpcClientProtocolClient.java:onNext(255)) - client-391BA870FC40->947ec526-030f-41cc-8af7-a6f75e712ab0: receive RaftClientReply:client-391BA870FC40->947ec526-030f-41cc-8af7-a6f75e712ab0@group-5D45C35602B2, cid=1656, SUCCESS, logIndex=2392, commits[947ec526-030f-41cc-8af7-a6f75e712ab0:c2394, c447b9b6-dde2-4ce7-aa81-d0e2eddc8fe9:c2391, 28b540ac-241d-462a-a56c-509e92928066:c2391]
2019-08-20 22:34:28,990 | INFO  | DNAudit | user=null | ip=null | op=WRITE_CHUNK {blockData=conID: 1 locID: 102651688974352893 bcsId: 0} | ret=SUCCESS |  
2019-08-20 22:34:28,991 [grpc-default-executor-4] INFO  client.GrpcClientProtocolClient (GrpcClientProtocolClient.java:onNext(255)) - client-391BA870FC40->947ec526-030f-41cc-8af7-a6f75e712ab0: receive RaftClientReply:client-391BA870FC40->947ec526-030f-41cc-8af7-a6f75e712ab0@group-5D45C35602B2, cid=1657, SUCCESS, logIndex=2393, commits[947ec526-030f-41cc-8af7-a6f75e712ab0:c2395, c447b9b6-dde2-4ce7-aa81-d0e2eddc8fe9:c2391, 28b540ac-241d-462a-a56c-509e92928066:c2391]
2019-08-20 22:34:28,991 | INFO  | DNAudit | user=null | ip=null | op=PUT_BLOCK {blockData=[blockId=conID: 1 locID: 102651688974352893 bcsId: 0,size=2097152]} | ret=SUCCESS |  
2019-08-20 22:34:28,991 [grpc-default-executor-4] INFO  client.GrpcClientProtocolClient (GrpcClientProtocolClient.java:onNext(255)) - client-391BA870FC40->947ec526-030f-41cc-8af7-a6f75e712ab0: receive RaftClientReply:client-391BA870FC40->947ec526-030f-41cc-8af7-a6f75e712ab0@group-5D45C35602B2, cid=1658, SUCCESS, logIndex=2394, commits[947ec526-030f-41cc-8af7-a6f75e712ab0:c2395, c447b9b6-dde2-4ce7-aa81-d0e2eddc8fe9:c2391, 28b540ac-241d-462a-a56c-509e92928066:c2391]
2019-08-20 22:34:28,991 [grpc-default-executor-4] INFO  client.GrpcClientProtocolClient (GrpcClientProtocolClient.java:onNext(255)) - client-391BA870FC40->947ec526-030f-41cc-8af7-a6f75e712ab0: receive RaftClientReply:client-391BA870FC40->947ec526-030f-41cc-8af7-a6f75e712ab0@group-5D45C35602B2, cid=1659, SUCCESS, logIndex=2395, commits[947ec526-030f-41cc-8af7-a6f75e712ab0:c2395, c447b9b6-dde2-4ce7-aa81-d0e2eddc8fe9:c2391, 28b540ac-241d-462a-a56c-509e92928066:c2391]
2019-08-20 22:34:28,993 | INFO  | DNAudit | user=null | ip=null | op=WRITE_CHUNK {blockData=conID: 1 locID: 102651688974352893 bcsId: 0} | ret=SUCCESS |  
2019-08-20 22:34:28,993 | INFO  | DNAudit | user=null | ip=null | op=WRITE_CHUNK {blockData=conID: 1 locID: 102651688974352893 bcsId: 0} | ret=SUCCESS |  
2019-08-20 22:34:28,993 | INFO  | DNAudit | user=null | ip=null | op=PUT_BLOCK {blockData=[blockId=conID: 1 locID: 102651688974352893 bcsId: 0,size=1048576]} | ret=SUCCESS |  
2019-08-20 22:34:28,993 | INFO  | DNAudit | user=null | ip=null | op=PUT_BLOCK {blockData=[blockId=conID: 1 locID: 102651688974352893 bcsId: 0,size=1048576]} | ret=SUCCESS |  
2019-08-20 22:34:28,994 [grpc-default-executor-4] INFO  client.GrpcClientProtocolClient (GrpcClientProtocolClient.java:onNext(255)) - client-391BA870FC40->947ec526-030f-41cc-8af7-a6f75e712ab0: receive RaftClientReply:client-391BA870FC40->947ec526-030f-41cc-8af7-a6f75e712ab0@group-5D45C35602B2, cid=1660, SUCCESS, logIndex=0, commits[947ec526-030f-41cc-8af7-a6f75e712ab0:c2396, c447b9b6-dde2-4ce7-aa81-d0e2eddc8fe9:c2393, 28b540ac-241d-462a-a56c-509e92928066:c2393]
2019-08-20 22:34:28,995 | INFO  | DNAudit | user=null | ip=null | op=WRITE_CHUNK {blockData=conID: 1 locID: 102651688974352893 bcsId: 0} | ret=SUCCESS |  
2019-08-20 22:34:28,995 | INFO  | DNAudit | user=null | ip=null | op=WRITE_CHUNK {blockData=conID: 1 locID: 102651688974352893 bcsId: 0} | ret=SUCCESS |  
2019-08-20 22:34:28,995 | INFO  | DNAudit | user=null | ip=null | op=PUT_BLOCK {blockData=[blockId=conID: 1 locID: 102651688974352893 bcsId: 0,size=2097152]} | ret=SUCCESS |  
2019-08-20 22:34:28,996 | INFO  | DNAudit | user=null | ip=null | op=PUT_BLOCK {blockData=[blockId=conID: 1 locID: 102651688974352893 bcsId: 0,size=2097152]} | ret=SUCCESS |  
2019-08-20 22:34:28,999 | INFO  | DNAudit | user=null | ip=null | op=WRITE_CHUNK {blockData=conID: 1 locID: 102651688974352893 bcsId: 2395} | ret=SUCCESS |  
2019-08-20 22:34:29,001 | INFO  | DNAudit | user=null | ip=null | op=WRITE_CHUNK {blockData=conID: 1 locID: 102651688974352893 bcsId: 2395} | ret=SUCCESS |  
2019-08-20 22:34:29,001 | INFO  | DNAudit | user=null | ip=null | op=WRITE_CHUNK {blockData=conID: 1 locID: 102651688974352893 bcsId: 2395} | ret=SUCCESS |  
2019-08-20 22:34:29,025 | INFO  | DNAudit | user=null | ip=null | op=WRITE_CHUNK {blockData=conID: 1 locID: 102651688974352893 bcsId: 2395} | ret=SUCCESS |  
2019-08-20 22:34:29,025 | INFO  | DNAudit | user=null | ip=null | op=PUT_BLOCK {blockData=[blockId=conID: 1 locID: 102651688974352893 bcsId: 0,size=3145728]} | ret=SUCCESS |  
2019-08-20 22:34:29,026 [grpc-default-executor-4] INFO  client.GrpcClientProtocolClient (GrpcClientProtocolClient.java:onNext(255)) - client-391BA870FC40->947ec526-030f-41cc-8af7-a6f75e712ab0: receive RaftClientReply:client-391BA870FC40->947ec526-030f-41cc-8af7-a6f75e712ab0@group-5D45C35602B2, cid=1661, SUCCESS, logIndex=2400, commits[947ec526-030f-41cc-8af7-a6f75e712ab0:c2401, c447b9b6-dde2-4ce7-aa81-d0e2eddc8fe9:c2399, 28b540ac-241d-462a-a56c-509e92928066:c2399]
2019-08-20 22:34:29,026 [grpc-default-executor-4] INFO  client.GrpcClientProtocolClient (GrpcClientProtocolClient.java:onNext(255)) - client-391BA870FC40->947ec526-030f-41cc-8af7-a6f75e712ab0: receive RaftClientReply:client-391BA870FC40->947ec526-030f-41cc-8af7-a6f75e712ab0@group-5D45C35602B2, cid=1662, SUCCESS, logIndex=2401, commits[947ec526-030f-41cc-8af7-a6f75e712ab0:c2401, c447b9b6-dde2-4ce7-aa81-d0e2eddc8fe9:c2399, 28b540ac-241d-462a-a56c-509e92928066:c2399]
2019-08-20 22:34:29,032 | INFO  | DNAudit | user=null | ip=null | op=WRITE_CHUNK {blockData=conID: 1 locID: 102651688974352893 bcsId: 2401} | ret=SUCCESS |  
2019-08-20 22:34:29,033 | INFO  | DNAudit | user=null | ip=null | op=WRITE_CHUNK {blockData=conID: 1 locID: 102651688974352893 bcsId: 2401} | ret=SUCCESS |  
2019-08-20 22:34:29,033 | INFO  | DNAudit | user=null | ip=null | op=WRITE_CHUNK {blockData=conID: 1 locID: 102651688974352893 bcsId: 2401} | ret=SUCCESS |  
2019-08-20 22:34:29,037 | INFO  | DNAudit | user=null | ip=null | op=WRITE_CHUNK {blockData=conID: 1 locID: 102651688974352893 bcsId: 2395} | ret=SUCCESS |  
2019-08-20 22:34:29,037 | INFO  | DNAudit | user=null | ip=null | op=WRITE_CHUNK {blockData=conID: 1 locID: 102651688974352893 bcsId: 2395} | ret=SUCCESS |  
2019-08-20 22:34:29,040 | INFO  | DNAudit | user=null | ip=null | op=PUT_BLOCK {blockData=[blockId=conID: 1 locID: 102651688974352893 bcsId: 0,size=3145728]} | ret=SUCCESS |  
2019-08-20 22:34:29,040 | INFO  | DNAudit | user=null | ip=null | op=PUT_BLOCK {blockData=[blockId=conID: 1 locID: 102651688974352893 bcsId: 0,size=3145728]} | ret=SUCCESS |  
2019-08-20 22:34:29,040 | INFO  | DNAudit | user=null | ip=null | op=WRITE_CHUNK {blockData=conID: 1 locID: 102651688974352893 bcsId: 2401} | ret=SUCCESS |  
2019-08-20 22:34:29,040 | INFO  | DNAudit | user=null | ip=null | op=PUT_BLOCK {blockData=[blockId=conID: 1 locID: 102651688974352893 bcsId: 0,size=4194304]} | ret=SUCCESS |  
2019-08-20 22:34:29,041 [grpc-default-executor-1] INFO  client.GrpcClientProtocolClient (GrpcClientProtocolClient.java:onNext(255)) - client-391BA870FC40->947ec526-030f-41cc-8af7-a6f75e712ab0: receive RaftClientReply:client-391BA870FC40->947ec526-030f-41cc-8af7-a6f75e712ab0@group-5D45C35602B2, cid=1663, SUCCESS, logIndex=2404, commits[947ec526-030f-41cc-8af7-a6f75e712ab0:c2405, c447b9b6-dde2-4ce7-aa81-d0e2eddc8fe9:c2401, 28b540ac-241d-462a-a56c-509e92928066:c2401]
2019-08-20 22:34:29,041 [grpc-default-executor-1] INFO  client.GrpcClientProtocolClient (GrpcClientProtocolClient.java:onNext(255)) - client-391BA870FC40->947ec526-030f-41cc-8af7-a6f75e712ab0: receive RaftClientReply:client-391BA870FC40->947ec526-030f-41cc-8af7-a6f75e712ab0@group-5D45C35602B2, cid=1664, SUCCESS, logIndex=2405, commits[947ec526-030f-41cc-8af7-a6f75e712ab0:c2405, c447b9b6-dde2-4ce7-aa81-d0e2eddc8fe9:c2401, 28b540ac-241d-462a-a56c-509e92928066:c2401]
2019-08-20 22:34:29,054 | INFO  | DNAudit | user=null | ip=null | op=WRITE_CHUNK {blockData=conID: 1 locID: 102651688974352893 bcsId: 2401} | ret=SUCCESS |  
2019-08-20 22:34:29,054 | INFO  | DNAudit | user=null | ip=null | op=WRITE_CHUNK {blockData=conID: 1 locID: 102651688974352893 bcsId: 2401} | ret=SUCCESS |  
2019-08-20 22:34:29,057 | INFO  | DNAudit | user=null | ip=null | op=PUT_BLOCK {blockData=[blockId=conID: 1 locID: 102651688974352893 bcsId: 0,size=4194304]} | ret=SUCCESS |  
2019-08-20 22:34:29,057 | INFO  | DNAudit | user=null | ip=null | op=PUT_BLOCK {blockData=[blockId=conID: 1 locID: 102651688974352893 bcsId: 0,size=4194304]} | ret=SUCCESS |  
2019-08-20 22:34:29,057 [grpc-default-executor-3] INFO  client.GrpcClientProtocolClient (GrpcClientProtocolClient.java:onNext(255)) - client-391BA870FC40->947ec526-030f-41cc-8af7-a6f75e712ab0: receive RaftClientReply:client-391BA870FC40->947ec526-030f-41cc-8af7-a6f75e712ab0@group-5D45C35602B2, cid=1665, SUCCESS, logIndex=0, commits[947ec526-030f-41cc-8af7-a6f75e712ab0:c2407, c447b9b6-dde2-4ce7-aa81-d0e2eddc8fe9:c2405, 28b540ac-241d-462a-a56c-509e92928066:c2405]
2019-08-20 22:34:29,061 | INFO  | SCMAudit | user=jenkins1000 | ip=192.168.5.142 | op=ALLOCATE_BLOCK {owner=6f694d07-2a2f-44d9-8e1c-aaa094a2f647, size=4194304, type=RATIS, factor=THREE} | ret=SUCCESS |  
2019-08-20 22:34:29,063 | INFO  | OMAudit | user=jenkins1000 | ip=127.0.0.1 | op=ALLOCATE_BLOCK {volume=vol-0-80747, bucket=bucket-0-27686, key=key-0-47435, dataSize=0, replicationType=null, replicationFactor=null, keyLocationInfo=null, clientID=102651687805452690} | ret=SUCCESS |  
2019-08-20 22:34:29,070 | INFO  | DNAudit | user=null | ip=null | op=WRITE_CHUNK {blockData=conID: 2 locID: 102651688980382206 bcsId: 0} | ret=SUCCESS |  
2019-08-20 22:34:29,073 | INFO  | DNAudit | user=null | ip=null | op=WRITE_CHUNK {blockData=conID: 2 locID: 102651688980382206 bcsId: 0} | ret=SUCCESS |  
2019-08-20 22:34:29,073 | INFO  | DNAudit | user=null | ip=null | op=WRITE_CHUNK {blockData=conID: 2 locID: 102651688980382206 bcsId: 0} | ret=SUCCESS |  
2019-08-20 22:34:29,075 | INFO  | DNAudit | user=null | ip=null | op=WRITE_CHUNK {blockData=conID: 2 locID: 102651688980382206 bcsId: 0} | ret=SUCCESS |  
2019-08-20 22:34:29,077 | INFO  | DNAudit | user=null | ip=null | op=WRITE_CHUNK {blockData=conID: 2 locID: 102651688980382206 bcsId: 0} | ret=SUCCESS |  
2019-08-20 22:34:29,077 | INFO  | DNAudit | user=null | ip=null | op=WRITE_CHUNK {blockData=conID: 2 locID: 102651688980382206 bcsId: 0} | ret=SUCCESS |  
2019-08-20 22:34:29,084 | INFO  | DNAudit | user=null | ip=null | op=WRITE_CHUNK {blockData=conID: 2 locID: 102651688980382206 bcsId: 0} | ret=SUCCESS |  
2019-08-20 22:34:29,084 | INFO  | DNAudit | user=null | ip=null | op=PUT_BLOCK {blockData=[blockId=conID: 2 locID: 102651688980382206 bcsId: 0,size=1048576]} | ret=SUCCESS |  
2019-08-20 22:34:29,085 [grpc-default-executor-3] INFO  client.GrpcClientProtocolClient (GrpcClientProtocolClient.java:onNext(255)) - client-391BA870FC40->947ec526-030f-41cc-8af7-a6f75e712ab0: receive RaftClientReply:client-391BA870FC40->947ec526-030f-41cc-8af7-a6f75e712ab0@group-5D45C35602B2, cid=1666, SUCCESS, logIndex=2408, commits[947ec526-030f-41cc-8af7-a6f75e712ab0:c2409, c447b9b6-dde2-4ce7-aa81-d0e2eddc8fe9:c2407, 28b540ac-241d-462a-a56c-509e92928066:c2407]
2019-08-20 22:34:29,085 [grpc-default-executor-3] INFO  client.GrpcClientProtocolClient (GrpcClientProtocolClient.java:onNext(255)) - client-391BA870FC40->947ec526-030f-41cc-8af7-a6f75e712ab0: receive RaftClientReply:client-391BA870FC40->947ec526-030f-41cc-8af7-a6f75e712ab0@group-5D45C35602B2, cid=1667, SUCCESS, logIndex=2409, commits[947ec526-030f-41cc-8af7-a6f75e712ab0:c2409, c447b9b6-dde2-4ce7-aa81-d0e2eddc8fe9:c2407, 28b540ac-241d-462a-a56c-509e92928066:c2407]
2019-08-20 22:34:29,095 | INFO  | DNAudit | user=null | ip=null | op=WRITE_CHUNK {blockData=conID: 2 locID: 102651688980382206 bcsId: 0} | ret=SUCCESS |  
2019-08-20 22:34:29,096 | INFO  | DNAudit | user=null | ip=null | op=PUT_BLOCK {blockData=[blockId=conID: 2 locID: 102651688980382206 bcsId: 0,size=2097152]} | ret=SUCCESS |  
2019-08-20 22:34:29,096 [grpc-default-executor-4] INFO  client.GrpcClientProtocolClient (GrpcClientProtocolClient.java:onNext(255)) - client-391BA870FC40->947ec526-030f-41cc-8af7-a6f75e712ab0: receive RaftClientReply:client-391BA870FC40->947ec526-030f-41cc-8af7-a6f75e712ab0@group-5D45C35602B2, cid=1668, SUCCESS, logIndex=2410, commits[947ec526-030f-41cc-8af7-a6f75e712ab0:c2411, c447b9b6-dde2-4ce7-aa81-d0e2eddc8fe9:c2407, 28b540ac-241d-462a-a56c-509e92928066:c2407]
2019-08-20 22:34:29,096 [grpc-default-executor-4] INFO  client.GrpcClientProtocolClient (GrpcClientProtocolClient.java:onNext(255)) - client-391BA870FC40->947ec526-030f-41cc-8af7-a6f75e712ab0: receive RaftClientReply:client-391BA870FC40->947ec526-030f-41cc-8af7-a6f75e712ab0@group-5D45C35602B2, cid=1669, SUCCESS, logIndex=2411, commits[947ec526-030f-41cc-8af7-a6f75e712ab0:c2411, c447b9b6-dde2-4ce7-aa81-d0e2eddc8fe9:c2407, 28b540ac-241d-462a-a56c-509e92928066:c2407]
2019-08-20 22:34:29,098 | INFO  | DNAudit | user=null | ip=null | op=WRITE_CHUNK {blockData=conID: 2 locID: 102651688980382206 bcsId: 0} | ret=SUCCESS |  
2019-08-20 22:34:29,098 | INFO  | DNAudit | user=null | ip=null | op=WRITE_CHUNK {blockData=conID: 2 locID: 102651688980382206 bcsId: 0} | ret=SUCCESS |  
2019-08-20 22:34:29,098 | INFO  | DNAudit | user=null | ip=null | op=PUT_BLOCK {blockData=[blockId=conID: 2 locID: 102651688980382206 bcsId: 0,size=1048576]} | ret=SUCCESS |  
2019-08-20 22:34:29,098 | INFO  | DNAudit | user=null | ip=null | op=PUT_BLOCK {blockData=[blockId=conID: 2 locID: 102651688980382206 bcsId: 0,size=1048576]} | ret=SUCCESS |  
2019-08-20 22:34:29,099 [grpc-default-executor-4] INFO  client.GrpcClientProtocolClient (GrpcClientProtocolClient.java:onNext(255)) - client-391BA870FC40->947ec526-030f-41cc-8af7-a6f75e712ab0: receive RaftClientReply:client-391BA870FC40->947ec526-030f-41cc-8af7-a6f75e712ab0@group-5D45C35602B2, cid=1670, SUCCESS, logIndex=0, commits[947ec526-030f-41cc-8af7-a6f75e712ab0:c2412, c447b9b6-dde2-4ce7-aa81-d0e2eddc8fe9:c2409, 28b540ac-241d-462a-a56c-509e92928066:c2409]
2019-08-20 22:34:29,104 | INFO  | DNAudit | user=null | ip=null | op=WRITE_CHUNK {blockData=conID: 2 locID: 102651688980382206 bcsId: 2411} | ret=SUCCESS |  
2019-08-20 22:34:29,105 | INFO  | DNAudit | user=null | ip=null | op=WRITE_CHUNK {blockData=conID: 2 locID: 102651688980382206 bcsId: 2411} | ret=SUCCESS |  
2019-08-20 22:34:29,106 | INFO  | DNAudit | user=null | ip=null | op=WRITE_CHUNK {blockData=conID: 2 locID: 102651688980382206 bcsId: 2411} | ret=SUCCESS |  
2019-08-20 22:34:29,110 | INFO  | DNAudit | user=null | ip=null | op=WRITE_CHUNK {blockData=conID: 2 locID: 102651688980382206 bcsId: 0} | ret=SUCCESS |  
2019-08-20 22:34:29,110 | INFO  | DNAudit | user=null | ip=null | op=WRITE_CHUNK {blockData=conID: 2 locID: 102651688980382206 bcsId: 0} | ret=SUCCESS |  
2019-08-20 22:34:29,110 | INFO  | DNAudit | user=null | ip=null | op=PUT_BLOCK {blockData=[blockId=conID: 2 locID: 102651688980382206 bcsId: 0,size=2097152]} | ret=SUCCESS |  
2019-08-20 22:34:29,110 | INFO  | DNAudit | user=null | ip=null | op=PUT_BLOCK {blockData=[blockId=conID: 2 locID: 102651688980382206 bcsId: 0,size=2097152]} | ret=SUCCESS |  
2019-08-20 22:34:29,111 | INFO  | DNAudit | user=null | ip=null | op=WRITE_CHUNK {blockData=conID: 2 locID: 102651688980382206 bcsId: 2411} | ret=SUCCESS |  
2019-08-20 22:34:29,112 | INFO  | DNAudit | user=null | ip=null | op=PUT_BLOCK {blockData=[blockId=conID: 2 locID: 102651688980382206 bcsId: 0,size=3145728]} | ret=SUCCESS |  
2019-08-20 22:34:29,112 [grpc-default-executor-1] INFO  client.GrpcClientProtocolClient (GrpcClientProtocolClient.java:onNext(255)) - client-391BA870FC40->947ec526-030f-41cc-8af7-a6f75e712ab0: receive RaftClientReply:client-391BA870FC40->947ec526-030f-41cc-8af7-a6f75e712ab0@group-5D45C35602B2, cid=1671, SUCCESS, logIndex=2416, commits[947ec526-030f-41cc-8af7-a6f75e712ab0:c2417, c447b9b6-dde2-4ce7-aa81-d0e2eddc8fe9:c2413, 28b540ac-241d-462a-a56c-509e92928066:c2413]
2019-08-20 22:34:29,112 [grpc-default-executor-1] INFO  client.GrpcClientProtocolClient (GrpcClientProtocolClient.java:onNext(255)) - client-391BA870FC40->947ec526-030f-41cc-8af7-a6f75e712ab0: receive RaftClientReply:client-391BA870FC40->947ec526-030f-41cc-8af7-a6f75e712ab0@group-5D45C35602B2, cid=1672, SUCCESS, logIndex=2417, commits[947ec526-030f-41cc-8af7-a6f75e712ab0:c2417, c447b9b6-dde2-4ce7-aa81-d0e2eddc8fe9:c2413, 28b540ac-241d-462a-a56c-509e92928066:c2413]
2019-08-20 22:34:29,117 | INFO  | DNAudit | user=null | ip=null | op=WRITE_CHUNK {blockData=conID: 2 locID: 102651688980382206 bcsId: 2417} | ret=SUCCESS |  
2019-08-20 22:34:29,120 | INFO  | DNAudit | user=null | ip=null | op=WRITE_CHUNK {blockData=conID: 2 locID: 102651688980382206 bcsId: 2417} | ret=SUCCESS |  
2019-08-20 22:34:29,120 | INFO  | DNAudit | user=null | ip=null | op=WRITE_CHUNK {blockData=conID: 2 locID: 102651688980382206 bcsId: 2417} | ret=SUCCESS |  
2019-08-20 22:34:29,125 | INFO  | DNAudit | user=null | ip=null | op=WRITE_CHUNK {blockData=conID: 2 locID: 102651688980382206 bcsId: 2411} | ret=SUCCESS |  
2019-08-20 22:34:29,125 | INFO  | DNAudit | user=null | ip=null | op=WRITE_CHUNK {blockData=conID: 2 locID: 102651688980382206 bcsId: 2411} | ret=SUCCESS |  
2019-08-20 22:34:29,136 | INFO  | DNAudit | user=null | ip=null | op=PUT_BLOCK {blockData=[blockId=conID: 2 locID: 102651688980382206 bcsId: 0,size=3145728]} | ret=SUCCESS |  
2019-08-20 22:34:29,136 | INFO  | DNAudit | user=null | ip=null | op=PUT_BLOCK {blockData=[blockId=conID: 2 locID: 102651688980382206 bcsId: 0,size=3145728]} | ret=SUCCESS |  
2019-08-20 22:34:29,136 | INFO  | DNAudit | user=null | ip=null | op=WRITE_CHUNK {blockData=conID: 2 locID: 102651688980382206 bcsId: 2417} | ret=SUCCESS |  
2019-08-20 22:34:29,137 | INFO  | DNAudit | user=null | ip=null | op=PUT_BLOCK {blockData=[blockId=conID: 2 locID: 102651688980382206 bcsId: 0,size=4194304]} | ret=SUCCESS |  
2019-08-20 22:34:29,137 [grpc-default-executor-1] INFO  client.GrpcClientProtocolClient (GrpcClientProtocolClient.java:onNext(255)) - client-391BA870FC40->947ec526-030f-41cc-8af7-a6f75e712ab0: receive RaftClientReply:client-391BA870FC40->947ec526-030f-41cc-8af7-a6f75e712ab0@group-5D45C35602B2, cid=1673, SUCCESS, logIndex=2420, commits[947ec526-030f-41cc-8af7-a6f75e712ab0:c2420, c447b9b6-dde2-4ce7-aa81-d0e2eddc8fe9:c2417, 28b540ac-241d-462a-a56c-509e92928066:c2417]
2019-08-20 22:34:29,137 [grpc-default-executor-1] INFO  client.GrpcClientProtocolClient (GrpcClientProtocolClient.java:onNext(255)) - client-391BA870FC40->947ec526-030f-41cc-8af7-a6f75e712ab0: receive RaftClientReply:client-391BA870FC40->947ec526-030f-41cc-8af7-a6f75e712ab0@group-5D45C35602B2, cid=1674, SUCCESS, logIndex=2421, commits[947ec526-030f-41cc-8af7-a6f75e712ab0:c2421, c447b9b6-dde2-4ce7-aa81-d0e2eddc8fe9:c2417, 28b540ac-241d-462a-a56c-509e92928066:c2417]
2019-08-20 22:34:29,149 | INFO  | DNAudit | user=null | ip=null | op=WRITE_CHUNK {blockData=conID: 2 locID: 102651688980382206 bcsId: 2417} | ret=SUCCESS |  
2019-08-20 22:34:29,149 | INFO  | DNAudit | user=null | ip=null | op=WRITE_CHUNK {blockData=conID: 2 locID: 102651688980382206 bcsId: 2417} | ret=SUCCESS |  
2019-08-20 22:34:29,162 | INFO  | SCMAudit | user=jenkins1000 | ip=192.168.5.142 | op=SEND_HEARTBEAT {datanodeUUID=eafd9314-3f13-422a-a2ac-adfcde2d7481, command=[]} | ret=SUCCESS |  
2019-08-20 22:34:29,162 | INFO  | SCMAudit | user=jenkins1000 | ip=192.168.5.142 | op=SEND_HEARTBEAT {datanodeUUID=c447b9b6-dde2-4ce7-aa81-d0e2eddc8fe9, command=[]} | ret=SUCCESS |  
2019-08-20 22:34:29,162 | INFO  | SCMAudit | user=jenkins1000 | ip=192.168.5.142 | op=SEND_HEARTBEAT {datanodeUUID=947ec526-030f-41cc-8af7-a6f75e712ab0, command=[]} | ret=SUCCESS |  
2019-08-20 22:34:29,163 | INFO  | DNAudit | user=null | ip=null | op=PUT_BLOCK {blockData=[blockId=conID: 2 locID: 102651688980382206 bcsId: 0,size=4194304]} | ret=SUCCESS |  
2019-08-20 22:34:29,163 | INFO  | DNAudit | user=null | ip=null | op=PUT_BLOCK {blockData=[blockId=conID: 2 locID: 102651688980382206 bcsId: 0,size=4194304]} | ret=SUCCESS |  
2019-08-20 22:34:29,163 | INFO  | SCMAudit | user=jenkins1000 | ip=192.168.5.142 | op=SEND_HEARTBEAT {datanodeUUID=28b540ac-241d-462a-a56c-509e92928066, command=[]} | ret=SUCCESS |  
2019-08-20 22:34:29,163 [grpc-default-executor-1] INFO  client.GrpcClientProtocolClient (GrpcClientProtocolClient.java:onNext(255)) - client-391BA870FC40->947ec526-030f-41cc-8af7-a6f75e712ab0: receive RaftClientReply:client-391BA870FC40->947ec526-030f-41cc-8af7-a6f75e712ab0@group-5D45C35602B2, cid=1675, SUCCESS, logIndex=0, commits[947ec526-030f-41cc-8af7-a6f75e712ab0:c2422, c447b9b6-dde2-4ce7-aa81-d0e2eddc8fe9:c2421, 28b540ac-241d-462a-a56c-509e92928066:c2421]
 0.00% |█                                                                                                    |  0/1 Time: 0:00:182019-08-20 22:34:29,167 | INFO  | SCMAudit | user=jenkins1000 | ip=192.168.5.142 | op=ALLOCATE_BLOCK {owner=6f694d07-2a2f-44d9-8e1c-aaa094a2f647, size=4194304, type=RATIS, factor=THREE} | ret=SUCCESS |  
2019-08-20 22:34:29,170 | INFO  | OMAudit | user=jenkins1000 | ip=127.0.0.1 | op=ALLOCATE_BLOCK {volume=vol-0-80747, bucket=bucket-0-27686, key=key-0-47435, dataSize=0, replicationType=null, replicationFactor=null, keyLocationInfo=null, clientID=102651687805452690} | ret=SUCCESS |  
2019-08-20 22:34:29,176 | INFO  | DNAudit | user=null | ip=null | op=WRITE_CHUNK {blockData=conID: 3 locID: 102651688987329023 bcsId: 0} | ret=SUCCESS |  
2019-08-20 22:34:29,178 | INFO  | DNAudit | user=null | ip=null | op=WRITE_CHUNK {blockData=conID: 3 locID: 102651688987329023 bcsId: 0} | ret=SUCCESS |  
2019-08-20 22:34:29,178 | INFO  | DNAudit | user=null | ip=null | op=WRITE_CHUNK {blockData=conID: 3 locID: 102651688987329023 bcsId: 0} | ret=SUCCESS |  
2019-08-20 22:34:29,179 | INFO  | DNAudit | user=null | ip=null | op=WRITE_CHUNK {blockData=conID: 3 locID: 102651688987329023 bcsId: 0} | ret=SUCCESS |  
2019-08-20 22:34:29,180 | INFO  | DNAudit | user=null | ip=null | op=WRITE_CHUNK {blockData=conID: 3 locID: 102651688987329023 bcsId: 0} | ret=SUCCESS |  
2019-08-20 22:34:29,180 | INFO  | DNAudit | user=null | ip=null | op=WRITE_CHUNK {blockData=conID: 3 locID: 102651688987329023 bcsId: 0} | ret=SUCCESS |  
2019-08-20 22:34:29,190 | INFO  | DNAudit | user=null | ip=null | op=WRITE_CHUNK {blockData=conID: 3 locID: 102651688987329023 bcsId: 0} | ret=SUCCESS |  
2019-08-20 22:34:29,190 | INFO  | DNAudit | user=null | ip=null | op=PUT_BLOCK {blockData=[blockId=conID: 3 locID: 102651688987329023 bcsId: 0,size=1048576]} | ret=SUCCESS |  
2019-08-20 22:34:29,190 [grpc-default-executor-1] INFO  client.GrpcClientProtocolClient (GrpcClientProtocolClient.java:onNext(255)) - client-391BA870FC40->947ec526-030f-41cc-8af7-a6f75e712ab0: receive RaftClientReply:client-391BA870FC40->947ec526-030f-41cc-8af7-a6f75e712ab0@group-5D45C35602B2, cid=1676, SUCCESS, logIndex=2424, commits[947ec526-030f-41cc-8af7-a6f75e712ab0:c2425, c447b9b6-dde2-4ce7-aa81-d0e2eddc8fe9:c2423, 28b540ac-241d-462a-a56c-509e92928066:c2423]
2019-08-20 22:34:29,191 [grpc-default-executor-1] INFO  client.GrpcClientProtocolClient (GrpcClientProtocolClient.java:onNext(255)) - client-391BA870FC40->947ec526-030f-41cc-8af7-a6f75e712ab0: receive RaftClientReply:client-391BA870FC40->947ec526-030f-41cc-8af7-a6f75e712ab0@group-5D45C35602B2, cid=1677, SUCCESS, logIndex=2425, commits[947ec526-030f-41cc-8af7-a6f75e712ab0:c2425, c447b9b6-dde2-4ce7-aa81-d0e2eddc8fe9:c2423, 28b540ac-241d-462a-a56c-509e92928066:c2423]
2019-08-20 22:34:29,200 | INFO  | DNAudit | user=null | ip=null | op=WRITE_CHUNK {blockData=conID: 3 locID: 102651688987329023 bcsId: 0} | ret=SUCCESS |  
2019-08-20 22:34:29,200 | INFO  | DNAudit | user=null | ip=null | op=PUT_BLOCK {blockData=[blockId=conID: 3 locID: 102651688987329023 bcsId: 0,size=2097152]} | ret=SUCCESS |  
2019-08-20 22:34:29,201 [grpc-default-executor-1] INFO  client.GrpcClientProtocolClient (GrpcClientProtocolClient.java:onNext(255)) - client-391BA870FC40->947ec526-030f-41cc-8af7-a6f75e712ab0: receive RaftClientReply:client-391BA870FC40->947ec526-030f-41cc-8af7-a6f75e712ab0@group-5D45C35602B2, cid=1678, SUCCESS, logIndex=2426, commits[947ec526-030f-41cc-8af7-a6f75e712ab0:c2427, c447b9b6-dde2-4ce7-aa81-d0e2eddc8fe9:c2423, 28b540ac-241d-462a-a56c-509e92928066:c2423]
2019-08-20 22:34:29,201 [grpc-default-executor-1] INFO  client.GrpcClientProtocolClient (GrpcClientProtocolClient.java:onNext(255)) - client-391BA870FC40->947ec526-030f-41cc-8af7-a6f75e712ab0: receive RaftClientReply:client-391BA870FC40->947ec526-030f-41cc-8af7-a6f75e712ab0@group-5D45C35602B2, cid=1679, SUCCESS, logIndex=2427, commits[947ec526-030f-41cc-8af7-a6f75e712ab0:c2427, c447b9b6-dde2-4ce7-aa81-d0e2eddc8fe9:c2423, 28b540ac-241d-462a-a56c-509e92928066:c2423]
2019-08-20 22:34:29,202 | INFO  | DNAudit | user=null | ip=null | op=WRITE_CHUNK {blockData=conID: 3 locID: 102651688987329023 bcsId: 0} | ret=SUCCESS |  
2019-08-20 22:34:29,215 | INFO  | DNAudit | user=null | ip=null | op=WRITE_CHUNK {blockData=conID: 3 locID: 102651688987329023 bcsId: 0} | ret=SUCCESS |  
2019-08-20 22:34:29,215 | INFO  | DNAudit | user=null | ip=null | op=PUT_BLOCK {blockData=[blockId=conID: 3 locID: 102651688987329023 bcsId: 0,size=1048576]} | ret=SUCCESS |  
2019-08-20 22:34:29,216 | INFO  | DNAudit | user=null | ip=null | op=PUT_BLOCK {blockData=[blockId=conID: 3 locID: 102651688987329023 bcsId: 0,size=1048576]} | ret=SUCCESS |  
2019-08-20 22:34:29,216 | INFO  | DNAudit | user=null | ip=null | op=WRITE_CHUNK {blockData=conID: 3 locID: 102651688987329023 bcsId: 0} | ret=SUCCESS |  
2019-08-20 22:34:29,216 | INFO  | DNAudit | user=null | ip=null | op=WRITE_CHUNK {blockData=conID: 3 locID: 102651688987329023 bcsId: 0} | ret=SUCCESS |  
2019-08-20 22:34:29,216 | INFO  | DNAudit | user=null | ip=null | op=PUT_BLOCK {blockData=[blockId=conID: 3 locID: 102651688987329023 bcsId: 0,size=2097152]} | ret=SUCCESS |  
2019-08-20 22:34:29,216 | INFO  | DNAudit | user=null | ip=null | op=PUT_BLOCK {blockData=[blockId=conID: 3 locID: 102651688987329023 bcsId: 0,size=2097152]} | ret=SUCCESS |  
2019-08-20 22:34:29,216 [grpc-default-executor-4] INFO  client.GrpcClientProtocolClient (GrpcClientProtocolClient.java:onNext(255)) - client-391BA870FC40->947ec526-030f-41cc-8af7-a6f75e712ab0: receive RaftClientReply:client-391BA870FC40->947ec526-030f-41cc-8af7-a6f75e712ab0@group-5D45C35602B2, cid=1680, SUCCESS, logIndex=0, commits[947ec526-030f-41cc-8af7-a6f75e712ab0:c2429, c447b9b6-dde2-4ce7-aa81-d0e2eddc8fe9:c2425, 28b540ac-241d-462a-a56c-509e92928066:c2425]
2019-08-20 22:34:29,320 | INFO  | DNAudit | user=null | ip=null | op=WRITE_CHUNK {blockData=conID: 3 locID: 102651688987329023 bcsId: 2427} | ret=SUCCESS |  
2019-08-20 22:34:29,322 | INFO  | DNAudit | user=null | ip=null | op=WRITE_CHUNK {blockData=conID: 3 locID: 102651688987329023 bcsId: 2427} | ret=SUCCESS |  
2019-08-20 22:34:29,322 | INFO  | DNAudit | user=null | ip=null | op=WRITE_CHUNK {blockData=conID: 3 locID: 102651688987329023 bcsId: 2427} | ret=SUCCESS |  
2019-08-20 22:34:29,332 | INFO  | DNAudit | user=null | ip=null | op=WRITE_CHUNK {blockData=conID: 3 locID: 102651688987329023 bcsId: 2427} | ret=SUCCESS |  
2019-08-20 22:34:29,332 | INFO  | DNAudit | user=null | ip=null | op=PUT_BLOCK {blockData=[blockId=conID: 3 locID: 102651688987329023 bcsId: 0,size=3145728]} | ret=SUCCESS |  
2019-08-20 22:34:29,333 [grpc-default-executor-1] INFO  client.GrpcClientProtocolClient (GrpcClientProtocolClient.java:onNext(255)) - client-391BA870FC40->947ec526-030f-41cc-8af7-a6f75e712ab0: receive RaftClientReply:client-391BA870FC40->947ec526-030f-41cc-8af7-a6f75e712ab0@group-5D45C35602B2, cid=1681, SUCCESS, logIndex=2431, commits[947ec526-030f-41cc-8af7-a6f75e712ab0:c2432, c447b9b6-dde2-4ce7-aa81-d0e2eddc8fe9:c2430, 28b540ac-241d-462a-a56c-509e92928066:c2430]
2019-08-20 22:34:29,333 [grpc-default-executor-1] INFO  client.GrpcClientProtocolClient (GrpcClientProtocolClient.java:onNext(255)) - client-391BA870FC40->947ec526-030f-41cc-8af7-a6f75e712ab0: receive RaftClientReply:client-391BA870FC40->947ec526-030f-41cc-8af7-a6f75e712ab0@group-5D45C35602B2, cid=1682, SUCCESS, logIndex=2432, commits[947ec526-030f-41cc-8af7-a6f75e712ab0:c2432, c447b9b6-dde2-4ce7-aa81-d0e2eddc8fe9:c2430, 28b540ac-241d-462a-a56c-509e92928066:c2430]
2019-08-20 22:34:29,340 | INFO  | DNAudit | user=null | ip=null | op=WRITE_CHUNK {blockData=conID: 3 locID: 102651688987329023 bcsId: 2432} | ret=SUCCESS |  
2019-08-20 22:34:29,342 | INFO  | DNAudit | user=null | ip=null | op=WRITE_CHUNK {blockData=conID: 3 locID: 102651688987329023 bcsId: 2432} | ret=SUCCESS |  
2019-08-20 22:34:29,345 | INFO  | DNAudit | user=null | ip=null | op=WRITE_CHUNK {blockData=conID: 3 locID: 102651688987329023 bcsId: 2427} | ret=SUCCESS |  
2019-08-20 22:34:29,346 | INFO  | DNAudit | user=null | ip=null | op=WRITE_CHUNK {blockData=conID: 3 locID: 102651688987329023 bcsId: 2432} | ret=SUCCESS |  
2019-08-20 22:34:29,346 | INFO  | DNAudit | user=null | ip=null | op=WRITE_CHUNK {blockData=conID: 3 locID: 102651688987329023 bcsId: 2427} | ret=SUCCESS |  
2019-08-20 22:34:29,357 | INFO  | DNAudit | user=null | ip=null | op=PUT_BLOCK {blockData=[blockId=conID: 3 locID: 102651688987329023 bcsId: 0,size=3145728]} | ret=SUCCESS |  
2019-08-20 22:34:29,357 | INFO  | DNAudit | user=null | ip=null | op=PUT_BLOCK {blockData=[blockId=conID: 3 locID: 102651688987329023 bcsId: 0,size=3145728]} | ret=SUCCESS |  
2019-08-20 22:34:29,357 | INFO  | DNAudit | user=null | ip=null | op=WRITE_CHUNK {blockData=conID: 3 locID: 102651688987329023 bcsId: 2432} | ret=SUCCESS |  
2019-08-20 22:34:29,357 | INFO  | DNAudit | user=null | ip=null | op=PUT_BLOCK {blockData=[blockId=conID: 3 locID: 102651688987329023 bcsId: 0,size=4194304]} | ret=SUCCESS |  
2019-08-20 22:34:29,358 [grpc-default-executor-1] INFO  client.GrpcClientProtocolClient (GrpcClientProtocolClient.java:onNext(255)) - client-391BA870FC40->947ec526-030f-41cc-8af7-a6f75e712ab0: receive RaftClientReply:client-391BA870FC40->947ec526-030f-41cc-8af7-a6f75e712ab0@group-5D45C35602B2, cid=1683, SUCCESS, logIndex=2435, commits[947ec526-030f-41cc-8af7-a6f75e712ab0:c2436, c447b9b6-dde2-4ce7-aa81-d0e2eddc8fe9:c2432, 28b540ac-241d-462a-a56c-509e92928066:c2432]
2019-08-20 22:34:29,358 [grpc-default-executor-1] INFO  client.GrpcClientProtocolClient (GrpcClientProtocolClient.java:onNext(255)) - client-391BA870FC40->947ec526-030f-41cc-8af7-a6f75e712ab0: receive RaftClientReply:client-391BA870FC40->947ec526-030f-41cc-8af7-a6f75e712ab0@group-5D45C35602B2, cid=1684, SUCCESS, logIndex=2436, commits[947ec526-030f-41cc-8af7-a6f75e712ab0:c2436, c447b9b6-dde2-4ce7-aa81-d0e2eddc8fe9:c2432, 28b540ac-241d-462a-a56c-509e92928066:c2432]
2019-08-20 22:34:29,371 | INFO  | DNAudit | user=null | ip=null | op=WRITE_CHUNK {blockData=conID: 3 locID: 102651688987329023 bcsId: 2432} | ret=SUCCESS |  
2019-08-20 22:34:29,371 | INFO  | DNAudit | user=null | ip=null | op=WRITE_CHUNK {blockData=conID: 3 locID: 102651688987329023 bcsId: 2432} | ret=SUCCESS |  
2019-08-20 22:34:29,384 | INFO  | DNAudit | user=null | ip=null | op=PUT_BLOCK {blockData=[blockId=conID: 3 locID: 102651688987329023 bcsId: 0,size=4194304]} | ret=SUCCESS |  
2019-08-20 22:34:29,384 | INFO  | DNAudit | user=null | ip=null | op=PUT_BLOCK {blockData=[blockId=conID: 3 locID: 102651688987329023 bcsId: 0,size=4194304]} | ret=SUCCESS |  
2019-08-20 22:34:29,384 [grpc-default-executor-1] INFO  client.GrpcClientProtocolClient (GrpcClientProtocolClient.java:onNext(255)) - client-391BA870FC40->947ec526-030f-41cc-8af7-a6f75e712ab0: receive RaftClientReply:client-391BA870FC40->947ec526-030f-41cc-8af7-a6f75e712ab0@group-5D45C35602B2, cid=1685, SUCCESS, logIndex=0, commits[947ec526-030f-41cc-8af7-a6f75e712ab0:c2438, c447b9b6-dde2-4ce7-aa81-d0e2eddc8fe9:c2436, 28b540ac-241d-462a-a56c-509e92928066:c2436]
2019-08-20 22:34:29,388 | INFO  | SCMAudit | user=jenkins1000 | ip=192.168.5.142 | op=ALLOCATE_BLOCK {owner=6f694d07-2a2f-44d9-8e1c-aaa094a2f647, size=4194304, type=RATIS, factor=THREE} | ret=SUCCESS |  
2019-08-20 22:34:29,392 | INFO  | OMAudit | user=jenkins1000 | ip=127.0.0.1 | op=ALLOCATE_BLOCK {volume=vol-0-80747, bucket=bucket-0-27686, key=key-0-47435, dataSize=0, replicationType=null, replicationFactor=null, keyLocationInfo=null, clientID=102651687805452690} | ret=SUCCESS |  
2019-08-20 22:34:29,400 | INFO  | DNAudit | user=null | ip=null | op=WRITE_CHUNK {blockData=conID: 1 locID: 102651689001812480 bcsId: 0} | ret=SUCCESS |  
2019-08-20 22:34:29,401 | INFO  | DNAudit | user=null | ip=null | op=WRITE_CHUNK {blockData=conID: 1 locID: 102651689001812480 bcsId: 0} | ret=SUCCESS |  
2019-08-20 22:34:29,403 | INFO  | DNAudit | user=null | ip=null | op=WRITE_CHUNK {blockData=conID: 1 locID: 102651689001812480 bcsId: 0} | ret=SUCCESS |  
2019-08-20 22:34:29,403 | INFO  | DNAudit | user=null | ip=null | op=WRITE_CHUNK {blockData=conID: 1 locID: 102651689001812480 bcsId: 0} | ret=SUCCESS |  
2019-08-20 22:34:29,404 | INFO  | DNAudit | user=null | ip=null | op=WRITE_CHUNK {blockData=conID: 1 locID: 102651689001812480 bcsId: 0} | ret=SUCCESS |  
2019-08-20 22:34:29,404 | INFO  | DNAudit | user=null | ip=null | op=WRITE_CHUNK {blockData=conID: 1 locID: 102651689001812480 bcsId: 0} | ret=SUCCESS |  
2019-08-20 22:34:29,423 | INFO  | DNAudit | user=null | ip=null | op=WRITE_CHUNK {blockData=conID: 1 locID: 102651689001812480 bcsId: 0} | ret=SUCCESS |  
2019-08-20 22:34:29,424 | INFO  | DNAudit | user=null | ip=null | op=PUT_BLOCK {blockData=[blockId=conID: 1 locID: 102651689001812480 bcsId: 0,size=1048576]} | ret=SUCCESS |  
2019-08-20 22:34:29,424 [grpc-default-executor-1] INFO  client.GrpcClientProtocolClient (GrpcClientProtocolClient.java:onNext(255)) - client-391BA870FC40->947ec526-030f-41cc-8af7-a6f75e712ab0: receive RaftClientReply:client-391BA870FC40->947ec526-030f-41cc-8af7-a6f75e712ab0@group-5D45C35602B2, cid=1686, SUCCESS, logIndex=2439, commits[947ec526-030f-41cc-8af7-a6f75e712ab0:c2441, c447b9b6-dde2-4ce7-aa81-d0e2eddc8fe9:c2438, 28b540ac-241d-462a-a56c-509e92928066:c2438]
2019-08-20 22:34:29,424 | INFO  | DNAudit | user=null | ip=null | op=WRITE_CHUNK {blockData=conID: 1 locID: 102651689001812480 bcsId: 0} | ret=SUCCESS |  
2019-08-20 22:34:29,425 [grpc-default-executor-1] INFO  client.GrpcClientProtocolClient (GrpcClientProtocolClient.java:onNext(255)) - client-391BA870FC40->947ec526-030f-41cc-8af7-a6f75e712ab0: receive RaftClientReply:client-391BA870FC40->947ec526-030f-41cc-8af7-a6f75e712ab0@group-5D45C35602B2, cid=1687, SUCCESS, logIndex=2440, commits[947ec526-030f-41cc-8af7-a6f75e712ab0:c2442, c447b9b6-dde2-4ce7-aa81-d0e2eddc8fe9:c2438, 28b540ac-241d-462a-a56c-509e92928066:c2438]
2019-08-20 22:34:29,425 | INFO  | DNAudit | user=null | ip=null | op=PUT_BLOCK {blockData=[blockId=conID: 1 locID: 102651689001812480 bcsId: 0,size=2097152]} | ret=SUCCESS |  
2019-08-20 22:34:29,425 [grpc-default-executor-1] INFO  client.GrpcClientProtocolClient (GrpcClientProtocolClient.java:onNext(255)) - client-391BA870FC40->947ec526-030f-41cc-8af7-a6f75e712ab0: receive RaftClientReply:client-391BA870FC40->947ec526-030f-41cc-8af7-a6f75e712ab0@group-5D45C35602B2, cid=1688, SUCCESS, logIndex=2441, commits[947ec526-030f-41cc-8af7-a6f75e712ab0:c2442, c447b9b6-dde2-4ce7-aa81-d0e2eddc8fe9:c2438, 28b540ac-241d-462a-a56c-509e92928066:c2438]
2019-08-20 22:34:29,425 [grpc-default-executor-1] INFO  client.GrpcClientProtocolClient (GrpcClientProtocolClient.java:onNext(255)) - client-391BA870FC40->947ec526-030f-41cc-8af7-a6f75e712ab0: receive RaftClientReply:client-391BA870FC40->947ec526-030f-41cc-8af7-a6f75e712ab0@group-5D45C35602B2, cid=1689, SUCCESS, logIndex=2442, commits[947ec526-030f-41cc-8af7-a6f75e712ab0:c2442, c447b9b6-dde2-4ce7-aa81-d0e2eddc8fe9:c2438, 28b540ac-241d-462a-a56c-509e92928066:c2438]
2019-08-20 22:34:29,436 | INFO  | DNAudit | user=null | ip=null | op=WRITE_CHUNK {blockData=conID: 1 locID: 102651689001812480 bcsId: 0} | ret=SUCCESS |  
2019-08-20 22:34:29,436 | INFO  | DNAudit | user=null | ip=null | op=PUT_BLOCK {blockData=[blockId=conID: 1 locID: 102651689001812480 bcsId: 0,size=1048576]} | ret=SUCCESS |  
2019-08-20 22:34:29,436 | INFO  | DNAudit | user=null | ip=null | op=WRITE_CHUNK {blockData=conID: 1 locID: 102651689001812480 bcsId: 0} | ret=SUCCESS |  
2019-08-20 22:34:29,437 | INFO  | DNAudit | user=null | ip=null | op=PUT_BLOCK {blockData=[blockId=conID: 1 locID: 102651689001812480 bcsId: 0,size=1048576]} | ret=SUCCESS |  
2019-08-20 22:34:29,437 [grpc-default-executor-1] INFO  client.GrpcClientProtocolClient (GrpcClientProtocolClient.java:onNext(255)) - client-391BA870FC40->947ec526-030f-41cc-8af7-a6f75e712ab0: receive RaftClientReply:client-391BA870FC40->947ec526-030f-41cc-8af7-a6f75e712ab0@group-5D45C35602B2, cid=1690, SUCCESS, logIndex=0, commits[947ec526-030f-41cc-8af7-a6f75e712ab0:c2443, c447b9b6-dde2-4ce7-aa81-d0e2eddc8fe9:c2440, 28b540ac-241d-462a-a56c-509e92928066:c2440]
2019-08-20 22:34:29,442 | INFO  | DNAudit | user=null | ip=null | op=WRITE_CHUNK {blockData=conID: 1 locID: 102651689001812480 bcsId: 2442} | ret=SUCCESS |  
2019-08-20 22:34:29,445 | INFO  | DNAudit | user=null | ip=null | op=WRITE_CHUNK {blockData=conID: 1 locID: 102651689001812480 bcsId: 2442} | ret=SUCCESS |  
2019-08-20 22:34:29,445 | INFO  | DNAudit | user=null | ip=null | op=WRITE_CHUNK {blockData=conID: 1 locID: 102651689001812480 bcsId: 2442} | ret=SUCCESS |  
2019-08-20 22:34:29,449 | INFO  | DNAudit | user=null | ip=null | op=WRITE_CHUNK {blockData=conID: 1 locID: 102651689001812480 bcsId: 0} | ret=SUCCESS |  
2019-08-20 22:34:29,449 | INFO  | DNAudit | user=null | ip=null | op=WRITE_CHUNK {blockData=conID: 1 locID: 102651689001812480 bcsId: 0} | ret=SUCCESS |  
2019-08-20 22:34:29,450 | INFO  | DNAudit | user=null | ip=null | op=PUT_BLOCK {blockData=[blockId=conID: 1 locID: 102651689001812480 bcsId: 0,size=2097152]} | ret=SUCCESS |  
2019-08-20 22:34:29,450 | INFO  | DNAudit | user=null | ip=null | op=PUT_BLOCK {blockData=[blockId=conID: 1 locID: 102651689001812480 bcsId: 0,size=2097152]} | ret=SUCCESS |  
2019-08-20 22:34:29,462 | INFO  | DNAudit | user=null | ip=null | op=WRITE_CHUNK {blockData=conID: 1 locID: 102651689001812480 bcsId: 2442} | ret=SUCCESS |  
2019-08-20 22:34:29,463 | INFO  | DNAudit | user=null | ip=null | op=PUT_BLOCK {blockData=[blockId=conID: 1 locID: 102651689001812480 bcsId: 0,size=3145728]} | ret=SUCCESS |  
2019-08-20 22:34:29,463 [grpc-default-executor-1] INFO  client.GrpcClientProtocolClient (GrpcClientProtocolClient.java:onNext(255)) - client-391BA870FC40->947ec526-030f-41cc-8af7-a6f75e712ab0: receive RaftClientReply:client-391BA870FC40->947ec526-030f-41cc-8af7-a6f75e712ab0@group-5D45C35602B2, cid=1691, SUCCESS, logIndex=2447, commits[947ec526-030f-41cc-8af7-a6f75e712ab0:c2448, c447b9b6-dde2-4ce7-aa81-d0e2eddc8fe9:c2443, 28b540ac-241d-462a-a56c-509e92928066:c2443]
2019-08-20 22:34:29,464 [grpc-default-executor-1] INFO  client.GrpcClientProtocolClient (GrpcClientProtocolClient.java:onNext(255)) - client-391BA870FC40->947ec526-030f-41cc-8af7-a6f75e712ab0: receive RaftClientReply:client-391BA870FC40->947ec526-030f-41cc-8af7-a6f75e712ab0@group-5D45C35602B2, cid=1692, SUCCESS, logIndex=2448, commits[947ec526-030f-41cc-8af7-a6f75e712ab0:c2448, c447b9b6-dde2-4ce7-aa81-d0e2eddc8fe9:c2443, 28b540ac-241d-462a-a56c-509e92928066:c2443]
2019-08-20 22:34:29,471 | INFO  | DNAudit | user=null | ip=null | op=WRITE_CHUNK {blockData=conID: 1 locID: 102651689001812480 bcsId: 2448} | ret=SUCCESS |  
2019-08-20 22:34:29,473 | INFO  | DNAudit | user=null | ip=null | op=WRITE_CHUNK {blockData=conID: 1 locID: 102651689001812480 bcsId: 2448} | ret=SUCCESS |  
2019-08-20 22:34:29,473 | INFO  | DNAudit | user=null | ip=null | op=WRITE_CHUNK {blockData=conID: 1 locID: 102651689001812480 bcsId: 2448} | ret=SUCCESS |  
2019-08-20 22:34:29,481 | INFO  | DNAudit | user=null | ip=null | op=WRITE_CHUNK {blockData=conID: 1 locID: 102651689001812480 bcsId: 2442} | ret=SUCCESS |  
2019-08-20 22:34:29,481 | INFO  | DNAudit | user=null | ip=null | op=WRITE_CHUNK {blockData=conID: 1 locID: 102651689001812480 bcsId: 2442} | ret=SUCCESS |  
2019-08-20 22:34:29,490 | INFO  | DNAudit | user=null | ip=null | op=PUT_BLOCK {blockData=[blockId=conID: 1 locID: 102651689001812480 bcsId: 0,size=3145728]} | ret=SUCCESS |  
2019-08-20 22:34:29,490 | INFO  | DNAudit | user=null | ip=null | op=PUT_BLOCK {blockData=[blockId=conID: 1 locID: 102651689001812480 bcsId: 0,size=3145728]} | ret=SUCCESS |  
2019-08-20 22:34:29,491 | INFO  | DNAudit | user=null | ip=null | op=WRITE_CHUNK {blockData=conID: 1 locID: 102651689001812480 bcsId: 2448} | ret=SUCCESS |  
2019-08-20 22:34:29,491 | INFO  | DNAudit | user=null | ip=null | op=PUT_BLOCK {blockData=[blockId=conID: 1 locID: 102651689001812480 bcsId: 0,size=4194304]} | ret=SUCCESS |  
2019-08-20 22:34:29,492 [grpc-default-executor-3] INFO  client.GrpcClientProtocolClient (GrpcClientProtocolClient.java:onNext(255)) - client-391BA870FC40->947ec526-030f-41cc-8af7-a6f75e712ab0: receive RaftClientReply:client-391BA870FC40->947ec526-030f-41cc-8af7-a6f75e712ab0@group-5D45C35602B2, cid=1693, SUCCESS, logIndex=2451, commits[947ec526-030f-41cc-8af7-a6f75e712ab0:c2452, c447b9b6-dde2-4ce7-aa81-d0e2eddc8fe9:c2448, 28b540ac-241d-462a-a56c-509e92928066:c2448]
2019-08-20 22:34:29,492 [grpc-default-executor-3] INFO  client.GrpcClientProtocolClient (GrpcClientProtocolClient.java:onNext(255)) - client-391BA870FC40->947ec526-030f-41cc-8af7-a6f75e712ab0: receive RaftClientReply:client-391BA870FC40->947ec526-030f-41cc-8af7-a6f75e712ab0@group-5D45C35602B2, cid=1694, SUCCESS, logIndex=2452, commits[947ec526-030f-41cc-8af7-a6f75e712ab0:c2452, c447b9b6-dde2-4ce7-aa81-d0e2eddc8fe9:c2448, 28b540ac-241d-462a-a56c-509e92928066:c2448]
2019-08-20 22:34:29,502 | INFO  | DNAudit | user=null | ip=null | op=WRITE_CHUNK {blockData=conID: 1 locID: 102651689001812480 bcsId: 2448} | ret=SUCCESS |  
2019-08-20 22:34:29,503 | INFO  | DNAudit | user=null | ip=null | op=WRITE_CHUNK {blockData=conID: 1 locID: 102651689001812480 bcsId: 2448} | ret=SUCCESS |  
2019-08-20 22:34:29,503 | INFO  | DNAudit | user=null | ip=null | op=PUT_BLOCK {blockData=[blockId=conID: 1 locID: 102651689001812480 bcsId: 0,size=4194304]} | ret=SUCCESS |  
2019-08-20 22:34:29,503 | INFO  | DNAudit | user=null | ip=null | op=PUT_BLOCK {blockData=[blockId=conID: 1 locID: 102651689001812480 bcsId: 0,size=4194304]} | ret=SUCCESS |  
2019-08-20 22:34:29,503 [grpc-default-executor-3] INFO  client.GrpcClientProtocolClient (GrpcClientProtocolClient.java:onNext(255)) - client-391BA870FC40->947ec526-030f-41cc-8af7-a6f75e712ab0: receive RaftClientReply:client-391BA870FC40->947ec526-030f-41cc-8af7-a6f75e712ab0@group-5D45C35602B2, cid=1695, SUCCESS, logIndex=0, commits[947ec526-030f-41cc-8af7-a6f75e712ab0:c2453, c447b9b6-dde2-4ce7-aa81-d0e2eddc8fe9:c2452, 28b540ac-241d-462a-a56c-509e92928066:c2452]
2019-08-20 22:34:29,508 | INFO  | SCMAudit | user=jenkins1000 | ip=192.168.5.142 | op=ALLOCATE_BLOCK {owner=6f694d07-2a2f-44d9-8e1c-aaa094a2f647, size=4194304, type=RATIS, factor=THREE} | ret=SUCCESS |  
2019-08-20 22:34:29,511 | INFO  | OMAudit | user=jenkins1000 | ip=127.0.0.1 | op=ALLOCATE_BLOCK {volume=vol-0-80747, bucket=bucket-0-27686, key=key-0-47435, dataSize=0, replicationType=null, replicationFactor=null, keyLocationInfo=null, clientID=102651687805452690} | ret=SUCCESS |  
2019-08-20 22:34:29,519 | INFO  | DNAudit | user=null | ip=null | op=WRITE_CHUNK {blockData=conID: 2 locID: 102651689009676801 bcsId: 0} | ret=SUCCESS |  
2019-08-20 22:34:29,520 | INFO  | DNAudit | user=null | ip=null | op=WRITE_CHUNK {blockData=conID: 2 locID: 102651689009676801 bcsId: 0} | ret=SUCCESS |  
2019-08-20 22:34:29,521 | INFO  | DNAudit | user=null | ip=null | op=WRITE_CHUNK {blockData=conID: 2 locID: 102651689009676801 bcsId: 0} | ret=SUCCESS |  
2019-08-20 22:34:29,522 | INFO  | DNAudit | user=null | ip=null | op=WRITE_CHUNK {blockData=conID: 2 locID: 102651689009676801 bcsId: 0} | ret=SUCCESS |  
2019-08-20 22:34:29,524 | INFO  | DNAudit | user=null | ip=null | op=WRITE_CHUNK {blockData=conID: 2 locID: 102651689009676801 bcsId: 0} | ret=SUCCESS |  
2019-08-20 22:34:29,525 | INFO  | DNAudit | user=null | ip=null | op=WRITE_CHUNK {blockData=conID: 2 locID: 102651689009676801 bcsId: 0} | ret=SUCCESS |  
2019-08-20 22:34:29,532 | INFO  | DNAudit | user=null | ip=null | op=WRITE_CHUNK {blockData=conID: 2 locID: 102651689009676801 bcsId: 0} | ret=SUCCESS |  
2019-08-20 22:34:29,532 | INFO  | DNAudit | user=null | ip=null | op=PUT_BLOCK {blockData=[blockId=conID: 2 locID: 102651689009676801 bcsId: 0,size=1048576]} | ret=SUCCESS |  
2019-08-20 22:34:29,532 [grpc-default-executor-3] INFO  client.GrpcClientProtocolClient (GrpcClientProtocolClient.java:onNext(255)) - client-391BA870FC40->947ec526-030f-41cc-8af7-a6f75e712ab0: receive RaftClientReply:client-391BA870FC40->947ec526-030f-41cc-8af7-a6f75e712ab0@group-5D45C35602B2, cid=1696, SUCCESS, logIndex=2455, commits[947ec526-030f-41cc-8af7-a6f75e712ab0:c2456, c447b9b6-dde2-4ce7-aa81-d0e2eddc8fe9:c2454, 28b540ac-241d-462a-a56c-509e92928066:c2454]
2019-08-20 22:34:29,532 [grpc-default-executor-3] INFO  client.GrpcClientProtocolClient (GrpcClientProtocolClient.java:onNext(255)) - client-391BA870FC40->947ec526-030f-41cc-8af7-a6f75e712ab0: receive RaftClientReply:client-391BA870FC40->947ec526-030f-41cc-8af7-a6f75e712ab0@group-5D45C35602B2, cid=1697, SUCCESS, logIndex=2456, commits[947ec526-030f-41cc-8af7-a6f75e712ab0:c2456, c447b9b6-dde2-4ce7-aa81-d0e2eddc8fe9:c2454, 28b540ac-241d-462a-a56c-509e92928066:c2454]
2019-08-20 22:34:29,542 | INFO  | DNAudit | user=null | ip=null | op=WRITE_CHUNK {blockData=conID: 2 locID: 102651689009676801 bcsId: 0} | ret=SUCCESS |  
2019-08-20 22:34:29,542 | INFO  | DNAudit | user=null | ip=null | op=PUT_BLOCK {blockData=[blockId=conID: 2 locID: 102651689009676801 bcsId: 0,size=2097152]} | ret=SUCCESS |  
2019-08-20 22:34:29,542 [grpc-default-executor-2] INFO  client.GrpcClientProtocolClient (GrpcClientProtocolClient.java:onNext(255)) - client-391BA870FC40->947ec526-030f-41cc-8af7-a6f75e712ab0: receive RaftClientReply:client-391BA870FC40->947ec526-030f-41cc-8af7-a6f75e712ab0@group-5D45C35602B2, cid=1698, SUCCESS, logIndex=2457, commits[947ec526-030f-41cc-8af7-a6f75e712ab0:c2458, c447b9b6-dde2-4ce7-aa81-d0e2eddc8fe9:c2454, 28b540ac-241d-462a-a56c-509e92928066:c2454]
2019-08-20 22:34:29,542 [grpc-default-executor-2] INFO  client.GrpcClientProtocolClient (GrpcClientProtocolClient.java:onNext(255)) - client-391BA870FC40->947ec526-030f-41cc-8af7-a6f75e712ab0: receive RaftClientReply:client-391BA870FC40->947ec526-030f-41cc-8af7-a6f75e712ab0@group-5D45C35602B2, cid=1699, SUCCESS, logIndex=2458, commits[947ec526-030f-41cc-8af7-a6f75e712ab0:c2458, c447b9b6-dde2-4ce7-aa81-d0e2eddc8fe9:c2454, 28b540ac-241d-462a-a56c-509e92928066:c2454]
2019-08-20 22:34:29,543 | INFO  | DNAudit | user=null | ip=null | op=WRITE_CHUNK {blockData=conID: 2 locID: 102651689009676801 bcsId: 0} | ret=SUCCESS |  
2019-08-20 22:34:29,543 | INFO  | DNAudit | user=null | ip=null | op=PUT_BLOCK {blockData=[blockId=conID: 2 locID: 102651689009676801 bcsId: 0,size=1048576]} | ret=SUCCESS |  
2019-08-20 22:34:29,543 | INFO  | DNAudit | user=null | ip=null | op=WRITE_CHUNK {blockData=conID: 2 locID: 102651689009676801 bcsId: 0} | ret=SUCCESS |  
2019-08-20 22:34:29,544 | INFO  | DNAudit | user=null | ip=null | op=WRITE_CHUNK {blockData=conID: 2 locID: 102651689009676801 bcsId: 0} | ret=SUCCESS |  
2019-08-20 22:34:29,544 | INFO  | DNAudit | user=null | ip=null | op=PUT_BLOCK {blockData=[blockId=conID: 2 locID: 102651689009676801 bcsId: 0,size=1048576]} | ret=SUCCESS |  
2019-08-20 22:34:29,544 | INFO  | DNAudit | user=null | ip=null | op=PUT_BLOCK {blockData=[blockId=conID: 2 locID: 102651689009676801 bcsId: 0,size=2097152]} | ret=SUCCESS |  
2019-08-20 22:34:29,544 | INFO  | DNAudit | user=null | ip=null | op=WRITE_CHUNK {blockData=conID: 2 locID: 102651689009676801 bcsId: 0} | ret=SUCCESS |  
2019-08-20 22:34:29,544 | INFO  | DNAudit | user=null | ip=null | op=PUT_BLOCK {blockData=[blockId=conID: 2 locID: 102651689009676801 bcsId: 0,size=2097152]} | ret=SUCCESS |  
2019-08-20 22:34:29,544 [grpc-default-executor-3] INFO  client.GrpcClientProtocolClient (GrpcClientProtocolClient.java:onNext(255)) - client-391BA870FC40->947ec526-030f-41cc-8af7-a6f75e712ab0: receive RaftClientReply:client-391BA870FC40->947ec526-030f-41cc-8af7-a6f75e712ab0@group-5D45C35602B2, cid=1700, SUCCESS, logIndex=0, commits[947ec526-030f-41cc-8af7-a6f75e712ab0:c2461, c447b9b6-dde2-4ce7-aa81-d0e2eddc8fe9:c2456, 28b540ac-241d-462a-a56c-509e92928066:c2458]
2019-08-20 22:34:29,551 | INFO  | DNAudit | user=null | ip=null | op=WRITE_CHUNK {blockData=conID: 2 locID: 102651689009676801 bcsId: 2458} | ret=SUCCESS |  
2019-08-20 22:34:29,552 | INFO  | DNAudit | user=null | ip=null | op=WRITE_CHUNK {blockData=conID: 2 locID: 102651689009676801 bcsId: 2458} | ret=SUCCESS |  
2019-08-20 22:34:29,553 | INFO  | DNAudit | user=null | ip=null | op=WRITE_CHUNK {blockData=conID: 2 locID: 102651689009676801 bcsId: 2458} | ret=SUCCESS |  
2019-08-20 22:34:29,563 | INFO  | DNAudit | user=null | ip=null | op=WRITE_CHUNK {blockData=conID: 2 locID: 102651689009676801 bcsId: 2458} | ret=SUCCESS |  
2019-08-20 22:34:29,564 | INFO  | DNAudit | user=null | ip=null | op=PUT_BLOCK {blockData=[blockId=conID: 2 locID: 102651689009676801 bcsId: 0,size=3145728]} | ret=SUCCESS |  
2019-08-20 22:34:29,564 [grpc-default-executor-2] INFO  client.GrpcClientProtocolClient (GrpcClientProtocolClient.java:onNext(255)) - client-391BA870FC40->947ec526-030f-41cc-8af7-a6f75e712ab0: receive RaftClientReply:client-391BA870FC40->947ec526-030f-41cc-8af7-a6f75e712ab0@group-5D45C35602B2, cid=1701, SUCCESS, logIndex=2463, commits[947ec526-030f-41cc-8af7-a6f75e712ab0:c2464, c447b9b6-dde2-4ce7-aa81-d0e2eddc8fe9:c2462, 28b540ac-241d-462a-a56c-509e92928066:c2462]
2019-08-20 22:34:29,564 [grpc-default-executor-2] INFO  client.GrpcClientProtocolClient (GrpcClientProtocolClient.java:onNext(255)) - client-391BA870FC40->947ec526-030f-41cc-8af7-a6f75e712ab0: receive RaftClientReply:client-391BA870FC40->947ec526-030f-41cc-8af7-a6f75e712ab0@group-5D45C35602B2, cid=1702, SUCCESS, logIndex=2464, commits[947ec526-030f-41cc-8af7-a6f75e712ab0:c2464, c447b9b6-dde2-4ce7-aa81-d0e2eddc8fe9:c2462, 28b540ac-241d-462a-a56c-509e92928066:c2462]
2019-08-20 22:34:29,570 | INFO  | DNAudit | user=null | ip=null | op=WRITE_CHUNK {blockData=conID: 2 locID: 102651689009676801 bcsId: 2464} | ret=SUCCESS |  
2019-08-20 22:34:29,572 | INFO  | DNAudit | user=null | ip=null | op=WRITE_CHUNK {blockData=conID: 2 locID: 102651689009676801 bcsId: 2464} | ret=SUCCESS |  
2019-08-20 22:34:29,573 | INFO  | DNAudit | user=null | ip=null | op=WRITE_CHUNK {blockData=conID: 2 locID: 102651689009676801 bcsId: 2464} | ret=SUCCESS |  
2019-08-20 22:34:29,577 | INFO  | DNAudit | user=null | ip=null | op=WRITE_CHUNK {blockData=conID: 2 locID: 102651689009676801 bcsId: 2458} | ret=SUCCESS |  
2019-08-20 22:34:29,577 | INFO  | DNAudit | user=null | ip=null | op=WRITE_CHUNK {blockData=conID: 2 locID: 102651689009676801 bcsId: 2458} | ret=SUCCESS |  
2019-08-20 22:34:29,588 | INFO  | DNAudit | user=null | ip=null | op=PUT_BLOCK {blockData=[blockId=conID: 2 locID: 102651689009676801 bcsId: 0,size=3145728]} | ret=SUCCESS |  
2019-08-20 22:34:29,588 | INFO  | DNAudit | user=null | ip=null | op=PUT_BLOCK {blockData=[blockId=conID: 2 locID: 102651689009676801 bcsId: 0,size=3145728]} | ret=SUCCESS |  
2019-08-20 22:34:29,589 | INFO  | DNAudit | user=null | ip=null | op=WRITE_CHUNK {blockData=conID: 2 locID: 102651689009676801 bcsId: 2464} | ret=SUCCESS |  
2019-08-20 22:34:29,589 | INFO  | DNAudit | user=null | ip=null | op=PUT_BLOCK {blockData=[blockId=conID: 2 locID: 102651689009676801 bcsId: 0,size=4194304]} | ret=SUCCESS |  
2019-08-20 22:34:29,589 [grpc-default-executor-3] INFO  client.GrpcClientProtocolClient (GrpcClientProtocolClient.java:onNext(255)) - client-391BA870FC40->947ec526-030f-41cc-8af7-a6f75e712ab0: receive RaftClientReply:client-391BA870FC40->947ec526-030f-41cc-8af7-a6f75e712ab0@group-5D45C35602B2, cid=1703, SUCCESS, logIndex=2467, commits[947ec526-030f-41cc-8af7-a6f75e712ab0:c2468, c447b9b6-dde2-4ce7-aa81-d0e2eddc8fe9:c2464, 28b540ac-241d-462a-a56c-509e92928066:c2464]
2019-08-20 22:34:29,590 [grpc-default-executor-3] INFO  client.GrpcClientProtocolClient (GrpcClientProtocolClient.java:onNext(255)) - client-391BA870FC40->947ec526-030f-41cc-8af7-a6f75e712ab0: receive RaftClientReply:client-391BA870FC40->947ec526-030f-41cc-8af7-a6f75e712ab0@group-5D45C35602B2, cid=1704, SUCCESS, logIndex=2468, commits[947ec526-030f-41cc-8af7-a6f75e712ab0:c2468, c447b9b6-dde2-4ce7-aa81-d0e2eddc8fe9:c2464, 28b540ac-241d-462a-a56c-509e92928066:c2464]
2019-08-20 22:34:29,600 | INFO  | DNAudit | user=null | ip=null | op=WRITE_CHUNK {blockData=conID: 2 locID: 102651689009676801 bcsId: 2464} | ret=SUCCESS |  
2019-08-20 22:34:29,600 | INFO  | DNAudit | user=null | ip=null | op=WRITE_CHUNK {blockData=conID: 2 locID: 102651689009676801 bcsId: 2464} | ret=SUCCESS |  
2019-08-20 22:34:29,603 | INFO  | DNAudit | user=null | ip=null | op=PUT_BLOCK {blockData=[blockId=conID: 2 locID: 102651689009676801 bcsId: 0,size=4194304]} | ret=SUCCESS |  
2019-08-20 22:34:29,603 | INFO  | DNAudit | user=null | ip=null | op=PUT_BLOCK {blockData=[blockId=conID: 2 locID: 102651689009676801 bcsId: 0,size=4194304]} | ret=SUCCESS |  
2019-08-20 22:34:29,604 [grpc-default-executor-2] INFO  client.GrpcClientProtocolClient (GrpcClientProtocolClient.java:onNext(255)) - client-391BA870FC40->947ec526-030f-41cc-8af7-a6f75e712ab0: receive RaftClientReply:client-391BA870FC40->947ec526-030f-41cc-8af7-a6f75e712ab0@group-5D45C35602B2, cid=1705, SUCCESS, logIndex=0, commits[947ec526-030f-41cc-8af7-a6f75e712ab0:c2470, c447b9b6-dde2-4ce7-aa81-d0e2eddc8fe9:c2468, 28b540ac-241d-462a-a56c-509e92928066:c2468]
2019-08-20 22:34:29,607 | INFO  | SCMAudit | user=jenkins1000 | ip=192.168.5.142 | op=ALLOCATE_BLOCK {owner=6f694d07-2a2f-44d9-8e1c-aaa094a2f647, size=4194304, type=RATIS, factor=THREE} | ret=SUCCESS |  
2019-08-20 22:34:29,610 | INFO  | OMAudit | user=jenkins1000 | ip=127.0.0.1 | op=ALLOCATE_BLOCK {volume=vol-0-80747, bucket=bucket-0-27686, key=key-0-47435, dataSize=0, replicationType=null, replicationFactor=null, keyLocationInfo=null, clientID=102651687805452690} | ret=SUCCESS |  
2019-08-20 22:34:29,615 | INFO  | DNAudit | user=null | ip=null | op=WRITE_CHUNK {blockData=conID: 3 locID: 102651689016164866 bcsId: 0} | ret=SUCCESS |  
2019-08-20 22:34:29,618 | INFO  | DNAudit | user=null | ip=null | op=WRITE_CHUNK {blockData=conID: 3 locID: 102651689016164866 bcsId: 0} | ret=SUCCESS |  
2019-08-20 22:34:29,618 | INFO  | DNAudit | user=null | ip=null | op=WRITE_CHUNK {blockData=conID: 3 locID: 102651689016164866 bcsId: 0} | ret=SUCCESS |  
2019-08-20 22:34:29,618 | INFO  | DNAudit | user=null | ip=null | op=WRITE_CHUNK {blockData=conID: 3 locID: 102651689016164866 bcsId: 0} | ret=SUCCESS |  
2019-08-20 22:34:29,619 | INFO  | DNAudit | user=null | ip=null | op=WRITE_CHUNK {blockData=conID: 3 locID: 102651689016164866 bcsId: 0} | ret=SUCCESS |  
2019-08-20 22:34:29,620 | INFO  | DNAudit | user=null | ip=null | op=WRITE_CHUNK {blockData=conID: 3 locID: 102651689016164866 bcsId: 0} | ret=SUCCESS |  
2019-08-20 22:34:29,629 | INFO  | SCMAudit | user=jenkins1000 | ip=192.168.5.142 | op=SEND_HEARTBEAT {datanodeUUID=d55cd342-4e6c-4701-86f3-cb557f3478dc, command=[]} | ret=SUCCESS |  
2019-08-20 22:34:29,629 | INFO  | DNAudit | user=null | ip=null | op=WRITE_CHUNK {blockData=conID: 3 locID: 102651689016164866 bcsId: 0} | ret=SUCCESS |  
2019-08-20 22:34:29,630 | INFO  | DNAudit | user=null | ip=null | op=PUT_BLOCK {blockData=[blockId=conID: 3 locID: 102651689016164866 bcsId: 0,size=1048576]} | ret=SUCCESS |  
2019-08-20 22:34:29,630 [grpc-default-executor-3] INFO  client.GrpcClientProtocolClient (GrpcClientProtocolClient.java:onNext(255)) - client-391BA870FC40->947ec526-030f-41cc-8af7-a6f75e712ab0: receive RaftClientReply:client-391BA870FC40->947ec526-030f-41cc-8af7-a6f75e712ab0@group-5D45C35602B2, cid=1706, SUCCESS, logIndex=2471, commits[947ec526-030f-41cc-8af7-a6f75e712ab0:c2472, c447b9b6-dde2-4ce7-aa81-d0e2eddc8fe9:c2470, 28b540ac-241d-462a-a56c-509e92928066:c2470]
2019-08-20 22:34:29,630 [grpc-default-executor-3] INFO  client.GrpcClientProtocolClient (GrpcClientProtocolClient.java:onNext(255)) - client-391BA870FC40->947ec526-030f-41cc-8af7-a6f75e712ab0: receive RaftClientReply:client-391BA870FC40->947ec526-030f-41cc-8af7-a6f75e712ab0@group-5D45C35602B2, cid=1707, SUCCESS, logIndex=2472, commits[947ec526-030f-41cc-8af7-a6f75e712ab0:c2472, c447b9b6-dde2-4ce7-aa81-d0e2eddc8fe9:c2470, 28b540ac-241d-462a-a56c-509e92928066:c2470]
2019-08-20 22:34:29,640 | INFO  | DNAudit | user=null | ip=null | op=WRITE_CHUNK {blockData=conID: 3 locID: 102651689016164866 bcsId: 0} | ret=SUCCESS |  
2019-08-20 22:34:29,640 | INFO  | DNAudit | user=null | ip=null | op=PUT_BLOCK {blockData=[blockId=conID: 3 locID: 102651689016164866 bcsId: 0,size=2097152]} | ret=SUCCESS |  
2019-08-20 22:34:29,640 [grpc-default-executor-3] INFO  client.GrpcClientProtocolClient (GrpcClientProtocolClient.java:onNext(255)) - client-391BA870FC40->947ec526-030f-41cc-8af7-a6f75e712ab0: receive RaftClientReply:client-391BA870FC40->947ec526-030f-41cc-8af7-a6f75e712ab0@group-5D45C35602B2, cid=1708, SUCCESS, logIndex=2473, commits[947ec526-030f-41cc-8af7-a6f75e712ab0:c2474, c447b9b6-dde2-4ce7-aa81-d0e2eddc8fe9:c2470, 28b540ac-241d-462a-a56c-509e92928066:c2470]
2019-08-20 22:34:29,641 [grpc-default-executor-3] INFO  client.GrpcClientProtocolClient (GrpcClientProtocolClient.java:onNext(255)) - client-391BA870FC40->947ec526-030f-41cc-8af7-a6f75e712ab0: receive RaftClientReply:client-391BA870FC40->947ec526-030f-41cc-8af7-a6f75e712ab0@group-5D45C35602B2, cid=1709, SUCCESS, logIndex=2474, commits[947ec526-030f-41cc-8af7-a6f75e712ab0:c2474, c447b9b6-dde2-4ce7-aa81-d0e2eddc8fe9:c2470, 28b540ac-241d-462a-a56c-509e92928066:c2470]
2019-08-20 22:34:29,642 | INFO  | DNAudit | user=null | ip=null | op=WRITE_CHUNK {blockData=conID: 3 locID: 102651689016164866 bcsId: 0} | ret=SUCCESS |  
2019-08-20 22:34:29,642 | INFO  | DNAudit | user=null | ip=null | op=WRITE_CHUNK {blockData=conID: 3 locID: 102651689016164866 bcsId: 0} | ret=SUCCESS |  
2019-08-20 22:34:29,642 | INFO  | DNAudit | user=null | ip=null | op=PUT_BLOCK {blockData=[blockId=conID: 3 locID: 102651689016164866 bcsId: 0,size=1048576]} | ret=SUCCESS |  
2019-08-20 22:34:29,655 | INFO  | DNAudit | user=null | ip=null | op=PUT_BLOCK {blockData=[blockId=conID: 3 locID: 102651689016164866 bcsId: 0,size=1048576]} | ret=SUCCESS |  
2019-08-20 22:34:29,655 [grpc-default-executor-3] INFO  client.GrpcClientProtocolClient (GrpcClientProtocolClient.java:onNext(255)) - client-391BA870FC40->947ec526-030f-41cc-8af7-a6f75e712ab0: receive RaftClientReply:client-391BA870FC40->947ec526-030f-41cc-8af7-a6f75e712ab0@group-5D45C35602B2, cid=1710, SUCCESS, logIndex=0, commits[947ec526-030f-41cc-8af7-a6f75e712ab0:c2476, c447b9b6-dde2-4ce7-aa81-d0e2eddc8fe9:c2472, 28b540ac-241d-462a-a56c-509e92928066:c2472]
2019-08-20 22:34:29,661 | INFO  | DNAudit | user=null | ip=null | op=WRITE_CHUNK {blockData=conID: 3 locID: 102651689016164866 bcsId: 2474} | ret=SUCCESS |  
2019-08-20 22:34:29,663 | INFO  | DNAudit | user=null | ip=null | op=WRITE_CHUNK {blockData=conID: 3 locID: 102651689016164866 bcsId: 2474} | ret=SUCCESS |  
2019-08-20 22:34:29,664 | INFO  | DNAudit | user=null | ip=null | op=WRITE_CHUNK {blockData=conID: 3 locID: 102651689016164866 bcsId: 2474} | ret=SUCCESS |  
2019-08-20 22:34:29,674 | INFO  | DNAudit | user=null | ip=null | op=WRITE_CHUNK {blockData=conID: 3 locID: 102651689016164866 bcsId: 0} | ret=SUCCESS |  
2019-08-20 22:34:29,675 | INFO  | DNAudit | user=null | ip=null | op=WRITE_CHUNK {blockData=conID: 3 locID: 102651689016164866 bcsId: 0} | ret=SUCCESS |  
2019-08-20 22:34:29,675 | INFO  | DNAudit | user=null | ip=null | op=PUT_BLOCK {blockData=[blockId=conID: 3 locID: 102651689016164866 bcsId: 0,size=2097152]} | ret=SUCCESS |  
2019-08-20 22:34:29,675 | INFO  | DNAudit | user=null | ip=null | op=WRITE_CHUNK {blockData=conID: 3 locID: 102651689016164866 bcsId: 2474} | ret=SUCCESS |  
2019-08-20 22:34:29,675 | INFO  | DNAudit | user=null | ip=null | op=PUT_BLOCK {blockData=[blockId=conID: 3 locID: 102651689016164866 bcsId: 0,size=2097152]} | ret=SUCCESS |  
2019-08-20 22:34:29,675 | INFO  | DNAudit | user=null | ip=null | op=PUT_BLOCK {blockData=[blockId=conID: 3 locID: 102651689016164866 bcsId: 0,size=3145728]} | ret=SUCCESS |  
2019-08-20 22:34:29,675 [grpc-default-executor-3] INFO  client.GrpcClientProtocolClient (GrpcClientProtocolClient.java:onNext(255)) - client-391BA870FC40->947ec526-030f-41cc-8af7-a6f75e712ab0: receive RaftClientReply:client-391BA870FC40->947ec526-030f-41cc-8af7-a6f75e712ab0@group-5D45C35602B2, cid=1711, SUCCESS, logIndex=2479, commits[947ec526-030f-41cc-8af7-a6f75e712ab0:c2480, c447b9b6-dde2-4ce7-aa81-d0e2eddc8fe9:c2478, 28b540ac-241d-462a-a56c-509e92928066:c2478]
2019-08-20 22:34:29,676 [grpc-default-executor-3] INFO  client.GrpcClientProtocolClient (GrpcClientProtocolClient.java:onNext(255)) - client-391BA870FC40->947ec526-030f-41cc-8af7-a6f75e712ab0: receive RaftClientReply:client-391BA870FC40->947ec526-030f-41cc-8af7-a6f75e712ab0@group-5D45C35602B2, cid=1712, SUCCESS, logIndex=2480, commits[947ec526-030f-41cc-8af7-a6f75e712ab0:c2480, c447b9b6-dde2-4ce7-aa81-d0e2eddc8fe9:c2478, 28b540ac-241d-462a-a56c-509e92928066:c2478]
2019-08-20 22:34:29,681 | INFO  | DNAudit | user=null | ip=null | op=WRITE_CHUNK {blockData=conID: 3 locID: 102651689016164866 bcsId: 2480} | ret=SUCCESS |  
2019-08-20 22:34:29,683 | INFO  | DNAudit | user=null | ip=null | op=WRITE_CHUNK {blockData=conID: 3 locID: 102651689016164866 bcsId: 2480} | ret=SUCCESS |  
2019-08-20 22:34:29,686 | INFO  | DNAudit | user=null | ip=null | op=WRITE_CHUNK {blockData=conID: 3 locID: 102651689016164866 bcsId: 2480} | ret=SUCCESS |  
2019-08-20 22:34:29,688 | INFO  | DNAudit | user=null | ip=null | op=WRITE_CHUNK {blockData=conID: 3 locID: 102651689016164866 bcsId: 2474} | ret=SUCCESS |  
2019-08-20 22:34:29,688 | INFO  | DNAudit | user=null | ip=null | op=WRITE_CHUNK {blockData=conID: 3 locID: 102651689016164866 bcsId: 2474} | ret=SUCCESS |  
2019-08-20 22:34:29,689 | INFO  | DNAudit | user=null | ip=null | op=PUT_BLOCK {blockData=[blockId=conID: 3 locID: 102651689016164866 bcsId: 0,size=3145728]} | ret=SUCCESS |  
2019-08-20 22:34:29,689 | INFO  | DNAudit | user=null | ip=null | op=PUT_BLOCK {blockData=[blockId=conID: 3 locID: 102651689016164866 bcsId: 0,size=3145728]} | ret=SUCCESS |  
2019-08-20 22:34:29,703 | INFO  | DNAudit | user=null | ip=null | op=WRITE_CHUNK {blockData=conID: 3 locID: 102651689016164866 bcsId: 2480} | ret=SUCCESS |  
2019-08-20 22:34:29,703 | INFO  | DNAudit | user=null | ip=null | op=PUT_BLOCK {blockData=[blockId=conID: 3 locID: 102651689016164866 bcsId: 0,size=4194304]} | ret=SUCCESS |  
2019-08-20 22:34:29,703 [grpc-default-executor-3] INFO  client.GrpcClientProtocolClient (GrpcClientProtocolClient.java:onNext(255)) - client-391BA870FC40->947ec526-030f-41cc-8af7-a6f75e712ab0: receive RaftClientReply:client-391BA870FC40->947ec526-030f-41cc-8af7-a6f75e712ab0@group-5D45C35602B2, cid=1713, SUCCESS, logIndex=2483, commits[947ec526-030f-41cc-8af7-a6f75e712ab0:c2484, c447b9b6-dde2-4ce7-aa81-d0e2eddc8fe9:c2480, 28b540ac-241d-462a-a56c-509e92928066:c2480]
2019-08-20 22:34:29,703 [grpc-default-executor-3] INFO  client.GrpcClientProtocolClient (GrpcClientProtocolClient.java:onNext(255)) - client-391BA870FC40->947ec526-030f-41cc-8af7-a6f75e712ab0: receive RaftClientReply:client-391BA870FC40->947ec526-030f-41cc-8af7-a6f75e712ab0@group-5D45C35602B2, cid=1714, SUCCESS, logIndex=2484, commits[947ec526-030f-41cc-8af7-a6f75e712ab0:c2484, c447b9b6-dde2-4ce7-aa81-d0e2eddc8fe9:c2480, 28b540ac-241d-462a-a56c-509e92928066:c2480]
2019-08-20 22:34:29,715 | INFO  | DNAudit | user=null | ip=null | op=WRITE_CHUNK {blockData=conID: 3 locID: 102651689016164866 bcsId: 2480} | ret=SUCCESS |  
2019-08-20 22:34:29,716 | INFO  | DNAudit | user=null | ip=null | op=WRITE_CHUNK {blockData=conID: 3 locID: 102651689016164866 bcsId: 2480} | ret=SUCCESS |  
2019-08-20 22:34:29,729 | INFO  | DNAudit | user=null | ip=null | op=PUT_BLOCK {blockData=[blockId=conID: 3 locID: 102651689016164866 bcsId: 0,size=4194304]} | ret=SUCCESS |  
2019-08-20 22:34:29,729 | INFO  | DNAudit | user=null | ip=null | op=PUT_BLOCK {blockData=[blockId=conID: 3 locID: 102651689016164866 bcsId: 0,size=4194304]} | ret=SUCCESS |  
2019-08-20 22:34:29,729 [grpc-default-executor-2] INFO  client.GrpcClientProtocolClient (GrpcClientProtocolClient.java:onNext(255)) - client-391BA870FC40->947ec526-030f-41cc-8af7-a6f75e712ab0: receive RaftClientReply:client-391BA870FC40->947ec526-030f-41cc-8af7-a6f75e712ab0@group-5D45C35602B2, cid=1715, SUCCESS, logIndex=0, commits[947ec526-030f-41cc-8af7-a6f75e712ab0:c2486, c447b9b6-dde2-4ce7-aa81-d0e2eddc8fe9:c2484, 28b540ac-241d-462a-a56c-509e92928066:c2484]
2019-08-20 22:34:29,734 | INFO  | SCMAudit | user=jenkins1000 | ip=192.168.5.142 | op=ALLOCATE_BLOCK {owner=6f694d07-2a2f-44d9-8e1c-aaa094a2f647, size=4194304, type=RATIS, factor=THREE} | ret=SUCCESS |  
2019-08-20 22:34:29,737 | INFO  | OMAudit | user=jenkins1000 | ip=127.0.0.1 | op=ALLOCATE_BLOCK {volume=vol-0-80747, bucket=bucket-0-27686, key=key-0-47435, dataSize=0, replicationType=null, replicationFactor=null, keyLocationInfo=null, clientID=102651687805452690} | ret=SUCCESS |  
2019-08-20 22:34:29,744 | INFO  | DNAudit | user=null | ip=null | op=WRITE_CHUNK {blockData=conID: 1 locID: 102651689024422403 bcsId: 0} | ret=SUCCESS |  
2019-08-20 22:34:29,745 | INFO  | DNAudit | user=null | ip=null | op=WRITE_CHUNK {blockData=conID: 1 locID: 102651689024422403 bcsId: 0} | ret=SUCCESS |  
2019-08-20 22:34:29,746 | INFO  | DNAudit | user=null | ip=null | op=WRITE_CHUNK {blockData=conID: 1 locID: 102651689024422403 bcsId: 0} | ret=SUCCESS |  
2019-08-20 22:34:29,746 | INFO  | DNAudit | user=null | ip=null | op=WRITE_CHUNK {blockData=conID: 1 locID: 102651689024422403 bcsId: 0} | ret=SUCCESS |  
2019-08-20 22:34:29,747 | INFO  | DNAudit | user=null | ip=null | op=WRITE_CHUNK {blockData=conID: 1 locID: 102651689024422403 bcsId: 0} | ret=SUCCESS |  
2019-08-20 22:34:29,747 | INFO  | DNAudit | user=null | ip=null | op=WRITE_CHUNK {blockData=conID: 1 locID: 102651689024422403 bcsId: 0} | ret=SUCCESS |  
2019-08-20 22:34:29,759 | INFO  | DNAudit | user=null | ip=null | op=WRITE_CHUNK {blockData=conID: 1 locID: 102651689024422403 bcsId: 0} | ret=SUCCESS |  
2019-08-20 22:34:29,760 | INFO  | DNAudit | user=null | ip=null | op=PUT_BLOCK {blockData=[blockId=conID: 1 locID: 102651689024422403 bcsId: 0,size=1048576]} | ret=SUCCESS |  
2019-08-20 22:34:29,760 | INFO  | DNAudit | user=null | ip=null | op=WRITE_CHUNK {blockData=conID: 1 locID: 102651689024422403 bcsId: 0} | ret=SUCCESS |  
2019-08-20 22:34:29,760 [grpc-default-executor-3] INFO  client.GrpcClientProtocolClient (GrpcClientProtocolClient.java:onNext(255)) - client-391BA870FC40->947ec526-030f-41cc-8af7-a6f75e712ab0: receive RaftClientReply:client-391BA870FC40->947ec526-030f-41cc-8af7-a6f75e712ab0@group-5D45C35602B2, cid=1716, SUCCESS, logIndex=2487, commits[947ec526-030f-41cc-8af7-a6f75e712ab0:c2488, c447b9b6-dde2-4ce7-aa81-d0e2eddc8fe9:c2486, 28b540ac-241d-462a-a56c-509e92928066:c2484]
2019-08-20 22:34:29,760 | INFO  | DNAudit | user=null | ip=null | op=PUT_BLOCK {blockData=[blockId=conID: 1 locID: 102651689024422403 bcsId: 0,size=2097152]} | ret=SUCCESS |  
2019-08-20 22:34:29,760 [grpc-default-executor-3] INFO  client.GrpcClientProtocolClient (GrpcClientProtocolClient.java:onNext(255)) - client-391BA870FC40->947ec526-030f-41cc-8af7-a6f75e712ab0: receive RaftClientReply:client-391BA870FC40->947ec526-030f-41cc-8af7-a6f75e712ab0@group-5D45C35602B2, cid=1717, SUCCESS, logIndex=2488, commits[947ec526-030f-41cc-8af7-a6f75e712ab0:c2490, c447b9b6-dde2-4ce7-aa81-d0e2eddc8fe9:c2486, 28b540ac-241d-462a-a56c-509e92928066:c2486]
2019-08-20 22:34:29,761 [grpc-default-executor-3] INFO  client.GrpcClientProtocolClient (GrpcClientProtocolClient.java:onNext(255)) - client-391BA870FC40->947ec526-030f-41cc-8af7-a6f75e712ab0: receive RaftClientReply:client-391BA870FC40->947ec526-030f-41cc-8af7-a6f75e712ab0@group-5D45C35602B2, cid=1718, SUCCESS, logIndex=2489, commits[947ec526-030f-41cc-8af7-a6f75e712ab0:c2490, c447b9b6-dde2-4ce7-aa81-d0e2eddc8fe9:c2486, 28b540ac-241d-462a-a56c-509e92928066:c2486]
2019-08-20 22:34:29,761 [grpc-default-executor-3] INFO  client.GrpcClientProtocolClient (GrpcClientProtocolClient.java:onNext(255)) - client-391BA870FC40->947ec526-030f-41cc-8af7-a6f75e712ab0: receive RaftClientReply:client-391BA870FC40->947ec526-030f-41cc-8af7-a6f75e712ab0@group-5D45C35602B2, cid=1719, SUCCESS, logIndex=2490, commits[947ec526-030f-41cc-8af7-a6f75e712ab0:c2490, c447b9b6-dde2-4ce7-aa81-d0e2eddc8fe9:c2486, 28b540ac-241d-462a-a56c-509e92928066:c2486]
2019-08-20 22:34:29,762 | INFO  | DNAudit | user=null | ip=null | op=WRITE_CHUNK {blockData=conID: 1 locID: 102651689024422403 bcsId: 0} | ret=SUCCESS |  
2019-08-20 22:34:29,762 | INFO  | DNAudit | user=null | ip=null | op=PUT_BLOCK {blockData=[blockId=conID: 1 locID: 102651689024422403 bcsId: 0,size=1048576]} | ret=SUCCESS |  
2019-08-20 22:34:29,763 | INFO  | DNAudit | user=null | ip=null | op=WRITE_CHUNK {blockData=conID: 1 locID: 102651689024422403 bcsId: 0} | ret=SUCCESS |  
2019-08-20 22:34:29,763 | INFO  | DNAudit | user=null | ip=null | op=PUT_BLOCK {blockData=[blockId=conID: 1 locID: 102651689024422403 bcsId: 0,size=1048576]} | ret=SUCCESS |  
2019-08-20 22:34:29,763 [grpc-default-executor-3] INFO  client.GrpcClientProtocolClient (GrpcClientProtocolClient.java:onNext(255)) - client-391BA870FC40->947ec526-030f-41cc-8af7-a6f75e712ab0: receive RaftClientReply:client-391BA870FC40->947ec526-030f-41cc-8af7-a6f75e712ab0@group-5D45C35602B2, cid=1720, SUCCESS, logIndex=0, commits[947ec526-030f-41cc-8af7-a6f75e712ab0:c2491, c447b9b6-dde2-4ce7-aa81-d0e2eddc8fe9:c2488, 28b540ac-241d-462a-a56c-509e92928066:c2488]
2019-08-20 22:34:29,766 | INFO  | DNAudit | user=null | ip=null | op=WRITE_CHUNK {blockData=conID: 1 locID: 102651689024422403 bcsId: 0} | ret=SUCCESS |  
2019-08-20 22:34:29,766 | INFO  | DNAudit | user=null | ip=null | op=WRITE_CHUNK {blockData=conID: 1 locID: 102651689024422403 bcsId: 0} | ret=SUCCESS |  
2019-08-20 22:34:29,766 | INFO  | DNAudit | user=null | ip=null | op=PUT_BLOCK {blockData=[blockId=conID: 1 locID: 102651689024422403 bcsId: 0,size=2097152]} | ret=SUCCESS |  
2019-08-20 22:34:29,766 | INFO  | DNAudit | user=null | ip=null | op=PUT_BLOCK {blockData=[blockId=conID: 1 locID: 102651689024422403 bcsId: 0,size=2097152]} | ret=SUCCESS |  
2019-08-20 22:34:29,769 | INFO  | DNAudit | user=null | ip=null | op=WRITE_CHUNK {blockData=conID: 1 locID: 102651689024422403 bcsId: 2490} | ret=SUCCESS |  
2019-08-20 22:34:29,771 | INFO  | DNAudit | user=null | ip=null | op=WRITE_CHUNK {blockData=conID: 1 locID: 102651689024422403 bcsId: 2490} | ret=SUCCESS |  
2019-08-20 22:34:29,772 | INFO  | DNAudit | user=null | ip=null | op=WRITE_CHUNK {blockData=conID: 1 locID: 102651689024422403 bcsId: 2490} | ret=SUCCESS |  
2019-08-20 22:34:29,782 | INFO  | DNAudit | user=null | ip=null | op=WRITE_CHUNK {blockData=conID: 1 locID: 102651689024422403 bcsId: 2490} | ret=SUCCESS |  
2019-08-20 22:34:29,783 | INFO  | DNAudit | user=null | ip=null | op=PUT_BLOCK {blockData=[blockId=conID: 1 locID: 102651689024422403 bcsId: 0,size=3145728]} | ret=SUCCESS |  
2019-08-20 22:34:29,783 [grpc-default-executor-1] INFO  client.GrpcClientProtocolClient (GrpcClientProtocolClient.java:onNext(255)) - client-391BA870FC40->947ec526-030f-41cc-8af7-a6f75e712ab0: receive RaftClientReply:client-391BA870FC40->947ec526-030f-41cc-8af7-a6f75e712ab0@group-5D45C35602B2, cid=1721, SUCCESS, logIndex=2494, commits[947ec526-030f-41cc-8af7-a6f75e712ab0:c2495, c447b9b6-dde2-4ce7-aa81-d0e2eddc8fe9:c2493, 28b540ac-241d-462a-a56c-509e92928066:c2493]
2019-08-20 22:34:29,783 [grpc-default-executor-1] INFO  client.GrpcClientProtocolClient (GrpcClientProtocolClient.java:onNext(255)) - client-391BA870FC40->947ec526-030f-41cc-8af7-a6f75e712ab0: receive RaftClientReply:client-391BA870FC40->947ec526-030f-41cc-8af7-a6f75e712ab0@group-5D45C35602B2, cid=1722, SUCCESS, logIndex=2495, commits[947ec526-030f-41cc-8af7-a6f75e712ab0:c2495, c447b9b6-dde2-4ce7-aa81-d0e2eddc8fe9:c2493, 28b540ac-241d-462a-a56c-509e92928066:c2493]
2019-08-20 22:34:29,789 | INFO  | DNAudit | user=null | ip=null | op=WRITE_CHUNK {blockData=conID: 1 locID: 102651689024422403 bcsId: 2495} | ret=SUCCESS |  
2019-08-20 22:34:29,791 | INFO  | DNAudit | user=null | ip=null | op=WRITE_CHUNK {blockData=conID: 1 locID: 102651689024422403 bcsId: 2495} | ret=SUCCESS |  
2019-08-20 22:34:29,791 | INFO  | DNAudit | user=null | ip=null | op=WRITE_CHUNK {blockData=conID: 1 locID: 102651689024422403 bcsId: 2495} | ret=SUCCESS |  
2019-08-20 22:34:29,802 | INFO  | DNAudit | user=null | ip=null | op=WRITE_CHUNK {blockData=conID: 1 locID: 102651689024422403 bcsId: 2490} | ret=SUCCESS |  
2019-08-20 22:34:29,802 | INFO  | DNAudit | user=null | ip=null | op=WRITE_CHUNK {blockData=conID: 1 locID: 102651689024422403 bcsId: 2490} | ret=SUCCESS |  
2019-08-20 22:34:29,802 | INFO  | DNAudit | user=null | ip=null | op=PUT_BLOCK {blockData=[blockId=conID: 1 locID: 102651689024422403 bcsId: 0,size=3145728]} | ret=SUCCESS |  
2019-08-20 22:34:29,802 | INFO  | DNAudit | user=null | ip=null | op=PUT_BLOCK {blockData=[blockId=conID: 1 locID: 102651689024422403 bcsId: 0,size=3145728]} | ret=SUCCESS |  
2019-08-20 22:34:29,805 | INFO  | DNAudit | user=null | ip=null | op=WRITE_CHUNK {blockData=conID: 1 locID: 102651689024422403 bcsId: 2495} | ret=SUCCESS |  
2019-08-20 22:34:29,805 | INFO  | DNAudit | user=null | ip=null | op=PUT_BLOCK {blockData=[blockId=conID: 1 locID: 102651689024422403 bcsId: 0,size=4194304]} | ret=SUCCESS |  
2019-08-20 22:34:29,805 [grpc-default-executor-3] INFO  client.GrpcClientProtocolClient (GrpcClientProtocolClient.java:onNext(255)) - client-391BA870FC40->947ec526-030f-41cc-8af7-a6f75e712ab0: receive RaftClientReply:client-391BA870FC40->947ec526-030f-41cc-8af7-a6f75e712ab0@group-5D45C35602B2, cid=1723, SUCCESS, logIndex=2498, commits[947ec526-030f-41cc-8af7-a6f75e712ab0:c2499, c447b9b6-dde2-4ce7-aa81-d0e2eddc8fe9:c2495, 28b540ac-241d-462a-a56c-509e92928066:c2495]
2019-08-20 22:34:29,805 [grpc-default-executor-3] INFO  client.GrpcClientProtocolClient (GrpcClientProtocolClient.java:onNext(255)) - client-391BA870FC40->947ec526-030f-41cc-8af7-a6f75e712ab0: receive RaftClientReply:client-391BA870FC40->947ec526-030f-41cc-8af7-a6f75e712ab0@group-5D45C35602B2, cid=1724, SUCCESS, logIndex=2499, commits[947ec526-030f-41cc-8af7-a6f75e712ab0:c2499, c447b9b6-dde2-4ce7-aa81-d0e2eddc8fe9:c2495, 28b540ac-241d-462a-a56c-509e92928066:c2495]
2019-08-20 22:34:29,813 | INFO  | DNAudit | user=null | ip=null | op=WRITE_CHUNK {blockData=conID: 1 locID: 102651689024422403 bcsId: 2495} | ret=SUCCESS |  
2019-08-20 22:34:29,813 | INFO  | DNAudit | user=null | ip=null | op=WRITE_CHUNK {blockData=conID: 1 locID: 102651689024422403 bcsId: 2495} | ret=SUCCESS |  
2019-08-20 22:34:29,813 | INFO  | DNAudit | user=null | ip=null | op=PUT_BLOCK {blockData=[blockId=conID: 1 locID: 102651689024422403 bcsId: 0,size=4194304]} | ret=SUCCESS |  
2019-08-20 22:34:29,813 | INFO  | DNAudit | user=null | ip=null | op=PUT_BLOCK {blockData=[blockId=conID: 1 locID: 102651689024422403 bcsId: 0,size=4194304]} | ret=SUCCESS |  
2019-08-20 22:34:29,814 [grpc-default-executor-2] INFO  client.GrpcClientProtocolClient (GrpcClientProtocolClient.java:onNext(255)) - client-391BA870FC40->947ec526-030f-41cc-8af7-a6f75e712ab0: receive RaftClientReply:client-391BA870FC40->947ec526-030f-41cc-8af7-a6f75e712ab0@group-5D45C35602B2, cid=1725, SUCCESS, logIndex=0, commits[947ec526-030f-41cc-8af7-a6f75e712ab0:c2499, c447b9b6-dde2-4ce7-aa81-d0e2eddc8fe9:c2499, 28b540ac-241d-462a-a56c-509e92928066:c2499]
2019-08-20 22:34:29,817 | INFO  | SCMAudit | user=jenkins1000 | ip=192.168.5.142 | op=ALLOCATE_BLOCK {owner=6f694d07-2a2f-44d9-8e1c-aaa094a2f647, size=4194304, type=RATIS, factor=THREE} | ret=SUCCESS |  
2019-08-20 22:34:29,819 | INFO  | OMAudit | user=jenkins1000 | ip=127.0.0.1 | op=ALLOCATE_BLOCK {volume=vol-0-80747, bucket=bucket-0-27686, key=key-0-47435, dataSize=0, replicationType=null, replicationFactor=null, keyLocationInfo=null, clientID=102651687805452690} | ret=SUCCESS |  
2019-08-20 22:34:29,825 | INFO  | DNAudit | user=null | ip=null | op=WRITE_CHUNK {blockData=conID: 2 locID: 102651689029927428 bcsId: 0} | ret=SUCCESS |  
2019-08-20 22:34:29,827 | INFO  | DNAudit | user=null | ip=null | op=WRITE_CHUNK {blockData=conID: 2 locID: 102651689029927428 bcsId: 0} | ret=SUCCESS |  
2019-08-20 22:34:29,828 | INFO  | DNAudit | user=null | ip=null | op=WRITE_CHUNK {blockData=conID: 2 locID: 102651689029927428 bcsId: 0} | ret=SUCCESS |  
2019-08-20 22:34:29,828 | INFO  | DNAudit | user=null | ip=null | op=WRITE_CHUNK {blockData=conID: 2 locID: 102651689029927428 bcsId: 0} | ret=SUCCESS |  
2019-08-20 22:34:29,830 | INFO  | DNAudit | user=null | ip=null | op=WRITE_CHUNK {blockData=conID: 2 locID: 102651689029927428 bcsId: 0} | ret=SUCCESS |  
2019-08-20 22:34:29,830 | INFO  | DNAudit | user=null | ip=null | op=WRITE_CHUNK {blockData=conID: 2 locID: 102651689029927428 bcsId: 0} | ret=SUCCESS |  
2019-08-20 22:34:29,837 | INFO  | DNAudit | user=null | ip=null | op=WRITE_CHUNK {blockData=conID: 2 locID: 102651689029927428 bcsId: 0} | ret=SUCCESS |  
2019-08-20 22:34:29,838 | INFO  | DNAudit | user=null | ip=null | op=PUT_BLOCK {blockData=[blockId=conID: 2 locID: 102651689029927428 bcsId: 0,size=1048576]} | ret=SUCCESS |  
2019-08-20 22:34:29,838 [grpc-default-executor-2] INFO  client.GrpcClientProtocolClient (GrpcClientProtocolClient.java:onNext(255)) - client-391BA870FC40->947ec526-030f-41cc-8af7-a6f75e712ab0: receive RaftClientReply:client-391BA870FC40->947ec526-030f-41cc-8af7-a6f75e712ab0@group-5D45C35602B2, cid=1726, SUCCESS, logIndex=2502, commits[947ec526-030f-41cc-8af7-a6f75e712ab0:c2503, c447b9b6-dde2-4ce7-aa81-d0e2eddc8fe9:c2501, 28b540ac-241d-462a-a56c-509e92928066:c2501]
2019-08-20 22:34:29,838 | INFO  | DNAudit | user=null | ip=null | op=WRITE_CHUNK {blockData=conID: 2 locID: 102651689029927428 bcsId: 0} | ret=SUCCESS |  
2019-08-20 22:34:29,838 [grpc-default-executor-4] INFO  client.GrpcClientProtocolClient (GrpcClientProtocolClient.java:onNext(255)) - client-391BA870FC40->947ec526-030f-41cc-8af7-a6f75e712ab0: receive RaftClientReply:client-391BA870FC40->947ec526-030f-41cc-8af7-a6f75e712ab0@group-5D45C35602B2, cid=1727, SUCCESS, logIndex=2503, commits[947ec526-030f-41cc-8af7-a6f75e712ab0:c2503, c447b9b6-dde2-4ce7-aa81-d0e2eddc8fe9:c2501, 28b540ac-241d-462a-a56c-509e92928066:c2501]
2019-08-20 22:34:29,839 | INFO  | DNAudit | user=null | ip=null | op=PUT_BLOCK {blockData=[blockId=conID: 2 locID: 102651689029927428 bcsId: 0,size=2097152]} | ret=SUCCESS |  
2019-08-20 22:34:29,839 [grpc-default-executor-4] INFO  client.GrpcClientProtocolClient (GrpcClientProtocolClient.java:onNext(255)) - client-391BA870FC40->947ec526-030f-41cc-8af7-a6f75e712ab0: receive RaftClientReply:client-391BA870FC40->947ec526-030f-41cc-8af7-a6f75e712ab0@group-5D45C35602B2, cid=1728, SUCCESS, logIndex=2504, commits[947ec526-030f-41cc-8af7-a6f75e712ab0:c2505, c447b9b6-dde2-4ce7-aa81-d0e2eddc8fe9:c2501, 28b540ac-241d-462a-a56c-509e92928066:c2501]
2019-08-20 22:34:29,839 [grpc-default-executor-4] INFO  client.GrpcClientProtocolClient (GrpcClientProtocolClient.java:onNext(255)) - client-391BA870FC40->947ec526-030f-41cc-8af7-a6f75e712ab0: receive RaftClientReply:client-391BA870FC40->947ec526-030f-41cc-8af7-a6f75e712ab0@group-5D45C35602B2, cid=1729, SUCCESS, logIndex=2505, commits[947ec526-030f-41cc-8af7-a6f75e712ab0:c2505, c447b9b6-dde2-4ce7-aa81-d0e2eddc8fe9:c2501, 28b540ac-241d-462a-a56c-509e92928066:c2501]
2019-08-20 22:34:29,851 | INFO  | DNAudit | user=null | ip=null | op=WRITE_CHUNK {blockData=conID: 2 locID: 102651689029927428 bcsId: 0} | ret=SUCCESS |  
2019-08-20 22:34:29,851 [grpc-default-executor-4] INFO  client.GrpcClientProtocolClient (GrpcClientProtocolClient.java:onNext(255)) - client-391BA870FC40->947ec526-030f-41cc-8af7-a6f75e712ab0: receive RaftClientReply:client-391BA870FC40->947ec526-030f-41cc-8af7-a6f75e712ab0@group-5D45C35602B2, cid=1730, SUCCESS, logIndex=0, commits[947ec526-030f-41cc-8af7-a6f75e712ab0:c2507, c447b9b6-dde2-4ce7-aa81-d0e2eddc8fe9:c2503, 28b540ac-241d-462a-a56c-509e92928066:c2503]
2019-08-20 22:34:29,853 | INFO  | DNAudit | user=null | ip=null | op=PUT_BLOCK {blockData=[blockId=conID: 2 locID: 102651689029927428 bcsId: 0,size=1048576]} | ret=SUCCESS |  
2019-08-20 22:34:29,853 | INFO  | DNAudit | user=null | ip=null | op=WRITE_CHUNK {blockData=conID: 2 locID: 102651689029927428 bcsId: 0} | ret=SUCCESS |  
2019-08-20 22:34:29,854 | INFO  | DNAudit | user=null | ip=null | op=WRITE_CHUNK {blockData=conID: 2 locID: 102651689029927428 bcsId: 0} | ret=SUCCESS |  
2019-08-20 22:34:29,854 | INFO  | DNAudit | user=null | ip=null | op=PUT_BLOCK {blockData=[blockId=conID: 2 locID: 102651689029927428 bcsId: 0,size=2097152]} | ret=SUCCESS |  
2019-08-20 22:34:29,854 | INFO  | DNAudit | user=null | ip=null | op=PUT_BLOCK {blockData=[blockId=conID: 2 locID: 102651689029927428 bcsId: 0,size=1048576]} | ret=SUCCESS |  
2019-08-20 22:34:29,854 | INFO  | DNAudit | user=null | ip=null | op=WRITE_CHUNK {blockData=conID: 2 locID: 102651689029927428 bcsId: 0} | ret=SUCCESS |  
2019-08-20 22:34:29,855 | INFO  | DNAudit | user=null | ip=null | op=PUT_BLOCK {blockData=[blockId=conID: 2 locID: 102651689029927428 bcsId: 0,size=2097152]} | ret=SUCCESS |  
2019-08-20 22:34:29,857 | INFO  | DNAudit | user=null | ip=null | op=WRITE_CHUNK {blockData=conID: 2 locID: 102651689029927428 bcsId: 2505} | ret=SUCCESS |  
2019-08-20 22:34:29,859 | INFO  | DNAudit | user=null | ip=null | op=WRITE_CHUNK {blockData=conID: 2 locID: 102651689029927428 bcsId: 2505} | ret=SUCCESS |  
2019-08-20 22:34:29,859 | INFO  | DNAudit | user=null | ip=null | op=WRITE_CHUNK {blockData=conID: 2 locID: 102651689029927428 bcsId: 2505} | ret=SUCCESS |  
2019-08-20 22:34:29,868 | INFO  | DNAudit | user=null | ip=null | op=WRITE_CHUNK {blockData=conID: 2 locID: 102651689029927428 bcsId: 2505} | ret=SUCCESS |  
2019-08-20 22:34:29,869 | INFO  | DNAudit | user=null | ip=null | op=PUT_BLOCK {blockData=[blockId=conID: 2 locID: 102651689029927428 bcsId: 0,size=3145728]} | ret=SUCCESS |  
2019-08-20 22:34:29,869 [grpc-default-executor-4] INFO  client.GrpcClientProtocolClient (GrpcClientProtocolClient.java:onNext(255)) - client-391BA870FC40->947ec526-030f-41cc-8af7-a6f75e712ab0: receive RaftClientReply:client-391BA870FC40->947ec526-030f-41cc-8af7-a6f75e712ab0@group-5D45C35602B2, cid=1731, SUCCESS, logIndex=2509, commits[947ec526-030f-41cc-8af7-a6f75e712ab0:c2510, c447b9b6-dde2-4ce7-aa81-d0e2eddc8fe9:c2508, 28b540ac-241d-462a-a56c-509e92928066:c2508]
2019-08-20 22:34:29,869 [grpc-default-executor-4] INFO  client.GrpcClientProtocolClient (GrpcClientProtocolClient.java:onNext(255)) - client-391BA870FC40->947ec526-030f-41cc-8af7-a6f75e712ab0: receive RaftClientReply:client-391BA870FC40->947ec526-030f-41cc-8af7-a6f75e712ab0@group-5D45C35602B2, cid=1732, SUCCESS, logIndex=2510, commits[947ec526-030f-41cc-8af7-a6f75e712ab0:c2510, c447b9b6-dde2-4ce7-aa81-d0e2eddc8fe9:c2508, 28b540ac-241d-462a-a56c-509e92928066:c2508]
2019-08-20 22:34:29,876 | INFO  | DNAudit | user=null | ip=null | op=WRITE_CHUNK {blockData=conID: 2 locID: 102651689029927428 bcsId: 2510} | ret=SUCCESS |  
2019-08-20 22:34:29,877 | INFO  | DNAudit | user=null | ip=null | op=WRITE_CHUNK {blockData=conID: 2 locID: 102651689029927428 bcsId: 2510} | ret=SUCCESS |  
2019-08-20 22:34:29,878 | INFO  | DNAudit | user=null | ip=null | op=WRITE_CHUNK {blockData=conID: 2 locID: 102651689029927428 bcsId: 2510} | ret=SUCCESS |  
2019-08-20 22:34:29,880 | INFO  | DNAudit | user=null | ip=null | op=WRITE_CHUNK {blockData=conID: 2 locID: 102651689029927428 bcsId: 2505} | ret=SUCCESS |  
2019-08-20 22:34:29,881 | INFO  | DNAudit | user=null | ip=null | op=WRITE_CHUNK {blockData=conID: 2 locID: 102651689029927428 bcsId: 2505} | ret=SUCCESS |  
2019-08-20 22:34:29,881 | INFO  | DNAudit | user=null | ip=null | op=PUT_BLOCK {blockData=[blockId=conID: 2 locID: 102651689029927428 bcsId: 0,size=3145728]} | ret=SUCCESS |  
2019-08-20 22:34:29,881 | INFO  | DNAudit | user=null | ip=null | op=PUT_BLOCK {blockData=[blockId=conID: 2 locID: 102651689029927428 bcsId: 0,size=3145728]} | ret=SUCCESS |  
2019-08-20 22:34:29,881 | INFO  | DNAudit | user=null | ip=null | op=WRITE_CHUNK {blockData=conID: 2 locID: 102651689029927428 bcsId: 2510} | ret=SUCCESS |  
2019-08-20 22:34:29,882 | INFO  | DNAudit | user=null | ip=null | op=PUT_BLOCK {blockData=[blockId=conID: 2 locID: 102651689029927428 bcsId: 0,size=4194304]} | ret=SUCCESS |  
2019-08-20 22:34:29,882 [grpc-default-executor-3] INFO  client.GrpcClientProtocolClient (GrpcClientProtocolClient.java:onNext(255)) - client-391BA870FC40->947ec526-030f-41cc-8af7-a6f75e712ab0: receive RaftClientReply:client-391BA870FC40->947ec526-030f-41cc-8af7-a6f75e712ab0@group-5D45C35602B2, cid=1733, SUCCESS, logIndex=2512, commits[947ec526-030f-41cc-8af7-a6f75e712ab0:c2513, c447b9b6-dde2-4ce7-aa81-d0e2eddc8fe9:c2510, 28b540ac-241d-462a-a56c-509e92928066:c2510]
2019-08-20 22:34:29,882 [grpc-default-executor-3] INFO  client.GrpcClientProtocolClient (GrpcClientProtocolClient.java:onNext(255)) - client-391BA870FC40->947ec526-030f-41cc-8af7-a6f75e712ab0: receive RaftClientReply:client-391BA870FC40->947ec526-030f-41cc-8af7-a6f75e712ab0@group-5D45C35602B2, cid=1734, SUCCESS, logIndex=2513, commits[947ec526-030f-41cc-8af7-a6f75e712ab0:c2513, c447b9b6-dde2-4ce7-aa81-d0e2eddc8fe9:c2510, 28b540ac-241d-462a-a56c-509e92928066:c2510]
2019-08-20 22:34:29,884 | INFO  | DNAudit | user=null | ip=null | op=WRITE_CHUNK {blockData=conID: 2 locID: 102651689029927428 bcsId: 2510} | ret=SUCCESS |  
2019-08-20 22:34:29,885 | INFO  | DNAudit | user=null | ip=null | op=WRITE_CHUNK {blockData=conID: 2 locID: 102651689029927428 bcsId: 2510} | ret=SUCCESS |  
2019-08-20 22:34:29,885 | INFO  | DNAudit | user=null | ip=null | op=PUT_BLOCK {blockData=[blockId=conID: 2 locID: 102651689029927428 bcsId: 0,size=4194304]} | ret=SUCCESS |  
2019-08-20 22:34:29,885 [grpc-default-executor-3] INFO  client.GrpcClientProtocolClient (GrpcClientProtocolClient.java:onNext(255)) - client-391BA870FC40->947ec526-030f-41cc-8af7-a6f75e712ab0: receive RaftClientReply:client-391BA870FC40->947ec526-030f-41cc-8af7-a6f75e712ab0@group-5D45C35602B2, cid=1735, SUCCESS, logIndex=0, commits[947ec526-030f-41cc-8af7-a6f75e712ab0:c2514, c447b9b6-dde2-4ce7-aa81-d0e2eddc8fe9:c2513, 28b540ac-241d-462a-a56c-509e92928066:c2513]
2019-08-20 22:34:29,885 | INFO  | DNAudit | user=null | ip=null | op=PUT_BLOCK {blockData=[blockId=conID: 2 locID: 102651689029927428 bcsId: 0,size=4194304]} | ret=SUCCESS |  
2019-08-20 22:34:29,889 | INFO  | SCMAudit | user=jenkins1000 | ip=192.168.5.142 | op=ALLOCATE_BLOCK {owner=6f694d07-2a2f-44d9-8e1c-aaa094a2f647, size=4194304, type=RATIS, factor=THREE} | ret=SUCCESS |  
2019-08-20 22:34:29,891 | INFO  | OMAudit | user=jenkins1000 | ip=127.0.0.1 | op=ALLOCATE_BLOCK {volume=vol-0-80747, bucket=bucket-0-27686, key=key-0-47435, dataSize=0, replicationType=null, replicationFactor=null, keyLocationInfo=null, clientID=102651687805452690} | ret=SUCCESS |  
2019-08-20 22:34:29,897 | INFO  | DNAudit | user=null | ip=null | op=WRITE_CHUNK {blockData=conID: 3 locID: 102651689034646021 bcsId: 0} | ret=SUCCESS |  
2019-08-20 22:34:29,899 | INFO  | DNAudit | user=null | ip=null | op=WRITE_CHUNK {blockData=conID: 3 locID: 102651689034646021 bcsId: 0} | ret=SUCCESS |  
2019-08-20 22:34:29,899 | INFO  | DNAudit | user=null | ip=null | op=WRITE_CHUNK {blockData=conID: 3 locID: 102651689034646021 bcsId: 0} | ret=SUCCESS |  
2019-08-20 22:34:29,900 | INFO  | DNAudit | user=null | ip=null | op=WRITE_CHUNK {blockData=conID: 3 locID: 102651689034646021 bcsId: 0} | ret=SUCCESS |  
2019-08-20 22:34:29,901 | INFO  | DNAudit | user=null | ip=null | op=WRITE_CHUNK {blockData=conID: 3 locID: 102651689034646021 bcsId: 0} | ret=SUCCESS |  
2019-08-20 22:34:29,901 | INFO  | DNAudit | user=null | ip=null | op=WRITE_CHUNK {blockData=conID: 3 locID: 102651689034646021 bcsId: 0} | ret=SUCCESS |  
2019-08-20 22:34:29,910 | INFO  | DNAudit | user=null | ip=null | op=WRITE_CHUNK {blockData=conID: 3 locID: 102651689034646021 bcsId: 0} | ret=SUCCESS |  
2019-08-20 22:34:29,911 | INFO  | DNAudit | user=null | ip=null | op=PUT_BLOCK {blockData=[blockId=conID: 3 locID: 102651689034646021 bcsId: 0,size=1048576]} | ret=SUCCESS |  
2019-08-20 22:34:29,911 [grpc-default-executor-3] INFO  client.GrpcClientProtocolClient (GrpcClientProtocolClient.java:onNext(255)) - client-391BA870FC40->947ec526-030f-41cc-8af7-a6f75e712ab0: receive RaftClientReply:client-391BA870FC40->947ec526-030f-41cc-8af7-a6f75e712ab0@group-5D45C35602B2, cid=1736, SUCCESS, logIndex=2516, commits[947ec526-030f-41cc-8af7-a6f75e712ab0:c2517, c447b9b6-dde2-4ce7-aa81-d0e2eddc8fe9:c2515, 28b540ac-241d-462a-a56c-509e92928066:c2515]
2019-08-20 22:34:29,911 [grpc-default-executor-3] INFO  client.GrpcClientProtocolClient (GrpcClientProtocolClient.java:onNext(255)) - client-391BA870FC40->947ec526-030f-41cc-8af7-a6f75e712ab0: receive RaftClientReply:client-391BA870FC40->947ec526-030f-41cc-8af7-a6f75e712ab0@group-5D45C35602B2, cid=1737, SUCCESS, logIndex=2517, commits[947ec526-030f-41cc-8af7-a6f75e712ab0:c2517, c447b9b6-dde2-4ce7-aa81-d0e2eddc8fe9:c2515, 28b540ac-241d-462a-a56c-509e92928066:c2515]
2019-08-20 22:34:29,921 | INFO  | DNAudit | user=null | ip=null | op=WRITE_CHUNK {blockData=conID: 3 locID: 102651689034646021 bcsId: 0} | ret=SUCCESS |  
2019-08-20 22:34:29,921 | INFO  | DNAudit | user=null | ip=null | op=PUT_BLOCK {blockData=[blockId=conID: 3 locID: 102651689034646021 bcsId: 0,size=2097152]} | ret=SUCCESS |  
2019-08-20 22:34:29,921 [grpc-default-executor-4] INFO  client.GrpcClientProtocolClient (GrpcClientProtocolClient.java:onNext(255)) - client-391BA870FC40->947ec526-030f-41cc-8af7-a6f75e712ab0: receive RaftClientReply:client-391BA870FC40->947ec526-030f-41cc-8af7-a6f75e712ab0@group-5D45C35602B2, cid=1738, SUCCESS, logIndex=2518, commits[947ec526-030f-41cc-8af7-a6f75e712ab0:c2519, c447b9b6-dde2-4ce7-aa81-d0e2eddc8fe9:c2515, 28b540ac-241d-462a-a56c-509e92928066:c2515]
2019-08-20 22:34:29,922 [grpc-default-executor-4] INFO  client.GrpcClientProtocolClient (GrpcClientProtocolClient.java:onNext(255)) - client-391BA870FC40->947ec526-030f-41cc-8af7-a6f75e712ab0: receive RaftClientReply:client-391BA870FC40->947ec526-030f-41cc-8af7-a6f75e712ab0@group-5D45C35602B2, cid=1739, SUCCESS, logIndex=2519, commits[947ec526-030f-41cc-8af7-a6f75e712ab0:c2519, c447b9b6-dde2-4ce7-aa81-d0e2eddc8fe9:c2515, 28b540ac-241d-462a-a56c-509e92928066:c2515]
2019-08-20 22:34:29,923 | INFO  | DNAudit | user=null | ip=null | op=WRITE_CHUNK {blockData=conID: 3 locID: 102651689034646021 bcsId: 0} | ret=SUCCESS |  
2019-08-20 22:34:29,936 | INFO  | DNAudit | user=null | ip=null | op=WRITE_CHUNK {blockData=conID: 3 locID: 102651689034646021 bcsId: 0} | ret=SUCCESS |  
2019-08-20 22:34:29,936 | INFO  | DNAudit | user=null | ip=null | op=PUT_BLOCK {blockData=[blockId=conID: 3 locID: 102651689034646021 bcsId: 0,size=1048576]} | ret=SUCCESS |  
2019-08-20 22:34:29,936 | INFO  | DNAudit | user=null | ip=null | op=PUT_BLOCK {blockData=[blockId=conID: 3 locID: 102651689034646021 bcsId: 0,size=1048576]} | ret=SUCCESS |  
2019-08-20 22:34:29,937 | INFO  | DNAudit | user=null | ip=null | op=WRITE_CHUNK {blockData=conID: 3 locID: 102651689034646021 bcsId: 0} | ret=SUCCESS |  
2019-08-20 22:34:29,937 | INFO  | DNAudit | user=null | ip=null | op=WRITE_CHUNK {blockData=conID: 3 locID: 102651689034646021 bcsId: 0} | ret=SUCCESS |  
2019-08-20 22:34:29,937 | INFO  | DNAudit | user=null | ip=null | op=PUT_BLOCK {blockData=[blockId=conID: 3 locID: 102651689034646021 bcsId: 0,size=2097152]} | ret=SUCCESS |  
2019-08-20 22:34:29,937 | INFO  | DNAudit | user=null | ip=null | op=PUT_BLOCK {blockData=[blockId=conID: 3 locID: 102651689034646021 bcsId: 0,size=2097152]} | ret=SUCCESS |  
2019-08-20 22:34:29,937 [grpc-default-executor-3] INFO  client.GrpcClientProtocolClient (GrpcClientProtocolClient.java:onNext(255)) - client-391BA870FC40->947ec526-030f-41cc-8af7-a6f75e712ab0: receive RaftClientReply:client-391BA870FC40->947ec526-030f-41cc-8af7-a6f75e712ab0@group-5D45C35602B2, cid=1740, SUCCESS, logIndex=0, commits[947ec526-030f-41cc-8af7-a6f75e712ab0:c2521, c447b9b6-dde2-4ce7-aa81-d0e2eddc8fe9:c2517, 28b540ac-241d-462a-a56c-509e92928066:c2517]
2019-08-20 22:34:29,942 | INFO  | DNAudit | user=null | ip=null | op=WRITE_CHUNK {blockData=conID: 3 locID: 102651689034646021 bcsId: 2519} | ret=SUCCESS |  
2019-08-20 22:34:29,944 | INFO  | DNAudit | user=null | ip=null | op=WRITE_CHUNK {blockData=conID: 3 locID: 102651689034646021 bcsId: 2519} | ret=SUCCESS |  
2019-08-20 22:34:29,945 | INFO  | DNAudit | user=null | ip=null | op=WRITE_CHUNK {blockData=conID: 3 locID: 102651689034646021 bcsId: 2519} | ret=SUCCESS |  
2019-08-20 22:34:29,960 | INFO  | DNAudit | user=null | ip=null | op=WRITE_CHUNK {blockData=conID: 3 locID: 102651689034646021 bcsId: 2519} | ret=SUCCESS |  
2019-08-20 22:34:29,960 | INFO  | DNAudit | user=null | ip=null | op=PUT_BLOCK {blockData=[blockId=conID: 3 locID: 102651689034646021 bcsId: 0,size=3145728]} | ret=SUCCESS |  
2019-08-20 22:34:29,961 [grpc-default-executor-3] INFO  client.GrpcClientProtocolClient (GrpcClientProtocolClient.java:onNext(255)) - client-391BA870FC40->947ec526-030f-41cc-8af7-a6f75e712ab0: receive RaftClientReply:client-391BA870FC40->947ec526-030f-41cc-8af7-a6f75e712ab0@group-5D45C35602B2, cid=1741, SUCCESS, logIndex=2523, commits[947ec526-030f-41cc-8af7-a6f75e712ab0:c2524, c447b9b6-dde2-4ce7-aa81-d0e2eddc8fe9:c2521, 28b540ac-241d-462a-a56c-509e92928066:c2521]
2019-08-20 22:34:29,961 [grpc-default-executor-1] INFO  client.GrpcClientProtocolClient (GrpcClientProtocolClient.java:onNext(255)) - client-391BA870FC40->947ec526-030f-41cc-8af7-a6f75e712ab0: receive RaftClientReply:client-391BA870FC40->947ec526-030f-41cc-8af7-a6f75e712ab0@group-5D45C35602B2, cid=1742, SUCCESS, logIndex=2524, commits[947ec526-030f-41cc-8af7-a6f75e712ab0:c2524, c447b9b6-dde2-4ce7-aa81-d0e2eddc8fe9:c2521, 28b540ac-241d-462a-a56c-509e92928066:c2521]
2019-08-20 22:34:29,972 | INFO  | DNAudit | user=null | ip=null | op=WRITE_CHUNK {blockData=conID: 3 locID: 102651689034646021 bcsId: 2524} | ret=SUCCESS |  
2019-08-20 22:34:29,975 | INFO  | DNAudit | user=null | ip=null | op=WRITE_CHUNK {blockData=conID: 3 locID: 102651689034646021 bcsId: 2524} | ret=SUCCESS |  
2019-08-20 22:34:29,975 | INFO  | DNAudit | user=null | ip=null | op=WRITE_CHUNK {blockData=conID: 3 locID: 102651689034646021 bcsId: 2524} | ret=SUCCESS |  
2019-08-20 22:34:29,985 | INFO  | DNAudit | user=null | ip=null | op=WRITE_CHUNK {blockData=conID: 3 locID: 102651689034646021 bcsId: 2519} | ret=SUCCESS |  
2019-08-20 22:34:29,985 | INFO  | DNAudit | user=null | ip=null | op=WRITE_CHUNK {blockData=conID: 3 locID: 102651689034646021 bcsId: 2519} | ret=SUCCESS |  
2019-08-20 22:34:29,985 | INFO  | DNAudit | user=null | ip=null | op=WRITE_CHUNK {blockData=conID: 3 locID: 102651689034646021 bcsId: 2524} | ret=SUCCESS |  
2019-08-20 22:34:29,985 | INFO  | DNAudit | user=null | ip=null | op=PUT_BLOCK {blockData=[blockId=conID: 3 locID: 102651689034646021 bcsId: 0,size=3145728]} | ret=SUCCESS |  
2019-08-20 22:34:29,985 | INFO  | DNAudit | user=null | ip=null | op=PUT_BLOCK {blockData=[blockId=conID: 3 locID: 102651689034646021 bcsId: 0,size=3145728]} | ret=SUCCESS |  
2019-08-20 22:34:29,985 | INFO  | DNAudit | user=null | ip=null | op=PUT_BLOCK {blockData=[blockId=conID: 3 locID: 102651689034646021 bcsId: 0,size=4194304]} | ret=SUCCESS |  
2019-08-20 22:34:29,985 [grpc-default-executor-3] INFO  client.GrpcClientProtocolClient (GrpcClientProtocolClient.java:onNext(255)) - client-391BA870FC40->947ec526-030f-41cc-8af7-a6f75e712ab0: receive RaftClientReply:client-391BA870FC40->947ec526-030f-41cc-8af7-a6f75e712ab0@group-5D45C35602B2, cid=1743, SUCCESS, logIndex=2527, commits[947ec526-030f-41cc-8af7-a6f75e712ab0:c2528, c447b9b6-dde2-4ce7-aa81-d0e2eddc8fe9:c2526, 28b540ac-241d-462a-a56c-509e92928066:c2526]
2019-08-20 22:34:29,986 [grpc-default-executor-3] INFO  client.GrpcClientProtocolClient (GrpcClientProtocolClient.java:onNext(255)) - client-391BA870FC40->947ec526-030f-41cc-8af7-a6f75e712ab0: receive RaftClientReply:client-391BA870FC40->947ec526-030f-41cc-8af7-a6f75e712ab0@group-5D45C35602B2, cid=1744, SUCCESS, logIndex=2528, commits[947ec526-030f-41cc-8af7-a6f75e712ab0:c2528, c447b9b6-dde2-4ce7-aa81-d0e2eddc8fe9:c2526, 28b540ac-241d-462a-a56c-509e92928066:c2526]
2019-08-20 22:34:29,988 | INFO  | DNAudit | user=null | ip=null | op=WRITE_CHUNK {blockData=conID: 3 locID: 102651689034646021 bcsId: 2524} | ret=SUCCESS |  
2019-08-20 22:34:29,988 | INFO  | DNAudit | user=null | ip=null | op=WRITE_CHUNK {blockData=conID: 3 locID: 102651689034646021 bcsId: 2524} | ret=SUCCESS |  
2019-08-20 22:34:29,991 | INFO  | DNAudit | user=null | ip=null | op=PUT_BLOCK {blockData=[blockId=conID: 3 locID: 102651689034646021 bcsId: 0,size=4194304]} | ret=SUCCESS |  
2019-08-20 22:34:29,991 | INFO  | DNAudit | user=null | ip=null | op=PUT_BLOCK {blockData=[blockId=conID: 3 locID: 102651689034646021 bcsId: 0,size=4194304]} | ret=SUCCESS |  
2019-08-20 22:34:29,992 [grpc-default-executor-3] INFO  client.GrpcClientProtocolClient (GrpcClientProtocolClient.java:onNext(255)) - client-391BA870FC40->947ec526-030f-41cc-8af7-a6f75e712ab0: receive RaftClientReply:client-391BA870FC40->947ec526-030f-41cc-8af7-a6f75e712ab0@group-5D45C35602B2, cid=1745, SUCCESS, logIndex=0, commits[947ec526-030f-41cc-8af7-a6f75e712ab0:c2530, c447b9b6-dde2-4ce7-aa81-d0e2eddc8fe9:c2528, 28b540ac-241d-462a-a56c-509e92928066:c2528]
2019-08-20 22:34:29,995 | INFO  | SCMAudit | user=jenkins1000 | ip=192.168.5.142 | op=ALLOCATE_BLOCK {owner=6f694d07-2a2f-44d9-8e1c-aaa094a2f647, size=4194304, type=RATIS, factor=THREE} | ret=SUCCESS |  
2019-08-20 22:34:29,997 | INFO  | OMAudit | user=jenkins1000 | ip=127.0.0.1 | op=ALLOCATE_BLOCK {volume=vol-0-80747, bucket=bucket-0-27686, key=key-0-47435, dataSize=0, replicationType=null, replicationFactor=null, keyLocationInfo=null, clientID=102651687805452690} | ret=SUCCESS |  
2019-08-20 22:34:30,003 | INFO  | DNAudit | user=null | ip=null | op=WRITE_CHUNK {blockData=conID: 1 locID: 102651689041592838 bcsId: 0} | ret=SUCCESS |  
2019-08-20 22:34:30,006 | INFO  | DNAudit | user=null | ip=null | op=WRITE_CHUNK {blockData=conID: 1 locID: 102651689041592838 bcsId: 0} | ret=SUCCESS |  
2019-08-20 22:34:30,006 | INFO  | DNAudit | user=null | ip=null | op=WRITE_CHUNK {blockData=conID: 1 locID: 102651689041592838 bcsId: 0} | ret=SUCCESS |  
2019-08-20 22:34:30,007 | INFO  | DNAudit | user=null | ip=null | op=WRITE_CHUNK {blockData=conID: 1 locID: 102651689041592838 bcsId: 0} | ret=SUCCESS |  
2019-08-20 22:34:30,007 | INFO  | DNAudit | user=null | ip=null | op=WRITE_CHUNK {blockData=conID: 1 locID: 102651689041592838 bcsId: 0} | ret=SUCCESS |  
2019-08-20 22:34:30,008 | INFO  | DNAudit | user=null | ip=null | op=WRITE_CHUNK {blockData=conID: 1 locID: 102651689041592838 bcsId: 0} | ret=SUCCESS |  
2019-08-20 22:34:30,015 | INFO  | DNAudit | user=null | ip=null | op=WRITE_CHUNK {blockData=conID: 1 locID: 102651689041592838 bcsId: 0} | ret=SUCCESS |  
2019-08-20 22:34:30,016 | INFO  | DNAudit | user=null | ip=null | op=PUT_BLOCK {blockData=[blockId=conID: 1 locID: 102651689041592838 bcsId: 0,size=1048576]} | ret=SUCCESS |  
2019-08-20 22:34:30,016 | INFO  | DNAudit | user=null | ip=null | op=WRITE_CHUNK {blockData=conID: 1 locID: 102651689041592838 bcsId: 0} | ret=SUCCESS |  
2019-08-20 22:34:30,016 [grpc-default-executor-2] INFO  client.GrpcClientProtocolClient (GrpcClientProtocolClient.java:onNext(255)) - client-391BA870FC40->947ec526-030f-41cc-8af7-a6f75e712ab0: receive RaftClientReply:client-391BA870FC40->947ec526-030f-41cc-8af7-a6f75e712ab0@group-5D45C35602B2, cid=1746, SUCCESS, logIndex=2531, commits[947ec526-030f-41cc-8af7-a6f75e712ab0:c2532, c447b9b6-dde2-4ce7-aa81-d0e2eddc8fe9:c2530, 28b540ac-241d-462a-a56c-509e92928066:c2530]
2019-08-20 22:34:30,016 | INFO  | DNAudit | user=null | ip=null | op=WRITE_CHUNK {blockData=conID: 1 locID: 102651689041592838 bcsId: 0} | ret=SUCCESS |  
2019-08-20 22:34:30,016 | INFO  | DNAudit | user=null | ip=null | op=WRITE_CHUNK {blockData=conID: 1 locID: 102651689041592838 bcsId: 0} | ret=SUCCESS |  
2019-08-20 22:34:30,016 | INFO  | DNAudit | user=null | ip=null | op=PUT_BLOCK {blockData=[blockId=conID: 1 locID: 102651689041592838 bcsId: 0,size=2097152]} | ret=SUCCESS |  
2019-08-20 22:34:30,016 [grpc-default-executor-2] INFO  client.GrpcClientProtocolClient (GrpcClientProtocolClient.java:onNext(255)) - client-391BA870FC40->947ec526-030f-41cc-8af7-a6f75e712ab0: receive RaftClientReply:client-391BA870FC40->947ec526-030f-41cc-8af7-a6f75e712ab0@group-5D45C35602B2, cid=1747, SUCCESS, logIndex=2532, commits[947ec526-030f-41cc-8af7-a6f75e712ab0:c2534, c447b9b6-dde2-4ce7-aa81-d0e2eddc8fe9:c2530, 28b540ac-241d-462a-a56c-509e92928066:c2530]
2019-08-20 22:34:30,017 [grpc-default-executor-2] INFO  client.GrpcClientProtocolClient (GrpcClientProtocolClient.java:onNext(255)) - client-391BA870FC40->947ec526-030f-41cc-8af7-a6f75e712ab0: receive RaftClientReply:client-391BA870FC40->947ec526-030f-41cc-8af7-a6f75e712ab0@group-5D45C35602B2, cid=1748, SUCCESS, logIndex=2533, commits[947ec526-030f-41cc-8af7-a6f75e712ab0:c2534, c447b9b6-dde2-4ce7-aa81-d0e2eddc8fe9:c2530, 28b540ac-241d-462a-a56c-509e92928066:c2530]
2019-08-20 22:34:30,017 [grpc-default-executor-2] INFO  client.GrpcClientProtocolClient (GrpcClientProtocolClient.java:onNext(255)) - client-391BA870FC40->947ec526-030f-41cc-8af7-a6f75e712ab0: receive RaftClientReply:client-391BA870FC40->947ec526-030f-41cc-8af7-a6f75e712ab0@group-5D45C35602B2, cid=1749, SUCCESS, logIndex=2534, commits[947ec526-030f-41cc-8af7-a6f75e712ab0:c2534, c447b9b6-dde2-4ce7-aa81-d0e2eddc8fe9:c2531, 28b540ac-241d-462a-a56c-509e92928066:c2531]
2019-08-20 22:34:30,019 | INFO  | DNAudit | user=null | ip=null | op=PUT_BLOCK {blockData=[blockId=conID: 1 locID: 102651689041592838 bcsId: 0,size=1048576]} | ret=SUCCESS |  
2019-08-20 22:34:30,019 | INFO  | DNAudit | user=null | ip=null | op=PUT_BLOCK {blockData=[blockId=conID: 1 locID: 102651689041592838 bcsId: 0,size=1048576]} | ret=SUCCESS |  
2019-08-20 22:34:30,019 | INFO  | DNAudit | user=null | ip=null | op=WRITE_CHUNK {blockData=conID: 1 locID: 102651689041592838 bcsId: 0} | ret=SUCCESS |  
2019-08-20 22:34:30,019 | INFO  | DNAudit | user=null | ip=null | op=WRITE_CHUNK {blockData=conID: 1 locID: 102651689041592838 bcsId: 0} | ret=SUCCESS |  
2019-08-20 22:34:30,019 | INFO  | DNAudit | user=null | ip=null | op=PUT_BLOCK {blockData=[blockId=conID: 1 locID: 102651689041592838 bcsId: 0,size=2097152]} | ret=SUCCESS |  
2019-08-20 22:34:30,020 | INFO  | DNAudit | user=null | ip=null | op=PUT_BLOCK {blockData=[blockId=conID: 1 locID: 102651689041592838 bcsId: 0,size=2097152]} | ret=SUCCESS |  
2019-08-20 22:34:30,020 [grpc-default-executor-4] INFO  client.GrpcClientProtocolClient (GrpcClientProtocolClient.java:onNext(255)) - client-391BA870FC40->947ec526-030f-41cc-8af7-a6f75e712ab0: receive RaftClientReply:client-391BA870FC40->947ec526-030f-41cc-8af7-a6f75e712ab0@group-5D45C35602B2, cid=1750, SUCCESS, logIndex=0, commits[947ec526-030f-41cc-8af7-a6f75e712ab0:c2536, c447b9b6-dde2-4ce7-aa81-d0e2eddc8fe9:c2532, 28b540ac-241d-462a-a56c-509e92928066:c2532]
2019-08-20 22:34:30,025 | INFO  | DNAudit | user=null | ip=null | op=WRITE_CHUNK {blockData=conID: 1 locID: 102651689041592838 bcsId: 2534} | ret=SUCCESS |  
2019-08-20 22:34:30,130 | INFO  | DNAudit | user=null | ip=null | op=WRITE_CHUNK {blockData=conID: 1 locID: 102651689041592838 bcsId: 2534} | ret=SUCCESS |  
2019-08-20 22:34:30,130 | INFO  | DNAudit | user=null | ip=null | op=WRITE_CHUNK {blockData=conID: 1 locID: 102651689041592838 bcsId: 2534} | ret=SUCCESS |  
2019-08-20 22:34:30,142 | INFO  | DNAudit | user=null | ip=null | op=WRITE_CHUNK {blockData=conID: 1 locID: 102651689041592838 bcsId: 2534} | ret=SUCCESS |  
2019-08-20 22:34:30,142 | INFO  | DNAudit | user=null | ip=null | op=PUT_BLOCK {blockData=[blockId=conID: 1 locID: 102651689041592838 bcsId: 0,size=3145728]} | ret=SUCCESS |  
2019-08-20 22:34:30,142 [grpc-default-executor-2] INFO  client.GrpcClientProtocolClient (GrpcClientProtocolClient.java:onNext(255)) - client-391BA870FC40->947ec526-030f-41cc-8af7-a6f75e712ab0: receive RaftClientReply:client-391BA870FC40->947ec526-030f-41cc-8af7-a6f75e712ab0@group-5D45C35602B2, cid=1751, SUCCESS, logIndex=2538, commits[947ec526-030f-41cc-8af7-a6f75e712ab0:c2539, c447b9b6-dde2-4ce7-aa81-d0e2eddc8fe9:c2537, 28b540ac-241d-462a-a56c-509e92928066:c2534]
2019-08-20 22:34:30,143 [grpc-default-executor-2] INFO  client.GrpcClientProtocolClient (GrpcClientProtocolClient.java:onNext(255)) - client-391BA870FC40->947ec526-030f-41cc-8af7-a6f75e712ab0: receive RaftClientReply:client-391BA870FC40->947ec526-030f-41cc-8af7-a6f75e712ab0@group-5D45C35602B2, cid=1752, SUCCESS, logIndex=2539, commits[947ec526-030f-41cc-8af7-a6f75e712ab0:c2539, c447b9b6-dde2-4ce7-aa81-d0e2eddc8fe9:c2537, 28b540ac-241d-462a-a56c-509e92928066:c2537]
2019-08-20 22:34:30,145 | INFO  | DNAudit | user=null | ip=null | op=WRITE_CHUNK {blockData=conID: 1 locID: 102651689041592838 bcsId: 2534} | ret=SUCCESS |  
2019-08-20 22:34:30,145 | INFO  | DNAudit | user=null | ip=null | op=WRITE_CHUNK {blockData=conID: 1 locID: 102651689041592838 bcsId: 2534} | ret=SUCCESS |  
2019-08-20 22:34:30,145 | INFO  | DNAudit | user=null | ip=null | op=PUT_BLOCK {blockData=[blockId=conID: 1 locID: 102651689041592838 bcsId: 0,size=3145728]} | ret=SUCCESS |  
2019-08-20 22:34:30,145 | INFO  | DNAudit | user=null | ip=null | op=PUT_BLOCK {blockData=[blockId=conID: 1 locID: 102651689041592838 bcsId: 0,size=3145728]} | ret=SUCCESS |  
2019-08-20 22:34:30,148 | INFO  | DNAudit | user=null | ip=null | op=WRITE_CHUNK {blockData=conID: 1 locID: 102651689041592838 bcsId: 2539} | ret=SUCCESS |  
2019-08-20 22:34:30,150 | INFO  | DNAudit | user=null | ip=null | op=WRITE_CHUNK {blockData=conID: 1 locID: 102651689041592838 bcsId: 2539} | ret=SUCCESS |  
2019-08-20 22:34:30,150 | INFO  | DNAudit | user=null | ip=null | op=WRITE_CHUNK {blockData=conID: 1 locID: 102651689041592838 bcsId: 2539} | ret=SUCCESS |  
2019-08-20 22:34:30,161 | INFO  | SCMAudit | user=jenkins1000 | ip=192.168.5.142 | op=SEND_HEARTBEAT {datanodeUUID=c447b9b6-dde2-4ce7-aa81-d0e2eddc8fe9, command=[]} | ret=SUCCESS |  
2019-08-20 22:34:30,162 | INFO  | SCMAudit | user=jenkins1000 | ip=192.168.5.142 | op=SEND_HEARTBEAT {datanodeUUID=eafd9314-3f13-422a-a2ac-adfcde2d7481, command=[]} | ret=SUCCESS |  
2019-08-20 22:34:30,162 | INFO  | SCMAudit | user=jenkins1000 | ip=192.168.5.142 | op=SEND_HEARTBEAT {datanodeUUID=947ec526-030f-41cc-8af7-a6f75e712ab0, command=[]} | ret=SUCCESS |  
2019-08-20 22:34:30,163 | INFO  | SCMAudit | user=jenkins1000 | ip=192.168.5.142 | op=SEND_HEARTBEAT {datanodeUUID=28b540ac-241d-462a-a56c-509e92928066, command=[]} | ret=SUCCESS |  
 0.00% |█                                                                                                    |  0/1 Time: 0:00:192019-08-20 22:34:30,169 | INFO  | DNAudit | user=null | ip=null | op=WRITE_CHUNK {blockData=conID: 1 locID: 102651689041592838 bcsId: 2539} | ret=SUCCESS |  
2019-08-20 22:34:30,169 | INFO  | DNAudit | user=null | ip=null | op=PUT_BLOCK {blockData=[blockId=conID: 1 locID: 102651689041592838 bcsId: 0,size=4194304]} | ret=SUCCESS |  
2019-08-20 22:34:30,169 [grpc-default-executor-3] INFO  client.GrpcClientProtocolClient (GrpcClientProtocolClient.java:onNext(255)) - client-391BA870FC40->947ec526-030f-41cc-8af7-a6f75e712ab0: receive RaftClientReply:client-391BA870FC40->947ec526-030f-41cc-8af7-a6f75e712ab0@group-5D45C35602B2, cid=1753, SUCCESS, logIndex=2542, commits[947ec526-030f-41cc-8af7-a6f75e712ab0:c2543, c447b9b6-dde2-4ce7-aa81-d0e2eddc8fe9:c2540, 28b540ac-241d-462a-a56c-509e92928066:c2539]
2019-08-20 22:34:30,170 [grpc-default-executor-3] INFO  client.GrpcClientProtocolClient (GrpcClientProtocolClient.java:onNext(255)) - client-391BA870FC40->947ec526-030f-41cc-8af7-a6f75e712ab0: receive RaftClientReply:client-391BA870FC40->947ec526-030f-41cc-8af7-a6f75e712ab0@group-5D45C35602B2, cid=1754, SUCCESS, logIndex=2543, commits[947ec526-030f-41cc-8af7-a6f75e712ab0:c2543, c447b9b6-dde2-4ce7-aa81-d0e2eddc8fe9:c2540, 28b540ac-241d-462a-a56c-509e92928066:c2540]
2019-08-20 22:34:30,170 | INFO  | DNAudit | user=null | ip=null | op=WRITE_CHUNK {blockData=conID: 1 locID: 102651689041592838 bcsId: 2539} | ret=SUCCESS |  
2019-08-20 22:34:30,170 | INFO  | DNAudit | user=null | ip=null | op=WRITE_CHUNK {blockData=conID: 1 locID: 102651689041592838 bcsId: 2539} | ret=SUCCESS |  
2019-08-20 22:34:30,170 | INFO  | DNAudit | user=null | ip=null | op=PUT_BLOCK {blockData=[blockId=conID: 1 locID: 102651689041592838 bcsId: 0,size=4194304]} | ret=SUCCESS |  
2019-08-20 22:34:30,171 | INFO  | DNAudit | user=null | ip=null | op=PUT_BLOCK {blockData=[blockId=conID: 1 locID: 102651689041592838 bcsId: 0,size=4194304]} | ret=SUCCESS |  
2019-08-20 22:34:30,171 [grpc-default-executor-2] INFO  client.GrpcClientProtocolClient (GrpcClientProtocolClient.java:onNext(255)) - client-391BA870FC40->947ec526-030f-41cc-8af7-a6f75e712ab0: receive RaftClientReply:client-391BA870FC40->947ec526-030f-41cc-8af7-a6f75e712ab0@group-5D45C35602B2, cid=1755, SUCCESS, logIndex=0, commits[947ec526-030f-41cc-8af7-a6f75e712ab0:c2544, c447b9b6-dde2-4ce7-aa81-d0e2eddc8fe9:c2543, 28b540ac-241d-462a-a56c-509e92928066:c2543]
2019-08-20 22:34:30,175 | INFO  | SCMAudit | user=jenkins1000 | ip=192.168.5.142 | op=ALLOCATE_BLOCK {owner=6f694d07-2a2f-44d9-8e1c-aaa094a2f647, size=4194304, type=RATIS, factor=THREE} | ret=SUCCESS |  
2019-08-20 22:34:30,177 | INFO  | OMAudit | user=jenkins1000 | ip=127.0.0.1 | op=ALLOCATE_BLOCK {volume=vol-0-80747, bucket=bucket-0-27686, key=key-0-47435, dataSize=0, replicationType=null, replicationFactor=null, keyLocationInfo=null, clientID=102651687805452690} | ret=SUCCESS |  
2019-08-20 22:34:30,182 | INFO  | DNAudit | user=null | ip=null | op=WRITE_CHUNK {blockData=conID: 2 locID: 102651689053389319 bcsId: 0} | ret=SUCCESS |  
2019-08-20 22:34:30,186 | INFO  | DNAudit | user=null | ip=null | op=WRITE_CHUNK {blockData=conID: 2 locID: 102651689053389319 bcsId: 0} | ret=SUCCESS |  
2019-08-20 22:34:30,186 | INFO  | DNAudit | user=null | ip=null | op=WRITE_CHUNK {blockData=conID: 2 locID: 102651689053389319 bcsId: 0} | ret=SUCCESS |  
2019-08-20 22:34:30,186 | INFO  | DNAudit | user=null | ip=null | op=WRITE_CHUNK {blockData=conID: 2 locID: 102651689053389319 bcsId: 0} | ret=SUCCESS |  
2019-08-20 22:34:30,187 | INFO  | DNAudit | user=null | ip=null | op=WRITE_CHUNK {blockData=conID: 2 locID: 102651689053389319 bcsId: 0} | ret=SUCCESS |  
2019-08-20 22:34:30,187 | INFO  | DNAudit | user=null | ip=null | op=WRITE_CHUNK {blockData=conID: 2 locID: 102651689053389319 bcsId: 0} | ret=SUCCESS |  
2019-08-20 22:34:30,196 | INFO  | DNAudit | user=null | ip=null | op=WRITE_CHUNK {blockData=conID: 2 locID: 102651689053389319 bcsId: 0} | ret=SUCCESS |  
2019-08-20 22:34:30,197 | INFO  | DNAudit | user=null | ip=null | op=PUT_BLOCK {blockData=[blockId=conID: 2 locID: 102651689053389319 bcsId: 0,size=1048576]} | ret=SUCCESS |  
2019-08-20 22:34:30,197 [grpc-default-executor-3] INFO  client.GrpcClientProtocolClient (GrpcClientProtocolClient.java:onNext(255)) - client-391BA870FC40->947ec526-030f-41cc-8af7-a6f75e712ab0: receive RaftClientReply:client-391BA870FC40->947ec526-030f-41cc-8af7-a6f75e712ab0@group-5D45C35602B2, cid=1756, SUCCESS, logIndex=2546, commits[947ec526-030f-41cc-8af7-a6f75e712ab0:c2547, c447b9b6-dde2-4ce7-aa81-d0e2eddc8fe9:c2545, 28b540ac-241d-462a-a56c-509e92928066:c2545]
2019-08-20 22:34:30,197 [grpc-default-executor-3] INFO  client.GrpcClientProtocolClient (GrpcClientProtocolClient.java:onNext(255)) - client-391BA870FC40->947ec526-030f-41cc-8af7-a6f75e712ab0: receive RaftClientReply:client-391BA870FC40->947ec526-030f-41cc-8af7-a6f75e712ab0@group-5D45C35602B2, cid=1757, SUCCESS, logIndex=2547, commits[947ec526-030f-41cc-8af7-a6f75e712ab0:c2547, c447b9b6-dde2-4ce7-aa81-d0e2eddc8fe9:c2545, 28b540ac-241d-462a-a56c-509e92928066:c2545]
2019-08-20 22:34:30,207 | INFO  | DNAudit | user=null | ip=null | op=WRITE_CHUNK {blockData=conID: 2 locID: 102651689053389319 bcsId: 0} | ret=SUCCESS |  
2019-08-20 22:34:30,207 | INFO  | DNAudit | user=null | ip=null | op=PUT_BLOCK {blockData=[blockId=conID: 2 locID: 102651689053389319 bcsId: 0,size=2097152]} | ret=SUCCESS |  
2019-08-20 22:34:30,207 [grpc-default-executor-3] INFO  client.GrpcClientProtocolClient (GrpcClientProtocolClient.java:onNext(255)) - client-391BA870FC40->947ec526-030f-41cc-8af7-a6f75e712ab0: receive RaftClientReply:client-391BA870FC40->947ec526-030f-41cc-8af7-a6f75e712ab0@group-5D45C35602B2, cid=1758, SUCCESS, logIndex=2548, commits[947ec526-030f-41cc-8af7-a6f75e712ab0:c2549, c447b9b6-dde2-4ce7-aa81-d0e2eddc8fe9:c2545, 28b540ac-241d-462a-a56c-509e92928066:c2545]
2019-08-20 22:34:30,207 [grpc-default-executor-3] INFO  client.GrpcClientProtocolClient (GrpcClientProtocolClient.java:onNext(255)) - client-391BA870FC40->947ec526-030f-41cc-8af7-a6f75e712ab0: receive RaftClientReply:client-391BA870FC40->947ec526-030f-41cc-8af7-a6f75e712ab0@group-5D45C35602B2, cid=1759, SUCCESS, logIndex=2549, commits[947ec526-030f-41cc-8af7-a6f75e712ab0:c2549, c447b9b6-dde2-4ce7-aa81-d0e2eddc8fe9:c2545, 28b540ac-241d-462a-a56c-509e92928066:c2545]
2019-08-20 22:34:30,209 | INFO  | DNAudit | user=null | ip=null | op=WRITE_CHUNK {blockData=conID: 2 locID: 102651689053389319 bcsId: 0} | ret=SUCCESS |  
2019-08-20 22:34:30,209 | INFO  | DNAudit | user=null | ip=null | op=WRITE_CHUNK {blockData=conID: 2 locID: 102651689053389319 bcsId: 0} | ret=SUCCESS |  
2019-08-20 22:34:30,222 | INFO  | DNAudit | user=null | ip=null | op=PUT_BLOCK {blockData=[blockId=conID: 2 locID: 102651689053389319 bcsId: 0,size=1048576]} | ret=SUCCESS |  
2019-08-20 22:34:30,222 | INFO  | DNAudit | user=null | ip=null | op=PUT_BLOCK {blockData=[blockId=conID: 2 locID: 102651689053389319 bcsId: 0,size=1048576]} | ret=SUCCESS |  
2019-08-20 22:34:30,223 [grpc-default-executor-4] INFO  client.GrpcClientProtocolClient (GrpcClientProtocolClient.java:onNext(255)) - client-391BA870FC40->947ec526-030f-41cc-8af7-a6f75e712ab0: receive RaftClientReply:client-391BA870FC40->947ec526-030f-41cc-8af7-a6f75e712ab0@group-5D45C35602B2, cid=1760, SUCCESS, logIndex=0, commits[947ec526-030f-41cc-8af7-a6f75e712ab0:c2551, c447b9b6-dde2-4ce7-aa81-d0e2eddc8fe9:c2547, 28b540ac-241d-462a-a56c-509e92928066:c2547]
2019-08-20 22:34:30,228 | INFO  | DNAudit | user=null | ip=null | op=WRITE_CHUNK {blockData=conID: 2 locID: 102651689053389319 bcsId: 2549} | ret=SUCCESS |  
2019-08-20 22:34:30,229 | INFO  | DNAudit | user=null | ip=null | op=WRITE_CHUNK {blockData=conID: 2 locID: 102651689053389319 bcsId: 2549} | ret=SUCCESS |  
2019-08-20 22:34:30,229 | INFO  | DNAudit | user=null | ip=null | op=WRITE_CHUNK {blockData=conID: 2 locID: 102651689053389319 bcsId: 2549} | ret=SUCCESS |  
2019-08-20 22:34:30,241 | INFO  | DNAudit | user=null | ip=null | op=WRITE_CHUNK {blockData=conID: 2 locID: 102651689053389319 bcsId: 0} | ret=SUCCESS |  
2019-08-20 22:34:30,241 | INFO  | DNAudit | user=null | ip=null | op=WRITE_CHUNK {blockData=conID: 2 locID: 102651689053389319 bcsId: 0} | ret=SUCCESS |  
2019-08-20 22:34:30,241 | INFO  | DNAudit | user=null | ip=null | op=PUT_BLOCK {blockData=[blockId=conID: 2 locID: 102651689053389319 bcsId: 0,size=2097152]} | ret=SUCCESS |  
2019-08-20 22:34:30,241 | INFO  | DNAudit | user=null | ip=null | op=PUT_BLOCK {blockData=[blockId=conID: 2 locID: 102651689053389319 bcsId: 0,size=2097152]} | ret=SUCCESS |  
2019-08-20 22:34:30,242 | INFO  | DNAudit | user=null | ip=null | op=WRITE_CHUNK {blockData=conID: 2 locID: 102651689053389319 bcsId: 2549} | ret=SUCCESS |  
2019-08-20 22:34:30,242 | INFO  | DNAudit | user=null | ip=null | op=PUT_BLOCK {blockData=[blockId=conID: 2 locID: 102651689053389319 bcsId: 0,size=3145728]} | ret=SUCCESS |  
2019-08-20 22:34:30,242 [grpc-default-executor-3] INFO  client.GrpcClientProtocolClient (GrpcClientProtocolClient.java:onNext(255)) - client-391BA870FC40->947ec526-030f-41cc-8af7-a6f75e712ab0: receive RaftClientReply:client-391BA870FC40->947ec526-030f-41cc-8af7-a6f75e712ab0@group-5D45C35602B2, cid=1761, SUCCESS, logIndex=2554, commits[947ec526-030f-41cc-8af7-a6f75e712ab0:c2555, c447b9b6-dde2-4ce7-aa81-d0e2eddc8fe9:c2553, 28b540ac-241d-462a-a56c-509e92928066:c2553]
2019-08-20 22:34:30,242 [grpc-default-executor-3] INFO  client.GrpcClientProtocolClient (GrpcClientProtocolClient.java:onNext(255)) - client-391BA870FC40->947ec526-030f-41cc-8af7-a6f75e712ab0: receive RaftClientReply:client-391BA870FC40->947ec526-030f-41cc-8af7-a6f75e712ab0@group-5D45C35602B2, cid=1762, SUCCESS, logIndex=2555, commits[947ec526-030f-41cc-8af7-a6f75e712ab0:c2555, c447b9b6-dde2-4ce7-aa81-d0e2eddc8fe9:c2553, 28b540ac-241d-462a-a56c-509e92928066:c2553]
2019-08-20 22:34:30,248 | INFO  | DNAudit | user=null | ip=null | op=WRITE_CHUNK {blockData=conID: 2 locID: 102651689053389319 bcsId: 2555} | ret=SUCCESS |  
2019-08-20 22:34:30,249 | INFO  | DNAudit | user=null | ip=null | op=WRITE_CHUNK {blockData=conID: 2 locID: 102651689053389319 bcsId: 2555} | ret=SUCCESS |  
2019-08-20 22:34:30,250 | INFO  | DNAudit | user=null | ip=null | op=WRITE_CHUNK {blockData=conID: 2 locID: 102651689053389319 bcsId: 2555} | ret=SUCCESS |  
2019-08-20 22:34:30,255 | INFO  | DNAudit | user=null | ip=null | op=WRITE_CHUNK {blockData=conID: 2 locID: 102651689053389319 bcsId: 2549} | ret=SUCCESS |  
2019-08-20 22:34:30,255 | INFO  | DNAudit | user=null | ip=null | op=WRITE_CHUNK {blockData=conID: 2 locID: 102651689053389319 bcsId: 2549} | ret=SUCCESS |  
2019-08-20 22:34:30,268 | INFO  | DNAudit | user=null | ip=null | op=PUT_BLOCK {blockData=[blockId=conID: 2 locID: 102651689053389319 bcsId: 0,size=3145728]} | ret=SUCCESS |  
2019-08-20 22:34:30,268 | INFO  | DNAudit | user=null | ip=null | op=PUT_BLOCK {blockData=[blockId=conID: 2 locID: 102651689053389319 bcsId: 0,size=3145728]} | ret=SUCCESS |  
2019-08-20 22:34:30,268 | INFO  | DNAudit | user=null | ip=null | op=WRITE_CHUNK {blockData=conID: 2 locID: 102651689053389319 bcsId: 2555} | ret=SUCCESS |  
2019-08-20 22:34:30,269 | INFO  | DNAudit | user=null | ip=null | op=PUT_BLOCK {blockData=[blockId=conID: 2 locID: 102651689053389319 bcsId: 0,size=4194304]} | ret=SUCCESS |  
2019-08-20 22:34:30,269 [grpc-default-executor-3] INFO  client.GrpcClientProtocolClient (GrpcClientProtocolClient.java:onNext(255)) - client-391BA870FC40->947ec526-030f-41cc-8af7-a6f75e712ab0: receive RaftClientReply:client-391BA870FC40->947ec526-030f-41cc-8af7-a6f75e712ab0@group-5D45C35602B2, cid=1763, SUCCESS, logIndex=2558, commits[947ec526-030f-41cc-8af7-a6f75e712ab0:c2559, c447b9b6-dde2-4ce7-aa81-d0e2eddc8fe9:c2555, 28b540ac-241d-462a-a56c-509e92928066:c2555]
2019-08-20 22:34:30,269 [grpc-default-executor-3] INFO  client.GrpcClientProtocolClient (GrpcClientProtocolClient.java:onNext(255)) - client-391BA870FC40->947ec526-030f-41cc-8af7-a6f75e712ab0: receive RaftClientReply:client-391BA870FC40->947ec526-030f-41cc-8af7-a6f75e712ab0@group-5D45C35602B2, cid=1764, SUCCESS, logIndex=2559, commits[947ec526-030f-41cc-8af7-a6f75e712ab0:c2559, c447b9b6-dde2-4ce7-aa81-d0e2eddc8fe9:c2555, 28b540ac-241d-462a-a56c-509e92928066:c2555]
2019-08-20 22:34:30,278 | INFO  | DNAudit | user=null | ip=null | op=WRITE_CHUNK {blockData=conID: 2 locID: 102651689053389319 bcsId: 2555} | ret=SUCCESS |  
2019-08-20 22:34:30,278 | INFO  | DNAudit | user=null | ip=null | op=WRITE_CHUNK {blockData=conID: 2 locID: 102651689053389319 bcsId: 2555} | ret=SUCCESS |  
2019-08-20 22:34:30,281 | INFO  | DNAudit | user=null | ip=null | op=PUT_BLOCK {blockData=[blockId=conID: 2 locID: 102651689053389319 bcsId: 0,size=4194304]} | ret=SUCCESS |  
2019-08-20 22:34:30,281 | INFO  | DNAudit | user=null | ip=null | op=PUT_BLOCK {blockData=[blockId=conID: 2 locID: 102651689053389319 bcsId: 0,size=4194304]} | ret=SUCCESS |  
2019-08-20 22:34:30,281 [grpc-default-executor-3] INFO  client.GrpcClientProtocolClient (GrpcClientProtocolClient.java:onNext(255)) - client-391BA870FC40->947ec526-030f-41cc-8af7-a6f75e712ab0: receive RaftClientReply:client-391BA870FC40->947ec526-030f-41cc-8af7-a6f75e712ab0@group-5D45C35602B2, cid=1765, SUCCESS, logIndex=0, commits[947ec526-030f-41cc-8af7-a6f75e712ab0:c2561, c447b9b6-dde2-4ce7-aa81-d0e2eddc8fe9:c2559, 28b540ac-241d-462a-a56c-509e92928066:c2559]
2019-08-20 22:34:30,285 | INFO  | SCMAudit | user=jenkins1000 | ip=192.168.5.142 | op=ALLOCATE_BLOCK {owner=6f694d07-2a2f-44d9-8e1c-aaa094a2f647, size=4194304, type=RATIS, factor=THREE} | ret=SUCCESS |  
2019-08-20 22:34:30,287 | INFO  | OMAudit | user=jenkins1000 | ip=127.0.0.1 | op=ALLOCATE_BLOCK {volume=vol-0-80747, bucket=bucket-0-27686, key=key-0-47435, dataSize=0, replicationType=null, replicationFactor=null, keyLocationInfo=null, clientID=102651687805452690} | ret=SUCCESS |  
2019-08-20 22:34:30,292 | INFO  | DNAudit | user=null | ip=null | op=WRITE_CHUNK {blockData=conID: 3 locID: 102651689060598280 bcsId: 0} | ret=SUCCESS |  
2019-08-20 22:34:30,295 | INFO  | DNAudit | user=null | ip=null | op=WRITE_CHUNK {blockData=conID: 3 locID: 102651689060598280 bcsId: 0} | ret=SUCCESS |  
2019-08-20 22:34:30,295 | INFO  | DNAudit | user=null | ip=null | op=WRITE_CHUNK {blockData=conID: 3 locID: 102651689060598280 bcsId: 0} | ret=SUCCESS |  
2019-08-20 22:34:30,295 | INFO  | DNAudit | user=null | ip=null | op=WRITE_CHUNK {blockData=conID: 3 locID: 102651689060598280 bcsId: 0} | ret=SUCCESS |  
2019-08-20 22:34:30,296 | INFO  | DNAudit | user=null | ip=null | op=WRITE_CHUNK {blockData=conID: 3 locID: 102651689060598280 bcsId: 0} | ret=SUCCESS |  
2019-08-20 22:34:30,296 | INFO  | DNAudit | user=null | ip=null | op=WRITE_CHUNK {blockData=conID: 3 locID: 102651689060598280 bcsId: 0} | ret=SUCCESS |  
2019-08-20 22:34:30,304 | INFO  | DNAudit | user=null | ip=null | op=WRITE_CHUNK {blockData=conID: 3 locID: 102651689060598280 bcsId: 0} | ret=SUCCESS |  
2019-08-20 22:34:30,305 | INFO  | DNAudit | user=null | ip=null | op=PUT_BLOCK {blockData=[blockId=conID: 3 locID: 102651689060598280 bcsId: 0,size=1048576]} | ret=SUCCESS |  
2019-08-20 22:34:30,305 [grpc-default-executor-2] INFO  client.GrpcClientProtocolClient (GrpcClientProtocolClient.java:onNext(255)) - client-391BA870FC40->947ec526-030f-41cc-8af7-a6f75e712ab0: receive RaftClientReply:client-391BA870FC40->947ec526-030f-41cc-8af7-a6f75e712ab0@group-5D45C35602B2, cid=1766, SUCCESS, logIndex=2562, commits[947ec526-030f-41cc-8af7-a6f75e712ab0:c2564, c447b9b6-dde2-4ce7-aa81-d0e2eddc8fe9:c2561, 28b540ac-241d-462a-a56c-509e92928066:c2561]
2019-08-20 22:34:30,305 | INFO  | DNAudit | user=null | ip=null | op=WRITE_CHUNK {blockData=conID: 3 locID: 102651689060598280 bcsId: 0} | ret=SUCCESS |  
2019-08-20 22:34:30,305 [grpc-default-executor-2] INFO  client.GrpcClientProtocolClient (GrpcClientProtocolClient.java:onNext(255)) - client-391BA870FC40->947ec526-030f-41cc-8af7-a6f75e712ab0: receive RaftClientReply:client-391BA870FC40->947ec526-030f-41cc-8af7-a6f75e712ab0@group-5D45C35602B2, cid=1767, SUCCESS, logIndex=2563, commits[947ec526-030f-41cc-8af7-a6f75e712ab0:c2565, c447b9b6-dde2-4ce7-aa81-d0e2eddc8fe9:c2561, 28b540ac-241d-462a-a56c-509e92928066:c2561]
2019-08-20 22:34:30,305 | INFO  | DNAudit | user=null | ip=null | op=PUT_BLOCK {blockData=[blockId=conID: 3 locID: 102651689060598280 bcsId: 0,size=2097152]} | ret=SUCCESS |  
2019-08-20 22:34:30,306 [grpc-default-executor-2] INFO  client.GrpcClientProtocolClient (GrpcClientProtocolClient.java:onNext(255)) - client-391BA870FC40->947ec526-030f-41cc-8af7-a6f75e712ab0: receive RaftClientReply:client-391BA870FC40->947ec526-030f-41cc-8af7-a6f75e712ab0@group-5D45C35602B2, cid=1768, SUCCESS, logIndex=2564, commits[947ec526-030f-41cc-8af7-a6f75e712ab0:c2565, c447b9b6-dde2-4ce7-aa81-d0e2eddc8fe9:c2561, 28b540ac-241d-462a-a56c-509e92928066:c2561]
2019-08-20 22:34:30,306 [grpc-default-executor-2] INFO  client.GrpcClientProtocolClient (GrpcClientProtocolClient.java:onNext(255)) - client-391BA870FC40->947ec526-030f-41cc-8af7-a6f75e712ab0: receive RaftClientReply:client-391BA870FC40->947ec526-030f-41cc-8af7-a6f75e712ab0@group-5D45C35602B2, cid=1769, SUCCESS, logIndex=2565, commits[947ec526-030f-41cc-8af7-a6f75e712ab0:c2565, c447b9b6-dde2-4ce7-aa81-d0e2eddc8fe9:c2561, 28b540ac-241d-462a-a56c-509e92928066:c2561]
2019-08-20 22:34:30,307 | INFO  | DNAudit | user=null | ip=null | op=WRITE_CHUNK {blockData=conID: 3 locID: 102651689060598280 bcsId: 0} | ret=SUCCESS |  
2019-08-20 22:34:30,308 | INFO  | DNAudit | user=null | ip=null | op=PUT_BLOCK {blockData=[blockId=conID: 3 locID: 102651689060598280 bcsId: 0,size=1048576]} | ret=SUCCESS |  
2019-08-20 22:34:30,308 | INFO  | DNAudit | user=null | ip=null | op=WRITE_CHUNK {blockData=conID: 3 locID: 102651689060598280 bcsId: 0} | ret=SUCCESS |  
2019-08-20 22:34:30,308 | INFO  | DNAudit | user=null | ip=null | op=PUT_BLOCK {blockData=[blockId=conID: 3 locID: 102651689060598280 bcsId: 0,size=1048576]} | ret=SUCCESS |  
2019-08-20 22:34:30,308 [grpc-default-executor-2] INFO  client.GrpcClientProtocolClient (GrpcClientProtocolClient.java:onNext(255)) - client-391BA870FC40->947ec526-030f-41cc-8af7-a6f75e712ab0: receive RaftClientReply:client-391BA870FC40->947ec526-030f-41cc-8af7-a6f75e712ab0@group-5D45C35602B2, cid=1770, SUCCESS, logIndex=0, commits[947ec526-030f-41cc-8af7-a6f75e712ab0:c2566, c447b9b6-dde2-4ce7-aa81-d0e2eddc8fe9:c2563, 28b540ac-241d-462a-a56c-509e92928066:c2563]
2019-08-20 22:34:30,313 | INFO  | DNAudit | user=null | ip=null | op=WRITE_CHUNK {blockData=conID: 3 locID: 102651689060598280 bcsId: 2565} | ret=SUCCESS |  
2019-08-20 22:34:30,315 | INFO  | DNAudit | user=null | ip=null | op=WRITE_CHUNK {blockData=conID: 3 locID: 102651689060598280 bcsId: 2565} | ret=SUCCESS |  
2019-08-20 22:34:30,315 | INFO  | DNAudit | user=null | ip=null | op=WRITE_CHUNK {blockData=conID: 3 locID: 102651689060598280 bcsId: 2565} | ret=SUCCESS |  
2019-08-20 22:34:30,318 | INFO  | DNAudit | user=null | ip=null | op=WRITE_CHUNK {blockData=conID: 3 locID: 102651689060598280 bcsId: 0} | ret=SUCCESS |  
2019-08-20 22:34:30,318 | INFO  | DNAudit | user=null | ip=null | op=WRITE_CHUNK {blockData=conID: 3 locID: 102651689060598280 bcsId: 0} | ret=SUCCESS |  
2019-08-20 22:34:30,318 | INFO  | DNAudit | user=null | ip=null | op=PUT_BLOCK {blockData=[blockId=conID: 3 locID: 102651689060598280 bcsId: 0,size=2097152]} | ret=SUCCESS |  
2019-08-20 22:34:30,318 | INFO  | DNAudit | user=null | ip=null | op=PUT_BLOCK {blockData=[blockId=conID: 3 locID: 102651689060598280 bcsId: 0,size=2097152]} | ret=SUCCESS |  
2019-08-20 22:34:30,329 | INFO  | DNAudit | user=null | ip=null | op=WRITE_CHUNK {blockData=conID: 3 locID: 102651689060598280 bcsId: 2565} | ret=SUCCESS |  
2019-08-20 22:34:30,330 | INFO  | DNAudit | user=null | ip=null | op=PUT_BLOCK {blockData=[blockId=conID: 3 locID: 102651689060598280 bcsId: 0,size=3145728]} | ret=SUCCESS |  
2019-08-20 22:34:30,330 [grpc-default-executor-3] INFO  client.GrpcClientProtocolClient (GrpcClientProtocolClient.java:onNext(255)) - client-391BA870FC40->947ec526-030f-41cc-8af7-a6f75e712ab0: receive RaftClientReply:client-391BA870FC40->947ec526-030f-41cc-8af7-a6f75e712ab0@group-5D45C35602B2, cid=1771, SUCCESS, logIndex=2570, commits[947ec526-030f-41cc-8af7-a6f75e712ab0:c2571, c447b9b6-dde2-4ce7-aa81-d0e2eddc8fe9:c2566, 28b540ac-241d-462a-a56c-509e92928066:c2566]
2019-08-20 22:34:30,330 [grpc-default-executor-3] INFO  client.GrpcClientProtocolClient (GrpcClientProtocolClient.java:onNext(255)) - client-391BA870FC40->947ec526-030f-41cc-8af7-a6f75e712ab0: receive RaftClientReply:client-391BA870FC40->947ec526-030f-41cc-8af7-a6f75e712ab0@group-5D45C35602B2, cid=1772, SUCCESS, logIndex=2571, commits[947ec526-030f-41cc-8af7-a6f75e712ab0:c2571, c447b9b6-dde2-4ce7-aa81-d0e2eddc8fe9:c2566, 28b540ac-241d-462a-a56c-509e92928066:c2566]
2019-08-20 22:34:30,335 | INFO  | DNAudit | user=null | ip=null | op=WRITE_CHUNK {blockData=conID: 3 locID: 102651689060598280 bcsId: 2571} | ret=SUCCESS |  
2019-08-20 22:34:30,337 | INFO  | DNAudit | user=null | ip=null | op=WRITE_CHUNK {blockData=conID: 3 locID: 102651689060598280 bcsId: 2571} | ret=SUCCESS |  
2019-08-20 22:34:30,338 | INFO  | DNAudit | user=null | ip=null | op=WRITE_CHUNK {blockData=conID: 3 locID: 102651689060598280 bcsId: 2571} | ret=SUCCESS |  
2019-08-20 22:34:30,354 | INFO  | DNAudit | user=null | ip=null | op=WRITE_CHUNK {blockData=conID: 3 locID: 102651689060598280 bcsId: 2565} | ret=SUCCESS |  
2019-08-20 22:34:30,355 | INFO  | DNAudit | user=null | ip=null | op=WRITE_CHUNK {blockData=conID: 3 locID: 102651689060598280 bcsId: 2565} | ret=SUCCESS |  
2019-08-20 22:34:30,357 | INFO  | DNAudit | user=null | ip=null | op=PUT_BLOCK {blockData=[blockId=conID: 3 locID: 102651689060598280 bcsId: 0,size=3145728]} | ret=SUCCESS |  
2019-08-20 22:34:30,357 | INFO  | DNAudit | user=null | ip=null | op=PUT_BLOCK {blockData=[blockId=conID: 3 locID: 102651689060598280 bcsId: 0,size=3145728]} | ret=SUCCESS |  
2019-08-20 22:34:30,357 | INFO  | DNAudit | user=null | ip=null | op=WRITE_CHUNK {blockData=conID: 3 locID: 102651689060598280 bcsId: 2571} | ret=SUCCESS |  
2019-08-20 22:34:30,358 | INFO  | DNAudit | user=null | ip=null | op=PUT_BLOCK {blockData=[blockId=conID: 3 locID: 102651689060598280 bcsId: 0,size=4194304]} | ret=SUCCESS |  
2019-08-20 22:34:30,358 [grpc-default-executor-2] INFO  client.GrpcClientProtocolClient (GrpcClientProtocolClient.java:onNext(255)) - client-391BA870FC40->947ec526-030f-41cc-8af7-a6f75e712ab0: receive RaftClientReply:client-391BA870FC40->947ec526-030f-41cc-8af7-a6f75e712ab0@group-5D45C35602B2, cid=1773, SUCCESS, logIndex=2574, commits[947ec526-030f-41cc-8af7-a6f75e712ab0:c2574, c447b9b6-dde2-4ce7-aa81-d0e2eddc8fe9:c2571, 28b540ac-241d-462a-a56c-509e92928066:c2571]
2019-08-20 22:34:30,358 [grpc-default-executor-2] INFO  client.GrpcClientProtocolClient (GrpcClientProtocolClient.java:onNext(255)) - client-391BA870FC40->947ec526-030f-41cc-8af7-a6f75e712ab0: receive RaftClientReply:client-391BA870FC40->947ec526-030f-41cc-8af7-a6f75e712ab0@group-5D45C35602B2, cid=1774, SUCCESS, logIndex=2575, commits[947ec526-030f-41cc-8af7-a6f75e712ab0:c2575, c447b9b6-dde2-4ce7-aa81-d0e2eddc8fe9:c2571, 28b540ac-241d-462a-a56c-509e92928066:c2571]
2019-08-20 22:34:30,371 | INFO  | DNAudit | user=null | ip=null | op=WRITE_CHUNK {blockData=conID: 3 locID: 102651689060598280 bcsId: 2571} | ret=SUCCESS |  
2019-08-20 22:34:30,372 | INFO  | DNAudit | user=null | ip=null | op=WRITE_CHUNK {blockData=conID: 3 locID: 102651689060598280 bcsId: 2571} | ret=SUCCESS |  
2019-08-20 22:34:30,372 | INFO  | DNAudit | user=null | ip=null | op=PUT_BLOCK {blockData=[blockId=conID: 3 locID: 102651689060598280 bcsId: 0,size=4194304]} | ret=SUCCESS |  
2019-08-20 22:34:30,373 | INFO  | DNAudit | user=null | ip=null | op=PUT_BLOCK {blockData=[blockId=conID: 3 locID: 102651689060598280 bcsId: 0,size=4194304]} | ret=SUCCESS |  
2019-08-20 22:34:30,373 [grpc-default-executor-2] INFO  client.GrpcClientProtocolClient (GrpcClientProtocolClient.java:onNext(255)) - client-391BA870FC40->947ec526-030f-41cc-8af7-a6f75e712ab0: receive RaftClientReply:client-391BA870FC40->947ec526-030f-41cc-8af7-a6f75e712ab0@group-5D45C35602B2, cid=1775, SUCCESS, logIndex=0, commits[947ec526-030f-41cc-8af7-a6f75e712ab0:c2577, c447b9b6-dde2-4ce7-aa81-d0e2eddc8fe9:c2575, 28b540ac-241d-462a-a56c-509e92928066:c2575]
2019-08-20 22:34:30,376 | INFO  | SCMAudit | user=jenkins1000 | ip=192.168.5.142 | op=ALLOCATE_BLOCK {owner=6f694d07-2a2f-44d9-8e1c-aaa094a2f647, size=4194304, type=RATIS, factor=THREE} | ret=SUCCESS |  
2019-08-20 22:34:30,378 | INFO  | OMAudit | user=jenkins1000 | ip=127.0.0.1 | op=ALLOCATE_BLOCK {volume=vol-0-80747, bucket=bucket-0-27686, key=key-0-47435, dataSize=0, replicationType=null, replicationFactor=null, keyLocationInfo=null, clientID=102651687805452690} | ret=SUCCESS |  
2019-08-20 22:34:30,383 | INFO  | DNAudit | user=null | ip=null | op=WRITE_CHUNK {blockData=conID: 1 locID: 102651689066562057 bcsId: 0} | ret=SUCCESS |  
2019-08-20 22:34:30,386 | INFO  | DNAudit | user=null | ip=null | op=WRITE_CHUNK {blockData=conID: 1 locID: 102651689066562057 bcsId: 0} | ret=SUCCESS |  
2019-08-20 22:34:30,386 | INFO  | DNAudit | user=null | ip=null | op=WRITE_CHUNK {blockData=conID: 1 locID: 102651689066562057 bcsId: 0} | ret=SUCCESS |  
2019-08-20 22:34:30,386 | INFO  | DNAudit | user=null | ip=null | op=WRITE_CHUNK {blockData=conID: 1 locID: 102651689066562057 bcsId: 0} | ret=SUCCESS |  
2019-08-20 22:34:30,387 | INFO  | DNAudit | user=null | ip=null | op=WRITE_CHUNK {blockData=conID: 1 locID: 102651689066562057 bcsId: 0} | ret=SUCCESS |  
2019-08-20 22:34:30,387 | INFO  | DNAudit | user=null | ip=null | op=WRITE_CHUNK {blockData=conID: 1 locID: 102651689066562057 bcsId: 0} | ret=SUCCESS |  
2019-08-20 22:34:30,396 | INFO  | DNAudit | user=null | ip=null | op=WRITE_CHUNK {blockData=conID: 1 locID: 102651689066562057 bcsId: 0} | ret=SUCCESS |  
2019-08-20 22:34:30,396 | INFO  | DNAudit | user=null | ip=null | op=PUT_BLOCK {blockData=[blockId=conID: 1 locID: 102651689066562057 bcsId: 0,size=1048576]} | ret=SUCCESS |  
2019-08-20 22:34:30,396 [grpc-default-executor-1] INFO  client.GrpcClientProtocolClient (GrpcClientProtocolClient.java:onNext(255)) - client-391BA870FC40->947ec526-030f-41cc-8af7-a6f75e712ab0: receive RaftClientReply:client-391BA870FC40->947ec526-030f-41cc-8af7-a6f75e712ab0@group-5D45C35602B2, cid=1776, SUCCESS, logIndex=2578, commits[947ec526-030f-41cc-8af7-a6f75e712ab0:c2579, c447b9b6-dde2-4ce7-aa81-d0e2eddc8fe9:c2577, 28b540ac-241d-462a-a56c-509e92928066:c2577]
2019-08-20 22:34:30,397 | INFO  | DNAudit | user=null | ip=null | op=WRITE_CHUNK {blockData=conID: 1 locID: 102651689066562057 bcsId: 0} | ret=SUCCESS |  
2019-08-20 22:34:30,397 | INFO  | DNAudit | user=null | ip=null | op=PUT_BLOCK {blockData=[blockId=conID: 1 locID: 102651689066562057 bcsId: 0,size=2097152]} | ret=SUCCESS |  
2019-08-20 22:34:30,397 [grpc-default-executor-1] INFO  client.GrpcClientProtocolClient (GrpcClientProtocolClient.java:onNext(255)) - client-391BA870FC40->947ec526-030f-41cc-8af7-a6f75e712ab0: receive RaftClientReply:client-391BA870FC40->947ec526-030f-41cc-8af7-a6f75e712ab0@group-5D45C35602B2, cid=1777, SUCCESS, logIndex=2579, commits[947ec526-030f-41cc-8af7-a6f75e712ab0:c2581, c447b9b6-dde2-4ce7-aa81-d0e2eddc8fe9:c2577, 28b540ac-241d-462a-a56c-509e92928066:c2577]
2019-08-20 22:34:30,397 | INFO  | DNAudit | user=null | ip=null | op=WRITE_CHUNK {blockData=conID: 1 locID: 102651689066562057 bcsId: 0} | ret=SUCCESS |  
2019-08-20 22:34:30,397 [grpc-default-executor-1] INFO  client.GrpcClientProtocolClient (GrpcClientProtocolClient.java:onNext(255)) - client-391BA870FC40->947ec526-030f-41cc-8af7-a6f75e712ab0: receive RaftClientReply:client-391BA870FC40->947ec526-030f-41cc-8af7-a6f75e712ab0@group-5D45C35602B2, cid=1778, SUCCESS, logIndex=2580, commits[947ec526-030f-41cc-8af7-a6f75e712ab0:c2581, c447b9b6-dde2-4ce7-aa81-d0e2eddc8fe9:c2577, 28b540ac-241d-462a-a56c-509e92928066:c2577]
2019-08-20 22:34:30,397 | INFO  | DNAudit | user=null | ip=null | op=PUT_BLOCK {blockData=[blockId=conID: 1 locID: 102651689066562057 bcsId: 0,size=1048576]} | ret=SUCCESS |  
2019-08-20 22:34:30,397 [grpc-default-executor-1] INFO  client.GrpcClientProtocolClient (GrpcClientProtocolClient.java:onNext(255)) - client-391BA870FC40->947ec526-030f-41cc-8af7-a6f75e712ab0: receive RaftClientReply:client-391BA870FC40->947ec526-030f-41cc-8af7-a6f75e712ab0@group-5D45C35602B2, cid=1779, SUCCESS, logIndex=2581, commits[947ec526-030f-41cc-8af7-a6f75e712ab0:c2581, c447b9b6-dde2-4ce7-aa81-d0e2eddc8fe9:c2577, 28b540ac-241d-462a-a56c-509e92928066:c2577]
2019-08-20 22:34:30,400 | INFO  | DNAudit | user=null | ip=null | op=WRITE_CHUNK {blockData=conID: 1 locID: 102651689066562057 bcsId: 0} | ret=SUCCESS |  
2019-08-20 22:34:30,400 | INFO  | DNAudit | user=null | ip=null | op=WRITE_CHUNK {blockData=conID: 1 locID: 102651689066562057 bcsId: 0} | ret=SUCCESS |  
2019-08-20 22:34:30,400 | INFO  | DNAudit | user=null | ip=null | op=PUT_BLOCK {blockData=[blockId=conID: 1 locID: 102651689066562057 bcsId: 0,size=2097152]} | ret=SUCCESS |  
2019-08-20 22:34:30,400 | INFO  | DNAudit | user=null | ip=null | op=PUT_BLOCK {blockData=[blockId=conID: 1 locID: 102651689066562057 bcsId: 0,size=1048576]} | ret=SUCCESS |  
2019-08-20 22:34:30,400 [grpc-default-executor-1] INFO  client.GrpcClientProtocolClient (GrpcClientProtocolClient.java:onNext(255)) - client-391BA870FC40->947ec526-030f-41cc-8af7-a6f75e712ab0: receive RaftClientReply:client-391BA870FC40->947ec526-030f-41cc-8af7-a6f75e712ab0@group-5D45C35602B2, cid=1780, SUCCESS, logIndex=0, commits[947ec526-030f-41cc-8af7-a6f75e712ab0:c2583, c447b9b6-dde2-4ce7-aa81-d0e2eddc8fe9:c2579, 28b540ac-241d-462a-a56c-509e92928066:c2579]
2019-08-20 22:34:30,401 | INFO  | DNAudit | user=null | ip=null | op=WRITE_CHUNK {blockData=conID: 1 locID: 102651689066562057 bcsId: 0} | ret=SUCCESS |  
2019-08-20 22:34:30,401 | INFO  | DNAudit | user=null | ip=null | op=PUT_BLOCK {blockData=[blockId=conID: 1 locID: 102651689066562057 bcsId: 0,size=2097152]} | ret=SUCCESS |  
2019-08-20 22:34:30,406 | INFO  | DNAudit | user=null | ip=null | op=WRITE_CHUNK {blockData=conID: 1 locID: 102651689066562057 bcsId: 2581} | ret=SUCCESS |  
2019-08-20 22:34:30,408 | INFO  | DNAudit | user=null | ip=null | op=WRITE_CHUNK {blockData=conID: 1 locID: 102651689066562057 bcsId: 2581} | ret=SUCCESS |  
2019-08-20 22:34:30,408 | INFO  | DNAudit | user=null | ip=null | op=WRITE_CHUNK {blockData=conID: 1 locID: 102651689066562057 bcsId: 2581} | ret=SUCCESS |  
2019-08-20 22:34:30,418 | INFO  | DNAudit | user=null | ip=null | op=WRITE_CHUNK {blockData=conID: 1 locID: 102651689066562057 bcsId: 2581} | ret=SUCCESS |  
2019-08-20 22:34:30,418 | INFO  | DNAudit | user=null | ip=null | op=PUT_BLOCK {blockData=[blockId=conID: 1 locID: 102651689066562057 bcsId: 0,size=3145728]} | ret=SUCCESS |  
2019-08-20 22:34:30,418 [grpc-default-executor-2] INFO  client.GrpcClientProtocolClient (GrpcClientProtocolClient.java:onNext(255)) - client-391BA870FC40->947ec526-030f-41cc-8af7-a6f75e712ab0: receive RaftClientReply:client-391BA870FC40->947ec526-030f-41cc-8af7-a6f75e712ab0@group-5D45C35602B2, cid=1781, SUCCESS, logIndex=2585, commits[947ec526-030f-41cc-8af7-a6f75e712ab0:c2586, c447b9b6-dde2-4ce7-aa81-d0e2eddc8fe9:c2584, 28b540ac-241d-462a-a56c-509e92928066:c2584]
2019-08-20 22:34:30,419 [grpc-default-executor-2] INFO  client.GrpcClientProtocolClient (GrpcClientProtocolClient.java:onNext(255)) - client-391BA870FC40->947ec526-030f-41cc-8af7-a6f75e712ab0: receive RaftClientReply:client-391BA870FC40->947ec526-030f-41cc-8af7-a6f75e712ab0@group-5D45C35602B2, cid=1782, SUCCESS, logIndex=2586, commits[947ec526-030f-41cc-8af7-a6f75e712ab0:c2586, c447b9b6-dde2-4ce7-aa81-d0e2eddc8fe9:c2584, 28b540ac-241d-462a-a56c-509e92928066:c2584]
2019-08-20 22:34:30,423 | INFO  | DNAudit | user=null | ip=null | op=WRITE_CHUNK {blockData=conID: 1 locID: 102651689066562057 bcsId: 2586} | ret=SUCCESS |  
2019-08-20 22:34:30,425 | INFO  | DNAudit | user=null | ip=null | op=WRITE_CHUNK {blockData=conID: 1 locID: 102651689066562057 bcsId: 2586} | ret=SUCCESS |  
2019-08-20 22:34:30,425 | INFO  | DNAudit | user=null | ip=null | op=WRITE_CHUNK {blockData=conID: 1 locID: 102651689066562057 bcsId: 2586} | ret=SUCCESS |  
2019-08-20 22:34:30,429 | INFO  | DNAudit | user=null | ip=null | op=WRITE_CHUNK {blockData=conID: 1 locID: 102651689066562057 bcsId: 2581} | ret=SUCCESS |  
2019-08-20 22:34:30,429 | INFO  | DNAudit | user=null | ip=null | op=WRITE_CHUNK {blockData=conID: 1 locID: 102651689066562057 bcsId: 2581} | ret=SUCCESS |  
2019-08-20 22:34:30,430 | INFO  | DNAudit | user=null | ip=null | op=PUT_BLOCK {blockData=[blockId=conID: 1 locID: 102651689066562057 bcsId: 0,size=3145728]} | ret=SUCCESS |  
2019-08-20 22:34:30,430 | INFO  | DNAudit | user=null | ip=null | op=PUT_BLOCK {blockData=[blockId=conID: 1 locID: 102651689066562057 bcsId: 0,size=3145728]} | ret=SUCCESS |  
2019-08-20 22:34:30,433 | INFO  | DNAudit | user=null | ip=null | op=WRITE_CHUNK {blockData=conID: 1 locID: 102651689066562057 bcsId: 2586} | ret=SUCCESS |  
2019-08-20 22:34:30,433 | INFO  | DNAudit | user=null | ip=null | op=PUT_BLOCK {blockData=[blockId=conID: 1 locID: 102651689066562057 bcsId: 0,size=4194304]} | ret=SUCCESS |  
2019-08-20 22:34:30,433 [grpc-default-executor-2] INFO  client.GrpcClientProtocolClient (GrpcClientProtocolClient.java:onNext(255)) - client-391BA870FC40->947ec526-030f-41cc-8af7-a6f75e712ab0: receive RaftClientReply:client-391BA870FC40->947ec526-030f-41cc-8af7-a6f75e712ab0@group-5D45C35602B2, cid=1783, SUCCESS, logIndex=2589, commits[947ec526-030f-41cc-8af7-a6f75e712ab0:c2590, c447b9b6-dde2-4ce7-aa81-d0e2eddc8fe9:c2586, 28b540ac-241d-462a-a56c-509e92928066:c2586]
2019-08-20 22:34:30,434 [grpc-default-executor-2] INFO  client.GrpcClientProtocolClient (GrpcClientProtocolClient.java:onNext(255)) - client-391BA870FC40->947ec526-030f-41cc-8af7-a6f75e712ab0: receive RaftClientReply:client-391BA870FC40->947ec526-030f-41cc-8af7-a6f75e712ab0@group-5D45C35602B2, cid=1784, SUCCESS, logIndex=2590, commits[947ec526-030f-41cc-8af7-a6f75e712ab0:c2590, c447b9b6-dde2-4ce7-aa81-d0e2eddc8fe9:c2586, 28b540ac-241d-462a-a56c-509e92928066:c2586]
2019-08-20 22:34:30,444 | INFO  | DNAudit | user=null | ip=null | op=WRITE_CHUNK {blockData=conID: 1 locID: 102651689066562057 bcsId: 2586} | ret=SUCCESS |  
2019-08-20 22:34:30,444 | INFO  | DNAudit | user=null | ip=null | op=WRITE_CHUNK {blockData=conID: 1 locID: 102651689066562057 bcsId: 2586} | ret=SUCCESS |  
2019-08-20 22:34:30,460 | INFO  | DNAudit | user=null | ip=null | op=PUT_BLOCK {blockData=[blockId=conID: 1 locID: 102651689066562057 bcsId: 0,size=4194304]} | ret=SUCCESS |  
2019-08-20 22:34:30,460 | INFO  | DNAudit | user=null | ip=null | op=PUT_BLOCK {blockData=[blockId=conID: 1 locID: 102651689066562057 bcsId: 0,size=4194304]} | ret=SUCCESS |  
2019-08-20 22:34:30,461 [grpc-default-executor-2] INFO  client.GrpcClientProtocolClient (GrpcClientProtocolClient.java:onNext(255)) - client-391BA870FC40->947ec526-030f-41cc-8af7-a6f75e712ab0: receive RaftClientReply:client-391BA870FC40->947ec526-030f-41cc-8af7-a6f75e712ab0@group-5D45C35602B2, cid=1785, SUCCESS, logIndex=0, commits[947ec526-030f-41cc-8af7-a6f75e712ab0:c2592, c447b9b6-dde2-4ce7-aa81-d0e2eddc8fe9:c2590, 28b540ac-241d-462a-a56c-509e92928066:c2590]
2019-08-20 22:34:30,464 | INFO  | SCMAudit | user=jenkins1000 | ip=192.168.5.142 | op=ALLOCATE_BLOCK {owner=6f694d07-2a2f-44d9-8e1c-aaa094a2f647, size=4194304, type=RATIS, factor=THREE} | ret=SUCCESS |  
2019-08-20 22:34:30,466 | INFO  | OMAudit | user=jenkins1000 | ip=127.0.0.1 | op=ALLOCATE_BLOCK {volume=vol-0-80747, bucket=bucket-0-27686, key=key-0-47435, dataSize=0, replicationType=null, replicationFactor=null, keyLocationInfo=null, clientID=102651687805452690} | ret=SUCCESS |  
2019-08-20 22:34:30,471 | INFO  | DNAudit | user=null | ip=null | op=WRITE_CHUNK {blockData=conID: 2 locID: 102651689072329226 bcsId: 0} | ret=SUCCESS |  
2019-08-20 22:34:30,473 | INFO  | DNAudit | user=null | ip=null | op=WRITE_CHUNK {blockData=conID: 2 locID: 102651689072329226 bcsId: 0} | ret=SUCCESS |  
2019-08-20 22:34:30,474 | INFO  | DNAudit | user=null | ip=null | op=WRITE_CHUNK {blockData=conID: 2 locID: 102651689072329226 bcsId: 0} | ret=SUCCESS |  
2019-08-20 22:34:30,474 | INFO  | DNAudit | user=null | ip=null | op=WRITE_CHUNK {blockData=conID: 2 locID: 102651689072329226 bcsId: 0} | ret=SUCCESS |  
2019-08-20 22:34:30,474 | INFO  | DNAudit | user=null | ip=null | op=WRITE_CHUNK {blockData=conID: 2 locID: 102651689072329226 bcsId: 0} | ret=SUCCESS |  
2019-08-20 22:34:30,475 | INFO  | DNAudit | user=null | ip=null | op=WRITE_CHUNK {blockData=conID: 2 locID: 102651689072329226 bcsId: 0} | ret=SUCCESS |  
2019-08-20 22:34:30,484 | INFO  | DNAudit | user=null | ip=null | op=WRITE_CHUNK {blockData=conID: 2 locID: 102651689072329226 bcsId: 0} | ret=SUCCESS |  
2019-08-20 22:34:30,484 | INFO  | DNAudit | user=null | ip=null | op=PUT_BLOCK {blockData=[blockId=conID: 2 locID: 102651689072329226 bcsId: 0,size=1048576]} | ret=SUCCESS |  
2019-08-20 22:34:30,484 [grpc-default-executor-2] INFO  client.GrpcClientProtocolClient (GrpcClientProtocolClient.java:onNext(255)) - client-391BA870FC40->947ec526-030f-41cc-8af7-a6f75e712ab0: receive RaftClientReply:client-391BA870FC40->947ec526-030f-41cc-8af7-a6f75e712ab0@group-5D45C35602B2, cid=1786, SUCCESS, logIndex=2593, commits[947ec526-030f-41cc-8af7-a6f75e712ab0:c2595, c447b9b6-dde2-4ce7-aa81-d0e2eddc8fe9:c2592, 28b540ac-241d-462a-a56c-509e92928066:c2592]
2019-08-20 22:34:30,484 | INFO  | DNAudit | user=null | ip=null | op=WRITE_CHUNK {blockData=conID: 2 locID: 102651689072329226 bcsId: 0} | ret=SUCCESS |  
2019-08-20 22:34:30,485 | INFO  | DNAudit | user=null | ip=null | op=PUT_BLOCK {blockData=[blockId=conID: 2 locID: 102651689072329226 bcsId: 0,size=2097152]} | ret=SUCCESS |  
2019-08-20 22:34:30,485 [grpc-default-executor-2] INFO  client.GrpcClientProtocolClient (GrpcClientProtocolClient.java:onNext(255)) - client-391BA870FC40->947ec526-030f-41cc-8af7-a6f75e712ab0: receive RaftClientReply:client-391BA870FC40->947ec526-030f-41cc-8af7-a6f75e712ab0@group-5D45C35602B2, cid=1787, SUCCESS, logIndex=2594, commits[947ec526-030f-41cc-8af7-a6f75e712ab0:c2596, c447b9b6-dde2-4ce7-aa81-d0e2eddc8fe9:c2592, 28b540ac-241d-462a-a56c-509e92928066:c2592]
2019-08-20 22:34:30,485 [grpc-default-executor-2] INFO  client.GrpcClientProtocolClient (GrpcClientProtocolClient.java:onNext(255)) - client-391BA870FC40->947ec526-030f-41cc-8af7-a6f75e712ab0: receive RaftClientReply:client-391BA870FC40->947ec526-030f-41cc-8af7-a6f75e712ab0@group-5D45C35602B2, cid=1788, SUCCESS, logIndex=2595, commits[947ec526-030f-41cc-8af7-a6f75e712ab0:c2596, c447b9b6-dde2-4ce7-aa81-d0e2eddc8fe9:c2592, 28b540ac-241d-462a-a56c-509e92928066:c2592]
2019-08-20 22:34:30,485 | INFO  | DNAudit | user=null | ip=null | op=WRITE_CHUNK {blockData=conID: 2 locID: 102651689072329226 bcsId: 0} | ret=SUCCESS |  
2019-08-20 22:34:30,485 [grpc-default-executor-1] INFO  client.GrpcClientProtocolClient (GrpcClientProtocolClient.java:onNext(255)) - client-391BA870FC40->947ec526-030f-41cc-8af7-a6f75e712ab0: receive RaftClientReply:client-391BA870FC40->947ec526-030f-41cc-8af7-a6f75e712ab0@group-5D45C35602B2, cid=1789, SUCCESS, logIndex=2596, commits[947ec526-030f-41cc-8af7-a6f75e712ab0:c2596, c447b9b6-dde2-4ce7-aa81-d0e2eddc8fe9:c2592, 28b540ac-241d-462a-a56c-509e92928066:c2592]
2019-08-20 22:34:30,487 | INFO  | DNAudit | user=null | ip=null | op=WRITE_CHUNK {blockData=conID: 2 locID: 102651689072329226 bcsId: 0} | ret=SUCCESS |  
2019-08-20 22:34:30,498 | INFO  | DNAudit | user=null | ip=null | op=PUT_BLOCK {blockData=[blockId=conID: 2 locID: 102651689072329226 bcsId: 0,size=1048576]} | ret=SUCCESS |  
2019-08-20 22:34:30,499 | INFO  | DNAudit | user=null | ip=null | op=WRITE_CHUNK {blockData=conID: 2 locID: 102651689072329226 bcsId: 0} | ret=SUCCESS |  
2019-08-20 22:34:30,499 | INFO  | DNAudit | user=null | ip=null | op=PUT_BLOCK {blockData=[blockId=conID: 2 locID: 102651689072329226 bcsId: 0,size=2097152]} | ret=SUCCESS |  
2019-08-20 22:34:30,499 | INFO  | DNAudit | user=null | ip=null | op=PUT_BLOCK {blockData=[blockId=conID: 2 locID: 102651689072329226 bcsId: 0,size=1048576]} | ret=SUCCESS |  
2019-08-20 22:34:30,500 | INFO  | DNAudit | user=null | ip=null | op=WRITE_CHUNK {blockData=conID: 2 locID: 102651689072329226 bcsId: 0} | ret=SUCCESS |  
2019-08-20 22:34:30,500 [grpc-default-executor-1] INFO  client.GrpcClientProtocolClient (GrpcClientProtocolClient.java:onNext(255)) - client-391BA870FC40->947ec526-030f-41cc-8af7-a6f75e712ab0: receive RaftClientReply:client-391BA870FC40->947ec526-030f-41cc-8af7-a6f75e712ab0@group-5D45C35602B2, cid=1790, SUCCESS, logIndex=0, commits[947ec526-030f-41cc-8af7-a6f75e712ab0:c2600, c447b9b6-dde2-4ce7-aa81-d0e2eddc8fe9:c2596, 28b540ac-241d-462a-a56c-509e92928066:c2595]
2019-08-20 22:34:30,500 | INFO  | DNAudit | user=null | ip=null | op=PUT_BLOCK {blockData=[blockId=conID: 2 locID: 102651689072329226 bcsId: 0,size=2097152]} | ret=SUCCESS |  
2019-08-20 22:34:30,505 | INFO  | DNAudit | user=null | ip=null | op=WRITE_CHUNK {blockData=conID: 2 locID: 102651689072329226 bcsId: 2596} | ret=SUCCESS |  
2019-08-20 22:34:30,508 | INFO  | DNAudit | user=null | ip=null | op=WRITE_CHUNK {blockData=conID: 2 locID: 102651689072329226 bcsId: 2596} | ret=SUCCESS |  
2019-08-20 22:34:30,508 | INFO  | DNAudit | user=null | ip=null | op=WRITE_CHUNK {blockData=conID: 2 locID: 102651689072329226 bcsId: 2596} | ret=SUCCESS |  
2019-08-20 22:34:30,518 | INFO  | DNAudit | user=null | ip=null | op=WRITE_CHUNK {blockData=conID: 2 locID: 102651689072329226 bcsId: 2596} | ret=SUCCESS |  
2019-08-20 22:34:30,518 | INFO  | DNAudit | user=null | ip=null | op=PUT_BLOCK {blockData=[blockId=conID: 2 locID: 102651689072329226 bcsId: 0,size=3145728]} | ret=SUCCESS |  
2019-08-20 22:34:30,518 [grpc-default-executor-3] INFO  client.GrpcClientProtocolClient (GrpcClientProtocolClient.java:onNext(255)) - client-391BA870FC40->947ec526-030f-41cc-8af7-a6f75e712ab0: receive RaftClientReply:client-391BA870FC40->947ec526-030f-41cc-8af7-a6f75e712ab0@group-5D45C35602B2, cid=1791, SUCCESS, logIndex=2601, commits[947ec526-030f-41cc-8af7-a6f75e712ab0:c2602, c447b9b6-dde2-4ce7-aa81-d0e2eddc8fe9:c2600, 28b540ac-241d-462a-a56c-509e92928066:c2600]
2019-08-20 22:34:30,518 [grpc-default-executor-2] INFO  client.GrpcClientProtocolClient (GrpcClientProtocolClient.java:onNext(255)) - client-391BA870FC40->947ec526-030f-41cc-8af7-a6f75e712ab0: receive RaftClientReply:client-391BA870FC40->947ec526-030f-41cc-8af7-a6f75e712ab0@group-5D45C35602B2, cid=1792, SUCCESS, logIndex=2602, commits[947ec526-030f-41cc-8af7-a6f75e712ab0:c2602, c447b9b6-dde2-4ce7-aa81-d0e2eddc8fe9:c2600, 28b540ac-241d-462a-a56c-509e92928066:c2600]
2019-08-20 22:34:30,523 | INFO  | DNAudit | user=null | ip=null | op=WRITE_CHUNK {blockData=conID: 2 locID: 102651689072329226 bcsId: 2602} | ret=SUCCESS |  
2019-08-20 22:34:30,525 | INFO  | DNAudit | user=null | ip=null | op=WRITE_CHUNK {blockData=conID: 2 locID: 102651689072329226 bcsId: 2602} | ret=SUCCESS |  
2019-08-20 22:34:30,525 | INFO  | DNAudit | user=null | ip=null | op=WRITE_CHUNK {blockData=conID: 2 locID: 102651689072329226 bcsId: 2602} | ret=SUCCESS |  
2019-08-20 22:34:30,529 | INFO  | DNAudit | user=null | ip=null | op=WRITE_CHUNK {blockData=conID: 2 locID: 102651689072329226 bcsId: 2596} | ret=SUCCESS |  
2019-08-20 22:34:30,529 | INFO  | DNAudit | user=null | ip=null | op=WRITE_CHUNK {blockData=conID: 2 locID: 102651689072329226 bcsId: 2596} | ret=SUCCESS |  
2019-08-20 22:34:30,533 | INFO  | DNAudit | user=null | ip=null | op=PUT_BLOCK {blockData=[blockId=conID: 2 locID: 102651689072329226 bcsId: 0,size=3145728]} | ret=SUCCESS |  
2019-08-20 22:34:30,533 | INFO  | DNAudit | user=null | ip=null | op=PUT_BLOCK {blockData=[blockId=conID: 2 locID: 102651689072329226 bcsId: 0,size=3145728]} | ret=SUCCESS |  
2019-08-20 22:34:30,533 | INFO  | DNAudit | user=null | ip=null | op=WRITE_CHUNK {blockData=conID: 2 locID: 102651689072329226 bcsId: 2602} | ret=SUCCESS |  
2019-08-20 22:34:30,533 | INFO  | DNAudit | user=null | ip=null | op=PUT_BLOCK {blockData=[blockId=conID: 2 locID: 102651689072329226 bcsId: 0,size=4194304]} | ret=SUCCESS |  
2019-08-20 22:34:30,533 [grpc-default-executor-2] INFO  client.GrpcClientProtocolClient (GrpcClientProtocolClient.java:onNext(255)) - client-391BA870FC40->947ec526-030f-41cc-8af7-a6f75e712ab0: receive RaftClientReply:client-391BA870FC40->947ec526-030f-41cc-8af7-a6f75e712ab0@group-5D45C35602B2, cid=1793, SUCCESS, logIndex=2605, commits[947ec526-030f-41cc-8af7-a6f75e712ab0:c2606, c447b9b6-dde2-4ce7-aa81-d0e2eddc8fe9:c2602, 28b540ac-241d-462a-a56c-509e92928066:c2602]
2019-08-20 22:34:30,534 [grpc-default-executor-2] INFO  client.GrpcClientProtocolClient (GrpcClientProtocolClient.java:onNext(255)) - client-391BA870FC40->947ec526-030f-41cc-8af7-a6f75e712ab0: receive RaftClientReply:client-391BA870FC40->947ec526-030f-41cc-8af7-a6f75e712ab0@group-5D45C35602B2, cid=1794, SUCCESS, logIndex=2606, commits[947ec526-030f-41cc-8af7-a6f75e712ab0:c2606, c447b9b6-dde2-4ce7-aa81-d0e2eddc8fe9:c2602, 28b540ac-241d-462a-a56c-509e92928066:c2602]
2019-08-20 22:34:30,544 | INFO  | DNAudit | user=null | ip=null | op=WRITE_CHUNK {blockData=conID: 2 locID: 102651689072329226 bcsId: 2602} | ret=SUCCESS |  
2019-08-20 22:34:30,544 | INFO  | DNAudit | user=null | ip=null | op=WRITE_CHUNK {blockData=conID: 2 locID: 102651689072329226 bcsId: 2602} | ret=SUCCESS |  
2019-08-20 22:34:30,547 | INFO  | DNAudit | user=null | ip=null | op=PUT_BLOCK {blockData=[blockId=conID: 2 locID: 102651689072329226 bcsId: 0,size=4194304]} | ret=SUCCESS |  
2019-08-20 22:34:30,547 | INFO  | DNAudit | user=null | ip=null | op=PUT_BLOCK {blockData=[blockId=conID: 2 locID: 102651689072329226 bcsId: 0,size=4194304]} | ret=SUCCESS |  
2019-08-20 22:34:30,548 [grpc-default-executor-2] INFO  client.GrpcClientProtocolClient (GrpcClientProtocolClient.java:onNext(255)) - client-391BA870FC40->947ec526-030f-41cc-8af7-a6f75e712ab0: receive RaftClientReply:client-391BA870FC40->947ec526-030f-41cc-8af7-a6f75e712ab0@group-5D45C35602B2, cid=1795, SUCCESS, logIndex=0, commits[947ec526-030f-41cc-8af7-a6f75e712ab0:c2607, c447b9b6-dde2-4ce7-aa81-d0e2eddc8fe9:c2606, 28b540ac-241d-462a-a56c-509e92928066:c2606]
2019-08-20 22:34:30,551 | INFO  | SCMAudit | user=jenkins1000 | ip=192.168.5.142 | op=ALLOCATE_BLOCK {owner=6f694d07-2a2f-44d9-8e1c-aaa094a2f647, size=4194304, type=RATIS, factor=THREE} | ret=SUCCESS |  
2019-08-20 22:34:30,553 | INFO  | OMAudit | user=jenkins1000 | ip=127.0.0.1 | op=ALLOCATE_BLOCK {volume=vol-0-80747, bucket=bucket-0-27686, key=key-0-47435, dataSize=0, replicationType=null, replicationFactor=null, keyLocationInfo=null, clientID=102651687805452690} | ret=SUCCESS |  
2019-08-20 22:34:30,559 | INFO  | DNAudit | user=null | ip=null | op=WRITE_CHUNK {blockData=conID: 3 locID: 102651689078030859 bcsId: 0} | ret=SUCCESS |  
2019-08-20 22:34:30,561 | INFO  | DNAudit | user=null | ip=null | op=WRITE_CHUNK {blockData=conID: 3 locID: 102651689078030859 bcsId: 0} | ret=SUCCESS |  
2019-08-20 22:34:30,561 | INFO  | DNAudit | user=null | ip=null | op=WRITE_CHUNK {blockData=conID: 3 locID: 102651689078030859 bcsId: 0} | ret=SUCCESS |  
2019-08-20 22:34:30,561 | INFO  | DNAudit | user=null | ip=null | op=WRITE_CHUNK {blockData=conID: 3 locID: 102651689078030859 bcsId: 0} | ret=SUCCESS |  
2019-08-20 22:34:30,563 | INFO  | DNAudit | user=null | ip=null | op=WRITE_CHUNK {blockData=conID: 3 locID: 102651689078030859 bcsId: 0} | ret=SUCCESS |  
2019-08-20 22:34:30,563 | INFO  | DNAudit | user=null | ip=null | op=WRITE_CHUNK {blockData=conID: 3 locID: 102651689078030859 bcsId: 0} | ret=SUCCESS |  
2019-08-20 22:34:30,573 | INFO  | DNAudit | user=null | ip=null | op=WRITE_CHUNK {blockData=conID: 3 locID: 102651689078030859 bcsId: 0} | ret=SUCCESS |  
2019-08-20 22:34:30,573 | INFO  | DNAudit | user=null | ip=null | op=PUT_BLOCK {blockData=[blockId=conID: 3 locID: 102651689078030859 bcsId: 0,size=1048576]} | ret=SUCCESS |  
2019-08-20 22:34:30,573 [grpc-default-executor-4] INFO  client.GrpcClientProtocolClient (GrpcClientProtocolClient.java:onNext(255)) - client-391BA870FC40->947ec526-030f-41cc-8af7-a6f75e712ab0: receive RaftClientReply:client-391BA870FC40->947ec526-030f-41cc-8af7-a6f75e712ab0@group-5D45C35602B2, cid=1796, SUCCESS, logIndex=2609, commits[947ec526-030f-41cc-8af7-a6f75e712ab0:c2611, c447b9b6-dde2-4ce7-aa81-d0e2eddc8fe9:c2608, 28b540ac-241d-462a-a56c-509e92928066:c2608]
2019-08-20 22:34:30,574 | INFO  | DNAudit | user=null | ip=null | op=WRITE_CHUNK {blockData=conID: 3 locID: 102651689078030859 bcsId: 0} | ret=SUCCESS |  
2019-08-20 22:34:30,574 [grpc-default-executor-4] INFO  client.GrpcClientProtocolClient (GrpcClientProtocolClient.java:onNext(255)) - client-391BA870FC40->947ec526-030f-41cc-8af7-a6f75e712ab0: receive RaftClientReply:client-391BA870FC40->947ec526-030f-41cc-8af7-a6f75e712ab0@group-5D45C35602B2, cid=1797, SUCCESS, logIndex=2610, commits[947ec526-030f-41cc-8af7-a6f75e712ab0:c2612, c447b9b6-dde2-4ce7-aa81-d0e2eddc8fe9:c2608, 28b540ac-241d-462a-a56c-509e92928066:c2608]
2019-08-20 22:34:30,574 | INFO  | DNAudit | user=null | ip=null | op=PUT_BLOCK {blockData=[blockId=conID: 3 locID: 102651689078030859 bcsId: 0,size=2097152]} | ret=SUCCESS |  
2019-08-20 22:34:30,574 [grpc-default-executor-2] INFO  client.GrpcClientProtocolClient (GrpcClientProtocolClient.java:onNext(255)) - client-391BA870FC40->947ec526-030f-41cc-8af7-a6f75e712ab0: receive RaftClientReply:client-391BA870FC40->947ec526-030f-41cc-8af7-a6f75e712ab0@group-5D45C35602B2, cid=1798, SUCCESS, logIndex=2611, commits[947ec526-030f-41cc-8af7-a6f75e712ab0:c2612, c447b9b6-dde2-4ce7-aa81-d0e2eddc8fe9:c2608, 28b540ac-241d-462a-a56c-509e92928066:c2608]
2019-08-20 22:34:30,575 [grpc-default-executor-2] INFO  client.GrpcClientProtocolClient (GrpcClientProtocolClient.java:onNext(255)) - client-391BA870FC40->947ec526-030f-41cc-8af7-a6f75e712ab0: receive RaftClientReply:client-391BA870FC40->947ec526-030f-41cc-8af7-a6f75e712ab0@group-5D45C35602B2, cid=1799, SUCCESS, logIndex=2612, commits[947ec526-030f-41cc-8af7-a6f75e712ab0:c2612, c447b9b6-dde2-4ce7-aa81-d0e2eddc8fe9:c2608, 28b540ac-241d-462a-a56c-509e92928066:c2608]
2019-08-20 22:34:30,576 | INFO  | DNAudit | user=null | ip=null | op=WRITE_CHUNK {blockData=conID: 3 locID: 102651689078030859 bcsId: 0} | ret=SUCCESS |  
2019-08-20 22:34:30,588 | INFO  | DNAudit | user=null | ip=null | op=WRITE_CHUNK {blockData=conID: 3 locID: 102651689078030859 bcsId: 0} | ret=SUCCESS |  
2019-08-20 22:34:30,588 | INFO  | DNAudit | user=null | ip=null | op=PUT_BLOCK {blockData=[blockId=conID: 3 locID: 102651689078030859 bcsId: 0,size=1048576]} | ret=SUCCESS |  
2019-08-20 22:34:30,588 | INFO  | DNAudit | user=null | ip=null | op=PUT_BLOCK {blockData=[blockId=conID: 3 locID: 102651689078030859 bcsId: 0,size=1048576]} | ret=SUCCESS |  
2019-08-20 22:34:30,588 | INFO  | DNAudit | user=null | ip=null | op=WRITE_CHUNK {blockData=conID: 3 locID: 102651689078030859 bcsId: 0} | ret=SUCCESS |  
2019-08-20 22:34:30,588 | INFO  | DNAudit | user=null | ip=null | op=WRITE_CHUNK {blockData=conID: 3 locID: 102651689078030859 bcsId: 0} | ret=SUCCESS |  
2019-08-20 22:34:30,588 | INFO  | DNAudit | user=null | ip=null | op=PUT_BLOCK {blockData=[blockId=conID: 3 locID: 102651689078030859 bcsId: 0,size=2097152]} | ret=SUCCESS |  
2019-08-20 22:34:30,588 | INFO  | DNAudit | user=null | ip=null | op=PUT_BLOCK {blockData=[blockId=conID: 3 locID: 102651689078030859 bcsId: 0,size=2097152]} | ret=SUCCESS |  
2019-08-20 22:34:30,588 [grpc-default-executor-4] INFO  client.GrpcClientProtocolClient (GrpcClientProtocolClient.java:onNext(255)) - client-391BA870FC40->947ec526-030f-41cc-8af7-a6f75e712ab0: receive RaftClientReply:client-391BA870FC40->947ec526-030f-41cc-8af7-a6f75e712ab0@group-5D45C35602B2, cid=1800, SUCCESS, logIndex=0, commits[947ec526-030f-41cc-8af7-a6f75e712ab0:c2616, c447b9b6-dde2-4ce7-aa81-d0e2eddc8fe9:c2610, 28b540ac-241d-462a-a56c-509e92928066:c2612]
2019-08-20 22:34:30,593 | INFO  | DNAudit | user=null | ip=null | op=WRITE_CHUNK {blockData=conID: 3 locID: 102651689078030859 bcsId: 2612} | ret=SUCCESS |  
2019-08-20 22:34:30,594 | INFO  | DNAudit | user=null | ip=null | op=WRITE_CHUNK {blockData=conID: 3 locID: 102651689078030859 bcsId: 2612} | ret=SUCCESS |  
2019-08-20 22:34:30,595 | INFO  | DNAudit | user=null | ip=null | op=WRITE_CHUNK {blockData=conID: 3 locID: 102651689078030859 bcsId: 2612} | ret=SUCCESS |  
2019-08-20 22:34:30,610 | INFO  | DNAudit | user=null | ip=null | op=WRITE_CHUNK {blockData=conID: 3 locID: 102651689078030859 bcsId: 2612} | ret=SUCCESS |  
2019-08-20 22:34:30,610 | INFO  | DNAudit | user=null | ip=null | op=PUT_BLOCK {blockData=[blockId=conID: 3 locID: 102651689078030859 bcsId: 0,size=3145728]} | ret=SUCCESS |  
2019-08-20 22:34:30,610 [grpc-default-executor-1] INFO  client.GrpcClientProtocolClient (GrpcClientProtocolClient.java:onNext(255)) - client-391BA870FC40->947ec526-030f-41cc-8af7-a6f75e712ab0: receive RaftClientReply:client-391BA870FC40->947ec526-030f-41cc-8af7-a6f75e712ab0@group-5D45C35602B2, cid=1801, SUCCESS, logIndex=2617, commits[947ec526-030f-41cc-8af7-a6f75e712ab0:c2618, c447b9b6-dde2-4ce7-aa81-d0e2eddc8fe9:c2616, 28b540ac-241d-462a-a56c-509e92928066:c2616]
2019-08-20 22:34:30,610 [grpc-default-executor-1] INFO  client.GrpcClientProtocolClient (GrpcClientProtocolClient.java:onNext(255)) - client-391BA870FC40->947ec526-030f-41cc-8af7-a6f75e712ab0: receive RaftClientReply:client-391BA870FC40->947ec526-030f-41cc-8af7-a6f75e712ab0@group-5D45C35602B2, cid=1802, SUCCESS, logIndex=2618, commits[947ec526-030f-41cc-8af7-a6f75e712ab0:c2618, c447b9b6-dde2-4ce7-aa81-d0e2eddc8fe9:c2616, 28b540ac-241d-462a-a56c-509e92928066:c2616]
2019-08-20 22:34:30,616 | INFO  | DNAudit | user=null | ip=null | op=WRITE_CHUNK {blockData=conID: 3 locID: 102651689078030859 bcsId: 2618} | ret=SUCCESS |  
2019-08-20 22:34:30,617 | INFO  | DNAudit | user=null | ip=null | op=WRITE_CHUNK {blockData=conID: 3 locID: 102651689078030859 bcsId: 2618} | ret=SUCCESS |  
2019-08-20 22:34:30,617 | INFO  | DNAudit | user=null | ip=null | op=WRITE_CHUNK {blockData=conID: 3 locID: 102651689078030859 bcsId: 2618} | ret=SUCCESS |  
2019-08-20 22:34:30,622 | INFO  | DNAudit | user=null | ip=null | op=WRITE_CHUNK {blockData=conID: 3 locID: 102651689078030859 bcsId: 2612} | ret=SUCCESS |  
2019-08-20 22:34:30,622 | INFO  | DNAudit | user=null | ip=null | op=WRITE_CHUNK {blockData=conID: 3 locID: 102651689078030859 bcsId: 2612} | ret=SUCCESS |  
2019-08-20 22:34:30,623 | INFO  | DNAudit | user=null | ip=null | op=PUT_BLOCK {blockData=[blockId=conID: 3 locID: 102651689078030859 bcsId: 0,size=3145728]} | ret=SUCCESS |  
2019-08-20 22:34:30,623 | INFO  | DNAudit | user=null | ip=null | op=PUT_BLOCK {blockData=[blockId=conID: 3 locID: 102651689078030859 bcsId: 0,size=3145728]} | ret=SUCCESS |  
2019-08-20 22:34:30,623 | INFO  | DNAudit | user=null | ip=null | op=WRITE_CHUNK {blockData=conID: 3 locID: 102651689078030859 bcsId: 2618} | ret=SUCCESS |  
2019-08-20 22:34:30,624 | INFO  | DNAudit | user=null | ip=null | op=PUT_BLOCK {blockData=[blockId=conID: 3 locID: 102651689078030859 bcsId: 0,size=4194304]} | ret=SUCCESS |  
2019-08-20 22:34:30,624 [grpc-default-executor-1] INFO  client.GrpcClientProtocolClient (GrpcClientProtocolClient.java:onNext(255)) - client-391BA870FC40->947ec526-030f-41cc-8af7-a6f75e712ab0: receive RaftClientReply:client-391BA870FC40->947ec526-030f-41cc-8af7-a6f75e712ab0@group-5D45C35602B2, cid=1803, SUCCESS, logIndex=2621, commits[947ec526-030f-41cc-8af7-a6f75e712ab0:c2622, c447b9b6-dde2-4ce7-aa81-d0e2eddc8fe9:c2618, 28b540ac-241d-462a-a56c-509e92928066:c2618]
2019-08-20 22:34:30,624 [grpc-default-executor-1] INFO  client.GrpcClientProtocolClient (GrpcClientProtocolClient.java:onNext(255)) - client-391BA870FC40->947ec526-030f-41cc-8af7-a6f75e712ab0: receive RaftClientReply:client-391BA870FC40->947ec526-030f-41cc-8af7-a6f75e712ab0@group-5D45C35602B2, cid=1804, SUCCESS, logIndex=2622, commits[947ec526-030f-41cc-8af7-a6f75e712ab0:c2622, c447b9b6-dde2-4ce7-aa81-d0e2eddc8fe9:c2618, 28b540ac-241d-462a-a56c-509e92928066:c2618]
2019-08-20 22:34:30,629 | INFO  | SCMAudit | user=jenkins1000 | ip=192.168.5.142 | op=SEND_HEARTBEAT {datanodeUUID=d55cd342-4e6c-4701-86f3-cb557f3478dc, command=[]} | ret=SUCCESS |  
2019-08-20 22:34:30,635 | INFO  | DNAudit | user=null | ip=null | op=WRITE_CHUNK {blockData=conID: 3 locID: 102651689078030859 bcsId: 2618} | ret=SUCCESS |  
2019-08-20 22:34:30,635 | INFO  | DNAudit | user=null | ip=null | op=WRITE_CHUNK {blockData=conID: 3 locID: 102651689078030859 bcsId: 2618} | ret=SUCCESS |  
2019-08-20 22:34:30,638 | INFO  | DNAudit | user=null | ip=null | op=PUT_BLOCK {blockData=[blockId=conID: 3 locID: 102651689078030859 bcsId: 0,size=4194304]} | ret=SUCCESS |  
2019-08-20 22:34:30,638 | INFO  | DNAudit | user=null | ip=null | op=PUT_BLOCK {blockData=[blockId=conID: 3 locID: 102651689078030859 bcsId: 0,size=4194304]} | ret=SUCCESS |  
2019-08-20 22:34:30,638 [grpc-default-executor-1] INFO  client.GrpcClientProtocolClient (GrpcClientProtocolClient.java:onNext(255)) - client-391BA870FC40->947ec526-030f-41cc-8af7-a6f75e712ab0: receive RaftClientReply:client-391BA870FC40->947ec526-030f-41cc-8af7-a6f75e712ab0@group-5D45C35602B2, cid=1805, SUCCESS, logIndex=0, commits[947ec526-030f-41cc-8af7-a6f75e712ab0:c2624, c447b9b6-dde2-4ce7-aa81-d0e2eddc8fe9:c2622, 28b540ac-241d-462a-a56c-509e92928066:c2622]
2019-08-20 22:34:30,641 | INFO  | SCMAudit | user=jenkins1000 | ip=192.168.5.142 | op=ALLOCATE_BLOCK {owner=6f694d07-2a2f-44d9-8e1c-aaa094a2f647, size=4194304, type=RATIS, factor=THREE} | ret=SUCCESS |  
2019-08-20 22:34:30,643 | INFO  | OMAudit | user=jenkins1000 | ip=127.0.0.1 | op=ALLOCATE_BLOCK {volume=vol-0-80747, bucket=bucket-0-27686, key=key-0-47435, dataSize=0, replicationType=null, replicationFactor=null, keyLocationInfo=null, clientID=102651687805452690} | ret=SUCCESS |  
2019-08-20 22:34:30,649 | INFO  | DNAudit | user=null | ip=null | op=WRITE_CHUNK {blockData=conID: 1 locID: 102651689083929100 bcsId: 0} | ret=SUCCESS |  
2019-08-20 22:34:30,651 | INFO  | DNAudit | user=null | ip=null | op=WRITE_CHUNK {blockData=conID: 1 locID: 102651689083929100 bcsId: 0} | ret=SUCCESS |  
2019-08-20 22:34:30,651 | INFO  | DNAudit | user=null | ip=null | op=WRITE_CHUNK {blockData=conID: 1 locID: 102651689083929100 bcsId: 0} | ret=SUCCESS |  
2019-08-20 22:34:30,651 | INFO  | DNAudit | user=null | ip=null | op=WRITE_CHUNK {blockData=conID: 1 locID: 102651689083929100 bcsId: 0} | ret=SUCCESS |  
2019-08-20 22:34:30,653 | INFO  | DNAudit | user=null | ip=null | op=WRITE_CHUNK {blockData=conID: 1 locID: 102651689083929100 bcsId: 0} | ret=SUCCESS |  
2019-08-20 22:34:30,653 | INFO  | DNAudit | user=null | ip=null | op=WRITE_CHUNK {blockData=conID: 1 locID: 102651689083929100 bcsId: 0} | ret=SUCCESS |  
2019-08-20 22:34:30,661 | INFO  | DNAudit | user=null | ip=null | op=WRITE_CHUNK {blockData=conID: 1 locID: 102651689083929100 bcsId: 0} | ret=SUCCESS |  
2019-08-20 22:34:30,662 | INFO  | DNAudit | user=null | ip=null | op=PUT_BLOCK {blockData=[blockId=conID: 1 locID: 102651689083929100 bcsId: 0,size=1048576]} | ret=SUCCESS |  
2019-08-20 22:34:30,662 [grpc-default-executor-2] INFO  client.GrpcClientProtocolClient (GrpcClientProtocolClient.java:onNext(255)) - client-391BA870FC40->947ec526-030f-41cc-8af7-a6f75e712ab0: receive RaftClientReply:client-391BA870FC40->947ec526-030f-41cc-8af7-a6f75e712ab0@group-5D45C35602B2, cid=1806, SUCCESS, logIndex=2625, commits[947ec526-030f-41cc-8af7-a6f75e712ab0:c2626, c447b9b6-dde2-4ce7-aa81-d0e2eddc8fe9:c2624, 28b540ac-241d-462a-a56c-509e92928066:c2624]
2019-08-20 22:34:30,662 | INFO  | DNAudit | user=null | ip=null | op=WRITE_CHUNK {blockData=conID: 1 locID: 102651689083929100 bcsId: 0} | ret=SUCCESS |  
2019-08-20 22:34:30,662 [grpc-default-executor-4] INFO  client.GrpcClientProtocolClient (GrpcClientProtocolClient.java:onNext(255)) - client-391BA870FC40->947ec526-030f-41cc-8af7-a6f75e712ab0: receive RaftClientReply:client-391BA870FC40->947ec526-030f-41cc-8af7-a6f75e712ab0@group-5D45C35602B2, cid=1807, SUCCESS, logIndex=2626, commits[947ec526-030f-41cc-8af7-a6f75e712ab0:c2626, c447b9b6-dde2-4ce7-aa81-d0e2eddc8fe9:c2624, 28b540ac-241d-462a-a56c-509e92928066:c2624]
2019-08-20 22:34:30,662 | INFO  | DNAudit | user=null | ip=null | op=PUT_BLOCK {blockData=[blockId=conID: 1 locID: 102651689083929100 bcsId: 0,size=2097152]} | ret=SUCCESS |  
2019-08-20 22:34:30,662 [grpc-default-executor-2] INFO  client.GrpcClientProtocolClient (GrpcClientProtocolClient.java:onNext(255)) - client-391BA870FC40->947ec526-030f-41cc-8af7-a6f75e712ab0: receive RaftClientReply:client-391BA870FC40->947ec526-030f-41cc-8af7-a6f75e712ab0@group-5D45C35602B2, cid=1808, SUCCESS, logIndex=2627, commits[947ec526-030f-41cc-8af7-a6f75e712ab0:c2628, c447b9b6-dde2-4ce7-aa81-d0e2eddc8fe9:c2624, 28b540ac-241d-462a-a56c-509e92928066:c2624]
2019-08-20 22:34:30,663 [grpc-default-executor-2] INFO  client.GrpcClientProtocolClient (GrpcClientProtocolClient.java:onNext(255)) - client-391BA870FC40->947ec526-030f-41cc-8af7-a6f75e712ab0: receive RaftClientReply:client-391BA870FC40->947ec526-030f-41cc-8af7-a6f75e712ab0@group-5D45C35602B2, cid=1809, SUCCESS, logIndex=2628, commits[947ec526-030f-41cc-8af7-a6f75e712ab0:c2628, c447b9b6-dde2-4ce7-aa81-d0e2eddc8fe9:c2624, 28b540ac-241d-462a-a56c-509e92928066:c2624]
2019-08-20 22:34:30,675 | INFO  | DNAudit | user=null | ip=null | op=WRITE_CHUNK {blockData=conID: 1 locID: 102651689083929100 bcsId: 0} | ret=SUCCESS |  
2019-08-20 22:34:30,675 | INFO  | DNAudit | user=null | ip=null | op=PUT_BLOCK {blockData=[blockId=conID: 1 locID: 102651689083929100 bcsId: 0,size=1048576]} | ret=SUCCESS |  
2019-08-20 22:34:30,675 | INFO  | DNAudit | user=null | ip=null | op=WRITE_CHUNK {blockData=conID: 1 locID: 102651689083929100 bcsId: 0} | ret=SUCCESS |  
2019-08-20 22:34:30,675 | INFO  | DNAudit | user=null | ip=null | op=PUT_BLOCK {blockData=[blockId=conID: 1 locID: 102651689083929100 bcsId: 0,size=1048576]} | ret=SUCCESS |  
2019-08-20 22:34:30,676 | INFO  | DNAudit | user=null | ip=null | op=WRITE_CHUNK {blockData=conID: 1 locID: 102651689083929100 bcsId: 0} | ret=SUCCESS |  
2019-08-20 22:34:30,676 | INFO  | DNAudit | user=null | ip=null | op=PUT_BLOCK {blockData=[blockId=conID: 1 locID: 102651689083929100 bcsId: 0,size=2097152]} | ret=SUCCESS |  
2019-08-20 22:34:30,676 [grpc-default-executor-4] INFO  client.GrpcClientProtocolClient (GrpcClientProtocolClient.java:onNext(255)) - client-391BA870FC40->947ec526-030f-41cc-8af7-a6f75e712ab0: receive RaftClientReply:client-391BA870FC40->947ec526-030f-41cc-8af7-a6f75e712ab0@group-5D45C35602B2, cid=1810, SUCCESS, logIndex=0, commits[947ec526-030f-41cc-8af7-a6f75e712ab0:c2630, c447b9b6-dde2-4ce7-aa81-d0e2eddc8fe9:c2626, 28b540ac-241d-462a-a56c-509e92928066:c2626]
2019-08-20 22:34:30,676 | INFO  | DNAudit | user=null | ip=null | op=WRITE_CHUNK {blockData=conID: 1 locID: 102651689083929100 bcsId: 0} | ret=SUCCESS |  
2019-08-20 22:34:30,676 | INFO  | DNAudit | user=null | ip=null | op=PUT_BLOCK {blockData=[blockId=conID: 1 locID: 102651689083929100 bcsId: 0,size=2097152]} | ret=SUCCESS |  
2019-08-20 22:34:30,681 | INFO  | DNAudit | user=null | ip=null | op=WRITE_CHUNK {blockData=conID: 1 locID: 102651689083929100 bcsId: 2628} | ret=SUCCESS |  
2019-08-20 22:34:30,682 | INFO  | DNAudit | user=null | ip=null | op=WRITE_CHUNK {blockData=conID: 1 locID: 102651689083929100 bcsId: 2628} | ret=SUCCESS |  
2019-08-20 22:34:30,683 | INFO  | DNAudit | user=null | ip=null | op=WRITE_CHUNK {blockData=conID: 1 locID: 102651689083929100 bcsId: 2628} | ret=SUCCESS |  
2019-08-20 22:34:30,693 | INFO  | DNAudit | user=null | ip=null | op=WRITE_CHUNK {blockData=conID: 1 locID: 102651689083929100 bcsId: 2628} | ret=SUCCESS |  
2019-08-20 22:34:30,694 | INFO  | DNAudit | user=null | ip=null | op=PUT_BLOCK {blockData=[blockId=conID: 1 locID: 102651689083929100 bcsId: 0,size=3145728]} | ret=SUCCESS |  
2019-08-20 22:34:30,694 [grpc-default-executor-2] INFO  client.GrpcClientProtocolClient (GrpcClientProtocolClient.java:onNext(255)) - client-391BA870FC40->947ec526-030f-41cc-8af7-a6f75e712ab0: receive RaftClientReply:client-391BA870FC40->947ec526-030f-41cc-8af7-a6f75e712ab0@group-5D45C35602B2, cid=1811, SUCCESS, logIndex=2633, commits[947ec526-030f-41cc-8af7-a6f75e712ab0:c2634, c447b9b6-dde2-4ce7-aa81-d0e2eddc8fe9:c2632, 28b540ac-241d-462a-a56c-509e92928066:c2632]
2019-08-20 22:34:30,694 [grpc-default-executor-2] INFO  client.GrpcClientProtocolClient (GrpcClientProtocolClient.java:onNext(255)) - client-391BA870FC40->947ec526-030f-41cc-8af7-a6f75e712ab0: receive RaftClientReply:client-391BA870FC40->947ec526-030f-41cc-8af7-a6f75e712ab0@group-5D45C35602B2, cid=1812, SUCCESS, logIndex=2634, commits[947ec526-030f-41cc-8af7-a6f75e712ab0:c2634, c447b9b6-dde2-4ce7-aa81-d0e2eddc8fe9:c2632, 28b540ac-241d-462a-a56c-509e92928066:c2632]
2019-08-20 22:34:30,699 | INFO  | DNAudit | user=null | ip=null | op=WRITE_CHUNK {blockData=conID: 1 locID: 102651689083929100 bcsId: 2634} | ret=SUCCESS |  
2019-08-20 22:34:30,700 | INFO  | DNAudit | user=null | ip=null | op=WRITE_CHUNK {blockData=conID: 1 locID: 102651689083929100 bcsId: 2634} | ret=SUCCESS |  
2019-08-20 22:34:30,701 | INFO  | DNAudit | user=null | ip=null | op=WRITE_CHUNK {blockData=conID: 1 locID: 102651689083929100 bcsId: 2634} | ret=SUCCESS |  
2019-08-20 22:34:30,705 | INFO  | DNAudit | user=null | ip=null | op=WRITE_CHUNK {blockData=conID: 1 locID: 102651689083929100 bcsId: 2628} | ret=SUCCESS |  
2019-08-20 22:34:30,705 | INFO  | DNAudit | user=null | ip=null | op=WRITE_CHUNK {blockData=conID: 1 locID: 102651689083929100 bcsId: 2628} | ret=SUCCESS |  
2019-08-20 22:34:30,705 | INFO  | DNAudit | user=null | ip=null | op=PUT_BLOCK {blockData=[blockId=conID: 1 locID: 102651689083929100 bcsId: 0,size=3145728]} | ret=SUCCESS |  
2019-08-20 22:34:30,705 | INFO  | DNAudit | user=null | ip=null | op=PUT_BLOCK {blockData=[blockId=conID: 1 locID: 102651689083929100 bcsId: 0,size=3145728]} | ret=SUCCESS |  
2019-08-20 22:34:30,708 | INFO  | DNAudit | user=null | ip=null | op=WRITE_CHUNK {blockData=conID: 1 locID: 102651689083929100 bcsId: 2634} | ret=SUCCESS |  
2019-08-20 22:34:30,708 | INFO  | DNAudit | user=null | ip=null | op=PUT_BLOCK {blockData=[blockId=conID: 1 locID: 102651689083929100 bcsId: 0,size=4194304]} | ret=SUCCESS |  
2019-08-20 22:34:30,708 [grpc-default-executor-4] INFO  client.GrpcClientProtocolClient (GrpcClientProtocolClient.java:onNext(255)) - client-391BA870FC40->947ec526-030f-41cc-8af7-a6f75e712ab0: receive RaftClientReply:client-391BA870FC40->947ec526-030f-41cc-8af7-a6f75e712ab0@group-5D45C35602B2, cid=1813, SUCCESS, logIndex=2637, commits[947ec526-030f-41cc-8af7-a6f75e712ab0:c2638, c447b9b6-dde2-4ce7-aa81-d0e2eddc8fe9:c2634, 28b540ac-241d-462a-a56c-509e92928066:c2634]
2019-08-20 22:34:30,709 [grpc-default-executor-4] INFO  client.GrpcClientProtocolClient (GrpcClientProtocolClient.java:onNext(255)) - client-391BA870FC40->947ec526-030f-41cc-8af7-a6f75e712ab0: receive RaftClientReply:client-391BA870FC40->947ec526-030f-41cc-8af7-a6f75e712ab0@group-5D45C35602B2, cid=1814, SUCCESS, logIndex=2638, commits[947ec526-030f-41cc-8af7-a6f75e712ab0:c2638, c447b9b6-dde2-4ce7-aa81-d0e2eddc8fe9:c2634, 28b540ac-241d-462a-a56c-509e92928066:c2634]
2019-08-20 22:34:30,719 | INFO  | DNAudit | user=null | ip=null | op=WRITE_CHUNK {blockData=conID: 1 locID: 102651689083929100 bcsId: 2634} | ret=SUCCESS |  
2019-08-20 22:34:30,720 | INFO  | DNAudit | user=null | ip=null | op=WRITE_CHUNK {blockData=conID: 1 locID: 102651689083929100 bcsId: 2634} | ret=SUCCESS |  
2019-08-20 22:34:30,720 | INFO  | DNAudit | user=null | ip=null | op=PUT_BLOCK {blockData=[blockId=conID: 1 locID: 102651689083929100 bcsId: 0,size=4194304]} | ret=SUCCESS |  
2019-08-20 22:34:30,720 | INFO  | DNAudit | user=null | ip=null | op=PUT_BLOCK {blockData=[blockId=conID: 1 locID: 102651689083929100 bcsId: 0,size=4194304]} | ret=SUCCESS |  
2019-08-20 22:34:30,720 [grpc-default-executor-4] INFO  client.GrpcClientProtocolClient (GrpcClientProtocolClient.java:onNext(255)) - client-391BA870FC40->947ec526-030f-41cc-8af7-a6f75e712ab0: receive RaftClientReply:client-391BA870FC40->947ec526-030f-41cc-8af7-a6f75e712ab0@group-5D45C35602B2, cid=1815, SUCCESS, logIndex=0, commits[947ec526-030f-41cc-8af7-a6f75e712ab0:c2639, c447b9b6-dde2-4ce7-aa81-d0e2eddc8fe9:c2638, 28b540ac-241d-462a-a56c-509e92928066:c2638]
2019-08-20 22:34:30,723 | INFO  | SCMAudit | user=jenkins1000 | ip=192.168.5.142 | op=ALLOCATE_BLOCK {owner=6f694d07-2a2f-44d9-8e1c-aaa094a2f647, size=4194304, type=RATIS, factor=THREE} | ret=SUCCESS |  
2019-08-20 22:34:30,725 | INFO  | OMAudit | user=jenkins1000 | ip=127.0.0.1 | op=ALLOCATE_BLOCK {volume=vol-0-80747, bucket=bucket-0-27686, key=key-0-47435, dataSize=0, replicationType=null, replicationFactor=null, keyLocationInfo=null, clientID=102651687805452690} | ret=SUCCESS |  
2019-08-20 22:34:30,730 | INFO  | DNAudit | user=null | ip=null | op=WRITE_CHUNK {blockData=conID: 2 locID: 102651689089303053 bcsId: 0} | ret=SUCCESS |  
2019-08-20 22:34:30,734 | INFO  | DNAudit | user=null | ip=null | op=WRITE_CHUNK {blockData=conID: 2 locID: 102651689089303053 bcsId: 0} | ret=SUCCESS |  
2019-08-20 22:34:30,735 | INFO  | DNAudit | user=null | ip=null | op=WRITE_CHUNK {blockData=conID: 2 locID: 102651689089303053 bcsId: 0} | ret=SUCCESS |  
2019-08-20 22:34:30,735 | INFO  | DNAudit | user=null | ip=null | op=WRITE_CHUNK {blockData=conID: 2 locID: 102651689089303053 bcsId: 0} | ret=SUCCESS |  
2019-08-20 22:34:30,736 | INFO  | DNAudit | user=null | ip=null | op=WRITE_CHUNK {blockData=conID: 2 locID: 102651689089303053 bcsId: 0} | ret=SUCCESS |  
2019-08-20 22:34:30,736 | INFO  | DNAudit | user=null | ip=null | op=WRITE_CHUNK {blockData=conID: 2 locID: 102651689089303053 bcsId: 0} | ret=SUCCESS |  
2019-08-20 22:34:30,744 | INFO  | DNAudit | user=null | ip=null | op=WRITE_CHUNK {blockData=conID: 2 locID: 102651689089303053 bcsId: 0} | ret=SUCCESS |  
2019-08-20 22:34:30,745 | INFO  | DNAudit | user=null | ip=null | op=PUT_BLOCK {blockData=[blockId=conID: 2 locID: 102651689089303053 bcsId: 0,size=1048576]} | ret=SUCCESS |  
2019-08-20 22:34:30,745 [grpc-default-executor-4] INFO  client.GrpcClientProtocolClient (GrpcClientProtocolClient.java:onNext(255)) - client-391BA870FC40->947ec526-030f-41cc-8af7-a6f75e712ab0: receive RaftClientReply:client-391BA870FC40->947ec526-030f-41cc-8af7-a6f75e712ab0@group-5D45C35602B2, cid=1816, SUCCESS, logIndex=2641, commits[947ec526-030f-41cc-8af7-a6f75e712ab0:c2643, c447b9b6-dde2-4ce7-aa81-d0e2eddc8fe9:c2640, 28b540ac-241d-462a-a56c-509e92928066:c2640]
2019-08-20 22:34:30,745 | INFO  | DNAudit | user=null | ip=null | op=WRITE_CHUNK {blockData=conID: 2 locID: 102651689089303053 bcsId: 0} | ret=SUCCESS |  
2019-08-20 22:34:30,745 | INFO  | DNAudit | user=null | ip=null | op=PUT_BLOCK {blockData=[blockId=conID: 2 locID: 102651689089303053 bcsId: 0,size=2097152]} | ret=SUCCESS |  
2019-08-20 22:34:30,745 [grpc-default-executor-4] INFO  client.GrpcClientProtocolClient (GrpcClientProtocolClient.java:onNext(255)) - client-391BA870FC40->947ec526-030f-41cc-8af7-a6f75e712ab0: receive RaftClientReply:client-391BA870FC40->947ec526-030f-41cc-8af7-a6f75e712ab0@group-5D45C35602B2, cid=1817, SUCCESS, logIndex=2642, commits[947ec526-030f-41cc-8af7-a6f75e712ab0:c2644, c447b9b6-dde2-4ce7-aa81-d0e2eddc8fe9:c2640, 28b540ac-241d-462a-a56c-509e92928066:c2640]
2019-08-20 22:34:30,745 [grpc-default-executor-4] INFO  client.GrpcClientProtocolClient (GrpcClientProtocolClient.java:onNext(255)) - client-391BA870FC40->947ec526-030f-41cc-8af7-a6f75e712ab0: receive RaftClientReply:client-391BA870FC40->947ec526-030f-41cc-8af7-a6f75e712ab0@group-5D45C35602B2, cid=1818, SUCCESS, logIndex=2643, commits[947ec526-030f-41cc-8af7-a6f75e712ab0:c2644, c447b9b6-dde2-4ce7-aa81-d0e2eddc8fe9:c2640, 28b540ac-241d-462a-a56c-509e92928066:c2640]
2019-08-20 22:34:30,746 [grpc-default-executor-4] INFO  client.GrpcClientProtocolClient (GrpcClientProtocolClient.java:onNext(255)) - client-391BA870FC40->947ec526-030f-41cc-8af7-a6f75e712ab0: receive RaftClientReply:client-391BA870FC40->947ec526-030f-41cc-8af7-a6f75e712ab0@group-5D45C35602B2, cid=1819, SUCCESS, logIndex=2644, commits[947ec526-030f-41cc-8af7-a6f75e712ab0:c2644, c447b9b6-dde2-4ce7-aa81-d0e2eddc8fe9:c2640, 28b540ac-241d-462a-a56c-509e92928066:c2640]
2019-08-20 22:34:30,747 | INFO  | DNAudit | user=null | ip=null | op=WRITE_CHUNK {blockData=conID: 2 locID: 102651689089303053 bcsId: 0} | ret=SUCCESS |  
2019-08-20 22:34:30,747 | INFO  | DNAudit | user=null | ip=null | op=PUT_BLOCK {blockData=[blockId=conID: 2 locID: 102651689089303053 bcsId: 0,size=1048576]} | ret=SUCCESS |  
2019-08-20 22:34:30,758 | INFO  | DNAudit | user=null | ip=null | op=WRITE_CHUNK {blockData=conID: 2 locID: 102651689089303053 bcsId: 0} | ret=SUCCESS |  
2019-08-20 22:34:30,758 | INFO  | DNAudit | user=null | ip=null | op=PUT_BLOCK {blockData=[blockId=conID: 2 locID: 102651689089303053 bcsId: 0,size=1048576]} | ret=SUCCESS |  
2019-08-20 22:34:30,758 | INFO  | DNAudit | user=null | ip=null | op=WRITE_CHUNK {blockData=conID: 2 locID: 102651689089303053 bcsId: 0} | ret=SUCCESS |  
2019-08-20 22:34:30,759 | INFO  | DNAudit | user=null | ip=null | op=PUT_BLOCK {blockData=[blockId=conID: 2 locID: 102651689089303053 bcsId: 0,size=2097152]} | ret=SUCCESS |  
2019-08-20 22:34:30,759 [grpc-default-executor-4] INFO  client.GrpcClientProtocolClient (GrpcClientProtocolClient.java:onNext(255)) - client-391BA870FC40->947ec526-030f-41cc-8af7-a6f75e712ab0: receive RaftClientReply:client-391BA870FC40->947ec526-030f-41cc-8af7-a6f75e712ab0@group-5D45C35602B2, cid=1820, SUCCESS, logIndex=0, commits[947ec526-030f-41cc-8af7-a6f75e712ab0:c2645, c447b9b6-dde2-4ce7-aa81-d0e2eddc8fe9:c2642, 28b540ac-241d-462a-a56c-509e92928066:c2642]
2019-08-20 22:34:30,759 | INFO  | DNAudit | user=null | ip=null | op=WRITE_CHUNK {blockData=conID: 2 locID: 102651689089303053 bcsId: 0} | ret=SUCCESS |  
2019-08-20 22:34:30,759 | INFO  | DNAudit | user=null | ip=null | op=PUT_BLOCK {blockData=[blockId=conID: 2 locID: 102651689089303053 bcsId: 0,size=2097152]} | ret=SUCCESS |  
2019-08-20 22:34:30,763 | INFO  | DNAudit | user=null | ip=null | op=WRITE_CHUNK {blockData=conID: 2 locID: 102651689089303053 bcsId: 2644} | ret=SUCCESS |  
2019-08-20 22:34:30,765 | INFO  | DNAudit | user=null | ip=null | op=WRITE_CHUNK {blockData=conID: 2 locID: 102651689089303053 bcsId: 2644} | ret=SUCCESS |  
2019-08-20 22:34:30,765 | INFO  | DNAudit | user=null | ip=null | op=WRITE_CHUNK {blockData=conID: 2 locID: 102651689089303053 bcsId: 2644} | ret=SUCCESS |  
2019-08-20 22:34:30,776 | INFO  | DNAudit | user=null | ip=null | op=WRITE_CHUNK {blockData=conID: 2 locID: 102651689089303053 bcsId: 2644} | ret=SUCCESS |  
2019-08-20 22:34:30,776 | INFO  | DNAudit | user=null | ip=null | op=PUT_BLOCK {blockData=[blockId=conID: 2 locID: 102651689089303053 bcsId: 0,size=3145728]} | ret=SUCCESS |  
2019-08-20 22:34:30,776 [grpc-default-executor-4] INFO  client.GrpcClientProtocolClient (GrpcClientProtocolClient.java:onNext(255)) - client-391BA870FC40->947ec526-030f-41cc-8af7-a6f75e712ab0: receive RaftClientReply:client-391BA870FC40->947ec526-030f-41cc-8af7-a6f75e712ab0@group-5D45C35602B2, cid=1821, SUCCESS, logIndex=2649, commits[947ec526-030f-41cc-8af7-a6f75e712ab0:c2650, c447b9b6-dde2-4ce7-aa81-d0e2eddc8fe9:c2648, 28b540ac-241d-462a-a56c-509e92928066:c2648]
2019-08-20 22:34:30,776 [grpc-default-executor-4] INFO  client.GrpcClientProtocolClient (GrpcClientProtocolClient.java:onNext(255)) - client-391BA870FC40->947ec526-030f-41cc-8af7-a6f75e712ab0: receive RaftClientReply:client-391BA870FC40->947ec526-030f-41cc-8af7-a6f75e712ab0@group-5D45C35602B2, cid=1822, SUCCESS, logIndex=2650, commits[947ec526-030f-41cc-8af7-a6f75e712ab0:c2650, c447b9b6-dde2-4ce7-aa81-d0e2eddc8fe9:c2648, 28b540ac-241d-462a-a56c-509e92928066:c2648]
2019-08-20 22:34:30,777 | INFO  | DNAudit | user=null | ip=null | op=WRITE_CHUNK {blockData=conID: 2 locID: 102651689089303053 bcsId: 2644} | ret=SUCCESS |  
2019-08-20 22:34:30,777 | INFO  | DNAudit | user=null | ip=null | op=WRITE_CHUNK {blockData=conID: 2 locID: 102651689089303053 bcsId: 2644} | ret=SUCCESS |  
2019-08-20 22:34:30,868 | INFO  | DNAudit | user=null | ip=null | op=PUT_BLOCK {blockData=[blockId=conID: 2 locID: 102651689089303053 bcsId: 0,size=3145728]} | ret=SUCCESS |  
2019-08-20 22:34:30,868 | INFO  | DNAudit | user=null | ip=null | op=PUT_BLOCK {blockData=[blockId=conID: 2 locID: 102651689089303053 bcsId: 0,size=3145728]} | ret=SUCCESS |  
2019-08-20 22:34:30,871 | INFO  | DNAudit | user=null | ip=null | op=WRITE_CHUNK {blockData=conID: 2 locID: 102651689089303053 bcsId: 2650} | ret=SUCCESS |  
2019-08-20 22:34:30,873 | INFO  | DNAudit | user=null | ip=null | op=WRITE_CHUNK {blockData=conID: 2 locID: 102651689089303053 bcsId: 2650} | ret=SUCCESS |  
2019-08-20 22:34:30,873 | INFO  | DNAudit | user=null | ip=null | op=WRITE_CHUNK {blockData=conID: 2 locID: 102651689089303053 bcsId: 2650} | ret=SUCCESS |  
2019-08-20 22:34:30,884 | INFO  | DNAudit | user=null | ip=null | op=WRITE_CHUNK {blockData=conID: 2 locID: 102651689089303053 bcsId: 2650} | ret=SUCCESS |  
2019-08-20 22:34:30,884 | INFO  | DNAudit | user=null | ip=null | op=PUT_BLOCK {blockData=[blockId=conID: 2 locID: 102651689089303053 bcsId: 0,size=4194304]} | ret=SUCCESS |  
2019-08-20 22:34:30,884 [grpc-default-executor-4] INFO  client.GrpcClientProtocolClient (GrpcClientProtocolClient.java:onNext(255)) - client-391BA870FC40->947ec526-030f-41cc-8af7-a6f75e712ab0: receive RaftClientReply:client-391BA870FC40->947ec526-030f-41cc-8af7-a6f75e712ab0@group-5D45C35602B2, cid=1823, SUCCESS, logIndex=2653, commits[947ec526-030f-41cc-8af7-a6f75e712ab0:c2654, c447b9b6-dde2-4ce7-aa81-d0e2eddc8fe9:c2652, 28b540ac-241d-462a-a56c-509e92928066:c2652]
2019-08-20 22:34:30,885 [grpc-default-executor-4] INFO  client.GrpcClientProtocolClient (GrpcClientProtocolClient.java:onNext(255)) - client-391BA870FC40->947ec526-030f-41cc-8af7-a6f75e712ab0: receive RaftClientReply:client-391BA870FC40->947ec526-030f-41cc-8af7-a6f75e712ab0@group-5D45C35602B2, cid=1824, SUCCESS, logIndex=2654, commits[947ec526-030f-41cc-8af7-a6f75e712ab0:c2654, c447b9b6-dde2-4ce7-aa81-d0e2eddc8fe9:c2652, 28b540ac-241d-462a-a56c-509e92928066:c2652]
2019-08-20 22:34:30,895 | INFO  | DNAudit | user=null | ip=null | op=WRITE_CHUNK {blockData=conID: 2 locID: 102651689089303053 bcsId: 2650} | ret=SUCCESS |  
2019-08-20 22:34:30,895 | INFO  | DNAudit | user=null | ip=null | op=WRITE_CHUNK {blockData=conID: 2 locID: 102651689089303053 bcsId: 2650} | ret=SUCCESS |  
2019-08-20 22:34:30,895 | INFO  | DNAudit | user=null | ip=null | op=PUT_BLOCK {blockData=[blockId=conID: 2 locID: 102651689089303053 bcsId: 0,size=4194304]} | ret=SUCCESS |  
2019-08-20 22:34:30,896 | INFO  | DNAudit | user=null | ip=null | op=PUT_BLOCK {blockData=[blockId=conID: 2 locID: 102651689089303053 bcsId: 0,size=4194304]} | ret=SUCCESS |  
2019-08-20 22:34:30,896 [grpc-default-executor-2] INFO  client.GrpcClientProtocolClient (GrpcClientProtocolClient.java:onNext(255)) - client-391BA870FC40->947ec526-030f-41cc-8af7-a6f75e712ab0: receive RaftClientReply:client-391BA870FC40->947ec526-030f-41cc-8af7-a6f75e712ab0@group-5D45C35602B2, cid=1825, SUCCESS, logIndex=0, commits[947ec526-030f-41cc-8af7-a6f75e712ab0:c2655, c447b9b6-dde2-4ce7-aa81-d0e2eddc8fe9:c2654, 28b540ac-241d-462a-a56c-509e92928066:c2654]
2019-08-20 22:34:30,900 | INFO  | SCMAudit | user=jenkins1000 | ip=192.168.5.142 | op=ALLOCATE_BLOCK {owner=6f694d07-2a2f-44d9-8e1c-aaa094a2f647, size=4194304, type=RATIS, factor=THREE} | ret=SUCCESS |  
2019-08-20 22:34:30,903 | INFO  | OMAudit | user=jenkins1000 | ip=127.0.0.1 | op=ALLOCATE_BLOCK {volume=vol-0-80747, bucket=bucket-0-27686, key=key-0-47435, dataSize=0, replicationType=null, replicationFactor=null, keyLocationInfo=null, clientID=102651687805452690} | ret=SUCCESS |  
2019-08-20 22:34:30,910 | INFO  | DNAudit | user=null | ip=null | op=WRITE_CHUNK {blockData=conID: 3 locID: 102651689100902926 bcsId: 0} | ret=SUCCESS |  
2019-08-20 22:34:30,912 | INFO  | DNAudit | user=null | ip=null | op=WRITE_CHUNK {blockData=conID: 3 locID: 102651689100902926 bcsId: 0} | ret=SUCCESS |  
2019-08-20 22:34:30,912 | INFO  | DNAudit | user=null | ip=null | op=WRITE_CHUNK {blockData=conID: 3 locID: 102651689100902926 bcsId: 0} | ret=SUCCESS |  
2019-08-20 22:34:30,913 | INFO  | DNAudit | user=null | ip=null | op=WRITE_CHUNK {blockData=conID: 3 locID: 102651689100902926 bcsId: 0} | ret=SUCCESS |  
2019-08-20 22:34:30,915 | INFO  | DNAudit | user=null | ip=null | op=WRITE_CHUNK {blockData=conID: 3 locID: 102651689100902926 bcsId: 0} | ret=SUCCESS |  
2019-08-20 22:34:30,916 | INFO  | DNAudit | user=null | ip=null | op=WRITE_CHUNK {blockData=conID: 3 locID: 102651689100902926 bcsId: 0} | ret=SUCCESS |  
2019-08-20 22:34:30,922 | INFO  | DNAudit | user=null | ip=null | op=WRITE_CHUNK {blockData=conID: 3 locID: 102651689100902926 bcsId: 0} | ret=SUCCESS |  
2019-08-20 22:34:30,923 | INFO  | DNAudit | user=null | ip=null | op=PUT_BLOCK {blockData=[blockId=conID: 3 locID: 102651689100902926 bcsId: 0,size=1048576]} | ret=SUCCESS |  
2019-08-20 22:34:30,923 [grpc-default-executor-2] INFO  client.GrpcClientProtocolClient (GrpcClientProtocolClient.java:onNext(255)) - client-391BA870FC40->947ec526-030f-41cc-8af7-a6f75e712ab0: receive RaftClientReply:client-391BA870FC40->947ec526-030f-41cc-8af7-a6f75e712ab0@group-5D45C35602B2, cid=1826, SUCCESS, logIndex=2657, commits[947ec526-030f-41cc-8af7-a6f75e712ab0:c2658, c447b9b6-dde2-4ce7-aa81-d0e2eddc8fe9:c2656, 28b540ac-241d-462a-a56c-509e92928066:c2656]
2019-08-20 22:34:30,923 | INFO  | DNAudit | user=null | ip=null | op=WRITE_CHUNK {blockData=conID: 3 locID: 102651689100902926 bcsId: 0} | ret=SUCCESS |  
2019-08-20 22:34:30,923 [grpc-default-executor-1] INFO  client.GrpcClientProtocolClient (GrpcClientProtocolClient.java:onNext(255)) - client-391BA870FC40->947ec526-030f-41cc-8af7-a6f75e712ab0: receive RaftClientReply:client-391BA870FC40->947ec526-030f-41cc-8af7-a6f75e712ab0@group-5D45C35602B2, cid=1827, SUCCESS, logIndex=2658, commits[947ec526-030f-41cc-8af7-a6f75e712ab0:c2658, c447b9b6-dde2-4ce7-aa81-d0e2eddc8fe9:c2656, 28b540ac-241d-462a-a56c-509e92928066:c2656]
2019-08-20 22:34:30,924 | INFO  | DNAudit | user=null | ip=null | op=PUT_BLOCK {blockData=[blockId=conID: 3 locID: 102651689100902926 bcsId: 0,size=2097152]} | ret=SUCCESS |  
2019-08-20 22:34:30,924 [grpc-default-executor-1] INFO  client.GrpcClientProtocolClient (GrpcClientProtocolClient.java:onNext(255)) - client-391BA870FC40->947ec526-030f-41cc-8af7-a6f75e712ab0: receive RaftClientReply:client-391BA870FC40->947ec526-030f-41cc-8af7-a6f75e712ab0@group-5D45C35602B2, cid=1828, SUCCESS, logIndex=2659, commits[947ec526-030f-41cc-8af7-a6f75e712ab0:c2659, c447b9b6-dde2-4ce7-aa81-d0e2eddc8fe9:c2656, 28b540ac-241d-462a-a56c-509e92928066:c2656]
2019-08-20 22:34:30,924 | INFO  | DNAudit | user=null | ip=null | op=WRITE_CHUNK {blockData=conID: 3 locID: 102651689100902926 bcsId: 0} | ret=SUCCESS |  
2019-08-20 22:34:30,924 [grpc-default-executor-1] INFO  client.GrpcClientProtocolClient (GrpcClientProtocolClient.java:onNext(255)) - client-391BA870FC40->947ec526-030f-41cc-8af7-a6f75e712ab0: receive RaftClientReply:client-391BA870FC40->947ec526-030f-41cc-8af7-a6f75e712ab0@group-5D45C35602B2, cid=1829, SUCCESS, logIndex=2660, commits[947ec526-030f-41cc-8af7-a6f75e712ab0:c2660, c447b9b6-dde2-4ce7-aa81-d0e2eddc8fe9:c2656, 28b540ac-241d-462a-a56c-509e92928066:c2656]
2019-08-20 22:34:30,924 | INFO  | DNAudit | user=null | ip=null | op=PUT_BLOCK {blockData=[blockId=conID: 3 locID: 102651689100902926 bcsId: 0,size=1048576]} | ret=SUCCESS |  
2019-08-20 22:34:30,926 | INFO  | DNAudit | user=null | ip=null | op=WRITE_CHUNK {blockData=conID: 3 locID: 102651689100902926 bcsId: 0} | ret=SUCCESS |  
2019-08-20 22:34:30,926 | INFO  | DNAudit | user=null | ip=null | op=PUT_BLOCK {blockData=[blockId=conID: 3 locID: 102651689100902926 bcsId: 0,size=1048576]} | ret=SUCCESS |  
2019-08-20 22:34:30,927 | INFO  | DNAudit | user=null | ip=null | op=WRITE_CHUNK {blockData=conID: 3 locID: 102651689100902926 bcsId: 0} | ret=SUCCESS |  
2019-08-20 22:34:30,927 [grpc-default-executor-1] INFO  client.GrpcClientProtocolClient (GrpcClientProtocolClient.java:onNext(255)) - client-391BA870FC40->947ec526-030f-41cc-8af7-a6f75e712ab0: receive RaftClientReply:client-391BA870FC40->947ec526-030f-41cc-8af7-a6f75e712ab0@group-5D45C35602B2, cid=1830, SUCCESS, logIndex=0, commits[947ec526-030f-41cc-8af7-a6f75e712ab0:c2662, c447b9b6-dde2-4ce7-aa81-d0e2eddc8fe9:c2658, 28b540ac-241d-462a-a56c-509e92928066:c2658]
2019-08-20 22:34:30,931 | INFO  | DNAudit | user=null | ip=null | op=WRITE_CHUNK {blockData=conID: 3 locID: 102651689100902926 bcsId: 2660} | ret=SUCCESS |  
2019-08-20 22:34:30,933 | INFO  | DNAudit | user=null | ip=null | op=WRITE_CHUNK {blockData=conID: 3 locID: 102651689100902926 bcsId: 2660} | ret=SUCCESS |  
2019-08-20 22:34:30,933 | INFO  | DNAudit | user=null | ip=null | op=WRITE_CHUNK {blockData=conID: 3 locID: 102651689100902926 bcsId: 2660} | ret=SUCCESS |  
2019-08-20 22:34:30,937 | INFO  | DNAudit | user=null | ip=null | op=WRITE_CHUNK {blockData=conID: 3 locID: 102651689100902926 bcsId: 0} | ret=SUCCESS |  
2019-08-20 22:34:30,938 | INFO  | DNAudit | user=null | ip=null | op=PUT_BLOCK {blockData=[blockId=conID: 3 locID: 102651689100902926 bcsId: 0,size=2097152]} | ret=SUCCESS |  
2019-08-20 22:34:30,938 | INFO  | DNAudit | user=null | ip=null | op=PUT_BLOCK {blockData=[blockId=conID: 3 locID: 102651689100902926 bcsId: 0,size=2097152]} | ret=SUCCESS |  
2019-08-20 22:34:30,941 | INFO  | DNAudit | user=null | ip=null | op=WRITE_CHUNK {blockData=conID: 3 locID: 102651689100902926 bcsId: 2660} | ret=SUCCESS |  
2019-08-20 22:34:30,941 | INFO  | DNAudit | user=null | ip=null | op=PUT_BLOCK {blockData=[blockId=conID: 3 locID: 102651689100902926 bcsId: 0,size=3145728]} | ret=SUCCESS |  
2019-08-20 22:34:30,941 [grpc-default-executor-4] INFO  client.GrpcClientProtocolClient (GrpcClientProtocolClient.java:onNext(255)) - client-391BA870FC40->947ec526-030f-41cc-8af7-a6f75e712ab0: receive RaftClientReply:client-391BA870FC40->947ec526-030f-41cc-8af7-a6f75e712ab0@group-5D45C35602B2, cid=1831, SUCCESS, logIndex=2665, commits[947ec526-030f-41cc-8af7-a6f75e712ab0:c2666, c447b9b6-dde2-4ce7-aa81-d0e2eddc8fe9:c2663, 28b540ac-241d-462a-a56c-509e92928066:c2663]
2019-08-20 22:34:30,941 [grpc-default-executor-4] INFO  client.GrpcClientProtocolClient (GrpcClientProtocolClient.java:onNext(255)) - client-391BA870FC40->947ec526-030f-41cc-8af7-a6f75e712ab0: receive RaftClientReply:client-391BA870FC40->947ec526-030f-41cc-8af7-a6f75e712ab0@group-5D45C35602B2, cid=1832, SUCCESS, logIndex=2666, commits[947ec526-030f-41cc-8af7-a6f75e712ab0:c2666, c447b9b6-dde2-4ce7-aa81-d0e2eddc8fe9:c2663, 28b540ac-241d-462a-a56c-509e92928066:c2663]
2019-08-20 22:34:30,946 | INFO  | DNAudit | user=null | ip=null | op=WRITE_CHUNK {blockData=conID: 3 locID: 102651689100902926 bcsId: 2666} | ret=SUCCESS |  
2019-08-20 22:34:30,948 | INFO  | DNAudit | user=null | ip=null | op=WRITE_CHUNK {blockData=conID: 3 locID: 102651689100902926 bcsId: 2666} | ret=SUCCESS |  
2019-08-20 22:34:30,948 | INFO  | DNAudit | user=null | ip=null | op=WRITE_CHUNK {blockData=conID: 3 locID: 102651689100902926 bcsId: 2666} | ret=SUCCESS |  
2019-08-20 22:34:30,952 | INFO  | DNAudit | user=null | ip=null | op=WRITE_CHUNK {blockData=conID: 3 locID: 102651689100902926 bcsId: 2660} | ret=SUCCESS |  
2019-08-20 22:34:30,953 | INFO  | DNAudit | user=null | ip=null | op=WRITE_CHUNK {blockData=conID: 3 locID: 102651689100902926 bcsId: 2660} | ret=SUCCESS |  
2019-08-20 22:34:30,953 | INFO  | DNAudit | user=null | ip=null | op=PUT_BLOCK {blockData=[blockId=conID: 3 locID: 102651689100902926 bcsId: 0,size=3145728]} | ret=SUCCESS |  
2019-08-20 22:34:30,953 | INFO  | DNAudit | user=null | ip=null | op=PUT_BLOCK {blockData=[blockId=conID: 3 locID: 102651689100902926 bcsId: 0,size=3145728]} | ret=SUCCESS |  
2019-08-20 22:34:30,956 | INFO  | DNAudit | user=null | ip=null | op=WRITE_CHUNK {blockData=conID: 3 locID: 102651689100902926 bcsId: 2666} | ret=SUCCESS |  
2019-08-20 22:34:30,956 | INFO  | DNAudit | user=null | ip=null | op=PUT_BLOCK {blockData=[blockId=conID: 3 locID: 102651689100902926 bcsId: 0,size=4194304]} | ret=SUCCESS |  
2019-08-20 22:34:30,956 [grpc-default-executor-2] INFO  client.GrpcClientProtocolClient (GrpcClientProtocolClient.java:onNext(255)) - client-391BA870FC40->947ec526-030f-41cc-8af7-a6f75e712ab0: receive RaftClientReply:client-391BA870FC40->947ec526-030f-41cc-8af7-a6f75e712ab0@group-5D45C35602B2, cid=1833, SUCCESS, logIndex=2668, commits[947ec526-030f-41cc-8af7-a6f75e712ab0:c2669, c447b9b6-dde2-4ce7-aa81-d0e2eddc8fe9:c2666, 28b540ac-241d-462a-a56c-509e92928066:c2666]
2019-08-20 22:34:30,956 [grpc-default-executor-2] INFO  client.GrpcClientProtocolClient (GrpcClientProtocolClient.java:onNext(255)) - client-391BA870FC40->947ec526-030f-41cc-8af7-a6f75e712ab0: receive RaftClientReply:client-391BA870FC40->947ec526-030f-41cc-8af7-a6f75e712ab0@group-5D45C35602B2, cid=1834, SUCCESS, logIndex=2669, commits[947ec526-030f-41cc-8af7-a6f75e712ab0:c2669, c447b9b6-dde2-4ce7-aa81-d0e2eddc8fe9:c2666, 28b540ac-241d-462a-a56c-509e92928066:c2666]
2019-08-20 22:34:30,967 | INFO  | DNAudit | user=null | ip=null | op=WRITE_CHUNK {blockData=conID: 3 locID: 102651689100902926 bcsId: 2666} | ret=SUCCESS |  
2019-08-20 22:34:30,967 | INFO  | DNAudit | user=null | ip=null | op=WRITE_CHUNK {blockData=conID: 3 locID: 102651689100902926 bcsId: 2666} | ret=SUCCESS |  
2019-08-20 22:34:30,968 | INFO  | DNAudit | user=null | ip=null | op=PUT_BLOCK {blockData=[blockId=conID: 3 locID: 102651689100902926 bcsId: 0,size=4194304]} | ret=SUCCESS |  
2019-08-20 22:34:30,970 | INFO  | DNAudit | user=null | ip=null | op=PUT_BLOCK {blockData=[blockId=conID: 3 locID: 102651689100902926 bcsId: 0,size=4194304]} | ret=SUCCESS |  
2019-08-20 22:34:30,970 [grpc-default-executor-4] INFO  client.GrpcClientProtocolClient (GrpcClientProtocolClient.java:onNext(255)) - client-391BA870FC40->947ec526-030f-41cc-8af7-a6f75e712ab0: receive RaftClientReply:client-391BA870FC40->947ec526-030f-41cc-8af7-a6f75e712ab0@group-5D45C35602B2, cid=1835, SUCCESS, logIndex=0, commits[947ec526-030f-41cc-8af7-a6f75e712ab0:c2671, c447b9b6-dde2-4ce7-aa81-d0e2eddc8fe9:c2669, 28b540ac-241d-462a-a56c-509e92928066:c2669]
2019-08-20 22:34:30,974 | INFO  | SCMAudit | user=jenkins1000 | ip=192.168.5.142 | op=ALLOCATE_BLOCK {owner=6f694d07-2a2f-44d9-8e1c-aaa094a2f647, size=4194304, type=RATIS, factor=THREE} | ret=SUCCESS |  
2019-08-20 22:34:30,976 | INFO  | OMAudit | user=jenkins1000 | ip=127.0.0.1 | op=ALLOCATE_BLOCK {volume=vol-0-80747, bucket=bucket-0-27686, key=key-0-47435, dataSize=0, replicationType=null, replicationFactor=null, keyLocationInfo=null, clientID=102651687805452690} | ret=SUCCESS |  
2019-08-20 22:34:30,981 | INFO  | DNAudit | user=null | ip=null | op=WRITE_CHUNK {blockData=conID: 1 locID: 102651689105752591 bcsId: 0} | ret=SUCCESS |  
2019-08-20 22:34:30,983 | INFO  | DNAudit | user=null | ip=null | op=WRITE_CHUNK {blockData=conID: 1 locID: 102651689105752591 bcsId: 0} | ret=SUCCESS |  
2019-08-20 22:34:30,984 | INFO  | DNAudit | user=null | ip=null | op=WRITE_CHUNK {blockData=conID: 1 locID: 102651689105752591 bcsId: 0} | ret=SUCCESS |  
2019-08-20 22:34:30,984 | INFO  | DNAudit | user=null | ip=null | op=WRITE_CHUNK {blockData=conID: 1 locID: 102651689105752591 bcsId: 0} | ret=SUCCESS |  
2019-08-20 22:34:30,985 | INFO  | DNAudit | user=null | ip=null | op=WRITE_CHUNK {blockData=conID: 1 locID: 102651689105752591 bcsId: 0} | ret=SUCCESS |  
2019-08-20 22:34:30,985 | INFO  | DNAudit | user=null | ip=null | op=WRITE_CHUNK {blockData=conID: 1 locID: 102651689105752591 bcsId: 0} | ret=SUCCESS |  
2019-08-20 22:34:30,993 | INFO  | DNAudit | user=null | ip=null | op=WRITE_CHUNK {blockData=conID: 1 locID: 102651689105752591 bcsId: 0} | ret=SUCCESS |  
2019-08-20 22:34:30,995 | INFO  | DNAudit | user=null | ip=null | op=PUT_BLOCK {blockData=[blockId=conID: 1 locID: 102651689105752591 bcsId: 0,size=1048576]} | ret=SUCCESS |  
2019-08-20 22:34:30,995 [grpc-default-executor-3] INFO  client.GrpcClientProtocolClient (GrpcClientProtocolClient.java:onNext(255)) - client-391BA870FC40->947ec526-030f-41cc-8af7-a6f75e712ab0: receive RaftClientReply:client-391BA870FC40->947ec526-030f-41cc-8af7-a6f75e712ab0@group-5D45C35602B2, cid=1836, SUCCESS, logIndex=2672, commits[947ec526-030f-41cc-8af7-a6f75e712ab0:c2673, c447b9b6-dde2-4ce7-aa81-d0e2eddc8fe9:c2671, 28b540ac-241d-462a-a56c-509e92928066:c2671]
2019-08-20 22:34:30,995 | INFO  | DNAudit | user=null | ip=null | op=WRITE_CHUNK {blockData=conID: 1 locID: 102651689105752591 bcsId: 0} | ret=SUCCESS |  
2019-08-20 22:34:30,996 [grpc-default-executor-3] INFO  client.GrpcClientProtocolClient (GrpcClientProtocolClient.java:onNext(255)) - client-391BA870FC40->947ec526-030f-41cc-8af7-a6f75e712ab0: receive RaftClientReply:client-391BA870FC40->947ec526-030f-41cc-8af7-a6f75e712ab0@group-5D45C35602B2, cid=1837, SUCCESS, logIndex=2673, commits[947ec526-030f-41cc-8af7-a6f75e712ab0:c2675, c447b9b6-dde2-4ce7-aa81-d0e2eddc8fe9:c2671, 28b540ac-241d-462a-a56c-509e92928066:c2671]
2019-08-20 22:34:30,996 | INFO  | DNAudit | user=null | ip=null | op=PUT_BLOCK {blockData=[blockId=conID: 1 locID: 102651689105752591 bcsId: 0,size=2097152]} | ret=SUCCESS |  
2019-08-20 22:34:30,996 [grpc-default-executor-3] INFO  client.GrpcClientProtocolClient (GrpcClientProtocolClient.java:onNext(255)) - client-391BA870FC40->947ec526-030f-41cc-8af7-a6f75e712ab0: receive RaftClientReply:client-391BA870FC40->947ec526-030f-41cc-8af7-a6f75e712ab0@group-5D45C35602B2, cid=1838, SUCCESS, logIndex=2674, commits[947ec526-030f-41cc-8af7-a6f75e712ab0:c2675, c447b9b6-dde2-4ce7-aa81-d0e2eddc8fe9:c2671, 28b540ac-241d-462a-a56c-509e92928066:c2671]
2019-08-20 22:34:30,996 [grpc-default-executor-3] INFO  client.GrpcClientProtocolClient (GrpcClientProtocolClient.java:onNext(255)) - client-391BA870FC40->947ec526-030f-41cc-8af7-a6f75e712ab0: receive RaftClientReply:client-391BA870FC40->947ec526-030f-41cc-8af7-a6f75e712ab0@group-5D45C35602B2, cid=1839, SUCCESS, logIndex=2675, commits[947ec526-030f-41cc-8af7-a6f75e712ab0:c2675, c447b9b6-dde2-4ce7-aa81-d0e2eddc8fe9:c2671, 28b540ac-241d-462a-a56c-509e92928066:c2671]
2019-08-20 22:34:31,007 | INFO  | DNAudit | user=null | ip=null | op=WRITE_CHUNK {blockData=conID: 1 locID: 102651689105752591 bcsId: 0} | ret=SUCCESS |  
2019-08-20 22:34:31,007 | INFO  | DNAudit | user=null | ip=null | op=WRITE_CHUNK {blockData=conID: 1 locID: 102651689105752591 bcsId: 0} | ret=SUCCESS |  
2019-08-20 22:34:31,007 | INFO  | DNAudit | user=null | ip=null | op=PUT_BLOCK {blockData=[blockId=conID: 1 locID: 102651689105752591 bcsId: 0,size=1048576]} | ret=SUCCESS |  
2019-08-20 22:34:31,010 | INFO  | DNAudit | user=null | ip=null | op=WRITE_CHUNK {blockData=conID: 1 locID: 102651689105752591 bcsId: 0} | ret=SUCCESS |  
2019-08-20 22:34:31,010 | INFO  | DNAudit | user=null | ip=null | op=PUT_BLOCK {blockData=[blockId=conID: 1 locID: 102651689105752591 bcsId: 0,size=1048576]} | ret=SUCCESS |  
2019-08-20 22:34:31,010 | INFO  | DNAudit | user=null | ip=null | op=WRITE_CHUNK {blockData=conID: 1 locID: 102651689105752591 bcsId: 0} | ret=SUCCESS |  
2019-08-20 22:34:31,010 | INFO  | DNAudit | user=null | ip=null | op=PUT_BLOCK {blockData=[blockId=conID: 1 locID: 102651689105752591 bcsId: 0,size=2097152]} | ret=SUCCESS |  
2019-08-20 22:34:31,010 | INFO  | DNAudit | user=null | ip=null | op=PUT_BLOCK {blockData=[blockId=conID: 1 locID: 102651689105752591 bcsId: 0,size=2097152]} | ret=SUCCESS |  
2019-08-20 22:34:31,010 [grpc-default-executor-3] INFO  client.GrpcClientProtocolClient (GrpcClientProtocolClient.java:onNext(255)) - client-391BA870FC40->947ec526-030f-41cc-8af7-a6f75e712ab0: receive RaftClientReply:client-391BA870FC40->947ec526-030f-41cc-8af7-a6f75e712ab0@group-5D45C35602B2, cid=1840, SUCCESS, logIndex=0, commits[947ec526-030f-41cc-8af7-a6f75e712ab0:c2678, c447b9b6-dde2-4ce7-aa81-d0e2eddc8fe9:c2675, 28b540ac-241d-462a-a56c-509e92928066:c2673]
2019-08-20 22:34:31,017 | INFO  | DNAudit | user=null | ip=null | op=WRITE_CHUNK {blockData=conID: 1 locID: 102651689105752591 bcsId: 2675} | ret=SUCCESS |  
2019-08-20 22:34:31,019 | INFO  | DNAudit | user=null | ip=null | op=WRITE_CHUNK {blockData=conID: 1 locID: 102651689105752591 bcsId: 2675} | ret=SUCCESS |  
2019-08-20 22:34:31,019 | INFO  | DNAudit | user=null | ip=null | op=WRITE_CHUNK {blockData=conID: 1 locID: 102651689105752591 bcsId: 2675} | ret=SUCCESS |  
2019-08-20 22:34:31,029 | INFO  | DNAudit | user=null | ip=null | op=WRITE_CHUNK {blockData=conID: 1 locID: 102651689105752591 bcsId: 2675} | ret=SUCCESS |  
2019-08-20 22:34:31,030 | INFO  | DNAudit | user=null | ip=null | op=PUT_BLOCK {blockData=[blockId=conID: 1 locID: 102651689105752591 bcsId: 0,size=3145728]} | ret=SUCCESS |  
2019-08-20 22:34:31,030 [grpc-default-executor-2] INFO  client.GrpcClientProtocolClient (GrpcClientProtocolClient.java:onNext(255)) - client-391BA870FC40->947ec526-030f-41cc-8af7-a6f75e712ab0: receive RaftClientReply:client-391BA870FC40->947ec526-030f-41cc-8af7-a6f75e712ab0@group-5D45C35602B2, cid=1841, SUCCESS, logIndex=2680, commits[947ec526-030f-41cc-8af7-a6f75e712ab0:c2681, c447b9b6-dde2-4ce7-aa81-d0e2eddc8fe9:c2679, 28b540ac-241d-462a-a56c-509e92928066:c2679]
2019-08-20 22:34:31,030 [grpc-default-executor-2] INFO  client.GrpcClientProtocolClient (GrpcClientProtocolClient.java:onNext(255)) - client-391BA870FC40->947ec526-030f-41cc-8af7-a6f75e712ab0: receive RaftClientReply:client-391BA870FC40->947ec526-030f-41cc-8af7-a6f75e712ab0@group-5D45C35602B2, cid=1842, SUCCESS, logIndex=2681, commits[947ec526-030f-41cc-8af7-a6f75e712ab0:c2681, c447b9b6-dde2-4ce7-aa81-d0e2eddc8fe9:c2679, 28b540ac-241d-462a-a56c-509e92928066:c2679]
2019-08-20 22:34:31,037 | INFO  | DNAudit | user=null | ip=null | op=WRITE_CHUNK {blockData=conID: 1 locID: 102651689105752591 bcsId: 2681} | ret=SUCCESS |  
2019-08-20 22:34:31,039 | INFO  | DNAudit | user=null | ip=null | op=WRITE_CHUNK {blockData=conID: 1 locID: 102651689105752591 bcsId: 2681} | ret=SUCCESS |  
2019-08-20 22:34:31,039 | INFO  | DNAudit | user=null | ip=null | op=WRITE_CHUNK {blockData=conID: 1 locID: 102651689105752591 bcsId: 2675} | ret=SUCCESS |  
2019-08-20 22:34:31,039 | INFO  | DNAudit | user=null | ip=null | op=WRITE_CHUNK {blockData=conID: 1 locID: 102651689105752591 bcsId: 2681} | ret=SUCCESS |  
2019-08-20 22:34:31,039 | INFO  | DNAudit | user=null | ip=null | op=WRITE_CHUNK {blockData=conID: 1 locID: 102651689105752591 bcsId: 2675} | ret=SUCCESS |  
2019-08-20 22:34:31,040 | INFO  | DNAudit | user=null | ip=null | op=PUT_BLOCK {blockData=[blockId=conID: 1 locID: 102651689105752591 bcsId: 0,size=3145728]} | ret=SUCCESS |  
2019-08-20 22:34:31,040 | INFO  | DNAudit | user=null | ip=null | op=PUT_BLOCK {blockData=[blockId=conID: 1 locID: 102651689105752591 bcsId: 0,size=3145728]} | ret=SUCCESS |  
2019-08-20 22:34:31,041 | INFO  | DNAudit | user=null | ip=null | op=WRITE_CHUNK {blockData=conID: 1 locID: 102651689105752591 bcsId: 2681} | ret=SUCCESS |  
2019-08-20 22:34:31,041 | INFO  | DNAudit | user=null | ip=null | op=PUT_BLOCK {blockData=[blockId=conID: 1 locID: 102651689105752591 bcsId: 0,size=4194304]} | ret=SUCCESS |  
2019-08-20 22:34:31,042 [grpc-default-executor-3] INFO  client.GrpcClientProtocolClient (GrpcClientProtocolClient.java:onNext(255)) - client-391BA870FC40->947ec526-030f-41cc-8af7-a6f75e712ab0: receive RaftClientReply:client-391BA870FC40->947ec526-030f-41cc-8af7-a6f75e712ab0@group-5D45C35602B2, cid=1843, SUCCESS, logIndex=2684, commits[947ec526-030f-41cc-8af7-a6f75e712ab0:c2685, c447b9b6-dde2-4ce7-aa81-d0e2eddc8fe9:c2681, 28b540ac-241d-462a-a56c-509e92928066:c2681]
2019-08-20 22:34:31,042 [grpc-default-executor-3] INFO  client.GrpcClientProtocolClient (GrpcClientProtocolClient.java:onNext(255)) - client-391BA870FC40->947ec526-030f-41cc-8af7-a6f75e712ab0: receive RaftClientReply:client-391BA870FC40->947ec526-030f-41cc-8af7-a6f75e712ab0@group-5D45C35602B2, cid=1844, SUCCESS, logIndex=2685, commits[947ec526-030f-41cc-8af7-a6f75e712ab0:c2685, c447b9b6-dde2-4ce7-aa81-d0e2eddc8fe9:c2681, 28b540ac-241d-462a-a56c-509e92928066:c2681]
2019-08-20 22:34:31,052 | INFO  | DNAudit | user=null | ip=null | op=WRITE_CHUNK {blockData=conID: 1 locID: 102651689105752591 bcsId: 2681} | ret=SUCCESS |  
2019-08-20 22:34:31,052 | INFO  | DNAudit | user=null | ip=null | op=WRITE_CHUNK {blockData=conID: 1 locID: 102651689105752591 bcsId: 2681} | ret=SUCCESS |  
2019-08-20 22:34:31,053 | INFO  | DNAudit | user=null | ip=null | op=PUT_BLOCK {blockData=[blockId=conID: 1 locID: 102651689105752591 bcsId: 0,size=4194304]} | ret=SUCCESS |  
2019-08-20 22:34:31,053 | INFO  | DNAudit | user=null | ip=null | op=PUT_BLOCK {blockData=[blockId=conID: 1 locID: 102651689105752591 bcsId: 0,size=4194304]} | ret=SUCCESS |  
2019-08-20 22:34:31,054 [grpc-default-executor-3] INFO  client.GrpcClientProtocolClient (GrpcClientProtocolClient.java:onNext(255)) - client-391BA870FC40->947ec526-030f-41cc-8af7-a6f75e712ab0: receive RaftClientReply:client-391BA870FC40->947ec526-030f-41cc-8af7-a6f75e712ab0@group-5D45C35602B2, cid=1845, SUCCESS, logIndex=0, commits[947ec526-030f-41cc-8af7-a6f75e712ab0:c2686, c447b9b6-dde2-4ce7-aa81-d0e2eddc8fe9:c2685, 28b540ac-241d-462a-a56c-509e92928066:c2685]
2019-08-20 22:34:31,058 | INFO  | SCMAudit | user=jenkins1000 | ip=192.168.5.142 | op=ALLOCATE_BLOCK {owner=6f694d07-2a2f-44d9-8e1c-aaa094a2f647, size=4194304, type=RATIS, factor=THREE} | ret=SUCCESS |  
2019-08-20 22:34:31,061 | INFO  | OMAudit | user=jenkins1000 | ip=127.0.0.1 | op=ALLOCATE_BLOCK {volume=vol-0-80747, bucket=bucket-0-27686, key=key-0-47435, dataSize=0, replicationType=null, replicationFactor=null, keyLocationInfo=null, clientID=102651687805452690} | ret=SUCCESS |  
2019-08-20 22:34:31,068 | INFO  | DNAudit | user=null | ip=null | op=WRITE_CHUNK {blockData=conID: 2 locID: 102651689111257616 bcsId: 0} | ret=SUCCESS |  
2019-08-20 22:34:31,071 | INFO  | DNAudit | user=null | ip=null | op=WRITE_CHUNK {blockData=conID: 2 locID: 102651689111257616 bcsId: 0} | ret=SUCCESS |  
2019-08-20 22:34:31,072 | INFO  | DNAudit | user=null | ip=null | op=WRITE_CHUNK {blockData=conID: 2 locID: 102651689111257616 bcsId: 0} | ret=SUCCESS |  
2019-08-20 22:34:31,072 | INFO  | DNAudit | user=null | ip=null | op=WRITE_CHUNK {blockData=conID: 2 locID: 102651689111257616 bcsId: 0} | ret=SUCCESS |  
2019-08-20 22:34:31,075 | INFO  | DNAudit | user=null | ip=null | op=WRITE_CHUNK {blockData=conID: 2 locID: 102651689111257616 bcsId: 0} | ret=SUCCESS |  
2019-08-20 22:34:31,075 | INFO  | DNAudit | user=null | ip=null | op=WRITE_CHUNK {blockData=conID: 2 locID: 102651689111257616 bcsId: 0} | ret=SUCCESS |  
2019-08-20 22:34:31,081 | INFO  | DNAudit | user=null | ip=null | op=WRITE_CHUNK {blockData=conID: 2 locID: 102651689111257616 bcsId: 0} | ret=SUCCESS |  
2019-08-20 22:34:31,082 | INFO  | DNAudit | user=null | ip=null | op=PUT_BLOCK {blockData=[blockId=conID: 2 locID: 102651689111257616 bcsId: 0,size=1048576]} | ret=SUCCESS |  
2019-08-20 22:34:31,082 [grpc-default-executor-1] INFO  client.GrpcClientProtocolClient (GrpcClientProtocolClient.java:onNext(255)) - client-391BA870FC40->947ec526-030f-41cc-8af7-a6f75e712ab0: receive RaftClientReply:client-391BA870FC40->947ec526-030f-41cc-8af7-a6f75e712ab0@group-5D45C35602B2, cid=1846, SUCCESS, logIndex=2688, commits[947ec526-030f-41cc-8af7-a6f75e712ab0:c2689, c447b9b6-dde2-4ce7-aa81-d0e2eddc8fe9:c2687, 28b540ac-241d-462a-a56c-509e92928066:c2685]
2019-08-20 22:34:31,083 [grpc-default-executor-1] INFO  client.GrpcClientProtocolClient (GrpcClientProtocolClient.java:onNext(255)) - client-391BA870FC40->947ec526-030f-41cc-8af7-a6f75e712ab0: receive RaftClientReply:client-391BA870FC40->947ec526-030f-41cc-8af7-a6f75e712ab0@group-5D45C35602B2, cid=1847, SUCCESS, logIndex=2689, commits[947ec526-030f-41cc-8af7-a6f75e712ab0:c2689, c447b9b6-dde2-4ce7-aa81-d0e2eddc8fe9:c2687, 28b540ac-241d-462a-a56c-509e92928066:c2685]
2019-08-20 22:34:31,092 | INFO  | DNAudit | user=null | ip=null | op=WRITE_CHUNK {blockData=conID: 2 locID: 102651689111257616 bcsId: 0} | ret=SUCCESS |  
2019-08-20 22:34:31,092 | INFO  | DNAudit | user=null | ip=null | op=PUT_BLOCK {blockData=[blockId=conID: 2 locID: 102651689111257616 bcsId: 0,size=2097152]} | ret=SUCCESS |  
2019-08-20 22:34:31,092 [grpc-default-executor-3] INFO  client.GrpcClientProtocolClient (GrpcClientProtocolClient.java:onNext(255)) - client-391BA870FC40->947ec526-030f-41cc-8af7-a6f75e712ab0: receive RaftClientReply:client-391BA870FC40->947ec526-030f-41cc-8af7-a6f75e712ab0@group-5D45C35602B2, cid=1848, SUCCESS, logIndex=2690, commits[947ec526-030f-41cc-8af7-a6f75e712ab0:c2691, c447b9b6-dde2-4ce7-aa81-d0e2eddc8fe9:c2687, 28b540ac-241d-462a-a56c-509e92928066:c2687]
2019-08-20 22:34:31,093 [grpc-default-executor-3] INFO  client.GrpcClientProtocolClient (GrpcClientProtocolClient.java:onNext(255)) - client-391BA870FC40->947ec526-030f-41cc-8af7-a6f75e712ab0: receive RaftClientReply:client-391BA870FC40->947ec526-030f-41cc-8af7-a6f75e712ab0@group-5D45C35602B2, cid=1849, SUCCESS, logIndex=2691, commits[947ec526-030f-41cc-8af7-a6f75e712ab0:c2691, c447b9b6-dde2-4ce7-aa81-d0e2eddc8fe9:c2687, 28b540ac-241d-462a-a56c-509e92928066:c2687]
2019-08-20 22:34:31,093 | INFO  | DNAudit | user=null | ip=null | op=WRITE_CHUNK {blockData=conID: 2 locID: 102651689111257616 bcsId: 0} | ret=SUCCESS |  
2019-08-20 22:34:31,094 | INFO  | DNAudit | user=null | ip=null | op=PUT_BLOCK {blockData=[blockId=conID: 2 locID: 102651689111257616 bcsId: 0,size=1048576]} | ret=SUCCESS |  
2019-08-20 22:34:31,094 | INFO  | DNAudit | user=null | ip=null | op=WRITE_CHUNK {blockData=conID: 2 locID: 102651689111257616 bcsId: 0} | ret=SUCCESS |  
2019-08-20 22:34:31,094 | INFO  | DNAudit | user=null | ip=null | op=PUT_BLOCK {blockData=[blockId=conID: 2 locID: 102651689111257616 bcsId: 0,size=1048576]} | ret=SUCCESS |  
2019-08-20 22:34:31,095 [grpc-default-executor-1] INFO  client.GrpcClientProtocolClient (GrpcClientProtocolClient.java:onNext(255)) - client-391BA870FC40->947ec526-030f-41cc-8af7-a6f75e712ab0: receive RaftClientReply:client-391BA870FC40->947ec526-030f-41cc-8af7-a6f75e712ab0@group-5D45C35602B2, cid=1850, SUCCESS, logIndex=0, commits[947ec526-030f-41cc-8af7-a6f75e712ab0:c2693, c447b9b6-dde2-4ce7-aa81-d0e2eddc8fe9:c2689, 28b540ac-241d-462a-a56c-509e92928066:c2689]
2019-08-20 22:34:31,095 | INFO  | DNAudit | user=null | ip=null | op=WRITE_CHUNK {blockData=conID: 2 locID: 102651689111257616 bcsId: 0} | ret=SUCCESS |  
2019-08-20 22:34:31,095 | INFO  | DNAudit | user=null | ip=null | op=PUT_BLOCK {blockData=[blockId=conID: 2 locID: 102651689111257616 bcsId: 0,size=2097152]} | ret=SUCCESS |  
2019-08-20 22:34:31,096 | INFO  | DNAudit | user=null | ip=null | op=WRITE_CHUNK {blockData=conID: 2 locID: 102651689111257616 bcsId: 0} | ret=SUCCESS |  
2019-08-20 22:34:31,096 | INFO  | DNAudit | user=null | ip=null | op=PUT_BLOCK {blockData=[blockId=conID: 2 locID: 102651689111257616 bcsId: 0,size=2097152]} | ret=SUCCESS |  
2019-08-20 22:34:31,101 | INFO  | DNAudit | user=null | ip=null | op=WRITE_CHUNK {blockData=conID: 2 locID: 102651689111257616 bcsId: 2691} | ret=SUCCESS |  
2019-08-20 22:34:31,103 | INFO  | DNAudit | user=null | ip=null | op=WRITE_CHUNK {blockData=conID: 2 locID: 102651689111257616 bcsId: 2691} | ret=SUCCESS |  
2019-08-20 22:34:31,103 | INFO  | DNAudit | user=null | ip=null | op=WRITE_CHUNK {blockData=conID: 2 locID: 102651689111257616 bcsId: 2691} | ret=SUCCESS |  
2019-08-20 22:34:31,119 | INFO  | DNAudit | user=null | ip=null | op=WRITE_CHUNK {blockData=conID: 2 locID: 102651689111257616 bcsId: 2691} | ret=SUCCESS |  
2019-08-20 22:34:31,119 | INFO  | DNAudit | user=null | ip=null | op=PUT_BLOCK {blockData=[blockId=conID: 2 locID: 102651689111257616 bcsId: 0,size=3145728]} | ret=SUCCESS |  
2019-08-20 22:34:31,119 [grpc-default-executor-2] INFO  client.GrpcClientProtocolClient (GrpcClientProtocolClient.java:onNext(255)) - client-391BA870FC40->947ec526-030f-41cc-8af7-a6f75e712ab0: receive RaftClientReply:client-391BA870FC40->947ec526-030f-41cc-8af7-a6f75e712ab0@group-5D45C35602B2, cid=1851, SUCCESS, logIndex=2696, commits[947ec526-030f-41cc-8af7-a6f75e712ab0:c2697, c447b9b6-dde2-4ce7-aa81-d0e2eddc8fe9:c2695, 28b540ac-241d-462a-a56c-509e92928066:c2695]
2019-08-20 22:34:31,120 [grpc-default-executor-2] INFO  client.GrpcClientProtocolClient (GrpcClientProtocolClient.java:onNext(255)) - client-391BA870FC40->947ec526-030f-41cc-8af7-a6f75e712ab0: receive RaftClientReply:client-391BA870FC40->947ec526-030f-41cc-8af7-a6f75e712ab0@group-5D45C35602B2, cid=1852, SUCCESS, logIndex=2697, commits[947ec526-030f-41cc-8af7-a6f75e712ab0:c2697, c447b9b6-dde2-4ce7-aa81-d0e2eddc8fe9:c2695, 28b540ac-241d-462a-a56c-509e92928066:c2695]
2019-08-20 22:34:31,126 | INFO  | DNAudit | user=null | ip=null | op=WRITE_CHUNK {blockData=conID: 2 locID: 102651689111257616 bcsId: 2697} | ret=SUCCESS |  
2019-08-20 22:34:31,128 | INFO  | DNAudit | user=null | ip=null | op=WRITE_CHUNK {blockData=conID: 2 locID: 102651689111257616 bcsId: 2697} | ret=SUCCESS |  
2019-08-20 22:34:31,128 | INFO  | DNAudit | user=null | ip=null | op=WRITE_CHUNK {blockData=conID: 2 locID: 102651689111257616 bcsId: 2697} | ret=SUCCESS |  
2019-08-20 22:34:31,129 | INFO  | DNAudit | user=null | ip=null | op=WRITE_CHUNK {blockData=conID: 2 locID: 102651689111257616 bcsId: 2691} | ret=SUCCESS |  
2019-08-20 22:34:31,129 | INFO  | DNAudit | user=null | ip=null | op=WRITE_CHUNK {blockData=conID: 2 locID: 102651689111257616 bcsId: 2691} | ret=SUCCESS |  
2019-08-20 22:34:31,129 | INFO  | DNAudit | user=null | ip=null | op=PUT_BLOCK {blockData=[blockId=conID: 2 locID: 102651689111257616 bcsId: 0,size=3145728]} | ret=SUCCESS |  
2019-08-20 22:34:31,129 | INFO  | DNAudit | user=null | ip=null | op=PUT_BLOCK {blockData=[blockId=conID: 2 locID: 102651689111257616 bcsId: 0,size=3145728]} | ret=SUCCESS |  
2019-08-20 22:34:31,132 | INFO  | DNAudit | user=null | ip=null | op=WRITE_CHUNK {blockData=conID: 2 locID: 102651689111257616 bcsId: 2697} | ret=SUCCESS |  
2019-08-20 22:34:31,133 | INFO  | DNAudit | user=null | ip=null | op=PUT_BLOCK {blockData=[blockId=conID: 2 locID: 102651689111257616 bcsId: 0,size=4194304]} | ret=SUCCESS |  
2019-08-20 22:34:31,133 [grpc-default-executor-3] INFO  client.GrpcClientProtocolClient (GrpcClientProtocolClient.java:onNext(255)) - client-391BA870FC40->947ec526-030f-41cc-8af7-a6f75e712ab0: receive RaftClientReply:client-391BA870FC40->947ec526-030f-41cc-8af7-a6f75e712ab0@group-5D45C35602B2, cid=1853, SUCCESS, logIndex=2700, commits[947ec526-030f-41cc-8af7-a6f75e712ab0:c2700, c447b9b6-dde2-4ce7-aa81-d0e2eddc8fe9:c2697, 28b540ac-241d-462a-a56c-509e92928066:c2697]
2019-08-20 22:34:31,133 [grpc-default-executor-3] INFO  client.GrpcClientProtocolClient (GrpcClientProtocolClient.java:onNext(255)) - client-391BA870FC40->947ec526-030f-41cc-8af7-a6f75e712ab0: receive RaftClientReply:client-391BA870FC40->947ec526-030f-41cc-8af7-a6f75e712ab0@group-5D45C35602B2, cid=1854, SUCCESS, logIndex=2701, commits[947ec526-030f-41cc-8af7-a6f75e712ab0:c2701, c447b9b6-dde2-4ce7-aa81-d0e2eddc8fe9:c2697, 28b540ac-241d-462a-a56c-509e92928066:c2697]
2019-08-20 22:34:31,144 | INFO  | DNAudit | user=null | ip=null | op=WRITE_CHUNK {blockData=conID: 2 locID: 102651689111257616 bcsId: 2697} | ret=SUCCESS |  
2019-08-20 22:34:31,144 | INFO  | DNAudit | user=null | ip=null | op=WRITE_CHUNK {blockData=conID: 2 locID: 102651689111257616 bcsId: 2697} | ret=SUCCESS |  
2019-08-20 22:34:31,146 | INFO  | DNAudit | user=null | ip=null | op=PUT_BLOCK {blockData=[blockId=conID: 2 locID: 102651689111257616 bcsId: 0,size=4194304]} | ret=SUCCESS |  
2019-08-20 22:34:31,146 | INFO  | DNAudit | user=null | ip=null | op=PUT_BLOCK {blockData=[blockId=conID: 2 locID: 102651689111257616 bcsId: 0,size=4194304]} | ret=SUCCESS |  
2019-08-20 22:34:31,147 [grpc-default-executor-3] INFO  client.GrpcClientProtocolClient (GrpcClientProtocolClient.java:onNext(255)) - client-391BA870FC40->947ec526-030f-41cc-8af7-a6f75e712ab0: receive RaftClientReply:client-391BA870FC40->947ec526-030f-41cc-8af7-a6f75e712ab0@group-5D45C35602B2, cid=1855, SUCCESS, logIndex=0, commits[947ec526-030f-41cc-8af7-a6f75e712ab0:c2703, c447b9b6-dde2-4ce7-aa81-d0e2eddc8fe9:c2701, 28b540ac-241d-462a-a56c-509e92928066:c2701]
2019-08-20 22:34:31,151 | INFO  | SCMAudit | user=jenkins1000 | ip=192.168.5.142 | op=ALLOCATE_BLOCK {owner=6f694d07-2a2f-44d9-8e1c-aaa094a2f647, size=4194304, type=RATIS, factor=THREE} | ret=SUCCESS |  
2019-08-20 22:34:31,156 | INFO  | OMAudit | user=jenkins1000 | ip=127.0.0.1 | op=ALLOCATE_BLOCK {volume=vol-0-80747, bucket=bucket-0-27686, key=key-0-47435, dataSize=0, replicationType=null, replicationFactor=null, keyLocationInfo=null, clientID=102651687805452690} | ret=SUCCESS |  
2019-08-20 22:34:31,161 | INFO  | SCMAudit | user=jenkins1000 | ip=192.168.5.142 | op=SEND_HEARTBEAT {datanodeUUID=c447b9b6-dde2-4ce7-aa81-d0e2eddc8fe9, command=[]} | ret=SUCCESS |  
2019-08-20 22:34:31,161 | INFO  | DNAudit | user=null | ip=null | op=WRITE_CHUNK {blockData=conID: 3 locID: 102651689117352465 bcsId: 0} | ret=SUCCESS |  
2019-08-20 22:34:31,161 | INFO  | SCMAudit | user=jenkins1000 | ip=192.168.5.142 | op=SEND_HEARTBEAT {datanodeUUID=eafd9314-3f13-422a-a2ac-adfcde2d7481, command=[]} | ret=SUCCESS |  
2019-08-20 22:34:31,162 | INFO  | SCMAudit | user=jenkins1000 | ip=192.168.5.142 | op=SEND_HEARTBEAT {datanodeUUID=947ec526-030f-41cc-8af7-a6f75e712ab0, command=[]} | ret=SUCCESS |  
2019-08-20 22:34:31,163 | INFO  | SCMAudit | user=jenkins1000 | ip=192.168.5.142 | op=SEND_HEARTBEAT {datanodeUUID=28b540ac-241d-462a-a56c-509e92928066, command=[]} | ret=SUCCESS |  
2019-08-20 22:34:31,165 | INFO  | DNAudit | user=null | ip=null | op=WRITE_CHUNK {blockData=conID: 3 locID: 102651689117352465 bcsId: 0} | ret=SUCCESS |  
2019-08-20 22:34:31,165 | INFO  | DNAudit | user=null | ip=null | op=WRITE_CHUNK {blockData=conID: 3 locID: 102651689117352465 bcsId: 0} | ret=SUCCESS |  
2019-08-20 22:34:31,165 | INFO  | DNAudit | user=null | ip=null | op=WRITE_CHUNK {blockData=conID: 3 locID: 102651689117352465 bcsId: 0} | ret=SUCCESS |  
 0.00% |█                                                                                                    |  0/1 Time: 0:00:202019-08-20 22:34:31,167 | INFO  | DNAudit | user=null | ip=null | op=WRITE_CHUNK {blockData=conID: 3 locID: 102651689117352465 bcsId: 0} | ret=SUCCESS |  
2019-08-20 22:34:31,167 | INFO  | DNAudit | user=null | ip=null | op=WRITE_CHUNK {blockData=conID: 3 locID: 102651689117352465 bcsId: 0} | ret=SUCCESS |  
2019-08-20 22:34:31,190 | INFO  | DNAudit | user=null | ip=null | op=WRITE_CHUNK {blockData=conID: 3 locID: 102651689117352465 bcsId: 0} | ret=SUCCESS |  
2019-08-20 22:34:31,190 | INFO  | DNAudit | user=null | ip=null | op=PUT_BLOCK {blockData=[blockId=conID: 3 locID: 102651689117352465 bcsId: 0,size=1048576]} | ret=SUCCESS |  
2019-08-20 22:34:31,190 [grpc-default-executor-2] INFO  client.GrpcClientProtocolClient (GrpcClientProtocolClient.java:onNext(255)) - client-391BA870FC40->947ec526-030f-41cc-8af7-a6f75e712ab0: receive RaftClientReply:client-391BA870FC40->947ec526-030f-41cc-8af7-a6f75e712ab0@group-5D45C35602B2, cid=1856, SUCCESS, logIndex=2704, commits[947ec526-030f-41cc-8af7-a6f75e712ab0:c2705, c447b9b6-dde2-4ce7-aa81-d0e2eddc8fe9:c2703, 28b540ac-241d-462a-a56c-509e92928066:c2703]
2019-08-20 22:34:31,191 [grpc-default-executor-2] INFO  client.GrpcClientProtocolClient (GrpcClientProtocolClient.java:onNext(255)) - client-391BA870FC40->947ec526-030f-41cc-8af7-a6f75e712ab0: receive RaftClientReply:client-391BA870FC40->947ec526-030f-41cc-8af7-a6f75e712ab0@group-5D45C35602B2, cid=1857, SUCCESS, logIndex=2705, commits[947ec526-030f-41cc-8af7-a6f75e712ab0:c2705, c447b9b6-dde2-4ce7-aa81-d0e2eddc8fe9:c2703, 28b540ac-241d-462a-a56c-509e92928066:c2703]
2019-08-20 22:34:31,202 | INFO  | DNAudit | user=null | ip=null | op=WRITE_CHUNK {blockData=conID: 3 locID: 102651689117352465 bcsId: 0} | ret=SUCCESS |  
2019-08-20 22:34:31,202 | INFO  | DNAudit | user=null | ip=null | op=PUT_BLOCK {blockData=[blockId=conID: 3 locID: 102651689117352465 bcsId: 0,size=2097152]} | ret=SUCCESS |  
2019-08-20 22:34:31,203 [grpc-default-executor-1] INFO  client.GrpcClientProtocolClient (GrpcClientProtocolClient.java:onNext(255)) - client-391BA870FC40->947ec526-030f-41cc-8af7-a6f75e712ab0: receive RaftClientReply:client-391BA870FC40->947ec526-030f-41cc-8af7-a6f75e712ab0@group-5D45C35602B2, cid=1858, SUCCESS, logIndex=2706, commits[947ec526-030f-41cc-8af7-a6f75e712ab0:c2707, c447b9b6-dde2-4ce7-aa81-d0e2eddc8fe9:c2703, 28b540ac-241d-462a-a56c-509e92928066:c2703]
2019-08-20 22:34:31,203 | INFO  | DNAudit | user=null | ip=null | op=WRITE_CHUNK {blockData=conID: 3 locID: 102651689117352465 bcsId: 0} | ret=SUCCESS |  
2019-08-20 22:34:31,203 [grpc-default-executor-1] INFO  client.GrpcClientProtocolClient (GrpcClientProtocolClient.java:onNext(255)) - client-391BA870FC40->947ec526-030f-41cc-8af7-a6f75e712ab0: receive RaftClientReply:client-391BA870FC40->947ec526-030f-41cc-8af7-a6f75e712ab0@group-5D45C35602B2, cid=1859, SUCCESS, logIndex=2707, commits[947ec526-030f-41cc-8af7-a6f75e712ab0:c2707, c447b9b6-dde2-4ce7-aa81-d0e2eddc8fe9:c2703, 28b540ac-241d-462a-a56c-509e92928066:c2703]
2019-08-20 22:34:31,203 | INFO  | DNAudit | user=null | ip=null | op=PUT_BLOCK {blockData=[blockId=conID: 3 locID: 102651689117352465 bcsId: 0,size=1048576]} | ret=SUCCESS |  
2019-08-20 22:34:31,205 | INFO  | DNAudit | user=null | ip=null | op=WRITE_CHUNK {blockData=conID: 3 locID: 102651689117352465 bcsId: 0} | ret=SUCCESS |  
2019-08-20 22:34:31,205 | INFO  | DNAudit | user=null | ip=null | op=PUT_BLOCK {blockData=[blockId=conID: 3 locID: 102651689117352465 bcsId: 0,size=1048576]} | ret=SUCCESS |  
2019-08-20 22:34:31,205 [grpc-default-executor-1] INFO  client.GrpcClientProtocolClient (GrpcClientProtocolClient.java:onNext(255)) - client-391BA870FC40->947ec526-030f-41cc-8af7-a6f75e712ab0: receive RaftClientReply:client-391BA870FC40->947ec526-030f-41cc-8af7-a6f75e712ab0@group-5D45C35602B2, cid=1860, SUCCESS, logIndex=0, commits[947ec526-030f-41cc-8af7-a6f75e712ab0:c2709, c447b9b6-dde2-4ce7-aa81-d0e2eddc8fe9:c2705, 28b540ac-241d-462a-a56c-509e92928066:c2705]
2019-08-20 22:34:31,211 | INFO  | DNAudit | user=null | ip=null | op=WRITE_CHUNK {blockData=conID: 3 locID: 102651689117352465 bcsId: 2707} | ret=SUCCESS |  
2019-08-20 22:34:31,214 | INFO  | DNAudit | user=null | ip=null | op=WRITE_CHUNK {blockData=conID: 3 locID: 102651689117352465 bcsId: 2707} | ret=SUCCESS |  
2019-08-20 22:34:31,215 | INFO  | DNAudit | user=null | ip=null | op=WRITE_CHUNK {blockData=conID: 3 locID: 102651689117352465 bcsId: 2707} | ret=SUCCESS |  
2019-08-20 22:34:31,216 | INFO  | DNAudit | user=null | ip=null | op=WRITE_CHUNK {blockData=conID: 3 locID: 102651689117352465 bcsId: 0} | ret=SUCCESS |  
2019-08-20 22:34:31,216 | INFO  | DNAudit | user=null | ip=null | op=PUT_BLOCK {blockData=[blockId=conID: 3 locID: 102651689117352465 bcsId: 0,size=2097152]} | ret=SUCCESS |  
2019-08-20 22:34:31,216 | INFO  | DNAudit | user=null | ip=null | op=WRITE_CHUNK {blockData=conID: 3 locID: 102651689117352465 bcsId: 0} | ret=SUCCESS |  
2019-08-20 22:34:31,217 | INFO  | DNAudit | user=null | ip=null | op=PUT_BLOCK {blockData=[blockId=conID: 3 locID: 102651689117352465 bcsId: 0,size=2097152]} | ret=SUCCESS |  
2019-08-20 22:34:31,218 | INFO  | DNAudit | user=null | ip=null | op=WRITE_CHUNK {blockData=conID: 3 locID: 102651689117352465 bcsId: 2707} | ret=SUCCESS |  
2019-08-20 22:34:31,218 | INFO  | DNAudit | user=null | ip=null | op=PUT_BLOCK {blockData=[blockId=conID: 3 locID: 102651689117352465 bcsId: 0,size=3145728]} | ret=SUCCESS |  
2019-08-20 22:34:31,218 [grpc-default-executor-3] INFO  client.GrpcClientProtocolClient (GrpcClientProtocolClient.java:onNext(255)) - client-391BA870FC40->947ec526-030f-41cc-8af7-a6f75e712ab0: receive RaftClientReply:client-391BA870FC40->947ec526-030f-41cc-8af7-a6f75e712ab0@group-5D45C35602B2, cid=1861, SUCCESS, logIndex=2712, commits[947ec526-030f-41cc-8af7-a6f75e712ab0:c2713, c447b9b6-dde2-4ce7-aa81-d0e2eddc8fe9:c2707, 28b540ac-241d-462a-a56c-509e92928066:c2709]
2019-08-20 22:34:31,219 [grpc-default-executor-3] INFO  client.GrpcClientProtocolClient (GrpcClientProtocolClient.java:onNext(255)) - client-391BA870FC40->947ec526-030f-41cc-8af7-a6f75e712ab0: receive RaftClientReply:client-391BA870FC40->947ec526-030f-41cc-8af7-a6f75e712ab0@group-5D45C35602B2, cid=1862, SUCCESS, logIndex=2713, commits[947ec526-030f-41cc-8af7-a6f75e712ab0:c2713, c447b9b6-dde2-4ce7-aa81-d0e2eddc8fe9:c2709, 28b540ac-241d-462a-a56c-509e92928066:c2709]
2019-08-20 22:34:31,219 | INFO  | DNAudit | user=null | ip=null | op=WRITE_CHUNK {blockData=conID: 3 locID: 102651689117352465 bcsId: 2707} | ret=SUCCESS |  
2019-08-20 22:34:31,219 | INFO  | DNAudit | user=null | ip=null | op=PUT_BLOCK {blockData=[blockId=conID: 3 locID: 102651689117352465 bcsId: 0,size=3145728]} | ret=SUCCESS |  
2019-08-20 22:34:31,221 | INFO  | DNAudit | user=null | ip=null | op=WRITE_CHUNK {blockData=conID: 3 locID: 102651689117352465 bcsId: 2707} | ret=SUCCESS |  
2019-08-20 22:34:31,221 | INFO  | DNAudit | user=null | ip=null | op=PUT_BLOCK {blockData=[blockId=conID: 3 locID: 102651689117352465 bcsId: 0,size=3145728]} | ret=SUCCESS |  
2019-08-20 22:34:31,225 | INFO  | DNAudit | user=null | ip=null | op=WRITE_CHUNK {blockData=conID: 3 locID: 102651689117352465 bcsId: 2713} | ret=SUCCESS |  
2019-08-20 22:34:31,227 | INFO  | DNAudit | user=null | ip=null | op=WRITE_CHUNK {blockData=conID: 3 locID: 102651689117352465 bcsId: 2713} | ret=SUCCESS |  
2019-08-20 22:34:31,227 | INFO  | DNAudit | user=null | ip=null | op=WRITE_CHUNK {blockData=conID: 3 locID: 102651689117352465 bcsId: 2713} | ret=SUCCESS |  
2019-08-20 22:34:31,234 | INFO  | DNAudit | user=null | ip=null | op=WRITE_CHUNK {blockData=conID: 3 locID: 102651689117352465 bcsId: 2713} | ret=SUCCESS |  
2019-08-20 22:34:31,234 | INFO  | DNAudit | user=null | ip=null | op=PUT_BLOCK {blockData=[blockId=conID: 3 locID: 102651689117352465 bcsId: 0,size=4194304]} | ret=SUCCESS |  
2019-08-20 22:34:31,234 [grpc-default-executor-1] INFO  client.GrpcClientProtocolClient (GrpcClientProtocolClient.java:onNext(255)) - client-391BA870FC40->947ec526-030f-41cc-8af7-a6f75e712ab0: receive RaftClientReply:client-391BA870FC40->947ec526-030f-41cc-8af7-a6f75e712ab0@group-5D45C35602B2, cid=1863, SUCCESS, logIndex=2716, commits[947ec526-030f-41cc-8af7-a6f75e712ab0:c2717, c447b9b6-dde2-4ce7-aa81-d0e2eddc8fe9:c2714, 28b540ac-241d-462a-a56c-509e92928066:c2713]
2019-08-20 22:34:31,234 [grpc-default-executor-1] INFO  client.GrpcClientProtocolClient (GrpcClientProtocolClient.java:onNext(255)) - client-391BA870FC40->947ec526-030f-41cc-8af7-a6f75e712ab0: receive RaftClientReply:client-391BA870FC40->947ec526-030f-41cc-8af7-a6f75e712ab0@group-5D45C35602B2, cid=1864, SUCCESS, logIndex=2717, commits[947ec526-030f-41cc-8af7-a6f75e712ab0:c2717, c447b9b6-dde2-4ce7-aa81-d0e2eddc8fe9:c2714, 28b540ac-241d-462a-a56c-509e92928066:c2714]
2019-08-20 22:34:31,237 | INFO  | DNAudit | user=null | ip=null | op=WRITE_CHUNK {blockData=conID: 3 locID: 102651689117352465 bcsId: 2713} | ret=SUCCESS |  
2019-08-20 22:34:31,237 | INFO  | DNAudit | user=null | ip=null | op=WRITE_CHUNK {blockData=conID: 3 locID: 102651689117352465 bcsId: 2713} | ret=SUCCESS |  
2019-08-20 22:34:31,237 | INFO  | DNAudit | user=null | ip=null | op=PUT_BLOCK {blockData=[blockId=conID: 3 locID: 102651689117352465 bcsId: 0,size=4194304]} | ret=SUCCESS |  
2019-08-20 22:34:31,237 | INFO  | DNAudit | user=null | ip=null | op=PUT_BLOCK {blockData=[blockId=conID: 3 locID: 102651689117352465 bcsId: 0,size=4194304]} | ret=SUCCESS |  
2019-08-20 22:34:31,238 [grpc-default-executor-1] INFO  client.GrpcClientProtocolClient (GrpcClientProtocolClient.java:onNext(255)) - client-391BA870FC40->947ec526-030f-41cc-8af7-a6f75e712ab0: receive RaftClientReply:client-391BA870FC40->947ec526-030f-41cc-8af7-a6f75e712ab0@group-5D45C35602B2, cid=1865, SUCCESS, logIndex=0, commits[947ec526-030f-41cc-8af7-a6f75e712ab0:c2718, c447b9b6-dde2-4ce7-aa81-d0e2eddc8fe9:c2717, 28b540ac-241d-462a-a56c-509e92928066:c2717]
2019-08-20 22:34:31,243 | INFO  | SCMAudit | user=jenkins1000 | ip=192.168.5.142 | op=ALLOCATE_BLOCK {owner=6f694d07-2a2f-44d9-8e1c-aaa094a2f647, size=4194304, type=RATIS, factor=THREE} | ret=SUCCESS |  
2019-08-20 22:34:31,246 | INFO  | OMAudit | user=jenkins1000 | ip=127.0.0.1 | op=ALLOCATE_BLOCK {volume=vol-0-80747, bucket=bucket-0-27686, key=key-0-47435, dataSize=0, replicationType=null, replicationFactor=null, keyLocationInfo=null, clientID=102651687805452690} | ret=SUCCESS |  
2019-08-20 22:34:31,253 | INFO  | DNAudit | user=null | ip=null | op=WRITE_CHUNK {blockData=conID: 1 locID: 102651689123316242 bcsId: 0} | ret=SUCCESS |  
2019-08-20 22:34:31,255 | INFO  | DNAudit | user=null | ip=null | op=WRITE_CHUNK {blockData=conID: 1 locID: 102651689123316242 bcsId: 0} | ret=SUCCESS |  
2019-08-20 22:34:31,255 | INFO  | DNAudit | user=null | ip=null | op=WRITE_CHUNK {blockData=conID: 1 locID: 102651689123316242 bcsId: 0} | ret=SUCCESS |  
2019-08-20 22:34:31,256 | INFO  | DNAudit | user=null | ip=null | op=WRITE_CHUNK {blockData=conID: 1 locID: 102651689123316242 bcsId: 0} | ret=SUCCESS |  
2019-08-20 22:34:31,258 | INFO  | DNAudit | user=null | ip=null | op=WRITE_CHUNK {blockData=conID: 1 locID: 102651689123316242 bcsId: 0} | ret=SUCCESS |  
2019-08-20 22:34:31,258 | INFO  | DNAudit | user=null | ip=null | op=WRITE_CHUNK {blockData=conID: 1 locID: 102651689123316242 bcsId: 0} | ret=SUCCESS |  
2019-08-20 22:34:31,266 | INFO  | DNAudit | user=null | ip=null | op=WRITE_CHUNK {blockData=conID: 1 locID: 102651689123316242 bcsId: 0} | ret=SUCCESS |  
2019-08-20 22:34:31,266 | INFO  | DNAudit | user=null | ip=null | op=PUT_BLOCK {blockData=[blockId=conID: 1 locID: 102651689123316242 bcsId: 0,size=1048576]} | ret=SUCCESS |  
2019-08-20 22:34:31,266 [grpc-default-executor-2] INFO  client.GrpcClientProtocolClient (GrpcClientProtocolClient.java:onNext(255)) - client-391BA870FC40->947ec526-030f-41cc-8af7-a6f75e712ab0: receive RaftClientReply:client-391BA870FC40->947ec526-030f-41cc-8af7-a6f75e712ab0@group-5D45C35602B2, cid=1866, SUCCESS, logIndex=2720, commits[947ec526-030f-41cc-8af7-a6f75e712ab0:c2721, c447b9b6-dde2-4ce7-aa81-d0e2eddc8fe9:c2719, 28b540ac-241d-462a-a56c-509e92928066:c2719]
2019-08-20 22:34:31,267 [grpc-default-executor-2] INFO  client.GrpcClientProtocolClient (GrpcClientProtocolClient.java:onNext(255)) - client-391BA870FC40->947ec526-030f-41cc-8af7-a6f75e712ab0: receive RaftClientReply:client-391BA870FC40->947ec526-030f-41cc-8af7-a6f75e712ab0@group-5D45C35602B2, cid=1867, SUCCESS, logIndex=2721, commits[947ec526-030f-41cc-8af7-a6f75e712ab0:c2721, c447b9b6-dde2-4ce7-aa81-d0e2eddc8fe9:c2719, 28b540ac-241d-462a-a56c-509e92928066:c2719]
2019-08-20 22:34:31,268 | INFO  | DNAudit | user=null | ip=null | op=WRITE_CHUNK {blockData=conID: 1 locID: 102651689123316242 bcsId: 0} | ret=SUCCESS |  
2019-08-20 22:34:31,269 | INFO  | DNAudit | user=null | ip=null | op=PUT_BLOCK {blockData=[blockId=conID: 1 locID: 102651689123316242 bcsId: 0,size=2097152]} | ret=SUCCESS |  
2019-08-20 22:34:31,269 [grpc-default-executor-4] INFO  client.GrpcClientProtocolClient (GrpcClientProtocolClient.java:onNext(255)) - client-391BA870FC40->947ec526-030f-41cc-8af7-a6f75e712ab0: receive RaftClientReply:client-391BA870FC40->947ec526-030f-41cc-8af7-a6f75e712ab0@group-5D45C35602B2, cid=1868, SUCCESS, logIndex=2722, commits[947ec526-030f-41cc-8af7-a6f75e712ab0:c2723, c447b9b6-dde2-4ce7-aa81-d0e2eddc8fe9:c2719, 28b540ac-241d-462a-a56c-509e92928066:c2719]
2019-08-20 22:34:31,269 [grpc-default-executor-4] INFO  client.GrpcClientProtocolClient (GrpcClientProtocolClient.java:onNext(255)) - client-391BA870FC40->947ec526-030f-41cc-8af7-a6f75e712ab0: receive RaftClientReply:client-391BA870FC40->947ec526-030f-41cc-8af7-a6f75e712ab0@group-5D45C35602B2, cid=1869, SUCCESS, logIndex=2723, commits[947ec526-030f-41cc-8af7-a6f75e712ab0:c2723, c447b9b6-dde2-4ce7-aa81-d0e2eddc8fe9:c2719, 28b540ac-241d-462a-a56c-509e92928066:c2719]
2019-08-20 22:34:31,279 | INFO  | DNAudit | user=null | ip=null | op=WRITE_CHUNK {blockData=conID: 1 locID: 102651689123316242 bcsId: 0} | ret=SUCCESS |  
2019-08-20 22:34:31,279 | INFO  | DNAudit | user=null | ip=null | op=WRITE_CHUNK {blockData=conID: 1 locID: 102651689123316242 bcsId: 0} | ret=SUCCESS |  
2019-08-20 22:34:31,280 | INFO  | DNAudit | user=null | ip=null | op=PUT_BLOCK {blockData=[blockId=conID: 1 locID: 102651689123316242 bcsId: 0,size=1048576]} | ret=SUCCESS |  
2019-08-20 22:34:31,280 | INFO  | DNAudit | user=null | ip=null | op=PUT_BLOCK {blockData=[blockId=conID: 1 locID: 102651689123316242 bcsId: 0,size=1048576]} | ret=SUCCESS |  
2019-08-20 22:34:31,280 [grpc-default-executor-4] INFO  client.GrpcClientProtocolClient (GrpcClientProtocolClient.java:onNext(255)) - client-391BA870FC40->947ec526-030f-41cc-8af7-a6f75e712ab0: receive RaftClientReply:client-391BA870FC40->947ec526-030f-41cc-8af7-a6f75e712ab0@group-5D45C35602B2, cid=1870, SUCCESS, logIndex=0, commits[947ec526-030f-41cc-8af7-a6f75e712ab0:c2725, c447b9b6-dde2-4ce7-aa81-d0e2eddc8fe9:c2721, 28b540ac-241d-462a-a56c-509e92928066:c2721]
2019-08-20 22:34:31,282 | INFO  | DNAudit | user=null | ip=null | op=WRITE_CHUNK {blockData=conID: 1 locID: 102651689123316242 bcsId: 0} | ret=SUCCESS |  
2019-08-20 22:34:31,282 | INFO  | DNAudit | user=null | ip=null | op=WRITE_CHUNK {blockData=conID: 1 locID: 102651689123316242 bcsId: 0} | ret=SUCCESS |  
2019-08-20 22:34:31,282 | INFO  | DNAudit | user=null | ip=null | op=PUT_BLOCK {blockData=[blockId=conID: 1 locID: 102651689123316242 bcsId: 0,size=2097152]} | ret=SUCCESS |  
2019-08-20 22:34:31,282 | INFO  | DNAudit | user=null | ip=null | op=PUT_BLOCK {blockData=[blockId=conID: 1 locID: 102651689123316242 bcsId: 0,size=2097152]} | ret=SUCCESS |  
2019-08-20 22:34:31,287 | INFO  | DNAudit | user=null | ip=null | op=WRITE_CHUNK {blockData=conID: 1 locID: 102651689123316242 bcsId: 2723} | ret=SUCCESS |  
2019-08-20 22:34:31,290 | INFO  | DNAudit | user=null | ip=null | op=WRITE_CHUNK {blockData=conID: 1 locID: 102651689123316242 bcsId: 2723} | ret=SUCCESS |  
2019-08-20 22:34:31,291 | INFO  | DNAudit | user=null | ip=null | op=WRITE_CHUNK {blockData=conID: 1 locID: 102651689123316242 bcsId: 2723} | ret=SUCCESS |  
2019-08-20 22:34:31,299 | INFO  | DNAudit | user=null | ip=null | op=WRITE_CHUNK {blockData=conID: 1 locID: 102651689123316242 bcsId: 2723} | ret=SUCCESS |  
2019-08-20 22:34:31,300 | INFO  | DNAudit | user=null | ip=null | op=PUT_BLOCK {blockData=[blockId=conID: 1 locID: 102651689123316242 bcsId: 0,size=3145728]} | ret=SUCCESS |  
2019-08-20 22:34:31,300 [grpc-default-executor-1] INFO  client.GrpcClientProtocolClient (GrpcClientProtocolClient.java:onNext(255)) - client-391BA870FC40->947ec526-030f-41cc-8af7-a6f75e712ab0: receive RaftClientReply:client-391BA870FC40->947ec526-030f-41cc-8af7-a6f75e712ab0@group-5D45C35602B2, cid=1871, SUCCESS, logIndex=2728, commits[947ec526-030f-41cc-8af7-a6f75e712ab0:c2729, c447b9b6-dde2-4ce7-aa81-d0e2eddc8fe9:c2727, 28b540ac-241d-462a-a56c-509e92928066:c2727]
2019-08-20 22:34:31,300 [grpc-default-executor-1] INFO  client.GrpcClientProtocolClient (GrpcClientProtocolClient.java:onNext(255)) - client-391BA870FC40->947ec526-030f-41cc-8af7-a6f75e712ab0: receive RaftClientReply:client-391BA870FC40->947ec526-030f-41cc-8af7-a6f75e712ab0@group-5D45C35602B2, cid=1872, SUCCESS, logIndex=2729, commits[947ec526-030f-41cc-8af7-a6f75e712ab0:c2729, c447b9b6-dde2-4ce7-aa81-d0e2eddc8fe9:c2727, 28b540ac-241d-462a-a56c-509e92928066:c2727]
2019-08-20 22:34:31,301 | INFO  | DNAudit | user=null | ip=null | op=WRITE_CHUNK {blockData=conID: 1 locID: 102651689123316242 bcsId: 2723} | ret=SUCCESS |  
2019-08-20 22:34:31,302 | INFO  | DNAudit | user=null | ip=null | op=PUT_BLOCK {blockData=[blockId=conID: 1 locID: 102651689123316242 bcsId: 0,size=3145728]} | ret=SUCCESS |  
2019-08-20 22:34:31,302 | INFO  | DNAudit | user=null | ip=null | op=WRITE_CHUNK {blockData=conID: 1 locID: 102651689123316242 bcsId: 2723} | ret=SUCCESS |  
2019-08-20 22:34:31,302 | INFO  | DNAudit | user=null | ip=null | op=PUT_BLOCK {blockData=[blockId=conID: 1 locID: 102651689123316242 bcsId: 0,size=3145728]} | ret=SUCCESS |  
2019-08-20 22:34:31,307 | INFO  | DNAudit | user=null | ip=null | op=WRITE_CHUNK {blockData=conID: 1 locID: 102651689123316242 bcsId: 2729} | ret=SUCCESS |  
2019-08-20 22:34:31,309 | INFO  | DNAudit | user=null | ip=null | op=WRITE_CHUNK {blockData=conID: 1 locID: 102651689123316242 bcsId: 2729} | ret=SUCCESS |  
2019-08-20 22:34:31,309 | INFO  | DNAudit | user=null | ip=null | op=WRITE_CHUNK {blockData=conID: 1 locID: 102651689123316242 bcsId: 2729} | ret=SUCCESS |  
2019-08-20 22:34:31,318 | INFO  | DNAudit | user=null | ip=null | op=WRITE_CHUNK {blockData=conID: 1 locID: 102651689123316242 bcsId: 2729} | ret=SUCCESS |  
2019-08-20 22:34:31,318 | INFO  | DNAudit | user=null | ip=null | op=PUT_BLOCK {blockData=[blockId=conID: 1 locID: 102651689123316242 bcsId: 0,size=4194304]} | ret=SUCCESS |  
2019-08-20 22:34:31,318 [grpc-default-executor-4] INFO  client.GrpcClientProtocolClient (GrpcClientProtocolClient.java:onNext(255)) - client-391BA870FC40->947ec526-030f-41cc-8af7-a6f75e712ab0: receive RaftClientReply:client-391BA870FC40->947ec526-030f-41cc-8af7-a6f75e712ab0@group-5D45C35602B2, cid=1873, SUCCESS, logIndex=2732, commits[947ec526-030f-41cc-8af7-a6f75e712ab0:c2733, c447b9b6-dde2-4ce7-aa81-d0e2eddc8fe9:c2731, 28b540ac-241d-462a-a56c-509e92928066:c2731]
2019-08-20 22:34:31,319 [grpc-default-executor-4] INFO  client.GrpcClientProtocolClient (GrpcClientProtocolClient.java:onNext(255)) - client-391BA870FC40->947ec526-030f-41cc-8af7-a6f75e712ab0: receive RaftClientReply:client-391BA870FC40->947ec526-030f-41cc-8af7-a6f75e712ab0@group-5D45C35602B2, cid=1874, SUCCESS, logIndex=2733, commits[947ec526-030f-41cc-8af7-a6f75e712ab0:c2733, c447b9b6-dde2-4ce7-aa81-d0e2eddc8fe9:c2731, 28b540ac-241d-462a-a56c-509e92928066:c2731]
2019-08-20 22:34:31,329 [grpc-default-executor-4] INFO  client.GrpcClientProtocolClient (GrpcClientProtocolClient.java:onNext(255)) - client-391BA870FC40->947ec526-030f-41cc-8af7-a6f75e712ab0: receive RaftClientReply:client-391BA870FC40->947ec526-030f-41cc-8af7-a6f75e712ab0@group-5D45C35602B2, cid=1875, SUCCESS, logIndex=0, commits[947ec526-030f-41cc-8af7-a6f75e712ab0:c2734, c447b9b6-dde2-4ce7-aa81-d0e2eddc8fe9:c2733, 28b540ac-241d-462a-a56c-509e92928066:c2733]
2019-08-20 22:34:31,330 | INFO  | DNAudit | user=null | ip=null | op=WRITE_CHUNK {blockData=conID: 1 locID: 102651689123316242 bcsId: 2729} | ret=SUCCESS |  
2019-08-20 22:34:31,330 | INFO  | DNAudit | user=null | ip=null | op=WRITE_CHUNK {blockData=conID: 1 locID: 102651689123316242 bcsId: 2729} | ret=SUCCESS |  
2019-08-20 22:34:31,330 | INFO  | DNAudit | user=null | ip=null | op=PUT_BLOCK {blockData=[blockId=conID: 1 locID: 102651689123316242 bcsId: 0,size=4194304]} | ret=SUCCESS |  
2019-08-20 22:34:31,330 | INFO  | DNAudit | user=null | ip=null | op=PUT_BLOCK {blockData=[blockId=conID: 1 locID: 102651689123316242 bcsId: 0,size=4194304]} | ret=SUCCESS |  
2019-08-20 22:34:31,332 | INFO  | SCMAudit | user=jenkins1000 | ip=192.168.5.142 | op=ALLOCATE_BLOCK {owner=6f694d07-2a2f-44d9-8e1c-aaa094a2f647, size=4194304, type=RATIS, factor=THREE} | ret=SUCCESS |  
2019-08-20 22:34:31,334 | INFO  | OMAudit | user=jenkins1000 | ip=127.0.0.1 | op=ALLOCATE_BLOCK {volume=vol-0-80747, bucket=bucket-0-27686, key=key-0-47435, dataSize=0, replicationType=null, replicationFactor=null, keyLocationInfo=null, clientID=102651687805452690} | ret=SUCCESS |  
2019-08-20 22:34:31,340 | INFO  | DNAudit | user=null | ip=null | op=WRITE_CHUNK {blockData=conID: 2 locID: 102651689129214483 bcsId: 0} | ret=SUCCESS |  
2019-08-20 22:34:31,343 | INFO  | DNAudit | user=null | ip=null | op=WRITE_CHUNK {blockData=conID: 2 locID: 102651689129214483 bcsId: 0} | ret=SUCCESS |  
2019-08-20 22:34:31,343 | INFO  | DNAudit | user=null | ip=null | op=WRITE_CHUNK {blockData=conID: 2 locID: 102651689129214483 bcsId: 0} | ret=SUCCESS |  
2019-08-20 22:34:31,343 | INFO  | DNAudit | user=null | ip=null | op=WRITE_CHUNK {blockData=conID: 2 locID: 102651689129214483 bcsId: 0} | ret=SUCCESS |  
2019-08-20 22:34:31,344 | INFO  | DNAudit | user=null | ip=null | op=WRITE_CHUNK {blockData=conID: 2 locID: 102651689129214483 bcsId: 0} | ret=SUCCESS |  
2019-08-20 22:34:31,344 | INFO  | DNAudit | user=null | ip=null | op=WRITE_CHUNK {blockData=conID: 2 locID: 102651689129214483 bcsId: 0} | ret=SUCCESS |  
2019-08-20 22:34:31,355 | INFO  | DNAudit | user=null | ip=null | op=WRITE_CHUNK {blockData=conID: 2 locID: 102651689129214483 bcsId: 0} | ret=SUCCESS |  
2019-08-20 22:34:31,356 | INFO  | DNAudit | user=null | ip=null | op=PUT_BLOCK {blockData=[blockId=conID: 2 locID: 102651689129214483 bcsId: 0,size=1048576]} | ret=SUCCESS |  
2019-08-20 22:34:31,356 [grpc-default-executor-1] INFO  client.GrpcClientProtocolClient (GrpcClientProtocolClient.java:onNext(255)) - client-391BA870FC40->947ec526-030f-41cc-8af7-a6f75e712ab0: receive RaftClientReply:client-391BA870FC40->947ec526-030f-41cc-8af7-a6f75e712ab0@group-5D45C35602B2, cid=1876, SUCCESS, logIndex=2736, commits[947ec526-030f-41cc-8af7-a6f75e712ab0:c2736, c447b9b6-dde2-4ce7-aa81-d0e2eddc8fe9:c2735, 28b540ac-241d-462a-a56c-509e92928066:c2735]
2019-08-20 22:34:31,356 | INFO  | DNAudit | user=null | ip=null | op=WRITE_CHUNK {blockData=conID: 2 locID: 102651689129214483 bcsId: 0} | ret=SUCCESS |  
2019-08-20 22:34:31,356 | INFO  | DNAudit | user=null | ip=null | op=PUT_BLOCK {blockData=[blockId=conID: 2 locID: 102651689129214483 bcsId: 0,size=2097152]} | ret=SUCCESS |  
2019-08-20 22:34:31,356 [grpc-default-executor-1] INFO  client.GrpcClientProtocolClient (GrpcClientProtocolClient.java:onNext(255)) - client-391BA870FC40->947ec526-030f-41cc-8af7-a6f75e712ab0: receive RaftClientReply:client-391BA870FC40->947ec526-030f-41cc-8af7-a6f75e712ab0@group-5D45C35602B2, cid=1877, SUCCESS, logIndex=2737, commits[947ec526-030f-41cc-8af7-a6f75e712ab0:c2739, c447b9b6-dde2-4ce7-aa81-d0e2eddc8fe9:c2735, 28b540ac-241d-462a-a56c-509e92928066:c2735]
2019-08-20 22:34:31,357 | INFO  | DNAudit | user=null | ip=null | op=WRITE_CHUNK {blockData=conID: 2 locID: 102651689129214483 bcsId: 0} | ret=SUCCESS |  
2019-08-20 22:34:31,356 [grpc-default-executor-3] INFO  client.GrpcClientProtocolClient (GrpcClientProtocolClient.java:onNext(255)) - client-391BA870FC40->947ec526-030f-41cc-8af7-a6f75e712ab0: receive RaftClientReply:client-391BA870FC40->947ec526-030f-41cc-8af7-a6f75e712ab0@group-5D45C35602B2, cid=1878, SUCCESS, logIndex=2738, commits[947ec526-030f-41cc-8af7-a6f75e712ab0:c2739, c447b9b6-dde2-4ce7-aa81-d0e2eddc8fe9:c2735, 28b540ac-241d-462a-a56c-509e92928066:c2735]
2019-08-20 22:34:31,357 | INFO  | DNAudit | user=null | ip=null | op=PUT_BLOCK {blockData=[blockId=conID: 2 locID: 102651689129214483 bcsId: 0,size=1048576]} | ret=SUCCESS |  
2019-08-20 22:34:31,357 [grpc-default-executor-3] INFO  client.GrpcClientProtocolClient (GrpcClientProtocolClient.java:onNext(255)) - client-391BA870FC40->947ec526-030f-41cc-8af7-a6f75e712ab0: receive RaftClientReply:client-391BA870FC40->947ec526-030f-41cc-8af7-a6f75e712ab0@group-5D45C35602B2, cid=1879, SUCCESS, logIndex=2739, commits[947ec526-030f-41cc-8af7-a6f75e712ab0:c2739, c447b9b6-dde2-4ce7-aa81-d0e2eddc8fe9:c2735, 28b540ac-241d-462a-a56c-509e92928066:c2735]
2019-08-20 22:34:31,357 | INFO  | DNAudit | user=null | ip=null | op=WRITE_CHUNK {blockData=conID: 2 locID: 102651689129214483 bcsId: 0} | ret=SUCCESS |  
2019-08-20 22:34:31,357 | INFO  | DNAudit | user=null | ip=null | op=PUT_BLOCK {blockData=[blockId=conID: 2 locID: 102651689129214483 bcsId: 0,size=1048576]} | ret=SUCCESS |  
2019-08-20 22:34:31,357 | INFO  | DNAudit | user=null | ip=null | op=WRITE_CHUNK {blockData=conID: 2 locID: 102651689129214483 bcsId: 0} | ret=SUCCESS |  
2019-08-20 22:34:31,357 | INFO  | DNAudit | user=null | ip=null | op=PUT_BLOCK {blockData=[blockId=conID: 2 locID: 102651689129214483 bcsId: 0,size=2097152]} | ret=SUCCESS |  
2019-08-20 22:34:31,358 [grpc-default-executor-1] INFO  client.GrpcClientProtocolClient (GrpcClientProtocolClient.java:onNext(255)) - client-391BA870FC40->947ec526-030f-41cc-8af7-a6f75e712ab0: receive RaftClientReply:client-391BA870FC40->947ec526-030f-41cc-8af7-a6f75e712ab0@group-5D45C35602B2, cid=1880, SUCCESS, logIndex=0, commits[947ec526-030f-41cc-8af7-a6f75e712ab0:c2740, c447b9b6-dde2-4ce7-aa81-d0e2eddc8fe9:c2737, 28b540ac-241d-462a-a56c-509e92928066:c2737]
2019-08-20 22:34:31,358 | INFO  | DNAudit | user=null | ip=null | op=WRITE_CHUNK {blockData=conID: 2 locID: 102651689129214483 bcsId: 0} | ret=SUCCESS |  
2019-08-20 22:34:31,358 | INFO  | DNAudit | user=null | ip=null | op=PUT_BLOCK {blockData=[blockId=conID: 2 locID: 102651689129214483 bcsId: 0,size=2097152]} | ret=SUCCESS |  
2019-08-20 22:34:31,363 | INFO  | DNAudit | user=null | ip=null | op=WRITE_CHUNK {blockData=conID: 2 locID: 102651689129214483 bcsId: 2739} | ret=SUCCESS |  
2019-08-20 22:34:31,364 | INFO  | DNAudit | user=null | ip=null | op=WRITE_CHUNK {blockData=conID: 2 locID: 102651689129214483 bcsId: 2739} | ret=SUCCESS |  
2019-08-20 22:34:31,364 | INFO  | DNAudit | user=null | ip=null | op=WRITE_CHUNK {blockData=conID: 2 locID: 102651689129214483 bcsId: 2739} | ret=SUCCESS |  
2019-08-20 22:34:31,369 | INFO  | DNAudit | user=null | ip=null | op=WRITE_CHUNK {blockData=conID: 2 locID: 102651689129214483 bcsId: 2739} | ret=SUCCESS |  
2019-08-20 22:34:31,369 | INFO  | DNAudit | user=null | ip=null | op=PUT_BLOCK {blockData=[blockId=conID: 2 locID: 102651689129214483 bcsId: 0,size=3145728]} | ret=SUCCESS |  
2019-08-20 22:34:31,369 [grpc-default-executor-3] INFO  client.GrpcClientProtocolClient (GrpcClientProtocolClient.java:onNext(255)) - client-391BA870FC40->947ec526-030f-41cc-8af7-a6f75e712ab0: receive RaftClientReply:client-391BA870FC40->947ec526-030f-41cc-8af7-a6f75e712ab0@group-5D45C35602B2, cid=1881, SUCCESS, logIndex=2744, commits[947ec526-030f-41cc-8af7-a6f75e712ab0:c2745, c447b9b6-dde2-4ce7-aa81-d0e2eddc8fe9:c2743, 28b540ac-241d-462a-a56c-509e92928066:c2743]
2019-08-20 22:34:31,370 [grpc-default-executor-3] INFO  client.GrpcClientProtocolClient (GrpcClientProtocolClient.java:onNext(255)) - client-391BA870FC40->947ec526-030f-41cc-8af7-a6f75e712ab0: receive RaftClientReply:client-391BA870FC40->947ec526-030f-41cc-8af7-a6f75e712ab0@group-5D45C35602B2, cid=1882, SUCCESS, logIndex=2745, commits[947ec526-030f-41cc-8af7-a6f75e712ab0:c2745, c447b9b6-dde2-4ce7-aa81-d0e2eddc8fe9:c2743, 28b540ac-241d-462a-a56c-509e92928066:c2743]
2019-08-20 22:34:31,379 | INFO  | DNAudit | user=null | ip=null | op=WRITE_CHUNK {blockData=conID: 2 locID: 102651689129214483 bcsId: 2745} | ret=SUCCESS |  
2019-08-20 22:34:31,380 | INFO  | DNAudit | user=null | ip=null | op=WRITE_CHUNK {blockData=conID: 2 locID: 102651689129214483 bcsId: 2739} | ret=SUCCESS |  
2019-08-20 22:34:31,380 | INFO  | DNAudit | user=null | ip=null | op=WRITE_CHUNK {blockData=conID: 2 locID: 102651689129214483 bcsId: 2739} | ret=SUCCESS |  
2019-08-20 22:34:31,381 | INFO  | DNAudit | user=null | ip=null | op=PUT_BLOCK {blockData=[blockId=conID: 2 locID: 102651689129214483 bcsId: 0,size=3145728]} | ret=SUCCESS |  
2019-08-20 22:34:31,381 | INFO  | DNAudit | user=null | ip=null | op=PUT_BLOCK {blockData=[blockId=conID: 2 locID: 102651689129214483 bcsId: 0,size=3145728]} | ret=SUCCESS |  
2019-08-20 22:34:31,381 | INFO  | DNAudit | user=null | ip=null | op=WRITE_CHUNK {blockData=conID: 2 locID: 102651689129214483 bcsId: 2745} | ret=SUCCESS |  
2019-08-20 22:34:31,382 | INFO  | DNAudit | user=null | ip=null | op=WRITE_CHUNK {blockData=conID: 2 locID: 102651689129214483 bcsId: 2745} | ret=SUCCESS |  
2019-08-20 22:34:31,383 | INFO  | DNAudit | user=null | ip=null | op=WRITE_CHUNK {blockData=conID: 2 locID: 102651689129214483 bcsId: 2745} | ret=SUCCESS |  
2019-08-20 22:34:31,384 | INFO  | DNAudit | user=null | ip=null | op=PUT_BLOCK {blockData=[blockId=conID: 2 locID: 102651689129214483 bcsId: 0,size=4194304]} | ret=SUCCESS |  
2019-08-20 22:34:31,384 [grpc-default-executor-1] INFO  client.GrpcClientProtocolClient (GrpcClientProtocolClient.java:onNext(255)) - client-391BA870FC40->947ec526-030f-41cc-8af7-a6f75e712ab0: receive RaftClientReply:client-391BA870FC40->947ec526-030f-41cc-8af7-a6f75e712ab0@group-5D45C35602B2, cid=1883, SUCCESS, logIndex=2748, commits[947ec526-030f-41cc-8af7-a6f75e712ab0:c2749, c447b9b6-dde2-4ce7-aa81-d0e2eddc8fe9:c2745, 28b540ac-241d-462a-a56c-509e92928066:c2745]
2019-08-20 22:34:31,384 [grpc-default-executor-1] INFO  client.GrpcClientProtocolClient (GrpcClientProtocolClient.java:onNext(255)) - client-391BA870FC40->947ec526-030f-41cc-8af7-a6f75e712ab0: receive RaftClientReply:client-391BA870FC40->947ec526-030f-41cc-8af7-a6f75e712ab0@group-5D45C35602B2, cid=1884, SUCCESS, logIndex=2749, commits[947ec526-030f-41cc-8af7-a6f75e712ab0:c2749, c447b9b6-dde2-4ce7-aa81-d0e2eddc8fe9:c2745, 28b540ac-241d-462a-a56c-509e92928066:c2745]
2019-08-20 22:34:31,386 | INFO  | DNAudit | user=null | ip=null | op=WRITE_CHUNK {blockData=conID: 2 locID: 102651689129214483 bcsId: 2745} | ret=SUCCESS |  
2019-08-20 22:34:31,386 | INFO  | DNAudit | user=null | ip=null | op=WRITE_CHUNK {blockData=conID: 2 locID: 102651689129214483 bcsId: 2745} | ret=SUCCESS |  
2019-08-20 22:34:31,386 | INFO  | DNAudit | user=null | ip=null | op=PUT_BLOCK {blockData=[blockId=conID: 2 locID: 102651689129214483 bcsId: 0,size=4194304]} | ret=SUCCESS |  
2019-08-20 22:34:31,386 | INFO  | DNAudit | user=null | ip=null | op=PUT_BLOCK {blockData=[blockId=conID: 2 locID: 102651689129214483 bcsId: 0,size=4194304]} | ret=SUCCESS |  
2019-08-20 22:34:31,387 [grpc-default-executor-1] INFO  client.GrpcClientProtocolClient (GrpcClientProtocolClient.java:onNext(255)) - client-391BA870FC40->947ec526-030f-41cc-8af7-a6f75e712ab0: receive RaftClientReply:client-391BA870FC40->947ec526-030f-41cc-8af7-a6f75e712ab0@group-5D45C35602B2, cid=1885, SUCCESS, logIndex=0, commits[947ec526-030f-41cc-8af7-a6f75e712ab0:c2750, c447b9b6-dde2-4ce7-aa81-d0e2eddc8fe9:c2749, 28b540ac-241d-462a-a56c-509e92928066:c2749]
2019-08-20 22:34:31,392 | INFO  | SCMAudit | user=jenkins1000 | ip=192.168.5.142 | op=ALLOCATE_BLOCK {owner=6f694d07-2a2f-44d9-8e1c-aaa094a2f647, size=4194304, type=RATIS, factor=THREE} | ret=SUCCESS |  
2019-08-20 22:34:31,394 | INFO  | OMAudit | user=jenkins1000 | ip=127.0.0.1 | op=ALLOCATE_BLOCK {volume=vol-0-80747, bucket=bucket-0-27686, key=key-0-47435, dataSize=0, replicationType=null, replicationFactor=null, keyLocationInfo=null, clientID=102651687805452690} | ret=SUCCESS |  
2019-08-20 22:34:31,402 | INFO  | DNAudit | user=null | ip=null | op=WRITE_CHUNK {blockData=conID: 3 locID: 102651689133146644 bcsId: 0} | ret=SUCCESS |  
2019-08-20 22:34:31,405 | INFO  | DNAudit | user=null | ip=null | op=WRITE_CHUNK {blockData=conID: 3 locID: 102651689133146644 bcsId: 0} | ret=SUCCESS |  
2019-08-20 22:34:31,406 | INFO  | DNAudit | user=null | ip=null | op=WRITE_CHUNK {blockData=conID: 3 locID: 102651689133146644 bcsId: 0} | ret=SUCCESS |  
2019-08-20 22:34:31,406 | INFO  | DNAudit | user=null | ip=null | op=WRITE_CHUNK {blockData=conID: 3 locID: 102651689133146644 bcsId: 0} | ret=SUCCESS |  
2019-08-20 22:34:31,408 | INFO  | DNAudit | user=null | ip=null | op=WRITE_CHUNK {blockData=conID: 3 locID: 102651689133146644 bcsId: 0} | ret=SUCCESS |  
2019-08-20 22:34:31,408 | INFO  | DNAudit | user=null | ip=null | op=WRITE_CHUNK {blockData=conID: 3 locID: 102651689133146644 bcsId: 0} | ret=SUCCESS |  
2019-08-20 22:34:31,416 | INFO  | DNAudit | user=null | ip=null | op=WRITE_CHUNK {blockData=conID: 3 locID: 102651689133146644 bcsId: 0} | ret=SUCCESS |  
2019-08-20 22:34:31,416 | INFO  | DNAudit | user=null | ip=null | op=PUT_BLOCK {blockData=[blockId=conID: 3 locID: 102651689133146644 bcsId: 0,size=1048576]} | ret=SUCCESS |  
2019-08-20 22:34:31,416 [grpc-default-executor-1] INFO  client.GrpcClientProtocolClient (GrpcClientProtocolClient.java:onNext(255)) - client-391BA870FC40->947ec526-030f-41cc-8af7-a6f75e712ab0: receive RaftClientReply:client-391BA870FC40->947ec526-030f-41cc-8af7-a6f75e712ab0@group-5D45C35602B2, cid=1886, SUCCESS, logIndex=2752, commits[947ec526-030f-41cc-8af7-a6f75e712ab0:c2753, c447b9b6-dde2-4ce7-aa81-d0e2eddc8fe9:c2751, 28b540ac-241d-462a-a56c-509e92928066:c2751]
2019-08-20 22:34:31,417 [grpc-default-executor-1] INFO  client.GrpcClientProtocolClient (GrpcClientProtocolClient.java:onNext(255)) - client-391BA870FC40->947ec526-030f-41cc-8af7-a6f75e712ab0: receive RaftClientReply:client-391BA870FC40->947ec526-030f-41cc-8af7-a6f75e712ab0@group-5D45C35602B2, cid=1887, SUCCESS, logIndex=2753, commits[947ec526-030f-41cc-8af7-a6f75e712ab0:c2753, c447b9b6-dde2-4ce7-aa81-d0e2eddc8fe9:c2751, 28b540ac-241d-462a-a56c-509e92928066:c2751]
2019-08-20 22:34:31,418 | INFO  | DNAudit | user=null | ip=null | op=WRITE_CHUNK {blockData=conID: 3 locID: 102651689133146644 bcsId: 0} | ret=SUCCESS |  
2019-08-20 22:34:31,418 | INFO  | DNAudit | user=null | ip=null | op=PUT_BLOCK {blockData=[blockId=conID: 3 locID: 102651689133146644 bcsId: 0,size=2097152]} | ret=SUCCESS |  
2019-08-20 22:34:31,419 [grpc-default-executor-2] INFO  client.GrpcClientProtocolClient (GrpcClientProtocolClient.java:onNext(255)) - client-391BA870FC40->947ec526-030f-41cc-8af7-a6f75e712ab0: receive RaftClientReply:client-391BA870FC40->947ec526-030f-41cc-8af7-a6f75e712ab0@group-5D45C35602B2, cid=1888, SUCCESS, logIndex=2754, commits[947ec526-030f-41cc-8af7-a6f75e712ab0:c2755, c447b9b6-dde2-4ce7-aa81-d0e2eddc8fe9:c2751, 28b540ac-241d-462a-a56c-509e92928066:c2751]
2019-08-20 22:34:31,419 [grpc-default-executor-2] INFO  client.GrpcClientProtocolClient (GrpcClientProtocolClient.java:onNext(255)) - client-391BA870FC40->947ec526-030f-41cc-8af7-a6f75e712ab0: receive RaftClientReply:client-391BA870FC40->947ec526-030f-41cc-8af7-a6f75e712ab0@group-5D45C35602B2, cid=1889, SUCCESS, logIndex=2755, commits[947ec526-030f-41cc-8af7-a6f75e712ab0:c2755, c447b9b6-dde2-4ce7-aa81-d0e2eddc8fe9:c2751, 28b540ac-241d-462a-a56c-509e92928066:c2751]
2019-08-20 22:34:31,429 | INFO  | DNAudit | user=null | ip=null | op=WRITE_CHUNK {blockData=conID: 3 locID: 102651689133146644 bcsId: 0} | ret=SUCCESS |  
2019-08-20 22:34:31,429 | INFO  | DNAudit | user=null | ip=null | op=WRITE_CHUNK {blockData=conID: 3 locID: 102651689133146644 bcsId: 0} | ret=SUCCESS |  
2019-08-20 22:34:31,430 | INFO  | DNAudit | user=null | ip=null | op=PUT_BLOCK {blockData=[blockId=conID: 3 locID: 102651689133146644 bcsId: 0,size=1048576]} | ret=SUCCESS |  
2019-08-20 22:34:31,430 | INFO  | DNAudit | user=null | ip=null | op=PUT_BLOCK {blockData=[blockId=conID: 3 locID: 102651689133146644 bcsId: 0,size=1048576]} | ret=SUCCESS |  
2019-08-20 22:34:31,430 | INFO  | DNAudit | user=null | ip=null | op=WRITE_CHUNK {blockData=conID: 3 locID: 102651689133146644 bcsId: 0} | ret=SUCCESS |  
2019-08-20 22:34:31,431 | INFO  | DNAudit | user=null | ip=null | op=PUT_BLOCK {blockData=[blockId=conID: 3 locID: 102651689133146644 bcsId: 0,size=2097152]} | ret=SUCCESS |  
2019-08-20 22:34:31,431 [grpc-default-executor-2] INFO  client.GrpcClientProtocolClient (GrpcClientProtocolClient.java:onNext(255)) - client-391BA870FC40->947ec526-030f-41cc-8af7-a6f75e712ab0: receive RaftClientReply:client-391BA870FC40->947ec526-030f-41cc-8af7-a6f75e712ab0@group-5D45C35602B2, cid=1890, SUCCESS, logIndex=0, commits[947ec526-030f-41cc-8af7-a6f75e712ab0:c2757, c447b9b6-dde2-4ce7-aa81-d0e2eddc8fe9:c2753, 28b540ac-241d-462a-a56c-509e92928066:c2753]
2019-08-20 22:34:31,431 | INFO  | DNAudit | user=null | ip=null | op=WRITE_CHUNK {blockData=conID: 3 locID: 102651689133146644 bcsId: 0} | ret=SUCCESS |  
2019-08-20 22:34:31,431 | INFO  | DNAudit | user=null | ip=null | op=PUT_BLOCK {blockData=[blockId=conID: 3 locID: 102651689133146644 bcsId: 0,size=2097152]} | ret=SUCCESS |  
2019-08-20 22:34:31,437 | INFO  | DNAudit | user=null | ip=null | op=WRITE_CHUNK {blockData=conID: 3 locID: 102651689133146644 bcsId: 2755} | ret=SUCCESS |  
2019-08-20 22:34:31,439 | INFO  | DNAudit | user=null | ip=null | op=WRITE_CHUNK {blockData=conID: 3 locID: 102651689133146644 bcsId: 2755} | ret=SUCCESS |  
2019-08-20 22:34:31,439 | INFO  | DNAudit | user=null | ip=null | op=WRITE_CHUNK {blockData=conID: 3 locID: 102651689133146644 bcsId: 2755} | ret=SUCCESS |  
2019-08-20 22:34:31,449 | INFO  | DNAudit | user=null | ip=null | op=WRITE_CHUNK {blockData=conID: 3 locID: 102651689133146644 bcsId: 2755} | ret=SUCCESS |  
2019-08-20 22:34:31,450 | INFO  | DNAudit | user=null | ip=null | op=PUT_BLOCK {blockData=[blockId=conID: 3 locID: 102651689133146644 bcsId: 0,size=3145728]} | ret=SUCCESS |  
2019-08-20 22:34:31,450 [grpc-default-executor-2] INFO  client.GrpcClientProtocolClient (GrpcClientProtocolClient.java:onNext(255)) - client-391BA870FC40->947ec526-030f-41cc-8af7-a6f75e712ab0: receive RaftClientReply:client-391BA870FC40->947ec526-030f-41cc-8af7-a6f75e712ab0@group-5D45C35602B2, cid=1891, SUCCESS, logIndex=2760, commits[947ec526-030f-41cc-8af7-a6f75e712ab0:c2761, c447b9b6-dde2-4ce7-aa81-d0e2eddc8fe9:c2759, 28b540ac-241d-462a-a56c-509e92928066:c2759]
2019-08-20 22:34:31,450 [grpc-default-executor-2] INFO  client.GrpcClientProtocolClient (GrpcClientProtocolClient.java:onNext(255)) - client-391BA870FC40->947ec526-030f-41cc-8af7-a6f75e712ab0: receive RaftClientReply:client-391BA870FC40->947ec526-030f-41cc-8af7-a6f75e712ab0@group-5D45C35602B2, cid=1892, SUCCESS, logIndex=2761, commits[947ec526-030f-41cc-8af7-a6f75e712ab0:c2761, c447b9b6-dde2-4ce7-aa81-d0e2eddc8fe9:c2759, 28b540ac-241d-462a-a56c-509e92928066:c2759]
2019-08-20 22:34:31,456 | INFO  | DNAudit | user=null | ip=null | op=WRITE_CHUNK {blockData=conID: 3 locID: 102651689133146644 bcsId: 2761} | ret=SUCCESS |  
2019-08-20 22:34:31,458 | INFO  | DNAudit | user=null | ip=null | op=WRITE_CHUNK {blockData=conID: 3 locID: 102651689133146644 bcsId: 2761} | ret=SUCCESS |  
2019-08-20 22:34:31,458 | INFO  | DNAudit | user=null | ip=null | op=WRITE_CHUNK {blockData=conID: 3 locID: 102651689133146644 bcsId: 2761} | ret=SUCCESS |  
2019-08-20 22:34:31,461 | INFO  | DNAudit | user=null | ip=null | op=WRITE_CHUNK {blockData=conID: 3 locID: 102651689133146644 bcsId: 2755} | ret=SUCCESS |  
2019-08-20 22:34:31,461 | INFO  | DNAudit | user=null | ip=null | op=WRITE_CHUNK {blockData=conID: 3 locID: 102651689133146644 bcsId: 2755} | ret=SUCCESS |  
2019-08-20 22:34:31,461 | INFO  | DNAudit | user=null | ip=null | op=PUT_BLOCK {blockData=[blockId=conID: 3 locID: 102651689133146644 bcsId: 0,size=3145728]} | ret=SUCCESS |  
2019-08-20 22:34:31,461 | INFO  | DNAudit | user=null | ip=null | op=PUT_BLOCK {blockData=[blockId=conID: 3 locID: 102651689133146644 bcsId: 0,size=3145728]} | ret=SUCCESS |  
2019-08-20 22:34:31,464 | INFO  | DNAudit | user=null | ip=null | op=WRITE_CHUNK {blockData=conID: 3 locID: 102651689133146644 bcsId: 2761} | ret=SUCCESS |  
2019-08-20 22:34:31,464 | INFO  | DNAudit | user=null | ip=null | op=PUT_BLOCK {blockData=[blockId=conID: 3 locID: 102651689133146644 bcsId: 0,size=4194304]} | ret=SUCCESS |  
2019-08-20 22:34:31,464 [grpc-default-executor-2] INFO  client.GrpcClientProtocolClient (GrpcClientProtocolClient.java:onNext(255)) - client-391BA870FC40->947ec526-030f-41cc-8af7-a6f75e712ab0: receive RaftClientReply:client-391BA870FC40->947ec526-030f-41cc-8af7-a6f75e712ab0@group-5D45C35602B2, cid=1893, SUCCESS, logIndex=2764, commits[947ec526-030f-41cc-8af7-a6f75e712ab0:c2765, c447b9b6-dde2-4ce7-aa81-d0e2eddc8fe9:c2761, 28b540ac-241d-462a-a56c-509e92928066:c2761]
2019-08-20 22:34:31,465 [grpc-default-executor-2] INFO  client.GrpcClientProtocolClient (GrpcClientProtocolClient.java:onNext(255)) - client-391BA870FC40->947ec526-030f-41cc-8af7-a6f75e712ab0: receive RaftClientReply:client-391BA870FC40->947ec526-030f-41cc-8af7-a6f75e712ab0@group-5D45C35602B2, cid=1894, SUCCESS, logIndex=2765, commits[947ec526-030f-41cc-8af7-a6f75e712ab0:c2765, c447b9b6-dde2-4ce7-aa81-d0e2eddc8fe9:c2761, 28b540ac-241d-462a-a56c-509e92928066:c2761]
2019-08-20 22:34:31,477 | INFO  | DNAudit | user=null | ip=null | op=WRITE_CHUNK {blockData=conID: 3 locID: 102651689133146644 bcsId: 2761} | ret=SUCCESS |  
2019-08-20 22:34:31,477 | INFO  | DNAudit | user=null | ip=null | op=WRITE_CHUNK {blockData=conID: 3 locID: 102651689133146644 bcsId: 2761} | ret=SUCCESS |  
2019-08-20 22:34:31,477 | INFO  | DNAudit | user=null | ip=null | op=PUT_BLOCK {blockData=[blockId=conID: 3 locID: 102651689133146644 bcsId: 0,size=4194304]} | ret=SUCCESS |  
2019-08-20 22:34:31,477 | INFO  | DNAudit | user=null | ip=null | op=PUT_BLOCK {blockData=[blockId=conID: 3 locID: 102651689133146644 bcsId: 0,size=4194304]} | ret=SUCCESS |  
2019-08-20 22:34:31,478 [grpc-default-executor-2] INFO  client.GrpcClientProtocolClient (GrpcClientProtocolClient.java:onNext(255)) - client-391BA870FC40->947ec526-030f-41cc-8af7-a6f75e712ab0: receive RaftClientReply:client-391BA870FC40->947ec526-030f-41cc-8af7-a6f75e712ab0@group-5D45C35602B2, cid=1895, SUCCESS, logIndex=0, commits[947ec526-030f-41cc-8af7-a6f75e712ab0:c2766, c447b9b6-dde2-4ce7-aa81-d0e2eddc8fe9:c2765, 28b540ac-241d-462a-a56c-509e92928066:c2765]
2019-08-20 22:34:31,482 | INFO  | SCMAudit | user=jenkins1000 | ip=192.168.5.142 | op=ALLOCATE_BLOCK {owner=6f694d07-2a2f-44d9-8e1c-aaa094a2f647, size=4194304, type=RATIS, factor=THREE} | ret=SUCCESS |  
2019-08-20 22:34:31,484 | INFO  | OMAudit | user=jenkins1000 | ip=127.0.0.1 | op=ALLOCATE_BLOCK {volume=vol-0-80747, bucket=bucket-0-27686, key=key-0-47435, dataSize=0, replicationType=null, replicationFactor=null, keyLocationInfo=null, clientID=102651687805452690} | ret=SUCCESS |  
2019-08-20 22:34:31,491 | INFO  | DNAudit | user=null | ip=null | op=WRITE_CHUNK {blockData=conID: 1 locID: 102651689139044885 bcsId: 0} | ret=SUCCESS |  
2019-08-20 22:34:31,493 | INFO  | DNAudit | user=null | ip=null | op=WRITE_CHUNK {blockData=conID: 1 locID: 102651689139044885 bcsId: 0} | ret=SUCCESS |  
2019-08-20 22:34:31,493 | INFO  | DNAudit | user=null | ip=null | op=WRITE_CHUNK {blockData=conID: 1 locID: 102651689139044885 bcsId: 0} | ret=SUCCESS |  
2019-08-20 22:34:31,493 | INFO  | DNAudit | user=null | ip=null | op=WRITE_CHUNK {blockData=conID: 1 locID: 102651689139044885 bcsId: 0} | ret=SUCCESS |  
2019-08-20 22:34:31,495 | INFO  | DNAudit | user=null | ip=null | op=WRITE_CHUNK {blockData=conID: 1 locID: 102651689139044885 bcsId: 0} | ret=SUCCESS |  
2019-08-20 22:34:31,495 | INFO  | DNAudit | user=null | ip=null | op=WRITE_CHUNK {blockData=conID: 1 locID: 102651689139044885 bcsId: 0} | ret=SUCCESS |  
2019-08-20 22:34:31,503 | INFO  | DNAudit | user=null | ip=null | op=WRITE_CHUNK {blockData=conID: 1 locID: 102651689139044885 bcsId: 0} | ret=SUCCESS |  
2019-08-20 22:34:31,504 | INFO  | DNAudit | user=null | ip=null | op=PUT_BLOCK {blockData=[blockId=conID: 1 locID: 102651689139044885 bcsId: 0,size=1048576]} | ret=SUCCESS |  
2019-08-20 22:34:31,504 [grpc-default-executor-1] INFO  client.GrpcClientProtocolClient (GrpcClientProtocolClient.java:onNext(255)) - client-391BA870FC40->947ec526-030f-41cc-8af7-a6f75e712ab0: receive RaftClientReply:client-391BA870FC40->947ec526-030f-41cc-8af7-a6f75e712ab0@group-5D45C35602B2, cid=1896, SUCCESS, logIndex=2768, commits[947ec526-030f-41cc-8af7-a6f75e712ab0:c2769, c447b9b6-dde2-4ce7-aa81-d0e2eddc8fe9:c2767, 28b540ac-241d-462a-a56c-509e92928066:c2767]
2019-08-20 22:34:31,504 [grpc-default-executor-1] INFO  client.GrpcClientProtocolClient (GrpcClientProtocolClient.java:onNext(255)) - client-391BA870FC40->947ec526-030f-41cc-8af7-a6f75e712ab0: receive RaftClientReply:client-391BA870FC40->947ec526-030f-41cc-8af7-a6f75e712ab0@group-5D45C35602B2, cid=1897, SUCCESS, logIndex=2769, commits[947ec526-030f-41cc-8af7-a6f75e712ab0:c2769, c447b9b6-dde2-4ce7-aa81-d0e2eddc8fe9:c2767, 28b540ac-241d-462a-a56c-509e92928066:c2767]
2019-08-20 22:34:31,506 | INFO  | DNAudit | user=null | ip=null | op=WRITE_CHUNK {blockData=conID: 1 locID: 102651689139044885 bcsId: 0} | ret=SUCCESS |  
2019-08-20 22:34:31,506 | INFO  | DNAudit | user=null | ip=null | op=PUT_BLOCK {blockData=[blockId=conID: 1 locID: 102651689139044885 bcsId: 0,size=2097152]} | ret=SUCCESS |  
2019-08-20 22:34:31,506 [grpc-default-executor-3] INFO  client.GrpcClientProtocolClient (GrpcClientProtocolClient.java:onNext(255)) - client-391BA870FC40->947ec526-030f-41cc-8af7-a6f75e712ab0: receive RaftClientReply:client-391BA870FC40->947ec526-030f-41cc-8af7-a6f75e712ab0@group-5D45C35602B2, cid=1898, SUCCESS, logIndex=2770, commits[947ec526-030f-41cc-8af7-a6f75e712ab0:c2771, c447b9b6-dde2-4ce7-aa81-d0e2eddc8fe9:c2767, 28b540ac-241d-462a-a56c-509e92928066:c2767]
2019-08-20 22:34:31,507 [grpc-default-executor-3] INFO  client.GrpcClientProtocolClient (GrpcClientProtocolClient.java:onNext(255)) - client-391BA870FC40->947ec526-030f-41cc-8af7-a6f75e712ab0: receive RaftClientReply:client-391BA870FC40->947ec526-030f-41cc-8af7-a6f75e712ab0@group-5D45C35602B2, cid=1899, SUCCESS, logIndex=2771, commits[947ec526-030f-41cc-8af7-a6f75e712ab0:c2771, c447b9b6-dde2-4ce7-aa81-d0e2eddc8fe9:c2767, 28b540ac-241d-462a-a56c-509e92928066:c2767]
2019-08-20 22:34:31,517 | INFO  | DNAudit | user=null | ip=null | op=WRITE_CHUNK {blockData=conID: 1 locID: 102651689139044885 bcsId: 0} | ret=SUCCESS |  
2019-08-20 22:34:31,517 | INFO  | DNAudit | user=null | ip=null | op=WRITE_CHUNK {blockData=conID: 1 locID: 102651689139044885 bcsId: 0} | ret=SUCCESS |  
2019-08-20 22:34:31,517 | INFO  | DNAudit | user=null | ip=null | op=PUT_BLOCK {blockData=[blockId=conID: 1 locID: 102651689139044885 bcsId: 0,size=1048576]} | ret=SUCCESS |  
2019-08-20 22:34:31,517 | INFO  | DNAudit | user=null | ip=null | op=PUT_BLOCK {blockData=[blockId=conID: 1 locID: 102651689139044885 bcsId: 0,size=1048576]} | ret=SUCCESS |  
2019-08-20 22:34:31,518 [grpc-default-executor-3] INFO  client.GrpcClientProtocolClient (GrpcClientProtocolClient.java:onNext(255)) - client-391BA870FC40->947ec526-030f-41cc-8af7-a6f75e712ab0: receive RaftClientReply:client-391BA870FC40->947ec526-030f-41cc-8af7-a6f75e712ab0@group-5D45C35602B2, cid=1900, SUCCESS, logIndex=0, commits[947ec526-030f-41cc-8af7-a6f75e712ab0:c2773, c447b9b6-dde2-4ce7-aa81-d0e2eddc8fe9:c2769, 28b540ac-241d-462a-a56c-509e92928066:c2769]
2019-08-20 22:34:31,518 | INFO  | DNAudit | user=null | ip=null | op=WRITE_CHUNK {blockData=conID: 1 locID: 102651689139044885 bcsId: 0} | ret=SUCCESS |  
2019-08-20 22:34:31,518 | INFO  | DNAudit | user=null | ip=null | op=PUT_BLOCK {blockData=[blockId=conID: 1 locID: 102651689139044885 bcsId: 0,size=2097152]} | ret=SUCCESS |  
2019-08-20 22:34:31,519 | INFO  | DNAudit | user=null | ip=null | op=WRITE_CHUNK {blockData=conID: 1 locID: 102651689139044885 bcsId: 0} | ret=SUCCESS |  
2019-08-20 22:34:31,519 | INFO  | DNAudit | user=null | ip=null | op=PUT_BLOCK {blockData=[blockId=conID: 1 locID: 102651689139044885 bcsId: 0,size=2097152]} | ret=SUCCESS |  
2019-08-20 22:34:31,524 | INFO  | DNAudit | user=null | ip=null | op=WRITE_CHUNK {blockData=conID: 1 locID: 102651689139044885 bcsId: 2771} | ret=SUCCESS |  
2019-08-20 22:34:31,527 | INFO  | DNAudit | user=null | ip=null | op=WRITE_CHUNK {blockData=conID: 1 locID: 102651689139044885 bcsId: 2771} | ret=SUCCESS |  
2019-08-20 22:34:31,530 | INFO  | DNAudit | user=null | ip=null | op=WRITE_CHUNK {blockData=conID: 1 locID: 102651689139044885 bcsId: 2771} | ret=SUCCESS |  
2019-08-20 22:34:31,531 | INFO  | DNAudit | user=null | ip=null | op=PUT_BLOCK {blockData=[blockId=conID: 1 locID: 102651689139044885 bcsId: 0,size=3145728]} | ret=SUCCESS |  
2019-08-20 22:34:31,531 [grpc-default-executor-3] INFO  client.GrpcClientProtocolClient (GrpcClientProtocolClient.java:onNext(255)) - client-391BA870FC40->947ec526-030f-41cc-8af7-a6f75e712ab0: receive RaftClientReply:client-391BA870FC40->947ec526-030f-41cc-8af7-a6f75e712ab0@group-5D45C35602B2, cid=1901, SUCCESS, logIndex=2776, commits[947ec526-030f-41cc-8af7-a6f75e712ab0:c2777, c447b9b6-dde2-4ce7-aa81-d0e2eddc8fe9:c2771, 28b540ac-241d-462a-a56c-509e92928066:c2775]
2019-08-20 22:34:31,531 | INFO  | DNAudit | user=null | ip=null | op=WRITE_CHUNK {blockData=conID: 1 locID: 102651689139044885 bcsId: 2771} | ret=SUCCESS |  
2019-08-20 22:34:31,531 [grpc-default-executor-3] INFO  client.GrpcClientProtocolClient (GrpcClientProtocolClient.java:onNext(255)) - client-391BA870FC40->947ec526-030f-41cc-8af7-a6f75e712ab0: receive RaftClientReply:client-391BA870FC40->947ec526-030f-41cc-8af7-a6f75e712ab0@group-5D45C35602B2, cid=1902, SUCCESS, logIndex=2777, commits[947ec526-030f-41cc-8af7-a6f75e712ab0:c2777, c447b9b6-dde2-4ce7-aa81-d0e2eddc8fe9:c2771, 28b540ac-241d-462a-a56c-509e92928066:c2775]
2019-08-20 22:34:31,687 | INFO  | SCMAudit | user=jenkins1000 | ip=192.168.5.142 | op=SEND_HEARTBEAT {datanodeUUID=d55cd342-4e6c-4701-86f3-cb557f3478dc, command=[]} | ret=SUCCESS |  
2019-08-20 22:34:31,688 | INFO  | DNAudit | user=null | ip=null | op=WRITE_CHUNK {blockData=conID: 1 locID: 102651689139044885 bcsId: 2771} | ret=SUCCESS |  
2019-08-20 22:34:31,688 | INFO  | DNAudit | user=null | ip=null | op=WRITE_CHUNK {blockData=conID: 1 locID: 102651689139044885 bcsId: 2771} | ret=SUCCESS |  
2019-08-20 22:34:31,688 | INFO  | DNAudit | user=null | ip=null | op=PUT_BLOCK {blockData=[blockId=conID: 1 locID: 102651689139044885 bcsId: 0,size=3145728]} | ret=SUCCESS |  
2019-08-20 22:34:31,688 | INFO  | DNAudit | user=null | ip=null | op=PUT_BLOCK {blockData=[blockId=conID: 1 locID: 102651689139044885 bcsId: 0,size=3145728]} | ret=SUCCESS |  
2019-08-20 22:34:31,692 | INFO  | DNAudit | user=null | ip=null | op=WRITE_CHUNK {blockData=conID: 1 locID: 102651689139044885 bcsId: 2777} | ret=SUCCESS |  
2019-08-20 22:34:31,694 | INFO  | DNAudit | user=null | ip=null | op=WRITE_CHUNK {blockData=conID: 1 locID: 102651689139044885 bcsId: 2777} | ret=SUCCESS |  
2019-08-20 22:34:31,695 | INFO  | DNAudit | user=null | ip=null | op=WRITE_CHUNK {blockData=conID: 1 locID: 102651689139044885 bcsId: 2777} | ret=SUCCESS |  
2019-08-20 22:34:31,699 | INFO  | DNAudit | user=null | ip=null | op=WRITE_CHUNK {blockData=conID: 1 locID: 102651689139044885 bcsId: 2777} | ret=SUCCESS |  
2019-08-20 22:34:31,699 | INFO  | DNAudit | user=null | ip=null | op=PUT_BLOCK {blockData=[blockId=conID: 1 locID: 102651689139044885 bcsId: 0,size=4194304]} | ret=SUCCESS |  
2019-08-20 22:34:31,700 [grpc-default-executor-2] INFO  client.GrpcClientProtocolClient (GrpcClientProtocolClient.java:onNext(255)) - client-391BA870FC40->947ec526-030f-41cc-8af7-a6f75e712ab0: receive RaftClientReply:client-391BA870FC40->947ec526-030f-41cc-8af7-a6f75e712ab0@group-5D45C35602B2, cid=1903, SUCCESS, logIndex=2780, commits[947ec526-030f-41cc-8af7-a6f75e712ab0:c2781, c447b9b6-dde2-4ce7-aa81-d0e2eddc8fe9:c2778, 28b540ac-241d-462a-a56c-509e92928066:c2777]
2019-08-20 22:34:31,700 [grpc-default-executor-1] INFO  client.GrpcClientProtocolClient (GrpcClientProtocolClient.java:onNext(255)) - client-391BA870FC40->947ec526-030f-41cc-8af7-a6f75e712ab0: receive RaftClientReply:client-391BA870FC40->947ec526-030f-41cc-8af7-a6f75e712ab0@group-5D45C35602B2, cid=1904, SUCCESS, logIndex=2781, commits[947ec526-030f-41cc-8af7-a6f75e712ab0:c2781, c447b9b6-dde2-4ce7-aa81-d0e2eddc8fe9:c2778, 28b540ac-241d-462a-a56c-509e92928066:c2777]
2019-08-20 22:34:31,702 | INFO  | DNAudit | user=null | ip=null | op=WRITE_CHUNK {blockData=conID: 1 locID: 102651689139044885 bcsId: 2777} | ret=SUCCESS |  
2019-08-20 22:34:31,713 | INFO  | DNAudit | user=null | ip=null | op=PUT_BLOCK {blockData=[blockId=conID: 1 locID: 102651689139044885 bcsId: 0,size=4194304]} | ret=SUCCESS |  
2019-08-20 22:34:31,715 | INFO  | DNAudit | user=null | ip=null | op=WRITE_CHUNK {blockData=conID: 1 locID: 102651689139044885 bcsId: 2777} | ret=SUCCESS |  
2019-08-20 22:34:31,716 | INFO  | DNAudit | user=null | ip=null | op=PUT_BLOCK {blockData=[blockId=conID: 1 locID: 102651689139044885 bcsId: 0,size=4194304]} | ret=SUCCESS |  
2019-08-20 22:34:31,719 [grpc-default-executor-2] INFO  client.GrpcClientProtocolClient (GrpcClientProtocolClient.java:onNext(255)) - client-391BA870FC40->947ec526-030f-41cc-8af7-a6f75e712ab0: receive RaftClientReply:client-391BA870FC40->947ec526-030f-41cc-8af7-a6f75e712ab0@group-5D45C35602B2, cid=1905, SUCCESS, logIndex=0, commits[947ec526-030f-41cc-8af7-a6f75e712ab0:c2783, c447b9b6-dde2-4ce7-aa81-d0e2eddc8fe9:c2781, 28b540ac-241d-462a-a56c-509e92928066:c2781]
2019-08-20 22:34:31,725 | INFO  | SCMAudit | user=jenkins1000 | ip=192.168.5.142 | op=ALLOCATE_BLOCK {owner=6f694d07-2a2f-44d9-8e1c-aaa094a2f647, size=4194304, type=RATIS, factor=THREE} | ret=SUCCESS |  
2019-08-20 22:34:31,729 | INFO  | OMAudit | user=jenkins1000 | ip=127.0.0.1 | op=ALLOCATE_BLOCK {volume=vol-0-80747, bucket=bucket-0-27686, key=key-0-47435, dataSize=0, replicationType=null, replicationFactor=null, keyLocationInfo=null, clientID=102651687805452690} | ret=SUCCESS |  
2019-08-20 22:34:31,740 | INFO  | DNAudit | user=null | ip=null | op=WRITE_CHUNK {blockData=conID: 2 locID: 102651689154970134 bcsId: 0} | ret=SUCCESS |  
2019-08-20 22:34:31,743 | INFO  | DNAudit | user=null | ip=null | op=WRITE_CHUNK {blockData=conID: 2 locID: 102651689154970134 bcsId: 0} | ret=SUCCESS |  
2019-08-20 22:34:31,744 | INFO  | DNAudit | user=null | ip=null | op=WRITE_CHUNK {blockData=conID: 2 locID: 102651689154970134 bcsId: 0} | ret=SUCCESS |  
2019-08-20 22:34:31,744 | INFO  | DNAudit | user=null | ip=null | op=WRITE_CHUNK {blockData=conID: 2 locID: 102651689154970134 bcsId: 0} | ret=SUCCESS |  
2019-08-20 22:34:31,744 | INFO  | DNAudit | user=null | ip=null | op=WRITE_CHUNK {blockData=conID: 2 locID: 102651689154970134 bcsId: 0} | ret=SUCCESS |  
2019-08-20 22:34:31,744 | INFO  | DNAudit | user=null | ip=null | op=WRITE_CHUNK {blockData=conID: 2 locID: 102651689154970134 bcsId: 0} | ret=SUCCESS |  
2019-08-20 22:34:31,753 | INFO  | DNAudit | user=null | ip=null | op=WRITE_CHUNK {blockData=conID: 2 locID: 102651689154970134 bcsId: 0} | ret=SUCCESS |  
2019-08-20 22:34:31,754 | INFO  | DNAudit | user=null | ip=null | op=PUT_BLOCK {blockData=[blockId=conID: 2 locID: 102651689154970134 bcsId: 0,size=1048576]} | ret=SUCCESS |  
2019-08-20 22:34:31,754 | INFO  | DNAudit | user=null | ip=null | op=WRITE_CHUNK {blockData=conID: 2 locID: 102651689154970134 bcsId: 0} | ret=SUCCESS |  
2019-08-20 22:34:31,755 | INFO  | DNAudit | user=null | ip=null | op=WRITE_CHUNK {blockData=conID: 2 locID: 102651689154970134 bcsId: 0} | ret=SUCCESS |  
2019-08-20 22:34:31,755 | INFO  | DNAudit | user=null | ip=null | op=PUT_BLOCK {blockData=[blockId=conID: 2 locID: 102651689154970134 bcsId: 0,size=2097152]} | ret=SUCCESS |  
2019-08-20 22:34:31,755 | INFO  | DNAudit | user=null | ip=null | op=WRITE_CHUNK {blockData=conID: 2 locID: 102651689154970134 bcsId: 0} | ret=SUCCESS |  
2019-08-20 22:34:31,754 [grpc-default-executor-2] INFO  client.GrpcClientProtocolClient (GrpcClientProtocolClient.java:onNext(255)) - client-391BA870FC40->947ec526-030f-41cc-8af7-a6f75e712ab0: receive RaftClientReply:client-391BA870FC40->947ec526-030f-41cc-8af7-a6f75e712ab0@group-5D45C35602B2, cid=1906, SUCCESS, logIndex=2784, commits[947ec526-030f-41cc-8af7-a6f75e712ab0:c2786, c447b9b6-dde2-4ce7-aa81-d0e2eddc8fe9:c2783, 28b540ac-241d-462a-a56c-509e92928066:c2783]
2019-08-20 22:34:31,755 [grpc-default-executor-2] INFO  client.GrpcClientProtocolClient (GrpcClientProtocolClient.java:onNext(255)) - client-391BA870FC40->947ec526-030f-41cc-8af7-a6f75e712ab0: receive RaftClientReply:client-391BA870FC40->947ec526-030f-41cc-8af7-a6f75e712ab0@group-5D45C35602B2, cid=1907, SUCCESS, logIndex=2785, commits[947ec526-030f-41cc-8af7-a6f75e712ab0:c2787, c447b9b6-dde2-4ce7-aa81-d0e2eddc8fe9:c2783, 28b540ac-241d-462a-a56c-509e92928066:c2783]
2019-08-20 22:34:31,756 [grpc-default-executor-2] INFO  client.GrpcClientProtocolClient (GrpcClientProtocolClient.java:onNext(255)) - client-391BA870FC40->947ec526-030f-41cc-8af7-a6f75e712ab0: receive RaftClientReply:client-391BA870FC40->947ec526-030f-41cc-8af7-a6f75e712ab0@group-5D45C35602B2, cid=1908, SUCCESS, logIndex=2786, commits[947ec526-030f-41cc-8af7-a6f75e712ab0:c2788, c447b9b6-dde2-4ce7-aa81-d0e2eddc8fe9:c2784, 28b540ac-241d-462a-a56c-509e92928066:c2783]
2019-08-20 22:34:31,756 [grpc-default-executor-2] INFO  client.GrpcClientProtocolClient (GrpcClientProtocolClient.java:onNext(255)) - client-391BA870FC40->947ec526-030f-41cc-8af7-a6f75e712ab0: receive RaftClientReply:client-391BA870FC40->947ec526-030f-41cc-8af7-a6f75e712ab0@group-5D45C35602B2, cid=1909, SUCCESS, logIndex=2787, commits[947ec526-030f-41cc-8af7-a6f75e712ab0:c2788, c447b9b6-dde2-4ce7-aa81-d0e2eddc8fe9:c2784, 28b540ac-241d-462a-a56c-509e92928066:c2783]
2019-08-20 22:34:31,757 | INFO  | DNAudit | user=null | ip=null | op=PUT_BLOCK {blockData=[blockId=conID: 2 locID: 102651689154970134 bcsId: 0,size=1048576]} | ret=SUCCESS |  
2019-08-20 22:34:31,758 | INFO  | DNAudit | user=null | ip=null | op=WRITE_CHUNK {blockData=conID: 2 locID: 102651689154970134 bcsId: 0} | ret=SUCCESS |  
2019-08-20 22:34:31,768 | INFO  | DNAudit | user=null | ip=null | op=PUT_BLOCK {blockData=[blockId=conID: 2 locID: 102651689154970134 bcsId: 0,size=1048576]} | ret=SUCCESS |  
2019-08-20 22:34:31,769 | INFO  | DNAudit | user=null | ip=null | op=WRITE_CHUNK {blockData=conID: 2 locID: 102651689154970134 bcsId: 0} | ret=SUCCESS |  
2019-08-20 22:34:31,769 | INFO  | DNAudit | user=null | ip=null | op=PUT_BLOCK {blockData=[blockId=conID: 2 locID: 102651689154970134 bcsId: 0,size=2097152]} | ret=SUCCESS |  
2019-08-20 22:34:31,769 | INFO  | DNAudit | user=null | ip=null | op=PUT_BLOCK {blockData=[blockId=conID: 2 locID: 102651689154970134 bcsId: 0,size=2097152]} | ret=SUCCESS |  
2019-08-20 22:34:31,769 [grpc-default-executor-2] INFO  client.GrpcClientProtocolClient (GrpcClientProtocolClient.java:onNext(255)) - client-391BA870FC40->947ec526-030f-41cc-8af7-a6f75e712ab0: receive RaftClientReply:client-391BA870FC40->947ec526-030f-41cc-8af7-a6f75e712ab0@group-5D45C35602B2, cid=1910, SUCCESS, logIndex=0, commits[947ec526-030f-41cc-8af7-a6f75e712ab0:c2790, c447b9b6-dde2-4ce7-aa81-d0e2eddc8fe9:c2786, 28b540ac-241d-462a-a56c-509e92928066:c2786]
2019-08-20 22:34:31,776 | INFO  | DNAudit | user=null | ip=null | op=WRITE_CHUNK {blockData=conID: 2 locID: 102651689154970134 bcsId: 2787} | ret=SUCCESS |  
2019-08-20 22:34:31,777 | INFO  | DNAudit | user=null | ip=null | op=WRITE_CHUNK {blockData=conID: 2 locID: 102651689154970134 bcsId: 2787} | ret=SUCCESS |  
2019-08-20 22:34:31,778 | INFO  | DNAudit | user=null | ip=null | op=WRITE_CHUNK {blockData=conID: 2 locID: 102651689154970134 bcsId: 2787} | ret=SUCCESS |  
2019-08-20 22:34:31,788 | INFO  | DNAudit | user=null | ip=null | op=WRITE_CHUNK {blockData=conID: 2 locID: 102651689154970134 bcsId: 2787} | ret=SUCCESS |  
2019-08-20 22:34:31,789 | INFO  | DNAudit | user=null | ip=null | op=PUT_BLOCK {blockData=[blockId=conID: 2 locID: 102651689154970134 bcsId: 0,size=3145728]} | ret=SUCCESS |  
2019-08-20 22:34:31,789 [grpc-default-executor-2] INFO  client.GrpcClientProtocolClient (GrpcClientProtocolClient.java:onNext(255)) - client-391BA870FC40->947ec526-030f-41cc-8af7-a6f75e712ab0: receive RaftClientReply:client-391BA870FC40->947ec526-030f-41cc-8af7-a6f75e712ab0@group-5D45C35602B2, cid=1911, SUCCESS, logIndex=2792, commits[947ec526-030f-41cc-8af7-a6f75e712ab0:c2793, c447b9b6-dde2-4ce7-aa81-d0e2eddc8fe9:c2791, 28b540ac-241d-462a-a56c-509e92928066:c2791]
2019-08-20 22:34:31,789 [grpc-default-executor-2] INFO  client.GrpcClientProtocolClient (GrpcClientProtocolClient.java:onNext(255)) - client-391BA870FC40->947ec526-030f-41cc-8af7-a6f75e712ab0: receive RaftClientReply:client-391BA870FC40->947ec526-030f-41cc-8af7-a6f75e712ab0@group-5D45C35602B2, cid=1912, SUCCESS, logIndex=2793, commits[947ec526-030f-41cc-8af7-a6f75e712ab0:c2793, c447b9b6-dde2-4ce7-aa81-d0e2eddc8fe9:c2791, 28b540ac-241d-462a-a56c-509e92928066:c2791]
2019-08-20 22:34:31,796 | INFO  | DNAudit | user=null | ip=null | op=WRITE_CHUNK {blockData=conID: 2 locID: 102651689154970134 bcsId: 2793} | ret=SUCCESS |  
2019-08-20 22:34:31,798 | INFO  | DNAudit | user=null | ip=null | op=WRITE_CHUNK {blockData=conID: 2 locID: 102651689154970134 bcsId: 2793} | ret=SUCCESS |  
2019-08-20 22:34:31,798 | INFO  | DNAudit | user=null | ip=null | op=WRITE_CHUNK {blockData=conID: 2 locID: 102651689154970134 bcsId: 2793} | ret=SUCCESS |  
2019-08-20 22:34:31,800 | INFO  | DNAudit | user=null | ip=null | op=WRITE_CHUNK {blockData=conID: 2 locID: 102651689154970134 bcsId: 2787} | ret=SUCCESS |  
2019-08-20 22:34:31,800 | INFO  | DNAudit | user=null | ip=null | op=WRITE_CHUNK {blockData=conID: 2 locID: 102651689154970134 bcsId: 2787} | ret=SUCCESS |  
2019-08-20 22:34:31,803 | INFO  | DNAudit | user=null | ip=null | op=PUT_BLOCK {blockData=[blockId=conID: 2 locID: 102651689154970134 bcsId: 0,size=3145728]} | ret=SUCCESS |  
2019-08-20 22:34:31,803 | INFO  | DNAudit | user=null | ip=null | op=PUT_BLOCK {blockData=[blockId=conID: 2 locID: 102651689154970134 bcsId: 0,size=3145728]} | ret=SUCCESS |  
2019-08-20 22:34:31,803 | INFO  | DNAudit | user=null | ip=null | op=WRITE_CHUNK {blockData=conID: 2 locID: 102651689154970134 bcsId: 2793} | ret=SUCCESS |  
2019-08-20 22:34:31,804 | INFO  | DNAudit | user=null | ip=null | op=PUT_BLOCK {blockData=[blockId=conID: 2 locID: 102651689154970134 bcsId: 0,size=4194304]} | ret=SUCCESS |  
2019-08-20 22:34:31,804 [grpc-default-executor-2] INFO  client.GrpcClientProtocolClient (GrpcClientProtocolClient.java:onNext(255)) - client-391BA870FC40->947ec526-030f-41cc-8af7-a6f75e712ab0: receive RaftClientReply:client-391BA870FC40->947ec526-030f-41cc-8af7-a6f75e712ab0@group-5D45C35602B2, cid=1913, SUCCESS, logIndex=2796, commits[947ec526-030f-41cc-8af7-a6f75e712ab0:c2796, c447b9b6-dde2-4ce7-aa81-d0e2eddc8fe9:c2793, 28b540ac-241d-462a-a56c-509e92928066:c2793]
2019-08-20 22:34:31,804 [grpc-default-executor-2] INFO  client.GrpcClientProtocolClient (GrpcClientProtocolClient.java:onNext(255)) - client-391BA870FC40->947ec526-030f-41cc-8af7-a6f75e712ab0: receive RaftClientReply:client-391BA870FC40->947ec526-030f-41cc-8af7-a6f75e712ab0@group-5D45C35602B2, cid=1914, SUCCESS, logIndex=2797, commits[947ec526-030f-41cc-8af7-a6f75e712ab0:c2797, c447b9b6-dde2-4ce7-aa81-d0e2eddc8fe9:c2793, 28b540ac-241d-462a-a56c-509e92928066:c2793]
2019-08-20 22:34:31,815 | INFO  | DNAudit | user=null | ip=null | op=WRITE_CHUNK {blockData=conID: 2 locID: 102651689154970134 bcsId: 2793} | ret=SUCCESS |  
2019-08-20 22:34:31,815 | INFO  | DNAudit | user=null | ip=null | op=WRITE_CHUNK {blockData=conID: 2 locID: 102651689154970134 bcsId: 2793} | ret=SUCCESS |  
2019-08-20 22:34:31,818 | INFO  | DNAudit | user=null | ip=null | op=PUT_BLOCK {blockData=[blockId=conID: 2 locID: 102651689154970134 bcsId: 0,size=4194304]} | ret=SUCCESS |  
2019-08-20 22:34:31,818 | INFO  | DNAudit | user=null | ip=null | op=PUT_BLOCK {blockData=[blockId=conID: 2 locID: 102651689154970134 bcsId: 0,size=4194304]} | ret=SUCCESS |  
2019-08-20 22:34:31,818 [grpc-default-executor-2] INFO  client.GrpcClientProtocolClient (GrpcClientProtocolClient.java:onNext(255)) - client-391BA870FC40->947ec526-030f-41cc-8af7-a6f75e712ab0: receive RaftClientReply:client-391BA870FC40->947ec526-030f-41cc-8af7-a6f75e712ab0@group-5D45C35602B2, cid=1915, SUCCESS, logIndex=0, commits[947ec526-030f-41cc-8af7-a6f75e712ab0:c2799, c447b9b6-dde2-4ce7-aa81-d0e2eddc8fe9:c2797, 28b540ac-241d-462a-a56c-509e92928066:c2797]
2019-08-20 22:34:31,822 | INFO  | SCMAudit | user=jenkins1000 | ip=192.168.5.142 | op=ALLOCATE_BLOCK {owner=6f694d07-2a2f-44d9-8e1c-aaa094a2f647, size=4194304, type=RATIS, factor=THREE} | ret=SUCCESS |  
2019-08-20 22:34:31,824 | INFO  | OMAudit | user=jenkins1000 | ip=127.0.0.1 | op=ALLOCATE_BLOCK {volume=vol-0-80747, bucket=bucket-0-27686, key=key-0-47435, dataSize=0, replicationType=null, replicationFactor=null, keyLocationInfo=null, clientID=102651687805452690} | ret=SUCCESS |  
2019-08-20 22:34:31,830 | INFO  | DNAudit | user=null | ip=null | op=WRITE_CHUNK {blockData=conID: 3 locID: 102651689161327127 bcsId: 0} | ret=SUCCESS |  
2019-08-20 22:34:31,832 | INFO  | DNAudit | user=null | ip=null | op=WRITE_CHUNK {blockData=conID: 3 locID: 102651689161327127 bcsId: 0} | ret=SUCCESS |  
2019-08-20 22:34:31,833 | INFO  | DNAudit | user=null | ip=null | op=WRITE_CHUNK {blockData=conID: 3 locID: 102651689161327127 bcsId: 0} | ret=SUCCESS |  
2019-08-20 22:34:31,833 | INFO  | DNAudit | user=null | ip=null | op=WRITE_CHUNK {blockData=conID: 3 locID: 102651689161327127 bcsId: 0} | ret=SUCCESS |  
2019-08-20 22:34:31,833 | INFO  | DNAudit | user=null | ip=null | op=WRITE_CHUNK {blockData=conID: 3 locID: 102651689161327127 bcsId: 0} | ret=SUCCESS |  
2019-08-20 22:34:31,834 | INFO  | DNAudit | user=null | ip=null | op=WRITE_CHUNK {blockData=conID: 3 locID: 102651689161327127 bcsId: 0} | ret=SUCCESS |  
2019-08-20 22:34:31,845 | INFO  | DNAudit | user=null | ip=null | op=WRITE_CHUNK {blockData=conID: 3 locID: 102651689161327127 bcsId: 0} | ret=SUCCESS |  
2019-08-20 22:34:31,845 | INFO  | DNAudit | user=null | ip=null | op=PUT_BLOCK {blockData=[blockId=conID: 3 locID: 102651689161327127 bcsId: 0,size=1048576]} | ret=SUCCESS |  
2019-08-20 22:34:31,845 [grpc-default-executor-2] INFO  client.GrpcClientProtocolClient (GrpcClientProtocolClient.java:onNext(255)) - client-391BA870FC40->947ec526-030f-41cc-8af7-a6f75e712ab0: receive RaftClientReply:client-391BA870FC40->947ec526-030f-41cc-8af7-a6f75e712ab0@group-5D45C35602B2, cid=1916, SUCCESS, logIndex=2800, commits[947ec526-030f-41cc-8af7-a6f75e712ab0:c2803, c447b9b6-dde2-4ce7-aa81-d0e2eddc8fe9:c2799, 28b540ac-241d-462a-a56c-509e92928066:c2799]
2019-08-20 22:34:31,845 | INFO  | DNAudit | user=null | ip=null | op=WRITE_CHUNK {blockData=conID: 3 locID: 102651689161327127 bcsId: 0} | ret=SUCCESS |  
2019-08-20 22:34:31,846 | INFO  | DNAudit | user=null | ip=null | op=PUT_BLOCK {blockData=[blockId=conID: 3 locID: 102651689161327127 bcsId: 0,size=2097152]} | ret=SUCCESS |  
2019-08-20 22:34:31,847 [grpc-default-executor-2] INFO  client.GrpcClientProtocolClient (GrpcClientProtocolClient.java:onNext(255)) - client-391BA870FC40->947ec526-030f-41cc-8af7-a6f75e712ab0: receive RaftClientReply:client-391BA870FC40->947ec526-030f-41cc-8af7-a6f75e712ab0@group-5D45C35602B2, cid=1917, SUCCESS, logIndex=2801, commits[947ec526-030f-41cc-8af7-a6f75e712ab0:c2803, c447b9b6-dde2-4ce7-aa81-d0e2eddc8fe9:c2799, 28b540ac-241d-462a-a56c-509e92928066:c2799]
2019-08-20 22:34:31,847 | INFO  | DNAudit | user=null | ip=null | op=WRITE_CHUNK {blockData=conID: 3 locID: 102651689161327127 bcsId: 0} | ret=SUCCESS |  
2019-08-20 22:34:31,848 [grpc-default-executor-4] INFO  client.GrpcClientProtocolClient (GrpcClientProtocolClient.java:onNext(255)) - client-391BA870FC40->947ec526-030f-41cc-8af7-a6f75e712ab0: receive RaftClientReply:client-391BA870FC40->947ec526-030f-41cc-8af7-a6f75e712ab0@group-5D45C35602B2, cid=1918, SUCCESS, logIndex=2802, commits[947ec526-030f-41cc-8af7-a6f75e712ab0:c2803, c447b9b6-dde2-4ce7-aa81-d0e2eddc8fe9:c2799, 28b540ac-241d-462a-a56c-509e92928066:c2799]
2019-08-20 22:34:31,848 [grpc-default-executor-2] INFO  client.GrpcClientProtocolClient (GrpcClientProtocolClient.java:onNext(255)) - client-391BA870FC40->947ec526-030f-41cc-8af7-a6f75e712ab0: receive RaftClientReply:client-391BA870FC40->947ec526-030f-41cc-8af7-a6f75e712ab0@group-5D45C35602B2, cid=1919, SUCCESS, logIndex=2803, commits[947ec526-030f-41cc-8af7-a6f75e712ab0:c2804, c447b9b6-dde2-4ce7-aa81-d0e2eddc8fe9:c2801, 28b540ac-241d-462a-a56c-509e92928066:c2801]
2019-08-20 22:34:31,856 | INFO  | DNAudit | user=null | ip=null | op=WRITE_CHUNK {blockData=conID: 3 locID: 102651689161327127 bcsId: 0} | ret=SUCCESS |  
2019-08-20 22:34:31,856 | INFO  | DNAudit | user=null | ip=null | op=PUT_BLOCK {blockData=[blockId=conID: 3 locID: 102651689161327127 bcsId: 0,size=1048576]} | ret=SUCCESS |  
2019-08-20 22:34:31,857 | INFO  | DNAudit | user=null | ip=null | op=PUT_BLOCK {blockData=[blockId=conID: 3 locID: 102651689161327127 bcsId: 0,size=1048576]} | ret=SUCCESS |  
2019-08-20 22:34:31,857 | INFO  | DNAudit | user=null | ip=null | op=WRITE_CHUNK {blockData=conID: 3 locID: 102651689161327127 bcsId: 0} | ret=SUCCESS |  
2019-08-20 22:34:31,857 | INFO  | DNAudit | user=null | ip=null | op=WRITE_CHUNK {blockData=conID: 3 locID: 102651689161327127 bcsId: 0} | ret=SUCCESS |  
2019-08-20 22:34:31,857 | INFO  | DNAudit | user=null | ip=null | op=PUT_BLOCK {blockData=[blockId=conID: 3 locID: 102651689161327127 bcsId: 0,size=2097152]} | ret=SUCCESS |  
2019-08-20 22:34:31,857 | INFO  | DNAudit | user=null | ip=null | op=PUT_BLOCK {blockData=[blockId=conID: 3 locID: 102651689161327127 bcsId: 0,size=2097152]} | ret=SUCCESS |  
2019-08-20 22:34:31,858 | INFO  | DNAudit | user=null | ip=null | op=WRITE_CHUNK {blockData=conID: 3 locID: 102651689161327127 bcsId: 2803} | ret=SUCCESS |  
2019-08-20 22:34:31,858 | INFO  | DNAudit | user=null | ip=null | op=WRITE_CHUNK {blockData=conID: 3 locID: 102651689161327127 bcsId: 2803} | ret=SUCCESS |  
2019-08-20 22:34:31,858 | INFO  | DNAudit | user=null | ip=null | op=WRITE_CHUNK {blockData=conID: 3 locID: 102651689161327127 bcsId: 2803} | ret=SUCCESS |  
2019-08-20 22:34:31,867 | INFO  | DNAudit | user=null | ip=null | op=WRITE_CHUNK {blockData=conID: 3 locID: 102651689161327127 bcsId: 2803} | ret=SUCCESS |  
2019-08-20 22:34:31,868 | INFO  | DNAudit | user=null | ip=null | op=PUT_BLOCK {blockData=[blockId=conID: 3 locID: 102651689161327127 bcsId: 0,size=3145728]} | ret=SUCCESS |  
2019-08-20 22:34:31,868 [grpc-default-executor-3] INFO  client.GrpcClientProtocolClient (GrpcClientProtocolClient.java:onNext(255)) - client-391BA870FC40->947ec526-030f-41cc-8af7-a6f75e712ab0: receive RaftClientReply:client-391BA870FC40->947ec526-030f-41cc-8af7-a6f75e712ab0@group-5D45C35602B2, cid=1920, SUCCESS, logIndex=2808, commits[947ec526-030f-41cc-8af7-a6f75e712ab0:c2809, c447b9b6-dde2-4ce7-aa81-d0e2eddc8fe9:c2807, 28b540ac-241d-462a-a56c-509e92928066:c2807]
2019-08-20 22:34:31,868 [grpc-default-executor-3] INFO  client.GrpcClientProtocolClient (GrpcClientProtocolClient.java:onNext(255)) - client-391BA870FC40->947ec526-030f-41cc-8af7-a6f75e712ab0: receive RaftClientReply:client-391BA870FC40->947ec526-030f-41cc-8af7-a6f75e712ab0@group-5D45C35602B2, cid=1921, SUCCESS, logIndex=2809, commits[947ec526-030f-41cc-8af7-a6f75e712ab0:c2809, c447b9b6-dde2-4ce7-aa81-d0e2eddc8fe9:c2807, 28b540ac-241d-462a-a56c-509e92928066:c2807]
2019-08-20 22:34:31,868 | INFO  | DNAudit | user=null | ip=null | op=WRITE_CHUNK {blockData=conID: 3 locID: 102651689161327127 bcsId: 2803} | ret=SUCCESS |  
2019-08-20 22:34:31,868 | INFO  | DNAudit | user=null | ip=null | op=WRITE_CHUNK {blockData=conID: 3 locID: 102651689161327127 bcsId: 2803} | ret=SUCCESS |  
2019-08-20 22:34:31,868 | INFO  | DNAudit | user=null | ip=null | op=PUT_BLOCK {blockData=[blockId=conID: 3 locID: 102651689161327127 bcsId: 0,size=3145728]} | ret=SUCCESS |  
2019-08-20 22:34:31,868 | INFO  | DNAudit | user=null | ip=null | op=PUT_BLOCK {blockData=[blockId=conID: 3 locID: 102651689161327127 bcsId: 0,size=3145728]} | ret=SUCCESS |  
2019-08-20 22:34:31,873 | INFO  | DNAudit | user=null | ip=null | op=WRITE_CHUNK {blockData=conID: 3 locID: 102651689161327127 bcsId: 2809} | ret=SUCCESS |  
2019-08-20 22:34:31,905 | INFO  | DNAudit | user=null | ip=null | op=WRITE_CHUNK {blockData=conID: 3 locID: 102651689161327127 bcsId: 2809} | ret=SUCCESS |  
2019-08-20 22:34:31,906 | INFO  | DNAudit | user=null | ip=null | op=WRITE_CHUNK {blockData=conID: 3 locID: 102651689161327127 bcsId: 2809} | ret=SUCCESS |  
2019-08-20 22:34:31,918 | INFO  | DNAudit | user=null | ip=null | op=WRITE_CHUNK {blockData=conID: 3 locID: 102651689161327127 bcsId: 2809} | ret=SUCCESS |  
2019-08-20 22:34:31,918 | INFO  | DNAudit | user=null | ip=null | op=PUT_BLOCK {blockData=[blockId=conID: 3 locID: 102651689161327127 bcsId: 0,size=4194304]} | ret=SUCCESS |  
2019-08-20 22:34:31,918 [grpc-default-executor-3] INFO  client.GrpcClientProtocolClient (GrpcClientProtocolClient.java:onNext(255)) - client-391BA870FC40->947ec526-030f-41cc-8af7-a6f75e712ab0: receive RaftClientReply:client-391BA870FC40->947ec526-030f-41cc-8af7-a6f75e712ab0@group-5D45C35602B2, cid=1922, SUCCESS, logIndex=2812, commits[947ec526-030f-41cc-8af7-a6f75e712ab0:c2813, c447b9b6-dde2-4ce7-aa81-d0e2eddc8fe9:c2811, 28b540ac-241d-462a-a56c-509e92928066:c2811]
2019-08-20 22:34:31,919 [grpc-default-executor-3] INFO  client.GrpcClientProtocolClient (GrpcClientProtocolClient.java:onNext(255)) - client-391BA870FC40->947ec526-030f-41cc-8af7-a6f75e712ab0: receive RaftClientReply:client-391BA870FC40->947ec526-030f-41cc-8af7-a6f75e712ab0@group-5D45C35602B2, cid=1923, SUCCESS, logIndex=2813, commits[947ec526-030f-41cc-8af7-a6f75e712ab0:c2813, c447b9b6-dde2-4ce7-aa81-d0e2eddc8fe9:c2811, 28b540ac-241d-462a-a56c-509e92928066:c2811]
2019-08-20 22:34:31,920 | INFO  | DNAudit | user=null | ip=null | op=WRITE_CHUNK {blockData=conID: 3 locID: 102651689161327127 bcsId: 2809} | ret=SUCCESS |  
2019-08-20 22:34:31,920 | INFO  | DNAudit | user=null | ip=null | op=WRITE_CHUNK {blockData=conID: 3 locID: 102651689161327127 bcsId: 2809} | ret=SUCCESS |  
2019-08-20 22:34:31,920 | INFO  | DNAudit | user=null | ip=null | op=PUT_BLOCK {blockData=[blockId=conID: 3 locID: 102651689161327127 bcsId: 0,size=4194304]} | ret=SUCCESS |  
2019-08-20 22:34:31,920 | INFO  | DNAudit | user=null | ip=null | op=PUT_BLOCK {blockData=[blockId=conID: 3 locID: 102651689161327127 bcsId: 0,size=4194304]} | ret=SUCCESS |  
2019-08-20 22:34:31,920 [grpc-default-executor-3] INFO  client.GrpcClientProtocolClient (GrpcClientProtocolClient.java:onNext(255)) - client-391BA870FC40->947ec526-030f-41cc-8af7-a6f75e712ab0: receive RaftClientReply:client-391BA870FC40->947ec526-030f-41cc-8af7-a6f75e712ab0@group-5D45C35602B2, cid=1924, SUCCESS, logIndex=0, commits[947ec526-030f-41cc-8af7-a6f75e712ab0:c2814, c447b9b6-dde2-4ce7-aa81-d0e2eddc8fe9:c2813, 28b540ac-241d-462a-a56c-509e92928066:c2813]
2019-08-20 22:34:31,924 | INFO  | SCMAudit | user=jenkins1000 | ip=192.168.5.142 | op=ALLOCATE_BLOCK {owner=6f694d07-2a2f-44d9-8e1c-aaa094a2f647, size=4194304, type=RATIS, factor=THREE} | ret=SUCCESS |  
2019-08-20 22:34:31,926 | INFO  | OMAudit | user=jenkins1000 | ip=127.0.0.1 | op=ALLOCATE_BLOCK {volume=vol-0-80747, bucket=bucket-0-27686, key=key-0-47435, dataSize=0, replicationType=null, replicationFactor=null, keyLocationInfo=null, clientID=102651687805452690} | ret=SUCCESS |  
2019-08-20 22:34:31,932 | INFO  | DNAudit | user=null | ip=null | op=WRITE_CHUNK {blockData=conID: 1 locID: 102651689168011800 bcsId: 0} | ret=SUCCESS |  
2019-08-20 22:34:31,934 | INFO  | DNAudit | user=null | ip=null | op=WRITE_CHUNK {blockData=conID: 1 locID: 102651689168011800 bcsId: 0} | ret=SUCCESS |  
2019-08-20 22:34:31,934 | INFO  | DNAudit | user=null | ip=null | op=WRITE_CHUNK {blockData=conID: 1 locID: 102651689168011800 bcsId: 0} | ret=SUCCESS |  
2019-08-20 22:34:31,935 | INFO  | DNAudit | user=null | ip=null | op=WRITE_CHUNK {blockData=conID: 1 locID: 102651689168011800 bcsId: 0} | ret=SUCCESS |  
2019-08-20 22:34:31,935 | INFO  | DNAudit | user=null | ip=null | op=WRITE_CHUNK {blockData=conID: 1 locID: 102651689168011800 bcsId: 0} | ret=SUCCESS |  
2019-08-20 22:34:31,935 | INFO  | DNAudit | user=null | ip=null | op=WRITE_CHUNK {blockData=conID: 1 locID: 102651689168011800 bcsId: 0} | ret=SUCCESS |  
2019-08-20 22:34:31,944 | INFO  | DNAudit | user=null | ip=null | op=WRITE_CHUNK {blockData=conID: 1 locID: 102651689168011800 bcsId: 0} | ret=SUCCESS |  
2019-08-20 22:34:31,944 | INFO  | DNAudit | user=null | ip=null | op=PUT_BLOCK {blockData=[blockId=conID: 1 locID: 102651689168011800 bcsId: 0,size=1048576]} | ret=SUCCESS |  
2019-08-20 22:34:31,944 [grpc-default-executor-2] INFO  client.GrpcClientProtocolClient (GrpcClientProtocolClient.java:onNext(255)) - client-391BA870FC40->947ec526-030f-41cc-8af7-a6f75e712ab0: receive RaftClientReply:client-391BA870FC40->947ec526-030f-41cc-8af7-a6f75e712ab0@group-5D45C35602B2, cid=1925, SUCCESS, logIndex=2816, commits[947ec526-030f-41cc-8af7-a6f75e712ab0:c2819, c447b9b6-dde2-4ce7-aa81-d0e2eddc8fe9:c2815, 28b540ac-241d-462a-a56c-509e92928066:c2815]
2019-08-20 22:34:31,945 [grpc-default-executor-2] INFO  client.GrpcClientProtocolClient (GrpcClientProtocolClient.java:onNext(255)) - client-391BA870FC40->947ec526-030f-41cc-8af7-a6f75e712ab0: receive RaftClientReply:client-391BA870FC40->947ec526-030f-41cc-8af7-a6f75e712ab0@group-5D45C35602B2, cid=1926, SUCCESS, logIndex=2817, commits[947ec526-030f-41cc-8af7-a6f75e712ab0:c2819, c447b9b6-dde2-4ce7-aa81-d0e2eddc8fe9:c2815, 28b540ac-241d-462a-a56c-509e92928066:c2815]
2019-08-20 22:34:31,945 | INFO  | DNAudit | user=null | ip=null | op=WRITE_CHUNK {blockData=conID: 1 locID: 102651689168011800 bcsId: 0} | ret=SUCCESS |  
2019-08-20 22:34:31,945 | INFO  | DNAudit | user=null | ip=null | op=WRITE_CHUNK {blockData=conID: 1 locID: 102651689168011800 bcsId: 0} | ret=SUCCESS |  
2019-08-20 22:34:31,945 | INFO  | DNAudit | user=null | ip=null | op=WRITE_CHUNK {blockData=conID: 1 locID: 102651689168011800 bcsId: 0} | ret=SUCCESS |  
2019-08-20 22:34:31,946 | INFO  | DNAudit | user=null | ip=null | op=PUT_BLOCK {blockData=[blockId=conID: 1 locID: 102651689168011800 bcsId: 0,size=1048576]} | ret=SUCCESS |  
2019-08-20 22:34:31,946 | INFO  | DNAudit | user=null | ip=null | op=PUT_BLOCK {blockData=[blockId=conID: 1 locID: 102651689168011800 bcsId: 0,size=2097152]} | ret=SUCCESS |  
2019-08-20 22:34:31,946 | INFO  | DNAudit | user=null | ip=null | op=PUT_BLOCK {blockData=[blockId=conID: 1 locID: 102651689168011800 bcsId: 0,size=1048576]} | ret=SUCCESS |  
2019-08-20 22:34:31,946 [grpc-default-executor-2] INFO  client.GrpcClientProtocolClient (GrpcClientProtocolClient.java:onNext(255)) - client-391BA870FC40->947ec526-030f-41cc-8af7-a6f75e712ab0: receive RaftClientReply:client-391BA870FC40->947ec526-030f-41cc-8af7-a6f75e712ab0@group-5D45C35602B2, cid=1927, SUCCESS, logIndex=2818, commits[947ec526-030f-41cc-8af7-a6f75e712ab0:c2820, c447b9b6-dde2-4ce7-aa81-d0e2eddc8fe9:c2817, 28b540ac-241d-462a-a56c-509e92928066:c2817]
2019-08-20 22:34:31,946 [grpc-default-executor-2] INFO  client.GrpcClientProtocolClient (GrpcClientProtocolClient.java:onNext(255)) - client-391BA870FC40->947ec526-030f-41cc-8af7-a6f75e712ab0: receive RaftClientReply:client-391BA870FC40->947ec526-030f-41cc-8af7-a6f75e712ab0@group-5D45C35602B2, cid=1928, SUCCESS, logIndex=2819, commits[947ec526-030f-41cc-8af7-a6f75e712ab0:c2820, c447b9b6-dde2-4ce7-aa81-d0e2eddc8fe9:c2817, 28b540ac-241d-462a-a56c-509e92928066:c2817]
2019-08-20 22:34:31,946 | INFO  | DNAudit | user=null | ip=null | op=WRITE_CHUNK {blockData=conID: 1 locID: 102651689168011800 bcsId: 0} | ret=SUCCESS |  
2019-08-20 22:34:31,947 | INFO  | DNAudit | user=null | ip=null | op=PUT_BLOCK {blockData=[blockId=conID: 1 locID: 102651689168011800 bcsId: 0,size=2097152]} | ret=SUCCESS |  
2019-08-20 22:34:31,957 | INFO  | DNAudit | user=null | ip=null | op=WRITE_CHUNK {blockData=conID: 1 locID: 102651689168011800 bcsId: 0} | ret=SUCCESS |  
2019-08-20 22:34:31,958 | INFO  | DNAudit | user=null | ip=null | op=PUT_BLOCK {blockData=[blockId=conID: 1 locID: 102651689168011800 bcsId: 0,size=2097152]} | ret=SUCCESS |  
2019-08-20 22:34:31,959 | INFO  | DNAudit | user=null | ip=null | op=WRITE_CHUNK {blockData=conID: 1 locID: 102651689168011800 bcsId: 2819} | ret=SUCCESS |  
2019-08-20 22:34:31,959 | INFO  | DNAudit | user=null | ip=null | op=WRITE_CHUNK {blockData=conID: 1 locID: 102651689168011800 bcsId: 2819} | ret=SUCCESS |  
2019-08-20 22:34:31,959 | INFO  | DNAudit | user=null | ip=null | op=WRITE_CHUNK {blockData=conID: 1 locID: 102651689168011800 bcsId: 2819} | ret=SUCCESS |  
2019-08-20 22:34:31,972 | INFO  | DNAudit | user=null | ip=null | op=WRITE_CHUNK {blockData=conID: 1 locID: 102651689168011800 bcsId: 2819} | ret=SUCCESS |  
2019-08-20 22:34:31,973 | INFO  | DNAudit | user=null | ip=null | op=PUT_BLOCK {blockData=[blockId=conID: 1 locID: 102651689168011800 bcsId: 0,size=3145728]} | ret=SUCCESS |  
2019-08-20 22:34:31,973 [grpc-default-executor-2] INFO  client.GrpcClientProtocolClient (GrpcClientProtocolClient.java:onNext(255)) - client-391BA870FC40->947ec526-030f-41cc-8af7-a6f75e712ab0: receive RaftClientReply:client-391BA870FC40->947ec526-030f-41cc-8af7-a6f75e712ab0@group-5D45C35602B2, cid=1929, SUCCESS, logIndex=2824, commits[947ec526-030f-41cc-8af7-a6f75e712ab0:c2825, c447b9b6-dde2-4ce7-aa81-d0e2eddc8fe9:c2820, 28b540ac-241d-462a-a56c-509e92928066:c2820]
2019-08-20 22:34:31,973 [grpc-default-executor-2] INFO  client.GrpcClientProtocolClient (GrpcClientProtocolClient.java:onNext(255)) - client-391BA870FC40->947ec526-030f-41cc-8af7-a6f75e712ab0: receive RaftClientReply:client-391BA870FC40->947ec526-030f-41cc-8af7-a6f75e712ab0@group-5D45C35602B2, cid=1930, SUCCESS, logIndex=2825, commits[947ec526-030f-41cc-8af7-a6f75e712ab0:c2825, c447b9b6-dde2-4ce7-aa81-d0e2eddc8fe9:c2820, 28b540ac-241d-462a-a56c-509e92928066:c2820]
2019-08-20 22:34:31,987 | INFO  | DNAudit | user=null | ip=null | op=WRITE_CHUNK {blockData=conID: 1 locID: 102651689168011800 bcsId: 2819} | ret=SUCCESS |  
2019-08-20 22:34:31,987 | INFO  | DNAudit | user=null | ip=null | op=WRITE_CHUNK {blockData=conID: 1 locID: 102651689168011800 bcsId: 2819} | ret=SUCCESS |  
2019-08-20 22:34:31,987 | INFO  | DNAudit | user=null | ip=null | op=PUT_BLOCK {blockData=[blockId=conID: 1 locID: 102651689168011800 bcsId: 0,size=3145728]} | ret=SUCCESS |  
2019-08-20 22:34:31,987 | INFO  | DNAudit | user=null | ip=null | op=PUT_BLOCK {blockData=[blockId=conID: 1 locID: 102651689168011800 bcsId: 0,size=3145728]} | ret=SUCCESS |  
2019-08-20 22:34:31,988 | INFO  | DNAudit | user=null | ip=null | op=WRITE_CHUNK {blockData=conID: 1 locID: 102651689168011800 bcsId: 2825} | ret=SUCCESS |  
2019-08-20 22:34:31,988 | INFO  | DNAudit | user=null | ip=null | op=WRITE_CHUNK {blockData=conID: 1 locID: 102651689168011800 bcsId: 2825} | ret=SUCCESS |  
2019-08-20 22:34:31,988 | INFO  | DNAudit | user=null | ip=null | op=WRITE_CHUNK {blockData=conID: 1 locID: 102651689168011800 bcsId: 2825} | ret=SUCCESS |  
2019-08-20 22:34:32,005 | INFO  | DNAudit | user=null | ip=null | op=WRITE_CHUNK {blockData=conID: 1 locID: 102651689168011800 bcsId: 2825} | ret=SUCCESS |  
2019-08-20 22:34:32,006 | INFO  | DNAudit | user=null | ip=null | op=PUT_BLOCK {blockData=[blockId=conID: 1 locID: 102651689168011800 bcsId: 0,size=4194304]} | ret=SUCCESS |  
2019-08-20 22:34:32,006 [grpc-default-executor-5] INFO  client.GrpcClientProtocolClient (GrpcClientProtocolClient.java:onNext(255)) - client-391BA870FC40->947ec526-030f-41cc-8af7-a6f75e712ab0: receive RaftClientReply:client-391BA870FC40->947ec526-030f-41cc-8af7-a6f75e712ab0@group-5D45C35602B2, cid=1931, SUCCESS, logIndex=2828, commits[947ec526-030f-41cc-8af7-a6f75e712ab0:c2829, c447b9b6-dde2-4ce7-aa81-d0e2eddc8fe9:c2826, 28b540ac-241d-462a-a56c-509e92928066:c2826]
2019-08-20 22:34:32,006 [grpc-default-executor-5] INFO  client.GrpcClientProtocolClient (GrpcClientProtocolClient.java:onNext(255)) - client-391BA870FC40->947ec526-030f-41cc-8af7-a6f75e712ab0: receive RaftClientReply:client-391BA870FC40->947ec526-030f-41cc-8af7-a6f75e712ab0@group-5D45C35602B2, cid=1932, SUCCESS, logIndex=2829, commits[947ec526-030f-41cc-8af7-a6f75e712ab0:c2829, c447b9b6-dde2-4ce7-aa81-d0e2eddc8fe9:c2826, 28b540ac-241d-462a-a56c-509e92928066:c2826]
2019-08-20 22:34:32,007 | INFO  | DNAudit | user=null | ip=null | op=WRITE_CHUNK {blockData=conID: 1 locID: 102651689168011800 bcsId: 2825} | ret=SUCCESS |  
2019-08-20 22:34:32,007 | INFO  | DNAudit | user=null | ip=null | op=WRITE_CHUNK {blockData=conID: 1 locID: 102651689168011800 bcsId: 2825} | ret=SUCCESS |  
2019-08-20 22:34:32,018 | INFO  | DNAudit | user=null | ip=null | op=PUT_BLOCK {blockData=[blockId=conID: 1 locID: 102651689168011800 bcsId: 0,size=4194304]} | ret=SUCCESS |  
2019-08-20 22:34:32,018 | INFO  | DNAudit | user=null | ip=null | op=PUT_BLOCK {blockData=[blockId=conID: 1 locID: 102651689168011800 bcsId: 0,size=4194304]} | ret=SUCCESS |  
2019-08-20 22:34:32,019 [grpc-default-executor-5] INFO  client.GrpcClientProtocolClient (GrpcClientProtocolClient.java:onNext(255)) - client-391BA870FC40->947ec526-030f-41cc-8af7-a6f75e712ab0: receive RaftClientReply:client-391BA870FC40->947ec526-030f-41cc-8af7-a6f75e712ab0@group-5D45C35602B2, cid=1933, SUCCESS, logIndex=0, commits[947ec526-030f-41cc-8af7-a6f75e712ab0:c2831, c447b9b6-dde2-4ce7-aa81-d0e2eddc8fe9:c2829, 28b540ac-241d-462a-a56c-509e92928066:c2829]
2019-08-20 22:34:32,022 | INFO  | SCMAudit | user=jenkins1000 | ip=192.168.5.142 | op=ALLOCATE_BLOCK {owner=6f694d07-2a2f-44d9-8e1c-aaa094a2f647, size=4194304, type=RATIS, factor=THREE} | ret=SUCCESS |  
2019-08-20 22:34:32,024 | INFO  | OMAudit | user=jenkins1000 | ip=127.0.0.1 | op=ALLOCATE_BLOCK {volume=vol-0-80747, bucket=bucket-0-27686, key=key-0-47435, dataSize=0, replicationType=null, replicationFactor=null, keyLocationInfo=null, clientID=102651687805452690} | ret=SUCCESS |  
2019-08-20 22:34:32,030 | INFO  | DNAudit | user=null | ip=null | op=WRITE_CHUNK {blockData=conID: 2 locID: 102651689174434329 bcsId: 0} | ret=SUCCESS |  
2019-08-20 22:34:32,032 | INFO  | DNAudit | user=null | ip=null | op=WRITE_CHUNK {blockData=conID: 2 locID: 102651689174434329 bcsId: 0} | ret=SUCCESS |  
2019-08-20 22:34:32,033 | INFO  | DNAudit | user=null | ip=null | op=WRITE_CHUNK {blockData=conID: 2 locID: 102651689174434329 bcsId: 0} | ret=SUCCESS |  
2019-08-20 22:34:32,034 | INFO  | DNAudit | user=null | ip=null | op=WRITE_CHUNK {blockData=conID: 2 locID: 102651689174434329 bcsId: 0} | ret=SUCCESS |  
2019-08-20 22:34:32,034 | INFO  | DNAudit | user=null | ip=null | op=WRITE_CHUNK {blockData=conID: 2 locID: 102651689174434329 bcsId: 0} | ret=SUCCESS |  
2019-08-20 22:34:32,035 | INFO  | DNAudit | user=null | ip=null | op=WRITE_CHUNK {blockData=conID: 2 locID: 102651689174434329 bcsId: 0} | ret=SUCCESS |  
2019-08-20 22:34:32,043 | INFO  | DNAudit | user=null | ip=null | op=WRITE_CHUNK {blockData=conID: 2 locID: 102651689174434329 bcsId: 0} | ret=SUCCESS |  
2019-08-20 22:34:32,044 | INFO  | DNAudit | user=null | ip=null | op=PUT_BLOCK {blockData=[blockId=conID: 2 locID: 102651689174434329 bcsId: 0,size=1048576]} | ret=SUCCESS |  
2019-08-20 22:34:32,044 [grpc-default-executor-3] INFO  client.GrpcClientProtocolClient (GrpcClientProtocolClient.java:onNext(255)) - client-391BA870FC40->947ec526-030f-41cc-8af7-a6f75e712ab0: receive RaftClientReply:client-391BA870FC40->947ec526-030f-41cc-8af7-a6f75e712ab0@group-5D45C35602B2, cid=1934, SUCCESS, logIndex=2832, commits[947ec526-030f-41cc-8af7-a6f75e712ab0:c2834, c447b9b6-dde2-4ce7-aa81-d0e2eddc8fe9:c2831, 28b540ac-241d-462a-a56c-509e92928066:c2831]
2019-08-20 22:34:32,044 | INFO  | DNAudit | user=null | ip=null | op=WRITE_CHUNK {blockData=conID: 2 locID: 102651689174434329 bcsId: 0} | ret=SUCCESS |  
2019-08-20 22:34:32,044 | INFO  | DNAudit | user=null | ip=null | op=PUT_BLOCK {blockData=[blockId=conID: 2 locID: 102651689174434329 bcsId: 0,size=2097152]} | ret=SUCCESS |  
2019-08-20 22:34:32,044 [grpc-default-executor-3] INFO  client.GrpcClientProtocolClient (GrpcClientProtocolClient.java:onNext(255)) - client-391BA870FC40->947ec526-030f-41cc-8af7-a6f75e712ab0: receive RaftClientReply:client-391BA870FC40->947ec526-030f-41cc-8af7-a6f75e712ab0@group-5D45C35602B2, cid=1935, SUCCESS, logIndex=2833, commits[947ec526-030f-41cc-8af7-a6f75e712ab0:c2835, c447b9b6-dde2-4ce7-aa81-d0e2eddc8fe9:c2831, 28b540ac-241d-462a-a56c-509e92928066:c2831]
2019-08-20 22:34:32,045 | INFO  | DNAudit | user=null | ip=null | op=WRITE_CHUNK {blockData=conID: 2 locID: 102651689174434329 bcsId: 0} | ret=SUCCESS |  
2019-08-20 22:34:32,045 [grpc-default-executor-5] INFO  client.GrpcClientProtocolClient (GrpcClientProtocolClient.java:onNext(255)) - client-391BA870FC40->947ec526-030f-41cc-8af7-a6f75e712ab0: receive RaftClientReply:client-391BA870FC40->947ec526-030f-41cc-8af7-a6f75e712ab0@group-5D45C35602B2, cid=1936, SUCCESS, logIndex=2834, commits[947ec526-030f-41cc-8af7-a6f75e712ab0:c2835, c447b9b6-dde2-4ce7-aa81-d0e2eddc8fe9:c2831, 28b540ac-241d-462a-a56c-509e92928066:c2831]
2019-08-20 22:34:32,045 [grpc-default-executor-5] INFO  client.GrpcClientProtocolClient (GrpcClientProtocolClient.java:onNext(255)) - client-391BA870FC40->947ec526-030f-41cc-8af7-a6f75e712ab0: receive RaftClientReply:client-391BA870FC40->947ec526-030f-41cc-8af7-a6f75e712ab0@group-5D45C35602B2, cid=1937, SUCCESS, logIndex=2835, commits[947ec526-030f-41cc-8af7-a6f75e712ab0:c2835, c447b9b6-dde2-4ce7-aa81-d0e2eddc8fe9:c2831, 28b540ac-241d-462a-a56c-509e92928066:c2831]
2019-08-20 22:34:32,045 | INFO  | DNAudit | user=null | ip=null | op=WRITE_CHUNK {blockData=conID: 2 locID: 102651689174434329 bcsId: 0} | ret=SUCCESS |  
2019-08-20 22:34:32,045 | INFO  | DNAudit | user=null | ip=null | op=PUT_BLOCK {blockData=[blockId=conID: 2 locID: 102651689174434329 bcsId: 0,size=1048576]} | ret=SUCCESS |  
2019-08-20 22:34:32,046 | INFO  | DNAudit | user=null | ip=null | op=WRITE_CHUNK {blockData=conID: 2 locID: 102651689174434329 bcsId: 0} | ret=SUCCESS |  
2019-08-20 22:34:32,046 | INFO  | DNAudit | user=null | ip=null | op=PUT_BLOCK {blockData=[blockId=conID: 2 locID: 102651689174434329 bcsId: 0,size=1048576]} | ret=SUCCESS |  
2019-08-20 22:34:32,046 | INFO  | DNAudit | user=null | ip=null | op=PUT_BLOCK {blockData=[blockId=conID: 2 locID: 102651689174434329 bcsId: 0,size=2097152]} | ret=SUCCESS |  
2019-08-20 22:34:32,046 | INFO  | DNAudit | user=null | ip=null | op=WRITE_CHUNK {blockData=conID: 2 locID: 102651689174434329 bcsId: 0} | ret=SUCCESS |  
2019-08-20 22:34:32,046 | INFO  | DNAudit | user=null | ip=null | op=PUT_BLOCK {blockData=[blockId=conID: 2 locID: 102651689174434329 bcsId: 0,size=2097152]} | ret=SUCCESS |  
2019-08-20 22:34:32,046 [grpc-default-executor-3] INFO  client.GrpcClientProtocolClient (GrpcClientProtocolClient.java:onNext(255)) - client-391BA870FC40->947ec526-030f-41cc-8af7-a6f75e712ab0: receive RaftClientReply:client-391BA870FC40->947ec526-030f-41cc-8af7-a6f75e712ab0@group-5D45C35602B2, cid=1938, SUCCESS, logIndex=0, commits[947ec526-030f-41cc-8af7-a6f75e712ab0:c2839, c447b9b6-dde2-4ce7-aa81-d0e2eddc8fe9:c2833, 28b540ac-241d-462a-a56c-509e92928066:c2835]
2019-08-20 22:34:32,052 | INFO  | DNAudit | user=null | ip=null | op=WRITE_CHUNK {blockData=conID: 2 locID: 102651689174434329 bcsId: 2835} | ret=SUCCESS |  
2019-08-20 22:34:32,054 | INFO  | DNAudit | user=null | ip=null | op=WRITE_CHUNK {blockData=conID: 2 locID: 102651689174434329 bcsId: 2835} | ret=SUCCESS |  
2019-08-20 22:34:32,055 | INFO  | DNAudit | user=null | ip=null | op=WRITE_CHUNK {blockData=conID: 2 locID: 102651689174434329 bcsId: 2835} | ret=SUCCESS |  
2019-08-20 22:34:32,067 | INFO  | DNAudit | user=null | ip=null | op=WRITE_CHUNK {blockData=conID: 2 locID: 102651689174434329 bcsId: 2835} | ret=SUCCESS |  
2019-08-20 22:34:32,067 | INFO  | DNAudit | user=null | ip=null | op=PUT_BLOCK {blockData=[blockId=conID: 2 locID: 102651689174434329 bcsId: 0,size=3145728]} | ret=SUCCESS |  
2019-08-20 22:34:32,068 [grpc-default-executor-3] INFO  client.GrpcClientProtocolClient (GrpcClientProtocolClient.java:onNext(255)) - client-391BA870FC40->947ec526-030f-41cc-8af7-a6f75e712ab0: receive RaftClientReply:client-391BA870FC40->947ec526-030f-41cc-8af7-a6f75e712ab0@group-5D45C35602B2, cid=1939, SUCCESS, logIndex=2840, commits[947ec526-030f-41cc-8af7-a6f75e712ab0:c2841, c447b9b6-dde2-4ce7-aa81-d0e2eddc8fe9:c2839, 28b540ac-241d-462a-a56c-509e92928066:c2839]
2019-08-20 22:34:32,068 [grpc-default-executor-3] INFO  client.GrpcClientProtocolClient (GrpcClientProtocolClient.java:onNext(255)) - client-391BA870FC40->947ec526-030f-41cc-8af7-a6f75e712ab0: receive RaftClientReply:client-391BA870FC40->947ec526-030f-41cc-8af7-a6f75e712ab0@group-5D45C35602B2, cid=1940, SUCCESS, logIndex=2841, commits[947ec526-030f-41cc-8af7-a6f75e712ab0:c2841, c447b9b6-dde2-4ce7-aa81-d0e2eddc8fe9:c2839, 28b540ac-241d-462a-a56c-509e92928066:c2839]
2019-08-20 22:34:32,073 | INFO  | DNAudit | user=null | ip=null | op=WRITE_CHUNK {blockData=conID: 2 locID: 102651689174434329 bcsId: 2841} | ret=SUCCESS |  
2019-08-20 22:34:32,075 | INFO  | DNAudit | user=null | ip=null | op=WRITE_CHUNK {blockData=conID: 2 locID: 102651689174434329 bcsId: 2841} | ret=SUCCESS |  
2019-08-20 22:34:32,075 | INFO  | DNAudit | user=null | ip=null | op=WRITE_CHUNK {blockData=conID: 2 locID: 102651689174434329 bcsId: 2841} | ret=SUCCESS |  
2019-08-20 22:34:32,079 | INFO  | DNAudit | user=null | ip=null | op=WRITE_CHUNK {blockData=conID: 2 locID: 102651689174434329 bcsId: 2835} | ret=SUCCESS |  
2019-08-20 22:34:32,079 | INFO  | DNAudit | user=null | ip=null | op=WRITE_CHUNK {blockData=conID: 2 locID: 102651689174434329 bcsId: 2835} | ret=SUCCESS |  
2019-08-20 22:34:32,079 | INFO  | DNAudit | user=null | ip=null | op=PUT_BLOCK {blockData=[blockId=conID: 2 locID: 102651689174434329 bcsId: 0,size=3145728]} | ret=SUCCESS |  
2019-08-20 22:34:32,080 | INFO  | DNAudit | user=null | ip=null | op=PUT_BLOCK {blockData=[blockId=conID: 2 locID: 102651689174434329 bcsId: 0,size=3145728]} | ret=SUCCESS |  
2019-08-20 22:34:32,080 | INFO  | DNAudit | user=null | ip=null | op=WRITE_CHUNK {blockData=conID: 2 locID: 102651689174434329 bcsId: 2841} | ret=SUCCESS |  
2019-08-20 22:34:32,081 | INFO  | DNAudit | user=null | ip=null | op=PUT_BLOCK {blockData=[blockId=conID: 2 locID: 102651689174434329 bcsId: 0,size=4194304]} | ret=SUCCESS |  
2019-08-20 22:34:32,081 [grpc-default-executor-5] INFO  client.GrpcClientProtocolClient (GrpcClientProtocolClient.java:onNext(255)) - client-391BA870FC40->947ec526-030f-41cc-8af7-a6f75e712ab0: receive RaftClientReply:client-391BA870FC40->947ec526-030f-41cc-8af7-a6f75e712ab0@group-5D45C35602B2, cid=1941, SUCCESS, logIndex=2844, commits[947ec526-030f-41cc-8af7-a6f75e712ab0:c2844, c447b9b6-dde2-4ce7-aa81-d0e2eddc8fe9:c2841, 28b540ac-241d-462a-a56c-509e92928066:c2841]
2019-08-20 22:34:32,081 [grpc-default-executor-5] INFO  client.GrpcClientProtocolClient (GrpcClientProtocolClient.java:onNext(255)) - client-391BA870FC40->947ec526-030f-41cc-8af7-a6f75e712ab0: receive RaftClientReply:client-391BA870FC40->947ec526-030f-41cc-8af7-a6f75e712ab0@group-5D45C35602B2, cid=1942, SUCCESS, logIndex=2845, commits[947ec526-030f-41cc-8af7-a6f75e712ab0:c2845, c447b9b6-dde2-4ce7-aa81-d0e2eddc8fe9:c2841, 28b540ac-241d-462a-a56c-509e92928066:c2841]
2019-08-20 22:34:32,083 | INFO  | DNAudit | user=null | ip=null | op=WRITE_CHUNK {blockData=conID: 2 locID: 102651689174434329 bcsId: 2841} | ret=SUCCESS |  
2019-08-20 22:34:32,083 | INFO  | DNAudit | user=null | ip=null | op=WRITE_CHUNK {blockData=conID: 2 locID: 102651689174434329 bcsId: 2841} | ret=SUCCESS |  
2019-08-20 22:34:32,095 | INFO  | DNAudit | user=null | ip=null | op=PUT_BLOCK {blockData=[blockId=conID: 2 locID: 102651689174434329 bcsId: 0,size=4194304]} | ret=SUCCESS |  
2019-08-20 22:34:32,095 | INFO  | DNAudit | user=null | ip=null | op=PUT_BLOCK {blockData=[blockId=conID: 2 locID: 102651689174434329 bcsId: 0,size=4194304]} | ret=SUCCESS |  
2019-08-20 22:34:32,096 [grpc-default-executor-2] INFO  client.GrpcClientProtocolClient (GrpcClientProtocolClient.java:onNext(255)) - client-391BA870FC40->947ec526-030f-41cc-8af7-a6f75e712ab0: receive RaftClientReply:client-391BA870FC40->947ec526-030f-41cc-8af7-a6f75e712ab0@group-5D45C35602B2, cid=1943, SUCCESS, logIndex=0, commits[947ec526-030f-41cc-8af7-a6f75e712ab0:c2847, c447b9b6-dde2-4ce7-aa81-d0e2eddc8fe9:c2845, 28b540ac-241d-462a-a56c-509e92928066:c2845]
2019-08-20 22:34:32,100 | INFO  | SCMAudit | user=jenkins1000 | ip=192.168.5.142 | op=ALLOCATE_BLOCK {owner=6f694d07-2a2f-44d9-8e1c-aaa094a2f647, size=4194304, type=RATIS, factor=THREE} | ret=SUCCESS |  
2019-08-20 22:34:32,102 | INFO  | OMAudit | user=jenkins1000 | ip=127.0.0.1 | op=ALLOCATE_BLOCK {volume=vol-0-80747, bucket=bucket-0-27686, key=key-0-47435, dataSize=0, replicationType=null, replicationFactor=null, keyLocationInfo=null, clientID=102651687805452690} | ret=SUCCESS |  
2019-08-20 22:34:32,108 | INFO  | DNAudit | user=null | ip=null | op=WRITE_CHUNK {blockData=conID: 3 locID: 102651689179546138 bcsId: 0} | ret=SUCCESS |  
2019-08-20 22:34:32,110 | INFO  | DNAudit | user=null | ip=null | op=WRITE_CHUNK {blockData=conID: 3 locID: 102651689179546138 bcsId: 0} | ret=SUCCESS |  
2019-08-20 22:34:32,111 | INFO  | DNAudit | user=null | ip=null | op=WRITE_CHUNK {blockData=conID: 3 locID: 102651689179546138 bcsId: 0} | ret=SUCCESS |  
2019-08-20 22:34:32,111 | INFO  | DNAudit | user=null | ip=null | op=WRITE_CHUNK {blockData=conID: 3 locID: 102651689179546138 bcsId: 0} | ret=SUCCESS |  
2019-08-20 22:34:32,112 | INFO  | DNAudit | user=null | ip=null | op=WRITE_CHUNK {blockData=conID: 3 locID: 102651689179546138 bcsId: 0} | ret=SUCCESS |  
2019-08-20 22:34:32,112 | INFO  | DNAudit | user=null | ip=null | op=WRITE_CHUNK {blockData=conID: 3 locID: 102651689179546138 bcsId: 0} | ret=SUCCESS |  
2019-08-20 22:34:32,120 | INFO  | DNAudit | user=null | ip=null | op=WRITE_CHUNK {blockData=conID: 3 locID: 102651689179546138 bcsId: 0} | ret=SUCCESS |  
2019-08-20 22:34:32,121 | INFO  | DNAudit | user=null | ip=null | op=PUT_BLOCK {blockData=[blockId=conID: 3 locID: 102651689179546138 bcsId: 0,size=1048576]} | ret=SUCCESS |  
2019-08-20 22:34:32,121 [grpc-default-executor-2] INFO  client.GrpcClientProtocolClient (GrpcClientProtocolClient.java:onNext(255)) - client-391BA870FC40->947ec526-030f-41cc-8af7-a6f75e712ab0: receive RaftClientReply:client-391BA870FC40->947ec526-030f-41cc-8af7-a6f75e712ab0@group-5D45C35602B2, cid=1944, SUCCESS, logIndex=2848, commits[947ec526-030f-41cc-8af7-a6f75e712ab0:c2849, c447b9b6-dde2-4ce7-aa81-d0e2eddc8fe9:c2847, 28b540ac-241d-462a-a56c-509e92928066:c2847]
2019-08-20 22:34:32,121 [grpc-default-executor-2] INFO  client.GrpcClientProtocolClient (GrpcClientProtocolClient.java:onNext(255)) - client-391BA870FC40->947ec526-030f-41cc-8af7-a6f75e712ab0: receive RaftClientReply:client-391BA870FC40->947ec526-030f-41cc-8af7-a6f75e712ab0@group-5D45C35602B2, cid=1945, SUCCESS, logIndex=2849, commits[947ec526-030f-41cc-8af7-a6f75e712ab0:c2851, c447b9b6-dde2-4ce7-aa81-d0e2eddc8fe9:c2847, 28b540ac-241d-462a-a56c-509e92928066:c2847]
2019-08-20 22:34:32,121 | INFO  | DNAudit | user=null | ip=null | op=WRITE_CHUNK {blockData=conID: 3 locID: 102651689179546138 bcsId: 0} | ret=SUCCESS |  
2019-08-20 22:34:32,122 | INFO  | DNAudit | user=null | ip=null | op=PUT_BLOCK {blockData=[blockId=conID: 3 locID: 102651689179546138 bcsId: 0,size=2097152]} | ret=SUCCESS |  
2019-08-20 22:34:32,122 [grpc-default-executor-2] INFO  client.GrpcClientProtocolClient (GrpcClientProtocolClient.java:onNext(255)) - client-391BA870FC40->947ec526-030f-41cc-8af7-a6f75e712ab0: receive RaftClientReply:client-391BA870FC40->947ec526-030f-41cc-8af7-a6f75e712ab0@group-5D45C35602B2, cid=1946, SUCCESS, logIndex=2850, commits[947ec526-030f-41cc-8af7-a6f75e712ab0:c2851, c447b9b6-dde2-4ce7-aa81-d0e2eddc8fe9:c2847, 28b540ac-241d-462a-a56c-509e92928066:c2847]
2019-08-20 22:34:32,122 [grpc-default-executor-2] INFO  client.GrpcClientProtocolClient (GrpcClientProtocolClient.java:onNext(255)) - client-391BA870FC40->947ec526-030f-41cc-8af7-a6f75e712ab0: receive RaftClientReply:client-391BA870FC40->947ec526-030f-41cc-8af7-a6f75e712ab0@group-5D45C35602B2, cid=1947, SUCCESS, logIndex=2851, commits[947ec526-030f-41cc-8af7-a6f75e712ab0:c2851, c447b9b6-dde2-4ce7-aa81-d0e2eddc8fe9:c2847, 28b540ac-241d-462a-a56c-509e92928066:c2847]
2019-08-20 22:34:32,123 | INFO  | DNAudit | user=null | ip=null | op=WRITE_CHUNK {blockData=conID: 3 locID: 102651689179546138 bcsId: 0} | ret=SUCCESS |  
2019-08-20 22:34:32,123 | INFO  | DNAudit | user=null | ip=null | op=WRITE_CHUNK {blockData=conID: 3 locID: 102651689179546138 bcsId: 0} | ret=SUCCESS |  
2019-08-20 22:34:32,135 | INFO  | DNAudit | user=null | ip=null | op=PUT_BLOCK {blockData=[blockId=conID: 3 locID: 102651689179546138 bcsId: 0,size=1048576]} | ret=SUCCESS |  
2019-08-20 22:34:32,135 | INFO  | DNAudit | user=null | ip=null | op=PUT_BLOCK {blockData=[blockId=conID: 3 locID: 102651689179546138 bcsId: 0,size=1048576]} | ret=SUCCESS |  
2019-08-20 22:34:32,135 | INFO  | DNAudit | user=null | ip=null | op=WRITE_CHUNK {blockData=conID: 3 locID: 102651689179546138 bcsId: 0} | ret=SUCCESS |  
2019-08-20 22:34:32,135 | INFO  | DNAudit | user=null | ip=null | op=WRITE_CHUNK {blockData=conID: 3 locID: 102651689179546138 bcsId: 0} | ret=SUCCESS |  
2019-08-20 22:34:32,135 | INFO  | DNAudit | user=null | ip=null | op=PUT_BLOCK {blockData=[blockId=conID: 3 locID: 102651689179546138 bcsId: 0,size=2097152]} | ret=SUCCESS |  
2019-08-20 22:34:32,135 | INFO  | DNAudit | user=null | ip=null | op=PUT_BLOCK {blockData=[blockId=conID: 3 locID: 102651689179546138 bcsId: 0,size=2097152]} | ret=SUCCESS |  
2019-08-20 22:34:32,135 [grpc-default-executor-5] INFO  client.GrpcClientProtocolClient (GrpcClientProtocolClient.java:onNext(255)) - client-391BA870FC40->947ec526-030f-41cc-8af7-a6f75e712ab0: receive RaftClientReply:client-391BA870FC40->947ec526-030f-41cc-8af7-a6f75e712ab0@group-5D45C35602B2, cid=1948, SUCCESS, logIndex=0, commits[947ec526-030f-41cc-8af7-a6f75e712ab0:c2853, c447b9b6-dde2-4ce7-aa81-d0e2eddc8fe9:c2849, 28b540ac-241d-462a-a56c-509e92928066:c2849]
2019-08-20 22:34:32,142 | INFO  | DNAudit | user=null | ip=null | op=WRITE_CHUNK {blockData=conID: 3 locID: 102651689179546138 bcsId: 2851} | ret=SUCCESS |  
2019-08-20 22:34:32,143 | INFO  | DNAudit | user=null | ip=null | op=WRITE_CHUNK {blockData=conID: 3 locID: 102651689179546138 bcsId: 2851} | ret=SUCCESS |  
2019-08-20 22:34:32,143 | INFO  | DNAudit | user=null | ip=null | op=WRITE_CHUNK {blockData=conID: 3 locID: 102651689179546138 bcsId: 2851} | ret=SUCCESS |  
2019-08-20 22:34:32,153 | INFO  | DNAudit | user=null | ip=null | op=WRITE_CHUNK {blockData=conID: 3 locID: 102651689179546138 bcsId: 2851} | ret=SUCCESS |  
2019-08-20 22:34:32,154 | INFO  | DNAudit | user=null | ip=null | op=PUT_BLOCK {blockData=[blockId=conID: 3 locID: 102651689179546138 bcsId: 0,size=3145728]} | ret=SUCCESS |  
2019-08-20 22:34:32,154 [grpc-default-executor-3] INFO  client.GrpcClientProtocolClient (GrpcClientProtocolClient.java:onNext(255)) - client-391BA870FC40->947ec526-030f-41cc-8af7-a6f75e712ab0: receive RaftClientReply:client-391BA870FC40->947ec526-030f-41cc-8af7-a6f75e712ab0@group-5D45C35602B2, cid=1949, SUCCESS, logIndex=2855, commits[947ec526-030f-41cc-8af7-a6f75e712ab0:c2856, c447b9b6-dde2-4ce7-aa81-d0e2eddc8fe9:c2854, 28b540ac-241d-462a-a56c-509e92928066:c2854]
2019-08-20 22:34:32,154 [grpc-default-executor-3] INFO  client.GrpcClientProtocolClient (GrpcClientProtocolClient.java:onNext(255)) - client-391BA870FC40->947ec526-030f-41cc-8af7-a6f75e712ab0: receive RaftClientReply:client-391BA870FC40->947ec526-030f-41cc-8af7-a6f75e712ab0@group-5D45C35602B2, cid=1950, SUCCESS, logIndex=2856, commits[947ec526-030f-41cc-8af7-a6f75e712ab0:c2856, c447b9b6-dde2-4ce7-aa81-d0e2eddc8fe9:c2854, 28b540ac-241d-462a-a56c-509e92928066:c2854]
2019-08-20 22:34:32,161 | INFO  | DNAudit | user=null | ip=null | op=WRITE_CHUNK {blockData=conID: 3 locID: 102651689179546138 bcsId: 2856} | ret=SUCCESS |  
2019-08-20 22:34:32,162 | INFO  | SCMAudit | user=jenkins1000 | ip=192.168.5.142 | op=SEND_HEARTBEAT {datanodeUUID=eafd9314-3f13-422a-a2ac-adfcde2d7481, command=[]} | ret=SUCCESS |  
2019-08-20 22:34:32,162 | INFO  | SCMAudit | user=jenkins1000 | ip=192.168.5.142 | op=SEND_HEARTBEAT {datanodeUUID=947ec526-030f-41cc-8af7-a6f75e712ab0, command=[]} | ret=SUCCESS |  
2019-08-20 22:34:32,162 | INFO  | SCMAudit | user=jenkins1000 | ip=192.168.5.142 | op=SEND_HEARTBEAT {datanodeUUID=c447b9b6-dde2-4ce7-aa81-d0e2eddc8fe9, command=[]} | ret=SUCCESS |  
2019-08-20 22:34:32,162 | INFO  | SCMAudit | user=jenkins1000 | ip=192.168.5.142 | op=SEND_HEARTBEAT {datanodeUUID=28b540ac-241d-462a-a56c-509e92928066, command=[]} | ret=SUCCESS |  
2019-08-20 22:34:32,163 | INFO  | DNAudit | user=null | ip=null | op=WRITE_CHUNK {blockData=conID: 3 locID: 102651689179546138 bcsId: 2856} | ret=SUCCESS |  
2019-08-20 22:34:32,163 | INFO  | DNAudit | user=null | ip=null | op=WRITE_CHUNK {blockData=conID: 3 locID: 102651689179546138 bcsId: 2856} | ret=SUCCESS |  
2019-08-20 22:34:32,165 | INFO  | DNAudit | user=null | ip=null | op=WRITE_CHUNK {blockData=conID: 3 locID: 102651689179546138 bcsId: 2851} | ret=SUCCESS |  
2019-08-20 22:34:32,165 | INFO  | DNAudit | user=null | ip=null | op=WRITE_CHUNK {blockData=conID: 3 locID: 102651689179546138 bcsId: 2851} | ret=SUCCESS |  
 0.00% |█                                                                                                    |  0/1 Time: 0:00:212019-08-20 22:34:32,167 | INFO  | DNAudit | user=null | ip=null | op=PUT_BLOCK {blockData=[blockId=conID: 3 locID: 102651689179546138 bcsId: 0,size=3145728]} | ret=SUCCESS |  
2019-08-20 22:34:32,168 | INFO  | DNAudit | user=null | ip=null | op=PUT_BLOCK {blockData=[blockId=conID: 3 locID: 102651689179546138 bcsId: 0,size=3145728]} | ret=SUCCESS |  
2019-08-20 22:34:32,168 | INFO  | DNAudit | user=null | ip=null | op=WRITE_CHUNK {blockData=conID: 3 locID: 102651689179546138 bcsId: 2856} | ret=SUCCESS |  
2019-08-20 22:34:32,168 | INFO  | DNAudit | user=null | ip=null | op=PUT_BLOCK {blockData=[blockId=conID: 3 locID: 102651689179546138 bcsId: 0,size=4194304]} | ret=SUCCESS |  
2019-08-20 22:34:32,168 [grpc-default-executor-2] INFO  client.GrpcClientProtocolClient (GrpcClientProtocolClient.java:onNext(255)) - client-391BA870FC40->947ec526-030f-41cc-8af7-a6f75e712ab0: receive RaftClientReply:client-391BA870FC40->947ec526-030f-41cc-8af7-a6f75e712ab0@group-5D45C35602B2, cid=1951, SUCCESS, logIndex=2859, commits[947ec526-030f-41cc-8af7-a6f75e712ab0:c2859, c447b9b6-dde2-4ce7-aa81-d0e2eddc8fe9:c2856, 28b540ac-241d-462a-a56c-509e92928066:c2856]
2019-08-20 22:34:32,169 [grpc-default-executor-2] INFO  client.GrpcClientProtocolClient (GrpcClientProtocolClient.java:onNext(255)) - client-391BA870FC40->947ec526-030f-41cc-8af7-a6f75e712ab0: receive RaftClientReply:client-391BA870FC40->947ec526-030f-41cc-8af7-a6f75e712ab0@group-5D45C35602B2, cid=1952, SUCCESS, logIndex=2860, commits[947ec526-030f-41cc-8af7-a6f75e712ab0:c2860, c447b9b6-dde2-4ce7-aa81-d0e2eddc8fe9:c2856, 28b540ac-241d-462a-a56c-509e92928066:c2856]
2019-08-20 22:34:32,180 | INFO  | DNAudit | user=null | ip=null | op=WRITE_CHUNK {blockData=conID: 3 locID: 102651689179546138 bcsId: 2856} | ret=SUCCESS |  
2019-08-20 22:34:32,180 | INFO  | DNAudit | user=null | ip=null | op=WRITE_CHUNK {blockData=conID: 3 locID: 102651689179546138 bcsId: 2856} | ret=SUCCESS |  
2019-08-20 22:34:32,182 | INFO  | DNAudit | user=null | ip=null | op=PUT_BLOCK {blockData=[blockId=conID: 3 locID: 102651689179546138 bcsId: 0,size=4194304]} | ret=SUCCESS |  
2019-08-20 22:34:32,182 | INFO  | DNAudit | user=null | ip=null | op=PUT_BLOCK {blockData=[blockId=conID: 3 locID: 102651689179546138 bcsId: 0,size=4194304]} | ret=SUCCESS |  
2019-08-20 22:34:32,183 [grpc-default-executor-2] INFO  client.GrpcClientProtocolClient (GrpcClientProtocolClient.java:onNext(255)) - client-391BA870FC40->947ec526-030f-41cc-8af7-a6f75e712ab0: receive RaftClientReply:client-391BA870FC40->947ec526-030f-41cc-8af7-a6f75e712ab0@group-5D45C35602B2, cid=1953, SUCCESS, logIndex=0, commits[947ec526-030f-41cc-8af7-a6f75e712ab0:c2862, c447b9b6-dde2-4ce7-aa81-d0e2eddc8fe9:c2860, 28b540ac-241d-462a-a56c-509e92928066:c2860]
2019-08-20 22:34:32,187 | INFO  | SCMAudit | user=jenkins1000 | ip=192.168.5.142 | op=ALLOCATE_BLOCK {owner=6f694d07-2a2f-44d9-8e1c-aaa094a2f647, size=4194304, type=RATIS, factor=THREE} | ret=SUCCESS |  
2019-08-20 22:34:32,189 | INFO  | OMAudit | user=jenkins1000 | ip=127.0.0.1 | op=ALLOCATE_BLOCK {volume=vol-0-80747, bucket=bucket-0-27686, key=key-0-47435, dataSize=0, replicationType=null, replicationFactor=null, keyLocationInfo=null, clientID=102651687805452690} | ret=SUCCESS |  
2019-08-20 22:34:32,197 | INFO  | DNAudit | user=null | ip=null | op=WRITE_CHUNK {blockData=conID: 1 locID: 102651689185247771 bcsId: 0} | ret=SUCCESS |  
2019-08-20 22:34:32,199 | INFO  | DNAudit | user=null | ip=null | op=WRITE_CHUNK {blockData=conID: 1 locID: 102651689185247771 bcsId: 0} | ret=SUCCESS |  
2019-08-20 22:34:32,199 | INFO  | DNAudit | user=null | ip=null | op=WRITE_CHUNK {blockData=conID: 1 locID: 102651689185247771 bcsId: 0} | ret=SUCCESS |  
2019-08-20 22:34:32,199 | INFO  | DNAudit | user=null | ip=null | op=WRITE_CHUNK {blockData=conID: 1 locID: 102651689185247771 bcsId: 0} | ret=SUCCESS |  
2019-08-20 22:34:32,200 | INFO  | DNAudit | user=null | ip=null | op=WRITE_CHUNK {blockData=conID: 1 locID: 102651689185247771 bcsId: 0} | ret=SUCCESS |  
2019-08-20 22:34:32,202 | INFO  | DNAudit | user=null | ip=null | op=WRITE_CHUNK {blockData=conID: 1 locID: 102651689185247771 bcsId: 0} | ret=SUCCESS |  
2019-08-20 22:34:32,210 | INFO  | DNAudit | user=null | ip=null | op=WRITE_CHUNK {blockData=conID: 1 locID: 102651689185247771 bcsId: 0} | ret=SUCCESS |  
2019-08-20 22:34:32,210 | INFO  | DNAudit | user=null | ip=null | op=PUT_BLOCK {blockData=[blockId=conID: 1 locID: 102651689185247771 bcsId: 0,size=1048576]} | ret=SUCCESS |  
2019-08-20 22:34:32,210 [grpc-default-executor-1] INFO  client.GrpcClientProtocolClient (GrpcClientProtocolClient.java:onNext(255)) - client-391BA870FC40->947ec526-030f-41cc-8af7-a6f75e712ab0: receive RaftClientReply:client-391BA870FC40->947ec526-030f-41cc-8af7-a6f75e712ab0@group-5D45C35602B2, cid=1954, SUCCESS, logIndex=2863, commits[947ec526-030f-41cc-8af7-a6f75e712ab0:c2866, c447b9b6-dde2-4ce7-aa81-d0e2eddc8fe9:c2862, 28b540ac-241d-462a-a56c-509e92928066:c2862]
2019-08-20 22:34:32,210 | INFO  | DNAudit | user=null | ip=null | op=WRITE_CHUNK {blockData=conID: 1 locID: 102651689185247771 bcsId: 0} | ret=SUCCESS |  
2019-08-20 22:34:32,211 [grpc-default-executor-1] INFO  client.GrpcClientProtocolClient (GrpcClientProtocolClient.java:onNext(255)) - client-391BA870FC40->947ec526-030f-41cc-8af7-a6f75e712ab0: receive RaftClientReply:client-391BA870FC40->947ec526-030f-41cc-8af7-a6f75e712ab0@group-5D45C35602B2, cid=1955, SUCCESS, logIndex=2864, commits[947ec526-030f-41cc-8af7-a6f75e712ab0:c2866, c447b9b6-dde2-4ce7-aa81-d0e2eddc8fe9:c2862, 28b540ac-241d-462a-a56c-509e92928066:c2862]
2019-08-20 22:34:32,211 | INFO  | DNAudit | user=null | ip=null | op=PUT_BLOCK {blockData=[blockId=conID: 1 locID: 102651689185247771 bcsId: 0,size=2097152]} | ret=SUCCESS |  
2019-08-20 22:34:32,211 [grpc-default-executor-1] INFO  client.GrpcClientProtocolClient (GrpcClientProtocolClient.java:onNext(255)) - client-391BA870FC40->947ec526-030f-41cc-8af7-a6f75e712ab0: receive RaftClientReply:client-391BA870FC40->947ec526-030f-41cc-8af7-a6f75e712ab0@group-5D45C35602B2, cid=1956, SUCCESS, logIndex=2865, commits[947ec526-030f-41cc-8af7-a6f75e712ab0:c2866, c447b9b6-dde2-4ce7-aa81-d0e2eddc8fe9:c2862, 28b540ac-241d-462a-a56c-509e92928066:c2862]
2019-08-20 22:34:32,211 [grpc-default-executor-1] INFO  client.GrpcClientProtocolClient (GrpcClientProtocolClient.java:onNext(255)) - client-391BA870FC40->947ec526-030f-41cc-8af7-a6f75e712ab0: receive RaftClientReply:client-391BA870FC40->947ec526-030f-41cc-8af7-a6f75e712ab0@group-5D45C35602B2, cid=1957, SUCCESS, logIndex=2866, commits[947ec526-030f-41cc-8af7-a6f75e712ab0:c2866, c447b9b6-dde2-4ce7-aa81-d0e2eddc8fe9:c2862, 28b540ac-241d-462a-a56c-509e92928066:c2862]
2019-08-20 22:34:32,220 | INFO  | DNAudit | user=null | ip=null | op=WRITE_CHUNK {blockData=conID: 1 locID: 102651689185247771 bcsId: 0} | ret=SUCCESS |  
2019-08-20 22:34:32,220 | INFO  | DNAudit | user=null | ip=null | op=PUT_BLOCK {blockData=[blockId=conID: 1 locID: 102651689185247771 bcsId: 0,size=1048576]} | ret=SUCCESS |  
2019-08-20 22:34:32,231 | INFO  | DNAudit | user=null | ip=null | op=WRITE_CHUNK {blockData=conID: 1 locID: 102651689185247771 bcsId: 0} | ret=SUCCESS |  
2019-08-20 22:34:32,231 | INFO  | DNAudit | user=null | ip=null | op=PUT_BLOCK {blockData=[blockId=conID: 1 locID: 102651689185247771 bcsId: 0,size=1048576]} | ret=SUCCESS |  
2019-08-20 22:34:32,231 | INFO  | DNAudit | user=null | ip=null | op=WRITE_CHUNK {blockData=conID: 1 locID: 102651689185247771 bcsId: 0} | ret=SUCCESS |  
2019-08-20 22:34:32,231 | INFO  | DNAudit | user=null | ip=null | op=WRITE_CHUNK {blockData=conID: 1 locID: 102651689185247771 bcsId: 0} | ret=SUCCESS |  
2019-08-20 22:34:32,232 | INFO  | DNAudit | user=null | ip=null | op=PUT_BLOCK {blockData=[blockId=conID: 1 locID: 102651689185247771 bcsId: 0,size=2097152]} | ret=SUCCESS |  
2019-08-20 22:34:32,232 | INFO  | DNAudit | user=null | ip=null | op=PUT_BLOCK {blockData=[blockId=conID: 1 locID: 102651689185247771 bcsId: 0,size=2097152]} | ret=SUCCESS |  
2019-08-20 22:34:32,232 [grpc-default-executor-1] INFO  client.GrpcClientProtocolClient (GrpcClientProtocolClient.java:onNext(255)) - client-391BA870FC40->947ec526-030f-41cc-8af7-a6f75e712ab0: receive RaftClientReply:client-391BA870FC40->947ec526-030f-41cc-8af7-a6f75e712ab0@group-5D45C35602B2, cid=1958, SUCCESS, logIndex=0, commits[947ec526-030f-41cc-8af7-a6f75e712ab0:c2867, c447b9b6-dde2-4ce7-aa81-d0e2eddc8fe9:c2864, 28b540ac-241d-462a-a56c-509e92928066:c2864]
2019-08-20 22:34:32,239 | INFO  | DNAudit | user=null | ip=null | op=WRITE_CHUNK {blockData=conID: 1 locID: 102651689185247771 bcsId: 2866} | ret=SUCCESS |  
2019-08-20 22:34:32,241 | INFO  | DNAudit | user=null | ip=null | op=WRITE_CHUNK {blockData=conID: 1 locID: 102651689185247771 bcsId: 2866} | ret=SUCCESS |  
2019-08-20 22:34:32,241 | INFO  | DNAudit | user=null | ip=null | op=WRITE_CHUNK {blockData=conID: 1 locID: 102651689185247771 bcsId: 2866} | ret=SUCCESS |  
2019-08-20 22:34:32,251 | INFO  | DNAudit | user=null | ip=null | op=WRITE_CHUNK {blockData=conID: 1 locID: 102651689185247771 bcsId: 2866} | ret=SUCCESS |  
2019-08-20 22:34:32,252 | INFO  | DNAudit | user=null | ip=null | op=PUT_BLOCK {blockData=[blockId=conID: 1 locID: 102651689185247771 bcsId: 0,size=3145728]} | ret=SUCCESS |  
2019-08-20 22:34:32,252 [grpc-default-executor-2] INFO  client.GrpcClientProtocolClient (GrpcClientProtocolClient.java:onNext(255)) - client-391BA870FC40->947ec526-030f-41cc-8af7-a6f75e712ab0: receive RaftClientReply:client-391BA870FC40->947ec526-030f-41cc-8af7-a6f75e712ab0@group-5D45C35602B2, cid=1959, SUCCESS, logIndex=2871, commits[947ec526-030f-41cc-8af7-a6f75e712ab0:c2872, c447b9b6-dde2-4ce7-aa81-d0e2eddc8fe9:c2870, 28b540ac-241d-462a-a56c-509e92928066:c2870]
2019-08-20 22:34:32,252 [grpc-default-executor-2] INFO  client.GrpcClientProtocolClient (GrpcClientProtocolClient.java:onNext(255)) - client-391BA870FC40->947ec526-030f-41cc-8af7-a6f75e712ab0: receive RaftClientReply:client-391BA870FC40->947ec526-030f-41cc-8af7-a6f75e712ab0@group-5D45C35602B2, cid=1960, SUCCESS, logIndex=2872, commits[947ec526-030f-41cc-8af7-a6f75e712ab0:c2872, c447b9b6-dde2-4ce7-aa81-d0e2eddc8fe9:c2870, 28b540ac-241d-462a-a56c-509e92928066:c2870]
2019-08-20 22:34:32,257 | INFO  | DNAudit | user=null | ip=null | op=WRITE_CHUNK {blockData=conID: 1 locID: 102651689185247771 bcsId: 2872} | ret=SUCCESS |  
2019-08-20 22:34:32,259 | INFO  | DNAudit | user=null | ip=null | op=WRITE_CHUNK {blockData=conID: 1 locID: 102651689185247771 bcsId: 2872} | ret=SUCCESS |  
2019-08-20 22:34:32,259 | INFO  | DNAudit | user=null | ip=null | op=WRITE_CHUNK {blockData=conID: 1 locID: 102651689185247771 bcsId: 2872} | ret=SUCCESS |  
2019-08-20 22:34:32,263 | INFO  | DNAudit | user=null | ip=null | op=WRITE_CHUNK {blockData=conID: 1 locID: 102651689185247771 bcsId: 2866} | ret=SUCCESS |  
2019-08-20 22:34:32,263 | INFO  | DNAudit | user=null | ip=null | op=WRITE_CHUNK {blockData=conID: 1 locID: 102651689185247771 bcsId: 2866} | ret=SUCCESS |  
2019-08-20 22:34:32,265 | INFO  | DNAudit | user=null | ip=null | op=PUT_BLOCK {blockData=[blockId=conID: 1 locID: 102651689185247771 bcsId: 0,size=3145728]} | ret=SUCCESS |  
2019-08-20 22:34:32,265 | INFO  | DNAudit | user=null | ip=null | op=PUT_BLOCK {blockData=[blockId=conID: 1 locID: 102651689185247771 bcsId: 0,size=3145728]} | ret=SUCCESS |  
2019-08-20 22:34:32,265 | INFO  | DNAudit | user=null | ip=null | op=WRITE_CHUNK {blockData=conID: 1 locID: 102651689185247771 bcsId: 2872} | ret=SUCCESS |  
2019-08-20 22:34:32,265 | INFO  | DNAudit | user=null | ip=null | op=PUT_BLOCK {blockData=[blockId=conID: 1 locID: 102651689185247771 bcsId: 0,size=4194304]} | ret=SUCCESS |  
2019-08-20 22:34:32,266 [grpc-default-executor-5] INFO  client.GrpcClientProtocolClient (GrpcClientProtocolClient.java:onNext(255)) - client-391BA870FC40->947ec526-030f-41cc-8af7-a6f75e712ab0: receive RaftClientReply:client-391BA870FC40->947ec526-030f-41cc-8af7-a6f75e712ab0@group-5D45C35602B2, cid=1961, SUCCESS, logIndex=2875, commits[947ec526-030f-41cc-8af7-a6f75e712ab0:c2875, c447b9b6-dde2-4ce7-aa81-d0e2eddc8fe9:c2872, 28b540ac-241d-462a-a56c-509e92928066:c2872]
2019-08-20 22:34:32,266 [grpc-default-executor-5] INFO  client.GrpcClientProtocolClient (GrpcClientProtocolClient.java:onNext(255)) - client-391BA870FC40->947ec526-030f-41cc-8af7-a6f75e712ab0: receive RaftClientReply:client-391BA870FC40->947ec526-030f-41cc-8af7-a6f75e712ab0@group-5D45C35602B2, cid=1962, SUCCESS, logIndex=2876, commits[947ec526-030f-41cc-8af7-a6f75e712ab0:c2876, c447b9b6-dde2-4ce7-aa81-d0e2eddc8fe9:c2872, 28b540ac-241d-462a-a56c-509e92928066:c2872]
2019-08-20 22:34:32,276 | INFO  | DNAudit | user=null | ip=null | op=WRITE_CHUNK {blockData=conID: 1 locID: 102651689185247771 bcsId: 2872} | ret=SUCCESS |  
2019-08-20 22:34:32,277 | INFO  | DNAudit | user=null | ip=null | op=WRITE_CHUNK {blockData=conID: 1 locID: 102651689185247771 bcsId: 2872} | ret=SUCCESS |  
2019-08-20 22:34:32,279 | INFO  | DNAudit | user=null | ip=null | op=PUT_BLOCK {blockData=[blockId=conID: 1 locID: 102651689185247771 bcsId: 0,size=4194304]} | ret=SUCCESS |  
2019-08-20 22:34:32,279 | INFO  | DNAudit | user=null | ip=null | op=PUT_BLOCK {blockData=[blockId=conID: 1 locID: 102651689185247771 bcsId: 0,size=4194304]} | ret=SUCCESS |  
2019-08-20 22:34:32,280 [grpc-default-executor-4] INFO  client.GrpcClientProtocolClient (GrpcClientProtocolClient.java:onNext(255)) - client-391BA870FC40->947ec526-030f-41cc-8af7-a6f75e712ab0: receive RaftClientReply:client-391BA870FC40->947ec526-030f-41cc-8af7-a6f75e712ab0@group-5D45C35602B2, cid=1963, SUCCESS, logIndex=0, commits[947ec526-030f-41cc-8af7-a6f75e712ab0:c2878, c447b9b6-dde2-4ce7-aa81-d0e2eddc8fe9:c2876, 28b540ac-241d-462a-a56c-509e92928066:c2876]
2019-08-20 22:34:32,283 | INFO  | SCMAudit | user=jenkins1000 | ip=192.168.5.142 | op=ALLOCATE_BLOCK {owner=6f694d07-2a2f-44d9-8e1c-aaa094a2f647, size=4194304, type=RATIS, factor=THREE} | ret=SUCCESS |  
2019-08-20 22:34:32,285 | INFO  | OMAudit | user=jenkins1000 | ip=127.0.0.1 | op=ALLOCATE_BLOCK {volume=vol-0-80747, bucket=bucket-0-27686, key=key-0-47435, dataSize=0, replicationType=null, replicationFactor=null, keyLocationInfo=null, clientID=102651687805452690} | ret=SUCCESS |  
2019-08-20 22:34:32,291 | INFO  | DNAudit | user=null | ip=null | op=WRITE_CHUNK {blockData=conID: 2 locID: 102651689191539228 bcsId: 0} | ret=SUCCESS |  
2019-08-20 22:34:32,292 | INFO  | DNAudit | user=null | ip=null | op=WRITE_CHUNK {blockData=conID: 2 locID: 102651689191539228 bcsId: 0} | ret=SUCCESS |  
2019-08-20 22:34:32,293 | INFO  | DNAudit | user=null | ip=null | op=WRITE_CHUNK {blockData=conID: 2 locID: 102651689191539228 bcsId: 0} | ret=SUCCESS |  
2019-08-20 22:34:32,293 | INFO  | DNAudit | user=null | ip=null | op=WRITE_CHUNK {blockData=conID: 2 locID: 102651689191539228 bcsId: 0} | ret=SUCCESS |  
2019-08-20 22:34:32,294 | INFO  | DNAudit | user=null | ip=null | op=WRITE_CHUNK {blockData=conID: 2 locID: 102651689191539228 bcsId: 0} | ret=SUCCESS |  
2019-08-20 22:34:32,296 | INFO  | DNAudit | user=null | ip=null | op=WRITE_CHUNK {blockData=conID: 2 locID: 102651689191539228 bcsId: 0} | ret=SUCCESS |  
2019-08-20 22:34:32,305 | INFO  | DNAudit | user=null | ip=null | op=WRITE_CHUNK {blockData=conID: 2 locID: 102651689191539228 bcsId: 0} | ret=SUCCESS |  
2019-08-20 22:34:32,305 | INFO  | DNAudit | user=null | ip=null | op=PUT_BLOCK {blockData=[blockId=conID: 2 locID: 102651689191539228 bcsId: 0,size=1048576]} | ret=SUCCESS |  
2019-08-20 22:34:32,305 | INFO  | DNAudit | user=null | ip=null | op=WRITE_CHUNK {blockData=conID: 2 locID: 102651689191539228 bcsId: 0} | ret=SUCCESS |  
2019-08-20 22:34:32,305 [grpc-default-executor-1] INFO  client.GrpcClientProtocolClient (GrpcClientProtocolClient.java:onNext(255)) - client-391BA870FC40->947ec526-030f-41cc-8af7-a6f75e712ab0: receive RaftClientReply:client-391BA870FC40->947ec526-030f-41cc-8af7-a6f75e712ab0@group-5D45C35602B2, cid=1964, SUCCESS, logIndex=2879, commits[947ec526-030f-41cc-8af7-a6f75e712ab0:c2882, c447b9b6-dde2-4ce7-aa81-d0e2eddc8fe9:c2878, 28b540ac-241d-462a-a56c-509e92928066:c2878]
2019-08-20 22:34:32,306 | INFO  | DNAudit | user=null | ip=null | op=PUT_BLOCK {blockData=[blockId=conID: 2 locID: 102651689191539228 bcsId: 0,size=2097152]} | ret=SUCCESS |  
2019-08-20 22:34:32,306 [grpc-default-executor-1] INFO  client.GrpcClientProtocolClient (GrpcClientProtocolClient.java:onNext(255)) - client-391BA870FC40->947ec526-030f-41cc-8af7-a6f75e712ab0: receive RaftClientReply:client-391BA870FC40->947ec526-030f-41cc-8af7-a6f75e712ab0@group-5D45C35602B2, cid=1965, SUCCESS, logIndex=2880, commits[947ec526-030f-41cc-8af7-a6f75e712ab0:c2882, c447b9b6-dde2-4ce7-aa81-d0e2eddc8fe9:c2878, 28b540ac-241d-462a-a56c-509e92928066:c2878]
2019-08-20 22:34:32,306 [grpc-default-executor-1] INFO  client.GrpcClientProtocolClient (GrpcClientProtocolClient.java:onNext(255)) - client-391BA870FC40->947ec526-030f-41cc-8af7-a6f75e712ab0: receive RaftClientReply:client-391BA870FC40->947ec526-030f-41cc-8af7-a6f75e712ab0@group-5D45C35602B2, cid=1966, SUCCESS, logIndex=2881, commits[947ec526-030f-41cc-8af7-a6f75e712ab0:c2882, c447b9b6-dde2-4ce7-aa81-d0e2eddc8fe9:c2878, 28b540ac-241d-462a-a56c-509e92928066:c2878]
2019-08-20 22:34:32,306 [grpc-default-executor-1] INFO  client.GrpcClientProtocolClient (GrpcClientProtocolClient.java:onNext(255)) - client-391BA870FC40->947ec526-030f-41cc-8af7-a6f75e712ab0: receive RaftClientReply:client-391BA870FC40->947ec526-030f-41cc-8af7-a6f75e712ab0@group-5D45C35602B2, cid=1967, SUCCESS, logIndex=2882, commits[947ec526-030f-41cc-8af7-a6f75e712ab0:c2882, c447b9b6-dde2-4ce7-aa81-d0e2eddc8fe9:c2878, 28b540ac-241d-462a-a56c-509e92928066:c2878]
2019-08-20 22:34:32,308 | INFO  | DNAudit | user=null | ip=null | op=WRITE_CHUNK {blockData=conID: 2 locID: 102651689191539228 bcsId: 0} | ret=SUCCESS |  
2019-08-20 22:34:32,308 | INFO  | DNAudit | user=null | ip=null | op=WRITE_CHUNK {blockData=conID: 2 locID: 102651689191539228 bcsId: 0} | ret=SUCCESS |  
2019-08-20 22:34:32,308 | INFO  | DNAudit | user=null | ip=null | op=PUT_BLOCK {blockData=[blockId=conID: 2 locID: 102651689191539228 bcsId: 0,size=1048576]} | ret=SUCCESS |  
2019-08-20 22:34:32,308 | INFO  | DNAudit | user=null | ip=null | op=WRITE_CHUNK {blockData=conID: 2 locID: 102651689191539228 bcsId: 0} | ret=SUCCESS |  
2019-08-20 22:34:32,308 | INFO  | DNAudit | user=null | ip=null | op=PUT_BLOCK {blockData=[blockId=conID: 2 locID: 102651689191539228 bcsId: 0,size=2097152]} | ret=SUCCESS |  
2019-08-20 22:34:32,319 | INFO  | DNAudit | user=null | ip=null | op=PUT_BLOCK {blockData=[blockId=conID: 2 locID: 102651689191539228 bcsId: 0,size=1048576]} | ret=SUCCESS |  
2019-08-20 22:34:32,320 | INFO  | DNAudit | user=null | ip=null | op=WRITE_CHUNK {blockData=conID: 2 locID: 102651689191539228 bcsId: 0} | ret=SUCCESS |  
2019-08-20 22:34:32,320 [grpc-default-executor-1] INFO  client.GrpcClientProtocolClient (GrpcClientProtocolClient.java:onNext(255)) - client-391BA870FC40->947ec526-030f-41cc-8af7-a6f75e712ab0: receive RaftClientReply:client-391BA870FC40->947ec526-030f-41cc-8af7-a6f75e712ab0@group-5D45C35602B2, cid=1968, SUCCESS, logIndex=0, commits[947ec526-030f-41cc-8af7-a6f75e712ab0:c2886, c447b9b6-dde2-4ce7-aa81-d0e2eddc8fe9:c2880, 28b540ac-241d-462a-a56c-509e92928066:c2882]
2019-08-20 22:34:32,320 | INFO  | DNAudit | user=null | ip=null | op=PUT_BLOCK {blockData=[blockId=conID: 2 locID: 102651689191539228 bcsId: 0,size=2097152]} | ret=SUCCESS |  
2019-08-20 22:34:32,325 | INFO  | DNAudit | user=null | ip=null | op=WRITE_CHUNK {blockData=conID: 2 locID: 102651689191539228 bcsId: 2882} | ret=SUCCESS |  
2019-08-20 22:34:32,326 | INFO  | DNAudit | user=null | ip=null | op=WRITE_CHUNK {blockData=conID: 2 locID: 102651689191539228 bcsId: 2882} | ret=SUCCESS |  
2019-08-20 22:34:32,326 | INFO  | DNAudit | user=null | ip=null | op=WRITE_CHUNK {blockData=conID: 2 locID: 102651689191539228 bcsId: 2882} | ret=SUCCESS |  
2019-08-20 22:34:32,337 | INFO  | DNAudit | user=null | ip=null | op=WRITE_CHUNK {blockData=conID: 2 locID: 102651689191539228 bcsId: 2882} | ret=SUCCESS |  
2019-08-20 22:34:32,337 | INFO  | DNAudit | user=null | ip=null | op=PUT_BLOCK {blockData=[blockId=conID: 2 locID: 102651689191539228 bcsId: 0,size=3145728]} | ret=SUCCESS |  
2019-08-20 22:34:32,337 [grpc-default-executor-5] INFO  client.GrpcClientProtocolClient (GrpcClientProtocolClient.java:onNext(255)) - client-391BA870FC40->947ec526-030f-41cc-8af7-a6f75e712ab0: receive RaftClientReply:client-391BA870FC40->947ec526-030f-41cc-8af7-a6f75e712ab0@group-5D45C35602B2, cid=1969, SUCCESS, logIndex=2887, commits[947ec526-030f-41cc-8af7-a6f75e712ab0:c2888, c447b9b6-dde2-4ce7-aa81-d0e2eddc8fe9:c2886, 28b540ac-241d-462a-a56c-509e92928066:c2886]
2019-08-20 22:34:32,337 [grpc-default-executor-5] INFO  client.GrpcClientProtocolClient (GrpcClientProtocolClient.java:onNext(255)) - client-391BA870FC40->947ec526-030f-41cc-8af7-a6f75e712ab0: receive RaftClientReply:client-391BA870FC40->947ec526-030f-41cc-8af7-a6f75e712ab0@group-5D45C35602B2, cid=1970, SUCCESS, logIndex=2888, commits[947ec526-030f-41cc-8af7-a6f75e712ab0:c2888, c447b9b6-dde2-4ce7-aa81-d0e2eddc8fe9:c2886, 28b540ac-241d-462a-a56c-509e92928066:c2886]
2019-08-20 22:34:32,342 | INFO  | DNAudit | user=null | ip=null | op=WRITE_CHUNK {blockData=conID: 2 locID: 102651689191539228 bcsId: 2888} | ret=SUCCESS |  
2019-08-20 22:34:32,344 | INFO  | DNAudit | user=null | ip=null | op=WRITE_CHUNK {blockData=conID: 2 locID: 102651689191539228 bcsId: 2888} | ret=SUCCESS |  
2019-08-20 22:34:32,345 | INFO  | DNAudit | user=null | ip=null | op=WRITE_CHUNK {blockData=conID: 2 locID: 102651689191539228 bcsId: 2888} | ret=SUCCESS |  
2019-08-20 22:34:32,348 | INFO  | DNAudit | user=null | ip=null | op=WRITE_CHUNK {blockData=conID: 2 locID: 102651689191539228 bcsId: 2882} | ret=SUCCESS |  
2019-08-20 22:34:32,348 | INFO  | DNAudit | user=null | ip=null | op=WRITE_CHUNK {blockData=conID: 2 locID: 102651689191539228 bcsId: 2882} | ret=SUCCESS |  
2019-08-20 22:34:32,348 | INFO  | DNAudit | user=null | ip=null | op=PUT_BLOCK {blockData=[blockId=conID: 2 locID: 102651689191539228 bcsId: 0,size=3145728]} | ret=SUCCESS |  
2019-08-20 22:34:32,348 | INFO  | DNAudit | user=null | ip=null | op=PUT_BLOCK {blockData=[blockId=conID: 2 locID: 102651689191539228 bcsId: 0,size=3145728]} | ret=SUCCESS |  
2019-08-20 22:34:32,351 | INFO  | DNAudit | user=null | ip=null | op=WRITE_CHUNK {blockData=conID: 2 locID: 102651689191539228 bcsId: 2888} | ret=SUCCESS |  
2019-08-20 22:34:32,351 | INFO  | DNAudit | user=null | ip=null | op=PUT_BLOCK {blockData=[blockId=conID: 2 locID: 102651689191539228 bcsId: 0,size=4194304]} | ret=SUCCESS |  
2019-08-20 22:34:32,351 [grpc-default-executor-2] INFO  client.GrpcClientProtocolClient (GrpcClientProtocolClient.java:onNext(255)) - client-391BA870FC40->947ec526-030f-41cc-8af7-a6f75e712ab0: receive RaftClientReply:client-391BA870FC40->947ec526-030f-41cc-8af7-a6f75e712ab0@group-5D45C35602B2, cid=1971, SUCCESS, logIndex=2891, commits[947ec526-030f-41cc-8af7-a6f75e712ab0:c2892, c447b9b6-dde2-4ce7-aa81-d0e2eddc8fe9:c2888, 28b540ac-241d-462a-a56c-509e92928066:c2888]
2019-08-20 22:34:32,352 [grpc-default-executor-2] INFO  client.GrpcClientProtocolClient (GrpcClientProtocolClient.java:onNext(255)) - client-391BA870FC40->947ec526-030f-41cc-8af7-a6f75e712ab0: receive RaftClientReply:client-391BA870FC40->947ec526-030f-41cc-8af7-a6f75e712ab0@group-5D45C35602B2, cid=1972, SUCCESS, logIndex=2892, commits[947ec526-030f-41cc-8af7-a6f75e712ab0:c2892, c447b9b6-dde2-4ce7-aa81-d0e2eddc8fe9:c2888, 28b540ac-241d-462a-a56c-509e92928066:c2888]
2019-08-20 22:34:32,363 | INFO  | DNAudit | user=null | ip=null | op=WRITE_CHUNK {blockData=conID: 2 locID: 102651689191539228 bcsId: 2888} | ret=SUCCESS |  
2019-08-20 22:34:32,363 | INFO  | DNAudit | user=null | ip=null | op=WRITE_CHUNK {blockData=conID: 2 locID: 102651689191539228 bcsId: 2888} | ret=SUCCESS |  
2019-08-20 22:34:32,365 | INFO  | DNAudit | user=null | ip=null | op=PUT_BLOCK {blockData=[blockId=conID: 2 locID: 102651689191539228 bcsId: 0,size=4194304]} | ret=SUCCESS |  
2019-08-20 22:34:32,365 | INFO  | DNAudit | user=null | ip=null | op=PUT_BLOCK {blockData=[blockId=conID: 2 locID: 102651689191539228 bcsId: 0,size=4194304]} | ret=SUCCESS |  
2019-08-20 22:34:32,366 [grpc-default-executor-1] INFO  client.GrpcClientProtocolClient (GrpcClientProtocolClient.java:onNext(255)) - client-391BA870FC40->947ec526-030f-41cc-8af7-a6f75e712ab0: receive RaftClientReply:client-391BA870FC40->947ec526-030f-41cc-8af7-a6f75e712ab0@group-5D45C35602B2, cid=1973, SUCCESS, logIndex=0, commits[947ec526-030f-41cc-8af7-a6f75e712ab0:c2894, c447b9b6-dde2-4ce7-aa81-d0e2eddc8fe9:c2892, 28b540ac-241d-462a-a56c-509e92928066:c2892]
2019-08-20 22:34:32,370 | INFO  | SCMAudit | user=jenkins1000 | ip=192.168.5.142 | op=ALLOCATE_BLOCK {owner=6f694d07-2a2f-44d9-8e1c-aaa094a2f647, size=4194304, type=RATIS, factor=THREE} | ret=SUCCESS |  
2019-08-20 22:34:32,372 | INFO  | OMAudit | user=jenkins1000 | ip=127.0.0.1 | op=ALLOCATE_BLOCK {volume=vol-0-80747, bucket=bucket-0-27686, key=key-0-47435, dataSize=0, replicationType=null, replicationFactor=null, keyLocationInfo=null, clientID=102651687805452690} | ret=SUCCESS |  
2019-08-20 22:34:32,377 | INFO  | DNAudit | user=null | ip=null | op=WRITE_CHUNK {blockData=conID: 3 locID: 102651689197175325 bcsId: 0} | ret=SUCCESS |  
2019-08-20 22:34:32,379 | INFO  | DNAudit | user=null | ip=null | op=WRITE_CHUNK {blockData=conID: 3 locID: 102651689197175325 bcsId: 0} | ret=SUCCESS |  
2019-08-20 22:34:32,379 | INFO  | DNAudit | user=null | ip=null | op=WRITE_CHUNK {blockData=conID: 3 locID: 102651689197175325 bcsId: 0} | ret=SUCCESS |  
2019-08-20 22:34:32,379 | INFO  | DNAudit | user=null | ip=null | op=WRITE_CHUNK {blockData=conID: 3 locID: 102651689197175325 bcsId: 0} | ret=SUCCESS |  
2019-08-20 22:34:32,381 | INFO  | DNAudit | user=null | ip=null | op=WRITE_CHUNK {blockData=conID: 3 locID: 102651689197175325 bcsId: 0} | ret=SUCCESS |  
2019-08-20 22:34:32,381 | INFO  | DNAudit | user=null | ip=null | op=WRITE_CHUNK {blockData=conID: 3 locID: 102651689197175325 bcsId: 0} | ret=SUCCESS |  
2019-08-20 22:34:32,390 | INFO  | DNAudit | user=null | ip=null | op=WRITE_CHUNK {blockData=conID: 3 locID: 102651689197175325 bcsId: 0} | ret=SUCCESS |  
2019-08-20 22:34:32,390 | INFO  | DNAudit | user=null | ip=null | op=PUT_BLOCK {blockData=[blockId=conID: 3 locID: 102651689197175325 bcsId: 0,size=1048576]} | ret=SUCCESS |  
2019-08-20 22:34:32,390 [grpc-default-executor-5] INFO  client.GrpcClientProtocolClient (GrpcClientProtocolClient.java:onNext(255)) - client-391BA870FC40->947ec526-030f-41cc-8af7-a6f75e712ab0: receive RaftClientReply:client-391BA870FC40->947ec526-030f-41cc-8af7-a6f75e712ab0@group-5D45C35602B2, cid=1974, SUCCESS, logIndex=2895, commits[947ec526-030f-41cc-8af7-a6f75e712ab0:c2896, c447b9b6-dde2-4ce7-aa81-d0e2eddc8fe9:c2894, 28b540ac-241d-462a-a56c-509e92928066:c2894]
2019-08-20 22:34:32,390 | INFO  | DNAudit | user=null | ip=null | op=WRITE_CHUNK {blockData=conID: 3 locID: 102651689197175325 bcsId: 0} | ret=SUCCESS |  
2019-08-20 22:34:32,391 | INFO  | DNAudit | user=null | ip=null | op=PUT_BLOCK {blockData=[blockId=conID: 3 locID: 102651689197175325 bcsId: 0,size=2097152]} | ret=SUCCESS |  
2019-08-20 22:34:32,391 [grpc-default-executor-5] INFO  client.GrpcClientProtocolClient (GrpcClientProtocolClient.java:onNext(255)) - client-391BA870FC40->947ec526-030f-41cc-8af7-a6f75e712ab0: receive RaftClientReply:client-391BA870FC40->947ec526-030f-41cc-8af7-a6f75e712ab0@group-5D45C35602B2, cid=1975, SUCCESS, logIndex=2896, commits[947ec526-030f-41cc-8af7-a6f75e712ab0:c2898, c447b9b6-dde2-4ce7-aa81-d0e2eddc8fe9:c2894, 28b540ac-241d-462a-a56c-509e92928066:c2894]
2019-08-20 22:34:32,391 [grpc-default-executor-5] INFO  client.GrpcClientProtocolClient (GrpcClientProtocolClient.java:onNext(255)) - client-391BA870FC40->947ec526-030f-41cc-8af7-a6f75e712ab0: receive RaftClientReply:client-391BA870FC40->947ec526-030f-41cc-8af7-a6f75e712ab0@group-5D45C35602B2, cid=1976, SUCCESS, logIndex=2897, commits[947ec526-030f-41cc-8af7-a6f75e712ab0:c2898, c447b9b6-dde2-4ce7-aa81-d0e2eddc8fe9:c2894, 28b540ac-241d-462a-a56c-509e92928066:c2894]
2019-08-20 22:34:32,391 [grpc-default-executor-5] INFO  client.GrpcClientProtocolClient (GrpcClientProtocolClient.java:onNext(255)) - client-391BA870FC40->947ec526-030f-41cc-8af7-a6f75e712ab0: receive RaftClientReply:client-391BA870FC40->947ec526-030f-41cc-8af7-a6f75e712ab0@group-5D45C35602B2, cid=1977, SUCCESS, logIndex=2898, commits[947ec526-030f-41cc-8af7-a6f75e712ab0:c2898, c447b9b6-dde2-4ce7-aa81-d0e2eddc8fe9:c2894, 28b540ac-241d-462a-a56c-509e92928066:c2894]
2019-08-20 22:34:32,391 | INFO  | DNAudit | user=null | ip=null | op=WRITE_CHUNK {blockData=conID: 3 locID: 102651689197175325 bcsId: 0} | ret=SUCCESS |  
2019-08-20 22:34:32,392 | INFO  | DNAudit | user=null | ip=null | op=WRITE_CHUNK {blockData=conID: 3 locID: 102651689197175325 bcsId: 0} | ret=SUCCESS |  
2019-08-20 22:34:32,392 | INFO  | DNAudit | user=null | ip=null | op=PUT_BLOCK {blockData=[blockId=conID: 3 locID: 102651689197175325 bcsId: 0,size=1048576]} | ret=SUCCESS |  
2019-08-20 22:34:32,392 | INFO  | DNAudit | user=null | ip=null | op=WRITE_CHUNK {blockData=conID: 3 locID: 102651689197175325 bcsId: 0} | ret=SUCCESS |  
2019-08-20 22:34:32,392 | INFO  | DNAudit | user=null | ip=null | op=PUT_BLOCK {blockData=[blockId=conID: 3 locID: 102651689197175325 bcsId: 0,size=2097152]} | ret=SUCCESS |  
2019-08-20 22:34:32,394 | INFO  | DNAudit | user=null | ip=null | op=PUT_BLOCK {blockData=[blockId=conID: 3 locID: 102651689197175325 bcsId: 0,size=1048576]} | ret=SUCCESS |  
2019-08-20 22:34:32,394 | INFO  | DNAudit | user=null | ip=null | op=WRITE_CHUNK {blockData=conID: 3 locID: 102651689197175325 bcsId: 0} | ret=SUCCESS |  
2019-08-20 22:34:32,395 | INFO  | DNAudit | user=null | ip=null | op=PUT_BLOCK {blockData=[blockId=conID: 3 locID: 102651689197175325 bcsId: 0,size=2097152]} | ret=SUCCESS |  
2019-08-20 22:34:32,395 [grpc-default-executor-5] INFO  client.GrpcClientProtocolClient (GrpcClientProtocolClient.java:onNext(255)) - client-391BA870FC40->947ec526-030f-41cc-8af7-a6f75e712ab0: receive RaftClientReply:client-391BA870FC40->947ec526-030f-41cc-8af7-a6f75e712ab0@group-5D45C35602B2, cid=1978, SUCCESS, logIndex=0, commits[947ec526-030f-41cc-8af7-a6f75e712ab0:c2902, c447b9b6-dde2-4ce7-aa81-d0e2eddc8fe9:c2896, 28b540ac-241d-462a-a56c-509e92928066:c2898]
2019-08-20 22:34:32,515 | INFO  | DNAudit | user=null | ip=null | op=WRITE_CHUNK {blockData=conID: 3 locID: 102651689197175325 bcsId: 2898} | ret=SUCCESS |  
2019-08-20 22:34:32,516 | INFO  | DNAudit | user=null | ip=null | op=WRITE_CHUNK {blockData=conID: 3 locID: 102651689197175325 bcsId: 2898} | ret=SUCCESS |  
2019-08-20 22:34:32,517 | INFO  | DNAudit | user=null | ip=null | op=WRITE_CHUNK {blockData=conID: 3 locID: 102651689197175325 bcsId: 2898} | ret=SUCCESS |  
2019-08-20 22:34:32,528 | INFO  | DNAudit | user=null | ip=null | op=WRITE_CHUNK {blockData=conID: 3 locID: 102651689197175325 bcsId: 2898} | ret=SUCCESS |  
2019-08-20 22:34:32,528 | INFO  | DNAudit | user=null | ip=null | op=PUT_BLOCK {blockData=[blockId=conID: 3 locID: 102651689197175325 bcsId: 0,size=3145728]} | ret=SUCCESS |  
2019-08-20 22:34:32,528 [grpc-default-executor-1] INFO  client.GrpcClientProtocolClient (GrpcClientProtocolClient.java:onNext(255)) - client-391BA870FC40->947ec526-030f-41cc-8af7-a6f75e712ab0: receive RaftClientReply:client-391BA870FC40->947ec526-030f-41cc-8af7-a6f75e712ab0@group-5D45C35602B2, cid=1979, SUCCESS, logIndex=2903, commits[947ec526-030f-41cc-8af7-a6f75e712ab0:c2904, c447b9b6-dde2-4ce7-aa81-d0e2eddc8fe9:c2902, 28b540ac-241d-462a-a56c-509e92928066:c2902]
2019-08-20 22:34:32,529 [grpc-default-executor-1] INFO  client.GrpcClientProtocolClient (GrpcClientProtocolClient.java:onNext(255)) - client-391BA870FC40->947ec526-030f-41cc-8af7-a6f75e712ab0: receive RaftClientReply:client-391BA870FC40->947ec526-030f-41cc-8af7-a6f75e712ab0@group-5D45C35602B2, cid=1980, SUCCESS, logIndex=2904, commits[947ec526-030f-41cc-8af7-a6f75e712ab0:c2904, c447b9b6-dde2-4ce7-aa81-d0e2eddc8fe9:c2902, 28b540ac-241d-462a-a56c-509e92928066:c2902]
2019-08-20 22:34:32,534 | INFO  | DNAudit | user=null | ip=null | op=WRITE_CHUNK {blockData=conID: 3 locID: 102651689197175325 bcsId: 2904} | ret=SUCCESS |  
2019-08-20 22:34:32,536 | INFO  | DNAudit | user=null | ip=null | op=WRITE_CHUNK {blockData=conID: 3 locID: 102651689197175325 bcsId: 2904} | ret=SUCCESS |  
2019-08-20 22:34:32,537 | INFO  | DNAudit | user=null | ip=null | op=WRITE_CHUNK {blockData=conID: 3 locID: 102651689197175325 bcsId: 2904} | ret=SUCCESS |  
2019-08-20 22:34:32,540 | INFO  | DNAudit | user=null | ip=null | op=WRITE_CHUNK {blockData=conID: 3 locID: 102651689197175325 bcsId: 2898} | ret=SUCCESS |  
2019-08-20 22:34:32,540 | INFO  | DNAudit | user=null | ip=null | op=WRITE_CHUNK {blockData=conID: 3 locID: 102651689197175325 bcsId: 2898} | ret=SUCCESS |  
2019-08-20 22:34:32,540 | INFO  | DNAudit | user=null | ip=null | op=PUT_BLOCK {blockData=[blockId=conID: 3 locID: 102651689197175325 bcsId: 0,size=3145728]} | ret=SUCCESS |  
2019-08-20 22:34:32,540 | INFO  | DNAudit | user=null | ip=null | op=PUT_BLOCK {blockData=[blockId=conID: 3 locID: 102651689197175325 bcsId: 0,size=3145728]} | ret=SUCCESS |  
2019-08-20 22:34:32,543 | INFO  | DNAudit | user=null | ip=null | op=WRITE_CHUNK {blockData=conID: 3 locID: 102651689197175325 bcsId: 2904} | ret=SUCCESS |  
2019-08-20 22:34:32,543 | INFO  | DNAudit | user=null | ip=null | op=PUT_BLOCK {blockData=[blockId=conID: 3 locID: 102651689197175325 bcsId: 0,size=4194304]} | ret=SUCCESS |  
2019-08-20 22:34:32,544 [grpc-default-executor-1] INFO  client.GrpcClientProtocolClient (GrpcClientProtocolClient.java:onNext(255)) - client-391BA870FC40->947ec526-030f-41cc-8af7-a6f75e712ab0: receive RaftClientReply:client-391BA870FC40->947ec526-030f-41cc-8af7-a6f75e712ab0@group-5D45C35602B2, cid=1981, SUCCESS, logIndex=2907, commits[947ec526-030f-41cc-8af7-a6f75e712ab0:c2907, c447b9b6-dde2-4ce7-aa81-d0e2eddc8fe9:c2904, 28b540ac-241d-462a-a56c-509e92928066:c2904]
2019-08-20 22:34:32,544 [grpc-default-executor-1] INFO  client.GrpcClientProtocolClient (GrpcClientProtocolClient.java:onNext(255)) - client-391BA870FC40->947ec526-030f-41cc-8af7-a6f75e712ab0: receive RaftClientReply:client-391BA870FC40->947ec526-030f-41cc-8af7-a6f75e712ab0@group-5D45C35602B2, cid=1982, SUCCESS, logIndex=2908, commits[947ec526-030f-41cc-8af7-a6f75e712ab0:c2908, c447b9b6-dde2-4ce7-aa81-d0e2eddc8fe9:c2904, 28b540ac-241d-462a-a56c-509e92928066:c2904]
2019-08-20 22:34:32,555 | INFO  | DNAudit | user=null | ip=null | op=WRITE_CHUNK {blockData=conID: 3 locID: 102651689197175325 bcsId: 2904} | ret=SUCCESS |  
2019-08-20 22:34:32,555 | INFO  | DNAudit | user=null | ip=null | op=WRITE_CHUNK {blockData=conID: 3 locID: 102651689197175325 bcsId: 2904} | ret=SUCCESS |  
2019-08-20 22:34:32,558 | INFO  | DNAudit | user=null | ip=null | op=PUT_BLOCK {blockData=[blockId=conID: 3 locID: 102651689197175325 bcsId: 0,size=4194304]} | ret=SUCCESS |  
2019-08-20 22:34:32,558 | INFO  | DNAudit | user=null | ip=null | op=PUT_BLOCK {blockData=[blockId=conID: 3 locID: 102651689197175325 bcsId: 0,size=4194304]} | ret=SUCCESS |  
2019-08-20 22:34:32,558 [grpc-default-executor-1] INFO  client.GrpcClientProtocolClient (GrpcClientProtocolClient.java:onNext(255)) - client-391BA870FC40->947ec526-030f-41cc-8af7-a6f75e712ab0: receive RaftClientReply:client-391BA870FC40->947ec526-030f-41cc-8af7-a6f75e712ab0@group-5D45C35602B2, cid=1983, SUCCESS, logIndex=0, commits[947ec526-030f-41cc-8af7-a6f75e712ab0:c2910, c447b9b6-dde2-4ce7-aa81-d0e2eddc8fe9:c2908, 28b540ac-241d-462a-a56c-509e92928066:c2908]
2019-08-20 22:34:32,562 | INFO  | SCMAudit | user=jenkins1000 | ip=192.168.5.142 | op=ALLOCATE_BLOCK {owner=6f694d07-2a2f-44d9-8e1c-aaa094a2f647, size=4194304, type=RATIS, factor=THREE} | ret=SUCCESS |  
2019-08-20 22:34:32,564 | INFO  | OMAudit | user=jenkins1000 | ip=127.0.0.1 | op=ALLOCATE_BLOCK {volume=vol-0-80747, bucket=bucket-0-27686, key=key-0-47435, dataSize=0, replicationType=null, replicationFactor=null, keyLocationInfo=null, clientID=102651687805452690} | ret=SUCCESS |  
2019-08-20 22:34:32,570 | INFO  | DNAudit | user=null | ip=null | op=WRITE_CHUNK {blockData=conID: 1 locID: 102651689209823774 bcsId: 0} | ret=SUCCESS |  
2019-08-20 22:34:32,572 | INFO  | DNAudit | user=null | ip=null | op=WRITE_CHUNK {blockData=conID: 1 locID: 102651689209823774 bcsId: 0} | ret=SUCCESS |  
2019-08-20 22:34:32,572 | INFO  | DNAudit | user=null | ip=null | op=WRITE_CHUNK {blockData=conID: 1 locID: 102651689209823774 bcsId: 0} | ret=SUCCESS |  
2019-08-20 22:34:32,572 | INFO  | DNAudit | user=null | ip=null | op=WRITE_CHUNK {blockData=conID: 1 locID: 102651689209823774 bcsId: 0} | ret=SUCCESS |  
2019-08-20 22:34:32,573 | INFO  | DNAudit | user=null | ip=null | op=WRITE_CHUNK {blockData=conID: 1 locID: 102651689209823774 bcsId: 0} | ret=SUCCESS |  
2019-08-20 22:34:32,574 | INFO  | DNAudit | user=null | ip=null | op=WRITE_CHUNK {blockData=conID: 1 locID: 102651689209823774 bcsId: 0} | ret=SUCCESS |  
2019-08-20 22:34:32,584 | INFO  | DNAudit | user=null | ip=null | op=WRITE_CHUNK {blockData=conID: 1 locID: 102651689209823774 bcsId: 0} | ret=SUCCESS |  
2019-08-20 22:34:32,584 | INFO  | DNAudit | user=null | ip=null | op=PUT_BLOCK {blockData=[blockId=conID: 1 locID: 102651689209823774 bcsId: 0,size=1048576]} | ret=SUCCESS |  
2019-08-20 22:34:32,585 | INFO  | DNAudit | user=null | ip=null | op=WRITE_CHUNK {blockData=conID: 1 locID: 102651689209823774 bcsId: 0} | ret=SUCCESS |  
2019-08-20 22:34:32,585 [grpc-default-executor-1] INFO  client.GrpcClientProtocolClient (GrpcClientProtocolClient.java:onNext(255)) - client-391BA870FC40->947ec526-030f-41cc-8af7-a6f75e712ab0: receive RaftClientReply:client-391BA870FC40->947ec526-030f-41cc-8af7-a6f75e712ab0@group-5D45C35602B2, cid=1984, SUCCESS, logIndex=2911, commits[947ec526-030f-41cc-8af7-a6f75e712ab0:c2913, c447b9b6-dde2-4ce7-aa81-d0e2eddc8fe9:c2910, 28b540ac-241d-462a-a56c-509e92928066:c2910]
2019-08-20 22:34:32,585 | INFO  | DNAudit | user=null | ip=null | op=PUT_BLOCK {blockData=[blockId=conID: 1 locID: 102651689209823774 bcsId: 0,size=2097152]} | ret=SUCCESS |  
2019-08-20 22:34:32,585 [grpc-default-executor-1] INFO  client.GrpcClientProtocolClient (GrpcClientProtocolClient.java:onNext(255)) - client-391BA870FC40->947ec526-030f-41cc-8af7-a6f75e712ab0: receive RaftClientReply:client-391BA870FC40->947ec526-030f-41cc-8af7-a6f75e712ab0@group-5D45C35602B2, cid=1985, SUCCESS, logIndex=2912, commits[947ec526-030f-41cc-8af7-a6f75e712ab0:c2914, c447b9b6-dde2-4ce7-aa81-d0e2eddc8fe9:c2910, 28b540ac-241d-462a-a56c-509e92928066:c2910]
2019-08-20 22:34:32,585 [grpc-default-executor-1] INFO  client.GrpcClientProtocolClient (GrpcClientProtocolClient.java:onNext(255)) - client-391BA870FC40->947ec526-030f-41cc-8af7-a6f75e712ab0: receive RaftClientReply:client-391BA870FC40->947ec526-030f-41cc-8af7-a6f75e712ab0@group-5D45C35602B2, cid=1986, SUCCESS, logIndex=2913, commits[947ec526-030f-41cc-8af7-a6f75e712ab0:c2914, c447b9b6-dde2-4ce7-aa81-d0e2eddc8fe9:c2910, 28b540ac-241d-462a-a56c-509e92928066:c2910]
2019-08-20 22:34:32,585 [grpc-default-executor-1] INFO  client.GrpcClientProtocolClient (GrpcClientProtocolClient.java:onNext(255)) - client-391BA870FC40->947ec526-030f-41cc-8af7-a6f75e712ab0: receive RaftClientReply:client-391BA870FC40->947ec526-030f-41cc-8af7-a6f75e712ab0@group-5D45C35602B2, cid=1987, SUCCESS, logIndex=2914, commits[947ec526-030f-41cc-8af7-a6f75e712ab0:c2914, c447b9b6-dde2-4ce7-aa81-d0e2eddc8fe9:c2910, 28b540ac-241d-462a-a56c-509e92928066:c2910]
2019-08-20 22:34:32,595 | INFO  | DNAudit | user=null | ip=null | op=WRITE_CHUNK {blockData=conID: 1 locID: 102651689209823774 bcsId: 0} | ret=SUCCESS |  
2019-08-20 22:34:32,595 | INFO  | DNAudit | user=null | ip=null | op=PUT_BLOCK {blockData=[blockId=conID: 1 locID: 102651689209823774 bcsId: 0,size=1048576]} | ret=SUCCESS |  
2019-08-20 22:34:32,596 | INFO  | DNAudit | user=null | ip=null | op=WRITE_CHUNK {blockData=conID: 1 locID: 102651689209823774 bcsId: 0} | ret=SUCCESS |  
2019-08-20 22:34:32,598 | INFO  | DNAudit | user=null | ip=null | op=PUT_BLOCK {blockData=[blockId=conID: 1 locID: 102651689209823774 bcsId: 0,size=1048576]} | ret=SUCCESS |  
2019-08-20 22:34:32,598 | INFO  | DNAudit | user=null | ip=null | op=WRITE_CHUNK {blockData=conID: 1 locID: 102651689209823774 bcsId: 0} | ret=SUCCESS |  
2019-08-20 22:34:32,598 | INFO  | DNAudit | user=null | ip=null | op=WRITE_CHUNK {blockData=conID: 1 locID: 102651689209823774 bcsId: 0} | ret=SUCCESS |  
2019-08-20 22:34:32,598 | INFO  | DNAudit | user=null | ip=null | op=PUT_BLOCK {blockData=[blockId=conID: 1 locID: 102651689209823774 bcsId: 0,size=2097152]} | ret=SUCCESS |  
2019-08-20 22:34:32,598 | INFO  | DNAudit | user=null | ip=null | op=PUT_BLOCK {blockData=[blockId=conID: 1 locID: 102651689209823774 bcsId: 0,size=2097152]} | ret=SUCCESS |  
2019-08-20 22:34:32,598 [grpc-default-executor-1] INFO  client.GrpcClientProtocolClient (GrpcClientProtocolClient.java:onNext(255)) - client-391BA870FC40->947ec526-030f-41cc-8af7-a6f75e712ab0: receive RaftClientReply:client-391BA870FC40->947ec526-030f-41cc-8af7-a6f75e712ab0@group-5D45C35602B2, cid=1988, SUCCESS, logIndex=0, commits[947ec526-030f-41cc-8af7-a6f75e712ab0:c2916, c447b9b6-dde2-4ce7-aa81-d0e2eddc8fe9:c2912, 28b540ac-241d-462a-a56c-509e92928066:c2912]
2019-08-20 22:34:32,604 | INFO  | DNAudit | user=null | ip=null | op=WRITE_CHUNK {blockData=conID: 1 locID: 102651689209823774 bcsId: 2914} | ret=SUCCESS |  
2019-08-20 22:34:32,606 | INFO  | DNAudit | user=null | ip=null | op=WRITE_CHUNK {blockData=conID: 1 locID: 102651689209823774 bcsId: 2914} | ret=SUCCESS |  
2019-08-20 22:34:32,606 | INFO  | DNAudit | user=null | ip=null | op=WRITE_CHUNK {blockData=conID: 1 locID: 102651689209823774 bcsId: 2914} | ret=SUCCESS |  
2019-08-20 22:34:32,617 | INFO  | DNAudit | user=null | ip=null | op=WRITE_CHUNK {blockData=conID: 1 locID: 102651689209823774 bcsId: 2914} | ret=SUCCESS |  
2019-08-20 22:34:32,617 | INFO  | DNAudit | user=null | ip=null | op=PUT_BLOCK {blockData=[blockId=conID: 1 locID: 102651689209823774 bcsId: 0,size=3145728]} | ret=SUCCESS |  
2019-08-20 22:34:32,617 [grpc-default-executor-2] INFO  client.GrpcClientProtocolClient (GrpcClientProtocolClient.java:onNext(255)) - client-391BA870FC40->947ec526-030f-41cc-8af7-a6f75e712ab0: receive RaftClientReply:client-391BA870FC40->947ec526-030f-41cc-8af7-a6f75e712ab0@group-5D45C35602B2, cid=1989, SUCCESS, logIndex=2919, commits[947ec526-030f-41cc-8af7-a6f75e712ab0:c2920, c447b9b6-dde2-4ce7-aa81-d0e2eddc8fe9:c2918, 28b540ac-241d-462a-a56c-509e92928066:c2918]
2019-08-20 22:34:32,617 [grpc-default-executor-2] INFO  client.GrpcClientProtocolClient (GrpcClientProtocolClient.java:onNext(255)) - client-391BA870FC40->947ec526-030f-41cc-8af7-a6f75e712ab0: receive RaftClientReply:client-391BA870FC40->947ec526-030f-41cc-8af7-a6f75e712ab0@group-5D45C35602B2, cid=1990, SUCCESS, logIndex=2920, commits[947ec526-030f-41cc-8af7-a6f75e712ab0:c2920, c447b9b6-dde2-4ce7-aa81-d0e2eddc8fe9:c2918, 28b540ac-241d-462a-a56c-509e92928066:c2918]
2019-08-20 22:34:32,623 | INFO  | DNAudit | user=null | ip=null | op=WRITE_CHUNK {blockData=conID: 1 locID: 102651689209823774 bcsId: 2920} | ret=SUCCESS |  
2019-08-20 22:34:32,624 | INFO  | DNAudit | user=null | ip=null | op=WRITE_CHUNK {blockData=conID: 1 locID: 102651689209823774 bcsId: 2920} | ret=SUCCESS |  
2019-08-20 22:34:32,625 | INFO  | DNAudit | user=null | ip=null | op=WRITE_CHUNK {blockData=conID: 1 locID: 102651689209823774 bcsId: 2920} | ret=SUCCESS |  
2019-08-20 22:34:32,628 | INFO  | DNAudit | user=null | ip=null | op=WRITE_CHUNK {blockData=conID: 1 locID: 102651689209823774 bcsId: 2914} | ret=SUCCESS |  
2019-08-20 22:34:32,628 | INFO  | DNAudit | user=null | ip=null | op=WRITE_CHUNK {blockData=conID: 1 locID: 102651689209823774 bcsId: 2914} | ret=SUCCESS |  
2019-08-20 22:34:32,628 | INFO  | DNAudit | user=null | ip=null | op=PUT_BLOCK {blockData=[blockId=conID: 1 locID: 102651689209823774 bcsId: 0,size=3145728]} | ret=SUCCESS |  
2019-08-20 22:34:32,630 | INFO  | DNAudit | user=null | ip=null | op=PUT_BLOCK {blockData=[blockId=conID: 1 locID: 102651689209823774 bcsId: 0,size=3145728]} | ret=SUCCESS |  
2019-08-20 22:34:32,631 | INFO  | DNAudit | user=null | ip=null | op=WRITE_CHUNK {blockData=conID: 1 locID: 102651689209823774 bcsId: 2920} | ret=SUCCESS |  
2019-08-20 22:34:32,631 | INFO  | DNAudit | user=null | ip=null | op=PUT_BLOCK {blockData=[blockId=conID: 1 locID: 102651689209823774 bcsId: 0,size=4194304]} | ret=SUCCESS |  
2019-08-20 22:34:32,632 [grpc-default-executor-5] INFO  client.GrpcClientProtocolClient (GrpcClientProtocolClient.java:onNext(255)) - client-391BA870FC40->947ec526-030f-41cc-8af7-a6f75e712ab0: receive RaftClientReply:client-391BA870FC40->947ec526-030f-41cc-8af7-a6f75e712ab0@group-5D45C35602B2, cid=1991, SUCCESS, logIndex=2923, commits[947ec526-030f-41cc-8af7-a6f75e712ab0:c2923, c447b9b6-dde2-4ce7-aa81-d0e2eddc8fe9:c2920, 28b540ac-241d-462a-a56c-509e92928066:c2920]
2019-08-20 22:34:32,632 [grpc-default-executor-5] INFO  client.GrpcClientProtocolClient (GrpcClientProtocolClient.java:onNext(255)) - client-391BA870FC40->947ec526-030f-41cc-8af7-a6f75e712ab0: receive RaftClientReply:client-391BA870FC40->947ec526-030f-41cc-8af7-a6f75e712ab0@group-5D45C35602B2, cid=1992, SUCCESS, logIndex=2924, commits[947ec526-030f-41cc-8af7-a6f75e712ab0:c2924, c447b9b6-dde2-4ce7-aa81-d0e2eddc8fe9:c2920, 28b540ac-241d-462a-a56c-509e92928066:c2920]
2019-08-20 22:34:32,650 | INFO  | DNAudit | user=null | ip=null | op=WRITE_CHUNK {blockData=conID: 1 locID: 102651689209823774 bcsId: 2920} | ret=SUCCESS |  
2019-08-20 22:34:32,650 | INFO  | DNAudit | user=null | ip=null | op=WRITE_CHUNK {blockData=conID: 1 locID: 102651689209823774 bcsId: 2920} | ret=SUCCESS |  
2019-08-20 22:34:32,651 | INFO  | DNAudit | user=null | ip=null | op=PUT_BLOCK {blockData=[blockId=conID: 1 locID: 102651689209823774 bcsId: 0,size=4194304]} | ret=SUCCESS |  
2019-08-20 22:34:32,651 | INFO  | DNAudit | user=null | ip=null | op=PUT_BLOCK {blockData=[blockId=conID: 1 locID: 102651689209823774 bcsId: 0,size=4194304]} | ret=SUCCESS |  
2019-08-20 22:34:32,652 [grpc-default-executor-5] INFO  client.GrpcClientProtocolClient (GrpcClientProtocolClient.java:onNext(255)) - client-391BA870FC40->947ec526-030f-41cc-8af7-a6f75e712ab0: receive RaftClientReply:client-391BA870FC40->947ec526-030f-41cc-8af7-a6f75e712ab0@group-5D45C35602B2, cid=1993, SUCCESS, logIndex=0, commits[947ec526-030f-41cc-8af7-a6f75e712ab0:c2926, c447b9b6-dde2-4ce7-aa81-d0e2eddc8fe9:c2924, 28b540ac-241d-462a-a56c-509e92928066:c2924]
2019-08-20 22:34:32,657 | INFO  | SCMAudit | user=jenkins1000 | ip=192.168.5.142 | op=ALLOCATE_BLOCK {owner=6f694d07-2a2f-44d9-8e1c-aaa094a2f647, size=4194304, type=RATIS, factor=THREE} | ret=SUCCESS |  
2019-08-20 22:34:32,661 | INFO  | OMAudit | user=jenkins1000 | ip=127.0.0.1 | op=ALLOCATE_BLOCK {volume=vol-0-80747, bucket=bucket-0-27686, key=key-0-47435, dataSize=0, replicationType=null, replicationFactor=null, keyLocationInfo=null, clientID=102651687805452690} | ret=SUCCESS |  
2019-08-20 22:34:32,668 | INFO  | DNAudit | user=null | ip=null | op=WRITE_CHUNK {blockData=conID: 2 locID: 102651689216049695 bcsId: 0} | ret=SUCCESS |  
2019-08-20 22:34:32,669 | INFO  | DNAudit | user=null | ip=null | op=WRITE_CHUNK {blockData=conID: 2 locID: 102651689216049695 bcsId: 0} | ret=SUCCESS |  
2019-08-20 22:34:32,670 | INFO  | DNAudit | user=null | ip=null | op=WRITE_CHUNK {blockData=conID: 2 locID: 102651689216049695 bcsId: 0} | ret=SUCCESS |  
2019-08-20 22:34:32,671 | INFO  | DNAudit | user=null | ip=null | op=WRITE_CHUNK {blockData=conID: 2 locID: 102651689216049695 bcsId: 0} | ret=SUCCESS |  
2019-08-20 22:34:32,672 | INFO  | DNAudit | user=null | ip=null | op=WRITE_CHUNK {blockData=conID: 2 locID: 102651689216049695 bcsId: 0} | ret=SUCCESS |  
2019-08-20 22:34:32,672 | INFO  | DNAudit | user=null | ip=null | op=WRITE_CHUNK {blockData=conID: 2 locID: 102651689216049695 bcsId: 0} | ret=SUCCESS |  
2019-08-20 22:34:32,687 | INFO  | SCMAudit | user=jenkins1000 | ip=192.168.5.142 | op=SEND_HEARTBEAT {datanodeUUID=d55cd342-4e6c-4701-86f3-cb557f3478dc, command=[]} | ret=SUCCESS |  
2019-08-20 22:34:32,697 | INFO  | DNAudit | user=null | ip=null | op=WRITE_CHUNK {blockData=conID: 2 locID: 102651689216049695 bcsId: 0} | ret=SUCCESS |  
2019-08-20 22:34:32,697 | INFO  | DNAudit | user=null | ip=null | op=PUT_BLOCK {blockData=[blockId=conID: 2 locID: 102651689216049695 bcsId: 0,size=1048576]} | ret=SUCCESS |  
2019-08-20 22:34:32,697 [grpc-default-executor-1] INFO  client.GrpcClientProtocolClient (GrpcClientProtocolClient.java:onNext(255)) - client-391BA870FC40->947ec526-030f-41cc-8af7-a6f75e712ab0: receive RaftClientReply:client-391BA870FC40->947ec526-030f-41cc-8af7-a6f75e712ab0@group-5D45C35602B2, cid=1994, SUCCESS, logIndex=2927, commits[947ec526-030f-41cc-8af7-a6f75e712ab0:c2928, c447b9b6-dde2-4ce7-aa81-d0e2eddc8fe9:c2926, 28b540ac-241d-462a-a56c-509e92928066:c2926]
2019-08-20 22:34:32,697 | INFO  | DNAudit | user=null | ip=null | op=WRITE_CHUNK {blockData=conID: 2 locID: 102651689216049695 bcsId: 0} | ret=SUCCESS |  
2019-08-20 22:34:32,697 | INFO  | DNAudit | user=null | ip=null | op=PUT_BLOCK {blockData=[blockId=conID: 2 locID: 102651689216049695 bcsId: 0,size=2097152]} | ret=SUCCESS |  
2019-08-20 22:34:32,697 [grpc-default-executor-1] INFO  client.GrpcClientProtocolClient (GrpcClientProtocolClient.java:onNext(255)) - client-391BA870FC40->947ec526-030f-41cc-8af7-a6f75e712ab0: receive RaftClientReply:client-391BA870FC40->947ec526-030f-41cc-8af7-a6f75e712ab0@group-5D45C35602B2, cid=1995, SUCCESS, logIndex=2928, commits[947ec526-030f-41cc-8af7-a6f75e712ab0:c2930, c447b9b6-dde2-4ce7-aa81-d0e2eddc8fe9:c2926, 28b540ac-241d-462a-a56c-509e92928066:c2926]
2019-08-20 22:34:32,698 [grpc-default-executor-1] INFO  client.GrpcClientProtocolClient (GrpcClientProtocolClient.java:onNext(255)) - client-391BA870FC40->947ec526-030f-41cc-8af7-a6f75e712ab0: receive RaftClientReply:client-391BA870FC40->947ec526-030f-41cc-8af7-a6f75e712ab0@group-5D45C35602B2, cid=1996, SUCCESS, logIndex=2929, commits[947ec526-030f-41cc-8af7-a6f75e712ab0:c2930, c447b9b6-dde2-4ce7-aa81-d0e2eddc8fe9:c2926, 28b540ac-241d-462a-a56c-509e92928066:c2926]
2019-08-20 22:34:32,698 [grpc-default-executor-1] INFO  client.GrpcClientProtocolClient (GrpcClientProtocolClient.java:onNext(255)) - client-391BA870FC40->947ec526-030f-41cc-8af7-a6f75e712ab0: receive RaftClientReply:client-391BA870FC40->947ec526-030f-41cc-8af7-a6f75e712ab0@group-5D45C35602B2, cid=1997, SUCCESS, logIndex=2930, commits[947ec526-030f-41cc-8af7-a6f75e712ab0:c2930, c447b9b6-dde2-4ce7-aa81-d0e2eddc8fe9:c2926, 28b540ac-241d-462a-a56c-509e92928066:c2926]
2019-08-20 22:34:32,708 | INFO  | DNAudit | user=null | ip=null | op=WRITE_CHUNK {blockData=conID: 2 locID: 102651689216049695 bcsId: 0} | ret=SUCCESS |  
2019-08-20 22:34:32,709 | INFO  | DNAudit | user=null | ip=null | op=PUT_BLOCK {blockData=[blockId=conID: 2 locID: 102651689216049695 bcsId: 0,size=1048576]} | ret=SUCCESS |  
2019-08-20 22:34:32,709 | INFO  | DNAudit | user=null | ip=null | op=WRITE_CHUNK {blockData=conID: 2 locID: 102651689216049695 bcsId: 0} | ret=SUCCESS |  
2019-08-20 22:34:32,710 | INFO  | DNAudit | user=null | ip=null | op=PUT_BLOCK {blockData=[blockId=conID: 2 locID: 102651689216049695 bcsId: 0,size=1048576]} | ret=SUCCESS |  
2019-08-20 22:34:32,710 | INFO  | DNAudit | user=null | ip=null | op=WRITE_CHUNK {blockData=conID: 2 locID: 102651689216049695 bcsId: 0} | ret=SUCCESS |  
2019-08-20 22:34:32,710 | INFO  | DNAudit | user=null | ip=null | op=PUT_BLOCK {blockData=[blockId=conID: 2 locID: 102651689216049695 bcsId: 0,size=2097152]} | ret=SUCCESS |  
2019-08-20 22:34:32,710 [grpc-default-executor-1] INFO  client.GrpcClientProtocolClient (GrpcClientProtocolClient.java:onNext(255)) - client-391BA870FC40->947ec526-030f-41cc-8af7-a6f75e712ab0: receive RaftClientReply:client-391BA870FC40->947ec526-030f-41cc-8af7-a6f75e712ab0@group-5D45C35602B2, cid=1998, SUCCESS, logIndex=0, commits[947ec526-030f-41cc-8af7-a6f75e712ab0:c2931, c447b9b6-dde2-4ce7-aa81-d0e2eddc8fe9:c2928, 28b540ac-241d-462a-a56c-509e92928066:c2928]
2019-08-20 22:34:32,710 | INFO  | DNAudit | user=null | ip=null | op=WRITE_CHUNK {blockData=conID: 2 locID: 102651689216049695 bcsId: 0} | ret=SUCCESS |  
2019-08-20 22:34:32,711 | INFO  | DNAudit | user=null | ip=null | op=PUT_BLOCK {blockData=[blockId=conID: 2 locID: 102651689216049695 bcsId: 0,size=2097152]} | ret=SUCCESS |  
2019-08-20 22:34:32,716 | INFO  | DNAudit | user=null | ip=null | op=WRITE_CHUNK {blockData=conID: 2 locID: 102651689216049695 bcsId: 2930} | ret=SUCCESS |  
2019-08-20 22:34:32,718 | INFO  | DNAudit | user=null | ip=null | op=WRITE_CHUNK {blockData=conID: 2 locID: 102651689216049695 bcsId: 2930} | ret=SUCCESS |  
2019-08-20 22:34:32,718 | INFO  | DNAudit | user=null | ip=null | op=WRITE_CHUNK {blockData=conID: 2 locID: 102651689216049695 bcsId: 2930} | ret=SUCCESS |  
2019-08-20 22:34:32,729 | INFO  | DNAudit | user=null | ip=null | op=WRITE_CHUNK {blockData=conID: 2 locID: 102651689216049695 bcsId: 2930} | ret=SUCCESS |  
2019-08-20 22:34:32,729 | INFO  | DNAudit | user=null | ip=null | op=PUT_BLOCK {blockData=[blockId=conID: 2 locID: 102651689216049695 bcsId: 0,size=3145728]} | ret=SUCCESS |  
2019-08-20 22:34:32,729 [grpc-default-executor-1] INFO  client.GrpcClientProtocolClient (GrpcClientProtocolClient.java:onNext(255)) - client-391BA870FC40->947ec526-030f-41cc-8af7-a6f75e712ab0: receive RaftClientReply:client-391BA870FC40->947ec526-030f-41cc-8af7-a6f75e712ab0@group-5D45C35602B2, cid=1999, SUCCESS, logIndex=2935, commits[947ec526-030f-41cc-8af7-a6f75e712ab0:c2936, c447b9b6-dde2-4ce7-aa81-d0e2eddc8fe9:c2934, 28b540ac-241d-462a-a56c-509e92928066:c2934]
2019-08-20 22:34:32,730 [grpc-default-executor-1] INFO  client.GrpcClientProtocolClient (GrpcClientProtocolClient.java:onNext(255)) - client-391BA870FC40->947ec526-030f-41cc-8af7-a6f75e712ab0: receive RaftClientReply:client-391BA870FC40->947ec526-030f-41cc-8af7-a6f75e712ab0@group-5D45C35602B2, cid=2000, SUCCESS, logIndex=2936, commits[947ec526-030f-41cc-8af7-a6f75e712ab0:c2936, c447b9b6-dde2-4ce7-aa81-d0e2eddc8fe9:c2934, 28b540ac-241d-462a-a56c-509e92928066:c2934]
2019-08-20 22:34:32,735 | INFO  | DNAudit | user=null | ip=null | op=WRITE_CHUNK {blockData=conID: 2 locID: 102651689216049695 bcsId: 2936} | ret=SUCCESS |  
2019-08-20 22:34:32,737 | INFO  | DNAudit | user=null | ip=null | op=WRITE_CHUNK {blockData=conID: 2 locID: 102651689216049695 bcsId: 2936} | ret=SUCCESS |  
2019-08-20 22:34:32,738 | INFO  | DNAudit | user=null | ip=null | op=WRITE_CHUNK {blockData=conID: 2 locID: 102651689216049695 bcsId: 2936} | ret=SUCCESS |  
2019-08-20 22:34:32,740 | INFO  | DNAudit | user=null | ip=null | op=WRITE_CHUNK {blockData=conID: 2 locID: 102651689216049695 bcsId: 2930} | ret=SUCCESS |  
2019-08-20 22:34:32,740 | INFO  | DNAudit | user=null | ip=null | op=WRITE_CHUNK {blockData=conID: 2 locID: 102651689216049695 bcsId: 2930} | ret=SUCCESS |  
2019-08-20 22:34:32,740 | INFO  | DNAudit | user=null | ip=null | op=PUT_BLOCK {blockData=[blockId=conID: 2 locID: 102651689216049695 bcsId: 0,size=3145728]} | ret=SUCCESS |  
2019-08-20 22:34:32,743 | INFO  | DNAudit | user=null | ip=null | op=PUT_BLOCK {blockData=[blockId=conID: 2 locID: 102651689216049695 bcsId: 0,size=3145728]} | ret=SUCCESS |  
2019-08-20 22:34:32,743 | INFO  | DNAudit | user=null | ip=null | op=WRITE_CHUNK {blockData=conID: 2 locID: 102651689216049695 bcsId: 2936} | ret=SUCCESS |  
2019-08-20 22:34:32,743 | INFO  | DNAudit | user=null | ip=null | op=PUT_BLOCK {blockData=[blockId=conID: 2 locID: 102651689216049695 bcsId: 0,size=4194304]} | ret=SUCCESS |  
2019-08-20 22:34:32,744 [grpc-default-executor-2] INFO  client.GrpcClientProtocolClient (GrpcClientProtocolClient.java:onNext(255)) - client-391BA870FC40->947ec526-030f-41cc-8af7-a6f75e712ab0: receive RaftClientReply:client-391BA870FC40->947ec526-030f-41cc-8af7-a6f75e712ab0@group-5D45C35602B2, cid=2001, SUCCESS, logIndex=2939, commits[947ec526-030f-41cc-8af7-a6f75e712ab0:c2940, c447b9b6-dde2-4ce7-aa81-d0e2eddc8fe9:c2936, 28b540ac-241d-462a-a56c-509e92928066:c2936]
2019-08-20 22:34:32,744 [grpc-default-executor-2] INFO  client.GrpcClientProtocolClient (GrpcClientProtocolClient.java:onNext(255)) - client-391BA870FC40->947ec526-030f-41cc-8af7-a6f75e712ab0: receive RaftClientReply:client-391BA870FC40->947ec526-030f-41cc-8af7-a6f75e712ab0@group-5D45C35602B2, cid=2002, SUCCESS, logIndex=2940, commits[947ec526-030f-41cc-8af7-a6f75e712ab0:c2940, c447b9b6-dde2-4ce7-aa81-d0e2eddc8fe9:c2936, 28b540ac-241d-462a-a56c-509e92928066:c2936]
2019-08-20 22:34:32,755 | INFO  | DNAudit | user=null | ip=null | op=WRITE_CHUNK {blockData=conID: 2 locID: 102651689216049695 bcsId: 2936} | ret=SUCCESS |  
2019-08-20 22:34:32,755 | INFO  | DNAudit | user=null | ip=null | op=PUT_BLOCK {blockData=[blockId=conID: 2 locID: 102651689216049695 bcsId: 0,size=4194304]} | ret=SUCCESS |  
2019-08-20 22:34:32,755 | INFO  | DNAudit | user=null | ip=null | op=WRITE_CHUNK {blockData=conID: 2 locID: 102651689216049695 bcsId: 2936} | ret=SUCCESS |  
2019-08-20 22:34:32,756 | INFO  | DNAudit | user=null | ip=null | op=PUT_BLOCK {blockData=[blockId=conID: 2 locID: 102651689216049695 bcsId: 0,size=4194304]} | ret=SUCCESS |  
2019-08-20 22:34:32,756 [grpc-default-executor-2] INFO  client.GrpcClientProtocolClient (GrpcClientProtocolClient.java:onNext(255)) - client-391BA870FC40->947ec526-030f-41cc-8af7-a6f75e712ab0: receive RaftClientReply:client-391BA870FC40->947ec526-030f-41cc-8af7-a6f75e712ab0@group-5D45C35602B2, cid=2003, SUCCESS, logIndex=0, commits[947ec526-030f-41cc-8af7-a6f75e712ab0:c2941, c447b9b6-dde2-4ce7-aa81-d0e2eddc8fe9:c2940, 28b540ac-241d-462a-a56c-509e92928066:c2940]
2019-08-20 22:34:32,760 | INFO  | SCMAudit | user=jenkins1000 | ip=192.168.5.142 | op=ALLOCATE_BLOCK {owner=6f694d07-2a2f-44d9-8e1c-aaa094a2f647, size=4194304, type=RATIS, factor=THREE} | ret=SUCCESS |  
2019-08-20 22:34:32,764 | INFO  | OMAudit | user=jenkins1000 | ip=127.0.0.1 | op=ALLOCATE_BLOCK {volume=vol-0-80747, bucket=bucket-0-27686, key=key-0-47435, dataSize=0, replicationType=null, replicationFactor=null, keyLocationInfo=null, clientID=102651687805452690} | ret=SUCCESS |  
2019-08-20 22:34:32,770 | INFO  | DNAudit | user=null | ip=null | op=WRITE_CHUNK {blockData=conID: 3 locID: 102651689222799904 bcsId: 0} | ret=SUCCESS |  
2019-08-20 22:34:32,773 | INFO  | DNAudit | user=null | ip=null | op=WRITE_CHUNK {blockData=conID: 3 locID: 102651689222799904 bcsId: 0} | ret=SUCCESS |  
2019-08-20 22:34:32,773 | INFO  | DNAudit | user=null | ip=null | op=WRITE_CHUNK {blockData=conID: 3 locID: 102651689222799904 bcsId: 0} | ret=SUCCESS |  
2019-08-20 22:34:32,775 | INFO  | DNAudit | user=null | ip=null | op=WRITE_CHUNK {blockData=conID: 3 locID: 102651689222799904 bcsId: 0} | ret=SUCCESS |  
2019-08-20 22:34:32,776 | INFO  | DNAudit | user=null | ip=null | op=WRITE_CHUNK {blockData=conID: 3 locID: 102651689222799904 bcsId: 0} | ret=SUCCESS |  
2019-08-20 22:34:32,776 | INFO  | DNAudit | user=null | ip=null | op=WRITE_CHUNK {blockData=conID: 3 locID: 102651689222799904 bcsId: 0} | ret=SUCCESS |  
2019-08-20 22:34:32,783 | INFO  | DNAudit | user=null | ip=null | op=WRITE_CHUNK {blockData=conID: 3 locID: 102651689222799904 bcsId: 0} | ret=SUCCESS |  
2019-08-20 22:34:32,783 | INFO  | DNAudit | user=null | ip=null | op=PUT_BLOCK {blockData=[blockId=conID: 3 locID: 102651689222799904 bcsId: 0,size=1048576]} | ret=SUCCESS |  
2019-08-20 22:34:32,783 [grpc-default-executor-2] INFO  client.GrpcClientProtocolClient (GrpcClientProtocolClient.java:onNext(255)) - client-391BA870FC40->947ec526-030f-41cc-8af7-a6f75e712ab0: receive RaftClientReply:client-391BA870FC40->947ec526-030f-41cc-8af7-a6f75e712ab0@group-5D45C35602B2, cid=2004, SUCCESS, logIndex=2943, commits[947ec526-030f-41cc-8af7-a6f75e712ab0:c2944, c447b9b6-dde2-4ce7-aa81-d0e2eddc8fe9:c2942, 28b540ac-241d-462a-a56c-509e92928066:c2942]
2019-08-20 22:34:32,784 | INFO  | DNAudit | user=null | ip=null | op=WRITE_CHUNK {blockData=conID: 3 locID: 102651689222799904 bcsId: 0} | ret=SUCCESS |  
2019-08-20 22:34:32,784 [grpc-default-executor-5] INFO  client.GrpcClientProtocolClient (GrpcClientProtocolClient.java:onNext(255)) - client-391BA870FC40->947ec526-030f-41cc-8af7-a6f75e712ab0: receive RaftClientReply:client-391BA870FC40->947ec526-030f-41cc-8af7-a6f75e712ab0@group-5D45C35602B2, cid=2005, SUCCESS, logIndex=2944, commits[947ec526-030f-41cc-8af7-a6f75e712ab0:c2944, c447b9b6-dde2-4ce7-aa81-d0e2eddc8fe9:c2942, 28b540ac-241d-462a-a56c-509e92928066:c2942]
2019-08-20 22:34:32,784 | INFO  | DNAudit | user=null | ip=null | op=PUT_BLOCK {blockData=[blockId=conID: 3 locID: 102651689222799904 bcsId: 0,size=2097152]} | ret=SUCCESS |  
2019-08-20 22:34:32,784 [grpc-default-executor-1] INFO  client.GrpcClientProtocolClient (GrpcClientProtocolClient.java:onNext(255)) - client-391BA870FC40->947ec526-030f-41cc-8af7-a6f75e712ab0: receive RaftClientReply:client-391BA870FC40->947ec526-030f-41cc-8af7-a6f75e712ab0@group-5D45C35602B2, cid=2006, SUCCESS, logIndex=2945, commits[947ec526-030f-41cc-8af7-a6f75e712ab0:c2946, c447b9b6-dde2-4ce7-aa81-d0e2eddc8fe9:c2942, 28b540ac-241d-462a-a56c-509e92928066:c2942]
2019-08-20 22:34:32,785 [grpc-default-executor-1] INFO  client.GrpcClientProtocolClient (GrpcClientProtocolClient.java:onNext(255)) - client-391BA870FC40->947ec526-030f-41cc-8af7-a6f75e712ab0: receive RaftClientReply:client-391BA870FC40->947ec526-030f-41cc-8af7-a6f75e712ab0@group-5D45C35602B2, cid=2007, SUCCESS, logIndex=2946, commits[947ec526-030f-41cc-8af7-a6f75e712ab0:c2946, c447b9b6-dde2-4ce7-aa81-d0e2eddc8fe9:c2942, 28b540ac-241d-462a-a56c-509e92928066:c2942]
2019-08-20 22:34:32,796 | INFO  | DNAudit | user=null | ip=null | op=WRITE_CHUNK {blockData=conID: 3 locID: 102651689222799904 bcsId: 0} | ret=SUCCESS |  
2019-08-20 22:34:32,797 | INFO  | DNAudit | user=null | ip=null | op=PUT_BLOCK {blockData=[blockId=conID: 3 locID: 102651689222799904 bcsId: 0,size=1048576]} | ret=SUCCESS |  
2019-08-20 22:34:32,797 | INFO  | DNAudit | user=null | ip=null | op=WRITE_CHUNK {blockData=conID: 3 locID: 102651689222799904 bcsId: 0} | ret=SUCCESS |  
2019-08-20 22:34:32,797 | INFO  | DNAudit | user=null | ip=null | op=PUT_BLOCK {blockData=[blockId=conID: 3 locID: 102651689222799904 bcsId: 0,size=1048576]} | ret=SUCCESS |  
2019-08-20 22:34:32,797 | INFO  | DNAudit | user=null | ip=null | op=WRITE_CHUNK {blockData=conID: 3 locID: 102651689222799904 bcsId: 0} | ret=SUCCESS |  
2019-08-20 22:34:32,797 [grpc-default-executor-1] INFO  client.GrpcClientProtocolClient (GrpcClientProtocolClient.java:onNext(255)) - client-391BA870FC40->947ec526-030f-41cc-8af7-a6f75e712ab0: receive RaftClientReply:client-391BA870FC40->947ec526-030f-41cc-8af7-a6f75e712ab0@group-5D45C35602B2, cid=2008, SUCCESS, logIndex=0, commits[947ec526-030f-41cc-8af7-a6f75e712ab0:c2948, c447b9b6-dde2-4ce7-aa81-d0e2eddc8fe9:c2944, 28b540ac-241d-462a-a56c-509e92928066:c2944]
2019-08-20 22:34:32,798 | INFO  | DNAudit | user=null | ip=null | op=WRITE_CHUNK {blockData=conID: 3 locID: 102651689222799904 bcsId: 0} | ret=SUCCESS |  
2019-08-20 22:34:32,798 | INFO  | DNAudit | user=null | ip=null | op=PUT_BLOCK {blockData=[blockId=conID: 3 locID: 102651689222799904 bcsId: 0,size=2097152]} | ret=SUCCESS |  
2019-08-20 22:34:32,798 | INFO  | DNAudit | user=null | ip=null | op=PUT_BLOCK {blockData=[blockId=conID: 3 locID: 102651689222799904 bcsId: 0,size=2097152]} | ret=SUCCESS |  
2019-08-20 22:34:32,804 | INFO  | DNAudit | user=null | ip=null | op=WRITE_CHUNK {blockData=conID: 3 locID: 102651689222799904 bcsId: 2946} | ret=SUCCESS |  
2019-08-20 22:34:32,805 | INFO  | DNAudit | user=null | ip=null | op=WRITE_CHUNK {blockData=conID: 3 locID: 102651689222799904 bcsId: 2946} | ret=SUCCESS |  
2019-08-20 22:34:32,808 | INFO  | DNAudit | user=null | ip=null | op=WRITE_CHUNK {blockData=conID: 3 locID: 102651689222799904 bcsId: 2946} | ret=SUCCESS |  
2019-08-20 22:34:32,816 | INFO  | DNAudit | user=null | ip=null | op=WRITE_CHUNK {blockData=conID: 3 locID: 102651689222799904 bcsId: 2946} | ret=SUCCESS |  
2019-08-20 22:34:32,816 | INFO  | DNAudit | user=null | ip=null | op=PUT_BLOCK {blockData=[blockId=conID: 3 locID: 102651689222799904 bcsId: 0,size=3145728]} | ret=SUCCESS |  
2019-08-20 22:34:32,816 [grpc-default-executor-1] INFO  client.GrpcClientProtocolClient (GrpcClientProtocolClient.java:onNext(255)) - client-391BA870FC40->947ec526-030f-41cc-8af7-a6f75e712ab0: receive RaftClientReply:client-391BA870FC40->947ec526-030f-41cc-8af7-a6f75e712ab0@group-5D45C35602B2, cid=2009, SUCCESS, logIndex=2951, commits[947ec526-030f-41cc-8af7-a6f75e712ab0:c2952, c447b9b6-dde2-4ce7-aa81-d0e2eddc8fe9:c2950, 28b540ac-241d-462a-a56c-509e92928066:c2950]
2019-08-20 22:34:32,817 [grpc-default-executor-1] INFO  client.GrpcClientProtocolClient (GrpcClientProtocolClient.java:onNext(255)) - client-391BA870FC40->947ec526-030f-41cc-8af7-a6f75e712ab0: receive RaftClientReply:client-391BA870FC40->947ec526-030f-41cc-8af7-a6f75e712ab0@group-5D45C35602B2, cid=2010, SUCCESS, logIndex=2952, commits[947ec526-030f-41cc-8af7-a6f75e712ab0:c2952, c447b9b6-dde2-4ce7-aa81-d0e2eddc8fe9:c2950, 28b540ac-241d-462a-a56c-509e92928066:c2950]
2019-08-20 22:34:32,822 | INFO  | DNAudit | user=null | ip=null | op=WRITE_CHUNK {blockData=conID: 3 locID: 102651689222799904 bcsId: 2952} | ret=SUCCESS |  
2019-08-20 22:34:32,825 | INFO  | DNAudit | user=null | ip=null | op=WRITE_CHUNK {blockData=conID: 3 locID: 102651689222799904 bcsId: 2952} | ret=SUCCESS |  
2019-08-20 22:34:32,825 | INFO  | DNAudit | user=null | ip=null | op=WRITE_CHUNK {blockData=conID: 3 locID: 102651689222799904 bcsId: 2952} | ret=SUCCESS |  
2019-08-20 22:34:32,828 | INFO  | DNAudit | user=null | ip=null | op=WRITE_CHUNK {blockData=conID: 3 locID: 102651689222799904 bcsId: 2946} | ret=SUCCESS |  
2019-08-20 22:34:32,828 | INFO  | DNAudit | user=null | ip=null | op=WRITE_CHUNK {blockData=conID: 3 locID: 102651689222799904 bcsId: 2946} | ret=SUCCESS |  
2019-08-20 22:34:32,828 | INFO  | DNAudit | user=null | ip=null | op=PUT_BLOCK {blockData=[blockId=conID: 3 locID: 102651689222799904 bcsId: 0,size=3145728]} | ret=SUCCESS |  
2019-08-20 22:34:32,830 | INFO  | DNAudit | user=null | ip=null | op=PUT_BLOCK {blockData=[blockId=conID: 3 locID: 102651689222799904 bcsId: 0,size=3145728]} | ret=SUCCESS |  
2019-08-20 22:34:32,831 | INFO  | DNAudit | user=null | ip=null | op=WRITE_CHUNK {blockData=conID: 3 locID: 102651689222799904 bcsId: 2952} | ret=SUCCESS |  
2019-08-20 22:34:32,831 | INFO  | DNAudit | user=null | ip=null | op=PUT_BLOCK {blockData=[blockId=conID: 3 locID: 102651689222799904 bcsId: 0,size=4194304]} | ret=SUCCESS |  
2019-08-20 22:34:32,831 [grpc-default-executor-2] INFO  client.GrpcClientProtocolClient (GrpcClientProtocolClient.java:onNext(255)) - client-391BA870FC40->947ec526-030f-41cc-8af7-a6f75e712ab0: receive RaftClientReply:client-391BA870FC40->947ec526-030f-41cc-8af7-a6f75e712ab0@group-5D45C35602B2, cid=2011, SUCCESS, logIndex=2955, commits[947ec526-030f-41cc-8af7-a6f75e712ab0:c2955, c447b9b6-dde2-4ce7-aa81-d0e2eddc8fe9:c2952, 28b540ac-241d-462a-a56c-509e92928066:c2952]
2019-08-20 22:34:32,831 [grpc-default-executor-2] INFO  client.GrpcClientProtocolClient (GrpcClientProtocolClient.java:onNext(255)) - client-391BA870FC40->947ec526-030f-41cc-8af7-a6f75e712ab0: receive RaftClientReply:client-391BA870FC40->947ec526-030f-41cc-8af7-a6f75e712ab0@group-5D45C35602B2, cid=2012, SUCCESS, logIndex=2956, commits[947ec526-030f-41cc-8af7-a6f75e712ab0:c2956, c447b9b6-dde2-4ce7-aa81-d0e2eddc8fe9:c2952, 28b540ac-241d-462a-a56c-509e92928066:c2952]
2019-08-20 22:34:32,841 | INFO  | DNAudit | user=null | ip=null | op=WRITE_CHUNK {blockData=conID: 3 locID: 102651689222799904 bcsId: 2952} | ret=SUCCESS |  
2019-08-20 22:34:32,841 | INFO  | DNAudit | user=null | ip=null | op=WRITE_CHUNK {blockData=conID: 3 locID: 102651689222799904 bcsId: 2952} | ret=SUCCESS |  
2019-08-20 22:34:32,843 | INFO  | DNAudit | user=null | ip=null | op=PUT_BLOCK {blockData=[blockId=conID: 3 locID: 102651689222799904 bcsId: 0,size=4194304]} | ret=SUCCESS |  
2019-08-20 22:34:32,843 | INFO  | DNAudit | user=null | ip=null | op=PUT_BLOCK {blockData=[blockId=conID: 3 locID: 102651689222799904 bcsId: 0,size=4194304]} | ret=SUCCESS |  
2019-08-20 22:34:32,844 [grpc-default-executor-2] INFO  client.GrpcClientProtocolClient (GrpcClientProtocolClient.java:onNext(255)) - client-391BA870FC40->947ec526-030f-41cc-8af7-a6f75e712ab0: receive RaftClientReply:client-391BA870FC40->947ec526-030f-41cc-8af7-a6f75e712ab0@group-5D45C35602B2, cid=2013, SUCCESS, logIndex=0, commits[947ec526-030f-41cc-8af7-a6f75e712ab0:c2958, c447b9b6-dde2-4ce7-aa81-d0e2eddc8fe9:c2956, 28b540ac-241d-462a-a56c-509e92928066:c2956]
2019-08-20 22:34:32,847 | INFO  | SCMAudit | user=jenkins1000 | ip=192.168.5.142 | op=ALLOCATE_BLOCK {owner=6f694d07-2a2f-44d9-8e1c-aaa094a2f647, size=4194304, type=RATIS, factor=THREE} | ret=SUCCESS |  
2019-08-20 22:34:32,849 | INFO  | OMAudit | user=jenkins1000 | ip=127.0.0.1 | op=ALLOCATE_BLOCK {volume=vol-0-80747, bucket=bucket-0-27686, key=key-0-47435, dataSize=0, replicationType=null, replicationFactor=null, keyLocationInfo=null, clientID=102651687805452690} | ret=SUCCESS |  
2019-08-20 22:34:32,856 | INFO  | DNAudit | user=null | ip=null | op=WRITE_CHUNK {blockData=conID: 1 locID: 102651689228501537 bcsId: 0} | ret=SUCCESS |  
2019-08-20 22:34:32,859 | INFO  | DNAudit | user=null | ip=null | op=WRITE_CHUNK {blockData=conID: 1 locID: 102651689228501537 bcsId: 0} | ret=SUCCESS |  
2019-08-20 22:34:32,860 | INFO  | DNAudit | user=null | ip=null | op=WRITE_CHUNK {blockData=conID: 1 locID: 102651689228501537 bcsId: 0} | ret=SUCCESS |  
2019-08-20 22:34:32,860 | INFO  | DNAudit | user=null | ip=null | op=WRITE_CHUNK {blockData=conID: 1 locID: 102651689228501537 bcsId: 0} | ret=SUCCESS |  
2019-08-20 22:34:32,863 | INFO  | DNAudit | user=null | ip=null | op=WRITE_CHUNK {blockData=conID: 1 locID: 102651689228501537 bcsId: 0} | ret=SUCCESS |  
2019-08-20 22:34:32,863 | INFO  | DNAudit | user=null | ip=null | op=WRITE_CHUNK {blockData=conID: 1 locID: 102651689228501537 bcsId: 0} | ret=SUCCESS |  
2019-08-20 22:34:32,867 | INFO  | DNAudit | user=null | ip=null | op=WRITE_CHUNK {blockData=conID: 1 locID: 102651689228501537 bcsId: 0} | ret=SUCCESS |  
2019-08-20 22:34:32,867 | INFO  | DNAudit | user=null | ip=null | op=PUT_BLOCK {blockData=[blockId=conID: 1 locID: 102651689228501537 bcsId: 0,size=1048576]} | ret=SUCCESS |  
2019-08-20 22:34:32,868 [grpc-default-executor-1] INFO  client.GrpcClientProtocolClient (GrpcClientProtocolClient.java:onNext(255)) - client-391BA870FC40->947ec526-030f-41cc-8af7-a6f75e712ab0: receive RaftClientReply:client-391BA870FC40->947ec526-030f-41cc-8af7-a6f75e712ab0@group-5D45C35602B2, cid=2014, SUCCESS, logIndex=2959, commits[947ec526-030f-41cc-8af7-a6f75e712ab0:c2960, c447b9b6-dde2-4ce7-aa81-d0e2eddc8fe9:c2958, 28b540ac-241d-462a-a56c-509e92928066:c2958]
2019-08-20 22:34:32,868 | INFO  | DNAudit | user=null | ip=null | op=WRITE_CHUNK {blockData=conID: 1 locID: 102651689228501537 bcsId: 0} | ret=SUCCESS |  
2019-08-20 22:34:32,868 [grpc-default-executor-2] INFO  client.GrpcClientProtocolClient (GrpcClientProtocolClient.java:onNext(255)) - client-391BA870FC40->947ec526-030f-41cc-8af7-a6f75e712ab0: receive RaftClientReply:client-391BA870FC40->947ec526-030f-41cc-8af7-a6f75e712ab0@group-5D45C35602B2, cid=2015, SUCCESS, logIndex=2960, commits[947ec526-030f-41cc-8af7-a6f75e712ab0:c2960, c447b9b6-dde2-4ce7-aa81-d0e2eddc8fe9:c2958, 28b540ac-241d-462a-a56c-509e92928066:c2958]
2019-08-20 22:34:32,868 | INFO  | DNAudit | user=null | ip=null | op=PUT_BLOCK {blockData=[blockId=conID: 1 locID: 102651689228501537 bcsId: 0,size=2097152]} | ret=SUCCESS |  
2019-08-20 22:34:32,868 [grpc-default-executor-4] INFO  client.GrpcClientProtocolClient (GrpcClientProtocolClient.java:onNext(255)) - client-391BA870FC40->947ec526-030f-41cc-8af7-a6f75e712ab0: receive RaftClientReply:client-391BA870FC40->947ec526-030f-41cc-8af7-a6f75e712ab0@group-5D45C35602B2, cid=2016, SUCCESS, logIndex=2961, commits[947ec526-030f-41cc-8af7-a6f75e712ab0:c2961, c447b9b6-dde2-4ce7-aa81-d0e2eddc8fe9:c2958, 28b540ac-241d-462a-a56c-509e92928066:c2958]
2019-08-20 22:34:32,869 [grpc-default-executor-4] INFO  client.GrpcClientProtocolClient (GrpcClientProtocolClient.java:onNext(255)) - client-391BA870FC40->947ec526-030f-41cc-8af7-a6f75e712ab0: receive RaftClientReply:client-391BA870FC40->947ec526-030f-41cc-8af7-a6f75e712ab0@group-5D45C35602B2, cid=2017, SUCCESS, logIndex=2962, commits[947ec526-030f-41cc-8af7-a6f75e712ab0:c2962, c447b9b6-dde2-4ce7-aa81-d0e2eddc8fe9:c2958, 28b540ac-241d-462a-a56c-509e92928066:c2958]
2019-08-20 22:34:32,870 | INFO  | DNAudit | user=null | ip=null | op=WRITE_CHUNK {blockData=conID: 1 locID: 102651689228501537 bcsId: 0} | ret=SUCCESS |  
2019-08-20 22:34:32,870 | INFO  | DNAudit | user=null | ip=null | op=PUT_BLOCK {blockData=[blockId=conID: 1 locID: 102651689228501537 bcsId: 0,size=1048576]} | ret=SUCCESS |  
2019-08-20 22:34:32,870 | INFO  | DNAudit | user=null | ip=null | op=WRITE_CHUNK {blockData=conID: 1 locID: 102651689228501537 bcsId: 0} | ret=SUCCESS |  
2019-08-20 22:34:32,871 | INFO  | DNAudit | user=null | ip=null | op=PUT_BLOCK {blockData=[blockId=conID: 1 locID: 102651689228501537 bcsId: 0,size=1048576]} | ret=SUCCESS |  
2019-08-20 22:34:32,871 [grpc-default-executor-4] INFO  client.GrpcClientProtocolClient (GrpcClientProtocolClient.java:onNext(255)) - client-391BA870FC40->947ec526-030f-41cc-8af7-a6f75e712ab0: receive RaftClientReply:client-391BA870FC40->947ec526-030f-41cc-8af7-a6f75e712ab0@group-5D45C35602B2, cid=2018, SUCCESS, logIndex=0, commits[947ec526-030f-41cc-8af7-a6f75e712ab0:c2964, c447b9b6-dde2-4ce7-aa81-d0e2eddc8fe9:c2960, 28b540ac-241d-462a-a56c-509e92928066:c2960]
2019-08-20 22:34:32,871 | INFO  | DNAudit | user=null | ip=null | op=WRITE_CHUNK {blockData=conID: 1 locID: 102651689228501537 bcsId: 0} | ret=SUCCESS |  
2019-08-20 22:34:32,871 | INFO  | DNAudit | user=null | ip=null | op=WRITE_CHUNK {blockData=conID: 1 locID: 102651689228501537 bcsId: 0} | ret=SUCCESS |  
2019-08-20 22:34:32,871 | INFO  | DNAudit | user=null | ip=null | op=PUT_BLOCK {blockData=[blockId=conID: 1 locID: 102651689228501537 bcsId: 0,size=2097152]} | ret=SUCCESS |  
2019-08-20 22:34:32,871 | INFO  | DNAudit | user=null | ip=null | op=PUT_BLOCK {blockData=[blockId=conID: 1 locID: 102651689228501537 bcsId: 0,size=2097152]} | ret=SUCCESS |  
2019-08-20 22:34:32,876 | INFO  | DNAudit | user=null | ip=null | op=WRITE_CHUNK {blockData=conID: 1 locID: 102651689228501537 bcsId: 2962} | ret=SUCCESS |  
2019-08-20 22:34:32,878 | INFO  | DNAudit | user=null | ip=null | op=WRITE_CHUNK {blockData=conID: 1 locID: 102651689228501537 bcsId: 2962} | ret=SUCCESS |  
2019-08-20 22:34:32,878 | INFO  | DNAudit | user=null | ip=null | op=WRITE_CHUNK {blockData=conID: 1 locID: 102651689228501537 bcsId: 2962} | ret=SUCCESS |  
2019-08-20 22:34:32,916 | INFO  | DNAudit | user=null | ip=null | op=WRITE_CHUNK {blockData=conID: 1 locID: 102651689228501537 bcsId: 2962} | ret=SUCCESS |  
2019-08-20 22:34:32,917 | INFO  | DNAudit | user=null | ip=null | op=PUT_BLOCK {blockData=[blockId=conID: 1 locID: 102651689228501537 bcsId: 0,size=3145728]} | ret=SUCCESS |  
2019-08-20 22:34:32,917 [grpc-default-executor-1] INFO  client.GrpcClientProtocolClient (GrpcClientProtocolClient.java:onNext(255)) - client-391BA870FC40->947ec526-030f-41cc-8af7-a6f75e712ab0: receive RaftClientReply:client-391BA870FC40->947ec526-030f-41cc-8af7-a6f75e712ab0@group-5D45C35602B2, cid=2019, SUCCESS, logIndex=2967, commits[947ec526-030f-41cc-8af7-a6f75e712ab0:c2968, c447b9b6-dde2-4ce7-aa81-d0e2eddc8fe9:c2966, 28b540ac-241d-462a-a56c-509e92928066:c2966]
2019-08-20 22:34:32,918 [grpc-default-executor-1] INFO  client.GrpcClientProtocolClient (GrpcClientProtocolClient.java:onNext(255)) - client-391BA870FC40->947ec526-030f-41cc-8af7-a6f75e712ab0: receive RaftClientReply:client-391BA870FC40->947ec526-030f-41cc-8af7-a6f75e712ab0@group-5D45C35602B2, cid=2020, SUCCESS, logIndex=2968, commits[947ec526-030f-41cc-8af7-a6f75e712ab0:c2968, c447b9b6-dde2-4ce7-aa81-d0e2eddc8fe9:c2966, 28b540ac-241d-462a-a56c-509e92928066:c2966]
2019-08-20 22:34:32,925 | INFO  | DNAudit | user=null | ip=null | op=WRITE_CHUNK {blockData=conID: 1 locID: 102651689228501537 bcsId: 2968} | ret=SUCCESS |  
2019-08-20 22:34:32,926 | INFO  | DNAudit | user=null | ip=null | op=WRITE_CHUNK {blockData=conID: 1 locID: 102651689228501537 bcsId: 2968} | ret=SUCCESS |  
2019-08-20 22:34:32,927 | INFO  | DNAudit | user=null | ip=null | op=WRITE_CHUNK {blockData=conID: 1 locID: 102651689228501537 bcsId: 2968} | ret=SUCCESS |  
2019-08-20 22:34:32,928 | INFO  | DNAudit | user=null | ip=null | op=WRITE_CHUNK {blockData=conID: 1 locID: 102651689228501537 bcsId: 2962} | ret=SUCCESS |  
2019-08-20 22:34:32,928 | INFO  | DNAudit | user=null | ip=null | op=WRITE_CHUNK {blockData=conID: 1 locID: 102651689228501537 bcsId: 2962} | ret=SUCCESS |  
2019-08-20 22:34:32,929 | INFO  | DNAudit | user=null | ip=null | op=PUT_BLOCK {blockData=[blockId=conID: 1 locID: 102651689228501537 bcsId: 0,size=3145728]} | ret=SUCCESS |  
2019-08-20 22:34:32,929 | INFO  | DNAudit | user=null | ip=null | op=PUT_BLOCK {blockData=[blockId=conID: 1 locID: 102651689228501537 bcsId: 0,size=3145728]} | ret=SUCCESS |  
2019-08-20 22:34:32,930 | INFO  | DNAudit | user=null | ip=null | op=WRITE_CHUNK {blockData=conID: 1 locID: 102651689228501537 bcsId: 2968} | ret=SUCCESS |  
2019-08-20 22:34:32,930 | INFO  | DNAudit | user=null | ip=null | op=PUT_BLOCK {blockData=[blockId=conID: 1 locID: 102651689228501537 bcsId: 0,size=4194304]} | ret=SUCCESS |  
2019-08-20 22:34:32,930 [grpc-default-executor-2] INFO  client.GrpcClientProtocolClient (GrpcClientProtocolClient.java:onNext(255)) - client-391BA870FC40->947ec526-030f-41cc-8af7-a6f75e712ab0: receive RaftClientReply:client-391BA870FC40->947ec526-030f-41cc-8af7-a6f75e712ab0@group-5D45C35602B2, cid=2021, SUCCESS, logIndex=2971, commits[947ec526-030f-41cc-8af7-a6f75e712ab0:c2972, c447b9b6-dde2-4ce7-aa81-d0e2eddc8fe9:c2968, 28b540ac-241d-462a-a56c-509e92928066:c2968]
2019-08-20 22:34:32,931 [grpc-default-executor-2] INFO  client.GrpcClientProtocolClient (GrpcClientProtocolClient.java:onNext(255)) - client-391BA870FC40->947ec526-030f-41cc-8af7-a6f75e712ab0: receive RaftClientReply:client-391BA870FC40->947ec526-030f-41cc-8af7-a6f75e712ab0@group-5D45C35602B2, cid=2022, SUCCESS, logIndex=2972, commits[947ec526-030f-41cc-8af7-a6f75e712ab0:c2972, c447b9b6-dde2-4ce7-aa81-d0e2eddc8fe9:c2968, 28b540ac-241d-462a-a56c-509e92928066:c2968]
2019-08-20 22:34:32,941 | INFO  | DNAudit | user=null | ip=null | op=WRITE_CHUNK {blockData=conID: 1 locID: 102651689228501537 bcsId: 2968} | ret=SUCCESS |  
2019-08-20 22:34:32,941 | INFO  | DNAudit | user=null | ip=null | op=WRITE_CHUNK {blockData=conID: 1 locID: 102651689228501537 bcsId: 2968} | ret=SUCCESS |  
2019-08-20 22:34:32,944 | INFO  | DNAudit | user=null | ip=null | op=PUT_BLOCK {blockData=[blockId=conID: 1 locID: 102651689228501537 bcsId: 0,size=4194304]} | ret=SUCCESS |  
2019-08-20 22:34:32,944 | INFO  | DNAudit | user=null | ip=null | op=PUT_BLOCK {blockData=[blockId=conID: 1 locID: 102651689228501537 bcsId: 0,size=4194304]} | ret=SUCCESS |  
2019-08-20 22:34:32,944 [grpc-default-executor-2] INFO  client.GrpcClientProtocolClient (GrpcClientProtocolClient.java:onNext(255)) - client-391BA870FC40->947ec526-030f-41cc-8af7-a6f75e712ab0: receive RaftClientReply:client-391BA870FC40->947ec526-030f-41cc-8af7-a6f75e712ab0@group-5D45C35602B2, cid=2023, SUCCESS, logIndex=0, commits[947ec526-030f-41cc-8af7-a6f75e712ab0:c2973, c447b9b6-dde2-4ce7-aa81-d0e2eddc8fe9:c2972, 28b540ac-241d-462a-a56c-509e92928066:c2972]
2019-08-20 22:34:32,949 | INFO  | SCMAudit | user=jenkins1000 | ip=192.168.5.142 | op=ALLOCATE_BLOCK {owner=6f694d07-2a2f-44d9-8e1c-aaa094a2f647, size=4194304, type=RATIS, factor=THREE} | ret=SUCCESS |  
2019-08-20 22:34:32,952 | INFO  | OMAudit | user=jenkins1000 | ip=127.0.0.1 | op=ALLOCATE_BLOCK {volume=vol-0-80747, bucket=bucket-0-27686, key=key-0-47435, dataSize=0, replicationType=null, replicationFactor=null, keyLocationInfo=null, clientID=102651687805452690} | ret=SUCCESS |  
2019-08-20 22:34:32,958 | INFO  | DNAudit | user=null | ip=null | op=WRITE_CHUNK {blockData=conID: 2 locID: 102651689235186210 bcsId: 0} | ret=SUCCESS |  
2019-08-20 22:34:32,960 | INFO  | DNAudit | user=null | ip=null | op=WRITE_CHUNK {blockData=conID: 2 locID: 102651689235186210 bcsId: 0} | ret=SUCCESS |  
2019-08-20 22:34:32,961 | INFO  | DNAudit | user=null | ip=null | op=WRITE_CHUNK {blockData=conID: 2 locID: 102651689235186210 bcsId: 0} | ret=SUCCESS |  
2019-08-20 22:34:32,962 | INFO  | DNAudit | user=null | ip=null | op=WRITE_CHUNK {blockData=conID: 2 locID: 102651689235186210 bcsId: 0} | ret=SUCCESS |  
2019-08-20 22:34:32,963 | INFO  | DNAudit | user=null | ip=null | op=WRITE_CHUNK {blockData=conID: 2 locID: 102651689235186210 bcsId: 0} | ret=SUCCESS |  
2019-08-20 22:34:32,964 | INFO  | DNAudit | user=null | ip=null | op=WRITE_CHUNK {blockData=conID: 2 locID: 102651689235186210 bcsId: 0} | ret=SUCCESS |  
2019-08-20 22:34:32,964 | INFO  | DNAudit | user=null | ip=null | op=WRITE_CHUNK {blockData=conID: 2 locID: 102651689235186210 bcsId: 0} | ret=SUCCESS |  
2019-08-20 22:34:32,965 | INFO  | DNAudit | user=null | ip=null | op=PUT_BLOCK {blockData=[blockId=conID: 2 locID: 102651689235186210 bcsId: 0,size=1048576]} | ret=SUCCESS |  
2019-08-20 22:34:32,965 [grpc-default-executor-2] INFO  client.GrpcClientProtocolClient (GrpcClientProtocolClient.java:onNext(255)) - client-391BA870FC40->947ec526-030f-41cc-8af7-a6f75e712ab0: receive RaftClientReply:client-391BA870FC40->947ec526-030f-41cc-8af7-a6f75e712ab0@group-5D45C35602B2, cid=2024, SUCCESS, logIndex=2975, commits[947ec526-030f-41cc-8af7-a6f75e712ab0:c2976, c447b9b6-dde2-4ce7-aa81-d0e2eddc8fe9:c2974, 28b540ac-241d-462a-a56c-509e92928066:c2974]
2019-08-20 22:34:32,965 | INFO  | DNAudit | user=null | ip=null | op=WRITE_CHUNK {blockData=conID: 2 locID: 102651689235186210 bcsId: 0} | ret=SUCCESS |  
2019-08-20 22:34:32,965 [grpc-default-executor-1] INFO  client.GrpcClientProtocolClient (GrpcClientProtocolClient.java:onNext(255)) - client-391BA870FC40->947ec526-030f-41cc-8af7-a6f75e712ab0: receive RaftClientReply:client-391BA870FC40->947ec526-030f-41cc-8af7-a6f75e712ab0@group-5D45C35602B2, cid=2025, SUCCESS, logIndex=2976, commits[947ec526-030f-41cc-8af7-a6f75e712ab0:c2976, c447b9b6-dde2-4ce7-aa81-d0e2eddc8fe9:c2974, 28b540ac-241d-462a-a56c-509e92928066:c2974]
2019-08-20 22:34:32,965 | INFO  | DNAudit | user=null | ip=null | op=PUT_BLOCK {blockData=[blockId=conID: 2 locID: 102651689235186210 bcsId: 0,size=2097152]} | ret=SUCCESS |  
2019-08-20 22:34:32,966 [grpc-default-executor-2] INFO  client.GrpcClientProtocolClient (GrpcClientProtocolClient.java:onNext(255)) - client-391BA870FC40->947ec526-030f-41cc-8af7-a6f75e712ab0: receive RaftClientReply:client-391BA870FC40->947ec526-030f-41cc-8af7-a6f75e712ab0@group-5D45C35602B2, cid=2026, SUCCESS, logIndex=2977, commits[947ec526-030f-41cc-8af7-a6f75e712ab0:c2978, c447b9b6-dde2-4ce7-aa81-d0e2eddc8fe9:c2974, 28b540ac-241d-462a-a56c-509e92928066:c2974]
2019-08-20 22:34:32,966 [grpc-default-executor-2] INFO  client.GrpcClientProtocolClient (GrpcClientProtocolClient.java:onNext(255)) - client-391BA870FC40->947ec526-030f-41cc-8af7-a6f75e712ab0: receive RaftClientReply:client-391BA870FC40->947ec526-030f-41cc-8af7-a6f75e712ab0@group-5D45C35602B2, cid=2027, SUCCESS, logIndex=2978, commits[947ec526-030f-41cc-8af7-a6f75e712ab0:c2978, c447b9b6-dde2-4ce7-aa81-d0e2eddc8fe9:c2974, 28b540ac-241d-462a-a56c-509e92928066:c2974]
2019-08-20 22:34:32,978 | INFO  | DNAudit | user=null | ip=null | op=WRITE_CHUNK {blockData=conID: 2 locID: 102651689235186210 bcsId: 0} | ret=SUCCESS |  
2019-08-20 22:34:32,978 | INFO  | DNAudit | user=null | ip=null | op=WRITE_CHUNK {blockData=conID: 2 locID: 102651689235186210 bcsId: 0} | ret=SUCCESS |  
2019-08-20 22:34:32,978 | INFO  | DNAudit | user=null | ip=null | op=PUT_BLOCK {blockData=[blockId=conID: 2 locID: 102651689235186210 bcsId: 0,size=1048576]} | ret=SUCCESS |  
2019-08-20 22:34:32,978 | INFO  | DNAudit | user=null | ip=null | op=PUT_BLOCK {blockData=[blockId=conID: 2 locID: 102651689235186210 bcsId: 0,size=1048576]} | ret=SUCCESS |  
2019-08-20 22:34:32,978 | INFO  | DNAudit | user=null | ip=null | op=WRITE_CHUNK {blockData=conID: 2 locID: 102651689235186210 bcsId: 0} | ret=SUCCESS |  
2019-08-20 22:34:32,978 | INFO  | DNAudit | user=null | ip=null | op=PUT_BLOCK {blockData=[blockId=conID: 2 locID: 102651689235186210 bcsId: 0,size=2097152]} | ret=SUCCESS |  
2019-08-20 22:34:32,978 [grpc-default-executor-1] INFO  client.GrpcClientProtocolClient (GrpcClientProtocolClient.java:onNext(255)) - client-391BA870FC40->947ec526-030f-41cc-8af7-a6f75e712ab0: receive RaftClientReply:client-391BA870FC40->947ec526-030f-41cc-8af7-a6f75e712ab0@group-5D45C35602B2, cid=2028, SUCCESS, logIndex=0, commits[947ec526-030f-41cc-8af7-a6f75e712ab0:c2980, c447b9b6-dde2-4ce7-aa81-d0e2eddc8fe9:c2976, 28b540ac-241d-462a-a56c-509e92928066:c2976]
2019-08-20 22:34:32,979 | INFO  | DNAudit | user=null | ip=null | op=WRITE_CHUNK {blockData=conID: 2 locID: 102651689235186210 bcsId: 0} | ret=SUCCESS |  
2019-08-20 22:34:32,979 | INFO  | DNAudit | user=null | ip=null | op=PUT_BLOCK {blockData=[blockId=conID: 2 locID: 102651689235186210 bcsId: 0,size=2097152]} | ret=SUCCESS |  
2019-08-20 22:34:32,984 | INFO  | DNAudit | user=null | ip=null | op=WRITE_CHUNK {blockData=conID: 2 locID: 102651689235186210 bcsId: 2978} | ret=SUCCESS |  
2019-08-20 22:34:32,986 | INFO  | DNAudit | user=null | ip=null | op=WRITE_CHUNK {blockData=conID: 2 locID: 102651689235186210 bcsId: 2978} | ret=SUCCESS |  
2019-08-20 22:34:32,986 | INFO  | DNAudit | user=null | ip=null | op=WRITE_CHUNK {blockData=conID: 2 locID: 102651689235186210 bcsId: 2978} | ret=SUCCESS |  
2019-08-20 22:34:32,997 | INFO  | DNAudit | user=null | ip=null | op=WRITE_CHUNK {blockData=conID: 2 locID: 102651689235186210 bcsId: 2978} | ret=SUCCESS |  
2019-08-20 22:34:32,997 | INFO  | DNAudit | user=null | ip=null | op=PUT_BLOCK {blockData=[blockId=conID: 2 locID: 102651689235186210 bcsId: 0,size=3145728]} | ret=SUCCESS |  
2019-08-20 22:34:32,998 [grpc-default-executor-2] INFO  client.GrpcClientProtocolClient (GrpcClientProtocolClient.java:onNext(255)) - client-391BA870FC40->947ec526-030f-41cc-8af7-a6f75e712ab0: receive RaftClientReply:client-391BA870FC40->947ec526-030f-41cc-8af7-a6f75e712ab0@group-5D45C35602B2, cid=2029, SUCCESS, logIndex=2983, commits[947ec526-030f-41cc-8af7-a6f75e712ab0:c2984, c447b9b6-dde2-4ce7-aa81-d0e2eddc8fe9:c2982, 28b540ac-241d-462a-a56c-509e92928066:c2982]
2019-08-20 22:34:32,998 [grpc-default-executor-2] INFO  client.GrpcClientProtocolClient (GrpcClientProtocolClient.java:onNext(255)) - client-391BA870FC40->947ec526-030f-41cc-8af7-a6f75e712ab0: receive RaftClientReply:client-391BA870FC40->947ec526-030f-41cc-8af7-a6f75e712ab0@group-5D45C35602B2, cid=2030, SUCCESS, logIndex=2984, commits[947ec526-030f-41cc-8af7-a6f75e712ab0:c2984, c447b9b6-dde2-4ce7-aa81-d0e2eddc8fe9:c2982, 28b540ac-241d-462a-a56c-509e92928066:c2982]
2019-08-20 22:34:33,004 | INFO  | DNAudit | user=null | ip=null | op=WRITE_CHUNK {blockData=conID: 2 locID: 102651689235186210 bcsId: 2984} | ret=SUCCESS |  
2019-08-20 22:34:33,006 | INFO  | DNAudit | user=null | ip=null | op=WRITE_CHUNK {blockData=conID: 2 locID: 102651689235186210 bcsId: 2984} | ret=SUCCESS |  
2019-08-20 22:34:33,006 | INFO  | DNAudit | user=null | ip=null | op=WRITE_CHUNK {blockData=conID: 2 locID: 102651689235186210 bcsId: 2984} | ret=SUCCESS |  
2019-08-20 22:34:33,009 | INFO  | DNAudit | user=null | ip=null | op=WRITE_CHUNK {blockData=conID: 2 locID: 102651689235186210 bcsId: 2978} | ret=SUCCESS |  
2019-08-20 22:34:33,009 | INFO  | DNAudit | user=null | ip=null | op=WRITE_CHUNK {blockData=conID: 2 locID: 102651689235186210 bcsId: 2978} | ret=SUCCESS |  
2019-08-20 22:34:33,011 | INFO  | DNAudit | user=null | ip=null | op=PUT_BLOCK {blockData=[blockId=conID: 2 locID: 102651689235186210 bcsId: 0,size=3145728]} | ret=SUCCESS |  
2019-08-20 22:34:33,011 | INFO  | DNAudit | user=null | ip=null | op=PUT_BLOCK {blockData=[blockId=conID: 2 locID: 102651689235186210 bcsId: 0,size=3145728]} | ret=SUCCESS |  
2019-08-20 22:34:33,012 | INFO  | DNAudit | user=null | ip=null | op=WRITE_CHUNK {blockData=conID: 2 locID: 102651689235186210 bcsId: 2984} | ret=SUCCESS |  
2019-08-20 22:34:33,012 | INFO  | DNAudit | user=null | ip=null | op=PUT_BLOCK {blockData=[blockId=conID: 2 locID: 102651689235186210 bcsId: 0,size=4194304]} | ret=SUCCESS |  
2019-08-20 22:34:33,012 [grpc-default-executor-1] INFO  client.GrpcClientProtocolClient (GrpcClientProtocolClient.java:onNext(255)) - client-391BA870FC40->947ec526-030f-41cc-8af7-a6f75e712ab0: receive RaftClientReply:client-391BA870FC40->947ec526-030f-41cc-8af7-a6f75e712ab0@group-5D45C35602B2, cid=2031, SUCCESS, logIndex=2987, commits[947ec526-030f-41cc-8af7-a6f75e712ab0:c2988, c447b9b6-dde2-4ce7-aa81-d0e2eddc8fe9:c2984, 28b540ac-241d-462a-a56c-509e92928066:c2984]
2019-08-20 22:34:33,013 [grpc-default-executor-1] INFO  client.GrpcClientProtocolClient (GrpcClientProtocolClient.java:onNext(255)) - client-391BA870FC40->947ec526-030f-41cc-8af7-a6f75e712ab0: receive RaftClientReply:client-391BA870FC40->947ec526-030f-41cc-8af7-a6f75e712ab0@group-5D45C35602B2, cid=2032, SUCCESS, logIndex=2988, commits[947ec526-030f-41cc-8af7-a6f75e712ab0:c2988, c447b9b6-dde2-4ce7-aa81-d0e2eddc8fe9:c2984, 28b540ac-241d-462a-a56c-509e92928066:c2984]
2019-08-20 22:34:33,024 | INFO  | DNAudit | user=null | ip=null | op=WRITE_CHUNK {blockData=conID: 2 locID: 102651689235186210 bcsId: 2984} | ret=SUCCESS |  
2019-08-20 22:34:33,024 | INFO  | DNAudit | user=null | ip=null | op=WRITE_CHUNK {blockData=conID: 2 locID: 102651689235186210 bcsId: 2984} | ret=SUCCESS |  
2019-08-20 22:34:33,024 | INFO  | DNAudit | user=null | ip=null | op=PUT_BLOCK {blockData=[blockId=conID: 2 locID: 102651689235186210 bcsId: 0,size=4194304]} | ret=SUCCESS |  
2019-08-20 22:34:33,024 | INFO  | DNAudit | user=null | ip=null | op=PUT_BLOCK {blockData=[blockId=conID: 2 locID: 102651689235186210 bcsId: 0,size=4194304]} | ret=SUCCESS |  
2019-08-20 22:34:33,024 [grpc-default-executor-1] INFO  client.GrpcClientProtocolClient (GrpcClientProtocolClient.java:onNext(255)) - client-391BA870FC40->947ec526-030f-41cc-8af7-a6f75e712ab0: receive RaftClientReply:client-391BA870FC40->947ec526-030f-41cc-8af7-a6f75e712ab0@group-5D45C35602B2, cid=2033, SUCCESS, logIndex=0, commits[947ec526-030f-41cc-8af7-a6f75e712ab0:c2989, c447b9b6-dde2-4ce7-aa81-d0e2eddc8fe9:c2988, 28b540ac-241d-462a-a56c-509e92928066:c2988]
2019-08-20 22:34:33,029 | INFO  | SCMAudit | user=jenkins1000 | ip=192.168.5.142 | op=ALLOCATE_BLOCK {owner=6f694d07-2a2f-44d9-8e1c-aaa094a2f647, size=4194304, type=RATIS, factor=THREE} | ret=SUCCESS |  
2019-08-20 22:34:33,032 | INFO  | OMAudit | user=jenkins1000 | ip=127.0.0.1 | op=ALLOCATE_BLOCK {volume=vol-0-80747, bucket=bucket-0-27686, key=key-0-47435, dataSize=0, replicationType=null, replicationFactor=null, keyLocationInfo=null, clientID=102651687805452690} | ret=SUCCESS |  
2019-08-20 22:34:33,039 | INFO  | DNAudit | user=null | ip=null | op=WRITE_CHUNK {blockData=conID: 3 locID: 102651689240429091 bcsId: 0} | ret=SUCCESS |  
2019-08-20 22:34:33,041 | INFO  | DNAudit | user=null | ip=null | op=WRITE_CHUNK {blockData=conID: 3 locID: 102651689240429091 bcsId: 0} | ret=SUCCESS |  
2019-08-20 22:34:33,041 | INFO  | DNAudit | user=null | ip=null | op=WRITE_CHUNK {blockData=conID: 3 locID: 102651689240429091 bcsId: 0} | ret=SUCCESS |  
2019-08-20 22:34:33,041 | INFO  | DNAudit | user=null | ip=null | op=WRITE_CHUNK {blockData=conID: 3 locID: 102651689240429091 bcsId: 0} | ret=SUCCESS |  
2019-08-20 22:34:33,042 | INFO  | DNAudit | user=null | ip=null | op=WRITE_CHUNK {blockData=conID: 3 locID: 102651689240429091 bcsId: 0} | ret=SUCCESS |  
2019-08-20 22:34:33,042 | INFO  | DNAudit | user=null | ip=null | op=WRITE_CHUNK {blockData=conID: 3 locID: 102651689240429091 bcsId: 0} | ret=SUCCESS |  
2019-08-20 22:34:33,053 | INFO  | DNAudit | user=null | ip=null | op=WRITE_CHUNK {blockData=conID: 3 locID: 102651689240429091 bcsId: 0} | ret=SUCCESS |  
2019-08-20 22:34:33,053 | INFO  | DNAudit | user=null | ip=null | op=PUT_BLOCK {blockData=[blockId=conID: 3 locID: 102651689240429091 bcsId: 0,size=1048576]} | ret=SUCCESS |  
2019-08-20 22:34:33,053 | INFO  | DNAudit | user=null | ip=null | op=WRITE_CHUNK {blockData=conID: 3 locID: 102651689240429091 bcsId: 0} | ret=SUCCESS |  
2019-08-20 22:34:33,053 [grpc-default-executor-2] INFO  client.GrpcClientProtocolClient (GrpcClientProtocolClient.java:onNext(255)) - client-391BA870FC40->947ec526-030f-41cc-8af7-a6f75e712ab0: receive RaftClientReply:client-391BA870FC40->947ec526-030f-41cc-8af7-a6f75e712ab0@group-5D45C35602B2, cid=2034, SUCCESS, logIndex=2991, commits[947ec526-030f-41cc-8af7-a6f75e712ab0:c2992, c447b9b6-dde2-4ce7-aa81-d0e2eddc8fe9:c2990, 28b540ac-241d-462a-a56c-509e92928066:c2990]
2019-08-20 22:34:33,054 | INFO  | DNAudit | user=null | ip=null | op=PUT_BLOCK {blockData=[blockId=conID: 3 locID: 102651689240429091 bcsId: 0,size=2097152]} | ret=SUCCESS |  
2019-08-20 22:34:33,054 [grpc-default-executor-2] INFO  client.GrpcClientProtocolClient (GrpcClientProtocolClient.java:onNext(255)) - client-391BA870FC40->947ec526-030f-41cc-8af7-a6f75e712ab0: receive RaftClientReply:client-391BA870FC40->947ec526-030f-41cc-8af7-a6f75e712ab0@group-5D45C35602B2, cid=2035, SUCCESS, logIndex=2992, commits[947ec526-030f-41cc-8af7-a6f75e712ab0:c2994, c447b9b6-dde2-4ce7-aa81-d0e2eddc8fe9:c2990, 28b540ac-241d-462a-a56c-509e92928066:c2990]
2019-08-20 22:34:33,054 [grpc-default-executor-2] INFO  client.GrpcClientProtocolClient (GrpcClientProtocolClient.java:onNext(255)) - client-391BA870FC40->947ec526-030f-41cc-8af7-a6f75e712ab0: receive RaftClientReply:client-391BA870FC40->947ec526-030f-41cc-8af7-a6f75e712ab0@group-5D45C35602B2, cid=2036, SUCCESS, logIndex=2993, commits[947ec526-030f-41cc-8af7-a6f75e712ab0:c2994, c447b9b6-dde2-4ce7-aa81-d0e2eddc8fe9:c2990, 28b540ac-241d-462a-a56c-509e92928066:c2990]
2019-08-20 22:34:33,054 | INFO  | DNAudit | user=null | ip=null | op=WRITE_CHUNK {blockData=conID: 3 locID: 102651689240429091 bcsId: 0} | ret=SUCCESS |  
2019-08-20 22:34:33,054 [grpc-default-executor-2] INFO  client.GrpcClientProtocolClient (GrpcClientProtocolClient.java:onNext(255)) - client-391BA870FC40->947ec526-030f-41cc-8af7-a6f75e712ab0: receive RaftClientReply:client-391BA870FC40->947ec526-030f-41cc-8af7-a6f75e712ab0@group-5D45C35602B2, cid=2037, SUCCESS, logIndex=2994, commits[947ec526-030f-41cc-8af7-a6f75e712ab0:c2994, c447b9b6-dde2-4ce7-aa81-d0e2eddc8fe9:c2990, 28b540ac-241d-462a-a56c-509e92928066:c2990]
2019-08-20 22:34:33,054 | INFO  | DNAudit | user=null | ip=null | op=PUT_BLOCK {blockData=[blockId=conID: 3 locID: 102651689240429091 bcsId: 0,size=1048576]} | ret=SUCCESS |  
2019-08-20 22:34:33,057 | INFO  | DNAudit | user=null | ip=null | op=WRITE_CHUNK {blockData=conID: 3 locID: 102651689240429091 bcsId: 0} | ret=SUCCESS |  
2019-08-20 22:34:33,057 | INFO  | DNAudit | user=null | ip=null | op=PUT_BLOCK {blockData=[blockId=conID: 3 locID: 102651689240429091 bcsId: 0,size=1048576]} | ret=SUCCESS |  
2019-08-20 22:34:33,057 [grpc-default-executor-2] INFO  client.GrpcClientProtocolClient (GrpcClientProtocolClient.java:onNext(255)) - client-391BA870FC40->947ec526-030f-41cc-8af7-a6f75e712ab0: receive RaftClientReply:client-391BA870FC40->947ec526-030f-41cc-8af7-a6f75e712ab0@group-5D45C35602B2, cid=2038, SUCCESS, logIndex=0, commits[947ec526-030f-41cc-8af7-a6f75e712ab0:c2996, c447b9b6-dde2-4ce7-aa81-d0e2eddc8fe9:c2992, 28b540ac-241d-462a-a56c-509e92928066:c2992]
2019-08-20 22:34:33,063 | INFO  | DNAudit | user=null | ip=null | op=WRITE_CHUNK {blockData=conID: 3 locID: 102651689240429091 bcsId: 2994} | ret=SUCCESS |  
2019-08-20 22:34:33,064 | INFO  | DNAudit | user=null | ip=null | op=WRITE_CHUNK {blockData=conID: 3 locID: 102651689240429091 bcsId: 2994} | ret=SUCCESS |  
2019-08-20 22:34:33,065 | INFO  | DNAudit | user=null | ip=null | op=WRITE_CHUNK {blockData=conID: 3 locID: 102651689240429091 bcsId: 2994} | ret=SUCCESS |  
2019-08-20 22:34:33,068 | INFO  | DNAudit | user=null | ip=null | op=WRITE_CHUNK {blockData=conID: 3 locID: 102651689240429091 bcsId: 0} | ret=SUCCESS |  
2019-08-20 22:34:33,068 | INFO  | DNAudit | user=null | ip=null | op=PUT_BLOCK {blockData=[blockId=conID: 3 locID: 102651689240429091 bcsId: 0,size=2097152]} | ret=SUCCESS |  
2019-08-20 22:34:33,068 | INFO  | DNAudit | user=null | ip=null | op=WRITE_CHUNK {blockData=conID: 3 locID: 102651689240429091 bcsId: 0} | ret=SUCCESS |  
2019-08-20 22:34:33,068 | INFO  | DNAudit | user=null | ip=null | op=PUT_BLOCK {blockData=[blockId=conID: 3 locID: 102651689240429091 bcsId: 0,size=2097152]} | ret=SUCCESS |  
2019-08-20 22:34:33,069 | INFO  | DNAudit | user=null | ip=null | op=WRITE_CHUNK {blockData=conID: 3 locID: 102651689240429091 bcsId: 2994} | ret=SUCCESS |  
2019-08-20 22:34:33,069 | INFO  | DNAudit | user=null | ip=null | op=PUT_BLOCK {blockData=[blockId=conID: 3 locID: 102651689240429091 bcsId: 0,size=3145728]} | ret=SUCCESS |  
2019-08-20 22:34:33,069 [grpc-default-executor-2] INFO  client.GrpcClientProtocolClient (GrpcClientProtocolClient.java:onNext(255)) - client-391BA870FC40->947ec526-030f-41cc-8af7-a6f75e712ab0: receive RaftClientReply:client-391BA870FC40->947ec526-030f-41cc-8af7-a6f75e712ab0@group-5D45C35602B2, cid=2039, SUCCESS, logIndex=2999, commits[947ec526-030f-41cc-8af7-a6f75e712ab0:c3000, c447b9b6-dde2-4ce7-aa81-d0e2eddc8fe9:c2994, 28b540ac-241d-462a-a56c-509e92928066:c2996]
2019-08-20 22:34:33,070 [grpc-default-executor-2] INFO  client.GrpcClientProtocolClient (GrpcClientProtocolClient.java:onNext(255)) - client-391BA870FC40->947ec526-030f-41cc-8af7-a6f75e712ab0: receive RaftClientReply:client-391BA870FC40->947ec526-030f-41cc-8af7-a6f75e712ab0@group-5D45C35602B2, cid=2040, SUCCESS, logIndex=3000, commits[947ec526-030f-41cc-8af7-a6f75e712ab0:c3000, c447b9b6-dde2-4ce7-aa81-d0e2eddc8fe9:c2994, 28b540ac-241d-462a-a56c-509e92928066:c2996]
2019-08-20 22:34:33,071 | INFO  | DNAudit | user=null | ip=null | op=WRITE_CHUNK {blockData=conID: 3 locID: 102651689240429091 bcsId: 2994} | ret=SUCCESS |  
2019-08-20 22:34:33,071 | INFO  | DNAudit | user=null | ip=null | op=WRITE_CHUNK {blockData=conID: 3 locID: 102651689240429091 bcsId: 2994} | ret=SUCCESS |  
2019-08-20 22:34:33,071 | INFO  | DNAudit | user=null | ip=null | op=PUT_BLOCK {blockData=[blockId=conID: 3 locID: 102651689240429091 bcsId: 0,size=3145728]} | ret=SUCCESS |  
2019-08-20 22:34:33,071 | INFO  | DNAudit | user=null | ip=null | op=PUT_BLOCK {blockData=[blockId=conID: 3 locID: 102651689240429091 bcsId: 0,size=3145728]} | ret=SUCCESS |  
2019-08-20 22:34:33,075 | INFO  | DNAudit | user=null | ip=null | op=WRITE_CHUNK {blockData=conID: 3 locID: 102651689240429091 bcsId: 3000} | ret=SUCCESS |  
2019-08-20 22:34:33,077 | INFO  | DNAudit | user=null | ip=null | op=WRITE_CHUNK {blockData=conID: 3 locID: 102651689240429091 bcsId: 3000} | ret=SUCCESS |  
2019-08-20 22:34:33,077 | INFO  | DNAudit | user=null | ip=null | op=WRITE_CHUNK {blockData=conID: 3 locID: 102651689240429091 bcsId: 3000} | ret=SUCCESS |  
2019-08-20 22:34:33,087 | INFO  | DNAudit | user=null | ip=null | op=WRITE_CHUNK {blockData=conID: 3 locID: 102651689240429091 bcsId: 3000} | ret=SUCCESS |  
2019-08-20 22:34:33,087 | INFO  | DNAudit | user=null | ip=null | op=PUT_BLOCK {blockData=[blockId=conID: 3 locID: 102651689240429091 bcsId: 0,size=4194304]} | ret=SUCCESS |  
2019-08-20 22:34:33,088 [grpc-default-executor-1] INFO  client.GrpcClientProtocolClient (GrpcClientProtocolClient.java:onNext(255)) - client-391BA870FC40->947ec526-030f-41cc-8af7-a6f75e712ab0: receive RaftClientReply:client-391BA870FC40->947ec526-030f-41cc-8af7-a6f75e712ab0@group-5D45C35602B2, cid=2041, SUCCESS, logIndex=3003, commits[947ec526-030f-41cc-8af7-a6f75e712ab0:c3004, c447b9b6-dde2-4ce7-aa81-d0e2eddc8fe9:c3002, 28b540ac-241d-462a-a56c-509e92928066:c3002]
2019-08-20 22:34:33,088 [grpc-default-executor-1] INFO  client.GrpcClientProtocolClient (GrpcClientProtocolClient.java:onNext(255)) - client-391BA870FC40->947ec526-030f-41cc-8af7-a6f75e712ab0: receive RaftClientReply:client-391BA870FC40->947ec526-030f-41cc-8af7-a6f75e712ab0@group-5D45C35602B2, cid=2042, SUCCESS, logIndex=3004, commits[947ec526-030f-41cc-8af7-a6f75e712ab0:c3004, c447b9b6-dde2-4ce7-aa81-d0e2eddc8fe9:c3002, 28b540ac-241d-462a-a56c-509e92928066:c3002]
2019-08-20 22:34:33,099 | INFO  | DNAudit | user=null | ip=null | op=WRITE_CHUNK {blockData=conID: 3 locID: 102651689240429091 bcsId: 3000} | ret=SUCCESS |  
2019-08-20 22:34:33,099 | INFO  | DNAudit | user=null | ip=null | op=WRITE_CHUNK {blockData=conID: 3 locID: 102651689240429091 bcsId: 3000} | ret=SUCCESS |  
2019-08-20 22:34:33,099 | INFO  | DNAudit | user=null | ip=null | op=PUT_BLOCK {blockData=[blockId=conID: 3 locID: 102651689240429091 bcsId: 0,size=4194304]} | ret=SUCCESS |  
2019-08-20 22:34:33,099 | INFO  | DNAudit | user=null | ip=null | op=PUT_BLOCK {blockData=[blockId=conID: 3 locID: 102651689240429091 bcsId: 0,size=4194304]} | ret=SUCCESS |  
2019-08-20 22:34:33,099 [grpc-default-executor-2] INFO  client.GrpcClientProtocolClient (GrpcClientProtocolClient.java:onNext(255)) - client-391BA870FC40->947ec526-030f-41cc-8af7-a6f75e712ab0: receive RaftClientReply:client-391BA870FC40->947ec526-030f-41cc-8af7-a6f75e712ab0@group-5D45C35602B2, cid=2043, SUCCESS, logIndex=0, commits[947ec526-030f-41cc-8af7-a6f75e712ab0:c3004, c447b9b6-dde2-4ce7-aa81-d0e2eddc8fe9:c3004, 28b540ac-241d-462a-a56c-509e92928066:c3004]
2019-08-20 22:34:33,103 | INFO  | SCMAudit | user=jenkins1000 | ip=192.168.5.142 | op=ALLOCATE_BLOCK {owner=6f694d07-2a2f-44d9-8e1c-aaa094a2f647, size=4194304, type=RATIS, factor=THREE} | ret=SUCCESS |  
2019-08-20 22:34:33,105 | INFO  | OMAudit | user=jenkins1000 | ip=127.0.0.1 | op=ALLOCATE_BLOCK {volume=vol-0-80747, bucket=bucket-0-27686, key=key-0-47435, dataSize=0, replicationType=null, replicationFactor=null, keyLocationInfo=null, clientID=102651687805452690} | ret=SUCCESS |  
2019-08-20 22:34:33,111 | INFO  | DNAudit | user=null | ip=null | op=WRITE_CHUNK {blockData=conID: 1 locID: 102651689245278756 bcsId: 0} | ret=SUCCESS |  
2019-08-20 22:34:33,113 | INFO  | DNAudit | user=null | ip=null | op=WRITE_CHUNK {blockData=conID: 1 locID: 102651689245278756 bcsId: 0} | ret=SUCCESS |  
2019-08-20 22:34:33,113 | INFO  | DNAudit | user=null | ip=null | op=WRITE_CHUNK {blockData=conID: 1 locID: 102651689245278756 bcsId: 0} | ret=SUCCESS |  
2019-08-20 22:34:33,113 | INFO  | DNAudit | user=null | ip=null | op=WRITE_CHUNK {blockData=conID: 1 locID: 102651689245278756 bcsId: 0} | ret=SUCCESS |  
2019-08-20 22:34:33,115 | INFO  | DNAudit | user=null | ip=null | op=WRITE_CHUNK {blockData=conID: 1 locID: 102651689245278756 bcsId: 0} | ret=SUCCESS |  
2019-08-20 22:34:33,115 | INFO  | DNAudit | user=null | ip=null | op=WRITE_CHUNK {blockData=conID: 1 locID: 102651689245278756 bcsId: 0} | ret=SUCCESS |  
2019-08-20 22:34:33,123 | INFO  | DNAudit | user=null | ip=null | op=WRITE_CHUNK {blockData=conID: 1 locID: 102651689245278756 bcsId: 0} | ret=SUCCESS |  
2019-08-20 22:34:33,123 | INFO  | DNAudit | user=null | ip=null | op=PUT_BLOCK {blockData=[blockId=conID: 1 locID: 102651689245278756 bcsId: 0,size=1048576]} | ret=SUCCESS |  
2019-08-20 22:34:33,123 [grpc-default-executor-4] INFO  client.GrpcClientProtocolClient (GrpcClientProtocolClient.java:onNext(255)) - client-391BA870FC40->947ec526-030f-41cc-8af7-a6f75e712ab0: receive RaftClientReply:client-391BA870FC40->947ec526-030f-41cc-8af7-a6f75e712ab0@group-5D45C35602B2, cid=2044, SUCCESS, logIndex=3007, commits[947ec526-030f-41cc-8af7-a6f75e712ab0:c3008, c447b9b6-dde2-4ce7-aa81-d0e2eddc8fe9:c3006, 28b540ac-241d-462a-a56c-509e92928066:c3006]
2019-08-20 22:34:33,124 [grpc-default-executor-4] INFO  client.GrpcClientProtocolClient (GrpcClientProtocolClient.java:onNext(255)) - client-391BA870FC40->947ec526-030f-41cc-8af7-a6f75e712ab0: receive RaftClientReply:client-391BA870FC40->947ec526-030f-41cc-8af7-a6f75e712ab0@group-5D45C35602B2, cid=2045, SUCCESS, logIndex=3008, commits[947ec526-030f-41cc-8af7-a6f75e712ab0:c3008, c447b9b6-dde2-4ce7-aa81-d0e2eddc8fe9:c3006, 28b540ac-241d-462a-a56c-509e92928066:c3006]
2019-08-20 22:34:33,125 | INFO  | DNAudit | user=null | ip=null | op=WRITE_CHUNK {blockData=conID: 1 locID: 102651689245278756 bcsId: 0} | ret=SUCCESS |  
2019-08-20 22:34:33,126 | INFO  | DNAudit | user=null | ip=null | op=PUT_BLOCK {blockData=[blockId=conID: 1 locID: 102651689245278756 bcsId: 0,size=2097152]} | ret=SUCCESS |  
2019-08-20 22:34:33,126 [grpc-default-executor-1] INFO  client.GrpcClientProtocolClient (GrpcClientProtocolClient.java:onNext(255)) - client-391BA870FC40->947ec526-030f-41cc-8af7-a6f75e712ab0: receive RaftClientReply:client-391BA870FC40->947ec526-030f-41cc-8af7-a6f75e712ab0@group-5D45C35602B2, cid=2046, SUCCESS, logIndex=3009, commits[947ec526-030f-41cc-8af7-a6f75e712ab0:c3010, c447b9b6-dde2-4ce7-aa81-d0e2eddc8fe9:c3006, 28b540ac-241d-462a-a56c-509e92928066:c3006]
2019-08-20 22:34:33,126 [grpc-default-executor-1] INFO  client.GrpcClientProtocolClient (GrpcClientProtocolClient.java:onNext(255)) - client-391BA870FC40->947ec526-030f-41cc-8af7-a6f75e712ab0: receive RaftClientReply:client-391BA870FC40->947ec526-030f-41cc-8af7-a6f75e712ab0@group-5D45C35602B2, cid=2047, SUCCESS, logIndex=3010, commits[947ec526-030f-41cc-8af7-a6f75e712ab0:c3010, c447b9b6-dde2-4ce7-aa81-d0e2eddc8fe9:c3006, 28b540ac-241d-462a-a56c-509e92928066:c3006]
2019-08-20 22:34:33,127 | INFO  | DNAudit | user=null | ip=null | op=WRITE_CHUNK {blockData=conID: 1 locID: 102651689245278756 bcsId: 0} | ret=SUCCESS |  
2019-08-20 22:34:33,127 | INFO  | DNAudit | user=null | ip=null | op=WRITE_CHUNK {blockData=conID: 1 locID: 102651689245278756 bcsId: 0} | ret=SUCCESS |  
2019-08-20 22:34:33,127 | INFO  | DNAudit | user=null | ip=null | op=PUT_BLOCK {blockData=[blockId=conID: 1 locID: 102651689245278756 bcsId: 0,size=1048576]} | ret=SUCCESS |  
2019-08-20 22:34:33,127 | INFO  | DNAudit | user=null | ip=null | op=PUT_BLOCK {blockData=[blockId=conID: 1 locID: 102651689245278756 bcsId: 0,size=1048576]} | ret=SUCCESS |  
2019-08-20 22:34:33,127 [grpc-default-executor-5] INFO  client.GrpcClientProtocolClient (GrpcClientProtocolClient.java:onNext(255)) - client-391BA870FC40->947ec526-030f-41cc-8af7-a6f75e712ab0: receive RaftClientReply:client-391BA870FC40->947ec526-030f-41cc-8af7-a6f75e712ab0@group-5D45C35602B2, cid=2048, SUCCESS, logIndex=0, commits[947ec526-030f-41cc-8af7-a6f75e712ab0:c3011, c447b9b6-dde2-4ce7-aa81-d0e2eddc8fe9:c3008, 28b540ac-241d-462a-a56c-509e92928066:c3008]
2019-08-20 22:34:33,132 | INFO  | DNAudit | user=null | ip=null | op=WRITE_CHUNK {blockData=conID: 1 locID: 102651689245278756 bcsId: 3010} | ret=SUCCESS |  
2019-08-20 22:34:33,135 | INFO  | DNAudit | user=null | ip=null | op=WRITE_CHUNK {blockData=conID: 1 locID: 102651689245278756 bcsId: 3010} | ret=SUCCESS |  
2019-08-20 22:34:33,135 | INFO  | DNAudit | user=null | ip=null | op=WRITE_CHUNK {blockData=conID: 1 locID: 102651689245278756 bcsId: 3010} | ret=SUCCESS |  
2019-08-20 22:34:33,139 | INFO  | DNAudit | user=null | ip=null | op=WRITE_CHUNK {blockData=conID: 1 locID: 102651689245278756 bcsId: 0} | ret=SUCCESS |  
2019-08-20 22:34:33,139 | INFO  | DNAudit | user=null | ip=null | op=WRITE_CHUNK {blockData=conID: 1 locID: 102651689245278756 bcsId: 0} | ret=SUCCESS |  
2019-08-20 22:34:33,139 | INFO  | DNAudit | user=null | ip=null | op=PUT_BLOCK {blockData=[blockId=conID: 1 locID: 102651689245278756 bcsId: 0,size=2097152]} | ret=SUCCESS |  
2019-08-20 22:34:33,139 | INFO  | DNAudit | user=null | ip=null | op=PUT_BLOCK {blockData=[blockId=conID: 1 locID: 102651689245278756 bcsId: 0,size=2097152]} | ret=SUCCESS |  
2019-08-20 22:34:33,141 | INFO  | DNAudit | user=null | ip=null | op=WRITE_CHUNK {blockData=conID: 1 locID: 102651689245278756 bcsId: 3010} | ret=SUCCESS |  
2019-08-20 22:34:33,142 | INFO  | DNAudit | user=null | ip=null | op=PUT_BLOCK {blockData=[blockId=conID: 1 locID: 102651689245278756 bcsId: 0,size=3145728]} | ret=SUCCESS |  
2019-08-20 22:34:33,142 [grpc-default-executor-4] INFO  client.GrpcClientProtocolClient (GrpcClientProtocolClient.java:onNext(255)) - client-391BA870FC40->947ec526-030f-41cc-8af7-a6f75e712ab0: receive RaftClientReply:client-391BA870FC40->947ec526-030f-41cc-8af7-a6f75e712ab0@group-5D45C35602B2, cid=2049, SUCCESS, logIndex=3015, commits[947ec526-030f-41cc-8af7-a6f75e712ab0:c3016, c447b9b6-dde2-4ce7-aa81-d0e2eddc8fe9:c3011, 28b540ac-241d-462a-a56c-509e92928066:c3011]
2019-08-20 22:34:33,142 [grpc-default-executor-4] INFO  client.GrpcClientProtocolClient (GrpcClientProtocolClient.java:onNext(255)) - client-391BA870FC40->947ec526-030f-41cc-8af7-a6f75e712ab0: receive RaftClientReply:client-391BA870FC40->947ec526-030f-41cc-8af7-a6f75e712ab0@group-5D45C35602B2, cid=2050, SUCCESS, logIndex=3016, commits[947ec526-030f-41cc-8af7-a6f75e712ab0:c3016, c447b9b6-dde2-4ce7-aa81-d0e2eddc8fe9:c3011, 28b540ac-241d-462a-a56c-509e92928066:c3011]
2019-08-20 22:34:33,147 | INFO  | DNAudit | user=null | ip=null | op=WRITE_CHUNK {blockData=conID: 1 locID: 102651689245278756 bcsId: 3016} | ret=SUCCESS |  
2019-08-20 22:34:33,149 | INFO  | DNAudit | user=null | ip=null | op=WRITE_CHUNK {blockData=conID: 1 locID: 102651689245278756 bcsId: 3016} | ret=SUCCESS |  
2019-08-20 22:34:33,149 | INFO  | DNAudit | user=null | ip=null | op=WRITE_CHUNK {blockData=conID: 1 locID: 102651689245278756 bcsId: 3016} | ret=SUCCESS |  
 0.00% |█                                                                                                    |  0/1 Time: 0:00:222019-08-20 22:34:33,175 | INFO  | DNAudit | user=null | ip=null | op=WRITE_CHUNK {blockData=conID: 1 locID: 102651689245278756 bcsId: 3010} | ret=SUCCESS |  
2019-08-20 22:34:33,175 | INFO  | DNAudit | user=null | ip=null | op=WRITE_CHUNK {blockData=conID: 1 locID: 102651689245278756 bcsId: 3010} | ret=SUCCESS |  
2019-08-20 22:34:33,176 | INFO  | SCMAudit | user=jenkins1000 | ip=192.168.5.142 | op=SEND_HEARTBEAT {datanodeUUID=c447b9b6-dde2-4ce7-aa81-d0e2eddc8fe9, command=[]} | ret=SUCCESS |  
2019-08-20 22:34:33,176 | INFO  | SCMAudit | user=jenkins1000 | ip=192.168.5.142 | op=SEND_HEARTBEAT {datanodeUUID=28b540ac-241d-462a-a56c-509e92928066, command=[]} | ret=SUCCESS |  
2019-08-20 22:34:33,176 | INFO  | SCMAudit | user=jenkins1000 | ip=192.168.5.142 | op=SEND_HEARTBEAT {datanodeUUID=eafd9314-3f13-422a-a2ac-adfcde2d7481, command=[]} | ret=SUCCESS |  
2019-08-20 22:34:33,176 | INFO  | SCMAudit | user=jenkins1000 | ip=192.168.5.142 | op=SEND_HEARTBEAT {datanodeUUID=947ec526-030f-41cc-8af7-a6f75e712ab0, command=[]} | ret=SUCCESS |  
2019-08-20 22:34:33,186 | INFO  | DNAudit | user=null | ip=null | op=PUT_BLOCK {blockData=[blockId=conID: 1 locID: 102651689245278756 bcsId: 0,size=3145728]} | ret=SUCCESS |  
2019-08-20 22:34:33,186 | INFO  | DNAudit | user=null | ip=null | op=WRITE_CHUNK {blockData=conID: 1 locID: 102651689245278756 bcsId: 3016} | ret=SUCCESS |  
2019-08-20 22:34:33,187 | INFO  | DNAudit | user=null | ip=null | op=PUT_BLOCK {blockData=[blockId=conID: 1 locID: 102651689245278756 bcsId: 0,size=3145728]} | ret=SUCCESS |  
2019-08-20 22:34:33,187 | INFO  | DNAudit | user=null | ip=null | op=PUT_BLOCK {blockData=[blockId=conID: 1 locID: 102651689245278756 bcsId: 0,size=4194304]} | ret=SUCCESS |  
2019-08-20 22:34:33,187 [grpc-default-executor-1] INFO  client.GrpcClientProtocolClient (GrpcClientProtocolClient.java:onNext(255)) - client-391BA870FC40->947ec526-030f-41cc-8af7-a6f75e712ab0: receive RaftClientReply:client-391BA870FC40->947ec526-030f-41cc-8af7-a6f75e712ab0@group-5D45C35602B2, cid=2051, SUCCESS, logIndex=3019, commits[947ec526-030f-41cc-8af7-a6f75e712ab0:c3020, c447b9b6-dde2-4ce7-aa81-d0e2eddc8fe9:c3016, 28b540ac-241d-462a-a56c-509e92928066:c3015]
2019-08-20 22:34:33,187 [grpc-default-executor-1] INFO  client.GrpcClientProtocolClient (GrpcClientProtocolClient.java:onNext(255)) - client-391BA870FC40->947ec526-030f-41cc-8af7-a6f75e712ab0: receive RaftClientReply:client-391BA870FC40->947ec526-030f-41cc-8af7-a6f75e712ab0@group-5D45C35602B2, cid=2052, SUCCESS, logIndex=3020, commits[947ec526-030f-41cc-8af7-a6f75e712ab0:c3020, c447b9b6-dde2-4ce7-aa81-d0e2eddc8fe9:c3016, 28b540ac-241d-462a-a56c-509e92928066:c3016]
2019-08-20 22:34:33,190 | INFO  | DNAudit | user=null | ip=null | op=WRITE_CHUNK {blockData=conID: 1 locID: 102651689245278756 bcsId: 3016} | ret=SUCCESS |  
2019-08-20 22:34:33,190 | INFO  | DNAudit | user=null | ip=null | op=WRITE_CHUNK {blockData=conID: 1 locID: 102651689245278756 bcsId: 3016} | ret=SUCCESS |  
2019-08-20 22:34:33,202 | INFO  | DNAudit | user=null | ip=null | op=PUT_BLOCK {blockData=[blockId=conID: 1 locID: 102651689245278756 bcsId: 0,size=4194304]} | ret=SUCCESS |  
2019-08-20 22:34:33,202 | INFO  | DNAudit | user=null | ip=null | op=PUT_BLOCK {blockData=[blockId=conID: 1 locID: 102651689245278756 bcsId: 0,size=4194304]} | ret=SUCCESS |  
2019-08-20 22:34:33,202 [grpc-default-executor-1] INFO  client.GrpcClientProtocolClient (GrpcClientProtocolClient.java:onNext(255)) - client-391BA870FC40->947ec526-030f-41cc-8af7-a6f75e712ab0: receive RaftClientReply:client-391BA870FC40->947ec526-030f-41cc-8af7-a6f75e712ab0@group-5D45C35602B2, cid=2053, SUCCESS, logIndex=0, commits[947ec526-030f-41cc-8af7-a6f75e712ab0:c3022, c447b9b6-dde2-4ce7-aa81-d0e2eddc8fe9:c3020, 28b540ac-241d-462a-a56c-509e92928066:c3020]
2019-08-20 22:34:33,207 | INFO  | SCMAudit | user=jenkins1000 | ip=192.168.5.142 | op=ALLOCATE_BLOCK {owner=6f694d07-2a2f-44d9-8e1c-aaa094a2f647, size=4194304, type=RATIS, factor=THREE} | ret=SUCCESS |  
2019-08-20 22:34:33,209 | INFO  | OMAudit | user=jenkins1000 | ip=127.0.0.1 | op=ALLOCATE_BLOCK {volume=vol-0-80747, bucket=bucket-0-27686, key=key-0-47435, dataSize=0, replicationType=null, replicationFactor=null, keyLocationInfo=null, clientID=102651687805452690} | ret=SUCCESS |  
2019-08-20 22:34:33,216 | INFO  | DNAudit | user=null | ip=null | op=WRITE_CHUNK {blockData=conID: 2 locID: 102651689252028965 bcsId: 0} | ret=SUCCESS |  
2019-08-20 22:34:33,219 | INFO  | DNAudit | user=null | ip=null | op=WRITE_CHUNK {blockData=conID: 2 locID: 102651689252028965 bcsId: 0} | ret=SUCCESS |  
2019-08-20 22:34:33,219 | INFO  | DNAudit | user=null | ip=null | op=WRITE_CHUNK {blockData=conID: 2 locID: 102651689252028965 bcsId: 0} | ret=SUCCESS |  
2019-08-20 22:34:33,219 | INFO  | DNAudit | user=null | ip=null | op=WRITE_CHUNK {blockData=conID: 2 locID: 102651689252028965 bcsId: 0} | ret=SUCCESS |  
2019-08-20 22:34:33,220 | INFO  | DNAudit | user=null | ip=null | op=WRITE_CHUNK {blockData=conID: 2 locID: 102651689252028965 bcsId: 0} | ret=SUCCESS |  
2019-08-20 22:34:33,221 | INFO  | DNAudit | user=null | ip=null | op=WRITE_CHUNK {blockData=conID: 2 locID: 102651689252028965 bcsId: 0} | ret=SUCCESS |  
2019-08-20 22:34:33,228 | INFO  | DNAudit | user=null | ip=null | op=WRITE_CHUNK {blockData=conID: 2 locID: 102651689252028965 bcsId: 0} | ret=SUCCESS |  
2019-08-20 22:34:33,228 | INFO  | DNAudit | user=null | ip=null | op=PUT_BLOCK {blockData=[blockId=conID: 2 locID: 102651689252028965 bcsId: 0,size=1048576]} | ret=SUCCESS |  
2019-08-20 22:34:33,228 [grpc-default-executor-3] INFO  client.GrpcClientProtocolClient (GrpcClientProtocolClient.java:onNext(255)) - client-391BA870FC40->947ec526-030f-41cc-8af7-a6f75e712ab0: receive RaftClientReply:client-391BA870FC40->947ec526-030f-41cc-8af7-a6f75e712ab0@group-5D45C35602B2, cid=2054, SUCCESS, logIndex=3023, commits[947ec526-030f-41cc-8af7-a6f75e712ab0:c3024, c447b9b6-dde2-4ce7-aa81-d0e2eddc8fe9:c3022, 28b540ac-241d-462a-a56c-509e92928066:c3022]
2019-08-20 22:34:33,228 [grpc-default-executor-3] INFO  client.GrpcClientProtocolClient (GrpcClientProtocolClient.java:onNext(255)) - client-391BA870FC40->947ec526-030f-41cc-8af7-a6f75e712ab0: receive RaftClientReply:client-391BA870FC40->947ec526-030f-41cc-8af7-a6f75e712ab0@group-5D45C35602B2, cid=2055, SUCCESS, logIndex=3024, commits[947ec526-030f-41cc-8af7-a6f75e712ab0:c3024, c447b9b6-dde2-4ce7-aa81-d0e2eddc8fe9:c3022, 28b540ac-241d-462a-a56c-509e92928066:c3022]
2019-08-20 22:34:33,230 | INFO  | DNAudit | user=null | ip=null | op=WRITE_CHUNK {blockData=conID: 2 locID: 102651689252028965 bcsId: 0} | ret=SUCCESS |  
2019-08-20 22:34:33,230 | INFO  | DNAudit | user=null | ip=null | op=PUT_BLOCK {blockData=[blockId=conID: 2 locID: 102651689252028965 bcsId: 0,size=2097152]} | ret=SUCCESS |  
2019-08-20 22:34:33,230 [grpc-default-executor-2] INFO  client.GrpcClientProtocolClient (GrpcClientProtocolClient.java:onNext(255)) - client-391BA870FC40->947ec526-030f-41cc-8af7-a6f75e712ab0: receive RaftClientReply:client-391BA870FC40->947ec526-030f-41cc-8af7-a6f75e712ab0@group-5D45C35602B2, cid=2056, SUCCESS, logIndex=3025, commits[947ec526-030f-41cc-8af7-a6f75e712ab0:c3026, c447b9b6-dde2-4ce7-aa81-d0e2eddc8fe9:c3022, 28b540ac-241d-462a-a56c-509e92928066:c3022]
2019-08-20 22:34:33,231 [grpc-default-executor-2] INFO  client.GrpcClientProtocolClient (GrpcClientProtocolClient.java:onNext(255)) - client-391BA870FC40->947ec526-030f-41cc-8af7-a6f75e712ab0: receive RaftClientReply:client-391BA870FC40->947ec526-030f-41cc-8af7-a6f75e712ab0@group-5D45C35602B2, cid=2057, SUCCESS, logIndex=3026, commits[947ec526-030f-41cc-8af7-a6f75e712ab0:c3026, c447b9b6-dde2-4ce7-aa81-d0e2eddc8fe9:c3022, 28b540ac-241d-462a-a56c-509e92928066:c3022]
2019-08-20 22:34:33,241 | INFO  | DNAudit | user=null | ip=null | op=WRITE_CHUNK {blockData=conID: 2 locID: 102651689252028965 bcsId: 0} | ret=SUCCESS |  
2019-08-20 22:34:33,242 | INFO  | DNAudit | user=null | ip=null | op=WRITE_CHUNK {blockData=conID: 2 locID: 102651689252028965 bcsId: 0} | ret=SUCCESS |  
2019-08-20 22:34:33,242 | INFO  | DNAudit | user=null | ip=null | op=PUT_BLOCK {blockData=[blockId=conID: 2 locID: 102651689252028965 bcsId: 0,size=1048576]} | ret=SUCCESS |  
2019-08-20 22:34:33,242 | INFO  | DNAudit | user=null | ip=null | op=PUT_BLOCK {blockData=[blockId=conID: 2 locID: 102651689252028965 bcsId: 0,size=1048576]} | ret=SUCCESS |  
2019-08-20 22:34:33,242 [grpc-default-executor-1] INFO  client.GrpcClientProtocolClient (GrpcClientProtocolClient.java:onNext(255)) - client-391BA870FC40->947ec526-030f-41cc-8af7-a6f75e712ab0: receive RaftClientReply:client-391BA870FC40->947ec526-030f-41cc-8af7-a6f75e712ab0@group-5D45C35602B2, cid=2058, SUCCESS, logIndex=0, commits[947ec526-030f-41cc-8af7-a6f75e712ab0:c3027, c447b9b6-dde2-4ce7-aa81-d0e2eddc8fe9:c3024, 28b540ac-241d-462a-a56c-509e92928066:c3024]
2019-08-20 22:34:33,243 | INFO  | DNAudit | user=null | ip=null | op=WRITE_CHUNK {blockData=conID: 2 locID: 102651689252028965 bcsId: 0} | ret=SUCCESS |  
2019-08-20 22:34:33,243 | INFO  | DNAudit | user=null | ip=null | op=PUT_BLOCK {blockData=[blockId=conID: 2 locID: 102651689252028965 bcsId: 0,size=2097152]} | ret=SUCCESS |  
2019-08-20 22:34:33,243 | INFO  | DNAudit | user=null | ip=null | op=WRITE_CHUNK {blockData=conID: 2 locID: 102651689252028965 bcsId: 0} | ret=SUCCESS |  
2019-08-20 22:34:33,243 | INFO  | DNAudit | user=null | ip=null | op=PUT_BLOCK {blockData=[blockId=conID: 2 locID: 102651689252028965 bcsId: 0,size=2097152]} | ret=SUCCESS |  
2019-08-20 22:34:33,247 | INFO  | DNAudit | user=null | ip=null | op=WRITE_CHUNK {blockData=conID: 2 locID: 102651689252028965 bcsId: 3026} | ret=SUCCESS |  
2019-08-20 22:34:33,249 | INFO  | DNAudit | user=null | ip=null | op=WRITE_CHUNK {blockData=conID: 2 locID: 102651689252028965 bcsId: 3026} | ret=SUCCESS |  
2019-08-20 22:34:33,249 | INFO  | DNAudit | user=null | ip=null | op=WRITE_CHUNK {blockData=conID: 2 locID: 102651689252028965 bcsId: 3026} | ret=SUCCESS |  
2019-08-20 22:34:33,260 | INFO  | DNAudit | user=null | ip=null | op=WRITE_CHUNK {blockData=conID: 2 locID: 102651689252028965 bcsId: 3026} | ret=SUCCESS |  
2019-08-20 22:34:33,260 | INFO  | DNAudit | user=null | ip=null | op=PUT_BLOCK {blockData=[blockId=conID: 2 locID: 102651689252028965 bcsId: 0,size=3145728]} | ret=SUCCESS |  
2019-08-20 22:34:33,260 [grpc-default-executor-2] INFO  client.GrpcClientProtocolClient (GrpcClientProtocolClient.java:onNext(255)) - client-391BA870FC40->947ec526-030f-41cc-8af7-a6f75e712ab0: receive RaftClientReply:client-391BA870FC40->947ec526-030f-41cc-8af7-a6f75e712ab0@group-5D45C35602B2, cid=2059, SUCCESS, logIndex=3031, commits[947ec526-030f-41cc-8af7-a6f75e712ab0:c3032, c447b9b6-dde2-4ce7-aa81-d0e2eddc8fe9:c3030, 28b540ac-241d-462a-a56c-509e92928066:c3030]
2019-08-20 22:34:33,260 [grpc-default-executor-2] INFO  client.GrpcClientProtocolClient (GrpcClientProtocolClient.java:onNext(255)) - client-391BA870FC40->947ec526-030f-41cc-8af7-a6f75e712ab0: receive RaftClientReply:client-391BA870FC40->947ec526-030f-41cc-8af7-a6f75e712ab0@group-5D45C35602B2, cid=2060, SUCCESS, logIndex=3032, commits[947ec526-030f-41cc-8af7-a6f75e712ab0:c3032, c447b9b6-dde2-4ce7-aa81-d0e2eddc8fe9:c3030, 28b540ac-241d-462a-a56c-509e92928066:c3030]
2019-08-20 22:34:33,266 | INFO  | DNAudit | user=null | ip=null | op=WRITE_CHUNK {blockData=conID: 2 locID: 102651689252028965 bcsId: 3032} | ret=SUCCESS |  
2019-08-20 22:34:33,267 | INFO  | DNAudit | user=null | ip=null | op=WRITE_CHUNK {blockData=conID: 2 locID: 102651689252028965 bcsId: 3032} | ret=SUCCESS |  
2019-08-20 22:34:33,267 | INFO  | DNAudit | user=null | ip=null | op=WRITE_CHUNK {blockData=conID: 2 locID: 102651689252028965 bcsId: 3032} | ret=SUCCESS |  
2019-08-20 22:34:33,271 | INFO  | DNAudit | user=null | ip=null | op=WRITE_CHUNK {blockData=conID: 2 locID: 102651689252028965 bcsId: 3026} | ret=SUCCESS |  
2019-08-20 22:34:33,271 | INFO  | DNAudit | user=null | ip=null | op=WRITE_CHUNK {blockData=conID: 2 locID: 102651689252028965 bcsId: 3026} | ret=SUCCESS |  
2019-08-20 22:34:33,274 | INFO  | DNAudit | user=null | ip=null | op=PUT_BLOCK {blockData=[blockId=conID: 2 locID: 102651689252028965 bcsId: 0,size=3145728]} | ret=SUCCESS |  
2019-08-20 22:34:33,274 | INFO  | DNAudit | user=null | ip=null | op=PUT_BLOCK {blockData=[blockId=conID: 2 locID: 102651689252028965 bcsId: 0,size=3145728]} | ret=SUCCESS |  
2019-08-20 22:34:33,275 | INFO  | DNAudit | user=null | ip=null | op=WRITE_CHUNK {blockData=conID: 2 locID: 102651689252028965 bcsId: 3032} | ret=SUCCESS |  
2019-08-20 22:34:33,275 | INFO  | DNAudit | user=null | ip=null | op=PUT_BLOCK {blockData=[blockId=conID: 2 locID: 102651689252028965 bcsId: 0,size=4194304]} | ret=SUCCESS |  
2019-08-20 22:34:33,275 [grpc-default-executor-2] INFO  client.GrpcClientProtocolClient (GrpcClientProtocolClient.java:onNext(255)) - client-391BA870FC40->947ec526-030f-41cc-8af7-a6f75e712ab0: receive RaftClientReply:client-391BA870FC40->947ec526-030f-41cc-8af7-a6f75e712ab0@group-5D45C35602B2, cid=2061, SUCCESS, logIndex=3035, commits[947ec526-030f-41cc-8af7-a6f75e712ab0:c3036, c447b9b6-dde2-4ce7-aa81-d0e2eddc8fe9:c3032, 28b540ac-241d-462a-a56c-509e92928066:c3032]
2019-08-20 22:34:33,276 [grpc-default-executor-2] INFO  client.GrpcClientProtocolClient (GrpcClientProtocolClient.java:onNext(255)) - client-391BA870FC40->947ec526-030f-41cc-8af7-a6f75e712ab0: receive RaftClientReply:client-391BA870FC40->947ec526-030f-41cc-8af7-a6f75e712ab0@group-5D45C35602B2, cid=2062, SUCCESS, logIndex=3036, commits[947ec526-030f-41cc-8af7-a6f75e712ab0:c3036, c447b9b6-dde2-4ce7-aa81-d0e2eddc8fe9:c3032, 28b540ac-241d-462a-a56c-509e92928066:c3032]
2019-08-20 22:34:33,286 | INFO  | DNAudit | user=null | ip=null | op=WRITE_CHUNK {blockData=conID: 2 locID: 102651689252028965 bcsId: 3032} | ret=SUCCESS |  
2019-08-20 22:34:33,286 | INFO  | DNAudit | user=null | ip=null | op=WRITE_CHUNK {blockData=conID: 2 locID: 102651689252028965 bcsId: 3032} | ret=SUCCESS |  
2019-08-20 22:34:33,286 | INFO  | DNAudit | user=null | ip=null | op=PUT_BLOCK {blockData=[blockId=conID: 2 locID: 102651689252028965 bcsId: 0,size=4194304]} | ret=SUCCESS |  
2019-08-20 22:34:33,286 | INFO  | DNAudit | user=null | ip=null | op=PUT_BLOCK {blockData=[blockId=conID: 2 locID: 102651689252028965 bcsId: 0,size=4194304]} | ret=SUCCESS |  
2019-08-20 22:34:33,286 [grpc-default-executor-2] INFO  client.GrpcClientProtocolClient (GrpcClientProtocolClient.java:onNext(255)) - client-391BA870FC40->947ec526-030f-41cc-8af7-a6f75e712ab0: receive RaftClientReply:client-391BA870FC40->947ec526-030f-41cc-8af7-a6f75e712ab0@group-5D45C35602B2, cid=2063, SUCCESS, logIndex=0, commits[947ec526-030f-41cc-8af7-a6f75e712ab0:c3037, c447b9b6-dde2-4ce7-aa81-d0e2eddc8fe9:c3036, 28b540ac-241d-462a-a56c-509e92928066:c3036]
2019-08-20 22:34:34,007 | INFO  | SCMAudit | user=jenkins1000 | ip=192.168.5.142 | op=SEND_HEARTBEAT {datanodeUUID=d55cd342-4e6c-4701-86f3-cb557f3478dc, command=[]} | ret=SUCCESS |  
2019-08-20 22:34:34,008 | INFO  | SCMAudit | user=jenkins1000 | ip=192.168.5.142 | op=ALLOCATE_BLOCK {owner=6f694d07-2a2f-44d9-8e1c-aaa094a2f647, size=4194304, type=RATIS, factor=THREE} | ret=SUCCESS |  
2019-08-20 22:34:34,011 | INFO  | OMAudit | user=jenkins1000 | ip=127.0.0.1 | op=ALLOCATE_BLOCK {volume=vol-0-80747, bucket=bucket-0-27686, key=key-0-47435, dataSize=0, replicationType=null, replicationFactor=null, keyLocationInfo=null, clientID=102651687805452690} | ret=SUCCESS |  
2019-08-20 22:34:34,019 | INFO  | DNAudit | user=null | ip=null | op=WRITE_CHUNK {blockData=conID: 3 locID: 102651689304588838 bcsId: 0} | ret=SUCCESS |  
2019-08-20 22:34:34,021 | INFO  | DNAudit | user=null | ip=null | op=WRITE_CHUNK {blockData=conID: 3 locID: 102651689304588838 bcsId: 0} | ret=SUCCESS |  
2019-08-20 22:34:34,021 | INFO  | DNAudit | user=null | ip=null | op=WRITE_CHUNK {blockData=conID: 3 locID: 102651689304588838 bcsId: 0} | ret=SUCCESS |  
2019-08-20 22:34:34,024 | INFO  | DNAudit | user=null | ip=null | op=WRITE_CHUNK {blockData=conID: 3 locID: 102651689304588838 bcsId: 0} | ret=SUCCESS |  
2019-08-20 22:34:34,025 | INFO  | DNAudit | user=null | ip=null | op=WRITE_CHUNK {blockData=conID: 3 locID: 102651689304588838 bcsId: 0} | ret=SUCCESS |  
2019-08-20 22:34:34,025 | INFO  | DNAudit | user=null | ip=null | op=WRITE_CHUNK {blockData=conID: 3 locID: 102651689304588838 bcsId: 0} | ret=SUCCESS |  
2019-08-20 22:34:34,048 | INFO  | DNAudit | user=null | ip=null | op=WRITE_CHUNK {blockData=conID: 3 locID: 102651689304588838 bcsId: 0} | ret=SUCCESS |  
2019-08-20 22:34:34,049 | INFO  | DNAudit | user=null | ip=null | op=PUT_BLOCK {blockData=[blockId=conID: 3 locID: 102651689304588838 bcsId: 0,size=1048576]} | ret=SUCCESS |  
2019-08-20 22:34:34,049 | INFO  | DNAudit | user=null | ip=null | op=WRITE_CHUNK {blockData=conID: 3 locID: 102651689304588838 bcsId: 0} | ret=SUCCESS |  
2019-08-20 22:34:34,049 [grpc-default-executor-2] INFO  client.GrpcClientProtocolClient (GrpcClientProtocolClient.java:onNext(255)) - client-391BA870FC40->947ec526-030f-41cc-8af7-a6f75e712ab0: receive RaftClientReply:client-391BA870FC40->947ec526-030f-41cc-8af7-a6f75e712ab0@group-5D45C35602B2, cid=2064, SUCCESS, logIndex=3039, commits[947ec526-030f-41cc-8af7-a6f75e712ab0:c3039, c447b9b6-dde2-4ce7-aa81-d0e2eddc8fe9:c3038, 28b540ac-241d-462a-a56c-509e92928066:c3038]
2019-08-20 22:34:34,050 | INFO  | DNAudit | user=null | ip=null | op=PUT_BLOCK {blockData=[blockId=conID: 3 locID: 102651689304588838 bcsId: 0,size=2097152]} | ret=SUCCESS |  
2019-08-20 22:34:34,050 [grpc-default-executor-2] INFO  client.GrpcClientProtocolClient (GrpcClientProtocolClient.java:onNext(255)) - client-391BA870FC40->947ec526-030f-41cc-8af7-a6f75e712ab0: receive RaftClientReply:client-391BA870FC40->947ec526-030f-41cc-8af7-a6f75e712ab0@group-5D45C35602B2, cid=2065, SUCCESS, logIndex=3040, commits[947ec526-030f-41cc-8af7-a6f75e712ab0:c3042, c447b9b6-dde2-4ce7-aa81-d0e2eddc8fe9:c3038, 28b540ac-241d-462a-a56c-509e92928066:c3038]
2019-08-20 22:34:34,050 [grpc-default-executor-2] INFO  client.GrpcClientProtocolClient (GrpcClientProtocolClient.java:onNext(255)) - client-391BA870FC40->947ec526-030f-41cc-8af7-a6f75e712ab0: receive RaftClientReply:client-391BA870FC40->947ec526-030f-41cc-8af7-a6f75e712ab0@group-5D45C35602B2, cid=2066, SUCCESS, logIndex=3041, commits[947ec526-030f-41cc-8af7-a6f75e712ab0:c3042, c447b9b6-dde2-4ce7-aa81-d0e2eddc8fe9:c3038, 28b540ac-241d-462a-a56c-509e92928066:c3038]
2019-08-20 22:34:34,050 [grpc-default-executor-2] INFO  client.GrpcClientProtocolClient (GrpcClientProtocolClient.java:onNext(255)) - client-391BA870FC40->947ec526-030f-41cc-8af7-a6f75e712ab0: receive RaftClientReply:client-391BA870FC40->947ec526-030f-41cc-8af7-a6f75e712ab0@group-5D45C35602B2, cid=2067, SUCCESS, logIndex=3042, commits[947ec526-030f-41cc-8af7-a6f75e712ab0:c3042, c447b9b6-dde2-4ce7-aa81-d0e2eddc8fe9:c3038, 28b540ac-241d-462a-a56c-509e92928066:c3038]
2019-08-20 22:34:34,059 | INFO  | DNAudit | user=null | ip=null | op=WRITE_CHUNK {blockData=conID: 3 locID: 102651689304588838 bcsId: 0} | ret=SUCCESS |  
2019-08-20 22:34:34,060 | INFO  | DNAudit | user=null | ip=null | op=WRITE_CHUNK {blockData=conID: 3 locID: 102651689304588838 bcsId: 0} | ret=SUCCESS |  
2019-08-20 22:34:34,060 | INFO  | DNAudit | user=null | ip=null | op=PUT_BLOCK {blockData=[blockId=conID: 3 locID: 102651689304588838 bcsId: 0,size=1048576]} | ret=SUCCESS |  
2019-08-20 22:34:34,060 | INFO  | DNAudit | user=null | ip=null | op=WRITE_CHUNK {blockData=conID: 3 locID: 102651689304588838 bcsId: 0} | ret=SUCCESS |  
2019-08-20 22:34:34,061 | INFO  | DNAudit | user=null | ip=null | op=PUT_BLOCK {blockData=[blockId=conID: 3 locID: 102651689304588838 bcsId: 0,size=2097152]} | ret=SUCCESS |  
2019-08-20 22:34:34,062 | INFO  | DNAudit | user=null | ip=null | op=PUT_BLOCK {blockData=[blockId=conID: 3 locID: 102651689304588838 bcsId: 0,size=1048576]} | ret=SUCCESS |  
2019-08-20 22:34:34,062 | INFO  | DNAudit | user=null | ip=null | op=WRITE_CHUNK {blockData=conID: 3 locID: 102651689304588838 bcsId: 0} | ret=SUCCESS |  
2019-08-20 22:34:34,062 | INFO  | DNAudit | user=null | ip=null | op=PUT_BLOCK {blockData=[blockId=conID: 3 locID: 102651689304588838 bcsId: 0,size=2097152]} | ret=SUCCESS |  
2019-08-20 22:34:34,062 [grpc-default-executor-2] INFO  client.GrpcClientProtocolClient (GrpcClientProtocolClient.java:onNext(255)) - client-391BA870FC40->947ec526-030f-41cc-8af7-a6f75e712ab0: receive RaftClientReply:client-391BA870FC40->947ec526-030f-41cc-8af7-a6f75e712ab0@group-5D45C35602B2, cid=2068, SUCCESS, logIndex=0, commits[947ec526-030f-41cc-8af7-a6f75e712ab0:c3044, c447b9b6-dde2-4ce7-aa81-d0e2eddc8fe9:c3042, 28b540ac-241d-462a-a56c-509e92928066:c3042]
2019-08-20 22:34:34,068 | INFO  | DNAudit | user=null | ip=null | op=WRITE_CHUNK {blockData=conID: 3 locID: 102651689304588838 bcsId: 3042} | ret=SUCCESS |  
2019-08-20 22:34:34,069 | INFO  | DNAudit | user=null | ip=null | op=WRITE_CHUNK {blockData=conID: 3 locID: 102651689304588838 bcsId: 3042} | ret=SUCCESS |  
2019-08-20 22:34:34,070 | INFO  | DNAudit | user=null | ip=null | op=WRITE_CHUNK {blockData=conID: 3 locID: 102651689304588838 bcsId: 3042} | ret=SUCCESS |  
2019-08-20 22:34:34,088 | INFO  | DNAudit | user=null | ip=null | op=WRITE_CHUNK {blockData=conID: 3 locID: 102651689304588838 bcsId: 3042} | ret=SUCCESS |  
2019-08-20 22:34:34,088 | INFO  | DNAudit | user=null | ip=null | op=PUT_BLOCK {blockData=[blockId=conID: 3 locID: 102651689304588838 bcsId: 0,size=3145728]} | ret=SUCCESS |  
2019-08-20 22:34:34,088 [grpc-default-executor-2] INFO  client.GrpcClientProtocolClient (GrpcClientProtocolClient.java:onNext(255)) - client-391BA870FC40->947ec526-030f-41cc-8af7-a6f75e712ab0: receive RaftClientReply:client-391BA870FC40->947ec526-030f-41cc-8af7-a6f75e712ab0@group-5D45C35602B2, cid=2069, SUCCESS, logIndex=3045, commits[947ec526-030f-41cc-8af7-a6f75e712ab0:c3046, c447b9b6-dde2-4ce7-aa81-d0e2eddc8fe9:c3044, 28b540ac-241d-462a-a56c-509e92928066:c3044]
2019-08-20 22:34:34,089 [grpc-default-executor-2] INFO  client.GrpcClientProtocolClient (GrpcClientProtocolClient.java:onNext(255)) - client-391BA870FC40->947ec526-030f-41cc-8af7-a6f75e712ab0: receive RaftClientReply:client-391BA870FC40->947ec526-030f-41cc-8af7-a6f75e712ab0@group-5D45C35602B2, cid=2070, SUCCESS, logIndex=3046, commits[947ec526-030f-41cc-8af7-a6f75e712ab0:c3046, c447b9b6-dde2-4ce7-aa81-d0e2eddc8fe9:c3044, 28b540ac-241d-462a-a56c-509e92928066:c3044]
2019-08-20 22:34:34,094 | INFO  | DNAudit | user=null | ip=null | op=WRITE_CHUNK {blockData=conID: 3 locID: 102651689304588838 bcsId: 3046} | ret=SUCCESS |  
2019-08-20 22:34:34,096 | INFO  | DNAudit | user=null | ip=null | op=WRITE_CHUNK {blockData=conID: 3 locID: 102651689304588838 bcsId: 3046} | ret=SUCCESS |  
2019-08-20 22:34:34,096 | INFO  | DNAudit | user=null | ip=null | op=WRITE_CHUNK {blockData=conID: 3 locID: 102651689304588838 bcsId: 3046} | ret=SUCCESS |  
2019-08-20 22:34:34,100 | INFO  | DNAudit | user=null | ip=null | op=WRITE_CHUNK {blockData=conID: 3 locID: 102651689304588838 bcsId: 3042} | ret=SUCCESS |  
2019-08-20 22:34:34,100 | INFO  | DNAudit | user=null | ip=null | op=WRITE_CHUNK {blockData=conID: 3 locID: 102651689304588838 bcsId: 3042} | ret=SUCCESS |  
2019-08-20 22:34:34,100 | INFO  | DNAudit | user=null | ip=null | op=PUT_BLOCK {blockData=[blockId=conID: 3 locID: 102651689304588838 bcsId: 0,size=3145728]} | ret=SUCCESS |  
2019-08-20 22:34:34,100 | INFO  | DNAudit | user=null | ip=null | op=PUT_BLOCK {blockData=[blockId=conID: 3 locID: 102651689304588838 bcsId: 0,size=3145728]} | ret=SUCCESS |  
2019-08-20 22:34:34,103 | INFO  | DNAudit | user=null | ip=null | op=WRITE_CHUNK {blockData=conID: 3 locID: 102651689304588838 bcsId: 3046} | ret=SUCCESS |  
2019-08-20 22:34:34,104 | INFO  | DNAudit | user=null | ip=null | op=PUT_BLOCK {blockData=[blockId=conID: 3 locID: 102651689304588838 bcsId: 0,size=4194304]} | ret=SUCCESS |  
2019-08-20 22:34:34,104 [grpc-default-executor-1] INFO  client.GrpcClientProtocolClient (GrpcClientProtocolClient.java:onNext(255)) - client-391BA870FC40->947ec526-030f-41cc-8af7-a6f75e712ab0: receive RaftClientReply:client-391BA870FC40->947ec526-030f-41cc-8af7-a6f75e712ab0@group-5D45C35602B2, cid=2071, SUCCESS, logIndex=3049, commits[947ec526-030f-41cc-8af7-a6f75e712ab0:c3050, c447b9b6-dde2-4ce7-aa81-d0e2eddc8fe9:c3046, 28b540ac-241d-462a-a56c-509e92928066:c3046]
2019-08-20 22:34:34,105 [grpc-default-executor-1] INFO  client.GrpcClientProtocolClient (GrpcClientProtocolClient.java:onNext(255)) - client-391BA870FC40->947ec526-030f-41cc-8af7-a6f75e712ab0: receive RaftClientReply:client-391BA870FC40->947ec526-030f-41cc-8af7-a6f75e712ab0@group-5D45C35602B2, cid=2072, SUCCESS, logIndex=3050, commits[947ec526-030f-41cc-8af7-a6f75e712ab0:c3050, c447b9b6-dde2-4ce7-aa81-d0e2eddc8fe9:c3046, 28b540ac-241d-462a-a56c-509e92928066:c3046]
2019-08-20 22:34:34,114 | INFO  | DNAudit | user=null | ip=null | op=WRITE_CHUNK {blockData=conID: 3 locID: 102651689304588838 bcsId: 3046} | ret=SUCCESS |  
2019-08-20 22:34:34,115 | INFO  | DNAudit | user=null | ip=null | op=WRITE_CHUNK {blockData=conID: 3 locID: 102651689304588838 bcsId: 3046} | ret=SUCCESS |  
2019-08-20 22:34:34,117 | INFO  | DNAudit | user=null | ip=null | op=PUT_BLOCK {blockData=[blockId=conID: 3 locID: 102651689304588838 bcsId: 0,size=4194304]} | ret=SUCCESS |  
2019-08-20 22:34:34,119 | INFO  | DNAudit | user=null | ip=null | op=PUT_BLOCK {blockData=[blockId=conID: 3 locID: 102651689304588838 bcsId: 0,size=4194304]} | ret=SUCCESS |  
2019-08-20 22:34:34,120 [grpc-default-executor-1] INFO  client.GrpcClientProtocolClient (GrpcClientProtocolClient.java:onNext(255)) - client-391BA870FC40->947ec526-030f-41cc-8af7-a6f75e712ab0: receive RaftClientReply:client-391BA870FC40->947ec526-030f-41cc-8af7-a6f75e712ab0@group-5D45C35602B2, cid=2073, SUCCESS, logIndex=0, commits[947ec526-030f-41cc-8af7-a6f75e712ab0:c3052, c447b9b6-dde2-4ce7-aa81-d0e2eddc8fe9:c3050, 28b540ac-241d-462a-a56c-509e92928066:c3050]
2019-08-20 22:34:34,125 | INFO  | SCMAudit | user=jenkins1000 | ip=192.168.5.142 | op=ALLOCATE_BLOCK {owner=6f694d07-2a2f-44d9-8e1c-aaa094a2f647, size=4194304, type=RATIS, factor=THREE} | ret=SUCCESS |  
2019-08-20 22:34:34,129 | INFO  | OMAudit | user=jenkins1000 | ip=127.0.0.1 | op=ALLOCATE_BLOCK {volume=vol-0-80747, bucket=bucket-0-27686, key=key-0-47435, dataSize=0, replicationType=null, replicationFactor=null, keyLocationInfo=null, clientID=102651687805452690} | ret=SUCCESS |  
2019-08-20 22:34:34,135 | INFO  | DNAudit | user=null | ip=null | op=WRITE_CHUNK {blockData=conID: 1 locID: 102651689312256551 bcsId: 0} | ret=SUCCESS |  
2019-08-20 22:34:34,137 | INFO  | DNAudit | user=null | ip=null | op=WRITE_CHUNK {blockData=conID: 1 locID: 102651689312256551 bcsId: 0} | ret=SUCCESS |  
2019-08-20 22:34:34,137 | INFO  | DNAudit | user=null | ip=null | op=WRITE_CHUNK {blockData=conID: 1 locID: 102651689312256551 bcsId: 0} | ret=SUCCESS |  
2019-08-20 22:34:34,137 | INFO  | DNAudit | user=null | ip=null | op=WRITE_CHUNK {blockData=conID: 1 locID: 102651689312256551 bcsId: 0} | ret=SUCCESS |  
2019-08-20 22:34:34,138 | INFO  | DNAudit | user=null | ip=null | op=WRITE_CHUNK {blockData=conID: 1 locID: 102651689312256551 bcsId: 0} | ret=SUCCESS |  
2019-08-20 22:34:34,139 | INFO  | DNAudit | user=null | ip=null | op=WRITE_CHUNK {blockData=conID: 1 locID: 102651689312256551 bcsId: 0} | ret=SUCCESS |  
2019-08-20 22:34:34,147 | INFO  | DNAudit | user=null | ip=null | op=WRITE_CHUNK {blockData=conID: 1 locID: 102651689312256551 bcsId: 0} | ret=SUCCESS |  
2019-08-20 22:34:34,147 | INFO  | DNAudit | user=null | ip=null | op=PUT_BLOCK {blockData=[blockId=conID: 1 locID: 102651689312256551 bcsId: 0,size=1048576]} | ret=SUCCESS |  
2019-08-20 22:34:34,147 [grpc-default-executor-5] INFO  client.GrpcClientProtocolClient (GrpcClientProtocolClient.java:onNext(255)) - client-391BA870FC40->947ec526-030f-41cc-8af7-a6f75e712ab0: receive RaftClientReply:client-391BA870FC40->947ec526-030f-41cc-8af7-a6f75e712ab0@group-5D45C35602B2, cid=2074, SUCCESS, logIndex=3053, commits[947ec526-030f-41cc-8af7-a6f75e712ab0:c3054, c447b9b6-dde2-4ce7-aa81-d0e2eddc8fe9:c3052, 28b540ac-241d-462a-a56c-509e92928066:c3052]
2019-08-20 22:34:34,148 [grpc-default-executor-5] INFO  client.GrpcClientProtocolClient (GrpcClientProtocolClient.java:onNext(255)) - client-391BA870FC40->947ec526-030f-41cc-8af7-a6f75e712ab0: receive RaftClientReply:client-391BA870FC40->947ec526-030f-41cc-8af7-a6f75e712ab0@group-5D45C35602B2, cid=2075, SUCCESS, logIndex=3054, commits[947ec526-030f-41cc-8af7-a6f75e712ab0:c3054, c447b9b6-dde2-4ce7-aa81-d0e2eddc8fe9:c3052, 28b540ac-241d-462a-a56c-509e92928066:c3052]
2019-08-20 22:34:34,150 | INFO  | DNAudit | user=null | ip=null | op=WRITE_CHUNK {blockData=conID: 1 locID: 102651689312256551 bcsId: 0} | ret=SUCCESS |  
2019-08-20 22:34:34,150 | INFO  | DNAudit | user=null | ip=null | op=PUT_BLOCK {blockData=[blockId=conID: 1 locID: 102651689312256551 bcsId: 0,size=2097152]} | ret=SUCCESS |  
2019-08-20 22:34:34,150 [grpc-default-executor-1] INFO  client.GrpcClientProtocolClient (GrpcClientProtocolClient.java:onNext(255)) - client-391BA870FC40->947ec526-030f-41cc-8af7-a6f75e712ab0: receive RaftClientReply:client-391BA870FC40->947ec526-030f-41cc-8af7-a6f75e712ab0@group-5D45C35602B2, cid=2076, SUCCESS, logIndex=3055, commits[947ec526-030f-41cc-8af7-a6f75e712ab0:c3056, c447b9b6-dde2-4ce7-aa81-d0e2eddc8fe9:c3052, 28b540ac-241d-462a-a56c-509e92928066:c3052]
2019-08-20 22:34:34,150 [grpc-default-executor-1] INFO  client.GrpcClientProtocolClient (GrpcClientProtocolClient.java:onNext(255)) - client-391BA870FC40->947ec526-030f-41cc-8af7-a6f75e712ab0: receive RaftClientReply:client-391BA870FC40->947ec526-030f-41cc-8af7-a6f75e712ab0@group-5D45C35602B2, cid=2077, SUCCESS, logIndex=3056, commits[947ec526-030f-41cc-8af7-a6f75e712ab0:c3056, c447b9b6-dde2-4ce7-aa81-d0e2eddc8fe9:c3052, 28b540ac-241d-462a-a56c-509e92928066:c3052]
2019-08-20 22:34:34,161 | INFO  | DNAudit | user=null | ip=null | op=WRITE_CHUNK {blockData=conID: 1 locID: 102651689312256551 bcsId: 0} | ret=SUCCESS |  
2019-08-20 22:34:34,161 | INFO  | DNAudit | user=null | ip=null | op=WRITE_CHUNK {blockData=conID: 1 locID: 102651689312256551 bcsId: 0} | ret=SUCCESS |  
2019-08-20 22:34:34,161 | INFO  | DNAudit | user=null | ip=null | op=PUT_BLOCK {blockData=[blockId=conID: 1 locID: 102651689312256551 bcsId: 0,size=1048576]} | ret=SUCCESS |  
2019-08-20 22:34:34,161 | INFO  | DNAudit | user=null | ip=null | op=PUT_BLOCK {blockData=[blockId=conID: 1 locID: 102651689312256551 bcsId: 0,size=1048576]} | ret=SUCCESS |  
2019-08-20 22:34:34,162 [grpc-default-executor-1] INFO  client.GrpcClientProtocolClient (GrpcClientProtocolClient.java:onNext(255)) - client-391BA870FC40->947ec526-030f-41cc-8af7-a6f75e712ab0: receive RaftClientReply:client-391BA870FC40->947ec526-030f-41cc-8af7-a6f75e712ab0@group-5D45C35602B2, cid=2078, SUCCESS, logIndex=0, commits[947ec526-030f-41cc-8af7-a6f75e712ab0:c3058, c447b9b6-dde2-4ce7-aa81-d0e2eddc8fe9:c3054, 28b540ac-241d-462a-a56c-509e92928066:c3054]
2019-08-20 22:34:34,164 | INFO  | DNAudit | user=null | ip=null | op=WRITE_CHUNK {blockData=conID: 1 locID: 102651689312256551 bcsId: 0} | ret=SUCCESS |  
2019-08-20 22:34:34,164 | INFO  | DNAudit | user=null | ip=null | op=WRITE_CHUNK {blockData=conID: 1 locID: 102651689312256551 bcsId: 0} | ret=SUCCESS |  
2019-08-20 22:34:34,164 | INFO  | DNAudit | user=null | ip=null | op=PUT_BLOCK {blockData=[blockId=conID: 1 locID: 102651689312256551 bcsId: 0,size=2097152]} | ret=SUCCESS |  
2019-08-20 22:34:34,164 | INFO  | DNAudit | user=null | ip=null | op=PUT_BLOCK {blockData=[blockId=conID: 1 locID: 102651689312256551 bcsId: 0,size=2097152]} | ret=SUCCESS |  
2019-08-20 22:34:34,166 | INFO  | DNAudit | user=null | ip=null | op=WRITE_CHUNK {blockData=conID: 1 locID: 102651689312256551 bcsId: 3056} | ret=SUCCESS |  
2019-08-20 22:34:34,168 | INFO  | DNAudit | user=null | ip=null | op=WRITE_CHUNK {blockData=conID: 1 locID: 102651689312256551 bcsId: 3056} | ret=SUCCESS |  
2019-08-20 22:34:34,168 | INFO  | DNAudit | user=null | ip=null | op=WRITE_CHUNK {blockData=conID: 1 locID: 102651689312256551 bcsId: 3056} | ret=SUCCESS |  
2019-08-20 22:34:34,176 | INFO  | SCMAudit | user=jenkins1000 | ip=192.168.5.142 | op=SEND_HEARTBEAT {datanodeUUID=eafd9314-3f13-422a-a2ac-adfcde2d7481, command=[]} | ret=SUCCESS |  
2019-08-20 22:34:34,176 | INFO  | SCMAudit | user=jenkins1000 | ip=192.168.5.142 | op=SEND_HEARTBEAT {datanodeUUID=28b540ac-241d-462a-a56c-509e92928066, command=[]} | ret=SUCCESS |  
 0.00% |█                                                                                                    |  0/1 Time: 0:00:232019-08-20 22:34:34,176 | INFO  | SCMAudit | user=jenkins1000 | ip=192.168.5.142 | op=SEND_HEARTBEAT {datanodeUUID=947ec526-030f-41cc-8af7-a6f75e712ab0, command=[]} | ret=SUCCESS |  
2019-08-20 22:34:34,176 | INFO  | SCMAudit | user=jenkins1000 | ip=192.168.5.142 | op=SEND_HEARTBEAT {datanodeUUID=c447b9b6-dde2-4ce7-aa81-d0e2eddc8fe9, command=[]} | ret=SUCCESS |  
2019-08-20 22:34:34,179 | INFO  | DNAudit | user=null | ip=null | op=WRITE_CHUNK {blockData=conID: 1 locID: 102651689312256551 bcsId: 3056} | ret=SUCCESS |  
2019-08-20 22:34:34,179 | INFO  | DNAudit | user=null | ip=null | op=PUT_BLOCK {blockData=[blockId=conID: 1 locID: 102651689312256551 bcsId: 0,size=3145728]} | ret=SUCCESS |  
2019-08-20 22:34:34,179 [grpc-default-executor-5] INFO  client.GrpcClientProtocolClient (GrpcClientProtocolClient.java:onNext(255)) - client-391BA870FC40->947ec526-030f-41cc-8af7-a6f75e712ab0: receive RaftClientReply:client-391BA870FC40->947ec526-030f-41cc-8af7-a6f75e712ab0@group-5D45C35602B2, cid=2079, SUCCESS, logIndex=3061, commits[947ec526-030f-41cc-8af7-a6f75e712ab0:c3062, c447b9b6-dde2-4ce7-aa81-d0e2eddc8fe9:c3060, 28b540ac-241d-462a-a56c-509e92928066:c3060]
2019-08-20 22:34:34,180 [grpc-default-executor-5] INFO  client.GrpcClientProtocolClient (GrpcClientProtocolClient.java:onNext(255)) - client-391BA870FC40->947ec526-030f-41cc-8af7-a6f75e712ab0: receive RaftClientReply:client-391BA870FC40->947ec526-030f-41cc-8af7-a6f75e712ab0@group-5D45C35602B2, cid=2080, SUCCESS, logIndex=3062, commits[947ec526-030f-41cc-8af7-a6f75e712ab0:c3062, c447b9b6-dde2-4ce7-aa81-d0e2eddc8fe9:c3060, 28b540ac-241d-462a-a56c-509e92928066:c3060]
2019-08-20 22:34:34,184 | INFO  | DNAudit | user=null | ip=null | op=WRITE_CHUNK {blockData=conID: 1 locID: 102651689312256551 bcsId: 3062} | ret=SUCCESS |  
2019-08-20 22:34:34,186 | INFO  | DNAudit | user=null | ip=null | op=WRITE_CHUNK {blockData=conID: 1 locID: 102651689312256551 bcsId: 3062} | ret=SUCCESS |  
2019-08-20 22:34:34,186 | INFO  | DNAudit | user=null | ip=null | op=WRITE_CHUNK {blockData=conID: 1 locID: 102651689312256551 bcsId: 3062} | ret=SUCCESS |  
2019-08-20 22:34:34,191 | INFO  | DNAudit | user=null | ip=null | op=WRITE_CHUNK {blockData=conID: 1 locID: 102651689312256551 bcsId: 3056} | ret=SUCCESS |  
2019-08-20 22:34:34,191 | INFO  | DNAudit | user=null | ip=null | op=WRITE_CHUNK {blockData=conID: 1 locID: 102651689312256551 bcsId: 3056} | ret=SUCCESS |  
2019-08-20 22:34:34,192 | INFO  | DNAudit | user=null | ip=null | op=PUT_BLOCK {blockData=[blockId=conID: 1 locID: 102651689312256551 bcsId: 0,size=3145728]} | ret=SUCCESS |  
2019-08-20 22:34:34,192 | INFO  | DNAudit | user=null | ip=null | op=PUT_BLOCK {blockData=[blockId=conID: 1 locID: 102651689312256551 bcsId: 0,size=3145728]} | ret=SUCCESS |  
2019-08-20 22:34:34,192 | INFO  | DNAudit | user=null | ip=null | op=WRITE_CHUNK {blockData=conID: 1 locID: 102651689312256551 bcsId: 3062} | ret=SUCCESS |  
2019-08-20 22:34:34,193 | INFO  | DNAudit | user=null | ip=null | op=PUT_BLOCK {blockData=[blockId=conID: 1 locID: 102651689312256551 bcsId: 0,size=4194304]} | ret=SUCCESS |  
2019-08-20 22:34:34,193 [grpc-default-executor-2] INFO  client.GrpcClientProtocolClient (GrpcClientProtocolClient.java:onNext(255)) - client-391BA870FC40->947ec526-030f-41cc-8af7-a6f75e712ab0: receive RaftClientReply:client-391BA870FC40->947ec526-030f-41cc-8af7-a6f75e712ab0@group-5D45C35602B2, cid=2081, SUCCESS, logIndex=3065, commits[947ec526-030f-41cc-8af7-a6f75e712ab0:c3066, c447b9b6-dde2-4ce7-aa81-d0e2eddc8fe9:c3062, 28b540ac-241d-462a-a56c-509e92928066:c3062]
2019-08-20 22:34:34,193 [grpc-default-executor-2] INFO  client.GrpcClientProtocolClient (GrpcClientProtocolClient.java:onNext(255)) - client-391BA870FC40->947ec526-030f-41cc-8af7-a6f75e712ab0: receive RaftClientReply:client-391BA870FC40->947ec526-030f-41cc-8af7-a6f75e712ab0@group-5D45C35602B2, cid=2082, SUCCESS, logIndex=3066, commits[947ec526-030f-41cc-8af7-a6f75e712ab0:c3066, c447b9b6-dde2-4ce7-aa81-d0e2eddc8fe9:c3062, 28b540ac-241d-462a-a56c-509e92928066:c3062]
2019-08-20 22:34:34,202 | INFO  | DNAudit | user=null | ip=null | op=WRITE_CHUNK {blockData=conID: 1 locID: 102651689312256551 bcsId: 3062} | ret=SUCCESS |  
2019-08-20 22:34:34,202 | INFO  | DNAudit | user=null | ip=null | op=WRITE_CHUNK {blockData=conID: 1 locID: 102651689312256551 bcsId: 3062} | ret=SUCCESS |  
2019-08-20 22:34:34,204 | INFO  | DNAudit | user=null | ip=null | op=PUT_BLOCK {blockData=[blockId=conID: 1 locID: 102651689312256551 bcsId: 0,size=4194304]} | ret=SUCCESS |  
2019-08-20 22:34:34,204 | INFO  | DNAudit | user=null | ip=null | op=PUT_BLOCK {blockData=[blockId=conID: 1 locID: 102651689312256551 bcsId: 0,size=4194304]} | ret=SUCCESS |  
2019-08-20 22:34:34,204 [grpc-default-executor-2] INFO  client.GrpcClientProtocolClient (GrpcClientProtocolClient.java:onNext(255)) - client-391BA870FC40->947ec526-030f-41cc-8af7-a6f75e712ab0: receive RaftClientReply:client-391BA870FC40->947ec526-030f-41cc-8af7-a6f75e712ab0@group-5D45C35602B2, cid=2083, SUCCESS, logIndex=0, commits[947ec526-030f-41cc-8af7-a6f75e712ab0:c3068, c447b9b6-dde2-4ce7-aa81-d0e2eddc8fe9:c3066, 28b540ac-241d-462a-a56c-509e92928066:c3066]
2019-08-20 22:34:34,207 | INFO  | SCMAudit | user=jenkins1000 | ip=192.168.5.142 | op=ALLOCATE_BLOCK {owner=6f694d07-2a2f-44d9-8e1c-aaa094a2f647, size=4194304, type=RATIS, factor=THREE} | ret=SUCCESS |  
2019-08-20 22:34:34,211 | INFO  | OMAudit | user=jenkins1000 | ip=127.0.0.1 | op=ALLOCATE_BLOCK {volume=vol-0-80747, bucket=bucket-0-27686, key=key-0-47435, dataSize=0, replicationType=null, replicationFactor=null, keyLocationInfo=null, clientID=102651687805452690} | ret=SUCCESS |  
2019-08-20 22:34:34,216 | INFO  | DNAudit | user=null | ip=null | op=WRITE_CHUNK {blockData=conID: 2 locID: 102651689317630504 bcsId: 0} | ret=SUCCESS |  
2019-08-20 22:34:34,218 | INFO  | DNAudit | user=null | ip=null | op=WRITE_CHUNK {blockData=conID: 2 locID: 102651689317630504 bcsId: 0} | ret=SUCCESS |  
2019-08-20 22:34:34,218 | INFO  | DNAudit | user=null | ip=null | op=WRITE_CHUNK {blockData=conID: 2 locID: 102651689317630504 bcsId: 0} | ret=SUCCESS |  
2019-08-20 22:34:34,218 | INFO  | DNAudit | user=null | ip=null | op=WRITE_CHUNK {blockData=conID: 2 locID: 102651689317630504 bcsId: 0} | ret=SUCCESS |  
2019-08-20 22:34:34,220 | INFO  | DNAudit | user=null | ip=null | op=WRITE_CHUNK {blockData=conID: 2 locID: 102651689317630504 bcsId: 0} | ret=SUCCESS |  
2019-08-20 22:34:34,220 | INFO  | DNAudit | user=null | ip=null | op=WRITE_CHUNK {blockData=conID: 2 locID: 102651689317630504 bcsId: 0} | ret=SUCCESS |  
2019-08-20 22:34:34,220 | INFO  | DNAudit | user=null | ip=null | op=WRITE_CHUNK {blockData=conID: 2 locID: 102651689317630504 bcsId: 0} | ret=SUCCESS |  
2019-08-20 22:34:34,221 | INFO  | DNAudit | user=null | ip=null | op=PUT_BLOCK {blockData=[blockId=conID: 2 locID: 102651689317630504 bcsId: 0,size=1048576]} | ret=SUCCESS |  
2019-08-20 22:34:34,221 [grpc-default-executor-1] INFO  client.GrpcClientProtocolClient (GrpcClientProtocolClient.java:onNext(255)) - client-391BA870FC40->947ec526-030f-41cc-8af7-a6f75e712ab0: receive RaftClientReply:client-391BA870FC40->947ec526-030f-41cc-8af7-a6f75e712ab0@group-5D45C35602B2, cid=2084, SUCCESS, logIndex=3069, commits[947ec526-030f-41cc-8af7-a6f75e712ab0:c3070, c447b9b6-dde2-4ce7-aa81-d0e2eddc8fe9:c3066, 28b540ac-241d-462a-a56c-509e92928066:c3068]
2019-08-20 22:34:34,221 [grpc-default-executor-1] INFO  client.GrpcClientProtocolClient (GrpcClientProtocolClient.java:onNext(255)) - client-391BA870FC40->947ec526-030f-41cc-8af7-a6f75e712ab0: receive RaftClientReply:client-391BA870FC40->947ec526-030f-41cc-8af7-a6f75e712ab0@group-5D45C35602B2, cid=2085, SUCCESS, logIndex=3070, commits[947ec526-030f-41cc-8af7-a6f75e712ab0:c3070, c447b9b6-dde2-4ce7-aa81-d0e2eddc8fe9:c3066, 28b540ac-241d-462a-a56c-509e92928066:c3068]
2019-08-20 22:34:34,222 | INFO  | DNAudit | user=null | ip=null | op=WRITE_CHUNK {blockData=conID: 2 locID: 102651689317630504 bcsId: 0} | ret=SUCCESS |  
2019-08-20 22:34:34,222 | INFO  | DNAudit | user=null | ip=null | op=PUT_BLOCK {blockData=[blockId=conID: 2 locID: 102651689317630504 bcsId: 0,size=2097152]} | ret=SUCCESS |  
2019-08-20 22:34:34,222 [grpc-default-executor-2] INFO  client.GrpcClientProtocolClient (GrpcClientProtocolClient.java:onNext(255)) - client-391BA870FC40->947ec526-030f-41cc-8af7-a6f75e712ab0: receive RaftClientReply:client-391BA870FC40->947ec526-030f-41cc-8af7-a6f75e712ab0@group-5D45C35602B2, cid=2086, SUCCESS, logIndex=3071, commits[947ec526-030f-41cc-8af7-a6f75e712ab0:c3072, c447b9b6-dde2-4ce7-aa81-d0e2eddc8fe9:c3068, 28b540ac-241d-462a-a56c-509e92928066:c3068]
2019-08-20 22:34:34,223 [grpc-default-executor-2] INFO  client.GrpcClientProtocolClient (GrpcClientProtocolClient.java:onNext(255)) - client-391BA870FC40->947ec526-030f-41cc-8af7-a6f75e712ab0: receive RaftClientReply:client-391BA870FC40->947ec526-030f-41cc-8af7-a6f75e712ab0@group-5D45C35602B2, cid=2087, SUCCESS, logIndex=3072, commits[947ec526-030f-41cc-8af7-a6f75e712ab0:c3072, c447b9b6-dde2-4ce7-aa81-d0e2eddc8fe9:c3068, 28b540ac-241d-462a-a56c-509e92928066:c3068]
2019-08-20 22:34:34,224 | INFO  | DNAudit | user=null | ip=null | op=WRITE_CHUNK {blockData=conID: 2 locID: 102651689317630504 bcsId: 0} | ret=SUCCESS |  
2019-08-20 22:34:34,224 | INFO  | DNAudit | user=null | ip=null | op=PUT_BLOCK {blockData=[blockId=conID: 2 locID: 102651689317630504 bcsId: 0,size=1048576]} | ret=SUCCESS |  
2019-08-20 22:34:34,225 | INFO  | DNAudit | user=null | ip=null | op=WRITE_CHUNK {blockData=conID: 2 locID: 102651689317630504 bcsId: 0} | ret=SUCCESS |  
2019-08-20 22:34:34,225 | INFO  | DNAudit | user=null | ip=null | op=PUT_BLOCK {blockData=[blockId=conID: 2 locID: 102651689317630504 bcsId: 0,size=1048576]} | ret=SUCCESS |  
2019-08-20 22:34:34,225 | INFO  | DNAudit | user=null | ip=null | op=WRITE_CHUNK {blockData=conID: 2 locID: 102651689317630504 bcsId: 0} | ret=SUCCESS |  
2019-08-20 22:34:34,225 [grpc-default-executor-2] INFO  client.GrpcClientProtocolClient (GrpcClientProtocolClient.java:onNext(255)) - client-391BA870FC40->947ec526-030f-41cc-8af7-a6f75e712ab0: receive RaftClientReply:client-391BA870FC40->947ec526-030f-41cc-8af7-a6f75e712ab0@group-5D45C35602B2, cid=2088, SUCCESS, logIndex=0, commits[947ec526-030f-41cc-8af7-a6f75e712ab0:c3074, c447b9b6-dde2-4ce7-aa81-d0e2eddc8fe9:c3070, 28b540ac-241d-462a-a56c-509e92928066:c3070]
2019-08-20 22:34:34,226 | INFO  | DNAudit | user=null | ip=null | op=PUT_BLOCK {blockData=[blockId=conID: 2 locID: 102651689317630504 bcsId: 0,size=2097152]} | ret=SUCCESS |  
2019-08-20 22:34:34,226 | INFO  | DNAudit | user=null | ip=null | op=WRITE_CHUNK {blockData=conID: 2 locID: 102651689317630504 bcsId: 0} | ret=SUCCESS |  
2019-08-20 22:34:34,226 | INFO  | DNAudit | user=null | ip=null | op=PUT_BLOCK {blockData=[blockId=conID: 2 locID: 102651689317630504 bcsId: 0,size=2097152]} | ret=SUCCESS |  
2019-08-20 22:34:34,230 | INFO  | DNAudit | user=null | ip=null | op=WRITE_CHUNK {blockData=conID: 2 locID: 102651689317630504 bcsId: 3072} | ret=SUCCESS |  
2019-08-20 22:34:34,232 | INFO  | DNAudit | user=null | ip=null | op=WRITE_CHUNK {blockData=conID: 2 locID: 102651689317630504 bcsId: 3072} | ret=SUCCESS |  
2019-08-20 22:34:34,232 | INFO  | DNAudit | user=null | ip=null | op=WRITE_CHUNK {blockData=conID: 2 locID: 102651689317630504 bcsId: 3072} | ret=SUCCESS |  
2019-08-20 22:34:34,241 | INFO  | DNAudit | user=null | ip=null | op=WRITE_CHUNK {blockData=conID: 2 locID: 102651689317630504 bcsId: 3072} | ret=SUCCESS |  
2019-08-20 22:34:34,241 | INFO  | DNAudit | user=null | ip=null | op=PUT_BLOCK {blockData=[blockId=conID: 2 locID: 102651689317630504 bcsId: 0,size=3145728]} | ret=SUCCESS |  
2019-08-20 22:34:34,241 [grpc-default-executor-2] INFO  client.GrpcClientProtocolClient (GrpcClientProtocolClient.java:onNext(255)) - client-391BA870FC40->947ec526-030f-41cc-8af7-a6f75e712ab0: receive RaftClientReply:client-391BA870FC40->947ec526-030f-41cc-8af7-a6f75e712ab0@group-5D45C35602B2, cid=2089, SUCCESS, logIndex=3077, commits[947ec526-030f-41cc-8af7-a6f75e712ab0:c3078, c447b9b6-dde2-4ce7-aa81-d0e2eddc8fe9:c3076, 28b540ac-241d-462a-a56c-509e92928066:c3076]
2019-08-20 22:34:34,242 [grpc-default-executor-2] INFO  client.GrpcClientProtocolClient (GrpcClientProtocolClient.java:onNext(255)) - client-391BA870FC40->947ec526-030f-41cc-8af7-a6f75e712ab0: receive RaftClientReply:client-391BA870FC40->947ec526-030f-41cc-8af7-a6f75e712ab0@group-5D45C35602B2, cid=2090, SUCCESS, logIndex=3078, commits[947ec526-030f-41cc-8af7-a6f75e712ab0:c3078, c447b9b6-dde2-4ce7-aa81-d0e2eddc8fe9:c3076, 28b540ac-241d-462a-a56c-509e92928066:c3076]
2019-08-20 22:34:34,243 | INFO  | DNAudit | user=null | ip=null | op=WRITE_CHUNK {blockData=conID: 2 locID: 102651689317630504 bcsId: 3072} | ret=SUCCESS |  
2019-08-20 22:34:34,243 | INFO  | DNAudit | user=null | ip=null | op=WRITE_CHUNK {blockData=conID: 2 locID: 102651689317630504 bcsId: 3072} | ret=SUCCESS |  
2019-08-20 22:34:34,245 | INFO  | DNAudit | user=null | ip=null | op=PUT_BLOCK {blockData=[blockId=conID: 2 locID: 102651689317630504 bcsId: 0,size=3145728]} | ret=SUCCESS |  
2019-08-20 22:34:34,245 | INFO  | DNAudit | user=null | ip=null | op=PUT_BLOCK {blockData=[blockId=conID: 2 locID: 102651689317630504 bcsId: 0,size=3145728]} | ret=SUCCESS |  
2019-08-20 22:34:34,247 | INFO  | DNAudit | user=null | ip=null | op=WRITE_CHUNK {blockData=conID: 2 locID: 102651689317630504 bcsId: 3078} | ret=SUCCESS |  
2019-08-20 22:34:34,248 | INFO  | DNAudit | user=null | ip=null | op=WRITE_CHUNK {blockData=conID: 2 locID: 102651689317630504 bcsId: 3078} | ret=SUCCESS |  
2019-08-20 22:34:34,248 | INFO  | DNAudit | user=null | ip=null | op=WRITE_CHUNK {blockData=conID: 2 locID: 102651689317630504 bcsId: 3078} | ret=SUCCESS |  
2019-08-20 22:34:34,270 | INFO  | DNAudit | user=null | ip=null | op=WRITE_CHUNK {blockData=conID: 2 locID: 102651689317630504 bcsId: 3078} | ret=SUCCESS |  
2019-08-20 22:34:34,271 | INFO  | DNAudit | user=null | ip=null | op=PUT_BLOCK {blockData=[blockId=conID: 2 locID: 102651689317630504 bcsId: 0,size=4194304]} | ret=SUCCESS |  
2019-08-20 22:34:34,271 [grpc-default-executor-2] INFO  client.GrpcClientProtocolClient (GrpcClientProtocolClient.java:onNext(255)) - client-391BA870FC40->947ec526-030f-41cc-8af7-a6f75e712ab0: receive RaftClientReply:client-391BA870FC40->947ec526-030f-41cc-8af7-a6f75e712ab0@group-5D45C35602B2, cid=2091, SUCCESS, logIndex=3081, commits[947ec526-030f-41cc-8af7-a6f75e712ab0:c3082, c447b9b6-dde2-4ce7-aa81-d0e2eddc8fe9:c3080, 28b540ac-241d-462a-a56c-509e92928066:c3080]
2019-08-20 22:34:34,271 [grpc-default-executor-2] INFO  client.GrpcClientProtocolClient (GrpcClientProtocolClient.java:onNext(255)) - client-391BA870FC40->947ec526-030f-41cc-8af7-a6f75e712ab0: receive RaftClientReply:client-391BA870FC40->947ec526-030f-41cc-8af7-a6f75e712ab0@group-5D45C35602B2, cid=2092, SUCCESS, logIndex=3082, commits[947ec526-030f-41cc-8af7-a6f75e712ab0:c3082, c447b9b6-dde2-4ce7-aa81-d0e2eddc8fe9:c3080, 28b540ac-241d-462a-a56c-509e92928066:c3080]
2019-08-20 22:34:34,278 | INFO  | DNAudit | user=null | ip=null | op=WRITE_CHUNK {blockData=conID: 2 locID: 102651689317630504 bcsId: 3078} | ret=SUCCESS |  
2019-08-20 22:34:34,278 | INFO  | DNAudit | user=null | ip=null | op=WRITE_CHUNK {blockData=conID: 2 locID: 102651689317630504 bcsId: 3078} | ret=SUCCESS |  
2019-08-20 22:34:34,278 | INFO  | DNAudit | user=null | ip=null | op=PUT_BLOCK {blockData=[blockId=conID: 2 locID: 102651689317630504 bcsId: 0,size=4194304]} | ret=SUCCESS |  
2019-08-20 22:34:34,278 | INFO  | DNAudit | user=null | ip=null | op=PUT_BLOCK {blockData=[blockId=conID: 2 locID: 102651689317630504 bcsId: 0,size=4194304]} | ret=SUCCESS |  
2019-08-20 22:34:34,278 [grpc-default-executor-2] INFO  client.GrpcClientProtocolClient (GrpcClientProtocolClient.java:onNext(255)) - client-391BA870FC40->947ec526-030f-41cc-8af7-a6f75e712ab0: receive RaftClientReply:client-391BA870FC40->947ec526-030f-41cc-8af7-a6f75e712ab0@group-5D45C35602B2, cid=2093, SUCCESS, logIndex=0, commits[947ec526-030f-41cc-8af7-a6f75e712ab0:c3083, c447b9b6-dde2-4ce7-aa81-d0e2eddc8fe9:c3082, 28b540ac-241d-462a-a56c-509e92928066:c3082]
2019-08-20 22:34:34,282 | INFO  | SCMAudit | user=jenkins1000 | ip=192.168.5.142 | op=ALLOCATE_BLOCK {owner=6f694d07-2a2f-44d9-8e1c-aaa094a2f647, size=4194304, type=RATIS, factor=THREE} | ret=SUCCESS |  
2019-08-20 22:34:34,284 | INFO  | OMAudit | user=jenkins1000 | ip=127.0.0.1 | op=ALLOCATE_BLOCK {volume=vol-0-80747, bucket=bucket-0-27686, key=key-0-47435, dataSize=0, replicationType=null, replicationFactor=null, keyLocationInfo=null, clientID=102651687805452690} | ret=SUCCESS |  
2019-08-20 22:34:34,291 | INFO  | DNAudit | user=null | ip=null | op=WRITE_CHUNK {blockData=conID: 3 locID: 102651689322545705 bcsId: 0} | ret=SUCCESS |  
2019-08-20 22:34:34,293 | INFO  | DNAudit | user=null | ip=null | op=WRITE_CHUNK {blockData=conID: 3 locID: 102651689322545705 bcsId: 0} | ret=SUCCESS |  
2019-08-20 22:34:34,293 | INFO  | DNAudit | user=null | ip=null | op=WRITE_CHUNK {blockData=conID: 3 locID: 102651689322545705 bcsId: 0} | ret=SUCCESS |  
2019-08-20 22:34:34,294 | INFO  | DNAudit | user=null | ip=null | op=WRITE_CHUNK {blockData=conID: 3 locID: 102651689322545705 bcsId: 0} | ret=SUCCESS |  
2019-08-20 22:34:34,295 | INFO  | DNAudit | user=null | ip=null | op=WRITE_CHUNK {blockData=conID: 3 locID: 102651689322545705 bcsId: 0} | ret=SUCCESS |  
2019-08-20 22:34:34,295 | INFO  | DNAudit | user=null | ip=null | op=WRITE_CHUNK {blockData=conID: 3 locID: 102651689322545705 bcsId: 0} | ret=SUCCESS |  
2019-08-20 22:34:34,303 | INFO  | DNAudit | user=null | ip=null | op=WRITE_CHUNK {blockData=conID: 3 locID: 102651689322545705 bcsId: 0} | ret=SUCCESS |  
2019-08-20 22:34:34,304 | INFO  | DNAudit | user=null | ip=null | op=PUT_BLOCK {blockData=[blockId=conID: 3 locID: 102651689322545705 bcsId: 0,size=1048576]} | ret=SUCCESS |  
2019-08-20 22:34:34,304 [grpc-default-executor-1] INFO  client.GrpcClientProtocolClient (GrpcClientProtocolClient.java:onNext(255)) - client-391BA870FC40->947ec526-030f-41cc-8af7-a6f75e712ab0: receive RaftClientReply:client-391BA870FC40->947ec526-030f-41cc-8af7-a6f75e712ab0@group-5D45C35602B2, cid=2094, SUCCESS, logIndex=3085, commits[947ec526-030f-41cc-8af7-a6f75e712ab0:c3086, c447b9b6-dde2-4ce7-aa81-d0e2eddc8fe9:c3084, 28b540ac-241d-462a-a56c-509e92928066:c3084]
2019-08-20 22:34:34,304 | INFO  | DNAudit | user=null | ip=null | op=WRITE_CHUNK {blockData=conID: 3 locID: 102651689322545705 bcsId: 0} | ret=SUCCESS |  
2019-08-20 22:34:34,304 [grpc-default-executor-1] INFO  client.GrpcClientProtocolClient (GrpcClientProtocolClient.java:onNext(255)) - client-391BA870FC40->947ec526-030f-41cc-8af7-a6f75e712ab0: receive RaftClientReply:client-391BA870FC40->947ec526-030f-41cc-8af7-a6f75e712ab0@group-5D45C35602B2, cid=2095, SUCCESS, logIndex=3086, commits[947ec526-030f-41cc-8af7-a6f75e712ab0:c3086, c447b9b6-dde2-4ce7-aa81-d0e2eddc8fe9:c3084, 28b540ac-241d-462a-a56c-509e92928066:c3084]
2019-08-20 22:34:34,305 | INFO  | DNAudit | user=null | ip=null | op=PUT_BLOCK {blockData=[blockId=conID: 3 locID: 102651689322545705 bcsId: 0,size=2097152]} | ret=SUCCESS |  
2019-08-20 22:34:34,305 [grpc-default-executor-1] INFO  client.GrpcClientProtocolClient (GrpcClientProtocolClient.java:onNext(255)) - client-391BA870FC40->947ec526-030f-41cc-8af7-a6f75e712ab0: receive RaftClientReply:client-391BA870FC40->947ec526-030f-41cc-8af7-a6f75e712ab0@group-5D45C35602B2, cid=2096, SUCCESS, logIndex=3087, commits[947ec526-030f-41cc-8af7-a6f75e712ab0:c3088, c447b9b6-dde2-4ce7-aa81-d0e2eddc8fe9:c3084, 28b540ac-241d-462a-a56c-509e92928066:c3084]
2019-08-20 22:34:34,305 [grpc-default-executor-1] INFO  client.GrpcClientProtocolClient (GrpcClientProtocolClient.java:onNext(255)) - client-391BA870FC40->947ec526-030f-41cc-8af7-a6f75e712ab0: receive RaftClientReply:client-391BA870FC40->947ec526-030f-41cc-8af7-a6f75e712ab0@group-5D45C35602B2, cid=2097, SUCCESS, logIndex=3088, commits[947ec526-030f-41cc-8af7-a6f75e712ab0:c3088, c447b9b6-dde2-4ce7-aa81-d0e2eddc8fe9:c3084, 28b540ac-241d-462a-a56c-509e92928066:c3084]
2019-08-20 22:34:34,317 | INFO  | DNAudit | user=null | ip=null | op=WRITE_CHUNK {blockData=conID: 3 locID: 102651689322545705 bcsId: 0} | ret=SUCCESS |  
2019-08-20 22:34:34,318 | INFO  | DNAudit | user=null | ip=null | op=PUT_BLOCK {blockData=[blockId=conID: 3 locID: 102651689322545705 bcsId: 0,size=1048576]} | ret=SUCCESS |  
2019-08-20 22:34:34,318 | INFO  | DNAudit | user=null | ip=null | op=WRITE_CHUNK {blockData=conID: 3 locID: 102651689322545705 bcsId: 0} | ret=SUCCESS |  
2019-08-20 22:34:34,318 [grpc-default-executor-1] INFO  client.GrpcClientProtocolClient (GrpcClientProtocolClient.java:onNext(255)) - client-391BA870FC40->947ec526-030f-41cc-8af7-a6f75e712ab0: receive RaftClientReply:client-391BA870FC40->947ec526-030f-41cc-8af7-a6f75e712ab0@group-5D45C35602B2, cid=2098, SUCCESS, logIndex=0, commits[947ec526-030f-41cc-8af7-a6f75e712ab0:c3090, c447b9b6-dde2-4ce7-aa81-d0e2eddc8fe9:c3086, 28b540ac-241d-462a-a56c-509e92928066:c3086]
2019-08-20 22:34:34,318 | INFO  | DNAudit | user=null | ip=null | op=PUT_BLOCK {blockData=[blockId=conID: 3 locID: 102651689322545705 bcsId: 0,size=1048576]} | ret=SUCCESS |  
2019-08-20 22:34:34,318 | INFO  | DNAudit | user=null | ip=null | op=WRITE_CHUNK {blockData=conID: 3 locID: 102651689322545705 bcsId: 0} | ret=SUCCESS |  
2019-08-20 22:34:34,319 | INFO  | DNAudit | user=null | ip=null | op=WRITE_CHUNK {blockData=conID: 3 locID: 102651689322545705 bcsId: 0} | ret=SUCCESS |  
2019-08-20 22:34:34,319 | INFO  | DNAudit | user=null | ip=null | op=PUT_BLOCK {blockData=[blockId=conID: 3 locID: 102651689322545705 bcsId: 0,size=2097152]} | ret=SUCCESS |  
2019-08-20 22:34:34,319 | INFO  | DNAudit | user=null | ip=null | op=PUT_BLOCK {blockData=[blockId=conID: 3 locID: 102651689322545705 bcsId: 0,size=2097152]} | ret=SUCCESS |  
2019-08-20 22:34:34,325 | INFO  | DNAudit | user=null | ip=null | op=WRITE_CHUNK {blockData=conID: 3 locID: 102651689322545705 bcsId: 3088} | ret=SUCCESS |  
2019-08-20 22:34:34,325 | INFO  | DNAudit | user=null | ip=null | op=WRITE_CHUNK {blockData=conID: 3 locID: 102651689322545705 bcsId: 3088} | ret=SUCCESS |  
2019-08-20 22:34:34,325 | INFO  | DNAudit | user=null | ip=null | op=WRITE_CHUNK {blockData=conID: 3 locID: 102651689322545705 bcsId: 3088} | ret=SUCCESS |  
2019-08-20 22:34:34,337 | INFO  | DNAudit | user=null | ip=null | op=WRITE_CHUNK {blockData=conID: 3 locID: 102651689322545705 bcsId: 3088} | ret=SUCCESS |  
2019-08-20 22:34:34,338 | INFO  | DNAudit | user=null | ip=null | op=PUT_BLOCK {blockData=[blockId=conID: 3 locID: 102651689322545705 bcsId: 0,size=3145728]} | ret=SUCCESS |  
2019-08-20 22:34:34,338 [grpc-default-executor-2] INFO  client.GrpcClientProtocolClient (GrpcClientProtocolClient.java:onNext(255)) - client-391BA870FC40->947ec526-030f-41cc-8af7-a6f75e712ab0: receive RaftClientReply:client-391BA870FC40->947ec526-030f-41cc-8af7-a6f75e712ab0@group-5D45C35602B2, cid=2099, SUCCESS, logIndex=3093, commits[947ec526-030f-41cc-8af7-a6f75e712ab0:c3094, c447b9b6-dde2-4ce7-aa81-d0e2eddc8fe9:c3092, 28b540ac-241d-462a-a56c-509e92928066:c3092]
2019-08-20 22:34:34,338 [grpc-default-executor-2] INFO  client.GrpcClientProtocolClient (GrpcClientProtocolClient.java:onNext(255)) - client-391BA870FC40->947ec526-030f-41cc-8af7-a6f75e712ab0: receive RaftClientReply:client-391BA870FC40->947ec526-030f-41cc-8af7-a6f75e712ab0@group-5D45C35602B2, cid=2100, SUCCESS, logIndex=3094, commits[947ec526-030f-41cc-8af7-a6f75e712ab0:c3094, c447b9b6-dde2-4ce7-aa81-d0e2eddc8fe9:c3092, 28b540ac-241d-462a-a56c-509e92928066:c3092]
2019-08-20 22:34:34,343 | INFO  | DNAudit | user=null | ip=null | op=WRITE_CHUNK {blockData=conID: 3 locID: 102651689322545705 bcsId: 3094} | ret=SUCCESS |  
2019-08-20 22:34:34,344 | INFO  | DNAudit | user=null | ip=null | op=WRITE_CHUNK {blockData=conID: 3 locID: 102651689322545705 bcsId: 3094} | ret=SUCCESS |  
2019-08-20 22:34:34,344 | INFO  | DNAudit | user=null | ip=null | op=WRITE_CHUNK {blockData=conID: 3 locID: 102651689322545705 bcsId: 3094} | ret=SUCCESS |  
2019-08-20 22:34:34,357 | INFO  | DNAudit | user=null | ip=null | op=WRITE_CHUNK {blockData=conID: 3 locID: 102651689322545705 bcsId: 3088} | ret=SUCCESS |  
2019-08-20 22:34:34,357 | INFO  | DNAudit | user=null | ip=null | op=WRITE_CHUNK {blockData=conID: 3 locID: 102651689322545705 bcsId: 3088} | ret=SUCCESS |  
2019-08-20 22:34:34,357 | INFO  | DNAudit | user=null | ip=null | op=PUT_BLOCK {blockData=[blockId=conID: 3 locID: 102651689322545705 bcsId: 0,size=3145728]} | ret=SUCCESS |  
2019-08-20 22:34:34,359 | INFO  | DNAudit | user=null | ip=null | op=PUT_BLOCK {blockData=[blockId=conID: 3 locID: 102651689322545705 bcsId: 0,size=3145728]} | ret=SUCCESS |  
2019-08-20 22:34:34,360 | INFO  | DNAudit | user=null | ip=null | op=WRITE_CHUNK {blockData=conID: 3 locID: 102651689322545705 bcsId: 3094} | ret=SUCCESS |  
2019-08-20 22:34:34,360 | INFO  | DNAudit | user=null | ip=null | op=PUT_BLOCK {blockData=[blockId=conID: 3 locID: 102651689322545705 bcsId: 0,size=4194304]} | ret=SUCCESS |  
2019-08-20 22:34:34,360 [grpc-default-executor-1] INFO  client.GrpcClientProtocolClient (GrpcClientProtocolClient.java:onNext(255)) - client-391BA870FC40->947ec526-030f-41cc-8af7-a6f75e712ab0: receive RaftClientReply:client-391BA870FC40->947ec526-030f-41cc-8af7-a6f75e712ab0@group-5D45C35602B2, cid=2101, SUCCESS, logIndex=3097, commits[947ec526-030f-41cc-8af7-a6f75e712ab0:c3098, c447b9b6-dde2-4ce7-aa81-d0e2eddc8fe9:c3094, 28b540ac-241d-462a-a56c-509e92928066:c3094]
2019-08-20 22:34:34,361 [grpc-default-executor-1] INFO  client.GrpcClientProtocolClient (GrpcClientProtocolClient.java:onNext(255)) - client-391BA870FC40->947ec526-030f-41cc-8af7-a6f75e712ab0: receive RaftClientReply:client-391BA870FC40->947ec526-030f-41cc-8af7-a6f75e712ab0@group-5D45C35602B2, cid=2102, SUCCESS, logIndex=3098, commits[947ec526-030f-41cc-8af7-a6f75e712ab0:c3098, c447b9b6-dde2-4ce7-aa81-d0e2eddc8fe9:c3094, 28b540ac-241d-462a-a56c-509e92928066:c3094]
2019-08-20 22:34:34,372 | INFO  | DNAudit | user=null | ip=null | op=WRITE_CHUNK {blockData=conID: 3 locID: 102651689322545705 bcsId: 3094} | ret=SUCCESS |  
2019-08-20 22:34:34,372 | INFO  | DNAudit | user=null | ip=null | op=WRITE_CHUNK {blockData=conID: 3 locID: 102651689322545705 bcsId: 3094} | ret=SUCCESS |  
2019-08-20 22:34:34,374 | INFO  | DNAudit | user=null | ip=null | op=PUT_BLOCK {blockData=[blockId=conID: 3 locID: 102651689322545705 bcsId: 0,size=4194304]} | ret=SUCCESS |  
2019-08-20 22:34:34,374 | INFO  | DNAudit | user=null | ip=null | op=PUT_BLOCK {blockData=[blockId=conID: 3 locID: 102651689322545705 bcsId: 0,size=4194304]} | ret=SUCCESS |  
2019-08-20 22:34:34,375 [grpc-default-executor-1] INFO  client.GrpcClientProtocolClient (GrpcClientProtocolClient.java:onNext(255)) - client-391BA870FC40->947ec526-030f-41cc-8af7-a6f75e712ab0: receive RaftClientReply:client-391BA870FC40->947ec526-030f-41cc-8af7-a6f75e712ab0@group-5D45C35602B2, cid=2103, SUCCESS, logIndex=0, commits[947ec526-030f-41cc-8af7-a6f75e712ab0:c3100, c447b9b6-dde2-4ce7-aa81-d0e2eddc8fe9:c3098, 28b540ac-241d-462a-a56c-509e92928066:c3098]
2019-08-20 22:34:34,379 | INFO  | SCMAudit | user=jenkins1000 | ip=192.168.5.142 | op=ALLOCATE_BLOCK {owner=6f694d07-2a2f-44d9-8e1c-aaa094a2f647, size=4194304, type=RATIS, factor=THREE} | ret=SUCCESS |  
2019-08-20 22:34:34,381 | INFO  | OMAudit | user=jenkins1000 | ip=127.0.0.1 | op=ALLOCATE_BLOCK {volume=vol-0-80747, bucket=bucket-0-27686, key=key-0-47435, dataSize=0, replicationType=null, replicationFactor=null, keyLocationInfo=null, clientID=102651687805452690} | ret=SUCCESS |  
2019-08-20 22:34:34,386 | INFO  | DNAudit | user=null | ip=null | op=WRITE_CHUNK {blockData=conID: 1 locID: 102651689328902698 bcsId: 0} | ret=SUCCESS |  
2019-08-20 22:34:34,388 | INFO  | DNAudit | user=null | ip=null | op=WRITE_CHUNK {blockData=conID: 1 locID: 102651689328902698 bcsId: 0} | ret=SUCCESS |  
2019-08-20 22:34:34,388 | INFO  | DNAudit | user=null | ip=null | op=WRITE_CHUNK {blockData=conID: 1 locID: 102651689328902698 bcsId: 0} | ret=SUCCESS |  
2019-08-20 22:34:34,388 | INFO  | DNAudit | user=null | ip=null | op=WRITE_CHUNK {blockData=conID: 1 locID: 102651689328902698 bcsId: 0} | ret=SUCCESS |  
2019-08-20 22:34:34,389 | INFO  | DNAudit | user=null | ip=null | op=WRITE_CHUNK {blockData=conID: 1 locID: 102651689328902698 bcsId: 0} | ret=SUCCESS |  
2019-08-20 22:34:34,389 | INFO  | DNAudit | user=null | ip=null | op=WRITE_CHUNK {blockData=conID: 1 locID: 102651689328902698 bcsId: 0} | ret=SUCCESS |  
2019-08-20 22:34:34,407 | INFO  | DNAudit | user=null | ip=null | op=WRITE_CHUNK {blockData=conID: 1 locID: 102651689328902698 bcsId: 0} | ret=SUCCESS |  
2019-08-20 22:34:34,407 | INFO  | DNAudit | user=null | ip=null | op=PUT_BLOCK {blockData=[blockId=conID: 1 locID: 102651689328902698 bcsId: 0,size=1048576]} | ret=SUCCESS |  
2019-08-20 22:34:34,408 [grpc-default-executor-3] INFO  client.GrpcClientProtocolClient (GrpcClientProtocolClient.java:onNext(255)) - client-391BA870FC40->947ec526-030f-41cc-8af7-a6f75e712ab0: receive RaftClientReply:client-391BA870FC40->947ec526-030f-41cc-8af7-a6f75e712ab0@group-5D45C35602B2, cid=2104, SUCCESS, logIndex=3101, commits[947ec526-030f-41cc-8af7-a6f75e712ab0:c3103, c447b9b6-dde2-4ce7-aa81-d0e2eddc8fe9:c3100, 28b540ac-241d-462a-a56c-509e92928066:c3100]
2019-08-20 22:34:34,408 | INFO  | DNAudit | user=null | ip=null | op=WRITE_CHUNK {blockData=conID: 1 locID: 102651689328902698 bcsId: 0} | ret=SUCCESS |  
2019-08-20 22:34:34,408 [grpc-default-executor-3] INFO  client.GrpcClientProtocolClient (GrpcClientProtocolClient.java:onNext(255)) - client-391BA870FC40->947ec526-030f-41cc-8af7-a6f75e712ab0: receive RaftClientReply:client-391BA870FC40->947ec526-030f-41cc-8af7-a6f75e712ab0@group-5D45C35602B2, cid=2105, SUCCESS, logIndex=3102, commits[947ec526-030f-41cc-8af7-a6f75e712ab0:c3104, c447b9b6-dde2-4ce7-aa81-d0e2eddc8fe9:c3100, 28b540ac-241d-462a-a56c-509e92928066:c3100]
2019-08-20 22:34:34,408 | INFO  | DNAudit | user=null | ip=null | op=PUT_BLOCK {blockData=[blockId=conID: 1 locID: 102651689328902698 bcsId: 0,size=2097152]} | ret=SUCCESS |  
2019-08-20 22:34:34,408 [grpc-default-executor-3] INFO  client.GrpcClientProtocolClient (GrpcClientProtocolClient.java:onNext(255)) - client-391BA870FC40->947ec526-030f-41cc-8af7-a6f75e712ab0: receive RaftClientReply:client-391BA870FC40->947ec526-030f-41cc-8af7-a6f75e712ab0@group-5D45C35602B2, cid=2106, SUCCESS, logIndex=3103, commits[947ec526-030f-41cc-8af7-a6f75e712ab0:c3104, c447b9b6-dde2-4ce7-aa81-d0e2eddc8fe9:c3100, 28b540ac-241d-462a-a56c-509e92928066:c3100]
2019-08-20 22:34:34,408 [grpc-default-executor-3] INFO  client.GrpcClientProtocolClient (GrpcClientProtocolClient.java:onNext(255)) - client-391BA870FC40->947ec526-030f-41cc-8af7-a6f75e712ab0: receive RaftClientReply:client-391BA870FC40->947ec526-030f-41cc-8af7-a6f75e712ab0@group-5D45C35602B2, cid=2107, SUCCESS, logIndex=3104, commits[947ec526-030f-41cc-8af7-a6f75e712ab0:c3104, c447b9b6-dde2-4ce7-aa81-d0e2eddc8fe9:c3100, 28b540ac-241d-462a-a56c-509e92928066:c3100]
2019-08-20 22:34:34,410 | INFO  | DNAudit | user=null | ip=null | op=WRITE_CHUNK {blockData=conID: 1 locID: 102651689328902698 bcsId: 0} | ret=SUCCESS |  
2019-08-20 22:34:34,410 | INFO  | DNAudit | user=null | ip=null | op=PUT_BLOCK {blockData=[blockId=conID: 1 locID: 102651689328902698 bcsId: 0,size=1048576]} | ret=SUCCESS |  
2019-08-20 22:34:34,421 | INFO  | DNAudit | user=null | ip=null | op=WRITE_CHUNK {blockData=conID: 1 locID: 102651689328902698 bcsId: 0} | ret=SUCCESS |  
2019-08-20 22:34:34,421 | INFO  | DNAudit | user=null | ip=null | op=PUT_BLOCK {blockData=[blockId=conID: 1 locID: 102651689328902698 bcsId: 0,size=1048576]} | ret=SUCCESS |  
2019-08-20 22:34:34,421 | INFO  | DNAudit | user=null | ip=null | op=WRITE_CHUNK {blockData=conID: 1 locID: 102651689328902698 bcsId: 0} | ret=SUCCESS |  
2019-08-20 22:34:34,421 | INFO  | DNAudit | user=null | ip=null | op=PUT_BLOCK {blockData=[blockId=conID: 1 locID: 102651689328902698 bcsId: 0,size=2097152]} | ret=SUCCESS |  
2019-08-20 22:34:34,421 [grpc-default-executor-5] INFO  client.GrpcClientProtocolClient (GrpcClientProtocolClient.java:onNext(255)) - client-391BA870FC40->947ec526-030f-41cc-8af7-a6f75e712ab0: receive RaftClientReply:client-391BA870FC40->947ec526-030f-41cc-8af7-a6f75e712ab0@group-5D45C35602B2, cid=2108, SUCCESS, logIndex=0, commits[947ec526-030f-41cc-8af7-a6f75e712ab0:c3105, c447b9b6-dde2-4ce7-aa81-d0e2eddc8fe9:c3102, 28b540ac-241d-462a-a56c-509e92928066:c3102]
2019-08-20 22:34:34,421 | INFO  | DNAudit | user=null | ip=null | op=WRITE_CHUNK {blockData=conID: 1 locID: 102651689328902698 bcsId: 0} | ret=SUCCESS |  
2019-08-20 22:34:34,422 | INFO  | DNAudit | user=null | ip=null | op=PUT_BLOCK {blockData=[blockId=conID: 1 locID: 102651689328902698 bcsId: 0,size=2097152]} | ret=SUCCESS |  
2019-08-20 22:34:34,426 | INFO  | DNAudit | user=null | ip=null | op=WRITE_CHUNK {blockData=conID: 1 locID: 102651689328902698 bcsId: 3104} | ret=SUCCESS |  
2019-08-20 22:34:34,427 | INFO  | DNAudit | user=null | ip=null | op=WRITE_CHUNK {blockData=conID: 1 locID: 102651689328902698 bcsId: 3104} | ret=SUCCESS |  
2019-08-20 22:34:34,428 | INFO  | DNAudit | user=null | ip=null | op=WRITE_CHUNK {blockData=conID: 1 locID: 102651689328902698 bcsId: 3104} | ret=SUCCESS |  
2019-08-20 22:34:34,439 | INFO  | DNAudit | user=null | ip=null | op=WRITE_CHUNK {blockData=conID: 1 locID: 102651689328902698 bcsId: 3104} | ret=SUCCESS |  
2019-08-20 22:34:34,439 | INFO  | DNAudit | user=null | ip=null | op=PUT_BLOCK {blockData=[blockId=conID: 1 locID: 102651689328902698 bcsId: 0,size=3145728]} | ret=SUCCESS |  
2019-08-20 22:34:34,439 [grpc-default-executor-3] INFO  client.GrpcClientProtocolClient (GrpcClientProtocolClient.java:onNext(255)) - client-391BA870FC40->947ec526-030f-41cc-8af7-a6f75e712ab0: receive RaftClientReply:client-391BA870FC40->947ec526-030f-41cc-8af7-a6f75e712ab0@group-5D45C35602B2, cid=2109, SUCCESS, logIndex=3109, commits[947ec526-030f-41cc-8af7-a6f75e712ab0:c3110, c447b9b6-dde2-4ce7-aa81-d0e2eddc8fe9:c3108, 28b540ac-241d-462a-a56c-509e92928066:c3108]
2019-08-20 22:34:34,439 [grpc-default-executor-3] INFO  client.GrpcClientProtocolClient (GrpcClientProtocolClient.java:onNext(255)) - client-391BA870FC40->947ec526-030f-41cc-8af7-a6f75e712ab0: receive RaftClientReply:client-391BA870FC40->947ec526-030f-41cc-8af7-a6f75e712ab0@group-5D45C35602B2, cid=2110, SUCCESS, logIndex=3110, commits[947ec526-030f-41cc-8af7-a6f75e712ab0:c3110, c447b9b6-dde2-4ce7-aa81-d0e2eddc8fe9:c3108, 28b540ac-241d-462a-a56c-509e92928066:c3108]
2019-08-20 22:34:34,445 | INFO  | DNAudit | user=null | ip=null | op=WRITE_CHUNK {blockData=conID: 1 locID: 102651689328902698 bcsId: 3110} | ret=SUCCESS |  
2019-08-20 22:34:34,446 | INFO  | DNAudit | user=null | ip=null | op=WRITE_CHUNK {blockData=conID: 1 locID: 102651689328902698 bcsId: 3110} | ret=SUCCESS |  
2019-08-20 22:34:34,446 | INFO  | DNAudit | user=null | ip=null | op=WRITE_CHUNK {blockData=conID: 1 locID: 102651689328902698 bcsId: 3110} | ret=SUCCESS |  
2019-08-20 22:34:34,450 | INFO  | DNAudit | user=null | ip=null | op=WRITE_CHUNK {blockData=conID: 1 locID: 102651689328902698 bcsId: 3104} | ret=SUCCESS |  
2019-08-20 22:34:34,450 | INFO  | DNAudit | user=null | ip=null | op=WRITE_CHUNK {blockData=conID: 1 locID: 102651689328902698 bcsId: 3104} | ret=SUCCESS |  
2019-08-20 22:34:34,453 | INFO  | DNAudit | user=null | ip=null | op=PUT_BLOCK {blockData=[blockId=conID: 1 locID: 102651689328902698 bcsId: 0,size=3145728]} | ret=SUCCESS |  
2019-08-20 22:34:34,453 | INFO  | DNAudit | user=null | ip=null | op=PUT_BLOCK {blockData=[blockId=conID: 1 locID: 102651689328902698 bcsId: 0,size=3145728]} | ret=SUCCESS |  
2019-08-20 22:34:34,453 | INFO  | DNAudit | user=null | ip=null | op=WRITE_CHUNK {blockData=conID: 1 locID: 102651689328902698 bcsId: 3110} | ret=SUCCESS |  
2019-08-20 22:34:34,453 | INFO  | DNAudit | user=null | ip=null | op=PUT_BLOCK {blockData=[blockId=conID: 1 locID: 102651689328902698 bcsId: 0,size=4194304]} | ret=SUCCESS |  
2019-08-20 22:34:34,454 [grpc-default-executor-5] INFO  client.GrpcClientProtocolClient (GrpcClientProtocolClient.java:onNext(255)) - client-391BA870FC40->947ec526-030f-41cc-8af7-a6f75e712ab0: receive RaftClientReply:client-391BA870FC40->947ec526-030f-41cc-8af7-a6f75e712ab0@group-5D45C35602B2, cid=2111, SUCCESS, logIndex=3113, commits[947ec526-030f-41cc-8af7-a6f75e712ab0:c3114, c447b9b6-dde2-4ce7-aa81-d0e2eddc8fe9:c3110, 28b540ac-241d-462a-a56c-509e92928066:c3110]
2019-08-20 22:34:34,454 [grpc-default-executor-5] INFO  client.GrpcClientProtocolClient (GrpcClientProtocolClient.java:onNext(255)) - client-391BA870FC40->947ec526-030f-41cc-8af7-a6f75e712ab0: receive RaftClientReply:client-391BA870FC40->947ec526-030f-41cc-8af7-a6f75e712ab0@group-5D45C35602B2, cid=2112, SUCCESS, logIndex=3114, commits[947ec526-030f-41cc-8af7-a6f75e712ab0:c3114, c447b9b6-dde2-4ce7-aa81-d0e2eddc8fe9:c3110, 28b540ac-241d-462a-a56c-509e92928066:c3110]
2019-08-20 22:34:34,464 | INFO  | DNAudit | user=null | ip=null | op=WRITE_CHUNK {blockData=conID: 1 locID: 102651689328902698 bcsId: 3110} | ret=SUCCESS |  
2019-08-20 22:34:34,464 | INFO  | DNAudit | user=null | ip=null | op=WRITE_CHUNK {blockData=conID: 1 locID: 102651689328902698 bcsId: 3110} | ret=SUCCESS |  
2019-08-20 22:34:34,467 | INFO  | DNAudit | user=null | ip=null | op=PUT_BLOCK {blockData=[blockId=conID: 1 locID: 102651689328902698 bcsId: 0,size=4194304]} | ret=SUCCESS |  
2019-08-20 22:34:34,467 | INFO  | DNAudit | user=null | ip=null | op=PUT_BLOCK {blockData=[blockId=conID: 1 locID: 102651689328902698 bcsId: 0,size=4194304]} | ret=SUCCESS |  
2019-08-20 22:34:34,467 [grpc-default-executor-5] INFO  client.GrpcClientProtocolClient (GrpcClientProtocolClient.java:onNext(255)) - client-391BA870FC40->947ec526-030f-41cc-8af7-a6f75e712ab0: receive RaftClientReply:client-391BA870FC40->947ec526-030f-41cc-8af7-a6f75e712ab0@group-5D45C35602B2, cid=2113, SUCCESS, logIndex=0, commits[947ec526-030f-41cc-8af7-a6f75e712ab0:c3116, c447b9b6-dde2-4ce7-aa81-d0e2eddc8fe9:c3114, 28b540ac-241d-462a-a56c-509e92928066:c3114]
2019-08-20 22:34:34,471 | INFO  | SCMAudit | user=jenkins1000 | ip=192.168.5.142 | op=ALLOCATE_BLOCK {owner=6f694d07-2a2f-44d9-8e1c-aaa094a2f647, size=4194304, type=RATIS, factor=THREE} | ret=SUCCESS |  
2019-08-20 22:34:34,473 | INFO  | OMAudit | user=jenkins1000 | ip=127.0.0.1 | op=ALLOCATE_BLOCK {volume=vol-0-80747, bucket=bucket-0-27686, key=key-0-47435, dataSize=0, replicationType=null, replicationFactor=null, keyLocationInfo=null, clientID=102651687805452690} | ret=SUCCESS |  
2019-08-20 22:34:34,479 | INFO  | DNAudit | user=null | ip=null | op=WRITE_CHUNK {blockData=conID: 2 locID: 102651689334932011 bcsId: 0} | ret=SUCCESS |  
2019-08-20 22:34:34,480 | INFO  | DNAudit | user=null | ip=null | op=WRITE_CHUNK {blockData=conID: 2 locID: 102651689334932011 bcsId: 0} | ret=SUCCESS |  
2019-08-20 22:34:34,480 | INFO  | DNAudit | user=null | ip=null | op=WRITE_CHUNK {blockData=conID: 2 locID: 102651689334932011 bcsId: 0} | ret=SUCCESS |  
2019-08-20 22:34:34,481 | INFO  | DNAudit | user=null | ip=null | op=WRITE_CHUNK {blockData=conID: 2 locID: 102651689334932011 bcsId: 0} | ret=SUCCESS |  
2019-08-20 22:34:34,482 | INFO  | DNAudit | user=null | ip=null | op=WRITE_CHUNK {blockData=conID: 2 locID: 102651689334932011 bcsId: 0} | ret=SUCCESS |  
2019-08-20 22:34:34,482 | INFO  | DNAudit | user=null | ip=null | op=WRITE_CHUNK {blockData=conID: 2 locID: 102651689334932011 bcsId: 0} | ret=SUCCESS |  
2019-08-20 22:34:34,493 | INFO  | DNAudit | user=null | ip=null | op=WRITE_CHUNK {blockData=conID: 2 locID: 102651689334932011 bcsId: 0} | ret=SUCCESS |  
2019-08-20 22:34:34,493 | INFO  | DNAudit | user=null | ip=null | op=PUT_BLOCK {blockData=[blockId=conID: 2 locID: 102651689334932011 bcsId: 0,size=1048576]} | ret=SUCCESS |  
2019-08-20 22:34:34,493 [grpc-default-executor-3] INFO  client.GrpcClientProtocolClient (GrpcClientProtocolClient.java:onNext(255)) - client-391BA870FC40->947ec526-030f-41cc-8af7-a6f75e712ab0: receive RaftClientReply:client-391BA870FC40->947ec526-030f-41cc-8af7-a6f75e712ab0@group-5D45C35602B2, cid=2114, SUCCESS, logIndex=3117, commits[947ec526-030f-41cc-8af7-a6f75e712ab0:c3118, c447b9b6-dde2-4ce7-aa81-d0e2eddc8fe9:c3116, 28b540ac-241d-462a-a56c-509e92928066:c3116]
2019-08-20 22:34:34,494 [grpc-default-executor-3] INFO  client.GrpcClientProtocolClient (GrpcClientProtocolClient.java:onNext(255)) - client-391BA870FC40->947ec526-030f-41cc-8af7-a6f75e712ab0: receive RaftClientReply:client-391BA870FC40->947ec526-030f-41cc-8af7-a6f75e712ab0@group-5D45C35602B2, cid=2115, SUCCESS, logIndex=3118, commits[947ec526-030f-41cc-8af7-a6f75e712ab0:c3118, c447b9b6-dde2-4ce7-aa81-d0e2eddc8fe9:c3116, 28b540ac-241d-462a-a56c-509e92928066:c3116]
2019-08-20 22:34:34,502 | INFO  | DNAudit | user=null | ip=null | op=WRITE_CHUNK {blockData=conID: 2 locID: 102651689334932011 bcsId: 0} | ret=SUCCESS |  
2019-08-20 22:34:34,503 | INFO  | DNAudit | user=null | ip=null | op=PUT_BLOCK {blockData=[blockId=conID: 2 locID: 102651689334932011 bcsId: 0,size=2097152]} | ret=SUCCESS |  
2019-08-20 22:34:34,503 [grpc-default-executor-1] INFO  client.GrpcClientProtocolClient (GrpcClientProtocolClient.java:onNext(255)) - client-391BA870FC40->947ec526-030f-41cc-8af7-a6f75e712ab0: receive RaftClientReply:client-391BA870FC40->947ec526-030f-41cc-8af7-a6f75e712ab0@group-5D45C35602B2, cid=2116, SUCCESS, logIndex=3119, commits[947ec526-030f-41cc-8af7-a6f75e712ab0:c3120, c447b9b6-dde2-4ce7-aa81-d0e2eddc8fe9:c3116, 28b540ac-241d-462a-a56c-509e92928066:c3116]
2019-08-20 22:34:34,503 [grpc-default-executor-1] INFO  client.GrpcClientProtocolClient (GrpcClientProtocolClient.java:onNext(255)) - client-391BA870FC40->947ec526-030f-41cc-8af7-a6f75e712ab0: receive RaftClientReply:client-391BA870FC40->947ec526-030f-41cc-8af7-a6f75e712ab0@group-5D45C35602B2, cid=2117, SUCCESS, logIndex=3120, commits[947ec526-030f-41cc-8af7-a6f75e712ab0:c3120, c447b9b6-dde2-4ce7-aa81-d0e2eddc8fe9:c3116, 28b540ac-241d-462a-a56c-509e92928066:c3116]
2019-08-20 22:34:34,516 | INFO  | DNAudit | user=null | ip=null | op=WRITE_CHUNK {blockData=conID: 2 locID: 102651689334932011 bcsId: 0} | ret=SUCCESS |  
2019-08-20 22:34:34,516 | INFO  | DNAudit | user=null | ip=null | op=WRITE_CHUNK {blockData=conID: 2 locID: 102651689334932011 bcsId: 0} | ret=SUCCESS |  
2019-08-20 22:34:34,516 | INFO  | DNAudit | user=null | ip=null | op=PUT_BLOCK {blockData=[blockId=conID: 2 locID: 102651689334932011 bcsId: 0,size=1048576]} | ret=SUCCESS |  
2019-08-20 22:34:34,516 | INFO  | DNAudit | user=null | ip=null | op=WRITE_CHUNK {blockData=conID: 2 locID: 102651689334932011 bcsId: 0} | ret=SUCCESS |  
2019-08-20 22:34:34,516 | INFO  | DNAudit | user=null | ip=null | op=PUT_BLOCK {blockData=[blockId=conID: 2 locID: 102651689334932011 bcsId: 0,size=1048576]} | ret=SUCCESS |  
2019-08-20 22:34:34,516 [grpc-default-executor-1] INFO  client.GrpcClientProtocolClient (GrpcClientProtocolClient.java:onNext(255)) - client-391BA870FC40->947ec526-030f-41cc-8af7-a6f75e712ab0: receive RaftClientReply:client-391BA870FC40->947ec526-030f-41cc-8af7-a6f75e712ab0@group-5D45C35602B2, cid=2118, SUCCESS, logIndex=0, commits[947ec526-030f-41cc-8af7-a6f75e712ab0:c3122, c447b9b6-dde2-4ce7-aa81-d0e2eddc8fe9:c3118, 28b540ac-241d-462a-a56c-509e92928066:c3118]
2019-08-20 22:34:34,517 | INFO  | DNAudit | user=null | ip=null | op=PUT_BLOCK {blockData=[blockId=conID: 2 locID: 102651689334932011 bcsId: 0,size=2097152]} | ret=SUCCESS |  
2019-08-20 22:34:34,521 | INFO  | DNAudit | user=null | ip=null | op=WRITE_CHUNK {blockData=conID: 2 locID: 102651689334932011 bcsId: 3120} | ret=SUCCESS |  
2019-08-20 22:34:34,523 | INFO  | DNAudit | user=null | ip=null | op=WRITE_CHUNK {blockData=conID: 2 locID: 102651689334932011 bcsId: 3120} | ret=SUCCESS |  
2019-08-20 22:34:34,523 | INFO  | DNAudit | user=null | ip=null | op=WRITE_CHUNK {blockData=conID: 2 locID: 102651689334932011 bcsId: 3120} | ret=SUCCESS |  
2019-08-20 22:34:34,528 | INFO  | DNAudit | user=null | ip=null | op=WRITE_CHUNK {blockData=conID: 2 locID: 102651689334932011 bcsId: 0} | ret=SUCCESS |  
2019-08-20 22:34:34,528 | INFO  | DNAudit | user=null | ip=null | op=WRITE_CHUNK {blockData=conID: 2 locID: 102651689334932011 bcsId: 3120} | ret=SUCCESS |  
2019-08-20 22:34:34,529 | INFO  | DNAudit | user=null | ip=null | op=PUT_BLOCK {blockData=[blockId=conID: 2 locID: 102651689334932011 bcsId: 0,size=2097152]} | ret=SUCCESS |  
2019-08-20 22:34:34,529 | INFO  | DNAudit | user=null | ip=null | op=PUT_BLOCK {blockData=[blockId=conID: 2 locID: 102651689334932011 bcsId: 0,size=3145728]} | ret=SUCCESS |  
2019-08-20 22:34:34,529 [grpc-default-executor-1] INFO  client.GrpcClientProtocolClient (GrpcClientProtocolClient.java:onNext(255)) - client-391BA870FC40->947ec526-030f-41cc-8af7-a6f75e712ab0: receive RaftClientReply:client-391BA870FC40->947ec526-030f-41cc-8af7-a6f75e712ab0@group-5D45C35602B2, cid=2119, SUCCESS, logIndex=3125, commits[947ec526-030f-41cc-8af7-a6f75e712ab0:c3125, c447b9b6-dde2-4ce7-aa81-d0e2eddc8fe9:c3120, 28b540ac-241d-462a-a56c-509e92928066:c3124]
2019-08-20 22:34:34,529 [grpc-default-executor-1] INFO  client.GrpcClientProtocolClient (GrpcClientProtocolClient.java:onNext(255)) - client-391BA870FC40->947ec526-030f-41cc-8af7-a6f75e712ab0: receive RaftClientReply:client-391BA870FC40->947ec526-030f-41cc-8af7-a6f75e712ab0@group-5D45C35602B2, cid=2120, SUCCESS, logIndex=3126, commits[947ec526-030f-41cc-8af7-a6f75e712ab0:c3126, c447b9b6-dde2-4ce7-aa81-d0e2eddc8fe9:c3120, 28b540ac-241d-462a-a56c-509e92928066:c3124]
2019-08-20 22:34:34,529 | INFO  | DNAudit | user=null | ip=null | op=WRITE_CHUNK {blockData=conID: 2 locID: 102651689334932011 bcsId: 3120} | ret=SUCCESS |  
2019-08-20 22:34:34,543 | INFO  | DNAudit | user=null | ip=null | op=PUT_BLOCK {blockData=[blockId=conID: 2 locID: 102651689334932011 bcsId: 0,size=3145728]} | ret=SUCCESS |  
2019-08-20 22:34:34,543 | INFO  | DNAudit | user=null | ip=null | op=WRITE_CHUNK {blockData=conID: 2 locID: 102651689334932011 bcsId: 3120} | ret=SUCCESS |  
2019-08-20 22:34:34,543 | INFO  | DNAudit | user=null | ip=null | op=PUT_BLOCK {blockData=[blockId=conID: 2 locID: 102651689334932011 bcsId: 0,size=3145728]} | ret=SUCCESS |  
2019-08-20 22:34:34,544 | INFO  | DNAudit | user=null | ip=null | op=WRITE_CHUNK {blockData=conID: 2 locID: 102651689334932011 bcsId: 3126} | ret=SUCCESS |  
2019-08-20 22:34:34,544 | INFO  | DNAudit | user=null | ip=null | op=WRITE_CHUNK {blockData=conID: 2 locID: 102651689334932011 bcsId: 3126} | ret=SUCCESS |  
2019-08-20 22:34:34,545 | INFO  | DNAudit | user=null | ip=null | op=WRITE_CHUNK {blockData=conID: 2 locID: 102651689334932011 bcsId: 3126} | ret=SUCCESS |  
2019-08-20 22:34:34,565 | INFO  | DNAudit | user=null | ip=null | op=WRITE_CHUNK {blockData=conID: 2 locID: 102651689334932011 bcsId: 3126} | ret=SUCCESS |  
2019-08-20 22:34:34,566 | INFO  | DNAudit | user=null | ip=null | op=PUT_BLOCK {blockData=[blockId=conID: 2 locID: 102651689334932011 bcsId: 0,size=4194304]} | ret=SUCCESS |  
2019-08-20 22:34:34,566 [grpc-default-executor-3] INFO  client.GrpcClientProtocolClient (GrpcClientProtocolClient.java:onNext(255)) - client-391BA870FC40->947ec526-030f-41cc-8af7-a6f75e712ab0: receive RaftClientReply:client-391BA870FC40->947ec526-030f-41cc-8af7-a6f75e712ab0@group-5D45C35602B2, cid=2121, SUCCESS, logIndex=3129, commits[947ec526-030f-41cc-8af7-a6f75e712ab0:c3130, c447b9b6-dde2-4ce7-aa81-d0e2eddc8fe9:c3128, 28b540ac-241d-462a-a56c-509e92928066:c3128]
2019-08-20 22:34:34,566 [grpc-default-executor-3] INFO  client.GrpcClientProtocolClient (GrpcClientProtocolClient.java:onNext(255)) - client-391BA870FC40->947ec526-030f-41cc-8af7-a6f75e712ab0: receive RaftClientReply:client-391BA870FC40->947ec526-030f-41cc-8af7-a6f75e712ab0@group-5D45C35602B2, cid=2122, SUCCESS, logIndex=3130, commits[947ec526-030f-41cc-8af7-a6f75e712ab0:c3130, c447b9b6-dde2-4ce7-aa81-d0e2eddc8fe9:c3128, 28b540ac-241d-462a-a56c-509e92928066:c3128]
2019-08-20 22:34:34,566 | INFO  | DNAudit | user=null | ip=null | op=WRITE_CHUNK {blockData=conID: 2 locID: 102651689334932011 bcsId: 3126} | ret=SUCCESS |  
2019-08-20 22:34:34,567 | INFO  | DNAudit | user=null | ip=null | op=PUT_BLOCK {blockData=[blockId=conID: 2 locID: 102651689334932011 bcsId: 0,size=4194304]} | ret=SUCCESS |  
2019-08-20 22:34:34,567 | INFO  | DNAudit | user=null | ip=null | op=WRITE_CHUNK {blockData=conID: 2 locID: 102651689334932011 bcsId: 3126} | ret=SUCCESS |  
2019-08-20 22:34:34,567 | INFO  | DNAudit | user=null | ip=null | op=PUT_BLOCK {blockData=[blockId=conID: 2 locID: 102651689334932011 bcsId: 0,size=4194304]} | ret=SUCCESS |  
2019-08-20 22:34:34,567 [grpc-default-executor-3] INFO  client.GrpcClientProtocolClient (GrpcClientProtocolClient.java:onNext(255)) - client-391BA870FC40->947ec526-030f-41cc-8af7-a6f75e712ab0: receive RaftClientReply:client-391BA870FC40->947ec526-030f-41cc-8af7-a6f75e712ab0@group-5D45C35602B2, cid=2123, SUCCESS, logIndex=0, commits[947ec526-030f-41cc-8af7-a6f75e712ab0:c3131, c447b9b6-dde2-4ce7-aa81-d0e2eddc8fe9:c3130, 28b540ac-241d-462a-a56c-509e92928066:c3130]
2019-08-20 22:34:34,571 | INFO  | SCMAudit | user=jenkins1000 | ip=192.168.5.142 | op=ALLOCATE_BLOCK {owner=6f694d07-2a2f-44d9-8e1c-aaa094a2f647, size=4194304, type=RATIS, factor=THREE} | ret=SUCCESS |  
2019-08-20 22:34:34,573 | INFO  | OMAudit | user=jenkins1000 | ip=127.0.0.1 | op=ALLOCATE_BLOCK {volume=vol-0-80747, bucket=bucket-0-27686, key=key-0-47435, dataSize=0, replicationType=null, replicationFactor=null, keyLocationInfo=null, clientID=102651687805452690} | ret=SUCCESS |  
2019-08-20 22:34:34,579 | INFO  | DNAudit | user=null | ip=null | op=WRITE_CHUNK {blockData=conID: 3 locID: 102651689341485612 bcsId: 0} | ret=SUCCESS |  
2019-08-20 22:34:34,580 | INFO  | DNAudit | user=null | ip=null | op=WRITE_CHUNK {blockData=conID: 3 locID: 102651689341485612 bcsId: 0} | ret=SUCCESS |  
2019-08-20 22:34:34,580 | INFO  | DNAudit | user=null | ip=null | op=WRITE_CHUNK {blockData=conID: 3 locID: 102651689341485612 bcsId: 0} | ret=SUCCESS |  
2019-08-20 22:34:34,581 | INFO  | DNAudit | user=null | ip=null | op=WRITE_CHUNK {blockData=conID: 3 locID: 102651689341485612 bcsId: 0} | ret=SUCCESS |  
2019-08-20 22:34:34,582 | INFO  | DNAudit | user=null | ip=null | op=WRITE_CHUNK {blockData=conID: 3 locID: 102651689341485612 bcsId: 0} | ret=SUCCESS |  
2019-08-20 22:34:34,582 | INFO  | DNAudit | user=null | ip=null | op=WRITE_CHUNK {blockData=conID: 3 locID: 102651689341485612 bcsId: 0} | ret=SUCCESS |  
2019-08-20 22:34:34,596 | INFO  | DNAudit | user=null | ip=null | op=WRITE_CHUNK {blockData=conID: 3 locID: 102651689341485612 bcsId: 0} | ret=SUCCESS |  
2019-08-20 22:34:34,597 | INFO  | DNAudit | user=null | ip=null | op=PUT_BLOCK {blockData=[blockId=conID: 3 locID: 102651689341485612 bcsId: 0,size=1048576]} | ret=SUCCESS |  
2019-08-20 22:34:34,597 [grpc-default-executor-1] INFO  client.GrpcClientProtocolClient (GrpcClientProtocolClient.java:onNext(255)) - client-391BA870FC40->947ec526-030f-41cc-8af7-a6f75e712ab0: receive RaftClientReply:client-391BA870FC40->947ec526-030f-41cc-8af7-a6f75e712ab0@group-5D45C35602B2, cid=2124, SUCCESS, logIndex=3133, commits[947ec526-030f-41cc-8af7-a6f75e712ab0:c3136, c447b9b6-dde2-4ce7-aa81-d0e2eddc8fe9:c3132, 28b540ac-241d-462a-a56c-509e92928066:c3132]
2019-08-20 22:34:34,597 | INFO  | DNAudit | user=null | ip=null | op=WRITE_CHUNK {blockData=conID: 3 locID: 102651689341485612 bcsId: 0} | ret=SUCCESS |  
2019-08-20 22:34:34,597 | INFO  | DNAudit | user=null | ip=null | op=WRITE_CHUNK {blockData=conID: 3 locID: 102651689341485612 bcsId: 0} | ret=SUCCESS |  
2019-08-20 22:34:34,597 [grpc-default-executor-1] INFO  client.GrpcClientProtocolClient (GrpcClientProtocolClient.java:onNext(255)) - client-391BA870FC40->947ec526-030f-41cc-8af7-a6f75e712ab0: receive RaftClientReply:client-391BA870FC40->947ec526-030f-41cc-8af7-a6f75e712ab0@group-5D45C35602B2, cid=2125, SUCCESS, logIndex=3134, commits[947ec526-030f-41cc-8af7-a6f75e712ab0:c3136, c447b9b6-dde2-4ce7-aa81-d0e2eddc8fe9:c3132, 28b540ac-241d-462a-a56c-509e92928066:c3132]
2019-08-20 22:34:34,598 | INFO  | DNAudit | user=null | ip=null | op=WRITE_CHUNK {blockData=conID: 3 locID: 102651689341485612 bcsId: 0} | ret=SUCCESS |  
2019-08-20 22:34:34,598 | INFO  | DNAudit | user=null | ip=null | op=PUT_BLOCK {blockData=[blockId=conID: 3 locID: 102651689341485612 bcsId: 0,size=1048576]} | ret=SUCCESS |  
2019-08-20 22:34:34,598 | INFO  | DNAudit | user=null | ip=null | op=PUT_BLOCK {blockData=[blockId=conID: 3 locID: 102651689341485612 bcsId: 0,size=1048576]} | ret=SUCCESS |  
2019-08-20 22:34:34,598 | INFO  | DNAudit | user=null | ip=null | op=PUT_BLOCK {blockData=[blockId=conID: 3 locID: 102651689341485612 bcsId: 0,size=2097152]} | ret=SUCCESS |  
2019-08-20 22:34:34,598 | INFO  | DNAudit | user=null | ip=null | op=WRITE_CHUNK {blockData=conID: 3 locID: 102651689341485612 bcsId: 0} | ret=SUCCESS |  
2019-08-20 22:34:34,598 [grpc-default-executor-5] INFO  client.GrpcClientProtocolClient (GrpcClientProtocolClient.java:onNext(255)) - client-391BA870FC40->947ec526-030f-41cc-8af7-a6f75e712ab0: receive RaftClientReply:client-391BA870FC40->947ec526-030f-41cc-8af7-a6f75e712ab0@group-5D45C35602B2, cid=2126, SUCCESS, logIndex=3135, commits[947ec526-030f-41cc-8af7-a6f75e712ab0:c3137, c447b9b6-dde2-4ce7-aa81-d0e2eddc8fe9:c3135, 28b540ac-241d-462a-a56c-509e92928066:c3132]
2019-08-20 22:34:34,598 | INFO  | DNAudit | user=null | ip=null | op=WRITE_CHUNK {blockData=conID: 3 locID: 102651689341485612 bcsId: 0} | ret=SUCCESS |  
2019-08-20 22:34:34,598 | INFO  | DNAudit | user=null | ip=null | op=PUT_BLOCK {blockData=[blockId=conID: 3 locID: 102651689341485612 bcsId: 0,size=2097152]} | ret=SUCCESS |  
2019-08-20 22:34:34,599 [grpc-default-executor-5] INFO  client.GrpcClientProtocolClient (GrpcClientProtocolClient.java:onNext(255)) - client-391BA870FC40->947ec526-030f-41cc-8af7-a6f75e712ab0: receive RaftClientReply:client-391BA870FC40->947ec526-030f-41cc-8af7-a6f75e712ab0@group-5D45C35602B2, cid=2127, SUCCESS, logIndex=3136, commits[947ec526-030f-41cc-8af7-a6f75e712ab0:c3137, c447b9b6-dde2-4ce7-aa81-d0e2eddc8fe9:c3135, 28b540ac-241d-462a-a56c-509e92928066:c3136]
2019-08-20 22:34:34,600 | INFO  | DNAudit | user=null | ip=null | op=PUT_BLOCK {blockData=[blockId=conID: 3 locID: 102651689341485612 bcsId: 0,size=2097152]} | ret=SUCCESS |  
2019-08-20 22:34:34,604 | INFO  | DNAudit | user=null | ip=null | op=WRITE_CHUNK {blockData=conID: 3 locID: 102651689341485612 bcsId: 3136} | ret=SUCCESS |  
2019-08-20 22:34:34,605 | INFO  | DNAudit | user=null | ip=null | op=WRITE_CHUNK {blockData=conID: 3 locID: 102651689341485612 bcsId: 3136} | ret=SUCCESS |  
2019-08-20 22:34:34,605 | INFO  | DNAudit | user=null | ip=null | op=WRITE_CHUNK {blockData=conID: 3 locID: 102651689341485612 bcsId: 3136} | ret=SUCCESS |  
2019-08-20 22:34:34,614 | INFO  | DNAudit | user=null | ip=null | op=WRITE_CHUNK {blockData=conID: 3 locID: 102651689341485612 bcsId: 3136} | ret=SUCCESS |  
2019-08-20 22:34:34,615 [grpc-default-executor-5] INFO  client.GrpcClientProtocolClient (GrpcClientProtocolClient.java:onNext(255)) - client-391BA870FC40->947ec526-030f-41cc-8af7-a6f75e712ab0: receive RaftClientReply:client-391BA870FC40->947ec526-030f-41cc-8af7-a6f75e712ab0@group-5D45C35602B2, cid=2128, SUCCESS, logIndex=3140, commits[947ec526-030f-41cc-8af7-a6f75e712ab0:c3141, c447b9b6-dde2-4ce7-aa81-d0e2eddc8fe9:c3139, 28b540ac-241d-462a-a56c-509e92928066:c3139]
2019-08-20 22:34:34,615 | INFO  | DNAudit | user=null | ip=null | op=PUT_BLOCK {blockData=[blockId=conID: 3 locID: 102651689341485612 bcsId: 0,size=3145728]} | ret=SUCCESS |  
2019-08-20 22:34:34,615 [grpc-default-executor-5] INFO  client.GrpcClientProtocolClient (GrpcClientProtocolClient.java:onNext(255)) - client-391BA870FC40->947ec526-030f-41cc-8af7-a6f75e712ab0: receive RaftClientReply:client-391BA870FC40->947ec526-030f-41cc-8af7-a6f75e712ab0@group-5D45C35602B2, cid=2129, SUCCESS, logIndex=3141, commits[947ec526-030f-41cc-8af7-a6f75e712ab0:c3141, c447b9b6-dde2-4ce7-aa81-d0e2eddc8fe9:c3139, 28b540ac-241d-462a-a56c-509e92928066:c3139]
2019-08-20 22:34:34,621 | INFO  | DNAudit | user=null | ip=null | op=WRITE_CHUNK {blockData=conID: 3 locID: 102651689341485612 bcsId: 3141} | ret=SUCCESS |  
2019-08-20 22:34:34,622 | INFO  | DNAudit | user=null | ip=null | op=WRITE_CHUNK {blockData=conID: 3 locID: 102651689341485612 bcsId: 3141} | ret=SUCCESS |  
2019-08-20 22:34:34,622 | INFO  | DNAudit | user=null | ip=null | op=WRITE_CHUNK {blockData=conID: 3 locID: 102651689341485612 bcsId: 3141} | ret=SUCCESS |  
2019-08-20 22:34:34,626 | INFO  | DNAudit | user=null | ip=null | op=WRITE_CHUNK {blockData=conID: 3 locID: 102651689341485612 bcsId: 3136} | ret=SUCCESS |  
2019-08-20 22:34:34,626 | INFO  | DNAudit | user=null | ip=null | op=WRITE_CHUNK {blockData=conID: 3 locID: 102651689341485612 bcsId: 3136} | ret=SUCCESS |  
2019-08-20 22:34:34,626 | INFO  | DNAudit | user=null | ip=null | op=PUT_BLOCK {blockData=[blockId=conID: 3 locID: 102651689341485612 bcsId: 0,size=3145728]} | ret=SUCCESS |  
2019-08-20 22:34:34,626 | INFO  | DNAudit | user=null | ip=null | op=PUT_BLOCK {blockData=[blockId=conID: 3 locID: 102651689341485612 bcsId: 0,size=3145728]} | ret=SUCCESS |  
2019-08-20 22:34:34,627 | INFO  | DNAudit | user=null | ip=null | op=WRITE_CHUNK {blockData=conID: 3 locID: 102651689341485612 bcsId: 3141} | ret=SUCCESS |  
2019-08-20 22:34:34,628 | INFO  | DNAudit | user=null | ip=null | op=PUT_BLOCK {blockData=[blockId=conID: 3 locID: 102651689341485612 bcsId: 0,size=4194304]} | ret=SUCCESS |  
2019-08-20 22:34:34,628 [grpc-default-executor-1] INFO  client.GrpcClientProtocolClient (GrpcClientProtocolClient.java:onNext(255)) - client-391BA870FC40->947ec526-030f-41cc-8af7-a6f75e712ab0: receive RaftClientReply:client-391BA870FC40->947ec526-030f-41cc-8af7-a6f75e712ab0@group-5D45C35602B2, cid=2130, SUCCESS, logIndex=3144, commits[947ec526-030f-41cc-8af7-a6f75e712ab0:c3145, c447b9b6-dde2-4ce7-aa81-d0e2eddc8fe9:c3141, 28b540ac-241d-462a-a56c-509e92928066:c3141]
2019-08-20 22:34:34,628 [grpc-default-executor-1] INFO  client.GrpcClientProtocolClient (GrpcClientProtocolClient.java:onNext(255)) - client-391BA870FC40->947ec526-030f-41cc-8af7-a6f75e712ab0: receive RaftClientReply:client-391BA870FC40->947ec526-030f-41cc-8af7-a6f75e712ab0@group-5D45C35602B2, cid=2131, SUCCESS, logIndex=3145, commits[947ec526-030f-41cc-8af7-a6f75e712ab0:c3145, c447b9b6-dde2-4ce7-aa81-d0e2eddc8fe9:c3141, 28b540ac-241d-462a-a56c-509e92928066:c3141]
2019-08-20 22:34:34,630 | INFO  | DNAudit | user=null | ip=null | op=WRITE_CHUNK {blockData=conID: 3 locID: 102651689341485612 bcsId: 3141} | ret=SUCCESS |  
2019-08-20 22:34:34,630 | INFO  | DNAudit | user=null | ip=null | op=WRITE_CHUNK {blockData=conID: 3 locID: 102651689341485612 bcsId: 3141} | ret=SUCCESS |  
2019-08-20 22:34:34,630 | INFO  | DNAudit | user=null | ip=null | op=PUT_BLOCK {blockData=[blockId=conID: 3 locID: 102651689341485612 bcsId: 0,size=4194304]} | ret=SUCCESS |  
2019-08-20 22:34:34,631 | INFO  | DNAudit | user=null | ip=null | op=PUT_BLOCK {blockData=[blockId=conID: 3 locID: 102651689341485612 bcsId: 0,size=4194304]} | ret=SUCCESS |  
2019-08-20 22:34:34,631 [grpc-default-executor-5] INFO  client.GrpcClientProtocolClient (GrpcClientProtocolClient.java:onNext(255)) - client-391BA870FC40->947ec526-030f-41cc-8af7-a6f75e712ab0: receive RaftClientReply:client-391BA870FC40->947ec526-030f-41cc-8af7-a6f75e712ab0@group-5D45C35602B2, cid=2132, SUCCESS, logIndex=0, commits[947ec526-030f-41cc-8af7-a6f75e712ab0:c3147, c447b9b6-dde2-4ce7-aa81-d0e2eddc8fe9:c3145, 28b540ac-241d-462a-a56c-509e92928066:c3145]
2019-08-20 22:34:34,634 | INFO  | SCMAudit | user=jenkins1000 | ip=192.168.5.142 | op=ALLOCATE_BLOCK {owner=6f694d07-2a2f-44d9-8e1c-aaa094a2f647, size=4194304, type=RATIS, factor=THREE} | ret=SUCCESS |  
2019-08-20 22:34:34,638 | INFO  | OMAudit | user=jenkins1000 | ip=127.0.0.1 | op=ALLOCATE_BLOCK {volume=vol-0-80747, bucket=bucket-0-27686, key=key-0-47435, dataSize=0, replicationType=null, replicationFactor=null, keyLocationInfo=null, clientID=102651687805452690} | ret=SUCCESS |  
2019-08-20 22:34:34,644 | INFO  | DNAudit | user=null | ip=null | op=WRITE_CHUNK {blockData=conID: 1 locID: 102651689345614381 bcsId: 0} | ret=SUCCESS |  
2019-08-20 22:34:34,646 | INFO  | DNAudit | user=null | ip=null | op=WRITE_CHUNK {blockData=conID: 1 locID: 102651689345614381 bcsId: 0} | ret=SUCCESS |  
2019-08-20 22:34:34,646 | INFO  | DNAudit | user=null | ip=null | op=WRITE_CHUNK {blockData=conID: 1 locID: 102651689345614381 bcsId: 0} | ret=SUCCESS |  
2019-08-20 22:34:34,647 | INFO  | DNAudit | user=null | ip=null | op=WRITE_CHUNK {blockData=conID: 1 locID: 102651689345614381 bcsId: 0} | ret=SUCCESS |  
2019-08-20 22:34:34,648 | INFO  | DNAudit | user=null | ip=null | op=WRITE_CHUNK {blockData=conID: 1 locID: 102651689345614381 bcsId: 0} | ret=SUCCESS |  
2019-08-20 22:34:34,648 | INFO  | DNAudit | user=null | ip=null | op=WRITE_CHUNK {blockData=conID: 1 locID: 102651689345614381 bcsId: 0} | ret=SUCCESS |  
2019-08-20 22:34:34,670 | INFO  | DNAudit | user=null | ip=null | op=WRITE_CHUNK {blockData=conID: 1 locID: 102651689345614381 bcsId: 0} | ret=SUCCESS |  
2019-08-20 22:34:34,671 | INFO  | DNAudit | user=null | ip=null | op=PUT_BLOCK {blockData=[blockId=conID: 1 locID: 102651689345614381 bcsId: 0,size=1048576]} | ret=SUCCESS |  
2019-08-20 22:34:34,671 [grpc-default-executor-3] INFO  client.GrpcClientProtocolClient (GrpcClientProtocolClient.java:onNext(255)) - client-391BA870FC40->947ec526-030f-41cc-8af7-a6f75e712ab0: receive RaftClientReply:client-391BA870FC40->947ec526-030f-41cc-8af7-a6f75e712ab0@group-5D45C35602B2, cid=2133, SUCCESS, logIndex=3148, commits[947ec526-030f-41cc-8af7-a6f75e712ab0:c3149, c447b9b6-dde2-4ce7-aa81-d0e2eddc8fe9:c3147, 28b540ac-241d-462a-a56c-509e92928066:c3147]
2019-08-20 22:34:34,671 [grpc-default-executor-3] INFO  client.GrpcClientProtocolClient (GrpcClientProtocolClient.java:onNext(255)) - client-391BA870FC40->947ec526-030f-41cc-8af7-a6f75e712ab0: receive RaftClientReply:client-391BA870FC40->947ec526-030f-41cc-8af7-a6f75e712ab0@group-5D45C35602B2, cid=2134, SUCCESS, logIndex=3149, commits[947ec526-030f-41cc-8af7-a6f75e712ab0:c3149, c447b9b6-dde2-4ce7-aa81-d0e2eddc8fe9:c3147, 28b540ac-241d-462a-a56c-509e92928066:c3147]
2019-08-20 22:34:34,684 | INFO  | DNAudit | user=null | ip=null | op=WRITE_CHUNK {blockData=conID: 1 locID: 102651689345614381 bcsId: 0} | ret=SUCCESS |  
2019-08-20 22:34:34,684 | INFO  | DNAudit | user=null | ip=null | op=WRITE_CHUNK {blockData=conID: 1 locID: 102651689345614381 bcsId: 0} | ret=SUCCESS |  
2019-08-20 22:34:34,685 | INFO  | DNAudit | user=null | ip=null | op=PUT_BLOCK {blockData=[blockId=conID: 1 locID: 102651689345614381 bcsId: 0,size=1048576]} | ret=SUCCESS |  
2019-08-20 22:34:34,685 | INFO  | DNAudit | user=null | ip=null | op=PUT_BLOCK {blockData=[blockId=conID: 1 locID: 102651689345614381 bcsId: 0,size=2097152]} | ret=SUCCESS |  
2019-08-20 22:34:34,685 [grpc-default-executor-1] INFO  client.GrpcClientProtocolClient (GrpcClientProtocolClient.java:onNext(255)) - client-391BA870FC40->947ec526-030f-41cc-8af7-a6f75e712ab0: receive RaftClientReply:client-391BA870FC40->947ec526-030f-41cc-8af7-a6f75e712ab0@group-5D45C35602B2, cid=2135, SUCCESS, logIndex=3150, commits[947ec526-030f-41cc-8af7-a6f75e712ab0:c3153, c447b9b6-dde2-4ce7-aa81-d0e2eddc8fe9:c3147, 28b540ac-241d-462a-a56c-509e92928066:c3149]
2019-08-20 22:34:34,685 [grpc-default-executor-1] INFO  client.GrpcClientProtocolClient (GrpcClientProtocolClient.java:onNext(255)) - client-391BA870FC40->947ec526-030f-41cc-8af7-a6f75e712ab0: receive RaftClientReply:client-391BA870FC40->947ec526-030f-41cc-8af7-a6f75e712ab0@group-5D45C35602B2, cid=2136, SUCCESS, logIndex=3151, commits[947ec526-030f-41cc-8af7-a6f75e712ab0:c3153, c447b9b6-dde2-4ce7-aa81-d0e2eddc8fe9:c3147, 28b540ac-241d-462a-a56c-509e92928066:c3149]
2019-08-20 22:34:34,686 | INFO  | DNAudit | user=null | ip=null | op=WRITE_CHUNK {blockData=conID: 1 locID: 102651689345614381 bcsId: 0} | ret=SUCCESS |  
2019-08-20 22:34:34,686 | INFO  | DNAudit | user=null | ip=null | op=WRITE_CHUNK {blockData=conID: 1 locID: 102651689345614381 bcsId: 0} | ret=SUCCESS |  
2019-08-20 22:34:34,686 | INFO  | DNAudit | user=null | ip=null | op=PUT_BLOCK {blockData=[blockId=conID: 1 locID: 102651689345614381 bcsId: 0,size=1048576]} | ret=SUCCESS |  
2019-08-20 22:34:34,686 | INFO  | DNAudit | user=null | ip=null | op=PUT_BLOCK {blockData=[blockId=conID: 1 locID: 102651689345614381 bcsId: 0,size=2097152]} | ret=SUCCESS |  
2019-08-20 22:34:34,686 [grpc-default-executor-5] INFO  client.GrpcClientProtocolClient (GrpcClientProtocolClient.java:onNext(255)) - client-391BA870FC40->947ec526-030f-41cc-8af7-a6f75e712ab0: receive RaftClientReply:client-391BA870FC40->947ec526-030f-41cc-8af7-a6f75e712ab0@group-5D45C35602B2, cid=2137, SUCCESS, logIndex=0, commits[947ec526-030f-41cc-8af7-a6f75e712ab0:c3155, c447b9b6-dde2-4ce7-aa81-d0e2eddc8fe9:c3149, 28b540ac-241d-462a-a56c-509e92928066:c3151]
2019-08-20 22:34:34,693 | INFO  | DNAudit | user=null | ip=null | op=WRITE_CHUNK {blockData=conID: 1 locID: 102651689345614381 bcsId: 3151} | ret=SUCCESS |  
2019-08-20 22:34:34,695 | INFO  | DNAudit | user=null | ip=null | op=WRITE_CHUNK {blockData=conID: 1 locID: 102651689345614381 bcsId: 3151} | ret=SUCCESS |  
2019-08-20 22:34:34,695 | INFO  | DNAudit | user=null | ip=null | op=WRITE_CHUNK {blockData=conID: 1 locID: 102651689345614381 bcsId: 3151} | ret=SUCCESS |  
2019-08-20 22:34:34,709 | INFO  | DNAudit | user=null | ip=null | op=WRITE_CHUNK {blockData=conID: 1 locID: 102651689345614381 bcsId: 0} | ret=SUCCESS |  
2019-08-20 22:34:34,709 | INFO  | DNAudit | user=null | ip=null | op=WRITE_CHUNK {blockData=conID: 1 locID: 102651689345614381 bcsId: 3151} | ret=SUCCESS |  
2019-08-20 22:34:34,710 | INFO  | DNAudit | user=null | ip=null | op=PUT_BLOCK {blockData=[blockId=conID: 1 locID: 102651689345614381 bcsId: 0,size=2097152]} | ret=SUCCESS |  
2019-08-20 22:34:34,710 | INFO  | DNAudit | user=null | ip=null | op=PUT_BLOCK {blockData=[blockId=conID: 1 locID: 102651689345614381 bcsId: 0,size=3145728]} | ret=SUCCESS |  
2019-08-20 22:34:34,710 [grpc-default-executor-3] INFO  client.GrpcClientProtocolClient (GrpcClientProtocolClient.java:onNext(255)) - client-391BA870FC40->947ec526-030f-41cc-8af7-a6f75e712ab0: receive RaftClientReply:client-391BA870FC40->947ec526-030f-41cc-8af7-a6f75e712ab0@group-5D45C35602B2, cid=2138, SUCCESS, logIndex=3156, commits[947ec526-030f-41cc-8af7-a6f75e712ab0:c3157, c447b9b6-dde2-4ce7-aa81-d0e2eddc8fe9:c3155, 28b540ac-241d-462a-a56c-509e92928066:c3155]
2019-08-20 22:34:34,711 [grpc-default-executor-3] INFO  client.GrpcClientProtocolClient (GrpcClientProtocolClient.java:onNext(255)) - client-391BA870FC40->947ec526-030f-41cc-8af7-a6f75e712ab0: receive RaftClientReply:client-391BA870FC40->947ec526-030f-41cc-8af7-a6f75e712ab0@group-5D45C35602B2, cid=2139, SUCCESS, logIndex=3157, commits[947ec526-030f-41cc-8af7-a6f75e712ab0:c3157, c447b9b6-dde2-4ce7-aa81-d0e2eddc8fe9:c3155, 28b540ac-241d-462a-a56c-509e92928066:c3155]
2019-08-20 22:34:34,712 | INFO  | DNAudit | user=null | ip=null | op=WRITE_CHUNK {blockData=conID: 1 locID: 102651689345614381 bcsId: 3151} | ret=SUCCESS |  
2019-08-20 22:34:34,712 | INFO  | DNAudit | user=null | ip=null | op=WRITE_CHUNK {blockData=conID: 1 locID: 102651689345614381 bcsId: 3151} | ret=SUCCESS |  
2019-08-20 22:34:34,712 | INFO  | DNAudit | user=null | ip=null | op=PUT_BLOCK {blockData=[blockId=conID: 1 locID: 102651689345614381 bcsId: 0,size=3145728]} | ret=SUCCESS |  
2019-08-20 22:34:34,718 | INFO  | DNAudit | user=null | ip=null | op=WRITE_CHUNK {blockData=conID: 1 locID: 102651689345614381 bcsId: 3157} | ret=SUCCESS |  
2019-08-20 22:34:34,720 | INFO  | DNAudit | user=null | ip=null | op=WRITE_CHUNK {blockData=conID: 1 locID: 102651689345614381 bcsId: 3157} | ret=SUCCESS |  
2019-08-20 22:34:34,720 | INFO  | DNAudit | user=null | ip=null | op=WRITE_CHUNK {blockData=conID: 1 locID: 102651689345614381 bcsId: 3157} | ret=SUCCESS |  
2019-08-20 22:34:34,725 | INFO  | DNAudit | user=null | ip=null | op=WRITE_CHUNK {blockData=conID: 1 locID: 102651689345614381 bcsId: 3157} | ret=SUCCESS |  
2019-08-20 22:34:34,725 | INFO  | DNAudit | user=null | ip=null | op=PUT_BLOCK {blockData=[blockId=conID: 1 locID: 102651689345614381 bcsId: 0,size=3145728]} | ret=SUCCESS |  
2019-08-20 22:34:34,725 | INFO  | DNAudit | user=null | ip=null | op=PUT_BLOCK {blockData=[blockId=conID: 1 locID: 102651689345614381 bcsId: 0,size=4194304]} | ret=SUCCESS |  
2019-08-20 22:34:34,726 [grpc-default-executor-1] INFO  client.GrpcClientProtocolClient (GrpcClientProtocolClient.java:onNext(255)) - client-391BA870FC40->947ec526-030f-41cc-8af7-a6f75e712ab0: receive RaftClientReply:client-391BA870FC40->947ec526-030f-41cc-8af7-a6f75e712ab0@group-5D45C35602B2, cid=2140, SUCCESS, logIndex=3160, commits[947ec526-030f-41cc-8af7-a6f75e712ab0:c3161, c447b9b6-dde2-4ce7-aa81-d0e2eddc8fe9:c3158, 28b540ac-241d-462a-a56c-509e92928066:c3157]
2019-08-20 22:34:34,726 | INFO  | DNAudit | user=null | ip=null | op=WRITE_CHUNK {blockData=conID: 1 locID: 102651689345614381 bcsId: 3157} | ret=SUCCESS |  
2019-08-20 22:34:34,726 [grpc-default-executor-1] INFO  client.GrpcClientProtocolClient (GrpcClientProtocolClient.java:onNext(255)) - client-391BA870FC40->947ec526-030f-41cc-8af7-a6f75e712ab0: receive RaftClientReply:client-391BA870FC40->947ec526-030f-41cc-8af7-a6f75e712ab0@group-5D45C35602B2, cid=2141, SUCCESS, logIndex=3161, commits[947ec526-030f-41cc-8af7-a6f75e712ab0:c3161, c447b9b6-dde2-4ce7-aa81-d0e2eddc8fe9:c3158, 28b540ac-241d-462a-a56c-509e92928066:c3157]
2019-08-20 22:34:34,736 | INFO  | DNAudit | user=null | ip=null | op=PUT_BLOCK {blockData=[blockId=conID: 1 locID: 102651689345614381 bcsId: 0,size=4194304]} | ret=SUCCESS |  
2019-08-20 22:34:34,737 | INFO  | DNAudit | user=null | ip=null | op=WRITE_CHUNK {blockData=conID: 1 locID: 102651689345614381 bcsId: 3157} | ret=SUCCESS |  
2019-08-20 22:34:34,737 [grpc-default-executor-1] INFO  client.GrpcClientProtocolClient (GrpcClientProtocolClient.java:onNext(255)) - client-391BA870FC40->947ec526-030f-41cc-8af7-a6f75e712ab0: receive RaftClientReply:client-391BA870FC40->947ec526-030f-41cc-8af7-a6f75e712ab0@group-5D45C35602B2, cid=2142, SUCCESS, logIndex=0, commits[947ec526-030f-41cc-8af7-a6f75e712ab0:c3163, c447b9b6-dde2-4ce7-aa81-d0e2eddc8fe9:c3161, 28b540ac-241d-462a-a56c-509e92928066:c3161]
2019-08-20 22:34:34,738 | INFO  | DNAudit | user=null | ip=null | op=PUT_BLOCK {blockData=[blockId=conID: 1 locID: 102651689345614381 bcsId: 0,size=4194304]} | ret=SUCCESS |  
2019-08-20 22:34:34,833 | INFO  | SCMAudit | user=jenkins1000 | ip=192.168.5.142 | op=ALLOCATE_BLOCK {owner=6f694d07-2a2f-44d9-8e1c-aaa094a2f647, size=4194304, type=RATIS, factor=THREE} | ret=SUCCESS |  
2019-08-20 22:34:34,838 | INFO  | OMAudit | user=jenkins1000 | ip=127.0.0.1 | op=ALLOCATE_BLOCK {volume=vol-0-80747, bucket=bucket-0-27686, key=key-0-47435, dataSize=0, replicationType=null, replicationFactor=null, keyLocationInfo=null, clientID=102651687805452690} | ret=SUCCESS |  
2019-08-20 22:34:34,845 | INFO  | DNAudit | user=null | ip=null | op=WRITE_CHUNK {blockData=conID: 2 locID: 102651689358656046 bcsId: 0} | ret=SUCCESS |  
2019-08-20 22:34:34,849 | INFO  | DNAudit | user=null | ip=null | op=WRITE_CHUNK {blockData=conID: 2 locID: 102651689358656046 bcsId: 0} | ret=SUCCESS |  
2019-08-20 22:34:34,850 | INFO  | DNAudit | user=null | ip=null | op=WRITE_CHUNK {blockData=conID: 2 locID: 102651689358656046 bcsId: 0} | ret=SUCCESS |  
2019-08-20 22:34:34,850 | INFO  | DNAudit | user=null | ip=null | op=WRITE_CHUNK {blockData=conID: 2 locID: 102651689358656046 bcsId: 0} | ret=SUCCESS |  
2019-08-20 22:34:34,851 | INFO  | DNAudit | user=null | ip=null | op=WRITE_CHUNK {blockData=conID: 2 locID: 102651689358656046 bcsId: 0} | ret=SUCCESS |  
2019-08-20 22:34:34,852 | INFO  | DNAudit | user=null | ip=null | op=WRITE_CHUNK {blockData=conID: 2 locID: 102651689358656046 bcsId: 0} | ret=SUCCESS |  
2019-08-20 22:34:34,860 | INFO  | DNAudit | user=null | ip=null | op=WRITE_CHUNK {blockData=conID: 2 locID: 102651689358656046 bcsId: 0} | ret=SUCCESS |  
2019-08-20 22:34:34,860 | INFO  | DNAudit | user=null | ip=null | op=PUT_BLOCK {blockData=[blockId=conID: 2 locID: 102651689358656046 bcsId: 0,size=1048576]} | ret=SUCCESS |  
2019-08-20 22:34:34,860 [grpc-default-executor-1] INFO  client.GrpcClientProtocolClient (GrpcClientProtocolClient.java:onNext(255)) - client-391BA870FC40->947ec526-030f-41cc-8af7-a6f75e712ab0: receive RaftClientReply:client-391BA870FC40->947ec526-030f-41cc-8af7-a6f75e712ab0@group-5D45C35602B2, cid=2143, SUCCESS, logIndex=3164, commits[947ec526-030f-41cc-8af7-a6f75e712ab0:c3167, c447b9b6-dde2-4ce7-aa81-d0e2eddc8fe9:c3163, 28b540ac-241d-462a-a56c-509e92928066:c3163]
2019-08-20 22:34:34,861 | INFO  | DNAudit | user=null | ip=null | op=WRITE_CHUNK {blockData=conID: 2 locID: 102651689358656046 bcsId: 0} | ret=SUCCESS |  
2019-08-20 22:34:34,861 | INFO  | DNAudit | user=null | ip=null | op=WRITE_CHUNK {blockData=conID: 2 locID: 102651689358656046 bcsId: 0} | ret=SUCCESS |  
2019-08-20 22:34:34,861 [grpc-default-executor-1] INFO  client.GrpcClientProtocolClient (GrpcClientProtocolClient.java:onNext(255)) - client-391BA870FC40->947ec526-030f-41cc-8af7-a6f75e712ab0: receive RaftClientReply:client-391BA870FC40->947ec526-030f-41cc-8af7-a6f75e712ab0@group-5D45C35602B2, cid=2144, SUCCESS, logIndex=3165, commits[947ec526-030f-41cc-8af7-a6f75e712ab0:c3167, c447b9b6-dde2-4ce7-aa81-d0e2eddc8fe9:c3163, 28b540ac-241d-462a-a56c-509e92928066:c3163]
2019-08-20 22:34:34,861 | INFO  | DNAudit | user=null | ip=null | op=WRITE_CHUNK {blockData=conID: 2 locID: 102651689358656046 bcsId: 0} | ret=SUCCESS |  
2019-08-20 22:34:34,861 | INFO  | DNAudit | user=null | ip=null | op=PUT_BLOCK {blockData=[blockId=conID: 2 locID: 102651689358656046 bcsId: 0,size=2097152]} | ret=SUCCESS |  
2019-08-20 22:34:34,861 [grpc-default-executor-1] INFO  client.GrpcClientProtocolClient (GrpcClientProtocolClient.java:onNext(255)) - client-391BA870FC40->947ec526-030f-41cc-8af7-a6f75e712ab0: receive RaftClientReply:client-391BA870FC40->947ec526-030f-41cc-8af7-a6f75e712ab0@group-5D45C35602B2, cid=2145, SUCCESS, logIndex=3166, commits[947ec526-030f-41cc-8af7-a6f75e712ab0:c3168, c447b9b6-dde2-4ce7-aa81-d0e2eddc8fe9:c3164, 28b540ac-241d-462a-a56c-509e92928066:c3163]
2019-08-20 22:34:34,862 [grpc-default-executor-1] INFO  client.GrpcClientProtocolClient (GrpcClientProtocolClient.java:onNext(255)) - client-391BA870FC40->947ec526-030f-41cc-8af7-a6f75e712ab0: receive RaftClientReply:client-391BA870FC40->947ec526-030f-41cc-8af7-a6f75e712ab0@group-5D45C35602B2, cid=2146, SUCCESS, logIndex=3167, commits[947ec526-030f-41cc-8af7-a6f75e712ab0:c3168, c447b9b6-dde2-4ce7-aa81-d0e2eddc8fe9:c3164, 28b540ac-241d-462a-a56c-509e92928066:c3164]
2019-08-20 22:34:34,863 | INFO  | DNAudit | user=null | ip=null | op=PUT_BLOCK {blockData=[blockId=conID: 2 locID: 102651689358656046 bcsId: 0,size=1048576]} | ret=SUCCESS |  
2019-08-20 22:34:34,863 | INFO  | DNAudit | user=null | ip=null | op=WRITE_CHUNK {blockData=conID: 2 locID: 102651689358656046 bcsId: 0} | ret=SUCCESS |  
2019-08-20 22:34:34,864 | INFO  | DNAudit | user=null | ip=null | op=PUT_BLOCK {blockData=[blockId=conID: 2 locID: 102651689358656046 bcsId: 0,size=2097152]} | ret=SUCCESS |  
2019-08-20 22:34:34,874 | INFO  | DNAudit | user=null | ip=null | op=PUT_BLOCK {blockData=[blockId=conID: 2 locID: 102651689358656046 bcsId: 0,size=1048576]} | ret=SUCCESS |  
2019-08-20 22:34:34,875 [grpc-default-executor-1] INFO  client.GrpcClientProtocolClient (GrpcClientProtocolClient.java:onNext(255)) - client-391BA870FC40->947ec526-030f-41cc-8af7-a6f75e712ab0: receive RaftClientReply:client-391BA870FC40->947ec526-030f-41cc-8af7-a6f75e712ab0@group-5D45C35602B2, cid=2147, SUCCESS, logIndex=0, commits[947ec526-030f-41cc-8af7-a6f75e712ab0:c3170, c447b9b6-dde2-4ce7-aa81-d0e2eddc8fe9:c3167, 28b540ac-241d-462a-a56c-509e92928066:c3166]
2019-08-20 22:34:34,875 | INFO  | DNAudit | user=null | ip=null | op=WRITE_CHUNK {blockData=conID: 2 locID: 102651689358656046 bcsId: 0} | ret=SUCCESS |  
2019-08-20 22:34:34,876 | INFO  | DNAudit | user=null | ip=null | op=PUT_BLOCK {blockData=[blockId=conID: 2 locID: 102651689358656046 bcsId: 0,size=2097152]} | ret=SUCCESS |  
2019-08-20 22:34:34,881 | INFO  | DNAudit | user=null | ip=null | op=WRITE_CHUNK {blockData=conID: 2 locID: 102651689358656046 bcsId: 3167} | ret=SUCCESS |  
2019-08-20 22:34:34,883 | INFO  | DNAudit | user=null | ip=null | op=WRITE_CHUNK {blockData=conID: 2 locID: 102651689358656046 bcsId: 3167} | ret=SUCCESS |  
2019-08-20 22:34:34,884 | INFO  | DNAudit | user=null | ip=null | op=WRITE_CHUNK {blockData=conID: 2 locID: 102651689358656046 bcsId: 3167} | ret=SUCCESS |  
2019-08-20 22:34:34,905 | INFO  | DNAudit | user=null | ip=null | op=WRITE_CHUNK {blockData=conID: 2 locID: 102651689358656046 bcsId: 3167} | ret=SUCCESS |  
2019-08-20 22:34:34,906 | INFO  | DNAudit | user=null | ip=null | op=PUT_BLOCK {blockData=[blockId=conID: 2 locID: 102651689358656046 bcsId: 0,size=3145728]} | ret=SUCCESS |  
2019-08-20 22:34:34,906 [grpc-default-executor-1] INFO  client.GrpcClientProtocolClient (GrpcClientProtocolClient.java:onNext(255)) - client-391BA870FC40->947ec526-030f-41cc-8af7-a6f75e712ab0: receive RaftClientReply:client-391BA870FC40->947ec526-030f-41cc-8af7-a6f75e712ab0@group-5D45C35602B2, cid=2148, SUCCESS, logIndex=3171, commits[947ec526-030f-41cc-8af7-a6f75e712ab0:c3172, c447b9b6-dde2-4ce7-aa81-d0e2eddc8fe9:c3170, 28b540ac-241d-462a-a56c-509e92928066:c3170]
2019-08-20 22:34:34,906 [grpc-default-executor-1] INFO  client.GrpcClientProtocolClient (GrpcClientProtocolClient.java:onNext(255)) - client-391BA870FC40->947ec526-030f-41cc-8af7-a6f75e712ab0: receive RaftClientReply:client-391BA870FC40->947ec526-030f-41cc-8af7-a6f75e712ab0@group-5D45C35602B2, cid=2149, SUCCESS, logIndex=3172, commits[947ec526-030f-41cc-8af7-a6f75e712ab0:c3172, c447b9b6-dde2-4ce7-aa81-d0e2eddc8fe9:c3170, 28b540ac-241d-462a-a56c-509e92928066:c3170]
2019-08-20 22:34:34,908 | INFO  | DNAudit | user=null | ip=null | op=WRITE_CHUNK {blockData=conID: 2 locID: 102651689358656046 bcsId: 3167} | ret=SUCCESS |  
2019-08-20 22:34:34,908 | INFO  | DNAudit | user=null | ip=null | op=WRITE_CHUNK {blockData=conID: 2 locID: 102651689358656046 bcsId: 3167} | ret=SUCCESS |  
2019-08-20 22:34:34,912 | INFO  | DNAudit | user=null | ip=null | op=WRITE_CHUNK {blockData=conID: 2 locID: 102651689358656046 bcsId: 3172} | ret=SUCCESS |  
2019-08-20 22:34:34,913 | INFO  | DNAudit | user=null | ip=null | op=WRITE_CHUNK {blockData=conID: 2 locID: 102651689358656046 bcsId: 3172} | ret=SUCCESS |  
2019-08-20 22:34:34,914 | INFO  | DNAudit | user=null | ip=null | op=WRITE_CHUNK {blockData=conID: 2 locID: 102651689358656046 bcsId: 3172} | ret=SUCCESS |  
2019-08-20 22:34:34,922 | INFO  | DNAudit | user=null | ip=null | op=PUT_BLOCK {blockData=[blockId=conID: 2 locID: 102651689358656046 bcsId: 0,size=3145728]} | ret=SUCCESS |  
2019-08-20 22:34:34,922 | INFO  | DNAudit | user=null | ip=null | op=PUT_BLOCK {blockData=[blockId=conID: 2 locID: 102651689358656046 bcsId: 0,size=3145728]} | ret=SUCCESS |  
2019-08-20 22:34:34,924 | INFO  | DNAudit | user=null | ip=null | op=WRITE_CHUNK {blockData=conID: 2 locID: 102651689358656046 bcsId: 3172} | ret=SUCCESS |  
2019-08-20 22:34:34,924 | INFO  | DNAudit | user=null | ip=null | op=PUT_BLOCK {blockData=[blockId=conID: 2 locID: 102651689358656046 bcsId: 0,size=4194304]} | ret=SUCCESS |  
2019-08-20 22:34:34,924 [grpc-default-executor-3] INFO  client.GrpcClientProtocolClient (GrpcClientProtocolClient.java:onNext(255)) - client-391BA870FC40->947ec526-030f-41cc-8af7-a6f75e712ab0: receive RaftClientReply:client-391BA870FC40->947ec526-030f-41cc-8af7-a6f75e712ab0@group-5D45C35602B2, cid=2150, SUCCESS, logIndex=3175, commits[947ec526-030f-41cc-8af7-a6f75e712ab0:c3176, c447b9b6-dde2-4ce7-aa81-d0e2eddc8fe9:c3173, 28b540ac-241d-462a-a56c-509e92928066:c3173]
2019-08-20 22:34:34,925 [grpc-default-executor-3] INFO  client.GrpcClientProtocolClient (GrpcClientProtocolClient.java:onNext(255)) - client-391BA870FC40->947ec526-030f-41cc-8af7-a6f75e712ab0: receive RaftClientReply:client-391BA870FC40->947ec526-030f-41cc-8af7-a6f75e712ab0@group-5D45C35602B2, cid=2151, SUCCESS, logIndex=3176, commits[947ec526-030f-41cc-8af7-a6f75e712ab0:c3176, c447b9b6-dde2-4ce7-aa81-d0e2eddc8fe9:c3173, 28b540ac-241d-462a-a56c-509e92928066:c3173]
2019-08-20 22:34:34,934 | INFO  | DNAudit | user=null | ip=null | op=WRITE_CHUNK {blockData=conID: 2 locID: 102651689358656046 bcsId: 3172} | ret=SUCCESS |  
2019-08-20 22:34:34,934 | INFO  | DNAudit | user=null | ip=null | op=WRITE_CHUNK {blockData=conID: 2 locID: 102651689358656046 bcsId: 3172} | ret=SUCCESS |  
2019-08-20 22:34:34,936 [grpc-default-executor-1] INFO  client.GrpcClientProtocolClient (GrpcClientProtocolClient.java:onNext(255)) - client-391BA870FC40->947ec526-030f-41cc-8af7-a6f75e712ab0: receive RaftClientReply:client-391BA870FC40->947ec526-030f-41cc-8af7-a6f75e712ab0@group-5D45C35602B2, cid=2152, SUCCESS, logIndex=0, commits[947ec526-030f-41cc-8af7-a6f75e712ab0:c3178, c447b9b6-dde2-4ce7-aa81-d0e2eddc8fe9:c3176, 28b540ac-241d-462a-a56c-509e92928066:c3176]
2019-08-20 22:34:34,941 | INFO  | SCMAudit | user=jenkins1000 | ip=192.168.5.142 | op=ALLOCATE_BLOCK {owner=6f694d07-2a2f-44d9-8e1c-aaa094a2f647, size=4194304, type=RATIS, factor=THREE} | ret=SUCCESS |  
2019-08-20 22:34:34,943 | INFO  | OMAudit | user=jenkins1000 | ip=127.0.0.1 | op=ALLOCATE_BLOCK {volume=vol-0-80747, bucket=bucket-0-27686, key=key-0-47435, dataSize=0, replicationType=null, replicationFactor=null, keyLocationInfo=null, clientID=102651687805452690} | ret=SUCCESS |  
2019-08-20 22:34:34,945 | INFO  | DNAudit | user=null | ip=null | op=PUT_BLOCK {blockData=[blockId=conID: 2 locID: 102651689358656046 bcsId: 0,size=4194304]} | ret=SUCCESS |  
2019-08-20 22:34:34,945 | INFO  | DNAudit | user=null | ip=null | op=PUT_BLOCK {blockData=[blockId=conID: 2 locID: 102651689358656046 bcsId: 0,size=4194304]} | ret=SUCCESS |  
2019-08-20 22:34:34,949 | INFO  | DNAudit | user=null | ip=null | op=WRITE_CHUNK {blockData=conID: 3 locID: 102651689365733935 bcsId: 0} | ret=SUCCESS |  
2019-08-20 22:34:34,951 | INFO  | DNAudit | user=null | ip=null | op=WRITE_CHUNK {blockData=conID: 3 locID: 102651689365733935 bcsId: 0} | ret=SUCCESS |  
2019-08-20 22:34:34,952 | INFO  | DNAudit | user=null | ip=null | op=WRITE_CHUNK {blockData=conID: 3 locID: 102651689365733935 bcsId: 0} | ret=SUCCESS |  
2019-08-20 22:34:34,952 | INFO  | DNAudit | user=null | ip=null | op=WRITE_CHUNK {blockData=conID: 3 locID: 102651689365733935 bcsId: 0} | ret=SUCCESS |  
2019-08-20 22:34:34,953 | INFO  | DNAudit | user=null | ip=null | op=WRITE_CHUNK {blockData=conID: 3 locID: 102651689365733935 bcsId: 0} | ret=SUCCESS |  
2019-08-20 22:34:34,954 | INFO  | DNAudit | user=null | ip=null | op=WRITE_CHUNK {blockData=conID: 3 locID: 102651689365733935 bcsId: 0} | ret=SUCCESS |  
2019-08-20 22:34:34,960 | INFO  | DNAudit | user=null | ip=null | op=WRITE_CHUNK {blockData=conID: 3 locID: 102651689365733935 bcsId: 0} | ret=SUCCESS |  
2019-08-20 22:34:34,960 | INFO  | DNAudit | user=null | ip=null | op=PUT_BLOCK {blockData=[blockId=conID: 3 locID: 102651689365733935 bcsId: 0,size=1048576]} | ret=SUCCESS |  
2019-08-20 22:34:34,960 | INFO  | DNAudit | user=null | ip=null | op=WRITE_CHUNK {blockData=conID: 3 locID: 102651689365733935 bcsId: 0} | ret=SUCCESS |  
2019-08-20 22:34:34,960 [grpc-default-executor-3] INFO  client.GrpcClientProtocolClient (GrpcClientProtocolClient.java:onNext(255)) - client-391BA870FC40->947ec526-030f-41cc-8af7-a6f75e712ab0: receive RaftClientReply:client-391BA870FC40->947ec526-030f-41cc-8af7-a6f75e712ab0@group-5D45C35602B2, cid=2153, SUCCESS, logIndex=3179, commits[947ec526-030f-41cc-8af7-a6f75e712ab0:c3181, c447b9b6-dde2-4ce7-aa81-d0e2eddc8fe9:c3178, 28b540ac-241d-462a-a56c-509e92928066:c3178]
2019-08-20 22:34:34,961 | INFO  | DNAudit | user=null | ip=null | op=PUT_BLOCK {blockData=[blockId=conID: 3 locID: 102651689365733935 bcsId: 0,size=2097152]} | ret=SUCCESS |  
2019-08-20 22:34:34,961 | INFO  | DNAudit | user=null | ip=null | op=WRITE_CHUNK {blockData=conID: 3 locID: 102651689365733935 bcsId: 0} | ret=SUCCESS |  
2019-08-20 22:34:34,961 [grpc-default-executor-3] INFO  client.GrpcClientProtocolClient (GrpcClientProtocolClient.java:onNext(255)) - client-391BA870FC40->947ec526-030f-41cc-8af7-a6f75e712ab0: receive RaftClientReply:client-391BA870FC40->947ec526-030f-41cc-8af7-a6f75e712ab0@group-5D45C35602B2, cid=2154, SUCCESS, logIndex=3180, commits[947ec526-030f-41cc-8af7-a6f75e712ab0:c3182, c447b9b6-dde2-4ce7-aa81-d0e2eddc8fe9:c3178, 28b540ac-241d-462a-a56c-509e92928066:c3178]
2019-08-20 22:34:34,961 [grpc-default-executor-3] INFO  client.GrpcClientProtocolClient (GrpcClientProtocolClient.java:onNext(255)) - client-391BA870FC40->947ec526-030f-41cc-8af7-a6f75e712ab0: receive RaftClientReply:client-391BA870FC40->947ec526-030f-41cc-8af7-a6f75e712ab0@group-5D45C35602B2, cid=2155, SUCCESS, logIndex=3181, commits[947ec526-030f-41cc-8af7-a6f75e712ab0:c3182, c447b9b6-dde2-4ce7-aa81-d0e2eddc8fe9:c3178, 28b540ac-241d-462a-a56c-509e92928066:c3178]
2019-08-20 22:34:34,962 [grpc-default-executor-3] INFO  client.GrpcClientProtocolClient (GrpcClientProtocolClient.java:onNext(255)) - client-391BA870FC40->947ec526-030f-41cc-8af7-a6f75e712ab0: receive RaftClientReply:client-391BA870FC40->947ec526-030f-41cc-8af7-a6f75e712ab0@group-5D45C35602B2, cid=2156, SUCCESS, logIndex=3182, commits[947ec526-030f-41cc-8af7-a6f75e712ab0:c3183, c447b9b6-dde2-4ce7-aa81-d0e2eddc8fe9:c3179, 28b540ac-241d-462a-a56c-509e92928066:c3178]
2019-08-20 22:34:34,962 | INFO  | DNAudit | user=null | ip=null | op=WRITE_CHUNK {blockData=conID: 3 locID: 102651689365733935 bcsId: 0} | ret=SUCCESS |  
2019-08-20 22:34:34,963 | INFO  | DNAudit | user=null | ip=null | op=PUT_BLOCK {blockData=[blockId=conID: 3 locID: 102651689365733935 bcsId: 0,size=1048576]} | ret=SUCCESS |  
2019-08-20 22:34:34,963 | INFO  | DNAudit | user=null | ip=null | op=WRITE_CHUNK {blockData=conID: 3 locID: 102651689365733935 bcsId: 0} | ret=SUCCESS |  
2019-08-20 22:34:34,963 | INFO  | DNAudit | user=null | ip=null | op=PUT_BLOCK {blockData=[blockId=conID: 3 locID: 102651689365733935 bcsId: 0,size=2097152]} | ret=SUCCESS |  
2019-08-20 22:34:34,963 | INFO  | DNAudit | user=null | ip=null | op=PUT_BLOCK {blockData=[blockId=conID: 3 locID: 102651689365733935 bcsId: 0,size=1048576]} | ret=SUCCESS |  
2019-08-20 22:34:34,963 | INFO  | DNAudit | user=null | ip=null | op=WRITE_CHUNK {blockData=conID: 3 locID: 102651689365733935 bcsId: 0} | ret=SUCCESS |  
2019-08-20 22:34:34,964 | INFO  | DNAudit | user=null | ip=null | op=PUT_BLOCK {blockData=[blockId=conID: 3 locID: 102651689365733935 bcsId: 0,size=2097152]} | ret=SUCCESS |  
2019-08-20 22:34:34,964 [grpc-default-executor-3] INFO  client.GrpcClientProtocolClient (GrpcClientProtocolClient.java:onNext(255)) - client-391BA870FC40->947ec526-030f-41cc-8af7-a6f75e712ab0: receive RaftClientReply:client-391BA870FC40->947ec526-030f-41cc-8af7-a6f75e712ab0@group-5D45C35602B2, cid=2157, SUCCESS, logIndex=0, commits[947ec526-030f-41cc-8af7-a6f75e712ab0:c3186, c447b9b6-dde2-4ce7-aa81-d0e2eddc8fe9:c3182, 28b540ac-241d-462a-a56c-509e92928066:c3180]
2019-08-20 22:34:34,969 | INFO  | DNAudit | user=null | ip=null | op=WRITE_CHUNK {blockData=conID: 3 locID: 102651689365733935 bcsId: 3182} | ret=SUCCESS |  
2019-08-20 22:34:34,971 | INFO  | DNAudit | user=null | ip=null | op=WRITE_CHUNK {blockData=conID: 3 locID: 102651689365733935 bcsId: 3182} | ret=SUCCESS |  
2019-08-20 22:34:34,972 | INFO  | DNAudit | user=null | ip=null | op=WRITE_CHUNK {blockData=conID: 3 locID: 102651689365733935 bcsId: 3182} | ret=SUCCESS |  
2019-08-20 22:34:34,980 | INFO  | DNAudit | user=null | ip=null | op=WRITE_CHUNK {blockData=conID: 3 locID: 102651689365733935 bcsId: 3182} | ret=SUCCESS |  
2019-08-20 22:34:34,981 | INFO  | DNAudit | user=null | ip=null | op=PUT_BLOCK {blockData=[blockId=conID: 3 locID: 102651689365733935 bcsId: 0,size=3145728]} | ret=SUCCESS |  
2019-08-20 22:34:34,981 [grpc-default-executor-1] INFO  client.GrpcClientProtocolClient (GrpcClientProtocolClient.java:onNext(255)) - client-391BA870FC40->947ec526-030f-41cc-8af7-a6f75e712ab0: receive RaftClientReply:client-391BA870FC40->947ec526-030f-41cc-8af7-a6f75e712ab0@group-5D45C35602B2, cid=2158, SUCCESS, logIndex=3187, commits[947ec526-030f-41cc-8af7-a6f75e712ab0:c3188, c447b9b6-dde2-4ce7-aa81-d0e2eddc8fe9:c3186, 28b540ac-241d-462a-a56c-509e92928066:c3186]
2019-08-20 22:34:34,981 [grpc-default-executor-1] INFO  client.GrpcClientProtocolClient (GrpcClientProtocolClient.java:onNext(255)) - client-391BA870FC40->947ec526-030f-41cc-8af7-a6f75e712ab0: receive RaftClientReply:client-391BA870FC40->947ec526-030f-41cc-8af7-a6f75e712ab0@group-5D45C35602B2, cid=2159, SUCCESS, logIndex=3188, commits[947ec526-030f-41cc-8af7-a6f75e712ab0:c3188, c447b9b6-dde2-4ce7-aa81-d0e2eddc8fe9:c3186, 28b540ac-241d-462a-a56c-509e92928066:c3186]
2019-08-20 22:34:34,981 | INFO  | DNAudit | user=null | ip=null | op=WRITE_CHUNK {blockData=conID: 3 locID: 102651689365733935 bcsId: 3182} | ret=SUCCESS |  
2019-08-20 22:34:34,981 | INFO  | DNAudit | user=null | ip=null | op=WRITE_CHUNK {blockData=conID: 3 locID: 102651689365733935 bcsId: 3182} | ret=SUCCESS |  
2019-08-20 22:34:34,984 | INFO  | DNAudit | user=null | ip=null | op=PUT_BLOCK {blockData=[blockId=conID: 3 locID: 102651689365733935 bcsId: 0,size=3145728]} | ret=SUCCESS |  
2019-08-20 22:34:34,984 | INFO  | DNAudit | user=null | ip=null | op=PUT_BLOCK {blockData=[blockId=conID: 3 locID: 102651689365733935 bcsId: 0,size=3145728]} | ret=SUCCESS |  
2019-08-20 22:34:34,987 | INFO  | DNAudit | user=null | ip=null | op=WRITE_CHUNK {blockData=conID: 3 locID: 102651689365733935 bcsId: 3188} | ret=SUCCESS |  
2019-08-20 22:34:34,988 | INFO  | DNAudit | user=null | ip=null | op=WRITE_CHUNK {blockData=conID: 3 locID: 102651689365733935 bcsId: 3188} | ret=SUCCESS |  
2019-08-20 22:34:34,988 | INFO  | DNAudit | user=null | ip=null | op=WRITE_CHUNK {blockData=conID: 3 locID: 102651689365733935 bcsId: 3188} | ret=SUCCESS |  
2019-08-20 22:34:34,998 | INFO  | DNAudit | user=null | ip=null | op=WRITE_CHUNK {blockData=conID: 3 locID: 102651689365733935 bcsId: 3188} | ret=SUCCESS |  
2019-08-20 22:34:34,998 | INFO  | DNAudit | user=null | ip=null | op=PUT_BLOCK {blockData=[blockId=conID: 3 locID: 102651689365733935 bcsId: 0,size=4194304]} | ret=SUCCESS |  
2019-08-20 22:34:34,999 [grpc-default-executor-1] INFO  client.GrpcClientProtocolClient (GrpcClientProtocolClient.java:onNext(255)) - client-391BA870FC40->947ec526-030f-41cc-8af7-a6f75e712ab0: receive RaftClientReply:client-391BA870FC40->947ec526-030f-41cc-8af7-a6f75e712ab0@group-5D45C35602B2, cid=2160, SUCCESS, logIndex=3191, commits[947ec526-030f-41cc-8af7-a6f75e712ab0:c3192, c447b9b6-dde2-4ce7-aa81-d0e2eddc8fe9:c3190, 28b540ac-241d-462a-a56c-509e92928066:c3190]
2019-08-20 22:34:34,999 [grpc-default-executor-1] INFO  client.GrpcClientProtocolClient (GrpcClientProtocolClient.java:onNext(255)) - client-391BA870FC40->947ec526-030f-41cc-8af7-a6f75e712ab0: receive RaftClientReply:client-391BA870FC40->947ec526-030f-41cc-8af7-a6f75e712ab0@group-5D45C35602B2, cid=2161, SUCCESS, logIndex=3192, commits[947ec526-030f-41cc-8af7-a6f75e712ab0:c3192, c447b9b6-dde2-4ce7-aa81-d0e2eddc8fe9:c3190, 28b540ac-241d-462a-a56c-509e92928066:c3190]
2019-08-20 22:34:35,001 | INFO  | DNAudit | user=null | ip=null | op=WRITE_CHUNK {blockData=conID: 3 locID: 102651689365733935 bcsId: 3188} | ret=SUCCESS |  
2019-08-20 22:34:35,001 | INFO  | DNAudit | user=null | ip=null | op=WRITE_CHUNK {blockData=conID: 3 locID: 102651689365733935 bcsId: 3188} | ret=SUCCESS |  
2019-08-20 22:34:35,001 | INFO  | DNAudit | user=null | ip=null | op=PUT_BLOCK {blockData=[blockId=conID: 3 locID: 102651689365733935 bcsId: 0,size=4194304]} | ret=SUCCESS |  
2019-08-20 22:34:35,001 | INFO  | DNAudit | user=null | ip=null | op=PUT_BLOCK {blockData=[blockId=conID: 3 locID: 102651689365733935 bcsId: 0,size=4194304]} | ret=SUCCESS |  
2019-08-20 22:34:35,001 [grpc-default-executor-1] INFO  client.GrpcClientProtocolClient (GrpcClientProtocolClient.java:onNext(255)) - client-391BA870FC40->947ec526-030f-41cc-8af7-a6f75e712ab0: receive RaftClientReply:client-391BA870FC40->947ec526-030f-41cc-8af7-a6f75e712ab0@group-5D45C35602B2, cid=2162, SUCCESS, logIndex=0, commits[947ec526-030f-41cc-8af7-a6f75e712ab0:c3193, c447b9b6-dde2-4ce7-aa81-d0e2eddc8fe9:c3192, 28b540ac-241d-462a-a56c-509e92928066:c3192]
2019-08-20 22:34:35,005 | INFO  | SCMAudit | user=jenkins1000 | ip=192.168.5.142 | op=ALLOCATE_BLOCK {owner=6f694d07-2a2f-44d9-8e1c-aaa094a2f647, size=4194304, type=RATIS, factor=THREE} | ret=SUCCESS |  
2019-08-20 22:34:35,012 | INFO  | SCMAudit | user=jenkins1000 | ip=192.168.5.142 | op=SEND_HEARTBEAT {datanodeUUID=d55cd342-4e6c-4701-86f3-cb557f3478dc, command=[]} | ret=SUCCESS |  
2019-08-20 22:34:35,014 | INFO  | OMAudit | user=jenkins1000 | ip=127.0.0.1 | op=ALLOCATE_BLOCK {volume=vol-0-80747, bucket=bucket-0-27686, key=key-0-47435, dataSize=0, replicationType=null, replicationFactor=null, keyLocationInfo=null, clientID=102651687805452690} | ret=SUCCESS |  
2019-08-20 22:34:35,019 | INFO  | DNAudit | user=null | ip=null | op=WRITE_CHUNK {blockData=conID: 1 locID: 102651689369928240 bcsId: 0} | ret=SUCCESS |  
2019-08-20 22:34:35,022 | INFO  | DNAudit | user=null | ip=null | op=WRITE_CHUNK {blockData=conID: 1 locID: 102651689369928240 bcsId: 0} | ret=SUCCESS |  
2019-08-20 22:34:35,022 | INFO  | DNAudit | user=null | ip=null | op=WRITE_CHUNK {blockData=conID: 1 locID: 102651689369928240 bcsId: 0} | ret=SUCCESS |  
2019-08-20 22:34:35,026 | INFO  | DNAudit | user=null | ip=null | op=WRITE_CHUNK {blockData=conID: 1 locID: 102651689369928240 bcsId: 0} | ret=SUCCESS |  
2019-08-20 22:34:35,027 | INFO  | DNAudit | user=null | ip=null | op=WRITE_CHUNK {blockData=conID: 1 locID: 102651689369928240 bcsId: 0} | ret=SUCCESS |  
2019-08-20 22:34:35,027 | INFO  | DNAudit | user=null | ip=null | op=WRITE_CHUNK {blockData=conID: 1 locID: 102651689369928240 bcsId: 0} | ret=SUCCESS |  
2019-08-20 22:34:35,030 | INFO  | DNAudit | user=null | ip=null | op=WRITE_CHUNK {blockData=conID: 1 locID: 102651689369928240 bcsId: 0} | ret=SUCCESS |  
2019-08-20 22:34:35,030 | INFO  | DNAudit | user=null | ip=null | op=PUT_BLOCK {blockData=[blockId=conID: 1 locID: 102651689369928240 bcsId: 0,size=1048576]} | ret=SUCCESS |  
2019-08-20 22:34:35,031 | INFO  | DNAudit | user=null | ip=null | op=WRITE_CHUNK {blockData=conID: 1 locID: 102651689369928240 bcsId: 0} | ret=SUCCESS |  
2019-08-20 22:34:35,031 [grpc-default-executor-1] INFO  client.GrpcClientProtocolClient (GrpcClientProtocolClient.java:onNext(255)) - client-391BA870FC40->947ec526-030f-41cc-8af7-a6f75e712ab0: receive RaftClientReply:client-391BA870FC40->947ec526-030f-41cc-8af7-a6f75e712ab0@group-5D45C35602B2, cid=2163, SUCCESS, logIndex=3195, commits[947ec526-030f-41cc-8af7-a6f75e712ab0:c3198, c447b9b6-dde2-4ce7-aa81-d0e2eddc8fe9:c3192, 28b540ac-241d-462a-a56c-509e92928066:c3194]
2019-08-20 22:34:35,031 | INFO  | DNAudit | user=null | ip=null | op=PUT_BLOCK {blockData=[blockId=conID: 1 locID: 102651689369928240 bcsId: 0,size=2097152]} | ret=SUCCESS |  
2019-08-20 22:34:35,031 [grpc-default-executor-1] INFO  client.GrpcClientProtocolClient (GrpcClientProtocolClient.java:onNext(255)) - client-391BA870FC40->947ec526-030f-41cc-8af7-a6f75e712ab0: receive RaftClientReply:client-391BA870FC40->947ec526-030f-41cc-8af7-a6f75e712ab0@group-5D45C35602B2, cid=2164, SUCCESS, logIndex=3196, commits[947ec526-030f-41cc-8af7-a6f75e712ab0:c3198, c447b9b6-dde2-4ce7-aa81-d0e2eddc8fe9:c3192, 28b540ac-241d-462a-a56c-509e92928066:c3194]
2019-08-20 22:34:35,031 [grpc-default-executor-1] INFO  client.GrpcClientProtocolClient (GrpcClientProtocolClient.java:onNext(255)) - client-391BA870FC40->947ec526-030f-41cc-8af7-a6f75e712ab0: receive RaftClientReply:client-391BA870FC40->947ec526-030f-41cc-8af7-a6f75e712ab0@group-5D45C35602B2, cid=2165, SUCCESS, logIndex=3197, commits[947ec526-030f-41cc-8af7-a6f75e712ab0:c3198, c447b9b6-dde2-4ce7-aa81-d0e2eddc8fe9:c3192, 28b540ac-241d-462a-a56c-509e92928066:c3194]
2019-08-20 22:34:35,032 [grpc-default-executor-1] INFO  client.GrpcClientProtocolClient (GrpcClientProtocolClient.java:onNext(255)) - client-391BA870FC40->947ec526-030f-41cc-8af7-a6f75e712ab0: receive RaftClientReply:client-391BA870FC40->947ec526-030f-41cc-8af7-a6f75e712ab0@group-5D45C35602B2, cid=2166, SUCCESS, logIndex=3198, commits[947ec526-030f-41cc-8af7-a6f75e712ab0:c3198, c447b9b6-dde2-4ce7-aa81-d0e2eddc8fe9:c3192, 28b540ac-241d-462a-a56c-509e92928066:c3194]
2019-08-20 22:34:35,041 | INFO  | DNAudit | user=null | ip=null | op=WRITE_CHUNK {blockData=conID: 1 locID: 102651689369928240 bcsId: 0} | ret=SUCCESS |  
2019-08-20 22:34:35,041 | INFO  | DNAudit | user=null | ip=null | op=PUT_BLOCK {blockData=[blockId=conID: 1 locID: 102651689369928240 bcsId: 0,size=1048576]} | ret=SUCCESS |  
2019-08-20 22:34:35,043 | INFO  | DNAudit | user=null | ip=null | op=WRITE_CHUNK {blockData=conID: 1 locID: 102651689369928240 bcsId: 0} | ret=SUCCESS |  
2019-08-20 22:34:35,043 | INFO  | DNAudit | user=null | ip=null | op=PUT_BLOCK {blockData=[blockId=conID: 1 locID: 102651689369928240 bcsId: 0,size=1048576]} | ret=SUCCESS |  
2019-08-20 22:34:35,043 | INFO  | DNAudit | user=null | ip=null | op=WRITE_CHUNK {blockData=conID: 1 locID: 102651689369928240 bcsId: 0} | ret=SUCCESS |  
2019-08-20 22:34:35,043 | INFO  | DNAudit | user=null | ip=null | op=PUT_BLOCK {blockData=[blockId=conID: 1 locID: 102651689369928240 bcsId: 0,size=2097152]} | ret=SUCCESS |  
2019-08-20 22:34:35,043 [grpc-default-executor-3] INFO  client.GrpcClientProtocolClient (GrpcClientProtocolClient.java:onNext(255)) - client-391BA870FC40->947ec526-030f-41cc-8af7-a6f75e712ab0: receive RaftClientReply:client-391BA870FC40->947ec526-030f-41cc-8af7-a6f75e712ab0@group-5D45C35602B2, cid=2167, SUCCESS, logIndex=0, commits[947ec526-030f-41cc-8af7-a6f75e712ab0:c3199, c447b9b6-dde2-4ce7-aa81-d0e2eddc8fe9:c3196, 28b540ac-241d-462a-a56c-509e92928066:c3196]
2019-08-20 22:34:35,045 | INFO  | DNAudit | user=null | ip=null | op=WRITE_CHUNK {blockData=conID: 1 locID: 102651689369928240 bcsId: 0} | ret=SUCCESS |  
2019-08-20 22:34:35,045 | INFO  | DNAudit | user=null | ip=null | op=PUT_BLOCK {blockData=[blockId=conID: 1 locID: 102651689369928240 bcsId: 0,size=2097152]} | ret=SUCCESS |  
2019-08-20 22:34:35,049 | INFO  | DNAudit | user=null | ip=null | op=WRITE_CHUNK {blockData=conID: 1 locID: 102651689369928240 bcsId: 3198} | ret=SUCCESS |  
2019-08-20 22:34:35,051 | INFO  | DNAudit | user=null | ip=null | op=WRITE_CHUNK {blockData=conID: 1 locID: 102651689369928240 bcsId: 3198} | ret=SUCCESS |  
2019-08-20 22:34:35,051 | INFO  | DNAudit | user=null | ip=null | op=WRITE_CHUNK {blockData=conID: 1 locID: 102651689369928240 bcsId: 3198} | ret=SUCCESS |  
2019-08-20 22:34:35,070 | INFO  | DNAudit | user=null | ip=null | op=WRITE_CHUNK {blockData=conID: 1 locID: 102651689369928240 bcsId: 3198} | ret=SUCCESS |  
2019-08-20 22:34:35,070 | INFO  | DNAudit | user=null | ip=null | op=PUT_BLOCK {blockData=[blockId=conID: 1 locID: 102651689369928240 bcsId: 0,size=3145728]} | ret=SUCCESS |  
2019-08-20 22:34:35,070 [grpc-default-executor-3] INFO  client.GrpcClientProtocolClient (GrpcClientProtocolClient.java:onNext(255)) - client-391BA870FC40->947ec526-030f-41cc-8af7-a6f75e712ab0: receive RaftClientReply:client-391BA870FC40->947ec526-030f-41cc-8af7-a6f75e712ab0@group-5D45C35602B2, cid=2168, SUCCESS, logIndex=3203, commits[947ec526-030f-41cc-8af7-a6f75e712ab0:c3204, c447b9b6-dde2-4ce7-aa81-d0e2eddc8fe9:c3202, 28b540ac-241d-462a-a56c-509e92928066:c3202]
2019-08-20 22:34:35,071 [grpc-default-executor-3] INFO  client.GrpcClientProtocolClient (GrpcClientProtocolClient.java:onNext(255)) - client-391BA870FC40->947ec526-030f-41cc-8af7-a6f75e712ab0: receive RaftClientReply:client-391BA870FC40->947ec526-030f-41cc-8af7-a6f75e712ab0@group-5D45C35602B2, cid=2169, SUCCESS, logIndex=3204, commits[947ec526-030f-41cc-8af7-a6f75e712ab0:c3204, c447b9b6-dde2-4ce7-aa81-d0e2eddc8fe9:c3202, 28b540ac-241d-462a-a56c-509e92928066:c3202]
2019-08-20 22:34:35,071 | INFO  | DNAudit | user=null | ip=null | op=WRITE_CHUNK {blockData=conID: 1 locID: 102651689369928240 bcsId: 3198} | ret=SUCCESS |  
2019-08-20 22:34:35,071 | INFO  | DNAudit | user=null | ip=null | op=WRITE_CHUNK {blockData=conID: 1 locID: 102651689369928240 bcsId: 3198} | ret=SUCCESS |  
2019-08-20 22:34:35,071 | INFO  | DNAudit | user=null | ip=null | op=PUT_BLOCK {blockData=[blockId=conID: 1 locID: 102651689369928240 bcsId: 0,size=3145728]} | ret=SUCCESS |  
2019-08-20 22:34:35,071 | INFO  | DNAudit | user=null | ip=null | op=PUT_BLOCK {blockData=[blockId=conID: 1 locID: 102651689369928240 bcsId: 0,size=3145728]} | ret=SUCCESS |  
2019-08-20 22:34:35,077 | INFO  | DNAudit | user=null | ip=null | op=WRITE_CHUNK {blockData=conID: 1 locID: 102651689369928240 bcsId: 3204} | ret=SUCCESS |  
2019-08-20 22:34:35,078 | INFO  | DNAudit | user=null | ip=null | op=WRITE_CHUNK {blockData=conID: 1 locID: 102651689369928240 bcsId: 3204} | ret=SUCCESS |  
2019-08-20 22:34:35,079 | INFO  | DNAudit | user=null | ip=null | op=WRITE_CHUNK {blockData=conID: 1 locID: 102651689369928240 bcsId: 3204} | ret=SUCCESS |  
2019-08-20 22:34:35,086 | INFO  | DNAudit | user=null | ip=null | op=WRITE_CHUNK {blockData=conID: 1 locID: 102651689369928240 bcsId: 3204} | ret=SUCCESS |  
2019-08-20 22:34:35,086 | INFO  | DNAudit | user=null | ip=null | op=PUT_BLOCK {blockData=[blockId=conID: 1 locID: 102651689369928240 bcsId: 0,size=4194304]} | ret=SUCCESS |  
2019-08-20 22:34:35,087 [grpc-default-executor-2] INFO  client.GrpcClientProtocolClient (GrpcClientProtocolClient.java:onNext(255)) - client-391BA870FC40->947ec526-030f-41cc-8af7-a6f75e712ab0: receive RaftClientReply:client-391BA870FC40->947ec526-030f-41cc-8af7-a6f75e712ab0@group-5D45C35602B2, cid=2170, SUCCESS, logIndex=3207, commits[947ec526-030f-41cc-8af7-a6f75e712ab0:c3208, c447b9b6-dde2-4ce7-aa81-d0e2eddc8fe9:c3206, 28b540ac-241d-462a-a56c-509e92928066:c3206]
2019-08-20 22:34:35,087 [grpc-default-executor-2] INFO  client.GrpcClientProtocolClient (GrpcClientProtocolClient.java:onNext(255)) - client-391BA870FC40->947ec526-030f-41cc-8af7-a6f75e712ab0: receive RaftClientReply:client-391BA870FC40->947ec526-030f-41cc-8af7-a6f75e712ab0@group-5D45C35602B2, cid=2171, SUCCESS, logIndex=3208, commits[947ec526-030f-41cc-8af7-a6f75e712ab0:c3208, c447b9b6-dde2-4ce7-aa81-d0e2eddc8fe9:c3206, 28b540ac-241d-462a-a56c-509e92928066:c3206]
2019-08-20 22:34:35,098 | INFO  | DNAudit | user=null | ip=null | op=WRITE_CHUNK {blockData=conID: 1 locID: 102651689369928240 bcsId: 3204} | ret=SUCCESS |  
2019-08-20 22:34:35,098 | INFO  | DNAudit | user=null | ip=null | op=WRITE_CHUNK {blockData=conID: 1 locID: 102651689369928240 bcsId: 3204} | ret=SUCCESS |  
2019-08-20 22:34:35,100 | INFO  | DNAudit | user=null | ip=null | op=PUT_BLOCK {blockData=[blockId=conID: 1 locID: 102651689369928240 bcsId: 0,size=4194304]} | ret=SUCCESS |  
2019-08-20 22:34:35,100 | INFO  | DNAudit | user=null | ip=null | op=PUT_BLOCK {blockData=[blockId=conID: 1 locID: 102651689369928240 bcsId: 0,size=4194304]} | ret=SUCCESS |  
2019-08-20 22:34:35,101 [grpc-default-executor-2] INFO  client.GrpcClientProtocolClient (GrpcClientProtocolClient.java:onNext(255)) - client-391BA870FC40->947ec526-030f-41cc-8af7-a6f75e712ab0: receive RaftClientReply:client-391BA870FC40->947ec526-030f-41cc-8af7-a6f75e712ab0@group-5D45C35602B2, cid=2172, SUCCESS, logIndex=0, commits[947ec526-030f-41cc-8af7-a6f75e712ab0:c3210, c447b9b6-dde2-4ce7-aa81-d0e2eddc8fe9:c3208, 28b540ac-241d-462a-a56c-509e92928066:c3208]
2019-08-20 22:34:35,104 | INFO  | SCMAudit | user=jenkins1000 | ip=192.168.5.142 | op=ALLOCATE_BLOCK {owner=6f694d07-2a2f-44d9-8e1c-aaa094a2f647, size=4194304, type=RATIS, factor=THREE} | ret=SUCCESS |  
2019-08-20 22:34:35,107 | INFO  | OMAudit | user=jenkins1000 | ip=127.0.0.1 | op=ALLOCATE_BLOCK {volume=vol-0-80747, bucket=bucket-0-27686, key=key-0-47435, dataSize=0, replicationType=null, replicationFactor=null, keyLocationInfo=null, clientID=102651687805452690} | ret=SUCCESS |  
2019-08-20 22:34:35,112 | INFO  | DNAudit | user=null | ip=null | op=WRITE_CHUNK {blockData=conID: 2 locID: 102651689376416305 bcsId: 0} | ret=SUCCESS |  
2019-08-20 22:34:35,114 | INFO  | DNAudit | user=null | ip=null | op=WRITE_CHUNK {blockData=conID: 2 locID: 102651689376416305 bcsId: 0} | ret=SUCCESS |  
2019-08-20 22:34:35,116 | INFO  | DNAudit | user=null | ip=null | op=WRITE_CHUNK {blockData=conID: 2 locID: 102651689376416305 bcsId: 0} | ret=SUCCESS |  
2019-08-20 22:34:35,116 | INFO  | DNAudit | user=null | ip=null | op=WRITE_CHUNK {blockData=conID: 2 locID: 102651689376416305 bcsId: 0} | ret=SUCCESS |  
2019-08-20 22:34:35,116 | INFO  | DNAudit | user=null | ip=null | op=WRITE_CHUNK {blockData=conID: 2 locID: 102651689376416305 bcsId: 0} | ret=SUCCESS |  
2019-08-20 22:34:35,116 | INFO  | DNAudit | user=null | ip=null | op=WRITE_CHUNK {blockData=conID: 2 locID: 102651689376416305 bcsId: 0} | ret=SUCCESS |  
2019-08-20 22:34:35,127 | INFO  | DNAudit | user=null | ip=null | op=WRITE_CHUNK {blockData=conID: 2 locID: 102651689376416305 bcsId: 0} | ret=SUCCESS |  
2019-08-20 22:34:35,127 | INFO  | DNAudit | user=null | ip=null | op=PUT_BLOCK {blockData=[blockId=conID: 2 locID: 102651689376416305 bcsId: 0,size=1048576]} | ret=SUCCESS |  
2019-08-20 22:34:35,127 [grpc-default-executor-5] INFO  client.GrpcClientProtocolClient (GrpcClientProtocolClient.java:onNext(255)) - client-391BA870FC40->947ec526-030f-41cc-8af7-a6f75e712ab0: receive RaftClientReply:client-391BA870FC40->947ec526-030f-41cc-8af7-a6f75e712ab0@group-5D45C35602B2, cid=2173, SUCCESS, logIndex=3211, commits[947ec526-030f-41cc-8af7-a6f75e712ab0:c3212, c447b9b6-dde2-4ce7-aa81-d0e2eddc8fe9:c3210, 28b540ac-241d-462a-a56c-509e92928066:c3210]
2019-08-20 22:34:35,128 [grpc-default-executor-5] INFO  client.GrpcClientProtocolClient (GrpcClientProtocolClient.java:onNext(255)) - client-391BA870FC40->947ec526-030f-41cc-8af7-a6f75e712ab0: receive RaftClientReply:client-391BA870FC40->947ec526-030f-41cc-8af7-a6f75e712ab0@group-5D45C35602B2, cid=2174, SUCCESS, logIndex=3212, commits[947ec526-030f-41cc-8af7-a6f75e712ab0:c3212, c447b9b6-dde2-4ce7-aa81-d0e2eddc8fe9:c3210, 28b540ac-241d-462a-a56c-509e92928066:c3210]
2019-08-20 22:34:35,136 | INFO  | DNAudit | user=null | ip=null | op=WRITE_CHUNK {blockData=conID: 2 locID: 102651689376416305 bcsId: 0} | ret=SUCCESS |  
2019-08-20 22:34:35,137 | INFO  | DNAudit | user=null | ip=null | op=PUT_BLOCK {blockData=[blockId=conID: 2 locID: 102651689376416305 bcsId: 0,size=2097152]} | ret=SUCCESS |  
2019-08-20 22:34:35,137 | INFO  | DNAudit | user=null | ip=null | op=WRITE_CHUNK {blockData=conID: 2 locID: 102651689376416305 bcsId: 0} | ret=SUCCESS |  
2019-08-20 22:34:35,137 | INFO  | DNAudit | user=null | ip=null | op=WRITE_CHUNK {blockData=conID: 2 locID: 102651689376416305 bcsId: 0} | ret=SUCCESS |  
2019-08-20 22:34:35,137 [grpc-default-executor-5] INFO  client.GrpcClientProtocolClient (GrpcClientProtocolClient.java:onNext(255)) - client-391BA870FC40->947ec526-030f-41cc-8af7-a6f75e712ab0: receive RaftClientReply:client-391BA870FC40->947ec526-030f-41cc-8af7-a6f75e712ab0@group-5D45C35602B2, cid=2175, SUCCESS, logIndex=3213, commits[947ec526-030f-41cc-8af7-a6f75e712ab0:c3214, c447b9b6-dde2-4ce7-aa81-d0e2eddc8fe9:c3210, 28b540ac-241d-462a-a56c-509e92928066:c3210]
2019-08-20 22:34:35,138 [grpc-default-executor-5] INFO  client.GrpcClientProtocolClient (GrpcClientProtocolClient.java:onNext(255)) - client-391BA870FC40->947ec526-030f-41cc-8af7-a6f75e712ab0: receive RaftClientReply:client-391BA870FC40->947ec526-030f-41cc-8af7-a6f75e712ab0@group-5D45C35602B2, cid=2176, SUCCESS, logIndex=3214, commits[947ec526-030f-41cc-8af7-a6f75e712ab0:c3215, c447b9b6-dde2-4ce7-aa81-d0e2eddc8fe9:c3211, 28b540ac-241d-462a-a56c-509e92928066:c3211]
2019-08-20 22:34:35,140 | INFO  | DNAudit | user=null | ip=null | op=PUT_BLOCK {blockData=[blockId=conID: 2 locID: 102651689376416305 bcsId: 0,size=1048576]} | ret=SUCCESS |  
2019-08-20 22:34:35,140 | INFO  | DNAudit | user=null | ip=null | op=PUT_BLOCK {blockData=[blockId=conID: 2 locID: 102651689376416305 bcsId: 0,size=1048576]} | ret=SUCCESS |  
2019-08-20 22:34:35,140 [grpc-default-executor-5] INFO  client.GrpcClientProtocolClient (GrpcClientProtocolClient.java:onNext(255)) - client-391BA870FC40->947ec526-030f-41cc-8af7-a6f75e712ab0: receive RaftClientReply:client-391BA870FC40->947ec526-030f-41cc-8af7-a6f75e712ab0@group-5D45C35602B2, cid=2177, SUCCESS, logIndex=0, commits[947ec526-030f-41cc-8af7-a6f75e712ab0:c3216, c447b9b6-dde2-4ce7-aa81-d0e2eddc8fe9:c3212, 28b540ac-241d-462a-a56c-509e92928066:c3212]
2019-08-20 22:34:35,146 | INFO  | DNAudit | user=null | ip=null | op=WRITE_CHUNK {blockData=conID: 2 locID: 102651689376416305 bcsId: 3214} | ret=SUCCESS |  
2019-08-20 22:34:35,148 | INFO  | DNAudit | user=null | ip=null | op=WRITE_CHUNK {blockData=conID: 2 locID: 102651689376416305 bcsId: 3214} | ret=SUCCESS |  
2019-08-20 22:34:35,148 | INFO  | DNAudit | user=null | ip=null | op=WRITE_CHUNK {blockData=conID: 2 locID: 102651689376416305 bcsId: 3214} | ret=SUCCESS |  
2019-08-20 22:34:35,160 | INFO  | DNAudit | user=null | ip=null | op=WRITE_CHUNK {blockData=conID: 2 locID: 102651689376416305 bcsId: 0} | ret=SUCCESS |  
2019-08-20 22:34:35,160 | INFO  | DNAudit | user=null | ip=null | op=WRITE_CHUNK {blockData=conID: 2 locID: 102651689376416305 bcsId: 0} | ret=SUCCESS |  
2019-08-20 22:34:35,161 | INFO  | DNAudit | user=null | ip=null | op=PUT_BLOCK {blockData=[blockId=conID: 2 locID: 102651689376416305 bcsId: 0,size=2097152]} | ret=SUCCESS |  
2019-08-20 22:34:35,161 | INFO  | DNAudit | user=null | ip=null | op=WRITE_CHUNK {blockData=conID: 2 locID: 102651689376416305 bcsId: 3214} | ret=SUCCESS |  
2019-08-20 22:34:35,161 | INFO  | DNAudit | user=null | ip=null | op=PUT_BLOCK {blockData=[blockId=conID: 2 locID: 102651689376416305 bcsId: 0,size=2097152]} | ret=SUCCESS |  
2019-08-20 22:34:35,161 | INFO  | DNAudit | user=null | ip=null | op=PUT_BLOCK {blockData=[blockId=conID: 2 locID: 102651689376416305 bcsId: 0,size=3145728]} | ret=SUCCESS |  
2019-08-20 22:34:35,161 [grpc-default-executor-2] INFO  client.GrpcClientProtocolClient (GrpcClientProtocolClient.java:onNext(255)) - client-391BA870FC40->947ec526-030f-41cc-8af7-a6f75e712ab0: receive RaftClientReply:client-391BA870FC40->947ec526-030f-41cc-8af7-a6f75e712ab0@group-5D45C35602B2, cid=2178, SUCCESS, logIndex=3219, commits[947ec526-030f-41cc-8af7-a6f75e712ab0:c3220, c447b9b6-dde2-4ce7-aa81-d0e2eddc8fe9:c3218, 28b540ac-241d-462a-a56c-509e92928066:c3218]
2019-08-20 22:34:35,161 [grpc-default-executor-2] INFO  client.GrpcClientProtocolClient (GrpcClientProtocolClient.java:onNext(255)) - client-391BA870FC40->947ec526-030f-41cc-8af7-a6f75e712ab0: receive RaftClientReply:client-391BA870FC40->947ec526-030f-41cc-8af7-a6f75e712ab0@group-5D45C35602B2, cid=2179, SUCCESS, logIndex=3220, commits[947ec526-030f-41cc-8af7-a6f75e712ab0:c3220, c447b9b6-dde2-4ce7-aa81-d0e2eddc8fe9:c3218, 28b540ac-241d-462a-a56c-509e92928066:c3218]
2019-08-20 22:34:35,167 | INFO  | DNAudit | user=null | ip=null | op=WRITE_CHUNK {blockData=conID: 2 locID: 102651689376416305 bcsId: 3220} | ret=SUCCESS |  
2019-08-20 22:34:35,170 | INFO  | DNAudit | user=null | ip=null | op=WRITE_CHUNK {blockData=conID: 2 locID: 102651689376416305 bcsId: 3220} | ret=SUCCESS |  
2019-08-20 22:34:35,170 | INFO  | DNAudit | user=null | ip=null | op=WRITE_CHUNK {blockData=conID: 2 locID: 102651689376416305 bcsId: 3220} | ret=SUCCESS |  
2019-08-20 22:34:35,174 | INFO  | DNAudit | user=null | ip=null | op=WRITE_CHUNK {blockData=conID: 2 locID: 102651689376416305 bcsId: 3214} | ret=SUCCESS |  
2019-08-20 22:34:35,174 | INFO  | DNAudit | user=null | ip=null | op=WRITE_CHUNK {blockData=conID: 2 locID: 102651689376416305 bcsId: 3214} | ret=SUCCESS |  
2019-08-20 22:34:35,174 | INFO  | DNAudit | user=null | ip=null | op=PUT_BLOCK {blockData=[blockId=conID: 2 locID: 102651689376416305 bcsId: 0,size=3145728]} | ret=SUCCESS |  
2019-08-20 22:34:35,174 | INFO  | DNAudit | user=null | ip=null | op=PUT_BLOCK {blockData=[blockId=conID: 2 locID: 102651689376416305 bcsId: 0,size=3145728]} | ret=SUCCESS |  
2019-08-20 22:34:35,174 | INFO  | SCMAudit | user=jenkins1000 | ip=192.168.5.142 | op=SEND_HEARTBEAT {datanodeUUID=28b540ac-241d-462a-a56c-509e92928066, command=[]} | ret=SUCCESS |  
2019-08-20 22:34:35,174 | INFO  | SCMAudit | user=jenkins1000 | ip=192.168.5.142 | op=SEND_HEARTBEAT {datanodeUUID=eafd9314-3f13-422a-a2ac-adfcde2d7481, command=[]} | ret=SUCCESS |  
2019-08-20 22:34:35,175 | INFO  | SCMAudit | user=jenkins1000 | ip=192.168.5.142 | op=SEND_HEARTBEAT {datanodeUUID=947ec526-030f-41cc-8af7-a6f75e712ab0, command=[]} | ret=SUCCESS |  
2019-08-20 22:34:35,175 | INFO  | SCMAudit | user=jenkins1000 | ip=192.168.5.142 | op=SEND_HEARTBEAT {datanodeUUID=c447b9b6-dde2-4ce7-aa81-d0e2eddc8fe9, command=[]} | ret=SUCCESS |  
 0.00% |█                                                                                                    |  0/1 Time: 0:00:242019-08-20 22:34:35,187 | INFO  | DNAudit | user=null | ip=null | op=WRITE_CHUNK {blockData=conID: 2 locID: 102651689376416305 bcsId: 3220} | ret=SUCCESS |  
2019-08-20 22:34:35,188 | INFO  | DNAudit | user=null | ip=null | op=PUT_BLOCK {blockData=[blockId=conID: 2 locID: 102651689376416305 bcsId: 0,size=4194304]} | ret=SUCCESS |  
2019-08-20 22:34:35,188 [grpc-default-executor-5] INFO  client.GrpcClientProtocolClient (GrpcClientProtocolClient.java:onNext(255)) - client-391BA870FC40->947ec526-030f-41cc-8af7-a6f75e712ab0: receive RaftClientReply:client-391BA870FC40->947ec526-030f-41cc-8af7-a6f75e712ab0@group-5D45C35602B2, cid=2180, SUCCESS, logIndex=3223, commits[947ec526-030f-41cc-8af7-a6f75e712ab0:c3224, c447b9b6-dde2-4ce7-aa81-d0e2eddc8fe9:c3220, 28b540ac-241d-462a-a56c-509e92928066:c3220]
2019-08-20 22:34:35,188 [grpc-default-executor-5] INFO  client.GrpcClientProtocolClient (GrpcClientProtocolClient.java:onNext(255)) - client-391BA870FC40->947ec526-030f-41cc-8af7-a6f75e712ab0: receive RaftClientReply:client-391BA870FC40->947ec526-030f-41cc-8af7-a6f75e712ab0@group-5D45C35602B2, cid=2181, SUCCESS, logIndex=3224, commits[947ec526-030f-41cc-8af7-a6f75e712ab0:c3224, c447b9b6-dde2-4ce7-aa81-d0e2eddc8fe9:c3220, 28b540ac-241d-462a-a56c-509e92928066:c3220]
2019-08-20 22:34:35,201 | INFO  | DNAudit | user=null | ip=null | op=WRITE_CHUNK {blockData=conID: 2 locID: 102651689376416305 bcsId: 3220} | ret=SUCCESS |  
2019-08-20 22:34:35,202 | INFO  | DNAudit | user=null | ip=null | op=WRITE_CHUNK {blockData=conID: 2 locID: 102651689376416305 bcsId: 3220} | ret=SUCCESS |  
2019-08-20 22:34:35,214 | INFO  | DNAudit | user=null | ip=null | op=PUT_BLOCK {blockData=[blockId=conID: 2 locID: 102651689376416305 bcsId: 0,size=4194304]} | ret=SUCCESS |  
2019-08-20 22:34:35,214 | INFO  | DNAudit | user=null | ip=null | op=PUT_BLOCK {blockData=[blockId=conID: 2 locID: 102651689376416305 bcsId: 0,size=4194304]} | ret=SUCCESS |  
2019-08-20 22:34:35,215 [grpc-default-executor-2] INFO  client.GrpcClientProtocolClient (GrpcClientProtocolClient.java:onNext(255)) - client-391BA870FC40->947ec526-030f-41cc-8af7-a6f75e712ab0: receive RaftClientReply:client-391BA870FC40->947ec526-030f-41cc-8af7-a6f75e712ab0@group-5D45C35602B2, cid=2182, SUCCESS, logIndex=0, commits[947ec526-030f-41cc-8af7-a6f75e712ab0:c3226, c447b9b6-dde2-4ce7-aa81-d0e2eddc8fe9:c3224, 28b540ac-241d-462a-a56c-509e92928066:c3224]
2019-08-20 22:34:35,219 | INFO  | SCMAudit | user=jenkins1000 | ip=192.168.5.142 | op=ALLOCATE_BLOCK {owner=6f694d07-2a2f-44d9-8e1c-aaa094a2f647, size=4194304, type=RATIS, factor=THREE} | ret=SUCCESS |  
2019-08-20 22:34:35,222 | INFO  | OMAudit | user=jenkins1000 | ip=127.0.0.1 | op=ALLOCATE_BLOCK {volume=vol-0-80747, bucket=bucket-0-27686, key=key-0-47435, dataSize=0, replicationType=null, replicationFactor=null, keyLocationInfo=null, clientID=102651687805452690} | ret=SUCCESS |  
2019-08-20 22:34:35,230 | INFO  | DNAudit | user=null | ip=null | op=WRITE_CHUNK {blockData=conID: 3 locID: 102651689383952946 bcsId: 0} | ret=SUCCESS |  
2019-08-20 22:34:35,232 | INFO  | DNAudit | user=null | ip=null | op=WRITE_CHUNK {blockData=conID: 3 locID: 102651689383952946 bcsId: 0} | ret=SUCCESS |  
2019-08-20 22:34:35,232 | INFO  | DNAudit | user=null | ip=null | op=WRITE_CHUNK {blockData=conID: 3 locID: 102651689383952946 bcsId: 0} | ret=SUCCESS |  
2019-08-20 22:34:35,233 | INFO  | DNAudit | user=null | ip=null | op=WRITE_CHUNK {blockData=conID: 3 locID: 102651689383952946 bcsId: 0} | ret=SUCCESS |  
2019-08-20 22:34:35,234 | INFO  | DNAudit | user=null | ip=null | op=WRITE_CHUNK {blockData=conID: 3 locID: 102651689383952946 bcsId: 0} | ret=SUCCESS |  
2019-08-20 22:34:35,235 | INFO  | DNAudit | user=null | ip=null | op=WRITE_CHUNK {blockData=conID: 3 locID: 102651689383952946 bcsId: 0} | ret=SUCCESS |  
2019-08-20 22:34:35,243 | INFO  | DNAudit | user=null | ip=null | op=WRITE_CHUNK {blockData=conID: 3 locID: 102651689383952946 bcsId: 0} | ret=SUCCESS |  
2019-08-20 22:34:35,243 | INFO  | DNAudit | user=null | ip=null | op=PUT_BLOCK {blockData=[blockId=conID: 3 locID: 102651689383952946 bcsId: 0,size=1048576]} | ret=SUCCESS |  
2019-08-20 22:34:35,243 [grpc-default-executor-1] INFO  client.GrpcClientProtocolClient (GrpcClientProtocolClient.java:onNext(255)) - client-391BA870FC40->947ec526-030f-41cc-8af7-a6f75e712ab0: receive RaftClientReply:client-391BA870FC40->947ec526-030f-41cc-8af7-a6f75e712ab0@group-5D45C35602B2, cid=2183, SUCCESS, logIndex=3227, commits[947ec526-030f-41cc-8af7-a6f75e712ab0:c3228, c447b9b6-dde2-4ce7-aa81-d0e2eddc8fe9:c3226, 28b540ac-241d-462a-a56c-509e92928066:c3226]
2019-08-20 22:34:35,244 | INFO  | DNAudit | user=null | ip=null | op=WRITE_CHUNK {blockData=conID: 3 locID: 102651689383952946 bcsId: 0} | ret=SUCCESS |  
2019-08-20 22:34:35,244 [grpc-default-executor-1] INFO  client.GrpcClientProtocolClient (GrpcClientProtocolClient.java:onNext(255)) - client-391BA870FC40->947ec526-030f-41cc-8af7-a6f75e712ab0: receive RaftClientReply:client-391BA870FC40->947ec526-030f-41cc-8af7-a6f75e712ab0@group-5D45C35602B2, cid=2184, SUCCESS, logIndex=3228, commits[947ec526-030f-41cc-8af7-a6f75e712ab0:c3230, c447b9b6-dde2-4ce7-aa81-d0e2eddc8fe9:c3226, 28b540ac-241d-462a-a56c-509e92928066:c3226]
2019-08-20 22:34:35,244 | INFO  | DNAudit | user=null | ip=null | op=PUT_BLOCK {blockData=[blockId=conID: 3 locID: 102651689383952946 bcsId: 0,size=2097152]} | ret=SUCCESS |  
2019-08-20 22:34:35,244 [grpc-default-executor-2] INFO  client.GrpcClientProtocolClient (GrpcClientProtocolClient.java:onNext(255)) - client-391BA870FC40->947ec526-030f-41cc-8af7-a6f75e712ab0: receive RaftClientReply:client-391BA870FC40->947ec526-030f-41cc-8af7-a6f75e712ab0@group-5D45C35602B2, cid=2185, SUCCESS, logIndex=3229, commits[947ec526-030f-41cc-8af7-a6f75e712ab0:c3230, c447b9b6-dde2-4ce7-aa81-d0e2eddc8fe9:c3226, 28b540ac-241d-462a-a56c-509e92928066:c3226]
2019-08-20 22:34:35,245 [grpc-default-executor-2] INFO  client.GrpcClientProtocolClient (GrpcClientProtocolClient.java:onNext(255)) - client-391BA870FC40->947ec526-030f-41cc-8af7-a6f75e712ab0: receive RaftClientReply:client-391BA870FC40->947ec526-030f-41cc-8af7-a6f75e712ab0@group-5D45C35602B2, cid=2186, SUCCESS, logIndex=3230, commits[947ec526-030f-41cc-8af7-a6f75e712ab0:c3230, c447b9b6-dde2-4ce7-aa81-d0e2eddc8fe9:c3226, 28b540ac-241d-462a-a56c-509e92928066:c3226]
2019-08-20 22:34:35,255 | INFO  | DNAudit | user=null | ip=null | op=WRITE_CHUNK {blockData=conID: 3 locID: 102651689383952946 bcsId: 0} | ret=SUCCESS |  
2019-08-20 22:34:35,255 | INFO  | DNAudit | user=null | ip=null | op=PUT_BLOCK {blockData=[blockId=conID: 3 locID: 102651689383952946 bcsId: 0,size=1048576]} | ret=SUCCESS |  
2019-08-20 22:34:35,257 | INFO  | DNAudit | user=null | ip=null | op=WRITE_CHUNK {blockData=conID: 3 locID: 102651689383952946 bcsId: 0} | ret=SUCCESS |  
2019-08-20 22:34:35,257 | INFO  | DNAudit | user=null | ip=null | op=PUT_BLOCK {blockData=[blockId=conID: 3 locID: 102651689383952946 bcsId: 0,size=1048576]} | ret=SUCCESS |  
2019-08-20 22:34:35,257 | INFO  | DNAudit | user=null | ip=null | op=WRITE_CHUNK {blockData=conID: 3 locID: 102651689383952946 bcsId: 0} | ret=SUCCESS |  
2019-08-20 22:34:35,257 [grpc-default-executor-1] INFO  client.GrpcClientProtocolClient (GrpcClientProtocolClient.java:onNext(255)) - client-391BA870FC40->947ec526-030f-41cc-8af7-a6f75e712ab0: receive RaftClientReply:client-391BA870FC40->947ec526-030f-41cc-8af7-a6f75e712ab0@group-5D45C35602B2, cid=2187, SUCCESS, logIndex=0, commits[947ec526-030f-41cc-8af7-a6f75e712ab0:c3232, c447b9b6-dde2-4ce7-aa81-d0e2eddc8fe9:c3228, 28b540ac-241d-462a-a56c-509e92928066:c3228]
2019-08-20 22:34:35,257 | INFO  | DNAudit | user=null | ip=null | op=PUT_BLOCK {blockData=[blockId=conID: 3 locID: 102651689383952946 bcsId: 0,size=2097152]} | ret=SUCCESS |  
2019-08-20 22:34:35,264 | INFO  | DNAudit | user=null | ip=null | op=WRITE_CHUNK {blockData=conID: 3 locID: 102651689383952946 bcsId: 3230} | ret=SUCCESS |  
2019-08-20 22:34:35,266 | INFO  | DNAudit | user=null | ip=null | op=WRITE_CHUNK {blockData=conID: 3 locID: 102651689383952946 bcsId: 0} | ret=SUCCESS |  
2019-08-20 22:34:35,266 | INFO  | DNAudit | user=null | ip=null | op=WRITE_CHUNK {blockData=conID: 3 locID: 102651689383952946 bcsId: 3230} | ret=SUCCESS |  
2019-08-20 22:34:35,266 | INFO  | DNAudit | user=null | ip=null | op=PUT_BLOCK {blockData=[blockId=conID: 3 locID: 102651689383952946 bcsId: 0,size=2097152]} | ret=SUCCESS |  
2019-08-20 22:34:35,266 | INFO  | DNAudit | user=null | ip=null | op=WRITE_CHUNK {blockData=conID: 3 locID: 102651689383952946 bcsId: 3230} | ret=SUCCESS |  
2019-08-20 22:34:35,268 | INFO  | DNAudit | user=null | ip=null | op=WRITE_CHUNK {blockData=conID: 3 locID: 102651689383952946 bcsId: 3230} | ret=SUCCESS |  
2019-08-20 22:34:35,268 | INFO  | DNAudit | user=null | ip=null | op=PUT_BLOCK {blockData=[blockId=conID: 3 locID: 102651689383952946 bcsId: 0,size=3145728]} | ret=SUCCESS |  
2019-08-20 22:34:35,268 [grpc-default-executor-2] INFO  client.GrpcClientProtocolClient (GrpcClientProtocolClient.java:onNext(255)) - client-391BA870FC40->947ec526-030f-41cc-8af7-a6f75e712ab0: receive RaftClientReply:client-391BA870FC40->947ec526-030f-41cc-8af7-a6f75e712ab0@group-5D45C35602B2, cid=2188, SUCCESS, logIndex=3235, commits[947ec526-030f-41cc-8af7-a6f75e712ab0:c3236, c447b9b6-dde2-4ce7-aa81-d0e2eddc8fe9:c3234, 28b540ac-241d-462a-a56c-509e92928066:c3230]
2019-08-20 22:34:35,269 [grpc-default-executor-2] INFO  client.GrpcClientProtocolClient (GrpcClientProtocolClient.java:onNext(255)) - client-391BA870FC40->947ec526-030f-41cc-8af7-a6f75e712ab0: receive RaftClientReply:client-391BA870FC40->947ec526-030f-41cc-8af7-a6f75e712ab0@group-5D45C35602B2, cid=2189, SUCCESS, logIndex=3236, commits[947ec526-030f-41cc-8af7-a6f75e712ab0:c3236, c447b9b6-dde2-4ce7-aa81-d0e2eddc8fe9:c3234, 28b540ac-241d-462a-a56c-509e92928066:c3230]
2019-08-20 22:34:35,275 | INFO  | DNAudit | user=null | ip=null | op=WRITE_CHUNK {blockData=conID: 3 locID: 102651689383952946 bcsId: 3236} | ret=SUCCESS |  
2019-08-20 22:34:35,277 | INFO  | DNAudit | user=null | ip=null | op=WRITE_CHUNK {blockData=conID: 3 locID: 102651689383952946 bcsId: 3236} | ret=SUCCESS |  
2019-08-20 22:34:35,278 | INFO  | DNAudit | user=null | ip=null | op=WRITE_CHUNK {blockData=conID: 3 locID: 102651689383952946 bcsId: 3236} | ret=SUCCESS |  
2019-08-20 22:34:35,281 | INFO  | DNAudit | user=null | ip=null | op=WRITE_CHUNK {blockData=conID: 3 locID: 102651689383952946 bcsId: 3230} | ret=SUCCESS |  
2019-08-20 22:34:35,281 | INFO  | DNAudit | user=null | ip=null | op=WRITE_CHUNK {blockData=conID: 3 locID: 102651689383952946 bcsId: 3230} | ret=SUCCESS |  
2019-08-20 22:34:35,282 | INFO  | DNAudit | user=null | ip=null | op=PUT_BLOCK {blockData=[blockId=conID: 3 locID: 102651689383952946 bcsId: 0,size=3145728]} | ret=SUCCESS |  
2019-08-20 22:34:35,284 | INFO  | DNAudit | user=null | ip=null | op=PUT_BLOCK {blockData=[blockId=conID: 3 locID: 102651689383952946 bcsId: 0,size=3145728]} | ret=SUCCESS |  
2019-08-20 22:34:35,285 | INFO  | DNAudit | user=null | ip=null | op=WRITE_CHUNK {blockData=conID: 3 locID: 102651689383952946 bcsId: 3236} | ret=SUCCESS |  
2019-08-20 22:34:35,285 | INFO  | DNAudit | user=null | ip=null | op=PUT_BLOCK {blockData=[blockId=conID: 3 locID: 102651689383952946 bcsId: 0,size=4194304]} | ret=SUCCESS |  
2019-08-20 22:34:35,285 [grpc-default-executor-5] INFO  client.GrpcClientProtocolClient (GrpcClientProtocolClient.java:onNext(255)) - client-391BA870FC40->947ec526-030f-41cc-8af7-a6f75e712ab0: receive RaftClientReply:client-391BA870FC40->947ec526-030f-41cc-8af7-a6f75e712ab0@group-5D45C35602B2, cid=2190, SUCCESS, logIndex=3239, commits[947ec526-030f-41cc-8af7-a6f75e712ab0:c3240, c447b9b6-dde2-4ce7-aa81-d0e2eddc8fe9:c3236, 28b540ac-241d-462a-a56c-509e92928066:c3236]
2019-08-20 22:34:35,286 [grpc-default-executor-5] INFO  client.GrpcClientProtocolClient (GrpcClientProtocolClient.java:onNext(255)) - client-391BA870FC40->947ec526-030f-41cc-8af7-a6f75e712ab0: receive RaftClientReply:client-391BA870FC40->947ec526-030f-41cc-8af7-a6f75e712ab0@group-5D45C35602B2, cid=2191, SUCCESS, logIndex=3240, commits[947ec526-030f-41cc-8af7-a6f75e712ab0:c3240, c447b9b6-dde2-4ce7-aa81-d0e2eddc8fe9:c3236, 28b540ac-241d-462a-a56c-509e92928066:c3236]
2019-08-20 22:34:35,325 | INFO  | DNAudit | user=null | ip=null | op=WRITE_CHUNK {blockData=conID: 3 locID: 102651689383952946 bcsId: 3236} | ret=SUCCESS |  
2019-08-20 22:34:35,325 | INFO  | DNAudit | user=null | ip=null | op=WRITE_CHUNK {blockData=conID: 3 locID: 102651689383952946 bcsId: 3236} | ret=SUCCESS |  
2019-08-20 22:34:35,328 | INFO  | DNAudit | user=null | ip=null | op=PUT_BLOCK {blockData=[blockId=conID: 3 locID: 102651689383952946 bcsId: 0,size=4194304]} | ret=SUCCESS |  
2019-08-20 22:34:35,328 | INFO  | DNAudit | user=null | ip=null | op=PUT_BLOCK {blockData=[blockId=conID: 3 locID: 102651689383952946 bcsId: 0,size=4194304]} | ret=SUCCESS |  
2019-08-20 22:34:35,328 [grpc-default-executor-5] INFO  client.GrpcClientProtocolClient (GrpcClientProtocolClient.java:onNext(255)) - client-391BA870FC40->947ec526-030f-41cc-8af7-a6f75e712ab0: receive RaftClientReply:client-391BA870FC40->947ec526-030f-41cc-8af7-a6f75e712ab0@group-5D45C35602B2, cid=2192, SUCCESS, logIndex=0, commits[947ec526-030f-41cc-8af7-a6f75e712ab0:c3242, c447b9b6-dde2-4ce7-aa81-d0e2eddc8fe9:c3240, 28b540ac-241d-462a-a56c-509e92928066:c3240]
2019-08-20 22:34:35,332 | INFO  | SCMAudit | user=jenkins1000 | ip=192.168.5.142 | op=ALLOCATE_BLOCK {owner=6f694d07-2a2f-44d9-8e1c-aaa094a2f647, size=4194304, type=RATIS, factor=THREE} | ret=SUCCESS |  
2019-08-20 22:34:35,335 | INFO  | OMAudit | user=jenkins1000 | ip=127.0.0.1 | op=ALLOCATE_BLOCK {volume=vol-0-80747, bucket=bucket-0-27686, key=key-0-47435, dataSize=0, replicationType=null, replicationFactor=null, keyLocationInfo=null, clientID=102651687805452690} | ret=SUCCESS |  
2019-08-20 22:34:35,341 | INFO  | DNAudit | user=null | ip=null | op=WRITE_CHUNK {blockData=conID: 1 locID: 102651689391358515 bcsId: 0} | ret=SUCCESS |  
2019-08-20 22:34:35,343 | INFO  | DNAudit | user=null | ip=null | op=WRITE_CHUNK {blockData=conID: 1 locID: 102651689391358515 bcsId: 0} | ret=SUCCESS |  
2019-08-20 22:34:35,344 | INFO  | DNAudit | user=null | ip=null | op=WRITE_CHUNK {blockData=conID: 1 locID: 102651689391358515 bcsId: 0} | ret=SUCCESS |  
2019-08-20 22:34:35,344 | INFO  | DNAudit | user=null | ip=null | op=WRITE_CHUNK {blockData=conID: 1 locID: 102651689391358515 bcsId: 0} | ret=SUCCESS |  
2019-08-20 22:34:35,345 | INFO  | DNAudit | user=null | ip=null | op=WRITE_CHUNK {blockData=conID: 1 locID: 102651689391358515 bcsId: 0} | ret=SUCCESS |  
2019-08-20 22:34:35,345 | INFO  | DNAudit | user=null | ip=null | op=WRITE_CHUNK {blockData=conID: 1 locID: 102651689391358515 bcsId: 0} | ret=SUCCESS |  
2019-08-20 22:34:35,355 | INFO  | DNAudit | user=null | ip=null | op=WRITE_CHUNK {blockData=conID: 1 locID: 102651689391358515 bcsId: 0} | ret=SUCCESS |  
2019-08-20 22:34:35,356 | INFO  | DNAudit | user=null | ip=null | op=PUT_BLOCK {blockData=[blockId=conID: 1 locID: 102651689391358515 bcsId: 0,size=1048576]} | ret=SUCCESS |  
2019-08-20 22:34:35,356 [grpc-default-executor-1] INFO  client.GrpcClientProtocolClient (GrpcClientProtocolClient.java:onNext(255)) - client-391BA870FC40->947ec526-030f-41cc-8af7-a6f75e712ab0: receive RaftClientReply:client-391BA870FC40->947ec526-030f-41cc-8af7-a6f75e712ab0@group-5D45C35602B2, cid=2193, SUCCESS, logIndex=3243, commits[947ec526-030f-41cc-8af7-a6f75e712ab0:c3244, c447b9b6-dde2-4ce7-aa81-d0e2eddc8fe9:c3242, 28b540ac-241d-462a-a56c-509e92928066:c3242]
2019-08-20 22:34:35,356 [grpc-default-executor-1] INFO  client.GrpcClientProtocolClient (GrpcClientProtocolClient.java:onNext(255)) - client-391BA870FC40->947ec526-030f-41cc-8af7-a6f75e712ab0: receive RaftClientReply:client-391BA870FC40->947ec526-030f-41cc-8af7-a6f75e712ab0@group-5D45C35602B2, cid=2194, SUCCESS, logIndex=3244, commits[947ec526-030f-41cc-8af7-a6f75e712ab0:c3244, c447b9b6-dde2-4ce7-aa81-d0e2eddc8fe9:c3242, 28b540ac-241d-462a-a56c-509e92928066:c3242]
2019-08-20 22:34:35,365 | INFO  | DNAudit | user=null | ip=null | op=WRITE_CHUNK {blockData=conID: 1 locID: 102651689391358515 bcsId: 0} | ret=SUCCESS |  
2019-08-20 22:34:35,366 | INFO  | DNAudit | user=null | ip=null | op=PUT_BLOCK {blockData=[blockId=conID: 1 locID: 102651689391358515 bcsId: 0,size=2097152]} | ret=SUCCESS |  
2019-08-20 22:34:35,366 [grpc-default-executor-2] INFO  client.GrpcClientProtocolClient (GrpcClientProtocolClient.java:onNext(255)) - client-391BA870FC40->947ec526-030f-41cc-8af7-a6f75e712ab0: receive RaftClientReply:client-391BA870FC40->947ec526-030f-41cc-8af7-a6f75e712ab0@group-5D45C35602B2, cid=2195, SUCCESS, logIndex=3245, commits[947ec526-030f-41cc-8af7-a6f75e712ab0:c3246, c447b9b6-dde2-4ce7-aa81-d0e2eddc8fe9:c3242, 28b540ac-241d-462a-a56c-509e92928066:c3242]
2019-08-20 22:34:35,366 [grpc-default-executor-2] INFO  client.GrpcClientProtocolClient (GrpcClientProtocolClient.java:onNext(255)) - client-391BA870FC40->947ec526-030f-41cc-8af7-a6f75e712ab0: receive RaftClientReply:client-391BA870FC40->947ec526-030f-41cc-8af7-a6f75e712ab0@group-5D45C35602B2, cid=2196, SUCCESS, logIndex=3246, commits[947ec526-030f-41cc-8af7-a6f75e712ab0:c3246, c447b9b6-dde2-4ce7-aa81-d0e2eddc8fe9:c3242, 28b540ac-241d-462a-a56c-509e92928066:c3242]
2019-08-20 22:34:35,368 | INFO  | DNAudit | user=null | ip=null | op=WRITE_CHUNK {blockData=conID: 1 locID: 102651689391358515 bcsId: 0} | ret=SUCCESS |  
2019-08-20 22:34:35,379 | INFO  | DNAudit | user=null | ip=null | op=WRITE_CHUNK {blockData=conID: 1 locID: 102651689391358515 bcsId: 0} | ret=SUCCESS |  
2019-08-20 22:34:35,379 | INFO  | DNAudit | user=null | ip=null | op=PUT_BLOCK {blockData=[blockId=conID: 1 locID: 102651689391358515 bcsId: 0,size=1048576]} | ret=SUCCESS |  
2019-08-20 22:34:35,379 | INFO  | DNAudit | user=null | ip=null | op=PUT_BLOCK {blockData=[blockId=conID: 1 locID: 102651689391358515 bcsId: 0,size=1048576]} | ret=SUCCESS |  
2019-08-20 22:34:35,379 | INFO  | DNAudit | user=null | ip=null | op=WRITE_CHUNK {blockData=conID: 1 locID: 102651689391358515 bcsId: 0} | ret=SUCCESS |  
2019-08-20 22:34:35,379 | INFO  | DNAudit | user=null | ip=null | op=WRITE_CHUNK {blockData=conID: 1 locID: 102651689391358515 bcsId: 0} | ret=SUCCESS |  
2019-08-20 22:34:35,379 | INFO  | DNAudit | user=null | ip=null | op=PUT_BLOCK {blockData=[blockId=conID: 1 locID: 102651689391358515 bcsId: 0,size=2097152]} | ret=SUCCESS |  
2019-08-20 22:34:35,379 | INFO  | DNAudit | user=null | ip=null | op=PUT_BLOCK {blockData=[blockId=conID: 1 locID: 102651689391358515 bcsId: 0,size=2097152]} | ret=SUCCESS |  
2019-08-20 22:34:35,379 [grpc-default-executor-1] INFO  client.GrpcClientProtocolClient (GrpcClientProtocolClient.java:onNext(255)) - client-391BA870FC40->947ec526-030f-41cc-8af7-a6f75e712ab0: receive RaftClientReply:client-391BA870FC40->947ec526-030f-41cc-8af7-a6f75e712ab0@group-5D45C35602B2, cid=2197, SUCCESS, logIndex=0, commits[947ec526-030f-41cc-8af7-a6f75e712ab0:c3248, c447b9b6-dde2-4ce7-aa81-d0e2eddc8fe9:c3244, 28b540ac-241d-462a-a56c-509e92928066:c3244]
2019-08-20 22:34:35,385 | INFO  | DNAudit | user=null | ip=null | op=WRITE_CHUNK {blockData=conID: 1 locID: 102651689391358515 bcsId: 3246} | ret=SUCCESS |  
2019-08-20 22:34:35,387 | INFO  | DNAudit | user=null | ip=null | op=WRITE_CHUNK {blockData=conID: 1 locID: 102651689391358515 bcsId: 3246} | ret=SUCCESS |  
2019-08-20 22:34:35,387 | INFO  | DNAudit | user=null | ip=null | op=WRITE_CHUNK {blockData=conID: 1 locID: 102651689391358515 bcsId: 3246} | ret=SUCCESS |  
2019-08-20 22:34:35,399 | INFO  | DNAudit | user=null | ip=null | op=WRITE_CHUNK {blockData=conID: 1 locID: 102651689391358515 bcsId: 3246} | ret=SUCCESS |  
2019-08-20 22:34:35,400 | INFO  | DNAudit | user=null | ip=null | op=PUT_BLOCK {blockData=[blockId=conID: 1 locID: 102651689391358515 bcsId: 0,size=3145728]} | ret=SUCCESS |  
2019-08-20 22:34:35,400 [grpc-default-executor-2] INFO  client.GrpcClientProtocolClient (GrpcClientProtocolClient.java:onNext(255)) - client-391BA870FC40->947ec526-030f-41cc-8af7-a6f75e712ab0: receive RaftClientReply:client-391BA870FC40->947ec526-030f-41cc-8af7-a6f75e712ab0@group-5D45C35602B2, cid=2198, SUCCESS, logIndex=3250, commits[947ec526-030f-41cc-8af7-a6f75e712ab0:c3251, c447b9b6-dde2-4ce7-aa81-d0e2eddc8fe9:c3249, 28b540ac-241d-462a-a56c-509e92928066:c3249]
2019-08-20 22:34:35,400 [grpc-default-executor-2] INFO  client.GrpcClientProtocolClient (GrpcClientProtocolClient.java:onNext(255)) - client-391BA870FC40->947ec526-030f-41cc-8af7-a6f75e712ab0: receive RaftClientReply:client-391BA870FC40->947ec526-030f-41cc-8af7-a6f75e712ab0@group-5D45C35602B2, cid=2199, SUCCESS, logIndex=3251, commits[947ec526-030f-41cc-8af7-a6f75e712ab0:c3251, c447b9b6-dde2-4ce7-aa81-d0e2eddc8fe9:c3249, 28b540ac-241d-462a-a56c-509e92928066:c3249]
2019-08-20 22:34:35,405 | INFO  | DNAudit | user=null | ip=null | op=WRITE_CHUNK {blockData=conID: 1 locID: 102651689391358515 bcsId: 3251} | ret=SUCCESS |  
2019-08-20 22:34:35,408 | INFO  | DNAudit | user=null | ip=null | op=WRITE_CHUNK {blockData=conID: 1 locID: 102651689391358515 bcsId: 3251} | ret=SUCCESS |  
2019-08-20 22:34:35,408 | INFO  | DNAudit | user=null | ip=null | op=WRITE_CHUNK {blockData=conID: 1 locID: 102651689391358515 bcsId: 3251} | ret=SUCCESS |  
2019-08-20 22:34:35,411 | INFO  | DNAudit | user=null | ip=null | op=WRITE_CHUNK {blockData=conID: 1 locID: 102651689391358515 bcsId: 3246} | ret=SUCCESS |  
2019-08-20 22:34:35,411 | INFO  | DNAudit | user=null | ip=null | op=WRITE_CHUNK {blockData=conID: 1 locID: 102651689391358515 bcsId: 3246} | ret=SUCCESS |  
2019-08-20 22:34:35,411 | INFO  | DNAudit | user=null | ip=null | op=PUT_BLOCK {blockData=[blockId=conID: 1 locID: 102651689391358515 bcsId: 0,size=3145728]} | ret=SUCCESS |  
2019-08-20 22:34:35,414 | INFO  | DNAudit | user=null | ip=null | op=PUT_BLOCK {blockData=[blockId=conID: 1 locID: 102651689391358515 bcsId: 0,size=3145728]} | ret=SUCCESS |  
2019-08-20 22:34:35,414 | INFO  | DNAudit | user=null | ip=null | op=WRITE_CHUNK {blockData=conID: 1 locID: 102651689391358515 bcsId: 3251} | ret=SUCCESS |  
2019-08-20 22:34:35,415 | INFO  | DNAudit | user=null | ip=null | op=PUT_BLOCK {blockData=[blockId=conID: 1 locID: 102651689391358515 bcsId: 0,size=4194304]} | ret=SUCCESS |  
2019-08-20 22:34:35,415 [grpc-default-executor-5] INFO  client.GrpcClientProtocolClient (GrpcClientProtocolClient.java:onNext(255)) - client-391BA870FC40->947ec526-030f-41cc-8af7-a6f75e712ab0: receive RaftClientReply:client-391BA870FC40->947ec526-030f-41cc-8af7-a6f75e712ab0@group-5D45C35602B2, cid=2200, SUCCESS, logIndex=3254, commits[947ec526-030f-41cc-8af7-a6f75e712ab0:c3255, c447b9b6-dde2-4ce7-aa81-d0e2eddc8fe9:c3251, 28b540ac-241d-462a-a56c-509e92928066:c3251]
2019-08-20 22:34:35,415 [grpc-default-executor-5] INFO  client.GrpcClientProtocolClient (GrpcClientProtocolClient.java:onNext(255)) - client-391BA870FC40->947ec526-030f-41cc-8af7-a6f75e712ab0: receive RaftClientReply:client-391BA870FC40->947ec526-030f-41cc-8af7-a6f75e712ab0@group-5D45C35602B2, cid=2201, SUCCESS, logIndex=3255, commits[947ec526-030f-41cc-8af7-a6f75e712ab0:c3255, c447b9b6-dde2-4ce7-aa81-d0e2eddc8fe9:c3251, 28b540ac-241d-462a-a56c-509e92928066:c3251]
2019-08-20 22:34:35,427 | INFO  | DNAudit | user=null | ip=null | op=WRITE_CHUNK {blockData=conID: 1 locID: 102651689391358515 bcsId: 3251} | ret=SUCCESS |  
2019-08-20 22:34:35,427 | INFO  | DNAudit | user=null | ip=null | op=WRITE_CHUNK {blockData=conID: 1 locID: 102651689391358515 bcsId: 3251} | ret=SUCCESS |  
2019-08-20 22:34:35,440 | INFO  | DNAudit | user=null | ip=null | op=PUT_BLOCK {blockData=[blockId=conID: 1 locID: 102651689391358515 bcsId: 0,size=4194304]} | ret=SUCCESS |  
2019-08-20 22:34:35,440 | INFO  | DNAudit | user=null | ip=null | op=PUT_BLOCK {blockData=[blockId=conID: 1 locID: 102651689391358515 bcsId: 0,size=4194304]} | ret=SUCCESS |  
2019-08-20 22:34:35,441 [grpc-default-executor-2] INFO  client.GrpcClientProtocolClient (GrpcClientProtocolClient.java:onNext(255)) - client-391BA870FC40->947ec526-030f-41cc-8af7-a6f75e712ab0: receive RaftClientReply:client-391BA870FC40->947ec526-030f-41cc-8af7-a6f75e712ab0@group-5D45C35602B2, cid=2202, SUCCESS, logIndex=0, commits[947ec526-030f-41cc-8af7-a6f75e712ab0:c3257, c447b9b6-dde2-4ce7-aa81-d0e2eddc8fe9:c3255, 28b540ac-241d-462a-a56c-509e92928066:c3255]
2019-08-20 22:34:35,445 | INFO  | SCMAudit | user=jenkins1000 | ip=192.168.5.142 | op=ALLOCATE_BLOCK {owner=6f694d07-2a2f-44d9-8e1c-aaa094a2f647, size=4194304, type=RATIS, factor=THREE} | ret=SUCCESS |  
2019-08-20 22:34:35,447 | INFO  | OMAudit | user=jenkins1000 | ip=127.0.0.1 | op=ALLOCATE_BLOCK {volume=vol-0-80747, bucket=bucket-0-27686, key=key-0-47435, dataSize=0, replicationType=null, replicationFactor=null, keyLocationInfo=null, clientID=102651687805452690} | ret=SUCCESS |  
2019-08-20 22:34:35,454 | INFO  | DNAudit | user=null | ip=null | op=WRITE_CHUNK {blockData=conID: 2 locID: 102651689398764084 bcsId: 0} | ret=SUCCESS |  
2019-08-20 22:34:35,457 | INFO  | DNAudit | user=null | ip=null | op=WRITE_CHUNK {blockData=conID: 2 locID: 102651689398764084 bcsId: 0} | ret=SUCCESS |  
2019-08-20 22:34:35,458 | INFO  | DNAudit | user=null | ip=null | op=WRITE_CHUNK {blockData=conID: 2 locID: 102651689398764084 bcsId: 0} | ret=SUCCESS |  
2019-08-20 22:34:35,458 | INFO  | DNAudit | user=null | ip=null | op=WRITE_CHUNK {blockData=conID: 2 locID: 102651689398764084 bcsId: 0} | ret=SUCCESS |  
2019-08-20 22:34:35,459 | INFO  | DNAudit | user=null | ip=null | op=WRITE_CHUNK {blockData=conID: 2 locID: 102651689398764084 bcsId: 0} | ret=SUCCESS |  
2019-08-20 22:34:35,460 | INFO  | DNAudit | user=null | ip=null | op=WRITE_CHUNK {blockData=conID: 2 locID: 102651689398764084 bcsId: 0} | ret=SUCCESS |  
2019-08-20 22:34:35,469 | INFO  | DNAudit | user=null | ip=null | op=WRITE_CHUNK {blockData=conID: 2 locID: 102651689398764084 bcsId: 0} | ret=SUCCESS |  
2019-08-20 22:34:35,470 | INFO  | DNAudit | user=null | ip=null | op=PUT_BLOCK {blockData=[blockId=conID: 2 locID: 102651689398764084 bcsId: 0,size=1048576]} | ret=SUCCESS |  
2019-08-20 22:34:35,470 [grpc-default-executor-5] INFO  client.GrpcClientProtocolClient (GrpcClientProtocolClient.java:onNext(255)) - client-391BA870FC40->947ec526-030f-41cc-8af7-a6f75e712ab0: receive RaftClientReply:client-391BA870FC40->947ec526-030f-41cc-8af7-a6f75e712ab0@group-5D45C35602B2, cid=2203, SUCCESS, logIndex=3258, commits[947ec526-030f-41cc-8af7-a6f75e712ab0:c3260, c447b9b6-dde2-4ce7-aa81-d0e2eddc8fe9:c3257, 28b540ac-241d-462a-a56c-509e92928066:c3257]
2019-08-20 22:34:35,471 | INFO  | DNAudit | user=null | ip=null | op=WRITE_CHUNK {blockData=conID: 2 locID: 102651689398764084 bcsId: 0} | ret=SUCCESS |  
2019-08-20 22:34:35,471 [grpc-default-executor-5] INFO  client.GrpcClientProtocolClient (GrpcClientProtocolClient.java:onNext(255)) - client-391BA870FC40->947ec526-030f-41cc-8af7-a6f75e712ab0: receive RaftClientReply:client-391BA870FC40->947ec526-030f-41cc-8af7-a6f75e712ab0@group-5D45C35602B2, cid=2204, SUCCESS, logIndex=3259, commits[947ec526-030f-41cc-8af7-a6f75e712ab0:c3261, c447b9b6-dde2-4ce7-aa81-d0e2eddc8fe9:c3257, 28b540ac-241d-462a-a56c-509e92928066:c3257]
2019-08-20 22:34:35,471 | INFO  | DNAudit | user=null | ip=null | op=PUT_BLOCK {blockData=[blockId=conID: 2 locID: 102651689398764084 bcsId: 0,size=2097152]} | ret=SUCCESS |  
2019-08-20 22:34:35,471 [grpc-default-executor-5] INFO  client.GrpcClientProtocolClient (GrpcClientProtocolClient.java:onNext(255)) - client-391BA870FC40->947ec526-030f-41cc-8af7-a6f75e712ab0: receive RaftClientReply:client-391BA870FC40->947ec526-030f-41cc-8af7-a6f75e712ab0@group-5D45C35602B2, cid=2205, SUCCESS, logIndex=3260, commits[947ec526-030f-41cc-8af7-a6f75e712ab0:c3261, c447b9b6-dde2-4ce7-aa81-d0e2eddc8fe9:c3257, 28b540ac-241d-462a-a56c-509e92928066:c3257]
2019-08-20 22:34:35,471 [grpc-default-executor-5] INFO  client.GrpcClientProtocolClient (GrpcClientProtocolClient.java:onNext(255)) - client-391BA870FC40->947ec526-030f-41cc-8af7-a6f75e712ab0: receive RaftClientReply:client-391BA870FC40->947ec526-030f-41cc-8af7-a6f75e712ab0@group-5D45C35602B2, cid=2206, SUCCESS, logIndex=3261, commits[947ec526-030f-41cc-8af7-a6f75e712ab0:c3261, c447b9b6-dde2-4ce7-aa81-d0e2eddc8fe9:c3257, 28b540ac-241d-462a-a56c-509e92928066:c3257]
2019-08-20 22:34:35,482 | INFO  | DNAudit | user=null | ip=null | op=WRITE_CHUNK {blockData=conID: 2 locID: 102651689398764084 bcsId: 0} | ret=SUCCESS |  
2019-08-20 22:34:35,482 | INFO  | DNAudit | user=null | ip=null | op=PUT_BLOCK {blockData=[blockId=conID: 2 locID: 102651689398764084 bcsId: 0,size=1048576]} | ret=SUCCESS |  
2019-08-20 22:34:35,484 | INFO  | DNAudit | user=null | ip=null | op=WRITE_CHUNK {blockData=conID: 2 locID: 102651689398764084 bcsId: 0} | ret=SUCCESS |  
2019-08-20 22:34:35,485 | INFO  | DNAudit | user=null | ip=null | op=WRITE_CHUNK {blockData=conID: 2 locID: 102651689398764084 bcsId: 0} | ret=SUCCESS |  
2019-08-20 22:34:35,485 | INFO  | DNAudit | user=null | ip=null | op=PUT_BLOCK {blockData=[blockId=conID: 2 locID: 102651689398764084 bcsId: 0,size=2097152]} | ret=SUCCESS |  
2019-08-20 22:34:35,485 | INFO  | DNAudit | user=null | ip=null | op=PUT_BLOCK {blockData=[blockId=conID: 2 locID: 102651689398764084 bcsId: 0,size=1048576]} | ret=SUCCESS |  
2019-08-20 22:34:35,486 | INFO  | DNAudit | user=null | ip=null | op=WRITE_CHUNK {blockData=conID: 2 locID: 102651689398764084 bcsId: 0} | ret=SUCCESS |  
2019-08-20 22:34:35,486 | INFO  | DNAudit | user=null | ip=null | op=PUT_BLOCK {blockData=[blockId=conID: 2 locID: 102651689398764084 bcsId: 0,size=2097152]} | ret=SUCCESS |  
2019-08-20 22:34:35,486 [grpc-default-executor-5] INFO  client.GrpcClientProtocolClient (GrpcClientProtocolClient.java:onNext(255)) - client-391BA870FC40->947ec526-030f-41cc-8af7-a6f75e712ab0: receive RaftClientReply:client-391BA870FC40->947ec526-030f-41cc-8af7-a6f75e712ab0@group-5D45C35602B2, cid=2207, SUCCESS, logIndex=0, commits[947ec526-030f-41cc-8af7-a6f75e712ab0:c3265, c447b9b6-dde2-4ce7-aa81-d0e2eddc8fe9:c3259, 28b540ac-241d-462a-a56c-509e92928066:c3261]
2019-08-20 22:34:35,492 | INFO  | DNAudit | user=null | ip=null | op=WRITE_CHUNK {blockData=conID: 2 locID: 102651689398764084 bcsId: 3261} | ret=SUCCESS |  
2019-08-20 22:34:35,495 | INFO  | DNAudit | user=null | ip=null | op=WRITE_CHUNK {blockData=conID: 2 locID: 102651689398764084 bcsId: 3261} | ret=SUCCESS |  
2019-08-20 22:34:35,495 | INFO  | DNAudit | user=null | ip=null | op=WRITE_CHUNK {blockData=conID: 2 locID: 102651689398764084 bcsId: 3261} | ret=SUCCESS |  
2019-08-20 22:34:35,497 | INFO  | DNAudit | user=null | ip=null | op=WRITE_CHUNK {blockData=conID: 2 locID: 102651689398764084 bcsId: 3261} | ret=SUCCESS |  
2019-08-20 22:34:35,497 | INFO  | DNAudit | user=null | ip=null | op=PUT_BLOCK {blockData=[blockId=conID: 2 locID: 102651689398764084 bcsId: 0,size=3145728]} | ret=SUCCESS |  
2019-08-20 22:34:35,497 [grpc-default-executor-2] INFO  client.GrpcClientProtocolClient (GrpcClientProtocolClient.java:onNext(255)) - client-391BA870FC40->947ec526-030f-41cc-8af7-a6f75e712ab0: receive RaftClientReply:client-391BA870FC40->947ec526-030f-41cc-8af7-a6f75e712ab0@group-5D45C35602B2, cid=2208, SUCCESS, logIndex=3266, commits[947ec526-030f-41cc-8af7-a6f75e712ab0:c3267, c447b9b6-dde2-4ce7-aa81-d0e2eddc8fe9:c3261, 28b540ac-241d-462a-a56c-509e92928066:c3265]
2019-08-20 22:34:35,498 [grpc-default-executor-2] INFO  client.GrpcClientProtocolClient (GrpcClientProtocolClient.java:onNext(255)) - client-391BA870FC40->947ec526-030f-41cc-8af7-a6f75e712ab0: receive RaftClientReply:client-391BA870FC40->947ec526-030f-41cc-8af7-a6f75e712ab0@group-5D45C35602B2, cid=2209, SUCCESS, logIndex=3267, commits[947ec526-030f-41cc-8af7-a6f75e712ab0:c3267, c447b9b6-dde2-4ce7-aa81-d0e2eddc8fe9:c3265, 28b540ac-241d-462a-a56c-509e92928066:c3265]
2019-08-20 22:34:35,499 | INFO  | DNAudit | user=null | ip=null | op=WRITE_CHUNK {blockData=conID: 2 locID: 102651689398764084 bcsId: 3261} | ret=SUCCESS |  
2019-08-20 22:34:35,499 | INFO  | DNAudit | user=null | ip=null | op=WRITE_CHUNK {blockData=conID: 2 locID: 102651689398764084 bcsId: 3261} | ret=SUCCESS |  
2019-08-20 22:34:35,499 | INFO  | DNAudit | user=null | ip=null | op=PUT_BLOCK {blockData=[blockId=conID: 2 locID: 102651689398764084 bcsId: 0,size=3145728]} | ret=SUCCESS |  
2019-08-20 22:34:35,503 | INFO  | DNAudit | user=null | ip=null | op=PUT_BLOCK {blockData=[blockId=conID: 2 locID: 102651689398764084 bcsId: 0,size=3145728]} | ret=SUCCESS |  
2019-08-20 22:34:35,505 | INFO  | DNAudit | user=null | ip=null | op=WRITE_CHUNK {blockData=conID: 2 locID: 102651689398764084 bcsId: 3267} | ret=SUCCESS |  
2019-08-20 22:34:35,506 | INFO  | DNAudit | user=null | ip=null | op=WRITE_CHUNK {blockData=conID: 2 locID: 102651689398764084 bcsId: 3267} | ret=SUCCESS |  
2019-08-20 22:34:35,507 | INFO  | DNAudit | user=null | ip=null | op=WRITE_CHUNK {blockData=conID: 2 locID: 102651689398764084 bcsId: 3267} | ret=SUCCESS |  
2019-08-20 22:34:35,524 | INFO  | DNAudit | user=null | ip=null | op=WRITE_CHUNK {blockData=conID: 2 locID: 102651689398764084 bcsId: 3267} | ret=SUCCESS |  
2019-08-20 22:34:35,525 | INFO  | DNAudit | user=null | ip=null | op=PUT_BLOCK {blockData=[blockId=conID: 2 locID: 102651689398764084 bcsId: 0,size=4194304]} | ret=SUCCESS |  
2019-08-20 22:34:35,525 [grpc-default-executor-2] INFO  client.GrpcClientProtocolClient (GrpcClientProtocolClient.java:onNext(255)) - client-391BA870FC40->947ec526-030f-41cc-8af7-a6f75e712ab0: receive RaftClientReply:client-391BA870FC40->947ec526-030f-41cc-8af7-a6f75e712ab0@group-5D45C35602B2, cid=2210, SUCCESS, logIndex=3270, commits[947ec526-030f-41cc-8af7-a6f75e712ab0:c3271, c447b9b6-dde2-4ce7-aa81-d0e2eddc8fe9:c3268, 28b540ac-241d-462a-a56c-509e92928066:c3268]
2019-08-20 22:34:35,525 [grpc-default-executor-5] INFO  client.GrpcClientProtocolClient (GrpcClientProtocolClient.java:onNext(255)) - client-391BA870FC40->947ec526-030f-41cc-8af7-a6f75e712ab0: receive RaftClientReply:client-391BA870FC40->947ec526-030f-41cc-8af7-a6f75e712ab0@group-5D45C35602B2, cid=2211, SUCCESS, logIndex=3271, commits[947ec526-030f-41cc-8af7-a6f75e712ab0:c3271, c447b9b6-dde2-4ce7-aa81-d0e2eddc8fe9:c3268, 28b540ac-241d-462a-a56c-509e92928066:c3268]
2019-08-20 22:34:35,547 | INFO  | DNAudit | user=null | ip=null | op=WRITE_CHUNK {blockData=conID: 2 locID: 102651689398764084 bcsId: 3267} | ret=SUCCESS |  
2019-08-20 22:34:35,547 | INFO  | DNAudit | user=null | ip=null | op=WRITE_CHUNK {blockData=conID: 2 locID: 102651689398764084 bcsId: 3267} | ret=SUCCESS |  
2019-08-20 22:34:35,547 | INFO  | DNAudit | user=null | ip=null | op=PUT_BLOCK {blockData=[blockId=conID: 2 locID: 102651689398764084 bcsId: 0,size=4194304]} | ret=SUCCESS |  
2019-08-20 22:34:35,548 | INFO  | DNAudit | user=null | ip=null | op=PUT_BLOCK {blockData=[blockId=conID: 2 locID: 102651689398764084 bcsId: 0,size=4194304]} | ret=SUCCESS |  
2019-08-20 22:34:35,548 [grpc-default-executor-2] INFO  client.GrpcClientProtocolClient (GrpcClientProtocolClient.java:onNext(255)) - client-391BA870FC40->947ec526-030f-41cc-8af7-a6f75e712ab0: receive RaftClientReply:client-391BA870FC40->947ec526-030f-41cc-8af7-a6f75e712ab0@group-5D45C35602B2, cid=2212, SUCCESS, logIndex=0, commits[947ec526-030f-41cc-8af7-a6f75e712ab0:c3271, c447b9b6-dde2-4ce7-aa81-d0e2eddc8fe9:c3271, 28b540ac-241d-462a-a56c-509e92928066:c3271]
2019-08-20 22:34:35,554 | INFO  | SCMAudit | user=jenkins1000 | ip=192.168.5.142 | op=ALLOCATE_BLOCK {owner=6f694d07-2a2f-44d9-8e1c-aaa094a2f647, size=4194304, type=RATIS, factor=THREE} | ret=SUCCESS |  
2019-08-20 22:34:35,557 | INFO  | OMAudit | user=jenkins1000 | ip=127.0.0.1 | op=ALLOCATE_BLOCK {volume=vol-0-80747, bucket=bucket-0-27686, key=key-0-47435, dataSize=0, replicationType=null, replicationFactor=null, keyLocationInfo=null, clientID=102651687805452690} | ret=SUCCESS |  
2019-08-20 22:34:35,566 | INFO  | DNAudit | user=null | ip=null | op=WRITE_CHUNK {blockData=conID: 3 locID: 102651689405841973 bcsId: 0} | ret=SUCCESS |  
2019-08-20 22:34:35,568 | INFO  | DNAudit | user=null | ip=null | op=WRITE_CHUNK {blockData=conID: 3 locID: 102651689405841973 bcsId: 0} | ret=SUCCESS |  
2019-08-20 22:34:35,568 | INFO  | DNAudit | user=null | ip=null | op=WRITE_CHUNK {blockData=conID: 3 locID: 102651689405841973 bcsId: 0} | ret=SUCCESS |  
2019-08-20 22:34:35,569 | INFO  | DNAudit | user=null | ip=null | op=WRITE_CHUNK {blockData=conID: 3 locID: 102651689405841973 bcsId: 0} | ret=SUCCESS |  
2019-08-20 22:34:35,570 | INFO  | DNAudit | user=null | ip=null | op=WRITE_CHUNK {blockData=conID: 3 locID: 102651689405841973 bcsId: 0} | ret=SUCCESS |  
2019-08-20 22:34:35,571 | INFO  | DNAudit | user=null | ip=null | op=WRITE_CHUNK {blockData=conID: 3 locID: 102651689405841973 bcsId: 0} | ret=SUCCESS |  
2019-08-20 22:34:35,581 | INFO  | DNAudit | user=null | ip=null | op=WRITE_CHUNK {blockData=conID: 3 locID: 102651689405841973 bcsId: 0} | ret=SUCCESS |  
2019-08-20 22:34:35,581 | INFO  | DNAudit | user=null | ip=null | op=PUT_BLOCK {blockData=[blockId=conID: 3 locID: 102651689405841973 bcsId: 0,size=1048576]} | ret=SUCCESS |  
2019-08-20 22:34:35,581 [grpc-default-executor-2] INFO  client.GrpcClientProtocolClient (GrpcClientProtocolClient.java:onNext(255)) - client-391BA870FC40->947ec526-030f-41cc-8af7-a6f75e712ab0: receive RaftClientReply:client-391BA870FC40->947ec526-030f-41cc-8af7-a6f75e712ab0@group-5D45C35602B2, cid=2213, SUCCESS, logIndex=3273, commits[947ec526-030f-41cc-8af7-a6f75e712ab0:c3274, c447b9b6-dde2-4ce7-aa81-d0e2eddc8fe9:c3272, 28b540ac-241d-462a-a56c-509e92928066:c3272]
2019-08-20 22:34:35,582 [grpc-default-executor-2] INFO  client.GrpcClientProtocolClient (GrpcClientProtocolClient.java:onNext(255)) - client-391BA870FC40->947ec526-030f-41cc-8af7-a6f75e712ab0: receive RaftClientReply:client-391BA870FC40->947ec526-030f-41cc-8af7-a6f75e712ab0@group-5D45C35602B2, cid=2214, SUCCESS, logIndex=3274, commits[947ec526-030f-41cc-8af7-a6f75e712ab0:c3274, c447b9b6-dde2-4ce7-aa81-d0e2eddc8fe9:c3272, 28b540ac-241d-462a-a56c-509e92928066:c3272]
2019-08-20 22:34:35,591 | INFO  | DNAudit | user=null | ip=null | op=WRITE_CHUNK {blockData=conID: 3 locID: 102651689405841973 bcsId: 0} | ret=SUCCESS |  
2019-08-20 22:34:35,591 | INFO  | DNAudit | user=null | ip=null | op=PUT_BLOCK {blockData=[blockId=conID: 3 locID: 102651689405841973 bcsId: 0,size=2097152]} | ret=SUCCESS |  
2019-08-20 22:34:35,591 [grpc-default-executor-1] INFO  client.GrpcClientProtocolClient (GrpcClientProtocolClient.java:onNext(255)) - client-391BA870FC40->947ec526-030f-41cc-8af7-a6f75e712ab0: receive RaftClientReply:client-391BA870FC40->947ec526-030f-41cc-8af7-a6f75e712ab0@group-5D45C35602B2, cid=2215, SUCCESS, logIndex=3275, commits[947ec526-030f-41cc-8af7-a6f75e712ab0:c3276, c447b9b6-dde2-4ce7-aa81-d0e2eddc8fe9:c3272, 28b540ac-241d-462a-a56c-509e92928066:c3272]
2019-08-20 22:34:35,592 | INFO  | DNAudit | user=null | ip=null | op=WRITE_CHUNK {blockData=conID: 3 locID: 102651689405841973 bcsId: 0} | ret=SUCCESS |  
2019-08-20 22:34:35,592 | INFO  | DNAudit | user=null | ip=null | op=PUT_BLOCK {blockData=[blockId=conID: 3 locID: 102651689405841973 bcsId: 0,size=1048576]} | ret=SUCCESS |  
2019-08-20 22:34:35,592 [grpc-default-executor-1] INFO  client.GrpcClientProtocolClient (GrpcClientProtocolClient.java:onNext(255)) - client-391BA870FC40->947ec526-030f-41cc-8af7-a6f75e712ab0: receive RaftClientReply:client-391BA870FC40->947ec526-030f-41cc-8af7-a6f75e712ab0@group-5D45C35602B2, cid=2216, SUCCESS, logIndex=3276, commits[947ec526-030f-41cc-8af7-a6f75e712ab0:c3276, c447b9b6-dde2-4ce7-aa81-d0e2eddc8fe9:c3272, 28b540ac-241d-462a-a56c-509e92928066:c3272]
2019-08-20 22:34:35,594 | INFO  | DNAudit | user=null | ip=null | op=WRITE_CHUNK {blockData=conID: 3 locID: 102651689405841973 bcsId: 0} | ret=SUCCESS |  
2019-08-20 22:34:35,594 | INFO  | DNAudit | user=null | ip=null | op=PUT_BLOCK {blockData=[blockId=conID: 3 locID: 102651689405841973 bcsId: 0,size=1048576]} | ret=SUCCESS |  
2019-08-20 22:34:35,595 | INFO  | DNAudit | user=null | ip=null | op=WRITE_CHUNK {blockData=conID: 3 locID: 102651689405841973 bcsId: 0} | ret=SUCCESS |  
2019-08-20 22:34:35,595 | INFO  | DNAudit | user=null | ip=null | op=WRITE_CHUNK {blockData=conID: 3 locID: 102651689405841973 bcsId: 0} | ret=SUCCESS |  
2019-08-20 22:34:35,595 | INFO  | DNAudit | user=null | ip=null | op=PUT_BLOCK {blockData=[blockId=conID: 3 locID: 102651689405841973 bcsId: 0,size=2097152]} | ret=SUCCESS |  
2019-08-20 22:34:35,595 | INFO  | DNAudit | user=null | ip=null | op=PUT_BLOCK {blockData=[blockId=conID: 3 locID: 102651689405841973 bcsId: 0,size=2097152]} | ret=SUCCESS |  
2019-08-20 22:34:35,595 [grpc-default-executor-1] INFO  client.GrpcClientProtocolClient (GrpcClientProtocolClient.java:onNext(255)) - client-391BA870FC40->947ec526-030f-41cc-8af7-a6f75e712ab0: receive RaftClientReply:client-391BA870FC40->947ec526-030f-41cc-8af7-a6f75e712ab0@group-5D45C35602B2, cid=2217, SUCCESS, logIndex=0, commits[947ec526-030f-41cc-8af7-a6f75e712ab0:c3277, c447b9b6-dde2-4ce7-aa81-d0e2eddc8fe9:c3274, 28b540ac-241d-462a-a56c-509e92928066:c3274]
2019-08-20 22:34:35,601 | INFO  | DNAudit | user=null | ip=null | op=WRITE_CHUNK {blockData=conID: 3 locID: 102651689405841973 bcsId: 3276} | ret=SUCCESS |  
2019-08-20 22:34:35,603 | INFO  | DNAudit | user=null | ip=null | op=WRITE_CHUNK {blockData=conID: 3 locID: 102651689405841973 bcsId: 3276} | ret=SUCCESS |  
2019-08-20 22:34:35,603 | INFO  | DNAudit | user=null | ip=null | op=WRITE_CHUNK {blockData=conID: 3 locID: 102651689405841973 bcsId: 3276} | ret=SUCCESS |  
2019-08-20 22:34:35,618 | INFO  | DNAudit | user=null | ip=null | op=WRITE_CHUNK {blockData=conID: 3 locID: 102651689405841973 bcsId: 3276} | ret=SUCCESS |  
2019-08-20 22:34:35,619 | INFO  | DNAudit | user=null | ip=null | op=PUT_BLOCK {blockData=[blockId=conID: 3 locID: 102651689405841973 bcsId: 0,size=3145728]} | ret=SUCCESS |  
2019-08-20 22:34:35,619 [grpc-default-executor-2] INFO  client.GrpcClientProtocolClient (GrpcClientProtocolClient.java:onNext(255)) - client-391BA870FC40->947ec526-030f-41cc-8af7-a6f75e712ab0: receive RaftClientReply:client-391BA870FC40->947ec526-030f-41cc-8af7-a6f75e712ab0@group-5D45C35602B2, cid=2218, SUCCESS, logIndex=3280, commits[947ec526-030f-41cc-8af7-a6f75e712ab0:c3281, c447b9b6-dde2-4ce7-aa81-d0e2eddc8fe9:c3278, 28b540ac-241d-462a-a56c-509e92928066:c3278]
2019-08-20 22:34:35,619 [grpc-default-executor-2] INFO  client.GrpcClientProtocolClient (GrpcClientProtocolClient.java:onNext(255)) - client-391BA870FC40->947ec526-030f-41cc-8af7-a6f75e712ab0: receive RaftClientReply:client-391BA870FC40->947ec526-030f-41cc-8af7-a6f75e712ab0@group-5D45C35602B2, cid=2219, SUCCESS, logIndex=3281, commits[947ec526-030f-41cc-8af7-a6f75e712ab0:c3281, c447b9b6-dde2-4ce7-aa81-d0e2eddc8fe9:c3278, 28b540ac-241d-462a-a56c-509e92928066:c3278]
2019-08-20 22:34:35,626 | INFO  | DNAudit | user=null | ip=null | op=WRITE_CHUNK {blockData=conID: 3 locID: 102651689405841973 bcsId: 3281} | ret=SUCCESS |  
2019-08-20 22:34:35,627 | INFO  | DNAudit | user=null | ip=null | op=WRITE_CHUNK {blockData=conID: 3 locID: 102651689405841973 bcsId: 3281} | ret=SUCCESS |  
2019-08-20 22:34:35,627 | INFO  | DNAudit | user=null | ip=null | op=WRITE_CHUNK {blockData=conID: 3 locID: 102651689405841973 bcsId: 3281} | ret=SUCCESS |  
2019-08-20 22:34:35,647 | INFO  | DNAudit | user=null | ip=null | op=WRITE_CHUNK {blockData=conID: 3 locID: 102651689405841973 bcsId: 3276} | ret=SUCCESS |  
2019-08-20 22:34:35,647 | INFO  | DNAudit | user=null | ip=null | op=WRITE_CHUNK {blockData=conID: 3 locID: 102651689405841973 bcsId: 3276} | ret=SUCCESS |  
2019-08-20 22:34:35,647 | INFO  | DNAudit | user=null | ip=null | op=WRITE_CHUNK {blockData=conID: 3 locID: 102651689405841973 bcsId: 3281} | ret=SUCCESS |  
2019-08-20 22:34:35,647 | INFO  | DNAudit | user=null | ip=null | op=PUT_BLOCK {blockData=[blockId=conID: 3 locID: 102651689405841973 bcsId: 0,size=3145728]} | ret=SUCCESS |  
2019-08-20 22:34:35,647 | INFO  | DNAudit | user=null | ip=null | op=PUT_BLOCK {blockData=[blockId=conID: 3 locID: 102651689405841973 bcsId: 0,size=3145728]} | ret=SUCCESS |  
2019-08-20 22:34:35,647 | INFO  | DNAudit | user=null | ip=null | op=PUT_BLOCK {blockData=[blockId=conID: 3 locID: 102651689405841973 bcsId: 0,size=4194304]} | ret=SUCCESS |  
2019-08-20 22:34:35,647 [grpc-default-executor-1] INFO  client.GrpcClientProtocolClient (GrpcClientProtocolClient.java:onNext(255)) - client-391BA870FC40->947ec526-030f-41cc-8af7-a6f75e712ab0: receive RaftClientReply:client-391BA870FC40->947ec526-030f-41cc-8af7-a6f75e712ab0@group-5D45C35602B2, cid=2220, SUCCESS, logIndex=3284, commits[947ec526-030f-41cc-8af7-a6f75e712ab0:c3285, c447b9b6-dde2-4ce7-aa81-d0e2eddc8fe9:c3281, 28b540ac-241d-462a-a56c-509e92928066:c3281]
2019-08-20 22:34:35,648 [grpc-default-executor-1] INFO  client.GrpcClientProtocolClient (GrpcClientProtocolClient.java:onNext(255)) - client-391BA870FC40->947ec526-030f-41cc-8af7-a6f75e712ab0: receive RaftClientReply:client-391BA870FC40->947ec526-030f-41cc-8af7-a6f75e712ab0@group-5D45C35602B2, cid=2221, SUCCESS, logIndex=3285, commits[947ec526-030f-41cc-8af7-a6f75e712ab0:c3285, c447b9b6-dde2-4ce7-aa81-d0e2eddc8fe9:c3281, 28b540ac-241d-462a-a56c-509e92928066:c3281]
2019-08-20 22:34:35,660 | INFO  | DNAudit | user=null | ip=null | op=WRITE_CHUNK {blockData=conID: 3 locID: 102651689405841973 bcsId: 3281} | ret=SUCCESS |  
2019-08-20 22:34:35,660 | INFO  | DNAudit | user=null | ip=null | op=WRITE_CHUNK {blockData=conID: 3 locID: 102651689405841973 bcsId: 3281} | ret=SUCCESS |  
2019-08-20 22:34:35,673 | INFO  | DNAudit | user=null | ip=null | op=PUT_BLOCK {blockData=[blockId=conID: 3 locID: 102651689405841973 bcsId: 0,size=4194304]} | ret=SUCCESS |  
2019-08-20 22:34:35,674 | INFO  | DNAudit | user=null | ip=null | op=PUT_BLOCK {blockData=[blockId=conID: 3 locID: 102651689405841973 bcsId: 0,size=4194304]} | ret=SUCCESS |  
2019-08-20 22:34:35,674 [grpc-default-executor-2] INFO  client.GrpcClientProtocolClient (GrpcClientProtocolClient.java:onNext(255)) - client-391BA870FC40->947ec526-030f-41cc-8af7-a6f75e712ab0: receive RaftClientReply:client-391BA870FC40->947ec526-030f-41cc-8af7-a6f75e712ab0@group-5D45C35602B2, cid=2222, SUCCESS, logIndex=0, commits[947ec526-030f-41cc-8af7-a6f75e712ab0:c3286, c447b9b6-dde2-4ce7-aa81-d0e2eddc8fe9:c3285, 28b540ac-241d-462a-a56c-509e92928066:c3285]
2019-08-20 22:34:35,680 | INFO  | SCMAudit | user=jenkins1000 | ip=192.168.5.142 | op=ALLOCATE_BLOCK {owner=6f694d07-2a2f-44d9-8e1c-aaa094a2f647, size=4194304, type=RATIS, factor=THREE} | ret=SUCCESS |  
2019-08-20 22:34:35,684 | INFO  | OMAudit | user=jenkins1000 | ip=127.0.0.1 | op=ALLOCATE_BLOCK {volume=vol-0-80747, bucket=bucket-0-27686, key=key-0-47435, dataSize=0, replicationType=null, replicationFactor=null, keyLocationInfo=null, clientID=102651687805452690} | ret=SUCCESS |  
2019-08-20 22:34:35,691 | INFO  | DNAudit | user=null | ip=null | op=WRITE_CHUNK {blockData=conID: 1 locID: 102651689414165046 bcsId: 0} | ret=SUCCESS |  
2019-08-20 22:34:35,693 | INFO  | DNAudit | user=null | ip=null | op=WRITE_CHUNK {blockData=conID: 1 locID: 102651689414165046 bcsId: 0} | ret=SUCCESS |  
2019-08-20 22:34:35,693 | INFO  | DNAudit | user=null | ip=null | op=WRITE_CHUNK {blockData=conID: 1 locID: 102651689414165046 bcsId: 0} | ret=SUCCESS |  
2019-08-20 22:34:35,693 | INFO  | DNAudit | user=null | ip=null | op=WRITE_CHUNK {blockData=conID: 1 locID: 102651689414165046 bcsId: 0} | ret=SUCCESS |  
2019-08-20 22:34:35,695 | INFO  | DNAudit | user=null | ip=null | op=WRITE_CHUNK {blockData=conID: 1 locID: 102651689414165046 bcsId: 0} | ret=SUCCESS |  
2019-08-20 22:34:35,695 | INFO  | DNAudit | user=null | ip=null | op=WRITE_CHUNK {blockData=conID: 1 locID: 102651689414165046 bcsId: 0} | ret=SUCCESS |  
2019-08-20 22:34:35,712 | INFO  | DNAudit | user=null | ip=null | op=WRITE_CHUNK {blockData=conID: 1 locID: 102651689414165046 bcsId: 0} | ret=SUCCESS |  
2019-08-20 22:34:35,713 | INFO  | DNAudit | user=null | ip=null | op=PUT_BLOCK {blockData=[blockId=conID: 1 locID: 102651689414165046 bcsId: 0,size=1048576]} | ret=SUCCESS |  
2019-08-20 22:34:35,713 [grpc-default-executor-2] INFO  client.GrpcClientProtocolClient (GrpcClientProtocolClient.java:onNext(255)) - client-391BA870FC40->947ec526-030f-41cc-8af7-a6f75e712ab0: receive RaftClientReply:client-391BA870FC40->947ec526-030f-41cc-8af7-a6f75e712ab0@group-5D45C35602B2, cid=2223, SUCCESS, logIndex=3288, commits[947ec526-030f-41cc-8af7-a6f75e712ab0:c3289, c447b9b6-dde2-4ce7-aa81-d0e2eddc8fe9:c3287, 28b540ac-241d-462a-a56c-509e92928066:c3287]
2019-08-20 22:34:35,713 | INFO  | DNAudit | user=null | ip=null | op=WRITE_CHUNK {blockData=conID: 1 locID: 102651689414165046 bcsId: 0} | ret=SUCCESS |  
2019-08-20 22:34:35,713 [grpc-default-executor-2] INFO  client.GrpcClientProtocolClient (GrpcClientProtocolClient.java:onNext(255)) - client-391BA870FC40->947ec526-030f-41cc-8af7-a6f75e712ab0: receive RaftClientReply:client-391BA870FC40->947ec526-030f-41cc-8af7-a6f75e712ab0@group-5D45C35602B2, cid=2224, SUCCESS, logIndex=3289, commits[947ec526-030f-41cc-8af7-a6f75e712ab0:c3289, c447b9b6-dde2-4ce7-aa81-d0e2eddc8fe9:c3287, 28b540ac-241d-462a-a56c-509e92928066:c3287]
2019-08-20 22:34:35,714 | INFO  | DNAudit | user=null | ip=null | op=PUT_BLOCK {blockData=[blockId=conID: 1 locID: 102651689414165046 bcsId: 0,size=2097152]} | ret=SUCCESS |  
2019-08-20 22:34:35,714 [grpc-default-executor-2] INFO  client.GrpcClientProtocolClient (GrpcClientProtocolClient.java:onNext(255)) - client-391BA870FC40->947ec526-030f-41cc-8af7-a6f75e712ab0: receive RaftClientReply:client-391BA870FC40->947ec526-030f-41cc-8af7-a6f75e712ab0@group-5D45C35602B2, cid=2225, SUCCESS, logIndex=3290, commits[947ec526-030f-41cc-8af7-a6f75e712ab0:c3291, c447b9b6-dde2-4ce7-aa81-d0e2eddc8fe9:c3287, 28b540ac-241d-462a-a56c-509e92928066:c3287]
2019-08-20 22:34:35,714 [grpc-default-executor-2] INFO  client.GrpcClientProtocolClient (GrpcClientProtocolClient.java:onNext(255)) - client-391BA870FC40->947ec526-030f-41cc-8af7-a6f75e712ab0: receive RaftClientReply:client-391BA870FC40->947ec526-030f-41cc-8af7-a6f75e712ab0@group-5D45C35602B2, cid=2226, SUCCESS, logIndex=3291, commits[947ec526-030f-41cc-8af7-a6f75e712ab0:c3291, c447b9b6-dde2-4ce7-aa81-d0e2eddc8fe9:c3287, 28b540ac-241d-462a-a56c-509e92928066:c3287]
2019-08-20 22:34:35,725 | INFO  | DNAudit | user=null | ip=null | op=WRITE_CHUNK {blockData=conID: 1 locID: 102651689414165046 bcsId: 0} | ret=SUCCESS |  
2019-08-20 22:34:35,725 | INFO  | DNAudit | user=null | ip=null | op=PUT_BLOCK {blockData=[blockId=conID: 1 locID: 102651689414165046 bcsId: 0,size=1048576]} | ret=SUCCESS |  
2019-08-20 22:34:35,725 | INFO  | DNAudit | user=null | ip=null | op=WRITE_CHUNK {blockData=conID: 1 locID: 102651689414165046 bcsId: 0} | ret=SUCCESS |  
2019-08-20 22:34:35,726 | INFO  | DNAudit | user=null | ip=null | op=PUT_BLOCK {blockData=[blockId=conID: 1 locID: 102651689414165046 bcsId: 0,size=1048576]} | ret=SUCCESS |  
2019-08-20 22:34:35,726 | INFO  | DNAudit | user=null | ip=null | op=WRITE_CHUNK {blockData=conID: 1 locID: 102651689414165046 bcsId: 0} | ret=SUCCESS |  
2019-08-20 22:34:35,726 | INFO  | DNAudit | user=null | ip=null | op=PUT_BLOCK {blockData=[blockId=conID: 1 locID: 102651689414165046 bcsId: 0,size=2097152]} | ret=SUCCESS |  
2019-08-20 22:34:35,726 [grpc-default-executor-2] INFO  client.GrpcClientProtocolClient (GrpcClientProtocolClient.java:onNext(255)) - client-391BA870FC40->947ec526-030f-41cc-8af7-a6f75e712ab0: receive RaftClientReply:client-391BA870FC40->947ec526-030f-41cc-8af7-a6f75e712ab0@group-5D45C35602B2, cid=2227, SUCCESS, logIndex=0, commits[947ec526-030f-41cc-8af7-a6f75e712ab0:c3292, c447b9b6-dde2-4ce7-aa81-d0e2eddc8fe9:c3289, 28b540ac-241d-462a-a56c-509e92928066:c3289]
2019-08-20 22:34:35,728 | INFO  | DNAudit | user=null | ip=null | op=WRITE_CHUNK {blockData=conID: 1 locID: 102651689414165046 bcsId: 0} | ret=SUCCESS |  
2019-08-20 22:34:35,728 | INFO  | DNAudit | user=null | ip=null | op=PUT_BLOCK {blockData=[blockId=conID: 1 locID: 102651689414165046 bcsId: 0,size=2097152]} | ret=SUCCESS |  
2019-08-20 22:34:35,732 | INFO  | DNAudit | user=null | ip=null | op=WRITE_CHUNK {blockData=conID: 1 locID: 102651689414165046 bcsId: 3291} | ret=SUCCESS |  
2019-08-20 22:34:35,734 | INFO  | DNAudit | user=null | ip=null | op=WRITE_CHUNK {blockData=conID: 1 locID: 102651689414165046 bcsId: 3291} | ret=SUCCESS |  
2019-08-20 22:34:35,734 | INFO  | DNAudit | user=null | ip=null | op=WRITE_CHUNK {blockData=conID: 1 locID: 102651689414165046 bcsId: 3291} | ret=SUCCESS |  
2019-08-20 22:34:35,745 | INFO  | DNAudit | user=null | ip=null | op=WRITE_CHUNK {blockData=conID: 1 locID: 102651689414165046 bcsId: 3291} | ret=SUCCESS |  
2019-08-20 22:34:35,745 | INFO  | DNAudit | user=null | ip=null | op=PUT_BLOCK {blockData=[blockId=conID: 1 locID: 102651689414165046 bcsId: 0,size=3145728]} | ret=SUCCESS |  
2019-08-20 22:34:35,745 [grpc-default-executor-3] INFO  client.GrpcClientProtocolClient (GrpcClientProtocolClient.java:onNext(255)) - client-391BA870FC40->947ec526-030f-41cc-8af7-a6f75e712ab0: receive RaftClientReply:client-391BA870FC40->947ec526-030f-41cc-8af7-a6f75e712ab0@group-5D45C35602B2, cid=2228, SUCCESS, logIndex=3296, commits[947ec526-030f-41cc-8af7-a6f75e712ab0:c3297, c447b9b6-dde2-4ce7-aa81-d0e2eddc8fe9:c3295, 28b540ac-241d-462a-a56c-509e92928066:c3295]
2019-08-20 22:34:35,746 [grpc-default-executor-3] INFO  client.GrpcClientProtocolClient (GrpcClientProtocolClient.java:onNext(255)) - client-391BA870FC40->947ec526-030f-41cc-8af7-a6f75e712ab0: receive RaftClientReply:client-391BA870FC40->947ec526-030f-41cc-8af7-a6f75e712ab0@group-5D45C35602B2, cid=2229, SUCCESS, logIndex=3297, commits[947ec526-030f-41cc-8af7-a6f75e712ab0:c3297, c447b9b6-dde2-4ce7-aa81-d0e2eddc8fe9:c3295, 28b540ac-241d-462a-a56c-509e92928066:c3295]
2019-08-20 22:34:35,748 | INFO  | DNAudit | user=null | ip=null | op=WRITE_CHUNK {blockData=conID: 1 locID: 102651689414165046 bcsId: 3291} | ret=SUCCESS |  
2019-08-20 22:34:35,748 | INFO  | DNAudit | user=null | ip=null | op=PUT_BLOCK {blockData=[blockId=conID: 1 locID: 102651689414165046 bcsId: 0,size=3145728]} | ret=SUCCESS |  
2019-08-20 22:34:35,749 | INFO  | DNAudit | user=null | ip=null | op=WRITE_CHUNK {blockData=conID: 1 locID: 102651689414165046 bcsId: 3291} | ret=SUCCESS |  
2019-08-20 22:34:35,749 | INFO  | DNAudit | user=null | ip=null | op=PUT_BLOCK {blockData=[blockId=conID: 1 locID: 102651689414165046 bcsId: 0,size=3145728]} | ret=SUCCESS |  
2019-08-20 22:34:35,751 | INFO  | DNAudit | user=null | ip=null | op=WRITE_CHUNK {blockData=conID: 1 locID: 102651689414165046 bcsId: 3297} | ret=SUCCESS |  
2019-08-20 22:34:35,753 | INFO  | DNAudit | user=null | ip=null | op=WRITE_CHUNK {blockData=conID: 1 locID: 102651689414165046 bcsId: 3297} | ret=SUCCESS |  
2019-08-20 22:34:35,753 | INFO  | DNAudit | user=null | ip=null | op=WRITE_CHUNK {blockData=conID: 1 locID: 102651689414165046 bcsId: 3297} | ret=SUCCESS |  
2019-08-20 22:34:35,755 | INFO  | DNAudit | user=null | ip=null | op=WRITE_CHUNK {blockData=conID: 1 locID: 102651689414165046 bcsId: 3297} | ret=SUCCESS |  
2019-08-20 22:34:35,756 | INFO  | DNAudit | user=null | ip=null | op=PUT_BLOCK {blockData=[blockId=conID: 1 locID: 102651689414165046 bcsId: 0,size=4194304]} | ret=SUCCESS |  
2019-08-20 22:34:35,756 [grpc-default-executor-1] INFO  client.GrpcClientProtocolClient (GrpcClientProtocolClient.java:onNext(255)) - client-391BA870FC40->947ec526-030f-41cc-8af7-a6f75e712ab0: receive RaftClientReply:client-391BA870FC40->947ec526-030f-41cc-8af7-a6f75e712ab0@group-5D45C35602B2, cid=2230, SUCCESS, logIndex=3300, commits[947ec526-030f-41cc-8af7-a6f75e712ab0:c3301, c447b9b6-dde2-4ce7-aa81-d0e2eddc8fe9:c3298, 28b540ac-241d-462a-a56c-509e92928066:c3298]
2019-08-20 22:34:35,756 [grpc-default-executor-1] INFO  client.GrpcClientProtocolClient (GrpcClientProtocolClient.java:onNext(255)) - client-391BA870FC40->947ec526-030f-41cc-8af7-a6f75e712ab0: receive RaftClientReply:client-391BA870FC40->947ec526-030f-41cc-8af7-a6f75e712ab0@group-5D45C35602B2, cid=2231, SUCCESS, logIndex=3301, commits[947ec526-030f-41cc-8af7-a6f75e712ab0:c3301, c447b9b6-dde2-4ce7-aa81-d0e2eddc8fe9:c3298, 28b540ac-241d-462a-a56c-509e92928066:c3298]
2019-08-20 22:34:35,758 | INFO  | DNAudit | user=null | ip=null | op=WRITE_CHUNK {blockData=conID: 1 locID: 102651689414165046 bcsId: 3297} | ret=SUCCESS |  
2019-08-20 22:34:35,758 | INFO  | DNAudit | user=null | ip=null | op=PUT_BLOCK {blockData=[blockId=conID: 1 locID: 102651689414165046 bcsId: 0,size=4194304]} | ret=SUCCESS |  
2019-08-20 22:34:35,759 | INFO  | DNAudit | user=null | ip=null | op=WRITE_CHUNK {blockData=conID: 1 locID: 102651689414165046 bcsId: 3297} | ret=SUCCESS |  
2019-08-20 22:34:35,760 | INFO  | DNAudit | user=null | ip=null | op=PUT_BLOCK {blockData=[blockId=conID: 1 locID: 102651689414165046 bcsId: 0,size=4194304]} | ret=SUCCESS |  
2019-08-20 22:34:35,760 [grpc-default-executor-1] INFO  client.GrpcClientProtocolClient (GrpcClientProtocolClient.java:onNext(255)) - client-391BA870FC40->947ec526-030f-41cc-8af7-a6f75e712ab0: receive RaftClientReply:client-391BA870FC40->947ec526-030f-41cc-8af7-a6f75e712ab0@group-5D45C35602B2, cid=2232, SUCCESS, logIndex=0, commits[947ec526-030f-41cc-8af7-a6f75e712ab0:c3302, c447b9b6-dde2-4ce7-aa81-d0e2eddc8fe9:c3301, 28b540ac-241d-462a-a56c-509e92928066:c3301]
2019-08-20 22:34:35,887 | INFO  | SCMAudit | user=jenkins1000 | ip=192.168.5.142 | op=ALLOCATE_BLOCK {owner=6f694d07-2a2f-44d9-8e1c-aaa094a2f647, size=4194304, type=RATIS, factor=THREE} | ret=SUCCESS |  
2019-08-20 22:34:35,889 | INFO  | OMAudit | user=jenkins1000 | ip=127.0.0.1 | op=ALLOCATE_BLOCK {volume=vol-0-80747, bucket=bucket-0-27686, key=key-0-47435, dataSize=0, replicationType=null, replicationFactor=null, keyLocationInfo=null, clientID=102651687805452690} | ret=SUCCESS |  
2019-08-20 22:34:35,897 | INFO  | DNAudit | user=null | ip=null | op=WRITE_CHUNK {blockData=conID: 2 locID: 102651689427730999 bcsId: 0} | ret=SUCCESS |  
2019-08-20 22:34:35,900 | INFO  | DNAudit | user=null | ip=null | op=WRITE_CHUNK {blockData=conID: 2 locID: 102651689427730999 bcsId: 0} | ret=SUCCESS |  
2019-08-20 22:34:35,901 | INFO  | DNAudit | user=null | ip=null | op=WRITE_CHUNK {blockData=conID: 2 locID: 102651689427730999 bcsId: 0} | ret=SUCCESS |  
2019-08-20 22:34:35,901 | INFO  | DNAudit | user=null | ip=null | op=WRITE_CHUNK {blockData=conID: 2 locID: 102651689427730999 bcsId: 0} | ret=SUCCESS |  
2019-08-20 22:34:35,903 | INFO  | DNAudit | user=null | ip=null | op=WRITE_CHUNK {blockData=conID: 2 locID: 102651689427730999 bcsId: 0} | ret=SUCCESS |  
2019-08-20 22:34:35,904 | INFO  | DNAudit | user=null | ip=null | op=WRITE_CHUNK {blockData=conID: 2 locID: 102651689427730999 bcsId: 0} | ret=SUCCESS |  
2019-08-20 22:34:35,910 | INFO  | DNAudit | user=null | ip=null | op=WRITE_CHUNK {blockData=conID: 2 locID: 102651689427730999 bcsId: 0} | ret=SUCCESS |  
2019-08-20 22:34:35,911 | INFO  | DNAudit | user=null | ip=null | op=PUT_BLOCK {blockData=[blockId=conID: 2 locID: 102651689427730999 bcsId: 0,size=1048576]} | ret=SUCCESS |  
2019-08-20 22:34:35,911 [grpc-default-executor-1] INFO  client.GrpcClientProtocolClient (GrpcClientProtocolClient.java:onNext(255)) - client-391BA870FC40->947ec526-030f-41cc-8af7-a6f75e712ab0: receive RaftClientReply:client-391BA870FC40->947ec526-030f-41cc-8af7-a6f75e712ab0@group-5D45C35602B2, cid=2233, SUCCESS, logIndex=3304, commits[947ec526-030f-41cc-8af7-a6f75e712ab0:c3305, c447b9b6-dde2-4ce7-aa81-d0e2eddc8fe9:c3303, 28b540ac-241d-462a-a56c-509e92928066:c3303]
2019-08-20 22:34:35,911 | INFO  | DNAudit | user=null | ip=null | op=WRITE_CHUNK {blockData=conID: 2 locID: 102651689427730999 bcsId: 0} | ret=SUCCESS |  
2019-08-20 22:34:35,912 [grpc-default-executor-1] INFO  client.GrpcClientProtocolClient (GrpcClientProtocolClient.java:onNext(255)) - client-391BA870FC40->947ec526-030f-41cc-8af7-a6f75e712ab0: receive RaftClientReply:client-391BA870FC40->947ec526-030f-41cc-8af7-a6f75e712ab0@group-5D45C35602B2, cid=2234, SUCCESS, logIndex=3305, commits[947ec526-030f-41cc-8af7-a6f75e712ab0:c3305, c447b9b6-dde2-4ce7-aa81-d0e2eddc8fe9:c3303, 28b540ac-241d-462a-a56c-509e92928066:c3303]
2019-08-20 22:34:35,912 | INFO  | DNAudit | user=null | ip=null | op=PUT_BLOCK {blockData=[blockId=conID: 2 locID: 102651689427730999 bcsId: 0,size=2097152]} | ret=SUCCESS |  
2019-08-20 22:34:35,912 [grpc-default-executor-1] INFO  client.GrpcClientProtocolClient (GrpcClientProtocolClient.java:onNext(255)) - client-391BA870FC40->947ec526-030f-41cc-8af7-a6f75e712ab0: receive RaftClientReply:client-391BA870FC40->947ec526-030f-41cc-8af7-a6f75e712ab0@group-5D45C35602B2, cid=2235, SUCCESS, logIndex=3306, commits[947ec526-030f-41cc-8af7-a6f75e712ab0:c3307, c447b9b6-dde2-4ce7-aa81-d0e2eddc8fe9:c3303, 28b540ac-241d-462a-a56c-509e92928066:c3303]
2019-08-20 22:34:35,912 | INFO  | DNAudit | user=null | ip=null | op=WRITE_CHUNK {blockData=conID: 2 locID: 102651689427730999 bcsId: 0} | ret=SUCCESS |  
2019-08-20 22:34:35,913 | INFO  | DNAudit | user=null | ip=null | op=PUT_BLOCK {blockData=[blockId=conID: 2 locID: 102651689427730999 bcsId: 0,size=1048576]} | ret=SUCCESS |  
2019-08-20 22:34:35,912 [grpc-default-executor-2] INFO  client.GrpcClientProtocolClient (GrpcClientProtocolClient.java:onNext(255)) - client-391BA870FC40->947ec526-030f-41cc-8af7-a6f75e712ab0: receive RaftClientReply:client-391BA870FC40->947ec526-030f-41cc-8af7-a6f75e712ab0@group-5D45C35602B2, cid=2236, SUCCESS, logIndex=3307, commits[947ec526-030f-41cc-8af7-a6f75e712ab0:c3307, c447b9b6-dde2-4ce7-aa81-d0e2eddc8fe9:c3303, 28b540ac-241d-462a-a56c-509e92928066:c3303]
2019-08-20 22:34:35,913 | INFO  | DNAudit | user=null | ip=null | op=WRITE_CHUNK {blockData=conID: 2 locID: 102651689427730999 bcsId: 0} | ret=SUCCESS |  
2019-08-20 22:34:35,913 | INFO  | DNAudit | user=null | ip=null | op=PUT_BLOCK {blockData=[blockId=conID: 2 locID: 102651689427730999 bcsId: 0,size=1048576]} | ret=SUCCESS |  
2019-08-20 22:34:35,913 | INFO  | DNAudit | user=null | ip=null | op=WRITE_CHUNK {blockData=conID: 2 locID: 102651689427730999 bcsId: 0} | ret=SUCCESS |  
2019-08-20 22:34:35,914 [grpc-default-executor-1] INFO  client.GrpcClientProtocolClient (GrpcClientProtocolClient.java:onNext(255)) - client-391BA870FC40->947ec526-030f-41cc-8af7-a6f75e712ab0: receive RaftClientReply:client-391BA870FC40->947ec526-030f-41cc-8af7-a6f75e712ab0@group-5D45C35602B2, cid=2237, SUCCESS, logIndex=0, commits[947ec526-030f-41cc-8af7-a6f75e712ab0:c3309, c447b9b6-dde2-4ce7-aa81-d0e2eddc8fe9:c3305, 28b540ac-241d-462a-a56c-509e92928066:c3305]
2019-08-20 22:34:35,914 | INFO  | DNAudit | user=null | ip=null | op=PUT_BLOCK {blockData=[blockId=conID: 2 locID: 102651689427730999 bcsId: 0,size=2097152]} | ret=SUCCESS |  
2019-08-20 22:34:35,916 | INFO  | DNAudit | user=null | ip=null | op=WRITE_CHUNK {blockData=conID: 2 locID: 102651689427730999 bcsId: 0} | ret=SUCCESS |  
2019-08-20 22:34:35,916 | INFO  | DNAudit | user=null | ip=null | op=PUT_BLOCK {blockData=[blockId=conID: 2 locID: 102651689427730999 bcsId: 0,size=2097152]} | ret=SUCCESS |  
2019-08-20 22:34:35,921 | INFO  | DNAudit | user=null | ip=null | op=WRITE_CHUNK {blockData=conID: 2 locID: 102651689427730999 bcsId: 3307} | ret=SUCCESS |  
2019-08-20 22:34:35,922 | INFO  | DNAudit | user=null | ip=null | op=WRITE_CHUNK {blockData=conID: 2 locID: 102651689427730999 bcsId: 3307} | ret=SUCCESS |  
2019-08-20 22:34:35,923 | INFO  | DNAudit | user=null | ip=null | op=WRITE_CHUNK {blockData=conID: 2 locID: 102651689427730999 bcsId: 3307} | ret=SUCCESS |  
2019-08-20 22:34:35,934 | INFO  | DNAudit | user=null | ip=null | op=WRITE_CHUNK {blockData=conID: 2 locID: 102651689427730999 bcsId: 3307} | ret=SUCCESS |  
2019-08-20 22:34:35,934 | INFO  | DNAudit | user=null | ip=null | op=PUT_BLOCK {blockData=[blockId=conID: 2 locID: 102651689427730999 bcsId: 0,size=3145728]} | ret=SUCCESS |  
2019-08-20 22:34:35,934 [grpc-default-executor-1] INFO  client.GrpcClientProtocolClient (GrpcClientProtocolClient.java:onNext(255)) - client-391BA870FC40->947ec526-030f-41cc-8af7-a6f75e712ab0: receive RaftClientReply:client-391BA870FC40->947ec526-030f-41cc-8af7-a6f75e712ab0@group-5D45C35602B2, cid=2238, SUCCESS, logIndex=3312, commits[947ec526-030f-41cc-8af7-a6f75e712ab0:c3313, c447b9b6-dde2-4ce7-aa81-d0e2eddc8fe9:c3311, 28b540ac-241d-462a-a56c-509e92928066:c3311]
2019-08-20 22:34:35,935 [grpc-default-executor-1] INFO  client.GrpcClientProtocolClient (GrpcClientProtocolClient.java:onNext(255)) - client-391BA870FC40->947ec526-030f-41cc-8af7-a6f75e712ab0: receive RaftClientReply:client-391BA870FC40->947ec526-030f-41cc-8af7-a6f75e712ab0@group-5D45C35602B2, cid=2239, SUCCESS, logIndex=3313, commits[947ec526-030f-41cc-8af7-a6f75e712ab0:c3313, c447b9b6-dde2-4ce7-aa81-d0e2eddc8fe9:c3311, 28b540ac-241d-462a-a56c-509e92928066:c3311]
2019-08-20 22:34:35,941 | INFO  | DNAudit | user=null | ip=null | op=WRITE_CHUNK {blockData=conID: 2 locID: 102651689427730999 bcsId: 3313} | ret=SUCCESS |  
2019-08-20 22:34:35,943 | INFO  | DNAudit | user=null | ip=null | op=WRITE_CHUNK {blockData=conID: 2 locID: 102651689427730999 bcsId: 3313} | ret=SUCCESS |  
2019-08-20 22:34:35,943 | INFO  | DNAudit | user=null | ip=null | op=WRITE_CHUNK {blockData=conID: 2 locID: 102651689427730999 bcsId: 3313} | ret=SUCCESS |  
2019-08-20 22:34:35,946 | INFO  | DNAudit | user=null | ip=null | op=WRITE_CHUNK {blockData=conID: 2 locID: 102651689427730999 bcsId: 3307} | ret=SUCCESS |  
2019-08-20 22:34:35,946 | INFO  | DNAudit | user=null | ip=null | op=WRITE_CHUNK {blockData=conID: 2 locID: 102651689427730999 bcsId: 3307} | ret=SUCCESS |  
2019-08-20 22:34:35,959 | INFO  | DNAudit | user=null | ip=null | op=PUT_BLOCK {blockData=[blockId=conID: 2 locID: 102651689427730999 bcsId: 0,size=3145728]} | ret=SUCCESS |  
2019-08-20 22:34:35,960 | INFO  | DNAudit | user=null | ip=null | op=PUT_BLOCK {blockData=[blockId=conID: 2 locID: 102651689427730999 bcsId: 0,size=3145728]} | ret=SUCCESS |  
2019-08-20 22:34:35,960 | INFO  | DNAudit | user=null | ip=null | op=WRITE_CHUNK {blockData=conID: 2 locID: 102651689427730999 bcsId: 3313} | ret=SUCCESS |  
2019-08-20 22:34:35,960 | INFO  | DNAudit | user=null | ip=null | op=PUT_BLOCK {blockData=[blockId=conID: 2 locID: 102651689427730999 bcsId: 0,size=4194304]} | ret=SUCCESS |  
2019-08-20 22:34:35,961 [grpc-default-executor-3] INFO  client.GrpcClientProtocolClient (GrpcClientProtocolClient.java:onNext(255)) - client-391BA870FC40->947ec526-030f-41cc-8af7-a6f75e712ab0: receive RaftClientReply:client-391BA870FC40->947ec526-030f-41cc-8af7-a6f75e712ab0@group-5D45C35602B2, cid=2240, SUCCESS, logIndex=3316, commits[947ec526-030f-41cc-8af7-a6f75e712ab0:c3317, c447b9b6-dde2-4ce7-aa81-d0e2eddc8fe9:c3313, 28b540ac-241d-462a-a56c-509e92928066:c3313]
2019-08-20 22:34:35,961 [grpc-default-executor-2] INFO  client.GrpcClientProtocolClient (GrpcClientProtocolClient.java:onNext(255)) - client-391BA870FC40->947ec526-030f-41cc-8af7-a6f75e712ab0: receive RaftClientReply:client-391BA870FC40->947ec526-030f-41cc-8af7-a6f75e712ab0@group-5D45C35602B2, cid=2241, SUCCESS, logIndex=3317, commits[947ec526-030f-41cc-8af7-a6f75e712ab0:c3317, c447b9b6-dde2-4ce7-aa81-d0e2eddc8fe9:c3313, 28b540ac-241d-462a-a56c-509e92928066:c3313]
2019-08-20 22:34:35,972 | INFO  | DNAudit | user=null | ip=null | op=WRITE_CHUNK {blockData=conID: 2 locID: 102651689427730999 bcsId: 3313} | ret=SUCCESS |  
2019-08-20 22:34:35,972 | INFO  | DNAudit | user=null | ip=null | op=WRITE_CHUNK {blockData=conID: 2 locID: 102651689427730999 bcsId: 3313} | ret=SUCCESS |  
2019-08-20 22:34:35,974 | INFO  | DNAudit | user=null | ip=null | op=PUT_BLOCK {blockData=[blockId=conID: 2 locID: 102651689427730999 bcsId: 0,size=4194304]} | ret=SUCCESS |  
2019-08-20 22:34:35,975 | INFO  | DNAudit | user=null | ip=null | op=PUT_BLOCK {blockData=[blockId=conID: 2 locID: 102651689427730999 bcsId: 0,size=4194304]} | ret=SUCCESS |  
2019-08-20 22:34:35,975 [grpc-default-executor-2] INFO  client.GrpcClientProtocolClient (GrpcClientProtocolClient.java:onNext(255)) - client-391BA870FC40->947ec526-030f-41cc-8af7-a6f75e712ab0: receive RaftClientReply:client-391BA870FC40->947ec526-030f-41cc-8af7-a6f75e712ab0@group-5D45C35602B2, cid=2242, SUCCESS, logIndex=0, commits[947ec526-030f-41cc-8af7-a6f75e712ab0:c3319, c447b9b6-dde2-4ce7-aa81-d0e2eddc8fe9:c3317, 28b540ac-241d-462a-a56c-509e92928066:c3317]
2019-08-20 22:34:35,979 | INFO  | SCMAudit | user=jenkins1000 | ip=192.168.5.142 | op=ALLOCATE_BLOCK {owner=6f694d07-2a2f-44d9-8e1c-aaa094a2f647, size=4194304, type=RATIS, factor=THREE} | ret=SUCCESS |  
2019-08-20 22:34:35,981 | INFO  | OMAudit | user=jenkins1000 | ip=127.0.0.1 | op=ALLOCATE_BLOCK {volume=vol-0-80747, bucket=bucket-0-27686, key=key-0-47435, dataSize=0, replicationType=null, replicationFactor=null, keyLocationInfo=null, clientID=102651687805452690} | ret=SUCCESS |  
2019-08-20 22:34:35,988 | INFO  | DNAudit | user=null | ip=null | op=WRITE_CHUNK {blockData=conID: 3 locID: 102651689433760312 bcsId: 0} | ret=SUCCESS |  
2019-08-20 22:34:35,991 | INFO  | DNAudit | user=null | ip=null | op=WRITE_CHUNK {blockData=conID: 3 locID: 102651689433760312 bcsId: 0} | ret=SUCCESS |  
2019-08-20 22:34:35,991 | INFO  | DNAudit | user=null | ip=null | op=WRITE_CHUNK {blockData=conID: 3 locID: 102651689433760312 bcsId: 0} | ret=SUCCESS |  
2019-08-20 22:34:35,992 | INFO  | DNAudit | user=null | ip=null | op=WRITE_CHUNK {blockData=conID: 3 locID: 102651689433760312 bcsId: 0} | ret=SUCCESS |  
2019-08-20 22:34:35,994 | INFO  | DNAudit | user=null | ip=null | op=WRITE_CHUNK {blockData=conID: 3 locID: 102651689433760312 bcsId: 0} | ret=SUCCESS |  
2019-08-20 22:34:35,995 | INFO  | DNAudit | user=null | ip=null | op=WRITE_CHUNK {blockData=conID: 3 locID: 102651689433760312 bcsId: 0} | ret=SUCCESS |  
2019-08-20 22:34:36,002 | INFO  | DNAudit | user=null | ip=null | op=WRITE_CHUNK {blockData=conID: 3 locID: 102651689433760312 bcsId: 0} | ret=SUCCESS |  
2019-08-20 22:34:36,002 | INFO  | DNAudit | user=null | ip=null | op=PUT_BLOCK {blockData=[blockId=conID: 3 locID: 102651689433760312 bcsId: 0,size=1048576]} | ret=SUCCESS |  
2019-08-20 22:34:36,002 [grpc-default-executor-3] INFO  client.GrpcClientProtocolClient (GrpcClientProtocolClient.java:onNext(255)) - client-391BA870FC40->947ec526-030f-41cc-8af7-a6f75e712ab0: receive RaftClientReply:client-391BA870FC40->947ec526-030f-41cc-8af7-a6f75e712ab0@group-5D45C35602B2, cid=2243, SUCCESS, logIndex=3320, commits[947ec526-030f-41cc-8af7-a6f75e712ab0:c3321, c447b9b6-dde2-4ce7-aa81-d0e2eddc8fe9:c3319, 28b540ac-241d-462a-a56c-509e92928066:c3319]
2019-08-20 22:34:36,003 [grpc-default-executor-3] INFO  client.GrpcClientProtocolClient (GrpcClientProtocolClient.java:onNext(255)) - client-391BA870FC40->947ec526-030f-41cc-8af7-a6f75e712ab0: receive RaftClientReply:client-391BA870FC40->947ec526-030f-41cc-8af7-a6f75e712ab0@group-5D45C35602B2, cid=2244, SUCCESS, logIndex=3321, commits[947ec526-030f-41cc-8af7-a6f75e712ab0:c3321, c447b9b6-dde2-4ce7-aa81-d0e2eddc8fe9:c3319, 28b540ac-241d-462a-a56c-509e92928066:c3319]
2019-08-20 22:34:36,007 | INFO  | SCMAudit | user=jenkins1000 | ip=192.168.5.142 | op=SEND_HEARTBEAT {datanodeUUID=d55cd342-4e6c-4701-86f3-cb557f3478dc, command=[]} | ret=SUCCESS |  
2019-08-20 22:34:36,015 | INFO  | DNAudit | user=null | ip=null | op=WRITE_CHUNK {blockData=conID: 3 locID: 102651689433760312 bcsId: 0} | ret=SUCCESS |  
2019-08-20 22:34:36,015 | INFO  | DNAudit | user=null | ip=null | op=PUT_BLOCK {blockData=[blockId=conID: 3 locID: 102651689433760312 bcsId: 0,size=2097152]} | ret=SUCCESS |  
2019-08-20 22:34:36,015 [grpc-default-executor-2] INFO  client.GrpcClientProtocolClient (GrpcClientProtocolClient.java:onNext(255)) - client-391BA870FC40->947ec526-030f-41cc-8af7-a6f75e712ab0: receive RaftClientReply:client-391BA870FC40->947ec526-030f-41cc-8af7-a6f75e712ab0@group-5D45C35602B2, cid=2245, SUCCESS, logIndex=3322, commits[947ec526-030f-41cc-8af7-a6f75e712ab0:c3323, c447b9b6-dde2-4ce7-aa81-d0e2eddc8fe9:c3319, 28b540ac-241d-462a-a56c-509e92928066:c3319]
2019-08-20 22:34:36,015 [grpc-default-executor-2] INFO  client.GrpcClientProtocolClient (GrpcClientProtocolClient.java:onNext(255)) - client-391BA870FC40->947ec526-030f-41cc-8af7-a6f75e712ab0: receive RaftClientReply:client-391BA870FC40->947ec526-030f-41cc-8af7-a6f75e712ab0@group-5D45C35602B2, cid=2246, SUCCESS, logIndex=3323, commits[947ec526-030f-41cc-8af7-a6f75e712ab0:c3323, c447b9b6-dde2-4ce7-aa81-d0e2eddc8fe9:c3319, 28b540ac-241d-462a-a56c-509e92928066:c3319]
2019-08-20 22:34:36,027 | INFO  | DNAudit | user=null | ip=null | op=WRITE_CHUNK {blockData=conID: 3 locID: 102651689433760312 bcsId: 0} | ret=SUCCESS |  
2019-08-20 22:34:36,027 | INFO  | DNAudit | user=null | ip=null | op=WRITE_CHUNK {blockData=conID: 3 locID: 102651689433760312 bcsId: 0} | ret=SUCCESS |  
2019-08-20 22:34:36,028 | INFO  | DNAudit | user=null | ip=null | op=PUT_BLOCK {blockData=[blockId=conID: 3 locID: 102651689433760312 bcsId: 0,size=1048576]} | ret=SUCCESS |  
2019-08-20 22:34:36,028 | INFO  | DNAudit | user=null | ip=null | op=PUT_BLOCK {blockData=[blockId=conID: 3 locID: 102651689433760312 bcsId: 0,size=1048576]} | ret=SUCCESS |  
2019-08-20 22:34:36,028 [grpc-default-executor-2] INFO  client.GrpcClientProtocolClient (GrpcClientProtocolClient.java:onNext(255)) - client-391BA870FC40->947ec526-030f-41cc-8af7-a6f75e712ab0: receive RaftClientReply:client-391BA870FC40->947ec526-030f-41cc-8af7-a6f75e712ab0@group-5D45C35602B2, cid=2247, SUCCESS, logIndex=0, commits[947ec526-030f-41cc-8af7-a6f75e712ab0:c3325, c447b9b6-dde2-4ce7-aa81-d0e2eddc8fe9:c3321, 28b540ac-241d-462a-a56c-509e92928066:c3321]
2019-08-20 22:34:36,034 | INFO  | DNAudit | user=null | ip=null | op=WRITE_CHUNK {blockData=conID: 3 locID: 102651689433760312 bcsId: 3323} | ret=SUCCESS |  
2019-08-20 22:34:36,036 | INFO  | DNAudit | user=null | ip=null | op=WRITE_CHUNK {blockData=conID: 3 locID: 102651689433760312 bcsId: 3323} | ret=SUCCESS |  
2019-08-20 22:34:36,036 | INFO  | DNAudit | user=null | ip=null | op=WRITE_CHUNK {blockData=conID: 3 locID: 102651689433760312 bcsId: 3323} | ret=SUCCESS |  
2019-08-20 22:34:36,041 | INFO  | DNAudit | user=null | ip=null | op=WRITE_CHUNK {blockData=conID: 3 locID: 102651689433760312 bcsId: 0} | ret=SUCCESS |  
2019-08-20 22:34:36,041 | INFO  | DNAudit | user=null | ip=null | op=WRITE_CHUNK {blockData=conID: 3 locID: 102651689433760312 bcsId: 0} | ret=SUCCESS |  
2019-08-20 22:34:36,041 | INFO  | DNAudit | user=null | ip=null | op=PUT_BLOCK {blockData=[blockId=conID: 3 locID: 102651689433760312 bcsId: 0,size=2097152]} | ret=SUCCESS |  
2019-08-20 22:34:36,041 | INFO  | DNAudit | user=null | ip=null | op=PUT_BLOCK {blockData=[blockId=conID: 3 locID: 102651689433760312 bcsId: 0,size=2097152]} | ret=SUCCESS |  
2019-08-20 22:34:36,052 | INFO  | DNAudit | user=null | ip=null | op=WRITE_CHUNK {blockData=conID: 3 locID: 102651689433760312 bcsId: 3323} | ret=SUCCESS |  
2019-08-20 22:34:36,053 | INFO  | DNAudit | user=null | ip=null | op=PUT_BLOCK {blockData=[blockId=conID: 3 locID: 102651689433760312 bcsId: 0,size=3145728]} | ret=SUCCESS |  
2019-08-20 22:34:36,053 [grpc-default-executor-2] INFO  client.GrpcClientProtocolClient (GrpcClientProtocolClient.java:onNext(255)) - client-391BA870FC40->947ec526-030f-41cc-8af7-a6f75e712ab0: receive RaftClientReply:client-391BA870FC40->947ec526-030f-41cc-8af7-a6f75e712ab0@group-5D45C35602B2, cid=2248, SUCCESS, logIndex=3328, commits[947ec526-030f-41cc-8af7-a6f75e712ab0:c3328, c447b9b6-dde2-4ce7-aa81-d0e2eddc8fe9:c3325, 28b540ac-241d-462a-a56c-509e92928066:c3325]
2019-08-20 22:34:36,053 [grpc-default-executor-2] INFO  client.GrpcClientProtocolClient (GrpcClientProtocolClient.java:onNext(255)) - client-391BA870FC40->947ec526-030f-41cc-8af7-a6f75e712ab0: receive RaftClientReply:client-391BA870FC40->947ec526-030f-41cc-8af7-a6f75e712ab0@group-5D45C35602B2, cid=2249, SUCCESS, logIndex=3329, commits[947ec526-030f-41cc-8af7-a6f75e712ab0:c3329, c447b9b6-dde2-4ce7-aa81-d0e2eddc8fe9:c3325, 28b540ac-241d-462a-a56c-509e92928066:c3325]
2019-08-20 22:34:36,059 | INFO  | DNAudit | user=null | ip=null | op=WRITE_CHUNK {blockData=conID: 3 locID: 102651689433760312 bcsId: 3329} | ret=SUCCESS |  
2019-08-20 22:34:36,061 | INFO  | DNAudit | user=null | ip=null | op=WRITE_CHUNK {blockData=conID: 3 locID: 102651689433760312 bcsId: 3329} | ret=SUCCESS |  
2019-08-20 22:34:36,061 | INFO  | DNAudit | user=null | ip=null | op=WRITE_CHUNK {blockData=conID: 3 locID: 102651689433760312 bcsId: 3329} | ret=SUCCESS |  
2019-08-20 22:34:36,073 | INFO  | DNAudit | user=null | ip=null | op=WRITE_CHUNK {blockData=conID: 3 locID: 102651689433760312 bcsId: 3323} | ret=SUCCESS |  
2019-08-20 22:34:36,073 | INFO  | DNAudit | user=null | ip=null | op=WRITE_CHUNK {blockData=conID: 3 locID: 102651689433760312 bcsId: 3323} | ret=SUCCESS |  
2019-08-20 22:34:36,076 | INFO  | DNAudit | user=null | ip=null | op=PUT_BLOCK {blockData=[blockId=conID: 3 locID: 102651689433760312 bcsId: 0,size=3145728]} | ret=SUCCESS |  
2019-08-20 22:34:36,076 | INFO  | DNAudit | user=null | ip=null | op=PUT_BLOCK {blockData=[blockId=conID: 3 locID: 102651689433760312 bcsId: 0,size=3145728]} | ret=SUCCESS |  
2019-08-20 22:34:36,077 | INFO  | DNAudit | user=null | ip=null | op=WRITE_CHUNK {blockData=conID: 3 locID: 102651689433760312 bcsId: 3329} | ret=SUCCESS |  
2019-08-20 22:34:36,077 | INFO  | DNAudit | user=null | ip=null | op=PUT_BLOCK {blockData=[blockId=conID: 3 locID: 102651689433760312 bcsId: 0,size=4194304]} | ret=SUCCESS |  
2019-08-20 22:34:36,077 [grpc-default-executor-2] INFO  client.GrpcClientProtocolClient (GrpcClientProtocolClient.java:onNext(255)) - client-391BA870FC40->947ec526-030f-41cc-8af7-a6f75e712ab0: receive RaftClientReply:client-391BA870FC40->947ec526-030f-41cc-8af7-a6f75e712ab0@group-5D45C35602B2, cid=2250, SUCCESS, logIndex=3332, commits[947ec526-030f-41cc-8af7-a6f75e712ab0:c3332, c447b9b6-dde2-4ce7-aa81-d0e2eddc8fe9:c3329, 28b540ac-241d-462a-a56c-509e92928066:c3329]
2019-08-20 22:34:36,078 [grpc-default-executor-2] INFO  client.GrpcClientProtocolClient (GrpcClientProtocolClient.java:onNext(255)) - client-391BA870FC40->947ec526-030f-41cc-8af7-a6f75e712ab0: receive RaftClientReply:client-391BA870FC40->947ec526-030f-41cc-8af7-a6f75e712ab0@group-5D45C35602B2, cid=2251, SUCCESS, logIndex=3333, commits[947ec526-030f-41cc-8af7-a6f75e712ab0:c3333, c447b9b6-dde2-4ce7-aa81-d0e2eddc8fe9:c3329, 28b540ac-241d-462a-a56c-509e92928066:c3329]
2019-08-20 22:34:36,104 | INFO  | DNAudit | user=null | ip=null | op=WRITE_CHUNK {blockData=conID: 3 locID: 102651689433760312 bcsId: 3329} | ret=SUCCESS |  
2019-08-20 22:34:36,104 | INFO  | DNAudit | user=null | ip=null | op=WRITE_CHUNK {blockData=conID: 3 locID: 102651689433760312 bcsId: 3329} | ret=SUCCESS |  
2019-08-20 22:34:36,107 | INFO  | DNAudit | user=null | ip=null | op=PUT_BLOCK {blockData=[blockId=conID: 3 locID: 102651689433760312 bcsId: 0,size=4194304]} | ret=SUCCESS |  
2019-08-20 22:34:36,107 | INFO  | DNAudit | user=null | ip=null | op=PUT_BLOCK {blockData=[blockId=conID: 3 locID: 102651689433760312 bcsId: 0,size=4194304]} | ret=SUCCESS |  
2019-08-20 22:34:36,108 [grpc-default-executor-1] INFO  client.GrpcClientProtocolClient (GrpcClientProtocolClient.java:onNext(255)) - client-391BA870FC40->947ec526-030f-41cc-8af7-a6f75e712ab0: receive RaftClientReply:client-391BA870FC40->947ec526-030f-41cc-8af7-a6f75e712ab0@group-5D45C35602B2, cid=2252, SUCCESS, logIndex=0, commits[947ec526-030f-41cc-8af7-a6f75e712ab0:c3335, c447b9b6-dde2-4ce7-aa81-d0e2eddc8fe9:c3333, 28b540ac-241d-462a-a56c-509e92928066:c3333]
2019-08-20 22:34:36,113 | INFO  | SCMAudit | user=jenkins1000 | ip=192.168.5.142 | op=ALLOCATE_BLOCK {owner=6f694d07-2a2f-44d9-8e1c-aaa094a2f647, size=4194304, type=RATIS, factor=THREE} | ret=SUCCESS |  
2019-08-20 22:34:36,117 | INFO  | OMAudit | user=jenkins1000 | ip=127.0.0.1 | op=ALLOCATE_BLOCK {volume=vol-0-80747, bucket=bucket-0-27686, key=key-0-47435, dataSize=0, replicationType=null, replicationFactor=null, keyLocationInfo=null, clientID=102651687805452690} | ret=SUCCESS |  
2019-08-20 22:34:36,124 | INFO  | DNAudit | user=null | ip=null | op=WRITE_CHUNK {blockData=conID: 1 locID: 102651689442542137 bcsId: 0} | ret=SUCCESS |  
2019-08-20 22:34:36,127 | INFO  | DNAudit | user=null | ip=null | op=WRITE_CHUNK {blockData=conID: 1 locID: 102651689442542137 bcsId: 0} | ret=SUCCESS |  
2019-08-20 22:34:36,127 | INFO  | DNAudit | user=null | ip=null | op=WRITE_CHUNK {blockData=conID: 1 locID: 102651689442542137 bcsId: 0} | ret=SUCCESS |  
2019-08-20 22:34:36,129 | INFO  | DNAudit | user=null | ip=null | op=WRITE_CHUNK {blockData=conID: 1 locID: 102651689442542137 bcsId: 0} | ret=SUCCESS |  
2019-08-20 22:34:36,130 | INFO  | DNAudit | user=null | ip=null | op=WRITE_CHUNK {blockData=conID: 1 locID: 102651689442542137 bcsId: 0} | ret=SUCCESS |  
2019-08-20 22:34:36,130 | INFO  | DNAudit | user=null | ip=null | op=WRITE_CHUNK {blockData=conID: 1 locID: 102651689442542137 bcsId: 0} | ret=SUCCESS |  
2019-08-20 22:34:36,137 | INFO  | DNAudit | user=null | ip=null | op=WRITE_CHUNK {blockData=conID: 1 locID: 102651689442542137 bcsId: 0} | ret=SUCCESS |  
2019-08-20 22:34:36,138 | INFO  | DNAudit | user=null | ip=null | op=PUT_BLOCK {blockData=[blockId=conID: 1 locID: 102651689442542137 bcsId: 0,size=1048576]} | ret=SUCCESS |  
2019-08-20 22:34:36,138 [grpc-default-executor-2] INFO  client.GrpcClientProtocolClient (GrpcClientProtocolClient.java:onNext(255)) - client-391BA870FC40->947ec526-030f-41cc-8af7-a6f75e712ab0: receive RaftClientReply:client-391BA870FC40->947ec526-030f-41cc-8af7-a6f75e712ab0@group-5D45C35602B2, cid=2253, SUCCESS, logIndex=3336, commits[947ec526-030f-41cc-8af7-a6f75e712ab0:c3337, c447b9b6-dde2-4ce7-aa81-d0e2eddc8fe9:c3335, 28b540ac-241d-462a-a56c-509e92928066:c3335]
2019-08-20 22:34:36,138 | INFO  | DNAudit | user=null | ip=null | op=WRITE_CHUNK {blockData=conID: 1 locID: 102651689442542137 bcsId: 0} | ret=SUCCESS |  
2019-08-20 22:34:36,139 | INFO  | DNAudit | user=null | ip=null | op=PUT_BLOCK {blockData=[blockId=conID: 1 locID: 102651689442542137 bcsId: 0,size=2097152]} | ret=SUCCESS |  
2019-08-20 22:34:36,139 [grpc-default-executor-2] INFO  client.GrpcClientProtocolClient (GrpcClientProtocolClient.java:onNext(255)) - client-391BA870FC40->947ec526-030f-41cc-8af7-a6f75e712ab0: receive RaftClientReply:client-391BA870FC40->947ec526-030f-41cc-8af7-a6f75e712ab0@group-5D45C35602B2, cid=2254, SUCCESS, logIndex=3337, commits[947ec526-030f-41cc-8af7-a6f75e712ab0:c3338, c447b9b6-dde2-4ce7-aa81-d0e2eddc8fe9:c3335, 28b540ac-241d-462a-a56c-509e92928066:c3335]
2019-08-20 22:34:36,139 [grpc-default-executor-2] INFO  client.GrpcClientProtocolClient (GrpcClientProtocolClient.java:onNext(255)) - client-391BA870FC40->947ec526-030f-41cc-8af7-a6f75e712ab0: receive RaftClientReply:client-391BA870FC40->947ec526-030f-41cc-8af7-a6f75e712ab0@group-5D45C35602B2, cid=2255, SUCCESS, logIndex=3338, commits[947ec526-030f-41cc-8af7-a6f75e712ab0:c3339, c447b9b6-dde2-4ce7-aa81-d0e2eddc8fe9:c3335, 28b540ac-241d-462a-a56c-509e92928066:c3335]
2019-08-20 22:34:36,139 [grpc-default-executor-2] INFO  client.GrpcClientProtocolClient (GrpcClientProtocolClient.java:onNext(255)) - client-391BA870FC40->947ec526-030f-41cc-8af7-a6f75e712ab0: receive RaftClientReply:client-391BA870FC40->947ec526-030f-41cc-8af7-a6f75e712ab0@group-5D45C35602B2, cid=2256, SUCCESS, logIndex=3339, commits[947ec526-030f-41cc-8af7-a6f75e712ab0:c3339, c447b9b6-dde2-4ce7-aa81-d0e2eddc8fe9:c3335, 28b540ac-241d-462a-a56c-509e92928066:c3335]
2019-08-20 22:34:36,150 | INFO  | DNAudit | user=null | ip=null | op=WRITE_CHUNK {blockData=conID: 1 locID: 102651689442542137 bcsId: 0} | ret=SUCCESS |  
2019-08-20 22:34:36,151 | INFO  | DNAudit | user=null | ip=null | op=PUT_BLOCK {blockData=[blockId=conID: 1 locID: 102651689442542137 bcsId: 0,size=1048576]} | ret=SUCCESS |  
2019-08-20 22:34:36,151 | INFO  | DNAudit | user=null | ip=null | op=WRITE_CHUNK {blockData=conID: 1 locID: 102651689442542137 bcsId: 0} | ret=SUCCESS |  
2019-08-20 22:34:36,152 | INFO  | DNAudit | user=null | ip=null | op=PUT_BLOCK {blockData=[blockId=conID: 1 locID: 102651689442542137 bcsId: 0,size=1048576]} | ret=SUCCESS |  
2019-08-20 22:34:36,151 [grpc-default-executor-2] INFO  client.GrpcClientProtocolClient (GrpcClientProtocolClient.java:onNext(255)) - client-391BA870FC40->947ec526-030f-41cc-8af7-a6f75e712ab0: receive RaftClientReply:client-391BA870FC40->947ec526-030f-41cc-8af7-a6f75e712ab0@group-5D45C35602B2, cid=2257, SUCCESS, logIndex=0, commits[947ec526-030f-41cc-8af7-a6f75e712ab0:c3341, c447b9b6-dde2-4ce7-aa81-d0e2eddc8fe9:c3337, 28b540ac-241d-462a-a56c-509e92928066:c3337]
2019-08-20 22:34:36,152 | INFO  | DNAudit | user=null | ip=null | op=WRITE_CHUNK {blockData=conID: 1 locID: 102651689442542137 bcsId: 0} | ret=SUCCESS |  
2019-08-20 22:34:36,152 | INFO  | DNAudit | user=null | ip=null | op=WRITE_CHUNK {blockData=conID: 1 locID: 102651689442542137 bcsId: 0} | ret=SUCCESS |  
2019-08-20 22:34:36,152 | INFO  | DNAudit | user=null | ip=null | op=PUT_BLOCK {blockData=[blockId=conID: 1 locID: 102651689442542137 bcsId: 0,size=2097152]} | ret=SUCCESS |  
2019-08-20 22:34:36,152 | INFO  | DNAudit | user=null | ip=null | op=PUT_BLOCK {blockData=[blockId=conID: 1 locID: 102651689442542137 bcsId: 0,size=2097152]} | ret=SUCCESS |  
2019-08-20 22:34:36,157 | INFO  | DNAudit | user=null | ip=null | op=WRITE_CHUNK {blockData=conID: 1 locID: 102651689442542137 bcsId: 3339} | ret=SUCCESS |  
2019-08-20 22:34:36,159 | INFO  | DNAudit | user=null | ip=null | op=WRITE_CHUNK {blockData=conID: 1 locID: 102651689442542137 bcsId: 3339} | ret=SUCCESS |  
2019-08-20 22:34:36,159 | INFO  | DNAudit | user=null | ip=null | op=WRITE_CHUNK {blockData=conID: 1 locID: 102651689442542137 bcsId: 3339} | ret=SUCCESS |  
2019-08-20 22:34:36,171 | INFO  | DNAudit | user=null | ip=null | op=WRITE_CHUNK {blockData=conID: 1 locID: 102651689442542137 bcsId: 3339} | ret=SUCCESS |  
2019-08-20 22:34:36,172 | INFO  | DNAudit | user=null | ip=null | op=PUT_BLOCK {blockData=[blockId=conID: 1 locID: 102651689442542137 bcsId: 0,size=3145728]} | ret=SUCCESS |  
2019-08-20 22:34:36,172 [grpc-default-executor-2] INFO  client.GrpcClientProtocolClient (GrpcClientProtocolClient.java:onNext(255)) - client-391BA870FC40->947ec526-030f-41cc-8af7-a6f75e712ab0: receive RaftClientReply:client-391BA870FC40->947ec526-030f-41cc-8af7-a6f75e712ab0@group-5D45C35602B2, cid=2258, SUCCESS, logIndex=3344, commits[947ec526-030f-41cc-8af7-a6f75e712ab0:c3345, c447b9b6-dde2-4ce7-aa81-d0e2eddc8fe9:c3343, 28b540ac-241d-462a-a56c-509e92928066:c3343]
2019-08-20 22:34:36,172 [grpc-default-executor-2] INFO  client.GrpcClientProtocolClient (GrpcClientProtocolClient.java:onNext(255)) - client-391BA870FC40->947ec526-030f-41cc-8af7-a6f75e712ab0: receive RaftClientReply:client-391BA870FC40->947ec526-030f-41cc-8af7-a6f75e712ab0@group-5D45C35602B2, cid=2259, SUCCESS, logIndex=3345, commits[947ec526-030f-41cc-8af7-a6f75e712ab0:c3345, c447b9b6-dde2-4ce7-aa81-d0e2eddc8fe9:c3343, 28b540ac-241d-462a-a56c-509e92928066:c3343]
2019-08-20 22:34:36,174 | INFO  | SCMAudit | user=jenkins1000 | ip=192.168.5.142 | op=SEND_HEARTBEAT {datanodeUUID=c447b9b6-dde2-4ce7-aa81-d0e2eddc8fe9, command=[]} | ret=SUCCESS |  
2019-08-20 22:34:36,174 | INFO  | SCMAudit | user=jenkins1000 | ip=192.168.5.142 | op=SEND_HEARTBEAT {datanodeUUID=eafd9314-3f13-422a-a2ac-adfcde2d7481, command=[]} | ret=SUCCESS |  
2019-08-20 22:34:36,174 | INFO  | SCMAudit | user=jenkins1000 | ip=192.168.5.142 | op=SEND_HEARTBEAT {datanodeUUID=28b540ac-241d-462a-a56c-509e92928066, command=[]} | ret=SUCCESS |  
2019-08-20 22:34:36,175 | INFO  | SCMAudit | user=jenkins1000 | ip=192.168.5.142 | op=SEND_HEARTBEAT {datanodeUUID=947ec526-030f-41cc-8af7-a6f75e712ab0, command=[]} | ret=SUCCESS |  
 0.00% |█                                                                                                    |  0/1 Time: 0:00:252019-08-20 22:34:36,177 | INFO  | DNAudit | user=null | ip=null | op=WRITE_CHUNK {blockData=conID: 1 locID: 102651689442542137 bcsId: 3345} | ret=SUCCESS |  
2019-08-20 22:34:36,179 | INFO  | DNAudit | user=null | ip=null | op=WRITE_CHUNK {blockData=conID: 1 locID: 102651689442542137 bcsId: 3345} | ret=SUCCESS |  
2019-08-20 22:34:36,179 | INFO  | DNAudit | user=null | ip=null | op=WRITE_CHUNK {blockData=conID: 1 locID: 102651689442542137 bcsId: 3345} | ret=SUCCESS |  
2019-08-20 22:34:36,184 | INFO  | DNAudit | user=null | ip=null | op=WRITE_CHUNK {blockData=conID: 1 locID: 102651689442542137 bcsId: 3339} | ret=SUCCESS |  
2019-08-20 22:34:36,184 | INFO  | DNAudit | user=null | ip=null | op=WRITE_CHUNK {blockData=conID: 1 locID: 102651689442542137 bcsId: 3339} | ret=SUCCESS |  
2019-08-20 22:34:36,197 | INFO  | DNAudit | user=null | ip=null | op=PUT_BLOCK {blockData=[blockId=conID: 1 locID: 102651689442542137 bcsId: 0,size=3145728]} | ret=SUCCESS |  
2019-08-20 22:34:36,197 | INFO  | DNAudit | user=null | ip=null | op=PUT_BLOCK {blockData=[blockId=conID: 1 locID: 102651689442542137 bcsId: 0,size=3145728]} | ret=SUCCESS |  
2019-08-20 22:34:36,198 | INFO  | DNAudit | user=null | ip=null | op=WRITE_CHUNK {blockData=conID: 1 locID: 102651689442542137 bcsId: 3345} | ret=SUCCESS |  
2019-08-20 22:34:36,198 | INFO  | DNAudit | user=null | ip=null | op=PUT_BLOCK {blockData=[blockId=conID: 1 locID: 102651689442542137 bcsId: 0,size=4194304]} | ret=SUCCESS |  
2019-08-20 22:34:36,198 [grpc-default-executor-2] INFO  client.GrpcClientProtocolClient (GrpcClientProtocolClient.java:onNext(255)) - client-391BA870FC40->947ec526-030f-41cc-8af7-a6f75e712ab0: receive RaftClientReply:client-391BA870FC40->947ec526-030f-41cc-8af7-a6f75e712ab0@group-5D45C35602B2, cid=2260, SUCCESS, logIndex=3348, commits[947ec526-030f-41cc-8af7-a6f75e712ab0:c3348, c447b9b6-dde2-4ce7-aa81-d0e2eddc8fe9:c3345, 28b540ac-241d-462a-a56c-509e92928066:c3345]
2019-08-20 22:34:36,199 [grpc-default-executor-2] INFO  client.GrpcClientProtocolClient (GrpcClientProtocolClient.java:onNext(255)) - client-391BA870FC40->947ec526-030f-41cc-8af7-a6f75e712ab0: receive RaftClientReply:client-391BA870FC40->947ec526-030f-41cc-8af7-a6f75e712ab0@group-5D45C35602B2, cid=2261, SUCCESS, logIndex=3349, commits[947ec526-030f-41cc-8af7-a6f75e712ab0:c3349, c447b9b6-dde2-4ce7-aa81-d0e2eddc8fe9:c3345, 28b540ac-241d-462a-a56c-509e92928066:c3345]
2019-08-20 22:34:36,210 | INFO  | DNAudit | user=null | ip=null | op=WRITE_CHUNK {blockData=conID: 1 locID: 102651689442542137 bcsId: 3345} | ret=SUCCESS |  
2019-08-20 22:34:36,210 | INFO  | DNAudit | user=null | ip=null | op=WRITE_CHUNK {blockData=conID: 1 locID: 102651689442542137 bcsId: 3345} | ret=SUCCESS |  
2019-08-20 22:34:36,212 | INFO  | DNAudit | user=null | ip=null | op=PUT_BLOCK {blockData=[blockId=conID: 1 locID: 102651689442542137 bcsId: 0,size=4194304]} | ret=SUCCESS |  
2019-08-20 22:34:36,212 | INFO  | DNAudit | user=null | ip=null | op=PUT_BLOCK {blockData=[blockId=conID: 1 locID: 102651689442542137 bcsId: 0,size=4194304]} | ret=SUCCESS |  
2019-08-20 22:34:36,213 [grpc-default-executor-1] INFO  client.GrpcClientProtocolClient (GrpcClientProtocolClient.java:onNext(255)) - client-391BA870FC40->947ec526-030f-41cc-8af7-a6f75e712ab0: receive RaftClientReply:client-391BA870FC40->947ec526-030f-41cc-8af7-a6f75e712ab0@group-5D45C35602B2, cid=2262, SUCCESS, logIndex=0, commits[947ec526-030f-41cc-8af7-a6f75e712ab0:c3350, c447b9b6-dde2-4ce7-aa81-d0e2eddc8fe9:c3349, 28b540ac-241d-462a-a56c-509e92928066:c3349]
2019-08-20 22:34:36,217 | INFO  | SCMAudit | user=jenkins1000 | ip=192.168.5.142 | op=ALLOCATE_BLOCK {owner=6f694d07-2a2f-44d9-8e1c-aaa094a2f647, size=4194304, type=RATIS, factor=THREE} | ret=SUCCESS |  
2019-08-20 22:34:36,220 | INFO  | OMAudit | user=jenkins1000 | ip=127.0.0.1 | op=ALLOCATE_BLOCK {volume=vol-0-80747, bucket=bucket-0-27686, key=key-0-47435, dataSize=0, replicationType=null, replicationFactor=null, keyLocationInfo=null, clientID=102651687805452690} | ret=SUCCESS |  
2019-08-20 22:34:36,226 | INFO  | DNAudit | user=null | ip=null | op=WRITE_CHUNK {blockData=conID: 2 locID: 102651689449357882 bcsId: 0} | ret=SUCCESS |  
2019-08-20 22:34:36,228 | INFO  | DNAudit | user=null | ip=null | op=WRITE_CHUNK {blockData=conID: 2 locID: 102651689449357882 bcsId: 0} | ret=SUCCESS |  
2019-08-20 22:34:36,228 | INFO  | DNAudit | user=null | ip=null | op=WRITE_CHUNK {blockData=conID: 2 locID: 102651689449357882 bcsId: 0} | ret=SUCCESS |  
2019-08-20 22:34:36,228 | INFO  | DNAudit | user=null | ip=null | op=WRITE_CHUNK {blockData=conID: 2 locID: 102651689449357882 bcsId: 0} | ret=SUCCESS |  
2019-08-20 22:34:36,230 | INFO  | DNAudit | user=null | ip=null | op=WRITE_CHUNK {blockData=conID: 2 locID: 102651689449357882 bcsId: 0} | ret=SUCCESS |  
2019-08-20 22:34:36,230 | INFO  | DNAudit | user=null | ip=null | op=WRITE_CHUNK {blockData=conID: 2 locID: 102651689449357882 bcsId: 0} | ret=SUCCESS |  
2019-08-20 22:34:36,241 | INFO  | DNAudit | user=null | ip=null | op=WRITE_CHUNK {blockData=conID: 2 locID: 102651689449357882 bcsId: 0} | ret=SUCCESS |  
2019-08-20 22:34:36,242 | INFO  | DNAudit | user=null | ip=null | op=PUT_BLOCK {blockData=[blockId=conID: 2 locID: 102651689449357882 bcsId: 0,size=1048576]} | ret=SUCCESS |  
2019-08-20 22:34:36,242 [grpc-default-executor-1] INFO  client.GrpcClientProtocolClient (GrpcClientProtocolClient.java:onNext(255)) - client-391BA870FC40->947ec526-030f-41cc-8af7-a6f75e712ab0: receive RaftClientReply:client-391BA870FC40->947ec526-030f-41cc-8af7-a6f75e712ab0@group-5D45C35602B2, cid=2263, SUCCESS, logIndex=3352, commits[947ec526-030f-41cc-8af7-a6f75e712ab0:c3353, c447b9b6-dde2-4ce7-aa81-d0e2eddc8fe9:c3351, 28b540ac-241d-462a-a56c-509e92928066:c3351]
2019-08-20 22:34:36,242 [grpc-default-executor-1] INFO  client.GrpcClientProtocolClient (GrpcClientProtocolClient.java:onNext(255)) - client-391BA870FC40->947ec526-030f-41cc-8af7-a6f75e712ab0: receive RaftClientReply:client-391BA870FC40->947ec526-030f-41cc-8af7-a6f75e712ab0@group-5D45C35602B2, cid=2264, SUCCESS, logIndex=3353, commits[947ec526-030f-41cc-8af7-a6f75e712ab0:c3353, c447b9b6-dde2-4ce7-aa81-d0e2eddc8fe9:c3351, 28b540ac-241d-462a-a56c-509e92928066:c3351]
2019-08-20 22:34:36,252 | INFO  | DNAudit | user=null | ip=null | op=WRITE_CHUNK {blockData=conID: 2 locID: 102651689449357882 bcsId: 0} | ret=SUCCESS |  
2019-08-20 22:34:36,253 | INFO  | DNAudit | user=null | ip=null | op=PUT_BLOCK {blockData=[blockId=conID: 2 locID: 102651689449357882 bcsId: 0,size=2097152]} | ret=SUCCESS |  
2019-08-20 22:34:36,253 [grpc-default-executor-1] INFO  client.GrpcClientProtocolClient (GrpcClientProtocolClient.java:onNext(255)) - client-391BA870FC40->947ec526-030f-41cc-8af7-a6f75e712ab0: receive RaftClientReply:client-391BA870FC40->947ec526-030f-41cc-8af7-a6f75e712ab0@group-5D45C35602B2, cid=2265, SUCCESS, logIndex=3354, commits[947ec526-030f-41cc-8af7-a6f75e712ab0:c3355, c447b9b6-dde2-4ce7-aa81-d0e2eddc8fe9:c3351, 28b540ac-241d-462a-a56c-509e92928066:c3351]
2019-08-20 22:34:36,253 [grpc-default-executor-1] INFO  client.GrpcClientProtocolClient (GrpcClientProtocolClient.java:onNext(255)) - client-391BA870FC40->947ec526-030f-41cc-8af7-a6f75e712ab0: receive RaftClientReply:client-391BA870FC40->947ec526-030f-41cc-8af7-a6f75e712ab0@group-5D45C35602B2, cid=2266, SUCCESS, logIndex=3355, commits[947ec526-030f-41cc-8af7-a6f75e712ab0:c3355, c447b9b6-dde2-4ce7-aa81-d0e2eddc8fe9:c3351, 28b540ac-241d-462a-a56c-509e92928066:c3351]
2019-08-20 22:34:36,265 | INFO  | DNAudit | user=null | ip=null | op=WRITE_CHUNK {blockData=conID: 2 locID: 102651689449357882 bcsId: 0} | ret=SUCCESS |  
2019-08-20 22:34:36,265 | INFO  | DNAudit | user=null | ip=null | op=PUT_BLOCK {blockData=[blockId=conID: 2 locID: 102651689449357882 bcsId: 0,size=1048576]} | ret=SUCCESS |  
2019-08-20 22:34:36,267 | INFO  | DNAudit | user=null | ip=null | op=WRITE_CHUNK {blockData=conID: 2 locID: 102651689449357882 bcsId: 0} | ret=SUCCESS |  
2019-08-20 22:34:36,267 [grpc-default-executor-1] INFO  client.GrpcClientProtocolClient (GrpcClientProtocolClient.java:onNext(255)) - client-391BA870FC40->947ec526-030f-41cc-8af7-a6f75e712ab0: receive RaftClientReply:client-391BA870FC40->947ec526-030f-41cc-8af7-a6f75e712ab0@group-5D45C35602B2, cid=2267, SUCCESS, logIndex=0, commits[947ec526-030f-41cc-8af7-a6f75e712ab0:c3356, c447b9b6-dde2-4ce7-aa81-d0e2eddc8fe9:c3353, 28b540ac-241d-462a-a56c-509e92928066:c3353]
2019-08-20 22:34:36,267 | INFO  | DNAudit | user=null | ip=null | op=PUT_BLOCK {blockData=[blockId=conID: 2 locID: 102651689449357882 bcsId: 0,size=1048576]} | ret=SUCCESS |  
2019-08-20 22:34:36,267 | INFO  | DNAudit | user=null | ip=null | op=WRITE_CHUNK {blockData=conID: 2 locID: 102651689449357882 bcsId: 0} | ret=SUCCESS |  
2019-08-20 22:34:36,268 | INFO  | DNAudit | user=null | ip=null | op=PUT_BLOCK {blockData=[blockId=conID: 2 locID: 102651689449357882 bcsId: 0,size=2097152]} | ret=SUCCESS |  
2019-08-20 22:34:36,272 | INFO  | DNAudit | user=null | ip=null | op=WRITE_CHUNK {blockData=conID: 2 locID: 102651689449357882 bcsId: 3355} | ret=SUCCESS |  
2019-08-20 22:34:36,274 | INFO  | DNAudit | user=null | ip=null | op=WRITE_CHUNK {blockData=conID: 2 locID: 102651689449357882 bcsId: 3355} | ret=SUCCESS |  
2019-08-20 22:34:36,274 | INFO  | DNAudit | user=null | ip=null | op=WRITE_CHUNK {blockData=conID: 2 locID: 102651689449357882 bcsId: 3355} | ret=SUCCESS |  
2019-08-20 22:34:36,276 | INFO  | DNAudit | user=null | ip=null | op=WRITE_CHUNK {blockData=conID: 2 locID: 102651689449357882 bcsId: 0} | ret=SUCCESS |  
2019-08-20 22:34:36,276 | INFO  | DNAudit | user=null | ip=null | op=PUT_BLOCK {blockData=[blockId=conID: 2 locID: 102651689449357882 bcsId: 0,size=2097152]} | ret=SUCCESS |  
2019-08-20 22:34:36,285 | INFO  | DNAudit | user=null | ip=null | op=WRITE_CHUNK {blockData=conID: 2 locID: 102651689449357882 bcsId: 3355} | ret=SUCCESS |  
2019-08-20 22:34:36,286 | INFO  | DNAudit | user=null | ip=null | op=PUT_BLOCK {blockData=[blockId=conID: 2 locID: 102651689449357882 bcsId: 0,size=3145728]} | ret=SUCCESS |  
2019-08-20 22:34:36,286 [grpc-default-executor-5] INFO  client.GrpcClientProtocolClient (GrpcClientProtocolClient.java:onNext(255)) - client-391BA870FC40->947ec526-030f-41cc-8af7-a6f75e712ab0: receive RaftClientReply:client-391BA870FC40->947ec526-030f-41cc-8af7-a6f75e712ab0@group-5D45C35602B2, cid=2268, SUCCESS, logIndex=3359, commits[947ec526-030f-41cc-8af7-a6f75e712ab0:c3360, c447b9b6-dde2-4ce7-aa81-d0e2eddc8fe9:c3355, 28b540ac-241d-462a-a56c-509e92928066:c3358]
2019-08-20 22:34:36,286 [grpc-default-executor-5] INFO  client.GrpcClientProtocolClient (GrpcClientProtocolClient.java:onNext(255)) - client-391BA870FC40->947ec526-030f-41cc-8af7-a6f75e712ab0: receive RaftClientReply:client-391BA870FC40->947ec526-030f-41cc-8af7-a6f75e712ab0@group-5D45C35602B2, cid=2269, SUCCESS, logIndex=3360, commits[947ec526-030f-41cc-8af7-a6f75e712ab0:c3360, c447b9b6-dde2-4ce7-aa81-d0e2eddc8fe9:c3358, 28b540ac-241d-462a-a56c-509e92928066:c3358]
2019-08-20 22:34:36,288 | INFO  | DNAudit | user=null | ip=null | op=WRITE_CHUNK {blockData=conID: 2 locID: 102651689449357882 bcsId: 3355} | ret=SUCCESS |  
2019-08-20 22:34:36,288 | INFO  | DNAudit | user=null | ip=null | op=PUT_BLOCK {blockData=[blockId=conID: 2 locID: 102651689449357882 bcsId: 0,size=3145728]} | ret=SUCCESS |  
2019-08-20 22:34:36,289 | INFO  | DNAudit | user=null | ip=null | op=WRITE_CHUNK {blockData=conID: 2 locID: 102651689449357882 bcsId: 3355} | ret=SUCCESS |  
2019-08-20 22:34:36,289 | INFO  | DNAudit | user=null | ip=null | op=PUT_BLOCK {blockData=[blockId=conID: 2 locID: 102651689449357882 bcsId: 0,size=3145728]} | ret=SUCCESS |  
2019-08-20 22:34:36,291 | INFO  | DNAudit | user=null | ip=null | op=WRITE_CHUNK {blockData=conID: 2 locID: 102651689449357882 bcsId: 3360} | ret=SUCCESS |  
2019-08-20 22:34:36,293 | INFO  | DNAudit | user=null | ip=null | op=WRITE_CHUNK {blockData=conID: 2 locID: 102651689449357882 bcsId: 3360} | ret=SUCCESS |  
2019-08-20 22:34:36,294 | INFO  | DNAudit | user=null | ip=null | op=WRITE_CHUNK {blockData=conID: 2 locID: 102651689449357882 bcsId: 3360} | ret=SUCCESS |  
2019-08-20 22:34:36,303 | INFO  | DNAudit | user=null | ip=null | op=WRITE_CHUNK {blockData=conID: 2 locID: 102651689449357882 bcsId: 3360} | ret=SUCCESS |  
2019-08-20 22:34:36,303 | INFO  | DNAudit | user=null | ip=null | op=PUT_BLOCK {blockData=[blockId=conID: 2 locID: 102651689449357882 bcsId: 0,size=4194304]} | ret=SUCCESS |  
2019-08-20 22:34:36,303 [grpc-default-executor-1] INFO  client.GrpcClientProtocolClient (GrpcClientProtocolClient.java:onNext(255)) - client-391BA870FC40->947ec526-030f-41cc-8af7-a6f75e712ab0: receive RaftClientReply:client-391BA870FC40->947ec526-030f-41cc-8af7-a6f75e712ab0@group-5D45C35602B2, cid=2270, SUCCESS, logIndex=3363, commits[947ec526-030f-41cc-8af7-a6f75e712ab0:c3364, c447b9b6-dde2-4ce7-aa81-d0e2eddc8fe9:c3362, 28b540ac-241d-462a-a56c-509e92928066:c3362]
2019-08-20 22:34:36,303 [grpc-default-executor-1] INFO  client.GrpcClientProtocolClient (GrpcClientProtocolClient.java:onNext(255)) - client-391BA870FC40->947ec526-030f-41cc-8af7-a6f75e712ab0: receive RaftClientReply:client-391BA870FC40->947ec526-030f-41cc-8af7-a6f75e712ab0@group-5D45C35602B2, cid=2271, SUCCESS, logIndex=3364, commits[947ec526-030f-41cc-8af7-a6f75e712ab0:c3364, c447b9b6-dde2-4ce7-aa81-d0e2eddc8fe9:c3362, 28b540ac-241d-462a-a56c-509e92928066:c3362]
2019-08-20 22:34:36,323 | INFO  | DNAudit | user=null | ip=null | op=WRITE_CHUNK {blockData=conID: 2 locID: 102651689449357882 bcsId: 3360} | ret=SUCCESS |  
2019-08-20 22:34:36,323 | INFO  | DNAudit | user=null | ip=null | op=WRITE_CHUNK {blockData=conID: 2 locID: 102651689449357882 bcsId: 3360} | ret=SUCCESS |  
2019-08-20 22:34:36,323 | INFO  | DNAudit | user=null | ip=null | op=PUT_BLOCK {blockData=[blockId=conID: 2 locID: 102651689449357882 bcsId: 0,size=4194304]} | ret=SUCCESS |  
2019-08-20 22:34:36,323 [grpc-default-executor-5] INFO  client.GrpcClientProtocolClient (GrpcClientProtocolClient.java:onNext(255)) - client-391BA870FC40->947ec526-030f-41cc-8af7-a6f75e712ab0: receive RaftClientReply:client-391BA870FC40->947ec526-030f-41cc-8af7-a6f75e712ab0@group-5D45C35602B2, cid=2272, SUCCESS, logIndex=0, commits[947ec526-030f-41cc-8af7-a6f75e712ab0:c3365, c447b9b6-dde2-4ce7-aa81-d0e2eddc8fe9:c3364, 28b540ac-241d-462a-a56c-509e92928066:c3364]
2019-08-20 22:34:36,323 | INFO  | DNAudit | user=null | ip=null | op=PUT_BLOCK {blockData=[blockId=conID: 2 locID: 102651689449357882 bcsId: 0,size=4194304]} | ret=SUCCESS |  
2019-08-20 22:34:36,328 | INFO  | SCMAudit | user=jenkins1000 | ip=192.168.5.142 | op=ALLOCATE_BLOCK {owner=6f694d07-2a2f-44d9-8e1c-aaa094a2f647, size=4194304, type=RATIS, factor=THREE} | ret=SUCCESS |  
2019-08-20 22:34:36,331 | INFO  | OMAudit | user=jenkins1000 | ip=127.0.0.1 | op=ALLOCATE_BLOCK {volume=vol-0-80747, bucket=bucket-0-27686, key=key-0-47435, dataSize=0, replicationType=null, replicationFactor=null, keyLocationInfo=null, clientID=102651687805452690} | ret=SUCCESS |  
2019-08-20 22:34:36,337 | INFO  | DNAudit | user=null | ip=null | op=WRITE_CHUNK {blockData=conID: 3 locID: 102651689456632379 bcsId: 0} | ret=SUCCESS |  
2019-08-20 22:34:36,339 | INFO  | DNAudit | user=null | ip=null | op=WRITE_CHUNK {blockData=conID: 3 locID: 102651689456632379 bcsId: 0} | ret=SUCCESS |  
2019-08-20 22:34:36,339 | INFO  | DNAudit | user=null | ip=null | op=WRITE_CHUNK {blockData=conID: 3 locID: 102651689456632379 bcsId: 0} | ret=SUCCESS |  
2019-08-20 22:34:36,340 | INFO  | DNAudit | user=null | ip=null | op=WRITE_CHUNK {blockData=conID: 3 locID: 102651689456632379 bcsId: 0} | ret=SUCCESS |  
2019-08-20 22:34:36,341 | INFO  | DNAudit | user=null | ip=null | op=WRITE_CHUNK {blockData=conID: 3 locID: 102651689456632379 bcsId: 0} | ret=SUCCESS |  
2019-08-20 22:34:36,341 | INFO  | DNAudit | user=null | ip=null | op=WRITE_CHUNK {blockData=conID: 3 locID: 102651689456632379 bcsId: 0} | ret=SUCCESS |  
2019-08-20 22:34:36,367 | INFO  | DNAudit | user=null | ip=null | op=WRITE_CHUNK {blockData=conID: 3 locID: 102651689456632379 bcsId: 0} | ret=SUCCESS |  
2019-08-20 22:34:36,367 | INFO  | DNAudit | user=null | ip=null | op=PUT_BLOCK {blockData=[blockId=conID: 3 locID: 102651689456632379 bcsId: 0,size=1048576]} | ret=SUCCESS |  
2019-08-20 22:34:36,367 [grpc-default-executor-3] INFO  client.GrpcClientProtocolClient (GrpcClientProtocolClient.java:onNext(255)) - client-391BA870FC40->947ec526-030f-41cc-8af7-a6f75e712ab0: receive RaftClientReply:client-391BA870FC40->947ec526-030f-41cc-8af7-a6f75e712ab0@group-5D45C35602B2, cid=2273, SUCCESS, logIndex=3367, commits[947ec526-030f-41cc-8af7-a6f75e712ab0:c3368, c447b9b6-dde2-4ce7-aa81-d0e2eddc8fe9:c3366, 28b540ac-241d-462a-a56c-509e92928066:c3366]
2019-08-20 22:34:36,368 [grpc-default-executor-3] INFO  client.GrpcClientProtocolClient (GrpcClientProtocolClient.java:onNext(255)) - client-391BA870FC40->947ec526-030f-41cc-8af7-a6f75e712ab0: receive RaftClientReply:client-391BA870FC40->947ec526-030f-41cc-8af7-a6f75e712ab0@group-5D45C35602B2, cid=2274, SUCCESS, logIndex=3368, commits[947ec526-030f-41cc-8af7-a6f75e712ab0:c3368, c447b9b6-dde2-4ce7-aa81-d0e2eddc8fe9:c3366, 28b540ac-241d-462a-a56c-509e92928066:c3366]
2019-08-20 22:34:36,378 | INFO  | DNAudit | user=null | ip=null | op=WRITE_CHUNK {blockData=conID: 3 locID: 102651689456632379 bcsId: 0} | ret=SUCCESS |  
2019-08-20 22:34:36,378 | INFO  | DNAudit | user=null | ip=null | op=PUT_BLOCK {blockData=[blockId=conID: 3 locID: 102651689456632379 bcsId: 0,size=2097152]} | ret=SUCCESS |  
2019-08-20 22:34:36,378 [grpc-default-executor-1] INFO  client.GrpcClientProtocolClient (GrpcClientProtocolClient.java:onNext(255)) - client-391BA870FC40->947ec526-030f-41cc-8af7-a6f75e712ab0: receive RaftClientReply:client-391BA870FC40->947ec526-030f-41cc-8af7-a6f75e712ab0@group-5D45C35602B2, cid=2275, SUCCESS, logIndex=3369, commits[947ec526-030f-41cc-8af7-a6f75e712ab0:c3370, c447b9b6-dde2-4ce7-aa81-d0e2eddc8fe9:c3366, 28b540ac-241d-462a-a56c-509e92928066:c3366]
2019-08-20 22:34:36,378 | INFO  | DNAudit | user=null | ip=null | op=WRITE_CHUNK {blockData=conID: 3 locID: 102651689456632379 bcsId: 0} | ret=SUCCESS |  
2019-08-20 22:34:36,378 | INFO  | DNAudit | user=null | ip=null | op=PUT_BLOCK {blockData=[blockId=conID: 3 locID: 102651689456632379 bcsId: 0,size=1048576]} | ret=SUCCESS |  
2019-08-20 22:34:36,378 [grpc-default-executor-5] INFO  client.GrpcClientProtocolClient (GrpcClientProtocolClient.java:onNext(255)) - client-391BA870FC40->947ec526-030f-41cc-8af7-a6f75e712ab0: receive RaftClientReply:client-391BA870FC40->947ec526-030f-41cc-8af7-a6f75e712ab0@group-5D45C35602B2, cid=2276, SUCCESS, logIndex=3370, commits[947ec526-030f-41cc-8af7-a6f75e712ab0:c3370, c447b9b6-dde2-4ce7-aa81-d0e2eddc8fe9:c3366, 28b540ac-241d-462a-a56c-509e92928066:c3366]
2019-08-20 22:34:36,380 | INFO  | DNAudit | user=null | ip=null | op=WRITE_CHUNK {blockData=conID: 3 locID: 102651689456632379 bcsId: 0} | ret=SUCCESS |  
2019-08-20 22:34:36,381 | INFO  | DNAudit | user=null | ip=null | op=PUT_BLOCK {blockData=[blockId=conID: 3 locID: 102651689456632379 bcsId: 0,size=1048576]} | ret=SUCCESS |  
2019-08-20 22:34:36,381 [grpc-default-executor-5] INFO  client.GrpcClientProtocolClient (GrpcClientProtocolClient.java:onNext(255)) - client-391BA870FC40->947ec526-030f-41cc-8af7-a6f75e712ab0: receive RaftClientReply:client-391BA870FC40->947ec526-030f-41cc-8af7-a6f75e712ab0@group-5D45C35602B2, cid=2277, SUCCESS, logIndex=0, commits[947ec526-030f-41cc-8af7-a6f75e712ab0:c3372, c447b9b6-dde2-4ce7-aa81-d0e2eddc8fe9:c3368, 28b540ac-241d-462a-a56c-509e92928066:c3368]
2019-08-20 22:34:36,387 | INFO  | DNAudit | user=null | ip=null | op=WRITE_CHUNK {blockData=conID: 3 locID: 102651689456632379 bcsId: 3370} | ret=SUCCESS |  
2019-08-20 22:34:36,389 | INFO  | DNAudit | user=null | ip=null | op=WRITE_CHUNK {blockData=conID: 3 locID: 102651689456632379 bcsId: 3370} | ret=SUCCESS |  
2019-08-20 22:34:36,389 | INFO  | DNAudit | user=null | ip=null | op=WRITE_CHUNK {blockData=conID: 3 locID: 102651689456632379 bcsId: 3370} | ret=SUCCESS |  
2019-08-20 22:34:36,392 | INFO  | DNAudit | user=null | ip=null | op=WRITE_CHUNK {blockData=conID: 3 locID: 102651689456632379 bcsId: 0} | ret=SUCCESS |  
2019-08-20 22:34:36,392 | INFO  | DNAudit | user=null | ip=null | op=PUT_BLOCK {blockData=[blockId=conID: 3 locID: 102651689456632379 bcsId: 0,size=2097152]} | ret=SUCCESS |  
2019-08-20 22:34:36,393 | INFO  | DNAudit | user=null | ip=null | op=WRITE_CHUNK {blockData=conID: 3 locID: 102651689456632379 bcsId: 0} | ret=SUCCESS |  
2019-08-20 22:34:36,394 | INFO  | DNAudit | user=null | ip=null | op=PUT_BLOCK {blockData=[blockId=conID: 3 locID: 102651689456632379 bcsId: 0,size=2097152]} | ret=SUCCESS |  
2019-08-20 22:34:36,407 | INFO  | DNAudit | user=null | ip=null | op=WRITE_CHUNK {blockData=conID: 3 locID: 102651689456632379 bcsId: 3370} | ret=SUCCESS |  
2019-08-20 22:34:36,407 | INFO  | DNAudit | user=null | ip=null | op=PUT_BLOCK {blockData=[blockId=conID: 3 locID: 102651689456632379 bcsId: 0,size=3145728]} | ret=SUCCESS |  
2019-08-20 22:34:36,408 [grpc-default-executor-3] INFO  client.GrpcClientProtocolClient (GrpcClientProtocolClient.java:onNext(255)) - client-391BA870FC40->947ec526-030f-41cc-8af7-a6f75e712ab0: receive RaftClientReply:client-391BA870FC40->947ec526-030f-41cc-8af7-a6f75e712ab0@group-5D45C35602B2, cid=2278, SUCCESS, logIndex=3375, commits[947ec526-030f-41cc-8af7-a6f75e712ab0:c3376, c447b9b6-dde2-4ce7-aa81-d0e2eddc8fe9:c3372, 28b540ac-241d-462a-a56c-509e92928066:c3372]
2019-08-20 22:34:36,408 [grpc-default-executor-3] INFO  client.GrpcClientProtocolClient (GrpcClientProtocolClient.java:onNext(255)) - client-391BA870FC40->947ec526-030f-41cc-8af7-a6f75e712ab0: receive RaftClientReply:client-391BA870FC40->947ec526-030f-41cc-8af7-a6f75e712ab0@group-5D45C35602B2, cid=2279, SUCCESS, logIndex=3376, commits[947ec526-030f-41cc-8af7-a6f75e712ab0:c3376, c447b9b6-dde2-4ce7-aa81-d0e2eddc8fe9:c3372, 28b540ac-241d-462a-a56c-509e92928066:c3372]
2019-08-20 22:34:36,414 | INFO  | DNAudit | user=null | ip=null | op=WRITE_CHUNK {blockData=conID: 3 locID: 102651689456632379 bcsId: 3376} | ret=SUCCESS |  
2019-08-20 22:34:36,416 | INFO  | DNAudit | user=null | ip=null | op=WRITE_CHUNK {blockData=conID: 3 locID: 102651689456632379 bcsId: 3376} | ret=SUCCESS |  
2019-08-20 22:34:36,416 | INFO  | DNAudit | user=null | ip=null | op=WRITE_CHUNK {blockData=conID: 3 locID: 102651689456632379 bcsId: 3376} | ret=SUCCESS |  
2019-08-20 22:34:36,420 | INFO  | DNAudit | user=null | ip=null | op=WRITE_CHUNK {blockData=conID: 3 locID: 102651689456632379 bcsId: 3370} | ret=SUCCESS |  
2019-08-20 22:34:36,420 | INFO  | DNAudit | user=null | ip=null | op=WRITE_CHUNK {blockData=conID: 3 locID: 102651689456632379 bcsId: 3370} | ret=SUCCESS |  
2019-08-20 22:34:36,420 | INFO  | DNAudit | user=null | ip=null | op=PUT_BLOCK {blockData=[blockId=conID: 3 locID: 102651689456632379 bcsId: 0,size=3145728]} | ret=SUCCESS |  
2019-08-20 22:34:36,420 | INFO  | DNAudit | user=null | ip=null | op=PUT_BLOCK {blockData=[blockId=conID: 3 locID: 102651689456632379 bcsId: 0,size=3145728]} | ret=SUCCESS |  
2019-08-20 22:34:36,434 | INFO  | DNAudit | user=null | ip=null | op=WRITE_CHUNK {blockData=conID: 3 locID: 102651689456632379 bcsId: 3376} | ret=SUCCESS |  
2019-08-20 22:34:36,434 | INFO  | DNAudit | user=null | ip=null | op=PUT_BLOCK {blockData=[blockId=conID: 3 locID: 102651689456632379 bcsId: 0,size=4194304]} | ret=SUCCESS |  
2019-08-20 22:34:36,434 [grpc-default-executor-3] INFO  client.GrpcClientProtocolClient (GrpcClientProtocolClient.java:onNext(255)) - client-391BA870FC40->947ec526-030f-41cc-8af7-a6f75e712ab0: receive RaftClientReply:client-391BA870FC40->947ec526-030f-41cc-8af7-a6f75e712ab0@group-5D45C35602B2, cid=2280, SUCCESS, logIndex=3378, commits[947ec526-030f-41cc-8af7-a6f75e712ab0:c3379, c447b9b6-dde2-4ce7-aa81-d0e2eddc8fe9:c3376, 28b540ac-241d-462a-a56c-509e92928066:c3376]
2019-08-20 22:34:36,434 [grpc-default-executor-3] INFO  client.GrpcClientProtocolClient (GrpcClientProtocolClient.java:onNext(255)) - client-391BA870FC40->947ec526-030f-41cc-8af7-a6f75e712ab0: receive RaftClientReply:client-391BA870FC40->947ec526-030f-41cc-8af7-a6f75e712ab0@group-5D45C35602B2, cid=2281, SUCCESS, logIndex=3379, commits[947ec526-030f-41cc-8af7-a6f75e712ab0:c3379, c447b9b6-dde2-4ce7-aa81-d0e2eddc8fe9:c3376, 28b540ac-241d-462a-a56c-509e92928066:c3376]
2019-08-20 22:34:36,447 | INFO  | DNAudit | user=null | ip=null | op=WRITE_CHUNK {blockData=conID: 3 locID: 102651689456632379 bcsId: 3376} | ret=SUCCESS |  
2019-08-20 22:34:36,447 | INFO  | DNAudit | user=null | ip=null | op=WRITE_CHUNK {blockData=conID: 3 locID: 102651689456632379 bcsId: 3376} | ret=SUCCESS |  
2019-08-20 22:34:36,460 | INFO  | DNAudit | user=null | ip=null | op=PUT_BLOCK {blockData=[blockId=conID: 3 locID: 102651689456632379 bcsId: 0,size=4194304]} | ret=SUCCESS |  
2019-08-20 22:34:36,460 | INFO  | DNAudit | user=null | ip=null | op=PUT_BLOCK {blockData=[blockId=conID: 3 locID: 102651689456632379 bcsId: 0,size=4194304]} | ret=SUCCESS |  
2019-08-20 22:34:36,461 [grpc-default-executor-2] INFO  client.GrpcClientProtocolClient (GrpcClientProtocolClient.java:onNext(255)) - client-391BA870FC40->947ec526-030f-41cc-8af7-a6f75e712ab0: receive RaftClientReply:client-391BA870FC40->947ec526-030f-41cc-8af7-a6f75e712ab0@group-5D45C35602B2, cid=2282, SUCCESS, logIndex=0, commits[947ec526-030f-41cc-8af7-a6f75e712ab0:c3381, c447b9b6-dde2-4ce7-aa81-d0e2eddc8fe9:c3379, 28b540ac-241d-462a-a56c-509e92928066:c3379]
2019-08-20 22:34:36,464 | INFO  | SCMAudit | user=jenkins1000 | ip=192.168.5.142 | op=ALLOCATE_BLOCK {owner=6f694d07-2a2f-44d9-8e1c-aaa094a2f647, size=4194304, type=RATIS, factor=THREE} | ret=SUCCESS |  
2019-08-20 22:34:36,467 | INFO  | OMAudit | user=jenkins1000 | ip=127.0.0.1 | op=ALLOCATE_BLOCK {volume=vol-0-80747, bucket=bucket-0-27686, key=key-0-47435, dataSize=0, replicationType=null, replicationFactor=null, keyLocationInfo=null, clientID=102651687805452690} | ret=SUCCESS |  
2019-08-20 22:34:36,474 | INFO  | DNAudit | user=null | ip=null | op=WRITE_CHUNK {blockData=conID: 1 locID: 102651689465545276 bcsId: 0} | ret=SUCCESS |  
2019-08-20 22:34:36,476 | INFO  | DNAudit | user=null | ip=null | op=WRITE_CHUNK {blockData=conID: 1 locID: 102651689465545276 bcsId: 0} | ret=SUCCESS |  
2019-08-20 22:34:36,476 | INFO  | DNAudit | user=null | ip=null | op=WRITE_CHUNK {blockData=conID: 1 locID: 102651689465545276 bcsId: 0} | ret=SUCCESS |  
2019-08-20 22:34:36,478 | INFO  | DNAudit | user=null | ip=null | op=WRITE_CHUNK {blockData=conID: 1 locID: 102651689465545276 bcsId: 0} | ret=SUCCESS |  
2019-08-20 22:34:36,479 | INFO  | DNAudit | user=null | ip=null | op=WRITE_CHUNK {blockData=conID: 1 locID: 102651689465545276 bcsId: 0} | ret=SUCCESS |  
2019-08-20 22:34:36,480 | INFO  | DNAudit | user=null | ip=null | op=WRITE_CHUNK {blockData=conID: 1 locID: 102651689465545276 bcsId: 0} | ret=SUCCESS |  
2019-08-20 22:34:36,487 | INFO  | DNAudit | user=null | ip=null | op=WRITE_CHUNK {blockData=conID: 1 locID: 102651689465545276 bcsId: 0} | ret=SUCCESS |  
2019-08-20 22:34:36,487 | INFO  | DNAudit | user=null | ip=null | op=PUT_BLOCK {blockData=[blockId=conID: 1 locID: 102651689465545276 bcsId: 0,size=1048576]} | ret=SUCCESS |  
2019-08-20 22:34:36,487 [grpc-default-executor-5] INFO  client.GrpcClientProtocolClient (GrpcClientProtocolClient.java:onNext(255)) - client-391BA870FC40->947ec526-030f-41cc-8af7-a6f75e712ab0: receive RaftClientReply:client-391BA870FC40->947ec526-030f-41cc-8af7-a6f75e712ab0@group-5D45C35602B2, cid=2283, SUCCESS, logIndex=3382, commits[947ec526-030f-41cc-8af7-a6f75e712ab0:c3382, c447b9b6-dde2-4ce7-aa81-d0e2eddc8fe9:c3381, 28b540ac-241d-462a-a56c-509e92928066:c3381]
2019-08-20 22:34:36,488 [grpc-default-executor-5] INFO  client.GrpcClientProtocolClient (GrpcClientProtocolClient.java:onNext(255)) - client-391BA870FC40->947ec526-030f-41cc-8af7-a6f75e712ab0: receive RaftClientReply:client-391BA870FC40->947ec526-030f-41cc-8af7-a6f75e712ab0@group-5D45C35602B2, cid=2284, SUCCESS, logIndex=3383, commits[947ec526-030f-41cc-8af7-a6f75e712ab0:c3383, c447b9b6-dde2-4ce7-aa81-d0e2eddc8fe9:c3381, 28b540ac-241d-462a-a56c-509e92928066:c3381]
2019-08-20 22:34:36,496 | INFO  | DNAudit | user=null | ip=null | op=WRITE_CHUNK {blockData=conID: 1 locID: 102651689465545276 bcsId: 0} | ret=SUCCESS |  
2019-08-20 22:34:36,496 | INFO  | DNAudit | user=null | ip=null | op=PUT_BLOCK {blockData=[blockId=conID: 1 locID: 102651689465545276 bcsId: 0,size=2097152]} | ret=SUCCESS |  
2019-08-20 22:34:36,497 [grpc-default-executor-2] INFO  client.GrpcClientProtocolClient (GrpcClientProtocolClient.java:onNext(255)) - client-391BA870FC40->947ec526-030f-41cc-8af7-a6f75e712ab0: receive RaftClientReply:client-391BA870FC40->947ec526-030f-41cc-8af7-a6f75e712ab0@group-5D45C35602B2, cid=2285, SUCCESS, logIndex=3384, commits[947ec526-030f-41cc-8af7-a6f75e712ab0:c3384, c447b9b6-dde2-4ce7-aa81-d0e2eddc8fe9:c3381, 28b540ac-241d-462a-a56c-509e92928066:c3381]
2019-08-20 22:34:36,497 [grpc-default-executor-2] INFO  client.GrpcClientProtocolClient (GrpcClientProtocolClient.java:onNext(255)) - client-391BA870FC40->947ec526-030f-41cc-8af7-a6f75e712ab0: receive RaftClientReply:client-391BA870FC40->947ec526-030f-41cc-8af7-a6f75e712ab0@group-5D45C35602B2, cid=2286, SUCCESS, logIndex=3385, commits[947ec526-030f-41cc-8af7-a6f75e712ab0:c3385, c447b9b6-dde2-4ce7-aa81-d0e2eddc8fe9:c3381, 28b540ac-241d-462a-a56c-509e92928066:c3381]
2019-08-20 22:34:36,499 | INFO  | DNAudit | user=null | ip=null | op=WRITE_CHUNK {blockData=conID: 1 locID: 102651689465545276 bcsId: 0} | ret=SUCCESS |  
2019-08-20 22:34:36,499 | INFO  | DNAudit | user=null | ip=null | op=PUT_BLOCK {blockData=[blockId=conID: 1 locID: 102651689465545276 bcsId: 0,size=1048576]} | ret=SUCCESS |  
2019-08-20 22:34:36,499 | INFO  | DNAudit | user=null | ip=null | op=WRITE_CHUNK {blockData=conID: 1 locID: 102651689465545276 bcsId: 0} | ret=SUCCESS |  
2019-08-20 22:34:36,499 [grpc-default-executor-2] INFO  client.GrpcClientProtocolClient (GrpcClientProtocolClient.java:onNext(255)) - client-391BA870FC40->947ec526-030f-41cc-8af7-a6f75e712ab0: receive RaftClientReply:client-391BA870FC40->947ec526-030f-41cc-8af7-a6f75e712ab0@group-5D45C35602B2, cid=2287, SUCCESS, logIndex=0, commits[947ec526-030f-41cc-8af7-a6f75e712ab0:c3386, c447b9b6-dde2-4ce7-aa81-d0e2eddc8fe9:c3383, 28b540ac-241d-462a-a56c-509e92928066:c3383]
2019-08-20 22:34:36,499 | INFO  | DNAudit | user=null | ip=null | op=PUT_BLOCK {blockData=[blockId=conID: 1 locID: 102651689465545276 bcsId: 0,size=1048576]} | ret=SUCCESS |  
2019-08-20 22:34:36,502 | INFO  | DNAudit | user=null | ip=null | op=WRITE_CHUNK {blockData=conID: 1 locID: 102651689465545276 bcsId: 0} | ret=SUCCESS |  
2019-08-20 22:34:36,502 | INFO  | DNAudit | user=null | ip=null | op=WRITE_CHUNK {blockData=conID: 1 locID: 102651689465545276 bcsId: 0} | ret=SUCCESS |  
2019-08-20 22:34:36,502 | INFO  | DNAudit | user=null | ip=null | op=PUT_BLOCK {blockData=[blockId=conID: 1 locID: 102651689465545276 bcsId: 0,size=2097152]} | ret=SUCCESS |  
2019-08-20 22:34:36,502 | INFO  | DNAudit | user=null | ip=null | op=PUT_BLOCK {blockData=[blockId=conID: 1 locID: 102651689465545276 bcsId: 0,size=2097152]} | ret=SUCCESS |  
2019-08-20 22:34:36,506 | INFO  | DNAudit | user=null | ip=null | op=WRITE_CHUNK {blockData=conID: 1 locID: 102651689465545276 bcsId: 3385} | ret=SUCCESS |  
2019-08-20 22:34:36,507 | INFO  | DNAudit | user=null | ip=null | op=WRITE_CHUNK {blockData=conID: 1 locID: 102651689465545276 bcsId: 3385} | ret=SUCCESS |  
2019-08-20 22:34:36,507 | INFO  | DNAudit | user=null | ip=null | op=WRITE_CHUNK {blockData=conID: 1 locID: 102651689465545276 bcsId: 3385} | ret=SUCCESS |  
2019-08-20 22:34:36,518 | INFO  | DNAudit | user=null | ip=null | op=WRITE_CHUNK {blockData=conID: 1 locID: 102651689465545276 bcsId: 3385} | ret=SUCCESS |  
2019-08-20 22:34:36,519 | INFO  | DNAudit | user=null | ip=null | op=PUT_BLOCK {blockData=[blockId=conID: 1 locID: 102651689465545276 bcsId: 0,size=3145728]} | ret=SUCCESS |  
2019-08-20 22:34:36,519 [grpc-default-executor-5] INFO  client.GrpcClientProtocolClient (GrpcClientProtocolClient.java:onNext(255)) - client-391BA870FC40->947ec526-030f-41cc-8af7-a6f75e712ab0: receive RaftClientReply:client-391BA870FC40->947ec526-030f-41cc-8af7-a6f75e712ab0@group-5D45C35602B2, cid=2288, SUCCESS, logIndex=3390, commits[947ec526-030f-41cc-8af7-a6f75e712ab0:c3391, c447b9b6-dde2-4ce7-aa81-d0e2eddc8fe9:c3389, 28b540ac-241d-462a-a56c-509e92928066:c3389]
2019-08-20 22:34:36,519 [grpc-default-executor-5] INFO  client.GrpcClientProtocolClient (GrpcClientProtocolClient.java:onNext(255)) - client-391BA870FC40->947ec526-030f-41cc-8af7-a6f75e712ab0: receive RaftClientReply:client-391BA870FC40->947ec526-030f-41cc-8af7-a6f75e712ab0@group-5D45C35602B2, cid=2289, SUCCESS, logIndex=3391, commits[947ec526-030f-41cc-8af7-a6f75e712ab0:c3391, c447b9b6-dde2-4ce7-aa81-d0e2eddc8fe9:c3389, 28b540ac-241d-462a-a56c-509e92928066:c3389]
2019-08-20 22:34:36,525 | INFO  | DNAudit | user=null | ip=null | op=WRITE_CHUNK {blockData=conID: 1 locID: 102651689465545276 bcsId: 3391} | ret=SUCCESS |  
2019-08-20 22:34:36,527 | INFO  | DNAudit | user=null | ip=null | op=WRITE_CHUNK {blockData=conID: 1 locID: 102651689465545276 bcsId: 3391} | ret=SUCCESS |  
2019-08-20 22:34:36,527 | INFO  | DNAudit | user=null | ip=null | op=WRITE_CHUNK {blockData=conID: 1 locID: 102651689465545276 bcsId: 3391} | ret=SUCCESS |  
2019-08-20 22:34:36,530 | INFO  | DNAudit | user=null | ip=null | op=WRITE_CHUNK {blockData=conID: 1 locID: 102651689465545276 bcsId: 3385} | ret=SUCCESS |  
2019-08-20 22:34:36,530 | INFO  | DNAudit | user=null | ip=null | op=WRITE_CHUNK {blockData=conID: 1 locID: 102651689465545276 bcsId: 3385} | ret=SUCCESS |  
2019-08-20 22:34:36,530 | INFO  | DNAudit | user=null | ip=null | op=PUT_BLOCK {blockData=[blockId=conID: 1 locID: 102651689465545276 bcsId: 0,size=3145728]} | ret=SUCCESS |  
2019-08-20 22:34:36,530 | INFO  | DNAudit | user=null | ip=null | op=PUT_BLOCK {blockData=[blockId=conID: 1 locID: 102651689465545276 bcsId: 0,size=3145728]} | ret=SUCCESS |  
2019-08-20 22:34:36,532 | INFO  | DNAudit | user=null | ip=null | op=WRITE_CHUNK {blockData=conID: 1 locID: 102651689465545276 bcsId: 3391} | ret=SUCCESS |  
2019-08-20 22:34:36,532 | INFO  | DNAudit | user=null | ip=null | op=PUT_BLOCK {blockData=[blockId=conID: 1 locID: 102651689465545276 bcsId: 0,size=4194304]} | ret=SUCCESS |  
2019-08-20 22:34:36,532 [grpc-default-executor-5] INFO  client.GrpcClientProtocolClient (GrpcClientProtocolClient.java:onNext(255)) - client-391BA870FC40->947ec526-030f-41cc-8af7-a6f75e712ab0: receive RaftClientReply:client-391BA870FC40->947ec526-030f-41cc-8af7-a6f75e712ab0@group-5D45C35602B2, cid=2290, SUCCESS, logIndex=3394, commits[947ec526-030f-41cc-8af7-a6f75e712ab0:c3395, c447b9b6-dde2-4ce7-aa81-d0e2eddc8fe9:c3391, 28b540ac-241d-462a-a56c-509e92928066:c3391]
2019-08-20 22:34:36,533 [grpc-default-executor-5] INFO  client.GrpcClientProtocolClient (GrpcClientProtocolClient.java:onNext(255)) - client-391BA870FC40->947ec526-030f-41cc-8af7-a6f75e712ab0: receive RaftClientReply:client-391BA870FC40->947ec526-030f-41cc-8af7-a6f75e712ab0@group-5D45C35602B2, cid=2291, SUCCESS, logIndex=3395, commits[947ec526-030f-41cc-8af7-a6f75e712ab0:c3395, c447b9b6-dde2-4ce7-aa81-d0e2eddc8fe9:c3391, 28b540ac-241d-462a-a56c-509e92928066:c3391]
2019-08-20 22:34:36,534 | INFO  | DNAudit | user=null | ip=null | op=WRITE_CHUNK {blockData=conID: 1 locID: 102651689465545276 bcsId: 3391} | ret=SUCCESS |  
2019-08-20 22:34:36,536 | INFO  | DNAudit | user=null | ip=null | op=WRITE_CHUNK {blockData=conID: 1 locID: 102651689465545276 bcsId: 3391} | ret=SUCCESS |  
2019-08-20 22:34:36,537 | INFO  | DNAudit | user=null | ip=null | op=PUT_BLOCK {blockData=[blockId=conID: 1 locID: 102651689465545276 bcsId: 0,size=4194304]} | ret=SUCCESS |  
2019-08-20 22:34:36,538 | INFO  | DNAudit | user=null | ip=null | op=PUT_BLOCK {blockData=[blockId=conID: 1 locID: 102651689465545276 bcsId: 0,size=4194304]} | ret=SUCCESS |  
2019-08-20 22:34:36,538 [grpc-default-executor-5] INFO  client.GrpcClientProtocolClient (GrpcClientProtocolClient.java:onNext(255)) - client-391BA870FC40->947ec526-030f-41cc-8af7-a6f75e712ab0: receive RaftClientReply:client-391BA870FC40->947ec526-030f-41cc-8af7-a6f75e712ab0@group-5D45C35602B2, cid=2292, SUCCESS, logIndex=0, commits[947ec526-030f-41cc-8af7-a6f75e712ab0:c3397, c447b9b6-dde2-4ce7-aa81-d0e2eddc8fe9:c3395, 28b540ac-241d-462a-a56c-509e92928066:c3395]
2019-08-20 22:34:36,543 | INFO  | SCMAudit | user=jenkins1000 | ip=192.168.5.142 | op=ALLOCATE_BLOCK {owner=6f694d07-2a2f-44d9-8e1c-aaa094a2f647, size=4194304, type=RATIS, factor=THREE} | ret=SUCCESS |  
2019-08-20 22:34:36,546 | INFO  | OMAudit | user=jenkins1000 | ip=127.0.0.1 | op=ALLOCATE_BLOCK {volume=vol-0-80747, bucket=bucket-0-27686, key=key-0-47435, dataSize=0, replicationType=null, replicationFactor=null, keyLocationInfo=null, clientID=102651687805452690} | ret=SUCCESS |  
2019-08-20 22:34:36,552 | INFO  | DNAudit | user=null | ip=null | op=WRITE_CHUNK {blockData=conID: 2 locID: 102651689470722621 bcsId: 0} | ret=SUCCESS |  
2019-08-20 22:34:36,554 | INFO  | DNAudit | user=null | ip=null | op=WRITE_CHUNK {blockData=conID: 2 locID: 102651689470722621 bcsId: 0} | ret=SUCCESS |  
2019-08-20 22:34:36,554 | INFO  | DNAudit | user=null | ip=null | op=WRITE_CHUNK {blockData=conID: 2 locID: 102651689470722621 bcsId: 0} | ret=SUCCESS |  
2019-08-20 22:34:36,555 | INFO  | DNAudit | user=null | ip=null | op=WRITE_CHUNK {blockData=conID: 2 locID: 102651689470722621 bcsId: 0} | ret=SUCCESS |  
2019-08-20 22:34:36,557 | INFO  | DNAudit | user=null | ip=null | op=WRITE_CHUNK {blockData=conID: 2 locID: 102651689470722621 bcsId: 0} | ret=SUCCESS |  
2019-08-20 22:34:36,557 | INFO  | DNAudit | user=null | ip=null | op=WRITE_CHUNK {blockData=conID: 2 locID: 102651689470722621 bcsId: 0} | ret=SUCCESS |  
2019-08-20 22:34:36,563 | INFO  | DNAudit | user=null | ip=null | op=WRITE_CHUNK {blockData=conID: 2 locID: 102651689470722621 bcsId: 0} | ret=SUCCESS |  
2019-08-20 22:34:36,564 | INFO  | DNAudit | user=null | ip=null | op=PUT_BLOCK {blockData=[blockId=conID: 2 locID: 102651689470722621 bcsId: 0,size=1048576]} | ret=SUCCESS |  
2019-08-20 22:34:36,564 [grpc-default-executor-3] INFO  client.GrpcClientProtocolClient (GrpcClientProtocolClient.java:onNext(255)) - client-391BA870FC40->947ec526-030f-41cc-8af7-a6f75e712ab0: receive RaftClientReply:client-391BA870FC40->947ec526-030f-41cc-8af7-a6f75e712ab0@group-5D45C35602B2, cid=2293, SUCCESS, logIndex=3398, commits[947ec526-030f-41cc-8af7-a6f75e712ab0:c3399, c447b9b6-dde2-4ce7-aa81-d0e2eddc8fe9:c3397, 28b540ac-241d-462a-a56c-509e92928066:c3397]
2019-08-20 22:34:36,564 [grpc-default-executor-3] INFO  client.GrpcClientProtocolClient (GrpcClientProtocolClient.java:onNext(255)) - client-391BA870FC40->947ec526-030f-41cc-8af7-a6f75e712ab0: receive RaftClientReply:client-391BA870FC40->947ec526-030f-41cc-8af7-a6f75e712ab0@group-5D45C35602B2, cid=2294, SUCCESS, logIndex=3399, commits[947ec526-030f-41cc-8af7-a6f75e712ab0:c3399, c447b9b6-dde2-4ce7-aa81-d0e2eddc8fe9:c3397, 28b540ac-241d-462a-a56c-509e92928066:c3397]
2019-08-20 22:34:36,565 | INFO  | DNAudit | user=null | ip=null | op=WRITE_CHUNK {blockData=conID: 2 locID: 102651689470722621 bcsId: 0} | ret=SUCCESS |  
2019-08-20 22:34:36,566 | INFO  | DNAudit | user=null | ip=null | op=PUT_BLOCK {blockData=[blockId=conID: 2 locID: 102651689470722621 bcsId: 0,size=2097152]} | ret=SUCCESS |  
2019-08-20 22:34:36,566 [grpc-default-executor-2] INFO  client.GrpcClientProtocolClient (GrpcClientProtocolClient.java:onNext(255)) - client-391BA870FC40->947ec526-030f-41cc-8af7-a6f75e712ab0: receive RaftClientReply:client-391BA870FC40->947ec526-030f-41cc-8af7-a6f75e712ab0@group-5D45C35602B2, cid=2295, SUCCESS, logIndex=3400, commits[947ec526-030f-41cc-8af7-a6f75e712ab0:c3401, c447b9b6-dde2-4ce7-aa81-d0e2eddc8fe9:c3397, 28b540ac-241d-462a-a56c-509e92928066:c3397]
2019-08-20 22:34:36,566 [grpc-default-executor-2] INFO  client.GrpcClientProtocolClient (GrpcClientProtocolClient.java:onNext(255)) - client-391BA870FC40->947ec526-030f-41cc-8af7-a6f75e712ab0: receive RaftClientReply:client-391BA870FC40->947ec526-030f-41cc-8af7-a6f75e712ab0@group-5D45C35602B2, cid=2296, SUCCESS, logIndex=3401, commits[947ec526-030f-41cc-8af7-a6f75e712ab0:c3401, c447b9b6-dde2-4ce7-aa81-d0e2eddc8fe9:c3397, 28b540ac-241d-462a-a56c-509e92928066:c3397]
2019-08-20 22:34:36,577 | INFO  | DNAudit | user=null | ip=null | op=WRITE_CHUNK {blockData=conID: 2 locID: 102651689470722621 bcsId: 0} | ret=SUCCESS |  
2019-08-20 22:34:36,577 | INFO  | DNAudit | user=null | ip=null | op=WRITE_CHUNK {blockData=conID: 2 locID: 102651689470722621 bcsId: 0} | ret=SUCCESS |  
2019-08-20 22:34:36,577 | INFO  | DNAudit | user=null | ip=null | op=PUT_BLOCK {blockData=[blockId=conID: 2 locID: 102651689470722621 bcsId: 0,size=1048576]} | ret=SUCCESS |  
2019-08-20 22:34:36,577 [grpc-default-executor-3] INFO  client.GrpcClientProtocolClient (GrpcClientProtocolClient.java:onNext(255)) - client-391BA870FC40->947ec526-030f-41cc-8af7-a6f75e712ab0: receive RaftClientReply:client-391BA870FC40->947ec526-030f-41cc-8af7-a6f75e712ab0@group-5D45C35602B2, cid=2297, SUCCESS, logIndex=0, commits[947ec526-030f-41cc-8af7-a6f75e712ab0:c3402, c447b9b6-dde2-4ce7-aa81-d0e2eddc8fe9:c3399, 28b540ac-241d-462a-a56c-509e92928066:c3399]
2019-08-20 22:34:36,577 | INFO  | DNAudit | user=null | ip=null | op=PUT_BLOCK {blockData=[blockId=conID: 2 locID: 102651689470722621 bcsId: 0,size=1048576]} | ret=SUCCESS |  
2019-08-20 22:34:36,580 | INFO  | DNAudit | user=null | ip=null | op=WRITE_CHUNK {blockData=conID: 2 locID: 102651689470722621 bcsId: 0} | ret=SUCCESS |  
2019-08-20 22:34:36,580 | INFO  | DNAudit | user=null | ip=null | op=WRITE_CHUNK {blockData=conID: 2 locID: 102651689470722621 bcsId: 0} | ret=SUCCESS |  
2019-08-20 22:34:36,580 | INFO  | DNAudit | user=null | ip=null | op=PUT_BLOCK {blockData=[blockId=conID: 2 locID: 102651689470722621 bcsId: 0,size=2097152]} | ret=SUCCESS |  
2019-08-20 22:34:36,580 | INFO  | DNAudit | user=null | ip=null | op=PUT_BLOCK {blockData=[blockId=conID: 2 locID: 102651689470722621 bcsId: 0,size=2097152]} | ret=SUCCESS |  
2019-08-20 22:34:36,582 | INFO  | DNAudit | user=null | ip=null | op=WRITE_CHUNK {blockData=conID: 2 locID: 102651689470722621 bcsId: 3401} | ret=SUCCESS |  
2019-08-20 22:34:36,585 | INFO  | DNAudit | user=null | ip=null | op=WRITE_CHUNK {blockData=conID: 2 locID: 102651689470722621 bcsId: 3401} | ret=SUCCESS |  
2019-08-20 22:34:36,585 | INFO  | DNAudit | user=null | ip=null | op=WRITE_CHUNK {blockData=conID: 2 locID: 102651689470722621 bcsId: 3401} | ret=SUCCESS |  
2019-08-20 22:34:36,610 | INFO  | DNAudit | user=null | ip=null | op=WRITE_CHUNK {blockData=conID: 2 locID: 102651689470722621 bcsId: 3401} | ret=SUCCESS |  
2019-08-20 22:34:36,610 | INFO  | DNAudit | user=null | ip=null | op=PUT_BLOCK {blockData=[blockId=conID: 2 locID: 102651689470722621 bcsId: 0,size=3145728]} | ret=SUCCESS |  
2019-08-20 22:34:36,611 [grpc-default-executor-5] INFO  client.GrpcClientProtocolClient (GrpcClientProtocolClient.java:onNext(255)) - client-391BA870FC40->947ec526-030f-41cc-8af7-a6f75e712ab0: receive RaftClientReply:client-391BA870FC40->947ec526-030f-41cc-8af7-a6f75e712ab0@group-5D45C35602B2, cid=2298, SUCCESS, logIndex=3406, commits[947ec526-030f-41cc-8af7-a6f75e712ab0:c3407, c447b9b6-dde2-4ce7-aa81-d0e2eddc8fe9:c3405, 28b540ac-241d-462a-a56c-509e92928066:c3405]
2019-08-20 22:34:36,611 [grpc-default-executor-5] INFO  client.GrpcClientProtocolClient (GrpcClientProtocolClient.java:onNext(255)) - client-391BA870FC40->947ec526-030f-41cc-8af7-a6f75e712ab0: receive RaftClientReply:client-391BA870FC40->947ec526-030f-41cc-8af7-a6f75e712ab0@group-5D45C35602B2, cid=2299, SUCCESS, logIndex=3407, commits[947ec526-030f-41cc-8af7-a6f75e712ab0:c3407, c447b9b6-dde2-4ce7-aa81-d0e2eddc8fe9:c3405, 28b540ac-241d-462a-a56c-509e92928066:c3405]
2019-08-20 22:34:36,618 | INFO  | DNAudit | user=null | ip=null | op=WRITE_CHUNK {blockData=conID: 2 locID: 102651689470722621 bcsId: 3407} | ret=SUCCESS |  
2019-08-20 22:34:36,621 | INFO  | DNAudit | user=null | ip=null | op=WRITE_CHUNK {blockData=conID: 2 locID: 102651689470722621 bcsId: 3407} | ret=SUCCESS |  
2019-08-20 22:34:36,621 | INFO  | DNAudit | user=null | ip=null | op=WRITE_CHUNK {blockData=conID: 2 locID: 102651689470722621 bcsId: 3407} | ret=SUCCESS |  
2019-08-20 22:34:36,623 | INFO  | DNAudit | user=null | ip=null | op=WRITE_CHUNK {blockData=conID: 2 locID: 102651689470722621 bcsId: 3401} | ret=SUCCESS |  
2019-08-20 22:34:36,623 | INFO  | DNAudit | user=null | ip=null | op=WRITE_CHUNK {blockData=conID: 2 locID: 102651689470722621 bcsId: 3401} | ret=SUCCESS |  
2019-08-20 22:34:36,623 | INFO  | DNAudit | user=null | ip=null | op=PUT_BLOCK {blockData=[blockId=conID: 2 locID: 102651689470722621 bcsId: 0,size=3145728]} | ret=SUCCESS |  
2019-08-20 22:34:36,623 | INFO  | DNAudit | user=null | ip=null | op=PUT_BLOCK {blockData=[blockId=conID: 2 locID: 102651689470722621 bcsId: 0,size=3145728]} | ret=SUCCESS |  
2019-08-20 22:34:36,636 | INFO  | DNAudit | user=null | ip=null | op=WRITE_CHUNK {blockData=conID: 2 locID: 102651689470722621 bcsId: 3407} | ret=SUCCESS |  
2019-08-20 22:34:36,637 | INFO  | DNAudit | user=null | ip=null | op=PUT_BLOCK {blockData=[blockId=conID: 2 locID: 102651689470722621 bcsId: 0,size=4194304]} | ret=SUCCESS |  
2019-08-20 22:34:36,637 [grpc-default-executor-2] INFO  client.GrpcClientProtocolClient (GrpcClientProtocolClient.java:onNext(255)) - client-391BA870FC40->947ec526-030f-41cc-8af7-a6f75e712ab0: receive RaftClientReply:client-391BA870FC40->947ec526-030f-41cc-8af7-a6f75e712ab0@group-5D45C35602B2, cid=2300, SUCCESS, logIndex=3410, commits[947ec526-030f-41cc-8af7-a6f75e712ab0:c3410, c447b9b6-dde2-4ce7-aa81-d0e2eddc8fe9:c3407, 28b540ac-241d-462a-a56c-509e92928066:c3407]
2019-08-20 22:34:36,637 [grpc-default-executor-2] INFO  client.GrpcClientProtocolClient (GrpcClientProtocolClient.java:onNext(255)) - client-391BA870FC40->947ec526-030f-41cc-8af7-a6f75e712ab0: receive RaftClientReply:client-391BA870FC40->947ec526-030f-41cc-8af7-a6f75e712ab0@group-5D45C35602B2, cid=2301, SUCCESS, logIndex=3411, commits[947ec526-030f-41cc-8af7-a6f75e712ab0:c3411, c447b9b6-dde2-4ce7-aa81-d0e2eddc8fe9:c3407, 28b540ac-241d-462a-a56c-509e92928066:c3407]
2019-08-20 22:34:36,657 | INFO  | DNAudit | user=null | ip=null | op=WRITE_CHUNK {blockData=conID: 2 locID: 102651689470722621 bcsId: 3407} | ret=SUCCESS |  
2019-08-20 22:34:36,658 | INFO  | DNAudit | user=null | ip=null | op=WRITE_CHUNK {blockData=conID: 2 locID: 102651689470722621 bcsId: 3407} | ret=SUCCESS |  
2019-08-20 22:34:36,660 | INFO  | DNAudit | user=null | ip=null | op=PUT_BLOCK {blockData=[blockId=conID: 2 locID: 102651689470722621 bcsId: 0,size=4194304]} | ret=SUCCESS |  
2019-08-20 22:34:36,660 | INFO  | DNAudit | user=null | ip=null | op=PUT_BLOCK {blockData=[blockId=conID: 2 locID: 102651689470722621 bcsId: 0,size=4194304]} | ret=SUCCESS |  
2019-08-20 22:34:36,661 [grpc-default-executor-3] INFO  client.GrpcClientProtocolClient (GrpcClientProtocolClient.java:onNext(255)) - client-391BA870FC40->947ec526-030f-41cc-8af7-a6f75e712ab0: receive RaftClientReply:client-391BA870FC40->947ec526-030f-41cc-8af7-a6f75e712ab0@group-5D45C35602B2, cid=2302, SUCCESS, logIndex=0, commits[947ec526-030f-41cc-8af7-a6f75e712ab0:c3413, c447b9b6-dde2-4ce7-aa81-d0e2eddc8fe9:c3411, 28b540ac-241d-462a-a56c-509e92928066:c3411]
2019-08-20 22:34:36,666 | INFO  | SCMAudit | user=jenkins1000 | ip=192.168.5.142 | op=ALLOCATE_BLOCK {owner=6f694d07-2a2f-44d9-8e1c-aaa094a2f647, size=4194304, type=RATIS, factor=THREE} | ret=SUCCESS |  
2019-08-20 22:34:36,670 | INFO  | OMAudit | user=jenkins1000 | ip=127.0.0.1 | op=ALLOCATE_BLOCK {volume=vol-0-80747, bucket=bucket-0-27686, key=key-0-47435, dataSize=0, replicationType=null, replicationFactor=null, keyLocationInfo=null, clientID=102651687805452690} | ret=SUCCESS |  
2019-08-20 22:34:36,677 | INFO  | DNAudit | user=null | ip=null | op=WRITE_CHUNK {blockData=conID: 3 locID: 102651689478783550 bcsId: 0} | ret=SUCCESS |  
2019-08-20 22:34:36,680 | INFO  | DNAudit | user=null | ip=null | op=WRITE_CHUNK {blockData=conID: 3 locID: 102651689478783550 bcsId: 0} | ret=SUCCESS |  
2019-08-20 22:34:36,680 | INFO  | DNAudit | user=null | ip=null | op=WRITE_CHUNK {blockData=conID: 3 locID: 102651689478783550 bcsId: 0} | ret=SUCCESS |  
2019-08-20 22:34:36,680 | INFO  | DNAudit | user=null | ip=null | op=WRITE_CHUNK {blockData=conID: 3 locID: 102651689478783550 bcsId: 0} | ret=SUCCESS |  
2019-08-20 22:34:36,681 | INFO  | DNAudit | user=null | ip=null | op=WRITE_CHUNK {blockData=conID: 3 locID: 102651689478783550 bcsId: 0} | ret=SUCCESS |  
2019-08-20 22:34:36,682 | INFO  | DNAudit | user=null | ip=null | op=WRITE_CHUNK {blockData=conID: 3 locID: 102651689478783550 bcsId: 0} | ret=SUCCESS |  
2019-08-20 22:34:36,689 | INFO  | DNAudit | user=null | ip=null | op=WRITE_CHUNK {blockData=conID: 3 locID: 102651689478783550 bcsId: 0} | ret=SUCCESS |  
2019-08-20 22:34:36,690 | INFO  | DNAudit | user=null | ip=null | op=PUT_BLOCK {blockData=[blockId=conID: 3 locID: 102651689478783550 bcsId: 0,size=1048576]} | ret=SUCCESS |  
2019-08-20 22:34:36,690 [grpc-default-executor-2] INFO  client.GrpcClientProtocolClient (GrpcClientProtocolClient.java:onNext(255)) - client-391BA870FC40->947ec526-030f-41cc-8af7-a6f75e712ab0: receive RaftClientReply:client-391BA870FC40->947ec526-030f-41cc-8af7-a6f75e712ab0@group-5D45C35602B2, cid=2303, SUCCESS, logIndex=3414, commits[947ec526-030f-41cc-8af7-a6f75e712ab0:c3415, c447b9b6-dde2-4ce7-aa81-d0e2eddc8fe9:c3413, 28b540ac-241d-462a-a56c-509e92928066:c3413]
2019-08-20 22:34:36,690 | INFO  | DNAudit | user=null | ip=null | op=WRITE_CHUNK {blockData=conID: 3 locID: 102651689478783550 bcsId: 0} | ret=SUCCESS |  
2019-08-20 22:34:36,690 [grpc-default-executor-2] INFO  client.GrpcClientProtocolClient (GrpcClientProtocolClient.java:onNext(255)) - client-391BA870FC40->947ec526-030f-41cc-8af7-a6f75e712ab0: receive RaftClientReply:client-391BA870FC40->947ec526-030f-41cc-8af7-a6f75e712ab0@group-5D45C35602B2, cid=2304, SUCCESS, logIndex=3415, commits[947ec526-030f-41cc-8af7-a6f75e712ab0:c3417, c447b9b6-dde2-4ce7-aa81-d0e2eddc8fe9:c3413, 28b540ac-241d-462a-a56c-509e92928066:c3413]
2019-08-20 22:34:36,691 | INFO  | DNAudit | user=null | ip=null | op=PUT_BLOCK {blockData=[blockId=conID: 3 locID: 102651689478783550 bcsId: 0,size=2097152]} | ret=SUCCESS |  
2019-08-20 22:34:36,691 [grpc-default-executor-2] INFO  client.GrpcClientProtocolClient (GrpcClientProtocolClient.java:onNext(255)) - client-391BA870FC40->947ec526-030f-41cc-8af7-a6f75e712ab0: receive RaftClientReply:client-391BA870FC40->947ec526-030f-41cc-8af7-a6f75e712ab0@group-5D45C35602B2, cid=2305, SUCCESS, logIndex=3416, commits[947ec526-030f-41cc-8af7-a6f75e712ab0:c3417, c447b9b6-dde2-4ce7-aa81-d0e2eddc8fe9:c3413, 28b540ac-241d-462a-a56c-509e92928066:c3413]
2019-08-20 22:34:36,691 [grpc-default-executor-2] INFO  client.GrpcClientProtocolClient (GrpcClientProtocolClient.java:onNext(255)) - client-391BA870FC40->947ec526-030f-41cc-8af7-a6f75e712ab0: receive RaftClientReply:client-391BA870FC40->947ec526-030f-41cc-8af7-a6f75e712ab0@group-5D45C35602B2, cid=2306, SUCCESS, logIndex=3417, commits[947ec526-030f-41cc-8af7-a6f75e712ab0:c3417, c447b9b6-dde2-4ce7-aa81-d0e2eddc8fe9:c3413, 28b540ac-241d-462a-a56c-509e92928066:c3413]
2019-08-20 22:34:36,703 | INFO  | DNAudit | user=null | ip=null | op=WRITE_CHUNK {blockData=conID: 3 locID: 102651689478783550 bcsId: 0} | ret=SUCCESS |  
2019-08-20 22:34:36,703 | INFO  | DNAudit | user=null | ip=null | op=WRITE_CHUNK {blockData=conID: 3 locID: 102651689478783550 bcsId: 0} | ret=SUCCESS |  
2019-08-20 22:34:36,703 | INFO  | DNAudit | user=null | ip=null | op=PUT_BLOCK {blockData=[blockId=conID: 3 locID: 102651689478783550 bcsId: 0,size=1048576]} | ret=SUCCESS |  
2019-08-20 22:34:36,704 | INFO  | DNAudit | user=null | ip=null | op=WRITE_CHUNK {blockData=conID: 3 locID: 102651689478783550 bcsId: 0} | ret=SUCCESS |  
2019-08-20 22:34:36,704 | INFO  | DNAudit | user=null | ip=null | op=PUT_BLOCK {blockData=[blockId=conID: 3 locID: 102651689478783550 bcsId: 0,size=2097152]} | ret=SUCCESS |  
2019-08-20 22:34:36,706 | INFO  | DNAudit | user=null | ip=null | op=PUT_BLOCK {blockData=[blockId=conID: 3 locID: 102651689478783550 bcsId: 0,size=1048576]} | ret=SUCCESS |  
2019-08-20 22:34:36,706 | INFO  | DNAudit | user=null | ip=null | op=WRITE_CHUNK {blockData=conID: 3 locID: 102651689478783550 bcsId: 0} | ret=SUCCESS |  
2019-08-20 22:34:36,706 | INFO  | DNAudit | user=null | ip=null | op=PUT_BLOCK {blockData=[blockId=conID: 3 locID: 102651689478783550 bcsId: 0,size=2097152]} | ret=SUCCESS |  
2019-08-20 22:34:36,706 [grpc-default-executor-2] INFO  client.GrpcClientProtocolClient (GrpcClientProtocolClient.java:onNext(255)) - client-391BA870FC40->947ec526-030f-41cc-8af7-a6f75e712ab0: receive RaftClientReply:client-391BA870FC40->947ec526-030f-41cc-8af7-a6f75e712ab0@group-5D45C35602B2, cid=2307, SUCCESS, logIndex=0, commits[947ec526-030f-41cc-8af7-a6f75e712ab0:c3421, c447b9b6-dde2-4ce7-aa81-d0e2eddc8fe9:c3417, 28b540ac-241d-462a-a56c-509e92928066:c3415]
2019-08-20 22:34:36,712 | INFO  | DNAudit | user=null | ip=null | op=WRITE_CHUNK {blockData=conID: 3 locID: 102651689478783550 bcsId: 3417} | ret=SUCCESS |  
2019-08-20 22:34:36,715 | INFO  | DNAudit | user=null | ip=null | op=WRITE_CHUNK {blockData=conID: 3 locID: 102651689478783550 bcsId: 3417} | ret=SUCCESS |  
2019-08-20 22:34:36,715 | INFO  | DNAudit | user=null | ip=null | op=WRITE_CHUNK {blockData=conID: 3 locID: 102651689478783550 bcsId: 3417} | ret=SUCCESS |  
2019-08-20 22:34:36,726 | INFO  | DNAudit | user=null | ip=null | op=WRITE_CHUNK {blockData=conID: 3 locID: 102651689478783550 bcsId: 3417} | ret=SUCCESS |  
2019-08-20 22:34:36,726 | INFO  | DNAudit | user=null | ip=null | op=PUT_BLOCK {blockData=[blockId=conID: 3 locID: 102651689478783550 bcsId: 0,size=3145728]} | ret=SUCCESS |  
2019-08-20 22:34:36,726 [grpc-default-executor-3] INFO  client.GrpcClientProtocolClient (GrpcClientProtocolClient.java:onNext(255)) - client-391BA870FC40->947ec526-030f-41cc-8af7-a6f75e712ab0: receive RaftClientReply:client-391BA870FC40->947ec526-030f-41cc-8af7-a6f75e712ab0@group-5D45C35602B2, cid=2308, SUCCESS, logIndex=3422, commits[947ec526-030f-41cc-8af7-a6f75e712ab0:c3423, c447b9b6-dde2-4ce7-aa81-d0e2eddc8fe9:c3421, 28b540ac-241d-462a-a56c-509e92928066:c3421]
2019-08-20 22:34:36,727 [grpc-default-executor-3] INFO  client.GrpcClientProtocolClient (GrpcClientProtocolClient.java:onNext(255)) - client-391BA870FC40->947ec526-030f-41cc-8af7-a6f75e712ab0: receive RaftClientReply:client-391BA870FC40->947ec526-030f-41cc-8af7-a6f75e712ab0@group-5D45C35602B2, cid=2309, SUCCESS, logIndex=3423, commits[947ec526-030f-41cc-8af7-a6f75e712ab0:c3423, c447b9b6-dde2-4ce7-aa81-d0e2eddc8fe9:c3421, 28b540ac-241d-462a-a56c-509e92928066:c3421]
2019-08-20 22:34:36,732 | INFO  | DNAudit | user=null | ip=null | op=WRITE_CHUNK {blockData=conID: 3 locID: 102651689478783550 bcsId: 3423} | ret=SUCCESS |  
2019-08-20 22:34:36,734 | INFO  | DNAudit | user=null | ip=null | op=WRITE_CHUNK {blockData=conID: 3 locID: 102651689478783550 bcsId: 3423} | ret=SUCCESS |  
2019-08-20 22:34:36,735 | INFO  | DNAudit | user=null | ip=null | op=WRITE_CHUNK {blockData=conID: 3 locID: 102651689478783550 bcsId: 3423} | ret=SUCCESS |  
2019-08-20 22:34:36,739 | INFO  | DNAudit | user=null | ip=null | op=WRITE_CHUNK {blockData=conID: 3 locID: 102651689478783550 bcsId: 3417} | ret=SUCCESS |  
2019-08-20 22:34:36,739 | INFO  | DNAudit | user=null | ip=null | op=WRITE_CHUNK {blockData=conID: 3 locID: 102651689478783550 bcsId: 3417} | ret=SUCCESS |  
2019-08-20 22:34:36,752 | INFO  | DNAudit | user=null | ip=null | op=PUT_BLOCK {blockData=[blockId=conID: 3 locID: 102651689478783550 bcsId: 0,size=3145728]} | ret=SUCCESS |  
2019-08-20 22:34:36,752 | INFO  | DNAudit | user=null | ip=null | op=PUT_BLOCK {blockData=[blockId=conID: 3 locID: 102651689478783550 bcsId: 0,size=3145728]} | ret=SUCCESS |  
2019-08-20 22:34:36,752 | INFO  | DNAudit | user=null | ip=null | op=WRITE_CHUNK {blockData=conID: 3 locID: 102651689478783550 bcsId: 3423} | ret=SUCCESS |  
2019-08-20 22:34:36,753 | INFO  | DNAudit | user=null | ip=null | op=PUT_BLOCK {blockData=[blockId=conID: 3 locID: 102651689478783550 bcsId: 0,size=4194304]} | ret=SUCCESS |  
2019-08-20 22:34:36,753 [grpc-default-executor-5] INFO  client.GrpcClientProtocolClient (GrpcClientProtocolClient.java:onNext(255)) - client-391BA870FC40->947ec526-030f-41cc-8af7-a6f75e712ab0: receive RaftClientReply:client-391BA870FC40->947ec526-030f-41cc-8af7-a6f75e712ab0@group-5D45C35602B2, cid=2310, SUCCESS, logIndex=3426, commits[947ec526-030f-41cc-8af7-a6f75e712ab0:c3426, c447b9b6-dde2-4ce7-aa81-d0e2eddc8fe9:c3423, 28b540ac-241d-462a-a56c-509e92928066:c3423]
2019-08-20 22:34:36,753 [grpc-default-executor-5] INFO  client.GrpcClientProtocolClient (GrpcClientProtocolClient.java:onNext(255)) - client-391BA870FC40->947ec526-030f-41cc-8af7-a6f75e712ab0: receive RaftClientReply:client-391BA870FC40->947ec526-030f-41cc-8af7-a6f75e712ab0@group-5D45C35602B2, cid=2311, SUCCESS, logIndex=3427, commits[947ec526-030f-41cc-8af7-a6f75e712ab0:c3427, c447b9b6-dde2-4ce7-aa81-d0e2eddc8fe9:c3423, 28b540ac-241d-462a-a56c-509e92928066:c3423]
2019-08-20 22:34:36,765 | INFO  | DNAudit | user=null | ip=null | op=WRITE_CHUNK {blockData=conID: 3 locID: 102651689478783550 bcsId: 3423} | ret=SUCCESS |  
2019-08-20 22:34:36,765 | INFO  | DNAudit | user=null | ip=null | op=WRITE_CHUNK {blockData=conID: 3 locID: 102651689478783550 bcsId: 3423} | ret=SUCCESS |  
2019-08-20 22:34:36,779 | INFO  | DNAudit | user=null | ip=null | op=PUT_BLOCK {blockData=[blockId=conID: 3 locID: 102651689478783550 bcsId: 0,size=4194304]} | ret=SUCCESS |  
2019-08-20 22:34:36,779 | INFO  | DNAudit | user=null | ip=null | op=PUT_BLOCK {blockData=[blockId=conID: 3 locID: 102651689478783550 bcsId: 0,size=4194304]} | ret=SUCCESS |  
2019-08-20 22:34:36,779 [grpc-default-executor-5] INFO  client.GrpcClientProtocolClient (GrpcClientProtocolClient.java:onNext(255)) - client-391BA870FC40->947ec526-030f-41cc-8af7-a6f75e712ab0: receive RaftClientReply:client-391BA870FC40->947ec526-030f-41cc-8af7-a6f75e712ab0@group-5D45C35602B2, cid=2312, SUCCESS, logIndex=0, commits[947ec526-030f-41cc-8af7-a6f75e712ab0:c3429, c447b9b6-dde2-4ce7-aa81-d0e2eddc8fe9:c3427, 28b540ac-241d-462a-a56c-509e92928066:c3427]
2019-08-20 22:34:36,784 | INFO  | SCMAudit | user=jenkins1000 | ip=192.168.5.142 | op=ALLOCATE_BLOCK {owner=6f694d07-2a2f-44d9-8e1c-aaa094a2f647, size=4194304, type=RATIS, factor=THREE} | ret=SUCCESS |  
2019-08-20 22:34:36,786 | INFO  | OMAudit | user=jenkins1000 | ip=127.0.0.1 | op=ALLOCATE_BLOCK {volume=vol-0-80747, bucket=bucket-0-27686, key=key-0-47435, dataSize=0, replicationType=null, replicationFactor=null, keyLocationInfo=null, clientID=102651687805452690} | ret=SUCCESS |  
2019-08-20 22:34:36,793 | INFO  | DNAudit | user=null | ip=null | op=WRITE_CHUNK {blockData=conID: 1 locID: 102651689486516799 bcsId: 0} | ret=SUCCESS |  
2019-08-20 22:34:36,796 | INFO  | DNAudit | user=null | ip=null | op=WRITE_CHUNK {blockData=conID: 1 locID: 102651689486516799 bcsId: 0} | ret=SUCCESS |  
2019-08-20 22:34:36,796 | INFO  | DNAudit | user=null | ip=null | op=WRITE_CHUNK {blockData=conID: 1 locID: 102651689486516799 bcsId: 0} | ret=SUCCESS |  
2019-08-20 22:34:36,796 | INFO  | DNAudit | user=null | ip=null | op=WRITE_CHUNK {blockData=conID: 1 locID: 102651689486516799 bcsId: 0} | ret=SUCCESS |  
2019-08-20 22:34:36,798 | INFO  | DNAudit | user=null | ip=null | op=WRITE_CHUNK {blockData=conID: 1 locID: 102651689486516799 bcsId: 0} | ret=SUCCESS |  
2019-08-20 22:34:36,798 | INFO  | DNAudit | user=null | ip=null | op=WRITE_CHUNK {blockData=conID: 1 locID: 102651689486516799 bcsId: 0} | ret=SUCCESS |  
2019-08-20 22:34:36,807 | INFO  | DNAudit | user=null | ip=null | op=WRITE_CHUNK {blockData=conID: 1 locID: 102651689486516799 bcsId: 0} | ret=SUCCESS |  
2019-08-20 22:34:36,807 | INFO  | DNAudit | user=null | ip=null | op=PUT_BLOCK {blockData=[blockId=conID: 1 locID: 102651689486516799 bcsId: 0,size=1048576]} | ret=SUCCESS |  
2019-08-20 22:34:36,808 [grpc-default-executor-3] INFO  client.GrpcClientProtocolClient (GrpcClientProtocolClient.java:onNext(255)) - client-391BA870FC40->947ec526-030f-41cc-8af7-a6f75e712ab0: receive RaftClientReply:client-391BA870FC40->947ec526-030f-41cc-8af7-a6f75e712ab0@group-5D45C35602B2, cid=2313, SUCCESS, logIndex=3430, commits[947ec526-030f-41cc-8af7-a6f75e712ab0:c3431, c447b9b6-dde2-4ce7-aa81-d0e2eddc8fe9:c3429, 28b540ac-241d-462a-a56c-509e92928066:c3429]
2019-08-20 22:34:36,808 [grpc-default-executor-3] INFO  client.GrpcClientProtocolClient (GrpcClientProtocolClient.java:onNext(255)) - client-391BA870FC40->947ec526-030f-41cc-8af7-a6f75e712ab0: receive RaftClientReply:client-391BA870FC40->947ec526-030f-41cc-8af7-a6f75e712ab0@group-5D45C35602B2, cid=2314, SUCCESS, logIndex=3431, commits[947ec526-030f-41cc-8af7-a6f75e712ab0:c3431, c447b9b6-dde2-4ce7-aa81-d0e2eddc8fe9:c3429, 28b540ac-241d-462a-a56c-509e92928066:c3429]
2019-08-20 22:34:36,817 | INFO  | DNAudit | user=null | ip=null | op=WRITE_CHUNK {blockData=conID: 1 locID: 102651689486516799 bcsId: 0} | ret=SUCCESS |  
2019-08-20 22:34:36,817 | INFO  | DNAudit | user=null | ip=null | op=PUT_BLOCK {blockData=[blockId=conID: 1 locID: 102651689486516799 bcsId: 0,size=2097152]} | ret=SUCCESS |  
2019-08-20 22:34:36,818 [grpc-default-executor-3] INFO  client.GrpcClientProtocolClient (GrpcClientProtocolClient.java:onNext(255)) - client-391BA870FC40->947ec526-030f-41cc-8af7-a6f75e712ab0: receive RaftClientReply:client-391BA870FC40->947ec526-030f-41cc-8af7-a6f75e712ab0@group-5D45C35602B2, cid=2315, SUCCESS, logIndex=3432, commits[947ec526-030f-41cc-8af7-a6f75e712ab0:c3433, c447b9b6-dde2-4ce7-aa81-d0e2eddc8fe9:c3429, 28b540ac-241d-462a-a56c-509e92928066:c3429]
2019-08-20 22:34:36,818 [grpc-default-executor-3] INFO  client.GrpcClientProtocolClient (GrpcClientProtocolClient.java:onNext(255)) - client-391BA870FC40->947ec526-030f-41cc-8af7-a6f75e712ab0: receive RaftClientReply:client-391BA870FC40->947ec526-030f-41cc-8af7-a6f75e712ab0@group-5D45C35602B2, cid=2316, SUCCESS, logIndex=3433, commits[947ec526-030f-41cc-8af7-a6f75e712ab0:c3433, c447b9b6-dde2-4ce7-aa81-d0e2eddc8fe9:c3429, 28b540ac-241d-462a-a56c-509e92928066:c3429]
2019-08-20 22:34:36,826 | INFO  | DNAudit | user=null | ip=null | op=WRITE_CHUNK {blockData=conID: 1 locID: 102651689486516799 bcsId: 0} | ret=SUCCESS |  
2019-08-20 22:34:36,826 | INFO  | DNAudit | user=null | ip=null | op=PUT_BLOCK {blockData=[blockId=conID: 1 locID: 102651689486516799 bcsId: 0,size=1048576]} | ret=SUCCESS |  
2019-08-20 22:34:36,826 | INFO  | DNAudit | user=null | ip=null | op=WRITE_CHUNK {blockData=conID: 1 locID: 102651689486516799 bcsId: 0} | ret=SUCCESS |  
2019-08-20 22:34:36,827 | INFO  | DNAudit | user=null | ip=null | op=PUT_BLOCK {blockData=[blockId=conID: 1 locID: 102651689486516799 bcsId: 0,size=1048576]} | ret=SUCCESS |  
2019-08-20 22:34:36,826 [grpc-default-executor-1] INFO  client.GrpcClientProtocolClient (GrpcClientProtocolClient.java:onNext(255)) - client-391BA870FC40->947ec526-030f-41cc-8af7-a6f75e712ab0: receive RaftClientReply:client-391BA870FC40->947ec526-030f-41cc-8af7-a6f75e712ab0@group-5D45C35602B2, cid=2317, SUCCESS, logIndex=0, commits[947ec526-030f-41cc-8af7-a6f75e712ab0:c3433, c447b9b6-dde2-4ce7-aa81-d0e2eddc8fe9:c3431, 28b540ac-241d-462a-a56c-509e92928066:c3431]
2019-08-20 22:34:36,832 | INFO  | DNAudit | user=null | ip=null | op=WRITE_CHUNK {blockData=conID: 1 locID: 102651689486516799 bcsId: 3433} | ret=SUCCESS |  
2019-08-20 22:34:36,834 | INFO  | DNAudit | user=null | ip=null | op=WRITE_CHUNK {blockData=conID: 1 locID: 102651689486516799 bcsId: 3433} | ret=SUCCESS |  
2019-08-20 22:34:36,835 | INFO  | DNAudit | user=null | ip=null | op=WRITE_CHUNK {blockData=conID: 1 locID: 102651689486516799 bcsId: 3433} | ret=SUCCESS |  
2019-08-20 22:34:36,848 | INFO  | DNAudit | user=null | ip=null | op=WRITE_CHUNK {blockData=conID: 1 locID: 102651689486516799 bcsId: 0} | ret=SUCCESS |  
2019-08-20 22:34:36,848 | INFO  | DNAudit | user=null | ip=null | op=WRITE_CHUNK {blockData=conID: 1 locID: 102651689486516799 bcsId: 0} | ret=SUCCESS |  
2019-08-20 22:34:36,848 | INFO  | DNAudit | user=null | ip=null | op=PUT_BLOCK {blockData=[blockId=conID: 1 locID: 102651689486516799 bcsId: 0,size=2097152]} | ret=SUCCESS |  
2019-08-20 22:34:36,849 | INFO  | DNAudit | user=null | ip=null | op=WRITE_CHUNK {blockData=conID: 1 locID: 102651689486516799 bcsId: 3433} | ret=SUCCESS |  
2019-08-20 22:34:36,849 | INFO  | DNAudit | user=null | ip=null | op=PUT_BLOCK {blockData=[blockId=conID: 1 locID: 102651689486516799 bcsId: 0,size=2097152]} | ret=SUCCESS |  
2019-08-20 22:34:36,849 | INFO  | DNAudit | user=null | ip=null | op=PUT_BLOCK {blockData=[blockId=conID: 1 locID: 102651689486516799 bcsId: 0,size=3145728]} | ret=SUCCESS |  
2019-08-20 22:34:36,849 [grpc-default-executor-1] INFO  client.GrpcClientProtocolClient (GrpcClientProtocolClient.java:onNext(255)) - client-391BA870FC40->947ec526-030f-41cc-8af7-a6f75e712ab0: receive RaftClientReply:client-391BA870FC40->947ec526-030f-41cc-8af7-a6f75e712ab0@group-5D45C35602B2, cid=2318, SUCCESS, logIndex=3438, commits[947ec526-030f-41cc-8af7-a6f75e712ab0:c3439, c447b9b6-dde2-4ce7-aa81-d0e2eddc8fe9:c3437, 28b540ac-241d-462a-a56c-509e92928066:c3437]
2019-08-20 22:34:36,849 [grpc-default-executor-1] INFO  client.GrpcClientProtocolClient (GrpcClientProtocolClient.java:onNext(255)) - client-391BA870FC40->947ec526-030f-41cc-8af7-a6f75e712ab0: receive RaftClientReply:client-391BA870FC40->947ec526-030f-41cc-8af7-a6f75e712ab0@group-5D45C35602B2, cid=2319, SUCCESS, logIndex=3439, commits[947ec526-030f-41cc-8af7-a6f75e712ab0:c3439, c447b9b6-dde2-4ce7-aa81-d0e2eddc8fe9:c3437, 28b540ac-241d-462a-a56c-509e92928066:c3437]
2019-08-20 22:34:36,854 | INFO  | DNAudit | user=null | ip=null | op=WRITE_CHUNK {blockData=conID: 1 locID: 102651689486516799 bcsId: 3439} | ret=SUCCESS |  
2019-08-20 22:34:36,856 | INFO  | DNAudit | user=null | ip=null | op=WRITE_CHUNK {blockData=conID: 1 locID: 102651689486516799 bcsId: 3439} | ret=SUCCESS |  
2019-08-20 22:34:36,857 | INFO  | DNAudit | user=null | ip=null | op=WRITE_CHUNK {blockData=conID: 1 locID: 102651689486516799 bcsId: 3439} | ret=SUCCESS |  
2019-08-20 22:34:36,860 | INFO  | DNAudit | user=null | ip=null | op=WRITE_CHUNK {blockData=conID: 1 locID: 102651689486516799 bcsId: 3433} | ret=SUCCESS |  
2019-08-20 22:34:36,860 | INFO  | DNAudit | user=null | ip=null | op=WRITE_CHUNK {blockData=conID: 1 locID: 102651689486516799 bcsId: 3433} | ret=SUCCESS |  
2019-08-20 22:34:36,861 | INFO  | DNAudit | user=null | ip=null | op=PUT_BLOCK {blockData=[blockId=conID: 1 locID: 102651689486516799 bcsId: 0,size=3145728]} | ret=SUCCESS |  
2019-08-20 22:34:36,861 | INFO  | DNAudit | user=null | ip=null | op=PUT_BLOCK {blockData=[blockId=conID: 1 locID: 102651689486516799 bcsId: 0,size=3145728]} | ret=SUCCESS |  
2019-08-20 22:34:36,863 | INFO  | DNAudit | user=null | ip=null | op=WRITE_CHUNK {blockData=conID: 1 locID: 102651689486516799 bcsId: 3439} | ret=SUCCESS |  
2019-08-20 22:34:36,863 | INFO  | DNAudit | user=null | ip=null | op=PUT_BLOCK {blockData=[blockId=conID: 1 locID: 102651689486516799 bcsId: 0,size=4194304]} | ret=SUCCESS |  
2019-08-20 22:34:36,863 [grpc-default-executor-3] INFO  client.GrpcClientProtocolClient (GrpcClientProtocolClient.java:onNext(255)) - client-391BA870FC40->947ec526-030f-41cc-8af7-a6f75e712ab0: receive RaftClientReply:client-391BA870FC40->947ec526-030f-41cc-8af7-a6f75e712ab0@group-5D45C35602B2, cid=2320, SUCCESS, logIndex=3442, commits[947ec526-030f-41cc-8af7-a6f75e712ab0:c3442, c447b9b6-dde2-4ce7-aa81-d0e2eddc8fe9:c3439, 28b540ac-241d-462a-a56c-509e92928066:c3439]
2019-08-20 22:34:36,864 [grpc-default-executor-3] INFO  client.GrpcClientProtocolClient (GrpcClientProtocolClient.java:onNext(255)) - client-391BA870FC40->947ec526-030f-41cc-8af7-a6f75e712ab0: receive RaftClientReply:client-391BA870FC40->947ec526-030f-41cc-8af7-a6f75e712ab0@group-5D45C35602B2, cid=2321, SUCCESS, logIndex=3443, commits[947ec526-030f-41cc-8af7-a6f75e712ab0:c3443, c447b9b6-dde2-4ce7-aa81-d0e2eddc8fe9:c3439, 28b540ac-241d-462a-a56c-509e92928066:c3439]
2019-08-20 22:34:36,878 | INFO  | DNAudit | user=null | ip=null | op=WRITE_CHUNK {blockData=conID: 1 locID: 102651689486516799 bcsId: 3439} | ret=SUCCESS |  
2019-08-20 22:34:36,879 | INFO  | DNAudit | user=null | ip=null | op=WRITE_CHUNK {blockData=conID: 1 locID: 102651689486516799 bcsId: 3439} | ret=SUCCESS |  
2019-08-20 22:34:36,880 | INFO  | DNAudit | user=null | ip=null | op=PUT_BLOCK {blockData=[blockId=conID: 1 locID: 102651689486516799 bcsId: 0,size=4194304]} | ret=SUCCESS |  
2019-08-20 22:34:36,880 | INFO  | DNAudit | user=null | ip=null | op=PUT_BLOCK {blockData=[blockId=conID: 1 locID: 102651689486516799 bcsId: 0,size=4194304]} | ret=SUCCESS |  
2019-08-20 22:34:37,021 [grpc-default-executor-3] INFO  client.GrpcClientProtocolClient (GrpcClientProtocolClient.java:onNext(255)) - client-391BA870FC40->947ec526-030f-41cc-8af7-a6f75e712ab0: receive RaftClientReply:client-391BA870FC40->947ec526-030f-41cc-8af7-a6f75e712ab0@group-5D45C35602B2, cid=2322, SUCCESS, logIndex=0, commits[947ec526-030f-41cc-8af7-a6f75e712ab0:c3444, c447b9b6-dde2-4ce7-aa81-d0e2eddc8fe9:c3443, 28b540ac-241d-462a-a56c-509e92928066:c3443]
2019-08-20 22:34:37,022 | INFO  | SCMAudit | user=jenkins1000 | ip=192.168.5.142 | op=SEND_HEARTBEAT {datanodeUUID=d55cd342-4e6c-4701-86f3-cb557f3478dc, command=[]} | ret=SUCCESS |  
2019-08-20 22:34:37,028 | INFO  | SCMAudit | user=jenkins1000 | ip=192.168.5.142 | op=ALLOCATE_BLOCK {owner=6f694d07-2a2f-44d9-8e1c-aaa094a2f647, size=4194304, type=RATIS, factor=THREE} | ret=SUCCESS |  
2019-08-20 22:34:37,032 | INFO  | OMAudit | user=jenkins1000 | ip=127.0.0.1 | op=ALLOCATE_BLOCK {volume=vol-0-80747, bucket=bucket-0-27686, key=key-0-47435, dataSize=0, replicationType=null, replicationFactor=null, keyLocationInfo=null, clientID=102651687805452690} | ret=SUCCESS |  
2019-08-20 22:34:37,040 | INFO  | DNAudit | user=null | ip=null | op=WRITE_CHUNK {blockData=conID: 2 locID: 102651689502507584 bcsId: 0} | ret=SUCCESS |  
2019-08-20 22:34:37,044 | INFO  | DNAudit | user=null | ip=null | op=WRITE_CHUNK {blockData=conID: 2 locID: 102651689502507584 bcsId: 0} | ret=SUCCESS |  
2019-08-20 22:34:37,044 | INFO  | DNAudit | user=null | ip=null | op=WRITE_CHUNK {blockData=conID: 2 locID: 102651689502507584 bcsId: 0} | ret=SUCCESS |  
2019-08-20 22:34:37,044 | INFO  | DNAudit | user=null | ip=null | op=WRITE_CHUNK {blockData=conID: 2 locID: 102651689502507584 bcsId: 0} | ret=SUCCESS |  
2019-08-20 22:34:37,045 | INFO  | DNAudit | user=null | ip=null | op=WRITE_CHUNK {blockData=conID: 2 locID: 102651689502507584 bcsId: 0} | ret=SUCCESS |  
2019-08-20 22:34:37,045 | INFO  | DNAudit | user=null | ip=null | op=WRITE_CHUNK {blockData=conID: 2 locID: 102651689502507584 bcsId: 0} | ret=SUCCESS |  
2019-08-20 22:34:37,055 | INFO  | DNAudit | user=null | ip=null | op=WRITE_CHUNK {blockData=conID: 2 locID: 102651689502507584 bcsId: 0} | ret=SUCCESS |  
2019-08-20 22:34:37,056 | INFO  | DNAudit | user=null | ip=null | op=PUT_BLOCK {blockData=[blockId=conID: 2 locID: 102651689502507584 bcsId: 0,size=1048576]} | ret=SUCCESS |  
2019-08-20 22:34:37,056 [grpc-default-executor-3] INFO  client.GrpcClientProtocolClient (GrpcClientProtocolClient.java:onNext(255)) - client-391BA870FC40->947ec526-030f-41cc-8af7-a6f75e712ab0: receive RaftClientReply:client-391BA870FC40->947ec526-030f-41cc-8af7-a6f75e712ab0@group-5D45C35602B2, cid=2323, SUCCESS, logIndex=3446, commits[947ec526-030f-41cc-8af7-a6f75e712ab0:c3447, c447b9b6-dde2-4ce7-aa81-d0e2eddc8fe9:c3445, 28b540ac-241d-462a-a56c-509e92928066:c3445]
2019-08-20 22:34:37,056 [grpc-default-executor-3] INFO  client.GrpcClientProtocolClient (GrpcClientProtocolClient.java:onNext(255)) - client-391BA870FC40->947ec526-030f-41cc-8af7-a6f75e712ab0: receive RaftClientReply:client-391BA870FC40->947ec526-030f-41cc-8af7-a6f75e712ab0@group-5D45C35602B2, cid=2324, SUCCESS, logIndex=3447, commits[947ec526-030f-41cc-8af7-a6f75e712ab0:c3447, c447b9b6-dde2-4ce7-aa81-d0e2eddc8fe9:c3445, 28b540ac-241d-462a-a56c-509e92928066:c3445]
2019-08-20 22:34:37,065 | INFO  | DNAudit | user=null | ip=null | op=WRITE_CHUNK {blockData=conID: 2 locID: 102651689502507584 bcsId: 0} | ret=SUCCESS |  
2019-08-20 22:34:37,066 | INFO  | DNAudit | user=null | ip=null | op=PUT_BLOCK {blockData=[blockId=conID: 2 locID: 102651689502507584 bcsId: 0,size=2097152]} | ret=SUCCESS |  
2019-08-20 22:34:37,066 [grpc-default-executor-3] INFO  client.GrpcClientProtocolClient (GrpcClientProtocolClient.java:onNext(255)) - client-391BA870FC40->947ec526-030f-41cc-8af7-a6f75e712ab0: receive RaftClientReply:client-391BA870FC40->947ec526-030f-41cc-8af7-a6f75e712ab0@group-5D45C35602B2, cid=2325, SUCCESS, logIndex=3448, commits[947ec526-030f-41cc-8af7-a6f75e712ab0:c3449, c447b9b6-dde2-4ce7-aa81-d0e2eddc8fe9:c3445, 28b540ac-241d-462a-a56c-509e92928066:c3445]
2019-08-20 22:34:37,066 | INFO  | DNAudit | user=null | ip=null | op=WRITE_CHUNK {blockData=conID: 2 locID: 102651689502507584 bcsId: 0} | ret=SUCCESS |  
2019-08-20 22:34:37,066 | INFO  | DNAudit | user=null | ip=null | op=WRITE_CHUNK {blockData=conID: 2 locID: 102651689502507584 bcsId: 0} | ret=SUCCESS |  
2019-08-20 22:34:37,066 [grpc-default-executor-3] INFO  client.GrpcClientProtocolClient (GrpcClientProtocolClient.java:onNext(255)) - client-391BA870FC40->947ec526-030f-41cc-8af7-a6f75e712ab0: receive RaftClientReply:client-391BA870FC40->947ec526-030f-41cc-8af7-a6f75e712ab0@group-5D45C35602B2, cid=2326, SUCCESS, logIndex=3449, commits[947ec526-030f-41cc-8af7-a6f75e712ab0:c3449, c447b9b6-dde2-4ce7-aa81-d0e2eddc8fe9:c3445, 28b540ac-241d-462a-a56c-509e92928066:c3445]
2019-08-20 22:34:37,066 | INFO  | DNAudit | user=null | ip=null | op=PUT_BLOCK {blockData=[blockId=conID: 2 locID: 102651689502507584 bcsId: 0,size=1048576]} | ret=SUCCESS |  
2019-08-20 22:34:37,066 | INFO  | DNAudit | user=null | ip=null | op=PUT_BLOCK {blockData=[blockId=conID: 2 locID: 102651689502507584 bcsId: 0,size=1048576]} | ret=SUCCESS |  
2019-08-20 22:34:37,067 [grpc-default-executor-3] INFO  client.GrpcClientProtocolClient (GrpcClientProtocolClient.java:onNext(255)) - client-391BA870FC40->947ec526-030f-41cc-8af7-a6f75e712ab0: receive RaftClientReply:client-391BA870FC40->947ec526-030f-41cc-8af7-a6f75e712ab0@group-5D45C35602B2, cid=2327, SUCCESS, logIndex=0, commits[947ec526-030f-41cc-8af7-a6f75e712ab0:c3451, c447b9b6-dde2-4ce7-aa81-d0e2eddc8fe9:c3447, 28b540ac-241d-462a-a56c-509e92928066:c3447]
2019-08-20 22:34:37,073 | INFO  | DNAudit | user=null | ip=null | op=WRITE_CHUNK {blockData=conID: 2 locID: 102651689502507584 bcsId: 3449} | ret=SUCCESS |  
2019-08-20 22:34:37,075 | INFO  | DNAudit | user=null | ip=null | op=WRITE_CHUNK {blockData=conID: 2 locID: 102651689502507584 bcsId: 3449} | ret=SUCCESS |  
2019-08-20 22:34:37,075 | INFO  | DNAudit | user=null | ip=null | op=WRITE_CHUNK {blockData=conID: 2 locID: 102651689502507584 bcsId: 3449} | ret=SUCCESS |  
2019-08-20 22:34:37,083 | INFO  | DNAudit | user=null | ip=null | op=WRITE_CHUNK {blockData=conID: 2 locID: 102651689502507584 bcsId: 0} | ret=SUCCESS |  
2019-08-20 22:34:37,084 | INFO  | DNAudit | user=null | ip=null | op=WRITE_CHUNK {blockData=conID: 2 locID: 102651689502507584 bcsId: 3449} | ret=SUCCESS |  
2019-08-20 22:34:37,084 | INFO  | DNAudit | user=null | ip=null | op=WRITE_CHUNK {blockData=conID: 2 locID: 102651689502507584 bcsId: 0} | ret=SUCCESS |  
2019-08-20 22:34:37,084 | INFO  | DNAudit | user=null | ip=null | op=PUT_BLOCK {blockData=[blockId=conID: 2 locID: 102651689502507584 bcsId: 0,size=2097152]} | ret=SUCCESS |  
2019-08-20 22:34:37,084 | INFO  | DNAudit | user=null | ip=null | op=PUT_BLOCK {blockData=[blockId=conID: 2 locID: 102651689502507584 bcsId: 0,size=3145728]} | ret=SUCCESS |  
2019-08-20 22:34:37,084 | INFO  | DNAudit | user=null | ip=null | op=PUT_BLOCK {blockData=[blockId=conID: 2 locID: 102651689502507584 bcsId: 0,size=2097152]} | ret=SUCCESS |  
2019-08-20 22:34:37,084 [grpc-default-executor-3] INFO  client.GrpcClientProtocolClient (GrpcClientProtocolClient.java:onNext(255)) - client-391BA870FC40->947ec526-030f-41cc-8af7-a6f75e712ab0: receive RaftClientReply:client-391BA870FC40->947ec526-030f-41cc-8af7-a6f75e712ab0@group-5D45C35602B2, cid=2328, SUCCESS, logIndex=3454, commits[947ec526-030f-41cc-8af7-a6f75e712ab0:c3454, c447b9b6-dde2-4ce7-aa81-d0e2eddc8fe9:c3453, 28b540ac-241d-462a-a56c-509e92928066:c3453]
2019-08-20 22:34:37,084 [grpc-default-executor-3] INFO  client.GrpcClientProtocolClient (GrpcClientProtocolClient.java:onNext(255)) - client-391BA870FC40->947ec526-030f-41cc-8af7-a6f75e712ab0: receive RaftClientReply:client-391BA870FC40->947ec526-030f-41cc-8af7-a6f75e712ab0@group-5D45C35602B2, cid=2329, SUCCESS, logIndex=3455, commits[947ec526-030f-41cc-8af7-a6f75e712ab0:c3455, c447b9b6-dde2-4ce7-aa81-d0e2eddc8fe9:c3453, 28b540ac-241d-462a-a56c-509e92928066:c3453]
2019-08-20 22:34:37,090 | INFO  | DNAudit | user=null | ip=null | op=WRITE_CHUNK {blockData=conID: 2 locID: 102651689502507584 bcsId: 3455} | ret=SUCCESS |  
2019-08-20 22:34:37,092 | INFO  | DNAudit | user=null | ip=null | op=WRITE_CHUNK {blockData=conID: 2 locID: 102651689502507584 bcsId: 3455} | ret=SUCCESS |  
2019-08-20 22:34:37,093 | INFO  | DNAudit | user=null | ip=null | op=WRITE_CHUNK {blockData=conID: 2 locID: 102651689502507584 bcsId: 3455} | ret=SUCCESS |  
2019-08-20 22:34:37,108 | INFO  | DNAudit | user=null | ip=null | op=WRITE_CHUNK {blockData=conID: 2 locID: 102651689502507584 bcsId: 3449} | ret=SUCCESS |  
2019-08-20 22:34:37,109 | INFO  | DNAudit | user=null | ip=null | op=WRITE_CHUNK {blockData=conID: 2 locID: 102651689502507584 bcsId: 3449} | ret=SUCCESS |  
2019-08-20 22:34:37,121 | INFO  | DNAudit | user=null | ip=null | op=PUT_BLOCK {blockData=[blockId=conID: 2 locID: 102651689502507584 bcsId: 0,size=3145728]} | ret=SUCCESS |  
2019-08-20 22:34:37,122 | INFO  | DNAudit | user=null | ip=null | op=PUT_BLOCK {blockData=[blockId=conID: 2 locID: 102651689502507584 bcsId: 0,size=3145728]} | ret=SUCCESS |  
2019-08-20 22:34:37,122 | INFO  | DNAudit | user=null | ip=null | op=WRITE_CHUNK {blockData=conID: 2 locID: 102651689502507584 bcsId: 3455} | ret=SUCCESS |  
2019-08-20 22:34:37,122 | INFO  | DNAudit | user=null | ip=null | op=PUT_BLOCK {blockData=[blockId=conID: 2 locID: 102651689502507584 bcsId: 0,size=4194304]} | ret=SUCCESS |  
2019-08-20 22:34:37,122 [grpc-default-executor-3] INFO  client.GrpcClientProtocolClient (GrpcClientProtocolClient.java:onNext(255)) - client-391BA870FC40->947ec526-030f-41cc-8af7-a6f75e712ab0: receive RaftClientReply:client-391BA870FC40->947ec526-030f-41cc-8af7-a6f75e712ab0@group-5D45C35602B2, cid=2330, SUCCESS, logIndex=3458, commits[947ec526-030f-41cc-8af7-a6f75e712ab0:c3458, c447b9b6-dde2-4ce7-aa81-d0e2eddc8fe9:c3455, 28b540ac-241d-462a-a56c-509e92928066:c3455]
2019-08-20 22:34:37,123 [grpc-default-executor-3] INFO  client.GrpcClientProtocolClient (GrpcClientProtocolClient.java:onNext(255)) - client-391BA870FC40->947ec526-030f-41cc-8af7-a6f75e712ab0: receive RaftClientReply:client-391BA870FC40->947ec526-030f-41cc-8af7-a6f75e712ab0@group-5D45C35602B2, cid=2331, SUCCESS, logIndex=3459, commits[947ec526-030f-41cc-8af7-a6f75e712ab0:c3459, c447b9b6-dde2-4ce7-aa81-d0e2eddc8fe9:c3455, 28b540ac-241d-462a-a56c-509e92928066:c3455]
2019-08-20 22:34:37,135 | INFO  | DNAudit | user=null | ip=null | op=WRITE_CHUNK {blockData=conID: 2 locID: 102651689502507584 bcsId: 3455} | ret=SUCCESS |  
2019-08-20 22:34:37,135 | INFO  | DNAudit | user=null | ip=null | op=WRITE_CHUNK {blockData=conID: 2 locID: 102651689502507584 bcsId: 3455} | ret=SUCCESS |  
2019-08-20 22:34:37,147 | INFO  | DNAudit | user=null | ip=null | op=PUT_BLOCK {blockData=[blockId=conID: 2 locID: 102651689502507584 bcsId: 0,size=4194304]} | ret=SUCCESS |  
2019-08-20 22:34:37,147 | INFO  | DNAudit | user=null | ip=null | op=PUT_BLOCK {blockData=[blockId=conID: 2 locID: 102651689502507584 bcsId: 0,size=4194304]} | ret=SUCCESS |  
2019-08-20 22:34:37,147 [grpc-default-executor-3] INFO  client.GrpcClientProtocolClient (GrpcClientProtocolClient.java:onNext(255)) - client-391BA870FC40->947ec526-030f-41cc-8af7-a6f75e712ab0: receive RaftClientReply:client-391BA870FC40->947ec526-030f-41cc-8af7-a6f75e712ab0@group-5D45C35602B2, cid=2332, SUCCESS, logIndex=0, commits[947ec526-030f-41cc-8af7-a6f75e712ab0:c3461, c447b9b6-dde2-4ce7-aa81-d0e2eddc8fe9:c3459, 28b540ac-241d-462a-a56c-509e92928066:c3459]
2019-08-20 22:34:37,152 | INFO  | SCMAudit | user=jenkins1000 | ip=192.168.5.142 | op=ALLOCATE_BLOCK {owner=6f694d07-2a2f-44d9-8e1c-aaa094a2f647, size=4194304, type=RATIS, factor=THREE} | ret=SUCCESS |  
2019-08-20 22:34:37,155 | INFO  | OMAudit | user=jenkins1000 | ip=127.0.0.1 | op=ALLOCATE_BLOCK {volume=vol-0-80747, bucket=bucket-0-27686, key=key-0-47435, dataSize=0, replicationType=null, replicationFactor=null, keyLocationInfo=null, clientID=102651687805452690} | ret=SUCCESS |  
2019-08-20 22:34:37,161 | INFO  | DNAudit | user=null | ip=null | op=WRITE_CHUNK {blockData=conID: 3 locID: 102651689510634049 bcsId: 0} | ret=SUCCESS |  
2019-08-20 22:34:37,164 | INFO  | DNAudit | user=null | ip=null | op=WRITE_CHUNK {blockData=conID: 3 locID: 102651689510634049 bcsId: 0} | ret=SUCCESS |  
2019-08-20 22:34:37,164 | INFO  | DNAudit | user=null | ip=null | op=WRITE_CHUNK {blockData=conID: 3 locID: 102651689510634049 bcsId: 0} | ret=SUCCESS |  
2019-08-20 22:34:37,165 | INFO  | DNAudit | user=null | ip=null | op=WRITE_CHUNK {blockData=conID: 3 locID: 102651689510634049 bcsId: 0} | ret=SUCCESS |  
2019-08-20 22:34:37,166 | INFO  | DNAudit | user=null | ip=null | op=WRITE_CHUNK {blockData=conID: 3 locID: 102651689510634049 bcsId: 0} | ret=SUCCESS |  
2019-08-20 22:34:37,166 | INFO  | DNAudit | user=null | ip=null | op=WRITE_CHUNK {blockData=conID: 3 locID: 102651689510634049 bcsId: 0} | ret=SUCCESS |  
2019-08-20 22:34:37,175 | INFO  | SCMAudit | user=jenkins1000 | ip=192.168.5.142 | op=SEND_HEARTBEAT {datanodeUUID=947ec526-030f-41cc-8af7-a6f75e712ab0, command=[]} | ret=SUCCESS |  
2019-08-20 22:34:37,175 | INFO  | SCMAudit | user=jenkins1000 | ip=192.168.5.142 | op=SEND_HEARTBEAT {datanodeUUID=28b540ac-241d-462a-a56c-509e92928066, command=[]} | ret=SUCCESS |  
2019-08-20 22:34:37,175 | INFO  | SCMAudit | user=jenkins1000 | ip=192.168.5.142 | op=SEND_HEARTBEAT {datanodeUUID=eafd9314-3f13-422a-a2ac-adfcde2d7481, command=[]} | ret=SUCCESS |  
2019-08-20 22:34:37,175 | INFO  | SCMAudit | user=jenkins1000 | ip=192.168.5.142 | op=SEND_HEARTBEAT {datanodeUUID=c447b9b6-dde2-4ce7-aa81-d0e2eddc8fe9, command=[]} | ret=SUCCESS |  
2019-08-20 22:34:37,176 | INFO  | DNAudit | user=null | ip=null | op=WRITE_CHUNK {blockData=conID: 3 locID: 102651689510634049 bcsId: 0} | ret=SUCCESS |  
2019-08-20 22:34:37,176 | INFO  | DNAudit | user=null | ip=null | op=PUT_BLOCK {blockData=[blockId=conID: 3 locID: 102651689510634049 bcsId: 0,size=1048576]} | ret=SUCCESS |  
 0.00% |█                                                                                                    |  0/1 Time: 0:00:262019-08-20 22:34:37,176 [grpc-default-executor-3] INFO  client.GrpcClientProtocolClient (GrpcClientProtocolClient.java:onNext(255)) - client-391BA870FC40->947ec526-030f-41cc-8af7-a6f75e712ab0: receive RaftClientReply:client-391BA870FC40->947ec526-030f-41cc-8af7-a6f75e712ab0@group-5D45C35602B2, cid=2333, SUCCESS, logIndex=3462, commits[947ec526-030f-41cc-8af7-a6f75e712ab0:c3463, c447b9b6-dde2-4ce7-aa81-d0e2eddc8fe9:c3461, 28b540ac-241d-462a-a56c-509e92928066:c3461]
2019-08-20 22:34:37,177 [grpc-default-executor-3] INFO  client.GrpcClientProtocolClient (GrpcClientProtocolClient.java:onNext(255)) - client-391BA870FC40->947ec526-030f-41cc-8af7-a6f75e712ab0: receive RaftClientReply:client-391BA870FC40->947ec526-030f-41cc-8af7-a6f75e712ab0@group-5D45C35602B2, cid=2334, SUCCESS, logIndex=3463, commits[947ec526-030f-41cc-8af7-a6f75e712ab0:c3463, c447b9b6-dde2-4ce7-aa81-d0e2eddc8fe9:c3461, 28b540ac-241d-462a-a56c-509e92928066:c3461]
2019-08-20 22:34:37,188 | INFO  | DNAudit | user=null | ip=null | op=WRITE_CHUNK {blockData=conID: 3 locID: 102651689510634049 bcsId: 0} | ret=SUCCESS |  
2019-08-20 22:34:37,189 | INFO  | DNAudit | user=null | ip=null | op=PUT_BLOCK {blockData=[blockId=conID: 3 locID: 102651689510634049 bcsId: 0,size=2097152]} | ret=SUCCESS |  
2019-08-20 22:34:37,189 [grpc-default-executor-2] INFO  client.GrpcClientProtocolClient (GrpcClientProtocolClient.java:onNext(255)) - client-391BA870FC40->947ec526-030f-41cc-8af7-a6f75e712ab0: receive RaftClientReply:client-391BA870FC40->947ec526-030f-41cc-8af7-a6f75e712ab0@group-5D45C35602B2, cid=2335, SUCCESS, logIndex=3464, commits[947ec526-030f-41cc-8af7-a6f75e712ab0:c3464, c447b9b6-dde2-4ce7-aa81-d0e2eddc8fe9:c3461, 28b540ac-241d-462a-a56c-509e92928066:c3461]
2019-08-20 22:34:37,189 [grpc-default-executor-2] INFO  client.GrpcClientProtocolClient (GrpcClientProtocolClient.java:onNext(255)) - client-391BA870FC40->947ec526-030f-41cc-8af7-a6f75e712ab0: receive RaftClientReply:client-391BA870FC40->947ec526-030f-41cc-8af7-a6f75e712ab0@group-5D45C35602B2, cid=2336, SUCCESS, logIndex=3465, commits[947ec526-030f-41cc-8af7-a6f75e712ab0:c3465, c447b9b6-dde2-4ce7-aa81-d0e2eddc8fe9:c3461, 28b540ac-241d-462a-a56c-509e92928066:c3461]
2019-08-20 22:34:37,201 | INFO  | DNAudit | user=null | ip=null | op=WRITE_CHUNK {blockData=conID: 3 locID: 102651689510634049 bcsId: 0} | ret=SUCCESS |  
2019-08-20 22:34:37,201 | INFO  | DNAudit | user=null | ip=null | op=PUT_BLOCK {blockData=[blockId=conID: 3 locID: 102651689510634049 bcsId: 0,size=1048576]} | ret=SUCCESS |  
2019-08-20 22:34:37,201 | INFO  | DNAudit | user=null | ip=null | op=WRITE_CHUNK {blockData=conID: 3 locID: 102651689510634049 bcsId: 0} | ret=SUCCESS |  
2019-08-20 22:34:37,202 | INFO  | DNAudit | user=null | ip=null | op=PUT_BLOCK {blockData=[blockId=conID: 3 locID: 102651689510634049 bcsId: 0,size=1048576]} | ret=SUCCESS |  
2019-08-20 22:34:37,202 [grpc-default-executor-2] INFO  client.GrpcClientProtocolClient (GrpcClientProtocolClient.java:onNext(255)) - client-391BA870FC40->947ec526-030f-41cc-8af7-a6f75e712ab0: receive RaftClientReply:client-391BA870FC40->947ec526-030f-41cc-8af7-a6f75e712ab0@group-5D45C35602B2, cid=2337, SUCCESS, logIndex=0, commits[947ec526-030f-41cc-8af7-a6f75e712ab0:c3467, c447b9b6-dde2-4ce7-aa81-d0e2eddc8fe9:c3463, 28b540ac-241d-462a-a56c-509e92928066:c3463]
2019-08-20 22:34:37,207 | INFO  | DNAudit | user=null | ip=null | op=WRITE_CHUNK {blockData=conID: 3 locID: 102651689510634049 bcsId: 3465} | ret=SUCCESS |  
2019-08-20 22:34:37,209 | INFO  | DNAudit | user=null | ip=null | op=WRITE_CHUNK {blockData=conID: 3 locID: 102651689510634049 bcsId: 3465} | ret=SUCCESS |  
2019-08-20 22:34:37,210 | INFO  | DNAudit | user=null | ip=null | op=WRITE_CHUNK {blockData=conID: 3 locID: 102651689510634049 bcsId: 3465} | ret=SUCCESS |  
2019-08-20 22:34:37,214 | INFO  | DNAudit | user=null | ip=null | op=WRITE_CHUNK {blockData=conID: 3 locID: 102651689510634049 bcsId: 0} | ret=SUCCESS |  
2019-08-20 22:34:37,214 | INFO  | DNAudit | user=null | ip=null | op=PUT_BLOCK {blockData=[blockId=conID: 3 locID: 102651689510634049 bcsId: 0,size=2097152]} | ret=SUCCESS |  
2019-08-20 22:34:37,214 | INFO  | DNAudit | user=null | ip=null | op=WRITE_CHUNK {blockData=conID: 3 locID: 102651689510634049 bcsId: 0} | ret=SUCCESS |  
2019-08-20 22:34:37,215 | INFO  | DNAudit | user=null | ip=null | op=PUT_BLOCK {blockData=[blockId=conID: 3 locID: 102651689510634049 bcsId: 0,size=2097152]} | ret=SUCCESS |  
2019-08-20 22:34:37,227 | INFO  | DNAudit | user=null | ip=null | op=WRITE_CHUNK {blockData=conID: 3 locID: 102651689510634049 bcsId: 3465} | ret=SUCCESS |  
2019-08-20 22:34:37,228 | INFO  | DNAudit | user=null | ip=null | op=PUT_BLOCK {blockData=[blockId=conID: 3 locID: 102651689510634049 bcsId: 0,size=3145728]} | ret=SUCCESS |  
2019-08-20 22:34:37,228 [grpc-default-executor-2] INFO  client.GrpcClientProtocolClient (GrpcClientProtocolClient.java:onNext(255)) - client-391BA870FC40->947ec526-030f-41cc-8af7-a6f75e712ab0: receive RaftClientReply:client-391BA870FC40->947ec526-030f-41cc-8af7-a6f75e712ab0@group-5D45C35602B2, cid=2338, SUCCESS, logIndex=3470, commits[947ec526-030f-41cc-8af7-a6f75e712ab0:c3471, c447b9b6-dde2-4ce7-aa81-d0e2eddc8fe9:c3467, 28b540ac-241d-462a-a56c-509e92928066:c3467]
2019-08-20 22:34:37,228 [grpc-default-executor-2] INFO  client.GrpcClientProtocolClient (GrpcClientProtocolClient.java:onNext(255)) - client-391BA870FC40->947ec526-030f-41cc-8af7-a6f75e712ab0: receive RaftClientReply:client-391BA870FC40->947ec526-030f-41cc-8af7-a6f75e712ab0@group-5D45C35602B2, cid=2339, SUCCESS, logIndex=3471, commits[947ec526-030f-41cc-8af7-a6f75e712ab0:c3471, c447b9b6-dde2-4ce7-aa81-d0e2eddc8fe9:c3467, 28b540ac-241d-462a-a56c-509e92928066:c3467]
2019-08-20 22:34:37,235 | INFO  | DNAudit | user=null | ip=null | op=WRITE_CHUNK {blockData=conID: 3 locID: 102651689510634049 bcsId: 3471} | ret=SUCCESS |  
2019-08-20 22:34:37,236 | INFO  | DNAudit | user=null | ip=null | op=WRITE_CHUNK {blockData=conID: 3 locID: 102651689510634049 bcsId: 3471} | ret=SUCCESS |  
2019-08-20 22:34:37,237 | INFO  | DNAudit | user=null | ip=null | op=WRITE_CHUNK {blockData=conID: 3 locID: 102651689510634049 bcsId: 3471} | ret=SUCCESS |  
2019-08-20 22:34:37,241 | INFO  | DNAudit | user=null | ip=null | op=WRITE_CHUNK {blockData=conID: 3 locID: 102651689510634049 bcsId: 3465} | ret=SUCCESS |  
2019-08-20 22:34:37,241 | INFO  | DNAudit | user=null | ip=null | op=WRITE_CHUNK {blockData=conID: 3 locID: 102651689510634049 bcsId: 3465} | ret=SUCCESS |  
2019-08-20 22:34:37,260 | INFO  | DNAudit | user=null | ip=null | op=PUT_BLOCK {blockData=[blockId=conID: 3 locID: 102651689510634049 bcsId: 0,size=3145728]} | ret=SUCCESS |  
2019-08-20 22:34:37,260 | INFO  | DNAudit | user=null | ip=null | op=PUT_BLOCK {blockData=[blockId=conID: 3 locID: 102651689510634049 bcsId: 0,size=3145728]} | ret=SUCCESS |  
2019-08-20 22:34:37,261 | INFO  | DNAudit | user=null | ip=null | op=WRITE_CHUNK {blockData=conID: 3 locID: 102651689510634049 bcsId: 3471} | ret=SUCCESS |  
2019-08-20 22:34:37,261 | INFO  | DNAudit | user=null | ip=null | op=PUT_BLOCK {blockData=[blockId=conID: 3 locID: 102651689510634049 bcsId: 0,size=4194304]} | ret=SUCCESS |  
2019-08-20 22:34:37,261 [grpc-default-executor-1] INFO  client.GrpcClientProtocolClient (GrpcClientProtocolClient.java:onNext(255)) - client-391BA870FC40->947ec526-030f-41cc-8af7-a6f75e712ab0: receive RaftClientReply:client-391BA870FC40->947ec526-030f-41cc-8af7-a6f75e712ab0@group-5D45C35602B2, cid=2340, SUCCESS, logIndex=3474, commits[947ec526-030f-41cc-8af7-a6f75e712ab0:c3475, c447b9b6-dde2-4ce7-aa81-d0e2eddc8fe9:c3471, 28b540ac-241d-462a-a56c-509e92928066:c3471]
2019-08-20 22:34:37,261 [grpc-default-executor-1] INFO  client.GrpcClientProtocolClient (GrpcClientProtocolClient.java:onNext(255)) - client-391BA870FC40->947ec526-030f-41cc-8af7-a6f75e712ab0: receive RaftClientReply:client-391BA870FC40->947ec526-030f-41cc-8af7-a6f75e712ab0@group-5D45C35602B2, cid=2341, SUCCESS, logIndex=3475, commits[947ec526-030f-41cc-8af7-a6f75e712ab0:c3475, c447b9b6-dde2-4ce7-aa81-d0e2eddc8fe9:c3471, 28b540ac-241d-462a-a56c-509e92928066:c3471]
2019-08-20 22:34:37,279 | INFO  | DNAudit | user=null | ip=null | op=WRITE_CHUNK {blockData=conID: 3 locID: 102651689510634049 bcsId: 3471} | ret=SUCCESS |  
2019-08-20 22:34:37,279 | INFO  | DNAudit | user=null | ip=null | op=WRITE_CHUNK {blockData=conID: 3 locID: 102651689510634049 bcsId: 3471} | ret=SUCCESS |  
2019-08-20 22:34:37,281 | INFO  | DNAudit | user=null | ip=null | op=PUT_BLOCK {blockData=[blockId=conID: 3 locID: 102651689510634049 bcsId: 0,size=4194304]} | ret=SUCCESS |  
2019-08-20 22:34:37,281 | INFO  | DNAudit | user=null | ip=null | op=PUT_BLOCK {blockData=[blockId=conID: 3 locID: 102651689510634049 bcsId: 0,size=4194304]} | ret=SUCCESS |  
2019-08-20 22:34:37,282 [grpc-default-executor-1] INFO  client.GrpcClientProtocolClient (GrpcClientProtocolClient.java:onNext(255)) - client-391BA870FC40->947ec526-030f-41cc-8af7-a6f75e712ab0: receive RaftClientReply:client-391BA870FC40->947ec526-030f-41cc-8af7-a6f75e712ab0@group-5D45C35602B2, cid=2342, SUCCESS, logIndex=0, commits[947ec526-030f-41cc-8af7-a6f75e712ab0:c3477, c447b9b6-dde2-4ce7-aa81-d0e2eddc8fe9:c3475, 28b540ac-241d-462a-a56c-509e92928066:c3475]
2019-08-20 22:34:37,287 | INFO  | SCMAudit | user=jenkins1000 | ip=192.168.5.142 | op=ALLOCATE_BLOCK {owner=6f694d07-2a2f-44d9-8e1c-aaa094a2f647, size=4194304, type=RATIS, factor=THREE} | ret=SUCCESS |  
2019-08-20 22:34:37,290 | INFO  | OMAudit | user=jenkins1000 | ip=127.0.0.1 | op=ALLOCATE_BLOCK {volume=vol-0-80747, bucket=bucket-0-27686, key=key-0-47435, dataSize=0, replicationType=null, replicationFactor=null, keyLocationInfo=null, clientID=102651687805452690} | ret=SUCCESS |  
2019-08-20 22:34:37,296 | INFO  | DNAudit | user=null | ip=null | op=WRITE_CHUNK {blockData=conID: 1 locID: 102651689519481410 bcsId: 0} | ret=SUCCESS |  
2019-08-20 22:34:37,299 | INFO  | DNAudit | user=null | ip=null | op=WRITE_CHUNK {blockData=conID: 1 locID: 102651689519481410 bcsId: 0} | ret=SUCCESS |  
2019-08-20 22:34:37,299 | INFO  | DNAudit | user=null | ip=null | op=WRITE_CHUNK {blockData=conID: 1 locID: 102651689519481410 bcsId: 0} | ret=SUCCESS |  
2019-08-20 22:34:37,299 | INFO  | DNAudit | user=null | ip=null | op=WRITE_CHUNK {blockData=conID: 1 locID: 102651689519481410 bcsId: 0} | ret=SUCCESS |  
2019-08-20 22:34:37,300 | INFO  | DNAudit | user=null | ip=null | op=WRITE_CHUNK {blockData=conID: 1 locID: 102651689519481410 bcsId: 0} | ret=SUCCESS |  
2019-08-20 22:34:37,301 | INFO  | DNAudit | user=null | ip=null | op=WRITE_CHUNK {blockData=conID: 1 locID: 102651689519481410 bcsId: 0} | ret=SUCCESS |  
2019-08-20 22:34:37,341 | INFO  | DNAudit | user=null | ip=null | op=WRITE_CHUNK {blockData=conID: 1 locID: 102651689519481410 bcsId: 0} | ret=SUCCESS |  
2019-08-20 22:34:37,341 | INFO  | DNAudit | user=null | ip=null | op=PUT_BLOCK {blockData=[blockId=conID: 1 locID: 102651689519481410 bcsId: 0,size=1048576]} | ret=SUCCESS |  
2019-08-20 22:34:37,342 | INFO  | DNAudit | user=null | ip=null | op=WRITE_CHUNK {blockData=conID: 1 locID: 102651689519481410 bcsId: 0} | ret=SUCCESS |  
2019-08-20 22:34:37,342 [grpc-default-executor-1] INFO  client.GrpcClientProtocolClient (GrpcClientProtocolClient.java:onNext(255)) - client-391BA870FC40->947ec526-030f-41cc-8af7-a6f75e712ab0: receive RaftClientReply:client-391BA870FC40->947ec526-030f-41cc-8af7-a6f75e712ab0@group-5D45C35602B2, cid=2343, SUCCESS, logIndex=3478, commits[947ec526-030f-41cc-8af7-a6f75e712ab0:c3480, c447b9b6-dde2-4ce7-aa81-d0e2eddc8fe9:c3477, 28b540ac-241d-462a-a56c-509e92928066:c3477]
2019-08-20 22:34:37,342 | INFO  | DNAudit | user=null | ip=null | op=PUT_BLOCK {blockData=[blockId=conID: 1 locID: 102651689519481410 bcsId: 0,size=2097152]} | ret=SUCCESS |  
2019-08-20 22:34:37,342 | INFO  | DNAudit | user=null | ip=null | op=WRITE_CHUNK {blockData=conID: 1 locID: 102651689519481410 bcsId: 0} | ret=SUCCESS |  
2019-08-20 22:34:37,342 [grpc-default-executor-1] INFO  client.GrpcClientProtocolClient (GrpcClientProtocolClient.java:onNext(255)) - client-391BA870FC40->947ec526-030f-41cc-8af7-a6f75e712ab0: receive RaftClientReply:client-391BA870FC40->947ec526-030f-41cc-8af7-a6f75e712ab0@group-5D45C35602B2, cid=2344, SUCCESS, logIndex=3479, commits[947ec526-030f-41cc-8af7-a6f75e712ab0:c3481, c447b9b6-dde2-4ce7-aa81-d0e2eddc8fe9:c3477, 28b540ac-241d-462a-a56c-509e92928066:c3477]
2019-08-20 22:34:37,343 [grpc-default-executor-1] INFO  client.GrpcClientProtocolClient (GrpcClientProtocolClient.java:onNext(255)) - client-391BA870FC40->947ec526-030f-41cc-8af7-a6f75e712ab0: receive RaftClientReply:client-391BA870FC40->947ec526-030f-41cc-8af7-a6f75e712ab0@group-5D45C35602B2, cid=2345, SUCCESS, logIndex=3480, commits[947ec526-030f-41cc-8af7-a6f75e712ab0:c3481, c447b9b6-dde2-4ce7-aa81-d0e2eddc8fe9:c3477, 28b540ac-241d-462a-a56c-509e92928066:c3477]
2019-08-20 22:34:37,343 | INFO  | DNAudit | user=null | ip=null | op=WRITE_CHUNK {blockData=conID: 1 locID: 102651689519481410 bcsId: 0} | ret=SUCCESS |  
2019-08-20 22:34:37,343 [grpc-default-executor-1] INFO  client.GrpcClientProtocolClient (GrpcClientProtocolClient.java:onNext(255)) - client-391BA870FC40->947ec526-030f-41cc-8af7-a6f75e712ab0: receive RaftClientReply:client-391BA870FC40->947ec526-030f-41cc-8af7-a6f75e712ab0@group-5D45C35602B2, cid=2346, SUCCESS, logIndex=3481, commits[947ec526-030f-41cc-8af7-a6f75e712ab0:c3482, c447b9b6-dde2-4ce7-aa81-d0e2eddc8fe9:c3477, 28b540ac-241d-462a-a56c-509e92928066:c3478]
2019-08-20 22:34:37,343 | INFO  | DNAudit | user=null | ip=null | op=PUT_BLOCK {blockData=[blockId=conID: 1 locID: 102651689519481410 bcsId: 0,size=1048576]} | ret=SUCCESS |  
2019-08-20 22:34:37,344 | INFO  | DNAudit | user=null | ip=null | op=WRITE_CHUNK {blockData=conID: 1 locID: 102651689519481410 bcsId: 0} | ret=SUCCESS |  
2019-08-20 22:34:37,344 | INFO  | DNAudit | user=null | ip=null | op=PUT_BLOCK {blockData=[blockId=conID: 1 locID: 102651689519481410 bcsId: 0,size=2097152]} | ret=SUCCESS |  
2019-08-20 22:34:37,344 | INFO  | DNAudit | user=null | ip=null | op=PUT_BLOCK {blockData=[blockId=conID: 1 locID: 102651689519481410 bcsId: 0,size=1048576]} | ret=SUCCESS |  
2019-08-20 22:34:37,345 | INFO  | DNAudit | user=null | ip=null | op=WRITE_CHUNK {blockData=conID: 1 locID: 102651689519481410 bcsId: 0} | ret=SUCCESS |  
2019-08-20 22:34:37,345 | INFO  | DNAudit | user=null | ip=null | op=PUT_BLOCK {blockData=[blockId=conID: 1 locID: 102651689519481410 bcsId: 0,size=2097152]} | ret=SUCCESS |  
2019-08-20 22:34:37,345 [grpc-default-executor-5] INFO  client.GrpcClientProtocolClient (GrpcClientProtocolClient.java:onNext(255)) - client-391BA870FC40->947ec526-030f-41cc-8af7-a6f75e712ab0: receive RaftClientReply:client-391BA870FC40->947ec526-030f-41cc-8af7-a6f75e712ab0@group-5D45C35602B2, cid=2347, SUCCESS, logIndex=0, commits[947ec526-030f-41cc-8af7-a6f75e712ab0:c3485, c447b9b6-dde2-4ce7-aa81-d0e2eddc8fe9:c3479, 28b540ac-241d-462a-a56c-509e92928066:c3481]
2019-08-20 22:34:37,352 | INFO  | DNAudit | user=null | ip=null | op=WRITE_CHUNK {blockData=conID: 1 locID: 102651689519481410 bcsId: 3481} | ret=SUCCESS |  
2019-08-20 22:34:37,355 | INFO  | DNAudit | user=null | ip=null | op=WRITE_CHUNK {blockData=conID: 1 locID: 102651689519481410 bcsId: 3481} | ret=SUCCESS |  
2019-08-20 22:34:37,355 | INFO  | DNAudit | user=null | ip=null | op=WRITE_CHUNK {blockData=conID: 1 locID: 102651689519481410 bcsId: 3481} | ret=SUCCESS |  
2019-08-20 22:34:37,365 | INFO  | DNAudit | user=null | ip=null | op=WRITE_CHUNK {blockData=conID: 1 locID: 102651689519481410 bcsId: 3481} | ret=SUCCESS |  
2019-08-20 22:34:37,365 | INFO  | DNAudit | user=null | ip=null | op=PUT_BLOCK {blockData=[blockId=conID: 1 locID: 102651689519481410 bcsId: 0,size=3145728]} | ret=SUCCESS |  
2019-08-20 22:34:37,366 [grpc-default-executor-5] INFO  client.GrpcClientProtocolClient (GrpcClientProtocolClient.java:onNext(255)) - client-391BA870FC40->947ec526-030f-41cc-8af7-a6f75e712ab0: receive RaftClientReply:client-391BA870FC40->947ec526-030f-41cc-8af7-a6f75e712ab0@group-5D45C35602B2, cid=2348, SUCCESS, logIndex=3486, commits[947ec526-030f-41cc-8af7-a6f75e712ab0:c3487, c447b9b6-dde2-4ce7-aa81-d0e2eddc8fe9:c3485, 28b540ac-241d-462a-a56c-509e92928066:c3485]
2019-08-20 22:34:37,366 [grpc-default-executor-1] INFO  client.GrpcClientProtocolClient (GrpcClientProtocolClient.java:onNext(255)) - client-391BA870FC40->947ec526-030f-41cc-8af7-a6f75e712ab0: receive RaftClientReply:client-391BA870FC40->947ec526-030f-41cc-8af7-a6f75e712ab0@group-5D45C35602B2, cid=2349, SUCCESS, logIndex=3487, commits[947ec526-030f-41cc-8af7-a6f75e712ab0:c3487, c447b9b6-dde2-4ce7-aa81-d0e2eddc8fe9:c3485, 28b540ac-241d-462a-a56c-509e92928066:c3485]
2019-08-20 22:34:37,373 | INFO  | DNAudit | user=null | ip=null | op=WRITE_CHUNK {blockData=conID: 1 locID: 102651689519481410 bcsId: 3487} | ret=SUCCESS |  
2019-08-20 22:34:37,375 | INFO  | DNAudit | user=null | ip=null | op=WRITE_CHUNK {blockData=conID: 1 locID: 102651689519481410 bcsId: 3487} | ret=SUCCESS |  
2019-08-20 22:34:37,376 | INFO  | DNAudit | user=null | ip=null | op=WRITE_CHUNK {blockData=conID: 1 locID: 102651689519481410 bcsId: 3487} | ret=SUCCESS |  
2019-08-20 22:34:37,377 | INFO  | DNAudit | user=null | ip=null | op=WRITE_CHUNK {blockData=conID: 1 locID: 102651689519481410 bcsId: 3481} | ret=SUCCESS |  
2019-08-20 22:34:37,377 | INFO  | DNAudit | user=null | ip=null | op=WRITE_CHUNK {blockData=conID: 1 locID: 102651689519481410 bcsId: 3481} | ret=SUCCESS |  
2019-08-20 22:34:37,380 | INFO  | DNAudit | user=null | ip=null | op=PUT_BLOCK {blockData=[blockId=conID: 1 locID: 102651689519481410 bcsId: 0,size=3145728]} | ret=SUCCESS |  
2019-08-20 22:34:37,380 | INFO  | DNAudit | user=null | ip=null | op=PUT_BLOCK {blockData=[blockId=conID: 1 locID: 102651689519481410 bcsId: 0,size=3145728]} | ret=SUCCESS |  
2019-08-20 22:34:37,380 | INFO  | DNAudit | user=null | ip=null | op=WRITE_CHUNK {blockData=conID: 1 locID: 102651689519481410 bcsId: 3487} | ret=SUCCESS |  
2019-08-20 22:34:37,381 | INFO  | DNAudit | user=null | ip=null | op=PUT_BLOCK {blockData=[blockId=conID: 1 locID: 102651689519481410 bcsId: 0,size=4194304]} | ret=SUCCESS |  
2019-08-20 22:34:37,381 [grpc-default-executor-1] INFO  client.GrpcClientProtocolClient (GrpcClientProtocolClient.java:onNext(255)) - client-391BA870FC40->947ec526-030f-41cc-8af7-a6f75e712ab0: receive RaftClientReply:client-391BA870FC40->947ec526-030f-41cc-8af7-a6f75e712ab0@group-5D45C35602B2, cid=2350, SUCCESS, logIndex=3490, commits[947ec526-030f-41cc-8af7-a6f75e712ab0:c3491, c447b9b6-dde2-4ce7-aa81-d0e2eddc8fe9:c3487, 28b540ac-241d-462a-a56c-509e92928066:c3487]
2019-08-20 22:34:37,381 [grpc-default-executor-1] INFO  client.GrpcClientProtocolClient (GrpcClientProtocolClient.java:onNext(255)) - client-391BA870FC40->947ec526-030f-41cc-8af7-a6f75e712ab0: receive RaftClientReply:client-391BA870FC40->947ec526-030f-41cc-8af7-a6f75e712ab0@group-5D45C35602B2, cid=2351, SUCCESS, logIndex=3491, commits[947ec526-030f-41cc-8af7-a6f75e712ab0:c3491, c447b9b6-dde2-4ce7-aa81-d0e2eddc8fe9:c3487, 28b540ac-241d-462a-a56c-509e92928066:c3487]
2019-08-20 22:34:37,393 | INFO  | DNAudit | user=null | ip=null | op=WRITE_CHUNK {blockData=conID: 1 locID: 102651689519481410 bcsId: 3487} | ret=SUCCESS |  
2019-08-20 22:34:37,394 | INFO  | DNAudit | user=null | ip=null | op=WRITE_CHUNK {blockData=conID: 1 locID: 102651689519481410 bcsId: 3487} | ret=SUCCESS |  
2019-08-20 22:34:37,394 | INFO  | DNAudit | user=null | ip=null | op=PUT_BLOCK {blockData=[blockId=conID: 1 locID: 102651689519481410 bcsId: 0,size=4194304]} | ret=SUCCESS |  
2019-08-20 22:34:37,407 | INFO  | DNAudit | user=null | ip=null | op=PUT_BLOCK {blockData=[blockId=conID: 1 locID: 102651689519481410 bcsId: 0,size=4194304]} | ret=SUCCESS |  
2019-08-20 22:34:37,407 [grpc-default-executor-3] INFO  client.GrpcClientProtocolClient (GrpcClientProtocolClient.java:onNext(255)) - client-391BA870FC40->947ec526-030f-41cc-8af7-a6f75e712ab0: receive RaftClientReply:client-391BA870FC40->947ec526-030f-41cc-8af7-a6f75e712ab0@group-5D45C35602B2, cid=2352, SUCCESS, logIndex=0, commits[947ec526-030f-41cc-8af7-a6f75e712ab0:c3493, c447b9b6-dde2-4ce7-aa81-d0e2eddc8fe9:c3491, 28b540ac-241d-462a-a56c-509e92928066:c3491]
2019-08-20 22:34:37,413 | INFO  | SCMAudit | user=jenkins1000 | ip=192.168.5.142 | op=ALLOCATE_BLOCK {owner=6f694d07-2a2f-44d9-8e1c-aaa094a2f647, size=4194304, type=RATIS, factor=THREE} | ret=SUCCESS |  
2019-08-20 22:34:37,417 | INFO  | OMAudit | user=jenkins1000 | ip=127.0.0.1 | op=ALLOCATE_BLOCK {volume=vol-0-80747, bucket=bucket-0-27686, key=key-0-47435, dataSize=0, replicationType=null, replicationFactor=null, keyLocationInfo=null, clientID=102651687805452690} | ret=SUCCESS |  
2019-08-20 22:34:37,424 | INFO  | DNAudit | user=null | ip=null | op=WRITE_CHUNK {blockData=conID: 2 locID: 102651689527738947 bcsId: 0} | ret=SUCCESS |  
2019-08-20 22:34:37,428 | INFO  | DNAudit | user=null | ip=null | op=WRITE_CHUNK {blockData=conID: 2 locID: 102651689527738947 bcsId: 0} | ret=SUCCESS |  
2019-08-20 22:34:37,428 | INFO  | DNAudit | user=null | ip=null | op=WRITE_CHUNK {blockData=conID: 2 locID: 102651689527738947 bcsId: 0} | ret=SUCCESS |  
2019-08-20 22:34:37,428 | INFO  | DNAudit | user=null | ip=null | op=WRITE_CHUNK {blockData=conID: 2 locID: 102651689527738947 bcsId: 0} | ret=SUCCESS |  
2019-08-20 22:34:37,429 | INFO  | DNAudit | user=null | ip=null | op=WRITE_CHUNK {blockData=conID: 2 locID: 102651689527738947 bcsId: 0} | ret=SUCCESS |  
2019-08-20 22:34:37,429 | INFO  | DNAudit | user=null | ip=null | op=WRITE_CHUNK {blockData=conID: 2 locID: 102651689527738947 bcsId: 0} | ret=SUCCESS |  
2019-08-20 22:34:37,439 | INFO  | DNAudit | user=null | ip=null | op=WRITE_CHUNK {blockData=conID: 2 locID: 102651689527738947 bcsId: 0} | ret=SUCCESS |  
2019-08-20 22:34:37,440 | INFO  | DNAudit | user=null | ip=null | op=PUT_BLOCK {blockData=[blockId=conID: 2 locID: 102651689527738947 bcsId: 0,size=1048576]} | ret=SUCCESS |  
2019-08-20 22:34:37,440 [grpc-default-executor-3] INFO  client.GrpcClientProtocolClient (GrpcClientProtocolClient.java:onNext(255)) - client-391BA870FC40->947ec526-030f-41cc-8af7-a6f75e712ab0: receive RaftClientReply:client-391BA870FC40->947ec526-030f-41cc-8af7-a6f75e712ab0@group-5D45C35602B2, cid=2353, SUCCESS, logIndex=3494, commits[947ec526-030f-41cc-8af7-a6f75e712ab0:c3495, c447b9b6-dde2-4ce7-aa81-d0e2eddc8fe9:c3493, 28b540ac-241d-462a-a56c-509e92928066:c3493]
2019-08-20 22:34:37,440 [grpc-default-executor-3] INFO  client.GrpcClientProtocolClient (GrpcClientProtocolClient.java:onNext(255)) - client-391BA870FC40->947ec526-030f-41cc-8af7-a6f75e712ab0: receive RaftClientReply:client-391BA870FC40->947ec526-030f-41cc-8af7-a6f75e712ab0@group-5D45C35602B2, cid=2354, SUCCESS, logIndex=3495, commits[947ec526-030f-41cc-8af7-a6f75e712ab0:c3495, c447b9b6-dde2-4ce7-aa81-d0e2eddc8fe9:c3493, 28b540ac-241d-462a-a56c-509e92928066:c3493]
2019-08-20 22:34:37,450 | INFO  | DNAudit | user=null | ip=null | op=WRITE_CHUNK {blockData=conID: 2 locID: 102651689527738947 bcsId: 0} | ret=SUCCESS |  
2019-08-20 22:34:37,450 | INFO  | DNAudit | user=null | ip=null | op=PUT_BLOCK {blockData=[blockId=conID: 2 locID: 102651689527738947 bcsId: 0,size=2097152]} | ret=SUCCESS |  
2019-08-20 22:34:37,450 [grpc-default-executor-3] INFO  client.GrpcClientProtocolClient (GrpcClientProtocolClient.java:onNext(255)) - client-391BA870FC40->947ec526-030f-41cc-8af7-a6f75e712ab0: receive RaftClientReply:client-391BA870FC40->947ec526-030f-41cc-8af7-a6f75e712ab0@group-5D45C35602B2, cid=2355, SUCCESS, logIndex=3496, commits[947ec526-030f-41cc-8af7-a6f75e712ab0:c3497, c447b9b6-dde2-4ce7-aa81-d0e2eddc8fe9:c3493, 28b540ac-241d-462a-a56c-509e92928066:c3493]
2019-08-20 22:34:37,450 [grpc-default-executor-3] INFO  client.GrpcClientProtocolClient (GrpcClientProtocolClient.java:onNext(255)) - client-391BA870FC40->947ec526-030f-41cc-8af7-a6f75e712ab0: receive RaftClientReply:client-391BA870FC40->947ec526-030f-41cc-8af7-a6f75e712ab0@group-5D45C35602B2, cid=2356, SUCCESS, logIndex=3497, commits[947ec526-030f-41cc-8af7-a6f75e712ab0:c3497, c447b9b6-dde2-4ce7-aa81-d0e2eddc8fe9:c3493, 28b540ac-241d-462a-a56c-509e92928066:c3493]
2019-08-20 22:34:37,452 | INFO  | DNAudit | user=null | ip=null | op=WRITE_CHUNK {blockData=conID: 2 locID: 102651689527738947 bcsId: 0} | ret=SUCCESS |  
2019-08-20 22:34:37,452 | INFO  | DNAudit | user=null | ip=null | op=PUT_BLOCK {blockData=[blockId=conID: 2 locID: 102651689527738947 bcsId: 0,size=1048576]} | ret=SUCCESS |  
2019-08-20 22:34:37,452 | INFO  | DNAudit | user=null | ip=null | op=WRITE_CHUNK {blockData=conID: 2 locID: 102651689527738947 bcsId: 0} | ret=SUCCESS |  
2019-08-20 22:34:37,452 | INFO  | DNAudit | user=null | ip=null | op=PUT_BLOCK {blockData=[blockId=conID: 2 locID: 102651689527738947 bcsId: 0,size=1048576]} | ret=SUCCESS |  
2019-08-20 22:34:37,452 [grpc-default-executor-2] INFO  client.GrpcClientProtocolClient (GrpcClientProtocolClient.java:onNext(255)) - client-391BA870FC40->947ec526-030f-41cc-8af7-a6f75e712ab0: receive RaftClientReply:client-391BA870FC40->947ec526-030f-41cc-8af7-a6f75e712ab0@group-5D45C35602B2, cid=2357, SUCCESS, logIndex=0, commits[947ec526-030f-41cc-8af7-a6f75e712ab0:c3497, c447b9b6-dde2-4ce7-aa81-d0e2eddc8fe9:c3495, 28b540ac-241d-462a-a56c-509e92928066:c3495]
2019-08-20 22:34:37,458 | INFO  | DNAudit | user=null | ip=null | op=WRITE_CHUNK {blockData=conID: 2 locID: 102651689527738947 bcsId: 3497} | ret=SUCCESS |  
2019-08-20 22:34:37,460 | INFO  | DNAudit | user=null | ip=null | op=WRITE_CHUNK {blockData=conID: 2 locID: 102651689527738947 bcsId: 3497} | ret=SUCCESS |  
2019-08-20 22:34:37,460 | INFO  | DNAudit | user=null | ip=null | op=WRITE_CHUNK {blockData=conID: 2 locID: 102651689527738947 bcsId: 3497} | ret=SUCCESS |  
2019-08-20 22:34:37,478 | INFO  | DNAudit | user=null | ip=null | op=WRITE_CHUNK {blockData=conID: 2 locID: 102651689527738947 bcsId: 0} | ret=SUCCESS |  
2019-08-20 22:34:37,478 | INFO  | DNAudit | user=null | ip=null | op=WRITE_CHUNK {blockData=conID: 2 locID: 102651689527738947 bcsId: 0} | ret=SUCCESS |  
2019-08-20 22:34:37,478 | INFO  | DNAudit | user=null | ip=null | op=WRITE_CHUNK {blockData=conID: 2 locID: 102651689527738947 bcsId: 3497} | ret=SUCCESS |  
2019-08-20 22:34:37,478 | INFO  | DNAudit | user=null | ip=null | op=PUT_BLOCK {blockData=[blockId=conID: 2 locID: 102651689527738947 bcsId: 0,size=2097152]} | ret=SUCCESS |  
2019-08-20 22:34:37,478 | INFO  | DNAudit | user=null | ip=null | op=PUT_BLOCK {blockData=[blockId=conID: 2 locID: 102651689527738947 bcsId: 0,size=2097152]} | ret=SUCCESS |  
2019-08-20 22:34:37,478 | INFO  | DNAudit | user=null | ip=null | op=PUT_BLOCK {blockData=[blockId=conID: 2 locID: 102651689527738947 bcsId: 0,size=3145728]} | ret=SUCCESS |  
2019-08-20 22:34:37,478 [grpc-default-executor-2] INFO  client.GrpcClientProtocolClient (GrpcClientProtocolClient.java:onNext(255)) - client-391BA870FC40->947ec526-030f-41cc-8af7-a6f75e712ab0: receive RaftClientReply:client-391BA870FC40->947ec526-030f-41cc-8af7-a6f75e712ab0@group-5D45C35602B2, cid=2358, SUCCESS, logIndex=3502, commits[947ec526-030f-41cc-8af7-a6f75e712ab0:c3503, c447b9b6-dde2-4ce7-aa81-d0e2eddc8fe9:c3497, 28b540ac-241d-462a-a56c-509e92928066:c3497]
2019-08-20 22:34:37,479 [grpc-default-executor-2] INFO  client.GrpcClientProtocolClient (GrpcClientProtocolClient.java:onNext(255)) - client-391BA870FC40->947ec526-030f-41cc-8af7-a6f75e712ab0: receive RaftClientReply:client-391BA870FC40->947ec526-030f-41cc-8af7-a6f75e712ab0@group-5D45C35602B2, cid=2359, SUCCESS, logIndex=3503, commits[947ec526-030f-41cc-8af7-a6f75e712ab0:c3503, c447b9b6-dde2-4ce7-aa81-d0e2eddc8fe9:c3497, 28b540ac-241d-462a-a56c-509e92928066:c3497]
2019-08-20 22:34:37,484 | INFO  | DNAudit | user=null | ip=null | op=WRITE_CHUNK {blockData=conID: 2 locID: 102651689527738947 bcsId: 3503} | ret=SUCCESS |  
2019-08-20 22:34:37,485 | INFO  | DNAudit | user=null | ip=null | op=WRITE_CHUNK {blockData=conID: 2 locID: 102651689527738947 bcsId: 3503} | ret=SUCCESS |  
2019-08-20 22:34:37,485 | INFO  | DNAudit | user=null | ip=null | op=WRITE_CHUNK {blockData=conID: 2 locID: 102651689527738947 bcsId: 3503} | ret=SUCCESS |  
2019-08-20 22:34:37,491 | INFO  | DNAudit | user=null | ip=null | op=WRITE_CHUNK {blockData=conID: 2 locID: 102651689527738947 bcsId: 3497} | ret=SUCCESS |  
2019-08-20 22:34:37,491 | INFO  | DNAudit | user=null | ip=null | op=WRITE_CHUNK {blockData=conID: 2 locID: 102651689527738947 bcsId: 3497} | ret=SUCCESS |  
2019-08-20 22:34:37,500 | INFO  | DNAudit | user=null | ip=null | op=PUT_BLOCK {blockData=[blockId=conID: 2 locID: 102651689527738947 bcsId: 0,size=3145728]} | ret=SUCCESS |  
2019-08-20 22:34:37,501 | INFO  | DNAudit | user=null | ip=null | op=WRITE_CHUNK {blockData=conID: 2 locID: 102651689527738947 bcsId: 3503} | ret=SUCCESS |  
2019-08-20 22:34:37,501 | INFO  | DNAudit | user=null | ip=null | op=PUT_BLOCK {blockData=[blockId=conID: 2 locID: 102651689527738947 bcsId: 0,size=3145728]} | ret=SUCCESS |  
2019-08-20 22:34:37,501 | INFO  | DNAudit | user=null | ip=null | op=PUT_BLOCK {blockData=[blockId=conID: 2 locID: 102651689527738947 bcsId: 0,size=4194304]} | ret=SUCCESS |  
2019-08-20 22:34:37,501 [grpc-default-executor-2] INFO  client.GrpcClientProtocolClient (GrpcClientProtocolClient.java:onNext(255)) - client-391BA870FC40->947ec526-030f-41cc-8af7-a6f75e712ab0: receive RaftClientReply:client-391BA870FC40->947ec526-030f-41cc-8af7-a6f75e712ab0@group-5D45C35602B2, cid=2360, SUCCESS, logIndex=3506, commits[947ec526-030f-41cc-8af7-a6f75e712ab0:c3506, c447b9b6-dde2-4ce7-aa81-d0e2eddc8fe9:c3503, 28b540ac-241d-462a-a56c-509e92928066:c3503]
2019-08-20 22:34:37,501 [grpc-default-executor-2] INFO  client.GrpcClientProtocolClient (GrpcClientProtocolClient.java:onNext(255)) - client-391BA870FC40->947ec526-030f-41cc-8af7-a6f75e712ab0: receive RaftClientReply:client-391BA870FC40->947ec526-030f-41cc-8af7-a6f75e712ab0@group-5D45C35602B2, cid=2361, SUCCESS, logIndex=3507, commits[947ec526-030f-41cc-8af7-a6f75e712ab0:c3507, c447b9b6-dde2-4ce7-aa81-d0e2eddc8fe9:c3503, 28b540ac-241d-462a-a56c-509e92928066:c3503]
2019-08-20 22:34:37,519 | INFO  | DNAudit | user=null | ip=null | op=WRITE_CHUNK {blockData=conID: 2 locID: 102651689527738947 bcsId: 3503} | ret=SUCCESS |  
2019-08-20 22:34:37,519 | INFO  | DNAudit | user=null | ip=null | op=WRITE_CHUNK {blockData=conID: 2 locID: 102651689527738947 bcsId: 3503} | ret=SUCCESS |  
2019-08-20 22:34:37,522 | INFO  | DNAudit | user=null | ip=null | op=PUT_BLOCK {blockData=[blockId=conID: 2 locID: 102651689527738947 bcsId: 0,size=4194304]} | ret=SUCCESS |  
2019-08-20 22:34:37,522 | INFO  | DNAudit | user=null | ip=null | op=PUT_BLOCK {blockData=[blockId=conID: 2 locID: 102651689527738947 bcsId: 0,size=4194304]} | ret=SUCCESS |  
2019-08-20 22:34:37,522 [grpc-default-executor-3] INFO  client.GrpcClientProtocolClient (GrpcClientProtocolClient.java:onNext(255)) - client-391BA870FC40->947ec526-030f-41cc-8af7-a6f75e712ab0: receive RaftClientReply:client-391BA870FC40->947ec526-030f-41cc-8af7-a6f75e712ab0@group-5D45C35602B2, cid=2362, SUCCESS, logIndex=0, commits[947ec526-030f-41cc-8af7-a6f75e712ab0:c3509, c447b9b6-dde2-4ce7-aa81-d0e2eddc8fe9:c3507, 28b540ac-241d-462a-a56c-509e92928066:c3507]
2019-08-20 22:34:37,526 | INFO  | SCMAudit | user=jenkins1000 | ip=192.168.5.142 | op=ALLOCATE_BLOCK {owner=6f694d07-2a2f-44d9-8e1c-aaa094a2f647, size=4194304, type=RATIS, factor=THREE} | ret=SUCCESS |  
2019-08-20 22:34:37,529 | INFO  | OMAudit | user=jenkins1000 | ip=127.0.0.1 | op=ALLOCATE_BLOCK {volume=vol-0-80747, bucket=bucket-0-27686, key=key-0-47435, dataSize=0, replicationType=null, replicationFactor=null, keyLocationInfo=null, clientID=102651687805452690} | ret=SUCCESS |  
2019-08-20 22:34:37,534 | INFO  | DNAudit | user=null | ip=null | op=WRITE_CHUNK {blockData=conID: 3 locID: 102651689535144516 bcsId: 0} | ret=SUCCESS |  
2019-08-20 22:34:37,537 | INFO  | DNAudit | user=null | ip=null | op=WRITE_CHUNK {blockData=conID: 3 locID: 102651689535144516 bcsId: 0} | ret=SUCCESS |  
2019-08-20 22:34:37,537 | INFO  | DNAudit | user=null | ip=null | op=WRITE_CHUNK {blockData=conID: 3 locID: 102651689535144516 bcsId: 0} | ret=SUCCESS |  
2019-08-20 22:34:37,538 | INFO  | DNAudit | user=null | ip=null | op=WRITE_CHUNK {blockData=conID: 3 locID: 102651689535144516 bcsId: 0} | ret=SUCCESS |  
2019-08-20 22:34:37,539 | INFO  | DNAudit | user=null | ip=null | op=WRITE_CHUNK {blockData=conID: 3 locID: 102651689535144516 bcsId: 0} | ret=SUCCESS |  
2019-08-20 22:34:37,539 | INFO  | DNAudit | user=null | ip=null | op=WRITE_CHUNK {blockData=conID: 3 locID: 102651689535144516 bcsId: 0} | ret=SUCCESS |  
2019-08-20 22:34:37,541 | INFO  | DNAudit | user=null | ip=null | op=WRITE_CHUNK {blockData=conID: 3 locID: 102651689535144516 bcsId: 0} | ret=SUCCESS |  
2019-08-20 22:34:37,541 | INFO  | DNAudit | user=null | ip=null | op=PUT_BLOCK {blockData=[blockId=conID: 3 locID: 102651689535144516 bcsId: 0,size=1048576]} | ret=SUCCESS |  
2019-08-20 22:34:37,541 | INFO  | DNAudit | user=null | ip=null | op=WRITE_CHUNK {blockData=conID: 3 locID: 102651689535144516 bcsId: 0} | ret=SUCCESS |  
2019-08-20 22:34:37,541 [grpc-default-executor-1] INFO  client.GrpcClientProtocolClient (GrpcClientProtocolClient.java:onNext(255)) - client-391BA870FC40->947ec526-030f-41cc-8af7-a6f75e712ab0: receive RaftClientReply:client-391BA870FC40->947ec526-030f-41cc-8af7-a6f75e712ab0@group-5D45C35602B2, cid=2363, SUCCESS, logIndex=3510, commits[947ec526-030f-41cc-8af7-a6f75e712ab0:c3513, c447b9b6-dde2-4ce7-aa81-d0e2eddc8fe9:c3509, 28b540ac-241d-462a-a56c-509e92928066:c3509]
2019-08-20 22:34:37,542 | INFO  | DNAudit | user=null | ip=null | op=PUT_BLOCK {blockData=[blockId=conID: 3 locID: 102651689535144516 bcsId: 0,size=2097152]} | ret=SUCCESS |  
2019-08-20 22:34:37,542 [grpc-default-executor-1] INFO  client.GrpcClientProtocolClient (GrpcClientProtocolClient.java:onNext(255)) - client-391BA870FC40->947ec526-030f-41cc-8af7-a6f75e712ab0: receive RaftClientReply:client-391BA870FC40->947ec526-030f-41cc-8af7-a6f75e712ab0@group-5D45C35602B2, cid=2364, SUCCESS, logIndex=3511, commits[947ec526-030f-41cc-8af7-a6f75e712ab0:c3513, c447b9b6-dde2-4ce7-aa81-d0e2eddc8fe9:c3509, 28b540ac-241d-462a-a56c-509e92928066:c3509]
2019-08-20 22:34:37,542 [grpc-default-executor-1] INFO  client.GrpcClientProtocolClient (GrpcClientProtocolClient.java:onNext(255)) - client-391BA870FC40->947ec526-030f-41cc-8af7-a6f75e712ab0: receive RaftClientReply:client-391BA870FC40->947ec526-030f-41cc-8af7-a6f75e712ab0@group-5D45C35602B2, cid=2365, SUCCESS, logIndex=3512, commits[947ec526-030f-41cc-8af7-a6f75e712ab0:c3513, c447b9b6-dde2-4ce7-aa81-d0e2eddc8fe9:c3509, 28b540ac-241d-462a-a56c-509e92928066:c3509]
2019-08-20 22:34:37,542 [grpc-default-executor-1] INFO  client.GrpcClientProtocolClient (GrpcClientProtocolClient.java:onNext(255)) - client-391BA870FC40->947ec526-030f-41cc-8af7-a6f75e712ab0: receive RaftClientReply:client-391BA870FC40->947ec526-030f-41cc-8af7-a6f75e712ab0@group-5D45C35602B2, cid=2366, SUCCESS, logIndex=3513, commits[947ec526-030f-41cc-8af7-a6f75e712ab0:c3513, c447b9b6-dde2-4ce7-aa81-d0e2eddc8fe9:c3509, 28b540ac-241d-462a-a56c-509e92928066:c3509]
2019-08-20 22:34:37,543 | INFO  | DNAudit | user=null | ip=null | op=WRITE_CHUNK {blockData=conID: 3 locID: 102651689535144516 bcsId: 0} | ret=SUCCESS |  
2019-08-20 22:34:37,543 | INFO  | DNAudit | user=null | ip=null | op=PUT_BLOCK {blockData=[blockId=conID: 3 locID: 102651689535144516 bcsId: 0,size=1048576]} | ret=SUCCESS |  
2019-08-20 22:34:37,543 | INFO  | DNAudit | user=null | ip=null | op=WRITE_CHUNK {blockData=conID: 3 locID: 102651689535144516 bcsId: 0} | ret=SUCCESS |  
2019-08-20 22:34:37,544 | INFO  | DNAudit | user=null | ip=null | op=PUT_BLOCK {blockData=[blockId=conID: 3 locID: 102651689535144516 bcsId: 0,size=1048576]} | ret=SUCCESS |  
2019-08-20 22:34:37,544 [grpc-default-executor-1] INFO  client.GrpcClientProtocolClient (GrpcClientProtocolClient.java:onNext(255)) - client-391BA870FC40->947ec526-030f-41cc-8af7-a6f75e712ab0: receive RaftClientReply:client-391BA870FC40->947ec526-030f-41cc-8af7-a6f75e712ab0@group-5D45C35602B2, cid=2367, SUCCESS, logIndex=0, commits[947ec526-030f-41cc-8af7-a6f75e712ab0:c3514, c447b9b6-dde2-4ce7-aa81-d0e2eddc8fe9:c3511, 28b540ac-241d-462a-a56c-509e92928066:c3511]
2019-08-20 22:34:37,549 | INFO  | DNAudit | user=null | ip=null | op=WRITE_CHUNK {blockData=conID: 3 locID: 102651689535144516 bcsId: 3513} | ret=SUCCESS |  
2019-08-20 22:34:37,550 | INFO  | DNAudit | user=null | ip=null | op=WRITE_CHUNK {blockData=conID: 3 locID: 102651689535144516 bcsId: 3513} | ret=SUCCESS |  
2019-08-20 22:34:37,550 | INFO  | DNAudit | user=null | ip=null | op=WRITE_CHUNK {blockData=conID: 3 locID: 102651689535144516 bcsId: 3513} | ret=SUCCESS |  
2019-08-20 22:34:37,553 | INFO  | DNAudit | user=null | ip=null | op=WRITE_CHUNK {blockData=conID: 3 locID: 102651689535144516 bcsId: 0} | ret=SUCCESS |  
2019-08-20 22:34:37,554 | INFO  | DNAudit | user=null | ip=null | op=WRITE_CHUNK {blockData=conID: 3 locID: 102651689535144516 bcsId: 0} | ret=SUCCESS |  
2019-08-20 22:34:37,554 | INFO  | DNAudit | user=null | ip=null | op=PUT_BLOCK {blockData=[blockId=conID: 3 locID: 102651689535144516 bcsId: 0,size=2097152]} | ret=SUCCESS |  
2019-08-20 22:34:37,554 | INFO  | DNAudit | user=null | ip=null | op=PUT_BLOCK {blockData=[blockId=conID: 3 locID: 102651689535144516 bcsId: 0,size=2097152]} | ret=SUCCESS |  
2019-08-20 22:34:37,555 | INFO  | DNAudit | user=null | ip=null | op=WRITE_CHUNK {blockData=conID: 3 locID: 102651689535144516 bcsId: 3513} | ret=SUCCESS |  
2019-08-20 22:34:37,555 | INFO  | DNAudit | user=null | ip=null | op=PUT_BLOCK {blockData=[blockId=conID: 3 locID: 102651689535144516 bcsId: 0,size=3145728]} | ret=SUCCESS |  
2019-08-20 22:34:37,555 [grpc-default-executor-1] INFO  client.GrpcClientProtocolClient (GrpcClientProtocolClient.java:onNext(255)) - client-391BA870FC40->947ec526-030f-41cc-8af7-a6f75e712ab0: receive RaftClientReply:client-391BA870FC40->947ec526-030f-41cc-8af7-a6f75e712ab0@group-5D45C35602B2, cid=2368, SUCCESS, logIndex=3517, commits[947ec526-030f-41cc-8af7-a6f75e712ab0:c3518, c447b9b6-dde2-4ce7-aa81-d0e2eddc8fe9:c3514, 28b540ac-241d-462a-a56c-509e92928066:c3513]
2019-08-20 22:34:37,556 [grpc-default-executor-1] INFO  client.GrpcClientProtocolClient (GrpcClientProtocolClient.java:onNext(255)) - client-391BA870FC40->947ec526-030f-41cc-8af7-a6f75e712ab0: receive RaftClientReply:client-391BA870FC40->947ec526-030f-41cc-8af7-a6f75e712ab0@group-5D45C35602B2, cid=2369, SUCCESS, logIndex=3518, commits[947ec526-030f-41cc-8af7-a6f75e712ab0:c3518, c447b9b6-dde2-4ce7-aa81-d0e2eddc8fe9:c3514, 28b540ac-241d-462a-a56c-509e92928066:c3513]
2019-08-20 22:34:37,561 | INFO  | DNAudit | user=null | ip=null | op=WRITE_CHUNK {blockData=conID: 3 locID: 102651689535144516 bcsId: 3518} | ret=SUCCESS |  
2019-08-20 22:34:37,562 | INFO  | DNAudit | user=null | ip=null | op=WRITE_CHUNK {blockData=conID: 3 locID: 102651689535144516 bcsId: 3518} | ret=SUCCESS |  
2019-08-20 22:34:37,562 | INFO  | DNAudit | user=null | ip=null | op=WRITE_CHUNK {blockData=conID: 3 locID: 102651689535144516 bcsId: 3518} | ret=SUCCESS |  
2019-08-20 22:34:37,568 | INFO  | DNAudit | user=null | ip=null | op=WRITE_CHUNK {blockData=conID: 3 locID: 102651689535144516 bcsId: 3513} | ret=SUCCESS |  
2019-08-20 22:34:37,568 | INFO  | DNAudit | user=null | ip=null | op=WRITE_CHUNK {blockData=conID: 3 locID: 102651689535144516 bcsId: 3513} | ret=SUCCESS |  
2019-08-20 22:34:37,569 | INFO  | DNAudit | user=null | ip=null | op=PUT_BLOCK {blockData=[blockId=conID: 3 locID: 102651689535144516 bcsId: 0,size=3145728]} | ret=SUCCESS |  
2019-08-20 22:34:37,569 | INFO  | DNAudit | user=null | ip=null | op=PUT_BLOCK {blockData=[blockId=conID: 3 locID: 102651689535144516 bcsId: 0,size=3145728]} | ret=SUCCESS |  
2019-08-20 22:34:37,571 | INFO  | DNAudit | user=null | ip=null | op=WRITE_CHUNK {blockData=conID: 3 locID: 102651689535144516 bcsId: 3518} | ret=SUCCESS |  
2019-08-20 22:34:37,572 | INFO  | DNAudit | user=null | ip=null | op=PUT_BLOCK {blockData=[blockId=conID: 3 locID: 102651689535144516 bcsId: 0,size=4194304]} | ret=SUCCESS |  
2019-08-20 22:34:37,572 [grpc-default-executor-2] INFO  client.GrpcClientProtocolClient (GrpcClientProtocolClient.java:onNext(255)) - client-391BA870FC40->947ec526-030f-41cc-8af7-a6f75e712ab0: receive RaftClientReply:client-391BA870FC40->947ec526-030f-41cc-8af7-a6f75e712ab0@group-5D45C35602B2, cid=2370, SUCCESS, logIndex=3521, commits[947ec526-030f-41cc-8af7-a6f75e712ab0:c3522, c447b9b6-dde2-4ce7-aa81-d0e2eddc8fe9:c3518, 28b540ac-241d-462a-a56c-509e92928066:c3518]
2019-08-20 22:34:37,572 [grpc-default-executor-2] INFO  client.GrpcClientProtocolClient (GrpcClientProtocolClient.java:onNext(255)) - client-391BA870FC40->947ec526-030f-41cc-8af7-a6f75e712ab0: receive RaftClientReply:client-391BA870FC40->947ec526-030f-41cc-8af7-a6f75e712ab0@group-5D45C35602B2, cid=2371, SUCCESS, logIndex=3522, commits[947ec526-030f-41cc-8af7-a6f75e712ab0:c3522, c447b9b6-dde2-4ce7-aa81-d0e2eddc8fe9:c3518, 28b540ac-241d-462a-a56c-509e92928066:c3518]
2019-08-20 22:34:37,573 | INFO  | DNAudit | user=null | ip=null | op=WRITE_CHUNK {blockData=conID: 3 locID: 102651689535144516 bcsId: 3518} | ret=SUCCESS |  
2019-08-20 22:34:37,576 | INFO  | DNAudit | user=null | ip=null | op=WRITE_CHUNK {blockData=conID: 3 locID: 102651689535144516 bcsId: 3518} | ret=SUCCESS |  
2019-08-20 22:34:37,576 | INFO  | DNAudit | user=null | ip=null | op=PUT_BLOCK {blockData=[blockId=conID: 3 locID: 102651689535144516 bcsId: 0,size=4194304]} | ret=SUCCESS |  
2019-08-20 22:34:37,577 | INFO  | DNAudit | user=null | ip=null | op=PUT_BLOCK {blockData=[blockId=conID: 3 locID: 102651689535144516 bcsId: 0,size=4194304]} | ret=SUCCESS |  
2019-08-20 22:34:37,577 [grpc-default-executor-2] INFO  client.GrpcClientProtocolClient (GrpcClientProtocolClient.java:onNext(255)) - client-391BA870FC40->947ec526-030f-41cc-8af7-a6f75e712ab0: receive RaftClientReply:client-391BA870FC40->947ec526-030f-41cc-8af7-a6f75e712ab0@group-5D45C35602B2, cid=2372, SUCCESS, logIndex=0, commits[947ec526-030f-41cc-8af7-a6f75e712ab0:c3524, c447b9b6-dde2-4ce7-aa81-d0e2eddc8fe9:c3522, 28b540ac-241d-462a-a56c-509e92928066:c3522]
2019-08-20 22:34:37,581 | INFO  | SCMAudit | user=jenkins1000 | ip=192.168.5.142 | op=ALLOCATE_BLOCK {owner=6f694d07-2a2f-44d9-8e1c-aaa094a2f647, size=4194304, type=RATIS, factor=THREE} | ret=SUCCESS |  
2019-08-20 22:34:37,583 | INFO  | OMAudit | user=jenkins1000 | ip=127.0.0.1 | op=ALLOCATE_BLOCK {volume=vol-0-80747, bucket=bucket-0-27686, key=key-0-47435, dataSize=0, replicationType=null, replicationFactor=null, keyLocationInfo=null, clientID=102651687805452690} | ret=SUCCESS |  
2019-08-20 22:34:37,589 | INFO  | DNAudit | user=null | ip=null | op=WRITE_CHUNK {blockData=conID: 1 locID: 102651689538748997 bcsId: 0} | ret=SUCCESS |  
2019-08-20 22:34:37,591 | INFO  | DNAudit | user=null | ip=null | op=WRITE_CHUNK {blockData=conID: 1 locID: 102651689538748997 bcsId: 0} | ret=SUCCESS |  
2019-08-20 22:34:37,591 | INFO  | DNAudit | user=null | ip=null | op=WRITE_CHUNK {blockData=conID: 1 locID: 102651689538748997 bcsId: 0} | ret=SUCCESS |  
2019-08-20 22:34:37,591 | INFO  | DNAudit | user=null | ip=null | op=WRITE_CHUNK {blockData=conID: 1 locID: 102651689538748997 bcsId: 0} | ret=SUCCESS |  
2019-08-20 22:34:37,592 | INFO  | DNAudit | user=null | ip=null | op=WRITE_CHUNK {blockData=conID: 1 locID: 102651689538748997 bcsId: 0} | ret=SUCCESS |  
2019-08-20 22:34:37,592 | INFO  | DNAudit | user=null | ip=null | op=WRITE_CHUNK {blockData=conID: 1 locID: 102651689538748997 bcsId: 0} | ret=SUCCESS |  
2019-08-20 22:34:37,593 | INFO  | DNAudit | user=null | ip=null | op=WRITE_CHUNK {blockData=conID: 1 locID: 102651689538748997 bcsId: 0} | ret=SUCCESS |  
2019-08-20 22:34:37,594 | INFO  | DNAudit | user=null | ip=null | op=PUT_BLOCK {blockData=[blockId=conID: 1 locID: 102651689538748997 bcsId: 0,size=1048576]} | ret=SUCCESS |  
2019-08-20 22:34:37,594 [grpc-default-executor-3] INFO  client.GrpcClientProtocolClient (GrpcClientProtocolClient.java:onNext(255)) - client-391BA870FC40->947ec526-030f-41cc-8af7-a6f75e712ab0: receive RaftClientReply:client-391BA870FC40->947ec526-030f-41cc-8af7-a6f75e712ab0@group-5D45C35602B2, cid=2373, SUCCESS, logIndex=3525, commits[947ec526-030f-41cc-8af7-a6f75e712ab0:c3526, c447b9b6-dde2-4ce7-aa81-d0e2eddc8fe9:c3524, 28b540ac-241d-462a-a56c-509e92928066:c3522]
2019-08-20 22:34:37,594 [grpc-default-executor-3] INFO  client.GrpcClientProtocolClient (GrpcClientProtocolClient.java:onNext(255)) - client-391BA870FC40->947ec526-030f-41cc-8af7-a6f75e712ab0: receive RaftClientReply:client-391BA870FC40->947ec526-030f-41cc-8af7-a6f75e712ab0@group-5D45C35602B2, cid=2374, SUCCESS, logIndex=3526, commits[947ec526-030f-41cc-8af7-a6f75e712ab0:c3526, c447b9b6-dde2-4ce7-aa81-d0e2eddc8fe9:c3524, 28b540ac-241d-462a-a56c-509e92928066:c3522]
2019-08-20 22:34:37,595 | INFO  | DNAudit | user=null | ip=null | op=WRITE_CHUNK {blockData=conID: 1 locID: 102651689538748997 bcsId: 0} | ret=SUCCESS |  
2019-08-20 22:34:37,595 | INFO  | DNAudit | user=null | ip=null | op=PUT_BLOCK {blockData=[blockId=conID: 1 locID: 102651689538748997 bcsId: 0,size=2097152]} | ret=SUCCESS |  
2019-08-20 22:34:37,595 [grpc-default-executor-1] INFO  client.GrpcClientProtocolClient (GrpcClientProtocolClient.java:onNext(255)) - client-391BA870FC40->947ec526-030f-41cc-8af7-a6f75e712ab0: receive RaftClientReply:client-391BA870FC40->947ec526-030f-41cc-8af7-a6f75e712ab0@group-5D45C35602B2, cid=2375, SUCCESS, logIndex=3527, commits[947ec526-030f-41cc-8af7-a6f75e712ab0:c3528, c447b9b6-dde2-4ce7-aa81-d0e2eddc8fe9:c3524, 28b540ac-241d-462a-a56c-509e92928066:c3524]
2019-08-20 22:34:37,595 [grpc-default-executor-1] INFO  client.GrpcClientProtocolClient (GrpcClientProtocolClient.java:onNext(255)) - client-391BA870FC40->947ec526-030f-41cc-8af7-a6f75e712ab0: receive RaftClientReply:client-391BA870FC40->947ec526-030f-41cc-8af7-a6f75e712ab0@group-5D45C35602B2, cid=2376, SUCCESS, logIndex=3528, commits[947ec526-030f-41cc-8af7-a6f75e712ab0:c3528, c447b9b6-dde2-4ce7-aa81-d0e2eddc8fe9:c3524, 28b540ac-241d-462a-a56c-509e92928066:c3524]
2019-08-20 22:34:37,604 | INFO  | DNAudit | user=null | ip=null | op=WRITE_CHUNK {blockData=conID: 1 locID: 102651689538748997 bcsId: 0} | ret=SUCCESS |  
2019-08-20 22:34:37,604 | INFO  | DNAudit | user=null | ip=null | op=PUT_BLOCK {blockData=[blockId=conID: 1 locID: 102651689538748997 bcsId: 0,size=1048576]} | ret=SUCCESS |  
2019-08-20 22:34:37,615 | INFO  | DNAudit | user=null | ip=null | op=WRITE_CHUNK {blockData=conID: 1 locID: 102651689538748997 bcsId: 0} | ret=SUCCESS |  
2019-08-20 22:34:37,616 | INFO  | DNAudit | user=null | ip=null | op=WRITE_CHUNK {blockData=conID: 1 locID: 102651689538748997 bcsId: 0} | ret=SUCCESS |  
2019-08-20 22:34:37,616 | INFO  | DNAudit | user=null | ip=null | op=PUT_BLOCK {blockData=[blockId=conID: 1 locID: 102651689538748997 bcsId: 0,size=2097152]} | ret=SUCCESS |  
2019-08-20 22:34:37,616 [grpc-default-executor-1] INFO  client.GrpcClientProtocolClient (GrpcClientProtocolClient.java:onNext(255)) - client-391BA870FC40->947ec526-030f-41cc-8af7-a6f75e712ab0: receive RaftClientReply:client-391BA870FC40->947ec526-030f-41cc-8af7-a6f75e712ab0@group-5D45C35602B2, cid=2377, SUCCESS, logIndex=0, commits[947ec526-030f-41cc-8af7-a6f75e712ab0:c3530, c447b9b6-dde2-4ce7-aa81-d0e2eddc8fe9:c3527, 28b540ac-241d-462a-a56c-509e92928066:c3526]
2019-08-20 22:34:37,616 | INFO  | DNAudit | user=null | ip=null | op=PUT_BLOCK {blockData=[blockId=conID: 1 locID: 102651689538748997 bcsId: 0,size=1048576]} | ret=SUCCESS |  
2019-08-20 22:34:37,616 | INFO  | DNAudit | user=null | ip=null | op=WRITE_CHUNK {blockData=conID: 1 locID: 102651689538748997 bcsId: 0} | ret=SUCCESS |  
2019-08-20 22:34:37,621 | INFO  | DNAudit | user=null | ip=null | op=WRITE_CHUNK {blockData=conID: 1 locID: 102651689538748997 bcsId: 3528} | ret=SUCCESS |  
2019-08-20 22:34:37,623 | INFO  | DNAudit | user=null | ip=null | op=WRITE_CHUNK {blockData=conID: 1 locID: 102651689538748997 bcsId: 3528} | ret=SUCCESS |  
2019-08-20 22:34:37,623 | INFO  | DNAudit | user=null | ip=null | op=WRITE_CHUNK {blockData=conID: 1 locID: 102651689538748997 bcsId: 3528} | ret=SUCCESS |  
2019-08-20 22:34:37,633 | INFO  | DNAudit | user=null | ip=null | op=PUT_BLOCK {blockData=[blockId=conID: 1 locID: 102651689538748997 bcsId: 0,size=2097152]} | ret=SUCCESS |  
2019-08-20 22:34:37,634 | INFO  | DNAudit | user=null | ip=null | op=WRITE_CHUNK {blockData=conID: 1 locID: 102651689538748997 bcsId: 3528} | ret=SUCCESS |  
2019-08-20 22:34:37,635 | INFO  | DNAudit | user=null | ip=null | op=PUT_BLOCK {blockData=[blockId=conID: 1 locID: 102651689538748997 bcsId: 0,size=3145728]} | ret=SUCCESS |  
2019-08-20 22:34:37,635 [grpc-default-executor-1] INFO  client.GrpcClientProtocolClient (GrpcClientProtocolClient.java:onNext(255)) - client-391BA870FC40->947ec526-030f-41cc-8af7-a6f75e712ab0: receive RaftClientReply:client-391BA870FC40->947ec526-030f-41cc-8af7-a6f75e712ab0@group-5D45C35602B2, cid=2378, SUCCESS, logIndex=3532, commits[947ec526-030f-41cc-8af7-a6f75e712ab0:c3533, c447b9b6-dde2-4ce7-aa81-d0e2eddc8fe9:c3531, 28b540ac-241d-462a-a56c-509e92928066:c3528]
2019-08-20 22:34:37,635 [grpc-default-executor-1] INFO  client.GrpcClientProtocolClient (GrpcClientProtocolClient.java:onNext(255)) - client-391BA870FC40->947ec526-030f-41cc-8af7-a6f75e712ab0: receive RaftClientReply:client-391BA870FC40->947ec526-030f-41cc-8af7-a6f75e712ab0@group-5D45C35602B2, cid=2379, SUCCESS, logIndex=3533, commits[947ec526-030f-41cc-8af7-a6f75e712ab0:c3533, c447b9b6-dde2-4ce7-aa81-d0e2eddc8fe9:c3531, 28b540ac-241d-462a-a56c-509e92928066:c3531]
2019-08-20 22:34:37,636 | INFO  | DNAudit | user=null | ip=null | op=WRITE_CHUNK {blockData=conID: 1 locID: 102651689538748997 bcsId: 3528} | ret=SUCCESS |  
2019-08-20 22:34:37,636 | INFO  | DNAudit | user=null | ip=null | op=WRITE_CHUNK {blockData=conID: 1 locID: 102651689538748997 bcsId: 3528} | ret=SUCCESS |  
2019-08-20 22:34:37,638 | INFO  | DNAudit | user=null | ip=null | op=PUT_BLOCK {blockData=[blockId=conID: 1 locID: 102651689538748997 bcsId: 0,size=3145728]} | ret=SUCCESS |  
2019-08-20 22:34:37,638 | INFO  | DNAudit | user=null | ip=null | op=PUT_BLOCK {blockData=[blockId=conID: 1 locID: 102651689538748997 bcsId: 0,size=3145728]} | ret=SUCCESS |  
2019-08-20 22:34:37,641 | INFO  | DNAudit | user=null | ip=null | op=WRITE_CHUNK {blockData=conID: 1 locID: 102651689538748997 bcsId: 3533} | ret=SUCCESS |  
2019-08-20 22:34:37,642 | INFO  | DNAudit | user=null | ip=null | op=WRITE_CHUNK {blockData=conID: 1 locID: 102651689538748997 bcsId: 3533} | ret=SUCCESS |  
2019-08-20 22:34:37,642 | INFO  | DNAudit | user=null | ip=null | op=WRITE_CHUNK {blockData=conID: 1 locID: 102651689538748997 bcsId: 3533} | ret=SUCCESS |  
2019-08-20 22:34:37,652 | INFO  | DNAudit | user=null | ip=null | op=WRITE_CHUNK {blockData=conID: 1 locID: 102651689538748997 bcsId: 3533} | ret=SUCCESS |  
2019-08-20 22:34:37,652 | INFO  | DNAudit | user=null | ip=null | op=PUT_BLOCK {blockData=[blockId=conID: 1 locID: 102651689538748997 bcsId: 0,size=4194304]} | ret=SUCCESS |  
2019-08-20 22:34:37,652 [grpc-default-executor-2] INFO  client.GrpcClientProtocolClient (GrpcClientProtocolClient.java:onNext(255)) - client-391BA870FC40->947ec526-030f-41cc-8af7-a6f75e712ab0: receive RaftClientReply:client-391BA870FC40->947ec526-030f-41cc-8af7-a6f75e712ab0@group-5D45C35602B2, cid=2380, SUCCESS, logIndex=3536, commits[947ec526-030f-41cc-8af7-a6f75e712ab0:c3537, c447b9b6-dde2-4ce7-aa81-d0e2eddc8fe9:c3535, 28b540ac-241d-462a-a56c-509e92928066:c3535]
2019-08-20 22:34:37,652 [grpc-default-executor-2] INFO  client.GrpcClientProtocolClient (GrpcClientProtocolClient.java:onNext(255)) - client-391BA870FC40->947ec526-030f-41cc-8af7-a6f75e712ab0: receive RaftClientReply:client-391BA870FC40->947ec526-030f-41cc-8af7-a6f75e712ab0@group-5D45C35602B2, cid=2381, SUCCESS, logIndex=3537, commits[947ec526-030f-41cc-8af7-a6f75e712ab0:c3537, c447b9b6-dde2-4ce7-aa81-d0e2eddc8fe9:c3535, 28b540ac-241d-462a-a56c-509e92928066:c3535]
2019-08-20 22:34:37,663 | INFO  | DNAudit | user=null | ip=null | op=WRITE_CHUNK {blockData=conID: 1 locID: 102651689538748997 bcsId: 3533} | ret=SUCCESS |  
2019-08-20 22:34:37,663 | INFO  | DNAudit | user=null | ip=null | op=WRITE_CHUNK {blockData=conID: 1 locID: 102651689538748997 bcsId: 3533} | ret=SUCCESS |  
2019-08-20 22:34:37,664 | INFO  | DNAudit | user=null | ip=null | op=PUT_BLOCK {blockData=[blockId=conID: 1 locID: 102651689538748997 bcsId: 0,size=4194304]} | ret=SUCCESS |  
2019-08-20 22:34:37,664 [grpc-default-executor-2] INFO  client.GrpcClientProtocolClient (GrpcClientProtocolClient.java:onNext(255)) - client-391BA870FC40->947ec526-030f-41cc-8af7-a6f75e712ab0: receive RaftClientReply:client-391BA870FC40->947ec526-030f-41cc-8af7-a6f75e712ab0@group-5D45C35602B2, cid=2382, SUCCESS, logIndex=0, commits[947ec526-030f-41cc-8af7-a6f75e712ab0:c3538, c447b9b6-dde2-4ce7-aa81-d0e2eddc8fe9:c3537, 28b540ac-241d-462a-a56c-509e92928066:c3537]
2019-08-20 22:34:37,664 | INFO  | DNAudit | user=null | ip=null | op=PUT_BLOCK {blockData=[blockId=conID: 1 locID: 102651689538748997 bcsId: 0,size=4194304]} | ret=SUCCESS |  
2019-08-20 22:34:37,667 | INFO  | SCMAudit | user=jenkins1000 | ip=192.168.5.142 | op=ALLOCATE_BLOCK {owner=6f694d07-2a2f-44d9-8e1c-aaa094a2f647, size=4194304, type=RATIS, factor=THREE} | ret=SUCCESS |  
2019-08-20 22:34:37,669 | INFO  | OMAudit | user=jenkins1000 | ip=127.0.0.1 | op=ALLOCATE_BLOCK {volume=vol-0-80747, bucket=bucket-0-27686, key=key-0-47435, dataSize=0, replicationType=null, replicationFactor=null, keyLocationInfo=null, clientID=102651687805452690} | ret=SUCCESS |  
2019-08-20 22:34:37,675 | INFO  | DNAudit | user=null | ip=null | op=WRITE_CHUNK {blockData=conID: 2 locID: 102651689544385094 bcsId: 0} | ret=SUCCESS |  
2019-08-20 22:34:37,676 | INFO  | DNAudit | user=null | ip=null | op=WRITE_CHUNK {blockData=conID: 2 locID: 102651689544385094 bcsId: 0} | ret=SUCCESS |  
2019-08-20 22:34:37,679 | INFO  | DNAudit | user=null | ip=null | op=WRITE_CHUNK {blockData=conID: 2 locID: 102651689544385094 bcsId: 0} | ret=SUCCESS |  
2019-08-20 22:34:37,679 | INFO  | DNAudit | user=null | ip=null | op=WRITE_CHUNK {blockData=conID: 2 locID: 102651689544385094 bcsId: 0} | ret=SUCCESS |  
2019-08-20 22:34:37,681 | INFO  | DNAudit | user=null | ip=null | op=WRITE_CHUNK {blockData=conID: 2 locID: 102651689544385094 bcsId: 0} | ret=SUCCESS |  
2019-08-20 22:34:37,682 | INFO  | DNAudit | user=null | ip=null | op=WRITE_CHUNK {blockData=conID: 2 locID: 102651689544385094 bcsId: 0} | ret=SUCCESS |  
2019-08-20 22:34:37,687 | INFO  | DNAudit | user=null | ip=null | op=WRITE_CHUNK {blockData=conID: 2 locID: 102651689544385094 bcsId: 0} | ret=SUCCESS |  
2019-08-20 22:34:37,688 | INFO  | DNAudit | user=null | ip=null | op=PUT_BLOCK {blockData=[blockId=conID: 2 locID: 102651689544385094 bcsId: 0,size=1048576]} | ret=SUCCESS |  
2019-08-20 22:34:37,688 [grpc-default-executor-3] INFO  client.GrpcClientProtocolClient (GrpcClientProtocolClient.java:onNext(255)) - client-391BA870FC40->947ec526-030f-41cc-8af7-a6f75e712ab0: receive RaftClientReply:client-391BA870FC40->947ec526-030f-41cc-8af7-a6f75e712ab0@group-5D45C35602B2, cid=2383, SUCCESS, logIndex=3540, commits[947ec526-030f-41cc-8af7-a6f75e712ab0:c3541, c447b9b6-dde2-4ce7-aa81-d0e2eddc8fe9:c3539, 28b540ac-241d-462a-a56c-509e92928066:c3539]
2019-08-20 22:34:37,688 | INFO  | DNAudit | user=null | ip=null | op=WRITE_CHUNK {blockData=conID: 2 locID: 102651689544385094 bcsId: 0} | ret=SUCCESS |  
2019-08-20 22:34:37,688 [grpc-default-executor-3] INFO  client.GrpcClientProtocolClient (GrpcClientProtocolClient.java:onNext(255)) - client-391BA870FC40->947ec526-030f-41cc-8af7-a6f75e712ab0: receive RaftClientReply:client-391BA870FC40->947ec526-030f-41cc-8af7-a6f75e712ab0@group-5D45C35602B2, cid=2384, SUCCESS, logIndex=3541, commits[947ec526-030f-41cc-8af7-a6f75e712ab0:c3541, c447b9b6-dde2-4ce7-aa81-d0e2eddc8fe9:c3539, 28b540ac-241d-462a-a56c-509e92928066:c3539]
2019-08-20 22:34:37,688 | INFO  | DNAudit | user=null | ip=null | op=PUT_BLOCK {blockData=[blockId=conID: 2 locID: 102651689544385094 bcsId: 0,size=2097152]} | ret=SUCCESS |  
2019-08-20 22:34:37,689 [grpc-default-executor-2] INFO  client.GrpcClientProtocolClient (GrpcClientProtocolClient.java:onNext(255)) - client-391BA870FC40->947ec526-030f-41cc-8af7-a6f75e712ab0: receive RaftClientReply:client-391BA870FC40->947ec526-030f-41cc-8af7-a6f75e712ab0@group-5D45C35602B2, cid=2385, SUCCESS, logIndex=3542, commits[947ec526-030f-41cc-8af7-a6f75e712ab0:c3543, c447b9b6-dde2-4ce7-aa81-d0e2eddc8fe9:c3539, 28b540ac-241d-462a-a56c-509e92928066:c3539]
2019-08-20 22:34:37,689 [grpc-default-executor-2] INFO  client.GrpcClientProtocolClient (GrpcClientProtocolClient.java:onNext(255)) - client-391BA870FC40->947ec526-030f-41cc-8af7-a6f75e712ab0: receive RaftClientReply:client-391BA870FC40->947ec526-030f-41cc-8af7-a6f75e712ab0@group-5D45C35602B2, cid=2386, SUCCESS, logIndex=3543, commits[947ec526-030f-41cc-8af7-a6f75e712ab0:c3543, c447b9b6-dde2-4ce7-aa81-d0e2eddc8fe9:c3539, 28b540ac-241d-462a-a56c-509e92928066:c3539]
2019-08-20 22:34:37,689 | INFO  | DNAudit | user=null | ip=null | op=WRITE_CHUNK {blockData=conID: 2 locID: 102651689544385094 bcsId: 0} | ret=SUCCESS |  
2019-08-20 22:34:37,689 | INFO  | DNAudit | user=null | ip=null | op=PUT_BLOCK {blockData=[blockId=conID: 2 locID: 102651689544385094 bcsId: 0,size=1048576]} | ret=SUCCESS |  
2019-08-20 22:34:37,691 | INFO  | DNAudit | user=null | ip=null | op=WRITE_CHUNK {blockData=conID: 2 locID: 102651689544385094 bcsId: 0} | ret=SUCCESS |  
2019-08-20 22:34:37,691 | INFO  | DNAudit | user=null | ip=null | op=PUT_BLOCK {blockData=[blockId=conID: 2 locID: 102651689544385094 bcsId: 0,size=1048576]} | ret=SUCCESS |  
2019-08-20 22:34:37,692 [grpc-default-executor-2] INFO  client.GrpcClientProtocolClient (GrpcClientProtocolClient.java:onNext(255)) - client-391BA870FC40->947ec526-030f-41cc-8af7-a6f75e712ab0: receive RaftClientReply:client-391BA870FC40->947ec526-030f-41cc-8af7-a6f75e712ab0@group-5D45C35602B2, cid=2387, SUCCESS, logIndex=0, commits[947ec526-030f-41cc-8af7-a6f75e712ab0:c3545, c447b9b6-dde2-4ce7-aa81-d0e2eddc8fe9:c3541, 28b540ac-241d-462a-a56c-509e92928066:c3541]
2019-08-20 22:34:37,697 | INFO  | DNAudit | user=null | ip=null | op=WRITE_CHUNK {blockData=conID: 2 locID: 102651689544385094 bcsId: 3543} | ret=SUCCESS |  
2019-08-20 22:34:37,699 | INFO  | DNAudit | user=null | ip=null | op=WRITE_CHUNK {blockData=conID: 2 locID: 102651689544385094 bcsId: 3543} | ret=SUCCESS |  
2019-08-20 22:34:37,699 | INFO  | DNAudit | user=null | ip=null | op=WRITE_CHUNK {blockData=conID: 2 locID: 102651689544385094 bcsId: 3543} | ret=SUCCESS |  
2019-08-20 22:34:37,702 | INFO  | DNAudit | user=null | ip=null | op=WRITE_CHUNK {blockData=conID: 2 locID: 102651689544385094 bcsId: 0} | ret=SUCCESS |  
2019-08-20 22:34:37,702 | INFO  | DNAudit | user=null | ip=null | op=PUT_BLOCK {blockData=[blockId=conID: 2 locID: 102651689544385094 bcsId: 0,size=2097152]} | ret=SUCCESS |  
2019-08-20 22:34:37,704 | INFO  | DNAudit | user=null | ip=null | op=WRITE_CHUNK {blockData=conID: 2 locID: 102651689544385094 bcsId: 0} | ret=SUCCESS |  
2019-08-20 22:34:37,705 | INFO  | DNAudit | user=null | ip=null | op=PUT_BLOCK {blockData=[blockId=conID: 2 locID: 102651689544385094 bcsId: 0,size=2097152]} | ret=SUCCESS |  
2019-08-20 22:34:37,717 | INFO  | DNAudit | user=null | ip=null | op=WRITE_CHUNK {blockData=conID: 2 locID: 102651689544385094 bcsId: 3543} | ret=SUCCESS |  
2019-08-20 22:34:37,718 | INFO  | DNAudit | user=null | ip=null | op=PUT_BLOCK {blockData=[blockId=conID: 2 locID: 102651689544385094 bcsId: 0,size=3145728]} | ret=SUCCESS |  
2019-08-20 22:34:37,718 [grpc-default-executor-2] INFO  client.GrpcClientProtocolClient (GrpcClientProtocolClient.java:onNext(255)) - client-391BA870FC40->947ec526-030f-41cc-8af7-a6f75e712ab0: receive RaftClientReply:client-391BA870FC40->947ec526-030f-41cc-8af7-a6f75e712ab0@group-5D45C35602B2, cid=2388, SUCCESS, logIndex=3548, commits[947ec526-030f-41cc-8af7-a6f75e712ab0:c3549, c447b9b6-dde2-4ce7-aa81-d0e2eddc8fe9:c3545, 28b540ac-241d-462a-a56c-509e92928066:c3545]
2019-08-20 22:34:37,718 [grpc-default-executor-2] INFO  client.GrpcClientProtocolClient (GrpcClientProtocolClient.java:onNext(255)) - client-391BA870FC40->947ec526-030f-41cc-8af7-a6f75e712ab0: receive RaftClientReply:client-391BA870FC40->947ec526-030f-41cc-8af7-a6f75e712ab0@group-5D45C35602B2, cid=2389, SUCCESS, logIndex=3549, commits[947ec526-030f-41cc-8af7-a6f75e712ab0:c3549, c447b9b6-dde2-4ce7-aa81-d0e2eddc8fe9:c3545, 28b540ac-241d-462a-a56c-509e92928066:c3545]
2019-08-20 22:34:37,724 | INFO  | DNAudit | user=null | ip=null | op=WRITE_CHUNK {blockData=conID: 2 locID: 102651689544385094 bcsId: 3549} | ret=SUCCESS |  
2019-08-20 22:34:37,724 | INFO  | DNAudit | user=null | ip=null | op=WRITE_CHUNK {blockData=conID: 2 locID: 102651689544385094 bcsId: 3549} | ret=SUCCESS |  
2019-08-20 22:34:37,725 | INFO  | DNAudit | user=null | ip=null | op=WRITE_CHUNK {blockData=conID: 2 locID: 102651689544385094 bcsId: 3549} | ret=SUCCESS |  
2019-08-20 22:34:37,730 | INFO  | DNAudit | user=null | ip=null | op=WRITE_CHUNK {blockData=conID: 2 locID: 102651689544385094 bcsId: 3543} | ret=SUCCESS |  
2019-08-20 22:34:37,730 | INFO  | DNAudit | user=null | ip=null | op=PUT_BLOCK {blockData=[blockId=conID: 2 locID: 102651689544385094 bcsId: 0,size=3145728]} | ret=SUCCESS |  
2019-08-20 22:34:37,730 | INFO  | DNAudit | user=null | ip=null | op=WRITE_CHUNK {blockData=conID: 2 locID: 102651689544385094 bcsId: 3543} | ret=SUCCESS |  
2019-08-20 22:34:37,731 | INFO  | DNAudit | user=null | ip=null | op=PUT_BLOCK {blockData=[blockId=conID: 2 locID: 102651689544385094 bcsId: 0,size=3145728]} | ret=SUCCESS |  
2019-08-20 22:34:37,744 | INFO  | DNAudit | user=null | ip=null | op=WRITE_CHUNK {blockData=conID: 2 locID: 102651689544385094 bcsId: 3549} | ret=SUCCESS |  
2019-08-20 22:34:37,744 | INFO  | DNAudit | user=null | ip=null | op=PUT_BLOCK {blockData=[blockId=conID: 2 locID: 102651689544385094 bcsId: 0,size=4194304]} | ret=SUCCESS |  
2019-08-20 22:34:37,744 [grpc-default-executor-3] INFO  client.GrpcClientProtocolClient (GrpcClientProtocolClient.java:onNext(255)) - client-391BA870FC40->947ec526-030f-41cc-8af7-a6f75e712ab0: receive RaftClientReply:client-391BA870FC40->947ec526-030f-41cc-8af7-a6f75e712ab0@group-5D45C35602B2, cid=2390, SUCCESS, logIndex=3551, commits[947ec526-030f-41cc-8af7-a6f75e712ab0:c3552, c447b9b6-dde2-4ce7-aa81-d0e2eddc8fe9:c3549, 28b540ac-241d-462a-a56c-509e92928066:c3549]
2019-08-20 22:34:37,744 [grpc-default-executor-3] INFO  client.GrpcClientProtocolClient (GrpcClientProtocolClient.java:onNext(255)) - client-391BA870FC40->947ec526-030f-41cc-8af7-a6f75e712ab0: receive RaftClientReply:client-391BA870FC40->947ec526-030f-41cc-8af7-a6f75e712ab0@group-5D45C35602B2, cid=2391, SUCCESS, logIndex=3552, commits[947ec526-030f-41cc-8af7-a6f75e712ab0:c3552, c447b9b6-dde2-4ce7-aa81-d0e2eddc8fe9:c3549, 28b540ac-241d-462a-a56c-509e92928066:c3549]
2019-08-20 22:34:37,757 | INFO  | DNAudit | user=null | ip=null | op=WRITE_CHUNK {blockData=conID: 2 locID: 102651689544385094 bcsId: 3549} | ret=SUCCESS |  
2019-08-20 22:34:37,757 | INFO  | DNAudit | user=null | ip=null | op=WRITE_CHUNK {blockData=conID: 2 locID: 102651689544385094 bcsId: 3549} | ret=SUCCESS |  
2019-08-20 22:34:37,769 | INFO  | DNAudit | user=null | ip=null | op=PUT_BLOCK {blockData=[blockId=conID: 2 locID: 102651689544385094 bcsId: 0,size=4194304]} | ret=SUCCESS |  
2019-08-20 22:34:37,769 | INFO  | DNAudit | user=null | ip=null | op=PUT_BLOCK {blockData=[blockId=conID: 2 locID: 102651689544385094 bcsId: 0,size=4194304]} | ret=SUCCESS |  
2019-08-20 22:34:37,770 [grpc-default-executor-3] INFO  client.GrpcClientProtocolClient (GrpcClientProtocolClient.java:onNext(255)) - client-391BA870FC40->947ec526-030f-41cc-8af7-a6f75e712ab0: receive RaftClientReply:client-391BA870FC40->947ec526-030f-41cc-8af7-a6f75e712ab0@group-5D45C35602B2, cid=2392, SUCCESS, logIndex=0, commits[947ec526-030f-41cc-8af7-a6f75e712ab0:c3554, c447b9b6-dde2-4ce7-aa81-d0e2eddc8fe9:c3552, 28b540ac-241d-462a-a56c-509e92928066:c3552]
2019-08-20 22:34:37,776 | INFO  | SCMAudit | user=jenkins1000 | ip=192.168.5.142 | op=ALLOCATE_BLOCK {owner=6f694d07-2a2f-44d9-8e1c-aaa094a2f647, size=4194304, type=RATIS, factor=THREE} | ret=SUCCESS |  
2019-08-20 22:34:37,780 | INFO  | OMAudit | user=jenkins1000 | ip=127.0.0.1 | op=ALLOCATE_BLOCK {volume=vol-0-80747, bucket=bucket-0-27686, key=key-0-47435, dataSize=0, replicationType=null, replicationFactor=null, keyLocationInfo=null, clientID=102651687805452690} | ret=SUCCESS |  
2019-08-20 22:34:37,786 | INFO  | DNAudit | user=null | ip=null | op=WRITE_CHUNK {blockData=conID: 3 locID: 102651689551528519 bcsId: 0} | ret=SUCCESS |  
2019-08-20 22:34:37,787 | INFO  | DNAudit | user=null | ip=null | op=WRITE_CHUNK {blockData=conID: 3 locID: 102651689551528519 bcsId: 0} | ret=SUCCESS |  
2019-08-20 22:34:37,788 | INFO  | DNAudit | user=null | ip=null | op=WRITE_CHUNK {blockData=conID: 3 locID: 102651689551528519 bcsId: 0} | ret=SUCCESS |  
2019-08-20 22:34:37,788 | INFO  | DNAudit | user=null | ip=null | op=WRITE_CHUNK {blockData=conID: 3 locID: 102651689551528519 bcsId: 0} | ret=SUCCESS |  
2019-08-20 22:34:37,789 | INFO  | DNAudit | user=null | ip=null | op=WRITE_CHUNK {blockData=conID: 3 locID: 102651689551528519 bcsId: 0} | ret=SUCCESS |  
2019-08-20 22:34:37,789 | INFO  | DNAudit | user=null | ip=null | op=WRITE_CHUNK {blockData=conID: 3 locID: 102651689551528519 bcsId: 0} | ret=SUCCESS |  
2019-08-20 22:34:37,801 | INFO  | DNAudit | user=null | ip=null | op=WRITE_CHUNK {blockData=conID: 3 locID: 102651689551528519 bcsId: 0} | ret=SUCCESS |  
2019-08-20 22:34:37,801 | INFO  | DNAudit | user=null | ip=null | op=PUT_BLOCK {blockData=[blockId=conID: 3 locID: 102651689551528519 bcsId: 0,size=1048576]} | ret=SUCCESS |  
2019-08-20 22:34:37,801 [grpc-default-executor-5] INFO  client.GrpcClientProtocolClient (GrpcClientProtocolClient.java:onNext(255)) - client-391BA870FC40->947ec526-030f-41cc-8af7-a6f75e712ab0: receive RaftClientReply:client-391BA870FC40->947ec526-030f-41cc-8af7-a6f75e712ab0@group-5D45C35602B2, cid=2393, SUCCESS, logIndex=3555, commits[947ec526-030f-41cc-8af7-a6f75e712ab0:c3556, c447b9b6-dde2-4ce7-aa81-d0e2eddc8fe9:c3554, 28b540ac-241d-462a-a56c-509e92928066:c3554]
2019-08-20 22:34:37,802 | INFO  | DNAudit | user=null | ip=null | op=WRITE_CHUNK {blockData=conID: 3 locID: 102651689551528519 bcsId: 0} | ret=SUCCESS |  
2019-08-20 22:34:37,802 [grpc-default-executor-5] INFO  client.GrpcClientProtocolClient (GrpcClientProtocolClient.java:onNext(255)) - client-391BA870FC40->947ec526-030f-41cc-8af7-a6f75e712ab0: receive RaftClientReply:client-391BA870FC40->947ec526-030f-41cc-8af7-a6f75e712ab0@group-5D45C35602B2, cid=2394, SUCCESS, logIndex=3556, commits[947ec526-030f-41cc-8af7-a6f75e712ab0:c3558, c447b9b6-dde2-4ce7-aa81-d0e2eddc8fe9:c3554, 28b540ac-241d-462a-a56c-509e92928066:c3554]
2019-08-20 22:34:37,802 | INFO  | DNAudit | user=null | ip=null | op=PUT_BLOCK {blockData=[blockId=conID: 3 locID: 102651689551528519 bcsId: 0,size=2097152]} | ret=SUCCESS |  
2019-08-20 22:34:37,802 [grpc-default-executor-5] INFO  client.GrpcClientProtocolClient (GrpcClientProtocolClient.java:onNext(255)) - client-391BA870FC40->947ec526-030f-41cc-8af7-a6f75e712ab0: receive RaftClientReply:client-391BA870FC40->947ec526-030f-41cc-8af7-a6f75e712ab0@group-5D45C35602B2, cid=2395, SUCCESS, logIndex=3557, commits[947ec526-030f-41cc-8af7-a6f75e712ab0:c3558, c447b9b6-dde2-4ce7-aa81-d0e2eddc8fe9:c3554, 28b540ac-241d-462a-a56c-509e92928066:c3554]
2019-08-20 22:34:37,802 [grpc-default-executor-5] INFO  client.GrpcClientProtocolClient (GrpcClientProtocolClient.java:onNext(255)) - client-391BA870FC40->947ec526-030f-41cc-8af7-a6f75e712ab0: receive RaftClientReply:client-391BA870FC40->947ec526-030f-41cc-8af7-a6f75e712ab0@group-5D45C35602B2, cid=2396, SUCCESS, logIndex=3558, commits[947ec526-030f-41cc-8af7-a6f75e712ab0:c3558, c447b9b6-dde2-4ce7-aa81-d0e2eddc8fe9:c3554, 28b540ac-241d-462a-a56c-509e92928066:c3554]
2019-08-20 22:34:37,812 | INFO  | DNAudit | user=null | ip=null | op=WRITE_CHUNK {blockData=conID: 3 locID: 102651689551528519 bcsId: 0} | ret=SUCCESS |  
2019-08-20 22:34:37,813 | INFO  | DNAudit | user=null | ip=null | op=PUT_BLOCK {blockData=[blockId=conID: 3 locID: 102651689551528519 bcsId: 0,size=1048576]} | ret=SUCCESS |  
2019-08-20 22:34:37,813 | INFO  | DNAudit | user=null | ip=null | op=WRITE_CHUNK {blockData=conID: 3 locID: 102651689551528519 bcsId: 0} | ret=SUCCESS |  
2019-08-20 22:34:37,813 | INFO  | DNAudit | user=null | ip=null | op=PUT_BLOCK {blockData=[blockId=conID: 3 locID: 102651689551528519 bcsId: 0,size=1048576]} | ret=SUCCESS |  
2019-08-20 22:34:37,813 [grpc-default-executor-2] INFO  client.GrpcClientProtocolClient (GrpcClientProtocolClient.java:onNext(255)) - client-391BA870FC40->947ec526-030f-41cc-8af7-a6f75e712ab0: receive RaftClientReply:client-391BA870FC40->947ec526-030f-41cc-8af7-a6f75e712ab0@group-5D45C35602B2, cid=2397, SUCCESS, logIndex=0, commits[947ec526-030f-41cc-8af7-a6f75e712ab0:c3559, c447b9b6-dde2-4ce7-aa81-d0e2eddc8fe9:c3556, 28b540ac-241d-462a-a56c-509e92928066:c3556]
2019-08-20 22:34:37,813 | INFO  | DNAudit | user=null | ip=null | op=WRITE_CHUNK {blockData=conID: 3 locID: 102651689551528519 bcsId: 0} | ret=SUCCESS |  
2019-08-20 22:34:37,814 | INFO  | DNAudit | user=null | ip=null | op=PUT_BLOCK {blockData=[blockId=conID: 3 locID: 102651689551528519 bcsId: 0,size=2097152]} | ret=SUCCESS |  
2019-08-20 22:34:37,815 | INFO  | DNAudit | user=null | ip=null | op=WRITE_CHUNK {blockData=conID: 3 locID: 102651689551528519 bcsId: 0} | ret=SUCCESS |  
2019-08-20 22:34:37,815 | INFO  | DNAudit | user=null | ip=null | op=PUT_BLOCK {blockData=[blockId=conID: 3 locID: 102651689551528519 bcsId: 0,size=2097152]} | ret=SUCCESS |  
2019-08-20 22:34:37,819 | INFO  | DNAudit | user=null | ip=null | op=WRITE_CHUNK {blockData=conID: 3 locID: 102651689551528519 bcsId: 3558} | ret=SUCCESS |  
2019-08-20 22:34:37,820 | INFO  | DNAudit | user=null | ip=null | op=WRITE_CHUNK {blockData=conID: 3 locID: 102651689551528519 bcsId: 3558} | ret=SUCCESS |  
2019-08-20 22:34:37,820 | INFO  | DNAudit | user=null | ip=null | op=WRITE_CHUNK {blockData=conID: 3 locID: 102651689551528519 bcsId: 3558} | ret=SUCCESS |  
2019-08-20 22:34:37,831 | INFO  | DNAudit | user=null | ip=null | op=WRITE_CHUNK {blockData=conID: 3 locID: 102651689551528519 bcsId: 3558} | ret=SUCCESS |  
2019-08-20 22:34:37,832 | INFO  | DNAudit | user=null | ip=null | op=PUT_BLOCK {blockData=[blockId=conID: 3 locID: 102651689551528519 bcsId: 0,size=3145728]} | ret=SUCCESS |  
2019-08-20 22:34:37,832 [grpc-default-executor-3] INFO  client.GrpcClientProtocolClient (GrpcClientProtocolClient.java:onNext(255)) - client-391BA870FC40->947ec526-030f-41cc-8af7-a6f75e712ab0: receive RaftClientReply:client-391BA870FC40->947ec526-030f-41cc-8af7-a6f75e712ab0@group-5D45C35602B2, cid=2398, SUCCESS, logIndex=3562, commits[947ec526-030f-41cc-8af7-a6f75e712ab0:c3563, c447b9b6-dde2-4ce7-aa81-d0e2eddc8fe9:c3561, 28b540ac-241d-462a-a56c-509e92928066:c3561]
2019-08-20 22:34:37,832 [grpc-default-executor-3] INFO  client.GrpcClientProtocolClient (GrpcClientProtocolClient.java:onNext(255)) - client-391BA870FC40->947ec526-030f-41cc-8af7-a6f75e712ab0: receive RaftClientReply:client-391BA870FC40->947ec526-030f-41cc-8af7-a6f75e712ab0@group-5D45C35602B2, cid=2399, SUCCESS, logIndex=3563, commits[947ec526-030f-41cc-8af7-a6f75e712ab0:c3563, c447b9b6-dde2-4ce7-aa81-d0e2eddc8fe9:c3561, 28b540ac-241d-462a-a56c-509e92928066:c3561]
2019-08-20 22:34:37,835 | INFO  | DNAudit | user=null | ip=null | op=WRITE_CHUNK {blockData=conID: 3 locID: 102651689551528519 bcsId: 3558} | ret=SUCCESS |  
2019-08-20 22:34:37,835 | INFO  | DNAudit | user=null | ip=null | op=WRITE_CHUNK {blockData=conID: 3 locID: 102651689551528519 bcsId: 3558} | ret=SUCCESS |  
2019-08-20 22:34:37,837 | INFO  | DNAudit | user=null | ip=null | op=WRITE_CHUNK {blockData=conID: 3 locID: 102651689551528519 bcsId: 3563} | ret=SUCCESS |  
2019-08-20 22:34:37,838 | INFO  | DNAudit | user=null | ip=null | op=PUT_BLOCK {blockData=[blockId=conID: 3 locID: 102651689551528519 bcsId: 0,size=3145728]} | ret=SUCCESS |  
2019-08-20 22:34:37,838 | INFO  | DNAudit | user=null | ip=null | op=PUT_BLOCK {blockData=[blockId=conID: 3 locID: 102651689551528519 bcsId: 0,size=3145728]} | ret=SUCCESS |  
2019-08-20 22:34:37,840 | INFO  | DNAudit | user=null | ip=null | op=WRITE_CHUNK {blockData=conID: 3 locID: 102651689551528519 bcsId: 3563} | ret=SUCCESS |  
2019-08-20 22:34:37,840 | INFO  | DNAudit | user=null | ip=null | op=WRITE_CHUNK {blockData=conID: 3 locID: 102651689551528519 bcsId: 3563} | ret=SUCCESS |  
2019-08-20 22:34:37,850 | INFO  | DNAudit | user=null | ip=null | op=WRITE_CHUNK {blockData=conID: 3 locID: 102651689551528519 bcsId: 3563} | ret=SUCCESS |  
2019-08-20 22:34:37,850 | INFO  | DNAudit | user=null | ip=null | op=PUT_BLOCK {blockData=[blockId=conID: 3 locID: 102651689551528519 bcsId: 0,size=4194304]} | ret=SUCCESS |  
2019-08-20 22:34:37,850 [grpc-default-executor-2] INFO  client.GrpcClientProtocolClient (GrpcClientProtocolClient.java:onNext(255)) - client-391BA870FC40->947ec526-030f-41cc-8af7-a6f75e712ab0: receive RaftClientReply:client-391BA870FC40->947ec526-030f-41cc-8af7-a6f75e712ab0@group-5D45C35602B2, cid=2400, SUCCESS, logIndex=3566, commits[947ec526-030f-41cc-8af7-a6f75e712ab0:c3567, c447b9b6-dde2-4ce7-aa81-d0e2eddc8fe9:c3564, 28b540ac-241d-462a-a56c-509e92928066:c3564]
2019-08-20 22:34:37,851 [grpc-default-executor-2] INFO  client.GrpcClientProtocolClient (GrpcClientProtocolClient.java:onNext(255)) - client-391BA870FC40->947ec526-030f-41cc-8af7-a6f75e712ab0: receive RaftClientReply:client-391BA870FC40->947ec526-030f-41cc-8af7-a6f75e712ab0@group-5D45C35602B2, cid=2401, SUCCESS, logIndex=3567, commits[947ec526-030f-41cc-8af7-a6f75e712ab0:c3567, c447b9b6-dde2-4ce7-aa81-d0e2eddc8fe9:c3564, 28b540ac-241d-462a-a56c-509e92928066:c3564]
2019-08-20 22:34:37,873 | INFO  | DNAudit | user=null | ip=null | op=WRITE_CHUNK {blockData=conID: 3 locID: 102651689551528519 bcsId: 3563} | ret=SUCCESS |  
2019-08-20 22:34:37,873 | INFO  | DNAudit | user=null | ip=null | op=WRITE_CHUNK {blockData=conID: 3 locID: 102651689551528519 bcsId: 3563} | ret=SUCCESS |  
2019-08-20 22:34:37,875 | INFO  | DNAudit | user=null | ip=null | op=PUT_BLOCK {blockData=[blockId=conID: 3 locID: 102651689551528519 bcsId: 0,size=4194304]} | ret=SUCCESS |  
2019-08-20 22:34:37,875 | INFO  | DNAudit | user=null | ip=null | op=PUT_BLOCK {blockData=[blockId=conID: 3 locID: 102651689551528519 bcsId: 0,size=4194304]} | ret=SUCCESS |  
2019-08-20 22:34:37,876 [grpc-default-executor-2] INFO  client.GrpcClientProtocolClient (GrpcClientProtocolClient.java:onNext(255)) - client-391BA870FC40->947ec526-030f-41cc-8af7-a6f75e712ab0: receive RaftClientReply:client-391BA870FC40->947ec526-030f-41cc-8af7-a6f75e712ab0@group-5D45C35602B2, cid=2402, SUCCESS, logIndex=0, commits[947ec526-030f-41cc-8af7-a6f75e712ab0:c3569, c447b9b6-dde2-4ce7-aa81-d0e2eddc8fe9:c3567, 28b540ac-241d-462a-a56c-509e92928066:c3567]
2019-08-20 22:34:37,880 | INFO  | SCMAudit | user=jenkins1000 | ip=192.168.5.142 | op=ALLOCATE_BLOCK {owner=6f694d07-2a2f-44d9-8e1c-aaa094a2f647, size=4194304, type=RATIS, factor=THREE} | ret=SUCCESS |  
2019-08-20 22:34:37,882 | INFO  | OMAudit | user=jenkins1000 | ip=127.0.0.1 | op=ALLOCATE_BLOCK {volume=vol-0-80747, bucket=bucket-0-27686, key=key-0-47435, dataSize=0, replicationType=null, replicationFactor=null, keyLocationInfo=null, clientID=102651687805452690} | ret=SUCCESS |  
2019-08-20 22:34:37,889 | INFO  | DNAudit | user=null | ip=null | op=WRITE_CHUNK {blockData=conID: 1 locID: 102651689558344264 bcsId: 0} | ret=SUCCESS |  
2019-08-20 22:34:37,891 | INFO  | DNAudit | user=null | ip=null | op=WRITE_CHUNK {blockData=conID: 1 locID: 102651689558344264 bcsId: 0} | ret=SUCCESS |  
2019-08-20 22:34:37,891 | INFO  | DNAudit | user=null | ip=null | op=WRITE_CHUNK {blockData=conID: 1 locID: 102651689558344264 bcsId: 0} | ret=SUCCESS |  
2019-08-20 22:34:37,891 | INFO  | DNAudit | user=null | ip=null | op=WRITE_CHUNK {blockData=conID: 1 locID: 102651689558344264 bcsId: 0} | ret=SUCCESS |  
2019-08-20 22:34:37,893 | INFO  | DNAudit | user=null | ip=null | op=WRITE_CHUNK {blockData=conID: 1 locID: 102651689558344264 bcsId: 0} | ret=SUCCESS |  
2019-08-20 22:34:37,893 | INFO  | DNAudit | user=null | ip=null | op=WRITE_CHUNK {blockData=conID: 1 locID: 102651689558344264 bcsId: 0} | ret=SUCCESS |  
2019-08-20 22:34:37,901 | INFO  | DNAudit | user=null | ip=null | op=WRITE_CHUNK {blockData=conID: 1 locID: 102651689558344264 bcsId: 0} | ret=SUCCESS |  
2019-08-20 22:34:37,902 | INFO  | DNAudit | user=null | ip=null | op=PUT_BLOCK {blockData=[blockId=conID: 1 locID: 102651689558344264 bcsId: 0,size=1048576]} | ret=SUCCESS |  
2019-08-20 22:34:37,902 [grpc-default-executor-3] INFO  client.GrpcClientProtocolClient (GrpcClientProtocolClient.java:onNext(255)) - client-391BA870FC40->947ec526-030f-41cc-8af7-a6f75e712ab0: receive RaftClientReply:client-391BA870FC40->947ec526-030f-41cc-8af7-a6f75e712ab0@group-5D45C35602B2, cid=2403, SUCCESS, logIndex=3570, commits[947ec526-030f-41cc-8af7-a6f75e712ab0:c3571, c447b9b6-dde2-4ce7-aa81-d0e2eddc8fe9:c3569, 28b540ac-241d-462a-a56c-509e92928066:c3569]
2019-08-20 22:34:37,902 [grpc-default-executor-3] INFO  client.GrpcClientProtocolClient (GrpcClientProtocolClient.java:onNext(255)) - client-391BA870FC40->947ec526-030f-41cc-8af7-a6f75e712ab0: receive RaftClientReply:client-391BA870FC40->947ec526-030f-41cc-8af7-a6f75e712ab0@group-5D45C35602B2, cid=2404, SUCCESS, logIndex=3571, commits[947ec526-030f-41cc-8af7-a6f75e712ab0:c3571, c447b9b6-dde2-4ce7-aa81-d0e2eddc8fe9:c3569, 28b540ac-241d-462a-a56c-509e92928066:c3569]
2019-08-20 22:34:37,913 | INFO  | DNAudit | user=null | ip=null | op=WRITE_CHUNK {blockData=conID: 1 locID: 102651689558344264 bcsId: 0} | ret=SUCCESS |  
2019-08-20 22:34:37,913 | INFO  | DNAudit | user=null | ip=null | op=PUT_BLOCK {blockData=[blockId=conID: 1 locID: 102651689558344264 bcsId: 0,size=2097152]} | ret=SUCCESS |  
2019-08-20 22:34:37,913 [grpc-default-executor-5] INFO  client.GrpcClientProtocolClient (GrpcClientProtocolClient.java:onNext(255)) - client-391BA870FC40->947ec526-030f-41cc-8af7-a6f75e712ab0: receive RaftClientReply:client-391BA870FC40->947ec526-030f-41cc-8af7-a6f75e712ab0@group-5D45C35602B2, cid=2405, SUCCESS, logIndex=3572, commits[947ec526-030f-41cc-8af7-a6f75e712ab0:c3573, c447b9b6-dde2-4ce7-aa81-d0e2eddc8fe9:c3569, 28b540ac-241d-462a-a56c-509e92928066:c3569]
2019-08-20 22:34:37,913 | INFO  | DNAudit | user=null | ip=null | op=WRITE_CHUNK {blockData=conID: 1 locID: 102651689558344264 bcsId: 0} | ret=SUCCESS |  
2019-08-20 22:34:37,913 [grpc-default-executor-2] INFO  client.GrpcClientProtocolClient (GrpcClientProtocolClient.java:onNext(255)) - client-391BA870FC40->947ec526-030f-41cc-8af7-a6f75e712ab0: receive RaftClientReply:client-391BA870FC40->947ec526-030f-41cc-8af7-a6f75e712ab0@group-5D45C35602B2, cid=2406, SUCCESS, logIndex=3573, commits[947ec526-030f-41cc-8af7-a6f75e712ab0:c3573, c447b9b6-dde2-4ce7-aa81-d0e2eddc8fe9:c3569, 28b540ac-241d-462a-a56c-509e92928066:c3569]
2019-08-20 22:34:37,914 | INFO  | DNAudit | user=null | ip=null | op=PUT_BLOCK {blockData=[blockId=conID: 1 locID: 102651689558344264 bcsId: 0,size=1048576]} | ret=SUCCESS |  
2019-08-20 22:34:37,915 | INFO  | DNAudit | user=null | ip=null | op=WRITE_CHUNK {blockData=conID: 1 locID: 102651689558344264 bcsId: 0} | ret=SUCCESS |  
2019-08-20 22:34:37,916 [grpc-default-executor-2] INFO  client.GrpcClientProtocolClient (GrpcClientProtocolClient.java:onNext(255)) - client-391BA870FC40->947ec526-030f-41cc-8af7-a6f75e712ab0: receive RaftClientReply:client-391BA870FC40->947ec526-030f-41cc-8af7-a6f75e712ab0@group-5D45C35602B2, cid=2407, SUCCESS, logIndex=0, commits[947ec526-030f-41cc-8af7-a6f75e712ab0:c3575, c447b9b6-dde2-4ce7-aa81-d0e2eddc8fe9:c3571, 28b540ac-241d-462a-a56c-509e92928066:c3571]
2019-08-20 22:34:37,916 | INFO  | DNAudit | user=null | ip=null | op=PUT_BLOCK {blockData=[blockId=conID: 1 locID: 102651689558344264 bcsId: 0,size=1048576]} | ret=SUCCESS |  
2019-08-20 22:34:37,922 | INFO  | DNAudit | user=null | ip=null | op=WRITE_CHUNK {blockData=conID: 1 locID: 102651689558344264 bcsId: 3573} | ret=SUCCESS |  
2019-08-20 22:34:37,923 | INFO  | DNAudit | user=null | ip=null | op=WRITE_CHUNK {blockData=conID: 1 locID: 102651689558344264 bcsId: 3573} | ret=SUCCESS |  
2019-08-20 22:34:37,924 | INFO  | DNAudit | user=null | ip=null | op=WRITE_CHUNK {blockData=conID: 1 locID: 102651689558344264 bcsId: 3573} | ret=SUCCESS |  
2019-08-20 22:34:37,926 | INFO  | DNAudit | user=null | ip=null | op=WRITE_CHUNK {blockData=conID: 1 locID: 102651689558344264 bcsId: 0} | ret=SUCCESS |  
2019-08-20 22:34:37,927 | INFO  | DNAudit | user=null | ip=null | op=PUT_BLOCK {blockData=[blockId=conID: 1 locID: 102651689558344264 bcsId: 0,size=2097152]} | ret=SUCCESS |  
2019-08-20 22:34:37,928 | INFO  | DNAudit | user=null | ip=null | op=WRITE_CHUNK {blockData=conID: 1 locID: 102651689558344264 bcsId: 0} | ret=SUCCESS |  
2019-08-20 22:34:37,928 | INFO  | DNAudit | user=null | ip=null | op=PUT_BLOCK {blockData=[blockId=conID: 1 locID: 102651689558344264 bcsId: 0,size=2097152]} | ret=SUCCESS |  
2019-08-20 22:34:37,941 | INFO  | DNAudit | user=null | ip=null | op=WRITE_CHUNK {blockData=conID: 1 locID: 102651689558344264 bcsId: 3573} | ret=SUCCESS |  
2019-08-20 22:34:37,941 | INFO  | DNAudit | user=null | ip=null | op=PUT_BLOCK {blockData=[blockId=conID: 1 locID: 102651689558344264 bcsId: 0,size=3145728]} | ret=SUCCESS |  
2019-08-20 22:34:37,942 [grpc-default-executor-3] INFO  client.GrpcClientProtocolClient (GrpcClientProtocolClient.java:onNext(255)) - client-391BA870FC40->947ec526-030f-41cc-8af7-a6f75e712ab0: receive RaftClientReply:client-391BA870FC40->947ec526-030f-41cc-8af7-a6f75e712ab0@group-5D45C35602B2, cid=2408, SUCCESS, logIndex=3578, commits[947ec526-030f-41cc-8af7-a6f75e712ab0:c3579, c447b9b6-dde2-4ce7-aa81-d0e2eddc8fe9:c3575, 28b540ac-241d-462a-a56c-509e92928066:c3573]
2019-08-20 22:34:37,942 [grpc-default-executor-3] INFO  client.GrpcClientProtocolClient (GrpcClientProtocolClient.java:onNext(255)) - client-391BA870FC40->947ec526-030f-41cc-8af7-a6f75e712ab0: receive RaftClientReply:client-391BA870FC40->947ec526-030f-41cc-8af7-a6f75e712ab0@group-5D45C35602B2, cid=2409, SUCCESS, logIndex=3579, commits[947ec526-030f-41cc-8af7-a6f75e712ab0:c3579, c447b9b6-dde2-4ce7-aa81-d0e2eddc8fe9:c3575, 28b540ac-241d-462a-a56c-509e92928066:c3575]
2019-08-20 22:34:38,060 | INFO  | DNAudit | user=null | ip=null | op=WRITE_CHUNK {blockData=conID: 1 locID: 102651689558344264 bcsId: 3579} | ret=SUCCESS |  
2019-08-20 22:34:38,060 | INFO  | SCMAudit | user=jenkins1000 | ip=192.168.5.142 | op=SEND_HEARTBEAT {datanodeUUID=d55cd342-4e6c-4701-86f3-cb557f3478dc, command=[]} | ret=SUCCESS |  
2019-08-20 22:34:38,060 | INFO  | DNAudit | user=null | ip=null | op=WRITE_CHUNK {blockData=conID: 1 locID: 102651689558344264 bcsId: 3573} | ret=SUCCESS |  
2019-08-20 22:34:38,060 | INFO  | DNAudit | user=null | ip=null | op=PUT_BLOCK {blockData=[blockId=conID: 1 locID: 102651689558344264 bcsId: 0,size=3145728]} | ret=SUCCESS |  
2019-08-20 22:34:38,061 | INFO  | DNAudit | user=null | ip=null | op=WRITE_CHUNK {blockData=conID: 1 locID: 102651689558344264 bcsId: 3573} | ret=SUCCESS |  
2019-08-20 22:34:38,061 | INFO  | DNAudit | user=null | ip=null | op=PUT_BLOCK {blockData=[blockId=conID: 1 locID: 102651689558344264 bcsId: 0,size=3145728]} | ret=SUCCESS |  
2019-08-20 22:34:38,063 | INFO  | DNAudit | user=null | ip=null | op=WRITE_CHUNK {blockData=conID: 1 locID: 102651689558344264 bcsId: 3579} | ret=SUCCESS |  
2019-08-20 22:34:38,063 | INFO  | DNAudit | user=null | ip=null | op=WRITE_CHUNK {blockData=conID: 1 locID: 102651689558344264 bcsId: 3579} | ret=SUCCESS |  
2019-08-20 22:34:38,074 | INFO  | DNAudit | user=null | ip=null | op=WRITE_CHUNK {blockData=conID: 1 locID: 102651689558344264 bcsId: 3579} | ret=SUCCESS |  
2019-08-20 22:34:38,074 | INFO  | DNAudit | user=null | ip=null | op=PUT_BLOCK {blockData=[blockId=conID: 1 locID: 102651689558344264 bcsId: 0,size=4194304]} | ret=SUCCESS |  
2019-08-20 22:34:38,074 [grpc-default-executor-2] INFO  client.GrpcClientProtocolClient (GrpcClientProtocolClient.java:onNext(255)) - client-391BA870FC40->947ec526-030f-41cc-8af7-a6f75e712ab0: receive RaftClientReply:client-391BA870FC40->947ec526-030f-41cc-8af7-a6f75e712ab0@group-5D45C35602B2, cid=2410, SUCCESS, logIndex=3581, commits[947ec526-030f-41cc-8af7-a6f75e712ab0:c3582, c447b9b6-dde2-4ce7-aa81-d0e2eddc8fe9:c3579, 28b540ac-241d-462a-a56c-509e92928066:c3579]
2019-08-20 22:34:38,075 [grpc-default-executor-2] INFO  client.GrpcClientProtocolClient (GrpcClientProtocolClient.java:onNext(255)) - client-391BA870FC40->947ec526-030f-41cc-8af7-a6f75e712ab0: receive RaftClientReply:client-391BA870FC40->947ec526-030f-41cc-8af7-a6f75e712ab0@group-5D45C35602B2, cid=2411, SUCCESS, logIndex=3582, commits[947ec526-030f-41cc-8af7-a6f75e712ab0:c3582, c447b9b6-dde2-4ce7-aa81-d0e2eddc8fe9:c3579, 28b540ac-241d-462a-a56c-509e92928066:c3579]
2019-08-20 22:34:38,087 | INFO  | DNAudit | user=null | ip=null | op=WRITE_CHUNK {blockData=conID: 1 locID: 102651689558344264 bcsId: 3579} | ret=SUCCESS |  
2019-08-20 22:34:38,087 | INFO  | DNAudit | user=null | ip=null | op=WRITE_CHUNK {blockData=conID: 1 locID: 102651689558344264 bcsId: 3579} | ret=SUCCESS |  
2019-08-20 22:34:38,100 | INFO  | DNAudit | user=null | ip=null | op=PUT_BLOCK {blockData=[blockId=conID: 1 locID: 102651689558344264 bcsId: 0,size=4194304]} | ret=SUCCESS |  
2019-08-20 22:34:38,100 | INFO  | DNAudit | user=null | ip=null | op=PUT_BLOCK {blockData=[blockId=conID: 1 locID: 102651689558344264 bcsId: 0,size=4194304]} | ret=SUCCESS |  
2019-08-20 22:34:38,101 [grpc-default-executor-2] INFO  client.GrpcClientProtocolClient (GrpcClientProtocolClient.java:onNext(255)) - client-391BA870FC40->947ec526-030f-41cc-8af7-a6f75e712ab0: receive RaftClientReply:client-391BA870FC40->947ec526-030f-41cc-8af7-a6f75e712ab0@group-5D45C35602B2, cid=2412, SUCCESS, logIndex=0, commits[947ec526-030f-41cc-8af7-a6f75e712ab0:c3584, c447b9b6-dde2-4ce7-aa81-d0e2eddc8fe9:c3582, 28b540ac-241d-462a-a56c-509e92928066:c3582]
2019-08-20 22:34:38,106 | INFO  | SCMAudit | user=jenkins1000 | ip=192.168.5.142 | op=ALLOCATE_BLOCK {owner=6f694d07-2a2f-44d9-8e1c-aaa094a2f647, size=4194304, type=RATIS, factor=THREE} | ret=SUCCESS |  
2019-08-20 22:34:38,110 | INFO  | OMAudit | user=jenkins1000 | ip=127.0.0.1 | op=ALLOCATE_BLOCK {volume=vol-0-80747, bucket=bucket-0-27686, key=key-0-47435, dataSize=0, replicationType=null, replicationFactor=null, keyLocationInfo=null, clientID=102651687805452690} | ret=SUCCESS |  
2019-08-20 22:34:38,118 | INFO  | DNAudit | user=null | ip=null | op=WRITE_CHUNK {blockData=conID: 2 locID: 102651689573155401 bcsId: 0} | ret=SUCCESS |  
2019-08-20 22:34:38,121 | INFO  | DNAudit | user=null | ip=null | op=WRITE_CHUNK {blockData=conID: 2 locID: 102651689573155401 bcsId: 0} | ret=SUCCESS |  
2019-08-20 22:34:38,121 | INFO  | DNAudit | user=null | ip=null | op=WRITE_CHUNK {blockData=conID: 2 locID: 102651689573155401 bcsId: 0} | ret=SUCCESS |  
2019-08-20 22:34:38,121 | INFO  | DNAudit | user=null | ip=null | op=WRITE_CHUNK {blockData=conID: 2 locID: 102651689573155401 bcsId: 0} | ret=SUCCESS |  
2019-08-20 22:34:38,124 | INFO  | DNAudit | user=null | ip=null | op=WRITE_CHUNK {blockData=conID: 2 locID: 102651689573155401 bcsId: 0} | ret=SUCCESS |  
2019-08-20 22:34:38,124 | INFO  | DNAudit | user=null | ip=null | op=WRITE_CHUNK {blockData=conID: 2 locID: 102651689573155401 bcsId: 0} | ret=SUCCESS |  
2019-08-20 22:34:38,139 | INFO  | DNAudit | user=null | ip=null | op=WRITE_CHUNK {blockData=conID: 2 locID: 102651689573155401 bcsId: 0} | ret=SUCCESS |  
2019-08-20 22:34:38,140 | INFO  | DNAudit | user=null | ip=null | op=PUT_BLOCK {blockData=[blockId=conID: 2 locID: 102651689573155401 bcsId: 0,size=1048576]} | ret=SUCCESS |  
2019-08-20 22:34:38,140 [grpc-default-executor-3] INFO  client.GrpcClientProtocolClient (GrpcClientProtocolClient.java:onNext(255)) - client-391BA870FC40->947ec526-030f-41cc-8af7-a6f75e712ab0: receive RaftClientReply:client-391BA870FC40->947ec526-030f-41cc-8af7-a6f75e712ab0@group-5D45C35602B2, cid=2413, SUCCESS, logIndex=3585, commits[947ec526-030f-41cc-8af7-a6f75e712ab0:c3586, c447b9b6-dde2-4ce7-aa81-d0e2eddc8fe9:c3584, 28b540ac-241d-462a-a56c-509e92928066:c3584]
2019-08-20 22:34:38,140 [grpc-default-executor-3] INFO  client.GrpcClientProtocolClient (GrpcClientProtocolClient.java:onNext(255)) - client-391BA870FC40->947ec526-030f-41cc-8af7-a6f75e712ab0: receive RaftClientReply:client-391BA870FC40->947ec526-030f-41cc-8af7-a6f75e712ab0@group-5D45C35602B2, cid=2414, SUCCESS, logIndex=3586, commits[947ec526-030f-41cc-8af7-a6f75e712ab0:c3586, c447b9b6-dde2-4ce7-aa81-d0e2eddc8fe9:c3584, 28b540ac-241d-462a-a56c-509e92928066:c3584]
2019-08-20 22:34:38,142 | INFO  | DNAudit | user=null | ip=null | op=WRITE_CHUNK {blockData=conID: 2 locID: 102651689573155401 bcsId: 0} | ret=SUCCESS |  
2019-08-20 22:34:38,142 | INFO  | DNAudit | user=null | ip=null | op=PUT_BLOCK {blockData=[blockId=conID: 2 locID: 102651689573155401 bcsId: 0,size=2097152]} | ret=SUCCESS |  
2019-08-20 22:34:38,142 [grpc-default-executor-3] INFO  client.GrpcClientProtocolClient (GrpcClientProtocolClient.java:onNext(255)) - client-391BA870FC40->947ec526-030f-41cc-8af7-a6f75e712ab0: receive RaftClientReply:client-391BA870FC40->947ec526-030f-41cc-8af7-a6f75e712ab0@group-5D45C35602B2, cid=2415, SUCCESS, logIndex=3587, commits[947ec526-030f-41cc-8af7-a6f75e712ab0:c3588, c447b9b6-dde2-4ce7-aa81-d0e2eddc8fe9:c3584, 28b540ac-241d-462a-a56c-509e92928066:c3584]
2019-08-20 22:34:38,143 [grpc-default-executor-3] INFO  client.GrpcClientProtocolClient (GrpcClientProtocolClient.java:onNext(255)) - client-391BA870FC40->947ec526-030f-41cc-8af7-a6f75e712ab0: receive RaftClientReply:client-391BA870FC40->947ec526-030f-41cc-8af7-a6f75e712ab0@group-5D45C35602B2, cid=2416, SUCCESS, logIndex=3588, commits[947ec526-030f-41cc-8af7-a6f75e712ab0:c3588, c447b9b6-dde2-4ce7-aa81-d0e2eddc8fe9:c3584, 28b540ac-241d-462a-a56c-509e92928066:c3584]
2019-08-20 22:34:38,153 | INFO  | DNAudit | user=null | ip=null | op=WRITE_CHUNK {blockData=conID: 2 locID: 102651689573155401 bcsId: 0} | ret=SUCCESS |  
2019-08-20 22:34:38,153 | INFO  | DNAudit | user=null | ip=null | op=PUT_BLOCK {blockData=[blockId=conID: 2 locID: 102651689573155401 bcsId: 0,size=1048576]} | ret=SUCCESS |  
2019-08-20 22:34:38,154 | INFO  | DNAudit | user=null | ip=null | op=WRITE_CHUNK {blockData=conID: 2 locID: 102651689573155401 bcsId: 0} | ret=SUCCESS |  
2019-08-20 22:34:38,154 | INFO  | DNAudit | user=null | ip=null | op=PUT_BLOCK {blockData=[blockId=conID: 2 locID: 102651689573155401 bcsId: 0,size=1048576]} | ret=SUCCESS |  
2019-08-20 22:34:38,154 | INFO  | DNAudit | user=null | ip=null | op=WRITE_CHUNK {blockData=conID: 2 locID: 102651689573155401 bcsId: 0} | ret=SUCCESS |  
2019-08-20 22:34:38,154 [grpc-default-executor-3] INFO  client.GrpcClientProtocolClient (GrpcClientProtocolClient.java:onNext(255)) - client-391BA870FC40->947ec526-030f-41cc-8af7-a6f75e712ab0: receive RaftClientReply:client-391BA870FC40->947ec526-030f-41cc-8af7-a6f75e712ab0@group-5D45C35602B2, cid=2417, SUCCESS, logIndex=0, commits[947ec526-030f-41cc-8af7-a6f75e712ab0:c3590, c447b9b6-dde2-4ce7-aa81-d0e2eddc8fe9:c3586, 28b540ac-241d-462a-a56c-509e92928066:c3586]
2019-08-20 22:34:38,155 | INFO  | DNAudit | user=null | ip=null | op=WRITE_CHUNK {blockData=conID: 2 locID: 102651689573155401 bcsId: 0} | ret=SUCCESS |  
2019-08-20 22:34:38,155 | INFO  | DNAudit | user=null | ip=null | op=PUT_BLOCK {blockData=[blockId=conID: 2 locID: 102651689573155401 bcsId: 0,size=2097152]} | ret=SUCCESS |  
2019-08-20 22:34:38,155 | INFO  | DNAudit | user=null | ip=null | op=PUT_BLOCK {blockData=[blockId=conID: 2 locID: 102651689573155401 bcsId: 0,size=2097152]} | ret=SUCCESS |  
2019-08-20 22:34:38,161 | INFO  | DNAudit | user=null | ip=null | op=WRITE_CHUNK {blockData=conID: 2 locID: 102651689573155401 bcsId: 3588} | ret=SUCCESS |  
2019-08-20 22:34:38,162 | INFO  | DNAudit | user=null | ip=null | op=WRITE_CHUNK {blockData=conID: 2 locID: 102651689573155401 bcsId: 3588} | ret=SUCCESS |  
2019-08-20 22:34:38,163 | INFO  | DNAudit | user=null | ip=null | op=WRITE_CHUNK {blockData=conID: 2 locID: 102651689573155401 bcsId: 3588} | ret=SUCCESS |  
2019-08-20 22:34:38,171 | INFO  | DNAudit | user=null | ip=null | op=WRITE_CHUNK {blockData=conID: 2 locID: 102651689573155401 bcsId: 3588} | ret=SUCCESS |  
2019-08-20 22:34:38,171 | INFO  | DNAudit | user=null | ip=null | op=PUT_BLOCK {blockData=[blockId=conID: 2 locID: 102651689573155401 bcsId: 0,size=3145728]} | ret=SUCCESS |  
2019-08-20 22:34:38,171 [grpc-default-executor-5] INFO  client.GrpcClientProtocolClient (GrpcClientProtocolClient.java:onNext(255)) - client-391BA870FC40->947ec526-030f-41cc-8af7-a6f75e712ab0: receive RaftClientReply:client-391BA870FC40->947ec526-030f-41cc-8af7-a6f75e712ab0@group-5D45C35602B2, cid=2418, SUCCESS, logIndex=3593, commits[947ec526-030f-41cc-8af7-a6f75e712ab0:c3594, c447b9b6-dde2-4ce7-aa81-d0e2eddc8fe9:c3592, 28b540ac-241d-462a-a56c-509e92928066:c3592]
2019-08-20 22:34:38,172 [grpc-default-executor-5] INFO  client.GrpcClientProtocolClient (GrpcClientProtocolClient.java:onNext(255)) - client-391BA870FC40->947ec526-030f-41cc-8af7-a6f75e712ab0: receive RaftClientReply:client-391BA870FC40->947ec526-030f-41cc-8af7-a6f75e712ab0@group-5D45C35602B2, cid=2419, SUCCESS, logIndex=3594, commits[947ec526-030f-41cc-8af7-a6f75e712ab0:c3594, c447b9b6-dde2-4ce7-aa81-d0e2eddc8fe9:c3592, 28b540ac-241d-462a-a56c-509e92928066:c3592]
2019-08-20 22:34:38,175 | INFO  | SCMAudit | user=jenkins1000 | ip=192.168.5.142 | op=SEND_HEARTBEAT {datanodeUUID=947ec526-030f-41cc-8af7-a6f75e712ab0, command=[]} | ret=SUCCESS |  
2019-08-20 22:34:38,176 | INFO  | SCMAudit | user=jenkins1000 | ip=192.168.5.142 | op=SEND_HEARTBEAT {datanodeUUID=eafd9314-3f13-422a-a2ac-adfcde2d7481, command=[]} | ret=SUCCESS |  
2019-08-20 22:34:38,176 | INFO  | SCMAudit | user=jenkins1000 | ip=192.168.5.142 | op=SEND_HEARTBEAT {datanodeUUID=28b540ac-241d-462a-a56c-509e92928066, command=[]} | ret=SUCCESS |  
2019-08-20 22:34:38,176 | INFO  | SCMAudit | user=jenkins1000 | ip=192.168.5.142 | op=SEND_HEARTBEAT {datanodeUUID=c447b9b6-dde2-4ce7-aa81-d0e2eddc8fe9, command=[]} | ret=SUCCESS |  
 0.00% |█                                                                                                    |  0/1 Time: 0:00:272019-08-20 22:34:38,178 | INFO  | DNAudit | user=null | ip=null | op=WRITE_CHUNK {blockData=conID: 2 locID: 102651689573155401 bcsId: 3594} | ret=SUCCESS |  
2019-08-20 22:34:38,180 | INFO  | DNAudit | user=null | ip=null | op=WRITE_CHUNK {blockData=conID: 2 locID: 102651689573155401 bcsId: 3594} | ret=SUCCESS |  
2019-08-20 22:34:38,181 | INFO  | DNAudit | user=null | ip=null | op=WRITE_CHUNK {blockData=conID: 2 locID: 102651689573155401 bcsId: 3594} | ret=SUCCESS |  
2019-08-20 22:34:38,184 | INFO  | DNAudit | user=null | ip=null | op=WRITE_CHUNK {blockData=conID: 2 locID: 102651689573155401 bcsId: 3588} | ret=SUCCESS |  
2019-08-20 22:34:38,184 | INFO  | DNAudit | user=null | ip=null | op=WRITE_CHUNK {blockData=conID: 2 locID: 102651689573155401 bcsId: 3588} | ret=SUCCESS |  
2019-08-20 22:34:38,196 | INFO  | DNAudit | user=null | ip=null | op=PUT_BLOCK {blockData=[blockId=conID: 2 locID: 102651689573155401 bcsId: 0,size=3145728]} | ret=SUCCESS |  
2019-08-20 22:34:38,196 | INFO  | DNAudit | user=null | ip=null | op=PUT_BLOCK {blockData=[blockId=conID: 2 locID: 102651689573155401 bcsId: 0,size=3145728]} | ret=SUCCESS |  
2019-08-20 22:34:38,197 | INFO  | DNAudit | user=null | ip=null | op=WRITE_CHUNK {blockData=conID: 2 locID: 102651689573155401 bcsId: 3594} | ret=SUCCESS |  
2019-08-20 22:34:38,197 | INFO  | DNAudit | user=null | ip=null | op=PUT_BLOCK {blockData=[blockId=conID: 2 locID: 102651689573155401 bcsId: 0,size=4194304]} | ret=SUCCESS |  
2019-08-20 22:34:38,198 [grpc-default-executor-5] INFO  client.GrpcClientProtocolClient (GrpcClientProtocolClient.java:onNext(255)) - client-391BA870FC40->947ec526-030f-41cc-8af7-a6f75e712ab0: receive RaftClientReply:client-391BA870FC40->947ec526-030f-41cc-8af7-a6f75e712ab0@group-5D45C35602B2, cid=2420, SUCCESS, logIndex=3597, commits[947ec526-030f-41cc-8af7-a6f75e712ab0:c3598, c447b9b6-dde2-4ce7-aa81-d0e2eddc8fe9:c3594, 28b540ac-241d-462a-a56c-509e92928066:c3594]
2019-08-20 22:34:38,198 [grpc-default-executor-5] INFO  client.GrpcClientProtocolClient (GrpcClientProtocolClient.java:onNext(255)) - client-391BA870FC40->947ec526-030f-41cc-8af7-a6f75e712ab0: receive RaftClientReply:client-391BA870FC40->947ec526-030f-41cc-8af7-a6f75e712ab0@group-5D45C35602B2, cid=2421, SUCCESS, logIndex=3598, commits[947ec526-030f-41cc-8af7-a6f75e712ab0:c3598, c447b9b6-dde2-4ce7-aa81-d0e2eddc8fe9:c3594, 28b540ac-241d-462a-a56c-509e92928066:c3594]
2019-08-20 22:34:38,208 | INFO  | DNAudit | user=null | ip=null | op=WRITE_CHUNK {blockData=conID: 2 locID: 102651689573155401 bcsId: 3594} | ret=SUCCESS |  
2019-08-20 22:34:38,209 | INFO  | DNAudit | user=null | ip=null | op=WRITE_CHUNK {blockData=conID: 2 locID: 102651689573155401 bcsId: 3594} | ret=SUCCESS |  
2019-08-20 22:34:38,211 | INFO  | DNAudit | user=null | ip=null | op=PUT_BLOCK {blockData=[blockId=conID: 2 locID: 102651689573155401 bcsId: 0,size=4194304]} | ret=SUCCESS |  
2019-08-20 22:34:38,211 | INFO  | DNAudit | user=null | ip=null | op=PUT_BLOCK {blockData=[blockId=conID: 2 locID: 102651689573155401 bcsId: 0,size=4194304]} | ret=SUCCESS |  
2019-08-20 22:34:38,212 [grpc-default-executor-5] INFO  client.GrpcClientProtocolClient (GrpcClientProtocolClient.java:onNext(255)) - client-391BA870FC40->947ec526-030f-41cc-8af7-a6f75e712ab0: receive RaftClientReply:client-391BA870FC40->947ec526-030f-41cc-8af7-a6f75e712ab0@group-5D45C35602B2, cid=2422, SUCCESS, logIndex=0, commits[947ec526-030f-41cc-8af7-a6f75e712ab0:c3600, c447b9b6-dde2-4ce7-aa81-d0e2eddc8fe9:c3598, 28b540ac-241d-462a-a56c-509e92928066:c3598]
2019-08-20 22:34:38,218 | INFO  | SCMAudit | user=jenkins1000 | ip=192.168.5.142 | op=ALLOCATE_BLOCK {owner=6f694d07-2a2f-44d9-8e1c-aaa094a2f647, size=4194304, type=RATIS, factor=THREE} | ret=SUCCESS |  
2019-08-20 22:34:38,221 | INFO  | OMAudit | user=jenkins1000 | ip=127.0.0.1 | op=ALLOCATE_BLOCK {volume=vol-0-80747, bucket=bucket-0-27686, key=key-0-47435, dataSize=0, replicationType=null, replicationFactor=null, keyLocationInfo=null, clientID=102651687805452690} | ret=SUCCESS |  
2019-08-20 22:34:38,227 | INFO  | DNAudit | user=null | ip=null | op=WRITE_CHUNK {blockData=conID: 3 locID: 102651689580429898 bcsId: 0} | ret=SUCCESS |  
2019-08-20 22:34:38,230 | INFO  | DNAudit | user=null | ip=null | op=WRITE_CHUNK {blockData=conID: 3 locID: 102651689580429898 bcsId: 0} | ret=SUCCESS |  
2019-08-20 22:34:38,230 | INFO  | DNAudit | user=null | ip=null | op=WRITE_CHUNK {blockData=conID: 3 locID: 102651689580429898 bcsId: 0} | ret=SUCCESS |  
2019-08-20 22:34:38,230 | INFO  | DNAudit | user=null | ip=null | op=WRITE_CHUNK {blockData=conID: 3 locID: 102651689580429898 bcsId: 0} | ret=SUCCESS |  
2019-08-20 22:34:38,230 | INFO  | DNAudit | user=null | ip=null | op=WRITE_CHUNK {blockData=conID: 3 locID: 102651689580429898 bcsId: 0} | ret=SUCCESS |  
2019-08-20 22:34:38,231 | INFO  | DNAudit | user=null | ip=null | op=WRITE_CHUNK {blockData=conID: 3 locID: 102651689580429898 bcsId: 0} | ret=SUCCESS |  
2019-08-20 22:34:38,244 | INFO  | DNAudit | user=null | ip=null | op=WRITE_CHUNK {blockData=conID: 3 locID: 102651689580429898 bcsId: 0} | ret=SUCCESS |  
2019-08-20 22:34:38,244 | INFO  | DNAudit | user=null | ip=null | op=PUT_BLOCK {blockData=[blockId=conID: 3 locID: 102651689580429898 bcsId: 0,size=1048576]} | ret=SUCCESS |  
2019-08-20 22:34:38,245 | INFO  | DNAudit | user=null | ip=null | op=WRITE_CHUNK {blockData=conID: 3 locID: 102651689580429898 bcsId: 0} | ret=SUCCESS |  
2019-08-20 22:34:38,244 [grpc-default-executor-3] INFO  client.GrpcClientProtocolClient (GrpcClientProtocolClient.java:onNext(255)) - client-391BA870FC40->947ec526-030f-41cc-8af7-a6f75e712ab0: receive RaftClientReply:client-391BA870FC40->947ec526-030f-41cc-8af7-a6f75e712ab0@group-5D45C35602B2, cid=2423, SUCCESS, logIndex=3601, commits[947ec526-030f-41cc-8af7-a6f75e712ab0:c3603, c447b9b6-dde2-4ce7-aa81-d0e2eddc8fe9:c3600, 28b540ac-241d-462a-a56c-509e92928066:c3600]
2019-08-20 22:34:38,245 | INFO  | DNAudit | user=null | ip=null | op=PUT_BLOCK {blockData=[blockId=conID: 3 locID: 102651689580429898 bcsId: 0,size=2097152]} | ret=SUCCESS |  
2019-08-20 22:34:38,245 [grpc-default-executor-3] INFO  client.GrpcClientProtocolClient (GrpcClientProtocolClient.java:onNext(255)) - client-391BA870FC40->947ec526-030f-41cc-8af7-a6f75e712ab0: receive RaftClientReply:client-391BA870FC40->947ec526-030f-41cc-8af7-a6f75e712ab0@group-5D45C35602B2, cid=2424, SUCCESS, logIndex=3602, commits[947ec526-030f-41cc-8af7-a6f75e712ab0:c3604, c447b9b6-dde2-4ce7-aa81-d0e2eddc8fe9:c3600, 28b540ac-241d-462a-a56c-509e92928066:c3600]
2019-08-20 22:34:38,245 [grpc-default-executor-3] INFO  client.GrpcClientProtocolClient (GrpcClientProtocolClient.java:onNext(255)) - client-391BA870FC40->947ec526-030f-41cc-8af7-a6f75e712ab0: receive RaftClientReply:client-391BA870FC40->947ec526-030f-41cc-8af7-a6f75e712ab0@group-5D45C35602B2, cid=2425, SUCCESS, logIndex=3603, commits[947ec526-030f-41cc-8af7-a6f75e712ab0:c3604, c447b9b6-dde2-4ce7-aa81-d0e2eddc8fe9:c3600, 28b540ac-241d-462a-a56c-509e92928066:c3600]
2019-08-20 22:34:38,245 [grpc-default-executor-3] INFO  client.GrpcClientProtocolClient (GrpcClientProtocolClient.java:onNext(255)) - client-391BA870FC40->947ec526-030f-41cc-8af7-a6f75e712ab0: receive RaftClientReply:client-391BA870FC40->947ec526-030f-41cc-8af7-a6f75e712ab0@group-5D45C35602B2, cid=2426, SUCCESS, logIndex=3604, commits[947ec526-030f-41cc-8af7-a6f75e712ab0:c3604, c447b9b6-dde2-4ce7-aa81-d0e2eddc8fe9:c3600, 28b540ac-241d-462a-a56c-509e92928066:c3600]
2019-08-20 22:34:38,257 | INFO  | DNAudit | user=null | ip=null | op=WRITE_CHUNK {blockData=conID: 3 locID: 102651689580429898 bcsId: 0} | ret=SUCCESS |  
2019-08-20 22:34:38,257 | INFO  | DNAudit | user=null | ip=null | op=WRITE_CHUNK {blockData=conID: 3 locID: 102651689580429898 bcsId: 0} | ret=SUCCESS |  
2019-08-20 22:34:38,268 | INFO  | DNAudit | user=null | ip=null | op=PUT_BLOCK {blockData=[blockId=conID: 3 locID: 102651689580429898 bcsId: 0,size=1048576]} | ret=SUCCESS |  
2019-08-20 22:34:38,268 | INFO  | DNAudit | user=null | ip=null | op=PUT_BLOCK {blockData=[blockId=conID: 3 locID: 102651689580429898 bcsId: 0,size=1048576]} | ret=SUCCESS |  
2019-08-20 22:34:38,269 | INFO  | DNAudit | user=null | ip=null | op=WRITE_CHUNK {blockData=conID: 3 locID: 102651689580429898 bcsId: 0} | ret=SUCCESS |  
2019-08-20 22:34:38,269 | INFO  | DNAudit | user=null | ip=null | op=WRITE_CHUNK {blockData=conID: 3 locID: 102651689580429898 bcsId: 0} | ret=SUCCESS |  
2019-08-20 22:34:38,269 | INFO  | DNAudit | user=null | ip=null | op=PUT_BLOCK {blockData=[blockId=conID: 3 locID: 102651689580429898 bcsId: 0,size=2097152]} | ret=SUCCESS |  
2019-08-20 22:34:38,269 | INFO  | DNAudit | user=null | ip=null | op=PUT_BLOCK {blockData=[blockId=conID: 3 locID: 102651689580429898 bcsId: 0,size=2097152]} | ret=SUCCESS |  
2019-08-20 22:34:38,269 [grpc-default-executor-5] INFO  client.GrpcClientProtocolClient (GrpcClientProtocolClient.java:onNext(255)) - client-391BA870FC40->947ec526-030f-41cc-8af7-a6f75e712ab0: receive RaftClientReply:client-391BA870FC40->947ec526-030f-41cc-8af7-a6f75e712ab0@group-5D45C35602B2, cid=2427, SUCCESS, logIndex=0, commits[947ec526-030f-41cc-8af7-a6f75e712ab0:c3605, c447b9b6-dde2-4ce7-aa81-d0e2eddc8fe9:c3602, 28b540ac-241d-462a-a56c-509e92928066:c3602]
2019-08-20 22:34:38,275 | INFO  | DNAudit | user=null | ip=null | op=WRITE_CHUNK {blockData=conID: 3 locID: 102651689580429898 bcsId: 3604} | ret=SUCCESS |  
2019-08-20 22:34:38,277 | INFO  | DNAudit | user=null | ip=null | op=WRITE_CHUNK {blockData=conID: 3 locID: 102651689580429898 bcsId: 3604} | ret=SUCCESS |  
2019-08-20 22:34:38,277 | INFO  | DNAudit | user=null | ip=null | op=WRITE_CHUNK {blockData=conID: 3 locID: 102651689580429898 bcsId: 3604} | ret=SUCCESS |  
2019-08-20 22:34:38,289 | INFO  | DNAudit | user=null | ip=null | op=WRITE_CHUNK {blockData=conID: 3 locID: 102651689580429898 bcsId: 3604} | ret=SUCCESS |  
2019-08-20 22:34:38,290 | INFO  | DNAudit | user=null | ip=null | op=PUT_BLOCK {blockData=[blockId=conID: 3 locID: 102651689580429898 bcsId: 0,size=3145728]} | ret=SUCCESS |  
2019-08-20 22:34:38,290 [grpc-default-executor-2] INFO  client.GrpcClientProtocolClient (GrpcClientProtocolClient.java:onNext(255)) - client-391BA870FC40->947ec526-030f-41cc-8af7-a6f75e712ab0: receive RaftClientReply:client-391BA870FC40->947ec526-030f-41cc-8af7-a6f75e712ab0@group-5D45C35602B2, cid=2428, SUCCESS, logIndex=3609, commits[947ec526-030f-41cc-8af7-a6f75e712ab0:c3610, c447b9b6-dde2-4ce7-aa81-d0e2eddc8fe9:c3608, 28b540ac-241d-462a-a56c-509e92928066:c3608]
2019-08-20 22:34:38,290 [grpc-default-executor-2] INFO  client.GrpcClientProtocolClient (GrpcClientProtocolClient.java:onNext(255)) - client-391BA870FC40->947ec526-030f-41cc-8af7-a6f75e712ab0: receive RaftClientReply:client-391BA870FC40->947ec526-030f-41cc-8af7-a6f75e712ab0@group-5D45C35602B2, cid=2429, SUCCESS, logIndex=3610, commits[947ec526-030f-41cc-8af7-a6f75e712ab0:c3610, c447b9b6-dde2-4ce7-aa81-d0e2eddc8fe9:c3608, 28b540ac-241d-462a-a56c-509e92928066:c3608]
2019-08-20 22:34:38,295 | INFO  | DNAudit | user=null | ip=null | op=WRITE_CHUNK {blockData=conID: 3 locID: 102651689580429898 bcsId: 3610} | ret=SUCCESS |  
2019-08-20 22:34:38,297 | INFO  | DNAudit | user=null | ip=null | op=WRITE_CHUNK {blockData=conID: 3 locID: 102651689580429898 bcsId: 3610} | ret=SUCCESS |  
2019-08-20 22:34:38,297 | INFO  | DNAudit | user=null | ip=null | op=WRITE_CHUNK {blockData=conID: 3 locID: 102651689580429898 bcsId: 3610} | ret=SUCCESS |  
2019-08-20 22:34:38,301 | INFO  | DNAudit | user=null | ip=null | op=WRITE_CHUNK {blockData=conID: 3 locID: 102651689580429898 bcsId: 3604} | ret=SUCCESS |  
2019-08-20 22:34:38,301 | INFO  | DNAudit | user=null | ip=null | op=WRITE_CHUNK {blockData=conID: 3 locID: 102651689580429898 bcsId: 3604} | ret=SUCCESS |  
2019-08-20 22:34:38,304 | INFO  | DNAudit | user=null | ip=null | op=PUT_BLOCK {blockData=[blockId=conID: 3 locID: 102651689580429898 bcsId: 0,size=3145728]} | ret=SUCCESS |  
2019-08-20 22:34:38,304 | INFO  | DNAudit | user=null | ip=null | op=PUT_BLOCK {blockData=[blockId=conID: 3 locID: 102651689580429898 bcsId: 0,size=3145728]} | ret=SUCCESS |  
2019-08-20 22:34:38,304 | INFO  | DNAudit | user=null | ip=null | op=WRITE_CHUNK {blockData=conID: 3 locID: 102651689580429898 bcsId: 3610} | ret=SUCCESS |  
2019-08-20 22:34:38,304 | INFO  | DNAudit | user=null | ip=null | op=PUT_BLOCK {blockData=[blockId=conID: 3 locID: 102651689580429898 bcsId: 0,size=4194304]} | ret=SUCCESS |  
2019-08-20 22:34:38,305 [grpc-default-executor-5] INFO  client.GrpcClientProtocolClient (GrpcClientProtocolClient.java:onNext(255)) - client-391BA870FC40->947ec526-030f-41cc-8af7-a6f75e712ab0: receive RaftClientReply:client-391BA870FC40->947ec526-030f-41cc-8af7-a6f75e712ab0@group-5D45C35602B2, cid=2430, SUCCESS, logIndex=3613, commits[947ec526-030f-41cc-8af7-a6f75e712ab0:c3614, c447b9b6-dde2-4ce7-aa81-d0e2eddc8fe9:c3610, 28b540ac-241d-462a-a56c-509e92928066:c3610]
2019-08-20 22:34:38,305 [grpc-default-executor-5] INFO  client.GrpcClientProtocolClient (GrpcClientProtocolClient.java:onNext(255)) - client-391BA870FC40->947ec526-030f-41cc-8af7-a6f75e712ab0: receive RaftClientReply:client-391BA870FC40->947ec526-030f-41cc-8af7-a6f75e712ab0@group-5D45C35602B2, cid=2431, SUCCESS, logIndex=3614, commits[947ec526-030f-41cc-8af7-a6f75e712ab0:c3614, c447b9b6-dde2-4ce7-aa81-d0e2eddc8fe9:c3610, 28b540ac-241d-462a-a56c-509e92928066:c3610]
2019-08-20 22:34:38,317 | INFO  | DNAudit | user=null | ip=null | op=WRITE_CHUNK {blockData=conID: 3 locID: 102651689580429898 bcsId: 3610} | ret=SUCCESS |  
2019-08-20 22:34:38,318 | INFO  | DNAudit | user=null | ip=null | op=WRITE_CHUNK {blockData=conID: 3 locID: 102651689580429898 bcsId: 3610} | ret=SUCCESS |  
2019-08-20 22:34:38,330 | INFO  | DNAudit | user=null | ip=null | op=PUT_BLOCK {blockData=[blockId=conID: 3 locID: 102651689580429898 bcsId: 0,size=4194304]} | ret=SUCCESS |  
2019-08-20 22:34:38,331 | INFO  | DNAudit | user=null | ip=null | op=PUT_BLOCK {blockData=[blockId=conID: 3 locID: 102651689580429898 bcsId: 0,size=4194304]} | ret=SUCCESS |  
2019-08-20 22:34:38,331 [grpc-default-executor-5] INFO  client.GrpcClientProtocolClient (GrpcClientProtocolClient.java:onNext(255)) - client-391BA870FC40->947ec526-030f-41cc-8af7-a6f75e712ab0: receive RaftClientReply:client-391BA870FC40->947ec526-030f-41cc-8af7-a6f75e712ab0@group-5D45C35602B2, cid=2432, SUCCESS, logIndex=0, commits[947ec526-030f-41cc-8af7-a6f75e712ab0:c3616, c447b9b6-dde2-4ce7-aa81-d0e2eddc8fe9:c3614, 28b540ac-241d-462a-a56c-509e92928066:c3614]
2019-08-20 22:34:38,337 | INFO  | SCMAudit | user=jenkins1000 | ip=192.168.5.142 | op=ALLOCATE_BLOCK {owner=6f694d07-2a2f-44d9-8e1c-aaa094a2f647, size=4194304, type=RATIS, factor=THREE} | ret=SUCCESS |  
2019-08-20 22:34:38,341 | INFO  | OMAudit | user=jenkins1000 | ip=127.0.0.1 | op=ALLOCATE_BLOCK {volume=vol-0-80747, bucket=bucket-0-27686, key=key-0-47435, dataSize=0, replicationType=null, replicationFactor=null, keyLocationInfo=null, clientID=102651687805452690} | ret=SUCCESS |  
2019-08-20 22:34:38,347 | INFO  | DNAudit | user=null | ip=null | op=WRITE_CHUNK {blockData=conID: 1 locID: 102651689588294219 bcsId: 0} | ret=SUCCESS |  
2019-08-20 22:34:38,349 | INFO  | DNAudit | user=null | ip=null | op=WRITE_CHUNK {blockData=conID: 1 locID: 102651689588294219 bcsId: 0} | ret=SUCCESS |  
2019-08-20 22:34:38,349 | INFO  | DNAudit | user=null | ip=null | op=WRITE_CHUNK {blockData=conID: 1 locID: 102651689588294219 bcsId: 0} | ret=SUCCESS |  
2019-08-20 22:34:38,349 | INFO  | DNAudit | user=null | ip=null | op=WRITE_CHUNK {blockData=conID: 1 locID: 102651689588294219 bcsId: 0} | ret=SUCCESS |  
2019-08-20 22:34:38,350 | INFO  | DNAudit | user=null | ip=null | op=WRITE_CHUNK {blockData=conID: 1 locID: 102651689588294219 bcsId: 0} | ret=SUCCESS |  
2019-08-20 22:34:38,350 | INFO  | DNAudit | user=null | ip=null | op=WRITE_CHUNK {blockData=conID: 1 locID: 102651689588294219 bcsId: 0} | ret=SUCCESS |  
2019-08-20 22:34:38,360 | INFO  | DNAudit | user=null | ip=null | op=WRITE_CHUNK {blockData=conID: 1 locID: 102651689588294219 bcsId: 0} | ret=SUCCESS |  
2019-08-20 22:34:38,360 | INFO  | DNAudit | user=null | ip=null | op=PUT_BLOCK {blockData=[blockId=conID: 1 locID: 102651689588294219 bcsId: 0,size=1048576]} | ret=SUCCESS |  
2019-08-20 22:34:38,361 | INFO  | DNAudit | user=null | ip=null | op=WRITE_CHUNK {blockData=conID: 1 locID: 102651689588294219 bcsId: 0} | ret=SUCCESS |  
2019-08-20 22:34:38,361 | INFO  | DNAudit | user=null | ip=null | op=PUT_BLOCK {blockData=[blockId=conID: 1 locID: 102651689588294219 bcsId: 0,size=2097152]} | ret=SUCCESS |  
2019-08-20 22:34:38,361 [grpc-default-executor-2] INFO  client.GrpcClientProtocolClient (GrpcClientProtocolClient.java:onNext(255)) - client-391BA870FC40->947ec526-030f-41cc-8af7-a6f75e712ab0: receive RaftClientReply:client-391BA870FC40->947ec526-030f-41cc-8af7-a6f75e712ab0@group-5D45C35602B2, cid=2433, SUCCESS, logIndex=3617, commits[947ec526-030f-41cc-8af7-a6f75e712ab0:c3619, c447b9b6-dde2-4ce7-aa81-d0e2eddc8fe9:c3616, 28b540ac-241d-462a-a56c-509e92928066:c3616]
2019-08-20 22:34:38,361 [grpc-default-executor-2] INFO  client.GrpcClientProtocolClient (GrpcClientProtocolClient.java:onNext(255)) - client-391BA870FC40->947ec526-030f-41cc-8af7-a6f75e712ab0: receive RaftClientReply:client-391BA870FC40->947ec526-030f-41cc-8af7-a6f75e712ab0@group-5D45C35602B2, cid=2434, SUCCESS, logIndex=3618, commits[947ec526-030f-41cc-8af7-a6f75e712ab0:c3620, c447b9b6-dde2-4ce7-aa81-d0e2eddc8fe9:c3616, 28b540ac-241d-462a-a56c-509e92928066:c3616]
2019-08-20 22:34:38,362 [grpc-default-executor-2] INFO  client.GrpcClientProtocolClient (GrpcClientProtocolClient.java:onNext(255)) - client-391BA870FC40->947ec526-030f-41cc-8af7-a6f75e712ab0: receive RaftClientReply:client-391BA870FC40->947ec526-030f-41cc-8af7-a6f75e712ab0@group-5D45C35602B2, cid=2435, SUCCESS, logIndex=3619, commits[947ec526-030f-41cc-8af7-a6f75e712ab0:c3620, c447b9b6-dde2-4ce7-aa81-d0e2eddc8fe9:c3616, 28b540ac-241d-462a-a56c-509e92928066:c3616]
2019-08-20 22:34:38,362 [grpc-default-executor-2] INFO  client.GrpcClientProtocolClient (GrpcClientProtocolClient.java:onNext(255)) - client-391BA870FC40->947ec526-030f-41cc-8af7-a6f75e712ab0: receive RaftClientReply:client-391BA870FC40->947ec526-030f-41cc-8af7-a6f75e712ab0@group-5D45C35602B2, cid=2436, SUCCESS, logIndex=3620, commits[947ec526-030f-41cc-8af7-a6f75e712ab0:c3620, c447b9b6-dde2-4ce7-aa81-d0e2eddc8fe9:c3616, 28b540ac-241d-462a-a56c-509e92928066:c3616]
2019-08-20 22:34:38,370 | INFO  | DNAudit | user=null | ip=null | op=WRITE_CHUNK {blockData=conID: 1 locID: 102651689588294219 bcsId: 0} | ret=SUCCESS |  
2019-08-20 22:34:38,370 | INFO  | DNAudit | user=null | ip=null | op=WRITE_CHUNK {blockData=conID: 1 locID: 102651689588294219 bcsId: 0} | ret=SUCCESS |  
2019-08-20 22:34:38,373 | INFO  | DNAudit | user=null | ip=null | op=PUT_BLOCK {blockData=[blockId=conID: 1 locID: 102651689588294219 bcsId: 0,size=1048576]} | ret=SUCCESS |  
2019-08-20 22:34:38,373 | INFO  | DNAudit | user=null | ip=null | op=PUT_BLOCK {blockData=[blockId=conID: 1 locID: 102651689588294219 bcsId: 0,size=1048576]} | ret=SUCCESS |  
2019-08-20 22:34:38,373 | INFO  | DNAudit | user=null | ip=null | op=WRITE_CHUNK {blockData=conID: 1 locID: 102651689588294219 bcsId: 0} | ret=SUCCESS |  
2019-08-20 22:34:38,373 | INFO  | DNAudit | user=null | ip=null | op=PUT_BLOCK {blockData=[blockId=conID: 1 locID: 102651689588294219 bcsId: 0,size=2097152]} | ret=SUCCESS |  
2019-08-20 22:34:38,373 | INFO  | DNAudit | user=null | ip=null | op=WRITE_CHUNK {blockData=conID: 1 locID: 102651689588294219 bcsId: 0} | ret=SUCCESS |  
2019-08-20 22:34:38,374 | INFO  | DNAudit | user=null | ip=null | op=PUT_BLOCK {blockData=[blockId=conID: 1 locID: 102651689588294219 bcsId: 0,size=2097152]} | ret=SUCCESS |  
2019-08-20 22:34:38,373 [grpc-default-executor-2] INFO  client.GrpcClientProtocolClient (GrpcClientProtocolClient.java:onNext(255)) - client-391BA870FC40->947ec526-030f-41cc-8af7-a6f75e712ab0: receive RaftClientReply:client-391BA870FC40->947ec526-030f-41cc-8af7-a6f75e712ab0@group-5D45C35602B2, cid=2437, SUCCESS, logIndex=0, commits[947ec526-030f-41cc-8af7-a6f75e712ab0:c3621, c447b9b6-dde2-4ce7-aa81-d0e2eddc8fe9:c3618, 28b540ac-241d-462a-a56c-509e92928066:c3618]
2019-08-20 22:34:38,379 | INFO  | DNAudit | user=null | ip=null | op=WRITE_CHUNK {blockData=conID: 1 locID: 102651689588294219 bcsId: 3620} | ret=SUCCESS |  
2019-08-20 22:34:38,381 | INFO  | DNAudit | user=null | ip=null | op=WRITE_CHUNK {blockData=conID: 1 locID: 102651689588294219 bcsId: 3620} | ret=SUCCESS |  
2019-08-20 22:34:38,381 | INFO  | DNAudit | user=null | ip=null | op=WRITE_CHUNK {blockData=conID: 1 locID: 102651689588294219 bcsId: 3620} | ret=SUCCESS |  
2019-08-20 22:34:38,396 | INFO  | DNAudit | user=null | ip=null | op=WRITE_CHUNK {blockData=conID: 1 locID: 102651689588294219 bcsId: 3620} | ret=SUCCESS |  
2019-08-20 22:34:38,396 | INFO  | DNAudit | user=null | ip=null | op=PUT_BLOCK {blockData=[blockId=conID: 1 locID: 102651689588294219 bcsId: 0,size=3145728]} | ret=SUCCESS |  
2019-08-20 22:34:38,396 [grpc-default-executor-1] INFO  client.GrpcClientProtocolClient (GrpcClientProtocolClient.java:onNext(255)) - client-391BA870FC40->947ec526-030f-41cc-8af7-a6f75e712ab0: receive RaftClientReply:client-391BA870FC40->947ec526-030f-41cc-8af7-a6f75e712ab0@group-5D45C35602B2, cid=2438, SUCCESS, logIndex=3625, commits[947ec526-030f-41cc-8af7-a6f75e712ab0:c3626, c447b9b6-dde2-4ce7-aa81-d0e2eddc8fe9:c3624, 28b540ac-241d-462a-a56c-509e92928066:c3624]
2019-08-20 22:34:38,397 [grpc-default-executor-1] INFO  client.GrpcClientProtocolClient (GrpcClientProtocolClient.java:onNext(255)) - client-391BA870FC40->947ec526-030f-41cc-8af7-a6f75e712ab0: receive RaftClientReply:client-391BA870FC40->947ec526-030f-41cc-8af7-a6f75e712ab0@group-5D45C35602B2, cid=2439, SUCCESS, logIndex=3626, commits[947ec526-030f-41cc-8af7-a6f75e712ab0:c3626, c447b9b6-dde2-4ce7-aa81-d0e2eddc8fe9:c3624, 28b540ac-241d-462a-a56c-509e92928066:c3624]
2019-08-20 22:34:38,403 | INFO  | DNAudit | user=null | ip=null | op=WRITE_CHUNK {blockData=conID: 1 locID: 102651689588294219 bcsId: 3626} | ret=SUCCESS |  
2019-08-20 22:34:38,403 | INFO  | DNAudit | user=null | ip=null | op=WRITE_CHUNK {blockData=conID: 1 locID: 102651689588294219 bcsId: 3626} | ret=SUCCESS |  
2019-08-20 22:34:38,404 | INFO  | DNAudit | user=null | ip=null | op=WRITE_CHUNK {blockData=conID: 1 locID: 102651689588294219 bcsId: 3626} | ret=SUCCESS |  
2019-08-20 22:34:38,407 | INFO  | DNAudit | user=null | ip=null | op=WRITE_CHUNK {blockData=conID: 1 locID: 102651689588294219 bcsId: 3620} | ret=SUCCESS |  
2019-08-20 22:34:38,407 | INFO  | DNAudit | user=null | ip=null | op=WRITE_CHUNK {blockData=conID: 1 locID: 102651689588294219 bcsId: 3620} | ret=SUCCESS |  
2019-08-20 22:34:38,410 | INFO  | DNAudit | user=null | ip=null | op=PUT_BLOCK {blockData=[blockId=conID: 1 locID: 102651689588294219 bcsId: 0,size=3145728]} | ret=SUCCESS |  
2019-08-20 22:34:38,410 | INFO  | DNAudit | user=null | ip=null | op=PUT_BLOCK {blockData=[blockId=conID: 1 locID: 102651689588294219 bcsId: 0,size=3145728]} | ret=SUCCESS |  
2019-08-20 22:34:38,411 | INFO  | DNAudit | user=null | ip=null | op=WRITE_CHUNK {blockData=conID: 1 locID: 102651689588294219 bcsId: 3626} | ret=SUCCESS |  
2019-08-20 22:34:38,411 | INFO  | DNAudit | user=null | ip=null | op=PUT_BLOCK {blockData=[blockId=conID: 1 locID: 102651689588294219 bcsId: 0,size=4194304]} | ret=SUCCESS |  
2019-08-20 22:34:38,411 [grpc-default-executor-5] INFO  client.GrpcClientProtocolClient (GrpcClientProtocolClient.java:onNext(255)) - client-391BA870FC40->947ec526-030f-41cc-8af7-a6f75e712ab0: receive RaftClientReply:client-391BA870FC40->947ec526-030f-41cc-8af7-a6f75e712ab0@group-5D45C35602B2, cid=2440, SUCCESS, logIndex=3629, commits[947ec526-030f-41cc-8af7-a6f75e712ab0:c3630, c447b9b6-dde2-4ce7-aa81-d0e2eddc8fe9:c3626, 28b540ac-241d-462a-a56c-509e92928066:c3626]
2019-08-20 22:34:38,411 [grpc-default-executor-5] INFO  client.GrpcClientProtocolClient (GrpcClientProtocolClient.java:onNext(255)) - client-391BA870FC40->947ec526-030f-41cc-8af7-a6f75e712ab0: receive RaftClientReply:client-391BA870FC40->947ec526-030f-41cc-8af7-a6f75e712ab0@group-5D45C35602B2, cid=2441, SUCCESS, logIndex=3630, commits[947ec526-030f-41cc-8af7-a6f75e712ab0:c3630, c447b9b6-dde2-4ce7-aa81-d0e2eddc8fe9:c3626, 28b540ac-241d-462a-a56c-509e92928066:c3626]
2019-08-20 22:34:38,425 | INFO  | DNAudit | user=null | ip=null | op=WRITE_CHUNK {blockData=conID: 1 locID: 102651689588294219 bcsId: 3626} | ret=SUCCESS |  
2019-08-20 22:34:38,425 | INFO  | DNAudit | user=null | ip=null | op=PUT_BLOCK {blockData=[blockId=conID: 1 locID: 102651689588294219 bcsId: 0,size=4194304]} | ret=SUCCESS |  
2019-08-20 22:34:38,425 | INFO  | DNAudit | user=null | ip=null | op=WRITE_CHUNK {blockData=conID: 1 locID: 102651689588294219 bcsId: 3626} | ret=SUCCESS |  
2019-08-20 22:34:38,425 | INFO  | DNAudit | user=null | ip=null | op=PUT_BLOCK {blockData=[blockId=conID: 1 locID: 102651689588294219 bcsId: 0,size=4194304]} | ret=SUCCESS |  
2019-08-20 22:34:38,426 [grpc-default-executor-1] INFO  client.GrpcClientProtocolClient (GrpcClientProtocolClient.java:onNext(255)) - client-391BA870FC40->947ec526-030f-41cc-8af7-a6f75e712ab0: receive RaftClientReply:client-391BA870FC40->947ec526-030f-41cc-8af7-a6f75e712ab0@group-5D45C35602B2, cid=2442, SUCCESS, logIndex=0, commits[947ec526-030f-41cc-8af7-a6f75e712ab0:c3631, c447b9b6-dde2-4ce7-aa81-d0e2eddc8fe9:c3630, 28b540ac-241d-462a-a56c-509e92928066:c3630]
2019-08-20 22:34:38,431 | INFO  | SCMAudit | user=jenkins1000 | ip=192.168.5.142 | op=ALLOCATE_BLOCK {owner=6f694d07-2a2f-44d9-8e1c-aaa094a2f647, size=4194304, type=RATIS, factor=THREE} | ret=SUCCESS |  
2019-08-20 22:34:38,434 | INFO  | OMAudit | user=jenkins1000 | ip=127.0.0.1 | op=ALLOCATE_BLOCK {volume=vol-0-80747, bucket=bucket-0-27686, key=key-0-47435, dataSize=0, replicationType=null, replicationFactor=null, keyLocationInfo=null, clientID=102651687805452690} | ret=SUCCESS |  
2019-08-20 22:34:38,441 | INFO  | DNAudit | user=null | ip=null | op=WRITE_CHUNK {blockData=conID: 2 locID: 102651689594454604 bcsId: 0} | ret=SUCCESS |  
2019-08-20 22:34:38,443 | INFO  | DNAudit | user=null | ip=null | op=WRITE_CHUNK {blockData=conID: 2 locID: 102651689594454604 bcsId: 0} | ret=SUCCESS |  
2019-08-20 22:34:38,443 | INFO  | DNAudit | user=null | ip=null | op=WRITE_CHUNK {blockData=conID: 2 locID: 102651689594454604 bcsId: 0} | ret=SUCCESS |  
2019-08-20 22:34:38,444 | INFO  | DNAudit | user=null | ip=null | op=WRITE_CHUNK {blockData=conID: 2 locID: 102651689594454604 bcsId: 0} | ret=SUCCESS |  
2019-08-20 22:34:38,447 | INFO  | DNAudit | user=null | ip=null | op=WRITE_CHUNK {blockData=conID: 2 locID: 102651689594454604 bcsId: 0} | ret=SUCCESS |  
2019-08-20 22:34:38,447 | INFO  | DNAudit | user=null | ip=null | op=WRITE_CHUNK {blockData=conID: 2 locID: 102651689594454604 bcsId: 0} | ret=SUCCESS |  
2019-08-20 22:34:38,453 | INFO  | DNAudit | user=null | ip=null | op=WRITE_CHUNK {blockData=conID: 2 locID: 102651689594454604 bcsId: 0} | ret=SUCCESS |  
2019-08-20 22:34:38,454 | INFO  | DNAudit | user=null | ip=null | op=PUT_BLOCK {blockData=[blockId=conID: 2 locID: 102651689594454604 bcsId: 0,size=1048576]} | ret=SUCCESS |  
2019-08-20 22:34:38,454 [grpc-default-executor-1] INFO  client.GrpcClientProtocolClient (GrpcClientProtocolClient.java:onNext(255)) - client-391BA870FC40->947ec526-030f-41cc-8af7-a6f75e712ab0: receive RaftClientReply:client-391BA870FC40->947ec526-030f-41cc-8af7-a6f75e712ab0@group-5D45C35602B2, cid=2443, SUCCESS, logIndex=3633, commits[947ec526-030f-41cc-8af7-a6f75e712ab0:c3634, c447b9b6-dde2-4ce7-aa81-d0e2eddc8fe9:c3632, 28b540ac-241d-462a-a56c-509e92928066:c3632]
2019-08-20 22:34:38,454 [grpc-default-executor-1] INFO  client.GrpcClientProtocolClient (GrpcClientProtocolClient.java:onNext(255)) - client-391BA870FC40->947ec526-030f-41cc-8af7-a6f75e712ab0: receive RaftClientReply:client-391BA870FC40->947ec526-030f-41cc-8af7-a6f75e712ab0@group-5D45C35602B2, cid=2444, SUCCESS, logIndex=3634, commits[947ec526-030f-41cc-8af7-a6f75e712ab0:c3634, c447b9b6-dde2-4ce7-aa81-d0e2eddc8fe9:c3632, 28b540ac-241d-462a-a56c-509e92928066:c3632]
2019-08-20 22:34:38,456 | INFO  | DNAudit | user=null | ip=null | op=WRITE_CHUNK {blockData=conID: 2 locID: 102651689594454604 bcsId: 0} | ret=SUCCESS |  
2019-08-20 22:34:38,457 | INFO  | DNAudit | user=null | ip=null | op=PUT_BLOCK {blockData=[blockId=conID: 2 locID: 102651689594454604 bcsId: 0,size=2097152]} | ret=SUCCESS |  
2019-08-20 22:34:38,457 [grpc-default-executor-2] INFO  client.GrpcClientProtocolClient (GrpcClientProtocolClient.java:onNext(255)) - client-391BA870FC40->947ec526-030f-41cc-8af7-a6f75e712ab0: receive RaftClientReply:client-391BA870FC40->947ec526-030f-41cc-8af7-a6f75e712ab0@group-5D45C35602B2, cid=2445, SUCCESS, logIndex=3635, commits[947ec526-030f-41cc-8af7-a6f75e712ab0:c3636, c447b9b6-dde2-4ce7-aa81-d0e2eddc8fe9:c3632, 28b540ac-241d-462a-a56c-509e92928066:c3632]
2019-08-20 22:34:38,457 [grpc-default-executor-2] INFO  client.GrpcClientProtocolClient (GrpcClientProtocolClient.java:onNext(255)) - client-391BA870FC40->947ec526-030f-41cc-8af7-a6f75e712ab0: receive RaftClientReply:client-391BA870FC40->947ec526-030f-41cc-8af7-a6f75e712ab0@group-5D45C35602B2, cid=2446, SUCCESS, logIndex=3636, commits[947ec526-030f-41cc-8af7-a6f75e712ab0:c3636, c447b9b6-dde2-4ce7-aa81-d0e2eddc8fe9:c3632, 28b540ac-241d-462a-a56c-509e92928066:c3632]
2019-08-20 22:34:38,468 | INFO  | DNAudit | user=null | ip=null | op=WRITE_CHUNK {blockData=conID: 2 locID: 102651689594454604 bcsId: 0} | ret=SUCCESS |  
2019-08-20 22:34:38,468 | INFO  | DNAudit | user=null | ip=null | op=PUT_BLOCK {blockData=[blockId=conID: 2 locID: 102651689594454604 bcsId: 0,size=1048576]} | ret=SUCCESS |  
2019-08-20 22:34:38,468 | INFO  | DNAudit | user=null | ip=null | op=WRITE_CHUNK {blockData=conID: 2 locID: 102651689594454604 bcsId: 0} | ret=SUCCESS |  
2019-08-20 22:34:38,468 | INFO  | DNAudit | user=null | ip=null | op=PUT_BLOCK {blockData=[blockId=conID: 2 locID: 102651689594454604 bcsId: 0,size=1048576]} | ret=SUCCESS |  
2019-08-20 22:34:38,468 [grpc-default-executor-5] INFO  client.GrpcClientProtocolClient (GrpcClientProtocolClient.java:onNext(255)) - client-391BA870FC40->947ec526-030f-41cc-8af7-a6f75e712ab0: receive RaftClientReply:client-391BA870FC40->947ec526-030f-41cc-8af7-a6f75e712ab0@group-5D45C35602B2, cid=2447, SUCCESS, logIndex=0, commits[947ec526-030f-41cc-8af7-a6f75e712ab0:c3638, c447b9b6-dde2-4ce7-aa81-d0e2eddc8fe9:c3634, 28b540ac-241d-462a-a56c-509e92928066:c3634]
2019-08-20 22:34:38,469 | INFO  | DNAudit | user=null | ip=null | op=WRITE_CHUNK {blockData=conID: 2 locID: 102651689594454604 bcsId: 0} | ret=SUCCESS |  
2019-08-20 22:34:38,469 | INFO  | DNAudit | user=null | ip=null | op=PUT_BLOCK {blockData=[blockId=conID: 2 locID: 102651689594454604 bcsId: 0,size=2097152]} | ret=SUCCESS |  
2019-08-20 22:34:38,469 | INFO  | DNAudit | user=null | ip=null | op=WRITE_CHUNK {blockData=conID: 2 locID: 102651689594454604 bcsId: 0} | ret=SUCCESS |  
2019-08-20 22:34:38,469 | INFO  | DNAudit | user=null | ip=null | op=PUT_BLOCK {blockData=[blockId=conID: 2 locID: 102651689594454604 bcsId: 0,size=2097152]} | ret=SUCCESS |  
2019-08-20 22:34:38,474 | INFO  | DNAudit | user=null | ip=null | op=WRITE_CHUNK {blockData=conID: 2 locID: 102651689594454604 bcsId: 3636} | ret=SUCCESS |  
2019-08-20 22:34:38,476 | INFO  | DNAudit | user=null | ip=null | op=WRITE_CHUNK {blockData=conID: 2 locID: 102651689594454604 bcsId: 3636} | ret=SUCCESS |  
2019-08-20 22:34:38,477 | INFO  | DNAudit | user=null | ip=null | op=WRITE_CHUNK {blockData=conID: 2 locID: 102651689594454604 bcsId: 3636} | ret=SUCCESS |  
2019-08-20 22:34:38,487 | INFO  | DNAudit | user=null | ip=null | op=WRITE_CHUNK {blockData=conID: 2 locID: 102651689594454604 bcsId: 3636} | ret=SUCCESS |  
2019-08-20 22:34:38,487 | INFO  | DNAudit | user=null | ip=null | op=PUT_BLOCK {blockData=[blockId=conID: 2 locID: 102651689594454604 bcsId: 0,size=3145728]} | ret=SUCCESS |  
2019-08-20 22:34:38,487 [grpc-default-executor-5] INFO  client.GrpcClientProtocolClient (GrpcClientProtocolClient.java:onNext(255)) - client-391BA870FC40->947ec526-030f-41cc-8af7-a6f75e712ab0: receive RaftClientReply:client-391BA870FC40->947ec526-030f-41cc-8af7-a6f75e712ab0@group-5D45C35602B2, cid=2448, SUCCESS, logIndex=3641, commits[947ec526-030f-41cc-8af7-a6f75e712ab0:c3642, c447b9b6-dde2-4ce7-aa81-d0e2eddc8fe9:c3640, 28b540ac-241d-462a-a56c-509e92928066:c3640]
2019-08-20 22:34:38,487 [grpc-default-executor-5] INFO  client.GrpcClientProtocolClient (GrpcClientProtocolClient.java:onNext(255)) - client-391BA870FC40->947ec526-030f-41cc-8af7-a6f75e712ab0: receive RaftClientReply:client-391BA870FC40->947ec526-030f-41cc-8af7-a6f75e712ab0@group-5D45C35602B2, cid=2449, SUCCESS, logIndex=3642, commits[947ec526-030f-41cc-8af7-a6f75e712ab0:c3642, c447b9b6-dde2-4ce7-aa81-d0e2eddc8fe9:c3640, 28b540ac-241d-462a-a56c-509e92928066:c3640]
2019-08-20 22:34:38,493 | INFO  | DNAudit | user=null | ip=null | op=WRITE_CHUNK {blockData=conID: 2 locID: 102651689594454604 bcsId: 3642} | ret=SUCCESS |  
2019-08-20 22:34:38,495 | INFO  | DNAudit | user=null | ip=null | op=WRITE_CHUNK {blockData=conID: 2 locID: 102651689594454604 bcsId: 3642} | ret=SUCCESS |  
2019-08-20 22:34:38,495 | INFO  | DNAudit | user=null | ip=null | op=WRITE_CHUNK {blockData=conID: 2 locID: 102651689594454604 bcsId: 3642} | ret=SUCCESS |  
2019-08-20 22:34:38,500 | INFO  | DNAudit | user=null | ip=null | op=WRITE_CHUNK {blockData=conID: 2 locID: 102651689594454604 bcsId: 3636} | ret=SUCCESS |  
2019-08-20 22:34:38,500 | INFO  | DNAudit | user=null | ip=null | op=WRITE_CHUNK {blockData=conID: 2 locID: 102651689594454604 bcsId: 3636} | ret=SUCCESS |  
2019-08-20 22:34:38,500 | INFO  | DNAudit | user=null | ip=null | op=PUT_BLOCK {blockData=[blockId=conID: 2 locID: 102651689594454604 bcsId: 0,size=3145728]} | ret=SUCCESS |  
2019-08-20 22:34:38,512 | INFO  | DNAudit | user=null | ip=null | op=PUT_BLOCK {blockData=[blockId=conID: 2 locID: 102651689594454604 bcsId: 0,size=3145728]} | ret=SUCCESS |  
2019-08-20 22:34:38,513 | INFO  | DNAudit | user=null | ip=null | op=WRITE_CHUNK {blockData=conID: 2 locID: 102651689594454604 bcsId: 3642} | ret=SUCCESS |  
2019-08-20 22:34:38,513 | INFO  | DNAudit | user=null | ip=null | op=PUT_BLOCK {blockData=[blockId=conID: 2 locID: 102651689594454604 bcsId: 0,size=4194304]} | ret=SUCCESS |  
2019-08-20 22:34:38,513 [grpc-default-executor-1] INFO  client.GrpcClientProtocolClient (GrpcClientProtocolClient.java:onNext(255)) - client-391BA870FC40->947ec526-030f-41cc-8af7-a6f75e712ab0: receive RaftClientReply:client-391BA870FC40->947ec526-030f-41cc-8af7-a6f75e712ab0@group-5D45C35602B2, cid=2450, SUCCESS, logIndex=3645, commits[947ec526-030f-41cc-8af7-a6f75e712ab0:c3646, c447b9b6-dde2-4ce7-aa81-d0e2eddc8fe9:c3642, 28b540ac-241d-462a-a56c-509e92928066:c3642]
2019-08-20 22:34:38,514 [grpc-default-executor-1] INFO  client.GrpcClientProtocolClient (GrpcClientProtocolClient.java:onNext(255)) - client-391BA870FC40->947ec526-030f-41cc-8af7-a6f75e712ab0: receive RaftClientReply:client-391BA870FC40->947ec526-030f-41cc-8af7-a6f75e712ab0@group-5D45C35602B2, cid=2451, SUCCESS, logIndex=3646, commits[947ec526-030f-41cc-8af7-a6f75e712ab0:c3646, c447b9b6-dde2-4ce7-aa81-d0e2eddc8fe9:c3642, 28b540ac-241d-462a-a56c-509e92928066:c3642]
2019-08-20 22:34:38,526 | INFO  | DNAudit | user=null | ip=null | op=WRITE_CHUNK {blockData=conID: 2 locID: 102651689594454604 bcsId: 3642} | ret=SUCCESS |  
2019-08-20 22:34:38,526 | INFO  | DNAudit | user=null | ip=null | op=WRITE_CHUNK {blockData=conID: 2 locID: 102651689594454604 bcsId: 3642} | ret=SUCCESS |  
2019-08-20 22:34:38,539 | INFO  | DNAudit | user=null | ip=null | op=PUT_BLOCK {blockData=[blockId=conID: 2 locID: 102651689594454604 bcsId: 0,size=4194304]} | ret=SUCCESS |  
2019-08-20 22:34:38,540 | INFO  | DNAudit | user=null | ip=null | op=PUT_BLOCK {blockData=[blockId=conID: 2 locID: 102651689594454604 bcsId: 0,size=4194304]} | ret=SUCCESS |  
2019-08-20 22:34:38,540 [grpc-default-executor-1] INFO  client.GrpcClientProtocolClient (GrpcClientProtocolClient.java:onNext(255)) - client-391BA870FC40->947ec526-030f-41cc-8af7-a6f75e712ab0: receive RaftClientReply:client-391BA870FC40->947ec526-030f-41cc-8af7-a6f75e712ab0@group-5D45C35602B2, cid=2452, SUCCESS, logIndex=0, commits[947ec526-030f-41cc-8af7-a6f75e712ab0:c3648, c447b9b6-dde2-4ce7-aa81-d0e2eddc8fe9:c3646, 28b540ac-241d-462a-a56c-509e92928066:c3646]
2019-08-20 22:34:38,545 | INFO  | SCMAudit | user=jenkins1000 | ip=192.168.5.142 | op=ALLOCATE_BLOCK {owner=6f694d07-2a2f-44d9-8e1c-aaa094a2f647, size=4194304, type=RATIS, factor=THREE} | ret=SUCCESS |  
2019-08-20 22:34:38,547 | INFO  | OMAudit | user=jenkins1000 | ip=127.0.0.1 | op=ALLOCATE_BLOCK {volume=vol-0-80747, bucket=bucket-0-27686, key=key-0-47435, dataSize=0, replicationType=null, replicationFactor=null, keyLocationInfo=null, clientID=102651687805452690} | ret=SUCCESS |  
2019-08-20 22:34:38,554 | INFO  | DNAudit | user=null | ip=null | op=WRITE_CHUNK {blockData=conID: 3 locID: 102651689601925709 bcsId: 0} | ret=SUCCESS |  
2019-08-20 22:34:38,556 | INFO  | DNAudit | user=null | ip=null | op=WRITE_CHUNK {blockData=conID: 3 locID: 102651689601925709 bcsId: 0} | ret=SUCCESS |  
2019-08-20 22:34:38,556 | INFO  | DNAudit | user=null | ip=null | op=WRITE_CHUNK {blockData=conID: 3 locID: 102651689601925709 bcsId: 0} | ret=SUCCESS |  
2019-08-20 22:34:38,556 | INFO  | DNAudit | user=null | ip=null | op=WRITE_CHUNK {blockData=conID: 3 locID: 102651689601925709 bcsId: 0} | ret=SUCCESS |  
2019-08-20 22:34:38,557 | INFO  | DNAudit | user=null | ip=null | op=WRITE_CHUNK {blockData=conID: 3 locID: 102651689601925709 bcsId: 0} | ret=SUCCESS |  
2019-08-20 22:34:38,557 | INFO  | DNAudit | user=null | ip=null | op=WRITE_CHUNK {blockData=conID: 3 locID: 102651689601925709 bcsId: 0} | ret=SUCCESS |  
2019-08-20 22:34:38,570 | INFO  | DNAudit | user=null | ip=null | op=WRITE_CHUNK {blockData=conID: 3 locID: 102651689601925709 bcsId: 0} | ret=SUCCESS |  
2019-08-20 22:34:38,571 | INFO  | DNAudit | user=null | ip=null | op=PUT_BLOCK {blockData=[blockId=conID: 3 locID: 102651689601925709 bcsId: 0,size=1048576]} | ret=SUCCESS |  
2019-08-20 22:34:38,571 [grpc-default-executor-2] INFO  client.GrpcClientProtocolClient (GrpcClientProtocolClient.java:onNext(255)) - client-391BA870FC40->947ec526-030f-41cc-8af7-a6f75e712ab0: receive RaftClientReply:client-391BA870FC40->947ec526-030f-41cc-8af7-a6f75e712ab0@group-5D45C35602B2, cid=2453, SUCCESS, logIndex=3649, commits[947ec526-030f-41cc-8af7-a6f75e712ab0:c3652, c447b9b6-dde2-4ce7-aa81-d0e2eddc8fe9:c3648, 28b540ac-241d-462a-a56c-509e92928066:c3648]
2019-08-20 22:34:38,571 | INFO  | DNAudit | user=null | ip=null | op=WRITE_CHUNK {blockData=conID: 3 locID: 102651689601925709 bcsId: 0} | ret=SUCCESS |  
2019-08-20 22:34:38,571 [grpc-default-executor-2] INFO  client.GrpcClientProtocolClient (GrpcClientProtocolClient.java:onNext(255)) - client-391BA870FC40->947ec526-030f-41cc-8af7-a6f75e712ab0: receive RaftClientReply:client-391BA870FC40->947ec526-030f-41cc-8af7-a6f75e712ab0@group-5D45C35602B2, cid=2454, SUCCESS, logIndex=3650, commits[947ec526-030f-41cc-8af7-a6f75e712ab0:c3652, c447b9b6-dde2-4ce7-aa81-d0e2eddc8fe9:c3648, 28b540ac-241d-462a-a56c-509e92928066:c3648]
2019-08-20 22:34:38,571 | INFO  | DNAudit | user=null | ip=null | op=PUT_BLOCK {blockData=[blockId=conID: 3 locID: 102651689601925709 bcsId: 0,size=2097152]} | ret=SUCCESS |  
2019-08-20 22:34:38,572 [grpc-default-executor-2] INFO  client.GrpcClientProtocolClient (GrpcClientProtocolClient.java:onNext(255)) - client-391BA870FC40->947ec526-030f-41cc-8af7-a6f75e712ab0: receive RaftClientReply:client-391BA870FC40->947ec526-030f-41cc-8af7-a6f75e712ab0@group-5D45C35602B2, cid=2455, SUCCESS, logIndex=3651, commits[947ec526-030f-41cc-8af7-a6f75e712ab0:c3652, c447b9b6-dde2-4ce7-aa81-d0e2eddc8fe9:c3648, 28b540ac-241d-462a-a56c-509e92928066:c3648]
2019-08-20 22:34:38,572 [grpc-default-executor-2] INFO  client.GrpcClientProtocolClient (GrpcClientProtocolClient.java:onNext(255)) - client-391BA870FC40->947ec526-030f-41cc-8af7-a6f75e712ab0: receive RaftClientReply:client-391BA870FC40->947ec526-030f-41cc-8af7-a6f75e712ab0@group-5D45C35602B2, cid=2456, SUCCESS, logIndex=3652, commits[947ec526-030f-41cc-8af7-a6f75e712ab0:c3652, c447b9b6-dde2-4ce7-aa81-d0e2eddc8fe9:c3648, 28b540ac-241d-462a-a56c-509e92928066:c3648]
2019-08-20 22:34:38,583 | INFO  | DNAudit | user=null | ip=null | op=WRITE_CHUNK {blockData=conID: 3 locID: 102651689601925709 bcsId: 0} | ret=SUCCESS |  
2019-08-20 22:34:38,583 | INFO  | DNAudit | user=null | ip=null | op=WRITE_CHUNK {blockData=conID: 3 locID: 102651689601925709 bcsId: 0} | ret=SUCCESS |  
2019-08-20 22:34:38,584 | INFO  | DNAudit | user=null | ip=null | op=PUT_BLOCK {blockData=[blockId=conID: 3 locID: 102651689601925709 bcsId: 0,size=1048576]} | ret=SUCCESS |  
2019-08-20 22:34:38,584 | INFO  | DNAudit | user=null | ip=null | op=WRITE_CHUNK {blockData=conID: 3 locID: 102651689601925709 bcsId: 0} | ret=SUCCESS |  
2019-08-20 22:34:38,587 | INFO  | DNAudit | user=null | ip=null | op=PUT_BLOCK {blockData=[blockId=conID: 3 locID: 102651689601925709 bcsId: 0,size=1048576]} | ret=SUCCESS |  
2019-08-20 22:34:38,587 | INFO  | DNAudit | user=null | ip=null | op=WRITE_CHUNK {blockData=conID: 3 locID: 102651689601925709 bcsId: 0} | ret=SUCCESS |  
2019-08-20 22:34:38,587 | INFO  | DNAudit | user=null | ip=null | op=PUT_BLOCK {blockData=[blockId=conID: 3 locID: 102651689601925709 bcsId: 0,size=2097152]} | ret=SUCCESS |  
2019-08-20 22:34:38,587 | INFO  | DNAudit | user=null | ip=null | op=PUT_BLOCK {blockData=[blockId=conID: 3 locID: 102651689601925709 bcsId: 0,size=2097152]} | ret=SUCCESS |  
2019-08-20 22:34:38,587 [grpc-default-executor-2] INFO  client.GrpcClientProtocolClient (GrpcClientProtocolClient.java:onNext(255)) - client-391BA870FC40->947ec526-030f-41cc-8af7-a6f75e712ab0: receive RaftClientReply:client-391BA870FC40->947ec526-030f-41cc-8af7-a6f75e712ab0@group-5D45C35602B2, cid=2457, SUCCESS, logIndex=0, commits[947ec526-030f-41cc-8af7-a6f75e712ab0:c3655, c447b9b6-dde2-4ce7-aa81-d0e2eddc8fe9:c3650, 28b540ac-241d-462a-a56c-509e92928066:c3651]
2019-08-20 22:34:38,592 | INFO  | DNAudit | user=null | ip=null | op=WRITE_CHUNK {blockData=conID: 3 locID: 102651689601925709 bcsId: 3652} | ret=SUCCESS |  
2019-08-20 22:34:38,595 | INFO  | DNAudit | user=null | ip=null | op=WRITE_CHUNK {blockData=conID: 3 locID: 102651689601925709 bcsId: 3652} | ret=SUCCESS |  
2019-08-20 22:34:38,595 | INFO  | DNAudit | user=null | ip=null | op=WRITE_CHUNK {blockData=conID: 3 locID: 102651689601925709 bcsId: 3652} | ret=SUCCESS |  
2019-08-20 22:34:38,604 | INFO  | DNAudit | user=null | ip=null | op=WRITE_CHUNK {blockData=conID: 3 locID: 102651689601925709 bcsId: 3652} | ret=SUCCESS |  
2019-08-20 22:34:38,604 | INFO  | DNAudit | user=null | ip=null | op=PUT_BLOCK {blockData=[blockId=conID: 3 locID: 102651689601925709 bcsId: 0,size=3145728]} | ret=SUCCESS |  
2019-08-20 22:34:38,604 [grpc-default-executor-2] INFO  client.GrpcClientProtocolClient (GrpcClientProtocolClient.java:onNext(255)) - client-391BA870FC40->947ec526-030f-41cc-8af7-a6f75e712ab0: receive RaftClientReply:client-391BA870FC40->947ec526-030f-41cc-8af7-a6f75e712ab0@group-5D45C35602B2, cid=2458, SUCCESS, logIndex=3657, commits[947ec526-030f-41cc-8af7-a6f75e712ab0:c3658, c447b9b6-dde2-4ce7-aa81-d0e2eddc8fe9:c3656, 28b540ac-241d-462a-a56c-509e92928066:c3656]
2019-08-20 22:34:38,604 [grpc-default-executor-2] INFO  client.GrpcClientProtocolClient (GrpcClientProtocolClient.java:onNext(255)) - client-391BA870FC40->947ec526-030f-41cc-8af7-a6f75e712ab0: receive RaftClientReply:client-391BA870FC40->947ec526-030f-41cc-8af7-a6f75e712ab0@group-5D45C35602B2, cid=2459, SUCCESS, logIndex=3658, commits[947ec526-030f-41cc-8af7-a6f75e712ab0:c3658, c447b9b6-dde2-4ce7-aa81-d0e2eddc8fe9:c3656, 28b540ac-241d-462a-a56c-509e92928066:c3656]
2019-08-20 22:34:38,609 | INFO  | DNAudit | user=null | ip=null | op=WRITE_CHUNK {blockData=conID: 3 locID: 102651689601925709 bcsId: 3658} | ret=SUCCESS |  
2019-08-20 22:34:38,611 | INFO  | DNAudit | user=null | ip=null | op=WRITE_CHUNK {blockData=conID: 3 locID: 102651689601925709 bcsId: 3658} | ret=SUCCESS |  
2019-08-20 22:34:38,611 | INFO  | DNAudit | user=null | ip=null | op=WRITE_CHUNK {blockData=conID: 3 locID: 102651689601925709 bcsId: 3658} | ret=SUCCESS |  
2019-08-20 22:34:38,624 | INFO  | DNAudit | user=null | ip=null | op=WRITE_CHUNK {blockData=conID: 3 locID: 102651689601925709 bcsId: 3652} | ret=SUCCESS |  
2019-08-20 22:34:38,624 | INFO  | DNAudit | user=null | ip=null | op=WRITE_CHUNK {blockData=conID: 3 locID: 102651689601925709 bcsId: 3652} | ret=SUCCESS |  
2019-08-20 22:34:38,625 | INFO  | DNAudit | user=null | ip=null | op=PUT_BLOCK {blockData=[blockId=conID: 3 locID: 102651689601925709 bcsId: 0,size=3145728]} | ret=SUCCESS |  
2019-08-20 22:34:38,626 | INFO  | DNAudit | user=null | ip=null | op=PUT_BLOCK {blockData=[blockId=conID: 3 locID: 102651689601925709 bcsId: 0,size=3145728]} | ret=SUCCESS |  
2019-08-20 22:34:38,627 | INFO  | DNAudit | user=null | ip=null | op=WRITE_CHUNK {blockData=conID: 3 locID: 102651689601925709 bcsId: 3658} | ret=SUCCESS |  
2019-08-20 22:34:38,627 | INFO  | DNAudit | user=null | ip=null | op=PUT_BLOCK {blockData=[blockId=conID: 3 locID: 102651689601925709 bcsId: 0,size=4194304]} | ret=SUCCESS |  
2019-08-20 22:34:38,627 [grpc-default-executor-3] INFO  client.GrpcClientProtocolClient (GrpcClientProtocolClient.java:onNext(255)) - client-391BA870FC40->947ec526-030f-41cc-8af7-a6f75e712ab0: receive RaftClientReply:client-391BA870FC40->947ec526-030f-41cc-8af7-a6f75e712ab0@group-5D45C35602B2, cid=2460, SUCCESS, logIndex=3661, commits[947ec526-030f-41cc-8af7-a6f75e712ab0:c3662, c447b9b6-dde2-4ce7-aa81-d0e2eddc8fe9:c3658, 28b540ac-241d-462a-a56c-509e92928066:c3658]
2019-08-20 22:34:38,627 [grpc-default-executor-3] INFO  client.GrpcClientProtocolClient (GrpcClientProtocolClient.java:onNext(255)) - client-391BA870FC40->947ec526-030f-41cc-8af7-a6f75e712ab0: receive RaftClientReply:client-391BA870FC40->947ec526-030f-41cc-8af7-a6f75e712ab0@group-5D45C35602B2, cid=2461, SUCCESS, logIndex=3662, commits[947ec526-030f-41cc-8af7-a6f75e712ab0:c3662, c447b9b6-dde2-4ce7-aa81-d0e2eddc8fe9:c3658, 28b540ac-241d-462a-a56c-509e92928066:c3658]
2019-08-20 22:34:38,637 | INFO  | DNAudit | user=null | ip=null | op=WRITE_CHUNK {blockData=conID: 3 locID: 102651689601925709 bcsId: 3658} | ret=SUCCESS |  
2019-08-20 22:34:38,638 | INFO  | DNAudit | user=null | ip=null | op=WRITE_CHUNK {blockData=conID: 3 locID: 102651689601925709 bcsId: 3658} | ret=SUCCESS |  
2019-08-20 22:34:38,640 | INFO  | DNAudit | user=null | ip=null | op=PUT_BLOCK {blockData=[blockId=conID: 3 locID: 102651689601925709 bcsId: 0,size=4194304]} | ret=SUCCESS |  
2019-08-20 22:34:38,640 | INFO  | DNAudit | user=null | ip=null | op=PUT_BLOCK {blockData=[blockId=conID: 3 locID: 102651689601925709 bcsId: 0,size=4194304]} | ret=SUCCESS |  
2019-08-20 22:34:38,640 [grpc-default-executor-3] INFO  client.GrpcClientProtocolClient (GrpcClientProtocolClient.java:onNext(255)) - client-391BA870FC40->947ec526-030f-41cc-8af7-a6f75e712ab0: receive RaftClientReply:client-391BA870FC40->947ec526-030f-41cc-8af7-a6f75e712ab0@group-5D45C35602B2, cid=2462, SUCCESS, logIndex=0, commits[947ec526-030f-41cc-8af7-a6f75e712ab0:c3663, c447b9b6-dde2-4ce7-aa81-d0e2eddc8fe9:c3662, 28b540ac-241d-462a-a56c-509e92928066:c3662]
2019-08-20 22:34:38,644 | INFO  | SCMAudit | user=jenkins1000 | ip=192.168.5.142 | op=ALLOCATE_BLOCK {owner=6f694d07-2a2f-44d9-8e1c-aaa094a2f647, size=4194304, type=RATIS, factor=THREE} | ret=SUCCESS |  
2019-08-20 22:34:38,646 | INFO  | OMAudit | user=jenkins1000 | ip=127.0.0.1 | op=ALLOCATE_BLOCK {volume=vol-0-80747, bucket=bucket-0-27686, key=key-0-47435, dataSize=0, replicationType=null, replicationFactor=null, keyLocationInfo=null, clientID=102651687805452690} | ret=SUCCESS |  
2019-08-20 22:34:38,652 | INFO  | DNAudit | user=null | ip=null | op=WRITE_CHUNK {blockData=conID: 1 locID: 102651689608413774 bcsId: 0} | ret=SUCCESS |  
2019-08-20 22:34:38,654 | INFO  | DNAudit | user=null | ip=null | op=WRITE_CHUNK {blockData=conID: 1 locID: 102651689608413774 bcsId: 0} | ret=SUCCESS |  
2019-08-20 22:34:38,654 | INFO  | DNAudit | user=null | ip=null | op=WRITE_CHUNK {blockData=conID: 1 locID: 102651689608413774 bcsId: 0} | ret=SUCCESS |  
2019-08-20 22:34:38,655 | INFO  | DNAudit | user=null | ip=null | op=WRITE_CHUNK {blockData=conID: 1 locID: 102651689608413774 bcsId: 0} | ret=SUCCESS |  
2019-08-20 22:34:38,656 | INFO  | DNAudit | user=null | ip=null | op=WRITE_CHUNK {blockData=conID: 1 locID: 102651689608413774 bcsId: 0} | ret=SUCCESS |  
2019-08-20 22:34:38,656 | INFO  | DNAudit | user=null | ip=null | op=WRITE_CHUNK {blockData=conID: 1 locID: 102651689608413774 bcsId: 0} | ret=SUCCESS |  
2019-08-20 22:34:38,664 | INFO  | DNAudit | user=null | ip=null | op=WRITE_CHUNK {blockData=conID: 1 locID: 102651689608413774 bcsId: 0} | ret=SUCCESS |  
2019-08-20 22:34:38,665 | INFO  | DNAudit | user=null | ip=null | op=PUT_BLOCK {blockData=[blockId=conID: 1 locID: 102651689608413774 bcsId: 0,size=1048576]} | ret=SUCCESS |  
2019-08-20 22:34:38,665 [grpc-default-executor-1] INFO  client.GrpcClientProtocolClient (GrpcClientProtocolClient.java:onNext(255)) - client-391BA870FC40->947ec526-030f-41cc-8af7-a6f75e712ab0: receive RaftClientReply:client-391BA870FC40->947ec526-030f-41cc-8af7-a6f75e712ab0@group-5D45C35602B2, cid=2463, SUCCESS, logIndex=3665, commits[947ec526-030f-41cc-8af7-a6f75e712ab0:c3667, c447b9b6-dde2-4ce7-aa81-d0e2eddc8fe9:c3664, 28b540ac-241d-462a-a56c-509e92928066:c3664]
2019-08-20 22:34:38,665 | INFO  | DNAudit | user=null | ip=null | op=WRITE_CHUNK {blockData=conID: 1 locID: 102651689608413774 bcsId: 0} | ret=SUCCESS |  
2019-08-20 22:34:38,665 [grpc-default-executor-1] INFO  client.GrpcClientProtocolClient (GrpcClientProtocolClient.java:onNext(255)) - client-391BA870FC40->947ec526-030f-41cc-8af7-a6f75e712ab0: receive RaftClientReply:client-391BA870FC40->947ec526-030f-41cc-8af7-a6f75e712ab0@group-5D45C35602B2, cid=2464, SUCCESS, logIndex=3666, commits[947ec526-030f-41cc-8af7-a6f75e712ab0:c3668, c447b9b6-dde2-4ce7-aa81-d0e2eddc8fe9:c3664, 28b540ac-241d-462a-a56c-509e92928066:c3664]
2019-08-20 22:34:38,666 | INFO  | DNAudit | user=null | ip=null | op=WRITE_CHUNK {blockData=conID: 1 locID: 102651689608413774 bcsId: 0} | ret=SUCCESS |  
2019-08-20 22:34:38,666 | INFO  | DNAudit | user=null | ip=null | op=PUT_BLOCK {blockData=[blockId=conID: 1 locID: 102651689608413774 bcsId: 0,size=2097152]} | ret=SUCCESS |  
2019-08-20 22:34:38,666 [grpc-default-executor-1] INFO  client.GrpcClientProtocolClient (GrpcClientProtocolClient.java:onNext(255)) - client-391BA870FC40->947ec526-030f-41cc-8af7-a6f75e712ab0: receive RaftClientReply:client-391BA870FC40->947ec526-030f-41cc-8af7-a6f75e712ab0@group-5D45C35602B2, cid=2465, SUCCESS, logIndex=3667, commits[947ec526-030f-41cc-8af7-a6f75e712ab0:c3668, c447b9b6-dde2-4ce7-aa81-d0e2eddc8fe9:c3664, 28b540ac-241d-462a-a56c-509e92928066:c3664]
2019-08-20 22:34:38,666 [grpc-default-executor-1] INFO  client.GrpcClientProtocolClient (GrpcClientProtocolClient.java:onNext(255)) - client-391BA870FC40->947ec526-030f-41cc-8af7-a6f75e712ab0: receive RaftClientReply:client-391BA870FC40->947ec526-030f-41cc-8af7-a6f75e712ab0@group-5D45C35602B2, cid=2466, SUCCESS, logIndex=3668, commits[947ec526-030f-41cc-8af7-a6f75e712ab0:c3669, c447b9b6-dde2-4ce7-aa81-d0e2eddc8fe9:c3665, 28b540ac-241d-462a-a56c-509e92928066:c3664]
2019-08-20 22:34:38,667 | INFO  | DNAudit | user=null | ip=null | op=WRITE_CHUNK {blockData=conID: 1 locID: 102651689608413774 bcsId: 0} | ret=SUCCESS |  
2019-08-20 22:34:38,667 | INFO  | DNAudit | user=null | ip=null | op=PUT_BLOCK {blockData=[blockId=conID: 1 locID: 102651689608413774 bcsId: 0,size=1048576]} | ret=SUCCESS |  
2019-08-20 22:34:38,668 | INFO  | DNAudit | user=null | ip=null | op=WRITE_CHUNK {blockData=conID: 1 locID: 102651689608413774 bcsId: 0} | ret=SUCCESS |  
2019-08-20 22:34:38,678 | INFO  | DNAudit | user=null | ip=null | op=PUT_BLOCK {blockData=[blockId=conID: 1 locID: 102651689608413774 bcsId: 0,size=1048576]} | ret=SUCCESS |  
2019-08-20 22:34:38,678 | INFO  | DNAudit | user=null | ip=null | op=WRITE_CHUNK {blockData=conID: 1 locID: 102651689608413774 bcsId: 0} | ret=SUCCESS |  
2019-08-20 22:34:38,678 [grpc-default-executor-5] INFO  client.GrpcClientProtocolClient (GrpcClientProtocolClient.java:onNext(255)) - client-391BA870FC40->947ec526-030f-41cc-8af7-a6f75e712ab0: receive RaftClientReply:client-391BA870FC40->947ec526-030f-41cc-8af7-a6f75e712ab0@group-5D45C35602B2, cid=2467, SUCCESS, logIndex=0, commits[947ec526-030f-41cc-8af7-a6f75e712ab0:c3671, c447b9b6-dde2-4ce7-aa81-d0e2eddc8fe9:c3666, 28b540ac-241d-462a-a56c-509e92928066:c3667]
2019-08-20 22:34:38,679 | INFO  | DNAudit | user=null | ip=null | op=PUT_BLOCK {blockData=[blockId=conID: 1 locID: 102651689608413774 bcsId: 0,size=2097152]} | ret=SUCCESS |  
2019-08-20 22:34:38,679 | INFO  | DNAudit | user=null | ip=null | op=PUT_BLOCK {blockData=[blockId=conID: 1 locID: 102651689608413774 bcsId: 0,size=2097152]} | ret=SUCCESS |  
2019-08-20 22:34:38,683 | INFO  | DNAudit | user=null | ip=null | op=WRITE_CHUNK {blockData=conID: 1 locID: 102651689608413774 bcsId: 3668} | ret=SUCCESS |  
2019-08-20 22:34:38,686 | INFO  | DNAudit | user=null | ip=null | op=WRITE_CHUNK {blockData=conID: 1 locID: 102651689608413774 bcsId: 3668} | ret=SUCCESS |  
2019-08-20 22:34:38,686 | INFO  | DNAudit | user=null | ip=null | op=WRITE_CHUNK {blockData=conID: 1 locID: 102651689608413774 bcsId: 3668} | ret=SUCCESS |  
2019-08-20 22:34:38,696 | INFO  | DNAudit | user=null | ip=null | op=WRITE_CHUNK {blockData=conID: 1 locID: 102651689608413774 bcsId: 3668} | ret=SUCCESS |  
2019-08-20 22:34:38,696 | INFO  | DNAudit | user=null | ip=null | op=PUT_BLOCK {blockData=[blockId=conID: 1 locID: 102651689608413774 bcsId: 0,size=3145728]} | ret=SUCCESS |  
2019-08-20 22:34:38,696 [grpc-default-executor-1] INFO  client.GrpcClientProtocolClient (GrpcClientProtocolClient.java:onNext(255)) - client-391BA870FC40->947ec526-030f-41cc-8af7-a6f75e712ab0: receive RaftClientReply:client-391BA870FC40->947ec526-030f-41cc-8af7-a6f75e712ab0@group-5D45C35602B2, cid=2468, SUCCESS, logIndex=3673, commits[947ec526-030f-41cc-8af7-a6f75e712ab0:c3674, c447b9b6-dde2-4ce7-aa81-d0e2eddc8fe9:c3672, 28b540ac-241d-462a-a56c-509e92928066:c3672]
2019-08-20 22:34:38,697 [grpc-default-executor-1] INFO  client.GrpcClientProtocolClient (GrpcClientProtocolClient.java:onNext(255)) - client-391BA870FC40->947ec526-030f-41cc-8af7-a6f75e712ab0: receive RaftClientReply:client-391BA870FC40->947ec526-030f-41cc-8af7-a6f75e712ab0@group-5D45C35602B2, cid=2469, SUCCESS, logIndex=3674, commits[947ec526-030f-41cc-8af7-a6f75e712ab0:c3674, c447b9b6-dde2-4ce7-aa81-d0e2eddc8fe9:c3672, 28b540ac-241d-462a-a56c-509e92928066:c3672]
2019-08-20 22:34:38,702 | INFO  | DNAudit | user=null | ip=null | op=WRITE_CHUNK {blockData=conID: 1 locID: 102651689608413774 bcsId: 3674} | ret=SUCCESS |  
2019-08-20 22:34:38,703 | INFO  | DNAudit | user=null | ip=null | op=WRITE_CHUNK {blockData=conID: 1 locID: 102651689608413774 bcsId: 3674} | ret=SUCCESS |  
2019-08-20 22:34:38,703 | INFO  | DNAudit | user=null | ip=null | op=WRITE_CHUNK {blockData=conID: 1 locID: 102651689608413774 bcsId: 3674} | ret=SUCCESS |  
2019-08-20 22:34:38,708 | INFO  | DNAudit | user=null | ip=null | op=WRITE_CHUNK {blockData=conID: 1 locID: 102651689608413774 bcsId: 3668} | ret=SUCCESS |  
2019-08-20 22:34:38,709 | INFO  | DNAudit | user=null | ip=null | op=WRITE_CHUNK {blockData=conID: 1 locID: 102651689608413774 bcsId: 3668} | ret=SUCCESS |  
2019-08-20 22:34:38,722 | INFO  | DNAudit | user=null | ip=null | op=PUT_BLOCK {blockData=[blockId=conID: 1 locID: 102651689608413774 bcsId: 0,size=3145728]} | ret=SUCCESS |  
2019-08-20 22:34:38,722 | INFO  | DNAudit | user=null | ip=null | op=PUT_BLOCK {blockData=[blockId=conID: 1 locID: 102651689608413774 bcsId: 0,size=3145728]} | ret=SUCCESS |  
2019-08-20 22:34:38,722 | INFO  | DNAudit | user=null | ip=null | op=WRITE_CHUNK {blockData=conID: 1 locID: 102651689608413774 bcsId: 3674} | ret=SUCCESS |  
2019-08-20 22:34:38,722 | INFO  | DNAudit | user=null | ip=null | op=PUT_BLOCK {blockData=[blockId=conID: 1 locID: 102651689608413774 bcsId: 0,size=4194304]} | ret=SUCCESS |  
2019-08-20 22:34:38,722 [grpc-default-executor-1] INFO  client.GrpcClientProtocolClient (GrpcClientProtocolClient.java:onNext(255)) - client-391BA870FC40->947ec526-030f-41cc-8af7-a6f75e712ab0: receive RaftClientReply:client-391BA870FC40->947ec526-030f-41cc-8af7-a6f75e712ab0@group-5D45C35602B2, cid=2470, SUCCESS, logIndex=3677, commits[947ec526-030f-41cc-8af7-a6f75e712ab0:c3678, c447b9b6-dde2-4ce7-aa81-d0e2eddc8fe9:c3674, 28b540ac-241d-462a-a56c-509e92928066:c3674]
2019-08-20 22:34:38,723 [grpc-default-executor-1] INFO  client.GrpcClientProtocolClient (GrpcClientProtocolClient.java:onNext(255)) - client-391BA870FC40->947ec526-030f-41cc-8af7-a6f75e712ab0: receive RaftClientReply:client-391BA870FC40->947ec526-030f-41cc-8af7-a6f75e712ab0@group-5D45C35602B2, cid=2471, SUCCESS, logIndex=3678, commits[947ec526-030f-41cc-8af7-a6f75e712ab0:c3678, c447b9b6-dde2-4ce7-aa81-d0e2eddc8fe9:c3674, 28b540ac-241d-462a-a56c-509e92928066:c3674]
2019-08-20 22:34:38,735 | INFO  | DNAudit | user=null | ip=null | op=WRITE_CHUNK {blockData=conID: 1 locID: 102651689608413774 bcsId: 3674} | ret=SUCCESS |  
2019-08-20 22:34:38,735 | INFO  | DNAudit | user=null | ip=null | op=WRITE_CHUNK {blockData=conID: 1 locID: 102651689608413774 bcsId: 3674} | ret=SUCCESS |  
2019-08-20 22:34:38,748 | INFO  | DNAudit | user=null | ip=null | op=PUT_BLOCK {blockData=[blockId=conID: 1 locID: 102651689608413774 bcsId: 0,size=4194304]} | ret=SUCCESS |  
2019-08-20 22:34:38,748 | INFO  | DNAudit | user=null | ip=null | op=PUT_BLOCK {blockData=[blockId=conID: 1 locID: 102651689608413774 bcsId: 0,size=4194304]} | ret=SUCCESS |  
2019-08-20 22:34:38,749 [grpc-default-executor-3] INFO  client.GrpcClientProtocolClient (GrpcClientProtocolClient.java:onNext(255)) - client-391BA870FC40->947ec526-030f-41cc-8af7-a6f75e712ab0: receive RaftClientReply:client-391BA870FC40->947ec526-030f-41cc-8af7-a6f75e712ab0@group-5D45C35602B2, cid=2472, SUCCESS, logIndex=0, commits[947ec526-030f-41cc-8af7-a6f75e712ab0:c3680, c447b9b6-dde2-4ce7-aa81-d0e2eddc8fe9:c3678, 28b540ac-241d-462a-a56c-509e92928066:c3678]
2019-08-20 22:34:38,752 | INFO  | SCMAudit | user=jenkins1000 | ip=192.168.5.142 | op=ALLOCATE_BLOCK {owner=6f694d07-2a2f-44d9-8e1c-aaa094a2f647, size=4194304, type=RATIS, factor=THREE} | ret=SUCCESS |  
2019-08-20 22:34:38,754 | INFO  | OMAudit | user=jenkins1000 | ip=127.0.0.1 | op=ALLOCATE_BLOCK {volume=vol-0-80747, bucket=bucket-0-27686, key=key-0-47435, dataSize=0, replicationType=null, replicationFactor=null, keyLocationInfo=null, clientID=102651687805452690} | ret=SUCCESS |  
2019-08-20 22:34:38,760 | INFO  | DNAudit | user=null | ip=null | op=WRITE_CHUNK {blockData=conID: 2 locID: 102651689615491663 bcsId: 0} | ret=SUCCESS |  
2019-08-20 22:34:38,763 | INFO  | DNAudit | user=null | ip=null | op=WRITE_CHUNK {blockData=conID: 2 locID: 102651689615491663 bcsId: 0} | ret=SUCCESS |  
2019-08-20 22:34:38,763 | INFO  | DNAudit | user=null | ip=null | op=WRITE_CHUNK {blockData=conID: 2 locID: 102651689615491663 bcsId: 0} | ret=SUCCESS |  
2019-08-20 22:34:38,763 | INFO  | DNAudit | user=null | ip=null | op=WRITE_CHUNK {blockData=conID: 2 locID: 102651689615491663 bcsId: 0} | ret=SUCCESS |  
2019-08-20 22:34:38,764 | INFO  | DNAudit | user=null | ip=null | op=WRITE_CHUNK {blockData=conID: 2 locID: 102651689615491663 bcsId: 0} | ret=SUCCESS |  
2019-08-20 22:34:38,764 | INFO  | DNAudit | user=null | ip=null | op=WRITE_CHUNK {blockData=conID: 2 locID: 102651689615491663 bcsId: 0} | ret=SUCCESS |  
2019-08-20 22:34:38,774 | INFO  | DNAudit | user=null | ip=null | op=WRITE_CHUNK {blockData=conID: 2 locID: 102651689615491663 bcsId: 0} | ret=SUCCESS |  
2019-08-20 22:34:38,774 | INFO  | DNAudit | user=null | ip=null | op=PUT_BLOCK {blockData=[blockId=conID: 2 locID: 102651689615491663 bcsId: 0,size=1048576]} | ret=SUCCESS |  
2019-08-20 22:34:38,774 [grpc-default-executor-5] INFO  client.GrpcClientProtocolClient (GrpcClientProtocolClient.java:onNext(255)) - client-391BA870FC40->947ec526-030f-41cc-8af7-a6f75e712ab0: receive RaftClientReply:client-391BA870FC40->947ec526-030f-41cc-8af7-a6f75e712ab0@group-5D45C35602B2, cid=2473, SUCCESS, logIndex=3681, commits[947ec526-030f-41cc-8af7-a6f75e712ab0:c3682, c447b9b6-dde2-4ce7-aa81-d0e2eddc8fe9:c3680, 28b540ac-241d-462a-a56c-509e92928066:c3680]
2019-08-20 22:34:38,775 [grpc-default-executor-5] INFO  client.GrpcClientProtocolClient (GrpcClientProtocolClient.java:onNext(255)) - client-391BA870FC40->947ec526-030f-41cc-8af7-a6f75e712ab0: receive RaftClientReply:client-391BA870FC40->947ec526-030f-41cc-8af7-a6f75e712ab0@group-5D45C35602B2, cid=2474, SUCCESS, logIndex=3682, commits[947ec526-030f-41cc-8af7-a6f75e712ab0:c3682, c447b9b6-dde2-4ce7-aa81-d0e2eddc8fe9:c3680, 28b540ac-241d-462a-a56c-509e92928066:c3680]
2019-08-20 22:34:38,785 | INFO  | DNAudit | user=null | ip=null | op=WRITE_CHUNK {blockData=conID: 2 locID: 102651689615491663 bcsId: 0} | ret=SUCCESS |  
2019-08-20 22:34:38,785 | INFO  | DNAudit | user=null | ip=null | op=PUT_BLOCK {blockData=[blockId=conID: 2 locID: 102651689615491663 bcsId: 0,size=2097152]} | ret=SUCCESS |  
2019-08-20 22:34:38,786 [grpc-default-executor-5] INFO  client.GrpcClientProtocolClient (GrpcClientProtocolClient.java:onNext(255)) - client-391BA870FC40->947ec526-030f-41cc-8af7-a6f75e712ab0: receive RaftClientReply:client-391BA870FC40->947ec526-030f-41cc-8af7-a6f75e712ab0@group-5D45C35602B2, cid=2475, SUCCESS, logIndex=3683, commits[947ec526-030f-41cc-8af7-a6f75e712ab0:c3684, c447b9b6-dde2-4ce7-aa81-d0e2eddc8fe9:c3680, 28b540ac-241d-462a-a56c-509e92928066:c3680]
2019-08-20 22:34:38,787 | INFO  | DNAudit | user=null | ip=null | op=WRITE_CHUNK {blockData=conID: 2 locID: 102651689615491663 bcsId: 0} | ret=SUCCESS |  
2019-08-20 22:34:38,788 | INFO  | DNAudit | user=null | ip=null | op=WRITE_CHUNK {blockData=conID: 2 locID: 102651689615491663 bcsId: 0} | ret=SUCCESS |  
2019-08-20 22:34:38,788 [grpc-default-executor-5] INFO  client.GrpcClientProtocolClient (GrpcClientProtocolClient.java:onNext(255)) - client-391BA870FC40->947ec526-030f-41cc-8af7-a6f75e712ab0: receive RaftClientReply:client-391BA870FC40->947ec526-030f-41cc-8af7-a6f75e712ab0@group-5D45C35602B2, cid=2476, SUCCESS, logIndex=3684, commits[947ec526-030f-41cc-8af7-a6f75e712ab0:c3684, c447b9b6-dde2-4ce7-aa81-d0e2eddc8fe9:c3680, 28b540ac-241d-462a-a56c-509e92928066:c3680]
2019-08-20 22:34:38,799 | INFO  | DNAudit | user=null | ip=null | op=PUT_BLOCK {blockData=[blockId=conID: 2 locID: 102651689615491663 bcsId: 0,size=1048576]} | ret=SUCCESS |  
2019-08-20 22:34:38,799 | INFO  | DNAudit | user=null | ip=null | op=PUT_BLOCK {blockData=[blockId=conID: 2 locID: 102651689615491663 bcsId: 0,size=1048576]} | ret=SUCCESS |  
2019-08-20 22:34:38,800 [grpc-default-executor-5] INFO  client.GrpcClientProtocolClient (GrpcClientProtocolClient.java:onNext(255)) - client-391BA870FC40->947ec526-030f-41cc-8af7-a6f75e712ab0: receive RaftClientReply:client-391BA870FC40->947ec526-030f-41cc-8af7-a6f75e712ab0@group-5D45C35602B2, cid=2477, SUCCESS, logIndex=0, commits[947ec526-030f-41cc-8af7-a6f75e712ab0:c3687, c447b9b6-dde2-4ce7-aa81-d0e2eddc8fe9:c3682, 28b540ac-241d-462a-a56c-509e92928066:c3682]
2019-08-20 22:34:38,806 | INFO  | DNAudit | user=null | ip=null | op=WRITE_CHUNK {blockData=conID: 2 locID: 102651689615491663 bcsId: 3684} | ret=SUCCESS |  
2019-08-20 22:34:38,806 | INFO  | DNAudit | user=null | ip=null | op=WRITE_CHUNK {blockData=conID: 2 locID: 102651689615491663 bcsId: 3684} | ret=SUCCESS |  
2019-08-20 22:34:38,806 | INFO  | DNAudit | user=null | ip=null | op=WRITE_CHUNK {blockData=conID: 2 locID: 102651689615491663 bcsId: 3684} | ret=SUCCESS |  
2019-08-20 22:34:38,816 | INFO  | DNAudit | user=null | ip=null | op=WRITE_CHUNK {blockData=conID: 2 locID: 102651689615491663 bcsId: 0} | ret=SUCCESS |  
2019-08-20 22:34:38,816 | INFO  | DNAudit | user=null | ip=null | op=WRITE_CHUNK {blockData=conID: 2 locID: 102651689615491663 bcsId: 3684} | ret=SUCCESS |  
2019-08-20 22:34:38,816 | INFO  | DNAudit | user=null | ip=null | op=PUT_BLOCK {blockData=[blockId=conID: 2 locID: 102651689615491663 bcsId: 0,size=2097152]} | ret=SUCCESS |  
2019-08-20 22:34:38,816 | INFO  | DNAudit | user=null | ip=null | op=WRITE_CHUNK {blockData=conID: 2 locID: 102651689615491663 bcsId: 0} | ret=SUCCESS |  
2019-08-20 22:34:38,816 | INFO  | DNAudit | user=null | ip=null | op=PUT_BLOCK {blockData=[blockId=conID: 2 locID: 102651689615491663 bcsId: 0,size=3145728]} | ret=SUCCESS |  
2019-08-20 22:34:38,817 | INFO  | DNAudit | user=null | ip=null | op=PUT_BLOCK {blockData=[blockId=conID: 2 locID: 102651689615491663 bcsId: 0,size=2097152]} | ret=SUCCESS |  
2019-08-20 22:34:38,817 [grpc-default-executor-3] INFO  client.GrpcClientProtocolClient (GrpcClientProtocolClient.java:onNext(255)) - client-391BA870FC40->947ec526-030f-41cc-8af7-a6f75e712ab0: receive RaftClientReply:client-391BA870FC40->947ec526-030f-41cc-8af7-a6f75e712ab0@group-5D45C35602B2, cid=2478, SUCCESS, logIndex=3689, commits[947ec526-030f-41cc-8af7-a6f75e712ab0:c3690, c447b9b6-dde2-4ce7-aa81-d0e2eddc8fe9:c3688, 28b540ac-241d-462a-a56c-509e92928066:c3688]
2019-08-20 22:34:38,817 [grpc-default-executor-3] INFO  client.GrpcClientProtocolClient (GrpcClientProtocolClient.java:onNext(255)) - client-391BA870FC40->947ec526-030f-41cc-8af7-a6f75e712ab0: receive RaftClientReply:client-391BA870FC40->947ec526-030f-41cc-8af7-a6f75e712ab0@group-5D45C35602B2, cid=2479, SUCCESS, logIndex=3690, commits[947ec526-030f-41cc-8af7-a6f75e712ab0:c3690, c447b9b6-dde2-4ce7-aa81-d0e2eddc8fe9:c3688, 28b540ac-241d-462a-a56c-509e92928066:c3688]
2019-08-20 22:34:38,822 | INFO  | DNAudit | user=null | ip=null | op=WRITE_CHUNK {blockData=conID: 2 locID: 102651689615491663 bcsId: 3690} | ret=SUCCESS |  
2019-08-20 22:34:38,823 | INFO  | DNAudit | user=null | ip=null | op=WRITE_CHUNK {blockData=conID: 2 locID: 102651689615491663 bcsId: 3690} | ret=SUCCESS |  
2019-08-20 22:34:38,823 | INFO  | DNAudit | user=null | ip=null | op=WRITE_CHUNK {blockData=conID: 2 locID: 102651689615491663 bcsId: 3690} | ret=SUCCESS |  
2019-08-20 22:34:38,829 | INFO  | DNAudit | user=null | ip=null | op=WRITE_CHUNK {blockData=conID: 2 locID: 102651689615491663 bcsId: 3684} | ret=SUCCESS |  
2019-08-20 22:34:38,829 | INFO  | DNAudit | user=null | ip=null | op=WRITE_CHUNK {blockData=conID: 2 locID: 102651689615491663 bcsId: 3684} | ret=SUCCESS |  
2019-08-20 22:34:38,839 | INFO  | DNAudit | user=null | ip=null | op=PUT_BLOCK {blockData=[blockId=conID: 2 locID: 102651689615491663 bcsId: 0,size=3145728]} | ret=SUCCESS |  
2019-08-20 22:34:38,839 | INFO  | DNAudit | user=null | ip=null | op=WRITE_CHUNK {blockData=conID: 2 locID: 102651689615491663 bcsId: 3690} | ret=SUCCESS |  
2019-08-20 22:34:38,839 | INFO  | DNAudit | user=null | ip=null | op=PUT_BLOCK {blockData=[blockId=conID: 2 locID: 102651689615491663 bcsId: 0,size=3145728]} | ret=SUCCESS |  
2019-08-20 22:34:38,839 | INFO  | DNAudit | user=null | ip=null | op=PUT_BLOCK {blockData=[blockId=conID: 2 locID: 102651689615491663 bcsId: 0,size=4194304]} | ret=SUCCESS |  
2019-08-20 22:34:38,839 [grpc-default-executor-5] INFO  client.GrpcClientProtocolClient (GrpcClientProtocolClient.java:onNext(255)) - client-391BA870FC40->947ec526-030f-41cc-8af7-a6f75e712ab0: receive RaftClientReply:client-391BA870FC40->947ec526-030f-41cc-8af7-a6f75e712ab0@group-5D45C35602B2, cid=2480, SUCCESS, logIndex=3693, commits[947ec526-030f-41cc-8af7-a6f75e712ab0:c3694, c447b9b6-dde2-4ce7-aa81-d0e2eddc8fe9:c3690, 28b540ac-241d-462a-a56c-509e92928066:c3690]
2019-08-20 22:34:38,840 [grpc-default-executor-5] INFO  client.GrpcClientProtocolClient (GrpcClientProtocolClient.java:onNext(255)) - client-391BA870FC40->947ec526-030f-41cc-8af7-a6f75e712ab0: receive RaftClientReply:client-391BA870FC40->947ec526-030f-41cc-8af7-a6f75e712ab0@group-5D45C35602B2, cid=2481, SUCCESS, logIndex=3694, commits[947ec526-030f-41cc-8af7-a6f75e712ab0:c3694, c447b9b6-dde2-4ce7-aa81-d0e2eddc8fe9:c3690, 28b540ac-241d-462a-a56c-509e92928066:c3690]
2019-08-20 22:34:38,843 | INFO  | DNAudit | user=null | ip=null | op=WRITE_CHUNK {blockData=conID: 2 locID: 102651689615491663 bcsId: 3690} | ret=SUCCESS |  
2019-08-20 22:34:38,843 | INFO  | DNAudit | user=null | ip=null | op=PUT_BLOCK {blockData=[blockId=conID: 2 locID: 102651689615491663 bcsId: 0,size=4194304]} | ret=SUCCESS |  
2019-08-20 22:34:38,845 | INFO  | DNAudit | user=null | ip=null | op=WRITE_CHUNK {blockData=conID: 2 locID: 102651689615491663 bcsId: 3690} | ret=SUCCESS |  
2019-08-20 22:34:38,845 | INFO  | DNAudit | user=null | ip=null | op=PUT_BLOCK {blockData=[blockId=conID: 2 locID: 102651689615491663 bcsId: 0,size=4194304]} | ret=SUCCESS |  
2019-08-20 22:34:38,845 [grpc-default-executor-5] INFO  client.GrpcClientProtocolClient (GrpcClientProtocolClient.java:onNext(255)) - client-391BA870FC40->947ec526-030f-41cc-8af7-a6f75e712ab0: receive RaftClientReply:client-391BA870FC40->947ec526-030f-41cc-8af7-a6f75e712ab0@group-5D45C35602B2, cid=2482, SUCCESS, logIndex=0, commits[947ec526-030f-41cc-8af7-a6f75e712ab0:c3695, c447b9b6-dde2-4ce7-aa81-d0e2eddc8fe9:c3694, 28b540ac-241d-462a-a56c-509e92928066:c3694]
2019-08-20 22:34:38,849 | INFO  | SCMAudit | user=jenkins1000 | ip=192.168.5.142 | op=ALLOCATE_BLOCK {owner=6f694d07-2a2f-44d9-8e1c-aaa094a2f647, size=4194304, type=RATIS, factor=THREE} | ret=SUCCESS |  
2019-08-20 22:34:38,851 | INFO  | OMAudit | user=jenkins1000 | ip=127.0.0.1 | op=ALLOCATE_BLOCK {volume=vol-0-80747, bucket=bucket-0-27686, key=key-0-47435, dataSize=0, replicationType=null, replicationFactor=null, keyLocationInfo=null, clientID=102651687805452690} | ret=SUCCESS |  
2019-08-20 22:34:38,857 | INFO  | DNAudit | user=null | ip=null | op=WRITE_CHUNK {blockData=conID: 3 locID: 102651689621848656 bcsId: 0} | ret=SUCCESS |  
2019-08-20 22:34:38,858 | INFO  | DNAudit | user=null | ip=null | op=WRITE_CHUNK {blockData=conID: 3 locID: 102651689621848656 bcsId: 0} | ret=SUCCESS |  
2019-08-20 22:34:38,859 | INFO  | DNAudit | user=null | ip=null | op=WRITE_CHUNK {blockData=conID: 3 locID: 102651689621848656 bcsId: 0} | ret=SUCCESS |  
2019-08-20 22:34:38,860 | INFO  | DNAudit | user=null | ip=null | op=WRITE_CHUNK {blockData=conID: 3 locID: 102651689621848656 bcsId: 0} | ret=SUCCESS |  
2019-08-20 22:34:38,860 | INFO  | DNAudit | user=null | ip=null | op=WRITE_CHUNK {blockData=conID: 3 locID: 102651689621848656 bcsId: 0} | ret=SUCCESS |  
2019-08-20 22:34:38,860 | INFO  | DNAudit | user=null | ip=null | op=WRITE_CHUNK {blockData=conID: 3 locID: 102651689621848656 bcsId: 0} | ret=SUCCESS |  
2019-08-20 22:34:38,870 | INFO  | DNAudit | user=null | ip=null | op=WRITE_CHUNK {blockData=conID: 3 locID: 102651689621848656 bcsId: 0} | ret=SUCCESS |  
2019-08-20 22:34:38,870 | INFO  | DNAudit | user=null | ip=null | op=PUT_BLOCK {blockData=[blockId=conID: 3 locID: 102651689621848656 bcsId: 0,size=1048576]} | ret=SUCCESS |  
2019-08-20 22:34:38,870 [grpc-default-executor-2] INFO  client.GrpcClientProtocolClient (GrpcClientProtocolClient.java:onNext(255)) - client-391BA870FC40->947ec526-030f-41cc-8af7-a6f75e712ab0: receive RaftClientReply:client-391BA870FC40->947ec526-030f-41cc-8af7-a6f75e712ab0@group-5D45C35602B2, cid=2483, SUCCESS, logIndex=3697, commits[947ec526-030f-41cc-8af7-a6f75e712ab0:c3698, c447b9b6-dde2-4ce7-aa81-d0e2eddc8fe9:c3696, 28b540ac-241d-462a-a56c-509e92928066:c3696]
2019-08-20 22:34:38,870 | INFO  | DNAudit | user=null | ip=null | op=WRITE_CHUNK {blockData=conID: 3 locID: 102651689621848656 bcsId: 0} | ret=SUCCESS |  
2019-08-20 22:34:38,870 [grpc-default-executor-3] INFO  client.GrpcClientProtocolClient (GrpcClientProtocolClient.java:onNext(255)) - client-391BA870FC40->947ec526-030f-41cc-8af7-a6f75e712ab0: receive RaftClientReply:client-391BA870FC40->947ec526-030f-41cc-8af7-a6f75e712ab0@group-5D45C35602B2, cid=2484, SUCCESS, logIndex=3698, commits[947ec526-030f-41cc-8af7-a6f75e712ab0:c3698, c447b9b6-dde2-4ce7-aa81-d0e2eddc8fe9:c3696, 28b540ac-241d-462a-a56c-509e92928066:c3696]
2019-08-20 22:34:38,870 | INFO  | DNAudit | user=null | ip=null | op=PUT_BLOCK {blockData=[blockId=conID: 3 locID: 102651689621848656 bcsId: 0,size=2097152]} | ret=SUCCESS |  
2019-08-20 22:34:38,871 [grpc-default-executor-3] INFO  client.GrpcClientProtocolClient (GrpcClientProtocolClient.java:onNext(255)) - client-391BA870FC40->947ec526-030f-41cc-8af7-a6f75e712ab0: receive RaftClientReply:client-391BA870FC40->947ec526-030f-41cc-8af7-a6f75e712ab0@group-5D45C35602B2, cid=2485, SUCCESS, logIndex=3699, commits[947ec526-030f-41cc-8af7-a6f75e712ab0:c3700, c447b9b6-dde2-4ce7-aa81-d0e2eddc8fe9:c3696, 28b540ac-241d-462a-a56c-509e92928066:c3696]
2019-08-20 22:34:38,871 [grpc-default-executor-3] INFO  client.GrpcClientProtocolClient (GrpcClientProtocolClient.java:onNext(255)) - client-391BA870FC40->947ec526-030f-41cc-8af7-a6f75e712ab0: receive RaftClientReply:client-391BA870FC40->947ec526-030f-41cc-8af7-a6f75e712ab0@group-5D45C35602B2, cid=2486, SUCCESS, logIndex=3700, commits[947ec526-030f-41cc-8af7-a6f75e712ab0:c3700, c447b9b6-dde2-4ce7-aa81-d0e2eddc8fe9:c3696, 28b540ac-241d-462a-a56c-509e92928066:c3696]
2019-08-20 22:34:38,882 | INFO  | DNAudit | user=null | ip=null | op=WRITE_CHUNK {blockData=conID: 3 locID: 102651689621848656 bcsId: 0} | ret=SUCCESS |  
2019-08-20 22:34:38,882 | INFO  | DNAudit | user=null | ip=null | op=PUT_BLOCK {blockData=[blockId=conID: 3 locID: 102651689621848656 bcsId: 0,size=1048576]} | ret=SUCCESS |  
2019-08-20 22:34:38,882 | INFO  | DNAudit | user=null | ip=null | op=WRITE_CHUNK {blockData=conID: 3 locID: 102651689621848656 bcsId: 0} | ret=SUCCESS |  
2019-08-20 22:34:38,882 | INFO  | DNAudit | user=null | ip=null | op=PUT_BLOCK {blockData=[blockId=conID: 3 locID: 102651689621848656 bcsId: 0,size=1048576]} | ret=SUCCESS |  
2019-08-20 22:34:38,883 | INFO  | DNAudit | user=null | ip=null | op=WRITE_CHUNK {blockData=conID: 3 locID: 102651689621848656 bcsId: 0} | ret=SUCCESS |  
2019-08-20 22:34:38,883 [grpc-default-executor-3] INFO  client.GrpcClientProtocolClient (GrpcClientProtocolClient.java:onNext(255)) - client-391BA870FC40->947ec526-030f-41cc-8af7-a6f75e712ab0: receive RaftClientReply:client-391BA870FC40->947ec526-030f-41cc-8af7-a6f75e712ab0@group-5D45C35602B2, cid=2487, SUCCESS, logIndex=0, commits[947ec526-030f-41cc-8af7-a6f75e712ab0:c3702, c447b9b6-dde2-4ce7-aa81-d0e2eddc8fe9:c3698, 28b540ac-241d-462a-a56c-509e92928066:c3698]
2019-08-20 22:34:38,883 | INFO  | DNAudit | user=null | ip=null | op=WRITE_CHUNK {blockData=conID: 3 locID: 102651689621848656 bcsId: 0} | ret=SUCCESS |  
2019-08-20 22:34:38,883 | INFO  | DNAudit | user=null | ip=null | op=PUT_BLOCK {blockData=[blockId=conID: 3 locID: 102651689621848656 bcsId: 0,size=2097152]} | ret=SUCCESS |  
2019-08-20 22:34:38,883 | INFO  | DNAudit | user=null | ip=null | op=PUT_BLOCK {blockData=[blockId=conID: 3 locID: 102651689621848656 bcsId: 0,size=2097152]} | ret=SUCCESS |  
2019-08-20 22:34:38,887 | INFO  | DNAudit | user=null | ip=null | op=WRITE_CHUNK {blockData=conID: 3 locID: 102651689621848656 bcsId: 3700} | ret=SUCCESS |  
2019-08-20 22:34:38,889 | INFO  | DNAudit | user=null | ip=null | op=WRITE_CHUNK {blockData=conID: 3 locID: 102651689621848656 bcsId: 3700} | ret=SUCCESS |  
2019-08-20 22:34:38,889 | INFO  | DNAudit | user=null | ip=null | op=WRITE_CHUNK {blockData=conID: 3 locID: 102651689621848656 bcsId: 3700} | ret=SUCCESS |  
2019-08-20 22:34:38,906 | INFO  | DNAudit | user=null | ip=null | op=WRITE_CHUNK {blockData=conID: 3 locID: 102651689621848656 bcsId: 3700} | ret=SUCCESS |  
2019-08-20 22:34:38,907 | INFO  | DNAudit | user=null | ip=null | op=PUT_BLOCK {blockData=[blockId=conID: 3 locID: 102651689621848656 bcsId: 0,size=3145728]} | ret=SUCCESS |  
2019-08-20 22:34:38,907 [grpc-default-executor-3] INFO  client.GrpcClientProtocolClient (GrpcClientProtocolClient.java:onNext(255)) - client-391BA870FC40->947ec526-030f-41cc-8af7-a6f75e712ab0: receive RaftClientReply:client-391BA870FC40->947ec526-030f-41cc-8af7-a6f75e712ab0@group-5D45C35602B2, cid=2488, SUCCESS, logIndex=3705, commits[947ec526-030f-41cc-8af7-a6f75e712ab0:c3706, c447b9b6-dde2-4ce7-aa81-d0e2eddc8fe9:c3704, 28b540ac-241d-462a-a56c-509e92928066:c3704]
2019-08-20 22:34:38,907 [grpc-default-executor-3] INFO  client.GrpcClientProtocolClient (GrpcClientProtocolClient.java:onNext(255)) - client-391BA870FC40->947ec526-030f-41cc-8af7-a6f75e712ab0: receive RaftClientReply:client-391BA870FC40->947ec526-030f-41cc-8af7-a6f75e712ab0@group-5D45C35602B2, cid=2489, SUCCESS, logIndex=3706, commits[947ec526-030f-41cc-8af7-a6f75e712ab0:c3706, c447b9b6-dde2-4ce7-aa81-d0e2eddc8fe9:c3704, 28b540ac-241d-462a-a56c-509e92928066:c3704]
2019-08-20 22:34:38,913 | INFO  | DNAudit | user=null | ip=null | op=WRITE_CHUNK {blockData=conID: 3 locID: 102651689621848656 bcsId: 3706} | ret=SUCCESS |  
2019-08-20 22:34:38,914 | INFO  | DNAudit | user=null | ip=null | op=WRITE_CHUNK {blockData=conID: 3 locID: 102651689621848656 bcsId: 3706} | ret=SUCCESS |  
2019-08-20 22:34:38,914 | INFO  | DNAudit | user=null | ip=null | op=WRITE_CHUNK {blockData=conID: 3 locID: 102651689621848656 bcsId: 3706} | ret=SUCCESS |  
2019-08-20 22:34:38,918 | INFO  | DNAudit | user=null | ip=null | op=WRITE_CHUNK {blockData=conID: 3 locID: 102651689621848656 bcsId: 3700} | ret=SUCCESS |  
2019-08-20 22:34:38,918 | INFO  | DNAudit | user=null | ip=null | op=WRITE_CHUNK {blockData=conID: 3 locID: 102651689621848656 bcsId: 3700} | ret=SUCCESS |  
2019-08-20 22:34:38,919 | INFO  | DNAudit | user=null | ip=null | op=PUT_BLOCK {blockData=[blockId=conID: 3 locID: 102651689621848656 bcsId: 0,size=3145728]} | ret=SUCCESS |  
2019-08-20 22:34:38,920 | INFO  | DNAudit | user=null | ip=null | op=PUT_BLOCK {blockData=[blockId=conID: 3 locID: 102651689621848656 bcsId: 0,size=3145728]} | ret=SUCCESS |  
2019-08-20 22:34:38,920 | INFO  | DNAudit | user=null | ip=null | op=WRITE_CHUNK {blockData=conID: 3 locID: 102651689621848656 bcsId: 3706} | ret=SUCCESS |  
2019-08-20 22:34:38,920 | INFO  | DNAudit | user=null | ip=null | op=PUT_BLOCK {blockData=[blockId=conID: 3 locID: 102651689621848656 bcsId: 0,size=4194304]} | ret=SUCCESS |  
2019-08-20 22:34:38,920 [grpc-default-executor-3] INFO  client.GrpcClientProtocolClient (GrpcClientProtocolClient.java:onNext(255)) - client-391BA870FC40->947ec526-030f-41cc-8af7-a6f75e712ab0: receive RaftClientReply:client-391BA870FC40->947ec526-030f-41cc-8af7-a6f75e712ab0@group-5D45C35602B2, cid=2490, SUCCESS, logIndex=3709, commits[947ec526-030f-41cc-8af7-a6f75e712ab0:c3710, c447b9b6-dde2-4ce7-aa81-d0e2eddc8fe9:c3706, 28b540ac-241d-462a-a56c-509e92928066:c3706]
2019-08-20 22:34:38,920 [grpc-default-executor-3] INFO  client.GrpcClientProtocolClient (GrpcClientProtocolClient.java:onNext(255)) - client-391BA870FC40->947ec526-030f-41cc-8af7-a6f75e712ab0: receive RaftClientReply:client-391BA870FC40->947ec526-030f-41cc-8af7-a6f75e712ab0@group-5D45C35602B2, cid=2491, SUCCESS, logIndex=3710, commits[947ec526-030f-41cc-8af7-a6f75e712ab0:c3710, c447b9b6-dde2-4ce7-aa81-d0e2eddc8fe9:c3706, 28b540ac-241d-462a-a56c-509e92928066:c3706]
2019-08-20 22:34:38,934 | INFO  | DNAudit | user=null | ip=null | op=WRITE_CHUNK {blockData=conID: 3 locID: 102651689621848656 bcsId: 3706} | ret=SUCCESS |  
2019-08-20 22:34:38,934 | INFO  | DNAudit | user=null | ip=null | op=WRITE_CHUNK {blockData=conID: 3 locID: 102651689621848656 bcsId: 3706} | ret=SUCCESS |  
2019-08-20 22:34:38,935 | INFO  | DNAudit | user=null | ip=null | op=PUT_BLOCK {blockData=[blockId=conID: 3 locID: 102651689621848656 bcsId: 0,size=4194304]} | ret=SUCCESS |  
2019-08-20 22:34:38,937 | INFO  | DNAudit | user=null | ip=null | op=PUT_BLOCK {blockData=[blockId=conID: 3 locID: 102651689621848656 bcsId: 0,size=4194304]} | ret=SUCCESS |  
2019-08-20 22:34:38,937 [grpc-default-executor-3] INFO  client.GrpcClientProtocolClient (GrpcClientProtocolClient.java:onNext(255)) - client-391BA870FC40->947ec526-030f-41cc-8af7-a6f75e712ab0: receive RaftClientReply:client-391BA870FC40->947ec526-030f-41cc-8af7-a6f75e712ab0@group-5D45C35602B2, cid=2492, SUCCESS, logIndex=0, commits[947ec526-030f-41cc-8af7-a6f75e712ab0:c3712, c447b9b6-dde2-4ce7-aa81-d0e2eddc8fe9:c3710, 28b540ac-241d-462a-a56c-509e92928066:c3710]
2019-08-20 22:34:38,942 | INFO  | SCMAudit | user=jenkins1000 | ip=192.168.5.142 | op=ALLOCATE_BLOCK {owner=6f694d07-2a2f-44d9-8e1c-aaa094a2f647, size=4194304, type=RATIS, factor=THREE} | ret=SUCCESS |  
2019-08-20 22:34:38,946 | INFO  | OMAudit | user=jenkins1000 | ip=127.0.0.1 | op=ALLOCATE_BLOCK {volume=vol-0-80747, bucket=bucket-0-27686, key=key-0-47435, dataSize=0, replicationType=null, replicationFactor=null, keyLocationInfo=null, clientID=102651687805452690} | ret=SUCCESS |  
2019-08-20 22:34:38,951 | INFO  | DNAudit | user=null | ip=null | op=WRITE_CHUNK {blockData=conID: 1 locID: 102651689627943505 bcsId: 0} | ret=SUCCESS |  
2019-08-20 22:34:38,952 | INFO  | DNAudit | user=null | ip=null | op=WRITE_CHUNK {blockData=conID: 1 locID: 102651689627943505 bcsId: 0} | ret=SUCCESS |  
2019-08-20 22:34:38,952 | INFO  | DNAudit | user=null | ip=null | op=WRITE_CHUNK {blockData=conID: 1 locID: 102651689627943505 bcsId: 0} | ret=SUCCESS |  
2019-08-20 22:34:38,953 | INFO  | DNAudit | user=null | ip=null | op=WRITE_CHUNK {blockData=conID: 1 locID: 102651689627943505 bcsId: 0} | ret=SUCCESS |  
2019-08-20 22:34:38,954 | INFO  | DNAudit | user=null | ip=null | op=WRITE_CHUNK {blockData=conID: 1 locID: 102651689627943505 bcsId: 0} | ret=SUCCESS |  
2019-08-20 22:34:38,954 | INFO  | DNAudit | user=null | ip=null | op=WRITE_CHUNK {blockData=conID: 1 locID: 102651689627943505 bcsId: 0} | ret=SUCCESS |  
2019-08-20 22:34:38,964 | INFO  | DNAudit | user=null | ip=null | op=WRITE_CHUNK {blockData=conID: 1 locID: 102651689627943505 bcsId: 0} | ret=SUCCESS |  
2019-08-20 22:34:38,965 | INFO  | DNAudit | user=null | ip=null | op=PUT_BLOCK {blockData=[blockId=conID: 1 locID: 102651689627943505 bcsId: 0,size=1048576]} | ret=SUCCESS |  
2019-08-20 22:34:38,965 [grpc-default-executor-2] INFO  client.GrpcClientProtocolClient (GrpcClientProtocolClient.java:onNext(255)) - client-391BA870FC40->947ec526-030f-41cc-8af7-a6f75e712ab0: receive RaftClientReply:client-391BA870FC40->947ec526-030f-41cc-8af7-a6f75e712ab0@group-5D45C35602B2, cid=2493, SUCCESS, logIndex=3713, commits[947ec526-030f-41cc-8af7-a6f75e712ab0:c3714, c447b9b6-dde2-4ce7-aa81-d0e2eddc8fe9:c3712, 28b540ac-241d-462a-a56c-509e92928066:c3710]
2019-08-20 22:34:38,965 | INFO  | DNAudit | user=null | ip=null | op=WRITE_CHUNK {blockData=conID: 1 locID: 102651689627943505 bcsId: 0} | ret=SUCCESS |  
2019-08-20 22:34:38,965 [grpc-default-executor-3] INFO  client.GrpcClientProtocolClient (GrpcClientProtocolClient.java:onNext(255)) - client-391BA870FC40->947ec526-030f-41cc-8af7-a6f75e712ab0: receive RaftClientReply:client-391BA870FC40->947ec526-030f-41cc-8af7-a6f75e712ab0@group-5D45C35602B2, cid=2494, SUCCESS, logIndex=3714, commits[947ec526-030f-41cc-8af7-a6f75e712ab0:c3714, c447b9b6-dde2-4ce7-aa81-d0e2eddc8fe9:c3712, 28b540ac-241d-462a-a56c-509e92928066:c3712]
2019-08-20 22:34:38,965 | INFO  | DNAudit | user=null | ip=null | op=PUT_BLOCK {blockData=[blockId=conID: 1 locID: 102651689627943505 bcsId: 0,size=2097152]} | ret=SUCCESS |  
2019-08-20 22:34:38,966 [grpc-default-executor-2] INFO  client.GrpcClientProtocolClient (GrpcClientProtocolClient.java:onNext(255)) - client-391BA870FC40->947ec526-030f-41cc-8af7-a6f75e712ab0: receive RaftClientReply:client-391BA870FC40->947ec526-030f-41cc-8af7-a6f75e712ab0@group-5D45C35602B2, cid=2495, SUCCESS, logIndex=3715, commits[947ec526-030f-41cc-8af7-a6f75e712ab0:c3716, c447b9b6-dde2-4ce7-aa81-d0e2eddc8fe9:c3712, 28b540ac-241d-462a-a56c-509e92928066:c3712]
2019-08-20 22:34:38,966 [grpc-default-executor-2] INFO  client.GrpcClientProtocolClient (GrpcClientProtocolClient.java:onNext(255)) - client-391BA870FC40->947ec526-030f-41cc-8af7-a6f75e712ab0: receive RaftClientReply:client-391BA870FC40->947ec526-030f-41cc-8af7-a6f75e712ab0@group-5D45C35602B2, cid=2496, SUCCESS, logIndex=3716, commits[947ec526-030f-41cc-8af7-a6f75e712ab0:c3716, c447b9b6-dde2-4ce7-aa81-d0e2eddc8fe9:c3712, 28b540ac-241d-462a-a56c-509e92928066:c3712]
2019-08-20 22:34:38,978 | INFO  | DNAudit | user=null | ip=null | op=WRITE_CHUNK {blockData=conID: 1 locID: 102651689627943505 bcsId: 0} | ret=SUCCESS |  
2019-08-20 22:34:38,978 | INFO  | DNAudit | user=null | ip=null | op=PUT_BLOCK {blockData=[blockId=conID: 1 locID: 102651689627943505 bcsId: 0,size=1048576]} | ret=SUCCESS |  
2019-08-20 22:34:38,980 | INFO  | DNAudit | user=null | ip=null | op=WRITE_CHUNK {blockData=conID: 1 locID: 102651689627943505 bcsId: 0} | ret=SUCCESS |  
2019-08-20 22:34:38,981 | INFO  | DNAudit | user=null | ip=null | op=PUT_BLOCK {blockData=[blockId=conID: 1 locID: 102651689627943505 bcsId: 0,size=1048576]} | ret=SUCCESS |  
2019-08-20 22:34:38,981 [grpc-default-executor-2] INFO  client.GrpcClientProtocolClient (GrpcClientProtocolClient.java:onNext(255)) - client-391BA870FC40->947ec526-030f-41cc-8af7-a6f75e712ab0: receive RaftClientReply:client-391BA870FC40->947ec526-030f-41cc-8af7-a6f75e712ab0@group-5D45C35602B2, cid=2497, SUCCESS, logIndex=0, commits[947ec526-030f-41cc-8af7-a6f75e712ab0:c3718, c447b9b6-dde2-4ce7-aa81-d0e2eddc8fe9:c3714, 28b540ac-241d-462a-a56c-509e92928066:c3714]
2019-08-20 22:34:38,981 | INFO  | DNAudit | user=null | ip=null | op=WRITE_CHUNK {blockData=conID: 1 locID: 102651689627943505 bcsId: 0} | ret=SUCCESS |  
2019-08-20 22:34:38,981 | INFO  | DNAudit | user=null | ip=null | op=PUT_BLOCK {blockData=[blockId=conID: 1 locID: 102651689627943505 bcsId: 0,size=2097152]} | ret=SUCCESS |  
2019-08-20 22:34:38,986 | INFO  | DNAudit | user=null | ip=null | op=WRITE_CHUNK {blockData=conID: 1 locID: 102651689627943505 bcsId: 3716} | ret=SUCCESS |  
2019-08-20 22:34:38,988 | INFO  | DNAudit | user=null | ip=null | op=WRITE_CHUNK {blockData=conID: 1 locID: 102651689627943505 bcsId: 3716} | ret=SUCCESS |  
2019-08-20 22:34:38,988 | INFO  | DNAudit | user=null | ip=null | op=WRITE_CHUNK {blockData=conID: 1 locID: 102651689627943505 bcsId: 3716} | ret=SUCCESS |  
2019-08-20 22:34:39,090 | INFO  | SCMAudit | user=jenkins1000 | ip=192.168.5.142 | op=SEND_HEARTBEAT {datanodeUUID=d55cd342-4e6c-4701-86f3-cb557f3478dc, command=[]} | ret=SUCCESS |  
2019-08-20 22:34:39,090 | INFO  | DNAudit | user=null | ip=null | op=WRITE_CHUNK {blockData=conID: 1 locID: 102651689627943505 bcsId: 0} | ret=SUCCESS |  
2019-08-20 22:34:39,090 | INFO  | DNAudit | user=null | ip=null | op=WRITE_CHUNK {blockData=conID: 1 locID: 102651689627943505 bcsId: 3716} | ret=SUCCESS |  
2019-08-20 22:34:39,090 | INFO  | DNAudit | user=null | ip=null | op=PUT_BLOCK {blockData=[blockId=conID: 1 locID: 102651689627943505 bcsId: 0,size=2097152]} | ret=SUCCESS |  
2019-08-20 22:34:39,091 | INFO  | DNAudit | user=null | ip=null | op=PUT_BLOCK {blockData=[blockId=conID: 1 locID: 102651689627943505 bcsId: 0,size=3145728]} | ret=SUCCESS |  
2019-08-20 22:34:39,091 [grpc-default-executor-2] INFO  client.GrpcClientProtocolClient (GrpcClientProtocolClient.java:onNext(255)) - client-391BA870FC40->947ec526-030f-41cc-8af7-a6f75e712ab0: receive RaftClientReply:client-391BA870FC40->947ec526-030f-41cc-8af7-a6f75e712ab0@group-5D45C35602B2, cid=2498, SUCCESS, logIndex=3721, commits[947ec526-030f-41cc-8af7-a6f75e712ab0:c3722, c447b9b6-dde2-4ce7-aa81-d0e2eddc8fe9:c3720, 28b540ac-241d-462a-a56c-509e92928066:c3720]
2019-08-20 22:34:39,091 [grpc-default-executor-2] INFO  client.GrpcClientProtocolClient (GrpcClientProtocolClient.java:onNext(255)) - client-391BA870FC40->947ec526-030f-41cc-8af7-a6f75e712ab0: receive RaftClientReply:client-391BA870FC40->947ec526-030f-41cc-8af7-a6f75e712ab0@group-5D45C35602B2, cid=2499, SUCCESS, logIndex=3722, commits[947ec526-030f-41cc-8af7-a6f75e712ab0:c3722, c447b9b6-dde2-4ce7-aa81-d0e2eddc8fe9:c3720, 28b540ac-241d-462a-a56c-509e92928066:c3720]
2019-08-20 22:34:39,099 | INFO  | DNAudit | user=null | ip=null | op=WRITE_CHUNK {blockData=conID: 1 locID: 102651689627943505 bcsId: 3722} | ret=SUCCESS |  
2019-08-20 22:34:39,101 | INFO  | DNAudit | user=null | ip=null | op=WRITE_CHUNK {blockData=conID: 1 locID: 102651689627943505 bcsId: 3722} | ret=SUCCESS |  
2019-08-20 22:34:39,102 | INFO  | DNAudit | user=null | ip=null | op=WRITE_CHUNK {blockData=conID: 1 locID: 102651689627943505 bcsId: 3722} | ret=SUCCESS |  
2019-08-20 22:34:39,104 | INFO  | DNAudit | user=null | ip=null | op=WRITE_CHUNK {blockData=conID: 1 locID: 102651689627943505 bcsId: 3716} | ret=SUCCESS |  
2019-08-20 22:34:39,104 | INFO  | DNAudit | user=null | ip=null | op=WRITE_CHUNK {blockData=conID: 1 locID: 102651689627943505 bcsId: 3716} | ret=SUCCESS |  
2019-08-20 22:34:39,115 | INFO  | DNAudit | user=null | ip=null | op=PUT_BLOCK {blockData=[blockId=conID: 1 locID: 102651689627943505 bcsId: 0,size=3145728]} | ret=SUCCESS |  
2019-08-20 22:34:39,115 | INFO  | DNAudit | user=null | ip=null | op=PUT_BLOCK {blockData=[blockId=conID: 1 locID: 102651689627943505 bcsId: 0,size=3145728]} | ret=SUCCESS |  
2019-08-20 22:34:39,116 | INFO  | DNAudit | user=null | ip=null | op=WRITE_CHUNK {blockData=conID: 1 locID: 102651689627943505 bcsId: 3722} | ret=SUCCESS |  
2019-08-20 22:34:39,116 | INFO  | DNAudit | user=null | ip=null | op=PUT_BLOCK {blockData=[blockId=conID: 1 locID: 102651689627943505 bcsId: 0,size=4194304]} | ret=SUCCESS |  
2019-08-20 22:34:39,116 [grpc-default-executor-3] INFO  client.GrpcClientProtocolClient (GrpcClientProtocolClient.java:onNext(255)) - client-391BA870FC40->947ec526-030f-41cc-8af7-a6f75e712ab0: receive RaftClientReply:client-391BA870FC40->947ec526-030f-41cc-8af7-a6f75e712ab0@group-5D45C35602B2, cid=2500, SUCCESS, logIndex=3725, commits[947ec526-030f-41cc-8af7-a6f75e712ab0:c3726, c447b9b6-dde2-4ce7-aa81-d0e2eddc8fe9:c3722, 28b540ac-241d-462a-a56c-509e92928066:c3722]
2019-08-20 22:34:39,117 [grpc-default-executor-3] INFO  client.GrpcClientProtocolClient (GrpcClientProtocolClient.java:onNext(255)) - client-391BA870FC40->947ec526-030f-41cc-8af7-a6f75e712ab0: receive RaftClientReply:client-391BA870FC40->947ec526-030f-41cc-8af7-a6f75e712ab0@group-5D45C35602B2, cid=2501, SUCCESS, logIndex=3726, commits[947ec526-030f-41cc-8af7-a6f75e712ab0:c3726, c447b9b6-dde2-4ce7-aa81-d0e2eddc8fe9:c3722, 28b540ac-241d-462a-a56c-509e92928066:c3722]
2019-08-20 22:34:39,140 | INFO  | DNAudit | user=null | ip=null | op=WRITE_CHUNK {blockData=conID: 1 locID: 102651689627943505 bcsId: 3722} | ret=SUCCESS |  
2019-08-20 22:34:39,140 | INFO  | DNAudit | user=null | ip=null | op=WRITE_CHUNK {blockData=conID: 1 locID: 102651689627943505 bcsId: 3722} | ret=SUCCESS |  
2019-08-20 22:34:39,141 | INFO  | DNAudit | user=null | ip=null | op=PUT_BLOCK {blockData=[blockId=conID: 1 locID: 102651689627943505 bcsId: 0,size=4194304]} | ret=SUCCESS |  
2019-08-20 22:34:39,141 | INFO  | DNAudit | user=null | ip=null | op=PUT_BLOCK {blockData=[blockId=conID: 1 locID: 102651689627943505 bcsId: 0,size=4194304]} | ret=SUCCESS |  
2019-08-20 22:34:39,142 [grpc-default-executor-5] INFO  client.GrpcClientProtocolClient (GrpcClientProtocolClient.java:onNext(255)) - client-391BA870FC40->947ec526-030f-41cc-8af7-a6f75e712ab0: receive RaftClientReply:client-391BA870FC40->947ec526-030f-41cc-8af7-a6f75e712ab0@group-5D45C35602B2, cid=2502, SUCCESS, logIndex=0, commits[947ec526-030f-41cc-8af7-a6f75e712ab0:c3728, c447b9b6-dde2-4ce7-aa81-d0e2eddc8fe9:c3726, 28b540ac-241d-462a-a56c-509e92928066:c3726]
2019-08-20 22:34:39,148 | INFO  | SCMAudit | user=jenkins1000 | ip=192.168.5.142 | op=ALLOCATE_BLOCK {owner=6f694d07-2a2f-44d9-8e1c-aaa094a2f647, size=4194304, type=RATIS, factor=THREE} | ret=SUCCESS |  
2019-08-20 22:34:39,152 | INFO  | OMAudit | user=jenkins1000 | ip=127.0.0.1 | op=ALLOCATE_BLOCK {volume=vol-0-80747, bucket=bucket-0-27686, key=key-0-47435, dataSize=0, replicationType=null, replicationFactor=null, keyLocationInfo=null, clientID=102651687805452690} | ret=SUCCESS |  
2019-08-20 22:34:39,160 | INFO  | DNAudit | user=null | ip=null | op=WRITE_CHUNK {blockData=conID: 2 locID: 102651689641443922 bcsId: 0} | ret=SUCCESS |  
2019-08-20 22:34:39,163 | INFO  | DNAudit | user=null | ip=null | op=WRITE_CHUNK {blockData=conID: 2 locID: 102651689641443922 bcsId: 0} | ret=SUCCESS |  
2019-08-20 22:34:39,163 | INFO  | DNAudit | user=null | ip=null | op=WRITE_CHUNK {blockData=conID: 2 locID: 102651689641443922 bcsId: 0} | ret=SUCCESS |  
2019-08-20 22:34:39,164 | INFO  | DNAudit | user=null | ip=null | op=WRITE_CHUNK {blockData=conID: 2 locID: 102651689641443922 bcsId: 0} | ret=SUCCESS |  
2019-08-20 22:34:39,165 | INFO  | DNAudit | user=null | ip=null | op=WRITE_CHUNK {blockData=conID: 2 locID: 102651689641443922 bcsId: 0} | ret=SUCCESS |  
2019-08-20 22:34:39,165 | INFO  | DNAudit | user=null | ip=null | op=WRITE_CHUNK {blockData=conID: 2 locID: 102651689641443922 bcsId: 0} | ret=SUCCESS |  
2019-08-20 22:34:39,174 | INFO  | DNAudit | user=null | ip=null | op=WRITE_CHUNK {blockData=conID: 2 locID: 102651689641443922 bcsId: 0} | ret=SUCCESS |  
2019-08-20 22:34:39,174 | INFO  | DNAudit | user=null | ip=null | op=PUT_BLOCK {blockData=[blockId=conID: 2 locID: 102651689641443922 bcsId: 0,size=1048576]} | ret=SUCCESS |  
2019-08-20 22:34:39,175 | INFO  | SCMAudit | user=jenkins1000 | ip=192.168.5.142 | op=SEND_HEARTBEAT {datanodeUUID=947ec526-030f-41cc-8af7-a6f75e712ab0, command=[]} | ret=SUCCESS |  
2019-08-20 22:34:39,175 | INFO  | SCMAudit | user=jenkins1000 | ip=192.168.5.142 | op=SEND_HEARTBEAT {datanodeUUID=eafd9314-3f13-422a-a2ac-adfcde2d7481, command=[]} | ret=SUCCESS |  
2019-08-20 22:34:39,175 [grpc-default-executor-3] INFO  client.GrpcClientProtocolClient (GrpcClientProtocolClient.java:onNext(255)) - client-391BA870FC40->947ec526-030f-41cc-8af7-a6f75e712ab0: receive RaftClientReply:client-391BA870FC40->947ec526-030f-41cc-8af7-a6f75e712ab0@group-5D45C35602B2, cid=2503, SUCCESS, logIndex=3729, commits[947ec526-030f-41cc-8af7-a6f75e712ab0:c3730, c447b9b6-dde2-4ce7-aa81-d0e2eddc8fe9:c3728, 28b540ac-241d-462a-a56c-509e92928066:c3728]
2019-08-20 22:34:39,175 | INFO  | SCMAudit | user=jenkins1000 | ip=192.168.5.142 | op=SEND_HEARTBEAT {datanodeUUID=c447b9b6-dde2-4ce7-aa81-d0e2eddc8fe9, command=[]} | ret=SUCCESS |  
2019-08-20 22:34:39,175 [grpc-default-executor-3] INFO  client.GrpcClientProtocolClient (GrpcClientProtocolClient.java:onNext(255)) - client-391BA870FC40->947ec526-030f-41cc-8af7-a6f75e712ab0: receive RaftClientReply:client-391BA870FC40->947ec526-030f-41cc-8af7-a6f75e712ab0@group-5D45C35602B2, cid=2504, SUCCESS, logIndex=3730, commits[947ec526-030f-41cc-8af7-a6f75e712ab0:c3730, c447b9b6-dde2-4ce7-aa81-d0e2eddc8fe9:c3728, 28b540ac-241d-462a-a56c-509e92928066:c3728]
2019-08-20 22:34:39,176 | INFO  | SCMAudit | user=jenkins1000 | ip=192.168.5.142 | op=SEND_HEARTBEAT {datanodeUUID=28b540ac-241d-462a-a56c-509e92928066, command=[]} | ret=SUCCESS |  
 0.00% |█                                                                                                    |  0/1 Time: 0:00:282019-08-20 22:34:39,185 | INFO  | DNAudit | user=null | ip=null | op=WRITE_CHUNK {blockData=conID: 2 locID: 102651689641443922 bcsId: 0} | ret=SUCCESS |  
2019-08-20 22:34:39,185 | INFO  | DNAudit | user=null | ip=null | op=PUT_BLOCK {blockData=[blockId=conID: 2 locID: 102651689641443922 bcsId: 0,size=2097152]} | ret=SUCCESS |  
2019-08-20 22:34:39,185 [grpc-default-executor-5] INFO  client.GrpcClientProtocolClient (GrpcClientProtocolClient.java:onNext(255)) - client-391BA870FC40->947ec526-030f-41cc-8af7-a6f75e712ab0: receive RaftClientReply:client-391BA870FC40->947ec526-030f-41cc-8af7-a6f75e712ab0@group-5D45C35602B2, cid=2505, SUCCESS, logIndex=3731, commits[947ec526-030f-41cc-8af7-a6f75e712ab0:c3732, c447b9b6-dde2-4ce7-aa81-d0e2eddc8fe9:c3728, 28b540ac-241d-462a-a56c-509e92928066:c3728]
2019-08-20 22:34:39,186 | INFO  | DNAudit | user=null | ip=null | op=WRITE_CHUNK {blockData=conID: 2 locID: 102651689641443922 bcsId: 0} | ret=SUCCESS |  
2019-08-20 22:34:39,186 [grpc-default-executor-5] INFO  client.GrpcClientProtocolClient (GrpcClientProtocolClient.java:onNext(255)) - client-391BA870FC40->947ec526-030f-41cc-8af7-a6f75e712ab0: receive RaftClientReply:client-391BA870FC40->947ec526-030f-41cc-8af7-a6f75e712ab0@group-5D45C35602B2, cid=2506, SUCCESS, logIndex=3732, commits[947ec526-030f-41cc-8af7-a6f75e712ab0:c3732, c447b9b6-dde2-4ce7-aa81-d0e2eddc8fe9:c3728, 28b540ac-241d-462a-a56c-509e92928066:c3728]
2019-08-20 22:34:39,186 | INFO  | DNAudit | user=null | ip=null | op=PUT_BLOCK {blockData=[blockId=conID: 2 locID: 102651689641443922 bcsId: 0,size=1048576]} | ret=SUCCESS |  
2019-08-20 22:34:39,187 | INFO  | DNAudit | user=null | ip=null | op=WRITE_CHUNK {blockData=conID: 2 locID: 102651689641443922 bcsId: 0} | ret=SUCCESS |  
2019-08-20 22:34:39,187 | INFO  | DNAudit | user=null | ip=null | op=PUT_BLOCK {blockData=[blockId=conID: 2 locID: 102651689641443922 bcsId: 0,size=2097152]} | ret=SUCCESS |  
2019-08-20 22:34:39,189 | INFO  | DNAudit | user=null | ip=null | op=WRITE_CHUNK {blockData=conID: 2 locID: 102651689641443922 bcsId: 0} | ret=SUCCESS |  
2019-08-20 22:34:39,189 | INFO  | DNAudit | user=null | ip=null | op=PUT_BLOCK {blockData=[blockId=conID: 2 locID: 102651689641443922 bcsId: 0,size=1048576]} | ret=SUCCESS |  
2019-08-20 22:34:39,189 [grpc-default-executor-5] INFO  client.GrpcClientProtocolClient (GrpcClientProtocolClient.java:onNext(255)) - client-391BA870FC40->947ec526-030f-41cc-8af7-a6f75e712ab0: receive RaftClientReply:client-391BA870FC40->947ec526-030f-41cc-8af7-a6f75e712ab0@group-5D45C35602B2, cid=2507, SUCCESS, logIndex=0, commits[947ec526-030f-41cc-8af7-a6f75e712ab0:c3735, c447b9b6-dde2-4ce7-aa81-d0e2eddc8fe9:c3730, 28b540ac-241d-462a-a56c-509e92928066:c3732]
2019-08-20 22:34:39,189 | INFO  | DNAudit | user=null | ip=null | op=WRITE_CHUNK {blockData=conID: 2 locID: 102651689641443922 bcsId: 0} | ret=SUCCESS |  
2019-08-20 22:34:39,190 | INFO  | DNAudit | user=null | ip=null | op=PUT_BLOCK {blockData=[blockId=conID: 2 locID: 102651689641443922 bcsId: 0,size=2097152]} | ret=SUCCESS |  
2019-08-20 22:34:39,196 | INFO  | DNAudit | user=null | ip=null | op=WRITE_CHUNK {blockData=conID: 2 locID: 102651689641443922 bcsId: 3732} | ret=SUCCESS |  
2019-08-20 22:34:39,198 | INFO  | DNAudit | user=null | ip=null | op=WRITE_CHUNK {blockData=conID: 2 locID: 102651689641443922 bcsId: 3732} | ret=SUCCESS |  
2019-08-20 22:34:39,198 | INFO  | DNAudit | user=null | ip=null | op=WRITE_CHUNK {blockData=conID: 2 locID: 102651689641443922 bcsId: 3732} | ret=SUCCESS |  
2019-08-20 22:34:39,210 | INFO  | DNAudit | user=null | ip=null | op=WRITE_CHUNK {blockData=conID: 2 locID: 102651689641443922 bcsId: 3732} | ret=SUCCESS |  
2019-08-20 22:34:39,210 | INFO  | DNAudit | user=null | ip=null | op=PUT_BLOCK {blockData=[blockId=conID: 2 locID: 102651689641443922 bcsId: 0,size=3145728]} | ret=SUCCESS |  
2019-08-20 22:34:39,210 [grpc-default-executor-2] INFO  client.GrpcClientProtocolClient (GrpcClientProtocolClient.java:onNext(255)) - client-391BA870FC40->947ec526-030f-41cc-8af7-a6f75e712ab0: receive RaftClientReply:client-391BA870FC40->947ec526-030f-41cc-8af7-a6f75e712ab0@group-5D45C35602B2, cid=2508, SUCCESS, logIndex=3736, commits[947ec526-030f-41cc-8af7-a6f75e712ab0:c3737, c447b9b6-dde2-4ce7-aa81-d0e2eddc8fe9:c3735, 28b540ac-241d-462a-a56c-509e92928066:c3735]
2019-08-20 22:34:39,211 [grpc-default-executor-2] INFO  client.GrpcClientProtocolClient (GrpcClientProtocolClient.java:onNext(255)) - client-391BA870FC40->947ec526-030f-41cc-8af7-a6f75e712ab0: receive RaftClientReply:client-391BA870FC40->947ec526-030f-41cc-8af7-a6f75e712ab0@group-5D45C35602B2, cid=2509, SUCCESS, logIndex=3737, commits[947ec526-030f-41cc-8af7-a6f75e712ab0:c3737, c447b9b6-dde2-4ce7-aa81-d0e2eddc8fe9:c3735, 28b540ac-241d-462a-a56c-509e92928066:c3735]
2019-08-20 22:34:39,217 | INFO  | DNAudit | user=null | ip=null | op=WRITE_CHUNK {blockData=conID: 2 locID: 102651689641443922 bcsId: 3737} | ret=SUCCESS |  
2019-08-20 22:34:39,220 | INFO  | DNAudit | user=null | ip=null | op=WRITE_CHUNK {blockData=conID: 2 locID: 102651689641443922 bcsId: 3737} | ret=SUCCESS |  
2019-08-20 22:34:39,220 | INFO  | DNAudit | user=null | ip=null | op=WRITE_CHUNK {blockData=conID: 2 locID: 102651689641443922 bcsId: 3737} | ret=SUCCESS |  
2019-08-20 22:34:39,223 | INFO  | DNAudit | user=null | ip=null | op=WRITE_CHUNK {blockData=conID: 2 locID: 102651689641443922 bcsId: 3732} | ret=SUCCESS |  
2019-08-20 22:34:39,223 | INFO  | DNAudit | user=null | ip=null | op=WRITE_CHUNK {blockData=conID: 2 locID: 102651689641443922 bcsId: 3732} | ret=SUCCESS |  
2019-08-20 22:34:39,236 | INFO  | DNAudit | user=null | ip=null | op=PUT_BLOCK {blockData=[blockId=conID: 2 locID: 102651689641443922 bcsId: 0,size=3145728]} | ret=SUCCESS |  
2019-08-20 22:34:39,236 | INFO  | DNAudit | user=null | ip=null | op=PUT_BLOCK {blockData=[blockId=conID: 2 locID: 102651689641443922 bcsId: 0,size=3145728]} | ret=SUCCESS |  
2019-08-20 22:34:39,237 | INFO  | DNAudit | user=null | ip=null | op=WRITE_CHUNK {blockData=conID: 2 locID: 102651689641443922 bcsId: 3737} | ret=SUCCESS |  
2019-08-20 22:34:39,238 | INFO  | DNAudit | user=null | ip=null | op=PUT_BLOCK {blockData=[blockId=conID: 2 locID: 102651689641443922 bcsId: 0,size=4194304]} | ret=SUCCESS |  
2019-08-20 22:34:39,238 [grpc-default-executor-5] INFO  client.GrpcClientProtocolClient (GrpcClientProtocolClient.java:onNext(255)) - client-391BA870FC40->947ec526-030f-41cc-8af7-a6f75e712ab0: receive RaftClientReply:client-391BA870FC40->947ec526-030f-41cc-8af7-a6f75e712ab0@group-5D45C35602B2, cid=2510, SUCCESS, logIndex=3740, commits[947ec526-030f-41cc-8af7-a6f75e712ab0:c3741, c447b9b6-dde2-4ce7-aa81-d0e2eddc8fe9:c3737, 28b540ac-241d-462a-a56c-509e92928066:c3737]
2019-08-20 22:34:39,238 [grpc-default-executor-5] INFO  client.GrpcClientProtocolClient (GrpcClientProtocolClient.java:onNext(255)) - client-391BA870FC40->947ec526-030f-41cc-8af7-a6f75e712ab0: receive RaftClientReply:client-391BA870FC40->947ec526-030f-41cc-8af7-a6f75e712ab0@group-5D45C35602B2, cid=2511, SUCCESS, logIndex=3741, commits[947ec526-030f-41cc-8af7-a6f75e712ab0:c3741, c447b9b6-dde2-4ce7-aa81-d0e2eddc8fe9:c3737, 28b540ac-241d-462a-a56c-509e92928066:c3737]
2019-08-20 22:34:39,250 | INFO  | DNAudit | user=null | ip=null | op=WRITE_CHUNK {blockData=conID: 2 locID: 102651689641443922 bcsId: 3737} | ret=SUCCESS |  
2019-08-20 22:34:39,250 | INFO  | DNAudit | user=null | ip=null | op=WRITE_CHUNK {blockData=conID: 2 locID: 102651689641443922 bcsId: 3737} | ret=SUCCESS |  
2019-08-20 22:34:39,250 | INFO  | DNAudit | user=null | ip=null | op=PUT_BLOCK {blockData=[blockId=conID: 2 locID: 102651689641443922 bcsId: 0,size=4194304]} | ret=SUCCESS |  
2019-08-20 22:34:39,251 | INFO  | DNAudit | user=null | ip=null | op=PUT_BLOCK {blockData=[blockId=conID: 2 locID: 102651689641443922 bcsId: 0,size=4194304]} | ret=SUCCESS |  
2019-08-20 22:34:39,251 [grpc-default-executor-2] INFO  client.GrpcClientProtocolClient (GrpcClientProtocolClient.java:onNext(255)) - client-391BA870FC40->947ec526-030f-41cc-8af7-a6f75e712ab0: receive RaftClientReply:client-391BA870FC40->947ec526-030f-41cc-8af7-a6f75e712ab0@group-5D45C35602B2, cid=2512, SUCCESS, logIndex=0, commits[947ec526-030f-41cc-8af7-a6f75e712ab0:c3741, c447b9b6-dde2-4ce7-aa81-d0e2eddc8fe9:c3741, 28b540ac-241d-462a-a56c-509e92928066:c3741]
2019-08-20 22:34:39,255 | INFO  | SCMAudit | user=jenkins1000 | ip=192.168.5.142 | op=ALLOCATE_BLOCK {owner=6f694d07-2a2f-44d9-8e1c-aaa094a2f647, size=4194304, type=RATIS, factor=THREE} | ret=SUCCESS |  
2019-08-20 22:34:39,259 | INFO  | OMAudit | user=jenkins1000 | ip=127.0.0.1 | op=ALLOCATE_BLOCK {volume=vol-0-80747, bucket=bucket-0-27686, key=key-0-47435, dataSize=0, replicationType=null, replicationFactor=null, keyLocationInfo=null, clientID=102651687805452690} | ret=SUCCESS |  
2019-08-20 22:34:39,267 | INFO  | DNAudit | user=null | ip=null | op=WRITE_CHUNK {blockData=conID: 3 locID: 102651689648456275 bcsId: 0} | ret=SUCCESS |  
2019-08-20 22:34:39,270 | INFO  | DNAudit | user=null | ip=null | op=WRITE_CHUNK {blockData=conID: 3 locID: 102651689648456275 bcsId: 0} | ret=SUCCESS |  
2019-08-20 22:34:39,270 | INFO  | DNAudit | user=null | ip=null | op=WRITE_CHUNK {blockData=conID: 3 locID: 102651689648456275 bcsId: 0} | ret=SUCCESS |  
2019-08-20 22:34:39,271 | INFO  | DNAudit | user=null | ip=null | op=WRITE_CHUNK {blockData=conID: 3 locID: 102651689648456275 bcsId: 0} | ret=SUCCESS |  
2019-08-20 22:34:39,272 | INFO  | DNAudit | user=null | ip=null | op=WRITE_CHUNK {blockData=conID: 3 locID: 102651689648456275 bcsId: 0} | ret=SUCCESS |  
2019-08-20 22:34:39,272 | INFO  | DNAudit | user=null | ip=null | op=WRITE_CHUNK {blockData=conID: 3 locID: 102651689648456275 bcsId: 0} | ret=SUCCESS |  
2019-08-20 22:34:39,281 | INFO  | DNAudit | user=null | ip=null | op=WRITE_CHUNK {blockData=conID: 3 locID: 102651689648456275 bcsId: 0} | ret=SUCCESS |  
2019-08-20 22:34:39,282 | INFO  | DNAudit | user=null | ip=null | op=PUT_BLOCK {blockData=[blockId=conID: 3 locID: 102651689648456275 bcsId: 0,size=1048576]} | ret=SUCCESS |  
2019-08-20 22:34:39,282 [grpc-default-executor-2] INFO  client.GrpcClientProtocolClient (GrpcClientProtocolClient.java:onNext(255)) - client-391BA870FC40->947ec526-030f-41cc-8af7-a6f75e712ab0: receive RaftClientReply:client-391BA870FC40->947ec526-030f-41cc-8af7-a6f75e712ab0@group-5D45C35602B2, cid=2513, SUCCESS, logIndex=3744, commits[947ec526-030f-41cc-8af7-a6f75e712ab0:c3745, c447b9b6-dde2-4ce7-aa81-d0e2eddc8fe9:c3743, 28b540ac-241d-462a-a56c-509e92928066:c3743]
2019-08-20 22:34:39,283 [grpc-default-executor-2] INFO  client.GrpcClientProtocolClient (GrpcClientProtocolClient.java:onNext(255)) - client-391BA870FC40->947ec526-030f-41cc-8af7-a6f75e712ab0: receive RaftClientReply:client-391BA870FC40->947ec526-030f-41cc-8af7-a6f75e712ab0@group-5D45C35602B2, cid=2514, SUCCESS, logIndex=3745, commits[947ec526-030f-41cc-8af7-a6f75e712ab0:c3745, c447b9b6-dde2-4ce7-aa81-d0e2eddc8fe9:c3743, 28b540ac-241d-462a-a56c-509e92928066:c3743]
2019-08-20 22:34:39,291 | INFO  | DNAudit | user=null | ip=null | op=WRITE_CHUNK {blockData=conID: 3 locID: 102651689648456275 bcsId: 0} | ret=SUCCESS |  
2019-08-20 22:34:39,292 | INFO  | DNAudit | user=null | ip=null | op=PUT_BLOCK {blockData=[blockId=conID: 3 locID: 102651689648456275 bcsId: 0,size=2097152]} | ret=SUCCESS |  
2019-08-20 22:34:39,292 [grpc-default-executor-2] INFO  client.GrpcClientProtocolClient (GrpcClientProtocolClient.java:onNext(255)) - client-391BA870FC40->947ec526-030f-41cc-8af7-a6f75e712ab0: receive RaftClientReply:client-391BA870FC40->947ec526-030f-41cc-8af7-a6f75e712ab0@group-5D45C35602B2, cid=2515, SUCCESS, logIndex=3746, commits[947ec526-030f-41cc-8af7-a6f75e712ab0:c3747, c447b9b6-dde2-4ce7-aa81-d0e2eddc8fe9:c3743, 28b540ac-241d-462a-a56c-509e92928066:c3743]
2019-08-20 22:34:39,292 [grpc-default-executor-2] INFO  client.GrpcClientProtocolClient (GrpcClientProtocolClient.java:onNext(255)) - client-391BA870FC40->947ec526-030f-41cc-8af7-a6f75e712ab0: receive RaftClientReply:client-391BA870FC40->947ec526-030f-41cc-8af7-a6f75e712ab0@group-5D45C35602B2, cid=2516, SUCCESS, logIndex=3747, commits[947ec526-030f-41cc-8af7-a6f75e712ab0:c3747, c447b9b6-dde2-4ce7-aa81-d0e2eddc8fe9:c3743, 28b540ac-241d-462a-a56c-509e92928066:c3743]
2019-08-20 22:34:39,293 | INFO  | DNAudit | user=null | ip=null | op=WRITE_CHUNK {blockData=conID: 3 locID: 102651689648456275 bcsId: 0} | ret=SUCCESS |  
2019-08-20 22:34:39,294 | INFO  | DNAudit | user=null | ip=null | op=WRITE_CHUNK {blockData=conID: 3 locID: 102651689648456275 bcsId: 0} | ret=SUCCESS |  
2019-08-20 22:34:39,294 | INFO  | DNAudit | user=null | ip=null | op=PUT_BLOCK {blockData=[blockId=conID: 3 locID: 102651689648456275 bcsId: 0,size=1048576]} | ret=SUCCESS |  
2019-08-20 22:34:39,311 | INFO  | DNAudit | user=null | ip=null | op=PUT_BLOCK {blockData=[blockId=conID: 3 locID: 102651689648456275 bcsId: 0,size=1048576]} | ret=SUCCESS |  
2019-08-20 22:34:39,312 [grpc-default-executor-2] INFO  client.GrpcClientProtocolClient (GrpcClientProtocolClient.java:onNext(255)) - client-391BA870FC40->947ec526-030f-41cc-8af7-a6f75e712ab0: receive RaftClientReply:client-391BA870FC40->947ec526-030f-41cc-8af7-a6f75e712ab0@group-5D45C35602B2, cid=2517, SUCCESS, logIndex=0, commits[947ec526-030f-41cc-8af7-a6f75e712ab0:c3750, c447b9b6-dde2-4ce7-aa81-d0e2eddc8fe9:c3745, 28b540ac-241d-462a-a56c-509e92928066:c3745]
2019-08-20 22:34:39,321 | INFO  | DNAudit | user=null | ip=null | op=WRITE_CHUNK {blockData=conID: 3 locID: 102651689648456275 bcsId: 3747} | ret=SUCCESS |  
2019-08-20 22:34:39,323 | INFO  | DNAudit | user=null | ip=null | op=WRITE_CHUNK {blockData=conID: 3 locID: 102651689648456275 bcsId: 3747} | ret=SUCCESS |  
2019-08-20 22:34:39,323 | INFO  | DNAudit | user=null | ip=null | op=WRITE_CHUNK {blockData=conID: 3 locID: 102651689648456275 bcsId: 3747} | ret=SUCCESS |  
2019-08-20 22:34:39,340 | INFO  | DNAudit | user=null | ip=null | op=WRITE_CHUNK {blockData=conID: 3 locID: 102651689648456275 bcsId: 0} | ret=SUCCESS |  
2019-08-20 22:34:39,340 | INFO  | DNAudit | user=null | ip=null | op=WRITE_CHUNK {blockData=conID: 3 locID: 102651689648456275 bcsId: 0} | ret=SUCCESS |  
2019-08-20 22:34:39,340 | INFO  | DNAudit | user=null | ip=null | op=WRITE_CHUNK {blockData=conID: 3 locID: 102651689648456275 bcsId: 3747} | ret=SUCCESS |  
2019-08-20 22:34:39,340 | INFO  | DNAudit | user=null | ip=null | op=PUT_BLOCK {blockData=[blockId=conID: 3 locID: 102651689648456275 bcsId: 0,size=2097152]} | ret=SUCCESS |  
2019-08-20 22:34:39,340 | INFO  | DNAudit | user=null | ip=null | op=PUT_BLOCK {blockData=[blockId=conID: 3 locID: 102651689648456275 bcsId: 0,size=2097152]} | ret=SUCCESS |  
2019-08-20 22:34:39,340 | INFO  | DNAudit | user=null | ip=null | op=PUT_BLOCK {blockData=[blockId=conID: 3 locID: 102651689648456275 bcsId: 0,size=3145728]} | ret=SUCCESS |  
2019-08-20 22:34:39,341 [grpc-default-executor-1] INFO  client.GrpcClientProtocolClient (GrpcClientProtocolClient.java:onNext(255)) - client-391BA870FC40->947ec526-030f-41cc-8af7-a6f75e712ab0: receive RaftClientReply:client-391BA870FC40->947ec526-030f-41cc-8af7-a6f75e712ab0@group-5D45C35602B2, cid=2518, SUCCESS, logIndex=3752, commits[947ec526-030f-41cc-8af7-a6f75e712ab0:c3753, c447b9b6-dde2-4ce7-aa81-d0e2eddc8fe9:c3751, 28b540ac-241d-462a-a56c-509e92928066:c3751]
2019-08-20 22:34:39,341 [grpc-default-executor-1] INFO  client.GrpcClientProtocolClient (GrpcClientProtocolClient.java:onNext(255)) - client-391BA870FC40->947ec526-030f-41cc-8af7-a6f75e712ab0: receive RaftClientReply:client-391BA870FC40->947ec526-030f-41cc-8af7-a6f75e712ab0@group-5D45C35602B2, cid=2519, SUCCESS, logIndex=3753, commits[947ec526-030f-41cc-8af7-a6f75e712ab0:c3753, c447b9b6-dde2-4ce7-aa81-d0e2eddc8fe9:c3751, 28b540ac-241d-462a-a56c-509e92928066:c3751]
2019-08-20 22:34:39,349 | INFO  | DNAudit | user=null | ip=null | op=WRITE_CHUNK {blockData=conID: 3 locID: 102651689648456275 bcsId: 3753} | ret=SUCCESS |  
2019-08-20 22:34:39,350 | INFO  | DNAudit | user=null | ip=null | op=WRITE_CHUNK {blockData=conID: 3 locID: 102651689648456275 bcsId: 3747} | ret=SUCCESS |  
2019-08-20 22:34:39,350 | INFO  | DNAudit | user=null | ip=null | op=WRITE_CHUNK {blockData=conID: 3 locID: 102651689648456275 bcsId: 3747} | ret=SUCCESS |  
2019-08-20 22:34:39,352 | INFO  | DNAudit | user=null | ip=null | op=WRITE_CHUNK {blockData=conID: 3 locID: 102651689648456275 bcsId: 3753} | ret=SUCCESS |  
2019-08-20 22:34:39,352 | INFO  | DNAudit | user=null | ip=null | op=WRITE_CHUNK {blockData=conID: 3 locID: 102651689648456275 bcsId: 3753} | ret=SUCCESS |  
2019-08-20 22:34:39,360 | INFO  | DNAudit | user=null | ip=null | op=PUT_BLOCK {blockData=[blockId=conID: 3 locID: 102651689648456275 bcsId: 0,size=3145728]} | ret=SUCCESS |  
2019-08-20 22:34:39,360 | INFO  | DNAudit | user=null | ip=null | op=PUT_BLOCK {blockData=[blockId=conID: 3 locID: 102651689648456275 bcsId: 0,size=3145728]} | ret=SUCCESS |  
2019-08-20 22:34:39,370 | INFO  | DNAudit | user=null | ip=null | op=WRITE_CHUNK {blockData=conID: 3 locID: 102651689648456275 bcsId: 3753} | ret=SUCCESS |  
2019-08-20 22:34:39,370 | INFO  | DNAudit | user=null | ip=null | op=PUT_BLOCK {blockData=[blockId=conID: 3 locID: 102651689648456275 bcsId: 0,size=4194304]} | ret=SUCCESS |  
2019-08-20 22:34:39,371 [grpc-default-executor-1] INFO  client.GrpcClientProtocolClient (GrpcClientProtocolClient.java:onNext(255)) - client-391BA870FC40->947ec526-030f-41cc-8af7-a6f75e712ab0: receive RaftClientReply:client-391BA870FC40->947ec526-030f-41cc-8af7-a6f75e712ab0@group-5D45C35602B2, cid=2520, SUCCESS, logIndex=3756, commits[947ec526-030f-41cc-8af7-a6f75e712ab0:c3757, c447b9b6-dde2-4ce7-aa81-d0e2eddc8fe9:c3753, 28b540ac-241d-462a-a56c-509e92928066:c3753]
2019-08-20 22:34:39,371 | INFO  | DNAudit | user=null | ip=null | op=WRITE_CHUNK {blockData=conID: 3 locID: 102651689648456275 bcsId: 3753} | ret=SUCCESS |  
2019-08-20 22:34:39,371 [grpc-default-executor-1] INFO  client.GrpcClientProtocolClient (GrpcClientProtocolClient.java:onNext(255)) - client-391BA870FC40->947ec526-030f-41cc-8af7-a6f75e712ab0: receive RaftClientReply:client-391BA870FC40->947ec526-030f-41cc-8af7-a6f75e712ab0@group-5D45C35602B2, cid=2521, SUCCESS, logIndex=3757, commits[947ec526-030f-41cc-8af7-a6f75e712ab0:c3757, c447b9b6-dde2-4ce7-aa81-d0e2eddc8fe9:c3753, 28b540ac-241d-462a-a56c-509e92928066:c3753]
2019-08-20 22:34:39,371 | INFO  | DNAudit | user=null | ip=null | op=PUT_BLOCK {blockData=[blockId=conID: 3 locID: 102651689648456275 bcsId: 0,size=4194304]} | ret=SUCCESS |  
2019-08-20 22:34:39,373 | INFO  | DNAudit | user=null | ip=null | op=WRITE_CHUNK {blockData=conID: 3 locID: 102651689648456275 bcsId: 3753} | ret=SUCCESS |  
2019-08-20 22:34:39,374 | INFO  | DNAudit | user=null | ip=null | op=PUT_BLOCK {blockData=[blockId=conID: 3 locID: 102651689648456275 bcsId: 0,size=4194304]} | ret=SUCCESS |  
2019-08-20 22:34:39,374 [grpc-default-executor-1] INFO  client.GrpcClientProtocolClient (GrpcClientProtocolClient.java:onNext(255)) - client-391BA870FC40->947ec526-030f-41cc-8af7-a6f75e712ab0: receive RaftClientReply:client-391BA870FC40->947ec526-030f-41cc-8af7-a6f75e712ab0@group-5D45C35602B2, cid=2522, SUCCESS, logIndex=0, commits[947ec526-030f-41cc-8af7-a6f75e712ab0:c3758, c447b9b6-dde2-4ce7-aa81-d0e2eddc8fe9:c3757, 28b540ac-241d-462a-a56c-509e92928066:c3757]
2019-08-20 22:34:39,380 | INFO  | SCMAudit | user=jenkins1000 | ip=192.168.5.142 | op=ALLOCATE_BLOCK {owner=6f694d07-2a2f-44d9-8e1c-aaa094a2f647, size=4194304, type=RATIS, factor=THREE} | ret=SUCCESS |  
2019-08-20 22:34:39,383 | INFO  | OMAudit | user=jenkins1000 | ip=127.0.0.1 | op=ALLOCATE_BLOCK {volume=vol-0-80747, bucket=bucket-0-27686, key=key-0-47435, dataSize=0, replicationType=null, replicationFactor=null, keyLocationInfo=null, clientID=102651687805452690} | ret=SUCCESS |  
2019-08-20 22:34:39,392 | INFO  | DNAudit | user=null | ip=null | op=WRITE_CHUNK {blockData=conID: 1 locID: 102651689656582740 bcsId: 0} | ret=SUCCESS |  
2019-08-20 22:34:39,395 | INFO  | DNAudit | user=null | ip=null | op=WRITE_CHUNK {blockData=conID: 1 locID: 102651689656582740 bcsId: 0} | ret=SUCCESS |  
2019-08-20 22:34:39,395 | INFO  | DNAudit | user=null | ip=null | op=WRITE_CHUNK {blockData=conID: 1 locID: 102651689656582740 bcsId: 0} | ret=SUCCESS |  
2019-08-20 22:34:39,395 | INFO  | DNAudit | user=null | ip=null | op=WRITE_CHUNK {blockData=conID: 1 locID: 102651689656582740 bcsId: 0} | ret=SUCCESS |  
2019-08-20 22:34:39,397 | INFO  | DNAudit | user=null | ip=null | op=WRITE_CHUNK {blockData=conID: 1 locID: 102651689656582740 bcsId: 0} | ret=SUCCESS |  
2019-08-20 22:34:39,398 | INFO  | DNAudit | user=null | ip=null | op=WRITE_CHUNK {blockData=conID: 1 locID: 102651689656582740 bcsId: 0} | ret=SUCCESS |  
2019-08-20 22:34:39,424 | INFO  | DNAudit | user=null | ip=null | op=WRITE_CHUNK {blockData=conID: 1 locID: 102651689656582740 bcsId: 0} | ret=SUCCESS |  
2019-08-20 22:34:39,424 | INFO  | DNAudit | user=null | ip=null | op=PUT_BLOCK {blockData=[blockId=conID: 1 locID: 102651689656582740 bcsId: 0,size=1048576]} | ret=SUCCESS |  
2019-08-20 22:34:39,424 [grpc-default-executor-1] INFO  client.GrpcClientProtocolClient (GrpcClientProtocolClient.java:onNext(255)) - client-391BA870FC40->947ec526-030f-41cc-8af7-a6f75e712ab0: receive RaftClientReply:client-391BA870FC40->947ec526-030f-41cc-8af7-a6f75e712ab0@group-5D45C35602B2, cid=2523, SUCCESS, logIndex=3760, commits[947ec526-030f-41cc-8af7-a6f75e712ab0:c3761, c447b9b6-dde2-4ce7-aa81-d0e2eddc8fe9:c3759, 28b540ac-241d-462a-a56c-509e92928066:c3759]
2019-08-20 22:34:39,425 | INFO  | DNAudit | user=null | ip=null | op=WRITE_CHUNK {blockData=conID: 1 locID: 102651689656582740 bcsId: 0} | ret=SUCCESS |  
2019-08-20 22:34:39,425 [grpc-default-executor-3] INFO  client.GrpcClientProtocolClient (GrpcClientProtocolClient.java:onNext(255)) - client-391BA870FC40->947ec526-030f-41cc-8af7-a6f75e712ab0: receive RaftClientReply:client-391BA870FC40->947ec526-030f-41cc-8af7-a6f75e712ab0@group-5D45C35602B2, cid=2524, SUCCESS, logIndex=3761, commits[947ec526-030f-41cc-8af7-a6f75e712ab0:c3761, c447b9b6-dde2-4ce7-aa81-d0e2eddc8fe9:c3759, 28b540ac-241d-462a-a56c-509e92928066:c3759]
2019-08-20 22:34:39,425 | INFO  | DNAudit | user=null | ip=null | op=PUT_BLOCK {blockData=[blockId=conID: 1 locID: 102651689656582740 bcsId: 0,size=2097152]} | ret=SUCCESS |  
2019-08-20 22:34:39,426 [grpc-default-executor-3] INFO  client.GrpcClientProtocolClient (GrpcClientProtocolClient.java:onNext(255)) - client-391BA870FC40->947ec526-030f-41cc-8af7-a6f75e712ab0: receive RaftClientReply:client-391BA870FC40->947ec526-030f-41cc-8af7-a6f75e712ab0@group-5D45C35602B2, cid=2525, SUCCESS, logIndex=3762, commits[947ec526-030f-41cc-8af7-a6f75e712ab0:c3763, c447b9b6-dde2-4ce7-aa81-d0e2eddc8fe9:c3759, 28b540ac-241d-462a-a56c-509e92928066:c3759]
2019-08-20 22:34:39,426 [grpc-default-executor-3] INFO  client.GrpcClientProtocolClient (GrpcClientProtocolClient.java:onNext(255)) - client-391BA870FC40->947ec526-030f-41cc-8af7-a6f75e712ab0: receive RaftClientReply:client-391BA870FC40->947ec526-030f-41cc-8af7-a6f75e712ab0@group-5D45C35602B2, cid=2526, SUCCESS, logIndex=3763, commits[947ec526-030f-41cc-8af7-a6f75e712ab0:c3763, c447b9b6-dde2-4ce7-aa81-d0e2eddc8fe9:c3759, 28b540ac-241d-462a-a56c-509e92928066:c3759]
2019-08-20 22:34:39,438 | INFO  | DNAudit | user=null | ip=null | op=WRITE_CHUNK {blockData=conID: 1 locID: 102651689656582740 bcsId: 0} | ret=SUCCESS |  
2019-08-20 22:34:39,438 | INFO  | DNAudit | user=null | ip=null | op=PUT_BLOCK {blockData=[blockId=conID: 1 locID: 102651689656582740 bcsId: 0,size=1048576]} | ret=SUCCESS |  
2019-08-20 22:34:39,440 | INFO  | DNAudit | user=null | ip=null | op=WRITE_CHUNK {blockData=conID: 1 locID: 102651689656582740 bcsId: 0} | ret=SUCCESS |  
2019-08-20 22:34:39,440 | INFO  | DNAudit | user=null | ip=null | op=PUT_BLOCK {blockData=[blockId=conID: 1 locID: 102651689656582740 bcsId: 0,size=1048576]} | ret=SUCCESS |  
2019-08-20 22:34:39,440 [grpc-default-executor-2] INFO  client.GrpcClientProtocolClient (GrpcClientProtocolClient.java:onNext(255)) - client-391BA870FC40->947ec526-030f-41cc-8af7-a6f75e712ab0: receive RaftClientReply:client-391BA870FC40->947ec526-030f-41cc-8af7-a6f75e712ab0@group-5D45C35602B2, cid=2527, SUCCESS, logIndex=0, commits[947ec526-030f-41cc-8af7-a6f75e712ab0:c3765, c447b9b6-dde2-4ce7-aa81-d0e2eddc8fe9:c3761, 28b540ac-241d-462a-a56c-509e92928066:c3761]
2019-08-20 22:34:39,440 | INFO  | DNAudit | user=null | ip=null | op=WRITE_CHUNK {blockData=conID: 1 locID: 102651689656582740 bcsId: 0} | ret=SUCCESS |  
2019-08-20 22:34:39,441 | INFO  | DNAudit | user=null | ip=null | op=PUT_BLOCK {blockData=[blockId=conID: 1 locID: 102651689656582740 bcsId: 0,size=2097152]} | ret=SUCCESS |  
2019-08-20 22:34:39,448 | INFO  | DNAudit | user=null | ip=null | op=WRITE_CHUNK {blockData=conID: 1 locID: 102651689656582740 bcsId: 3763} | ret=SUCCESS |  
2019-08-20 22:34:39,450 | INFO  | DNAudit | user=null | ip=null | op=WRITE_CHUNK {blockData=conID: 1 locID: 102651689656582740 bcsId: 3763} | ret=SUCCESS |  
2019-08-20 22:34:39,450 | INFO  | DNAudit | user=null | ip=null | op=WRITE_CHUNK {blockData=conID: 1 locID: 102651689656582740 bcsId: 3763} | ret=SUCCESS |  
2019-08-20 22:34:39,451 | INFO  | DNAudit | user=null | ip=null | op=WRITE_CHUNK {blockData=conID: 1 locID: 102651689656582740 bcsId: 0} | ret=SUCCESS |  
2019-08-20 22:34:39,451 | INFO  | DNAudit | user=null | ip=null | op=PUT_BLOCK {blockData=[blockId=conID: 1 locID: 102651689656582740 bcsId: 0,size=2097152]} | ret=SUCCESS |  
2019-08-20 22:34:39,452 | INFO  | DNAudit | user=null | ip=null | op=WRITE_CHUNK {blockData=conID: 1 locID: 102651689656582740 bcsId: 3763} | ret=SUCCESS |  
2019-08-20 22:34:39,453 | INFO  | DNAudit | user=null | ip=null | op=PUT_BLOCK {blockData=[blockId=conID: 1 locID: 102651689656582740 bcsId: 0,size=3145728]} | ret=SUCCESS |  
2019-08-20 22:34:39,453 [grpc-default-executor-3] INFO  client.GrpcClientProtocolClient (GrpcClientProtocolClient.java:onNext(255)) - client-391BA870FC40->947ec526-030f-41cc-8af7-a6f75e712ab0: receive RaftClientReply:client-391BA870FC40->947ec526-030f-41cc-8af7-a6f75e712ab0@group-5D45C35602B2, cid=2528, SUCCESS, logIndex=3768, commits[947ec526-030f-41cc-8af7-a6f75e712ab0:c3769, c447b9b6-dde2-4ce7-aa81-d0e2eddc8fe9:c3763, 28b540ac-241d-462a-a56c-509e92928066:c3767]
2019-08-20 22:34:39,453 [grpc-default-executor-3] INFO  client.GrpcClientProtocolClient (GrpcClientProtocolClient.java:onNext(255)) - client-391BA870FC40->947ec526-030f-41cc-8af7-a6f75e712ab0: receive RaftClientReply:client-391BA870FC40->947ec526-030f-41cc-8af7-a6f75e712ab0@group-5D45C35602B2, cid=2529, SUCCESS, logIndex=3769, commits[947ec526-030f-41cc-8af7-a6f75e712ab0:c3769, c447b9b6-dde2-4ce7-aa81-d0e2eddc8fe9:c3767, 28b540ac-241d-462a-a56c-509e92928066:c3767]
2019-08-20 22:34:39,454 | INFO  | DNAudit | user=null | ip=null | op=WRITE_CHUNK {blockData=conID: 1 locID: 102651689656582740 bcsId: 3763} | ret=SUCCESS |  
2019-08-20 22:34:39,454 | INFO  | DNAudit | user=null | ip=null | op=WRITE_CHUNK {blockData=conID: 1 locID: 102651689656582740 bcsId: 3763} | ret=SUCCESS |  
2019-08-20 22:34:39,456 | INFO  | DNAudit | user=null | ip=null | op=PUT_BLOCK {blockData=[blockId=conID: 1 locID: 102651689656582740 bcsId: 0,size=3145728]} | ret=SUCCESS |  
2019-08-20 22:34:39,457 | INFO  | DNAudit | user=null | ip=null | op=PUT_BLOCK {blockData=[blockId=conID: 1 locID: 102651689656582740 bcsId: 0,size=3145728]} | ret=SUCCESS |  
2019-08-20 22:34:39,459 | INFO  | DNAudit | user=null | ip=null | op=WRITE_CHUNK {blockData=conID: 1 locID: 102651689656582740 bcsId: 3769} | ret=SUCCESS |  
2019-08-20 22:34:39,461 | INFO  | DNAudit | user=null | ip=null | op=WRITE_CHUNK {blockData=conID: 1 locID: 102651689656582740 bcsId: 3769} | ret=SUCCESS |  
2019-08-20 22:34:39,462 | INFO  | DNAudit | user=null | ip=null | op=WRITE_CHUNK {blockData=conID: 1 locID: 102651689656582740 bcsId: 3769} | ret=SUCCESS |  
2019-08-20 22:34:39,471 | INFO  | DNAudit | user=null | ip=null | op=WRITE_CHUNK {blockData=conID: 1 locID: 102651689656582740 bcsId: 3769} | ret=SUCCESS |  
2019-08-20 22:34:39,471 | INFO  | DNAudit | user=null | ip=null | op=PUT_BLOCK {blockData=[blockId=conID: 1 locID: 102651689656582740 bcsId: 0,size=4194304]} | ret=SUCCESS |  
2019-08-20 22:34:39,471 [grpc-default-executor-1] INFO  client.GrpcClientProtocolClient (GrpcClientProtocolClient.java:onNext(255)) - client-391BA870FC40->947ec526-030f-41cc-8af7-a6f75e712ab0: receive RaftClientReply:client-391BA870FC40->947ec526-030f-41cc-8af7-a6f75e712ab0@group-5D45C35602B2, cid=2530, SUCCESS, logIndex=3772, commits[947ec526-030f-41cc-8af7-a6f75e712ab0:c3773, c447b9b6-dde2-4ce7-aa81-d0e2eddc8fe9:c3771, 28b540ac-241d-462a-a56c-509e92928066:c3771]
2019-08-20 22:34:39,472 [grpc-default-executor-1] INFO  client.GrpcClientProtocolClient (GrpcClientProtocolClient.java:onNext(255)) - client-391BA870FC40->947ec526-030f-41cc-8af7-a6f75e712ab0: receive RaftClientReply:client-391BA870FC40->947ec526-030f-41cc-8af7-a6f75e712ab0@group-5D45C35602B2, cid=2531, SUCCESS, logIndex=3773, commits[947ec526-030f-41cc-8af7-a6f75e712ab0:c3773, c447b9b6-dde2-4ce7-aa81-d0e2eddc8fe9:c3771, 28b540ac-241d-462a-a56c-509e92928066:c3771]
2019-08-20 22:34:39,472 | INFO  | DNAudit | user=null | ip=null | op=WRITE_CHUNK {blockData=conID: 1 locID: 102651689656582740 bcsId: 3769} | ret=SUCCESS |  
2019-08-20 22:34:39,472 | INFO  | DNAudit | user=null | ip=null | op=WRITE_CHUNK {blockData=conID: 1 locID: 102651689656582740 bcsId: 3769} | ret=SUCCESS |  
2019-08-20 22:34:39,483 | INFO  | DNAudit | user=null | ip=null | op=PUT_BLOCK {blockData=[blockId=conID: 1 locID: 102651689656582740 bcsId: 0,size=4194304]} | ret=SUCCESS |  
2019-08-20 22:34:39,484 | INFO  | DNAudit | user=null | ip=null | op=PUT_BLOCK {blockData=[blockId=conID: 1 locID: 102651689656582740 bcsId: 0,size=4194304]} | ret=SUCCESS |  
2019-08-20 22:34:39,484 [grpc-default-executor-2] INFO  client.GrpcClientProtocolClient (GrpcClientProtocolClient.java:onNext(255)) - client-391BA870FC40->947ec526-030f-41cc-8af7-a6f75e712ab0: receive RaftClientReply:client-391BA870FC40->947ec526-030f-41cc-8af7-a6f75e712ab0@group-5D45C35602B2, cid=2532, SUCCESS, logIndex=0, commits[947ec526-030f-41cc-8af7-a6f75e712ab0:c3775, c447b9b6-dde2-4ce7-aa81-d0e2eddc8fe9:c3773, 28b540ac-241d-462a-a56c-509e92928066:c3773]
2019-08-20 22:34:39,488 | INFO  | SCMAudit | user=jenkins1000 | ip=192.168.5.142 | op=ALLOCATE_BLOCK {owner=6f694d07-2a2f-44d9-8e1c-aaa094a2f647, size=4194304, type=RATIS, factor=THREE} | ret=SUCCESS |  
2019-08-20 22:34:39,491 | INFO  | OMAudit | user=jenkins1000 | ip=127.0.0.1 | op=ALLOCATE_BLOCK {volume=vol-0-80747, bucket=bucket-0-27686, key=key-0-47435, dataSize=0, replicationType=null, replicationFactor=null, keyLocationInfo=null, clientID=102651687805452690} | ret=SUCCESS |  
2019-08-20 22:34:39,497 | INFO  | DNAudit | user=null | ip=null | op=WRITE_CHUNK {blockData=conID: 2 locID: 102651689663726165 bcsId: 0} | ret=SUCCESS |  
2019-08-20 22:34:39,500 | INFO  | DNAudit | user=null | ip=null | op=WRITE_CHUNK {blockData=conID: 2 locID: 102651689663726165 bcsId: 0} | ret=SUCCESS |  
2019-08-20 22:34:39,500 | INFO  | DNAudit | user=null | ip=null | op=WRITE_CHUNK {blockData=conID: 2 locID: 102651689663726165 bcsId: 0} | ret=SUCCESS |  
2019-08-20 22:34:39,500 | INFO  | DNAudit | user=null | ip=null | op=WRITE_CHUNK {blockData=conID: 2 locID: 102651689663726165 bcsId: 0} | ret=SUCCESS |  
2019-08-20 22:34:39,502 | INFO  | DNAudit | user=null | ip=null | op=WRITE_CHUNK {blockData=conID: 2 locID: 102651689663726165 bcsId: 0} | ret=SUCCESS |  
2019-08-20 22:34:39,502 | INFO  | DNAudit | user=null | ip=null | op=WRITE_CHUNK {blockData=conID: 2 locID: 102651689663726165 bcsId: 0} | ret=SUCCESS |  
2019-08-20 22:34:39,511 | INFO  | DNAudit | user=null | ip=null | op=WRITE_CHUNK {blockData=conID: 2 locID: 102651689663726165 bcsId: 0} | ret=SUCCESS |  
2019-08-20 22:34:39,512 | INFO  | DNAudit | user=null | ip=null | op=PUT_BLOCK {blockData=[blockId=conID: 2 locID: 102651689663726165 bcsId: 0,size=1048576]} | ret=SUCCESS |  
2019-08-20 22:34:39,512 [grpc-default-executor-2] INFO  client.GrpcClientProtocolClient (GrpcClientProtocolClient.java:onNext(255)) - client-391BA870FC40->947ec526-030f-41cc-8af7-a6f75e712ab0: receive RaftClientReply:client-391BA870FC40->947ec526-030f-41cc-8af7-a6f75e712ab0@group-5D45C35602B2, cid=2533, SUCCESS, logIndex=3776, commits[947ec526-030f-41cc-8af7-a6f75e712ab0:c3777, c447b9b6-dde2-4ce7-aa81-d0e2eddc8fe9:c3775, 28b540ac-241d-462a-a56c-509e92928066:c3775]
2019-08-20 22:34:39,512 [grpc-default-executor-2] INFO  client.GrpcClientProtocolClient (GrpcClientProtocolClient.java:onNext(255)) - client-391BA870FC40->947ec526-030f-41cc-8af7-a6f75e712ab0: receive RaftClientReply:client-391BA870FC40->947ec526-030f-41cc-8af7-a6f75e712ab0@group-5D45C35602B2, cid=2534, SUCCESS, logIndex=3777, commits[947ec526-030f-41cc-8af7-a6f75e712ab0:c3777, c447b9b6-dde2-4ce7-aa81-d0e2eddc8fe9:c3775, 28b540ac-241d-462a-a56c-509e92928066:c3775]
2019-08-20 22:34:39,521 | INFO  | DNAudit | user=null | ip=null | op=WRITE_CHUNK {blockData=conID: 2 locID: 102651689663726165 bcsId: 0} | ret=SUCCESS |  
2019-08-20 22:34:39,521 | INFO  | DNAudit | user=null | ip=null | op=PUT_BLOCK {blockData=[blockId=conID: 2 locID: 102651689663726165 bcsId: 0,size=2097152]} | ret=SUCCESS |  
2019-08-20 22:34:39,521 [grpc-default-executor-2] INFO  client.GrpcClientProtocolClient (GrpcClientProtocolClient.java:onNext(255)) - client-391BA870FC40->947ec526-030f-41cc-8af7-a6f75e712ab0: receive RaftClientReply:client-391BA870FC40->947ec526-030f-41cc-8af7-a6f75e712ab0@group-5D45C35602B2, cid=2535, SUCCESS, logIndex=3778, commits[947ec526-030f-41cc-8af7-a6f75e712ab0:c3779, c447b9b6-dde2-4ce7-aa81-d0e2eddc8fe9:c3775, 28b540ac-241d-462a-a56c-509e92928066:c3775]
2019-08-20 22:34:39,521 | INFO  | DNAudit | user=null | ip=null | op=WRITE_CHUNK {blockData=conID: 2 locID: 102651689663726165 bcsId: 0} | ret=SUCCESS |  
2019-08-20 22:34:39,522 [grpc-default-executor-1] INFO  client.GrpcClientProtocolClient (GrpcClientProtocolClient.java:onNext(255)) - client-391BA870FC40->947ec526-030f-41cc-8af7-a6f75e712ab0: receive RaftClientReply:client-391BA870FC40->947ec526-030f-41cc-8af7-a6f75e712ab0@group-5D45C35602B2, cid=2536, SUCCESS, logIndex=3779, commits[947ec526-030f-41cc-8af7-a6f75e712ab0:c3779, c447b9b6-dde2-4ce7-aa81-d0e2eddc8fe9:c3775, 28b540ac-241d-462a-a56c-509e92928066:c3775]
2019-08-20 22:34:39,522 | INFO  | DNAudit | user=null | ip=null | op=WRITE_CHUNK {blockData=conID: 2 locID: 102651689663726165 bcsId: 0} | ret=SUCCESS |  
2019-08-20 22:34:39,522 | INFO  | DNAudit | user=null | ip=null | op=PUT_BLOCK {blockData=[blockId=conID: 2 locID: 102651689663726165 bcsId: 0,size=1048576]} | ret=SUCCESS |  
2019-08-20 22:34:39,523 | INFO  | DNAudit | user=null | ip=null | op=PUT_BLOCK {blockData=[blockId=conID: 2 locID: 102651689663726165 bcsId: 0,size=1048576]} | ret=SUCCESS |  
2019-08-20 22:34:39,523 [grpc-default-executor-2] INFO  client.GrpcClientProtocolClient (GrpcClientProtocolClient.java:onNext(255)) - client-391BA870FC40->947ec526-030f-41cc-8af7-a6f75e712ab0: receive RaftClientReply:client-391BA870FC40->947ec526-030f-41cc-8af7-a6f75e712ab0@group-5D45C35602B2, cid=2537, SUCCESS, logIndex=0, commits[947ec526-030f-41cc-8af7-a6f75e712ab0:c3781, c447b9b6-dde2-4ce7-aa81-d0e2eddc8fe9:c3777, 28b540ac-241d-462a-a56c-509e92928066:c3777]
2019-08-20 22:34:39,528 | INFO  | DNAudit | user=null | ip=null | op=WRITE_CHUNK {blockData=conID: 2 locID: 102651689663726165 bcsId: 3779} | ret=SUCCESS |  
2019-08-20 22:34:39,531 | INFO  | DNAudit | user=null | ip=null | op=WRITE_CHUNK {blockData=conID: 2 locID: 102651689663726165 bcsId: 3779} | ret=SUCCESS |  
2019-08-20 22:34:39,531 | INFO  | DNAudit | user=null | ip=null | op=WRITE_CHUNK {blockData=conID: 2 locID: 102651689663726165 bcsId: 3779} | ret=SUCCESS |  
2019-08-20 22:34:39,542 | INFO  | DNAudit | user=null | ip=null | op=WRITE_CHUNK {blockData=conID: 2 locID: 102651689663726165 bcsId: 0} | ret=SUCCESS |  
2019-08-20 22:34:39,542 | INFO  | DNAudit | user=null | ip=null | op=WRITE_CHUNK {blockData=conID: 2 locID: 102651689663726165 bcsId: 0} | ret=SUCCESS |  
2019-08-20 22:34:39,542 | INFO  | DNAudit | user=null | ip=null | op=WRITE_CHUNK {blockData=conID: 2 locID: 102651689663726165 bcsId: 3779} | ret=SUCCESS |  
2019-08-20 22:34:39,543 | INFO  | DNAudit | user=null | ip=null | op=PUT_BLOCK {blockData=[blockId=conID: 2 locID: 102651689663726165 bcsId: 0,size=2097152]} | ret=SUCCESS |  
2019-08-20 22:34:39,543 | INFO  | DNAudit | user=null | ip=null | op=PUT_BLOCK {blockData=[blockId=conID: 2 locID: 102651689663726165 bcsId: 0,size=2097152]} | ret=SUCCESS |  
2019-08-20 22:34:39,543 | INFO  | DNAudit | user=null | ip=null | op=PUT_BLOCK {blockData=[blockId=conID: 2 locID: 102651689663726165 bcsId: 0,size=3145728]} | ret=SUCCESS |  
2019-08-20 22:34:39,543 [grpc-default-executor-5] INFO  client.GrpcClientProtocolClient (GrpcClientProtocolClient.java:onNext(255)) - client-391BA870FC40->947ec526-030f-41cc-8af7-a6f75e712ab0: receive RaftClientReply:client-391BA870FC40->947ec526-030f-41cc-8af7-a6f75e712ab0@group-5D45C35602B2, cid=2538, SUCCESS, logIndex=3784, commits[947ec526-030f-41cc-8af7-a6f75e712ab0:c3785, c447b9b6-dde2-4ce7-aa81-d0e2eddc8fe9:c3783, 28b540ac-241d-462a-a56c-509e92928066:c3783]
2019-08-20 22:34:39,543 [grpc-default-executor-5] INFO  client.GrpcClientProtocolClient (GrpcClientProtocolClient.java:onNext(255)) - client-391BA870FC40->947ec526-030f-41cc-8af7-a6f75e712ab0: receive RaftClientReply:client-391BA870FC40->947ec526-030f-41cc-8af7-a6f75e712ab0@group-5D45C35602B2, cid=2539, SUCCESS, logIndex=3785, commits[947ec526-030f-41cc-8af7-a6f75e712ab0:c3785, c447b9b6-dde2-4ce7-aa81-d0e2eddc8fe9:c3783, 28b540ac-241d-462a-a56c-509e92928066:c3783]
2019-08-20 22:34:39,549 | INFO  | DNAudit | user=null | ip=null | op=WRITE_CHUNK {blockData=conID: 2 locID: 102651689663726165 bcsId: 3785} | ret=SUCCESS |  
2019-08-20 22:34:39,552 | INFO  | DNAudit | user=null | ip=null | op=WRITE_CHUNK {blockData=conID: 2 locID: 102651689663726165 bcsId: 3785} | ret=SUCCESS |  
2019-08-20 22:34:39,552 | INFO  | DNAudit | user=null | ip=null | op=WRITE_CHUNK {blockData=conID: 2 locID: 102651689663726165 bcsId: 3785} | ret=SUCCESS |  
2019-08-20 22:34:39,556 | INFO  | DNAudit | user=null | ip=null | op=WRITE_CHUNK {blockData=conID: 2 locID: 102651689663726165 bcsId: 3779} | ret=SUCCESS |  
2019-08-20 22:34:39,556 | INFO  | DNAudit | user=null | ip=null | op=WRITE_CHUNK {blockData=conID: 2 locID: 102651689663726165 bcsId: 3779} | ret=SUCCESS |  
2019-08-20 22:34:39,569 | INFO  | DNAudit | user=null | ip=null | op=PUT_BLOCK {blockData=[blockId=conID: 2 locID: 102651689663726165 bcsId: 0,size=3145728]} | ret=SUCCESS |  
2019-08-20 22:34:39,569 | INFO  | DNAudit | user=null | ip=null | op=PUT_BLOCK {blockData=[blockId=conID: 2 locID: 102651689663726165 bcsId: 0,size=3145728]} | ret=SUCCESS |  
2019-08-20 22:34:39,569 | INFO  | DNAudit | user=null | ip=null | op=WRITE_CHUNK {blockData=conID: 2 locID: 102651689663726165 bcsId: 3785} | ret=SUCCESS |  
2019-08-20 22:34:39,570 | INFO  | DNAudit | user=null | ip=null | op=PUT_BLOCK {blockData=[blockId=conID: 2 locID: 102651689663726165 bcsId: 0,size=4194304]} | ret=SUCCESS |  
2019-08-20 22:34:39,570 [grpc-default-executor-1] INFO  client.GrpcClientProtocolClient (GrpcClientProtocolClient.java:onNext(255)) - client-391BA870FC40->947ec526-030f-41cc-8af7-a6f75e712ab0: receive RaftClientReply:client-391BA870FC40->947ec526-030f-41cc-8af7-a6f75e712ab0@group-5D45C35602B2, cid=2540, SUCCESS, logIndex=3788, commits[947ec526-030f-41cc-8af7-a6f75e712ab0:c3789, c447b9b6-dde2-4ce7-aa81-d0e2eddc8fe9:c3785, 28b540ac-241d-462a-a56c-509e92928066:c3785]
2019-08-20 22:34:39,570 [grpc-default-executor-1] INFO  client.GrpcClientProtocolClient (GrpcClientProtocolClient.java:onNext(255)) - client-391BA870FC40->947ec526-030f-41cc-8af7-a6f75e712ab0: receive RaftClientReply:client-391BA870FC40->947ec526-030f-41cc-8af7-a6f75e712ab0@group-5D45C35602B2, cid=2541, SUCCESS, logIndex=3789, commits[947ec526-030f-41cc-8af7-a6f75e712ab0:c3789, c447b9b6-dde2-4ce7-aa81-d0e2eddc8fe9:c3785, 28b540ac-241d-462a-a56c-509e92928066:c3785]
2019-08-20 22:34:39,583 | INFO  | DNAudit | user=null | ip=null | op=WRITE_CHUNK {blockData=conID: 2 locID: 102651689663726165 bcsId: 3785} | ret=SUCCESS |  
2019-08-20 22:34:39,583 | INFO  | DNAudit | user=null | ip=null | op=WRITE_CHUNK {blockData=conID: 2 locID: 102651689663726165 bcsId: 3785} | ret=SUCCESS |  
2019-08-20 22:34:39,586 | INFO  | DNAudit | user=null | ip=null | op=PUT_BLOCK {blockData=[blockId=conID: 2 locID: 102651689663726165 bcsId: 0,size=4194304]} | ret=SUCCESS |  
2019-08-20 22:34:39,586 | INFO  | DNAudit | user=null | ip=null | op=PUT_BLOCK {blockData=[blockId=conID: 2 locID: 102651689663726165 bcsId: 0,size=4194304]} | ret=SUCCESS |  
2019-08-20 22:34:39,586 [grpc-default-executor-1] INFO  client.GrpcClientProtocolClient (GrpcClientProtocolClient.java:onNext(255)) - client-391BA870FC40->947ec526-030f-41cc-8af7-a6f75e712ab0: receive RaftClientReply:client-391BA870FC40->947ec526-030f-41cc-8af7-a6f75e712ab0@group-5D45C35602B2, cid=2542, SUCCESS, logIndex=0, commits[947ec526-030f-41cc-8af7-a6f75e712ab0:c3791, c447b9b6-dde2-4ce7-aa81-d0e2eddc8fe9:c3789, 28b540ac-241d-462a-a56c-509e92928066:c3789]
2019-08-20 22:34:39,591 | INFO  | SCMAudit | user=jenkins1000 | ip=192.168.5.142 | op=ALLOCATE_BLOCK {owner=6f694d07-2a2f-44d9-8e1c-aaa094a2f647, size=4194304, type=RATIS, factor=THREE} | ret=SUCCESS |  
2019-08-20 22:34:39,594 | INFO  | OMAudit | user=jenkins1000 | ip=127.0.0.1 | op=ALLOCATE_BLOCK {volume=vol-0-80747, bucket=bucket-0-27686, key=key-0-47435, dataSize=0, replicationType=null, replicationFactor=null, keyLocationInfo=null, clientID=102651687805452690} | ret=SUCCESS |  
2019-08-20 22:34:39,600 | INFO  | DNAudit | user=null | ip=null | op=WRITE_CHUNK {blockData=conID: 3 locID: 102651689670476374 bcsId: 0} | ret=SUCCESS |  
2019-08-20 22:34:39,601 | INFO  | DNAudit | user=null | ip=null | op=WRITE_CHUNK {blockData=conID: 3 locID: 102651689670476374 bcsId: 0} | ret=SUCCESS |  
2019-08-20 22:34:39,602 | INFO  | DNAudit | user=null | ip=null | op=WRITE_CHUNK {blockData=conID: 3 locID: 102651689670476374 bcsId: 0} | ret=SUCCESS |  
2019-08-20 22:34:39,602 | INFO  | DNAudit | user=null | ip=null | op=WRITE_CHUNK {blockData=conID: 3 locID: 102651689670476374 bcsId: 0} | ret=SUCCESS |  
2019-08-20 22:34:39,603 | INFO  | DNAudit | user=null | ip=null | op=WRITE_CHUNK {blockData=conID: 3 locID: 102651689670476374 bcsId: 0} | ret=SUCCESS |  
2019-08-20 22:34:39,604 | INFO  | DNAudit | user=null | ip=null | op=WRITE_CHUNK {blockData=conID: 3 locID: 102651689670476374 bcsId: 0} | ret=SUCCESS |  
2019-08-20 22:34:39,612 | INFO  | DNAudit | user=null | ip=null | op=WRITE_CHUNK {blockData=conID: 3 locID: 102651689670476374 bcsId: 0} | ret=SUCCESS |  
2019-08-20 22:34:39,613 | INFO  | DNAudit | user=null | ip=null | op=PUT_BLOCK {blockData=[blockId=conID: 3 locID: 102651689670476374 bcsId: 0,size=1048576]} | ret=SUCCESS |  
2019-08-20 22:34:39,613 [grpc-default-executor-2] INFO  client.GrpcClientProtocolClient (GrpcClientProtocolClient.java:onNext(255)) - client-391BA870FC40->947ec526-030f-41cc-8af7-a6f75e712ab0: receive RaftClientReply:client-391BA870FC40->947ec526-030f-41cc-8af7-a6f75e712ab0@group-5D45C35602B2, cid=2543, SUCCESS, logIndex=3792, commits[947ec526-030f-41cc-8af7-a6f75e712ab0:c3793, c447b9b6-dde2-4ce7-aa81-d0e2eddc8fe9:c3791, 28b540ac-241d-462a-a56c-509e92928066:c3791]
2019-08-20 22:34:39,613 | INFO  | DNAudit | user=null | ip=null | op=WRITE_CHUNK {blockData=conID: 3 locID: 102651689670476374 bcsId: 0} | ret=SUCCESS |  
2019-08-20 22:34:39,613 [grpc-default-executor-2] INFO  client.GrpcClientProtocolClient (GrpcClientProtocolClient.java:onNext(255)) - client-391BA870FC40->947ec526-030f-41cc-8af7-a6f75e712ab0: receive RaftClientReply:client-391BA870FC40->947ec526-030f-41cc-8af7-a6f75e712ab0@group-5D45C35602B2, cid=2544, SUCCESS, logIndex=3793, commits[947ec526-030f-41cc-8af7-a6f75e712ab0:c3795, c447b9b6-dde2-4ce7-aa81-d0e2eddc8fe9:c3791, 28b540ac-241d-462a-a56c-509e92928066:c3791]
2019-08-20 22:34:39,613 | INFO  | DNAudit | user=null | ip=null | op=PUT_BLOCK {blockData=[blockId=conID: 3 locID: 102651689670476374 bcsId: 0,size=2097152]} | ret=SUCCESS |  
2019-08-20 22:34:39,613 [grpc-default-executor-2] INFO  client.GrpcClientProtocolClient (GrpcClientProtocolClient.java:onNext(255)) - client-391BA870FC40->947ec526-030f-41cc-8af7-a6f75e712ab0: receive RaftClientReply:client-391BA870FC40->947ec526-030f-41cc-8af7-a6f75e712ab0@group-5D45C35602B2, cid=2545, SUCCESS, logIndex=3794, commits[947ec526-030f-41cc-8af7-a6f75e712ab0:c3795, c447b9b6-dde2-4ce7-aa81-d0e2eddc8fe9:c3791, 28b540ac-241d-462a-a56c-509e92928066:c3791]
2019-08-20 22:34:39,614 [grpc-default-executor-2] INFO  client.GrpcClientProtocolClient (GrpcClientProtocolClient.java:onNext(255)) - client-391BA870FC40->947ec526-030f-41cc-8af7-a6f75e712ab0: receive RaftClientReply:client-391BA870FC40->947ec526-030f-41cc-8af7-a6f75e712ab0@group-5D45C35602B2, cid=2546, SUCCESS, logIndex=3795, commits[947ec526-030f-41cc-8af7-a6f75e712ab0:c3795, c447b9b6-dde2-4ce7-aa81-d0e2eddc8fe9:c3791, 28b540ac-241d-462a-a56c-509e92928066:c3791]
2019-08-20 22:34:39,615 | INFO  | DNAudit | user=null | ip=null | op=WRITE_CHUNK {blockData=conID: 3 locID: 102651689670476374 bcsId: 0} | ret=SUCCESS |  
2019-08-20 22:34:39,616 | INFO  | DNAudit | user=null | ip=null | op=WRITE_CHUNK {blockData=conID: 3 locID: 102651689670476374 bcsId: 0} | ret=SUCCESS |  
2019-08-20 22:34:39,617 | INFO  | DNAudit | user=null | ip=null | op=PUT_BLOCK {blockData=[blockId=conID: 3 locID: 102651689670476374 bcsId: 0,size=1048576]} | ret=SUCCESS |  
2019-08-20 22:34:39,617 | INFO  | DNAudit | user=null | ip=null | op=WRITE_CHUNK {blockData=conID: 3 locID: 102651689670476374 bcsId: 0} | ret=SUCCESS |  
2019-08-20 22:34:39,617 | INFO  | DNAudit | user=null | ip=null | op=PUT_BLOCK {blockData=[blockId=conID: 3 locID: 102651689670476374 bcsId: 0,size=2097152]} | ret=SUCCESS |  
2019-08-20 22:34:39,619 | INFO  | DNAudit | user=null | ip=null | op=PUT_BLOCK {blockData=[blockId=conID: 3 locID: 102651689670476374 bcsId: 0,size=1048576]} | ret=SUCCESS |  
2019-08-20 22:34:39,619 [grpc-default-executor-2] INFO  client.GrpcClientProtocolClient (GrpcClientProtocolClient.java:onNext(255)) - client-391BA870FC40->947ec526-030f-41cc-8af7-a6f75e712ab0: receive RaftClientReply:client-391BA870FC40->947ec526-030f-41cc-8af7-a6f75e712ab0@group-5D45C35602B2, cid=2547, SUCCESS, logIndex=0, commits[947ec526-030f-41cc-8af7-a6f75e712ab0:c3799, c447b9b6-dde2-4ce7-aa81-d0e2eddc8fe9:c3795, 28b540ac-241d-462a-a56c-509e92928066:c3793]
2019-08-20 22:34:39,619 | INFO  | DNAudit | user=null | ip=null | op=WRITE_CHUNK {blockData=conID: 3 locID: 102651689670476374 bcsId: 0} | ret=SUCCESS |  
2019-08-20 22:34:39,619 | INFO  | DNAudit | user=null | ip=null | op=PUT_BLOCK {blockData=[blockId=conID: 3 locID: 102651689670476374 bcsId: 0,size=2097152]} | ret=SUCCESS |  
2019-08-20 22:34:39,624 | INFO  | DNAudit | user=null | ip=null | op=WRITE_CHUNK {blockData=conID: 3 locID: 102651689670476374 bcsId: 3795} | ret=SUCCESS |  
2019-08-20 22:34:39,625 | INFO  | DNAudit | user=null | ip=null | op=WRITE_CHUNK {blockData=conID: 3 locID: 102651689670476374 bcsId: 3795} | ret=SUCCESS |  
2019-08-20 22:34:39,626 | INFO  | DNAudit | user=null | ip=null | op=WRITE_CHUNK {blockData=conID: 3 locID: 102651689670476374 bcsId: 3795} | ret=SUCCESS |  
2019-08-20 22:34:39,628 | INFO  | DNAudit | user=null | ip=null | op=WRITE_CHUNK {blockData=conID: 3 locID: 102651689670476374 bcsId: 3795} | ret=SUCCESS |  
2019-08-20 22:34:39,628 | INFO  | DNAudit | user=null | ip=null | op=PUT_BLOCK {blockData=[blockId=conID: 3 locID: 102651689670476374 bcsId: 0,size=3145728]} | ret=SUCCESS |  
2019-08-20 22:34:39,628 [grpc-default-executor-3] INFO  client.GrpcClientProtocolClient (GrpcClientProtocolClient.java:onNext(255)) - client-391BA870FC40->947ec526-030f-41cc-8af7-a6f75e712ab0: receive RaftClientReply:client-391BA870FC40->947ec526-030f-41cc-8af7-a6f75e712ab0@group-5D45C35602B2, cid=2548, SUCCESS, logIndex=3800, commits[947ec526-030f-41cc-8af7-a6f75e712ab0:c3801, c447b9b6-dde2-4ce7-aa81-d0e2eddc8fe9:c3795, 28b540ac-241d-462a-a56c-509e92928066:c3799]
2019-08-20 22:34:39,628 [grpc-default-executor-3] INFO  client.GrpcClientProtocolClient (GrpcClientProtocolClient.java:onNext(255)) - client-391BA870FC40->947ec526-030f-41cc-8af7-a6f75e712ab0: receive RaftClientReply:client-391BA870FC40->947ec526-030f-41cc-8af7-a6f75e712ab0@group-5D45C35602B2, cid=2549, SUCCESS, logIndex=3801, commits[947ec526-030f-41cc-8af7-a6f75e712ab0:c3801, c447b9b6-dde2-4ce7-aa81-d0e2eddc8fe9:c3795, 28b540ac-241d-462a-a56c-509e92928066:c3799]
2019-08-20 22:34:39,633 | INFO  | DNAudit | user=null | ip=null | op=WRITE_CHUNK {blockData=conID: 3 locID: 102651689670476374 bcsId: 3801} | ret=SUCCESS |  
2019-08-20 22:34:39,635 | INFO  | DNAudit | user=null | ip=null | op=WRITE_CHUNK {blockData=conID: 3 locID: 102651689670476374 bcsId: 3801} | ret=SUCCESS |  
2019-08-20 22:34:39,635 | INFO  | DNAudit | user=null | ip=null | op=WRITE_CHUNK {blockData=conID: 3 locID: 102651689670476374 bcsId: 3801} | ret=SUCCESS |  
2019-08-20 22:34:39,640 | INFO  | DNAudit | user=null | ip=null | op=WRITE_CHUNK {blockData=conID: 3 locID: 102651689670476374 bcsId: 3795} | ret=SUCCESS |  
2019-08-20 22:34:39,640 | INFO  | DNAudit | user=null | ip=null | op=WRITE_CHUNK {blockData=conID: 3 locID: 102651689670476374 bcsId: 3795} | ret=SUCCESS |  
2019-08-20 22:34:39,640 | INFO  | DNAudit | user=null | ip=null | op=PUT_BLOCK {blockData=[blockId=conID: 3 locID: 102651689670476374 bcsId: 0,size=3145728]} | ret=SUCCESS |  
2019-08-20 22:34:39,644 | INFO  | DNAudit | user=null | ip=null | op=PUT_BLOCK {blockData=[blockId=conID: 3 locID: 102651689670476374 bcsId: 0,size=3145728]} | ret=SUCCESS |  
2019-08-20 22:34:39,644 | INFO  | DNAudit | user=null | ip=null | op=WRITE_CHUNK {blockData=conID: 3 locID: 102651689670476374 bcsId: 3801} | ret=SUCCESS |  
2019-08-20 22:34:39,644 | INFO  | DNAudit | user=null | ip=null | op=PUT_BLOCK {blockData=[blockId=conID: 3 locID: 102651689670476374 bcsId: 0,size=4194304]} | ret=SUCCESS |  
2019-08-20 22:34:39,644 [grpc-default-executor-2] INFO  client.GrpcClientProtocolClient (GrpcClientProtocolClient.java:onNext(255)) - client-391BA870FC40->947ec526-030f-41cc-8af7-a6f75e712ab0: receive RaftClientReply:client-391BA870FC40->947ec526-030f-41cc-8af7-a6f75e712ab0@group-5D45C35602B2, cid=2550, SUCCESS, logIndex=3804, commits[947ec526-030f-41cc-8af7-a6f75e712ab0:c3805, c447b9b6-dde2-4ce7-aa81-d0e2eddc8fe9:c3801, 28b540ac-241d-462a-a56c-509e92928066:c3801]
2019-08-20 22:34:39,645 [grpc-default-executor-2] INFO  client.GrpcClientProtocolClient (GrpcClientProtocolClient.java:onNext(255)) - client-391BA870FC40->947ec526-030f-41cc-8af7-a6f75e712ab0: receive RaftClientReply:client-391BA870FC40->947ec526-030f-41cc-8af7-a6f75e712ab0@group-5D45C35602B2, cid=2551, SUCCESS, logIndex=3805, commits[947ec526-030f-41cc-8af7-a6f75e712ab0:c3805, c447b9b6-dde2-4ce7-aa81-d0e2eddc8fe9:c3801, 28b540ac-241d-462a-a56c-509e92928066:c3801]
2019-08-20 22:34:39,667 | INFO  | DNAudit | user=null | ip=null | op=WRITE_CHUNK {blockData=conID: 3 locID: 102651689670476374 bcsId: 3801} | ret=SUCCESS |  
2019-08-20 22:34:39,667 | INFO  | DNAudit | user=null | ip=null | op=WRITE_CHUNK {blockData=conID: 3 locID: 102651689670476374 bcsId: 3801} | ret=SUCCESS |  
2019-08-20 22:34:39,670 | INFO  | DNAudit | user=null | ip=null | op=PUT_BLOCK {blockData=[blockId=conID: 3 locID: 102651689670476374 bcsId: 0,size=4194304]} | ret=SUCCESS |  
2019-08-20 22:34:39,670 | INFO  | DNAudit | user=null | ip=null | op=PUT_BLOCK {blockData=[blockId=conID: 3 locID: 102651689670476374 bcsId: 0,size=4194304]} | ret=SUCCESS |  
2019-08-20 22:34:39,671 [grpc-default-executor-3] INFO  client.GrpcClientProtocolClient (GrpcClientProtocolClient.java:onNext(255)) - client-391BA870FC40->947ec526-030f-41cc-8af7-a6f75e712ab0: receive RaftClientReply:client-391BA870FC40->947ec526-030f-41cc-8af7-a6f75e712ab0@group-5D45C35602B2, cid=2552, SUCCESS, logIndex=0, commits[947ec526-030f-41cc-8af7-a6f75e712ab0:c3807, c447b9b6-dde2-4ce7-aa81-d0e2eddc8fe9:c3805, 28b540ac-241d-462a-a56c-509e92928066:c3805]
2019-08-20 22:34:39,677 | INFO  | SCMAudit | user=jenkins1000 | ip=192.168.5.142 | op=ALLOCATE_BLOCK {owner=6f694d07-2a2f-44d9-8e1c-aaa094a2f647, size=4194304, type=RATIS, factor=THREE} | ret=SUCCESS |  
2019-08-20 22:34:39,681 | INFO  | OMAudit | user=jenkins1000 | ip=127.0.0.1 | op=ALLOCATE_BLOCK {volume=vol-0-80747, bucket=bucket-0-27686, key=key-0-47435, dataSize=0, replicationType=null, replicationFactor=null, keyLocationInfo=null, clientID=102651687805452690} | ret=SUCCESS |  
2019-08-20 22:34:39,687 | INFO  | DNAudit | user=null | ip=null | op=WRITE_CHUNK {blockData=conID: 1 locID: 102651689676112471 bcsId: 0} | ret=SUCCESS |  
2019-08-20 22:34:39,689 | INFO  | DNAudit | user=null | ip=null | op=WRITE_CHUNK {blockData=conID: 1 locID: 102651689676112471 bcsId: 0} | ret=SUCCESS |  
2019-08-20 22:34:39,690 | INFO  | DNAudit | user=null | ip=null | op=WRITE_CHUNK {blockData=conID: 1 locID: 102651689676112471 bcsId: 0} | ret=SUCCESS |  
2019-08-20 22:34:39,690 | INFO  | DNAudit | user=null | ip=null | op=WRITE_CHUNK {blockData=conID: 1 locID: 102651689676112471 bcsId: 0} | ret=SUCCESS |  
2019-08-20 22:34:39,691 | INFO  | DNAudit | user=null | ip=null | op=WRITE_CHUNK {blockData=conID: 1 locID: 102651689676112471 bcsId: 0} | ret=SUCCESS |  
2019-08-20 22:34:39,691 | INFO  | DNAudit | user=null | ip=null | op=WRITE_CHUNK {blockData=conID: 1 locID: 102651689676112471 bcsId: 0} | ret=SUCCESS |  
2019-08-20 22:34:39,711 | INFO  | DNAudit | user=null | ip=null | op=WRITE_CHUNK {blockData=conID: 1 locID: 102651689676112471 bcsId: 0} | ret=SUCCESS |  
2019-08-20 22:34:39,712 | INFO  | DNAudit | user=null | ip=null | op=PUT_BLOCK {blockData=[blockId=conID: 1 locID: 102651689676112471 bcsId: 0,size=1048576]} | ret=SUCCESS |  
2019-08-20 22:34:39,712 [grpc-default-executor-3] INFO  client.GrpcClientProtocolClient (GrpcClientProtocolClient.java:onNext(255)) - client-391BA870FC40->947ec526-030f-41cc-8af7-a6f75e712ab0: receive RaftClientReply:client-391BA870FC40->947ec526-030f-41cc-8af7-a6f75e712ab0@group-5D45C35602B2, cid=2553, SUCCESS, logIndex=3808, commits[947ec526-030f-41cc-8af7-a6f75e712ab0:c3809, c447b9b6-dde2-4ce7-aa81-d0e2eddc8fe9:c3807, 28b540ac-241d-462a-a56c-509e92928066:c3807]
2019-08-20 22:34:39,712 | INFO  | DNAudit | user=null | ip=null | op=WRITE_CHUNK {blockData=conID: 1 locID: 102651689676112471 bcsId: 0} | ret=SUCCESS |  
2019-08-20 22:34:39,712 [grpc-default-executor-3] INFO  client.GrpcClientProtocolClient (GrpcClientProtocolClient.java:onNext(255)) - client-391BA870FC40->947ec526-030f-41cc-8af7-a6f75e712ab0: receive RaftClientReply:client-391BA870FC40->947ec526-030f-41cc-8af7-a6f75e712ab0@group-5D45C35602B2, cid=2554, SUCCESS, logIndex=3809, commits[947ec526-030f-41cc-8af7-a6f75e712ab0:c3811, c447b9b6-dde2-4ce7-aa81-d0e2eddc8fe9:c3807, 28b540ac-241d-462a-a56c-509e92928066:c3807]
2019-08-20 22:34:39,713 | INFO  | DNAudit | user=null | ip=null | op=PUT_BLOCK {blockData=[blockId=conID: 1 locID: 102651689676112471 bcsId: 0,size=2097152]} | ret=SUCCESS |  
2019-08-20 22:34:39,713 [grpc-default-executor-3] INFO  client.GrpcClientProtocolClient (GrpcClientProtocolClient.java:onNext(255)) - client-391BA870FC40->947ec526-030f-41cc-8af7-a6f75e712ab0: receive RaftClientReply:client-391BA870FC40->947ec526-030f-41cc-8af7-a6f75e712ab0@group-5D45C35602B2, cid=2555, SUCCESS, logIndex=3810, commits[947ec526-030f-41cc-8af7-a6f75e712ab0:c3811, c447b9b6-dde2-4ce7-aa81-d0e2eddc8fe9:c3807, 28b540ac-241d-462a-a56c-509e92928066:c3807]
2019-08-20 22:34:39,713 | INFO  | DNAudit | user=null | ip=null | op=WRITE_CHUNK {blockData=conID: 1 locID: 102651689676112471 bcsId: 0} | ret=SUCCESS |  
2019-08-20 22:34:39,713 [grpc-default-executor-3] INFO  client.GrpcClientProtocolClient (GrpcClientProtocolClient.java:onNext(255)) - client-391BA870FC40->947ec526-030f-41cc-8af7-a6f75e712ab0: receive RaftClientReply:client-391BA870FC40->947ec526-030f-41cc-8af7-a6f75e712ab0@group-5D45C35602B2, cid=2556, SUCCESS, logIndex=3811, commits[947ec526-030f-41cc-8af7-a6f75e712ab0:c3811, c447b9b6-dde2-4ce7-aa81-d0e2eddc8fe9:c3807, 28b540ac-241d-462a-a56c-509e92928066:c3807]
2019-08-20 22:34:39,724 | INFO  | DNAudit | user=null | ip=null | op=WRITE_CHUNK {blockData=conID: 1 locID: 102651689676112471 bcsId: 0} | ret=SUCCESS |  
2019-08-20 22:34:39,724 | INFO  | DNAudit | user=null | ip=null | op=PUT_BLOCK {blockData=[blockId=conID: 1 locID: 102651689676112471 bcsId: 0,size=1048576]} | ret=SUCCESS |  
2019-08-20 22:34:39,724 | INFO  | DNAudit | user=null | ip=null | op=PUT_BLOCK {blockData=[blockId=conID: 1 locID: 102651689676112471 bcsId: 0,size=1048576]} | ret=SUCCESS |  
2019-08-20 22:34:39,724 | INFO  | DNAudit | user=null | ip=null | op=WRITE_CHUNK {blockData=conID: 1 locID: 102651689676112471 bcsId: 0} | ret=SUCCESS |  
2019-08-20 22:34:39,724 | INFO  | DNAudit | user=null | ip=null | op=PUT_BLOCK {blockData=[blockId=conID: 1 locID: 102651689676112471 bcsId: 0,size=2097152]} | ret=SUCCESS |  
2019-08-20 22:34:39,724 [grpc-default-executor-3] INFO  client.GrpcClientProtocolClient (GrpcClientProtocolClient.java:onNext(255)) - client-391BA870FC40->947ec526-030f-41cc-8af7-a6f75e712ab0: receive RaftClientReply:client-391BA870FC40->947ec526-030f-41cc-8af7-a6f75e712ab0@group-5D45C35602B2, cid=2557, SUCCESS, logIndex=0, commits[947ec526-030f-41cc-8af7-a6f75e712ab0:c3813, c447b9b6-dde2-4ce7-aa81-d0e2eddc8fe9:c3809, 28b540ac-241d-462a-a56c-509e92928066:c3809]
2019-08-20 22:34:39,725 | INFO  | DNAudit | user=null | ip=null | op=WRITE_CHUNK {blockData=conID: 1 locID: 102651689676112471 bcsId: 0} | ret=SUCCESS |  
2019-08-20 22:34:39,725 | INFO  | DNAudit | user=null | ip=null | op=PUT_BLOCK {blockData=[blockId=conID: 1 locID: 102651689676112471 bcsId: 0,size=2097152]} | ret=SUCCESS |  
2019-08-20 22:34:39,730 | INFO  | DNAudit | user=null | ip=null | op=WRITE_CHUNK {blockData=conID: 1 locID: 102651689676112471 bcsId: 3811} | ret=SUCCESS |  
2019-08-20 22:34:39,732 | INFO  | DNAudit | user=null | ip=null | op=WRITE_CHUNK {blockData=conID: 1 locID: 102651689676112471 bcsId: 3811} | ret=SUCCESS |  
2019-08-20 22:34:39,733 | INFO  | DNAudit | user=null | ip=null | op=WRITE_CHUNK {blockData=conID: 1 locID: 102651689676112471 bcsId: 3811} | ret=SUCCESS |  
2019-08-20 22:34:39,744 | INFO  | DNAudit | user=null | ip=null | op=WRITE_CHUNK {blockData=conID: 1 locID: 102651689676112471 bcsId: 3811} | ret=SUCCESS |  
2019-08-20 22:34:39,745 | INFO  | DNAudit | user=null | ip=null | op=PUT_BLOCK {blockData=[blockId=conID: 1 locID: 102651689676112471 bcsId: 0,size=3145728]} | ret=SUCCESS |  
2019-08-20 22:34:39,745 [grpc-default-executor-1] INFO  client.GrpcClientProtocolClient (GrpcClientProtocolClient.java:onNext(255)) - client-391BA870FC40->947ec526-030f-41cc-8af7-a6f75e712ab0: receive RaftClientReply:client-391BA870FC40->947ec526-030f-41cc-8af7-a6f75e712ab0@group-5D45C35602B2, cid=2558, SUCCESS, logIndex=3815, commits[947ec526-030f-41cc-8af7-a6f75e712ab0:c3816, c447b9b6-dde2-4ce7-aa81-d0e2eddc8fe9:c3814, 28b540ac-241d-462a-a56c-509e92928066:c3814]
2019-08-20 22:34:39,745 [grpc-default-executor-1] INFO  client.GrpcClientProtocolClient (GrpcClientProtocolClient.java:onNext(255)) - client-391BA870FC40->947ec526-030f-41cc-8af7-a6f75e712ab0: receive RaftClientReply:client-391BA870FC40->947ec526-030f-41cc-8af7-a6f75e712ab0@group-5D45C35602B2, cid=2559, SUCCESS, logIndex=3816, commits[947ec526-030f-41cc-8af7-a6f75e712ab0:c3816, c447b9b6-dde2-4ce7-aa81-d0e2eddc8fe9:c3814, 28b540ac-241d-462a-a56c-509e92928066:c3814]
2019-08-20 22:34:39,751 | INFO  | DNAudit | user=null | ip=null | op=WRITE_CHUNK {blockData=conID: 1 locID: 102651689676112471 bcsId: 3816} | ret=SUCCESS |  
2019-08-20 22:34:39,752 | INFO  | DNAudit | user=null | ip=null | op=WRITE_CHUNK {blockData=conID: 1 locID: 102651689676112471 bcsId: 3816} | ret=SUCCESS |  
2019-08-20 22:34:39,752 | INFO  | DNAudit | user=null | ip=null | op=WRITE_CHUNK {blockData=conID: 1 locID: 102651689676112471 bcsId: 3816} | ret=SUCCESS |  
2019-08-20 22:34:39,757 | INFO  | DNAudit | user=null | ip=null | op=WRITE_CHUNK {blockData=conID: 1 locID: 102651689676112471 bcsId: 3811} | ret=SUCCESS |  
2019-08-20 22:34:39,758 | INFO  | DNAudit | user=null | ip=null | op=WRITE_CHUNK {blockData=conID: 1 locID: 102651689676112471 bcsId: 3811} | ret=SUCCESS |  
2019-08-20 22:34:39,771 | INFO  | DNAudit | user=null | ip=null | op=PUT_BLOCK {blockData=[blockId=conID: 1 locID: 102651689676112471 bcsId: 0,size=3145728]} | ret=SUCCESS |  
2019-08-20 22:34:39,771 | INFO  | DNAudit | user=null | ip=null | op=PUT_BLOCK {blockData=[blockId=conID: 1 locID: 102651689676112471 bcsId: 0,size=3145728]} | ret=SUCCESS |  
2019-08-20 22:34:39,771 | INFO  | DNAudit | user=null | ip=null | op=WRITE_CHUNK {blockData=conID: 1 locID: 102651689676112471 bcsId: 3816} | ret=SUCCESS |  
2019-08-20 22:34:39,771 | INFO  | DNAudit | user=null | ip=null | op=PUT_BLOCK {blockData=[blockId=conID: 1 locID: 102651689676112471 bcsId: 0,size=4194304]} | ret=SUCCESS |  
2019-08-20 22:34:39,772 [grpc-default-executor-5] INFO  client.GrpcClientProtocolClient (GrpcClientProtocolClient.java:onNext(255)) - client-391BA870FC40->947ec526-030f-41cc-8af7-a6f75e712ab0: receive RaftClientReply:client-391BA870FC40->947ec526-030f-41cc-8af7-a6f75e712ab0@group-5D45C35602B2, cid=2560, SUCCESS, logIndex=3819, commits[947ec526-030f-41cc-8af7-a6f75e712ab0:c3820, c447b9b6-dde2-4ce7-aa81-d0e2eddc8fe9:c3816, 28b540ac-241d-462a-a56c-509e92928066:c3816]
2019-08-20 22:34:39,772 [grpc-default-executor-5] INFO  client.GrpcClientProtocolClient (GrpcClientProtocolClient.java:onNext(255)) - client-391BA870FC40->947ec526-030f-41cc-8af7-a6f75e712ab0: receive RaftClientReply:client-391BA870FC40->947ec526-030f-41cc-8af7-a6f75e712ab0@group-5D45C35602B2, cid=2561, SUCCESS, logIndex=3820, commits[947ec526-030f-41cc-8af7-a6f75e712ab0:c3820, c447b9b6-dde2-4ce7-aa81-d0e2eddc8fe9:c3816, 28b540ac-241d-462a-a56c-509e92928066:c3816]
2019-08-20 22:34:39,784 | INFO  | DNAudit | user=null | ip=null | op=WRITE_CHUNK {blockData=conID: 1 locID: 102651689676112471 bcsId: 3816} | ret=SUCCESS |  
2019-08-20 22:34:39,784 | INFO  | DNAudit | user=null | ip=null | op=WRITE_CHUNK {blockData=conID: 1 locID: 102651689676112471 bcsId: 3816} | ret=SUCCESS |  
2019-08-20 22:34:39,797 | INFO  | DNAudit | user=null | ip=null | op=PUT_BLOCK {blockData=[blockId=conID: 1 locID: 102651689676112471 bcsId: 0,size=4194304]} | ret=SUCCESS |  
2019-08-20 22:34:39,797 | INFO  | DNAudit | user=null | ip=null | op=PUT_BLOCK {blockData=[blockId=conID: 1 locID: 102651689676112471 bcsId: 0,size=4194304]} | ret=SUCCESS |  
2019-08-20 22:34:39,798 [grpc-default-executor-3] INFO  client.GrpcClientProtocolClient (GrpcClientProtocolClient.java:onNext(255)) - client-391BA870FC40->947ec526-030f-41cc-8af7-a6f75e712ab0: receive RaftClientReply:client-391BA870FC40->947ec526-030f-41cc-8af7-a6f75e712ab0@group-5D45C35602B2, cid=2562, SUCCESS, logIndex=0, commits[947ec526-030f-41cc-8af7-a6f75e712ab0:c3822, c447b9b6-dde2-4ce7-aa81-d0e2eddc8fe9:c3820, 28b540ac-241d-462a-a56c-509e92928066:c3820]
2019-08-20 22:34:39,802 | INFO  | SCMAudit | user=jenkins1000 | ip=192.168.5.142 | op=ALLOCATE_BLOCK {owner=6f694d07-2a2f-44d9-8e1c-aaa094a2f647, size=4194304, type=RATIS, factor=THREE} | ret=SUCCESS |  
2019-08-20 22:34:39,805 | INFO  | OMAudit | user=jenkins1000 | ip=127.0.0.1 | op=ALLOCATE_BLOCK {volume=vol-0-80747, bucket=bucket-0-27686, key=key-0-47435, dataSize=0, replicationType=null, replicationFactor=null, keyLocationInfo=null, clientID=102651687805452690} | ret=SUCCESS |  
2019-08-20 22:34:39,810 | INFO  | DNAudit | user=null | ip=null | op=WRITE_CHUNK {blockData=conID: 2 locID: 102651689684304472 bcsId: 0} | ret=SUCCESS |  
2019-08-20 22:34:39,812 | INFO  | DNAudit | user=null | ip=null | op=WRITE_CHUNK {blockData=conID: 2 locID: 102651689684304472 bcsId: 0} | ret=SUCCESS |  
2019-08-20 22:34:39,813 | INFO  | DNAudit | user=null | ip=null | op=WRITE_CHUNK {blockData=conID: 2 locID: 102651689684304472 bcsId: 0} | ret=SUCCESS |  
2019-08-20 22:34:39,813 | INFO  | DNAudit | user=null | ip=null | op=WRITE_CHUNK {blockData=conID: 2 locID: 102651689684304472 bcsId: 0} | ret=SUCCESS |  
2019-08-20 22:34:39,814 | INFO  | DNAudit | user=null | ip=null | op=WRITE_CHUNK {blockData=conID: 2 locID: 102651689684304472 bcsId: 0} | ret=SUCCESS |  
2019-08-20 22:34:39,815 | INFO  | DNAudit | user=null | ip=null | op=WRITE_CHUNK {blockData=conID: 2 locID: 102651689684304472 bcsId: 0} | ret=SUCCESS |  
2019-08-20 22:34:39,825 | INFO  | DNAudit | user=null | ip=null | op=WRITE_CHUNK {blockData=conID: 2 locID: 102651689684304472 bcsId: 0} | ret=SUCCESS |  
2019-08-20 22:34:39,825 | INFO  | DNAudit | user=null | ip=null | op=PUT_BLOCK {blockData=[blockId=conID: 2 locID: 102651689684304472 bcsId: 0,size=1048576]} | ret=SUCCESS |  
2019-08-20 22:34:39,825 [grpc-default-executor-2] INFO  client.GrpcClientProtocolClient (GrpcClientProtocolClient.java:onNext(255)) - client-391BA870FC40->947ec526-030f-41cc-8af7-a6f75e712ab0: receive RaftClientReply:client-391BA870FC40->947ec526-030f-41cc-8af7-a6f75e712ab0@group-5D45C35602B2, cid=2563, SUCCESS, logIndex=3823, commits[947ec526-030f-41cc-8af7-a6f75e712ab0:c3824, c447b9b6-dde2-4ce7-aa81-d0e2eddc8fe9:c3822, 28b540ac-241d-462a-a56c-509e92928066:c3822]
2019-08-20 22:34:39,826 [grpc-default-executor-2] INFO  client.GrpcClientProtocolClient (GrpcClientProtocolClient.java:onNext(255)) - client-391BA870FC40->947ec526-030f-41cc-8af7-a6f75e712ab0: receive RaftClientReply:client-391BA870FC40->947ec526-030f-41cc-8af7-a6f75e712ab0@group-5D45C35602B2, cid=2564, SUCCESS, logIndex=3824, commits[947ec526-030f-41cc-8af7-a6f75e712ab0:c3824, c447b9b6-dde2-4ce7-aa81-d0e2eddc8fe9:c3822, 28b540ac-241d-462a-a56c-509e92928066:c3822]
2019-08-20 22:34:39,835 | INFO  | DNAudit | user=null | ip=null | op=WRITE_CHUNK {blockData=conID: 2 locID: 102651689684304472 bcsId: 0} | ret=SUCCESS |  
2019-08-20 22:34:39,835 | INFO  | DNAudit | user=null | ip=null | op=PUT_BLOCK {blockData=[blockId=conID: 2 locID: 102651689684304472 bcsId: 0,size=2097152]} | ret=SUCCESS |  
2019-08-20 22:34:39,835 [grpc-default-executor-2] INFO  client.GrpcClientProtocolClient (GrpcClientProtocolClient.java:onNext(255)) - client-391BA870FC40->947ec526-030f-41cc-8af7-a6f75e712ab0: receive RaftClientReply:client-391BA870FC40->947ec526-030f-41cc-8af7-a6f75e712ab0@group-5D45C35602B2, cid=2565, SUCCESS, logIndex=3825, commits[947ec526-030f-41cc-8af7-a6f75e712ab0:c3826, c447b9b6-dde2-4ce7-aa81-d0e2eddc8fe9:c3822, 28b540ac-241d-462a-a56c-509e92928066:c3822]
2019-08-20 22:34:39,836 [grpc-default-executor-2] INFO  client.GrpcClientProtocolClient (GrpcClientProtocolClient.java:onNext(255)) - client-391BA870FC40->947ec526-030f-41cc-8af7-a6f75e712ab0: receive RaftClientReply:client-391BA870FC40->947ec526-030f-41cc-8af7-a6f75e712ab0@group-5D45C35602B2, cid=2566, SUCCESS, logIndex=3826, commits[947ec526-030f-41cc-8af7-a6f75e712ab0:c3826, c447b9b6-dde2-4ce7-aa81-d0e2eddc8fe9:c3822, 28b540ac-241d-462a-a56c-509e92928066:c3822]
2019-08-20 22:34:39,837 | INFO  | DNAudit | user=null | ip=null | op=WRITE_CHUNK {blockData=conID: 2 locID: 102651689684304472 bcsId: 0} | ret=SUCCESS |  
2019-08-20 22:34:39,837 | INFO  | DNAudit | user=null | ip=null | op=WRITE_CHUNK {blockData=conID: 2 locID: 102651689684304472 bcsId: 0} | ret=SUCCESS |  
2019-08-20 22:34:39,837 | INFO  | DNAudit | user=null | ip=null | op=PUT_BLOCK {blockData=[blockId=conID: 2 locID: 102651689684304472 bcsId: 0,size=1048576]} | ret=SUCCESS |  
2019-08-20 22:34:39,855 | INFO  | DNAudit | user=null | ip=null | op=PUT_BLOCK {blockData=[blockId=conID: 2 locID: 102651689684304472 bcsId: 0,size=1048576]} | ret=SUCCESS |  
2019-08-20 22:34:39,856 [grpc-default-executor-2] INFO  client.GrpcClientProtocolClient (GrpcClientProtocolClient.java:onNext(255)) - client-391BA870FC40->947ec526-030f-41cc-8af7-a6f75e712ab0: receive RaftClientReply:client-391BA870FC40->947ec526-030f-41cc-8af7-a6f75e712ab0@group-5D45C35602B2, cid=2567, SUCCESS, logIndex=0, commits[947ec526-030f-41cc-8af7-a6f75e712ab0:c3828, c447b9b6-dde2-4ce7-aa81-d0e2eddc8fe9:c3824, 28b540ac-241d-462a-a56c-509e92928066:c3824]
2019-08-20 22:34:39,861 | INFO  | DNAudit | user=null | ip=null | op=WRITE_CHUNK {blockData=conID: 2 locID: 102651689684304472 bcsId: 3826} | ret=SUCCESS |  
2019-08-20 22:34:39,863 | INFO  | DNAudit | user=null | ip=null | op=WRITE_CHUNK {blockData=conID: 2 locID: 102651689684304472 bcsId: 3826} | ret=SUCCESS |  
2019-08-20 22:34:39,863 | INFO  | DNAudit | user=null | ip=null | op=WRITE_CHUNK {blockData=conID: 2 locID: 102651689684304472 bcsId: 3826} | ret=SUCCESS |  
2019-08-20 22:34:39,879 | INFO  | DNAudit | user=null | ip=null | op=WRITE_CHUNK {blockData=conID: 2 locID: 102651689684304472 bcsId: 0} | ret=SUCCESS |  
2019-08-20 22:34:39,879 | INFO  | DNAudit | user=null | ip=null | op=WRITE_CHUNK {blockData=conID: 2 locID: 102651689684304472 bcsId: 0} | ret=SUCCESS |  
2019-08-20 22:34:39,879 | INFO  | DNAudit | user=null | ip=null | op=PUT_BLOCK {blockData=[blockId=conID: 2 locID: 102651689684304472 bcsId: 0,size=2097152]} | ret=SUCCESS |  
2019-08-20 22:34:39,880 | INFO  | DNAudit | user=null | ip=null | op=PUT_BLOCK {blockData=[blockId=conID: 2 locID: 102651689684304472 bcsId: 0,size=2097152]} | ret=SUCCESS |  
2019-08-20 22:34:39,880 | INFO  | DNAudit | user=null | ip=null | op=WRITE_CHUNK {blockData=conID: 2 locID: 102651689684304472 bcsId: 3826} | ret=SUCCESS |  
2019-08-20 22:34:39,880 | INFO  | DNAudit | user=null | ip=null | op=PUT_BLOCK {blockData=[blockId=conID: 2 locID: 102651689684304472 bcsId: 0,size=3145728]} | ret=SUCCESS |  
2019-08-20 22:34:39,880 [grpc-default-executor-5] INFO  client.GrpcClientProtocolClient (GrpcClientProtocolClient.java:onNext(255)) - client-391BA870FC40->947ec526-030f-41cc-8af7-a6f75e712ab0: receive RaftClientReply:client-391BA870FC40->947ec526-030f-41cc-8af7-a6f75e712ab0@group-5D45C35602B2, cid=2568, SUCCESS, logIndex=3831, commits[947ec526-030f-41cc-8af7-a6f75e712ab0:c3832, c447b9b6-dde2-4ce7-aa81-d0e2eddc8fe9:c3830, 28b540ac-241d-462a-a56c-509e92928066:c3830]
2019-08-20 22:34:39,881 [grpc-default-executor-5] INFO  client.GrpcClientProtocolClient (GrpcClientProtocolClient.java:onNext(255)) - client-391BA870FC40->947ec526-030f-41cc-8af7-a6f75e712ab0: receive RaftClientReply:client-391BA870FC40->947ec526-030f-41cc-8af7-a6f75e712ab0@group-5D45C35602B2, cid=2569, SUCCESS, logIndex=3832, commits[947ec526-030f-41cc-8af7-a6f75e712ab0:c3832, c447b9b6-dde2-4ce7-aa81-d0e2eddc8fe9:c3830, 28b540ac-241d-462a-a56c-509e92928066:c3830]
2019-08-20 22:34:39,886 | INFO  | DNAudit | user=null | ip=null | op=WRITE_CHUNK {blockData=conID: 2 locID: 102651689684304472 bcsId: 3832} | ret=SUCCESS |  
2019-08-20 22:34:39,888 | INFO  | DNAudit | user=null | ip=null | op=WRITE_CHUNK {blockData=conID: 2 locID: 102651689684304472 bcsId: 3832} | ret=SUCCESS |  
2019-08-20 22:34:39,889 | INFO  | DNAudit | user=null | ip=null | op=WRITE_CHUNK {blockData=conID: 2 locID: 102651689684304472 bcsId: 3832} | ret=SUCCESS |  
2019-08-20 22:34:39,897 | INFO  | DNAudit | user=null | ip=null | op=WRITE_CHUNK {blockData=conID: 2 locID: 102651689684304472 bcsId: 3826} | ret=SUCCESS |  
2019-08-20 22:34:39,897 | INFO  | DNAudit | user=null | ip=null | op=WRITE_CHUNK {blockData=conID: 2 locID: 102651689684304472 bcsId: 3826} | ret=SUCCESS |  
2019-08-20 22:34:39,900 | INFO  | DNAudit | user=null | ip=null | op=PUT_BLOCK {blockData=[blockId=conID: 2 locID: 102651689684304472 bcsId: 0,size=3145728]} | ret=SUCCESS |  
2019-08-20 22:34:39,901 | INFO  | DNAudit | user=null | ip=null | op=PUT_BLOCK {blockData=[blockId=conID: 2 locID: 102651689684304472 bcsId: 0,size=3145728]} | ret=SUCCESS |  
2019-08-20 22:34:39,901 | INFO  | DNAudit | user=null | ip=null | op=WRITE_CHUNK {blockData=conID: 2 locID: 102651689684304472 bcsId: 3832} | ret=SUCCESS |  
2019-08-20 22:34:39,901 | INFO  | DNAudit | user=null | ip=null | op=PUT_BLOCK {blockData=[blockId=conID: 2 locID: 102651689684304472 bcsId: 0,size=4194304]} | ret=SUCCESS |  
2019-08-20 22:34:39,901 [grpc-default-executor-5] INFO  client.GrpcClientProtocolClient (GrpcClientProtocolClient.java:onNext(255)) - client-391BA870FC40->947ec526-030f-41cc-8af7-a6f75e712ab0: receive RaftClientReply:client-391BA870FC40->947ec526-030f-41cc-8af7-a6f75e712ab0@group-5D45C35602B2, cid=2570, SUCCESS, logIndex=3835, commits[947ec526-030f-41cc-8af7-a6f75e712ab0:c3836, c447b9b6-dde2-4ce7-aa81-d0e2eddc8fe9:c3832, 28b540ac-241d-462a-a56c-509e92928066:c3832]
2019-08-20 22:34:39,901 [grpc-default-executor-5] INFO  client.GrpcClientProtocolClient (GrpcClientProtocolClient.java:onNext(255)) - client-391BA870FC40->947ec526-030f-41cc-8af7-a6f75e712ab0: receive RaftClientReply:client-391BA870FC40->947ec526-030f-41cc-8af7-a6f75e712ab0@group-5D45C35602B2, cid=2571, SUCCESS, logIndex=3836, commits[947ec526-030f-41cc-8af7-a6f75e712ab0:c3836, c447b9b6-dde2-4ce7-aa81-d0e2eddc8fe9:c3832, 28b540ac-241d-462a-a56c-509e92928066:c3832]
2019-08-20 22:34:39,925 | INFO  | DNAudit | user=null | ip=null | op=WRITE_CHUNK {blockData=conID: 2 locID: 102651689684304472 bcsId: 3832} | ret=SUCCESS |  
2019-08-20 22:34:39,925 | INFO  | DNAudit | user=null | ip=null | op=WRITE_CHUNK {blockData=conID: 2 locID: 102651689684304472 bcsId: 3832} | ret=SUCCESS |  
2019-08-20 22:34:39,938 | INFO  | DNAudit | user=null | ip=null | op=PUT_BLOCK {blockData=[blockId=conID: 2 locID: 102651689684304472 bcsId: 0,size=4194304]} | ret=SUCCESS |  
2019-08-20 22:34:39,938 | INFO  | DNAudit | user=null | ip=null | op=PUT_BLOCK {blockData=[blockId=conID: 2 locID: 102651689684304472 bcsId: 0,size=4194304]} | ret=SUCCESS |  
2019-08-20 22:34:39,939 [grpc-default-executor-5] INFO  client.GrpcClientProtocolClient (GrpcClientProtocolClient.java:onNext(255)) - client-391BA870FC40->947ec526-030f-41cc-8af7-a6f75e712ab0: receive RaftClientReply:client-391BA870FC40->947ec526-030f-41cc-8af7-a6f75e712ab0@group-5D45C35602B2, cid=2572, SUCCESS, logIndex=0, commits[947ec526-030f-41cc-8af7-a6f75e712ab0:c3838, c447b9b6-dde2-4ce7-aa81-d0e2eddc8fe9:c3836, 28b540ac-241d-462a-a56c-509e92928066:c3836]
2019-08-20 22:34:39,943 | INFO  | SCMAudit | user=jenkins1000 | ip=192.168.5.142 | op=ALLOCATE_BLOCK {owner=6f694d07-2a2f-44d9-8e1c-aaa094a2f647, size=4194304, type=RATIS, factor=THREE} | ret=SUCCESS |  
2019-08-20 22:34:39,946 | INFO  | OMAudit | user=jenkins1000 | ip=127.0.0.1 | op=ALLOCATE_BLOCK {volume=vol-0-80747, bucket=bucket-0-27686, key=key-0-47435, dataSize=0, replicationType=null, replicationFactor=null, keyLocationInfo=null, clientID=102651687805452690} | ret=SUCCESS |  
2019-08-20 22:34:39,954 | INFO  | DNAudit | user=null | ip=null | op=WRITE_CHUNK {blockData=conID: 3 locID: 102651689693545049 bcsId: 0} | ret=SUCCESS |  
2019-08-20 22:34:39,957 | INFO  | DNAudit | user=null | ip=null | op=WRITE_CHUNK {blockData=conID: 3 locID: 102651689693545049 bcsId: 0} | ret=SUCCESS |  
2019-08-20 22:34:39,957 | INFO  | DNAudit | user=null | ip=null | op=WRITE_CHUNK {blockData=conID: 3 locID: 102651689693545049 bcsId: 0} | ret=SUCCESS |  
2019-08-20 22:34:39,957 | INFO  | DNAudit | user=null | ip=null | op=WRITE_CHUNK {blockData=conID: 3 locID: 102651689693545049 bcsId: 0} | ret=SUCCESS |  
2019-08-20 22:34:39,959 | INFO  | DNAudit | user=null | ip=null | op=WRITE_CHUNK {blockData=conID: 3 locID: 102651689693545049 bcsId: 0} | ret=SUCCESS |  
2019-08-20 22:34:39,960 | INFO  | DNAudit | user=null | ip=null | op=WRITE_CHUNK {blockData=conID: 3 locID: 102651689693545049 bcsId: 0} | ret=SUCCESS |  
2019-08-20 22:34:39,967 | INFO  | DNAudit | user=null | ip=null | op=WRITE_CHUNK {blockData=conID: 3 locID: 102651689693545049 bcsId: 0} | ret=SUCCESS |  
2019-08-20 22:34:39,967 | INFO  | DNAudit | user=null | ip=null | op=PUT_BLOCK {blockData=[blockId=conID: 3 locID: 102651689693545049 bcsId: 0,size=1048576]} | ret=SUCCESS |  
2019-08-20 22:34:39,968 [grpc-default-executor-1] INFO  client.GrpcClientProtocolClient (GrpcClientProtocolClient.java:onNext(255)) - client-391BA870FC40->947ec526-030f-41cc-8af7-a6f75e712ab0: receive RaftClientReply:client-391BA870FC40->947ec526-030f-41cc-8af7-a6f75e712ab0@group-5D45C35602B2, cid=2573, SUCCESS, logIndex=3839, commits[947ec526-030f-41cc-8af7-a6f75e712ab0:c3840, c447b9b6-dde2-4ce7-aa81-d0e2eddc8fe9:c3838, 28b540ac-241d-462a-a56c-509e92928066:c3838]
2019-08-20 22:34:39,968 | INFO  | DNAudit | user=null | ip=null | op=WRITE_CHUNK {blockData=conID: 3 locID: 102651689693545049 bcsId: 0} | ret=SUCCESS |  
2019-08-20 22:34:39,968 | INFO  | DNAudit | user=null | ip=null | op=PUT_BLOCK {blockData=[blockId=conID: 3 locID: 102651689693545049 bcsId: 0,size=2097152]} | ret=SUCCESS |  
2019-08-20 22:34:39,968 [grpc-default-executor-1] INFO  client.GrpcClientProtocolClient (GrpcClientProtocolClient.java:onNext(255)) - client-391BA870FC40->947ec526-030f-41cc-8af7-a6f75e712ab0: receive RaftClientReply:client-391BA870FC40->947ec526-030f-41cc-8af7-a6f75e712ab0@group-5D45C35602B2, cid=2574, SUCCESS, logIndex=3840, commits[947ec526-030f-41cc-8af7-a6f75e712ab0:c3840, c447b9b6-dde2-4ce7-aa81-d0e2eddc8fe9:c3838, 28b540ac-241d-462a-a56c-509e92928066:c3838]
2019-08-20 22:34:39,969 [grpc-default-executor-1] INFO  client.GrpcClientProtocolClient (GrpcClientProtocolClient.java:onNext(255)) - client-391BA870FC40->947ec526-030f-41cc-8af7-a6f75e712ab0: receive RaftClientReply:client-391BA870FC40->947ec526-030f-41cc-8af7-a6f75e712ab0@group-5D45C35602B2, cid=2575, SUCCESS, logIndex=3841, commits[947ec526-030f-41cc-8af7-a6f75e712ab0:c3842, c447b9b6-dde2-4ce7-aa81-d0e2eddc8fe9:c3838, 28b540ac-241d-462a-a56c-509e92928066:c3838]
2019-08-20 22:34:39,969 [grpc-default-executor-1] INFO  client.GrpcClientProtocolClient (GrpcClientProtocolClient.java:onNext(255)) - client-391BA870FC40->947ec526-030f-41cc-8af7-a6f75e712ab0: receive RaftClientReply:client-391BA870FC40->947ec526-030f-41cc-8af7-a6f75e712ab0@group-5D45C35602B2, cid=2576, SUCCESS, logIndex=3842, commits[947ec526-030f-41cc-8af7-a6f75e712ab0:c3842, c447b9b6-dde2-4ce7-aa81-d0e2eddc8fe9:c3838, 28b540ac-241d-462a-a56c-509e92928066:c3838]
2019-08-20 22:34:39,981 | INFO  | DNAudit | user=null | ip=null | op=WRITE_CHUNK {blockData=conID: 3 locID: 102651689693545049 bcsId: 0} | ret=SUCCESS |  
2019-08-20 22:34:39,981 | INFO  | DNAudit | user=null | ip=null | op=PUT_BLOCK {blockData=[blockId=conID: 3 locID: 102651689693545049 bcsId: 0,size=1048576]} | ret=SUCCESS |  
2019-08-20 22:34:39,982 | INFO  | DNAudit | user=null | ip=null | op=WRITE_CHUNK {blockData=conID: 3 locID: 102651689693545049 bcsId: 0} | ret=SUCCESS |  
2019-08-20 22:34:39,982 | INFO  | DNAudit | user=null | ip=null | op=PUT_BLOCK {blockData=[blockId=conID: 3 locID: 102651689693545049 bcsId: 0,size=1048576]} | ret=SUCCESS |  
2019-08-20 22:34:39,982 [grpc-default-executor-1] INFO  client.GrpcClientProtocolClient (GrpcClientProtocolClient.java:onNext(255)) - client-391BA870FC40->947ec526-030f-41cc-8af7-a6f75e712ab0: receive RaftClientReply:client-391BA870FC40->947ec526-030f-41cc-8af7-a6f75e712ab0@group-5D45C35602B2, cid=2577, SUCCESS, logIndex=0, commits[947ec526-030f-41cc-8af7-a6f75e712ab0:c3844, c447b9b6-dde2-4ce7-aa81-d0e2eddc8fe9:c3840, 28b540ac-241d-462a-a56c-509e92928066:c3840]
2019-08-20 22:34:39,982 | INFO  | DNAudit | user=null | ip=null | op=WRITE_CHUNK {blockData=conID: 3 locID: 102651689693545049 bcsId: 0} | ret=SUCCESS |  
2019-08-20 22:34:39,982 | INFO  | DNAudit | user=null | ip=null | op=PUT_BLOCK {blockData=[blockId=conID: 3 locID: 102651689693545049 bcsId: 0,size=2097152]} | ret=SUCCESS |  
2019-08-20 22:34:39,982 | INFO  | DNAudit | user=null | ip=null | op=WRITE_CHUNK {blockData=conID: 3 locID: 102651689693545049 bcsId: 0} | ret=SUCCESS |  
2019-08-20 22:34:39,983 | INFO  | DNAudit | user=null | ip=null | op=PUT_BLOCK {blockData=[blockId=conID: 3 locID: 102651689693545049 bcsId: 0,size=2097152]} | ret=SUCCESS |  
2019-08-20 22:34:39,989 | INFO  | DNAudit | user=null | ip=null | op=WRITE_CHUNK {blockData=conID: 3 locID: 102651689693545049 bcsId: 3842} | ret=SUCCESS |  
2019-08-20 22:34:39,991 | INFO  | DNAudit | user=null | ip=null | op=WRITE_CHUNK {blockData=conID: 3 locID: 102651689693545049 bcsId: 3842} | ret=SUCCESS |  
2019-08-20 22:34:39,991 | INFO  | DNAudit | user=null | ip=null | op=WRITE_CHUNK {blockData=conID: 3 locID: 102651689693545049 bcsId: 3842} | ret=SUCCESS |  
2019-08-20 22:34:40,001 | INFO  | DNAudit | user=null | ip=null | op=WRITE_CHUNK {blockData=conID: 3 locID: 102651689693545049 bcsId: 3842} | ret=SUCCESS |  
2019-08-20 22:34:40,002 | INFO  | DNAudit | user=null | ip=null | op=PUT_BLOCK {blockData=[blockId=conID: 3 locID: 102651689693545049 bcsId: 0,size=3145728]} | ret=SUCCESS |  
2019-08-20 22:34:40,002 [grpc-default-executor-1] INFO  client.GrpcClientProtocolClient (GrpcClientProtocolClient.java:onNext(255)) - client-391BA870FC40->947ec526-030f-41cc-8af7-a6f75e712ab0: receive RaftClientReply:client-391BA870FC40->947ec526-030f-41cc-8af7-a6f75e712ab0@group-5D45C35602B2, cid=2578, SUCCESS, logIndex=3847, commits[947ec526-030f-41cc-8af7-a6f75e712ab0:c3848, c447b9b6-dde2-4ce7-aa81-d0e2eddc8fe9:c3846, 28b540ac-241d-462a-a56c-509e92928066:c3846]
2019-08-20 22:34:40,002 [grpc-default-executor-1] INFO  client.GrpcClientProtocolClient (GrpcClientProtocolClient.java:onNext(255)) - client-391BA870FC40->947ec526-030f-41cc-8af7-a6f75e712ab0: receive RaftClientReply:client-391BA870FC40->947ec526-030f-41cc-8af7-a6f75e712ab0@group-5D45C35602B2, cid=2579, SUCCESS, logIndex=3848, commits[947ec526-030f-41cc-8af7-a6f75e712ab0:c3848, c447b9b6-dde2-4ce7-aa81-d0e2eddc8fe9:c3846, 28b540ac-241d-462a-a56c-509e92928066:c3846]
2019-08-20 22:34:40,009 | INFO  | DNAudit | user=null | ip=null | op=WRITE_CHUNK {blockData=conID: 3 locID: 102651689693545049 bcsId: 3848} | ret=SUCCESS |  
2019-08-20 22:34:40,010 | INFO  | DNAudit | user=null | ip=null | op=WRITE_CHUNK {blockData=conID: 3 locID: 102651689693545049 bcsId: 3848} | ret=SUCCESS |  
2019-08-20 22:34:40,011 | INFO  | DNAudit | user=null | ip=null | op=WRITE_CHUNK {blockData=conID: 3 locID: 102651689693545049 bcsId: 3848} | ret=SUCCESS |  
2019-08-20 22:34:40,014 | INFO  | DNAudit | user=null | ip=null | op=WRITE_CHUNK {blockData=conID: 3 locID: 102651689693545049 bcsId: 3842} | ret=SUCCESS |  
2019-08-20 22:34:40,014 | INFO  | DNAudit | user=null | ip=null | op=WRITE_CHUNK {blockData=conID: 3 locID: 102651689693545049 bcsId: 3842} | ret=SUCCESS |  
2019-08-20 22:34:40,027 | INFO  | DNAudit | user=null | ip=null | op=PUT_BLOCK {blockData=[blockId=conID: 3 locID: 102651689693545049 bcsId: 0,size=3145728]} | ret=SUCCESS |  
2019-08-20 22:34:40,028 | INFO  | DNAudit | user=null | ip=null | op=WRITE_CHUNK {blockData=conID: 3 locID: 102651689693545049 bcsId: 3848} | ret=SUCCESS |  
2019-08-20 22:34:40,028 | INFO  | DNAudit | user=null | ip=null | op=PUT_BLOCK {blockData=[blockId=conID: 3 locID: 102651689693545049 bcsId: 0,size=3145728]} | ret=SUCCESS |  
2019-08-20 22:34:40,028 | INFO  | DNAudit | user=null | ip=null | op=PUT_BLOCK {blockData=[blockId=conID: 3 locID: 102651689693545049 bcsId: 0,size=4194304]} | ret=SUCCESS |  
2019-08-20 22:34:40,028 [grpc-default-executor-2] INFO  client.GrpcClientProtocolClient (GrpcClientProtocolClient.java:onNext(255)) - client-391BA870FC40->947ec526-030f-41cc-8af7-a6f75e712ab0: receive RaftClientReply:client-391BA870FC40->947ec526-030f-41cc-8af7-a6f75e712ab0@group-5D45C35602B2, cid=2580, SUCCESS, logIndex=3851, commits[947ec526-030f-41cc-8af7-a6f75e712ab0:c3852, c447b9b6-dde2-4ce7-aa81-d0e2eddc8fe9:c3847, 28b540ac-241d-462a-a56c-509e92928066:c3848]
2019-08-20 22:34:40,028 [grpc-default-executor-2] INFO  client.GrpcClientProtocolClient (GrpcClientProtocolClient.java:onNext(255)) - client-391BA870FC40->947ec526-030f-41cc-8af7-a6f75e712ab0: receive RaftClientReply:client-391BA870FC40->947ec526-030f-41cc-8af7-a6f75e712ab0@group-5D45C35602B2, cid=2581, SUCCESS, logIndex=3852, commits[947ec526-030f-41cc-8af7-a6f75e712ab0:c3852, c447b9b6-dde2-4ce7-aa81-d0e2eddc8fe9:c3848, 28b540ac-241d-462a-a56c-509e92928066:c3848]
2019-08-20 22:34:40,041 | INFO  | DNAudit | user=null | ip=null | op=WRITE_CHUNK {blockData=conID: 3 locID: 102651689693545049 bcsId: 3848} | ret=SUCCESS |  
2019-08-20 22:34:40,041 | INFO  | DNAudit | user=null | ip=null | op=WRITE_CHUNK {blockData=conID: 3 locID: 102651689693545049 bcsId: 3848} | ret=SUCCESS |  
2019-08-20 22:34:40,041 | INFO  | DNAudit | user=null | ip=null | op=PUT_BLOCK {blockData=[blockId=conID: 3 locID: 102651689693545049 bcsId: 0,size=4194304]} | ret=SUCCESS |  
2019-08-20 22:34:40,054 | INFO  | DNAudit | user=null | ip=null | op=PUT_BLOCK {blockData=[blockId=conID: 3 locID: 102651689693545049 bcsId: 0,size=4194304]} | ret=SUCCESS |  
2019-08-20 22:34:40,054 [grpc-default-executor-2] INFO  client.GrpcClientProtocolClient (GrpcClientProtocolClient.java:onNext(255)) - client-391BA870FC40->947ec526-030f-41cc-8af7-a6f75e712ab0: receive RaftClientReply:client-391BA870FC40->947ec526-030f-41cc-8af7-a6f75e712ab0@group-5D45C35602B2, cid=2582, SUCCESS, logIndex=0, commits[947ec526-030f-41cc-8af7-a6f75e712ab0:c3853, c447b9b6-dde2-4ce7-aa81-d0e2eddc8fe9:c3852, 28b540ac-241d-462a-a56c-509e92928066:c3852]
2019-08-20 22:34:40,060 | INFO  | SCMAudit | user=jenkins1000 | ip=192.168.5.142 | op=ALLOCATE_BLOCK {owner=6f694d07-2a2f-44d9-8e1c-aaa094a2f647, size=4194304, type=RATIS, factor=THREE} | ret=SUCCESS |  
2019-08-20 22:34:40,064 | INFO  | OMAudit | user=jenkins1000 | ip=127.0.0.1 | op=ALLOCATE_BLOCK {volume=vol-0-80747, bucket=bucket-0-27686, key=key-0-47435, dataSize=0, replicationType=null, replicationFactor=null, keyLocationInfo=null, clientID=102651687805452690} | ret=SUCCESS |  
2019-08-20 22:34:40,072 | INFO  | DNAudit | user=null | ip=null | op=WRITE_CHUNK {blockData=conID: 1 locID: 102651689701212762 bcsId: 0} | ret=SUCCESS |  
2019-08-20 22:34:40,074 | INFO  | DNAudit | user=null | ip=null | op=WRITE_CHUNK {blockData=conID: 1 locID: 102651689701212762 bcsId: 0} | ret=SUCCESS |  
2019-08-20 22:34:40,074 | INFO  | DNAudit | user=null | ip=null | op=WRITE_CHUNK {blockData=conID: 1 locID: 102651689701212762 bcsId: 0} | ret=SUCCESS |  
2019-08-20 22:34:40,075 | INFO  | DNAudit | user=null | ip=null | op=WRITE_CHUNK {blockData=conID: 1 locID: 102651689701212762 bcsId: 0} | ret=SUCCESS |  
2019-08-20 22:34:40,076 | INFO  | DNAudit | user=null | ip=null | op=WRITE_CHUNK {blockData=conID: 1 locID: 102651689701212762 bcsId: 0} | ret=SUCCESS |  
2019-08-20 22:34:40,077 | INFO  | DNAudit | user=null | ip=null | op=WRITE_CHUNK {blockData=conID: 1 locID: 102651689701212762 bcsId: 0} | ret=SUCCESS |  
2019-08-20 22:34:40,084 | INFO  | DNAudit | user=null | ip=null | op=WRITE_CHUNK {blockData=conID: 1 locID: 102651689701212762 bcsId: 0} | ret=SUCCESS |  
2019-08-20 22:34:40,084 | INFO  | DNAudit | user=null | ip=null | op=PUT_BLOCK {blockData=[blockId=conID: 1 locID: 102651689701212762 bcsId: 0,size=1048576]} | ret=SUCCESS |  
2019-08-20 22:34:40,084 [grpc-default-executor-5] INFO  client.GrpcClientProtocolClient (GrpcClientProtocolClient.java:onNext(255)) - client-391BA870FC40->947ec526-030f-41cc-8af7-a6f75e712ab0: receive RaftClientReply:client-391BA870FC40->947ec526-030f-41cc-8af7-a6f75e712ab0@group-5D45C35602B2, cid=2583, SUCCESS, logIndex=3855, commits[947ec526-030f-41cc-8af7-a6f75e712ab0:c3856, c447b9b6-dde2-4ce7-aa81-d0e2eddc8fe9:c3854, 28b540ac-241d-462a-a56c-509e92928066:c3854]
2019-08-20 22:34:40,085 [grpc-default-executor-5] INFO  client.GrpcClientProtocolClient (GrpcClientProtocolClient.java:onNext(255)) - client-391BA870FC40->947ec526-030f-41cc-8af7-a6f75e712ab0: receive RaftClientReply:client-391BA870FC40->947ec526-030f-41cc-8af7-a6f75e712ab0@group-5D45C35602B2, cid=2584, SUCCESS, logIndex=3856, commits[947ec526-030f-41cc-8af7-a6f75e712ab0:c3856, c447b9b6-dde2-4ce7-aa81-d0e2eddc8fe9:c3854, 28b540ac-241d-462a-a56c-509e92928066:c3854]
2019-08-20 22:34:40,092 | INFO  | SCMAudit | user=jenkins1000 | ip=192.168.5.142 | op=SEND_HEARTBEAT {datanodeUUID=d55cd342-4e6c-4701-86f3-cb557f3478dc, command=[]} | ret=SUCCESS |  
2019-08-20 22:34:40,095 | INFO  | DNAudit | user=null | ip=null | op=WRITE_CHUNK {blockData=conID: 1 locID: 102651689701212762 bcsId: 0} | ret=SUCCESS |  
2019-08-20 22:34:40,096 | INFO  | DNAudit | user=null | ip=null | op=PUT_BLOCK {blockData=[blockId=conID: 1 locID: 102651689701212762 bcsId: 0,size=2097152]} | ret=SUCCESS |  
2019-08-20 22:34:40,096 [grpc-default-executor-2] INFO  client.GrpcClientProtocolClient (GrpcClientProtocolClient.java:onNext(255)) - client-391BA870FC40->947ec526-030f-41cc-8af7-a6f75e712ab0: receive RaftClientReply:client-391BA870FC40->947ec526-030f-41cc-8af7-a6f75e712ab0@group-5D45C35602B2, cid=2585, SUCCESS, logIndex=3857, commits[947ec526-030f-41cc-8af7-a6f75e712ab0:c3858, c447b9b6-dde2-4ce7-aa81-d0e2eddc8fe9:c3854, 28b540ac-241d-462a-a56c-509e92928066:c3854]
2019-08-20 22:34:40,096 | INFO  | DNAudit | user=null | ip=null | op=WRITE_CHUNK {blockData=conID: 1 locID: 102651689701212762 bcsId: 0} | ret=SUCCESS |  
2019-08-20 22:34:40,096 [grpc-default-executor-5] INFO  client.GrpcClientProtocolClient (GrpcClientProtocolClient.java:onNext(255)) - client-391BA870FC40->947ec526-030f-41cc-8af7-a6f75e712ab0: receive RaftClientReply:client-391BA870FC40->947ec526-030f-41cc-8af7-a6f75e712ab0@group-5D45C35602B2, cid=2586, SUCCESS, logIndex=3858, commits[947ec526-030f-41cc-8af7-a6f75e712ab0:c3858, c447b9b6-dde2-4ce7-aa81-d0e2eddc8fe9:c3854, 28b540ac-241d-462a-a56c-509e92928066:c3854]
2019-08-20 22:34:40,096 | INFO  | DNAudit | user=null | ip=null | op=PUT_BLOCK {blockData=[blockId=conID: 1 locID: 102651689701212762 bcsId: 0,size=1048576]} | ret=SUCCESS |  
2019-08-20 22:34:40,099 | INFO  | DNAudit | user=null | ip=null | op=WRITE_CHUNK {blockData=conID: 1 locID: 102651689701212762 bcsId: 0} | ret=SUCCESS |  
2019-08-20 22:34:40,099 [grpc-default-executor-5] INFO  client.GrpcClientProtocolClient (GrpcClientProtocolClient.java:onNext(255)) - client-391BA870FC40->947ec526-030f-41cc-8af7-a6f75e712ab0: receive RaftClientReply:client-391BA870FC40->947ec526-030f-41cc-8af7-a6f75e712ab0@group-5D45C35602B2, cid=2587, SUCCESS, logIndex=0, commits[947ec526-030f-41cc-8af7-a6f75e712ab0:c3860, c447b9b6-dde2-4ce7-aa81-d0e2eddc8fe9:c3856, 28b540ac-241d-462a-a56c-509e92928066:c3856]
2019-08-20 22:34:40,099 | INFO  | DNAudit | user=null | ip=null | op=PUT_BLOCK {blockData=[blockId=conID: 1 locID: 102651689701212762 bcsId: 0,size=1048576]} | ret=SUCCESS |  
 0.00% |█                                                                                                    |  0/1 Time: 0:00:292019-08-20 22:34:40,221 | INFO  | SCMAudit | user=jenkins1000 | ip=192.168.5.142 | op=SEND_HEARTBEAT {datanodeUUID=eafd9314-3f13-422a-a2ac-adfcde2d7481, command=[]} | ret=SUCCESS |  
2019-08-20 22:34:40,221 | INFO  | SCMAudit | user=jenkins1000 | ip=192.168.5.142 | op=SEND_HEARTBEAT {datanodeUUID=28b540ac-241d-462a-a56c-509e92928066, command=[]} | ret=SUCCESS |  
2019-08-20 22:34:40,221 | INFO  | SCMAudit | user=jenkins1000 | ip=192.168.5.142 | op=SEND_HEARTBEAT {datanodeUUID=947ec526-030f-41cc-8af7-a6f75e712ab0, command=[]} | ret=SUCCESS |  
2019-08-20 22:34:40,221 | INFO  | SCMAudit | user=jenkins1000 | ip=192.168.5.142 | op=SEND_HEARTBEAT {datanodeUUID=c447b9b6-dde2-4ce7-aa81-d0e2eddc8fe9, command=[]} | ret=SUCCESS |  
2019-08-20 22:34:40,221 | INFO  | DNAudit | user=null | ip=null | op=WRITE_CHUNK {blockData=conID: 1 locID: 102651689701212762 bcsId: 0} | ret=SUCCESS |  
2019-08-20 22:34:40,222 | INFO  | DNAudit | user=null | ip=null | op=PUT_BLOCK {blockData=[blockId=conID: 1 locID: 102651689701212762 bcsId: 0,size=2097152]} | ret=SUCCESS |  
2019-08-20 22:34:40,222 | INFO  | DNAudit | user=null | ip=null | op=WRITE_CHUNK {blockData=conID: 1 locID: 102651689701212762 bcsId: 3858} | ret=SUCCESS |  
2019-08-20 22:34:40,222 | INFO  | DNAudit | user=null | ip=null | op=WRITE_CHUNK {blockData=conID: 1 locID: 102651689701212762 bcsId: 0} | ret=SUCCESS |  
2019-08-20 22:34:40,223 | INFO  | DNAudit | user=null | ip=null | op=PUT_BLOCK {blockData=[blockId=conID: 1 locID: 102651689701212762 bcsId: 0,size=2097152]} | ret=SUCCESS |  
2019-08-20 22:34:40,224 | INFO  | DNAudit | user=null | ip=null | op=WRITE_CHUNK {blockData=conID: 1 locID: 102651689701212762 bcsId: 3858} | ret=SUCCESS |  
2019-08-20 22:34:40,225 | INFO  | DNAudit | user=null | ip=null | op=WRITE_CHUNK {blockData=conID: 1 locID: 102651689701212762 bcsId: 3858} | ret=SUCCESS |  
2019-08-20 22:34:40,235 | INFO  | DNAudit | user=null | ip=null | op=WRITE_CHUNK {blockData=conID: 1 locID: 102651689701212762 bcsId: 3858} | ret=SUCCESS |  
2019-08-20 22:34:40,235 | INFO  | DNAudit | user=null | ip=null | op=PUT_BLOCK {blockData=[blockId=conID: 1 locID: 102651689701212762 bcsId: 0,size=3145728]} | ret=SUCCESS |  
2019-08-20 22:34:40,235 [grpc-default-executor-5] INFO  client.GrpcClientProtocolClient (GrpcClientProtocolClient.java:onNext(255)) - client-391BA870FC40->947ec526-030f-41cc-8af7-a6f75e712ab0: receive RaftClientReply:client-391BA870FC40->947ec526-030f-41cc-8af7-a6f75e712ab0@group-5D45C35602B2, cid=2588, SUCCESS, logIndex=3863, commits[947ec526-030f-41cc-8af7-a6f75e712ab0:c3864, c447b9b6-dde2-4ce7-aa81-d0e2eddc8fe9:c3860, 28b540ac-241d-462a-a56c-509e92928066:c3860]
2019-08-20 22:34:40,236 [grpc-default-executor-5] INFO  client.GrpcClientProtocolClient (GrpcClientProtocolClient.java:onNext(255)) - client-391BA870FC40->947ec526-030f-41cc-8af7-a6f75e712ab0: receive RaftClientReply:client-391BA870FC40->947ec526-030f-41cc-8af7-a6f75e712ab0@group-5D45C35602B2, cid=2589, SUCCESS, logIndex=3864, commits[947ec526-030f-41cc-8af7-a6f75e712ab0:c3864, c447b9b6-dde2-4ce7-aa81-d0e2eddc8fe9:c3860, 28b540ac-241d-462a-a56c-509e92928066:c3860]
2019-08-20 22:34:40,243 | INFO  | DNAudit | user=null | ip=null | op=WRITE_CHUNK {blockData=conID: 1 locID: 102651689701212762 bcsId: 3864} | ret=SUCCESS |  
2019-08-20 22:34:40,245 | INFO  | DNAudit | user=null | ip=null | op=WRITE_CHUNK {blockData=conID: 1 locID: 102651689701212762 bcsId: 3864} | ret=SUCCESS |  
2019-08-20 22:34:40,245 | INFO  | DNAudit | user=null | ip=null | op=WRITE_CHUNK {blockData=conID: 1 locID: 102651689701212762 bcsId: 3864} | ret=SUCCESS |  
2019-08-20 22:34:40,248 | INFO  | DNAudit | user=null | ip=null | op=WRITE_CHUNK {blockData=conID: 1 locID: 102651689701212762 bcsId: 3858} | ret=SUCCESS |  
2019-08-20 22:34:40,248 | INFO  | DNAudit | user=null | ip=null | op=WRITE_CHUNK {blockData=conID: 1 locID: 102651689701212762 bcsId: 3858} | ret=SUCCESS |  
2019-08-20 22:34:40,261 | INFO  | DNAudit | user=null | ip=null | op=PUT_BLOCK {blockData=[blockId=conID: 1 locID: 102651689701212762 bcsId: 0,size=3145728]} | ret=SUCCESS |  
2019-08-20 22:34:40,261 | INFO  | DNAudit | user=null | ip=null | op=PUT_BLOCK {blockData=[blockId=conID: 1 locID: 102651689701212762 bcsId: 0,size=3145728]} | ret=SUCCESS |  
2019-08-20 22:34:40,261 | INFO  | DNAudit | user=null | ip=null | op=WRITE_CHUNK {blockData=conID: 1 locID: 102651689701212762 bcsId: 3864} | ret=SUCCESS |  
2019-08-20 22:34:40,262 | INFO  | DNAudit | user=null | ip=null | op=PUT_BLOCK {blockData=[blockId=conID: 1 locID: 102651689701212762 bcsId: 0,size=4194304]} | ret=SUCCESS |  
2019-08-20 22:34:40,262 [grpc-default-executor-3] INFO  client.GrpcClientProtocolClient (GrpcClientProtocolClient.java:onNext(255)) - client-391BA870FC40->947ec526-030f-41cc-8af7-a6f75e712ab0: receive RaftClientReply:client-391BA870FC40->947ec526-030f-41cc-8af7-a6f75e712ab0@group-5D45C35602B2, cid=2590, SUCCESS, logIndex=3867, commits[947ec526-030f-41cc-8af7-a6f75e712ab0:c3868, c447b9b6-dde2-4ce7-aa81-d0e2eddc8fe9:c3864, 28b540ac-241d-462a-a56c-509e92928066:c3864]
2019-08-20 22:34:40,262 [grpc-default-executor-3] INFO  client.GrpcClientProtocolClient (GrpcClientProtocolClient.java:onNext(255)) - client-391BA870FC40->947ec526-030f-41cc-8af7-a6f75e712ab0: receive RaftClientReply:client-391BA870FC40->947ec526-030f-41cc-8af7-a6f75e712ab0@group-5D45C35602B2, cid=2591, SUCCESS, logIndex=3868, commits[947ec526-030f-41cc-8af7-a6f75e712ab0:c3868, c447b9b6-dde2-4ce7-aa81-d0e2eddc8fe9:c3864, 28b540ac-241d-462a-a56c-509e92928066:c3864]
2019-08-20 22:34:40,274 | INFO  | DNAudit | user=null | ip=null | op=WRITE_CHUNK {blockData=conID: 1 locID: 102651689701212762 bcsId: 3864} | ret=SUCCESS |  
2019-08-20 22:34:40,274 | INFO  | DNAudit | user=null | ip=null | op=WRITE_CHUNK {blockData=conID: 1 locID: 102651689701212762 bcsId: 3864} | ret=SUCCESS |  
2019-08-20 22:34:40,288 | INFO  | DNAudit | user=null | ip=null | op=PUT_BLOCK {blockData=[blockId=conID: 1 locID: 102651689701212762 bcsId: 0,size=4194304]} | ret=SUCCESS |  
2019-08-20 22:34:40,288 | INFO  | DNAudit | user=null | ip=null | op=PUT_BLOCK {blockData=[blockId=conID: 1 locID: 102651689701212762 bcsId: 0,size=4194304]} | ret=SUCCESS |  
2019-08-20 22:34:40,288 [grpc-default-executor-3] INFO  client.GrpcClientProtocolClient (GrpcClientProtocolClient.java:onNext(255)) - client-391BA870FC40->947ec526-030f-41cc-8af7-a6f75e712ab0: receive RaftClientReply:client-391BA870FC40->947ec526-030f-41cc-8af7-a6f75e712ab0@group-5D45C35602B2, cid=2592, SUCCESS, logIndex=0, commits[947ec526-030f-41cc-8af7-a6f75e712ab0:c3870, c447b9b6-dde2-4ce7-aa81-d0e2eddc8fe9:c3868, 28b540ac-241d-462a-a56c-509e92928066:c3868]
2019-08-20 22:34:40,294 | INFO  | SCMAudit | user=jenkins1000 | ip=192.168.5.142 | op=ALLOCATE_BLOCK {owner=6f694d07-2a2f-44d9-8e1c-aaa094a2f647, size=4194304, type=RATIS, factor=THREE} | ret=SUCCESS |  
2019-08-20 22:34:40,298 | INFO  | OMAudit | user=jenkins1000 | ip=127.0.0.1 | op=ALLOCATE_BLOCK {volume=vol-0-80747, bucket=bucket-0-27686, key=key-0-47435, dataSize=0, replicationType=null, replicationFactor=null, keyLocationInfo=null, clientID=102651687805452690} | ret=SUCCESS |  
2019-08-20 22:34:40,306 | INFO  | DNAudit | user=null | ip=null | op=WRITE_CHUNK {blockData=conID: 2 locID: 102651689716548187 bcsId: 0} | ret=SUCCESS |  
2019-08-20 22:34:40,309 | INFO  | DNAudit | user=null | ip=null | op=WRITE_CHUNK {blockData=conID: 2 locID: 102651689716548187 bcsId: 0} | ret=SUCCESS |  
2019-08-20 22:34:40,309 | INFO  | DNAudit | user=null | ip=null | op=WRITE_CHUNK {blockData=conID: 2 locID: 102651689716548187 bcsId: 0} | ret=SUCCESS |  
2019-08-20 22:34:40,310 | INFO  | DNAudit | user=null | ip=null | op=WRITE_CHUNK {blockData=conID: 2 locID: 102651689716548187 bcsId: 0} | ret=SUCCESS |  
2019-08-20 22:34:40,312 | INFO  | DNAudit | user=null | ip=null | op=WRITE_CHUNK {blockData=conID: 2 locID: 102651689716548187 bcsId: 0} | ret=SUCCESS |  
2019-08-20 22:34:40,312 | INFO  | DNAudit | user=null | ip=null | op=WRITE_CHUNK {blockData=conID: 2 locID: 102651689716548187 bcsId: 0} | ret=SUCCESS |  
2019-08-20 22:34:40,318 | INFO  | DNAudit | user=null | ip=null | op=WRITE_CHUNK {blockData=conID: 2 locID: 102651689716548187 bcsId: 0} | ret=SUCCESS |  
2019-08-20 22:34:40,319 | INFO  | DNAudit | user=null | ip=null | op=PUT_BLOCK {blockData=[blockId=conID: 2 locID: 102651689716548187 bcsId: 0,size=1048576]} | ret=SUCCESS |  
2019-08-20 22:34:40,319 [grpc-default-executor-3] INFO  client.GrpcClientProtocolClient (GrpcClientProtocolClient.java:onNext(255)) - client-391BA870FC40->947ec526-030f-41cc-8af7-a6f75e712ab0: receive RaftClientReply:client-391BA870FC40->947ec526-030f-41cc-8af7-a6f75e712ab0@group-5D45C35602B2, cid=2593, SUCCESS, logIndex=3871, commits[947ec526-030f-41cc-8af7-a6f75e712ab0:c3872, c447b9b6-dde2-4ce7-aa81-d0e2eddc8fe9:c3870, 28b540ac-241d-462a-a56c-509e92928066:c3870]
2019-08-20 22:34:40,320 | INFO  | DNAudit | user=null | ip=null | op=WRITE_CHUNK {blockData=conID: 2 locID: 102651689716548187 bcsId: 0} | ret=SUCCESS |  
2019-08-20 22:34:40,320 [grpc-default-executor-3] INFO  client.GrpcClientProtocolClient (GrpcClientProtocolClient.java:onNext(255)) - client-391BA870FC40->947ec526-030f-41cc-8af7-a6f75e712ab0: receive RaftClientReply:client-391BA870FC40->947ec526-030f-41cc-8af7-a6f75e712ab0@group-5D45C35602B2, cid=2594, SUCCESS, logIndex=3872, commits[947ec526-030f-41cc-8af7-a6f75e712ab0:c3872, c447b9b6-dde2-4ce7-aa81-d0e2eddc8fe9:c3870, 28b540ac-241d-462a-a56c-509e92928066:c3870]
2019-08-20 22:34:40,320 | INFO  | DNAudit | user=null | ip=null | op=PUT_BLOCK {blockData=[blockId=conID: 2 locID: 102651689716548187 bcsId: 0,size=2097152]} | ret=SUCCESS |  
2019-08-20 22:34:40,320 [grpc-default-executor-1] INFO  client.GrpcClientProtocolClient (GrpcClientProtocolClient.java:onNext(255)) - client-391BA870FC40->947ec526-030f-41cc-8af7-a6f75e712ab0: receive RaftClientReply:client-391BA870FC40->947ec526-030f-41cc-8af7-a6f75e712ab0@group-5D45C35602B2, cid=2595, SUCCESS, logIndex=3873, commits[947ec526-030f-41cc-8af7-a6f75e712ab0:c3874, c447b9b6-dde2-4ce7-aa81-d0e2eddc8fe9:c3870, 28b540ac-241d-462a-a56c-509e92928066:c3870]
2019-08-20 22:34:40,321 [grpc-default-executor-1] INFO  client.GrpcClientProtocolClient (GrpcClientProtocolClient.java:onNext(255)) - client-391BA870FC40->947ec526-030f-41cc-8af7-a6f75e712ab0: receive RaftClientReply:client-391BA870FC40->947ec526-030f-41cc-8af7-a6f75e712ab0@group-5D45C35602B2, cid=2596, SUCCESS, logIndex=3874, commits[947ec526-030f-41cc-8af7-a6f75e712ab0:c3874, c447b9b6-dde2-4ce7-aa81-d0e2eddc8fe9:c3870, 28b540ac-241d-462a-a56c-509e92928066:c3870]
2019-08-20 22:34:40,332 | INFO  | DNAudit | user=null | ip=null | op=WRITE_CHUNK {blockData=conID: 2 locID: 102651689716548187 bcsId: 0} | ret=SUCCESS |  
2019-08-20 22:34:40,333 | INFO  | DNAudit | user=null | ip=null | op=PUT_BLOCK {blockData=[blockId=conID: 2 locID: 102651689716548187 bcsId: 0,size=1048576]} | ret=SUCCESS |  
2019-08-20 22:34:40,334 | INFO  | DNAudit | user=null | ip=null | op=WRITE_CHUNK {blockData=conID: 2 locID: 102651689716548187 bcsId: 0} | ret=SUCCESS |  
2019-08-20 22:34:40,335 | INFO  | DNAudit | user=null | ip=null | op=PUT_BLOCK {blockData=[blockId=conID: 2 locID: 102651689716548187 bcsId: 0,size=1048576]} | ret=SUCCESS |  
2019-08-20 22:34:40,335 | INFO  | DNAudit | user=null | ip=null | op=WRITE_CHUNK {blockData=conID: 2 locID: 102651689716548187 bcsId: 0} | ret=SUCCESS |  
2019-08-20 22:34:40,335 [grpc-default-executor-3] INFO  client.GrpcClientProtocolClient (GrpcClientProtocolClient.java:onNext(255)) - client-391BA870FC40->947ec526-030f-41cc-8af7-a6f75e712ab0: receive RaftClientReply:client-391BA870FC40->947ec526-030f-41cc-8af7-a6f75e712ab0@group-5D45C35602B2, cid=2597, SUCCESS, logIndex=0, commits[947ec526-030f-41cc-8af7-a6f75e712ab0:c3876, c447b9b6-dde2-4ce7-aa81-d0e2eddc8fe9:c3872, 28b540ac-241d-462a-a56c-509e92928066:c3872]
2019-08-20 22:34:40,335 | INFO  | DNAudit | user=null | ip=null | op=PUT_BLOCK {blockData=[blockId=conID: 2 locID: 102651689716548187 bcsId: 0,size=2097152]} | ret=SUCCESS |  
2019-08-20 22:34:40,341 | INFO  | DNAudit | user=null | ip=null | op=WRITE_CHUNK {blockData=conID: 2 locID: 102651689716548187 bcsId: 3874} | ret=SUCCESS |  
2019-08-20 22:34:40,344 | INFO  | DNAudit | user=null | ip=null | op=WRITE_CHUNK {blockData=conID: 2 locID: 102651689716548187 bcsId: 3874} | ret=SUCCESS |  
2019-08-20 22:34:40,344 | INFO  | DNAudit | user=null | ip=null | op=WRITE_CHUNK {blockData=conID: 2 locID: 102651689716548187 bcsId: 3874} | ret=SUCCESS |  
2019-08-20 22:34:40,346 | INFO  | DNAudit | user=null | ip=null | op=WRITE_CHUNK {blockData=conID: 2 locID: 102651689716548187 bcsId: 0} | ret=SUCCESS |  
2019-08-20 22:34:40,346 | INFO  | DNAudit | user=null | ip=null | op=PUT_BLOCK {blockData=[blockId=conID: 2 locID: 102651689716548187 bcsId: 0,size=2097152]} | ret=SUCCESS |  
2019-08-20 22:34:40,348 | INFO  | DNAudit | user=null | ip=null | op=WRITE_CHUNK {blockData=conID: 2 locID: 102651689716548187 bcsId: 3874} | ret=SUCCESS |  
2019-08-20 22:34:40,349 | INFO  | DNAudit | user=null | ip=null | op=PUT_BLOCK {blockData=[blockId=conID: 2 locID: 102651689716548187 bcsId: 0,size=3145728]} | ret=SUCCESS |  
2019-08-20 22:34:40,349 [grpc-default-executor-5] INFO  client.GrpcClientProtocolClient (GrpcClientProtocolClient.java:onNext(255)) - client-391BA870FC40->947ec526-030f-41cc-8af7-a6f75e712ab0: receive RaftClientReply:client-391BA870FC40->947ec526-030f-41cc-8af7-a6f75e712ab0@group-5D45C35602B2, cid=2598, SUCCESS, logIndex=3879, commits[947ec526-030f-41cc-8af7-a6f75e712ab0:c3880, c447b9b6-dde2-4ce7-aa81-d0e2eddc8fe9:c3874, 28b540ac-241d-462a-a56c-509e92928066:c3878]
2019-08-20 22:34:40,349 [grpc-default-executor-5] INFO  client.GrpcClientProtocolClient (GrpcClientProtocolClient.java:onNext(255)) - client-391BA870FC40->947ec526-030f-41cc-8af7-a6f75e712ab0: receive RaftClientReply:client-391BA870FC40->947ec526-030f-41cc-8af7-a6f75e712ab0@group-5D45C35602B2, cid=2599, SUCCESS, logIndex=3880, commits[947ec526-030f-41cc-8af7-a6f75e712ab0:c3880, c447b9b6-dde2-4ce7-aa81-d0e2eddc8fe9:c3874, 28b540ac-241d-462a-a56c-509e92928066:c3878]
2019-08-20 22:34:40,355 | INFO  | DNAudit | user=null | ip=null | op=WRITE_CHUNK {blockData=conID: 2 locID: 102651689716548187 bcsId: 3880} | ret=SUCCESS |  
2019-08-20 22:34:40,357 | INFO  | DNAudit | user=null | ip=null | op=WRITE_CHUNK {blockData=conID: 2 locID: 102651689716548187 bcsId: 3880} | ret=SUCCESS |  
2019-08-20 22:34:40,357 | INFO  | DNAudit | user=null | ip=null | op=WRITE_CHUNK {blockData=conID: 2 locID: 102651689716548187 bcsId: 3880} | ret=SUCCESS |  
2019-08-20 22:34:40,359 | INFO  | DNAudit | user=null | ip=null | op=WRITE_CHUNK {blockData=conID: 2 locID: 102651689716548187 bcsId: 3874} | ret=SUCCESS |  
2019-08-20 22:34:40,359 | INFO  | DNAudit | user=null | ip=null | op=PUT_BLOCK {blockData=[blockId=conID: 2 locID: 102651689716548187 bcsId: 0,size=3145728]} | ret=SUCCESS |  
2019-08-20 22:34:40,360 | INFO  | DNAudit | user=null | ip=null | op=WRITE_CHUNK {blockData=conID: 2 locID: 102651689716548187 bcsId: 3874} | ret=SUCCESS |  
2019-08-20 22:34:40,360 | INFO  | DNAudit | user=null | ip=null | op=PUT_BLOCK {blockData=[blockId=conID: 2 locID: 102651689716548187 bcsId: 0,size=3145728]} | ret=SUCCESS |  
2019-08-20 22:34:40,360 | INFO  | DNAudit | user=null | ip=null | op=WRITE_CHUNK {blockData=conID: 2 locID: 102651689716548187 bcsId: 3880} | ret=SUCCESS |  
2019-08-20 22:34:40,360 | INFO  | DNAudit | user=null | ip=null | op=PUT_BLOCK {blockData=[blockId=conID: 2 locID: 102651689716548187 bcsId: 0,size=4194304]} | ret=SUCCESS |  
2019-08-20 22:34:40,361 [grpc-default-executor-3] INFO  client.GrpcClientProtocolClient (GrpcClientProtocolClient.java:onNext(255)) - client-391BA870FC40->947ec526-030f-41cc-8af7-a6f75e712ab0: receive RaftClientReply:client-391BA870FC40->947ec526-030f-41cc-8af7-a6f75e712ab0@group-5D45C35602B2, cid=2600, SUCCESS, logIndex=3883, commits[947ec526-030f-41cc-8af7-a6f75e712ab0:c3884, c447b9b6-dde2-4ce7-aa81-d0e2eddc8fe9:c3880, 28b540ac-241d-462a-a56c-509e92928066:c3880]
2019-08-20 22:34:40,361 [grpc-default-executor-3] INFO  client.GrpcClientProtocolClient (GrpcClientProtocolClient.java:onNext(255)) - client-391BA870FC40->947ec526-030f-41cc-8af7-a6f75e712ab0: receive RaftClientReply:client-391BA870FC40->947ec526-030f-41cc-8af7-a6f75e712ab0@group-5D45C35602B2, cid=2601, SUCCESS, logIndex=3884, commits[947ec526-030f-41cc-8af7-a6f75e712ab0:c3884, c447b9b6-dde2-4ce7-aa81-d0e2eddc8fe9:c3880, 28b540ac-241d-462a-a56c-509e92928066:c3880]
2019-08-20 22:34:40,370 | INFO  | DNAudit | user=null | ip=null | op=WRITE_CHUNK {blockData=conID: 2 locID: 102651689716548187 bcsId: 3880} | ret=SUCCESS |  
2019-08-20 22:34:40,370 | INFO  | DNAudit | user=null | ip=null | op=WRITE_CHUNK {blockData=conID: 2 locID: 102651689716548187 bcsId: 3880} | ret=SUCCESS |  
2019-08-20 22:34:40,371 | INFO  | DNAudit | user=null | ip=null | op=PUT_BLOCK {blockData=[blockId=conID: 2 locID: 102651689716548187 bcsId: 0,size=4194304]} | ret=SUCCESS |  
2019-08-20 22:34:40,371 | INFO  | DNAudit | user=null | ip=null | op=PUT_BLOCK {blockData=[blockId=conID: 2 locID: 102651689716548187 bcsId: 0,size=4194304]} | ret=SUCCESS |  
2019-08-20 22:34:40,371 [grpc-default-executor-1] INFO  client.GrpcClientProtocolClient (GrpcClientProtocolClient.java:onNext(255)) - client-391BA870FC40->947ec526-030f-41cc-8af7-a6f75e712ab0: receive RaftClientReply:client-391BA870FC40->947ec526-030f-41cc-8af7-a6f75e712ab0@group-5D45C35602B2, cid=2602, SUCCESS, logIndex=0, commits[947ec526-030f-41cc-8af7-a6f75e712ab0:c3885, c447b9b6-dde2-4ce7-aa81-d0e2eddc8fe9:c3884, 28b540ac-241d-462a-a56c-509e92928066:c3884]
2019-08-20 22:34:40,377 | INFO  | SCMAudit | user=jenkins1000 | ip=192.168.5.142 | op=ALLOCATE_BLOCK {owner=6f694d07-2a2f-44d9-8e1c-aaa094a2f647, size=4194304, type=RATIS, factor=THREE} | ret=SUCCESS |  
2019-08-20 22:34:40,380 | INFO  | OMAudit | user=jenkins1000 | ip=127.0.0.1 | op=ALLOCATE_BLOCK {volume=vol-0-80747, bucket=bucket-0-27686, key=key-0-47435, dataSize=0, replicationType=null, replicationFactor=null, keyLocationInfo=null, clientID=102651687805452690} | ret=SUCCESS |  
2019-08-20 22:34:40,386 | INFO  | DNAudit | user=null | ip=null | op=WRITE_CHUNK {blockData=conID: 3 locID: 102651689721922140 bcsId: 0} | ret=SUCCESS |  
2019-08-20 22:34:40,389 | INFO  | DNAudit | user=null | ip=null | op=WRITE_CHUNK {blockData=conID: 3 locID: 102651689721922140 bcsId: 0} | ret=SUCCESS |  
2019-08-20 22:34:40,389 | INFO  | DNAudit | user=null | ip=null | op=WRITE_CHUNK {blockData=conID: 3 locID: 102651689721922140 bcsId: 0} | ret=SUCCESS |  
2019-08-20 22:34:40,389 | INFO  | DNAudit | user=null | ip=null | op=WRITE_CHUNK {blockData=conID: 3 locID: 102651689721922140 bcsId: 0} | ret=SUCCESS |  
2019-08-20 22:34:40,390 | INFO  | DNAudit | user=null | ip=null | op=WRITE_CHUNK {blockData=conID: 3 locID: 102651689721922140 bcsId: 0} | ret=SUCCESS |  
2019-08-20 22:34:40,391 | INFO  | DNAudit | user=null | ip=null | op=WRITE_CHUNK {blockData=conID: 3 locID: 102651689721922140 bcsId: 0} | ret=SUCCESS |  
2019-08-20 22:34:40,413 | INFO  | DNAudit | user=null | ip=null | op=WRITE_CHUNK {blockData=conID: 3 locID: 102651689721922140 bcsId: 0} | ret=SUCCESS |  
2019-08-20 22:34:40,414 | INFO  | DNAudit | user=null | ip=null | op=PUT_BLOCK {blockData=[blockId=conID: 3 locID: 102651689721922140 bcsId: 0,size=1048576]} | ret=SUCCESS |  
2019-08-20 22:34:40,414 [grpc-default-executor-1] INFO  client.GrpcClientProtocolClient (GrpcClientProtocolClient.java:onNext(255)) - client-391BA870FC40->947ec526-030f-41cc-8af7-a6f75e712ab0: receive RaftClientReply:client-391BA870FC40->947ec526-030f-41cc-8af7-a6f75e712ab0@group-5D45C35602B2, cid=2603, SUCCESS, logIndex=3887, commits[947ec526-030f-41cc-8af7-a6f75e712ab0:c3888, c447b9b6-dde2-4ce7-aa81-d0e2eddc8fe9:c3886, 28b540ac-241d-462a-a56c-509e92928066:c3886]
2019-08-20 22:34:40,414 | INFO  | DNAudit | user=null | ip=null | op=WRITE_CHUNK {blockData=conID: 3 locID: 102651689721922140 bcsId: 0} | ret=SUCCESS |  
2019-08-20 22:34:40,414 [grpc-default-executor-1] INFO  client.GrpcClientProtocolClient (GrpcClientProtocolClient.java:onNext(255)) - client-391BA870FC40->947ec526-030f-41cc-8af7-a6f75e712ab0: receive RaftClientReply:client-391BA870FC40->947ec526-030f-41cc-8af7-a6f75e712ab0@group-5D45C35602B2, cid=2604, SUCCESS, logIndex=3888, commits[947ec526-030f-41cc-8af7-a6f75e712ab0:c3890, c447b9b6-dde2-4ce7-aa81-d0e2eddc8fe9:c3886, 28b540ac-241d-462a-a56c-509e92928066:c3886]
2019-08-20 22:34:40,414 | INFO  | DNAudit | user=null | ip=null | op=PUT_BLOCK {blockData=[blockId=conID: 3 locID: 102651689721922140 bcsId: 0,size=2097152]} | ret=SUCCESS |  
2019-08-20 22:34:40,415 [grpc-default-executor-1] INFO  client.GrpcClientProtocolClient (GrpcClientProtocolClient.java:onNext(255)) - client-391BA870FC40->947ec526-030f-41cc-8af7-a6f75e712ab0: receive RaftClientReply:client-391BA870FC40->947ec526-030f-41cc-8af7-a6f75e712ab0@group-5D45C35602B2, cid=2605, SUCCESS, logIndex=3889, commits[947ec526-030f-41cc-8af7-a6f75e712ab0:c3890, c447b9b6-dde2-4ce7-aa81-d0e2eddc8fe9:c3886, 28b540ac-241d-462a-a56c-509e92928066:c3886]
2019-08-20 22:34:40,415 [grpc-default-executor-1] INFO  client.GrpcClientProtocolClient (GrpcClientProtocolClient.java:onNext(255)) - client-391BA870FC40->947ec526-030f-41cc-8af7-a6f75e712ab0: receive RaftClientReply:client-391BA870FC40->947ec526-030f-41cc-8af7-a6f75e712ab0@group-5D45C35602B2, cid=2606, SUCCESS, logIndex=3890, commits[947ec526-030f-41cc-8af7-a6f75e712ab0:c3890, c447b9b6-dde2-4ce7-aa81-d0e2eddc8fe9:c3886, 28b540ac-241d-462a-a56c-509e92928066:c3886]
2019-08-20 22:34:40,424 | INFO  | DNAudit | user=null | ip=null | op=WRITE_CHUNK {blockData=conID: 3 locID: 102651689721922140 bcsId: 0} | ret=SUCCESS |  
2019-08-20 22:34:40,425 | INFO  | DNAudit | user=null | ip=null | op=WRITE_CHUNK {blockData=conID: 3 locID: 102651689721922140 bcsId: 0} | ret=SUCCESS |  
2019-08-20 22:34:40,425 | INFO  | DNAudit | user=null | ip=null | op=PUT_BLOCK {blockData=[blockId=conID: 3 locID: 102651689721922140 bcsId: 0,size=1048576]} | ret=SUCCESS |  
2019-08-20 22:34:40,425 | INFO  | DNAudit | user=null | ip=null | op=WRITE_CHUNK {blockData=conID: 3 locID: 102651689721922140 bcsId: 0} | ret=SUCCESS |  
2019-08-20 22:34:40,425 | INFO  | DNAudit | user=null | ip=null | op=PUT_BLOCK {blockData=[blockId=conID: 3 locID: 102651689721922140 bcsId: 0,size=2097152]} | ret=SUCCESS |  
2019-08-20 22:34:40,427 | INFO  | DNAudit | user=null | ip=null | op=PUT_BLOCK {blockData=[blockId=conID: 3 locID: 102651689721922140 bcsId: 0,size=1048576]} | ret=SUCCESS |  
2019-08-20 22:34:40,427 | INFO  | DNAudit | user=null | ip=null | op=WRITE_CHUNK {blockData=conID: 3 locID: 102651689721922140 bcsId: 0} | ret=SUCCESS |  
2019-08-20 22:34:40,427 | INFO  | DNAudit | user=null | ip=null | op=PUT_BLOCK {blockData=[blockId=conID: 3 locID: 102651689721922140 bcsId: 0,size=2097152]} | ret=SUCCESS |  
2019-08-20 22:34:40,427 [grpc-default-executor-1] INFO  client.GrpcClientProtocolClient (GrpcClientProtocolClient.java:onNext(255)) - client-391BA870FC40->947ec526-030f-41cc-8af7-a6f75e712ab0: receive RaftClientReply:client-391BA870FC40->947ec526-030f-41cc-8af7-a6f75e712ab0@group-5D45C35602B2, cid=2607, SUCCESS, logIndex=0, commits[947ec526-030f-41cc-8af7-a6f75e712ab0:c3894, c447b9b6-dde2-4ce7-aa81-d0e2eddc8fe9:c3890, 28b540ac-241d-462a-a56c-509e92928066:c3888]
2019-08-20 22:34:40,435 | INFO  | DNAudit | user=null | ip=null | op=WRITE_CHUNK {blockData=conID: 3 locID: 102651689721922140 bcsId: 3890} | ret=SUCCESS |  
2019-08-20 22:34:40,438 | INFO  | DNAudit | user=null | ip=null | op=WRITE_CHUNK {blockData=conID: 3 locID: 102651689721922140 bcsId: 3890} | ret=SUCCESS |  
2019-08-20 22:34:40,438 | INFO  | DNAudit | user=null | ip=null | op=WRITE_CHUNK {blockData=conID: 3 locID: 102651689721922140 bcsId: 3890} | ret=SUCCESS |  
2019-08-20 22:34:40,448 | INFO  | DNAudit | user=null | ip=null | op=WRITE_CHUNK {blockData=conID: 3 locID: 102651689721922140 bcsId: 3890} | ret=SUCCESS |  
2019-08-20 22:34:40,448 | INFO  | DNAudit | user=null | ip=null | op=PUT_BLOCK {blockData=[blockId=conID: 3 locID: 102651689721922140 bcsId: 0,size=3145728]} | ret=SUCCESS |  
2019-08-20 22:34:40,448 [grpc-default-executor-2] INFO  client.GrpcClientProtocolClient (GrpcClientProtocolClient.java:onNext(255)) - client-391BA870FC40->947ec526-030f-41cc-8af7-a6f75e712ab0: receive RaftClientReply:client-391BA870FC40->947ec526-030f-41cc-8af7-a6f75e712ab0@group-5D45C35602B2, cid=2608, SUCCESS, logIndex=3895, commits[947ec526-030f-41cc-8af7-a6f75e712ab0:c3896, c447b9b6-dde2-4ce7-aa81-d0e2eddc8fe9:c3894, 28b540ac-241d-462a-a56c-509e92928066:c3894]
2019-08-20 22:34:40,449 [grpc-default-executor-2] INFO  client.GrpcClientProtocolClient (GrpcClientProtocolClient.java:onNext(255)) - client-391BA870FC40->947ec526-030f-41cc-8af7-a6f75e712ab0: receive RaftClientReply:client-391BA870FC40->947ec526-030f-41cc-8af7-a6f75e712ab0@group-5D45C35602B2, cid=2609, SUCCESS, logIndex=3896, commits[947ec526-030f-41cc-8af7-a6f75e712ab0:c3896, c447b9b6-dde2-4ce7-aa81-d0e2eddc8fe9:c3894, 28b540ac-241d-462a-a56c-509e92928066:c3894]
2019-08-20 22:34:40,456 | INFO  | DNAudit | user=null | ip=null | op=WRITE_CHUNK {blockData=conID: 3 locID: 102651689721922140 bcsId: 3896} | ret=SUCCESS |  
2019-08-20 22:34:40,459 | INFO  | DNAudit | user=null | ip=null | op=WRITE_CHUNK {blockData=conID: 3 locID: 102651689721922140 bcsId: 3896} | ret=SUCCESS |  
2019-08-20 22:34:40,459 | INFO  | DNAudit | user=null | ip=null | op=WRITE_CHUNK {blockData=conID: 3 locID: 102651689721922140 bcsId: 3896} | ret=SUCCESS |  
2019-08-20 22:34:40,459 | INFO  | DNAudit | user=null | ip=null | op=WRITE_CHUNK {blockData=conID: 3 locID: 102651689721922140 bcsId: 3890} | ret=SUCCESS |  
2019-08-20 22:34:40,460 | INFO  | DNAudit | user=null | ip=null | op=WRITE_CHUNK {blockData=conID: 3 locID: 102651689721922140 bcsId: 3890} | ret=SUCCESS |  
2019-08-20 22:34:40,462 | INFO  | DNAudit | user=null | ip=null | op=PUT_BLOCK {blockData=[blockId=conID: 3 locID: 102651689721922140 bcsId: 0,size=3145728]} | ret=SUCCESS |  
2019-08-20 22:34:40,462 | INFO  | DNAudit | user=null | ip=null | op=PUT_BLOCK {blockData=[blockId=conID: 3 locID: 102651689721922140 bcsId: 0,size=3145728]} | ret=SUCCESS |  
2019-08-20 22:34:40,463 | INFO  | DNAudit | user=null | ip=null | op=WRITE_CHUNK {blockData=conID: 3 locID: 102651689721922140 bcsId: 3896} | ret=SUCCESS |  
2019-08-20 22:34:40,463 | INFO  | DNAudit | user=null | ip=null | op=PUT_BLOCK {blockData=[blockId=conID: 3 locID: 102651689721922140 bcsId: 0,size=4194304]} | ret=SUCCESS |  
2019-08-20 22:34:40,463 [grpc-default-executor-1] INFO  client.GrpcClientProtocolClient (GrpcClientProtocolClient.java:onNext(255)) - client-391BA870FC40->947ec526-030f-41cc-8af7-a6f75e712ab0: receive RaftClientReply:client-391BA870FC40->947ec526-030f-41cc-8af7-a6f75e712ab0@group-5D45C35602B2, cid=2610, SUCCESS, logIndex=3899, commits[947ec526-030f-41cc-8af7-a6f75e712ab0:c3900, c447b9b6-dde2-4ce7-aa81-d0e2eddc8fe9:c3896, 28b540ac-241d-462a-a56c-509e92928066:c3896]
2019-08-20 22:34:40,464 [grpc-default-executor-1] INFO  client.GrpcClientProtocolClient (GrpcClientProtocolClient.java:onNext(255)) - client-391BA870FC40->947ec526-030f-41cc-8af7-a6f75e712ab0: receive RaftClientReply:client-391BA870FC40->947ec526-030f-41cc-8af7-a6f75e712ab0@group-5D45C35602B2, cid=2611, SUCCESS, logIndex=3900, commits[947ec526-030f-41cc-8af7-a6f75e712ab0:c3900, c447b9b6-dde2-4ce7-aa81-d0e2eddc8fe9:c3896, 28b540ac-241d-462a-a56c-509e92928066:c3896]
2019-08-20 22:34:40,476 | INFO  | DNAudit | user=null | ip=null | op=WRITE_CHUNK {blockData=conID: 3 locID: 102651689721922140 bcsId: 3896} | ret=SUCCESS |  
2019-08-20 22:34:40,476 | INFO  | DNAudit | user=null | ip=null | op=WRITE_CHUNK {blockData=conID: 3 locID: 102651689721922140 bcsId: 3896} | ret=SUCCESS |  
2019-08-20 22:34:40,477 | INFO  | DNAudit | user=null | ip=null | op=PUT_BLOCK {blockData=[blockId=conID: 3 locID: 102651689721922140 bcsId: 0,size=4194304]} | ret=SUCCESS |  
2019-08-20 22:34:40,477 | INFO  | DNAudit | user=null | ip=null | op=PUT_BLOCK {blockData=[blockId=conID: 3 locID: 102651689721922140 bcsId: 0,size=4194304]} | ret=SUCCESS |  
2019-08-20 22:34:40,477 [grpc-default-executor-2] INFO  client.GrpcClientProtocolClient (GrpcClientProtocolClient.java:onNext(255)) - client-391BA870FC40->947ec526-030f-41cc-8af7-a6f75e712ab0: receive RaftClientReply:client-391BA870FC40->947ec526-030f-41cc-8af7-a6f75e712ab0@group-5D45C35602B2, cid=2612, SUCCESS, logIndex=0, commits[947ec526-030f-41cc-8af7-a6f75e712ab0:c3900, c447b9b6-dde2-4ce7-aa81-d0e2eddc8fe9:c3900, 28b540ac-241d-462a-a56c-509e92928066:c3900]
2019-08-20 22:34:40,483 | INFO  | SCMAudit | user=jenkins1000 | ip=192.168.5.142 | op=ALLOCATE_BLOCK {owner=6f694d07-2a2f-44d9-8e1c-aaa094a2f647, size=4194304, type=RATIS, factor=THREE} | ret=SUCCESS |  
2019-08-20 22:34:40,487 | INFO  | OMAudit | user=jenkins1000 | ip=127.0.0.1 | op=ALLOCATE_BLOCK {volume=vol-0-80747, bucket=bucket-0-27686, key=key-0-47435, dataSize=0, replicationType=null, replicationFactor=null, keyLocationInfo=null, clientID=102651687805452690} | ret=SUCCESS |  
2019-08-20 22:34:40,494 | INFO  | DNAudit | user=null | ip=null | op=WRITE_CHUNK {blockData=conID: 1 locID: 102651689728934493 bcsId: 0} | ret=SUCCESS |  
2019-08-20 22:34:40,497 | INFO  | DNAudit | user=null | ip=null | op=WRITE_CHUNK {blockData=conID: 1 locID: 102651689728934493 bcsId: 0} | ret=SUCCESS |  
2019-08-20 22:34:40,498 | INFO  | DNAudit | user=null | ip=null | op=WRITE_CHUNK {blockData=conID: 1 locID: 102651689728934493 bcsId: 0} | ret=SUCCESS |  
2019-08-20 22:34:40,499 | INFO  | DNAudit | user=null | ip=null | op=WRITE_CHUNK {blockData=conID: 1 locID: 102651689728934493 bcsId: 0} | ret=SUCCESS |  
2019-08-20 22:34:40,499 | INFO  | DNAudit | user=null | ip=null | op=WRITE_CHUNK {blockData=conID: 1 locID: 102651689728934493 bcsId: 0} | ret=SUCCESS |  
2019-08-20 22:34:40,500 | INFO  | DNAudit | user=null | ip=null | op=WRITE_CHUNK {blockData=conID: 1 locID: 102651689728934493 bcsId: 0} | ret=SUCCESS |  
2019-08-20 22:34:40,508 | INFO  | DNAudit | user=null | ip=null | op=WRITE_CHUNK {blockData=conID: 1 locID: 102651689728934493 bcsId: 0} | ret=SUCCESS |  
2019-08-20 22:34:40,509 | INFO  | DNAudit | user=null | ip=null | op=PUT_BLOCK {blockData=[blockId=conID: 1 locID: 102651689728934493 bcsId: 0,size=1048576]} | ret=SUCCESS |  
2019-08-20 22:34:40,509 [grpc-default-executor-2] INFO  client.GrpcClientProtocolClient (GrpcClientProtocolClient.java:onNext(255)) - client-391BA870FC40->947ec526-030f-41cc-8af7-a6f75e712ab0: receive RaftClientReply:client-391BA870FC40->947ec526-030f-41cc-8af7-a6f75e712ab0@group-5D45C35602B2, cid=2613, SUCCESS, logIndex=3903, commits[947ec526-030f-41cc-8af7-a6f75e712ab0:c3904, c447b9b6-dde2-4ce7-aa81-d0e2eddc8fe9:c3902, 28b540ac-241d-462a-a56c-509e92928066:c3902]
2019-08-20 22:34:40,510 [grpc-default-executor-2] INFO  client.GrpcClientProtocolClient (GrpcClientProtocolClient.java:onNext(255)) - client-391BA870FC40->947ec526-030f-41cc-8af7-a6f75e712ab0: receive RaftClientReply:client-391BA870FC40->947ec526-030f-41cc-8af7-a6f75e712ab0@group-5D45C35602B2, cid=2614, SUCCESS, logIndex=3904, commits[947ec526-030f-41cc-8af7-a6f75e712ab0:c3904, c447b9b6-dde2-4ce7-aa81-d0e2eddc8fe9:c3902, 28b540ac-241d-462a-a56c-509e92928066:c3902]
2019-08-20 22:34:40,522 | INFO  | DNAudit | user=null | ip=null | op=WRITE_CHUNK {blockData=conID: 1 locID: 102651689728934493 bcsId: 0} | ret=SUCCESS |  
2019-08-20 22:34:40,522 | INFO  | DNAudit | user=null | ip=null | op=PUT_BLOCK {blockData=[blockId=conID: 1 locID: 102651689728934493 bcsId: 0,size=2097152]} | ret=SUCCESS |  
2019-08-20 22:34:40,522 [grpc-default-executor-5] INFO  client.GrpcClientProtocolClient (GrpcClientProtocolClient.java:onNext(255)) - client-391BA870FC40->947ec526-030f-41cc-8af7-a6f75e712ab0: receive RaftClientReply:client-391BA870FC40->947ec526-030f-41cc-8af7-a6f75e712ab0@group-5D45C35602B2, cid=2615, SUCCESS, logIndex=3905, commits[947ec526-030f-41cc-8af7-a6f75e712ab0:c3906, c447b9b6-dde2-4ce7-aa81-d0e2eddc8fe9:c3902, 28b540ac-241d-462a-a56c-509e92928066:c3902]
2019-08-20 22:34:40,523 [grpc-default-executor-5] INFO  client.GrpcClientProtocolClient (GrpcClientProtocolClient.java:onNext(255)) - client-391BA870FC40->947ec526-030f-41cc-8af7-a6f75e712ab0: receive RaftClientReply:client-391BA870FC40->947ec526-030f-41cc-8af7-a6f75e712ab0@group-5D45C35602B2, cid=2616, SUCCESS, logIndex=3906, commits[947ec526-030f-41cc-8af7-a6f75e712ab0:c3906, c447b9b6-dde2-4ce7-aa81-d0e2eddc8fe9:c3902, 28b540ac-241d-462a-a56c-509e92928066:c3902]
2019-08-20 22:34:40,534 | INFO  | DNAudit | user=null | ip=null | op=WRITE_CHUNK {blockData=conID: 1 locID: 102651689728934493 bcsId: 0} | ret=SUCCESS |  
2019-08-20 22:34:40,534 | INFO  | DNAudit | user=null | ip=null | op=WRITE_CHUNK {blockData=conID: 1 locID: 102651689728934493 bcsId: 0} | ret=SUCCESS |  
2019-08-20 22:34:40,535 | INFO  | DNAudit | user=null | ip=null | op=PUT_BLOCK {blockData=[blockId=conID: 1 locID: 102651689728934493 bcsId: 0,size=1048576]} | ret=SUCCESS |  
2019-08-20 22:34:40,535 | INFO  | DNAudit | user=null | ip=null | op=PUT_BLOCK {blockData=[blockId=conID: 1 locID: 102651689728934493 bcsId: 0,size=1048576]} | ret=SUCCESS |  
2019-08-20 22:34:40,535 [grpc-default-executor-5] INFO  client.GrpcClientProtocolClient (GrpcClientProtocolClient.java:onNext(255)) - client-391BA870FC40->947ec526-030f-41cc-8af7-a6f75e712ab0: receive RaftClientReply:client-391BA870FC40->947ec526-030f-41cc-8af7-a6f75e712ab0@group-5D45C35602B2, cid=2617, SUCCESS, logIndex=0, commits[947ec526-030f-41cc-8af7-a6f75e712ab0:c3908, c447b9b6-dde2-4ce7-aa81-d0e2eddc8fe9:c3904, 28b540ac-241d-462a-a56c-509e92928066:c3904]
2019-08-20 22:34:40,543 | INFO  | DNAudit | user=null | ip=null | op=WRITE_CHUNK {blockData=conID: 1 locID: 102651689728934493 bcsId: 3906} | ret=SUCCESS |  
2019-08-20 22:34:40,546 | INFO  | DNAudit | user=null | ip=null | op=WRITE_CHUNK {blockData=conID: 1 locID: 102651689728934493 bcsId: 3906} | ret=SUCCESS |  
2019-08-20 22:34:40,546 | INFO  | DNAudit | user=null | ip=null | op=WRITE_CHUNK {blockData=conID: 1 locID: 102651689728934493 bcsId: 3906} | ret=SUCCESS |  
2019-08-20 22:34:40,547 | INFO  | DNAudit | user=null | ip=null | op=WRITE_CHUNK {blockData=conID: 1 locID: 102651689728934493 bcsId: 0} | ret=SUCCESS |  
2019-08-20 22:34:40,547 | INFO  | DNAudit | user=null | ip=null | op=WRITE_CHUNK {blockData=conID: 1 locID: 102651689728934493 bcsId: 0} | ret=SUCCESS |  
2019-08-20 22:34:40,548 | INFO  | DNAudit | user=null | ip=null | op=PUT_BLOCK {blockData=[blockId=conID: 1 locID: 102651689728934493 bcsId: 0,size=2097152]} | ret=SUCCESS |  
2019-08-20 22:34:40,548 | INFO  | DNAudit | user=null | ip=null | op=PUT_BLOCK {blockData=[blockId=conID: 1 locID: 102651689728934493 bcsId: 0,size=2097152]} | ret=SUCCESS |  
2019-08-20 22:34:40,560 | INFO  | DNAudit | user=null | ip=null | op=WRITE_CHUNK {blockData=conID: 1 locID: 102651689728934493 bcsId: 3906} | ret=SUCCESS |  
2019-08-20 22:34:40,560 | INFO  | DNAudit | user=null | ip=null | op=PUT_BLOCK {blockData=[blockId=conID: 1 locID: 102651689728934493 bcsId: 0,size=3145728]} | ret=SUCCESS |  
2019-08-20 22:34:40,560 [grpc-default-executor-2] INFO  client.GrpcClientProtocolClient (GrpcClientProtocolClient.java:onNext(255)) - client-391BA870FC40->947ec526-030f-41cc-8af7-a6f75e712ab0: receive RaftClientReply:client-391BA870FC40->947ec526-030f-41cc-8af7-a6f75e712ab0@group-5D45C35602B2, cid=2618, SUCCESS, logIndex=3911, commits[947ec526-030f-41cc-8af7-a6f75e712ab0:c3912, c447b9b6-dde2-4ce7-aa81-d0e2eddc8fe9:c3908, 28b540ac-241d-462a-a56c-509e92928066:c3908]
2019-08-20 22:34:40,561 [grpc-default-executor-2] INFO  client.GrpcClientProtocolClient (GrpcClientProtocolClient.java:onNext(255)) - client-391BA870FC40->947ec526-030f-41cc-8af7-a6f75e712ab0: receive RaftClientReply:client-391BA870FC40->947ec526-030f-41cc-8af7-a6f75e712ab0@group-5D45C35602B2, cid=2619, SUCCESS, logIndex=3912, commits[947ec526-030f-41cc-8af7-a6f75e712ab0:c3912, c447b9b6-dde2-4ce7-aa81-d0e2eddc8fe9:c3908, 28b540ac-241d-462a-a56c-509e92928066:c3908]
2019-08-20 22:34:40,567 | INFO  | DNAudit | user=null | ip=null | op=WRITE_CHUNK {blockData=conID: 1 locID: 102651689728934493 bcsId: 3912} | ret=SUCCESS |  
2019-08-20 22:34:40,570 | INFO  | DNAudit | user=null | ip=null | op=WRITE_CHUNK {blockData=conID: 1 locID: 102651689728934493 bcsId: 3906} | ret=SUCCESS |  
2019-08-20 22:34:40,570 | INFO  | DNAudit | user=null | ip=null | op=WRITE_CHUNK {blockData=conID: 1 locID: 102651689728934493 bcsId: 3912} | ret=SUCCESS |  
2019-08-20 22:34:40,570 | INFO  | DNAudit | user=null | ip=null | op=WRITE_CHUNK {blockData=conID: 1 locID: 102651689728934493 bcsId: 3906} | ret=SUCCESS |  
2019-08-20 22:34:40,571 | INFO  | DNAudit | user=null | ip=null | op=WRITE_CHUNK {blockData=conID: 1 locID: 102651689728934493 bcsId: 3912} | ret=SUCCESS |  
2019-08-20 22:34:40,572 | INFO  | DNAudit | user=null | ip=null | op=PUT_BLOCK {blockData=[blockId=conID: 1 locID: 102651689728934493 bcsId: 0,size=3145728]} | ret=SUCCESS |  
2019-08-20 22:34:40,573 | INFO  | DNAudit | user=null | ip=null | op=PUT_BLOCK {blockData=[blockId=conID: 1 locID: 102651689728934493 bcsId: 0,size=3145728]} | ret=SUCCESS |  
2019-08-20 22:34:40,573 | INFO  | DNAudit | user=null | ip=null | op=WRITE_CHUNK {blockData=conID: 1 locID: 102651689728934493 bcsId: 3912} | ret=SUCCESS |  
2019-08-20 22:34:40,573 | INFO  | DNAudit | user=null | ip=null | op=PUT_BLOCK {blockData=[blockId=conID: 1 locID: 102651689728934493 bcsId: 0,size=4194304]} | ret=SUCCESS |  
2019-08-20 22:34:40,573 [grpc-default-executor-5] INFO  client.GrpcClientProtocolClient (GrpcClientProtocolClient.java:onNext(255)) - client-391BA870FC40->947ec526-030f-41cc-8af7-a6f75e712ab0: receive RaftClientReply:client-391BA870FC40->947ec526-030f-41cc-8af7-a6f75e712ab0@group-5D45C35602B2, cid=2620, SUCCESS, logIndex=3915, commits[947ec526-030f-41cc-8af7-a6f75e712ab0:c3916, c447b9b6-dde2-4ce7-aa81-d0e2eddc8fe9:c3912, 28b540ac-241d-462a-a56c-509e92928066:c3912]
2019-08-20 22:34:40,574 [grpc-default-executor-5] INFO  client.GrpcClientProtocolClient (GrpcClientProtocolClient.java:onNext(255)) - client-391BA870FC40->947ec526-030f-41cc-8af7-a6f75e712ab0: receive RaftClientReply:client-391BA870FC40->947ec526-030f-41cc-8af7-a6f75e712ab0@group-5D45C35602B2, cid=2621, SUCCESS, logIndex=3916, commits[947ec526-030f-41cc-8af7-a6f75e712ab0:c3916, c447b9b6-dde2-4ce7-aa81-d0e2eddc8fe9:c3912, 28b540ac-241d-462a-a56c-509e92928066:c3912]
2019-08-20 22:34:40,583 | INFO  | DNAudit | user=null | ip=null | op=WRITE_CHUNK {blockData=conID: 1 locID: 102651689728934493 bcsId: 3912} | ret=SUCCESS |  
2019-08-20 22:34:40,585 | INFO  | DNAudit | user=null | ip=null | op=WRITE_CHUNK {blockData=conID: 1 locID: 102651689728934493 bcsId: 3912} | ret=SUCCESS |  
2019-08-20 22:34:40,585 | INFO  | DNAudit | user=null | ip=null | op=PUT_BLOCK {blockData=[blockId=conID: 1 locID: 102651689728934493 bcsId: 0,size=4194304]} | ret=SUCCESS |  
2019-08-20 22:34:40,594 | INFO  | DNAudit | user=null | ip=null | op=PUT_BLOCK {blockData=[blockId=conID: 1 locID: 102651689728934493 bcsId: 0,size=4194304]} | ret=SUCCESS |  
2019-08-20 22:34:40,595 [grpc-default-executor-5] INFO  client.GrpcClientProtocolClient (GrpcClientProtocolClient.java:onNext(255)) - client-391BA870FC40->947ec526-030f-41cc-8af7-a6f75e712ab0: receive RaftClientReply:client-391BA870FC40->947ec526-030f-41cc-8af7-a6f75e712ab0@group-5D45C35602B2, cid=2622, SUCCESS, logIndex=0, commits[947ec526-030f-41cc-8af7-a6f75e712ab0:c3917, c447b9b6-dde2-4ce7-aa81-d0e2eddc8fe9:c3916, 28b540ac-241d-462a-a56c-509e92928066:c3916]
2019-08-20 22:34:40,601 | INFO  | SCMAudit | user=jenkins1000 | ip=192.168.5.142 | op=ALLOCATE_BLOCK {owner=6f694d07-2a2f-44d9-8e1c-aaa094a2f647, size=4194304, type=RATIS, factor=THREE} | ret=SUCCESS |  
2019-08-20 22:34:40,604 | INFO  | OMAudit | user=jenkins1000 | ip=127.0.0.1 | op=ALLOCATE_BLOCK {volume=vol-0-80747, bucket=bucket-0-27686, key=key-0-47435, dataSize=0, replicationType=null, replicationFactor=null, keyLocationInfo=null, clientID=102651687805452690} | ret=SUCCESS |  
2019-08-20 22:34:40,612 | INFO  | DNAudit | user=null | ip=null | op=WRITE_CHUNK {blockData=conID: 2 locID: 102651689736667742 bcsId: 0} | ret=SUCCESS |  
2019-08-20 22:34:40,615 | INFO  | DNAudit | user=null | ip=null | op=WRITE_CHUNK {blockData=conID: 2 locID: 102651689736667742 bcsId: 0} | ret=SUCCESS |  
2019-08-20 22:34:40,615 | INFO  | DNAudit | user=null | ip=null | op=WRITE_CHUNK {blockData=conID: 2 locID: 102651689736667742 bcsId: 0} | ret=SUCCESS |  
2019-08-20 22:34:40,615 | INFO  | DNAudit | user=null | ip=null | op=WRITE_CHUNK {blockData=conID: 2 locID: 102651689736667742 bcsId: 0} | ret=SUCCESS |  
2019-08-20 22:34:40,619 | INFO  | DNAudit | user=null | ip=null | op=WRITE_CHUNK {blockData=conID: 2 locID: 102651689736667742 bcsId: 0} | ret=SUCCESS |  
2019-08-20 22:34:40,619 | INFO  | DNAudit | user=null | ip=null | op=WRITE_CHUNK {blockData=conID: 2 locID: 102651689736667742 bcsId: 0} | ret=SUCCESS |  
2019-08-20 22:34:40,643 | INFO  | DNAudit | user=null | ip=null | op=WRITE_CHUNK {blockData=conID: 2 locID: 102651689736667742 bcsId: 0} | ret=SUCCESS |  
2019-08-20 22:34:40,649 | INFO  | DNAudit | user=null | ip=null | op=PUT_BLOCK {blockData=[blockId=conID: 2 locID: 102651689736667742 bcsId: 0,size=1048576]} | ret=SUCCESS |  
2019-08-20 22:34:40,649 [grpc-default-executor-5] INFO  client.GrpcClientProtocolClient (GrpcClientProtocolClient.java:onNext(255)) - client-391BA870FC40->947ec526-030f-41cc-8af7-a6f75e712ab0: receive RaftClientReply:client-391BA870FC40->947ec526-030f-41cc-8af7-a6f75e712ab0@group-5D45C35602B2, cid=2623, SUCCESS, logIndex=3919, commits[947ec526-030f-41cc-8af7-a6f75e712ab0:c3921, c447b9b6-dde2-4ce7-aa81-d0e2eddc8fe9:c3918, 28b540ac-241d-462a-a56c-509e92928066:c3918]
2019-08-20 22:34:40,650 | INFO  | DNAudit | user=null | ip=null | op=WRITE_CHUNK {blockData=conID: 2 locID: 102651689736667742 bcsId: 0} | ret=SUCCESS |  
2019-08-20 22:34:40,650 [grpc-default-executor-5] INFO  client.GrpcClientProtocolClient (GrpcClientProtocolClient.java:onNext(255)) - client-391BA870FC40->947ec526-030f-41cc-8af7-a6f75e712ab0: receive RaftClientReply:client-391BA870FC40->947ec526-030f-41cc-8af7-a6f75e712ab0@group-5D45C35602B2, cid=2624, SUCCESS, logIndex=3920, commits[947ec526-030f-41cc-8af7-a6f75e712ab0:c3922, c447b9b6-dde2-4ce7-aa81-d0e2eddc8fe9:c3918, 28b540ac-241d-462a-a56c-509e92928066:c3918]
2019-08-20 22:34:40,650 | INFO  | DNAudit | user=null | ip=null | op=PUT_BLOCK {blockData=[blockId=conID: 2 locID: 102651689736667742 bcsId: 0,size=2097152]} | ret=SUCCESS |  
2019-08-20 22:34:40,650 [grpc-default-executor-5] INFO  client.GrpcClientProtocolClient (GrpcClientProtocolClient.java:onNext(255)) - client-391BA870FC40->947ec526-030f-41cc-8af7-a6f75e712ab0: receive RaftClientReply:client-391BA870FC40->947ec526-030f-41cc-8af7-a6f75e712ab0@group-5D45C35602B2, cid=2625, SUCCESS, logIndex=3921, commits[947ec526-030f-41cc-8af7-a6f75e712ab0:c3922, c447b9b6-dde2-4ce7-aa81-d0e2eddc8fe9:c3918, 28b540ac-241d-462a-a56c-509e92928066:c3918]
2019-08-20 22:34:40,651 [grpc-default-executor-5] INFO  client.GrpcClientProtocolClient (GrpcClientProtocolClient.java:onNext(255)) - client-391BA870FC40->947ec526-030f-41cc-8af7-a6f75e712ab0: receive RaftClientReply:client-391BA870FC40->947ec526-030f-41cc-8af7-a6f75e712ab0@group-5D45C35602B2, cid=2626, SUCCESS, logIndex=3922, commits[947ec526-030f-41cc-8af7-a6f75e712ab0:c3922, c447b9b6-dde2-4ce7-aa81-d0e2eddc8fe9:c3918, 28b540ac-241d-462a-a56c-509e92928066:c3918]
2019-08-20 22:34:40,666 | INFO  | DNAudit | user=null | ip=null | op=WRITE_CHUNK {blockData=conID: 2 locID: 102651689736667742 bcsId: 0} | ret=SUCCESS |  
2019-08-20 22:34:40,666 | INFO  | DNAudit | user=null | ip=null | op=WRITE_CHUNK {blockData=conID: 2 locID: 102651689736667742 bcsId: 0} | ret=SUCCESS |  
2019-08-20 22:34:40,666 | INFO  | DNAudit | user=null | ip=null | op=PUT_BLOCK {blockData=[blockId=conID: 2 locID: 102651689736667742 bcsId: 0,size=1048576]} | ret=SUCCESS |  
2019-08-20 22:34:40,666 | INFO  | DNAudit | user=null | ip=null | op=WRITE_CHUNK {blockData=conID: 2 locID: 102651689736667742 bcsId: 0} | ret=SUCCESS |  
2019-08-20 22:34:40,675 | INFO  | DNAudit | user=null | ip=null | op=PUT_BLOCK {blockData=[blockId=conID: 2 locID: 102651689736667742 bcsId: 0,size=1048576]} | ret=SUCCESS |  
2019-08-20 22:34:40,676 | INFO  | DNAudit | user=null | ip=null | op=WRITE_CHUNK {blockData=conID: 2 locID: 102651689736667742 bcsId: 0} | ret=SUCCESS |  
2019-08-20 22:34:40,676 | INFO  | DNAudit | user=null | ip=null | op=PUT_BLOCK {blockData=[blockId=conID: 2 locID: 102651689736667742 bcsId: 0,size=2097152]} | ret=SUCCESS |  
2019-08-20 22:34:40,676 [grpc-default-executor-5] INFO  client.GrpcClientProtocolClient (GrpcClientProtocolClient.java:onNext(255)) - client-391BA870FC40->947ec526-030f-41cc-8af7-a6f75e712ab0: receive RaftClientReply:client-391BA870FC40->947ec526-030f-41cc-8af7-a6f75e712ab0@group-5D45C35602B2, cid=2627, SUCCESS, logIndex=0, commits[947ec526-030f-41cc-8af7-a6f75e712ab0:c3925, c447b9b6-dde2-4ce7-aa81-d0e2eddc8fe9:c3921, 28b540ac-241d-462a-a56c-509e92928066:c3920]
2019-08-20 22:34:40,684 | INFO  | DNAudit | user=null | ip=null | op=WRITE_CHUNK {blockData=conID: 2 locID: 102651689736667742 bcsId: 3922} | ret=SUCCESS |  
2019-08-20 22:34:40,686 | INFO  | DNAudit | user=null | ip=null | op=PUT_BLOCK {blockData=[blockId=conID: 2 locID: 102651689736667742 bcsId: 0,size=2097152]} | ret=SUCCESS |  
2019-08-20 22:34:40,687 | INFO  | DNAudit | user=null | ip=null | op=WRITE_CHUNK {blockData=conID: 2 locID: 102651689736667742 bcsId: 3922} | ret=SUCCESS |  
2019-08-20 22:34:40,688 | INFO  | DNAudit | user=null | ip=null | op=WRITE_CHUNK {blockData=conID: 2 locID: 102651689736667742 bcsId: 3922} | ret=SUCCESS |  
2019-08-20 22:34:40,705 | INFO  | DNAudit | user=null | ip=null | op=WRITE_CHUNK {blockData=conID: 2 locID: 102651689736667742 bcsId: 3922} | ret=SUCCESS |  
2019-08-20 22:34:40,705 | INFO  | DNAudit | user=null | ip=null | op=PUT_BLOCK {blockData=[blockId=conID: 2 locID: 102651689736667742 bcsId: 0,size=3145728]} | ret=SUCCESS |  
2019-08-20 22:34:40,705 [grpc-default-executor-5] INFO  client.GrpcClientProtocolClient (GrpcClientProtocolClient.java:onNext(255)) - client-391BA870FC40->947ec526-030f-41cc-8af7-a6f75e712ab0: receive RaftClientReply:client-391BA870FC40->947ec526-030f-41cc-8af7-a6f75e712ab0@group-5D45C35602B2, cid=2628, SUCCESS, logIndex=3927, commits[947ec526-030f-41cc-8af7-a6f75e712ab0:c3928, c447b9b6-dde2-4ce7-aa81-d0e2eddc8fe9:c3926, 28b540ac-241d-462a-a56c-509e92928066:c3926]
2019-08-20 22:34:40,706 [grpc-default-executor-5] INFO  client.GrpcClientProtocolClient (GrpcClientProtocolClient.java:onNext(255)) - client-391BA870FC40->947ec526-030f-41cc-8af7-a6f75e712ab0: receive RaftClientReply:client-391BA870FC40->947ec526-030f-41cc-8af7-a6f75e712ab0@group-5D45C35602B2, cid=2629, SUCCESS, logIndex=3928, commits[947ec526-030f-41cc-8af7-a6f75e712ab0:c3928, c447b9b6-dde2-4ce7-aa81-d0e2eddc8fe9:c3926, 28b540ac-241d-462a-a56c-509e92928066:c3926]
2019-08-20 22:34:40,714 | INFO  | DNAudit | user=null | ip=null | op=WRITE_CHUNK {blockData=conID: 2 locID: 102651689736667742 bcsId: 3928} | ret=SUCCESS |  
2019-08-20 22:34:40,716 | INFO  | DNAudit | user=null | ip=null | op=WRITE_CHUNK {blockData=conID: 2 locID: 102651689736667742 bcsId: 3922} | ret=SUCCESS |  
2019-08-20 22:34:40,716 | INFO  | DNAudit | user=null | ip=null | op=WRITE_CHUNK {blockData=conID: 2 locID: 102651689736667742 bcsId: 3922} | ret=SUCCESS |  
2019-08-20 22:34:40,717 | INFO  | DNAudit | user=null | ip=null | op=WRITE_CHUNK {blockData=conID: 2 locID: 102651689736667742 bcsId: 3928} | ret=SUCCESS |  
2019-08-20 22:34:40,717 | INFO  | DNAudit | user=null | ip=null | op=PUT_BLOCK {blockData=[blockId=conID: 2 locID: 102651689736667742 bcsId: 0,size=3145728]} | ret=SUCCESS |  
2019-08-20 22:34:40,717 | INFO  | DNAudit | user=null | ip=null | op=PUT_BLOCK {blockData=[blockId=conID: 2 locID: 102651689736667742 bcsId: 0,size=3145728]} | ret=SUCCESS |  
2019-08-20 22:34:40,717 | INFO  | DNAudit | user=null | ip=null | op=WRITE_CHUNK {blockData=conID: 2 locID: 102651689736667742 bcsId: 3928} | ret=SUCCESS |  
2019-08-20 22:34:40,730 | INFO  | DNAudit | user=null | ip=null | op=WRITE_CHUNK {blockData=conID: 2 locID: 102651689736667742 bcsId: 3928} | ret=SUCCESS |  
2019-08-20 22:34:40,730 | INFO  | DNAudit | user=null | ip=null | op=PUT_BLOCK {blockData=[blockId=conID: 2 locID: 102651689736667742 bcsId: 0,size=4194304]} | ret=SUCCESS |  
2019-08-20 22:34:40,730 [grpc-default-executor-5] INFO  client.GrpcClientProtocolClient (GrpcClientProtocolClient.java:onNext(255)) - client-391BA870FC40->947ec526-030f-41cc-8af7-a6f75e712ab0: receive RaftClientReply:client-391BA870FC40->947ec526-030f-41cc-8af7-a6f75e712ab0@group-5D45C35602B2, cid=2630, SUCCESS, logIndex=3931, commits[947ec526-030f-41cc-8af7-a6f75e712ab0:c3932, c447b9b6-dde2-4ce7-aa81-d0e2eddc8fe9:c3928, 28b540ac-241d-462a-a56c-509e92928066:c3928]
2019-08-20 22:34:40,731 | INFO  | DNAudit | user=null | ip=null | op=WRITE_CHUNK {blockData=conID: 2 locID: 102651689736667742 bcsId: 3928} | ret=SUCCESS |  
2019-08-20 22:34:40,731 [grpc-default-executor-5] INFO  client.GrpcClientProtocolClient (GrpcClientProtocolClient.java:onNext(255)) - client-391BA870FC40->947ec526-030f-41cc-8af7-a6f75e712ab0: receive RaftClientReply:client-391BA870FC40->947ec526-030f-41cc-8af7-a6f75e712ab0@group-5D45C35602B2, cid=2631, SUCCESS, logIndex=3932, commits[947ec526-030f-41cc-8af7-a6f75e712ab0:c3932, c447b9b6-dde2-4ce7-aa81-d0e2eddc8fe9:c3928, 28b540ac-241d-462a-a56c-509e92928066:c3928]
2019-08-20 22:34:40,733 | INFO  | DNAudit | user=null | ip=null | op=WRITE_CHUNK {blockData=conID: 2 locID: 102651689736667742 bcsId: 3928} | ret=SUCCESS |  
2019-08-20 22:34:40,744 | INFO  | DNAudit | user=null | ip=null | op=PUT_BLOCK {blockData=[blockId=conID: 2 locID: 102651689736667742 bcsId: 0,size=4194304]} | ret=SUCCESS |  
2019-08-20 22:34:40,745 | INFO  | DNAudit | user=null | ip=null | op=PUT_BLOCK {blockData=[blockId=conID: 2 locID: 102651689736667742 bcsId: 0,size=4194304]} | ret=SUCCESS |  
2019-08-20 22:34:40,746 [grpc-default-executor-5] INFO  client.GrpcClientProtocolClient (GrpcClientProtocolClient.java:onNext(255)) - client-391BA870FC40->947ec526-030f-41cc-8af7-a6f75e712ab0: receive RaftClientReply:client-391BA870FC40->947ec526-030f-41cc-8af7-a6f75e712ab0@group-5D45C35602B2, cid=2632, SUCCESS, logIndex=0, commits[947ec526-030f-41cc-8af7-a6f75e712ab0:c3934, c447b9b6-dde2-4ce7-aa81-d0e2eddc8fe9:c3932, 28b540ac-241d-462a-a56c-509e92928066:c3932]
2019-08-20 22:34:40,752 | INFO  | SCMAudit | user=jenkins1000 | ip=192.168.5.142 | op=ALLOCATE_BLOCK {owner=6f694d07-2a2f-44d9-8e1c-aaa094a2f647, size=4194304, type=RATIS, factor=THREE} | ret=SUCCESS |  
2019-08-20 22:34:40,757 | INFO  | OMAudit | user=jenkins1000 | ip=127.0.0.1 | op=ALLOCATE_BLOCK {volume=vol-0-80747, bucket=bucket-0-27686, key=key-0-47435, dataSize=0, replicationType=null, replicationFactor=null, keyLocationInfo=null, clientID=102651687805452690} | ret=SUCCESS |  
2019-08-20 22:34:40,765 | INFO  | DNAudit | user=null | ip=null | op=WRITE_CHUNK {blockData=conID: 3 locID: 102651689746563679 bcsId: 0} | ret=SUCCESS |  
2019-08-20 22:34:40,769 | INFO  | DNAudit | user=null | ip=null | op=WRITE_CHUNK {blockData=conID: 3 locID: 102651689746563679 bcsId: 0} | ret=SUCCESS |  
2019-08-20 22:34:40,769 | INFO  | DNAudit | user=null | ip=null | op=WRITE_CHUNK {blockData=conID: 3 locID: 102651689746563679 bcsId: 0} | ret=SUCCESS |  
2019-08-20 22:34:40,769 | INFO  | DNAudit | user=null | ip=null | op=WRITE_CHUNK {blockData=conID: 3 locID: 102651689746563679 bcsId: 0} | ret=SUCCESS |  
2019-08-20 22:34:40,770 | INFO  | DNAudit | user=null | ip=null | op=WRITE_CHUNK {blockData=conID: 3 locID: 102651689746563679 bcsId: 0} | ret=SUCCESS |  
2019-08-20 22:34:40,771 | INFO  | DNAudit | user=null | ip=null | op=WRITE_CHUNK {blockData=conID: 3 locID: 102651689746563679 bcsId: 0} | ret=SUCCESS |  
2019-08-20 22:34:40,779 | INFO  | DNAudit | user=null | ip=null | op=WRITE_CHUNK {blockData=conID: 3 locID: 102651689746563679 bcsId: 0} | ret=SUCCESS |  
2019-08-20 22:34:40,780 | INFO  | DNAudit | user=null | ip=null | op=PUT_BLOCK {blockData=[blockId=conID: 3 locID: 102651689746563679 bcsId: 0,size=1048576]} | ret=SUCCESS |  
2019-08-20 22:34:40,780 [grpc-default-executor-2] INFO  client.GrpcClientProtocolClient (GrpcClientProtocolClient.java:onNext(255)) - client-391BA870FC40->947ec526-030f-41cc-8af7-a6f75e712ab0: receive RaftClientReply:client-391BA870FC40->947ec526-030f-41cc-8af7-a6f75e712ab0@group-5D45C35602B2, cid=2633, SUCCESS, logIndex=3935, commits[947ec526-030f-41cc-8af7-a6f75e712ab0:c3936, c447b9b6-dde2-4ce7-aa81-d0e2eddc8fe9:c3934, 28b540ac-241d-462a-a56c-509e92928066:c3934]
2019-08-20 22:34:40,781 [grpc-default-executor-2] INFO  client.GrpcClientProtocolClient (GrpcClientProtocolClient.java:onNext(255)) - client-391BA870FC40->947ec526-030f-41cc-8af7-a6f75e712ab0: receive RaftClientReply:client-391BA870FC40->947ec526-030f-41cc-8af7-a6f75e712ab0@group-5D45C35602B2, cid=2634, SUCCESS, logIndex=3936, commits[947ec526-030f-41cc-8af7-a6f75e712ab0:c3936, c447b9b6-dde2-4ce7-aa81-d0e2eddc8fe9:c3934, 28b540ac-241d-462a-a56c-509e92928066:c3934]
2019-08-20 22:34:40,789 | INFO  | DNAudit | user=null | ip=null | op=WRITE_CHUNK {blockData=conID: 3 locID: 102651689746563679 bcsId: 0} | ret=SUCCESS |  
2019-08-20 22:34:40,790 | INFO  | DNAudit | user=null | ip=null | op=PUT_BLOCK {blockData=[blockId=conID: 3 locID: 102651689746563679 bcsId: 0,size=2097152]} | ret=SUCCESS |  
2019-08-20 22:34:40,790 [grpc-default-executor-2] INFO  client.GrpcClientProtocolClient (GrpcClientProtocolClient.java:onNext(255)) - client-391BA870FC40->947ec526-030f-41cc-8af7-a6f75e712ab0: receive RaftClientReply:client-391BA870FC40->947ec526-030f-41cc-8af7-a6f75e712ab0@group-5D45C35602B2, cid=2635, SUCCESS, logIndex=3937, commits[947ec526-030f-41cc-8af7-a6f75e712ab0:c3938, c447b9b6-dde2-4ce7-aa81-d0e2eddc8fe9:c3934, 28b540ac-241d-462a-a56c-509e92928066:c3934]
2019-08-20 22:34:40,790 [grpc-default-executor-2] INFO  client.GrpcClientProtocolClient (GrpcClientProtocolClient.java:onNext(255)) - client-391BA870FC40->947ec526-030f-41cc-8af7-a6f75e712ab0: receive RaftClientReply:client-391BA870FC40->947ec526-030f-41cc-8af7-a6f75e712ab0@group-5D45C35602B2, cid=2636, SUCCESS, logIndex=3938, commits[947ec526-030f-41cc-8af7-a6f75e712ab0:c3938, c447b9b6-dde2-4ce7-aa81-d0e2eddc8fe9:c3934, 28b540ac-241d-462a-a56c-509e92928066:c3934]
2019-08-20 22:34:40,791 | INFO  | DNAudit | user=null | ip=null | op=WRITE_CHUNK {blockData=conID: 3 locID: 102651689746563679 bcsId: 0} | ret=SUCCESS |  
2019-08-20 22:34:40,792 | INFO  | DNAudit | user=null | ip=null | op=WRITE_CHUNK {blockData=conID: 3 locID: 102651689746563679 bcsId: 0} | ret=SUCCESS |  
2019-08-20 22:34:40,792 | INFO  | DNAudit | user=null | ip=null | op=PUT_BLOCK {blockData=[blockId=conID: 3 locID: 102651689746563679 bcsId: 0,size=1048576]} | ret=SUCCESS |  
2019-08-20 22:34:40,836 | INFO  | DNAudit | user=null | ip=null | op=PUT_BLOCK {blockData=[blockId=conID: 3 locID: 102651689746563679 bcsId: 0,size=1048576]} | ret=SUCCESS |  
2019-08-20 22:34:40,837 [grpc-default-executor-2] INFO  client.GrpcClientProtocolClient (GrpcClientProtocolClient.java:onNext(255)) - client-391BA870FC40->947ec526-030f-41cc-8af7-a6f75e712ab0: receive RaftClientReply:client-391BA870FC40->947ec526-030f-41cc-8af7-a6f75e712ab0@group-5D45C35602B2, cid=2637, SUCCESS, logIndex=0, commits[947ec526-030f-41cc-8af7-a6f75e712ab0:c3941, c447b9b6-dde2-4ce7-aa81-d0e2eddc8fe9:c3936, 28b540ac-241d-462a-a56c-509e92928066:c3936]
2019-08-20 22:34:40,846 | INFO  | DNAudit | user=null | ip=null | op=WRITE_CHUNK {blockData=conID: 3 locID: 102651689746563679 bcsId: 3938} | ret=SUCCESS |  
2019-08-20 22:34:40,849 | INFO  | DNAudit | user=null | ip=null | op=WRITE_CHUNK {blockData=conID: 3 locID: 102651689746563679 bcsId: 3938} | ret=SUCCESS |  
2019-08-20 22:34:40,850 | INFO  | DNAudit | user=null | ip=null | op=WRITE_CHUNK {blockData=conID: 3 locID: 102651689746563679 bcsId: 3938} | ret=SUCCESS |  
2019-08-20 22:34:40,860 | INFO  | DNAudit | user=null | ip=null | op=WRITE_CHUNK {blockData=conID: 3 locID: 102651689746563679 bcsId: 0} | ret=SUCCESS |  
2019-08-20 22:34:40,860 | INFO  | DNAudit | user=null | ip=null | op=WRITE_CHUNK {blockData=conID: 3 locID: 102651689746563679 bcsId: 0} | ret=SUCCESS |  
2019-08-20 22:34:40,860 | INFO  | DNAudit | user=null | ip=null | op=PUT_BLOCK {blockData=[blockId=conID: 3 locID: 102651689746563679 bcsId: 0,size=2097152]} | ret=SUCCESS |  
2019-08-20 22:34:40,860 | INFO  | DNAudit | user=null | ip=null | op=WRITE_CHUNK {blockData=conID: 3 locID: 102651689746563679 bcsId: 3938} | ret=SUCCESS |  
2019-08-20 22:34:40,861 | INFO  | DNAudit | user=null | ip=null | op=PUT_BLOCK {blockData=[blockId=conID: 3 locID: 102651689746563679 bcsId: 0,size=2097152]} | ret=SUCCESS |  
2019-08-20 22:34:40,865 | INFO  | DNAudit | user=null | ip=null | op=PUT_BLOCK {blockData=[blockId=conID: 3 locID: 102651689746563679 bcsId: 0,size=3145728]} | ret=SUCCESS |  
2019-08-20 22:34:40,865 [grpc-default-executor-2] INFO  client.GrpcClientProtocolClient (GrpcClientProtocolClient.java:onNext(255)) - client-391BA870FC40->947ec526-030f-41cc-8af7-a6f75e712ab0: receive RaftClientReply:client-391BA870FC40->947ec526-030f-41cc-8af7-a6f75e712ab0@group-5D45C35602B2, cid=2638, SUCCESS, logIndex=3943, commits[947ec526-030f-41cc-8af7-a6f75e712ab0:c3943, c447b9b6-dde2-4ce7-aa81-d0e2eddc8fe9:c3942, 28b540ac-241d-462a-a56c-509e92928066:c3942]
2019-08-20 22:34:40,866 [grpc-default-executor-2] INFO  client.GrpcClientProtocolClient (GrpcClientProtocolClient.java:onNext(255)) - client-391BA870FC40->947ec526-030f-41cc-8af7-a6f75e712ab0: receive RaftClientReply:client-391BA870FC40->947ec526-030f-41cc-8af7-a6f75e712ab0@group-5D45C35602B2, cid=2639, SUCCESS, logIndex=3944, commits[947ec526-030f-41cc-8af7-a6f75e712ab0:c3944, c447b9b6-dde2-4ce7-aa81-d0e2eddc8fe9:c3942, 28b540ac-241d-462a-a56c-509e92928066:c3942]
2019-08-20 22:34:40,874 | INFO  | DNAudit | user=null | ip=null | op=WRITE_CHUNK {blockData=conID: 3 locID: 102651689746563679 bcsId: 3938} | ret=SUCCESS |  
2019-08-20 22:34:40,874 | INFO  | DNAudit | user=null | ip=null | op=WRITE_CHUNK {blockData=conID: 3 locID: 102651689746563679 bcsId: 3938} | ret=SUCCESS |  
2019-08-20 22:34:40,874 | INFO  | DNAudit | user=null | ip=null | op=WRITE_CHUNK {blockData=conID: 3 locID: 102651689746563679 bcsId: 3944} | ret=SUCCESS |  
2019-08-20 22:34:40,876 | INFO  | DNAudit | user=null | ip=null | op=WRITE_CHUNK {blockData=conID: 3 locID: 102651689746563679 bcsId: 3944} | ret=SUCCESS |  
2019-08-20 22:34:40,877 | INFO  | DNAudit | user=null | ip=null | op=WRITE_CHUNK {blockData=conID: 3 locID: 102651689746563679 bcsId: 3944} | ret=SUCCESS |  
2019-08-20 22:34:40,887 | INFO  | DNAudit | user=null | ip=null | op=PUT_BLOCK {blockData=[blockId=conID: 3 locID: 102651689746563679 bcsId: 0,size=3145728]} | ret=SUCCESS |  
2019-08-20 22:34:40,887 | INFO  | DNAudit | user=null | ip=null | op=PUT_BLOCK {blockData=[blockId=conID: 3 locID: 102651689746563679 bcsId: 0,size=3145728]} | ret=SUCCESS |  
2019-08-20 22:34:40,898 | INFO  | DNAudit | user=null | ip=null | op=WRITE_CHUNK {blockData=conID: 3 locID: 102651689746563679 bcsId: 3944} | ret=SUCCESS |  
2019-08-20 22:34:40,899 | INFO  | DNAudit | user=null | ip=null | op=PUT_BLOCK {blockData=[blockId=conID: 3 locID: 102651689746563679 bcsId: 0,size=4194304]} | ret=SUCCESS |  
2019-08-20 22:34:40,899 [grpc-default-executor-1] INFO  client.GrpcClientProtocolClient (GrpcClientProtocolClient.java:onNext(255)) - client-391BA870FC40->947ec526-030f-41cc-8af7-a6f75e712ab0: receive RaftClientReply:client-391BA870FC40->947ec526-030f-41cc-8af7-a6f75e712ab0@group-5D45C35602B2, cid=2640, SUCCESS, logIndex=3947, commits[947ec526-030f-41cc-8af7-a6f75e712ab0:c3948, c447b9b6-dde2-4ce7-aa81-d0e2eddc8fe9:c3944, 28b540ac-241d-462a-a56c-509e92928066:c3944]
2019-08-20 22:34:40,900 [grpc-default-executor-1] INFO  client.GrpcClientProtocolClient (GrpcClientProtocolClient.java:onNext(255)) - client-391BA870FC40->947ec526-030f-41cc-8af7-a6f75e712ab0: receive RaftClientReply:client-391BA870FC40->947ec526-030f-41cc-8af7-a6f75e712ab0@group-5D45C35602B2, cid=2641, SUCCESS, logIndex=3948, commits[947ec526-030f-41cc-8af7-a6f75e712ab0:c3948, c447b9b6-dde2-4ce7-aa81-d0e2eddc8fe9:c3944, 28b540ac-241d-462a-a56c-509e92928066:c3944]
2019-08-20 22:34:40,922 | INFO  | DNAudit | user=null | ip=null | op=WRITE_CHUNK {blockData=conID: 3 locID: 102651689746563679 bcsId: 3944} | ret=SUCCESS |  
2019-08-20 22:34:40,922 | INFO  | DNAudit | user=null | ip=null | op=WRITE_CHUNK {blockData=conID: 3 locID: 102651689746563679 bcsId: 3944} | ret=SUCCESS |  
2019-08-20 22:34:40,925 | INFO  | DNAudit | user=null | ip=null | op=PUT_BLOCK {blockData=[blockId=conID: 3 locID: 102651689746563679 bcsId: 0,size=4194304]} | ret=SUCCESS |  
2019-08-20 22:34:40,925 | INFO  | DNAudit | user=null | ip=null | op=PUT_BLOCK {blockData=[blockId=conID: 3 locID: 102651689746563679 bcsId: 0,size=4194304]} | ret=SUCCESS |  
2019-08-20 22:34:40,926 [grpc-default-executor-1] INFO  client.GrpcClientProtocolClient (GrpcClientProtocolClient.java:onNext(255)) - client-391BA870FC40->947ec526-030f-41cc-8af7-a6f75e712ab0: receive RaftClientReply:client-391BA870FC40->947ec526-030f-41cc-8af7-a6f75e712ab0@group-5D45C35602B2, cid=2642, SUCCESS, logIndex=0, commits[947ec526-030f-41cc-8af7-a6f75e712ab0:c3950, c447b9b6-dde2-4ce7-aa81-d0e2eddc8fe9:c3948, 28b540ac-241d-462a-a56c-509e92928066:c3948]
2019-08-20 22:34:40,933 | INFO  | SCMAudit | user=jenkins1000 | ip=192.168.5.142 | op=ALLOCATE_BLOCK {owner=6f694d07-2a2f-44d9-8e1c-aaa094a2f647, size=4194304, type=RATIS, factor=THREE} | ret=SUCCESS |  
2019-08-20 22:34:40,937 | INFO  | OMAudit | user=jenkins1000 | ip=127.0.0.1 | op=ALLOCATE_BLOCK {volume=vol-0-80747, bucket=bucket-0-27686, key=key-0-47435, dataSize=0, replicationType=null, replicationFactor=null, keyLocationInfo=null, clientID=102651687805452690} | ret=SUCCESS |  
2019-08-20 22:34:40,946 | INFO  | DNAudit | user=null | ip=null | op=WRITE_CHUNK {blockData=conID: 1 locID: 102651689758425696 bcsId: 0} | ret=SUCCESS |  
2019-08-20 22:34:40,949 | INFO  | DNAudit | user=null | ip=null | op=WRITE_CHUNK {blockData=conID: 1 locID: 102651689758425696 bcsId: 0} | ret=SUCCESS |  
2019-08-20 22:34:40,950 | INFO  | DNAudit | user=null | ip=null | op=WRITE_CHUNK {blockData=conID: 1 locID: 102651689758425696 bcsId: 0} | ret=SUCCESS |  
2019-08-20 22:34:40,950 | INFO  | DNAudit | user=null | ip=null | op=WRITE_CHUNK {blockData=conID: 1 locID: 102651689758425696 bcsId: 0} | ret=SUCCESS |  
2019-08-20 22:34:40,953 | INFO  | DNAudit | user=null | ip=null | op=WRITE_CHUNK {blockData=conID: 1 locID: 102651689758425696 bcsId: 0} | ret=SUCCESS |  
2019-08-20 22:34:40,953 | INFO  | DNAudit | user=null | ip=null | op=WRITE_CHUNK {blockData=conID: 1 locID: 102651689758425696 bcsId: 0} | ret=SUCCESS |  
2019-08-20 22:34:40,960 | INFO  | DNAudit | user=null | ip=null | op=WRITE_CHUNK {blockData=conID: 1 locID: 102651689758425696 bcsId: 0} | ret=SUCCESS |  
2019-08-20 22:34:40,961 | INFO  | DNAudit | user=null | ip=null | op=PUT_BLOCK {blockData=[blockId=conID: 1 locID: 102651689758425696 bcsId: 0,size=1048576]} | ret=SUCCESS |  
2019-08-20 22:34:40,961 [grpc-default-executor-5] INFO  client.GrpcClientProtocolClient (GrpcClientProtocolClient.java:onNext(255)) - client-391BA870FC40->947ec526-030f-41cc-8af7-a6f75e712ab0: receive RaftClientReply:client-391BA870FC40->947ec526-030f-41cc-8af7-a6f75e712ab0@group-5D45C35602B2, cid=2643, SUCCESS, logIndex=3951, commits[947ec526-030f-41cc-8af7-a6f75e712ab0:c3952, c447b9b6-dde2-4ce7-aa81-d0e2eddc8fe9:c3950, 28b540ac-241d-462a-a56c-509e92928066:c3950]
2019-08-20 22:34:40,962 [grpc-default-executor-5] INFO  client.GrpcClientProtocolClient (GrpcClientProtocolClient.java:onNext(255)) - client-391BA870FC40->947ec526-030f-41cc-8af7-a6f75e712ab0: receive RaftClientReply:client-391BA870FC40->947ec526-030f-41cc-8af7-a6f75e712ab0@group-5D45C35602B2, cid=2644, SUCCESS, logIndex=3952, commits[947ec526-030f-41cc-8af7-a6f75e712ab0:c3952, c447b9b6-dde2-4ce7-aa81-d0e2eddc8fe9:c3950, 28b540ac-241d-462a-a56c-509e92928066:c3950]
2019-08-20 22:34:40,972 | INFO  | DNAudit | user=null | ip=null | op=WRITE_CHUNK {blockData=conID: 1 locID: 102651689758425696 bcsId: 0} | ret=SUCCESS |  
2019-08-20 22:34:40,972 | INFO  | DNAudit | user=null | ip=null | op=PUT_BLOCK {blockData=[blockId=conID: 1 locID: 102651689758425696 bcsId: 0,size=2097152]} | ret=SUCCESS |  
2019-08-20 22:34:40,972 | INFO  | DNAudit | user=null | ip=null | op=WRITE_CHUNK {blockData=conID: 1 locID: 102651689758425696 bcsId: 0} | ret=SUCCESS |  
2019-08-20 22:34:40,973 | INFO  | DNAudit | user=null | ip=null | op=PUT_BLOCK {blockData=[blockId=conID: 1 locID: 102651689758425696 bcsId: 0,size=1048576]} | ret=SUCCESS |  
2019-08-20 22:34:40,972 [grpc-default-executor-2] INFO  client.GrpcClientProtocolClient (GrpcClientProtocolClient.java:onNext(255)) - client-391BA870FC40->947ec526-030f-41cc-8af7-a6f75e712ab0: receive RaftClientReply:client-391BA870FC40->947ec526-030f-41cc-8af7-a6f75e712ab0@group-5D45C35602B2, cid=2645, SUCCESS, logIndex=3953, commits[947ec526-030f-41cc-8af7-a6f75e712ab0:c3954, c447b9b6-dde2-4ce7-aa81-d0e2eddc8fe9:c3950, 28b540ac-241d-462a-a56c-509e92928066:c3950]
2019-08-20 22:34:40,973 [grpc-default-executor-2] INFO  client.GrpcClientProtocolClient (GrpcClientProtocolClient.java:onNext(255)) - client-391BA870FC40->947ec526-030f-41cc-8af7-a6f75e712ab0: receive RaftClientReply:client-391BA870FC40->947ec526-030f-41cc-8af7-a6f75e712ab0@group-5D45C35602B2, cid=2646, SUCCESS, logIndex=3954, commits[947ec526-030f-41cc-8af7-a6f75e712ab0:c3954, c447b9b6-dde2-4ce7-aa81-d0e2eddc8fe9:c3952, 28b540ac-241d-462a-a56c-509e92928066:c3950]
2019-08-20 22:34:40,974 | INFO  | DNAudit | user=null | ip=null | op=WRITE_CHUNK {blockData=conID: 1 locID: 102651689758425696 bcsId: 0} | ret=SUCCESS |  
2019-08-20 22:34:40,975 | INFO  | DNAudit | user=null | ip=null | op=PUT_BLOCK {blockData=[blockId=conID: 1 locID: 102651689758425696 bcsId: 0,size=1048576]} | ret=SUCCESS |  
2019-08-20 22:34:40,975 [grpc-default-executor-2] INFO  client.GrpcClientProtocolClient (GrpcClientProtocolClient.java:onNext(255)) - client-391BA870FC40->947ec526-030f-41cc-8af7-a6f75e712ab0: receive RaftClientReply:client-391BA870FC40->947ec526-030f-41cc-8af7-a6f75e712ab0@group-5D45C35602B2, cid=2647, SUCCESS, logIndex=0, commits[947ec526-030f-41cc-8af7-a6f75e712ab0:c3956, c447b9b6-dde2-4ce7-aa81-d0e2eddc8fe9:c3952, 28b540ac-241d-462a-a56c-509e92928066:c3952]
2019-08-20 22:34:40,983 | INFO  | DNAudit | user=null | ip=null | op=WRITE_CHUNK {blockData=conID: 1 locID: 102651689758425696 bcsId: 3954} | ret=SUCCESS |  
2019-08-20 22:34:40,985 | INFO  | DNAudit | user=null | ip=null | op=WRITE_CHUNK {blockData=conID: 1 locID: 102651689758425696 bcsId: 0} | ret=SUCCESS |  
2019-08-20 22:34:40,986 | INFO  | DNAudit | user=null | ip=null | op=PUT_BLOCK {blockData=[blockId=conID: 1 locID: 102651689758425696 bcsId: 0,size=2097152]} | ret=SUCCESS |  
2019-08-20 22:34:40,986 | INFO  | DNAudit | user=null | ip=null | op=WRITE_CHUNK {blockData=conID: 1 locID: 102651689758425696 bcsId: 3954} | ret=SUCCESS |  
2019-08-20 22:34:40,986 | INFO  | DNAudit | user=null | ip=null | op=WRITE_CHUNK {blockData=conID: 1 locID: 102651689758425696 bcsId: 3954} | ret=SUCCESS |  
2019-08-20 22:34:40,987 | INFO  | DNAudit | user=null | ip=null | op=WRITE_CHUNK {blockData=conID: 1 locID: 102651689758425696 bcsId: 0} | ret=SUCCESS |  
2019-08-20 22:34:40,987 | INFO  | DNAudit | user=null | ip=null | op=PUT_BLOCK {blockData=[blockId=conID: 1 locID: 102651689758425696 bcsId: 0,size=2097152]} | ret=SUCCESS |  
2019-08-20 22:34:41,000 | INFO  | DNAudit | user=null | ip=null | op=WRITE_CHUNK {blockData=conID: 1 locID: 102651689758425696 bcsId: 3954} | ret=SUCCESS |  
2019-08-20 22:34:41,001 | INFO  | DNAudit | user=null | ip=null | op=PUT_BLOCK {blockData=[blockId=conID: 1 locID: 102651689758425696 bcsId: 0,size=3145728]} | ret=SUCCESS |  
2019-08-20 22:34:41,001 [grpc-default-executor-2] INFO  client.GrpcClientProtocolClient (GrpcClientProtocolClient.java:onNext(255)) - client-391BA870FC40->947ec526-030f-41cc-8af7-a6f75e712ab0: receive RaftClientReply:client-391BA870FC40->947ec526-030f-41cc-8af7-a6f75e712ab0@group-5D45C35602B2, cid=2648, SUCCESS, logIndex=3959, commits[947ec526-030f-41cc-8af7-a6f75e712ab0:c3960, c447b9b6-dde2-4ce7-aa81-d0e2eddc8fe9:c3956, 28b540ac-241d-462a-a56c-509e92928066:c3956]
2019-08-20 22:34:41,001 [grpc-default-executor-2] INFO  client.GrpcClientProtocolClient (GrpcClientProtocolClient.java:onNext(255)) - client-391BA870FC40->947ec526-030f-41cc-8af7-a6f75e712ab0: receive RaftClientReply:client-391BA870FC40->947ec526-030f-41cc-8af7-a6f75e712ab0@group-5D45C35602B2, cid=2649, SUCCESS, logIndex=3960, commits[947ec526-030f-41cc-8af7-a6f75e712ab0:c3960, c447b9b6-dde2-4ce7-aa81-d0e2eddc8fe9:c3956, 28b540ac-241d-462a-a56c-509e92928066:c3956]
2019-08-20 22:34:41,009 | INFO  | DNAudit | user=null | ip=null | op=WRITE_CHUNK {blockData=conID: 1 locID: 102651689758425696 bcsId: 3960} | ret=SUCCESS |  
2019-08-20 22:34:41,012 | INFO  | DNAudit | user=null | ip=null | op=WRITE_CHUNK {blockData=conID: 1 locID: 102651689758425696 bcsId: 3960} | ret=SUCCESS |  
2019-08-20 22:34:41,012 | INFO  | DNAudit | user=null | ip=null | op=WRITE_CHUNK {blockData=conID: 1 locID: 102651689758425696 bcsId: 3960} | ret=SUCCESS |  
2019-08-20 22:34:41,013 | INFO  | DNAudit | user=null | ip=null | op=WRITE_CHUNK {blockData=conID: 1 locID: 102651689758425696 bcsId: 3954} | ret=SUCCESS |  
2019-08-20 22:34:41,014 | INFO  | DNAudit | user=null | ip=null | op=PUT_BLOCK {blockData=[blockId=conID: 1 locID: 102651689758425696 bcsId: 0,size=3145728]} | ret=SUCCESS |  
2019-08-20 22:34:41,014 | INFO  | DNAudit | user=null | ip=null | op=WRITE_CHUNK {blockData=conID: 1 locID: 102651689758425696 bcsId: 3954} | ret=SUCCESS |  
2019-08-20 22:34:41,014 | INFO  | DNAudit | user=null | ip=null | op=PUT_BLOCK {blockData=[blockId=conID: 1 locID: 102651689758425696 bcsId: 0,size=3145728]} | ret=SUCCESS |  
2019-08-20 22:34:41,027 | INFO  | DNAudit | user=null | ip=null | op=WRITE_CHUNK {blockData=conID: 1 locID: 102651689758425696 bcsId: 3960} | ret=SUCCESS |  
2019-08-20 22:34:41,027 | INFO  | DNAudit | user=null | ip=null | op=PUT_BLOCK {blockData=[blockId=conID: 1 locID: 102651689758425696 bcsId: 0,size=4194304]} | ret=SUCCESS |  
2019-08-20 22:34:41,027 [grpc-default-executor-2] INFO  client.GrpcClientProtocolClient (GrpcClientProtocolClient.java:onNext(255)) - client-391BA870FC40->947ec526-030f-41cc-8af7-a6f75e712ab0: receive RaftClientReply:client-391BA870FC40->947ec526-030f-41cc-8af7-a6f75e712ab0@group-5D45C35602B2, cid=2650, SUCCESS, logIndex=3962, commits[947ec526-030f-41cc-8af7-a6f75e712ab0:c3963, c447b9b6-dde2-4ce7-aa81-d0e2eddc8fe9:c3960, 28b540ac-241d-462a-a56c-509e92928066:c3960]
2019-08-20 22:34:41,028 [grpc-default-executor-2] INFO  client.GrpcClientProtocolClient (GrpcClientProtocolClient.java:onNext(255)) - client-391BA870FC40->947ec526-030f-41cc-8af7-a6f75e712ab0: receive RaftClientReply:client-391BA870FC40->947ec526-030f-41cc-8af7-a6f75e712ab0@group-5D45C35602B2, cid=2651, SUCCESS, logIndex=3963, commits[947ec526-030f-41cc-8af7-a6f75e712ab0:c3963, c447b9b6-dde2-4ce7-aa81-d0e2eddc8fe9:c3960, 28b540ac-241d-462a-a56c-509e92928066:c3960]
2019-08-20 22:34:41,040 | INFO  | DNAudit | user=null | ip=null | op=WRITE_CHUNK {blockData=conID: 1 locID: 102651689758425696 bcsId: 3960} | ret=SUCCESS |  
2019-08-20 22:34:41,040 | INFO  | DNAudit | user=null | ip=null | op=WRITE_CHUNK {blockData=conID: 1 locID: 102651689758425696 bcsId: 3960} | ret=SUCCESS |  
2019-08-20 22:34:41,053 | INFO  | DNAudit | user=null | ip=null | op=PUT_BLOCK {blockData=[blockId=conID: 1 locID: 102651689758425696 bcsId: 0,size=4194304]} | ret=SUCCESS |  
2019-08-20 22:34:41,053 | INFO  | DNAudit | user=null | ip=null | op=PUT_BLOCK {blockData=[blockId=conID: 1 locID: 102651689758425696 bcsId: 0,size=4194304]} | ret=SUCCESS |  
2019-08-20 22:34:41,053 [grpc-default-executor-2] INFO  client.GrpcClientProtocolClient (GrpcClientProtocolClient.java:onNext(255)) - client-391BA870FC40->947ec526-030f-41cc-8af7-a6f75e712ab0: receive RaftClientReply:client-391BA870FC40->947ec526-030f-41cc-8af7-a6f75e712ab0@group-5D45C35602B2, cid=2652, SUCCESS, logIndex=0, commits[947ec526-030f-41cc-8af7-a6f75e712ab0:c3965, c447b9b6-dde2-4ce7-aa81-d0e2eddc8fe9:c3963, 28b540ac-241d-462a-a56c-509e92928066:c3963]
2019-08-20 22:34:41,058 | INFO  | SCMAudit | user=jenkins1000 | ip=192.168.5.142 | op=ALLOCATE_BLOCK {owner=6f694d07-2a2f-44d9-8e1c-aaa094a2f647, size=4194304, type=RATIS, factor=THREE} | ret=SUCCESS |  
2019-08-20 22:34:41,060 | INFO  | OMAudit | user=jenkins1000 | ip=127.0.0.1 | op=ALLOCATE_BLOCK {volume=vol-0-80747, bucket=bucket-0-27686, key=key-0-47435, dataSize=0, replicationType=null, replicationFactor=null, keyLocationInfo=null, clientID=102651687805452690} | ret=SUCCESS |  
2019-08-20 22:34:41,068 | INFO  | DNAudit | user=null | ip=null | op=WRITE_CHUNK {blockData=conID: 2 locID: 102651689766617697 bcsId: 0} | ret=SUCCESS |  
2019-08-20 22:34:41,072 | INFO  | DNAudit | user=null | ip=null | op=WRITE_CHUNK {blockData=conID: 2 locID: 102651689766617697 bcsId: 0} | ret=SUCCESS |  
2019-08-20 22:34:41,072 | INFO  | DNAudit | user=null | ip=null | op=WRITE_CHUNK {blockData=conID: 2 locID: 102651689766617697 bcsId: 0} | ret=SUCCESS |  
2019-08-20 22:34:41,072 | INFO  | DNAudit | user=null | ip=null | op=WRITE_CHUNK {blockData=conID: 2 locID: 102651689766617697 bcsId: 0} | ret=SUCCESS |  
2019-08-20 22:34:41,074 | INFO  | DNAudit | user=null | ip=null | op=WRITE_CHUNK {blockData=conID: 2 locID: 102651689766617697 bcsId: 0} | ret=SUCCESS |  
2019-08-20 22:34:41,074 | INFO  | DNAudit | user=null | ip=null | op=WRITE_CHUNK {blockData=conID: 2 locID: 102651689766617697 bcsId: 0} | ret=SUCCESS |  
2019-08-20 22:34:41,088 | INFO  | DNAudit | user=null | ip=null | op=WRITE_CHUNK {blockData=conID: 2 locID: 102651689766617697 bcsId: 0} | ret=SUCCESS |  
2019-08-20 22:34:41,089 | INFO  | DNAudit | user=null | ip=null | op=PUT_BLOCK {blockData=[blockId=conID: 2 locID: 102651689766617697 bcsId: 0,size=1048576]} | ret=SUCCESS |  
2019-08-20 22:34:41,089 [grpc-default-executor-5] INFO  client.GrpcClientProtocolClient (GrpcClientProtocolClient.java:onNext(255)) - client-391BA870FC40->947ec526-030f-41cc-8af7-a6f75e712ab0: receive RaftClientReply:client-391BA870FC40->947ec526-030f-41cc-8af7-a6f75e712ab0@group-5D45C35602B2, cid=2653, SUCCESS, logIndex=3966, commits[947ec526-030f-41cc-8af7-a6f75e712ab0:c3967, c447b9b6-dde2-4ce7-aa81-d0e2eddc8fe9:c3965, 28b540ac-241d-462a-a56c-509e92928066:c3965]
2019-08-20 22:34:41,090 [grpc-default-executor-5] INFO  client.GrpcClientProtocolClient (GrpcClientProtocolClient.java:onNext(255)) - client-391BA870FC40->947ec526-030f-41cc-8af7-a6f75e712ab0: receive RaftClientReply:client-391BA870FC40->947ec526-030f-41cc-8af7-a6f75e712ab0@group-5D45C35602B2, cid=2654, SUCCESS, logIndex=3967, commits[947ec526-030f-41cc-8af7-a6f75e712ab0:c3967, c447b9b6-dde2-4ce7-aa81-d0e2eddc8fe9:c3965, 28b540ac-241d-462a-a56c-509e92928066:c3965]
2019-08-20 22:34:41,092 | INFO  | SCMAudit | user=jenkins1000 | ip=192.168.5.142 | op=SEND_HEARTBEAT {datanodeUUID=d55cd342-4e6c-4701-86f3-cb557f3478dc, command=[]} | ret=SUCCESS |  
2019-08-20 22:34:41,098 | INFO  | DNAudit | user=null | ip=null | op=WRITE_CHUNK {blockData=conID: 2 locID: 102651689766617697 bcsId: 0} | ret=SUCCESS |  
2019-08-20 22:34:41,099 | INFO  | DNAudit | user=null | ip=null | op=PUT_BLOCK {blockData=[blockId=conID: 2 locID: 102651689766617697 bcsId: 0,size=2097152]} | ret=SUCCESS |  
2019-08-20 22:34:41,099 [grpc-default-executor-2] INFO  client.GrpcClientProtocolClient (GrpcClientProtocolClient.java:onNext(255)) - client-391BA870FC40->947ec526-030f-41cc-8af7-a6f75e712ab0: receive RaftClientReply:client-391BA870FC40->947ec526-030f-41cc-8af7-a6f75e712ab0@group-5D45C35602B2, cid=2655, SUCCESS, logIndex=3968, commits[947ec526-030f-41cc-8af7-a6f75e712ab0:c3969, c447b9b6-dde2-4ce7-aa81-d0e2eddc8fe9:c3965, 28b540ac-241d-462a-a56c-509e92928066:c3965]
2019-08-20 22:34:41,099 [grpc-default-executor-2] INFO  client.GrpcClientProtocolClient (GrpcClientProtocolClient.java:onNext(255)) - client-391BA870FC40->947ec526-030f-41cc-8af7-a6f75e712ab0: receive RaftClientReply:client-391BA870FC40->947ec526-030f-41cc-8af7-a6f75e712ab0@group-5D45C35602B2, cid=2656, SUCCESS, logIndex=3969, commits[947ec526-030f-41cc-8af7-a6f75e712ab0:c3969, c447b9b6-dde2-4ce7-aa81-d0e2eddc8fe9:c3965, 28b540ac-241d-462a-a56c-509e92928066:c3965]
2019-08-20 22:34:41,109 | INFO  | DNAudit | user=null | ip=null | op=WRITE_CHUNK {blockData=conID: 2 locID: 102651689766617697 bcsId: 0} | ret=SUCCESS |  
2019-08-20 22:34:41,110 | INFO  | DNAudit | user=null | ip=null | op=PUT_BLOCK {blockData=[blockId=conID: 2 locID: 102651689766617697 bcsId: 0,size=1048576]} | ret=SUCCESS |  
2019-08-20 22:34:41,111 | INFO  | DNAudit | user=null | ip=null | op=WRITE_CHUNK {blockData=conID: 2 locID: 102651689766617697 bcsId: 0} | ret=SUCCESS |  
2019-08-20 22:34:41,112 | INFO  | DNAudit | user=null | ip=null | op=PUT_BLOCK {blockData=[blockId=conID: 2 locID: 102651689766617697 bcsId: 0,size=1048576]} | ret=SUCCESS |  
2019-08-20 22:34:41,112 | INFO  | DNAudit | user=null | ip=null | op=WRITE_CHUNK {blockData=conID: 2 locID: 102651689766617697 bcsId: 0} | ret=SUCCESS |  
2019-08-20 22:34:41,112 [grpc-default-executor-2] INFO  client.GrpcClientProtocolClient (GrpcClientProtocolClient.java:onNext(255)) - client-391BA870FC40->947ec526-030f-41cc-8af7-a6f75e712ab0: receive RaftClientReply:client-391BA870FC40->947ec526-030f-41cc-8af7-a6f75e712ab0@group-5D45C35602B2, cid=2657, SUCCESS, logIndex=0, commits[947ec526-030f-41cc-8af7-a6f75e712ab0:c3971, c447b9b6-dde2-4ce7-aa81-d0e2eddc8fe9:c3967, 28b540ac-241d-462a-a56c-509e92928066:c3967]
2019-08-20 22:34:41,112 | INFO  | DNAudit | user=null | ip=null | op=PUT_BLOCK {blockData=[blockId=conID: 2 locID: 102651689766617697 bcsId: 0,size=2097152]} | ret=SUCCESS |  
2019-08-20 22:34:41,112 | INFO  | DNAudit | user=null | ip=null | op=WRITE_CHUNK {blockData=conID: 2 locID: 102651689766617697 bcsId: 0} | ret=SUCCESS |  
2019-08-20 22:34:41,113 | INFO  | DNAudit | user=null | ip=null | op=PUT_BLOCK {blockData=[blockId=conID: 2 locID: 102651689766617697 bcsId: 0,size=2097152]} | ret=SUCCESS |  
2019-08-20 22:34:41,119 | INFO  | DNAudit | user=null | ip=null | op=WRITE_CHUNK {blockData=conID: 2 locID: 102651689766617697 bcsId: 3969} | ret=SUCCESS |  
2019-08-20 22:34:41,122 | INFO  | DNAudit | user=null | ip=null | op=WRITE_CHUNK {blockData=conID: 2 locID: 102651689766617697 bcsId: 3969} | ret=SUCCESS |  
2019-08-20 22:34:41,122 | INFO  | DNAudit | user=null | ip=null | op=WRITE_CHUNK {blockData=conID: 2 locID: 102651689766617697 bcsId: 3969} | ret=SUCCESS |  
2019-08-20 22:34:41,130 | INFO  | DNAudit | user=null | ip=null | op=WRITE_CHUNK {blockData=conID: 2 locID: 102651689766617697 bcsId: 3969} | ret=SUCCESS |  
2019-08-20 22:34:41,131 | INFO  | DNAudit | user=null | ip=null | op=PUT_BLOCK {blockData=[blockId=conID: 2 locID: 102651689766617697 bcsId: 0,size=3145728]} | ret=SUCCESS |  
2019-08-20 22:34:41,131 [grpc-default-executor-5] INFO  client.GrpcClientProtocolClient (GrpcClientProtocolClient.java:onNext(255)) - client-391BA870FC40->947ec526-030f-41cc-8af7-a6f75e712ab0: receive RaftClientReply:client-391BA870FC40->947ec526-030f-41cc-8af7-a6f75e712ab0@group-5D45C35602B2, cid=2658, SUCCESS, logIndex=3974, commits[947ec526-030f-41cc-8af7-a6f75e712ab0:c3975, c447b9b6-dde2-4ce7-aa81-d0e2eddc8fe9:c3973, 28b540ac-241d-462a-a56c-509e92928066:c3973]
2019-08-20 22:34:41,131 [grpc-default-executor-5] INFO  client.GrpcClientProtocolClient (GrpcClientProtocolClient.java:onNext(255)) - client-391BA870FC40->947ec526-030f-41cc-8af7-a6f75e712ab0: receive RaftClientReply:client-391BA870FC40->947ec526-030f-41cc-8af7-a6f75e712ab0@group-5D45C35602B2, cid=2659, SUCCESS, logIndex=3975, commits[947ec526-030f-41cc-8af7-a6f75e712ab0:c3975, c447b9b6-dde2-4ce7-aa81-d0e2eddc8fe9:c3973, 28b540ac-241d-462a-a56c-509e92928066:c3973]
2019-08-20 22:34:41,133 | INFO  | DNAudit | user=null | ip=null | op=WRITE_CHUNK {blockData=conID: 2 locID: 102651689766617697 bcsId: 3969} | ret=SUCCESS |  
2019-08-20 22:34:41,133 | INFO  | DNAudit | user=null | ip=null | op=WRITE_CHUNK {blockData=conID: 2 locID: 102651689766617697 bcsId: 3969} | ret=SUCCESS |  
2019-08-20 22:34:41,136 | INFO  | DNAudit | user=null | ip=null | op=PUT_BLOCK {blockData=[blockId=conID: 2 locID: 102651689766617697 bcsId: 0,size=3145728]} | ret=SUCCESS |  
2019-08-20 22:34:41,136 | INFO  | DNAudit | user=null | ip=null | op=PUT_BLOCK {blockData=[blockId=conID: 2 locID: 102651689766617697 bcsId: 0,size=3145728]} | ret=SUCCESS |  
2019-08-20 22:34:41,138 | INFO  | DNAudit | user=null | ip=null | op=WRITE_CHUNK {blockData=conID: 2 locID: 102651689766617697 bcsId: 3975} | ret=SUCCESS |  
2019-08-20 22:34:41,140 | INFO  | DNAudit | user=null | ip=null | op=WRITE_CHUNK {blockData=conID: 2 locID: 102651689766617697 bcsId: 3975} | ret=SUCCESS |  
2019-08-20 22:34:41,140 | INFO  | DNAudit | user=null | ip=null | op=WRITE_CHUNK {blockData=conID: 2 locID: 102651689766617697 bcsId: 3975} | ret=SUCCESS |  
2019-08-20 22:34:41,150 | INFO  | DNAudit | user=null | ip=null | op=WRITE_CHUNK {blockData=conID: 2 locID: 102651689766617697 bcsId: 3975} | ret=SUCCESS |  
2019-08-20 22:34:41,150 | INFO  | DNAudit | user=null | ip=null | op=PUT_BLOCK {blockData=[blockId=conID: 2 locID: 102651689766617697 bcsId: 0,size=4194304]} | ret=SUCCESS |  
2019-08-20 22:34:41,150 [grpc-default-executor-5] INFO  client.GrpcClientProtocolClient (GrpcClientProtocolClient.java:onNext(255)) - client-391BA870FC40->947ec526-030f-41cc-8af7-a6f75e712ab0: receive RaftClientReply:client-391BA870FC40->947ec526-030f-41cc-8af7-a6f75e712ab0@group-5D45C35602B2, cid=2660, SUCCESS, logIndex=3978, commits[947ec526-030f-41cc-8af7-a6f75e712ab0:c3979, c447b9b6-dde2-4ce7-aa81-d0e2eddc8fe9:c3977, 28b540ac-241d-462a-a56c-509e92928066:c3977]
2019-08-20 22:34:41,151 [grpc-default-executor-5] INFO  client.GrpcClientProtocolClient (GrpcClientProtocolClient.java:onNext(255)) - client-391BA870FC40->947ec526-030f-41cc-8af7-a6f75e712ab0: receive RaftClientReply:client-391BA870FC40->947ec526-030f-41cc-8af7-a6f75e712ab0@group-5D45C35602B2, cid=2661, SUCCESS, logIndex=3979, commits[947ec526-030f-41cc-8af7-a6f75e712ab0:c3979, c447b9b6-dde2-4ce7-aa81-d0e2eddc8fe9:c3977, 28b540ac-241d-462a-a56c-509e92928066:c3977]
2019-08-20 22:34:41,173 | INFO  | DNAudit | user=null | ip=null | op=WRITE_CHUNK {blockData=conID: 2 locID: 102651689766617697 bcsId: 3975} | ret=SUCCESS |  
2019-08-20 22:34:41,174 | INFO  | DNAudit | user=null | ip=null | op=WRITE_CHUNK {blockData=conID: 2 locID: 102651689766617697 bcsId: 3975} | ret=SUCCESS |  
2019-08-20 22:34:41,176 | INFO  | DNAudit | user=null | ip=null | op=PUT_BLOCK {blockData=[blockId=conID: 2 locID: 102651689766617697 bcsId: 0,size=4194304]} | ret=SUCCESS |  
2019-08-20 22:34:41,177 | INFO  | DNAudit | user=null | ip=null | op=PUT_BLOCK {blockData=[blockId=conID: 2 locID: 102651689766617697 bcsId: 0,size=4194304]} | ret=SUCCESS |  
2019-08-20 22:34:41,177 [grpc-default-executor-1] INFO  client.GrpcClientProtocolClient (GrpcClientProtocolClient.java:onNext(255)) - client-391BA870FC40->947ec526-030f-41cc-8af7-a6f75e712ab0: receive RaftClientReply:client-391BA870FC40->947ec526-030f-41cc-8af7-a6f75e712ab0@group-5D45C35602B2, cid=2662, SUCCESS, logIndex=0, commits[947ec526-030f-41cc-8af7-a6f75e712ab0:c3981, c447b9b6-dde2-4ce7-aa81-d0e2eddc8fe9:c3979, 28b540ac-241d-462a-a56c-509e92928066:c3979]
2019-08-20 22:34:41,182 | INFO  | SCMAudit | user=jenkins1000 | ip=192.168.5.142 | op=ALLOCATE_BLOCK {owner=6f694d07-2a2f-44d9-8e1c-aaa094a2f647, size=4194304, type=RATIS, factor=THREE} | ret=SUCCESS |  
2019-08-20 22:34:41,185 | INFO  | OMAudit | user=jenkins1000 | ip=127.0.0.1 | op=ALLOCATE_BLOCK {volume=vol-0-80747, bucket=bucket-0-27686, key=key-0-47435, dataSize=0, replicationType=null, replicationFactor=null, keyLocationInfo=null, clientID=102651687805452690} | ret=SUCCESS |  
2019-08-20 22:34:41,191 | INFO  | DNAudit | user=null | ip=null | op=WRITE_CHUNK {blockData=conID: 3 locID: 102651689774744162 bcsId: 0} | ret=SUCCESS |  
2019-08-20 22:34:41,194 | INFO  | DNAudit | user=null | ip=null | op=WRITE_CHUNK {blockData=conID: 3 locID: 102651689774744162 bcsId: 0} | ret=SUCCESS |  
2019-08-20 22:34:41,195 | INFO  | DNAudit | user=null | ip=null | op=WRITE_CHUNK {blockData=conID: 3 locID: 102651689774744162 bcsId: 0} | ret=SUCCESS |  
2019-08-20 22:34:41,197 | INFO  | DNAudit | user=null | ip=null | op=WRITE_CHUNK {blockData=conID: 3 locID: 102651689774744162 bcsId: 0} | ret=SUCCESS |  
2019-08-20 22:34:41,197 | INFO  | DNAudit | user=null | ip=null | op=WRITE_CHUNK {blockData=conID: 3 locID: 102651689774744162 bcsId: 0} | ret=SUCCESS |  
2019-08-20 22:34:41,197 | INFO  | DNAudit | user=null | ip=null | op=WRITE_CHUNK {blockData=conID: 3 locID: 102651689774744162 bcsId: 0} | ret=SUCCESS |  
2019-08-20 22:34:41,204 | INFO  | DNAudit | user=null | ip=null | op=WRITE_CHUNK {blockData=conID: 3 locID: 102651689774744162 bcsId: 0} | ret=SUCCESS |  
2019-08-20 22:34:41,205 | INFO  | DNAudit | user=null | ip=null | op=PUT_BLOCK {blockData=[blockId=conID: 3 locID: 102651689774744162 bcsId: 0,size=1048576]} | ret=SUCCESS |  
2019-08-20 22:34:41,205 [grpc-default-executor-2] INFO  client.GrpcClientProtocolClient (GrpcClientProtocolClient.java:onNext(255)) - client-391BA870FC40->947ec526-030f-41cc-8af7-a6f75e712ab0: receive RaftClientReply:client-391BA870FC40->947ec526-030f-41cc-8af7-a6f75e712ab0@group-5D45C35602B2, cid=2663, SUCCESS, logIndex=3982, commits[947ec526-030f-41cc-8af7-a6f75e712ab0:c3984, c447b9b6-dde2-4ce7-aa81-d0e2eddc8fe9:c3981, 28b540ac-241d-462a-a56c-509e92928066:c3981]
2019-08-20 22:34:41,205 | INFO  | DNAudit | user=null | ip=null | op=WRITE_CHUNK {blockData=conID: 3 locID: 102651689774744162 bcsId: 0} | ret=SUCCESS |  
2019-08-20 22:34:41,205 | INFO  | DNAudit | user=null | ip=null | op=PUT_BLOCK {blockData=[blockId=conID: 3 locID: 102651689774744162 bcsId: 0,size=2097152]} | ret=SUCCESS |  
2019-08-20 22:34:41,205 [grpc-default-executor-2] INFO  client.GrpcClientProtocolClient (GrpcClientProtocolClient.java:onNext(255)) - client-391BA870FC40->947ec526-030f-41cc-8af7-a6f75e712ab0: receive RaftClientReply:client-391BA870FC40->947ec526-030f-41cc-8af7-a6f75e712ab0@group-5D45C35602B2, cid=2664, SUCCESS, logIndex=3983, commits[947ec526-030f-41cc-8af7-a6f75e712ab0:c3985, c447b9b6-dde2-4ce7-aa81-d0e2eddc8fe9:c3981, 28b540ac-241d-462a-a56c-509e92928066:c3981]
2019-08-20 22:34:41,206 [grpc-default-executor-2] INFO  client.GrpcClientProtocolClient (GrpcClientProtocolClient.java:onNext(255)) - client-391BA870FC40->947ec526-030f-41cc-8af7-a6f75e712ab0: receive RaftClientReply:client-391BA870FC40->947ec526-030f-41cc-8af7-a6f75e712ab0@group-5D45C35602B2, cid=2665, SUCCESS, logIndex=3984, commits[947ec526-030f-41cc-8af7-a6f75e712ab0:c3985, c447b9b6-dde2-4ce7-aa81-d0e2eddc8fe9:c3981, 28b540ac-241d-462a-a56c-509e92928066:c3981]
2019-08-20 22:34:41,206 [grpc-default-executor-2] INFO  client.GrpcClientProtocolClient (GrpcClientProtocolClient.java:onNext(255)) - client-391BA870FC40->947ec526-030f-41cc-8af7-a6f75e712ab0: receive RaftClientReply:client-391BA870FC40->947ec526-030f-41cc-8af7-a6f75e712ab0@group-5D45C35602B2, cid=2666, SUCCESS, logIndex=3985, commits[947ec526-030f-41cc-8af7-a6f75e712ab0:c3985, c447b9b6-dde2-4ce7-aa81-d0e2eddc8fe9:c3981, 28b540ac-241d-462a-a56c-509e92928066:c3981]
2019-08-20 22:34:41,219 | INFO  | DNAudit | user=null | ip=null | op=WRITE_CHUNK {blockData=conID: 3 locID: 102651689774744162 bcsId: 0} | ret=SUCCESS |  
 0.00% |█                                                                                                    |  0/1 Time: 0:00:302019-08-20 22:34:41,222 | INFO  | DNAudit | user=null | ip=null | op=PUT_BLOCK {blockData=[blockId=conID: 3 locID: 102651689774744162 bcsId: 0,size=1048576]} | ret=SUCCESS |  
2019-08-20 22:34:41,222 | INFO  | SCMAudit | user=jenkins1000 | ip=192.168.5.142 | op=SEND_HEARTBEAT {datanodeUUID=947ec526-030f-41cc-8af7-a6f75e712ab0, command=[]} | ret=SUCCESS |  
2019-08-20 22:34:41,222 | INFO  | DNAudit | user=null | ip=null | op=WRITE_CHUNK {blockData=conID: 3 locID: 102651689774744162 bcsId: 0} | ret=SUCCESS |  
2019-08-20 22:34:41,223 | INFO  | SCMAudit | user=jenkins1000 | ip=192.168.5.142 | op=SEND_HEARTBEAT {datanodeUUID=eafd9314-3f13-422a-a2ac-adfcde2d7481, command=[]} | ret=SUCCESS |  
2019-08-20 22:34:41,223 | INFO  | SCMAudit | user=jenkins1000 | ip=192.168.5.142 | op=SEND_HEARTBEAT {datanodeUUID=28b540ac-241d-462a-a56c-509e92928066, command=[]} | ret=SUCCESS |  
2019-08-20 22:34:41,223 | INFO  | SCMAudit | user=jenkins1000 | ip=192.168.5.142 | op=SEND_HEARTBEAT {datanodeUUID=c447b9b6-dde2-4ce7-aa81-d0e2eddc8fe9, command=[]} | ret=SUCCESS |  
2019-08-20 22:34:41,223 | INFO  | DNAudit | user=null | ip=null | op=WRITE_CHUNK {blockData=conID: 3 locID: 102651689774744162 bcsId: 0} | ret=SUCCESS |  
2019-08-20 22:34:41,223 | INFO  | DNAudit | user=null | ip=null | op=PUT_BLOCK {blockData=[blockId=conID: 3 locID: 102651689774744162 bcsId: 0,size=1048576]} | ret=SUCCESS |  
2019-08-20 22:34:41,223 | INFO  | DNAudit | user=null | ip=null | op=PUT_BLOCK {blockData=[blockId=conID: 3 locID: 102651689774744162 bcsId: 0,size=2097152]} | ret=SUCCESS |  
2019-08-20 22:34:41,223 [grpc-default-executor-5] INFO  client.GrpcClientProtocolClient (GrpcClientProtocolClient.java:onNext(255)) - client-391BA870FC40->947ec526-030f-41cc-8af7-a6f75e712ab0: receive RaftClientReply:client-391BA870FC40->947ec526-030f-41cc-8af7-a6f75e712ab0@group-5D45C35602B2, cid=2667, SUCCESS, logIndex=0, commits[947ec526-030f-41cc-8af7-a6f75e712ab0:c3986, c447b9b6-dde2-4ce7-aa81-d0e2eddc8fe9:c3983, 28b540ac-241d-462a-a56c-509e92928066:c3983]
2019-08-20 22:34:41,229 | INFO  | DNAudit | user=null | ip=null | op=WRITE_CHUNK {blockData=conID: 3 locID: 102651689774744162 bcsId: 3985} | ret=SUCCESS |  
2019-08-20 22:34:41,230 | INFO  | DNAudit | user=null | ip=null | op=WRITE_CHUNK {blockData=conID: 3 locID: 102651689774744162 bcsId: 0} | ret=SUCCESS |  
2019-08-20 22:34:41,231 | INFO  | DNAudit | user=null | ip=null | op=PUT_BLOCK {blockData=[blockId=conID: 3 locID: 102651689774744162 bcsId: 0,size=2097152]} | ret=SUCCESS |  
2019-08-20 22:34:41,231 | INFO  | DNAudit | user=null | ip=null | op=WRITE_CHUNK {blockData=conID: 3 locID: 102651689774744162 bcsId: 3985} | ret=SUCCESS |  
2019-08-20 22:34:41,231 | INFO  | DNAudit | user=null | ip=null | op=WRITE_CHUNK {blockData=conID: 3 locID: 102651689774744162 bcsId: 3985} | ret=SUCCESS |  
2019-08-20 22:34:41,243 | INFO  | DNAudit | user=null | ip=null | op=WRITE_CHUNK {blockData=conID: 3 locID: 102651689774744162 bcsId: 3985} | ret=SUCCESS |  
2019-08-20 22:34:41,243 | INFO  | DNAudit | user=null | ip=null | op=PUT_BLOCK {blockData=[blockId=conID: 3 locID: 102651689774744162 bcsId: 0,size=3145728]} | ret=SUCCESS |  
2019-08-20 22:34:41,243 [grpc-default-executor-1] INFO  client.GrpcClientProtocolClient (GrpcClientProtocolClient.java:onNext(255)) - client-391BA870FC40->947ec526-030f-41cc-8af7-a6f75e712ab0: receive RaftClientReply:client-391BA870FC40->947ec526-030f-41cc-8af7-a6f75e712ab0@group-5D45C35602B2, cid=2668, SUCCESS, logIndex=3990, commits[947ec526-030f-41cc-8af7-a6f75e712ab0:c3991, c447b9b6-dde2-4ce7-aa81-d0e2eddc8fe9:c3985, 28b540ac-241d-462a-a56c-509e92928066:c3986]
2019-08-20 22:34:41,244 [grpc-default-executor-1] INFO  client.GrpcClientProtocolClient (GrpcClientProtocolClient.java:onNext(255)) - client-391BA870FC40->947ec526-030f-41cc-8af7-a6f75e712ab0: receive RaftClientReply:client-391BA870FC40->947ec526-030f-41cc-8af7-a6f75e712ab0@group-5D45C35602B2, cid=2669, SUCCESS, logIndex=3991, commits[947ec526-030f-41cc-8af7-a6f75e712ab0:c3991, c447b9b6-dde2-4ce7-aa81-d0e2eddc8fe9:c3986, 28b540ac-241d-462a-a56c-509e92928066:c3986]
2019-08-20 22:34:41,244 | INFO  | DNAudit | user=null | ip=null | op=WRITE_CHUNK {blockData=conID: 3 locID: 102651689774744162 bcsId: 3985} | ret=SUCCESS |  
2019-08-20 22:34:41,244 | INFO  | DNAudit | user=null | ip=null | op=WRITE_CHUNK {blockData=conID: 3 locID: 102651689774744162 bcsId: 3985} | ret=SUCCESS |  
2019-08-20 22:34:41,244 | INFO  | DNAudit | user=null | ip=null | op=PUT_BLOCK {blockData=[blockId=conID: 3 locID: 102651689774744162 bcsId: 0,size=3145728]} | ret=SUCCESS |  
2019-08-20 22:34:41,244 | INFO  | DNAudit | user=null | ip=null | op=PUT_BLOCK {blockData=[blockId=conID: 3 locID: 102651689774744162 bcsId: 0,size=3145728]} | ret=SUCCESS |  
2019-08-20 22:34:41,250 | INFO  | DNAudit | user=null | ip=null | op=WRITE_CHUNK {blockData=conID: 3 locID: 102651689774744162 bcsId: 3991} | ret=SUCCESS |  
2019-08-20 22:34:41,251 | INFO  | DNAudit | user=null | ip=null | op=WRITE_CHUNK {blockData=conID: 3 locID: 102651689774744162 bcsId: 3991} | ret=SUCCESS |  
2019-08-20 22:34:41,251 | INFO  | DNAudit | user=null | ip=null | op=WRITE_CHUNK {blockData=conID: 3 locID: 102651689774744162 bcsId: 3991} | ret=SUCCESS |  
2019-08-20 22:34:41,264 | INFO  | DNAudit | user=null | ip=null | op=WRITE_CHUNK {blockData=conID: 3 locID: 102651689774744162 bcsId: 3991} | ret=SUCCESS |  
2019-08-20 22:34:41,265 | INFO  | DNAudit | user=null | ip=null | op=PUT_BLOCK {blockData=[blockId=conID: 3 locID: 102651689774744162 bcsId: 0,size=4194304]} | ret=SUCCESS |  
2019-08-20 22:34:41,265 [grpc-default-executor-1] INFO  client.GrpcClientProtocolClient (GrpcClientProtocolClient.java:onNext(255)) - client-391BA870FC40->947ec526-030f-41cc-8af7-a6f75e712ab0: receive RaftClientReply:client-391BA870FC40->947ec526-030f-41cc-8af7-a6f75e712ab0@group-5D45C35602B2, cid=2670, SUCCESS, logIndex=3994, commits[947ec526-030f-41cc-8af7-a6f75e712ab0:c3995, c447b9b6-dde2-4ce7-aa81-d0e2eddc8fe9:c3993, 28b540ac-241d-462a-a56c-509e92928066:c3993]
2019-08-20 22:34:41,265 [grpc-default-executor-1] INFO  client.GrpcClientProtocolClient (GrpcClientProtocolClient.java:onNext(255)) - client-391BA870FC40->947ec526-030f-41cc-8af7-a6f75e712ab0: receive RaftClientReply:client-391BA870FC40->947ec526-030f-41cc-8af7-a6f75e712ab0@group-5D45C35602B2, cid=2671, SUCCESS, logIndex=3995, commits[947ec526-030f-41cc-8af7-a6f75e712ab0:c3995, c447b9b6-dde2-4ce7-aa81-d0e2eddc8fe9:c3993, 28b540ac-241d-462a-a56c-509e92928066:c3993]
2019-08-20 22:34:41,277 | INFO  | DNAudit | user=null | ip=null | op=WRITE_CHUNK {blockData=conID: 3 locID: 102651689774744162 bcsId: 3991} | ret=SUCCESS |  
2019-08-20 22:34:41,277 | INFO  | DNAudit | user=null | ip=null | op=WRITE_CHUNK {blockData=conID: 3 locID: 102651689774744162 bcsId: 3991} | ret=SUCCESS |  
2019-08-20 22:34:41,290 | INFO  | DNAudit | user=null | ip=null | op=PUT_BLOCK {blockData=[blockId=conID: 3 locID: 102651689774744162 bcsId: 0,size=4194304]} | ret=SUCCESS |  
2019-08-20 22:34:41,290 | INFO  | DNAudit | user=null | ip=null | op=PUT_BLOCK {blockData=[blockId=conID: 3 locID: 102651689774744162 bcsId: 0,size=4194304]} | ret=SUCCESS |  
2019-08-20 22:34:41,290 [grpc-default-executor-1] INFO  client.GrpcClientProtocolClient (GrpcClientProtocolClient.java:onNext(255)) - client-391BA870FC40->947ec526-030f-41cc-8af7-a6f75e712ab0: receive RaftClientReply:client-391BA870FC40->947ec526-030f-41cc-8af7-a6f75e712ab0@group-5D45C35602B2, cid=2672, SUCCESS, logIndex=0, commits[947ec526-030f-41cc-8af7-a6f75e712ab0:c3997, c447b9b6-dde2-4ce7-aa81-d0e2eddc8fe9:c3995, 28b540ac-241d-462a-a56c-509e92928066:c3995]
2019-08-20 22:34:41,295 | INFO  | SCMAudit | user=jenkins1000 | ip=192.168.5.142 | op=ALLOCATE_BLOCK {owner=6f694d07-2a2f-44d9-8e1c-aaa094a2f647, size=4194304, type=RATIS, factor=THREE} | ret=SUCCESS |  
2019-08-20 22:34:41,298 | INFO  | OMAudit | user=jenkins1000 | ip=127.0.0.1 | op=ALLOCATE_BLOCK {volume=vol-0-80747, bucket=bucket-0-27686, key=key-0-47435, dataSize=0, replicationType=null, replicationFactor=null, keyLocationInfo=null, clientID=102651687805452690} | ret=SUCCESS |  
2019-08-20 22:34:41,310 | INFO  | DNAudit | user=null | ip=null | op=WRITE_CHUNK {blockData=conID: 1 locID: 102651689782149731 bcsId: 0} | ret=SUCCESS |  
2019-08-20 22:34:41,501 | INFO  | DNAudit | user=null | ip=null | op=WRITE_CHUNK {blockData=conID: 1 locID: 102651689782149731 bcsId: 0} | ret=SUCCESS |  
2019-08-20 22:34:41,501 | INFO  | DNAudit | user=null | ip=null | op=WRITE_CHUNK {blockData=conID: 1 locID: 102651689782149731 bcsId: 0} | ret=SUCCESS |  
2019-08-20 22:34:41,503 | INFO  | DNAudit | user=null | ip=null | op=WRITE_CHUNK {blockData=conID: 1 locID: 102651689782149731 bcsId: 0} | ret=SUCCESS |  
2019-08-20 22:34:41,505 | INFO  | DNAudit | user=null | ip=null | op=WRITE_CHUNK {blockData=conID: 1 locID: 102651689782149731 bcsId: 0} | ret=SUCCESS |  
2019-08-20 22:34:41,505 | INFO  | DNAudit | user=null | ip=null | op=WRITE_CHUNK {blockData=conID: 1 locID: 102651689782149731 bcsId: 0} | ret=SUCCESS |  
2019-08-20 22:34:41,514 | INFO  | DNAudit | user=null | ip=null | op=WRITE_CHUNK {blockData=conID: 1 locID: 102651689782149731 bcsId: 0} | ret=SUCCESS |  
2019-08-20 22:34:41,515 | INFO  | DNAudit | user=null | ip=null | op=PUT_BLOCK {blockData=[blockId=conID: 1 locID: 102651689782149731 bcsId: 0,size=1048576]} | ret=SUCCESS |  
2019-08-20 22:34:41,515 [grpc-default-executor-5] INFO  client.GrpcClientProtocolClient (GrpcClientProtocolClient.java:onNext(255)) - client-391BA870FC40->947ec526-030f-41cc-8af7-a6f75e712ab0: receive RaftClientReply:client-391BA870FC40->947ec526-030f-41cc-8af7-a6f75e712ab0@group-5D45C35602B2, cid=2673, SUCCESS, logIndex=3998, commits[947ec526-030f-41cc-8af7-a6f75e712ab0:c3999, c447b9b6-dde2-4ce7-aa81-d0e2eddc8fe9:c3997, 28b540ac-241d-462a-a56c-509e92928066:c3997]
2019-08-20 22:34:41,516 | INFO  | DNAudit | user=null | ip=null | op=WRITE_CHUNK {blockData=conID: 1 locID: 102651689782149731 bcsId: 0} | ret=SUCCESS |  
2019-08-20 22:34:41,516 [grpc-default-executor-5] INFO  client.GrpcClientProtocolClient (GrpcClientProtocolClient.java:onNext(255)) - client-391BA870FC40->947ec526-030f-41cc-8af7-a6f75e712ab0: receive RaftClientReply:client-391BA870FC40->947ec526-030f-41cc-8af7-a6f75e712ab0@group-5D45C35602B2, cid=2674, SUCCESS, logIndex=3999, commits[947ec526-030f-41cc-8af7-a6f75e712ab0:c4001, c447b9b6-dde2-4ce7-aa81-d0e2eddc8fe9:c3997, 28b540ac-241d-462a-a56c-509e92928066:c3997]
2019-08-20 22:34:41,516 | INFO  | DNAudit | user=null | ip=null | op=PUT_BLOCK {blockData=[blockId=conID: 1 locID: 102651689782149731 bcsId: 0,size=2097152]} | ret=SUCCESS |  
2019-08-20 22:34:41,516 [grpc-default-executor-5] INFO  client.GrpcClientProtocolClient (GrpcClientProtocolClient.java:onNext(255)) - client-391BA870FC40->947ec526-030f-41cc-8af7-a6f75e712ab0: receive RaftClientReply:client-391BA870FC40->947ec526-030f-41cc-8af7-a6f75e712ab0@group-5D45C35602B2, cid=2675, SUCCESS, logIndex=4000, commits[947ec526-030f-41cc-8af7-a6f75e712ab0:c4001, c447b9b6-dde2-4ce7-aa81-d0e2eddc8fe9:c3997, 28b540ac-241d-462a-a56c-509e92928066:c3997]
2019-08-20 22:34:41,517 [grpc-default-executor-5] INFO  client.GrpcClientProtocolClient (GrpcClientProtocolClient.java:onNext(255)) - client-391BA870FC40->947ec526-030f-41cc-8af7-a6f75e712ab0: receive RaftClientReply:client-391BA870FC40->947ec526-030f-41cc-8af7-a6f75e712ab0@group-5D45C35602B2, cid=2676, SUCCESS, logIndex=4001, commits[947ec526-030f-41cc-8af7-a6f75e712ab0:c4001, c447b9b6-dde2-4ce7-aa81-d0e2eddc8fe9:c3997, 28b540ac-241d-462a-a56c-509e92928066:c3997]
2019-08-20 22:34:41,526 | INFO  | DNAudit | user=null | ip=null | op=WRITE_CHUNK {blockData=conID: 1 locID: 102651689782149731 bcsId: 0} | ret=SUCCESS |  
2019-08-20 22:34:41,526 | INFO  | DNAudit | user=null | ip=null | op=WRITE_CHUNK {blockData=conID: 1 locID: 102651689782149731 bcsId: 0} | ret=SUCCESS |  
2019-08-20 22:34:41,527 | INFO  | DNAudit | user=null | ip=null | op=PUT_BLOCK {blockData=[blockId=conID: 1 locID: 102651689782149731 bcsId: 0,size=1048576]} | ret=SUCCESS |  
2019-08-20 22:34:41,531 | INFO  | DNAudit | user=null | ip=null | op=WRITE_CHUNK {blockData=conID: 1 locID: 102651689782149731 bcsId: 0} | ret=SUCCESS |  
2019-08-20 22:34:41,531 | INFO  | DNAudit | user=null | ip=null | op=PUT_BLOCK {blockData=[blockId=conID: 1 locID: 102651689782149731 bcsId: 0,size=1048576]} | ret=SUCCESS |  
2019-08-20 22:34:41,531 | INFO  | DNAudit | user=null | ip=null | op=PUT_BLOCK {blockData=[blockId=conID: 1 locID: 102651689782149731 bcsId: 0,size=2097152]} | ret=SUCCESS |  
2019-08-20 22:34:41,531 | INFO  | DNAudit | user=null | ip=null | op=WRITE_CHUNK {blockData=conID: 1 locID: 102651689782149731 bcsId: 0} | ret=SUCCESS |  
2019-08-20 22:34:41,531 | INFO  | DNAudit | user=null | ip=null | op=PUT_BLOCK {blockData=[blockId=conID: 1 locID: 102651689782149731 bcsId: 0,size=2097152]} | ret=SUCCESS |  
2019-08-20 22:34:41,532 [grpc-default-executor-5] INFO  client.GrpcClientProtocolClient (GrpcClientProtocolClient.java:onNext(255)) - client-391BA870FC40->947ec526-030f-41cc-8af7-a6f75e712ab0: receive RaftClientReply:client-391BA870FC40->947ec526-030f-41cc-8af7-a6f75e712ab0@group-5D45C35602B2, cid=2677, SUCCESS, logIndex=0, commits[947ec526-030f-41cc-8af7-a6f75e712ab0:c4005, c447b9b6-dde2-4ce7-aa81-d0e2eddc8fe9:c3999, 28b540ac-241d-462a-a56c-509e92928066:c4001]
2019-08-20 22:34:41,540 | INFO  | DNAudit | user=null | ip=null | op=WRITE_CHUNK {blockData=conID: 1 locID: 102651689782149731 bcsId: 4001} | ret=SUCCESS |  
2019-08-20 22:34:41,543 | INFO  | DNAudit | user=null | ip=null | op=WRITE_CHUNK {blockData=conID: 1 locID: 102651689782149731 bcsId: 4001} | ret=SUCCESS |  
2019-08-20 22:34:41,543 | INFO  | DNAudit | user=null | ip=null | op=WRITE_CHUNK {blockData=conID: 1 locID: 102651689782149731 bcsId: 4001} | ret=SUCCESS |  
2019-08-20 22:34:41,553 | INFO  | DNAudit | user=null | ip=null | op=WRITE_CHUNK {blockData=conID: 1 locID: 102651689782149731 bcsId: 4001} | ret=SUCCESS |  
2019-08-20 22:34:41,554 | INFO  | DNAudit | user=null | ip=null | op=PUT_BLOCK {blockData=[blockId=conID: 1 locID: 102651689782149731 bcsId: 0,size=3145728]} | ret=SUCCESS |  
2019-08-20 22:34:41,554 [grpc-default-executor-3] INFO  client.GrpcClientProtocolClient (GrpcClientProtocolClient.java:onNext(255)) - client-391BA870FC40->947ec526-030f-41cc-8af7-a6f75e712ab0: receive RaftClientReply:client-391BA870FC40->947ec526-030f-41cc-8af7-a6f75e712ab0@group-5D45C35602B2, cid=2678, SUCCESS, logIndex=4006, commits[947ec526-030f-41cc-8af7-a6f75e712ab0:c4007, c447b9b6-dde2-4ce7-aa81-d0e2eddc8fe9:c4005, 28b540ac-241d-462a-a56c-509e92928066:c4005]
2019-08-20 22:34:41,554 [grpc-default-executor-3] INFO  client.GrpcClientProtocolClient (GrpcClientProtocolClient.java:onNext(255)) - client-391BA870FC40->947ec526-030f-41cc-8af7-a6f75e712ab0: receive RaftClientReply:client-391BA870FC40->947ec526-030f-41cc-8af7-a6f75e712ab0@group-5D45C35602B2, cid=2679, SUCCESS, logIndex=4007, commits[947ec526-030f-41cc-8af7-a6f75e712ab0:c4007, c447b9b6-dde2-4ce7-aa81-d0e2eddc8fe9:c4005, 28b540ac-241d-462a-a56c-509e92928066:c4005]
2019-08-20 22:34:41,561 | INFO  | DNAudit | user=null | ip=null | op=WRITE_CHUNK {blockData=conID: 1 locID: 102651689782149731 bcsId: 4007} | ret=SUCCESS |  
2019-08-20 22:34:41,563 | INFO  | DNAudit | user=null | ip=null | op=WRITE_CHUNK {blockData=conID: 1 locID: 102651689782149731 bcsId: 4007} | ret=SUCCESS |  
2019-08-20 22:34:41,564 | INFO  | DNAudit | user=null | ip=null | op=WRITE_CHUNK {blockData=conID: 1 locID: 102651689782149731 bcsId: 4007} | ret=SUCCESS |  
2019-08-20 22:34:41,566 | INFO  | DNAudit | user=null | ip=null | op=WRITE_CHUNK {blockData=conID: 1 locID: 102651689782149731 bcsId: 4001} | ret=SUCCESS |  
2019-08-20 22:34:41,566 | INFO  | DNAudit | user=null | ip=null | op=WRITE_CHUNK {blockData=conID: 1 locID: 102651689782149731 bcsId: 4001} | ret=SUCCESS |  
2019-08-20 22:34:41,567 | INFO  | DNAudit | user=null | ip=null | op=PUT_BLOCK {blockData=[blockId=conID: 1 locID: 102651689782149731 bcsId: 0,size=3145728]} | ret=SUCCESS |  
2019-08-20 22:34:41,567 | INFO  | DNAudit | user=null | ip=null | op=PUT_BLOCK {blockData=[blockId=conID: 1 locID: 102651689782149731 bcsId: 0,size=3145728]} | ret=SUCCESS |  
2019-08-20 22:34:41,581 | INFO  | DNAudit | user=null | ip=null | op=WRITE_CHUNK {blockData=conID: 1 locID: 102651689782149731 bcsId: 4007} | ret=SUCCESS |  
2019-08-20 22:34:41,581 | INFO  | DNAudit | user=null | ip=null | op=PUT_BLOCK {blockData=[blockId=conID: 1 locID: 102651689782149731 bcsId: 0,size=4194304]} | ret=SUCCESS |  
2019-08-20 22:34:41,582 [grpc-default-executor-1] INFO  client.GrpcClientProtocolClient (GrpcClientProtocolClient.java:onNext(255)) - client-391BA870FC40->947ec526-030f-41cc-8af7-a6f75e712ab0: receive RaftClientReply:client-391BA870FC40->947ec526-030f-41cc-8af7-a6f75e712ab0@group-5D45C35602B2, cid=2680, SUCCESS, logIndex=4010, commits[947ec526-030f-41cc-8af7-a6f75e712ab0:c4011, c447b9b6-dde2-4ce7-aa81-d0e2eddc8fe9:c4007, 28b540ac-241d-462a-a56c-509e92928066:c4007]
2019-08-20 22:34:41,582 [grpc-default-executor-1] INFO  client.GrpcClientProtocolClient (GrpcClientProtocolClient.java:onNext(255)) - client-391BA870FC40->947ec526-030f-41cc-8af7-a6f75e712ab0: receive RaftClientReply:client-391BA870FC40->947ec526-030f-41cc-8af7-a6f75e712ab0@group-5D45C35602B2, cid=2681, SUCCESS, logIndex=4011, commits[947ec526-030f-41cc-8af7-a6f75e712ab0:c4011, c447b9b6-dde2-4ce7-aa81-d0e2eddc8fe9:c4007, 28b540ac-241d-462a-a56c-509e92928066:c4007]
2019-08-20 22:34:41,594 | INFO  | DNAudit | user=null | ip=null | op=WRITE_CHUNK {blockData=conID: 1 locID: 102651689782149731 bcsId: 4007} | ret=SUCCESS |  
2019-08-20 22:34:41,594 | INFO  | DNAudit | user=null | ip=null | op=WRITE_CHUNK {blockData=conID: 1 locID: 102651689782149731 bcsId: 4007} | ret=SUCCESS |  
2019-08-20 22:34:41,594 | INFO  | DNAudit | user=null | ip=null | op=PUT_BLOCK {blockData=[blockId=conID: 1 locID: 102651689782149731 bcsId: 0,size=4194304]} | ret=SUCCESS |  
2019-08-20 22:34:41,594 | INFO  | DNAudit | user=null | ip=null | op=PUT_BLOCK {blockData=[blockId=conID: 1 locID: 102651689782149731 bcsId: 0,size=4194304]} | ret=SUCCESS |  
2019-08-20 22:34:41,595 [grpc-default-executor-1] INFO  client.GrpcClientProtocolClient (GrpcClientProtocolClient.java:onNext(255)) - client-391BA870FC40->947ec526-030f-41cc-8af7-a6f75e712ab0: receive RaftClientReply:client-391BA870FC40->947ec526-030f-41cc-8af7-a6f75e712ab0@group-5D45C35602B2, cid=2682, SUCCESS, logIndex=0, commits[947ec526-030f-41cc-8af7-a6f75e712ab0:c4012, c447b9b6-dde2-4ce7-aa81-d0e2eddc8fe9:c4011, 28b540ac-241d-462a-a56c-509e92928066:c4011]
2019-08-20 22:34:41,600 | INFO  | SCMAudit | user=jenkins1000 | ip=192.168.5.142 | op=ALLOCATE_BLOCK {owner=6f694d07-2a2f-44d9-8e1c-aaa094a2f647, size=4194304, type=RATIS, factor=THREE} | ret=SUCCESS |  
2019-08-20 22:34:41,602 | INFO  | OMAudit | user=jenkins1000 | ip=127.0.0.1 | op=ALLOCATE_BLOCK {volume=vol-0-80747, bucket=bucket-0-27686, key=key-0-47435, dataSize=0, replicationType=null, replicationFactor=null, keyLocationInfo=null, clientID=102651687805452690} | ret=SUCCESS |  
2019-08-20 22:34:41,610 | INFO  | DNAudit | user=null | ip=null | op=WRITE_CHUNK {blockData=conID: 2 locID: 102651689802138212 bcsId: 0} | ret=SUCCESS |  
2019-08-20 22:34:41,614 | INFO  | DNAudit | user=null | ip=null | op=WRITE_CHUNK {blockData=conID: 2 locID: 102651689802138212 bcsId: 0} | ret=SUCCESS |  
2019-08-20 22:34:41,614 | INFO  | DNAudit | user=null | ip=null | op=WRITE_CHUNK {blockData=conID: 2 locID: 102651689802138212 bcsId: 0} | ret=SUCCESS |  
2019-08-20 22:34:41,614 | INFO  | DNAudit | user=null | ip=null | op=WRITE_CHUNK {blockData=conID: 2 locID: 102651689802138212 bcsId: 0} | ret=SUCCESS |  
2019-08-20 22:34:41,615 | INFO  | DNAudit | user=null | ip=null | op=WRITE_CHUNK {blockData=conID: 2 locID: 102651689802138212 bcsId: 0} | ret=SUCCESS |  
2019-08-20 22:34:41,615 | INFO  | DNAudit | user=null | ip=null | op=WRITE_CHUNK {blockData=conID: 2 locID: 102651689802138212 bcsId: 0} | ret=SUCCESS |  
2019-08-20 22:34:41,625 | INFO  | DNAudit | user=null | ip=null | op=WRITE_CHUNK {blockData=conID: 2 locID: 102651689802138212 bcsId: 0} | ret=SUCCESS |  
2019-08-20 22:34:41,625 | INFO  | DNAudit | user=null | ip=null | op=PUT_BLOCK {blockData=[blockId=conID: 2 locID: 102651689802138212 bcsId: 0,size=1048576]} | ret=SUCCESS |  
2019-08-20 22:34:41,626 [grpc-default-executor-2] INFO  client.GrpcClientProtocolClient (GrpcClientProtocolClient.java:onNext(255)) - client-391BA870FC40->947ec526-030f-41cc-8af7-a6f75e712ab0: receive RaftClientReply:client-391BA870FC40->947ec526-030f-41cc-8af7-a6f75e712ab0@group-5D45C35602B2, cid=2683, SUCCESS, logIndex=4014, commits[947ec526-030f-41cc-8af7-a6f75e712ab0:c4015, c447b9b6-dde2-4ce7-aa81-d0e2eddc8fe9:c4013, 28b540ac-241d-462a-a56c-509e92928066:c4013]
2019-08-20 22:34:41,626 [grpc-default-executor-2] INFO  client.GrpcClientProtocolClient (GrpcClientProtocolClient.java:onNext(255)) - client-391BA870FC40->947ec526-030f-41cc-8af7-a6f75e712ab0: receive RaftClientReply:client-391BA870FC40->947ec526-030f-41cc-8af7-a6f75e712ab0@group-5D45C35602B2, cid=2684, SUCCESS, logIndex=4015, commits[947ec526-030f-41cc-8af7-a6f75e712ab0:c4015, c447b9b6-dde2-4ce7-aa81-d0e2eddc8fe9:c4013, 28b540ac-241d-462a-a56c-509e92928066:c4013]
2019-08-20 22:34:41,634 | INFO  | DNAudit | user=null | ip=null | op=WRITE_CHUNK {blockData=conID: 2 locID: 102651689802138212 bcsId: 0} | ret=SUCCESS |  
2019-08-20 22:34:41,635 | INFO  | DNAudit | user=null | ip=null | op=PUT_BLOCK {blockData=[blockId=conID: 2 locID: 102651689802138212 bcsId: 0,size=2097152]} | ret=SUCCESS |  
2019-08-20 22:34:41,635 [grpc-default-executor-2] INFO  client.GrpcClientProtocolClient (GrpcClientProtocolClient.java:onNext(255)) - client-391BA870FC40->947ec526-030f-41cc-8af7-a6f75e712ab0: receive RaftClientReply:client-391BA870FC40->947ec526-030f-41cc-8af7-a6f75e712ab0@group-5D45C35602B2, cid=2685, SUCCESS, logIndex=4016, commits[947ec526-030f-41cc-8af7-a6f75e712ab0:c4017, c447b9b6-dde2-4ce7-aa81-d0e2eddc8fe9:c4013, 28b540ac-241d-462a-a56c-509e92928066:c4013]
2019-08-20 22:34:41,636 [grpc-default-executor-2] INFO  client.GrpcClientProtocolClient (GrpcClientProtocolClient.java:onNext(255)) - client-391BA870FC40->947ec526-030f-41cc-8af7-a6f75e712ab0: receive RaftClientReply:client-391BA870FC40->947ec526-030f-41cc-8af7-a6f75e712ab0@group-5D45C35602B2, cid=2686, SUCCESS, logIndex=4017, commits[947ec526-030f-41cc-8af7-a6f75e712ab0:c4017, c447b9b6-dde2-4ce7-aa81-d0e2eddc8fe9:c4013, 28b540ac-241d-462a-a56c-509e92928066:c4013]
2019-08-20 22:34:41,637 | INFO  | DNAudit | user=null | ip=null | op=WRITE_CHUNK {blockData=conID: 2 locID: 102651689802138212 bcsId: 0} | ret=SUCCESS |  
2019-08-20 22:34:41,637 | INFO  | DNAudit | user=null | ip=null | op=WRITE_CHUNK {blockData=conID: 2 locID: 102651689802138212 bcsId: 0} | ret=SUCCESS |  
2019-08-20 22:34:41,645 | INFO  | DNAudit | user=null | ip=null | op=PUT_BLOCK {blockData=[blockId=conID: 2 locID: 102651689802138212 bcsId: 0,size=1048576]} | ret=SUCCESS |  
2019-08-20 22:34:41,645 | INFO  | DNAudit | user=null | ip=null | op=PUT_BLOCK {blockData=[blockId=conID: 2 locID: 102651689802138212 bcsId: 0,size=1048576]} | ret=SUCCESS |  
2019-08-20 22:34:41,646 [grpc-default-executor-2] INFO  client.GrpcClientProtocolClient (GrpcClientProtocolClient.java:onNext(255)) - client-391BA870FC40->947ec526-030f-41cc-8af7-a6f75e712ab0: receive RaftClientReply:client-391BA870FC40->947ec526-030f-41cc-8af7-a6f75e712ab0@group-5D45C35602B2, cid=2687, SUCCESS, logIndex=0, commits[947ec526-030f-41cc-8af7-a6f75e712ab0:c4019, c447b9b6-dde2-4ce7-aa81-d0e2eddc8fe9:c4015, 28b540ac-241d-462a-a56c-509e92928066:c4015]
2019-08-20 22:34:41,655 | INFO  | DNAudit | user=null | ip=null | op=WRITE_CHUNK {blockData=conID: 2 locID: 102651689802138212 bcsId: 4017} | ret=SUCCESS |  
2019-08-20 22:34:41,657 | INFO  | DNAudit | user=null | ip=null | op=WRITE_CHUNK {blockData=conID: 2 locID: 102651689802138212 bcsId: 4017} | ret=SUCCESS |  
2019-08-20 22:34:41,658 | INFO  | DNAudit | user=null | ip=null | op=WRITE_CHUNK {blockData=conID: 2 locID: 102651689802138212 bcsId: 4017} | ret=SUCCESS |  
2019-08-20 22:34:41,674 | INFO  | DNAudit | user=null | ip=null | op=WRITE_CHUNK {blockData=conID: 2 locID: 102651689802138212 bcsId: 0} | ret=SUCCESS |  
2019-08-20 22:34:41,674 | INFO  | DNAudit | user=null | ip=null | op=WRITE_CHUNK {blockData=conID: 2 locID: 102651689802138212 bcsId: 0} | ret=SUCCESS |  
2019-08-20 22:34:41,674 | INFO  | DNAudit | user=null | ip=null | op=WRITE_CHUNK {blockData=conID: 2 locID: 102651689802138212 bcsId: 4017} | ret=SUCCESS |  
2019-08-20 22:34:41,675 | INFO  | DNAudit | user=null | ip=null | op=PUT_BLOCK {blockData=[blockId=conID: 2 locID: 102651689802138212 bcsId: 0,size=2097152]} | ret=SUCCESS |  
2019-08-20 22:34:41,675 | INFO  | DNAudit | user=null | ip=null | op=PUT_BLOCK {blockData=[blockId=conID: 2 locID: 102651689802138212 bcsId: 0,size=2097152]} | ret=SUCCESS |  
2019-08-20 22:34:41,675 | INFO  | DNAudit | user=null | ip=null | op=PUT_BLOCK {blockData=[blockId=conID: 2 locID: 102651689802138212 bcsId: 0,size=3145728]} | ret=SUCCESS |  
2019-08-20 22:34:41,675 [grpc-default-executor-5] INFO  client.GrpcClientProtocolClient (GrpcClientProtocolClient.java:onNext(255)) - client-391BA870FC40->947ec526-030f-41cc-8af7-a6f75e712ab0: receive RaftClientReply:client-391BA870FC40->947ec526-030f-41cc-8af7-a6f75e712ab0@group-5D45C35602B2, cid=2688, SUCCESS, logIndex=4022, commits[947ec526-030f-41cc-8af7-a6f75e712ab0:c4023, c447b9b6-dde2-4ce7-aa81-d0e2eddc8fe9:c4021, 28b540ac-241d-462a-a56c-509e92928066:c4021]
2019-08-20 22:34:41,675 [grpc-default-executor-5] INFO  client.GrpcClientProtocolClient (GrpcClientProtocolClient.java:onNext(255)) - client-391BA870FC40->947ec526-030f-41cc-8af7-a6f75e712ab0: receive RaftClientReply:client-391BA870FC40->947ec526-030f-41cc-8af7-a6f75e712ab0@group-5D45C35602B2, cid=2689, SUCCESS, logIndex=4023, commits[947ec526-030f-41cc-8af7-a6f75e712ab0:c4023, c447b9b6-dde2-4ce7-aa81-d0e2eddc8fe9:c4021, 28b540ac-241d-462a-a56c-509e92928066:c4021]
2019-08-20 22:34:41,682 | INFO  | DNAudit | user=null | ip=null | op=WRITE_CHUNK {blockData=conID: 2 locID: 102651689802138212 bcsId: 4023} | ret=SUCCESS |  
2019-08-20 22:34:41,683 | INFO  | DNAudit | user=null | ip=null | op=WRITE_CHUNK {blockData=conID: 2 locID: 102651689802138212 bcsId: 4023} | ret=SUCCESS |  
2019-08-20 22:34:41,684 | INFO  | DNAudit | user=null | ip=null | op=WRITE_CHUNK {blockData=conID: 2 locID: 102651689802138212 bcsId: 4023} | ret=SUCCESS |  
2019-08-20 22:34:41,684 | INFO  | DNAudit | user=null | ip=null | op=WRITE_CHUNK {blockData=conID: 2 locID: 102651689802138212 bcsId: 4017} | ret=SUCCESS |  
2019-08-20 22:34:41,684 | INFO  | DNAudit | user=null | ip=null | op=WRITE_CHUNK {blockData=conID: 2 locID: 102651689802138212 bcsId: 4017} | ret=SUCCESS |  
2019-08-20 22:34:41,687 | INFO  | DNAudit | user=null | ip=null | op=PUT_BLOCK {blockData=[blockId=conID: 2 locID: 102651689802138212 bcsId: 0,size=3145728]} | ret=SUCCESS |  
2019-08-20 22:34:41,687 | INFO  | DNAudit | user=null | ip=null | op=PUT_BLOCK {blockData=[blockId=conID: 2 locID: 102651689802138212 bcsId: 0,size=3145728]} | ret=SUCCESS |  
2019-08-20 22:34:41,688 | INFO  | DNAudit | user=null | ip=null | op=WRITE_CHUNK {blockData=conID: 2 locID: 102651689802138212 bcsId: 4023} | ret=SUCCESS |  
2019-08-20 22:34:41,688 | INFO  | DNAudit | user=null | ip=null | op=PUT_BLOCK {blockData=[blockId=conID: 2 locID: 102651689802138212 bcsId: 0,size=4194304]} | ret=SUCCESS |  
2019-08-20 22:34:41,688 [grpc-default-executor-2] INFO  client.GrpcClientProtocolClient (GrpcClientProtocolClient.java:onNext(255)) - client-391BA870FC40->947ec526-030f-41cc-8af7-a6f75e712ab0: receive RaftClientReply:client-391BA870FC40->947ec526-030f-41cc-8af7-a6f75e712ab0@group-5D45C35602B2, cid=2690, SUCCESS, logIndex=4026, commits[947ec526-030f-41cc-8af7-a6f75e712ab0:c4027, c447b9b6-dde2-4ce7-aa81-d0e2eddc8fe9:c4023, 28b540ac-241d-462a-a56c-509e92928066:c4023]
2019-08-20 22:34:41,688 [grpc-default-executor-2] INFO  client.GrpcClientProtocolClient (GrpcClientProtocolClient.java:onNext(255)) - client-391BA870FC40->947ec526-030f-41cc-8af7-a6f75e712ab0: receive RaftClientReply:client-391BA870FC40->947ec526-030f-41cc-8af7-a6f75e712ab0@group-5D45C35602B2, cid=2691, SUCCESS, logIndex=4027, commits[947ec526-030f-41cc-8af7-a6f75e712ab0:c4027, c447b9b6-dde2-4ce7-aa81-d0e2eddc8fe9:c4023, 28b540ac-241d-462a-a56c-509e92928066:c4023]
2019-08-20 22:34:41,708 | INFO  | DNAudit | user=null | ip=null | op=WRITE_CHUNK {blockData=conID: 2 locID: 102651689802138212 bcsId: 4023} | ret=SUCCESS |  
2019-08-20 22:34:41,708 | INFO  | DNAudit | user=null | ip=null | op=WRITE_CHUNK {blockData=conID: 2 locID: 102651689802138212 bcsId: 4023} | ret=SUCCESS |  
2019-08-20 22:34:41,722 | INFO  | DNAudit | user=null | ip=null | op=PUT_BLOCK {blockData=[blockId=conID: 2 locID: 102651689802138212 bcsId: 0,size=4194304]} | ret=SUCCESS |  
2019-08-20 22:34:41,722 | INFO  | DNAudit | user=null | ip=null | op=PUT_BLOCK {blockData=[blockId=conID: 2 locID: 102651689802138212 bcsId: 0,size=4194304]} | ret=SUCCESS |  
2019-08-20 22:34:41,722 [grpc-default-executor-2] INFO  client.GrpcClientProtocolClient (GrpcClientProtocolClient.java:onNext(255)) - client-391BA870FC40->947ec526-030f-41cc-8af7-a6f75e712ab0: receive RaftClientReply:client-391BA870FC40->947ec526-030f-41cc-8af7-a6f75e712ab0@group-5D45C35602B2, cid=2692, SUCCESS, logIndex=0, commits[947ec526-030f-41cc-8af7-a6f75e712ab0:c4029, c447b9b6-dde2-4ce7-aa81-d0e2eddc8fe9:c4027, 28b540ac-241d-462a-a56c-509e92928066:c4027]
2019-08-20 22:34:41,729 | INFO  | SCMAudit | user=jenkins1000 | ip=192.168.5.142 | op=ALLOCATE_BLOCK {owner=6f694d07-2a2f-44d9-8e1c-aaa094a2f647, size=4194304, type=RATIS, factor=THREE} | ret=SUCCESS |  
2019-08-20 22:34:41,733 | INFO  | OMAudit | user=jenkins1000 | ip=127.0.0.1 | op=ALLOCATE_BLOCK {volume=vol-0-80747, bucket=bucket-0-27686, key=key-0-47435, dataSize=0, replicationType=null, replicationFactor=null, keyLocationInfo=null, clientID=102651687805452690} | ret=SUCCESS |  
2019-08-20 22:34:41,742 | INFO  | DNAudit | user=null | ip=null | op=WRITE_CHUNK {blockData=conID: 3 locID: 102651689810592357 bcsId: 0} | ret=SUCCESS |  
2019-08-20 22:34:41,743 | INFO  | DNAudit | user=null | ip=null | op=WRITE_CHUNK {blockData=conID: 3 locID: 102651689810592357 bcsId: 0} | ret=SUCCESS |  
2019-08-20 22:34:41,744 | INFO  | DNAudit | user=null | ip=null | op=WRITE_CHUNK {blockData=conID: 3 locID: 102651689810592357 bcsId: 0} | ret=SUCCESS |  
2019-08-20 22:34:41,744 | INFO  | DNAudit | user=null | ip=null | op=WRITE_CHUNK {blockData=conID: 3 locID: 102651689810592357 bcsId: 0} | ret=SUCCESS |  
2019-08-20 22:34:41,745 | INFO  | DNAudit | user=null | ip=null | op=WRITE_CHUNK {blockData=conID: 3 locID: 102651689810592357 bcsId: 0} | ret=SUCCESS |  
2019-08-20 22:34:41,745 | INFO  | DNAudit | user=null | ip=null | op=WRITE_CHUNK {blockData=conID: 3 locID: 102651689810592357 bcsId: 0} | ret=SUCCESS |  
2019-08-20 22:34:41,778 | INFO  | DNAudit | user=null | ip=null | op=WRITE_CHUNK {blockData=conID: 3 locID: 102651689810592357 bcsId: 0} | ret=SUCCESS |  
2019-08-20 22:34:41,779 | INFO  | DNAudit | user=null | ip=null | op=PUT_BLOCK {blockData=[blockId=conID: 3 locID: 102651689810592357 bcsId: 0,size=1048576]} | ret=SUCCESS |  
2019-08-20 22:34:41,779 [grpc-default-executor-3] INFO  client.GrpcClientProtocolClient (GrpcClientProtocolClient.java:onNext(255)) - client-391BA870FC40->947ec526-030f-41cc-8af7-a6f75e712ab0: receive RaftClientReply:client-391BA870FC40->947ec526-030f-41cc-8af7-a6f75e712ab0@group-5D45C35602B2, cid=2693, SUCCESS, logIndex=4030, commits[947ec526-030f-41cc-8af7-a6f75e712ab0:c4031, c447b9b6-dde2-4ce7-aa81-d0e2eddc8fe9:c4029, 28b540ac-241d-462a-a56c-509e92928066:c4029]
2019-08-20 22:34:41,780 | INFO  | DNAudit | user=null | ip=null | op=WRITE_CHUNK {blockData=conID: 3 locID: 102651689810592357 bcsId: 0} | ret=SUCCESS |  
2019-08-20 22:34:41,780 [grpc-default-executor-3] INFO  client.GrpcClientProtocolClient (GrpcClientProtocolClient.java:onNext(255)) - client-391BA870FC40->947ec526-030f-41cc-8af7-a6f75e712ab0: receive RaftClientReply:client-391BA870FC40->947ec526-030f-41cc-8af7-a6f75e712ab0@group-5D45C35602B2, cid=2694, SUCCESS, logIndex=4031, commits[947ec526-030f-41cc-8af7-a6f75e712ab0:c4033, c447b9b6-dde2-4ce7-aa81-d0e2eddc8fe9:c4029, 28b540ac-241d-462a-a56c-509e92928066:c4029]
2019-08-20 22:34:41,780 | INFO  | DNAudit | user=null | ip=null | op=PUT_BLOCK {blockData=[blockId=conID: 3 locID: 102651689810592357 bcsId: 0,size=2097152]} | ret=SUCCESS |  
2019-08-20 22:34:41,780 [grpc-default-executor-3] INFO  client.GrpcClientProtocolClient (GrpcClientProtocolClient.java:onNext(255)) - client-391BA870FC40->947ec526-030f-41cc-8af7-a6f75e712ab0: receive RaftClientReply:client-391BA870FC40->947ec526-030f-41cc-8af7-a6f75e712ab0@group-5D45C35602B2, cid=2695, SUCCESS, logIndex=4032, commits[947ec526-030f-41cc-8af7-a6f75e712ab0:c4033, c447b9b6-dde2-4ce7-aa81-d0e2eddc8fe9:c4029, 28b540ac-241d-462a-a56c-509e92928066:c4029]
2019-08-20 22:34:41,781 [grpc-default-executor-3] INFO  client.GrpcClientProtocolClient (GrpcClientProtocolClient.java:onNext(255)) - client-391BA870FC40->947ec526-030f-41cc-8af7-a6f75e712ab0: receive RaftClientReply:client-391BA870FC40->947ec526-030f-41cc-8af7-a6f75e712ab0@group-5D45C35602B2, cid=2696, SUCCESS, logIndex=4033, commits[947ec526-030f-41cc-8af7-a6f75e712ab0:c4033, c447b9b6-dde2-4ce7-aa81-d0e2eddc8fe9:c4029, 28b540ac-241d-462a-a56c-509e92928066:c4029]
2019-08-20 22:34:41,790 | INFO  | DNAudit | user=null | ip=null | op=WRITE_CHUNK {blockData=conID: 3 locID: 102651689810592357 bcsId: 0} | ret=SUCCESS |  
2019-08-20 22:34:41,802 | INFO  | DNAudit | user=null | ip=null | op=WRITE_CHUNK {blockData=conID: 3 locID: 102651689810592357 bcsId: 0} | ret=SUCCESS |  
2019-08-20 22:34:41,802 | INFO  | DNAudit | user=null | ip=null | op=PUT_BLOCK {blockData=[blockId=conID: 3 locID: 102651689810592357 bcsId: 0,size=1048576]} | ret=SUCCESS |  
2019-08-20 22:34:41,802 | INFO  | DNAudit | user=null | ip=null | op=WRITE_CHUNK {blockData=conID: 3 locID: 102651689810592357 bcsId: 0} | ret=SUCCESS |  
2019-08-20 22:34:41,803 | INFO  | DNAudit | user=null | ip=null | op=PUT_BLOCK {blockData=[blockId=conID: 3 locID: 102651689810592357 bcsId: 0,size=2097152]} | ret=SUCCESS |  
2019-08-20 22:34:41,803 | INFO  | DNAudit | user=null | ip=null | op=PUT_BLOCK {blockData=[blockId=conID: 3 locID: 102651689810592357 bcsId: 0,size=1048576]} | ret=SUCCESS |  
2019-08-20 22:34:41,804 | INFO  | DNAudit | user=null | ip=null | op=WRITE_CHUNK {blockData=conID: 3 locID: 102651689810592357 bcsId: 0} | ret=SUCCESS |  
2019-08-20 22:34:41,804 | INFO  | DNAudit | user=null | ip=null | op=PUT_BLOCK {blockData=[blockId=conID: 3 locID: 102651689810592357 bcsId: 0,size=2097152]} | ret=SUCCESS |  
2019-08-20 22:34:41,804 [grpc-default-executor-3] INFO  client.GrpcClientProtocolClient (GrpcClientProtocolClient.java:onNext(255)) - client-391BA870FC40->947ec526-030f-41cc-8af7-a6f75e712ab0: receive RaftClientReply:client-391BA870FC40->947ec526-030f-41cc-8af7-a6f75e712ab0@group-5D45C35602B2, cid=2697, SUCCESS, logIndex=0, commits[947ec526-030f-41cc-8af7-a6f75e712ab0:c4036, c447b9b6-dde2-4ce7-aa81-d0e2eddc8fe9:c4033, 28b540ac-241d-462a-a56c-509e92928066:c4031]
2019-08-20 22:34:41,816 | INFO  | DNAudit | user=null | ip=null | op=WRITE_CHUNK {blockData=conID: 3 locID: 102651689810592357 bcsId: 4033} | ret=SUCCESS |  
2019-08-20 22:34:41,819 | INFO  | DNAudit | user=null | ip=null | op=WRITE_CHUNK {blockData=conID: 3 locID: 102651689810592357 bcsId: 4033} | ret=SUCCESS |  
2019-08-20 22:34:41,819 | INFO  | DNAudit | user=null | ip=null | op=WRITE_CHUNK {blockData=conID: 3 locID: 102651689810592357 bcsId: 4033} | ret=SUCCESS |  
2019-08-20 22:34:41,832 | INFO  | DNAudit | user=null | ip=null | op=WRITE_CHUNK {blockData=conID: 3 locID: 102651689810592357 bcsId: 4033} | ret=SUCCESS |  
2019-08-20 22:34:41,832 | INFO  | DNAudit | user=null | ip=null | op=PUT_BLOCK {blockData=[blockId=conID: 3 locID: 102651689810592357 bcsId: 0,size=3145728]} | ret=SUCCESS |  
2019-08-20 22:34:41,833 [grpc-default-executor-2] INFO  client.GrpcClientProtocolClient (GrpcClientProtocolClient.java:onNext(255)) - client-391BA870FC40->947ec526-030f-41cc-8af7-a6f75e712ab0: receive RaftClientReply:client-391BA870FC40->947ec526-030f-41cc-8af7-a6f75e712ab0@group-5D45C35602B2, cid=2698, SUCCESS, logIndex=4037, commits[947ec526-030f-41cc-8af7-a6f75e712ab0:c4038, c447b9b6-dde2-4ce7-aa81-d0e2eddc8fe9:c4036, 28b540ac-241d-462a-a56c-509e92928066:c4036]
2019-08-20 22:34:41,833 [grpc-default-executor-2] INFO  client.GrpcClientProtocolClient (GrpcClientProtocolClient.java:onNext(255)) - client-391BA870FC40->947ec526-030f-41cc-8af7-a6f75e712ab0: receive RaftClientReply:client-391BA870FC40->947ec526-030f-41cc-8af7-a6f75e712ab0@group-5D45C35602B2, cid=2699, SUCCESS, logIndex=4038, commits[947ec526-030f-41cc-8af7-a6f75e712ab0:c4038, c447b9b6-dde2-4ce7-aa81-d0e2eddc8fe9:c4036, 28b540ac-241d-462a-a56c-509e92928066:c4036]
2019-08-20 22:34:41,842 | INFO  | DNAudit | user=null | ip=null | op=WRITE_CHUNK {blockData=conID: 3 locID: 102651689810592357 bcsId: 4038} | ret=SUCCESS |  
2019-08-20 22:34:41,843 | INFO  | DNAudit | user=null | ip=null | op=WRITE_CHUNK {blockData=conID: 3 locID: 102651689810592357 bcsId: 4033} | ret=SUCCESS |  
2019-08-20 22:34:41,843 | INFO  | DNAudit | user=null | ip=null | op=WRITE_CHUNK {blockData=conID: 3 locID: 102651689810592357 bcsId: 4033} | ret=SUCCESS |  
2019-08-20 22:34:41,844 | INFO  | DNAudit | user=null | ip=null | op=PUT_BLOCK {blockData=[blockId=conID: 3 locID: 102651689810592357 bcsId: 0,size=3145728]} | ret=SUCCESS |  
2019-08-20 22:34:41,844 | INFO  | DNAudit | user=null | ip=null | op=PUT_BLOCK {blockData=[blockId=conID: 3 locID: 102651689810592357 bcsId: 0,size=3145728]} | ret=SUCCESS |  
2019-08-20 22:34:41,845 | INFO  | DNAudit | user=null | ip=null | op=WRITE_CHUNK {blockData=conID: 3 locID: 102651689810592357 bcsId: 4038} | ret=SUCCESS |  
2019-08-20 22:34:41,846 | INFO  | DNAudit | user=null | ip=null | op=WRITE_CHUNK {blockData=conID: 3 locID: 102651689810592357 bcsId: 4038} | ret=SUCCESS |  
2019-08-20 22:34:41,857 | INFO  | DNAudit | user=null | ip=null | op=WRITE_CHUNK {blockData=conID: 3 locID: 102651689810592357 bcsId: 4038} | ret=SUCCESS |  
2019-08-20 22:34:41,858 | INFO  | DNAudit | user=null | ip=null | op=PUT_BLOCK {blockData=[blockId=conID: 3 locID: 102651689810592357 bcsId: 0,size=4194304]} | ret=SUCCESS |  
2019-08-20 22:34:41,858 [grpc-default-executor-3] INFO  client.GrpcClientProtocolClient (GrpcClientProtocolClient.java:onNext(255)) - client-391BA870FC40->947ec526-030f-41cc-8af7-a6f75e712ab0: receive RaftClientReply:client-391BA870FC40->947ec526-030f-41cc-8af7-a6f75e712ab0@group-5D45C35602B2, cid=2700, SUCCESS, logIndex=4041, commits[947ec526-030f-41cc-8af7-a6f75e712ab0:c4042, c447b9b6-dde2-4ce7-aa81-d0e2eddc8fe9:c4038, 28b540ac-241d-462a-a56c-509e92928066:c4038]
2019-08-20 22:34:41,858 [grpc-default-executor-3] INFO  client.GrpcClientProtocolClient (GrpcClientProtocolClient.java:onNext(255)) - client-391BA870FC40->947ec526-030f-41cc-8af7-a6f75e712ab0: receive RaftClientReply:client-391BA870FC40->947ec526-030f-41cc-8af7-a6f75e712ab0@group-5D45C35602B2, cid=2701, SUCCESS, logIndex=4042, commits[947ec526-030f-41cc-8af7-a6f75e712ab0:c4042, c447b9b6-dde2-4ce7-aa81-d0e2eddc8fe9:c4038, 28b540ac-241d-462a-a56c-509e92928066:c4038]
2019-08-20 22:34:41,861 | INFO  | DNAudit | user=null | ip=null | op=WRITE_CHUNK {blockData=conID: 3 locID: 102651689810592357 bcsId: 4038} | ret=SUCCESS |  
2019-08-20 22:34:41,861 | INFO  | DNAudit | user=null | ip=null | op=WRITE_CHUNK {blockData=conID: 3 locID: 102651689810592357 bcsId: 4038} | ret=SUCCESS |  
2019-08-20 22:34:41,861 | INFO  | DNAudit | user=null | ip=null | op=PUT_BLOCK {blockData=[blockId=conID: 3 locID: 102651689810592357 bcsId: 0,size=4194304]} | ret=SUCCESS |  
2019-08-20 22:34:41,861 | INFO  | DNAudit | user=null | ip=null | op=PUT_BLOCK {blockData=[blockId=conID: 3 locID: 102651689810592357 bcsId: 0,size=4194304]} | ret=SUCCESS |  
2019-08-20 22:34:41,861 [grpc-default-executor-3] INFO  client.GrpcClientProtocolClient (GrpcClientProtocolClient.java:onNext(255)) - client-391BA870FC40->947ec526-030f-41cc-8af7-a6f75e712ab0: receive RaftClientReply:client-391BA870FC40->947ec526-030f-41cc-8af7-a6f75e712ab0@group-5D45C35602B2, cid=2702, SUCCESS, logIndex=0, commits[947ec526-030f-41cc-8af7-a6f75e712ab0:c4043, c447b9b6-dde2-4ce7-aa81-d0e2eddc8fe9:c4042, 28b540ac-241d-462a-a56c-509e92928066:c4042]
2019-08-20 22:34:41,868 | INFO  | SCMAudit | user=jenkins1000 | ip=192.168.5.142 | op=ALLOCATE_BLOCK {owner=6f694d07-2a2f-44d9-8e1c-aaa094a2f647, size=4194304, type=RATIS, factor=THREE} | ret=SUCCESS |  
2019-08-20 22:34:41,873 | INFO  | OMAudit | user=jenkins1000 | ip=127.0.0.1 | op=ALLOCATE_BLOCK {volume=vol-0-80747, bucket=bucket-0-27686, key=key-0-47435, dataSize=0, replicationType=null, replicationFactor=null, keyLocationInfo=null, clientID=102651687805452690} | ret=SUCCESS |  
2019-08-20 22:34:41,880 | INFO  | DNAudit | user=null | ip=null | op=WRITE_CHUNK {blockData=conID: 1 locID: 102651689819701862 bcsId: 0} | ret=SUCCESS |  
2019-08-20 22:34:41,883 | INFO  | DNAudit | user=null | ip=null | op=WRITE_CHUNK {blockData=conID: 1 locID: 102651689819701862 bcsId: 0} | ret=SUCCESS |  
2019-08-20 22:34:41,884 | INFO  | DNAudit | user=null | ip=null | op=WRITE_CHUNK {blockData=conID: 1 locID: 102651689819701862 bcsId: 0} | ret=SUCCESS |  
2019-08-20 22:34:41,884 | INFO  | DNAudit | user=null | ip=null | op=WRITE_CHUNK {blockData=conID: 1 locID: 102651689819701862 bcsId: 0} | ret=SUCCESS |  
2019-08-20 22:34:41,885 | INFO  | DNAudit | user=null | ip=null | op=WRITE_CHUNK {blockData=conID: 1 locID: 102651689819701862 bcsId: 0} | ret=SUCCESS |  
2019-08-20 22:34:41,886 | INFO  | DNAudit | user=null | ip=null | op=WRITE_CHUNK {blockData=conID: 1 locID: 102651689819701862 bcsId: 0} | ret=SUCCESS |  
2019-08-20 22:34:41,893 | INFO  | DNAudit | user=null | ip=null | op=WRITE_CHUNK {blockData=conID: 1 locID: 102651689819701862 bcsId: 0} | ret=SUCCESS |  
2019-08-20 22:34:41,894 | INFO  | DNAudit | user=null | ip=null | op=PUT_BLOCK {blockData=[blockId=conID: 1 locID: 102651689819701862 bcsId: 0,size=1048576]} | ret=SUCCESS |  
2019-08-20 22:34:41,894 | INFO  | DNAudit | user=null | ip=null | op=WRITE_CHUNK {blockData=conID: 1 locID: 102651689819701862 bcsId: 0} | ret=SUCCESS |  
2019-08-20 22:34:41,894 [grpc-default-executor-2] INFO  client.GrpcClientProtocolClient (GrpcClientProtocolClient.java:onNext(255)) - client-391BA870FC40->947ec526-030f-41cc-8af7-a6f75e712ab0: receive RaftClientReply:client-391BA870FC40->947ec526-030f-41cc-8af7-a6f75e712ab0@group-5D45C35602B2, cid=2703, SUCCESS, logIndex=4045, commits[947ec526-030f-41cc-8af7-a6f75e712ab0:c4047, c447b9b6-dde2-4ce7-aa81-d0e2eddc8fe9:c4044, 28b540ac-241d-462a-a56c-509e92928066:c4044]
2019-08-20 22:34:41,895 | INFO  | DNAudit | user=null | ip=null | op=PUT_BLOCK {blockData=[blockId=conID: 1 locID: 102651689819701862 bcsId: 0,size=2097152]} | ret=SUCCESS |  
2019-08-20 22:34:41,895 [grpc-default-executor-2] INFO  client.GrpcClientProtocolClient (GrpcClientProtocolClient.java:onNext(255)) - client-391BA870FC40->947ec526-030f-41cc-8af7-a6f75e712ab0: receive RaftClientReply:client-391BA870FC40->947ec526-030f-41cc-8af7-a6f75e712ab0@group-5D45C35602B2, cid=2704, SUCCESS, logIndex=4046, commits[947ec526-030f-41cc-8af7-a6f75e712ab0:c4048, c447b9b6-dde2-4ce7-aa81-d0e2eddc8fe9:c4044, 28b540ac-241d-462a-a56c-509e92928066:c4044]
2019-08-20 22:34:41,895 [grpc-default-executor-2] INFO  client.GrpcClientProtocolClient (GrpcClientProtocolClient.java:onNext(255)) - client-391BA870FC40->947ec526-030f-41cc-8af7-a6f75e712ab0: receive RaftClientReply:client-391BA870FC40->947ec526-030f-41cc-8af7-a6f75e712ab0@group-5D45C35602B2, cid=2705, SUCCESS, logIndex=4047, commits[947ec526-030f-41cc-8af7-a6f75e712ab0:c4048, c447b9b6-dde2-4ce7-aa81-d0e2eddc8fe9:c4044, 28b540ac-241d-462a-a56c-509e92928066:c4044]
2019-08-20 22:34:41,895 [grpc-default-executor-2] INFO  client.GrpcClientProtocolClient (GrpcClientProtocolClient.java:onNext(255)) - client-391BA870FC40->947ec526-030f-41cc-8af7-a6f75e712ab0: receive RaftClientReply:client-391BA870FC40->947ec526-030f-41cc-8af7-a6f75e712ab0@group-5D45C35602B2, cid=2706, SUCCESS, logIndex=4048, commits[947ec526-030f-41cc-8af7-a6f75e712ab0:c4048, c447b9b6-dde2-4ce7-aa81-d0e2eddc8fe9:c4044, 28b540ac-241d-462a-a56c-509e92928066:c4044]
2019-08-20 22:34:41,897 | INFO  | DNAudit | user=null | ip=null | op=WRITE_CHUNK {blockData=conID: 1 locID: 102651689819701862 bcsId: 0} | ret=SUCCESS |  
2019-08-20 22:34:41,897 | INFO  | DNAudit | user=null | ip=null | op=WRITE_CHUNK {blockData=conID: 1 locID: 102651689819701862 bcsId: 0} | ret=SUCCESS |  
2019-08-20 22:34:41,897 | INFO  | DNAudit | user=null | ip=null | op=PUT_BLOCK {blockData=[blockId=conID: 1 locID: 102651689819701862 bcsId: 0,size=1048576]} | ret=SUCCESS |  
2019-08-20 22:34:41,897 | INFO  | DNAudit | user=null | ip=null | op=PUT_BLOCK {blockData=[blockId=conID: 1 locID: 102651689819701862 bcsId: 0,size=1048576]} | ret=SUCCESS |  
2019-08-20 22:34:41,897 [grpc-default-executor-2] INFO  client.GrpcClientProtocolClient (GrpcClientProtocolClient.java:onNext(255)) - client-391BA870FC40->947ec526-030f-41cc-8af7-a6f75e712ab0: receive RaftClientReply:client-391BA870FC40->947ec526-030f-41cc-8af7-a6f75e712ab0@group-5D45C35602B2, cid=2707, SUCCESS, logIndex=0, commits[947ec526-030f-41cc-8af7-a6f75e712ab0:c4049, c447b9b6-dde2-4ce7-aa81-d0e2eddc8fe9:c4046, 28b540ac-241d-462a-a56c-509e92928066:c4046]
2019-08-20 22:34:41,897 | INFO  | DNAudit | user=null | ip=null | op=WRITE_CHUNK {blockData=conID: 1 locID: 102651689819701862 bcsId: 0} | ret=SUCCESS |  
2019-08-20 22:34:41,904 | INFO  | DNAudit | user=null | ip=null | op=WRITE_CHUNK {blockData=conID: 1 locID: 102651689819701862 bcsId: 4048} | ret=SUCCESS |  
2019-08-20 22:34:41,906 | INFO  | DNAudit | user=null | ip=null | op=WRITE_CHUNK {blockData=conID: 1 locID: 102651689819701862 bcsId: 4048} | ret=SUCCESS |  
2019-08-20 22:34:41,906 | INFO  | DNAudit | user=null | ip=null | op=WRITE_CHUNK {blockData=conID: 1 locID: 102651689819701862 bcsId: 4048} | ret=SUCCESS |  
2019-08-20 22:34:41,908 | INFO  | DNAudit | user=null | ip=null | op=PUT_BLOCK {blockData=[blockId=conID: 1 locID: 102651689819701862 bcsId: 0,size=2097152]} | ret=SUCCESS |  
2019-08-20 22:34:41,908 | INFO  | DNAudit | user=null | ip=null | op=WRITE_CHUNK {blockData=conID: 1 locID: 102651689819701862 bcsId: 0} | ret=SUCCESS |  
2019-08-20 22:34:41,909 | INFO  | DNAudit | user=null | ip=null | op=PUT_BLOCK {blockData=[blockId=conID: 1 locID: 102651689819701862 bcsId: 0,size=2097152]} | ret=SUCCESS |  
2019-08-20 22:34:41,911 | INFO  | DNAudit | user=null | ip=null | op=WRITE_CHUNK {blockData=conID: 1 locID: 102651689819701862 bcsId: 4048} | ret=SUCCESS |  
2019-08-20 22:34:41,912 | INFO  | DNAudit | user=null | ip=null | op=PUT_BLOCK {blockData=[blockId=conID: 1 locID: 102651689819701862 bcsId: 0,size=3145728]} | ret=SUCCESS |  
2019-08-20 22:34:41,912 [grpc-default-executor-1] INFO  client.GrpcClientProtocolClient (GrpcClientProtocolClient.java:onNext(255)) - client-391BA870FC40->947ec526-030f-41cc-8af7-a6f75e712ab0: receive RaftClientReply:client-391BA870FC40->947ec526-030f-41cc-8af7-a6f75e712ab0@group-5D45C35602B2, cid=2708, SUCCESS, logIndex=4053, commits[947ec526-030f-41cc-8af7-a6f75e712ab0:c4053, c447b9b6-dde2-4ce7-aa81-d0e2eddc8fe9:c4049, 28b540ac-241d-462a-a56c-509e92928066:c4049]
2019-08-20 22:34:41,912 [grpc-default-executor-1] INFO  client.GrpcClientProtocolClient (GrpcClientProtocolClient.java:onNext(255)) - client-391BA870FC40->947ec526-030f-41cc-8af7-a6f75e712ab0: receive RaftClientReply:client-391BA870FC40->947ec526-030f-41cc-8af7-a6f75e712ab0@group-5D45C35602B2, cid=2709, SUCCESS, logIndex=4054, commits[947ec526-030f-41cc-8af7-a6f75e712ab0:c4054, c447b9b6-dde2-4ce7-aa81-d0e2eddc8fe9:c4049, 28b540ac-241d-462a-a56c-509e92928066:c4049]
2019-08-20 22:34:41,913 | INFO  | DNAudit | user=null | ip=null | op=WRITE_CHUNK {blockData=conID: 1 locID: 102651689819701862 bcsId: 4048} | ret=SUCCESS |  
2019-08-20 22:34:41,915 | INFO  | DNAudit | user=null | ip=null | op=WRITE_CHUNK {blockData=conID: 1 locID: 102651689819701862 bcsId: 4048} | ret=SUCCESS |  
2019-08-20 22:34:41,916 | INFO  | DNAudit | user=null | ip=null | op=PUT_BLOCK {blockData=[blockId=conID: 1 locID: 102651689819701862 bcsId: 0,size=3145728]} | ret=SUCCESS |  
2019-08-20 22:34:41,917 | INFO  | DNAudit | user=null | ip=null | op=PUT_BLOCK {blockData=[blockId=conID: 1 locID: 102651689819701862 bcsId: 0,size=3145728]} | ret=SUCCESS |  
2019-08-20 22:34:41,919 | INFO  | DNAudit | user=null | ip=null | op=WRITE_CHUNK {blockData=conID: 1 locID: 102651689819701862 bcsId: 4054} | ret=SUCCESS |  
2019-08-20 22:34:41,921 | INFO  | DNAudit | user=null | ip=null | op=WRITE_CHUNK {blockData=conID: 1 locID: 102651689819701862 bcsId: 4054} | ret=SUCCESS |  
2019-08-20 22:34:41,921 | INFO  | DNAudit | user=null | ip=null | op=WRITE_CHUNK {blockData=conID: 1 locID: 102651689819701862 bcsId: 4054} | ret=SUCCESS |  
2019-08-20 22:34:41,931 | INFO  | DNAudit | user=null | ip=null | op=WRITE_CHUNK {blockData=conID: 1 locID: 102651689819701862 bcsId: 4054} | ret=SUCCESS |  
2019-08-20 22:34:41,932 | INFO  | DNAudit | user=null | ip=null | op=PUT_BLOCK {blockData=[blockId=conID: 1 locID: 102651689819701862 bcsId: 0,size=4194304]} | ret=SUCCESS |  
2019-08-20 22:34:41,932 [grpc-default-executor-2] INFO  client.GrpcClientProtocolClient (GrpcClientProtocolClient.java:onNext(255)) - client-391BA870FC40->947ec526-030f-41cc-8af7-a6f75e712ab0: receive RaftClientReply:client-391BA870FC40->947ec526-030f-41cc-8af7-a6f75e712ab0@group-5D45C35602B2, cid=2710, SUCCESS, logIndex=4057, commits[947ec526-030f-41cc-8af7-a6f75e712ab0:c4058, c447b9b6-dde2-4ce7-aa81-d0e2eddc8fe9:c4056, 28b540ac-241d-462a-a56c-509e92928066:c4054]
2019-08-20 22:34:41,932 [grpc-default-executor-2] INFO  client.GrpcClientProtocolClient (GrpcClientProtocolClient.java:onNext(255)) - client-391BA870FC40->947ec526-030f-41cc-8af7-a6f75e712ab0: receive RaftClientReply:client-391BA870FC40->947ec526-030f-41cc-8af7-a6f75e712ab0@group-5D45C35602B2, cid=2711, SUCCESS, logIndex=4058, commits[947ec526-030f-41cc-8af7-a6f75e712ab0:c4058, c447b9b6-dde2-4ce7-aa81-d0e2eddc8fe9:c4056, 28b540ac-241d-462a-a56c-509e92928066:c4056]
2019-08-20 22:34:41,934 | INFO  | DNAudit | user=null | ip=null | op=WRITE_CHUNK {blockData=conID: 1 locID: 102651689819701862 bcsId: 4054} | ret=SUCCESS |  
2019-08-20 22:34:41,934 | INFO  | DNAudit | user=null | ip=null | op=WRITE_CHUNK {blockData=conID: 1 locID: 102651689819701862 bcsId: 4054} | ret=SUCCESS |  
2019-08-20 22:34:41,934 | INFO  | DNAudit | user=null | ip=null | op=PUT_BLOCK {blockData=[blockId=conID: 1 locID: 102651689819701862 bcsId: 0,size=4194304]} | ret=SUCCESS |  
2019-08-20 22:34:41,935 | INFO  | DNAudit | user=null | ip=null | op=PUT_BLOCK {blockData=[blockId=conID: 1 locID: 102651689819701862 bcsId: 0,size=4194304]} | ret=SUCCESS |  
2019-08-20 22:34:41,935 [grpc-default-executor-2] INFO  client.GrpcClientProtocolClient (GrpcClientProtocolClient.java:onNext(255)) - client-391BA870FC40->947ec526-030f-41cc-8af7-a6f75e712ab0: receive RaftClientReply:client-391BA870FC40->947ec526-030f-41cc-8af7-a6f75e712ab0@group-5D45C35602B2, cid=2712, SUCCESS, logIndex=0, commits[947ec526-030f-41cc-8af7-a6f75e712ab0:c4059, c447b9b6-dde2-4ce7-aa81-d0e2eddc8fe9:c4058, 28b540ac-241d-462a-a56c-509e92928066:c4058]
2019-08-20 22:34:41,940 | INFO  | SCMAudit | user=jenkins1000 | ip=192.168.5.142 | op=ALLOCATE_BLOCK {owner=6f694d07-2a2f-44d9-8e1c-aaa094a2f647, size=4194304, type=RATIS, factor=THREE} | ret=SUCCESS |  
2019-08-20 22:34:41,944 | INFO  | OMAudit | user=jenkins1000 | ip=127.0.0.1 | op=ALLOCATE_BLOCK {volume=vol-0-80747, bucket=bucket-0-27686, key=key-0-47435, dataSize=0, replicationType=null, replicationFactor=null, keyLocationInfo=null, clientID=102651687805452690} | ret=SUCCESS |  
2019-08-20 22:34:41,951 | INFO  | DNAudit | user=null | ip=null | op=WRITE_CHUNK {blockData=conID: 2 locID: 102651689824420455 bcsId: 0} | ret=SUCCESS |  
2019-08-20 22:34:41,953 | INFO  | DNAudit | user=null | ip=null | op=WRITE_CHUNK {blockData=conID: 2 locID: 102651689824420455 bcsId: 0} | ret=SUCCESS |  
2019-08-20 22:34:41,953 | INFO  | DNAudit | user=null | ip=null | op=WRITE_CHUNK {blockData=conID: 2 locID: 102651689824420455 bcsId: 0} | ret=SUCCESS |  
2019-08-20 22:34:41,953 | INFO  | DNAudit | user=null | ip=null | op=WRITE_CHUNK {blockData=conID: 2 locID: 102651689824420455 bcsId: 0} | ret=SUCCESS |  
2019-08-20 22:34:41,955 | INFO  | DNAudit | user=null | ip=null | op=WRITE_CHUNK {blockData=conID: 2 locID: 102651689824420455 bcsId: 0} | ret=SUCCESS |  
2019-08-20 22:34:41,955 | INFO  | DNAudit | user=null | ip=null | op=WRITE_CHUNK {blockData=conID: 2 locID: 102651689824420455 bcsId: 0} | ret=SUCCESS |  
2019-08-20 22:34:41,968 | INFO  | DNAudit | user=null | ip=null | op=WRITE_CHUNK {blockData=conID: 2 locID: 102651689824420455 bcsId: 0} | ret=SUCCESS |  
2019-08-20 22:34:41,969 | INFO  | DNAudit | user=null | ip=null | op=PUT_BLOCK {blockData=[blockId=conID: 2 locID: 102651689824420455 bcsId: 0,size=1048576]} | ret=SUCCESS |  
2019-08-20 22:34:41,969 [grpc-default-executor-2] INFO  client.GrpcClientProtocolClient (GrpcClientProtocolClient.java:onNext(255)) - client-391BA870FC40->947ec526-030f-41cc-8af7-a6f75e712ab0: receive RaftClientReply:client-391BA870FC40->947ec526-030f-41cc-8af7-a6f75e712ab0@group-5D45C35602B2, cid=2713, SUCCESS, logIndex=4061, commits[947ec526-030f-41cc-8af7-a6f75e712ab0:c4061, c447b9b6-dde2-4ce7-aa81-d0e2eddc8fe9:c4060, 28b540ac-241d-462a-a56c-509e92928066:c4060]
2019-08-20 22:34:41,969 | INFO  | DNAudit | user=null | ip=null | op=WRITE_CHUNK {blockData=conID: 2 locID: 102651689824420455 bcsId: 0} | ret=SUCCESS |  
2019-08-20 22:34:41,969 [grpc-default-executor-2] INFO  client.GrpcClientProtocolClient (GrpcClientProtocolClient.java:onNext(255)) - client-391BA870FC40->947ec526-030f-41cc-8af7-a6f75e712ab0: receive RaftClientReply:client-391BA870FC40->947ec526-030f-41cc-8af7-a6f75e712ab0@group-5D45C35602B2, cid=2714, SUCCESS, logIndex=4062, commits[947ec526-030f-41cc-8af7-a6f75e712ab0:c4064, c447b9b6-dde2-4ce7-aa81-d0e2eddc8fe9:c4060, 28b540ac-241d-462a-a56c-509e92928066:c4060]
2019-08-20 22:34:41,969 | INFO  | DNAudit | user=null | ip=null | op=PUT_BLOCK {blockData=[blockId=conID: 2 locID: 102651689824420455 bcsId: 0,size=2097152]} | ret=SUCCESS |  
2019-08-20 22:34:41,970 [grpc-default-executor-2] INFO  client.GrpcClientProtocolClient (GrpcClientProtocolClient.java:onNext(255)) - client-391BA870FC40->947ec526-030f-41cc-8af7-a6f75e712ab0: receive RaftClientReply:client-391BA870FC40->947ec526-030f-41cc-8af7-a6f75e712ab0@group-5D45C35602B2, cid=2715, SUCCESS, logIndex=4063, commits[947ec526-030f-41cc-8af7-a6f75e712ab0:c4064, c447b9b6-dde2-4ce7-aa81-d0e2eddc8fe9:c4060, 28b540ac-241d-462a-a56c-509e92928066:c4060]
2019-08-20 22:34:41,970 [grpc-default-executor-2] INFO  client.GrpcClientProtocolClient (GrpcClientProtocolClient.java:onNext(255)) - client-391BA870FC40->947ec526-030f-41cc-8af7-a6f75e712ab0: receive RaftClientReply:client-391BA870FC40->947ec526-030f-41cc-8af7-a6f75e712ab0@group-5D45C35602B2, cid=2716, SUCCESS, logIndex=4064, commits[947ec526-030f-41cc-8af7-a6f75e712ab0:c4064, c447b9b6-dde2-4ce7-aa81-d0e2eddc8fe9:c4060, 28b540ac-241d-462a-a56c-509e92928066:c4060]
2019-08-20 22:34:41,979 | INFO  | DNAudit | user=null | ip=null | op=WRITE_CHUNK {blockData=conID: 2 locID: 102651689824420455 bcsId: 0} | ret=SUCCESS |  
2019-08-20 22:34:41,979 | INFO  | DNAudit | user=null | ip=null | op=WRITE_CHUNK {blockData=conID: 2 locID: 102651689824420455 bcsId: 0} | ret=SUCCESS |  
2019-08-20 22:34:41,982 | INFO  | DNAudit | user=null | ip=null | op=PUT_BLOCK {blockData=[blockId=conID: 2 locID: 102651689824420455 bcsId: 0,size=1048576]} | ret=SUCCESS |  
2019-08-20 22:34:41,982 | INFO  | DNAudit | user=null | ip=null | op=PUT_BLOCK {blockData=[blockId=conID: 2 locID: 102651689824420455 bcsId: 0,size=1048576]} | ret=SUCCESS |  
2019-08-20 22:34:41,982 | INFO  | DNAudit | user=null | ip=null | op=WRITE_CHUNK {blockData=conID: 2 locID: 102651689824420455 bcsId: 0} | ret=SUCCESS |  
2019-08-20 22:34:41,982 | INFO  | DNAudit | user=null | ip=null | op=PUT_BLOCK {blockData=[blockId=conID: 2 locID: 102651689824420455 bcsId: 0,size=2097152]} | ret=SUCCESS |  
2019-08-20 22:34:41,983 | INFO  | DNAudit | user=null | ip=null | op=WRITE_CHUNK {blockData=conID: 2 locID: 102651689824420455 bcsId: 0} | ret=SUCCESS |  
2019-08-20 22:34:41,983 | INFO  | DNAudit | user=null | ip=null | op=PUT_BLOCK {blockData=[blockId=conID: 2 locID: 102651689824420455 bcsId: 0,size=2097152]} | ret=SUCCESS |  
2019-08-20 22:34:41,983 [grpc-default-executor-1] INFO  client.GrpcClientProtocolClient (GrpcClientProtocolClient.java:onNext(255)) - client-391BA870FC40->947ec526-030f-41cc-8af7-a6f75e712ab0: receive RaftClientReply:client-391BA870FC40->947ec526-030f-41cc-8af7-a6f75e712ab0@group-5D45C35602B2, cid=2717, SUCCESS, logIndex=0, commits[947ec526-030f-41cc-8af7-a6f75e712ab0:c4067, c447b9b6-dde2-4ce7-aa81-d0e2eddc8fe9:c4064, 28b540ac-241d-462a-a56c-509e92928066:c4064]
2019-08-20 22:34:41,990 | INFO  | DNAudit | user=null | ip=null | op=WRITE_CHUNK {blockData=conID: 2 locID: 102651689824420455 bcsId: 4064} | ret=SUCCESS |  
2019-08-20 22:34:41,992 | INFO  | DNAudit | user=null | ip=null | op=WRITE_CHUNK {blockData=conID: 2 locID: 102651689824420455 bcsId: 4064} | ret=SUCCESS |  
2019-08-20 22:34:41,992 | INFO  | DNAudit | user=null | ip=null | op=WRITE_CHUNK {blockData=conID: 2 locID: 102651689824420455 bcsId: 4064} | ret=SUCCESS |  
2019-08-20 22:34:41,999 | INFO  | DNAudit | user=null | ip=null | op=WRITE_CHUNK {blockData=conID: 2 locID: 102651689824420455 bcsId: 4064} | ret=SUCCESS |  
2019-08-20 22:34:42,001 | INFO  | DNAudit | user=null | ip=null | op=PUT_BLOCK {blockData=[blockId=conID: 2 locID: 102651689824420455 bcsId: 0,size=3145728]} | ret=SUCCESS |  
2019-08-20 22:34:42,001 [grpc-default-executor-1] INFO  client.GrpcClientProtocolClient (GrpcClientProtocolClient.java:onNext(255)) - client-391BA870FC40->947ec526-030f-41cc-8af7-a6f75e712ab0: receive RaftClientReply:client-391BA870FC40->947ec526-030f-41cc-8af7-a6f75e712ab0@group-5D45C35602B2, cid=2718, SUCCESS, logIndex=4068, commits[947ec526-030f-41cc-8af7-a6f75e712ab0:c4068, c447b9b6-dde2-4ce7-aa81-d0e2eddc8fe9:c4067, 28b540ac-241d-462a-a56c-509e92928066:c4067]
2019-08-20 22:34:42,002 [grpc-default-executor-1] INFO  client.GrpcClientProtocolClient (GrpcClientProtocolClient.java:onNext(255)) - client-391BA870FC40->947ec526-030f-41cc-8af7-a6f75e712ab0: receive RaftClientReply:client-391BA870FC40->947ec526-030f-41cc-8af7-a6f75e712ab0@group-5D45C35602B2, cid=2719, SUCCESS, logIndex=4069, commits[947ec526-030f-41cc-8af7-a6f75e712ab0:c4069, c447b9b6-dde2-4ce7-aa81-d0e2eddc8fe9:c4067, 28b540ac-241d-462a-a56c-509e92928066:c4067]
2019-08-20 22:34:42,008 | INFO  | DNAudit | user=null | ip=null | op=WRITE_CHUNK {blockData=conID: 2 locID: 102651689824420455 bcsId: 4069} | ret=SUCCESS |  
2019-08-20 22:34:42,011 | INFO  | DNAudit | user=null | ip=null | op=WRITE_CHUNK {blockData=conID: 2 locID: 102651689824420455 bcsId: 4069} | ret=SUCCESS |  
2019-08-20 22:34:42,012 | INFO  | DNAudit | user=null | ip=null | op=WRITE_CHUNK {blockData=conID: 2 locID: 102651689824420455 bcsId: 4069} | ret=SUCCESS |  
2019-08-20 22:34:42,012 | INFO  | DNAudit | user=null | ip=null | op=WRITE_CHUNK {blockData=conID: 2 locID: 102651689824420455 bcsId: 4064} | ret=SUCCESS |  
2019-08-20 22:34:42,012 | INFO  | DNAudit | user=null | ip=null | op=WRITE_CHUNK {blockData=conID: 2 locID: 102651689824420455 bcsId: 4064} | ret=SUCCESS |  
2019-08-20 22:34:42,024 | INFO  | DNAudit | user=null | ip=null | op=PUT_BLOCK {blockData=[blockId=conID: 2 locID: 102651689824420455 bcsId: 0,size=3145728]} | ret=SUCCESS |  
2019-08-20 22:34:42,024 | INFO  | DNAudit | user=null | ip=null | op=PUT_BLOCK {blockData=[blockId=conID: 2 locID: 102651689824420455 bcsId: 0,size=3145728]} | ret=SUCCESS |  
2019-08-20 22:34:42,025 | INFO  | DNAudit | user=null | ip=null | op=WRITE_CHUNK {blockData=conID: 2 locID: 102651689824420455 bcsId: 4069} | ret=SUCCESS |  
2019-08-20 22:34:42,025 | INFO  | DNAudit | user=null | ip=null | op=PUT_BLOCK {blockData=[blockId=conID: 2 locID: 102651689824420455 bcsId: 0,size=4194304]} | ret=SUCCESS |  
2019-08-20 22:34:42,026 [grpc-default-executor-2] INFO  client.GrpcClientProtocolClient (GrpcClientProtocolClient.java:onNext(255)) - client-391BA870FC40->947ec526-030f-41cc-8af7-a6f75e712ab0: receive RaftClientReply:client-391BA870FC40->947ec526-030f-41cc-8af7-a6f75e712ab0@group-5D45C35602B2, cid=2720, SUCCESS, logIndex=4072, commits[947ec526-030f-41cc-8af7-a6f75e712ab0:c4073, c447b9b6-dde2-4ce7-aa81-d0e2eddc8fe9:c4069, 28b540ac-241d-462a-a56c-509e92928066:c4069]
2019-08-20 22:34:42,026 [grpc-default-executor-2] INFO  client.GrpcClientProtocolClient (GrpcClientProtocolClient.java:onNext(255)) - client-391BA870FC40->947ec526-030f-41cc-8af7-a6f75e712ab0: receive RaftClientReply:client-391BA870FC40->947ec526-030f-41cc-8af7-a6f75e712ab0@group-5D45C35602B2, cid=2721, SUCCESS, logIndex=4073, commits[947ec526-030f-41cc-8af7-a6f75e712ab0:c4073, c447b9b6-dde2-4ce7-aa81-d0e2eddc8fe9:c4069, 28b540ac-241d-462a-a56c-509e92928066:c4069]
2019-08-20 22:34:42,038 | INFO  | DNAudit | user=null | ip=null | op=WRITE_CHUNK {blockData=conID: 2 locID: 102651689824420455 bcsId: 4069} | ret=SUCCESS |  
2019-08-20 22:34:42,038 | INFO  | DNAudit | user=null | ip=null | op=PUT_BLOCK {blockData=[blockId=conID: 2 locID: 102651689824420455 bcsId: 0,size=4194304]} | ret=SUCCESS |  
2019-08-20 22:34:42,039 | INFO  | DNAudit | user=null | ip=null | op=WRITE_CHUNK {blockData=conID: 2 locID: 102651689824420455 bcsId: 4069} | ret=SUCCESS |  
2019-08-20 22:34:42,039 [grpc-default-executor-2] INFO  client.GrpcClientProtocolClient (GrpcClientProtocolClient.java:onNext(255)) - client-391BA870FC40->947ec526-030f-41cc-8af7-a6f75e712ab0: receive RaftClientReply:client-391BA870FC40->947ec526-030f-41cc-8af7-a6f75e712ab0@group-5D45C35602B2, cid=2722, SUCCESS, logIndex=0, commits[947ec526-030f-41cc-8af7-a6f75e712ab0:c4074, c447b9b6-dde2-4ce7-aa81-d0e2eddc8fe9:c4073, 28b540ac-241d-462a-a56c-509e92928066:c4073]
2019-08-20 22:34:42,039 | INFO  | DNAudit | user=null | ip=null | op=PUT_BLOCK {blockData=[blockId=conID: 2 locID: 102651689824420455 bcsId: 0,size=4194304]} | ret=SUCCESS |  
2019-08-20 22:34:42,044 | INFO  | SCMAudit | user=jenkins1000 | ip=192.168.5.142 | op=ALLOCATE_BLOCK {owner=6f694d07-2a2f-44d9-8e1c-aaa094a2f647, size=4194304, type=RATIS, factor=THREE} | ret=SUCCESS |  
2019-08-20 22:34:42,047 | INFO  | OMAudit | user=jenkins1000 | ip=127.0.0.1 | op=ALLOCATE_BLOCK {volume=vol-0-80747, bucket=bucket-0-27686, key=key-0-47435, dataSize=0, replicationType=null, replicationFactor=null, keyLocationInfo=null, clientID=102651687805452690} | ret=SUCCESS |  
2019-08-20 22:34:42,054 | INFO  | DNAudit | user=null | ip=null | op=WRITE_CHUNK {blockData=conID: 3 locID: 102651689831236200 bcsId: 0} | ret=SUCCESS |  
2019-08-20 22:34:42,057 | INFO  | DNAudit | user=null | ip=null | op=WRITE_CHUNK {blockData=conID: 3 locID: 102651689831236200 bcsId: 0} | ret=SUCCESS |  
2019-08-20 22:34:42,057 | INFO  | DNAudit | user=null | ip=null | op=WRITE_CHUNK {blockData=conID: 3 locID: 102651689831236200 bcsId: 0} | ret=SUCCESS |  
2019-08-20 22:34:42,058 | INFO  | DNAudit | user=null | ip=null | op=WRITE_CHUNK {blockData=conID: 3 locID: 102651689831236200 bcsId: 0} | ret=SUCCESS |  
2019-08-20 22:34:42,059 | INFO  | DNAudit | user=null | ip=null | op=WRITE_CHUNK {blockData=conID: 3 locID: 102651689831236200 bcsId: 0} | ret=SUCCESS |  
2019-08-20 22:34:42,059 | INFO  | DNAudit | user=null | ip=null | op=WRITE_CHUNK {blockData=conID: 3 locID: 102651689831236200 bcsId: 0} | ret=SUCCESS |  
2019-08-20 22:34:42,068 | INFO  | DNAudit | user=null | ip=null | op=WRITE_CHUNK {blockData=conID: 3 locID: 102651689831236200 bcsId: 0} | ret=SUCCESS |  
2019-08-20 22:34:42,069 | INFO  | DNAudit | user=null | ip=null | op=PUT_BLOCK {blockData=[blockId=conID: 3 locID: 102651689831236200 bcsId: 0,size=1048576]} | ret=SUCCESS |  
2019-08-20 22:34:42,069 [grpc-default-executor-2] INFO  client.GrpcClientProtocolClient (GrpcClientProtocolClient.java:onNext(255)) - client-391BA870FC40->947ec526-030f-41cc-8af7-a6f75e712ab0: receive RaftClientReply:client-391BA870FC40->947ec526-030f-41cc-8af7-a6f75e712ab0@group-5D45C35602B2, cid=2723, SUCCESS, logIndex=4076, commits[947ec526-030f-41cc-8af7-a6f75e712ab0:c4077, c447b9b6-dde2-4ce7-aa81-d0e2eddc8fe9:c4075, 28b540ac-241d-462a-a56c-509e92928066:c4075]
2019-08-20 22:34:42,069 [grpc-default-executor-2] INFO  client.GrpcClientProtocolClient (GrpcClientProtocolClient.java:onNext(255)) - client-391BA870FC40->947ec526-030f-41cc-8af7-a6f75e712ab0: receive RaftClientReply:client-391BA870FC40->947ec526-030f-41cc-8af7-a6f75e712ab0@group-5D45C35602B2, cid=2724, SUCCESS, logIndex=4077, commits[947ec526-030f-41cc-8af7-a6f75e712ab0:c4077, c447b9b6-dde2-4ce7-aa81-d0e2eddc8fe9:c4075, 28b540ac-241d-462a-a56c-509e92928066:c4075]
2019-08-20 22:34:42,078 | INFO  | DNAudit | user=null | ip=null | op=WRITE_CHUNK {blockData=conID: 3 locID: 102651689831236200 bcsId: 0} | ret=SUCCESS |  
2019-08-20 22:34:42,079 | INFO  | DNAudit | user=null | ip=null | op=PUT_BLOCK {blockData=[blockId=conID: 3 locID: 102651689831236200 bcsId: 0,size=2097152]} | ret=SUCCESS |  
2019-08-20 22:34:42,079 [grpc-default-executor-1] INFO  client.GrpcClientProtocolClient (GrpcClientProtocolClient.java:onNext(255)) - client-391BA870FC40->947ec526-030f-41cc-8af7-a6f75e712ab0: receive RaftClientReply:client-391BA870FC40->947ec526-030f-41cc-8af7-a6f75e712ab0@group-5D45C35602B2, cid=2725, SUCCESS, logIndex=4078, commits[947ec526-030f-41cc-8af7-a6f75e712ab0:c4079, c447b9b6-dde2-4ce7-aa81-d0e2eddc8fe9:c4075, 28b540ac-241d-462a-a56c-509e92928066:c4075]
2019-08-20 22:34:42,079 | INFO  | DNAudit | user=null | ip=null | op=WRITE_CHUNK {blockData=conID: 3 locID: 102651689831236200 bcsId: 0} | ret=SUCCESS |  
2019-08-20 22:34:42,080 [grpc-default-executor-1] INFO  client.GrpcClientProtocolClient (GrpcClientProtocolClient.java:onNext(255)) - client-391BA870FC40->947ec526-030f-41cc-8af7-a6f75e712ab0: receive RaftClientReply:client-391BA870FC40->947ec526-030f-41cc-8af7-a6f75e712ab0@group-5D45C35602B2, cid=2726, SUCCESS, logIndex=4079, commits[947ec526-030f-41cc-8af7-a6f75e712ab0:c4079, c447b9b6-dde2-4ce7-aa81-d0e2eddc8fe9:c4075, 28b540ac-241d-462a-a56c-509e92928066:c4075]
2019-08-20 22:34:42,080 | INFO  | DNAudit | user=null | ip=null | op=PUT_BLOCK {blockData=[blockId=conID: 3 locID: 102651689831236200 bcsId: 0,size=1048576]} | ret=SUCCESS |  
2019-08-20 22:34:42,081 | INFO  | DNAudit | user=null | ip=null | op=WRITE_CHUNK {blockData=conID: 3 locID: 102651689831236200 bcsId: 0} | ret=SUCCESS |  
2019-08-20 22:34:42,081 | INFO  | DNAudit | user=null | ip=null | op=PUT_BLOCK {blockData=[blockId=conID: 3 locID: 102651689831236200 bcsId: 0,size=2097152]} | ret=SUCCESS |  
2019-08-20 22:34:42,082 | INFO  | DNAudit | user=null | ip=null | op=WRITE_CHUNK {blockData=conID: 3 locID: 102651689831236200 bcsId: 0} | ret=SUCCESS |  
2019-08-20 22:34:42,083 | INFO  | DNAudit | user=null | ip=null | op=PUT_BLOCK {blockData=[blockId=conID: 3 locID: 102651689831236200 bcsId: 0,size=1048576]} | ret=SUCCESS |  
2019-08-20 22:34:42,083 | INFO  | DNAudit | user=null | ip=null | op=WRITE_CHUNK {blockData=conID: 3 locID: 102651689831236200 bcsId: 0} | ret=SUCCESS |  
2019-08-20 22:34:42,083 | INFO  | DNAudit | user=null | ip=null | op=PUT_BLOCK {blockData=[blockId=conID: 3 locID: 102651689831236200 bcsId: 0,size=2097152]} | ret=SUCCESS |  
2019-08-20 22:34:42,083 [grpc-default-executor-2] INFO  client.GrpcClientProtocolClient (GrpcClientProtocolClient.java:onNext(255)) - client-391BA870FC40->947ec526-030f-41cc-8af7-a6f75e712ab0: receive RaftClientReply:client-391BA870FC40->947ec526-030f-41cc-8af7-a6f75e712ab0@group-5D45C35602B2, cid=2727, SUCCESS, logIndex=0, commits[947ec526-030f-41cc-8af7-a6f75e712ab0:c4082, c447b9b6-dde2-4ce7-aa81-d0e2eddc8fe9:c4077, 28b540ac-241d-462a-a56c-509e92928066:c4079]
2019-08-20 22:34:42,092 | INFO  | SCMAudit | user=jenkins1000 | ip=192.168.5.142 | op=SEND_HEARTBEAT {datanodeUUID=d55cd342-4e6c-4701-86f3-cb557f3478dc, command=[]} | ret=SUCCESS |  
2019-08-20 22:34:42,093 | INFO  | DNAudit | user=null | ip=null | op=WRITE_CHUNK {blockData=conID: 3 locID: 102651689831236200 bcsId: 4079} | ret=SUCCESS |  
2019-08-20 22:34:42,094 | INFO  | DNAudit | user=null | ip=null | op=WRITE_CHUNK {blockData=conID: 3 locID: 102651689831236200 bcsId: 4079} | ret=SUCCESS |  
2019-08-20 22:34:42,094 | INFO  | DNAudit | user=null | ip=null | op=WRITE_CHUNK {blockData=conID: 3 locID: 102651689831236200 bcsId: 4079} | ret=SUCCESS |  
2019-08-20 22:34:42,105 | INFO  | DNAudit | user=null | ip=null | op=WRITE_CHUNK {blockData=conID: 3 locID: 102651689831236200 bcsId: 4079} | ret=SUCCESS |  
2019-08-20 22:34:42,106 | INFO  | DNAudit | user=null | ip=null | op=PUT_BLOCK {blockData=[blockId=conID: 3 locID: 102651689831236200 bcsId: 0,size=3145728]} | ret=SUCCESS |  
2019-08-20 22:34:42,106 [grpc-default-executor-2] INFO  client.GrpcClientProtocolClient (GrpcClientProtocolClient.java:onNext(255)) - client-391BA870FC40->947ec526-030f-41cc-8af7-a6f75e712ab0: receive RaftClientReply:client-391BA870FC40->947ec526-030f-41cc-8af7-a6f75e712ab0@group-5D45C35602B2, cid=2728, SUCCESS, logIndex=4083, commits[947ec526-030f-41cc-8af7-a6f75e712ab0:c4084, c447b9b6-dde2-4ce7-aa81-d0e2eddc8fe9:c4082, 28b540ac-241d-462a-a56c-509e92928066:c4079]
2019-08-20 22:34:42,106 | INFO  | DNAudit | user=null | ip=null | op=WRITE_CHUNK {blockData=conID: 3 locID: 102651689831236200 bcsId: 4079} | ret=SUCCESS |  
2019-08-20 22:34:42,106 | INFO  | DNAudit | user=null | ip=null | op=WRITE_CHUNK {blockData=conID: 3 locID: 102651689831236200 bcsId: 4079} | ret=SUCCESS |  
2019-08-20 22:34:42,106 [grpc-default-executor-2] INFO  client.GrpcClientProtocolClient (GrpcClientProtocolClient.java:onNext(255)) - client-391BA870FC40->947ec526-030f-41cc-8af7-a6f75e712ab0: receive RaftClientReply:client-391BA870FC40->947ec526-030f-41cc-8af7-a6f75e712ab0@group-5D45C35602B2, cid=2729, SUCCESS, logIndex=4084, commits[947ec526-030f-41cc-8af7-a6f75e712ab0:c4084, c447b9b6-dde2-4ce7-aa81-d0e2eddc8fe9:c4082, 28b540ac-241d-462a-a56c-509e92928066:c4082]
2019-08-20 22:34:42,107 | INFO  | DNAudit | user=null | ip=null | op=PUT_BLOCK {blockData=[blockId=conID: 3 locID: 102651689831236200 bcsId: 0,size=3145728]} | ret=SUCCESS |  
2019-08-20 22:34:42,109 | INFO  | DNAudit | user=null | ip=null | op=PUT_BLOCK {blockData=[blockId=conID: 3 locID: 102651689831236200 bcsId: 0,size=3145728]} | ret=SUCCESS |  
2019-08-20 22:34:42,114 | INFO  | DNAudit | user=null | ip=null | op=WRITE_CHUNK {blockData=conID: 3 locID: 102651689831236200 bcsId: 4084} | ret=SUCCESS |  
2019-08-20 22:34:42,115 | INFO  | DNAudit | user=null | ip=null | op=WRITE_CHUNK {blockData=conID: 3 locID: 102651689831236200 bcsId: 4084} | ret=SUCCESS |  
2019-08-20 22:34:42,115 | INFO  | DNAudit | user=null | ip=null | op=WRITE_CHUNK {blockData=conID: 3 locID: 102651689831236200 bcsId: 4084} | ret=SUCCESS |  
2019-08-20 22:34:42,128 | INFO  | DNAudit | user=null | ip=null | op=WRITE_CHUNK {blockData=conID: 3 locID: 102651689831236200 bcsId: 4084} | ret=SUCCESS |  
2019-08-20 22:34:42,129 | INFO  | DNAudit | user=null | ip=null | op=PUT_BLOCK {blockData=[blockId=conID: 3 locID: 102651689831236200 bcsId: 0,size=4194304]} | ret=SUCCESS |  
2019-08-20 22:34:42,129 [grpc-default-executor-5] INFO  client.GrpcClientProtocolClient (GrpcClientProtocolClient.java:onNext(255)) - client-391BA870FC40->947ec526-030f-41cc-8af7-a6f75e712ab0: receive RaftClientReply:client-391BA870FC40->947ec526-030f-41cc-8af7-a6f75e712ab0@group-5D45C35602B2, cid=2730, SUCCESS, logIndex=4087, commits[947ec526-030f-41cc-8af7-a6f75e712ab0:c4088, c447b9b6-dde2-4ce7-aa81-d0e2eddc8fe9:c4086, 28b540ac-241d-462a-a56c-509e92928066:c4086]
2019-08-20 22:34:42,130 [grpc-default-executor-5] INFO  client.GrpcClientProtocolClient (GrpcClientProtocolClient.java:onNext(255)) - client-391BA870FC40->947ec526-030f-41cc-8af7-a6f75e712ab0: receive RaftClientReply:client-391BA870FC40->947ec526-030f-41cc-8af7-a6f75e712ab0@group-5D45C35602B2, cid=2731, SUCCESS, logIndex=4088, commits[947ec526-030f-41cc-8af7-a6f75e712ab0:c4088, c447b9b6-dde2-4ce7-aa81-d0e2eddc8fe9:c4086, 28b540ac-241d-462a-a56c-509e92928066:c4086]
2019-08-20 22:34:42,142 | INFO  | DNAudit | user=null | ip=null | op=WRITE_CHUNK {blockData=conID: 3 locID: 102651689831236200 bcsId: 4084} | ret=SUCCESS |  
2019-08-20 22:34:42,142 | INFO  | DNAudit | user=null | ip=null | op=WRITE_CHUNK {blockData=conID: 3 locID: 102651689831236200 bcsId: 4084} | ret=SUCCESS |  
2019-08-20 22:34:42,155 | INFO  | DNAudit | user=null | ip=null | op=PUT_BLOCK {blockData=[blockId=conID: 3 locID: 102651689831236200 bcsId: 0,size=4194304]} | ret=SUCCESS |  
2019-08-20 22:34:42,155 | INFO  | DNAudit | user=null | ip=null | op=PUT_BLOCK {blockData=[blockId=conID: 3 locID: 102651689831236200 bcsId: 0,size=4194304]} | ret=SUCCESS |  
2019-08-20 22:34:42,155 [grpc-default-executor-5] INFO  client.GrpcClientProtocolClient (GrpcClientProtocolClient.java:onNext(255)) - client-391BA870FC40->947ec526-030f-41cc-8af7-a6f75e712ab0: receive RaftClientReply:client-391BA870FC40->947ec526-030f-41cc-8af7-a6f75e712ab0@group-5D45C35602B2, cid=2732, SUCCESS, logIndex=0, commits[947ec526-030f-41cc-8af7-a6f75e712ab0:c4090, c447b9b6-dde2-4ce7-aa81-d0e2eddc8fe9:c4088, 28b540ac-241d-462a-a56c-509e92928066:c4088]
2019-08-20 22:34:42,162 | INFO  | SCMAudit | user=jenkins1000 | ip=192.168.5.142 | op=ALLOCATE_BLOCK {owner=6f694d07-2a2f-44d9-8e1c-aaa094a2f647, size=4194304, type=RATIS, factor=THREE} | ret=SUCCESS |  
2019-08-20 22:34:42,166 | INFO  | OMAudit | user=jenkins1000 | ip=127.0.0.1 | op=ALLOCATE_BLOCK {volume=vol-0-80747, bucket=bucket-0-27686, key=key-0-47435, dataSize=0, replicationType=null, replicationFactor=null, keyLocationInfo=null, clientID=102651687805452690} | ret=SUCCESS |  
2019-08-20 22:34:42,175 | INFO  | DNAudit | user=null | ip=null | op=WRITE_CHUNK {blockData=conID: 1 locID: 102651689838969449 bcsId: 0} | ret=SUCCESS |  
2019-08-20 22:34:42,176 | INFO  | DNAudit | user=null | ip=null | op=WRITE_CHUNK {blockData=conID: 1 locID: 102651689838969449 bcsId: 0} | ret=SUCCESS |  
2019-08-20 22:34:42,178 | INFO  | DNAudit | user=null | ip=null | op=WRITE_CHUNK {blockData=conID: 1 locID: 102651689838969449 bcsId: 0} | ret=SUCCESS |  
2019-08-20 22:34:42,179 | INFO  | DNAudit | user=null | ip=null | op=WRITE_CHUNK {blockData=conID: 1 locID: 102651689838969449 bcsId: 0} | ret=SUCCESS |  
2019-08-20 22:34:42,180 | INFO  | DNAudit | user=null | ip=null | op=WRITE_CHUNK {blockData=conID: 1 locID: 102651689838969449 bcsId: 0} | ret=SUCCESS |  
2019-08-20 22:34:42,180 | INFO  | DNAudit | user=null | ip=null | op=WRITE_CHUNK {blockData=conID: 1 locID: 102651689838969449 bcsId: 0} | ret=SUCCESS |  
2019-08-20 22:34:42,188 | INFO  | DNAudit | user=null | ip=null | op=WRITE_CHUNK {blockData=conID: 1 locID: 102651689838969449 bcsId: 0} | ret=SUCCESS |  
2019-08-20 22:34:42,188 | INFO  | DNAudit | user=null | ip=null | op=PUT_BLOCK {blockData=[blockId=conID: 1 locID: 102651689838969449 bcsId: 0,size=1048576]} | ret=SUCCESS |  
2019-08-20 22:34:42,188 | INFO  | DNAudit | user=null | ip=null | op=WRITE_CHUNK {blockData=conID: 1 locID: 102651689838969449 bcsId: 0} | ret=SUCCESS |  
2019-08-20 22:34:42,188 [grpc-default-executor-5] INFO  client.GrpcClientProtocolClient (GrpcClientProtocolClient.java:onNext(255)) - client-391BA870FC40->947ec526-030f-41cc-8af7-a6f75e712ab0: receive RaftClientReply:client-391BA870FC40->947ec526-030f-41cc-8af7-a6f75e712ab0@group-5D45C35602B2, cid=2733, SUCCESS, logIndex=4091, commits[947ec526-030f-41cc-8af7-a6f75e712ab0:c4092, c447b9b6-dde2-4ce7-aa81-d0e2eddc8fe9:c4090, 28b540ac-241d-462a-a56c-509e92928066:c4090]
2019-08-20 22:34:42,189 | INFO  | DNAudit | user=null | ip=null | op=PUT_BLOCK {blockData=[blockId=conID: 1 locID: 102651689838969449 bcsId: 0,size=2097152]} | ret=SUCCESS |  
2019-08-20 22:34:42,189 [grpc-default-executor-5] INFO  client.GrpcClientProtocolClient (GrpcClientProtocolClient.java:onNext(255)) - client-391BA870FC40->947ec526-030f-41cc-8af7-a6f75e712ab0: receive RaftClientReply:client-391BA870FC40->947ec526-030f-41cc-8af7-a6f75e712ab0@group-5D45C35602B2, cid=2734, SUCCESS, logIndex=4092, commits[947ec526-030f-41cc-8af7-a6f75e712ab0:c4094, c447b9b6-dde2-4ce7-aa81-d0e2eddc8fe9:c4090, 28b540ac-241d-462a-a56c-509e92928066:c4090]
2019-08-20 22:34:42,189 | INFO  | DNAudit | user=null | ip=null | op=WRITE_CHUNK {blockData=conID: 1 locID: 102651689838969449 bcsId: 0} | ret=SUCCESS |  
2019-08-20 22:34:42,189 [grpc-default-executor-5] INFO  client.GrpcClientProtocolClient (GrpcClientProtocolClient.java:onNext(255)) - client-391BA870FC40->947ec526-030f-41cc-8af7-a6f75e712ab0: receive RaftClientReply:client-391BA870FC40->947ec526-030f-41cc-8af7-a6f75e712ab0@group-5D45C35602B2, cid=2735, SUCCESS, logIndex=4093, commits[947ec526-030f-41cc-8af7-a6f75e712ab0:c4094, c447b9b6-dde2-4ce7-aa81-d0e2eddc8fe9:c4090, 28b540ac-241d-462a-a56c-509e92928066:c4090]
2019-08-20 22:34:42,189 [grpc-default-executor-5] INFO  client.GrpcClientProtocolClient (GrpcClientProtocolClient.java:onNext(255)) - client-391BA870FC40->947ec526-030f-41cc-8af7-a6f75e712ab0: receive RaftClientReply:client-391BA870FC40->947ec526-030f-41cc-8af7-a6f75e712ab0@group-5D45C35602B2, cid=2736, SUCCESS, logIndex=4094, commits[947ec526-030f-41cc-8af7-a6f75e712ab0:c4094, c447b9b6-dde2-4ce7-aa81-d0e2eddc8fe9:c4090, 28b540ac-241d-462a-a56c-509e92928066:c4090]
2019-08-20 22:34:42,190 | INFO  | DNAudit | user=null | ip=null | op=WRITE_CHUNK {blockData=conID: 1 locID: 102651689838969449 bcsId: 0} | ret=SUCCESS |  
2019-08-20 22:34:42,190 | INFO  | DNAudit | user=null | ip=null | op=PUT_BLOCK {blockData=[blockId=conID: 1 locID: 102651689838969449 bcsId: 0,size=1048576]} | ret=SUCCESS |  
2019-08-20 22:34:42,190 | INFO  | DNAudit | user=null | ip=null | op=WRITE_CHUNK {blockData=conID: 1 locID: 102651689838969449 bcsId: 0} | ret=SUCCESS |  
2019-08-20 22:34:42,190 | INFO  | DNAudit | user=null | ip=null | op=PUT_BLOCK {blockData=[blockId=conID: 1 locID: 102651689838969449 bcsId: 0,size=2097152]} | ret=SUCCESS |  
2019-08-20 22:34:42,192 | INFO  | DNAudit | user=null | ip=null | op=PUT_BLOCK {blockData=[blockId=conID: 1 locID: 102651689838969449 bcsId: 0,size=1048576]} | ret=SUCCESS |  
2019-08-20 22:34:42,192 | INFO  | DNAudit | user=null | ip=null | op=WRITE_CHUNK {blockData=conID: 1 locID: 102651689838969449 bcsId: 0} | ret=SUCCESS |  
2019-08-20 22:34:42,192 | INFO  | DNAudit | user=null | ip=null | op=PUT_BLOCK {blockData=[blockId=conID: 1 locID: 102651689838969449 bcsId: 0,size=2097152]} | ret=SUCCESS |  
2019-08-20 22:34:42,192 [grpc-default-executor-5] INFO  client.GrpcClientProtocolClient (GrpcClientProtocolClient.java:onNext(255)) - client-391BA870FC40->947ec526-030f-41cc-8af7-a6f75e712ab0: receive RaftClientReply:client-391BA870FC40->947ec526-030f-41cc-8af7-a6f75e712ab0@group-5D45C35602B2, cid=2737, SUCCESS, logIndex=0, commits[947ec526-030f-41cc-8af7-a6f75e712ab0:c4098, c447b9b6-dde2-4ce7-aa81-d0e2eddc8fe9:c4094, 28b540ac-241d-462a-a56c-509e92928066:c4092]
2019-08-20 22:34:42,205 | INFO  | DNAudit | user=null | ip=null | op=WRITE_CHUNK {blockData=conID: 1 locID: 102651689838969449 bcsId: 4094} | ret=SUCCESS |  
2019-08-20 22:34:42,207 | INFO  | DNAudit | user=null | ip=null | op=WRITE_CHUNK {blockData=conID: 1 locID: 102651689838969449 bcsId: 4094} | ret=SUCCESS |  
2019-08-20 22:34:42,208 | INFO  | DNAudit | user=null | ip=null | op=WRITE_CHUNK {blockData=conID: 1 locID: 102651689838969449 bcsId: 4094} | ret=SUCCESS |  
2019-08-20 22:34:42,217 | INFO  | DNAudit | user=null | ip=null | op=WRITE_CHUNK {blockData=conID: 1 locID: 102651689838969449 bcsId: 4094} | ret=SUCCESS |  
2019-08-20 22:34:42,218 | INFO  | DNAudit | user=null | ip=null | op=PUT_BLOCK {blockData=[blockId=conID: 1 locID: 102651689838969449 bcsId: 0,size=3145728]} | ret=SUCCESS |  
2019-08-20 22:34:42,218 [grpc-default-executor-1] INFO  client.GrpcClientProtocolClient (GrpcClientProtocolClient.java:onNext(255)) - client-391BA870FC40->947ec526-030f-41cc-8af7-a6f75e712ab0: receive RaftClientReply:client-391BA870FC40->947ec526-030f-41cc-8af7-a6f75e712ab0@group-5D45C35602B2, cid=2738, SUCCESS, logIndex=4099, commits[947ec526-030f-41cc-8af7-a6f75e712ab0:c4100, c447b9b6-dde2-4ce7-aa81-d0e2eddc8fe9:c4098, 28b540ac-241d-462a-a56c-509e92928066:c4098]
2019-08-20 22:34:42,218 [grpc-default-executor-1] INFO  client.GrpcClientProtocolClient (GrpcClientProtocolClient.java:onNext(255)) - client-391BA870FC40->947ec526-030f-41cc-8af7-a6f75e712ab0: receive RaftClientReply:client-391BA870FC40->947ec526-030f-41cc-8af7-a6f75e712ab0@group-5D45C35602B2, cid=2739, SUCCESS, logIndex=4100, commits[947ec526-030f-41cc-8af7-a6f75e712ab0:c4100, c447b9b6-dde2-4ce7-aa81-d0e2eddc8fe9:c4098, 28b540ac-241d-462a-a56c-509e92928066:c4098]
2019-08-20 22:34:42,222 | INFO  | SCMAudit | user=jenkins1000 | ip=192.168.5.142 | op=SEND_HEARTBEAT {datanodeUUID=28b540ac-241d-462a-a56c-509e92928066, command=[]} | ret=SUCCESS |  
2019-08-20 22:34:42,222 | INFO  | SCMAudit | user=jenkins1000 | ip=192.168.5.142 | op=SEND_HEARTBEAT {datanodeUUID=947ec526-030f-41cc-8af7-a6f75e712ab0, command=[]} | ret=SUCCESS |  
2019-08-20 22:34:42,223 | INFO  | SCMAudit | user=jenkins1000 | ip=192.168.5.142 | op=SEND_HEARTBEAT {datanodeUUID=eafd9314-3f13-422a-a2ac-adfcde2d7481, command=[]} | ret=SUCCESS |  
 0.00% |█                                                                                                    |  0/1 Time: 0:00:312019-08-20 22:34:42,223 | INFO  | SCMAudit | user=jenkins1000 | ip=192.168.5.142 | op=SEND_HEARTBEAT {datanodeUUID=c447b9b6-dde2-4ce7-aa81-d0e2eddc8fe9, command=[]} | ret=SUCCESS |  
2019-08-20 22:34:42,228 | INFO  | DNAudit | user=null | ip=null | op=WRITE_CHUNK {blockData=conID: 1 locID: 102651689838969449 bcsId: 4100} | ret=SUCCESS |  
2019-08-20 22:34:42,234 | INFO  | DNAudit | user=null | ip=null | op=WRITE_CHUNK {blockData=conID: 1 locID: 102651689838969449 bcsId: 4100} | ret=SUCCESS |  
2019-08-20 22:34:42,235 | INFO  | DNAudit | user=null | ip=null | op=WRITE_CHUNK {blockData=conID: 1 locID: 102651689838969449 bcsId: 4100} | ret=SUCCESS |  
2019-08-20 22:34:42,238 | INFO  | DNAudit | user=null | ip=null | op=WRITE_CHUNK {blockData=conID: 1 locID: 102651689838969449 bcsId: 4094} | ret=SUCCESS |  
2019-08-20 22:34:42,238 | INFO  | DNAudit | user=null | ip=null | op=WRITE_CHUNK {blockData=conID: 1 locID: 102651689838969449 bcsId: 4094} | ret=SUCCESS |  
2019-08-20 22:34:42,238 | INFO  | DNAudit | user=null | ip=null | op=PUT_BLOCK {blockData=[blockId=conID: 1 locID: 102651689838969449 bcsId: 0,size=3145728]} | ret=SUCCESS |  
2019-08-20 22:34:42,238 | INFO  | DNAudit | user=null | ip=null | op=PUT_BLOCK {blockData=[blockId=conID: 1 locID: 102651689838969449 bcsId: 0,size=3145728]} | ret=SUCCESS |  
2019-08-20 22:34:42,241 | INFO  | DNAudit | user=null | ip=null | op=WRITE_CHUNK {blockData=conID: 1 locID: 102651689838969449 bcsId: 4100} | ret=SUCCESS |  
2019-08-20 22:34:42,241 | INFO  | DNAudit | user=null | ip=null | op=PUT_BLOCK {blockData=[blockId=conID: 1 locID: 102651689838969449 bcsId: 0,size=4194304]} | ret=SUCCESS |  
2019-08-20 22:34:42,241 [grpc-default-executor-5] INFO  client.GrpcClientProtocolClient (GrpcClientProtocolClient.java:onNext(255)) - client-391BA870FC40->947ec526-030f-41cc-8af7-a6f75e712ab0: receive RaftClientReply:client-391BA870FC40->947ec526-030f-41cc-8af7-a6f75e712ab0@group-5D45C35602B2, cid=2740, SUCCESS, logIndex=4103, commits[947ec526-030f-41cc-8af7-a6f75e712ab0:c4104, c447b9b6-dde2-4ce7-aa81-d0e2eddc8fe9:c4100, 28b540ac-241d-462a-a56c-509e92928066:c4100]
2019-08-20 22:34:42,242 [grpc-default-executor-5] INFO  client.GrpcClientProtocolClient (GrpcClientProtocolClient.java:onNext(255)) - client-391BA870FC40->947ec526-030f-41cc-8af7-a6f75e712ab0: receive RaftClientReply:client-391BA870FC40->947ec526-030f-41cc-8af7-a6f75e712ab0@group-5D45C35602B2, cid=2741, SUCCESS, logIndex=4104, commits[947ec526-030f-41cc-8af7-a6f75e712ab0:c4104, c447b9b6-dde2-4ce7-aa81-d0e2eddc8fe9:c4100, 28b540ac-241d-462a-a56c-509e92928066:c4100]
2019-08-20 22:34:42,248 | INFO  | DNAudit | user=null | ip=null | op=WRITE_CHUNK {blockData=conID: 1 locID: 102651689838969449 bcsId: 4100} | ret=SUCCESS |  
2019-08-20 22:34:42,248 | INFO  | DNAudit | user=null | ip=null | op=WRITE_CHUNK {blockData=conID: 1 locID: 102651689838969449 bcsId: 4100} | ret=SUCCESS |  
2019-08-20 22:34:42,249 | INFO  | DNAudit | user=null | ip=null | op=PUT_BLOCK {blockData=[blockId=conID: 1 locID: 102651689838969449 bcsId: 0,size=4194304]} | ret=SUCCESS |  
2019-08-20 22:34:42,249 | INFO  | DNAudit | user=null | ip=null | op=PUT_BLOCK {blockData=[blockId=conID: 1 locID: 102651689838969449 bcsId: 0,size=4194304]} | ret=SUCCESS |  
2019-08-20 22:34:42,250 [grpc-default-executor-2] INFO  client.GrpcClientProtocolClient (GrpcClientProtocolClient.java:onNext(255)) - client-391BA870FC40->947ec526-030f-41cc-8af7-a6f75e712ab0: receive RaftClientReply:client-391BA870FC40->947ec526-030f-41cc-8af7-a6f75e712ab0@group-5D45C35602B2, cid=2742, SUCCESS, logIndex=0, commits[947ec526-030f-41cc-8af7-a6f75e712ab0:c4105, c447b9b6-dde2-4ce7-aa81-d0e2eddc8fe9:c4104, 28b540ac-241d-462a-a56c-509e92928066:c4104]
2019-08-20 22:34:42,255 | INFO  | SCMAudit | user=jenkins1000 | ip=192.168.5.142 | op=ALLOCATE_BLOCK {owner=6f694d07-2a2f-44d9-8e1c-aaa094a2f647, size=4194304, type=RATIS, factor=THREE} | ret=SUCCESS |  
2019-08-20 22:34:42,259 | INFO  | OMAudit | user=jenkins1000 | ip=127.0.0.1 | op=ALLOCATE_BLOCK {volume=vol-0-80747, bucket=bucket-0-27686, key=key-0-47435, dataSize=0, replicationType=null, replicationFactor=null, keyLocationInfo=null, clientID=102651687805452690} | ret=SUCCESS |  
2019-08-20 22:34:42,266 | INFO  | DNAudit | user=null | ip=null | op=WRITE_CHUNK {blockData=conID: 2 locID: 102651689845064298 bcsId: 0} | ret=SUCCESS |  
2019-08-20 22:34:42,268 | INFO  | DNAudit | user=null | ip=null | op=WRITE_CHUNK {blockData=conID: 2 locID: 102651689845064298 bcsId: 0} | ret=SUCCESS |  
2019-08-20 22:34:42,269 | INFO  | DNAudit | user=null | ip=null | op=WRITE_CHUNK {blockData=conID: 2 locID: 102651689845064298 bcsId: 0} | ret=SUCCESS |  
2019-08-20 22:34:42,269 | INFO  | DNAudit | user=null | ip=null | op=WRITE_CHUNK {blockData=conID: 2 locID: 102651689845064298 bcsId: 0} | ret=SUCCESS |  
2019-08-20 22:34:42,271 | INFO  | DNAudit | user=null | ip=null | op=WRITE_CHUNK {blockData=conID: 2 locID: 102651689845064298 bcsId: 0} | ret=SUCCESS |  
2019-08-20 22:34:42,271 | INFO  | DNAudit | user=null | ip=null | op=WRITE_CHUNK {blockData=conID: 2 locID: 102651689845064298 bcsId: 0} | ret=SUCCESS |  
2019-08-20 22:34:42,278 | INFO  | DNAudit | user=null | ip=null | op=WRITE_CHUNK {blockData=conID: 2 locID: 102651689845064298 bcsId: 0} | ret=SUCCESS |  
2019-08-20 22:34:42,279 | INFO  | DNAudit | user=null | ip=null | op=PUT_BLOCK {blockData=[blockId=conID: 2 locID: 102651689845064298 bcsId: 0,size=1048576]} | ret=SUCCESS |  
2019-08-20 22:34:42,279 [grpc-default-executor-5] INFO  client.GrpcClientProtocolClient (GrpcClientProtocolClient.java:onNext(255)) - client-391BA870FC40->947ec526-030f-41cc-8af7-a6f75e712ab0: receive RaftClientReply:client-391BA870FC40->947ec526-030f-41cc-8af7-a6f75e712ab0@group-5D45C35602B2, cid=2743, SUCCESS, logIndex=4107, commits[947ec526-030f-41cc-8af7-a6f75e712ab0:c4108, c447b9b6-dde2-4ce7-aa81-d0e2eddc8fe9:c4106, 28b540ac-241d-462a-a56c-509e92928066:c4106]
2019-08-20 22:34:42,279 | INFO  | DNAudit | user=null | ip=null | op=WRITE_CHUNK {blockData=conID: 2 locID: 102651689845064298 bcsId: 0} | ret=SUCCESS |  
2019-08-20 22:34:42,279 [grpc-default-executor-1] INFO  client.GrpcClientProtocolClient (GrpcClientProtocolClient.java:onNext(255)) - client-391BA870FC40->947ec526-030f-41cc-8af7-a6f75e712ab0: receive RaftClientReply:client-391BA870FC40->947ec526-030f-41cc-8af7-a6f75e712ab0@group-5D45C35602B2, cid=2744, SUCCESS, logIndex=4108, commits[947ec526-030f-41cc-8af7-a6f75e712ab0:c4108, c447b9b6-dde2-4ce7-aa81-d0e2eddc8fe9:c4106, 28b540ac-241d-462a-a56c-509e92928066:c4106]
2019-08-20 22:34:42,280 | INFO  | DNAudit | user=null | ip=null | op=PUT_BLOCK {blockData=[blockId=conID: 2 locID: 102651689845064298 bcsId: 0,size=2097152]} | ret=SUCCESS |  
2019-08-20 22:34:42,280 [grpc-default-executor-1] INFO  client.GrpcClientProtocolClient (GrpcClientProtocolClient.java:onNext(255)) - client-391BA870FC40->947ec526-030f-41cc-8af7-a6f75e712ab0: receive RaftClientReply:client-391BA870FC40->947ec526-030f-41cc-8af7-a6f75e712ab0@group-5D45C35602B2, cid=2745, SUCCESS, logIndex=4109, commits[947ec526-030f-41cc-8af7-a6f75e712ab0:c4110, c447b9b6-dde2-4ce7-aa81-d0e2eddc8fe9:c4106, 28b540ac-241d-462a-a56c-509e92928066:c4106]
2019-08-20 22:34:42,280 [grpc-default-executor-1] INFO  client.GrpcClientProtocolClient (GrpcClientProtocolClient.java:onNext(255)) - client-391BA870FC40->947ec526-030f-41cc-8af7-a6f75e712ab0: receive RaftClientReply:client-391BA870FC40->947ec526-030f-41cc-8af7-a6f75e712ab0@group-5D45C35602B2, cid=2746, SUCCESS, logIndex=4110, commits[947ec526-030f-41cc-8af7-a6f75e712ab0:c4110, c447b9b6-dde2-4ce7-aa81-d0e2eddc8fe9:c4106, 28b540ac-241d-462a-a56c-509e92928066:c4106]
2019-08-20 22:34:42,292 | INFO  | DNAudit | user=null | ip=null | op=WRITE_CHUNK {blockData=conID: 2 locID: 102651689845064298 bcsId: 0} | ret=SUCCESS |  
2019-08-20 22:34:42,293 | INFO  | DNAudit | user=null | ip=null | op=PUT_BLOCK {blockData=[blockId=conID: 2 locID: 102651689845064298 bcsId: 0,size=1048576]} | ret=SUCCESS |  
2019-08-20 22:34:42,293 | INFO  | DNAudit | user=null | ip=null | op=WRITE_CHUNK {blockData=conID: 2 locID: 102651689845064298 bcsId: 0} | ret=SUCCESS |  
2019-08-20 22:34:42,294 | INFO  | DNAudit | user=null | ip=null | op=WRITE_CHUNK {blockData=conID: 2 locID: 102651689845064298 bcsId: 0} | ret=SUCCESS |  
2019-08-20 22:34:42,294 | INFO  | DNAudit | user=null | ip=null | op=PUT_BLOCK {blockData=[blockId=conID: 2 locID: 102651689845064298 bcsId: 0,size=1048576]} | ret=SUCCESS |  
2019-08-20 22:34:42,294 | INFO  | DNAudit | user=null | ip=null | op=PUT_BLOCK {blockData=[blockId=conID: 2 locID: 102651689845064298 bcsId: 0,size=2097152]} | ret=SUCCESS |  
2019-08-20 22:34:42,294 [grpc-default-executor-2] INFO  client.GrpcClientProtocolClient (GrpcClientProtocolClient.java:onNext(255)) - client-391BA870FC40->947ec526-030f-41cc-8af7-a6f75e712ab0: receive RaftClientReply:client-391BA870FC40->947ec526-030f-41cc-8af7-a6f75e712ab0@group-5D45C35602B2, cid=2747, SUCCESS, logIndex=0, commits[947ec526-030f-41cc-8af7-a6f75e712ab0:c4112, c447b9b6-dde2-4ce7-aa81-d0e2eddc8fe9:c4108, 28b540ac-241d-462a-a56c-509e92928066:c4108]
2019-08-20 22:34:42,294 | INFO  | DNAudit | user=null | ip=null | op=WRITE_CHUNK {blockData=conID: 2 locID: 102651689845064298 bcsId: 0} | ret=SUCCESS |  
2019-08-20 22:34:42,294 | INFO  | DNAudit | user=null | ip=null | op=PUT_BLOCK {blockData=[blockId=conID: 2 locID: 102651689845064298 bcsId: 0,size=2097152]} | ret=SUCCESS |  
2019-08-20 22:34:42,301 | INFO  | DNAudit | user=null | ip=null | op=WRITE_CHUNK {blockData=conID: 2 locID: 102651689845064298 bcsId: 4110} | ret=SUCCESS |  
2019-08-20 22:34:42,303 | INFO  | DNAudit | user=null | ip=null | op=WRITE_CHUNK {blockData=conID: 2 locID: 102651689845064298 bcsId: 4110} | ret=SUCCESS |  
2019-08-20 22:34:42,303 | INFO  | DNAudit | user=null | ip=null | op=WRITE_CHUNK {blockData=conID: 2 locID: 102651689845064298 bcsId: 4110} | ret=SUCCESS |  
2019-08-20 22:34:42,313 | INFO  | DNAudit | user=null | ip=null | op=WRITE_CHUNK {blockData=conID: 2 locID: 102651689845064298 bcsId: 4110} | ret=SUCCESS |  
2019-08-20 22:34:42,314 | INFO  | DNAudit | user=null | ip=null | op=PUT_BLOCK {blockData=[blockId=conID: 2 locID: 102651689845064298 bcsId: 0,size=3145728]} | ret=SUCCESS |  
2019-08-20 22:34:42,314 [grpc-default-executor-2] INFO  client.GrpcClientProtocolClient (GrpcClientProtocolClient.java:onNext(255)) - client-391BA870FC40->947ec526-030f-41cc-8af7-a6f75e712ab0: receive RaftClientReply:client-391BA870FC40->947ec526-030f-41cc-8af7-a6f75e712ab0@group-5D45C35602B2, cid=2748, SUCCESS, logIndex=4115, commits[947ec526-030f-41cc-8af7-a6f75e712ab0:c4115, c447b9b6-dde2-4ce7-aa81-d0e2eddc8fe9:c4114, 28b540ac-241d-462a-a56c-509e92928066:c4110]
2019-08-20 22:34:42,315 [grpc-default-executor-2] INFO  client.GrpcClientProtocolClient (GrpcClientProtocolClient.java:onNext(255)) - client-391BA870FC40->947ec526-030f-41cc-8af7-a6f75e712ab0: receive RaftClientReply:client-391BA870FC40->947ec526-030f-41cc-8af7-a6f75e712ab0@group-5D45C35602B2, cid=2749, SUCCESS, logIndex=4116, commits[947ec526-030f-41cc-8af7-a6f75e712ab0:c4116, c447b9b6-dde2-4ce7-aa81-d0e2eddc8fe9:c4114, 28b540ac-241d-462a-a56c-509e92928066:c4114]
2019-08-20 22:34:42,322 | INFO  | DNAudit | user=null | ip=null | op=WRITE_CHUNK {blockData=conID: 2 locID: 102651689845064298 bcsId: 4116} | ret=SUCCESS |  
2019-08-20 22:34:42,323 | INFO  | DNAudit | user=null | ip=null | op=WRITE_CHUNK {blockData=conID: 2 locID: 102651689845064298 bcsId: 4116} | ret=SUCCESS |  
2019-08-20 22:34:42,324 | INFO  | DNAudit | user=null | ip=null | op=WRITE_CHUNK {blockData=conID: 2 locID: 102651689845064298 bcsId: 4116} | ret=SUCCESS |  
2019-08-20 22:34:42,325 | INFO  | DNAudit | user=null | ip=null | op=WRITE_CHUNK {blockData=conID: 2 locID: 102651689845064298 bcsId: 4110} | ret=SUCCESS |  
2019-08-20 22:34:42,325 | INFO  | DNAudit | user=null | ip=null | op=WRITE_CHUNK {blockData=conID: 2 locID: 102651689845064298 bcsId: 4110} | ret=SUCCESS |  
2019-08-20 22:34:42,326 | INFO  | DNAudit | user=null | ip=null | op=PUT_BLOCK {blockData=[blockId=conID: 2 locID: 102651689845064298 bcsId: 0,size=3145728]} | ret=SUCCESS |  
2019-08-20 22:34:42,327 | INFO  | DNAudit | user=null | ip=null | op=PUT_BLOCK {blockData=[blockId=conID: 2 locID: 102651689845064298 bcsId: 0,size=3145728]} | ret=SUCCESS |  
2019-08-20 22:34:42,327 | INFO  | DNAudit | user=null | ip=null | op=WRITE_CHUNK {blockData=conID: 2 locID: 102651689845064298 bcsId: 4116} | ret=SUCCESS |  
2019-08-20 22:34:42,327 | INFO  | DNAudit | user=null | ip=null | op=PUT_BLOCK {blockData=[blockId=conID: 2 locID: 102651689845064298 bcsId: 0,size=4194304]} | ret=SUCCESS |  
2019-08-20 22:34:42,327 [grpc-default-executor-5] INFO  client.GrpcClientProtocolClient (GrpcClientProtocolClient.java:onNext(255)) - client-391BA870FC40->947ec526-030f-41cc-8af7-a6f75e712ab0: receive RaftClientReply:client-391BA870FC40->947ec526-030f-41cc-8af7-a6f75e712ab0@group-5D45C35602B2, cid=2750, SUCCESS, logIndex=4119, commits[947ec526-030f-41cc-8af7-a6f75e712ab0:c4119, c447b9b6-dde2-4ce7-aa81-d0e2eddc8fe9:c4116, 28b540ac-241d-462a-a56c-509e92928066:c4116]
2019-08-20 22:34:42,328 [grpc-default-executor-5] INFO  client.GrpcClientProtocolClient (GrpcClientProtocolClient.java:onNext(255)) - client-391BA870FC40->947ec526-030f-41cc-8af7-a6f75e712ab0: receive RaftClientReply:client-391BA870FC40->947ec526-030f-41cc-8af7-a6f75e712ab0@group-5D45C35602B2, cid=2751, SUCCESS, logIndex=4120, commits[947ec526-030f-41cc-8af7-a6f75e712ab0:c4120, c447b9b6-dde2-4ce7-aa81-d0e2eddc8fe9:c4116, 28b540ac-241d-462a-a56c-509e92928066:c4116]
2019-08-20 22:34:42,339 | INFO  | DNAudit | user=null | ip=null | op=WRITE_CHUNK {blockData=conID: 2 locID: 102651689845064298 bcsId: 4116} | ret=SUCCESS |  
2019-08-20 22:34:42,339 | INFO  | DNAudit | user=null | ip=null | op=WRITE_CHUNK {blockData=conID: 2 locID: 102651689845064298 bcsId: 4116} | ret=SUCCESS |  
2019-08-20 22:34:42,342 | INFO  | DNAudit | user=null | ip=null | op=PUT_BLOCK {blockData=[blockId=conID: 2 locID: 102651689845064298 bcsId: 0,size=4194304]} | ret=SUCCESS |  
2019-08-20 22:34:42,342 | INFO  | DNAudit | user=null | ip=null | op=PUT_BLOCK {blockData=[blockId=conID: 2 locID: 102651689845064298 bcsId: 0,size=4194304]} | ret=SUCCESS |  
2019-08-20 22:34:42,342 [grpc-default-executor-5] INFO  client.GrpcClientProtocolClient (GrpcClientProtocolClient.java:onNext(255)) - client-391BA870FC40->947ec526-030f-41cc-8af7-a6f75e712ab0: receive RaftClientReply:client-391BA870FC40->947ec526-030f-41cc-8af7-a6f75e712ab0@group-5D45C35602B2, cid=2752, SUCCESS, logIndex=0, commits[947ec526-030f-41cc-8af7-a6f75e712ab0:c4122, c447b9b6-dde2-4ce7-aa81-d0e2eddc8fe9:c4120, 28b540ac-241d-462a-a56c-509e92928066:c4120]
2019-08-20 22:34:42,347 | INFO  | SCMAudit | user=jenkins1000 | ip=192.168.5.142 | op=ALLOCATE_BLOCK {owner=6f694d07-2a2f-44d9-8e1c-aaa094a2f647, size=4194304, type=RATIS, factor=THREE} | ret=SUCCESS |  
2019-08-20 22:34:42,351 | INFO  | OMAudit | user=jenkins1000 | ip=127.0.0.1 | op=ALLOCATE_BLOCK {volume=vol-0-80747, bucket=bucket-0-27686, key=key-0-47435, dataSize=0, replicationType=null, replicationFactor=null, keyLocationInfo=null, clientID=102651687805452690} | ret=SUCCESS |  
2019-08-20 22:34:42,357 | INFO  | DNAudit | user=null | ip=null | op=WRITE_CHUNK {blockData=conID: 3 locID: 102651689851093611 bcsId: 0} | ret=SUCCESS |  
2019-08-20 22:34:42,361 | INFO  | DNAudit | user=null | ip=null | op=WRITE_CHUNK {blockData=conID: 3 locID: 102651689851093611 bcsId: 0} | ret=SUCCESS |  
2019-08-20 22:34:42,362 | INFO  | DNAudit | user=null | ip=null | op=WRITE_CHUNK {blockData=conID: 3 locID: 102651689851093611 bcsId: 0} | ret=SUCCESS |  
2019-08-20 22:34:42,362 | INFO  | DNAudit | user=null | ip=null | op=WRITE_CHUNK {blockData=conID: 3 locID: 102651689851093611 bcsId: 0} | ret=SUCCESS |  
2019-08-20 22:34:42,364 | INFO  | DNAudit | user=null | ip=null | op=WRITE_CHUNK {blockData=conID: 3 locID: 102651689851093611 bcsId: 0} | ret=SUCCESS |  
2019-08-20 22:34:42,365 | INFO  | DNAudit | user=null | ip=null | op=WRITE_CHUNK {blockData=conID: 3 locID: 102651689851093611 bcsId: 0} | ret=SUCCESS |  
2019-08-20 22:34:42,370 | INFO  | DNAudit | user=null | ip=null | op=WRITE_CHUNK {blockData=conID: 3 locID: 102651689851093611 bcsId: 0} | ret=SUCCESS |  
2019-08-20 22:34:42,371 | INFO  | DNAudit | user=null | ip=null | op=PUT_BLOCK {blockData=[blockId=conID: 3 locID: 102651689851093611 bcsId: 0,size=1048576]} | ret=SUCCESS |  
2019-08-20 22:34:42,372 | INFO  | DNAudit | user=null | ip=null | op=WRITE_CHUNK {blockData=conID: 3 locID: 102651689851093611 bcsId: 0} | ret=SUCCESS |  
2019-08-20 22:34:42,372 | INFO  | DNAudit | user=null | ip=null | op=PUT_BLOCK {blockData=[blockId=conID: 3 locID: 102651689851093611 bcsId: 0,size=2097152]} | ret=SUCCESS |  
2019-08-20 22:34:42,372 | INFO  | DNAudit | user=null | ip=null | op=WRITE_CHUNK {blockData=conID: 3 locID: 102651689851093611 bcsId: 0} | ret=SUCCESS |  
2019-08-20 22:34:42,372 [grpc-default-executor-2] INFO  client.GrpcClientProtocolClient (GrpcClientProtocolClient.java:onNext(255)) - client-391BA870FC40->947ec526-030f-41cc-8af7-a6f75e712ab0: receive RaftClientReply:client-391BA870FC40->947ec526-030f-41cc-8af7-a6f75e712ab0@group-5D45C35602B2, cid=2753, SUCCESS, logIndex=4123, commits[947ec526-030f-41cc-8af7-a6f75e712ab0:c4124, c447b9b6-dde2-4ce7-aa81-d0e2eddc8fe9:c4122, 28b540ac-241d-462a-a56c-509e92928066:c4120]
2019-08-20 22:34:42,372 | INFO  | DNAudit | user=null | ip=null | op=PUT_BLOCK {blockData=[blockId=conID: 3 locID: 102651689851093611 bcsId: 0,size=1048576]} | ret=SUCCESS |  
2019-08-20 22:34:42,373 | INFO  | DNAudit | user=null | ip=null | op=WRITE_CHUNK {blockData=conID: 3 locID: 102651689851093611 bcsId: 0} | ret=SUCCESS |  
2019-08-20 22:34:42,373 [grpc-default-executor-2] INFO  client.GrpcClientProtocolClient (GrpcClientProtocolClient.java:onNext(255)) - client-391BA870FC40->947ec526-030f-41cc-8af7-a6f75e712ab0: receive RaftClientReply:client-391BA870FC40->947ec526-030f-41cc-8af7-a6f75e712ab0@group-5D45C35602B2, cid=2754, SUCCESS, logIndex=4124, commits[947ec526-030f-41cc-8af7-a6f75e712ab0:c4124, c447b9b6-dde2-4ce7-aa81-d0e2eddc8fe9:c4122, 28b540ac-241d-462a-a56c-509e92928066:c4122]
2019-08-20 22:34:42,373 | INFO  | DNAudit | user=null | ip=null | op=PUT_BLOCK {blockData=[blockId=conID: 3 locID: 102651689851093611 bcsId: 0,size=1048576]} | ret=SUCCESS |  
2019-08-20 22:34:42,373 [grpc-default-executor-2] INFO  client.GrpcClientProtocolClient (GrpcClientProtocolClient.java:onNext(255)) - client-391BA870FC40->947ec526-030f-41cc-8af7-a6f75e712ab0: receive RaftClientReply:client-391BA870FC40->947ec526-030f-41cc-8af7-a6f75e712ab0@group-5D45C35602B2, cid=2755, SUCCESS, logIndex=4125, commits[947ec526-030f-41cc-8af7-a6f75e712ab0:c4126, c447b9b6-dde2-4ce7-aa81-d0e2eddc8fe9:c4122, 28b540ac-241d-462a-a56c-509e92928066:c4122]
2019-08-20 22:34:42,373 | INFO  | DNAudit | user=null | ip=null | op=WRITE_CHUNK {blockData=conID: 3 locID: 102651689851093611 bcsId: 0} | ret=SUCCESS |  
2019-08-20 22:34:42,373 [grpc-default-executor-5] INFO  client.GrpcClientProtocolClient (GrpcClientProtocolClient.java:onNext(255)) - client-391BA870FC40->947ec526-030f-41cc-8af7-a6f75e712ab0: receive RaftClientReply:client-391BA870FC40->947ec526-030f-41cc-8af7-a6f75e712ab0@group-5D45C35602B2, cid=2756, SUCCESS, logIndex=4126, commits[947ec526-030f-41cc-8af7-a6f75e712ab0:c4126, c447b9b6-dde2-4ce7-aa81-d0e2eddc8fe9:c4122, 28b540ac-241d-462a-a56c-509e92928066:c4122]
2019-08-20 22:34:42,373 | INFO  | DNAudit | user=null | ip=null | op=PUT_BLOCK {blockData=[blockId=conID: 3 locID: 102651689851093611 bcsId: 0,size=2097152]} | ret=SUCCESS |  
2019-08-20 22:34:42,374 | INFO  | DNAudit | user=null | ip=null | op=WRITE_CHUNK {blockData=conID: 3 locID: 102651689851093611 bcsId: 0} | ret=SUCCESS |  
2019-08-20 22:34:42,374 | INFO  | DNAudit | user=null | ip=null | op=PUT_BLOCK {blockData=[blockId=conID: 3 locID: 102651689851093611 bcsId: 0,size=2097152]} | ret=SUCCESS |  
2019-08-20 22:34:42,374 [grpc-default-executor-5] INFO  client.GrpcClientProtocolClient (GrpcClientProtocolClient.java:onNext(255)) - client-391BA870FC40->947ec526-030f-41cc-8af7-a6f75e712ab0: receive RaftClientReply:client-391BA870FC40->947ec526-030f-41cc-8af7-a6f75e712ab0@group-5D45C35602B2, cid=2757, SUCCESS, logIndex=0, commits[947ec526-030f-41cc-8af7-a6f75e712ab0:c4129, c447b9b6-dde2-4ce7-aa81-d0e2eddc8fe9:c4124, 28b540ac-241d-462a-a56c-509e92928066:c4126]
2019-08-20 22:34:42,381 | INFO  | DNAudit | user=null | ip=null | op=WRITE_CHUNK {blockData=conID: 3 locID: 102651689851093611 bcsId: 4126} | ret=SUCCESS |  
2019-08-20 22:34:42,382 | INFO  | DNAudit | user=null | ip=null | op=WRITE_CHUNK {blockData=conID: 3 locID: 102651689851093611 bcsId: 4126} | ret=SUCCESS |  
2019-08-20 22:34:42,383 | INFO  | DNAudit | user=null | ip=null | op=WRITE_CHUNK {blockData=conID: 3 locID: 102651689851093611 bcsId: 4126} | ret=SUCCESS |  
2019-08-20 22:34:42,393 | INFO  | DNAudit | user=null | ip=null | op=WRITE_CHUNK {blockData=conID: 3 locID: 102651689851093611 bcsId: 4126} | ret=SUCCESS |  
2019-08-20 22:34:42,394 | INFO  | DNAudit | user=null | ip=null | op=PUT_BLOCK {blockData=[blockId=conID: 3 locID: 102651689851093611 bcsId: 0,size=3145728]} | ret=SUCCESS |  
2019-08-20 22:34:42,394 [grpc-default-executor-2] INFO  client.GrpcClientProtocolClient (GrpcClientProtocolClient.java:onNext(255)) - client-391BA870FC40->947ec526-030f-41cc-8af7-a6f75e712ab0: receive RaftClientReply:client-391BA870FC40->947ec526-030f-41cc-8af7-a6f75e712ab0@group-5D45C35602B2, cid=2758, SUCCESS, logIndex=4130, commits[947ec526-030f-41cc-8af7-a6f75e712ab0:c4131, c447b9b6-dde2-4ce7-aa81-d0e2eddc8fe9:c4129, 28b540ac-241d-462a-a56c-509e92928066:c4129]
2019-08-20 22:34:42,394 [grpc-default-executor-2] INFO  client.GrpcClientProtocolClient (GrpcClientProtocolClient.java:onNext(255)) - client-391BA870FC40->947ec526-030f-41cc-8af7-a6f75e712ab0: receive RaftClientReply:client-391BA870FC40->947ec526-030f-41cc-8af7-a6f75e712ab0@group-5D45C35602B2, cid=2759, SUCCESS, logIndex=4131, commits[947ec526-030f-41cc-8af7-a6f75e712ab0:c4131, c447b9b6-dde2-4ce7-aa81-d0e2eddc8fe9:c4129, 28b540ac-241d-462a-a56c-509e92928066:c4129]
2019-08-20 22:34:42,400 | INFO  | DNAudit | user=null | ip=null | op=WRITE_CHUNK {blockData=conID: 3 locID: 102651689851093611 bcsId: 4131} | ret=SUCCESS |  
2019-08-20 22:34:42,401 | INFO  | DNAudit | user=null | ip=null | op=WRITE_CHUNK {blockData=conID: 3 locID: 102651689851093611 bcsId: 4131} | ret=SUCCESS |  
2019-08-20 22:34:42,401 | INFO  | DNAudit | user=null | ip=null | op=WRITE_CHUNK {blockData=conID: 3 locID: 102651689851093611 bcsId: 4131} | ret=SUCCESS |  
2019-08-20 22:34:42,405 | INFO  | DNAudit | user=null | ip=null | op=WRITE_CHUNK {blockData=conID: 3 locID: 102651689851093611 bcsId: 4126} | ret=SUCCESS |  
2019-08-20 22:34:42,405 | INFO  | DNAudit | user=null | ip=null | op=WRITE_CHUNK {blockData=conID: 3 locID: 102651689851093611 bcsId: 4126} | ret=SUCCESS |  
2019-08-20 22:34:42,406 | INFO  | DNAudit | user=null | ip=null | op=PUT_BLOCK {blockData=[blockId=conID: 3 locID: 102651689851093611 bcsId: 0,size=3145728]} | ret=SUCCESS |  
2019-08-20 22:34:42,406 | INFO  | DNAudit | user=null | ip=null | op=PUT_BLOCK {blockData=[blockId=conID: 3 locID: 102651689851093611 bcsId: 0,size=3145728]} | ret=SUCCESS |  
2019-08-20 22:34:42,406 | INFO  | DNAudit | user=null | ip=null | op=WRITE_CHUNK {blockData=conID: 3 locID: 102651689851093611 bcsId: 4131} | ret=SUCCESS |  
2019-08-20 22:34:42,407 | INFO  | DNAudit | user=null | ip=null | op=PUT_BLOCK {blockData=[blockId=conID: 3 locID: 102651689851093611 bcsId: 0,size=4194304]} | ret=SUCCESS |  
2019-08-20 22:34:42,407 [grpc-default-executor-2] INFO  client.GrpcClientProtocolClient (GrpcClientProtocolClient.java:onNext(255)) - client-391BA870FC40->947ec526-030f-41cc-8af7-a6f75e712ab0: receive RaftClientReply:client-391BA870FC40->947ec526-030f-41cc-8af7-a6f75e712ab0@group-5D45C35602B2, cid=2760, SUCCESS, logIndex=4134, commits[947ec526-030f-41cc-8af7-a6f75e712ab0:c4134, c447b9b6-dde2-4ce7-aa81-d0e2eddc8fe9:c4131, 28b540ac-241d-462a-a56c-509e92928066:c4131]
2019-08-20 22:34:42,408 [grpc-default-executor-2] INFO  client.GrpcClientProtocolClient (GrpcClientProtocolClient.java:onNext(255)) - client-391BA870FC40->947ec526-030f-41cc-8af7-a6f75e712ab0: receive RaftClientReply:client-391BA870FC40->947ec526-030f-41cc-8af7-a6f75e712ab0@group-5D45C35602B2, cid=2761, SUCCESS, logIndex=4135, commits[947ec526-030f-41cc-8af7-a6f75e712ab0:c4135, c447b9b6-dde2-4ce7-aa81-d0e2eddc8fe9:c4131, 28b540ac-241d-462a-a56c-509e92928066:c4131]
2019-08-20 22:34:42,419 | INFO  | DNAudit | user=null | ip=null | op=WRITE_CHUNK {blockData=conID: 3 locID: 102651689851093611 bcsId: 4131} | ret=SUCCESS |  
2019-08-20 22:34:42,419 | INFO  | DNAudit | user=null | ip=null | op=WRITE_CHUNK {blockData=conID: 3 locID: 102651689851093611 bcsId: 4131} | ret=SUCCESS |  
2019-08-20 22:34:42,421 | INFO  | DNAudit | user=null | ip=null | op=PUT_BLOCK {blockData=[blockId=conID: 3 locID: 102651689851093611 bcsId: 0,size=4194304]} | ret=SUCCESS |  
2019-08-20 22:34:42,422 | INFO  | DNAudit | user=null | ip=null | op=PUT_BLOCK {blockData=[blockId=conID: 3 locID: 102651689851093611 bcsId: 0,size=4194304]} | ret=SUCCESS |  
2019-08-20 22:34:42,422 [grpc-default-executor-2] INFO  client.GrpcClientProtocolClient (GrpcClientProtocolClient.java:onNext(255)) - client-391BA870FC40->947ec526-030f-41cc-8af7-a6f75e712ab0: receive RaftClientReply:client-391BA870FC40->947ec526-030f-41cc-8af7-a6f75e712ab0@group-5D45C35602B2, cid=2762, SUCCESS, logIndex=0, commits[947ec526-030f-41cc-8af7-a6f75e712ab0:c4137, c447b9b6-dde2-4ce7-aa81-d0e2eddc8fe9:c4135, 28b540ac-241d-462a-a56c-509e92928066:c4135]
2019-08-20 22:34:42,427 | INFO  | SCMAudit | user=jenkins1000 | ip=192.168.5.142 | op=ALLOCATE_BLOCK {owner=6f694d07-2a2f-44d9-8e1c-aaa094a2f647, size=4194304, type=RATIS, factor=THREE} | ret=SUCCESS |  
2019-08-20 22:34:42,430 | INFO  | OMAudit | user=jenkins1000 | ip=127.0.0.1 | op=ALLOCATE_BLOCK {volume=vol-0-80747, bucket=bucket-0-27686, key=key-0-47435, dataSize=0, replicationType=null, replicationFactor=null, keyLocationInfo=null, clientID=102651687805452690} | ret=SUCCESS |  
2019-08-20 22:34:42,437 | INFO  | DNAudit | user=null | ip=null | op=WRITE_CHUNK {blockData=conID: 1 locID: 102651689856336492 bcsId: 0} | ret=SUCCESS |  
2019-08-20 22:34:42,601 | INFO  | DNAudit | user=null | ip=null | op=WRITE_CHUNK {blockData=conID: 1 locID: 102651689856336492 bcsId: 0} | ret=SUCCESS |  
2019-08-20 22:34:42,601 | INFO  | DNAudit | user=null | ip=null | op=WRITE_CHUNK {blockData=conID: 1 locID: 102651689856336492 bcsId: 0} | ret=SUCCESS |  
2019-08-20 22:34:42,601 | INFO  | DNAudit | user=null | ip=null | op=WRITE_CHUNK {blockData=conID: 1 locID: 102651689856336492 bcsId: 0} | ret=SUCCESS |  
2019-08-20 22:34:42,603 | INFO  | DNAudit | user=null | ip=null | op=WRITE_CHUNK {blockData=conID: 1 locID: 102651689856336492 bcsId: 0} | ret=SUCCESS |  
2019-08-20 22:34:42,604 | INFO  | DNAudit | user=null | ip=null | op=WRITE_CHUNK {blockData=conID: 1 locID: 102651689856336492 bcsId: 0} | ret=SUCCESS |  
2019-08-20 22:34:42,616 | INFO  | DNAudit | user=null | ip=null | op=WRITE_CHUNK {blockData=conID: 1 locID: 102651689856336492 bcsId: 0} | ret=SUCCESS |  
2019-08-20 22:34:42,617 | INFO  | DNAudit | user=null | ip=null | op=PUT_BLOCK {blockData=[blockId=conID: 1 locID: 102651689856336492 bcsId: 0,size=1048576]} | ret=SUCCESS |  
2019-08-20 22:34:42,617 [grpc-default-executor-1] INFO  client.GrpcClientProtocolClient (GrpcClientProtocolClient.java:onNext(255)) - client-391BA870FC40->947ec526-030f-41cc-8af7-a6f75e712ab0: receive RaftClientReply:client-391BA870FC40->947ec526-030f-41cc-8af7-a6f75e712ab0@group-5D45C35602B2, cid=2763, SUCCESS, logIndex=4138, commits[947ec526-030f-41cc-8af7-a6f75e712ab0:c4141, c447b9b6-dde2-4ce7-aa81-d0e2eddc8fe9:c4137, 28b540ac-241d-462a-a56c-509e92928066:c4137]
2019-08-20 22:34:42,617 | INFO  | DNAudit | user=null | ip=null | op=WRITE_CHUNK {blockData=conID: 1 locID: 102651689856336492 bcsId: 0} | ret=SUCCESS |  
2019-08-20 22:34:42,617 [grpc-default-executor-1] INFO  client.GrpcClientProtocolClient (GrpcClientProtocolClient.java:onNext(255)) - client-391BA870FC40->947ec526-030f-41cc-8af7-a6f75e712ab0: receive RaftClientReply:client-391BA870FC40->947ec526-030f-41cc-8af7-a6f75e712ab0@group-5D45C35602B2, cid=2764, SUCCESS, logIndex=4139, commits[947ec526-030f-41cc-8af7-a6f75e712ab0:c4141, c447b9b6-dde2-4ce7-aa81-d0e2eddc8fe9:c4137, 28b540ac-241d-462a-a56c-509e92928066:c4137]
2019-08-20 22:34:42,617 | INFO  | DNAudit | user=null | ip=null | op=PUT_BLOCK {blockData=[blockId=conID: 1 locID: 102651689856336492 bcsId: 0,size=2097152]} | ret=SUCCESS |  
2019-08-20 22:34:42,618 [grpc-default-executor-1] INFO  client.GrpcClientProtocolClient (GrpcClientProtocolClient.java:onNext(255)) - client-391BA870FC40->947ec526-030f-41cc-8af7-a6f75e712ab0: receive RaftClientReply:client-391BA870FC40->947ec526-030f-41cc-8af7-a6f75e712ab0@group-5D45C35602B2, cid=2765, SUCCESS, logIndex=4140, commits[947ec526-030f-41cc-8af7-a6f75e712ab0:c4141, c447b9b6-dde2-4ce7-aa81-d0e2eddc8fe9:c4137, 28b540ac-241d-462a-a56c-509e92928066:c4137]
2019-08-20 22:34:42,618 [grpc-default-executor-1] INFO  client.GrpcClientProtocolClient (GrpcClientProtocolClient.java:onNext(255)) - client-391BA870FC40->947ec526-030f-41cc-8af7-a6f75e712ab0: receive RaftClientReply:client-391BA870FC40->947ec526-030f-41cc-8af7-a6f75e712ab0@group-5D45C35602B2, cid=2766, SUCCESS, logIndex=4141, commits[947ec526-030f-41cc-8af7-a6f75e712ab0:c4141, c447b9b6-dde2-4ce7-aa81-d0e2eddc8fe9:c4137, 28b540ac-241d-462a-a56c-509e92928066:c4137]
2019-08-20 22:34:42,628 | INFO  | DNAudit | user=null | ip=null | op=WRITE_CHUNK {blockData=conID: 1 locID: 102651689856336492 bcsId: 0} | ret=SUCCESS |  
2019-08-20 22:34:42,628 | INFO  | DNAudit | user=null | ip=null | op=WRITE_CHUNK {blockData=conID: 1 locID: 102651689856336492 bcsId: 0} | ret=SUCCESS |  
2019-08-20 22:34:42,628 | INFO  | DNAudit | user=null | ip=null | op=PUT_BLOCK {blockData=[blockId=conID: 1 locID: 102651689856336492 bcsId: 0,size=1048576]} | ret=SUCCESS |  
2019-08-20 22:34:42,629 | INFO  | DNAudit | user=null | ip=null | op=PUT_BLOCK {blockData=[blockId=conID: 1 locID: 102651689856336492 bcsId: 0,size=1048576]} | ret=SUCCESS |  
2019-08-20 22:34:42,629 [grpc-default-executor-1] INFO  client.GrpcClientProtocolClient (GrpcClientProtocolClient.java:onNext(255)) - client-391BA870FC40->947ec526-030f-41cc-8af7-a6f75e712ab0: receive RaftClientReply:client-391BA870FC40->947ec526-030f-41cc-8af7-a6f75e712ab0@group-5D45C35602B2, cid=2767, SUCCESS, logIndex=0, commits[947ec526-030f-41cc-8af7-a6f75e712ab0:c4142, c447b9b6-dde2-4ce7-aa81-d0e2eddc8fe9:c4139, 28b540ac-241d-462a-a56c-509e92928066:c4139]
2019-08-20 22:34:42,630 | INFO  | DNAudit | user=null | ip=null | op=WRITE_CHUNK {blockData=conID: 1 locID: 102651689856336492 bcsId: 0} | ret=SUCCESS |  
2019-08-20 22:34:42,630 | INFO  | DNAudit | user=null | ip=null | op=WRITE_CHUNK {blockData=conID: 1 locID: 102651689856336492 bcsId: 0} | ret=SUCCESS |  
2019-08-20 22:34:42,630 | INFO  | DNAudit | user=null | ip=null | op=PUT_BLOCK {blockData=[blockId=conID: 1 locID: 102651689856336492 bcsId: 0,size=2097152]} | ret=SUCCESS |  
2019-08-20 22:34:42,631 | INFO  | DNAudit | user=null | ip=null | op=PUT_BLOCK {blockData=[blockId=conID: 1 locID: 102651689856336492 bcsId: 0,size=2097152]} | ret=SUCCESS |  
2019-08-20 22:34:42,635 | INFO  | DNAudit | user=null | ip=null | op=WRITE_CHUNK {blockData=conID: 1 locID: 102651689856336492 bcsId: 4141} | ret=SUCCESS |  
2019-08-20 22:34:42,638 | INFO  | DNAudit | user=null | ip=null | op=WRITE_CHUNK {blockData=conID: 1 locID: 102651689856336492 bcsId: 4141} | ret=SUCCESS |  
2019-08-20 22:34:42,638 | INFO  | DNAudit | user=null | ip=null | op=WRITE_CHUNK {blockData=conID: 1 locID: 102651689856336492 bcsId: 4141} | ret=SUCCESS |  
2019-08-20 22:34:42,647 | INFO  | DNAudit | user=null | ip=null | op=WRITE_CHUNK {blockData=conID: 1 locID: 102651689856336492 bcsId: 4141} | ret=SUCCESS |  
2019-08-20 22:34:42,648 | INFO  | DNAudit | user=null | ip=null | op=PUT_BLOCK {blockData=[blockId=conID: 1 locID: 102651689856336492 bcsId: 0,size=3145728]} | ret=SUCCESS |  
2019-08-20 22:34:42,648 [grpc-default-executor-2] INFO  client.GrpcClientProtocolClient (GrpcClientProtocolClient.java:onNext(255)) - client-391BA870FC40->947ec526-030f-41cc-8af7-a6f75e712ab0: receive RaftClientReply:client-391BA870FC40->947ec526-030f-41cc-8af7-a6f75e712ab0@group-5D45C35602B2, cid=2768, SUCCESS, logIndex=4146, commits[947ec526-030f-41cc-8af7-a6f75e712ab0:c4147, c447b9b6-dde2-4ce7-aa81-d0e2eddc8fe9:c4145, 28b540ac-241d-462a-a56c-509e92928066:c4145]
2019-08-20 22:34:42,648 [grpc-default-executor-2] INFO  client.GrpcClientProtocolClient (GrpcClientProtocolClient.java:onNext(255)) - client-391BA870FC40->947ec526-030f-41cc-8af7-a6f75e712ab0: receive RaftClientReply:client-391BA870FC40->947ec526-030f-41cc-8af7-a6f75e712ab0@group-5D45C35602B2, cid=2769, SUCCESS, logIndex=4147, commits[947ec526-030f-41cc-8af7-a6f75e712ab0:c4147, c447b9b6-dde2-4ce7-aa81-d0e2eddc8fe9:c4145, 28b540ac-241d-462a-a56c-509e92928066:c4145]
2019-08-20 22:34:42,654 | INFO  | DNAudit | user=null | ip=null | op=WRITE_CHUNK {blockData=conID: 1 locID: 102651689856336492 bcsId: 4147} | ret=SUCCESS |  
2019-08-20 22:34:42,656 | INFO  | DNAudit | user=null | ip=null | op=WRITE_CHUNK {blockData=conID: 1 locID: 102651689856336492 bcsId: 4147} | ret=SUCCESS |  
2019-08-20 22:34:42,656 | INFO  | DNAudit | user=null | ip=null | op=WRITE_CHUNK {blockData=conID: 1 locID: 102651689856336492 bcsId: 4147} | ret=SUCCESS |  
2019-08-20 22:34:42,659 | INFO  | DNAudit | user=null | ip=null | op=WRITE_CHUNK {blockData=conID: 1 locID: 102651689856336492 bcsId: 4141} | ret=SUCCESS |  
2019-08-20 22:34:42,659 | INFO  | DNAudit | user=null | ip=null | op=WRITE_CHUNK {blockData=conID: 1 locID: 102651689856336492 bcsId: 4141} | ret=SUCCESS |  
2019-08-20 22:34:42,662 | INFO  | DNAudit | user=null | ip=null | op=PUT_BLOCK {blockData=[blockId=conID: 1 locID: 102651689856336492 bcsId: 0,size=3145728]} | ret=SUCCESS |  
2019-08-20 22:34:42,662 | INFO  | DNAudit | user=null | ip=null | op=PUT_BLOCK {blockData=[blockId=conID: 1 locID: 102651689856336492 bcsId: 0,size=3145728]} | ret=SUCCESS |  
2019-08-20 22:34:42,662 | INFO  | DNAudit | user=null | ip=null | op=WRITE_CHUNK {blockData=conID: 1 locID: 102651689856336492 bcsId: 4147} | ret=SUCCESS |  
2019-08-20 22:34:42,663 | INFO  | DNAudit | user=null | ip=null | op=PUT_BLOCK {blockData=[blockId=conID: 1 locID: 102651689856336492 bcsId: 0,size=4194304]} | ret=SUCCESS |  
2019-08-20 22:34:42,663 [grpc-default-executor-5] INFO  client.GrpcClientProtocolClient (GrpcClientProtocolClient.java:onNext(255)) - client-391BA870FC40->947ec526-030f-41cc-8af7-a6f75e712ab0: receive RaftClientReply:client-391BA870FC40->947ec526-030f-41cc-8af7-a6f75e712ab0@group-5D45C35602B2, cid=2770, SUCCESS, logIndex=4150, commits[947ec526-030f-41cc-8af7-a6f75e712ab0:c4151, c447b9b6-dde2-4ce7-aa81-d0e2eddc8fe9:c4147, 28b540ac-241d-462a-a56c-509e92928066:c4147]
2019-08-20 22:34:42,663 [grpc-default-executor-5] INFO  client.GrpcClientProtocolClient (GrpcClientProtocolClient.java:onNext(255)) - client-391BA870FC40->947ec526-030f-41cc-8af7-a6f75e712ab0: receive RaftClientReply:client-391BA870FC40->947ec526-030f-41cc-8af7-a6f75e712ab0@group-5D45C35602B2, cid=2771, SUCCESS, logIndex=4151, commits[947ec526-030f-41cc-8af7-a6f75e712ab0:c4151, c447b9b6-dde2-4ce7-aa81-d0e2eddc8fe9:c4147, 28b540ac-241d-462a-a56c-509e92928066:c4147]
2019-08-20 22:34:42,674 | INFO  | DNAudit | user=null | ip=null | op=WRITE_CHUNK {blockData=conID: 1 locID: 102651689856336492 bcsId: 4147} | ret=SUCCESS |  
2019-08-20 22:34:42,674 | INFO  | DNAudit | user=null | ip=null | op=WRITE_CHUNK {blockData=conID: 1 locID: 102651689856336492 bcsId: 4147} | ret=SUCCESS |  
2019-08-20 22:34:42,677 | INFO  | DNAudit | user=null | ip=null | op=PUT_BLOCK {blockData=[blockId=conID: 1 locID: 102651689856336492 bcsId: 0,size=4194304]} | ret=SUCCESS |  
2019-08-20 22:34:42,677 | INFO  | DNAudit | user=null | ip=null | op=PUT_BLOCK {blockData=[blockId=conID: 1 locID: 102651689856336492 bcsId: 0,size=4194304]} | ret=SUCCESS |  
2019-08-20 22:34:42,677 [grpc-default-executor-5] INFO  client.GrpcClientProtocolClient (GrpcClientProtocolClient.java:onNext(255)) - client-391BA870FC40->947ec526-030f-41cc-8af7-a6f75e712ab0: receive RaftClientReply:client-391BA870FC40->947ec526-030f-41cc-8af7-a6f75e712ab0@group-5D45C35602B2, cid=2772, SUCCESS, logIndex=0, commits[947ec526-030f-41cc-8af7-a6f75e712ab0:c4153, c447b9b6-dde2-4ce7-aa81-d0e2eddc8fe9:c4151, 28b540ac-241d-462a-a56c-509e92928066:c4151]
2019-08-20 22:34:42,683 | INFO  | SCMAudit | user=jenkins1000 | ip=192.168.5.142 | op=ALLOCATE_BLOCK {owner=6f694d07-2a2f-44d9-8e1c-aaa094a2f647, size=4194304, type=RATIS, factor=THREE} | ret=SUCCESS |  
2019-08-20 22:34:42,687 | INFO  | OMAudit | user=jenkins1000 | ip=127.0.0.1 | op=ALLOCATE_BLOCK {volume=vol-0-80747, bucket=bucket-0-27686, key=key-0-47435, dataSize=0, replicationType=null, replicationFactor=null, keyLocationInfo=null, clientID=102651687805452690} | ret=SUCCESS |  
2019-08-20 22:34:42,693 | INFO  | DNAudit | user=null | ip=null | op=WRITE_CHUNK {blockData=conID: 2 locID: 102651689873113709 bcsId: 0} | ret=SUCCESS |  
2019-08-20 22:34:42,695 | INFO  | DNAudit | user=null | ip=null | op=WRITE_CHUNK {blockData=conID: 2 locID: 102651689873113709 bcsId: 0} | ret=SUCCESS |  
2019-08-20 22:34:42,695 | INFO  | DNAudit | user=null | ip=null | op=WRITE_CHUNK {blockData=conID: 2 locID: 102651689873113709 bcsId: 0} | ret=SUCCESS |  
2019-08-20 22:34:42,696 | INFO  | DNAudit | user=null | ip=null | op=WRITE_CHUNK {blockData=conID: 2 locID: 102651689873113709 bcsId: 0} | ret=SUCCESS |  
2019-08-20 22:34:42,697 | INFO  | DNAudit | user=null | ip=null | op=WRITE_CHUNK {blockData=conID: 2 locID: 102651689873113709 bcsId: 0} | ret=SUCCESS |  
2019-08-20 22:34:42,698 | INFO  | DNAudit | user=null | ip=null | op=WRITE_CHUNK {blockData=conID: 2 locID: 102651689873113709 bcsId: 0} | ret=SUCCESS |  
2019-08-20 22:34:42,705 | INFO  | DNAudit | user=null | ip=null | op=WRITE_CHUNK {blockData=conID: 2 locID: 102651689873113709 bcsId: 0} | ret=SUCCESS |  
2019-08-20 22:34:42,705 | INFO  | DNAudit | user=null | ip=null | op=PUT_BLOCK {blockData=[blockId=conID: 2 locID: 102651689873113709 bcsId: 0,size=1048576]} | ret=SUCCESS |  
2019-08-20 22:34:42,706 [grpc-default-executor-1] INFO  client.GrpcClientProtocolClient (GrpcClientProtocolClient.java:onNext(255)) - client-391BA870FC40->947ec526-030f-41cc-8af7-a6f75e712ab0: receive RaftClientReply:client-391BA870FC40->947ec526-030f-41cc-8af7-a6f75e712ab0@group-5D45C35602B2, cid=2773, SUCCESS, logIndex=4154, commits[947ec526-030f-41cc-8af7-a6f75e712ab0:c4155, c447b9b6-dde2-4ce7-aa81-d0e2eddc8fe9:c4153, 28b540ac-241d-462a-a56c-509e92928066:c4153]
2019-08-20 22:34:42,706 | INFO  | DNAudit | user=null | ip=null | op=WRITE_CHUNK {blockData=conID: 2 locID: 102651689873113709 bcsId: 0} | ret=SUCCESS |  
2019-08-20 22:34:42,706 [grpc-default-executor-1] INFO  client.GrpcClientProtocolClient (GrpcClientProtocolClient.java:onNext(255)) - client-391BA870FC40->947ec526-030f-41cc-8af7-a6f75e712ab0: receive RaftClientReply:client-391BA870FC40->947ec526-030f-41cc-8af7-a6f75e712ab0@group-5D45C35602B2, cid=2774, SUCCESS, logIndex=4155, commits[947ec526-030f-41cc-8af7-a6f75e712ab0:c4157, c447b9b6-dde2-4ce7-aa81-d0e2eddc8fe9:c4153, 28b540ac-241d-462a-a56c-509e92928066:c4153]
2019-08-20 22:34:42,706 | INFO  | DNAudit | user=null | ip=null | op=PUT_BLOCK {blockData=[blockId=conID: 2 locID: 102651689873113709 bcsId: 0,size=2097152]} | ret=SUCCESS |  
2019-08-20 22:34:42,706 [grpc-default-executor-1] INFO  client.GrpcClientProtocolClient (GrpcClientProtocolClient.java:onNext(255)) - client-391BA870FC40->947ec526-030f-41cc-8af7-a6f75e712ab0: receive RaftClientReply:client-391BA870FC40->947ec526-030f-41cc-8af7-a6f75e712ab0@group-5D45C35602B2, cid=2775, SUCCESS, logIndex=4156, commits[947ec526-030f-41cc-8af7-a6f75e712ab0:c4157, c447b9b6-dde2-4ce7-aa81-d0e2eddc8fe9:c4153, 28b540ac-241d-462a-a56c-509e92928066:c4153]
2019-08-20 22:34:42,706 [grpc-default-executor-1] INFO  client.GrpcClientProtocolClient (GrpcClientProtocolClient.java:onNext(255)) - client-391BA870FC40->947ec526-030f-41cc-8af7-a6f75e712ab0: receive RaftClientReply:client-391BA870FC40->947ec526-030f-41cc-8af7-a6f75e712ab0@group-5D45C35602B2, cid=2776, SUCCESS, logIndex=4157, commits[947ec526-030f-41cc-8af7-a6f75e712ab0:c4157, c447b9b6-dde2-4ce7-aa81-d0e2eddc8fe9:c4153, 28b540ac-241d-462a-a56c-509e92928066:c4153]
2019-08-20 22:34:42,708 | INFO  | DNAudit | user=null | ip=null | op=WRITE_CHUNK {blockData=conID: 2 locID: 102651689873113709 bcsId: 0} | ret=SUCCESS |  
2019-08-20 22:34:42,719 | INFO  | DNAudit | user=null | ip=null | op=WRITE_CHUNK {blockData=conID: 2 locID: 102651689873113709 bcsId: 0} | ret=SUCCESS |  
2019-08-20 22:34:42,719 | INFO  | DNAudit | user=null | ip=null | op=PUT_BLOCK {blockData=[blockId=conID: 2 locID: 102651689873113709 bcsId: 0,size=1048576]} | ret=SUCCESS |  
2019-08-20 22:34:42,719 | INFO  | DNAudit | user=null | ip=null | op=PUT_BLOCK {blockData=[blockId=conID: 2 locID: 102651689873113709 bcsId: 0,size=1048576]} | ret=SUCCESS |  
2019-08-20 22:34:42,719 | INFO  | DNAudit | user=null | ip=null | op=WRITE_CHUNK {blockData=conID: 2 locID: 102651689873113709 bcsId: 0} | ret=SUCCESS |  
2019-08-20 22:34:42,719 | INFO  | DNAudit | user=null | ip=null | op=WRITE_CHUNK {blockData=conID: 2 locID: 102651689873113709 bcsId: 0} | ret=SUCCESS |  
2019-08-20 22:34:42,719 | INFO  | DNAudit | user=null | ip=null | op=PUT_BLOCK {blockData=[blockId=conID: 2 locID: 102651689873113709 bcsId: 0,size=2097152]} | ret=SUCCESS |  
2019-08-20 22:34:42,719 | INFO  | DNAudit | user=null | ip=null | op=PUT_BLOCK {blockData=[blockId=conID: 2 locID: 102651689873113709 bcsId: 0,size=2097152]} | ret=SUCCESS |  
2019-08-20 22:34:42,720 [grpc-default-executor-1] INFO  client.GrpcClientProtocolClient (GrpcClientProtocolClient.java:onNext(255)) - client-391BA870FC40->947ec526-030f-41cc-8af7-a6f75e712ab0: receive RaftClientReply:client-391BA870FC40->947ec526-030f-41cc-8af7-a6f75e712ab0@group-5D45C35602B2, cid=2777, SUCCESS, logIndex=0, commits[947ec526-030f-41cc-8af7-a6f75e712ab0:c4161, c447b9b6-dde2-4ce7-aa81-d0e2eddc8fe9:c4157, 28b540ac-241d-462a-a56c-509e92928066:c4155]
2019-08-20 22:34:42,725 | INFO  | DNAudit | user=null | ip=null | op=WRITE_CHUNK {blockData=conID: 2 locID: 102651689873113709 bcsId: 4157} | ret=SUCCESS |  
2019-08-20 22:34:42,727 | INFO  | DNAudit | user=null | ip=null | op=WRITE_CHUNK {blockData=conID: 2 locID: 102651689873113709 bcsId: 4157} | ret=SUCCESS |  
2019-08-20 22:34:42,727 | INFO  | DNAudit | user=null | ip=null | op=WRITE_CHUNK {blockData=conID: 2 locID: 102651689873113709 bcsId: 4157} | ret=SUCCESS |  
2019-08-20 22:34:42,743 | INFO  | DNAudit | user=null | ip=null | op=WRITE_CHUNK {blockData=conID: 2 locID: 102651689873113709 bcsId: 4157} | ret=SUCCESS |  
2019-08-20 22:34:42,744 | INFO  | DNAudit | user=null | ip=null | op=PUT_BLOCK {blockData=[blockId=conID: 2 locID: 102651689873113709 bcsId: 0,size=3145728]} | ret=SUCCESS |  
2019-08-20 22:34:42,744 [grpc-default-executor-5] INFO  client.GrpcClientProtocolClient (GrpcClientProtocolClient.java:onNext(255)) - client-391BA870FC40->947ec526-030f-41cc-8af7-a6f75e712ab0: receive RaftClientReply:client-391BA870FC40->947ec526-030f-41cc-8af7-a6f75e712ab0@group-5D45C35602B2, cid=2778, SUCCESS, logIndex=4162, commits[947ec526-030f-41cc-8af7-a6f75e712ab0:c4163, c447b9b6-dde2-4ce7-aa81-d0e2eddc8fe9:c4161, 28b540ac-241d-462a-a56c-509e92928066:c4161]
2019-08-20 22:34:42,744 [grpc-default-executor-5] INFO  client.GrpcClientProtocolClient (GrpcClientProtocolClient.java:onNext(255)) - client-391BA870FC40->947ec526-030f-41cc-8af7-a6f75e712ab0: receive RaftClientReply:client-391BA870FC40->947ec526-030f-41cc-8af7-a6f75e712ab0@group-5D45C35602B2, cid=2779, SUCCESS, logIndex=4163, commits[947ec526-030f-41cc-8af7-a6f75e712ab0:c4163, c447b9b6-dde2-4ce7-aa81-d0e2eddc8fe9:c4161, 28b540ac-241d-462a-a56c-509e92928066:c4161]
2019-08-20 22:34:42,750 | INFO  | DNAudit | user=null | ip=null | op=WRITE_CHUNK {blockData=conID: 2 locID: 102651689873113709 bcsId: 4163} | ret=SUCCESS |  
2019-08-20 22:34:42,752 | INFO  | DNAudit | user=null | ip=null | op=WRITE_CHUNK {blockData=conID: 2 locID: 102651689873113709 bcsId: 4163} | ret=SUCCESS |  
2019-08-20 22:34:42,753 | INFO  | DNAudit | user=null | ip=null | op=WRITE_CHUNK {blockData=conID: 2 locID: 102651689873113709 bcsId: 4163} | ret=SUCCESS |  
2019-08-20 22:34:42,755 | INFO  | DNAudit | user=null | ip=null | op=WRITE_CHUNK {blockData=conID: 2 locID: 102651689873113709 bcsId: 4157} | ret=SUCCESS |  
2019-08-20 22:34:42,755 | INFO  | DNAudit | user=null | ip=null | op=WRITE_CHUNK {blockData=conID: 2 locID: 102651689873113709 bcsId: 4157} | ret=SUCCESS |  
2019-08-20 22:34:42,755 | INFO  | DNAudit | user=null | ip=null | op=PUT_BLOCK {blockData=[blockId=conID: 2 locID: 102651689873113709 bcsId: 0,size=3145728]} | ret=SUCCESS |  
2019-08-20 22:34:42,755 | INFO  | DNAudit | user=null | ip=null | op=PUT_BLOCK {blockData=[blockId=conID: 2 locID: 102651689873113709 bcsId: 0,size=3145728]} | ret=SUCCESS |  
2019-08-20 22:34:42,756 | INFO  | DNAudit | user=null | ip=null | op=WRITE_CHUNK {blockData=conID: 2 locID: 102651689873113709 bcsId: 4163} | ret=SUCCESS |  
2019-08-20 22:34:42,757 | INFO  | DNAudit | user=null | ip=null | op=PUT_BLOCK {blockData=[blockId=conID: 2 locID: 102651689873113709 bcsId: 0,size=4194304]} | ret=SUCCESS |  
2019-08-20 22:34:42,757 [grpc-default-executor-1] INFO  client.GrpcClientProtocolClient (GrpcClientProtocolClient.java:onNext(255)) - client-391BA870FC40->947ec526-030f-41cc-8af7-a6f75e712ab0: receive RaftClientReply:client-391BA870FC40->947ec526-030f-41cc-8af7-a6f75e712ab0@group-5D45C35602B2, cid=2780, SUCCESS, logIndex=4166, commits[947ec526-030f-41cc-8af7-a6f75e712ab0:c4167, c447b9b6-dde2-4ce7-aa81-d0e2eddc8fe9:c4163, 28b540ac-241d-462a-a56c-509e92928066:c4163]
2019-08-20 22:34:42,757 [grpc-default-executor-1] INFO  client.GrpcClientProtocolClient (GrpcClientProtocolClient.java:onNext(255)) - client-391BA870FC40->947ec526-030f-41cc-8af7-a6f75e712ab0: receive RaftClientReply:client-391BA870FC40->947ec526-030f-41cc-8af7-a6f75e712ab0@group-5D45C35602B2, cid=2781, SUCCESS, logIndex=4167, commits[947ec526-030f-41cc-8af7-a6f75e712ab0:c4167, c447b9b6-dde2-4ce7-aa81-d0e2eddc8fe9:c4163, 28b540ac-241d-462a-a56c-509e92928066:c4163]
2019-08-20 22:34:42,758 | INFO  | DNAudit | user=null | ip=null | op=WRITE_CHUNK {blockData=conID: 2 locID: 102651689873113709 bcsId: 4163} | ret=SUCCESS |  
2019-08-20 22:34:42,758 | INFO  | DNAudit | user=null | ip=null | op=WRITE_CHUNK {blockData=conID: 2 locID: 102651689873113709 bcsId: 4163} | ret=SUCCESS |  
2019-08-20 22:34:42,759 | INFO  | DNAudit | user=null | ip=null | op=PUT_BLOCK {blockData=[blockId=conID: 2 locID: 102651689873113709 bcsId: 0,size=4194304]} | ret=SUCCESS |  
2019-08-20 22:34:42,759 | INFO  | DNAudit | user=null | ip=null | op=PUT_BLOCK {blockData=[blockId=conID: 2 locID: 102651689873113709 bcsId: 0,size=4194304]} | ret=SUCCESS |  
2019-08-20 22:34:42,759 [grpc-default-executor-1] INFO  client.GrpcClientProtocolClient (GrpcClientProtocolClient.java:onNext(255)) - client-391BA870FC40->947ec526-030f-41cc-8af7-a6f75e712ab0: receive RaftClientReply:client-391BA870FC40->947ec526-030f-41cc-8af7-a6f75e712ab0@group-5D45C35602B2, cid=2782, SUCCESS, logIndex=0, commits[947ec526-030f-41cc-8af7-a6f75e712ab0:c4169, c447b9b6-dde2-4ce7-aa81-d0e2eddc8fe9:c4167, 28b540ac-241d-462a-a56c-509e92928066:c4167]
2019-08-20 22:34:42,764 | INFO  | SCMAudit | user=jenkins1000 | ip=192.168.5.142 | op=ALLOCATE_BLOCK {owner=6f694d07-2a2f-44d9-8e1c-aaa094a2f647, size=4194304, type=RATIS, factor=THREE} | ret=SUCCESS |  
2019-08-20 22:34:42,767 | INFO  | OMAudit | user=jenkins1000 | ip=127.0.0.1 | op=ALLOCATE_BLOCK {volume=vol-0-80747, bucket=bucket-0-27686, key=key-0-47435, dataSize=0, replicationType=null, replicationFactor=null, keyLocationInfo=null, clientID=102651687805452690} | ret=SUCCESS |  
2019-08-20 22:34:42,774 | INFO  | DNAudit | user=null | ip=null | op=WRITE_CHUNK {blockData=conID: 3 locID: 102651689878422126 bcsId: 0} | ret=SUCCESS |  
2019-08-20 22:34:42,775 | INFO  | DNAudit | user=null | ip=null | op=WRITE_CHUNK {blockData=conID: 3 locID: 102651689878422126 bcsId: 0} | ret=SUCCESS |  
2019-08-20 22:34:42,775 | INFO  | DNAudit | user=null | ip=null | op=WRITE_CHUNK {blockData=conID: 3 locID: 102651689878422126 bcsId: 0} | ret=SUCCESS |  
2019-08-20 22:34:42,776 | INFO  | DNAudit | user=null | ip=null | op=WRITE_CHUNK {blockData=conID: 3 locID: 102651689878422126 bcsId: 0} | ret=SUCCESS |  
2019-08-20 22:34:42,776 | INFO  | DNAudit | user=null | ip=null | op=WRITE_CHUNK {blockData=conID: 3 locID: 102651689878422126 bcsId: 0} | ret=SUCCESS |  
2019-08-20 22:34:42,776 | INFO  | DNAudit | user=null | ip=null | op=WRITE_CHUNK {blockData=conID: 3 locID: 102651689878422126 bcsId: 0} | ret=SUCCESS |  
2019-08-20 22:34:42,789 | INFO  | DNAudit | user=null | ip=null | op=WRITE_CHUNK {blockData=conID: 3 locID: 102651689878422126 bcsId: 0} | ret=SUCCESS |  
2019-08-20 22:34:42,789 | INFO  | DNAudit | user=null | ip=null | op=PUT_BLOCK {blockData=[blockId=conID: 3 locID: 102651689878422126 bcsId: 0,size=1048576]} | ret=SUCCESS |  
2019-08-20 22:34:42,789 [grpc-default-executor-1] INFO  client.GrpcClientProtocolClient (GrpcClientProtocolClient.java:onNext(255)) - client-391BA870FC40->947ec526-030f-41cc-8af7-a6f75e712ab0: receive RaftClientReply:client-391BA870FC40->947ec526-030f-41cc-8af7-a6f75e712ab0@group-5D45C35602B2, cid=2783, SUCCESS, logIndex=4170, commits[947ec526-030f-41cc-8af7-a6f75e712ab0:c4172, c447b9b6-dde2-4ce7-aa81-d0e2eddc8fe9:c4169, 28b540ac-241d-462a-a56c-509e92928066:c4169]
2019-08-20 22:34:42,789 | INFO  | DNAudit | user=null | ip=null | op=WRITE_CHUNK {blockData=conID: 3 locID: 102651689878422126 bcsId: 0} | ret=SUCCESS |  
2019-08-20 22:34:42,789 [grpc-default-executor-1] INFO  client.GrpcClientProtocolClient (GrpcClientProtocolClient.java:onNext(255)) - client-391BA870FC40->947ec526-030f-41cc-8af7-a6f75e712ab0: receive RaftClientReply:client-391BA870FC40->947ec526-030f-41cc-8af7-a6f75e712ab0@group-5D45C35602B2, cid=2784, SUCCESS, logIndex=4171, commits[947ec526-030f-41cc-8af7-a6f75e712ab0:c4173, c447b9b6-dde2-4ce7-aa81-d0e2eddc8fe9:c4169, 28b540ac-241d-462a-a56c-509e92928066:c4169]
2019-08-20 22:34:42,790 | INFO  | DNAudit | user=null | ip=null | op=PUT_BLOCK {blockData=[blockId=conID: 3 locID: 102651689878422126 bcsId: 0,size=2097152]} | ret=SUCCESS |  
2019-08-20 22:34:42,790 [grpc-default-executor-1] INFO  client.GrpcClientProtocolClient (GrpcClientProtocolClient.java:onNext(255)) - client-391BA870FC40->947ec526-030f-41cc-8af7-a6f75e712ab0: receive RaftClientReply:client-391BA870FC40->947ec526-030f-41cc-8af7-a6f75e712ab0@group-5D45C35602B2, cid=2785, SUCCESS, logIndex=4172, commits[947ec526-030f-41cc-8af7-a6f75e712ab0:c4173, c447b9b6-dde2-4ce7-aa81-d0e2eddc8fe9:c4169, 28b540ac-241d-462a-a56c-509e92928066:c4169]
2019-08-20 22:34:42,790 [grpc-default-executor-1] INFO  client.GrpcClientProtocolClient (GrpcClientProtocolClient.java:onNext(255)) - client-391BA870FC40->947ec526-030f-41cc-8af7-a6f75e712ab0: receive RaftClientReply:client-391BA870FC40->947ec526-030f-41cc-8af7-a6f75e712ab0@group-5D45C35602B2, cid=2786, SUCCESS, logIndex=4173, commits[947ec526-030f-41cc-8af7-a6f75e712ab0:c4173, c447b9b6-dde2-4ce7-aa81-d0e2eddc8fe9:c4169, 28b540ac-241d-462a-a56c-509e92928066:c4169]
2019-08-20 22:34:42,800 | INFO  | DNAudit | user=null | ip=null | op=WRITE_CHUNK {blockData=conID: 3 locID: 102651689878422126 bcsId: 0} | ret=SUCCESS |  
2019-08-20 22:34:42,800 | INFO  | DNAudit | user=null | ip=null | op=WRITE_CHUNK {blockData=conID: 3 locID: 102651689878422126 bcsId: 0} | ret=SUCCESS |  
2019-08-20 22:34:42,800 | INFO  | DNAudit | user=null | ip=null | op=PUT_BLOCK {blockData=[blockId=conID: 3 locID: 102651689878422126 bcsId: 0,size=1048576]} | ret=SUCCESS |  
2019-08-20 22:34:42,800 | INFO  | DNAudit | user=null | ip=null | op=PUT_BLOCK {blockData=[blockId=conID: 3 locID: 102651689878422126 bcsId: 0,size=1048576]} | ret=SUCCESS |  
2019-08-20 22:34:42,800 [grpc-default-executor-1] INFO  client.GrpcClientProtocolClient (GrpcClientProtocolClient.java:onNext(255)) - client-391BA870FC40->947ec526-030f-41cc-8af7-a6f75e712ab0: receive RaftClientReply:client-391BA870FC40->947ec526-030f-41cc-8af7-a6f75e712ab0@group-5D45C35602B2, cid=2787, SUCCESS, logIndex=0, commits[947ec526-030f-41cc-8af7-a6f75e712ab0:c4174, c447b9b6-dde2-4ce7-aa81-d0e2eddc8fe9:c4171, 28b540ac-241d-462a-a56c-509e92928066:c4171]
2019-08-20 22:34:42,803 | INFO  | DNAudit | user=null | ip=null | op=WRITE_CHUNK {blockData=conID: 3 locID: 102651689878422126 bcsId: 0} | ret=SUCCESS |  
2019-08-20 22:34:42,803 | INFO  | DNAudit | user=null | ip=null | op=PUT_BLOCK {blockData=[blockId=conID: 3 locID: 102651689878422126 bcsId: 0,size=2097152]} | ret=SUCCESS |  
2019-08-20 22:34:42,804 | INFO  | DNAudit | user=null | ip=null | op=WRITE_CHUNK {blockData=conID: 3 locID: 102651689878422126 bcsId: 0} | ret=SUCCESS |  
2019-08-20 22:34:42,804 | INFO  | DNAudit | user=null | ip=null | op=PUT_BLOCK {blockData=[blockId=conID: 3 locID: 102651689878422126 bcsId: 0,size=2097152]} | ret=SUCCESS |  
2019-08-20 22:34:42,806 | INFO  | DNAudit | user=null | ip=null | op=WRITE_CHUNK {blockData=conID: 3 locID: 102651689878422126 bcsId: 4173} | ret=SUCCESS |  
2019-08-20 22:34:42,807 | INFO  | DNAudit | user=null | ip=null | op=WRITE_CHUNK {blockData=conID: 3 locID: 102651689878422126 bcsId: 4173} | ret=SUCCESS |  
2019-08-20 22:34:42,807 | INFO  | DNAudit | user=null | ip=null | op=WRITE_CHUNK {blockData=conID: 3 locID: 102651689878422126 bcsId: 4173} | ret=SUCCESS |  
2019-08-20 22:34:42,818 | INFO  | DNAudit | user=null | ip=null | op=WRITE_CHUNK {blockData=conID: 3 locID: 102651689878422126 bcsId: 4173} | ret=SUCCESS |  
2019-08-20 22:34:42,818 | INFO  | DNAudit | user=null | ip=null | op=PUT_BLOCK {blockData=[blockId=conID: 3 locID: 102651689878422126 bcsId: 0,size=3145728]} | ret=SUCCESS |  
2019-08-20 22:34:42,818 [grpc-default-executor-1] INFO  client.GrpcClientProtocolClient (GrpcClientProtocolClient.java:onNext(255)) - client-391BA870FC40->947ec526-030f-41cc-8af7-a6f75e712ab0: receive RaftClientReply:client-391BA870FC40->947ec526-030f-41cc-8af7-a6f75e712ab0@group-5D45C35602B2, cid=2788, SUCCESS, logIndex=4178, commits[947ec526-030f-41cc-8af7-a6f75e712ab0:c4179, c447b9b6-dde2-4ce7-aa81-d0e2eddc8fe9:c4177, 28b540ac-241d-462a-a56c-509e92928066:c4177]
2019-08-20 22:34:42,819 [grpc-default-executor-1] INFO  client.GrpcClientProtocolClient (GrpcClientProtocolClient.java:onNext(255)) - client-391BA870FC40->947ec526-030f-41cc-8af7-a6f75e712ab0: receive RaftClientReply:client-391BA870FC40->947ec526-030f-41cc-8af7-a6f75e712ab0@group-5D45C35602B2, cid=2789, SUCCESS, logIndex=4179, commits[947ec526-030f-41cc-8af7-a6f75e712ab0:c4179, c447b9b6-dde2-4ce7-aa81-d0e2eddc8fe9:c4177, 28b540ac-241d-462a-a56c-509e92928066:c4177]
2019-08-20 22:34:42,825 | INFO  | DNAudit | user=null | ip=null | op=WRITE_CHUNK {blockData=conID: 3 locID: 102651689878422126 bcsId: 4179} | ret=SUCCESS |  
2019-08-20 22:34:42,825 | INFO  | DNAudit | user=null | ip=null | op=WRITE_CHUNK {blockData=conID: 3 locID: 102651689878422126 bcsId: 4179} | ret=SUCCESS |  
2019-08-20 22:34:42,825 | INFO  | DNAudit | user=null | ip=null | op=WRITE_CHUNK {blockData=conID: 3 locID: 102651689878422126 bcsId: 4179} | ret=SUCCESS |  
2019-08-20 22:34:42,829 | INFO  | DNAudit | user=null | ip=null | op=WRITE_CHUNK {blockData=conID: 3 locID: 102651689878422126 bcsId: 4173} | ret=SUCCESS |  
2019-08-20 22:34:42,829 | INFO  | DNAudit | user=null | ip=null | op=WRITE_CHUNK {blockData=conID: 3 locID: 102651689878422126 bcsId: 4173} | ret=SUCCESS |  
2019-08-20 22:34:42,830 | INFO  | DNAudit | user=null | ip=null | op=PUT_BLOCK {blockData=[blockId=conID: 3 locID: 102651689878422126 bcsId: 0,size=3145728]} | ret=SUCCESS |  
2019-08-20 22:34:42,830 | INFO  | DNAudit | user=null | ip=null | op=PUT_BLOCK {blockData=[blockId=conID: 3 locID: 102651689878422126 bcsId: 0,size=3145728]} | ret=SUCCESS |  
2019-08-20 22:34:42,832 | INFO  | DNAudit | user=null | ip=null | op=WRITE_CHUNK {blockData=conID: 3 locID: 102651689878422126 bcsId: 4179} | ret=SUCCESS |  
2019-08-20 22:34:42,833 | INFO  | DNAudit | user=null | ip=null | op=PUT_BLOCK {blockData=[blockId=conID: 3 locID: 102651689878422126 bcsId: 0,size=4194304]} | ret=SUCCESS |  
2019-08-20 22:34:42,833 [grpc-default-executor-2] INFO  client.GrpcClientProtocolClient (GrpcClientProtocolClient.java:onNext(255)) - client-391BA870FC40->947ec526-030f-41cc-8af7-a6f75e712ab0: receive RaftClientReply:client-391BA870FC40->947ec526-030f-41cc-8af7-a6f75e712ab0@group-5D45C35602B2, cid=2790, SUCCESS, logIndex=4182, commits[947ec526-030f-41cc-8af7-a6f75e712ab0:c4183, c447b9b6-dde2-4ce7-aa81-d0e2eddc8fe9:c4179, 28b540ac-241d-462a-a56c-509e92928066:c4179]
2019-08-20 22:34:42,833 [grpc-default-executor-2] INFO  client.GrpcClientProtocolClient (GrpcClientProtocolClient.java:onNext(255)) - client-391BA870FC40->947ec526-030f-41cc-8af7-a6f75e712ab0: receive RaftClientReply:client-391BA870FC40->947ec526-030f-41cc-8af7-a6f75e712ab0@group-5D45C35602B2, cid=2791, SUCCESS, logIndex=4183, commits[947ec526-030f-41cc-8af7-a6f75e712ab0:c4183, c447b9b6-dde2-4ce7-aa81-d0e2eddc8fe9:c4179, 28b540ac-241d-462a-a56c-509e92928066:c4179]
2019-08-20 22:34:42,844 | INFO  | DNAudit | user=null | ip=null | op=WRITE_CHUNK {blockData=conID: 3 locID: 102651689878422126 bcsId: 4179} | ret=SUCCESS |  
2019-08-20 22:34:42,844 | INFO  | DNAudit | user=null | ip=null | op=WRITE_CHUNK {blockData=conID: 3 locID: 102651689878422126 bcsId: 4179} | ret=SUCCESS |  
2019-08-20 22:34:42,847 | INFO  | DNAudit | user=null | ip=null | op=PUT_BLOCK {blockData=[blockId=conID: 3 locID: 102651689878422126 bcsId: 0,size=4194304]} | ret=SUCCESS |  
2019-08-20 22:34:42,847 | INFO  | DNAudit | user=null | ip=null | op=PUT_BLOCK {blockData=[blockId=conID: 3 locID: 102651689878422126 bcsId: 0,size=4194304]} | ret=SUCCESS |  
2019-08-20 22:34:42,847 [grpc-default-executor-3] INFO  client.GrpcClientProtocolClient (GrpcClientProtocolClient.java:onNext(255)) - client-391BA870FC40->947ec526-030f-41cc-8af7-a6f75e712ab0: receive RaftClientReply:client-391BA870FC40->947ec526-030f-41cc-8af7-a6f75e712ab0@group-5D45C35602B2, cid=2792, SUCCESS, logIndex=0, commits[947ec526-030f-41cc-8af7-a6f75e712ab0:c4185, c447b9b6-dde2-4ce7-aa81-d0e2eddc8fe9:c4183, 28b540ac-241d-462a-a56c-509e92928066:c4183]
2019-08-20 22:34:42,851 | INFO  | SCMAudit | user=jenkins1000 | ip=192.168.5.142 | op=ALLOCATE_BLOCK {owner=6f694d07-2a2f-44d9-8e1c-aaa094a2f647, size=4194304, type=RATIS, factor=THREE} | ret=SUCCESS |  
2019-08-20 22:34:42,854 | INFO  | OMAudit | user=jenkins1000 | ip=127.0.0.1 | op=ALLOCATE_BLOCK {volume=vol-0-80747, bucket=bucket-0-27686, key=key-0-47435, dataSize=0, replicationType=null, replicationFactor=null, keyLocationInfo=null, clientID=102651687805452690} | ret=SUCCESS |  
2019-08-20 22:34:42,860 | INFO  | DNAudit | user=null | ip=null | op=WRITE_CHUNK {blockData=conID: 1 locID: 102651689884123759 bcsId: 0} | ret=SUCCESS |  
2019-08-20 22:34:42,861 | INFO  | DNAudit | user=null | ip=null | op=WRITE_CHUNK {blockData=conID: 1 locID: 102651689884123759 bcsId: 0} | ret=SUCCESS |  
2019-08-20 22:34:42,863 | INFO  | DNAudit | user=null | ip=null | op=WRITE_CHUNK {blockData=conID: 1 locID: 102651689884123759 bcsId: 0} | ret=SUCCESS |  
2019-08-20 22:34:42,863 | INFO  | DNAudit | user=null | ip=null | op=WRITE_CHUNK {blockData=conID: 1 locID: 102651689884123759 bcsId: 0} | ret=SUCCESS |  
2019-08-20 22:34:42,863 | INFO  | DNAudit | user=null | ip=null | op=WRITE_CHUNK {blockData=conID: 1 locID: 102651689884123759 bcsId: 0} | ret=SUCCESS |  
2019-08-20 22:34:42,863 | INFO  | DNAudit | user=null | ip=null | op=WRITE_CHUNK {blockData=conID: 1 locID: 102651689884123759 bcsId: 0} | ret=SUCCESS |  
2019-08-20 22:34:42,875 | INFO  | DNAudit | user=null | ip=null | op=WRITE_CHUNK {blockData=conID: 1 locID: 102651689884123759 bcsId: 0} | ret=SUCCESS |  
2019-08-20 22:34:42,875 | INFO  | DNAudit | user=null | ip=null | op=PUT_BLOCK {blockData=[blockId=conID: 1 locID: 102651689884123759 bcsId: 0,size=1048576]} | ret=SUCCESS |  
2019-08-20 22:34:42,876 | INFO  | DNAudit | user=null | ip=null | op=WRITE_CHUNK {blockData=conID: 1 locID: 102651689884123759 bcsId: 0} | ret=SUCCESS |  
2019-08-20 22:34:42,876 [grpc-default-executor-1] INFO  client.GrpcClientProtocolClient (GrpcClientProtocolClient.java:onNext(255)) - client-391BA870FC40->947ec526-030f-41cc-8af7-a6f75e712ab0: receive RaftClientReply:client-391BA870FC40->947ec526-030f-41cc-8af7-a6f75e712ab0@group-5D45C35602B2, cid=2793, SUCCESS, logIndex=4186, commits[947ec526-030f-41cc-8af7-a6f75e712ab0:c4187, c447b9b6-dde2-4ce7-aa81-d0e2eddc8fe9:c4185, 28b540ac-241d-462a-a56c-509e92928066:c4185]
2019-08-20 22:34:42,876 | INFO  | DNAudit | user=null | ip=null | op=PUT_BLOCK {blockData=[blockId=conID: 1 locID: 102651689884123759 bcsId: 0,size=2097152]} | ret=SUCCESS |  
2019-08-20 22:34:42,876 [grpc-default-executor-1] INFO  client.GrpcClientProtocolClient (GrpcClientProtocolClient.java:onNext(255)) - client-391BA870FC40->947ec526-030f-41cc-8af7-a6f75e712ab0: receive RaftClientReply:client-391BA870FC40->947ec526-030f-41cc-8af7-a6f75e712ab0@group-5D45C35602B2, cid=2794, SUCCESS, logIndex=4187, commits[947ec526-030f-41cc-8af7-a6f75e712ab0:c4189, c447b9b6-dde2-4ce7-aa81-d0e2eddc8fe9:c4185, 28b540ac-241d-462a-a56c-509e92928066:c4185]
2019-08-20 22:34:42,876 [grpc-default-executor-1] INFO  client.GrpcClientProtocolClient (GrpcClientProtocolClient.java:onNext(255)) - client-391BA870FC40->947ec526-030f-41cc-8af7-a6f75e712ab0: receive RaftClientReply:client-391BA870FC40->947ec526-030f-41cc-8af7-a6f75e712ab0@group-5D45C35602B2, cid=2795, SUCCESS, logIndex=4188, commits[947ec526-030f-41cc-8af7-a6f75e712ab0:c4189, c447b9b6-dde2-4ce7-aa81-d0e2eddc8fe9:c4185, 28b540ac-241d-462a-a56c-509e92928066:c4185]
2019-08-20 22:34:42,876 [grpc-default-executor-1] INFO  client.GrpcClientProtocolClient (GrpcClientProtocolClient.java:onNext(255)) - client-391BA870FC40->947ec526-030f-41cc-8af7-a6f75e712ab0: receive RaftClientReply:client-391BA870FC40->947ec526-030f-41cc-8af7-a6f75e712ab0@group-5D45C35602B2, cid=2796, SUCCESS, logIndex=4189, commits[947ec526-030f-41cc-8af7-a6f75e712ab0:c4189, c447b9b6-dde2-4ce7-aa81-d0e2eddc8fe9:c4185, 28b540ac-241d-462a-a56c-509e92928066:c4185]
2019-08-20 22:34:42,887 | INFO  | DNAudit | user=null | ip=null | op=WRITE_CHUNK {blockData=conID: 1 locID: 102651689884123759 bcsId: 0} | ret=SUCCESS |  
2019-08-20 22:34:42,887 | INFO  | DNAudit | user=null | ip=null | op=WRITE_CHUNK {blockData=conID: 1 locID: 102651689884123759 bcsId: 0} | ret=SUCCESS |  
2019-08-20 22:34:42,887 | INFO  | DNAudit | user=null | ip=null | op=PUT_BLOCK {blockData=[blockId=conID: 1 locID: 102651689884123759 bcsId: 0,size=1048576]} | ret=SUCCESS |  
2019-08-20 22:34:42,887 | INFO  | DNAudit | user=null | ip=null | op=PUT_BLOCK {blockData=[blockId=conID: 1 locID: 102651689884123759 bcsId: 0,size=1048576]} | ret=SUCCESS |  
2019-08-20 22:34:42,887 [grpc-default-executor-1] INFO  client.GrpcClientProtocolClient (GrpcClientProtocolClient.java:onNext(255)) - client-391BA870FC40->947ec526-030f-41cc-8af7-a6f75e712ab0: receive RaftClientReply:client-391BA870FC40->947ec526-030f-41cc-8af7-a6f75e712ab0@group-5D45C35602B2, cid=2797, SUCCESS, logIndex=0, commits[947ec526-030f-41cc-8af7-a6f75e712ab0:c4190, c447b9b6-dde2-4ce7-aa81-d0e2eddc8fe9:c4187, 28b540ac-241d-462a-a56c-509e92928066:c4187]
2019-08-20 22:34:42,890 | INFO  | DNAudit | user=null | ip=null | op=WRITE_CHUNK {blockData=conID: 1 locID: 102651689884123759 bcsId: 0} | ret=SUCCESS |  
2019-08-20 22:34:42,890 | INFO  | DNAudit | user=null | ip=null | op=WRITE_CHUNK {blockData=conID: 1 locID: 102651689884123759 bcsId: 0} | ret=SUCCESS |  
2019-08-20 22:34:42,890 | INFO  | DNAudit | user=null | ip=null | op=PUT_BLOCK {blockData=[blockId=conID: 1 locID: 102651689884123759 bcsId: 0,size=2097152]} | ret=SUCCESS |  
2019-08-20 22:34:42,890 | INFO  | DNAudit | user=null | ip=null | op=PUT_BLOCK {blockData=[blockId=conID: 1 locID: 102651689884123759 bcsId: 0,size=2097152]} | ret=SUCCESS |  
2019-08-20 22:34:42,893 | INFO  | DNAudit | user=null | ip=null | op=WRITE_CHUNK {blockData=conID: 1 locID: 102651689884123759 bcsId: 4189} | ret=SUCCESS |  
2019-08-20 22:34:42,895 | INFO  | DNAudit | user=null | ip=null | op=WRITE_CHUNK {blockData=conID: 1 locID: 102651689884123759 bcsId: 4189} | ret=SUCCESS |  
2019-08-20 22:34:42,896 | INFO  | DNAudit | user=null | ip=null | op=WRITE_CHUNK {blockData=conID: 1 locID: 102651689884123759 bcsId: 4189} | ret=SUCCESS |  
2019-08-20 22:34:42,905 | INFO  | DNAudit | user=null | ip=null | op=WRITE_CHUNK {blockData=conID: 1 locID: 102651689884123759 bcsId: 4189} | ret=SUCCESS |  
2019-08-20 22:34:42,906 | INFO  | DNAudit | user=null | ip=null | op=PUT_BLOCK {blockData=[blockId=conID: 1 locID: 102651689884123759 bcsId: 0,size=3145728]} | ret=SUCCESS |  
2019-08-20 22:34:42,906 [grpc-default-executor-3] INFO  client.GrpcClientProtocolClient (GrpcClientProtocolClient.java:onNext(255)) - client-391BA870FC40->947ec526-030f-41cc-8af7-a6f75e712ab0: receive RaftClientReply:client-391BA870FC40->947ec526-030f-41cc-8af7-a6f75e712ab0@group-5D45C35602B2, cid=2798, SUCCESS, logIndex=4193, commits[947ec526-030f-41cc-8af7-a6f75e712ab0:c4194, c447b9b6-dde2-4ce7-aa81-d0e2eddc8fe9:c4192, 28b540ac-241d-462a-a56c-509e92928066:c4192]
2019-08-20 22:34:42,906 [grpc-default-executor-3] INFO  client.GrpcClientProtocolClient (GrpcClientProtocolClient.java:onNext(255)) - client-391BA870FC40->947ec526-030f-41cc-8af7-a6f75e712ab0: receive RaftClientReply:client-391BA870FC40->947ec526-030f-41cc-8af7-a6f75e712ab0@group-5D45C35602B2, cid=2799, SUCCESS, logIndex=4194, commits[947ec526-030f-41cc-8af7-a6f75e712ab0:c4194, c447b9b6-dde2-4ce7-aa81-d0e2eddc8fe9:c4192, 28b540ac-241d-462a-a56c-509e92928066:c4192]
2019-08-20 22:34:42,907 | INFO  | DNAudit | user=null | ip=null | op=WRITE_CHUNK {blockData=conID: 1 locID: 102651689884123759 bcsId: 4189} | ret=SUCCESS |  
2019-08-20 22:34:42,907 | INFO  | DNAudit | user=null | ip=null | op=WRITE_CHUNK {blockData=conID: 1 locID: 102651689884123759 bcsId: 4189} | ret=SUCCESS |  
2019-08-20 22:34:42,907 | INFO  | DNAudit | user=null | ip=null | op=PUT_BLOCK {blockData=[blockId=conID: 1 locID: 102651689884123759 bcsId: 0,size=3145728]} | ret=SUCCESS |  
2019-08-20 22:34:42,907 | INFO  | DNAudit | user=null | ip=null | op=PUT_BLOCK {blockData=[blockId=conID: 1 locID: 102651689884123759 bcsId: 0,size=3145728]} | ret=SUCCESS |  
2019-08-20 22:34:42,911 | INFO  | DNAudit | user=null | ip=null | op=WRITE_CHUNK {blockData=conID: 1 locID: 102651689884123759 bcsId: 4194} | ret=SUCCESS |  
2019-08-20 22:34:42,913 | INFO  | DNAudit | user=null | ip=null | op=WRITE_CHUNK {blockData=conID: 1 locID: 102651689884123759 bcsId: 4194} | ret=SUCCESS |  
2019-08-20 22:34:42,914 | INFO  | DNAudit | user=null | ip=null | op=WRITE_CHUNK {blockData=conID: 1 locID: 102651689884123759 bcsId: 4194} | ret=SUCCESS |  
2019-08-20 22:34:42,924 | INFO  | DNAudit | user=null | ip=null | op=WRITE_CHUNK {blockData=conID: 1 locID: 102651689884123759 bcsId: 4194} | ret=SUCCESS |  
2019-08-20 22:34:42,924 | INFO  | DNAudit | user=null | ip=null | op=PUT_BLOCK {blockData=[blockId=conID: 1 locID: 102651689884123759 bcsId: 0,size=4194304]} | ret=SUCCESS |  
2019-08-20 22:34:42,924 [grpc-default-executor-2] INFO  client.GrpcClientProtocolClient (GrpcClientProtocolClient.java:onNext(255)) - client-391BA870FC40->947ec526-030f-41cc-8af7-a6f75e712ab0: receive RaftClientReply:client-391BA870FC40->947ec526-030f-41cc-8af7-a6f75e712ab0@group-5D45C35602B2, cid=2800, SUCCESS, logIndex=4197, commits[947ec526-030f-41cc-8af7-a6f75e712ab0:c4198, c447b9b6-dde2-4ce7-aa81-d0e2eddc8fe9:c4196, 28b540ac-241d-462a-a56c-509e92928066:c4196]
2019-08-20 22:34:42,925 [grpc-default-executor-2] INFO  client.GrpcClientProtocolClient (GrpcClientProtocolClient.java:onNext(255)) - client-391BA870FC40->947ec526-030f-41cc-8af7-a6f75e712ab0: receive RaftClientReply:client-391BA870FC40->947ec526-030f-41cc-8af7-a6f75e712ab0@group-5D45C35602B2, cid=2801, SUCCESS, logIndex=4198, commits[947ec526-030f-41cc-8af7-a6f75e712ab0:c4198, c447b9b6-dde2-4ce7-aa81-d0e2eddc8fe9:c4196, 28b540ac-241d-462a-a56c-509e92928066:c4196]
2019-08-20 22:34:42,935 | INFO  | DNAudit | user=null | ip=null | op=WRITE_CHUNK {blockData=conID: 1 locID: 102651689884123759 bcsId: 4194} | ret=SUCCESS |  
2019-08-20 22:34:42,935 | INFO  | DNAudit | user=null | ip=null | op=WRITE_CHUNK {blockData=conID: 1 locID: 102651689884123759 bcsId: 4194} | ret=SUCCESS |  
2019-08-20 22:34:42,938 | INFO  | DNAudit | user=null | ip=null | op=PUT_BLOCK {blockData=[blockId=conID: 1 locID: 102651689884123759 bcsId: 0,size=4194304]} | ret=SUCCESS |  
2019-08-20 22:34:42,938 | INFO  | DNAudit | user=null | ip=null | op=PUT_BLOCK {blockData=[blockId=conID: 1 locID: 102651689884123759 bcsId: 0,size=4194304]} | ret=SUCCESS |  
2019-08-20 22:34:42,938 [grpc-default-executor-2] INFO  client.GrpcClientProtocolClient (GrpcClientProtocolClient.java:onNext(255)) - client-391BA870FC40->947ec526-030f-41cc-8af7-a6f75e712ab0: receive RaftClientReply:client-391BA870FC40->947ec526-030f-41cc-8af7-a6f75e712ab0@group-5D45C35602B2, cid=2802, SUCCESS, logIndex=0, commits[947ec526-030f-41cc-8af7-a6f75e712ab0:c4200, c447b9b6-dde2-4ce7-aa81-d0e2eddc8fe9:c4198, 28b540ac-241d-462a-a56c-509e92928066:c4198]
2019-08-20 22:34:42,942 | INFO  | SCMAudit | user=jenkins1000 | ip=192.168.5.142 | op=ALLOCATE_BLOCK {owner=6f694d07-2a2f-44d9-8e1c-aaa094a2f647, size=4194304, type=RATIS, factor=THREE} | ret=SUCCESS |  
2019-08-20 22:34:42,944 | INFO  | OMAudit | user=jenkins1000 | ip=127.0.0.1 | op=ALLOCATE_BLOCK {volume=vol-0-80747, bucket=bucket-0-27686, key=key-0-47435, dataSize=0, replicationType=null, replicationFactor=null, keyLocationInfo=null, clientID=102651687805452690} | ret=SUCCESS |  
2019-08-20 22:34:42,950 | INFO  | DNAudit | user=null | ip=null | op=WRITE_CHUNK {blockData=conID: 2 locID: 102651689890087536 bcsId: 0} | ret=SUCCESS |  
2019-08-20 22:34:42,953 | INFO  | DNAudit | user=null | ip=null | op=WRITE_CHUNK {blockData=conID: 2 locID: 102651689890087536 bcsId: 0} | ret=SUCCESS |  
2019-08-20 22:34:42,953 | INFO  | DNAudit | user=null | ip=null | op=WRITE_CHUNK {blockData=conID: 2 locID: 102651689890087536 bcsId: 0} | ret=SUCCESS |  
2019-08-20 22:34:42,953 | INFO  | DNAudit | user=null | ip=null | op=WRITE_CHUNK {blockData=conID: 2 locID: 102651689890087536 bcsId: 0} | ret=SUCCESS |  
2019-08-20 22:34:42,954 | INFO  | DNAudit | user=null | ip=null | op=WRITE_CHUNK {blockData=conID: 2 locID: 102651689890087536 bcsId: 0} | ret=SUCCESS |  
2019-08-20 22:34:42,954 | INFO  | DNAudit | user=null | ip=null | op=WRITE_CHUNK {blockData=conID: 2 locID: 102651689890087536 bcsId: 0} | ret=SUCCESS |  
2019-08-20 22:34:42,961 | INFO  | DNAudit | user=null | ip=null | op=WRITE_CHUNK {blockData=conID: 2 locID: 102651689890087536 bcsId: 0} | ret=SUCCESS |  
2019-08-20 22:34:42,962 | INFO  | DNAudit | user=null | ip=null | op=PUT_BLOCK {blockData=[blockId=conID: 2 locID: 102651689890087536 bcsId: 0,size=1048576]} | ret=SUCCESS |  
2019-08-20 22:34:42,962 [grpc-default-executor-3] INFO  client.GrpcClientProtocolClient (GrpcClientProtocolClient.java:onNext(255)) - client-391BA870FC40->947ec526-030f-41cc-8af7-a6f75e712ab0: receive RaftClientReply:client-391BA870FC40->947ec526-030f-41cc-8af7-a6f75e712ab0@group-5D45C35602B2, cid=2803, SUCCESS, logIndex=4201, commits[947ec526-030f-41cc-8af7-a6f75e712ab0:c4202, c447b9b6-dde2-4ce7-aa81-d0e2eddc8fe9:c4200, 28b540ac-241d-462a-a56c-509e92928066:c4200]
2019-08-20 22:34:42,962 | INFO  | DNAudit | user=null | ip=null | op=WRITE_CHUNK {blockData=conID: 2 locID: 102651689890087536 bcsId: 0} | ret=SUCCESS |  
2019-08-20 22:34:42,962 | INFO  | DNAudit | user=null | ip=null | op=PUT_BLOCK {blockData=[blockId=conID: 2 locID: 102651689890087536 bcsId: 0,size=2097152]} | ret=SUCCESS |  
2019-08-20 22:34:42,962 [grpc-default-executor-3] INFO  client.GrpcClientProtocolClient (GrpcClientProtocolClient.java:onNext(255)) - client-391BA870FC40->947ec526-030f-41cc-8af7-a6f75e712ab0: receive RaftClientReply:client-391BA870FC40->947ec526-030f-41cc-8af7-a6f75e712ab0@group-5D45C35602B2, cid=2804, SUCCESS, logIndex=4202, commits[947ec526-030f-41cc-8af7-a6f75e712ab0:c4204, c447b9b6-dde2-4ce7-aa81-d0e2eddc8fe9:c4200, 28b540ac-241d-462a-a56c-509e92928066:c4200]
2019-08-20 22:34:42,962 [grpc-default-executor-3] INFO  client.GrpcClientProtocolClient (GrpcClientProtocolClient.java:onNext(255)) - client-391BA870FC40->947ec526-030f-41cc-8af7-a6f75e712ab0: receive RaftClientReply:client-391BA870FC40->947ec526-030f-41cc-8af7-a6f75e712ab0@group-5D45C35602B2, cid=2805, SUCCESS, logIndex=4203, commits[947ec526-030f-41cc-8af7-a6f75e712ab0:c4204, c447b9b6-dde2-4ce7-aa81-d0e2eddc8fe9:c4200, 28b540ac-241d-462a-a56c-509e92928066:c4200]
2019-08-20 22:34:42,962 [grpc-default-executor-3] INFO  client.GrpcClientProtocolClient (GrpcClientProtocolClient.java:onNext(255)) - client-391BA870FC40->947ec526-030f-41cc-8af7-a6f75e712ab0: receive RaftClientReply:client-391BA870FC40->947ec526-030f-41cc-8af7-a6f75e712ab0@group-5D45C35602B2, cid=2806, SUCCESS, logIndex=4204, commits[947ec526-030f-41cc-8af7-a6f75e712ab0:c4204, c447b9b6-dde2-4ce7-aa81-d0e2eddc8fe9:c4200, 28b540ac-241d-462a-a56c-509e92928066:c4200]
2019-08-20 22:34:42,963 | INFO  | DNAudit | user=null | ip=null | op=WRITE_CHUNK {blockData=conID: 2 locID: 102651689890087536 bcsId: 0} | ret=SUCCESS |  
2019-08-20 22:34:42,963 | INFO  | DNAudit | user=null | ip=null | op=WRITE_CHUNK {blockData=conID: 2 locID: 102651689890087536 bcsId: 0} | ret=SUCCESS |  
2019-08-20 22:34:42,963 | INFO  | DNAudit | user=null | ip=null | op=PUT_BLOCK {blockData=[blockId=conID: 2 locID: 102651689890087536 bcsId: 0,size=1048576]} | ret=SUCCESS |  
2019-08-20 22:34:42,964 | INFO  | DNAudit | user=null | ip=null | op=WRITE_CHUNK {blockData=conID: 2 locID: 102651689890087536 bcsId: 0} | ret=SUCCESS |  
2019-08-20 22:34:42,964 | INFO  | DNAudit | user=null | ip=null | op=PUT_BLOCK {blockData=[blockId=conID: 2 locID: 102651689890087536 bcsId: 0,size=1048576]} | ret=SUCCESS |  
2019-08-20 22:34:42,964 | INFO  | DNAudit | user=null | ip=null | op=PUT_BLOCK {blockData=[blockId=conID: 2 locID: 102651689890087536 bcsId: 0,size=2097152]} | ret=SUCCESS |  
2019-08-20 22:34:42,964 | INFO  | DNAudit | user=null | ip=null | op=WRITE_CHUNK {blockData=conID: 2 locID: 102651689890087536 bcsId: 0} | ret=SUCCESS |  
2019-08-20 22:34:42,964 | INFO  | DNAudit | user=null | ip=null | op=PUT_BLOCK {blockData=[blockId=conID: 2 locID: 102651689890087536 bcsId: 0,size=2097152]} | ret=SUCCESS |  
2019-08-20 22:34:42,964 [grpc-default-executor-2] INFO  client.GrpcClientProtocolClient (GrpcClientProtocolClient.java:onNext(255)) - client-391BA870FC40->947ec526-030f-41cc-8af7-a6f75e712ab0: receive RaftClientReply:client-391BA870FC40->947ec526-030f-41cc-8af7-a6f75e712ab0@group-5D45C35602B2, cid=2807, SUCCESS, logIndex=0, commits[947ec526-030f-41cc-8af7-a6f75e712ab0:c4206, c447b9b6-dde2-4ce7-aa81-d0e2eddc8fe9:c4202, 28b540ac-241d-462a-a56c-509e92928066:c4202]
2019-08-20 22:34:42,969 | INFO  | DNAudit | user=null | ip=null | op=WRITE_CHUNK {blockData=conID: 2 locID: 102651689890087536 bcsId: 4204} | ret=SUCCESS |  
2019-08-20 22:34:42,971 | INFO  | DNAudit | user=null | ip=null | op=WRITE_CHUNK {blockData=conID: 2 locID: 102651689890087536 bcsId: 4204} | ret=SUCCESS |  
2019-08-20 22:34:42,971 | INFO  | DNAudit | user=null | ip=null | op=WRITE_CHUNK {blockData=conID: 2 locID: 102651689890087536 bcsId: 4204} | ret=SUCCESS |  
2019-08-20 22:34:42,980 | INFO  | DNAudit | user=null | ip=null | op=WRITE_CHUNK {blockData=conID: 2 locID: 102651689890087536 bcsId: 4204} | ret=SUCCESS |  
2019-08-20 22:34:42,980 | INFO  | DNAudit | user=null | ip=null | op=PUT_BLOCK {blockData=[blockId=conID: 2 locID: 102651689890087536 bcsId: 0,size=3145728]} | ret=SUCCESS |  
2019-08-20 22:34:42,980 [grpc-default-executor-1] INFO  client.GrpcClientProtocolClient (GrpcClientProtocolClient.java:onNext(255)) - client-391BA870FC40->947ec526-030f-41cc-8af7-a6f75e712ab0: receive RaftClientReply:client-391BA870FC40->947ec526-030f-41cc-8af7-a6f75e712ab0@group-5D45C35602B2, cid=2808, SUCCESS, logIndex=4209, commits[947ec526-030f-41cc-8af7-a6f75e712ab0:c4210, c447b9b6-dde2-4ce7-aa81-d0e2eddc8fe9:c4208, 28b540ac-241d-462a-a56c-509e92928066:c4208]
2019-08-20 22:34:42,981 [grpc-default-executor-1] INFO  client.GrpcClientProtocolClient (GrpcClientProtocolClient.java:onNext(255)) - client-391BA870FC40->947ec526-030f-41cc-8af7-a6f75e712ab0: receive RaftClientReply:client-391BA870FC40->947ec526-030f-41cc-8af7-a6f75e712ab0@group-5D45C35602B2, cid=2809, SUCCESS, logIndex=4210, commits[947ec526-030f-41cc-8af7-a6f75e712ab0:c4210, c447b9b6-dde2-4ce7-aa81-d0e2eddc8fe9:c4208, 28b540ac-241d-462a-a56c-509e92928066:c4208]
2019-08-20 22:34:42,986 | INFO  | DNAudit | user=null | ip=null | op=WRITE_CHUNK {blockData=conID: 2 locID: 102651689890087536 bcsId: 4210} | ret=SUCCESS |  
2019-08-20 22:34:42,987 | INFO  | DNAudit | user=null | ip=null | op=WRITE_CHUNK {blockData=conID: 2 locID: 102651689890087536 bcsId: 4210} | ret=SUCCESS |  
2019-08-20 22:34:42,987 | INFO  | DNAudit | user=null | ip=null | op=WRITE_CHUNK {blockData=conID: 2 locID: 102651689890087536 bcsId: 4210} | ret=SUCCESS |  
2019-08-20 22:34:42,990 | INFO  | DNAudit | user=null | ip=null | op=WRITE_CHUNK {blockData=conID: 2 locID: 102651689890087536 bcsId: 4204} | ret=SUCCESS |  
2019-08-20 22:34:42,990 | INFO  | DNAudit | user=null | ip=null | op=WRITE_CHUNK {blockData=conID: 2 locID: 102651689890087536 bcsId: 4204} | ret=SUCCESS |  
2019-08-20 22:34:42,991 | INFO  | DNAudit | user=null | ip=null | op=PUT_BLOCK {blockData=[blockId=conID: 2 locID: 102651689890087536 bcsId: 0,size=3145728]} | ret=SUCCESS |  
2019-08-20 22:34:42,991 | INFO  | DNAudit | user=null | ip=null | op=PUT_BLOCK {blockData=[blockId=conID: 2 locID: 102651689890087536 bcsId: 0,size=3145728]} | ret=SUCCESS |  
2019-08-20 22:34:42,992 | INFO  | DNAudit | user=null | ip=null | op=WRITE_CHUNK {blockData=conID: 2 locID: 102651689890087536 bcsId: 4210} | ret=SUCCESS |  
2019-08-20 22:34:42,992 | INFO  | DNAudit | user=null | ip=null | op=PUT_BLOCK {blockData=[blockId=conID: 2 locID: 102651689890087536 bcsId: 0,size=4194304]} | ret=SUCCESS |  
2019-08-20 22:34:42,992 [grpc-default-executor-1] INFO  client.GrpcClientProtocolClient (GrpcClientProtocolClient.java:onNext(255)) - client-391BA870FC40->947ec526-030f-41cc-8af7-a6f75e712ab0: receive RaftClientReply:client-391BA870FC40->947ec526-030f-41cc-8af7-a6f75e712ab0@group-5D45C35602B2, cid=2810, SUCCESS, logIndex=4213, commits[947ec526-030f-41cc-8af7-a6f75e712ab0:c4214, c447b9b6-dde2-4ce7-aa81-d0e2eddc8fe9:c4210, 28b540ac-241d-462a-a56c-509e92928066:c4210]
2019-08-20 22:34:42,993 [grpc-default-executor-1] INFO  client.GrpcClientProtocolClient (GrpcClientProtocolClient.java:onNext(255)) - client-391BA870FC40->947ec526-030f-41cc-8af7-a6f75e712ab0: receive RaftClientReply:client-391BA870FC40->947ec526-030f-41cc-8af7-a6f75e712ab0@group-5D45C35602B2, cid=2811, SUCCESS, logIndex=4214, commits[947ec526-030f-41cc-8af7-a6f75e712ab0:c4214, c447b9b6-dde2-4ce7-aa81-d0e2eddc8fe9:c4210, 28b540ac-241d-462a-a56c-509e92928066:c4210]
2019-08-20 22:34:43,013 | INFO  | DNAudit | user=null | ip=null | op=WRITE_CHUNK {blockData=conID: 2 locID: 102651689890087536 bcsId: 4210} | ret=SUCCESS |  
2019-08-20 22:34:43,013 | INFO  | DNAudit | user=null | ip=null | op=WRITE_CHUNK {blockData=conID: 2 locID: 102651689890087536 bcsId: 4210} | ret=SUCCESS |  
2019-08-20 22:34:43,013 | INFO  | DNAudit | user=null | ip=null | op=PUT_BLOCK {blockData=[blockId=conID: 2 locID: 102651689890087536 bcsId: 0,size=4194304]} | ret=SUCCESS |  
2019-08-20 22:34:43,013 | INFO  | DNAudit | user=null | ip=null | op=PUT_BLOCK {blockData=[blockId=conID: 2 locID: 102651689890087536 bcsId: 0,size=4194304]} | ret=SUCCESS |  
2019-08-20 22:34:43,013 [grpc-default-executor-1] INFO  client.GrpcClientProtocolClient (GrpcClientProtocolClient.java:onNext(255)) - client-391BA870FC40->947ec526-030f-41cc-8af7-a6f75e712ab0: receive RaftClientReply:client-391BA870FC40->947ec526-030f-41cc-8af7-a6f75e712ab0@group-5D45C35602B2, cid=2812, SUCCESS, logIndex=0, commits[947ec526-030f-41cc-8af7-a6f75e712ab0:c4215, c447b9b6-dde2-4ce7-aa81-d0e2eddc8fe9:c4214, 28b540ac-241d-462a-a56c-509e92928066:c4214]
2019-08-20 22:34:43,019 | INFO  | SCMAudit | user=jenkins1000 | ip=192.168.5.142 | op=ALLOCATE_BLOCK {owner=6f694d07-2a2f-44d9-8e1c-aaa094a2f647, size=4194304, type=RATIS, factor=THREE} | ret=SUCCESS |  
2019-08-20 22:34:43,022 | INFO  | OMAudit | user=jenkins1000 | ip=127.0.0.1 | op=ALLOCATE_BLOCK {volume=vol-0-80747, bucket=bucket-0-27686, key=key-0-47435, dataSize=0, replicationType=null, replicationFactor=null, keyLocationInfo=null, clientID=102651687805452690} | ret=SUCCESS |  
2019-08-20 22:34:43,029 | INFO  | DNAudit | user=null | ip=null | op=WRITE_CHUNK {blockData=conID: 3 locID: 102651689895133809 bcsId: 0} | ret=SUCCESS |  
2019-08-20 22:34:43,029 | INFO  | DNAudit | user=null | ip=null | op=WRITE_CHUNK {blockData=conID: 3 locID: 102651689895133809 bcsId: 0} | ret=SUCCESS |  
2019-08-20 22:34:43,030 | INFO  | DNAudit | user=null | ip=null | op=WRITE_CHUNK {blockData=conID: 3 locID: 102651689895133809 bcsId: 0} | ret=SUCCESS |  
2019-08-20 22:34:43,030 | INFO  | DNAudit | user=null | ip=null | op=WRITE_CHUNK {blockData=conID: 3 locID: 102651689895133809 bcsId: 0} | ret=SUCCESS |  
2019-08-20 22:34:43,031 | INFO  | DNAudit | user=null | ip=null | op=WRITE_CHUNK {blockData=conID: 3 locID: 102651689895133809 bcsId: 0} | ret=SUCCESS |  
2019-08-20 22:34:43,031 | INFO  | DNAudit | user=null | ip=null | op=WRITE_CHUNK {blockData=conID: 3 locID: 102651689895133809 bcsId: 0} | ret=SUCCESS |  
2019-08-20 22:34:43,042 | INFO  | DNAudit | user=null | ip=null | op=WRITE_CHUNK {blockData=conID: 3 locID: 102651689895133809 bcsId: 0} | ret=SUCCESS |  
2019-08-20 22:34:43,043 | INFO  | DNAudit | user=null | ip=null | op=PUT_BLOCK {blockData=[blockId=conID: 3 locID: 102651689895133809 bcsId: 0,size=1048576]} | ret=SUCCESS |  
2019-08-20 22:34:43,043 [grpc-default-executor-3] INFO  client.GrpcClientProtocolClient (GrpcClientProtocolClient.java:onNext(255)) - client-391BA870FC40->947ec526-030f-41cc-8af7-a6f75e712ab0: receive RaftClientReply:client-391BA870FC40->947ec526-030f-41cc-8af7-a6f75e712ab0@group-5D45C35602B2, cid=2813, SUCCESS, logIndex=4217, commits[947ec526-030f-41cc-8af7-a6f75e712ab0:c4218, c447b9b6-dde2-4ce7-aa81-d0e2eddc8fe9:c4216, 28b540ac-241d-462a-a56c-509e92928066:c4216]
2019-08-20 22:34:43,043 | INFO  | DNAudit | user=null | ip=null | op=WRITE_CHUNK {blockData=conID: 3 locID: 102651689895133809 bcsId: 0} | ret=SUCCESS |  
2019-08-20 22:34:43,043 [grpc-default-executor-3] INFO  client.GrpcClientProtocolClient (GrpcClientProtocolClient.java:onNext(255)) - client-391BA870FC40->947ec526-030f-41cc-8af7-a6f75e712ab0: receive RaftClientReply:client-391BA870FC40->947ec526-030f-41cc-8af7-a6f75e712ab0@group-5D45C35602B2, cid=2814, SUCCESS, logIndex=4218, commits[947ec526-030f-41cc-8af7-a6f75e712ab0:c4220, c447b9b6-dde2-4ce7-aa81-d0e2eddc8fe9:c4216, 28b540ac-241d-462a-a56c-509e92928066:c4216]
2019-08-20 22:34:43,044 | INFO  | DNAudit | user=null | ip=null | op=PUT_BLOCK {blockData=[blockId=conID: 3 locID: 102651689895133809 bcsId: 0,size=2097152]} | ret=SUCCESS |  
2019-08-20 22:34:43,044 [grpc-default-executor-3] INFO  client.GrpcClientProtocolClient (GrpcClientProtocolClient.java:onNext(255)) - client-391BA870FC40->947ec526-030f-41cc-8af7-a6f75e712ab0: receive RaftClientReply:client-391BA870FC40->947ec526-030f-41cc-8af7-a6f75e712ab0@group-5D45C35602B2, cid=2815, SUCCESS, logIndex=4219, commits[947ec526-030f-41cc-8af7-a6f75e712ab0:c4220, c447b9b6-dde2-4ce7-aa81-d0e2eddc8fe9:c4216, 28b540ac-241d-462a-a56c-509e92928066:c4216]
2019-08-20 22:34:43,046 [grpc-default-executor-3] INFO  client.GrpcClientProtocolClient (GrpcClientProtocolClient.java:onNext(255)) - client-391BA870FC40->947ec526-030f-41cc-8af7-a6f75e712ab0: receive RaftClientReply:client-391BA870FC40->947ec526-030f-41cc-8af7-a6f75e712ab0@group-5D45C35602B2, cid=2816, SUCCESS, logIndex=4220, commits[947ec526-030f-41cc-8af7-a6f75e712ab0:c4220, c447b9b6-dde2-4ce7-aa81-d0e2eddc8fe9:c4216, 28b540ac-241d-462a-a56c-509e92928066:c4216]
2019-08-20 22:34:43,054 | INFO  | DNAudit | user=null | ip=null | op=WRITE_CHUNK {blockData=conID: 3 locID: 102651689895133809 bcsId: 0} | ret=SUCCESS |  
2019-08-20 22:34:43,054 | INFO  | DNAudit | user=null | ip=null | op=WRITE_CHUNK {blockData=conID: 3 locID: 102651689895133809 bcsId: 0} | ret=SUCCESS |  
2019-08-20 22:34:43,055 | INFO  | DNAudit | user=null | ip=null | op=PUT_BLOCK {blockData=[blockId=conID: 3 locID: 102651689895133809 bcsId: 0,size=1048576]} | ret=SUCCESS |  
2019-08-20 22:34:43,055 | INFO  | DNAudit | user=null | ip=null | op=PUT_BLOCK {blockData=[blockId=conID: 3 locID: 102651689895133809 bcsId: 0,size=1048576]} | ret=SUCCESS |  
2019-08-20 22:34:43,055 [grpc-default-executor-2] INFO  client.GrpcClientProtocolClient (GrpcClientProtocolClient.java:onNext(255)) - client-391BA870FC40->947ec526-030f-41cc-8af7-a6f75e712ab0: receive RaftClientReply:client-391BA870FC40->947ec526-030f-41cc-8af7-a6f75e712ab0@group-5D45C35602B2, cid=2817, SUCCESS, logIndex=0, commits[947ec526-030f-41cc-8af7-a6f75e712ab0:c4222, c447b9b6-dde2-4ce7-aa81-d0e2eddc8fe9:c4218, 28b540ac-241d-462a-a56c-509e92928066:c4218]
2019-08-20 22:34:43,057 | INFO  | DNAudit | user=null | ip=null | op=WRITE_CHUNK {blockData=conID: 3 locID: 102651689895133809 bcsId: 0} | ret=SUCCESS |  
2019-08-20 22:34:43,057 | INFO  | DNAudit | user=null | ip=null | op=PUT_BLOCK {blockData=[blockId=conID: 3 locID: 102651689895133809 bcsId: 0,size=2097152]} | ret=SUCCESS |  
2019-08-20 22:34:43,057 | INFO  | DNAudit | user=null | ip=null | op=WRITE_CHUNK {blockData=conID: 3 locID: 102651689895133809 bcsId: 0} | ret=SUCCESS |  
2019-08-20 22:34:43,057 | INFO  | DNAudit | user=null | ip=null | op=PUT_BLOCK {blockData=[blockId=conID: 3 locID: 102651689895133809 bcsId: 0,size=2097152]} | ret=SUCCESS |  
2019-08-20 22:34:43,060 | INFO  | DNAudit | user=null | ip=null | op=WRITE_CHUNK {blockData=conID: 3 locID: 102651689895133809 bcsId: 4220} | ret=SUCCESS |  
2019-08-20 22:34:43,062 | INFO  | DNAudit | user=null | ip=null | op=WRITE_CHUNK {blockData=conID: 3 locID: 102651689895133809 bcsId: 4220} | ret=SUCCESS |  
2019-08-20 22:34:43,062 | INFO  | DNAudit | user=null | ip=null | op=WRITE_CHUNK {blockData=conID: 3 locID: 102651689895133809 bcsId: 4220} | ret=SUCCESS |  
2019-08-20 22:34:43,073 | INFO  | DNAudit | user=null | ip=null | op=WRITE_CHUNK {blockData=conID: 3 locID: 102651689895133809 bcsId: 4220} | ret=SUCCESS |  
2019-08-20 22:34:43,073 | INFO  | DNAudit | user=null | ip=null | op=PUT_BLOCK {blockData=[blockId=conID: 3 locID: 102651689895133809 bcsId: 0,size=3145728]} | ret=SUCCESS |  
2019-08-20 22:34:43,073 [grpc-default-executor-2] INFO  client.GrpcClientProtocolClient (GrpcClientProtocolClient.java:onNext(255)) - client-391BA870FC40->947ec526-030f-41cc-8af7-a6f75e712ab0: receive RaftClientReply:client-391BA870FC40->947ec526-030f-41cc-8af7-a6f75e712ab0@group-5D45C35602B2, cid=2818, SUCCESS, logIndex=4224, commits[947ec526-030f-41cc-8af7-a6f75e712ab0:c4225, c447b9b6-dde2-4ce7-aa81-d0e2eddc8fe9:c4223, 28b540ac-241d-462a-a56c-509e92928066:c4223]
2019-08-20 22:34:43,073 [grpc-default-executor-2] INFO  client.GrpcClientProtocolClient (GrpcClientProtocolClient.java:onNext(255)) - client-391BA870FC40->947ec526-030f-41cc-8af7-a6f75e712ab0: receive RaftClientReply:client-391BA870FC40->947ec526-030f-41cc-8af7-a6f75e712ab0@group-5D45C35602B2, cid=2819, SUCCESS, logIndex=4225, commits[947ec526-030f-41cc-8af7-a6f75e712ab0:c4225, c447b9b6-dde2-4ce7-aa81-d0e2eddc8fe9:c4223, 28b540ac-241d-462a-a56c-509e92928066:c4223]
2019-08-20 22:34:43,078 | INFO  | DNAudit | user=null | ip=null | op=WRITE_CHUNK {blockData=conID: 3 locID: 102651689895133809 bcsId: 4225} | ret=SUCCESS |  
2019-08-20 22:34:43,080 | INFO  | DNAudit | user=null | ip=null | op=WRITE_CHUNK {blockData=conID: 3 locID: 102651689895133809 bcsId: 4225} | ret=SUCCESS |  
2019-08-20 22:34:43,080 | INFO  | DNAudit | user=null | ip=null | op=WRITE_CHUNK {blockData=conID: 3 locID: 102651689895133809 bcsId: 4225} | ret=SUCCESS |  
2019-08-20 22:34:43,084 | INFO  | DNAudit | user=null | ip=null | op=WRITE_CHUNK {blockData=conID: 3 locID: 102651689895133809 bcsId: 4220} | ret=SUCCESS |  
2019-08-20 22:34:43,084 | INFO  | DNAudit | user=null | ip=null | op=WRITE_CHUNK {blockData=conID: 3 locID: 102651689895133809 bcsId: 4220} | ret=SUCCESS |  
2019-08-20 22:34:43,085 | INFO  | DNAudit | user=null | ip=null | op=PUT_BLOCK {blockData=[blockId=conID: 3 locID: 102651689895133809 bcsId: 0,size=3145728]} | ret=SUCCESS |  
2019-08-20 22:34:43,085 | INFO  | DNAudit | user=null | ip=null | op=PUT_BLOCK {blockData=[blockId=conID: 3 locID: 102651689895133809 bcsId: 0,size=3145728]} | ret=SUCCESS |  
2019-08-20 22:34:43,087 | INFO  | DNAudit | user=null | ip=null | op=WRITE_CHUNK {blockData=conID: 3 locID: 102651689895133809 bcsId: 4225} | ret=SUCCESS |  
2019-08-20 22:34:43,088 | INFO  | DNAudit | user=null | ip=null | op=PUT_BLOCK {blockData=[blockId=conID: 3 locID: 102651689895133809 bcsId: 0,size=4194304]} | ret=SUCCESS |  
2019-08-20 22:34:43,088 [grpc-default-executor-2] INFO  client.GrpcClientProtocolClient (GrpcClientProtocolClient.java:onNext(255)) - client-391BA870FC40->947ec526-030f-41cc-8af7-a6f75e712ab0: receive RaftClientReply:client-391BA870FC40->947ec526-030f-41cc-8af7-a6f75e712ab0@group-5D45C35602B2, cid=2820, SUCCESS, logIndex=4228, commits[947ec526-030f-41cc-8af7-a6f75e712ab0:c4229, c447b9b6-dde2-4ce7-aa81-d0e2eddc8fe9:c4225, 28b540ac-241d-462a-a56c-509e92928066:c4225]
2019-08-20 22:34:43,088 [grpc-default-executor-2] INFO  client.GrpcClientProtocolClient (GrpcClientProtocolClient.java:onNext(255)) - client-391BA870FC40->947ec526-030f-41cc-8af7-a6f75e712ab0: receive RaftClientReply:client-391BA870FC40->947ec526-030f-41cc-8af7-a6f75e712ab0@group-5D45C35602B2, cid=2821, SUCCESS, logIndex=4229, commits[947ec526-030f-41cc-8af7-a6f75e712ab0:c4229, c447b9b6-dde2-4ce7-aa81-d0e2eddc8fe9:c4225, 28b540ac-241d-462a-a56c-509e92928066:c4225]
2019-08-20 22:34:43,093 | INFO  | SCMAudit | user=jenkins1000 | ip=192.168.5.142 | op=SEND_HEARTBEAT {datanodeUUID=d55cd342-4e6c-4701-86f3-cb557f3478dc, command=[]} | ret=SUCCESS |  
2019-08-20 22:34:43,099 | INFO  | DNAudit | user=null | ip=null | op=WRITE_CHUNK {blockData=conID: 3 locID: 102651689895133809 bcsId: 4225} | ret=SUCCESS |  
2019-08-20 22:34:43,099 | INFO  | DNAudit | user=null | ip=null | op=WRITE_CHUNK {blockData=conID: 3 locID: 102651689895133809 bcsId: 4225} | ret=SUCCESS |  
2019-08-20 22:34:43,102 | INFO  | DNAudit | user=null | ip=null | op=PUT_BLOCK {blockData=[blockId=conID: 3 locID: 102651689895133809 bcsId: 0,size=4194304]} | ret=SUCCESS |  
2019-08-20 22:34:43,102 | INFO  | DNAudit | user=null | ip=null | op=PUT_BLOCK {blockData=[blockId=conID: 3 locID: 102651689895133809 bcsId: 0,size=4194304]} | ret=SUCCESS |  
2019-08-20 22:34:43,102 [grpc-default-executor-2] INFO  client.GrpcClientProtocolClient (GrpcClientProtocolClient.java:onNext(255)) - client-391BA870FC40->947ec526-030f-41cc-8af7-a6f75e712ab0: receive RaftClientReply:client-391BA870FC40->947ec526-030f-41cc-8af7-a6f75e712ab0@group-5D45C35602B2, cid=2822, SUCCESS, logIndex=0, commits[947ec526-030f-41cc-8af7-a6f75e712ab0:c4231, c447b9b6-dde2-4ce7-aa81-d0e2eddc8fe9:c4229, 28b540ac-241d-462a-a56c-509e92928066:c4229]
2019-08-20 22:34:43,108 | INFO  | SCMAudit | user=jenkins1000 | ip=192.168.5.142 | op=ALLOCATE_BLOCK {owner=6f694d07-2a2f-44d9-8e1c-aaa094a2f647, size=4194304, type=RATIS, factor=THREE} | ret=SUCCESS |  
2019-08-20 22:34:43,111 | INFO  | OMAudit | user=jenkins1000 | ip=127.0.0.1 | op=ALLOCATE_BLOCK {volume=vol-0-80747, bucket=bucket-0-27686, key=key-0-47435, dataSize=0, replicationType=null, replicationFactor=null, keyLocationInfo=null, clientID=102651687805452690} | ret=SUCCESS |  
2019-08-20 22:34:43,116 | INFO  | DNAudit | user=null | ip=null | op=WRITE_CHUNK {blockData=conID: 1 locID: 102651689900966514 bcsId: 0} | ret=SUCCESS |  
2019-08-20 22:34:43,118 | INFO  | DNAudit | user=null | ip=null | op=WRITE_CHUNK {blockData=conID: 1 locID: 102651689900966514 bcsId: 0} | ret=SUCCESS |  
2019-08-20 22:34:43,119 | INFO  | DNAudit | user=null | ip=null | op=WRITE_CHUNK {blockData=conID: 1 locID: 102651689900966514 bcsId: 0} | ret=SUCCESS |  
2019-08-20 22:34:43,119 | INFO  | DNAudit | user=null | ip=null | op=WRITE_CHUNK {blockData=conID: 1 locID: 102651689900966514 bcsId: 0} | ret=SUCCESS |  
2019-08-20 22:34:43,120 | INFO  | DNAudit | user=null | ip=null | op=WRITE_CHUNK {blockData=conID: 1 locID: 102651689900966514 bcsId: 0} | ret=SUCCESS |  
2019-08-20 22:34:43,120 | INFO  | DNAudit | user=null | ip=null | op=WRITE_CHUNK {blockData=conID: 1 locID: 102651689900966514 bcsId: 0} | ret=SUCCESS |  
2019-08-20 22:34:43,128 | INFO  | DNAudit | user=null | ip=null | op=WRITE_CHUNK {blockData=conID: 1 locID: 102651689900966514 bcsId: 0} | ret=SUCCESS |  
2019-08-20 22:34:43,129 | INFO  | DNAudit | user=null | ip=null | op=PUT_BLOCK {blockData=[blockId=conID: 1 locID: 102651689900966514 bcsId: 0,size=1048576]} | ret=SUCCESS |  
2019-08-20 22:34:43,129 [grpc-default-executor-1] INFO  client.GrpcClientProtocolClient (GrpcClientProtocolClient.java:onNext(255)) - client-391BA870FC40->947ec526-030f-41cc-8af7-a6f75e712ab0: receive RaftClientReply:client-391BA870FC40->947ec526-030f-41cc-8af7-a6f75e712ab0@group-5D45C35602B2, cid=2823, SUCCESS, logIndex=4232, commits[947ec526-030f-41cc-8af7-a6f75e712ab0:c4234, c447b9b6-dde2-4ce7-aa81-d0e2eddc8fe9:c4231, 28b540ac-241d-462a-a56c-509e92928066:c4231]
2019-08-20 22:34:43,129 | INFO  | DNAudit | user=null | ip=null | op=WRITE_CHUNK {blockData=conID: 1 locID: 102651689900966514 bcsId: 0} | ret=SUCCESS |  
2019-08-20 22:34:43,129 | INFO  | DNAudit | user=null | ip=null | op=PUT_BLOCK {blockData=[blockId=conID: 1 locID: 102651689900966514 bcsId: 0,size=2097152]} | ret=SUCCESS |  
2019-08-20 22:34:43,129 [grpc-default-executor-1] INFO  client.GrpcClientProtocolClient (GrpcClientProtocolClient.java:onNext(255)) - client-391BA870FC40->947ec526-030f-41cc-8af7-a6f75e712ab0: receive RaftClientReply:client-391BA870FC40->947ec526-030f-41cc-8af7-a6f75e712ab0@group-5D45C35602B2, cid=2824, SUCCESS, logIndex=4233, commits[947ec526-030f-41cc-8af7-a6f75e712ab0:c4235, c447b9b6-dde2-4ce7-aa81-d0e2eddc8fe9:c4231, 28b540ac-241d-462a-a56c-509e92928066:c4231]
2019-08-20 22:34:43,129 [grpc-default-executor-1] INFO  client.GrpcClientProtocolClient (GrpcClientProtocolClient.java:onNext(255)) - client-391BA870FC40->947ec526-030f-41cc-8af7-a6f75e712ab0: receive RaftClientReply:client-391BA870FC40->947ec526-030f-41cc-8af7-a6f75e712ab0@group-5D45C35602B2, cid=2825, SUCCESS, logIndex=4234, commits[947ec526-030f-41cc-8af7-a6f75e712ab0:c4235, c447b9b6-dde2-4ce7-aa81-d0e2eddc8fe9:c4231, 28b540ac-241d-462a-a56c-509e92928066:c4231]
2019-08-20 22:34:43,130 [grpc-default-executor-1] INFO  client.GrpcClientProtocolClient (GrpcClientProtocolClient.java:onNext(255)) - client-391BA870FC40->947ec526-030f-41cc-8af7-a6f75e712ab0: receive RaftClientReply:client-391BA870FC40->947ec526-030f-41cc-8af7-a6f75e712ab0@group-5D45C35602B2, cid=2826, SUCCESS, logIndex=4235, commits[947ec526-030f-41cc-8af7-a6f75e712ab0:c4235, c447b9b6-dde2-4ce7-aa81-d0e2eddc8fe9:c4231, 28b540ac-241d-462a-a56c-509e92928066:c4231]
2019-08-20 22:34:43,131 | INFO  | DNAudit | user=null | ip=null | op=WRITE_CHUNK {blockData=conID: 1 locID: 102651689900966514 bcsId: 0} | ret=SUCCESS |  
2019-08-20 22:34:43,131 | INFO  | DNAudit | user=null | ip=null | op=WRITE_CHUNK {blockData=conID: 1 locID: 102651689900966514 bcsId: 0} | ret=SUCCESS |  
2019-08-20 22:34:43,132 | INFO  | DNAudit | user=null | ip=null | op=PUT_BLOCK {blockData=[blockId=conID: 1 locID: 102651689900966514 bcsId: 0,size=1048576]} | ret=SUCCESS |  
2019-08-20 22:34:43,132 | INFO  | DNAudit | user=null | ip=null | op=WRITE_CHUNK {blockData=conID: 1 locID: 102651689900966514 bcsId: 0} | ret=SUCCESS |  
2019-08-20 22:34:43,142 | INFO  | DNAudit | user=null | ip=null | op=PUT_BLOCK {blockData=[blockId=conID: 1 locID: 102651689900966514 bcsId: 0,size=1048576]} | ret=SUCCESS |  
2019-08-20 22:34:43,143 | INFO  | DNAudit | user=null | ip=null | op=PUT_BLOCK {blockData=[blockId=conID: 1 locID: 102651689900966514 bcsId: 0,size=2097152]} | ret=SUCCESS |  
2019-08-20 22:34:43,143 | INFO  | DNAudit | user=null | ip=null | op=WRITE_CHUNK {blockData=conID: 1 locID: 102651689900966514 bcsId: 0} | ret=SUCCESS |  
2019-08-20 22:34:43,143 | INFO  | DNAudit | user=null | ip=null | op=PUT_BLOCK {blockData=[blockId=conID: 1 locID: 102651689900966514 bcsId: 0,size=2097152]} | ret=SUCCESS |  
2019-08-20 22:34:43,143 [grpc-default-executor-1] INFO  client.GrpcClientProtocolClient (GrpcClientProtocolClient.java:onNext(255)) - client-391BA870FC40->947ec526-030f-41cc-8af7-a6f75e712ab0: receive RaftClientReply:client-391BA870FC40->947ec526-030f-41cc-8af7-a6f75e712ab0@group-5D45C35602B2, cid=2827, SUCCESS, logIndex=0, commits[947ec526-030f-41cc-8af7-a6f75e712ab0:c4238, c447b9b6-dde2-4ce7-aa81-d0e2eddc8fe9:c4233, 28b540ac-241d-462a-a56c-509e92928066:c4234]
2019-08-20 22:34:43,148 | INFO  | DNAudit | user=null | ip=null | op=WRITE_CHUNK {blockData=conID: 1 locID: 102651689900966514 bcsId: 4235} | ret=SUCCESS |  
2019-08-20 22:34:43,150 | INFO  | DNAudit | user=null | ip=null | op=WRITE_CHUNK {blockData=conID: 1 locID: 102651689900966514 bcsId: 4235} | ret=SUCCESS |  
2019-08-20 22:34:43,150 | INFO  | DNAudit | user=null | ip=null | op=WRITE_CHUNK {blockData=conID: 1 locID: 102651689900966514 bcsId: 4235} | ret=SUCCESS |  
2019-08-20 22:34:43,160 | INFO  | DNAudit | user=null | ip=null | op=WRITE_CHUNK {blockData=conID: 1 locID: 102651689900966514 bcsId: 4235} | ret=SUCCESS |  
2019-08-20 22:34:43,161 | INFO  | DNAudit | user=null | ip=null | op=PUT_BLOCK {blockData=[blockId=conID: 1 locID: 102651689900966514 bcsId: 0,size=3145728]} | ret=SUCCESS |  
2019-08-20 22:34:43,161 [grpc-default-executor-3] INFO  client.GrpcClientProtocolClient (GrpcClientProtocolClient.java:onNext(255)) - client-391BA870FC40->947ec526-030f-41cc-8af7-a6f75e712ab0: receive RaftClientReply:client-391BA870FC40->947ec526-030f-41cc-8af7-a6f75e712ab0@group-5D45C35602B2, cid=2828, SUCCESS, logIndex=4240, commits[947ec526-030f-41cc-8af7-a6f75e712ab0:c4241, c447b9b6-dde2-4ce7-aa81-d0e2eddc8fe9:c4239, 28b540ac-241d-462a-a56c-509e92928066:c4235]
2019-08-20 22:34:43,161 [grpc-default-executor-3] INFO  client.GrpcClientProtocolClient (GrpcClientProtocolClient.java:onNext(255)) - client-391BA870FC40->947ec526-030f-41cc-8af7-a6f75e712ab0: receive RaftClientReply:client-391BA870FC40->947ec526-030f-41cc-8af7-a6f75e712ab0@group-5D45C35602B2, cid=2829, SUCCESS, logIndex=4241, commits[947ec526-030f-41cc-8af7-a6f75e712ab0:c4241, c447b9b6-dde2-4ce7-aa81-d0e2eddc8fe9:c4239, 28b540ac-241d-462a-a56c-509e92928066:c4239]
2019-08-20 22:34:43,166 | INFO  | DNAudit | user=null | ip=null | op=WRITE_CHUNK {blockData=conID: 1 locID: 102651689900966514 bcsId: 4241} | ret=SUCCESS |  
2019-08-20 22:34:43,168 | INFO  | DNAudit | user=null | ip=null | op=WRITE_CHUNK {blockData=conID: 1 locID: 102651689900966514 bcsId: 4241} | ret=SUCCESS |  
2019-08-20 22:34:43,168 | INFO  | DNAudit | user=null | ip=null | op=WRITE_CHUNK {blockData=conID: 1 locID: 102651689900966514 bcsId: 4241} | ret=SUCCESS |  
2019-08-20 22:34:43,172 | INFO  | DNAudit | user=null | ip=null | op=WRITE_CHUNK {blockData=conID: 1 locID: 102651689900966514 bcsId: 4235} | ret=SUCCESS |  
2019-08-20 22:34:43,172 | INFO  | DNAudit | user=null | ip=null | op=WRITE_CHUNK {blockData=conID: 1 locID: 102651689900966514 bcsId: 4235} | ret=SUCCESS |  
2019-08-20 22:34:43,182 | INFO  | DNAudit | user=null | ip=null | op=PUT_BLOCK {blockData=[blockId=conID: 1 locID: 102651689900966514 bcsId: 0,size=3145728]} | ret=SUCCESS |  
2019-08-20 22:34:43,182 | INFO  | DNAudit | user=null | ip=null | op=PUT_BLOCK {blockData=[blockId=conID: 1 locID: 102651689900966514 bcsId: 0,size=3145728]} | ret=SUCCESS |  
2019-08-20 22:34:43,182 | INFO  | DNAudit | user=null | ip=null | op=WRITE_CHUNK {blockData=conID: 1 locID: 102651689900966514 bcsId: 4241} | ret=SUCCESS |  
2019-08-20 22:34:43,183 | INFO  | DNAudit | user=null | ip=null | op=PUT_BLOCK {blockData=[blockId=conID: 1 locID: 102651689900966514 bcsId: 0,size=4194304]} | ret=SUCCESS |  
2019-08-20 22:34:43,183 [grpc-default-executor-2] INFO  client.GrpcClientProtocolClient (GrpcClientProtocolClient.java:onNext(255)) - client-391BA870FC40->947ec526-030f-41cc-8af7-a6f75e712ab0: receive RaftClientReply:client-391BA870FC40->947ec526-030f-41cc-8af7-a6f75e712ab0@group-5D45C35602B2, cid=2830, SUCCESS, logIndex=4244, commits[947ec526-030f-41cc-8af7-a6f75e712ab0:c4245, c447b9b6-dde2-4ce7-aa81-d0e2eddc8fe9:c4241, 28b540ac-241d-462a-a56c-509e92928066:c4241]
2019-08-20 22:34:43,183 [grpc-default-executor-2] INFO  client.GrpcClientProtocolClient (GrpcClientProtocolClient.java:onNext(255)) - client-391BA870FC40->947ec526-030f-41cc-8af7-a6f75e712ab0: receive RaftClientReply:client-391BA870FC40->947ec526-030f-41cc-8af7-a6f75e712ab0@group-5D45C35602B2, cid=2831, SUCCESS, logIndex=4245, commits[947ec526-030f-41cc-8af7-a6f75e712ab0:c4245, c447b9b6-dde2-4ce7-aa81-d0e2eddc8fe9:c4241, 28b540ac-241d-462a-a56c-509e92928066:c4241]
2019-08-20 22:34:43,192 | INFO  | DNAudit | user=null | ip=null | op=WRITE_CHUNK {blockData=conID: 1 locID: 102651689900966514 bcsId: 4241} | ret=SUCCESS |  
2019-08-20 22:34:43,192 | INFO  | DNAudit | user=null | ip=null | op=WRITE_CHUNK {blockData=conID: 1 locID: 102651689900966514 bcsId: 4241} | ret=SUCCESS |  
2019-08-20 22:34:43,192 | INFO  | DNAudit | user=null | ip=null | op=PUT_BLOCK {blockData=[blockId=conID: 1 locID: 102651689900966514 bcsId: 0,size=4194304]} | ret=SUCCESS |  
2019-08-20 22:34:43,192 | INFO  | DNAudit | user=null | ip=null | op=PUT_BLOCK {blockData=[blockId=conID: 1 locID: 102651689900966514 bcsId: 0,size=4194304]} | ret=SUCCESS |  
2019-08-20 22:34:43,193 [grpc-default-executor-2] INFO  client.GrpcClientProtocolClient (GrpcClientProtocolClient.java:onNext(255)) - client-391BA870FC40->947ec526-030f-41cc-8af7-a6f75e712ab0: receive RaftClientReply:client-391BA870FC40->947ec526-030f-41cc-8af7-a6f75e712ab0@group-5D45C35602B2, cid=2832, SUCCESS, logIndex=0, commits[947ec526-030f-41cc-8af7-a6f75e712ab0:c4246, c447b9b6-dde2-4ce7-aa81-d0e2eddc8fe9:c4245, 28b540ac-241d-462a-a56c-509e92928066:c4245]
2019-08-20 22:34:43,197 | INFO  | SCMAudit | user=jenkins1000 | ip=192.168.5.142 | op=ALLOCATE_BLOCK {owner=6f694d07-2a2f-44d9-8e1c-aaa094a2f647, size=4194304, type=RATIS, factor=THREE} | ret=SUCCESS |  
2019-08-20 22:34:43,200 | INFO  | OMAudit | user=jenkins1000 | ip=127.0.0.1 | op=ALLOCATE_BLOCK {volume=vol-0-80747, bucket=bucket-0-27686, key=key-0-47435, dataSize=0, replicationType=null, replicationFactor=null, keyLocationInfo=null, clientID=102651687805452690} | ret=SUCCESS |  
2019-08-20 22:34:43,205 | INFO  | DNAudit | user=null | ip=null | op=WRITE_CHUNK {blockData=conID: 2 locID: 102651689906799219 bcsId: 0} | ret=SUCCESS |  
2019-08-20 22:34:43,207 | INFO  | DNAudit | user=null | ip=null | op=WRITE_CHUNK {blockData=conID: 2 locID: 102651689906799219 bcsId: 0} | ret=SUCCESS |  
2019-08-20 22:34:43,209 | INFO  | DNAudit | user=null | ip=null | op=WRITE_CHUNK {blockData=conID: 2 locID: 102651689906799219 bcsId: 0} | ret=SUCCESS |  
2019-08-20 22:34:43,209 | INFO  | DNAudit | user=null | ip=null | op=WRITE_CHUNK {blockData=conID: 2 locID: 102651689906799219 bcsId: 0} | ret=SUCCESS |  
2019-08-20 22:34:43,209 | INFO  | DNAudit | user=null | ip=null | op=WRITE_CHUNK {blockData=conID: 2 locID: 102651689906799219 bcsId: 0} | ret=SUCCESS |  
2019-08-20 22:34:43,210 | INFO  | DNAudit | user=null | ip=null | op=WRITE_CHUNK {blockData=conID: 2 locID: 102651689906799219 bcsId: 0} | ret=SUCCESS |  
2019-08-20 22:34:43,219 | INFO  | DNAudit | user=null | ip=null | op=WRITE_CHUNK {blockData=conID: 2 locID: 102651689906799219 bcsId: 0} | ret=SUCCESS |  
2019-08-20 22:34:43,220 | INFO  | DNAudit | user=null | ip=null | op=PUT_BLOCK {blockData=[blockId=conID: 2 locID: 102651689906799219 bcsId: 0,size=1048576]} | ret=SUCCESS |  
2019-08-20 22:34:43,220 [grpc-default-executor-2] INFO  client.GrpcClientProtocolClient (GrpcClientProtocolClient.java:onNext(255)) - client-391BA870FC40->947ec526-030f-41cc-8af7-a6f75e712ab0: receive RaftClientReply:client-391BA870FC40->947ec526-030f-41cc-8af7-a6f75e712ab0@group-5D45C35602B2, cid=2833, SUCCESS, logIndex=4248, commits[947ec526-030f-41cc-8af7-a6f75e712ab0:c4250, c447b9b6-dde2-4ce7-aa81-d0e2eddc8fe9:c4247, 28b540ac-241d-462a-a56c-509e92928066:c4247]
2019-08-20 22:34:43,220 | INFO  | DNAudit | user=null | ip=null | op=WRITE_CHUNK {blockData=conID: 2 locID: 102651689906799219 bcsId: 0} | ret=SUCCESS |  
2019-08-20 22:34:43,220 | INFO  | DNAudit | user=null | ip=null | op=PUT_BLOCK {blockData=[blockId=conID: 2 locID: 102651689906799219 bcsId: 0,size=2097152]} | ret=SUCCESS |  
2019-08-20 22:34:43,220 [grpc-default-executor-2] INFO  client.GrpcClientProtocolClient (GrpcClientProtocolClient.java:onNext(255)) - client-391BA870FC40->947ec526-030f-41cc-8af7-a6f75e712ab0: receive RaftClientReply:client-391BA870FC40->947ec526-030f-41cc-8af7-a6f75e712ab0@group-5D45C35602B2, cid=2834, SUCCESS, logIndex=4249, commits[947ec526-030f-41cc-8af7-a6f75e712ab0:c4251, c447b9b6-dde2-4ce7-aa81-d0e2eddc8fe9:c4247, 28b540ac-241d-462a-a56c-509e92928066:c4247]
2019-08-20 22:34:43,220 [grpc-default-executor-2] INFO  client.GrpcClientProtocolClient (GrpcClientProtocolClient.java:onNext(255)) - client-391BA870FC40->947ec526-030f-41cc-8af7-a6f75e712ab0: receive RaftClientReply:client-391BA870FC40->947ec526-030f-41cc-8af7-a6f75e712ab0@group-5D45C35602B2, cid=2835, SUCCESS, logIndex=4250, commits[947ec526-030f-41cc-8af7-a6f75e712ab0:c4251, c447b9b6-dde2-4ce7-aa81-d0e2eddc8fe9:c4247, 28b540ac-241d-462a-a56c-509e92928066:c4247]
2019-08-20 22:34:43,221 | INFO  | DNAudit | user=null | ip=null | op=WRITE_CHUNK {blockData=conID: 2 locID: 102651689906799219 bcsId: 0} | ret=SUCCESS |  
2019-08-20 22:34:43,221 | INFO  | DNAudit | user=null | ip=null | op=WRITE_CHUNK {blockData=conID: 2 locID: 102651689906799219 bcsId: 0} | ret=SUCCESS |  
2019-08-20 22:34:43,221 [grpc-default-executor-2] INFO  client.GrpcClientProtocolClient (GrpcClientProtocolClient.java:onNext(255)) - client-391BA870FC40->947ec526-030f-41cc-8af7-a6f75e712ab0: receive RaftClientReply:client-391BA870FC40->947ec526-030f-41cc-8af7-a6f75e712ab0@group-5D45C35602B2, cid=2836, SUCCESS, logIndex=4251, commits[947ec526-030f-41cc-8af7-a6f75e712ab0:c4251, c447b9b6-dde2-4ce7-aa81-d0e2eddc8fe9:c4247, 28b540ac-241d-462a-a56c-509e92928066:c4247]
2019-08-20 22:34:43,222 | INFO  | DNAudit | user=null | ip=null | op=PUT_BLOCK {blockData=[blockId=conID: 2 locID: 102651689906799219 bcsId: 0,size=1048576]} | ret=SUCCESS |  
2019-08-20 22:34:43,222 | INFO  | DNAudit | user=null | ip=null | op=WRITE_CHUNK {blockData=conID: 2 locID: 102651689906799219 bcsId: 0} | ret=SUCCESS |  
2019-08-20 22:34:43,222 | INFO  | DNAudit | user=null | ip=null | op=PUT_BLOCK {blockData=[blockId=conID: 2 locID: 102651689906799219 bcsId: 0,size=2097152]} | ret=SUCCESS |  
2019-08-20 22:34:43,223 | INFO  | SCMAudit | user=jenkins1000 | ip=192.168.5.142 | op=SEND_HEARTBEAT {datanodeUUID=c447b9b6-dde2-4ce7-aa81-d0e2eddc8fe9, command=[]} | ret=SUCCESS |  
2019-08-20 22:34:43,223 | INFO  | SCMAudit | user=jenkins1000 | ip=192.168.5.142 | op=SEND_HEARTBEAT {datanodeUUID=947ec526-030f-41cc-8af7-a6f75e712ab0, command=[]} | ret=SUCCESS |  
2019-08-20 22:34:43,223 | INFO  | SCMAudit | user=jenkins1000 | ip=192.168.5.142 | op=SEND_HEARTBEAT {datanodeUUID=eafd9314-3f13-422a-a2ac-adfcde2d7481, command=[]} | ret=SUCCESS |  
2019-08-20 22:34:43,223 | INFO  | DNAudit | user=null | ip=null | op=PUT_BLOCK {blockData=[blockId=conID: 2 locID: 102651689906799219 bcsId: 0,size=1048576]} | ret=SUCCESS |  
2019-08-20 22:34:43,223 | INFO  | SCMAudit | user=jenkins1000 | ip=192.168.5.142 | op=SEND_HEARTBEAT {datanodeUUID=28b540ac-241d-462a-a56c-509e92928066, command=[]} | ret=SUCCESS |  
 0.00% |█                                                                                                    |  0/1 Time: 0:00:322019-08-20 22:34:43,223 | INFO  | DNAudit | user=null | ip=null | op=WRITE_CHUNK {blockData=conID: 2 locID: 102651689906799219 bcsId: 0} | ret=SUCCESS |  
2019-08-20 22:34:43,223 | INFO  | DNAudit | user=null | ip=null | op=PUT_BLOCK {blockData=[blockId=conID: 2 locID: 102651689906799219 bcsId: 0,size=2097152]} | ret=SUCCESS |  
2019-08-20 22:34:43,223 [grpc-default-executor-2] INFO  client.GrpcClientProtocolClient (GrpcClientProtocolClient.java:onNext(255)) - client-391BA870FC40->947ec526-030f-41cc-8af7-a6f75e712ab0: receive RaftClientReply:client-391BA870FC40->947ec526-030f-41cc-8af7-a6f75e712ab0@group-5D45C35602B2, cid=2837, SUCCESS, logIndex=0, commits[947ec526-030f-41cc-8af7-a6f75e712ab0:c4254, c447b9b6-dde2-4ce7-aa81-d0e2eddc8fe9:c4251, 28b540ac-241d-462a-a56c-509e92928066:c4250]
2019-08-20 22:34:43,228 | INFO  | DNAudit | user=null | ip=null | op=WRITE_CHUNK {blockData=conID: 2 locID: 102651689906799219 bcsId: 4251} | ret=SUCCESS |  
2019-08-20 22:34:43,230 | INFO  | DNAudit | user=null | ip=null | op=WRITE_CHUNK {blockData=conID: 2 locID: 102651689906799219 bcsId: 4251} | ret=SUCCESS |  
2019-08-20 22:34:43,230 | INFO  | DNAudit | user=null | ip=null | op=WRITE_CHUNK {blockData=conID: 2 locID: 102651689906799219 bcsId: 4251} | ret=SUCCESS |  
2019-08-20 22:34:43,247 | INFO  | DNAudit | user=null | ip=null | op=WRITE_CHUNK {blockData=conID: 2 locID: 102651689906799219 bcsId: 4251} | ret=SUCCESS |  
2019-08-20 22:34:43,247 | INFO  | DNAudit | user=null | ip=null | op=PUT_BLOCK {blockData=[blockId=conID: 2 locID: 102651689906799219 bcsId: 0,size=3145728]} | ret=SUCCESS |  
2019-08-20 22:34:43,247 [grpc-default-executor-5] INFO  client.GrpcClientProtocolClient (GrpcClientProtocolClient.java:onNext(255)) - client-391BA870FC40->947ec526-030f-41cc-8af7-a6f75e712ab0: receive RaftClientReply:client-391BA870FC40->947ec526-030f-41cc-8af7-a6f75e712ab0@group-5D45C35602B2, cid=2838, SUCCESS, logIndex=4255, commits[947ec526-030f-41cc-8af7-a6f75e712ab0:c4256, c447b9b6-dde2-4ce7-aa81-d0e2eddc8fe9:c4254, 28b540ac-241d-462a-a56c-509e92928066:c4254]
2019-08-20 22:34:43,247 [grpc-default-executor-5] INFO  client.GrpcClientProtocolClient (GrpcClientProtocolClient.java:onNext(255)) - client-391BA870FC40->947ec526-030f-41cc-8af7-a6f75e712ab0: receive RaftClientReply:client-391BA870FC40->947ec526-030f-41cc-8af7-a6f75e712ab0@group-5D45C35602B2, cid=2839, SUCCESS, logIndex=4256, commits[947ec526-030f-41cc-8af7-a6f75e712ab0:c4256, c447b9b6-dde2-4ce7-aa81-d0e2eddc8fe9:c4254, 28b540ac-241d-462a-a56c-509e92928066:c4254]
2019-08-20 22:34:43,254 | INFO  | DNAudit | user=null | ip=null | op=WRITE_CHUNK {blockData=conID: 2 locID: 102651689906799219 bcsId: 4256} | ret=SUCCESS |  
2019-08-20 22:34:43,255 | INFO  | DNAudit | user=null | ip=null | op=WRITE_CHUNK {blockData=conID: 2 locID: 102651689906799219 bcsId: 4256} | ret=SUCCESS |  
2019-08-20 22:34:43,255 | INFO  | DNAudit | user=null | ip=null | op=WRITE_CHUNK {blockData=conID: 2 locID: 102651689906799219 bcsId: 4256} | ret=SUCCESS |  
2019-08-20 22:34:43,258 | INFO  | DNAudit | user=null | ip=null | op=WRITE_CHUNK {blockData=conID: 2 locID: 102651689906799219 bcsId: 4251} | ret=SUCCESS |  
2019-08-20 22:34:43,258 | INFO  | DNAudit | user=null | ip=null | op=WRITE_CHUNK {blockData=conID: 2 locID: 102651689906799219 bcsId: 4251} | ret=SUCCESS |  
2019-08-20 22:34:43,258 | INFO  | DNAudit | user=null | ip=null | op=PUT_BLOCK {blockData=[blockId=conID: 2 locID: 102651689906799219 bcsId: 0,size=3145728]} | ret=SUCCESS |  
2019-08-20 22:34:43,258 | INFO  | DNAudit | user=null | ip=null | op=PUT_BLOCK {blockData=[blockId=conID: 2 locID: 102651689906799219 bcsId: 0,size=3145728]} | ret=SUCCESS |  
2019-08-20 22:34:43,261 | INFO  | DNAudit | user=null | ip=null | op=WRITE_CHUNK {blockData=conID: 2 locID: 102651689906799219 bcsId: 4256} | ret=SUCCESS |  
2019-08-20 22:34:43,261 | INFO  | DNAudit | user=null | ip=null | op=PUT_BLOCK {blockData=[blockId=conID: 2 locID: 102651689906799219 bcsId: 0,size=4194304]} | ret=SUCCESS |  
2019-08-20 22:34:43,261 [grpc-default-executor-5] INFO  client.GrpcClientProtocolClient (GrpcClientProtocolClient.java:onNext(255)) - client-391BA870FC40->947ec526-030f-41cc-8af7-a6f75e712ab0: receive RaftClientReply:client-391BA870FC40->947ec526-030f-41cc-8af7-a6f75e712ab0@group-5D45C35602B2, cid=2840, SUCCESS, logIndex=4258, commits[947ec526-030f-41cc-8af7-a6f75e712ab0:c4259, c447b9b6-dde2-4ce7-aa81-d0e2eddc8fe9:c4256, 28b540ac-241d-462a-a56c-509e92928066:c4256]
2019-08-20 22:34:43,262 [grpc-default-executor-5] INFO  client.GrpcClientProtocolClient (GrpcClientProtocolClient.java:onNext(255)) - client-391BA870FC40->947ec526-030f-41cc-8af7-a6f75e712ab0: receive RaftClientReply:client-391BA870FC40->947ec526-030f-41cc-8af7-a6f75e712ab0@group-5D45C35602B2, cid=2841, SUCCESS, logIndex=4259, commits[947ec526-030f-41cc-8af7-a6f75e712ab0:c4259, c447b9b6-dde2-4ce7-aa81-d0e2eddc8fe9:c4256, 28b540ac-241d-462a-a56c-509e92928066:c4256]
2019-08-20 22:34:43,273 | INFO  | DNAudit | user=null | ip=null | op=WRITE_CHUNK {blockData=conID: 2 locID: 102651689906799219 bcsId: 4256} | ret=SUCCESS |  
2019-08-20 22:34:43,273 | INFO  | DNAudit | user=null | ip=null | op=WRITE_CHUNK {blockData=conID: 2 locID: 102651689906799219 bcsId: 4256} | ret=SUCCESS |  
2019-08-20 22:34:43,273 | INFO  | DNAudit | user=null | ip=null | op=PUT_BLOCK {blockData=[blockId=conID: 2 locID: 102651689906799219 bcsId: 0,size=4194304]} | ret=SUCCESS |  
2019-08-20 22:34:43,273 | INFO  | DNAudit | user=null | ip=null | op=PUT_BLOCK {blockData=[blockId=conID: 2 locID: 102651689906799219 bcsId: 0,size=4194304]} | ret=SUCCESS |  
2019-08-20 22:34:43,273 [grpc-default-executor-5] INFO  client.GrpcClientProtocolClient (GrpcClientProtocolClient.java:onNext(255)) - client-391BA870FC40->947ec526-030f-41cc-8af7-a6f75e712ab0: receive RaftClientReply:client-391BA870FC40->947ec526-030f-41cc-8af7-a6f75e712ab0@group-5D45C35602B2, cid=2842, SUCCESS, logIndex=0, commits[947ec526-030f-41cc-8af7-a6f75e712ab0:c4260, c447b9b6-dde2-4ce7-aa81-d0e2eddc8fe9:c4259, 28b540ac-241d-462a-a56c-509e92928066:c4259]
2019-08-20 22:34:43,278 | INFO  | SCMAudit | user=jenkins1000 | ip=192.168.5.142 | op=ALLOCATE_BLOCK {owner=6f694d07-2a2f-44d9-8e1c-aaa094a2f647, size=4194304, type=RATIS, factor=THREE} | ret=SUCCESS |  
2019-08-20 22:34:43,281 | INFO  | OMAudit | user=jenkins1000 | ip=127.0.0.1 | op=ALLOCATE_BLOCK {volume=vol-0-80747, bucket=bucket-0-27686, key=key-0-47435, dataSize=0, replicationType=null, replicationFactor=null, keyLocationInfo=null, clientID=102651687805452690} | ret=SUCCESS |  
2019-08-20 22:34:43,286 | INFO  | DNAudit | user=null | ip=null | op=WRITE_CHUNK {blockData=conID: 3 locID: 102651689912107636 bcsId: 0} | ret=SUCCESS |  
2019-08-20 22:34:43,288 | INFO  | DNAudit | user=null | ip=null | op=WRITE_CHUNK {blockData=conID: 3 locID: 102651689912107636 bcsId: 0} | ret=SUCCESS |  
2019-08-20 22:34:43,289 | INFO  | DNAudit | user=null | ip=null | op=WRITE_CHUNK {blockData=conID: 3 locID: 102651689912107636 bcsId: 0} | ret=SUCCESS |  
2019-08-20 22:34:43,290 | INFO  | DNAudit | user=null | ip=null | op=WRITE_CHUNK {blockData=conID: 3 locID: 102651689912107636 bcsId: 0} | ret=SUCCESS |  
2019-08-20 22:34:43,291 | INFO  | DNAudit | user=null | ip=null | op=WRITE_CHUNK {blockData=conID: 3 locID: 102651689912107636 bcsId: 0} | ret=SUCCESS |  
2019-08-20 22:34:43,291 | INFO  | DNAudit | user=null | ip=null | op=WRITE_CHUNK {blockData=conID: 3 locID: 102651689912107636 bcsId: 0} | ret=SUCCESS |  
2019-08-20 22:34:43,299 | INFO  | DNAudit | user=null | ip=null | op=WRITE_CHUNK {blockData=conID: 3 locID: 102651689912107636 bcsId: 0} | ret=SUCCESS |  
2019-08-20 22:34:43,299 | INFO  | DNAudit | user=null | ip=null | op=PUT_BLOCK {blockData=[blockId=conID: 3 locID: 102651689912107636 bcsId: 0,size=1048576]} | ret=SUCCESS |  
2019-08-20 22:34:43,299 [grpc-default-executor-1] INFO  client.GrpcClientProtocolClient (GrpcClientProtocolClient.java:onNext(255)) - client-391BA870FC40->947ec526-030f-41cc-8af7-a6f75e712ab0: receive RaftClientReply:client-391BA870FC40->947ec526-030f-41cc-8af7-a6f75e712ab0@group-5D45C35602B2, cid=2843, SUCCESS, logIndex=4261, commits[947ec526-030f-41cc-8af7-a6f75e712ab0:c4262, c447b9b6-dde2-4ce7-aa81-d0e2eddc8fe9:c4260, 28b540ac-241d-462a-a56c-509e92928066:c4260]
2019-08-20 22:34:43,300 | INFO  | DNAudit | user=null | ip=null | op=WRITE_CHUNK {blockData=conID: 3 locID: 102651689912107636 bcsId: 0} | ret=SUCCESS |  
2019-08-20 22:34:43,300 [grpc-default-executor-5] INFO  client.GrpcClientProtocolClient (GrpcClientProtocolClient.java:onNext(255)) - client-391BA870FC40->947ec526-030f-41cc-8af7-a6f75e712ab0: receive RaftClientReply:client-391BA870FC40->947ec526-030f-41cc-8af7-a6f75e712ab0@group-5D45C35602B2, cid=2844, SUCCESS, logIndex=4262, commits[947ec526-030f-41cc-8af7-a6f75e712ab0:c4264, c447b9b6-dde2-4ce7-aa81-d0e2eddc8fe9:c4260, 28b540ac-241d-462a-a56c-509e92928066:c4260]
2019-08-20 22:34:43,300 | INFO  | DNAudit | user=null | ip=null | op=PUT_BLOCK {blockData=[blockId=conID: 3 locID: 102651689912107636 bcsId: 0,size=2097152]} | ret=SUCCESS |  
2019-08-20 22:34:43,300 [grpc-default-executor-5] INFO  client.GrpcClientProtocolClient (GrpcClientProtocolClient.java:onNext(255)) - client-391BA870FC40->947ec526-030f-41cc-8af7-a6f75e712ab0: receive RaftClientReply:client-391BA870FC40->947ec526-030f-41cc-8af7-a6f75e712ab0@group-5D45C35602B2, cid=2845, SUCCESS, logIndex=4263, commits[947ec526-030f-41cc-8af7-a6f75e712ab0:c4264, c447b9b6-dde2-4ce7-aa81-d0e2eddc8fe9:c4260, 28b540ac-241d-462a-a56c-509e92928066:c4260]
2019-08-20 22:34:43,300 [grpc-default-executor-5] INFO  client.GrpcClientProtocolClient (GrpcClientProtocolClient.java:onNext(255)) - client-391BA870FC40->947ec526-030f-41cc-8af7-a6f75e712ab0: receive RaftClientReply:client-391BA870FC40->947ec526-030f-41cc-8af7-a6f75e712ab0@group-5D45C35602B2, cid=2846, SUCCESS, logIndex=4264, commits[947ec526-030f-41cc-8af7-a6f75e712ab0:c4264, c447b9b6-dde2-4ce7-aa81-d0e2eddc8fe9:c4260, 28b540ac-241d-462a-a56c-509e92928066:c4260]
2019-08-20 22:34:43,301 | INFO  | DNAudit | user=null | ip=null | op=WRITE_CHUNK {blockData=conID: 3 locID: 102651689912107636 bcsId: 0} | ret=SUCCESS |  
2019-08-20 22:34:43,312 | INFO  | DNAudit | user=null | ip=null | op=WRITE_CHUNK {blockData=conID: 3 locID: 102651689912107636 bcsId: 0} | ret=SUCCESS |  
2019-08-20 22:34:43,312 | INFO  | DNAudit | user=null | ip=null | op=PUT_BLOCK {blockData=[blockId=conID: 3 locID: 102651689912107636 bcsId: 0,size=1048576]} | ret=SUCCESS |  
2019-08-20 22:34:43,312 | INFO  | DNAudit | user=null | ip=null | op=WRITE_CHUNK {blockData=conID: 3 locID: 102651689912107636 bcsId: 0} | ret=SUCCESS |  
2019-08-20 22:34:43,312 | INFO  | DNAudit | user=null | ip=null | op=PUT_BLOCK {blockData=[blockId=conID: 3 locID: 102651689912107636 bcsId: 0,size=2097152]} | ret=SUCCESS |  
2019-08-20 22:34:43,312 | INFO  | DNAudit | user=null | ip=null | op=PUT_BLOCK {blockData=[blockId=conID: 3 locID: 102651689912107636 bcsId: 0,size=1048576]} | ret=SUCCESS |  
2019-08-20 22:34:43,312 | INFO  | DNAudit | user=null | ip=null | op=WRITE_CHUNK {blockData=conID: 3 locID: 102651689912107636 bcsId: 0} | ret=SUCCESS |  
2019-08-20 22:34:43,312 [grpc-default-executor-5] INFO  client.GrpcClientProtocolClient (GrpcClientProtocolClient.java:onNext(255)) - client-391BA870FC40->947ec526-030f-41cc-8af7-a6f75e712ab0: receive RaftClientReply:client-391BA870FC40->947ec526-030f-41cc-8af7-a6f75e712ab0@group-5D45C35602B2, cid=2847, SUCCESS, logIndex=0, commits[947ec526-030f-41cc-8af7-a6f75e712ab0:c4268, c447b9b6-dde2-4ce7-aa81-d0e2eddc8fe9:c4264, 28b540ac-241d-462a-a56c-509e92928066:c4262]
2019-08-20 22:34:43,313 | INFO  | DNAudit | user=null | ip=null | op=PUT_BLOCK {blockData=[blockId=conID: 3 locID: 102651689912107636 bcsId: 0,size=2097152]} | ret=SUCCESS |  
2019-08-20 22:34:43,318 | INFO  | DNAudit | user=null | ip=null | op=WRITE_CHUNK {blockData=conID: 3 locID: 102651689912107636 bcsId: 4264} | ret=SUCCESS |  
2019-08-20 22:34:43,319 | INFO  | DNAudit | user=null | ip=null | op=WRITE_CHUNK {blockData=conID: 3 locID: 102651689912107636 bcsId: 4264} | ret=SUCCESS |  
2019-08-20 22:34:43,320 | INFO  | DNAudit | user=null | ip=null | op=WRITE_CHUNK {blockData=conID: 3 locID: 102651689912107636 bcsId: 4264} | ret=SUCCESS |  
2019-08-20 22:34:43,331 | INFO  | DNAudit | user=null | ip=null | op=WRITE_CHUNK {blockData=conID: 3 locID: 102651689912107636 bcsId: 4264} | ret=SUCCESS |  
2019-08-20 22:34:43,331 | INFO  | DNAudit | user=null | ip=null | op=PUT_BLOCK {blockData=[blockId=conID: 3 locID: 102651689912107636 bcsId: 0,size=3145728]} | ret=SUCCESS |  
2019-08-20 22:34:43,331 [grpc-default-executor-5] INFO  client.GrpcClientProtocolClient (GrpcClientProtocolClient.java:onNext(255)) - client-391BA870FC40->947ec526-030f-41cc-8af7-a6f75e712ab0: receive RaftClientReply:client-391BA870FC40->947ec526-030f-41cc-8af7-a6f75e712ab0@group-5D45C35602B2, cid=2848, SUCCESS, logIndex=4269, commits[947ec526-030f-41cc-8af7-a6f75e712ab0:c4270, c447b9b6-dde2-4ce7-aa81-d0e2eddc8fe9:c4268, 28b540ac-241d-462a-a56c-509e92928066:c4268]
2019-08-20 22:34:43,331 [grpc-default-executor-5] INFO  client.GrpcClientProtocolClient (GrpcClientProtocolClient.java:onNext(255)) - client-391BA870FC40->947ec526-030f-41cc-8af7-a6f75e712ab0: receive RaftClientReply:client-391BA870FC40->947ec526-030f-41cc-8af7-a6f75e712ab0@group-5D45C35602B2, cid=2849, SUCCESS, logIndex=4270, commits[947ec526-030f-41cc-8af7-a6f75e712ab0:c4270, c447b9b6-dde2-4ce7-aa81-d0e2eddc8fe9:c4268, 28b540ac-241d-462a-a56c-509e92928066:c4268]
2019-08-20 22:34:43,336 | INFO  | DNAudit | user=null | ip=null | op=WRITE_CHUNK {blockData=conID: 3 locID: 102651689912107636 bcsId: 4270} | ret=SUCCESS |  
2019-08-20 22:34:43,338 | INFO  | DNAudit | user=null | ip=null | op=WRITE_CHUNK {blockData=conID: 3 locID: 102651689912107636 bcsId: 4270} | ret=SUCCESS |  
2019-08-20 22:34:43,338 | INFO  | DNAudit | user=null | ip=null | op=WRITE_CHUNK {blockData=conID: 3 locID: 102651689912107636 bcsId: 4270} | ret=SUCCESS |  
2019-08-20 22:34:43,342 | INFO  | DNAudit | user=null | ip=null | op=WRITE_CHUNK {blockData=conID: 3 locID: 102651689912107636 bcsId: 4264} | ret=SUCCESS |  
2019-08-20 22:34:43,342 | INFO  | DNAudit | user=null | ip=null | op=WRITE_CHUNK {blockData=conID: 3 locID: 102651689912107636 bcsId: 4264} | ret=SUCCESS |  
2019-08-20 22:34:43,342 | INFO  | DNAudit | user=null | ip=null | op=PUT_BLOCK {blockData=[blockId=conID: 3 locID: 102651689912107636 bcsId: 0,size=3145728]} | ret=SUCCESS |  
2019-08-20 22:34:43,342 | INFO  | DNAudit | user=null | ip=null | op=PUT_BLOCK {blockData=[blockId=conID: 3 locID: 102651689912107636 bcsId: 0,size=3145728]} | ret=SUCCESS |  
2019-08-20 22:34:43,344 | INFO  | DNAudit | user=null | ip=null | op=WRITE_CHUNK {blockData=conID: 3 locID: 102651689912107636 bcsId: 4270} | ret=SUCCESS |  
2019-08-20 22:34:43,344 | INFO  | DNAudit | user=null | ip=null | op=PUT_BLOCK {blockData=[blockId=conID: 3 locID: 102651689912107636 bcsId: 0,size=4194304]} | ret=SUCCESS |  
2019-08-20 22:34:43,344 [grpc-default-executor-2] INFO  client.GrpcClientProtocolClient (GrpcClientProtocolClient.java:onNext(255)) - client-391BA870FC40->947ec526-030f-41cc-8af7-a6f75e712ab0: receive RaftClientReply:client-391BA870FC40->947ec526-030f-41cc-8af7-a6f75e712ab0@group-5D45C35602B2, cid=2850, SUCCESS, logIndex=4273, commits[947ec526-030f-41cc-8af7-a6f75e712ab0:c4274, c447b9b6-dde2-4ce7-aa81-d0e2eddc8fe9:c4270, 28b540ac-241d-462a-a56c-509e92928066:c4270]
2019-08-20 22:34:43,344 [grpc-default-executor-2] INFO  client.GrpcClientProtocolClient (GrpcClientProtocolClient.java:onNext(255)) - client-391BA870FC40->947ec526-030f-41cc-8af7-a6f75e712ab0: receive RaftClientReply:client-391BA870FC40->947ec526-030f-41cc-8af7-a6f75e712ab0@group-5D45C35602B2, cid=2851, SUCCESS, logIndex=4274, commits[947ec526-030f-41cc-8af7-a6f75e712ab0:c4274, c447b9b6-dde2-4ce7-aa81-d0e2eddc8fe9:c4270, 28b540ac-241d-462a-a56c-509e92928066:c4270]
2019-08-20 22:34:43,355 | INFO  | DNAudit | user=null | ip=null | op=WRITE_CHUNK {blockData=conID: 3 locID: 102651689912107636 bcsId: 4270} | ret=SUCCESS |  
2019-08-20 22:34:43,355 | INFO  | DNAudit | user=null | ip=null | op=WRITE_CHUNK {blockData=conID: 3 locID: 102651689912107636 bcsId: 4270} | ret=SUCCESS |  
2019-08-20 22:34:43,355 | INFO  | DNAudit | user=null | ip=null | op=PUT_BLOCK {blockData=[blockId=conID: 3 locID: 102651689912107636 bcsId: 0,size=4194304]} | ret=SUCCESS |  
2019-08-20 22:34:43,355 | INFO  | DNAudit | user=null | ip=null | op=PUT_BLOCK {blockData=[blockId=conID: 3 locID: 102651689912107636 bcsId: 0,size=4194304]} | ret=SUCCESS |  
2019-08-20 22:34:43,355 [grpc-default-executor-2] INFO  client.GrpcClientProtocolClient (GrpcClientProtocolClient.java:onNext(255)) - client-391BA870FC40->947ec526-030f-41cc-8af7-a6f75e712ab0: receive RaftClientReply:client-391BA870FC40->947ec526-030f-41cc-8af7-a6f75e712ab0@group-5D45C35602B2, cid=2852, SUCCESS, logIndex=0, commits[947ec526-030f-41cc-8af7-a6f75e712ab0:c4275, c447b9b6-dde2-4ce7-aa81-d0e2eddc8fe9:c4274, 28b540ac-241d-462a-a56c-509e92928066:c4274]
2019-08-20 22:34:43,360 | INFO  | SCMAudit | user=jenkins1000 | ip=192.168.5.142 | op=ALLOCATE_BLOCK {owner=6f694d07-2a2f-44d9-8e1c-aaa094a2f647, size=4194304, type=RATIS, factor=THREE} | ret=SUCCESS |  
2019-08-20 22:34:43,363 | INFO  | OMAudit | user=jenkins1000 | ip=127.0.0.1 | op=ALLOCATE_BLOCK {volume=vol-0-80747, bucket=bucket-0-27686, key=key-0-47435, dataSize=0, replicationType=null, replicationFactor=null, keyLocationInfo=null, clientID=102651687805452690} | ret=SUCCESS |  
2019-08-20 22:34:43,510 | INFO  | DNAudit | user=null | ip=null | op=WRITE_CHUNK {blockData=conID: 1 locID: 102651689917481589 bcsId: 0} | ret=SUCCESS |  
2019-08-20 22:34:43,512 | INFO  | DNAudit | user=null | ip=null | op=WRITE_CHUNK {blockData=conID: 1 locID: 102651689917481589 bcsId: 0} | ret=SUCCESS |  
2019-08-20 22:34:43,514 | INFO  | DNAudit | user=null | ip=null | op=WRITE_CHUNK {blockData=conID: 1 locID: 102651689917481589 bcsId: 0} | ret=SUCCESS |  
2019-08-20 22:34:43,515 | INFO  | DNAudit | user=null | ip=null | op=WRITE_CHUNK {blockData=conID: 1 locID: 102651689917481589 bcsId: 0} | ret=SUCCESS |  
2019-08-20 22:34:43,517 | INFO  | DNAudit | user=null | ip=null | op=WRITE_CHUNK {blockData=conID: 1 locID: 102651689917481589 bcsId: 0} | ret=SUCCESS |  
2019-08-20 22:34:43,517 | INFO  | DNAudit | user=null | ip=null | op=WRITE_CHUNK {blockData=conID: 1 locID: 102651689917481589 bcsId: 0} | ret=SUCCESS |  
2019-08-20 22:34:43,523 | INFO  | DNAudit | user=null | ip=null | op=WRITE_CHUNK {blockData=conID: 1 locID: 102651689917481589 bcsId: 0} | ret=SUCCESS |  
2019-08-20 22:34:43,523 | INFO  | DNAudit | user=null | ip=null | op=PUT_BLOCK {blockData=[blockId=conID: 1 locID: 102651689917481589 bcsId: 0,size=1048576]} | ret=SUCCESS |  
2019-08-20 22:34:43,524 [grpc-default-executor-3] INFO  client.GrpcClientProtocolClient (GrpcClientProtocolClient.java:onNext(255)) - client-391BA870FC40->947ec526-030f-41cc-8af7-a6f75e712ab0: receive RaftClientReply:client-391BA870FC40->947ec526-030f-41cc-8af7-a6f75e712ab0@group-5D45C35602B2, cid=2853, SUCCESS, logIndex=4277, commits[947ec526-030f-41cc-8af7-a6f75e712ab0:c4277, c447b9b6-dde2-4ce7-aa81-d0e2eddc8fe9:c4276, 28b540ac-241d-462a-a56c-509e92928066:c4276]
2019-08-20 22:34:43,524 | INFO  | DNAudit | user=null | ip=null | op=WRITE_CHUNK {blockData=conID: 1 locID: 102651689917481589 bcsId: 0} | ret=SUCCESS |  
2019-08-20 22:34:43,524 [grpc-default-executor-1] INFO  client.GrpcClientProtocolClient (GrpcClientProtocolClient.java:onNext(255)) - client-391BA870FC40->947ec526-030f-41cc-8af7-a6f75e712ab0: receive RaftClientReply:client-391BA870FC40->947ec526-030f-41cc-8af7-a6f75e712ab0@group-5D45C35602B2, cid=2854, SUCCESS, logIndex=4278, commits[947ec526-030f-41cc-8af7-a6f75e712ab0:c4278, c447b9b6-dde2-4ce7-aa81-d0e2eddc8fe9:c4276, 28b540ac-241d-462a-a56c-509e92928066:c4276]
2019-08-20 22:34:43,524 | INFO  | DNAudit | user=null | ip=null | op=PUT_BLOCK {blockData=[blockId=conID: 1 locID: 102651689917481589 bcsId: 0,size=2097152]} | ret=SUCCESS |  
2019-08-20 22:34:43,525 [grpc-default-executor-1] INFO  client.GrpcClientProtocolClient (GrpcClientProtocolClient.java:onNext(255)) - client-391BA870FC40->947ec526-030f-41cc-8af7-a6f75e712ab0: receive RaftClientReply:client-391BA870FC40->947ec526-030f-41cc-8af7-a6f75e712ab0@group-5D45C35602B2, cid=2855, SUCCESS, logIndex=4279, commits[947ec526-030f-41cc-8af7-a6f75e712ab0:c4280, c447b9b6-dde2-4ce7-aa81-d0e2eddc8fe9:c4276, 28b540ac-241d-462a-a56c-509e92928066:c4276]
2019-08-20 22:34:43,525 [grpc-default-executor-1] INFO  client.GrpcClientProtocolClient (GrpcClientProtocolClient.java:onNext(255)) - client-391BA870FC40->947ec526-030f-41cc-8af7-a6f75e712ab0: receive RaftClientReply:client-391BA870FC40->947ec526-030f-41cc-8af7-a6f75e712ab0@group-5D45C35602B2, cid=2856, SUCCESS, logIndex=4280, commits[947ec526-030f-41cc-8af7-a6f75e712ab0:c4280, c447b9b6-dde2-4ce7-aa81-d0e2eddc8fe9:c4276, 28b540ac-241d-462a-a56c-509e92928066:c4276]
2019-08-20 22:34:43,544 | INFO  | DNAudit | user=null | ip=null | op=WRITE_CHUNK {blockData=conID: 1 locID: 102651689917481589 bcsId: 0} | ret=SUCCESS |  
2019-08-20 22:34:43,544 | INFO  | DNAudit | user=null | ip=null | op=PUT_BLOCK {blockData=[blockId=conID: 1 locID: 102651689917481589 bcsId: 0,size=1048576]} | ret=SUCCESS |  
2019-08-20 22:34:43,544 | INFO  | DNAudit | user=null | ip=null | op=WRITE_CHUNK {blockData=conID: 1 locID: 102651689917481589 bcsId: 0} | ret=SUCCESS |  
2019-08-20 22:34:43,545 | INFO  | DNAudit | user=null | ip=null | op=PUT_BLOCK {blockData=[blockId=conID: 1 locID: 102651689917481589 bcsId: 0,size=1048576]} | ret=SUCCESS |  
2019-08-20 22:34:43,545 | INFO  | DNAudit | user=null | ip=null | op=WRITE_CHUNK {blockData=conID: 1 locID: 102651689917481589 bcsId: 0} | ret=SUCCESS |  
2019-08-20 22:34:43,545 | INFO  | DNAudit | user=null | ip=null | op=PUT_BLOCK {blockData=[blockId=conID: 1 locID: 102651689917481589 bcsId: 0,size=2097152]} | ret=SUCCESS |  
2019-08-20 22:34:43,545 [grpc-default-executor-1] INFO  client.GrpcClientProtocolClient (GrpcClientProtocolClient.java:onNext(255)) - client-391BA870FC40->947ec526-030f-41cc-8af7-a6f75e712ab0: receive RaftClientReply:client-391BA870FC40->947ec526-030f-41cc-8af7-a6f75e712ab0@group-5D45C35602B2, cid=2857, SUCCESS, logIndex=0, commits[947ec526-030f-41cc-8af7-a6f75e712ab0:c4282, c447b9b6-dde2-4ce7-aa81-d0e2eddc8fe9:c4278, 28b540ac-241d-462a-a56c-509e92928066:c4278]
2019-08-20 22:34:43,545 | INFO  | DNAudit | user=null | ip=null | op=WRITE_CHUNK {blockData=conID: 1 locID: 102651689917481589 bcsId: 0} | ret=SUCCESS |  
2019-08-20 22:34:43,545 | INFO  | DNAudit | user=null | ip=null | op=PUT_BLOCK {blockData=[blockId=conID: 1 locID: 102651689917481589 bcsId: 0,size=2097152]} | ret=SUCCESS |  
2019-08-20 22:34:43,552 | INFO  | DNAudit | user=null | ip=null | op=WRITE_CHUNK {blockData=conID: 1 locID: 102651689917481589 bcsId: 4280} | ret=SUCCESS |  
2019-08-20 22:34:43,554 | INFO  | DNAudit | user=null | ip=null | op=WRITE_CHUNK {blockData=conID: 1 locID: 102651689917481589 bcsId: 4280} | ret=SUCCESS |  
2019-08-20 22:34:43,554 | INFO  | DNAudit | user=null | ip=null | op=WRITE_CHUNK {blockData=conID: 1 locID: 102651689917481589 bcsId: 4280} | ret=SUCCESS |  
2019-08-20 22:34:43,565 | INFO  | DNAudit | user=null | ip=null | op=WRITE_CHUNK {blockData=conID: 1 locID: 102651689917481589 bcsId: 4280} | ret=SUCCESS |  
2019-08-20 22:34:43,565 | INFO  | DNAudit | user=null | ip=null | op=PUT_BLOCK {blockData=[blockId=conID: 1 locID: 102651689917481589 bcsId: 0,size=3145728]} | ret=SUCCESS |  
2019-08-20 22:34:43,565 [grpc-default-executor-3] INFO  client.GrpcClientProtocolClient (GrpcClientProtocolClient.java:onNext(255)) - client-391BA870FC40->947ec526-030f-41cc-8af7-a6f75e712ab0: receive RaftClientReply:client-391BA870FC40->947ec526-030f-41cc-8af7-a6f75e712ab0@group-5D45C35602B2, cid=2858, SUCCESS, logIndex=4285, commits[947ec526-030f-41cc-8af7-a6f75e712ab0:c4286, c447b9b6-dde2-4ce7-aa81-d0e2eddc8fe9:c4284, 28b540ac-241d-462a-a56c-509e92928066:c4284]
2019-08-20 22:34:43,565 [grpc-default-executor-3] INFO  client.GrpcClientProtocolClient (GrpcClientProtocolClient.java:onNext(255)) - client-391BA870FC40->947ec526-030f-41cc-8af7-a6f75e712ab0: receive RaftClientReply:client-391BA870FC40->947ec526-030f-41cc-8af7-a6f75e712ab0@group-5D45C35602B2, cid=2859, SUCCESS, logIndex=4286, commits[947ec526-030f-41cc-8af7-a6f75e712ab0:c4286, c447b9b6-dde2-4ce7-aa81-d0e2eddc8fe9:c4284, 28b540ac-241d-462a-a56c-509e92928066:c4284]
2019-08-20 22:34:43,572 | INFO  | DNAudit | user=null | ip=null | op=WRITE_CHUNK {blockData=conID: 1 locID: 102651689917481589 bcsId: 4286} | ret=SUCCESS |  
2019-08-20 22:34:43,573 | INFO  | DNAudit | user=null | ip=null | op=WRITE_CHUNK {blockData=conID: 1 locID: 102651689917481589 bcsId: 4286} | ret=SUCCESS |  
2019-08-20 22:34:43,573 | INFO  | DNAudit | user=null | ip=null | op=WRITE_CHUNK {blockData=conID: 1 locID: 102651689917481589 bcsId: 4286} | ret=SUCCESS |  
2019-08-20 22:34:43,576 | INFO  | DNAudit | user=null | ip=null | op=WRITE_CHUNK {blockData=conID: 1 locID: 102651689917481589 bcsId: 4280} | ret=SUCCESS |  
2019-08-20 22:34:43,576 | INFO  | DNAudit | user=null | ip=null | op=WRITE_CHUNK {blockData=conID: 1 locID: 102651689917481589 bcsId: 4280} | ret=SUCCESS |  
2019-08-20 22:34:43,579 | INFO  | DNAudit | user=null | ip=null | op=PUT_BLOCK {blockData=[blockId=conID: 1 locID: 102651689917481589 bcsId: 0,size=3145728]} | ret=SUCCESS |  
2019-08-20 22:34:43,579 | INFO  | DNAudit | user=null | ip=null | op=PUT_BLOCK {blockData=[blockId=conID: 1 locID: 102651689917481589 bcsId: 0,size=3145728]} | ret=SUCCESS |  
2019-08-20 22:34:43,579 | INFO  | DNAudit | user=null | ip=null | op=WRITE_CHUNK {blockData=conID: 1 locID: 102651689917481589 bcsId: 4286} | ret=SUCCESS |  
2019-08-20 22:34:43,580 [grpc-default-executor-3] INFO  client.GrpcClientProtocolClient (GrpcClientProtocolClient.java:onNext(255)) - client-391BA870FC40->947ec526-030f-41cc-8af7-a6f75e712ab0: receive RaftClientReply:client-391BA870FC40->947ec526-030f-41cc-8af7-a6f75e712ab0@group-5D45C35602B2, cid=2860, SUCCESS, logIndex=4289, commits[947ec526-030f-41cc-8af7-a6f75e712ab0:c4290, c447b9b6-dde2-4ce7-aa81-d0e2eddc8fe9:c4286, 28b540ac-241d-462a-a56c-509e92928066:c4286]
2019-08-20 22:34:43,582 | INFO  | DNAudit | user=null | ip=null | op=PUT_BLOCK {blockData=[blockId=conID: 1 locID: 102651689917481589 bcsId: 0,size=4194304]} | ret=SUCCESS |  
2019-08-20 22:34:43,582 [grpc-default-executor-3] INFO  client.GrpcClientProtocolClient (GrpcClientProtocolClient.java:onNext(255)) - client-391BA870FC40->947ec526-030f-41cc-8af7-a6f75e712ab0: receive RaftClientReply:client-391BA870FC40->947ec526-030f-41cc-8af7-a6f75e712ab0@group-5D45C35602B2, cid=2861, SUCCESS, logIndex=4290, commits[947ec526-030f-41cc-8af7-a6f75e712ab0:c4290, c447b9b6-dde2-4ce7-aa81-d0e2eddc8fe9:c4286, 28b540ac-241d-462a-a56c-509e92928066:c4286]
2019-08-20 22:34:43,591 | INFO  | DNAudit | user=null | ip=null | op=WRITE_CHUNK {blockData=conID: 1 locID: 102651689917481589 bcsId: 4286} | ret=SUCCESS |  
2019-08-20 22:34:43,592 | INFO  | DNAudit | user=null | ip=null | op=WRITE_CHUNK {blockData=conID: 1 locID: 102651689917481589 bcsId: 4286} | ret=SUCCESS |  
2019-08-20 22:34:43,594 | INFO  | DNAudit | user=null | ip=null | op=PUT_BLOCK {blockData=[blockId=conID: 1 locID: 102651689917481589 bcsId: 0,size=4194304]} | ret=SUCCESS |  
2019-08-20 22:34:43,594 | INFO  | DNAudit | user=null | ip=null | op=PUT_BLOCK {blockData=[blockId=conID: 1 locID: 102651689917481589 bcsId: 0,size=4194304]} | ret=SUCCESS |  
2019-08-20 22:34:43,594 [grpc-default-executor-3] INFO  client.GrpcClientProtocolClient (GrpcClientProtocolClient.java:onNext(255)) - client-391BA870FC40->947ec526-030f-41cc-8af7-a6f75e712ab0: receive RaftClientReply:client-391BA870FC40->947ec526-030f-41cc-8af7-a6f75e712ab0@group-5D45C35602B2, cid=2862, SUCCESS, logIndex=0, commits[947ec526-030f-41cc-8af7-a6f75e712ab0:c4292, c447b9b6-dde2-4ce7-aa81-d0e2eddc8fe9:c4290, 28b540ac-241d-462a-a56c-509e92928066:c4290]
2019-08-20 22:34:43,602 | INFO  | SCMAudit | user=jenkins1000 | ip=192.168.5.142 | op=ALLOCATE_BLOCK {owner=6f694d07-2a2f-44d9-8e1c-aaa094a2f647, size=4194304, type=RATIS, factor=THREE} | ret=SUCCESS |  
2019-08-20 22:34:43,607 | INFO  | OMAudit | user=jenkins1000 | ip=127.0.0.1 | op=ALLOCATE_BLOCK {volume=vol-0-80747, bucket=bucket-0-27686, key=key-0-47435, dataSize=0, replicationType=null, replicationFactor=null, keyLocationInfo=null, clientID=102651687805452690} | ret=SUCCESS |  
2019-08-20 22:34:43,614 | INFO  | DNAudit | user=null | ip=null | op=WRITE_CHUNK {blockData=conID: 2 locID: 102651689933341302 bcsId: 0} | ret=SUCCESS |  
2019-08-20 22:34:43,615 | INFO  | DNAudit | user=null | ip=null | op=WRITE_CHUNK {blockData=conID: 2 locID: 102651689933341302 bcsId: 0} | ret=SUCCESS |  
2019-08-20 22:34:43,615 | INFO  | DNAudit | user=null | ip=null | op=WRITE_CHUNK {blockData=conID: 2 locID: 102651689933341302 bcsId: 0} | ret=SUCCESS |  
2019-08-20 22:34:43,616 | INFO  | DNAudit | user=null | ip=null | op=WRITE_CHUNK {blockData=conID: 2 locID: 102651689933341302 bcsId: 0} | ret=SUCCESS |  
2019-08-20 22:34:43,617 | INFO  | DNAudit | user=null | ip=null | op=WRITE_CHUNK {blockData=conID: 2 locID: 102651689933341302 bcsId: 0} | ret=SUCCESS |  
2019-08-20 22:34:43,618 | INFO  | DNAudit | user=null | ip=null | op=WRITE_CHUNK {blockData=conID: 2 locID: 102651689933341302 bcsId: 0} | ret=SUCCESS |  
2019-08-20 22:34:43,628 | INFO  | DNAudit | user=null | ip=null | op=WRITE_CHUNK {blockData=conID: 2 locID: 102651689933341302 bcsId: 0} | ret=SUCCESS |  
2019-08-20 22:34:43,629 | INFO  | DNAudit | user=null | ip=null | op=PUT_BLOCK {blockData=[blockId=conID: 2 locID: 102651689933341302 bcsId: 0,size=1048576]} | ret=SUCCESS |  
2019-08-20 22:34:43,629 [grpc-default-executor-3] INFO  client.GrpcClientProtocolClient (GrpcClientProtocolClient.java:onNext(255)) - client-391BA870FC40->947ec526-030f-41cc-8af7-a6f75e712ab0: receive RaftClientReply:client-391BA870FC40->947ec526-030f-41cc-8af7-a6f75e712ab0@group-5D45C35602B2, cid=2863, SUCCESS, logIndex=4293, commits[947ec526-030f-41cc-8af7-a6f75e712ab0:c4294, c447b9b6-dde2-4ce7-aa81-d0e2eddc8fe9:c4292, 28b540ac-241d-462a-a56c-509e92928066:c4292]
2019-08-20 22:34:43,629 [grpc-default-executor-3] INFO  client.GrpcClientProtocolClient (GrpcClientProtocolClient.java:onNext(255)) - client-391BA870FC40->947ec526-030f-41cc-8af7-a6f75e712ab0: receive RaftClientReply:client-391BA870FC40->947ec526-030f-41cc-8af7-a6f75e712ab0@group-5D45C35602B2, cid=2864, SUCCESS, logIndex=4294, commits[947ec526-030f-41cc-8af7-a6f75e712ab0:c4294, c447b9b6-dde2-4ce7-aa81-d0e2eddc8fe9:c4292, 28b540ac-241d-462a-a56c-509e92928066:c4292]
2019-08-20 22:34:43,639 | INFO  | DNAudit | user=null | ip=null | op=WRITE_CHUNK {blockData=conID: 2 locID: 102651689933341302 bcsId: 0} | ret=SUCCESS |  
2019-08-20 22:34:43,640 | INFO  | DNAudit | user=null | ip=null | op=PUT_BLOCK {blockData=[blockId=conID: 2 locID: 102651689933341302 bcsId: 0,size=2097152]} | ret=SUCCESS |  
2019-08-20 22:34:43,640 [grpc-default-executor-2] INFO  client.GrpcClientProtocolClient (GrpcClientProtocolClient.java:onNext(255)) - client-391BA870FC40->947ec526-030f-41cc-8af7-a6f75e712ab0: receive RaftClientReply:client-391BA870FC40->947ec526-030f-41cc-8af7-a6f75e712ab0@group-5D45C35602B2, cid=2865, SUCCESS, logIndex=4295, commits[947ec526-030f-41cc-8af7-a6f75e712ab0:c4296, c447b9b6-dde2-4ce7-aa81-d0e2eddc8fe9:c4292, 28b540ac-241d-462a-a56c-509e92928066:c4292]
2019-08-20 22:34:43,640 [grpc-default-executor-2] INFO  client.GrpcClientProtocolClient (GrpcClientProtocolClient.java:onNext(255)) - client-391BA870FC40->947ec526-030f-41cc-8af7-a6f75e712ab0: receive RaftClientReply:client-391BA870FC40->947ec526-030f-41cc-8af7-a6f75e712ab0@group-5D45C35602B2, cid=2866, SUCCESS, logIndex=4296, commits[947ec526-030f-41cc-8af7-a6f75e712ab0:c4296, c447b9b6-dde2-4ce7-aa81-d0e2eddc8fe9:c4292, 28b540ac-241d-462a-a56c-509e92928066:c4292]
2019-08-20 22:34:43,640 | INFO  | DNAudit | user=null | ip=null | op=WRITE_CHUNK {blockData=conID: 2 locID: 102651689933341302 bcsId: 0} | ret=SUCCESS |  
2019-08-20 22:34:43,640 | INFO  | DNAudit | user=null | ip=null | op=PUT_BLOCK {blockData=[blockId=conID: 2 locID: 102651689933341302 bcsId: 0,size=1048576]} | ret=SUCCESS |  
2019-08-20 22:34:43,642 | INFO  | DNAudit | user=null | ip=null | op=WRITE_CHUNK {blockData=conID: 2 locID: 102651689933341302 bcsId: 0} | ret=SUCCESS |  
2019-08-20 22:34:43,642 | INFO  | DNAudit | user=null | ip=null | op=PUT_BLOCK {blockData=[blockId=conID: 2 locID: 102651689933341302 bcsId: 0,size=1048576]} | ret=SUCCESS |  
2019-08-20 22:34:43,642 [grpc-default-executor-2] INFO  client.GrpcClientProtocolClient (GrpcClientProtocolClient.java:onNext(255)) - client-391BA870FC40->947ec526-030f-41cc-8af7-a6f75e712ab0: receive RaftClientReply:client-391BA870FC40->947ec526-030f-41cc-8af7-a6f75e712ab0@group-5D45C35602B2, cid=2867, SUCCESS, logIndex=0, commits[947ec526-030f-41cc-8af7-a6f75e712ab0:c4297, c447b9b6-dde2-4ce7-aa81-d0e2eddc8fe9:c4294, 28b540ac-241d-462a-a56c-509e92928066:c4294]
2019-08-20 22:34:43,649 | INFO  | DNAudit | user=null | ip=null | op=WRITE_CHUNK {blockData=conID: 2 locID: 102651689933341302 bcsId: 4296} | ret=SUCCESS |  
2019-08-20 22:34:43,651 | INFO  | DNAudit | user=null | ip=null | op=WRITE_CHUNK {blockData=conID: 2 locID: 102651689933341302 bcsId: 4296} | ret=SUCCESS |  
2019-08-20 22:34:43,651 | INFO  | DNAudit | user=null | ip=null | op=WRITE_CHUNK {blockData=conID: 2 locID: 102651689933341302 bcsId: 4296} | ret=SUCCESS |  
2019-08-20 22:34:43,653 | INFO  | DNAudit | user=null | ip=null | op=WRITE_CHUNK {blockData=conID: 2 locID: 102651689933341302 bcsId: 0} | ret=SUCCESS |  
2019-08-20 22:34:43,654 | INFO  | DNAudit | user=null | ip=null | op=PUT_BLOCK {blockData=[blockId=conID: 2 locID: 102651689933341302 bcsId: 0,size=2097152]} | ret=SUCCESS |  
2019-08-20 22:34:43,654 | INFO  | DNAudit | user=null | ip=null | op=WRITE_CHUNK {blockData=conID: 2 locID: 102651689933341302 bcsId: 0} | ret=SUCCESS |  
2019-08-20 22:34:43,654 | INFO  | DNAudit | user=null | ip=null | op=PUT_BLOCK {blockData=[blockId=conID: 2 locID: 102651689933341302 bcsId: 0,size=2097152]} | ret=SUCCESS |  
2019-08-20 22:34:43,657 | INFO  | DNAudit | user=null | ip=null | op=WRITE_CHUNK {blockData=conID: 2 locID: 102651689933341302 bcsId: 4296} | ret=SUCCESS |  
2019-08-20 22:34:43,657 | INFO  | DNAudit | user=null | ip=null | op=PUT_BLOCK {blockData=[blockId=conID: 2 locID: 102651689933341302 bcsId: 0,size=3145728]} | ret=SUCCESS |  
2019-08-20 22:34:43,657 [grpc-default-executor-2] INFO  client.GrpcClientProtocolClient (GrpcClientProtocolClient.java:onNext(255)) - client-391BA870FC40->947ec526-030f-41cc-8af7-a6f75e712ab0: receive RaftClientReply:client-391BA870FC40->947ec526-030f-41cc-8af7-a6f75e712ab0@group-5D45C35602B2, cid=2868, SUCCESS, logIndex=4300, commits[947ec526-030f-41cc-8af7-a6f75e712ab0:c4301, c447b9b6-dde2-4ce7-aa81-d0e2eddc8fe9:c4297, 28b540ac-241d-462a-a56c-509e92928066:c4297]
2019-08-20 22:34:43,658 [grpc-default-executor-2] INFO  client.GrpcClientProtocolClient (GrpcClientProtocolClient.java:onNext(255)) - client-391BA870FC40->947ec526-030f-41cc-8af7-a6f75e712ab0: receive RaftClientReply:client-391BA870FC40->947ec526-030f-41cc-8af7-a6f75e712ab0@group-5D45C35602B2, cid=2869, SUCCESS, logIndex=4301, commits[947ec526-030f-41cc-8af7-a6f75e712ab0:c4301, c447b9b6-dde2-4ce7-aa81-d0e2eddc8fe9:c4297, 28b540ac-241d-462a-a56c-509e92928066:c4297]
2019-08-20 22:34:43,667 | INFO  | DNAudit | user=null | ip=null | op=WRITE_CHUNK {blockData=conID: 2 locID: 102651689933341302 bcsId: 4301} | ret=SUCCESS |  
2019-08-20 22:34:43,668 | INFO  | DNAudit | user=null | ip=null | op=WRITE_CHUNK {blockData=conID: 2 locID: 102651689933341302 bcsId: 4296} | ret=SUCCESS |  
2019-08-20 22:34:43,668 | INFO  | DNAudit | user=null | ip=null | op=WRITE_CHUNK {blockData=conID: 2 locID: 102651689933341302 bcsId: 4296} | ret=SUCCESS |  
2019-08-20 22:34:43,669 | INFO  | DNAudit | user=null | ip=null | op=PUT_BLOCK {blockData=[blockId=conID: 2 locID: 102651689933341302 bcsId: 0,size=3145728]} | ret=SUCCESS |  
2019-08-20 22:34:43,669 | INFO  | DNAudit | user=null | ip=null | op=PUT_BLOCK {blockData=[blockId=conID: 2 locID: 102651689933341302 bcsId: 0,size=3145728]} | ret=SUCCESS |  
2019-08-20 22:34:43,669 | INFO  | DNAudit | user=null | ip=null | op=WRITE_CHUNK {blockData=conID: 2 locID: 102651689933341302 bcsId: 4301} | ret=SUCCESS |  
2019-08-20 22:34:43,669 | INFO  | DNAudit | user=null | ip=null | op=WRITE_CHUNK {blockData=conID: 2 locID: 102651689933341302 bcsId: 4301} | ret=SUCCESS |  
2019-08-20 22:34:43,679 | INFO  | DNAudit | user=null | ip=null | op=WRITE_CHUNK {blockData=conID: 2 locID: 102651689933341302 bcsId: 4301} | ret=SUCCESS |  
2019-08-20 22:34:43,680 | INFO  | DNAudit | user=null | ip=null | op=PUT_BLOCK {blockData=[blockId=conID: 2 locID: 102651689933341302 bcsId: 0,size=4194304]} | ret=SUCCESS |  
2019-08-20 22:34:43,680 [grpc-default-executor-3] INFO  client.GrpcClientProtocolClient (GrpcClientProtocolClient.java:onNext(255)) - client-391BA870FC40->947ec526-030f-41cc-8af7-a6f75e712ab0: receive RaftClientReply:client-391BA870FC40->947ec526-030f-41cc-8af7-a6f75e712ab0@group-5D45C35602B2, cid=2870, SUCCESS, logIndex=4303, commits[947ec526-030f-41cc-8af7-a6f75e712ab0:c4304, c447b9b6-dde2-4ce7-aa81-d0e2eddc8fe9:c4301, 28b540ac-241d-462a-a56c-509e92928066:c4301]
2019-08-20 22:34:43,681 | INFO  | DNAudit | user=null | ip=null | op=WRITE_CHUNK {blockData=conID: 2 locID: 102651689933341302 bcsId: 4301} | ret=SUCCESS |  
2019-08-20 22:34:43,681 [grpc-default-executor-1] INFO  client.GrpcClientProtocolClient (GrpcClientProtocolClient.java:onNext(255)) - client-391BA870FC40->947ec526-030f-41cc-8af7-a6f75e712ab0: receive RaftClientReply:client-391BA870FC40->947ec526-030f-41cc-8af7-a6f75e712ab0@group-5D45C35602B2, cid=2871, SUCCESS, logIndex=4304, commits[947ec526-030f-41cc-8af7-a6f75e712ab0:c4304, c447b9b6-dde2-4ce7-aa81-d0e2eddc8fe9:c4301, 28b540ac-241d-462a-a56c-509e92928066:c4301]
2019-08-20 22:34:43,681 | INFO  | DNAudit | user=null | ip=null | op=PUT_BLOCK {blockData=[blockId=conID: 2 locID: 102651689933341302 bcsId: 0,size=4194304]} | ret=SUCCESS |  
2019-08-20 22:34:43,683 | INFO  | DNAudit | user=null | ip=null | op=WRITE_CHUNK {blockData=conID: 2 locID: 102651689933341302 bcsId: 4301} | ret=SUCCESS |  
2019-08-20 22:34:43,683 | INFO  | DNAudit | user=null | ip=null | op=PUT_BLOCK {blockData=[blockId=conID: 2 locID: 102651689933341302 bcsId: 0,size=4194304]} | ret=SUCCESS |  
2019-08-20 22:34:43,683 [grpc-default-executor-1] INFO  client.GrpcClientProtocolClient (GrpcClientProtocolClient.java:onNext(255)) - client-391BA870FC40->947ec526-030f-41cc-8af7-a6f75e712ab0: receive RaftClientReply:client-391BA870FC40->947ec526-030f-41cc-8af7-a6f75e712ab0@group-5D45C35602B2, cid=2872, SUCCESS, logIndex=0, commits[947ec526-030f-41cc-8af7-a6f75e712ab0:c4305, c447b9b6-dde2-4ce7-aa81-d0e2eddc8fe9:c4304, 28b540ac-241d-462a-a56c-509e92928066:c4304]
2019-08-20 22:34:43,689 | INFO  | SCMAudit | user=jenkins1000 | ip=192.168.5.142 | op=ALLOCATE_BLOCK {owner=6f694d07-2a2f-44d9-8e1c-aaa094a2f647, size=4194304, type=RATIS, factor=THREE} | ret=SUCCESS |  
2019-08-20 22:34:43,694 | INFO  | OMAudit | user=jenkins1000 | ip=127.0.0.1 | op=ALLOCATE_BLOCK {volume=vol-0-80747, bucket=bucket-0-27686, key=key-0-47435, dataSize=0, replicationType=null, replicationFactor=null, keyLocationInfo=null, clientID=102651687805452690} | ret=SUCCESS |  
2019-08-20 22:34:43,700 | INFO  | DNAudit | user=null | ip=null | op=WRITE_CHUNK {blockData=conID: 3 locID: 102651689939042935 bcsId: 0} | ret=SUCCESS |  
2019-08-20 22:34:43,702 | INFO  | DNAudit | user=null | ip=null | op=WRITE_CHUNK {blockData=conID: 3 locID: 102651689939042935 bcsId: 0} | ret=SUCCESS |  
2019-08-20 22:34:43,702 | INFO  | DNAudit | user=null | ip=null | op=WRITE_CHUNK {blockData=conID: 3 locID: 102651689939042935 bcsId: 0} | ret=SUCCESS |  
2019-08-20 22:34:43,703 | INFO  | DNAudit | user=null | ip=null | op=WRITE_CHUNK {blockData=conID: 3 locID: 102651689939042935 bcsId: 0} | ret=SUCCESS |  
2019-08-20 22:34:43,704 | INFO  | DNAudit | user=null | ip=null | op=WRITE_CHUNK {blockData=conID: 3 locID: 102651689939042935 bcsId: 0} | ret=SUCCESS |  
2019-08-20 22:34:43,704 | INFO  | DNAudit | user=null | ip=null | op=WRITE_CHUNK {blockData=conID: 3 locID: 102651689939042935 bcsId: 0} | ret=SUCCESS |  
2019-08-20 22:34:43,711 | INFO  | DNAudit | user=null | ip=null | op=WRITE_CHUNK {blockData=conID: 3 locID: 102651689939042935 bcsId: 0} | ret=SUCCESS |  
2019-08-20 22:34:43,712 | INFO  | DNAudit | user=null | ip=null | op=PUT_BLOCK {blockData=[blockId=conID: 3 locID: 102651689939042935 bcsId: 0,size=1048576]} | ret=SUCCESS |  
2019-08-20 22:34:43,712 [grpc-default-executor-1] INFO  client.GrpcClientProtocolClient (GrpcClientProtocolClient.java:onNext(255)) - client-391BA870FC40->947ec526-030f-41cc-8af7-a6f75e712ab0: receive RaftClientReply:client-391BA870FC40->947ec526-030f-41cc-8af7-a6f75e712ab0@group-5D45C35602B2, cid=2873, SUCCESS, logIndex=4307, commits[947ec526-030f-41cc-8af7-a6f75e712ab0:c4308, c447b9b6-dde2-4ce7-aa81-d0e2eddc8fe9:c4306, 28b540ac-241d-462a-a56c-509e92928066:c4306]
2019-08-20 22:34:43,712 | INFO  | DNAudit | user=null | ip=null | op=WRITE_CHUNK {blockData=conID: 3 locID: 102651689939042935 bcsId: 0} | ret=SUCCESS |  
2019-08-20 22:34:43,712 [grpc-default-executor-2] INFO  client.GrpcClientProtocolClient (GrpcClientProtocolClient.java:onNext(255)) - client-391BA870FC40->947ec526-030f-41cc-8af7-a6f75e712ab0: receive RaftClientReply:client-391BA870FC40->947ec526-030f-41cc-8af7-a6f75e712ab0@group-5D45C35602B2, cid=2874, SUCCESS, logIndex=4308, commits[947ec526-030f-41cc-8af7-a6f75e712ab0:c4308, c447b9b6-dde2-4ce7-aa81-d0e2eddc8fe9:c4306, 28b540ac-241d-462a-a56c-509e92928066:c4306]
2019-08-20 22:34:43,712 | INFO  | DNAudit | user=null | ip=null | op=PUT_BLOCK {blockData=[blockId=conID: 3 locID: 102651689939042935 bcsId: 0,size=2097152]} | ret=SUCCESS |  
2019-08-20 22:34:43,713 [grpc-default-executor-2] INFO  client.GrpcClientProtocolClient (GrpcClientProtocolClient.java:onNext(255)) - client-391BA870FC40->947ec526-030f-41cc-8af7-a6f75e712ab0: receive RaftClientReply:client-391BA870FC40->947ec526-030f-41cc-8af7-a6f75e712ab0@group-5D45C35602B2, cid=2875, SUCCESS, logIndex=4309, commits[947ec526-030f-41cc-8af7-a6f75e712ab0:c4310, c447b9b6-dde2-4ce7-aa81-d0e2eddc8fe9:c4306, 28b540ac-241d-462a-a56c-509e92928066:c4306]
2019-08-20 22:34:43,713 [grpc-default-executor-3] INFO  client.GrpcClientProtocolClient (GrpcClientProtocolClient.java:onNext(255)) - client-391BA870FC40->947ec526-030f-41cc-8af7-a6f75e712ab0: receive RaftClientReply:client-391BA870FC40->947ec526-030f-41cc-8af7-a6f75e712ab0@group-5D45C35602B2, cid=2876, SUCCESS, logIndex=4310, commits[947ec526-030f-41cc-8af7-a6f75e712ab0:c4310, c447b9b6-dde2-4ce7-aa81-d0e2eddc8fe9:c4306, 28b540ac-241d-462a-a56c-509e92928066:c4306]
2019-08-20 22:34:43,713 | INFO  | DNAudit | user=null | ip=null | op=WRITE_CHUNK {blockData=conID: 3 locID: 102651689939042935 bcsId: 0} | ret=SUCCESS |  
2019-08-20 22:34:43,713 | INFO  | DNAudit | user=null | ip=null | op=PUT_BLOCK {blockData=[blockId=conID: 3 locID: 102651689939042935 bcsId: 0,size=1048576]} | ret=SUCCESS |  
2019-08-20 22:34:43,716 | INFO  | DNAudit | user=null | ip=null | op=WRITE_CHUNK {blockData=conID: 3 locID: 102651689939042935 bcsId: 0} | ret=SUCCESS |  
2019-08-20 22:34:43,716 | INFO  | DNAudit | user=null | ip=null | op=PUT_BLOCK {blockData=[blockId=conID: 3 locID: 102651689939042935 bcsId: 0,size=1048576]} | ret=SUCCESS |  
2019-08-20 22:34:43,716 | INFO  | DNAudit | user=null | ip=null | op=WRITE_CHUNK {blockData=conID: 3 locID: 102651689939042935 bcsId: 0} | ret=SUCCESS |  
2019-08-20 22:34:43,716 [grpc-default-executor-3] INFO  client.GrpcClientProtocolClient (GrpcClientProtocolClient.java:onNext(255)) - client-391BA870FC40->947ec526-030f-41cc-8af7-a6f75e712ab0: receive RaftClientReply:client-391BA870FC40->947ec526-030f-41cc-8af7-a6f75e712ab0@group-5D45C35602B2, cid=2877, SUCCESS, logIndex=0, commits[947ec526-030f-41cc-8af7-a6f75e712ab0:c4312, c447b9b6-dde2-4ce7-aa81-d0e2eddc8fe9:c4308, 28b540ac-241d-462a-a56c-509e92928066:c4308]
2019-08-20 22:34:43,716 | INFO  | DNAudit | user=null | ip=null | op=PUT_BLOCK {blockData=[blockId=conID: 3 locID: 102651689939042935 bcsId: 0,size=2097152]} | ret=SUCCESS |  
2019-08-20 22:34:43,716 | INFO  | DNAudit | user=null | ip=null | op=WRITE_CHUNK {blockData=conID: 3 locID: 102651689939042935 bcsId: 0} | ret=SUCCESS |  
2019-08-20 22:34:43,717 | INFO  | DNAudit | user=null | ip=null | op=PUT_BLOCK {blockData=[blockId=conID: 3 locID: 102651689939042935 bcsId: 0,size=2097152]} | ret=SUCCESS |  
2019-08-20 22:34:43,723 | INFO  | DNAudit | user=null | ip=null | op=WRITE_CHUNK {blockData=conID: 3 locID: 102651689939042935 bcsId: 4310} | ret=SUCCESS |  
2019-08-20 22:34:43,723 | INFO  | DNAudit | user=null | ip=null | op=WRITE_CHUNK {blockData=conID: 3 locID: 102651689939042935 bcsId: 4310} | ret=SUCCESS |  
2019-08-20 22:34:43,723 | INFO  | DNAudit | user=null | ip=null | op=WRITE_CHUNK {blockData=conID: 3 locID: 102651689939042935 bcsId: 4310} | ret=SUCCESS |  
2019-08-20 22:34:43,734 | INFO  | DNAudit | user=null | ip=null | op=WRITE_CHUNK {blockData=conID: 3 locID: 102651689939042935 bcsId: 4310} | ret=SUCCESS |  
2019-08-20 22:34:43,734 | INFO  | DNAudit | user=null | ip=null | op=PUT_BLOCK {blockData=[blockId=conID: 3 locID: 102651689939042935 bcsId: 0,size=3145728]} | ret=SUCCESS |  
2019-08-20 22:34:43,734 [grpc-default-executor-3] INFO  client.GrpcClientProtocolClient (GrpcClientProtocolClient.java:onNext(255)) - client-391BA870FC40->947ec526-030f-41cc-8af7-a6f75e712ab0: receive RaftClientReply:client-391BA870FC40->947ec526-030f-41cc-8af7-a6f75e712ab0@group-5D45C35602B2, cid=2878, SUCCESS, logIndex=4315, commits[947ec526-030f-41cc-8af7-a6f75e712ab0:c4316, c447b9b6-dde2-4ce7-aa81-d0e2eddc8fe9:c4314, 28b540ac-241d-462a-a56c-509e92928066:c4314]
2019-08-20 22:34:43,735 [grpc-default-executor-3] INFO  client.GrpcClientProtocolClient (GrpcClientProtocolClient.java:onNext(255)) - client-391BA870FC40->947ec526-030f-41cc-8af7-a6f75e712ab0: receive RaftClientReply:client-391BA870FC40->947ec526-030f-41cc-8af7-a6f75e712ab0@group-5D45C35602B2, cid=2879, SUCCESS, logIndex=4316, commits[947ec526-030f-41cc-8af7-a6f75e712ab0:c4316, c447b9b6-dde2-4ce7-aa81-d0e2eddc8fe9:c4314, 28b540ac-241d-462a-a56c-509e92928066:c4314]
2019-08-20 22:34:43,740 | INFO  | DNAudit | user=null | ip=null | op=WRITE_CHUNK {blockData=conID: 3 locID: 102651689939042935 bcsId: 4316} | ret=SUCCESS |  
2019-08-20 22:34:43,742 | INFO  | DNAudit | user=null | ip=null | op=WRITE_CHUNK {blockData=conID: 3 locID: 102651689939042935 bcsId: 4316} | ret=SUCCESS |  
2019-08-20 22:34:43,742 | INFO  | DNAudit | user=null | ip=null | op=WRITE_CHUNK {blockData=conID: 3 locID: 102651689939042935 bcsId: 4316} | ret=SUCCESS |  
2019-08-20 22:34:43,744 | INFO  | DNAudit | user=null | ip=null | op=WRITE_CHUNK {blockData=conID: 3 locID: 102651689939042935 bcsId: 4310} | ret=SUCCESS |  
2019-08-20 22:34:43,746 | INFO  | DNAudit | user=null | ip=null | op=WRITE_CHUNK {blockData=conID: 3 locID: 102651689939042935 bcsId: 4310} | ret=SUCCESS |  
2019-08-20 22:34:43,747 | INFO  | DNAudit | user=null | ip=null | op=PUT_BLOCK {blockData=[blockId=conID: 3 locID: 102651689939042935 bcsId: 0,size=3145728]} | ret=SUCCESS |  
2019-08-20 22:34:43,747 | INFO  | DNAudit | user=null | ip=null | op=WRITE_CHUNK {blockData=conID: 3 locID: 102651689939042935 bcsId: 4316} | ret=SUCCESS |  
2019-08-20 22:34:43,747 | INFO  | DNAudit | user=null | ip=null | op=PUT_BLOCK {blockData=[blockId=conID: 3 locID: 102651689939042935 bcsId: 0,size=3145728]} | ret=SUCCESS |  
2019-08-20 22:34:43,748 | INFO  | DNAudit | user=null | ip=null | op=PUT_BLOCK {blockData=[blockId=conID: 3 locID: 102651689939042935 bcsId: 0,size=4194304]} | ret=SUCCESS |  
2019-08-20 22:34:43,748 [grpc-default-executor-1] INFO  client.GrpcClientProtocolClient (GrpcClientProtocolClient.java:onNext(255)) - client-391BA870FC40->947ec526-030f-41cc-8af7-a6f75e712ab0: receive RaftClientReply:client-391BA870FC40->947ec526-030f-41cc-8af7-a6f75e712ab0@group-5D45C35602B2, cid=2880, SUCCESS, logIndex=4319, commits[947ec526-030f-41cc-8af7-a6f75e712ab0:c4320, c447b9b6-dde2-4ce7-aa81-d0e2eddc8fe9:c4316, 28b540ac-241d-462a-a56c-509e92928066:c4316]
2019-08-20 22:34:43,748 [grpc-default-executor-1] INFO  client.GrpcClientProtocolClient (GrpcClientProtocolClient.java:onNext(255)) - client-391BA870FC40->947ec526-030f-41cc-8af7-a6f75e712ab0: receive RaftClientReply:client-391BA870FC40->947ec526-030f-41cc-8af7-a6f75e712ab0@group-5D45C35602B2, cid=2881, SUCCESS, logIndex=4320, commits[947ec526-030f-41cc-8af7-a6f75e712ab0:c4320, c447b9b6-dde2-4ce7-aa81-d0e2eddc8fe9:c4316, 28b540ac-241d-462a-a56c-509e92928066:c4316]
2019-08-20 22:34:43,751 | INFO  | DNAudit | user=null | ip=null | op=WRITE_CHUNK {blockData=conID: 3 locID: 102651689939042935 bcsId: 4316} | ret=SUCCESS |  
2019-08-20 22:34:43,751 | INFO  | DNAudit | user=null | ip=null | op=WRITE_CHUNK {blockData=conID: 3 locID: 102651689939042935 bcsId: 4316} | ret=SUCCESS |  
2019-08-20 22:34:43,753 | INFO  | DNAudit | user=null | ip=null | op=PUT_BLOCK {blockData=[blockId=conID: 3 locID: 102651689939042935 bcsId: 0,size=4194304]} | ret=SUCCESS |  
2019-08-20 22:34:43,753 | INFO  | DNAudit | user=null | ip=null | op=PUT_BLOCK {blockData=[blockId=conID: 3 locID: 102651689939042935 bcsId: 0,size=4194304]} | ret=SUCCESS |  
2019-08-20 22:34:43,753 [grpc-default-executor-1] INFO  client.GrpcClientProtocolClient (GrpcClientProtocolClient.java:onNext(255)) - client-391BA870FC40->947ec526-030f-41cc-8af7-a6f75e712ab0: receive RaftClientReply:client-391BA870FC40->947ec526-030f-41cc-8af7-a6f75e712ab0@group-5D45C35602B2, cid=2882, SUCCESS, logIndex=0, commits[947ec526-030f-41cc-8af7-a6f75e712ab0:c4322, c447b9b6-dde2-4ce7-aa81-d0e2eddc8fe9:c4320, 28b540ac-241d-462a-a56c-509e92928066:c4320]
2019-08-20 22:34:43,758 | INFO  | SCMAudit | user=jenkins1000 | ip=192.168.5.142 | op=ALLOCATE_BLOCK {owner=6f694d07-2a2f-44d9-8e1c-aaa094a2f647, size=4194304, type=RATIS, factor=THREE} | ret=SUCCESS |  
2019-08-20 22:34:43,761 | INFO  | OMAudit | user=jenkins1000 | ip=127.0.0.1 | op=ALLOCATE_BLOCK {volume=vol-0-80747, bucket=bucket-0-27686, key=key-0-47435, dataSize=0, replicationType=null, replicationFactor=null, keyLocationInfo=null, clientID=102651687805452690} | ret=SUCCESS |  
2019-08-20 22:34:43,767 | INFO  | DNAudit | user=null | ip=null | op=WRITE_CHUNK {blockData=conID: 1 locID: 102651689943564920 bcsId: 0} | ret=SUCCESS |  
2019-08-20 22:34:43,768 | INFO  | DNAudit | user=null | ip=null | op=WRITE_CHUNK {blockData=conID: 1 locID: 102651689943564920 bcsId: 0} | ret=SUCCESS |  
2019-08-20 22:34:43,769 | INFO  | DNAudit | user=null | ip=null | op=WRITE_CHUNK {blockData=conID: 1 locID: 102651689943564920 bcsId: 0} | ret=SUCCESS |  
2019-08-20 22:34:43,769 | INFO  | DNAudit | user=null | ip=null | op=WRITE_CHUNK {blockData=conID: 1 locID: 102651689943564920 bcsId: 0} | ret=SUCCESS |  
2019-08-20 22:34:43,771 | INFO  | DNAudit | user=null | ip=null | op=WRITE_CHUNK {blockData=conID: 1 locID: 102651689943564920 bcsId: 0} | ret=SUCCESS |  
2019-08-20 22:34:43,771 | INFO  | DNAudit | user=null | ip=null | op=WRITE_CHUNK {blockData=conID: 1 locID: 102651689943564920 bcsId: 0} | ret=SUCCESS |  
2019-08-20 22:34:43,774 | INFO  | DNAudit | user=null | ip=null | op=WRITE_CHUNK {blockData=conID: 1 locID: 102651689943564920 bcsId: 0} | ret=SUCCESS |  
2019-08-20 22:34:43,775 | INFO  | DNAudit | user=null | ip=null | op=PUT_BLOCK {blockData=[blockId=conID: 1 locID: 102651689943564920 bcsId: 0,size=1048576]} | ret=SUCCESS |  
2019-08-20 22:34:43,775 [grpc-default-executor-1] INFO  client.GrpcClientProtocolClient (GrpcClientProtocolClient.java:onNext(255)) - client-391BA870FC40->947ec526-030f-41cc-8af7-a6f75e712ab0: receive RaftClientReply:client-391BA870FC40->947ec526-030f-41cc-8af7-a6f75e712ab0@group-5D45C35602B2, cid=2883, SUCCESS, logIndex=4323, commits[947ec526-030f-41cc-8af7-a6f75e712ab0:c4324, c447b9b6-dde2-4ce7-aa81-d0e2eddc8fe9:c4322, 28b540ac-241d-462a-a56c-509e92928066:c4322]
2019-08-20 22:34:43,775 [grpc-default-executor-1] INFO  client.GrpcClientProtocolClient (GrpcClientProtocolClient.java:onNext(255)) - client-391BA870FC40->947ec526-030f-41cc-8af7-a6f75e712ab0: receive RaftClientReply:client-391BA870FC40->947ec526-030f-41cc-8af7-a6f75e712ab0@group-5D45C35602B2, cid=2884, SUCCESS, logIndex=4324, commits[947ec526-030f-41cc-8af7-a6f75e712ab0:c4324, c447b9b6-dde2-4ce7-aa81-d0e2eddc8fe9:c4322, 28b540ac-241d-462a-a56c-509e92928066:c4322]
2019-08-20 22:34:43,775 | INFO  | DNAudit | user=null | ip=null | op=WRITE_CHUNK {blockData=conID: 1 locID: 102651689943564920 bcsId: 0} | ret=SUCCESS |  
2019-08-20 22:34:43,776 | INFO  | DNAudit | user=null | ip=null | op=PUT_BLOCK {blockData=[blockId=conID: 1 locID: 102651689943564920 bcsId: 0,size=2097152]} | ret=SUCCESS |  
2019-08-20 22:34:43,776 [grpc-default-executor-2] INFO  client.GrpcClientProtocolClient (GrpcClientProtocolClient.java:onNext(255)) - client-391BA870FC40->947ec526-030f-41cc-8af7-a6f75e712ab0: receive RaftClientReply:client-391BA870FC40->947ec526-030f-41cc-8af7-a6f75e712ab0@group-5D45C35602B2, cid=2885, SUCCESS, logIndex=4325, commits[947ec526-030f-41cc-8af7-a6f75e712ab0:c4326, c447b9b6-dde2-4ce7-aa81-d0e2eddc8fe9:c4322, 28b540ac-241d-462a-a56c-509e92928066:c4322]
2019-08-20 22:34:43,776 [grpc-default-executor-2] INFO  client.GrpcClientProtocolClient (GrpcClientProtocolClient.java:onNext(255)) - client-391BA870FC40->947ec526-030f-41cc-8af7-a6f75e712ab0: receive RaftClientReply:client-391BA870FC40->947ec526-030f-41cc-8af7-a6f75e712ab0@group-5D45C35602B2, cid=2886, SUCCESS, logIndex=4326, commits[947ec526-030f-41cc-8af7-a6f75e712ab0:c4326, c447b9b6-dde2-4ce7-aa81-d0e2eddc8fe9:c4322, 28b540ac-241d-462a-a56c-509e92928066:c4322]
2019-08-20 22:34:43,776 | INFO  | DNAudit | user=null | ip=null | op=WRITE_CHUNK {blockData=conID: 1 locID: 102651689943564920 bcsId: 0} | ret=SUCCESS |  
2019-08-20 22:34:43,777 | INFO  | DNAudit | user=null | ip=null | op=PUT_BLOCK {blockData=[blockId=conID: 1 locID: 102651689943564920 bcsId: 0,size=1048576]} | ret=SUCCESS |  
2019-08-20 22:34:43,778 | INFO  | DNAudit | user=null | ip=null | op=WRITE_CHUNK {blockData=conID: 1 locID: 102651689943564920 bcsId: 0} | ret=SUCCESS |  
2019-08-20 22:34:43,778 | INFO  | DNAudit | user=null | ip=null | op=PUT_BLOCK {blockData=[blockId=conID: 1 locID: 102651689943564920 bcsId: 0,size=1048576]} | ret=SUCCESS |  
2019-08-20 22:34:43,778 | INFO  | DNAudit | user=null | ip=null | op=WRITE_CHUNK {blockData=conID: 1 locID: 102651689943564920 bcsId: 0} | ret=SUCCESS |  
2019-08-20 22:34:43,778 | INFO  | DNAudit | user=null | ip=null | op=PUT_BLOCK {blockData=[blockId=conID: 1 locID: 102651689943564920 bcsId: 0,size=2097152]} | ret=SUCCESS |  
2019-08-20 22:34:43,778 [grpc-default-executor-2] INFO  client.GrpcClientProtocolClient (GrpcClientProtocolClient.java:onNext(255)) - client-391BA870FC40->947ec526-030f-41cc-8af7-a6f75e712ab0: receive RaftClientReply:client-391BA870FC40->947ec526-030f-41cc-8af7-a6f75e712ab0@group-5D45C35602B2, cid=2887, SUCCESS, logIndex=0, commits[947ec526-030f-41cc-8af7-a6f75e712ab0:c4328, c447b9b6-dde2-4ce7-aa81-d0e2eddc8fe9:c4324, 28b540ac-241d-462a-a56c-509e92928066:c4324]
2019-08-20 22:34:43,783 | INFO  | DNAudit | user=null | ip=null | op=WRITE_CHUNK {blockData=conID: 1 locID: 102651689943564920 bcsId: 4326} | ret=SUCCESS |  
2019-08-20 22:34:43,784 | INFO  | DNAudit | user=null | ip=null | op=WRITE_CHUNK {blockData=conID: 1 locID: 102651689943564920 bcsId: 4326} | ret=SUCCESS |  
2019-08-20 22:34:43,784 | INFO  | DNAudit | user=null | ip=null | op=WRITE_CHUNK {blockData=conID: 1 locID: 102651689943564920 bcsId: 4326} | ret=SUCCESS |  
2019-08-20 22:34:43,788 | INFO  | DNAudit | user=null | ip=null | op=WRITE_CHUNK {blockData=conID: 1 locID: 102651689943564920 bcsId: 0} | ret=SUCCESS |  
2019-08-20 22:34:43,789 | INFO  | DNAudit | user=null | ip=null | op=PUT_BLOCK {blockData=[blockId=conID: 1 locID: 102651689943564920 bcsId: 0,size=2097152]} | ret=SUCCESS |  
2019-08-20 22:34:43,789 | INFO  | DNAudit | user=null | ip=null | op=WRITE_CHUNK {blockData=conID: 1 locID: 102651689943564920 bcsId: 4326} | ret=SUCCESS |  
2019-08-20 22:34:43,790 | INFO  | DNAudit | user=null | ip=null | op=PUT_BLOCK {blockData=[blockId=conID: 1 locID: 102651689943564920 bcsId: 0,size=3145728]} | ret=SUCCESS |  
2019-08-20 22:34:43,790 [grpc-default-executor-5] INFO  client.GrpcClientProtocolClient (GrpcClientProtocolClient.java:onNext(255)) - client-391BA870FC40->947ec526-030f-41cc-8af7-a6f75e712ab0: receive RaftClientReply:client-391BA870FC40->947ec526-030f-41cc-8af7-a6f75e712ab0@group-5D45C35602B2, cid=2888, SUCCESS, logIndex=4331, commits[947ec526-030f-41cc-8af7-a6f75e712ab0:c4332, c447b9b6-dde2-4ce7-aa81-d0e2eddc8fe9:c4326, 28b540ac-241d-462a-a56c-509e92928066:c4330]
2019-08-20 22:34:43,790 [grpc-default-executor-5] INFO  client.GrpcClientProtocolClient (GrpcClientProtocolClient.java:onNext(255)) - client-391BA870FC40->947ec526-030f-41cc-8af7-a6f75e712ab0: receive RaftClientReply:client-391BA870FC40->947ec526-030f-41cc-8af7-a6f75e712ab0@group-5D45C35602B2, cid=2889, SUCCESS, logIndex=4332, commits[947ec526-030f-41cc-8af7-a6f75e712ab0:c4332, c447b9b6-dde2-4ce7-aa81-d0e2eddc8fe9:c4330, 28b540ac-241d-462a-a56c-509e92928066:c4330]
2019-08-20 22:34:43,792 | INFO  | DNAudit | user=null | ip=null | op=WRITE_CHUNK {blockData=conID: 1 locID: 102651689943564920 bcsId: 4326} | ret=SUCCESS |  
2019-08-20 22:34:43,792 | INFO  | DNAudit | user=null | ip=null | op=PUT_BLOCK {blockData=[blockId=conID: 1 locID: 102651689943564920 bcsId: 0,size=3145728]} | ret=SUCCESS |  
2019-08-20 22:34:43,792 | INFO  | DNAudit | user=null | ip=null | op=WRITE_CHUNK {blockData=conID: 1 locID: 102651689943564920 bcsId: 4326} | ret=SUCCESS |  
2019-08-20 22:34:43,793 | INFO  | DNAudit | user=null | ip=null | op=PUT_BLOCK {blockData=[blockId=conID: 1 locID: 102651689943564920 bcsId: 0,size=3145728]} | ret=SUCCESS |  
2019-08-20 22:34:43,795 | INFO  | DNAudit | user=null | ip=null | op=WRITE_CHUNK {blockData=conID: 1 locID: 102651689943564920 bcsId: 4332} | ret=SUCCESS |  
2019-08-20 22:34:43,801 | INFO  | DNAudit | user=null | ip=null | op=WRITE_CHUNK {blockData=conID: 1 locID: 102651689943564920 bcsId: 4332} | ret=SUCCESS |  
2019-08-20 22:34:43,801 | INFO  | DNAudit | user=null | ip=null | op=WRITE_CHUNK {blockData=conID: 1 locID: 102651689943564920 bcsId: 4332} | ret=SUCCESS |  
2019-08-20 22:34:43,810 | INFO  | DNAudit | user=null | ip=null | op=WRITE_CHUNK {blockData=conID: 1 locID: 102651689943564920 bcsId: 4332} | ret=SUCCESS |  
2019-08-20 22:34:43,811 | INFO  | DNAudit | user=null | ip=null | op=PUT_BLOCK {blockData=[blockId=conID: 1 locID: 102651689943564920 bcsId: 0,size=4194304]} | ret=SUCCESS |  
2019-08-20 22:34:43,811 [grpc-default-executor-1] INFO  client.GrpcClientProtocolClient (GrpcClientProtocolClient.java:onNext(255)) - client-391BA870FC40->947ec526-030f-41cc-8af7-a6f75e712ab0: receive RaftClientReply:client-391BA870FC40->947ec526-030f-41cc-8af7-a6f75e712ab0@group-5D45C35602B2, cid=2890, SUCCESS, logIndex=4334, commits[947ec526-030f-41cc-8af7-a6f75e712ab0:c4335, c447b9b6-dde2-4ce7-aa81-d0e2eddc8fe9:c4333, 28b540ac-241d-462a-a56c-509e92928066:c4333]
2019-08-20 22:34:43,811 [grpc-default-executor-1] INFO  client.GrpcClientProtocolClient (GrpcClientProtocolClient.java:onNext(255)) - client-391BA870FC40->947ec526-030f-41cc-8af7-a6f75e712ab0: receive RaftClientReply:client-391BA870FC40->947ec526-030f-41cc-8af7-a6f75e712ab0@group-5D45C35602B2, cid=2891, SUCCESS, logIndex=4335, commits[947ec526-030f-41cc-8af7-a6f75e712ab0:c4335, c447b9b6-dde2-4ce7-aa81-d0e2eddc8fe9:c4333, 28b540ac-241d-462a-a56c-509e92928066:c4333]
2019-08-20 22:34:43,822 | INFO  | DNAudit | user=null | ip=null | op=WRITE_CHUNK {blockData=conID: 1 locID: 102651689943564920 bcsId: 4332} | ret=SUCCESS |  
2019-08-20 22:34:43,822 | INFO  | DNAudit | user=null | ip=null | op=WRITE_CHUNK {blockData=conID: 1 locID: 102651689943564920 bcsId: 4332} | ret=SUCCESS |  
2019-08-20 22:34:43,822 | INFO  | DNAudit | user=null | ip=null | op=PUT_BLOCK {blockData=[blockId=conID: 1 locID: 102651689943564920 bcsId: 0,size=4194304]} | ret=SUCCESS |  
2019-08-20 22:34:43,822 | INFO  | DNAudit | user=null | ip=null | op=PUT_BLOCK {blockData=[blockId=conID: 1 locID: 102651689943564920 bcsId: 0,size=4194304]} | ret=SUCCESS |  
2019-08-20 22:34:43,822 [grpc-default-executor-1] INFO  client.GrpcClientProtocolClient (GrpcClientProtocolClient.java:onNext(255)) - client-391BA870FC40->947ec526-030f-41cc-8af7-a6f75e712ab0: receive RaftClientReply:client-391BA870FC40->947ec526-030f-41cc-8af7-a6f75e712ab0@group-5D45C35602B2, cid=2892, SUCCESS, logIndex=0, commits[947ec526-030f-41cc-8af7-a6f75e712ab0:c4336, c447b9b6-dde2-4ce7-aa81-d0e2eddc8fe9:c4335, 28b540ac-241d-462a-a56c-509e92928066:c4335]
2019-08-20 22:34:43,827 | INFO  | SCMAudit | user=jenkins1000 | ip=192.168.5.142 | op=ALLOCATE_BLOCK {owner=6f694d07-2a2f-44d9-8e1c-aaa094a2f647, size=4194304, type=RATIS, factor=THREE} | ret=SUCCESS |  
2019-08-20 22:34:43,830 | INFO  | OMAudit | user=jenkins1000 | ip=127.0.0.1 | op=ALLOCATE_BLOCK {volume=vol-0-80747, bucket=bucket-0-27686, key=key-0-47435, dataSize=0, replicationType=null, replicationFactor=null, keyLocationInfo=null, clientID=102651687805452690} | ret=SUCCESS |  
2019-08-20 22:34:43,836 | INFO  | DNAudit | user=null | ip=null | op=WRITE_CHUNK {blockData=conID: 2 locID: 102651689948086905 bcsId: 0} | ret=SUCCESS |  
2019-08-20 22:34:43,837 | INFO  | DNAudit | user=null | ip=null | op=WRITE_CHUNK {blockData=conID: 2 locID: 102651689948086905 bcsId: 0} | ret=SUCCESS |  
2019-08-20 22:34:43,838 | INFO  | DNAudit | user=null | ip=null | op=WRITE_CHUNK {blockData=conID: 2 locID: 102651689948086905 bcsId: 0} | ret=SUCCESS |  
2019-08-20 22:34:43,839 | INFO  | DNAudit | user=null | ip=null | op=WRITE_CHUNK {blockData=conID: 2 locID: 102651689948086905 bcsId: 0} | ret=SUCCESS |  
2019-08-20 22:34:43,840 | INFO  | DNAudit | user=null | ip=null | op=WRITE_CHUNK {blockData=conID: 2 locID: 102651689948086905 bcsId: 0} | ret=SUCCESS |  
2019-08-20 22:34:43,841 | INFO  | DNAudit | user=null | ip=null | op=WRITE_CHUNK {blockData=conID: 2 locID: 102651689948086905 bcsId: 0} | ret=SUCCESS |  
2019-08-20 22:34:43,849 | INFO  | DNAudit | user=null | ip=null | op=WRITE_CHUNK {blockData=conID: 2 locID: 102651689948086905 bcsId: 0} | ret=SUCCESS |  
2019-08-20 22:34:43,849 | INFO  | DNAudit | user=null | ip=null | op=PUT_BLOCK {blockData=[blockId=conID: 2 locID: 102651689948086905 bcsId: 0,size=1048576]} | ret=SUCCESS |  
2019-08-20 22:34:43,849 [grpc-default-executor-5] INFO  client.GrpcClientProtocolClient (GrpcClientProtocolClient.java:onNext(255)) - client-391BA870FC40->947ec526-030f-41cc-8af7-a6f75e712ab0: receive RaftClientReply:client-391BA870FC40->947ec526-030f-41cc-8af7-a6f75e712ab0@group-5D45C35602B2, cid=2893, SUCCESS, logIndex=4338, commits[947ec526-030f-41cc-8af7-a6f75e712ab0:c4339, c447b9b6-dde2-4ce7-aa81-d0e2eddc8fe9:c4337, 28b540ac-241d-462a-a56c-509e92928066:c4337]
2019-08-20 22:34:43,849 | INFO  | DNAudit | user=null | ip=null | op=WRITE_CHUNK {blockData=conID: 2 locID: 102651689948086905 bcsId: 0} | ret=SUCCESS |  
2019-08-20 22:34:43,850 [grpc-default-executor-3] INFO  client.GrpcClientProtocolClient (GrpcClientProtocolClient.java:onNext(255)) - client-391BA870FC40->947ec526-030f-41cc-8af7-a6f75e712ab0: receive RaftClientReply:client-391BA870FC40->947ec526-030f-41cc-8af7-a6f75e712ab0@group-5D45C35602B2, cid=2894, SUCCESS, logIndex=4339, commits[947ec526-030f-41cc-8af7-a6f75e712ab0:c4339, c447b9b6-dde2-4ce7-aa81-d0e2eddc8fe9:c4337, 28b540ac-241d-462a-a56c-509e92928066:c4337]
2019-08-20 22:34:43,850 | INFO  | DNAudit | user=null | ip=null | op=PUT_BLOCK {blockData=[blockId=conID: 2 locID: 102651689948086905 bcsId: 0,size=2097152]} | ret=SUCCESS |  
2019-08-20 22:34:43,850 [grpc-default-executor-3] INFO  client.GrpcClientProtocolClient (GrpcClientProtocolClient.java:onNext(255)) - client-391BA870FC40->947ec526-030f-41cc-8af7-a6f75e712ab0: receive RaftClientReply:client-391BA870FC40->947ec526-030f-41cc-8af7-a6f75e712ab0@group-5D45C35602B2, cid=2895, SUCCESS, logIndex=4340, commits[947ec526-030f-41cc-8af7-a6f75e712ab0:c4341, c447b9b6-dde2-4ce7-aa81-d0e2eddc8fe9:c4337, 28b540ac-241d-462a-a56c-509e92928066:c4337]
2019-08-20 22:34:43,850 [grpc-default-executor-3] INFO  client.GrpcClientProtocolClient (GrpcClientProtocolClient.java:onNext(255)) - client-391BA870FC40->947ec526-030f-41cc-8af7-a6f75e712ab0: receive RaftClientReply:client-391BA870FC40->947ec526-030f-41cc-8af7-a6f75e712ab0@group-5D45C35602B2, cid=2896, SUCCESS, logIndex=4341, commits[947ec526-030f-41cc-8af7-a6f75e712ab0:c4341, c447b9b6-dde2-4ce7-aa81-d0e2eddc8fe9:c4337, 28b540ac-241d-462a-a56c-509e92928066:c4337]
2019-08-20 22:34:43,862 | INFO  | DNAudit | user=null | ip=null | op=WRITE_CHUNK {blockData=conID: 2 locID: 102651689948086905 bcsId: 0} | ret=SUCCESS |  
2019-08-20 22:34:43,863 | INFO  | DNAudit | user=null | ip=null | op=PUT_BLOCK {blockData=[blockId=conID: 2 locID: 102651689948086905 bcsId: 0,size=1048576]} | ret=SUCCESS |  
2019-08-20 22:34:43,863 | INFO  | DNAudit | user=null | ip=null | op=WRITE_CHUNK {blockData=conID: 2 locID: 102651689948086905 bcsId: 0} | ret=SUCCESS |  
2019-08-20 22:34:43,863 | INFO  | DNAudit | user=null | ip=null | op=PUT_BLOCK {blockData=[blockId=conID: 2 locID: 102651689948086905 bcsId: 0,size=1048576]} | ret=SUCCESS |  
2019-08-20 22:34:43,863 | INFO  | DNAudit | user=null | ip=null | op=WRITE_CHUNK {blockData=conID: 2 locID: 102651689948086905 bcsId: 0} | ret=SUCCESS |  
2019-08-20 22:34:43,863 [grpc-default-executor-3] INFO  client.GrpcClientProtocolClient (GrpcClientProtocolClient.java:onNext(255)) - client-391BA870FC40->947ec526-030f-41cc-8af7-a6f75e712ab0: receive RaftClientReply:client-391BA870FC40->947ec526-030f-41cc-8af7-a6f75e712ab0@group-5D45C35602B2, cid=2897, SUCCESS, logIndex=0, commits[947ec526-030f-41cc-8af7-a6f75e712ab0:c4343, c447b9b6-dde2-4ce7-aa81-d0e2eddc8fe9:c4339, 28b540ac-241d-462a-a56c-509e92928066:c4339]
2019-08-20 22:34:43,864 | INFO  | DNAudit | user=null | ip=null | op=PUT_BLOCK {blockData=[blockId=conID: 2 locID: 102651689948086905 bcsId: 0,size=2097152]} | ret=SUCCESS |  
2019-08-20 22:34:43,864 | INFO  | DNAudit | user=null | ip=null | op=WRITE_CHUNK {blockData=conID: 2 locID: 102651689948086905 bcsId: 0} | ret=SUCCESS |  
2019-08-20 22:34:43,864 | INFO  | DNAudit | user=null | ip=null | op=PUT_BLOCK {blockData=[blockId=conID: 2 locID: 102651689948086905 bcsId: 0,size=2097152]} | ret=SUCCESS |  
2019-08-20 22:34:43,869 | INFO  | DNAudit | user=null | ip=null | op=WRITE_CHUNK {blockData=conID: 2 locID: 102651689948086905 bcsId: 4341} | ret=SUCCESS |  
2019-08-20 22:34:43,870 | INFO  | DNAudit | user=null | ip=null | op=WRITE_CHUNK {blockData=conID: 2 locID: 102651689948086905 bcsId: 4341} | ret=SUCCESS |  
2019-08-20 22:34:43,870 | INFO  | DNAudit | user=null | ip=null | op=WRITE_CHUNK {blockData=conID: 2 locID: 102651689948086905 bcsId: 4341} | ret=SUCCESS |  
2019-08-20 22:34:43,881 | INFO  | DNAudit | user=null | ip=null | op=WRITE_CHUNK {blockData=conID: 2 locID: 102651689948086905 bcsId: 4341} | ret=SUCCESS |  
2019-08-20 22:34:43,881 | INFO  | DNAudit | user=null | ip=null | op=PUT_BLOCK {blockData=[blockId=conID: 2 locID: 102651689948086905 bcsId: 0,size=3145728]} | ret=SUCCESS |  
2019-08-20 22:34:43,881 [grpc-default-executor-5] INFO  client.GrpcClientProtocolClient (GrpcClientProtocolClient.java:onNext(255)) - client-391BA870FC40->947ec526-030f-41cc-8af7-a6f75e712ab0: receive RaftClientReply:client-391BA870FC40->947ec526-030f-41cc-8af7-a6f75e712ab0@group-5D45C35602B2, cid=2898, SUCCESS, logIndex=4345, commits[947ec526-030f-41cc-8af7-a6f75e712ab0:c4346, c447b9b6-dde2-4ce7-aa81-d0e2eddc8fe9:c4344, 28b540ac-241d-462a-a56c-509e92928066:c4344]
2019-08-20 22:34:43,881 [grpc-default-executor-5] INFO  client.GrpcClientProtocolClient (GrpcClientProtocolClient.java:onNext(255)) - client-391BA870FC40->947ec526-030f-41cc-8af7-a6f75e712ab0: receive RaftClientReply:client-391BA870FC40->947ec526-030f-41cc-8af7-a6f75e712ab0@group-5D45C35602B2, cid=2899, SUCCESS, logIndex=4346, commits[947ec526-030f-41cc-8af7-a6f75e712ab0:c4346, c447b9b6-dde2-4ce7-aa81-d0e2eddc8fe9:c4344, 28b540ac-241d-462a-a56c-509e92928066:c4344]
2019-08-20 22:34:43,886 | INFO  | DNAudit | user=null | ip=null | op=WRITE_CHUNK {blockData=conID: 2 locID: 102651689948086905 bcsId: 4346} | ret=SUCCESS |  
2019-08-20 22:34:43,889 | INFO  | DNAudit | user=null | ip=null | op=WRITE_CHUNK {blockData=conID: 2 locID: 102651689948086905 bcsId: 4346} | ret=SUCCESS |  
2019-08-20 22:34:43,889 | INFO  | DNAudit | user=null | ip=null | op=WRITE_CHUNK {blockData=conID: 2 locID: 102651689948086905 bcsId: 4346} | ret=SUCCESS |  
2019-08-20 22:34:43,892 | INFO  | DNAudit | user=null | ip=null | op=WRITE_CHUNK {blockData=conID: 2 locID: 102651689948086905 bcsId: 4341} | ret=SUCCESS |  
2019-08-20 22:34:43,892 | INFO  | DNAudit | user=null | ip=null | op=WRITE_CHUNK {blockData=conID: 2 locID: 102651689948086905 bcsId: 4341} | ret=SUCCESS |  
2019-08-20 22:34:43,892 | INFO  | DNAudit | user=null | ip=null | op=PUT_BLOCK {blockData=[blockId=conID: 2 locID: 102651689948086905 bcsId: 0,size=3145728]} | ret=SUCCESS |  
2019-08-20 22:34:43,892 | INFO  | DNAudit | user=null | ip=null | op=PUT_BLOCK {blockData=[blockId=conID: 2 locID: 102651689948086905 bcsId: 0,size=3145728]} | ret=SUCCESS |  
2019-08-20 22:34:43,895 | INFO  | DNAudit | user=null | ip=null | op=WRITE_CHUNK {blockData=conID: 2 locID: 102651689948086905 bcsId: 4346} | ret=SUCCESS |  
2019-08-20 22:34:43,895 | INFO  | DNAudit | user=null | ip=null | op=PUT_BLOCK {blockData=[blockId=conID: 2 locID: 102651689948086905 bcsId: 0,size=4194304]} | ret=SUCCESS |  
2019-08-20 22:34:43,896 [grpc-default-executor-5] INFO  client.GrpcClientProtocolClient (GrpcClientProtocolClient.java:onNext(255)) - client-391BA870FC40->947ec526-030f-41cc-8af7-a6f75e712ab0: receive RaftClientReply:client-391BA870FC40->947ec526-030f-41cc-8af7-a6f75e712ab0@group-5D45C35602B2, cid=2900, SUCCESS, logIndex=4349, commits[947ec526-030f-41cc-8af7-a6f75e712ab0:c4350, c447b9b6-dde2-4ce7-aa81-d0e2eddc8fe9:c4346, 28b540ac-241d-462a-a56c-509e92928066:c4346]
2019-08-20 22:34:43,896 [grpc-default-executor-5] INFO  client.GrpcClientProtocolClient (GrpcClientProtocolClient.java:onNext(255)) - client-391BA870FC40->947ec526-030f-41cc-8af7-a6f75e712ab0: receive RaftClientReply:client-391BA870FC40->947ec526-030f-41cc-8af7-a6f75e712ab0@group-5D45C35602B2, cid=2901, SUCCESS, logIndex=4350, commits[947ec526-030f-41cc-8af7-a6f75e712ab0:c4350, c447b9b6-dde2-4ce7-aa81-d0e2eddc8fe9:c4346, 28b540ac-241d-462a-a56c-509e92928066:c4346]
2019-08-20 22:34:43,907 | INFO  | DNAudit | user=null | ip=null | op=WRITE_CHUNK {blockData=conID: 2 locID: 102651689948086905 bcsId: 4346} | ret=SUCCESS |  
2019-08-20 22:34:43,907 | INFO  | DNAudit | user=null | ip=null | op=WRITE_CHUNK {blockData=conID: 2 locID: 102651689948086905 bcsId: 4346} | ret=SUCCESS |  
2019-08-20 22:34:43,909 | INFO  | DNAudit | user=null | ip=null | op=PUT_BLOCK {blockData=[blockId=conID: 2 locID: 102651689948086905 bcsId: 0,size=4194304]} | ret=SUCCESS |  
2019-08-20 22:34:43,909 | INFO  | DNAudit | user=null | ip=null | op=PUT_BLOCK {blockData=[blockId=conID: 2 locID: 102651689948086905 bcsId: 0,size=4194304]} | ret=SUCCESS |  
2019-08-20 22:34:43,910 [grpc-default-executor-5] INFO  client.GrpcClientProtocolClient (GrpcClientProtocolClient.java:onNext(255)) - client-391BA870FC40->947ec526-030f-41cc-8af7-a6f75e712ab0: receive RaftClientReply:client-391BA870FC40->947ec526-030f-41cc-8af7-a6f75e712ab0@group-5D45C35602B2, cid=2902, SUCCESS, logIndex=0, commits[947ec526-030f-41cc-8af7-a6f75e712ab0:c4352, c447b9b6-dde2-4ce7-aa81-d0e2eddc8fe9:c4350, 28b540ac-241d-462a-a56c-509e92928066:c4350]
2019-08-20 22:34:43,914 | INFO  | SCMAudit | user=jenkins1000 | ip=192.168.5.142 | op=ALLOCATE_BLOCK {owner=6f694d07-2a2f-44d9-8e1c-aaa094a2f647, size=4194304, type=RATIS, factor=THREE} | ret=SUCCESS |  
2019-08-20 22:34:43,917 | INFO  | OMAudit | user=jenkins1000 | ip=127.0.0.1 | op=ALLOCATE_BLOCK {volume=vol-0-80747, bucket=bucket-0-27686, key=key-0-47435, dataSize=0, replicationType=null, replicationFactor=null, keyLocationInfo=null, clientID=102651687805452690} | ret=SUCCESS |  
2019-08-20 22:34:43,923 | INFO  | DNAudit | user=null | ip=null | op=WRITE_CHUNK {blockData=conID: 3 locID: 102651689953788538 bcsId: 0} | ret=SUCCESS |  
2019-08-20 22:34:43,926 | INFO  | DNAudit | user=null | ip=null | op=WRITE_CHUNK {blockData=conID: 3 locID: 102651689953788538 bcsId: 0} | ret=SUCCESS |  
2019-08-20 22:34:43,926 | INFO  | DNAudit | user=null | ip=null | op=WRITE_CHUNK {blockData=conID: 3 locID: 102651689953788538 bcsId: 0} | ret=SUCCESS |  
2019-08-20 22:34:43,927 | INFO  | DNAudit | user=null | ip=null | op=WRITE_CHUNK {blockData=conID: 3 locID: 102651689953788538 bcsId: 0} | ret=SUCCESS |  
2019-08-20 22:34:43,927 | INFO  | DNAudit | user=null | ip=null | op=WRITE_CHUNK {blockData=conID: 3 locID: 102651689953788538 bcsId: 0} | ret=SUCCESS |  
2019-08-20 22:34:43,927 | INFO  | DNAudit | user=null | ip=null | op=WRITE_CHUNK {blockData=conID: 3 locID: 102651689953788538 bcsId: 0} | ret=SUCCESS |  
2019-08-20 22:34:43,939 | INFO  | DNAudit | user=null | ip=null | op=WRITE_CHUNK {blockData=conID: 3 locID: 102651689953788538 bcsId: 0} | ret=SUCCESS |  
2019-08-20 22:34:43,939 | INFO  | DNAudit | user=null | ip=null | op=PUT_BLOCK {blockData=[blockId=conID: 3 locID: 102651689953788538 bcsId: 0,size=1048576]} | ret=SUCCESS |  
2019-08-20 22:34:43,939 | INFO  | DNAudit | user=null | ip=null | op=WRITE_CHUNK {blockData=conID: 3 locID: 102651689953788538 bcsId: 0} | ret=SUCCESS |  
2019-08-20 22:34:43,939 [grpc-default-executor-5] INFO  client.GrpcClientProtocolClient (GrpcClientProtocolClient.java:onNext(255)) - client-391BA870FC40->947ec526-030f-41cc-8af7-a6f75e712ab0: receive RaftClientReply:client-391BA870FC40->947ec526-030f-41cc-8af7-a6f75e712ab0@group-5D45C35602B2, cid=2903, SUCCESS, logIndex=4353, commits[947ec526-030f-41cc-8af7-a6f75e712ab0:c4356, c447b9b6-dde2-4ce7-aa81-d0e2eddc8fe9:c4352, 28b540ac-241d-462a-a56c-509e92928066:c4352]
2019-08-20 22:34:43,939 | INFO  | DNAudit | user=null | ip=null | op=PUT_BLOCK {blockData=[blockId=conID: 3 locID: 102651689953788538 bcsId: 0,size=2097152]} | ret=SUCCESS |  
2019-08-20 22:34:43,940 [grpc-default-executor-5] INFO  client.GrpcClientProtocolClient (GrpcClientProtocolClient.java:onNext(255)) - client-391BA870FC40->947ec526-030f-41cc-8af7-a6f75e712ab0: receive RaftClientReply:client-391BA870FC40->947ec526-030f-41cc-8af7-a6f75e712ab0@group-5D45C35602B2, cid=2904, SUCCESS, logIndex=4354, commits[947ec526-030f-41cc-8af7-a6f75e712ab0:c4356, c447b9b6-dde2-4ce7-aa81-d0e2eddc8fe9:c4352, 28b540ac-241d-462a-a56c-509e92928066:c4352]
2019-08-20 22:34:43,940 [grpc-default-executor-5] INFO  client.GrpcClientProtocolClient (GrpcClientProtocolClient.java:onNext(255)) - client-391BA870FC40->947ec526-030f-41cc-8af7-a6f75e712ab0: receive RaftClientReply:client-391BA870FC40->947ec526-030f-41cc-8af7-a6f75e712ab0@group-5D45C35602B2, cid=2905, SUCCESS, logIndex=4355, commits[947ec526-030f-41cc-8af7-a6f75e712ab0:c4356, c447b9b6-dde2-4ce7-aa81-d0e2eddc8fe9:c4352, 28b540ac-241d-462a-a56c-509e92928066:c4352]
2019-08-20 22:34:43,940 [grpc-default-executor-5] INFO  client.GrpcClientProtocolClient (GrpcClientProtocolClient.java:onNext(255)) - client-391BA870FC40->947ec526-030f-41cc-8af7-a6f75e712ab0: receive RaftClientReply:client-391BA870FC40->947ec526-030f-41cc-8af7-a6f75e712ab0@group-5D45C35602B2, cid=2906, SUCCESS, logIndex=4356, commits[947ec526-030f-41cc-8af7-a6f75e712ab0:c4356, c447b9b6-dde2-4ce7-aa81-d0e2eddc8fe9:c4352, 28b540ac-241d-462a-a56c-509e92928066:c4352]
2019-08-20 22:34:43,950 | INFO  | DNAudit | user=null | ip=null | op=WRITE_CHUNK {blockData=conID: 3 locID: 102651689953788538 bcsId: 0} | ret=SUCCESS |  
2019-08-20 22:34:43,950 | INFO  | DNAudit | user=null | ip=null | op=WRITE_CHUNK {blockData=conID: 3 locID: 102651689953788538 bcsId: 0} | ret=SUCCESS |  
2019-08-20 22:34:43,950 | INFO  | DNAudit | user=null | ip=null | op=PUT_BLOCK {blockData=[blockId=conID: 3 locID: 102651689953788538 bcsId: 0,size=1048576]} | ret=SUCCESS |  
2019-08-20 22:34:43,950 | INFO  | DNAudit | user=null | ip=null | op=PUT_BLOCK {blockData=[blockId=conID: 3 locID: 102651689953788538 bcsId: 0,size=1048576]} | ret=SUCCESS |  
2019-08-20 22:34:43,950 | INFO  | DNAudit | user=null | ip=null | op=WRITE_CHUNK {blockData=conID: 3 locID: 102651689953788538 bcsId: 0} | ret=SUCCESS |  
2019-08-20 22:34:43,951 | INFO  | DNAudit | user=null | ip=null | op=WRITE_CHUNK {blockData=conID: 3 locID: 102651689953788538 bcsId: 0} | ret=SUCCESS |  
2019-08-20 22:34:43,950 [grpc-default-executor-5] INFO  client.GrpcClientProtocolClient (GrpcClientProtocolClient.java:onNext(255)) - client-391BA870FC40->947ec526-030f-41cc-8af7-a6f75e712ab0: receive RaftClientReply:client-391BA870FC40->947ec526-030f-41cc-8af7-a6f75e712ab0@group-5D45C35602B2, cid=2907, SUCCESS, logIndex=0, commits[947ec526-030f-41cc-8af7-a6f75e712ab0:c4356, c447b9b6-dde2-4ce7-aa81-d0e2eddc8fe9:c4355, 28b540ac-241d-462a-a56c-509e92928066:c4356]
2019-08-20 22:34:43,951 | INFO  | DNAudit | user=null | ip=null | op=PUT_BLOCK {blockData=[blockId=conID: 3 locID: 102651689953788538 bcsId: 0,size=2097152]} | ret=SUCCESS |  
2019-08-20 22:34:43,951 | INFO  | DNAudit | user=null | ip=null | op=PUT_BLOCK {blockData=[blockId=conID: 3 locID: 102651689953788538 bcsId: 0,size=2097152]} | ret=SUCCESS |  
2019-08-20 22:34:43,957 | INFO  | DNAudit | user=null | ip=null | op=WRITE_CHUNK {blockData=conID: 3 locID: 102651689953788538 bcsId: 4356} | ret=SUCCESS |  
2019-08-20 22:34:43,958 | INFO  | DNAudit | user=null | ip=null | op=WRITE_CHUNK {blockData=conID: 3 locID: 102651689953788538 bcsId: 4356} | ret=SUCCESS |  
2019-08-20 22:34:43,958 | INFO  | DNAudit | user=null | ip=null | op=WRITE_CHUNK {blockData=conID: 3 locID: 102651689953788538 bcsId: 4356} | ret=SUCCESS |  
2019-08-20 22:34:43,968 | INFO  | DNAudit | user=null | ip=null | op=WRITE_CHUNK {blockData=conID: 3 locID: 102651689953788538 bcsId: 4356} | ret=SUCCESS |  
2019-08-20 22:34:43,968 | INFO  | DNAudit | user=null | ip=null | op=PUT_BLOCK {blockData=[blockId=conID: 3 locID: 102651689953788538 bcsId: 0,size=3145728]} | ret=SUCCESS |  
2019-08-20 22:34:43,968 [grpc-default-executor-5] INFO  client.GrpcClientProtocolClient (GrpcClientProtocolClient.java:onNext(255)) - client-391BA870FC40->947ec526-030f-41cc-8af7-a6f75e712ab0: receive RaftClientReply:client-391BA870FC40->947ec526-030f-41cc-8af7-a6f75e712ab0@group-5D45C35602B2, cid=2908, SUCCESS, logIndex=4360, commits[947ec526-030f-41cc-8af7-a6f75e712ab0:c4361, c447b9b6-dde2-4ce7-aa81-d0e2eddc8fe9:c4359, 28b540ac-241d-462a-a56c-509e92928066:c4359]
2019-08-20 22:34:43,969 [grpc-default-executor-5] INFO  client.GrpcClientProtocolClient (GrpcClientProtocolClient.java:onNext(255)) - client-391BA870FC40->947ec526-030f-41cc-8af7-a6f75e712ab0: receive RaftClientReply:client-391BA870FC40->947ec526-030f-41cc-8af7-a6f75e712ab0@group-5D45C35602B2, cid=2909, SUCCESS, logIndex=4361, commits[947ec526-030f-41cc-8af7-a6f75e712ab0:c4361, c447b9b6-dde2-4ce7-aa81-d0e2eddc8fe9:c4359, 28b540ac-241d-462a-a56c-509e92928066:c4359]
2019-08-20 22:34:43,974 | INFO  | DNAudit | user=null | ip=null | op=WRITE_CHUNK {blockData=conID: 3 locID: 102651689953788538 bcsId: 4361} | ret=SUCCESS |  
2019-08-20 22:34:43,975 | INFO  | DNAudit | user=null | ip=null | op=WRITE_CHUNK {blockData=conID: 3 locID: 102651689953788538 bcsId: 4361} | ret=SUCCESS |  
2019-08-20 22:34:43,976 | INFO  | DNAudit | user=null | ip=null | op=WRITE_CHUNK {blockData=conID: 3 locID: 102651689953788538 bcsId: 4361} | ret=SUCCESS |  
2019-08-20 22:34:43,977 | INFO  | DNAudit | user=null | ip=null | op=WRITE_CHUNK {blockData=conID: 3 locID: 102651689953788538 bcsId: 4356} | ret=SUCCESS |  
2019-08-20 22:34:43,978 | INFO  | DNAudit | user=null | ip=null | op=WRITE_CHUNK {blockData=conID: 3 locID: 102651689953788538 bcsId: 4356} | ret=SUCCESS |  
2019-08-20 22:34:43,978 | INFO  | DNAudit | user=null | ip=null | op=PUT_BLOCK {blockData=[blockId=conID: 3 locID: 102651689953788538 bcsId: 0,size=3145728]} | ret=SUCCESS |  
2019-08-20 22:34:43,978 | INFO  | DNAudit | user=null | ip=null | op=PUT_BLOCK {blockData=[blockId=conID: 3 locID: 102651689953788538 bcsId: 0,size=3145728]} | ret=SUCCESS |  
2019-08-20 22:34:43,981 | INFO  | DNAudit | user=null | ip=null | op=WRITE_CHUNK {blockData=conID: 3 locID: 102651689953788538 bcsId: 4361} | ret=SUCCESS |  
2019-08-20 22:34:43,981 | INFO  | DNAudit | user=null | ip=null | op=PUT_BLOCK {blockData=[blockId=conID: 3 locID: 102651689953788538 bcsId: 0,size=4194304]} | ret=SUCCESS |  
2019-08-20 22:34:43,981 [grpc-default-executor-3] INFO  client.GrpcClientProtocolClient (GrpcClientProtocolClient.java:onNext(255)) - client-391BA870FC40->947ec526-030f-41cc-8af7-a6f75e712ab0: receive RaftClientReply:client-391BA870FC40->947ec526-030f-41cc-8af7-a6f75e712ab0@group-5D45C35602B2, cid=2910, SUCCESS, logIndex=4364, commits[947ec526-030f-41cc-8af7-a6f75e712ab0:c4365, c447b9b6-dde2-4ce7-aa81-d0e2eddc8fe9:c4361, 28b540ac-241d-462a-a56c-509e92928066:c4361]
2019-08-20 22:34:43,981 [grpc-default-executor-3] INFO  client.GrpcClientProtocolClient (GrpcClientProtocolClient.java:onNext(255)) - client-391BA870FC40->947ec526-030f-41cc-8af7-a6f75e712ab0: receive RaftClientReply:client-391BA870FC40->947ec526-030f-41cc-8af7-a6f75e712ab0@group-5D45C35602B2, cid=2911, SUCCESS, logIndex=4365, commits[947ec526-030f-41cc-8af7-a6f75e712ab0:c4365, c447b9b6-dde2-4ce7-aa81-d0e2eddc8fe9:c4361, 28b540ac-241d-462a-a56c-509e92928066:c4361]
2019-08-20 22:34:43,990 | INFO  | DNAudit | user=null | ip=null | op=WRITE_CHUNK {blockData=conID: 3 locID: 102651689953788538 bcsId: 4361} | ret=SUCCESS |  
2019-08-20 22:34:43,990 | INFO  | DNAudit | user=null | ip=null | op=WRITE_CHUNK {blockData=conID: 3 locID: 102651689953788538 bcsId: 4361} | ret=SUCCESS |  
2019-08-20 22:34:43,991 | INFO  | DNAudit | user=null | ip=null | op=PUT_BLOCK {blockData=[blockId=conID: 3 locID: 102651689953788538 bcsId: 0,size=4194304]} | ret=SUCCESS |  
2019-08-20 22:34:43,992 | INFO  | DNAudit | user=null | ip=null | op=PUT_BLOCK {blockData=[blockId=conID: 3 locID: 102651689953788538 bcsId: 0,size=4194304]} | ret=SUCCESS |  
2019-08-20 22:34:43,992 [grpc-default-executor-3] INFO  client.GrpcClientProtocolClient (GrpcClientProtocolClient.java:onNext(255)) - client-391BA870FC40->947ec526-030f-41cc-8af7-a6f75e712ab0: receive RaftClientReply:client-391BA870FC40->947ec526-030f-41cc-8af7-a6f75e712ab0@group-5D45C35602B2, cid=2912, SUCCESS, logIndex=0, commits[947ec526-030f-41cc-8af7-a6f75e712ab0:c4367, c447b9b6-dde2-4ce7-aa81-d0e2eddc8fe9:c4365, 28b540ac-241d-462a-a56c-509e92928066:c4365]
2019-08-20 22:34:43,997 | INFO  | SCMAudit | user=jenkins1000 | ip=192.168.5.142 | op=ALLOCATE_BLOCK {owner=6f694d07-2a2f-44d9-8e1c-aaa094a2f647, size=4194304, type=RATIS, factor=THREE} | ret=SUCCESS |  
2019-08-20 22:34:44,000 | INFO  | OMAudit | user=jenkins1000 | ip=127.0.0.1 | op=ALLOCATE_BLOCK {volume=vol-0-80747, bucket=bucket-0-27686, key=key-0-47435, dataSize=0, replicationType=null, replicationFactor=null, keyLocationInfo=null, clientID=102651687805452690} | ret=SUCCESS |  
2019-08-20 22:34:44,005 | INFO  | DNAudit | user=null | ip=null | op=WRITE_CHUNK {blockData=conID: 1 locID: 102651689959228027 bcsId: 0} | ret=SUCCESS |  
2019-08-20 22:34:44,008 | INFO  | DNAudit | user=null | ip=null | op=WRITE_CHUNK {blockData=conID: 1 locID: 102651689959228027 bcsId: 0} | ret=SUCCESS |  
2019-08-20 22:34:44,008 | INFO  | DNAudit | user=null | ip=null | op=WRITE_CHUNK {blockData=conID: 1 locID: 102651689959228027 bcsId: 0} | ret=SUCCESS |  
2019-08-20 22:34:44,009 | INFO  | DNAudit | user=null | ip=null | op=WRITE_CHUNK {blockData=conID: 1 locID: 102651689959228027 bcsId: 0} | ret=SUCCESS |  
2019-08-20 22:34:44,010 | INFO  | DNAudit | user=null | ip=null | op=WRITE_CHUNK {blockData=conID: 1 locID: 102651689959228027 bcsId: 0} | ret=SUCCESS |  
2019-08-20 22:34:44,010 | INFO  | DNAudit | user=null | ip=null | op=WRITE_CHUNK {blockData=conID: 1 locID: 102651689959228027 bcsId: 0} | ret=SUCCESS |  
2019-08-20 22:34:44,017 | INFO  | DNAudit | user=null | ip=null | op=WRITE_CHUNK {blockData=conID: 1 locID: 102651689959228027 bcsId: 0} | ret=SUCCESS |  
2019-08-20 22:34:44,018 | INFO  | DNAudit | user=null | ip=null | op=PUT_BLOCK {blockData=[blockId=conID: 1 locID: 102651689959228027 bcsId: 0,size=1048576]} | ret=SUCCESS |  
2019-08-20 22:34:44,018 [grpc-default-executor-1] INFO  client.GrpcClientProtocolClient (GrpcClientProtocolClient.java:onNext(255)) - client-391BA870FC40->947ec526-030f-41cc-8af7-a6f75e712ab0: receive RaftClientReply:client-391BA870FC40->947ec526-030f-41cc-8af7-a6f75e712ab0@group-5D45C35602B2, cid=2913, SUCCESS, logIndex=4368, commits[947ec526-030f-41cc-8af7-a6f75e712ab0:c4369, c447b9b6-dde2-4ce7-aa81-d0e2eddc8fe9:c4367, 28b540ac-241d-462a-a56c-509e92928066:c4367]
2019-08-20 22:34:44,018 [grpc-default-executor-1] INFO  client.GrpcClientProtocolClient (GrpcClientProtocolClient.java:onNext(255)) - client-391BA870FC40->947ec526-030f-41cc-8af7-a6f75e712ab0: receive RaftClientReply:client-391BA870FC40->947ec526-030f-41cc-8af7-a6f75e712ab0@group-5D45C35602B2, cid=2914, SUCCESS, logIndex=4369, commits[947ec526-030f-41cc-8af7-a6f75e712ab0:c4369, c447b9b6-dde2-4ce7-aa81-d0e2eddc8fe9:c4367, 28b540ac-241d-462a-a56c-509e92928066:c4367]
2019-08-20 22:34:44,039 | INFO  | DNAudit | user=null | ip=null | op=WRITE_CHUNK {blockData=conID: 1 locID: 102651689959228027 bcsId: 0} | ret=SUCCESS |  
2019-08-20 22:34:44,039 | INFO  | DNAudit | user=null | ip=null | op=PUT_BLOCK {blockData=[blockId=conID: 1 locID: 102651689959228027 bcsId: 0,size=2097152]} | ret=SUCCESS |  
2019-08-20 22:34:44,039 [grpc-default-executor-5] INFO  client.GrpcClientProtocolClient (GrpcClientProtocolClient.java:onNext(255)) - client-391BA870FC40->947ec526-030f-41cc-8af7-a6f75e712ab0: receive RaftClientReply:client-391BA870FC40->947ec526-030f-41cc-8af7-a6f75e712ab0@group-5D45C35602B2, cid=2915, SUCCESS, logIndex=4370, commits[947ec526-030f-41cc-8af7-a6f75e712ab0:c4371, c447b9b6-dde2-4ce7-aa81-d0e2eddc8fe9:c4367, 28b540ac-241d-462a-a56c-509e92928066:c4367]
2019-08-20 22:34:44,040 | INFO  | DNAudit | user=null | ip=null | op=WRITE_CHUNK {blockData=conID: 1 locID: 102651689959228027 bcsId: 0} | ret=SUCCESS |  
2019-08-20 22:34:44,039 [grpc-default-executor-5] INFO  client.GrpcClientProtocolClient (GrpcClientProtocolClient.java:onNext(255)) - client-391BA870FC40->947ec526-030f-41cc-8af7-a6f75e712ab0: receive RaftClientReply:client-391BA870FC40->947ec526-030f-41cc-8af7-a6f75e712ab0@group-5D45C35602B2, cid=2916, SUCCESS, logIndex=4371, commits[947ec526-030f-41cc-8af7-a6f75e712ab0:c4371, c447b9b6-dde2-4ce7-aa81-d0e2eddc8fe9:c4367, 28b540ac-241d-462a-a56c-509e92928066:c4367]
2019-08-20 22:34:44,040 | INFO  | DNAudit | user=null | ip=null | op=PUT_BLOCK {blockData=[blockId=conID: 1 locID: 102651689959228027 bcsId: 0,size=1048576]} | ret=SUCCESS |  
2019-08-20 22:34:44,042 | INFO  | DNAudit | user=null | ip=null | op=WRITE_CHUNK {blockData=conID: 1 locID: 102651689959228027 bcsId: 0} | ret=SUCCESS |  
2019-08-20 22:34:44,042 | INFO  | DNAudit | user=null | ip=null | op=PUT_BLOCK {blockData=[blockId=conID: 1 locID: 102651689959228027 bcsId: 0,size=1048576]} | ret=SUCCESS |  
2019-08-20 22:34:44,042 [grpc-default-executor-5] INFO  client.GrpcClientProtocolClient (GrpcClientProtocolClient.java:onNext(255)) - client-391BA870FC40->947ec526-030f-41cc-8af7-a6f75e712ab0: receive RaftClientReply:client-391BA870FC40->947ec526-030f-41cc-8af7-a6f75e712ab0@group-5D45C35602B2, cid=2917, SUCCESS, logIndex=0, commits[947ec526-030f-41cc-8af7-a6f75e712ab0:c4373, c447b9b6-dde2-4ce7-aa81-d0e2eddc8fe9:c4369, 28b540ac-241d-462a-a56c-509e92928066:c4369]
2019-08-20 22:34:44,047 | INFO  | DNAudit | user=null | ip=null | op=WRITE_CHUNK {blockData=conID: 1 locID: 102651689959228027 bcsId: 4371} | ret=SUCCESS |  
2019-08-20 22:34:44,049 | INFO  | DNAudit | user=null | ip=null | op=WRITE_CHUNK {blockData=conID: 1 locID: 102651689959228027 bcsId: 4371} | ret=SUCCESS |  
2019-08-20 22:34:44,049 | INFO  | DNAudit | user=null | ip=null | op=WRITE_CHUNK {blockData=conID: 1 locID: 102651689959228027 bcsId: 4371} | ret=SUCCESS |  
2019-08-20 22:34:44,053 | INFO  | DNAudit | user=null | ip=null | op=WRITE_CHUNK {blockData=conID: 1 locID: 102651689959228027 bcsId: 0} | ret=SUCCESS |  
2019-08-20 22:34:44,053 | INFO  | DNAudit | user=null | ip=null | op=WRITE_CHUNK {blockData=conID: 1 locID: 102651689959228027 bcsId: 0} | ret=SUCCESS |  
2019-08-20 22:34:44,053 | INFO  | DNAudit | user=null | ip=null | op=PUT_BLOCK {blockData=[blockId=conID: 1 locID: 102651689959228027 bcsId: 0,size=2097152]} | ret=SUCCESS |  
2019-08-20 22:34:44,053 | INFO  | DNAudit | user=null | ip=null | op=PUT_BLOCK {blockData=[blockId=conID: 1 locID: 102651689959228027 bcsId: 0,size=2097152]} | ret=SUCCESS |  
2019-08-20 22:34:44,054 | INFO  | DNAudit | user=null | ip=null | op=WRITE_CHUNK {blockData=conID: 1 locID: 102651689959228027 bcsId: 4371} | ret=SUCCESS |  
2019-08-20 22:34:44,054 | INFO  | DNAudit | user=null | ip=null | op=PUT_BLOCK {blockData=[blockId=conID: 1 locID: 102651689959228027 bcsId: 0,size=3145728]} | ret=SUCCESS |  
2019-08-20 22:34:44,055 [grpc-default-executor-5] INFO  client.GrpcClientProtocolClient (GrpcClientProtocolClient.java:onNext(255)) - client-391BA870FC40->947ec526-030f-41cc-8af7-a6f75e712ab0: receive RaftClientReply:client-391BA870FC40->947ec526-030f-41cc-8af7-a6f75e712ab0@group-5D45C35602B2, cid=2918, SUCCESS, logIndex=4376, commits[947ec526-030f-41cc-8af7-a6f75e712ab0:c4377, c447b9b6-dde2-4ce7-aa81-d0e2eddc8fe9:c4371, 28b540ac-241d-462a-a56c-509e92928066:c4373]
2019-08-20 22:34:44,055 [grpc-default-executor-5] INFO  client.GrpcClientProtocolClient (GrpcClientProtocolClient.java:onNext(255)) - client-391BA870FC40->947ec526-030f-41cc-8af7-a6f75e712ab0: receive RaftClientReply:client-391BA870FC40->947ec526-030f-41cc-8af7-a6f75e712ab0@group-5D45C35602B2, cid=2919, SUCCESS, logIndex=4377, commits[947ec526-030f-41cc-8af7-a6f75e712ab0:c4377, c447b9b6-dde2-4ce7-aa81-d0e2eddc8fe9:c4371, 28b540ac-241d-462a-a56c-509e92928066:c4373]
2019-08-20 22:34:44,057 | INFO  | DNAudit | user=null | ip=null | op=WRITE_CHUNK {blockData=conID: 1 locID: 102651689959228027 bcsId: 4371} | ret=SUCCESS |  
2019-08-20 22:34:44,057 | INFO  | DNAudit | user=null | ip=null | op=WRITE_CHUNK {blockData=conID: 1 locID: 102651689959228027 bcsId: 4371} | ret=SUCCESS |  
2019-08-20 22:34:44,057 | INFO  | DNAudit | user=null | ip=null | op=PUT_BLOCK {blockData=[blockId=conID: 1 locID: 102651689959228027 bcsId: 0,size=3145728]} | ret=SUCCESS |  
2019-08-20 22:34:44,058 | INFO  | DNAudit | user=null | ip=null | op=PUT_BLOCK {blockData=[blockId=conID: 1 locID: 102651689959228027 bcsId: 0,size=3145728]} | ret=SUCCESS |  
2019-08-20 22:34:44,060 | INFO  | DNAudit | user=null | ip=null | op=WRITE_CHUNK {blockData=conID: 1 locID: 102651689959228027 bcsId: 4377} | ret=SUCCESS |  
2019-08-20 22:34:44,061 | INFO  | DNAudit | user=null | ip=null | op=WRITE_CHUNK {blockData=conID: 1 locID: 102651689959228027 bcsId: 4377} | ret=SUCCESS |  
2019-08-20 22:34:44,062 | INFO  | DNAudit | user=null | ip=null | op=WRITE_CHUNK {blockData=conID: 1 locID: 102651689959228027 bcsId: 4377} | ret=SUCCESS |  
2019-08-20 22:34:44,081 | INFO  | DNAudit | user=null | ip=null | op=WRITE_CHUNK {blockData=conID: 1 locID: 102651689959228027 bcsId: 4377} | ret=SUCCESS |  
2019-08-20 22:34:44,082 | INFO  | DNAudit | user=null | ip=null | op=PUT_BLOCK {blockData=[blockId=conID: 1 locID: 102651689959228027 bcsId: 0,size=4194304]} | ret=SUCCESS |  
2019-08-20 22:34:44,082 [grpc-default-executor-1] INFO  client.GrpcClientProtocolClient (GrpcClientProtocolClient.java:onNext(255)) - client-391BA870FC40->947ec526-030f-41cc-8af7-a6f75e712ab0: receive RaftClientReply:client-391BA870FC40->947ec526-030f-41cc-8af7-a6f75e712ab0@group-5D45C35602B2, cid=2920, SUCCESS, logIndex=4380, commits[947ec526-030f-41cc-8af7-a6f75e712ab0:c4381, c447b9b6-dde2-4ce7-aa81-d0e2eddc8fe9:c4378, 28b540ac-241d-462a-a56c-509e92928066:c4377]
2019-08-20 22:34:44,082 [grpc-default-executor-1] INFO  client.GrpcClientProtocolClient (GrpcClientProtocolClient.java:onNext(255)) - client-391BA870FC40->947ec526-030f-41cc-8af7-a6f75e712ab0: receive RaftClientReply:client-391BA870FC40->947ec526-030f-41cc-8af7-a6f75e712ab0@group-5D45C35602B2, cid=2921, SUCCESS, logIndex=4381, commits[947ec526-030f-41cc-8af7-a6f75e712ab0:c4381, c447b9b6-dde2-4ce7-aa81-d0e2eddc8fe9:c4378, 28b540ac-241d-462a-a56c-509e92928066:c4378]
2019-08-20 22:34:44,084 | INFO  | DNAudit | user=null | ip=null | op=WRITE_CHUNK {blockData=conID: 1 locID: 102651689959228027 bcsId: 4377} | ret=SUCCESS |  
2019-08-20 22:34:44,084 | INFO  | DNAudit | user=null | ip=null | op=WRITE_CHUNK {blockData=conID: 1 locID: 102651689959228027 bcsId: 4377} | ret=SUCCESS |  
2019-08-20 22:34:44,085 | INFO  | DNAudit | user=null | ip=null | op=PUT_BLOCK {blockData=[blockId=conID: 1 locID: 102651689959228027 bcsId: 0,size=4194304]} | ret=SUCCESS |  
2019-08-20 22:34:44,085 | INFO  | DNAudit | user=null | ip=null | op=PUT_BLOCK {blockData=[blockId=conID: 1 locID: 102651689959228027 bcsId: 0,size=4194304]} | ret=SUCCESS |  
2019-08-20 22:34:44,085 [grpc-default-executor-1] INFO  client.GrpcClientProtocolClient (GrpcClientProtocolClient.java:onNext(255)) - client-391BA870FC40->947ec526-030f-41cc-8af7-a6f75e712ab0: receive RaftClientReply:client-391BA870FC40->947ec526-030f-41cc-8af7-a6f75e712ab0@group-5D45C35602B2, cid=2922, SUCCESS, logIndex=0, commits[947ec526-030f-41cc-8af7-a6f75e712ab0:c4382, c447b9b6-dde2-4ce7-aa81-d0e2eddc8fe9:c4381, 28b540ac-241d-462a-a56c-509e92928066:c4381]
2019-08-20 22:34:44,089 | INFO  | SCMAudit | user=jenkins1000 | ip=192.168.5.142 | op=ALLOCATE_BLOCK {owner=6f694d07-2a2f-44d9-8e1c-aaa094a2f647, size=4194304, type=RATIS, factor=THREE} | ret=SUCCESS |  
2019-08-20 22:34:44,092 | INFO  | OMAudit | user=jenkins1000 | ip=127.0.0.1 | op=ALLOCATE_BLOCK {volume=vol-0-80747, bucket=bucket-0-27686, key=key-0-47435, dataSize=0, replicationType=null, replicationFactor=null, keyLocationInfo=null, clientID=102651687805452690} | ret=SUCCESS |  
2019-08-20 22:34:44,092 | INFO  | SCMAudit | user=jenkins1000 | ip=192.168.5.142 | op=SEND_HEARTBEAT {datanodeUUID=d55cd342-4e6c-4701-86f3-cb557f3478dc, command=[]} | ret=SUCCESS |  
2019-08-20 22:34:44,097 | INFO  | DNAudit | user=null | ip=null | op=WRITE_CHUNK {blockData=conID: 2 locID: 102651689965257340 bcsId: 0} | ret=SUCCESS |  
2019-08-20 22:34:44,098 | INFO  | DNAudit | user=null | ip=null | op=WRITE_CHUNK {blockData=conID: 2 locID: 102651689965257340 bcsId: 0} | ret=SUCCESS |  
2019-08-20 22:34:44,099 | INFO  | DNAudit | user=null | ip=null | op=WRITE_CHUNK {blockData=conID: 2 locID: 102651689965257340 bcsId: 0} | ret=SUCCESS |  
2019-08-20 22:34:44,099 | INFO  | DNAudit | user=null | ip=null | op=WRITE_CHUNK {blockData=conID: 2 locID: 102651689965257340 bcsId: 0} | ret=SUCCESS |  
2019-08-20 22:34:44,100 | INFO  | DNAudit | user=null | ip=null | op=WRITE_CHUNK {blockData=conID: 2 locID: 102651689965257340 bcsId: 0} | ret=SUCCESS |  
2019-08-20 22:34:44,101 | INFO  | DNAudit | user=null | ip=null | op=WRITE_CHUNK {blockData=conID: 2 locID: 102651689965257340 bcsId: 0} | ret=SUCCESS |  
2019-08-20 22:34:44,109 | INFO  | DNAudit | user=null | ip=null | op=WRITE_CHUNK {blockData=conID: 2 locID: 102651689965257340 bcsId: 0} | ret=SUCCESS |  
2019-08-20 22:34:44,109 | INFO  | DNAudit | user=null | ip=null | op=PUT_BLOCK {blockData=[blockId=conID: 2 locID: 102651689965257340 bcsId: 0,size=1048576]} | ret=SUCCESS |  
2019-08-20 22:34:44,110 | INFO  | DNAudit | user=null | ip=null | op=WRITE_CHUNK {blockData=conID: 2 locID: 102651689965257340 bcsId: 0} | ret=SUCCESS |  
2019-08-20 22:34:44,109 [grpc-default-executor-5] INFO  client.GrpcClientProtocolClient (GrpcClientProtocolClient.java:onNext(255)) - client-391BA870FC40->947ec526-030f-41cc-8af7-a6f75e712ab0: receive RaftClientReply:client-391BA870FC40->947ec526-030f-41cc-8af7-a6f75e712ab0@group-5D45C35602B2, cid=2923, SUCCESS, logIndex=4383, commits[947ec526-030f-41cc-8af7-a6f75e712ab0:c4385, c447b9b6-dde2-4ce7-aa81-d0e2eddc8fe9:c4382, 28b540ac-241d-462a-a56c-509e92928066:c4382]
2019-08-20 22:34:44,110 | INFO  | DNAudit | user=null | ip=null | op=PUT_BLOCK {blockData=[blockId=conID: 2 locID: 102651689965257340 bcsId: 0,size=2097152]} | ret=SUCCESS |  
2019-08-20 22:34:44,110 [grpc-default-executor-5] INFO  client.GrpcClientProtocolClient (GrpcClientProtocolClient.java:onNext(255)) - client-391BA870FC40->947ec526-030f-41cc-8af7-a6f75e712ab0: receive RaftClientReply:client-391BA870FC40->947ec526-030f-41cc-8af7-a6f75e712ab0@group-5D45C35602B2, cid=2924, SUCCESS, logIndex=4384, commits[947ec526-030f-41cc-8af7-a6f75e712ab0:c4386, c447b9b6-dde2-4ce7-aa81-d0e2eddc8fe9:c4382, 28b540ac-241d-462a-a56c-509e92928066:c4382]
2019-08-20 22:34:44,110 [grpc-default-executor-5] INFO  client.GrpcClientProtocolClient (GrpcClientProtocolClient.java:onNext(255)) - client-391BA870FC40->947ec526-030f-41cc-8af7-a6f75e712ab0: receive RaftClientReply:client-391BA870FC40->947ec526-030f-41cc-8af7-a6f75e712ab0@group-5D45C35602B2, cid=2925, SUCCESS, logIndex=4385, commits[947ec526-030f-41cc-8af7-a6f75e712ab0:c4386, c447b9b6-dde2-4ce7-aa81-d0e2eddc8fe9:c4382, 28b540ac-241d-462a-a56c-509e92928066:c4382]
2019-08-20 22:34:44,111 [grpc-default-executor-5] INFO  client.GrpcClientProtocolClient (GrpcClientProtocolClient.java:onNext(255)) - client-391BA870FC40->947ec526-030f-41cc-8af7-a6f75e712ab0: receive RaftClientReply:client-391BA870FC40->947ec526-030f-41cc-8af7-a6f75e712ab0@group-5D45C35602B2, cid=2926, SUCCESS, logIndex=4386, commits[947ec526-030f-41cc-8af7-a6f75e712ab0:c4386, c447b9b6-dde2-4ce7-aa81-d0e2eddc8fe9:c4382, 28b540ac-241d-462a-a56c-509e92928066:c4382]
2019-08-20 22:34:44,111 | INFO  | DNAudit | user=null | ip=null | op=WRITE_CHUNK {blockData=conID: 2 locID: 102651689965257340 bcsId: 0} | ret=SUCCESS |  
2019-08-20 22:34:44,112 | INFO  | DNAudit | user=null | ip=null | op=WRITE_CHUNK {blockData=conID: 2 locID: 102651689965257340 bcsId: 0} | ret=SUCCESS |  
2019-08-20 22:34:44,112 | INFO  | DNAudit | user=null | ip=null | op=PUT_BLOCK {blockData=[blockId=conID: 2 locID: 102651689965257340 bcsId: 0,size=1048576]} | ret=SUCCESS |  
2019-08-20 22:34:44,112 | INFO  | DNAudit | user=null | ip=null | op=WRITE_CHUNK {blockData=conID: 2 locID: 102651689965257340 bcsId: 0} | ret=SUCCESS |  
2019-08-20 22:34:44,112 | INFO  | DNAudit | user=null | ip=null | op=PUT_BLOCK {blockData=[blockId=conID: 2 locID: 102651689965257340 bcsId: 0,size=2097152]} | ret=SUCCESS |  
2019-08-20 22:34:44,123 | INFO  | DNAudit | user=null | ip=null | op=PUT_BLOCK {blockData=[blockId=conID: 2 locID: 102651689965257340 bcsId: 0,size=1048576]} | ret=SUCCESS |  
2019-08-20 22:34:44,123 | INFO  | DNAudit | user=null | ip=null | op=WRITE_CHUNK {blockData=conID: 2 locID: 102651689965257340 bcsId: 0} | ret=SUCCESS |  
2019-08-20 22:34:44,123 | INFO  | DNAudit | user=null | ip=null | op=PUT_BLOCK {blockData=[blockId=conID: 2 locID: 102651689965257340 bcsId: 0,size=2097152]} | ret=SUCCESS |  
2019-08-20 22:34:44,123 [grpc-default-executor-5] INFO  client.GrpcClientProtocolClient (GrpcClientProtocolClient.java:onNext(255)) - client-391BA870FC40->947ec526-030f-41cc-8af7-a6f75e712ab0: receive RaftClientReply:client-391BA870FC40->947ec526-030f-41cc-8af7-a6f75e712ab0@group-5D45C35602B2, cid=2927, SUCCESS, logIndex=0, commits[947ec526-030f-41cc-8af7-a6f75e712ab0:c4390, c447b9b6-dde2-4ce7-aa81-d0e2eddc8fe9:c4384, 28b540ac-241d-462a-a56c-509e92928066:c4386]
2019-08-20 22:34:44,129 | INFO  | DNAudit | user=null | ip=null | op=WRITE_CHUNK {blockData=conID: 2 locID: 102651689965257340 bcsId: 4386} | ret=SUCCESS |  
2019-08-20 22:34:44,130 | INFO  | DNAudit | user=null | ip=null | op=WRITE_CHUNK {blockData=conID: 2 locID: 102651689965257340 bcsId: 4386} | ret=SUCCESS |  
2019-08-20 22:34:44,130 | INFO  | DNAudit | user=null | ip=null | op=WRITE_CHUNK {blockData=conID: 2 locID: 102651689965257340 bcsId: 4386} | ret=SUCCESS |  
2019-08-20 22:34:44,141 | INFO  | DNAudit | user=null | ip=null | op=WRITE_CHUNK {blockData=conID: 2 locID: 102651689965257340 bcsId: 4386} | ret=SUCCESS |  
2019-08-20 22:34:44,141 | INFO  | DNAudit | user=null | ip=null | op=PUT_BLOCK {blockData=[blockId=conID: 2 locID: 102651689965257340 bcsId: 0,size=3145728]} | ret=SUCCESS |  
2019-08-20 22:34:44,141 [grpc-default-executor-5] INFO  client.GrpcClientProtocolClient (GrpcClientProtocolClient.java:onNext(255)) - client-391BA870FC40->947ec526-030f-41cc-8af7-a6f75e712ab0: receive RaftClientReply:client-391BA870FC40->947ec526-030f-41cc-8af7-a6f75e712ab0@group-5D45C35602B2, cid=2928, SUCCESS, logIndex=4391, commits[947ec526-030f-41cc-8af7-a6f75e712ab0:c4392, c447b9b6-dde2-4ce7-aa81-d0e2eddc8fe9:c4390, 28b540ac-241d-462a-a56c-509e92928066:c4390]
2019-08-20 22:34:44,141 [grpc-default-executor-5] INFO  client.GrpcClientProtocolClient (GrpcClientProtocolClient.java:onNext(255)) - client-391BA870FC40->947ec526-030f-41cc-8af7-a6f75e712ab0: receive RaftClientReply:client-391BA870FC40->947ec526-030f-41cc-8af7-a6f75e712ab0@group-5D45C35602B2, cid=2929, SUCCESS, logIndex=4392, commits[947ec526-030f-41cc-8af7-a6f75e712ab0:c4392, c447b9b6-dde2-4ce7-aa81-d0e2eddc8fe9:c4390, 28b540ac-241d-462a-a56c-509e92928066:c4390]
2019-08-20 22:34:44,146 | INFO  | DNAudit | user=null | ip=null | op=WRITE_CHUNK {blockData=conID: 2 locID: 102651689965257340 bcsId: 4392} | ret=SUCCESS |  
2019-08-20 22:34:44,148 | INFO  | DNAudit | user=null | ip=null | op=WRITE_CHUNK {blockData=conID: 2 locID: 102651689965257340 bcsId: 4392} | ret=SUCCESS |  
2019-08-20 22:34:44,148 | INFO  | DNAudit | user=null | ip=null | op=WRITE_CHUNK {blockData=conID: 2 locID: 102651689965257340 bcsId: 4392} | ret=SUCCESS |  
2019-08-20 22:34:44,152 | INFO  | DNAudit | user=null | ip=null | op=WRITE_CHUNK {blockData=conID: 2 locID: 102651689965257340 bcsId: 4386} | ret=SUCCESS |  
2019-08-20 22:34:44,152 | INFO  | DNAudit | user=null | ip=null | op=WRITE_CHUNK {blockData=conID: 2 locID: 102651689965257340 bcsId: 4386} | ret=SUCCESS |  
2019-08-20 22:34:44,155 | INFO  | DNAudit | user=null | ip=null | op=PUT_BLOCK {blockData=[blockId=conID: 2 locID: 102651689965257340 bcsId: 0,size=3145728]} | ret=SUCCESS |  
2019-08-20 22:34:44,155 | INFO  | DNAudit | user=null | ip=null | op=PUT_BLOCK {blockData=[blockId=conID: 2 locID: 102651689965257340 bcsId: 0,size=3145728]} | ret=SUCCESS |  
2019-08-20 22:34:44,156 | INFO  | DNAudit | user=null | ip=null | op=WRITE_CHUNK {blockData=conID: 2 locID: 102651689965257340 bcsId: 4392} | ret=SUCCESS |  
2019-08-20 22:34:44,156 | INFO  | DNAudit | user=null | ip=null | op=PUT_BLOCK {blockData=[blockId=conID: 2 locID: 102651689965257340 bcsId: 0,size=4194304]} | ret=SUCCESS |  
2019-08-20 22:34:44,156 [grpc-default-executor-2] INFO  client.GrpcClientProtocolClient (GrpcClientProtocolClient.java:onNext(255)) - client-391BA870FC40->947ec526-030f-41cc-8af7-a6f75e712ab0: receive RaftClientReply:client-391BA870FC40->947ec526-030f-41cc-8af7-a6f75e712ab0@group-5D45C35602B2, cid=2930, SUCCESS, logIndex=4395, commits[947ec526-030f-41cc-8af7-a6f75e712ab0:c4395, c447b9b6-dde2-4ce7-aa81-d0e2eddc8fe9:c4392, 28b540ac-241d-462a-a56c-509e92928066:c4392]
2019-08-20 22:34:44,156 [grpc-default-executor-2] INFO  client.GrpcClientProtocolClient (GrpcClientProtocolClient.java:onNext(255)) - client-391BA870FC40->947ec526-030f-41cc-8af7-a6f75e712ab0: receive RaftClientReply:client-391BA870FC40->947ec526-030f-41cc-8af7-a6f75e712ab0@group-5D45C35602B2, cid=2931, SUCCESS, logIndex=4396, commits[947ec526-030f-41cc-8af7-a6f75e712ab0:c4396, c447b9b6-dde2-4ce7-aa81-d0e2eddc8fe9:c4392, 28b540ac-241d-462a-a56c-509e92928066:c4392]
2019-08-20 22:34:44,167 | INFO  | DNAudit | user=null | ip=null | op=WRITE_CHUNK {blockData=conID: 2 locID: 102651689965257340 bcsId: 4392} | ret=SUCCESS |  
2019-08-20 22:34:44,167 | INFO  | DNAudit | user=null | ip=null | op=WRITE_CHUNK {blockData=conID: 2 locID: 102651689965257340 bcsId: 4392} | ret=SUCCESS |  
2019-08-20 22:34:44,170 | INFO  | DNAudit | user=null | ip=null | op=PUT_BLOCK {blockData=[blockId=conID: 2 locID: 102651689965257340 bcsId: 0,size=4194304]} | ret=SUCCESS |  
2019-08-20 22:34:44,170 | INFO  | DNAudit | user=null | ip=null | op=PUT_BLOCK {blockData=[blockId=conID: 2 locID: 102651689965257340 bcsId: 0,size=4194304]} | ret=SUCCESS |  
2019-08-20 22:34:44,170 [grpc-default-executor-2] INFO  client.GrpcClientProtocolClient (GrpcClientProtocolClient.java:onNext(255)) - client-391BA870FC40->947ec526-030f-41cc-8af7-a6f75e712ab0: receive RaftClientReply:client-391BA870FC40->947ec526-030f-41cc-8af7-a6f75e712ab0@group-5D45C35602B2, cid=2932, SUCCESS, logIndex=0, commits[947ec526-030f-41cc-8af7-a6f75e712ab0:c4397, c447b9b6-dde2-4ce7-aa81-d0e2eddc8fe9:c4396, 28b540ac-241d-462a-a56c-509e92928066:c4396]
2019-08-20 22:34:44,174 | INFO  | SCMAudit | user=jenkins1000 | ip=192.168.5.142 | op=ALLOCATE_BLOCK {owner=6f694d07-2a2f-44d9-8e1c-aaa094a2f647, size=4194304, type=RATIS, factor=THREE} | ret=SUCCESS |  
2019-08-20 22:34:44,177 | INFO  | OMAudit | user=jenkins1000 | ip=127.0.0.1 | op=ALLOCATE_BLOCK {volume=vol-0-80747, bucket=bucket-0-27686, key=key-0-47435, dataSize=0, replicationType=null, replicationFactor=null, keyLocationInfo=null, clientID=102651687805452690} | ret=SUCCESS |  
2019-08-20 22:34:44,183 | INFO  | DNAudit | user=null | ip=null | op=WRITE_CHUNK {blockData=conID: 3 locID: 102651689970827901 bcsId: 0} | ret=SUCCESS |  
2019-08-20 22:34:44,184 | INFO  | DNAudit | user=null | ip=null | op=WRITE_CHUNK {blockData=conID: 3 locID: 102651689970827901 bcsId: 0} | ret=SUCCESS |  
2019-08-20 22:34:44,185 | INFO  | DNAudit | user=null | ip=null | op=WRITE_CHUNK {blockData=conID: 3 locID: 102651689970827901 bcsId: 0} | ret=SUCCESS |  
2019-08-20 22:34:44,185 | INFO  | DNAudit | user=null | ip=null | op=WRITE_CHUNK {blockData=conID: 3 locID: 102651689970827901 bcsId: 0} | ret=SUCCESS |  
2019-08-20 22:34:44,186 | INFO  | DNAudit | user=null | ip=null | op=WRITE_CHUNK {blockData=conID: 3 locID: 102651689970827901 bcsId: 0} | ret=SUCCESS |  
2019-08-20 22:34:44,186 | INFO  | DNAudit | user=null | ip=null | op=WRITE_CHUNK {blockData=conID: 3 locID: 102651689970827901 bcsId: 0} | ret=SUCCESS |  
2019-08-20 22:34:44,198 | INFO  | DNAudit | user=null | ip=null | op=WRITE_CHUNK {blockData=conID: 3 locID: 102651689970827901 bcsId: 0} | ret=SUCCESS |  
2019-08-20 22:34:44,199 | INFO  | DNAudit | user=null | ip=null | op=PUT_BLOCK {blockData=[blockId=conID: 3 locID: 102651689970827901 bcsId: 0,size=1048576]} | ret=SUCCESS |  
2019-08-20 22:34:44,199 [grpc-default-executor-5] INFO  client.GrpcClientProtocolClient (GrpcClientProtocolClient.java:onNext(255)) - client-391BA870FC40->947ec526-030f-41cc-8af7-a6f75e712ab0: receive RaftClientReply:client-391BA870FC40->947ec526-030f-41cc-8af7-a6f75e712ab0@group-5D45C35602B2, cid=2933, SUCCESS, logIndex=4399, commits[947ec526-030f-41cc-8af7-a6f75e712ab0:c4401, c447b9b6-dde2-4ce7-aa81-d0e2eddc8fe9:c4398, 28b540ac-241d-462a-a56c-509e92928066:c4398]
2019-08-20 22:34:44,199 | INFO  | DNAudit | user=null | ip=null | op=WRITE_CHUNK {blockData=conID: 3 locID: 102651689970827901 bcsId: 0} | ret=SUCCESS |  
2019-08-20 22:34:44,199 [grpc-default-executor-5] INFO  client.GrpcClientProtocolClient (GrpcClientProtocolClient.java:onNext(255)) - client-391BA870FC40->947ec526-030f-41cc-8af7-a6f75e712ab0: receive RaftClientReply:client-391BA870FC40->947ec526-030f-41cc-8af7-a6f75e712ab0@group-5D45C35602B2, cid=2934, SUCCESS, logIndex=4400, commits[947ec526-030f-41cc-8af7-a6f75e712ab0:c4402, c447b9b6-dde2-4ce7-aa81-d0e2eddc8fe9:c4398, 28b540ac-241d-462a-a56c-509e92928066:c4398]
2019-08-20 22:34:44,199 | INFO  | DNAudit | user=null | ip=null | op=PUT_BLOCK {blockData=[blockId=conID: 3 locID: 102651689970827901 bcsId: 0,size=2097152]} | ret=SUCCESS |  
2019-08-20 22:34:44,199 [grpc-default-executor-5] INFO  client.GrpcClientProtocolClient (GrpcClientProtocolClient.java:onNext(255)) - client-391BA870FC40->947ec526-030f-41cc-8af7-a6f75e712ab0: receive RaftClientReply:client-391BA870FC40->947ec526-030f-41cc-8af7-a6f75e712ab0@group-5D45C35602B2, cid=2935, SUCCESS, logIndex=4401, commits[947ec526-030f-41cc-8af7-a6f75e712ab0:c4402, c447b9b6-dde2-4ce7-aa81-d0e2eddc8fe9:c4398, 28b540ac-241d-462a-a56c-509e92928066:c4398]
2019-08-20 22:34:44,199 [grpc-default-executor-5] INFO  client.GrpcClientProtocolClient (GrpcClientProtocolClient.java:onNext(255)) - client-391BA870FC40->947ec526-030f-41cc-8af7-a6f75e712ab0: receive RaftClientReply:client-391BA870FC40->947ec526-030f-41cc-8af7-a6f75e712ab0@group-5D45C35602B2, cid=2936, SUCCESS, logIndex=4402, commits[947ec526-030f-41cc-8af7-a6f75e712ab0:c4402, c447b9b6-dde2-4ce7-aa81-d0e2eddc8fe9:c4398, 28b540ac-241d-462a-a56c-509e92928066:c4398]
2019-08-20 22:34:44,209 | INFO  | DNAudit | user=null | ip=null | op=WRITE_CHUNK {blockData=conID: 3 locID: 102651689970827901 bcsId: 0} | ret=SUCCESS |  
2019-08-20 22:34:44,210 | INFO  | DNAudit | user=null | ip=null | op=WRITE_CHUNK {blockData=conID: 3 locID: 102651689970827901 bcsId: 0} | ret=SUCCESS |  
2019-08-20 22:34:44,210 | INFO  | DNAudit | user=null | ip=null | op=PUT_BLOCK {blockData=[blockId=conID: 3 locID: 102651689970827901 bcsId: 0,size=1048576]} | ret=SUCCESS |  
2019-08-20 22:34:44,210 | INFO  | DNAudit | user=null | ip=null | op=WRITE_CHUNK {blockData=conID: 3 locID: 102651689970827901 bcsId: 0} | ret=SUCCESS |  
2019-08-20 22:34:44,212 | INFO  | DNAudit | user=null | ip=null | op=PUT_BLOCK {blockData=[blockId=conID: 3 locID: 102651689970827901 bcsId: 0,size=1048576]} | ret=SUCCESS |  
2019-08-20 22:34:44,212 | INFO  | DNAudit | user=null | ip=null | op=PUT_BLOCK {blockData=[blockId=conID: 3 locID: 102651689970827901 bcsId: 0,size=2097152]} | ret=SUCCESS |  
2019-08-20 22:34:44,213 | INFO  | DNAudit | user=null | ip=null | op=WRITE_CHUNK {blockData=conID: 3 locID: 102651689970827901 bcsId: 0} | ret=SUCCESS |  
2019-08-20 22:34:44,213 | INFO  | DNAudit | user=null | ip=null | op=PUT_BLOCK {blockData=[blockId=conID: 3 locID: 102651689970827901 bcsId: 0,size=2097152]} | ret=SUCCESS |  
2019-08-20 22:34:44,213 [grpc-default-executor-5] INFO  client.GrpcClientProtocolClient (GrpcClientProtocolClient.java:onNext(255)) - client-391BA870FC40->947ec526-030f-41cc-8af7-a6f75e712ab0: receive RaftClientReply:client-391BA870FC40->947ec526-030f-41cc-8af7-a6f75e712ab0@group-5D45C35602B2, cid=2937, SUCCESS, logIndex=0, commits[947ec526-030f-41cc-8af7-a6f75e712ab0:c4406, c447b9b6-dde2-4ce7-aa81-d0e2eddc8fe9:c4402, 28b540ac-241d-462a-a56c-509e92928066:c4401]
2019-08-20 22:34:44,218 | INFO  | DNAudit | user=null | ip=null | op=WRITE_CHUNK {blockData=conID: 3 locID: 102651689970827901 bcsId: 4402} | ret=SUCCESS |  
2019-08-20 22:34:44,219 | INFO  | DNAudit | user=null | ip=null | op=WRITE_CHUNK {blockData=conID: 3 locID: 102651689970827901 bcsId: 4402} | ret=SUCCESS |  
2019-08-20 22:34:44,220 | INFO  | DNAudit | user=null | ip=null | op=WRITE_CHUNK {blockData=conID: 3 locID: 102651689970827901 bcsId: 4402} | ret=SUCCESS |  
2019-08-20 22:34:44,222 | INFO  | SCMAudit | user=jenkins1000 | ip=192.168.5.142 | op=SEND_HEARTBEAT {datanodeUUID=947ec526-030f-41cc-8af7-a6f75e712ab0, command=[]} | ret=SUCCESS |  
2019-08-20 22:34:44,222 | INFO  | SCMAudit | user=jenkins1000 | ip=192.168.5.142 | op=SEND_HEARTBEAT {datanodeUUID=c447b9b6-dde2-4ce7-aa81-d0e2eddc8fe9, command=[]} | ret=SUCCESS |  
2019-08-20 22:34:44,222 | INFO  | SCMAudit | user=jenkins1000 | ip=192.168.5.142 | op=SEND_HEARTBEAT {datanodeUUID=eafd9314-3f13-422a-a2ac-adfcde2d7481, command=[]} | ret=SUCCESS |  
2019-08-20 22:34:44,222 | INFO  | SCMAudit | user=jenkins1000 | ip=192.168.5.142 | op=SEND_HEARTBEAT {datanodeUUID=28b540ac-241d-462a-a56c-509e92928066, command=[]} | ret=SUCCESS |  
 0.00% |█                                                                                                    |  0/1 Time: 0:00:332019-08-20 22:34:44,230 | INFO  | DNAudit | user=null | ip=null | op=WRITE_CHUNK {blockData=conID: 3 locID: 102651689970827901 bcsId: 4402} | ret=SUCCESS |  
2019-08-20 22:34:44,231 | INFO  | DNAudit | user=null | ip=null | op=PUT_BLOCK {blockData=[blockId=conID: 3 locID: 102651689970827901 bcsId: 0,size=3145728]} | ret=SUCCESS |  
2019-08-20 22:34:44,231 [grpc-default-executor-3] INFO  client.GrpcClientProtocolClient (GrpcClientProtocolClient.java:onNext(255)) - client-391BA870FC40->947ec526-030f-41cc-8af7-a6f75e712ab0: receive RaftClientReply:client-391BA870FC40->947ec526-030f-41cc-8af7-a6f75e712ab0@group-5D45C35602B2, cid=2938, SUCCESS, logIndex=4407, commits[947ec526-030f-41cc-8af7-a6f75e712ab0:c4408, c447b9b6-dde2-4ce7-aa81-d0e2eddc8fe9:c4406, 28b540ac-241d-462a-a56c-509e92928066:c4406]
2019-08-20 22:34:44,231 [grpc-default-executor-3] INFO  client.GrpcClientProtocolClient (GrpcClientProtocolClient.java:onNext(255)) - client-391BA870FC40->947ec526-030f-41cc-8af7-a6f75e712ab0: receive RaftClientReply:client-391BA870FC40->947ec526-030f-41cc-8af7-a6f75e712ab0@group-5D45C35602B2, cid=2939, SUCCESS, logIndex=4408, commits[947ec526-030f-41cc-8af7-a6f75e712ab0:c4408, c447b9b6-dde2-4ce7-aa81-d0e2eddc8fe9:c4406, 28b540ac-241d-462a-a56c-509e92928066:c4406]
2019-08-20 22:34:44,236 | INFO  | DNAudit | user=null | ip=null | op=WRITE_CHUNK {blockData=conID: 3 locID: 102651689970827901 bcsId: 4408} | ret=SUCCESS |  
2019-08-20 22:34:44,237 | INFO  | DNAudit | user=null | ip=null | op=WRITE_CHUNK {blockData=conID: 3 locID: 102651689970827901 bcsId: 4408} | ret=SUCCESS |  
2019-08-20 22:34:44,238 | INFO  | DNAudit | user=null | ip=null | op=WRITE_CHUNK {blockData=conID: 3 locID: 102651689970827901 bcsId: 4408} | ret=SUCCESS |  
2019-08-20 22:34:44,243 | INFO  | DNAudit | user=null | ip=null | op=WRITE_CHUNK {blockData=conID: 3 locID: 102651689970827901 bcsId: 4402} | ret=SUCCESS |  
2019-08-20 22:34:44,243 | INFO  | DNAudit | user=null | ip=null | op=WRITE_CHUNK {blockData=conID: 3 locID: 102651689970827901 bcsId: 4402} | ret=SUCCESS |  
2019-08-20 22:34:44,245 | INFO  | DNAudit | user=null | ip=null | op=PUT_BLOCK {blockData=[blockId=conID: 3 locID: 102651689970827901 bcsId: 0,size=3145728]} | ret=SUCCESS |  
2019-08-20 22:34:44,245 | INFO  | DNAudit | user=null | ip=null | op=PUT_BLOCK {blockData=[blockId=conID: 3 locID: 102651689970827901 bcsId: 0,size=3145728]} | ret=SUCCESS |  
2019-08-20 22:34:44,245 | INFO  | DNAudit | user=null | ip=null | op=WRITE_CHUNK {blockData=conID: 3 locID: 102651689970827901 bcsId: 4408} | ret=SUCCESS |  
2019-08-20 22:34:44,245 | INFO  | DNAudit | user=null | ip=null | op=PUT_BLOCK {blockData=[blockId=conID: 3 locID: 102651689970827901 bcsId: 0,size=4194304]} | ret=SUCCESS |  
2019-08-20 22:34:44,245 [grpc-default-executor-1] INFO  client.GrpcClientProtocolClient (GrpcClientProtocolClient.java:onNext(255)) - client-391BA870FC40->947ec526-030f-41cc-8af7-a6f75e712ab0: receive RaftClientReply:client-391BA870FC40->947ec526-030f-41cc-8af7-a6f75e712ab0@group-5D45C35602B2, cid=2940, SUCCESS, logIndex=4411, commits[947ec526-030f-41cc-8af7-a6f75e712ab0:c4412, c447b9b6-dde2-4ce7-aa81-d0e2eddc8fe9:c4408, 28b540ac-241d-462a-a56c-509e92928066:c4408]
2019-08-20 22:34:44,246 [grpc-default-executor-1] INFO  client.GrpcClientProtocolClient (GrpcClientProtocolClient.java:onNext(255)) - client-391BA870FC40->947ec526-030f-41cc-8af7-a6f75e712ab0: receive RaftClientReply:client-391BA870FC40->947ec526-030f-41cc-8af7-a6f75e712ab0@group-5D45C35602B2, cid=2941, SUCCESS, logIndex=4412, commits[947ec526-030f-41cc-8af7-a6f75e712ab0:c4412, c447b9b6-dde2-4ce7-aa81-d0e2eddc8fe9:c4408, 28b540ac-241d-462a-a56c-509e92928066:c4408]
2019-08-20 22:34:44,247 | INFO  | DNAudit | user=null | ip=null | op=WRITE_CHUNK {blockData=conID: 3 locID: 102651689970827901 bcsId: 4408} | ret=SUCCESS |  
2019-08-20 22:34:44,247 | INFO  | DNAudit | user=null | ip=null | op=WRITE_CHUNK {blockData=conID: 3 locID: 102651689970827901 bcsId: 4408} | ret=SUCCESS |  
2019-08-20 22:34:44,257 | INFO  | DNAudit | user=null | ip=null | op=PUT_BLOCK {blockData=[blockId=conID: 3 locID: 102651689970827901 bcsId: 0,size=4194304]} | ret=SUCCESS |  
2019-08-20 22:34:44,257 | INFO  | DNAudit | user=null | ip=null | op=PUT_BLOCK {blockData=[blockId=conID: 3 locID: 102651689970827901 bcsId: 0,size=4194304]} | ret=SUCCESS |  
2019-08-20 22:34:44,257 [grpc-default-executor-3] INFO  client.GrpcClientProtocolClient (GrpcClientProtocolClient.java:onNext(255)) - client-391BA870FC40->947ec526-030f-41cc-8af7-a6f75e712ab0: receive RaftClientReply:client-391BA870FC40->947ec526-030f-41cc-8af7-a6f75e712ab0@group-5D45C35602B2, cid=2942, SUCCESS, logIndex=0, commits[947ec526-030f-41cc-8af7-a6f75e712ab0:c4414, c447b9b6-dde2-4ce7-aa81-d0e2eddc8fe9:c4412, 28b540ac-241d-462a-a56c-509e92928066:c4412]
2019-08-20 22:34:44,261 | INFO  | SCMAudit | user=jenkins1000 | ip=192.168.5.142 | op=ALLOCATE_BLOCK {owner=6f694d07-2a2f-44d9-8e1c-aaa094a2f647, size=4194304, type=RATIS, factor=THREE} | ret=SUCCESS |  
2019-08-20 22:34:44,264 | INFO  | OMAudit | user=jenkins1000 | ip=127.0.0.1 | op=ALLOCATE_BLOCK {volume=vol-0-80747, bucket=bucket-0-27686, key=key-0-47435, dataSize=0, replicationType=null, replicationFactor=null, keyLocationInfo=null, clientID=102651687805452690} | ret=SUCCESS |  
2019-08-20 22:34:44,364 | INFO  | DNAudit | user=null | ip=null | op=WRITE_CHUNK {blockData=conID: 1 locID: 102651689976529534 bcsId: 0} | ret=SUCCESS |  
2019-08-20 22:34:44,367 | INFO  | DNAudit | user=null | ip=null | op=WRITE_CHUNK {blockData=conID: 1 locID: 102651689976529534 bcsId: 0} | ret=SUCCESS |  
2019-08-20 22:34:44,367 | INFO  | DNAudit | user=null | ip=null | op=WRITE_CHUNK {blockData=conID: 1 locID: 102651689976529534 bcsId: 0} | ret=SUCCESS |  
2019-08-20 22:34:44,367 | INFO  | DNAudit | user=null | ip=null | op=WRITE_CHUNK {blockData=conID: 1 locID: 102651689976529534 bcsId: 0} | ret=SUCCESS |  
2019-08-20 22:34:44,368 | INFO  | DNAudit | user=null | ip=null | op=WRITE_CHUNK {blockData=conID: 1 locID: 102651689976529534 bcsId: 0} | ret=SUCCESS |  
2019-08-20 22:34:44,368 | INFO  | DNAudit | user=null | ip=null | op=WRITE_CHUNK {blockData=conID: 1 locID: 102651689976529534 bcsId: 0} | ret=SUCCESS |  
2019-08-20 22:34:44,379 | INFO  | DNAudit | user=null | ip=null | op=WRITE_CHUNK {blockData=conID: 1 locID: 102651689976529534 bcsId: 0} | ret=SUCCESS |  
2019-08-20 22:34:44,380 | INFO  | DNAudit | user=null | ip=null | op=PUT_BLOCK {blockData=[blockId=conID: 1 locID: 102651689976529534 bcsId: 0,size=1048576]} | ret=SUCCESS |  
2019-08-20 22:34:44,380 [grpc-default-executor-3] INFO  client.GrpcClientProtocolClient (GrpcClientProtocolClient.java:onNext(255)) - client-391BA870FC40->947ec526-030f-41cc-8af7-a6f75e712ab0: receive RaftClientReply:client-391BA870FC40->947ec526-030f-41cc-8af7-a6f75e712ab0@group-5D45C35602B2, cid=2943, SUCCESS, logIndex=4415, commits[947ec526-030f-41cc-8af7-a6f75e712ab0:c4417, c447b9b6-dde2-4ce7-aa81-d0e2eddc8fe9:c4414, 28b540ac-241d-462a-a56c-509e92928066:c4414]
2019-08-20 22:34:44,380 | INFO  | DNAudit | user=null | ip=null | op=WRITE_CHUNK {blockData=conID: 1 locID: 102651689976529534 bcsId: 0} | ret=SUCCESS |  
2019-08-20 22:34:44,380 [grpc-default-executor-3] INFO  client.GrpcClientProtocolClient (GrpcClientProtocolClient.java:onNext(255)) - client-391BA870FC40->947ec526-030f-41cc-8af7-a6f75e712ab0: receive RaftClientReply:client-391BA870FC40->947ec526-030f-41cc-8af7-a6f75e712ab0@group-5D45C35602B2, cid=2944, SUCCESS, logIndex=4416, commits[947ec526-030f-41cc-8af7-a6f75e712ab0:c4418, c447b9b6-dde2-4ce7-aa81-d0e2eddc8fe9:c4414, 28b540ac-241d-462a-a56c-509e92928066:c4414]
2019-08-20 22:34:44,381 | INFO  | DNAudit | user=null | ip=null | op=PUT_BLOCK {blockData=[blockId=conID: 1 locID: 102651689976529534 bcsId: 0,size=2097152]} | ret=SUCCESS |  
2019-08-20 22:34:44,381 [grpc-default-executor-3] INFO  client.GrpcClientProtocolClient (GrpcClientProtocolClient.java:onNext(255)) - client-391BA870FC40->947ec526-030f-41cc-8af7-a6f75e712ab0: receive RaftClientReply:client-391BA870FC40->947ec526-030f-41cc-8af7-a6f75e712ab0@group-5D45C35602B2, cid=2945, SUCCESS, logIndex=4417, commits[947ec526-030f-41cc-8af7-a6f75e712ab0:c4418, c447b9b6-dde2-4ce7-aa81-d0e2eddc8fe9:c4414, 28b540ac-241d-462a-a56c-509e92928066:c4414]
2019-08-20 22:34:44,381 [grpc-default-executor-3] INFO  client.GrpcClientProtocolClient (GrpcClientProtocolClient.java:onNext(255)) - client-391BA870FC40->947ec526-030f-41cc-8af7-a6f75e712ab0: receive RaftClientReply:client-391BA870FC40->947ec526-030f-41cc-8af7-a6f75e712ab0@group-5D45C35602B2, cid=2946, SUCCESS, logIndex=4418, commits[947ec526-030f-41cc-8af7-a6f75e712ab0:c4418, c447b9b6-dde2-4ce7-aa81-d0e2eddc8fe9:c4414, 28b540ac-241d-462a-a56c-509e92928066:c4414]
2019-08-20 22:34:44,391 | INFO  | DNAudit | user=null | ip=null | op=WRITE_CHUNK {blockData=conID: 1 locID: 102651689976529534 bcsId: 0} | ret=SUCCESS |  
2019-08-20 22:34:44,391 | INFO  | DNAudit | user=null | ip=null | op=WRITE_CHUNK {blockData=conID: 1 locID: 102651689976529534 bcsId: 0} | ret=SUCCESS |  
2019-08-20 22:34:44,391 | INFO  | DNAudit | user=null | ip=null | op=PUT_BLOCK {blockData=[blockId=conID: 1 locID: 102651689976529534 bcsId: 0,size=1048576]} | ret=SUCCESS |  
2019-08-20 22:34:44,391 | INFO  | DNAudit | user=null | ip=null | op=PUT_BLOCK {blockData=[blockId=conID: 1 locID: 102651689976529534 bcsId: 0,size=1048576]} | ret=SUCCESS |  
2019-08-20 22:34:44,391 [grpc-default-executor-3] INFO  client.GrpcClientProtocolClient (GrpcClientProtocolClient.java:onNext(255)) - client-391BA870FC40->947ec526-030f-41cc-8af7-a6f75e712ab0: receive RaftClientReply:client-391BA870FC40->947ec526-030f-41cc-8af7-a6f75e712ab0@group-5D45C35602B2, cid=2947, SUCCESS, logIndex=0, commits[947ec526-030f-41cc-8af7-a6f75e712ab0:c4419, c447b9b6-dde2-4ce7-aa81-d0e2eddc8fe9:c4416, 28b540ac-241d-462a-a56c-509e92928066:c4416]
2019-08-20 22:34:44,394 | INFO  | DNAudit | user=null | ip=null | op=WRITE_CHUNK {blockData=conID: 1 locID: 102651689976529534 bcsId: 0} | ret=SUCCESS |  
2019-08-20 22:34:44,394 | INFO  | DNAudit | user=null | ip=null | op=WRITE_CHUNK {blockData=conID: 1 locID: 102651689976529534 bcsId: 0} | ret=SUCCESS |  
2019-08-20 22:34:44,394 | INFO  | DNAudit | user=null | ip=null | op=PUT_BLOCK {blockData=[blockId=conID: 1 locID: 102651689976529534 bcsId: 0,size=2097152]} | ret=SUCCESS |  
2019-08-20 22:34:44,394 | INFO  | DNAudit | user=null | ip=null | op=PUT_BLOCK {blockData=[blockId=conID: 1 locID: 102651689976529534 bcsId: 0,size=2097152]} | ret=SUCCESS |  
2019-08-20 22:34:44,398 | INFO  | DNAudit | user=null | ip=null | op=WRITE_CHUNK {blockData=conID: 1 locID: 102651689976529534 bcsId: 4418} | ret=SUCCESS |  
2019-08-20 22:34:44,400 | INFO  | DNAudit | user=null | ip=null | op=WRITE_CHUNK {blockData=conID: 1 locID: 102651689976529534 bcsId: 4418} | ret=SUCCESS |  
2019-08-20 22:34:44,401 | INFO  | DNAudit | user=null | ip=null | op=WRITE_CHUNK {blockData=conID: 1 locID: 102651689976529534 bcsId: 4418} | ret=SUCCESS |  
2019-08-20 22:34:44,410 | INFO  | DNAudit | user=null | ip=null | op=WRITE_CHUNK {blockData=conID: 1 locID: 102651689976529534 bcsId: 4418} | ret=SUCCESS |  
2019-08-20 22:34:44,411 | INFO  | DNAudit | user=null | ip=null | op=PUT_BLOCK {blockData=[blockId=conID: 1 locID: 102651689976529534 bcsId: 0,size=3145728]} | ret=SUCCESS |  
2019-08-20 22:34:44,411 [grpc-default-executor-3] INFO  client.GrpcClientProtocolClient (GrpcClientProtocolClient.java:onNext(255)) - client-391BA870FC40->947ec526-030f-41cc-8af7-a6f75e712ab0: receive RaftClientReply:client-391BA870FC40->947ec526-030f-41cc-8af7-a6f75e712ab0@group-5D45C35602B2, cid=2948, SUCCESS, logIndex=4423, commits[947ec526-030f-41cc-8af7-a6f75e712ab0:c4424, c447b9b6-dde2-4ce7-aa81-d0e2eddc8fe9:c4422, 28b540ac-241d-462a-a56c-509e92928066:c4422]
2019-08-20 22:34:44,411 [grpc-default-executor-3] INFO  client.GrpcClientProtocolClient (GrpcClientProtocolClient.java:onNext(255)) - client-391BA870FC40->947ec526-030f-41cc-8af7-a6f75e712ab0: receive RaftClientReply:client-391BA870FC40->947ec526-030f-41cc-8af7-a6f75e712ab0@group-5D45C35602B2, cid=2949, SUCCESS, logIndex=4424, commits[947ec526-030f-41cc-8af7-a6f75e712ab0:c4424, c447b9b6-dde2-4ce7-aa81-d0e2eddc8fe9:c4422, 28b540ac-241d-462a-a56c-509e92928066:c4422]
2019-08-20 22:34:44,418 | INFO  | DNAudit | user=null | ip=null | op=WRITE_CHUNK {blockData=conID: 1 locID: 102651689976529534 bcsId: 4424} | ret=SUCCESS |  
2019-08-20 22:34:44,420 | INFO  | DNAudit | user=null | ip=null | op=WRITE_CHUNK {blockData=conID: 1 locID: 102651689976529534 bcsId: 4424} | ret=SUCCESS |  
2019-08-20 22:34:44,421 | INFO  | DNAudit | user=null | ip=null | op=WRITE_CHUNK {blockData=conID: 1 locID: 102651689976529534 bcsId: 4424} | ret=SUCCESS |  
2019-08-20 22:34:44,422 | INFO  | DNAudit | user=null | ip=null | op=WRITE_CHUNK {blockData=conID: 1 locID: 102651689976529534 bcsId: 4418} | ret=SUCCESS |  
2019-08-20 22:34:44,422 | INFO  | DNAudit | user=null | ip=null | op=WRITE_CHUNK {blockData=conID: 1 locID: 102651689976529534 bcsId: 4418} | ret=SUCCESS |  
2019-08-20 22:34:44,425 | INFO  | DNAudit | user=null | ip=null | op=PUT_BLOCK {blockData=[blockId=conID: 1 locID: 102651689976529534 bcsId: 0,size=3145728]} | ret=SUCCESS |  
2019-08-20 22:34:44,425 | INFO  | DNAudit | user=null | ip=null | op=PUT_BLOCK {blockData=[blockId=conID: 1 locID: 102651689976529534 bcsId: 0,size=3145728]} | ret=SUCCESS |  
2019-08-20 22:34:44,425 | INFO  | DNAudit | user=null | ip=null | op=WRITE_CHUNK {blockData=conID: 1 locID: 102651689976529534 bcsId: 4424} | ret=SUCCESS |  
2019-08-20 22:34:44,426 | INFO  | DNAudit | user=null | ip=null | op=PUT_BLOCK {blockData=[blockId=conID: 1 locID: 102651689976529534 bcsId: 0,size=4194304]} | ret=SUCCESS |  
2019-08-20 22:34:44,426 [grpc-default-executor-2] INFO  client.GrpcClientProtocolClient (GrpcClientProtocolClient.java:onNext(255)) - client-391BA870FC40->947ec526-030f-41cc-8af7-a6f75e712ab0: receive RaftClientReply:client-391BA870FC40->947ec526-030f-41cc-8af7-a6f75e712ab0@group-5D45C35602B2, cid=2950, SUCCESS, logIndex=4427, commits[947ec526-030f-41cc-8af7-a6f75e712ab0:c4428, c447b9b6-dde2-4ce7-aa81-d0e2eddc8fe9:c4424, 28b540ac-241d-462a-a56c-509e92928066:c4424]
2019-08-20 22:34:44,426 [grpc-default-executor-2] INFO  client.GrpcClientProtocolClient (GrpcClientProtocolClient.java:onNext(255)) - client-391BA870FC40->947ec526-030f-41cc-8af7-a6f75e712ab0: receive RaftClientReply:client-391BA870FC40->947ec526-030f-41cc-8af7-a6f75e712ab0@group-5D45C35602B2, cid=2951, SUCCESS, logIndex=4428, commits[947ec526-030f-41cc-8af7-a6f75e712ab0:c4428, c447b9b6-dde2-4ce7-aa81-d0e2eddc8fe9:c4424, 28b540ac-241d-462a-a56c-509e92928066:c4424]
2019-08-20 22:34:44,437 | INFO  | DNAudit | user=null | ip=null | op=WRITE_CHUNK {blockData=conID: 1 locID: 102651689976529534 bcsId: 4424} | ret=SUCCESS |  
2019-08-20 22:34:44,437 | INFO  | DNAudit | user=null | ip=null | op=WRITE_CHUNK {blockData=conID: 1 locID: 102651689976529534 bcsId: 4424} | ret=SUCCESS |  
2019-08-20 22:34:44,438 | INFO  | DNAudit | user=null | ip=null | op=PUT_BLOCK {blockData=[blockId=conID: 1 locID: 102651689976529534 bcsId: 0,size=4194304]} | ret=SUCCESS |  
2019-08-20 22:34:44,438 | INFO  | DNAudit | user=null | ip=null | op=PUT_BLOCK {blockData=[blockId=conID: 1 locID: 102651689976529534 bcsId: 0,size=4194304]} | ret=SUCCESS |  
2019-08-20 22:34:44,439 [grpc-default-executor-2] INFO  client.GrpcClientProtocolClient (GrpcClientProtocolClient.java:onNext(255)) - client-391BA870FC40->947ec526-030f-41cc-8af7-a6f75e712ab0: receive RaftClientReply:client-391BA870FC40->947ec526-030f-41cc-8af7-a6f75e712ab0@group-5D45C35602B2, cid=2952, SUCCESS, logIndex=0, commits[947ec526-030f-41cc-8af7-a6f75e712ab0:c4430, c447b9b6-dde2-4ce7-aa81-d0e2eddc8fe9:c4428, 28b540ac-241d-462a-a56c-509e92928066:c4428]
2019-08-20 22:34:44,445 | INFO  | SCMAudit | user=jenkins1000 | ip=192.168.5.142 | op=ALLOCATE_BLOCK {owner=6f694d07-2a2f-44d9-8e1c-aaa094a2f647, size=4194304, type=RATIS, factor=THREE} | ret=SUCCESS |  
2019-08-20 22:34:44,449 | INFO  | OMAudit | user=jenkins1000 | ip=127.0.0.1 | op=ALLOCATE_BLOCK {volume=vol-0-80747, bucket=bucket-0-27686, key=key-0-47435, dataSize=0, replicationType=null, replicationFactor=null, keyLocationInfo=null, clientID=102651687805452690} | ret=SUCCESS |  
2019-08-20 22:34:44,456 | INFO  | DNAudit | user=null | ip=null | op=WRITE_CHUNK {blockData=conID: 2 locID: 102651689988588159 bcsId: 0} | ret=SUCCESS |  
2019-08-20 22:34:44,459 | INFO  | DNAudit | user=null | ip=null | op=WRITE_CHUNK {blockData=conID: 2 locID: 102651689988588159 bcsId: 0} | ret=SUCCESS |  
2019-08-20 22:34:44,459 | INFO  | DNAudit | user=null | ip=null | op=WRITE_CHUNK {blockData=conID: 2 locID: 102651689988588159 bcsId: 0} | ret=SUCCESS |  
2019-08-20 22:34:44,460 | INFO  | DNAudit | user=null | ip=null | op=WRITE_CHUNK {blockData=conID: 2 locID: 102651689988588159 bcsId: 0} | ret=SUCCESS |  
2019-08-20 22:34:44,461 | INFO  | DNAudit | user=null | ip=null | op=WRITE_CHUNK {blockData=conID: 2 locID: 102651689988588159 bcsId: 0} | ret=SUCCESS |  
2019-08-20 22:34:44,461 | INFO  | DNAudit | user=null | ip=null | op=WRITE_CHUNK {blockData=conID: 2 locID: 102651689988588159 bcsId: 0} | ret=SUCCESS |  
2019-08-20 22:34:44,471 | INFO  | DNAudit | user=null | ip=null | op=WRITE_CHUNK {blockData=conID: 2 locID: 102651689988588159 bcsId: 0} | ret=SUCCESS |  
2019-08-20 22:34:44,471 | INFO  | DNAudit | user=null | ip=null | op=PUT_BLOCK {blockData=[blockId=conID: 2 locID: 102651689988588159 bcsId: 0,size=1048576]} | ret=SUCCESS |  
2019-08-20 22:34:44,471 [grpc-default-executor-3] INFO  client.GrpcClientProtocolClient (GrpcClientProtocolClient.java:onNext(255)) - client-391BA870FC40->947ec526-030f-41cc-8af7-a6f75e712ab0: receive RaftClientReply:client-391BA870FC40->947ec526-030f-41cc-8af7-a6f75e712ab0@group-5D45C35602B2, cid=2953, SUCCESS, logIndex=4431, commits[947ec526-030f-41cc-8af7-a6f75e712ab0:c4432, c447b9b6-dde2-4ce7-aa81-d0e2eddc8fe9:c4430, 28b540ac-241d-462a-a56c-509e92928066:c4428]
2019-08-20 22:34:44,472 [grpc-default-executor-3] INFO  client.GrpcClientProtocolClient (GrpcClientProtocolClient.java:onNext(255)) - client-391BA870FC40->947ec526-030f-41cc-8af7-a6f75e712ab0: receive RaftClientReply:client-391BA870FC40->947ec526-030f-41cc-8af7-a6f75e712ab0@group-5D45C35602B2, cid=2954, SUCCESS, logIndex=4432, commits[947ec526-030f-41cc-8af7-a6f75e712ab0:c4432, c447b9b6-dde2-4ce7-aa81-d0e2eddc8fe9:c4430, 28b540ac-241d-462a-a56c-509e92928066:c4430]
2019-08-20 22:34:44,481 | INFO  | DNAudit | user=null | ip=null | op=WRITE_CHUNK {blockData=conID: 2 locID: 102651689988588159 bcsId: 0} | ret=SUCCESS |  
2019-08-20 22:34:44,481 | INFO  | DNAudit | user=null | ip=null | op=PUT_BLOCK {blockData=[blockId=conID: 2 locID: 102651689988588159 bcsId: 0,size=2097152]} | ret=SUCCESS |  
2019-08-20 22:34:44,481 | INFO  | DNAudit | user=null | ip=null | op=WRITE_CHUNK {blockData=conID: 2 locID: 102651689988588159 bcsId: 0} | ret=SUCCESS |  
2019-08-20 22:34:44,481 [grpc-default-executor-3] INFO  client.GrpcClientProtocolClient (GrpcClientProtocolClient.java:onNext(255)) - client-391BA870FC40->947ec526-030f-41cc-8af7-a6f75e712ab0: receive RaftClientReply:client-391BA870FC40->947ec526-030f-41cc-8af7-a6f75e712ab0@group-5D45C35602B2, cid=2955, SUCCESS, logIndex=4433, commits[947ec526-030f-41cc-8af7-a6f75e712ab0:c4434, c447b9b6-dde2-4ce7-aa81-d0e2eddc8fe9:c4430, 28b540ac-241d-462a-a56c-509e92928066:c4430]
2019-08-20 22:34:44,481 | INFO  | DNAudit | user=null | ip=null | op=PUT_BLOCK {blockData=[blockId=conID: 2 locID: 102651689988588159 bcsId: 0,size=1048576]} | ret=SUCCESS |  
2019-08-20 22:34:44,481 [grpc-default-executor-3] INFO  client.GrpcClientProtocolClient (GrpcClientProtocolClient.java:onNext(255)) - client-391BA870FC40->947ec526-030f-41cc-8af7-a6f75e712ab0: receive RaftClientReply:client-391BA870FC40->947ec526-030f-41cc-8af7-a6f75e712ab0@group-5D45C35602B2, cid=2956, SUCCESS, logIndex=4434, commits[947ec526-030f-41cc-8af7-a6f75e712ab0:c4434, c447b9b6-dde2-4ce7-aa81-d0e2eddc8fe9:c4430, 28b540ac-241d-462a-a56c-509e92928066:c4430]
2019-08-20 22:34:44,484 | INFO  | DNAudit | user=null | ip=null | op=WRITE_CHUNK {blockData=conID: 2 locID: 102651689988588159 bcsId: 0} | ret=SUCCESS |  
2019-08-20 22:34:44,485 | INFO  | DNAudit | user=null | ip=null | op=PUT_BLOCK {blockData=[blockId=conID: 2 locID: 102651689988588159 bcsId: 0,size=1048576]} | ret=SUCCESS |  
2019-08-20 22:34:44,485 | INFO  | DNAudit | user=null | ip=null | op=WRITE_CHUNK {blockData=conID: 2 locID: 102651689988588159 bcsId: 0} | ret=SUCCESS |  
2019-08-20 22:34:44,485 | INFO  | DNAudit | user=null | ip=null | op=WRITE_CHUNK {blockData=conID: 2 locID: 102651689988588159 bcsId: 0} | ret=SUCCESS |  
2019-08-20 22:34:44,485 | INFO  | DNAudit | user=null | ip=null | op=PUT_BLOCK {blockData=[blockId=conID: 2 locID: 102651689988588159 bcsId: 0,size=2097152]} | ret=SUCCESS |  
2019-08-20 22:34:44,485 | INFO  | DNAudit | user=null | ip=null | op=PUT_BLOCK {blockData=[blockId=conID: 2 locID: 102651689988588159 bcsId: 0,size=2097152]} | ret=SUCCESS |  
2019-08-20 22:34:44,485 [grpc-default-executor-3] INFO  client.GrpcClientProtocolClient (GrpcClientProtocolClient.java:onNext(255)) - client-391BA870FC40->947ec526-030f-41cc-8af7-a6f75e712ab0: receive RaftClientReply:client-391BA870FC40->947ec526-030f-41cc-8af7-a6f75e712ab0@group-5D45C35602B2, cid=2957, SUCCESS, logIndex=0, commits[947ec526-030f-41cc-8af7-a6f75e712ab0:c4435, c447b9b6-dde2-4ce7-aa81-d0e2eddc8fe9:c4432, 28b540ac-241d-462a-a56c-509e92928066:c4432]
2019-08-20 22:34:44,491 | INFO  | DNAudit | user=null | ip=null | op=WRITE_CHUNK {blockData=conID: 2 locID: 102651689988588159 bcsId: 4434} | ret=SUCCESS |  
2019-08-20 22:34:44,493 | INFO  | DNAudit | user=null | ip=null | op=WRITE_CHUNK {blockData=conID: 2 locID: 102651689988588159 bcsId: 4434} | ret=SUCCESS |  
2019-08-20 22:34:44,494 | INFO  | DNAudit | user=null | ip=null | op=WRITE_CHUNK {blockData=conID: 2 locID: 102651689988588159 bcsId: 4434} | ret=SUCCESS |  
2019-08-20 22:34:44,496 | INFO  | DNAudit | user=null | ip=null | op=WRITE_CHUNK {blockData=conID: 2 locID: 102651689988588159 bcsId: 4434} | ret=SUCCESS |  
2019-08-20 22:34:44,497 | INFO  | DNAudit | user=null | ip=null | op=PUT_BLOCK {blockData=[blockId=conID: 2 locID: 102651689988588159 bcsId: 0,size=3145728]} | ret=SUCCESS |  
2019-08-20 22:34:44,497 [grpc-default-executor-2] INFO  client.GrpcClientProtocolClient (GrpcClientProtocolClient.java:onNext(255)) - client-391BA870FC40->947ec526-030f-41cc-8af7-a6f75e712ab0: receive RaftClientReply:client-391BA870FC40->947ec526-030f-41cc-8af7-a6f75e712ab0@group-5D45C35602B2, cid=2958, SUCCESS, logIndex=4438, commits[947ec526-030f-41cc-8af7-a6f75e712ab0:c4439, c447b9b6-dde2-4ce7-aa81-d0e2eddc8fe9:c4436, 28b540ac-241d-462a-a56c-509e92928066:c4436]
2019-08-20 22:34:44,497 [grpc-default-executor-2] INFO  client.GrpcClientProtocolClient (GrpcClientProtocolClient.java:onNext(255)) - client-391BA870FC40->947ec526-030f-41cc-8af7-a6f75e712ab0: receive RaftClientReply:client-391BA870FC40->947ec526-030f-41cc-8af7-a6f75e712ab0@group-5D45C35602B2, cid=2959, SUCCESS, logIndex=4439, commits[947ec526-030f-41cc-8af7-a6f75e712ab0:c4439, c447b9b6-dde2-4ce7-aa81-d0e2eddc8fe9:c4436, 28b540ac-241d-462a-a56c-509e92928066:c4436]
2019-08-20 22:34:44,502 | INFO  | DNAudit | user=null | ip=null | op=WRITE_CHUNK {blockData=conID: 2 locID: 102651689988588159 bcsId: 4439} | ret=SUCCESS |  
2019-08-20 22:34:44,505 | INFO  | DNAudit | user=null | ip=null | op=WRITE_CHUNK {blockData=conID: 2 locID: 102651689988588159 bcsId: 4439} | ret=SUCCESS |  
2019-08-20 22:34:44,505 | INFO  | DNAudit | user=null | ip=null | op=WRITE_CHUNK {blockData=conID: 2 locID: 102651689988588159 bcsId: 4439} | ret=SUCCESS |  
2019-08-20 22:34:44,512 | INFO  | DNAudit | user=null | ip=null | op=WRITE_CHUNK {blockData=conID: 2 locID: 102651689988588159 bcsId: 4434} | ret=SUCCESS |  
2019-08-20 22:34:44,512 | INFO  | DNAudit | user=null | ip=null | op=WRITE_CHUNK {blockData=conID: 2 locID: 102651689988588159 bcsId: 4434} | ret=SUCCESS |  
2019-08-20 22:34:44,513 | INFO  | DNAudit | user=null | ip=null | op=PUT_BLOCK {blockData=[blockId=conID: 2 locID: 102651689988588159 bcsId: 0,size=3145728]} | ret=SUCCESS |  
2019-08-20 22:34:44,513 | INFO  | DNAudit | user=null | ip=null | op=PUT_BLOCK {blockData=[blockId=conID: 2 locID: 102651689988588159 bcsId: 0,size=3145728]} | ret=SUCCESS |  
2019-08-20 22:34:44,514 | INFO  | DNAudit | user=null | ip=null | op=WRITE_CHUNK {blockData=conID: 2 locID: 102651689988588159 bcsId: 4439} | ret=SUCCESS |  
2019-08-20 22:34:44,515 | INFO  | DNAudit | user=null | ip=null | op=PUT_BLOCK {blockData=[blockId=conID: 2 locID: 102651689988588159 bcsId: 0,size=4194304]} | ret=SUCCESS |  
2019-08-20 22:34:44,515 [grpc-default-executor-5] INFO  client.GrpcClientProtocolClient (GrpcClientProtocolClient.java:onNext(255)) - client-391BA870FC40->947ec526-030f-41cc-8af7-a6f75e712ab0: receive RaftClientReply:client-391BA870FC40->947ec526-030f-41cc-8af7-a6f75e712ab0@group-5D45C35602B2, cid=2960, SUCCESS, logIndex=4442, commits[947ec526-030f-41cc-8af7-a6f75e712ab0:c4443, c447b9b6-dde2-4ce7-aa81-d0e2eddc8fe9:c4440, 28b540ac-241d-462a-a56c-509e92928066:c4440]
2019-08-20 22:34:44,515 [grpc-default-executor-5] INFO  client.GrpcClientProtocolClient (GrpcClientProtocolClient.java:onNext(255)) - client-391BA870FC40->947ec526-030f-41cc-8af7-a6f75e712ab0: receive RaftClientReply:client-391BA870FC40->947ec526-030f-41cc-8af7-a6f75e712ab0@group-5D45C35602B2, cid=2961, SUCCESS, logIndex=4443, commits[947ec526-030f-41cc-8af7-a6f75e712ab0:c4443, c447b9b6-dde2-4ce7-aa81-d0e2eddc8fe9:c4440, 28b540ac-241d-462a-a56c-509e92928066:c4440]
2019-08-20 22:34:44,525 | INFO  | DNAudit | user=null | ip=null | op=WRITE_CHUNK {blockData=conID: 2 locID: 102651689988588159 bcsId: 4439} | ret=SUCCESS |  
2019-08-20 22:34:44,525 | INFO  | DNAudit | user=null | ip=null | op=WRITE_CHUNK {blockData=conID: 2 locID: 102651689988588159 bcsId: 4439} | ret=SUCCESS |  
2019-08-20 22:34:44,528 | INFO  | DNAudit | user=null | ip=null | op=PUT_BLOCK {blockData=[blockId=conID: 2 locID: 102651689988588159 bcsId: 0,size=4194304]} | ret=SUCCESS |  
2019-08-20 22:34:44,528 | INFO  | DNAudit | user=null | ip=null | op=PUT_BLOCK {blockData=[blockId=conID: 2 locID: 102651689988588159 bcsId: 0,size=4194304]} | ret=SUCCESS |  
2019-08-20 22:34:44,528 [grpc-default-executor-5] INFO  client.GrpcClientProtocolClient (GrpcClientProtocolClient.java:onNext(255)) - client-391BA870FC40->947ec526-030f-41cc-8af7-a6f75e712ab0: receive RaftClientReply:client-391BA870FC40->947ec526-030f-41cc-8af7-a6f75e712ab0@group-5D45C35602B2, cid=2962, SUCCESS, logIndex=0, commits[947ec526-030f-41cc-8af7-a6f75e712ab0:c4445, c447b9b6-dde2-4ce7-aa81-d0e2eddc8fe9:c4443, 28b540ac-241d-462a-a56c-509e92928066:c4443]
2019-08-20 22:34:44,535 | INFO  | SCMAudit | user=jenkins1000 | ip=192.168.5.142 | op=ALLOCATE_BLOCK {owner=6f694d07-2a2f-44d9-8e1c-aaa094a2f647, size=4194304, type=RATIS, factor=THREE} | ret=SUCCESS |  
2019-08-20 22:34:44,539 | INFO  | OMAudit | user=jenkins1000 | ip=127.0.0.1 | op=ALLOCATE_BLOCK {volume=vol-0-80747, bucket=bucket-0-27686, key=key-0-47435, dataSize=0, replicationType=null, replicationFactor=null, keyLocationInfo=null, clientID=102651687805452690} | ret=SUCCESS |  
2019-08-20 22:34:44,545 | INFO  | DNAudit | user=null | ip=null | op=WRITE_CHUNK {blockData=conID: 3 locID: 102651689994486400 bcsId: 0} | ret=SUCCESS |  
2019-08-20 22:34:44,547 | INFO  | DNAudit | user=null | ip=null | op=WRITE_CHUNK {blockData=conID: 3 locID: 102651689994486400 bcsId: 0} | ret=SUCCESS |  
2019-08-20 22:34:44,547 | INFO  | DNAudit | user=null | ip=null | op=WRITE_CHUNK {blockData=conID: 3 locID: 102651689994486400 bcsId: 0} | ret=SUCCESS |  
2019-08-20 22:34:44,548 | INFO  | DNAudit | user=null | ip=null | op=WRITE_CHUNK {blockData=conID: 3 locID: 102651689994486400 bcsId: 0} | ret=SUCCESS |  
2019-08-20 22:34:44,550 | INFO  | DNAudit | user=null | ip=null | op=WRITE_CHUNK {blockData=conID: 3 locID: 102651689994486400 bcsId: 0} | ret=SUCCESS |  
2019-08-20 22:34:44,551 | INFO  | DNAudit | user=null | ip=null | op=WRITE_CHUNK {blockData=conID: 3 locID: 102651689994486400 bcsId: 0} | ret=SUCCESS |  
2019-08-20 22:34:44,557 | INFO  | DNAudit | user=null | ip=null | op=WRITE_CHUNK {blockData=conID: 3 locID: 102651689994486400 bcsId: 0} | ret=SUCCESS |  
2019-08-20 22:34:44,558 | INFO  | DNAudit | user=null | ip=null | op=PUT_BLOCK {blockData=[blockId=conID: 3 locID: 102651689994486400 bcsId: 0,size=1048576]} | ret=SUCCESS |  
2019-08-20 22:34:44,558 [grpc-default-executor-2] INFO  client.GrpcClientProtocolClient (GrpcClientProtocolClient.java:onNext(255)) - client-391BA870FC40->947ec526-030f-41cc-8af7-a6f75e712ab0: receive RaftClientReply:client-391BA870FC40->947ec526-030f-41cc-8af7-a6f75e712ab0@group-5D45C35602B2, cid=2963, SUCCESS, logIndex=4446, commits[947ec526-030f-41cc-8af7-a6f75e712ab0:c4447, c447b9b6-dde2-4ce7-aa81-d0e2eddc8fe9:c4445, 28b540ac-241d-462a-a56c-509e92928066:c4445]
2019-08-20 22:34:44,558 [grpc-default-executor-2] INFO  client.GrpcClientProtocolClient (GrpcClientProtocolClient.java:onNext(255)) - client-391BA870FC40->947ec526-030f-41cc-8af7-a6f75e712ab0: receive RaftClientReply:client-391BA870FC40->947ec526-030f-41cc-8af7-a6f75e712ab0@group-5D45C35602B2, cid=2964, SUCCESS, logIndex=4447, commits[947ec526-030f-41cc-8af7-a6f75e712ab0:c4447, c447b9b6-dde2-4ce7-aa81-d0e2eddc8fe9:c4445, 28b540ac-241d-462a-a56c-509e92928066:c4445]
2019-08-20 22:34:44,559 | INFO  | DNAudit | user=null | ip=null | op=WRITE_CHUNK {blockData=conID: 3 locID: 102651689994486400 bcsId: 0} | ret=SUCCESS |  
2019-08-20 22:34:44,559 | INFO  | DNAudit | user=null | ip=null | op=PUT_BLOCK {blockData=[blockId=conID: 3 locID: 102651689994486400 bcsId: 0,size=2097152]} | ret=SUCCESS |  
2019-08-20 22:34:44,559 [grpc-default-executor-2] INFO  client.GrpcClientProtocolClient (GrpcClientProtocolClient.java:onNext(255)) - client-391BA870FC40->947ec526-030f-41cc-8af7-a6f75e712ab0: receive RaftClientReply:client-391BA870FC40->947ec526-030f-41cc-8af7-a6f75e712ab0@group-5D45C35602B2, cid=2965, SUCCESS, logIndex=4448, commits[947ec526-030f-41cc-8af7-a6f75e712ab0:c4449, c447b9b6-dde2-4ce7-aa81-d0e2eddc8fe9:c4445, 28b540ac-241d-462a-a56c-509e92928066:c4445]
2019-08-20 22:34:44,559 [grpc-default-executor-2] INFO  client.GrpcClientProtocolClient (GrpcClientProtocolClient.java:onNext(255)) - client-391BA870FC40->947ec526-030f-41cc-8af7-a6f75e712ab0: receive RaftClientReply:client-391BA870FC40->947ec526-030f-41cc-8af7-a6f75e712ab0@group-5D45C35602B2, cid=2966, SUCCESS, logIndex=4449, commits[947ec526-030f-41cc-8af7-a6f75e712ab0:c4449, c447b9b6-dde2-4ce7-aa81-d0e2eddc8fe9:c4445, 28b540ac-241d-462a-a56c-509e92928066:c4445]
2019-08-20 22:34:44,560 | INFO  | DNAudit | user=null | ip=null | op=WRITE_CHUNK {blockData=conID: 3 locID: 102651689994486400 bcsId: 0} | ret=SUCCESS |  
2019-08-20 22:34:44,560 | INFO  | DNAudit | user=null | ip=null | op=WRITE_CHUNK {blockData=conID: 3 locID: 102651689994486400 bcsId: 0} | ret=SUCCESS |  
2019-08-20 22:34:44,560 | INFO  | DNAudit | user=null | ip=null | op=PUT_BLOCK {blockData=[blockId=conID: 3 locID: 102651689994486400 bcsId: 0,size=1048576]} | ret=SUCCESS |  
2019-08-20 22:34:44,560 | INFO  | DNAudit | user=null | ip=null | op=PUT_BLOCK {blockData=[blockId=conID: 3 locID: 102651689994486400 bcsId: 0,size=1048576]} | ret=SUCCESS |  
2019-08-20 22:34:44,561 [grpc-default-executor-2] INFO  client.GrpcClientProtocolClient (GrpcClientProtocolClient.java:onNext(255)) - client-391BA870FC40->947ec526-030f-41cc-8af7-a6f75e712ab0: receive RaftClientReply:client-391BA870FC40->947ec526-030f-41cc-8af7-a6f75e712ab0@group-5D45C35602B2, cid=2967, SUCCESS, logIndex=0, commits[947ec526-030f-41cc-8af7-a6f75e712ab0:c4450, c447b9b6-dde2-4ce7-aa81-d0e2eddc8fe9:c4447, 28b540ac-241d-462a-a56c-509e92928066:c4447]
2019-08-20 22:34:44,566 | INFO  | DNAudit | user=null | ip=null | op=WRITE_CHUNK {blockData=conID: 3 locID: 102651689994486400 bcsId: 4449} | ret=SUCCESS |  
2019-08-20 22:34:44,568 | INFO  | DNAudit | user=null | ip=null | op=WRITE_CHUNK {blockData=conID: 3 locID: 102651689994486400 bcsId: 4449} | ret=SUCCESS |  
2019-08-20 22:34:44,569 | INFO  | DNAudit | user=null | ip=null | op=WRITE_CHUNK {blockData=conID: 3 locID: 102651689994486400 bcsId: 4449} | ret=SUCCESS |  
2019-08-20 22:34:44,572 | INFO  | DNAudit | user=null | ip=null | op=WRITE_CHUNK {blockData=conID: 3 locID: 102651689994486400 bcsId: 0} | ret=SUCCESS |  
2019-08-20 22:34:44,572 | INFO  | DNAudit | user=null | ip=null | op=WRITE_CHUNK {blockData=conID: 3 locID: 102651689994486400 bcsId: 0} | ret=SUCCESS |  
2019-08-20 22:34:44,572 | INFO  | DNAudit | user=null | ip=null | op=PUT_BLOCK {blockData=[blockId=conID: 3 locID: 102651689994486400 bcsId: 0,size=2097152]} | ret=SUCCESS |  
2019-08-20 22:34:44,572 | INFO  | DNAudit | user=null | ip=null | op=PUT_BLOCK {blockData=[blockId=conID: 3 locID: 102651689994486400 bcsId: 0,size=2097152]} | ret=SUCCESS |  
2019-08-20 22:34:44,573 | INFO  | DNAudit | user=null | ip=null | op=WRITE_CHUNK {blockData=conID: 3 locID: 102651689994486400 bcsId: 4449} | ret=SUCCESS |  
2019-08-20 22:34:44,574 | INFO  | DNAudit | user=null | ip=null | op=PUT_BLOCK {blockData=[blockId=conID: 3 locID: 102651689994486400 bcsId: 0,size=3145728]} | ret=SUCCESS |  
2019-08-20 22:34:44,574 [grpc-default-executor-5] INFO  client.GrpcClientProtocolClient (GrpcClientProtocolClient.java:onNext(255)) - client-391BA870FC40->947ec526-030f-41cc-8af7-a6f75e712ab0: receive RaftClientReply:client-391BA870FC40->947ec526-030f-41cc-8af7-a6f75e712ab0@group-5D45C35602B2, cid=2968, SUCCESS, logIndex=4454, commits[947ec526-030f-41cc-8af7-a6f75e712ab0:c4455, c447b9b6-dde2-4ce7-aa81-d0e2eddc8fe9:c4450, 28b540ac-241d-462a-a56c-509e92928066:c4449]
2019-08-20 22:34:44,574 [grpc-default-executor-5] INFO  client.GrpcClientProtocolClient (GrpcClientProtocolClient.java:onNext(255)) - client-391BA870FC40->947ec526-030f-41cc-8af7-a6f75e712ab0: receive RaftClientReply:client-391BA870FC40->947ec526-030f-41cc-8af7-a6f75e712ab0@group-5D45C35602B2, cid=2969, SUCCESS, logIndex=4455, commits[947ec526-030f-41cc-8af7-a6f75e712ab0:c4455, c447b9b6-dde2-4ce7-aa81-d0e2eddc8fe9:c4450, 28b540ac-241d-462a-a56c-509e92928066:c4450]
2019-08-20 22:34:44,575 | INFO  | DNAudit | user=null | ip=null | op=WRITE_CHUNK {blockData=conID: 3 locID: 102651689994486400 bcsId: 4449} | ret=SUCCESS |  
2019-08-20 22:34:44,575 | INFO  | DNAudit | user=null | ip=null | op=WRITE_CHUNK {blockData=conID: 3 locID: 102651689994486400 bcsId: 4449} | ret=SUCCESS |  
2019-08-20 22:34:44,575 | INFO  | DNAudit | user=null | ip=null | op=PUT_BLOCK {blockData=[blockId=conID: 3 locID: 102651689994486400 bcsId: 0,size=3145728]} | ret=SUCCESS |  
2019-08-20 22:34:44,575 | INFO  | DNAudit | user=null | ip=null | op=PUT_BLOCK {blockData=[blockId=conID: 3 locID: 102651689994486400 bcsId: 0,size=3145728]} | ret=SUCCESS |  
2019-08-20 22:34:44,580 | INFO  | DNAudit | user=null | ip=null | op=WRITE_CHUNK {blockData=conID: 3 locID: 102651689994486400 bcsId: 4455} | ret=SUCCESS |  
2019-08-20 22:34:44,581 | INFO  | DNAudit | user=null | ip=null | op=WRITE_CHUNK {blockData=conID: 3 locID: 102651689994486400 bcsId: 4455} | ret=SUCCESS |  
2019-08-20 22:34:44,582 | INFO  | DNAudit | user=null | ip=null | op=WRITE_CHUNK {blockData=conID: 3 locID: 102651689994486400 bcsId: 4455} | ret=SUCCESS |  
2019-08-20 22:34:44,591 | INFO  | DNAudit | user=null | ip=null | op=WRITE_CHUNK {blockData=conID: 3 locID: 102651689994486400 bcsId: 4455} | ret=SUCCESS |  
2019-08-20 22:34:44,592 | INFO  | DNAudit | user=null | ip=null | op=PUT_BLOCK {blockData=[blockId=conID: 3 locID: 102651689994486400 bcsId: 0,size=4194304]} | ret=SUCCESS |  
2019-08-20 22:34:44,592 [grpc-default-executor-1] INFO  client.GrpcClientProtocolClient (GrpcClientProtocolClient.java:onNext(255)) - client-391BA870FC40->947ec526-030f-41cc-8af7-a6f75e712ab0: receive RaftClientReply:client-391BA870FC40->947ec526-030f-41cc-8af7-a6f75e712ab0@group-5D45C35602B2, cid=2970, SUCCESS, logIndex=4457, commits[947ec526-030f-41cc-8af7-a6f75e712ab0:c4458, c447b9b6-dde2-4ce7-aa81-d0e2eddc8fe9:c4456, 28b540ac-241d-462a-a56c-509e92928066:c4456]
2019-08-20 22:34:44,592 [grpc-default-executor-1] INFO  client.GrpcClientProtocolClient (GrpcClientProtocolClient.java:onNext(255)) - client-391BA870FC40->947ec526-030f-41cc-8af7-a6f75e712ab0: receive RaftClientReply:client-391BA870FC40->947ec526-030f-41cc-8af7-a6f75e712ab0@group-5D45C35602B2, cid=2971, SUCCESS, logIndex=4458, commits[947ec526-030f-41cc-8af7-a6f75e712ab0:c4458, c447b9b6-dde2-4ce7-aa81-d0e2eddc8fe9:c4456, 28b540ac-241d-462a-a56c-509e92928066:c4456]
2019-08-20 22:34:44,603 | INFO  | DNAudit | user=null | ip=null | op=WRITE_CHUNK {blockData=conID: 3 locID: 102651689994486400 bcsId: 4455} | ret=SUCCESS |  
2019-08-20 22:34:44,603 | INFO  | DNAudit | user=null | ip=null | op=WRITE_CHUNK {blockData=conID: 3 locID: 102651689994486400 bcsId: 4455} | ret=SUCCESS |  
2019-08-20 22:34:44,603 | INFO  | DNAudit | user=null | ip=null | op=PUT_BLOCK {blockData=[blockId=conID: 3 locID: 102651689994486400 bcsId: 0,size=4194304]} | ret=SUCCESS |  
2019-08-20 22:34:44,603 | INFO  | DNAudit | user=null | ip=null | op=PUT_BLOCK {blockData=[blockId=conID: 3 locID: 102651689994486400 bcsId: 0,size=4194304]} | ret=SUCCESS |  
2019-08-20 22:34:44,603 [grpc-default-executor-1] INFO  client.GrpcClientProtocolClient (GrpcClientProtocolClient.java:onNext(255)) - client-391BA870FC40->947ec526-030f-41cc-8af7-a6f75e712ab0: receive RaftClientReply:client-391BA870FC40->947ec526-030f-41cc-8af7-a6f75e712ab0@group-5D45C35602B2, cid=2972, SUCCESS, logIndex=0, commits[947ec526-030f-41cc-8af7-a6f75e712ab0:c4459, c447b9b6-dde2-4ce7-aa81-d0e2eddc8fe9:c4458, 28b540ac-241d-462a-a56c-509e92928066:c4458]
2019-08-20 22:34:44,607 | INFO  | SCMAudit | user=jenkins1000 | ip=192.168.5.142 | op=ALLOCATE_BLOCK {owner=6f694d07-2a2f-44d9-8e1c-aaa094a2f647, size=4194304, type=RATIS, factor=THREE} | ret=SUCCESS |  
2019-08-20 22:34:44,610 | INFO  | OMAudit | user=jenkins1000 | ip=127.0.0.1 | op=ALLOCATE_BLOCK {volume=vol-0-80747, bucket=bucket-0-27686, key=key-0-47435, dataSize=0, replicationType=null, replicationFactor=null, keyLocationInfo=null, clientID=102651687805452690} | ret=SUCCESS |  
2019-08-20 22:34:44,616 | INFO  | DNAudit | user=null | ip=null | op=WRITE_CHUNK {blockData=conID: 1 locID: 102651689999204993 bcsId: 0} | ret=SUCCESS |  
2019-08-20 22:34:44,618 | INFO  | DNAudit | user=null | ip=null | op=WRITE_CHUNK {blockData=conID: 1 locID: 102651689999204993 bcsId: 0} | ret=SUCCESS |  
2019-08-20 22:34:44,619 | INFO  | DNAudit | user=null | ip=null | op=WRITE_CHUNK {blockData=conID: 1 locID: 102651689999204993 bcsId: 0} | ret=SUCCESS |  
2019-08-20 22:34:44,619 | INFO  | DNAudit | user=null | ip=null | op=WRITE_CHUNK {blockData=conID: 1 locID: 102651689999204993 bcsId: 0} | ret=SUCCESS |  
2019-08-20 22:34:44,620 | INFO  | DNAudit | user=null | ip=null | op=WRITE_CHUNK {blockData=conID: 1 locID: 102651689999204993 bcsId: 0} | ret=SUCCESS |  
2019-08-20 22:34:44,620 | INFO  | DNAudit | user=null | ip=null | op=WRITE_CHUNK {blockData=conID: 1 locID: 102651689999204993 bcsId: 0} | ret=SUCCESS |  
2019-08-20 22:34:44,631 | INFO  | DNAudit | user=null | ip=null | op=WRITE_CHUNK {blockData=conID: 1 locID: 102651689999204993 bcsId: 0} | ret=SUCCESS |  
2019-08-20 22:34:44,631 | INFO  | DNAudit | user=null | ip=null | op=PUT_BLOCK {blockData=[blockId=conID: 1 locID: 102651689999204993 bcsId: 0,size=1048576]} | ret=SUCCESS |  
2019-08-20 22:34:44,631 [grpc-default-executor-2] INFO  client.GrpcClientProtocolClient (GrpcClientProtocolClient.java:onNext(255)) - client-391BA870FC40->947ec526-030f-41cc-8af7-a6f75e712ab0: receive RaftClientReply:client-391BA870FC40->947ec526-030f-41cc-8af7-a6f75e712ab0@group-5D45C35602B2, cid=2973, SUCCESS, logIndex=4461, commits[947ec526-030f-41cc-8af7-a6f75e712ab0:c4462, c447b9b6-dde2-4ce7-aa81-d0e2eddc8fe9:c4460, 28b540ac-241d-462a-a56c-509e92928066:c4460]
2019-08-20 22:34:44,632 | INFO  | DNAudit | user=null | ip=null | op=WRITE_CHUNK {blockData=conID: 1 locID: 102651689999204993 bcsId: 0} | ret=SUCCESS |  
2019-08-20 22:34:44,632 [grpc-default-executor-1] INFO  client.GrpcClientProtocolClient (GrpcClientProtocolClient.java:onNext(255)) - client-391BA870FC40->947ec526-030f-41cc-8af7-a6f75e712ab0: receive RaftClientReply:client-391BA870FC40->947ec526-030f-41cc-8af7-a6f75e712ab0@group-5D45C35602B2, cid=2974, SUCCESS, logIndex=4462, commits[947ec526-030f-41cc-8af7-a6f75e712ab0:c4462, c447b9b6-dde2-4ce7-aa81-d0e2eddc8fe9:c4460, 28b540ac-241d-462a-a56c-509e92928066:c4460]
2019-08-20 22:34:44,632 | INFO  | DNAudit | user=null | ip=null | op=PUT_BLOCK {blockData=[blockId=conID: 1 locID: 102651689999204993 bcsId: 0,size=2097152]} | ret=SUCCESS |  
2019-08-20 22:34:44,633 [grpc-default-executor-1] INFO  client.GrpcClientProtocolClient (GrpcClientProtocolClient.java:onNext(255)) - client-391BA870FC40->947ec526-030f-41cc-8af7-a6f75e712ab0: receive RaftClientReply:client-391BA870FC40->947ec526-030f-41cc-8af7-a6f75e712ab0@group-5D45C35602B2, cid=2975, SUCCESS, logIndex=4463, commits[947ec526-030f-41cc-8af7-a6f75e712ab0:c4464, c447b9b6-dde2-4ce7-aa81-d0e2eddc8fe9:c4460, 28b540ac-241d-462a-a56c-509e92928066:c4460]
2019-08-20 22:34:44,633 | INFO  | DNAudit | user=null | ip=null | op=WRITE_CHUNK {blockData=conID: 1 locID: 102651689999204993 bcsId: 0} | ret=SUCCESS |  
2019-08-20 22:34:44,633 | INFO  | DNAudit | user=null | ip=null | op=WRITE_CHUNK {blockData=conID: 1 locID: 102651689999204993 bcsId: 0} | ret=SUCCESS |  
2019-08-20 22:34:44,633 | INFO  | DNAudit | user=null | ip=null | op=PUT_BLOCK {blockData=[blockId=conID: 1 locID: 102651689999204993 bcsId: 0,size=1048576]} | ret=SUCCESS |  
2019-08-20 22:34:44,633 | INFO  | DNAudit | user=null | ip=null | op=PUT_BLOCK {blockData=[blockId=conID: 1 locID: 102651689999204993 bcsId: 0,size=1048576]} | ret=SUCCESS |  
2019-08-20 22:34:44,633 [grpc-default-executor-1] INFO  client.GrpcClientProtocolClient (GrpcClientProtocolClient.java:onNext(255)) - client-391BA870FC40->947ec526-030f-41cc-8af7-a6f75e712ab0: receive RaftClientReply:client-391BA870FC40->947ec526-030f-41cc-8af7-a6f75e712ab0@group-5D45C35602B2, cid=2976, SUCCESS, logIndex=4464, commits[947ec526-030f-41cc-8af7-a6f75e712ab0:c4464, c447b9b6-dde2-4ce7-aa81-d0e2eddc8fe9:c4460, 28b540ac-241d-462a-a56c-509e92928066:c4460]
2019-08-20 22:34:44,634 | INFO  | DNAudit | user=null | ip=null | op=WRITE_CHUNK {blockData=conID: 1 locID: 102651689999204993 bcsId: 0} | ret=SUCCESS |  
2019-08-20 22:34:44,634 [grpc-default-executor-1] INFO  client.GrpcClientProtocolClient (GrpcClientProtocolClient.java:onNext(255)) - client-391BA870FC40->947ec526-030f-41cc-8af7-a6f75e712ab0: receive RaftClientReply:client-391BA870FC40->947ec526-030f-41cc-8af7-a6f75e712ab0@group-5D45C35602B2, cid=2977, SUCCESS, logIndex=0, commits[947ec526-030f-41cc-8af7-a6f75e712ab0:c4466, c447b9b6-dde2-4ce7-aa81-d0e2eddc8fe9:c4462, 28b540ac-241d-462a-a56c-509e92928066:c4462]
2019-08-20 22:34:44,634 | INFO  | DNAudit | user=null | ip=null | op=WRITE_CHUNK {blockData=conID: 1 locID: 102651689999204993 bcsId: 0} | ret=SUCCESS |  
2019-08-20 22:34:44,634 | INFO  | DNAudit | user=null | ip=null | op=PUT_BLOCK {blockData=[blockId=conID: 1 locID: 102651689999204993 bcsId: 0,size=2097152]} | ret=SUCCESS |  
2019-08-20 22:34:44,634 | INFO  | DNAudit | user=null | ip=null | op=PUT_BLOCK {blockData=[blockId=conID: 1 locID: 102651689999204993 bcsId: 0,size=2097152]} | ret=SUCCESS |  
2019-08-20 22:34:44,639 | INFO  | DNAudit | user=null | ip=null | op=WRITE_CHUNK {blockData=conID: 1 locID: 102651689999204993 bcsId: 4464} | ret=SUCCESS |  
2019-08-20 22:34:44,641 | INFO  | DNAudit | user=null | ip=null | op=WRITE_CHUNK {blockData=conID: 1 locID: 102651689999204993 bcsId: 4464} | ret=SUCCESS |  
2019-08-20 22:34:44,641 | INFO  | DNAudit | user=null | ip=null | op=WRITE_CHUNK {blockData=conID: 1 locID: 102651689999204993 bcsId: 4464} | ret=SUCCESS |  
2019-08-20 22:34:44,653 | INFO  | DNAudit | user=null | ip=null | op=WRITE_CHUNK {blockData=conID: 1 locID: 102651689999204993 bcsId: 4464} | ret=SUCCESS |  
2019-08-20 22:34:44,653 | INFO  | DNAudit | user=null | ip=null | op=PUT_BLOCK {blockData=[blockId=conID: 1 locID: 102651689999204993 bcsId: 0,size=3145728]} | ret=SUCCESS |  
2019-08-20 22:34:44,653 [grpc-default-executor-1] INFO  client.GrpcClientProtocolClient (GrpcClientProtocolClient.java:onNext(255)) - client-391BA870FC40->947ec526-030f-41cc-8af7-a6f75e712ab0: receive RaftClientReply:client-391BA870FC40->947ec526-030f-41cc-8af7-a6f75e712ab0@group-5D45C35602B2, cid=2978, SUCCESS, logIndex=4469, commits[947ec526-030f-41cc-8af7-a6f75e712ab0:c4470, c447b9b6-dde2-4ce7-aa81-d0e2eddc8fe9:c4468, 28b540ac-241d-462a-a56c-509e92928066:c4468]
2019-08-20 22:34:44,654 [grpc-default-executor-1] INFO  client.GrpcClientProtocolClient (GrpcClientProtocolClient.java:onNext(255)) - client-391BA870FC40->947ec526-030f-41cc-8af7-a6f75e712ab0: receive RaftClientReply:client-391BA870FC40->947ec526-030f-41cc-8af7-a6f75e712ab0@group-5D45C35602B2, cid=2979, SUCCESS, logIndex=4470, commits[947ec526-030f-41cc-8af7-a6f75e712ab0:c4470, c447b9b6-dde2-4ce7-aa81-d0e2eddc8fe9:c4468, 28b540ac-241d-462a-a56c-509e92928066:c4468]
2019-08-20 22:34:44,659 | INFO  | DNAudit | user=null | ip=null | op=WRITE_CHUNK {blockData=conID: 1 locID: 102651689999204993 bcsId: 4470} | ret=SUCCESS |  
2019-08-20 22:34:44,661 | INFO  | DNAudit | user=null | ip=null | op=WRITE_CHUNK {blockData=conID: 1 locID: 102651689999204993 bcsId: 4470} | ret=SUCCESS |  
2019-08-20 22:34:44,661 | INFO  | DNAudit | user=null | ip=null | op=WRITE_CHUNK {blockData=conID: 1 locID: 102651689999204993 bcsId: 4470} | ret=SUCCESS |  
2019-08-20 22:34:44,665 | INFO  | DNAudit | user=null | ip=null | op=WRITE_CHUNK {blockData=conID: 1 locID: 102651689999204993 bcsId: 4464} | ret=SUCCESS |  
2019-08-20 22:34:44,666 | INFO  | DNAudit | user=null | ip=null | op=WRITE_CHUNK {blockData=conID: 1 locID: 102651689999204993 bcsId: 4464} | ret=SUCCESS |  
2019-08-20 22:34:44,677 | INFO  | DNAudit | user=null | ip=null | op=PUT_BLOCK {blockData=[blockId=conID: 1 locID: 102651689999204993 bcsId: 0,size=3145728]} | ret=SUCCESS |  
2019-08-20 22:34:44,677 | INFO  | DNAudit | user=null | ip=null | op=PUT_BLOCK {blockData=[blockId=conID: 1 locID: 102651689999204993 bcsId: 0,size=3145728]} | ret=SUCCESS |  
2019-08-20 22:34:44,678 | INFO  | DNAudit | user=null | ip=null | op=WRITE_CHUNK {blockData=conID: 1 locID: 102651689999204993 bcsId: 4470} | ret=SUCCESS |  
2019-08-20 22:34:44,678 | INFO  | DNAudit | user=null | ip=null | op=PUT_BLOCK {blockData=[blockId=conID: 1 locID: 102651689999204993 bcsId: 0,size=4194304]} | ret=SUCCESS |  
2019-08-20 22:34:44,678 [grpc-default-executor-3] INFO  client.GrpcClientProtocolClient (GrpcClientProtocolClient.java:onNext(255)) - client-391BA870FC40->947ec526-030f-41cc-8af7-a6f75e712ab0: receive RaftClientReply:client-391BA870FC40->947ec526-030f-41cc-8af7-a6f75e712ab0@group-5D45C35602B2, cid=2980, SUCCESS, logIndex=4473, commits[947ec526-030f-41cc-8af7-a6f75e712ab0:c4474, c447b9b6-dde2-4ce7-aa81-d0e2eddc8fe9:c4470, 28b540ac-241d-462a-a56c-509e92928066:c4470]
2019-08-20 22:34:44,679 [grpc-default-executor-3] INFO  client.GrpcClientProtocolClient (GrpcClientProtocolClient.java:onNext(255)) - client-391BA870FC40->947ec526-030f-41cc-8af7-a6f75e712ab0: receive RaftClientReply:client-391BA870FC40->947ec526-030f-41cc-8af7-a6f75e712ab0@group-5D45C35602B2, cid=2981, SUCCESS, logIndex=4474, commits[947ec526-030f-41cc-8af7-a6f75e712ab0:c4474, c447b9b6-dde2-4ce7-aa81-d0e2eddc8fe9:c4470, 28b540ac-241d-462a-a56c-509e92928066:c4470]
2019-08-20 22:34:44,690 | INFO  | DNAudit | user=null | ip=null | op=WRITE_CHUNK {blockData=conID: 1 locID: 102651689999204993 bcsId: 4470} | ret=SUCCESS |  
2019-08-20 22:34:44,690 | INFO  | DNAudit | user=null | ip=null | op=WRITE_CHUNK {blockData=conID: 1 locID: 102651689999204993 bcsId: 4470} | ret=SUCCESS |  
2019-08-20 22:34:44,700 | INFO  | DNAudit | user=null | ip=null | op=PUT_BLOCK {blockData=[blockId=conID: 1 locID: 102651689999204993 bcsId: 0,size=4194304]} | ret=SUCCESS |  
2019-08-20 22:34:44,700 | INFO  | DNAudit | user=null | ip=null | op=PUT_BLOCK {blockData=[blockId=conID: 1 locID: 102651689999204993 bcsId: 0,size=4194304]} | ret=SUCCESS |  
2019-08-20 22:34:44,700 [grpc-default-executor-1] INFO  client.GrpcClientProtocolClient (GrpcClientProtocolClient.java:onNext(255)) - client-391BA870FC40->947ec526-030f-41cc-8af7-a6f75e712ab0: receive RaftClientReply:client-391BA870FC40->947ec526-030f-41cc-8af7-a6f75e712ab0@group-5D45C35602B2, cid=2982, SUCCESS, logIndex=0, commits[947ec526-030f-41cc-8af7-a6f75e712ab0:c4476, c447b9b6-dde2-4ce7-aa81-d0e2eddc8fe9:c4474, 28b540ac-241d-462a-a56c-509e92928066:c4474]
2019-08-20 22:34:44,705 | INFO  | SCMAudit | user=jenkins1000 | ip=192.168.5.142 | op=ALLOCATE_BLOCK {owner=6f694d07-2a2f-44d9-8e1c-aaa094a2f647, size=4194304, type=RATIS, factor=THREE} | ret=SUCCESS |  
2019-08-20 22:34:44,708 | INFO  | OMAudit | user=jenkins1000 | ip=127.0.0.1 | op=ALLOCATE_BLOCK {volume=vol-0-80747, bucket=bucket-0-27686, key=key-0-47435, dataSize=0, replicationType=null, replicationFactor=null, keyLocationInfo=null, clientID=102651687805452690} | ret=SUCCESS |  
2019-08-20 22:34:44,714 | INFO  | DNAudit | user=null | ip=null | op=WRITE_CHUNK {blockData=conID: 2 locID: 102651690005627522 bcsId: 0} | ret=SUCCESS |  
2019-08-20 22:34:44,716 | INFO  | DNAudit | user=null | ip=null | op=WRITE_CHUNK {blockData=conID: 2 locID: 102651690005627522 bcsId: 0} | ret=SUCCESS |  
2019-08-20 22:34:44,717 | INFO  | DNAudit | user=null | ip=null | op=WRITE_CHUNK {blockData=conID: 2 locID: 102651690005627522 bcsId: 0} | ret=SUCCESS |  
2019-08-20 22:34:44,717 | INFO  | DNAudit | user=null | ip=null | op=WRITE_CHUNK {blockData=conID: 2 locID: 102651690005627522 bcsId: 0} | ret=SUCCESS |  
2019-08-20 22:34:44,717 | INFO  | DNAudit | user=null | ip=null | op=WRITE_CHUNK {blockData=conID: 2 locID: 102651690005627522 bcsId: 0} | ret=SUCCESS |  
2019-08-20 22:34:44,718 | INFO  | DNAudit | user=null | ip=null | op=WRITE_CHUNK {blockData=conID: 2 locID: 102651690005627522 bcsId: 0} | ret=SUCCESS |  
2019-08-20 22:34:44,726 | INFO  | DNAudit | user=null | ip=null | op=WRITE_CHUNK {blockData=conID: 2 locID: 102651690005627522 bcsId: 0} | ret=SUCCESS |  
2019-08-20 22:34:44,727 | INFO  | DNAudit | user=null | ip=null | op=PUT_BLOCK {blockData=[blockId=conID: 2 locID: 102651690005627522 bcsId: 0,size=1048576]} | ret=SUCCESS |  
2019-08-20 22:34:44,727 [grpc-default-executor-5] INFO  client.GrpcClientProtocolClient (GrpcClientProtocolClient.java:onNext(255)) - client-391BA870FC40->947ec526-030f-41cc-8af7-a6f75e712ab0: receive RaftClientReply:client-391BA870FC40->947ec526-030f-41cc-8af7-a6f75e712ab0@group-5D45C35602B2, cid=2983, SUCCESS, logIndex=4477, commits[947ec526-030f-41cc-8af7-a6f75e712ab0:c4478, c447b9b6-dde2-4ce7-aa81-d0e2eddc8fe9:c4476, 28b540ac-241d-462a-a56c-509e92928066:c4476]
2019-08-20 22:34:44,728 [grpc-default-executor-5] INFO  client.GrpcClientProtocolClient (GrpcClientProtocolClient.java:onNext(255)) - client-391BA870FC40->947ec526-030f-41cc-8af7-a6f75e712ab0: receive RaftClientReply:client-391BA870FC40->947ec526-030f-41cc-8af7-a6f75e712ab0@group-5D45C35602B2, cid=2984, SUCCESS, logIndex=4478, commits[947ec526-030f-41cc-8af7-a6f75e712ab0:c4478, c447b9b6-dde2-4ce7-aa81-d0e2eddc8fe9:c4476, 28b540ac-241d-462a-a56c-509e92928066:c4476]
2019-08-20 22:34:44,735 | INFO  | DNAudit | user=null | ip=null | op=WRITE_CHUNK {blockData=conID: 2 locID: 102651690005627522 bcsId: 0} | ret=SUCCESS |  
2019-08-20 22:34:44,735 | INFO  | DNAudit | user=null | ip=null | op=PUT_BLOCK {blockData=[blockId=conID: 2 locID: 102651690005627522 bcsId: 0,size=2097152]} | ret=SUCCESS |  
2019-08-20 22:34:44,735 [grpc-default-executor-5] INFO  client.GrpcClientProtocolClient (GrpcClientProtocolClient.java:onNext(255)) - client-391BA870FC40->947ec526-030f-41cc-8af7-a6f75e712ab0: receive RaftClientReply:client-391BA870FC40->947ec526-030f-41cc-8af7-a6f75e712ab0@group-5D45C35602B2, cid=2985, SUCCESS, logIndex=4479, commits[947ec526-030f-41cc-8af7-a6f75e712ab0:c4480, c447b9b6-dde2-4ce7-aa81-d0e2eddc8fe9:c4476, 28b540ac-241d-462a-a56c-509e92928066:c4476]
2019-08-20 22:34:44,736 [grpc-default-executor-5] INFO  client.GrpcClientProtocolClient (GrpcClientProtocolClient.java:onNext(255)) - client-391BA870FC40->947ec526-030f-41cc-8af7-a6f75e712ab0: receive RaftClientReply:client-391BA870FC40->947ec526-030f-41cc-8af7-a6f75e712ab0@group-5D45C35602B2, cid=2986, SUCCESS, logIndex=4480, commits[947ec526-030f-41cc-8af7-a6f75e712ab0:c4480, c447b9b6-dde2-4ce7-aa81-d0e2eddc8fe9:c4476, 28b540ac-241d-462a-a56c-509e92928066:c4476]
2019-08-20 22:34:44,737 | INFO  | DNAudit | user=null | ip=null | op=WRITE_CHUNK {blockData=conID: 2 locID: 102651690005627522 bcsId: 0} | ret=SUCCESS |  
2019-08-20 22:34:44,737 | INFO  | DNAudit | user=null | ip=null | op=WRITE_CHUNK {blockData=conID: 2 locID: 102651690005627522 bcsId: 0} | ret=SUCCESS |  
2019-08-20 22:34:44,737 | INFO  | DNAudit | user=null | ip=null | op=PUT_BLOCK {blockData=[blockId=conID: 2 locID: 102651690005627522 bcsId: 0,size=1048576]} | ret=SUCCESS |  
2019-08-20 22:34:44,737 | INFO  | DNAudit | user=null | ip=null | op=PUT_BLOCK {blockData=[blockId=conID: 2 locID: 102651690005627522 bcsId: 0,size=1048576]} | ret=SUCCESS |  
2019-08-20 22:34:44,738 [grpc-default-executor-5] INFO  client.GrpcClientProtocolClient (GrpcClientProtocolClient.java:onNext(255)) - client-391BA870FC40->947ec526-030f-41cc-8af7-a6f75e712ab0: receive RaftClientReply:client-391BA870FC40->947ec526-030f-41cc-8af7-a6f75e712ab0@group-5D45C35602B2, cid=2987, SUCCESS, logIndex=0, commits[947ec526-030f-41cc-8af7-a6f75e712ab0:c4480, c447b9b6-dde2-4ce7-aa81-d0e2eddc8fe9:c4478, 28b540ac-241d-462a-a56c-509e92928066:c4478]
2019-08-20 22:34:44,743 | INFO  | DNAudit | user=null | ip=null | op=WRITE_CHUNK {blockData=conID: 2 locID: 102651690005627522 bcsId: 4480} | ret=SUCCESS |  
2019-08-20 22:34:44,745 | INFO  | DNAudit | user=null | ip=null | op=WRITE_CHUNK {blockData=conID: 2 locID: 102651690005627522 bcsId: 4480} | ret=SUCCESS |  
2019-08-20 22:34:44,746 | INFO  | DNAudit | user=null | ip=null | op=WRITE_CHUNK {blockData=conID: 2 locID: 102651690005627522 bcsId: 4480} | ret=SUCCESS |  
2019-08-20 22:34:44,753 | INFO  | DNAudit | user=null | ip=null | op=WRITE_CHUNK {blockData=conID: 2 locID: 102651690005627522 bcsId: 0} | ret=SUCCESS |  
2019-08-20 22:34:44,753 | INFO  | DNAudit | user=null | ip=null | op=WRITE_CHUNK {blockData=conID: 2 locID: 102651690005627522 bcsId: 0} | ret=SUCCESS |  
2019-08-20 22:34:44,753 | INFO  | DNAudit | user=null | ip=null | op=PUT_BLOCK {blockData=[blockId=conID: 2 locID: 102651690005627522 bcsId: 0,size=2097152]} | ret=SUCCESS |  
2019-08-20 22:34:44,753 | INFO  | DNAudit | user=null | ip=null | op=PUT_BLOCK {blockData=[blockId=conID: 2 locID: 102651690005627522 bcsId: 0,size=2097152]} | ret=SUCCESS |  
2019-08-20 22:34:44,753 | INFO  | DNAudit | user=null | ip=null | op=WRITE_CHUNK {blockData=conID: 2 locID: 102651690005627522 bcsId: 4480} | ret=SUCCESS |  
2019-08-20 22:34:44,754 | INFO  | DNAudit | user=null | ip=null | op=PUT_BLOCK {blockData=[blockId=conID: 2 locID: 102651690005627522 bcsId: 0,size=3145728]} | ret=SUCCESS |  
2019-08-20 22:34:44,754 [grpc-default-executor-2] INFO  client.GrpcClientProtocolClient (GrpcClientProtocolClient.java:onNext(255)) - client-391BA870FC40->947ec526-030f-41cc-8af7-a6f75e712ab0: receive RaftClientReply:client-391BA870FC40->947ec526-030f-41cc-8af7-a6f75e712ab0@group-5D45C35602B2, cid=2988, SUCCESS, logIndex=4484, commits[947ec526-030f-41cc-8af7-a6f75e712ab0:c4484, c447b9b6-dde2-4ce7-aa81-d0e2eddc8fe9:c4483, 28b540ac-241d-462a-a56c-509e92928066:c4483]
2019-08-20 22:34:44,754 [grpc-default-executor-2] INFO  client.GrpcClientProtocolClient (GrpcClientProtocolClient.java:onNext(255)) - client-391BA870FC40->947ec526-030f-41cc-8af7-a6f75e712ab0: receive RaftClientReply:client-391BA870FC40->947ec526-030f-41cc-8af7-a6f75e712ab0@group-5D45C35602B2, cid=2989, SUCCESS, logIndex=4485, commits[947ec526-030f-41cc-8af7-a6f75e712ab0:c4485, c447b9b6-dde2-4ce7-aa81-d0e2eddc8fe9:c4483, 28b540ac-241d-462a-a56c-509e92928066:c4483]
2019-08-20 22:34:44,759 | INFO  | DNAudit | user=null | ip=null | op=WRITE_CHUNK {blockData=conID: 2 locID: 102651690005627522 bcsId: 4485} | ret=SUCCESS |  
2019-08-20 22:34:44,761 | INFO  | DNAudit | user=null | ip=null | op=WRITE_CHUNK {blockData=conID: 2 locID: 102651690005627522 bcsId: 4485} | ret=SUCCESS |  
2019-08-20 22:34:44,761 | INFO  | DNAudit | user=null | ip=null | op=WRITE_CHUNK {blockData=conID: 2 locID: 102651690005627522 bcsId: 4485} | ret=SUCCESS |  
2019-08-20 22:34:44,763 | INFO  | DNAudit | user=null | ip=null | op=WRITE_CHUNK {blockData=conID: 2 locID: 102651690005627522 bcsId: 4480} | ret=SUCCESS |  
2019-08-20 22:34:44,764 | INFO  | DNAudit | user=null | ip=null | op=WRITE_CHUNK {blockData=conID: 2 locID: 102651690005627522 bcsId: 4480} | ret=SUCCESS |  
2019-08-20 22:34:44,765 | INFO  | DNAudit | user=null | ip=null | op=PUT_BLOCK {blockData=[blockId=conID: 2 locID: 102651690005627522 bcsId: 0,size=3145728]} | ret=SUCCESS |  
2019-08-20 22:34:44,765 | INFO  | DNAudit | user=null | ip=null | op=WRITE_CHUNK {blockData=conID: 2 locID: 102651690005627522 bcsId: 4485} | ret=SUCCESS |  
2019-08-20 22:34:44,765 | INFO  | DNAudit | user=null | ip=null | op=PUT_BLOCK {blockData=[blockId=conID: 2 locID: 102651690005627522 bcsId: 0,size=3145728]} | ret=SUCCESS |  
2019-08-20 22:34:44,765 | INFO  | DNAudit | user=null | ip=null | op=PUT_BLOCK {blockData=[blockId=conID: 2 locID: 102651690005627522 bcsId: 0,size=4194304]} | ret=SUCCESS |  
2019-08-20 22:34:44,765 [grpc-default-executor-5] INFO  client.GrpcClientProtocolClient (GrpcClientProtocolClient.java:onNext(255)) - client-391BA870FC40->947ec526-030f-41cc-8af7-a6f75e712ab0: receive RaftClientReply:client-391BA870FC40->947ec526-030f-41cc-8af7-a6f75e712ab0@group-5D45C35602B2, cid=2990, SUCCESS, logIndex=4488, commits[947ec526-030f-41cc-8af7-a6f75e712ab0:c4489, c447b9b6-dde2-4ce7-aa81-d0e2eddc8fe9:c4485, 28b540ac-241d-462a-a56c-509e92928066:c4484]
2019-08-20 22:34:44,766 [grpc-default-executor-5] INFO  client.GrpcClientProtocolClient (GrpcClientProtocolClient.java:onNext(255)) - client-391BA870FC40->947ec526-030f-41cc-8af7-a6f75e712ab0: receive RaftClientReply:client-391BA870FC40->947ec526-030f-41cc-8af7-a6f75e712ab0@group-5D45C35602B2, cid=2991, SUCCESS, logIndex=4489, commits[947ec526-030f-41cc-8af7-a6f75e712ab0:c4489, c447b9b6-dde2-4ce7-aa81-d0e2eddc8fe9:c4485, 28b540ac-241d-462a-a56c-509e92928066:c4485]
2019-08-20 22:34:44,777 | INFO  | DNAudit | user=null | ip=null | op=WRITE_CHUNK {blockData=conID: 2 locID: 102651690005627522 bcsId: 4485} | ret=SUCCESS |  
2019-08-20 22:34:44,777 | INFO  | DNAudit | user=null | ip=null | op=WRITE_CHUNK {blockData=conID: 2 locID: 102651690005627522 bcsId: 4485} | ret=SUCCESS |  
2019-08-20 22:34:44,777 | INFO  | DNAudit | user=null | ip=null | op=PUT_BLOCK {blockData=[blockId=conID: 2 locID: 102651690005627522 bcsId: 0,size=4194304]} | ret=SUCCESS |  
2019-08-20 22:34:44,778 | INFO  | DNAudit | user=null | ip=null | op=PUT_BLOCK {blockData=[blockId=conID: 2 locID: 102651690005627522 bcsId: 0,size=4194304]} | ret=SUCCESS |  
2019-08-20 22:34:44,779 [grpc-default-executor-5] INFO  client.GrpcClientProtocolClient (GrpcClientProtocolClient.java:onNext(255)) - client-391BA870FC40->947ec526-030f-41cc-8af7-a6f75e712ab0: receive RaftClientReply:client-391BA870FC40->947ec526-030f-41cc-8af7-a6f75e712ab0@group-5D45C35602B2, cid=2992, SUCCESS, logIndex=0, commits[947ec526-030f-41cc-8af7-a6f75e712ab0:c4491, c447b9b6-dde2-4ce7-aa81-d0e2eddc8fe9:c4489, 28b540ac-241d-462a-a56c-509e92928066:c4489]
2019-08-20 22:34:44,783 | INFO  | SCMAudit | user=jenkins1000 | ip=192.168.5.142 | op=ALLOCATE_BLOCK {owner=6f694d07-2a2f-44d9-8e1c-aaa094a2f647, size=4194304, type=RATIS, factor=THREE} | ret=SUCCESS |  
2019-08-20 22:34:44,786 | INFO  | OMAudit | user=jenkins1000 | ip=127.0.0.1 | op=ALLOCATE_BLOCK {volume=vol-0-80747, bucket=bucket-0-27686, key=key-0-47435, dataSize=0, replicationType=null, replicationFactor=null, keyLocationInfo=null, clientID=102651687805452690} | ret=SUCCESS |  
2019-08-20 22:34:44,791 | INFO  | DNAudit | user=null | ip=null | op=WRITE_CHUNK {blockData=conID: 3 locID: 102651690010739331 bcsId: 0} | ret=SUCCESS |  
2019-08-20 22:34:44,793 | INFO  | DNAudit | user=null | ip=null | op=WRITE_CHUNK {blockData=conID: 3 locID: 102651690010739331 bcsId: 0} | ret=SUCCESS |  
2019-08-20 22:34:44,793 | INFO  | DNAudit | user=null | ip=null | op=WRITE_CHUNK {blockData=conID: 3 locID: 102651690010739331 bcsId: 0} | ret=SUCCESS |  
2019-08-20 22:34:44,793 | INFO  | DNAudit | user=null | ip=null | op=WRITE_CHUNK {blockData=conID: 3 locID: 102651690010739331 bcsId: 0} | ret=SUCCESS |  
2019-08-20 22:34:44,794 | INFO  | DNAudit | user=null | ip=null | op=WRITE_CHUNK {blockData=conID: 3 locID: 102651690010739331 bcsId: 0} | ret=SUCCESS |  
2019-08-20 22:34:44,794 | INFO  | DNAudit | user=null | ip=null | op=WRITE_CHUNK {blockData=conID: 3 locID: 102651690010739331 bcsId: 0} | ret=SUCCESS |  
2019-08-20 22:34:44,799 | INFO  | DNAudit | user=null | ip=null | op=WRITE_CHUNK {blockData=conID: 3 locID: 102651690010739331 bcsId: 0} | ret=SUCCESS |  
2019-08-20 22:34:44,799 | INFO  | DNAudit | user=null | ip=null | op=PUT_BLOCK {blockData=[blockId=conID: 3 locID: 102651690010739331 bcsId: 0,size=1048576]} | ret=SUCCESS |  
2019-08-20 22:34:44,799 [grpc-default-executor-5] INFO  client.GrpcClientProtocolClient (GrpcClientProtocolClient.java:onNext(255)) - client-391BA870FC40->947ec526-030f-41cc-8af7-a6f75e712ab0: receive RaftClientReply:client-391BA870FC40->947ec526-030f-41cc-8af7-a6f75e712ab0@group-5D45C35602B2, cid=2993, SUCCESS, logIndex=4492, commits[947ec526-030f-41cc-8af7-a6f75e712ab0:c4493, c447b9b6-dde2-4ce7-aa81-d0e2eddc8fe9:c4491, 28b540ac-241d-462a-a56c-509e92928066:c4491]
2019-08-20 22:34:44,799 | INFO  | DNAudit | user=null | ip=null | op=WRITE_CHUNK {blockData=conID: 3 locID: 102651690010739331 bcsId: 0} | ret=SUCCESS |  
2019-08-20 22:34:44,799 [grpc-default-executor-1] INFO  client.GrpcClientProtocolClient (GrpcClientProtocolClient.java:onNext(255)) - client-391BA870FC40->947ec526-030f-41cc-8af7-a6f75e712ab0: receive RaftClientReply:client-391BA870FC40->947ec526-030f-41cc-8af7-a6f75e712ab0@group-5D45C35602B2, cid=2994, SUCCESS, logIndex=4493, commits[947ec526-030f-41cc-8af7-a6f75e712ab0:c4493, c447b9b6-dde2-4ce7-aa81-d0e2eddc8fe9:c4491, 28b540ac-241d-462a-a56c-509e92928066:c4491]
2019-08-20 22:34:44,800 | INFO  | DNAudit | user=null | ip=null | op=PUT_BLOCK {blockData=[blockId=conID: 3 locID: 102651690010739331 bcsId: 0,size=2097152]} | ret=SUCCESS |  
2019-08-20 22:34:44,800 [grpc-default-executor-1] INFO  client.GrpcClientProtocolClient (GrpcClientProtocolClient.java:onNext(255)) - client-391BA870FC40->947ec526-030f-41cc-8af7-a6f75e712ab0: receive RaftClientReply:client-391BA870FC40->947ec526-030f-41cc-8af7-a6f75e712ab0@group-5D45C35602B2, cid=2995, SUCCESS, logIndex=4494, commits[947ec526-030f-41cc-8af7-a6f75e712ab0:c4495, c447b9b6-dde2-4ce7-aa81-d0e2eddc8fe9:c4491, 28b540ac-241d-462a-a56c-509e92928066:c4491]
2019-08-20 22:34:44,800 [grpc-default-executor-1] INFO  client.GrpcClientProtocolClient (GrpcClientProtocolClient.java:onNext(255)) - client-391BA870FC40->947ec526-030f-41cc-8af7-a6f75e712ab0: receive RaftClientReply:client-391BA870FC40->947ec526-030f-41cc-8af7-a6f75e712ab0@group-5D45C35602B2, cid=2996, SUCCESS, logIndex=4495, commits[947ec526-030f-41cc-8af7-a6f75e712ab0:c4495, c447b9b6-dde2-4ce7-aa81-d0e2eddc8fe9:c4491, 28b540ac-241d-462a-a56c-509e92928066:c4491]
2019-08-20 22:34:44,812 | INFO  | DNAudit | user=null | ip=null | op=WRITE_CHUNK {blockData=conID: 3 locID: 102651690010739331 bcsId: 0} | ret=SUCCESS |  
2019-08-20 22:34:44,813 | INFO  | DNAudit | user=null | ip=null | op=PUT_BLOCK {blockData=[blockId=conID: 3 locID: 102651690010739331 bcsId: 0,size=1048576]} | ret=SUCCESS |  
2019-08-20 22:34:44,813 | INFO  | DNAudit | user=null | ip=null | op=WRITE_CHUNK {blockData=conID: 3 locID: 102651690010739331 bcsId: 0} | ret=SUCCESS |  
2019-08-20 22:34:44,813 | INFO  | DNAudit | user=null | ip=null | op=PUT_BLOCK {blockData=[blockId=conID: 3 locID: 102651690010739331 bcsId: 0,size=1048576]} | ret=SUCCESS |  
2019-08-20 22:34:44,813 | INFO  | DNAudit | user=null | ip=null | op=WRITE_CHUNK {blockData=conID: 3 locID: 102651690010739331 bcsId: 0} | ret=SUCCESS |  
2019-08-20 22:34:44,813 | INFO  | DNAudit | user=null | ip=null | op=PUT_BLOCK {blockData=[blockId=conID: 3 locID: 102651690010739331 bcsId: 0,size=2097152]} | ret=SUCCESS |  
2019-08-20 22:34:44,813 [grpc-default-executor-1] INFO  client.GrpcClientProtocolClient (GrpcClientProtocolClient.java:onNext(255)) - client-391BA870FC40->947ec526-030f-41cc-8af7-a6f75e712ab0: receive RaftClientReply:client-391BA870FC40->947ec526-030f-41cc-8af7-a6f75e712ab0@group-5D45C35602B2, cid=2997, SUCCESS, logIndex=0, commits[947ec526-030f-41cc-8af7-a6f75e712ab0:c4496, c447b9b6-dde2-4ce7-aa81-d0e2eddc8fe9:c4493, 28b540ac-241d-462a-a56c-509e92928066:c4493]
2019-08-20 22:34:44,814 | INFO  | DNAudit | user=null | ip=null | op=WRITE_CHUNK {blockData=conID: 3 locID: 102651690010739331 bcsId: 0} | ret=SUCCESS |  
2019-08-20 22:34:44,814 | INFO  | DNAudit | user=null | ip=null | op=PUT_BLOCK {blockData=[blockId=conID: 3 locID: 102651690010739331 bcsId: 0,size=2097152]} | ret=SUCCESS |  
2019-08-20 22:34:44,818 | INFO  | DNAudit | user=null | ip=null | op=WRITE_CHUNK {blockData=conID: 3 locID: 102651690010739331 bcsId: 4495} | ret=SUCCESS |  
2019-08-20 22:34:44,820 | INFO  | DNAudit | user=null | ip=null | op=WRITE_CHUNK {blockData=conID: 3 locID: 102651690010739331 bcsId: 4495} | ret=SUCCESS |  
2019-08-20 22:34:44,820 | INFO  | DNAudit | user=null | ip=null | op=WRITE_CHUNK {blockData=conID: 3 locID: 102651690010739331 bcsId: 4495} | ret=SUCCESS |  
2019-08-20 22:34:44,829 | INFO  | DNAudit | user=null | ip=null | op=WRITE_CHUNK {blockData=conID: 3 locID: 102651690010739331 bcsId: 4495} | ret=SUCCESS |  
2019-08-20 22:34:44,829 | INFO  | DNAudit | user=null | ip=null | op=PUT_BLOCK {blockData=[blockId=conID: 3 locID: 102651690010739331 bcsId: 0,size=3145728]} | ret=SUCCESS |  
2019-08-20 22:34:44,829 [grpc-default-executor-5] INFO  client.GrpcClientProtocolClient (GrpcClientProtocolClient.java:onNext(255)) - client-391BA870FC40->947ec526-030f-41cc-8af7-a6f75e712ab0: receive RaftClientReply:client-391BA870FC40->947ec526-030f-41cc-8af7-a6f75e712ab0@group-5D45C35602B2, cid=2998, SUCCESS, logIndex=4500, commits[947ec526-030f-41cc-8af7-a6f75e712ab0:c4501, c447b9b6-dde2-4ce7-aa81-d0e2eddc8fe9:c4499, 28b540ac-241d-462a-a56c-509e92928066:c4499]
2019-08-20 22:34:44,830 [grpc-default-executor-5] INFO  client.GrpcClientProtocolClient (GrpcClientProtocolClient.java:onNext(255)) - client-391BA870FC40->947ec526-030f-41cc-8af7-a6f75e712ab0: receive RaftClientReply:client-391BA870FC40->947ec526-030f-41cc-8af7-a6f75e712ab0@group-5D45C35602B2, cid=2999, SUCCESS, logIndex=4501, commits[947ec526-030f-41cc-8af7-a6f75e712ab0:c4501, c447b9b6-dde2-4ce7-aa81-d0e2eddc8fe9:c4499, 28b540ac-241d-462a-a56c-509e92928066:c4499]
2019-08-20 22:34:44,834 | INFO  | DNAudit | user=null | ip=null | op=WRITE_CHUNK {blockData=conID: 3 locID: 102651690010739331 bcsId: 4501} | ret=SUCCESS |  
2019-08-20 22:34:44,836 | INFO  | DNAudit | user=null | ip=null | op=WRITE_CHUNK {blockData=conID: 3 locID: 102651690010739331 bcsId: 4501} | ret=SUCCESS |  
2019-08-20 22:34:44,836 | INFO  | DNAudit | user=null | ip=null | op=WRITE_CHUNK {blockData=conID: 3 locID: 102651690010739331 bcsId: 4501} | ret=SUCCESS |  
2019-08-20 22:34:44,841 | INFO  | DNAudit | user=null | ip=null | op=WRITE_CHUNK {blockData=conID: 3 locID: 102651690010739331 bcsId: 4495} | ret=SUCCESS |  
2019-08-20 22:34:44,841 | INFO  | DNAudit | user=null | ip=null | op=WRITE_CHUNK {blockData=conID: 3 locID: 102651690010739331 bcsId: 4495} | ret=SUCCESS |  
2019-08-20 22:34:44,841 | INFO  | DNAudit | user=null | ip=null | op=PUT_BLOCK {blockData=[blockId=conID: 3 locID: 102651690010739331 bcsId: 0,size=3145728]} | ret=SUCCESS |  
2019-08-20 22:34:44,843 | INFO  | DNAudit | user=null | ip=null | op=PUT_BLOCK {blockData=[blockId=conID: 3 locID: 102651690010739331 bcsId: 0,size=3145728]} | ret=SUCCESS |  
2019-08-20 22:34:44,843 | INFO  | DNAudit | user=null | ip=null | op=WRITE_CHUNK {blockData=conID: 3 locID: 102651690010739331 bcsId: 4501} | ret=SUCCESS |  
2019-08-20 22:34:44,844 | INFO  | DNAudit | user=null | ip=null | op=PUT_BLOCK {blockData=[blockId=conID: 3 locID: 102651690010739331 bcsId: 0,size=4194304]} | ret=SUCCESS |  
2019-08-20 22:34:44,844 [grpc-default-executor-5] INFO  client.GrpcClientProtocolClient (GrpcClientProtocolClient.java:onNext(255)) - client-391BA870FC40->947ec526-030f-41cc-8af7-a6f75e712ab0: receive RaftClientReply:client-391BA870FC40->947ec526-030f-41cc-8af7-a6f75e712ab0@group-5D45C35602B2, cid=3000, SUCCESS, logIndex=4504, commits[947ec526-030f-41cc-8af7-a6f75e712ab0:c4505, c447b9b6-dde2-4ce7-aa81-d0e2eddc8fe9:c4501, 28b540ac-241d-462a-a56c-509e92928066:c4501]
2019-08-20 22:34:44,844 [grpc-default-executor-5] INFO  client.GrpcClientProtocolClient (GrpcClientProtocolClient.java:onNext(255)) - client-391BA870FC40->947ec526-030f-41cc-8af7-a6f75e712ab0: receive RaftClientReply:client-391BA870FC40->947ec526-030f-41cc-8af7-a6f75e712ab0@group-5D45C35602B2, cid=3001, SUCCESS, logIndex=4505, commits[947ec526-030f-41cc-8af7-a6f75e712ab0:c4505, c447b9b6-dde2-4ce7-aa81-d0e2eddc8fe9:c4501, 28b540ac-241d-462a-a56c-509e92928066:c4501]
2019-08-20 22:34:44,855 | INFO  | DNAudit | user=null | ip=null | op=WRITE_CHUNK {blockData=conID: 3 locID: 102651690010739331 bcsId: 4501} | ret=SUCCESS |  
2019-08-20 22:34:44,855 | INFO  | DNAudit | user=null | ip=null | op=WRITE_CHUNK {blockData=conID: 3 locID: 102651690010739331 bcsId: 4501} | ret=SUCCESS |  
2019-08-20 22:34:44,857 | INFO  | DNAudit | user=null | ip=null | op=PUT_BLOCK {blockData=[blockId=conID: 3 locID: 102651690010739331 bcsId: 0,size=4194304]} | ret=SUCCESS |  
2019-08-20 22:34:44,858 | INFO  | DNAudit | user=null | ip=null | op=PUT_BLOCK {blockData=[blockId=conID: 3 locID: 102651690010739331 bcsId: 0,size=4194304]} | ret=SUCCESS |  
2019-08-20 22:34:44,858 [grpc-default-executor-5] INFO  client.GrpcClientProtocolClient (GrpcClientProtocolClient.java:onNext(255)) - client-391BA870FC40->947ec526-030f-41cc-8af7-a6f75e712ab0: receive RaftClientReply:client-391BA870FC40->947ec526-030f-41cc-8af7-a6f75e712ab0@group-5D45C35602B2, cid=3002, SUCCESS, logIndex=0, commits[947ec526-030f-41cc-8af7-a6f75e712ab0:c4507, c447b9b6-dde2-4ce7-aa81-d0e2eddc8fe9:c4505, 28b540ac-241d-462a-a56c-509e92928066:c4505]
2019-08-20 22:34:44,862 | INFO  | SCMAudit | user=jenkins1000 | ip=192.168.5.142 | op=ALLOCATE_BLOCK {owner=6f694d07-2a2f-44d9-8e1c-aaa094a2f647, size=4194304, type=RATIS, factor=THREE} | ret=SUCCESS |  
2019-08-20 22:34:44,865 | INFO  | OMAudit | user=jenkins1000 | ip=127.0.0.1 | op=ALLOCATE_BLOCK {volume=vol-0-80747, bucket=bucket-0-27686, key=key-0-47435, dataSize=0, replicationType=null, replicationFactor=null, keyLocationInfo=null, clientID=102651687805452690} | ret=SUCCESS |  
2019-08-20 22:34:44,870 | INFO  | DNAudit | user=null | ip=null | op=WRITE_CHUNK {blockData=conID: 1 locID: 102651690015916676 bcsId: 0} | ret=SUCCESS |  
2019-08-20 22:34:44,872 | INFO  | DNAudit | user=null | ip=null | op=WRITE_CHUNK {blockData=conID: 1 locID: 102651690015916676 bcsId: 0} | ret=SUCCESS |  
2019-08-20 22:34:44,873 | INFO  | DNAudit | user=null | ip=null | op=WRITE_CHUNK {blockData=conID: 1 locID: 102651690015916676 bcsId: 0} | ret=SUCCESS |  
2019-08-20 22:34:44,874 | INFO  | DNAudit | user=null | ip=null | op=WRITE_CHUNK {blockData=conID: 1 locID: 102651690015916676 bcsId: 0} | ret=SUCCESS |  
2019-08-20 22:34:44,874 | INFO  | DNAudit | user=null | ip=null | op=WRITE_CHUNK {blockData=conID: 1 locID: 102651690015916676 bcsId: 0} | ret=SUCCESS |  
2019-08-20 22:34:44,874 | INFO  | DNAudit | user=null | ip=null | op=WRITE_CHUNK {blockData=conID: 1 locID: 102651690015916676 bcsId: 0} | ret=SUCCESS |  
2019-08-20 22:34:44,884 | INFO  | DNAudit | user=null | ip=null | op=WRITE_CHUNK {blockData=conID: 1 locID: 102651690015916676 bcsId: 0} | ret=SUCCESS |  
2019-08-20 22:34:44,884 | INFO  | DNAudit | user=null | ip=null | op=PUT_BLOCK {blockData=[blockId=conID: 1 locID: 102651690015916676 bcsId: 0,size=1048576]} | ret=SUCCESS |  
2019-08-20 22:34:44,885 [grpc-default-executor-2] INFO  client.GrpcClientProtocolClient (GrpcClientProtocolClient.java:onNext(255)) - client-391BA870FC40->947ec526-030f-41cc-8af7-a6f75e712ab0: receive RaftClientReply:client-391BA870FC40->947ec526-030f-41cc-8af7-a6f75e712ab0@group-5D45C35602B2, cid=3003, SUCCESS, logIndex=4508, commits[947ec526-030f-41cc-8af7-a6f75e712ab0:c4509, c447b9b6-dde2-4ce7-aa81-d0e2eddc8fe9:c4507, 28b540ac-241d-462a-a56c-509e92928066:c4507]
2019-08-20 22:34:44,885 [grpc-default-executor-2] INFO  client.GrpcClientProtocolClient (GrpcClientProtocolClient.java:onNext(255)) - client-391BA870FC40->947ec526-030f-41cc-8af7-a6f75e712ab0: receive RaftClientReply:client-391BA870FC40->947ec526-030f-41cc-8af7-a6f75e712ab0@group-5D45C35602B2, cid=3004, SUCCESS, logIndex=4509, commits[947ec526-030f-41cc-8af7-a6f75e712ab0:c4509, c447b9b6-dde2-4ce7-aa81-d0e2eddc8fe9:c4507, 28b540ac-241d-462a-a56c-509e92928066:c4507]
2019-08-20 22:34:44,895 | INFO  | DNAudit | user=null | ip=null | op=WRITE_CHUNK {blockData=conID: 1 locID: 102651690015916676 bcsId: 0} | ret=SUCCESS |  
2019-08-20 22:34:44,896 | INFO  | DNAudit | user=null | ip=null | op=PUT_BLOCK {blockData=[blockId=conID: 1 locID: 102651690015916676 bcsId: 0,size=2097152]} | ret=SUCCESS |  
2019-08-20 22:34:44,896 [grpc-default-executor-2] INFO  client.GrpcClientProtocolClient (GrpcClientProtocolClient.java:onNext(255)) - client-391BA870FC40->947ec526-030f-41cc-8af7-a6f75e712ab0: receive RaftClientReply:client-391BA870FC40->947ec526-030f-41cc-8af7-a6f75e712ab0@group-5D45C35602B2, cid=3005, SUCCESS, logIndex=4510, commits[947ec526-030f-41cc-8af7-a6f75e712ab0:c4511, c447b9b6-dde2-4ce7-aa81-d0e2eddc8fe9:c4507, 28b540ac-241d-462a-a56c-509e92928066:c4507]
2019-08-20 22:34:44,896 [grpc-default-executor-2] INFO  client.GrpcClientProtocolClient (GrpcClientProtocolClient.java:onNext(255)) - client-391BA870FC40->947ec526-030f-41cc-8af7-a6f75e712ab0: receive RaftClientReply:client-391BA870FC40->947ec526-030f-41cc-8af7-a6f75e712ab0@group-5D45C35602B2, cid=3006, SUCCESS, logIndex=4511, commits[947ec526-030f-41cc-8af7-a6f75e712ab0:c4511, c447b9b6-dde2-4ce7-aa81-d0e2eddc8fe9:c4507, 28b540ac-241d-462a-a56c-509e92928066:c4507]
2019-08-20 22:34:44,898 | INFO  | DNAudit | user=null | ip=null | op=WRITE_CHUNK {blockData=conID: 1 locID: 102651690015916676 bcsId: 0} | ret=SUCCESS |  
2019-08-20 22:34:44,898 | INFO  | DNAudit | user=null | ip=null | op=WRITE_CHUNK {blockData=conID: 1 locID: 102651690015916676 bcsId: 0} | ret=SUCCESS |  
2019-08-20 22:34:44,898 | INFO  | DNAudit | user=null | ip=null | op=PUT_BLOCK {blockData=[blockId=conID: 1 locID: 102651690015916676 bcsId: 0,size=1048576]} | ret=SUCCESS |  
2019-08-20 22:34:44,898 | INFO  | DNAudit | user=null | ip=null | op=PUT_BLOCK {blockData=[blockId=conID: 1 locID: 102651690015916676 bcsId: 0,size=1048576]} | ret=SUCCESS |  
2019-08-20 22:34:44,899 [grpc-default-executor-5] INFO  client.GrpcClientProtocolClient (GrpcClientProtocolClient.java:onNext(255)) - client-391BA870FC40->947ec526-030f-41cc-8af7-a6f75e712ab0: receive RaftClientReply:client-391BA870FC40->947ec526-030f-41cc-8af7-a6f75e712ab0@group-5D45C35602B2, cid=3007, SUCCESS, logIndex=0, commits[947ec526-030f-41cc-8af7-a6f75e712ab0:c4512, c447b9b6-dde2-4ce7-aa81-d0e2eddc8fe9:c4509, 28b540ac-241d-462a-a56c-509e92928066:c4509]
2019-08-20 22:34:44,904 | INFO  | DNAudit | user=null | ip=null | op=WRITE_CHUNK {blockData=conID: 1 locID: 102651690015916676 bcsId: 4511} | ret=SUCCESS |  
2019-08-20 22:34:44,905 | INFO  | DNAudit | user=null | ip=null | op=WRITE_CHUNK {blockData=conID: 1 locID: 102651690015916676 bcsId: 4511} | ret=SUCCESS |  
2019-08-20 22:34:44,905 | INFO  | DNAudit | user=null | ip=null | op=WRITE_CHUNK {blockData=conID: 1 locID: 102651690015916676 bcsId: 4511} | ret=SUCCESS |  
2019-08-20 22:34:44,911 | INFO  | DNAudit | user=null | ip=null | op=WRITE_CHUNK {blockData=conID: 1 locID: 102651690015916676 bcsId: 0} | ret=SUCCESS |  
2019-08-20 22:34:44,911 | INFO  | DNAudit | user=null | ip=null | op=WRITE_CHUNK {blockData=conID: 1 locID: 102651690015916676 bcsId: 0} | ret=SUCCESS |  
2019-08-20 22:34:44,912 | INFO  | DNAudit | user=null | ip=null | op=PUT_BLOCK {blockData=[blockId=conID: 1 locID: 102651690015916676 bcsId: 0,size=2097152]} | ret=SUCCESS |  
2019-08-20 22:34:44,912 | INFO  | DNAudit | user=null | ip=null | op=PUT_BLOCK {blockData=[blockId=conID: 1 locID: 102651690015916676 bcsId: 0,size=2097152]} | ret=SUCCESS |  
2019-08-20 22:34:44,925 | INFO  | DNAudit | user=null | ip=null | op=WRITE_CHUNK {blockData=conID: 1 locID: 102651690015916676 bcsId: 4511} | ret=SUCCESS |  
2019-08-20 22:34:44,925 | INFO  | DNAudit | user=null | ip=null | op=PUT_BLOCK {blockData=[blockId=conID: 1 locID: 102651690015916676 bcsId: 0,size=3145728]} | ret=SUCCESS |  
2019-08-20 22:34:44,925 [grpc-default-executor-2] INFO  client.GrpcClientProtocolClient (GrpcClientProtocolClient.java:onNext(255)) - client-391BA870FC40->947ec526-030f-41cc-8af7-a6f75e712ab0: receive RaftClientReply:client-391BA870FC40->947ec526-030f-41cc-8af7-a6f75e712ab0@group-5D45C35602B2, cid=3008, SUCCESS, logIndex=4516, commits[947ec526-030f-41cc-8af7-a6f75e712ab0:c4517, c447b9b6-dde2-4ce7-aa81-d0e2eddc8fe9:c4513, 28b540ac-241d-462a-a56c-509e92928066:c4513]
2019-08-20 22:34:44,925 [grpc-default-executor-2] INFO  client.GrpcClientProtocolClient (GrpcClientProtocolClient.java:onNext(255)) - client-391BA870FC40->947ec526-030f-41cc-8af7-a6f75e712ab0: receive RaftClientReply:client-391BA870FC40->947ec526-030f-41cc-8af7-a6f75e712ab0@group-5D45C35602B2, cid=3009, SUCCESS, logIndex=4517, commits[947ec526-030f-41cc-8af7-a6f75e712ab0:c4517, c447b9b6-dde2-4ce7-aa81-d0e2eddc8fe9:c4513, 28b540ac-241d-462a-a56c-509e92928066:c4513]
2019-08-20 22:34:44,930 | INFO  | DNAudit | user=null | ip=null | op=WRITE_CHUNK {blockData=conID: 1 locID: 102651690015916676 bcsId: 4517} | ret=SUCCESS |  
2019-08-20 22:34:44,931 | INFO  | DNAudit | user=null | ip=null | op=WRITE_CHUNK {blockData=conID: 1 locID: 102651690015916676 bcsId: 4517} | ret=SUCCESS |  
2019-08-20 22:34:44,932 | INFO  | DNAudit | user=null | ip=null | op=WRITE_CHUNK {blockData=conID: 1 locID: 102651690015916676 bcsId: 4517} | ret=SUCCESS |  
2019-08-20 22:34:44,938 | INFO  | DNAudit | user=null | ip=null | op=WRITE_CHUNK {blockData=conID: 1 locID: 102651690015916676 bcsId: 4511} | ret=SUCCESS |  
2019-08-20 22:34:44,938 | INFO  | DNAudit | user=null | ip=null | op=WRITE_CHUNK {blockData=conID: 1 locID: 102651690015916676 bcsId: 4511} | ret=SUCCESS |  
2019-08-20 22:34:44,938 | INFO  | DNAudit | user=null | ip=null | op=PUT_BLOCK {blockData=[blockId=conID: 1 locID: 102651690015916676 bcsId: 0,size=3145728]} | ret=SUCCESS |  
2019-08-20 22:34:44,949 | INFO  | DNAudit | user=null | ip=null | op=PUT_BLOCK {blockData=[blockId=conID: 1 locID: 102651690015916676 bcsId: 0,size=3145728]} | ret=SUCCESS |  
2019-08-20 22:34:44,949 | INFO  | DNAudit | user=null | ip=null | op=WRITE_CHUNK {blockData=conID: 1 locID: 102651690015916676 bcsId: 4517} | ret=SUCCESS |  
2019-08-20 22:34:44,949 | INFO  | DNAudit | user=null | ip=null | op=PUT_BLOCK {blockData=[blockId=conID: 1 locID: 102651690015916676 bcsId: 0,size=4194304]} | ret=SUCCESS |  
2019-08-20 22:34:44,950 [grpc-default-executor-1] INFO  client.GrpcClientProtocolClient (GrpcClientProtocolClient.java:onNext(255)) - client-391BA870FC40->947ec526-030f-41cc-8af7-a6f75e712ab0: receive RaftClientReply:client-391BA870FC40->947ec526-030f-41cc-8af7-a6f75e712ab0@group-5D45C35602B2, cid=3010, SUCCESS, logIndex=4520, commits[947ec526-030f-41cc-8af7-a6f75e712ab0:c4521, c447b9b6-dde2-4ce7-aa81-d0e2eddc8fe9:c4517, 28b540ac-241d-462a-a56c-509e92928066:c4517]
2019-08-20 22:34:44,950 [grpc-default-executor-1] INFO  client.GrpcClientProtocolClient (GrpcClientProtocolClient.java:onNext(255)) - client-391BA870FC40->947ec526-030f-41cc-8af7-a6f75e712ab0: receive RaftClientReply:client-391BA870FC40->947ec526-030f-41cc-8af7-a6f75e712ab0@group-5D45C35602B2, cid=3011, SUCCESS, logIndex=4521, commits[947ec526-030f-41cc-8af7-a6f75e712ab0:c4521, c447b9b6-dde2-4ce7-aa81-d0e2eddc8fe9:c4517, 28b540ac-241d-462a-a56c-509e92928066:c4517]
2019-08-20 22:34:44,950 | INFO  | DNAudit | user=null | ip=null | op=WRITE_CHUNK {blockData=conID: 1 locID: 102651690015916676 bcsId: 4517} | ret=SUCCESS |  
2019-08-20 22:34:44,953 | INFO  | DNAudit | user=null | ip=null | op=WRITE_CHUNK {blockData=conID: 1 locID: 102651690015916676 bcsId: 4517} | ret=SUCCESS |  
2019-08-20 22:34:44,964 | INFO  | DNAudit | user=null | ip=null | op=PUT_BLOCK {blockData=[blockId=conID: 1 locID: 102651690015916676 bcsId: 0,size=4194304]} | ret=SUCCESS |  
2019-08-20 22:34:44,964 | INFO  | DNAudit | user=null | ip=null | op=PUT_BLOCK {blockData=[blockId=conID: 1 locID: 102651690015916676 bcsId: 0,size=4194304]} | ret=SUCCESS |  
2019-08-20 22:34:44,965 [grpc-default-executor-5] INFO  client.GrpcClientProtocolClient (GrpcClientProtocolClient.java:onNext(255)) - client-391BA870FC40->947ec526-030f-41cc-8af7-a6f75e712ab0: receive RaftClientReply:client-391BA870FC40->947ec526-030f-41cc-8af7-a6f75e712ab0@group-5D45C35602B2, cid=3012, SUCCESS, logIndex=0, commits[947ec526-030f-41cc-8af7-a6f75e712ab0:c4523, c447b9b6-dde2-4ce7-aa81-d0e2eddc8fe9:c4521, 28b540ac-241d-462a-a56c-509e92928066:c4521]
2019-08-20 22:34:44,969 | INFO  | SCMAudit | user=jenkins1000 | ip=192.168.5.142 | op=ALLOCATE_BLOCK {owner=6f694d07-2a2f-44d9-8e1c-aaa094a2f647, size=4194304, type=RATIS, factor=THREE} | ret=SUCCESS |  
2019-08-20 22:34:44,972 | INFO  | OMAudit | user=jenkins1000 | ip=127.0.0.1 | op=ALLOCATE_BLOCK {volume=vol-0-80747, bucket=bucket-0-27686, key=key-0-47435, dataSize=0, replicationType=null, replicationFactor=null, keyLocationInfo=null, clientID=102651687805452690} | ret=SUCCESS |  
2019-08-20 22:34:44,977 | INFO  | DNAudit | user=null | ip=null | op=WRITE_CHUNK {blockData=conID: 2 locID: 102651690022929029 bcsId: 0} | ret=SUCCESS |  
2019-08-20 22:34:44,978 | INFO  | DNAudit | user=null | ip=null | op=WRITE_CHUNK {blockData=conID: 2 locID: 102651690022929029 bcsId: 0} | ret=SUCCESS |  
2019-08-20 22:34:44,979 | INFO  | DNAudit | user=null | ip=null | op=WRITE_CHUNK {blockData=conID: 2 locID: 102651690022929029 bcsId: 0} | ret=SUCCESS |  
2019-08-20 22:34:44,979 | INFO  | DNAudit | user=null | ip=null | op=WRITE_CHUNK {blockData=conID: 2 locID: 102651690022929029 bcsId: 0} | ret=SUCCESS |  
2019-08-20 22:34:44,980 | INFO  | DNAudit | user=null | ip=null | op=WRITE_CHUNK {blockData=conID: 2 locID: 102651690022929029 bcsId: 0} | ret=SUCCESS |  
2019-08-20 22:34:44,980 | INFO  | DNAudit | user=null | ip=null | op=WRITE_CHUNK {blockData=conID: 2 locID: 102651690022929029 bcsId: 0} | ret=SUCCESS |  
2019-08-20 22:34:44,991 | INFO  | DNAudit | user=null | ip=null | op=WRITE_CHUNK {blockData=conID: 2 locID: 102651690022929029 bcsId: 0} | ret=SUCCESS |  
2019-08-20 22:34:44,991 | INFO  | DNAudit | user=null | ip=null | op=PUT_BLOCK {blockData=[blockId=conID: 2 locID: 102651690022929029 bcsId: 0,size=1048576]} | ret=SUCCESS |  
2019-08-20 22:34:44,991 [grpc-default-executor-5] INFO  client.GrpcClientProtocolClient (GrpcClientProtocolClient.java:onNext(255)) - client-391BA870FC40->947ec526-030f-41cc-8af7-a6f75e712ab0: receive RaftClientReply:client-391BA870FC40->947ec526-030f-41cc-8af7-a6f75e712ab0@group-5D45C35602B2, cid=3013, SUCCESS, logIndex=4524, commits[947ec526-030f-41cc-8af7-a6f75e712ab0:c4525, c447b9b6-dde2-4ce7-aa81-d0e2eddc8fe9:c4523, 28b540ac-241d-462a-a56c-509e92928066:c4523]
2019-08-20 22:34:44,991 | INFO  | DNAudit | user=null | ip=null | op=WRITE_CHUNK {blockData=conID: 2 locID: 102651690022929029 bcsId: 0} | ret=SUCCESS |  
2019-08-20 22:34:44,992 | INFO  | DNAudit | user=null | ip=null | op=PUT_BLOCK {blockData=[blockId=conID: 2 locID: 102651690022929029 bcsId: 0,size=2097152]} | ret=SUCCESS |  
2019-08-20 22:34:44,992 [grpc-default-executor-5] INFO  client.GrpcClientProtocolClient (GrpcClientProtocolClient.java:onNext(255)) - client-391BA870FC40->947ec526-030f-41cc-8af7-a6f75e712ab0: receive RaftClientReply:client-391BA870FC40->947ec526-030f-41cc-8af7-a6f75e712ab0@group-5D45C35602B2, cid=3014, SUCCESS, logIndex=4525, commits[947ec526-030f-41cc-8af7-a6f75e712ab0:c4527, c447b9b6-dde2-4ce7-aa81-d0e2eddc8fe9:c4523, 28b540ac-241d-462a-a56c-509e92928066:c4523]
2019-08-20 22:34:44,992 [grpc-default-executor-5] INFO  client.GrpcClientProtocolClient (GrpcClientProtocolClient.java:onNext(255)) - client-391BA870FC40->947ec526-030f-41cc-8af7-a6f75e712ab0: receive RaftClientReply:client-391BA870FC40->947ec526-030f-41cc-8af7-a6f75e712ab0@group-5D45C35602B2, cid=3015, SUCCESS, logIndex=4526, commits[947ec526-030f-41cc-8af7-a6f75e712ab0:c4527, c447b9b6-dde2-4ce7-aa81-d0e2eddc8fe9:c4523, 28b540ac-241d-462a-a56c-509e92928066:c4523]
2019-08-20 22:34:44,992 [grpc-default-executor-5] INFO  client.GrpcClientProtocolClient (GrpcClientProtocolClient.java:onNext(255)) - client-391BA870FC40->947ec526-030f-41cc-8af7-a6f75e712ab0: receive RaftClientReply:client-391BA870FC40->947ec526-030f-41cc-8af7-a6f75e712ab0@group-5D45C35602B2, cid=3016, SUCCESS, logIndex=4527, commits[947ec526-030f-41cc-8af7-a6f75e712ab0:c4527, c447b9b6-dde2-4ce7-aa81-d0e2eddc8fe9:c4523, 28b540ac-241d-462a-a56c-509e92928066:c4523]
2019-08-20 22:34:45,001 | INFO  | DNAudit | user=null | ip=null | op=WRITE_CHUNK {blockData=conID: 2 locID: 102651690022929029 bcsId: 0} | ret=SUCCESS |  
2019-08-20 22:34:45,001 | INFO  | DNAudit | user=null | ip=null | op=WRITE_CHUNK {blockData=conID: 2 locID: 102651690022929029 bcsId: 0} | ret=SUCCESS |  
2019-08-20 22:34:45,001 | INFO  | DNAudit | user=null | ip=null | op=PUT_BLOCK {blockData=[blockId=conID: 2 locID: 102651690022929029 bcsId: 0,size=1048576]} | ret=SUCCESS |  
2019-08-20 22:34:45,003 | INFO  | DNAudit | user=null | ip=null | op=PUT_BLOCK {blockData=[blockId=conID: 2 locID: 102651690022929029 bcsId: 0,size=1048576]} | ret=SUCCESS |  
2019-08-20 22:34:45,004 | INFO  | DNAudit | user=null | ip=null | op=WRITE_CHUNK {blockData=conID: 2 locID: 102651690022929029 bcsId: 0} | ret=SUCCESS |  
2019-08-20 22:34:45,004 | INFO  | DNAudit | user=null | ip=null | op=WRITE_CHUNK {blockData=conID: 2 locID: 102651690022929029 bcsId: 0} | ret=SUCCESS |  
2019-08-20 22:34:45,004 | INFO  | DNAudit | user=null | ip=null | op=PUT_BLOCK {blockData=[blockId=conID: 2 locID: 102651690022929029 bcsId: 0,size=2097152]} | ret=SUCCESS |  
2019-08-20 22:34:45,004 | INFO  | DNAudit | user=null | ip=null | op=PUT_BLOCK {blockData=[blockId=conID: 2 locID: 102651690022929029 bcsId: 0,size=2097152]} | ret=SUCCESS |  
2019-08-20 22:34:45,004 [grpc-default-executor-3] INFO  client.GrpcClientProtocolClient (GrpcClientProtocolClient.java:onNext(255)) - client-391BA870FC40->947ec526-030f-41cc-8af7-a6f75e712ab0: receive RaftClientReply:client-391BA870FC40->947ec526-030f-41cc-8af7-a6f75e712ab0@group-5D45C35602B2, cid=3017, SUCCESS, logIndex=0, commits[947ec526-030f-41cc-8af7-a6f75e712ab0:c4529, c447b9b6-dde2-4ce7-aa81-d0e2eddc8fe9:c4525, 28b540ac-241d-462a-a56c-509e92928066:c4525]
2019-08-20 22:34:45,009 | INFO  | DNAudit | user=null | ip=null | op=WRITE_CHUNK {blockData=conID: 2 locID: 102651690022929029 bcsId: 4527} | ret=SUCCESS |  
2019-08-20 22:34:45,011 | INFO  | DNAudit | user=null | ip=null | op=WRITE_CHUNK {blockData=conID: 2 locID: 102651690022929029 bcsId: 4527} | ret=SUCCESS |  
2019-08-20 22:34:45,011 | INFO  | DNAudit | user=null | ip=null | op=WRITE_CHUNK {blockData=conID: 2 locID: 102651690022929029 bcsId: 4527} | ret=SUCCESS |  
2019-08-20 22:34:45,020 | INFO  | DNAudit | user=null | ip=null | op=WRITE_CHUNK {blockData=conID: 2 locID: 102651690022929029 bcsId: 4527} | ret=SUCCESS |  
2019-08-20 22:34:45,021 | INFO  | DNAudit | user=null | ip=null | op=PUT_BLOCK {blockData=[blockId=conID: 2 locID: 102651690022929029 bcsId: 0,size=3145728]} | ret=SUCCESS |  
2019-08-20 22:34:45,021 [grpc-default-executor-3] INFO  client.GrpcClientProtocolClient (GrpcClientProtocolClient.java:onNext(255)) - client-391BA870FC40->947ec526-030f-41cc-8af7-a6f75e712ab0: receive RaftClientReply:client-391BA870FC40->947ec526-030f-41cc-8af7-a6f75e712ab0@group-5D45C35602B2, cid=3018, SUCCESS, logIndex=4532, commits[947ec526-030f-41cc-8af7-a6f75e712ab0:c4533, c447b9b6-dde2-4ce7-aa81-d0e2eddc8fe9:c4531, 28b540ac-241d-462a-a56c-509e92928066:c4531]
2019-08-20 22:34:45,021 [grpc-default-executor-3] INFO  client.GrpcClientProtocolClient (GrpcClientProtocolClient.java:onNext(255)) - client-391BA870FC40->947ec526-030f-41cc-8af7-a6f75e712ab0: receive RaftClientReply:client-391BA870FC40->947ec526-030f-41cc-8af7-a6f75e712ab0@group-5D45C35602B2, cid=3019, SUCCESS, logIndex=4533, commits[947ec526-030f-41cc-8af7-a6f75e712ab0:c4533, c447b9b6-dde2-4ce7-aa81-d0e2eddc8fe9:c4531, 28b540ac-241d-462a-a56c-509e92928066:c4531]
2019-08-20 22:34:45,026 | INFO  | DNAudit | user=null | ip=null | op=WRITE_CHUNK {blockData=conID: 2 locID: 102651690022929029 bcsId: 4533} | ret=SUCCESS |  
2019-08-20 22:34:45,027 | INFO  | DNAudit | user=null | ip=null | op=WRITE_CHUNK {blockData=conID: 2 locID: 102651690022929029 bcsId: 4533} | ret=SUCCESS |  
2019-08-20 22:34:45,028 | INFO  | DNAudit | user=null | ip=null | op=WRITE_CHUNK {blockData=conID: 2 locID: 102651690022929029 bcsId: 4533} | ret=SUCCESS |  
2019-08-20 22:34:45,030 | INFO  | DNAudit | user=null | ip=null | op=WRITE_CHUNK {blockData=conID: 2 locID: 102651690022929029 bcsId: 4527} | ret=SUCCESS |  
2019-08-20 22:34:45,030 | INFO  | DNAudit | user=null | ip=null | op=WRITE_CHUNK {blockData=conID: 2 locID: 102651690022929029 bcsId: 4527} | ret=SUCCESS |  
2019-08-20 22:34:45,030 | INFO  | DNAudit | user=null | ip=null | op=PUT_BLOCK {blockData=[blockId=conID: 2 locID: 102651690022929029 bcsId: 0,size=3145728]} | ret=SUCCESS |  
2019-08-20 22:34:45,030 | INFO  | DNAudit | user=null | ip=null | op=PUT_BLOCK {blockData=[blockId=conID: 2 locID: 102651690022929029 bcsId: 0,size=3145728]} | ret=SUCCESS |  
2019-08-20 22:34:45,033 | INFO  | DNAudit | user=null | ip=null | op=WRITE_CHUNK {blockData=conID: 2 locID: 102651690022929029 bcsId: 4533} | ret=SUCCESS |  
2019-08-20 22:34:45,033 | INFO  | DNAudit | user=null | ip=null | op=PUT_BLOCK {blockData=[blockId=conID: 2 locID: 102651690022929029 bcsId: 0,size=4194304]} | ret=SUCCESS |  
2019-08-20 22:34:45,034 [grpc-default-executor-5] INFO  client.GrpcClientProtocolClient (GrpcClientProtocolClient.java:onNext(255)) - client-391BA870FC40->947ec526-030f-41cc-8af7-a6f75e712ab0: receive RaftClientReply:client-391BA870FC40->947ec526-030f-41cc-8af7-a6f75e712ab0@group-5D45C35602B2, cid=3020, SUCCESS, logIndex=4536, commits[947ec526-030f-41cc-8af7-a6f75e712ab0:c4537, c447b9b6-dde2-4ce7-aa81-d0e2eddc8fe9:c4533, 28b540ac-241d-462a-a56c-509e92928066:c4533]
2019-08-20 22:34:45,034 [grpc-default-executor-5] INFO  client.GrpcClientProtocolClient (GrpcClientProtocolClient.java:onNext(255)) - client-391BA870FC40->947ec526-030f-41cc-8af7-a6f75e712ab0: receive RaftClientReply:client-391BA870FC40->947ec526-030f-41cc-8af7-a6f75e712ab0@group-5D45C35602B2, cid=3021, SUCCESS, logIndex=4537, commits[947ec526-030f-41cc-8af7-a6f75e712ab0:c4537, c447b9b6-dde2-4ce7-aa81-d0e2eddc8fe9:c4533, 28b540ac-241d-462a-a56c-509e92928066:c4533]
2019-08-20 22:34:45,055 | INFO  | DNAudit | user=null | ip=null | op=WRITE_CHUNK {blockData=conID: 2 locID: 102651690022929029 bcsId: 4533} | ret=SUCCESS |  
2019-08-20 22:34:45,055 | INFO  | DNAudit | user=null | ip=null | op=WRITE_CHUNK {blockData=conID: 2 locID: 102651690022929029 bcsId: 4533} | ret=SUCCESS |  
2019-08-20 22:34:45,056 | INFO  | DNAudit | user=null | ip=null | op=PUT_BLOCK {blockData=[blockId=conID: 2 locID: 102651690022929029 bcsId: 0,size=4194304]} | ret=SUCCESS |  
2019-08-20 22:34:45,056 | INFO  | DNAudit | user=null | ip=null | op=PUT_BLOCK {blockData=[blockId=conID: 2 locID: 102651690022929029 bcsId: 0,size=4194304]} | ret=SUCCESS |  
2019-08-20 22:34:45,057 [grpc-default-executor-5] INFO  client.GrpcClientProtocolClient (GrpcClientProtocolClient.java:onNext(255)) - client-391BA870FC40->947ec526-030f-41cc-8af7-a6f75e712ab0: receive RaftClientReply:client-391BA870FC40->947ec526-030f-41cc-8af7-a6f75e712ab0@group-5D45C35602B2, cid=3022, SUCCESS, logIndex=0, commits[947ec526-030f-41cc-8af7-a6f75e712ab0:c4539, c447b9b6-dde2-4ce7-aa81-d0e2eddc8fe9:c4537, 28b540ac-241d-462a-a56c-509e92928066:c4537]
2019-08-20 22:34:45,064 | INFO  | SCMAudit | user=jenkins1000 | ip=192.168.5.142 | op=ALLOCATE_BLOCK {owner=6f694d07-2a2f-44d9-8e1c-aaa094a2f647, size=4194304, type=RATIS, factor=THREE} | ret=SUCCESS |  
2019-08-20 22:34:45,068 | INFO  | OMAudit | user=jenkins1000 | ip=127.0.0.1 | op=ALLOCATE_BLOCK {volume=vol-0-80747, bucket=bucket-0-27686, key=key-0-47435, dataSize=0, replicationType=null, replicationFactor=null, keyLocationInfo=null, clientID=102651687805452690} | ret=SUCCESS |  
2019-08-20 22:34:45,075 | INFO  | DNAudit | user=null | ip=null | op=WRITE_CHUNK {blockData=conID: 3 locID: 102651690029154950 bcsId: 0} | ret=SUCCESS |  
2019-08-20 22:34:45,076 | INFO  | DNAudit | user=null | ip=null | op=WRITE_CHUNK {blockData=conID: 3 locID: 102651690029154950 bcsId: 0} | ret=SUCCESS |  
2019-08-20 22:34:45,077 | INFO  | DNAudit | user=null | ip=null | op=WRITE_CHUNK {blockData=conID: 3 locID: 102651690029154950 bcsId: 0} | ret=SUCCESS |  
2019-08-20 22:34:45,077 | INFO  | DNAudit | user=null | ip=null | op=WRITE_CHUNK {blockData=conID: 3 locID: 102651690029154950 bcsId: 0} | ret=SUCCESS |  
2019-08-20 22:34:45,077 | INFO  | DNAudit | user=null | ip=null | op=WRITE_CHUNK {blockData=conID: 3 locID: 102651690029154950 bcsId: 0} | ret=SUCCESS |  
2019-08-20 22:34:45,078 | INFO  | DNAudit | user=null | ip=null | op=WRITE_CHUNK {blockData=conID: 3 locID: 102651690029154950 bcsId: 0} | ret=SUCCESS |  
2019-08-20 22:34:45,088 | INFO  | DNAudit | user=null | ip=null | op=WRITE_CHUNK {blockData=conID: 3 locID: 102651690029154950 bcsId: 0} | ret=SUCCESS |  
2019-08-20 22:34:45,088 | INFO  | DNAudit | user=null | ip=null | op=PUT_BLOCK {blockData=[blockId=conID: 3 locID: 102651690029154950 bcsId: 0,size=1048576]} | ret=SUCCESS |  
2019-08-20 22:34:45,088 [grpc-default-executor-3] INFO  client.GrpcClientProtocolClient (GrpcClientProtocolClient.java:onNext(255)) - client-391BA870FC40->947ec526-030f-41cc-8af7-a6f75e712ab0: receive RaftClientReply:client-391BA870FC40->947ec526-030f-41cc-8af7-a6f75e712ab0@group-5D45C35602B2, cid=3023, SUCCESS, logIndex=4540, commits[947ec526-030f-41cc-8af7-a6f75e712ab0:c4541, c447b9b6-dde2-4ce7-aa81-d0e2eddc8fe9:c4537, 28b540ac-241d-462a-a56c-509e92928066:c4539]
2019-08-20 22:34:45,088 | INFO  | DNAudit | user=null | ip=null | op=WRITE_CHUNK {blockData=conID: 3 locID: 102651690029154950 bcsId: 0} | ret=SUCCESS |  
2019-08-20 22:34:45,089 | INFO  | DNAudit | user=null | ip=null | op=PUT_BLOCK {blockData=[blockId=conID: 3 locID: 102651690029154950 bcsId: 0,size=2097152]} | ret=SUCCESS |  
2019-08-20 22:34:45,089 [grpc-default-executor-3] INFO  client.GrpcClientProtocolClient (GrpcClientProtocolClient.java:onNext(255)) - client-391BA870FC40->947ec526-030f-41cc-8af7-a6f75e712ab0: receive RaftClientReply:client-391BA870FC40->947ec526-030f-41cc-8af7-a6f75e712ab0@group-5D45C35602B2, cid=3024, SUCCESS, logIndex=4541, commits[947ec526-030f-41cc-8af7-a6f75e712ab0:c4543, c447b9b6-dde2-4ce7-aa81-d0e2eddc8fe9:c4539, 28b540ac-241d-462a-a56c-509e92928066:c4539]
2019-08-20 22:34:45,089 [grpc-default-executor-3] INFO  client.GrpcClientProtocolClient (GrpcClientProtocolClient.java:onNext(255)) - client-391BA870FC40->947ec526-030f-41cc-8af7-a6f75e712ab0: receive RaftClientReply:client-391BA870FC40->947ec526-030f-41cc-8af7-a6f75e712ab0@group-5D45C35602B2, cid=3025, SUCCESS, logIndex=4542, commits[947ec526-030f-41cc-8af7-a6f75e712ab0:c4543, c447b9b6-dde2-4ce7-aa81-d0e2eddc8fe9:c4539, 28b540ac-241d-462a-a56c-509e92928066:c4539]
2019-08-20 22:34:45,089 [grpc-default-executor-3] INFO  client.GrpcClientProtocolClient (GrpcClientProtocolClient.java:onNext(255)) - client-391BA870FC40->947ec526-030f-41cc-8af7-a6f75e712ab0: receive RaftClientReply:client-391BA870FC40->947ec526-030f-41cc-8af7-a6f75e712ab0@group-5D45C35602B2, cid=3026, SUCCESS, logIndex=4543, commits[947ec526-030f-41cc-8af7-a6f75e712ab0:c4543, c447b9b6-dde2-4ce7-aa81-d0e2eddc8fe9:c4539, 28b540ac-241d-462a-a56c-509e92928066:c4539]
2019-08-20 22:34:45,091 | INFO  | DNAudit | user=null | ip=null | op=WRITE_CHUNK {blockData=conID: 3 locID: 102651690029154950 bcsId: 0} | ret=SUCCESS |  
2019-08-20 22:34:45,091 | INFO  | DNAudit | user=null | ip=null | op=WRITE_CHUNK {blockData=conID: 3 locID: 102651690029154950 bcsId: 0} | ret=SUCCESS |  
2019-08-20 22:34:45,091 | INFO  | DNAudit | user=null | ip=null | op=PUT_BLOCK {blockData=[blockId=conID: 3 locID: 102651690029154950 bcsId: 0,size=1048576]} | ret=SUCCESS |  
2019-08-20 22:34:45,091 | INFO  | DNAudit | user=null | ip=null | op=PUT_BLOCK {blockData=[blockId=conID: 3 locID: 102651690029154950 bcsId: 0,size=1048576]} | ret=SUCCESS |  
2019-08-20 22:34:45,091 | INFO  | DNAudit | user=null | ip=null | op=WRITE_CHUNK {blockData=conID: 3 locID: 102651690029154950 bcsId: 0} | ret=SUCCESS |  
2019-08-20 22:34:45,092 | INFO  | SCMAudit | user=jenkins1000 | ip=192.168.5.142 | op=SEND_HEARTBEAT {datanodeUUID=d55cd342-4e6c-4701-86f3-cb557f3478dc, command=[]} | ret=SUCCESS |  
2019-08-20 22:34:45,092 [grpc-default-executor-3] INFO  client.GrpcClientProtocolClient (GrpcClientProtocolClient.java:onNext(255)) - client-391BA870FC40->947ec526-030f-41cc-8af7-a6f75e712ab0: receive RaftClientReply:client-391BA870FC40->947ec526-030f-41cc-8af7-a6f75e712ab0@group-5D45C35602B2, cid=3027, SUCCESS, logIndex=0, commits[947ec526-030f-41cc-8af7-a6f75e712ab0:c4544, c447b9b6-dde2-4ce7-aa81-d0e2eddc8fe9:c4541, 28b540ac-241d-462a-a56c-509e92928066:c4541]
2019-08-20 22:34:45,098 | INFO  | DNAudit | user=null | ip=null | op=WRITE_CHUNK {blockData=conID: 3 locID: 102651690029154950 bcsId: 4543} | ret=SUCCESS |  
2019-08-20 22:34:45,099 | INFO  | DNAudit | user=null | ip=null | op=WRITE_CHUNK {blockData=conID: 3 locID: 102651690029154950 bcsId: 4543} | ret=SUCCESS |  
2019-08-20 22:34:45,099 | INFO  | DNAudit | user=null | ip=null | op=WRITE_CHUNK {blockData=conID: 3 locID: 102651690029154950 bcsId: 4543} | ret=SUCCESS |  
2019-08-20 22:34:45,103 | INFO  | DNAudit | user=null | ip=null | op=WRITE_CHUNK {blockData=conID: 3 locID: 102651690029154950 bcsId: 0} | ret=SUCCESS |  
2019-08-20 22:34:45,103 | INFO  | DNAudit | user=null | ip=null | op=PUT_BLOCK {blockData=[blockId=conID: 3 locID: 102651690029154950 bcsId: 0,size=2097152]} | ret=SUCCESS |  
2019-08-20 22:34:45,103 | INFO  | DNAudit | user=null | ip=null | op=PUT_BLOCK {blockData=[blockId=conID: 3 locID: 102651690029154950 bcsId: 0,size=2097152]} | ret=SUCCESS |  
2019-08-20 22:34:45,114 | INFO  | DNAudit | user=null | ip=null | op=WRITE_CHUNK {blockData=conID: 3 locID: 102651690029154950 bcsId: 4543} | ret=SUCCESS |  
2019-08-20 22:34:45,115 | INFO  | DNAudit | user=null | ip=null | op=PUT_BLOCK {blockData=[blockId=conID: 3 locID: 102651690029154950 bcsId: 0,size=3145728]} | ret=SUCCESS |  
2019-08-20 22:34:45,115 [grpc-default-executor-1] INFO  client.GrpcClientProtocolClient (GrpcClientProtocolClient.java:onNext(255)) - client-391BA870FC40->947ec526-030f-41cc-8af7-a6f75e712ab0: receive RaftClientReply:client-391BA870FC40->947ec526-030f-41cc-8af7-a6f75e712ab0@group-5D45C35602B2, cid=3028, SUCCESS, logIndex=4548, commits[947ec526-030f-41cc-8af7-a6f75e712ab0:c4549, c447b9b6-dde2-4ce7-aa81-d0e2eddc8fe9:c4544, 28b540ac-241d-462a-a56c-509e92928066:c4543]
2019-08-20 22:34:45,115 [grpc-default-executor-1] INFO  client.GrpcClientProtocolClient (GrpcClientProtocolClient.java:onNext(255)) - client-391BA870FC40->947ec526-030f-41cc-8af7-a6f75e712ab0: receive RaftClientReply:client-391BA870FC40->947ec526-030f-41cc-8af7-a6f75e712ab0@group-5D45C35602B2, cid=3029, SUCCESS, logIndex=4549, commits[947ec526-030f-41cc-8af7-a6f75e712ab0:c4549, c447b9b6-dde2-4ce7-aa81-d0e2eddc8fe9:c4544, 28b540ac-241d-462a-a56c-509e92928066:c4544]
2019-08-20 22:34:45,116 | INFO  | DNAudit | user=null | ip=null | op=WRITE_CHUNK {blockData=conID: 3 locID: 102651690029154950 bcsId: 4543} | ret=SUCCESS |  
2019-08-20 22:34:45,116 | INFO  | DNAudit | user=null | ip=null | op=PUT_BLOCK {blockData=[blockId=conID: 3 locID: 102651690029154950 bcsId: 0,size=3145728]} | ret=SUCCESS |  
2019-08-20 22:34:45,117 | INFO  | DNAudit | user=null | ip=null | op=WRITE_CHUNK {blockData=conID: 3 locID: 102651690029154950 bcsId: 4543} | ret=SUCCESS |  
2019-08-20 22:34:45,117 | INFO  | DNAudit | user=null | ip=null | op=PUT_BLOCK {blockData=[blockId=conID: 3 locID: 102651690029154950 bcsId: 0,size=3145728]} | ret=SUCCESS |  
2019-08-20 22:34:45,120 | INFO  | DNAudit | user=null | ip=null | op=WRITE_CHUNK {blockData=conID: 3 locID: 102651690029154950 bcsId: 4549} | ret=SUCCESS |  
2019-08-20 22:34:45,122 | INFO  | DNAudit | user=null | ip=null | op=WRITE_CHUNK {blockData=conID: 3 locID: 102651690029154950 bcsId: 4549} | ret=SUCCESS |  
2019-08-20 22:34:45,123 | INFO  | DNAudit | user=null | ip=null | op=WRITE_CHUNK {blockData=conID: 3 locID: 102651690029154950 bcsId: 4549} | ret=SUCCESS |  
 0.00% |█                                                                                                    |  0/1 Time: 0:00:342019-08-20 22:34:45,244 | INFO  | SCMAudit | user=jenkins1000 | ip=192.168.5.142 | op=SEND_HEARTBEAT {datanodeUUID=28b540ac-241d-462a-a56c-509e92928066, command=[]} | ret=SUCCESS |  
2019-08-20 22:34:45,244 | INFO  | SCMAudit | user=jenkins1000 | ip=192.168.5.142 | op=SEND_HEARTBEAT {datanodeUUID=eafd9314-3f13-422a-a2ac-adfcde2d7481, command=[]} | ret=SUCCESS |  
2019-08-20 22:34:45,244 | INFO  | SCMAudit | user=jenkins1000 | ip=192.168.5.142 | op=SEND_HEARTBEAT {datanodeUUID=947ec526-030f-41cc-8af7-a6f75e712ab0, command=[]} | ret=SUCCESS |  
2019-08-20 22:34:45,244 | INFO  | SCMAudit | user=jenkins1000 | ip=192.168.5.142 | op=SEND_HEARTBEAT {datanodeUUID=c447b9b6-dde2-4ce7-aa81-d0e2eddc8fe9, command=[]} | ret=SUCCESS |  
2019-08-20 22:34:45,244 | INFO  | DNAudit | user=null | ip=null | op=WRITE_CHUNK {blockData=conID: 3 locID: 102651690029154950 bcsId: 4549} | ret=SUCCESS |  
2019-08-20 22:34:45,245 | INFO  | DNAudit | user=null | ip=null | op=PUT_BLOCK {blockData=[blockId=conID: 3 locID: 102651690029154950 bcsId: 0,size=4194304]} | ret=SUCCESS |  
2019-08-20 22:34:45,245 [grpc-default-executor-3] INFO  client.GrpcClientProtocolClient (GrpcClientProtocolClient.java:onNext(255)) - client-391BA870FC40->947ec526-030f-41cc-8af7-a6f75e712ab0: receive RaftClientReply:client-391BA870FC40->947ec526-030f-41cc-8af7-a6f75e712ab0@group-5D45C35602B2, cid=3030, SUCCESS, logIndex=4552, commits[947ec526-030f-41cc-8af7-a6f75e712ab0:c4553, c447b9b6-dde2-4ce7-aa81-d0e2eddc8fe9:c4549, 28b540ac-241d-462a-a56c-509e92928066:c4550]
2019-08-20 22:34:45,246 [grpc-default-executor-3] INFO  client.GrpcClientProtocolClient (GrpcClientProtocolClient.java:onNext(255)) - client-391BA870FC40->947ec526-030f-41cc-8af7-a6f75e712ab0: receive RaftClientReply:client-391BA870FC40->947ec526-030f-41cc-8af7-a6f75e712ab0@group-5D45C35602B2, cid=3031, SUCCESS, logIndex=4553, commits[947ec526-030f-41cc-8af7-a6f75e712ab0:c4553, c447b9b6-dde2-4ce7-aa81-d0e2eddc8fe9:c4550, 28b540ac-241d-462a-a56c-509e92928066:c4550]
2019-08-20 22:34:45,256 | INFO  | DNAudit | user=null | ip=null | op=WRITE_CHUNK {blockData=conID: 3 locID: 102651690029154950 bcsId: 4549} | ret=SUCCESS |  
2019-08-20 22:34:45,256 | INFO  | DNAudit | user=null | ip=null | op=WRITE_CHUNK {blockData=conID: 3 locID: 102651690029154950 bcsId: 4549} | ret=SUCCESS |  
2019-08-20 22:34:45,256 | INFO  | DNAudit | user=null | ip=null | op=PUT_BLOCK {blockData=[blockId=conID: 3 locID: 102651690029154950 bcsId: 0,size=4194304]} | ret=SUCCESS |  
2019-08-20 22:34:45,256 | INFO  | DNAudit | user=null | ip=null | op=PUT_BLOCK {blockData=[blockId=conID: 3 locID: 102651690029154950 bcsId: 0,size=4194304]} | ret=SUCCESS |  
2019-08-20 22:34:45,257 [grpc-default-executor-3] INFO  client.GrpcClientProtocolClient (GrpcClientProtocolClient.java:onNext(255)) - client-391BA870FC40->947ec526-030f-41cc-8af7-a6f75e712ab0: receive RaftClientReply:client-391BA870FC40->947ec526-030f-41cc-8af7-a6f75e712ab0@group-5D45C35602B2, cid=3032, SUCCESS, logIndex=0, commits[947ec526-030f-41cc-8af7-a6f75e712ab0:c4554, c447b9b6-dde2-4ce7-aa81-d0e2eddc8fe9:c4553, 28b540ac-241d-462a-a56c-509e92928066:c4553]
2019-08-20 22:34:45,261 | INFO  | SCMAudit | user=jenkins1000 | ip=192.168.5.142 | op=ALLOCATE_BLOCK {owner=6f694d07-2a2f-44d9-8e1c-aaa094a2f647, size=4194304, type=RATIS, factor=THREE} | ret=SUCCESS |  
2019-08-20 22:34:45,264 | INFO  | OMAudit | user=jenkins1000 | ip=127.0.0.1 | op=ALLOCATE_BLOCK {volume=vol-0-80747, bucket=bucket-0-27686, key=key-0-47435, dataSize=0, replicationType=null, replicationFactor=null, keyLocationInfo=null, clientID=102651687805452690} | ret=SUCCESS |  
2019-08-20 22:34:45,269 | INFO  | DNAudit | user=null | ip=null | op=WRITE_CHUNK {blockData=conID: 1 locID: 102651690042065543 bcsId: 0} | ret=SUCCESS |  
2019-08-20 22:34:45,272 | INFO  | DNAudit | user=null | ip=null | op=WRITE_CHUNK {blockData=conID: 1 locID: 102651690042065543 bcsId: 0} | ret=SUCCESS |  
2019-08-20 22:34:45,273 | INFO  | DNAudit | user=null | ip=null | op=WRITE_CHUNK {blockData=conID: 1 locID: 102651690042065543 bcsId: 0} | ret=SUCCESS |  
2019-08-20 22:34:45,274 | INFO  | DNAudit | user=null | ip=null | op=WRITE_CHUNK {blockData=conID: 1 locID: 102651690042065543 bcsId: 0} | ret=SUCCESS |  
2019-08-20 22:34:45,274 | INFO  | DNAudit | user=null | ip=null | op=WRITE_CHUNK {blockData=conID: 1 locID: 102651690042065543 bcsId: 0} | ret=SUCCESS |  
2019-08-20 22:34:45,275 | INFO  | DNAudit | user=null | ip=null | op=WRITE_CHUNK {blockData=conID: 1 locID: 102651690042065543 bcsId: 0} | ret=SUCCESS |  
2019-08-20 22:34:45,282 | INFO  | DNAudit | user=null | ip=null | op=WRITE_CHUNK {blockData=conID: 1 locID: 102651690042065543 bcsId: 0} | ret=SUCCESS |  
2019-08-20 22:34:45,282 | INFO  | DNAudit | user=null | ip=null | op=PUT_BLOCK {blockData=[blockId=conID: 1 locID: 102651690042065543 bcsId: 0,size=1048576]} | ret=SUCCESS |  
2019-08-20 22:34:45,282 [grpc-default-executor-5] INFO  client.GrpcClientProtocolClient (GrpcClientProtocolClient.java:onNext(255)) - client-391BA870FC40->947ec526-030f-41cc-8af7-a6f75e712ab0: receive RaftClientReply:client-391BA870FC40->947ec526-030f-41cc-8af7-a6f75e712ab0@group-5D45C35602B2, cid=3033, SUCCESS, logIndex=4556, commits[947ec526-030f-41cc-8af7-a6f75e712ab0:c4557, c447b9b6-dde2-4ce7-aa81-d0e2eddc8fe9:c4555, 28b540ac-241d-462a-a56c-509e92928066:c4555]
2019-08-20 22:34:45,283 | INFO  | DNAudit | user=null | ip=null | op=WRITE_CHUNK {blockData=conID: 1 locID: 102651690042065543 bcsId: 0} | ret=SUCCESS |  
2019-08-20 22:34:45,283 [grpc-default-executor-5] INFO  client.GrpcClientProtocolClient (GrpcClientProtocolClient.java:onNext(255)) - client-391BA870FC40->947ec526-030f-41cc-8af7-a6f75e712ab0: receive RaftClientReply:client-391BA870FC40->947ec526-030f-41cc-8af7-a6f75e712ab0@group-5D45C35602B2, cid=3034, SUCCESS, logIndex=4557, commits[947ec526-030f-41cc-8af7-a6f75e712ab0:c4559, c447b9b6-dde2-4ce7-aa81-d0e2eddc8fe9:c4555, 28b540ac-241d-462a-a56c-509e92928066:c4555]
2019-08-20 22:34:45,283 | INFO  | DNAudit | user=null | ip=null | op=PUT_BLOCK {blockData=[blockId=conID: 1 locID: 102651690042065543 bcsId: 0,size=2097152]} | ret=SUCCESS |  
2019-08-20 22:34:45,283 [grpc-default-executor-5] INFO  client.GrpcClientProtocolClient (GrpcClientProtocolClient.java:onNext(255)) - client-391BA870FC40->947ec526-030f-41cc-8af7-a6f75e712ab0: receive RaftClientReply:client-391BA870FC40->947ec526-030f-41cc-8af7-a6f75e712ab0@group-5D45C35602B2, cid=3035, SUCCESS, logIndex=4558, commits[947ec526-030f-41cc-8af7-a6f75e712ab0:c4559, c447b9b6-dde2-4ce7-aa81-d0e2eddc8fe9:c4555, 28b540ac-241d-462a-a56c-509e92928066:c4555]
2019-08-20 22:34:45,283 | INFO  | DNAudit | user=null | ip=null | op=WRITE_CHUNK {blockData=conID: 1 locID: 102651690042065543 bcsId: 0} | ret=SUCCESS |  
2019-08-20 22:34:45,284 [grpc-default-executor-5] INFO  client.GrpcClientProtocolClient (GrpcClientProtocolClient.java:onNext(255)) - client-391BA870FC40->947ec526-030f-41cc-8af7-a6f75e712ab0: receive RaftClientReply:client-391BA870FC40->947ec526-030f-41cc-8af7-a6f75e712ab0@group-5D45C35602B2, cid=3036, SUCCESS, logIndex=4559, commits[947ec526-030f-41cc-8af7-a6f75e712ab0:c4559, c447b9b6-dde2-4ce7-aa81-d0e2eddc8fe9:c4555, 28b540ac-241d-462a-a56c-509e92928066:c4555]
2019-08-20 22:34:45,294 | INFO  | DNAudit | user=null | ip=null | op=WRITE_CHUNK {blockData=conID: 1 locID: 102651690042065543 bcsId: 0} | ret=SUCCESS |  
2019-08-20 22:34:45,295 | INFO  | DNAudit | user=null | ip=null | op=PUT_BLOCK {blockData=[blockId=conID: 1 locID: 102651690042065543 bcsId: 0,size=1048576]} | ret=SUCCESS |  
2019-08-20 22:34:45,295 | INFO  | DNAudit | user=null | ip=null | op=WRITE_CHUNK {blockData=conID: 1 locID: 102651690042065543 bcsId: 0} | ret=SUCCESS |  
2019-08-20 22:34:45,295 | INFO  | DNAudit | user=null | ip=null | op=PUT_BLOCK {blockData=[blockId=conID: 1 locID: 102651690042065543 bcsId: 0,size=1048576]} | ret=SUCCESS |  
2019-08-20 22:34:45,295 | INFO  | DNAudit | user=null | ip=null | op=WRITE_CHUNK {blockData=conID: 1 locID: 102651690042065543 bcsId: 0} | ret=SUCCESS |  
2019-08-20 22:34:45,296 | INFO  | DNAudit | user=null | ip=null | op=PUT_BLOCK {blockData=[blockId=conID: 1 locID: 102651690042065543 bcsId: 0,size=2097152]} | ret=SUCCESS |  
2019-08-20 22:34:45,296 | INFO  | DNAudit | user=null | ip=null | op=PUT_BLOCK {blockData=[blockId=conID: 1 locID: 102651690042065543 bcsId: 0,size=2097152]} | ret=SUCCESS |  
2019-08-20 22:34:45,296 [grpc-default-executor-5] INFO  client.GrpcClientProtocolClient (GrpcClientProtocolClient.java:onNext(255)) - client-391BA870FC40->947ec526-030f-41cc-8af7-a6f75e712ab0: receive RaftClientReply:client-391BA870FC40->947ec526-030f-41cc-8af7-a6f75e712ab0@group-5D45C35602B2, cid=3037, SUCCESS, logIndex=0, commits[947ec526-030f-41cc-8af7-a6f75e712ab0:c4562, c447b9b6-dde2-4ce7-aa81-d0e2eddc8fe9:c4558, 28b540ac-241d-462a-a56c-509e92928066:c4557]
2019-08-20 22:34:45,301 | INFO  | DNAudit | user=null | ip=null | op=WRITE_CHUNK {blockData=conID: 1 locID: 102651690042065543 bcsId: 4559} | ret=SUCCESS |  
2019-08-20 22:34:45,304 | INFO  | DNAudit | user=null | ip=null | op=WRITE_CHUNK {blockData=conID: 1 locID: 102651690042065543 bcsId: 4559} | ret=SUCCESS |  
2019-08-20 22:34:45,304 | INFO  | DNAudit | user=null | ip=null | op=WRITE_CHUNK {blockData=conID: 1 locID: 102651690042065543 bcsId: 4559} | ret=SUCCESS |  
2019-08-20 22:34:45,314 | INFO  | DNAudit | user=null | ip=null | op=WRITE_CHUNK {blockData=conID: 1 locID: 102651690042065543 bcsId: 4559} | ret=SUCCESS |  
2019-08-20 22:34:45,316 | INFO  | DNAudit | user=null | ip=null | op=PUT_BLOCK {blockData=[blockId=conID: 1 locID: 102651690042065543 bcsId: 0,size=3145728]} | ret=SUCCESS |  
2019-08-20 22:34:45,316 [grpc-default-executor-3] INFO  client.GrpcClientProtocolClient (GrpcClientProtocolClient.java:onNext(255)) - client-391BA870FC40->947ec526-030f-41cc-8af7-a6f75e712ab0: receive RaftClientReply:client-391BA870FC40->947ec526-030f-41cc-8af7-a6f75e712ab0@group-5D45C35602B2, cid=3038, SUCCESS, logIndex=4564, commits[947ec526-030f-41cc-8af7-a6f75e712ab0:c4565, c447b9b6-dde2-4ce7-aa81-d0e2eddc8fe9:c4563, 28b540ac-241d-462a-a56c-509e92928066:c4563]
2019-08-20 22:34:45,316 [grpc-default-executor-3] INFO  client.GrpcClientProtocolClient (GrpcClientProtocolClient.java:onNext(255)) - client-391BA870FC40->947ec526-030f-41cc-8af7-a6f75e712ab0: receive RaftClientReply:client-391BA870FC40->947ec526-030f-41cc-8af7-a6f75e712ab0@group-5D45C35602B2, cid=3039, SUCCESS, logIndex=4565, commits[947ec526-030f-41cc-8af7-a6f75e712ab0:c4565, c447b9b6-dde2-4ce7-aa81-d0e2eddc8fe9:c4563, 28b540ac-241d-462a-a56c-509e92928066:c4563]
2019-08-20 22:34:45,322 | INFO  | DNAudit | user=null | ip=null | op=WRITE_CHUNK {blockData=conID: 1 locID: 102651690042065543 bcsId: 4565} | ret=SUCCESS |  
2019-08-20 22:34:45,324 | INFO  | DNAudit | user=null | ip=null | op=WRITE_CHUNK {blockData=conID: 1 locID: 102651690042065543 bcsId: 4565} | ret=SUCCESS |  
2019-08-20 22:34:45,324 | INFO  | DNAudit | user=null | ip=null | op=WRITE_CHUNK {blockData=conID: 1 locID: 102651690042065543 bcsId: 4565} | ret=SUCCESS |  
2019-08-20 22:34:45,326 | INFO  | DNAudit | user=null | ip=null | op=WRITE_CHUNK {blockData=conID: 1 locID: 102651690042065543 bcsId: 4559} | ret=SUCCESS |  
2019-08-20 22:34:45,326 | INFO  | DNAudit | user=null | ip=null | op=WRITE_CHUNK {blockData=conID: 1 locID: 102651690042065543 bcsId: 4559} | ret=SUCCESS |  
2019-08-20 22:34:45,328 | INFO  | DNAudit | user=null | ip=null | op=PUT_BLOCK {blockData=[blockId=conID: 1 locID: 102651690042065543 bcsId: 0,size=3145728]} | ret=SUCCESS |  
2019-08-20 22:34:45,328 | INFO  | DNAudit | user=null | ip=null | op=PUT_BLOCK {blockData=[blockId=conID: 1 locID: 102651690042065543 bcsId: 0,size=3145728]} | ret=SUCCESS |  
2019-08-20 22:34:45,329 | INFO  | DNAudit | user=null | ip=null | op=WRITE_CHUNK {blockData=conID: 1 locID: 102651690042065543 bcsId: 4565} | ret=SUCCESS |  
2019-08-20 22:34:45,329 | INFO  | DNAudit | user=null | ip=null | op=PUT_BLOCK {blockData=[blockId=conID: 1 locID: 102651690042065543 bcsId: 0,size=4194304]} | ret=SUCCESS |  
2019-08-20 22:34:45,330 [grpc-default-executor-3] INFO  client.GrpcClientProtocolClient (GrpcClientProtocolClient.java:onNext(255)) - client-391BA870FC40->947ec526-030f-41cc-8af7-a6f75e712ab0: receive RaftClientReply:client-391BA870FC40->947ec526-030f-41cc-8af7-a6f75e712ab0@group-5D45C35602B2, cid=3040, SUCCESS, logIndex=4568, commits[947ec526-030f-41cc-8af7-a6f75e712ab0:c4569, c447b9b6-dde2-4ce7-aa81-d0e2eddc8fe9:c4565, 28b540ac-241d-462a-a56c-509e92928066:c4565]
2019-08-20 22:34:45,330 [grpc-default-executor-3] INFO  client.GrpcClientProtocolClient (GrpcClientProtocolClient.java:onNext(255)) - client-391BA870FC40->947ec526-030f-41cc-8af7-a6f75e712ab0: receive RaftClientReply:client-391BA870FC40->947ec526-030f-41cc-8af7-a6f75e712ab0@group-5D45C35602B2, cid=3041, SUCCESS, logIndex=4569, commits[947ec526-030f-41cc-8af7-a6f75e712ab0:c4569, c447b9b6-dde2-4ce7-aa81-d0e2eddc8fe9:c4565, 28b540ac-241d-462a-a56c-509e92928066:c4565]
2019-08-20 22:34:45,340 | INFO  | DNAudit | user=null | ip=null | op=WRITE_CHUNK {blockData=conID: 1 locID: 102651690042065543 bcsId: 4565} | ret=SUCCESS |  
2019-08-20 22:34:45,341 | INFO  | DNAudit | user=null | ip=null | op=WRITE_CHUNK {blockData=conID: 1 locID: 102651690042065543 bcsId: 4565} | ret=SUCCESS |  
2019-08-20 22:34:45,341 | INFO  | DNAudit | user=null | ip=null | op=PUT_BLOCK {blockData=[blockId=conID: 1 locID: 102651690042065543 bcsId: 0,size=4194304]} | ret=SUCCESS |  
2019-08-20 22:34:45,341 | INFO  | DNAudit | user=null | ip=null | op=PUT_BLOCK {blockData=[blockId=conID: 1 locID: 102651690042065543 bcsId: 0,size=4194304]} | ret=SUCCESS |  
2019-08-20 22:34:45,341 [grpc-default-executor-5] INFO  client.GrpcClientProtocolClient (GrpcClientProtocolClient.java:onNext(255)) - client-391BA870FC40->947ec526-030f-41cc-8af7-a6f75e712ab0: receive RaftClientReply:client-391BA870FC40->947ec526-030f-41cc-8af7-a6f75e712ab0@group-5D45C35602B2, cid=3042, SUCCESS, logIndex=0, commits[947ec526-030f-41cc-8af7-a6f75e712ab0:c4569, c447b9b6-dde2-4ce7-aa81-d0e2eddc8fe9:c4569, 28b540ac-241d-462a-a56c-509e92928066:c4569]
2019-08-20 22:34:45,346 | INFO  | SCMAudit | user=jenkins1000 | ip=192.168.5.142 | op=ALLOCATE_BLOCK {owner=6f694d07-2a2f-44d9-8e1c-aaa094a2f647, size=4194304, type=RATIS, factor=THREE} | ret=SUCCESS |  
2019-08-20 22:34:45,351 | INFO  | OMAudit | user=jenkins1000 | ip=127.0.0.1 | op=ALLOCATE_BLOCK {volume=vol-0-80747, bucket=bucket-0-27686, key=key-0-47435, dataSize=0, replicationType=null, replicationFactor=null, keyLocationInfo=null, clientID=102651687805452690} | ret=SUCCESS |  
2019-08-20 22:34:45,357 | INFO  | DNAudit | user=null | ip=null | op=WRITE_CHUNK {blockData=conID: 2 locID: 102651690047636104 bcsId: 0} | ret=SUCCESS |  
2019-08-20 22:34:45,359 | INFO  | DNAudit | user=null | ip=null | op=WRITE_CHUNK {blockData=conID: 2 locID: 102651690047636104 bcsId: 0} | ret=SUCCESS |  
2019-08-20 22:34:45,359 | INFO  | DNAudit | user=null | ip=null | op=WRITE_CHUNK {blockData=conID: 2 locID: 102651690047636104 bcsId: 0} | ret=SUCCESS |  
2019-08-20 22:34:45,360 | INFO  | DNAudit | user=null | ip=null | op=WRITE_CHUNK {blockData=conID: 2 locID: 102651690047636104 bcsId: 0} | ret=SUCCESS |  
2019-08-20 22:34:45,362 | INFO  | DNAudit | user=null | ip=null | op=WRITE_CHUNK {blockData=conID: 2 locID: 102651690047636104 bcsId: 0} | ret=SUCCESS |  
2019-08-20 22:34:45,362 | INFO  | DNAudit | user=null | ip=null | op=WRITE_CHUNK {blockData=conID: 2 locID: 102651690047636104 bcsId: 0} | ret=SUCCESS |  
2019-08-20 22:34:45,370 | INFO  | DNAudit | user=null | ip=null | op=WRITE_CHUNK {blockData=conID: 2 locID: 102651690047636104 bcsId: 0} | ret=SUCCESS |  
2019-08-20 22:34:45,370 [grpc-default-executor-5] INFO  client.GrpcClientProtocolClient (GrpcClientProtocolClient.java:onNext(255)) - client-391BA870FC40->947ec526-030f-41cc-8af7-a6f75e712ab0: receive RaftClientReply:client-391BA870FC40->947ec526-030f-41cc-8af7-a6f75e712ab0@group-5D45C35602B2, cid=3043, SUCCESS, logIndex=4572, commits[947ec526-030f-41cc-8af7-a6f75e712ab0:c4573, c447b9b6-dde2-4ce7-aa81-d0e2eddc8fe9:c4571, 28b540ac-241d-462a-a56c-509e92928066:c4571]
2019-08-20 22:34:45,375 | INFO  | DNAudit | user=null | ip=null | op=PUT_BLOCK {blockData=[blockId=conID: 2 locID: 102651690047636104 bcsId: 0,size=1048576]} | ret=SUCCESS |  
2019-08-20 22:34:45,375 [grpc-default-executor-5] INFO  client.GrpcClientProtocolClient (GrpcClientProtocolClient.java:onNext(255)) - client-391BA870FC40->947ec526-030f-41cc-8af7-a6f75e712ab0: receive RaftClientReply:client-391BA870FC40->947ec526-030f-41cc-8af7-a6f75e712ab0@group-5D45C35602B2, cid=3044, SUCCESS, logIndex=4573, commits[947ec526-030f-41cc-8af7-a6f75e712ab0:c4573, c447b9b6-dde2-4ce7-aa81-d0e2eddc8fe9:c4571, 28b540ac-241d-462a-a56c-509e92928066:c4571]
2019-08-20 22:34:45,387 | INFO  | DNAudit | user=null | ip=null | op=WRITE_CHUNK {blockData=conID: 2 locID: 102651690047636104 bcsId: 0} | ret=SUCCESS |  
2019-08-20 22:34:45,387 | INFO  | DNAudit | user=null | ip=null | op=PUT_BLOCK {blockData=[blockId=conID: 2 locID: 102651690047636104 bcsId: 0,size=2097152]} | ret=SUCCESS |  
2019-08-20 22:34:45,387 | INFO  | DNAudit | user=null | ip=null | op=WRITE_CHUNK {blockData=conID: 2 locID: 102651690047636104 bcsId: 0} | ret=SUCCESS |  
2019-08-20 22:34:45,387 [grpc-default-executor-3] INFO  client.GrpcClientProtocolClient (GrpcClientProtocolClient.java:onNext(255)) - client-391BA870FC40->947ec526-030f-41cc-8af7-a6f75e712ab0: receive RaftClientReply:client-391BA870FC40->947ec526-030f-41cc-8af7-a6f75e712ab0@group-5D45C35602B2, cid=3045, SUCCESS, logIndex=4574, commits[947ec526-030f-41cc-8af7-a6f75e712ab0:c4575, c447b9b6-dde2-4ce7-aa81-d0e2eddc8fe9:c4571, 28b540ac-241d-462a-a56c-509e92928066:c4571]
2019-08-20 22:34:45,388 | INFO  | DNAudit | user=null | ip=null | op=PUT_BLOCK {blockData=[blockId=conID: 2 locID: 102651690047636104 bcsId: 0,size=1048576]} | ret=SUCCESS |  
2019-08-20 22:34:45,388 [grpc-default-executor-3] INFO  client.GrpcClientProtocolClient (GrpcClientProtocolClient.java:onNext(255)) - client-391BA870FC40->947ec526-030f-41cc-8af7-a6f75e712ab0: receive RaftClientReply:client-391BA870FC40->947ec526-030f-41cc-8af7-a6f75e712ab0@group-5D45C35602B2, cid=3046, SUCCESS, logIndex=4575, commits[947ec526-030f-41cc-8af7-a6f75e712ab0:c4575, c447b9b6-dde2-4ce7-aa81-d0e2eddc8fe9:c4571, 28b540ac-241d-462a-a56c-509e92928066:c4571]
2019-08-20 22:34:45,389 | INFO  | DNAudit | user=null | ip=null | op=WRITE_CHUNK {blockData=conID: 2 locID: 102651690047636104 bcsId: 0} | ret=SUCCESS |  
2019-08-20 22:34:45,390 | INFO  | DNAudit | user=null | ip=null | op=PUT_BLOCK {blockData=[blockId=conID: 2 locID: 102651690047636104 bcsId: 0,size=1048576]} | ret=SUCCESS |  
2019-08-20 22:34:45,390 [grpc-default-executor-3] INFO  client.GrpcClientProtocolClient (GrpcClientProtocolClient.java:onNext(255)) - client-391BA870FC40->947ec526-030f-41cc-8af7-a6f75e712ab0: receive RaftClientReply:client-391BA870FC40->947ec526-030f-41cc-8af7-a6f75e712ab0@group-5D45C35602B2, cid=3047, SUCCESS, logIndex=0, commits[947ec526-030f-41cc-8af7-a6f75e712ab0:c4577, c447b9b6-dde2-4ce7-aa81-d0e2eddc8fe9:c4573, 28b540ac-241d-462a-a56c-509e92928066:c4573]
2019-08-20 22:34:45,397 | INFO  | DNAudit | user=null | ip=null | op=WRITE_CHUNK {blockData=conID: 2 locID: 102651690047636104 bcsId: 4575} | ret=SUCCESS |  
2019-08-20 22:34:45,398 | INFO  | DNAudit | user=null | ip=null | op=WRITE_CHUNK {blockData=conID: 2 locID: 102651690047636104 bcsId: 4575} | ret=SUCCESS |  
2019-08-20 22:34:45,398 | INFO  | DNAudit | user=null | ip=null | op=WRITE_CHUNK {blockData=conID: 2 locID: 102651690047636104 bcsId: 4575} | ret=SUCCESS |  
2019-08-20 22:34:45,400 | INFO  | DNAudit | user=null | ip=null | op=WRITE_CHUNK {blockData=conID: 2 locID: 102651690047636104 bcsId: 0} | ret=SUCCESS |  
2019-08-20 22:34:45,401 | INFO  | DNAudit | user=null | ip=null | op=PUT_BLOCK {blockData=[blockId=conID: 2 locID: 102651690047636104 bcsId: 0,size=2097152]} | ret=SUCCESS |  
2019-08-20 22:34:45,401 | INFO  | DNAudit | user=null | ip=null | op=WRITE_CHUNK {blockData=conID: 2 locID: 102651690047636104 bcsId: 0} | ret=SUCCESS |  
2019-08-20 22:34:45,401 | INFO  | DNAudit | user=null | ip=null | op=PUT_BLOCK {blockData=[blockId=conID: 2 locID: 102651690047636104 bcsId: 0,size=2097152]} | ret=SUCCESS |  
2019-08-20 22:34:45,402 | INFO  | DNAudit | user=null | ip=null | op=WRITE_CHUNK {blockData=conID: 2 locID: 102651690047636104 bcsId: 4575} | ret=SUCCESS |  
2019-08-20 22:34:45,403 | INFO  | DNAudit | user=null | ip=null | op=PUT_BLOCK {blockData=[blockId=conID: 2 locID: 102651690047636104 bcsId: 0,size=3145728]} | ret=SUCCESS |  
2019-08-20 22:34:45,403 [grpc-default-executor-5] INFO  client.GrpcClientProtocolClient (GrpcClientProtocolClient.java:onNext(255)) - client-391BA870FC40->947ec526-030f-41cc-8af7-a6f75e712ab0: receive RaftClientReply:client-391BA870FC40->947ec526-030f-41cc-8af7-a6f75e712ab0@group-5D45C35602B2, cid=3048, SUCCESS, logIndex=4579, commits[947ec526-030f-41cc-8af7-a6f75e712ab0:c4580, c447b9b6-dde2-4ce7-aa81-d0e2eddc8fe9:c4575, 28b540ac-241d-462a-a56c-509e92928066:c4577]
2019-08-20 22:34:45,403 [grpc-default-executor-5] INFO  client.GrpcClientProtocolClient (GrpcClientProtocolClient.java:onNext(255)) - client-391BA870FC40->947ec526-030f-41cc-8af7-a6f75e712ab0: receive RaftClientReply:client-391BA870FC40->947ec526-030f-41cc-8af7-a6f75e712ab0@group-5D45C35602B2, cid=3049, SUCCESS, logIndex=4580, commits[947ec526-030f-41cc-8af7-a6f75e712ab0:c4580, c447b9b6-dde2-4ce7-aa81-d0e2eddc8fe9:c4577, 28b540ac-241d-462a-a56c-509e92928066:c4577]
2019-08-20 22:34:45,405 | INFO  | DNAudit | user=null | ip=null | op=WRITE_CHUNK {blockData=conID: 2 locID: 102651690047636104 bcsId: 4575} | ret=SUCCESS |  
2019-08-20 22:34:45,405 | INFO  | DNAudit | user=null | ip=null | op=WRITE_CHUNK {blockData=conID: 2 locID: 102651690047636104 bcsId: 4575} | ret=SUCCESS |  
2019-08-20 22:34:45,406 | INFO  | DNAudit | user=null | ip=null | op=PUT_BLOCK {blockData=[blockId=conID: 2 locID: 102651690047636104 bcsId: 0,size=3145728]} | ret=SUCCESS |  
2019-08-20 22:34:45,406 | INFO  | DNAudit | user=null | ip=null | op=PUT_BLOCK {blockData=[blockId=conID: 2 locID: 102651690047636104 bcsId: 0,size=3145728]} | ret=SUCCESS |  
2019-08-20 22:34:45,409 | INFO  | DNAudit | user=null | ip=null | op=WRITE_CHUNK {blockData=conID: 2 locID: 102651690047636104 bcsId: 4580} | ret=SUCCESS |  
2019-08-20 22:34:45,411 | INFO  | DNAudit | user=null | ip=null | op=WRITE_CHUNK {blockData=conID: 2 locID: 102651690047636104 bcsId: 4580} | ret=SUCCESS |  
2019-08-20 22:34:45,412 | INFO  | DNAudit | user=null | ip=null | op=WRITE_CHUNK {blockData=conID: 2 locID: 102651690047636104 bcsId: 4580} | ret=SUCCESS |  
2019-08-20 22:34:45,422 | INFO  | DNAudit | user=null | ip=null | op=WRITE_CHUNK {blockData=conID: 2 locID: 102651690047636104 bcsId: 4580} | ret=SUCCESS |  
2019-08-20 22:34:45,423 | INFO  | DNAudit | user=null | ip=null | op=PUT_BLOCK {blockData=[blockId=conID: 2 locID: 102651690047636104 bcsId: 0,size=4194304]} | ret=SUCCESS |  
2019-08-20 22:34:45,423 [grpc-default-executor-5] INFO  client.GrpcClientProtocolClient (GrpcClientProtocolClient.java:onNext(255)) - client-391BA870FC40->947ec526-030f-41cc-8af7-a6f75e712ab0: receive RaftClientReply:client-391BA870FC40->947ec526-030f-41cc-8af7-a6f75e712ab0@group-5D45C35602B2, cid=3050, SUCCESS, logIndex=4582, commits[947ec526-030f-41cc-8af7-a6f75e712ab0:c4583, c447b9b6-dde2-4ce7-aa81-d0e2eddc8fe9:c4581, 28b540ac-241d-462a-a56c-509e92928066:c4581]
2019-08-20 22:34:45,423 [grpc-default-executor-5] INFO  client.GrpcClientProtocolClient (GrpcClientProtocolClient.java:onNext(255)) - client-391BA870FC40->947ec526-030f-41cc-8af7-a6f75e712ab0: receive RaftClientReply:client-391BA870FC40->947ec526-030f-41cc-8af7-a6f75e712ab0@group-5D45C35602B2, cid=3051, SUCCESS, logIndex=4583, commits[947ec526-030f-41cc-8af7-a6f75e712ab0:c4583, c447b9b6-dde2-4ce7-aa81-d0e2eddc8fe9:c4581, 28b540ac-241d-462a-a56c-509e92928066:c4581]
2019-08-20 22:34:45,433 | INFO  | DNAudit | user=null | ip=null | op=WRITE_CHUNK {blockData=conID: 2 locID: 102651690047636104 bcsId: 4580} | ret=SUCCESS |  
2019-08-20 22:34:45,433 | INFO  | DNAudit | user=null | ip=null | op=WRITE_CHUNK {blockData=conID: 2 locID: 102651690047636104 bcsId: 4580} | ret=SUCCESS |  
2019-08-20 22:34:45,434 | INFO  | DNAudit | user=null | ip=null | op=PUT_BLOCK {blockData=[blockId=conID: 2 locID: 102651690047636104 bcsId: 0,size=4194304]} | ret=SUCCESS |  
2019-08-20 22:34:45,434 | INFO  | DNAudit | user=null | ip=null | op=PUT_BLOCK {blockData=[blockId=conID: 2 locID: 102651690047636104 bcsId: 0,size=4194304]} | ret=SUCCESS |  
2019-08-20 22:34:45,434 [grpc-default-executor-5] INFO  client.GrpcClientProtocolClient (GrpcClientProtocolClient.java:onNext(255)) - client-391BA870FC40->947ec526-030f-41cc-8af7-a6f75e712ab0: receive RaftClientReply:client-391BA870FC40->947ec526-030f-41cc-8af7-a6f75e712ab0@group-5D45C35602B2, cid=3052, SUCCESS, logIndex=0, commits[947ec526-030f-41cc-8af7-a6f75e712ab0:c4584, c447b9b6-dde2-4ce7-aa81-d0e2eddc8fe9:c4583, 28b540ac-241d-462a-a56c-509e92928066:c4583]
2019-08-20 22:34:45,441 | INFO  | SCMAudit | user=jenkins1000 | ip=192.168.5.142 | op=ALLOCATE_BLOCK {owner=6f694d07-2a2f-44d9-8e1c-aaa094a2f647, size=4194304, type=RATIS, factor=THREE} | ret=SUCCESS |  
2019-08-20 22:34:45,446 | INFO  | OMAudit | user=jenkins1000 | ip=127.0.0.1 | op=ALLOCATE_BLOCK {volume=vol-0-80747, bucket=bucket-0-27686, key=key-0-47435, dataSize=0, replicationType=null, replicationFactor=null, keyLocationInfo=null, clientID=102651687805452690} | ret=SUCCESS |  
2019-08-20 22:34:45,453 | INFO  | DNAudit | user=null | ip=null | op=WRITE_CHUNK {blockData=conID: 3 locID: 102651690053862025 bcsId: 0} | ret=SUCCESS |  
2019-08-20 22:34:45,457 | INFO  | DNAudit | user=null | ip=null | op=WRITE_CHUNK {blockData=conID: 3 locID: 102651690053862025 bcsId: 0} | ret=SUCCESS |  
2019-08-20 22:34:45,457 | INFO  | DNAudit | user=null | ip=null | op=WRITE_CHUNK {blockData=conID: 3 locID: 102651690053862025 bcsId: 0} | ret=SUCCESS |  
2019-08-20 22:34:45,457 | INFO  | DNAudit | user=null | ip=null | op=WRITE_CHUNK {blockData=conID: 3 locID: 102651690053862025 bcsId: 0} | ret=SUCCESS |  
2019-08-20 22:34:45,458 | INFO  | DNAudit | user=null | ip=null | op=WRITE_CHUNK {blockData=conID: 3 locID: 102651690053862025 bcsId: 0} | ret=SUCCESS |  
2019-08-20 22:34:45,458 | INFO  | DNAudit | user=null | ip=null | op=WRITE_CHUNK {blockData=conID: 3 locID: 102651690053862025 bcsId: 0} | ret=SUCCESS |  
2019-08-20 22:34:45,466 | INFO  | DNAudit | user=null | ip=null | op=WRITE_CHUNK {blockData=conID: 3 locID: 102651690053862025 bcsId: 0} | ret=SUCCESS |  
2019-08-20 22:34:45,466 | INFO  | DNAudit | user=null | ip=null | op=PUT_BLOCK {blockData=[blockId=conID: 3 locID: 102651690053862025 bcsId: 0,size=1048576]} | ret=SUCCESS |  
2019-08-20 22:34:45,466 [grpc-default-executor-5] INFO  client.GrpcClientProtocolClient (GrpcClientProtocolClient.java:onNext(255)) - client-391BA870FC40->947ec526-030f-41cc-8af7-a6f75e712ab0: receive RaftClientReply:client-391BA870FC40->947ec526-030f-41cc-8af7-a6f75e712ab0@group-5D45C35602B2, cid=3053, SUCCESS, logIndex=4586, commits[947ec526-030f-41cc-8af7-a6f75e712ab0:c4587, c447b9b6-dde2-4ce7-aa81-d0e2eddc8fe9:c4585, 28b540ac-241d-462a-a56c-509e92928066:c4585]
2019-08-20 22:34:45,467 | INFO  | DNAudit | user=null | ip=null | op=WRITE_CHUNK {blockData=conID: 3 locID: 102651690053862025 bcsId: 0} | ret=SUCCESS |  
2019-08-20 22:34:45,467 | INFO  | DNAudit | user=null | ip=null | op=WRITE_CHUNK {blockData=conID: 3 locID: 102651690053862025 bcsId: 0} | ret=SUCCESS |  
2019-08-20 22:34:45,467 [grpc-default-executor-5] INFO  client.GrpcClientProtocolClient (GrpcClientProtocolClient.java:onNext(255)) - client-391BA870FC40->947ec526-030f-41cc-8af7-a6f75e712ab0: receive RaftClientReply:client-391BA870FC40->947ec526-030f-41cc-8af7-a6f75e712ab0@group-5D45C35602B2, cid=3054, SUCCESS, logIndex=4587, commits[947ec526-030f-41cc-8af7-a6f75e712ab0:c4589, c447b9b6-dde2-4ce7-aa81-d0e2eddc8fe9:c4585, 28b540ac-241d-462a-a56c-509e92928066:c4585]
2019-08-20 22:34:45,467 | INFO  | DNAudit | user=null | ip=null | op=PUT_BLOCK {blockData=[blockId=conID: 3 locID: 102651690053862025 bcsId: 0,size=2097152]} | ret=SUCCESS |  
2019-08-20 22:34:45,467 [grpc-default-executor-5] INFO  client.GrpcClientProtocolClient (GrpcClientProtocolClient.java:onNext(255)) - client-391BA870FC40->947ec526-030f-41cc-8af7-a6f75e712ab0: receive RaftClientReply:client-391BA870FC40->947ec526-030f-41cc-8af7-a6f75e712ab0@group-5D45C35602B2, cid=3055, SUCCESS, logIndex=4588, commits[947ec526-030f-41cc-8af7-a6f75e712ab0:c4589, c447b9b6-dde2-4ce7-aa81-d0e2eddc8fe9:c4586, 28b540ac-241d-462a-a56c-509e92928066:c4585]
2019-08-20 22:34:45,468 | INFO  | DNAudit | user=null | ip=null | op=WRITE_CHUNK {blockData=conID: 3 locID: 102651690053862025 bcsId: 0} | ret=SUCCESS |  
2019-08-20 22:34:45,468 | INFO  | DNAudit | user=null | ip=null | op=PUT_BLOCK {blockData=[blockId=conID: 3 locID: 102651690053862025 bcsId: 0,size=1048576]} | ret=SUCCESS |  
2019-08-20 22:34:45,468 [grpc-default-executor-1] INFO  client.GrpcClientProtocolClient (GrpcClientProtocolClient.java:onNext(255)) - client-391BA870FC40->947ec526-030f-41cc-8af7-a6f75e712ab0: receive RaftClientReply:client-391BA870FC40->947ec526-030f-41cc-8af7-a6f75e712ab0@group-5D45C35602B2, cid=3056, SUCCESS, logIndex=4589, commits[947ec526-030f-41cc-8af7-a6f75e712ab0:c4590, c447b9b6-dde2-4ce7-aa81-d0e2eddc8fe9:c4586, 28b540ac-241d-462a-a56c-509e92928066:c4585]
2019-08-20 22:34:45,468 | INFO  | DNAudit | user=null | ip=null | op=PUT_BLOCK {blockData=[blockId=conID: 3 locID: 102651690053862025 bcsId: 0,size=1048576]} | ret=SUCCESS |  
2019-08-20 22:34:45,469 | INFO  | DNAudit | user=null | ip=null | op=WRITE_CHUNK {blockData=conID: 3 locID: 102651690053862025 bcsId: 0} | ret=SUCCESS |  
2019-08-20 22:34:45,469 | INFO  | DNAudit | user=null | ip=null | op=WRITE_CHUNK {blockData=conID: 3 locID: 102651690053862025 bcsId: 0} | ret=SUCCESS |  
2019-08-20 22:34:45,469 | INFO  | DNAudit | user=null | ip=null | op=PUT_BLOCK {blockData=[blockId=conID: 3 locID: 102651690053862025 bcsId: 0,size=2097152]} | ret=SUCCESS |  
2019-08-20 22:34:45,469 | INFO  | DNAudit | user=null | ip=null | op=PUT_BLOCK {blockData=[blockId=conID: 3 locID: 102651690053862025 bcsId: 0,size=2097152]} | ret=SUCCESS |  
2019-08-20 22:34:45,469 [grpc-default-executor-5] INFO  client.GrpcClientProtocolClient (GrpcClientProtocolClient.java:onNext(255)) - client-391BA870FC40->947ec526-030f-41cc-8af7-a6f75e712ab0: receive RaftClientReply:client-391BA870FC40->947ec526-030f-41cc-8af7-a6f75e712ab0@group-5D45C35602B2, cid=3057, SUCCESS, logIndex=0, commits[947ec526-030f-41cc-8af7-a6f75e712ab0:c4592, c447b9b6-dde2-4ce7-aa81-d0e2eddc8fe9:c4589, 28b540ac-241d-462a-a56c-509e92928066:c4587]
2019-08-20 22:34:45,475 | INFO  | DNAudit | user=null | ip=null | op=WRITE_CHUNK {blockData=conID: 3 locID: 102651690053862025 bcsId: 4589} | ret=SUCCESS |  
2019-08-20 22:34:45,477 | INFO  | DNAudit | user=null | ip=null | op=WRITE_CHUNK {blockData=conID: 3 locID: 102651690053862025 bcsId: 4589} | ret=SUCCESS |  
2019-08-20 22:34:45,478 | INFO  | DNAudit | user=null | ip=null | op=WRITE_CHUNK {blockData=conID: 3 locID: 102651690053862025 bcsId: 4589} | ret=SUCCESS |  
2019-08-20 22:34:45,488 | INFO  | DNAudit | user=null | ip=null | op=WRITE_CHUNK {blockData=conID: 3 locID: 102651690053862025 bcsId: 4589} | ret=SUCCESS |  
2019-08-20 22:34:45,488 | INFO  | DNAudit | user=null | ip=null | op=PUT_BLOCK {blockData=[blockId=conID: 3 locID: 102651690053862025 bcsId: 0,size=3145728]} | ret=SUCCESS |  
2019-08-20 22:34:45,488 [grpc-default-executor-3] INFO  client.GrpcClientProtocolClient (GrpcClientProtocolClient.java:onNext(255)) - client-391BA870FC40->947ec526-030f-41cc-8af7-a6f75e712ab0: receive RaftClientReply:client-391BA870FC40->947ec526-030f-41cc-8af7-a6f75e712ab0@group-5D45C35602B2, cid=3058, SUCCESS, logIndex=4593, commits[947ec526-030f-41cc-8af7-a6f75e712ab0:c4594, c447b9b6-dde2-4ce7-aa81-d0e2eddc8fe9:c4592, 28b540ac-241d-462a-a56c-509e92928066:c4592]
2019-08-20 22:34:45,489 [grpc-default-executor-3] INFO  client.GrpcClientProtocolClient (GrpcClientProtocolClient.java:onNext(255)) - client-391BA870FC40->947ec526-030f-41cc-8af7-a6f75e712ab0: receive RaftClientReply:client-391BA870FC40->947ec526-030f-41cc-8af7-a6f75e712ab0@group-5D45C35602B2, cid=3059, SUCCESS, logIndex=4594, commits[947ec526-030f-41cc-8af7-a6f75e712ab0:c4594, c447b9b6-dde2-4ce7-aa81-d0e2eddc8fe9:c4592, 28b540ac-241d-462a-a56c-509e92928066:c4592]
2019-08-20 22:34:45,496 | INFO  | DNAudit | user=null | ip=null | op=WRITE_CHUNK {blockData=conID: 3 locID: 102651690053862025 bcsId: 4594} | ret=SUCCESS |  
2019-08-20 22:34:45,498 | INFO  | DNAudit | user=null | ip=null | op=WRITE_CHUNK {blockData=conID: 3 locID: 102651690053862025 bcsId: 4594} | ret=SUCCESS |  
2019-08-20 22:34:45,498 | INFO  | DNAudit | user=null | ip=null | op=WRITE_CHUNK {blockData=conID: 3 locID: 102651690053862025 bcsId: 4594} | ret=SUCCESS |  
2019-08-20 22:34:45,499 | INFO  | DNAudit | user=null | ip=null | op=WRITE_CHUNK {blockData=conID: 3 locID: 102651690053862025 bcsId: 4589} | ret=SUCCESS |  
2019-08-20 22:34:45,499 | INFO  | DNAudit | user=null | ip=null | op=WRITE_CHUNK {blockData=conID: 3 locID: 102651690053862025 bcsId: 4589} | ret=SUCCESS |  
2019-08-20 22:34:45,502 | INFO  | DNAudit | user=null | ip=null | op=PUT_BLOCK {blockData=[blockId=conID: 3 locID: 102651690053862025 bcsId: 0,size=3145728]} | ret=SUCCESS |  
2019-08-20 22:34:45,503 | INFO  | DNAudit | user=null | ip=null | op=WRITE_CHUNK {blockData=conID: 3 locID: 102651690053862025 bcsId: 4594} | ret=SUCCESS |  
2019-08-20 22:34:45,503 | INFO  | DNAudit | user=null | ip=null | op=PUT_BLOCK {blockData=[blockId=conID: 3 locID: 102651690053862025 bcsId: 0,size=3145728]} | ret=SUCCESS |  
2019-08-20 22:34:45,504 | INFO  | DNAudit | user=null | ip=null | op=PUT_BLOCK {blockData=[blockId=conID: 3 locID: 102651690053862025 bcsId: 0,size=4194304]} | ret=SUCCESS |  
2019-08-20 22:34:45,504 [grpc-default-executor-3] INFO  client.GrpcClientProtocolClient (GrpcClientProtocolClient.java:onNext(255)) - client-391BA870FC40->947ec526-030f-41cc-8af7-a6f75e712ab0: receive RaftClientReply:client-391BA870FC40->947ec526-030f-41cc-8af7-a6f75e712ab0@group-5D45C35602B2, cid=3060, SUCCESS, logIndex=4597, commits[947ec526-030f-41cc-8af7-a6f75e712ab0:c4598, c447b9b6-dde2-4ce7-aa81-d0e2eddc8fe9:c4594, 28b540ac-241d-462a-a56c-509e92928066:c4593]
2019-08-20 22:34:45,504 [grpc-default-executor-3] INFO  client.GrpcClientProtocolClient (GrpcClientProtocolClient.java:onNext(255)) - client-391BA870FC40->947ec526-030f-41cc-8af7-a6f75e712ab0: receive RaftClientReply:client-391BA870FC40->947ec526-030f-41cc-8af7-a6f75e712ab0@group-5D45C35602B2, cid=3061, SUCCESS, logIndex=4598, commits[947ec526-030f-41cc-8af7-a6f75e712ab0:c4598, c447b9b6-dde2-4ce7-aa81-d0e2eddc8fe9:c4594, 28b540ac-241d-462a-a56c-509e92928066:c4594]
2019-08-20 22:34:45,515 | INFO  | DNAudit | user=null | ip=null | op=WRITE_CHUNK {blockData=conID: 3 locID: 102651690053862025 bcsId: 4594} | ret=SUCCESS |  
2019-08-20 22:34:45,515 | INFO  | DNAudit | user=null | ip=null | op=WRITE_CHUNK {blockData=conID: 3 locID: 102651690053862025 bcsId: 4594} | ret=SUCCESS |  
2019-08-20 22:34:45,515 | INFO  | DNAudit | user=null | ip=null | op=PUT_BLOCK {blockData=[blockId=conID: 3 locID: 102651690053862025 bcsId: 0,size=4194304]} | ret=SUCCESS |  
2019-08-20 22:34:45,516 | INFO  | DNAudit | user=null | ip=null | op=PUT_BLOCK {blockData=[blockId=conID: 3 locID: 102651690053862025 bcsId: 0,size=4194304]} | ret=SUCCESS |  
2019-08-20 22:34:45,517 [grpc-default-executor-3] INFO  client.GrpcClientProtocolClient (GrpcClientProtocolClient.java:onNext(255)) - client-391BA870FC40->947ec526-030f-41cc-8af7-a6f75e712ab0: receive RaftClientReply:client-391BA870FC40->947ec526-030f-41cc-8af7-a6f75e712ab0@group-5D45C35602B2, cid=3062, SUCCESS, logIndex=0, commits[947ec526-030f-41cc-8af7-a6f75e712ab0:c4600, c447b9b6-dde2-4ce7-aa81-d0e2eddc8fe9:c4598, 28b540ac-241d-462a-a56c-509e92928066:c4598]
2019-08-20 22:34:45,522 | INFO  | SCMAudit | user=jenkins1000 | ip=192.168.5.142 | op=ALLOCATE_BLOCK {owner=6f694d07-2a2f-44d9-8e1c-aaa094a2f647, size=4194304, type=RATIS, factor=THREE} | ret=SUCCESS |  
2019-08-20 22:34:45,526 | INFO  | OMAudit | user=jenkins1000 | ip=127.0.0.1 | op=ALLOCATE_BLOCK {volume=vol-0-80747, bucket=bucket-0-27686, key=key-0-47435, dataSize=0, replicationType=null, replicationFactor=null, keyLocationInfo=null, clientID=102651687805452690} | ret=SUCCESS |  
2019-08-20 22:34:45,533 | INFO  | DNAudit | user=null | ip=null | op=WRITE_CHUNK {blockData=conID: 1 locID: 102651690059170442 bcsId: 0} | ret=SUCCESS |  
2019-08-20 22:34:45,534 | INFO  | DNAudit | user=null | ip=null | op=WRITE_CHUNK {blockData=conID: 1 locID: 102651690059170442 bcsId: 0} | ret=SUCCESS |  
2019-08-20 22:34:45,535 | INFO  | DNAudit | user=null | ip=null | op=WRITE_CHUNK {blockData=conID: 1 locID: 102651690059170442 bcsId: 0} | ret=SUCCESS |  
2019-08-20 22:34:45,535 | INFO  | DNAudit | user=null | ip=null | op=WRITE_CHUNK {blockData=conID: 1 locID: 102651690059170442 bcsId: 0} | ret=SUCCESS |  
2019-08-20 22:34:45,536 | INFO  | DNAudit | user=null | ip=null | op=WRITE_CHUNK {blockData=conID: 1 locID: 102651690059170442 bcsId: 0} | ret=SUCCESS |  
2019-08-20 22:34:45,537 | INFO  | DNAudit | user=null | ip=null | op=WRITE_CHUNK {blockData=conID: 1 locID: 102651690059170442 bcsId: 0} | ret=SUCCESS |  
2019-08-20 22:34:45,557 | INFO  | DNAudit | user=null | ip=null | op=WRITE_CHUNK {blockData=conID: 1 locID: 102651690059170442 bcsId: 0} | ret=SUCCESS |  
2019-08-20 22:34:45,557 | INFO  | DNAudit | user=null | ip=null | op=PUT_BLOCK {blockData=[blockId=conID: 1 locID: 102651690059170442 bcsId: 0,size=1048576]} | ret=SUCCESS |  
2019-08-20 22:34:45,557 | INFO  | DNAudit | user=null | ip=null | op=WRITE_CHUNK {blockData=conID: 1 locID: 102651690059170442 bcsId: 0} | ret=SUCCESS |  
2019-08-20 22:34:45,557 [grpc-default-executor-3] INFO  client.GrpcClientProtocolClient (GrpcClientProtocolClient.java:onNext(255)) - client-391BA870FC40->947ec526-030f-41cc-8af7-a6f75e712ab0: receive RaftClientReply:client-391BA870FC40->947ec526-030f-41cc-8af7-a6f75e712ab0@group-5D45C35602B2, cid=3063, SUCCESS, logIndex=4601, commits[947ec526-030f-41cc-8af7-a6f75e712ab0:c4602, c447b9b6-dde2-4ce7-aa81-d0e2eddc8fe9:c4600, 28b540ac-241d-462a-a56c-509e92928066:c4600]
2019-08-20 22:34:45,558 | INFO  | DNAudit | user=null | ip=null | op=PUT_BLOCK {blockData=[blockId=conID: 1 locID: 102651690059170442 bcsId: 0,size=2097152]} | ret=SUCCESS |  
2019-08-20 22:34:45,558 [grpc-default-executor-3] INFO  client.GrpcClientProtocolClient (GrpcClientProtocolClient.java:onNext(255)) - client-391BA870FC40->947ec526-030f-41cc-8af7-a6f75e712ab0: receive RaftClientReply:client-391BA870FC40->947ec526-030f-41cc-8af7-a6f75e712ab0@group-5D45C35602B2, cid=3064, SUCCESS, logIndex=4602, commits[947ec526-030f-41cc-8af7-a6f75e712ab0:c4604, c447b9b6-dde2-4ce7-aa81-d0e2eddc8fe9:c4600, 28b540ac-241d-462a-a56c-509e92928066:c4600]
2019-08-20 22:34:45,558 [grpc-default-executor-3] INFO  client.GrpcClientProtocolClient (GrpcClientProtocolClient.java:onNext(255)) - client-391BA870FC40->947ec526-030f-41cc-8af7-a6f75e712ab0: receive RaftClientReply:client-391BA870FC40->947ec526-030f-41cc-8af7-a6f75e712ab0@group-5D45C35602B2, cid=3065, SUCCESS, logIndex=4603, commits[947ec526-030f-41cc-8af7-a6f75e712ab0:c4604, c447b9b6-dde2-4ce7-aa81-d0e2eddc8fe9:c4600, 28b540ac-241d-462a-a56c-509e92928066:c4600]
2019-08-20 22:34:45,558 [grpc-default-executor-3] INFO  client.GrpcClientProtocolClient (GrpcClientProtocolClient.java:onNext(255)) - client-391BA870FC40->947ec526-030f-41cc-8af7-a6f75e712ab0: receive RaftClientReply:client-391BA870FC40->947ec526-030f-41cc-8af7-a6f75e712ab0@group-5D45C35602B2, cid=3066, SUCCESS, logIndex=4604, commits[947ec526-030f-41cc-8af7-a6f75e712ab0:c4604, c447b9b6-dde2-4ce7-aa81-d0e2eddc8fe9:c4600, 28b540ac-241d-462a-a56c-509e92928066:c4600]
2019-08-20 22:34:45,568 | INFO  | DNAudit | user=null | ip=null | op=WRITE_CHUNK {blockData=conID: 1 locID: 102651690059170442 bcsId: 0} | ret=SUCCESS |  
2019-08-20 22:34:45,569 | INFO  | DNAudit | user=null | ip=null | op=WRITE_CHUNK {blockData=conID: 1 locID: 102651690059170442 bcsId: 0} | ret=SUCCESS |  
2019-08-20 22:34:45,569 | INFO  | DNAudit | user=null | ip=null | op=PUT_BLOCK {blockData=[blockId=conID: 1 locID: 102651690059170442 bcsId: 0,size=1048576]} | ret=SUCCESS |  
2019-08-20 22:34:45,569 | INFO  | DNAudit | user=null | ip=null | op=WRITE_CHUNK {blockData=conID: 1 locID: 102651690059170442 bcsId: 0} | ret=SUCCESS |  
2019-08-20 22:34:45,569 | INFO  | DNAudit | user=null | ip=null | op=PUT_BLOCK {blockData=[blockId=conID: 1 locID: 102651690059170442 bcsId: 0,size=2097152]} | ret=SUCCESS |  
2019-08-20 22:34:45,571 | INFO  | DNAudit | user=null | ip=null | op=PUT_BLOCK {blockData=[blockId=conID: 1 locID: 102651690059170442 bcsId: 0,size=1048576]} | ret=SUCCESS |  
2019-08-20 22:34:45,571 | INFO  | DNAudit | user=null | ip=null | op=WRITE_CHUNK {blockData=conID: 1 locID: 102651690059170442 bcsId: 0} | ret=SUCCESS |  
2019-08-20 22:34:45,571 | INFO  | DNAudit | user=null | ip=null | op=PUT_BLOCK {blockData=[blockId=conID: 1 locID: 102651690059170442 bcsId: 0,size=2097152]} | ret=SUCCESS |  
2019-08-20 22:34:45,571 [grpc-default-executor-3] INFO  client.GrpcClientProtocolClient (GrpcClientProtocolClient.java:onNext(255)) - client-391BA870FC40->947ec526-030f-41cc-8af7-a6f75e712ab0: receive RaftClientReply:client-391BA870FC40->947ec526-030f-41cc-8af7-a6f75e712ab0@group-5D45C35602B2, cid=3067, SUCCESS, logIndex=0, commits[947ec526-030f-41cc-8af7-a6f75e712ab0:c4608, c447b9b6-dde2-4ce7-aa81-d0e2eddc8fe9:c4604, 28b540ac-241d-462a-a56c-509e92928066:c4602]
2019-08-20 22:34:45,578 | INFO  | DNAudit | user=null | ip=null | op=WRITE_CHUNK {blockData=conID: 1 locID: 102651690059170442 bcsId: 4604} | ret=SUCCESS |  
2019-08-20 22:34:45,580 | INFO  | DNAudit | user=null | ip=null | op=WRITE_CHUNK {blockData=conID: 1 locID: 102651690059170442 bcsId: 4604} | ret=SUCCESS |  
2019-08-20 22:34:45,580 | INFO  | DNAudit | user=null | ip=null | op=WRITE_CHUNK {blockData=conID: 1 locID: 102651690059170442 bcsId: 4604} | ret=SUCCESS |  
2019-08-20 22:34:45,583 | INFO  | DNAudit | user=null | ip=null | op=WRITE_CHUNK {blockData=conID: 1 locID: 102651690059170442 bcsId: 4604} | ret=SUCCESS |  
2019-08-20 22:34:45,583 | INFO  | DNAudit | user=null | ip=null | op=PUT_BLOCK {blockData=[blockId=conID: 1 locID: 102651690059170442 bcsId: 0,size=3145728]} | ret=SUCCESS |  
2019-08-20 22:34:45,583 [grpc-default-executor-5] INFO  client.GrpcClientProtocolClient (GrpcClientProtocolClient.java:onNext(255)) - client-391BA870FC40->947ec526-030f-41cc-8af7-a6f75e712ab0: receive RaftClientReply:client-391BA870FC40->947ec526-030f-41cc-8af7-a6f75e712ab0@group-5D45C35602B2, cid=3068, SUCCESS, logIndex=4609, commits[947ec526-030f-41cc-8af7-a6f75e712ab0:c4610, c447b9b6-dde2-4ce7-aa81-d0e2eddc8fe9:c4608, 28b540ac-241d-462a-a56c-509e92928066:c4608]
2019-08-20 22:34:45,584 [grpc-default-executor-5] INFO  client.GrpcClientProtocolClient (GrpcClientProtocolClient.java:onNext(255)) - client-391BA870FC40->947ec526-030f-41cc-8af7-a6f75e712ab0: receive RaftClientReply:client-391BA870FC40->947ec526-030f-41cc-8af7-a6f75e712ab0@group-5D45C35602B2, cid=3069, SUCCESS, logIndex=4610, commits[947ec526-030f-41cc-8af7-a6f75e712ab0:c4610, c447b9b6-dde2-4ce7-aa81-d0e2eddc8fe9:c4608, 28b540ac-241d-462a-a56c-509e92928066:c4608]
2019-08-20 22:34:45,589 | INFO  | DNAudit | user=null | ip=null | op=WRITE_CHUNK {blockData=conID: 1 locID: 102651690059170442 bcsId: 4610} | ret=SUCCESS |  
2019-08-20 22:34:45,591 | INFO  | DNAudit | user=null | ip=null | op=WRITE_CHUNK {blockData=conID: 1 locID: 102651690059170442 bcsId: 4610} | ret=SUCCESS |  
2019-08-20 22:34:45,592 | INFO  | DNAudit | user=null | ip=null | op=WRITE_CHUNK {blockData=conID: 1 locID: 102651690059170442 bcsId: 4610} | ret=SUCCESS |  
2019-08-20 22:34:45,594 | INFO  | DNAudit | user=null | ip=null | op=WRITE_CHUNK {blockData=conID: 1 locID: 102651690059170442 bcsId: 4604} | ret=SUCCESS |  
2019-08-20 22:34:45,594 | INFO  | DNAudit | user=null | ip=null | op=WRITE_CHUNK {blockData=conID: 1 locID: 102651690059170442 bcsId: 4604} | ret=SUCCESS |  
2019-08-20 22:34:45,595 | INFO  | DNAudit | user=null | ip=null | op=PUT_BLOCK {blockData=[blockId=conID: 1 locID: 102651690059170442 bcsId: 0,size=3145728]} | ret=SUCCESS |  
2019-08-20 22:34:45,595 | INFO  | DNAudit | user=null | ip=null | op=PUT_BLOCK {blockData=[blockId=conID: 1 locID: 102651690059170442 bcsId: 0,size=3145728]} | ret=SUCCESS |  
2019-08-20 22:34:45,598 | INFO  | DNAudit | user=null | ip=null | op=WRITE_CHUNK {blockData=conID: 1 locID: 102651690059170442 bcsId: 4610} | ret=SUCCESS |  
2019-08-20 22:34:45,598 | INFO  | DNAudit | user=null | ip=null | op=PUT_BLOCK {blockData=[blockId=conID: 1 locID: 102651690059170442 bcsId: 0,size=4194304]} | ret=SUCCESS |  
2019-08-20 22:34:45,599 [grpc-default-executor-5] INFO  client.GrpcClientProtocolClient (GrpcClientProtocolClient.java:onNext(255)) - client-391BA870FC40->947ec526-030f-41cc-8af7-a6f75e712ab0: receive RaftClientReply:client-391BA870FC40->947ec526-030f-41cc-8af7-a6f75e712ab0@group-5D45C35602B2, cid=3070, SUCCESS, logIndex=4613, commits[947ec526-030f-41cc-8af7-a6f75e712ab0:c4614, c447b9b6-dde2-4ce7-aa81-d0e2eddc8fe9:c4610, 28b540ac-241d-462a-a56c-509e92928066:c4610]
2019-08-20 22:34:45,599 [grpc-default-executor-5] INFO  client.GrpcClientProtocolClient (GrpcClientProtocolClient.java:onNext(255)) - client-391BA870FC40->947ec526-030f-41cc-8af7-a6f75e712ab0: receive RaftClientReply:client-391BA870FC40->947ec526-030f-41cc-8af7-a6f75e712ab0@group-5D45C35602B2, cid=3071, SUCCESS, logIndex=4614, commits[947ec526-030f-41cc-8af7-a6f75e712ab0:c4614, c447b9b6-dde2-4ce7-aa81-d0e2eddc8fe9:c4610, 28b540ac-241d-462a-a56c-509e92928066:c4610]
2019-08-20 22:34:45,610 | INFO  | DNAudit | user=null | ip=null | op=WRITE_CHUNK {blockData=conID: 1 locID: 102651690059170442 bcsId: 4610} | ret=SUCCESS |  
2019-08-20 22:34:45,610 | INFO  | DNAudit | user=null | ip=null | op=WRITE_CHUNK {blockData=conID: 1 locID: 102651690059170442 bcsId: 4610} | ret=SUCCESS |  
2019-08-20 22:34:45,613 | INFO  | DNAudit | user=null | ip=null | op=PUT_BLOCK {blockData=[blockId=conID: 1 locID: 102651690059170442 bcsId: 0,size=4194304]} | ret=SUCCESS |  
2019-08-20 22:34:45,613 | INFO  | DNAudit | user=null | ip=null | op=PUT_BLOCK {blockData=[blockId=conID: 1 locID: 102651690059170442 bcsId: 0,size=4194304]} | ret=SUCCESS |  
2019-08-20 22:34:45,614 [grpc-default-executor-1] INFO  client.GrpcClientProtocolClient (GrpcClientProtocolClient.java:onNext(255)) - client-391BA870FC40->947ec526-030f-41cc-8af7-a6f75e712ab0: receive RaftClientReply:client-391BA870FC40->947ec526-030f-41cc-8af7-a6f75e712ab0@group-5D45C35602B2, cid=3072, SUCCESS, logIndex=0, commits[947ec526-030f-41cc-8af7-a6f75e712ab0:c4615, c447b9b6-dde2-4ce7-aa81-d0e2eddc8fe9:c4614, 28b540ac-241d-462a-a56c-509e92928066:c4614]
2019-08-20 22:34:45,619 | INFO  | SCMAudit | user=jenkins1000 | ip=192.168.5.142 | op=ALLOCATE_BLOCK {owner=6f694d07-2a2f-44d9-8e1c-aaa094a2f647, size=4194304, type=RATIS, factor=THREE} | ret=SUCCESS |  
2019-08-20 22:34:45,622 | INFO  | OMAudit | user=jenkins1000 | ip=127.0.0.1 | op=ALLOCATE_BLOCK {volume=vol-0-80747, bucket=bucket-0-27686, key=key-0-47435, dataSize=0, replicationType=null, replicationFactor=null, keyLocationInfo=null, clientID=102651687805452690} | ret=SUCCESS |  
2019-08-20 22:34:45,628 | INFO  | DNAudit | user=null | ip=null | op=WRITE_CHUNK {blockData=conID: 2 locID: 102651690065527435 bcsId: 0} | ret=SUCCESS |  
2019-08-20 22:34:45,631 | INFO  | DNAudit | user=null | ip=null | op=WRITE_CHUNK {blockData=conID: 2 locID: 102651690065527435 bcsId: 0} | ret=SUCCESS |  
2019-08-20 22:34:45,631 | INFO  | DNAudit | user=null | ip=null | op=WRITE_CHUNK {blockData=conID: 2 locID: 102651690065527435 bcsId: 0} | ret=SUCCESS |  
2019-08-20 22:34:45,632 | INFO  | DNAudit | user=null | ip=null | op=WRITE_CHUNK {blockData=conID: 2 locID: 102651690065527435 bcsId: 0} | ret=SUCCESS |  
2019-08-20 22:34:45,633 | INFO  | DNAudit | user=null | ip=null | op=WRITE_CHUNK {blockData=conID: 2 locID: 102651690065527435 bcsId: 0} | ret=SUCCESS |  
2019-08-20 22:34:45,633 | INFO  | DNAudit | user=null | ip=null | op=WRITE_CHUNK {blockData=conID: 2 locID: 102651690065527435 bcsId: 0} | ret=SUCCESS |  
2019-08-20 22:34:45,641 | INFO  | DNAudit | user=null | ip=null | op=WRITE_CHUNK {blockData=conID: 2 locID: 102651690065527435 bcsId: 0} | ret=SUCCESS |  
2019-08-20 22:34:45,642 | INFO  | DNAudit | user=null | ip=null | op=PUT_BLOCK {blockData=[blockId=conID: 2 locID: 102651690065527435 bcsId: 0,size=1048576]} | ret=SUCCESS |  
2019-08-20 22:34:45,642 [grpc-default-executor-1] INFO  client.GrpcClientProtocolClient (GrpcClientProtocolClient.java:onNext(255)) - client-391BA870FC40->947ec526-030f-41cc-8af7-a6f75e712ab0: receive RaftClientReply:client-391BA870FC40->947ec526-030f-41cc-8af7-a6f75e712ab0@group-5D45C35602B2, cid=3073, SUCCESS, logIndex=4617, commits[947ec526-030f-41cc-8af7-a6f75e712ab0:c4618, c447b9b6-dde2-4ce7-aa81-d0e2eddc8fe9:c4616, 28b540ac-241d-462a-a56c-509e92928066:c4616]
2019-08-20 22:34:45,642 | INFO  | DNAudit | user=null | ip=null | op=WRITE_CHUNK {blockData=conID: 2 locID: 102651690065527435 bcsId: 0} | ret=SUCCESS |  
2019-08-20 22:34:45,642 [grpc-default-executor-1] INFO  client.GrpcClientProtocolClient (GrpcClientProtocolClient.java:onNext(255)) - client-391BA870FC40->947ec526-030f-41cc-8af7-a6f75e712ab0: receive RaftClientReply:client-391BA870FC40->947ec526-030f-41cc-8af7-a6f75e712ab0@group-5D45C35602B2, cid=3074, SUCCESS, logIndex=4618, commits[947ec526-030f-41cc-8af7-a6f75e712ab0:c4620, c447b9b6-dde2-4ce7-aa81-d0e2eddc8fe9:c4616, 28b540ac-241d-462a-a56c-509e92928066:c4616]
2019-08-20 22:34:45,642 | INFO  | DNAudit | user=null | ip=null | op=PUT_BLOCK {blockData=[blockId=conID: 2 locID: 102651690065527435 bcsId: 0,size=2097152]} | ret=SUCCESS |  
2019-08-20 22:34:45,642 [grpc-default-executor-1] INFO  client.GrpcClientProtocolClient (GrpcClientProtocolClient.java:onNext(255)) - client-391BA870FC40->947ec526-030f-41cc-8af7-a6f75e712ab0: receive RaftClientReply:client-391BA870FC40->947ec526-030f-41cc-8af7-a6f75e712ab0@group-5D45C35602B2, cid=3075, SUCCESS, logIndex=4619, commits[947ec526-030f-41cc-8af7-a6f75e712ab0:c4620, c447b9b6-dde2-4ce7-aa81-d0e2eddc8fe9:c4616, 28b540ac-241d-462a-a56c-509e92928066:c4616]
2019-08-20 22:34:45,643 [grpc-default-executor-1] INFO  client.GrpcClientProtocolClient (GrpcClientProtocolClient.java:onNext(255)) - client-391BA870FC40->947ec526-030f-41cc-8af7-a6f75e712ab0: receive RaftClientReply:client-391BA870FC40->947ec526-030f-41cc-8af7-a6f75e712ab0@group-5D45C35602B2, cid=3076, SUCCESS, logIndex=4620, commits[947ec526-030f-41cc-8af7-a6f75e712ab0:c4620, c447b9b6-dde2-4ce7-aa81-d0e2eddc8fe9:c4616, 28b540ac-241d-462a-a56c-509e92928066:c4616]
2019-08-20 22:34:45,643 | INFO  | DNAudit | user=null | ip=null | op=WRITE_CHUNK {blockData=conID: 2 locID: 102651690065527435 bcsId: 0} | ret=SUCCESS |  
2019-08-20 22:34:45,645 | INFO  | DNAudit | user=null | ip=null | op=WRITE_CHUNK {blockData=conID: 2 locID: 102651690065527435 bcsId: 0} | ret=SUCCESS |  
2019-08-20 22:34:45,645 | INFO  | DNAudit | user=null | ip=null | op=PUT_BLOCK {blockData=[blockId=conID: 2 locID: 102651690065527435 bcsId: 0,size=1048576]} | ret=SUCCESS |  
2019-08-20 22:34:45,656 | INFO  | DNAudit | user=null | ip=null | op=PUT_BLOCK {blockData=[blockId=conID: 2 locID: 102651690065527435 bcsId: 0,size=1048576]} | ret=SUCCESS |  
2019-08-20 22:34:45,656 | INFO  | DNAudit | user=null | ip=null | op=WRITE_CHUNK {blockData=conID: 2 locID: 102651690065527435 bcsId: 0} | ret=SUCCESS |  
2019-08-20 22:34:45,656 | INFO  | DNAudit | user=null | ip=null | op=PUT_BLOCK {blockData=[blockId=conID: 2 locID: 102651690065527435 bcsId: 0,size=2097152]} | ret=SUCCESS |  
2019-08-20 22:34:45,656 | INFO  | DNAudit | user=null | ip=null | op=WRITE_CHUNK {blockData=conID: 2 locID: 102651690065527435 bcsId: 0} | ret=SUCCESS |  
2019-08-20 22:34:45,656 [grpc-default-executor-1] INFO  client.GrpcClientProtocolClient (GrpcClientProtocolClient.java:onNext(255)) - client-391BA870FC40->947ec526-030f-41cc-8af7-a6f75e712ab0: receive RaftClientReply:client-391BA870FC40->947ec526-030f-41cc-8af7-a6f75e712ab0@group-5D45C35602B2, cid=3077, SUCCESS, logIndex=0, commits[947ec526-030f-41cc-8af7-a6f75e712ab0:c4622, c447b9b6-dde2-4ce7-aa81-d0e2eddc8fe9:c4618, 28b540ac-241d-462a-a56c-509e92928066:c4618]
2019-08-20 22:34:45,657 | INFO  | DNAudit | user=null | ip=null | op=PUT_BLOCK {blockData=[blockId=conID: 2 locID: 102651690065527435 bcsId: 0,size=2097152]} | ret=SUCCESS |  
2019-08-20 22:34:45,662 | INFO  | DNAudit | user=null | ip=null | op=WRITE_CHUNK {blockData=conID: 2 locID: 102651690065527435 bcsId: 4620} | ret=SUCCESS |  
2019-08-20 22:34:45,663 | INFO  | DNAudit | user=null | ip=null | op=WRITE_CHUNK {blockData=conID: 2 locID: 102651690065527435 bcsId: 4620} | ret=SUCCESS |  
2019-08-20 22:34:45,663 | INFO  | DNAudit | user=null | ip=null | op=WRITE_CHUNK {blockData=conID: 2 locID: 102651690065527435 bcsId: 4620} | ret=SUCCESS |  
2019-08-20 22:34:45,674 | INFO  | DNAudit | user=null | ip=null | op=WRITE_CHUNK {blockData=conID: 2 locID: 102651690065527435 bcsId: 4620} | ret=SUCCESS |  
2019-08-20 22:34:45,675 | INFO  | DNAudit | user=null | ip=null | op=PUT_BLOCK {blockData=[blockId=conID: 2 locID: 102651690065527435 bcsId: 0,size=3145728]} | ret=SUCCESS |  
2019-08-20 22:34:45,675 [grpc-default-executor-5] INFO  client.GrpcClientProtocolClient (GrpcClientProtocolClient.java:onNext(255)) - client-391BA870FC40->947ec526-030f-41cc-8af7-a6f75e712ab0: receive RaftClientReply:client-391BA870FC40->947ec526-030f-41cc-8af7-a6f75e712ab0@group-5D45C35602B2, cid=3078, SUCCESS, logIndex=4625, commits[947ec526-030f-41cc-8af7-a6f75e712ab0:c4626, c447b9b6-dde2-4ce7-aa81-d0e2eddc8fe9:c4624, 28b540ac-241d-462a-a56c-509e92928066:c4624]
2019-08-20 22:34:45,675 [grpc-default-executor-5] INFO  client.GrpcClientProtocolClient (GrpcClientProtocolClient.java:onNext(255)) - client-391BA870FC40->947ec526-030f-41cc-8af7-a6f75e712ab0: receive RaftClientReply:client-391BA870FC40->947ec526-030f-41cc-8af7-a6f75e712ab0@group-5D45C35602B2, cid=3079, SUCCESS, logIndex=4626, commits[947ec526-030f-41cc-8af7-a6f75e712ab0:c4626, c447b9b6-dde2-4ce7-aa81-d0e2eddc8fe9:c4624, 28b540ac-241d-462a-a56c-509e92928066:c4624]
2019-08-20 22:34:45,681 | INFO  | DNAudit | user=null | ip=null | op=WRITE_CHUNK {blockData=conID: 2 locID: 102651690065527435 bcsId: 4626} | ret=SUCCESS |  
2019-08-20 22:34:45,682 | INFO  | DNAudit | user=null | ip=null | op=WRITE_CHUNK {blockData=conID: 2 locID: 102651690065527435 bcsId: 4626} | ret=SUCCESS |  
2019-08-20 22:34:45,682 | INFO  | DNAudit | user=null | ip=null | op=WRITE_CHUNK {blockData=conID: 2 locID: 102651690065527435 bcsId: 4626} | ret=SUCCESS |  
2019-08-20 22:34:45,686 | INFO  | DNAudit | user=null | ip=null | op=WRITE_CHUNK {blockData=conID: 2 locID: 102651690065527435 bcsId: 4620} | ret=SUCCESS |  
2019-08-20 22:34:45,686 | INFO  | DNAudit | user=null | ip=null | op=WRITE_CHUNK {blockData=conID: 2 locID: 102651690065527435 bcsId: 4620} | ret=SUCCESS |  
2019-08-20 22:34:45,687 | INFO  | DNAudit | user=null | ip=null | op=PUT_BLOCK {blockData=[blockId=conID: 2 locID: 102651690065527435 bcsId: 0,size=3145728]} | ret=SUCCESS |  
2019-08-20 22:34:45,687 | INFO  | DNAudit | user=null | ip=null | op=PUT_BLOCK {blockData=[blockId=conID: 2 locID: 102651690065527435 bcsId: 0,size=3145728]} | ret=SUCCESS |  
2019-08-20 22:34:45,687 | INFO  | DNAudit | user=null | ip=null | op=WRITE_CHUNK {blockData=conID: 2 locID: 102651690065527435 bcsId: 4626} | ret=SUCCESS |  
2019-08-20 22:34:45,688 | INFO  | DNAudit | user=null | ip=null | op=PUT_BLOCK {blockData=[blockId=conID: 2 locID: 102651690065527435 bcsId: 0,size=4194304]} | ret=SUCCESS |  
2019-08-20 22:34:45,688 [grpc-default-executor-5] INFO  client.GrpcClientProtocolClient (GrpcClientProtocolClient.java:onNext(255)) - client-391BA870FC40->947ec526-030f-41cc-8af7-a6f75e712ab0: receive RaftClientReply:client-391BA870FC40->947ec526-030f-41cc-8af7-a6f75e712ab0@group-5D45C35602B2, cid=3080, SUCCESS, logIndex=4629, commits[947ec526-030f-41cc-8af7-a6f75e712ab0:c4629, c447b9b6-dde2-4ce7-aa81-d0e2eddc8fe9:c4626, 28b540ac-241d-462a-a56c-509e92928066:c4626]
2019-08-20 22:34:45,688 [grpc-default-executor-5] INFO  client.GrpcClientProtocolClient (GrpcClientProtocolClient.java:onNext(255)) - client-391BA870FC40->947ec526-030f-41cc-8af7-a6f75e712ab0: receive RaftClientReply:client-391BA870FC40->947ec526-030f-41cc-8af7-a6f75e712ab0@group-5D45C35602B2, cid=3081, SUCCESS, logIndex=4630, commits[947ec526-030f-41cc-8af7-a6f75e712ab0:c4630, c447b9b6-dde2-4ce7-aa81-d0e2eddc8fe9:c4626, 28b540ac-241d-462a-a56c-509e92928066:c4626]
2019-08-20 22:34:45,700 | INFO  | DNAudit | user=null | ip=null | op=WRITE_CHUNK {blockData=conID: 2 locID: 102651690065527435 bcsId: 4626} | ret=SUCCESS |  
2019-08-20 22:34:45,700 | INFO  | DNAudit | user=null | ip=null | op=WRITE_CHUNK {blockData=conID: 2 locID: 102651690065527435 bcsId: 4626} | ret=SUCCESS |  
2019-08-20 22:34:45,712 | INFO  | DNAudit | user=null | ip=null | op=PUT_BLOCK {blockData=[blockId=conID: 2 locID: 102651690065527435 bcsId: 0,size=4194304]} | ret=SUCCESS |  
2019-08-20 22:34:45,712 | INFO  | DNAudit | user=null | ip=null | op=PUT_BLOCK {blockData=[blockId=conID: 2 locID: 102651690065527435 bcsId: 0,size=4194304]} | ret=SUCCESS |  
2019-08-20 22:34:45,712 [grpc-default-executor-5] INFO  client.GrpcClientProtocolClient (GrpcClientProtocolClient.java:onNext(255)) - client-391BA870FC40->947ec526-030f-41cc-8af7-a6f75e712ab0: receive RaftClientReply:client-391BA870FC40->947ec526-030f-41cc-8af7-a6f75e712ab0@group-5D45C35602B2, cid=3082, SUCCESS, logIndex=0, commits[947ec526-030f-41cc-8af7-a6f75e712ab0:c4632, c447b9b6-dde2-4ce7-aa81-d0e2eddc8fe9:c4630, 28b540ac-241d-462a-a56c-509e92928066:c4630]
2019-08-20 22:34:45,717 | INFO  | SCMAudit | user=jenkins1000 | ip=192.168.5.142 | op=ALLOCATE_BLOCK {owner=6f694d07-2a2f-44d9-8e1c-aaa094a2f647, size=4194304, type=RATIS, factor=THREE} | ret=SUCCESS |  
2019-08-20 22:34:45,720 | INFO  | OMAudit | user=jenkins1000 | ip=127.0.0.1 | op=ALLOCATE_BLOCK {volume=vol-0-80747, bucket=bucket-0-27686, key=key-0-47435, dataSize=0, replicationType=null, replicationFactor=null, keyLocationInfo=null, clientID=102651687805452690} | ret=SUCCESS |  
2019-08-20 22:34:45,726 | INFO  | DNAudit | user=null | ip=null | op=WRITE_CHUNK {blockData=conID: 3 locID: 102651690071949964 bcsId: 0} | ret=SUCCESS |  
2019-08-20 22:34:45,728 | INFO  | DNAudit | user=null | ip=null | op=WRITE_CHUNK {blockData=conID: 3 locID: 102651690071949964 bcsId: 0} | ret=SUCCESS |  
2019-08-20 22:34:45,729 | INFO  | DNAudit | user=null | ip=null | op=WRITE_CHUNK {blockData=conID: 3 locID: 102651690071949964 bcsId: 0} | ret=SUCCESS |  
2019-08-20 22:34:45,730 | INFO  | DNAudit | user=null | ip=null | op=WRITE_CHUNK {blockData=conID: 3 locID: 102651690071949964 bcsId: 0} | ret=SUCCESS |  
2019-08-20 22:34:45,730 | INFO  | DNAudit | user=null | ip=null | op=WRITE_CHUNK {blockData=conID: 3 locID: 102651690071949964 bcsId: 0} | ret=SUCCESS |  
2019-08-20 22:34:45,730 | INFO  | DNAudit | user=null | ip=null | op=WRITE_CHUNK {blockData=conID: 3 locID: 102651690071949964 bcsId: 0} | ret=SUCCESS |  
2019-08-20 22:34:45,738 | INFO  | DNAudit | user=null | ip=null | op=WRITE_CHUNK {blockData=conID: 3 locID: 102651690071949964 bcsId: 0} | ret=SUCCESS |  
2019-08-20 22:34:45,739 | INFO  | DNAudit | user=null | ip=null | op=PUT_BLOCK {blockData=[blockId=conID: 3 locID: 102651690071949964 bcsId: 0,size=1048576]} | ret=SUCCESS |  
2019-08-20 22:34:45,739 [grpc-default-executor-3] INFO  client.GrpcClientProtocolClient (GrpcClientProtocolClient.java:onNext(255)) - client-391BA870FC40->947ec526-030f-41cc-8af7-a6f75e712ab0: receive RaftClientReply:client-391BA870FC40->947ec526-030f-41cc-8af7-a6f75e712ab0@group-5D45C35602B2, cid=3083, SUCCESS, logIndex=4633, commits[947ec526-030f-41cc-8af7-a6f75e712ab0:c4633, c447b9b6-dde2-4ce7-aa81-d0e2eddc8fe9:c4632, 28b540ac-241d-462a-a56c-509e92928066:c4632]
2019-08-20 22:34:45,740 | INFO  | DNAudit | user=null | ip=null | op=WRITE_CHUNK {blockData=conID: 3 locID: 102651690071949964 bcsId: 0} | ret=SUCCESS |  
2019-08-20 22:34:45,740 | INFO  | DNAudit | user=null | ip=null | op=WRITE_CHUNK {blockData=conID: 3 locID: 102651690071949964 bcsId: 0} | ret=SUCCESS |  
2019-08-20 22:34:45,740 [grpc-default-executor-3] INFO  client.GrpcClientProtocolClient (GrpcClientProtocolClient.java:onNext(255)) - client-391BA870FC40->947ec526-030f-41cc-8af7-a6f75e712ab0: receive RaftClientReply:client-391BA870FC40->947ec526-030f-41cc-8af7-a6f75e712ab0@group-5D45C35602B2, cid=3084, SUCCESS, logIndex=4634, commits[947ec526-030f-41cc-8af7-a6f75e712ab0:c4636, c447b9b6-dde2-4ce7-aa81-d0e2eddc8fe9:c4632, 28b540ac-241d-462a-a56c-509e92928066:c4632]
2019-08-20 22:34:45,740 | INFO  | DNAudit | user=null | ip=null | op=PUT_BLOCK {blockData=[blockId=conID: 3 locID: 102651690071949964 bcsId: 0,size=2097152]} | ret=SUCCESS |  
2019-08-20 22:34:45,740 [grpc-default-executor-3] INFO  client.GrpcClientProtocolClient (GrpcClientProtocolClient.java:onNext(255)) - client-391BA870FC40->947ec526-030f-41cc-8af7-a6f75e712ab0: receive RaftClientReply:client-391BA870FC40->947ec526-030f-41cc-8af7-a6f75e712ab0@group-5D45C35602B2, cid=3085, SUCCESS, logIndex=4635, commits[947ec526-030f-41cc-8af7-a6f75e712ab0:c4636, c447b9b6-dde2-4ce7-aa81-d0e2eddc8fe9:c4632, 28b540ac-241d-462a-a56c-509e92928066:c4633]
2019-08-20 22:34:45,740 [grpc-default-executor-3] INFO  client.GrpcClientProtocolClient (GrpcClientProtocolClient.java:onNext(255)) - client-391BA870FC40->947ec526-030f-41cc-8af7-a6f75e712ab0: receive RaftClientReply:client-391BA870FC40->947ec526-030f-41cc-8af7-a6f75e712ab0@group-5D45C35602B2, cid=3086, SUCCESS, logIndex=4636, commits[947ec526-030f-41cc-8af7-a6f75e712ab0:c4637, c447b9b6-dde2-4ce7-aa81-d0e2eddc8fe9:c4632, 28b540ac-241d-462a-a56c-509e92928066:c4633]
2019-08-20 22:34:45,742 | INFO  | DNAudit | user=null | ip=null | op=WRITE_CHUNK {blockData=conID: 3 locID: 102651690071949964 bcsId: 0} | ret=SUCCESS |  
2019-08-20 22:34:45,753 | INFO  | DNAudit | user=null | ip=null | op=PUT_BLOCK {blockData=[blockId=conID: 3 locID: 102651690071949964 bcsId: 0,size=1048576]} | ret=SUCCESS |  
2019-08-20 22:34:45,753 | INFO  | DNAudit | user=null | ip=null | op=WRITE_CHUNK {blockData=conID: 3 locID: 102651690071949964 bcsId: 0} | ret=SUCCESS |  
2019-08-20 22:34:45,753 | INFO  | DNAudit | user=null | ip=null | op=PUT_BLOCK {blockData=[blockId=conID: 3 locID: 102651690071949964 bcsId: 0,size=2097152]} | ret=SUCCESS |  
2019-08-20 22:34:45,753 | INFO  | DNAudit | user=null | ip=null | op=PUT_BLOCK {blockData=[blockId=conID: 3 locID: 102651690071949964 bcsId: 0,size=1048576]} | ret=SUCCESS |  
2019-08-20 22:34:45,753 | INFO  | DNAudit | user=null | ip=null | op=WRITE_CHUNK {blockData=conID: 3 locID: 102651690071949964 bcsId: 0} | ret=SUCCESS |  
2019-08-20 22:34:45,753 [grpc-default-executor-3] INFO  client.GrpcClientProtocolClient (GrpcClientProtocolClient.java:onNext(255)) - client-391BA870FC40->947ec526-030f-41cc-8af7-a6f75e712ab0: receive RaftClientReply:client-391BA870FC40->947ec526-030f-41cc-8af7-a6f75e712ab0@group-5D45C35602B2, cid=3087, SUCCESS, logIndex=0, commits[947ec526-030f-41cc-8af7-a6f75e712ab0:c4638, c447b9b6-dde2-4ce7-aa81-d0e2eddc8fe9:c4636, 28b540ac-241d-462a-a56c-509e92928066:c4636]
2019-08-20 22:34:45,754 | INFO  | DNAudit | user=null | ip=null | op=PUT_BLOCK {blockData=[blockId=conID: 3 locID: 102651690071949964 bcsId: 0,size=2097152]} | ret=SUCCESS |  
2019-08-20 22:34:45,759 | INFO  | DNAudit | user=null | ip=null | op=WRITE_CHUNK {blockData=conID: 3 locID: 102651690071949964 bcsId: 4636} | ret=SUCCESS |  
2019-08-20 22:34:45,760 | INFO  | DNAudit | user=null | ip=null | op=WRITE_CHUNK {blockData=conID: 3 locID: 102651690071949964 bcsId: 4636} | ret=SUCCESS |  
2019-08-20 22:34:45,760 | INFO  | DNAudit | user=null | ip=null | op=WRITE_CHUNK {blockData=conID: 3 locID: 102651690071949964 bcsId: 4636} | ret=SUCCESS |  
2019-08-20 22:34:45,770 | INFO  | DNAudit | user=null | ip=null | op=WRITE_CHUNK {blockData=conID: 3 locID: 102651690071949964 bcsId: 4636} | ret=SUCCESS |  
2019-08-20 22:34:45,770 | INFO  | DNAudit | user=null | ip=null | op=PUT_BLOCK {blockData=[blockId=conID: 3 locID: 102651690071949964 bcsId: 0,size=3145728]} | ret=SUCCESS |  
2019-08-20 22:34:45,771 [grpc-default-executor-5] INFO  client.GrpcClientProtocolClient (GrpcClientProtocolClient.java:onNext(255)) - client-391BA870FC40->947ec526-030f-41cc-8af7-a6f75e712ab0: receive RaftClientReply:client-391BA870FC40->947ec526-030f-41cc-8af7-a6f75e712ab0@group-5D45C35602B2, cid=3088, SUCCESS, logIndex=4639, commits[947ec526-030f-41cc-8af7-a6f75e712ab0:c4640, c447b9b6-dde2-4ce7-aa81-d0e2eddc8fe9:c4638, 28b540ac-241d-462a-a56c-509e92928066:c4638]
2019-08-20 22:34:45,771 [grpc-default-executor-5] INFO  client.GrpcClientProtocolClient (GrpcClientProtocolClient.java:onNext(255)) - client-391BA870FC40->947ec526-030f-41cc-8af7-a6f75e712ab0: receive RaftClientReply:client-391BA870FC40->947ec526-030f-41cc-8af7-a6f75e712ab0@group-5D45C35602B2, cid=3089, SUCCESS, logIndex=4640, commits[947ec526-030f-41cc-8af7-a6f75e712ab0:c4640, c447b9b6-dde2-4ce7-aa81-d0e2eddc8fe9:c4638, 28b540ac-241d-462a-a56c-509e92928066:c4638]
2019-08-20 22:34:45,772 | INFO  | DNAudit | user=null | ip=null | op=WRITE_CHUNK {blockData=conID: 3 locID: 102651690071949964 bcsId: 4636} | ret=SUCCESS |  
2019-08-20 22:34:45,772 | INFO  | DNAudit | user=null | ip=null | op=WRITE_CHUNK {blockData=conID: 3 locID: 102651690071949964 bcsId: 4636} | ret=SUCCESS |  
2019-08-20 22:34:45,774 | INFO  | DNAudit | user=null | ip=null | op=PUT_BLOCK {blockData=[blockId=conID: 3 locID: 102651690071949964 bcsId: 0,size=3145728]} | ret=SUCCESS |  
2019-08-20 22:34:45,774 | INFO  | DNAudit | user=null | ip=null | op=PUT_BLOCK {blockData=[blockId=conID: 3 locID: 102651690071949964 bcsId: 0,size=3145728]} | ret=SUCCESS |  
2019-08-20 22:34:45,777 | INFO  | DNAudit | user=null | ip=null | op=WRITE_CHUNK {blockData=conID: 3 locID: 102651690071949964 bcsId: 4640} | ret=SUCCESS |  
2019-08-20 22:34:45,778 | INFO  | DNAudit | user=null | ip=null | op=WRITE_CHUNK {blockData=conID: 3 locID: 102651690071949964 bcsId: 4640} | ret=SUCCESS |  
2019-08-20 22:34:45,778 | INFO  | DNAudit | user=null | ip=null | op=WRITE_CHUNK {blockData=conID: 3 locID: 102651690071949964 bcsId: 4640} | ret=SUCCESS |  
2019-08-20 22:34:45,782 | INFO  | DNAudit | user=null | ip=null | op=WRITE_CHUNK {blockData=conID: 3 locID: 102651690071949964 bcsId: 4640} | ret=SUCCESS |  
2019-08-20 22:34:45,782 | INFO  | DNAudit | user=null | ip=null | op=PUT_BLOCK {blockData=[blockId=conID: 3 locID: 102651690071949964 bcsId: 0,size=4194304]} | ret=SUCCESS |  
2019-08-20 22:34:45,782 [grpc-default-executor-5] INFO  client.GrpcClientProtocolClient (GrpcClientProtocolClient.java:onNext(255)) - client-391BA870FC40->947ec526-030f-41cc-8af7-a6f75e712ab0: receive RaftClientReply:client-391BA870FC40->947ec526-030f-41cc-8af7-a6f75e712ab0@group-5D45C35602B2, cid=3090, SUCCESS, logIndex=4643, commits[947ec526-030f-41cc-8af7-a6f75e712ab0:c4644, c447b9b6-dde2-4ce7-aa81-d0e2eddc8fe9:c4642, 28b540ac-241d-462a-a56c-509e92928066:c4642]
2019-08-20 22:34:45,783 [grpc-default-executor-5] INFO  client.GrpcClientProtocolClient (GrpcClientProtocolClient.java:onNext(255)) - client-391BA870FC40->947ec526-030f-41cc-8af7-a6f75e712ab0: receive RaftClientReply:client-391BA870FC40->947ec526-030f-41cc-8af7-a6f75e712ab0@group-5D45C35602B2, cid=3091, SUCCESS, logIndex=4644, commits[947ec526-030f-41cc-8af7-a6f75e712ab0:c4644, c447b9b6-dde2-4ce7-aa81-d0e2eddc8fe9:c4642, 28b540ac-241d-462a-a56c-509e92928066:c4642]
2019-08-20 22:34:45,800 | INFO  | DNAudit | user=null | ip=null | op=WRITE_CHUNK {blockData=conID: 3 locID: 102651690071949964 bcsId: 4640} | ret=SUCCESS |  
2019-08-20 22:34:45,800 | INFO  | DNAudit | user=null | ip=null | op=WRITE_CHUNK {blockData=conID: 3 locID: 102651690071949964 bcsId: 4640} | ret=SUCCESS |  
2019-08-20 22:34:45,801 | INFO  | DNAudit | user=null | ip=null | op=PUT_BLOCK {blockData=[blockId=conID: 3 locID: 102651690071949964 bcsId: 0,size=4194304]} | ret=SUCCESS |  
2019-08-20 22:34:45,801 | INFO  | DNAudit | user=null | ip=null | op=PUT_BLOCK {blockData=[blockId=conID: 3 locID: 102651690071949964 bcsId: 0,size=4194304]} | ret=SUCCESS |  
2019-08-20 22:34:45,801 [grpc-default-executor-5] INFO  client.GrpcClientProtocolClient (GrpcClientProtocolClient.java:onNext(255)) - client-391BA870FC40->947ec526-030f-41cc-8af7-a6f75e712ab0: receive RaftClientReply:client-391BA870FC40->947ec526-030f-41cc-8af7-a6f75e712ab0@group-5D45C35602B2, cid=3092, SUCCESS, logIndex=0, commits[947ec526-030f-41cc-8af7-a6f75e712ab0:c4646, c447b9b6-dde2-4ce7-aa81-d0e2eddc8fe9:c4644, 28b540ac-241d-462a-a56c-509e92928066:c4644]
2019-08-20 22:34:45,806 | INFO  | SCMAudit | user=jenkins1000 | ip=192.168.5.142 | op=ALLOCATE_BLOCK {owner=6f694d07-2a2f-44d9-8e1c-aaa094a2f647, size=4194304, type=RATIS, factor=THREE} | ret=SUCCESS |  
2019-08-20 22:34:45,810 | INFO  | OMAudit | user=jenkins1000 | ip=127.0.0.1 | op=ALLOCATE_BLOCK {volume=vol-0-80747, bucket=bucket-0-27686, key=key-0-47435, dataSize=0, replicationType=null, replicationFactor=null, keyLocationInfo=null, clientID=102651687805452690} | ret=SUCCESS |  
2019-08-20 22:34:45,816 | INFO  | DNAudit | user=null | ip=null | op=WRITE_CHUNK {blockData=conID: 1 locID: 102651690077782669 bcsId: 0} | ret=SUCCESS |  
2019-08-20 22:34:45,818 | INFO  | DNAudit | user=null | ip=null | op=WRITE_CHUNK {blockData=conID: 1 locID: 102651690077782669 bcsId: 0} | ret=SUCCESS |  
2019-08-20 22:34:45,819 | INFO  | DNAudit | user=null | ip=null | op=WRITE_CHUNK {blockData=conID: 1 locID: 102651690077782669 bcsId: 0} | ret=SUCCESS |  
2019-08-20 22:34:45,819 | INFO  | DNAudit | user=null | ip=null | op=WRITE_CHUNK {blockData=conID: 1 locID: 102651690077782669 bcsId: 0} | ret=SUCCESS |  
2019-08-20 22:34:45,821 | INFO  | DNAudit | user=null | ip=null | op=WRITE_CHUNK {blockData=conID: 1 locID: 102651690077782669 bcsId: 0} | ret=SUCCESS |  
2019-08-20 22:34:45,821 | INFO  | DNAudit | user=null | ip=null | op=WRITE_CHUNK {blockData=conID: 1 locID: 102651690077782669 bcsId: 0} | ret=SUCCESS |  
2019-08-20 22:34:45,828 | INFO  | DNAudit | user=null | ip=null | op=WRITE_CHUNK {blockData=conID: 1 locID: 102651690077782669 bcsId: 0} | ret=SUCCESS |  
2019-08-20 22:34:45,829 | INFO  | DNAudit | user=null | ip=null | op=PUT_BLOCK {blockData=[blockId=conID: 1 locID: 102651690077782669 bcsId: 0,size=1048576]} | ret=SUCCESS |  
2019-08-20 22:34:45,829 [grpc-default-executor-1] INFO  client.GrpcClientProtocolClient (GrpcClientProtocolClient.java:onNext(255)) - client-391BA870FC40->947ec526-030f-41cc-8af7-a6f75e712ab0: receive RaftClientReply:client-391BA870FC40->947ec526-030f-41cc-8af7-a6f75e712ab0@group-5D45C35602B2, cid=3093, SUCCESS, logIndex=4647, commits[947ec526-030f-41cc-8af7-a6f75e712ab0:c4648, c447b9b6-dde2-4ce7-aa81-d0e2eddc8fe9:c4646, 28b540ac-241d-462a-a56c-509e92928066:c4646]
2019-08-20 22:34:45,829 [grpc-default-executor-1] INFO  client.GrpcClientProtocolClient (GrpcClientProtocolClient.java:onNext(255)) - client-391BA870FC40->947ec526-030f-41cc-8af7-a6f75e712ab0: receive RaftClientReply:client-391BA870FC40->947ec526-030f-41cc-8af7-a6f75e712ab0@group-5D45C35602B2, cid=3094, SUCCESS, logIndex=4648, commits[947ec526-030f-41cc-8af7-a6f75e712ab0:c4648, c447b9b6-dde2-4ce7-aa81-d0e2eddc8fe9:c4646, 28b540ac-241d-462a-a56c-509e92928066:c4646]
2019-08-20 22:34:45,830 | INFO  | DNAudit | user=null | ip=null | op=WRITE_CHUNK {blockData=conID: 1 locID: 102651690077782669 bcsId: 0} | ret=SUCCESS |  
2019-08-20 22:34:45,830 | INFO  | DNAudit | user=null | ip=null | op=PUT_BLOCK {blockData=[blockId=conID: 1 locID: 102651690077782669 bcsId: 0,size=2097152]} | ret=SUCCESS |  
2019-08-20 22:34:45,831 [grpc-default-executor-2] INFO  client.GrpcClientProtocolClient (GrpcClientProtocolClient.java:onNext(255)) - client-391BA870FC40->947ec526-030f-41cc-8af7-a6f75e712ab0: receive RaftClientReply:client-391BA870FC40->947ec526-030f-41cc-8af7-a6f75e712ab0@group-5D45C35602B2, cid=3095, SUCCESS, logIndex=4649, commits[947ec526-030f-41cc-8af7-a6f75e712ab0:c4650, c447b9b6-dde2-4ce7-aa81-d0e2eddc8fe9:c4646, 28b540ac-241d-462a-a56c-509e92928066:c4646]
2019-08-20 22:34:45,831 [grpc-default-executor-2] INFO  client.GrpcClientProtocolClient (GrpcClientProtocolClient.java:onNext(255)) - client-391BA870FC40->947ec526-030f-41cc-8af7-a6f75e712ab0: receive RaftClientReply:client-391BA870FC40->947ec526-030f-41cc-8af7-a6f75e712ab0@group-5D45C35602B2, cid=3096, SUCCESS, logIndex=4650, commits[947ec526-030f-41cc-8af7-a6f75e712ab0:c4650, c447b9b6-dde2-4ce7-aa81-d0e2eddc8fe9:c4646, 28b540ac-241d-462a-a56c-509e92928066:c4646]
2019-08-20 22:34:45,841 | INFO  | DNAudit | user=null | ip=null | op=WRITE_CHUNK {blockData=conID: 1 locID: 102651690077782669 bcsId: 0} | ret=SUCCESS |  
2019-08-20 22:34:45,841 | INFO  | DNAudit | user=null | ip=null | op=WRITE_CHUNK {blockData=conID: 1 locID: 102651690077782669 bcsId: 0} | ret=SUCCESS |  
2019-08-20 22:34:45,841 | INFO  | DNAudit | user=null | ip=null | op=PUT_BLOCK {blockData=[blockId=conID: 1 locID: 102651690077782669 bcsId: 0,size=1048576]} | ret=SUCCESS |  
2019-08-20 22:34:45,842 | INFO  | DNAudit | user=null | ip=null | op=PUT_BLOCK {blockData=[blockId=conID: 1 locID: 102651690077782669 bcsId: 0,size=1048576]} | ret=SUCCESS |  
2019-08-20 22:34:45,842 [grpc-default-executor-2] INFO  client.GrpcClientProtocolClient (GrpcClientProtocolClient.java:onNext(255)) - client-391BA870FC40->947ec526-030f-41cc-8af7-a6f75e712ab0: receive RaftClientReply:client-391BA870FC40->947ec526-030f-41cc-8af7-a6f75e712ab0@group-5D45C35602B2, cid=3097, SUCCESS, logIndex=0, commits[947ec526-030f-41cc-8af7-a6f75e712ab0:c4652, c447b9b6-dde2-4ce7-aa81-d0e2eddc8fe9:c4648, 28b540ac-241d-462a-a56c-509e92928066:c4648]
2019-08-20 22:34:45,844 | INFO  | DNAudit | user=null | ip=null | op=WRITE_CHUNK {blockData=conID: 1 locID: 102651690077782669 bcsId: 0} | ret=SUCCESS |  
2019-08-20 22:34:45,844 | INFO  | DNAudit | user=null | ip=null | op=WRITE_CHUNK {blockData=conID: 1 locID: 102651690077782669 bcsId: 0} | ret=SUCCESS |  
2019-08-20 22:34:45,844 | INFO  | DNAudit | user=null | ip=null | op=PUT_BLOCK {blockData=[blockId=conID: 1 locID: 102651690077782669 bcsId: 0,size=2097152]} | ret=SUCCESS |  
2019-08-20 22:34:45,844 | INFO  | DNAudit | user=null | ip=null | op=PUT_BLOCK {blockData=[blockId=conID: 1 locID: 102651690077782669 bcsId: 0,size=2097152]} | ret=SUCCESS |  
2019-08-20 22:34:45,848 | INFO  | DNAudit | user=null | ip=null | op=WRITE_CHUNK {blockData=conID: 1 locID: 102651690077782669 bcsId: 4650} | ret=SUCCESS |  
2019-08-20 22:34:45,850 | INFO  | DNAudit | user=null | ip=null | op=WRITE_CHUNK {blockData=conID: 1 locID: 102651690077782669 bcsId: 4650} | ret=SUCCESS |  
2019-08-20 22:34:45,851 | INFO  | DNAudit | user=null | ip=null | op=WRITE_CHUNK {blockData=conID: 1 locID: 102651690077782669 bcsId: 4650} | ret=SUCCESS |  
2019-08-20 22:34:45,860 | INFO  | DNAudit | user=null | ip=null | op=WRITE_CHUNK {blockData=conID: 1 locID: 102651690077782669 bcsId: 4650} | ret=SUCCESS |  
2019-08-20 22:34:45,861 | INFO  | DNAudit | user=null | ip=null | op=PUT_BLOCK {blockData=[blockId=conID: 1 locID: 102651690077782669 bcsId: 0,size=3145728]} | ret=SUCCESS |  
2019-08-20 22:34:45,861 [grpc-default-executor-2] INFO  client.GrpcClientProtocolClient (GrpcClientProtocolClient.java:onNext(255)) - client-391BA870FC40->947ec526-030f-41cc-8af7-a6f75e712ab0: receive RaftClientReply:client-391BA870FC40->947ec526-030f-41cc-8af7-a6f75e712ab0@group-5D45C35602B2, cid=3098, SUCCESS, logIndex=4655, commits[947ec526-030f-41cc-8af7-a6f75e712ab0:c4656, c447b9b6-dde2-4ce7-aa81-d0e2eddc8fe9:c4654, 28b540ac-241d-462a-a56c-509e92928066:c4654]
2019-08-20 22:34:45,861 [grpc-default-executor-2] INFO  client.GrpcClientProtocolClient (GrpcClientProtocolClient.java:onNext(255)) - client-391BA870FC40->947ec526-030f-41cc-8af7-a6f75e712ab0: receive RaftClientReply:client-391BA870FC40->947ec526-030f-41cc-8af7-a6f75e712ab0@group-5D45C35602B2, cid=3099, SUCCESS, logIndex=4656, commits[947ec526-030f-41cc-8af7-a6f75e712ab0:c4656, c447b9b6-dde2-4ce7-aa81-d0e2eddc8fe9:c4654, 28b540ac-241d-462a-a56c-509e92928066:c4654]
2019-08-20 22:34:45,867 | INFO  | DNAudit | user=null | ip=null | op=WRITE_CHUNK {blockData=conID: 1 locID: 102651690077782669 bcsId: 4656} | ret=SUCCESS |  
2019-08-20 22:34:45,869 | INFO  | DNAudit | user=null | ip=null | op=WRITE_CHUNK {blockData=conID: 1 locID: 102651690077782669 bcsId: 4656} | ret=SUCCESS |  
2019-08-20 22:34:45,870 | INFO  | DNAudit | user=null | ip=null | op=WRITE_CHUNK {blockData=conID: 1 locID: 102651690077782669 bcsId: 4656} | ret=SUCCESS |  
2019-08-20 22:34:45,872 | INFO  | DNAudit | user=null | ip=null | op=WRITE_CHUNK {blockData=conID: 1 locID: 102651690077782669 bcsId: 4650} | ret=SUCCESS |  
2019-08-20 22:34:45,872 | INFO  | DNAudit | user=null | ip=null | op=WRITE_CHUNK {blockData=conID: 1 locID: 102651690077782669 bcsId: 4650} | ret=SUCCESS |  
2019-08-20 22:34:45,872 | INFO  | DNAudit | user=null | ip=null | op=PUT_BLOCK {blockData=[blockId=conID: 1 locID: 102651690077782669 bcsId: 0,size=3145728]} | ret=SUCCESS |  
2019-08-20 22:34:45,873 | INFO  | DNAudit | user=null | ip=null | op=PUT_BLOCK {blockData=[blockId=conID: 1 locID: 102651690077782669 bcsId: 0,size=3145728]} | ret=SUCCESS |  
2019-08-20 22:34:45,875 | INFO  | DNAudit | user=null | ip=null | op=WRITE_CHUNK {blockData=conID: 1 locID: 102651690077782669 bcsId: 4656} | ret=SUCCESS |  
2019-08-20 22:34:45,876 | INFO  | DNAudit | user=null | ip=null | op=PUT_BLOCK {blockData=[blockId=conID: 1 locID: 102651690077782669 bcsId: 0,size=4194304]} | ret=SUCCESS |  
2019-08-20 22:34:45,876 [grpc-default-executor-5] INFO  client.GrpcClientProtocolClient (GrpcClientProtocolClient.java:onNext(255)) - client-391BA870FC40->947ec526-030f-41cc-8af7-a6f75e712ab0: receive RaftClientReply:client-391BA870FC40->947ec526-030f-41cc-8af7-a6f75e712ab0@group-5D45C35602B2, cid=3100, SUCCESS, logIndex=4659, commits[947ec526-030f-41cc-8af7-a6f75e712ab0:c4660, c447b9b6-dde2-4ce7-aa81-d0e2eddc8fe9:c4656, 28b540ac-241d-462a-a56c-509e92928066:c4656]
2019-08-20 22:34:45,876 [grpc-default-executor-5] INFO  client.GrpcClientProtocolClient (GrpcClientProtocolClient.java:onNext(255)) - client-391BA870FC40->947ec526-030f-41cc-8af7-a6f75e712ab0: receive RaftClientReply:client-391BA870FC40->947ec526-030f-41cc-8af7-a6f75e712ab0@group-5D45C35602B2, cid=3101, SUCCESS, logIndex=4660, commits[947ec526-030f-41cc-8af7-a6f75e712ab0:c4660, c447b9b6-dde2-4ce7-aa81-d0e2eddc8fe9:c4656, 28b540ac-241d-462a-a56c-509e92928066:c4656]
2019-08-20 22:34:45,887 | INFO  | DNAudit | user=null | ip=null | op=WRITE_CHUNK {blockData=conID: 1 locID: 102651690077782669 bcsId: 4656} | ret=SUCCESS |  
2019-08-20 22:34:45,887 | INFO  | DNAudit | user=null | ip=null | op=WRITE_CHUNK {blockData=conID: 1 locID: 102651690077782669 bcsId: 4656} | ret=SUCCESS |  
2019-08-20 22:34:45,887 | INFO  | DNAudit | user=null | ip=null | op=PUT_BLOCK {blockData=[blockId=conID: 1 locID: 102651690077782669 bcsId: 0,size=4194304]} | ret=SUCCESS |  
2019-08-20 22:34:45,888 | INFO  | DNAudit | user=null | ip=null | op=PUT_BLOCK {blockData=[blockId=conID: 1 locID: 102651690077782669 bcsId: 0,size=4194304]} | ret=SUCCESS |  
2019-08-20 22:34:45,888 [grpc-default-executor-5] INFO  client.GrpcClientProtocolClient (GrpcClientProtocolClient.java:onNext(255)) - client-391BA870FC40->947ec526-030f-41cc-8af7-a6f75e712ab0: receive RaftClientReply:client-391BA870FC40->947ec526-030f-41cc-8af7-a6f75e712ab0@group-5D45C35602B2, cid=3102, SUCCESS, logIndex=0, commits[947ec526-030f-41cc-8af7-a6f75e712ab0:c4660, c447b9b6-dde2-4ce7-aa81-d0e2eddc8fe9:c4660, 28b540ac-241d-462a-a56c-509e92928066:c4660]
2019-08-20 22:34:45,894 | INFO  | SCMAudit | user=jenkins1000 | ip=192.168.5.142 | op=ALLOCATE_BLOCK {owner=6f694d07-2a2f-44d9-8e1c-aaa094a2f647, size=4194304, type=RATIS, factor=THREE} | ret=SUCCESS |  
2019-08-20 22:34:45,899 | INFO  | OMAudit | user=jenkins1000 | ip=127.0.0.1 | op=ALLOCATE_BLOCK {volume=vol-0-80747, bucket=bucket-0-27686, key=key-0-47435, dataSize=0, replicationType=null, replicationFactor=null, keyLocationInfo=null, clientID=102651687805452690} | ret=SUCCESS |  
2019-08-20 22:34:45,906 | INFO  | DNAudit | user=null | ip=null | op=WRITE_CHUNK {blockData=conID: 2 locID: 102651690083549838 bcsId: 0} | ret=SUCCESS |  
2019-08-20 22:34:45,908 | INFO  | DNAudit | user=null | ip=null | op=WRITE_CHUNK {blockData=conID: 2 locID: 102651690083549838 bcsId: 0} | ret=SUCCESS |  
2019-08-20 22:34:45,909 | INFO  | DNAudit | user=null | ip=null | op=WRITE_CHUNK {blockData=conID: 2 locID: 102651690083549838 bcsId: 0} | ret=SUCCESS |  
2019-08-20 22:34:45,909 | INFO  | DNAudit | user=null | ip=null | op=WRITE_CHUNK {blockData=conID: 2 locID: 102651690083549838 bcsId: 0} | ret=SUCCESS |  
2019-08-20 22:34:45,911 | INFO  | DNAudit | user=null | ip=null | op=WRITE_CHUNK {blockData=conID: 2 locID: 102651690083549838 bcsId: 0} | ret=SUCCESS |  
2019-08-20 22:34:45,911 | INFO  | DNAudit | user=null | ip=null | op=WRITE_CHUNK {blockData=conID: 2 locID: 102651690083549838 bcsId: 0} | ret=SUCCESS |  
2019-08-20 22:34:45,920 | INFO  | DNAudit | user=null | ip=null | op=WRITE_CHUNK {blockData=conID: 2 locID: 102651690083549838 bcsId: 0} | ret=SUCCESS |  
2019-08-20 22:34:45,920 | INFO  | DNAudit | user=null | ip=null | op=PUT_BLOCK {blockData=[blockId=conID: 2 locID: 102651690083549838 bcsId: 0,size=1048576]} | ret=SUCCESS |  
2019-08-20 22:34:45,920 [grpc-default-executor-1] INFO  client.GrpcClientProtocolClient (GrpcClientProtocolClient.java:onNext(255)) - client-391BA870FC40->947ec526-030f-41cc-8af7-a6f75e712ab0: receive RaftClientReply:client-391BA870FC40->947ec526-030f-41cc-8af7-a6f75e712ab0@group-5D45C35602B2, cid=3103, SUCCESS, logIndex=4663, commits[947ec526-030f-41cc-8af7-a6f75e712ab0:c4664, c447b9b6-dde2-4ce7-aa81-d0e2eddc8fe9:c4662, 28b540ac-241d-462a-a56c-509e92928066:c4662]
2019-08-20 22:34:45,921 [grpc-default-executor-1] INFO  client.GrpcClientProtocolClient (GrpcClientProtocolClient.java:onNext(255)) - client-391BA870FC40->947ec526-030f-41cc-8af7-a6f75e712ab0: receive RaftClientReply:client-391BA870FC40->947ec526-030f-41cc-8af7-a6f75e712ab0@group-5D45C35602B2, cid=3104, SUCCESS, logIndex=4664, commits[947ec526-030f-41cc-8af7-a6f75e712ab0:c4664, c447b9b6-dde2-4ce7-aa81-d0e2eddc8fe9:c4662, 28b540ac-241d-462a-a56c-509e92928066:c4662]
2019-08-20 22:34:45,931 | INFO  | DNAudit | user=null | ip=null | op=WRITE_CHUNK {blockData=conID: 2 locID: 102651690083549838 bcsId: 0} | ret=SUCCESS |  
2019-08-20 22:34:45,931 | INFO  | DNAudit | user=null | ip=null | op=PUT_BLOCK {blockData=[blockId=conID: 2 locID: 102651690083549838 bcsId: 0,size=2097152]} | ret=SUCCESS |  
2019-08-20 22:34:45,931 [grpc-default-executor-1] INFO  client.GrpcClientProtocolClient (GrpcClientProtocolClient.java:onNext(255)) - client-391BA870FC40->947ec526-030f-41cc-8af7-a6f75e712ab0: receive RaftClientReply:client-391BA870FC40->947ec526-030f-41cc-8af7-a6f75e712ab0@group-5D45C35602B2, cid=3105, SUCCESS, logIndex=4665, commits[947ec526-030f-41cc-8af7-a6f75e712ab0:c4666, c447b9b6-dde2-4ce7-aa81-d0e2eddc8fe9:c4662, 28b540ac-241d-462a-a56c-509e92928066:c4662]
2019-08-20 22:34:45,932 | INFO  | DNAudit | user=null | ip=null | op=WRITE_CHUNK {blockData=conID: 2 locID: 102651690083549838 bcsId: 0} | ret=SUCCESS |  
2019-08-20 22:34:45,932 | INFO  | DNAudit | user=null | ip=null | op=PUT_BLOCK {blockData=[blockId=conID: 2 locID: 102651690083549838 bcsId: 0,size=1048576]} | ret=SUCCESS |  
2019-08-20 22:34:45,932 [grpc-default-executor-1] INFO  client.GrpcClientProtocolClient (GrpcClientProtocolClient.java:onNext(255)) - client-391BA870FC40->947ec526-030f-41cc-8af7-a6f75e712ab0: receive RaftClientReply:client-391BA870FC40->947ec526-030f-41cc-8af7-a6f75e712ab0@group-5D45C35602B2, cid=3106, SUCCESS, logIndex=4666, commits[947ec526-030f-41cc-8af7-a6f75e712ab0:c4666, c447b9b6-dde2-4ce7-aa81-d0e2eddc8fe9:c4662, 28b540ac-241d-462a-a56c-509e92928066:c4662]
2019-08-20 22:34:45,934 | INFO  | DNAudit | user=null | ip=null | op=WRITE_CHUNK {blockData=conID: 2 locID: 102651690083549838 bcsId: 0} | ret=SUCCESS |  
2019-08-20 22:34:45,934 | INFO  | DNAudit | user=null | ip=null | op=PUT_BLOCK {blockData=[blockId=conID: 2 locID: 102651690083549838 bcsId: 0,size=1048576]} | ret=SUCCESS |  
2019-08-20 22:34:45,934 [grpc-default-executor-1] INFO  client.GrpcClientProtocolClient (GrpcClientProtocolClient.java:onNext(255)) - client-391BA870FC40->947ec526-030f-41cc-8af7-a6f75e712ab0: receive RaftClientReply:client-391BA870FC40->947ec526-030f-41cc-8af7-a6f75e712ab0@group-5D45C35602B2, cid=3107, SUCCESS, logIndex=0, commits[947ec526-030f-41cc-8af7-a6f75e712ab0:c4668, c447b9b6-dde2-4ce7-aa81-d0e2eddc8fe9:c4664, 28b540ac-241d-462a-a56c-509e92928066:c4664]
2019-08-20 22:34:45,940 | INFO  | DNAudit | user=null | ip=null | op=WRITE_CHUNK {blockData=conID: 2 locID: 102651690083549838 bcsId: 4666} | ret=SUCCESS |  
2019-08-20 22:34:45,941 | INFO  | DNAudit | user=null | ip=null | op=WRITE_CHUNK {blockData=conID: 2 locID: 102651690083549838 bcsId: 4666} | ret=SUCCESS |  
2019-08-20 22:34:45,942 | INFO  | DNAudit | user=null | ip=null | op=WRITE_CHUNK {blockData=conID: 2 locID: 102651690083549838 bcsId: 4666} | ret=SUCCESS |  
2019-08-20 22:34:45,945 | INFO  | DNAudit | user=null | ip=null | op=WRITE_CHUNK {blockData=conID: 2 locID: 102651690083549838 bcsId: 0} | ret=SUCCESS |  
2019-08-20 22:34:45,945 | INFO  | DNAudit | user=null | ip=null | op=WRITE_CHUNK {blockData=conID: 2 locID: 102651690083549838 bcsId: 0} | ret=SUCCESS |  
2019-08-20 22:34:45,945 | INFO  | DNAudit | user=null | ip=null | op=PUT_BLOCK {blockData=[blockId=conID: 2 locID: 102651690083549838 bcsId: 0,size=2097152]} | ret=SUCCESS |  
2019-08-20 22:34:45,945 | INFO  | DNAudit | user=null | ip=null | op=PUT_BLOCK {blockData=[blockId=conID: 2 locID: 102651690083549838 bcsId: 0,size=2097152]} | ret=SUCCESS |  
2019-08-20 22:34:45,948 | INFO  | DNAudit | user=null | ip=null | op=WRITE_CHUNK {blockData=conID: 2 locID: 102651690083549838 bcsId: 4666} | ret=SUCCESS |  
2019-08-20 22:34:45,948 | INFO  | DNAudit | user=null | ip=null | op=PUT_BLOCK {blockData=[blockId=conID: 2 locID: 102651690083549838 bcsId: 0,size=3145728]} | ret=SUCCESS |  
2019-08-20 22:34:45,948 [grpc-default-executor-5] INFO  client.GrpcClientProtocolClient (GrpcClientProtocolClient.java:onNext(255)) - client-391BA870FC40->947ec526-030f-41cc-8af7-a6f75e712ab0: receive RaftClientReply:client-391BA870FC40->947ec526-030f-41cc-8af7-a6f75e712ab0@group-5D45C35602B2, cid=3108, SUCCESS, logIndex=4671, commits[947ec526-030f-41cc-8af7-a6f75e712ab0:c4672, c447b9b6-dde2-4ce7-aa81-d0e2eddc8fe9:c4668, 28b540ac-241d-462a-a56c-509e92928066:c4668]
2019-08-20 22:34:45,949 [grpc-default-executor-5] INFO  client.GrpcClientProtocolClient (GrpcClientProtocolClient.java:onNext(255)) - client-391BA870FC40->947ec526-030f-41cc-8af7-a6f75e712ab0: receive RaftClientReply:client-391BA870FC40->947ec526-030f-41cc-8af7-a6f75e712ab0@group-5D45C35602B2, cid=3109, SUCCESS, logIndex=4672, commits[947ec526-030f-41cc-8af7-a6f75e712ab0:c4672, c447b9b6-dde2-4ce7-aa81-d0e2eddc8fe9:c4668, 28b540ac-241d-462a-a56c-509e92928066:c4668]
2019-08-20 22:34:45,954 | INFO  | DNAudit | user=null | ip=null | op=WRITE_CHUNK {blockData=conID: 2 locID: 102651690083549838 bcsId: 4672} | ret=SUCCESS |  
2019-08-20 22:34:45,956 | INFO  | DNAudit | user=null | ip=null | op=WRITE_CHUNK {blockData=conID: 2 locID: 102651690083549838 bcsId: 4672} | ret=SUCCESS |  
2019-08-20 22:34:45,956 | INFO  | DNAudit | user=null | ip=null | op=WRITE_CHUNK {blockData=conID: 2 locID: 102651690083549838 bcsId: 4672} | ret=SUCCESS |  
2019-08-20 22:34:45,959 | INFO  | DNAudit | user=null | ip=null | op=WRITE_CHUNK {blockData=conID: 2 locID: 102651690083549838 bcsId: 4666} | ret=SUCCESS |  
2019-08-20 22:34:45,959 | INFO  | DNAudit | user=null | ip=null | op=WRITE_CHUNK {blockData=conID: 2 locID: 102651690083549838 bcsId: 4666} | ret=SUCCESS |  
2019-08-20 22:34:45,959 | INFO  | DNAudit | user=null | ip=null | op=PUT_BLOCK {blockData=[blockId=conID: 2 locID: 102651690083549838 bcsId: 0,size=3145728]} | ret=SUCCESS |  
2019-08-20 22:34:45,959 | INFO  | DNAudit | user=null | ip=null | op=PUT_BLOCK {blockData=[blockId=conID: 2 locID: 102651690083549838 bcsId: 0,size=3145728]} | ret=SUCCESS |  
2019-08-20 22:34:45,962 | INFO  | DNAudit | user=null | ip=null | op=WRITE_CHUNK {blockData=conID: 2 locID: 102651690083549838 bcsId: 4672} | ret=SUCCESS |  
2019-08-20 22:34:45,963 | INFO  | DNAudit | user=null | ip=null | op=PUT_BLOCK {blockData=[blockId=conID: 2 locID: 102651690083549838 bcsId: 0,size=4194304]} | ret=SUCCESS |  
2019-08-20 22:34:45,963 [grpc-default-executor-1] INFO  client.GrpcClientProtocolClient (GrpcClientProtocolClient.java:onNext(255)) - client-391BA870FC40->947ec526-030f-41cc-8af7-a6f75e712ab0: receive RaftClientReply:client-391BA870FC40->947ec526-030f-41cc-8af7-a6f75e712ab0@group-5D45C35602B2, cid=3110, SUCCESS, logIndex=4674, commits[947ec526-030f-41cc-8af7-a6f75e712ab0:c4675, c447b9b6-dde2-4ce7-aa81-d0e2eddc8fe9:c4672, 28b540ac-241d-462a-a56c-509e92928066:c4672]
2019-08-20 22:34:45,963 [grpc-default-executor-1] INFO  client.GrpcClientProtocolClient (GrpcClientProtocolClient.java:onNext(255)) - client-391BA870FC40->947ec526-030f-41cc-8af7-a6f75e712ab0: receive RaftClientReply:client-391BA870FC40->947ec526-030f-41cc-8af7-a6f75e712ab0@group-5D45C35602B2, cid=3111, SUCCESS, logIndex=4675, commits[947ec526-030f-41cc-8af7-a6f75e712ab0:c4675, c447b9b6-dde2-4ce7-aa81-d0e2eddc8fe9:c4672, 28b540ac-241d-462a-a56c-509e92928066:c4672]
2019-08-20 22:34:45,972 | INFO  | DNAudit | user=null | ip=null | op=WRITE_CHUNK {blockData=conID: 2 locID: 102651690083549838 bcsId: 4672} | ret=SUCCESS |  
2019-08-20 22:34:45,972 | INFO  | DNAudit | user=null | ip=null | op=WRITE_CHUNK {blockData=conID: 2 locID: 102651690083549838 bcsId: 4672} | ret=SUCCESS |  
2019-08-20 22:34:45,982 | INFO  | DNAudit | user=null | ip=null | op=PUT_BLOCK {blockData=[blockId=conID: 2 locID: 102651690083549838 bcsId: 0,size=4194304]} | ret=SUCCESS |  
2019-08-20 22:34:45,982 | INFO  | DNAudit | user=null | ip=null | op=PUT_BLOCK {blockData=[blockId=conID: 2 locID: 102651690083549838 bcsId: 0,size=4194304]} | ret=SUCCESS |  
2019-08-20 22:34:45,982 [grpc-default-executor-1] INFO  client.GrpcClientProtocolClient (GrpcClientProtocolClient.java:onNext(255)) - client-391BA870FC40->947ec526-030f-41cc-8af7-a6f75e712ab0: receive RaftClientReply:client-391BA870FC40->947ec526-030f-41cc-8af7-a6f75e712ab0@group-5D45C35602B2, cid=3112, SUCCESS, logIndex=0, commits[947ec526-030f-41cc-8af7-a6f75e712ab0:c4677, c447b9b6-dde2-4ce7-aa81-d0e2eddc8fe9:c4675, 28b540ac-241d-462a-a56c-509e92928066:c4675]
2019-08-20 22:34:45,989 | INFO  | SCMAudit | user=jenkins1000 | ip=192.168.5.142 | op=ALLOCATE_BLOCK {owner=6f694d07-2a2f-44d9-8e1c-aaa094a2f647, size=4194304, type=RATIS, factor=THREE} | ret=SUCCESS |  
2019-08-20 22:34:45,993 | INFO  | OMAudit | user=jenkins1000 | ip=127.0.0.1 | op=ALLOCATE_BLOCK {volume=vol-0-80747, bucket=bucket-0-27686, key=key-0-47435, dataSize=0, replicationType=null, replicationFactor=null, keyLocationInfo=null, clientID=102651687805452690} | ret=SUCCESS |  
2019-08-20 22:34:45,998 | INFO  | DNAudit | user=null | ip=null | op=WRITE_CHUNK {blockData=conID: 3 locID: 102651690089775759 bcsId: 0} | ret=SUCCESS |  
2019-08-20 22:34:46,001 | INFO  | DNAudit | user=null | ip=null | op=WRITE_CHUNK {blockData=conID: 3 locID: 102651690089775759 bcsId: 0} | ret=SUCCESS |  
2019-08-20 22:34:46,001 | INFO  | DNAudit | user=null | ip=null | op=WRITE_CHUNK {blockData=conID: 3 locID: 102651690089775759 bcsId: 0} | ret=SUCCESS |  
2019-08-20 22:34:46,002 | INFO  | DNAudit | user=null | ip=null | op=WRITE_CHUNK {blockData=conID: 3 locID: 102651690089775759 bcsId: 0} | ret=SUCCESS |  
2019-08-20 22:34:46,003 | INFO  | DNAudit | user=null | ip=null | op=WRITE_CHUNK {blockData=conID: 3 locID: 102651690089775759 bcsId: 0} | ret=SUCCESS |  
2019-08-20 22:34:46,003 | INFO  | DNAudit | user=null | ip=null | op=WRITE_CHUNK {blockData=conID: 3 locID: 102651690089775759 bcsId: 0} | ret=SUCCESS |  
2019-08-20 22:34:46,012 | INFO  | DNAudit | user=null | ip=null | op=WRITE_CHUNK {blockData=conID: 3 locID: 102651690089775759 bcsId: 0} | ret=SUCCESS |  
2019-08-20 22:34:46,012 | INFO  | DNAudit | user=null | ip=null | op=PUT_BLOCK {blockData=[blockId=conID: 3 locID: 102651690089775759 bcsId: 0,size=1048576]} | ret=SUCCESS |  
2019-08-20 22:34:46,012 [grpc-default-executor-1] INFO  client.GrpcClientProtocolClient (GrpcClientProtocolClient.java:onNext(255)) - client-391BA870FC40->947ec526-030f-41cc-8af7-a6f75e712ab0: receive RaftClientReply:client-391BA870FC40->947ec526-030f-41cc-8af7-a6f75e712ab0@group-5D45C35602B2, cid=3113, SUCCESS, logIndex=4678, commits[947ec526-030f-41cc-8af7-a6f75e712ab0:c4679, c447b9b6-dde2-4ce7-aa81-d0e2eddc8fe9:c4677, 28b540ac-241d-462a-a56c-509e92928066:c4677]
2019-08-20 22:34:46,013 [grpc-default-executor-1] INFO  client.GrpcClientProtocolClient (GrpcClientProtocolClient.java:onNext(255)) - client-391BA870FC40->947ec526-030f-41cc-8af7-a6f75e712ab0: receive RaftClientReply:client-391BA870FC40->947ec526-030f-41cc-8af7-a6f75e712ab0@group-5D45C35602B2, cid=3114, SUCCESS, logIndex=4679, commits[947ec526-030f-41cc-8af7-a6f75e712ab0:c4679, c447b9b6-dde2-4ce7-aa81-d0e2eddc8fe9:c4677, 28b540ac-241d-462a-a56c-509e92928066:c4677]
2019-08-20 22:34:46,013 | INFO  | DNAudit | user=null | ip=null | op=WRITE_CHUNK {blockData=conID: 3 locID: 102651690089775759 bcsId: 0} | ret=SUCCESS |  
2019-08-20 22:34:46,014 | INFO  | DNAudit | user=null | ip=null | op=PUT_BLOCK {blockData=[blockId=conID: 3 locID: 102651690089775759 bcsId: 0,size=2097152]} | ret=SUCCESS |  
2019-08-20 22:34:46,014 [grpc-default-executor-1] INFO  client.GrpcClientProtocolClient (GrpcClientProtocolClient.java:onNext(255)) - client-391BA870FC40->947ec526-030f-41cc-8af7-a6f75e712ab0: receive RaftClientReply:client-391BA870FC40->947ec526-030f-41cc-8af7-a6f75e712ab0@group-5D45C35602B2, cid=3115, SUCCESS, logIndex=4680, commits[947ec526-030f-41cc-8af7-a6f75e712ab0:c4681, c447b9b6-dde2-4ce7-aa81-d0e2eddc8fe9:c4677, 28b540ac-241d-462a-a56c-509e92928066:c4677]
2019-08-20 22:34:46,014 [grpc-default-executor-1] INFO  client.GrpcClientProtocolClient (GrpcClientProtocolClient.java:onNext(255)) - client-391BA870FC40->947ec526-030f-41cc-8af7-a6f75e712ab0: receive RaftClientReply:client-391BA870FC40->947ec526-030f-41cc-8af7-a6f75e712ab0@group-5D45C35602B2, cid=3116, SUCCESS, logIndex=4681, commits[947ec526-030f-41cc-8af7-a6f75e712ab0:c4681, c447b9b6-dde2-4ce7-aa81-d0e2eddc8fe9:c4677, 28b540ac-241d-462a-a56c-509e92928066:c4677]
2019-08-20 22:34:46,016 | INFO  | DNAudit | user=null | ip=null | op=WRITE_CHUNK {blockData=conID: 3 locID: 102651690089775759 bcsId: 0} | ret=SUCCESS |  
2019-08-20 22:34:46,016 | INFO  | DNAudit | user=null | ip=null | op=PUT_BLOCK {blockData=[blockId=conID: 3 locID: 102651690089775759 bcsId: 0,size=1048576]} | ret=SUCCESS |  
2019-08-20 22:34:46,016 | INFO  | DNAudit | user=null | ip=null | op=WRITE_CHUNK {blockData=conID: 3 locID: 102651690089775759 bcsId: 0} | ret=SUCCESS |  
2019-08-20 22:34:46,016 | INFO  | DNAudit | user=null | ip=null | op=PUT_BLOCK {blockData=[blockId=conID: 3 locID: 102651690089775759 bcsId: 0,size=1048576]} | ret=SUCCESS |  
2019-08-20 22:34:46,017 [grpc-default-executor-2] INFO  client.GrpcClientProtocolClient (GrpcClientProtocolClient.java:onNext(255)) - client-391BA870FC40->947ec526-030f-41cc-8af7-a6f75e712ab0: receive RaftClientReply:client-391BA870FC40->947ec526-030f-41cc-8af7-a6f75e712ab0@group-5D45C35602B2, cid=3117, SUCCESS, logIndex=0, commits[947ec526-030f-41cc-8af7-a6f75e712ab0:c4683, c447b9b6-dde2-4ce7-aa81-d0e2eddc8fe9:c4679, 28b540ac-241d-462a-a56c-509e92928066:c4679]
2019-08-20 22:34:46,019 | INFO  | DNAudit | user=null | ip=null | op=WRITE_CHUNK {blockData=conID: 3 locID: 102651690089775759 bcsId: 0} | ret=SUCCESS |  
2019-08-20 22:34:46,019 | INFO  | DNAudit | user=null | ip=null | op=WRITE_CHUNK {blockData=conID: 3 locID: 102651690089775759 bcsId: 0} | ret=SUCCESS |  
2019-08-20 22:34:46,019 | INFO  | DNAudit | user=null | ip=null | op=PUT_BLOCK {blockData=[blockId=conID: 3 locID: 102651690089775759 bcsId: 0,size=2097152]} | ret=SUCCESS |  
2019-08-20 22:34:46,020 | INFO  | DNAudit | user=null | ip=null | op=PUT_BLOCK {blockData=[blockId=conID: 3 locID: 102651690089775759 bcsId: 0,size=2097152]} | ret=SUCCESS |  
2019-08-20 22:34:46,022 | INFO  | DNAudit | user=null | ip=null | op=WRITE_CHUNK {blockData=conID: 3 locID: 102651690089775759 bcsId: 4681} | ret=SUCCESS |  
2019-08-20 22:34:46,024 | INFO  | DNAudit | user=null | ip=null | op=WRITE_CHUNK {blockData=conID: 3 locID: 102651690089775759 bcsId: 4681} | ret=SUCCESS |  
2019-08-20 22:34:46,024 | INFO  | DNAudit | user=null | ip=null | op=WRITE_CHUNK {blockData=conID: 3 locID: 102651690089775759 bcsId: 4681} | ret=SUCCESS |  
2019-08-20 22:34:46,034 | INFO  | DNAudit | user=null | ip=null | op=WRITE_CHUNK {blockData=conID: 3 locID: 102651690089775759 bcsId: 4681} | ret=SUCCESS |  
2019-08-20 22:34:46,034 | INFO  | DNAudit | user=null | ip=null | op=PUT_BLOCK {blockData=[blockId=conID: 3 locID: 102651690089775759 bcsId: 0,size=3145728]} | ret=SUCCESS |  
2019-08-20 22:34:46,034 [grpc-default-executor-1] INFO  client.GrpcClientProtocolClient (GrpcClientProtocolClient.java:onNext(255)) - client-391BA870FC40->947ec526-030f-41cc-8af7-a6f75e712ab0: receive RaftClientReply:client-391BA870FC40->947ec526-030f-41cc-8af7-a6f75e712ab0@group-5D45C35602B2, cid=3118, SUCCESS, logIndex=4686, commits[947ec526-030f-41cc-8af7-a6f75e712ab0:c4687, c447b9b6-dde2-4ce7-aa81-d0e2eddc8fe9:c4681, 28b540ac-241d-462a-a56c-509e92928066:c4685]
2019-08-20 22:34:46,035 | INFO  | DNAudit | user=null | ip=null | op=WRITE_CHUNK {blockData=conID: 3 locID: 102651690089775759 bcsId: 4681} | ret=SUCCESS |  
2019-08-20 22:34:46,035 [grpc-default-executor-1] INFO  client.GrpcClientProtocolClient (GrpcClientProtocolClient.java:onNext(255)) - client-391BA870FC40->947ec526-030f-41cc-8af7-a6f75e712ab0: receive RaftClientReply:client-391BA870FC40->947ec526-030f-41cc-8af7-a6f75e712ab0@group-5D45C35602B2, cid=3119, SUCCESS, logIndex=4687, commits[947ec526-030f-41cc-8af7-a6f75e712ab0:c4687, c447b9b6-dde2-4ce7-aa81-d0e2eddc8fe9:c4685, 28b540ac-241d-462a-a56c-509e92928066:c4685]
2019-08-20 22:34:46,035 | INFO  | DNAudit | user=null | ip=null | op=WRITE_CHUNK {blockData=conID: 3 locID: 102651690089775759 bcsId: 4681} | ret=SUCCESS |  
2019-08-20 22:34:46,035 | INFO  | DNAudit | user=null | ip=null | op=PUT_BLOCK {blockData=[blockId=conID: 3 locID: 102651690089775759 bcsId: 0,size=3145728]} | ret=SUCCESS |  
2019-08-20 22:34:46,035 | INFO  | DNAudit | user=null | ip=null | op=PUT_BLOCK {blockData=[blockId=conID: 3 locID: 102651690089775759 bcsId: 0,size=3145728]} | ret=SUCCESS |  
2019-08-20 22:34:46,173 | INFO  | SCMAudit | user=jenkins1000 | ip=192.168.5.142 | op=SEND_HEARTBEAT {datanodeUUID=d55cd342-4e6c-4701-86f3-cb557f3478dc, command=[]} | ret=SUCCESS |  
2019-08-20 22:34:46,175 | INFO  | DNAudit | user=null | ip=null | op=WRITE_CHUNK {blockData=conID: 3 locID: 102651690089775759 bcsId: 4687} | ret=SUCCESS |  
2019-08-20 22:34:46,177 | INFO  | DNAudit | user=null | ip=null | op=WRITE_CHUNK {blockData=conID: 3 locID: 102651690089775759 bcsId: 4687} | ret=SUCCESS |  
2019-08-20 22:34:46,177 | INFO  | DNAudit | user=null | ip=null | op=WRITE_CHUNK {blockData=conID: 3 locID: 102651690089775759 bcsId: 4687} | ret=SUCCESS |  
2019-08-20 22:34:46,188 | INFO  | DNAudit | user=null | ip=null | op=WRITE_CHUNK {blockData=conID: 3 locID: 102651690089775759 bcsId: 4687} | ret=SUCCESS |  
2019-08-20 22:34:46,188 | INFO  | DNAudit | user=null | ip=null | op=PUT_BLOCK {blockData=[blockId=conID: 3 locID: 102651690089775759 bcsId: 0,size=4194304]} | ret=SUCCESS |  
2019-08-20 22:34:46,188 [grpc-default-executor-2] INFO  client.GrpcClientProtocolClient (GrpcClientProtocolClient.java:onNext(255)) - client-391BA870FC40->947ec526-030f-41cc-8af7-a6f75e712ab0: receive RaftClientReply:client-391BA870FC40->947ec526-030f-41cc-8af7-a6f75e712ab0@group-5D45C35602B2, cid=3120, SUCCESS, logIndex=4689, commits[947ec526-030f-41cc-8af7-a6f75e712ab0:c4690, c447b9b6-dde2-4ce7-aa81-d0e2eddc8fe9:c4688, 28b540ac-241d-462a-a56c-509e92928066:c4688]
2019-08-20 22:34:46,189 [grpc-default-executor-2] INFO  client.GrpcClientProtocolClient (GrpcClientProtocolClient.java:onNext(255)) - client-391BA870FC40->947ec526-030f-41cc-8af7-a6f75e712ab0: receive RaftClientReply:client-391BA870FC40->947ec526-030f-41cc-8af7-a6f75e712ab0@group-5D45C35602B2, cid=3121, SUCCESS, logIndex=4690, commits[947ec526-030f-41cc-8af7-a6f75e712ab0:c4690, c447b9b6-dde2-4ce7-aa81-d0e2eddc8fe9:c4688, 28b540ac-241d-462a-a56c-509e92928066:c4688]
2019-08-20 22:34:46,200 | INFO  | DNAudit | user=null | ip=null | op=WRITE_CHUNK {blockData=conID: 3 locID: 102651690089775759 bcsId: 4687} | ret=SUCCESS |  
2019-08-20 22:34:46,200 | INFO  | DNAudit | user=null | ip=null | op=WRITE_CHUNK {blockData=conID: 3 locID: 102651690089775759 bcsId: 4687} | ret=SUCCESS |  
2019-08-20 22:34:46,202 | INFO  | DNAudit | user=null | ip=null | op=PUT_BLOCK {blockData=[blockId=conID: 3 locID: 102651690089775759 bcsId: 0,size=4194304]} | ret=SUCCESS |  
2019-08-20 22:34:46,202 | INFO  | DNAudit | user=null | ip=null | op=PUT_BLOCK {blockData=[blockId=conID: 3 locID: 102651690089775759 bcsId: 0,size=4194304]} | ret=SUCCESS |  
2019-08-20 22:34:46,203 [grpc-default-executor-2] INFO  client.GrpcClientProtocolClient (GrpcClientProtocolClient.java:onNext(255)) - client-391BA870FC40->947ec526-030f-41cc-8af7-a6f75e712ab0: receive RaftClientReply:client-391BA870FC40->947ec526-030f-41cc-8af7-a6f75e712ab0@group-5D45C35602B2, cid=3122, SUCCESS, logIndex=0, commits[947ec526-030f-41cc-8af7-a6f75e712ab0:c4691, c447b9b6-dde2-4ce7-aa81-d0e2eddc8fe9:c4690, 28b540ac-241d-462a-a56c-509e92928066:c4690]
2019-08-20 22:34:46,211 | INFO  | SCMAudit | user=jenkins1000 | ip=192.168.5.142 | op=ALLOCATE_BLOCK {owner=6f694d07-2a2f-44d9-8e1c-aaa094a2f647, size=4194304, type=RATIS, factor=THREE} | ret=SUCCESS |  
2019-08-20 22:34:46,216 | INFO  | OMAudit | user=jenkins1000 | ip=127.0.0.1 | op=ALLOCATE_BLOCK {volume=vol-0-80747, bucket=bucket-0-27686, key=key-0-47435, dataSize=0, replicationType=null, replicationFactor=null, keyLocationInfo=null, clientID=102651687805452690} | ret=SUCCESS |  
2019-08-20 22:34:46,224 | INFO  | DNAudit | user=null | ip=null | op=WRITE_CHUNK {blockData=conID: 1 locID: 102651690104324752 bcsId: 0} | ret=SUCCESS |  
2019-08-20 22:34:46,227 | INFO  | DNAudit | user=null | ip=null | op=WRITE_CHUNK {blockData=conID: 1 locID: 102651690104324752 bcsId: 0} | ret=SUCCESS |  
2019-08-20 22:34:46,227 | INFO  | DNAudit | user=null | ip=null | op=WRITE_CHUNK {blockData=conID: 1 locID: 102651690104324752 bcsId: 0} | ret=SUCCESS |  
2019-08-20 22:34:46,228 | INFO  | DNAudit | user=null | ip=null | op=WRITE_CHUNK {blockData=conID: 1 locID: 102651690104324752 bcsId: 0} | ret=SUCCESS |  
2019-08-20 22:34:46,230 | INFO  | DNAudit | user=null | ip=null | op=WRITE_CHUNK {blockData=conID: 1 locID: 102651690104324752 bcsId: 0} | ret=SUCCESS |  
2019-08-20 22:34:46,230 | INFO  | DNAudit | user=null | ip=null | op=WRITE_CHUNK {blockData=conID: 1 locID: 102651690104324752 bcsId: 0} | ret=SUCCESS |  
2019-08-20 22:34:46,237 | INFO  | DNAudit | user=null | ip=null | op=WRITE_CHUNK {blockData=conID: 1 locID: 102651690104324752 bcsId: 0} | ret=SUCCESS |  
2019-08-20 22:34:46,237 | INFO  | DNAudit | user=null | ip=null | op=PUT_BLOCK {blockData=[blockId=conID: 1 locID: 102651690104324752 bcsId: 0,size=1048576]} | ret=SUCCESS |  
2019-08-20 22:34:46,238 | INFO  | DNAudit | user=null | ip=null | op=WRITE_CHUNK {blockData=conID: 1 locID: 102651690104324752 bcsId: 0} | ret=SUCCESS |  
2019-08-20 22:34:46,238 [grpc-default-executor-2] INFO  client.GrpcClientProtocolClient (GrpcClientProtocolClient.java:onNext(255)) - client-391BA870FC40->947ec526-030f-41cc-8af7-a6f75e712ab0: receive RaftClientReply:client-391BA870FC40->947ec526-030f-41cc-8af7-a6f75e712ab0@group-5D45C35602B2, cid=3123, SUCCESS, logIndex=4693, commits[947ec526-030f-41cc-8af7-a6f75e712ab0:c4694, c447b9b6-dde2-4ce7-aa81-d0e2eddc8fe9:c4692, 28b540ac-241d-462a-a56c-509e92928066:c4692]
2019-08-20 22:34:46,238 | INFO  | DNAudit | user=null | ip=null | op=PUT_BLOCK {blockData=[blockId=conID: 1 locID: 102651690104324752 bcsId: 0,size=2097152]} | ret=SUCCESS |  
2019-08-20 22:34:46,239 | INFO  | DNAudit | user=null | ip=null | op=WRITE_CHUNK {blockData=conID: 1 locID: 102651690104324752 bcsId: 0} | ret=SUCCESS |  
2019-08-20 22:34:46,239 | INFO  | DNAudit | user=null | ip=null | op=PUT_BLOCK {blockData=[blockId=conID: 1 locID: 102651690104324752 bcsId: 0,size=1048576]} | ret=SUCCESS |  
2019-08-20 22:34:46,239 [grpc-default-executor-2] INFO  client.GrpcClientProtocolClient (GrpcClientProtocolClient.java:onNext(255)) - client-391BA870FC40->947ec526-030f-41cc-8af7-a6f75e712ab0: receive RaftClientReply:client-391BA870FC40->947ec526-030f-41cc-8af7-a6f75e712ab0@group-5D45C35602B2, cid=3124, SUCCESS, logIndex=4694, commits[947ec526-030f-41cc-8af7-a6f75e712ab0:c4696, c447b9b6-dde2-4ce7-aa81-d0e2eddc8fe9:c4692, 28b540ac-241d-462a-a56c-509e92928066:c4692]
2019-08-20 22:34:46,239 [grpc-default-executor-2] INFO  client.GrpcClientProtocolClient (GrpcClientProtocolClient.java:onNext(255)) - client-391BA870FC40->947ec526-030f-41cc-8af7-a6f75e712ab0: receive RaftClientReply:client-391BA870FC40->947ec526-030f-41cc-8af7-a6f75e712ab0@group-5D45C35602B2, cid=3125, SUCCESS, logIndex=4695, commits[947ec526-030f-41cc-8af7-a6f75e712ab0:c4696, c447b9b6-dde2-4ce7-aa81-d0e2eddc8fe9:c4692, 28b540ac-241d-462a-a56c-509e92928066:c4692]
2019-08-20 22:34:46,240 | INFO  | DNAudit | user=null | ip=null | op=WRITE_CHUNK {blockData=conID: 1 locID: 102651690104324752 bcsId: 0} | ret=SUCCESS |  
2019-08-20 22:34:46,240 [grpc-default-executor-2] INFO  client.GrpcClientProtocolClient (GrpcClientProtocolClient.java:onNext(255)) - client-391BA870FC40->947ec526-030f-41cc-8af7-a6f75e712ab0: receive RaftClientReply:client-391BA870FC40->947ec526-030f-41cc-8af7-a6f75e712ab0@group-5D45C35602B2, cid=3126, SUCCESS, logIndex=4696, commits[947ec526-030f-41cc-8af7-a6f75e712ab0:c4696, c447b9b6-dde2-4ce7-aa81-d0e2eddc8fe9:c4692, 28b540ac-241d-462a-a56c-509e92928066:c4692]
2019-08-20 22:34:46,240 | INFO  | DNAudit | user=null | ip=null | op=PUT_BLOCK {blockData=[blockId=conID: 1 locID: 102651690104324752 bcsId: 0,size=1048576]} | ret=SUCCESS |  
2019-08-20 22:34:46,240 | INFO  | DNAudit | user=null | ip=null | op=WRITE_CHUNK {blockData=conID: 1 locID: 102651690104324752 bcsId: 0} | ret=SUCCESS |  
2019-08-20 22:34:46,241 [grpc-default-executor-2] INFO  client.GrpcClientProtocolClient (GrpcClientProtocolClient.java:onNext(255)) - client-391BA870FC40->947ec526-030f-41cc-8af7-a6f75e712ab0: receive RaftClientReply:client-391BA870FC40->947ec526-030f-41cc-8af7-a6f75e712ab0@group-5D45C35602B2, cid=3127, SUCCESS, logIndex=0, commits[947ec526-030f-41cc-8af7-a6f75e712ab0:c4699, c447b9b6-dde2-4ce7-aa81-d0e2eddc8fe9:c4695, 28b540ac-241d-462a-a56c-509e92928066:c4694]
 0.00% |█                                                                                                    |  0/1 Time: 0:00:352019-08-20 22:34:46,244 | INFO  | SCMAudit | user=jenkins1000 | ip=192.168.5.142 | op=SEND_HEARTBEAT {datanodeUUID=eafd9314-3f13-422a-a2ac-adfcde2d7481, command=[]} | ret=SUCCESS |  
2019-08-20 22:34:46,244 | INFO  | SCMAudit | user=jenkins1000 | ip=192.168.5.142 | op=SEND_HEARTBEAT {datanodeUUID=28b540ac-241d-462a-a56c-509e92928066, command=[]} | ret=SUCCESS |  
2019-08-20 22:34:46,244 | INFO  | SCMAudit | user=jenkins1000 | ip=192.168.5.142 | op=SEND_HEARTBEAT {datanodeUUID=c447b9b6-dde2-4ce7-aa81-d0e2eddc8fe9, command=[]} | ret=SUCCESS |  
2019-08-20 22:34:46,244 | INFO  | SCMAudit | user=jenkins1000 | ip=192.168.5.142 | op=SEND_HEARTBEAT {datanodeUUID=947ec526-030f-41cc-8af7-a6f75e712ab0, command=[]} | ret=SUCCESS |  
2019-08-20 22:34:46,248 | INFO  | DNAudit | user=null | ip=null | op=WRITE_CHUNK {blockData=conID: 1 locID: 102651690104324752 bcsId: 4696} | ret=SUCCESS |  
2019-08-20 22:34:46,250 | INFO  | DNAudit | user=null | ip=null | op=WRITE_CHUNK {blockData=conID: 1 locID: 102651690104324752 bcsId: 4696} | ret=SUCCESS |  
2019-08-20 22:34:46,250 | INFO  | DNAudit | user=null | ip=null | op=WRITE_CHUNK {blockData=conID: 1 locID: 102651690104324752 bcsId: 4696} | ret=SUCCESS |  
2019-08-20 22:34:46,251 | INFO  | DNAudit | user=null | ip=null | op=WRITE_CHUNK {blockData=conID: 1 locID: 102651690104324752 bcsId: 0} | ret=SUCCESS |  
2019-08-20 22:34:46,251 | INFO  | DNAudit | user=null | ip=null | op=PUT_BLOCK {blockData=[blockId=conID: 1 locID: 102651690104324752 bcsId: 0,size=2097152]} | ret=SUCCESS |  
2019-08-20 22:34:46,252 | INFO  | DNAudit | user=null | ip=null | op=PUT_BLOCK {blockData=[blockId=conID: 1 locID: 102651690104324752 bcsId: 0,size=2097152]} | ret=SUCCESS |  
2019-08-20 22:34:46,264 | INFO  | DNAudit | user=null | ip=null | op=WRITE_CHUNK {blockData=conID: 1 locID: 102651690104324752 bcsId: 4696} | ret=SUCCESS |  
2019-08-20 22:34:46,265 | INFO  | DNAudit | user=null | ip=null | op=PUT_BLOCK {blockData=[blockId=conID: 1 locID: 102651690104324752 bcsId: 0,size=3145728]} | ret=SUCCESS |  
2019-08-20 22:34:46,265 [grpc-default-executor-2] INFO  client.GrpcClientProtocolClient (GrpcClientProtocolClient.java:onNext(255)) - client-391BA870FC40->947ec526-030f-41cc-8af7-a6f75e712ab0: receive RaftClientReply:client-391BA870FC40->947ec526-030f-41cc-8af7-a6f75e712ab0@group-5D45C35602B2, cid=3128, SUCCESS, logIndex=4701, commits[947ec526-030f-41cc-8af7-a6f75e712ab0:c4702, c447b9b6-dde2-4ce7-aa81-d0e2eddc8fe9:c4696, 28b540ac-241d-462a-a56c-509e92928066:c4699]
2019-08-20 22:34:46,265 [grpc-default-executor-2] INFO  client.GrpcClientProtocolClient (GrpcClientProtocolClient.java:onNext(255)) - client-391BA870FC40->947ec526-030f-41cc-8af7-a6f75e712ab0: receive RaftClientReply:client-391BA870FC40->947ec526-030f-41cc-8af7-a6f75e712ab0@group-5D45C35602B2, cid=3129, SUCCESS, logIndex=4702, commits[947ec526-030f-41cc-8af7-a6f75e712ab0:c4702, c447b9b6-dde2-4ce7-aa81-d0e2eddc8fe9:c4699, 28b540ac-241d-462a-a56c-509e92928066:c4699]
2019-08-20 22:34:46,267 | INFO  | DNAudit | user=null | ip=null | op=WRITE_CHUNK {blockData=conID: 1 locID: 102651690104324752 bcsId: 4696} | ret=SUCCESS |  
2019-08-20 22:34:46,267 | INFO  | DNAudit | user=null | ip=null | op=PUT_BLOCK {blockData=[blockId=conID: 1 locID: 102651690104324752 bcsId: 0,size=3145728]} | ret=SUCCESS |  
2019-08-20 22:34:46,272 | INFO  | DNAudit | user=null | ip=null | op=WRITE_CHUNK {blockData=conID: 1 locID: 102651690104324752 bcsId: 4702} | ret=SUCCESS |  
2019-08-20 22:34:46,274 | INFO  | DNAudit | user=null | ip=null | op=WRITE_CHUNK {blockData=conID: 1 locID: 102651690104324752 bcsId: 4702} | ret=SUCCESS |  
2019-08-20 22:34:46,274 | INFO  | DNAudit | user=null | ip=null | op=WRITE_CHUNK {blockData=conID: 1 locID: 102651690104324752 bcsId: 4702} | ret=SUCCESS |  
2019-08-20 22:34:46,280 | INFO  | DNAudit | user=null | ip=null | op=WRITE_CHUNK {blockData=conID: 1 locID: 102651690104324752 bcsId: 4696} | ret=SUCCESS |  
2019-08-20 22:34:46,280 | INFO  | DNAudit | user=null | ip=null | op=PUT_BLOCK {blockData=[blockId=conID: 1 locID: 102651690104324752 bcsId: 0,size=3145728]} | ret=SUCCESS |  
2019-08-20 22:34:46,293 | INFO  | DNAudit | user=null | ip=null | op=WRITE_CHUNK {blockData=conID: 1 locID: 102651690104324752 bcsId: 4702} | ret=SUCCESS |  
2019-08-20 22:34:46,293 | INFO  | DNAudit | user=null | ip=null | op=PUT_BLOCK {blockData=[blockId=conID: 1 locID: 102651690104324752 bcsId: 0,size=4194304]} | ret=SUCCESS |  
2019-08-20 22:34:46,294 [grpc-default-executor-1] INFO  client.GrpcClientProtocolClient (GrpcClientProtocolClient.java:onNext(255)) - client-391BA870FC40->947ec526-030f-41cc-8af7-a6f75e712ab0: receive RaftClientReply:client-391BA870FC40->947ec526-030f-41cc-8af7-a6f75e712ab0@group-5D45C35602B2, cid=3130, SUCCESS, logIndex=4705, commits[947ec526-030f-41cc-8af7-a6f75e712ab0:c4706, c447b9b6-dde2-4ce7-aa81-d0e2eddc8fe9:c4703, 28b540ac-241d-462a-a56c-509e92928066:c4703]
2019-08-20 22:34:46,294 [grpc-default-executor-1] INFO  client.GrpcClientProtocolClient (GrpcClientProtocolClient.java:onNext(255)) - client-391BA870FC40->947ec526-030f-41cc-8af7-a6f75e712ab0: receive RaftClientReply:client-391BA870FC40->947ec526-030f-41cc-8af7-a6f75e712ab0@group-5D45C35602B2, cid=3131, SUCCESS, logIndex=4706, commits[947ec526-030f-41cc-8af7-a6f75e712ab0:c4706, c447b9b6-dde2-4ce7-aa81-d0e2eddc8fe9:c4703, 28b540ac-241d-462a-a56c-509e92928066:c4703]
2019-08-20 22:34:46,317 | INFO  | DNAudit | user=null | ip=null | op=WRITE_CHUNK {blockData=conID: 1 locID: 102651690104324752 bcsId: 4702} | ret=SUCCESS |  
2019-08-20 22:34:46,317 | INFO  | DNAudit | user=null | ip=null | op=WRITE_CHUNK {blockData=conID: 1 locID: 102651690104324752 bcsId: 4702} | ret=SUCCESS |  
2019-08-20 22:34:46,319 | INFO  | DNAudit | user=null | ip=null | op=PUT_BLOCK {blockData=[blockId=conID: 1 locID: 102651690104324752 bcsId: 0,size=4194304]} | ret=SUCCESS |  
2019-08-20 22:34:46,319 | INFO  | DNAudit | user=null | ip=null | op=PUT_BLOCK {blockData=[blockId=conID: 1 locID: 102651690104324752 bcsId: 0,size=4194304]} | ret=SUCCESS |  
2019-08-20 22:34:46,319 [grpc-default-executor-3] INFO  client.GrpcClientProtocolClient (GrpcClientProtocolClient.java:onNext(255)) - client-391BA870FC40->947ec526-030f-41cc-8af7-a6f75e712ab0: receive RaftClientReply:client-391BA870FC40->947ec526-030f-41cc-8af7-a6f75e712ab0@group-5D45C35602B2, cid=3132, SUCCESS, logIndex=0, commits[947ec526-030f-41cc-8af7-a6f75e712ab0:c4707, c447b9b6-dde2-4ce7-aa81-d0e2eddc8fe9:c4706, 28b540ac-241d-462a-a56c-509e92928066:c4706]
2019-08-20 22:34:46,326 | INFO  | SCMAudit | user=jenkins1000 | ip=192.168.5.142 | op=ALLOCATE_BLOCK {owner=6f694d07-2a2f-44d9-8e1c-aaa094a2f647, size=4194304, type=RATIS, factor=THREE} | ret=SUCCESS |  
2019-08-20 22:34:46,331 | INFO  | OMAudit | user=jenkins1000 | ip=127.0.0.1 | op=ALLOCATE_BLOCK {volume=vol-0-80747, bucket=bucket-0-27686, key=key-0-47435, dataSize=0, replicationType=null, replicationFactor=null, keyLocationInfo=null, clientID=102651687805452690} | ret=SUCCESS |  
2019-08-20 22:34:46,436 | INFO  | DNAudit | user=null | ip=null | op=WRITE_CHUNK {blockData=conID: 2 locID: 102651690111861393 bcsId: 0} | ret=SUCCESS |  
2019-08-20 22:34:46,437 | INFO  | DNAudit | user=null | ip=null | op=WRITE_CHUNK {blockData=conID: 2 locID: 102651690111861393 bcsId: 0} | ret=SUCCESS |  
2019-08-20 22:34:46,437 | INFO  | DNAudit | user=null | ip=null | op=WRITE_CHUNK {blockData=conID: 2 locID: 102651690111861393 bcsId: 0} | ret=SUCCESS |  
2019-08-20 22:34:46,437 | INFO  | DNAudit | user=null | ip=null | op=WRITE_CHUNK {blockData=conID: 2 locID: 102651690111861393 bcsId: 0} | ret=SUCCESS |  
2019-08-20 22:34:46,438 | INFO  | DNAudit | user=null | ip=null | op=WRITE_CHUNK {blockData=conID: 2 locID: 102651690111861393 bcsId: 0} | ret=SUCCESS |  
2019-08-20 22:34:46,438 | INFO  | DNAudit | user=null | ip=null | op=WRITE_CHUNK {blockData=conID: 2 locID: 102651690111861393 bcsId: 0} | ret=SUCCESS |  
2019-08-20 22:34:47,173 | INFO  | SCMAudit | user=jenkins1000 | ip=192.168.5.142 | op=SEND_HEARTBEAT {datanodeUUID=d55cd342-4e6c-4701-86f3-cb557f3478dc, command=[]} | ret=SUCCESS |  
 0.00% |█                                                                                                    |  0/1 Time: 0:00:362019-08-20 22:34:47,244 | INFO  | SCMAudit | user=jenkins1000 | ip=192.168.5.142 | op=SEND_HEARTBEAT {datanodeUUID=eafd9314-3f13-422a-a2ac-adfcde2d7481, command=[]} | ret=SUCCESS |  
2019-08-20 22:34:47,244 | INFO  | SCMAudit | user=jenkins1000 | ip=192.168.5.142 | op=SEND_HEARTBEAT {datanodeUUID=28b540ac-241d-462a-a56c-509e92928066, command=[]} | ret=SUCCESS |  
2019-08-20 22:34:47,244 | INFO  | SCMAudit | user=jenkins1000 | ip=192.168.5.142 | op=SEND_HEARTBEAT {datanodeUUID=c447b9b6-dde2-4ce7-aa81-d0e2eddc8fe9, command=[]} | ret=SUCCESS |  
2019-08-20 22:34:47,244 | INFO  | SCMAudit | user=jenkins1000 | ip=192.168.5.142 | op=SEND_HEARTBEAT {datanodeUUID=947ec526-030f-41cc-8af7-a6f75e712ab0, command=[]} | ret=SUCCESS |  
2019-08-20 22:34:48,173 | INFO  | SCMAudit | user=jenkins1000 | ip=192.168.5.142 | op=SEND_HEARTBEAT {datanodeUUID=d55cd342-4e6c-4701-86f3-cb557f3478dc, command=[]} | ret=SUCCESS |  
2019-08-20 22:34:48,244 | INFO  | SCMAudit | user=jenkins1000 | ip=192.168.5.142 | op=SEND_HEARTBEAT {datanodeUUID=947ec526-030f-41cc-8af7-a6f75e712ab0, command=[]} | ret=SUCCESS |  
 0.00% |█                                                                                                    |  0/1 Time: 0:00:372019-08-20 22:34:48,244 | INFO  | SCMAudit | user=jenkins1000 | ip=192.168.5.142 | op=SEND_HEARTBEAT {datanodeUUID=c447b9b6-dde2-4ce7-aa81-d0e2eddc8fe9, command=[]} | ret=SUCCESS |  
2019-08-20 22:34:48,244 | INFO  | SCMAudit | user=jenkins1000 | ip=192.168.5.142 | op=SEND_HEARTBEAT {datanodeUUID=eafd9314-3f13-422a-a2ac-adfcde2d7481, command=[]} | ret=SUCCESS |  
2019-08-20 22:34:48,244 | INFO  | SCMAudit | user=jenkins1000 | ip=192.168.5.142 | op=SEND_HEARTBEAT {datanodeUUID=28b540ac-241d-462a-a56c-509e92928066, command=[]} | ret=SUCCESS |  
2019-08-20 22:34:49,173 | INFO  | SCMAudit | user=jenkins1000 | ip=192.168.5.142 | op=SEND_HEARTBEAT {datanodeUUID=d55cd342-4e6c-4701-86f3-cb557f3478dc, command=[]} | ret=SUCCESS |  
2019-08-20 22:34:49,244 | INFO  | SCMAudit | user=jenkins1000 | ip=192.168.5.142 | op=SEND_HEARTBEAT {datanodeUUID=c447b9b6-dde2-4ce7-aa81-d0e2eddc8fe9, command=[]} | ret=SUCCESS |  
2019-08-20 22:34:49,244 | INFO  | SCMAudit | user=jenkins1000 | ip=192.168.5.142 | op=SEND_HEARTBEAT {datanodeUUID=947ec526-030f-41cc-8af7-a6f75e712ab0, command=[]} | ret=SUCCESS |  
2019-08-20 22:34:49,244 | INFO  | SCMAudit | user=jenkins1000 | ip=192.168.5.142 | op=SEND_HEARTBEAT {datanodeUUID=eafd9314-3f13-422a-a2ac-adfcde2d7481, command=[]} | ret=SUCCESS |  
 0.00% |█                                                                                                    |  0/1 Time: 0:00:382019-08-20 22:34:49,245 | INFO  | SCMAudit | user=jenkins1000 | ip=192.168.5.142 | op=SEND_HEARTBEAT {datanodeUUID=28b540ac-241d-462a-a56c-509e92928066, command=[]} | ret=SUCCESS |  
2019-08-20 22:34:49,338 [java.util.concurrent.ThreadPoolExecutor$Worker@424bc667[State = -1, empty queue]] WARN  server.GrpcLogAppender (GrpcLogAppender.java:timeoutAppendRequest(200)) - GrpcLogAppender(947ec526-030f-41cc-8af7-a6f75e712ab0->28b540ac-241d-462a-a56c-509e92928066): appendEntries Timeout, request=947ec526-030f-41cc-8af7-a6f75e712ab0->28b540ac-241d-462a-a56c-509e92928066#4717-t1, previous=(t:1, i:4708), leaderCommit=4708, initializing? false, entries: size=1, first=(t:1, i:4709), STATEMACHINELOGENTRY, client-391BA870FC40, cid=3133
2019-08-20 22:34:49,338 [java.util.concurrent.ThreadPoolExecutor$Worker@f187be8[State = -1, empty queue]] WARN  server.GrpcLogAppender (GrpcLogAppender.java:timeoutAppendRequest(200)) - GrpcLogAppender(947ec526-030f-41cc-8af7-a6f75e712ab0->c447b9b6-dde2-4ce7-aa81-d0e2eddc8fe9): appendEntries Timeout, request=947ec526-030f-41cc-8af7-a6f75e712ab0->c447b9b6-dde2-4ce7-aa81-d0e2eddc8fe9#4717-t1, previous=(t:1, i:4708), leaderCommit=4708, initializing? false, entries: size=1, first=(t:1, i:4709), STATEMACHINELOGENTRY, client-391BA870FC40, cid=3133
2019-08-20 22:34:49,340 [java.util.concurrent.ThreadPoolExecutor$Worker@424bc667[State = -1, empty queue]] WARN  server.GrpcLogAppender (GrpcLogAppender.java:timeoutAppendRequest(200)) - GrpcLogAppender(947ec526-030f-41cc-8af7-a6f75e712ab0->28b540ac-241d-462a-a56c-509e92928066): appendEntries Timeout, request=947ec526-030f-41cc-8af7-a6f75e712ab0->28b540ac-241d-462a-a56c-509e92928066#4718-t1, previous=(t:1, i:4709), leaderCommit=4708, initializing? false, entries: size=1, first=(t:1, i:4710), STATEMACHINELOGENTRY, client-391BA870FC40, cid=3134
2019-08-20 22:34:49,343 [java.util.concurrent.ThreadPoolExecutor$Worker@f187be8[State = -1, empty queue]] WARN  server.GrpcLogAppender (GrpcLogAppender.java:timeoutAppendRequest(200)) - GrpcLogAppender(947ec526-030f-41cc-8af7-a6f75e712ab0->c447b9b6-dde2-4ce7-aa81-d0e2eddc8fe9): appendEntries Timeout, request=947ec526-030f-41cc-8af7-a6f75e712ab0->c447b9b6-dde2-4ce7-aa81-d0e2eddc8fe9#4718-t1, previous=(t:1, i:4709), leaderCommit=4708, initializing? false, entries: size=1, first=(t:1, i:4710), STATEMACHINELOGENTRY, client-391BA870FC40, cid=3134
2019-08-20 22:34:49,349 [java.util.concurrent.ThreadPoolExecutor$Worker@424bc667[State = -1, empty queue]] WARN  server.GrpcLogAppender (GrpcLogAppender.java:timeoutAppendRequest(200)) - GrpcLogAppender(947ec526-030f-41cc-8af7-a6f75e712ab0->28b540ac-241d-462a-a56c-509e92928066): appendEntries Timeout, request=947ec526-030f-41cc-8af7-a6f75e712ab0->28b540ac-241d-462a-a56c-509e92928066#4719-t1, previous=(t:1, i:4710), leaderCommit=4708, initializing? false, entries: size=1, first=(t:1, i:4711), STATEMACHINELOGENTRY, client-391BA870FC40, cid=3135
2019-08-20 22:34:49,353 [java.util.concurrent.ThreadPoolExecutor$Worker@f187be8[State = -1, empty queue]] WARN  server.GrpcLogAppender (GrpcLogAppender.java:timeoutAppendRequest(200)) - GrpcLogAppender(947ec526-030f-41cc-8af7-a6f75e712ab0->c447b9b6-dde2-4ce7-aa81-d0e2eddc8fe9): appendEntries Timeout, request=947ec526-030f-41cc-8af7-a6f75e712ab0->c447b9b6-dde2-4ce7-aa81-d0e2eddc8fe9#4719-t1, previous=(t:1, i:4710), leaderCommit=4708, initializing? false, entries: size=1, first=(t:1, i:4711), STATEMACHINELOGENTRY, client-391BA870FC40, cid=3135
2019-08-20 22:34:49,355 [java.util.concurrent.ThreadPoolExecutor$Worker@424bc667[State = -1, empty queue]] WARN  server.GrpcLogAppender (GrpcLogAppender.java:timeoutAppendRequest(200)) - GrpcLogAppender(947ec526-030f-41cc-8af7-a6f75e712ab0->28b540ac-241d-462a-a56c-509e92928066): appendEntries Timeout, request=947ec526-030f-41cc-8af7-a6f75e712ab0->28b540ac-241d-462a-a56c-509e92928066#4720-t1, previous=(t:1, i:4711), leaderCommit=4708, initializing? false, entries: size=1, first=(t:1, i:4712), STATEMACHINELOGENTRY, client-391BA870FC40, cid=3136
2019-08-20 22:34:49,357 [java.util.concurrent.ThreadPoolExecutor$Worker@f187be8[State = -1, empty queue]] WARN  server.GrpcLogAppender (GrpcLogAppender.java:timeoutAppendRequest(200)) - GrpcLogAppender(947ec526-030f-41cc-8af7-a6f75e712ab0->c447b9b6-dde2-4ce7-aa81-d0e2eddc8fe9): appendEntries Timeout, request=947ec526-030f-41cc-8af7-a6f75e712ab0->c447b9b6-dde2-4ce7-aa81-d0e2eddc8fe9#4720-t1, previous=(t:1, i:4711), leaderCommit=4708, initializing? false, entries: size=1, first=(t:1, i:4712), STATEMACHINELOGENTRY, client-391BA870FC40, cid=3136
2019-08-20 22:34:50,173 | INFO  | SCMAudit | user=jenkins1000 | ip=192.168.5.142 | op=SEND_HEARTBEAT {datanodeUUID=d55cd342-4e6c-4701-86f3-cb557f3478dc, command=[]} | ret=SUCCESS |  
2019-08-20 22:34:50,244 | INFO  | SCMAudit | user=jenkins1000 | ip=192.168.5.142 | op=SEND_HEARTBEAT {datanodeUUID=947ec526-030f-41cc-8af7-a6f75e712ab0, command=[]} | ret=SUCCESS |  
2019-08-20 22:34:50,244 | INFO  | SCMAudit | user=jenkins1000 | ip=192.168.5.142 | op=SEND_HEARTBEAT {datanodeUUID=eafd9314-3f13-422a-a2ac-adfcde2d7481, command=[]} | ret=SUCCESS |  
2019-08-20 22:34:50,244 | INFO  | SCMAudit | user=jenkins1000 | ip=192.168.5.142 | op=SEND_HEARTBEAT {datanodeUUID=28b540ac-241d-462a-a56c-509e92928066, command=[]} | ret=SUCCESS |  
 0.00% |█                                                                                                    |  0/1 Time: 0:00:392019-08-20 22:34:50,245 | INFO  | SCMAudit | user=jenkins1000 | ip=192.168.5.142 | op=SEND_HEARTBEAT {datanodeUUID=c447b9b6-dde2-4ce7-aa81-d0e2eddc8fe9, command=[]} | ret=SUCCESS |  
2019-08-20 22:34:50,906 [grpc-default-executor-2] WARN  server.GrpcLogAppender (GrpcLogAppender.java:onNextImpl(250)) - org.apache.ratis.grpc.server.GrpcLogAppender$AppendLogResponseHandler@6f484fcc: Request not found, ignoring reply: 947ec526-030f-41cc-8af7-a6f75e712ab0<-28b540ac-241d-462a-a56c-509e92928066#4717:OK,SUCCESS,nextIndex:4710,term:1,followerCommit:4708
2019-08-20 22:34:50,908 [grpc-default-executor-3] WARN  server.GrpcLogAppender (GrpcLogAppender.java:onNextImpl(250)) - org.apache.ratis.grpc.server.GrpcLogAppender$AppendLogResponseHandler@3ee59c84: Request not found, ignoring reply: 947ec526-030f-41cc-8af7-a6f75e712ab0<-c447b9b6-dde2-4ce7-aa81-d0e2eddc8fe9#4717:OK,SUCCESS,nextIndex:4710,term:1,followerCommit:4708
2019-08-20 22:34:50,910 [grpc-default-executor-2] WARN  server.GrpcLogAppender (GrpcLogAppender.java:onNextImpl(250)) - org.apache.ratis.grpc.server.GrpcLogAppender$AppendLogResponseHandler@6f484fcc: Request not found, ignoring reply: 947ec526-030f-41cc-8af7-a6f75e712ab0<-28b540ac-241d-462a-a56c-509e92928066#4718:OK,SUCCESS,nextIndex:4711,term:1,followerCommit:4708
2019-08-20 22:34:50,910 [grpc-default-executor-3] WARN  server.GrpcLogAppender (GrpcLogAppender.java:onNextImpl(250)) - org.apache.ratis.grpc.server.GrpcLogAppender$AppendLogResponseHandler@3ee59c84: Request not found, ignoring reply: 947ec526-030f-41cc-8af7-a6f75e712ab0<-c447b9b6-dde2-4ce7-aa81-d0e2eddc8fe9#4718:OK,SUCCESS,nextIndex:4711,term:1,followerCommit:4708
2019-08-20 22:34:50,910 [grpc-default-executor-2] WARN  server.GrpcLogAppender (GrpcLogAppender.java:onNextImpl(250)) - org.apache.ratis.grpc.server.GrpcLogAppender$AppendLogResponseHandler@6f484fcc: Request not found, ignoring reply: 947ec526-030f-41cc-8af7-a6f75e712ab0<-28b540ac-241d-462a-a56c-509e92928066#4719:OK,SUCCESS,nextIndex:4712,term:1,followerCommit:4708
2019-08-20 22:34:50,910 [grpc-default-executor-3] WARN  server.GrpcLogAppender (GrpcLogAppender.java:onNextImpl(250)) - org.apache.ratis.grpc.server.GrpcLogAppender$AppendLogResponseHandler@3ee59c84: Request not found, ignoring reply: 947ec526-030f-41cc-8af7-a6f75e712ab0<-c447b9b6-dde2-4ce7-aa81-d0e2eddc8fe9#4719:OK,SUCCESS,nextIndex:4712,term:1,followerCommit:4708
2019-08-20 22:34:50,910 [grpc-default-executor-2] WARN  server.GrpcLogAppender (GrpcLogAppender.java:onNextImpl(250)) - org.apache.ratis.grpc.server.GrpcLogAppender$AppendLogResponseHandler@6f484fcc: Request not found, ignoring reply: 947ec526-030f-41cc-8af7-a6f75e712ab0<-28b540ac-241d-462a-a56c-509e92928066#4720:OK,SUCCESS,nextIndex:4713,term:1,followerCommit:4708
2019-08-20 22:34:50,910 [grpc-default-executor-3] WARN  server.GrpcLogAppender (GrpcLogAppender.java:onNextImpl(250)) - org.apache.ratis.grpc.server.GrpcLogAppender$AppendLogResponseHandler@3ee59c84: Request not found, ignoring reply: 947ec526-030f-41cc-8af7-a6f75e712ab0<-c447b9b6-dde2-4ce7-aa81-d0e2eddc8fe9#4720:OK,SUCCESS,nextIndex:4713,term:1,followerCommit:4708
2019-08-20 22:34:51,173 | INFO  | SCMAudit | user=jenkins1000 | ip=192.168.5.142 | op=SEND_HEARTBEAT {datanodeUUID=d55cd342-4e6c-4701-86f3-cb557f3478dc, command=[]} | ret=SUCCESS |  
2019-08-20 22:34:51,244 | INFO  | SCMAudit | user=jenkins1000 | ip=192.168.5.142 | op=SEND_HEARTBEAT {datanodeUUID=28b540ac-241d-462a-a56c-509e92928066, command=[]} | ret=SUCCESS |  
2019-08-20 22:34:51,244 | INFO  | SCMAudit | user=jenkins1000 | ip=192.168.5.142 | op=SEND_HEARTBEAT {datanodeUUID=947ec526-030f-41cc-8af7-a6f75e712ab0, command=[]} | ret=SUCCESS |  
2019-08-20 22:34:51,244 | INFO  | SCMAudit | user=jenkins1000 | ip=192.168.5.142 | op=SEND_HEARTBEAT {datanodeUUID=eafd9314-3f13-422a-a2ac-adfcde2d7481, command=[]} | ret=SUCCESS |  
 0.00% |█                                                                                                    |  0/1 Time: 0:00:402019-08-20 22:34:51,245 | INFO  | SCMAudit | user=jenkins1000 | ip=192.168.5.142 | op=SEND_HEARTBEAT {datanodeUUID=c447b9b6-dde2-4ce7-aa81-d0e2eddc8fe9, command=[]} | ret=SUCCESS |  
2019-08-20 22:34:51,443 [grpc-default-executor-3] INFO  client.GrpcClientProtocolClient (GrpcClientProtocolClient.java:onNext(255)) - client-391BA870FC40->28b540ac-241d-462a-a56c-509e92928066: receive RaftClientReply:client-391BA870FC40->28b540ac-241d-462a-a56c-509e92928066@group-5D45C35602B2, cid=3133, FAILED org.apache.ratis.protocol.NotLeaderException: Server 28b540ac-241d-462a-a56c-509e92928066 is not the leader (947ec526-030f-41cc-8af7-a6f75e712ab0:192.168.5.142:44998). Request must be sent to leader., logIndex=0, commits[28b540ac-241d-462a-a56c-509e92928066:c4708, c447b9b6-dde2-4ce7-aa81-d0e2eddc8fe9:c4708, 947ec526-030f-41cc-8af7-a6f75e712ab0:c4712]
2019-08-20 22:34:51,574 | INFO  | DNAudit | user=null | ip=null | op=WRITE_CHUNK {blockData=conID: 2 locID: 102651690111861393 bcsId: 0} | ret=SUCCESS |  
2019-08-20 22:34:51,578 | INFO  | DNAudit | user=null | ip=null | op=PUT_BLOCK {blockData=[blockId=conID: 2 locID: 102651690111861393 bcsId: 0,size=1048576]} | ret=SUCCESS |  
2019-08-20 22:34:51,578 | INFO  | DNAudit | user=null | ip=null | op=WRITE_CHUNK {blockData=conID: 2 locID: 102651690111861393 bcsId: 0} | ret=SUCCESS |  
2019-08-20 22:34:51,578 | INFO  | DNAudit | user=null | ip=null | op=WRITE_CHUNK {blockData=conID: 2 locID: 102651690111861393 bcsId: 0} | ret=SUCCESS |  
2019-08-20 22:34:51,578 | INFO  | DNAudit | user=null | ip=null | op=PUT_BLOCK {blockData=[blockId=conID: 2 locID: 102651690111861393 bcsId: 0,size=1048576]} | ret=SUCCESS |  
2019-08-20 22:34:51,578 | INFO  | DNAudit | user=null | ip=null | op=PUT_BLOCK {blockData=[blockId=conID: 2 locID: 102651690111861393 bcsId: 0,size=1048576]} | ret=SUCCESS |  
2019-08-20 22:34:51,579 | INFO  | DNAudit | user=null | ip=null | op=WRITE_CHUNK {blockData=conID: 2 locID: 102651690111861393 bcsId: 0} | ret=SUCCESS |  
2019-08-20 22:34:51,579 | INFO  | DNAudit | user=null | ip=null | op=WRITE_CHUNK {blockData=conID: 2 locID: 102651690111861393 bcsId: 0} | ret=SUCCESS |  
2019-08-20 22:34:51,579 | INFO  | DNAudit | user=null | ip=null | op=WRITE_CHUNK {blockData=conID: 2 locID: 102651690111861393 bcsId: 0} | ret=SUCCESS |  
2019-08-20 22:34:51,581 | INFO  | DNAudit | user=null | ip=null | op=PUT_BLOCK {blockData=[blockId=conID: 2 locID: 102651690111861393 bcsId: 0,size=2097152]} | ret=SUCCESS |  
2019-08-20 22:34:51,581 | INFO  | DNAudit | user=null | ip=null | op=PUT_BLOCK {blockData=[blockId=conID: 2 locID: 102651690111861393 bcsId: 0,size=2097152]} | ret=SUCCESS |  
2019-08-20 22:34:51,581 | INFO  | DNAudit | user=null | ip=null | op=PUT_BLOCK {blockData=[blockId=conID: 2 locID: 102651690111861393 bcsId: 0,size=2097152]} | ret=SUCCESS |  
2019-08-20 22:34:51,581 [grpc-default-executor-2] INFO  client.GrpcClientProtocolClient (GrpcClientProtocolClient.java:onNext(255)) - client-391BA870FC40->947ec526-030f-41cc-8af7-a6f75e712ab0: receive RaftClientReply:client-391BA870FC40->947ec526-030f-41cc-8af7-a6f75e712ab0@group-5D45C35602B2, cid=3133, SUCCESS, logIndex=4709, commits[947ec526-030f-41cc-8af7-a6f75e712ab0:c4712, c447b9b6-dde2-4ce7-aa81-d0e2eddc8fe9:c4708, 28b540ac-241d-462a-a56c-509e92928066:c4708]
2019-08-20 22:34:51,602 [grpc-default-executor-2] INFO  client.GrpcClientProtocolClient (GrpcClientProtocolClient.java:onNext(255)) - client-391BA870FC40->947ec526-030f-41cc-8af7-a6f75e712ab0: receive RaftClientReply:client-391BA870FC40->947ec526-030f-41cc-8af7-a6f75e712ab0@group-5D45C35602B2, cid=3134, SUCCESS, logIndex=4710, commits[947ec526-030f-41cc-8af7-a6f75e712ab0:c4712, c447b9b6-dde2-4ce7-aa81-d0e2eddc8fe9:c4712, 28b540ac-241d-462a-a56c-509e92928066:c4708]
2019-08-20 22:34:51,605 [grpc-default-executor-2] INFO  client.GrpcClientProtocolClient (GrpcClientProtocolClient.java:onNext(255)) - client-391BA870FC40->947ec526-030f-41cc-8af7-a6f75e712ab0: receive RaftClientReply:client-391BA870FC40->947ec526-030f-41cc-8af7-a6f75e712ab0@group-5D45C35602B2, cid=3135, SUCCESS, logIndex=4711, commits[947ec526-030f-41cc-8af7-a6f75e712ab0:c4713, c447b9b6-dde2-4ce7-aa81-d0e2eddc8fe9:c4712, 28b540ac-241d-462a-a56c-509e92928066:c4712]
2019-08-20 22:34:51,606 [grpc-default-executor-2] INFO  client.GrpcClientProtocolClient (GrpcClientProtocolClient.java:onNext(255)) - client-391BA870FC40->947ec526-030f-41cc-8af7-a6f75e712ab0: receive RaftClientReply:client-391BA870FC40->947ec526-030f-41cc-8af7-a6f75e712ab0@group-5D45C35602B2, cid=3136, SUCCESS, logIndex=4712, commits[947ec526-030f-41cc-8af7-a6f75e712ab0:c4713, c447b9b6-dde2-4ce7-aa81-d0e2eddc8fe9:c4712, 28b540ac-241d-462a-a56c-509e92928066:c4712]
2019-08-20 22:34:51,619 | INFO  | DNAudit | user=null | ip=null | op=WRITE_CHUNK {blockData=conID: 2 locID: 102651690111861393 bcsId: 4712} | ret=SUCCESS |  
2019-08-20 22:34:51,622 | INFO  | DNAudit | user=null | ip=null | op=WRITE_CHUNK {blockData=conID: 2 locID: 102651690111861393 bcsId: 4712} | ret=SUCCESS |  
2019-08-20 22:34:51,623 | INFO  | DNAudit | user=null | ip=null | op=WRITE_CHUNK {blockData=conID: 2 locID: 102651690111861393 bcsId: 4712} | ret=SUCCESS |  
2019-08-20 22:34:51,623 | INFO  | DNAudit | user=null | ip=null | op=WRITE_CHUNK {blockData=conID: 2 locID: 102651690111861393 bcsId: 4712} | ret=SUCCESS |  
2019-08-20 22:34:51,625 | INFO  | DNAudit | user=null | ip=null | op=WRITE_CHUNK {blockData=conID: 2 locID: 102651690111861393 bcsId: 4712} | ret=SUCCESS |  
2019-08-20 22:34:51,625 | INFO  | DNAudit | user=null | ip=null | op=PUT_BLOCK {blockData=[blockId=conID: 2 locID: 102651690111861393 bcsId: 0,size=3145728]} | ret=SUCCESS |  
2019-08-20 22:34:51,625 [grpc-default-executor-2] INFO  client.GrpcClientProtocolClient (GrpcClientProtocolClient.java:onNext(255)) - client-391BA870FC40->947ec526-030f-41cc-8af7-a6f75e712ab0: receive RaftClientReply:client-391BA870FC40->947ec526-030f-41cc-8af7-a6f75e712ab0@group-5D45C35602B2, cid=3137, SUCCESS, logIndex=4714, commits[947ec526-030f-41cc-8af7-a6f75e712ab0:c4715, c447b9b6-dde2-4ce7-aa81-d0e2eddc8fe9:c4713, 28b540ac-241d-462a-a56c-509e92928066:c4713]
2019-08-20 22:34:51,626 | INFO  | DNAudit | user=null | ip=null | op=WRITE_CHUNK {blockData=conID: 2 locID: 102651690111861393 bcsId: 4712} | ret=SUCCESS |  
2019-08-20 22:34:51,626 | INFO  | DNAudit | user=null | ip=null | op=WRITE_CHUNK {blockData=conID: 2 locID: 102651690111861393 bcsId: 4712} | ret=SUCCESS |  
2019-08-20 22:34:51,626 [grpc-default-executor-2] INFO  client.GrpcClientProtocolClient (GrpcClientProtocolClient.java:onNext(255)) - client-391BA870FC40->947ec526-030f-41cc-8af7-a6f75e712ab0: receive RaftClientReply:client-391BA870FC40->947ec526-030f-41cc-8af7-a6f75e712ab0@group-5D45C35602B2, cid=3138, SUCCESS, logIndex=4715, commits[947ec526-030f-41cc-8af7-a6f75e712ab0:c4715, c447b9b6-dde2-4ce7-aa81-d0e2eddc8fe9:c4713, 28b540ac-241d-462a-a56c-509e92928066:c4713]
2019-08-20 22:34:51,637 | INFO  | DNAudit | user=null | ip=null | op=WRITE_CHUNK {blockData=conID: 2 locID: 102651690111861393 bcsId: 4712} | ret=SUCCESS |  
2019-08-20 22:34:51,637 | INFO  | DNAudit | user=null | ip=null | op=WRITE_CHUNK {blockData=conID: 2 locID: 102651690111861393 bcsId: 4712} | ret=SUCCESS |  
2019-08-20 22:34:51,637 | INFO  | DNAudit | user=null | ip=null | op=PUT_BLOCK {blockData=[blockId=conID: 2 locID: 102651690111861393 bcsId: 0,size=3145728]} | ret=SUCCESS |  
2019-08-20 22:34:51,638 | INFO  | DNAudit | user=null | ip=null | op=WRITE_CHUNK {blockData=conID: 2 locID: 102651690111861393 bcsId: 4712} | ret=SUCCESS |  
2019-08-20 22:34:51,638 | INFO  | DNAudit | user=null | ip=null | op=PUT_BLOCK {blockData=[blockId=conID: 2 locID: 102651690111861393 bcsId: 0,size=4194304]} | ret=SUCCESS |  
2019-08-20 22:34:51,638 | INFO  | DNAudit | user=null | ip=null | op=PUT_BLOCK {blockData=[blockId=conID: 2 locID: 102651690111861393 bcsId: 0,size=3145728]} | ret=SUCCESS |  
2019-08-20 22:34:51,638 [grpc-default-executor-2] INFO  client.GrpcClientProtocolClient (GrpcClientProtocolClient.java:onNext(255)) - client-391BA870FC40->947ec526-030f-41cc-8af7-a6f75e712ab0: receive RaftClientReply:client-391BA870FC40->947ec526-030f-41cc-8af7-a6f75e712ab0@group-5D45C35602B2, cid=3139, SUCCESS, logIndex=4716, commits[947ec526-030f-41cc-8af7-a6f75e712ab0:c4719, c447b9b6-dde2-4ce7-aa81-d0e2eddc8fe9:c4713, 28b540ac-241d-462a-a56c-509e92928066:c4715]
2019-08-20 22:34:51,639 [grpc-default-executor-2] INFO  client.GrpcClientProtocolClient (GrpcClientProtocolClient.java:onNext(255)) - client-391BA870FC40->947ec526-030f-41cc-8af7-a6f75e712ab0: receive RaftClientReply:client-391BA870FC40->947ec526-030f-41cc-8af7-a6f75e712ab0@group-5D45C35602B2, cid=3140, SUCCESS, logIndex=4717, commits[947ec526-030f-41cc-8af7-a6f75e712ab0:c4719, c447b9b6-dde2-4ce7-aa81-d0e2eddc8fe9:c4715, 28b540ac-241d-462a-a56c-509e92928066:c4715]
2019-08-20 22:34:51,649 | INFO  | DNAudit | user=null | ip=null | op=WRITE_CHUNK {blockData=conID: 2 locID: 102651690111861393 bcsId: 4712} | ret=SUCCESS |  
2019-08-20 22:34:51,649 | INFO  | DNAudit | user=null | ip=null | op=WRITE_CHUNK {blockData=conID: 2 locID: 102651690111861393 bcsId: 4712} | ret=SUCCESS |  
2019-08-20 22:34:51,649 | INFO  | DNAudit | user=null | ip=null | op=PUT_BLOCK {blockData=[blockId=conID: 2 locID: 102651690111861393 bcsId: 0,size=4194304]} | ret=SUCCESS |  
2019-08-20 22:34:51,649 | INFO  | DNAudit | user=null | ip=null | op=PUT_BLOCK {blockData=[blockId=conID: 2 locID: 102651690111861393 bcsId: 0,size=4194304]} | ret=SUCCESS |  
2019-08-20 22:34:51,652 [grpc-default-executor-2] INFO  client.GrpcClientProtocolClient (GrpcClientProtocolClient.java:onNext(255)) - client-391BA870FC40->947ec526-030f-41cc-8af7-a6f75e712ab0: receive RaftClientReply:client-391BA870FC40->947ec526-030f-41cc-8af7-a6f75e712ab0@group-5D45C35602B2, cid=3141, SUCCESS, logIndex=0, commits[947ec526-030f-41cc-8af7-a6f75e712ab0:c4720, c447b9b6-dde2-4ce7-aa81-d0e2eddc8fe9:c4717, 28b540ac-241d-462a-a56c-509e92928066:c4717]
2019-08-20 22:34:51,659 | INFO  | SCMAudit | user=jenkins1000 | ip=192.168.5.142 | op=ALLOCATE_BLOCK {owner=6f694d07-2a2f-44d9-8e1c-aaa094a2f647, size=4194304, type=RATIS, factor=THREE} | ret=SUCCESS |  
2019-08-20 22:34:51,663 | INFO  | OMAudit | user=jenkins1000 | ip=127.0.0.1 | op=ALLOCATE_BLOCK {volume=vol-0-80747, bucket=bucket-0-27686, key=key-0-47435, dataSize=0, replicationType=null, replicationFactor=null, keyLocationInfo=null, clientID=102651687805452690} | ret=SUCCESS |  
2019-08-20 22:34:51,671 | INFO  | DNAudit | user=null | ip=null | op=WRITE_CHUNK {blockData=conID: 3 locID: 102651690461364882 bcsId: 0} | ret=SUCCESS |  
2019-08-20 22:34:51,673 | INFO  | DNAudit | user=null | ip=null | op=WRITE_CHUNK {blockData=conID: 3 locID: 102651690461364882 bcsId: 0} | ret=SUCCESS |  
2019-08-20 22:34:51,673 | INFO  | DNAudit | user=null | ip=null | op=WRITE_CHUNK {blockData=conID: 3 locID: 102651690461364882 bcsId: 0} | ret=SUCCESS |  
2019-08-20 22:34:51,674 | INFO  | DNAudit | user=null | ip=null | op=WRITE_CHUNK {blockData=conID: 3 locID: 102651690461364882 bcsId: 0} | ret=SUCCESS |  
2019-08-20 22:34:51,676 | INFO  | DNAudit | user=null | ip=null | op=WRITE_CHUNK {blockData=conID: 3 locID: 102651690461364882 bcsId: 0} | ret=SUCCESS |  
2019-08-20 22:34:51,677 | INFO  | DNAudit | user=null | ip=null | op=WRITE_CHUNK {blockData=conID: 3 locID: 102651690461364882 bcsId: 0} | ret=SUCCESS |  
2019-08-20 22:34:51,677 | INFO  | DNAudit | user=null | ip=null | op=WRITE_CHUNK {blockData=conID: 3 locID: 102651690461364882 bcsId: 0} | ret=SUCCESS |  
2019-08-20 22:34:51,677 | INFO  | DNAudit | user=null | ip=null | op=PUT_BLOCK {blockData=[blockId=conID: 3 locID: 102651690461364882 bcsId: 0,size=1048576]} | ret=SUCCESS |  
2019-08-20 22:34:51,678 | INFO  | DNAudit | user=null | ip=null | op=WRITE_CHUNK {blockData=conID: 3 locID: 102651690461364882 bcsId: 0} | ret=SUCCESS |  
2019-08-20 22:34:51,678 [grpc-default-executor-2] INFO  client.GrpcClientProtocolClient (GrpcClientProtocolClient.java:onNext(255)) - client-391BA870FC40->947ec526-030f-41cc-8af7-a6f75e712ab0: receive RaftClientReply:client-391BA870FC40->947ec526-030f-41cc-8af7-a6f75e712ab0@group-5D45C35602B2, cid=3142, SUCCESS, logIndex=4721, commits[947ec526-030f-41cc-8af7-a6f75e712ab0:c4722, c447b9b6-dde2-4ce7-aa81-d0e2eddc8fe9:c4720, 28b540ac-241d-462a-a56c-509e92928066:c4720]
2019-08-20 22:34:51,678 | INFO  | DNAudit | user=null | ip=null | op=PUT_BLOCK {blockData=[blockId=conID: 3 locID: 102651690461364882 bcsId: 0,size=2097152]} | ret=SUCCESS |  
2019-08-20 22:34:51,678 [grpc-default-executor-2] INFO  client.GrpcClientProtocolClient (GrpcClientProtocolClient.java:onNext(255)) - client-391BA870FC40->947ec526-030f-41cc-8af7-a6f75e712ab0: receive RaftClientReply:client-391BA870FC40->947ec526-030f-41cc-8af7-a6f75e712ab0@group-5D45C35602B2, cid=3143, SUCCESS, logIndex=4722, commits[947ec526-030f-41cc-8af7-a6f75e712ab0:c4722, c447b9b6-dde2-4ce7-aa81-d0e2eddc8fe9:c4720, 28b540ac-241d-462a-a56c-509e92928066:c4720]
2019-08-20 22:34:51,679 [grpc-default-executor-2] INFO  client.GrpcClientProtocolClient (GrpcClientProtocolClient.java:onNext(255)) - client-391BA870FC40->947ec526-030f-41cc-8af7-a6f75e712ab0: receive RaftClientReply:client-391BA870FC40->947ec526-030f-41cc-8af7-a6f75e712ab0@group-5D45C35602B2, cid=3144, SUCCESS, logIndex=4723, commits[947ec526-030f-41cc-8af7-a6f75e712ab0:c4724, c447b9b6-dde2-4ce7-aa81-d0e2eddc8fe9:c4720, 28b540ac-241d-462a-a56c-509e92928066:c4720]
2019-08-20 22:34:51,679 [grpc-default-executor-2] INFO  client.GrpcClientProtocolClient (GrpcClientProtocolClient.java:onNext(255)) - client-391BA870FC40->947ec526-030f-41cc-8af7-a6f75e712ab0: receive RaftClientReply:client-391BA870FC40->947ec526-030f-41cc-8af7-a6f75e712ab0@group-5D45C35602B2, cid=3145, SUCCESS, logIndex=4724, commits[947ec526-030f-41cc-8af7-a6f75e712ab0:c4724, c447b9b6-dde2-4ce7-aa81-d0e2eddc8fe9:c4720, 28b540ac-241d-462a-a56c-509e92928066:c4720]
2019-08-20 22:34:51,680 | INFO  | DNAudit | user=null | ip=null | op=WRITE_CHUNK {blockData=conID: 3 locID: 102651690461364882 bcsId: 0} | ret=SUCCESS |  
2019-08-20 22:34:51,680 | INFO  | DNAudit | user=null | ip=null | op=PUT_BLOCK {blockData=[blockId=conID: 3 locID: 102651690461364882 bcsId: 0,size=1048576]} | ret=SUCCESS |  
2019-08-20 22:34:51,680 | INFO  | DNAudit | user=null | ip=null | op=WRITE_CHUNK {blockData=conID: 3 locID: 102651690461364882 bcsId: 0} | ret=SUCCESS |  
2019-08-20 22:34:51,693 | INFO  | DNAudit | user=null | ip=null | op=PUT_BLOCK {blockData=[blockId=conID: 3 locID: 102651690461364882 bcsId: 0,size=1048576]} | ret=SUCCESS |  
2019-08-20 22:34:51,693 | INFO  | DNAudit | user=null | ip=null | op=WRITE_CHUNK {blockData=conID: 3 locID: 102651690461364882 bcsId: 0} | ret=SUCCESS |  
2019-08-20 22:34:51,693 | INFO  | DNAudit | user=null | ip=null | op=WRITE_CHUNK {blockData=conID: 3 locID: 102651690461364882 bcsId: 0} | ret=SUCCESS |  
2019-08-20 22:34:51,693 | INFO  | DNAudit | user=null | ip=null | op=PUT_BLOCK {blockData=[blockId=conID: 3 locID: 102651690461364882 bcsId: 0,size=2097152]} | ret=SUCCESS |  
2019-08-20 22:34:51,693 | INFO  | DNAudit | user=null | ip=null | op=PUT_BLOCK {blockData=[blockId=conID: 3 locID: 102651690461364882 bcsId: 0,size=2097152]} | ret=SUCCESS |  
2019-08-20 22:34:51,694 [grpc-default-executor-3] INFO  client.GrpcClientProtocolClient (GrpcClientProtocolClient.java:onNext(255)) - client-391BA870FC40->947ec526-030f-41cc-8af7-a6f75e712ab0: receive RaftClientReply:client-391BA870FC40->947ec526-030f-41cc-8af7-a6f75e712ab0@group-5D45C35602B2, cid=3146, SUCCESS, logIndex=0, commits[947ec526-030f-41cc-8af7-a6f75e712ab0:c4726, c447b9b6-dde2-4ce7-aa81-d0e2eddc8fe9:c4722, 28b540ac-241d-462a-a56c-509e92928066:c4723]
2019-08-20 22:34:51,702 | INFO  | DNAudit | user=null | ip=null | op=WRITE_CHUNK {blockData=conID: 3 locID: 102651690461364882 bcsId: 4724} | ret=SUCCESS |  
2019-08-20 22:34:51,704 | INFO  | DNAudit | user=null | ip=null | op=WRITE_CHUNK {blockData=conID: 3 locID: 102651690461364882 bcsId: 4724} | ret=SUCCESS |  
2019-08-20 22:34:51,704 | INFO  | DNAudit | user=null | ip=null | op=WRITE_CHUNK {blockData=conID: 3 locID: 102651690461364882 bcsId: 4724} | ret=SUCCESS |  
2019-08-20 22:34:51,717 | INFO  | DNAudit | user=null | ip=null | op=WRITE_CHUNK {blockData=conID: 3 locID: 102651690461364882 bcsId: 4724} | ret=SUCCESS |  
2019-08-20 22:34:51,717 | INFO  | DNAudit | user=null | ip=null | op=PUT_BLOCK {blockData=[blockId=conID: 3 locID: 102651690461364882 bcsId: 0,size=3145728]} | ret=SUCCESS |  
2019-08-20 22:34:51,717 [grpc-default-executor-1] INFO  client.GrpcClientProtocolClient (GrpcClientProtocolClient.java:onNext(255)) - client-391BA870FC40->947ec526-030f-41cc-8af7-a6f75e712ab0: receive RaftClientReply:client-391BA870FC40->947ec526-030f-41cc-8af7-a6f75e712ab0@group-5D45C35602B2, cid=3147, SUCCESS, logIndex=4729, commits[947ec526-030f-41cc-8af7-a6f75e712ab0:c4730, c447b9b6-dde2-4ce7-aa81-d0e2eddc8fe9:c4726, 28b540ac-241d-462a-a56c-509e92928066:c4726]
2019-08-20 22:34:51,718 [grpc-default-executor-1] INFO  client.GrpcClientProtocolClient (GrpcClientProtocolClient.java:onNext(255)) - client-391BA870FC40->947ec526-030f-41cc-8af7-a6f75e712ab0: receive RaftClientReply:client-391BA870FC40->947ec526-030f-41cc-8af7-a6f75e712ab0@group-5D45C35602B2, cid=3148, SUCCESS, logIndex=4730, commits[947ec526-030f-41cc-8af7-a6f75e712ab0:c4730, c447b9b6-dde2-4ce7-aa81-d0e2eddc8fe9:c4726, 28b540ac-241d-462a-a56c-509e92928066:c4726]
2019-08-20 22:34:51,719 | INFO  | DNAudit | user=null | ip=null | op=WRITE_CHUNK {blockData=conID: 3 locID: 102651690461364882 bcsId: 4724} | ret=SUCCESS |  
2019-08-20 22:34:51,719 | INFO  | DNAudit | user=null | ip=null | op=WRITE_CHUNK {blockData=conID: 3 locID: 102651690461364882 bcsId: 4724} | ret=SUCCESS |  
2019-08-20 22:34:51,720 | INFO  | DNAudit | user=null | ip=null | op=PUT_BLOCK {blockData=[blockId=conID: 3 locID: 102651690461364882 bcsId: 0,size=3145728]} | ret=SUCCESS |  
2019-08-20 22:34:51,720 | INFO  | DNAudit | user=null | ip=null | op=PUT_BLOCK {blockData=[blockId=conID: 3 locID: 102651690461364882 bcsId: 0,size=3145728]} | ret=SUCCESS |  
2019-08-20 22:34:51,724 | INFO  | DNAudit | user=null | ip=null | op=WRITE_CHUNK {blockData=conID: 3 locID: 102651690461364882 bcsId: 4730} | ret=SUCCESS |  
2019-08-20 22:34:51,725 | INFO  | DNAudit | user=null | ip=null | op=WRITE_CHUNK {blockData=conID: 3 locID: 102651690461364882 bcsId: 4730} | ret=SUCCESS |  
2019-08-20 22:34:51,725 | INFO  | DNAudit | user=null | ip=null | op=WRITE_CHUNK {blockData=conID: 3 locID: 102651690461364882 bcsId: 4730} | ret=SUCCESS |  
2019-08-20 22:34:51,733 | INFO  | DNAudit | user=null | ip=null | op=WRITE_CHUNK {blockData=conID: 3 locID: 102651690461364882 bcsId: 4730} | ret=SUCCESS |  
2019-08-20 22:34:51,733 | INFO  | DNAudit | user=null | ip=null | op=PUT_BLOCK {blockData=[blockId=conID: 3 locID: 102651690461364882 bcsId: 0,size=4194304]} | ret=SUCCESS |  
2019-08-20 22:34:51,733 [grpc-default-executor-2] INFO  client.GrpcClientProtocolClient (GrpcClientProtocolClient.java:onNext(255)) - client-391BA870FC40->947ec526-030f-41cc-8af7-a6f75e712ab0: receive RaftClientReply:client-391BA870FC40->947ec526-030f-41cc-8af7-a6f75e712ab0@group-5D45C35602B2, cid=3149, SUCCESS, logIndex=4733, commits[947ec526-030f-41cc-8af7-a6f75e712ab0:c4734, c447b9b6-dde2-4ce7-aa81-d0e2eddc8fe9:c4731, 28b540ac-241d-462a-a56c-509e92928066:c4731]
2019-08-20 22:34:51,733 [grpc-default-executor-2] INFO  client.GrpcClientProtocolClient (GrpcClientProtocolClient.java:onNext(255)) - client-391BA870FC40->947ec526-030f-41cc-8af7-a6f75e712ab0: receive RaftClientReply:client-391BA870FC40->947ec526-030f-41cc-8af7-a6f75e712ab0@group-5D45C35602B2, cid=3150, SUCCESS, logIndex=4734, commits[947ec526-030f-41cc-8af7-a6f75e712ab0:c4734, c447b9b6-dde2-4ce7-aa81-d0e2eddc8fe9:c4731, 28b540ac-241d-462a-a56c-509e92928066:c4731]
2019-08-20 22:34:51,744 | INFO  | DNAudit | user=null | ip=null | op=WRITE_CHUNK {blockData=conID: 3 locID: 102651690461364882 bcsId: 4730} | ret=SUCCESS |  
2019-08-20 22:34:51,744 | INFO  | DNAudit | user=null | ip=null | op=WRITE_CHUNK {blockData=conID: 3 locID: 102651690461364882 bcsId: 4730} | ret=SUCCESS |  
2019-08-20 22:34:51,744 | INFO  | DNAudit | user=null | ip=null | op=PUT_BLOCK {blockData=[blockId=conID: 3 locID: 102651690461364882 bcsId: 0,size=4194304]} | ret=SUCCESS |  
2019-08-20 22:34:51,744 | INFO  | DNAudit | user=null | ip=null | op=PUT_BLOCK {blockData=[blockId=conID: 3 locID: 102651690461364882 bcsId: 0,size=4194304]} | ret=SUCCESS |  
2019-08-20 22:34:51,745 [grpc-default-executor-2] INFO  client.GrpcClientProtocolClient (GrpcClientProtocolClient.java:onNext(255)) - client-391BA870FC40->947ec526-030f-41cc-8af7-a6f75e712ab0: receive RaftClientReply:client-391BA870FC40->947ec526-030f-41cc-8af7-a6f75e712ab0@group-5D45C35602B2, cid=3151, SUCCESS, logIndex=0, commits[947ec526-030f-41cc-8af7-a6f75e712ab0:c4735, c447b9b6-dde2-4ce7-aa81-d0e2eddc8fe9:c4734, 28b540ac-241d-462a-a56c-509e92928066:c4734]
2019-08-20 22:34:51,752 | INFO  | SCMAudit | user=jenkins1000 | ip=192.168.5.142 | op=ALLOCATE_BLOCK {owner=6f694d07-2a2f-44d9-8e1c-aaa094a2f647, size=4194304, type=RATIS, factor=THREE} | ret=SUCCESS |  
2019-08-20 22:34:51,756 | INFO  | OMAudit | user=jenkins1000 | ip=127.0.0.1 | op=ALLOCATE_BLOCK {volume=vol-0-80747, bucket=bucket-0-27686, key=key-0-47435, dataSize=0, replicationType=null, replicationFactor=null, keyLocationInfo=null, clientID=102651687805452690} | ret=SUCCESS |  
2019-08-20 22:34:51,763 | INFO  | DNAudit | user=null | ip=null | op=WRITE_CHUNK {blockData=conID: 1 locID: 102651690467459731 bcsId: 0} | ret=SUCCESS |  
2019-08-20 22:34:51,764 | INFO  | DNAudit | user=null | ip=null | op=WRITE_CHUNK {blockData=conID: 1 locID: 102651690467459731 bcsId: 0} | ret=SUCCESS |  
2019-08-20 22:34:51,764 | INFO  | DNAudit | user=null | ip=null | op=WRITE_CHUNK {blockData=conID: 1 locID: 102651690467459731 bcsId: 0} | ret=SUCCESS |  
2019-08-20 22:34:51,766 | INFO  | DNAudit | user=null | ip=null | op=WRITE_CHUNK {blockData=conID: 1 locID: 102651690467459731 bcsId: 0} | ret=SUCCESS |  
2019-08-20 22:34:51,767 | INFO  | DNAudit | user=null | ip=null | op=WRITE_CHUNK {blockData=conID: 1 locID: 102651690467459731 bcsId: 0} | ret=SUCCESS |  
2019-08-20 22:34:51,767 | INFO  | DNAudit | user=null | ip=null | op=WRITE_CHUNK {blockData=conID: 1 locID: 102651690467459731 bcsId: 0} | ret=SUCCESS |  
2019-08-20 22:34:51,787 | INFO  | DNAudit | user=null | ip=null | op=WRITE_CHUNK {blockData=conID: 1 locID: 102651690467459731 bcsId: 0} | ret=SUCCESS |  
2019-08-20 22:34:51,788 | INFO  | DNAudit | user=null | ip=null | op=PUT_BLOCK {blockData=[blockId=conID: 1 locID: 102651690467459731 bcsId: 0,size=1048576]} | ret=SUCCESS |  
2019-08-20 22:34:51,788 | INFO  | DNAudit | user=null | ip=null | op=WRITE_CHUNK {blockData=conID: 1 locID: 102651690467459731 bcsId: 0} | ret=SUCCESS |  
2019-08-20 22:34:51,788 [grpc-default-executor-1] INFO  client.GrpcClientProtocolClient (GrpcClientProtocolClient.java:onNext(255)) - client-391BA870FC40->947ec526-030f-41cc-8af7-a6f75e712ab0: receive RaftClientReply:client-391BA870FC40->947ec526-030f-41cc-8af7-a6f75e712ab0@group-5D45C35602B2, cid=3152, SUCCESS, logIndex=4737, commits[947ec526-030f-41cc-8af7-a6f75e712ab0:c4738, c447b9b6-dde2-4ce7-aa81-d0e2eddc8fe9:c4736, 28b540ac-241d-462a-a56c-509e92928066:c4736]
2019-08-20 22:34:51,789 | INFO  | DNAudit | user=null | ip=null | op=PUT_BLOCK {blockData=[blockId=conID: 1 locID: 102651690467459731 bcsId: 0,size=2097152]} | ret=SUCCESS |  
2019-08-20 22:34:51,789 [grpc-default-executor-1] INFO  client.GrpcClientProtocolClient (GrpcClientProtocolClient.java:onNext(255)) - client-391BA870FC40->947ec526-030f-41cc-8af7-a6f75e712ab0: receive RaftClientReply:client-391BA870FC40->947ec526-030f-41cc-8af7-a6f75e712ab0@group-5D45C35602B2, cid=3153, SUCCESS, logIndex=4738, commits[947ec526-030f-41cc-8af7-a6f75e712ab0:c4738, c447b9b6-dde2-4ce7-aa81-d0e2eddc8fe9:c4736, 28b540ac-241d-462a-a56c-509e92928066:c4736]
2019-08-20 22:34:51,789 [grpc-default-executor-1] INFO  client.GrpcClientProtocolClient (GrpcClientProtocolClient.java:onNext(255)) - client-391BA870FC40->947ec526-030f-41cc-8af7-a6f75e712ab0: receive RaftClientReply:client-391BA870FC40->947ec526-030f-41cc-8af7-a6f75e712ab0@group-5D45C35602B2, cid=3154, SUCCESS, logIndex=4739, commits[947ec526-030f-41cc-8af7-a6f75e712ab0:c4740, c447b9b6-dde2-4ce7-aa81-d0e2eddc8fe9:c4736, 28b540ac-241d-462a-a56c-509e92928066:c4736]
2019-08-20 22:34:51,789 [grpc-default-executor-1] INFO  client.GrpcClientProtocolClient (GrpcClientProtocolClient.java:onNext(255)) - client-391BA870FC40->947ec526-030f-41cc-8af7-a6f75e712ab0: receive RaftClientReply:client-391BA870FC40->947ec526-030f-41cc-8af7-a6f75e712ab0@group-5D45C35602B2, cid=3155, SUCCESS, logIndex=4740, commits[947ec526-030f-41cc-8af7-a6f75e712ab0:c4740, c447b9b6-dde2-4ce7-aa81-d0e2eddc8fe9:c4736, 28b540ac-241d-462a-a56c-509e92928066:c4736]
2019-08-20 22:34:51,802 | INFO  | DNAudit | user=null | ip=null | op=WRITE_CHUNK {blockData=conID: 1 locID: 102651690467459731 bcsId: 0} | ret=SUCCESS |  
2019-08-20 22:34:51,802 | INFO  | DNAudit | user=null | ip=null | op=PUT_BLOCK {blockData=[blockId=conID: 1 locID: 102651690467459731 bcsId: 0,size=1048576]} | ret=SUCCESS |  
2019-08-20 22:34:51,802 | INFO  | DNAudit | user=null | ip=null | op=WRITE_CHUNK {blockData=conID: 1 locID: 102651690467459731 bcsId: 0} | ret=SUCCESS |  
2019-08-20 22:34:51,802 | INFO  | DNAudit | user=null | ip=null | op=PUT_BLOCK {blockData=[blockId=conID: 1 locID: 102651690467459731 bcsId: 0,size=1048576]} | ret=SUCCESS |  
2019-08-20 22:34:51,802 | INFO  | DNAudit | user=null | ip=null | op=WRITE_CHUNK {blockData=conID: 1 locID: 102651690467459731 bcsId: 0} | ret=SUCCESS |  
2019-08-20 22:34:51,803 | INFO  | DNAudit | user=null | ip=null | op=PUT_BLOCK {blockData=[blockId=conID: 1 locID: 102651690467459731 bcsId: 0,size=2097152]} | ret=SUCCESS |  
2019-08-20 22:34:51,803 | INFO  | DNAudit | user=null | ip=null | op=WRITE_CHUNK {blockData=conID: 1 locID: 102651690467459731 bcsId: 0} | ret=SUCCESS |  
2019-08-20 22:34:51,803 | INFO  | DNAudit | user=null | ip=null | op=PUT_BLOCK {blockData=[blockId=conID: 1 locID: 102651690467459731 bcsId: 0,size=2097152]} | ret=SUCCESS |  
2019-08-20 22:34:51,803 [grpc-default-executor-1] INFO  client.GrpcClientProtocolClient (GrpcClientProtocolClient.java:onNext(255)) - client-391BA870FC40->947ec526-030f-41cc-8af7-a6f75e712ab0: receive RaftClientReply:client-391BA870FC40->947ec526-030f-41cc-8af7-a6f75e712ab0@group-5D45C35602B2, cid=3156, SUCCESS, logIndex=0, commits[947ec526-030f-41cc-8af7-a6f75e712ab0:c4742, c447b9b6-dde2-4ce7-aa81-d0e2eddc8fe9:c4738, 28b540ac-241d-462a-a56c-509e92928066:c4738]
2019-08-20 22:34:51,809 | INFO  | DNAudit | user=null | ip=null | op=WRITE_CHUNK {blockData=conID: 1 locID: 102651690467459731 bcsId: 4740} | ret=SUCCESS |  
2019-08-20 22:34:51,810 | INFO  | DNAudit | user=null | ip=null | op=WRITE_CHUNK {blockData=conID: 1 locID: 102651690467459731 bcsId: 4740} | ret=SUCCESS |  
2019-08-20 22:34:51,810 | INFO  | DNAudit | user=null | ip=null | op=WRITE_CHUNK {blockData=conID: 1 locID: 102651690467459731 bcsId: 4740} | ret=SUCCESS |  
2019-08-20 22:34:51,835 | INFO  | DNAudit | user=null | ip=null | op=WRITE_CHUNK {blockData=conID: 1 locID: 102651690467459731 bcsId: 4740} | ret=SUCCESS |  
2019-08-20 22:34:51,836 | INFO  | DNAudit | user=null | ip=null | op=PUT_BLOCK {blockData=[blockId=conID: 1 locID: 102651690467459731 bcsId: 0,size=3145728]} | ret=SUCCESS |  
2019-08-20 22:34:51,836 [grpc-default-executor-5] INFO  client.GrpcClientProtocolClient (GrpcClientProtocolClient.java:onNext(255)) - client-391BA870FC40->947ec526-030f-41cc-8af7-a6f75e712ab0: receive RaftClientReply:client-391BA870FC40->947ec526-030f-41cc-8af7-a6f75e712ab0@group-5D45C35602B2, cid=3157, SUCCESS, logIndex=4744, commits[947ec526-030f-41cc-8af7-a6f75e712ab0:c4745, c447b9b6-dde2-4ce7-aa81-d0e2eddc8fe9:c4743, 28b540ac-241d-462a-a56c-509e92928066:c4743]
2019-08-20 22:34:51,836 [grpc-default-executor-5] INFO  client.GrpcClientProtocolClient (GrpcClientProtocolClient.java:onNext(255)) - client-391BA870FC40->947ec526-030f-41cc-8af7-a6f75e712ab0: receive RaftClientReply:client-391BA870FC40->947ec526-030f-41cc-8af7-a6f75e712ab0@group-5D45C35602B2, cid=3158, SUCCESS, logIndex=4745, commits[947ec526-030f-41cc-8af7-a6f75e712ab0:c4745, c447b9b6-dde2-4ce7-aa81-d0e2eddc8fe9:c4743, 28b540ac-241d-462a-a56c-509e92928066:c4743]
2019-08-20 22:34:51,842 | INFO  | DNAudit | user=null | ip=null | op=WRITE_CHUNK {blockData=conID: 1 locID: 102651690467459731 bcsId: 4745} | ret=SUCCESS |  
2019-08-20 22:34:51,844 | INFO  | DNAudit | user=null | ip=null | op=WRITE_CHUNK {blockData=conID: 1 locID: 102651690467459731 bcsId: 4745} | ret=SUCCESS |  
2019-08-20 22:34:51,844 | INFO  | DNAudit | user=null | ip=null | op=WRITE_CHUNK {blockData=conID: 1 locID: 102651690467459731 bcsId: 4745} | ret=SUCCESS |  
2019-08-20 22:34:51,847 | INFO  | DNAudit | user=null | ip=null | op=WRITE_CHUNK {blockData=conID: 1 locID: 102651690467459731 bcsId: 4740} | ret=SUCCESS |  
2019-08-20 22:34:51,847 | INFO  | DNAudit | user=null | ip=null | op=WRITE_CHUNK {blockData=conID: 1 locID: 102651690467459731 bcsId: 4740} | ret=SUCCESS |  
2019-08-20 22:34:51,848 | INFO  | DNAudit | user=null | ip=null | op=PUT_BLOCK {blockData=[blockId=conID: 1 locID: 102651690467459731 bcsId: 0,size=3145728]} | ret=SUCCESS |  
2019-08-20 22:34:51,849 | INFO  | DNAudit | user=null | ip=null | op=PUT_BLOCK {blockData=[blockId=conID: 1 locID: 102651690467459731 bcsId: 0,size=3145728]} | ret=SUCCESS |  
2019-08-20 22:34:51,849 | INFO  | DNAudit | user=null | ip=null | op=WRITE_CHUNK {blockData=conID: 1 locID: 102651690467459731 bcsId: 4745} | ret=SUCCESS |  
2019-08-20 22:34:51,850 | INFO  | DNAudit | user=null | ip=null | op=PUT_BLOCK {blockData=[blockId=conID: 1 locID: 102651690467459731 bcsId: 0,size=4194304]} | ret=SUCCESS |  
2019-08-20 22:34:51,850 [grpc-default-executor-5] INFO  client.GrpcClientProtocolClient (GrpcClientProtocolClient.java:onNext(255)) - client-391BA870FC40->947ec526-030f-41cc-8af7-a6f75e712ab0: receive RaftClientReply:client-391BA870FC40->947ec526-030f-41cc-8af7-a6f75e712ab0@group-5D45C35602B2, cid=3159, SUCCESS, logIndex=4748, commits[947ec526-030f-41cc-8af7-a6f75e712ab0:c4749, c447b9b6-dde2-4ce7-aa81-d0e2eddc8fe9:c4745, 28b540ac-241d-462a-a56c-509e92928066:c4745]
2019-08-20 22:34:51,850 [grpc-default-executor-5] INFO  client.GrpcClientProtocolClient (GrpcClientProtocolClient.java:onNext(255)) - client-391BA870FC40->947ec526-030f-41cc-8af7-a6f75e712ab0: receive RaftClientReply:client-391BA870FC40->947ec526-030f-41cc-8af7-a6f75e712ab0@group-5D45C35602B2, cid=3160, SUCCESS, logIndex=4749, commits[947ec526-030f-41cc-8af7-a6f75e712ab0:c4749, c447b9b6-dde2-4ce7-aa81-d0e2eddc8fe9:c4745, 28b540ac-241d-462a-a56c-509e92928066:c4745]
2019-08-20 22:34:51,863 | INFO  | DNAudit | user=null | ip=null | op=WRITE_CHUNK {blockData=conID: 1 locID: 102651690467459731 bcsId: 4745} | ret=SUCCESS |  
2019-08-20 22:34:51,863 | INFO  | DNAudit | user=null | ip=null | op=WRITE_CHUNK {blockData=conID: 1 locID: 102651690467459731 bcsId: 4745} | ret=SUCCESS |  
2019-08-20 22:34:51,863 | INFO  | DNAudit | user=null | ip=null | op=PUT_BLOCK {blockData=[blockId=conID: 1 locID: 102651690467459731 bcsId: 0,size=4194304]} | ret=SUCCESS |  
2019-08-20 22:34:51,863 | INFO  | DNAudit | user=null | ip=null | op=PUT_BLOCK {blockData=[blockId=conID: 1 locID: 102651690467459731 bcsId: 0,size=4194304]} | ret=SUCCESS |  
2019-08-20 22:34:51,863 [grpc-default-executor-5] INFO  client.GrpcClientProtocolClient (GrpcClientProtocolClient.java:onNext(255)) - client-391BA870FC40->947ec526-030f-41cc-8af7-a6f75e712ab0: receive RaftClientReply:client-391BA870FC40->947ec526-030f-41cc-8af7-a6f75e712ab0@group-5D45C35602B2, cid=3161, SUCCESS, logIndex=0, commits[947ec526-030f-41cc-8af7-a6f75e712ab0:c4750, c447b9b6-dde2-4ce7-aa81-d0e2eddc8fe9:c4749, 28b540ac-241d-462a-a56c-509e92928066:c4749]
2019-08-20 22:34:51,868 | INFO  | SCMAudit | user=jenkins1000 | ip=192.168.5.142 | op=ALLOCATE_BLOCK {owner=6f694d07-2a2f-44d9-8e1c-aaa094a2f647, size=4194304, type=RATIS, factor=THREE} | ret=SUCCESS |  
2019-08-20 22:34:51,871 | INFO  | OMAudit | user=jenkins1000 | ip=127.0.0.1 | op=ALLOCATE_BLOCK {volume=vol-0-80747, bucket=bucket-0-27686, key=key-0-47435, dataSize=0, replicationType=null, replicationFactor=null, keyLocationInfo=null, clientID=102651687805452690} | ret=SUCCESS |  
2019-08-20 22:34:51,877 | INFO  | DNAudit | user=null | ip=null | op=WRITE_CHUNK {blockData=conID: 2 locID: 102651690475061908 bcsId: 0} | ret=SUCCESS |  
2019-08-20 22:34:51,879 | INFO  | DNAudit | user=null | ip=null | op=WRITE_CHUNK {blockData=conID: 2 locID: 102651690475061908 bcsId: 0} | ret=SUCCESS |  
2019-08-20 22:34:51,879 | INFO  | DNAudit | user=null | ip=null | op=WRITE_CHUNK {blockData=conID: 2 locID: 102651690475061908 bcsId: 0} | ret=SUCCESS |  
2019-08-20 22:34:51,880 | INFO  | DNAudit | user=null | ip=null | op=WRITE_CHUNK {blockData=conID: 2 locID: 102651690475061908 bcsId: 0} | ret=SUCCESS |  
2019-08-20 22:34:51,881 | INFO  | DNAudit | user=null | ip=null | op=WRITE_CHUNK {blockData=conID: 2 locID: 102651690475061908 bcsId: 0} | ret=SUCCESS |  
2019-08-20 22:34:51,882 | INFO  | DNAudit | user=null | ip=null | op=WRITE_CHUNK {blockData=conID: 2 locID: 102651690475061908 bcsId: 0} | ret=SUCCESS |  
2019-08-20 22:34:51,888 | INFO  | DNAudit | user=null | ip=null | op=WRITE_CHUNK {blockData=conID: 2 locID: 102651690475061908 bcsId: 0} | ret=SUCCESS |  
2019-08-20 22:34:51,888 | INFO  | DNAudit | user=null | ip=null | op=PUT_BLOCK {blockData=[blockId=conID: 2 locID: 102651690475061908 bcsId: 0,size=1048576]} | ret=SUCCESS |  
2019-08-20 22:34:51,888 [grpc-default-executor-1] INFO  client.GrpcClientProtocolClient (GrpcClientProtocolClient.java:onNext(255)) - client-391BA870FC40->947ec526-030f-41cc-8af7-a6f75e712ab0: receive RaftClientReply:client-391BA870FC40->947ec526-030f-41cc-8af7-a6f75e712ab0@group-5D45C35602B2, cid=3162, SUCCESS, logIndex=4751, commits[947ec526-030f-41cc-8af7-a6f75e712ab0:c4752, c447b9b6-dde2-4ce7-aa81-d0e2eddc8fe9:c4750, 28b540ac-241d-462a-a56c-509e92928066:c4750]
2019-08-20 22:34:51,889 | INFO  | DNAudit | user=null | ip=null | op=WRITE_CHUNK {blockData=conID: 2 locID: 102651690475061908 bcsId: 0} | ret=SUCCESS |  
2019-08-20 22:34:51,889 [grpc-default-executor-5] INFO  client.GrpcClientProtocolClient (GrpcClientProtocolClient.java:onNext(255)) - client-391BA870FC40->947ec526-030f-41cc-8af7-a6f75e712ab0: receive RaftClientReply:client-391BA870FC40->947ec526-030f-41cc-8af7-a6f75e712ab0@group-5D45C35602B2, cid=3163, SUCCESS, logIndex=4752, commits[947ec526-030f-41cc-8af7-a6f75e712ab0:c4752, c447b9b6-dde2-4ce7-aa81-d0e2eddc8fe9:c4750, 28b540ac-241d-462a-a56c-509e92928066:c4750]
2019-08-20 22:34:51,889 | INFO  | DNAudit | user=null | ip=null | op=PUT_BLOCK {blockData=[blockId=conID: 2 locID: 102651690475061908 bcsId: 0,size=2097152]} | ret=SUCCESS |  
2019-08-20 22:34:51,889 [grpc-default-executor-5] INFO  client.GrpcClientProtocolClient (GrpcClientProtocolClient.java:onNext(255)) - client-391BA870FC40->947ec526-030f-41cc-8af7-a6f75e712ab0: receive RaftClientReply:client-391BA870FC40->947ec526-030f-41cc-8af7-a6f75e712ab0@group-5D45C35602B2, cid=3164, SUCCESS, logIndex=4753, commits[947ec526-030f-41cc-8af7-a6f75e712ab0:c4754, c447b9b6-dde2-4ce7-aa81-d0e2eddc8fe9:c4750, 28b540ac-241d-462a-a56c-509e92928066:c4750]
2019-08-20 22:34:51,889 [grpc-default-executor-5] INFO  client.GrpcClientProtocolClient (GrpcClientProtocolClient.java:onNext(255)) - client-391BA870FC40->947ec526-030f-41cc-8af7-a6f75e712ab0: receive RaftClientReply:client-391BA870FC40->947ec526-030f-41cc-8af7-a6f75e712ab0@group-5D45C35602B2, cid=3165, SUCCESS, logIndex=4754, commits[947ec526-030f-41cc-8af7-a6f75e712ab0:c4754, c447b9b6-dde2-4ce7-aa81-d0e2eddc8fe9:c4750, 28b540ac-241d-462a-a56c-509e92928066:c4750]
2019-08-20 22:34:51,902 | INFO  | DNAudit | user=null | ip=null | op=WRITE_CHUNK {blockData=conID: 2 locID: 102651690475061908 bcsId: 0} | ret=SUCCESS |  
2019-08-20 22:34:51,902 | INFO  | DNAudit | user=null | ip=null | op=PUT_BLOCK {blockData=[blockId=conID: 2 locID: 102651690475061908 bcsId: 0,size=1048576]} | ret=SUCCESS |  
2019-08-20 22:34:51,904 | INFO  | DNAudit | user=null | ip=null | op=WRITE_CHUNK {blockData=conID: 2 locID: 102651690475061908 bcsId: 0} | ret=SUCCESS |  
2019-08-20 22:34:51,904 | INFO  | DNAudit | user=null | ip=null | op=PUT_BLOCK {blockData=[blockId=conID: 2 locID: 102651690475061908 bcsId: 0,size=1048576]} | ret=SUCCESS |  
2019-08-20 22:34:51,904 | INFO  | DNAudit | user=null | ip=null | op=WRITE_CHUNK {blockData=conID: 2 locID: 102651690475061908 bcsId: 0} | ret=SUCCESS |  
2019-08-20 22:34:51,904 [grpc-default-executor-5] INFO  client.GrpcClientProtocolClient (GrpcClientProtocolClient.java:onNext(255)) - client-391BA870FC40->947ec526-030f-41cc-8af7-a6f75e712ab0: receive RaftClientReply:client-391BA870FC40->947ec526-030f-41cc-8af7-a6f75e712ab0@group-5D45C35602B2, cid=3166, SUCCESS, logIndex=0, commits[947ec526-030f-41cc-8af7-a6f75e712ab0:c4756, c447b9b6-dde2-4ce7-aa81-d0e2eddc8fe9:c4752, 28b540ac-241d-462a-a56c-509e92928066:c4752]
2019-08-20 22:34:51,904 | INFO  | DNAudit | user=null | ip=null | op=PUT_BLOCK {blockData=[blockId=conID: 2 locID: 102651690475061908 bcsId: 0,size=2097152]} | ret=SUCCESS |  
2019-08-20 22:34:51,909 | INFO  | DNAudit | user=null | ip=null | op=WRITE_CHUNK {blockData=conID: 2 locID: 102651690475061908 bcsId: 4754} | ret=SUCCESS |  
2019-08-20 22:34:51,911 | INFO  | DNAudit | user=null | ip=null | op=WRITE_CHUNK {blockData=conID: 2 locID: 102651690475061908 bcsId: 4754} | ret=SUCCESS |  
2019-08-20 22:34:51,911 | INFO  | DNAudit | user=null | ip=null | op=WRITE_CHUNK {blockData=conID: 2 locID: 102651690475061908 bcsId: 4754} | ret=SUCCESS |  
2019-08-20 22:34:51,915 | INFO  | DNAudit | user=null | ip=null | op=WRITE_CHUNK {blockData=conID: 2 locID: 102651690475061908 bcsId: 0} | ret=SUCCESS |  
2019-08-20 22:34:51,915 | INFO  | DNAudit | user=null | ip=null | op=PUT_BLOCK {blockData=[blockId=conID: 2 locID: 102651690475061908 bcsId: 0,size=2097152]} | ret=SUCCESS |  
2019-08-20 22:34:51,915 | INFO  | DNAudit | user=null | ip=null | op=WRITE_CHUNK {blockData=conID: 2 locID: 102651690475061908 bcsId: 4754} | ret=SUCCESS |  
2019-08-20 22:34:51,916 | INFO  | DNAudit | user=null | ip=null | op=PUT_BLOCK {blockData=[blockId=conID: 2 locID: 102651690475061908 bcsId: 0,size=3145728]} | ret=SUCCESS |  
2019-08-20 22:34:51,916 [grpc-default-executor-2] INFO  client.GrpcClientProtocolClient (GrpcClientProtocolClient.java:onNext(255)) - client-391BA870FC40->947ec526-030f-41cc-8af7-a6f75e712ab0: receive RaftClientReply:client-391BA870FC40->947ec526-030f-41cc-8af7-a6f75e712ab0@group-5D45C35602B2, cid=3167, SUCCESS, logIndex=4759, commits[947ec526-030f-41cc-8af7-a6f75e712ab0:c4760, c447b9b6-dde2-4ce7-aa81-d0e2eddc8fe9:c4754, 28b540ac-241d-462a-a56c-509e92928066:c4758]
2019-08-20 22:34:51,916 [grpc-default-executor-2] INFO  client.GrpcClientProtocolClient (GrpcClientProtocolClient.java:onNext(255)) - client-391BA870FC40->947ec526-030f-41cc-8af7-a6f75e712ab0: receive RaftClientReply:client-391BA870FC40->947ec526-030f-41cc-8af7-a6f75e712ab0@group-5D45C35602B2, cid=3168, SUCCESS, logIndex=4760, commits[947ec526-030f-41cc-8af7-a6f75e712ab0:c4760, c447b9b6-dde2-4ce7-aa81-d0e2eddc8fe9:c4758, 28b540ac-241d-462a-a56c-509e92928066:c4758]
2019-08-20 22:34:51,918 | INFO  | DNAudit | user=null | ip=null | op=WRITE_CHUNK {blockData=conID: 2 locID: 102651690475061908 bcsId: 4754} | ret=SUCCESS |  
2019-08-20 22:34:51,918 | INFO  | DNAudit | user=null | ip=null | op=WRITE_CHUNK {blockData=conID: 2 locID: 102651690475061908 bcsId: 4754} | ret=SUCCESS |  
2019-08-20 22:34:51,918 | INFO  | DNAudit | user=null | ip=null | op=PUT_BLOCK {blockData=[blockId=conID: 2 locID: 102651690475061908 bcsId: 0,size=3145728]} | ret=SUCCESS |  
2019-08-20 22:34:51,918 | INFO  | DNAudit | user=null | ip=null | op=PUT_BLOCK {blockData=[blockId=conID: 2 locID: 102651690475061908 bcsId: 0,size=3145728]} | ret=SUCCESS |  
2019-08-20 22:34:51,922 | INFO  | DNAudit | user=null | ip=null | op=WRITE_CHUNK {blockData=conID: 2 locID: 102651690475061908 bcsId: 4760} | ret=SUCCESS |  
2019-08-20 22:34:51,923 | INFO  | DNAudit | user=null | ip=null | op=WRITE_CHUNK {blockData=conID: 2 locID: 102651690475061908 bcsId: 4760} | ret=SUCCESS |  
2019-08-20 22:34:51,924 | INFO  | DNAudit | user=null | ip=null | op=WRITE_CHUNK {blockData=conID: 2 locID: 102651690475061908 bcsId: 4760} | ret=SUCCESS |  
2019-08-20 22:34:51,933 | INFO  | DNAudit | user=null | ip=null | op=WRITE_CHUNK {blockData=conID: 2 locID: 102651690475061908 bcsId: 4760} | ret=SUCCESS |  
2019-08-20 22:34:51,933 | INFO  | DNAudit | user=null | ip=null | op=PUT_BLOCK {blockData=[blockId=conID: 2 locID: 102651690475061908 bcsId: 0,size=4194304]} | ret=SUCCESS |  
2019-08-20 22:34:51,933 [grpc-default-executor-5] INFO  client.GrpcClientProtocolClient (GrpcClientProtocolClient.java:onNext(255)) - client-391BA870FC40->947ec526-030f-41cc-8af7-a6f75e712ab0: receive RaftClientReply:client-391BA870FC40->947ec526-030f-41cc-8af7-a6f75e712ab0@group-5D45C35602B2, cid=3169, SUCCESS, logIndex=4763, commits[947ec526-030f-41cc-8af7-a6f75e712ab0:c4764, c447b9b6-dde2-4ce7-aa81-d0e2eddc8fe9:c4761, 28b540ac-241d-462a-a56c-509e92928066:c4761]
2019-08-20 22:34:51,933 [grpc-default-executor-5] INFO  client.GrpcClientProtocolClient (GrpcClientProtocolClient.java:onNext(255)) - client-391BA870FC40->947ec526-030f-41cc-8af7-a6f75e712ab0: receive RaftClientReply:client-391BA870FC40->947ec526-030f-41cc-8af7-a6f75e712ab0@group-5D45C35602B2, cid=3170, SUCCESS, logIndex=4764, commits[947ec526-030f-41cc-8af7-a6f75e712ab0:c4764, c447b9b6-dde2-4ce7-aa81-d0e2eddc8fe9:c4761, 28b540ac-241d-462a-a56c-509e92928066:c4761]
2019-08-20 22:34:51,947 | INFO  | DNAudit | user=null | ip=null | op=WRITE_CHUNK {blockData=conID: 2 locID: 102651690475061908 bcsId: 4760} | ret=SUCCESS |  
2019-08-20 22:34:51,947 | INFO  | DNAudit | user=null | ip=null | op=WRITE_CHUNK {blockData=conID: 2 locID: 102651690475061908 bcsId: 4760} | ret=SUCCESS |  
2019-08-20 22:34:51,949 | INFO  | DNAudit | user=null | ip=null | op=PUT_BLOCK {blockData=[blockId=conID: 2 locID: 102651690475061908 bcsId: 0,size=4194304]} | ret=SUCCESS |  
2019-08-20 22:34:51,949 | INFO  | DNAudit | user=null | ip=null | op=PUT_BLOCK {blockData=[blockId=conID: 2 locID: 102651690475061908 bcsId: 0,size=4194304]} | ret=SUCCESS |  
2019-08-20 22:34:51,950 [grpc-default-executor-5] INFO  client.GrpcClientProtocolClient (GrpcClientProtocolClient.java:onNext(255)) - client-391BA870FC40->947ec526-030f-41cc-8af7-a6f75e712ab0: receive RaftClientReply:client-391BA870FC40->947ec526-030f-41cc-8af7-a6f75e712ab0@group-5D45C35602B2, cid=3171, SUCCESS, logIndex=0, commits[947ec526-030f-41cc-8af7-a6f75e712ab0:c4766, c447b9b6-dde2-4ce7-aa81-d0e2eddc8fe9:c4764, 28b540ac-241d-462a-a56c-509e92928066:c4764]
2019-08-20 22:34:51,954 | INFO  | SCMAudit | user=jenkins1000 | ip=192.168.5.142 | op=ALLOCATE_BLOCK {owner=6f694d07-2a2f-44d9-8e1c-aaa094a2f647, size=4194304, type=RATIS, factor=THREE} | ret=SUCCESS |  
2019-08-20 22:34:51,958 | INFO  | OMAudit | user=jenkins1000 | ip=127.0.0.1 | op=ALLOCATE_BLOCK {volume=vol-0-80747, bucket=bucket-0-27686, key=key-0-47435, dataSize=0, replicationType=null, replicationFactor=null, keyLocationInfo=null, clientID=102651687805452690} | ret=SUCCESS |  
2019-08-20 22:34:51,964 | INFO  | DNAudit | user=null | ip=null | op=WRITE_CHUNK {blockData=conID: 3 locID: 102651690480698005 bcsId: 0} | ret=SUCCESS |  
2019-08-20 22:34:51,966 | INFO  | DNAudit | user=null | ip=null | op=WRITE_CHUNK {blockData=conID: 3 locID: 102651690480698005 bcsId: 0} | ret=SUCCESS |  
2019-08-20 22:34:51,966 | INFO  | DNAudit | user=null | ip=null | op=WRITE_CHUNK {blockData=conID: 3 locID: 102651690480698005 bcsId: 0} | ret=SUCCESS |  
2019-08-20 22:34:51,966 | INFO  | DNAudit | user=null | ip=null | op=WRITE_CHUNK {blockData=conID: 3 locID: 102651690480698005 bcsId: 0} | ret=SUCCESS |  
2019-08-20 22:34:51,967 | INFO  | DNAudit | user=null | ip=null | op=WRITE_CHUNK {blockData=conID: 3 locID: 102651690480698005 bcsId: 0} | ret=SUCCESS |  
2019-08-20 22:34:51,967 | INFO  | DNAudit | user=null | ip=null | op=WRITE_CHUNK {blockData=conID: 3 locID: 102651690480698005 bcsId: 0} | ret=SUCCESS |  
2019-08-20 22:34:51,969 | INFO  | DNAudit | user=null | ip=null | op=WRITE_CHUNK {blockData=conID: 3 locID: 102651690480698005 bcsId: 0} | ret=SUCCESS |  
2019-08-20 22:34:51,969 | INFO  | DNAudit | user=null | ip=null | op=PUT_BLOCK {blockData=[blockId=conID: 3 locID: 102651690480698005 bcsId: 0,size=1048576]} | ret=SUCCESS |  
2019-08-20 22:34:51,969 | INFO  | DNAudit | user=null | ip=null | op=WRITE_CHUNK {blockData=conID: 3 locID: 102651690480698005 bcsId: 0} | ret=SUCCESS |  
2019-08-20 22:34:51,969 [grpc-default-executor-3] INFO  client.GrpcClientProtocolClient (GrpcClientProtocolClient.java:onNext(255)) - client-391BA870FC40->947ec526-030f-41cc-8af7-a6f75e712ab0: receive RaftClientReply:client-391BA870FC40->947ec526-030f-41cc-8af7-a6f75e712ab0@group-5D45C35602B2, cid=3172, SUCCESS, logIndex=4767, commits[947ec526-030f-41cc-8af7-a6f75e712ab0:c4770, c447b9b6-dde2-4ce7-aa81-d0e2eddc8fe9:c4766, 28b540ac-241d-462a-a56c-509e92928066:c4764]
2019-08-20 22:34:51,970 | INFO  | DNAudit | user=null | ip=null | op=PUT_BLOCK {blockData=[blockId=conID: 3 locID: 102651690480698005 bcsId: 0,size=2097152]} | ret=SUCCESS |  
2019-08-20 22:34:51,970 [grpc-default-executor-3] INFO  client.GrpcClientProtocolClient (GrpcClientProtocolClient.java:onNext(255)) - client-391BA870FC40->947ec526-030f-41cc-8af7-a6f75e712ab0: receive RaftClientReply:client-391BA870FC40->947ec526-030f-41cc-8af7-a6f75e712ab0@group-5D45C35602B2, cid=3173, SUCCESS, logIndex=4768, commits[947ec526-030f-41cc-8af7-a6f75e712ab0:c4770, c447b9b6-dde2-4ce7-aa81-d0e2eddc8fe9:c4766, 28b540ac-241d-462a-a56c-509e92928066:c4766]
2019-08-20 22:34:51,970 [grpc-default-executor-3] INFO  client.GrpcClientProtocolClient (GrpcClientProtocolClient.java:onNext(255)) - client-391BA870FC40->947ec526-030f-41cc-8af7-a6f75e712ab0: receive RaftClientReply:client-391BA870FC40->947ec526-030f-41cc-8af7-a6f75e712ab0@group-5D45C35602B2, cid=3174, SUCCESS, logIndex=4769, commits[947ec526-030f-41cc-8af7-a6f75e712ab0:c4770, c447b9b6-dde2-4ce7-aa81-d0e2eddc8fe9:c4766, 28b540ac-241d-462a-a56c-509e92928066:c4766]
2019-08-20 22:34:51,970 [grpc-default-executor-3] INFO  client.GrpcClientProtocolClient (GrpcClientProtocolClient.java:onNext(255)) - client-391BA870FC40->947ec526-030f-41cc-8af7-a6f75e712ab0: receive RaftClientReply:client-391BA870FC40->947ec526-030f-41cc-8af7-a6f75e712ab0@group-5D45C35602B2, cid=3175, SUCCESS, logIndex=4770, commits[947ec526-030f-41cc-8af7-a6f75e712ab0:c4770, c447b9b6-dde2-4ce7-aa81-d0e2eddc8fe9:c4766, 28b540ac-241d-462a-a56c-509e92928066:c4766]
2019-08-20 22:34:51,970 | INFO  | DNAudit | user=null | ip=null | op=WRITE_CHUNK {blockData=conID: 3 locID: 102651690480698005 bcsId: 0} | ret=SUCCESS |  
2019-08-20 22:34:51,972 | INFO  | DNAudit | user=null | ip=null | op=WRITE_CHUNK {blockData=conID: 3 locID: 102651690480698005 bcsId: 0} | ret=SUCCESS |  
2019-08-20 22:34:51,972 | INFO  | DNAudit | user=null | ip=null | op=PUT_BLOCK {blockData=[blockId=conID: 3 locID: 102651690480698005 bcsId: 0,size=1048576]} | ret=SUCCESS |  
2019-08-20 22:34:51,973 | INFO  | DNAudit | user=null | ip=null | op=WRITE_CHUNK {blockData=conID: 3 locID: 102651690480698005 bcsId: 0} | ret=SUCCESS |  
2019-08-20 22:34:51,973 | INFO  | DNAudit | user=null | ip=null | op=PUT_BLOCK {blockData=[blockId=conID: 3 locID: 102651690480698005 bcsId: 0,size=2097152]} | ret=SUCCESS |  
2019-08-20 22:34:51,983 | INFO  | DNAudit | user=null | ip=null | op=PUT_BLOCK {blockData=[blockId=conID: 3 locID: 102651690480698005 bcsId: 0,size=1048576]} | ret=SUCCESS |  
2019-08-20 22:34:51,983 | INFO  | DNAudit | user=null | ip=null | op=WRITE_CHUNK {blockData=conID: 3 locID: 102651690480698005 bcsId: 0} | ret=SUCCESS |  
2019-08-20 22:34:51,984 | INFO  | DNAudit | user=null | ip=null | op=PUT_BLOCK {blockData=[blockId=conID: 3 locID: 102651690480698005 bcsId: 0,size=2097152]} | ret=SUCCESS |  
2019-08-20 22:34:51,984 [grpc-default-executor-3] INFO  client.GrpcClientProtocolClient (GrpcClientProtocolClient.java:onNext(255)) - client-391BA870FC40->947ec526-030f-41cc-8af7-a6f75e712ab0: receive RaftClientReply:client-391BA870FC40->947ec526-030f-41cc-8af7-a6f75e712ab0@group-5D45C35602B2, cid=3176, SUCCESS, logIndex=0, commits[947ec526-030f-41cc-8af7-a6f75e712ab0:c4773, c447b9b6-dde2-4ce7-aa81-d0e2eddc8fe9:c4769, 28b540ac-241d-462a-a56c-509e92928066:c4770]
2019-08-20 22:34:51,989 | INFO  | DNAudit | user=null | ip=null | op=WRITE_CHUNK {blockData=conID: 3 locID: 102651690480698005 bcsId: 4770} | ret=SUCCESS |  
2019-08-20 22:34:51,991 | INFO  | DNAudit | user=null | ip=null | op=WRITE_CHUNK {blockData=conID: 3 locID: 102651690480698005 bcsId: 4770} | ret=SUCCESS |  
2019-08-20 22:34:51,991 | INFO  | DNAudit | user=null | ip=null | op=WRITE_CHUNK {blockData=conID: 3 locID: 102651690480698005 bcsId: 4770} | ret=SUCCESS |  
2019-08-20 22:34:51,994 | INFO  | DNAudit | user=null | ip=null | op=WRITE_CHUNK {blockData=conID: 3 locID: 102651690480698005 bcsId: 4770} | ret=SUCCESS |  
2019-08-20 22:34:51,994 | INFO  | DNAudit | user=null | ip=null | op=PUT_BLOCK {blockData=[blockId=conID: 3 locID: 102651690480698005 bcsId: 0,size=3145728]} | ret=SUCCESS |  
2019-08-20 22:34:51,995 [grpc-default-executor-2] INFO  client.GrpcClientProtocolClient (GrpcClientProtocolClient.java:onNext(255)) - client-391BA870FC40->947ec526-030f-41cc-8af7-a6f75e712ab0: receive RaftClientReply:client-391BA870FC40->947ec526-030f-41cc-8af7-a6f75e712ab0@group-5D45C35602B2, cid=3177, SUCCESS, logIndex=4774, commits[947ec526-030f-41cc-8af7-a6f75e712ab0:c4775, c447b9b6-dde2-4ce7-aa81-d0e2eddc8fe9:c4773, 28b540ac-241d-462a-a56c-509e92928066:c4770]
2019-08-20 22:34:51,995 [grpc-default-executor-2] INFO  client.GrpcClientProtocolClient (GrpcClientProtocolClient.java:onNext(255)) - client-391BA870FC40->947ec526-030f-41cc-8af7-a6f75e712ab0: receive RaftClientReply:client-391BA870FC40->947ec526-030f-41cc-8af7-a6f75e712ab0@group-5D45C35602B2, cid=3178, SUCCESS, logIndex=4775, commits[947ec526-030f-41cc-8af7-a6f75e712ab0:c4775, c447b9b6-dde2-4ce7-aa81-d0e2eddc8fe9:c4773, 28b540ac-241d-462a-a56c-509e92928066:c4773]
2019-08-20 22:34:52,000 | INFO  | DNAudit | user=null | ip=null | op=WRITE_CHUNK {blockData=conID: 3 locID: 102651690480698005 bcsId: 4775} | ret=SUCCESS |  
2019-08-20 22:34:52,002 | INFO  | DNAudit | user=null | ip=null | op=WRITE_CHUNK {blockData=conID: 3 locID: 102651690480698005 bcsId: 4775} | ret=SUCCESS |  
2019-08-20 22:34:52,002 | INFO  | DNAudit | user=null | ip=null | op=WRITE_CHUNK {blockData=conID: 3 locID: 102651690480698005 bcsId: 4775} | ret=SUCCESS |  
2019-08-20 22:34:52,006 | INFO  | DNAudit | user=null | ip=null | op=WRITE_CHUNK {blockData=conID: 3 locID: 102651690480698005 bcsId: 4770} | ret=SUCCESS |  
2019-08-20 22:34:52,006 | INFO  | DNAudit | user=null | ip=null | op=WRITE_CHUNK {blockData=conID: 3 locID: 102651690480698005 bcsId: 4770} | ret=SUCCESS |  
2019-08-20 22:34:52,006 | INFO  | DNAudit | user=null | ip=null | op=PUT_BLOCK {blockData=[blockId=conID: 3 locID: 102651690480698005 bcsId: 0,size=3145728]} | ret=SUCCESS |  
2019-08-20 22:34:52,006 | INFO  | DNAudit | user=null | ip=null | op=PUT_BLOCK {blockData=[blockId=conID: 3 locID: 102651690480698005 bcsId: 0,size=3145728]} | ret=SUCCESS |  
2019-08-20 22:34:52,008 | INFO  | DNAudit | user=null | ip=null | op=WRITE_CHUNK {blockData=conID: 3 locID: 102651690480698005 bcsId: 4775} | ret=SUCCESS |  
2019-08-20 22:34:52,008 | INFO  | DNAudit | user=null | ip=null | op=PUT_BLOCK {blockData=[blockId=conID: 3 locID: 102651690480698005 bcsId: 0,size=4194304]} | ret=SUCCESS |  
2019-08-20 22:34:52,008 [grpc-default-executor-3] INFO  client.GrpcClientProtocolClient (GrpcClientProtocolClient.java:onNext(255)) - client-391BA870FC40->947ec526-030f-41cc-8af7-a6f75e712ab0: receive RaftClientReply:client-391BA870FC40->947ec526-030f-41cc-8af7-a6f75e712ab0@group-5D45C35602B2, cid=3179, SUCCESS, logIndex=4778, commits[947ec526-030f-41cc-8af7-a6f75e712ab0:c4779, c447b9b6-dde2-4ce7-aa81-d0e2eddc8fe9:c4775, 28b540ac-241d-462a-a56c-509e92928066:c4775]
2019-08-20 22:34:52,009 [grpc-default-executor-3] INFO  client.GrpcClientProtocolClient (GrpcClientProtocolClient.java:onNext(255)) - client-391BA870FC40->947ec526-030f-41cc-8af7-a6f75e712ab0: receive RaftClientReply:client-391BA870FC40->947ec526-030f-41cc-8af7-a6f75e712ab0@group-5D45C35602B2, cid=3180, SUCCESS, logIndex=4779, commits[947ec526-030f-41cc-8af7-a6f75e712ab0:c4779, c447b9b6-dde2-4ce7-aa81-d0e2eddc8fe9:c4775, 28b540ac-241d-462a-a56c-509e92928066:c4775]
2019-08-20 22:34:52,027 | INFO  | DNAudit | user=null | ip=null | op=WRITE_CHUNK {blockData=conID: 3 locID: 102651690480698005 bcsId: 4775} | ret=SUCCESS |  
2019-08-20 22:34:52,027 | INFO  | DNAudit | user=null | ip=null | op=WRITE_CHUNK {blockData=conID: 3 locID: 102651690480698005 bcsId: 4775} | ret=SUCCESS |  
2019-08-20 22:34:52,040 | INFO  | DNAudit | user=null | ip=null | op=PUT_BLOCK {blockData=[blockId=conID: 3 locID: 102651690480698005 bcsId: 0,size=4194304]} | ret=SUCCESS |  
2019-08-20 22:34:52,041 | INFO  | DNAudit | user=null | ip=null | op=PUT_BLOCK {blockData=[blockId=conID: 3 locID: 102651690480698005 bcsId: 0,size=4194304]} | ret=SUCCESS |  
2019-08-20 22:34:52,041 [grpc-default-executor-2] INFO  client.GrpcClientProtocolClient (GrpcClientProtocolClient.java:onNext(255)) - client-391BA870FC40->947ec526-030f-41cc-8af7-a6f75e712ab0: receive RaftClientReply:client-391BA870FC40->947ec526-030f-41cc-8af7-a6f75e712ab0@group-5D45C35602B2, cid=3181, SUCCESS, logIndex=0, commits[947ec526-030f-41cc-8af7-a6f75e712ab0:c4781, c447b9b6-dde2-4ce7-aa81-d0e2eddc8fe9:c4779, 28b540ac-241d-462a-a56c-509e92928066:c4779]
2019-08-20 22:34:52,047 | INFO  | SCMAudit | user=jenkins1000 | ip=192.168.5.142 | op=ALLOCATE_BLOCK {owner=6f694d07-2a2f-44d9-8e1c-aaa094a2f647, size=4194304, type=RATIS, factor=THREE} | ret=SUCCESS |  
2019-08-20 22:34:52,050 | INFO  | OMAudit | user=jenkins1000 | ip=127.0.0.1 | op=ALLOCATE_BLOCK {volume=vol-0-80747, bucket=bucket-0-27686, key=key-0-47435, dataSize=0, replicationType=null, replicationFactor=null, keyLocationInfo=null, clientID=102651687805452690} | ret=SUCCESS |  
2019-08-20 22:34:52,057 | INFO  | DNAudit | user=null | ip=null | op=WRITE_CHUNK {blockData=conID: 1 locID: 102651690486792854 bcsId: 0} | ret=SUCCESS |  
2019-08-20 22:34:52,059 | INFO  | DNAudit | user=null | ip=null | op=WRITE_CHUNK {blockData=conID: 1 locID: 102651690486792854 bcsId: 0} | ret=SUCCESS |  
2019-08-20 22:34:52,060 | INFO  | DNAudit | user=null | ip=null | op=WRITE_CHUNK {blockData=conID: 1 locID: 102651690486792854 bcsId: 0} | ret=SUCCESS |  
2019-08-20 22:34:52,060 | INFO  | DNAudit | user=null | ip=null | op=WRITE_CHUNK {blockData=conID: 1 locID: 102651690486792854 bcsId: 0} | ret=SUCCESS |  
2019-08-20 22:34:52,061 | INFO  | DNAudit | user=null | ip=null | op=WRITE_CHUNK {blockData=conID: 1 locID: 102651690486792854 bcsId: 0} | ret=SUCCESS |  
2019-08-20 22:34:52,061 | INFO  | DNAudit | user=null | ip=null | op=WRITE_CHUNK {blockData=conID: 1 locID: 102651690486792854 bcsId: 0} | ret=SUCCESS |  
2019-08-20 22:34:52,069 | INFO  | DNAudit | user=null | ip=null | op=WRITE_CHUNK {blockData=conID: 1 locID: 102651690486792854 bcsId: 0} | ret=SUCCESS |  
2019-08-20 22:34:52,070 | INFO  | DNAudit | user=null | ip=null | op=PUT_BLOCK {blockData=[blockId=conID: 1 locID: 102651690486792854 bcsId: 0,size=1048576]} | ret=SUCCESS |  
2019-08-20 22:34:52,070 [grpc-default-executor-2] INFO  client.GrpcClientProtocolClient (GrpcClientProtocolClient.java:onNext(255)) - client-391BA870FC40->947ec526-030f-41cc-8af7-a6f75e712ab0: receive RaftClientReply:client-391BA870FC40->947ec526-030f-41cc-8af7-a6f75e712ab0@group-5D45C35602B2, cid=3182, SUCCESS, logIndex=4782, commits[947ec526-030f-41cc-8af7-a6f75e712ab0:c4783, c447b9b6-dde2-4ce7-aa81-d0e2eddc8fe9:c4779, 28b540ac-241d-462a-a56c-509e92928066:c4781]
2019-08-20 22:34:52,070 [grpc-default-executor-2] INFO  client.GrpcClientProtocolClient (GrpcClientProtocolClient.java:onNext(255)) - client-391BA870FC40->947ec526-030f-41cc-8af7-a6f75e712ab0: receive RaftClientReply:client-391BA870FC40->947ec526-030f-41cc-8af7-a6f75e712ab0@group-5D45C35602B2, cid=3183, SUCCESS, logIndex=4783, commits[947ec526-030f-41cc-8af7-a6f75e712ab0:c4783, c447b9b6-dde2-4ce7-aa81-d0e2eddc8fe9:c4779, 28b540ac-241d-462a-a56c-509e92928066:c4781]
2019-08-20 22:34:52,071 | INFO  | DNAudit | user=null | ip=null | op=WRITE_CHUNK {blockData=conID: 1 locID: 102651690486792854 bcsId: 0} | ret=SUCCESS |  
2019-08-20 22:34:52,072 | INFO  | DNAudit | user=null | ip=null | op=PUT_BLOCK {blockData=[blockId=conID: 1 locID: 102651690486792854 bcsId: 0,size=2097152]} | ret=SUCCESS |  
2019-08-20 22:34:52,072 [grpc-default-executor-2] INFO  client.GrpcClientProtocolClient (GrpcClientProtocolClient.java:onNext(255)) - client-391BA870FC40->947ec526-030f-41cc-8af7-a6f75e712ab0: receive RaftClientReply:client-391BA870FC40->947ec526-030f-41cc-8af7-a6f75e712ab0@group-5D45C35602B2, cid=3184, SUCCESS, logIndex=4784, commits[947ec526-030f-41cc-8af7-a6f75e712ab0:c4785, c447b9b6-dde2-4ce7-aa81-d0e2eddc8fe9:c4781, 28b540ac-241d-462a-a56c-509e92928066:c4781]
2019-08-20 22:34:52,072 [grpc-default-executor-2] INFO  client.GrpcClientProtocolClient (GrpcClientProtocolClient.java:onNext(255)) - client-391BA870FC40->947ec526-030f-41cc-8af7-a6f75e712ab0: receive RaftClientReply:client-391BA870FC40->947ec526-030f-41cc-8af7-a6f75e712ab0@group-5D45C35602B2, cid=3185, SUCCESS, logIndex=4785, commits[947ec526-030f-41cc-8af7-a6f75e712ab0:c4785, c447b9b6-dde2-4ce7-aa81-d0e2eddc8fe9:c4781, 28b540ac-241d-462a-a56c-509e92928066:c4781]
2019-08-20 22:34:52,080 | INFO  | DNAudit | user=null | ip=null | op=WRITE_CHUNK {blockData=conID: 1 locID: 102651690486792854 bcsId: 0} | ret=SUCCESS |  
2019-08-20 22:34:52,081 | INFO  | DNAudit | user=null | ip=null | op=PUT_BLOCK {blockData=[blockId=conID: 1 locID: 102651690486792854 bcsId: 0,size=1048576]} | ret=SUCCESS |  
2019-08-20 22:34:52,081 | INFO  | DNAudit | user=null | ip=null | op=WRITE_CHUNK {blockData=conID: 1 locID: 102651690486792854 bcsId: 0} | ret=SUCCESS |  
2019-08-20 22:34:52,081 | INFO  | DNAudit | user=null | ip=null | op=PUT_BLOCK {blockData=[blockId=conID: 1 locID: 102651690486792854 bcsId: 0,size=1048576]} | ret=SUCCESS |  
2019-08-20 22:34:52,081 [grpc-default-executor-2] INFO  client.GrpcClientProtocolClient (GrpcClientProtocolClient.java:onNext(255)) - client-391BA870FC40->947ec526-030f-41cc-8af7-a6f75e712ab0: receive RaftClientReply:client-391BA870FC40->947ec526-030f-41cc-8af7-a6f75e712ab0@group-5D45C35602B2, cid=3186, SUCCESS, logIndex=0, commits[947ec526-030f-41cc-8af7-a6f75e712ab0:c4787, c447b9b6-dde2-4ce7-aa81-d0e2eddc8fe9:c4783, 28b540ac-241d-462a-a56c-509e92928066:c4783]
2019-08-20 22:34:52,085 | INFO  | DNAudit | user=null | ip=null | op=WRITE_CHUNK {blockData=conID: 1 locID: 102651690486792854 bcsId: 0} | ret=SUCCESS |  
2019-08-20 22:34:52,085 | INFO  | DNAudit | user=null | ip=null | op=WRITE_CHUNK {blockData=conID: 1 locID: 102651690486792854 bcsId: 0} | ret=SUCCESS |  
2019-08-20 22:34:52,085 | INFO  | DNAudit | user=null | ip=null | op=PUT_BLOCK {blockData=[blockId=conID: 1 locID: 102651690486792854 bcsId: 0,size=2097152]} | ret=SUCCESS |  
2019-08-20 22:34:52,085 | INFO  | DNAudit | user=null | ip=null | op=PUT_BLOCK {blockData=[blockId=conID: 1 locID: 102651690486792854 bcsId: 0,size=2097152]} | ret=SUCCESS |  
2019-08-20 22:34:52,087 | INFO  | DNAudit | user=null | ip=null | op=WRITE_CHUNK {blockData=conID: 1 locID: 102651690486792854 bcsId: 4785} | ret=SUCCESS |  
2019-08-20 22:34:52,089 | INFO  | DNAudit | user=null | ip=null | op=WRITE_CHUNK {blockData=conID: 1 locID: 102651690486792854 bcsId: 4785} | ret=SUCCESS |  
2019-08-20 22:34:52,089 | INFO  | DNAudit | user=null | ip=null | op=WRITE_CHUNK {blockData=conID: 1 locID: 102651690486792854 bcsId: 4785} | ret=SUCCESS |  
2019-08-20 22:34:52,108 | INFO  | DNAudit | user=null | ip=null | op=WRITE_CHUNK {blockData=conID: 1 locID: 102651690486792854 bcsId: 4785} | ret=SUCCESS |  
2019-08-20 22:34:52,108 | INFO  | DNAudit | user=null | ip=null | op=PUT_BLOCK {blockData=[blockId=conID: 1 locID: 102651690486792854 bcsId: 0,size=3145728]} | ret=SUCCESS |  
2019-08-20 22:34:52,108 [grpc-default-executor-1] INFO  client.GrpcClientProtocolClient (GrpcClientProtocolClient.java:onNext(255)) - client-391BA870FC40->947ec526-030f-41cc-8af7-a6f75e712ab0: receive RaftClientReply:client-391BA870FC40->947ec526-030f-41cc-8af7-a6f75e712ab0@group-5D45C35602B2, cid=3187, SUCCESS, logIndex=4790, commits[947ec526-030f-41cc-8af7-a6f75e712ab0:c4791, c447b9b6-dde2-4ce7-aa81-d0e2eddc8fe9:c4789, 28b540ac-241d-462a-a56c-509e92928066:c4789]
2019-08-20 22:34:52,109 [grpc-default-executor-1] INFO  client.GrpcClientProtocolClient (GrpcClientProtocolClient.java:onNext(255)) - client-391BA870FC40->947ec526-030f-41cc-8af7-a6f75e712ab0: receive RaftClientReply:client-391BA870FC40->947ec526-030f-41cc-8af7-a6f75e712ab0@group-5D45C35602B2, cid=3188, SUCCESS, logIndex=4791, commits[947ec526-030f-41cc-8af7-a6f75e712ab0:c4791, c447b9b6-dde2-4ce7-aa81-d0e2eddc8fe9:c4789, 28b540ac-241d-462a-a56c-509e92928066:c4789]
2019-08-20 22:34:52,114 | INFO  | DNAudit | user=null | ip=null | op=WRITE_CHUNK {blockData=conID: 1 locID: 102651690486792854 bcsId: 4791} | ret=SUCCESS |  
2019-08-20 22:34:52,116 | INFO  | DNAudit | user=null | ip=null | op=WRITE_CHUNK {blockData=conID: 1 locID: 102651690486792854 bcsId: 4791} | ret=SUCCESS |  
2019-08-20 22:34:52,116 | INFO  | DNAudit | user=null | ip=null | op=WRITE_CHUNK {blockData=conID: 1 locID: 102651690486792854 bcsId: 4791} | ret=SUCCESS |  
2019-08-20 22:34:52,119 | INFO  | DNAudit | user=null | ip=null | op=WRITE_CHUNK {blockData=conID: 1 locID: 102651690486792854 bcsId: 4785} | ret=SUCCESS |  
2019-08-20 22:34:52,119 | INFO  | DNAudit | user=null | ip=null | op=WRITE_CHUNK {blockData=conID: 1 locID: 102651690486792854 bcsId: 4785} | ret=SUCCESS |  
2019-08-20 22:34:52,122 | INFO  | DNAudit | user=null | ip=null | op=PUT_BLOCK {blockData=[blockId=conID: 1 locID: 102651690486792854 bcsId: 0,size=3145728]} | ret=SUCCESS |  
2019-08-20 22:34:52,122 | INFO  | DNAudit | user=null | ip=null | op=PUT_BLOCK {blockData=[blockId=conID: 1 locID: 102651690486792854 bcsId: 0,size=3145728]} | ret=SUCCESS |  
2019-08-20 22:34:52,123 | INFO  | DNAudit | user=null | ip=null | op=WRITE_CHUNK {blockData=conID: 1 locID: 102651690486792854 bcsId: 4791} | ret=SUCCESS |  
2019-08-20 22:34:52,123 | INFO  | DNAudit | user=null | ip=null | op=PUT_BLOCK {blockData=[blockId=conID: 1 locID: 102651690486792854 bcsId: 0,size=4194304]} | ret=SUCCESS |  
2019-08-20 22:34:52,123 [grpc-default-executor-1] INFO  client.GrpcClientProtocolClient (GrpcClientProtocolClient.java:onNext(255)) - client-391BA870FC40->947ec526-030f-41cc-8af7-a6f75e712ab0: receive RaftClientReply:client-391BA870FC40->947ec526-030f-41cc-8af7-a6f75e712ab0@group-5D45C35602B2, cid=3189, SUCCESS, logIndex=4794, commits[947ec526-030f-41cc-8af7-a6f75e712ab0:c4795, c447b9b6-dde2-4ce7-aa81-d0e2eddc8fe9:c4791, 28b540ac-241d-462a-a56c-509e92928066:c4791]
2019-08-20 22:34:52,123 [grpc-default-executor-1] INFO  client.GrpcClientProtocolClient (GrpcClientProtocolClient.java:onNext(255)) - client-391BA870FC40->947ec526-030f-41cc-8af7-a6f75e712ab0: receive RaftClientReply:client-391BA870FC40->947ec526-030f-41cc-8af7-a6f75e712ab0@group-5D45C35602B2, cid=3190, SUCCESS, logIndex=4795, commits[947ec526-030f-41cc-8af7-a6f75e712ab0:c4795, c447b9b6-dde2-4ce7-aa81-d0e2eddc8fe9:c4791, 28b540ac-241d-462a-a56c-509e92928066:c4791]
2019-08-20 22:34:52,138 | INFO  | DNAudit | user=null | ip=null | op=WRITE_CHUNK {blockData=conID: 1 locID: 102651690486792854 bcsId: 4791} | ret=SUCCESS |  
2019-08-20 22:34:52,139 | INFO  | DNAudit | user=null | ip=null | op=WRITE_CHUNK {blockData=conID: 1 locID: 102651690486792854 bcsId: 4791} | ret=SUCCESS |  
2019-08-20 22:34:52,139 | INFO  | DNAudit | user=null | ip=null | op=PUT_BLOCK {blockData=[blockId=conID: 1 locID: 102651690486792854 bcsId: 0,size=4194304]} | ret=SUCCESS |  
2019-08-20 22:34:52,139 | INFO  | DNAudit | user=null | ip=null | op=PUT_BLOCK {blockData=[blockId=conID: 1 locID: 102651690486792854 bcsId: 0,size=4194304]} | ret=SUCCESS |  
2019-08-20 22:34:52,139 [grpc-default-executor-1] INFO  client.GrpcClientProtocolClient (GrpcClientProtocolClient.java:onNext(255)) - client-391BA870FC40->947ec526-030f-41cc-8af7-a6f75e712ab0: receive RaftClientReply:client-391BA870FC40->947ec526-030f-41cc-8af7-a6f75e712ab0@group-5D45C35602B2, cid=3191, SUCCESS, logIndex=0, commits[947ec526-030f-41cc-8af7-a6f75e712ab0:c4796, c447b9b6-dde2-4ce7-aa81-d0e2eddc8fe9:c4795, 28b540ac-241d-462a-a56c-509e92928066:c4795]
2019-08-20 22:34:52,144 | INFO  | SCMAudit | user=jenkins1000 | ip=192.168.5.142 | op=ALLOCATE_BLOCK {owner=6f694d07-2a2f-44d9-8e1c-aaa094a2f647, size=4194304, type=RATIS, factor=THREE} | ret=SUCCESS |  
2019-08-20 22:34:52,148 | INFO  | OMAudit | user=jenkins1000 | ip=127.0.0.1 | op=ALLOCATE_BLOCK {volume=vol-0-80747, bucket=bucket-0-27686, key=key-0-47435, dataSize=0, replicationType=null, replicationFactor=null, keyLocationInfo=null, clientID=102651687805452690} | ret=SUCCESS |  
2019-08-20 22:34:52,154 | INFO  | DNAudit | user=null | ip=null | op=WRITE_CHUNK {blockData=conID: 2 locID: 102651690493149847 bcsId: 0} | ret=SUCCESS |  
2019-08-20 22:34:52,156 | INFO  | DNAudit | user=null | ip=null | op=WRITE_CHUNK {blockData=conID: 2 locID: 102651690493149847 bcsId: 0} | ret=SUCCESS |  
2019-08-20 22:34:52,156 | INFO  | DNAudit | user=null | ip=null | op=WRITE_CHUNK {blockData=conID: 2 locID: 102651690493149847 bcsId: 0} | ret=SUCCESS |  
2019-08-20 22:34:52,156 | INFO  | DNAudit | user=null | ip=null | op=WRITE_CHUNK {blockData=conID: 2 locID: 102651690493149847 bcsId: 0} | ret=SUCCESS |  
2019-08-20 22:34:52,158 | INFO  | DNAudit | user=null | ip=null | op=WRITE_CHUNK {blockData=conID: 2 locID: 102651690493149847 bcsId: 0} | ret=SUCCESS |  
2019-08-20 22:34:52,158 | INFO  | DNAudit | user=null | ip=null | op=WRITE_CHUNK {blockData=conID: 2 locID: 102651690493149847 bcsId: 0} | ret=SUCCESS |  
2019-08-20 22:34:52,165 | INFO  | DNAudit | user=null | ip=null | op=WRITE_CHUNK {blockData=conID: 2 locID: 102651690493149847 bcsId: 0} | ret=SUCCESS |  
2019-08-20 22:34:52,165 | INFO  | DNAudit | user=null | ip=null | op=PUT_BLOCK {blockData=[blockId=conID: 2 locID: 102651690493149847 bcsId: 0,size=1048576]} | ret=SUCCESS |  
2019-08-20 22:34:52,165 [grpc-default-executor-3] INFO  client.GrpcClientProtocolClient (GrpcClientProtocolClient.java:onNext(255)) - client-391BA870FC40->947ec526-030f-41cc-8af7-a6f75e712ab0: receive RaftClientReply:client-391BA870FC40->947ec526-030f-41cc-8af7-a6f75e712ab0@group-5D45C35602B2, cid=3192, SUCCESS, logIndex=4798, commits[947ec526-030f-41cc-8af7-a6f75e712ab0:c4799, c447b9b6-dde2-4ce7-aa81-d0e2eddc8fe9:c4797, 28b540ac-241d-462a-a56c-509e92928066:c4797]
2019-08-20 22:34:52,165 [grpc-default-executor-3] INFO  client.GrpcClientProtocolClient (GrpcClientProtocolClient.java:onNext(255)) - client-391BA870FC40->947ec526-030f-41cc-8af7-a6f75e712ab0: receive RaftClientReply:client-391BA870FC40->947ec526-030f-41cc-8af7-a6f75e712ab0@group-5D45C35602B2, cid=3193, SUCCESS, logIndex=4799, commits[947ec526-030f-41cc-8af7-a6f75e712ab0:c4799, c447b9b6-dde2-4ce7-aa81-d0e2eddc8fe9:c4797, 28b540ac-241d-462a-a56c-509e92928066:c4797]
2019-08-20 22:34:52,173 | INFO  | SCMAudit | user=jenkins1000 | ip=192.168.5.142 | op=SEND_HEARTBEAT {datanodeUUID=d55cd342-4e6c-4701-86f3-cb557f3478dc, command=[]} | ret=SUCCESS |  
2019-08-20 22:34:52,176 | INFO  | DNAudit | user=null | ip=null | op=WRITE_CHUNK {blockData=conID: 2 locID: 102651690493149847 bcsId: 0} | ret=SUCCESS |  
2019-08-20 22:34:52,176 | INFO  | DNAudit | user=null | ip=null | op=PUT_BLOCK {blockData=[blockId=conID: 2 locID: 102651690493149847 bcsId: 0,size=2097152]} | ret=SUCCESS |  
2019-08-20 22:34:52,176 [grpc-default-executor-5] INFO  client.GrpcClientProtocolClient (GrpcClientProtocolClient.java:onNext(255)) - client-391BA870FC40->947ec526-030f-41cc-8af7-a6f75e712ab0: receive RaftClientReply:client-391BA870FC40->947ec526-030f-41cc-8af7-a6f75e712ab0@group-5D45C35602B2, cid=3194, SUCCESS, logIndex=4800, commits[947ec526-030f-41cc-8af7-a6f75e712ab0:c4801, c447b9b6-dde2-4ce7-aa81-d0e2eddc8fe9:c4797, 28b540ac-241d-462a-a56c-509e92928066:c4797]
2019-08-20 22:34:52,176 [grpc-default-executor-5] INFO  client.GrpcClientProtocolClient (GrpcClientProtocolClient.java:onNext(255)) - client-391BA870FC40->947ec526-030f-41cc-8af7-a6f75e712ab0: receive RaftClientReply:client-391BA870FC40->947ec526-030f-41cc-8af7-a6f75e712ab0@group-5D45C35602B2, cid=3195, SUCCESS, logIndex=4801, commits[947ec526-030f-41cc-8af7-a6f75e712ab0:c4801, c447b9b6-dde2-4ce7-aa81-d0e2eddc8fe9:c4797, 28b540ac-241d-462a-a56c-509e92928066:c4797]
2019-08-20 22:34:52,177 | INFO  | DNAudit | user=null | ip=null | op=WRITE_CHUNK {blockData=conID: 2 locID: 102651690493149847 bcsId: 0} | ret=SUCCESS |  
2019-08-20 22:34:52,177 | INFO  | DNAudit | user=null | ip=null | op=PUT_BLOCK {blockData=[blockId=conID: 2 locID: 102651690493149847 bcsId: 0,size=1048576]} | ret=SUCCESS |  
2019-08-20 22:34:52,179 | INFO  | DNAudit | user=null | ip=null | op=WRITE_CHUNK {blockData=conID: 2 locID: 102651690493149847 bcsId: 0} | ret=SUCCESS |  
2019-08-20 22:34:52,179 | INFO  | DNAudit | user=null | ip=null | op=PUT_BLOCK {blockData=[blockId=conID: 2 locID: 102651690493149847 bcsId: 0,size=1048576]} | ret=SUCCESS |  
2019-08-20 22:34:52,179 | INFO  | DNAudit | user=null | ip=null | op=WRITE_CHUNK {blockData=conID: 2 locID: 102651690493149847 bcsId: 0} | ret=SUCCESS |  
2019-08-20 22:34:52,179 [grpc-default-executor-5] INFO  client.GrpcClientProtocolClient (GrpcClientProtocolClient.java:onNext(255)) - client-391BA870FC40->947ec526-030f-41cc-8af7-a6f75e712ab0: receive RaftClientReply:client-391BA870FC40->947ec526-030f-41cc-8af7-a6f75e712ab0@group-5D45C35602B2, cid=3196, SUCCESS, logIndex=0, commits[947ec526-030f-41cc-8af7-a6f75e712ab0:c4803, c447b9b6-dde2-4ce7-aa81-d0e2eddc8fe9:c4799, 28b540ac-241d-462a-a56c-509e92928066:c4799]
2019-08-20 22:34:52,185 | INFO  | DNAudit | user=null | ip=null | op=WRITE_CHUNK {blockData=conID: 2 locID: 102651690493149847 bcsId: 4801} | ret=SUCCESS |  
2019-08-20 22:34:52,186 | INFO  | DNAudit | user=null | ip=null | op=WRITE_CHUNK {blockData=conID: 2 locID: 102651690493149847 bcsId: 4801} | ret=SUCCESS |  
2019-08-20 22:34:52,186 | INFO  | DNAudit | user=null | ip=null | op=WRITE_CHUNK {blockData=conID: 2 locID: 102651690493149847 bcsId: 4801} | ret=SUCCESS |  
2019-08-20 22:34:52,190 | INFO  | DNAudit | user=null | ip=null | op=WRITE_CHUNK {blockData=conID: 2 locID: 102651690493149847 bcsId: 0} | ret=SUCCESS |  
2019-08-20 22:34:52,190 | INFO  | DNAudit | user=null | ip=null | op=PUT_BLOCK {blockData=[blockId=conID: 2 locID: 102651690493149847 bcsId: 0,size=2097152]} | ret=SUCCESS |  
2019-08-20 22:34:52,190 | INFO  | DNAudit | user=null | ip=null | op=PUT_BLOCK {blockData=[blockId=conID: 2 locID: 102651690493149847 bcsId: 0,size=2097152]} | ret=SUCCESS |  
2019-08-20 22:34:52,191 | INFO  | DNAudit | user=null | ip=null | op=WRITE_CHUNK {blockData=conID: 2 locID: 102651690493149847 bcsId: 4801} | ret=SUCCESS |  
2019-08-20 22:34:52,192 | INFO  | DNAudit | user=null | ip=null | op=PUT_BLOCK {blockData=[blockId=conID: 2 locID: 102651690493149847 bcsId: 0,size=3145728]} | ret=SUCCESS |  
2019-08-20 22:34:52,192 [grpc-default-executor-5] INFO  client.GrpcClientProtocolClient (GrpcClientProtocolClient.java:onNext(255)) - client-391BA870FC40->947ec526-030f-41cc-8af7-a6f75e712ab0: receive RaftClientReply:client-391BA870FC40->947ec526-030f-41cc-8af7-a6f75e712ab0@group-5D45C35602B2, cid=3197, SUCCESS, logIndex=4806, commits[947ec526-030f-41cc-8af7-a6f75e712ab0:c4807, c447b9b6-dde2-4ce7-aa81-d0e2eddc8fe9:c4804, 28b540ac-241d-462a-a56c-509e92928066:c4801]
2019-08-20 22:34:52,192 [grpc-default-executor-5] INFO  client.GrpcClientProtocolClient (GrpcClientProtocolClient.java:onNext(255)) - client-391BA870FC40->947ec526-030f-41cc-8af7-a6f75e712ab0: receive RaftClientReply:client-391BA870FC40->947ec526-030f-41cc-8af7-a6f75e712ab0@group-5D45C35602B2, cid=3198, SUCCESS, logIndex=4807, commits[947ec526-030f-41cc-8af7-a6f75e712ab0:c4807, c447b9b6-dde2-4ce7-aa81-d0e2eddc8fe9:c4804, 28b540ac-241d-462a-a56c-509e92928066:c4804]
2019-08-20 22:34:52,193 | INFO  | DNAudit | user=null | ip=null | op=WRITE_CHUNK {blockData=conID: 2 locID: 102651690493149847 bcsId: 4801} | ret=SUCCESS |  
2019-08-20 22:34:52,193 | INFO  | DNAudit | user=null | ip=null | op=WRITE_CHUNK {blockData=conID: 2 locID: 102651690493149847 bcsId: 4801} | ret=SUCCESS |  
2019-08-20 22:34:52,193 | INFO  | DNAudit | user=null | ip=null | op=PUT_BLOCK {blockData=[blockId=conID: 2 locID: 102651690493149847 bcsId: 0,size=3145728]} | ret=SUCCESS |  
2019-08-20 22:34:52,195 | INFO  | DNAudit | user=null | ip=null | op=PUT_BLOCK {blockData=[blockId=conID: 2 locID: 102651690493149847 bcsId: 0,size=3145728]} | ret=SUCCESS |  
2019-08-20 22:34:52,198 | INFO  | DNAudit | user=null | ip=null | op=WRITE_CHUNK {blockData=conID: 2 locID: 102651690493149847 bcsId: 4807} | ret=SUCCESS |  
2019-08-20 22:34:52,200 | INFO  | DNAudit | user=null | ip=null | op=WRITE_CHUNK {blockData=conID: 2 locID: 102651690493149847 bcsId: 4807} | ret=SUCCESS |  
2019-08-20 22:34:52,200 | INFO  | DNAudit | user=null | ip=null | op=WRITE_CHUNK {blockData=conID: 2 locID: 102651690493149847 bcsId: 4807} | ret=SUCCESS |  
2019-08-20 22:34:52,208 | INFO  | DNAudit | user=null | ip=null | op=WRITE_CHUNK {blockData=conID: 2 locID: 102651690493149847 bcsId: 4807} | ret=SUCCESS |  
2019-08-20 22:34:52,208 | INFO  | DNAudit | user=null | ip=null | op=PUT_BLOCK {blockData=[blockId=conID: 2 locID: 102651690493149847 bcsId: 0,size=4194304]} | ret=SUCCESS |  
2019-08-20 22:34:52,208 [grpc-default-executor-5] INFO  client.GrpcClientProtocolClient (GrpcClientProtocolClient.java:onNext(255)) - client-391BA870FC40->947ec526-030f-41cc-8af7-a6f75e712ab0: receive RaftClientReply:client-391BA870FC40->947ec526-030f-41cc-8af7-a6f75e712ab0@group-5D45C35602B2, cid=3199, SUCCESS, logIndex=4810, commits[947ec526-030f-41cc-8af7-a6f75e712ab0:c4811, c447b9b6-dde2-4ce7-aa81-d0e2eddc8fe9:c4809, 28b540ac-241d-462a-a56c-509e92928066:c4809]
2019-08-20 22:34:52,209 [grpc-default-executor-5] INFO  client.GrpcClientProtocolClient (GrpcClientProtocolClient.java:onNext(255)) - client-391BA870FC40->947ec526-030f-41cc-8af7-a6f75e712ab0: receive RaftClientReply:client-391BA870FC40->947ec526-030f-41cc-8af7-a6f75e712ab0@group-5D45C35602B2, cid=3200, SUCCESS, logIndex=4811, commits[947ec526-030f-41cc-8af7-a6f75e712ab0:c4811, c447b9b6-dde2-4ce7-aa81-d0e2eddc8fe9:c4809, 28b540ac-241d-462a-a56c-509e92928066:c4809]
2019-08-20 22:34:52,219 | INFO  | DNAudit | user=null | ip=null | op=WRITE_CHUNK {blockData=conID: 2 locID: 102651690493149847 bcsId: 4807} | ret=SUCCESS |  
2019-08-20 22:34:52,219 | INFO  | DNAudit | user=null | ip=null | op=WRITE_CHUNK {blockData=conID: 2 locID: 102651690493149847 bcsId: 4807} | ret=SUCCESS |  
2019-08-20 22:34:52,222 | INFO  | DNAudit | user=null | ip=null | op=PUT_BLOCK {blockData=[blockId=conID: 2 locID: 102651690493149847 bcsId: 0,size=4194304]} | ret=SUCCESS |  
2019-08-20 22:34:52,222 | INFO  | DNAudit | user=null | ip=null | op=PUT_BLOCK {blockData=[blockId=conID: 2 locID: 102651690493149847 bcsId: 0,size=4194304]} | ret=SUCCESS |  
2019-08-20 22:34:52,222 [grpc-default-executor-1] INFO  client.GrpcClientProtocolClient (GrpcClientProtocolClient.java:onNext(255)) - client-391BA870FC40->947ec526-030f-41cc-8af7-a6f75e712ab0: receive RaftClientReply:client-391BA870FC40->947ec526-030f-41cc-8af7-a6f75e712ab0@group-5D45C35602B2, cid=3201, SUCCESS, logIndex=0, commits[947ec526-030f-41cc-8af7-a6f75e712ab0:c4813, c447b9b6-dde2-4ce7-aa81-d0e2eddc8fe9:c4811, 28b540ac-241d-462a-a56c-509e92928066:c4811]
2019-08-20 22:34:52,228 | INFO  | SCMAudit | user=jenkins1000 | ip=192.168.5.142 | op=ALLOCATE_BLOCK {owner=6f694d07-2a2f-44d9-8e1c-aaa094a2f647, size=4194304, type=RATIS, factor=THREE} | ret=SUCCESS |  
2019-08-20 22:34:52,231 | INFO  | OMAudit | user=jenkins1000 | ip=127.0.0.1 | op=ALLOCATE_BLOCK {volume=vol-0-80747, bucket=bucket-0-27686, key=key-0-47435, dataSize=0, replicationType=null, replicationFactor=null, keyLocationInfo=null, clientID=102651687805452690} | ret=SUCCESS |  
2019-08-20 22:34:52,237 | INFO  | DNAudit | user=null | ip=null | op=WRITE_CHUNK {blockData=conID: 3 locID: 102651690498654872 bcsId: 0} | ret=SUCCESS |  
2019-08-20 22:34:52,239 | INFO  | DNAudit | user=null | ip=null | op=WRITE_CHUNK {blockData=conID: 3 locID: 102651690498654872 bcsId: 0} | ret=SUCCESS |  
2019-08-20 22:34:52,240 | INFO  | DNAudit | user=null | ip=null | op=WRITE_CHUNK {blockData=conID: 3 locID: 102651690498654872 bcsId: 0} | ret=SUCCESS |  
2019-08-20 22:34:52,240 | INFO  | DNAudit | user=null | ip=null | op=WRITE_CHUNK {blockData=conID: 3 locID: 102651690498654872 bcsId: 0} | ret=SUCCESS |  
2019-08-20 22:34:52,242 | INFO  | DNAudit | user=null | ip=null | op=WRITE_CHUNK {blockData=conID: 3 locID: 102651690498654872 bcsId: 0} | ret=SUCCESS |  
2019-08-20 22:34:52,242 | INFO  | DNAudit | user=null | ip=null | op=WRITE_CHUNK {blockData=conID: 3 locID: 102651690498654872 bcsId: 0} | ret=SUCCESS |  
2019-08-20 22:34:52,244 | INFO  | SCMAudit | user=jenkins1000 | ip=192.168.5.142 | op=SEND_HEARTBEAT {datanodeUUID=947ec526-030f-41cc-8af7-a6f75e712ab0, command=[]} | ret=SUCCESS |  
2019-08-20 22:34:52,244 | INFO  | SCMAudit | user=jenkins1000 | ip=192.168.5.142 | op=SEND_HEARTBEAT {datanodeUUID=28b540ac-241d-462a-a56c-509e92928066, command=[]} | ret=SUCCESS |  
2019-08-20 22:34:52,244 | INFO  | SCMAudit | user=jenkins1000 | ip=192.168.5.142 | op=SEND_HEARTBEAT {datanodeUUID=eafd9314-3f13-422a-a2ac-adfcde2d7481, command=[]} | ret=SUCCESS |  
 0.00% |█                                                                                                    |  0/1 Time: 0:00:412019-08-20 22:34:52,246 | INFO  | SCMAudit | user=jenkins1000 | ip=192.168.5.142 | op=SEND_HEARTBEAT {datanodeUUID=c447b9b6-dde2-4ce7-aa81-d0e2eddc8fe9, command=[]} | ret=SUCCESS |  
2019-08-20 22:34:52,248 | INFO  | DNAudit | user=null | ip=null | op=WRITE_CHUNK {blockData=conID: 3 locID: 102651690498654872 bcsId: 0} | ret=SUCCESS |  
2019-08-20 22:34:52,248 | INFO  | DNAudit | user=null | ip=null | op=PUT_BLOCK {blockData=[blockId=conID: 3 locID: 102651690498654872 bcsId: 0,size=1048576]} | ret=SUCCESS |  
2019-08-20 22:34:52,248 [grpc-default-executor-5] INFO  client.GrpcClientProtocolClient (GrpcClientProtocolClient.java:onNext(255)) - client-391BA870FC40->947ec526-030f-41cc-8af7-a6f75e712ab0: receive RaftClientReply:client-391BA870FC40->947ec526-030f-41cc-8af7-a6f75e712ab0@group-5D45C35602B2, cid=3202, SUCCESS, logIndex=4814, commits[947ec526-030f-41cc-8af7-a6f75e712ab0:c4815, c447b9b6-dde2-4ce7-aa81-d0e2eddc8fe9:c4813, 28b540ac-241d-462a-a56c-509e92928066:c4813]
2019-08-20 22:34:52,249 | INFO  | DNAudit | user=null | ip=null | op=WRITE_CHUNK {blockData=conID: 3 locID: 102651690498654872 bcsId: 0} | ret=SUCCESS |  
2019-08-20 22:34:52,249 | INFO  | DNAudit | user=null | ip=null | op=PUT_BLOCK {blockData=[blockId=conID: 3 locID: 102651690498654872 bcsId: 0,size=2097152]} | ret=SUCCESS |  
2019-08-20 22:34:52,249 [grpc-default-executor-5] INFO  client.GrpcClientProtocolClient (GrpcClientProtocolClient.java:onNext(255)) - client-391BA870FC40->947ec526-030f-41cc-8af7-a6f75e712ab0: receive RaftClientReply:client-391BA870FC40->947ec526-030f-41cc-8af7-a6f75e712ab0@group-5D45C35602B2, cid=3203, SUCCESS, logIndex=4815, commits[947ec526-030f-41cc-8af7-a6f75e712ab0:c4816, c447b9b6-dde2-4ce7-aa81-d0e2eddc8fe9:c4813, 28b540ac-241d-462a-a56c-509e92928066:c4813]
2019-08-20 22:34:52,249 [grpc-default-executor-5] INFO  client.GrpcClientProtocolClient (GrpcClientProtocolClient.java:onNext(255)) - client-391BA870FC40->947ec526-030f-41cc-8af7-a6f75e712ab0: receive RaftClientReply:client-391BA870FC40->947ec526-030f-41cc-8af7-a6f75e712ab0@group-5D45C35602B2, cid=3204, SUCCESS, logIndex=4816, commits[947ec526-030f-41cc-8af7-a6f75e712ab0:c4817, c447b9b6-dde2-4ce7-aa81-d0e2eddc8fe9:c4813, 28b540ac-241d-462a-a56c-509e92928066:c4813]
2019-08-20 22:34:52,249 [grpc-default-executor-5] INFO  client.GrpcClientProtocolClient (GrpcClientProtocolClient.java:onNext(255)) - client-391BA870FC40->947ec526-030f-41cc-8af7-a6f75e712ab0: receive RaftClientReply:client-391BA870FC40->947ec526-030f-41cc-8af7-a6f75e712ab0@group-5D45C35602B2, cid=3205, SUCCESS, logIndex=4817, commits[947ec526-030f-41cc-8af7-a6f75e712ab0:c4817, c447b9b6-dde2-4ce7-aa81-d0e2eddc8fe9:c4813, 28b540ac-241d-462a-a56c-509e92928066:c4813]
2019-08-20 22:34:52,261 | INFO  | DNAudit | user=null | ip=null | op=WRITE_CHUNK {blockData=conID: 3 locID: 102651690498654872 bcsId: 0} | ret=SUCCESS |  
2019-08-20 22:34:52,262 | INFO  | DNAudit | user=null | ip=null | op=PUT_BLOCK {blockData=[blockId=conID: 3 locID: 102651690498654872 bcsId: 0,size=1048576]} | ret=SUCCESS |  
2019-08-20 22:34:52,262 | INFO  | DNAudit | user=null | ip=null | op=WRITE_CHUNK {blockData=conID: 3 locID: 102651690498654872 bcsId: 0} | ret=SUCCESS |  
2019-08-20 22:34:52,262 | INFO  | DNAudit | user=null | ip=null | op=PUT_BLOCK {blockData=[blockId=conID: 3 locID: 102651690498654872 bcsId: 0,size=1048576]} | ret=SUCCESS |  
2019-08-20 22:34:52,262 | INFO  | DNAudit | user=null | ip=null | op=WRITE_CHUNK {blockData=conID: 3 locID: 102651690498654872 bcsId: 0} | ret=SUCCESS |  
2019-08-20 22:34:52,262 | INFO  | DNAudit | user=null | ip=null | op=PUT_BLOCK {blockData=[blockId=conID: 3 locID: 102651690498654872 bcsId: 0,size=2097152]} | ret=SUCCESS |  
2019-08-20 22:34:52,262 | INFO  | DNAudit | user=null | ip=null | op=WRITE_CHUNK {blockData=conID: 3 locID: 102651690498654872 bcsId: 0} | ret=SUCCESS |  
2019-08-20 22:34:52,263 | INFO  | DNAudit | user=null | ip=null | op=PUT_BLOCK {blockData=[blockId=conID: 3 locID: 102651690498654872 bcsId: 0,size=2097152]} | ret=SUCCESS |  
2019-08-20 22:34:52,263 [grpc-default-executor-3] INFO  client.GrpcClientProtocolClient (GrpcClientProtocolClient.java:onNext(255)) - client-391BA870FC40->947ec526-030f-41cc-8af7-a6f75e712ab0: receive RaftClientReply:client-391BA870FC40->947ec526-030f-41cc-8af7-a6f75e712ab0@group-5D45C35602B2, cid=3206, SUCCESS, logIndex=0, commits[947ec526-030f-41cc-8af7-a6f75e712ab0:c4819, c447b9b6-dde2-4ce7-aa81-d0e2eddc8fe9:c4815, 28b540ac-241d-462a-a56c-509e92928066:c4815]
2019-08-20 22:34:52,362 | INFO  | DNAudit | user=null | ip=null | op=WRITE_CHUNK {blockData=conID: 3 locID: 102651690498654872 bcsId: 4817} | ret=SUCCESS |  
2019-08-20 22:34:52,365 | INFO  | DNAudit | user=null | ip=null | op=WRITE_CHUNK {blockData=conID: 3 locID: 102651690498654872 bcsId: 4817} | ret=SUCCESS |  
2019-08-20 22:34:52,365 | INFO  | DNAudit | user=null | ip=null | op=WRITE_CHUNK {blockData=conID: 3 locID: 102651690498654872 bcsId: 4817} | ret=SUCCESS |  
2019-08-20 22:34:52,375 | INFO  | DNAudit | user=null | ip=null | op=WRITE_CHUNK {blockData=conID: 3 locID: 102651690498654872 bcsId: 4817} | ret=SUCCESS |  
2019-08-20 22:34:52,376 | INFO  | DNAudit | user=null | ip=null | op=PUT_BLOCK {blockData=[blockId=conID: 3 locID: 102651690498654872 bcsId: 0,size=3145728]} | ret=SUCCESS |  
2019-08-20 22:34:52,376 [grpc-default-executor-5] INFO  client.GrpcClientProtocolClient (GrpcClientProtocolClient.java:onNext(255)) - client-391BA870FC40->947ec526-030f-41cc-8af7-a6f75e712ab0: receive RaftClientReply:client-391BA870FC40->947ec526-030f-41cc-8af7-a6f75e712ab0@group-5D45C35602B2, cid=3207, SUCCESS, logIndex=4822, commits[947ec526-030f-41cc-8af7-a6f75e712ab0:c4823, c447b9b6-dde2-4ce7-aa81-d0e2eddc8fe9:c4821, 28b540ac-241d-462a-a56c-509e92928066:c4821]
2019-08-20 22:34:52,376 [grpc-default-executor-5] INFO  client.GrpcClientProtocolClient (GrpcClientProtocolClient.java:onNext(255)) - client-391BA870FC40->947ec526-030f-41cc-8af7-a6f75e712ab0: receive RaftClientReply:client-391BA870FC40->947ec526-030f-41cc-8af7-a6f75e712ab0@group-5D45C35602B2, cid=3208, SUCCESS, logIndex=4823, commits[947ec526-030f-41cc-8af7-a6f75e712ab0:c4823, c447b9b6-dde2-4ce7-aa81-d0e2eddc8fe9:c4821, 28b540ac-241d-462a-a56c-509e92928066:c4821]
2019-08-20 22:34:52,382 | INFO  | DNAudit | user=null | ip=null | op=WRITE_CHUNK {blockData=conID: 3 locID: 102651690498654872 bcsId: 4823} | ret=SUCCESS |  
2019-08-20 22:34:52,384 | INFO  | DNAudit | user=null | ip=null | op=WRITE_CHUNK {blockData=conID: 3 locID: 102651690498654872 bcsId: 4823} | ret=SUCCESS |  
2019-08-20 22:34:52,384 | INFO  | DNAudit | user=null | ip=null | op=WRITE_CHUNK {blockData=conID: 3 locID: 102651690498654872 bcsId: 4823} | ret=SUCCESS |  
2019-08-20 22:34:52,386 | INFO  | DNAudit | user=null | ip=null | op=WRITE_CHUNK {blockData=conID: 3 locID: 102651690498654872 bcsId: 4817} | ret=SUCCESS |  
2019-08-20 22:34:52,386 | INFO  | DNAudit | user=null | ip=null | op=WRITE_CHUNK {blockData=conID: 3 locID: 102651690498654872 bcsId: 4817} | ret=SUCCESS |  
2019-08-20 22:34:52,389 | INFO  | DNAudit | user=null | ip=null | op=PUT_BLOCK {blockData=[blockId=conID: 3 locID: 102651690498654872 bcsId: 0,size=3145728]} | ret=SUCCESS |  
2019-08-20 22:34:52,389 | INFO  | DNAudit | user=null | ip=null | op=PUT_BLOCK {blockData=[blockId=conID: 3 locID: 102651690498654872 bcsId: 0,size=3145728]} | ret=SUCCESS |  
2019-08-20 22:34:52,389 | INFO  | DNAudit | user=null | ip=null | op=WRITE_CHUNK {blockData=conID: 3 locID: 102651690498654872 bcsId: 4823} | ret=SUCCESS |  
2019-08-20 22:34:52,390 | INFO  | DNAudit | user=null | ip=null | op=PUT_BLOCK {blockData=[blockId=conID: 3 locID: 102651690498654872 bcsId: 0,size=4194304]} | ret=SUCCESS |  
2019-08-20 22:34:52,390 [grpc-default-executor-5] INFO  client.GrpcClientProtocolClient (GrpcClientProtocolClient.java:onNext(255)) - client-391BA870FC40->947ec526-030f-41cc-8af7-a6f75e712ab0: receive RaftClientReply:client-391BA870FC40->947ec526-030f-41cc-8af7-a6f75e712ab0@group-5D45C35602B2, cid=3209, SUCCESS, logIndex=4826, commits[947ec526-030f-41cc-8af7-a6f75e712ab0:c4826, c447b9b6-dde2-4ce7-aa81-d0e2eddc8fe9:c4823, 28b540ac-241d-462a-a56c-509e92928066:c4823]
2019-08-20 22:34:52,390 [grpc-default-executor-5] INFO  client.GrpcClientProtocolClient (GrpcClientProtocolClient.java:onNext(255)) - client-391BA870FC40->947ec526-030f-41cc-8af7-a6f75e712ab0: receive RaftClientReply:client-391BA870FC40->947ec526-030f-41cc-8af7-a6f75e712ab0@group-5D45C35602B2, cid=3210, SUCCESS, logIndex=4827, commits[947ec526-030f-41cc-8af7-a6f75e712ab0:c4827, c447b9b6-dde2-4ce7-aa81-d0e2eddc8fe9:c4823, 28b540ac-241d-462a-a56c-509e92928066:c4823]
2019-08-20 22:34:52,401 | INFO  | DNAudit | user=null | ip=null | op=WRITE_CHUNK {blockData=conID: 3 locID: 102651690498654872 bcsId: 4823} | ret=SUCCESS |  
2019-08-20 22:34:52,401 | INFO  | DNAudit | user=null | ip=null | op=WRITE_CHUNK {blockData=conID: 3 locID: 102651690498654872 bcsId: 4823} | ret=SUCCESS |  
2019-08-20 22:34:52,404 | INFO  | DNAudit | user=null | ip=null | op=PUT_BLOCK {blockData=[blockId=conID: 3 locID: 102651690498654872 bcsId: 0,size=4194304]} | ret=SUCCESS |  
2019-08-20 22:34:52,404 | INFO  | DNAudit | user=null | ip=null | op=PUT_BLOCK {blockData=[blockId=conID: 3 locID: 102651690498654872 bcsId: 0,size=4194304]} | ret=SUCCESS |  
2019-08-20 22:34:52,404 [grpc-default-executor-5] INFO  client.GrpcClientProtocolClient (GrpcClientProtocolClient.java:onNext(255)) - client-391BA870FC40->947ec526-030f-41cc-8af7-a6f75e712ab0: receive RaftClientReply:client-391BA870FC40->947ec526-030f-41cc-8af7-a6f75e712ab0@group-5D45C35602B2, cid=3211, SUCCESS, logIndex=0, commits[947ec526-030f-41cc-8af7-a6f75e712ab0:c4829, c447b9b6-dde2-4ce7-aa81-d0e2eddc8fe9:c4827, 28b540ac-241d-462a-a56c-509e92928066:c4827]
2019-08-20 22:34:52,410 | INFO  | SCMAudit | user=jenkins1000 | ip=192.168.5.142 | op=ALLOCATE_BLOCK {owner=6f694d07-2a2f-44d9-8e1c-aaa094a2f647, size=4194304, type=RATIS, factor=THREE} | ret=SUCCESS |  
2019-08-20 22:34:52,414 | INFO  | OMAudit | user=jenkins1000 | ip=127.0.0.1 | op=ALLOCATE_BLOCK {volume=vol-0-80747, bucket=bucket-0-27686, key=key-0-47435, dataSize=0, replicationType=null, replicationFactor=null, keyLocationInfo=null, clientID=102651687805452690} | ret=SUCCESS |  
2019-08-20 22:34:52,420 | INFO  | DNAudit | user=null | ip=null | op=WRITE_CHUNK {blockData=conID: 1 locID: 102651690510582425 bcsId: 0} | ret=SUCCESS |  
2019-08-20 22:34:52,422 | INFO  | DNAudit | user=null | ip=null | op=WRITE_CHUNK {blockData=conID: 1 locID: 102651690510582425 bcsId: 0} | ret=SUCCESS |  
2019-08-20 22:34:52,423 | INFO  | DNAudit | user=null | ip=null | op=WRITE_CHUNK {blockData=conID: 1 locID: 102651690510582425 bcsId: 0} | ret=SUCCESS |  
2019-08-20 22:34:52,424 | INFO  | DNAudit | user=null | ip=null | op=WRITE_CHUNK {blockData=conID: 1 locID: 102651690510582425 bcsId: 0} | ret=SUCCESS |  
2019-08-20 22:34:52,425 | INFO  | DNAudit | user=null | ip=null | op=WRITE_CHUNK {blockData=conID: 1 locID: 102651690510582425 bcsId: 0} | ret=SUCCESS |  
2019-08-20 22:34:52,426 | INFO  | DNAudit | user=null | ip=null | op=WRITE_CHUNK {blockData=conID: 1 locID: 102651690510582425 bcsId: 0} | ret=SUCCESS |  
2019-08-20 22:34:52,433 | INFO  | DNAudit | user=null | ip=null | op=WRITE_CHUNK {blockData=conID: 1 locID: 102651690510582425 bcsId: 0} | ret=SUCCESS |  
2019-08-20 22:34:52,433 | INFO  | DNAudit | user=null | ip=null | op=PUT_BLOCK {blockData=[blockId=conID: 1 locID: 102651690510582425 bcsId: 0,size=1048576]} | ret=SUCCESS |  
2019-08-20 22:34:52,433 [grpc-default-executor-5] INFO  client.GrpcClientProtocolClient (GrpcClientProtocolClient.java:onNext(255)) - client-391BA870FC40->947ec526-030f-41cc-8af7-a6f75e712ab0: receive RaftClientReply:client-391BA870FC40->947ec526-030f-41cc-8af7-a6f75e712ab0@group-5D45C35602B2, cid=3212, SUCCESS, logIndex=4830, commits[947ec526-030f-41cc-8af7-a6f75e712ab0:c4831, c447b9b6-dde2-4ce7-aa81-d0e2eddc8fe9:c4829, 28b540ac-241d-462a-a56c-509e92928066:c4829]
2019-08-20 22:34:52,434 [grpc-default-executor-5] INFO  client.GrpcClientProtocolClient (GrpcClientProtocolClient.java:onNext(255)) - client-391BA870FC40->947ec526-030f-41cc-8af7-a6f75e712ab0: receive RaftClientReply:client-391BA870FC40->947ec526-030f-41cc-8af7-a6f75e712ab0@group-5D45C35602B2, cid=3213, SUCCESS, logIndex=4831, commits[947ec526-030f-41cc-8af7-a6f75e712ab0:c4831, c447b9b6-dde2-4ce7-aa81-d0e2eddc8fe9:c4829, 28b540ac-241d-462a-a56c-509e92928066:c4829]
2019-08-20 22:34:52,435 | INFO  | DNAudit | user=null | ip=null | op=WRITE_CHUNK {blockData=conID: 1 locID: 102651690510582425 bcsId: 0} | ret=SUCCESS |  
2019-08-20 22:34:52,435 | INFO  | DNAudit | user=null | ip=null | op=PUT_BLOCK {blockData=[blockId=conID: 1 locID: 102651690510582425 bcsId: 0,size=2097152]} | ret=SUCCESS |  
2019-08-20 22:34:52,435 [grpc-default-executor-5] INFO  client.GrpcClientProtocolClient (GrpcClientProtocolClient.java:onNext(255)) - client-391BA870FC40->947ec526-030f-41cc-8af7-a6f75e712ab0: receive RaftClientReply:client-391BA870FC40->947ec526-030f-41cc-8af7-a6f75e712ab0@group-5D45C35602B2, cid=3214, SUCCESS, logIndex=4832, commits[947ec526-030f-41cc-8af7-a6f75e712ab0:c4833, c447b9b6-dde2-4ce7-aa81-d0e2eddc8fe9:c4829, 28b540ac-241d-462a-a56c-509e92928066:c4829]
2019-08-20 22:34:52,436 [grpc-default-executor-5] INFO  client.GrpcClientProtocolClient (GrpcClientProtocolClient.java:onNext(255)) - client-391BA870FC40->947ec526-030f-41cc-8af7-a6f75e712ab0: receive RaftClientReply:client-391BA870FC40->947ec526-030f-41cc-8af7-a6f75e712ab0@group-5D45C35602B2, cid=3215, SUCCESS, logIndex=4833, commits[947ec526-030f-41cc-8af7-a6f75e712ab0:c4833, c447b9b6-dde2-4ce7-aa81-d0e2eddc8fe9:c4829, 28b540ac-241d-462a-a56c-509e92928066:c4829]
2019-08-20 22:34:52,446 | INFO  | DNAudit | user=null | ip=null | op=WRITE_CHUNK {blockData=conID: 1 locID: 102651690510582425 bcsId: 0} | ret=SUCCESS |  
2019-08-20 22:34:52,446 | INFO  | DNAudit | user=null | ip=null | op=WRITE_CHUNK {blockData=conID: 1 locID: 102651690510582425 bcsId: 0} | ret=SUCCESS |  
2019-08-20 22:34:52,446 | INFO  | DNAudit | user=null | ip=null | op=PUT_BLOCK {blockData=[blockId=conID: 1 locID: 102651690510582425 bcsId: 0,size=1048576]} | ret=SUCCESS |  
2019-08-20 22:34:52,446 | INFO  | DNAudit | user=null | ip=null | op=PUT_BLOCK {blockData=[blockId=conID: 1 locID: 102651690510582425 bcsId: 0,size=1048576]} | ret=SUCCESS |  
2019-08-20 22:34:52,447 [grpc-default-executor-5] INFO  client.GrpcClientProtocolClient (GrpcClientProtocolClient.java:onNext(255)) - client-391BA870FC40->947ec526-030f-41cc-8af7-a6f75e712ab0: receive RaftClientReply:client-391BA870FC40->947ec526-030f-41cc-8af7-a6f75e712ab0@group-5D45C35602B2, cid=3216, SUCCESS, logIndex=0, commits[947ec526-030f-41cc-8af7-a6f75e712ab0:c4835, c447b9b6-dde2-4ce7-aa81-d0e2eddc8fe9:c4831, 28b540ac-241d-462a-a56c-509e92928066:c4831]
2019-08-20 22:34:52,449 | INFO  | DNAudit | user=null | ip=null | op=WRITE_CHUNK {blockData=conID: 1 locID: 102651690510582425 bcsId: 0} | ret=SUCCESS |  
2019-08-20 22:34:52,449 | INFO  | DNAudit | user=null | ip=null | op=PUT_BLOCK {blockData=[blockId=conID: 1 locID: 102651690510582425 bcsId: 0,size=2097152]} | ret=SUCCESS |  
2019-08-20 22:34:52,449 | INFO  | DNAudit | user=null | ip=null | op=WRITE_CHUNK {blockData=conID: 1 locID: 102651690510582425 bcsId: 0} | ret=SUCCESS |  
2019-08-20 22:34:52,449 | INFO  | DNAudit | user=null | ip=null | op=PUT_BLOCK {blockData=[blockId=conID: 1 locID: 102651690510582425 bcsId: 0,size=2097152]} | ret=SUCCESS |  
2019-08-20 22:34:52,452 | INFO  | DNAudit | user=null | ip=null | op=WRITE_CHUNK {blockData=conID: 1 locID: 102651690510582425 bcsId: 4833} | ret=SUCCESS |  
2019-08-20 22:34:52,454 | INFO  | DNAudit | user=null | ip=null | op=WRITE_CHUNK {blockData=conID: 1 locID: 102651690510582425 bcsId: 4833} | ret=SUCCESS |  
2019-08-20 22:34:52,454 | INFO  | DNAudit | user=null | ip=null | op=WRITE_CHUNK {blockData=conID: 1 locID: 102651690510582425 bcsId: 4833} | ret=SUCCESS |  
2019-08-20 22:34:52,466 | INFO  | DNAudit | user=null | ip=null | op=WRITE_CHUNK {blockData=conID: 1 locID: 102651690510582425 bcsId: 4833} | ret=SUCCESS |  
2019-08-20 22:34:52,466 | INFO  | DNAudit | user=null | ip=null | op=PUT_BLOCK {blockData=[blockId=conID: 1 locID: 102651690510582425 bcsId: 0,size=3145728]} | ret=SUCCESS |  
2019-08-20 22:34:52,466 [grpc-default-executor-3] INFO  client.GrpcClientProtocolClient (GrpcClientProtocolClient.java:onNext(255)) - client-391BA870FC40->947ec526-030f-41cc-8af7-a6f75e712ab0: receive RaftClientReply:client-391BA870FC40->947ec526-030f-41cc-8af7-a6f75e712ab0@group-5D45C35602B2, cid=3217, SUCCESS, logIndex=4838, commits[947ec526-030f-41cc-8af7-a6f75e712ab0:c4839, c447b9b6-dde2-4ce7-aa81-d0e2eddc8fe9:c4837, 28b540ac-241d-462a-a56c-509e92928066:c4837]
2019-08-20 22:34:52,466 [grpc-default-executor-3] INFO  client.GrpcClientProtocolClient (GrpcClientProtocolClient.java:onNext(255)) - client-391BA870FC40->947ec526-030f-41cc-8af7-a6f75e712ab0: receive RaftClientReply:client-391BA870FC40->947ec526-030f-41cc-8af7-a6f75e712ab0@group-5D45C35602B2, cid=3218, SUCCESS, logIndex=4839, commits[947ec526-030f-41cc-8af7-a6f75e712ab0:c4839, c447b9b6-dde2-4ce7-aa81-d0e2eddc8fe9:c4837, 28b540ac-241d-462a-a56c-509e92928066:c4837]
2019-08-20 22:34:52,471 | INFO  | DNAudit | user=null | ip=null | op=WRITE_CHUNK {blockData=conID: 1 locID: 102651690510582425 bcsId: 4839} | ret=SUCCESS |  
2019-08-20 22:34:52,473 | INFO  | DNAudit | user=null | ip=null | op=WRITE_CHUNK {blockData=conID: 1 locID: 102651690510582425 bcsId: 4839} | ret=SUCCESS |  
2019-08-20 22:34:52,473 | INFO  | DNAudit | user=null | ip=null | op=WRITE_CHUNK {blockData=conID: 1 locID: 102651690510582425 bcsId: 4839} | ret=SUCCESS |  
2019-08-20 22:34:52,477 | INFO  | DNAudit | user=null | ip=null | op=WRITE_CHUNK {blockData=conID: 1 locID: 102651690510582425 bcsId: 4833} | ret=SUCCESS |  
2019-08-20 22:34:52,477 | INFO  | DNAudit | user=null | ip=null | op=WRITE_CHUNK {blockData=conID: 1 locID: 102651690510582425 bcsId: 4833} | ret=SUCCESS |  
2019-08-20 22:34:52,480 | INFO  | DNAudit | user=null | ip=null | op=PUT_BLOCK {blockData=[blockId=conID: 1 locID: 102651690510582425 bcsId: 0,size=3145728]} | ret=SUCCESS |  
2019-08-20 22:34:52,480 | INFO  | DNAudit | user=null | ip=null | op=PUT_BLOCK {blockData=[blockId=conID: 1 locID: 102651690510582425 bcsId: 0,size=3145728]} | ret=SUCCESS |  
2019-08-20 22:34:52,481 | INFO  | DNAudit | user=null | ip=null | op=WRITE_CHUNK {blockData=conID: 1 locID: 102651690510582425 bcsId: 4839} | ret=SUCCESS |  
2019-08-20 22:34:52,481 | INFO  | DNAudit | user=null | ip=null | op=PUT_BLOCK {blockData=[blockId=conID: 1 locID: 102651690510582425 bcsId: 0,size=4194304]} | ret=SUCCESS |  
2019-08-20 22:34:52,481 [grpc-default-executor-1] INFO  client.GrpcClientProtocolClient (GrpcClientProtocolClient.java:onNext(255)) - client-391BA870FC40->947ec526-030f-41cc-8af7-a6f75e712ab0: receive RaftClientReply:client-391BA870FC40->947ec526-030f-41cc-8af7-a6f75e712ab0@group-5D45C35602B2, cid=3219, SUCCESS, logIndex=4842, commits[947ec526-030f-41cc-8af7-a6f75e712ab0:c4843, c447b9b6-dde2-4ce7-aa81-d0e2eddc8fe9:c4839, 28b540ac-241d-462a-a56c-509e92928066:c4839]
2019-08-20 22:34:52,481 [grpc-default-executor-1] INFO  client.GrpcClientProtocolClient (GrpcClientProtocolClient.java:onNext(255)) - client-391BA870FC40->947ec526-030f-41cc-8af7-a6f75e712ab0: receive RaftClientReply:client-391BA870FC40->947ec526-030f-41cc-8af7-a6f75e712ab0@group-5D45C35602B2, cid=3220, SUCCESS, logIndex=4843, commits[947ec526-030f-41cc-8af7-a6f75e712ab0:c4843, c447b9b6-dde2-4ce7-aa81-d0e2eddc8fe9:c4839, 28b540ac-241d-462a-a56c-509e92928066:c4839]
2019-08-20 22:34:52,492 | INFO  | DNAudit | user=null | ip=null | op=WRITE_CHUNK {blockData=conID: 1 locID: 102651690510582425 bcsId: 4839} | ret=SUCCESS |  
2019-08-20 22:34:52,492 | INFO  | DNAudit | user=null | ip=null | op=WRITE_CHUNK {blockData=conID: 1 locID: 102651690510582425 bcsId: 4839} | ret=SUCCESS |  
2019-08-20 22:34:52,494 | INFO  | DNAudit | user=null | ip=null | op=PUT_BLOCK {blockData=[blockId=conID: 1 locID: 102651690510582425 bcsId: 0,size=4194304]} | ret=SUCCESS |  
2019-08-20 22:34:52,495 | INFO  | DNAudit | user=null | ip=null | op=PUT_BLOCK {blockData=[blockId=conID: 1 locID: 102651690510582425 bcsId: 0,size=4194304]} | ret=SUCCESS |  
2019-08-20 22:34:52,495 [grpc-default-executor-1] INFO  client.GrpcClientProtocolClient (GrpcClientProtocolClient.java:onNext(255)) - client-391BA870FC40->947ec526-030f-41cc-8af7-a6f75e712ab0: receive RaftClientReply:client-391BA870FC40->947ec526-030f-41cc-8af7-a6f75e712ab0@group-5D45C35602B2, cid=3221, SUCCESS, logIndex=0, commits[947ec526-030f-41cc-8af7-a6f75e712ab0:c4845, c447b9b6-dde2-4ce7-aa81-d0e2eddc8fe9:c4843, 28b540ac-241d-462a-a56c-509e92928066:c4843]
2019-08-20 22:34:52,499 | INFO  | SCMAudit | user=jenkins1000 | ip=192.168.5.142 | op=ALLOCATE_BLOCK {owner=6f694d07-2a2f-44d9-8e1c-aaa094a2f647, size=4194304, type=RATIS, factor=THREE} | ret=SUCCESS |  
2019-08-20 22:34:52,503 | INFO  | OMAudit | user=jenkins1000 | ip=127.0.0.1 | op=ALLOCATE_BLOCK {volume=vol-0-80747, bucket=bucket-0-27686, key=key-0-47435, dataSize=0, replicationType=null, replicationFactor=null, keyLocationInfo=null, clientID=102651687805452690} | ret=SUCCESS |  
2019-08-20 22:34:52,508 | INFO  | DNAudit | user=null | ip=null | op=WRITE_CHUNK {blockData=conID: 2 locID: 102651690516415130 bcsId: 0} | ret=SUCCESS |  
2019-08-20 22:34:52,510 | INFO  | DNAudit | user=null | ip=null | op=WRITE_CHUNK {blockData=conID: 2 locID: 102651690516415130 bcsId: 0} | ret=SUCCESS |  
2019-08-20 22:34:52,510 | INFO  | DNAudit | user=null | ip=null | op=WRITE_CHUNK {blockData=conID: 2 locID: 102651690516415130 bcsId: 0} | ret=SUCCESS |  
2019-08-20 22:34:52,510 | INFO  | DNAudit | user=null | ip=null | op=WRITE_CHUNK {blockData=conID: 2 locID: 102651690516415130 bcsId: 0} | ret=SUCCESS |  
2019-08-20 22:34:52,512 | INFO  | DNAudit | user=null | ip=null | op=WRITE_CHUNK {blockData=conID: 2 locID: 102651690516415130 bcsId: 0} | ret=SUCCESS |  
2019-08-20 22:34:52,513 | INFO  | DNAudit | user=null | ip=null | op=WRITE_CHUNK {blockData=conID: 2 locID: 102651690516415130 bcsId: 0} | ret=SUCCESS |  
2019-08-20 22:34:52,513 | INFO  | DNAudit | user=null | ip=null | op=WRITE_CHUNK {blockData=conID: 2 locID: 102651690516415130 bcsId: 0} | ret=SUCCESS |  
2019-08-20 22:34:52,514 | INFO  | DNAudit | user=null | ip=null | op=PUT_BLOCK {blockData=[blockId=conID: 2 locID: 102651690516415130 bcsId: 0,size=1048576]} | ret=SUCCESS |  
2019-08-20 22:34:52,514 [grpc-default-executor-3] INFO  client.GrpcClientProtocolClient (GrpcClientProtocolClient.java:onNext(255)) - client-391BA870FC40->947ec526-030f-41cc-8af7-a6f75e712ab0: receive RaftClientReply:client-391BA870FC40->947ec526-030f-41cc-8af7-a6f75e712ab0@group-5D45C35602B2, cid=3222, SUCCESS, logIndex=4846, commits[947ec526-030f-41cc-8af7-a6f75e712ab0:c4847, c447b9b6-dde2-4ce7-aa81-d0e2eddc8fe9:c4845, 28b540ac-241d-462a-a56c-509e92928066:c4845]
2019-08-20 22:34:52,514 | INFO  | DNAudit | user=null | ip=null | op=WRITE_CHUNK {blockData=conID: 2 locID: 102651690516415130 bcsId: 0} | ret=SUCCESS |  
2019-08-20 22:34:52,514 [grpc-default-executor-2] INFO  client.GrpcClientProtocolClient (GrpcClientProtocolClient.java:onNext(255)) - client-391BA870FC40->947ec526-030f-41cc-8af7-a6f75e712ab0: receive RaftClientReply:client-391BA870FC40->947ec526-030f-41cc-8af7-a6f75e712ab0@group-5D45C35602B2, cid=3223, SUCCESS, logIndex=4847, commits[947ec526-030f-41cc-8af7-a6f75e712ab0:c4847, c447b9b6-dde2-4ce7-aa81-d0e2eddc8fe9:c4845, 28b540ac-241d-462a-a56c-509e92928066:c4845]
2019-08-20 22:34:52,515 | INFO  | DNAudit | user=null | ip=null | op=PUT_BLOCK {blockData=[blockId=conID: 2 locID: 102651690516415130 bcsId: 0,size=2097152]} | ret=SUCCESS |  
2019-08-20 22:34:52,515 [grpc-default-executor-2] INFO  client.GrpcClientProtocolClient (GrpcClientProtocolClient.java:onNext(255)) - client-391BA870FC40->947ec526-030f-41cc-8af7-a6f75e712ab0: receive RaftClientReply:client-391BA870FC40->947ec526-030f-41cc-8af7-a6f75e712ab0@group-5D45C35602B2, cid=3224, SUCCESS, logIndex=4848, commits[947ec526-030f-41cc-8af7-a6f75e712ab0:c4849, c447b9b6-dde2-4ce7-aa81-d0e2eddc8fe9:c4845, 28b540ac-241d-462a-a56c-509e92928066:c4845]
2019-08-20 22:34:52,515 [grpc-default-executor-2] INFO  client.GrpcClientProtocolClient (GrpcClientProtocolClient.java:onNext(255)) - client-391BA870FC40->947ec526-030f-41cc-8af7-a6f75e712ab0: receive RaftClientReply:client-391BA870FC40->947ec526-030f-41cc-8af7-a6f75e712ab0@group-5D45C35602B2, cid=3225, SUCCESS, logIndex=4849, commits[947ec526-030f-41cc-8af7-a6f75e712ab0:c4849, c447b9b6-dde2-4ce7-aa81-d0e2eddc8fe9:c4845, 28b540ac-241d-462a-a56c-509e92928066:c4845]
2019-08-20 22:34:52,527 | INFO  | DNAudit | user=null | ip=null | op=WRITE_CHUNK {blockData=conID: 2 locID: 102651690516415130 bcsId: 0} | ret=SUCCESS |  
2019-08-20 22:34:52,527 | INFO  | DNAudit | user=null | ip=null | op=PUT_BLOCK {blockData=[blockId=conID: 2 locID: 102651690516415130 bcsId: 0,size=1048576]} | ret=SUCCESS |  
2019-08-20 22:34:52,527 | INFO  | DNAudit | user=null | ip=null | op=WRITE_CHUNK {blockData=conID: 2 locID: 102651690516415130 bcsId: 0} | ret=SUCCESS |  
2019-08-20 22:34:52,527 | INFO  | DNAudit | user=null | ip=null | op=PUT_BLOCK {blockData=[blockId=conID: 2 locID: 102651690516415130 bcsId: 0,size=1048576]} | ret=SUCCESS |  
2019-08-20 22:34:52,528 | INFO  | DNAudit | user=null | ip=null | op=WRITE_CHUNK {blockData=conID: 2 locID: 102651690516415130 bcsId: 0} | ret=SUCCESS |  
2019-08-20 22:34:52,528 | INFO  | DNAudit | user=null | ip=null | op=WRITE_CHUNK {blockData=conID: 2 locID: 102651690516415130 bcsId: 0} | ret=SUCCESS |  
2019-08-20 22:34:52,528 [grpc-default-executor-2] INFO  client.GrpcClientProtocolClient (GrpcClientProtocolClient.java:onNext(255)) - client-391BA870FC40->947ec526-030f-41cc-8af7-a6f75e712ab0: receive RaftClientReply:client-391BA870FC40->947ec526-030f-41cc-8af7-a6f75e712ab0@group-5D45C35602B2, cid=3226, SUCCESS, logIndex=0, commits[947ec526-030f-41cc-8af7-a6f75e712ab0:c4851, c447b9b6-dde2-4ce7-aa81-d0e2eddc8fe9:c4847, 28b540ac-241d-462a-a56c-509e92928066:c4847]
2019-08-20 22:34:52,528 | INFO  | DNAudit | user=null | ip=null | op=PUT_BLOCK {blockData=[blockId=conID: 2 locID: 102651690516415130 bcsId: 0,size=2097152]} | ret=SUCCESS |  
2019-08-20 22:34:52,528 | INFO  | DNAudit | user=null | ip=null | op=PUT_BLOCK {blockData=[blockId=conID: 2 locID: 102651690516415130 bcsId: 0,size=2097152]} | ret=SUCCESS |  
2019-08-20 22:34:52,533 | INFO  | DNAudit | user=null | ip=null | op=WRITE_CHUNK {blockData=conID: 2 locID: 102651690516415130 bcsId: 4849} | ret=SUCCESS |  
2019-08-20 22:34:52,534 | INFO  | DNAudit | user=null | ip=null | op=WRITE_CHUNK {blockData=conID: 2 locID: 102651690516415130 bcsId: 4849} | ret=SUCCESS |  
2019-08-20 22:34:52,535 | INFO  | DNAudit | user=null | ip=null | op=WRITE_CHUNK {blockData=conID: 2 locID: 102651690516415130 bcsId: 4849} | ret=SUCCESS |  
2019-08-20 22:34:52,541 | INFO  | DNAudit | user=null | ip=null | op=WRITE_CHUNK {blockData=conID: 2 locID: 102651690516415130 bcsId: 4849} | ret=SUCCESS |  
2019-08-20 22:34:52,541 | INFO  | DNAudit | user=null | ip=null | op=PUT_BLOCK {blockData=[blockId=conID: 2 locID: 102651690516415130 bcsId: 0,size=3145728]} | ret=SUCCESS |  
2019-08-20 22:34:52,541 [grpc-default-executor-5] INFO  client.GrpcClientProtocolClient (GrpcClientProtocolClient.java:onNext(255)) - client-391BA870FC40->947ec526-030f-41cc-8af7-a6f75e712ab0: receive RaftClientReply:client-391BA870FC40->947ec526-030f-41cc-8af7-a6f75e712ab0@group-5D45C35602B2, cid=3227, SUCCESS, logIndex=4854, commits[947ec526-030f-41cc-8af7-a6f75e712ab0:c4855, c447b9b6-dde2-4ce7-aa81-d0e2eddc8fe9:c4853, 28b540ac-241d-462a-a56c-509e92928066:c4849]
2019-08-20 22:34:52,542 [grpc-default-executor-5] INFO  client.GrpcClientProtocolClient (GrpcClientProtocolClient.java:onNext(255)) - client-391BA870FC40->947ec526-030f-41cc-8af7-a6f75e712ab0: receive RaftClientReply:client-391BA870FC40->947ec526-030f-41cc-8af7-a6f75e712ab0@group-5D45C35602B2, cid=3228, SUCCESS, logIndex=4855, commits[947ec526-030f-41cc-8af7-a6f75e712ab0:c4855, c447b9b6-dde2-4ce7-aa81-d0e2eddc8fe9:c4853, 28b540ac-241d-462a-a56c-509e92928066:c4853]
2019-08-20 22:34:52,546 | INFO  | DNAudit | user=null | ip=null | op=WRITE_CHUNK {blockData=conID: 2 locID: 102651690516415130 bcsId: 4855} | ret=SUCCESS |  
2019-08-20 22:34:52,549 | INFO  | DNAudit | user=null | ip=null | op=WRITE_CHUNK {blockData=conID: 2 locID: 102651690516415130 bcsId: 4855} | ret=SUCCESS |  
2019-08-20 22:34:52,549 | INFO  | DNAudit | user=null | ip=null | op=WRITE_CHUNK {blockData=conID: 2 locID: 102651690516415130 bcsId: 4855} | ret=SUCCESS |  
2019-08-20 22:34:52,554 | INFO  | DNAudit | user=null | ip=null | op=WRITE_CHUNK {blockData=conID: 2 locID: 102651690516415130 bcsId: 4849} | ret=SUCCESS |  
2019-08-20 22:34:52,555 | INFO  | DNAudit | user=null | ip=null | op=PUT_BLOCK {blockData=[blockId=conID: 2 locID: 102651690516415130 bcsId: 0,size=3145728]} | ret=SUCCESS |  
2019-08-20 22:34:52,556 | INFO  | DNAudit | user=null | ip=null | op=WRITE_CHUNK {blockData=conID: 2 locID: 102651690516415130 bcsId: 4849} | ret=SUCCESS |  
2019-08-20 22:34:52,557 | INFO  | DNAudit | user=null | ip=null | op=PUT_BLOCK {blockData=[blockId=conID: 2 locID: 102651690516415130 bcsId: 0,size=3145728]} | ret=SUCCESS |  
2019-08-20 22:34:52,557 | INFO  | DNAudit | user=null | ip=null | op=WRITE_CHUNK {blockData=conID: 2 locID: 102651690516415130 bcsId: 4855} | ret=SUCCESS |  
2019-08-20 22:34:52,558 | INFO  | DNAudit | user=null | ip=null | op=PUT_BLOCK {blockData=[blockId=conID: 2 locID: 102651690516415130 bcsId: 0,size=4194304]} | ret=SUCCESS |  
2019-08-20 22:34:52,558 [grpc-default-executor-2] INFO  client.GrpcClientProtocolClient (GrpcClientProtocolClient.java:onNext(255)) - client-391BA870FC40->947ec526-030f-41cc-8af7-a6f75e712ab0: receive RaftClientReply:client-391BA870FC40->947ec526-030f-41cc-8af7-a6f75e712ab0@group-5D45C35602B2, cid=3229, SUCCESS, logIndex=4858, commits[947ec526-030f-41cc-8af7-a6f75e712ab0:c4859, c447b9b6-dde2-4ce7-aa81-d0e2eddc8fe9:c4855, 28b540ac-241d-462a-a56c-509e92928066:c4854]
2019-08-20 22:34:52,558 [grpc-default-executor-2] INFO  client.GrpcClientProtocolClient (GrpcClientProtocolClient.java:onNext(255)) - client-391BA870FC40->947ec526-030f-41cc-8af7-a6f75e712ab0: receive RaftClientReply:client-391BA870FC40->947ec526-030f-41cc-8af7-a6f75e712ab0@group-5D45C35602B2, cid=3230, SUCCESS, logIndex=4859, commits[947ec526-030f-41cc-8af7-a6f75e712ab0:c4859, c447b9b6-dde2-4ce7-aa81-d0e2eddc8fe9:c4855, 28b540ac-241d-462a-a56c-509e92928066:c4855]
2019-08-20 22:34:52,569 | INFO  | DNAudit | user=null | ip=null | op=WRITE_CHUNK {blockData=conID: 2 locID: 102651690516415130 bcsId: 4855} | ret=SUCCESS |  
2019-08-20 22:34:52,569 | INFO  | DNAudit | user=null | ip=null | op=WRITE_CHUNK {blockData=conID: 2 locID: 102651690516415130 bcsId: 4855} | ret=SUCCESS |  
2019-08-20 22:34:52,569 | INFO  | DNAudit | user=null | ip=null | op=PUT_BLOCK {blockData=[blockId=conID: 2 locID: 102651690516415130 bcsId: 0,size=4194304]} | ret=SUCCESS |  
2019-08-20 22:34:52,569 | INFO  | DNAudit | user=null | ip=null | op=PUT_BLOCK {blockData=[blockId=conID: 2 locID: 102651690516415130 bcsId: 0,size=4194304]} | ret=SUCCESS |  
2019-08-20 22:34:52,569 [grpc-default-executor-2] INFO  client.GrpcClientProtocolClient (GrpcClientProtocolClient.java:onNext(255)) - client-391BA870FC40->947ec526-030f-41cc-8af7-a6f75e712ab0: receive RaftClientReply:client-391BA870FC40->947ec526-030f-41cc-8af7-a6f75e712ab0@group-5D45C35602B2, cid=3231, SUCCESS, logIndex=0, commits[947ec526-030f-41cc-8af7-a6f75e712ab0:c4860, c447b9b6-dde2-4ce7-aa81-d0e2eddc8fe9:c4859, 28b540ac-241d-462a-a56c-509e92928066:c4859]
2019-08-20 22:34:52,574 | INFO  | SCMAudit | user=jenkins1000 | ip=192.168.5.142 | op=ALLOCATE_BLOCK {owner=6f694d07-2a2f-44d9-8e1c-aaa094a2f647, size=4194304, type=RATIS, factor=THREE} | ret=SUCCESS |  
2019-08-20 22:34:52,578 | INFO  | OMAudit | user=jenkins1000 | ip=127.0.0.1 | op=ALLOCATE_BLOCK {volume=vol-0-80747, bucket=bucket-0-27686, key=key-0-47435, dataSize=0, replicationType=null, replicationFactor=null, keyLocationInfo=null, clientID=102651687805452690} | ret=SUCCESS |  
2019-08-20 22:34:52,584 | INFO  | DNAudit | user=null | ip=null | op=WRITE_CHUNK {blockData=conID: 3 locID: 102651690521330331 bcsId: 0} | ret=SUCCESS |  
2019-08-20 22:34:52,586 | INFO  | DNAudit | user=null | ip=null | op=WRITE_CHUNK {blockData=conID: 3 locID: 102651690521330331 bcsId: 0} | ret=SUCCESS |  
2019-08-20 22:34:52,586 | INFO  | DNAudit | user=null | ip=null | op=WRITE_CHUNK {blockData=conID: 3 locID: 102651690521330331 bcsId: 0} | ret=SUCCESS |  
2019-08-20 22:34:52,587 | INFO  | DNAudit | user=null | ip=null | op=WRITE_CHUNK {blockData=conID: 3 locID: 102651690521330331 bcsId: 0} | ret=SUCCESS |  
2019-08-20 22:34:52,588 | INFO  | DNAudit | user=null | ip=null | op=WRITE_CHUNK {blockData=conID: 3 locID: 102651690521330331 bcsId: 0} | ret=SUCCESS |  
2019-08-20 22:34:52,589 | INFO  | DNAudit | user=null | ip=null | op=WRITE_CHUNK {blockData=conID: 3 locID: 102651690521330331 bcsId: 0} | ret=SUCCESS |  
2019-08-20 22:34:52,596 | INFO  | DNAudit | user=null | ip=null | op=WRITE_CHUNK {blockData=conID: 3 locID: 102651690521330331 bcsId: 0} | ret=SUCCESS |  
2019-08-20 22:34:52,596 | INFO  | DNAudit | user=null | ip=null | op=PUT_BLOCK {blockData=[blockId=conID: 3 locID: 102651690521330331 bcsId: 0,size=1048576]} | ret=SUCCESS |  
2019-08-20 22:34:52,596 [grpc-default-executor-2] INFO  client.GrpcClientProtocolClient (GrpcClientProtocolClient.java:onNext(255)) - client-391BA870FC40->947ec526-030f-41cc-8af7-a6f75e712ab0: receive RaftClientReply:client-391BA870FC40->947ec526-030f-41cc-8af7-a6f75e712ab0@group-5D45C35602B2, cid=3232, SUCCESS, logIndex=4861, commits[947ec526-030f-41cc-8af7-a6f75e712ab0:c4862, c447b9b6-dde2-4ce7-aa81-d0e2eddc8fe9:c4860, 28b540ac-241d-462a-a56c-509e92928066:c4860]
2019-08-20 22:34:52,597 [grpc-default-executor-2] INFO  client.GrpcClientProtocolClient (GrpcClientProtocolClient.java:onNext(255)) - client-391BA870FC40->947ec526-030f-41cc-8af7-a6f75e712ab0: receive RaftClientReply:client-391BA870FC40->947ec526-030f-41cc-8af7-a6f75e712ab0@group-5D45C35602B2, cid=3233, SUCCESS, logIndex=4862, commits[947ec526-030f-41cc-8af7-a6f75e712ab0:c4862, c447b9b6-dde2-4ce7-aa81-d0e2eddc8fe9:c4860, 28b540ac-241d-462a-a56c-509e92928066:c4860]
2019-08-20 22:34:52,598 | INFO  | DNAudit | user=null | ip=null | op=WRITE_CHUNK {blockData=conID: 3 locID: 102651690521330331 bcsId: 0} | ret=SUCCESS |  
2019-08-20 22:34:52,599 | INFO  | DNAudit | user=null | ip=null | op=PUT_BLOCK {blockData=[blockId=conID: 3 locID: 102651690521330331 bcsId: 0,size=2097152]} | ret=SUCCESS |  
2019-08-20 22:34:52,599 [grpc-default-executor-3] INFO  client.GrpcClientProtocolClient (GrpcClientProtocolClient.java:onNext(255)) - client-391BA870FC40->947ec526-030f-41cc-8af7-a6f75e712ab0: receive RaftClientReply:client-391BA870FC40->947ec526-030f-41cc-8af7-a6f75e712ab0@group-5D45C35602B2, cid=3234, SUCCESS, logIndex=4863, commits[947ec526-030f-41cc-8af7-a6f75e712ab0:c4864, c447b9b6-dde2-4ce7-aa81-d0e2eddc8fe9:c4860, 28b540ac-241d-462a-a56c-509e92928066:c4860]
2019-08-20 22:34:52,599 [grpc-default-executor-3] INFO  client.GrpcClientProtocolClient (GrpcClientProtocolClient.java:onNext(255)) - client-391BA870FC40->947ec526-030f-41cc-8af7-a6f75e712ab0: receive RaftClientReply:client-391BA870FC40->947ec526-030f-41cc-8af7-a6f75e712ab0@group-5D45C35602B2, cid=3235, SUCCESS, logIndex=4864, commits[947ec526-030f-41cc-8af7-a6f75e712ab0:c4864, c447b9b6-dde2-4ce7-aa81-d0e2eddc8fe9:c4860, 28b540ac-241d-462a-a56c-509e92928066:c4860]
2019-08-20 22:34:52,610 | INFO  | DNAudit | user=null | ip=null | op=WRITE_CHUNK {blockData=conID: 3 locID: 102651690521330331 bcsId: 0} | ret=SUCCESS |  
2019-08-20 22:34:52,610 | INFO  | DNAudit | user=null | ip=null | op=WRITE_CHUNK {blockData=conID: 3 locID: 102651690521330331 bcsId: 0} | ret=SUCCESS |  
2019-08-20 22:34:52,610 | INFO  | DNAudit | user=null | ip=null | op=PUT_BLOCK {blockData=[blockId=conID: 3 locID: 102651690521330331 bcsId: 0,size=1048576]} | ret=SUCCESS |  
2019-08-20 22:34:52,610 | INFO  | DNAudit | user=null | ip=null | op=PUT_BLOCK {blockData=[blockId=conID: 3 locID: 102651690521330331 bcsId: 0,size=1048576]} | ret=SUCCESS |  
2019-08-20 22:34:52,610 [grpc-default-executor-2] INFO  client.GrpcClientProtocolClient (GrpcClientProtocolClient.java:onNext(255)) - client-391BA870FC40->947ec526-030f-41cc-8af7-a6f75e712ab0: receive RaftClientReply:client-391BA870FC40->947ec526-030f-41cc-8af7-a6f75e712ab0@group-5D45C35602B2, cid=3236, SUCCESS, logIndex=0, commits[947ec526-030f-41cc-8af7-a6f75e712ab0:c4865, c447b9b6-dde2-4ce7-aa81-d0e2eddc8fe9:c4862, 28b540ac-241d-462a-a56c-509e92928066:c4862]
2019-08-20 22:34:52,611 | INFO  | DNAudit | user=null | ip=null | op=WRITE_CHUNK {blockData=conID: 3 locID: 102651690521330331 bcsId: 0} | ret=SUCCESS |  
2019-08-20 22:34:52,611 | INFO  | DNAudit | user=null | ip=null | op=PUT_BLOCK {blockData=[blockId=conID: 3 locID: 102651690521330331 bcsId: 0,size=2097152]} | ret=SUCCESS |  
2019-08-20 22:34:52,611 | INFO  | DNAudit | user=null | ip=null | op=WRITE_CHUNK {blockData=conID: 3 locID: 102651690521330331 bcsId: 0} | ret=SUCCESS |  
2019-08-20 22:34:52,611 | INFO  | DNAudit | user=null | ip=null | op=PUT_BLOCK {blockData=[blockId=conID: 3 locID: 102651690521330331 bcsId: 0,size=2097152]} | ret=SUCCESS |  
2019-08-20 22:34:52,616 | INFO  | DNAudit | user=null | ip=null | op=WRITE_CHUNK {blockData=conID: 3 locID: 102651690521330331 bcsId: 4864} | ret=SUCCESS |  
2019-08-20 22:34:52,617 | INFO  | DNAudit | user=null | ip=null | op=WRITE_CHUNK {blockData=conID: 3 locID: 102651690521330331 bcsId: 4864} | ret=SUCCESS |  
2019-08-20 22:34:52,618 | INFO  | DNAudit | user=null | ip=null | op=WRITE_CHUNK {blockData=conID: 3 locID: 102651690521330331 bcsId: 4864} | ret=SUCCESS |  
2019-08-20 22:34:52,628 | INFO  | DNAudit | user=null | ip=null | op=WRITE_CHUNK {blockData=conID: 3 locID: 102651690521330331 bcsId: 4864} | ret=SUCCESS |  
2019-08-20 22:34:52,628 | INFO  | DNAudit | user=null | ip=null | op=PUT_BLOCK {blockData=[blockId=conID: 3 locID: 102651690521330331 bcsId: 0,size=3145728]} | ret=SUCCESS |  
2019-08-20 22:34:52,628 [grpc-default-executor-5] INFO  client.GrpcClientProtocolClient (GrpcClientProtocolClient.java:onNext(255)) - client-391BA870FC40->947ec526-030f-41cc-8af7-a6f75e712ab0: receive RaftClientReply:client-391BA870FC40->947ec526-030f-41cc-8af7-a6f75e712ab0@group-5D45C35602B2, cid=3237, SUCCESS, logIndex=4869, commits[947ec526-030f-41cc-8af7-a6f75e712ab0:c4870, c447b9b6-dde2-4ce7-aa81-d0e2eddc8fe9:c4868, 28b540ac-241d-462a-a56c-509e92928066:c4868]
2019-08-20 22:34:52,628 [grpc-default-executor-5] INFO  client.GrpcClientProtocolClient (GrpcClientProtocolClient.java:onNext(255)) - client-391BA870FC40->947ec526-030f-41cc-8af7-a6f75e712ab0: receive RaftClientReply:client-391BA870FC40->947ec526-030f-41cc-8af7-a6f75e712ab0@group-5D45C35602B2, cid=3238, SUCCESS, logIndex=4870, commits[947ec526-030f-41cc-8af7-a6f75e712ab0:c4870, c447b9b6-dde2-4ce7-aa81-d0e2eddc8fe9:c4868, 28b540ac-241d-462a-a56c-509e92928066:c4868]
2019-08-20 22:34:52,634 | INFO  | DNAudit | user=null | ip=null | op=WRITE_CHUNK {blockData=conID: 3 locID: 102651690521330331 bcsId: 4870} | ret=SUCCESS |  
2019-08-20 22:34:52,635 | INFO  | DNAudit | user=null | ip=null | op=WRITE_CHUNK {blockData=conID: 3 locID: 102651690521330331 bcsId: 4870} | ret=SUCCESS |  
2019-08-20 22:34:52,635 | INFO  | DNAudit | user=null | ip=null | op=WRITE_CHUNK {blockData=conID: 3 locID: 102651690521330331 bcsId: 4870} | ret=SUCCESS |  
2019-08-20 22:34:52,641 | INFO  | DNAudit | user=null | ip=null | op=WRITE_CHUNK {blockData=conID: 3 locID: 102651690521330331 bcsId: 4864} | ret=SUCCESS |  
2019-08-20 22:34:52,641 | INFO  | DNAudit | user=null | ip=null | op=WRITE_CHUNK {blockData=conID: 3 locID: 102651690521330331 bcsId: 4864} | ret=SUCCESS |  
2019-08-20 22:34:52,652 | INFO  | DNAudit | user=null | ip=null | op=PUT_BLOCK {blockData=[blockId=conID: 3 locID: 102651690521330331 bcsId: 0,size=3145728]} | ret=SUCCESS |  
2019-08-20 22:34:52,652 | INFO  | DNAudit | user=null | ip=null | op=PUT_BLOCK {blockData=[blockId=conID: 3 locID: 102651690521330331 bcsId: 0,size=3145728]} | ret=SUCCESS |  
2019-08-20 22:34:52,653 | INFO  | DNAudit | user=null | ip=null | op=WRITE_CHUNK {blockData=conID: 3 locID: 102651690521330331 bcsId: 4870} | ret=SUCCESS |  
2019-08-20 22:34:52,653 | INFO  | DNAudit | user=null | ip=null | op=PUT_BLOCK {blockData=[blockId=conID: 3 locID: 102651690521330331 bcsId: 0,size=4194304]} | ret=SUCCESS |  
2019-08-20 22:34:52,653 [grpc-default-executor-3] INFO  client.GrpcClientProtocolClient (GrpcClientProtocolClient.java:onNext(255)) - client-391BA870FC40->947ec526-030f-41cc-8af7-a6f75e712ab0: receive RaftClientReply:client-391BA870FC40->947ec526-030f-41cc-8af7-a6f75e712ab0@group-5D45C35602B2, cid=3239, SUCCESS, logIndex=4873, commits[947ec526-030f-41cc-8af7-a6f75e712ab0:c4874, c447b9b6-dde2-4ce7-aa81-d0e2eddc8fe9:c4870, 28b540ac-241d-462a-a56c-509e92928066:c4870]
2019-08-20 22:34:52,653 [grpc-default-executor-3] INFO  client.GrpcClientProtocolClient (GrpcClientProtocolClient.java:onNext(255)) - client-391BA870FC40->947ec526-030f-41cc-8af7-a6f75e712ab0: receive RaftClientReply:client-391BA870FC40->947ec526-030f-41cc-8af7-a6f75e712ab0@group-5D45C35602B2, cid=3240, SUCCESS, logIndex=4874, commits[947ec526-030f-41cc-8af7-a6f75e712ab0:c4874, c447b9b6-dde2-4ce7-aa81-d0e2eddc8fe9:c4870, 28b540ac-241d-462a-a56c-509e92928066:c4870]
2019-08-20 22:34:52,664 | INFO  | DNAudit | user=null | ip=null | op=WRITE_CHUNK {blockData=conID: 3 locID: 102651690521330331 bcsId: 4870} | ret=SUCCESS |  
2019-08-20 22:34:52,664 | INFO  | DNAudit | user=null | ip=null | op=WRITE_CHUNK {blockData=conID: 3 locID: 102651690521330331 bcsId: 4870} | ret=SUCCESS |  
2019-08-20 22:34:52,667 | INFO  | DNAudit | user=null | ip=null | op=PUT_BLOCK {blockData=[blockId=conID: 3 locID: 102651690521330331 bcsId: 0,size=4194304]} | ret=SUCCESS |  
2019-08-20 22:34:52,667 | INFO  | DNAudit | user=null | ip=null | op=PUT_BLOCK {blockData=[blockId=conID: 3 locID: 102651690521330331 bcsId: 0,size=4194304]} | ret=SUCCESS |  
2019-08-20 22:34:52,667 [grpc-default-executor-5] INFO  client.GrpcClientProtocolClient (GrpcClientProtocolClient.java:onNext(255)) - client-391BA870FC40->947ec526-030f-41cc-8af7-a6f75e712ab0: receive RaftClientReply:client-391BA870FC40->947ec526-030f-41cc-8af7-a6f75e712ab0@group-5D45C35602B2, cid=3241, SUCCESS, logIndex=0, commits[947ec526-030f-41cc-8af7-a6f75e712ab0:c4875, c447b9b6-dde2-4ce7-aa81-d0e2eddc8fe9:c4874, 28b540ac-241d-462a-a56c-509e92928066:c4874]
2019-08-20 22:34:52,672 | INFO  | SCMAudit | user=jenkins1000 | ip=192.168.5.142 | op=ALLOCATE_BLOCK {owner=6f694d07-2a2f-44d9-8e1c-aaa094a2f647, size=4194304, type=RATIS, factor=THREE} | ret=SUCCESS |  
2019-08-20 22:34:52,675 | INFO  | OMAudit | user=jenkins1000 | ip=127.0.0.1 | op=ALLOCATE_BLOCK {volume=vol-0-80747, bucket=bucket-0-27686, key=key-0-47435, dataSize=0, replicationType=null, replicationFactor=null, keyLocationInfo=null, clientID=102651687805452690} | ret=SUCCESS |  
2019-08-20 22:34:52,681 | INFO  | DNAudit | user=null | ip=null | op=WRITE_CHUNK {blockData=conID: 1 locID: 102651690527752860 bcsId: 0} | ret=SUCCESS |  
2019-08-20 22:34:52,683 | INFO  | DNAudit | user=null | ip=null | op=WRITE_CHUNK {blockData=conID: 1 locID: 102651690527752860 bcsId: 0} | ret=SUCCESS |  
2019-08-20 22:34:52,683 | INFO  | DNAudit | user=null | ip=null | op=WRITE_CHUNK {blockData=conID: 1 locID: 102651690527752860 bcsId: 0} | ret=SUCCESS |  
2019-08-20 22:34:52,684 | INFO  | DNAudit | user=null | ip=null | op=WRITE_CHUNK {blockData=conID: 1 locID: 102651690527752860 bcsId: 0} | ret=SUCCESS |  
2019-08-20 22:34:52,685 | INFO  | DNAudit | user=null | ip=null | op=WRITE_CHUNK {blockData=conID: 1 locID: 102651690527752860 bcsId: 0} | ret=SUCCESS |  
2019-08-20 22:34:52,685 | INFO  | DNAudit | user=null | ip=null | op=WRITE_CHUNK {blockData=conID: 1 locID: 102651690527752860 bcsId: 0} | ret=SUCCESS |  
2019-08-20 22:34:52,693 | INFO  | DNAudit | user=null | ip=null | op=WRITE_CHUNK {blockData=conID: 1 locID: 102651690527752860 bcsId: 0} | ret=SUCCESS |  
2019-08-20 22:34:52,693 | INFO  | DNAudit | user=null | ip=null | op=PUT_BLOCK {blockData=[blockId=conID: 1 locID: 102651690527752860 bcsId: 0,size=1048576]} | ret=SUCCESS |  
2019-08-20 22:34:52,694 [grpc-default-executor-3] INFO  client.GrpcClientProtocolClient (GrpcClientProtocolClient.java:onNext(255)) - client-391BA870FC40->947ec526-030f-41cc-8af7-a6f75e712ab0: receive RaftClientReply:client-391BA870FC40->947ec526-030f-41cc-8af7-a6f75e712ab0@group-5D45C35602B2, cid=3242, SUCCESS, logIndex=4877, commits[947ec526-030f-41cc-8af7-a6f75e712ab0:c4878, c447b9b6-dde2-4ce7-aa81-d0e2eddc8fe9:c4876, 28b540ac-241d-462a-a56c-509e92928066:c4876]
2019-08-20 22:34:52,694 [grpc-default-executor-3] INFO  client.GrpcClientProtocolClient (GrpcClientProtocolClient.java:onNext(255)) - client-391BA870FC40->947ec526-030f-41cc-8af7-a6f75e712ab0: receive RaftClientReply:client-391BA870FC40->947ec526-030f-41cc-8af7-a6f75e712ab0@group-5D45C35602B2, cid=3243, SUCCESS, logIndex=4878, commits[947ec526-030f-41cc-8af7-a6f75e712ab0:c4878, c447b9b6-dde2-4ce7-aa81-d0e2eddc8fe9:c4876, 28b540ac-241d-462a-a56c-509e92928066:c4876]
2019-08-20 22:34:52,694 | INFO  | DNAudit | user=null | ip=null | op=WRITE_CHUNK {blockData=conID: 1 locID: 102651690527752860 bcsId: 0} | ret=SUCCESS |  
2019-08-20 22:34:52,694 | INFO  | DNAudit | user=null | ip=null | op=PUT_BLOCK {blockData=[blockId=conID: 1 locID: 102651690527752860 bcsId: 0,size=2097152]} | ret=SUCCESS |  
2019-08-20 22:34:52,695 [grpc-default-executor-3] INFO  client.GrpcClientProtocolClient (GrpcClientProtocolClient.java:onNext(255)) - client-391BA870FC40->947ec526-030f-41cc-8af7-a6f75e712ab0: receive RaftClientReply:client-391BA870FC40->947ec526-030f-41cc-8af7-a6f75e712ab0@group-5D45C35602B2, cid=3244, SUCCESS, logIndex=4879, commits[947ec526-030f-41cc-8af7-a6f75e712ab0:c4880, c447b9b6-dde2-4ce7-aa81-d0e2eddc8fe9:c4876, 28b540ac-241d-462a-a56c-509e92928066:c4876]
2019-08-20 22:34:52,695 [grpc-default-executor-3] INFO  client.GrpcClientProtocolClient (GrpcClientProtocolClient.java:onNext(255)) - client-391BA870FC40->947ec526-030f-41cc-8af7-a6f75e712ab0: receive RaftClientReply:client-391BA870FC40->947ec526-030f-41cc-8af7-a6f75e712ab0@group-5D45C35602B2, cid=3245, SUCCESS, logIndex=4880, commits[947ec526-030f-41cc-8af7-a6f75e712ab0:c4880, c447b9b6-dde2-4ce7-aa81-d0e2eddc8fe9:c4876, 28b540ac-241d-462a-a56c-509e92928066:c4876]
2019-08-20 22:34:52,707 | INFO  | DNAudit | user=null | ip=null | op=WRITE_CHUNK {blockData=conID: 1 locID: 102651690527752860 bcsId: 0} | ret=SUCCESS |  
2019-08-20 22:34:52,707 | INFO  | DNAudit | user=null | ip=null | op=PUT_BLOCK {blockData=[blockId=conID: 1 locID: 102651690527752860 bcsId: 0,size=1048576]} | ret=SUCCESS |  
2019-08-20 22:34:52,709 | INFO  | DNAudit | user=null | ip=null | op=WRITE_CHUNK {blockData=conID: 1 locID: 102651690527752860 bcsId: 0} | ret=SUCCESS |  
2019-08-20 22:34:52,709 | INFO  | DNAudit | user=null | ip=null | op=PUT_BLOCK {blockData=[blockId=conID: 1 locID: 102651690527752860 bcsId: 0,size=1048576]} | ret=SUCCESS |  
2019-08-20 22:34:52,709 | INFO  | DNAudit | user=null | ip=null | op=WRITE_CHUNK {blockData=conID: 1 locID: 102651690527752860 bcsId: 0} | ret=SUCCESS |  
2019-08-20 22:34:52,709 [grpc-default-executor-3] INFO  client.GrpcClientProtocolClient (GrpcClientProtocolClient.java:onNext(255)) - client-391BA870FC40->947ec526-030f-41cc-8af7-a6f75e712ab0: receive RaftClientReply:client-391BA870FC40->947ec526-030f-41cc-8af7-a6f75e712ab0@group-5D45C35602B2, cid=3246, SUCCESS, logIndex=0, commits[947ec526-030f-41cc-8af7-a6f75e712ab0:c4882, c447b9b6-dde2-4ce7-aa81-d0e2eddc8fe9:c4878, 28b540ac-241d-462a-a56c-509e92928066:c4878]
2019-08-20 22:34:52,710 | INFO  | DNAudit | user=null | ip=null | op=PUT_BLOCK {blockData=[blockId=conID: 1 locID: 102651690527752860 bcsId: 0,size=2097152]} | ret=SUCCESS |  
2019-08-20 22:34:52,710 | INFO  | DNAudit | user=null | ip=null | op=WRITE_CHUNK {blockData=conID: 1 locID: 102651690527752860 bcsId: 0} | ret=SUCCESS |  
2019-08-20 22:34:52,710 | INFO  | DNAudit | user=null | ip=null | op=PUT_BLOCK {blockData=[blockId=conID: 1 locID: 102651690527752860 bcsId: 0,size=2097152]} | ret=SUCCESS |  
2019-08-20 22:34:52,714 | INFO  | DNAudit | user=null | ip=null | op=WRITE_CHUNK {blockData=conID: 1 locID: 102651690527752860 bcsId: 4880} | ret=SUCCESS |  
2019-08-20 22:34:52,716 | INFO  | DNAudit | user=null | ip=null | op=WRITE_CHUNK {blockData=conID: 1 locID: 102651690527752860 bcsId: 4880} | ret=SUCCESS |  
2019-08-20 22:34:52,716 | INFO  | DNAudit | user=null | ip=null | op=WRITE_CHUNK {blockData=conID: 1 locID: 102651690527752860 bcsId: 4880} | ret=SUCCESS |  
2019-08-20 22:34:52,718 | INFO  | DNAudit | user=null | ip=null | op=WRITE_CHUNK {blockData=conID: 1 locID: 102651690527752860 bcsId: 4880} | ret=SUCCESS |  
2019-08-20 22:34:52,719 | INFO  | DNAudit | user=null | ip=null | op=PUT_BLOCK {blockData=[blockId=conID: 1 locID: 102651690527752860 bcsId: 0,size=3145728]} | ret=SUCCESS |  
2019-08-20 22:34:52,719 [grpc-default-executor-2] INFO  client.GrpcClientProtocolClient (GrpcClientProtocolClient.java:onNext(255)) - client-391BA870FC40->947ec526-030f-41cc-8af7-a6f75e712ab0: receive RaftClientReply:client-391BA870FC40->947ec526-030f-41cc-8af7-a6f75e712ab0@group-5D45C35602B2, cid=3247, SUCCESS, logIndex=4885, commits[947ec526-030f-41cc-8af7-a6f75e712ab0:c4886, c447b9b6-dde2-4ce7-aa81-d0e2eddc8fe9:c4880, 28b540ac-241d-462a-a56c-509e92928066:c4884]
2019-08-20 22:34:52,719 [grpc-default-executor-2] INFO  client.GrpcClientProtocolClient (GrpcClientProtocolClient.java:onNext(255)) - client-391BA870FC40->947ec526-030f-41cc-8af7-a6f75e712ab0: receive RaftClientReply:client-391BA870FC40->947ec526-030f-41cc-8af7-a6f75e712ab0@group-5D45C35602B2, cid=3248, SUCCESS, logIndex=4886, commits[947ec526-030f-41cc-8af7-a6f75e712ab0:c4886, c447b9b6-dde2-4ce7-aa81-d0e2eddc8fe9:c4884, 28b540ac-241d-462a-a56c-509e92928066:c4884]
2019-08-20 22:34:52,720 | INFO  | DNAudit | user=null | ip=null | op=WRITE_CHUNK {blockData=conID: 1 locID: 102651690527752860 bcsId: 4880} | ret=SUCCESS |  
2019-08-20 22:34:52,720 | INFO  | DNAudit | user=null | ip=null | op=WRITE_CHUNK {blockData=conID: 1 locID: 102651690527752860 bcsId: 4880} | ret=SUCCESS |  
2019-08-20 22:34:52,720 | INFO  | DNAudit | user=null | ip=null | op=PUT_BLOCK {blockData=[blockId=conID: 1 locID: 102651690527752860 bcsId: 0,size=3145728]} | ret=SUCCESS |  
2019-08-20 22:34:52,720 | INFO  | DNAudit | user=null | ip=null | op=PUT_BLOCK {blockData=[blockId=conID: 1 locID: 102651690527752860 bcsId: 0,size=3145728]} | ret=SUCCESS |  
2019-08-20 22:34:52,724 | INFO  | DNAudit | user=null | ip=null | op=WRITE_CHUNK {blockData=conID: 1 locID: 102651690527752860 bcsId: 4886} | ret=SUCCESS |  
2019-08-20 22:34:52,725 | INFO  | DNAudit | user=null | ip=null | op=WRITE_CHUNK {blockData=conID: 1 locID: 102651690527752860 bcsId: 4886} | ret=SUCCESS |  
2019-08-20 22:34:52,726 | INFO  | DNAudit | user=null | ip=null | op=WRITE_CHUNK {blockData=conID: 1 locID: 102651690527752860 bcsId: 4886} | ret=SUCCESS |  
2019-08-20 22:34:52,735 | INFO  | DNAudit | user=null | ip=null | op=WRITE_CHUNK {blockData=conID: 1 locID: 102651690527752860 bcsId: 4886} | ret=SUCCESS |  
2019-08-20 22:34:52,735 | INFO  | DNAudit | user=null | ip=null | op=PUT_BLOCK {blockData=[blockId=conID: 1 locID: 102651690527752860 bcsId: 0,size=4194304]} | ret=SUCCESS |  
2019-08-20 22:34:52,735 [grpc-default-executor-2] INFO  client.GrpcClientProtocolClient (GrpcClientProtocolClient.java:onNext(255)) - client-391BA870FC40->947ec526-030f-41cc-8af7-a6f75e712ab0: receive RaftClientReply:client-391BA870FC40->947ec526-030f-41cc-8af7-a6f75e712ab0@group-5D45C35602B2, cid=3249, SUCCESS, logIndex=4889, commits[947ec526-030f-41cc-8af7-a6f75e712ab0:c4890, c447b9b6-dde2-4ce7-aa81-d0e2eddc8fe9:c4888, 28b540ac-241d-462a-a56c-509e92928066:c4888]
2019-08-20 22:34:52,735 [grpc-default-executor-2] INFO  client.GrpcClientProtocolClient (GrpcClientProtocolClient.java:onNext(255)) - client-391BA870FC40->947ec526-030f-41cc-8af7-a6f75e712ab0: receive RaftClientReply:client-391BA870FC40->947ec526-030f-41cc-8af7-a6f75e712ab0@group-5D45C35602B2, cid=3250, SUCCESS, logIndex=4890, commits[947ec526-030f-41cc-8af7-a6f75e712ab0:c4890, c447b9b6-dde2-4ce7-aa81-d0e2eddc8fe9:c4888, 28b540ac-241d-462a-a56c-509e92928066:c4888]
2019-08-20 22:34:52,744 | INFO  | DNAudit | user=null | ip=null | op=WRITE_CHUNK {blockData=conID: 1 locID: 102651690527752860 bcsId: 4886} | ret=SUCCESS |  
2019-08-20 22:34:52,744 | INFO  | DNAudit | user=null | ip=null | op=WRITE_CHUNK {blockData=conID: 1 locID: 102651690527752860 bcsId: 4886} | ret=SUCCESS |  
2019-08-20 22:34:52,746 | INFO  | DNAudit | user=null | ip=null | op=PUT_BLOCK {blockData=[blockId=conID: 1 locID: 102651690527752860 bcsId: 0,size=4194304]} | ret=SUCCESS |  
2019-08-20 22:34:52,746 | INFO  | DNAudit | user=null | ip=null | op=PUT_BLOCK {blockData=[blockId=conID: 1 locID: 102651690527752860 bcsId: 0,size=4194304]} | ret=SUCCESS |  
2019-08-20 22:34:52,746 [grpc-default-executor-2] INFO  client.GrpcClientProtocolClient (GrpcClientProtocolClient.java:onNext(255)) - client-391BA870FC40->947ec526-030f-41cc-8af7-a6f75e712ab0: receive RaftClientReply:client-391BA870FC40->947ec526-030f-41cc-8af7-a6f75e712ab0@group-5D45C35602B2, cid=3251, SUCCESS, logIndex=0, commits[947ec526-030f-41cc-8af7-a6f75e712ab0:c4892, c447b9b6-dde2-4ce7-aa81-d0e2eddc8fe9:c4890, 28b540ac-241d-462a-a56c-509e92928066:c4890]
2019-08-20 22:34:52,751 | INFO  | SCMAudit | user=jenkins1000 | ip=192.168.5.142 | op=ALLOCATE_BLOCK {owner=6f694d07-2a2f-44d9-8e1c-aaa094a2f647, size=4194304, type=RATIS, factor=THREE} | ret=SUCCESS |  
2019-08-20 22:34:52,755 | INFO  | OMAudit | user=jenkins1000 | ip=127.0.0.1 | op=ALLOCATE_BLOCK {volume=vol-0-80747, bucket=bucket-0-27686, key=key-0-47435, dataSize=0, replicationType=null, replicationFactor=null, keyLocationInfo=null, clientID=102651687805452690} | ret=SUCCESS |  
2019-08-20 22:34:52,760 | INFO  | DNAudit | user=null | ip=null | op=WRITE_CHUNK {blockData=conID: 2 locID: 102651690532930205 bcsId: 0} | ret=SUCCESS |  
2019-08-20 22:34:52,762 | INFO  | DNAudit | user=null | ip=null | op=WRITE_CHUNK {blockData=conID: 2 locID: 102651690532930205 bcsId: 0} | ret=SUCCESS |  
2019-08-20 22:34:52,763 | INFO  | DNAudit | user=null | ip=null | op=WRITE_CHUNK {blockData=conID: 2 locID: 102651690532930205 bcsId: 0} | ret=SUCCESS |  
2019-08-20 22:34:52,763 | INFO  | DNAudit | user=null | ip=null | op=WRITE_CHUNK {blockData=conID: 2 locID: 102651690532930205 bcsId: 0} | ret=SUCCESS |  
2019-08-20 22:34:52,765 | INFO  | DNAudit | user=null | ip=null | op=WRITE_CHUNK {blockData=conID: 2 locID: 102651690532930205 bcsId: 0} | ret=SUCCESS |  
2019-08-20 22:34:52,765 | INFO  | DNAudit | user=null | ip=null | op=WRITE_CHUNK {blockData=conID: 2 locID: 102651690532930205 bcsId: 0} | ret=SUCCESS |  
2019-08-20 22:34:52,777 | INFO  | DNAudit | user=null | ip=null | op=WRITE_CHUNK {blockData=conID: 2 locID: 102651690532930205 bcsId: 0} | ret=SUCCESS |  
2019-08-20 22:34:52,777 | INFO  | DNAudit | user=null | ip=null | op=PUT_BLOCK {blockData=[blockId=conID: 2 locID: 102651690532930205 bcsId: 0,size=1048576]} | ret=SUCCESS |  
2019-08-20 22:34:52,777 [grpc-default-executor-2] INFO  client.GrpcClientProtocolClient (GrpcClientProtocolClient.java:onNext(255)) - client-391BA870FC40->947ec526-030f-41cc-8af7-a6f75e712ab0: receive RaftClientReply:client-391BA870FC40->947ec526-030f-41cc-8af7-a6f75e712ab0@group-5D45C35602B2, cid=3252, SUCCESS, logIndex=4893, commits[947ec526-030f-41cc-8af7-a6f75e712ab0:c4894, c447b9b6-dde2-4ce7-aa81-d0e2eddc8fe9:c4892, 28b540ac-241d-462a-a56c-509e92928066:c4892]
2019-08-20 22:34:52,778 [grpc-default-executor-2] INFO  client.GrpcClientProtocolClient (GrpcClientProtocolClient.java:onNext(255)) - client-391BA870FC40->947ec526-030f-41cc-8af7-a6f75e712ab0: receive RaftClientReply:client-391BA870FC40->947ec526-030f-41cc-8af7-a6f75e712ab0@group-5D45C35602B2, cid=3253, SUCCESS, logIndex=4894, commits[947ec526-030f-41cc-8af7-a6f75e712ab0:c4894, c447b9b6-dde2-4ce7-aa81-d0e2eddc8fe9:c4892, 28b540ac-241d-462a-a56c-509e92928066:c4892]
2019-08-20 22:34:52,778 | INFO  | DNAudit | user=null | ip=null | op=WRITE_CHUNK {blockData=conID: 2 locID: 102651690532930205 bcsId: 0} | ret=SUCCESS |  
2019-08-20 22:34:52,779 | INFO  | DNAudit | user=null | ip=null | op=PUT_BLOCK {blockData=[blockId=conID: 2 locID: 102651690532930205 bcsId: 0,size=2097152]} | ret=SUCCESS |  
2019-08-20 22:34:52,779 [grpc-default-executor-3] INFO  client.GrpcClientProtocolClient (GrpcClientProtocolClient.java:onNext(255)) - client-391BA870FC40->947ec526-030f-41cc-8af7-a6f75e712ab0: receive RaftClientReply:client-391BA870FC40->947ec526-030f-41cc-8af7-a6f75e712ab0@group-5D45C35602B2, cid=3254, SUCCESS, logIndex=4895, commits[947ec526-030f-41cc-8af7-a6f75e712ab0:c4896, c447b9b6-dde2-4ce7-aa81-d0e2eddc8fe9:c4892, 28b540ac-241d-462a-a56c-509e92928066:c4892]
2019-08-20 22:34:52,779 | INFO  | DNAudit | user=null | ip=null | op=WRITE_CHUNK {blockData=conID: 2 locID: 102651690532930205 bcsId: 0} | ret=SUCCESS |  
2019-08-20 22:34:52,779 [grpc-default-executor-3] INFO  client.GrpcClientProtocolClient (GrpcClientProtocolClient.java:onNext(255)) - client-391BA870FC40->947ec526-030f-41cc-8af7-a6f75e712ab0: receive RaftClientReply:client-391BA870FC40->947ec526-030f-41cc-8af7-a6f75e712ab0@group-5D45C35602B2, cid=3255, SUCCESS, logIndex=4896, commits[947ec526-030f-41cc-8af7-a6f75e712ab0:c4896, c447b9b6-dde2-4ce7-aa81-d0e2eddc8fe9:c4892, 28b540ac-241d-462a-a56c-509e92928066:c4892]
2019-08-20 22:34:52,779 | INFO  | DNAudit | user=null | ip=null | op=PUT_BLOCK {blockData=[blockId=conID: 2 locID: 102651690532930205 bcsId: 0,size=1048576]} | ret=SUCCESS |  
2019-08-20 22:34:52,781 | INFO  | DNAudit | user=null | ip=null | op=WRITE_CHUNK {blockData=conID: 2 locID: 102651690532930205 bcsId: 0} | ret=SUCCESS |  
2019-08-20 22:34:52,781 | INFO  | DNAudit | user=null | ip=null | op=PUT_BLOCK {blockData=[blockId=conID: 2 locID: 102651690532930205 bcsId: 0,size=1048576]} | ret=SUCCESS |  
2019-08-20 22:34:52,781 [grpc-default-executor-3] INFO  client.GrpcClientProtocolClient (GrpcClientProtocolClient.java:onNext(255)) - client-391BA870FC40->947ec526-030f-41cc-8af7-a6f75e712ab0: receive RaftClientReply:client-391BA870FC40->947ec526-030f-41cc-8af7-a6f75e712ab0@group-5D45C35602B2, cid=3256, SUCCESS, logIndex=0, commits[947ec526-030f-41cc-8af7-a6f75e712ab0:c4898, c447b9b6-dde2-4ce7-aa81-d0e2eddc8fe9:c4894, 28b540ac-241d-462a-a56c-509e92928066:c4894]
2019-08-20 22:34:52,781 | INFO  | DNAudit | user=null | ip=null | op=WRITE_CHUNK {blockData=conID: 2 locID: 102651690532930205 bcsId: 0} | ret=SUCCESS |  
2019-08-20 22:34:52,782 | INFO  | DNAudit | user=null | ip=null | op=PUT_BLOCK {blockData=[blockId=conID: 2 locID: 102651690532930205 bcsId: 0,size=2097152]} | ret=SUCCESS |  
2019-08-20 22:34:52,782 | INFO  | DNAudit | user=null | ip=null | op=WRITE_CHUNK {blockData=conID: 2 locID: 102651690532930205 bcsId: 0} | ret=SUCCESS |  
2019-08-20 22:34:52,782 | INFO  | DNAudit | user=null | ip=null | op=PUT_BLOCK {blockData=[blockId=conID: 2 locID: 102651690532930205 bcsId: 0,size=2097152]} | ret=SUCCESS |  
2019-08-20 22:34:52,786 | INFO  | DNAudit | user=null | ip=null | op=WRITE_CHUNK {blockData=conID: 2 locID: 102651690532930205 bcsId: 4896} | ret=SUCCESS |  
2019-08-20 22:34:52,788 | INFO  | DNAudit | user=null | ip=null | op=WRITE_CHUNK {blockData=conID: 2 locID: 102651690532930205 bcsId: 4896} | ret=SUCCESS |  
2019-08-20 22:34:52,788 | INFO  | DNAudit | user=null | ip=null | op=WRITE_CHUNK {blockData=conID: 2 locID: 102651690532930205 bcsId: 4896} | ret=SUCCESS |  
2019-08-20 22:34:52,793 | INFO  | DNAudit | user=null | ip=null | op=WRITE_CHUNK {blockData=conID: 2 locID: 102651690532930205 bcsId: 4896} | ret=SUCCESS |  
2019-08-20 22:34:52,794 | INFO  | DNAudit | user=null | ip=null | op=PUT_BLOCK {blockData=[blockId=conID: 2 locID: 102651690532930205 bcsId: 0,size=3145728]} | ret=SUCCESS |  
2019-08-20 22:34:52,794 [grpc-default-executor-2] INFO  client.GrpcClientProtocolClient (GrpcClientProtocolClient.java:onNext(255)) - client-391BA870FC40->947ec526-030f-41cc-8af7-a6f75e712ab0: receive RaftClientReply:client-391BA870FC40->947ec526-030f-41cc-8af7-a6f75e712ab0@group-5D45C35602B2, cid=3257, SUCCESS, logIndex=4901, commits[947ec526-030f-41cc-8af7-a6f75e712ab0:c4902, c447b9b6-dde2-4ce7-aa81-d0e2eddc8fe9:c4900, 28b540ac-241d-462a-a56c-509e92928066:c4900]
2019-08-20 22:34:52,794 [grpc-default-executor-2] INFO  client.GrpcClientProtocolClient (GrpcClientProtocolClient.java:onNext(255)) - client-391BA870FC40->947ec526-030f-41cc-8af7-a6f75e712ab0: receive RaftClientReply:client-391BA870FC40->947ec526-030f-41cc-8af7-a6f75e712ab0@group-5D45C35602B2, cid=3258, SUCCESS, logIndex=4902, commits[947ec526-030f-41cc-8af7-a6f75e712ab0:c4902, c447b9b6-dde2-4ce7-aa81-d0e2eddc8fe9:c4900, 28b540ac-241d-462a-a56c-509e92928066:c4900]
2019-08-20 22:34:52,799 | INFO  | DNAudit | user=null | ip=null | op=WRITE_CHUNK {blockData=conID: 2 locID: 102651690532930205 bcsId: 4902} | ret=SUCCESS |  
2019-08-20 22:34:52,800 | INFO  | DNAudit | user=null | ip=null | op=WRITE_CHUNK {blockData=conID: 2 locID: 102651690532930205 bcsId: 4902} | ret=SUCCESS |  
2019-08-20 22:34:52,800 | INFO  | DNAudit | user=null | ip=null | op=WRITE_CHUNK {blockData=conID: 2 locID: 102651690532930205 bcsId: 4902} | ret=SUCCESS |  
2019-08-20 22:34:52,805 | INFO  | DNAudit | user=null | ip=null | op=WRITE_CHUNK {blockData=conID: 2 locID: 102651690532930205 bcsId: 4896} | ret=SUCCESS |  
2019-08-20 22:34:52,805 | INFO  | DNAudit | user=null | ip=null | op=WRITE_CHUNK {blockData=conID: 2 locID: 102651690532930205 bcsId: 4896} | ret=SUCCESS |  
2019-08-20 22:34:52,806 | INFO  | DNAudit | user=null | ip=null | op=PUT_BLOCK {blockData=[blockId=conID: 2 locID: 102651690532930205 bcsId: 0,size=3145728]} | ret=SUCCESS |  
2019-08-20 22:34:52,806 | INFO  | DNAudit | user=null | ip=null | op=PUT_BLOCK {blockData=[blockId=conID: 2 locID: 102651690532930205 bcsId: 0,size=3145728]} | ret=SUCCESS |  
2019-08-20 22:34:52,807 | INFO  | DNAudit | user=null | ip=null | op=WRITE_CHUNK {blockData=conID: 2 locID: 102651690532930205 bcsId: 4902} | ret=SUCCESS |  
2019-08-20 22:34:52,807 | INFO  | DNAudit | user=null | ip=null | op=PUT_BLOCK {blockData=[blockId=conID: 2 locID: 102651690532930205 bcsId: 0,size=4194304]} | ret=SUCCESS |  
2019-08-20 22:34:52,807 [grpc-default-executor-3] INFO  client.GrpcClientProtocolClient (GrpcClientProtocolClient.java:onNext(255)) - client-391BA870FC40->947ec526-030f-41cc-8af7-a6f75e712ab0: receive RaftClientReply:client-391BA870FC40->947ec526-030f-41cc-8af7-a6f75e712ab0@group-5D45C35602B2, cid=3259, SUCCESS, logIndex=4905, commits[947ec526-030f-41cc-8af7-a6f75e712ab0:c4906, c447b9b6-dde2-4ce7-aa81-d0e2eddc8fe9:c4902, 28b540ac-241d-462a-a56c-509e92928066:c4902]
2019-08-20 22:34:52,808 [grpc-default-executor-3] INFO  client.GrpcClientProtocolClient (GrpcClientProtocolClient.java:onNext(255)) - client-391BA870FC40->947ec526-030f-41cc-8af7-a6f75e712ab0: receive RaftClientReply:client-391BA870FC40->947ec526-030f-41cc-8af7-a6f75e712ab0@group-5D45C35602B2, cid=3260, SUCCESS, logIndex=4906, commits[947ec526-030f-41cc-8af7-a6f75e712ab0:c4906, c447b9b6-dde2-4ce7-aa81-d0e2eddc8fe9:c4902, 28b540ac-241d-462a-a56c-509e92928066:c4902]
2019-08-20 22:34:52,818 | INFO  | DNAudit | user=null | ip=null | op=WRITE_CHUNK {blockData=conID: 2 locID: 102651690532930205 bcsId: 4902} | ret=SUCCESS |  
2019-08-20 22:34:52,818 | INFO  | DNAudit | user=null | ip=null | op=WRITE_CHUNK {blockData=conID: 2 locID: 102651690532930205 bcsId: 4902} | ret=SUCCESS |  
2019-08-20 22:34:52,818 | INFO  | DNAudit | user=null | ip=null | op=PUT_BLOCK {blockData=[blockId=conID: 2 locID: 102651690532930205 bcsId: 0,size=4194304]} | ret=SUCCESS |  
2019-08-20 22:34:52,819 | INFO  | DNAudit | user=null | ip=null | op=PUT_BLOCK {blockData=[blockId=conID: 2 locID: 102651690532930205 bcsId: 0,size=4194304]} | ret=SUCCESS |  
2019-08-20 22:34:52,819 [grpc-default-executor-5] INFO  client.GrpcClientProtocolClient (GrpcClientProtocolClient.java:onNext(255)) - client-391BA870FC40->947ec526-030f-41cc-8af7-a6f75e712ab0: receive RaftClientReply:client-391BA870FC40->947ec526-030f-41cc-8af7-a6f75e712ab0@group-5D45C35602B2, cid=3261, SUCCESS, logIndex=0, commits[947ec526-030f-41cc-8af7-a6f75e712ab0:c4907, c447b9b6-dde2-4ce7-aa81-d0e2eddc8fe9:c4906, 28b540ac-241d-462a-a56c-509e92928066:c4906]
2019-08-20 22:34:52,823 | INFO  | SCMAudit | user=jenkins1000 | ip=192.168.5.142 | op=ALLOCATE_BLOCK {owner=6f694d07-2a2f-44d9-8e1c-aaa094a2f647, size=4194304, type=RATIS, factor=THREE} | ret=SUCCESS |  
2019-08-20 22:34:52,827 | INFO  | OMAudit | user=jenkins1000 | ip=127.0.0.1 | op=ALLOCATE_BLOCK {volume=vol-0-80747, bucket=bucket-0-27686, key=key-0-47435, dataSize=0, replicationType=null, replicationFactor=null, keyLocationInfo=null, clientID=102651687805452690} | ret=SUCCESS |  
2019-08-20 22:34:52,832 | INFO  | DNAudit | user=null | ip=null | op=WRITE_CHUNK {blockData=conID: 3 locID: 102651690537648798 bcsId: 0} | ret=SUCCESS |  
2019-08-20 22:34:52,834 | INFO  | DNAudit | user=null | ip=null | op=WRITE_CHUNK {blockData=conID: 3 locID: 102651690537648798 bcsId: 0} | ret=SUCCESS |  
2019-08-20 22:34:52,835 | INFO  | DNAudit | user=null | ip=null | op=WRITE_CHUNK {blockData=conID: 3 locID: 102651690537648798 bcsId: 0} | ret=SUCCESS |  
2019-08-20 22:34:52,835 | INFO  | DNAudit | user=null | ip=null | op=WRITE_CHUNK {blockData=conID: 3 locID: 102651690537648798 bcsId: 0} | ret=SUCCESS |  
2019-08-20 22:34:52,836 | INFO  | DNAudit | user=null | ip=null | op=WRITE_CHUNK {blockData=conID: 3 locID: 102651690537648798 bcsId: 0} | ret=SUCCESS |  
2019-08-20 22:34:52,836 | INFO  | DNAudit | user=null | ip=null | op=WRITE_CHUNK {blockData=conID: 3 locID: 102651690537648798 bcsId: 0} | ret=SUCCESS |  
2019-08-20 22:34:52,845 | INFO  | DNAudit | user=null | ip=null | op=WRITE_CHUNK {blockData=conID: 3 locID: 102651690537648798 bcsId: 0} | ret=SUCCESS |  
2019-08-20 22:34:52,846 | INFO  | DNAudit | user=null | ip=null | op=PUT_BLOCK {blockData=[blockId=conID: 3 locID: 102651690537648798 bcsId: 0,size=1048576]} | ret=SUCCESS |  
2019-08-20 22:34:52,846 [grpc-default-executor-2] INFO  client.GrpcClientProtocolClient (GrpcClientProtocolClient.java:onNext(255)) - client-391BA870FC40->947ec526-030f-41cc-8af7-a6f75e712ab0: receive RaftClientReply:client-391BA870FC40->947ec526-030f-41cc-8af7-a6f75e712ab0@group-5D45C35602B2, cid=3262, SUCCESS, logIndex=4909, commits[947ec526-030f-41cc-8af7-a6f75e712ab0:c4910, c447b9b6-dde2-4ce7-aa81-d0e2eddc8fe9:c4908, 28b540ac-241d-462a-a56c-509e92928066:c4908]
2019-08-20 22:34:52,846 [grpc-default-executor-2] INFO  client.GrpcClientProtocolClient (GrpcClientProtocolClient.java:onNext(255)) - client-391BA870FC40->947ec526-030f-41cc-8af7-a6f75e712ab0: receive RaftClientReply:client-391BA870FC40->947ec526-030f-41cc-8af7-a6f75e712ab0@group-5D45C35602B2, cid=3263, SUCCESS, logIndex=4910, commits[947ec526-030f-41cc-8af7-a6f75e712ab0:c4910, c447b9b6-dde2-4ce7-aa81-d0e2eddc8fe9:c4908, 28b540ac-241d-462a-a56c-509e92928066:c4908]
2019-08-20 22:34:52,856 | INFO  | DNAudit | user=null | ip=null | op=WRITE_CHUNK {blockData=conID: 3 locID: 102651690537648798 bcsId: 0} | ret=SUCCESS |  
2019-08-20 22:34:52,856 | INFO  | DNAudit | user=null | ip=null | op=PUT_BLOCK {blockData=[blockId=conID: 3 locID: 102651690537648798 bcsId: 0,size=2097152]} | ret=SUCCESS |  
2019-08-20 22:34:52,857 [grpc-default-executor-3] INFO  client.GrpcClientProtocolClient (GrpcClientProtocolClient.java:onNext(255)) - client-391BA870FC40->947ec526-030f-41cc-8af7-a6f75e712ab0: receive RaftClientReply:client-391BA870FC40->947ec526-030f-41cc-8af7-a6f75e712ab0@group-5D45C35602B2, cid=3264, SUCCESS, logIndex=4911, commits[947ec526-030f-41cc-8af7-a6f75e712ab0:c4912, c447b9b6-dde2-4ce7-aa81-d0e2eddc8fe9:c4908, 28b540ac-241d-462a-a56c-509e92928066:c4908]
2019-08-20 22:34:52,857 [grpc-default-executor-3] INFO  client.GrpcClientProtocolClient (GrpcClientProtocolClient.java:onNext(255)) - client-391BA870FC40->947ec526-030f-41cc-8af7-a6f75e712ab0: receive RaftClientReply:client-391BA870FC40->947ec526-030f-41cc-8af7-a6f75e712ab0@group-5D45C35602B2, cid=3265, SUCCESS, logIndex=4912, commits[947ec526-030f-41cc-8af7-a6f75e712ab0:c4912, c447b9b6-dde2-4ce7-aa81-d0e2eddc8fe9:c4908, 28b540ac-241d-462a-a56c-509e92928066:c4908]
2019-08-20 22:34:52,859 | INFO  | DNAudit | user=null | ip=null | op=WRITE_CHUNK {blockData=conID: 3 locID: 102651690537648798 bcsId: 0} | ret=SUCCESS |  
2019-08-20 22:34:52,859 | INFO  | DNAudit | user=null | ip=null | op=WRITE_CHUNK {blockData=conID: 3 locID: 102651690537648798 bcsId: 0} | ret=SUCCESS |  
2019-08-20 22:34:52,859 | INFO  | DNAudit | user=null | ip=null | op=PUT_BLOCK {blockData=[blockId=conID: 3 locID: 102651690537648798 bcsId: 0,size=1048576]} | ret=SUCCESS |  
2019-08-20 22:34:52,859 | INFO  | DNAudit | user=null | ip=null | op=PUT_BLOCK {blockData=[blockId=conID: 3 locID: 102651690537648798 bcsId: 0,size=1048576]} | ret=SUCCESS |  
2019-08-20 22:34:52,859 [grpc-default-executor-3] INFO  client.GrpcClientProtocolClient (GrpcClientProtocolClient.java:onNext(255)) - client-391BA870FC40->947ec526-030f-41cc-8af7-a6f75e712ab0: receive RaftClientReply:client-391BA870FC40->947ec526-030f-41cc-8af7-a6f75e712ab0@group-5D45C35602B2, cid=3266, SUCCESS, logIndex=0, commits[947ec526-030f-41cc-8af7-a6f75e712ab0:c4913, c447b9b6-dde2-4ce7-aa81-d0e2eddc8fe9:c4910, 28b540ac-241d-462a-a56c-509e92928066:c4910]
2019-08-20 22:34:52,864 | INFO  | DNAudit | user=null | ip=null | op=WRITE_CHUNK {blockData=conID: 3 locID: 102651690537648798 bcsId: 4912} | ret=SUCCESS |  
2019-08-20 22:34:52,866 | INFO  | DNAudit | user=null | ip=null | op=WRITE_CHUNK {blockData=conID: 3 locID: 102651690537648798 bcsId: 4912} | ret=SUCCESS |  
2019-08-20 22:34:52,866 | INFO  | DNAudit | user=null | ip=null | op=WRITE_CHUNK {blockData=conID: 3 locID: 102651690537648798 bcsId: 4912} | ret=SUCCESS |  
2019-08-20 22:34:52,872 | INFO  | DNAudit | user=null | ip=null | op=WRITE_CHUNK {blockData=conID: 3 locID: 102651690537648798 bcsId: 0} | ret=SUCCESS |  
2019-08-20 22:34:52,872 | INFO  | DNAudit | user=null | ip=null | op=WRITE_CHUNK {blockData=conID: 3 locID: 102651690537648798 bcsId: 0} | ret=SUCCESS |  
2019-08-20 22:34:52,872 | INFO  | DNAudit | user=null | ip=null | op=PUT_BLOCK {blockData=[blockId=conID: 3 locID: 102651690537648798 bcsId: 0,size=2097152]} | ret=SUCCESS |  
2019-08-20 22:34:52,872 | INFO  | DNAudit | user=null | ip=null | op=PUT_BLOCK {blockData=[blockId=conID: 3 locID: 102651690537648798 bcsId: 0,size=2097152]} | ret=SUCCESS |  
2019-08-20 22:34:52,884 | INFO  | DNAudit | user=null | ip=null | op=WRITE_CHUNK {blockData=conID: 3 locID: 102651690537648798 bcsId: 4912} | ret=SUCCESS |  
2019-08-20 22:34:52,884 | INFO  | DNAudit | user=null | ip=null | op=PUT_BLOCK {blockData=[blockId=conID: 3 locID: 102651690537648798 bcsId: 0,size=3145728]} | ret=SUCCESS |  
2019-08-20 22:34:52,884 [grpc-default-executor-3] INFO  client.GrpcClientProtocolClient (GrpcClientProtocolClient.java:onNext(255)) - client-391BA870FC40->947ec526-030f-41cc-8af7-a6f75e712ab0: receive RaftClientReply:client-391BA870FC40->947ec526-030f-41cc-8af7-a6f75e712ab0@group-5D45C35602B2, cid=3267, SUCCESS, logIndex=4917, commits[947ec526-030f-41cc-8af7-a6f75e712ab0:c4917, c447b9b6-dde2-4ce7-aa81-d0e2eddc8fe9:c4914, 28b540ac-241d-462a-a56c-509e92928066:c4914]
2019-08-20 22:34:52,885 [grpc-default-executor-3] INFO  client.GrpcClientProtocolClient (GrpcClientProtocolClient.java:onNext(255)) - client-391BA870FC40->947ec526-030f-41cc-8af7-a6f75e712ab0: receive RaftClientReply:client-391BA870FC40->947ec526-030f-41cc-8af7-a6f75e712ab0@group-5D45C35602B2, cid=3268, SUCCESS, logIndex=4918, commits[947ec526-030f-41cc-8af7-a6f75e712ab0:c4918, c447b9b6-dde2-4ce7-aa81-d0e2eddc8fe9:c4914, 28b540ac-241d-462a-a56c-509e92928066:c4914]
2019-08-20 22:34:52,890 | INFO  | DNAudit | user=null | ip=null | op=WRITE_CHUNK {blockData=conID: 3 locID: 102651690537648798 bcsId: 4918} | ret=SUCCESS |  
2019-08-20 22:34:52,892 | INFO  | DNAudit | user=null | ip=null | op=WRITE_CHUNK {blockData=conID: 3 locID: 102651690537648798 bcsId: 4918} | ret=SUCCESS |  
2019-08-20 22:34:52,892 | INFO  | DNAudit | user=null | ip=null | op=WRITE_CHUNK {blockData=conID: 3 locID: 102651690537648798 bcsId: 4918} | ret=SUCCESS |  
2019-08-20 22:34:52,895 | INFO  | DNAudit | user=null | ip=null | op=WRITE_CHUNK {blockData=conID: 3 locID: 102651690537648798 bcsId: 4912} | ret=SUCCESS |  
2019-08-20 22:34:52,895 | INFO  | DNAudit | user=null | ip=null | op=WRITE_CHUNK {blockData=conID: 3 locID: 102651690537648798 bcsId: 4912} | ret=SUCCESS |  
2019-08-20 22:34:52,898 | INFO  | DNAudit | user=null | ip=null | op=PUT_BLOCK {blockData=[blockId=conID: 3 locID: 102651690537648798 bcsId: 0,size=3145728]} | ret=SUCCESS |  
2019-08-20 22:34:52,898 | INFO  | DNAudit | user=null | ip=null | op=PUT_BLOCK {blockData=[blockId=conID: 3 locID: 102651690537648798 bcsId: 0,size=3145728]} | ret=SUCCESS |  
2019-08-20 22:34:52,898 | INFO  | DNAudit | user=null | ip=null | op=WRITE_CHUNK {blockData=conID: 3 locID: 102651690537648798 bcsId: 4918} | ret=SUCCESS |  
2019-08-20 22:34:52,899 | INFO  | DNAudit | user=null | ip=null | op=PUT_BLOCK {blockData=[blockId=conID: 3 locID: 102651690537648798 bcsId: 0,size=4194304]} | ret=SUCCESS |  
2019-08-20 22:34:52,899 [grpc-default-executor-3] INFO  client.GrpcClientProtocolClient (GrpcClientProtocolClient.java:onNext(255)) - client-391BA870FC40->947ec526-030f-41cc-8af7-a6f75e712ab0: receive RaftClientReply:client-391BA870FC40->947ec526-030f-41cc-8af7-a6f75e712ab0@group-5D45C35602B2, cid=3269, SUCCESS, logIndex=4921, commits[947ec526-030f-41cc-8af7-a6f75e712ab0:c4922, c447b9b6-dde2-4ce7-aa81-d0e2eddc8fe9:c4918, 28b540ac-241d-462a-a56c-509e92928066:c4918]
2019-08-20 22:34:52,899 [grpc-default-executor-3] INFO  client.GrpcClientProtocolClient (GrpcClientProtocolClient.java:onNext(255)) - client-391BA870FC40->947ec526-030f-41cc-8af7-a6f75e712ab0: receive RaftClientReply:client-391BA870FC40->947ec526-030f-41cc-8af7-a6f75e712ab0@group-5D45C35602B2, cid=3270, SUCCESS, logIndex=4922, commits[947ec526-030f-41cc-8af7-a6f75e712ab0:c4922, c447b9b6-dde2-4ce7-aa81-d0e2eddc8fe9:c4918, 28b540ac-241d-462a-a56c-509e92928066:c4918]
2019-08-20 22:34:52,910 | INFO  | DNAudit | user=null | ip=null | op=WRITE_CHUNK {blockData=conID: 3 locID: 102651690537648798 bcsId: 4918} | ret=SUCCESS |  
2019-08-20 22:34:52,910 | INFO  | DNAudit | user=null | ip=null | op=WRITE_CHUNK {blockData=conID: 3 locID: 102651690537648798 bcsId: 4918} | ret=SUCCESS |  
2019-08-20 22:34:52,910 | INFO  | DNAudit | user=null | ip=null | op=PUT_BLOCK {blockData=[blockId=conID: 3 locID: 102651690537648798 bcsId: 0,size=4194304]} | ret=SUCCESS |  
2019-08-20 22:34:52,913 | INFO  | DNAudit | user=null | ip=null | op=PUT_BLOCK {blockData=[blockId=conID: 3 locID: 102651690537648798 bcsId: 0,size=4194304]} | ret=SUCCESS |  
2019-08-20 22:34:52,913 [grpc-default-executor-3] INFO  client.GrpcClientProtocolClient (GrpcClientProtocolClient.java:onNext(255)) - client-391BA870FC40->947ec526-030f-41cc-8af7-a6f75e712ab0: receive RaftClientReply:client-391BA870FC40->947ec526-030f-41cc-8af7-a6f75e712ab0@group-5D45C35602B2, cid=3271, SUCCESS, logIndex=0, commits[947ec526-030f-41cc-8af7-a6f75e712ab0:c4924, c447b9b6-dde2-4ce7-aa81-d0e2eddc8fe9:c4922, 28b540ac-241d-462a-a56c-509e92928066:c4922]
2019-08-20 22:34:52,917 | INFO  | SCMAudit | user=jenkins1000 | ip=192.168.5.142 | op=ALLOCATE_BLOCK {owner=6f694d07-2a2f-44d9-8e1c-aaa094a2f647, size=4194304, type=RATIS, factor=THREE} | ret=SUCCESS |  
2019-08-20 22:34:52,921 | INFO  | OMAudit | user=jenkins1000 | ip=127.0.0.1 | op=ALLOCATE_BLOCK {volume=vol-0-80747, bucket=bucket-0-27686, key=key-0-47435, dataSize=0, replicationType=null, replicationFactor=null, keyLocationInfo=null, clientID=102651687805452690} | ret=SUCCESS |  
2019-08-20 22:34:52,926 | INFO  | DNAudit | user=null | ip=null | op=WRITE_CHUNK {blockData=conID: 1 locID: 102651690543809183 bcsId: 0} | ret=SUCCESS |  
2019-08-20 22:34:52,928 | INFO  | DNAudit | user=null | ip=null | op=WRITE_CHUNK {blockData=conID: 1 locID: 102651690543809183 bcsId: 0} | ret=SUCCESS |  
2019-08-20 22:34:52,928 | INFO  | DNAudit | user=null | ip=null | op=WRITE_CHUNK {blockData=conID: 1 locID: 102651690543809183 bcsId: 0} | ret=SUCCESS |  
2019-08-20 22:34:52,928 | INFO  | DNAudit | user=null | ip=null | op=WRITE_CHUNK {blockData=conID: 1 locID: 102651690543809183 bcsId: 0} | ret=SUCCESS |  
2019-08-20 22:34:52,929 | INFO  | DNAudit | user=null | ip=null | op=WRITE_CHUNK {blockData=conID: 1 locID: 102651690543809183 bcsId: 0} | ret=SUCCESS |  
2019-08-20 22:34:52,929 | INFO  | DNAudit | user=null | ip=null | op=WRITE_CHUNK {blockData=conID: 1 locID: 102651690543809183 bcsId: 0} | ret=SUCCESS |  
2019-08-20 22:34:52,938 | INFO  | DNAudit | user=null | ip=null | op=WRITE_CHUNK {blockData=conID: 1 locID: 102651690543809183 bcsId: 0} | ret=SUCCESS |  
2019-08-20 22:34:52,939 | INFO  | DNAudit | user=null | ip=null | op=PUT_BLOCK {blockData=[blockId=conID: 1 locID: 102651690543809183 bcsId: 0,size=1048576]} | ret=SUCCESS |  
2019-08-20 22:34:52,939 [grpc-default-executor-2] INFO  client.GrpcClientProtocolClient (GrpcClientProtocolClient.java:onNext(255)) - client-391BA870FC40->947ec526-030f-41cc-8af7-a6f75e712ab0: receive RaftClientReply:client-391BA870FC40->947ec526-030f-41cc-8af7-a6f75e712ab0@group-5D45C35602B2, cid=3272, SUCCESS, logIndex=4925, commits[947ec526-030f-41cc-8af7-a6f75e712ab0:c4926, c447b9b6-dde2-4ce7-aa81-d0e2eddc8fe9:c4924, 28b540ac-241d-462a-a56c-509e92928066:c4924]
2019-08-20 22:34:52,939 [grpc-default-executor-2] INFO  client.GrpcClientProtocolClient (GrpcClientProtocolClient.java:onNext(255)) - client-391BA870FC40->947ec526-030f-41cc-8af7-a6f75e712ab0: receive RaftClientReply:client-391BA870FC40->947ec526-030f-41cc-8af7-a6f75e712ab0@group-5D45C35602B2, cid=3273, SUCCESS, logIndex=4926, commits[947ec526-030f-41cc-8af7-a6f75e712ab0:c4926, c447b9b6-dde2-4ce7-aa81-d0e2eddc8fe9:c4924, 28b540ac-241d-462a-a56c-509e92928066:c4924]
2019-08-20 22:34:52,941 | INFO  | DNAudit | user=null | ip=null | op=WRITE_CHUNK {blockData=conID: 1 locID: 102651690543809183 bcsId: 0} | ret=SUCCESS |  
2019-08-20 22:34:52,941 | INFO  | DNAudit | user=null | ip=null | op=PUT_BLOCK {blockData=[blockId=conID: 1 locID: 102651690543809183 bcsId: 0,size=2097152]} | ret=SUCCESS |  
2019-08-20 22:34:52,941 [grpc-default-executor-1] INFO  client.GrpcClientProtocolClient (GrpcClientProtocolClient.java:onNext(255)) - client-391BA870FC40->947ec526-030f-41cc-8af7-a6f75e712ab0: receive RaftClientReply:client-391BA870FC40->947ec526-030f-41cc-8af7-a6f75e712ab0@group-5D45C35602B2, cid=3274, SUCCESS, logIndex=4927, commits[947ec526-030f-41cc-8af7-a6f75e712ab0:c4928, c447b9b6-dde2-4ce7-aa81-d0e2eddc8fe9:c4924, 28b540ac-241d-462a-a56c-509e92928066:c4924]
2019-08-20 22:34:52,941 [grpc-default-executor-1] INFO  client.GrpcClientProtocolClient (GrpcClientProtocolClient.java:onNext(255)) - client-391BA870FC40->947ec526-030f-41cc-8af7-a6f75e712ab0: receive RaftClientReply:client-391BA870FC40->947ec526-030f-41cc-8af7-a6f75e712ab0@group-5D45C35602B2, cid=3275, SUCCESS, logIndex=4928, commits[947ec526-030f-41cc-8af7-a6f75e712ab0:c4928, c447b9b6-dde2-4ce7-aa81-d0e2eddc8fe9:c4924, 28b540ac-241d-462a-a56c-509e92928066:c4924]
2019-08-20 22:34:52,952 | INFO  | DNAudit | user=null | ip=null | op=WRITE_CHUNK {blockData=conID: 1 locID: 102651690543809183 bcsId: 0} | ret=SUCCESS |  
2019-08-20 22:34:52,952 | INFO  | DNAudit | user=null | ip=null | op=WRITE_CHUNK {blockData=conID: 1 locID: 102651690543809183 bcsId: 0} | ret=SUCCESS |  
2019-08-20 22:34:52,952 | INFO  | DNAudit | user=null | ip=null | op=PUT_BLOCK {blockData=[blockId=conID: 1 locID: 102651690543809183 bcsId: 0,size=1048576]} | ret=SUCCESS |  
2019-08-20 22:34:52,952 | INFO  | DNAudit | user=null | ip=null | op=PUT_BLOCK {blockData=[blockId=conID: 1 locID: 102651690543809183 bcsId: 0,size=1048576]} | ret=SUCCESS |  
2019-08-20 22:34:52,953 [grpc-default-executor-1] INFO  client.GrpcClientProtocolClient (GrpcClientProtocolClient.java:onNext(255)) - client-391BA870FC40->947ec526-030f-41cc-8af7-a6f75e712ab0: receive RaftClientReply:client-391BA870FC40->947ec526-030f-41cc-8af7-a6f75e712ab0@group-5D45C35602B2, cid=3276, SUCCESS, logIndex=0, commits[947ec526-030f-41cc-8af7-a6f75e712ab0:c4930, c447b9b6-dde2-4ce7-aa81-d0e2eddc8fe9:c4926, 28b540ac-241d-462a-a56c-509e92928066:c4926]
2019-08-20 22:34:52,953 | INFO  | DNAudit | user=null | ip=null | op=WRITE_CHUNK {blockData=conID: 1 locID: 102651690543809183 bcsId: 0} | ret=SUCCESS |  
2019-08-20 22:34:52,953 | INFO  | DNAudit | user=null | ip=null | op=PUT_BLOCK {blockData=[blockId=conID: 1 locID: 102651690543809183 bcsId: 0,size=2097152]} | ret=SUCCESS |  
2019-08-20 22:34:52,954 | INFO  | DNAudit | user=null | ip=null | op=WRITE_CHUNK {blockData=conID: 1 locID: 102651690543809183 bcsId: 0} | ret=SUCCESS |  
2019-08-20 22:34:52,954 | INFO  | DNAudit | user=null | ip=null | op=PUT_BLOCK {blockData=[blockId=conID: 1 locID: 102651690543809183 bcsId: 0,size=2097152]} | ret=SUCCESS |  
2019-08-20 22:34:52,957 | INFO  | DNAudit | user=null | ip=null | op=WRITE_CHUNK {blockData=conID: 1 locID: 102651690543809183 bcsId: 4928} | ret=SUCCESS |  
2019-08-20 22:34:52,959 | INFO  | DNAudit | user=null | ip=null | op=WRITE_CHUNK {blockData=conID: 1 locID: 102651690543809183 bcsId: 4928} | ret=SUCCESS |  
2019-08-20 22:34:52,959 | INFO  | DNAudit | user=null | ip=null | op=WRITE_CHUNK {blockData=conID: 1 locID: 102651690543809183 bcsId: 4928} | ret=SUCCESS |  
2019-08-20 22:34:52,969 | INFO  | DNAudit | user=null | ip=null | op=WRITE_CHUNK {blockData=conID: 1 locID: 102651690543809183 bcsId: 4928} | ret=SUCCESS |  
2019-08-20 22:34:52,969 | INFO  | DNAudit | user=null | ip=null | op=PUT_BLOCK {blockData=[blockId=conID: 1 locID: 102651690543809183 bcsId: 0,size=3145728]} | ret=SUCCESS |  
2019-08-20 22:34:52,969 [grpc-default-executor-1] INFO  client.GrpcClientProtocolClient (GrpcClientProtocolClient.java:onNext(255)) - client-391BA870FC40->947ec526-030f-41cc-8af7-a6f75e712ab0: receive RaftClientReply:client-391BA870FC40->947ec526-030f-41cc-8af7-a6f75e712ab0@group-5D45C35602B2, cid=3277, SUCCESS, logIndex=4933, commits[947ec526-030f-41cc-8af7-a6f75e712ab0:c4934, c447b9b6-dde2-4ce7-aa81-d0e2eddc8fe9:c4928, 28b540ac-241d-462a-a56c-509e92928066:c4932]
2019-08-20 22:34:52,970 [grpc-default-executor-1] INFO  client.GrpcClientProtocolClient (GrpcClientProtocolClient.java:onNext(255)) - client-391BA870FC40->947ec526-030f-41cc-8af7-a6f75e712ab0: receive RaftClientReply:client-391BA870FC40->947ec526-030f-41cc-8af7-a6f75e712ab0@group-5D45C35602B2, cid=3278, SUCCESS, logIndex=4934, commits[947ec526-030f-41cc-8af7-a6f75e712ab0:c4934, c447b9b6-dde2-4ce7-aa81-d0e2eddc8fe9:c4932, 28b540ac-241d-462a-a56c-509e92928066:c4932]
2019-08-20 22:34:52,971 | INFO  | DNAudit | user=null | ip=null | op=WRITE_CHUNK {blockData=conID: 1 locID: 102651690543809183 bcsId: 4928} | ret=SUCCESS |  
2019-08-20 22:34:52,971 | INFO  | DNAudit | user=null | ip=null | op=WRITE_CHUNK {blockData=conID: 1 locID: 102651690543809183 bcsId: 4928} | ret=SUCCESS |  
2019-08-20 22:34:52,971 | INFO  | DNAudit | user=null | ip=null | op=PUT_BLOCK {blockData=[blockId=conID: 1 locID: 102651690543809183 bcsId: 0,size=3145728]} | ret=SUCCESS |  
2019-08-20 22:34:52,971 | INFO  | DNAudit | user=null | ip=null | op=PUT_BLOCK {blockData=[blockId=conID: 1 locID: 102651690543809183 bcsId: 0,size=3145728]} | ret=SUCCESS |  
2019-08-20 22:34:52,975 | INFO  | DNAudit | user=null | ip=null | op=WRITE_CHUNK {blockData=conID: 1 locID: 102651690543809183 bcsId: 4934} | ret=SUCCESS |  
2019-08-20 22:34:52,976 | INFO  | DNAudit | user=null | ip=null | op=WRITE_CHUNK {blockData=conID: 1 locID: 102651690543809183 bcsId: 4934} | ret=SUCCESS |  
2019-08-20 22:34:52,976 | INFO  | DNAudit | user=null | ip=null | op=WRITE_CHUNK {blockData=conID: 1 locID: 102651690543809183 bcsId: 4934} | ret=SUCCESS |  
2019-08-20 22:34:52,977 | INFO  | DNAudit | user=null | ip=null | op=WRITE_CHUNK {blockData=conID: 1 locID: 102651690543809183 bcsId: 4934} | ret=SUCCESS |  
2019-08-20 22:34:52,977 | INFO  | DNAudit | user=null | ip=null | op=PUT_BLOCK {blockData=[blockId=conID: 1 locID: 102651690543809183 bcsId: 0,size=4194304]} | ret=SUCCESS |  
2019-08-20 22:34:52,978 [grpc-default-executor-1] INFO  client.GrpcClientProtocolClient (GrpcClientProtocolClient.java:onNext(255)) - client-391BA870FC40->947ec526-030f-41cc-8af7-a6f75e712ab0: receive RaftClientReply:client-391BA870FC40->947ec526-030f-41cc-8af7-a6f75e712ab0@group-5D45C35602B2, cid=3279, SUCCESS, logIndex=4937, commits[947ec526-030f-41cc-8af7-a6f75e712ab0:c4938, c447b9b6-dde2-4ce7-aa81-d0e2eddc8fe9:c4934, 28b540ac-241d-462a-a56c-509e92928066:c4935]
2019-08-20 22:34:52,978 [grpc-default-executor-1] INFO  client.GrpcClientProtocolClient (GrpcClientProtocolClient.java:onNext(255)) - client-391BA870FC40->947ec526-030f-41cc-8af7-a6f75e712ab0: receive RaftClientReply:client-391BA870FC40->947ec526-030f-41cc-8af7-a6f75e712ab0@group-5D45C35602B2, cid=3280, SUCCESS, logIndex=4938, commits[947ec526-030f-41cc-8af7-a6f75e712ab0:c4938, c447b9b6-dde2-4ce7-aa81-d0e2eddc8fe9:c4934, 28b540ac-241d-462a-a56c-509e92928066:c4935]
2019-08-20 22:34:52,980 | INFO  | DNAudit | user=null | ip=null | op=WRITE_CHUNK {blockData=conID: 1 locID: 102651690543809183 bcsId: 4934} | ret=SUCCESS |  
2019-08-20 22:34:52,980 | INFO  | DNAudit | user=null | ip=null | op=WRITE_CHUNK {blockData=conID: 1 locID: 102651690543809183 bcsId: 4934} | ret=SUCCESS |  
2019-08-20 22:34:52,980 | INFO  | DNAudit | user=null | ip=null | op=PUT_BLOCK {blockData=[blockId=conID: 1 locID: 102651690543809183 bcsId: 0,size=4194304]} | ret=SUCCESS |  
2019-08-20 22:34:52,981 | INFO  | DNAudit | user=null | ip=null | op=PUT_BLOCK {blockData=[blockId=conID: 1 locID: 102651690543809183 bcsId: 0,size=4194304]} | ret=SUCCESS |  
2019-08-20 22:34:52,981 [grpc-default-executor-1] INFO  client.GrpcClientProtocolClient (GrpcClientProtocolClient.java:onNext(255)) - client-391BA870FC40->947ec526-030f-41cc-8af7-a6f75e712ab0: receive RaftClientReply:client-391BA870FC40->947ec526-030f-41cc-8af7-a6f75e712ab0@group-5D45C35602B2, cid=3281, SUCCESS, logIndex=0, commits[947ec526-030f-41cc-8af7-a6f75e712ab0:c4939, c447b9b6-dde2-4ce7-aa81-d0e2eddc8fe9:c4938, 28b540ac-241d-462a-a56c-509e92928066:c4938]
2019-08-20 22:34:52,986 | INFO  | SCMAudit | user=jenkins1000 | ip=192.168.5.142 | op=ALLOCATE_BLOCK {owner=6f694d07-2a2f-44d9-8e1c-aaa094a2f647, size=4194304, type=RATIS, factor=THREE} | ret=SUCCESS |  
2019-08-20 22:34:52,990 | INFO  | OMAudit | user=jenkins1000 | ip=127.0.0.1 | op=ALLOCATE_BLOCK {volume=vol-0-80747, bucket=bucket-0-27686, key=key-0-47435, dataSize=0, replicationType=null, replicationFactor=null, keyLocationInfo=null, clientID=102651687805452690} | ret=SUCCESS |  
2019-08-20 22:34:52,995 | INFO  | DNAudit | user=null | ip=null | op=WRITE_CHUNK {blockData=conID: 2 locID: 102651690548331168 bcsId: 0} | ret=SUCCESS |  
2019-08-20 22:34:52,998 | INFO  | DNAudit | user=null | ip=null | op=WRITE_CHUNK {blockData=conID: 2 locID: 102651690548331168 bcsId: 0} | ret=SUCCESS |  
2019-08-20 22:34:52,998 | INFO  | DNAudit | user=null | ip=null | op=WRITE_CHUNK {blockData=conID: 2 locID: 102651690548331168 bcsId: 0} | ret=SUCCESS |  
2019-08-20 22:34:52,998 | INFO  | DNAudit | user=null | ip=null | op=WRITE_CHUNK {blockData=conID: 2 locID: 102651690548331168 bcsId: 0} | ret=SUCCESS |  
2019-08-20 22:34:52,999 | INFO  | DNAudit | user=null | ip=null | op=WRITE_CHUNK {blockData=conID: 2 locID: 102651690548331168 bcsId: 0} | ret=SUCCESS |  
2019-08-20 22:34:52,999 | INFO  | DNAudit | user=null | ip=null | op=WRITE_CHUNK {blockData=conID: 2 locID: 102651690548331168 bcsId: 0} | ret=SUCCESS |  
2019-08-20 22:34:53,006 | INFO  | DNAudit | user=null | ip=null | op=WRITE_CHUNK {blockData=conID: 2 locID: 102651690548331168 bcsId: 0} | ret=SUCCESS |  
2019-08-20 22:34:53,006 | INFO  | DNAudit | user=null | ip=null | op=PUT_BLOCK {blockData=[blockId=conID: 2 locID: 102651690548331168 bcsId: 0,size=1048576]} | ret=SUCCESS |  
2019-08-20 22:34:53,007 | INFO  | DNAudit | user=null | ip=null | op=WRITE_CHUNK {blockData=conID: 2 locID: 102651690548331168 bcsId: 0} | ret=SUCCESS |  
2019-08-20 22:34:53,006 [grpc-default-executor-2] INFO  client.GrpcClientProtocolClient (GrpcClientProtocolClient.java:onNext(255)) - client-391BA870FC40->947ec526-030f-41cc-8af7-a6f75e712ab0: receive RaftClientReply:client-391BA870FC40->947ec526-030f-41cc-8af7-a6f75e712ab0@group-5D45C35602B2, cid=3282, SUCCESS, logIndex=4941, commits[947ec526-030f-41cc-8af7-a6f75e712ab0:c4942, c447b9b6-dde2-4ce7-aa81-d0e2eddc8fe9:c4940, 28b540ac-241d-462a-a56c-509e92928066:c4940]
2019-08-20 22:34:53,007 | INFO  | DNAudit | user=null | ip=null | op=PUT_BLOCK {blockData=[blockId=conID: 2 locID: 102651690548331168 bcsId: 0,size=2097152]} | ret=SUCCESS |  
2019-08-20 22:34:53,007 [grpc-default-executor-2] INFO  client.GrpcClientProtocolClient (GrpcClientProtocolClient.java:onNext(255)) - client-391BA870FC40->947ec526-030f-41cc-8af7-a6f75e712ab0: receive RaftClientReply:client-391BA870FC40->947ec526-030f-41cc-8af7-a6f75e712ab0@group-5D45C35602B2, cid=3283, SUCCESS, logIndex=4942, commits[947ec526-030f-41cc-8af7-a6f75e712ab0:c4943, c447b9b6-dde2-4ce7-aa81-d0e2eddc8fe9:c4940, 28b540ac-241d-462a-a56c-509e92928066:c4940]
2019-08-20 22:34:53,007 [grpc-default-executor-2] INFO  client.GrpcClientProtocolClient (GrpcClientProtocolClient.java:onNext(255)) - client-391BA870FC40->947ec526-030f-41cc-8af7-a6f75e712ab0: receive RaftClientReply:client-391BA870FC40->947ec526-030f-41cc-8af7-a6f75e712ab0@group-5D45C35602B2, cid=3284, SUCCESS, logIndex=4943, commits[947ec526-030f-41cc-8af7-a6f75e712ab0:c4944, c447b9b6-dde2-4ce7-aa81-d0e2eddc8fe9:c4940, 28b540ac-241d-462a-a56c-509e92928066:c4940]
2019-08-20 22:34:53,007 [grpc-default-executor-2] INFO  client.GrpcClientProtocolClient (GrpcClientProtocolClient.java:onNext(255)) - client-391BA870FC40->947ec526-030f-41cc-8af7-a6f75e712ab0: receive RaftClientReply:client-391BA870FC40->947ec526-030f-41cc-8af7-a6f75e712ab0@group-5D45C35602B2, cid=3285, SUCCESS, logIndex=4944, commits[947ec526-030f-41cc-8af7-a6f75e712ab0:c4944, c447b9b6-dde2-4ce7-aa81-d0e2eddc8fe9:c4940, 28b540ac-241d-462a-a56c-509e92928066:c4940]
2019-08-20 22:34:53,010 | INFO  | DNAudit | user=null | ip=null | op=WRITE_CHUNK {blockData=conID: 2 locID: 102651690548331168 bcsId: 0} | ret=SUCCESS |  
2019-08-20 22:34:53,010 | INFO  | DNAudit | user=null | ip=null | op=WRITE_CHUNK {blockData=conID: 2 locID: 102651690548331168 bcsId: 0} | ret=SUCCESS |  
2019-08-20 22:34:53,010 | INFO  | DNAudit | user=null | ip=null | op=PUT_BLOCK {blockData=[blockId=conID: 2 locID: 102651690548331168 bcsId: 0,size=1048576]} | ret=SUCCESS |  
2019-08-20 22:34:53,010 | INFO  | DNAudit | user=null | ip=null | op=PUT_BLOCK {blockData=[blockId=conID: 2 locID: 102651690548331168 bcsId: 0,size=1048576]} | ret=SUCCESS |  
2019-08-20 22:34:53,010 | INFO  | DNAudit | user=null | ip=null | op=WRITE_CHUNK {blockData=conID: 2 locID: 102651690548331168 bcsId: 0} | ret=SUCCESS |  
2019-08-20 22:34:53,011 [grpc-default-executor-2] INFO  client.GrpcClientProtocolClient (GrpcClientProtocolClient.java:onNext(255)) - client-391BA870FC40->947ec526-030f-41cc-8af7-a6f75e712ab0: receive RaftClientReply:client-391BA870FC40->947ec526-030f-41cc-8af7-a6f75e712ab0@group-5D45C35602B2, cid=3286, SUCCESS, logIndex=0, commits[947ec526-030f-41cc-8af7-a6f75e712ab0:c4946, c447b9b6-dde2-4ce7-aa81-d0e2eddc8fe9:c4942, 28b540ac-241d-462a-a56c-509e92928066:c4942]
2019-08-20 22:34:53,011 | INFO  | DNAudit | user=null | ip=null | op=PUT_BLOCK {blockData=[blockId=conID: 2 locID: 102651690548331168 bcsId: 0,size=2097152]} | ret=SUCCESS |  
2019-08-20 22:34:53,011 | INFO  | DNAudit | user=null | ip=null | op=WRITE_CHUNK {blockData=conID: 2 locID: 102651690548331168 bcsId: 0} | ret=SUCCESS |  
2019-08-20 22:34:53,012 | INFO  | DNAudit | user=null | ip=null | op=PUT_BLOCK {blockData=[blockId=conID: 2 locID: 102651690548331168 bcsId: 0,size=2097152]} | ret=SUCCESS |  
2019-08-20 22:34:53,016 | INFO  | DNAudit | user=null | ip=null | op=WRITE_CHUNK {blockData=conID: 2 locID: 102651690548331168 bcsId: 4944} | ret=SUCCESS |  
2019-08-20 22:34:53,017 | INFO  | DNAudit | user=null | ip=null | op=WRITE_CHUNK {blockData=conID: 2 locID: 102651690548331168 bcsId: 4944} | ret=SUCCESS |  
2019-08-20 22:34:53,017 | INFO  | DNAudit | user=null | ip=null | op=WRITE_CHUNK {blockData=conID: 2 locID: 102651690548331168 bcsId: 4944} | ret=SUCCESS |  
2019-08-20 22:34:53,030 | INFO  | DNAudit | user=null | ip=null | op=WRITE_CHUNK {blockData=conID: 2 locID: 102651690548331168 bcsId: 4944} | ret=SUCCESS |  
2019-08-20 22:34:53,030 | INFO  | DNAudit | user=null | ip=null | op=PUT_BLOCK {blockData=[blockId=conID: 2 locID: 102651690548331168 bcsId: 0,size=3145728]} | ret=SUCCESS |  
2019-08-20 22:34:53,030 [grpc-default-executor-1] INFO  client.GrpcClientProtocolClient (GrpcClientProtocolClient.java:onNext(255)) - client-391BA870FC40->947ec526-030f-41cc-8af7-a6f75e712ab0: receive RaftClientReply:client-391BA870FC40->947ec526-030f-41cc-8af7-a6f75e712ab0@group-5D45C35602B2, cid=3287, SUCCESS, logIndex=4949, commits[947ec526-030f-41cc-8af7-a6f75e712ab0:c4950, c447b9b6-dde2-4ce7-aa81-d0e2eddc8fe9:c4948, 28b540ac-241d-462a-a56c-509e92928066:c4948]
2019-08-20 22:34:53,031 [grpc-default-executor-1] INFO  client.GrpcClientProtocolClient (GrpcClientProtocolClient.java:onNext(255)) - client-391BA870FC40->947ec526-030f-41cc-8af7-a6f75e712ab0: receive RaftClientReply:client-391BA870FC40->947ec526-030f-41cc-8af7-a6f75e712ab0@group-5D45C35602B2, cid=3288, SUCCESS, logIndex=4950, commits[947ec526-030f-41cc-8af7-a6f75e712ab0:c4950, c447b9b6-dde2-4ce7-aa81-d0e2eddc8fe9:c4948, 28b540ac-241d-462a-a56c-509e92928066:c4948]
2019-08-20 22:34:53,036 | INFO  | DNAudit | user=null | ip=null | op=WRITE_CHUNK {blockData=conID: 2 locID: 102651690548331168 bcsId: 4950} | ret=SUCCESS |  
2019-08-20 22:34:53,037 | INFO  | DNAudit | user=null | ip=null | op=WRITE_CHUNK {blockData=conID: 2 locID: 102651690548331168 bcsId: 4950} | ret=SUCCESS |  
2019-08-20 22:34:53,037 | INFO  | DNAudit | user=null | ip=null | op=WRITE_CHUNK {blockData=conID: 2 locID: 102651690548331168 bcsId: 4950} | ret=SUCCESS |  
2019-08-20 22:34:53,042 | INFO  | DNAudit | user=null | ip=null | op=WRITE_CHUNK {blockData=conID: 2 locID: 102651690548331168 bcsId: 4944} | ret=SUCCESS |  
2019-08-20 22:34:53,042 | INFO  | DNAudit | user=null | ip=null | op=WRITE_CHUNK {blockData=conID: 2 locID: 102651690548331168 bcsId: 4944} | ret=SUCCESS |  
2019-08-20 22:34:53,043 | INFO  | DNAudit | user=null | ip=null | op=PUT_BLOCK {blockData=[blockId=conID: 2 locID: 102651690548331168 bcsId: 0,size=3145728]} | ret=SUCCESS |  
2019-08-20 22:34:53,043 | INFO  | DNAudit | user=null | ip=null | op=PUT_BLOCK {blockData=[blockId=conID: 2 locID: 102651690548331168 bcsId: 0,size=3145728]} | ret=SUCCESS |  
2019-08-20 22:34:53,043 | INFO  | DNAudit | user=null | ip=null | op=WRITE_CHUNK {blockData=conID: 2 locID: 102651690548331168 bcsId: 4950} | ret=SUCCESS |  
2019-08-20 22:34:53,044 | INFO  | DNAudit | user=null | ip=null | op=PUT_BLOCK {blockData=[blockId=conID: 2 locID: 102651690548331168 bcsId: 0,size=4194304]} | ret=SUCCESS |  
2019-08-20 22:34:53,044 [grpc-default-executor-2] INFO  client.GrpcClientProtocolClient (GrpcClientProtocolClient.java:onNext(255)) - client-391BA870FC40->947ec526-030f-41cc-8af7-a6f75e712ab0: receive RaftClientReply:client-391BA870FC40->947ec526-030f-41cc-8af7-a6f75e712ab0@group-5D45C35602B2, cid=3289, SUCCESS, logIndex=4953, commits[947ec526-030f-41cc-8af7-a6f75e712ab0:c4954, c447b9b6-dde2-4ce7-aa81-d0e2eddc8fe9:c4950, 28b540ac-241d-462a-a56c-509e92928066:c4950]
2019-08-20 22:34:53,044 [grpc-default-executor-2] INFO  client.GrpcClientProtocolClient (GrpcClientProtocolClient.java:onNext(255)) - client-391BA870FC40->947ec526-030f-41cc-8af7-a6f75e712ab0: receive RaftClientReply:client-391BA870FC40->947ec526-030f-41cc-8af7-a6f75e712ab0@group-5D45C35602B2, cid=3290, SUCCESS, logIndex=4954, commits[947ec526-030f-41cc-8af7-a6f75e712ab0:c4954, c447b9b6-dde2-4ce7-aa81-d0e2eddc8fe9:c4950, 28b540ac-241d-462a-a56c-509e92928066:c4950]
2019-08-20 22:34:53,055 | INFO  | DNAudit | user=null | ip=null | op=WRITE_CHUNK {blockData=conID: 2 locID: 102651690548331168 bcsId: 4950} | ret=SUCCESS |  
2019-08-20 22:34:53,055 | INFO  | DNAudit | user=null | ip=null | op=WRITE_CHUNK {blockData=conID: 2 locID: 102651690548331168 bcsId: 4950} | ret=SUCCESS |  
2019-08-20 22:34:53,058 | INFO  | DNAudit | user=null | ip=null | op=PUT_BLOCK {blockData=[blockId=conID: 2 locID: 102651690548331168 bcsId: 0,size=4194304]} | ret=SUCCESS |  
2019-08-20 22:34:53,058 | INFO  | DNAudit | user=null | ip=null | op=PUT_BLOCK {blockData=[blockId=conID: 2 locID: 102651690548331168 bcsId: 0,size=4194304]} | ret=SUCCESS |  
2019-08-20 22:34:53,059 [grpc-default-executor-2] INFO  client.GrpcClientProtocolClient (GrpcClientProtocolClient.java:onNext(255)) - client-391BA870FC40->947ec526-030f-41cc-8af7-a6f75e712ab0: receive RaftClientReply:client-391BA870FC40->947ec526-030f-41cc-8af7-a6f75e712ab0@group-5D45C35602B2, cid=3291, SUCCESS, logIndex=0, commits[947ec526-030f-41cc-8af7-a6f75e712ab0:c4956, c447b9b6-dde2-4ce7-aa81-d0e2eddc8fe9:c4954, 28b540ac-241d-462a-a56c-509e92928066:c4954]
2019-08-20 22:34:53,063 | INFO  | SCMAudit | user=jenkins1000 | ip=192.168.5.142 | op=ALLOCATE_BLOCK {owner=6f694d07-2a2f-44d9-8e1c-aaa094a2f647, size=4194304, type=RATIS, factor=THREE} | ret=SUCCESS |  
2019-08-20 22:34:53,066 | INFO  | OMAudit | user=jenkins1000 | ip=127.0.0.1 | op=ALLOCATE_BLOCK {volume=vol-0-80747, bucket=bucket-0-27686, key=key-0-47435, dataSize=0, replicationType=null, replicationFactor=null, keyLocationInfo=null, clientID=102651687805452690} | ret=SUCCESS |  
2019-08-20 22:34:53,072 | INFO  | DNAudit | user=null | ip=null | op=WRITE_CHUNK {blockData=conID: 3 locID: 102651690553377441 bcsId: 0} | ret=SUCCESS |  
2019-08-20 22:34:53,074 | INFO  | DNAudit | user=null | ip=null | op=WRITE_CHUNK {blockData=conID: 3 locID: 102651690553377441 bcsId: 0} | ret=SUCCESS |  
2019-08-20 22:34:53,074 | INFO  | DNAudit | user=null | ip=null | op=WRITE_CHUNK {blockData=conID: 3 locID: 102651690553377441 bcsId: 0} | ret=SUCCESS |  
2019-08-20 22:34:53,074 | INFO  | DNAudit | user=null | ip=null | op=WRITE_CHUNK {blockData=conID: 3 locID: 102651690553377441 bcsId: 0} | ret=SUCCESS |  
2019-08-20 22:34:53,075 | INFO  | DNAudit | user=null | ip=null | op=WRITE_CHUNK {blockData=conID: 3 locID: 102651690553377441 bcsId: 0} | ret=SUCCESS |  
2019-08-20 22:34:53,075 | INFO  | DNAudit | user=null | ip=null | op=WRITE_CHUNK {blockData=conID: 3 locID: 102651690553377441 bcsId: 0} | ret=SUCCESS |  
2019-08-20 22:34:53,088 | INFO  | DNAudit | user=null | ip=null | op=WRITE_CHUNK {blockData=conID: 3 locID: 102651690553377441 bcsId: 0} | ret=SUCCESS |  
2019-08-20 22:34:53,088 | INFO  | DNAudit | user=null | ip=null | op=PUT_BLOCK {blockData=[blockId=conID: 3 locID: 102651690553377441 bcsId: 0,size=1048576]} | ret=SUCCESS |  
2019-08-20 22:34:53,089 [grpc-default-executor-5] INFO  client.GrpcClientProtocolClient (GrpcClientProtocolClient.java:onNext(255)) - client-391BA870FC40->947ec526-030f-41cc-8af7-a6f75e712ab0: receive RaftClientReply:client-391BA870FC40->947ec526-030f-41cc-8af7-a6f75e712ab0@group-5D45C35602B2, cid=3292, SUCCESS, logIndex=4957, commits[947ec526-030f-41cc-8af7-a6f75e712ab0:c4958, c447b9b6-dde2-4ce7-aa81-d0e2eddc8fe9:c4956, 28b540ac-241d-462a-a56c-509e92928066:c4956]
2019-08-20 22:34:53,089 | INFO  | DNAudit | user=null | ip=null | op=WRITE_CHUNK {blockData=conID: 3 locID: 102651690553377441 bcsId: 0} | ret=SUCCESS |  
2019-08-20 22:34:53,089 | INFO  | DNAudit | user=null | ip=null | op=PUT_BLOCK {blockData=[blockId=conID: 3 locID: 102651690553377441 bcsId: 0,size=2097152]} | ret=SUCCESS |  
2019-08-20 22:34:53,089 [grpc-default-executor-5] INFO  client.GrpcClientProtocolClient (GrpcClientProtocolClient.java:onNext(255)) - client-391BA870FC40->947ec526-030f-41cc-8af7-a6f75e712ab0: receive RaftClientReply:client-391BA870FC40->947ec526-030f-41cc-8af7-a6f75e712ab0@group-5D45C35602B2, cid=3293, SUCCESS, logIndex=4958, commits[947ec526-030f-41cc-8af7-a6f75e712ab0:c4960, c447b9b6-dde2-4ce7-aa81-d0e2eddc8fe9:c4956, 28b540ac-241d-462a-a56c-509e92928066:c4956]
2019-08-20 22:34:53,089 [grpc-default-executor-5] INFO  client.GrpcClientProtocolClient (GrpcClientProtocolClient.java:onNext(255)) - client-391BA870FC40->947ec526-030f-41cc-8af7-a6f75e712ab0: receive RaftClientReply:client-391BA870FC40->947ec526-030f-41cc-8af7-a6f75e712ab0@group-5D45C35602B2, cid=3294, SUCCESS, logIndex=4959, commits[947ec526-030f-41cc-8af7-a6f75e712ab0:c4960, c447b9b6-dde2-4ce7-aa81-d0e2eddc8fe9:c4956, 28b540ac-241d-462a-a56c-509e92928066:c4956]
2019-08-20 22:34:53,089 [grpc-default-executor-5] INFO  client.GrpcClientProtocolClient (GrpcClientProtocolClient.java:onNext(255)) - client-391BA870FC40->947ec526-030f-41cc-8af7-a6f75e712ab0: receive RaftClientReply:client-391BA870FC40->947ec526-030f-41cc-8af7-a6f75e712ab0@group-5D45C35602B2, cid=3295, SUCCESS, logIndex=4960, commits[947ec526-030f-41cc-8af7-a6f75e712ab0:c4960, c447b9b6-dde2-4ce7-aa81-d0e2eddc8fe9:c4956, 28b540ac-241d-462a-a56c-509e92928066:c4956]
2019-08-20 22:34:53,091 | INFO  | DNAudit | user=null | ip=null | op=WRITE_CHUNK {blockData=conID: 3 locID: 102651690553377441 bcsId: 0} | ret=SUCCESS |  
2019-08-20 22:34:53,091 | INFO  | DNAudit | user=null | ip=null | op=WRITE_CHUNK {blockData=conID: 3 locID: 102651690553377441 bcsId: 0} | ret=SUCCESS |  
2019-08-20 22:34:53,091 | INFO  | DNAudit | user=null | ip=null | op=PUT_BLOCK {blockData=[blockId=conID: 3 locID: 102651690553377441 bcsId: 0,size=1048576]} | ret=SUCCESS |  
2019-08-20 22:34:53,091 | INFO  | DNAudit | user=null | ip=null | op=PUT_BLOCK {blockData=[blockId=conID: 3 locID: 102651690553377441 bcsId: 0,size=1048576]} | ret=SUCCESS |  
2019-08-20 22:34:53,091 [grpc-default-executor-5] INFO  client.GrpcClientProtocolClient (GrpcClientProtocolClient.java:onNext(255)) - client-391BA870FC40->947ec526-030f-41cc-8af7-a6f75e712ab0: receive RaftClientReply:client-391BA870FC40->947ec526-030f-41cc-8af7-a6f75e712ab0@group-5D45C35602B2, cid=3296, SUCCESS, logIndex=0, commits[947ec526-030f-41cc-8af7-a6f75e712ab0:c4961, c447b9b6-dde2-4ce7-aa81-d0e2eddc8fe9:c4958, 28b540ac-241d-462a-a56c-509e92928066:c4958]
2019-08-20 22:34:53,096 | INFO  | DNAudit | user=null | ip=null | op=WRITE_CHUNK {blockData=conID: 3 locID: 102651690553377441 bcsId: 4960} | ret=SUCCESS |  
2019-08-20 22:34:53,098 | INFO  | DNAudit | user=null | ip=null | op=WRITE_CHUNK {blockData=conID: 3 locID: 102651690553377441 bcsId: 4960} | ret=SUCCESS |  
2019-08-20 22:34:53,098 | INFO  | DNAudit | user=null | ip=null | op=WRITE_CHUNK {blockData=conID: 3 locID: 102651690553377441 bcsId: 4960} | ret=SUCCESS |  
2019-08-20 22:34:53,205 | INFO  | DNAudit | user=null | ip=null | op=WRITE_CHUNK {blockData=conID: 3 locID: 102651690553377441 bcsId: 0} | ret=SUCCESS |  
2019-08-20 22:34:53,205 | INFO  | DNAudit | user=null | ip=null | op=WRITE_CHUNK {blockData=conID: 3 locID: 102651690553377441 bcsId: 0} | ret=SUCCESS |  
2019-08-20 22:34:53,205 | INFO  | DNAudit | user=null | ip=null | op=PUT_BLOCK {blockData=[blockId=conID: 3 locID: 102651690553377441 bcsId: 0,size=2097152]} | ret=SUCCESS |  
2019-08-20 22:34:53,206 | INFO  | DNAudit | user=null | ip=null | op=PUT_BLOCK {blockData=[blockId=conID: 3 locID: 102651690553377441 bcsId: 0,size=2097152]} | ret=SUCCESS |  
2019-08-20 22:34:53,206 | INFO  | SCMAudit | user=jenkins1000 | ip=192.168.5.142 | op=SEND_HEARTBEAT {datanodeUUID=d55cd342-4e6c-4701-86f3-cb557f3478dc, command=[]} | ret=SUCCESS |  
2019-08-20 22:34:53,206 | INFO  | DNAudit | user=null | ip=null | op=WRITE_CHUNK {blockData=conID: 3 locID: 102651690553377441 bcsId: 4960} | ret=SUCCESS |  
2019-08-20 22:34:53,206 | INFO  | DNAudit | user=null | ip=null | op=PUT_BLOCK {blockData=[blockId=conID: 3 locID: 102651690553377441 bcsId: 0,size=3145728]} | ret=SUCCESS |  
2019-08-20 22:34:53,206 [grpc-default-executor-5] INFO  client.GrpcClientProtocolClient (GrpcClientProtocolClient.java:onNext(255)) - client-391BA870FC40->947ec526-030f-41cc-8af7-a6f75e712ab0: receive RaftClientReply:client-391BA870FC40->947ec526-030f-41cc-8af7-a6f75e712ab0@group-5D45C35602B2, cid=3297, SUCCESS, logIndex=4964, commits[947ec526-030f-41cc-8af7-a6f75e712ab0:c4965, c447b9b6-dde2-4ce7-aa81-d0e2eddc8fe9:c4961, 28b540ac-241d-462a-a56c-509e92928066:c4960]
2019-08-20 22:34:53,207 [grpc-default-executor-5] INFO  client.GrpcClientProtocolClient (GrpcClientProtocolClient.java:onNext(255)) - client-391BA870FC40->947ec526-030f-41cc-8af7-a6f75e712ab0: receive RaftClientReply:client-391BA870FC40->947ec526-030f-41cc-8af7-a6f75e712ab0@group-5D45C35602B2, cid=3298, SUCCESS, logIndex=4965, commits[947ec526-030f-41cc-8af7-a6f75e712ab0:c4965, c447b9b6-dde2-4ce7-aa81-d0e2eddc8fe9:c4961, 28b540ac-241d-462a-a56c-509e92928066:c4960]
2019-08-20 22:34:53,212 | INFO  | DNAudit | user=null | ip=null | op=WRITE_CHUNK {blockData=conID: 3 locID: 102651690553377441 bcsId: 4965} | ret=SUCCESS |  
2019-08-20 22:34:53,213 | INFO  | DNAudit | user=null | ip=null | op=WRITE_CHUNK {blockData=conID: 3 locID: 102651690553377441 bcsId: 4965} | ret=SUCCESS |  
2019-08-20 22:34:53,213 | INFO  | DNAudit | user=null | ip=null | op=WRITE_CHUNK {blockData=conID: 3 locID: 102651690553377441 bcsId: 4965} | ret=SUCCESS |  
2019-08-20 22:34:53,234 | INFO  | DNAudit | user=null | ip=null | op=WRITE_CHUNK {blockData=conID: 3 locID: 102651690553377441 bcsId: 4960} | ret=SUCCESS |  
2019-08-20 22:34:53,234 | INFO  | DNAudit | user=null | ip=null | op=WRITE_CHUNK {blockData=conID: 3 locID: 102651690553377441 bcsId: 4960} | ret=SUCCESS |  
2019-08-20 22:34:53,234 | INFO  | DNAudit | user=null | ip=null | op=PUT_BLOCK {blockData=[blockId=conID: 3 locID: 102651690553377441 bcsId: 0,size=3145728]} | ret=SUCCESS |  
2019-08-20 22:34:53,234 | INFO  | DNAudit | user=null | ip=null | op=PUT_BLOCK {blockData=[blockId=conID: 3 locID: 102651690553377441 bcsId: 0,size=3145728]} | ret=SUCCESS |  
2019-08-20 22:34:53,234 | INFO  | DNAudit | user=null | ip=null | op=WRITE_CHUNK {blockData=conID: 3 locID: 102651690553377441 bcsId: 4965} | ret=SUCCESS |  
2019-08-20 22:34:53,235 | INFO  | DNAudit | user=null | ip=null | op=PUT_BLOCK {blockData=[blockId=conID: 3 locID: 102651690553377441 bcsId: 0,size=4194304]} | ret=SUCCESS |  
2019-08-20 22:34:53,235 [grpc-default-executor-2] INFO  client.GrpcClientProtocolClient (GrpcClientProtocolClient.java:onNext(255)) - client-391BA870FC40->947ec526-030f-41cc-8af7-a6f75e712ab0: receive RaftClientReply:client-391BA870FC40->947ec526-030f-41cc-8af7-a6f75e712ab0@group-5D45C35602B2, cid=3299, SUCCESS, logIndex=4968, commits[947ec526-030f-41cc-8af7-a6f75e712ab0:c4968, c447b9b6-dde2-4ce7-aa81-d0e2eddc8fe9:c4965, 28b540ac-241d-462a-a56c-509e92928066:c4965]
2019-08-20 22:34:53,235 [grpc-default-executor-2] INFO  client.GrpcClientProtocolClient (GrpcClientProtocolClient.java:onNext(255)) - client-391BA870FC40->947ec526-030f-41cc-8af7-a6f75e712ab0: receive RaftClientReply:client-391BA870FC40->947ec526-030f-41cc-8af7-a6f75e712ab0@group-5D45C35602B2, cid=3300, SUCCESS, logIndex=4969, commits[947ec526-030f-41cc-8af7-a6f75e712ab0:c4969, c447b9b6-dde2-4ce7-aa81-d0e2eddc8fe9:c4965, 28b540ac-241d-462a-a56c-509e92928066:c4965]
2019-08-20 22:34:53,244 | INFO  | SCMAudit | user=jenkins1000 | ip=192.168.5.142 | op=SEND_HEARTBEAT {datanodeUUID=947ec526-030f-41cc-8af7-a6f75e712ab0, command=[]} | ret=SUCCESS |  
2019-08-20 22:34:53,245 | INFO  | SCMAudit | user=jenkins1000 | ip=192.168.5.142 | op=SEND_HEARTBEAT {datanodeUUID=28b540ac-241d-462a-a56c-509e92928066, command=[]} | ret=SUCCESS |  
2019-08-20 22:34:53,245 | INFO  | SCMAudit | user=jenkins1000 | ip=192.168.5.142 | op=SEND_HEARTBEAT {datanodeUUID=eafd9314-3f13-422a-a2ac-adfcde2d7481, command=[]} | ret=SUCCESS |  
2019-08-20 22:34:53,245 | INFO  | SCMAudit | user=jenkins1000 | ip=192.168.5.142 | op=SEND_HEARTBEAT {datanodeUUID=c447b9b6-dde2-4ce7-aa81-d0e2eddc8fe9, command=[]} | ret=SUCCESS |  
 0.00% |█                                                                                                    |  0/1 Time: 0:00:422019-08-20 22:34:53,246 | INFO  | DNAudit | user=null | ip=null | op=WRITE_CHUNK {blockData=conID: 3 locID: 102651690553377441 bcsId: 4965} | ret=SUCCESS |  
2019-08-20 22:34:53,257 | INFO  | DNAudit | user=null | ip=null | op=WRITE_CHUNK {blockData=conID: 3 locID: 102651690553377441 bcsId: 4965} | ret=SUCCESS |  
2019-08-20 22:34:53,257 | INFO  | DNAudit | user=null | ip=null | op=PUT_BLOCK {blockData=[blockId=conID: 3 locID: 102651690553377441 bcsId: 0,size=4194304]} | ret=SUCCESS |  
2019-08-20 22:34:53,257 | INFO  | DNAudit | user=null | ip=null | op=PUT_BLOCK {blockData=[blockId=conID: 3 locID: 102651690553377441 bcsId: 0,size=4194304]} | ret=SUCCESS |  
2019-08-20 22:34:53,258 [grpc-default-executor-2] INFO  client.GrpcClientProtocolClient (GrpcClientProtocolClient.java:onNext(255)) - client-391BA870FC40->947ec526-030f-41cc-8af7-a6f75e712ab0: receive RaftClientReply:client-391BA870FC40->947ec526-030f-41cc-8af7-a6f75e712ab0@group-5D45C35602B2, cid=3301, SUCCESS, logIndex=0, commits[947ec526-030f-41cc-8af7-a6f75e712ab0:c4971, c447b9b6-dde2-4ce7-aa81-d0e2eddc8fe9:c4969, 28b540ac-241d-462a-a56c-509e92928066:c4969]
2019-08-20 22:34:53,262 | INFO  | SCMAudit | user=jenkins1000 | ip=192.168.5.142 | op=ALLOCATE_BLOCK {owner=6f694d07-2a2f-44d9-8e1c-aaa094a2f647, size=4194304, type=RATIS, factor=THREE} | ret=SUCCESS |  
2019-08-20 22:34:53,266 | INFO  | OMAudit | user=jenkins1000 | ip=127.0.0.1 | op=ALLOCATE_BLOCK {volume=vol-0-80747, bucket=bucket-0-27686, key=key-0-47435, dataSize=0, replicationType=null, replicationFactor=null, keyLocationInfo=null, clientID=102651687805452690} | ret=SUCCESS |  
2019-08-20 22:34:53,272 | INFO  | DNAudit | user=null | ip=null | op=WRITE_CHUNK {blockData=conID: 1 locID: 102651690566419106 bcsId: 0} | ret=SUCCESS |  
2019-08-20 22:34:53,275 | INFO  | DNAudit | user=null | ip=null | op=WRITE_CHUNK {blockData=conID: 1 locID: 102651690566419106 bcsId: 0} | ret=SUCCESS |  
2019-08-20 22:34:53,275 | INFO  | DNAudit | user=null | ip=null | op=WRITE_CHUNK {blockData=conID: 1 locID: 102651690566419106 bcsId: 0} | ret=SUCCESS |  
2019-08-20 22:34:53,275 | INFO  | DNAudit | user=null | ip=null | op=WRITE_CHUNK {blockData=conID: 1 locID: 102651690566419106 bcsId: 0} | ret=SUCCESS |  
2019-08-20 22:34:53,276 | INFO  | DNAudit | user=null | ip=null | op=WRITE_CHUNK {blockData=conID: 1 locID: 102651690566419106 bcsId: 0} | ret=SUCCESS |  
2019-08-20 22:34:53,276 | INFO  | DNAudit | user=null | ip=null | op=WRITE_CHUNK {blockData=conID: 1 locID: 102651690566419106 bcsId: 0} | ret=SUCCESS |  
2019-08-20 22:34:53,305 | INFO  | DNAudit | user=null | ip=null | op=WRITE_CHUNK {blockData=conID: 1 locID: 102651690566419106 bcsId: 0} | ret=SUCCESS |  
2019-08-20 22:34:53,305 | INFO  | DNAudit | user=null | ip=null | op=PUT_BLOCK {blockData=[blockId=conID: 1 locID: 102651690566419106 bcsId: 0,size=1048576]} | ret=SUCCESS |  
2019-08-20 22:34:53,305 [grpc-default-executor-5] INFO  client.GrpcClientProtocolClient (GrpcClientProtocolClient.java:onNext(255)) - client-391BA870FC40->947ec526-030f-41cc-8af7-a6f75e712ab0: receive RaftClientReply:client-391BA870FC40->947ec526-030f-41cc-8af7-a6f75e712ab0@group-5D45C35602B2, cid=3302, SUCCESS, logIndex=4972, commits[947ec526-030f-41cc-8af7-a6f75e712ab0:c4974, c447b9b6-dde2-4ce7-aa81-d0e2eddc8fe9:c4971, 28b540ac-241d-462a-a56c-509e92928066:c4971]
2019-08-20 22:34:53,306 | INFO  | DNAudit | user=null | ip=null | op=WRITE_CHUNK {blockData=conID: 1 locID: 102651690566419106 bcsId: 0} | ret=SUCCESS |  
2019-08-20 22:34:53,306 [grpc-default-executor-5] INFO  client.GrpcClientProtocolClient (GrpcClientProtocolClient.java:onNext(255)) - client-391BA870FC40->947ec526-030f-41cc-8af7-a6f75e712ab0: receive RaftClientReply:client-391BA870FC40->947ec526-030f-41cc-8af7-a6f75e712ab0@group-5D45C35602B2, cid=3303, SUCCESS, logIndex=4973, commits[947ec526-030f-41cc-8af7-a6f75e712ab0:c4975, c447b9b6-dde2-4ce7-aa81-d0e2eddc8fe9:c4971, 28b540ac-241d-462a-a56c-509e92928066:c4971]
2019-08-20 22:34:53,306 | INFO  | DNAudit | user=null | ip=null | op=PUT_BLOCK {blockData=[blockId=conID: 1 locID: 102651690566419106 bcsId: 0,size=2097152]} | ret=SUCCESS |  
2019-08-20 22:34:53,306 [grpc-default-executor-5] INFO  client.GrpcClientProtocolClient (GrpcClientProtocolClient.java:onNext(255)) - client-391BA870FC40->947ec526-030f-41cc-8af7-a6f75e712ab0: receive RaftClientReply:client-391BA870FC40->947ec526-030f-41cc-8af7-a6f75e712ab0@group-5D45C35602B2, cid=3304, SUCCESS, logIndex=4974, commits[947ec526-030f-41cc-8af7-a6f75e712ab0:c4975, c447b9b6-dde2-4ce7-aa81-d0e2eddc8fe9:c4971, 28b540ac-241d-462a-a56c-509e92928066:c4971]
2019-08-20 22:34:53,306 [grpc-default-executor-5] INFO  client.GrpcClientProtocolClient (GrpcClientProtocolClient.java:onNext(255)) - client-391BA870FC40->947ec526-030f-41cc-8af7-a6f75e712ab0: receive RaftClientReply:client-391BA870FC40->947ec526-030f-41cc-8af7-a6f75e712ab0@group-5D45C35602B2, cid=3305, SUCCESS, logIndex=4975, commits[947ec526-030f-41cc-8af7-a6f75e712ab0:c4975, c447b9b6-dde2-4ce7-aa81-d0e2eddc8fe9:c4971, 28b540ac-241d-462a-a56c-509e92928066:c4971]
2019-08-20 22:34:53,316 | INFO  | DNAudit | user=null | ip=null | op=WRITE_CHUNK {blockData=conID: 1 locID: 102651690566419106 bcsId: 0} | ret=SUCCESS |  
2019-08-20 22:34:53,317 | INFO  | DNAudit | user=null | ip=null | op=WRITE_CHUNK {blockData=conID: 1 locID: 102651690566419106 bcsId: 0} | ret=SUCCESS |  
2019-08-20 22:34:53,317 | INFO  | DNAudit | user=null | ip=null | op=PUT_BLOCK {blockData=[blockId=conID: 1 locID: 102651690566419106 bcsId: 0,size=1048576]} | ret=SUCCESS |  
2019-08-20 22:34:53,317 | INFO  | DNAudit | user=null | ip=null | op=PUT_BLOCK {blockData=[blockId=conID: 1 locID: 102651690566419106 bcsId: 0,size=1048576]} | ret=SUCCESS |  
2019-08-20 22:34:53,317 | INFO  | DNAudit | user=null | ip=null | op=WRITE_CHUNK {blockData=conID: 1 locID: 102651690566419106 bcsId: 0} | ret=SUCCESS |  
2019-08-20 22:34:53,318 | INFO  | DNAudit | user=null | ip=null | op=PUT_BLOCK {blockData=[blockId=conID: 1 locID: 102651690566419106 bcsId: 0,size=2097152]} | ret=SUCCESS |  
2019-08-20 22:34:53,318 [grpc-default-executor-5] INFO  client.GrpcClientProtocolClient (GrpcClientProtocolClient.java:onNext(255)) - client-391BA870FC40->947ec526-030f-41cc-8af7-a6f75e712ab0: receive RaftClientReply:client-391BA870FC40->947ec526-030f-41cc-8af7-a6f75e712ab0@group-5D45C35602B2, cid=3306, SUCCESS, logIndex=0, commits[947ec526-030f-41cc-8af7-a6f75e712ab0:c4977, c447b9b6-dde2-4ce7-aa81-d0e2eddc8fe9:c4973, 28b540ac-241d-462a-a56c-509e92928066:c4974]
2019-08-20 22:34:53,319 | INFO  | DNAudit | user=null | ip=null | op=WRITE_CHUNK {blockData=conID: 1 locID: 102651690566419106 bcsId: 0} | ret=SUCCESS |  
2019-08-20 22:34:53,319 | INFO  | DNAudit | user=null | ip=null | op=PUT_BLOCK {blockData=[blockId=conID: 1 locID: 102651690566419106 bcsId: 0,size=2097152]} | ret=SUCCESS |  
2019-08-20 22:34:53,323 | INFO  | DNAudit | user=null | ip=null | op=WRITE_CHUNK {blockData=conID: 1 locID: 102651690566419106 bcsId: 4975} | ret=SUCCESS |  
2019-08-20 22:34:53,324 | INFO  | DNAudit | user=null | ip=null | op=WRITE_CHUNK {blockData=conID: 1 locID: 102651690566419106 bcsId: 4975} | ret=SUCCESS |  
2019-08-20 22:34:53,325 | INFO  | DNAudit | user=null | ip=null | op=WRITE_CHUNK {blockData=conID: 1 locID: 102651690566419106 bcsId: 4975} | ret=SUCCESS |  
2019-08-20 22:34:53,336 | INFO  | DNAudit | user=null | ip=null | op=WRITE_CHUNK {blockData=conID: 1 locID: 102651690566419106 bcsId: 4975} | ret=SUCCESS |  
2019-08-20 22:34:53,336 | INFO  | DNAudit | user=null | ip=null | op=PUT_BLOCK {blockData=[blockId=conID: 1 locID: 102651690566419106 bcsId: 0,size=3145728]} | ret=SUCCESS |  
2019-08-20 22:34:53,336 [grpc-default-executor-2] INFO  client.GrpcClientProtocolClient (GrpcClientProtocolClient.java:onNext(255)) - client-391BA870FC40->947ec526-030f-41cc-8af7-a6f75e712ab0: receive RaftClientReply:client-391BA870FC40->947ec526-030f-41cc-8af7-a6f75e712ab0@group-5D45C35602B2, cid=3307, SUCCESS, logIndex=4980, commits[947ec526-030f-41cc-8af7-a6f75e712ab0:c4981, c447b9b6-dde2-4ce7-aa81-d0e2eddc8fe9:c4979, 28b540ac-241d-462a-a56c-509e92928066:c4979]
2019-08-20 22:34:53,337 [grpc-default-executor-2] INFO  client.GrpcClientProtocolClient (GrpcClientProtocolClient.java:onNext(255)) - client-391BA870FC40->947ec526-030f-41cc-8af7-a6f75e712ab0: receive RaftClientReply:client-391BA870FC40->947ec526-030f-41cc-8af7-a6f75e712ab0@group-5D45C35602B2, cid=3308, SUCCESS, logIndex=4981, commits[947ec526-030f-41cc-8af7-a6f75e712ab0:c4981, c447b9b6-dde2-4ce7-aa81-d0e2eddc8fe9:c4979, 28b540ac-241d-462a-a56c-509e92928066:c4979]
2019-08-20 22:34:53,342 | INFO  | DNAudit | user=null | ip=null | op=WRITE_CHUNK {blockData=conID: 1 locID: 102651690566419106 bcsId: 4981} | ret=SUCCESS |  
2019-08-20 22:34:53,344 | INFO  | DNAudit | user=null | ip=null | op=WRITE_CHUNK {blockData=conID: 1 locID: 102651690566419106 bcsId: 4981} | ret=SUCCESS |  
2019-08-20 22:34:53,344 | INFO  | DNAudit | user=null | ip=null | op=WRITE_CHUNK {blockData=conID: 1 locID: 102651690566419106 bcsId: 4981} | ret=SUCCESS |  
2019-08-20 22:34:53,347 | INFO  | DNAudit | user=null | ip=null | op=WRITE_CHUNK {blockData=conID: 1 locID: 102651690566419106 bcsId: 4975} | ret=SUCCESS |  
2019-08-20 22:34:53,347 | INFO  | DNAudit | user=null | ip=null | op=WRITE_CHUNK {blockData=conID: 1 locID: 102651690566419106 bcsId: 4975} | ret=SUCCESS |  
2019-08-20 22:34:53,350 | INFO  | DNAudit | user=null | ip=null | op=PUT_BLOCK {blockData=[blockId=conID: 1 locID: 102651690566419106 bcsId: 0,size=3145728]} | ret=SUCCESS |  
2019-08-20 22:34:53,350 | INFO  | DNAudit | user=null | ip=null | op=PUT_BLOCK {blockData=[blockId=conID: 1 locID: 102651690566419106 bcsId: 0,size=3145728]} | ret=SUCCESS |  
2019-08-20 22:34:53,350 | INFO  | DNAudit | user=null | ip=null | op=WRITE_CHUNK {blockData=conID: 1 locID: 102651690566419106 bcsId: 4981} | ret=SUCCESS |  
2019-08-20 22:34:53,350 | INFO  | DNAudit | user=null | ip=null | op=PUT_BLOCK {blockData=[blockId=conID: 1 locID: 102651690566419106 bcsId: 0,size=4194304]} | ret=SUCCESS |  
2019-08-20 22:34:53,351 [grpc-default-executor-1] INFO  client.GrpcClientProtocolClient (GrpcClientProtocolClient.java:onNext(255)) - client-391BA870FC40->947ec526-030f-41cc-8af7-a6f75e712ab0: receive RaftClientReply:client-391BA870FC40->947ec526-030f-41cc-8af7-a6f75e712ab0@group-5D45C35602B2, cid=3309, SUCCESS, logIndex=4984, commits[947ec526-030f-41cc-8af7-a6f75e712ab0:c4985, c447b9b6-dde2-4ce7-aa81-d0e2eddc8fe9:c4981, 28b540ac-241d-462a-a56c-509e92928066:c4981]
2019-08-20 22:34:53,351 [grpc-default-executor-1] INFO  client.GrpcClientProtocolClient (GrpcClientProtocolClient.java:onNext(255)) - client-391BA870FC40->947ec526-030f-41cc-8af7-a6f75e712ab0: receive RaftClientReply:client-391BA870FC40->947ec526-030f-41cc-8af7-a6f75e712ab0@group-5D45C35602B2, cid=3310, SUCCESS, logIndex=4985, commits[947ec526-030f-41cc-8af7-a6f75e712ab0:c4985, c447b9b6-dde2-4ce7-aa81-d0e2eddc8fe9:c4981, 28b540ac-241d-462a-a56c-509e92928066:c4981]
2019-08-20 22:34:53,362 | INFO  | DNAudit | user=null | ip=null | op=WRITE_CHUNK {blockData=conID: 1 locID: 102651690566419106 bcsId: 4981} | ret=SUCCESS |  
2019-08-20 22:34:53,362 | INFO  | DNAudit | user=null | ip=null | op=WRITE_CHUNK {blockData=conID: 1 locID: 102651690566419106 bcsId: 4981} | ret=SUCCESS |  
2019-08-20 22:34:53,364 | INFO  | DNAudit | user=null | ip=null | op=PUT_BLOCK {blockData=[blockId=conID: 1 locID: 102651690566419106 bcsId: 0,size=4194304]} | ret=SUCCESS |  
2019-08-20 22:34:53,364 | INFO  | DNAudit | user=null | ip=null | op=PUT_BLOCK {blockData=[blockId=conID: 1 locID: 102651690566419106 bcsId: 0,size=4194304]} | ret=SUCCESS |  
2019-08-20 22:34:53,365 [grpc-default-executor-1] INFO  client.GrpcClientProtocolClient (GrpcClientProtocolClient.java:onNext(255)) - client-391BA870FC40->947ec526-030f-41cc-8af7-a6f75e712ab0: receive RaftClientReply:client-391BA870FC40->947ec526-030f-41cc-8af7-a6f75e712ab0@group-5D45C35602B2, cid=3311, SUCCESS, logIndex=0, commits[947ec526-030f-41cc-8af7-a6f75e712ab0:c4987, c447b9b6-dde2-4ce7-aa81-d0e2eddc8fe9:c4985, 28b540ac-241d-462a-a56c-509e92928066:c4985]
2019-08-20 22:34:53,371 | INFO  | SCMAudit | user=jenkins1000 | ip=192.168.5.142 | op=ALLOCATE_BLOCK {owner=6f694d07-2a2f-44d9-8e1c-aaa094a2f647, size=4194304, type=RATIS, factor=THREE} | ret=SUCCESS |  
2019-08-20 22:34:53,376 | INFO  | OMAudit | user=jenkins1000 | ip=127.0.0.1 | op=ALLOCATE_BLOCK {volume=vol-0-80747, bucket=bucket-0-27686, key=key-0-47435, dataSize=0, replicationType=null, replicationFactor=null, keyLocationInfo=null, clientID=102651687805452690} | ret=SUCCESS |  
2019-08-20 22:34:53,383 | INFO  | DNAudit | user=null | ip=null | op=WRITE_CHUNK {blockData=conID: 2 locID: 102651690573562531 bcsId: 0} | ret=SUCCESS |  
2019-08-20 22:34:53,385 | INFO  | DNAudit | user=null | ip=null | op=WRITE_CHUNK {blockData=conID: 2 locID: 102651690573562531 bcsId: 0} | ret=SUCCESS |  
2019-08-20 22:34:53,385 | INFO  | DNAudit | user=null | ip=null | op=WRITE_CHUNK {blockData=conID: 2 locID: 102651690573562531 bcsId: 0} | ret=SUCCESS |  
2019-08-20 22:34:53,387 | INFO  | DNAudit | user=null | ip=null | op=WRITE_CHUNK {blockData=conID: 2 locID: 102651690573562531 bcsId: 0} | ret=SUCCESS |  
2019-08-20 22:34:53,388 | INFO  | DNAudit | user=null | ip=null | op=WRITE_CHUNK {blockData=conID: 2 locID: 102651690573562531 bcsId: 0} | ret=SUCCESS |  
2019-08-20 22:34:53,388 | INFO  | DNAudit | user=null | ip=null | op=WRITE_CHUNK {blockData=conID: 2 locID: 102651690573562531 bcsId: 0} | ret=SUCCESS |  
2019-08-20 22:34:53,395 | INFO  | DNAudit | user=null | ip=null | op=WRITE_CHUNK {blockData=conID: 2 locID: 102651690573562531 bcsId: 0} | ret=SUCCESS |  
2019-08-20 22:34:53,396 | INFO  | DNAudit | user=null | ip=null | op=PUT_BLOCK {blockData=[blockId=conID: 2 locID: 102651690573562531 bcsId: 0,size=1048576]} | ret=SUCCESS |  
2019-08-20 22:34:53,396 [grpc-default-executor-5] INFO  client.GrpcClientProtocolClient (GrpcClientProtocolClient.java:onNext(255)) - client-391BA870FC40->947ec526-030f-41cc-8af7-a6f75e712ab0: receive RaftClientReply:client-391BA870FC40->947ec526-030f-41cc-8af7-a6f75e712ab0@group-5D45C35602B2, cid=3312, SUCCESS, logIndex=4988, commits[947ec526-030f-41cc-8af7-a6f75e712ab0:c4989, c447b9b6-dde2-4ce7-aa81-d0e2eddc8fe9:c4987, 28b540ac-241d-462a-a56c-509e92928066:c4987]
2019-08-20 22:34:53,396 | INFO  | DNAudit | user=null | ip=null | op=WRITE_CHUNK {blockData=conID: 2 locID: 102651690573562531 bcsId: 0} | ret=SUCCESS |  
2019-08-20 22:34:53,396 [grpc-default-executor-5] INFO  client.GrpcClientProtocolClient (GrpcClientProtocolClient.java:onNext(255)) - client-391BA870FC40->947ec526-030f-41cc-8af7-a6f75e712ab0: receive RaftClientReply:client-391BA870FC40->947ec526-030f-41cc-8af7-a6f75e712ab0@group-5D45C35602B2, cid=3313, SUCCESS, logIndex=4989, commits[947ec526-030f-41cc-8af7-a6f75e712ab0:c4990, c447b9b6-dde2-4ce7-aa81-d0e2eddc8fe9:c4987, 28b540ac-241d-462a-a56c-509e92928066:c4987]
2019-08-20 22:34:53,397 | INFO  | DNAudit | user=null | ip=null | op=PUT_BLOCK {blockData=[blockId=conID: 2 locID: 102651690573562531 bcsId: 0,size=2097152]} | ret=SUCCESS |  
2019-08-20 22:34:53,397 [grpc-default-executor-5] INFO  client.GrpcClientProtocolClient (GrpcClientProtocolClient.java:onNext(255)) - client-391BA870FC40->947ec526-030f-41cc-8af7-a6f75e712ab0: receive RaftClientReply:client-391BA870FC40->947ec526-030f-41cc-8af7-a6f75e712ab0@group-5D45C35602B2, cid=3314, SUCCESS, logIndex=4990, commits[947ec526-030f-41cc-8af7-a6f75e712ab0:c4991, c447b9b6-dde2-4ce7-aa81-d0e2eddc8fe9:c4987, 28b540ac-241d-462a-a56c-509e92928066:c4987]
2019-08-20 22:34:53,397 | INFO  | DNAudit | user=null | ip=null | op=WRITE_CHUNK {blockData=conID: 2 locID: 102651690573562531 bcsId: 0} | ret=SUCCESS |  
2019-08-20 22:34:53,397 | INFO  | DNAudit | user=null | ip=null | op=PUT_BLOCK {blockData=[blockId=conID: 2 locID: 102651690573562531 bcsId: 0,size=1048576]} | ret=SUCCESS |  
2019-08-20 22:34:53,397 [grpc-default-executor-5] INFO  client.GrpcClientProtocolClient (GrpcClientProtocolClient.java:onNext(255)) - client-391BA870FC40->947ec526-030f-41cc-8af7-a6f75e712ab0: receive RaftClientReply:client-391BA870FC40->947ec526-030f-41cc-8af7-a6f75e712ab0@group-5D45C35602B2, cid=3315, SUCCESS, logIndex=4991, commits[947ec526-030f-41cc-8af7-a6f75e712ab0:c4991, c447b9b6-dde2-4ce7-aa81-d0e2eddc8fe9:c4987, 28b540ac-241d-462a-a56c-509e92928066:c4987]
2019-08-20 22:34:53,399 | INFO  | DNAudit | user=null | ip=null | op=WRITE_CHUNK {blockData=conID: 2 locID: 102651690573562531 bcsId: 0} | ret=SUCCESS |  
2019-08-20 22:34:53,399 | INFO  | DNAudit | user=null | ip=null | op=PUT_BLOCK {blockData=[blockId=conID: 2 locID: 102651690573562531 bcsId: 0,size=1048576]} | ret=SUCCESS |  
2019-08-20 22:34:53,400 [grpc-default-executor-5] INFO  client.GrpcClientProtocolClient (GrpcClientProtocolClient.java:onNext(255)) - client-391BA870FC40->947ec526-030f-41cc-8af7-a6f75e712ab0: receive RaftClientReply:client-391BA870FC40->947ec526-030f-41cc-8af7-a6f75e712ab0@group-5D45C35602B2, cid=3316, SUCCESS, logIndex=0, commits[947ec526-030f-41cc-8af7-a6f75e712ab0:c4993, c447b9b6-dde2-4ce7-aa81-d0e2eddc8fe9:c4989, 28b540ac-241d-462a-a56c-509e92928066:c4989]
2019-08-20 22:34:53,407 | INFO  | DNAudit | user=null | ip=null | op=WRITE_CHUNK {blockData=conID: 2 locID: 102651690573562531 bcsId: 4991} | ret=SUCCESS |  
2019-08-20 22:34:53,409 | INFO  | DNAudit | user=null | ip=null | op=WRITE_CHUNK {blockData=conID: 2 locID: 102651690573562531 bcsId: 4991} | ret=SUCCESS |  
2019-08-20 22:34:53,409 | INFO  | DNAudit | user=null | ip=null | op=WRITE_CHUNK {blockData=conID: 2 locID: 102651690573562531 bcsId: 4991} | ret=SUCCESS |  
2019-08-20 22:34:53,410 | INFO  | DNAudit | user=null | ip=null | op=WRITE_CHUNK {blockData=conID: 2 locID: 102651690573562531 bcsId: 0} | ret=SUCCESS |  
2019-08-20 22:34:53,410 | INFO  | DNAudit | user=null | ip=null | op=PUT_BLOCK {blockData=[blockId=conID: 2 locID: 102651690573562531 bcsId: 0,size=2097152]} | ret=SUCCESS |  
2019-08-20 22:34:53,411 | INFO  | DNAudit | user=null | ip=null | op=WRITE_CHUNK {blockData=conID: 2 locID: 102651690573562531 bcsId: 0} | ret=SUCCESS |  
2019-08-20 22:34:53,411 | INFO  | DNAudit | user=null | ip=null | op=PUT_BLOCK {blockData=[blockId=conID: 2 locID: 102651690573562531 bcsId: 0,size=2097152]} | ret=SUCCESS |  
2019-08-20 22:34:53,413 | INFO  | DNAudit | user=null | ip=null | op=WRITE_CHUNK {blockData=conID: 2 locID: 102651690573562531 bcsId: 4991} | ret=SUCCESS |  
2019-08-20 22:34:53,414 | INFO  | DNAudit | user=null | ip=null | op=PUT_BLOCK {blockData=[blockId=conID: 2 locID: 102651690573562531 bcsId: 0,size=3145728]} | ret=SUCCESS |  
2019-08-20 22:34:53,414 [grpc-default-executor-5] INFO  client.GrpcClientProtocolClient (GrpcClientProtocolClient.java:onNext(255)) - client-391BA870FC40->947ec526-030f-41cc-8af7-a6f75e712ab0: receive RaftClientReply:client-391BA870FC40->947ec526-030f-41cc-8af7-a6f75e712ab0@group-5D45C35602B2, cid=3317, SUCCESS, logIndex=4996, commits[947ec526-030f-41cc-8af7-a6f75e712ab0:c4997, c447b9b6-dde2-4ce7-aa81-d0e2eddc8fe9:c4991, 28b540ac-241d-462a-a56c-509e92928066:c4993]
2019-08-20 22:34:53,414 [grpc-default-executor-5] INFO  client.GrpcClientProtocolClient (GrpcClientProtocolClient.java:onNext(255)) - client-391BA870FC40->947ec526-030f-41cc-8af7-a6f75e712ab0: receive RaftClientReply:client-391BA870FC40->947ec526-030f-41cc-8af7-a6f75e712ab0@group-5D45C35602B2, cid=3318, SUCCESS, logIndex=4997, commits[947ec526-030f-41cc-8af7-a6f75e712ab0:c4997, c447b9b6-dde2-4ce7-aa81-d0e2eddc8fe9:c4993, 28b540ac-241d-462a-a56c-509e92928066:c4993]
2019-08-20 22:34:53,420 | INFO  | DNAudit | user=null | ip=null | op=WRITE_CHUNK {blockData=conID: 2 locID: 102651690573562531 bcsId: 4997} | ret=SUCCESS |  
2019-08-20 22:34:53,422 | INFO  | DNAudit | user=null | ip=null | op=WRITE_CHUNK {blockData=conID: 2 locID: 102651690573562531 bcsId: 4997} | ret=SUCCESS |  
2019-08-20 22:34:53,423 | INFO  | DNAudit | user=null | ip=null | op=WRITE_CHUNK {blockData=conID: 2 locID: 102651690573562531 bcsId: 4997} | ret=SUCCESS |  
2019-08-20 22:34:53,447 | INFO  | DNAudit | user=null | ip=null | op=WRITE_CHUNK {blockData=conID: 2 locID: 102651690573562531 bcsId: 4991} | ret=SUCCESS |  
2019-08-20 22:34:53,447 | INFO  | DNAudit | user=null | ip=null | op=WRITE_CHUNK {blockData=conID: 2 locID: 102651690573562531 bcsId: 4991} | ret=SUCCESS |  
2019-08-20 22:34:53,447 | INFO  | DNAudit | user=null | ip=null | op=PUT_BLOCK {blockData=[blockId=conID: 2 locID: 102651690573562531 bcsId: 0,size=3145728]} | ret=SUCCESS |  
2019-08-20 22:34:53,447 | INFO  | DNAudit | user=null | ip=null | op=PUT_BLOCK {blockData=[blockId=conID: 2 locID: 102651690573562531 bcsId: 0,size=3145728]} | ret=SUCCESS |  
2019-08-20 22:34:53,450 | INFO  | DNAudit | user=null | ip=null | op=WRITE_CHUNK {blockData=conID: 2 locID: 102651690573562531 bcsId: 4997} | ret=SUCCESS |  
2019-08-20 22:34:53,451 | INFO  | DNAudit | user=null | ip=null | op=PUT_BLOCK {blockData=[blockId=conID: 2 locID: 102651690573562531 bcsId: 0,size=4194304]} | ret=SUCCESS |  
2019-08-20 22:34:53,451 [grpc-default-executor-1] INFO  client.GrpcClientProtocolClient (GrpcClientProtocolClient.java:onNext(255)) - client-391BA870FC40->947ec526-030f-41cc-8af7-a6f75e712ab0: receive RaftClientReply:client-391BA870FC40->947ec526-030f-41cc-8af7-a6f75e712ab0@group-5D45C35602B2, cid=3319, SUCCESS, logIndex=4999, commits[947ec526-030f-41cc-8af7-a6f75e712ab0:c5000, c447b9b6-dde2-4ce7-aa81-d0e2eddc8fe9:c4997, 28b540ac-241d-462a-a56c-509e92928066:c4997]
2019-08-20 22:34:53,451 [grpc-default-executor-1] INFO  client.GrpcClientProtocolClient (GrpcClientProtocolClient.java:onNext(255)) - client-391BA870FC40->947ec526-030f-41cc-8af7-a6f75e712ab0: receive RaftClientReply:client-391BA870FC40->947ec526-030f-41cc-8af7-a6f75e712ab0@group-5D45C35602B2, cid=3320, SUCCESS, logIndex=5000, commits[947ec526-030f-41cc-8af7-a6f75e712ab0:c5000, c447b9b6-dde2-4ce7-aa81-d0e2eddc8fe9:c4997, 28b540ac-241d-462a-a56c-509e92928066:c4997]
2019-08-20 22:34:53,454 | INFO  | DNAudit | user=null | ip=null | op=WRITE_CHUNK {blockData=conID: 2 locID: 102651690573562531 bcsId: 4997} | ret=SUCCESS |  
2019-08-20 22:34:53,454 | INFO  | DNAudit | user=null | ip=null | op=WRITE_CHUNK {blockData=conID: 2 locID: 102651690573562531 bcsId: 4997} | ret=SUCCESS |  
2019-08-20 22:34:53,454 | INFO  | DNAudit | user=null | ip=null | op=PUT_BLOCK {blockData=[blockId=conID: 2 locID: 102651690573562531 bcsId: 0,size=4194304]} | ret=SUCCESS |  
2019-08-20 22:34:53,464 [grpc-default-executor-2] INFO  client.GrpcClientProtocolClient (GrpcClientProtocolClient.java:onNext(255)) - client-391BA870FC40->947ec526-030f-41cc-8af7-a6f75e712ab0: receive RaftClientReply:client-391BA870FC40->947ec526-030f-41cc-8af7-a6f75e712ab0@group-5D45C35602B2, cid=3321, SUCCESS, logIndex=0, commits[947ec526-030f-41cc-8af7-a6f75e712ab0:c5002, c447b9b6-dde2-4ce7-aa81-d0e2eddc8fe9:c5000, 28b540ac-241d-462a-a56c-509e92928066:c5000]
2019-08-20 22:34:53,469 | INFO  | SCMAudit | user=jenkins1000 | ip=192.168.5.142 | op=ALLOCATE_BLOCK {owner=6f694d07-2a2f-44d9-8e1c-aaa094a2f647, size=4194304, type=RATIS, factor=THREE} | ret=SUCCESS |  
2019-08-20 22:34:53,472 | INFO  | OMAudit | user=jenkins1000 | ip=127.0.0.1 | op=ALLOCATE_BLOCK {volume=vol-0-80747, bucket=bucket-0-27686, key=key-0-47435, dataSize=0, replicationType=null, replicationFactor=null, keyLocationInfo=null, clientID=102651687805452690} | ret=SUCCESS |  
2019-08-20 22:34:53,475 | INFO  | DNAudit | user=null | ip=null | op=PUT_BLOCK {blockData=[blockId=conID: 2 locID: 102651690573562531 bcsId: 0,size=4194304]} | ret=SUCCESS |  
2019-08-20 22:34:53,478 | INFO  | DNAudit | user=null | ip=null | op=WRITE_CHUNK {blockData=conID: 3 locID: 102651690579985060 bcsId: 0} | ret=SUCCESS |  
2019-08-20 22:34:53,481 | INFO  | DNAudit | user=null | ip=null | op=WRITE_CHUNK {blockData=conID: 3 locID: 102651690579985060 bcsId: 0} | ret=SUCCESS |  
2019-08-20 22:34:53,481 | INFO  | DNAudit | user=null | ip=null | op=WRITE_CHUNK {blockData=conID: 3 locID: 102651690579985060 bcsId: 0} | ret=SUCCESS |  
2019-08-20 22:34:53,481 | INFO  | DNAudit | user=null | ip=null | op=WRITE_CHUNK {blockData=conID: 3 locID: 102651690579985060 bcsId: 0} | ret=SUCCESS |  
2019-08-20 22:34:53,491 | INFO  | DNAudit | user=null | ip=null | op=WRITE_CHUNK {blockData=conID: 3 locID: 102651690579985060 bcsId: 0} | ret=SUCCESS |  
2019-08-20 22:34:53,491 | INFO  | DNAudit | user=null | ip=null | op=WRITE_CHUNK {blockData=conID: 3 locID: 102651690579985060 bcsId: 0} | ret=SUCCESS |  
2019-08-20 22:34:53,495 | INFO  | DNAudit | user=null | ip=null | op=WRITE_CHUNK {blockData=conID: 3 locID: 102651690579985060 bcsId: 0} | ret=SUCCESS |  
2019-08-20 22:34:53,495 | INFO  | DNAudit | user=null | ip=null | op=PUT_BLOCK {blockData=[blockId=conID: 3 locID: 102651690579985060 bcsId: 0,size=1048576]} | ret=SUCCESS |  
2019-08-20 22:34:53,495 [grpc-default-executor-1] INFO  client.GrpcClientProtocolClient (GrpcClientProtocolClient.java:onNext(255)) - client-391BA870FC40->947ec526-030f-41cc-8af7-a6f75e712ab0: receive RaftClientReply:client-391BA870FC40->947ec526-030f-41cc-8af7-a6f75e712ab0@group-5D45C35602B2, cid=3322, SUCCESS, logIndex=5003, commits[947ec526-030f-41cc-8af7-a6f75e712ab0:c5005, c447b9b6-dde2-4ce7-aa81-d0e2eddc8fe9:c5002, 28b540ac-241d-462a-a56c-509e92928066:c5002]
2019-08-20 22:34:53,496 | INFO  | DNAudit | user=null | ip=null | op=WRITE_CHUNK {blockData=conID: 3 locID: 102651690579985060 bcsId: 0} | ret=SUCCESS |  
2019-08-20 22:34:53,496 | INFO  | DNAudit | user=null | ip=null | op=PUT_BLOCK {blockData=[blockId=conID: 3 locID: 102651690579985060 bcsId: 0,size=2097152]} | ret=SUCCESS |  
2019-08-20 22:34:53,496 [grpc-default-executor-1] INFO  client.GrpcClientProtocolClient (GrpcClientProtocolClient.java:onNext(255)) - client-391BA870FC40->947ec526-030f-41cc-8af7-a6f75e712ab0: receive RaftClientReply:client-391BA870FC40->947ec526-030f-41cc-8af7-a6f75e712ab0@group-5D45C35602B2, cid=3323, SUCCESS, logIndex=5004, commits[947ec526-030f-41cc-8af7-a6f75e712ab0:c5006, c447b9b6-dde2-4ce7-aa81-d0e2eddc8fe9:c5002, 28b540ac-241d-462a-a56c-509e92928066:c5002]
2019-08-20 22:34:53,496 | INFO  | DNAudit | user=null | ip=null | op=WRITE_CHUNK {blockData=conID: 3 locID: 102651690579985060 bcsId: 0} | ret=SUCCESS |  
2019-08-20 22:34:53,496 | INFO  | DNAudit | user=null | ip=null | op=PUT_BLOCK {blockData=[blockId=conID: 3 locID: 102651690579985060 bcsId: 0,size=1048576]} | ret=SUCCESS |  
2019-08-20 22:34:53,496 [grpc-default-executor-1] INFO  client.GrpcClientProtocolClient (GrpcClientProtocolClient.java:onNext(255)) - client-391BA870FC40->947ec526-030f-41cc-8af7-a6f75e712ab0: receive RaftClientReply:client-391BA870FC40->947ec526-030f-41cc-8af7-a6f75e712ab0@group-5D45C35602B2, cid=3324, SUCCESS, logIndex=5005, commits[947ec526-030f-41cc-8af7-a6f75e712ab0:c5006, c447b9b6-dde2-4ce7-aa81-d0e2eddc8fe9:c5002, 28b540ac-241d-462a-a56c-509e92928066:c5002]
2019-08-20 22:34:53,497 | INFO  | DNAudit | user=null | ip=null | op=WRITE_CHUNK {blockData=conID: 3 locID: 102651690579985060 bcsId: 0} | ret=SUCCESS |  
2019-08-20 22:34:53,497 [grpc-default-executor-2] INFO  client.GrpcClientProtocolClient (GrpcClientProtocolClient.java:onNext(255)) - client-391BA870FC40->947ec526-030f-41cc-8af7-a6f75e712ab0: receive RaftClientReply:client-391BA870FC40->947ec526-030f-41cc-8af7-a6f75e712ab0@group-5D45C35602B2, cid=3325, SUCCESS, logIndex=5006, commits[947ec526-030f-41cc-8af7-a6f75e712ab0:c5006, c447b9b6-dde2-4ce7-aa81-d0e2eddc8fe9:c5002, 28b540ac-241d-462a-a56c-509e92928066:c5002]
2019-08-20 22:34:53,497 | INFO  | DNAudit | user=null | ip=null | op=PUT_BLOCK {blockData=[blockId=conID: 3 locID: 102651690579985060 bcsId: 0,size=1048576]} | ret=SUCCESS |  
2019-08-20 22:34:53,497 | INFO  | DNAudit | user=null | ip=null | op=WRITE_CHUNK {blockData=conID: 3 locID: 102651690579985060 bcsId: 0} | ret=SUCCESS |  
2019-08-20 22:34:53,498 | INFO  | DNAudit | user=null | ip=null | op=PUT_BLOCK {blockData=[blockId=conID: 3 locID: 102651690579985060 bcsId: 0,size=2097152]} | ret=SUCCESS |  
2019-08-20 22:34:53,497 [grpc-default-executor-2] INFO  client.GrpcClientProtocolClient (GrpcClientProtocolClient.java:onNext(255)) - client-391BA870FC40->947ec526-030f-41cc-8af7-a6f75e712ab0: receive RaftClientReply:client-391BA870FC40->947ec526-030f-41cc-8af7-a6f75e712ab0@group-5D45C35602B2, cid=3326, SUCCESS, logIndex=0, commits[947ec526-030f-41cc-8af7-a6f75e712ab0:c5008, c447b9b6-dde2-4ce7-aa81-d0e2eddc8fe9:c5004, 28b540ac-241d-462a-a56c-509e92928066:c5004]
2019-08-20 22:34:53,498 | INFO  | DNAudit | user=null | ip=null | op=WRITE_CHUNK {blockData=conID: 3 locID: 102651690579985060 bcsId: 0} | ret=SUCCESS |  
2019-08-20 22:34:53,498 | INFO  | DNAudit | user=null | ip=null | op=PUT_BLOCK {blockData=[blockId=conID: 3 locID: 102651690579985060 bcsId: 0,size=2097152]} | ret=SUCCESS |  
2019-08-20 22:34:53,503 | INFO  | DNAudit | user=null | ip=null | op=WRITE_CHUNK {blockData=conID: 3 locID: 102651690579985060 bcsId: 5006} | ret=SUCCESS |  
2019-08-20 22:34:53,504 | INFO  | DNAudit | user=null | ip=null | op=WRITE_CHUNK {blockData=conID: 3 locID: 102651690579985060 bcsId: 5006} | ret=SUCCESS |  
2019-08-20 22:34:53,505 | INFO  | DNAudit | user=null | ip=null | op=WRITE_CHUNK {blockData=conID: 3 locID: 102651690579985060 bcsId: 5006} | ret=SUCCESS |  
2019-08-20 22:34:53,515 | INFO  | DNAudit | user=null | ip=null | op=WRITE_CHUNK {blockData=conID: 3 locID: 102651690579985060 bcsId: 5006} | ret=SUCCESS |  
2019-08-20 22:34:53,515 | INFO  | DNAudit | user=null | ip=null | op=PUT_BLOCK {blockData=[blockId=conID: 3 locID: 102651690579985060 bcsId: 0,size=3145728]} | ret=SUCCESS |  
2019-08-20 22:34:53,515 [grpc-default-executor-1] INFO  client.GrpcClientProtocolClient (GrpcClientProtocolClient.java:onNext(255)) - client-391BA870FC40->947ec526-030f-41cc-8af7-a6f75e712ab0: receive RaftClientReply:client-391BA870FC40->947ec526-030f-41cc-8af7-a6f75e712ab0@group-5D45C35602B2, cid=3327, SUCCESS, logIndex=5011, commits[947ec526-030f-41cc-8af7-a6f75e712ab0:c5012, c447b9b6-dde2-4ce7-aa81-d0e2eddc8fe9:c5010, 28b540ac-241d-462a-a56c-509e92928066:c5010]
2019-08-20 22:34:53,515 [grpc-default-executor-1] INFO  client.GrpcClientProtocolClient (GrpcClientProtocolClient.java:onNext(255)) - client-391BA870FC40->947ec526-030f-41cc-8af7-a6f75e712ab0: receive RaftClientReply:client-391BA870FC40->947ec526-030f-41cc-8af7-a6f75e712ab0@group-5D45C35602B2, cid=3328, SUCCESS, logIndex=5012, commits[947ec526-030f-41cc-8af7-a6f75e712ab0:c5012, c447b9b6-dde2-4ce7-aa81-d0e2eddc8fe9:c5010, 28b540ac-241d-462a-a56c-509e92928066:c5010]
2019-08-20 22:34:53,520 | INFO  | DNAudit | user=null | ip=null | op=WRITE_CHUNK {blockData=conID: 3 locID: 102651690579985060 bcsId: 5012} | ret=SUCCESS |  
2019-08-20 22:34:53,522 | INFO  | DNAudit | user=null | ip=null | op=WRITE_CHUNK {blockData=conID: 3 locID: 102651690579985060 bcsId: 5012} | ret=SUCCESS |  
2019-08-20 22:34:53,522 | INFO  | DNAudit | user=null | ip=null | op=WRITE_CHUNK {blockData=conID: 3 locID: 102651690579985060 bcsId: 5012} | ret=SUCCESS |  
2019-08-20 22:34:53,525 | INFO  | DNAudit | user=null | ip=null | op=WRITE_CHUNK {blockData=conID: 3 locID: 102651690579985060 bcsId: 5006} | ret=SUCCESS |  
2019-08-20 22:34:53,525 | INFO  | DNAudit | user=null | ip=null | op=WRITE_CHUNK {blockData=conID: 3 locID: 102651690579985060 bcsId: 5006} | ret=SUCCESS |  
2019-08-20 22:34:53,536 | INFO  | DNAudit | user=null | ip=null | op=PUT_BLOCK {blockData=[blockId=conID: 3 locID: 102651690579985060 bcsId: 0,size=3145728]} | ret=SUCCESS |  
2019-08-20 22:34:53,536 | INFO  | DNAudit | user=null | ip=null | op=PUT_BLOCK {blockData=[blockId=conID: 3 locID: 102651690579985060 bcsId: 0,size=3145728]} | ret=SUCCESS |  
2019-08-20 22:34:53,537 | INFO  | DNAudit | user=null | ip=null | op=WRITE_CHUNK {blockData=conID: 3 locID: 102651690579985060 bcsId: 5012} | ret=SUCCESS |  
2019-08-20 22:34:53,537 | INFO  | DNAudit | user=null | ip=null | op=PUT_BLOCK {blockData=[blockId=conID: 3 locID: 102651690579985060 bcsId: 0,size=4194304]} | ret=SUCCESS |  
2019-08-20 22:34:53,537 [grpc-default-executor-1] INFO  client.GrpcClientProtocolClient (GrpcClientProtocolClient.java:onNext(255)) - client-391BA870FC40->947ec526-030f-41cc-8af7-a6f75e712ab0: receive RaftClientReply:client-391BA870FC40->947ec526-030f-41cc-8af7-a6f75e712ab0@group-5D45C35602B2, cid=3329, SUCCESS, logIndex=5015, commits[947ec526-030f-41cc-8af7-a6f75e712ab0:c5016, c447b9b6-dde2-4ce7-aa81-d0e2eddc8fe9:c5012, 28b540ac-241d-462a-a56c-509e92928066:c5012]
2019-08-20 22:34:53,537 [grpc-default-executor-1] INFO  client.GrpcClientProtocolClient (GrpcClientProtocolClient.java:onNext(255)) - client-391BA870FC40->947ec526-030f-41cc-8af7-a6f75e712ab0: receive RaftClientReply:client-391BA870FC40->947ec526-030f-41cc-8af7-a6f75e712ab0@group-5D45C35602B2, cid=3330, SUCCESS, logIndex=5016, commits[947ec526-030f-41cc-8af7-a6f75e712ab0:c5016, c447b9b6-dde2-4ce7-aa81-d0e2eddc8fe9:c5012, 28b540ac-241d-462a-a56c-509e92928066:c5012]
2019-08-20 22:34:53,548 | INFO  | DNAudit | user=null | ip=null | op=WRITE_CHUNK {blockData=conID: 3 locID: 102651690579985060 bcsId: 5012} | ret=SUCCESS |  
2019-08-20 22:34:53,548 | INFO  | DNAudit | user=null | ip=null | op=WRITE_CHUNK {blockData=conID: 3 locID: 102651690579985060 bcsId: 5012} | ret=SUCCESS |  
2019-08-20 22:34:53,551 | INFO  | DNAudit | user=null | ip=null | op=PUT_BLOCK {blockData=[blockId=conID: 3 locID: 102651690579985060 bcsId: 0,size=4194304]} | ret=SUCCESS |  
2019-08-20 22:34:53,551 | INFO  | DNAudit | user=null | ip=null | op=PUT_BLOCK {blockData=[blockId=conID: 3 locID: 102651690579985060 bcsId: 0,size=4194304]} | ret=SUCCESS |  
2019-08-20 22:34:53,551 [grpc-default-executor-5] INFO  client.GrpcClientProtocolClient (GrpcClientProtocolClient.java:onNext(255)) - client-391BA870FC40->947ec526-030f-41cc-8af7-a6f75e712ab0: receive RaftClientReply:client-391BA870FC40->947ec526-030f-41cc-8af7-a6f75e712ab0@group-5D45C35602B2, cid=3331, SUCCESS, logIndex=0, commits[947ec526-030f-41cc-8af7-a6f75e712ab0:c5018, c447b9b6-dde2-4ce7-aa81-d0e2eddc8fe9:c5016, 28b540ac-241d-462a-a56c-509e92928066:c5016]
2019-08-20 22:34:53,556 | INFO  | SCMAudit | user=jenkins1000 | ip=192.168.5.142 | op=ALLOCATE_BLOCK {owner=6f694d07-2a2f-44d9-8e1c-aaa094a2f647, size=4194304, type=RATIS, factor=THREE} | ret=SUCCESS |  
2019-08-20 22:34:53,559 | INFO  | OMAudit | user=jenkins1000 | ip=127.0.0.1 | op=ALLOCATE_BLOCK {volume=vol-0-80747, bucket=bucket-0-27686, key=key-0-47435, dataSize=0, replicationType=null, replicationFactor=null, keyLocationInfo=null, clientID=102651687805452690} | ret=SUCCESS |  
2019-08-20 22:34:53,565 | INFO  | DNAudit | user=null | ip=null | op=WRITE_CHUNK {blockData=conID: 1 locID: 102651690585686693 bcsId: 0} | ret=SUCCESS |  
2019-08-20 22:34:53,567 | INFO  | DNAudit | user=null | ip=null | op=WRITE_CHUNK {blockData=conID: 1 locID: 102651690585686693 bcsId: 0} | ret=SUCCESS |  
2019-08-20 22:34:53,567 | INFO  | DNAudit | user=null | ip=null | op=WRITE_CHUNK {blockData=conID: 1 locID: 102651690585686693 bcsId: 0} | ret=SUCCESS |  
2019-08-20 22:34:53,567 | INFO  | DNAudit | user=null | ip=null | op=WRITE_CHUNK {blockData=conID: 1 locID: 102651690585686693 bcsId: 0} | ret=SUCCESS |  
2019-08-20 22:34:53,568 | INFO  | DNAudit | user=null | ip=null | op=WRITE_CHUNK {blockData=conID: 1 locID: 102651690585686693 bcsId: 0} | ret=SUCCESS |  
2019-08-20 22:34:53,569 | INFO  | DNAudit | user=null | ip=null | op=WRITE_CHUNK {blockData=conID: 1 locID: 102651690585686693 bcsId: 0} | ret=SUCCESS |  
2019-08-20 22:34:53,581 | INFO  | DNAudit | user=null | ip=null | op=WRITE_CHUNK {blockData=conID: 1 locID: 102651690585686693 bcsId: 0} | ret=SUCCESS |  
2019-08-20 22:34:53,582 | INFO  | DNAudit | user=null | ip=null | op=PUT_BLOCK {blockData=[blockId=conID: 1 locID: 102651690585686693 bcsId: 0,size=1048576]} | ret=SUCCESS |  
2019-08-20 22:34:53,582 | INFO  | DNAudit | user=null | ip=null | op=WRITE_CHUNK {blockData=conID: 1 locID: 102651690585686693 bcsId: 0} | ret=SUCCESS |  
2019-08-20 22:34:53,582 [grpc-default-executor-2] INFO  client.GrpcClientProtocolClient (GrpcClientProtocolClient.java:onNext(255)) - client-391BA870FC40->947ec526-030f-41cc-8af7-a6f75e712ab0: receive RaftClientReply:client-391BA870FC40->947ec526-030f-41cc-8af7-a6f75e712ab0@group-5D45C35602B2, cid=3332, SUCCESS, logIndex=5019, commits[947ec526-030f-41cc-8af7-a6f75e712ab0:c5021, c447b9b6-dde2-4ce7-aa81-d0e2eddc8fe9:c5018, 28b540ac-241d-462a-a56c-509e92928066:c5018]
2019-08-20 22:34:53,582 | INFO  | DNAudit | user=null | ip=null | op=PUT_BLOCK {blockData=[blockId=conID: 1 locID: 102651690585686693 bcsId: 0,size=2097152]} | ret=SUCCESS |  
2019-08-20 22:34:53,582 | INFO  | DNAudit | user=null | ip=null | op=WRITE_CHUNK {blockData=conID: 1 locID: 102651690585686693 bcsId: 0} | ret=SUCCESS |  
2019-08-20 22:34:53,582 [grpc-default-executor-2] INFO  client.GrpcClientProtocolClient (GrpcClientProtocolClient.java:onNext(255)) - client-391BA870FC40->947ec526-030f-41cc-8af7-a6f75e712ab0: receive RaftClientReply:client-391BA870FC40->947ec526-030f-41cc-8af7-a6f75e712ab0@group-5D45C35602B2, cid=3333, SUCCESS, logIndex=5020, commits[947ec526-030f-41cc-8af7-a6f75e712ab0:c5022, c447b9b6-dde2-4ce7-aa81-d0e2eddc8fe9:c5018, 28b540ac-241d-462a-a56c-509e92928066:c5018]
2019-08-20 22:34:53,583 [grpc-default-executor-2] INFO  client.GrpcClientProtocolClient (GrpcClientProtocolClient.java:onNext(255)) - client-391BA870FC40->947ec526-030f-41cc-8af7-a6f75e712ab0: receive RaftClientReply:client-391BA870FC40->947ec526-030f-41cc-8af7-a6f75e712ab0@group-5D45C35602B2, cid=3334, SUCCESS, logIndex=5021, commits[947ec526-030f-41cc-8af7-a6f75e712ab0:c5022, c447b9b6-dde2-4ce7-aa81-d0e2eddc8fe9:c5018, 28b540ac-241d-462a-a56c-509e92928066:c5018]
2019-08-20 22:34:53,583 [grpc-default-executor-2] INFO  client.GrpcClientProtocolClient (GrpcClientProtocolClient.java:onNext(255)) - client-391BA870FC40->947ec526-030f-41cc-8af7-a6f75e712ab0: receive RaftClientReply:client-391BA870FC40->947ec526-030f-41cc-8af7-a6f75e712ab0@group-5D45C35602B2, cid=3335, SUCCESS, logIndex=5022, commits[947ec526-030f-41cc-8af7-a6f75e712ab0:c5022, c447b9b6-dde2-4ce7-aa81-d0e2eddc8fe9:c5018, 28b540ac-241d-462a-a56c-509e92928066:c5018]
2019-08-20 22:34:53,585 | INFO  | DNAudit | user=null | ip=null | op=WRITE_CHUNK {blockData=conID: 1 locID: 102651690585686693 bcsId: 0} | ret=SUCCESS |  
2019-08-20 22:34:53,585 | INFO  | DNAudit | user=null | ip=null | op=PUT_BLOCK {blockData=[blockId=conID: 1 locID: 102651690585686693 bcsId: 0,size=1048576]} | ret=SUCCESS |  
2019-08-20 22:34:53,596 | INFO  | DNAudit | user=null | ip=null | op=PUT_BLOCK {blockData=[blockId=conID: 1 locID: 102651690585686693 bcsId: 0,size=1048576]} | ret=SUCCESS |  
2019-08-20 22:34:53,596 | INFO  | DNAudit | user=null | ip=null | op=WRITE_CHUNK {blockData=conID: 1 locID: 102651690585686693 bcsId: 0} | ret=SUCCESS |  
2019-08-20 22:34:53,596 | INFO  | DNAudit | user=null | ip=null | op=PUT_BLOCK {blockData=[blockId=conID: 1 locID: 102651690585686693 bcsId: 0,size=2097152]} | ret=SUCCESS |  
2019-08-20 22:34:53,596 | INFO  | DNAudit | user=null | ip=null | op=WRITE_CHUNK {blockData=conID: 1 locID: 102651690585686693 bcsId: 0} | ret=SUCCESS |  
2019-08-20 22:34:53,596 [grpc-default-executor-2] INFO  client.GrpcClientProtocolClient (GrpcClientProtocolClient.java:onNext(255)) - client-391BA870FC40->947ec526-030f-41cc-8af7-a6f75e712ab0: receive RaftClientReply:client-391BA870FC40->947ec526-030f-41cc-8af7-a6f75e712ab0@group-5D45C35602B2, cid=3336, SUCCESS, logIndex=0, commits[947ec526-030f-41cc-8af7-a6f75e712ab0:c5024, c447b9b6-dde2-4ce7-aa81-d0e2eddc8fe9:c5020, 28b540ac-241d-462a-a56c-509e92928066:c5020]
2019-08-20 22:34:53,596 | INFO  | DNAudit | user=null | ip=null | op=PUT_BLOCK {blockData=[blockId=conID: 1 locID: 102651690585686693 bcsId: 0,size=2097152]} | ret=SUCCESS |  
2019-08-20 22:34:53,601 | INFO  | DNAudit | user=null | ip=null | op=WRITE_CHUNK {blockData=conID: 1 locID: 102651690585686693 bcsId: 5022} | ret=SUCCESS |  
2019-08-20 22:34:53,603 | INFO  | DNAudit | user=null | ip=null | op=WRITE_CHUNK {blockData=conID: 1 locID: 102651690585686693 bcsId: 5022} | ret=SUCCESS |  
2019-08-20 22:34:53,603 | INFO  | DNAudit | user=null | ip=null | op=WRITE_CHUNK {blockData=conID: 1 locID: 102651690585686693 bcsId: 5022} | ret=SUCCESS |  
2019-08-20 22:34:53,613 | INFO  | DNAudit | user=null | ip=null | op=WRITE_CHUNK {blockData=conID: 1 locID: 102651690585686693 bcsId: 5022} | ret=SUCCESS |  
2019-08-20 22:34:53,614 [grpc-default-executor-2] INFO  client.GrpcClientProtocolClient (GrpcClientProtocolClient.java:onNext(255)) - client-391BA870FC40->947ec526-030f-41cc-8af7-a6f75e712ab0: receive RaftClientReply:client-391BA870FC40->947ec526-030f-41cc-8af7-a6f75e712ab0@group-5D45C35602B2, cid=3337, SUCCESS, logIndex=5027, commits[947ec526-030f-41cc-8af7-a6f75e712ab0:c5027, c447b9b6-dde2-4ce7-aa81-d0e2eddc8fe9:c5026, 28b540ac-241d-462a-a56c-509e92928066:c5026]
2019-08-20 22:34:53,614 | INFO  | DNAudit | user=null | ip=null | op=PUT_BLOCK {blockData=[blockId=conID: 1 locID: 102651690585686693 bcsId: 0,size=3145728]} | ret=SUCCESS |  
2019-08-20 22:34:53,615 [grpc-default-executor-2] INFO  client.GrpcClientProtocolClient (GrpcClientProtocolClient.java:onNext(255)) - client-391BA870FC40->947ec526-030f-41cc-8af7-a6f75e712ab0: receive RaftClientReply:client-391BA870FC40->947ec526-030f-41cc-8af7-a6f75e712ab0@group-5D45C35602B2, cid=3338, SUCCESS, logIndex=5028, commits[947ec526-030f-41cc-8af7-a6f75e712ab0:c5028, c447b9b6-dde2-4ce7-aa81-d0e2eddc8fe9:c5026, 28b540ac-241d-462a-a56c-509e92928066:c5026]
2019-08-20 22:34:53,615 | INFO  | DNAudit | user=null | ip=null | op=WRITE_CHUNK {blockData=conID: 1 locID: 102651690585686693 bcsId: 5022} | ret=SUCCESS |  
2019-08-20 22:34:53,616 | INFO  | DNAudit | user=null | ip=null | op=WRITE_CHUNK {blockData=conID: 1 locID: 102651690585686693 bcsId: 5022} | ret=SUCCESS |  
2019-08-20 22:34:53,617 | INFO  | DNAudit | user=null | ip=null | op=PUT_BLOCK {blockData=[blockId=conID: 1 locID: 102651690585686693 bcsId: 0,size=3145728]} | ret=SUCCESS |  
2019-08-20 22:34:53,617 | INFO  | DNAudit | user=null | ip=null | op=PUT_BLOCK {blockData=[blockId=conID: 1 locID: 102651690585686693 bcsId: 0,size=3145728]} | ret=SUCCESS |  
2019-08-20 22:34:53,620 | INFO  | DNAudit | user=null | ip=null | op=WRITE_CHUNK {blockData=conID: 1 locID: 102651690585686693 bcsId: 5028} | ret=SUCCESS |  
2019-08-20 22:34:53,622 | INFO  | DNAudit | user=null | ip=null | op=WRITE_CHUNK {blockData=conID: 1 locID: 102651690585686693 bcsId: 5028} | ret=SUCCESS |  
2019-08-20 22:34:53,622 | INFO  | DNAudit | user=null | ip=null | op=WRITE_CHUNK {blockData=conID: 1 locID: 102651690585686693 bcsId: 5028} | ret=SUCCESS |  
2019-08-20 22:34:53,633 | INFO  | DNAudit | user=null | ip=null | op=WRITE_CHUNK {blockData=conID: 1 locID: 102651690585686693 bcsId: 5028} | ret=SUCCESS |  
2019-08-20 22:34:53,633 | INFO  | DNAudit | user=null | ip=null | op=PUT_BLOCK {blockData=[blockId=conID: 1 locID: 102651690585686693 bcsId: 0,size=4194304]} | ret=SUCCESS |  
2019-08-20 22:34:53,633 [grpc-default-executor-1] INFO  client.GrpcClientProtocolClient (GrpcClientProtocolClient.java:onNext(255)) - client-391BA870FC40->947ec526-030f-41cc-8af7-a6f75e712ab0: receive RaftClientReply:client-391BA870FC40->947ec526-030f-41cc-8af7-a6f75e712ab0@group-5D45C35602B2, cid=3339, SUCCESS, logIndex=5031, commits[947ec526-030f-41cc-8af7-a6f75e712ab0:c5032, c447b9b6-dde2-4ce7-aa81-d0e2eddc8fe9:c5030, 28b540ac-241d-462a-a56c-509e92928066:c5030]
2019-08-20 22:34:53,633 [grpc-default-executor-1] INFO  client.GrpcClientProtocolClient (GrpcClientProtocolClient.java:onNext(255)) - client-391BA870FC40->947ec526-030f-41cc-8af7-a6f75e712ab0: receive RaftClientReply:client-391BA870FC40->947ec526-030f-41cc-8af7-a6f75e712ab0@group-5D45C35602B2, cid=3340, SUCCESS, logIndex=5032, commits[947ec526-030f-41cc-8af7-a6f75e712ab0:c5032, c447b9b6-dde2-4ce7-aa81-d0e2eddc8fe9:c5030, 28b540ac-241d-462a-a56c-509e92928066:c5030]
2019-08-20 22:34:53,634 | INFO  | DNAudit | user=null | ip=null | op=WRITE_CHUNK {blockData=conID: 1 locID: 102651690585686693 bcsId: 5028} | ret=SUCCESS |  
2019-08-20 22:34:53,634 | INFO  | DNAudit | user=null | ip=null | op=WRITE_CHUNK {blockData=conID: 1 locID: 102651690585686693 bcsId: 5028} | ret=SUCCESS |  
2019-08-20 22:34:53,635 [grpc-default-executor-5] INFO  client.GrpcClientProtocolClient (GrpcClientProtocolClient.java:onNext(255)) - client-391BA870FC40->947ec526-030f-41cc-8af7-a6f75e712ab0: receive RaftClientReply:client-391BA870FC40->947ec526-030f-41cc-8af7-a6f75e712ab0@group-5D45C35602B2, cid=3341, SUCCESS, logIndex=0, commits[947ec526-030f-41cc-8af7-a6f75e712ab0:c5033, c447b9b6-dde2-4ce7-aa81-d0e2eddc8fe9:c5032, 28b540ac-241d-462a-a56c-509e92928066:c5032]
2019-08-20 22:34:53,635 | INFO  | DNAudit | user=null | ip=null | op=PUT_BLOCK {blockData=[blockId=conID: 1 locID: 102651690585686693 bcsId: 0,size=4194304]} | ret=SUCCESS |  
2019-08-20 22:34:53,635 | INFO  | DNAudit | user=null | ip=null | op=PUT_BLOCK {blockData=[blockId=conID: 1 locID: 102651690585686693 bcsId: 0,size=4194304]} | ret=SUCCESS |  
2019-08-20 22:34:53,640 | INFO  | SCMAudit | user=jenkins1000 | ip=192.168.5.142 | op=ALLOCATE_BLOCK {owner=6f694d07-2a2f-44d9-8e1c-aaa094a2f647, size=4194304, type=RATIS, factor=THREE} | ret=SUCCESS |  
2019-08-20 22:34:53,643 | INFO  | OMAudit | user=jenkins1000 | ip=127.0.0.1 | op=ALLOCATE_BLOCK {volume=vol-0-80747, bucket=bucket-0-27686, key=key-0-47435, dataSize=0, replicationType=null, replicationFactor=null, keyLocationInfo=null, clientID=102651687805452690} | ret=SUCCESS |  
2019-08-20 22:34:53,649 | INFO  | DNAudit | user=null | ip=null | op=WRITE_CHUNK {blockData=conID: 2 locID: 102651690591191718 bcsId: 0} | ret=SUCCESS |  
2019-08-20 22:34:53,650 | INFO  | DNAudit | user=null | ip=null | op=WRITE_CHUNK {blockData=conID: 2 locID: 102651690591191718 bcsId: 0} | ret=SUCCESS |  
2019-08-20 22:34:53,650 | INFO  | DNAudit | user=null | ip=null | op=WRITE_CHUNK {blockData=conID: 2 locID: 102651690591191718 bcsId: 0} | ret=SUCCESS |  
2019-08-20 22:34:53,651 | INFO  | DNAudit | user=null | ip=null | op=WRITE_CHUNK {blockData=conID: 2 locID: 102651690591191718 bcsId: 0} | ret=SUCCESS |  
2019-08-20 22:34:53,652 | INFO  | DNAudit | user=null | ip=null | op=WRITE_CHUNK {blockData=conID: 2 locID: 102651690591191718 bcsId: 0} | ret=SUCCESS |  
2019-08-20 22:34:53,653 | INFO  | DNAudit | user=null | ip=null | op=WRITE_CHUNK {blockData=conID: 2 locID: 102651690591191718 bcsId: 0} | ret=SUCCESS |  
2019-08-20 22:34:53,660 | INFO  | DNAudit | user=null | ip=null | op=WRITE_CHUNK {blockData=conID: 2 locID: 102651690591191718 bcsId: 0} | ret=SUCCESS |  
2019-08-20 22:34:53,661 | INFO  | DNAudit | user=null | ip=null | op=PUT_BLOCK {blockData=[blockId=conID: 2 locID: 102651690591191718 bcsId: 0,size=1048576]} | ret=SUCCESS |  
2019-08-20 22:34:53,661 [grpc-default-executor-5] INFO  client.GrpcClientProtocolClient (GrpcClientProtocolClient.java:onNext(255)) - client-391BA870FC40->947ec526-030f-41cc-8af7-a6f75e712ab0: receive RaftClientReply:client-391BA870FC40->947ec526-030f-41cc-8af7-a6f75e712ab0@group-5D45C35602B2, cid=3342, SUCCESS, logIndex=5035, commits[947ec526-030f-41cc-8af7-a6f75e712ab0:c5036, c447b9b6-dde2-4ce7-aa81-d0e2eddc8fe9:c5034, 28b540ac-241d-462a-a56c-509e92928066:c5034]
2019-08-20 22:34:53,661 [grpc-default-executor-5] INFO  client.GrpcClientProtocolClient (GrpcClientProtocolClient.java:onNext(255)) - client-391BA870FC40->947ec526-030f-41cc-8af7-a6f75e712ab0: receive RaftClientReply:client-391BA870FC40->947ec526-030f-41cc-8af7-a6f75e712ab0@group-5D45C35602B2, cid=3343, SUCCESS, logIndex=5036, commits[947ec526-030f-41cc-8af7-a6f75e712ab0:c5036, c447b9b6-dde2-4ce7-aa81-d0e2eddc8fe9:c5034, 28b540ac-241d-462a-a56c-509e92928066:c5034]
2019-08-20 22:34:53,672 | INFO  | DNAudit | user=null | ip=null | op=WRITE_CHUNK {blockData=conID: 2 locID: 102651690591191718 bcsId: 0} | ret=SUCCESS |  
2019-08-20 22:34:53,672 | INFO  | DNAudit | user=null | ip=null | op=PUT_BLOCK {blockData=[blockId=conID: 2 locID: 102651690591191718 bcsId: 0,size=2097152]} | ret=SUCCESS |  
2019-08-20 22:34:53,672 [grpc-default-executor-1] INFO  client.GrpcClientProtocolClient (GrpcClientProtocolClient.java:onNext(255)) - client-391BA870FC40->947ec526-030f-41cc-8af7-a6f75e712ab0: receive RaftClientReply:client-391BA870FC40->947ec526-030f-41cc-8af7-a6f75e712ab0@group-5D45C35602B2, cid=3344, SUCCESS, logIndex=5037, commits[947ec526-030f-41cc-8af7-a6f75e712ab0:c5038, c447b9b6-dde2-4ce7-aa81-d0e2eddc8fe9:c5034, 28b540ac-241d-462a-a56c-509e92928066:c5034]
2019-08-20 22:34:53,672 [grpc-default-executor-1] INFO  client.GrpcClientProtocolClient (GrpcClientProtocolClient.java:onNext(255)) - client-391BA870FC40->947ec526-030f-41cc-8af7-a6f75e712ab0: receive RaftClientReply:client-391BA870FC40->947ec526-030f-41cc-8af7-a6f75e712ab0@group-5D45C35602B2, cid=3345, SUCCESS, logIndex=5038, commits[947ec526-030f-41cc-8af7-a6f75e712ab0:c5038, c447b9b6-dde2-4ce7-aa81-d0e2eddc8fe9:c5034, 28b540ac-241d-462a-a56c-509e92928066:c5034]
2019-08-20 22:34:53,673 | INFO  | DNAudit | user=null | ip=null | op=WRITE_CHUNK {blockData=conID: 2 locID: 102651690591191718 bcsId: 0} | ret=SUCCESS |  
2019-08-20 22:34:53,673 | INFO  | DNAudit | user=null | ip=null | op=WRITE_CHUNK {blockData=conID: 2 locID: 102651690591191718 bcsId: 0} | ret=SUCCESS |  
2019-08-20 22:34:53,673 | INFO  | DNAudit | user=null | ip=null | op=PUT_BLOCK {blockData=[blockId=conID: 2 locID: 102651690591191718 bcsId: 0,size=1048576]} | ret=SUCCESS |  
2019-08-20 22:34:53,673 | INFO  | DNAudit | user=null | ip=null | op=PUT_BLOCK {blockData=[blockId=conID: 2 locID: 102651690591191718 bcsId: 0,size=1048576]} | ret=SUCCESS |  
2019-08-20 22:34:53,673 [grpc-default-executor-5] INFO  client.GrpcClientProtocolClient (GrpcClientProtocolClient.java:onNext(255)) - client-391BA870FC40->947ec526-030f-41cc-8af7-a6f75e712ab0: receive RaftClientReply:client-391BA870FC40->947ec526-030f-41cc-8af7-a6f75e712ab0@group-5D45C35602B2, cid=3346, SUCCESS, logIndex=0, commits[947ec526-030f-41cc-8af7-a6f75e712ab0:c5040, c447b9b6-dde2-4ce7-aa81-d0e2eddc8fe9:c5036, 28b540ac-241d-462a-a56c-509e92928066:c5036]
2019-08-20 22:34:53,675 | INFO  | DNAudit | user=null | ip=null | op=WRITE_CHUNK {blockData=conID: 2 locID: 102651690591191718 bcsId: 0} | ret=SUCCESS |  
2019-08-20 22:34:53,675 | INFO  | DNAudit | user=null | ip=null | op=WRITE_CHUNK {blockData=conID: 2 locID: 102651690591191718 bcsId: 0} | ret=SUCCESS |  
2019-08-20 22:34:53,675 | INFO  | DNAudit | user=null | ip=null | op=PUT_BLOCK {blockData=[blockId=conID: 2 locID: 102651690591191718 bcsId: 0,size=2097152]} | ret=SUCCESS |  
2019-08-20 22:34:53,675 | INFO  | DNAudit | user=null | ip=null | op=PUT_BLOCK {blockData=[blockId=conID: 2 locID: 102651690591191718 bcsId: 0,size=2097152]} | ret=SUCCESS |  
2019-08-20 22:34:53,678 | INFO  | DNAudit | user=null | ip=null | op=WRITE_CHUNK {blockData=conID: 2 locID: 102651690591191718 bcsId: 5038} | ret=SUCCESS |  
2019-08-20 22:34:53,680 | INFO  | DNAudit | user=null | ip=null | op=WRITE_CHUNK {blockData=conID: 2 locID: 102651690591191718 bcsId: 5038} | ret=SUCCESS |  
2019-08-20 22:34:53,680 | INFO  | DNAudit | user=null | ip=null | op=WRITE_CHUNK {blockData=conID: 2 locID: 102651690591191718 bcsId: 5038} | ret=SUCCESS |  
2019-08-20 22:34:53,690 | INFO  | DNAudit | user=null | ip=null | op=WRITE_CHUNK {blockData=conID: 2 locID: 102651690591191718 bcsId: 5038} | ret=SUCCESS |  
2019-08-20 22:34:53,691 | INFO  | DNAudit | user=null | ip=null | op=PUT_BLOCK {blockData=[blockId=conID: 2 locID: 102651690591191718 bcsId: 0,size=3145728]} | ret=SUCCESS |  
2019-08-20 22:34:53,691 [grpc-default-executor-1] INFO  client.GrpcClientProtocolClient (GrpcClientProtocolClient.java:onNext(255)) - client-391BA870FC40->947ec526-030f-41cc-8af7-a6f75e712ab0: receive RaftClientReply:client-391BA870FC40->947ec526-030f-41cc-8af7-a6f75e712ab0@group-5D45C35602B2, cid=3347, SUCCESS, logIndex=5043, commits[947ec526-030f-41cc-8af7-a6f75e712ab0:c5044, c447b9b6-dde2-4ce7-aa81-d0e2eddc8fe9:c5042, 28b540ac-241d-462a-a56c-509e92928066:c5042]
2019-08-20 22:34:53,691 [grpc-default-executor-1] INFO  client.GrpcClientProtocolClient (GrpcClientProtocolClient.java:onNext(255)) - client-391BA870FC40->947ec526-030f-41cc-8af7-a6f75e712ab0: receive RaftClientReply:client-391BA870FC40->947ec526-030f-41cc-8af7-a6f75e712ab0@group-5D45C35602B2, cid=3348, SUCCESS, logIndex=5044, commits[947ec526-030f-41cc-8af7-a6f75e712ab0:c5044, c447b9b6-dde2-4ce7-aa81-d0e2eddc8fe9:c5042, 28b540ac-241d-462a-a56c-509e92928066:c5042]
2019-08-20 22:34:53,696 | INFO  | DNAudit | user=null | ip=null | op=WRITE_CHUNK {blockData=conID: 2 locID: 102651690591191718 bcsId: 5044} | ret=SUCCESS |  
2019-08-20 22:34:53,698 | INFO  | DNAudit | user=null | ip=null | op=WRITE_CHUNK {blockData=conID: 2 locID: 102651690591191718 bcsId: 5044} | ret=SUCCESS |  
2019-08-20 22:34:53,698 | INFO  | DNAudit | user=null | ip=null | op=WRITE_CHUNK {blockData=conID: 2 locID: 102651690591191718 bcsId: 5044} | ret=SUCCESS |  
2019-08-20 22:34:53,702 | INFO  | DNAudit | user=null | ip=null | op=WRITE_CHUNK {blockData=conID: 2 locID: 102651690591191718 bcsId: 5038} | ret=SUCCESS |  
2019-08-20 22:34:53,702 | INFO  | DNAudit | user=null | ip=null | op=WRITE_CHUNK {blockData=conID: 2 locID: 102651690591191718 bcsId: 5038} | ret=SUCCESS |  
2019-08-20 22:34:53,702 | INFO  | DNAudit | user=null | ip=null | op=PUT_BLOCK {blockData=[blockId=conID: 2 locID: 102651690591191718 bcsId: 0,size=3145728]} | ret=SUCCESS |  
2019-08-20 22:34:53,705 | INFO  | DNAudit | user=null | ip=null | op=WRITE_CHUNK {blockData=conID: 2 locID: 102651690591191718 bcsId: 5044} | ret=SUCCESS |  
2019-08-20 22:34:53,705 | INFO  | DNAudit | user=null | ip=null | op=PUT_BLOCK {blockData=[blockId=conID: 2 locID: 102651690591191718 bcsId: 0,size=3145728]} | ret=SUCCESS |  
2019-08-20 22:34:53,707 | INFO  | DNAudit | user=null | ip=null | op=PUT_BLOCK {blockData=[blockId=conID: 2 locID: 102651690591191718 bcsId: 0,size=4194304]} | ret=SUCCESS |  
2019-08-20 22:34:53,707 [grpc-default-executor-2] INFO  client.GrpcClientProtocolClient (GrpcClientProtocolClient.java:onNext(255)) - client-391BA870FC40->947ec526-030f-41cc-8af7-a6f75e712ab0: receive RaftClientReply:client-391BA870FC40->947ec526-030f-41cc-8af7-a6f75e712ab0@group-5D45C35602B2, cid=3349, SUCCESS, logIndex=5047, commits[947ec526-030f-41cc-8af7-a6f75e712ab0:c5048, c447b9b6-dde2-4ce7-aa81-d0e2eddc8fe9:c5043, 28b540ac-241d-462a-a56c-509e92928066:c5044]
2019-08-20 22:34:53,708 [grpc-default-executor-2] INFO  client.GrpcClientProtocolClient (GrpcClientProtocolClient.java:onNext(255)) - client-391BA870FC40->947ec526-030f-41cc-8af7-a6f75e712ab0: receive RaftClientReply:client-391BA870FC40->947ec526-030f-41cc-8af7-a6f75e712ab0@group-5D45C35602B2, cid=3350, SUCCESS, logIndex=5048, commits[947ec526-030f-41cc-8af7-a6f75e712ab0:c5048, c447b9b6-dde2-4ce7-aa81-d0e2eddc8fe9:c5044, 28b540ac-241d-462a-a56c-509e92928066:c5044]
2019-08-20 22:34:53,717 | INFO  | DNAudit | user=null | ip=null | op=WRITE_CHUNK {blockData=conID: 2 locID: 102651690591191718 bcsId: 5044} | ret=SUCCESS |  
2019-08-20 22:34:53,717 | INFO  | DNAudit | user=null | ip=null | op=WRITE_CHUNK {blockData=conID: 2 locID: 102651690591191718 bcsId: 5044} | ret=SUCCESS |  
2019-08-20 22:34:53,717 | INFO  | DNAudit | user=null | ip=null | op=PUT_BLOCK {blockData=[blockId=conID: 2 locID: 102651690591191718 bcsId: 0,size=4194304]} | ret=SUCCESS |  
2019-08-20 22:34:53,717 | INFO  | DNAudit | user=null | ip=null | op=PUT_BLOCK {blockData=[blockId=conID: 2 locID: 102651690591191718 bcsId: 0,size=4194304]} | ret=SUCCESS |  
2019-08-20 22:34:53,717 [grpc-default-executor-2] INFO  client.GrpcClientProtocolClient (GrpcClientProtocolClient.java:onNext(255)) - client-391BA870FC40->947ec526-030f-41cc-8af7-a6f75e712ab0: receive RaftClientReply:client-391BA870FC40->947ec526-030f-41cc-8af7-a6f75e712ab0@group-5D45C35602B2, cid=3351, SUCCESS, logIndex=0, commits[947ec526-030f-41cc-8af7-a6f75e712ab0:c5049, c447b9b6-dde2-4ce7-aa81-d0e2eddc8fe9:c5048, 28b540ac-241d-462a-a56c-509e92928066:c5048]
2019-08-20 22:34:53,722 | INFO  | SCMAudit | user=jenkins1000 | ip=192.168.5.142 | op=ALLOCATE_BLOCK {owner=6f694d07-2a2f-44d9-8e1c-aaa094a2f647, size=4194304, type=RATIS, factor=THREE} | ret=SUCCESS |  
2019-08-20 22:34:53,725 | INFO  | OMAudit | user=jenkins1000 | ip=127.0.0.1 | op=ALLOCATE_BLOCK {volume=vol-0-80747, bucket=bucket-0-27686, key=key-0-47435, dataSize=0, replicationType=null, replicationFactor=null, keyLocationInfo=null, clientID=102651687805452690} | ret=SUCCESS |  
2019-08-20 22:34:53,730 | INFO  | DNAudit | user=null | ip=null | op=WRITE_CHUNK {blockData=conID: 3 locID: 102651690596565671 bcsId: 0} | ret=SUCCESS |  
2019-08-20 22:34:53,732 | INFO  | DNAudit | user=null | ip=null | op=WRITE_CHUNK {blockData=conID: 3 locID: 102651690596565671 bcsId: 0} | ret=SUCCESS |  
2019-08-20 22:34:53,733 | INFO  | DNAudit | user=null | ip=null | op=WRITE_CHUNK {blockData=conID: 3 locID: 102651690596565671 bcsId: 0} | ret=SUCCESS |  
2019-08-20 22:34:53,733 | INFO  | DNAudit | user=null | ip=null | op=WRITE_CHUNK {blockData=conID: 3 locID: 102651690596565671 bcsId: 0} | ret=SUCCESS |  
2019-08-20 22:34:53,734 | INFO  | DNAudit | user=null | ip=null | op=WRITE_CHUNK {blockData=conID: 3 locID: 102651690596565671 bcsId: 0} | ret=SUCCESS |  
2019-08-20 22:34:53,734 | INFO  | DNAudit | user=null | ip=null | op=PUT_BLOCK {blockData=[blockId=conID: 3 locID: 102651690596565671 bcsId: 0,size=1048576]} | ret=SUCCESS |  
2019-08-20 22:34:53,734 | INFO  | DNAudit | user=null | ip=null | op=WRITE_CHUNK {blockData=conID: 3 locID: 102651690596565671 bcsId: 0} | ret=SUCCESS |  
2019-08-20 22:34:53,734 | INFO  | DNAudit | user=null | ip=null | op=WRITE_CHUNK {blockData=conID: 3 locID: 102651690596565671 bcsId: 0} | ret=SUCCESS |  
2019-08-20 22:34:53,734 [grpc-default-executor-5] INFO  client.GrpcClientProtocolClient (GrpcClientProtocolClient.java:onNext(255)) - client-391BA870FC40->947ec526-030f-41cc-8af7-a6f75e712ab0: receive RaftClientReply:client-391BA870FC40->947ec526-030f-41cc-8af7-a6f75e712ab0@group-5D45C35602B2, cid=3352, SUCCESS, logIndex=5051, commits[947ec526-030f-41cc-8af7-a6f75e712ab0:c5052, c447b9b6-dde2-4ce7-aa81-d0e2eddc8fe9:c5050, 28b540ac-241d-462a-a56c-509e92928066:c5048]
2019-08-20 22:34:53,735 [grpc-default-executor-5] INFO  client.GrpcClientProtocolClient (GrpcClientProtocolClient.java:onNext(255)) - client-391BA870FC40->947ec526-030f-41cc-8af7-a6f75e712ab0: receive RaftClientReply:client-391BA870FC40->947ec526-030f-41cc-8af7-a6f75e712ab0@group-5D45C35602B2, cid=3353, SUCCESS, logIndex=5052, commits[947ec526-030f-41cc-8af7-a6f75e712ab0:c5052, c447b9b6-dde2-4ce7-aa81-d0e2eddc8fe9:c5050, 28b540ac-241d-462a-a56c-509e92928066:c5048]
2019-08-20 22:34:53,736 | INFO  | DNAudit | user=null | ip=null | op=WRITE_CHUNK {blockData=conID: 3 locID: 102651690596565671 bcsId: 0} | ret=SUCCESS |  
2019-08-20 22:34:53,736 | INFO  | DNAudit | user=null | ip=null | op=WRITE_CHUNK {blockData=conID: 3 locID: 102651690596565671 bcsId: 0} | ret=SUCCESS |  
2019-08-20 22:34:53,736 | INFO  | DNAudit | user=null | ip=null | op=PUT_BLOCK {blockData=[blockId=conID: 3 locID: 102651690596565671 bcsId: 0,size=1048576]} | ret=SUCCESS |  
2019-08-20 22:34:53,736 | INFO  | DNAudit | user=null | ip=null | op=PUT_BLOCK {blockData=[blockId=conID: 3 locID: 102651690596565671 bcsId: 0,size=2097152]} | ret=SUCCESS |  
2019-08-20 22:34:53,736 [grpc-default-executor-5] INFO  client.GrpcClientProtocolClient (GrpcClientProtocolClient.java:onNext(255)) - client-391BA870FC40->947ec526-030f-41cc-8af7-a6f75e712ab0: receive RaftClientReply:client-391BA870FC40->947ec526-030f-41cc-8af7-a6f75e712ab0@group-5D45C35602B2, cid=3354, SUCCESS, logIndex=5053, commits[947ec526-030f-41cc-8af7-a6f75e712ab0:c5055, c447b9b6-dde2-4ce7-aa81-d0e2eddc8fe9:c5052, 28b540ac-241d-462a-a56c-509e92928066:c5048]
2019-08-20 22:34:53,737 [grpc-default-executor-5] INFO  client.GrpcClientProtocolClient (GrpcClientProtocolClient.java:onNext(255)) - client-391BA870FC40->947ec526-030f-41cc-8af7-a6f75e712ab0: receive RaftClientReply:client-391BA870FC40->947ec526-030f-41cc-8af7-a6f75e712ab0@group-5D45C35602B2, cid=3355, SUCCESS, logIndex=5054, commits[947ec526-030f-41cc-8af7-a6f75e712ab0:c5056, c447b9b6-dde2-4ce7-aa81-d0e2eddc8fe9:c5052, 28b540ac-241d-462a-a56c-509e92928066:c5048]
2019-08-20 22:34:53,737 | INFO  | DNAudit | user=null | ip=null | op=WRITE_CHUNK {blockData=conID: 3 locID: 102651690596565671 bcsId: 0} | ret=SUCCESS |  
2019-08-20 22:34:53,737 | INFO  | DNAudit | user=null | ip=null | op=PUT_BLOCK {blockData=[blockId=conID: 3 locID: 102651690596565671 bcsId: 0,size=1048576]} | ret=SUCCESS |  
2019-08-20 22:34:53,737 | INFO  | DNAudit | user=null | ip=null | op=WRITE_CHUNK {blockData=conID: 3 locID: 102651690596565671 bcsId: 0} | ret=SUCCESS |  
2019-08-20 22:34:53,738 [grpc-default-executor-2] INFO  client.GrpcClientProtocolClient (GrpcClientProtocolClient.java:onNext(255)) - client-391BA870FC40->947ec526-030f-41cc-8af7-a6f75e712ab0: receive RaftClientReply:client-391BA870FC40->947ec526-030f-41cc-8af7-a6f75e712ab0@group-5D45C35602B2, cid=3356, SUCCESS, logIndex=0, commits[947ec526-030f-41cc-8af7-a6f75e712ab0:c5056, c447b9b6-dde2-4ce7-aa81-d0e2eddc8fe9:c5052, 28b540ac-241d-462a-a56c-509e92928066:c5052]
2019-08-20 22:34:53,738 | INFO  | DNAudit | user=null | ip=null | op=PUT_BLOCK {blockData=[blockId=conID: 3 locID: 102651690596565671 bcsId: 0,size=2097152]} | ret=SUCCESS |  
2019-08-20 22:34:53,738 | INFO  | DNAudit | user=null | ip=null | op=WRITE_CHUNK {blockData=conID: 3 locID: 102651690596565671 bcsId: 0} | ret=SUCCESS |  
2019-08-20 22:34:53,738 | INFO  | DNAudit | user=null | ip=null | op=PUT_BLOCK {blockData=[blockId=conID: 3 locID: 102651690596565671 bcsId: 0,size=2097152]} | ret=SUCCESS |  
2019-08-20 22:34:53,742 | INFO  | DNAudit | user=null | ip=null | op=WRITE_CHUNK {blockData=conID: 3 locID: 102651690596565671 bcsId: 5054} | ret=SUCCESS |  
2019-08-20 22:34:53,744 | INFO  | DNAudit | user=null | ip=null | op=WRITE_CHUNK {blockData=conID: 3 locID: 102651690596565671 bcsId: 5054} | ret=SUCCESS |  
2019-08-20 22:34:53,744 | INFO  | DNAudit | user=null | ip=null | op=WRITE_CHUNK {blockData=conID: 3 locID: 102651690596565671 bcsId: 5054} | ret=SUCCESS |  
2019-08-20 22:34:53,754 | INFO  | DNAudit | user=null | ip=null | op=WRITE_CHUNK {blockData=conID: 3 locID: 102651690596565671 bcsId: 5054} | ret=SUCCESS |  
2019-08-20 22:34:53,754 | INFO  | DNAudit | user=null | ip=null | op=PUT_BLOCK {blockData=[blockId=conID: 3 locID: 102651690596565671 bcsId: 0,size=3145728]} | ret=SUCCESS |  
2019-08-20 22:34:53,754 [grpc-default-executor-2] INFO  client.GrpcClientProtocolClient (GrpcClientProtocolClient.java:onNext(255)) - client-391BA870FC40->947ec526-030f-41cc-8af7-a6f75e712ab0: receive RaftClientReply:client-391BA870FC40->947ec526-030f-41cc-8af7-a6f75e712ab0@group-5D45C35602B2, cid=3357, SUCCESS, logIndex=5059, commits[947ec526-030f-41cc-8af7-a6f75e712ab0:c5060, c447b9b6-dde2-4ce7-aa81-d0e2eddc8fe9:c5058, 28b540ac-241d-462a-a56c-509e92928066:c5058]
2019-08-20 22:34:53,755 [grpc-default-executor-2] INFO  client.GrpcClientProtocolClient (GrpcClientProtocolClient.java:onNext(255)) - client-391BA870FC40->947ec526-030f-41cc-8af7-a6f75e712ab0: receive RaftClientReply:client-391BA870FC40->947ec526-030f-41cc-8af7-a6f75e712ab0@group-5D45C35602B2, cid=3358, SUCCESS, logIndex=5060, commits[947ec526-030f-41cc-8af7-a6f75e712ab0:c5060, c447b9b6-dde2-4ce7-aa81-d0e2eddc8fe9:c5058, 28b540ac-241d-462a-a56c-509e92928066:c5058]
2019-08-20 22:34:53,760 | INFO  | DNAudit | user=null | ip=null | op=WRITE_CHUNK {blockData=conID: 3 locID: 102651690596565671 bcsId: 5060} | ret=SUCCESS |  
2019-08-20 22:34:53,761 | INFO  | DNAudit | user=null | ip=null | op=WRITE_CHUNK {blockData=conID: 3 locID: 102651690596565671 bcsId: 5060} | ret=SUCCESS |  
2019-08-20 22:34:53,761 | INFO  | DNAudit | user=null | ip=null | op=WRITE_CHUNK {blockData=conID: 3 locID: 102651690596565671 bcsId: 5060} | ret=SUCCESS |  
2019-08-20 22:34:53,764 | INFO  | DNAudit | user=null | ip=null | op=WRITE_CHUNK {blockData=conID: 3 locID: 102651690596565671 bcsId: 5054} | ret=SUCCESS |  
2019-08-20 22:34:53,764 | INFO  | DNAudit | user=null | ip=null | op=WRITE_CHUNK {blockData=conID: 3 locID: 102651690596565671 bcsId: 5054} | ret=SUCCESS |  
2019-08-20 22:34:53,776 | INFO  | DNAudit | user=null | ip=null | op=WRITE_CHUNK {blockData=conID: 3 locID: 102651690596565671 bcsId: 5060} | ret=SUCCESS |  
2019-08-20 22:34:53,776 | INFO  | DNAudit | user=null | ip=null | op=PUT_BLOCK {blockData=[blockId=conID: 3 locID: 102651690596565671 bcsId: 0,size=3145728]} | ret=SUCCESS |  
2019-08-20 22:34:53,776 | INFO  | DNAudit | user=null | ip=null | op=PUT_BLOCK {blockData=[blockId=conID: 3 locID: 102651690596565671 bcsId: 0,size=3145728]} | ret=SUCCESS |  
2019-08-20 22:34:53,776 | INFO  | DNAudit | user=null | ip=null | op=PUT_BLOCK {blockData=[blockId=conID: 3 locID: 102651690596565671 bcsId: 0,size=4194304]} | ret=SUCCESS |  
2019-08-20 22:34:53,777 [grpc-default-executor-5] INFO  client.GrpcClientProtocolClient (GrpcClientProtocolClient.java:onNext(255)) - client-391BA870FC40->947ec526-030f-41cc-8af7-a6f75e712ab0: receive RaftClientReply:client-391BA870FC40->947ec526-030f-41cc-8af7-a6f75e712ab0@group-5D45C35602B2, cid=3359, SUCCESS, logIndex=5063, commits[947ec526-030f-41cc-8af7-a6f75e712ab0:c5064, c447b9b6-dde2-4ce7-aa81-d0e2eddc8fe9:c5060, 28b540ac-241d-462a-a56c-509e92928066:c5060]
2019-08-20 22:34:53,777 [grpc-default-executor-5] INFO  client.GrpcClientProtocolClient (GrpcClientProtocolClient.java:onNext(255)) - client-391BA870FC40->947ec526-030f-41cc-8af7-a6f75e712ab0: receive RaftClientReply:client-391BA870FC40->947ec526-030f-41cc-8af7-a6f75e712ab0@group-5D45C35602B2, cid=3360, SUCCESS, logIndex=5064, commits[947ec526-030f-41cc-8af7-a6f75e712ab0:c5064, c447b9b6-dde2-4ce7-aa81-d0e2eddc8fe9:c5060, 28b540ac-241d-462a-a56c-509e92928066:c5060]
2019-08-20 22:34:53,778 | INFO  | DNAudit | user=null | ip=null | op=WRITE_CHUNK {blockData=conID: 3 locID: 102651690596565671 bcsId: 5060} | ret=SUCCESS |  
2019-08-20 22:34:53,780 | INFO  | DNAudit | user=null | ip=null | op=WRITE_CHUNK {blockData=conID: 3 locID: 102651690596565671 bcsId: 5060} | ret=SUCCESS |  
2019-08-20 22:34:53,782 | INFO  | DNAudit | user=null | ip=null | op=PUT_BLOCK {blockData=[blockId=conID: 3 locID: 102651690596565671 bcsId: 0,size=4194304]} | ret=SUCCESS |  
2019-08-20 22:34:53,782 | INFO  | DNAudit | user=null | ip=null | op=PUT_BLOCK {blockData=[blockId=conID: 3 locID: 102651690596565671 bcsId: 0,size=4194304]} | ret=SUCCESS |  
2019-08-20 22:34:53,782 [grpc-default-executor-5] INFO  client.GrpcClientProtocolClient (GrpcClientProtocolClient.java:onNext(255)) - client-391BA870FC40->947ec526-030f-41cc-8af7-a6f75e712ab0: receive RaftClientReply:client-391BA870FC40->947ec526-030f-41cc-8af7-a6f75e712ab0@group-5D45C35602B2, cid=3361, SUCCESS, logIndex=0, commits[947ec526-030f-41cc-8af7-a6f75e712ab0:c5066, c447b9b6-dde2-4ce7-aa81-d0e2eddc8fe9:c5064, 28b540ac-241d-462a-a56c-509e92928066:c5064]
2019-08-20 22:34:53,787 | INFO  | SCMAudit | user=jenkins1000 | ip=192.168.5.142 | op=ALLOCATE_BLOCK {owner=6f694d07-2a2f-44d9-8e1c-aaa094a2f647, size=4194304, type=RATIS, factor=THREE} | ret=SUCCESS |  
2019-08-20 22:34:53,790 | INFO  | OMAudit | user=jenkins1000 | ip=127.0.0.1 | op=ALLOCATE_BLOCK {volume=vol-0-80747, bucket=bucket-0-27686, key=key-0-47435, dataSize=0, replicationType=null, replicationFactor=null, keyLocationInfo=null, clientID=102651687805452690} | ret=SUCCESS |  
2019-08-20 22:34:53,796 | INFO  | DNAudit | user=null | ip=null | op=WRITE_CHUNK {blockData=conID: 1 locID: 102651690600825512 bcsId: 0} | ret=SUCCESS |  
2019-08-20 22:34:53,807 | INFO  | DNAudit | user=null | ip=null | op=WRITE_CHUNK {blockData=conID: 1 locID: 102651690600825512 bcsId: 0} | ret=SUCCESS |  
2019-08-20 22:34:53,807 | INFO  | DNAudit | user=null | ip=null | op=WRITE_CHUNK {blockData=conID: 1 locID: 102651690600825512 bcsId: 0} | ret=SUCCESS |  
2019-08-20 22:34:53,807 | INFO  | DNAudit | user=null | ip=null | op=WRITE_CHUNK {blockData=conID: 1 locID: 102651690600825512 bcsId: 0} | ret=SUCCESS |  
2019-08-20 22:34:53,807 | INFO  | DNAudit | user=null | ip=null | op=WRITE_CHUNK {blockData=conID: 1 locID: 102651690600825512 bcsId: 0} | ret=SUCCESS |  
2019-08-20 22:34:53,807 | INFO  | DNAudit | user=null | ip=null | op=WRITE_CHUNK {blockData=conID: 1 locID: 102651690600825512 bcsId: 0} | ret=SUCCESS |  
2019-08-20 22:34:53,820 | INFO  | DNAudit | user=null | ip=null | op=WRITE_CHUNK {blockData=conID: 1 locID: 102651690600825512 bcsId: 0} | ret=SUCCESS |  
2019-08-20 22:34:53,820 | INFO  | DNAudit | user=null | ip=null | op=PUT_BLOCK {blockData=[blockId=conID: 1 locID: 102651690600825512 bcsId: 0,size=1048576]} | ret=SUCCESS |  
2019-08-20 22:34:53,821 [grpc-default-executor-3] INFO  client.GrpcClientProtocolClient (GrpcClientProtocolClient.java:onNext(255)) - client-391BA870FC40->947ec526-030f-41cc-8af7-a6f75e712ab0: receive RaftClientReply:client-391BA870FC40->947ec526-030f-41cc-8af7-a6f75e712ab0@group-5D45C35602B2, cid=3362, SUCCESS, logIndex=5067, commits[947ec526-030f-41cc-8af7-a6f75e712ab0:c5070, c447b9b6-dde2-4ce7-aa81-d0e2eddc8fe9:c5066, 28b540ac-241d-462a-a56c-509e92928066:c5066]
2019-08-20 22:34:53,821 | INFO  | DNAudit | user=null | ip=null | op=WRITE_CHUNK {blockData=conID: 1 locID: 102651690600825512 bcsId: 0} | ret=SUCCESS |  
2019-08-20 22:34:53,821 | INFO  | DNAudit | user=null | ip=null | op=PUT_BLOCK {blockData=[blockId=conID: 1 locID: 102651690600825512 bcsId: 0,size=2097152]} | ret=SUCCESS |  
2019-08-20 22:34:53,821 | INFO  | DNAudit | user=null | ip=null | op=WRITE_CHUNK {blockData=conID: 1 locID: 102651690600825512 bcsId: 0} | ret=SUCCESS |  
2019-08-20 22:34:53,821 | INFO  | DNAudit | user=null | ip=null | op=WRITE_CHUNK {blockData=conID: 1 locID: 102651690600825512 bcsId: 0} | ret=SUCCESS |  
2019-08-20 22:34:53,821 [grpc-default-executor-3] INFO  client.GrpcClientProtocolClient (GrpcClientProtocolClient.java:onNext(255)) - client-391BA870FC40->947ec526-030f-41cc-8af7-a6f75e712ab0: receive RaftClientReply:client-391BA870FC40->947ec526-030f-41cc-8af7-a6f75e712ab0@group-5D45C35602B2, cid=3363, SUCCESS, logIndex=5068, commits[947ec526-030f-41cc-8af7-a6f75e712ab0:c5070, c447b9b6-dde2-4ce7-aa81-d0e2eddc8fe9:c5066, 28b540ac-241d-462a-a56c-509e92928066:c5066]
2019-08-20 22:34:53,821 | INFO  | DNAudit | user=null | ip=null | op=PUT_BLOCK {blockData=[blockId=conID: 1 locID: 102651690600825512 bcsId: 0,size=1048576]} | ret=SUCCESS |  
2019-08-20 22:34:53,821 | INFO  | DNAudit | user=null | ip=null | op=PUT_BLOCK {blockData=[blockId=conID: 1 locID: 102651690600825512 bcsId: 0,size=1048576]} | ret=SUCCESS |  
2019-08-20 22:34:53,821 [grpc-default-executor-3] INFO  client.GrpcClientProtocolClient (GrpcClientProtocolClient.java:onNext(255)) - client-391BA870FC40->947ec526-030f-41cc-8af7-a6f75e712ab0: receive RaftClientReply:client-391BA870FC40->947ec526-030f-41cc-8af7-a6f75e712ab0@group-5D45C35602B2, cid=3364, SUCCESS, logIndex=5069, commits[947ec526-030f-41cc-8af7-a6f75e712ab0:c5070, c447b9b6-dde2-4ce7-aa81-d0e2eddc8fe9:c5066, 28b540ac-241d-462a-a56c-509e92928066:c5066]
2019-08-20 22:34:53,821 [grpc-default-executor-3] INFO  client.GrpcClientProtocolClient (GrpcClientProtocolClient.java:onNext(255)) - client-391BA870FC40->947ec526-030f-41cc-8af7-a6f75e712ab0: receive RaftClientReply:client-391BA870FC40->947ec526-030f-41cc-8af7-a6f75e712ab0@group-5D45C35602B2, cid=3365, SUCCESS, logIndex=5070, commits[947ec526-030f-41cc-8af7-a6f75e712ab0:c5071, c447b9b6-dde2-4ce7-aa81-d0e2eddc8fe9:c5068, 28b540ac-241d-462a-a56c-509e92928066:c5066]
2019-08-20 22:34:53,822 [grpc-default-executor-3] INFO  client.GrpcClientProtocolClient (GrpcClientProtocolClient.java:onNext(255)) - client-391BA870FC40->947ec526-030f-41cc-8af7-a6f75e712ab0: receive RaftClientReply:client-391BA870FC40->947ec526-030f-41cc-8af7-a6f75e712ab0@group-5D45C35602B2, cid=3366, SUCCESS, logIndex=0, commits[947ec526-030f-41cc-8af7-a6f75e712ab0:c5071, c447b9b6-dde2-4ce7-aa81-d0e2eddc8fe9:c5068, 28b540ac-241d-462a-a56c-509e92928066:c5068]
2019-08-20 22:34:53,824 | INFO  | DNAudit | user=null | ip=null | op=WRITE_CHUNK {blockData=conID: 1 locID: 102651690600825512 bcsId: 0} | ret=SUCCESS |  
2019-08-20 22:34:53,824 | INFO  | DNAudit | user=null | ip=null | op=WRITE_CHUNK {blockData=conID: 1 locID: 102651690600825512 bcsId: 0} | ret=SUCCESS |  
2019-08-20 22:34:53,824 | INFO  | DNAudit | user=null | ip=null | op=PUT_BLOCK {blockData=[blockId=conID: 1 locID: 102651690600825512 bcsId: 0,size=2097152]} | ret=SUCCESS |  
2019-08-20 22:34:53,824 | INFO  | DNAudit | user=null | ip=null | op=PUT_BLOCK {blockData=[blockId=conID: 1 locID: 102651690600825512 bcsId: 0,size=2097152]} | ret=SUCCESS |  
2019-08-20 22:34:53,827 | INFO  | DNAudit | user=null | ip=null | op=WRITE_CHUNK {blockData=conID: 1 locID: 102651690600825512 bcsId: 5070} | ret=SUCCESS |  
2019-08-20 22:34:53,829 | INFO  | DNAudit | user=null | ip=null | op=WRITE_CHUNK {blockData=conID: 1 locID: 102651690600825512 bcsId: 5070} | ret=SUCCESS |  
2019-08-20 22:34:53,829 | INFO  | DNAudit | user=null | ip=null | op=WRITE_CHUNK {blockData=conID: 1 locID: 102651690600825512 bcsId: 5070} | ret=SUCCESS |  
2019-08-20 22:34:53,850 | INFO  | DNAudit | user=null | ip=null | op=WRITE_CHUNK {blockData=conID: 1 locID: 102651690600825512 bcsId: 5070} | ret=SUCCESS |  
2019-08-20 22:34:53,851 | INFO  | DNAudit | user=null | ip=null | op=PUT_BLOCK {blockData=[blockId=conID: 1 locID: 102651690600825512 bcsId: 0,size=3145728]} | ret=SUCCESS |  
2019-08-20 22:34:53,851 [grpc-default-executor-1] INFO  client.GrpcClientProtocolClient (GrpcClientProtocolClient.java:onNext(255)) - client-391BA870FC40->947ec526-030f-41cc-8af7-a6f75e712ab0: receive RaftClientReply:client-391BA870FC40->947ec526-030f-41cc-8af7-a6f75e712ab0@group-5D45C35602B2, cid=3367, SUCCESS, logIndex=5074, commits[947ec526-030f-41cc-8af7-a6f75e712ab0:c5075, c447b9b6-dde2-4ce7-aa81-d0e2eddc8fe9:c5073, 28b540ac-241d-462a-a56c-509e92928066:c5073]
2019-08-20 22:34:53,851 [grpc-default-executor-1] INFO  client.GrpcClientProtocolClient (GrpcClientProtocolClient.java:onNext(255)) - client-391BA870FC40->947ec526-030f-41cc-8af7-a6f75e712ab0: receive RaftClientReply:client-391BA870FC40->947ec526-030f-41cc-8af7-a6f75e712ab0@group-5D45C35602B2, cid=3368, SUCCESS, logIndex=5075, commits[947ec526-030f-41cc-8af7-a6f75e712ab0:c5075, c447b9b6-dde2-4ce7-aa81-d0e2eddc8fe9:c5073, 28b540ac-241d-462a-a56c-509e92928066:c5073]
2019-08-20 22:34:53,851 | INFO  | DNAudit | user=null | ip=null | op=WRITE_CHUNK {blockData=conID: 1 locID: 102651690600825512 bcsId: 5070} | ret=SUCCESS |  
2019-08-20 22:34:53,851 | INFO  | DNAudit | user=null | ip=null | op=WRITE_CHUNK {blockData=conID: 1 locID: 102651690600825512 bcsId: 5070} | ret=SUCCESS |  
2019-08-20 22:34:53,852 | INFO  | DNAudit | user=null | ip=null | op=PUT_BLOCK {blockData=[blockId=conID: 1 locID: 102651690600825512 bcsId: 0,size=3145728]} | ret=SUCCESS |  
2019-08-20 22:34:53,852 | INFO  | DNAudit | user=null | ip=null | op=PUT_BLOCK {blockData=[blockId=conID: 1 locID: 102651690600825512 bcsId: 0,size=3145728]} | ret=SUCCESS |  
2019-08-20 22:34:53,857 | INFO  | DNAudit | user=null | ip=null | op=WRITE_CHUNK {blockData=conID: 1 locID: 102651690600825512 bcsId: 5075} | ret=SUCCESS |  
2019-08-20 22:34:53,858 | INFO  | DNAudit | user=null | ip=null | op=WRITE_CHUNK {blockData=conID: 1 locID: 102651690600825512 bcsId: 5075} | ret=SUCCESS |  
2019-08-20 22:34:53,858 | INFO  | DNAudit | user=null | ip=null | op=WRITE_CHUNK {blockData=conID: 1 locID: 102651690600825512 bcsId: 5075} | ret=SUCCESS |  
2019-08-20 22:34:53,867 | INFO  | DNAudit | user=null | ip=null | op=WRITE_CHUNK {blockData=conID: 1 locID: 102651690600825512 bcsId: 5075} | ret=SUCCESS |  
2019-08-20 22:34:53,868 | INFO  | DNAudit | user=null | ip=null | op=PUT_BLOCK {blockData=[blockId=conID: 1 locID: 102651690600825512 bcsId: 0,size=4194304]} | ret=SUCCESS |  
2019-08-20 22:34:53,868 [grpc-default-executor-2] INFO  client.GrpcClientProtocolClient (GrpcClientProtocolClient.java:onNext(255)) - client-391BA870FC40->947ec526-030f-41cc-8af7-a6f75e712ab0: receive RaftClientReply:client-391BA870FC40->947ec526-030f-41cc-8af7-a6f75e712ab0@group-5D45C35602B2, cid=3369, SUCCESS, logIndex=5078, commits[947ec526-030f-41cc-8af7-a6f75e712ab0:c5079, c447b9b6-dde2-4ce7-aa81-d0e2eddc8fe9:c5077, 28b540ac-241d-462a-a56c-509e92928066:c5077]
2019-08-20 22:34:53,868 [grpc-default-executor-2] INFO  client.GrpcClientProtocolClient (GrpcClientProtocolClient.java:onNext(255)) - client-391BA870FC40->947ec526-030f-41cc-8af7-a6f75e712ab0: receive RaftClientReply:client-391BA870FC40->947ec526-030f-41cc-8af7-a6f75e712ab0@group-5D45C35602B2, cid=3370, SUCCESS, logIndex=5079, commits[947ec526-030f-41cc-8af7-a6f75e712ab0:c5079, c447b9b6-dde2-4ce7-aa81-d0e2eddc8fe9:c5077, 28b540ac-241d-462a-a56c-509e92928066:c5077]
2019-08-20 22:34:53,871 | INFO  | DNAudit | user=null | ip=null | op=WRITE_CHUNK {blockData=conID: 1 locID: 102651690600825512 bcsId: 5075} | ret=SUCCESS |  
2019-08-20 22:34:53,871 | INFO  | DNAudit | user=null | ip=null | op=WRITE_CHUNK {blockData=conID: 1 locID: 102651690600825512 bcsId: 5075} | ret=SUCCESS |  
2019-08-20 22:34:53,883 [grpc-default-executor-2] INFO  client.GrpcClientProtocolClient (GrpcClientProtocolClient.java:onNext(255)) - client-391BA870FC40->947ec526-030f-41cc-8af7-a6f75e712ab0: receive RaftClientReply:client-391BA870FC40->947ec526-030f-41cc-8af7-a6f75e712ab0@group-5D45C35602B2, cid=3371, SUCCESS, logIndex=0, commits[947ec526-030f-41cc-8af7-a6f75e712ab0:c5081, c447b9b6-dde2-4ce7-aa81-d0e2eddc8fe9:c5079, 28b540ac-241d-462a-a56c-509e92928066:c5079]
2019-08-20 22:34:53,883 | INFO  | DNAudit | user=null | ip=null | op=PUT_BLOCK {blockData=[blockId=conID: 1 locID: 102651690600825512 bcsId: 0,size=4194304]} | ret=SUCCESS |  
2019-08-20 22:34:53,883 | INFO  | DNAudit | user=null | ip=null | op=PUT_BLOCK {blockData=[blockId=conID: 1 locID: 102651690600825512 bcsId: 0,size=4194304]} | ret=SUCCESS |  
2019-08-20 22:34:53,888 | INFO  | SCMAudit | user=jenkins1000 | ip=192.168.5.142 | op=ALLOCATE_BLOCK {owner=6f694d07-2a2f-44d9-8e1c-aaa094a2f647, size=4194304, type=RATIS, factor=THREE} | ret=SUCCESS |  
2019-08-20 22:34:53,891 | INFO  | OMAudit | user=jenkins1000 | ip=127.0.0.1 | op=ALLOCATE_BLOCK {volume=vol-0-80747, bucket=bucket-0-27686, key=key-0-47435, dataSize=0, replicationType=null, replicationFactor=null, keyLocationInfo=null, clientID=102651687805452690} | ret=SUCCESS |  
2019-08-20 22:34:53,897 | INFO  | DNAudit | user=null | ip=null | op=WRITE_CHUNK {blockData=conID: 2 locID: 102651690607444649 bcsId: 0} | ret=SUCCESS |  
2019-08-20 22:34:53,899 | INFO  | DNAudit | user=null | ip=null | op=WRITE_CHUNK {blockData=conID: 2 locID: 102651690607444649 bcsId: 0} | ret=SUCCESS |  
2019-08-20 22:34:53,899 | INFO  | DNAudit | user=null | ip=null | op=WRITE_CHUNK {blockData=conID: 2 locID: 102651690607444649 bcsId: 0} | ret=SUCCESS |  
2019-08-20 22:34:53,899 | INFO  | DNAudit | user=null | ip=null | op=WRITE_CHUNK {blockData=conID: 2 locID: 102651690607444649 bcsId: 0} | ret=SUCCESS |  
2019-08-20 22:34:53,900 | INFO  | DNAudit | user=null | ip=null | op=WRITE_CHUNK {blockData=conID: 2 locID: 102651690607444649 bcsId: 0} | ret=SUCCESS |  
2019-08-20 22:34:53,901 | INFO  | DNAudit | user=null | ip=null | op=WRITE_CHUNK {blockData=conID: 2 locID: 102651690607444649 bcsId: 0} | ret=SUCCESS |  
2019-08-20 22:34:53,917 | INFO  | DNAudit | user=null | ip=null | op=WRITE_CHUNK {blockData=conID: 2 locID: 102651690607444649 bcsId: 0} | ret=SUCCESS |  
2019-08-20 22:34:53,918 | INFO  | DNAudit | user=null | ip=null | op=PUT_BLOCK {blockData=[blockId=conID: 2 locID: 102651690607444649 bcsId: 0,size=1048576]} | ret=SUCCESS |  
2019-08-20 22:34:53,918 [grpc-default-executor-3] INFO  client.GrpcClientProtocolClient (GrpcClientProtocolClient.java:onNext(255)) - client-391BA870FC40->947ec526-030f-41cc-8af7-a6f75e712ab0: receive RaftClientReply:client-391BA870FC40->947ec526-030f-41cc-8af7-a6f75e712ab0@group-5D45C35602B2, cid=3372, SUCCESS, logIndex=5082, commits[947ec526-030f-41cc-8af7-a6f75e712ab0:c5085, c447b9b6-dde2-4ce7-aa81-d0e2eddc8fe9:c5081, 28b540ac-241d-462a-a56c-509e92928066:c5081]
2019-08-20 22:34:53,918 | INFO  | DNAudit | user=null | ip=null | op=WRITE_CHUNK {blockData=conID: 2 locID: 102651690607444649 bcsId: 0} | ret=SUCCESS |  
2019-08-20 22:34:53,918 | INFO  | DNAudit | user=null | ip=null | op=PUT_BLOCK {blockData=[blockId=conID: 2 locID: 102651690607444649 bcsId: 0,size=2097152]} | ret=SUCCESS |  
2019-08-20 22:34:53,918 [grpc-default-executor-3] INFO  client.GrpcClientProtocolClient (GrpcClientProtocolClient.java:onNext(255)) - client-391BA870FC40->947ec526-030f-41cc-8af7-a6f75e712ab0: receive RaftClientReply:client-391BA870FC40->947ec526-030f-41cc-8af7-a6f75e712ab0@group-5D45C35602B2, cid=3373, SUCCESS, logIndex=5083, commits[947ec526-030f-41cc-8af7-a6f75e712ab0:c5085, c447b9b6-dde2-4ce7-aa81-d0e2eddc8fe9:c5081, 28b540ac-241d-462a-a56c-509e92928066:c5081]
2019-08-20 22:34:53,918 [grpc-default-executor-3] INFO  client.GrpcClientProtocolClient (GrpcClientProtocolClient.java:onNext(255)) - client-391BA870FC40->947ec526-030f-41cc-8af7-a6f75e712ab0: receive RaftClientReply:client-391BA870FC40->947ec526-030f-41cc-8af7-a6f75e712ab0@group-5D45C35602B2, cid=3374, SUCCESS, logIndex=5084, commits[947ec526-030f-41cc-8af7-a6f75e712ab0:c5085, c447b9b6-dde2-4ce7-aa81-d0e2eddc8fe9:c5081, 28b540ac-241d-462a-a56c-509e92928066:c5081]
2019-08-20 22:34:53,919 [grpc-default-executor-3] INFO  client.GrpcClientProtocolClient (GrpcClientProtocolClient.java:onNext(255)) - client-391BA870FC40->947ec526-030f-41cc-8af7-a6f75e712ab0: receive RaftClientReply:client-391BA870FC40->947ec526-030f-41cc-8af7-a6f75e712ab0@group-5D45C35602B2, cid=3375, SUCCESS, logIndex=5085, commits[947ec526-030f-41cc-8af7-a6f75e712ab0:c5085, c447b9b6-dde2-4ce7-aa81-d0e2eddc8fe9:c5081, 28b540ac-241d-462a-a56c-509e92928066:c5081]
2019-08-20 22:34:53,927 | INFO  | DNAudit | user=null | ip=null | op=WRITE_CHUNK {blockData=conID: 2 locID: 102651690607444649 bcsId: 0} | ret=SUCCESS |  
2019-08-20 22:34:53,928 | INFO  | DNAudit | user=null | ip=null | op=PUT_BLOCK {blockData=[blockId=conID: 2 locID: 102651690607444649 bcsId: 0,size=1048576]} | ret=SUCCESS |  
2019-08-20 22:34:53,928 | INFO  | DNAudit | user=null | ip=null | op=WRITE_CHUNK {blockData=conID: 2 locID: 102651690607444649 bcsId: 0} | ret=SUCCESS |  
2019-08-20 22:34:53,929 | INFO  | DNAudit | user=null | ip=null | op=PUT_BLOCK {blockData=[blockId=conID: 2 locID: 102651690607444649 bcsId: 0,size=2097152]} | ret=SUCCESS |  
2019-08-20 22:34:53,930 | INFO  | DNAudit | user=null | ip=null | op=WRITE_CHUNK {blockData=conID: 2 locID: 102651690607444649 bcsId: 0} | ret=SUCCESS |  
2019-08-20 22:34:53,931 | INFO  | DNAudit | user=null | ip=null | op=PUT_BLOCK {blockData=[blockId=conID: 2 locID: 102651690607444649 bcsId: 0,size=1048576]} | ret=SUCCESS |  
2019-08-20 22:34:53,931 | INFO  | DNAudit | user=null | ip=null | op=WRITE_CHUNK {blockData=conID: 2 locID: 102651690607444649 bcsId: 0} | ret=SUCCESS |  
2019-08-20 22:34:53,931 | INFO  | DNAudit | user=null | ip=null | op=PUT_BLOCK {blockData=[blockId=conID: 2 locID: 102651690607444649 bcsId: 0,size=2097152]} | ret=SUCCESS |  
2019-08-20 22:34:53,931 [grpc-default-executor-3] INFO  client.GrpcClientProtocolClient (GrpcClientProtocolClient.java:onNext(255)) - client-391BA870FC40->947ec526-030f-41cc-8af7-a6f75e712ab0: receive RaftClientReply:client-391BA870FC40->947ec526-030f-41cc-8af7-a6f75e712ab0@group-5D45C35602B2, cid=3376, SUCCESS, logIndex=0, commits[947ec526-030f-41cc-8af7-a6f75e712ab0:c5089, c447b9b6-dde2-4ce7-aa81-d0e2eddc8fe9:c5083, 28b540ac-241d-462a-a56c-509e92928066:c5085]
2019-08-20 22:34:53,936 | INFO  | DNAudit | user=null | ip=null | op=WRITE_CHUNK {blockData=conID: 2 locID: 102651690607444649 bcsId: 5085} | ret=SUCCESS |  
2019-08-20 22:34:53,937 | INFO  | DNAudit | user=null | ip=null | op=WRITE_CHUNK {blockData=conID: 2 locID: 102651690607444649 bcsId: 5085} | ret=SUCCESS |  
2019-08-20 22:34:53,937 | INFO  | DNAudit | user=null | ip=null | op=WRITE_CHUNK {blockData=conID: 2 locID: 102651690607444649 bcsId: 5085} | ret=SUCCESS |  
2019-08-20 22:34:53,946 | INFO  | DNAudit | user=null | ip=null | op=WRITE_CHUNK {blockData=conID: 2 locID: 102651690607444649 bcsId: 5085} | ret=SUCCESS |  
2019-08-20 22:34:53,947 | INFO  | DNAudit | user=null | ip=null | op=PUT_BLOCK {blockData=[blockId=conID: 2 locID: 102651690607444649 bcsId: 0,size=3145728]} | ret=SUCCESS |  
2019-08-20 22:34:53,947 [grpc-default-executor-2] INFO  client.GrpcClientProtocolClient (GrpcClientProtocolClient.java:onNext(255)) - client-391BA870FC40->947ec526-030f-41cc-8af7-a6f75e712ab0: receive RaftClientReply:client-391BA870FC40->947ec526-030f-41cc-8af7-a6f75e712ab0@group-5D45C35602B2, cid=3377, SUCCESS, logIndex=5090, commits[947ec526-030f-41cc-8af7-a6f75e712ab0:c5091, c447b9b6-dde2-4ce7-aa81-d0e2eddc8fe9:c5089, 28b540ac-241d-462a-a56c-509e92928066:c5089]
2019-08-20 22:34:53,947 [grpc-default-executor-2] INFO  client.GrpcClientProtocolClient (GrpcClientProtocolClient.java:onNext(255)) - client-391BA870FC40->947ec526-030f-41cc-8af7-a6f75e712ab0: receive RaftClientReply:client-391BA870FC40->947ec526-030f-41cc-8af7-a6f75e712ab0@group-5D45C35602B2, cid=3378, SUCCESS, logIndex=5091, commits[947ec526-030f-41cc-8af7-a6f75e712ab0:c5091, c447b9b6-dde2-4ce7-aa81-d0e2eddc8fe9:c5089, 28b540ac-241d-462a-a56c-509e92928066:c5089]
2019-08-20 22:34:53,953 | INFO  | DNAudit | user=null | ip=null | op=WRITE_CHUNK {blockData=conID: 2 locID: 102651690607444649 bcsId: 5091} | ret=SUCCESS |  
2019-08-20 22:34:53,955 | INFO  | DNAudit | user=null | ip=null | op=WRITE_CHUNK {blockData=conID: 2 locID: 102651690607444649 bcsId: 5091} | ret=SUCCESS |  
2019-08-20 22:34:53,955 | INFO  | DNAudit | user=null | ip=null | op=WRITE_CHUNK {blockData=conID: 2 locID: 102651690607444649 bcsId: 5091} | ret=SUCCESS |  
2019-08-20 22:34:53,956 | INFO  | DNAudit | user=null | ip=null | op=WRITE_CHUNK {blockData=conID: 2 locID: 102651690607444649 bcsId: 5085} | ret=SUCCESS |  
2019-08-20 22:34:53,956 | INFO  | DNAudit | user=null | ip=null | op=WRITE_CHUNK {blockData=conID: 2 locID: 102651690607444649 bcsId: 5085} | ret=SUCCESS |  
2019-08-20 22:34:53,959 | INFO  | DNAudit | user=null | ip=null | op=PUT_BLOCK {blockData=[blockId=conID: 2 locID: 102651690607444649 bcsId: 0,size=3145728]} | ret=SUCCESS |  
2019-08-20 22:34:53,959 | INFO  | DNAudit | user=null | ip=null | op=PUT_BLOCK {blockData=[blockId=conID: 2 locID: 102651690607444649 bcsId: 0,size=3145728]} | ret=SUCCESS |  
2019-08-20 22:34:53,960 | INFO  | DNAudit | user=null | ip=null | op=WRITE_CHUNK {blockData=conID: 2 locID: 102651690607444649 bcsId: 5091} | ret=SUCCESS |  
2019-08-20 22:34:53,960 | INFO  | DNAudit | user=null | ip=null | op=PUT_BLOCK {blockData=[blockId=conID: 2 locID: 102651690607444649 bcsId: 0,size=4194304]} | ret=SUCCESS |  
2019-08-20 22:34:53,960 [grpc-default-executor-2] INFO  client.GrpcClientProtocolClient (GrpcClientProtocolClient.java:onNext(255)) - client-391BA870FC40->947ec526-030f-41cc-8af7-a6f75e712ab0: receive RaftClientReply:client-391BA870FC40->947ec526-030f-41cc-8af7-a6f75e712ab0@group-5D45C35602B2, cid=3379, SUCCESS, logIndex=5094, commits[947ec526-030f-41cc-8af7-a6f75e712ab0:c5095, c447b9b6-dde2-4ce7-aa81-d0e2eddc8fe9:c5091, 28b540ac-241d-462a-a56c-509e92928066:c5091]
2019-08-20 22:34:53,960 [grpc-default-executor-2] INFO  client.GrpcClientProtocolClient (GrpcClientProtocolClient.java:onNext(255)) - client-391BA870FC40->947ec526-030f-41cc-8af7-a6f75e712ab0: receive RaftClientReply:client-391BA870FC40->947ec526-030f-41cc-8af7-a6f75e712ab0@group-5D45C35602B2, cid=3380, SUCCESS, logIndex=5095, commits[947ec526-030f-41cc-8af7-a6f75e712ab0:c5095, c447b9b6-dde2-4ce7-aa81-d0e2eddc8fe9:c5091, 28b540ac-241d-462a-a56c-509e92928066:c5091]
2019-08-20 22:34:53,969 | INFO  | DNAudit | user=null | ip=null | op=WRITE_CHUNK {blockData=conID: 2 locID: 102651690607444649 bcsId: 5091} | ret=SUCCESS |  
2019-08-20 22:34:53,969 | INFO  | DNAudit | user=null | ip=null | op=WRITE_CHUNK {blockData=conID: 2 locID: 102651690607444649 bcsId: 5091} | ret=SUCCESS |  
2019-08-20 22:34:53,969 | INFO  | DNAudit | user=null | ip=null | op=PUT_BLOCK {blockData=[blockId=conID: 2 locID: 102651690607444649 bcsId: 0,size=4194304]} | ret=SUCCESS |  
2019-08-20 22:34:53,969 | INFO  | DNAudit | user=null | ip=null | op=PUT_BLOCK {blockData=[blockId=conID: 2 locID: 102651690607444649 bcsId: 0,size=4194304]} | ret=SUCCESS |  
2019-08-20 22:34:53,970 [grpc-default-executor-2] INFO  client.GrpcClientProtocolClient (GrpcClientProtocolClient.java:onNext(255)) - client-391BA870FC40->947ec526-030f-41cc-8af7-a6f75e712ab0: receive RaftClientReply:client-391BA870FC40->947ec526-030f-41cc-8af7-a6f75e712ab0@group-5D45C35602B2, cid=3381, SUCCESS, logIndex=0, commits[947ec526-030f-41cc-8af7-a6f75e712ab0:c5096, c447b9b6-dde2-4ce7-aa81-d0e2eddc8fe9:c5095, 28b540ac-241d-462a-a56c-509e92928066:c5095]
2019-08-20 22:34:53,974 | INFO  | SCMAudit | user=jenkins1000 | ip=192.168.5.142 | op=ALLOCATE_BLOCK {owner=6f694d07-2a2f-44d9-8e1c-aaa094a2f647, size=4194304, type=RATIS, factor=THREE} | ret=SUCCESS |  
2019-08-20 22:34:53,977 | INFO  | OMAudit | user=jenkins1000 | ip=127.0.0.1 | op=ALLOCATE_BLOCK {volume=vol-0-80747, bucket=bucket-0-27686, key=key-0-47435, dataSize=0, replicationType=null, replicationFactor=null, keyLocationInfo=null, clientID=102651687805452690} | ret=SUCCESS |  
2019-08-20 22:34:53,984 | INFO  | DNAudit | user=null | ip=null | op=WRITE_CHUNK {blockData=conID: 3 locID: 102651690613080746 bcsId: 0} | ret=SUCCESS |  
2019-08-20 22:34:53,985 | INFO  | DNAudit | user=null | ip=null | op=WRITE_CHUNK {blockData=conID: 3 locID: 102651690613080746 bcsId: 0} | ret=SUCCESS |  
2019-08-20 22:34:53,985 | INFO  | DNAudit | user=null | ip=null | op=WRITE_CHUNK {blockData=conID: 3 locID: 102651690613080746 bcsId: 0} | ret=SUCCESS |  
2019-08-20 22:34:53,989 | INFO  | DNAudit | user=null | ip=null | op=WRITE_CHUNK {blockData=conID: 3 locID: 102651690613080746 bcsId: 0} | ret=SUCCESS |  
2019-08-20 22:34:53,989 | INFO  | DNAudit | user=null | ip=null | op=WRITE_CHUNK {blockData=conID: 3 locID: 102651690613080746 bcsId: 0} | ret=SUCCESS |  
2019-08-20 22:34:53,989 | INFO  | DNAudit | user=null | ip=null | op=WRITE_CHUNK {blockData=conID: 3 locID: 102651690613080746 bcsId: 0} | ret=SUCCESS |  
2019-08-20 22:34:53,998 | INFO  | DNAudit | user=null | ip=null | op=WRITE_CHUNK {blockData=conID: 3 locID: 102651690613080746 bcsId: 0} | ret=SUCCESS |  
2019-08-20 22:34:53,999 | INFO  | DNAudit | user=null | ip=null | op=PUT_BLOCK {blockData=[blockId=conID: 3 locID: 102651690613080746 bcsId: 0,size=1048576]} | ret=SUCCESS |  
2019-08-20 22:34:53,999 [grpc-default-executor-3] INFO  client.GrpcClientProtocolClient (GrpcClientProtocolClient.java:onNext(255)) - client-391BA870FC40->947ec526-030f-41cc-8af7-a6f75e712ab0: receive RaftClientReply:client-391BA870FC40->947ec526-030f-41cc-8af7-a6f75e712ab0@group-5D45C35602B2, cid=3382, SUCCESS, logIndex=5098, commits[947ec526-030f-41cc-8af7-a6f75e712ab0:c5099, c447b9b6-dde2-4ce7-aa81-d0e2eddc8fe9:c5095, 28b540ac-241d-462a-a56c-509e92928066:c5097]
2019-08-20 22:34:53,999 | INFO  | DNAudit | user=null | ip=null | op=WRITE_CHUNK {blockData=conID: 3 locID: 102651690613080746 bcsId: 0} | ret=SUCCESS |  
2019-08-20 22:34:53,999 [grpc-default-executor-3] INFO  client.GrpcClientProtocolClient (GrpcClientProtocolClient.java:onNext(255)) - client-391BA870FC40->947ec526-030f-41cc-8af7-a6f75e712ab0: receive RaftClientReply:client-391BA870FC40->947ec526-030f-41cc-8af7-a6f75e712ab0@group-5D45C35602B2, cid=3383, SUCCESS, logIndex=5099, commits[947ec526-030f-41cc-8af7-a6f75e712ab0:c5099, c447b9b6-dde2-4ce7-aa81-d0e2eddc8fe9:c5097, 28b540ac-241d-462a-a56c-509e92928066:c5097]
2019-08-20 22:34:53,999 | INFO  | DNAudit | user=null | ip=null | op=PUT_BLOCK {blockData=[blockId=conID: 3 locID: 102651690613080746 bcsId: 0,size=2097152]} | ret=SUCCESS |  
2019-08-20 22:34:53,999 [grpc-default-executor-5] INFO  client.GrpcClientProtocolClient (GrpcClientProtocolClient.java:onNext(255)) - client-391BA870FC40->947ec526-030f-41cc-8af7-a6f75e712ab0: receive RaftClientReply:client-391BA870FC40->947ec526-030f-41cc-8af7-a6f75e712ab0@group-5D45C35602B2, cid=3384, SUCCESS, logIndex=5100, commits[947ec526-030f-41cc-8af7-a6f75e712ab0:c5100, c447b9b6-dde2-4ce7-aa81-d0e2eddc8fe9:c5097, 28b540ac-241d-462a-a56c-509e92928066:c5097]
2019-08-20 22:34:54,000 [grpc-default-executor-5] INFO  client.GrpcClientProtocolClient (GrpcClientProtocolClient.java:onNext(255)) - client-391BA870FC40->947ec526-030f-41cc-8af7-a6f75e712ab0: receive RaftClientReply:client-391BA870FC40->947ec526-030f-41cc-8af7-a6f75e712ab0@group-5D45C35602B2, cid=3385, SUCCESS, logIndex=5101, commits[947ec526-030f-41cc-8af7-a6f75e712ab0:c5101, c447b9b6-dde2-4ce7-aa81-d0e2eddc8fe9:c5097, 28b540ac-241d-462a-a56c-509e92928066:c5097]
2019-08-20 22:34:54,012 | INFO  | DNAudit | user=null | ip=null | op=WRITE_CHUNK {blockData=conID: 3 locID: 102651690613080746 bcsId: 0} | ret=SUCCESS |  
2019-08-20 22:34:54,013 | INFO  | DNAudit | user=null | ip=null | op=PUT_BLOCK {blockData=[blockId=conID: 3 locID: 102651690613080746 bcsId: 0,size=1048576]} | ret=SUCCESS |  
2019-08-20 22:34:54,022 | INFO  | DNAudit | user=null | ip=null | op=WRITE_CHUNK {blockData=conID: 3 locID: 102651690613080746 bcsId: 0} | ret=SUCCESS |  
2019-08-20 22:34:54,023 | INFO  | DNAudit | user=null | ip=null | op=WRITE_CHUNK {blockData=conID: 3 locID: 102651690613080746 bcsId: 0} | ret=SUCCESS |  
2019-08-20 22:34:54,023 | INFO  | DNAudit | user=null | ip=null | op=PUT_BLOCK {blockData=[blockId=conID: 3 locID: 102651690613080746 bcsId: 0,size=2097152]} | ret=SUCCESS |  
2019-08-20 22:34:54,023 [grpc-default-executor-5] INFO  client.GrpcClientProtocolClient (GrpcClientProtocolClient.java:onNext(255)) - client-391BA870FC40->947ec526-030f-41cc-8af7-a6f75e712ab0: receive RaftClientReply:client-391BA870FC40->947ec526-030f-41cc-8af7-a6f75e712ab0@group-5D45C35602B2, cid=3386, SUCCESS, logIndex=0, commits[947ec526-030f-41cc-8af7-a6f75e712ab0:c5105, c447b9b6-dde2-4ce7-aa81-d0e2eddc8fe9:c5099, 28b540ac-241d-462a-a56c-509e92928066:c5101]
2019-08-20 22:34:54,023 | INFO  | DNAudit | user=null | ip=null | op=PUT_BLOCK {blockData=[blockId=conID: 3 locID: 102651690613080746 bcsId: 0,size=1048576]} | ret=SUCCESS |  
2019-08-20 22:34:54,023 | INFO  | DNAudit | user=null | ip=null | op=WRITE_CHUNK {blockData=conID: 3 locID: 102651690613080746 bcsId: 0} | ret=SUCCESS |  
2019-08-20 22:34:54,023 | INFO  | DNAudit | user=null | ip=null | op=PUT_BLOCK {blockData=[blockId=conID: 3 locID: 102651690613080746 bcsId: 0,size=2097152]} | ret=SUCCESS |  
2019-08-20 22:34:54,028 | INFO  | DNAudit | user=null | ip=null | op=WRITE_CHUNK {blockData=conID: 3 locID: 102651690613080746 bcsId: 5101} | ret=SUCCESS |  
2019-08-20 22:34:54,043 | INFO  | DNAudit | user=null | ip=null | op=WRITE_CHUNK {blockData=conID: 3 locID: 102651690613080746 bcsId: 5101} | ret=SUCCESS |  
2019-08-20 22:34:54,043 | INFO  | DNAudit | user=null | ip=null | op=WRITE_CHUNK {blockData=conID: 3 locID: 102651690613080746 bcsId: 5101} | ret=SUCCESS |  
2019-08-20 22:34:54,045 | INFO  | DNAudit | user=null | ip=null | op=WRITE_CHUNK {blockData=conID: 3 locID: 102651690613080746 bcsId: 5101} | ret=SUCCESS |  
2019-08-20 22:34:54,045 | INFO  | DNAudit | user=null | ip=null | op=PUT_BLOCK {blockData=[blockId=conID: 3 locID: 102651690613080746 bcsId: 0,size=3145728]} | ret=SUCCESS |  
2019-08-20 22:34:54,045 [grpc-default-executor-1] INFO  client.GrpcClientProtocolClient (GrpcClientProtocolClient.java:onNext(255)) - client-391BA870FC40->947ec526-030f-41cc-8af7-a6f75e712ab0: receive RaftClientReply:client-391BA870FC40->947ec526-030f-41cc-8af7-a6f75e712ab0@group-5D45C35602B2, cid=3387, SUCCESS, logIndex=5106, commits[947ec526-030f-41cc-8af7-a6f75e712ab0:c5106, c447b9b6-dde2-4ce7-aa81-d0e2eddc8fe9:c5105, 28b540ac-241d-462a-a56c-509e92928066:c5101]
2019-08-20 22:34:54,045 [grpc-default-executor-1] INFO  client.GrpcClientProtocolClient (GrpcClientProtocolClient.java:onNext(255)) - client-391BA870FC40->947ec526-030f-41cc-8af7-a6f75e712ab0: receive RaftClientReply:client-391BA870FC40->947ec526-030f-41cc-8af7-a6f75e712ab0@group-5D45C35602B2, cid=3388, SUCCESS, logIndex=5107, commits[947ec526-030f-41cc-8af7-a6f75e712ab0:c5107, c447b9b6-dde2-4ce7-aa81-d0e2eddc8fe9:c5105, 28b540ac-241d-462a-a56c-509e92928066:c5101]
2019-08-20 22:34:54,049 | INFO  | DNAudit | user=null | ip=null | op=WRITE_CHUNK {blockData=conID: 3 locID: 102651690613080746 bcsId: 5101} | ret=SUCCESS |  
2019-08-20 22:34:54,049 | INFO  | DNAudit | user=null | ip=null | op=WRITE_CHUNK {blockData=conID: 3 locID: 102651690613080746 bcsId: 5101} | ret=SUCCESS |  
 0.00% |█                                                                                                    |  0/1 Time: 0:00:432019-08-20 22:34:54,542 | INFO  | SCMAudit | user=jenkins1000 | ip=192.168.5.142 | op=SEND_HEARTBEAT {datanodeUUID=eafd9314-3f13-422a-a2ac-adfcde2d7481, command=[]} | ret=SUCCESS |  
2019-08-20 22:34:54,542 | INFO  | SCMAudit | user=jenkins1000 | ip=192.168.5.142 | op=SEND_HEARTBEAT {datanodeUUID=c447b9b6-dde2-4ce7-aa81-d0e2eddc8fe9, command=[]} | ret=SUCCESS |  
2019-08-20 22:34:54,542 | INFO  | SCMAudit | user=jenkins1000 | ip=192.168.5.142 | op=SEND_HEARTBEAT {datanodeUUID=d55cd342-4e6c-4701-86f3-cb557f3478dc, command=[]} | ret=SUCCESS |  
2019-08-20 22:34:54,542 | INFO  | DNAudit | user=null | ip=null | op=PUT_BLOCK {blockData=[blockId=conID: 3 locID: 102651690613080746 bcsId: 0,size=3145728]} | ret=SUCCESS |  
2019-08-20 22:34:54,542 | INFO  | SCMAudit | user=jenkins1000 | ip=192.168.5.142 | op=SEND_HEARTBEAT {datanodeUUID=947ec526-030f-41cc-8af7-a6f75e712ab0, command=[]} | ret=SUCCESS |  
2019-08-20 22:34:54,542 | INFO  | SCMAudit | user=jenkins1000 | ip=192.168.5.142 | op=SEND_HEARTBEAT {datanodeUUID=28b540ac-241d-462a-a56c-509e92928066, command=[]} | ret=SUCCESS |  
2019-08-20 22:34:54,542 | INFO  | DNAudit | user=null | ip=null | op=WRITE_CHUNK {blockData=conID: 3 locID: 102651690613080746 bcsId: 5107} | ret=SUCCESS |  
2019-08-20 22:34:54,542 | INFO  | DNAudit | user=null | ip=null | op=PUT_BLOCK {blockData=[blockId=conID: 3 locID: 102651690613080746 bcsId: 0,size=3145728]} | ret=SUCCESS |  
2019-08-20 22:34:54,545 | INFO  | DNAudit | user=null | ip=null | op=WRITE_CHUNK {blockData=conID: 3 locID: 102651690613080746 bcsId: 5107} | ret=SUCCESS |  
2019-08-20 22:34:54,545 | INFO  | DNAudit | user=null | ip=null | op=WRITE_CHUNK {blockData=conID: 3 locID: 102651690613080746 bcsId: 5107} | ret=SUCCESS |  
2019-08-20 22:34:54,551 | INFO  | DNAudit | user=null | ip=null | op=WRITE_CHUNK {blockData=conID: 3 locID: 102651690613080746 bcsId: 5107} | ret=SUCCESS |  
2019-08-20 22:34:54,551 | INFO  | DNAudit | user=null | ip=null | op=PUT_BLOCK {blockData=[blockId=conID: 3 locID: 102651690613080746 bcsId: 0,size=4194304]} | ret=SUCCESS |  
2019-08-20 22:34:54,552 [grpc-default-executor-5] INFO  client.GrpcClientProtocolClient (GrpcClientProtocolClient.java:onNext(255)) - client-391BA870FC40->947ec526-030f-41cc-8af7-a6f75e712ab0: receive RaftClientReply:client-391BA870FC40->947ec526-030f-41cc-8af7-a6f75e712ab0@group-5D45C35602B2, cid=3389, SUCCESS, logIndex=5110, commits[947ec526-030f-41cc-8af7-a6f75e712ab0:c5111, c447b9b6-dde2-4ce7-aa81-d0e2eddc8fe9:c5108, 28b540ac-241d-462a-a56c-509e92928066:c5108]
2019-08-20 22:34:54,552 [grpc-default-executor-5] INFO  client.GrpcClientProtocolClient (GrpcClientProtocolClient.java:onNext(255)) - client-391BA870FC40->947ec526-030f-41cc-8af7-a6f75e712ab0: receive RaftClientReply:client-391BA870FC40->947ec526-030f-41cc-8af7-a6f75e712ab0@group-5D45C35602B2, cid=3390, SUCCESS, logIndex=5111, commits[947ec526-030f-41cc-8af7-a6f75e712ab0:c5111, c447b9b6-dde2-4ce7-aa81-d0e2eddc8fe9:c5108, 28b540ac-241d-462a-a56c-509e92928066:c5108]
2019-08-20 22:34:54,552 | INFO  | DNAudit | user=null | ip=null | op=WRITE_CHUNK {blockData=conID: 3 locID: 102651690613080746 bcsId: 5107} | ret=SUCCESS |  
2019-08-20 22:34:54,552 | INFO  | DNAudit | user=null | ip=null | op=WRITE_CHUNK {blockData=conID: 3 locID: 102651690613080746 bcsId: 5107} | ret=SUCCESS |  
2019-08-20 22:34:54,555 | INFO  | DNAudit | user=null | ip=null | op=PUT_BLOCK {blockData=[blockId=conID: 3 locID: 102651690613080746 bcsId: 0,size=4194304]} | ret=SUCCESS |  
2019-08-20 22:34:54,555 | INFO  | DNAudit | user=null | ip=null | op=PUT_BLOCK {blockData=[blockId=conID: 3 locID: 102651690613080746 bcsId: 0,size=4194304]} | ret=SUCCESS |  
2019-08-20 22:34:54,556 [grpc-default-executor-5] INFO  client.GrpcClientProtocolClient (GrpcClientProtocolClient.java:onNext(255)) - client-391BA870FC40->947ec526-030f-41cc-8af7-a6f75e712ab0: receive RaftClientReply:client-391BA870FC40->947ec526-030f-41cc-8af7-a6f75e712ab0@group-5D45C35602B2, cid=3391, SUCCESS, logIndex=0, commits[947ec526-030f-41cc-8af7-a6f75e712ab0:c5113, c447b9b6-dde2-4ce7-aa81-d0e2eddc8fe9:c5111, 28b540ac-241d-462a-a56c-509e92928066:c5111]
2019-08-20 22:34:54,560 | INFO  | SCMAudit | user=jenkins1000 | ip=192.168.5.142 | op=ALLOCATE_BLOCK {owner=6f694d07-2a2f-44d9-8e1c-aaa094a2f647, size=4194304, type=RATIS, factor=THREE} | ret=SUCCESS |  
2019-08-20 22:34:54,563 | INFO  | OMAudit | user=jenkins1000 | ip=127.0.0.1 | op=ALLOCATE_BLOCK {volume=vol-0-80747, bucket=bucket-0-27686, key=key-0-47435, dataSize=0, replicationType=null, replicationFactor=null, keyLocationInfo=null, clientID=102651687805452690} | ret=SUCCESS |  
2019-08-20 22:34:54,569 | INFO  | DNAudit | user=null | ip=null | op=WRITE_CHUNK {blockData=conID: 1 locID: 102651690651484843 bcsId: 0} | ret=SUCCESS |  
2019-08-20 22:34:54,571 | INFO  | DNAudit | user=null | ip=null | op=WRITE_CHUNK {blockData=conID: 1 locID: 102651690651484843 bcsId: 0} | ret=SUCCESS |  
2019-08-20 22:34:54,571 | INFO  | DNAudit | user=null | ip=null | op=WRITE_CHUNK {blockData=conID: 1 locID: 102651690651484843 bcsId: 0} | ret=SUCCESS |  
2019-08-20 22:34:54,572 | INFO  | DNAudit | user=null | ip=null | op=WRITE_CHUNK {blockData=conID: 1 locID: 102651690651484843 bcsId: 0} | ret=SUCCESS |  
2019-08-20 22:34:54,572 | INFO  | DNAudit | user=null | ip=null | op=WRITE_CHUNK {blockData=conID: 1 locID: 102651690651484843 bcsId: 0} | ret=SUCCESS |  
2019-08-20 22:34:54,573 | INFO  | DNAudit | user=null | ip=null | op=WRITE_CHUNK {blockData=conID: 1 locID: 102651690651484843 bcsId: 0} | ret=SUCCESS |  
2019-08-20 22:34:54,575 | INFO  | DNAudit | user=null | ip=null | op=WRITE_CHUNK {blockData=conID: 1 locID: 102651690651484843 bcsId: 0} | ret=SUCCESS |  
2019-08-20 22:34:54,575 | INFO  | DNAudit | user=null | ip=null | op=PUT_BLOCK {blockData=[blockId=conID: 1 locID: 102651690651484843 bcsId: 0,size=1048576]} | ret=SUCCESS |  
2019-08-20 22:34:54,576 | INFO  | DNAudit | user=null | ip=null | op=WRITE_CHUNK {blockData=conID: 1 locID: 102651690651484843 bcsId: 0} | ret=SUCCESS |  
2019-08-20 22:34:54,576 [grpc-default-executor-3] INFO  client.GrpcClientProtocolClient (GrpcClientProtocolClient.java:onNext(255)) - client-391BA870FC40->947ec526-030f-41cc-8af7-a6f75e712ab0: receive RaftClientReply:client-391BA870FC40->947ec526-030f-41cc-8af7-a6f75e712ab0@group-5D45C35602B2, cid=3392, SUCCESS, logIndex=5114, commits[947ec526-030f-41cc-8af7-a6f75e712ab0:c5115, c447b9b6-dde2-4ce7-aa81-d0e2eddc8fe9:c5113, 28b540ac-241d-462a-a56c-509e92928066:c5113]
2019-08-20 22:34:54,576 | INFO  | DNAudit | user=null | ip=null | op=PUT_BLOCK {blockData=[blockId=conID: 1 locID: 102651690651484843 bcsId: 0,size=2097152]} | ret=SUCCESS |  
2019-08-20 22:34:54,576 [grpc-default-executor-3] INFO  client.GrpcClientProtocolClient (GrpcClientProtocolClient.java:onNext(255)) - client-391BA870FC40->947ec526-030f-41cc-8af7-a6f75e712ab0: receive RaftClientReply:client-391BA870FC40->947ec526-030f-41cc-8af7-a6f75e712ab0@group-5D45C35602B2, cid=3393, SUCCESS, logIndex=5115, commits[947ec526-030f-41cc-8af7-a6f75e712ab0:c5116, c447b9b6-dde2-4ce7-aa81-d0e2eddc8fe9:c5113, 28b540ac-241d-462a-a56c-509e92928066:c5113]
2019-08-20 22:34:54,576 [grpc-default-executor-3] INFO  client.GrpcClientProtocolClient (GrpcClientProtocolClient.java:onNext(255)) - client-391BA870FC40->947ec526-030f-41cc-8af7-a6f75e712ab0: receive RaftClientReply:client-391BA870FC40->947ec526-030f-41cc-8af7-a6f75e712ab0@group-5D45C35602B2, cid=3394, SUCCESS, logIndex=5116, commits[947ec526-030f-41cc-8af7-a6f75e712ab0:c5117, c447b9b6-dde2-4ce7-aa81-d0e2eddc8fe9:c5113, 28b540ac-241d-462a-a56c-509e92928066:c5113]
2019-08-20 22:34:54,576 [grpc-default-executor-3] INFO  client.GrpcClientProtocolClient (GrpcClientProtocolClient.java:onNext(255)) - client-391BA870FC40->947ec526-030f-41cc-8af7-a6f75e712ab0: receive RaftClientReply:client-391BA870FC40->947ec526-030f-41cc-8af7-a6f75e712ab0@group-5D45C35602B2, cid=3395, SUCCESS, logIndex=5117, commits[947ec526-030f-41cc-8af7-a6f75e712ab0:c5117, c447b9b6-dde2-4ce7-aa81-d0e2eddc8fe9:c5113, 28b540ac-241d-462a-a56c-509e92928066:c5113]
2019-08-20 22:34:54,593 | INFO  | DNAudit | user=null | ip=null | op=WRITE_CHUNK {blockData=conID: 1 locID: 102651690651484843 bcsId: 0} | ret=SUCCESS |  
2019-08-20 22:34:54,593 | INFO  | DNAudit | user=null | ip=null | op=WRITE_CHUNK {blockData=conID: 1 locID: 102651690651484843 bcsId: 0} | ret=SUCCESS |  
2019-08-20 22:34:54,594 | INFO  | DNAudit | user=null | ip=null | op=PUT_BLOCK {blockData=[blockId=conID: 1 locID: 102651690651484843 bcsId: 0,size=1048576]} | ret=SUCCESS |  
2019-08-20 22:34:54,594 | INFO  | DNAudit | user=null | ip=null | op=WRITE_CHUNK {blockData=conID: 1 locID: 102651690651484843 bcsId: 0} | ret=SUCCESS |  
2019-08-20 22:34:54,594 | INFO  | DNAudit | user=null | ip=null | op=PUT_BLOCK {blockData=[blockId=conID: 1 locID: 102651690651484843 bcsId: 0,size=2097152]} | ret=SUCCESS |  
2019-08-20 22:34:54,594 | INFO  | DNAudit | user=null | ip=null | op=PUT_BLOCK {blockData=[blockId=conID: 1 locID: 102651690651484843 bcsId: 0,size=1048576]} | ret=SUCCESS |  
2019-08-20 22:34:54,594 | INFO  | DNAudit | user=null | ip=null | op=WRITE_CHUNK {blockData=conID: 1 locID: 102651690651484843 bcsId: 0} | ret=SUCCESS |  
2019-08-20 22:34:54,594 | INFO  | DNAudit | user=null | ip=null | op=PUT_BLOCK {blockData=[blockId=conID: 1 locID: 102651690651484843 bcsId: 0,size=2097152]} | ret=SUCCESS |  
2019-08-20 22:34:54,595 [grpc-default-executor-3] INFO  client.GrpcClientProtocolClient (GrpcClientProtocolClient.java:onNext(255)) - client-391BA870FC40->947ec526-030f-41cc-8af7-a6f75e712ab0: receive RaftClientReply:client-391BA870FC40->947ec526-030f-41cc-8af7-a6f75e712ab0@group-5D45C35602B2, cid=3396, SUCCESS, logIndex=0, commits[947ec526-030f-41cc-8af7-a6f75e712ab0:c5121, c447b9b6-dde2-4ce7-aa81-d0e2eddc8fe9:c5117, 28b540ac-241d-462a-a56c-509e92928066:c5115]
2019-08-20 22:34:54,600 | INFO  | DNAudit | user=null | ip=null | op=WRITE_CHUNK {blockData=conID: 1 locID: 102651690651484843 bcsId: 5117} | ret=SUCCESS |  
2019-08-20 22:34:54,601 | INFO  | DNAudit | user=null | ip=null | op=WRITE_CHUNK {blockData=conID: 1 locID: 102651690651484843 bcsId: 5117} | ret=SUCCESS |  
2019-08-20 22:34:54,601 | INFO  | DNAudit | user=null | ip=null | op=WRITE_CHUNK {blockData=conID: 1 locID: 102651690651484843 bcsId: 5117} | ret=SUCCESS |  
2019-08-20 22:34:54,613 | INFO  | DNAudit | user=null | ip=null | op=WRITE_CHUNK {blockData=conID: 1 locID: 102651690651484843 bcsId: 5117} | ret=SUCCESS |  
2019-08-20 22:34:54,614 | INFO  | DNAudit | user=null | ip=null | op=PUT_BLOCK {blockData=[blockId=conID: 1 locID: 102651690651484843 bcsId: 0,size=3145728]} | ret=SUCCESS |  
2019-08-20 22:34:54,614 [grpc-default-executor-5] INFO  client.GrpcClientProtocolClient (GrpcClientProtocolClient.java:onNext(255)) - client-391BA870FC40->947ec526-030f-41cc-8af7-a6f75e712ab0: receive RaftClientReply:client-391BA870FC40->947ec526-030f-41cc-8af7-a6f75e712ab0@group-5D45C35602B2, cid=3397, SUCCESS, logIndex=5122, commits[947ec526-030f-41cc-8af7-a6f75e712ab0:c5123, c447b9b6-dde2-4ce7-aa81-d0e2eddc8fe9:c5121, 28b540ac-241d-462a-a56c-509e92928066:c5121]
2019-08-20 22:34:54,614 [grpc-default-executor-5] INFO  client.GrpcClientProtocolClient (GrpcClientProtocolClient.java:onNext(255)) - client-391BA870FC40->947ec526-030f-41cc-8af7-a6f75e712ab0: receive RaftClientReply:client-391BA870FC40->947ec526-030f-41cc-8af7-a6f75e712ab0@group-5D45C35602B2, cid=3398, SUCCESS, logIndex=5123, commits[947ec526-030f-41cc-8af7-a6f75e712ab0:c5123, c447b9b6-dde2-4ce7-aa81-d0e2eddc8fe9:c5121, 28b540ac-241d-462a-a56c-509e92928066:c5121]
2019-08-20 22:34:54,614 | INFO  | DNAudit | user=null | ip=null | op=WRITE_CHUNK {blockData=conID: 1 locID: 102651690651484843 bcsId: 5117} | ret=SUCCESS |  
2019-08-20 22:34:54,614 | INFO  | DNAudit | user=null | ip=null | op=WRITE_CHUNK {blockData=conID: 1 locID: 102651690651484843 bcsId: 5117} | ret=SUCCESS |  
2019-08-20 22:34:54,617 | INFO  | DNAudit | user=null | ip=null | op=PUT_BLOCK {blockData=[blockId=conID: 1 locID: 102651690651484843 bcsId: 0,size=3145728]} | ret=SUCCESS |  
2019-08-20 22:34:54,617 | INFO  | DNAudit | user=null | ip=null | op=PUT_BLOCK {blockData=[blockId=conID: 1 locID: 102651690651484843 bcsId: 0,size=3145728]} | ret=SUCCESS |  
2019-08-20 22:34:54,619 | INFO  | DNAudit | user=null | ip=null | op=WRITE_CHUNK {blockData=conID: 1 locID: 102651690651484843 bcsId: 5123} | ret=SUCCESS |  
2019-08-20 22:34:54,621 | INFO  | DNAudit | user=null | ip=null | op=WRITE_CHUNK {blockData=conID: 1 locID: 102651690651484843 bcsId: 5123} | ret=SUCCESS |  
2019-08-20 22:34:54,621 | INFO  | DNAudit | user=null | ip=null | op=WRITE_CHUNK {blockData=conID: 1 locID: 102651690651484843 bcsId: 5123} | ret=SUCCESS |  
2019-08-20 22:34:54,630 | INFO  | DNAudit | user=null | ip=null | op=WRITE_CHUNK {blockData=conID: 1 locID: 102651690651484843 bcsId: 5123} | ret=SUCCESS |  
2019-08-20 22:34:54,631 | INFO  | DNAudit | user=null | ip=null | op=PUT_BLOCK {blockData=[blockId=conID: 1 locID: 102651690651484843 bcsId: 0,size=4194304]} | ret=SUCCESS |  
2019-08-20 22:34:54,631 [grpc-default-executor-3] INFO  client.GrpcClientProtocolClient (GrpcClientProtocolClient.java:onNext(255)) - client-391BA870FC40->947ec526-030f-41cc-8af7-a6f75e712ab0: receive RaftClientReply:client-391BA870FC40->947ec526-030f-41cc-8af7-a6f75e712ab0@group-5D45C35602B2, cid=3399, SUCCESS, logIndex=5126, commits[947ec526-030f-41cc-8af7-a6f75e712ab0:c5127, c447b9b6-dde2-4ce7-aa81-d0e2eddc8fe9:c5125, 28b540ac-241d-462a-a56c-509e92928066:c5125]
2019-08-20 22:34:54,631 [grpc-default-executor-3] INFO  client.GrpcClientProtocolClient (GrpcClientProtocolClient.java:onNext(255)) - client-391BA870FC40->947ec526-030f-41cc-8af7-a6f75e712ab0: receive RaftClientReply:client-391BA870FC40->947ec526-030f-41cc-8af7-a6f75e712ab0@group-5D45C35602B2, cid=3400, SUCCESS, logIndex=5127, commits[947ec526-030f-41cc-8af7-a6f75e712ab0:c5127, c447b9b6-dde2-4ce7-aa81-d0e2eddc8fe9:c5125, 28b540ac-241d-462a-a56c-509e92928066:c5125]
2019-08-20 22:34:54,641 | INFO  | DNAudit | user=null | ip=null | op=WRITE_CHUNK {blockData=conID: 1 locID: 102651690651484843 bcsId: 5123} | ret=SUCCESS |  
2019-08-20 22:34:54,642 | INFO  | DNAudit | user=null | ip=null | op=WRITE_CHUNK {blockData=conID: 1 locID: 102651690651484843 bcsId: 5123} | ret=SUCCESS |  
2019-08-20 22:34:54,644 | INFO  | DNAudit | user=null | ip=null | op=PUT_BLOCK {blockData=[blockId=conID: 1 locID: 102651690651484843 bcsId: 0,size=4194304]} | ret=SUCCESS |  
2019-08-20 22:34:54,644 | INFO  | DNAudit | user=null | ip=null | op=PUT_BLOCK {blockData=[blockId=conID: 1 locID: 102651690651484843 bcsId: 0,size=4194304]} | ret=SUCCESS |  
2019-08-20 22:34:54,645 [grpc-default-executor-1] INFO  client.GrpcClientProtocolClient (GrpcClientProtocolClient.java:onNext(255)) - client-391BA870FC40->947ec526-030f-41cc-8af7-a6f75e712ab0: receive RaftClientReply:client-391BA870FC40->947ec526-030f-41cc-8af7-a6f75e712ab0@group-5D45C35602B2, cid=3401, SUCCESS, logIndex=0, commits[947ec526-030f-41cc-8af7-a6f75e712ab0:c5129, c447b9b6-dde2-4ce7-aa81-d0e2eddc8fe9:c5127, 28b540ac-241d-462a-a56c-509e92928066:c5127]
2019-08-20 22:34:54,650 | INFO  | SCMAudit | user=jenkins1000 | ip=192.168.5.142 | op=ALLOCATE_BLOCK {owner=6f694d07-2a2f-44d9-8e1c-aaa094a2f647, size=4194304, type=RATIS, factor=THREE} | ret=SUCCESS |  
2019-08-20 22:34:54,655 | INFO  | OMAudit | user=jenkins1000 | ip=127.0.0.1 | op=ALLOCATE_BLOCK {volume=vol-0-80747, bucket=bucket-0-27686, key=key-0-47435, dataSize=0, replicationType=null, replicationFactor=null, keyLocationInfo=null, clientID=102651687805452690} | ret=SUCCESS |  
2019-08-20 22:34:54,660 | INFO  | DNAudit | user=null | ip=null | op=WRITE_CHUNK {blockData=conID: 2 locID: 102651690657383084 bcsId: 0} | ret=SUCCESS |  
2019-08-20 22:34:54,662 | INFO  | DNAudit | user=null | ip=null | op=WRITE_CHUNK {blockData=conID: 2 locID: 102651690657383084 bcsId: 0} | ret=SUCCESS |  
2019-08-20 22:34:54,662 | INFO  | DNAudit | user=null | ip=null | op=WRITE_CHUNK {blockData=conID: 2 locID: 102651690657383084 bcsId: 0} | ret=SUCCESS |  
2019-08-20 22:34:54,663 | INFO  | DNAudit | user=null | ip=null | op=WRITE_CHUNK {blockData=conID: 2 locID: 102651690657383084 bcsId: 0} | ret=SUCCESS |  
2019-08-20 22:34:54,664 | INFO  | DNAudit | user=null | ip=null | op=WRITE_CHUNK {blockData=conID: 2 locID: 102651690657383084 bcsId: 0} | ret=SUCCESS |  
2019-08-20 22:34:54,664 | INFO  | DNAudit | user=null | ip=null | op=WRITE_CHUNK {blockData=conID: 2 locID: 102651690657383084 bcsId: 0} | ret=SUCCESS |  
2019-08-20 22:34:54,672 | INFO  | DNAudit | user=null | ip=null | op=WRITE_CHUNK {blockData=conID: 2 locID: 102651690657383084 bcsId: 0} | ret=SUCCESS |  
2019-08-20 22:34:54,672 | INFO  | DNAudit | user=null | ip=null | op=PUT_BLOCK {blockData=[blockId=conID: 2 locID: 102651690657383084 bcsId: 0,size=1048576]} | ret=SUCCESS |  
2019-08-20 22:34:54,672 [grpc-default-executor-2] INFO  client.GrpcClientProtocolClient (GrpcClientProtocolClient.java:onNext(255)) - client-391BA870FC40->947ec526-030f-41cc-8af7-a6f75e712ab0: receive RaftClientReply:client-391BA870FC40->947ec526-030f-41cc-8af7-a6f75e712ab0@group-5D45C35602B2, cid=3402, SUCCESS, logIndex=5130, commits[947ec526-030f-41cc-8af7-a6f75e712ab0:c5131, c447b9b6-dde2-4ce7-aa81-d0e2eddc8fe9:c5129, 28b540ac-241d-462a-a56c-509e92928066:c5129]
2019-08-20 22:34:54,672 | INFO  | DNAudit | user=null | ip=null | op=WRITE_CHUNK {blockData=conID: 2 locID: 102651690657383084 bcsId: 0} | ret=SUCCESS |  
2019-08-20 22:34:54,672 [grpc-default-executor-2] INFO  client.GrpcClientProtocolClient (GrpcClientProtocolClient.java:onNext(255)) - client-391BA870FC40->947ec526-030f-41cc-8af7-a6f75e712ab0: receive RaftClientReply:client-391BA870FC40->947ec526-030f-41cc-8af7-a6f75e712ab0@group-5D45C35602B2, cid=3403, SUCCESS, logIndex=5131, commits[947ec526-030f-41cc-8af7-a6f75e712ab0:c5131, c447b9b6-dde2-4ce7-aa81-d0e2eddc8fe9:c5129, 28b540ac-241d-462a-a56c-509e92928066:c5129]
2019-08-20 22:34:54,673 | INFO  | DNAudit | user=null | ip=null | op=PUT_BLOCK {blockData=[blockId=conID: 2 locID: 102651690657383084 bcsId: 0,size=2097152]} | ret=SUCCESS |  
2019-08-20 22:34:54,673 [grpc-default-executor-2] INFO  client.GrpcClientProtocolClient (GrpcClientProtocolClient.java:onNext(255)) - client-391BA870FC40->947ec526-030f-41cc-8af7-a6f75e712ab0: receive RaftClientReply:client-391BA870FC40->947ec526-030f-41cc-8af7-a6f75e712ab0@group-5D45C35602B2, cid=3404, SUCCESS, logIndex=5132, commits[947ec526-030f-41cc-8af7-a6f75e712ab0:c5133, c447b9b6-dde2-4ce7-aa81-d0e2eddc8fe9:c5129, 28b540ac-241d-462a-a56c-509e92928066:c5129]
2019-08-20 22:34:54,673 [grpc-default-executor-2] INFO  client.GrpcClientProtocolClient (GrpcClientProtocolClient.java:onNext(255)) - client-391BA870FC40->947ec526-030f-41cc-8af7-a6f75e712ab0: receive RaftClientReply:client-391BA870FC40->947ec526-030f-41cc-8af7-a6f75e712ab0@group-5D45C35602B2, cid=3405, SUCCESS, logIndex=5133, commits[947ec526-030f-41cc-8af7-a6f75e712ab0:c5133, c447b9b6-dde2-4ce7-aa81-d0e2eddc8fe9:c5129, 28b540ac-241d-462a-a56c-509e92928066:c5129]
2019-08-20 22:34:54,686 | INFO  | DNAudit | user=null | ip=null | op=WRITE_CHUNK {blockData=conID: 2 locID: 102651690657383084 bcsId: 0} | ret=SUCCESS |  
2019-08-20 22:34:54,686 | INFO  | DNAudit | user=null | ip=null | op=WRITE_CHUNK {blockData=conID: 2 locID: 102651690657383084 bcsId: 0} | ret=SUCCESS |  
2019-08-20 22:34:54,686 | INFO  | DNAudit | user=null | ip=null | op=PUT_BLOCK {blockData=[blockId=conID: 2 locID: 102651690657383084 bcsId: 0,size=1048576]} | ret=SUCCESS |  
2019-08-20 22:34:54,699 | INFO  | DNAudit | user=null | ip=null | op=PUT_BLOCK {blockData=[blockId=conID: 2 locID: 102651690657383084 bcsId: 0,size=1048576]} | ret=SUCCESS |  
2019-08-20 22:34:54,699 [grpc-default-executor-2] INFO  client.GrpcClientProtocolClient (GrpcClientProtocolClient.java:onNext(255)) - client-391BA870FC40->947ec526-030f-41cc-8af7-a6f75e712ab0: receive RaftClientReply:client-391BA870FC40->947ec526-030f-41cc-8af7-a6f75e712ab0@group-5D45C35602B2, cid=3406, SUCCESS, logIndex=0, commits[947ec526-030f-41cc-8af7-a6f75e712ab0:c5134, c447b9b6-dde2-4ce7-aa81-d0e2eddc8fe9:c5131, 28b540ac-241d-462a-a56c-509e92928066:c5131]
2019-08-20 22:34:54,704 | INFO  | DNAudit | user=null | ip=null | op=WRITE_CHUNK {blockData=conID: 2 locID: 102651690657383084 bcsId: 5133} | ret=SUCCESS |  
2019-08-20 22:34:54,706 | INFO  | DNAudit | user=null | ip=null | op=WRITE_CHUNK {blockData=conID: 2 locID: 102651690657383084 bcsId: 5133} | ret=SUCCESS |  
2019-08-20 22:34:54,706 | INFO  | DNAudit | user=null | ip=null | op=WRITE_CHUNK {blockData=conID: 2 locID: 102651690657383084 bcsId: 5133} | ret=SUCCESS |  
2019-08-20 22:34:54,710 | INFO  | DNAudit | user=null | ip=null | op=WRITE_CHUNK {blockData=conID: 2 locID: 102651690657383084 bcsId: 0} | ret=SUCCESS |  
2019-08-20 22:34:54,710 | INFO  | DNAudit | user=null | ip=null | op=WRITE_CHUNK {blockData=conID: 2 locID: 102651690657383084 bcsId: 0} | ret=SUCCESS |  
2019-08-20 22:34:54,710 | INFO  | DNAudit | user=null | ip=null | op=WRITE_CHUNK {blockData=conID: 2 locID: 102651690657383084 bcsId: 5133} | ret=SUCCESS |  
2019-08-20 22:34:54,711 | INFO  | DNAudit | user=null | ip=null | op=PUT_BLOCK {blockData=[blockId=conID: 2 locID: 102651690657383084 bcsId: 0,size=2097152]} | ret=SUCCESS |  
2019-08-20 22:34:54,711 | INFO  | DNAudit | user=null | ip=null | op=PUT_BLOCK {blockData=[blockId=conID: 2 locID: 102651690657383084 bcsId: 0,size=2097152]} | ret=SUCCESS |  
2019-08-20 22:34:54,711 | INFO  | DNAudit | user=null | ip=null | op=PUT_BLOCK {blockData=[blockId=conID: 2 locID: 102651690657383084 bcsId: 0,size=3145728]} | ret=SUCCESS |  
2019-08-20 22:34:54,711 [grpc-default-executor-2] INFO  client.GrpcClientProtocolClient (GrpcClientProtocolClient.java:onNext(255)) - client-391BA870FC40->947ec526-030f-41cc-8af7-a6f75e712ab0: receive RaftClientReply:client-391BA870FC40->947ec526-030f-41cc-8af7-a6f75e712ab0@group-5D45C35602B2, cid=3407, SUCCESS, logIndex=5138, commits[947ec526-030f-41cc-8af7-a6f75e712ab0:c5139, c447b9b6-dde2-4ce7-aa81-d0e2eddc8fe9:c5137, 28b540ac-241d-462a-a56c-509e92928066:c5137]
2019-08-20 22:34:54,711 [grpc-default-executor-2] INFO  client.GrpcClientProtocolClient (GrpcClientProtocolClient.java:onNext(255)) - client-391BA870FC40->947ec526-030f-41cc-8af7-a6f75e712ab0: receive RaftClientReply:client-391BA870FC40->947ec526-030f-41cc-8af7-a6f75e712ab0@group-5D45C35602B2, cid=3408, SUCCESS, logIndex=5139, commits[947ec526-030f-41cc-8af7-a6f75e712ab0:c5139, c447b9b6-dde2-4ce7-aa81-d0e2eddc8fe9:c5137, 28b540ac-241d-462a-a56c-509e92928066:c5137]
2019-08-20 22:34:54,717 | INFO  | DNAudit | user=null | ip=null | op=WRITE_CHUNK {blockData=conID: 2 locID: 102651690657383084 bcsId: 5139} | ret=SUCCESS |  
2019-08-20 22:34:54,719 | INFO  | DNAudit | user=null | ip=null | op=WRITE_CHUNK {blockData=conID: 2 locID: 102651690657383084 bcsId: 5139} | ret=SUCCESS |  
2019-08-20 22:34:54,719 | INFO  | DNAudit | user=null | ip=null | op=WRITE_CHUNK {blockData=conID: 2 locID: 102651690657383084 bcsId: 5139} | ret=SUCCESS |  
2019-08-20 22:34:54,721 | INFO  | DNAudit | user=null | ip=null | op=WRITE_CHUNK {blockData=conID: 2 locID: 102651690657383084 bcsId: 5133} | ret=SUCCESS |  
2019-08-20 22:34:54,721 | INFO  | DNAudit | user=null | ip=null | op=WRITE_CHUNK {blockData=conID: 2 locID: 102651690657383084 bcsId: 5133} | ret=SUCCESS |  
2019-08-20 22:34:54,733 | INFO  | DNAudit | user=null | ip=null | op=PUT_BLOCK {blockData=[blockId=conID: 2 locID: 102651690657383084 bcsId: 0,size=3145728]} | ret=SUCCESS |  
2019-08-20 22:34:54,734 | INFO  | DNAudit | user=null | ip=null | op=PUT_BLOCK {blockData=[blockId=conID: 2 locID: 102651690657383084 bcsId: 0,size=3145728]} | ret=SUCCESS |  
2019-08-20 22:34:54,734 | INFO  | DNAudit | user=null | ip=null | op=WRITE_CHUNK {blockData=conID: 2 locID: 102651690657383084 bcsId: 5139} | ret=SUCCESS |  
2019-08-20 22:34:54,734 | INFO  | DNAudit | user=null | ip=null | op=PUT_BLOCK {blockData=[blockId=conID: 2 locID: 102651690657383084 bcsId: 0,size=4194304]} | ret=SUCCESS |  
2019-08-20 22:34:54,735 [grpc-default-executor-1] INFO  client.GrpcClientProtocolClient (GrpcClientProtocolClient.java:onNext(255)) - client-391BA870FC40->947ec526-030f-41cc-8af7-a6f75e712ab0: receive RaftClientReply:client-391BA870FC40->947ec526-030f-41cc-8af7-a6f75e712ab0@group-5D45C35602B2, cid=3409, SUCCESS, logIndex=5142, commits[947ec526-030f-41cc-8af7-a6f75e712ab0:c5143, c447b9b6-dde2-4ce7-aa81-d0e2eddc8fe9:c5139, 28b540ac-241d-462a-a56c-509e92928066:c5139]
2019-08-20 22:34:54,735 [grpc-default-executor-1] INFO  client.GrpcClientProtocolClient (GrpcClientProtocolClient.java:onNext(255)) - client-391BA870FC40->947ec526-030f-41cc-8af7-a6f75e712ab0: receive RaftClientReply:client-391BA870FC40->947ec526-030f-41cc-8af7-a6f75e712ab0@group-5D45C35602B2, cid=3410, SUCCESS, logIndex=5143, commits[947ec526-030f-41cc-8af7-a6f75e712ab0:c5143, c447b9b6-dde2-4ce7-aa81-d0e2eddc8fe9:c5139, 28b540ac-241d-462a-a56c-509e92928066:c5139]
 0.00% |█                                                                                                    |  0/1 Time: 0:00:442019-08-20 22:34:55,541 | INFO  | SCMAudit | user=jenkins1000 | ip=192.168.5.142 | op=SEND_HEARTBEAT {datanodeUUID=d55cd342-4e6c-4701-86f3-cb557f3478dc, command=[]} | ret=SUCCESS |  
2019-08-20 22:34:55,541 | INFO  | SCMAudit | user=jenkins1000 | ip=192.168.5.142 | op=SEND_HEARTBEAT {datanodeUUID=28b540ac-241d-462a-a56c-509e92928066, command=[]} | ret=SUCCESS |  
2019-08-20 22:34:55,541 | INFO  | SCMAudit | user=jenkins1000 | ip=192.168.5.142 | op=SEND_HEARTBEAT {datanodeUUID=947ec526-030f-41cc-8af7-a6f75e712ab0, command=[]} | ret=SUCCESS |  
2019-08-20 22:34:55,541 | INFO  | SCMAudit | user=jenkins1000 | ip=192.168.5.142 | op=SEND_HEARTBEAT {datanodeUUID=eafd9314-3f13-422a-a2ac-adfcde2d7481, command=[]} | ret=SUCCESS |  
2019-08-20 22:34:55,541 | INFO  | SCMAudit | user=jenkins1000 | ip=192.168.5.142 | op=SEND_HEARTBEAT {datanodeUUID=c447b9b6-dde2-4ce7-aa81-d0e2eddc8fe9, command=[]} | ret=SUCCESS |  
 0.00% |█                                                                                                    |  0/1 Time: 0:00:452019-08-20 22:34:56,541 | INFO  | SCMAudit | user=jenkins1000 | ip=192.168.5.142 | op=SEND_HEARTBEAT {datanodeUUID=947ec526-030f-41cc-8af7-a6f75e712ab0, command=[]} | ret=SUCCESS |  
2019-08-20 22:34:56,542 | INFO  | SCMAudit | user=jenkins1000 | ip=192.168.5.142 | op=SEND_HEARTBEAT {datanodeUUID=eafd9314-3f13-422a-a2ac-adfcde2d7481, command=[]} | ret=SUCCESS |  
2019-08-20 22:34:56,542 | INFO  | SCMAudit | user=jenkins1000 | ip=192.168.5.142 | op=SEND_HEARTBEAT {datanodeUUID=d55cd342-4e6c-4701-86f3-cb557f3478dc, command=[]} | ret=SUCCESS |  
2019-08-20 22:34:56,542 | INFO  | SCMAudit | user=jenkins1000 | ip=192.168.5.142 | op=SEND_HEARTBEAT {datanodeUUID=28b540ac-241d-462a-a56c-509e92928066, command=[]} | ret=SUCCESS |  
2019-08-20 22:34:56,542 | INFO  | SCMAudit | user=jenkins1000 | ip=192.168.5.142 | op=SEND_HEARTBEAT {datanodeUUID=c447b9b6-dde2-4ce7-aa81-d0e2eddc8fe9, command=[]} | ret=SUCCESS |  
2019-08-20 22:34:57,240 | INFO  | DNAudit | user=null | ip=null | op=WRITE_CHUNK {blockData=conID: 2 locID: 102651690657383084 bcsId: 5139} | ret=SUCCESS |  
2019-08-20 22:34:57,240 | INFO  | DNAudit | user=null | ip=null | op=WRITE_CHUNK {blockData=conID: 2 locID: 102651690657383084 bcsId: 5139} | ret=SUCCESS |  
2019-08-20 22:34:57,240 | INFO  | DNAudit | user=null | ip=null | op=PUT_BLOCK {blockData=[blockId=conID: 2 locID: 102651690657383084 bcsId: 0,size=4194304]} | ret=SUCCESS |  
2019-08-20 22:34:57,241 | INFO  | DNAudit | user=null | ip=null | op=PUT_BLOCK {blockData=[blockId=conID: 2 locID: 102651690657383084 bcsId: 0,size=4194304]} | ret=SUCCESS |  
2019-08-20 22:34:57,241 [grpc-default-executor-5] INFO  client.GrpcClientProtocolClient (GrpcClientProtocolClient.java:onNext(255)) - client-391BA870FC40->947ec526-030f-41cc-8af7-a6f75e712ab0: receive RaftClientReply:client-391BA870FC40->947ec526-030f-41cc-8af7-a6f75e712ab0@group-5D45C35602B2, cid=3411, SUCCESS, logIndex=0, commits[947ec526-030f-41cc-8af7-a6f75e712ab0:c5145, c447b9b6-dde2-4ce7-aa81-d0e2eddc8fe9:c5145, 28b540ac-241d-462a-a56c-509e92928066:c5145]
2019-08-20 22:34:57,252 | INFO  | SCMAudit | user=jenkins1000 | ip=192.168.5.142 | op=ALLOCATE_BLOCK {owner=6f694d07-2a2f-44d9-8e1c-aaa094a2f647, size=4194304, type=RATIS, factor=THREE} | ret=SUCCESS |  
2019-08-20 22:34:57,258 | INFO  | OMAudit | user=jenkins1000 | ip=127.0.0.1 | op=ALLOCATE_BLOCK {volume=vol-0-80747, bucket=bucket-0-27686, key=key-0-47435, dataSize=0, replicationType=null, replicationFactor=null, keyLocationInfo=null, clientID=102651687805452690} | ret=SUCCESS |  
2019-08-20 22:34:57,267 | INFO  | DNAudit | user=null | ip=null | op=WRITE_CHUNK {blockData=conID: 3 locID: 102651690827907757 bcsId: 0} | ret=SUCCESS |  
2019-08-20 22:34:57,271 | INFO  | DNAudit | user=null | ip=null | op=WRITE_CHUNK {blockData=conID: 3 locID: 102651690827907757 bcsId: 0} | ret=SUCCESS |  
2019-08-20 22:34:57,271 | INFO  | DNAudit | user=null | ip=null | op=WRITE_CHUNK {blockData=conID: 3 locID: 102651690827907757 bcsId: 0} | ret=SUCCESS |  
2019-08-20 22:34:57,271 | INFO  | DNAudit | user=null | ip=null | op=WRITE_CHUNK {blockData=conID: 3 locID: 102651690827907757 bcsId: 0} | ret=SUCCESS |  
2019-08-20 22:34:57,273 | INFO  | DNAudit | user=null | ip=null | op=WRITE_CHUNK {blockData=conID: 3 locID: 102651690827907757 bcsId: 0} | ret=SUCCESS |  
2019-08-20 22:34:57,273 | INFO  | DNAudit | user=null | ip=null | op=WRITE_CHUNK {blockData=conID: 3 locID: 102651690827907757 bcsId: 0} | ret=SUCCESS |  
 0.00% |█                                                                                                    |  0/1 Time: 0:00:462019-08-20 22:34:57,542 | INFO  | SCMAudit | user=jenkins1000 | ip=192.168.5.142 | op=SEND_HEARTBEAT {datanodeUUID=947ec526-030f-41cc-8af7-a6f75e712ab0, command=[]} | ret=SUCCESS |  
2019-08-20 22:34:57,542 | INFO  | SCMAudit | user=jenkins1000 | ip=192.168.5.142 | op=SEND_HEARTBEAT {datanodeUUID=28b540ac-241d-462a-a56c-509e92928066, command=[]} | ret=SUCCESS |  
2019-08-20 22:34:57,542 | INFO  | SCMAudit | user=jenkins1000 | ip=192.168.5.142 | op=SEND_HEARTBEAT {datanodeUUID=d55cd342-4e6c-4701-86f3-cb557f3478dc, command=[]} | ret=SUCCESS |  
2019-08-20 22:34:57,542 | INFO  | SCMAudit | user=jenkins1000 | ip=192.168.5.142 | op=SEND_HEARTBEAT {datanodeUUID=eafd9314-3f13-422a-a2ac-adfcde2d7481, command=[]} | ret=SUCCESS |  
2019-08-20 22:34:57,543 | INFO  | SCMAudit | user=jenkins1000 | ip=192.168.5.142 | op=SEND_HEARTBEAT {datanodeUUID=c447b9b6-dde2-4ce7-aa81-d0e2eddc8fe9, command=[]} | ret=SUCCESS |  
2019-08-20 22:34:58,542 | INFO  | SCMAudit | user=jenkins1000 | ip=192.168.5.142 | op=SEND_HEARTBEAT {datanodeUUID=eafd9314-3f13-422a-a2ac-adfcde2d7481, command=[]} | ret=SUCCESS |  
 0.00% |█                                                                                                    |  0/1 Time: 0:00:472019-08-20 22:34:58,542 | INFO  | SCMAudit | user=jenkins1000 | ip=192.168.5.142 | op=SEND_HEARTBEAT {datanodeUUID=d55cd342-4e6c-4701-86f3-cb557f3478dc, command=[]} | ret=SUCCESS |  
2019-08-20 22:34:58,542 | INFO  | SCMAudit | user=jenkins1000 | ip=192.168.5.142 | op=SEND_HEARTBEAT {datanodeUUID=28b540ac-241d-462a-a56c-509e92928066, command=[]} | ret=SUCCESS |  
2019-08-20 22:34:58,543 | INFO  | SCMAudit | user=jenkins1000 | ip=192.168.5.142 | op=SEND_HEARTBEAT {datanodeUUID=947ec526-030f-41cc-8af7-a6f75e712ab0, command=[]} | ret=SUCCESS |  
2019-08-20 22:34:58,543 | INFO  | SCMAudit | user=jenkins1000 | ip=192.168.5.142 | op=SEND_HEARTBEAT {datanodeUUID=c447b9b6-dde2-4ce7-aa81-d0e2eddc8fe9, command=[]} | ret=SUCCESS |  
2019-08-20 22:34:59,542 | INFO  | SCMAudit | user=jenkins1000 | ip=192.168.5.142 | op=SEND_HEARTBEAT {datanodeUUID=d55cd342-4e6c-4701-86f3-cb557f3478dc, command=[]} | ret=SUCCESS |  
2019-08-20 22:34:59,542 | INFO  | SCMAudit | user=jenkins1000 | ip=192.168.5.142 | op=SEND_HEARTBEAT {datanodeUUID=947ec526-030f-41cc-8af7-a6f75e712ab0, command=[]} | ret=SUCCESS |  
2019-08-20 22:34:59,542 | INFO  | SCMAudit | user=jenkins1000 | ip=192.168.5.142 | op=SEND_HEARTBEAT {datanodeUUID=eafd9314-3f13-422a-a2ac-adfcde2d7481, command=[]} | ret=SUCCESS |  
2019-08-20 22:34:59,542 | INFO  | SCMAudit | user=jenkins1000 | ip=192.168.5.142 | op=SEND_HEARTBEAT {datanodeUUID=28b540ac-241d-462a-a56c-509e92928066, command=[]} | ret=SUCCESS |  
 0.00% |█                                                                                                    |  0/1 Time: 0:00:482019-08-20 22:34:59,543 | INFO  | SCMAudit | user=jenkins1000 | ip=192.168.5.142 | op=SEND_HEARTBEAT {datanodeUUID=c447b9b6-dde2-4ce7-aa81-d0e2eddc8fe9, command=[]} | ret=SUCCESS |  
2019-08-20 22:35:00,266 [java.util.concurrent.ThreadPoolExecutor$Worker@f187be8[State = -1, empty queue]] WARN  server.GrpcLogAppender (GrpcLogAppender.java:timeoutAppendRequest(200)) - GrpcLogAppender(947ec526-030f-41cc-8af7-a6f75e712ab0->c447b9b6-dde2-4ce7-aa81-d0e2eddc8fe9): appendEntries Timeout, request=947ec526-030f-41cc-8af7-a6f75e712ab0->c447b9b6-dde2-4ce7-aa81-d0e2eddc8fe9#5156-t1, previous=(t:1, i:5145), leaderCommit=5145, initializing? false, entries: size=1, first=(t:1, i:5146), STATEMACHINELOGENTRY, client-391BA870FC40, cid=3412
2019-08-20 22:35:00,266 [java.util.concurrent.ThreadPoolExecutor$Worker@424bc667[State = -1, empty queue]] WARN  server.GrpcLogAppender (GrpcLogAppender.java:timeoutAppendRequest(200)) - GrpcLogAppender(947ec526-030f-41cc-8af7-a6f75e712ab0->28b540ac-241d-462a-a56c-509e92928066): appendEntries Timeout, request=947ec526-030f-41cc-8af7-a6f75e712ab0->28b540ac-241d-462a-a56c-509e92928066#5156-t1, previous=(t:1, i:5145), leaderCommit=5145, initializing? false, entries: size=1, first=(t:1, i:5146), STATEMACHINELOGENTRY, client-391BA870FC40, cid=3412
2019-08-20 22:35:00,266 [java.util.concurrent.ThreadPoolExecutor$Worker@f187be8[State = -1, empty queue]] WARN  server.GrpcLogAppender (GrpcLogAppender.java:timeoutAppendRequest(200)) - GrpcLogAppender(947ec526-030f-41cc-8af7-a6f75e712ab0->c447b9b6-dde2-4ce7-aa81-d0e2eddc8fe9): appendEntries Timeout, request=947ec526-030f-41cc-8af7-a6f75e712ab0->c447b9b6-dde2-4ce7-aa81-d0e2eddc8fe9#5157-t1, previous=(t:1, i:5146), leaderCommit=5145, initializing? false, entries: size=1, first=(t:1, i:5147), STATEMACHINELOGENTRY, client-391BA870FC40, cid=3413
2019-08-20 22:35:00,266 [java.util.concurrent.ThreadPoolExecutor$Worker@424bc667[State = -1, empty queue]] WARN  server.GrpcLogAppender (GrpcLogAppender.java:timeoutAppendRequest(200)) - GrpcLogAppender(947ec526-030f-41cc-8af7-a6f75e712ab0->28b540ac-241d-462a-a56c-509e92928066): appendEntries Timeout, request=947ec526-030f-41cc-8af7-a6f75e712ab0->28b540ac-241d-462a-a56c-509e92928066#5157-t1, previous=(t:1, i:5146), leaderCommit=5145, initializing? false, entries: size=1, first=(t:1, i:5147), STATEMACHINELOGENTRY, client-391BA870FC40, cid=3413
2019-08-20 22:35:00,271 [java.util.concurrent.ThreadPoolExecutor$Worker@f187be8[State = -1, empty queue]] WARN  server.GrpcLogAppender (GrpcLogAppender.java:timeoutAppendRequest(200)) - GrpcLogAppender(947ec526-030f-41cc-8af7-a6f75e712ab0->c447b9b6-dde2-4ce7-aa81-d0e2eddc8fe9): appendEntries Timeout, request=947ec526-030f-41cc-8af7-a6f75e712ab0->c447b9b6-dde2-4ce7-aa81-d0e2eddc8fe9#5158-t1, previous=(t:1, i:5147), leaderCommit=5145, initializing? false, entries: size=1, first=(t:1, i:5148), STATEMACHINELOGENTRY, client-391BA870FC40, cid=3414
2019-08-20 22:35:00,273 [java.util.concurrent.ThreadPoolExecutor$Worker@424bc667[State = -1, empty queue]] WARN  server.GrpcLogAppender (GrpcLogAppender.java:timeoutAppendRequest(200)) - GrpcLogAppender(947ec526-030f-41cc-8af7-a6f75e712ab0->28b540ac-241d-462a-a56c-509e92928066): appendEntries Timeout, request=947ec526-030f-41cc-8af7-a6f75e712ab0->28b540ac-241d-462a-a56c-509e92928066#5158-t1, previous=(t:1, i:5147), leaderCommit=5145, initializing? false, entries: size=1, first=(t:1, i:5148), STATEMACHINELOGENTRY, client-391BA870FC40, cid=3414
2019-08-20 22:35:00,275 [java.util.concurrent.ThreadPoolExecutor$Worker@f187be8[State = -1, empty queue]] WARN  server.GrpcLogAppender (GrpcLogAppender.java:timeoutAppendRequest(200)) - GrpcLogAppender(947ec526-030f-41cc-8af7-a6f75e712ab0->c447b9b6-dde2-4ce7-aa81-d0e2eddc8fe9): appendEntries Timeout, request=947ec526-030f-41cc-8af7-a6f75e712ab0->c447b9b6-dde2-4ce7-aa81-d0e2eddc8fe9#5159-t1, previous=(t:1, i:5148), leaderCommit=5145, initializing? false, entries: size=1, first=(t:1, i:5149), STATEMACHINELOGENTRY, client-391BA870FC40, cid=3415
2019-08-20 22:35:00,277 [java.util.concurrent.ThreadPoolExecutor$Worker@424bc667[State = -1, empty queue]] WARN  server.GrpcLogAppender (GrpcLogAppender.java:timeoutAppendRequest(200)) - GrpcLogAppender(947ec526-030f-41cc-8af7-a6f75e712ab0->28b540ac-241d-462a-a56c-509e92928066): appendEntries Timeout, request=947ec526-030f-41cc-8af7-a6f75e712ab0->28b540ac-241d-462a-a56c-509e92928066#5159-t1, previous=(t:1, i:5148), leaderCommit=5145, initializing? false, entries: size=1, first=(t:1, i:5149), STATEMACHINELOGENTRY, client-391BA870FC40, cid=3415
2019-08-20 22:35:00,542 | INFO  | SCMAudit | user=jenkins1000 | ip=192.168.5.142 | op=SEND_HEARTBEAT {datanodeUUID=eafd9314-3f13-422a-a2ac-adfcde2d7481, command=[]} | ret=SUCCESS |  
2019-08-20 22:35:00,542 | INFO  | SCMAudit | user=jenkins1000 | ip=192.168.5.142 | op=SEND_HEARTBEAT {datanodeUUID=28b540ac-241d-462a-a56c-509e92928066, command=[]} | ret=SUCCESS |  
2019-08-20 22:35:00,542 | INFO  | SCMAudit | user=jenkins1000 | ip=192.168.5.142 | op=SEND_HEARTBEAT {datanodeUUID=947ec526-030f-41cc-8af7-a6f75e712ab0, command=[]} | ret=SUCCESS |  
2019-08-20 22:35:00,542 | INFO  | SCMAudit | user=jenkins1000 | ip=192.168.5.142 | op=SEND_HEARTBEAT {datanodeUUID=c447b9b6-dde2-4ce7-aa81-d0e2eddc8fe9, command=[]} | ret=SUCCESS |  
2019-08-20 22:35:00,543 | INFO  | SCMAudit | user=jenkins1000 | ip=192.168.5.142 | op=SEND_HEARTBEAT {datanodeUUID=d55cd342-4e6c-4701-86f3-cb557f3478dc, command=[]} | ret=SUCCESS |  
 0.00% |█                                                                                                    |  0/1 Time: 0:00:492019-08-20 22:35:01,489 [grpc-default-executor-5] WARN  server.GrpcLogAppender (GrpcLogAppender.java:onNextImpl(250)) - org.apache.ratis.grpc.server.GrpcLogAppender$AppendLogResponseHandler@3ee59c84: Request not found, ignoring reply: 947ec526-030f-41cc-8af7-a6f75e712ab0<-c447b9b6-dde2-4ce7-aa81-d0e2eddc8fe9#5156:OK,SUCCESS,nextIndex:5147,term:1,followerCommit:5145
2019-08-20 22:35:01,492 [grpc-default-executor-1] WARN  server.GrpcLogAppender (GrpcLogAppender.java:onNextImpl(250)) - org.apache.ratis.grpc.server.GrpcLogAppender$AppendLogResponseHandler@6f484fcc: Request not found, ignoring reply: 947ec526-030f-41cc-8af7-a6f75e712ab0<-28b540ac-241d-462a-a56c-509e92928066#5156:OK,SUCCESS,nextIndex:5147,term:1,followerCommit:5145
2019-08-20 22:35:01,494 [grpc-default-executor-5] WARN  server.GrpcLogAppender (GrpcLogAppender.java:onNextImpl(250)) - org.apache.ratis.grpc.server.GrpcLogAppender$AppendLogResponseHandler@3ee59c84: Request not found, ignoring reply: 947ec526-030f-41cc-8af7-a6f75e712ab0<-c447b9b6-dde2-4ce7-aa81-d0e2eddc8fe9#5157:OK,SUCCESS,nextIndex:5148,term:1,followerCommit:5145
2019-08-20 22:35:01,495 [grpc-default-executor-1] WARN  server.GrpcLogAppender (GrpcLogAppender.java:onNextImpl(250)) - org.apache.ratis.grpc.server.GrpcLogAppender$AppendLogResponseHandler@6f484fcc: Request not found, ignoring reply: 947ec526-030f-41cc-8af7-a6f75e712ab0<-28b540ac-241d-462a-a56c-509e92928066#5157:OK,SUCCESS,nextIndex:5148,term:1,followerCommit:5145
2019-08-20 22:35:01,495 [grpc-default-executor-1] WARN  server.GrpcLogAppender (GrpcLogAppender.java:onNextImpl(250)) - org.apache.ratis.grpc.server.GrpcLogAppender$AppendLogResponseHandler@6f484fcc: Request not found, ignoring reply: 947ec526-030f-41cc-8af7-a6f75e712ab0<-28b540ac-241d-462a-a56c-509e92928066#5158:OK,SUCCESS,nextIndex:5149,term:1,followerCommit:5145
2019-08-20 22:35:01,495 [grpc-default-executor-1] WARN  server.GrpcLogAppender (GrpcLogAppender.java:onNextImpl(250)) - org.apache.ratis.grpc.server.GrpcLogAppender$AppendLogResponseHandler@6f484fcc: Request not found, ignoring reply: 947ec526-030f-41cc-8af7-a6f75e712ab0<-28b540ac-241d-462a-a56c-509e92928066#5159:OK,SUCCESS,nextIndex:5150,term:1,followerCommit:5145
2019-08-20 22:35:01,496 | INFO  | DNAudit | user=null | ip=null | op=WRITE_CHUNK {blockData=conID: 3 locID: 102651690827907757 bcsId: 0} | ret=SUCCESS |  
2019-08-20 22:35:01,497 | INFO  | DNAudit | user=null | ip=null | op=PUT_BLOCK {blockData=[blockId=conID: 3 locID: 102651690827907757 bcsId: 0,size=1048576]} | ret=SUCCESS |  
2019-08-20 22:35:01,506 | INFO  | DNAudit | user=null | ip=null | op=WRITE_CHUNK {blockData=conID: 3 locID: 102651690827907757 bcsId: 0} | ret=SUCCESS |  
2019-08-20 22:35:01,506 [grpc-default-executor-1] WARN  server.GrpcLogAppender (GrpcLogAppender.java:onNextImpl(250)) - org.apache.ratis.grpc.server.GrpcLogAppender$AppendLogResponseHandler@3ee59c84: Request not found, ignoring reply: 947ec526-030f-41cc-8af7-a6f75e712ab0<-c447b9b6-dde2-4ce7-aa81-d0e2eddc8fe9#5158:OK,SUCCESS,nextIndex:5149,term:1,followerCommit:5145
2019-08-20 22:35:01,507 [grpc-default-executor-1] WARN  server.GrpcLogAppender (GrpcLogAppender.java:onNextImpl(250)) - org.apache.ratis.grpc.server.GrpcLogAppender$AppendLogResponseHandler@3ee59c84: Request not found, ignoring reply: 947ec526-030f-41cc-8af7-a6f75e712ab0<-c447b9b6-dde2-4ce7-aa81-d0e2eddc8fe9#5159:OK,SUCCESS,nextIndex:5150,term:1,followerCommit:5145
2019-08-20 22:35:01,507 | INFO  | DNAudit | user=null | ip=null | op=PUT_BLOCK {blockData=[blockId=conID: 3 locID: 102651690827907757 bcsId: 0,size=2097152]} | ret=SUCCESS |  
2019-08-20 22:35:01,542 | INFO  | SCMAudit | user=jenkins1000 | ip=192.168.5.142 | op=SEND_HEARTBEAT {datanodeUUID=eafd9314-3f13-422a-a2ac-adfcde2d7481, command=[]} | ret=SUCCESS |  
2019-08-20 22:35:01,542 | INFO  | SCMAudit | user=jenkins1000 | ip=192.168.5.142 | op=SEND_HEARTBEAT {datanodeUUID=947ec526-030f-41cc-8af7-a6f75e712ab0, command=[]} | ret=SUCCESS |  
2019-08-20 22:35:01,542 | INFO  | SCMAudit | user=jenkins1000 | ip=192.168.5.142 | op=SEND_HEARTBEAT {datanodeUUID=28b540ac-241d-462a-a56c-509e92928066, command=[]} | ret=SUCCESS |  
2019-08-20 22:35:01,543 | INFO  | SCMAudit | user=jenkins1000 | ip=192.168.5.142 | op=SEND_HEARTBEAT {datanodeUUID=c447b9b6-dde2-4ce7-aa81-d0e2eddc8fe9, command=[]} | ret=SUCCESS |  
2019-08-20 22:35:01,543 | INFO  | SCMAudit | user=jenkins1000 | ip=192.168.5.142 | op=SEND_HEARTBEAT {datanodeUUID=d55cd342-4e6c-4701-86f3-cb557f3478dc, command=[]} | ret=SUCCESS |  
 0.00% |█                                                                                                    |  0/1 Time: 0:00:502019-08-20 22:35:02,301 [grpc-default-executor-1] INFO  client.GrpcClientProtocolClient (GrpcClientProtocolClient.java:onNext(255)) - client-391BA870FC40->c447b9b6-dde2-4ce7-aa81-d0e2eddc8fe9: receive RaftClientReply:client-391BA870FC40->c447b9b6-dde2-4ce7-aa81-d0e2eddc8fe9@group-5D45C35602B2, cid=3412, FAILED org.apache.ratis.protocol.NotLeaderException: Server c447b9b6-dde2-4ce7-aa81-d0e2eddc8fe9 is not the leader (947ec526-030f-41cc-8af7-a6f75e712ab0:192.168.5.142:44998). Request must be sent to leader., logIndex=0, commits[c447b9b6-dde2-4ce7-aa81-d0e2eddc8fe9:c5145, 28b540ac-241d-462a-a56c-509e92928066:c5145, 947ec526-030f-41cc-8af7-a6f75e712ab0:c5149]
2019-08-20 22:35:02,327 [grpc-default-executor-5] INFO  client.GrpcClientProtocolClient (GrpcClientProtocolClient.java:onNext(255)) - client-391BA870FC40->947ec526-030f-41cc-8af7-a6f75e712ab0: receive RaftClientReply:client-391BA870FC40->947ec526-030f-41cc-8af7-a6f75e712ab0@group-5D45C35602B2, cid=3412, SUCCESS, logIndex=5146, commits[947ec526-030f-41cc-8af7-a6f75e712ab0:c5147, c447b9b6-dde2-4ce7-aa81-d0e2eddc8fe9:c5145, 28b540ac-241d-462a-a56c-509e92928066:c5145]
2019-08-20 22:35:02,335 [grpc-default-executor-5] INFO  client.GrpcClientProtocolClient (GrpcClientProtocolClient.java:onNext(255)) - client-391BA870FC40->947ec526-030f-41cc-8af7-a6f75e712ab0: receive RaftClientReply:client-391BA870FC40->947ec526-030f-41cc-8af7-a6f75e712ab0@group-5D45C35602B2, cid=3413, SUCCESS, logIndex=5147, commits[947ec526-030f-41cc-8af7-a6f75e712ab0:c5147, c447b9b6-dde2-4ce7-aa81-d0e2eddc8fe9:c5145, 28b540ac-241d-462a-a56c-509e92928066:c5145]
2019-08-20 22:35:02,336 [grpc-default-executor-1] INFO  client.GrpcClientProtocolClient (GrpcClientProtocolClient.java:onNext(255)) - client-391BA870FC40->947ec526-030f-41cc-8af7-a6f75e712ab0: receive RaftClientReply:client-391BA870FC40->947ec526-030f-41cc-8af7-a6f75e712ab0@group-5D45C35602B2, cid=3414, SUCCESS, logIndex=5148, commits[947ec526-030f-41cc-8af7-a6f75e712ab0:c5149, c447b9b6-dde2-4ce7-aa81-d0e2eddc8fe9:c5145, 28b540ac-241d-462a-a56c-509e92928066:c5145]
2019-08-20 22:35:02,338 [grpc-default-executor-1] INFO  client.GrpcClientProtocolClient (GrpcClientProtocolClient.java:onNext(255)) - client-391BA870FC40->947ec526-030f-41cc-8af7-a6f75e712ab0: receive RaftClientReply:client-391BA870FC40->947ec526-030f-41cc-8af7-a6f75e712ab0@group-5D45C35602B2, cid=3415, SUCCESS, logIndex=5149, commits[947ec526-030f-41cc-8af7-a6f75e712ab0:c5149, c447b9b6-dde2-4ce7-aa81-d0e2eddc8fe9:c5145, 28b540ac-241d-462a-a56c-509e92928066:c5145]
2019-08-20 22:35:02,542 | INFO  | SCMAudit | user=jenkins1000 | ip=192.168.5.142 | op=SEND_HEARTBEAT {datanodeUUID=947ec526-030f-41cc-8af7-a6f75e712ab0, command=[]} | ret=SUCCESS |  
2019-08-20 22:35:02,542 | INFO  | SCMAudit | user=jenkins1000 | ip=192.168.5.142 | op=SEND_HEARTBEAT {datanodeUUID=28b540ac-241d-462a-a56c-509e92928066, command=[]} | ret=SUCCESS |  
2019-08-20 22:35:02,542 | INFO  | SCMAudit | user=jenkins1000 | ip=192.168.5.142 | op=SEND_HEARTBEAT {datanodeUUID=eafd9314-3f13-422a-a2ac-adfcde2d7481, command=[]} | ret=SUCCESS |  
2019-08-20 22:35:02,542 | INFO  | SCMAudit | user=jenkins1000 | ip=192.168.5.142 | op=SEND_HEARTBEAT {datanodeUUID=c447b9b6-dde2-4ce7-aa81-d0e2eddc8fe9, command=[]} | ret=SUCCESS |  
2019-08-20 22:35:02,543 | INFO  | SCMAudit | user=jenkins1000 | ip=192.168.5.142 | op=SEND_HEARTBEAT {datanodeUUID=d55cd342-4e6c-4701-86f3-cb557f3478dc, command=[]} | ret=SUCCESS |  
 0.00% |█                                                                                                    |  0/1 Time: 0:00:512019-08-20 22:35:03,543 | INFO  | SCMAudit | user=jenkins1000 | ip=192.168.5.142 | op=SEND_HEARTBEAT {datanodeUUID=947ec526-030f-41cc-8af7-a6f75e712ab0, command=[]} | ret=SUCCESS |  
2019-08-20 22:35:03,543 | INFO  | SCMAudit | user=jenkins1000 | ip=192.168.5.142 | op=SEND_HEARTBEAT {datanodeUUID=d55cd342-4e6c-4701-86f3-cb557f3478dc, command=[]} | ret=SUCCESS |  
2019-08-20 22:35:03,543 | INFO  | SCMAudit | user=jenkins1000 | ip=192.168.5.142 | op=SEND_HEARTBEAT {datanodeUUID=c447b9b6-dde2-4ce7-aa81-d0e2eddc8fe9, command=[]} | ret=SUCCESS |  
2019-08-20 22:35:03,543 | INFO  | SCMAudit | user=jenkins1000 | ip=192.168.5.142 | op=SEND_HEARTBEAT {datanodeUUID=28b540ac-241d-462a-a56c-509e92928066, command=[]} | ret=SUCCESS |  
2019-08-20 22:35:03,543 | INFO  | SCMAudit | user=jenkins1000 | ip=192.168.5.142 | op=SEND_HEARTBEAT {datanodeUUID=eafd9314-3f13-422a-a2ac-adfcde2d7481, command=[]} | ret=SUCCESS |  
 0.00% |█                                                                                                    |  0/1 Time: 0:00:522019-08-20 22:35:04,008 | INFO  | DNAudit | user=null | ip=null | op=WRITE_CHUNK {blockData=conID: 3 locID: 102651690827907757 bcsId: 0} | ret=SUCCESS |  
2019-08-20 22:35:04,008 | INFO  | DNAudit | user=null | ip=null | op=PUT_BLOCK {blockData=[blockId=conID: 3 locID: 102651690827907757 bcsId: 0,size=1048576]} | ret=SUCCESS |  
2019-08-20 22:35:04,009 | INFO  | DNAudit | user=null | ip=null | op=WRITE_CHUNK {blockData=conID: 3 locID: 102651690827907757 bcsId: 0} | ret=SUCCESS |  
2019-08-20 22:35:04,009 | INFO  | DNAudit | user=null | ip=null | op=WRITE_CHUNK {blockData=conID: 3 locID: 102651690827907757 bcsId: 0} | ret=SUCCESS |  
2019-08-20 22:35:04,009 | INFO  | DNAudit | user=null | ip=null | op=PUT_BLOCK {blockData=[blockId=conID: 3 locID: 102651690827907757 bcsId: 0,size=2097152]} | ret=SUCCESS |  
2019-08-20 22:35:04,009 | INFO  | DNAudit | user=null | ip=null | op=PUT_BLOCK {blockData=[blockId=conID: 3 locID: 102651690827907757 bcsId: 0,size=1048576]} | ret=SUCCESS |  
2019-08-20 22:35:04,010 | INFO  | DNAudit | user=null | ip=null | op=WRITE_CHUNK {blockData=conID: 3 locID: 102651690827907757 bcsId: 0} | ret=SUCCESS |  
2019-08-20 22:35:04,010 | INFO  | DNAudit | user=null | ip=null | op=PUT_BLOCK {blockData=[blockId=conID: 3 locID: 102651690827907757 bcsId: 0,size=2097152]} | ret=SUCCESS |  
2019-08-20 22:35:04,496 [java.util.concurrent.ThreadPoolExecutor$Worker@f187be8[State = -1, empty queue]] WARN  server.GrpcLogAppender (GrpcLogAppender.java:timeoutAppendRequest(200)) - GrpcLogAppender(947ec526-030f-41cc-8af7-a6f75e712ab0->c447b9b6-dde2-4ce7-aa81-d0e2eddc8fe9): appendEntries Timeout, request=947ec526-030f-41cc-8af7-a6f75e712ab0->c447b9b6-dde2-4ce7-aa81-d0e2eddc8fe9#5161-t1, previous=(t:1, i:5149), leaderCommit=5147, initializing? false, entries: size=1, first=(t:1, i:5150), METADATAENTRY(c5147)
2019-08-20 22:35:04,496 [java.util.concurrent.ThreadPoolExecutor$Worker@424bc667[State = -1, empty queue]] WARN  server.GrpcLogAppender (GrpcLogAppender.java:timeoutAppendRequest(200)) - GrpcLogAppender(947ec526-030f-41cc-8af7-a6f75e712ab0->28b540ac-241d-462a-a56c-509e92928066): appendEntries Timeout, request=947ec526-030f-41cc-8af7-a6f75e712ab0->28b540ac-241d-462a-a56c-509e92928066#5161-t1, previous=(t:1, i:5149), leaderCommit=5147, initializing? false, entries: size=1, first=(t:1, i:5150), METADATAENTRY(c5147)
2019-08-20 22:35:04,506 [java.util.concurrent.ThreadPoolExecutor$Worker@f187be8[State = -1, empty queue]] WARN  server.GrpcLogAppender (GrpcLogAppender.java:timeoutAppendRequest(200)) - GrpcLogAppender(947ec526-030f-41cc-8af7-a6f75e712ab0->c447b9b6-dde2-4ce7-aa81-d0e2eddc8fe9): appendEntries Timeout, request=947ec526-030f-41cc-8af7-a6f75e712ab0->c447b9b6-dde2-4ce7-aa81-d0e2eddc8fe9#5162-t1, previous=(t:1, i:5150), leaderCommit=5149, initializing? false, entries: size=1, first=(t:1, i:5151), METADATAENTRY(c5149)
2019-08-20 22:35:04,506 [java.util.concurrent.ThreadPoolExecutor$Worker@424bc667[State = -1, empty queue]] WARN  server.GrpcLogAppender (GrpcLogAppender.java:timeoutAppendRequest(200)) - GrpcLogAppender(947ec526-030f-41cc-8af7-a6f75e712ab0->28b540ac-241d-462a-a56c-509e92928066): appendEntries Timeout, request=947ec526-030f-41cc-8af7-a6f75e712ab0->28b540ac-241d-462a-a56c-509e92928066#5162-t1, previous=(t:1, i:5150), leaderCommit=5149, initializing? false, entries: size=1, first=(t:1, i:5151), METADATAENTRY(c5149)
2019-08-20 22:35:04,543 | INFO  | SCMAudit | user=jenkins1000 | ip=192.168.5.142 | op=SEND_HEARTBEAT {datanodeUUID=eafd9314-3f13-422a-a2ac-adfcde2d7481, command=[]} | ret=SUCCESS |  
2019-08-20 22:35:04,543 | INFO  | SCMAudit | user=jenkins1000 | ip=192.168.5.142 | op=SEND_HEARTBEAT {datanodeUUID=c447b9b6-dde2-4ce7-aa81-d0e2eddc8fe9, command=[]} | ret=SUCCESS |  
2019-08-20 22:35:04,543 | INFO  | SCMAudit | user=jenkins1000 | ip=192.168.5.142 | op=SEND_HEARTBEAT {datanodeUUID=947ec526-030f-41cc-8af7-a6f75e712ab0, command=[]} | ret=SUCCESS |  
2019-08-20 22:35:04,543 | INFO  | SCMAudit | user=jenkins1000 | ip=192.168.5.142 | op=SEND_HEARTBEAT {datanodeUUID=28b540ac-241d-462a-a56c-509e92928066, command=[]} | ret=SUCCESS |  
2019-08-20 22:35:04,543 | INFO  | SCMAudit | user=jenkins1000 | ip=192.168.5.142 | op=SEND_HEARTBEAT {datanodeUUID=d55cd342-4e6c-4701-86f3-cb557f3478dc, command=[]} | ret=SUCCESS |  
 0.00% |█                                                                                                    |  0/1 Time: 0:00:532019-08-20 22:35:05,543 | INFO  | SCMAudit | user=jenkins1000 | ip=192.168.5.142 | op=SEND_HEARTBEAT {datanodeUUID=c447b9b6-dde2-4ce7-aa81-d0e2eddc8fe9, command=[]} | ret=SUCCESS |  
2019-08-20 22:35:05,543 | INFO  | SCMAudit | user=jenkins1000 | ip=192.168.5.142 | op=SEND_HEARTBEAT {datanodeUUID=947ec526-030f-41cc-8af7-a6f75e712ab0, command=[]} | ret=SUCCESS |  
2019-08-20 22:35:05,543 | INFO  | SCMAudit | user=jenkins1000 | ip=192.168.5.142 | op=SEND_HEARTBEAT {datanodeUUID=d55cd342-4e6c-4701-86f3-cb557f3478dc, command=[]} | ret=SUCCESS |  
2019-08-20 22:35:05,543 | INFO  | SCMAudit | user=jenkins1000 | ip=192.168.5.142 | op=SEND_HEARTBEAT {datanodeUUID=28b540ac-241d-462a-a56c-509e92928066, command=[]} | ret=SUCCESS |  
2019-08-20 22:35:05,543 | INFO  | SCMAudit | user=jenkins1000 | ip=192.168.5.142 | op=SEND_HEARTBEAT {datanodeUUID=eafd9314-3f13-422a-a2ac-adfcde2d7481, command=[]} | ret=SUCCESS |  
 0.00% |█                                                                                                    |  0/1 Time: 0:00:542019-08-20 22:35:06,543 | INFO  | SCMAudit | user=jenkins1000 | ip=192.168.5.142 | op=SEND_HEARTBEAT {datanodeUUID=947ec526-030f-41cc-8af7-a6f75e712ab0, command=[]} | ret=SUCCESS |  
2019-08-20 22:35:06,543 | INFO  | SCMAudit | user=jenkins1000 | ip=192.168.5.142 | op=SEND_HEARTBEAT {datanodeUUID=d55cd342-4e6c-4701-86f3-cb557f3478dc, command=[]} | ret=SUCCESS |  
2019-08-20 22:35:06,543 | INFO  | SCMAudit | user=jenkins1000 | ip=192.168.5.142 | op=SEND_HEARTBEAT {datanodeUUID=eafd9314-3f13-422a-a2ac-adfcde2d7481, command=[]} | ret=SUCCESS |  
2019-08-20 22:35:06,543 | INFO  | SCMAudit | user=jenkins1000 | ip=192.168.5.142 | op=SEND_HEARTBEAT {datanodeUUID=c447b9b6-dde2-4ce7-aa81-d0e2eddc8fe9, command=[]} | ret=SUCCESS |  
2019-08-20 22:35:06,543 | INFO  | SCMAudit | user=jenkins1000 | ip=192.168.5.142 | op=SEND_HEARTBEAT {datanodeUUID=28b540ac-241d-462a-a56c-509e92928066, command=[]} | ret=SUCCESS |  
 0.00% |█                                                                                                    |  0/1 Time: 0:00:552019-08-20 22:35:06,709 [grpc-default-executor-1] WARN  server.GrpcLogAppender (GrpcLogAppender.java:onNextImpl(250)) - org.apache.ratis.grpc.server.GrpcLogAppender$AppendLogResponseHandler@6f484fcc: Request not found, ignoring reply: 947ec526-030f-41cc-8af7-a6f75e712ab0<-28b540ac-241d-462a-a56c-509e92928066#5161:OK,SUCCESS,nextIndex:5151,term:1,followerCommit:5149
2019-08-20 22:35:06,712 [grpc-default-executor-1] WARN  server.GrpcLogAppender (GrpcLogAppender.java:onNextImpl(250)) - org.apache.ratis.grpc.server.GrpcLogAppender$AppendLogResponseHandler@3ee59c84: Request not found, ignoring reply: 947ec526-030f-41cc-8af7-a6f75e712ab0<-c447b9b6-dde2-4ce7-aa81-d0e2eddc8fe9#5161:OK,SUCCESS,nextIndex:5151,term:1,followerCommit:5149
2019-08-20 22:35:07,007 [java.util.concurrent.ThreadPoolExecutor$Worker@424bc667[State = -1, empty queue]] WARN  server.GrpcLogAppender (GrpcLogAppender.java:timeoutAppendRequest(200)) - GrpcLogAppender(947ec526-030f-41cc-8af7-a6f75e712ab0->28b540ac-241d-462a-a56c-509e92928066): appendEntries Timeout, request=947ec526-030f-41cc-8af7-a6f75e712ab0->28b540ac-241d-462a-a56c-509e92928066#5163-t1, previous=(t:1, i:5151), leaderCommit=5149, initializing? false, entries: <empty>
2019-08-20 22:35:07,010 [java.util.concurrent.ThreadPoolExecutor$Worker@f187be8[State = -1, empty queue]] WARN  server.GrpcLogAppender (GrpcLogAppender.java:timeoutAppendRequest(200)) - GrpcLogAppender(947ec526-030f-41cc-8af7-a6f75e712ab0->c447b9b6-dde2-4ce7-aa81-d0e2eddc8fe9): appendEntries Timeout, request=947ec526-030f-41cc-8af7-a6f75e712ab0->c447b9b6-dde2-4ce7-aa81-d0e2eddc8fe9#5163-t1, previous=(t:1, i:5151), leaderCommit=5149, initializing? false, entries: <empty>
2019-08-20 22:35:07,341 [pool-282-thread-1] WARN  scm.XceiverClientRatis (XceiverClientRatis.java:watchForCommit(262)) - 3 way commit failed on pipeline Pipeline[ Id: e16c0fd1-c222-4987-b8fe-5d45c35602b2, Nodes: c447b9b6-dde2-4ce7-aa81-d0e2eddc8fe9{ip: 192.168.5.142, host: pr-hdds-1973-dfrxh-2124529571, networkLocation: /default-rack, certSerialId: null}28b540ac-241d-462a-a56c-509e92928066{ip: 192.168.5.142, host: pr-hdds-1973-dfrxh-2124529571, networkLocation: /default-rack, certSerialId: null}947ec526-030f-41cc-8af7-a6f75e712ab0{ip: 192.168.5.142, host: pr-hdds-1973-dfrxh-2124529571, networkLocation: /default-rack, certSerialId: null}, Type:RATIS, Factor:THREE, State:OPEN]
java.util.concurrent.TimeoutException
	at java.util.concurrent.CompletableFuture.timedGet(CompletableFuture.java:1771)
	at java.util.concurrent.CompletableFuture.get(CompletableFuture.java:1915)
	at org.apache.hadoop.hdds.scm.XceiverClientRatis.watchForCommit(XceiverClientRatis.java:259)
	at org.apache.hadoop.hdds.scm.storage.CommitWatcher.watchForCommit(CommitWatcher.java:194)
	at org.apache.hadoop.hdds.scm.storage.CommitWatcher.watchOnFirstIndex(CommitWatcher.java:135)
	at org.apache.hadoop.hdds.scm.storage.BlockOutputStream.watchForCommit(BlockOutputStream.java:347)
	at org.apache.hadoop.hdds.scm.storage.BlockOutputStream.handleFullBuffer(BlockOutputStream.java:324)
	at org.apache.hadoop.hdds.scm.storage.BlockOutputStream.write(BlockOutputStream.java:251)
	at org.apache.hadoop.ozone.client.io.BlockOutputStreamEntry.write(BlockOutputStreamEntry.java:129)
	at org.apache.hadoop.ozone.client.io.KeyOutputStream.handleWrite(KeyOutputStream.java:211)
	at org.apache.hadoop.ozone.client.io.KeyOutputStream.write(KeyOutputStream.java:193)
	at org.apache.hadoop.ozone.client.io.OzoneOutputStream.write(OzoneOutputStream.java:49)
	at org.apache.hadoop.ozone.freon.RandomKeyGenerator.createKey(RandomKeyGenerator.java:699)
	at org.apache.hadoop.ozone.freon.RandomKeyGenerator.access$1100(RandomKeyGenerator.java:87)
	at org.apache.hadoop.ozone.freon.RandomKeyGenerator$ObjectCreator.run(RandomKeyGenerator.java:606)
	at java.util.concurrent.Executors$RunnableAdapter.call(Executors.java:511)
	at java.util.concurrent.FutureTask.run(FutureTask.java:266)
	at java.util.concurrent.ThreadPoolExecutor.runWorker(ThreadPoolExecutor.java:1149)
	at java.util.concurrent.ThreadPoolExecutor$Worker.run(ThreadPoolExecutor.java:624)
	at java.lang.Thread.run(Thread.java:748)
2019-08-20 22:35:07,543 | INFO  | SCMAudit | user=jenkins1000 | ip=192.168.5.142 | op=SEND_HEARTBEAT {datanodeUUID=eafd9314-3f13-422a-a2ac-adfcde2d7481, command=[]} | ret=SUCCESS |  
2019-08-20 22:35:07,543 | INFO  | SCMAudit | user=jenkins1000 | ip=192.168.5.142 | op=SEND_HEARTBEAT {datanodeUUID=c447b9b6-dde2-4ce7-aa81-d0e2eddc8fe9, command=[]} | ret=SUCCESS |  
2019-08-20 22:35:07,543 | INFO  | SCMAudit | user=jenkins1000 | ip=192.168.5.142 | op=SEND_HEARTBEAT {datanodeUUID=947ec526-030f-41cc-8af7-a6f75e712ab0, command=[]} | ret=SUCCESS |  
2019-08-20 22:35:07,543 | INFO  | SCMAudit | user=jenkins1000 | ip=192.168.5.142 | op=SEND_HEARTBEAT {datanodeUUID=d55cd342-4e6c-4701-86f3-cb557f3478dc, command=[]} | ret=SUCCESS |  
2019-08-20 22:35:07,543 | INFO  | SCMAudit | user=jenkins1000 | ip=192.168.5.142 | op=SEND_HEARTBEAT {datanodeUUID=28b540ac-241d-462a-a56c-509e92928066, command=[]} | ret=SUCCESS |  
 0.00% |█                                                                                                    |  0/1 Time: 0:00:562019-08-20 22:35:08,009 [grpc-default-executor-1] WARN  server.GrpcLogAppender (GrpcLogAppender.java:onNextImpl(250)) - org.apache.ratis.grpc.server.GrpcLogAppender$AppendLogResponseHandler@6f484fcc: Request not found, ignoring reply: 947ec526-030f-41cc-8af7-a6f75e712ab0<-28b540ac-241d-462a-a56c-509e92928066#5162:OK,SUCCESS,nextIndex:5152,term:1,followerCommit:5149
2019-08-20 22:35:08,009 [grpc-default-executor-5] WARN  server.GrpcLogAppender (GrpcLogAppender.java:onNextImpl(250)) - org.apache.ratis.grpc.server.GrpcLogAppender$AppendLogResponseHandler@3ee59c84: Request not found, ignoring reply: 947ec526-030f-41cc-8af7-a6f75e712ab0<-c447b9b6-dde2-4ce7-aa81-d0e2eddc8fe9#5162:OK,SUCCESS,nextIndex:5152,term:1,followerCommit:5149
2019-08-20 22:35:08,012 [grpc-default-executor-1] WARN  server.GrpcLogAppender (GrpcLogAppender.java:onNextImpl(250)) - org.apache.ratis.grpc.server.GrpcLogAppender$AppendLogResponseHandler@6f484fcc: Request not found, ignoring reply: 947ec526-030f-41cc-8af7-a6f75e712ab0<-28b540ac-241d-462a-a56c-509e92928066#5163:OK,SUCCESS,nextIndex:5152,term:1,followerCommit:5149
2019-08-20 22:35:08,012 [grpc-default-executor-5] WARN  server.GrpcLogAppender (GrpcLogAppender.java:onNextImpl(250)) - org.apache.ratis.grpc.server.GrpcLogAppender$AppendLogResponseHandler@3ee59c84: Request not found, ignoring reply: 947ec526-030f-41cc-8af7-a6f75e712ab0<-c447b9b6-dde2-4ce7-aa81-d0e2eddc8fe9#5163:OK,SUCCESS,nextIndex:5152,term:1,followerCommit:5149
2019-08-20 22:35:08,016 [grpc-default-executor-5] INFO  client.GrpcClientProtocolClient (GrpcClientProtocolClient.java:onNext(255)) - client-391BA870FC40->947ec526-030f-41cc-8af7-a6f75e712ab0: receive RaftClientReply:client-391BA870FC40->947ec526-030f-41cc-8af7-a6f75e712ab0@group-5D45C35602B2, cid=3417, SUCCESS, logIndex=0, commits[947ec526-030f-41cc-8af7-a6f75e712ab0:c5149, c447b9b6-dde2-4ce7-aa81-d0e2eddc8fe9:c5145, 28b540ac-241d-462a-a56c-509e92928066:c5149]
2019-08-20 22:35:08,016 [grpc-default-executor-5] INFO  client.GrpcClientProtocolClient (GrpcClientProtocolClient.java:onNext(255)) - client-391BA870FC40->947ec526-030f-41cc-8af7-a6f75e712ab0: receive RaftClientReply:client-391BA870FC40->947ec526-030f-41cc-8af7-a6f75e712ab0@group-5D45C35602B2, cid=3416, SUCCESS, logIndex=0, commits[947ec526-030f-41cc-8af7-a6f75e712ab0:c5151, c447b9b6-dde2-4ce7-aa81-d0e2eddc8fe9:c5149, 28b540ac-241d-462a-a56c-509e92928066:c5149]
2019-08-20 22:35:08,017 [grpc-default-executor-5] INFO  client.GrpcClientProtocolClient (GrpcClientProtocolClient.java:onNext(255)) - client-391BA870FC40->947ec526-030f-41cc-8af7-a6f75e712ab0: receive RaftClientReply:client-391BA870FC40->947ec526-030f-41cc-8af7-a6f75e712ab0@group-5D45C35602B2, cid=3416, SUCCESS, logIndex=0, commits[947ec526-030f-41cc-8af7-a6f75e712ab0:c5149, c447b9b6-dde2-4ce7-aa81-d0e2eddc8fe9:c5149, 28b540ac-241d-462a-a56c-509e92928066:c5149]
2019-08-20 22:35:08,019 [pool-282-thread-1] INFO  scm.XceiverClientRatis (XceiverClientRatis.java:lambda$watchForCommit$7(280)) - Could not commit index 5147 on pipeline Pipeline[ Id: e16c0fd1-c222-4987-b8fe-5d45c35602b2, Nodes: c447b9b6-dde2-4ce7-aa81-d0e2eddc8fe9{ip: 192.168.5.142, host: pr-hdds-1973-dfrxh-2124529571, networkLocation: /default-rack, certSerialId: null}28b540ac-241d-462a-a56c-509e92928066{ip: 192.168.5.142, host: pr-hdds-1973-dfrxh-2124529571, networkLocation: /default-rack, certSerialId: null}947ec526-030f-41cc-8af7-a6f75e712ab0{ip: 192.168.5.142, host: pr-hdds-1973-dfrxh-2124529571, networkLocation: /default-rack, certSerialId: null}, Type:RATIS, Factor:THREE, State:OPEN] to all the nodes. Server c447b9b6-dde2-4ce7-aa81-d0e2eddc8fe9 has failed. Committed by majority.
2019-08-20 22:35:08,019 [pool-282-thread-1] WARN  storage.BlockOutputStream (BlockOutputStream.java:watchForCommit(353)) - Failed to commit BlockId conID: 3 locID: 102651690827907757 bcsId: 5149 on Pipeline[ Id: e16c0fd1-c222-4987-b8fe-5d45c35602b2, Nodes: c447b9b6-dde2-4ce7-aa81-d0e2eddc8fe9{ip: 192.168.5.142, host: pr-hdds-1973-dfrxh-2124529571, networkLocation: /default-rack, certSerialId: null}28b540ac-241d-462a-a56c-509e92928066{ip: 192.168.5.142, host: pr-hdds-1973-dfrxh-2124529571, networkLocation: /default-rack, certSerialId: null}947ec526-030f-41cc-8af7-a6f75e712ab0{ip: 192.168.5.142, host: pr-hdds-1973-dfrxh-2124529571, networkLocation: /default-rack, certSerialId: null}, Type:RATIS, Factor:THREE, State:OPEN]. Failed nodes: [c447b9b6-dde2-4ce7-aa81-d0e2eddc8fe9{ip: null, host: null, networkLocation: /default-rack, certSerialId: null}]
2019-08-20 22:35:08,028 | INFO  | DNAudit | user=null | ip=null | op=WRITE_CHUNK {blockData=conID: 3 locID: 102651690827907757 bcsId: 5149} | ret=SUCCESS |  
2019-08-20 22:35:08,031 | INFO  | DNAudit | user=null | ip=null | op=WRITE_CHUNK {blockData=conID: 3 locID: 102651690827907757 bcsId: 5149} | ret=SUCCESS |  
2019-08-20 22:35:08,031 | INFO  | DNAudit | user=null | ip=null | op=WRITE_CHUNK {blockData=conID: 3 locID: 102651690827907757 bcsId: 5149} | ret=SUCCESS |  
2019-08-20 22:35:08,543 | INFO  | SCMAudit | user=jenkins1000 | ip=192.168.5.142 | op=SEND_HEARTBEAT {datanodeUUID=d55cd342-4e6c-4701-86f3-cb557f3478dc, command=[]} | ret=SUCCESS |  
2019-08-20 22:35:08,543 | INFO  | SCMAudit | user=jenkins1000 | ip=192.168.5.142 | op=SEND_HEARTBEAT {datanodeUUID=eafd9314-3f13-422a-a2ac-adfcde2d7481, command=[]} | ret=SUCCESS |  
2019-08-20 22:35:08,543 | INFO  | SCMAudit | user=jenkins1000 | ip=192.168.5.142 | op=SEND_HEARTBEAT {datanodeUUID=c447b9b6-dde2-4ce7-aa81-d0e2eddc8fe9, command=[]} | ret=SUCCESS |  
2019-08-20 22:35:08,543 | INFO  | SCMAudit | user=jenkins1000 | ip=192.168.5.142 | op=SEND_HEARTBEAT {datanodeUUID=947ec526-030f-41cc-8af7-a6f75e712ab0, command=[]} | ret=SUCCESS |  
2019-08-20 22:35:08,543 | INFO  | SCMAudit | user=jenkins1000 | ip=192.168.5.142 | op=SEND_HEARTBEAT {datanodeUUID=28b540ac-241d-462a-a56c-509e92928066, command=[]} | ret=SUCCESS |  
 0.00% |█                                                                                                    |  0/1 Time: 0:00:572019-08-20 22:35:08,546 | INFO  | DNAudit | user=null | ip=null | op=WRITE_CHUNK {blockData=conID: 3 locID: 102651690827907757 bcsId: 5149} | ret=SUCCESS |  
2019-08-20 22:35:08,547 | INFO  | DNAudit | user=null | ip=null | op=PUT_BLOCK {blockData=[blockId=conID: 3 locID: 102651690827907757 bcsId: 0,size=3145728]} | ret=SUCCESS |  
2019-08-20 22:35:08,547 [grpc-default-executor-5] INFO  client.GrpcClientProtocolClient (GrpcClientProtocolClient.java:onNext(255)) - client-391BA870FC40->947ec526-030f-41cc-8af7-a6f75e712ab0: receive RaftClientReply:client-391BA870FC40->947ec526-030f-41cc-8af7-a6f75e712ab0@group-5D45C35602B2, cid=3418, SUCCESS, logIndex=5152, commits[947ec526-030f-41cc-8af7-a6f75e712ab0:c5153, c447b9b6-dde2-4ce7-aa81-d0e2eddc8fe9:c5151, 28b540ac-241d-462a-a56c-509e92928066:c5151]
2019-08-20 22:35:08,550 [grpc-default-executor-5] INFO  client.GrpcClientProtocolClient (GrpcClientProtocolClient.java:onNext(255)) - client-391BA870FC40->947ec526-030f-41cc-8af7-a6f75e712ab0: receive RaftClientReply:client-391BA870FC40->947ec526-030f-41cc-8af7-a6f75e712ab0@group-5D45C35602B2, cid=3419, SUCCESS, logIndex=5153, commits[947ec526-030f-41cc-8af7-a6f75e712ab0:c5153, c447b9b6-dde2-4ce7-aa81-d0e2eddc8fe9:c5151, 28b540ac-241d-462a-a56c-509e92928066:c5151]
2019-08-20 22:35:08,558 | INFO  | DNAudit | user=null | ip=null | op=WRITE_CHUNK {blockData=conID: 3 locID: 102651690827907757 bcsId: 5153} | ret=SUCCESS |  
2019-08-20 22:35:08,560 | INFO  | DNAudit | user=null | ip=null | op=WRITE_CHUNK {blockData=conID: 3 locID: 102651690827907757 bcsId: 5153} | ret=SUCCESS |  
2019-08-20 22:35:08,561 | INFO  | DNAudit | user=null | ip=null | op=WRITE_CHUNK {blockData=conID: 3 locID: 102651690827907757 bcsId: 5153} | ret=SUCCESS |  
2019-08-20 22:35:09,543 | INFO  | SCMAudit | user=jenkins1000 | ip=192.168.5.142 | op=SEND_HEARTBEAT {datanodeUUID=c447b9b6-dde2-4ce7-aa81-d0e2eddc8fe9, command=[]} | ret=SUCCESS |  
2019-08-20 22:35:09,543 | INFO  | SCMAudit | user=jenkins1000 | ip=192.168.5.142 | op=SEND_HEARTBEAT {datanodeUUID=d55cd342-4e6c-4701-86f3-cb557f3478dc, command=[]} | ret=SUCCESS |  
2019-08-20 22:35:09,543 | INFO  | SCMAudit | user=jenkins1000 | ip=192.168.5.142 | op=SEND_HEARTBEAT {datanodeUUID=eafd9314-3f13-422a-a2ac-adfcde2d7481, command=[]} | ret=SUCCESS |  
2019-08-20 22:35:09,544 | INFO  | SCMAudit | user=jenkins1000 | ip=192.168.5.142 | op=SEND_HEARTBEAT {datanodeUUID=28b540ac-241d-462a-a56c-509e92928066, command=[]} | ret=SUCCESS |  
2019-08-20 22:35:09,545 | INFO  | SCMAudit | user=jenkins1000 | ip=192.168.5.142 | op=SEND_HEARTBEAT {datanodeUUID=947ec526-030f-41cc-8af7-a6f75e712ab0, command=[]} | ret=SUCCESS |  
 0.00% |█                                                                                                    |  0/1 Time: 0:00:582019-08-20 22:35:10,543 | INFO  | SCMAudit | user=jenkins1000 | ip=192.168.5.142 | op=SEND_HEARTBEAT {datanodeUUID=d55cd342-4e6c-4701-86f3-cb557f3478dc, command=[]} | ret=SUCCESS |  
2019-08-20 22:35:10,543 | INFO  | SCMAudit | user=jenkins1000 | ip=192.168.5.142 | op=SEND_HEARTBEAT {datanodeUUID=eafd9314-3f13-422a-a2ac-adfcde2d7481, command=[]} | ret=SUCCESS |  
2019-08-20 22:35:10,543 | INFO  | SCMAudit | user=jenkins1000 | ip=192.168.5.142 | op=SEND_HEARTBEAT {datanodeUUID=c447b9b6-dde2-4ce7-aa81-d0e2eddc8fe9, command=[]} | ret=SUCCESS |  
2019-08-20 22:35:10,544 | INFO  | SCMAudit | user=jenkins1000 | ip=192.168.5.142 | op=SEND_HEARTBEAT {datanodeUUID=28b540ac-241d-462a-a56c-509e92928066, command=[]} | ret=SUCCESS |  
2019-08-20 22:35:10,545 | INFO  | SCMAudit | user=jenkins1000 | ip=192.168.5.142 | op=SEND_HEARTBEAT {datanodeUUID=947ec526-030f-41cc-8af7-a6f75e712ab0, command=[]} | ret=SUCCESS |  
 0.00% |█                                                                                                    |  0/1 Time: 0:00:592019-08-20 22:35:11,058 | INFO  | DNAudit | user=null | ip=null | op=WRITE_CHUNK {blockData=conID: 3 locID: 102651690827907757 bcsId: 5149} | ret=SUCCESS |  
2019-08-20 22:35:11,058 | INFO  | DNAudit | user=null | ip=null | op=WRITE_CHUNK {blockData=conID: 3 locID: 102651690827907757 bcsId: 5149} | ret=SUCCESS |  
2019-08-20 22:35:11,059 | INFO  | DNAudit | user=null | ip=null | op=PUT_BLOCK {blockData=[blockId=conID: 3 locID: 102651690827907757 bcsId: 0,size=3145728]} | ret=SUCCESS |  
2019-08-20 22:35:11,059 | INFO  | DNAudit | user=null | ip=null | op=PUT_BLOCK {blockData=[blockId=conID: 3 locID: 102651690827907757 bcsId: 0,size=3145728]} | ret=SUCCESS |  
2019-08-20 22:35:11,543 | INFO  | SCMAudit | user=jenkins1000 | ip=192.168.5.142 | op=SEND_HEARTBEAT {datanodeUUID=c447b9b6-dde2-4ce7-aa81-d0e2eddc8fe9, command=[]} | ret=SUCCESS |  
2019-08-20 22:35:11,543 | INFO  | SCMAudit | user=jenkins1000 | ip=192.168.5.142 | op=SEND_HEARTBEAT {datanodeUUID=eafd9314-3f13-422a-a2ac-adfcde2d7481, command=[]} | ret=SUCCESS |  
2019-08-20 22:35:11,543 | INFO  | SCMAudit | user=jenkins1000 | ip=192.168.5.142 | op=SEND_HEARTBEAT {datanodeUUID=d55cd342-4e6c-4701-86f3-cb557f3478dc, command=[]} | ret=SUCCESS |  
2019-08-20 22:35:11,544 | INFO  | SCMAudit | user=jenkins1000 | ip=192.168.5.142 | op=SEND_HEARTBEAT {datanodeUUID=28b540ac-241d-462a-a56c-509e92928066, command=[]} | ret=SUCCESS |  
2019-08-20 22:35:11,545 | INFO  | SCMAudit | user=jenkins1000 | ip=192.168.5.142 | op=SEND_HEARTBEAT {datanodeUUID=947ec526-030f-41cc-8af7-a6f75e712ab0, command=[]} | ret=SUCCESS |  
2019-08-20 22:35:11,546 [java.util.concurrent.ThreadPoolExecutor$Worker@f187be8[State = -1, empty queue]] WARN  server.GrpcLogAppender (GrpcLogAppender.java:timeoutAppendRequest(200)) - GrpcLogAppender(947ec526-030f-41cc-8af7-a6f75e712ab0->c447b9b6-dde2-4ce7-aa81-d0e2eddc8fe9): appendEntries Timeout, request=947ec526-030f-41cc-8af7-a6f75e712ab0->c447b9b6-dde2-4ce7-aa81-d0e2eddc8fe9#5167-t1, previous=(t:1, i:5153), leaderCommit=5152, initializing? false, entries: size=1, first=(t:1, i:5154), METADATAENTRY(c5152)
 0.00% |█                                                                                                    |  0/1 Time: 0:01:002019-08-20 22:35:11,546 [java.util.concurrent.ThreadPoolExecutor$Worker@424bc667[State = -1, empty queue]] WARN  server.GrpcLogAppender (GrpcLogAppender.java:timeoutAppendRequest(200)) - GrpcLogAppender(947ec526-030f-41cc-8af7-a6f75e712ab0->28b540ac-241d-462a-a56c-509e92928066): appendEntries Timeout, request=947ec526-030f-41cc-8af7-a6f75e712ab0->28b540ac-241d-462a-a56c-509e92928066#5167-t1, previous=(t:1, i:5153), leaderCommit=5152, initializing? false, entries: size=1, first=(t:1, i:5154), METADATAENTRY(c5152)
2019-08-20 22:35:11,549 [java.util.concurrent.ThreadPoolExecutor$Worker@f187be8[State = -1, empty queue]] WARN  server.GrpcLogAppender (GrpcLogAppender.java:timeoutAppendRequest(200)) - GrpcLogAppender(947ec526-030f-41cc-8af7-a6f75e712ab0->c447b9b6-dde2-4ce7-aa81-d0e2eddc8fe9): appendEntries Timeout, request=947ec526-030f-41cc-8af7-a6f75e712ab0->c447b9b6-dde2-4ce7-aa81-d0e2eddc8fe9#5168-t1, previous=(t:1, i:5154), leaderCommit=5153, initializing? false, entries: size=1, first=(t:1, i:5155), METADATAENTRY(c5153)
2019-08-20 22:35:11,551 [java.util.concurrent.ThreadPoolExecutor$Worker@424bc667[State = -1, empty queue]] WARN  server.GrpcLogAppender (GrpcLogAppender.java:timeoutAppendRequest(200)) - GrpcLogAppender(947ec526-030f-41cc-8af7-a6f75e712ab0->28b540ac-241d-462a-a56c-509e92928066): appendEntries Timeout, request=947ec526-030f-41cc-8af7-a6f75e712ab0->28b540ac-241d-462a-a56c-509e92928066#5168-t1, previous=(t:1, i:5154), leaderCommit=5153, initializing? false, entries: size=1, first=(t:1, i:5155), METADATAENTRY(c5153)
2019-08-20 22:35:11,556 [java.util.concurrent.ThreadPoolExecutor$Worker@424bc667[State = -1, empty queue]] WARN  server.GrpcLogAppender (GrpcLogAppender.java:timeoutAppendRequest(200)) - GrpcLogAppender(947ec526-030f-41cc-8af7-a6f75e712ab0->28b540ac-241d-462a-a56c-509e92928066): appendEntries Timeout, request=947ec526-030f-41cc-8af7-a6f75e712ab0->28b540ac-241d-462a-a56c-509e92928066#5169-t1, previous=(t:1, i:5155), leaderCommit=5153, initializing? false, entries: size=1, first=(t:1, i:5156), STATEMACHINELOGENTRY, client-391BA870FC40, cid=3420
2019-08-20 22:35:11,557 [java.util.concurrent.ThreadPoolExecutor$Worker@f187be8[State = -1, empty queue]] WARN  server.GrpcLogAppender (GrpcLogAppender.java:timeoutAppendRequest(200)) - GrpcLogAppender(947ec526-030f-41cc-8af7-a6f75e712ab0->c447b9b6-dde2-4ce7-aa81-d0e2eddc8fe9): appendEntries Timeout, request=947ec526-030f-41cc-8af7-a6f75e712ab0->c447b9b6-dde2-4ce7-aa81-d0e2eddc8fe9#5169-t1, previous=(t:1, i:5155), leaderCommit=5153, initializing? false, entries: size=1, first=(t:1, i:5156), STATEMACHINELOGENTRY, client-391BA870FC40, cid=3420
2019-08-20 22:35:11,558 [java.util.concurrent.ThreadPoolExecutor$Worker@424bc667[State = -1, empty queue]] WARN  server.GrpcLogAppender (GrpcLogAppender.java:timeoutAppendRequest(200)) - GrpcLogAppender(947ec526-030f-41cc-8af7-a6f75e712ab0->28b540ac-241d-462a-a56c-509e92928066): appendEntries Timeout, request=947ec526-030f-41cc-8af7-a6f75e712ab0->28b540ac-241d-462a-a56c-509e92928066#5170-t1, previous=(t:1, i:5156), leaderCommit=5153, initializing? false, entries: size=1, first=(t:1, i:5157), STATEMACHINELOGENTRY, client-391BA870FC40, cid=3421
2019-08-20 22:35:11,560 [java.util.concurrent.ThreadPoolExecutor$Worker@f187be8[State = -1, empty queue]] WARN  server.GrpcLogAppender (GrpcLogAppender.java:timeoutAppendRequest(200)) - GrpcLogAppender(947ec526-030f-41cc-8af7-a6f75e712ab0->c447b9b6-dde2-4ce7-aa81-d0e2eddc8fe9): appendEntries Timeout, request=947ec526-030f-41cc-8af7-a6f75e712ab0->c447b9b6-dde2-4ce7-aa81-d0e2eddc8fe9#5170-t1, previous=(t:1, i:5156), leaderCommit=5153, initializing? false, entries: size=1, first=(t:1, i:5157), STATEMACHINELOGENTRY, client-391BA870FC40, cid=3421
2019-08-20 22:35:11,694 [grpc-default-executor-3] WARN  server.GrpcLogAppender (GrpcLogAppender.java:onNextImpl(250)) - org.apache.ratis.grpc.server.GrpcLogAppender$AppendLogResponseHandler@3ee59c84: Request not found, ignoring reply: 947ec526-030f-41cc-8af7-a6f75e712ab0<-c447b9b6-dde2-4ce7-aa81-d0e2eddc8fe9#5167:OK,SUCCESS,nextIndex:5155,term:1,followerCommit:5153
2019-08-20 22:35:11,697 [grpc-default-executor-1] WARN  server.GrpcLogAppender (GrpcLogAppender.java:onNextImpl(250)) - org.apache.ratis.grpc.server.GrpcLogAppender$AppendLogResponseHandler@6f484fcc: Request not found, ignoring reply: 947ec526-030f-41cc-8af7-a6f75e712ab0<-28b540ac-241d-462a-a56c-509e92928066#5167:OK,SUCCESS,nextIndex:5155,term:1,followerCommit:5153
2019-08-20 22:35:11,744 [grpc-default-executor-1] WARN  server.GrpcLogAppender (GrpcLogAppender.java:onNextImpl(250)) - org.apache.ratis.grpc.server.GrpcLogAppender$AppendLogResponseHandler@6f484fcc: Request not found, ignoring reply: 947ec526-030f-41cc-8af7-a6f75e712ab0<-28b540ac-241d-462a-a56c-509e92928066#5168:OK,SUCCESS,nextIndex:5156,term:1,followerCommit:5153
2019-08-20 22:35:11,744 [grpc-default-executor-3] WARN  server.GrpcLogAppender (GrpcLogAppender.java:onNextImpl(250)) - org.apache.ratis.grpc.server.GrpcLogAppender$AppendLogResponseHandler@3ee59c84: Request not found, ignoring reply: 947ec526-030f-41cc-8af7-a6f75e712ab0<-c447b9b6-dde2-4ce7-aa81-d0e2eddc8fe9#5168:OK,SUCCESS,nextIndex:5156,term:1,followerCommit:5153
2019-08-20 22:35:11,744 [grpc-default-executor-1] WARN  server.GrpcLogAppender (GrpcLogAppender.java:onNextImpl(250)) - org.apache.ratis.grpc.server.GrpcLogAppender$AppendLogResponseHandler@6f484fcc: Request not found, ignoring reply: 947ec526-030f-41cc-8af7-a6f75e712ab0<-28b540ac-241d-462a-a56c-509e92928066#5169:OK,SUCCESS,nextIndex:5157,term:1,followerCommit:5153
2019-08-20 22:35:11,745 [grpc-default-executor-3] WARN  server.GrpcLogAppender (GrpcLogAppender.java:onNextImpl(250)) - org.apache.ratis.grpc.server.GrpcLogAppender$AppendLogResponseHandler@3ee59c84: Request not found, ignoring reply: 947ec526-030f-41cc-8af7-a6f75e712ab0<-c447b9b6-dde2-4ce7-aa81-d0e2eddc8fe9#5169:OK,SUCCESS,nextIndex:5157,term:1,followerCommit:5153
2019-08-20 22:35:11,745 [grpc-default-executor-1] WARN  server.GrpcLogAppender (GrpcLogAppender.java:onNextImpl(250)) - org.apache.ratis.grpc.server.GrpcLogAppender$AppendLogResponseHandler@6f484fcc: Request not found, ignoring reply: 947ec526-030f-41cc-8af7-a6f75e712ab0<-28b540ac-241d-462a-a56c-509e92928066#5170:OK,SUCCESS,nextIndex:5158,term:1,followerCommit:5153
2019-08-20 22:35:11,745 [grpc-default-executor-3] WARN  server.GrpcLogAppender (GrpcLogAppender.java:onNextImpl(250)) - org.apache.ratis.grpc.server.GrpcLogAppender$AppendLogResponseHandler@3ee59c84: Request not found, ignoring reply: 947ec526-030f-41cc-8af7-a6f75e712ab0<-c447b9b6-dde2-4ce7-aa81-d0e2eddc8fe9#5170:OK,SUCCESS,nextIndex:5158,term:1,followerCommit:5153
2019-08-20 22:35:11,746 | INFO  | DNAudit | user=null | ip=null | op=WRITE_CHUNK {blockData=conID: 3 locID: 102651690827907757 bcsId: 5153} | ret=SUCCESS |  
2019-08-20 22:35:11,747 | INFO  | DNAudit | user=null | ip=null | op=PUT_BLOCK {blockData=[blockId=conID: 3 locID: 102651690827907757 bcsId: 0,size=4194304]} | ret=SUCCESS |  
2019-08-20 22:35:11,747 [grpc-default-executor-1] INFO  client.GrpcClientProtocolClient (GrpcClientProtocolClient.java:onNext(255)) - client-391BA870FC40->947ec526-030f-41cc-8af7-a6f75e712ab0: receive RaftClientReply:client-391BA870FC40->947ec526-030f-41cc-8af7-a6f75e712ab0@group-5D45C35602B2, cid=3420, SUCCESS, logIndex=5156, commits[947ec526-030f-41cc-8af7-a6f75e712ab0:c5157, c447b9b6-dde2-4ce7-aa81-d0e2eddc8fe9:c5153, 28b540ac-241d-462a-a56c-509e92928066:c5153]
2019-08-20 22:35:11,747 [grpc-default-executor-1] INFO  client.GrpcClientProtocolClient (GrpcClientProtocolClient.java:onNext(255)) - client-391BA870FC40->947ec526-030f-41cc-8af7-a6f75e712ab0: receive RaftClientReply:client-391BA870FC40->947ec526-030f-41cc-8af7-a6f75e712ab0@group-5D45C35602B2, cid=3421, SUCCESS, logIndex=5157, commits[947ec526-030f-41cc-8af7-a6f75e712ab0:c5157, c447b9b6-dde2-4ce7-aa81-d0e2eddc8fe9:c5153, 28b540ac-241d-462a-a56c-509e92928066:c5153]
2019-08-20 22:35:11,758 | INFO  | DNAudit | user=null | ip=null | op=WRITE_CHUNK {blockData=conID: 3 locID: 102651690827907757 bcsId: 5153} | ret=SUCCESS |  
2019-08-20 22:35:11,758 | INFO  | DNAudit | user=null | ip=null | op=WRITE_CHUNK {blockData=conID: 3 locID: 102651690827907757 bcsId: 5153} | ret=SUCCESS |  
2019-08-20 22:35:11,759 | INFO  | DNAudit | user=null | ip=null | op=PUT_BLOCK {blockData=[blockId=conID: 3 locID: 102651690827907757 bcsId: 0,size=4194304]} | ret=SUCCESS |  
2019-08-20 22:35:11,759 | INFO  | DNAudit | user=null | ip=null | op=PUT_BLOCK {blockData=[blockId=conID: 3 locID: 102651690827907757 bcsId: 0,size=4194304]} | ret=SUCCESS |  
2019-08-20 22:35:12,543 | INFO  | SCMAudit | user=jenkins1000 | ip=192.168.5.142 | op=SEND_HEARTBEAT {datanodeUUID=eafd9314-3f13-422a-a2ac-adfcde2d7481, command=[]} | ret=SUCCESS |  
2019-08-20 22:35:12,543 | INFO  | SCMAudit | user=jenkins1000 | ip=192.168.5.142 | op=SEND_HEARTBEAT {datanodeUUID=d55cd342-4e6c-4701-86f3-cb557f3478dc, command=[]} | ret=SUCCESS |  
2019-08-20 22:35:12,543 | INFO  | SCMAudit | user=jenkins1000 | ip=192.168.5.142 | op=SEND_HEARTBEAT {datanodeUUID=c447b9b6-dde2-4ce7-aa81-d0e2eddc8fe9, command=[]} | ret=SUCCESS |  
2019-08-20 22:35:12,544 | INFO  | SCMAudit | user=jenkins1000 | ip=192.168.5.142 | op=SEND_HEARTBEAT {datanodeUUID=28b540ac-241d-462a-a56c-509e92928066, command=[]} | ret=SUCCESS |  
2019-08-20 22:35:12,545 | INFO  | SCMAudit | user=jenkins1000 | ip=192.168.5.142 | op=SEND_HEARTBEAT {datanodeUUID=947ec526-030f-41cc-8af7-a6f75e712ab0, command=[]} | ret=SUCCESS |  
 0.00% |█                                                                                                    |  0/1 Time: 0:01:012019-08-20 22:35:13,544 | INFO  | SCMAudit | user=jenkins1000 | ip=192.168.5.142 | op=SEND_HEARTBEAT {datanodeUUID=eafd9314-3f13-422a-a2ac-adfcde2d7481, command=[]} | ret=SUCCESS |  
2019-08-20 22:35:13,544 | INFO  | SCMAudit | user=jenkins1000 | ip=192.168.5.142 | op=SEND_HEARTBEAT {datanodeUUID=d55cd342-4e6c-4701-86f3-cb557f3478dc, command=[]} | ret=SUCCESS |  
2019-08-20 22:35:13,544 | INFO  | SCMAudit | user=jenkins1000 | ip=192.168.5.142 | op=SEND_HEARTBEAT {datanodeUUID=c447b9b6-dde2-4ce7-aa81-d0e2eddc8fe9, command=[]} | ret=SUCCESS |  
2019-08-20 22:35:13,545 | INFO  | SCMAudit | user=jenkins1000 | ip=192.168.5.142 | op=SEND_HEARTBEAT {datanodeUUID=947ec526-030f-41cc-8af7-a6f75e712ab0, command=[]} | ret=SUCCESS |  
2019-08-20 22:35:13,545 | INFO  | SCMAudit | user=jenkins1000 | ip=192.168.5.142 | op=SEND_HEARTBEAT {datanodeUUID=28b540ac-241d-462a-a56c-509e92928066, command=[]} | ret=SUCCESS |  
 0.00% |█                                                                                                    |  0/1 Time: 0:01:022019-08-20 22:35:14,543 | INFO  | SCMAudit | user=jenkins1000 | ip=192.168.5.142 | op=SEND_HEARTBEAT {datanodeUUID=d55cd342-4e6c-4701-86f3-cb557f3478dc, command=[]} | ret=SUCCESS |  
2019-08-20 22:35:14,543 | INFO  | SCMAudit | user=jenkins1000 | ip=192.168.5.142 | op=SEND_HEARTBEAT {datanodeUUID=eafd9314-3f13-422a-a2ac-adfcde2d7481, command=[]} | ret=SUCCESS |  
2019-08-20 22:35:14,543 | INFO  | SCMAudit | user=jenkins1000 | ip=192.168.5.142 | op=SEND_HEARTBEAT {datanodeUUID=c447b9b6-dde2-4ce7-aa81-d0e2eddc8fe9, command=[]} | ret=SUCCESS |  
2019-08-20 22:35:14,545 | INFO  | SCMAudit | user=jenkins1000 | ip=192.168.5.142 | op=SEND_HEARTBEAT {datanodeUUID=947ec526-030f-41cc-8af7-a6f75e712ab0, command=[]} | ret=SUCCESS |  
2019-08-20 22:35:14,546 | INFO  | SCMAudit | user=jenkins1000 | ip=192.168.5.142 | op=SEND_HEARTBEAT {datanodeUUID=28b540ac-241d-462a-a56c-509e92928066, command=[]} | ret=SUCCESS |  
 0.00% |█                                                                                                    |  0/1 Time: 0:01:032019-08-20 22:35:15,543 | INFO  | SCMAudit | user=jenkins1000 | ip=192.168.5.142 | op=SEND_HEARTBEAT {datanodeUUID=c447b9b6-dde2-4ce7-aa81-d0e2eddc8fe9, command=[]} | ret=SUCCESS |  
2019-08-20 22:35:15,543 | INFO  | SCMAudit | user=jenkins1000 | ip=192.168.5.142 | op=SEND_HEARTBEAT {datanodeUUID=d55cd342-4e6c-4701-86f3-cb557f3478dc, command=[]} | ret=SUCCESS |  
2019-08-20 22:35:15,543 | INFO  | SCMAudit | user=jenkins1000 | ip=192.168.5.142 | op=SEND_HEARTBEAT {datanodeUUID=eafd9314-3f13-422a-a2ac-adfcde2d7481, command=[]} | ret=SUCCESS |  
2019-08-20 22:35:15,545 | INFO  | SCMAudit | user=jenkins1000 | ip=192.168.5.142 | op=SEND_HEARTBEAT {datanodeUUID=947ec526-030f-41cc-8af7-a6f75e712ab0, command=[]} | ret=SUCCESS |  
2019-08-20 22:35:15,547 | INFO  | SCMAudit | user=jenkins1000 | ip=192.168.5.142 | op=SEND_HEARTBEAT {datanodeUUID=28b540ac-241d-462a-a56c-509e92928066, command=[]} | ret=SUCCESS |  
 0.00% |█                                                                                                    |  0/1 Time: 0:01:042019-08-20 22:35:16,543 | INFO  | SCMAudit | user=jenkins1000 | ip=192.168.5.142 | op=SEND_HEARTBEAT {datanodeUUID=d55cd342-4e6c-4701-86f3-cb557f3478dc, command=[]} | ret=SUCCESS |  
2019-08-20 22:35:16,543 | INFO  | SCMAudit | user=jenkins1000 | ip=192.168.5.142 | op=SEND_HEARTBEAT {datanodeUUID=c447b9b6-dde2-4ce7-aa81-d0e2eddc8fe9, command=[]} | ret=SUCCESS |  
2019-08-20 22:35:16,543 | INFO  | SCMAudit | user=jenkins1000 | ip=192.168.5.142 | op=SEND_HEARTBEAT {datanodeUUID=eafd9314-3f13-422a-a2ac-adfcde2d7481, command=[]} | ret=SUCCESS |  
2019-08-20 22:35:16,545 | INFO  | SCMAudit | user=jenkins1000 | ip=192.168.5.142 | op=SEND_HEARTBEAT {datanodeUUID=947ec526-030f-41cc-8af7-a6f75e712ab0, command=[]} | ret=SUCCESS |  
2019-08-20 22:35:16,547 | INFO  | SCMAudit | user=jenkins1000 | ip=192.168.5.142 | op=SEND_HEARTBEAT {datanodeUUID=28b540ac-241d-462a-a56c-509e92928066, command=[]} | ret=SUCCESS |  
 0.00% |█                                                                                                    |  0/1 Time: 0:01:052019-08-20 22:35:17,543 | INFO  | SCMAudit | user=jenkins1000 | ip=192.168.5.142 | op=SEND_HEARTBEAT {datanodeUUID=d55cd342-4e6c-4701-86f3-cb557f3478dc, command=[]} | ret=SUCCESS |  
2019-08-20 22:35:17,543 | INFO  | SCMAudit | user=jenkins1000 | ip=192.168.5.142 | op=SEND_HEARTBEAT {datanodeUUID=c447b9b6-dde2-4ce7-aa81-d0e2eddc8fe9, command=[]} | ret=SUCCESS |  
2019-08-20 22:35:17,543 | INFO  | SCMAudit | user=jenkins1000 | ip=192.168.5.142 | op=SEND_HEARTBEAT {datanodeUUID=eafd9314-3f13-422a-a2ac-adfcde2d7481, command=[]} | ret=SUCCESS |  
2019-08-20 22:35:17,545 | INFO  | SCMAudit | user=jenkins1000 | ip=192.168.5.142 | op=SEND_HEARTBEAT {datanodeUUID=947ec526-030f-41cc-8af7-a6f75e712ab0, command=[]} | ret=SUCCESS |  
2019-08-20 22:35:17,547 | INFO  | SCMAudit | user=jenkins1000 | ip=192.168.5.142 | op=SEND_HEARTBEAT {datanodeUUID=28b540ac-241d-462a-a56c-509e92928066, command=[]} | ret=SUCCESS |  
 0.00% |█                                                                                                    |  0/1 Time: 0:01:062019-08-20 22:35:17,586 [grpc-default-executor-3] INFO  client.GrpcClientProtocolClient (GrpcClientProtocolClient.java:onNext(255)) - client-391BA870FC40->c447b9b6-dde2-4ce7-aa81-d0e2eddc8fe9: receive RaftClientReply:client-391BA870FC40->c447b9b6-dde2-4ce7-aa81-d0e2eddc8fe9@group-5D45C35602B2, cid=3420, FAILED org.apache.ratis.protocol.NotLeaderException: Server c447b9b6-dde2-4ce7-aa81-d0e2eddc8fe9 is not the leader (947ec526-030f-41cc-8af7-a6f75e712ab0:192.168.5.142:44998). Request must be sent to leader., logIndex=0, commits[c447b9b6-dde2-4ce7-aa81-d0e2eddc8fe9:c5158, 28b540ac-241d-462a-a56c-509e92928066:c5158, 947ec526-030f-41cc-8af7-a6f75e712ab0:c5158]
2019-08-20 22:35:17,607 [grpc-default-executor-1] INFO  client.GrpcClientProtocolClient (GrpcClientProtocolClient.java:onNext(255)) - client-391BA870FC40->947ec526-030f-41cc-8af7-a6f75e712ab0: receive RaftClientReply:client-391BA870FC40->947ec526-030f-41cc-8af7-a6f75e712ab0@group-5D45C35602B2, cid=3420, SUCCESS, logIndex=5156, commits[947ec526-030f-41cc-8af7-a6f75e712ab0:c5157, c447b9b6-dde2-4ce7-aa81-d0e2eddc8fe9:c5153, 28b540ac-241d-462a-a56c-509e92928066:c5153]
2019-08-20 22:35:17,614 [grpc-default-executor-3] INFO  client.GrpcClientProtocolClient (GrpcClientProtocolClient.java:onNext(255)) - client-391BA870FC40->947ec526-030f-41cc-8af7-a6f75e712ab0: receive RaftClientReply:client-391BA870FC40->947ec526-030f-41cc-8af7-a6f75e712ab0@group-5D45C35602B2, cid=3421, SUCCESS, logIndex=5157, commits[947ec526-030f-41cc-8af7-a6f75e712ab0:c5157, c447b9b6-dde2-4ce7-aa81-d0e2eddc8fe9:c5153, 28b540ac-241d-462a-a56c-509e92928066:c5153]
2019-08-20 22:35:17,620 [grpc-default-executor-3] INFO  client.GrpcClientProtocolClient (GrpcClientProtocolClient.java:onNext(255)) - client-391BA870FC40->947ec526-030f-41cc-8af7-a6f75e712ab0: receive RaftClientReply:client-391BA870FC40->947ec526-030f-41cc-8af7-a6f75e712ab0@group-5D45C35602B2, cid=3422, SUCCESS, logIndex=0, commits[947ec526-030f-41cc-8af7-a6f75e712ab0:c5158, c447b9b6-dde2-4ce7-aa81-d0e2eddc8fe9:c5158, 28b540ac-241d-462a-a56c-509e92928066:c5158]
2019-08-20 22:35:17,655 [IPC Server handler 8 on 37692] WARN  block.BlockManagerImpl (BlockManagerImpl.java:allocateBlock(192)) - Pipeline creation failed for type:RATIS factor:THREE. Retrying get pipelines call once.
org.apache.hadoop.hdds.scm.pipeline.InsufficientDatanodesException: Cannot create pipeline of factor 3 using 2 nodes.
	at org.apache.hadoop.hdds.scm.pipeline.RatisPipelineProvider.create(RatisPipelineProvider.java:151)
	at org.apache.hadoop.hdds.scm.pipeline.PipelineFactory.create(PipelineFactory.java:57)
	at org.apache.hadoop.hdds.scm.pipeline.SCMPipelineManager.createPipeline(SCMPipelineManager.java:149)
	at org.apache.hadoop.hdds.scm.block.BlockManagerImpl.allocateBlock(BlockManagerImpl.java:190)
	at org.apache.hadoop.hdds.scm.server.SCMBlockProtocolServer.allocateBlock(SCMBlockProtocolServer.java:175)
	at org.apache.hadoop.ozone.protocolPB.ScmBlockLocationProtocolServerSideTranslatorPB.allocateScmBlock(ScmBlockLocationProtocolServerSideTranslatorPB.java:153)
	at org.apache.hadoop.ozone.protocolPB.ScmBlockLocationProtocolServerSideTranslatorPB.send(ScmBlockLocationProtocolServerSideTranslatorPB.java:112)
	at org.apache.hadoop.hdds.protocol.proto.ScmBlockLocationProtocolProtos$ScmBlockLocationProtocolService$2.callBlockingMethod(ScmBlockLocationProtocolProtos.java:13157)
	at org.apache.hadoop.ipc.ProtobufRpcEngine$Server$ProtoBufRpcInvoker.call(ProtobufRpcEngine.java:524)
	at org.apache.hadoop.ipc.RPC$Server.call(RPC.java:1025)
	at org.apache.hadoop.ipc.Server$RpcCall.run(Server.java:876)
	at org.apache.hadoop.ipc.Server$RpcCall.run(Server.java:822)
	at java.security.AccessController.doPrivileged(Native Method)
	at javax.security.auth.Subject.doAs(Subject.java:422)
	at org.apache.hadoop.security.UserGroupInformation.doAs(UserGroupInformation.java:1730)
	at org.apache.hadoop.ipc.Server$Handler.run(Server.java:2682)
2019-08-20 22:35:17,656 [IPC Server handler 8 on 37692] INFO  block.BlockManagerImpl (BlockManagerImpl.java:allocateBlock(198)) - Could not find available pipeline of type:RATIS and factor:THREE even after retrying
2019-08-20 22:35:17,656 [IPC Server handler 8 on 37692] ERROR block.BlockManagerImpl (BlockManagerImpl.java:allocateBlock(222)) - Unable to allocate a block for the size: 4194304, type: RATIS, factor: THREE
2019-08-20 22:35:17,657 | INFO  | SCMAudit | user=jenkins1000 | ip=192.168.5.142 | op=ALLOCATE_BLOCK {owner=6f694d07-2a2f-44d9-8e1c-aaa094a2f647, size=4194304, type=RATIS, factor=THREE} | ret=SUCCESS |  
2019-08-20 22:35:17,659 | ERROR | OMAudit | user=jenkins1000 | ip=127.0.0.1 | op=ALLOCATE_BLOCK {volume=vol-0-80747, bucket=bucket-0-27686, key=key-0-47435, dataSize=0, replicationType=null, replicationFactor=null, keyLocationInfo=null, clientID=102651687805452690} | ret=FAILURE | org.apache.hadoop.hdds.scm.exceptions.SCMException: Allocated 0 blocks. Requested 1 blocks
	at org.apache.hadoop.hdds.scm.protocolPB.ScmBlockLocationProtocolClientSideTranslatorPB.handleError(ScmBlockLocationProtocolClientSideTranslatorPB.java:118)
	at org.apache.hadoop.hdds.scm.protocolPB.ScmBlockLocationProtocolClientSideTranslatorPB.allocateBlock(ScmBlockLocationProtocolClientSideTranslatorPB.java:156) 
2019-08-20 22:35:17,664 [pool-282-thread-1] ERROR io.BlockOutputStreamEntryPool (BlockOutputStreamEntryPool.java:allocateBlockIfNeeded(299)) - Try to allocate more blocks for write failed, already allocated 0 blocks for this write.
INTERNAL_ERROR org.apache.hadoop.ozone.om.exceptions.OMException: Allocated 0 blocks. Requested 1 blocks
	at org.apache.hadoop.ozone.om.protocolPB.OzoneManagerProtocolClientSideTranslatorPB.handleError(OzoneManagerProtocolClientSideTranslatorPB.java:725)
	at org.apache.hadoop.ozone.om.protocolPB.OzoneManagerProtocolClientSideTranslatorPB.allocateBlock(OzoneManagerProtocolClientSideTranslatorPB.java:757)
	at org.apache.hadoop.ozone.client.io.BlockOutputStreamEntryPool.allocateNewBlock(BlockOutputStreamEntryPool.java:248)
	at org.apache.hadoop.ozone.client.io.BlockOutputStreamEntryPool.allocateBlockIfNeeded(BlockOutputStreamEntryPool.java:296)
	at org.apache.hadoop.ozone.client.io.KeyOutputStream.handleWrite(KeyOutputStream.java:201)
	at org.apache.hadoop.ozone.client.io.KeyOutputStream.write(KeyOutputStream.java:193)
	at org.apache.hadoop.ozone.client.io.OzoneOutputStream.write(OzoneOutputStream.java:49)
	at org.apache.hadoop.ozone.freon.RandomKeyGenerator.createKey(RandomKeyGenerator.java:699)
	at org.apache.hadoop.ozone.freon.RandomKeyGenerator.access$1100(RandomKeyGenerator.java:87)
	at org.apache.hadoop.ozone.freon.RandomKeyGenerator$ObjectCreator.run(RandomKeyGenerator.java:606)
	at java.util.concurrent.Executors$RunnableAdapter.call(Executors.java:511)
	at java.util.concurrent.FutureTask.run(FutureTask.java:266)
	at java.util.concurrent.ThreadPoolExecutor.runWorker(ThreadPoolExecutor.java:1149)
	at java.util.concurrent.ThreadPoolExecutor$Worker.run(ThreadPoolExecutor.java:624)
	at java.lang.Thread.run(Thread.java:748)
2019-08-20 22:35:17,665 [pool-282-thread-1] ERROR freon.RandomKeyGenerator (RandomKeyGenerator.java:createKey(724)) - Exception while adding key: key-0-47435 in bucket: bucket-0-27686 of volume: vol-0-80747.
INTERNAL_ERROR org.apache.hadoop.ozone.om.exceptions.OMException: Allocated 0 blocks. Requested 1 blocks
	at org.apache.hadoop.ozone.om.protocolPB.OzoneManagerProtocolClientSideTranslatorPB.handleError(OzoneManagerProtocolClientSideTranslatorPB.java:725)
	at org.apache.hadoop.ozone.om.protocolPB.OzoneManagerProtocolClientSideTranslatorPB.allocateBlock(OzoneManagerProtocolClientSideTranslatorPB.java:757)
	at org.apache.hadoop.ozone.client.io.BlockOutputStreamEntryPool.allocateNewBlock(BlockOutputStreamEntryPool.java:248)
	at org.apache.hadoop.ozone.client.io.BlockOutputStreamEntryPool.allocateBlockIfNeeded(BlockOutputStreamEntryPool.java:296)
	at org.apache.hadoop.ozone.client.io.KeyOutputStream.handleWrite(KeyOutputStream.java:201)
	at org.apache.hadoop.ozone.client.io.KeyOutputStream.write(KeyOutputStream.java:193)
	at org.apache.hadoop.ozone.client.io.OzoneOutputStream.write(OzoneOutputStream.java:49)
	at org.apache.hadoop.ozone.freon.RandomKeyGenerator.createKey(RandomKeyGenerator.java:699)
	at org.apache.hadoop.ozone.freon.RandomKeyGenerator.access$1100(RandomKeyGenerator.java:87)
	at org.apache.hadoop.ozone.freon.RandomKeyGenerator$ObjectCreator.run(RandomKeyGenerator.java:606)
	at java.util.concurrent.Executors$RunnableAdapter.call(Executors.java:511)
	at java.util.concurrent.FutureTask.run(FutureTask.java:266)
	at java.util.concurrent.ThreadPoolExecutor.runWorker(ThreadPoolExecutor.java:1149)
	at java.util.concurrent.ThreadPoolExecutor$Worker.run(ThreadPoolExecutor.java:624)
	at java.lang.Thread.run(Thread.java:748)
2019-08-20 22:35:18,543 | INFO  | SCMAudit | user=jenkins1000 | ip=192.168.5.142 | op=SEND_HEARTBEAT {datanodeUUID=eafd9314-3f13-422a-a2ac-adfcde2d7481, command=[]} | ret=SUCCESS |  
2019-08-20 22:35:18,543 | INFO  | SCMAudit | user=jenkins1000 | ip=192.168.5.142 | op=SEND_HEARTBEAT {datanodeUUID=d55cd342-4e6c-4701-86f3-cb557f3478dc, command=[]} | ret=SUCCESS |  
2019-08-20 22:35:18,543 | INFO  | SCMAudit | user=jenkins1000 | ip=192.168.5.142 | op=SEND_HEARTBEAT {datanodeUUID=c447b9b6-dde2-4ce7-aa81-d0e2eddc8fe9, command=[]} | ret=SUCCESS |  
2019-08-20 22:35:18,544 | INFO  | SCMAudit | user=jenkins1000 | ip=192.168.5.142 | op=SEND_HEARTBEAT {datanodeUUID=947ec526-030f-41cc-8af7-a6f75e712ab0, command=[]} | ret=SUCCESS |  
2019-08-20 22:35:18,546 | INFO  | SCMAudit | user=jenkins1000 | ip=192.168.5.142 | op=SEND_HEARTBEAT {datanodeUUID=28b540ac-241d-462a-a56c-509e92928066, command=[]} | ret=SUCCESS |  
 0.00% |█                                                                                                    |  0/1 Time: 0:01:072019-08-20 22:35:19,544 | INFO  | SCMAudit | user=jenkins1000 | ip=192.168.5.142 | op=SEND_HEARTBEAT {datanodeUUID=eafd9314-3f13-422a-a2ac-adfcde2d7481, command=[]} | ret=SUCCESS |  
2019-08-20 22:35:19,543 | INFO  | SCMAudit | user=jenkins1000 | ip=192.168.5.142 | op=SEND_HEARTBEAT {datanodeUUID=c447b9b6-dde2-4ce7-aa81-d0e2eddc8fe9, command=[]} | ret=SUCCESS |  
2019-08-20 22:35:19,543 | INFO  | SCMAudit | user=jenkins1000 | ip=192.168.5.142 | op=SEND_HEARTBEAT {datanodeUUID=d55cd342-4e6c-4701-86f3-cb557f3478dc, command=[]} | ret=SUCCESS |  
2019-08-20 22:35:19,545 | INFO  | SCMAudit | user=jenkins1000 | ip=192.168.5.142 | op=SEND_HEARTBEAT {datanodeUUID=947ec526-030f-41cc-8af7-a6f75e712ab0, command=[]} | ret=SUCCESS |  
2019-08-20 22:35:19,546 | INFO  | SCMAudit | user=jenkins1000 | ip=192.168.5.142 | op=SEND_HEARTBEAT {datanodeUUID=28b540ac-241d-462a-a56c-509e92928066, command=[]} | ret=SUCCESS |  
 0.00% |█                                                                                                    |  0/1 Time: 0:01:082019-08-20 22:35:20,543 | INFO  | SCMAudit | user=jenkins1000 | ip=192.168.5.142 | op=SEND_HEARTBEAT {datanodeUUID=c447b9b6-dde2-4ce7-aa81-d0e2eddc8fe9, command=[]} | ret=SUCCESS |  
2019-08-20 22:35:20,543 | INFO  | SCMAudit | user=jenkins1000 | ip=192.168.5.142 | op=SEND_HEARTBEAT {datanodeUUID=eafd9314-3f13-422a-a2ac-adfcde2d7481, command=[]} | ret=SUCCESS |  
2019-08-20 22:35:20,543 | INFO  | SCMAudit | user=jenkins1000 | ip=192.168.5.142 | op=SEND_HEARTBEAT {datanodeUUID=d55cd342-4e6c-4701-86f3-cb557f3478dc, command=[]} | ret=SUCCESS |  
2019-08-20 22:35:20,545 | INFO  | SCMAudit | user=jenkins1000 | ip=192.168.5.142 | op=SEND_HEARTBEAT {datanodeUUID=947ec526-030f-41cc-8af7-a6f75e712ab0, command=[]} | ret=SUCCESS |  
2019-08-20 22:35:20,547 | INFO  | SCMAudit | user=jenkins1000 | ip=192.168.5.142 | op=SEND_HEARTBEAT {datanodeUUID=28b540ac-241d-462a-a56c-509e92928066, command=[]} | ret=SUCCESS |  
 0.00% |█                                                                                                    |  0/1 Time: 0:01:092019-08-20 22:35:21,544 | INFO  | SCMAudit | user=jenkins1000 | ip=192.168.5.142 | op=SEND_HEARTBEAT {datanodeUUID=d55cd342-4e6c-4701-86f3-cb557f3478dc, command=[]} | ret=SUCCESS |  
2019-08-20 22:35:21,544 | INFO  | SCMAudit | user=jenkins1000 | ip=192.168.5.142 | op=SEND_HEARTBEAT {datanodeUUID=eafd9314-3f13-422a-a2ac-adfcde2d7481, command=[]} | ret=SUCCESS |  
2019-08-20 22:35:21,544 | INFO  | SCMAudit | user=jenkins1000 | ip=192.168.5.142 | op=SEND_HEARTBEAT {datanodeUUID=c447b9b6-dde2-4ce7-aa81-d0e2eddc8fe9, command=[]} | ret=SUCCESS |  
2019-08-20 22:35:21,545 | INFO  | SCMAudit | user=jenkins1000 | ip=192.168.5.142 | op=SEND_HEARTBEAT {datanodeUUID=947ec526-030f-41cc-8af7-a6f75e712ab0, command=[]} | ret=SUCCESS |  
2019-08-20 22:35:21,548 | INFO  | SCMAudit | user=jenkins1000 | ip=192.168.5.142 | op=SEND_HEARTBEAT {datanodeUUID=28b540ac-241d-462a-a56c-509e92928066, command=[]} | ret=SUCCESS |  
 100.00% |█████████████████████████████████████████████████████████████████████████████████████████████████████|  1/1 Time: 0:01:10
2019-08-20 22:35:22,543 | INFO  | SCMAudit | user=jenkins1000 | ip=192.168.5.142 | op=SEND_HEARTBEAT {datanodeUUID=c447b9b6-dde2-4ce7-aa81-d0e2eddc8fe9, command=[]} | ret=SUCCESS |  
2019-08-20 22:35:22,544 | INFO  | SCMAudit | user=jenkins1000 | ip=192.168.5.142 | op=SEND_HEARTBEAT {datanodeUUID=eafd9314-3f13-422a-a2ac-adfcde2d7481, command=[]} | ret=SUCCESS |  
2019-08-20 22:35:22,544 | INFO  | SCMAudit | user=jenkins1000 | ip=192.168.5.142 | op=SEND_HEARTBEAT {datanodeUUID=d55cd342-4e6c-4701-86f3-cb557f3478dc, command=[]} | ret=SUCCESS |  
2019-08-20 22:35:22,544 | INFO  | SCMAudit | user=jenkins1000 | ip=192.168.5.142 | op=SEND_HEARTBEAT {datanodeUUID=947ec526-030f-41cc-8af7-a6f75e712ab0, command=[]} | ret=SUCCESS |  
2019-08-20 22:35:22,549 | INFO  | SCMAudit | user=jenkins1000 | ip=192.168.5.142 | op=SEND_HEARTBEAT {datanodeUUID=28b540ac-241d-462a-a56c-509e92928066, command=[]} | ret=SUCCESS |  
2019-08-20 22:35:23,543 | INFO  | SCMAudit | user=jenkins1000 | ip=192.168.5.142 | op=SEND_HEARTBEAT {datanodeUUID=c447b9b6-dde2-4ce7-aa81-d0e2eddc8fe9, command=[]} | ret=SUCCESS |  
2019-08-20 22:35:23,543 | INFO  | SCMAudit | user=jenkins1000 | ip=192.168.5.142 | op=SEND_HEARTBEAT {datanodeUUID=d55cd342-4e6c-4701-86f3-cb557f3478dc, command=[]} | ret=SUCCESS |  
2019-08-20 22:35:23,543 | INFO  | SCMAudit | user=jenkins1000 | ip=192.168.5.142 | op=SEND_HEARTBEAT {datanodeUUID=eafd9314-3f13-422a-a2ac-adfcde2d7481, command=[]} | ret=SUCCESS |  
2019-08-20 22:35:23,545 | INFO  | SCMAudit | user=jenkins1000 | ip=192.168.5.142 | op=SEND_HEARTBEAT {datanodeUUID=947ec526-030f-41cc-8af7-a6f75e712ab0, command=[]} | ret=SUCCESS |  
2019-08-20 22:35:23,549 | INFO  | SCMAudit | user=jenkins1000 | ip=192.168.5.142 | op=SEND_HEARTBEAT {datanodeUUID=28b540ac-241d-462a-a56c-509e92928066, command=[]} | ret=SUCCESS |  
2019-08-20 22:35:24,543 | INFO  | SCMAudit | user=jenkins1000 | ip=192.168.5.142 | op=SEND_HEARTBEAT {datanodeUUID=eafd9314-3f13-422a-a2ac-adfcde2d7481, command=[]} | ret=SUCCESS |  
2019-08-20 22:35:24,543 | INFO  | SCMAudit | user=jenkins1000 | ip=192.168.5.142 | op=SEND_HEARTBEAT {datanodeUUID=d55cd342-4e6c-4701-86f3-cb557f3478dc, command=[]} | ret=SUCCESS |  
2019-08-20 22:35:24,543 | INFO  | SCMAudit | user=jenkins1000 | ip=192.168.5.142 | op=SEND_HEARTBEAT {datanodeUUID=c447b9b6-dde2-4ce7-aa81-d0e2eddc8fe9, command=[]} | ret=SUCCESS |  
2019-08-20 22:35:24,546 | INFO  | SCMAudit | user=jenkins1000 | ip=192.168.5.142 | op=SEND_HEARTBEAT {datanodeUUID=947ec526-030f-41cc-8af7-a6f75e712ab0, command=[]} | ret=SUCCESS |  
2019-08-20 22:35:24,549 | INFO  | SCMAudit | user=jenkins1000 | ip=192.168.5.142 | op=SEND_HEARTBEAT {datanodeUUID=28b540ac-241d-462a-a56c-509e92928066, command=[]} | ret=SUCCESS |  
2019-08-20 22:35:25,544 | INFO  | SCMAudit | user=jenkins1000 | ip=192.168.5.142 | op=SEND_HEARTBEAT {datanodeUUID=eafd9314-3f13-422a-a2ac-adfcde2d7481, command=[]} | ret=SUCCESS |  
2019-08-20 22:35:25,544 | INFO  | SCMAudit | user=jenkins1000 | ip=192.168.5.142 | op=SEND_HEARTBEAT {datanodeUUID=d55cd342-4e6c-4701-86f3-cb557f3478dc, command=[]} | ret=SUCCESS |  
2019-08-20 22:35:25,544 | INFO  | SCMAudit | user=jenkins1000 | ip=192.168.5.142 | op=SEND_HEARTBEAT {datanodeUUID=c447b9b6-dde2-4ce7-aa81-d0e2eddc8fe9, command=[]} | ret=SUCCESS |  
2019-08-20 22:35:25,546 | INFO  | SCMAudit | user=jenkins1000 | ip=192.168.5.142 | op=SEND_HEARTBEAT {datanodeUUID=947ec526-030f-41cc-8af7-a6f75e712ab0, command=[]} | ret=SUCCESS |  
2019-08-20 22:35:25,549 | INFO  | SCMAudit | user=jenkins1000 | ip=192.168.5.142 | op=SEND_HEARTBEAT {datanodeUUID=28b540ac-241d-462a-a56c-509e92928066, command=[]} | ret=SUCCESS |  
]]></system-out>
  </testcase>
  <testcase name="fileWithSizeZero" classname="org.apache.hadoop.ozone.freon.TestRandomKeyGenerator" time="5.033"/>
  <testcase name="multiThread" classname="org.apache.hadoop.ozone.freon.TestRandomKeyGenerator" time="5.031"/>
</testsuite>