<?xml version="1.0" encoding="UTF-8"?>
<testsuite xmlns:xsi="http://www.w3.org/2001/XMLSchema-instance" xsi:noNamespaceSchemaLocation="https://maven.apache.org/surefire/maven-surefire-plugin/xsd/surefire-test-report.xsd" name="org.apache.hadoop.ozone.client.rpc.TestBlockOutputStreamWithFailures" time="746.951" tests="8" errors="0" skipped="0" failures="1">
  <properties>
    <property name="awt.toolkit" value="sun.awt.X11.XToolkit"/>
    <property name="file.encoding.pkg" value="sun.io"/>
    <property name="java.specification.version" value="1.8"/>
    <property name="sun.cpu.isalist" value=""/>
    <property name="sun.jnu.encoding" value="UTF-8"/>
    <property name="java.class.path" value="/workdir/hadoop-ozone/integration-test/target/test-classes:/workdir/hadoop-ozone/integration-test/target/classes:/home/user/.m2/repository/org/apache/hadoop/hadoop-ozone-common/0.5.0-SNAPSHOT/hadoop-ozone-common-0.5.0-SNAPSHOT.jar:/home/user/.m2/repository/org/apache/commons/commons-compress/1.4.1/commons-compress-1.4.1.jar:/home/user/.m2/repository/org/tukaani/xz/1.0/xz-1.0.jar:/home/user/.m2/repository/org/apache/hadoop/hadoop-common/3.2.0/hadoop-common-3.2.0.jar:/home/user/.m2/repository/org/apache/hadoop/hadoop-hdfs/3.2.0/hadoop-hdfs-3.2.0.jar:/home/user/.m2/repository/org/apache/hadoop/hadoop-hdfs-client/3.2.0/hadoop-hdfs-client-3.2.0.jar:/home/user/.m2/repository/com/fasterxml/jackson/core/jackson-annotations/2.9.5/jackson-annotations-2.9.5.jar:/home/user/.m2/repository/org/apache/hadoop/hadoop-hdds-common/0.5.0-SNAPSHOT/hadoop-hdds-common-0.5.0-SNAPSHOT.jar:/home/user/.m2/repository/javax/annotation/javax.annotation-api/1.2/javax.annotation-api-1.2.jar:/home/user/.m2/repository/org/apache/ratis/ratis-server/0.4.0-2337318-SNAPSHOT/ratis-server-0.4.0-2337318-SNAPSHOT.jar:/home/user/.m2/repository/org/apache/ratis/ratis-thirdparty-misc/0.2.0/ratis-thirdparty-misc-0.2.0.jar:/home/user/.m2/repository/org/apache/ratis/ratis-proto/0.4.0-2337318-SNAPSHOT/ratis-proto-0.4.0-2337318-SNAPSHOT.jar:/home/user/.m2/repository/org/apache/ratis/ratis-common/0.4.0-2337318-SNAPSHOT/ratis-common-0.4.0-2337318-SNAPSHOT.jar:/home/user/.m2/repository/org/apache/ratis/ratis-client/0.4.0-2337318-SNAPSHOT/ratis-client-0.4.0-2337318-SNAPSHOT.jar:/home/user/.m2/repository/org/apache/ratis/ratis-metrics/0.4.0-2337318-SNAPSHOT/ratis-metrics-0.4.0-2337318-SNAPSHOT.jar:/home/user/.m2/repository/org/apache/ratis/ratis-netty/0.4.0-2337318-SNAPSHOT/ratis-netty-0.4.0-2337318-SNAPSHOT.jar:/home/user/.m2/repository/org/apache/ratis/ratis-grpc/0.4.0-2337318-SNAPSHOT/ratis-grpc-0.4.0-2337318-SNAPSHOT.jar:/home/user/.m2/repository/org/rocksdb/rocksdbjni/6.0.1/rocksdbjni-6.0.1.jar:/home/user/.m2/repository/org/apache/logging/log4j/log4j-api/2.11.0/log4j-api-2.11.0.jar:/home/user/.m2/repository/org/apache/logging/log4j/log4j-core/2.11.0/log4j-core-2.11.0.jar:/home/user/.m2/repository/com/lmax/disruptor/3.4.2/disruptor-3.4.2.jar:/home/user/.m2/repository/org/apache/commons/commons-pool2/2.6.0/commons-pool2-2.6.0.jar:/home/user/.m2/repository/org/bouncycastle/bcpkix-jdk15on/1.60/bcpkix-jdk15on-1.60.jar:/home/user/.m2/repository/commons-validator/commons-validator/1.6/commons-validator-1.6.jar:/home/user/.m2/repository/commons-digester/commons-digester/1.8.1/commons-digester-1.8.1.jar:/home/user/.m2/repository/io/jaegertracing/jaeger-client/0.33.1/jaeger-client-0.33.1.jar:/home/user/.m2/repository/io/jaegertracing/jaeger-thrift/0.33.1/jaeger-thrift-0.33.1.jar:/home/user/.m2/repository/org/apache/thrift/libthrift/0.11.0/libthrift-0.11.0.jar:/home/user/.m2/repository/com/squareup/okhttp3/okhttp/3.9.0/okhttp-3.9.0.jar:/home/user/.m2/repository/com/squareup/okio/okio/1.13.0/okio-1.13.0.jar:/home/user/.m2/repository/io/jaegertracing/jaeger-core/0.33.1/jaeger-core-0.33.1.jar:/home/user/.m2/repository/io/jaegertracing/jaeger-tracerresolver/0.33.1/jaeger-tracerresolver-0.33.1.jar:/home/user/.m2/repository/io/opentracing/contrib/opentracing-tracerresolver/0.1.5/opentracing-tracerresolver-0.1.5.jar:/home/user/.m2/repository/io/opentracing/opentracing-util/0.31.0/opentracing-util-0.31.0.jar:/home/user/.m2/repository/io/opentracing/opentracing-api/0.31.0/opentracing-api-0.31.0.jar:/home/user/.m2/repository/io/opentracing/opentracing-noop/0.31.0/opentracing-noop-0.31.0.jar:/home/user/.m2/repository/org/apache/hadoop/hadoop-hdds-server-framework/0.5.0-SNAPSHOT/hadoop-hdds-server-framework-0.5.0-SNAPSHOT.jar:/home/user/.m2/repository/org/apache/hadoop/hadoop-hdds-container-service/0.5.0-SNAPSHOT/hadoop-hdds-container-service-0.5.0-SNAPSHOT.jar:/home/user/.m2/repository/org/apache/hadoop/hadoop-hdds-client/0.5.0-SNAPSHOT/hadoop-hdds-client-0.5.0-SNAPSHOT.jar:/home/user/.m2/repository/org/apache/hadoop/hadoop-hdds-tools/0.5.0-SNAPSHOT/hadoop-hdds-tools-0.5.0-SNAPSHOT.jar:/home/user/.m2/repository/org/apache/hadoop/hadoop-hdds-server-scm/0.5.0-SNAPSHOT/hadoop-hdds-server-scm-0.5.0-SNAPSHOT.jar:/home/user/.m2/repository/org/apache/hadoop/hadoop-hdds-docs/0.5.0-SNAPSHOT/hadoop-hdds-docs-0.5.0-SNAPSHOT.jar:/home/user/.m2/repository/io/dropwizard/metrics/metrics-core/3.2.4/metrics-core-3.2.4.jar:/home/user/.m2/repository/org/hamcrest/hamcrest-all/1.3/hamcrest-all-1.3.jar:/home/user/.m2/repository/org/bouncycastle/bcprov-jdk15on/1.60/bcprov-jdk15on-1.60.jar:/home/user/.m2/repository/info/picocli/picocli/3.9.6/picocli-3.9.6.jar:/home/user/.m2/repository/com/google/protobuf/protobuf-java/2.5.0/protobuf-java-2.5.0.jar:/home/user/.m2/repository/com/google/guava/guava/11.0.2/guava-11.0.2.jar:/home/user/.m2/repository/org/apache/hadoop/hadoop-ozone-ozone-manager/0.5.0-SNAPSHOT/hadoop-ozone-ozone-manager-0.5.0-SNAPSHOT.jar:/home/user/.m2/repository/org/apache/hadoop/hadoop-minikdc/3.2.0/hadoop-minikdc-3.2.0.jar:/home/user/.m2/repository/commons-io/commons-io/2.5/commons-io-2.5.jar:/home/user/.m2/repository/org/apache/kerby/kerb-simplekdc/1.0.1/kerb-simplekdc-1.0.1.jar:/home/user/.m2/repository/org/apache/kerby/kerb-client/1.0.1/kerb-client-1.0.1.jar:/home/user/.m2/repository/org/apache/kerby/kerby-config/1.0.1/kerby-config-1.0.1.jar:/home/user/.m2/repository/org/apache/kerby/kerb-core/1.0.1/kerb-core-1.0.1.jar:/home/user/.m2/repository/org/apache/kerby/kerby-pkix/1.0.1/kerby-pkix-1.0.1.jar:/home/user/.m2/repository/org/apache/kerby/kerby-asn1/1.0.1/kerby-asn1-1.0.1.jar:/home/user/.m2/repository/org/apache/kerby/kerby-util/1.0.1/kerby-util-1.0.1.jar:/home/user/.m2/repository/org/apache/kerby/kerb-common/1.0.1/kerb-common-1.0.1.jar:/home/user/.m2/repository/org/apache/kerby/kerb-crypto/1.0.1/kerb-crypto-1.0.1.jar:/home/user/.m2/repository/org/apache/kerby/kerb-util/1.0.1/kerb-util-1.0.1.jar:/home/user/.m2/repository/org/apache/kerby/token-provider/1.0.1/token-provider-1.0.1.jar:/home/user/.m2/repository/org/apache/kerby/kerb-admin/1.0.1/kerb-admin-1.0.1.jar:/home/user/.m2/repository/org/apache/kerby/kerb-server/1.0.1/kerb-server-1.0.1.jar:/home/user/.m2/repository/org/apache/kerby/kerb-identity/1.0.1/kerb-identity-1.0.1.jar:/home/user/.m2/repository/org/apache/kerby/kerby-xdr/1.0.1/kerby-xdr-1.0.1.jar:/home/user/.m2/repository/org/slf4j/slf4j-log4j12/1.7.25/slf4j-log4j12-1.7.25.jar:/home/user/.m2/repository/org/apache/hadoop/hadoop-ozone-s3gateway/0.5.0-SNAPSHOT/hadoop-ozone-s3gateway-0.5.0-SNAPSHOT.jar:/home/user/.m2/repository/org/jboss/weld/servlet/weld-servlet/2.4.7.Final/weld-servlet-2.4.7.Final.jar:/home/user/.m2/repository/org/glassfish/jersey/containers/jersey-container-servlet-core/2.27/jersey-container-servlet-core-2.27.jar:/home/user/.m2/repository/org/glassfish/hk2/external/javax.inject/2.5.0-b42/javax.inject-2.5.0-b42.jar:/home/user/.m2/repository/org/glassfish/jersey/core/jersey-common/2.27/jersey-common-2.27.jar:/home/user/.m2/repository/org/glassfish/hk2/osgi-resource-locator/1.0.1/osgi-resource-locator-1.0.1.jar:/home/user/.m2/repository/javax/ws/rs/javax.ws.rs-api/2.1/javax.ws.rs-api-2.1.jar:/home/user/.m2/repository/org/glassfish/jersey/ext/cdi/jersey-cdi1x/2.27/jersey-cdi1x-2.27.jar:/home/user/.m2/repository/org/glassfish/jersey/inject/jersey-hk2/2.27/jersey-hk2-2.27.jar:/home/user/.m2/repository/org/glassfish/hk2/hk2-locator/2.5.0-b42/hk2-locator-2.5.0-b42.jar:/home/user/.m2/repository/org/javassist/javassist/3.22.0-CR2/javassist-3.22.0-CR2.jar:/home/user/.m2/repository/org/glassfish/hk2/hk2-api/2.5.0/hk2-api-2.5.0.jar:/home/user/.m2/repository/org/glassfish/hk2/external/jakarta.inject/2.5.0/jakarta.inject-2.5.0.jar:/home/user/.m2/repository/org/glassfish/hk2/hk2-utils/2.5.0/hk2-utils-2.5.0.jar:/home/user/.m2/repository/jakarta/annotation/jakarta.annotation-api/1.3.4/jakarta.annotation-api-1.3.4.jar:/home/user/.m2/repository/org/glassfish/hk2/external/aopalliance-repackaged/2.5.0/aopalliance-repackaged-2.5.0.jar:/home/user/.m2/repository/com/fasterxml/jackson/dataformat/jackson-dataformat-xml/2.9.0/jackson-dataformat-xml-2.9.0.jar:/home/user/.m2/repository/com/fasterxml/jackson/core/jackson-core/2.9.5/jackson-core-2.9.5.jar:/home/user/.m2/repository/com/fasterxml/jackson/module/jackson-module-jaxb-annotations/2.9.5/jackson-module-jaxb-annotations-2.9.5.jar:/home/user/.m2/repository/javax/enterprise/cdi-api/1.2/cdi-api-1.2.jar:/home/user/.m2/repository/javax/el/javax.el-api/3.0.0/javax.el-api-3.0.0.jar:/home/user/.m2/repository/javax/interceptor/javax.interceptor-api/1.2/javax.interceptor-api-1.2.jar:/home/user/.m2/repository/javax/inject/javax.inject/1/javax.inject-1.jar:/home/user/.m2/repository/com/sun/xml/bind/jaxb-impl/2.3.0.1/jaxb-impl-2.3.0.1.jar:/home/user/.m2/repository/com/sun/xml/bind/jaxb-core/2.3.0.1/jaxb-core-2.3.0.1.jar:/home/user/.m2/repository/javax/xml/bind/jaxb-api/2.3.0/jaxb-api-2.3.0.jar:/home/user/.m2/repository/javax/activation/activation/1.1.1/activation-1.1.1.jar:/home/user/.m2/repository/org/apache/hadoop/hadoop-ozone-csi/0.5.0-SNAPSHOT/hadoop-ozone-csi-0.5.0-SNAPSHOT.jar:/home/user/.m2/repository/com/google/protobuf/protobuf-java-util/3.5.1/protobuf-java-util-3.5.1.jar:/home/user/.m2/repository/org/apache/hadoop/hadoop-hdds-config/0.5.0-SNAPSHOT/hadoop-hdds-config-0.5.0-SNAPSHOT.jar:/home/user/.m2/repository/io/grpc/grpc-netty/1.17.1/grpc-netty-1.17.1.jar:/home/user/.m2/repository/io/grpc/grpc-core/1.17.1/grpc-core-1.17.1.jar:/home/user/.m2/repository/io/grpc/grpc-context/1.17.1/grpc-context-1.17.1.jar:/home/user/.m2/repository/com/google/errorprone/error_prone_annotations/2.2.0/error_prone_annotations-2.2.0.jar:/home/user/.m2/repository/org/codehaus/mojo/animal-sniffer-annotations/1.17/animal-sniffer-annotations-1.17.jar:/home/user/.m2/repository/io/opencensus/opencensus-api/0.17.0/opencensus-api-0.17.0.jar:/home/user/.m2/repository/io/opencensus/opencensus-contrib-grpc-metrics/0.17.0/opencensus-contrib-grpc-metrics-0.17.0.jar:/home/user/.m2/repository/io/netty/netty-codec-http2/4.1.30.Final/netty-codec-http2-4.1.30.Final.jar:/home/user/.m2/repository/io/netty/netty-codec-http/4.1.30.Final/netty-codec-http-4.1.30.Final.jar:/home/user/.m2/repository/io/netty/netty-codec/4.1.30.Final/netty-codec-4.1.30.Final.jar:/home/user/.m2/repository/io/netty/netty-handler/4.1.30.Final/netty-handler-4.1.30.Final.jar:/home/user/.m2/repository/io/netty/netty-handler-proxy/4.1.30.Final/netty-handler-proxy-4.1.30.Final.jar:/home/user/.m2/repository/io/netty/netty-codec-socks/4.1.30.Final/netty-codec-socks-4.1.30.Final.jar:/home/user/.m2/repository/io/netty/netty-transport-native-epoll/4.1.30.Final/netty-transport-native-epoll-4.1.30.Final.jar:/home/user/.m2/repository/io/netty/netty-common/4.1.30.Final/netty-common-4.1.30.Final.jar:/home/user/.m2/repository/io/netty/netty-buffer/4.1.30.Final/netty-buffer-4.1.30.Final.jar:/home/user/.m2/repository/io/netty/netty-transport/4.1.30.Final/netty-transport-4.1.30.Final.jar:/home/user/.m2/repository/io/netty/netty-resolver/4.1.30.Final/netty-resolver-4.1.30.Final.jar:/home/user/.m2/repository/io/netty/netty-transport-native-unix-common/4.1.30.Final/netty-transport-native-unix-common-4.1.30.Final.jar:/home/user/.m2/repository/io/grpc/grpc-protobuf/1.17.1/grpc-protobuf-1.17.1.jar:/home/user/.m2/repository/com/google/api/grpc/proto-google-common-protos/1.0.0/proto-google-common-protos-1.0.0.jar:/home/user/.m2/repository/io/grpc/grpc-protobuf-lite/1.17.1/grpc-protobuf-lite-1.17.1.jar:/home/user/.m2/repository/io/grpc/grpc-stub/1.17.1/grpc-stub-1.17.1.jar:/home/user/.m2/repository/org/apache/hadoop/hadoop-ozone-recon/0.5.0-SNAPSHOT/hadoop-ozone-recon-0.5.0-SNAPSHOT.jar:/home/user/.m2/repository/org/apache/hadoop/hadoop-ozone-reconcodegen/0.5.0-SNAPSHOT/hadoop-ozone-reconcodegen-0.5.0-SNAPSHOT.jar:/home/user/.m2/repository/com/google/inject/extensions/guice-multibindings/4.0/guice-multibindings-4.0.jar:/home/user/.m2/repository/com/google/inject/guice/4.0/guice-4.0.jar:/home/user/.m2/repository/aopalliance/aopalliance/1.0/aopalliance-1.0.jar:/home/user/.m2/repository/com/google/inject/extensions/guice-servlet/4.0/guice-servlet-4.0.jar:/home/user/.m2/repository/org/glassfish/jersey/containers/jersey-container-servlet/2.27/jersey-container-servlet-2.27.jar:/home/user/.m2/repository/org/glassfish/hk2/guice-bridge/2.5.0/guice-bridge-2.5.0.jar:/home/user/.m2/repository/org/glassfish/jersey/core/jersey-server/2.27/jersey-server-2.27.jar:/home/user/.m2/repository/org/glassfish/jersey/core/jersey-client/2.27/jersey-client-2.27.jar:/home/user/.m2/repository/org/glassfish/jersey/media/jersey-media-jaxb/2.27/jersey-media-jaxb-2.27.jar:/home/user/.m2/repository/javax/validation/validation-api/1.1.0.Final/validation-api-1.1.0.Final.jar:/home/user/.m2/repository/org/glassfish/jersey/media/jersey-media-json-jackson/2.27/jersey-media-json-jackson-2.27.jar:/home/user/.m2/repository/org/glassfish/jersey/ext/jersey-entity-filtering/2.27/jersey-entity-filtering-2.27.jar:/home/user/.m2/repository/com/google/inject/extensions/guice-assistedinject/4.0/guice-assistedinject-4.0.jar:/home/user/.m2/repository/org/jooq/jooq/3.11.10/jooq-3.11.10.jar:/home/user/.m2/repository/org/jooq/jooq-meta/3.11.10/jooq-meta-3.11.10.jar:/home/user/.m2/repository/org/jooq/jooq-codegen/3.11.10/jooq-codegen-3.11.10.jar:/home/user/.m2/repository/com/jolbox/bonecp/0.8.0.RELEASE/bonecp-0.8.0.RELEASE.jar:/home/user/.m2/repository/org/xerial/sqlite-jdbc/3.25.2/sqlite-jdbc-3.25.2.jar:/home/user/.m2/repository/org/springframework/spring-jdbc/5.1.3.RELEASE/spring-jdbc-5.1.3.RELEASE.jar:/home/user/.m2/repository/org/springframework/spring-beans/5.1.3.RELEASE/spring-beans-5.1.3.RELEASE.jar:/home/user/.m2/repository/org/springframework/spring-core/5.1.3.RELEASE/spring-core-5.1.3.RELEASE.jar:/home/user/.m2/repository/org/springframework/spring-jcl/5.1.3.RELEASE/spring-jcl-5.1.3.RELEASE.jar:/home/user/.m2/repository/org/springframework/spring-tx/5.1.3.RELEASE/spring-tx-5.1.3.RELEASE.jar:/home/user/.m2/repository/org/apache/hadoop/hadoop-ozone-client/0.5.0-SNAPSHOT/hadoop-ozone-client-0.5.0-SNAPSHOT.jar:/home/user/.m2/repository/commons-lang/commons-lang/2.6/commons-lang-2.6.jar:/home/user/.m2/repository/org/apache/hadoop/hadoop-ozone-ozone-manager/0.5.0-SNAPSHOT/hadoop-ozone-ozone-manager-0.5.0-SNAPSHOT-tests.jar:/home/user/.m2/repository/junit/junit/4.11/junit-4.11.jar:/home/user/.m2/repository/org/hamcrest/hamcrest-core/1.3/hamcrest-core-1.3.jar:/home/user/.m2/repository/org/openjdk/jmh/jmh-core/1.19/jmh-core-1.19.jar:/home/user/.m2/repository/net/sf/jopt-simple/jopt-simple/4.6/jopt-simple-4.6.jar:/home/user/.m2/repository/org/apache/commons/commons-math3/3.1.1/commons-math3-3.1.1.jar:/home/user/.m2/repository/org/openjdk/jmh/jmh-generator-annprocess/1.19/jmh-generator-annprocess-1.19.jar:/home/user/.m2/repository/org/mockito/mockito-all/1.8.5/mockito-all-1.8.5.jar:/home/user/.m2/repository/org/apache/hadoop/hadoop-kms/3.2.0/hadoop-kms-3.2.0.jar:/home/user/.m2/repository/org/apache/hadoop/hadoop-auth/3.2.0/hadoop-auth-3.2.0.jar:/home/user/.m2/repository/com/nimbusds/nimbus-jose-jwt/4.41.1/nimbus-jose-jwt-4.41.1.jar:/home/user/.m2/repository/com/github/stephenc/jcip/jcip-annotations/1.0-1/jcip-annotations-1.0-1.jar:/home/user/.m2/repository/net/minidev/json-smart/2.3/json-smart-2.3.jar:/home/user/.m2/repository/net/minidev/accessors-smart/1.2/accessors-smart-1.2.jar:/home/user/.m2/repository/org/ow2/asm/asm/5.0.4/asm-5.0.4.jar:/home/user/.m2/repository/org/apache/curator/curator-framework/2.12.0/curator-framework-2.12.0.jar:/home/user/.m2/repository/com/sun/jersey/jersey-core/1.19/jersey-core-1.19.jar:/home/user/.m2/repository/javax/ws/rs/jsr311-api/1.1.1/jsr311-api-1.1.1.jar:/home/user/.m2/repository/com/sun/jersey/jersey-server/1.19/jersey-server-1.19.jar:/home/user/.m2/repository/javax/servlet/javax.servlet-api/3.1.0/javax.servlet-api-3.1.0.jar:/home/user/.m2/repository/org/eclipse/jetty/jetty-server/9.3.24.v20180605/jetty-server-9.3.24.v20180605.jar:/home/user/.m2/repository/org/eclipse/jetty/jetty-http/9.3.24.v20180605/jetty-http-9.3.24.v20180605.jar:/home/user/.m2/repository/org/eclipse/jetty/jetty-io/9.3.24.v20180605/jetty-io-9.3.24.v20180605.jar:/home/user/.m2/repository/org/eclipse/jetty/jetty-webapp/9.3.24.v20180605/jetty-webapp-9.3.24.v20180605.jar:/home/user/.m2/repository/org/eclipse/jetty/jetty-xml/9.3.24.v20180605/jetty-xml-9.3.24.v20180605.jar:/home/user/.m2/repository/log4j/log4j/1.2.17/log4j-1.2.17.jar:/home/user/.m2/repository/org/slf4j/slf4j-api/1.7.25/slf4j-api-1.7.25.jar:/home/user/.m2/repository/org/slf4j/jul-to-slf4j/1.7.25/jul-to-slf4j-1.7.25.jar:/home/user/.m2/repository/org/eclipse/jetty/jetty-util/9.3.24.v20180605/jetty-util-9.3.24.v20180605.jar:/home/user/.m2/repository/com/fasterxml/jackson/core/jackson-databind/2.9.5/jackson-databind-2.9.5.jar:/home/user/.m2/repository/org/apache/hadoop/hadoop-kms/3.2.0/hadoop-kms-3.2.0-tests.jar:/home/user/.m2/repository/org/apache/hadoop/hadoop-hdds-server-scm/0.5.0-SNAPSHOT/hadoop-hdds-server-scm-0.5.0-SNAPSHOT-tests.jar:/home/user/.m2/repository/org/apache/hadoop/hadoop-hdds-container-service/0.5.0-SNAPSHOT/hadoop-hdds-container-service-0.5.0-SNAPSHOT-tests.jar:/home/user/.m2/repository/org/yaml/snakeyaml/1.16/snakeyaml-1.16.jar:/home/user/.m2/repository/org/apache/hadoop/hadoop-common/3.2.0/hadoop-common-3.2.0-tests.jar:/home/user/.m2/repository/org/apache/hadoop/hadoop-annotations/3.2.0/hadoop-annotations-3.2.0.jar:/usr/lib/jvm/java-1.8-openjdk/jre/../lib/tools.jar:/home/user/.m2/repository/commons-cli/commons-cli/1.2/commons-cli-1.2.jar:/home/user/.m2/repository/org/apache/httpcomponents/httpclient/4.5.2/httpclient-4.5.2.jar:/home/user/.m2/repository/org/apache/httpcomponents/httpcore/4.4.4/httpcore-4.4.4.jar:/home/user/.m2/repository/commons-codec/commons-codec/1.11/commons-codec-1.11.jar:/home/user/.m2/repository/commons-net/commons-net/3.6/commons-net-3.6.jar:/home/user/.m2/repository/commons-collections/commons-collections/3.2.2/commons-collections-3.2.2.jar:/home/user/.m2/repository/org/eclipse/jetty/jetty-servlet/9.3.24.v20180605/jetty-servlet-9.3.24.v20180605.jar:/home/user/.m2/repository/org/eclipse/jetty/jetty-security/9.3.24.v20180605/jetty-security-9.3.24.v20180605.jar:/home/user/.m2/repository/javax/servlet/jsp/jsp-api/2.1/jsp-api-2.1.jar:/home/user/.m2/repository/com/sun/jersey/jersey-servlet/1.19/jersey-servlet-1.19.jar:/home/user/.m2/repository/com/sun/jersey/jersey-json/1.19/jersey-json-1.19.jar:/home/user/.m2/repository/org/codehaus/jettison/jettison/1.1/jettison-1.1.jar:/home/user/.m2/repository/org/codehaus/jackson/jackson-core-asl/1.9.13/jackson-core-asl-1.9.13.jar:/home/user/.m2/repository/org/codehaus/jackson/jackson-mapper-asl/1.9.13/jackson-mapper-asl-1.9.13.jar:/home/user/.m2/repository/org/codehaus/jackson/jackson-jaxrs/1.9.13/jackson-jaxrs-1.9.13.jar:/home/user/.m2/repository/org/codehaus/jackson/jackson-xc/1.9.13/jackson-xc-1.9.13.jar:/home/user/.m2/repository/commons-logging/commons-logging/1.1.3/commons-logging-1.1.3.jar:/home/user/.m2/repository/commons-beanutils/commons-beanutils/1.9.3/commons-beanutils-1.9.3.jar:/home/user/.m2/repository/org/apache/commons/commons-configuration2/2.1.1/commons-configuration2-2.1.1.jar:/home/user/.m2/repository/org/apache/commons/commons-lang3/3.7/commons-lang3-3.7.jar:/home/user/.m2/repository/org/apache/commons/commons-text/1.4/commons-text-1.4.jar:/home/user/.m2/repository/org/apache/avro/avro/1.7.7/avro-1.7.7.jar:/home/user/.m2/repository/com/thoughtworks/paranamer/paranamer/2.3/paranamer-2.3.jar:/home/user/.m2/repository/org/xerial/snappy/snappy-java/1.0.5/snappy-java-1.0.5.jar:/home/user/.m2/repository/com/google/re2j/re2j/1.1/re2j-1.1.jar:/home/user/.m2/repository/com/google/code/gson/gson/2.2.4/gson-2.2.4.jar:/home/user/.m2/repository/com/jcraft/jsch/0.1.54/jsch-0.1.54.jar:/home/user/.m2/repository/org/apache/curator/curator-client/2.12.0/curator-client-2.12.0.jar:/home/user/.m2/repository/org/apache/curator/curator-recipes/2.12.0/curator-recipes-2.12.0.jar:/home/user/.m2/repository/com/google/code/findbugs/jsr305/3.0.0/jsr305-3.0.0.jar:/home/user/.m2/repository/org/apache/htrace/htrace-core4/4.1.0-incubating/htrace-core4-4.1.0-incubating.jar:/home/user/.m2/repository/org/apache/zookeeper/zookeeper/3.4.13/zookeeper-3.4.13.jar:/home/user/.m2/repository/org/apache/yetus/audience-annotations/0.5.0/audience-annotations-0.5.0.jar:/home/user/.m2/repository/org/codehaus/woodstox/stax2-api/3.1.4/stax2-api-3.1.4.jar:/home/user/.m2/repository/com/fasterxml/woodstox/woodstox-core/5.0.3/woodstox-core-5.0.3.jar:/home/user/.m2/repository/dnsjava/dnsjava/2.1.7/dnsjava-2.1.7.jar:/home/user/.m2/repository/org/apache/hadoop/hadoop-hdfs/3.2.0/hadoop-hdfs-3.2.0-tests.jar:/home/user/.m2/repository/org/eclipse/jetty/jetty-util-ajax/9.3.24.v20180605/jetty-util-ajax-9.3.24.v20180605.jar:/home/user/.m2/repository/commons-daemon/commons-daemon/1.0.13/commons-daemon-1.0.13.jar:/home/user/.m2/repository/io/netty/netty/3.10.5.Final/netty-3.10.5.Final.jar:/home/user/.m2/repository/io/netty/netty-all/4.0.52.Final/netty-all-4.0.52.Final.jar:/home/user/.m2/repository/org/fusesource/leveldbjni/leveldbjni-all/1.8/leveldbjni-all-1.8.jar:"/>
    <property name="java.vm.vendor" value="IcedTea"/>
    <property name="sun.arch.data.model" value="64"/>
    <property name="test.build.dir" value="/workdir/hadoop-ozone/integration-test/target/test-dir"/>
    <property name="test.cache.data" value=""/>
    <property name="java.vendor.url" value="https://icedtea.classpath.org"/>
    <property name="user.timezone" value=""/>
    <property name="java.vm.specification.version" value="1.8"/>
    <property name="os.name" value="Linux"/>
    <property name="test.build.data" value="/workdir/hadoop-ozone/integration-test/target/test-dir"/>
    <property name="user.country" value="US"/>
    <property name="sun.java.launcher" value="SUN_STANDARD"/>
    <property name="sun.boot.library.path" value="/usr/lib/jvm/java-1.8-openjdk/jre/lib/amd64"/>
    <property name="sun.java.command" value="/workdir/hadoop-ozone/integration-test/target/surefire/surefirebooter6798708549207240663.jar /workdir/hadoop-ozone/integration-test/target/surefire 2019-08-30T10-01-43_457-jvmRun1 surefire8261408454958115925tmp surefire_205294116278671578903tmp"/>
    <property name="test" value="!TestMiniChaosOzoneCluster"/>
    <property name="surefire.test.class.path" value="/workdir/hadoop-ozone/integration-test/target/test-classes:/workdir/hadoop-ozone/integration-test/target/classes:/home/user/.m2/repository/org/apache/hadoop/hadoop-ozone-common/0.5.0-SNAPSHOT/hadoop-ozone-common-0.5.0-SNAPSHOT.jar:/home/user/.m2/repository/org/apache/commons/commons-compress/1.4.1/commons-compress-1.4.1.jar:/home/user/.m2/repository/org/tukaani/xz/1.0/xz-1.0.jar:/home/user/.m2/repository/org/apache/hadoop/hadoop-common/3.2.0/hadoop-common-3.2.0.jar:/home/user/.m2/repository/org/apache/hadoop/hadoop-hdfs/3.2.0/hadoop-hdfs-3.2.0.jar:/home/user/.m2/repository/org/apache/hadoop/hadoop-hdfs-client/3.2.0/hadoop-hdfs-client-3.2.0.jar:/home/user/.m2/repository/com/fasterxml/jackson/core/jackson-annotations/2.9.5/jackson-annotations-2.9.5.jar:/home/user/.m2/repository/org/apache/hadoop/hadoop-hdds-common/0.5.0-SNAPSHOT/hadoop-hdds-common-0.5.0-SNAPSHOT.jar:/home/user/.m2/repository/javax/annotation/javax.annotation-api/1.2/javax.annotation-api-1.2.jar:/home/user/.m2/repository/org/apache/ratis/ratis-server/0.4.0-2337318-SNAPSHOT/ratis-server-0.4.0-2337318-SNAPSHOT.jar:/home/user/.m2/repository/org/apache/ratis/ratis-thirdparty-misc/0.2.0/ratis-thirdparty-misc-0.2.0.jar:/home/user/.m2/repository/org/apache/ratis/ratis-proto/0.4.0-2337318-SNAPSHOT/ratis-proto-0.4.0-2337318-SNAPSHOT.jar:/home/user/.m2/repository/org/apache/ratis/ratis-common/0.4.0-2337318-SNAPSHOT/ratis-common-0.4.0-2337318-SNAPSHOT.jar:/home/user/.m2/repository/org/apache/ratis/ratis-client/0.4.0-2337318-SNAPSHOT/ratis-client-0.4.0-2337318-SNAPSHOT.jar:/home/user/.m2/repository/org/apache/ratis/ratis-metrics/0.4.0-2337318-SNAPSHOT/ratis-metrics-0.4.0-2337318-SNAPSHOT.jar:/home/user/.m2/repository/org/apache/ratis/ratis-netty/0.4.0-2337318-SNAPSHOT/ratis-netty-0.4.0-2337318-SNAPSHOT.jar:/home/user/.m2/repository/org/apache/ratis/ratis-grpc/0.4.0-2337318-SNAPSHOT/ratis-grpc-0.4.0-2337318-SNAPSHOT.jar:/home/user/.m2/repository/org/rocksdb/rocksdbjni/6.0.1/rocksdbjni-6.0.1.jar:/home/user/.m2/repository/org/apache/logging/log4j/log4j-api/2.11.0/log4j-api-2.11.0.jar:/home/user/.m2/repository/org/apache/logging/log4j/log4j-core/2.11.0/log4j-core-2.11.0.jar:/home/user/.m2/repository/com/lmax/disruptor/3.4.2/disruptor-3.4.2.jar:/home/user/.m2/repository/org/apache/commons/commons-pool2/2.6.0/commons-pool2-2.6.0.jar:/home/user/.m2/repository/org/bouncycastle/bcpkix-jdk15on/1.60/bcpkix-jdk15on-1.60.jar:/home/user/.m2/repository/commons-validator/commons-validator/1.6/commons-validator-1.6.jar:/home/user/.m2/repository/commons-digester/commons-digester/1.8.1/commons-digester-1.8.1.jar:/home/user/.m2/repository/io/jaegertracing/jaeger-client/0.33.1/jaeger-client-0.33.1.jar:/home/user/.m2/repository/io/jaegertracing/jaeger-thrift/0.33.1/jaeger-thrift-0.33.1.jar:/home/user/.m2/repository/org/apache/thrift/libthrift/0.11.0/libthrift-0.11.0.jar:/home/user/.m2/repository/com/squareup/okhttp3/okhttp/3.9.0/okhttp-3.9.0.jar:/home/user/.m2/repository/com/squareup/okio/okio/1.13.0/okio-1.13.0.jar:/home/user/.m2/repository/io/jaegertracing/jaeger-core/0.33.1/jaeger-core-0.33.1.jar:/home/user/.m2/repository/io/jaegertracing/jaeger-tracerresolver/0.33.1/jaeger-tracerresolver-0.33.1.jar:/home/user/.m2/repository/io/opentracing/contrib/opentracing-tracerresolver/0.1.5/opentracing-tracerresolver-0.1.5.jar:/home/user/.m2/repository/io/opentracing/opentracing-util/0.31.0/opentracing-util-0.31.0.jar:/home/user/.m2/repository/io/opentracing/opentracing-api/0.31.0/opentracing-api-0.31.0.jar:/home/user/.m2/repository/io/opentracing/opentracing-noop/0.31.0/opentracing-noop-0.31.0.jar:/home/user/.m2/repository/org/apache/hadoop/hadoop-hdds-server-framework/0.5.0-SNAPSHOT/hadoop-hdds-server-framework-0.5.0-SNAPSHOT.jar:/home/user/.m2/repository/org/apache/hadoop/hadoop-hdds-container-service/0.5.0-SNAPSHOT/hadoop-hdds-container-service-0.5.0-SNAPSHOT.jar:/home/user/.m2/repository/org/apache/hadoop/hadoop-hdds-client/0.5.0-SNAPSHOT/hadoop-hdds-client-0.5.0-SNAPSHOT.jar:/home/user/.m2/repository/org/apache/hadoop/hadoop-hdds-tools/0.5.0-SNAPSHOT/hadoop-hdds-tools-0.5.0-SNAPSHOT.jar:/home/user/.m2/repository/org/apache/hadoop/hadoop-hdds-server-scm/0.5.0-SNAPSHOT/hadoop-hdds-server-scm-0.5.0-SNAPSHOT.jar:/home/user/.m2/repository/org/apache/hadoop/hadoop-hdds-docs/0.5.0-SNAPSHOT/hadoop-hdds-docs-0.5.0-SNAPSHOT.jar:/home/user/.m2/repository/io/dropwizard/metrics/metrics-core/3.2.4/metrics-core-3.2.4.jar:/home/user/.m2/repository/org/hamcrest/hamcrest-all/1.3/hamcrest-all-1.3.jar:/home/user/.m2/repository/org/bouncycastle/bcprov-jdk15on/1.60/bcprov-jdk15on-1.60.jar:/home/user/.m2/repository/info/picocli/picocli/3.9.6/picocli-3.9.6.jar:/home/user/.m2/repository/com/google/protobuf/protobuf-java/2.5.0/protobuf-java-2.5.0.jar:/home/user/.m2/repository/com/google/guava/guava/11.0.2/guava-11.0.2.jar:/home/user/.m2/repository/org/apache/hadoop/hadoop-ozone-ozone-manager/0.5.0-SNAPSHOT/hadoop-ozone-ozone-manager-0.5.0-SNAPSHOT.jar:/home/user/.m2/repository/org/apache/hadoop/hadoop-minikdc/3.2.0/hadoop-minikdc-3.2.0.jar:/home/user/.m2/repository/commons-io/commons-io/2.5/commons-io-2.5.jar:/home/user/.m2/repository/org/apache/kerby/kerb-simplekdc/1.0.1/kerb-simplekdc-1.0.1.jar:/home/user/.m2/repository/org/apache/kerby/kerb-client/1.0.1/kerb-client-1.0.1.jar:/home/user/.m2/repository/org/apache/kerby/kerby-config/1.0.1/kerby-config-1.0.1.jar:/home/user/.m2/repository/org/apache/kerby/kerb-core/1.0.1/kerb-core-1.0.1.jar:/home/user/.m2/repository/org/apache/kerby/kerby-pkix/1.0.1/kerby-pkix-1.0.1.jar:/home/user/.m2/repository/org/apache/kerby/kerby-asn1/1.0.1/kerby-asn1-1.0.1.jar:/home/user/.m2/repository/org/apache/kerby/kerby-util/1.0.1/kerby-util-1.0.1.jar:/home/user/.m2/repository/org/apache/kerby/kerb-common/1.0.1/kerb-common-1.0.1.jar:/home/user/.m2/repository/org/apache/kerby/kerb-crypto/1.0.1/kerb-crypto-1.0.1.jar:/home/user/.m2/repository/org/apache/kerby/kerb-util/1.0.1/kerb-util-1.0.1.jar:/home/user/.m2/repository/org/apache/kerby/token-provider/1.0.1/token-provider-1.0.1.jar:/home/user/.m2/repository/org/apache/kerby/kerb-admin/1.0.1/kerb-admin-1.0.1.jar:/home/user/.m2/repository/org/apache/kerby/kerb-server/1.0.1/kerb-server-1.0.1.jar:/home/user/.m2/repository/org/apache/kerby/kerb-identity/1.0.1/kerb-identity-1.0.1.jar:/home/user/.m2/repository/org/apache/kerby/kerby-xdr/1.0.1/kerby-xdr-1.0.1.jar:/home/user/.m2/repository/org/slf4j/slf4j-log4j12/1.7.25/slf4j-log4j12-1.7.25.jar:/home/user/.m2/repository/org/apache/hadoop/hadoop-ozone-s3gateway/0.5.0-SNAPSHOT/hadoop-ozone-s3gateway-0.5.0-SNAPSHOT.jar:/home/user/.m2/repository/org/jboss/weld/servlet/weld-servlet/2.4.7.Final/weld-servlet-2.4.7.Final.jar:/home/user/.m2/repository/org/glassfish/jersey/containers/jersey-container-servlet-core/2.27/jersey-container-servlet-core-2.27.jar:/home/user/.m2/repository/org/glassfish/hk2/external/javax.inject/2.5.0-b42/javax.inject-2.5.0-b42.jar:/home/user/.m2/repository/org/glassfish/jersey/core/jersey-common/2.27/jersey-common-2.27.jar:/home/user/.m2/repository/org/glassfish/hk2/osgi-resource-locator/1.0.1/osgi-resource-locator-1.0.1.jar:/home/user/.m2/repository/javax/ws/rs/javax.ws.rs-api/2.1/javax.ws.rs-api-2.1.jar:/home/user/.m2/repository/org/glassfish/jersey/ext/cdi/jersey-cdi1x/2.27/jersey-cdi1x-2.27.jar:/home/user/.m2/repository/org/glassfish/jersey/inject/jersey-hk2/2.27/jersey-hk2-2.27.jar:/home/user/.m2/repository/org/glassfish/hk2/hk2-locator/2.5.0-b42/hk2-locator-2.5.0-b42.jar:/home/user/.m2/repository/org/javassist/javassist/3.22.0-CR2/javassist-3.22.0-CR2.jar:/home/user/.m2/repository/org/glassfish/hk2/hk2-api/2.5.0/hk2-api-2.5.0.jar:/home/user/.m2/repository/org/glassfish/hk2/external/jakarta.inject/2.5.0/jakarta.inject-2.5.0.jar:/home/user/.m2/repository/org/glassfish/hk2/hk2-utils/2.5.0/hk2-utils-2.5.0.jar:/home/user/.m2/repository/jakarta/annotation/jakarta.annotation-api/1.3.4/jakarta.annotation-api-1.3.4.jar:/home/user/.m2/repository/org/glassfish/hk2/external/aopalliance-repackaged/2.5.0/aopalliance-repackaged-2.5.0.jar:/home/user/.m2/repository/com/fasterxml/jackson/dataformat/jackson-dataformat-xml/2.9.0/jackson-dataformat-xml-2.9.0.jar:/home/user/.m2/repository/com/fasterxml/jackson/core/jackson-core/2.9.5/jackson-core-2.9.5.jar:/home/user/.m2/repository/com/fasterxml/jackson/module/jackson-module-jaxb-annotations/2.9.5/jackson-module-jaxb-annotations-2.9.5.jar:/home/user/.m2/repository/javax/enterprise/cdi-api/1.2/cdi-api-1.2.jar:/home/user/.m2/repository/javax/el/javax.el-api/3.0.0/javax.el-api-3.0.0.jar:/home/user/.m2/repository/javax/interceptor/javax.interceptor-api/1.2/javax.interceptor-api-1.2.jar:/home/user/.m2/repository/javax/inject/javax.inject/1/javax.inject-1.jar:/home/user/.m2/repository/com/sun/xml/bind/jaxb-impl/2.3.0.1/jaxb-impl-2.3.0.1.jar:/home/user/.m2/repository/com/sun/xml/bind/jaxb-core/2.3.0.1/jaxb-core-2.3.0.1.jar:/home/user/.m2/repository/javax/xml/bind/jaxb-api/2.3.0/jaxb-api-2.3.0.jar:/home/user/.m2/repository/javax/activation/activation/1.1.1/activation-1.1.1.jar:/home/user/.m2/repository/org/apache/hadoop/hadoop-ozone-csi/0.5.0-SNAPSHOT/hadoop-ozone-csi-0.5.0-SNAPSHOT.jar:/home/user/.m2/repository/com/google/protobuf/protobuf-java-util/3.5.1/protobuf-java-util-3.5.1.jar:/home/user/.m2/repository/org/apache/hadoop/hadoop-hdds-config/0.5.0-SNAPSHOT/hadoop-hdds-config-0.5.0-SNAPSHOT.jar:/home/user/.m2/repository/io/grpc/grpc-netty/1.17.1/grpc-netty-1.17.1.jar:/home/user/.m2/repository/io/grpc/grpc-core/1.17.1/grpc-core-1.17.1.jar:/home/user/.m2/repository/io/grpc/grpc-context/1.17.1/grpc-context-1.17.1.jar:/home/user/.m2/repository/com/google/errorprone/error_prone_annotations/2.2.0/error_prone_annotations-2.2.0.jar:/home/user/.m2/repository/org/codehaus/mojo/animal-sniffer-annotations/1.17/animal-sniffer-annotations-1.17.jar:/home/user/.m2/repository/io/opencensus/opencensus-api/0.17.0/opencensus-api-0.17.0.jar:/home/user/.m2/repository/io/opencensus/opencensus-contrib-grpc-metrics/0.17.0/opencensus-contrib-grpc-metrics-0.17.0.jar:/home/user/.m2/repository/io/netty/netty-codec-http2/4.1.30.Final/netty-codec-http2-4.1.30.Final.jar:/home/user/.m2/repository/io/netty/netty-codec-http/4.1.30.Final/netty-codec-http-4.1.30.Final.jar:/home/user/.m2/repository/io/netty/netty-codec/4.1.30.Final/netty-codec-4.1.30.Final.jar:/home/user/.m2/repository/io/netty/netty-handler/4.1.30.Final/netty-handler-4.1.30.Final.jar:/home/user/.m2/repository/io/netty/netty-handler-proxy/4.1.30.Final/netty-handler-proxy-4.1.30.Final.jar:/home/user/.m2/repository/io/netty/netty-codec-socks/4.1.30.Final/netty-codec-socks-4.1.30.Final.jar:/home/user/.m2/repository/io/netty/netty-transport-native-epoll/4.1.30.Final/netty-transport-native-epoll-4.1.30.Final.jar:/home/user/.m2/repository/io/netty/netty-common/4.1.30.Final/netty-common-4.1.30.Final.jar:/home/user/.m2/repository/io/netty/netty-buffer/4.1.30.Final/netty-buffer-4.1.30.Final.jar:/home/user/.m2/repository/io/netty/netty-transport/4.1.30.Final/netty-transport-4.1.30.Final.jar:/home/user/.m2/repository/io/netty/netty-resolver/4.1.30.Final/netty-resolver-4.1.30.Final.jar:/home/user/.m2/repository/io/netty/netty-transport-native-unix-common/4.1.30.Final/netty-transport-native-unix-common-4.1.30.Final.jar:/home/user/.m2/repository/io/grpc/grpc-protobuf/1.17.1/grpc-protobuf-1.17.1.jar:/home/user/.m2/repository/com/google/api/grpc/proto-google-common-protos/1.0.0/proto-google-common-protos-1.0.0.jar:/home/user/.m2/repository/io/grpc/grpc-protobuf-lite/1.17.1/grpc-protobuf-lite-1.17.1.jar:/home/user/.m2/repository/io/grpc/grpc-stub/1.17.1/grpc-stub-1.17.1.jar:/home/user/.m2/repository/org/apache/hadoop/hadoop-ozone-recon/0.5.0-SNAPSHOT/hadoop-ozone-recon-0.5.0-SNAPSHOT.jar:/home/user/.m2/repository/org/apache/hadoop/hadoop-ozone-reconcodegen/0.5.0-SNAPSHOT/hadoop-ozone-reconcodegen-0.5.0-SNAPSHOT.jar:/home/user/.m2/repository/com/google/inject/extensions/guice-multibindings/4.0/guice-multibindings-4.0.jar:/home/user/.m2/repository/com/google/inject/guice/4.0/guice-4.0.jar:/home/user/.m2/repository/aopalliance/aopalliance/1.0/aopalliance-1.0.jar:/home/user/.m2/repository/com/google/inject/extensions/guice-servlet/4.0/guice-servlet-4.0.jar:/home/user/.m2/repository/org/glassfish/jersey/containers/jersey-container-servlet/2.27/jersey-container-servlet-2.27.jar:/home/user/.m2/repository/org/glassfish/hk2/guice-bridge/2.5.0/guice-bridge-2.5.0.jar:/home/user/.m2/repository/org/glassfish/jersey/core/jersey-server/2.27/jersey-server-2.27.jar:/home/user/.m2/repository/org/glassfish/jersey/core/jersey-client/2.27/jersey-client-2.27.jar:/home/user/.m2/repository/org/glassfish/jersey/media/jersey-media-jaxb/2.27/jersey-media-jaxb-2.27.jar:/home/user/.m2/repository/javax/validation/validation-api/1.1.0.Final/validation-api-1.1.0.Final.jar:/home/user/.m2/repository/org/glassfish/jersey/media/jersey-media-json-jackson/2.27/jersey-media-json-jackson-2.27.jar:/home/user/.m2/repository/org/glassfish/jersey/ext/jersey-entity-filtering/2.27/jersey-entity-filtering-2.27.jar:/home/user/.m2/repository/com/google/inject/extensions/guice-assistedinject/4.0/guice-assistedinject-4.0.jar:/home/user/.m2/repository/org/jooq/jooq/3.11.10/jooq-3.11.10.jar:/home/user/.m2/repository/org/jooq/jooq-meta/3.11.10/jooq-meta-3.11.10.jar:/home/user/.m2/repository/org/jooq/jooq-codegen/3.11.10/jooq-codegen-3.11.10.jar:/home/user/.m2/repository/com/jolbox/bonecp/0.8.0.RELEASE/bonecp-0.8.0.RELEASE.jar:/home/user/.m2/repository/org/xerial/sqlite-jdbc/3.25.2/sqlite-jdbc-3.25.2.jar:/home/user/.m2/repository/org/springframework/spring-jdbc/5.1.3.RELEASE/spring-jdbc-5.1.3.RELEASE.jar:/home/user/.m2/repository/org/springframework/spring-beans/5.1.3.RELEASE/spring-beans-5.1.3.RELEASE.jar:/home/user/.m2/repository/org/springframework/spring-core/5.1.3.RELEASE/spring-core-5.1.3.RELEASE.jar:/home/user/.m2/repository/org/springframework/spring-jcl/5.1.3.RELEASE/spring-jcl-5.1.3.RELEASE.jar:/home/user/.m2/repository/org/springframework/spring-tx/5.1.3.RELEASE/spring-tx-5.1.3.RELEASE.jar:/home/user/.m2/repository/org/apache/hadoop/hadoop-ozone-client/0.5.0-SNAPSHOT/hadoop-ozone-client-0.5.0-SNAPSHOT.jar:/home/user/.m2/repository/commons-lang/commons-lang/2.6/commons-lang-2.6.jar:/home/user/.m2/repository/org/apache/hadoop/hadoop-ozone-ozone-manager/0.5.0-SNAPSHOT/hadoop-ozone-ozone-manager-0.5.0-SNAPSHOT-tests.jar:/home/user/.m2/repository/junit/junit/4.11/junit-4.11.jar:/home/user/.m2/repository/org/hamcrest/hamcrest-core/1.3/hamcrest-core-1.3.jar:/home/user/.m2/repository/org/openjdk/jmh/jmh-core/1.19/jmh-core-1.19.jar:/home/user/.m2/repository/net/sf/jopt-simple/jopt-simple/4.6/jopt-simple-4.6.jar:/home/user/.m2/repository/org/apache/commons/commons-math3/3.1.1/commons-math3-3.1.1.jar:/home/user/.m2/repository/org/openjdk/jmh/jmh-generator-annprocess/1.19/jmh-generator-annprocess-1.19.jar:/home/user/.m2/repository/org/mockito/mockito-all/1.8.5/mockito-all-1.8.5.jar:/home/user/.m2/repository/org/apache/hadoop/hadoop-kms/3.2.0/hadoop-kms-3.2.0.jar:/home/user/.m2/repository/org/apache/hadoop/hadoop-auth/3.2.0/hadoop-auth-3.2.0.jar:/home/user/.m2/repository/com/nimbusds/nimbus-jose-jwt/4.41.1/nimbus-jose-jwt-4.41.1.jar:/home/user/.m2/repository/com/github/stephenc/jcip/jcip-annotations/1.0-1/jcip-annotations-1.0-1.jar:/home/user/.m2/repository/net/minidev/json-smart/2.3/json-smart-2.3.jar:/home/user/.m2/repository/net/minidev/accessors-smart/1.2/accessors-smart-1.2.jar:/home/user/.m2/repository/org/ow2/asm/asm/5.0.4/asm-5.0.4.jar:/home/user/.m2/repository/org/apache/curator/curator-framework/2.12.0/curator-framework-2.12.0.jar:/home/user/.m2/repository/com/sun/jersey/jersey-core/1.19/jersey-core-1.19.jar:/home/user/.m2/repository/javax/ws/rs/jsr311-api/1.1.1/jsr311-api-1.1.1.jar:/home/user/.m2/repository/com/sun/jersey/jersey-server/1.19/jersey-server-1.19.jar:/home/user/.m2/repository/javax/servlet/javax.servlet-api/3.1.0/javax.servlet-api-3.1.0.jar:/home/user/.m2/repository/org/eclipse/jetty/jetty-server/9.3.24.v20180605/jetty-server-9.3.24.v20180605.jar:/home/user/.m2/repository/org/eclipse/jetty/jetty-http/9.3.24.v20180605/jetty-http-9.3.24.v20180605.jar:/home/user/.m2/repository/org/eclipse/jetty/jetty-io/9.3.24.v20180605/jetty-io-9.3.24.v20180605.jar:/home/user/.m2/repository/org/eclipse/jetty/jetty-webapp/9.3.24.v20180605/jetty-webapp-9.3.24.v20180605.jar:/home/user/.m2/repository/org/eclipse/jetty/jetty-xml/9.3.24.v20180605/jetty-xml-9.3.24.v20180605.jar:/home/user/.m2/repository/log4j/log4j/1.2.17/log4j-1.2.17.jar:/home/user/.m2/repository/org/slf4j/slf4j-api/1.7.25/slf4j-api-1.7.25.jar:/home/user/.m2/repository/org/slf4j/jul-to-slf4j/1.7.25/jul-to-slf4j-1.7.25.jar:/home/user/.m2/repository/org/eclipse/jetty/jetty-util/9.3.24.v20180605/jetty-util-9.3.24.v20180605.jar:/home/user/.m2/repository/com/fasterxml/jackson/core/jackson-databind/2.9.5/jackson-databind-2.9.5.jar:/home/user/.m2/repository/org/apache/hadoop/hadoop-kms/3.2.0/hadoop-kms-3.2.0-tests.jar:/home/user/.m2/repository/org/apache/hadoop/hadoop-hdds-server-scm/0.5.0-SNAPSHOT/hadoop-hdds-server-scm-0.5.0-SNAPSHOT-tests.jar:/home/user/.m2/repository/org/apache/hadoop/hadoop-hdds-container-service/0.5.0-SNAPSHOT/hadoop-hdds-container-service-0.5.0-SNAPSHOT-tests.jar:/home/user/.m2/repository/org/yaml/snakeyaml/1.16/snakeyaml-1.16.jar:/home/user/.m2/repository/org/apache/hadoop/hadoop-common/3.2.0/hadoop-common-3.2.0-tests.jar:/home/user/.m2/repository/org/apache/hadoop/hadoop-annotations/3.2.0/hadoop-annotations-3.2.0.jar:/usr/lib/jvm/java-1.8-openjdk/jre/../lib/tools.jar:/home/user/.m2/repository/commons-cli/commons-cli/1.2/commons-cli-1.2.jar:/home/user/.m2/repository/org/apache/httpcomponents/httpclient/4.5.2/httpclient-4.5.2.jar:/home/user/.m2/repository/org/apache/httpcomponents/httpcore/4.4.4/httpcore-4.4.4.jar:/home/user/.m2/repository/commons-codec/commons-codec/1.11/commons-codec-1.11.jar:/home/user/.m2/repository/commons-net/commons-net/3.6/commons-net-3.6.jar:/home/user/.m2/repository/commons-collections/commons-collections/3.2.2/commons-collections-3.2.2.jar:/home/user/.m2/repository/org/eclipse/jetty/jetty-servlet/9.3.24.v20180605/jetty-servlet-9.3.24.v20180605.jar:/home/user/.m2/repository/org/eclipse/jetty/jetty-security/9.3.24.v20180605/jetty-security-9.3.24.v20180605.jar:/home/user/.m2/repository/javax/servlet/jsp/jsp-api/2.1/jsp-api-2.1.jar:/home/user/.m2/repository/com/sun/jersey/jersey-servlet/1.19/jersey-servlet-1.19.jar:/home/user/.m2/repository/com/sun/jersey/jersey-json/1.19/jersey-json-1.19.jar:/home/user/.m2/repository/org/codehaus/jettison/jettison/1.1/jettison-1.1.jar:/home/user/.m2/repository/org/codehaus/jackson/jackson-core-asl/1.9.13/jackson-core-asl-1.9.13.jar:/home/user/.m2/repository/org/codehaus/jackson/jackson-mapper-asl/1.9.13/jackson-mapper-asl-1.9.13.jar:/home/user/.m2/repository/org/codehaus/jackson/jackson-jaxrs/1.9.13/jackson-jaxrs-1.9.13.jar:/home/user/.m2/repository/org/codehaus/jackson/jackson-xc/1.9.13/jackson-xc-1.9.13.jar:/home/user/.m2/repository/commons-logging/commons-logging/1.1.3/commons-logging-1.1.3.jar:/home/user/.m2/repository/commons-beanutils/commons-beanutils/1.9.3/commons-beanutils-1.9.3.jar:/home/user/.m2/repository/org/apache/commons/commons-configuration2/2.1.1/commons-configuration2-2.1.1.jar:/home/user/.m2/repository/org/apache/commons/commons-lang3/3.7/commons-lang3-3.7.jar:/home/user/.m2/repository/org/apache/commons/commons-text/1.4/commons-text-1.4.jar:/home/user/.m2/repository/org/apache/avro/avro/1.7.7/avro-1.7.7.jar:/home/user/.m2/repository/com/thoughtworks/paranamer/paranamer/2.3/paranamer-2.3.jar:/home/user/.m2/repository/org/xerial/snappy/snappy-java/1.0.5/snappy-java-1.0.5.jar:/home/user/.m2/repository/com/google/re2j/re2j/1.1/re2j-1.1.jar:/home/user/.m2/repository/com/google/code/gson/gson/2.2.4/gson-2.2.4.jar:/home/user/.m2/repository/com/jcraft/jsch/0.1.54/jsch-0.1.54.jar:/home/user/.m2/repository/org/apache/curator/curator-client/2.12.0/curator-client-2.12.0.jar:/home/user/.m2/repository/org/apache/curator/curator-recipes/2.12.0/curator-recipes-2.12.0.jar:/home/user/.m2/repository/com/google/code/findbugs/jsr305/3.0.0/jsr305-3.0.0.jar:/home/user/.m2/repository/org/apache/htrace/htrace-core4/4.1.0-incubating/htrace-core4-4.1.0-incubating.jar:/home/user/.m2/repository/org/apache/zookeeper/zookeeper/3.4.13/zookeeper-3.4.13.jar:/home/user/.m2/repository/org/apache/yetus/audience-annotations/0.5.0/audience-annotations-0.5.0.jar:/home/user/.m2/repository/org/codehaus/woodstox/stax2-api/3.1.4/stax2-api-3.1.4.jar:/home/user/.m2/repository/com/fasterxml/woodstox/woodstox-core/5.0.3/woodstox-core-5.0.3.jar:/home/user/.m2/repository/dnsjava/dnsjava/2.1.7/dnsjava-2.1.7.jar:/home/user/.m2/repository/org/apache/hadoop/hadoop-hdfs/3.2.0/hadoop-hdfs-3.2.0-tests.jar:/home/user/.m2/repository/org/eclipse/jetty/jetty-util-ajax/9.3.24.v20180605/jetty-util-ajax-9.3.24.v20180605.jar:/home/user/.m2/repository/commons-daemon/commons-daemon/1.0.13/commons-daemon-1.0.13.jar:/home/user/.m2/repository/io/netty/netty/3.10.5.Final/netty-3.10.5.Final.jar:/home/user/.m2/repository/io/netty/netty-all/4.0.52.Final/netty-all-4.0.52.Final.jar:/home/user/.m2/repository/org/fusesource/leveldbjni/leveldbjni-all/1.8/leveldbjni-all-1.8.jar:"/>
    <property name="sun.cpu.endian" value="little"/>
    <property name="user.home" value="/home/user"/>
    <property name="user.language" value="en"/>
    <property name="java.specification.vendor" value="Oracle Corporation"/>
    <property name="java.home" value="/usr/lib/jvm/java-1.8-openjdk/jre"/>
    <property name="java.security.krb5.conf" value="/workdir/hadoop-ozone/integration-test/target/test-classes/krb5.conf"/>
    <property name="basedir" value="/workdir/hadoop-ozone/integration-test"/>
    <property name="file.separator" value="/"/>
    <property name="line.separator" value="&#10;"/>
    <property name="java.vm.specification.vendor" value="Oracle Corporation"/>
    <property name="java.specification.name" value="Java Platform API Specification"/>
    <property name="java.awt.graphicsenv" value="sun.awt.X11GraphicsEnvironment"/>
    <property name="surefire.real.class.path" value="/workdir/hadoop-ozone/integration-test/target/surefire/surefirebooter6798708549207240663.jar"/>
    <property name="hadoop.log.dir" value="/workdir/hadoop-ozone/integration-test/target/log"/>
    <property name="sun.boot.class.path" value="/usr/lib/jvm/java-1.8-openjdk/jre/lib/resources.jar:/usr/lib/jvm/java-1.8-openjdk/jre/lib/rt.jar:/usr/lib/jvm/java-1.8-openjdk/jre/lib/sunrsasign.jar:/usr/lib/jvm/java-1.8-openjdk/jre/lib/jsse.jar:/usr/lib/jvm/java-1.8-openjdk/jre/lib/jce.jar:/usr/lib/jvm/java-1.8-openjdk/jre/lib/charsets.jar:/usr/lib/jvm/java-1.8-openjdk/jre/lib/jfr.jar:/usr/lib/jvm/java-1.8-openjdk/jre/classes"/>
    <property name="sun.management.compiler" value="HotSpot 64-Bit Tiered Compilers"/>
    <property name="java.runtime.version" value="1.8.0_212-b04"/>
    <property name="java.net.preferIPv4Stack" value="true"/>
    <property name="user.name" value="jenkins1000"/>
    <property name="path.separator" value=":"/>
    <property name="java.security.egd" value="file:///dev/urandom"/>
    <property name="os.version" value="3.10.0-957.12.2.el7.x86_64"/>
    <property name="java.endorsed.dirs" value="/usr/lib/jvm/java-1.8-openjdk/jre/lib/endorsed"/>
    <property name="java.runtime.name" value="OpenJDK Runtime Environment"/>
    <property name="file.encoding" value="UTF-8"/>
    <property name="java.vm.name" value="OpenJDK 64-Bit Server VM"/>
    <property name="test.build.webapps" value=""/>
    <property name="localRepository" value="/home/user/.m2/repository"/>
    <property name="java.vendor.url.bug" value="https://icedtea.classpath.org/bugzilla"/>
    <property name="java.io.tmpdir" value="/tmp"/>
    <property name="require.test.libhadoop" value=""/>
    <property name="java.version" value="1.8.0_212"/>
    <property name="user.dir" value="/workdir/hadoop-ozone/integration-test"/>
    <property name="os.arch" value="amd64"/>
    <property name="java.vm.specification.name" value="Java Virtual Machine Specification"/>
    <property name="test.build.classes" value="/workdir/hadoop-ozone/integration-test/target/test-classes"/>
    <property name="java.awt.printerjob" value="sun.print.PSPrinterJob"/>
    <property name="sun.os.patch.level" value="unknown"/>
    <property name="hadoop.tmp.dir" value="/workdir/hadoop-ozone/integration-test/target/tmp"/>
    <property name="java.library.path" value="/usr/lib/jvm/java-1.8-openjdk/jre/lib/amd64/server:/usr/lib/jvm/java-1.8-openjdk/jre/lib/amd64:/usr/lib/jvm/java-1.8-openjdk/jre/../lib/amd64:/workdir/hadoop-ozone/integration-test/target/native/target/usr/local/lib:/workdir/hadoop-ozone/integration-test/../../hadoop-common-project/hadoop-common/target/native/target/usr/local/lib:/usr/java/packages/lib/amd64:/usr/lib64:/lib64:/lib:/usr/lib"/>
    <property name="java.vm.info" value="mixed mode"/>
    <property name="java.vendor" value="IcedTea"/>
    <property name="java.vm.version" value="25.212-b04"/>
    <property name="java.ext.dirs" value="/usr/lib/jvm/java-1.8-openjdk/jre/lib/ext:/usr/java/packages/lib/ext"/>
    <property name="sun.io.unicode.encoding" value="UnicodeLittle"/>
    <property name="java.class.version" value="52.0"/>
  </properties>
  <testcase name="test2DatanodesFailure" classname="org.apache.hadoop.ozone.client.rpc.TestBlockOutputStreamWithFailures" time="111.774"/>
  <testcase name="testDatanodeFailureWithPreAllocation" classname="org.apache.hadoop.ozone.client.rpc.TestBlockOutputStreamWithFailures" time="223.891"/>
  <testcase name="testDatanodeFailureWithSingleNodeRatis" classname="org.apache.hadoop.ozone.client.rpc.TestBlockOutputStreamWithFailures" time="225.322"/>
  <testcase name="testWatchForCommitWithSingleNodeRatis" classname="org.apache.hadoop.ozone.client.rpc.TestBlockOutputStreamWithFailures" time="34.724"/>
  <testcase name="testWatchForCommitDatanodeFailure" classname="org.apache.hadoop.ozone.client.rpc.TestBlockOutputStreamWithFailures" time="42.335">
    <failure message="expected:&lt;2&gt; but was:&lt;3&gt;" type="java.lang.AssertionError"><![CDATA[java.lang.AssertionError: expected:<2> but was:<3>
	at org.junit.Assert.fail(Assert.java:88)
	at org.junit.Assert.failNotEquals(Assert.java:743)
	at org.junit.Assert.assertEquals(Assert.java:118)
	at org.junit.Assert.assertEquals(Assert.java:555)
	at org.junit.Assert.assertEquals(Assert.java:542)
	at org.apache.hadoop.ozone.client.rpc.TestBlockOutputStreamWithFailures.testWatchForCommitDatanodeFailure(TestBlockOutputStreamWithFailures.java:366)
	at sun.reflect.NativeMethodAccessorImpl.invoke0(Native Method)
	at sun.reflect.NativeMethodAccessorImpl.invoke(NativeMethodAccessorImpl.java:62)
	at sun.reflect.DelegatingMethodAccessorImpl.invoke(DelegatingMethodAccessorImpl.java:43)
	at java.lang.reflect.Method.invoke(Method.java:498)
	at org.junit.runners.model.FrameworkMethod$1.runReflectiveCall(FrameworkMethod.java:47)
	at org.junit.internal.runners.model.ReflectiveCallable.run(ReflectiveCallable.java:12)
	at org.junit.runners.model.FrameworkMethod.invokeExplosively(FrameworkMethod.java:44)
	at org.junit.internal.runners.statements.InvokeMethod.evaluate(InvokeMethod.java:17)
	at org.junit.internal.runners.statements.RunBefores.evaluate(RunBefores.java:26)
	at org.junit.internal.runners.statements.RunAfters.evaluate(RunAfters.java:27)
	at org.junit.runners.ParentRunner.runLeaf(ParentRunner.java:271)
	at org.junit.runners.BlockJUnit4ClassRunner.runChild(BlockJUnit4ClassRunner.java:70)
	at org.junit.runners.BlockJUnit4ClassRunner.runChild(BlockJUnit4ClassRunner.java:50)
	at org.junit.runners.ParentRunner$3.run(ParentRunner.java:238)
	at org.junit.runners.ParentRunner$1.schedule(ParentRunner.java:63)
	at org.junit.runners.ParentRunner.runChildren(ParentRunner.java:236)
	at org.junit.runners.ParentRunner.access$000(ParentRunner.java:53)
	at org.junit.runners.ParentRunner$2.evaluate(ParentRunner.java:229)
	at org.junit.runners.ParentRunner.run(ParentRunner.java:309)
	at org.apache.maven.surefire.junit4.JUnit4Provider.execute(JUnit4Provider.java:365)
	at org.apache.maven.surefire.junit4.JUnit4Provider.executeWithRerun(JUnit4Provider.java:273)
	at org.apache.maven.surefire.junit4.JUnit4Provider.executeTestSet(JUnit4Provider.java:238)
	at org.apache.maven.surefire.junit4.JUnit4Provider.invoke(JUnit4Provider.java:159)
	at org.apache.maven.surefire.booter.ForkedBooter.invokeProviderInSameClassLoader(ForkedBooter.java:384)
	at org.apache.maven.surefire.booter.ForkedBooter.runSuitesInProcess(ForkedBooter.java:345)
	at org.apache.maven.surefire.booter.ForkedBooter.execute(ForkedBooter.java:126)
	at org.apache.maven.surefire.booter.ForkedBooter.main(ForkedBooter.java:418)
]]></failure>
    <system-out><![CDATA[2019-08-30 10:28:47,412 [main] WARN  server.ServerUtils (ServerUtils.java:getScmDbDir(145)) - ozone.scm.db.dirs is not configured. We recommend adding this setting. Falling back to ozone.metadata.dirs instead.
2019-08-30 10:28:47,429 [main] WARN  server.ServerUtils (ServerUtils.java:getScmDbDir(145)) - ozone.scm.db.dirs is not configured. We recommend adding this setting. Falling back to ozone.metadata.dirs instead.
2019-08-30 10:28:47,429 [main] WARN  server.ServerUtils (ServerUtils.java:getScmDbDir(145)) - ozone.scm.db.dirs is not configured. We recommend adding this setting. Falling back to ozone.metadata.dirs instead.
2019-08-30 10:28:47,429 [main] INFO  db.DBStoreBuilder (DBStoreBuilder.java:addTable(110)) - using custom profile for table: deletedBlocks
2019-08-30 10:28:47,430 [main] INFO  db.DBStoreBuilder (DBStoreBuilder.java:processTables(161)) - Using default column profile:DBProfile.DISK for Table:deletedBlocks
2019-08-30 10:28:47,430 [main] INFO  db.DBStoreBuilder (DBStoreBuilder.java:addTable(110)) - using custom profile for table: validCerts
2019-08-30 10:28:47,430 [main] INFO  db.DBStoreBuilder (DBStoreBuilder.java:processTables(161)) - Using default column profile:DBProfile.DISK for Table:validCerts
2019-08-30 10:28:47,430 [main] INFO  db.DBStoreBuilder (DBStoreBuilder.java:addTable(110)) - using custom profile for table: revokedCerts
2019-08-30 10:28:47,430 [main] INFO  db.DBStoreBuilder (DBStoreBuilder.java:processTables(161)) - Using default column profile:DBProfile.DISK for Table:revokedCerts
2019-08-30 10:28:47,430 [main] INFO  db.DBStoreBuilder (DBStoreBuilder.java:addTable(110)) - using custom profile for table: default
2019-08-30 10:28:47,431 [main] INFO  db.DBStoreBuilder (DBStoreBuilder.java:processTables(167)) - Using default column profile:DBProfile.DISK for Table:default
2019-08-30 10:28:47,431 [main] INFO  db.DBStoreBuilder (DBStoreBuilder.java:getDbProfile(198)) - Using default options. DBProfile.DISK
2019-08-30 10:28:47,637 [main] INFO  net.NodeSchemaLoader (NodeSchemaLoader.java:loadSchemaFromFile(125)) - Loading file from sun.misc.CompoundEnumeration@28d739f1
2019-08-30 10:28:47,637 [main] INFO  net.NodeSchemaLoader (NodeSchemaLoader.java:loadSchema(171)) - Loading network topology layer schema file
2019-08-30 10:28:47,643 [main] INFO  node.SCMNodeManager (SCMNodeManager.java:<init>(114)) - Entering startup safe mode.
2019-08-30 10:28:47,643 [main] INFO  algorithms.ContainerPlacementPolicyFactory (ContainerPlacementPolicyFactory.java:getPolicy(55)) - Create container placement policy of type org.apache.hadoop.hdds.scm.container.placement.algorithms.SCMContainerPlacementRandom
2019-08-30 10:28:47,644 [main] WARN  server.ServerUtils (ServerUtils.java:getScmDbDir(145)) - ozone.scm.db.dirs is not configured. We recommend adding this setting. Falling back to ozone.metadata.dirs instead.
2019-08-30 10:28:47,677 [main] INFO  pipeline.SCMPipelineManager (SCMPipelineManager.java:initializePipelineState(126)) - No pipeline exists in current db
2019-08-30 10:28:47,677 [main] WARN  server.ServerUtils (ServerUtils.java:getScmDbDir(145)) - ozone.scm.db.dirs is not configured. We recommend adding this setting. Falling back to ozone.metadata.dirs instead.
2019-08-30 10:28:47,740 [main] WARN  events.EventQueue (EventQueue.java:fireEvent(183)) - No event handler registered for event TypedEvent{payloadType=SafeModeStatus, name='SafeModeStatus'}
2019-08-30 10:28:47,741 [main] INFO  ipc.CallQueueManager (CallQueueManager.java:<init>(84)) - Using callQueue: class java.util.concurrent.LinkedBlockingQueue, queueCapacity: 2000, scheduler: class org.apache.hadoop.ipc.DefaultRpcScheduler, ipcBackoff: false.
2019-08-30 10:28:47,742 [Socket Reader #1 for port 36983] INFO  ipc.Server (Server.java:run(1074)) - Starting Socket Reader #1 for port 36983
2019-08-30 10:28:47,744 [main] INFO  ipc.CallQueueManager (CallQueueManager.java:<init>(84)) - Using callQueue: class java.util.concurrent.LinkedBlockingQueue, queueCapacity: 2000, scheduler: class org.apache.hadoop.ipc.DefaultRpcScheduler, ipcBackoff: false.
2019-08-30 10:28:47,745 [Socket Reader #1 for port 41697] INFO  ipc.Server (Server.java:run(1074)) - Starting Socket Reader #1 for port 41697
2019-08-30 10:28:47,746 [main] INFO  ipc.CallQueueManager (CallQueueManager.java:<init>(84)) - Using callQueue: class java.util.concurrent.LinkedBlockingQueue, queueCapacity: 2000, scheduler: class org.apache.hadoop.ipc.DefaultRpcScheduler, ipcBackoff: false.
2019-08-30 10:28:47,747 [Socket Reader #1 for port 42618] INFO  ipc.Server (Server.java:run(1074)) - Starting Socket Reader #1 for port 42618
2019-08-30 10:28:47,751 [main] INFO  hdfs.DFSUtil (DFSUtil.java:httpServerTemplateForNNAndJN(1641)) - Starting Web-server for scm at: http://0.0.0.0:0
2019-08-30 10:28:47,753 [main] INFO  server.AuthenticationFilter (AuthenticationFilter.java:constructSecretProvider(240)) - Unable to initialize FileSignerSecretProvider, falling back to use random secrets.
2019-08-30 10:28:47,754 [main] WARN  http.HttpRequestLog (HttpRequestLog.java:getRequestLog(97)) - Jetty request log can only be enabled using Log4j
2019-08-30 10:28:47,756 [main] INFO  http.HttpServer2 (HttpServer2.java:addGlobalFilter(975)) - Added global filter 'safety' (class=org.apache.hadoop.http.HttpServer2$QuotingInputFilter)
2019-08-30 10:28:47,757 [main] INFO  http.HttpServer2 (HttpServer2.java:addFilter(948)) - Added filter static_user_filter (class=org.apache.hadoop.http.lib.StaticUserWebFilter$StaticUserFilter) to context scm
2019-08-30 10:28:47,757 [main] INFO  http.HttpServer2 (HttpServer2.java:addFilter(958)) - Added filter static_user_filter (class=org.apache.hadoop.http.lib.StaticUserWebFilter$StaticUserFilter) to context static
2019-08-30 10:28:47,757 [main] INFO  http.HttpServer2 (HttpServer2.java:addFilter(958)) - Added filter static_user_filter (class=org.apache.hadoop.http.lib.StaticUserWebFilter$StaticUserFilter) to context logs
2019-08-30 10:28:47,760 [main] INFO  server.StorageContainerManager (StorageContainerManager.java:start(759)) - StorageContainerLocationProtocol RPC server is listening at /0.0.0.0:42618
2019-08-30 10:28:47,762 [main] WARN  impl.MetricsConfig (MetricsConfig.java:loadFirst(134)) - Cannot locate configuration: tried hadoop-metrics2-storagecontainermanager.properties,hadoop-metrics2.properties
2019-08-30 10:28:47,763 [main] INFO  impl.MetricsSystemImpl (MetricsSystemImpl.java:startTimer(374)) - Scheduled Metric snapshot period at 10 second(s).
2019-08-30 10:28:47,763 [main] INFO  impl.MetricsSystemImpl (MetricsSystemImpl.java:start(191)) - StorageContainerManager metrics system started
2019-08-30 10:28:47,799 [main] WARN  impl.MetricsSystemImpl (MetricsSystemImpl.java:register(276)) - Sink prometheus already exists!
2019-08-30 10:28:47,836 [main] INFO  server.SCMClientProtocolServer (SCMClientProtocolServer.java:start(151)) - RPC server for Client  is listening at /0.0.0.0:42618
2019-08-30 10:28:47,836 [IPC Server Responder] INFO  ipc.Server (Server.java:run(1314)) - IPC Server Responder: starting
2019-08-30 10:28:47,836 [IPC Server listener on 42618] INFO  ipc.Server (Server.java:run(1153)) - IPC Server listener on 42618: starting
2019-08-30 10:28:47,840 [main] INFO  server.StorageContainerManager (StorageContainerManager.java:start(769)) - ScmBlockLocationProtocol RPC server is listening at /0.0.0.0:41697
2019-08-30 10:28:47,841 [main] INFO  server.SCMBlockProtocolServer (SCMBlockProtocolServer.java:start(146)) - RPC server for Block Protocol is listening at /0.0.0.0:41697
2019-08-30 10:28:47,841 [IPC Server Responder] INFO  ipc.Server (Server.java:run(1314)) - IPC Server Responder: starting
2019-08-30 10:28:47,841 [IPC Server listener on 41697] INFO  ipc.Server (Server.java:run(1153)) - IPC Server listener on 41697: starting
2019-08-30 10:28:47,845 [main] INFO  server.StorageContainerManager (StorageContainerManager.java:start(773)) - ScmDatanodeProtocl RPC server is listening at /0.0.0.0:36983
2019-08-30 10:28:47,845 [main] INFO  server.SCMDatanodeProtocolServer (SCMDatanodeProtocolServer.java:start(191)) - RPC server for DataNodes is listening at /0.0.0.0:36983
2019-08-30 10:28:47,845 [IPC Server Responder] INFO  ipc.Server (Server.java:run(1314)) - IPC Server Responder: starting
2019-08-30 10:28:47,845 [IPC Server listener on 36983] INFO  ipc.Server (Server.java:run(1153)) - IPC Server listener on 36983: starting
2019-08-30 10:28:47,848 [main] INFO  http.HttpServer2 (HttpServer2.java:bindListener(1191)) - Jetty bound to port 40389
2019-08-30 10:28:47,849 [main] INFO  server.Server (Server.java:doStart(351)) - jetty-9.3.24.v20180605, build timestamp: 2018-06-05T17:11:56Z, git hash: 84205aa28f11a4f31f2a3b86d1bba2cc8ab69827
2019-08-30 10:28:47,850 [main] INFO  handler.ContextHandler (ContextHandler.java:doStart(781)) - Started o.e.j.s.ServletContextHandler@3820cfe{/logs,file:///workdir/hadoop-ozone/integration-test/target/log,AVAILABLE}
2019-08-30 10:28:47,851 [main] INFO  handler.ContextHandler (ContextHandler.java:doStart(781)) - Started o.e.j.s.ServletContextHandler@5ec9eefa{/static,file:///workdir/hadoop-ozone/integration-test/target/test-classes/webapps/static,AVAILABLE}
2019-08-30 10:28:47,856 [main] INFO  handler.ContextHandler (ContextHandler.java:doStart(781)) - Started o.e.j.w.WebAppContext@3dec3f87{/,file:///workdir/hadoop-ozone/integration-test/target/test-classes/webapps/scm/,AVAILABLE}{/scm}
2019-08-30 10:28:47,856 [main] INFO  server.AbstractConnector (AbstractConnector.java:doStart(278)) - Started ServerConnector@7a606260{HTTP/1.1,[http/1.1]}{0.0.0.0:40389}
2019-08-30 10:28:47,857 [main] INFO  server.Server (Server.java:doStart(419)) - Started @596746ms
2019-08-30 10:28:47,857 [main] WARN  impl.MetricsSystemImpl (MetricsSystemImpl.java:register(276)) - Sink prometheus already exists!
2019-08-30 10:28:47,859 [main] INFO  server.BaseHttpServer (BaseHttpServer.java:updateConnectorAddress(215)) - HTTP server of SCM is listening at http://0.0.0.0:40389
2019-08-30 10:28:47,859 [main] WARN  server.ServerUtils (ServerUtils.java:getDBPath(222)) - ozone.om.db.dirs is not configured. We recommend adding this setting. Falling back to ozone.metadata.dirs instead.
2019-08-30 10:28:47,859 [org.apache.hadoop.util.JvmPauseMonitor$Monitor@5939e24] INFO  util.JvmPauseMonitor (JvmPauseMonitor.java:run(188)) - Starting JVM pause monitor
2019-08-30 10:28:47,885 [main] WARN  server.ServerUtils (ServerUtils.java:getDBPath(222)) - ozone.om.db.dirs is not configured. We recommend adding this setting. Falling back to ozone.metadata.dirs instead.
2019-08-30 10:28:47,886 [main] WARN  server.ServerUtils (ServerUtils.java:getDBPath(222)) - ozone.om.db.dirs is not configured. We recommend adding this setting. Falling back to ozone.metadata.dirs instead.
2019-08-30 10:28:47,886 [main] INFO  om.OzoneManager (OzoneManager.java:setOMNodeDetails(652)) - OM Service ID is not set. Setting it to the default ID: omServiceIdDefault
2019-08-30 10:28:47,886 [main] INFO  om.OzoneManager (OzoneManager.java:setOMNodeDetails(658)) - OM Node ID is not set. Setting it to the OmStorage's OmID: 93042174-9b9e-42fc-9fb5-614f394e938d
2019-08-30 10:28:47,886 [main] INFO  om.OzoneManager (OzoneManager.java:loadOMHAConfigs(609)) - Found matching OM address with OMServiceId: null, OMNodeId: null, RPC Address: localhost:0 and Ratis port: 9872
2019-08-30 10:28:47,891 | INFO  | SCMAudit | user=jenkins1000 | ip=192.168.5.138 | op=GET_SCM_INFO null | ret=SUCCESS |  
2019-08-30 10:28:47,893 [main] WARN  server.ServerUtils (ServerUtils.java:getDBPath(222)) - ozone.om.db.dirs is not configured. We recommend adding this setting. Falling back to ozone.metadata.dirs instead.
2019-08-30 10:28:47,893 [main] INFO  db.DBStoreBuilder (DBStoreBuilder.java:addTable(110)) - using custom profile for table: userTable
2019-08-30 10:28:47,893 [main] INFO  db.DBStoreBuilder (DBStoreBuilder.java:processTables(161)) - Using default column profile:DBProfile.DISK for Table:userTable
2019-08-30 10:28:47,893 [main] INFO  db.DBStoreBuilder (DBStoreBuilder.java:addTable(110)) - using custom profile for table: volumeTable
2019-08-30 10:28:47,894 [main] INFO  db.DBStoreBuilder (DBStoreBuilder.java:processTables(161)) - Using default column profile:DBProfile.DISK for Table:volumeTable
2019-08-30 10:28:47,894 [main] INFO  db.DBStoreBuilder (DBStoreBuilder.java:addTable(110)) - using custom profile for table: bucketTable
2019-08-30 10:28:47,894 [main] INFO  db.DBStoreBuilder (DBStoreBuilder.java:processTables(161)) - Using default column profile:DBProfile.DISK for Table:bucketTable
2019-08-30 10:28:47,894 [main] INFO  db.DBStoreBuilder (DBStoreBuilder.java:addTable(110)) - using custom profile for table: keyTable
2019-08-30 10:28:47,894 [main] INFO  db.DBStoreBuilder (DBStoreBuilder.java:processTables(161)) - Using default column profile:DBProfile.DISK for Table:keyTable
2019-08-30 10:28:47,895 [main] INFO  db.DBStoreBuilder (DBStoreBuilder.java:addTable(110)) - using custom profile for table: deletedTable
2019-08-30 10:28:47,895 [main] INFO  db.DBStoreBuilder (DBStoreBuilder.java:processTables(161)) - Using default column profile:DBProfile.DISK for Table:deletedTable
2019-08-30 10:28:47,895 [main] INFO  db.DBStoreBuilder (DBStoreBuilder.java:addTable(110)) - using custom profile for table: openKeyTable
2019-08-30 10:28:47,895 [main] INFO  db.DBStoreBuilder (DBStoreBuilder.java:processTables(161)) - Using default column profile:DBProfile.DISK for Table:openKeyTable
2019-08-30 10:28:47,895 [main] INFO  db.DBStoreBuilder (DBStoreBuilder.java:addTable(110)) - using custom profile for table: s3Table
2019-08-30 10:28:47,895 [main] INFO  db.DBStoreBuilder (DBStoreBuilder.java:processTables(161)) - Using default column profile:DBProfile.DISK for Table:s3Table
2019-08-30 10:28:47,896 [main] INFO  db.DBStoreBuilder (DBStoreBuilder.java:addTable(110)) - using custom profile for table: multipartInfoTable
2019-08-30 10:28:47,896 [main] INFO  db.DBStoreBuilder (DBStoreBuilder.java:processTables(161)) - Using default column profile:DBProfile.DISK for Table:multipartInfoTable
2019-08-30 10:28:47,896 [main] INFO  db.DBStoreBuilder (DBStoreBuilder.java:addTable(110)) - using custom profile for table: dTokenTable
2019-08-30 10:28:47,896 [main] INFO  db.DBStoreBuilder (DBStoreBuilder.java:processTables(161)) - Using default column profile:DBProfile.DISK for Table:dTokenTable
2019-08-30 10:28:47,896 [main] INFO  db.DBStoreBuilder (DBStoreBuilder.java:addTable(110)) - using custom profile for table: s3SecretTable
2019-08-30 10:28:47,896 [main] INFO  db.DBStoreBuilder (DBStoreBuilder.java:processTables(161)) - Using default column profile:DBProfile.DISK for Table:s3SecretTable
2019-08-30 10:28:47,897 [main] INFO  db.DBStoreBuilder (DBStoreBuilder.java:addTable(110)) - using custom profile for table: prefixTable
2019-08-30 10:28:47,897 [main] INFO  db.DBStoreBuilder (DBStoreBuilder.java:processTables(161)) - Using default column profile:DBProfile.DISK for Table:prefixTable
2019-08-30 10:28:47,897 [main] INFO  db.DBStoreBuilder (DBStoreBuilder.java:addTable(110)) - using custom profile for table: default
2019-08-30 10:28:47,897 [main] INFO  db.DBStoreBuilder (DBStoreBuilder.java:processTables(167)) - Using default column profile:DBProfile.DISK for Table:default
2019-08-30 10:28:47,897 [main] INFO  db.DBStoreBuilder (DBStoreBuilder.java:getDbProfile(198)) - Using default options. DBProfile.DISK
2019-08-30 10:28:48,454 [main] INFO  ipc.CallQueueManager (CallQueueManager.java:<init>(84)) - Using callQueue: class java.util.concurrent.LinkedBlockingQueue, queueCapacity: 2000, scheduler: class org.apache.hadoop.ipc.DefaultRpcScheduler, ipcBackoff: false.
2019-08-30 10:28:48,455 [Socket Reader #1 for port 40305] INFO  ipc.Server (Server.java:run(1074)) - Starting Socket Reader #1 for port 40305
2019-08-30 10:28:48,470 [main] INFO  om.OzoneManager (OzoneManager.java:start(1266)) - OzoneManager RPC server is listening at localhost/127.0.0.1:40305
2019-08-30 10:28:48,471 [main] INFO  impl.MetricsSystemImpl (MetricsSystemImpl.java:init(158)) - OzoneManager metrics system started (again)
2019-08-30 10:28:48,471 [IPC Server Responder] INFO  ipc.Server (Server.java:run(1314)) - IPC Server Responder: starting
2019-08-30 10:28:48,473 [IPC Server listener on 40305] INFO  ipc.Server (Server.java:run(1153)) - IPC Server listener on 40305: starting
2019-08-30 10:28:48,477 [main] INFO  hdfs.DFSUtil (DFSUtil.java:httpServerTemplateForNNAndJN(1641)) - Starting Web-server for ozoneManager at: http://0.0.0.0:0
2019-08-30 10:28:48,479 [main] INFO  server.AuthenticationFilter (AuthenticationFilter.java:constructSecretProvider(240)) - Unable to initialize FileSignerSecretProvider, falling back to use random secrets.
2019-08-30 10:28:48,480 [main] WARN  http.HttpRequestLog (HttpRequestLog.java:getRequestLog(97)) - Jetty request log can only be enabled using Log4j
2019-08-30 10:28:48,482 [main] INFO  http.HttpServer2 (HttpServer2.java:addGlobalFilter(975)) - Added global filter 'safety' (class=org.apache.hadoop.http.HttpServer2$QuotingInputFilter)
2019-08-30 10:28:48,482 [main] INFO  http.HttpServer2 (HttpServer2.java:addFilter(948)) - Added filter static_user_filter (class=org.apache.hadoop.http.lib.StaticUserWebFilter$StaticUserFilter) to context ozoneManager
2019-08-30 10:28:48,483 [main] INFO  http.HttpServer2 (HttpServer2.java:addFilter(958)) - Added filter static_user_filter (class=org.apache.hadoop.http.lib.StaticUserWebFilter$StaticUserFilter) to context static
2019-08-30 10:28:48,483 [main] INFO  http.HttpServer2 (HttpServer2.java:addFilter(958)) - Added filter static_user_filter (class=org.apache.hadoop.http.lib.StaticUserWebFilter$StaticUserFilter) to context logs
2019-08-30 10:28:48,484 [main] INFO  http.HttpServer2 (HttpServer2.java:bindListener(1191)) - Jetty bound to port 35391
2019-08-30 10:28:48,484 [main] INFO  server.Server (Server.java:doStart(351)) - jetty-9.3.24.v20180605, build timestamp: 2018-06-05T17:11:56Z, git hash: 84205aa28f11a4f31f2a3b86d1bba2cc8ab69827
2019-08-30 10:28:48,486 [main] INFO  handler.ContextHandler (ContextHandler.java:doStart(781)) - Started o.e.j.s.ServletContextHandler@78b03788{/logs,file:///workdir/hadoop-ozone/integration-test/target/log,AVAILABLE}
2019-08-30 10:28:48,487 [main] INFO  handler.ContextHandler (ContextHandler.java:doStart(781)) - Started o.e.j.s.ServletContextHandler@571a663c{/static,file:///workdir/hadoop-ozone/integration-test/target/test-classes/webapps/static,AVAILABLE}
2019-08-30 10:28:48,492 [main] INFO  handler.ContextHandler (ContextHandler.java:doStart(781)) - Started o.e.j.w.WebAppContext@48e41b5d{/,file:///workdir/hadoop-ozone/integration-test/target/test-classes/webapps/ozoneManager/,AVAILABLE}{/ozoneManager}
2019-08-30 10:28:48,492 [main] INFO  server.AbstractConnector (AbstractConnector.java:doStart(278)) - Started ServerConnector@51e8d066{HTTP/1.1,[http/1.1]}{0.0.0.0:35391}
2019-08-30 10:28:48,493 [main] INFO  server.Server (Server.java:doStart(419)) - Started @597382ms
2019-08-30 10:28:48,493 [main] WARN  impl.MetricsSystemImpl (MetricsSystemImpl.java:register(276)) - Sink prometheus already exists!
2019-08-30 10:28:48,494 [main] INFO  server.BaseHttpServer (BaseHttpServer.java:updateConnectorAddress(215)) - HTTP server of OZONEMANAGER is listening at http://0.0.0.0:35391
2019-08-30 10:28:48,513 [main] INFO  impl.MetricsSystemImpl (MetricsSystemImpl.java:init(158)) - HddsDatanode metrics system started (again)
2019-08-30 10:28:48,515 [main] INFO  ozone.HddsDatanodeService (HddsDatanodeService.java:start(184)) - HddsDatanodeService host:pr-hdds-2061-2h694-1687604233 ip:192.168.5.138
2019-08-30 10:28:48,523 [main] INFO  volume.HddsVolume (HddsVolume.java:<init>(176)) - Creating Volume: /workdir/hadoop-ozone/integration-test/target/test-dir/MiniOzoneClusterImpl-7d259c97-1909-4a64-a3a4-65a46b1cb81d/datanode-0/data/containers/hdds of  storage type : DISK and capacity : 1482555576320
2019-08-30 10:28:48,523 [main] INFO  volume.VolumeSet (VolumeSet.java:initializeVolumeSet(170)) - Added Volume : /workdir/hadoop-ozone/integration-test/target/test-dir/MiniOzoneClusterImpl-7d259c97-1909-4a64-a3a4-65a46b1cb81d/datanode-0/data/containers/hdds to VolumeSet
2019-08-30 10:28:48,523 [main] INFO  volume.ThrottledAsyncChecker (ThrottledAsyncChecker.java:schedule(140)) - Scheduling a check for org.apache.hadoop.ozone.container.common.volume.HddsVolume@15d236fd
2019-08-30 10:28:48,524 [main] INFO  volume.HddsVolumeChecker (HddsVolumeChecker.java:checkAllVolumes(203)) - Scheduled health check for volume org.apache.hadoop.ozone.container.common.volume.HddsVolume@15d236fd
2019-08-30 10:28:48,540 [main] INFO  impl.RaftServerProxy (ConfUtils.java:logGet(43)) - raft.rpc.type = GRPC (default)
2019-08-30 10:28:48,540 [main] INFO  grpc.GrpcFactory (GrpcFactory.java:checkPooledByteBufAllocatorUseCacheForAllThreads(45)) - PERFORMANCE WARNING: useCacheForAllThreads is true that may cause Netty to create a lot garbage objects and, as a result, trigger GC.
	It is recommended to disable useCacheForAllThreads by setting -Dorg.apache.ratis.thirdparty.io.netty.allocator.useCacheForAllThreads=false in command line.
2019-08-30 10:28:48,541 [main] INFO  grpc.GrpcConfigKeys$Server (ConfUtils.java:logGet(43)) - raft.grpc.server.port = 0 (default)
2019-08-30 10:28:48,541 [main] INFO  server.GrpcService (ConfUtils.java:logGet(43)) - raft.grpc.message.size.max = 33570816 (custom)
2019-08-30 10:28:48,541 [main] INFO  server.RaftServerConfigKeys (ConfUtils.java:logGet(43)) - raft.server.log.appender.buffer.byte-limit = 33554432 (custom)
2019-08-30 10:28:48,541 [main] INFO  server.GrpcService (ConfUtils.java:logGet(43)) - raft.grpc.flow.control.window = 1MB (=1048576) (default)
2019-08-30 10:28:48,542 [main] INFO  server.RaftServerConfigKeys (ConfUtils.java:logGet(43)) - raft.server.rpc.request.timeout = 3000ms (default)
2019-08-30 10:28:48,542 [main] INFO  server.RaftServerConfigKeys (ConfUtils.java:logGet(43)) - raft.server.storage.dir = [/workdir/hadoop-ozone/integration-test/target/test-dir/MiniOzoneClusterImpl-7d259c97-1909-4a64-a3a4-65a46b1cb81d/datanode-0/data/ratis] (custom)
2019-08-30 10:28:48,544 [main] INFO  hdfs.DFSUtil (DFSUtil.java:httpServerTemplateForNNAndJN(1641)) - Starting Web-server for hddsDatanode at: http://0.0.0.0:0
2019-08-30 10:28:48,545 [main] INFO  server.AuthenticationFilter (AuthenticationFilter.java:constructSecretProvider(240)) - Unable to initialize FileSignerSecretProvider, falling back to use random secrets.
2019-08-30 10:28:48,545 [main] WARN  http.HttpRequestLog (HttpRequestLog.java:getRequestLog(97)) - Jetty request log can only be enabled using Log4j
2019-08-30 10:28:48,547 [main] INFO  http.HttpServer2 (HttpServer2.java:addGlobalFilter(975)) - Added global filter 'safety' (class=org.apache.hadoop.http.HttpServer2$QuotingInputFilter)
2019-08-30 10:28:48,547 [main] INFO  http.HttpServer2 (HttpServer2.java:addFilter(948)) - Added filter static_user_filter (class=org.apache.hadoop.http.lib.StaticUserWebFilter$StaticUserFilter) to context hddsDatanode
2019-08-30 10:28:48,547 [main] INFO  http.HttpServer2 (HttpServer2.java:addFilter(958)) - Added filter static_user_filter (class=org.apache.hadoop.http.lib.StaticUserWebFilter$StaticUserFilter) to context static
2019-08-30 10:28:48,548 [main] INFO  http.HttpServer2 (HttpServer2.java:addFilter(958)) - Added filter static_user_filter (class=org.apache.hadoop.http.lib.StaticUserWebFilter$StaticUserFilter) to context logs
2019-08-30 10:28:48,548 [main] INFO  http.HttpServer2 (HttpServer2.java:bindListener(1191)) - Jetty bound to port 33847
2019-08-30 10:28:48,548 [main] INFO  server.Server (Server.java:doStart(351)) - jetty-9.3.24.v20180605, build timestamp: 2018-06-05T17:11:56Z, git hash: 84205aa28f11a4f31f2a3b86d1bba2cc8ab69827
2019-08-30 10:28:48,550 [main] INFO  handler.ContextHandler (ContextHandler.java:doStart(781)) - Started o.e.j.s.ServletContextHandler@5c448ef{/logs,file:///workdir/hadoop-ozone/integration-test/target/log,AVAILABLE}
2019-08-30 10:28:48,551 [main] INFO  handler.ContextHandler (ContextHandler.java:doStart(781)) - Started o.e.j.s.ServletContextHandler@49c1e294{/static,jar:file:/home/user/.m2/repository/org/apache/hadoop/hadoop-hdds-container-service/0.5.0-SNAPSHOT/hadoop-hdds-container-service-0.5.0-SNAPSHOT.jar!/webapps/static,AVAILABLE}
2019-08-30 10:28:48,586 [main] INFO  handler.ContextHandler (ContextHandler.java:doStart(781)) - Started o.e.j.w.WebAppContext@203e705e{/,file:///tmp/jetty-0.0.0.0-33847-hddsDatanode-_-any-6217354789041926004.dir/webapp/,AVAILABLE}{/hddsDatanode}
2019-08-30 10:28:48,586 [main] INFO  server.AbstractConnector (AbstractConnector.java:doStart(278)) - Started ServerConnector@78c74647{HTTP/1.1,[http/1.1]}{0.0.0.0:33847}
2019-08-30 10:28:48,588 [main] INFO  server.Server (Server.java:doStart(419)) - Started @597477ms
2019-08-30 10:28:48,588 [main] WARN  impl.MetricsSystemImpl (MetricsSystemImpl.java:register(276)) - Sink prometheus already exists!
2019-08-30 10:28:48,589 [main] INFO  server.BaseHttpServer (BaseHttpServer.java:updateConnectorAddress(215)) - HTTP server of HDDSDATANODE is listening at http://0.0.0.0:33847
2019-08-30 10:28:48,589 [main] INFO  impl.MetricsSystemImpl (MetricsSystemImpl.java:init(158)) - HddsDatanode metrics system started (again)
2019-08-30 10:28:48,592 [main] INFO  ozone.HddsDatanodeService (HddsDatanodeService.java:start(184)) - HddsDatanodeService host:pr-hdds-2061-2h694-1687604233 ip:192.168.5.138
2019-08-30 10:28:48,592 [org.apache.hadoop.util.JvmPauseMonitor$Monitor@2c1cfedc] INFO  util.JvmPauseMonitor (JvmPauseMonitor.java:run(188)) - Starting JVM pause monitor
2019-08-30 10:28:48,594 [Datanode State Machine Thread - 0] INFO  datanode.InitDatanodeState (InitDatanodeState.java:persistContainerDatanodeDetails(140)) - DatanodeDetails is persisted to /workdir/hadoop-ozone/integration-test/target/test-dir/MiniOzoneClusterImpl-7d259c97-1909-4a64-a3a4-65a46b1cb81d/datanode-0/meta/datanode.id
2019-08-30 10:28:48,597 [main] INFO  volume.HddsVolume (HddsVolume.java:<init>(176)) - Creating Volume: /workdir/hadoop-ozone/integration-test/target/test-dir/MiniOzoneClusterImpl-7d259c97-1909-4a64-a3a4-65a46b1cb81d/datanode-1/data/containers/hdds of  storage type : DISK and capacity : 1482555576320
2019-08-30 10:28:48,598 [main] INFO  volume.VolumeSet (VolumeSet.java:initializeVolumeSet(170)) - Added Volume : /workdir/hadoop-ozone/integration-test/target/test-dir/MiniOzoneClusterImpl-7d259c97-1909-4a64-a3a4-65a46b1cb81d/datanode-1/data/containers/hdds to VolumeSet
2019-08-30 10:28:48,598 [main] INFO  volume.ThrottledAsyncChecker (ThrottledAsyncChecker.java:schedule(140)) - Scheduling a check for org.apache.hadoop.ozone.container.common.volume.HddsVolume@78d92eef
2019-08-30 10:28:48,598 [main] INFO  volume.HddsVolumeChecker (HddsVolumeChecker.java:checkAllVolumes(203)) - Scheduled health check for volume org.apache.hadoop.ozone.container.common.volume.HddsVolume@78d92eef
2019-08-30 10:28:48,616 [main] INFO  impl.RaftServerProxy (ConfUtils.java:logGet(43)) - raft.rpc.type = GRPC (default)
2019-08-30 10:28:48,616 [main] INFO  grpc.GrpcFactory (GrpcFactory.java:checkPooledByteBufAllocatorUseCacheForAllThreads(45)) - PERFORMANCE WARNING: useCacheForAllThreads is true that may cause Netty to create a lot garbage objects and, as a result, trigger GC.
	It is recommended to disable useCacheForAllThreads by setting -Dorg.apache.ratis.thirdparty.io.netty.allocator.useCacheForAllThreads=false in command line.
2019-08-30 10:28:48,616 [main] INFO  grpc.GrpcConfigKeys$Server (ConfUtils.java:logGet(43)) - raft.grpc.server.port = 0 (default)
2019-08-30 10:28:48,617 [main] INFO  server.GrpcService (ConfUtils.java:logGet(43)) - raft.grpc.message.size.max = 33570816 (custom)
2019-08-30 10:28:48,617 [main] INFO  server.RaftServerConfigKeys (ConfUtils.java:logGet(43)) - raft.server.log.appender.buffer.byte-limit = 33554432 (custom)
2019-08-30 10:28:48,617 [main] INFO  server.GrpcService (ConfUtils.java:logGet(43)) - raft.grpc.flow.control.window = 1MB (=1048576) (default)
2019-08-30 10:28:48,617 [main] INFO  server.RaftServerConfigKeys (ConfUtils.java:logGet(43)) - raft.server.rpc.request.timeout = 3000ms (default)
2019-08-30 10:28:48,617 [main] INFO  server.RaftServerConfigKeys (ConfUtils.java:logGet(43)) - raft.server.storage.dir = [/workdir/hadoop-ozone/integration-test/target/test-dir/MiniOzoneClusterImpl-7d259c97-1909-4a64-a3a4-65a46b1cb81d/datanode-1/data/ratis] (custom)
2019-08-30 10:28:48,619 [main] INFO  hdfs.DFSUtil (DFSUtil.java:httpServerTemplateForNNAndJN(1641)) - Starting Web-server for hddsDatanode at: http://0.0.0.0:0
2019-08-30 10:28:48,620 [main] INFO  server.AuthenticationFilter (AuthenticationFilter.java:constructSecretProvider(240)) - Unable to initialize FileSignerSecretProvider, falling back to use random secrets.
2019-08-30 10:28:48,620 [main] WARN  http.HttpRequestLog (HttpRequestLog.java:getRequestLog(97)) - Jetty request log can only be enabled using Log4j
2019-08-30 10:28:48,622 [main] INFO  http.HttpServer2 (HttpServer2.java:addGlobalFilter(975)) - Added global filter 'safety' (class=org.apache.hadoop.http.HttpServer2$QuotingInputFilter)
2019-08-30 10:28:48,622 [main] INFO  http.HttpServer2 (HttpServer2.java:addFilter(948)) - Added filter static_user_filter (class=org.apache.hadoop.http.lib.StaticUserWebFilter$StaticUserFilter) to context hddsDatanode
2019-08-30 10:28:48,622 [main] INFO  http.HttpServer2 (HttpServer2.java:addFilter(958)) - Added filter static_user_filter (class=org.apache.hadoop.http.lib.StaticUserWebFilter$StaticUserFilter) to context static
2019-08-30 10:28:48,622 [main] INFO  http.HttpServer2 (HttpServer2.java:addFilter(958)) - Added filter static_user_filter (class=org.apache.hadoop.http.lib.StaticUserWebFilter$StaticUserFilter) to context logs
2019-08-30 10:28:48,623 [main] INFO  http.HttpServer2 (HttpServer2.java:bindListener(1191)) - Jetty bound to port 45956
2019-08-30 10:28:48,623 [main] INFO  server.Server (Server.java:doStart(351)) - jetty-9.3.24.v20180605, build timestamp: 2018-06-05T17:11:56Z, git hash: 84205aa28f11a4f31f2a3b86d1bba2cc8ab69827
2019-08-30 10:28:48,625 [main] INFO  handler.ContextHandler (ContextHandler.java:doStart(781)) - Started o.e.j.s.ServletContextHandler@61da0413{/logs,file:///workdir/hadoop-ozone/integration-test/target/log,AVAILABLE}
2019-08-30 10:28:48,626 [main] INFO  handler.ContextHandler (ContextHandler.java:doStart(781)) - Started o.e.j.s.ServletContextHandler@4d4c1ba9{/static,jar:file:/home/user/.m2/repository/org/apache/hadoop/hadoop-hdds-container-service/0.5.0-SNAPSHOT/hadoop-hdds-container-service-0.5.0-SNAPSHOT.jar!/webapps/static,AVAILABLE}
2019-08-30 10:28:48,654 [main] INFO  handler.ContextHandler (ContextHandler.java:doStart(781)) - Started o.e.j.w.WebAppContext@6562cc23{/,file:///tmp/jetty-0.0.0.0-45956-hddsDatanode-_-any-6830402022028425232.dir/webapp/,AVAILABLE}{/hddsDatanode}
2019-08-30 10:28:48,655 [main] INFO  server.AbstractConnector (AbstractConnector.java:doStart(278)) - Started ServerConnector@2ce524d2{HTTP/1.1,[http/1.1]}{0.0.0.0:45956}
2019-08-30 10:28:48,658 [main] INFO  server.Server (Server.java:doStart(419)) - Started @597548ms
2019-08-30 10:28:48,658 [main] WARN  impl.MetricsSystemImpl (MetricsSystemImpl.java:register(276)) - Sink prometheus already exists!
2019-08-30 10:28:48,660 [main] INFO  server.BaseHttpServer (BaseHttpServer.java:updateConnectorAddress(215)) - HTTP server of HDDSDATANODE is listening at http://0.0.0.0:45956
2019-08-30 10:28:48,660 [main] INFO  impl.MetricsSystemImpl (MetricsSystemImpl.java:init(158)) - HddsDatanode metrics system started (again)
2019-08-30 10:28:48,662 [main] INFO  ozone.HddsDatanodeService (HddsDatanodeService.java:start(184)) - HddsDatanodeService host:pr-hdds-2061-2h694-1687604233 ip:192.168.5.138
2019-08-30 10:28:48,663 [org.apache.hadoop.util.JvmPauseMonitor$Monitor@2391f74e] INFO  util.JvmPauseMonitor (JvmPauseMonitor.java:run(188)) - Starting JVM pause monitor
2019-08-30 10:28:48,665 [Datanode State Machine Thread - 0] INFO  datanode.InitDatanodeState (InitDatanodeState.java:persistContainerDatanodeDetails(140)) - DatanodeDetails is persisted to /workdir/hadoop-ozone/integration-test/target/test-dir/MiniOzoneClusterImpl-7d259c97-1909-4a64-a3a4-65a46b1cb81d/datanode-1/meta/datanode.id
2019-08-30 10:28:48,668 [main] INFO  volume.HddsVolume (HddsVolume.java:<init>(176)) - Creating Volume: /workdir/hadoop-ozone/integration-test/target/test-dir/MiniOzoneClusterImpl-7d259c97-1909-4a64-a3a4-65a46b1cb81d/datanode-2/data/containers/hdds of  storage type : DISK and capacity : 1482555576320
2019-08-30 10:28:48,668 [main] INFO  volume.VolumeSet (VolumeSet.java:initializeVolumeSet(170)) - Added Volume : /workdir/hadoop-ozone/integration-test/target/test-dir/MiniOzoneClusterImpl-7d259c97-1909-4a64-a3a4-65a46b1cb81d/datanode-2/data/containers/hdds to VolumeSet
2019-08-30 10:28:48,669 [main] INFO  volume.ThrottledAsyncChecker (ThrottledAsyncChecker.java:schedule(140)) - Scheduling a check for org.apache.hadoop.ozone.container.common.volume.HddsVolume@6b42e36d
2019-08-30 10:28:48,669 [main] INFO  volume.HddsVolumeChecker (HddsVolumeChecker.java:checkAllVolumes(203)) - Scheduled health check for volume org.apache.hadoop.ozone.container.common.volume.HddsVolume@6b42e36d
2019-08-30 10:28:48,683 [main] INFO  impl.RaftServerProxy (ConfUtils.java:logGet(43)) - raft.rpc.type = GRPC (default)
2019-08-30 10:28:48,683 [main] INFO  grpc.GrpcFactory (GrpcFactory.java:checkPooledByteBufAllocatorUseCacheForAllThreads(45)) - PERFORMANCE WARNING: useCacheForAllThreads is true that may cause Netty to create a lot garbage objects and, as a result, trigger GC.
	It is recommended to disable useCacheForAllThreads by setting -Dorg.apache.ratis.thirdparty.io.netty.allocator.useCacheForAllThreads=false in command line.
2019-08-30 10:28:48,684 [main] INFO  grpc.GrpcConfigKeys$Server (ConfUtils.java:logGet(43)) - raft.grpc.server.port = 0 (default)
2019-08-30 10:28:48,684 [main] INFO  server.GrpcService (ConfUtils.java:logGet(43)) - raft.grpc.message.size.max = 33570816 (custom)
2019-08-30 10:28:48,684 [main] INFO  server.RaftServerConfigKeys (ConfUtils.java:logGet(43)) - raft.server.log.appender.buffer.byte-limit = 33554432 (custom)
2019-08-30 10:28:48,684 [main] INFO  server.GrpcService (ConfUtils.java:logGet(43)) - raft.grpc.flow.control.window = 1MB (=1048576) (default)
2019-08-30 10:28:48,684 [main] INFO  server.RaftServerConfigKeys (ConfUtils.java:logGet(43)) - raft.server.rpc.request.timeout = 3000ms (default)
2019-08-30 10:28:48,685 [main] INFO  server.RaftServerConfigKeys (ConfUtils.java:logGet(43)) - raft.server.storage.dir = [/workdir/hadoop-ozone/integration-test/target/test-dir/MiniOzoneClusterImpl-7d259c97-1909-4a64-a3a4-65a46b1cb81d/datanode-2/data/ratis] (custom)
2019-08-30 10:28:48,686 [main] INFO  hdfs.DFSUtil (DFSUtil.java:httpServerTemplateForNNAndJN(1641)) - Starting Web-server for hddsDatanode at: http://0.0.0.0:0
2019-08-30 10:28:48,687 [main] INFO  server.AuthenticationFilter (AuthenticationFilter.java:constructSecretProvider(240)) - Unable to initialize FileSignerSecretProvider, falling back to use random secrets.
2019-08-30 10:28:48,688 [main] WARN  http.HttpRequestLog (HttpRequestLog.java:getRequestLog(97)) - Jetty request log can only be enabled using Log4j
2019-08-30 10:28:48,689 [main] INFO  http.HttpServer2 (HttpServer2.java:addGlobalFilter(975)) - Added global filter 'safety' (class=org.apache.hadoop.http.HttpServer2$QuotingInputFilter)
2019-08-30 10:28:48,689 [main] INFO  http.HttpServer2 (HttpServer2.java:addFilter(948)) - Added filter static_user_filter (class=org.apache.hadoop.http.lib.StaticUserWebFilter$StaticUserFilter) to context hddsDatanode
2019-08-30 10:28:48,689 [main] INFO  http.HttpServer2 (HttpServer2.java:addFilter(958)) - Added filter static_user_filter (class=org.apache.hadoop.http.lib.StaticUserWebFilter$StaticUserFilter) to context logs
2019-08-30 10:28:48,690 [main] INFO  http.HttpServer2 (HttpServer2.java:addFilter(958)) - Added filter static_user_filter (class=org.apache.hadoop.http.lib.StaticUserWebFilter$StaticUserFilter) to context static
2019-08-30 10:28:48,690 [main] INFO  http.HttpServer2 (HttpServer2.java:bindListener(1191)) - Jetty bound to port 40284
2019-08-30 10:28:48,690 [main] INFO  server.Server (Server.java:doStart(351)) - jetty-9.3.24.v20180605, build timestamp: 2018-06-05T17:11:56Z, git hash: 84205aa28f11a4f31f2a3b86d1bba2cc8ab69827
2019-08-30 10:28:48,692 [main] INFO  handler.ContextHandler (ContextHandler.java:doStart(781)) - Started o.e.j.s.ServletContextHandler@67c6f4d8{/logs,file:///workdir/hadoop-ozone/integration-test/target/log,AVAILABLE}
2019-08-30 10:28:48,692 [main] INFO  handler.ContextHandler (ContextHandler.java:doStart(781)) - Started o.e.j.s.ServletContextHandler@4863c8ac{/static,jar:file:/home/user/.m2/repository/org/apache/hadoop/hadoop-hdds-container-service/0.5.0-SNAPSHOT/hadoop-hdds-container-service-0.5.0-SNAPSHOT.jar!/webapps/static,AVAILABLE}
2019-08-30 10:28:48,719 [main] INFO  handler.ContextHandler (ContextHandler.java:doStart(781)) - Started o.e.j.w.WebAppContext@30508066{/,file:///tmp/jetty-0.0.0.0-40284-hddsDatanode-_-any-9091339429706417367.dir/webapp/,AVAILABLE}{/hddsDatanode}
2019-08-30 10:28:48,719 [main] INFO  server.AbstractConnector (AbstractConnector.java:doStart(278)) - Started ServerConnector@9408857{HTTP/1.1,[http/1.1]}{0.0.0.0:40284}
2019-08-30 10:28:48,720 [main] INFO  server.Server (Server.java:doStart(419)) - Started @597609ms
2019-08-30 10:28:48,721 [main] WARN  impl.MetricsSystemImpl (MetricsSystemImpl.java:register(276)) - Sink prometheus already exists!
2019-08-30 10:28:48,721 [main] INFO  server.BaseHttpServer (BaseHttpServer.java:updateConnectorAddress(215)) - HTTP server of HDDSDATANODE is listening at http://0.0.0.0:40284
2019-08-30 10:28:48,722 [main] INFO  impl.MetricsSystemImpl (MetricsSystemImpl.java:init(158)) - HddsDatanode metrics system started (again)
2019-08-30 10:28:48,724 [main] INFO  ozone.HddsDatanodeService (HddsDatanodeService.java:start(184)) - HddsDatanodeService host:pr-hdds-2061-2h694-1687604233 ip:192.168.5.138
2019-08-30 10:28:48,724 [org.apache.hadoop.util.JvmPauseMonitor$Monitor@4311fe91] INFO  util.JvmPauseMonitor (JvmPauseMonitor.java:run(188)) - Starting JVM pause monitor
2019-08-30 10:28:48,725 [Datanode State Machine Thread - 0] INFO  datanode.InitDatanodeState (InitDatanodeState.java:persistContainerDatanodeDetails(140)) - DatanodeDetails is persisted to /workdir/hadoop-ozone/integration-test/target/test-dir/MiniOzoneClusterImpl-7d259c97-1909-4a64-a3a4-65a46b1cb81d/datanode-2/meta/datanode.id
2019-08-30 10:28:48,729 [main] INFO  volume.HddsVolume (HddsVolume.java:<init>(176)) - Creating Volume: /workdir/hadoop-ozone/integration-test/target/test-dir/MiniOzoneClusterImpl-7d259c97-1909-4a64-a3a4-65a46b1cb81d/datanode-3/data/containers/hdds of  storage type : DISK and capacity : 1482555576320
2019-08-30 10:28:48,730 [main] INFO  volume.VolumeSet (VolumeSet.java:initializeVolumeSet(170)) - Added Volume : /workdir/hadoop-ozone/integration-test/target/test-dir/MiniOzoneClusterImpl-7d259c97-1909-4a64-a3a4-65a46b1cb81d/datanode-3/data/containers/hdds to VolumeSet
2019-08-30 10:28:48,730 [main] INFO  volume.ThrottledAsyncChecker (ThrottledAsyncChecker.java:schedule(140)) - Scheduling a check for org.apache.hadoop.ozone.container.common.volume.HddsVolume@4409cae6
2019-08-30 10:28:48,730 [main] INFO  volume.HddsVolumeChecker (HddsVolumeChecker.java:checkAllVolumes(203)) - Scheduled health check for volume org.apache.hadoop.ozone.container.common.volume.HddsVolume@4409cae6
2019-08-30 10:28:48,744 [main] INFO  impl.RaftServerProxy (ConfUtils.java:logGet(43)) - raft.rpc.type = GRPC (default)
2019-08-30 10:28:48,744 [main] INFO  grpc.GrpcFactory (GrpcFactory.java:checkPooledByteBufAllocatorUseCacheForAllThreads(45)) - PERFORMANCE WARNING: useCacheForAllThreads is true that may cause Netty to create a lot garbage objects and, as a result, trigger GC.
	It is recommended to disable useCacheForAllThreads by setting -Dorg.apache.ratis.thirdparty.io.netty.allocator.useCacheForAllThreads=false in command line.
2019-08-30 10:28:48,745 [main] INFO  grpc.GrpcConfigKeys$Server (ConfUtils.java:logGet(43)) - raft.grpc.server.port = 0 (default)
2019-08-30 10:28:48,745 [main] INFO  server.GrpcService (ConfUtils.java:logGet(43)) - raft.grpc.message.size.max = 33570816 (custom)
2019-08-30 10:28:48,745 [main] INFO  server.RaftServerConfigKeys (ConfUtils.java:logGet(43)) - raft.server.log.appender.buffer.byte-limit = 33554432 (custom)
2019-08-30 10:28:48,746 [main] INFO  server.GrpcService (ConfUtils.java:logGet(43)) - raft.grpc.flow.control.window = 1MB (=1048576) (default)
2019-08-30 10:28:48,746 [main] INFO  server.RaftServerConfigKeys (ConfUtils.java:logGet(43)) - raft.server.rpc.request.timeout = 3000ms (default)
2019-08-30 10:28:48,746 [main] INFO  server.RaftServerConfigKeys (ConfUtils.java:logGet(43)) - raft.server.storage.dir = [/workdir/hadoop-ozone/integration-test/target/test-dir/MiniOzoneClusterImpl-7d259c97-1909-4a64-a3a4-65a46b1cb81d/datanode-3/data/ratis] (custom)
2019-08-30 10:28:48,748 [main] INFO  hdfs.DFSUtil (DFSUtil.java:httpServerTemplateForNNAndJN(1641)) - Starting Web-server for hddsDatanode at: http://0.0.0.0:0
2019-08-30 10:28:48,749 [main] INFO  server.AuthenticationFilter (AuthenticationFilter.java:constructSecretProvider(240)) - Unable to initialize FileSignerSecretProvider, falling back to use random secrets.
2019-08-30 10:28:48,750 [main] WARN  http.HttpRequestLog (HttpRequestLog.java:getRequestLog(97)) - Jetty request log can only be enabled using Log4j
2019-08-30 10:28:48,752 [main] INFO  http.HttpServer2 (HttpServer2.java:addGlobalFilter(975)) - Added global filter 'safety' (class=org.apache.hadoop.http.HttpServer2$QuotingInputFilter)
2019-08-30 10:28:48,752 [main] INFO  http.HttpServer2 (HttpServer2.java:addFilter(948)) - Added filter static_user_filter (class=org.apache.hadoop.http.lib.StaticUserWebFilter$StaticUserFilter) to context hddsDatanode
2019-08-30 10:28:48,753 [main] INFO  http.HttpServer2 (HttpServer2.java:addFilter(958)) - Added filter static_user_filter (class=org.apache.hadoop.http.lib.StaticUserWebFilter$StaticUserFilter) to context logs
2019-08-30 10:28:48,753 [main] INFO  http.HttpServer2 (HttpServer2.java:addFilter(958)) - Added filter static_user_filter (class=org.apache.hadoop.http.lib.StaticUserWebFilter$StaticUserFilter) to context static
2019-08-30 10:28:48,753 [main] INFO  http.HttpServer2 (HttpServer2.java:bindListener(1191)) - Jetty bound to port 43669
2019-08-30 10:28:48,754 [main] INFO  server.Server (Server.java:doStart(351)) - jetty-9.3.24.v20180605, build timestamp: 2018-06-05T17:11:56Z, git hash: 84205aa28f11a4f31f2a3b86d1bba2cc8ab69827
2019-08-30 10:28:48,755 [main] INFO  handler.ContextHandler (ContextHandler.java:doStart(781)) - Started o.e.j.s.ServletContextHandler@1b7554d4{/logs,file:///workdir/hadoop-ozone/integration-test/target/log,AVAILABLE}
2019-08-30 10:28:48,756 [main] INFO  handler.ContextHandler (ContextHandler.java:doStart(781)) - Started o.e.j.s.ServletContextHandler@1ea930eb{/static,jar:file:/home/user/.m2/repository/org/apache/hadoop/hadoop-hdds-container-service/0.5.0-SNAPSHOT/hadoop-hdds-container-service-0.5.0-SNAPSHOT.jar!/webapps/static,AVAILABLE}
2019-08-30 10:28:48,785 [main] INFO  handler.ContextHandler (ContextHandler.java:doStart(781)) - Started o.e.j.w.WebAppContext@774d8276{/,file:///tmp/jetty-0.0.0.0-43669-hddsDatanode-_-any-721304030582411853.dir/webapp/,AVAILABLE}{/hddsDatanode}
2019-08-30 10:28:48,785 [main] INFO  server.AbstractConnector (AbstractConnector.java:doStart(278)) - Started ServerConnector@6ce26986{HTTP/1.1,[http/1.1]}{0.0.0.0:43669}
2019-08-30 10:28:48,787 [main] INFO  server.Server (Server.java:doStart(419)) - Started @597675ms
2019-08-30 10:28:48,787 [main] WARN  impl.MetricsSystemImpl (MetricsSystemImpl.java:register(276)) - Sink prometheus already exists!
2019-08-30 10:28:48,787 [main] INFO  server.BaseHttpServer (BaseHttpServer.java:updateConnectorAddress(215)) - HTTP server of HDDSDATANODE is listening at http://0.0.0.0:43669
2019-08-30 10:28:48,788 [main] INFO  impl.MetricsSystemImpl (MetricsSystemImpl.java:init(158)) - HddsDatanode metrics system started (again)
2019-08-30 10:28:48,791 [org.apache.hadoop.util.JvmPauseMonitor$Monitor@59dc6a2d] INFO  util.JvmPauseMonitor (JvmPauseMonitor.java:run(188)) - Starting JVM pause monitor
2019-08-30 10:28:48,791 [main] INFO  ozone.HddsDatanodeService (HddsDatanodeService.java:start(184)) - HddsDatanodeService host:pr-hdds-2061-2h694-1687604233 ip:192.168.5.138
2019-08-30 10:28:48,792 [Datanode State Machine Thread - 0] INFO  datanode.InitDatanodeState (InitDatanodeState.java:persistContainerDatanodeDetails(140)) - DatanodeDetails is persisted to /workdir/hadoop-ozone/integration-test/target/test-dir/MiniOzoneClusterImpl-7d259c97-1909-4a64-a3a4-65a46b1cb81d/datanode-3/meta/datanode.id
2019-08-30 10:28:48,799 [main] INFO  volume.HddsVolume (HddsVolume.java:<init>(176)) - Creating Volume: /workdir/hadoop-ozone/integration-test/target/test-dir/MiniOzoneClusterImpl-7d259c97-1909-4a64-a3a4-65a46b1cb81d/datanode-4/data/containers/hdds of  storage type : DISK and capacity : 1482555576320
2019-08-30 10:28:48,799 [main] INFO  volume.VolumeSet (VolumeSet.java:initializeVolumeSet(170)) - Added Volume : /workdir/hadoop-ozone/integration-test/target/test-dir/MiniOzoneClusterImpl-7d259c97-1909-4a64-a3a4-65a46b1cb81d/datanode-4/data/containers/hdds to VolumeSet
2019-08-30 10:28:48,799 [main] INFO  volume.ThrottledAsyncChecker (ThrottledAsyncChecker.java:schedule(140)) - Scheduling a check for org.apache.hadoop.ozone.container.common.volume.HddsVolume@149aa7b2
2019-08-30 10:28:48,800 [main] INFO  volume.HddsVolumeChecker (HddsVolumeChecker.java:checkAllVolumes(203)) - Scheduled health check for volume org.apache.hadoop.ozone.container.common.volume.HddsVolume@149aa7b2
2019-08-30 10:28:48,817 [main] INFO  impl.RaftServerProxy (ConfUtils.java:logGet(43)) - raft.rpc.type = GRPC (default)
2019-08-30 10:28:48,818 [main] INFO  grpc.GrpcFactory (GrpcFactory.java:checkPooledByteBufAllocatorUseCacheForAllThreads(45)) - PERFORMANCE WARNING: useCacheForAllThreads is true that may cause Netty to create a lot garbage objects and, as a result, trigger GC.
	It is recommended to disable useCacheForAllThreads by setting -Dorg.apache.ratis.thirdparty.io.netty.allocator.useCacheForAllThreads=false in command line.
2019-08-30 10:28:48,818 [main] INFO  grpc.GrpcConfigKeys$Server (ConfUtils.java:logGet(43)) - raft.grpc.server.port = 0 (default)
2019-08-30 10:28:48,818 [main] INFO  server.GrpcService (ConfUtils.java:logGet(43)) - raft.grpc.message.size.max = 33570816 (custom)
2019-08-30 10:28:48,818 [main] INFO  server.RaftServerConfigKeys (ConfUtils.java:logGet(43)) - raft.server.log.appender.buffer.byte-limit = 33554432 (custom)
2019-08-30 10:28:48,818 [main] INFO  server.GrpcService (ConfUtils.java:logGet(43)) - raft.grpc.flow.control.window = 1MB (=1048576) (default)
2019-08-30 10:28:48,818 [main] INFO  server.RaftServerConfigKeys (ConfUtils.java:logGet(43)) - raft.server.rpc.request.timeout = 3000ms (default)
2019-08-30 10:28:48,819 [main] INFO  server.RaftServerConfigKeys (ConfUtils.java:logGet(43)) - raft.server.storage.dir = [/workdir/hadoop-ozone/integration-test/target/test-dir/MiniOzoneClusterImpl-7d259c97-1909-4a64-a3a4-65a46b1cb81d/datanode-4/data/ratis] (custom)
2019-08-30 10:28:48,820 [main] INFO  hdfs.DFSUtil (DFSUtil.java:httpServerTemplateForNNAndJN(1641)) - Starting Web-server for hddsDatanode at: http://0.0.0.0:0
2019-08-30 10:28:48,821 [main] INFO  server.AuthenticationFilter (AuthenticationFilter.java:constructSecretProvider(240)) - Unable to initialize FileSignerSecretProvider, falling back to use random secrets.
2019-08-30 10:28:48,822 [main] WARN  http.HttpRequestLog (HttpRequestLog.java:getRequestLog(97)) - Jetty request log can only be enabled using Log4j
2019-08-30 10:28:48,823 [main] INFO  http.HttpServer2 (HttpServer2.java:addGlobalFilter(975)) - Added global filter 'safety' (class=org.apache.hadoop.http.HttpServer2$QuotingInputFilter)
2019-08-30 10:28:48,824 [main] INFO  http.HttpServer2 (HttpServer2.java:addFilter(948)) - Added filter static_user_filter (class=org.apache.hadoop.http.lib.StaticUserWebFilter$StaticUserFilter) to context hddsDatanode
2019-08-30 10:28:48,824 [main] INFO  http.HttpServer2 (HttpServer2.java:addFilter(958)) - Added filter static_user_filter (class=org.apache.hadoop.http.lib.StaticUserWebFilter$StaticUserFilter) to context logs
2019-08-30 10:28:48,824 [main] INFO  http.HttpServer2 (HttpServer2.java:addFilter(958)) - Added filter static_user_filter (class=org.apache.hadoop.http.lib.StaticUserWebFilter$StaticUserFilter) to context static
2019-08-30 10:28:48,825 [main] INFO  http.HttpServer2 (HttpServer2.java:bindListener(1191)) - Jetty bound to port 34533
2019-08-30 10:28:48,825 [main] INFO  server.Server (Server.java:doStart(351)) - jetty-9.3.24.v20180605, build timestamp: 2018-06-05T17:11:56Z, git hash: 84205aa28f11a4f31f2a3b86d1bba2cc8ab69827
2019-08-30 10:28:48,827 [main] INFO  handler.ContextHandler (ContextHandler.java:doStart(781)) - Started o.e.j.s.ServletContextHandler@9690008{/logs,file:///workdir/hadoop-ozone/integration-test/target/log,AVAILABLE}
2019-08-30 10:28:48,827 [main] INFO  handler.ContextHandler (ContextHandler.java:doStart(781)) - Started o.e.j.s.ServletContextHandler@79cb8ffa{/static,jar:file:/home/user/.m2/repository/org/apache/hadoop/hadoop-hdds-container-service/0.5.0-SNAPSHOT/hadoop-hdds-container-service-0.5.0-SNAPSHOT.jar!/webapps/static,AVAILABLE}
2019-08-30 10:28:48,860 [main] INFO  handler.ContextHandler (ContextHandler.java:doStart(781)) - Started o.e.j.w.WebAppContext@798cf6d2{/,file:///tmp/jetty-0.0.0.0-34533-hddsDatanode-_-any-1404878354351085457.dir/webapp/,AVAILABLE}{/hddsDatanode}
2019-08-30 10:28:48,860 [main] INFO  server.AbstractConnector (AbstractConnector.java:doStart(278)) - Started ServerConnector@1c1fa494{HTTP/1.1,[http/1.1]}{0.0.0.0:34533}
2019-08-30 10:28:48,860 [main] INFO  server.Server (Server.java:doStart(419)) - Started @597750ms
2019-08-30 10:28:48,862 [main] WARN  impl.MetricsSystemImpl (MetricsSystemImpl.java:register(276)) - Sink prometheus already exists!
2019-08-30 10:28:48,863 [main] INFO  server.BaseHttpServer (BaseHttpServer.java:updateConnectorAddress(215)) - HTTP server of HDDSDATANODE is listening at http://0.0.0.0:34533
2019-08-30 10:28:48,863 [main] INFO  impl.MetricsSystemImpl (MetricsSystemImpl.java:init(158)) - HddsDatanode metrics system started (again)
2019-08-30 10:28:48,867 [org.apache.hadoop.util.JvmPauseMonitor$Monitor@bba59aa] INFO  util.JvmPauseMonitor (JvmPauseMonitor.java:run(188)) - Starting JVM pause monitor
2019-08-30 10:28:48,867 [main] INFO  ozone.HddsDatanodeService (HddsDatanodeService.java:start(184)) - HddsDatanodeService host:pr-hdds-2061-2h694-1687604233 ip:192.168.5.138
2019-08-30 10:28:48,868 [Datanode State Machine Thread - 0] INFO  datanode.InitDatanodeState (InitDatanodeState.java:persistContainerDatanodeDetails(140)) - DatanodeDetails is persisted to /workdir/hadoop-ozone/integration-test/target/test-dir/MiniOzoneClusterImpl-7d259c97-1909-4a64-a3a4-65a46b1cb81d/datanode-4/meta/datanode.id
2019-08-30 10:28:48,874 [main] INFO  volume.HddsVolume (HddsVolume.java:<init>(176)) - Creating Volume: /workdir/hadoop-ozone/integration-test/target/test-dir/MiniOzoneClusterImpl-7d259c97-1909-4a64-a3a4-65a46b1cb81d/datanode-5/data/containers/hdds of  storage type : DISK and capacity : 1482555576320
2019-08-30 10:28:48,875 [main] INFO  volume.VolumeSet (VolumeSet.java:initializeVolumeSet(170)) - Added Volume : /workdir/hadoop-ozone/integration-test/target/test-dir/MiniOzoneClusterImpl-7d259c97-1909-4a64-a3a4-65a46b1cb81d/datanode-5/data/containers/hdds to VolumeSet
2019-08-30 10:28:48,875 [main] INFO  volume.ThrottledAsyncChecker (ThrottledAsyncChecker.java:schedule(140)) - Scheduling a check for org.apache.hadoop.ozone.container.common.volume.HddsVolume@53a301f3
2019-08-30 10:28:48,875 [main] INFO  volume.HddsVolumeChecker (HddsVolumeChecker.java:checkAllVolumes(203)) - Scheduled health check for volume org.apache.hadoop.ozone.container.common.volume.HddsVolume@53a301f3
2019-08-30 10:28:48,899 [main] INFO  impl.RaftServerProxy (ConfUtils.java:logGet(43)) - raft.rpc.type = GRPC (default)
2019-08-30 10:28:48,900 [main] INFO  grpc.GrpcFactory (GrpcFactory.java:checkPooledByteBufAllocatorUseCacheForAllThreads(45)) - PERFORMANCE WARNING: useCacheForAllThreads is true that may cause Netty to create a lot garbage objects and, as a result, trigger GC.
	It is recommended to disable useCacheForAllThreads by setting -Dorg.apache.ratis.thirdparty.io.netty.allocator.useCacheForAllThreads=false in command line.
2019-08-30 10:28:48,900 [main] INFO  grpc.GrpcConfigKeys$Server (ConfUtils.java:logGet(43)) - raft.grpc.server.port = 0 (default)
2019-08-30 10:28:48,900 [main] INFO  server.GrpcService (ConfUtils.java:logGet(43)) - raft.grpc.message.size.max = 33570816 (custom)
2019-08-30 10:28:48,901 [main] INFO  server.RaftServerConfigKeys (ConfUtils.java:logGet(43)) - raft.server.log.appender.buffer.byte-limit = 33554432 (custom)
2019-08-30 10:28:48,901 [main] INFO  server.GrpcService (ConfUtils.java:logGet(43)) - raft.grpc.flow.control.window = 1MB (=1048576) (default)
2019-08-30 10:28:48,901 [main] INFO  server.RaftServerConfigKeys (ConfUtils.java:logGet(43)) - raft.server.rpc.request.timeout = 3000ms (default)
2019-08-30 10:28:48,902 [main] INFO  server.RaftServerConfigKeys (ConfUtils.java:logGet(43)) - raft.server.storage.dir = [/workdir/hadoop-ozone/integration-test/target/test-dir/MiniOzoneClusterImpl-7d259c97-1909-4a64-a3a4-65a46b1cb81d/datanode-5/data/ratis] (custom)
2019-08-30 10:28:48,904 [main] INFO  hdfs.DFSUtil (DFSUtil.java:httpServerTemplateForNNAndJN(1641)) - Starting Web-server for hddsDatanode at: http://0.0.0.0:0
2019-08-30 10:28:48,906 [main] INFO  server.AuthenticationFilter (AuthenticationFilter.java:constructSecretProvider(240)) - Unable to initialize FileSignerSecretProvider, falling back to use random secrets.
2019-08-30 10:28:48,907 [main] WARN  http.HttpRequestLog (HttpRequestLog.java:getRequestLog(97)) - Jetty request log can only be enabled using Log4j
2019-08-30 10:28:48,909 [main] INFO  http.HttpServer2 (HttpServer2.java:addGlobalFilter(975)) - Added global filter 'safety' (class=org.apache.hadoop.http.HttpServer2$QuotingInputFilter)
2019-08-30 10:28:48,909 [main] INFO  http.HttpServer2 (HttpServer2.java:addFilter(948)) - Added filter static_user_filter (class=org.apache.hadoop.http.lib.StaticUserWebFilter$StaticUserFilter) to context hddsDatanode
2019-08-30 10:28:48,909 [main] INFO  http.HttpServer2 (HttpServer2.java:addFilter(958)) - Added filter static_user_filter (class=org.apache.hadoop.http.lib.StaticUserWebFilter$StaticUserFilter) to context logs
2019-08-30 10:28:48,910 [main] INFO  http.HttpServer2 (HttpServer2.java:addFilter(958)) - Added filter static_user_filter (class=org.apache.hadoop.http.lib.StaticUserWebFilter$StaticUserFilter) to context static
2019-08-30 10:28:48,911 [main] INFO  http.HttpServer2 (HttpServer2.java:bindListener(1191)) - Jetty bound to port 43671
2019-08-30 10:28:48,911 [main] INFO  server.Server (Server.java:doStart(351)) - jetty-9.3.24.v20180605, build timestamp: 2018-06-05T17:11:56Z, git hash: 84205aa28f11a4f31f2a3b86d1bba2cc8ab69827
2019-08-30 10:28:48,913 [main] INFO  handler.ContextHandler (ContextHandler.java:doStart(781)) - Started o.e.j.s.ServletContextHandler@60deefed{/logs,file:///workdir/hadoop-ozone/integration-test/target/log,AVAILABLE}
2019-08-30 10:28:48,914 [main] INFO  handler.ContextHandler (ContextHandler.java:doStart(781)) - Started o.e.j.s.ServletContextHandler@31881aa2{/static,jar:file:/home/user/.m2/repository/org/apache/hadoop/hadoop-hdds-container-service/0.5.0-SNAPSHOT/hadoop-hdds-container-service-0.5.0-SNAPSHOT.jar!/webapps/static,AVAILABLE}
2019-08-30 10:28:48,954 [main] INFO  handler.ContextHandler (ContextHandler.java:doStart(781)) - Started o.e.j.w.WebAppContext@684ce74c{/,file:///tmp/jetty-0.0.0.0-43671-hddsDatanode-_-any-1757044442083396440.dir/webapp/,AVAILABLE}{/hddsDatanode}
2019-08-30 10:28:48,955 [main] INFO  server.AbstractConnector (AbstractConnector.java:doStart(278)) - Started ServerConnector@65593327{HTTP/1.1,[http/1.1]}{0.0.0.0:43671}
2019-08-30 10:28:48,957 [main] INFO  server.Server (Server.java:doStart(419)) - Started @597846ms
2019-08-30 10:28:48,957 [main] WARN  impl.MetricsSystemImpl (MetricsSystemImpl.java:register(276)) - Sink prometheus already exists!
2019-08-30 10:28:48,958 [main] INFO  server.BaseHttpServer (BaseHttpServer.java:updateConnectorAddress(215)) - HTTP server of HDDSDATANODE is listening at http://0.0.0.0:43671
2019-08-30 10:28:48,958 [main] INFO  impl.MetricsSystemImpl (MetricsSystemImpl.java:init(158)) - HddsDatanode metrics system started (again)
2019-08-30 10:28:48,962 [org.apache.hadoop.util.JvmPauseMonitor$Monitor@380a81fa] INFO  util.JvmPauseMonitor (JvmPauseMonitor.java:run(188)) - Starting JVM pause monitor
2019-08-30 10:28:48,963 [main] INFO  ozone.HddsDatanodeService (HddsDatanodeService.java:start(184)) - HddsDatanodeService host:pr-hdds-2061-2h694-1687604233 ip:192.168.5.138
2019-08-30 10:28:48,964 [Datanode State Machine Thread - 0] INFO  datanode.InitDatanodeState (InitDatanodeState.java:persistContainerDatanodeDetails(140)) - DatanodeDetails is persisted to /workdir/hadoop-ozone/integration-test/target/test-dir/MiniOzoneClusterImpl-7d259c97-1909-4a64-a3a4-65a46b1cb81d/datanode-5/meta/datanode.id
2019-08-30 10:28:48,969 [main] INFO  volume.HddsVolume (HddsVolume.java:<init>(176)) - Creating Volume: /workdir/hadoop-ozone/integration-test/target/test-dir/MiniOzoneClusterImpl-7d259c97-1909-4a64-a3a4-65a46b1cb81d/datanode-6/data/containers/hdds of  storage type : DISK and capacity : 1482555576320
2019-08-30 10:28:48,970 [main] INFO  volume.VolumeSet (VolumeSet.java:initializeVolumeSet(170)) - Added Volume : /workdir/hadoop-ozone/integration-test/target/test-dir/MiniOzoneClusterImpl-7d259c97-1909-4a64-a3a4-65a46b1cb81d/datanode-6/data/containers/hdds to VolumeSet
2019-08-30 10:28:48,970 [main] INFO  volume.ThrottledAsyncChecker (ThrottledAsyncChecker.java:schedule(140)) - Scheduling a check for org.apache.hadoop.ozone.container.common.volume.HddsVolume@9a9aa68
2019-08-30 10:28:48,971 [main] INFO  volume.HddsVolumeChecker (HddsVolumeChecker.java:checkAllVolumes(203)) - Scheduled health check for volume org.apache.hadoop.ozone.container.common.volume.HddsVolume@9a9aa68
2019-08-30 10:28:48,990 [main] INFO  impl.RaftServerProxy (ConfUtils.java:logGet(43)) - raft.rpc.type = GRPC (default)
2019-08-30 10:28:48,990 [main] INFO  grpc.GrpcFactory (GrpcFactory.java:checkPooledByteBufAllocatorUseCacheForAllThreads(45)) - PERFORMANCE WARNING: useCacheForAllThreads is true that may cause Netty to create a lot garbage objects and, as a result, trigger GC.
	It is recommended to disable useCacheForAllThreads by setting -Dorg.apache.ratis.thirdparty.io.netty.allocator.useCacheForAllThreads=false in command line.
2019-08-30 10:28:48,991 [main] INFO  grpc.GrpcConfigKeys$Server (ConfUtils.java:logGet(43)) - raft.grpc.server.port = 0 (default)
2019-08-30 10:28:48,991 [main] INFO  server.GrpcService (ConfUtils.java:logGet(43)) - raft.grpc.message.size.max = 33570816 (custom)
2019-08-30 10:28:48,991 [main] INFO  server.RaftServerConfigKeys (ConfUtils.java:logGet(43)) - raft.server.log.appender.buffer.byte-limit = 33554432 (custom)
2019-08-30 10:28:48,992 [main] INFO  server.GrpcService (ConfUtils.java:logGet(43)) - raft.grpc.flow.control.window = 1MB (=1048576) (default)
2019-08-30 10:28:48,992 [main] INFO  server.RaftServerConfigKeys (ConfUtils.java:logGet(43)) - raft.server.rpc.request.timeout = 3000ms (default)
2019-08-30 10:28:48,992 [main] INFO  server.RaftServerConfigKeys (ConfUtils.java:logGet(43)) - raft.server.storage.dir = [/workdir/hadoop-ozone/integration-test/target/test-dir/MiniOzoneClusterImpl-7d259c97-1909-4a64-a3a4-65a46b1cb81d/datanode-6/data/ratis] (custom)
2019-08-30 10:28:48,994 [main] INFO  hdfs.DFSUtil (DFSUtil.java:httpServerTemplateForNNAndJN(1641)) - Starting Web-server for hddsDatanode at: http://0.0.0.0:0
2019-08-30 10:28:48,996 [main] INFO  server.AuthenticationFilter (AuthenticationFilter.java:constructSecretProvider(240)) - Unable to initialize FileSignerSecretProvider, falling back to use random secrets.
2019-08-30 10:28:48,996 [main] WARN  http.HttpRequestLog (HttpRequestLog.java:getRequestLog(97)) - Jetty request log can only be enabled using Log4j
2019-08-30 10:28:48,998 [main] INFO  http.HttpServer2 (HttpServer2.java:addGlobalFilter(975)) - Added global filter 'safety' (class=org.apache.hadoop.http.HttpServer2$QuotingInputFilter)
2019-08-30 10:28:48,998 [main] INFO  http.HttpServer2 (HttpServer2.java:addFilter(948)) - Added filter static_user_filter (class=org.apache.hadoop.http.lib.StaticUserWebFilter$StaticUserFilter) to context hddsDatanode
2019-08-30 10:28:48,998 [main] INFO  http.HttpServer2 (HttpServer2.java:addFilter(958)) - Added filter static_user_filter (class=org.apache.hadoop.http.lib.StaticUserWebFilter$StaticUserFilter) to context static
2019-08-30 10:28:48,998 [main] INFO  http.HttpServer2 (HttpServer2.java:addFilter(958)) - Added filter static_user_filter (class=org.apache.hadoop.http.lib.StaticUserWebFilter$StaticUserFilter) to context logs
2019-08-30 10:28:48,999 [main] INFO  http.HttpServer2 (HttpServer2.java:bindListener(1191)) - Jetty bound to port 33428
2019-08-30 10:28:48,999 [main] INFO  server.Server (Server.java:doStart(351)) - jetty-9.3.24.v20180605, build timestamp: 2018-06-05T17:11:56Z, git hash: 84205aa28f11a4f31f2a3b86d1bba2cc8ab69827
2019-08-30 10:28:49,001 [main] INFO  handler.ContextHandler (ContextHandler.java:doStart(781)) - Started o.e.j.s.ServletContextHandler@2f04993d{/logs,file:///workdir/hadoop-ozone/integration-test/target/log,AVAILABLE}
2019-08-30 10:28:49,001 [main] INFO  handler.ContextHandler (ContextHandler.java:doStart(781)) - Started o.e.j.s.ServletContextHandler@103c97ff{/static,jar:file:/home/user/.m2/repository/org/apache/hadoop/hadoop-hdds-container-service/0.5.0-SNAPSHOT/hadoop-hdds-container-service-0.5.0-SNAPSHOT.jar!/webapps/static,AVAILABLE}
2019-08-30 10:28:49,029 [main] INFO  handler.ContextHandler (ContextHandler.java:doStart(781)) - Started o.e.j.w.WebAppContext@6568f998{/,file:///tmp/jetty-0.0.0.0-33428-hddsDatanode-_-any-4403415563635830621.dir/webapp/,AVAILABLE}{/hddsDatanode}
2019-08-30 10:28:49,029 [main] INFO  server.AbstractConnector (AbstractConnector.java:doStart(278)) - Started ServerConnector@45d4421d{HTTP/1.1,[http/1.1]}{0.0.0.0:33428}
2019-08-30 10:28:49,034 [main] INFO  server.Server (Server.java:doStart(419)) - Started @597924ms
2019-08-30 10:28:49,035 [main] WARN  impl.MetricsSystemImpl (MetricsSystemImpl.java:register(276)) - Sink prometheus already exists!
2019-08-30 10:28:49,035 [main] INFO  server.BaseHttpServer (BaseHttpServer.java:updateConnectorAddress(215)) - HTTP server of HDDSDATANODE is listening at http://0.0.0.0:33428
2019-08-30 10:28:49,036 [main] INFO  ozone.MiniOzoneClusterImpl (MiniOzoneClusterImpl.java:lambda$waitForClusterToBeReady$0(140)) - Waiting for cluster to be ready. Got 0 of 7 DN Heartbeats.
2019-08-30 10:28:49,037 [org.apache.hadoop.util.JvmPauseMonitor$Monitor@7427d8eb] INFO  util.JvmPauseMonitor (JvmPauseMonitor.java:run(188)) - Starting JVM pause monitor
2019-08-30 10:28:49,038 [Datanode State Machine Thread - 0] INFO  datanode.InitDatanodeState (InitDatanodeState.java:persistContainerDatanodeDetails(140)) - DatanodeDetails is persisted to /workdir/hadoop-ozone/integration-test/target/test-dir/MiniOzoneClusterImpl-7d259c97-1909-4a64-a3a4-65a46b1cb81d/datanode-6/meta/datanode.id
2019-08-30 10:28:50,036 [main] INFO  ozone.MiniOzoneClusterImpl (MiniOzoneClusterImpl.java:lambda$waitForClusterToBeReady$0(140)) - Waiting for cluster to be ready. Got 0 of 7 DN Heartbeats.
2019-08-30 10:28:50,599 | INFO  | SCMAudit | user=jenkins1000 | ip=192.168.5.138 | op=GET_VERSION null | ret=SUCCESS |  
2019-08-30 10:28:50,615 [Datanode State Machine Thread - 0] INFO  ozoneimpl.OzoneContainer (OzoneContainer.java:start(201)) - Attempting to start container services.
2019-08-30 10:28:50,615 [Datanode State Machine Thread - 0] INFO  ozoneimpl.OzoneContainer (OzoneContainer.java:startContainerScrub(175)) - Background container scrubber has been disabled by hdds.containerscrub.enabled
2019-08-30 10:28:50,616 [Datanode State Machine Thread - 0] INFO  ratis.XceiverServerRatis (XceiverServerRatis.java:start(393)) - Starting XceiverServerRatis b9a3ceac-635b-47a7-ab79-6f38b04e1c7c at port 0
2019-08-30 10:28:50,624 [Datanode State Machine Thread - 0] INFO  impl.RaftServerProxy (RaftServerProxy.java:lambda$start$3(299)) - b9a3ceac-635b-47a7-ab79-6f38b04e1c7c: start RPC server
2019-08-30 10:28:50,627 [Datanode State Machine Thread - 0] INFO  server.GrpcService (GrpcService.java:startImpl(149)) - b9a3ceac-635b-47a7-ab79-6f38b04e1c7c: GrpcService started, listening on 0.0.0.0/0.0.0.0:45835
2019-08-30 10:28:50,627 [Datanode State Machine Thread - 0] INFO  ratis.XceiverServerRatis (XceiverServerRatis.java:start(403)) - XceiverServerRatis b9a3ceac-635b-47a7-ab79-6f38b04e1c7c is started using port 45835
2019-08-30 10:28:50,628 [Datanode State Machine Thread - 0] INFO  server.XceiverServerGrpc (XceiverServerGrpc.java:start(163)) - XceiverServerGrpc b9a3ceac-635b-47a7-ab79-6f38b04e1c7c is started using port 38759
2019-08-30 10:28:50,663 | INFO  | SCMAudit | user=jenkins1000 | ip=192.168.5.138 | op=GET_VERSION null | ret=SUCCESS |  
2019-08-30 10:28:50,678 [Datanode State Machine Thread - 0] INFO  ozoneimpl.OzoneContainer (OzoneContainer.java:start(201)) - Attempting to start container services.
2019-08-30 10:28:50,678 [Datanode State Machine Thread - 0] INFO  ozoneimpl.OzoneContainer (OzoneContainer.java:startContainerScrub(175)) - Background container scrubber has been disabled by hdds.containerscrub.enabled
2019-08-30 10:28:50,678 [Datanode State Machine Thread - 0] INFO  ratis.XceiverServerRatis (XceiverServerRatis.java:start(393)) - Starting XceiverServerRatis 1ba5ef28-a816-4dc0-8667-4772a169b68f at port 0
2019-08-30 10:28:50,688 [Datanode State Machine Thread - 0] INFO  impl.RaftServerProxy (RaftServerProxy.java:lambda$start$3(299)) - 1ba5ef28-a816-4dc0-8667-4772a169b68f: start RPC server
2019-08-30 10:28:50,688 [Datanode State Machine Thread - 0] INFO  server.GrpcService (GrpcService.java:startImpl(149)) - 1ba5ef28-a816-4dc0-8667-4772a169b68f: GrpcService started, listening on 0.0.0.0/0.0.0.0:46470
2019-08-30 10:28:50,689 [Datanode State Machine Thread - 0] INFO  ratis.XceiverServerRatis (XceiverServerRatis.java:start(403)) - XceiverServerRatis 1ba5ef28-a816-4dc0-8667-4772a169b68f is started using port 46470
2019-08-30 10:28:50,689 [Datanode State Machine Thread - 0] INFO  server.XceiverServerGrpc (XceiverServerGrpc.java:start(163)) - XceiverServerGrpc 1ba5ef28-a816-4dc0-8667-4772a169b68f is started using port 34442
2019-08-30 10:28:50,725 | INFO  | SCMAudit | user=jenkins1000 | ip=192.168.5.138 | op=GET_VERSION null | ret=SUCCESS |  
2019-08-30 10:28:50,738 [Datanode State Machine Thread - 0] INFO  ozoneimpl.OzoneContainer (OzoneContainer.java:start(201)) - Attempting to start container services.
2019-08-30 10:28:50,738 [Datanode State Machine Thread - 0] INFO  ozoneimpl.OzoneContainer (OzoneContainer.java:startContainerScrub(175)) - Background container scrubber has been disabled by hdds.containerscrub.enabled
2019-08-30 10:28:50,738 [Datanode State Machine Thread - 0] INFO  ratis.XceiverServerRatis (XceiverServerRatis.java:start(393)) - Starting XceiverServerRatis 761283d5-0d6d-45e5-8015-7ab77012df5e at port 0
2019-08-30 10:28:50,746 [Datanode State Machine Thread - 0] INFO  impl.RaftServerProxy (RaftServerProxy.java:lambda$start$3(299)) - 761283d5-0d6d-45e5-8015-7ab77012df5e: start RPC server
2019-08-30 10:28:50,748 [Datanode State Machine Thread - 0] INFO  server.GrpcService (GrpcService.java:startImpl(149)) - 761283d5-0d6d-45e5-8015-7ab77012df5e: GrpcService started, listening on 0.0.0.0/0.0.0.0:41019
2019-08-30 10:28:50,748 [Datanode State Machine Thread - 0] INFO  ratis.XceiverServerRatis (XceiverServerRatis.java:start(403)) - XceiverServerRatis 761283d5-0d6d-45e5-8015-7ab77012df5e is started using port 41019
2019-08-30 10:28:50,749 [Datanode State Machine Thread - 0] INFO  server.XceiverServerGrpc (XceiverServerGrpc.java:start(163)) - XceiverServerGrpc 761283d5-0d6d-45e5-8015-7ab77012df5e is started using port 37389
2019-08-30 10:28:50,791 | INFO  | SCMAudit | user=jenkins1000 | ip=192.168.5.138 | op=GET_VERSION null | ret=SUCCESS |  
2019-08-30 10:28:50,804 [Datanode State Machine Thread - 0] INFO  ozoneimpl.OzoneContainer (OzoneContainer.java:start(201)) - Attempting to start container services.
2019-08-30 10:28:50,804 [Datanode State Machine Thread - 0] INFO  ozoneimpl.OzoneContainer (OzoneContainer.java:startContainerScrub(175)) - Background container scrubber has been disabled by hdds.containerscrub.enabled
2019-08-30 10:28:50,804 [Datanode State Machine Thread - 0] INFO  ratis.XceiverServerRatis (XceiverServerRatis.java:start(393)) - Starting XceiverServerRatis 96988ad7-ae0a-41fc-bcd9-7add42cf23a5 at port 0
2019-08-30 10:28:50,813 [Datanode State Machine Thread - 0] INFO  impl.RaftServerProxy (RaftServerProxy.java:lambda$start$3(299)) - 96988ad7-ae0a-41fc-bcd9-7add42cf23a5: start RPC server
2019-08-30 10:28:50,817 [Datanode State Machine Thread - 0] INFO  server.GrpcService (GrpcService.java:startImpl(149)) - 96988ad7-ae0a-41fc-bcd9-7add42cf23a5: GrpcService started, listening on 0.0.0.0/0.0.0.0:33573
2019-08-30 10:28:50,818 [Datanode State Machine Thread - 0] INFO  ratis.XceiverServerRatis (XceiverServerRatis.java:start(403)) - XceiverServerRatis 96988ad7-ae0a-41fc-bcd9-7add42cf23a5 is started using port 33573
2019-08-30 10:28:50,818 [Datanode State Machine Thread - 0] INFO  server.XceiverServerGrpc (XceiverServerGrpc.java:start(163)) - XceiverServerGrpc 96988ad7-ae0a-41fc-bcd9-7add42cf23a5 is started using port 33444
2019-08-30 10:28:50,867 | INFO  | SCMAudit | user=jenkins1000 | ip=192.168.5.138 | op=GET_VERSION null | ret=SUCCESS |  
2019-08-30 10:28:50,872 [Datanode State Machine Thread - 0] INFO  ozoneimpl.OzoneContainer (OzoneContainer.java:start(201)) - Attempting to start container services.
2019-08-30 10:28:50,872 [Datanode State Machine Thread - 0] INFO  ozoneimpl.OzoneContainer (OzoneContainer.java:startContainerScrub(175)) - Background container scrubber has been disabled by hdds.containerscrub.enabled
2019-08-30 10:28:50,872 [Datanode State Machine Thread - 0] INFO  ratis.XceiverServerRatis (XceiverServerRatis.java:start(393)) - Starting XceiverServerRatis b2a9b6fb-eaa2-405b-9351-dabddfe94996 at port 0
2019-08-30 10:28:50,879 [Datanode State Machine Thread - 0] INFO  impl.RaftServerProxy (RaftServerProxy.java:lambda$start$3(299)) - b2a9b6fb-eaa2-405b-9351-dabddfe94996: start RPC server
2019-08-30 10:28:50,880 [Datanode State Machine Thread - 0] INFO  server.GrpcService (GrpcService.java:startImpl(149)) - b2a9b6fb-eaa2-405b-9351-dabddfe94996: GrpcService started, listening on 0.0.0.0/0.0.0.0:36493
2019-08-30 10:28:50,880 [Datanode State Machine Thread - 0] INFO  ratis.XceiverServerRatis (XceiverServerRatis.java:start(403)) - XceiverServerRatis b2a9b6fb-eaa2-405b-9351-dabddfe94996 is started using port 36493
2019-08-30 10:28:50,880 [Datanode State Machine Thread - 0] INFO  server.XceiverServerGrpc (XceiverServerGrpc.java:start(163)) - XceiverServerGrpc b2a9b6fb-eaa2-405b-9351-dabddfe94996 is started using port 34280
2019-08-30 10:28:50,963 | INFO  | SCMAudit | user=jenkins1000 | ip=192.168.5.138 | op=GET_VERSION null | ret=SUCCESS |  
2019-08-30 10:28:50,978 [Datanode State Machine Thread - 0] INFO  ozoneimpl.OzoneContainer (OzoneContainer.java:start(201)) - Attempting to start container services.
2019-08-30 10:28:50,979 [Datanode State Machine Thread - 0] INFO  ozoneimpl.OzoneContainer (OzoneContainer.java:startContainerScrub(175)) - Background container scrubber has been disabled by hdds.containerscrub.enabled
2019-08-30 10:28:50,979 [Datanode State Machine Thread - 0] INFO  ratis.XceiverServerRatis (XceiverServerRatis.java:start(393)) - Starting XceiverServerRatis e33cffab-a258-46fb-ba8c-565f72f79075 at port 0
2019-08-30 10:28:50,985 [Datanode State Machine Thread - 0] INFO  impl.RaftServerProxy (RaftServerProxy.java:lambda$start$3(299)) - e33cffab-a258-46fb-ba8c-565f72f79075: start RPC server
2019-08-30 10:28:50,986 [Datanode State Machine Thread - 0] INFO  server.GrpcService (GrpcService.java:startImpl(149)) - e33cffab-a258-46fb-ba8c-565f72f79075: GrpcService started, listening on 0.0.0.0/0.0.0.0:39244
2019-08-30 10:28:50,986 [Datanode State Machine Thread - 0] INFO  ratis.XceiverServerRatis (XceiverServerRatis.java:start(403)) - XceiverServerRatis e33cffab-a258-46fb-ba8c-565f72f79075 is started using port 39244
2019-08-30 10:28:50,986 [Datanode State Machine Thread - 0] INFO  server.XceiverServerGrpc (XceiverServerGrpc.java:start(163)) - XceiverServerGrpc e33cffab-a258-46fb-ba8c-565f72f79075 is started using port 44484
2019-08-30 10:28:51,037 [main] INFO  ozone.MiniOzoneClusterImpl (MiniOzoneClusterImpl.java:lambda$waitForClusterToBeReady$0(140)) - Waiting for cluster to be ready. Got 0 of 7 DN Heartbeats.
2019-08-30 10:28:51,038 | INFO  | SCMAudit | user=jenkins1000 | ip=192.168.5.138 | op=GET_VERSION null | ret=SUCCESS |  
2019-08-30 10:28:51,051 [Datanode State Machine Thread - 0] INFO  ozoneimpl.OzoneContainer (OzoneContainer.java:start(201)) - Attempting to start container services.
2019-08-30 10:28:51,052 [Datanode State Machine Thread - 0] INFO  ozoneimpl.OzoneContainer (OzoneContainer.java:startContainerScrub(175)) - Background container scrubber has been disabled by hdds.containerscrub.enabled
2019-08-30 10:28:51,052 [Datanode State Machine Thread - 0] INFO  ratis.XceiverServerRatis (XceiverServerRatis.java:start(393)) - Starting XceiverServerRatis 22b8f49d-fa4d-49b6-8388-fe1377411d49 at port 0
2019-08-30 10:28:51,057 [Datanode State Machine Thread - 0] INFO  impl.RaftServerProxy (RaftServerProxy.java:lambda$start$3(299)) - 22b8f49d-fa4d-49b6-8388-fe1377411d49: start RPC server
2019-08-30 10:28:51,058 [Datanode State Machine Thread - 0] INFO  server.GrpcService (GrpcService.java:startImpl(149)) - 22b8f49d-fa4d-49b6-8388-fe1377411d49: GrpcService started, listening on 0.0.0.0/0.0.0.0:35154
2019-08-30 10:28:51,058 [Datanode State Machine Thread - 0] INFO  ratis.XceiverServerRatis (XceiverServerRatis.java:start(403)) - XceiverServerRatis 22b8f49d-fa4d-49b6-8388-fe1377411d49 is started using port 35154
2019-08-30 10:28:51,058 [Datanode State Machine Thread - 0] INFO  server.XceiverServerGrpc (XceiverServerGrpc.java:start(163)) - XceiverServerGrpc 22b8f49d-fa4d-49b6-8388-fe1377411d49 is started using port 38571
2019-08-30 10:28:52,037 [main] INFO  ozone.MiniOzoneClusterImpl (MiniOzoneClusterImpl.java:lambda$waitForClusterToBeReady$0(140)) - Waiting for cluster to be ready. Got 0 of 7 DN Heartbeats.
2019-08-30 10:28:52,597 [IPC Server handler 4 on 36983] INFO  net.NetworkTopology (NetworkTopologyImpl.java:add(110)) - Added a new node: /default-rack/b9a3ceac-635b-47a7-ab79-6f38b04e1c7c
2019-08-30 10:28:52,600 [IPC Server handler 4 on 36983] INFO  node.SCMNodeManager (SCMNodeManager.java:register(266)) - Registered Data node : b9a3ceac-635b-47a7-ab79-6f38b04e1c7c{ip: 192.168.5.138, host: pr-hdds-2061-2h694-1687604233, networkLocation: /default-rack, certSerialId: null}
2019-08-30 10:28:52,601 [EventQueue-NodeRegistrationContainerReportForDataNodeSafeModeRule] INFO  safemode.SCMSafeModeManager (DataNodeSafeModeRule.java:process(71)) - SCM in safe mode. 1 DataNodes registered, 1 required.
2019-08-30 10:28:52,601 | INFO  | SCMAudit | user=jenkins1000 | ip=192.168.5.138 | op=REGISTER {datanodeDetails=b9a3ceac-635b-47a7-ab79-6f38b04e1c7c{ip: 192.168.5.138, host: pr-hdds-2061-2h694-1687604233, networkLocation: /default-rack, certSerialId: null}} | ret=SUCCESS |  
2019-08-30 10:28:52,603 [EventQueue-NodeRegistrationContainerReportForDataNodeSafeModeRule] INFO  safemode.SCMSafeModeManager (SCMSafeModeManager.java:validateSafeModeExitRules(177)) - ScmSafeModeManager, all rules are successfully validated
2019-08-30 10:28:52,603 [EventQueue-NodeRegistrationContainerReportForDataNodeSafeModeRule] INFO  safemode.SCMSafeModeManager (SCMSafeModeManager.java:exitSafeMode(193)) - SCM exiting safe mode.
2019-08-30 10:28:52,625 [grpc-default-executor-7] INFO  impl.RaftServerProxy (RaftServerProxy.java:addNew(89)) - b9a3ceac-635b-47a7-ab79-6f38b04e1c7c: addNew group-39DC9505EC54:[b9a3ceac-635b-47a7-ab79-6f38b04e1c7c:192.168.5.138:45835] returns group-39DC9505EC54:java.util.concurrent.CompletableFuture@a428aed[Not completed]
2019-08-30 10:28:52,627 [pool-409-thread-1] INFO  impl.RaftServerImpl (RaftServerImpl.java:<init>(93)) - b9a3ceac-635b-47a7-ab79-6f38b04e1c7c: new RaftServerImpl for group-39DC9505EC54:[b9a3ceac-635b-47a7-ab79-6f38b04e1c7c:192.168.5.138:45835] with ContainerStateMachine:uninitialized
2019-08-30 10:28:52,627 [pool-409-thread-1] INFO  server.RaftServerConfigKeys (ConfUtils.java:logGet(43)) - raft.server.rpc.timeout.min = 5s (custom)
2019-08-30 10:28:52,627 [pool-409-thread-1] INFO  server.RaftServerConfigKeys (ConfUtils.java:logGet(43)) - raft.server.rpc.timeout.max = 5200ms (custom)
2019-08-30 10:28:52,627 [pool-409-thread-1] INFO  server.RaftServerConfigKeys (ConfUtils.java:logGet(43)) - raft.server.rpcslowness.timeout = 120s (custom)
2019-08-30 10:28:52,627 [pool-409-thread-1] INFO  server.RaftServerConfigKeys (ConfUtils.java:logGet(43)) - raft.server.sleep.deviation.threshold = 300 (default)
2019-08-30 10:28:52,628 [pool-409-thread-1] INFO  server.RaftServerConfigKeys (ConfUtils.java:logGet(43)) - raft.server.log.appender.install.snapshot.enabled = false (custom)
2019-08-30 10:28:52,628 [pool-409-thread-1] INFO  impl.RaftServerImpl (ServerState.java:<init>(105)) - b9a3ceac-635b-47a7-ab79-6f38b04e1c7c:group-39DC9505EC54 ConfigurationManager, init=-1: [b9a3ceac-635b-47a7-ab79-6f38b04e1c7c:192.168.5.138:45835], old=null, confs=<EMPTY_MAP>
2019-08-30 10:28:52,628 [pool-409-thread-1] INFO  server.RaftServerConfigKeys (ConfUtils.java:logGet(43)) - raft.server.storage.dir = [/workdir/hadoop-ozone/integration-test/target/test-dir/MiniOzoneClusterImpl-7d259c97-1909-4a64-a3a4-65a46b1cb81d/datanode-0/data/ratis] (custom)
2019-08-30 10:28:52,629 [pool-409-thread-1] INFO  storage.RaftStorageDirectory (RaftStorageDirectory.java:analyzeStorage(246)) - The storage directory /workdir/hadoop-ozone/integration-test/target/test-dir/MiniOzoneClusterImpl-7d259c97-1909-4a64-a3a4-65a46b1cb81d/datanode-0/data/ratis/93438682-e549-4518-9647-39dc9505ec54 does not exist. Creating ...
2019-08-30 10:28:52,650 [pool-409-thread-1] INFO  storage.RaftStorageDirectory (RaftStorageDirectory.java:tryLock(328)) - Lock on /workdir/hadoop-ozone/integration-test/target/test-dir/MiniOzoneClusterImpl-7d259c97-1909-4a64-a3a4-65a46b1cb81d/datanode-0/data/ratis/93438682-e549-4518-9647-39dc9505ec54/in_use.lock acquired by nodename 28954@pr-hdds-2061-2h694-1687604233
2019-08-30 10:28:52,663 [pool-409-thread-1] INFO  storage.RaftStorage (RaftStorage.java:format(72)) - Storage directory /workdir/hadoop-ozone/integration-test/target/test-dir/MiniOzoneClusterImpl-7d259c97-1909-4a64-a3a4-65a46b1cb81d/datanode-0/data/ratis/93438682-e549-4518-9647-39dc9505ec54 has been successfully formatted.
2019-08-30 10:28:52,664 [pool-409-thread-1] INFO  ratis.ContainerStateMachine (ContainerStateMachine.java:loadSnapshot(227)) - group-39DC9505EC54: The snapshot info is null. Setting the last applied indexto:(t:0, i:~)
2019-08-30 10:28:52,664 [pool-409-thread-1] INFO  server.RaftServerConfigKeys (ConfUtils.java:logGet(43)) - raft.server.leader.election.timeout = 120s (custom)
2019-08-30 10:28:52,664 [pool-409-thread-1] INFO  server.RaftServerConfigKeys (ConfUtils.java:logGet(43)) - raft.server.log.use.memory = false (default)
2019-08-30 10:28:52,664 [IPC Server handler 2 on 36983] INFO  net.NetworkTopology (NetworkTopologyImpl.java:add(110)) - Added a new node: /default-rack/1ba5ef28-a816-4dc0-8667-4772a169b68f
2019-08-30 10:28:52,664 [pool-409-thread-1] INFO  server.RaftServerConfigKeys (ConfUtils.java:logGet(43)) - raft.server.log.purge.gap = 1000000 (custom)
2019-08-30 10:28:52,664 [IPC Server handler 2 on 36983] INFO  node.SCMNodeManager (SCMNodeManager.java:register(266)) - Registered Data node : 1ba5ef28-a816-4dc0-8667-4772a169b68f{ip: 192.168.5.138, host: pr-hdds-2061-2h694-1687604233, networkLocation: /default-rack, certSerialId: null}
2019-08-30 10:28:52,665 [pool-409-thread-1] INFO  server.RaftServerConfigKeys (ConfUtils.java:logGet(43)) - raft.server.log.appender.buffer.byte-limit = 33554432 (custom)
2019-08-30 10:28:52,665 [pool-409-thread-1] INFO  server.RaftServerConfigKeys (ConfUtils.java:logGet(43)) - raft.server.log.segment.size.max = 1048576 (custom)
2019-08-30 10:28:52,665 | INFO  | SCMAudit | user=jenkins1000 | ip=192.168.5.138 | op=REGISTER {datanodeDetails=1ba5ef28-a816-4dc0-8667-4772a169b68f{ip: 192.168.5.138, host: pr-hdds-2061-2h694-1687604233, networkLocation: /default-rack, certSerialId: null}} | ret=SUCCESS |  
2019-08-30 10:28:52,665 [pool-409-thread-1] INFO  server.RaftServerConfigKeys (ConfUtils.java:logGet(43)) - raft.server.log.segment.cache.num.max = 2 (custom)
2019-08-30 10:28:52,665 [pool-409-thread-1] INFO  segmented.SegmentedRaftLogWorker (SegmentedRaftLogWorker.java:<init>(172)) - new b9a3ceac-635b-47a7-ab79-6f38b04e1c7c-SegmentedRaftLogWorker:Storage Directory /workdir/hadoop-ozone/integration-test/target/test-dir/MiniOzoneClusterImpl-7d259c97-1909-4a64-a3a4-65a46b1cb81d/datanode-0/data/ratis/93438682-e549-4518-9647-39dc9505ec54 for RaftStorage:Storage Directory /workdir/hadoop-ozone/integration-test/target/test-dir/MiniOzoneClusterImpl-7d259c97-1909-4a64-a3a4-65a46b1cb81d/datanode-0/data/ratis/93438682-e549-4518-9647-39dc9505ec54
2019-08-30 10:28:52,666 [pool-409-thread-1] INFO  server.RaftServerConfigKeys (ConfUtils.java:logGet(43)) - raft.server.log.queue.byte-limit = 2147483647 (custom)
2019-08-30 10:28:52,666 [pool-409-thread-1] INFO  server.RaftServerConfigKeys (ConfUtils.java:logGet(43)) - raft.server.log.queue.element-limit = 1024 (custom)
2019-08-30 10:28:52,666 [pool-409-thread-1] INFO  server.RaftServerConfigKeys (ConfUtils.java:logGet(43)) - raft.server.log.segment.size.max = 1048576 (custom)
2019-08-30 10:28:52,666 [pool-409-thread-1] INFO  server.RaftServerConfigKeys (ConfUtils.java:logGet(43)) - raft.server.log.preallocated.size = 16384 (custom)
2019-08-30 10:28:52,666 [pool-409-thread-1] INFO  server.RaftServerConfigKeys (ConfUtils.java:logGet(43)) - raft.server.log.write.buffer.size = 33554432 (custom)
2019-08-30 10:28:52,667 [pool-409-thread-1] INFO  server.RaftServerConfigKeys (ConfUtils.java:logGet(43)) - raft.server.log.force.sync.num = 128 (default)
2019-08-30 10:28:52,667 [pool-409-thread-1] INFO  server.RaftServerConfigKeys (ConfUtils.java:logGet(43)) - raft.server.log.statemachine.data.sync = true (default)
2019-08-30 10:28:52,667 [pool-409-thread-1] INFO  server.RaftServerConfigKeys (ConfUtils.java:logGet(43)) - raft.server.log.statemachine.data.sync.timeout = 10s (default)
2019-08-30 10:28:52,667 [pool-409-thread-1] INFO  server.RaftServerConfigKeys (ConfUtils.java:logGet(43)) - raft.server.log.statemachine.data.sync.timeout.retry = -1 (default)
2019-08-30 10:28:52,667 [pool-409-thread-1] INFO  server.RaftServerConfigKeys (ConfUtils.java:logGet(43)) - raft.server.log.statemachine.data.caching.enabled = true (custom)
2019-08-30 10:28:52,668 [pool-409-thread-1] INFO  segmented.SegmentedRaftLogWorker (SegmentedRaftLogWorker.java:lambda$new$0(132)) - b9a3ceac-635b-47a7-ab79-6f38b04e1c7c-SegmentedRaftLogWorker:Storage Directory /workdir/hadoop-ozone/integration-test/target/test-dir/MiniOzoneClusterImpl-7d259c97-1909-4a64-a3a4-65a46b1cb81d/datanode-0/data/ratis/93438682-e549-4518-9647-39dc9505ec54: flushIndex: setUnconditionally 0 -> -1
2019-08-30 10:28:52,668 [pool-409-thread-1] INFO  server.RaftServerConfigKeys (ConfUtils.java:logGet(43)) - raft.server.snapshot.auto.trigger.enabled = true (custom)
2019-08-30 10:28:52,669 [pool-409-thread-1] INFO  server.RaftServerConfigKeys (ConfUtils.java:logGet(43)) - raft.server.snapshot.auto.trigger.threshold = 10000 (custom)
2019-08-30 10:28:52,669 [pool-409-thread-1] INFO  server.RaftServerConfigKeys (ConfUtils.java:logGet(43)) - raft.server.retrycache.expirytime = 600000ms (custom)
2019-08-30 10:28:52,669 [pool-409-thread-1] INFO  impl.RaftServerImpl (RaftServerImpl.java:start(180)) - b9a3ceac-635b-47a7-ab79-6f38b04e1c7c: start group-39DC9505EC54
2019-08-30 10:28:52,669 [pool-409-thread-1] INFO  impl.RaftServerImpl (RaftServerImpl.java:setRole(171)) - b9a3ceac-635b-47a7-ab79-6f38b04e1c7c:group-39DC9505EC54 changes role from null to FOLLOWER at term 0 for startAsFollower
2019-08-30 10:28:52,669 [pool-409-thread-1] INFO  impl.RoleInfo (RoleInfo.java:updateAndGet(143)) - b9a3ceac-635b-47a7-ab79-6f38b04e1c7c: start FollowerState
2019-08-30 10:28:52,670 [pool-409-thread-1] INFO  util.JmxRegister (JmxRegister.java:tryRegister(44)) - Successfully registered JMX Bean with object name Ratis:service=RaftServer,group=group-39DC9505EC54,id=b9a3ceac-635b-47a7-ab79-6f38b04e1c7c
2019-08-30 10:28:52,673 [RatisPipelineUtilsThread] INFO  pipeline.PipelineStateManager (PipelineStateManager.java:addPipeline(56)) - Created pipeline Pipeline[ Id: 93438682-e549-4518-9647-39dc9505ec54, Nodes: b9a3ceac-635b-47a7-ab79-6f38b04e1c7c{ip: 192.168.5.138, host: pr-hdds-2061-2h694-1687604233, networkLocation: /default-rack, certSerialId: null}, Type:RATIS, Factor:ONE, State:OPEN]
2019-08-30 10:28:52,682 [grpc-default-executor-7] INFO  impl.RaftServerProxy (RaftServerProxy.java:addNew(89)) - 1ba5ef28-a816-4dc0-8667-4772a169b68f: addNew group-50F31759A403:[1ba5ef28-a816-4dc0-8667-4772a169b68f:192.168.5.138:46470] returns group-50F31759A403:java.util.concurrent.CompletableFuture@224b6a18[Not completed]
2019-08-30 10:28:52,684 [pool-419-thread-1] INFO  impl.RaftServerImpl (RaftServerImpl.java:<init>(93)) - 1ba5ef28-a816-4dc0-8667-4772a169b68f: new RaftServerImpl for group-50F31759A403:[1ba5ef28-a816-4dc0-8667-4772a169b68f:192.168.5.138:46470] with ContainerStateMachine:uninitialized
2019-08-30 10:28:52,684 [pool-419-thread-1] INFO  server.RaftServerConfigKeys (ConfUtils.java:logGet(43)) - raft.server.rpc.timeout.min = 5s (custom)
2019-08-30 10:28:52,684 [pool-419-thread-1] INFO  server.RaftServerConfigKeys (ConfUtils.java:logGet(43)) - raft.server.rpc.timeout.max = 5200ms (custom)
2019-08-30 10:28:52,684 [pool-419-thread-1] INFO  server.RaftServerConfigKeys (ConfUtils.java:logGet(43)) - raft.server.rpcslowness.timeout = 120s (custom)
2019-08-30 10:28:52,684 [pool-419-thread-1] INFO  server.RaftServerConfigKeys (ConfUtils.java:logGet(43)) - raft.server.sleep.deviation.threshold = 300 (default)
2019-08-30 10:28:52,684 [pool-419-thread-1] INFO  server.RaftServerConfigKeys (ConfUtils.java:logGet(43)) - raft.server.log.appender.install.snapshot.enabled = false (custom)
2019-08-30 10:28:52,684 [pool-419-thread-1] INFO  impl.RaftServerImpl (ServerState.java:<init>(105)) - 1ba5ef28-a816-4dc0-8667-4772a169b68f:group-50F31759A403 ConfigurationManager, init=-1: [1ba5ef28-a816-4dc0-8667-4772a169b68f:192.168.5.138:46470], old=null, confs=<EMPTY_MAP>
2019-08-30 10:28:52,685 [pool-419-thread-1] INFO  server.RaftServerConfigKeys (ConfUtils.java:logGet(43)) - raft.server.storage.dir = [/workdir/hadoop-ozone/integration-test/target/test-dir/MiniOzoneClusterImpl-7d259c97-1909-4a64-a3a4-65a46b1cb81d/datanode-1/data/ratis] (custom)
2019-08-30 10:28:52,685 [pool-419-thread-1] INFO  storage.RaftStorageDirectory (RaftStorageDirectory.java:analyzeStorage(246)) - The storage directory /workdir/hadoop-ozone/integration-test/target/test-dir/MiniOzoneClusterImpl-7d259c97-1909-4a64-a3a4-65a46b1cb81d/datanode-1/data/ratis/0a3c9674-0172-451e-9a2d-50f31759a403 does not exist. Creating ...
2019-08-30 10:28:52,705 [pool-419-thread-1] INFO  storage.RaftStorageDirectory (RaftStorageDirectory.java:tryLock(328)) - Lock on /workdir/hadoop-ozone/integration-test/target/test-dir/MiniOzoneClusterImpl-7d259c97-1909-4a64-a3a4-65a46b1cb81d/datanode-1/data/ratis/0a3c9674-0172-451e-9a2d-50f31759a403/in_use.lock acquired by nodename 28954@pr-hdds-2061-2h694-1687604233
2019-08-30 10:28:52,718 [pool-419-thread-1] INFO  storage.RaftStorage (RaftStorage.java:format(72)) - Storage directory /workdir/hadoop-ozone/integration-test/target/test-dir/MiniOzoneClusterImpl-7d259c97-1909-4a64-a3a4-65a46b1cb81d/datanode-1/data/ratis/0a3c9674-0172-451e-9a2d-50f31759a403 has been successfully formatted.
2019-08-30 10:28:52,718 [pool-419-thread-1] INFO  ratis.ContainerStateMachine (ContainerStateMachine.java:loadSnapshot(227)) - group-50F31759A403: The snapshot info is null. Setting the last applied indexto:(t:0, i:~)
2019-08-30 10:28:52,718 [pool-419-thread-1] INFO  server.RaftServerConfigKeys (ConfUtils.java:logGet(43)) - raft.server.leader.election.timeout = 120s (custom)
2019-08-30 10:28:52,718 [pool-419-thread-1] INFO  server.RaftServerConfigKeys (ConfUtils.java:logGet(43)) - raft.server.log.use.memory = false (default)
2019-08-30 10:28:52,718 [pool-419-thread-1] INFO  server.RaftServerConfigKeys (ConfUtils.java:logGet(43)) - raft.server.log.purge.gap = 1000000 (custom)
2019-08-30 10:28:52,718 [pool-419-thread-1] INFO  server.RaftServerConfigKeys (ConfUtils.java:logGet(43)) - raft.server.log.appender.buffer.byte-limit = 33554432 (custom)
2019-08-30 10:28:52,719 [pool-419-thread-1] INFO  server.RaftServerConfigKeys (ConfUtils.java:logGet(43)) - raft.server.log.segment.size.max = 1048576 (custom)
2019-08-30 10:28:52,719 [pool-419-thread-1] INFO  server.RaftServerConfigKeys (ConfUtils.java:logGet(43)) - raft.server.log.segment.cache.num.max = 2 (custom)
2019-08-30 10:28:52,719 [pool-419-thread-1] INFO  segmented.SegmentedRaftLogWorker (SegmentedRaftLogWorker.java:<init>(172)) - new 1ba5ef28-a816-4dc0-8667-4772a169b68f-SegmentedRaftLogWorker:Storage Directory /workdir/hadoop-ozone/integration-test/target/test-dir/MiniOzoneClusterImpl-7d259c97-1909-4a64-a3a4-65a46b1cb81d/datanode-1/data/ratis/0a3c9674-0172-451e-9a2d-50f31759a403 for RaftStorage:Storage Directory /workdir/hadoop-ozone/integration-test/target/test-dir/MiniOzoneClusterImpl-7d259c97-1909-4a64-a3a4-65a46b1cb81d/datanode-1/data/ratis/0a3c9674-0172-451e-9a2d-50f31759a403
2019-08-30 10:28:52,719 [pool-419-thread-1] INFO  server.RaftServerConfigKeys (ConfUtils.java:logGet(43)) - raft.server.log.queue.byte-limit = 2147483647 (custom)
2019-08-30 10:28:52,719 [pool-419-thread-1] INFO  server.RaftServerConfigKeys (ConfUtils.java:logGet(43)) - raft.server.log.queue.element-limit = 1024 (custom)
2019-08-30 10:28:52,719 [pool-419-thread-1] INFO  server.RaftServerConfigKeys (ConfUtils.java:logGet(43)) - raft.server.log.segment.size.max = 1048576 (custom)
2019-08-30 10:28:52,719 [pool-419-thread-1] INFO  server.RaftServerConfigKeys (ConfUtils.java:logGet(43)) - raft.server.log.preallocated.size = 16384 (custom)
2019-08-30 10:28:52,720 [pool-419-thread-1] INFO  server.RaftServerConfigKeys (ConfUtils.java:logGet(43)) - raft.server.log.write.buffer.size = 33554432 (custom)
2019-08-30 10:28:52,720 [pool-419-thread-1] INFO  server.RaftServerConfigKeys (ConfUtils.java:logGet(43)) - raft.server.log.force.sync.num = 128 (default)
2019-08-30 10:28:52,720 [pool-419-thread-1] INFO  server.RaftServerConfigKeys (ConfUtils.java:logGet(43)) - raft.server.log.statemachine.data.sync = true (default)
2019-08-30 10:28:52,720 [pool-419-thread-1] INFO  server.RaftServerConfigKeys (ConfUtils.java:logGet(43)) - raft.server.log.statemachine.data.sync.timeout = 10s (default)
2019-08-30 10:28:52,720 [pool-419-thread-1] INFO  server.RaftServerConfigKeys (ConfUtils.java:logGet(43)) - raft.server.log.statemachine.data.sync.timeout.retry = -1 (default)
2019-08-30 10:28:52,720 [pool-419-thread-1] INFO  server.RaftServerConfigKeys (ConfUtils.java:logGet(43)) - raft.server.log.statemachine.data.caching.enabled = true (custom)
2019-08-30 10:28:52,721 [pool-419-thread-1] INFO  segmented.SegmentedRaftLogWorker (SegmentedRaftLogWorker.java:lambda$new$0(132)) - 1ba5ef28-a816-4dc0-8667-4772a169b68f-SegmentedRaftLogWorker:Storage Directory /workdir/hadoop-ozone/integration-test/target/test-dir/MiniOzoneClusterImpl-7d259c97-1909-4a64-a3a4-65a46b1cb81d/datanode-1/data/ratis/0a3c9674-0172-451e-9a2d-50f31759a403: flushIndex: setUnconditionally 0 -> -1
2019-08-30 10:28:52,721 [pool-419-thread-1] INFO  server.RaftServerConfigKeys (ConfUtils.java:logGet(43)) - raft.server.snapshot.auto.trigger.enabled = true (custom)
2019-08-30 10:28:52,721 [pool-419-thread-1] INFO  server.RaftServerConfigKeys (ConfUtils.java:logGet(43)) - raft.server.snapshot.auto.trigger.threshold = 10000 (custom)
2019-08-30 10:28:52,721 [pool-419-thread-1] INFO  server.RaftServerConfigKeys (ConfUtils.java:logGet(43)) - raft.server.retrycache.expirytime = 600000ms (custom)
2019-08-30 10:28:52,721 [pool-419-thread-1] INFO  impl.RaftServerImpl (RaftServerImpl.java:start(180)) - 1ba5ef28-a816-4dc0-8667-4772a169b68f: start group-50F31759A403
2019-08-30 10:28:52,721 [pool-419-thread-1] INFO  impl.RaftServerImpl (RaftServerImpl.java:setRole(171)) - 1ba5ef28-a816-4dc0-8667-4772a169b68f:group-50F31759A403 changes role from null to FOLLOWER at term 0 for startAsFollower
2019-08-30 10:28:52,721 [pool-419-thread-1] INFO  impl.RoleInfo (RoleInfo.java:updateAndGet(143)) - 1ba5ef28-a816-4dc0-8667-4772a169b68f: start FollowerState
2019-08-30 10:28:52,722 [pool-419-thread-1] INFO  util.JmxRegister (JmxRegister.java:tryRegister(44)) - Successfully registered JMX Bean with object name Ratis:service=RaftServer,group=group-50F31759A403,id=1ba5ef28-a816-4dc0-8667-4772a169b68f
2019-08-30 10:28:52,724 [RatisPipelineUtilsThread] INFO  pipeline.PipelineStateManager (PipelineStateManager.java:addPipeline(56)) - Created pipeline Pipeline[ Id: 0a3c9674-0172-451e-9a2d-50f31759a403, Nodes: 1ba5ef28-a816-4dc0-8667-4772a169b68f{ip: 192.168.5.138, host: pr-hdds-2061-2h694-1687604233, networkLocation: /default-rack, certSerialId: null}, Type:RATIS, Factor:ONE, State:OPEN]
2019-08-30 10:28:52,730 [IPC Server handler 5 on 36983] INFO  net.NetworkTopology (NetworkTopologyImpl.java:add(110)) - Added a new node: /default-rack/761283d5-0d6d-45e5-8015-7ab77012df5e
2019-08-30 10:28:52,745 [IPC Server handler 5 on 36983] INFO  node.SCMNodeManager (SCMNodeManager.java:register(266)) - Registered Data node : 761283d5-0d6d-45e5-8015-7ab77012df5e{ip: 192.168.5.138, host: pr-hdds-2061-2h694-1687604233, networkLocation: /default-rack, certSerialId: null}
2019-08-30 10:28:52,745 | INFO  | SCMAudit | user=jenkins1000 | ip=192.168.5.138 | op=REGISTER {datanodeDetails=761283d5-0d6d-45e5-8015-7ab77012df5e{ip: 192.168.5.138, host: pr-hdds-2061-2h694-1687604233, networkLocation: /default-rack, certSerialId: null}} | ret=SUCCESS |  
2019-08-30 10:28:52,751 [grpc-default-executor-7] INFO  impl.RaftServerProxy (RaftServerProxy.java:addNew(89)) - 761283d5-0d6d-45e5-8015-7ab77012df5e: addNew group-1433718C21DB:[761283d5-0d6d-45e5-8015-7ab77012df5e:192.168.5.138:41019] returns group-1433718C21DB:java.util.concurrent.CompletableFuture@563f95a[Not completed]
2019-08-30 10:28:52,752 [pool-429-thread-1] INFO  impl.RaftServerImpl (RaftServerImpl.java:<init>(93)) - 761283d5-0d6d-45e5-8015-7ab77012df5e: new RaftServerImpl for group-1433718C21DB:[761283d5-0d6d-45e5-8015-7ab77012df5e:192.168.5.138:41019] with ContainerStateMachine:uninitialized
2019-08-30 10:28:52,752 [pool-429-thread-1] INFO  server.RaftServerConfigKeys (ConfUtils.java:logGet(43)) - raft.server.rpc.timeout.min = 5s (custom)
2019-08-30 10:28:52,752 [pool-429-thread-1] INFO  server.RaftServerConfigKeys (ConfUtils.java:logGet(43)) - raft.server.rpc.timeout.max = 5200ms (custom)
2019-08-30 10:28:52,752 [pool-429-thread-1] INFO  server.RaftServerConfigKeys (ConfUtils.java:logGet(43)) - raft.server.rpcslowness.timeout = 120s (custom)
2019-08-30 10:28:52,752 [pool-429-thread-1] INFO  server.RaftServerConfigKeys (ConfUtils.java:logGet(43)) - raft.server.sleep.deviation.threshold = 300 (default)
2019-08-30 10:28:52,752 [pool-429-thread-1] INFO  server.RaftServerConfigKeys (ConfUtils.java:logGet(43)) - raft.server.log.appender.install.snapshot.enabled = false (custom)
2019-08-30 10:28:52,753 [pool-429-thread-1] INFO  impl.RaftServerImpl (ServerState.java:<init>(105)) - 761283d5-0d6d-45e5-8015-7ab77012df5e:group-1433718C21DB ConfigurationManager, init=-1: [761283d5-0d6d-45e5-8015-7ab77012df5e:192.168.5.138:41019], old=null, confs=<EMPTY_MAP>
2019-08-30 10:28:52,753 [pool-429-thread-1] INFO  server.RaftServerConfigKeys (ConfUtils.java:logGet(43)) - raft.server.storage.dir = [/workdir/hadoop-ozone/integration-test/target/test-dir/MiniOzoneClusterImpl-7d259c97-1909-4a64-a3a4-65a46b1cb81d/datanode-2/data/ratis] (custom)
2019-08-30 10:28:52,753 [pool-429-thread-1] INFO  storage.RaftStorageDirectory (RaftStorageDirectory.java:analyzeStorage(246)) - The storage directory /workdir/hadoop-ozone/integration-test/target/test-dir/MiniOzoneClusterImpl-7d259c97-1909-4a64-a3a4-65a46b1cb81d/datanode-2/data/ratis/b1eafc18-207c-4a1f-9355-1433718c21db does not exist. Creating ...
2019-08-30 10:28:52,765 [pool-429-thread-1] INFO  storage.RaftStorageDirectory (RaftStorageDirectory.java:tryLock(328)) - Lock on /workdir/hadoop-ozone/integration-test/target/test-dir/MiniOzoneClusterImpl-7d259c97-1909-4a64-a3a4-65a46b1cb81d/datanode-2/data/ratis/b1eafc18-207c-4a1f-9355-1433718c21db/in_use.lock acquired by nodename 28954@pr-hdds-2061-2h694-1687604233
2019-08-30 10:28:52,778 [pool-429-thread-1] INFO  storage.RaftStorage (RaftStorage.java:format(72)) - Storage directory /workdir/hadoop-ozone/integration-test/target/test-dir/MiniOzoneClusterImpl-7d259c97-1909-4a64-a3a4-65a46b1cb81d/datanode-2/data/ratis/b1eafc18-207c-4a1f-9355-1433718c21db has been successfully formatted.
2019-08-30 10:28:52,778 [pool-429-thread-1] INFO  ratis.ContainerStateMachine (ContainerStateMachine.java:loadSnapshot(227)) - group-1433718C21DB: The snapshot info is null. Setting the last applied indexto:(t:0, i:~)
2019-08-30 10:28:52,778 [pool-429-thread-1] INFO  server.RaftServerConfigKeys (ConfUtils.java:logGet(43)) - raft.server.leader.election.timeout = 120s (custom)
2019-08-30 10:28:52,778 [pool-429-thread-1] INFO  server.RaftServerConfigKeys (ConfUtils.java:logGet(43)) - raft.server.log.use.memory = false (default)
2019-08-30 10:28:52,778 [pool-429-thread-1] INFO  server.RaftServerConfigKeys (ConfUtils.java:logGet(43)) - raft.server.log.purge.gap = 1000000 (custom)
2019-08-30 10:28:52,778 [pool-429-thread-1] INFO  server.RaftServerConfigKeys (ConfUtils.java:logGet(43)) - raft.server.log.appender.buffer.byte-limit = 33554432 (custom)
2019-08-30 10:28:52,778 [pool-429-thread-1] INFO  server.RaftServerConfigKeys (ConfUtils.java:logGet(43)) - raft.server.log.segment.size.max = 1048576 (custom)
2019-08-30 10:28:52,778 [pool-429-thread-1] INFO  server.RaftServerConfigKeys (ConfUtils.java:logGet(43)) - raft.server.log.segment.cache.num.max = 2 (custom)
2019-08-30 10:28:52,778 [pool-429-thread-1] INFO  segmented.SegmentedRaftLogWorker (SegmentedRaftLogWorker.java:<init>(172)) - new 761283d5-0d6d-45e5-8015-7ab77012df5e-SegmentedRaftLogWorker:Storage Directory /workdir/hadoop-ozone/integration-test/target/test-dir/MiniOzoneClusterImpl-7d259c97-1909-4a64-a3a4-65a46b1cb81d/datanode-2/data/ratis/b1eafc18-207c-4a1f-9355-1433718c21db for RaftStorage:Storage Directory /workdir/hadoop-ozone/integration-test/target/test-dir/MiniOzoneClusterImpl-7d259c97-1909-4a64-a3a4-65a46b1cb81d/datanode-2/data/ratis/b1eafc18-207c-4a1f-9355-1433718c21db
2019-08-30 10:28:52,779 [pool-429-thread-1] INFO  server.RaftServerConfigKeys (ConfUtils.java:logGet(43)) - raft.server.log.queue.byte-limit = 2147483647 (custom)
2019-08-30 10:28:52,779 [pool-429-thread-1] INFO  server.RaftServerConfigKeys (ConfUtils.java:logGet(43)) - raft.server.log.queue.element-limit = 1024 (custom)
2019-08-30 10:28:52,779 [pool-429-thread-1] INFO  server.RaftServerConfigKeys (ConfUtils.java:logGet(43)) - raft.server.log.segment.size.max = 1048576 (custom)
2019-08-30 10:28:52,779 [pool-429-thread-1] INFO  server.RaftServerConfigKeys (ConfUtils.java:logGet(43)) - raft.server.log.preallocated.size = 16384 (custom)
2019-08-30 10:28:52,779 [pool-429-thread-1] INFO  server.RaftServerConfigKeys (ConfUtils.java:logGet(43)) - raft.server.log.write.buffer.size = 33554432 (custom)
2019-08-30 10:28:52,779 [pool-429-thread-1] INFO  server.RaftServerConfigKeys (ConfUtils.java:logGet(43)) - raft.server.log.force.sync.num = 128 (default)
2019-08-30 10:28:52,779 [pool-429-thread-1] INFO  server.RaftServerConfigKeys (ConfUtils.java:logGet(43)) - raft.server.log.statemachine.data.sync = true (default)
2019-08-30 10:28:52,779 [pool-429-thread-1] INFO  server.RaftServerConfigKeys (ConfUtils.java:logGet(43)) - raft.server.log.statemachine.data.sync.timeout = 10s (default)
2019-08-30 10:28:52,779 [pool-429-thread-1] INFO  server.RaftServerConfigKeys (ConfUtils.java:logGet(43)) - raft.server.log.statemachine.data.sync.timeout.retry = -1 (default)
2019-08-30 10:28:52,780 [pool-429-thread-1] INFO  server.RaftServerConfigKeys (ConfUtils.java:logGet(43)) - raft.server.log.statemachine.data.caching.enabled = true (custom)
2019-08-30 10:28:52,780 [pool-429-thread-1] INFO  segmented.SegmentedRaftLogWorker (SegmentedRaftLogWorker.java:lambda$new$0(132)) - 761283d5-0d6d-45e5-8015-7ab77012df5e-SegmentedRaftLogWorker:Storage Directory /workdir/hadoop-ozone/integration-test/target/test-dir/MiniOzoneClusterImpl-7d259c97-1909-4a64-a3a4-65a46b1cb81d/datanode-2/data/ratis/b1eafc18-207c-4a1f-9355-1433718c21db: flushIndex: setUnconditionally 0 -> -1
2019-08-30 10:28:52,780 [pool-429-thread-1] INFO  server.RaftServerConfigKeys (ConfUtils.java:logGet(43)) - raft.server.snapshot.auto.trigger.enabled = true (custom)
2019-08-30 10:28:52,780 [pool-429-thread-1] INFO  server.RaftServerConfigKeys (ConfUtils.java:logGet(43)) - raft.server.snapshot.auto.trigger.threshold = 10000 (custom)
2019-08-30 10:28:52,780 [pool-429-thread-1] INFO  server.RaftServerConfigKeys (ConfUtils.java:logGet(43)) - raft.server.retrycache.expirytime = 600000ms (custom)
2019-08-30 10:28:52,781 [pool-429-thread-1] INFO  impl.RaftServerImpl (RaftServerImpl.java:start(180)) - 761283d5-0d6d-45e5-8015-7ab77012df5e: start group-1433718C21DB
2019-08-30 10:28:52,781 [pool-429-thread-1] INFO  impl.RaftServerImpl (RaftServerImpl.java:setRole(171)) - 761283d5-0d6d-45e5-8015-7ab77012df5e:group-1433718C21DB changes role from null to FOLLOWER at term 0 for startAsFollower
2019-08-30 10:28:52,781 [pool-429-thread-1] INFO  impl.RoleInfo (RoleInfo.java:updateAndGet(143)) - 761283d5-0d6d-45e5-8015-7ab77012df5e: start FollowerState
2019-08-30 10:28:52,781 [pool-429-thread-1] INFO  util.JmxRegister (JmxRegister.java:tryRegister(44)) - Successfully registered JMX Bean with object name Ratis:service=RaftServer,group=group-1433718C21DB,id=761283d5-0d6d-45e5-8015-7ab77012df5e
2019-08-30 10:28:52,783 [RatisPipelineUtilsThread] INFO  pipeline.PipelineStateManager (PipelineStateManager.java:addPipeline(56)) - Created pipeline Pipeline[ Id: b1eafc18-207c-4a1f-9355-1433718c21db, Nodes: 761283d5-0d6d-45e5-8015-7ab77012df5e{ip: 192.168.5.138, host: pr-hdds-2061-2h694-1687604233, networkLocation: /default-rack, certSerialId: null}, Type:RATIS, Factor:ONE, State:OPEN]
2019-08-30 10:28:52,795 [IPC Server handler 6 on 36983] INFO  net.NetworkTopology (NetworkTopologyImpl.java:add(110)) - Added a new node: /default-rack/96988ad7-ae0a-41fc-bcd9-7add42cf23a5
2019-08-30 10:28:52,797 [IPC Server handler 6 on 36983] INFO  node.SCMNodeManager (SCMNodeManager.java:register(266)) - Registered Data node : 96988ad7-ae0a-41fc-bcd9-7add42cf23a5{ip: 192.168.5.138, host: pr-hdds-2061-2h694-1687604233, networkLocation: /default-rack, certSerialId: null}
2019-08-30 10:28:52,798 | INFO  | SCMAudit | user=jenkins1000 | ip=192.168.5.138 | op=REGISTER {datanodeDetails=96988ad7-ae0a-41fc-bcd9-7add42cf23a5{ip: 192.168.5.138, host: pr-hdds-2061-2h694-1687604233, networkLocation: /default-rack, certSerialId: null}} | ret=SUCCESS |  
2019-08-30 10:28:52,799 [grpc-default-executor-9] INFO  impl.RaftServerProxy (RaftServerProxy.java:addNew(89)) - 761283d5-0d6d-45e5-8015-7ab77012df5e: addNew group-DFB17977D0EF:[b9a3ceac-635b-47a7-ab79-6f38b04e1c7c:192.168.5.138:45835, 761283d5-0d6d-45e5-8015-7ab77012df5e:192.168.5.138:41019, 1ba5ef28-a816-4dc0-8667-4772a169b68f:192.168.5.138:46470] returns group-DFB17977D0EF:java.util.concurrent.CompletableFuture@35036e22[Not completed]
2019-08-30 10:28:52,799 [grpc-default-executor-6] INFO  impl.RaftServerProxy (RaftServerProxy.java:addNew(89)) - b9a3ceac-635b-47a7-ab79-6f38b04e1c7c: addNew group-DFB17977D0EF:[b9a3ceac-635b-47a7-ab79-6f38b04e1c7c:192.168.5.138:45835, 761283d5-0d6d-45e5-8015-7ab77012df5e:192.168.5.138:41019, 1ba5ef28-a816-4dc0-8667-4772a169b68f:192.168.5.138:46470] returns group-DFB17977D0EF:java.util.concurrent.CompletableFuture@239c3195[Not completed]
2019-08-30 10:28:52,799 [grpc-default-executor-7] INFO  impl.RaftServerProxy (RaftServerProxy.java:addNew(89)) - 1ba5ef28-a816-4dc0-8667-4772a169b68f: addNew group-DFB17977D0EF:[b9a3ceac-635b-47a7-ab79-6f38b04e1c7c:192.168.5.138:45835, 761283d5-0d6d-45e5-8015-7ab77012df5e:192.168.5.138:41019, 1ba5ef28-a816-4dc0-8667-4772a169b68f:192.168.5.138:46470] returns group-DFB17977D0EF:java.util.concurrent.CompletableFuture@443324f3[Not completed]
2019-08-30 10:28:52,800 [pool-429-thread-1] INFO  impl.RaftServerImpl (RaftServerImpl.java:<init>(93)) - 761283d5-0d6d-45e5-8015-7ab77012df5e: new RaftServerImpl for group-DFB17977D0EF:[b9a3ceac-635b-47a7-ab79-6f38b04e1c7c:192.168.5.138:45835, 761283d5-0d6d-45e5-8015-7ab77012df5e:192.168.5.138:41019, 1ba5ef28-a816-4dc0-8667-4772a169b68f:192.168.5.138:46470] with ContainerStateMachine:uninitialized
2019-08-30 10:28:52,800 [pool-429-thread-1] INFO  server.RaftServerConfigKeys (ConfUtils.java:logGet(43)) - raft.server.rpc.timeout.min = 5s (custom)
2019-08-30 10:28:52,800 [pool-429-thread-1] INFO  server.RaftServerConfigKeys (ConfUtils.java:logGet(43)) - raft.server.rpc.timeout.max = 5200ms (custom)
2019-08-30 10:28:52,800 [pool-429-thread-1] INFO  server.RaftServerConfigKeys (ConfUtils.java:logGet(43)) - raft.server.rpcslowness.timeout = 120s (custom)
2019-08-30 10:28:52,800 [pool-429-thread-1] INFO  server.RaftServerConfigKeys (ConfUtils.java:logGet(43)) - raft.server.sleep.deviation.threshold = 300 (default)
2019-08-30 10:28:52,800 [pool-429-thread-1] INFO  server.RaftServerConfigKeys (ConfUtils.java:logGet(43)) - raft.server.log.appender.install.snapshot.enabled = false (custom)
2019-08-30 10:28:52,801 [pool-429-thread-1] INFO  impl.RaftServerImpl (ServerState.java:<init>(105)) - 761283d5-0d6d-45e5-8015-7ab77012df5e:group-DFB17977D0EF ConfigurationManager, init=-1: [b9a3ceac-635b-47a7-ab79-6f38b04e1c7c:192.168.5.138:45835, 761283d5-0d6d-45e5-8015-7ab77012df5e:192.168.5.138:41019, 1ba5ef28-a816-4dc0-8667-4772a169b68f:192.168.5.138:46470], old=null, confs=<EMPTY_MAP>
2019-08-30 10:28:52,801 [pool-419-thread-1] INFO  impl.RaftServerImpl (RaftServerImpl.java:<init>(93)) - 1ba5ef28-a816-4dc0-8667-4772a169b68f: new RaftServerImpl for group-DFB17977D0EF:[b9a3ceac-635b-47a7-ab79-6f38b04e1c7c:192.168.5.138:45835, 761283d5-0d6d-45e5-8015-7ab77012df5e:192.168.5.138:41019, 1ba5ef28-a816-4dc0-8667-4772a169b68f:192.168.5.138:46470] with ContainerStateMachine:uninitialized
2019-08-30 10:28:52,801 [pool-429-thread-1] INFO  server.RaftServerConfigKeys (ConfUtils.java:logGet(43)) - raft.server.storage.dir = [/workdir/hadoop-ozone/integration-test/target/test-dir/MiniOzoneClusterImpl-7d259c97-1909-4a64-a3a4-65a46b1cb81d/datanode-2/data/ratis] (custom)
2019-08-30 10:28:52,801 [pool-419-thread-1] INFO  server.RaftServerConfigKeys (ConfUtils.java:logGet(43)) - raft.server.rpc.timeout.min = 5s (custom)
2019-08-30 10:28:52,801 [pool-419-thread-1] INFO  server.RaftServerConfigKeys (ConfUtils.java:logGet(43)) - raft.server.rpc.timeout.max = 5200ms (custom)
2019-08-30 10:28:52,801 [pool-409-thread-1] INFO  impl.RaftServerImpl (RaftServerImpl.java:<init>(93)) - b9a3ceac-635b-47a7-ab79-6f38b04e1c7c: new RaftServerImpl for group-DFB17977D0EF:[b9a3ceac-635b-47a7-ab79-6f38b04e1c7c:192.168.5.138:45835, 761283d5-0d6d-45e5-8015-7ab77012df5e:192.168.5.138:41019, 1ba5ef28-a816-4dc0-8667-4772a169b68f:192.168.5.138:46470] with ContainerStateMachine:uninitialized
2019-08-30 10:28:52,801 [pool-429-thread-1] INFO  storage.RaftStorageDirectory (RaftStorageDirectory.java:analyzeStorage(246)) - The storage directory /workdir/hadoop-ozone/integration-test/target/test-dir/MiniOzoneClusterImpl-7d259c97-1909-4a64-a3a4-65a46b1cb81d/datanode-2/data/ratis/d7db82d8-b200-4a63-8145-dfb17977d0ef does not exist. Creating ...
2019-08-30 10:28:52,801 [pool-409-thread-1] INFO  server.RaftServerConfigKeys (ConfUtils.java:logGet(43)) - raft.server.rpc.timeout.min = 5s (custom)
2019-08-30 10:28:52,801 [pool-419-thread-1] INFO  server.RaftServerConfigKeys (ConfUtils.java:logGet(43)) - raft.server.rpcslowness.timeout = 120s (custom)
2019-08-30 10:28:52,802 [pool-409-thread-1] INFO  server.RaftServerConfigKeys (ConfUtils.java:logGet(43)) - raft.server.rpc.timeout.max = 5200ms (custom)
2019-08-30 10:28:52,802 [pool-419-thread-1] INFO  server.RaftServerConfigKeys (ConfUtils.java:logGet(43)) - raft.server.sleep.deviation.threshold = 300 (default)
2019-08-30 10:28:52,802 [pool-409-thread-1] INFO  server.RaftServerConfigKeys (ConfUtils.java:logGet(43)) - raft.server.rpcslowness.timeout = 120s (custom)
2019-08-30 10:28:52,802 [pool-419-thread-1] INFO  server.RaftServerConfigKeys (ConfUtils.java:logGet(43)) - raft.server.log.appender.install.snapshot.enabled = false (custom)
2019-08-30 10:28:52,802 [pool-409-thread-1] INFO  server.RaftServerConfigKeys (ConfUtils.java:logGet(43)) - raft.server.sleep.deviation.threshold = 300 (default)
2019-08-30 10:28:52,802 [pool-419-thread-1] INFO  impl.RaftServerImpl (ServerState.java:<init>(105)) - 1ba5ef28-a816-4dc0-8667-4772a169b68f:group-DFB17977D0EF ConfigurationManager, init=-1: [b9a3ceac-635b-47a7-ab79-6f38b04e1c7c:192.168.5.138:45835, 761283d5-0d6d-45e5-8015-7ab77012df5e:192.168.5.138:41019, 1ba5ef28-a816-4dc0-8667-4772a169b68f:192.168.5.138:46470], old=null, confs=<EMPTY_MAP>
2019-08-30 10:28:52,802 [pool-409-thread-1] INFO  server.RaftServerConfigKeys (ConfUtils.java:logGet(43)) - raft.server.log.appender.install.snapshot.enabled = false (custom)
2019-08-30 10:28:52,802 [pool-419-thread-1] INFO  server.RaftServerConfigKeys (ConfUtils.java:logGet(43)) - raft.server.storage.dir = [/workdir/hadoop-ozone/integration-test/target/test-dir/MiniOzoneClusterImpl-7d259c97-1909-4a64-a3a4-65a46b1cb81d/datanode-1/data/ratis] (custom)
2019-08-30 10:28:52,803 [pool-409-thread-1] INFO  impl.RaftServerImpl (ServerState.java:<init>(105)) - b9a3ceac-635b-47a7-ab79-6f38b04e1c7c:group-DFB17977D0EF ConfigurationManager, init=-1: [b9a3ceac-635b-47a7-ab79-6f38b04e1c7c:192.168.5.138:45835, 761283d5-0d6d-45e5-8015-7ab77012df5e:192.168.5.138:41019, 1ba5ef28-a816-4dc0-8667-4772a169b68f:192.168.5.138:46470], old=null, confs=<EMPTY_MAP>
2019-08-30 10:28:52,803 [pool-409-thread-1] INFO  server.RaftServerConfigKeys (ConfUtils.java:logGet(43)) - raft.server.storage.dir = [/workdir/hadoop-ozone/integration-test/target/test-dir/MiniOzoneClusterImpl-7d259c97-1909-4a64-a3a4-65a46b1cb81d/datanode-0/data/ratis] (custom)
2019-08-30 10:28:52,803 [pool-419-thread-1] INFO  storage.RaftStorageDirectory (RaftStorageDirectory.java:analyzeStorage(246)) - The storage directory /workdir/hadoop-ozone/integration-test/target/test-dir/MiniOzoneClusterImpl-7d259c97-1909-4a64-a3a4-65a46b1cb81d/datanode-1/data/ratis/d7db82d8-b200-4a63-8145-dfb17977d0ef does not exist. Creating ...
2019-08-30 10:28:52,803 [pool-409-thread-1] INFO  storage.RaftStorageDirectory (RaftStorageDirectory.java:analyzeStorage(246)) - The storage directory /workdir/hadoop-ozone/integration-test/target/test-dir/MiniOzoneClusterImpl-7d259c97-1909-4a64-a3a4-65a46b1cb81d/datanode-0/data/ratis/d7db82d8-b200-4a63-8145-dfb17977d0ef does not exist. Creating ...
2019-08-30 10:28:52,808 [pool-429-thread-1] INFO  storage.RaftStorageDirectory (RaftStorageDirectory.java:tryLock(328)) - Lock on /workdir/hadoop-ozone/integration-test/target/test-dir/MiniOzoneClusterImpl-7d259c97-1909-4a64-a3a4-65a46b1cb81d/datanode-2/data/ratis/d7db82d8-b200-4a63-8145-dfb17977d0ef/in_use.lock acquired by nodename 28954@pr-hdds-2061-2h694-1687604233
2019-08-30 10:28:52,808 [pool-409-thread-1] INFO  storage.RaftStorageDirectory (RaftStorageDirectory.java:tryLock(328)) - Lock on /workdir/hadoop-ozone/integration-test/target/test-dir/MiniOzoneClusterImpl-7d259c97-1909-4a64-a3a4-65a46b1cb81d/datanode-0/data/ratis/d7db82d8-b200-4a63-8145-dfb17977d0ef/in_use.lock acquired by nodename 28954@pr-hdds-2061-2h694-1687604233
2019-08-30 10:28:52,808 [pool-419-thread-1] INFO  storage.RaftStorageDirectory (RaftStorageDirectory.java:tryLock(328)) - Lock on /workdir/hadoop-ozone/integration-test/target/test-dir/MiniOzoneClusterImpl-7d259c97-1909-4a64-a3a4-65a46b1cb81d/datanode-1/data/ratis/d7db82d8-b200-4a63-8145-dfb17977d0ef/in_use.lock acquired by nodename 28954@pr-hdds-2061-2h694-1687604233
2019-08-30 10:28:52,823 [pool-429-thread-1] INFO  storage.RaftStorage (RaftStorage.java:format(72)) - Storage directory /workdir/hadoop-ozone/integration-test/target/test-dir/MiniOzoneClusterImpl-7d259c97-1909-4a64-a3a4-65a46b1cb81d/datanode-2/data/ratis/d7db82d8-b200-4a63-8145-dfb17977d0ef has been successfully formatted.
2019-08-30 10:28:52,823 [pool-409-thread-1] INFO  storage.RaftStorage (RaftStorage.java:format(72)) - Storage directory /workdir/hadoop-ozone/integration-test/target/test-dir/MiniOzoneClusterImpl-7d259c97-1909-4a64-a3a4-65a46b1cb81d/datanode-0/data/ratis/d7db82d8-b200-4a63-8145-dfb17977d0ef has been successfully formatted.
2019-08-30 10:28:52,823 [pool-419-thread-1] INFO  storage.RaftStorage (RaftStorage.java:format(72)) - Storage directory /workdir/hadoop-ozone/integration-test/target/test-dir/MiniOzoneClusterImpl-7d259c97-1909-4a64-a3a4-65a46b1cb81d/datanode-1/data/ratis/d7db82d8-b200-4a63-8145-dfb17977d0ef has been successfully formatted.
2019-08-30 10:28:52,823 [pool-409-thread-1] INFO  ratis.ContainerStateMachine (ContainerStateMachine.java:loadSnapshot(227)) - group-DFB17977D0EF: The snapshot info is null. Setting the last applied indexto:(t:0, i:~)
2019-08-30 10:28:52,823 [pool-429-thread-1] INFO  ratis.ContainerStateMachine (ContainerStateMachine.java:loadSnapshot(227)) - group-DFB17977D0EF: The snapshot info is null. Setting the last applied indexto:(t:0, i:~)
2019-08-30 10:28:52,823 [pool-419-thread-1] INFO  ratis.ContainerStateMachine (ContainerStateMachine.java:loadSnapshot(227)) - group-DFB17977D0EF: The snapshot info is null. Setting the last applied indexto:(t:0, i:~)
2019-08-30 10:28:52,823 [pool-409-thread-1] INFO  server.RaftServerConfigKeys (ConfUtils.java:logGet(43)) - raft.server.leader.election.timeout = 120s (custom)
2019-08-30 10:28:52,823 [pool-419-thread-1] INFO  server.RaftServerConfigKeys (ConfUtils.java:logGet(43)) - raft.server.leader.election.timeout = 120s (custom)
2019-08-30 10:28:52,823 [pool-429-thread-1] INFO  server.RaftServerConfigKeys (ConfUtils.java:logGet(43)) - raft.server.leader.election.timeout = 120s (custom)
2019-08-30 10:28:52,823 [pool-419-thread-1] INFO  server.RaftServerConfigKeys (ConfUtils.java:logGet(43)) - raft.server.log.use.memory = false (default)
2019-08-30 10:28:52,823 [pool-409-thread-1] INFO  server.RaftServerConfigKeys (ConfUtils.java:logGet(43)) - raft.server.log.use.memory = false (default)
2019-08-30 10:28:52,824 [pool-419-thread-1] INFO  server.RaftServerConfigKeys (ConfUtils.java:logGet(43)) - raft.server.log.purge.gap = 1000000 (custom)
2019-08-30 10:28:52,824 [pool-429-thread-1] INFO  server.RaftServerConfigKeys (ConfUtils.java:logGet(43)) - raft.server.log.use.memory = false (default)
2019-08-30 10:28:52,824 [pool-419-thread-1] INFO  server.RaftServerConfigKeys (ConfUtils.java:logGet(43)) - raft.server.log.appender.buffer.byte-limit = 33554432 (custom)
2019-08-30 10:28:52,824 [pool-409-thread-1] INFO  server.RaftServerConfigKeys (ConfUtils.java:logGet(43)) - raft.server.log.purge.gap = 1000000 (custom)
2019-08-30 10:28:52,824 [pool-419-thread-1] INFO  server.RaftServerConfigKeys (ConfUtils.java:logGet(43)) - raft.server.log.segment.size.max = 1048576 (custom)
2019-08-30 10:28:52,824 [pool-429-thread-1] INFO  server.RaftServerConfigKeys (ConfUtils.java:logGet(43)) - raft.server.log.purge.gap = 1000000 (custom)
2019-08-30 10:28:52,824 [pool-419-thread-1] INFO  server.RaftServerConfigKeys (ConfUtils.java:logGet(43)) - raft.server.log.segment.cache.num.max = 2 (custom)
2019-08-30 10:28:52,824 [pool-409-thread-1] INFO  server.RaftServerConfigKeys (ConfUtils.java:logGet(43)) - raft.server.log.appender.buffer.byte-limit = 33554432 (custom)
2019-08-30 10:28:52,825 [pool-419-thread-1] INFO  segmented.SegmentedRaftLogWorker (SegmentedRaftLogWorker.java:<init>(172)) - new 1ba5ef28-a816-4dc0-8667-4772a169b68f-SegmentedRaftLogWorker:Storage Directory /workdir/hadoop-ozone/integration-test/target/test-dir/MiniOzoneClusterImpl-7d259c97-1909-4a64-a3a4-65a46b1cb81d/datanode-1/data/ratis/d7db82d8-b200-4a63-8145-dfb17977d0ef for RaftStorage:Storage Directory /workdir/hadoop-ozone/integration-test/target/test-dir/MiniOzoneClusterImpl-7d259c97-1909-4a64-a3a4-65a46b1cb81d/datanode-1/data/ratis/d7db82d8-b200-4a63-8145-dfb17977d0ef
2019-08-30 10:28:52,824 [pool-429-thread-1] INFO  server.RaftServerConfigKeys (ConfUtils.java:logGet(43)) - raft.server.log.appender.buffer.byte-limit = 33554432 (custom)
2019-08-30 10:28:52,825 [pool-419-thread-1] INFO  server.RaftServerConfigKeys (ConfUtils.java:logGet(43)) - raft.server.log.queue.byte-limit = 2147483647 (custom)
2019-08-30 10:28:52,825 [pool-419-thread-1] INFO  server.RaftServerConfigKeys (ConfUtils.java:logGet(43)) - raft.server.log.queue.element-limit = 1024 (custom)
2019-08-30 10:28:52,825 [pool-409-thread-1] INFO  server.RaftServerConfigKeys (ConfUtils.java:logGet(43)) - raft.server.log.segment.size.max = 1048576 (custom)
2019-08-30 10:28:52,825 [pool-419-thread-1] INFO  server.RaftServerConfigKeys (ConfUtils.java:logGet(43)) - raft.server.log.segment.size.max = 1048576 (custom)
2019-08-30 10:28:52,825 [pool-429-thread-1] INFO  server.RaftServerConfigKeys (ConfUtils.java:logGet(43)) - raft.server.log.segment.size.max = 1048576 (custom)
2019-08-30 10:28:52,825 [pool-419-thread-1] INFO  server.RaftServerConfigKeys (ConfUtils.java:logGet(43)) - raft.server.log.preallocated.size = 16384 (custom)
2019-08-30 10:28:52,825 [pool-419-thread-1] INFO  server.RaftServerConfigKeys (ConfUtils.java:logGet(43)) - raft.server.log.write.buffer.size = 33554432 (custom)
2019-08-30 10:28:52,825 [pool-409-thread-1] INFO  server.RaftServerConfigKeys (ConfUtils.java:logGet(43)) - raft.server.log.segment.cache.num.max = 2 (custom)
2019-08-30 10:28:52,826 [pool-419-thread-1] INFO  server.RaftServerConfigKeys (ConfUtils.java:logGet(43)) - raft.server.log.force.sync.num = 128 (default)
2019-08-30 10:28:52,825 [pool-429-thread-1] INFO  server.RaftServerConfigKeys (ConfUtils.java:logGet(43)) - raft.server.log.segment.cache.num.max = 2 (custom)
2019-08-30 10:28:52,826 [pool-419-thread-1] INFO  server.RaftServerConfigKeys (ConfUtils.java:logGet(43)) - raft.server.log.statemachine.data.sync = true (default)
2019-08-30 10:28:52,826 [pool-409-thread-1] INFO  segmented.SegmentedRaftLogWorker (SegmentedRaftLogWorker.java:<init>(172)) - new b9a3ceac-635b-47a7-ab79-6f38b04e1c7c-SegmentedRaftLogWorker:Storage Directory /workdir/hadoop-ozone/integration-test/target/test-dir/MiniOzoneClusterImpl-7d259c97-1909-4a64-a3a4-65a46b1cb81d/datanode-0/data/ratis/d7db82d8-b200-4a63-8145-dfb17977d0ef for RaftStorage:Storage Directory /workdir/hadoop-ozone/integration-test/target/test-dir/MiniOzoneClusterImpl-7d259c97-1909-4a64-a3a4-65a46b1cb81d/datanode-0/data/ratis/d7db82d8-b200-4a63-8145-dfb17977d0ef
2019-08-30 10:28:52,826 [pool-419-thread-1] INFO  server.RaftServerConfigKeys (ConfUtils.java:logGet(43)) - raft.server.log.statemachine.data.sync.timeout = 10s (default)
2019-08-30 10:28:52,826 [pool-419-thread-1] INFO  server.RaftServerConfigKeys (ConfUtils.java:logGet(43)) - raft.server.log.statemachine.data.sync.timeout.retry = -1 (default)
2019-08-30 10:28:52,826 [pool-429-thread-1] INFO  segmented.SegmentedRaftLogWorker (SegmentedRaftLogWorker.java:<init>(172)) - new 761283d5-0d6d-45e5-8015-7ab77012df5e-SegmentedRaftLogWorker:Storage Directory /workdir/hadoop-ozone/integration-test/target/test-dir/MiniOzoneClusterImpl-7d259c97-1909-4a64-a3a4-65a46b1cb81d/datanode-2/data/ratis/d7db82d8-b200-4a63-8145-dfb17977d0ef for RaftStorage:Storage Directory /workdir/hadoop-ozone/integration-test/target/test-dir/MiniOzoneClusterImpl-7d259c97-1909-4a64-a3a4-65a46b1cb81d/datanode-2/data/ratis/d7db82d8-b200-4a63-8145-dfb17977d0ef
2019-08-30 10:28:52,826 [pool-419-thread-1] INFO  server.RaftServerConfigKeys (ConfUtils.java:logGet(43)) - raft.server.log.statemachine.data.caching.enabled = true (custom)
2019-08-30 10:28:52,826 [pool-409-thread-1] INFO  server.RaftServerConfigKeys (ConfUtils.java:logGet(43)) - raft.server.log.queue.byte-limit = 2147483647 (custom)
2019-08-30 10:28:52,827 [pool-429-thread-1] INFO  server.RaftServerConfigKeys (ConfUtils.java:logGet(43)) - raft.server.log.queue.byte-limit = 2147483647 (custom)
2019-08-30 10:28:52,827 [pool-409-thread-1] INFO  server.RaftServerConfigKeys (ConfUtils.java:logGet(43)) - raft.server.log.queue.element-limit = 1024 (custom)
2019-08-30 10:28:52,827 [pool-429-thread-1] INFO  server.RaftServerConfigKeys (ConfUtils.java:logGet(43)) - raft.server.log.queue.element-limit = 1024 (custom)
2019-08-30 10:28:52,827 [pool-419-thread-1] INFO  segmented.SegmentedRaftLogWorker (SegmentedRaftLogWorker.java:lambda$new$0(132)) - 1ba5ef28-a816-4dc0-8667-4772a169b68f-SegmentedRaftLogWorker:Storage Directory /workdir/hadoop-ozone/integration-test/target/test-dir/MiniOzoneClusterImpl-7d259c97-1909-4a64-a3a4-65a46b1cb81d/datanode-1/data/ratis/d7db82d8-b200-4a63-8145-dfb17977d0ef: flushIndex: setUnconditionally 0 -> -1
2019-08-30 10:28:52,827 [pool-429-thread-1] INFO  server.RaftServerConfigKeys (ConfUtils.java:logGet(43)) - raft.server.log.segment.size.max = 1048576 (custom)
2019-08-30 10:28:52,827 [pool-409-thread-1] INFO  server.RaftServerConfigKeys (ConfUtils.java:logGet(43)) - raft.server.log.segment.size.max = 1048576 (custom)
2019-08-30 10:28:52,827 [pool-429-thread-1] INFO  server.RaftServerConfigKeys (ConfUtils.java:logGet(43)) - raft.server.log.preallocated.size = 16384 (custom)
2019-08-30 10:28:52,827 [pool-409-thread-1] INFO  server.RaftServerConfigKeys (ConfUtils.java:logGet(43)) - raft.server.log.preallocated.size = 16384 (custom)
2019-08-30 10:28:52,827 [pool-419-thread-1] INFO  server.RaftServerConfigKeys (ConfUtils.java:logGet(43)) - raft.server.snapshot.auto.trigger.enabled = true (custom)
2019-08-30 10:28:52,827 [pool-409-thread-1] INFO  server.RaftServerConfigKeys (ConfUtils.java:logGet(43)) - raft.server.log.write.buffer.size = 33554432 (custom)
2019-08-30 10:28:52,827 [pool-429-thread-1] INFO  server.RaftServerConfigKeys (ConfUtils.java:logGet(43)) - raft.server.log.write.buffer.size = 33554432 (custom)
2019-08-30 10:28:52,828 [pool-409-thread-1] INFO  server.RaftServerConfigKeys (ConfUtils.java:logGet(43)) - raft.server.log.force.sync.num = 128 (default)
2019-08-30 10:28:52,828 [pool-419-thread-1] INFO  server.RaftServerConfigKeys (ConfUtils.java:logGet(43)) - raft.server.snapshot.auto.trigger.threshold = 10000 (custom)
2019-08-30 10:28:52,828 [pool-409-thread-1] INFO  server.RaftServerConfigKeys (ConfUtils.java:logGet(43)) - raft.server.log.statemachine.data.sync = true (default)
2019-08-30 10:28:52,828 [pool-429-thread-1] INFO  server.RaftServerConfigKeys (ConfUtils.java:logGet(43)) - raft.server.log.force.sync.num = 128 (default)
2019-08-30 10:28:52,828 [pool-409-thread-1] INFO  server.RaftServerConfigKeys (ConfUtils.java:logGet(43)) - raft.server.log.statemachine.data.sync.timeout = 10s (default)
2019-08-30 10:28:52,828 [pool-419-thread-1] INFO  server.RaftServerConfigKeys (ConfUtils.java:logGet(43)) - raft.server.retrycache.expirytime = 600000ms (custom)
2019-08-30 10:28:52,828 [pool-409-thread-1] INFO  server.RaftServerConfigKeys (ConfUtils.java:logGet(43)) - raft.server.log.statemachine.data.sync.timeout.retry = -1 (default)
2019-08-30 10:28:52,828 [pool-429-thread-1] INFO  server.RaftServerConfigKeys (ConfUtils.java:logGet(43)) - raft.server.log.statemachine.data.sync = true (default)
2019-08-30 10:28:52,828 [pool-419-thread-1] INFO  impl.RaftServerImpl (RaftServerImpl.java:start(180)) - 1ba5ef28-a816-4dc0-8667-4772a169b68f: start group-DFB17977D0EF
2019-08-30 10:28:52,828 [pool-409-thread-1] INFO  server.RaftServerConfigKeys (ConfUtils.java:logGet(43)) - raft.server.log.statemachine.data.caching.enabled = true (custom)
2019-08-30 10:28:52,829 [pool-419-thread-1] INFO  impl.RaftServerImpl (RaftServerImpl.java:setRole(171)) - 1ba5ef28-a816-4dc0-8667-4772a169b68f:group-DFB17977D0EF changes role from null to FOLLOWER at term 0 for startAsFollower
2019-08-30 10:28:52,829 [pool-429-thread-1] INFO  server.RaftServerConfigKeys (ConfUtils.java:logGet(43)) - raft.server.log.statemachine.data.sync.timeout = 10s (default)
2019-08-30 10:28:52,829 [pool-419-thread-1] INFO  impl.RoleInfo (RoleInfo.java:updateAndGet(143)) - 1ba5ef28-a816-4dc0-8667-4772a169b68f: start FollowerState
2019-08-30 10:28:52,829 [pool-409-thread-1] INFO  segmented.SegmentedRaftLogWorker (SegmentedRaftLogWorker.java:lambda$new$0(132)) - b9a3ceac-635b-47a7-ab79-6f38b04e1c7c-SegmentedRaftLogWorker:Storage Directory /workdir/hadoop-ozone/integration-test/target/test-dir/MiniOzoneClusterImpl-7d259c97-1909-4a64-a3a4-65a46b1cb81d/datanode-0/data/ratis/d7db82d8-b200-4a63-8145-dfb17977d0ef: flushIndex: setUnconditionally 0 -> -1
2019-08-30 10:28:52,829 [pool-429-thread-1] INFO  server.RaftServerConfigKeys (ConfUtils.java:logGet(43)) - raft.server.log.statemachine.data.sync.timeout.retry = -1 (default)
2019-08-30 10:28:52,829 [pool-429-thread-1] INFO  server.RaftServerConfigKeys (ConfUtils.java:logGet(43)) - raft.server.log.statemachine.data.caching.enabled = true (custom)
2019-08-30 10:28:52,829 [pool-409-thread-1] INFO  server.RaftServerConfigKeys (ConfUtils.java:logGet(43)) - raft.server.snapshot.auto.trigger.enabled = true (custom)
2019-08-30 10:28:52,829 [pool-419-thread-1] INFO  util.JmxRegister (JmxRegister.java:tryRegister(44)) - Successfully registered JMX Bean with object name Ratis:service=RaftServer,group=group-DFB17977D0EF,id=1ba5ef28-a816-4dc0-8667-4772a169b68f
2019-08-30 10:28:52,830 [pool-409-thread-1] INFO  server.RaftServerConfigKeys (ConfUtils.java:logGet(43)) - raft.server.snapshot.auto.trigger.threshold = 10000 (custom)
2019-08-30 10:28:52,830 [pool-429-thread-1] INFO  segmented.SegmentedRaftLogWorker (SegmentedRaftLogWorker.java:lambda$new$0(132)) - 761283d5-0d6d-45e5-8015-7ab77012df5e-SegmentedRaftLogWorker:Storage Directory /workdir/hadoop-ozone/integration-test/target/test-dir/MiniOzoneClusterImpl-7d259c97-1909-4a64-a3a4-65a46b1cb81d/datanode-2/data/ratis/d7db82d8-b200-4a63-8145-dfb17977d0ef: flushIndex: setUnconditionally 0 -> -1
2019-08-30 10:28:52,830 [pool-409-thread-1] INFO  server.RaftServerConfigKeys (ConfUtils.java:logGet(43)) - raft.server.retrycache.expirytime = 600000ms (custom)
2019-08-30 10:28:52,830 [pool-429-thread-1] INFO  server.RaftServerConfigKeys (ConfUtils.java:logGet(43)) - raft.server.snapshot.auto.trigger.enabled = true (custom)
2019-08-30 10:28:52,830 [pool-409-thread-1] INFO  impl.RaftServerImpl (RaftServerImpl.java:start(180)) - b9a3ceac-635b-47a7-ab79-6f38b04e1c7c: start group-DFB17977D0EF
2019-08-30 10:28:52,830 [pool-429-thread-1] INFO  server.RaftServerConfigKeys (ConfUtils.java:logGet(43)) - raft.server.snapshot.auto.trigger.threshold = 10000 (custom)
2019-08-30 10:28:52,830 [pool-409-thread-1] INFO  impl.RaftServerImpl (RaftServerImpl.java:setRole(171)) - b9a3ceac-635b-47a7-ab79-6f38b04e1c7c:group-DFB17977D0EF changes role from null to FOLLOWER at term 0 for startAsFollower
2019-08-30 10:28:52,830 [pool-429-thread-1] INFO  server.RaftServerConfigKeys (ConfUtils.java:logGet(43)) - raft.server.retrycache.expirytime = 600000ms (custom)
2019-08-30 10:28:52,830 [pool-409-thread-1] INFO  impl.RoleInfo (RoleInfo.java:updateAndGet(143)) - b9a3ceac-635b-47a7-ab79-6f38b04e1c7c: start FollowerState
2019-08-30 10:28:52,830 [pool-429-thread-1] INFO  impl.RaftServerImpl (RaftServerImpl.java:start(180)) - 761283d5-0d6d-45e5-8015-7ab77012df5e: start group-DFB17977D0EF
2019-08-30 10:28:52,831 [pool-429-thread-1] INFO  impl.RaftServerImpl (RaftServerImpl.java:setRole(171)) - 761283d5-0d6d-45e5-8015-7ab77012df5e:group-DFB17977D0EF changes role from null to FOLLOWER at term 0 for startAsFollower
2019-08-30 10:28:52,831 [pool-409-thread-1] INFO  util.JmxRegister (JmxRegister.java:tryRegister(44)) - Successfully registered JMX Bean with object name Ratis:service=RaftServer,group=group-DFB17977D0EF,id=b9a3ceac-635b-47a7-ab79-6f38b04e1c7c
2019-08-30 10:28:52,831 [pool-429-thread-1] INFO  impl.RoleInfo (RoleInfo.java:updateAndGet(143)) - 761283d5-0d6d-45e5-8015-7ab77012df5e: start FollowerState
2019-08-30 10:28:52,831 [pool-429-thread-1] INFO  util.JmxRegister (JmxRegister.java:tryRegister(44)) - Successfully registered JMX Bean with object name Ratis:service=RaftServer,group=group-DFB17977D0EF,id=761283d5-0d6d-45e5-8015-7ab77012df5e
2019-08-30 10:28:52,834 [RatisPipelineUtilsThread] INFO  pipeline.PipelineStateManager (PipelineStateManager.java:addPipeline(56)) - Created pipeline Pipeline[ Id: d7db82d8-b200-4a63-8145-dfb17977d0ef, Nodes: b9a3ceac-635b-47a7-ab79-6f38b04e1c7c{ip: 192.168.5.138, host: pr-hdds-2061-2h694-1687604233, networkLocation: /default-rack, certSerialId: null}761283d5-0d6d-45e5-8015-7ab77012df5e{ip: 192.168.5.138, host: pr-hdds-2061-2h694-1687604233, networkLocation: /default-rack, certSerialId: null}1ba5ef28-a816-4dc0-8667-4772a169b68f{ip: 192.168.5.138, host: pr-hdds-2061-2h694-1687604233, networkLocation: /default-rack, certSerialId: null}, Type:RATIS, Factor:THREE, State:OPEN]
2019-08-30 10:28:52,867 [IPC Server handler 0 on 36983] INFO  net.NetworkTopology (NetworkTopologyImpl.java:add(110)) - Added a new node: /default-rack/b2a9b6fb-eaa2-405b-9351-dabddfe94996
2019-08-30 10:28:52,868 [IPC Server handler 0 on 36983] INFO  node.SCMNodeManager (SCMNodeManager.java:register(266)) - Registered Data node : b2a9b6fb-eaa2-405b-9351-dabddfe94996{ip: 192.168.5.138, host: pr-hdds-2061-2h694-1687604233, networkLocation: /default-rack, certSerialId: null}
2019-08-30 10:28:52,868 | INFO  | SCMAudit | user=jenkins1000 | ip=192.168.5.138 | op=REGISTER {datanodeDetails=b2a9b6fb-eaa2-405b-9351-dabddfe94996{ip: 192.168.5.138, host: pr-hdds-2061-2h694-1687604233, networkLocation: /default-rack, certSerialId: null}} | ret=SUCCESS |  
2019-08-30 10:28:52,877 [grpc-default-executor-7] INFO  impl.RaftServerProxy (RaftServerProxy.java:addNew(89)) - 96988ad7-ae0a-41fc-bcd9-7add42cf23a5: addNew group-50CDD0020C25:[96988ad7-ae0a-41fc-bcd9-7add42cf23a5:192.168.5.138:33573] returns group-50CDD0020C25:java.util.concurrent.CompletableFuture@637a8d42[Not completed]
2019-08-30 10:28:52,880 [pool-439-thread-1] INFO  impl.RaftServerImpl (RaftServerImpl.java:<init>(93)) - 96988ad7-ae0a-41fc-bcd9-7add42cf23a5: new RaftServerImpl for group-50CDD0020C25:[96988ad7-ae0a-41fc-bcd9-7add42cf23a5:192.168.5.138:33573] with ContainerStateMachine:uninitialized
2019-08-30 10:28:52,880 [pool-439-thread-1] INFO  server.RaftServerConfigKeys (ConfUtils.java:logGet(43)) - raft.server.rpc.timeout.min = 5s (custom)
2019-08-30 10:28:52,881 [pool-439-thread-1] INFO  server.RaftServerConfigKeys (ConfUtils.java:logGet(43)) - raft.server.rpc.timeout.max = 5200ms (custom)
2019-08-30 10:28:52,881 [pool-439-thread-1] INFO  server.RaftServerConfigKeys (ConfUtils.java:logGet(43)) - raft.server.rpcslowness.timeout = 120s (custom)
2019-08-30 10:28:52,881 [pool-439-thread-1] INFO  server.RaftServerConfigKeys (ConfUtils.java:logGet(43)) - raft.server.sleep.deviation.threshold = 300 (default)
2019-08-30 10:28:52,881 [pool-439-thread-1] INFO  server.RaftServerConfigKeys (ConfUtils.java:logGet(43)) - raft.server.log.appender.install.snapshot.enabled = false (custom)
2019-08-30 10:28:52,882 [pool-439-thread-1] INFO  impl.RaftServerImpl (ServerState.java:<init>(105)) - 96988ad7-ae0a-41fc-bcd9-7add42cf23a5:group-50CDD0020C25 ConfigurationManager, init=-1: [96988ad7-ae0a-41fc-bcd9-7add42cf23a5:192.168.5.138:33573], old=null, confs=<EMPTY_MAP>
2019-08-30 10:28:52,882 [pool-439-thread-1] INFO  server.RaftServerConfigKeys (ConfUtils.java:logGet(43)) - raft.server.storage.dir = [/workdir/hadoop-ozone/integration-test/target/test-dir/MiniOzoneClusterImpl-7d259c97-1909-4a64-a3a4-65a46b1cb81d/datanode-3/data/ratis] (custom)
2019-08-30 10:28:52,883 [pool-439-thread-1] INFO  storage.RaftStorageDirectory (RaftStorageDirectory.java:analyzeStorage(246)) - The storage directory /workdir/hadoop-ozone/integration-test/target/test-dir/MiniOzoneClusterImpl-7d259c97-1909-4a64-a3a4-65a46b1cb81d/datanode-3/data/ratis/cb24cac4-11bf-4111-bc18-50cdd0020c25 does not exist. Creating ...
2019-08-30 10:28:52,909 [pool-439-thread-1] INFO  storage.RaftStorageDirectory (RaftStorageDirectory.java:tryLock(328)) - Lock on /workdir/hadoop-ozone/integration-test/target/test-dir/MiniOzoneClusterImpl-7d259c97-1909-4a64-a3a4-65a46b1cb81d/datanode-3/data/ratis/cb24cac4-11bf-4111-bc18-50cdd0020c25/in_use.lock acquired by nodename 28954@pr-hdds-2061-2h694-1687604233
2019-08-30 10:28:52,922 [pool-439-thread-1] INFO  storage.RaftStorage (RaftStorage.java:format(72)) - Storage directory /workdir/hadoop-ozone/integration-test/target/test-dir/MiniOzoneClusterImpl-7d259c97-1909-4a64-a3a4-65a46b1cb81d/datanode-3/data/ratis/cb24cac4-11bf-4111-bc18-50cdd0020c25 has been successfully formatted.
2019-08-30 10:28:52,923 [pool-439-thread-1] INFO  ratis.ContainerStateMachine (ContainerStateMachine.java:loadSnapshot(227)) - group-50CDD0020C25: The snapshot info is null. Setting the last applied indexto:(t:0, i:~)
2019-08-30 10:28:52,923 [pool-439-thread-1] INFO  server.RaftServerConfigKeys (ConfUtils.java:logGet(43)) - raft.server.leader.election.timeout = 120s (custom)
2019-08-30 10:28:52,923 [pool-439-thread-1] INFO  server.RaftServerConfigKeys (ConfUtils.java:logGet(43)) - raft.server.log.use.memory = false (default)
2019-08-30 10:28:52,923 [pool-439-thread-1] INFO  server.RaftServerConfigKeys (ConfUtils.java:logGet(43)) - raft.server.log.purge.gap = 1000000 (custom)
2019-08-30 10:28:52,923 [pool-439-thread-1] INFO  server.RaftServerConfigKeys (ConfUtils.java:logGet(43)) - raft.server.log.appender.buffer.byte-limit = 33554432 (custom)
2019-08-30 10:28:52,923 [pool-439-thread-1] INFO  server.RaftServerConfigKeys (ConfUtils.java:logGet(43)) - raft.server.log.segment.size.max = 1048576 (custom)
2019-08-30 10:28:52,924 [pool-439-thread-1] INFO  server.RaftServerConfigKeys (ConfUtils.java:logGet(43)) - raft.server.log.segment.cache.num.max = 2 (custom)
2019-08-30 10:28:52,924 [pool-439-thread-1] INFO  segmented.SegmentedRaftLogWorker (SegmentedRaftLogWorker.java:<init>(172)) - new 96988ad7-ae0a-41fc-bcd9-7add42cf23a5-SegmentedRaftLogWorker:Storage Directory /workdir/hadoop-ozone/integration-test/target/test-dir/MiniOzoneClusterImpl-7d259c97-1909-4a64-a3a4-65a46b1cb81d/datanode-3/data/ratis/cb24cac4-11bf-4111-bc18-50cdd0020c25 for RaftStorage:Storage Directory /workdir/hadoop-ozone/integration-test/target/test-dir/MiniOzoneClusterImpl-7d259c97-1909-4a64-a3a4-65a46b1cb81d/datanode-3/data/ratis/cb24cac4-11bf-4111-bc18-50cdd0020c25
2019-08-30 10:28:52,924 [pool-439-thread-1] INFO  server.RaftServerConfigKeys (ConfUtils.java:logGet(43)) - raft.server.log.queue.byte-limit = 2147483647 (custom)
2019-08-30 10:28:52,924 [pool-439-thread-1] INFO  server.RaftServerConfigKeys (ConfUtils.java:logGet(43)) - raft.server.log.queue.element-limit = 1024 (custom)
2019-08-30 10:28:52,924 [pool-439-thread-1] INFO  server.RaftServerConfigKeys (ConfUtils.java:logGet(43)) - raft.server.log.segment.size.max = 1048576 (custom)
2019-08-30 10:28:52,925 [pool-439-thread-1] INFO  server.RaftServerConfigKeys (ConfUtils.java:logGet(43)) - raft.server.log.preallocated.size = 16384 (custom)
2019-08-30 10:28:52,925 [pool-439-thread-1] INFO  server.RaftServerConfigKeys (ConfUtils.java:logGet(43)) - raft.server.log.write.buffer.size = 33554432 (custom)
2019-08-30 10:28:52,925 [pool-439-thread-1] INFO  server.RaftServerConfigKeys (ConfUtils.java:logGet(43)) - raft.server.log.force.sync.num = 128 (default)
2019-08-30 10:28:52,925 [pool-439-thread-1] INFO  server.RaftServerConfigKeys (ConfUtils.java:logGet(43)) - raft.server.log.statemachine.data.sync = true (default)
2019-08-30 10:28:52,925 [pool-439-thread-1] INFO  server.RaftServerConfigKeys (ConfUtils.java:logGet(43)) - raft.server.log.statemachine.data.sync.timeout = 10s (default)
2019-08-30 10:28:52,925 [pool-439-thread-1] INFO  server.RaftServerConfigKeys (ConfUtils.java:logGet(43)) - raft.server.log.statemachine.data.sync.timeout.retry = -1 (default)
2019-08-30 10:28:52,926 [pool-439-thread-1] INFO  server.RaftServerConfigKeys (ConfUtils.java:logGet(43)) - raft.server.log.statemachine.data.caching.enabled = true (custom)
2019-08-30 10:28:52,926 [pool-439-thread-1] INFO  segmented.SegmentedRaftLogWorker (SegmentedRaftLogWorker.java:lambda$new$0(132)) - 96988ad7-ae0a-41fc-bcd9-7add42cf23a5-SegmentedRaftLogWorker:Storage Directory /workdir/hadoop-ozone/integration-test/target/test-dir/MiniOzoneClusterImpl-7d259c97-1909-4a64-a3a4-65a46b1cb81d/datanode-3/data/ratis/cb24cac4-11bf-4111-bc18-50cdd0020c25: flushIndex: setUnconditionally 0 -> -1
2019-08-30 10:28:52,926 [pool-439-thread-1] INFO  server.RaftServerConfigKeys (ConfUtils.java:logGet(43)) - raft.server.snapshot.auto.trigger.enabled = true (custom)
2019-08-30 10:28:52,927 [pool-439-thread-1] INFO  server.RaftServerConfigKeys (ConfUtils.java:logGet(43)) - raft.server.snapshot.auto.trigger.threshold = 10000 (custom)
2019-08-30 10:28:52,927 [pool-439-thread-1] INFO  server.RaftServerConfigKeys (ConfUtils.java:logGet(43)) - raft.server.retrycache.expirytime = 600000ms (custom)
2019-08-30 10:28:52,927 [pool-439-thread-1] INFO  impl.RaftServerImpl (RaftServerImpl.java:start(180)) - 96988ad7-ae0a-41fc-bcd9-7add42cf23a5: start group-50CDD0020C25
2019-08-30 10:28:52,927 [pool-439-thread-1] INFO  impl.RaftServerImpl (RaftServerImpl.java:setRole(171)) - 96988ad7-ae0a-41fc-bcd9-7add42cf23a5:group-50CDD0020C25 changes role from null to FOLLOWER at term 0 for startAsFollower
2019-08-30 10:28:52,927 [pool-439-thread-1] INFO  impl.RoleInfo (RoleInfo.java:updateAndGet(143)) - 96988ad7-ae0a-41fc-bcd9-7add42cf23a5: start FollowerState
2019-08-30 10:28:52,936 [pool-439-thread-1] INFO  util.JmxRegister (JmxRegister.java:tryRegister(44)) - Successfully registered JMX Bean with object name Ratis:service=RaftServer,group=group-50CDD0020C25,id=96988ad7-ae0a-41fc-bcd9-7add42cf23a5
2019-08-30 10:28:52,944 [RatisPipelineUtilsThread] INFO  pipeline.PipelineStateManager (PipelineStateManager.java:addPipeline(56)) - Created pipeline Pipeline[ Id: cb24cac4-11bf-4111-bc18-50cdd0020c25, Nodes: 96988ad7-ae0a-41fc-bcd9-7add42cf23a5{ip: 192.168.5.138, host: pr-hdds-2061-2h694-1687604233, networkLocation: /default-rack, certSerialId: null}, Type:RATIS, Factor:ONE, State:OPEN]
2019-08-30 10:28:52,952 [grpc-default-executor-7] INFO  impl.RaftServerProxy (RaftServerProxy.java:addNew(89)) - b2a9b6fb-eaa2-405b-9351-dabddfe94996: addNew group-597F024062BE:[b2a9b6fb-eaa2-405b-9351-dabddfe94996:192.168.5.138:36493] returns group-597F024062BE:java.util.concurrent.CompletableFuture@380aea48[Not completed]
2019-08-30 10:28:52,953 [pool-449-thread-1] INFO  impl.RaftServerImpl (RaftServerImpl.java:<init>(93)) - b2a9b6fb-eaa2-405b-9351-dabddfe94996: new RaftServerImpl for group-597F024062BE:[b2a9b6fb-eaa2-405b-9351-dabddfe94996:192.168.5.138:36493] with ContainerStateMachine:uninitialized
2019-08-30 10:28:52,953 [pool-449-thread-1] INFO  server.RaftServerConfigKeys (ConfUtils.java:logGet(43)) - raft.server.rpc.timeout.min = 5s (custom)
2019-08-30 10:28:52,954 [pool-449-thread-1] INFO  server.RaftServerConfigKeys (ConfUtils.java:logGet(43)) - raft.server.rpc.timeout.max = 5200ms (custom)
2019-08-30 10:28:52,954 [pool-449-thread-1] INFO  server.RaftServerConfigKeys (ConfUtils.java:logGet(43)) - raft.server.rpcslowness.timeout = 120s (custom)
2019-08-30 10:28:52,954 [pool-449-thread-1] INFO  server.RaftServerConfigKeys (ConfUtils.java:logGet(43)) - raft.server.sleep.deviation.threshold = 300 (default)
2019-08-30 10:28:52,954 [pool-449-thread-1] INFO  server.RaftServerConfigKeys (ConfUtils.java:logGet(43)) - raft.server.log.appender.install.snapshot.enabled = false (custom)
2019-08-30 10:28:52,954 [pool-449-thread-1] INFO  impl.RaftServerImpl (ServerState.java:<init>(105)) - b2a9b6fb-eaa2-405b-9351-dabddfe94996:group-597F024062BE ConfigurationManager, init=-1: [b2a9b6fb-eaa2-405b-9351-dabddfe94996:192.168.5.138:36493], old=null, confs=<EMPTY_MAP>
2019-08-30 10:28:52,954 [pool-449-thread-1] INFO  server.RaftServerConfigKeys (ConfUtils.java:logGet(43)) - raft.server.storage.dir = [/workdir/hadoop-ozone/integration-test/target/test-dir/MiniOzoneClusterImpl-7d259c97-1909-4a64-a3a4-65a46b1cb81d/datanode-4/data/ratis] (custom)
2019-08-30 10:28:52,954 [pool-449-thread-1] INFO  storage.RaftStorageDirectory (RaftStorageDirectory.java:analyzeStorage(246)) - The storage directory /workdir/hadoop-ozone/integration-test/target/test-dir/MiniOzoneClusterImpl-7d259c97-1909-4a64-a3a4-65a46b1cb81d/datanode-4/data/ratis/d1d416f1-c76e-4d8b-bc91-597f024062be does not exist. Creating ...
2019-08-30 10:28:52,964 [IPC Server handler 1 on 36983] INFO  net.NetworkTopology (NetworkTopologyImpl.java:add(110)) - Added a new node: /default-rack/e33cffab-a258-46fb-ba8c-565f72f79075
2019-08-30 10:28:52,964 [IPC Server handler 1 on 36983] INFO  node.SCMNodeManager (SCMNodeManager.java:register(266)) - Registered Data node : e33cffab-a258-46fb-ba8c-565f72f79075{ip: 192.168.5.138, host: pr-hdds-2061-2h694-1687604233, networkLocation: /default-rack, certSerialId: null}
2019-08-30 10:28:52,964 | INFO  | SCMAudit | user=jenkins1000 | ip=192.168.5.138 | op=REGISTER {datanodeDetails=e33cffab-a258-46fb-ba8c-565f72f79075{ip: 192.168.5.138, host: pr-hdds-2061-2h694-1687604233, networkLocation: /default-rack, certSerialId: null}} | ret=SUCCESS |  
2019-08-30 10:28:52,967 [pool-449-thread-1] INFO  storage.RaftStorageDirectory (RaftStorageDirectory.java:tryLock(328)) - Lock on /workdir/hadoop-ozone/integration-test/target/test-dir/MiniOzoneClusterImpl-7d259c97-1909-4a64-a3a4-65a46b1cb81d/datanode-4/data/ratis/d1d416f1-c76e-4d8b-bc91-597f024062be/in_use.lock acquired by nodename 28954@pr-hdds-2061-2h694-1687604233
2019-08-30 10:28:52,979 [pool-449-thread-1] INFO  storage.RaftStorage (RaftStorage.java:format(72)) - Storage directory /workdir/hadoop-ozone/integration-test/target/test-dir/MiniOzoneClusterImpl-7d259c97-1909-4a64-a3a4-65a46b1cb81d/datanode-4/data/ratis/d1d416f1-c76e-4d8b-bc91-597f024062be has been successfully formatted.
2019-08-30 10:28:52,979 [pool-449-thread-1] INFO  ratis.ContainerStateMachine (ContainerStateMachine.java:loadSnapshot(227)) - group-597F024062BE: The snapshot info is null. Setting the last applied indexto:(t:0, i:~)
2019-08-30 10:28:52,979 [pool-449-thread-1] INFO  server.RaftServerConfigKeys (ConfUtils.java:logGet(43)) - raft.server.leader.election.timeout = 120s (custom)
2019-08-30 10:28:52,980 [pool-449-thread-1] INFO  server.RaftServerConfigKeys (ConfUtils.java:logGet(43)) - raft.server.log.use.memory = false (default)
2019-08-30 10:28:52,980 [pool-449-thread-1] INFO  server.RaftServerConfigKeys (ConfUtils.java:logGet(43)) - raft.server.log.purge.gap = 1000000 (custom)
2019-08-30 10:28:52,980 [pool-449-thread-1] INFO  server.RaftServerConfigKeys (ConfUtils.java:logGet(43)) - raft.server.log.appender.buffer.byte-limit = 33554432 (custom)
2019-08-30 10:28:52,980 [pool-449-thread-1] INFO  server.RaftServerConfigKeys (ConfUtils.java:logGet(43)) - raft.server.log.segment.size.max = 1048576 (custom)
2019-08-30 10:28:52,980 [pool-449-thread-1] INFO  server.RaftServerConfigKeys (ConfUtils.java:logGet(43)) - raft.server.log.segment.cache.num.max = 2 (custom)
2019-08-30 10:28:52,980 [pool-449-thread-1] INFO  segmented.SegmentedRaftLogWorker (SegmentedRaftLogWorker.java:<init>(172)) - new b2a9b6fb-eaa2-405b-9351-dabddfe94996-SegmentedRaftLogWorker:Storage Directory /workdir/hadoop-ozone/integration-test/target/test-dir/MiniOzoneClusterImpl-7d259c97-1909-4a64-a3a4-65a46b1cb81d/datanode-4/data/ratis/d1d416f1-c76e-4d8b-bc91-597f024062be for RaftStorage:Storage Directory /workdir/hadoop-ozone/integration-test/target/test-dir/MiniOzoneClusterImpl-7d259c97-1909-4a64-a3a4-65a46b1cb81d/datanode-4/data/ratis/d1d416f1-c76e-4d8b-bc91-597f024062be
2019-08-30 10:28:52,980 [pool-449-thread-1] INFO  server.RaftServerConfigKeys (ConfUtils.java:logGet(43)) - raft.server.log.queue.byte-limit = 2147483647 (custom)
2019-08-30 10:28:52,980 [pool-449-thread-1] INFO  server.RaftServerConfigKeys (ConfUtils.java:logGet(43)) - raft.server.log.queue.element-limit = 1024 (custom)
2019-08-30 10:28:52,980 [pool-449-thread-1] INFO  server.RaftServerConfigKeys (ConfUtils.java:logGet(43)) - raft.server.log.segment.size.max = 1048576 (custom)
2019-08-30 10:28:52,981 [pool-449-thread-1] INFO  server.RaftServerConfigKeys (ConfUtils.java:logGet(43)) - raft.server.log.preallocated.size = 16384 (custom)
2019-08-30 10:28:52,981 [pool-449-thread-1] INFO  server.RaftServerConfigKeys (ConfUtils.java:logGet(43)) - raft.server.log.write.buffer.size = 33554432 (custom)
2019-08-30 10:28:52,981 [pool-449-thread-1] INFO  server.RaftServerConfigKeys (ConfUtils.java:logGet(43)) - raft.server.log.force.sync.num = 128 (default)
2019-08-30 10:28:52,981 [pool-449-thread-1] INFO  server.RaftServerConfigKeys (ConfUtils.java:logGet(43)) - raft.server.log.statemachine.data.sync = true (default)
2019-08-30 10:28:52,981 [pool-449-thread-1] INFO  server.RaftServerConfigKeys (ConfUtils.java:logGet(43)) - raft.server.log.statemachine.data.sync.timeout = 10s (default)
2019-08-30 10:28:52,981 [pool-449-thread-1] INFO  server.RaftServerConfigKeys (ConfUtils.java:logGet(43)) - raft.server.log.statemachine.data.sync.timeout.retry = -1 (default)
2019-08-30 10:28:52,981 [pool-449-thread-1] INFO  server.RaftServerConfigKeys (ConfUtils.java:logGet(43)) - raft.server.log.statemachine.data.caching.enabled = true (custom)
2019-08-30 10:28:52,981 [pool-449-thread-1] INFO  segmented.SegmentedRaftLogWorker (SegmentedRaftLogWorker.java:lambda$new$0(132)) - b2a9b6fb-eaa2-405b-9351-dabddfe94996-SegmentedRaftLogWorker:Storage Directory /workdir/hadoop-ozone/integration-test/target/test-dir/MiniOzoneClusterImpl-7d259c97-1909-4a64-a3a4-65a46b1cb81d/datanode-4/data/ratis/d1d416f1-c76e-4d8b-bc91-597f024062be: flushIndex: setUnconditionally 0 -> -1
2019-08-30 10:28:52,982 [pool-449-thread-1] INFO  server.RaftServerConfigKeys (ConfUtils.java:logGet(43)) - raft.server.snapshot.auto.trigger.enabled = true (custom)
2019-08-30 10:28:52,982 [pool-449-thread-1] INFO  server.RaftServerConfigKeys (ConfUtils.java:logGet(43)) - raft.server.snapshot.auto.trigger.threshold = 10000 (custom)
2019-08-30 10:28:52,982 [pool-449-thread-1] INFO  server.RaftServerConfigKeys (ConfUtils.java:logGet(43)) - raft.server.retrycache.expirytime = 600000ms (custom)
2019-08-30 10:28:52,982 [pool-449-thread-1] INFO  impl.RaftServerImpl (RaftServerImpl.java:start(180)) - b2a9b6fb-eaa2-405b-9351-dabddfe94996: start group-597F024062BE
2019-08-30 10:28:52,982 [pool-449-thread-1] INFO  impl.RaftServerImpl (RaftServerImpl.java:setRole(171)) - b2a9b6fb-eaa2-405b-9351-dabddfe94996:group-597F024062BE changes role from null to FOLLOWER at term 0 for startAsFollower
2019-08-30 10:28:52,982 [pool-449-thread-1] INFO  impl.RoleInfo (RoleInfo.java:updateAndGet(143)) - b2a9b6fb-eaa2-405b-9351-dabddfe94996: start FollowerState
2019-08-30 10:28:52,982 [pool-449-thread-1] INFO  util.JmxRegister (JmxRegister.java:tryRegister(44)) - Successfully registered JMX Bean with object name Ratis:service=RaftServer,group=group-597F024062BE,id=b2a9b6fb-eaa2-405b-9351-dabddfe94996
2019-08-30 10:28:52,984 [RatisPipelineUtilsThread] INFO  pipeline.PipelineStateManager (PipelineStateManager.java:addPipeline(56)) - Created pipeline Pipeline[ Id: d1d416f1-c76e-4d8b-bc91-597f024062be, Nodes: b2a9b6fb-eaa2-405b-9351-dabddfe94996{ip: 192.168.5.138, host: pr-hdds-2061-2h694-1687604233, networkLocation: /default-rack, certSerialId: null}, Type:RATIS, Factor:ONE, State:OPEN]
2019-08-30 10:28:52,992 [grpc-default-executor-7] INFO  impl.RaftServerProxy (RaftServerProxy.java:addNew(89)) - e33cffab-a258-46fb-ba8c-565f72f79075: addNew group-6CF420AE7CD7:[e33cffab-a258-46fb-ba8c-565f72f79075:192.168.5.138:39244] returns group-6CF420AE7CD7:java.util.concurrent.CompletableFuture@4790731[Not completed]
2019-08-30 10:28:52,992 [pool-459-thread-1] INFO  impl.RaftServerImpl (RaftServerImpl.java:<init>(93)) - e33cffab-a258-46fb-ba8c-565f72f79075: new RaftServerImpl for group-6CF420AE7CD7:[e33cffab-a258-46fb-ba8c-565f72f79075:192.168.5.138:39244] with ContainerStateMachine:uninitialized
2019-08-30 10:28:52,993 [pool-459-thread-1] INFO  server.RaftServerConfigKeys (ConfUtils.java:logGet(43)) - raft.server.rpc.timeout.min = 5s (custom)
2019-08-30 10:28:52,993 [pool-459-thread-1] INFO  server.RaftServerConfigKeys (ConfUtils.java:logGet(43)) - raft.server.rpc.timeout.max = 5200ms (custom)
2019-08-30 10:28:52,993 [pool-459-thread-1] INFO  server.RaftServerConfigKeys (ConfUtils.java:logGet(43)) - raft.server.rpcslowness.timeout = 120s (custom)
2019-08-30 10:28:52,993 [pool-459-thread-1] INFO  server.RaftServerConfigKeys (ConfUtils.java:logGet(43)) - raft.server.sleep.deviation.threshold = 300 (default)
2019-08-30 10:28:52,993 [pool-459-thread-1] INFO  server.RaftServerConfigKeys (ConfUtils.java:logGet(43)) - raft.server.log.appender.install.snapshot.enabled = false (custom)
2019-08-30 10:28:52,993 [pool-459-thread-1] INFO  impl.RaftServerImpl (ServerState.java:<init>(105)) - e33cffab-a258-46fb-ba8c-565f72f79075:group-6CF420AE7CD7 ConfigurationManager, init=-1: [e33cffab-a258-46fb-ba8c-565f72f79075:192.168.5.138:39244], old=null, confs=<EMPTY_MAP>
2019-08-30 10:28:52,993 [pool-459-thread-1] INFO  server.RaftServerConfigKeys (ConfUtils.java:logGet(43)) - raft.server.storage.dir = [/workdir/hadoop-ozone/integration-test/target/test-dir/MiniOzoneClusterImpl-7d259c97-1909-4a64-a3a4-65a46b1cb81d/datanode-5/data/ratis] (custom)
2019-08-30 10:28:52,994 [pool-459-thread-1] INFO  storage.RaftStorageDirectory (RaftStorageDirectory.java:analyzeStorage(246)) - The storage directory /workdir/hadoop-ozone/integration-test/target/test-dir/MiniOzoneClusterImpl-7d259c97-1909-4a64-a3a4-65a46b1cb81d/datanode-5/data/ratis/9196570f-c847-4e96-a25c-6cf420ae7cd7 does not exist. Creating ...
2019-08-30 10:28:53,006 [pool-459-thread-1] INFO  storage.RaftStorageDirectory (RaftStorageDirectory.java:tryLock(328)) - Lock on /workdir/hadoop-ozone/integration-test/target/test-dir/MiniOzoneClusterImpl-7d259c97-1909-4a64-a3a4-65a46b1cb81d/datanode-5/data/ratis/9196570f-c847-4e96-a25c-6cf420ae7cd7/in_use.lock acquired by nodename 28954@pr-hdds-2061-2h694-1687604233
2019-08-30 10:28:53,019 [pool-459-thread-1] INFO  storage.RaftStorage (RaftStorage.java:format(72)) - Storage directory /workdir/hadoop-ozone/integration-test/target/test-dir/MiniOzoneClusterImpl-7d259c97-1909-4a64-a3a4-65a46b1cb81d/datanode-5/data/ratis/9196570f-c847-4e96-a25c-6cf420ae7cd7 has been successfully formatted.
2019-08-30 10:28:53,019 [pool-459-thread-1] INFO  ratis.ContainerStateMachine (ContainerStateMachine.java:loadSnapshot(227)) - group-6CF420AE7CD7: The snapshot info is null. Setting the last applied indexto:(t:0, i:~)
2019-08-30 10:28:53,019 [pool-459-thread-1] INFO  server.RaftServerConfigKeys (ConfUtils.java:logGet(43)) - raft.server.leader.election.timeout = 120s (custom)
2019-08-30 10:28:53,019 [pool-459-thread-1] INFO  server.RaftServerConfigKeys (ConfUtils.java:logGet(43)) - raft.server.log.use.memory = false (default)
2019-08-30 10:28:53,019 [pool-459-thread-1] INFO  server.RaftServerConfigKeys (ConfUtils.java:logGet(43)) - raft.server.log.purge.gap = 1000000 (custom)
2019-08-30 10:28:53,019 [pool-459-thread-1] INFO  server.RaftServerConfigKeys (ConfUtils.java:logGet(43)) - raft.server.log.appender.buffer.byte-limit = 33554432 (custom)
2019-08-30 10:28:53,019 [pool-459-thread-1] INFO  server.RaftServerConfigKeys (ConfUtils.java:logGet(43)) - raft.server.log.segment.size.max = 1048576 (custom)
2019-08-30 10:28:53,019 [pool-459-thread-1] INFO  server.RaftServerConfigKeys (ConfUtils.java:logGet(43)) - raft.server.log.segment.cache.num.max = 2 (custom)
2019-08-30 10:28:53,020 [pool-459-thread-1] INFO  segmented.SegmentedRaftLogWorker (SegmentedRaftLogWorker.java:<init>(172)) - new e33cffab-a258-46fb-ba8c-565f72f79075-SegmentedRaftLogWorker:Storage Directory /workdir/hadoop-ozone/integration-test/target/test-dir/MiniOzoneClusterImpl-7d259c97-1909-4a64-a3a4-65a46b1cb81d/datanode-5/data/ratis/9196570f-c847-4e96-a25c-6cf420ae7cd7 for RaftStorage:Storage Directory /workdir/hadoop-ozone/integration-test/target/test-dir/MiniOzoneClusterImpl-7d259c97-1909-4a64-a3a4-65a46b1cb81d/datanode-5/data/ratis/9196570f-c847-4e96-a25c-6cf420ae7cd7
2019-08-30 10:28:53,020 [pool-459-thread-1] INFO  server.RaftServerConfigKeys (ConfUtils.java:logGet(43)) - raft.server.log.queue.byte-limit = 2147483647 (custom)
2019-08-30 10:28:53,020 [pool-459-thread-1] INFO  server.RaftServerConfigKeys (ConfUtils.java:logGet(43)) - raft.server.log.queue.element-limit = 1024 (custom)
2019-08-30 10:28:53,020 [pool-459-thread-1] INFO  server.RaftServerConfigKeys (ConfUtils.java:logGet(43)) - raft.server.log.segment.size.max = 1048576 (custom)
2019-08-30 10:28:53,020 [pool-459-thread-1] INFO  server.RaftServerConfigKeys (ConfUtils.java:logGet(43)) - raft.server.log.preallocated.size = 16384 (custom)
2019-08-30 10:28:53,020 [pool-459-thread-1] INFO  server.RaftServerConfigKeys (ConfUtils.java:logGet(43)) - raft.server.log.write.buffer.size = 33554432 (custom)
2019-08-30 10:28:53,020 [pool-459-thread-1] INFO  server.RaftServerConfigKeys (ConfUtils.java:logGet(43)) - raft.server.log.force.sync.num = 128 (default)
2019-08-30 10:28:53,020 [pool-459-thread-1] INFO  server.RaftServerConfigKeys (ConfUtils.java:logGet(43)) - raft.server.log.statemachine.data.sync = true (default)
2019-08-30 10:28:53,020 [pool-459-thread-1] INFO  server.RaftServerConfigKeys (ConfUtils.java:logGet(43)) - raft.server.log.statemachine.data.sync.timeout = 10s (default)
2019-08-30 10:28:53,020 [pool-459-thread-1] INFO  server.RaftServerConfigKeys (ConfUtils.java:logGet(43)) - raft.server.log.statemachine.data.sync.timeout.retry = -1 (default)
2019-08-30 10:28:53,021 [pool-459-thread-1] INFO  server.RaftServerConfigKeys (ConfUtils.java:logGet(43)) - raft.server.log.statemachine.data.caching.enabled = true (custom)
2019-08-30 10:28:53,021 [pool-459-thread-1] INFO  segmented.SegmentedRaftLogWorker (SegmentedRaftLogWorker.java:lambda$new$0(132)) - e33cffab-a258-46fb-ba8c-565f72f79075-SegmentedRaftLogWorker:Storage Directory /workdir/hadoop-ozone/integration-test/target/test-dir/MiniOzoneClusterImpl-7d259c97-1909-4a64-a3a4-65a46b1cb81d/datanode-5/data/ratis/9196570f-c847-4e96-a25c-6cf420ae7cd7: flushIndex: setUnconditionally 0 -> -1
2019-08-30 10:28:53,021 [pool-459-thread-1] INFO  server.RaftServerConfigKeys (ConfUtils.java:logGet(43)) - raft.server.snapshot.auto.trigger.enabled = true (custom)
2019-08-30 10:28:53,021 [pool-459-thread-1] INFO  server.RaftServerConfigKeys (ConfUtils.java:logGet(43)) - raft.server.snapshot.auto.trigger.threshold = 10000 (custom)
2019-08-30 10:28:53,021 [pool-459-thread-1] INFO  server.RaftServerConfigKeys (ConfUtils.java:logGet(43)) - raft.server.retrycache.expirytime = 600000ms (custom)
2019-08-30 10:28:53,022 [pool-459-thread-1] INFO  impl.RaftServerImpl (RaftServerImpl.java:start(180)) - e33cffab-a258-46fb-ba8c-565f72f79075: start group-6CF420AE7CD7
2019-08-30 10:28:53,022 [pool-459-thread-1] INFO  impl.RaftServerImpl (RaftServerImpl.java:setRole(171)) - e33cffab-a258-46fb-ba8c-565f72f79075:group-6CF420AE7CD7 changes role from null to FOLLOWER at term 0 for startAsFollower
2019-08-30 10:28:53,022 [pool-459-thread-1] INFO  impl.RoleInfo (RoleInfo.java:updateAndGet(143)) - e33cffab-a258-46fb-ba8c-565f72f79075: start FollowerState
2019-08-30 10:28:53,022 [pool-459-thread-1] INFO  util.JmxRegister (JmxRegister.java:tryRegister(44)) - Successfully registered JMX Bean with object name Ratis:service=RaftServer,group=group-6CF420AE7CD7,id=e33cffab-a258-46fb-ba8c-565f72f79075
2019-08-30 10:28:53,024 [RatisPipelineUtilsThread] INFO  pipeline.PipelineStateManager (PipelineStateManager.java:addPipeline(56)) - Created pipeline Pipeline[ Id: 9196570f-c847-4e96-a25c-6cf420ae7cd7, Nodes: e33cffab-a258-46fb-ba8c-565f72f79075{ip: 192.168.5.138, host: pr-hdds-2061-2h694-1687604233, networkLocation: /default-rack, certSerialId: null}, Type:RATIS, Factor:ONE, State:OPEN]
2019-08-30 10:28:53,035 [grpc-default-executor-7] INFO  impl.RaftServerProxy (RaftServerProxy.java:addNew(89)) - e33cffab-a258-46fb-ba8c-565f72f79075: addNew group-0D0B87365B5C:[b2a9b6fb-eaa2-405b-9351-dabddfe94996:192.168.5.138:36493, e33cffab-a258-46fb-ba8c-565f72f79075:192.168.5.138:39244, 96988ad7-ae0a-41fc-bcd9-7add42cf23a5:192.168.5.138:33573] returns group-0D0B87365B5C:java.util.concurrent.CompletableFuture@f038173[Not completed]
2019-08-30 10:28:53,035 [grpc-default-executor-9] INFO  impl.RaftServerProxy (RaftServerProxy.java:addNew(89)) - 96988ad7-ae0a-41fc-bcd9-7add42cf23a5: addNew group-0D0B87365B5C:[b2a9b6fb-eaa2-405b-9351-dabddfe94996:192.168.5.138:36493, e33cffab-a258-46fb-ba8c-565f72f79075:192.168.5.138:39244, 96988ad7-ae0a-41fc-bcd9-7add42cf23a5:192.168.5.138:33573] returns group-0D0B87365B5C:java.util.concurrent.CompletableFuture@731986b[Not completed]
2019-08-30 10:28:53,035 [grpc-default-executor-6] INFO  impl.RaftServerProxy (RaftServerProxy.java:addNew(89)) - b2a9b6fb-eaa2-405b-9351-dabddfe94996: addNew group-0D0B87365B5C:[b2a9b6fb-eaa2-405b-9351-dabddfe94996:192.168.5.138:36493, e33cffab-a258-46fb-ba8c-565f72f79075:192.168.5.138:39244, 96988ad7-ae0a-41fc-bcd9-7add42cf23a5:192.168.5.138:33573] returns group-0D0B87365B5C:java.util.concurrent.CompletableFuture@403a6d79[Not completed]
2019-08-30 10:28:53,036 [pool-459-thread-1] INFO  impl.RaftServerImpl (RaftServerImpl.java:<init>(93)) - e33cffab-a258-46fb-ba8c-565f72f79075: new RaftServerImpl for group-0D0B87365B5C:[b2a9b6fb-eaa2-405b-9351-dabddfe94996:192.168.5.138:36493, e33cffab-a258-46fb-ba8c-565f72f79075:192.168.5.138:39244, 96988ad7-ae0a-41fc-bcd9-7add42cf23a5:192.168.5.138:33573] with ContainerStateMachine:uninitialized
2019-08-30 10:28:53,036 [pool-459-thread-1] INFO  server.RaftServerConfigKeys (ConfUtils.java:logGet(43)) - raft.server.rpc.timeout.min = 5s (custom)
2019-08-30 10:28:53,036 [pool-459-thread-1] INFO  server.RaftServerConfigKeys (ConfUtils.java:logGet(43)) - raft.server.rpc.timeout.max = 5200ms (custom)
2019-08-30 10:28:53,036 [pool-459-thread-1] INFO  server.RaftServerConfigKeys (ConfUtils.java:logGet(43)) - raft.server.rpcslowness.timeout = 120s (custom)
2019-08-30 10:28:53,036 [pool-459-thread-1] INFO  server.RaftServerConfigKeys (ConfUtils.java:logGet(43)) - raft.server.sleep.deviation.threshold = 300 (default)
2019-08-30 10:28:53,036 [pool-459-thread-1] INFO  server.RaftServerConfigKeys (ConfUtils.java:logGet(43)) - raft.server.log.appender.install.snapshot.enabled = false (custom)
2019-08-30 10:28:53,037 [pool-449-thread-1] INFO  impl.RaftServerImpl (RaftServerImpl.java:<init>(93)) - b2a9b6fb-eaa2-405b-9351-dabddfe94996: new RaftServerImpl for group-0D0B87365B5C:[b2a9b6fb-eaa2-405b-9351-dabddfe94996:192.168.5.138:36493, e33cffab-a258-46fb-ba8c-565f72f79075:192.168.5.138:39244, 96988ad7-ae0a-41fc-bcd9-7add42cf23a5:192.168.5.138:33573] with ContainerStateMachine:uninitialized
2019-08-30 10:28:53,037 [pool-459-thread-1] INFO  impl.RaftServerImpl (ServerState.java:<init>(105)) - e33cffab-a258-46fb-ba8c-565f72f79075:group-0D0B87365B5C ConfigurationManager, init=-1: [b2a9b6fb-eaa2-405b-9351-dabddfe94996:192.168.5.138:36493, e33cffab-a258-46fb-ba8c-565f72f79075:192.168.5.138:39244, 96988ad7-ae0a-41fc-bcd9-7add42cf23a5:192.168.5.138:33573], old=null, confs=<EMPTY_MAP>
2019-08-30 10:28:53,037 [pool-449-thread-1] INFO  server.RaftServerConfigKeys (ConfUtils.java:logGet(43)) - raft.server.rpc.timeout.min = 5s (custom)
2019-08-30 10:28:53,037 [pool-459-thread-1] INFO  server.RaftServerConfigKeys (ConfUtils.java:logGet(43)) - raft.server.storage.dir = [/workdir/hadoop-ozone/integration-test/target/test-dir/MiniOzoneClusterImpl-7d259c97-1909-4a64-a3a4-65a46b1cb81d/datanode-5/data/ratis] (custom)
2019-08-30 10:28:53,037 [pool-449-thread-1] INFO  server.RaftServerConfigKeys (ConfUtils.java:logGet(43)) - raft.server.rpc.timeout.max = 5200ms (custom)
2019-08-30 10:28:53,037 [pool-449-thread-1] INFO  server.RaftServerConfigKeys (ConfUtils.java:logGet(43)) - raft.server.rpcslowness.timeout = 120s (custom)
2019-08-30 10:28:53,037 [pool-459-thread-1] INFO  storage.RaftStorageDirectory (RaftStorageDirectory.java:analyzeStorage(246)) - The storage directory /workdir/hadoop-ozone/integration-test/target/test-dir/MiniOzoneClusterImpl-7d259c97-1909-4a64-a3a4-65a46b1cb81d/datanode-5/data/ratis/607f3c97-5107-4402-9924-0d0b87365b5c does not exist. Creating ...
2019-08-30 10:28:53,037 [pool-449-thread-1] INFO  server.RaftServerConfigKeys (ConfUtils.java:logGet(43)) - raft.server.sleep.deviation.threshold = 300 (default)
2019-08-30 10:28:53,037 [pool-439-thread-1] INFO  impl.RaftServerImpl (RaftServerImpl.java:<init>(93)) - 96988ad7-ae0a-41fc-bcd9-7add42cf23a5: new RaftServerImpl for group-0D0B87365B5C:[b2a9b6fb-eaa2-405b-9351-dabddfe94996:192.168.5.138:36493, e33cffab-a258-46fb-ba8c-565f72f79075:192.168.5.138:39244, 96988ad7-ae0a-41fc-bcd9-7add42cf23a5:192.168.5.138:33573] with ContainerStateMachine:uninitialized
2019-08-30 10:28:53,037 [pool-449-thread-1] INFO  server.RaftServerConfigKeys (ConfUtils.java:logGet(43)) - raft.server.log.appender.install.snapshot.enabled = false (custom)
2019-08-30 10:28:53,038 [pool-439-thread-1] INFO  server.RaftServerConfigKeys (ConfUtils.java:logGet(43)) - raft.server.rpc.timeout.min = 5s (custom)
2019-08-30 10:28:53,038 [pool-449-thread-1] INFO  impl.RaftServerImpl (ServerState.java:<init>(105)) - b2a9b6fb-eaa2-405b-9351-dabddfe94996:group-0D0B87365B5C ConfigurationManager, init=-1: [b2a9b6fb-eaa2-405b-9351-dabddfe94996:192.168.5.138:36493, e33cffab-a258-46fb-ba8c-565f72f79075:192.168.5.138:39244, 96988ad7-ae0a-41fc-bcd9-7add42cf23a5:192.168.5.138:33573], old=null, confs=<EMPTY_MAP>
2019-08-30 10:28:53,038 [pool-439-thread-1] INFO  server.RaftServerConfigKeys (ConfUtils.java:logGet(43)) - raft.server.rpc.timeout.max = 5200ms (custom)
2019-08-30 10:28:53,038 [pool-449-thread-1] INFO  server.RaftServerConfigKeys (ConfUtils.java:logGet(43)) - raft.server.storage.dir = [/workdir/hadoop-ozone/integration-test/target/test-dir/MiniOzoneClusterImpl-7d259c97-1909-4a64-a3a4-65a46b1cb81d/datanode-4/data/ratis] (custom)
2019-08-30 10:28:53,038 [main] INFO  ozone.MiniOzoneClusterImpl (MiniOzoneClusterImpl.java:lambda$waitForClusterToBeReady$0(140)) - Waiting for cluster to be ready. Got 6 of 7 DN Heartbeats.
2019-08-30 10:28:53,038 [IPC Server handler 3 on 36983] INFO  net.NetworkTopology (NetworkTopologyImpl.java:add(110)) - Added a new node: /default-rack/22b8f49d-fa4d-49b6-8388-fe1377411d49
2019-08-30 10:28:53,039 [IPC Server handler 3 on 36983] INFO  node.SCMNodeManager (SCMNodeManager.java:register(266)) - Registered Data node : 22b8f49d-fa4d-49b6-8388-fe1377411d49{ip: 192.168.5.138, host: pr-hdds-2061-2h694-1687604233, networkLocation: /default-rack, certSerialId: null}
2019-08-30 10:28:53,038 [pool-439-thread-1] INFO  server.RaftServerConfigKeys (ConfUtils.java:logGet(43)) - raft.server.rpcslowness.timeout = 120s (custom)
2019-08-30 10:28:53,039 | INFO  | SCMAudit | user=jenkins1000 | ip=192.168.5.138 | op=REGISTER {datanodeDetails=22b8f49d-fa4d-49b6-8388-fe1377411d49{ip: 192.168.5.138, host: pr-hdds-2061-2h694-1687604233, networkLocation: /default-rack, certSerialId: null}} | ret=SUCCESS |  
2019-08-30 10:28:53,038 [pool-449-thread-1] INFO  storage.RaftStorageDirectory (RaftStorageDirectory.java:analyzeStorage(246)) - The storage directory /workdir/hadoop-ozone/integration-test/target/test-dir/MiniOzoneClusterImpl-7d259c97-1909-4a64-a3a4-65a46b1cb81d/datanode-4/data/ratis/607f3c97-5107-4402-9924-0d0b87365b5c does not exist. Creating ...
2019-08-30 10:28:53,039 [pool-439-thread-1] INFO  server.RaftServerConfigKeys (ConfUtils.java:logGet(43)) - raft.server.sleep.deviation.threshold = 300 (default)
2019-08-30 10:28:53,039 [pool-439-thread-1] INFO  server.RaftServerConfigKeys (ConfUtils.java:logGet(43)) - raft.server.log.appender.install.snapshot.enabled = false (custom)
2019-08-30 10:28:53,039 [pool-439-thread-1] INFO  impl.RaftServerImpl (ServerState.java:<init>(105)) - 96988ad7-ae0a-41fc-bcd9-7add42cf23a5:group-0D0B87365B5C ConfigurationManager, init=-1: [b2a9b6fb-eaa2-405b-9351-dabddfe94996:192.168.5.138:36493, e33cffab-a258-46fb-ba8c-565f72f79075:192.168.5.138:39244, 96988ad7-ae0a-41fc-bcd9-7add42cf23a5:192.168.5.138:33573], old=null, confs=<EMPTY_MAP>
2019-08-30 10:28:53,039 [pool-439-thread-1] INFO  server.RaftServerConfigKeys (ConfUtils.java:logGet(43)) - raft.server.storage.dir = [/workdir/hadoop-ozone/integration-test/target/test-dir/MiniOzoneClusterImpl-7d259c97-1909-4a64-a3a4-65a46b1cb81d/datanode-3/data/ratis] (custom)
2019-08-30 10:28:53,040 [pool-439-thread-1] INFO  storage.RaftStorageDirectory (RaftStorageDirectory.java:analyzeStorage(246)) - The storage directory /workdir/hadoop-ozone/integration-test/target/test-dir/MiniOzoneClusterImpl-7d259c97-1909-4a64-a3a4-65a46b1cb81d/datanode-3/data/ratis/607f3c97-5107-4402-9924-0d0b87365b5c does not exist. Creating ...
2019-08-30 10:28:53,044 [pool-459-thread-1] INFO  storage.RaftStorageDirectory (RaftStorageDirectory.java:tryLock(328)) - Lock on /workdir/hadoop-ozone/integration-test/target/test-dir/MiniOzoneClusterImpl-7d259c97-1909-4a64-a3a4-65a46b1cb81d/datanode-5/data/ratis/607f3c97-5107-4402-9924-0d0b87365b5c/in_use.lock acquired by nodename 28954@pr-hdds-2061-2h694-1687604233
2019-08-30 10:28:53,044 [pool-439-thread-1] INFO  storage.RaftStorageDirectory (RaftStorageDirectory.java:tryLock(328)) - Lock on /workdir/hadoop-ozone/integration-test/target/test-dir/MiniOzoneClusterImpl-7d259c97-1909-4a64-a3a4-65a46b1cb81d/datanode-3/data/ratis/607f3c97-5107-4402-9924-0d0b87365b5c/in_use.lock acquired by nodename 28954@pr-hdds-2061-2h694-1687604233
2019-08-30 10:28:53,044 [pool-449-thread-1] INFO  storage.RaftStorageDirectory (RaftStorageDirectory.java:tryLock(328)) - Lock on /workdir/hadoop-ozone/integration-test/target/test-dir/MiniOzoneClusterImpl-7d259c97-1909-4a64-a3a4-65a46b1cb81d/datanode-4/data/ratis/607f3c97-5107-4402-9924-0d0b87365b5c/in_use.lock acquired by nodename 28954@pr-hdds-2061-2h694-1687604233
2019-08-30 10:28:53,058 [pool-459-thread-1] INFO  storage.RaftStorage (RaftStorage.java:format(72)) - Storage directory /workdir/hadoop-ozone/integration-test/target/test-dir/MiniOzoneClusterImpl-7d259c97-1909-4a64-a3a4-65a46b1cb81d/datanode-5/data/ratis/607f3c97-5107-4402-9924-0d0b87365b5c has been successfully formatted.
2019-08-30 10:28:53,058 [pool-439-thread-1] INFO  storage.RaftStorage (RaftStorage.java:format(72)) - Storage directory /workdir/hadoop-ozone/integration-test/target/test-dir/MiniOzoneClusterImpl-7d259c97-1909-4a64-a3a4-65a46b1cb81d/datanode-3/data/ratis/607f3c97-5107-4402-9924-0d0b87365b5c has been successfully formatted.
2019-08-30 10:28:53,058 [pool-449-thread-1] INFO  storage.RaftStorage (RaftStorage.java:format(72)) - Storage directory /workdir/hadoop-ozone/integration-test/target/test-dir/MiniOzoneClusterImpl-7d259c97-1909-4a64-a3a4-65a46b1cb81d/datanode-4/data/ratis/607f3c97-5107-4402-9924-0d0b87365b5c has been successfully formatted.
2019-08-30 10:28:53,058 [pool-459-thread-1] INFO  ratis.ContainerStateMachine (ContainerStateMachine.java:loadSnapshot(227)) - group-0D0B87365B5C: The snapshot info is null. Setting the last applied indexto:(t:0, i:~)
2019-08-30 10:28:53,058 [pool-439-thread-1] INFO  ratis.ContainerStateMachine (ContainerStateMachine.java:loadSnapshot(227)) - group-0D0B87365B5C: The snapshot info is null. Setting the last applied indexto:(t:0, i:~)
2019-08-30 10:28:53,058 [pool-459-thread-1] INFO  server.RaftServerConfigKeys (ConfUtils.java:logGet(43)) - raft.server.leader.election.timeout = 120s (custom)
2019-08-30 10:28:53,058 [pool-439-thread-1] INFO  server.RaftServerConfigKeys (ConfUtils.java:logGet(43)) - raft.server.leader.election.timeout = 120s (custom)
2019-08-30 10:28:53,058 [pool-459-thread-1] INFO  server.RaftServerConfigKeys (ConfUtils.java:logGet(43)) - raft.server.log.use.memory = false (default)
2019-08-30 10:28:53,059 [pool-449-thread-1] INFO  ratis.ContainerStateMachine (ContainerStateMachine.java:loadSnapshot(227)) - group-0D0B87365B5C: The snapshot info is null. Setting the last applied indexto:(t:0, i:~)
2019-08-30 10:28:53,059 [pool-439-thread-1] INFO  server.RaftServerConfigKeys (ConfUtils.java:logGet(43)) - raft.server.log.use.memory = false (default)
2019-08-30 10:28:53,059 [pool-449-thread-1] INFO  server.RaftServerConfigKeys (ConfUtils.java:logGet(43)) - raft.server.leader.election.timeout = 120s (custom)
2019-08-30 10:28:53,059 [pool-459-thread-1] INFO  server.RaftServerConfigKeys (ConfUtils.java:logGet(43)) - raft.server.log.purge.gap = 1000000 (custom)
2019-08-30 10:28:53,059 [pool-449-thread-1] INFO  server.RaftServerConfigKeys (ConfUtils.java:logGet(43)) - raft.server.log.use.memory = false (default)
2019-08-30 10:28:53,059 [pool-439-thread-1] INFO  server.RaftServerConfigKeys (ConfUtils.java:logGet(43)) - raft.server.log.purge.gap = 1000000 (custom)
2019-08-30 10:28:53,059 [pool-449-thread-1] INFO  server.RaftServerConfigKeys (ConfUtils.java:logGet(43)) - raft.server.log.purge.gap = 1000000 (custom)
2019-08-30 10:28:53,059 [pool-459-thread-1] INFO  server.RaftServerConfigKeys (ConfUtils.java:logGet(43)) - raft.server.log.appender.buffer.byte-limit = 33554432 (custom)
2019-08-30 10:28:53,059 [pool-449-thread-1] INFO  server.RaftServerConfigKeys (ConfUtils.java:logGet(43)) - raft.server.log.appender.buffer.byte-limit = 33554432 (custom)
2019-08-30 10:28:53,059 [pool-439-thread-1] INFO  server.RaftServerConfigKeys (ConfUtils.java:logGet(43)) - raft.server.log.appender.buffer.byte-limit = 33554432 (custom)
2019-08-30 10:28:53,060 [pool-449-thread-1] INFO  server.RaftServerConfigKeys (ConfUtils.java:logGet(43)) - raft.server.log.segment.size.max = 1048576 (custom)
2019-08-30 10:28:53,060 [pool-459-thread-1] INFO  server.RaftServerConfigKeys (ConfUtils.java:logGet(43)) - raft.server.log.segment.size.max = 1048576 (custom)
2019-08-30 10:28:53,060 [pool-449-thread-1] INFO  server.RaftServerConfigKeys (ConfUtils.java:logGet(43)) - raft.server.log.segment.cache.num.max = 2 (custom)
2019-08-30 10:28:53,060 [pool-439-thread-1] INFO  server.RaftServerConfigKeys (ConfUtils.java:logGet(43)) - raft.server.log.segment.size.max = 1048576 (custom)
2019-08-30 10:28:53,060 [pool-449-thread-1] INFO  segmented.SegmentedRaftLogWorker (SegmentedRaftLogWorker.java:<init>(172)) - new b2a9b6fb-eaa2-405b-9351-dabddfe94996-SegmentedRaftLogWorker:Storage Directory /workdir/hadoop-ozone/integration-test/target/test-dir/MiniOzoneClusterImpl-7d259c97-1909-4a64-a3a4-65a46b1cb81d/datanode-4/data/ratis/607f3c97-5107-4402-9924-0d0b87365b5c for RaftStorage:Storage Directory /workdir/hadoop-ozone/integration-test/target/test-dir/MiniOzoneClusterImpl-7d259c97-1909-4a64-a3a4-65a46b1cb81d/datanode-4/data/ratis/607f3c97-5107-4402-9924-0d0b87365b5c
2019-08-30 10:28:53,060 [pool-459-thread-1] INFO  server.RaftServerConfigKeys (ConfUtils.java:logGet(43)) - raft.server.log.segment.cache.num.max = 2 (custom)
2019-08-30 10:28:53,060 [pool-449-thread-1] INFO  server.RaftServerConfigKeys (ConfUtils.java:logGet(43)) - raft.server.log.queue.byte-limit = 2147483647 (custom)
2019-08-30 10:28:53,060 [pool-439-thread-1] INFO  server.RaftServerConfigKeys (ConfUtils.java:logGet(43)) - raft.server.log.segment.cache.num.max = 2 (custom)
2019-08-30 10:28:53,061 [pool-449-thread-1] INFO  server.RaftServerConfigKeys (ConfUtils.java:logGet(43)) - raft.server.log.queue.element-limit = 1024 (custom)
2019-08-30 10:28:53,061 [pool-459-thread-1] INFO  segmented.SegmentedRaftLogWorker (SegmentedRaftLogWorker.java:<init>(172)) - new e33cffab-a258-46fb-ba8c-565f72f79075-SegmentedRaftLogWorker:Storage Directory /workdir/hadoop-ozone/integration-test/target/test-dir/MiniOzoneClusterImpl-7d259c97-1909-4a64-a3a4-65a46b1cb81d/datanode-5/data/ratis/607f3c97-5107-4402-9924-0d0b87365b5c for RaftStorage:Storage Directory /workdir/hadoop-ozone/integration-test/target/test-dir/MiniOzoneClusterImpl-7d259c97-1909-4a64-a3a4-65a46b1cb81d/datanode-5/data/ratis/607f3c97-5107-4402-9924-0d0b87365b5c
2019-08-30 10:28:53,061 [pool-449-thread-1] INFO  server.RaftServerConfigKeys (ConfUtils.java:logGet(43)) - raft.server.log.segment.size.max = 1048576 (custom)
2019-08-30 10:28:53,061 [pool-439-thread-1] INFO  segmented.SegmentedRaftLogWorker (SegmentedRaftLogWorker.java:<init>(172)) - new 96988ad7-ae0a-41fc-bcd9-7add42cf23a5-SegmentedRaftLogWorker:Storage Directory /workdir/hadoop-ozone/integration-test/target/test-dir/MiniOzoneClusterImpl-7d259c97-1909-4a64-a3a4-65a46b1cb81d/datanode-3/data/ratis/607f3c97-5107-4402-9924-0d0b87365b5c for RaftStorage:Storage Directory /workdir/hadoop-ozone/integration-test/target/test-dir/MiniOzoneClusterImpl-7d259c97-1909-4a64-a3a4-65a46b1cb81d/datanode-3/data/ratis/607f3c97-5107-4402-9924-0d0b87365b5c
2019-08-30 10:28:53,061 [pool-449-thread-1] INFO  server.RaftServerConfigKeys (ConfUtils.java:logGet(43)) - raft.server.log.preallocated.size = 16384 (custom)
2019-08-30 10:28:53,061 [pool-459-thread-1] INFO  server.RaftServerConfigKeys (ConfUtils.java:logGet(43)) - raft.server.log.queue.byte-limit = 2147483647 (custom)
2019-08-30 10:28:53,061 [pool-449-thread-1] INFO  server.RaftServerConfigKeys (ConfUtils.java:logGet(43)) - raft.server.log.write.buffer.size = 33554432 (custom)
2019-08-30 10:28:53,061 [pool-439-thread-1] INFO  server.RaftServerConfigKeys (ConfUtils.java:logGet(43)) - raft.server.log.queue.byte-limit = 2147483647 (custom)
2019-08-30 10:28:53,062 [pool-449-thread-1] INFO  server.RaftServerConfigKeys (ConfUtils.java:logGet(43)) - raft.server.log.force.sync.num = 128 (default)
2019-08-30 10:28:53,061 [pool-459-thread-1] INFO  server.RaftServerConfigKeys (ConfUtils.java:logGet(43)) - raft.server.log.queue.element-limit = 1024 (custom)
2019-08-30 10:28:53,062 [pool-449-thread-1] INFO  server.RaftServerConfigKeys (ConfUtils.java:logGet(43)) - raft.server.log.statemachine.data.sync = true (default)
2019-08-30 10:28:53,062 [pool-439-thread-1] INFO  server.RaftServerConfigKeys (ConfUtils.java:logGet(43)) - raft.server.log.queue.element-limit = 1024 (custom)
2019-08-30 10:28:53,062 [pool-449-thread-1] INFO  server.RaftServerConfigKeys (ConfUtils.java:logGet(43)) - raft.server.log.statemachine.data.sync.timeout = 10s (default)
2019-08-30 10:28:53,062 [pool-459-thread-1] INFO  server.RaftServerConfigKeys (ConfUtils.java:logGet(43)) - raft.server.log.segment.size.max = 1048576 (custom)
2019-08-30 10:28:53,062 [pool-449-thread-1] INFO  server.RaftServerConfigKeys (ConfUtils.java:logGet(43)) - raft.server.log.statemachine.data.sync.timeout.retry = -1 (default)
2019-08-30 10:28:53,062 [pool-439-thread-1] INFO  server.RaftServerConfigKeys (ConfUtils.java:logGet(43)) - raft.server.log.segment.size.max = 1048576 (custom)
2019-08-30 10:28:53,062 [pool-449-thread-1] INFO  server.RaftServerConfigKeys (ConfUtils.java:logGet(43)) - raft.server.log.statemachine.data.caching.enabled = true (custom)
2019-08-30 10:28:53,062 [pool-459-thread-1] INFO  server.RaftServerConfigKeys (ConfUtils.java:logGet(43)) - raft.server.log.preallocated.size = 16384 (custom)
2019-08-30 10:28:53,063 [pool-439-thread-1] INFO  server.RaftServerConfigKeys (ConfUtils.java:logGet(43)) - raft.server.log.preallocated.size = 16384 (custom)
2019-08-30 10:28:53,063 [pool-449-thread-1] INFO  segmented.SegmentedRaftLogWorker (SegmentedRaftLogWorker.java:lambda$new$0(132)) - b2a9b6fb-eaa2-405b-9351-dabddfe94996-SegmentedRaftLogWorker:Storage Directory /workdir/hadoop-ozone/integration-test/target/test-dir/MiniOzoneClusterImpl-7d259c97-1909-4a64-a3a4-65a46b1cb81d/datanode-4/data/ratis/607f3c97-5107-4402-9924-0d0b87365b5c: flushIndex: setUnconditionally 0 -> -1
2019-08-30 10:28:53,063 [pool-459-thread-1] INFO  server.RaftServerConfigKeys (ConfUtils.java:logGet(43)) - raft.server.log.write.buffer.size = 33554432 (custom)
2019-08-30 10:28:53,063 [pool-439-thread-1] INFO  server.RaftServerConfigKeys (ConfUtils.java:logGet(43)) - raft.server.log.write.buffer.size = 33554432 (custom)
2019-08-30 10:28:53,063 [pool-449-thread-1] INFO  server.RaftServerConfigKeys (ConfUtils.java:logGet(43)) - raft.server.snapshot.auto.trigger.enabled = true (custom)
2019-08-30 10:28:53,063 [pool-459-thread-1] INFO  server.RaftServerConfigKeys (ConfUtils.java:logGet(43)) - raft.server.log.force.sync.num = 128 (default)
2019-08-30 10:28:53,063 [pool-449-thread-1] INFO  server.RaftServerConfigKeys (ConfUtils.java:logGet(43)) - raft.server.snapshot.auto.trigger.threshold = 10000 (custom)
2019-08-30 10:28:53,063 [pool-439-thread-1] INFO  server.RaftServerConfigKeys (ConfUtils.java:logGet(43)) - raft.server.log.force.sync.num = 128 (default)
2019-08-30 10:28:53,064 [pool-449-thread-1] INFO  server.RaftServerConfigKeys (ConfUtils.java:logGet(43)) - raft.server.retrycache.expirytime = 600000ms (custom)
2019-08-30 10:28:53,063 [pool-459-thread-1] INFO  server.RaftServerConfigKeys (ConfUtils.java:logGet(43)) - raft.server.log.statemachine.data.sync = true (default)
2019-08-30 10:28:53,064 [pool-449-thread-1] INFO  impl.RaftServerImpl (RaftServerImpl.java:start(180)) - b2a9b6fb-eaa2-405b-9351-dabddfe94996: start group-0D0B87365B5C
2019-08-30 10:28:53,064 [pool-439-thread-1] INFO  server.RaftServerConfigKeys (ConfUtils.java:logGet(43)) - raft.server.log.statemachine.data.sync = true (default)
2019-08-30 10:28:53,064 [pool-449-thread-1] INFO  impl.RaftServerImpl (RaftServerImpl.java:setRole(171)) - b2a9b6fb-eaa2-405b-9351-dabddfe94996:group-0D0B87365B5C changes role from null to FOLLOWER at term 0 for startAsFollower
2019-08-30 10:28:53,064 [pool-459-thread-1] INFO  server.RaftServerConfigKeys (ConfUtils.java:logGet(43)) - raft.server.log.statemachine.data.sync.timeout = 10s (default)
2019-08-30 10:28:53,064 [pool-449-thread-1] INFO  impl.RoleInfo (RoleInfo.java:updateAndGet(143)) - b2a9b6fb-eaa2-405b-9351-dabddfe94996: start FollowerState
2019-08-30 10:28:53,064 [pool-439-thread-1] INFO  server.RaftServerConfigKeys (ConfUtils.java:logGet(43)) - raft.server.log.statemachine.data.sync.timeout = 10s (default)
2019-08-30 10:28:53,064 [pool-459-thread-1] INFO  server.RaftServerConfigKeys (ConfUtils.java:logGet(43)) - raft.server.log.statemachine.data.sync.timeout.retry = -1 (default)
2019-08-30 10:28:53,065 [pool-449-thread-1] INFO  util.JmxRegister (JmxRegister.java:tryRegister(44)) - Successfully registered JMX Bean with object name Ratis:service=RaftServer,group=group-0D0B87365B5C,id=b2a9b6fb-eaa2-405b-9351-dabddfe94996
2019-08-30 10:28:53,064 [pool-439-thread-1] INFO  server.RaftServerConfigKeys (ConfUtils.java:logGet(43)) - raft.server.log.statemachine.data.sync.timeout.retry = -1 (default)
2019-08-30 10:28:53,065 [pool-459-thread-1] INFO  server.RaftServerConfigKeys (ConfUtils.java:logGet(43)) - raft.server.log.statemachine.data.caching.enabled = true (custom)
2019-08-30 10:28:53,065 [pool-439-thread-1] INFO  server.RaftServerConfigKeys (ConfUtils.java:logGet(43)) - raft.server.log.statemachine.data.caching.enabled = true (custom)
2019-08-30 10:28:53,065 [pool-459-thread-1] INFO  segmented.SegmentedRaftLogWorker (SegmentedRaftLogWorker.java:lambda$new$0(132)) - e33cffab-a258-46fb-ba8c-565f72f79075-SegmentedRaftLogWorker:Storage Directory /workdir/hadoop-ozone/integration-test/target/test-dir/MiniOzoneClusterImpl-7d259c97-1909-4a64-a3a4-65a46b1cb81d/datanode-5/data/ratis/607f3c97-5107-4402-9924-0d0b87365b5c: flushIndex: setUnconditionally 0 -> -1
2019-08-30 10:28:53,065 [pool-439-thread-1] INFO  segmented.SegmentedRaftLogWorker (SegmentedRaftLogWorker.java:lambda$new$0(132)) - 96988ad7-ae0a-41fc-bcd9-7add42cf23a5-SegmentedRaftLogWorker:Storage Directory /workdir/hadoop-ozone/integration-test/target/test-dir/MiniOzoneClusterImpl-7d259c97-1909-4a64-a3a4-65a46b1cb81d/datanode-3/data/ratis/607f3c97-5107-4402-9924-0d0b87365b5c: flushIndex: setUnconditionally 0 -> -1
2019-08-30 10:28:53,065 [pool-459-thread-1] INFO  server.RaftServerConfigKeys (ConfUtils.java:logGet(43)) - raft.server.snapshot.auto.trigger.enabled = true (custom)
2019-08-30 10:28:53,065 [pool-459-thread-1] INFO  server.RaftServerConfigKeys (ConfUtils.java:logGet(43)) - raft.server.snapshot.auto.trigger.threshold = 10000 (custom)
2019-08-30 10:28:53,065 [pool-439-thread-1] INFO  server.RaftServerConfigKeys (ConfUtils.java:logGet(43)) - raft.server.snapshot.auto.trigger.enabled = true (custom)
2019-08-30 10:28:53,066 [pool-459-thread-1] INFO  server.RaftServerConfigKeys (ConfUtils.java:logGet(43)) - raft.server.retrycache.expirytime = 600000ms (custom)
2019-08-30 10:28:53,066 [pool-439-thread-1] INFO  server.RaftServerConfigKeys (ConfUtils.java:logGet(43)) - raft.server.snapshot.auto.trigger.threshold = 10000 (custom)
2019-08-30 10:28:53,066 [pool-459-thread-1] INFO  impl.RaftServerImpl (RaftServerImpl.java:start(180)) - e33cffab-a258-46fb-ba8c-565f72f79075: start group-0D0B87365B5C
2019-08-30 10:28:53,066 [pool-439-thread-1] INFO  server.RaftServerConfigKeys (ConfUtils.java:logGet(43)) - raft.server.retrycache.expirytime = 600000ms (custom)
2019-08-30 10:28:53,066 [pool-459-thread-1] INFO  impl.RaftServerImpl (RaftServerImpl.java:setRole(171)) - e33cffab-a258-46fb-ba8c-565f72f79075:group-0D0B87365B5C changes role from null to FOLLOWER at term 0 for startAsFollower
2019-08-30 10:28:53,066 [pool-439-thread-1] INFO  impl.RaftServerImpl (RaftServerImpl.java:start(180)) - 96988ad7-ae0a-41fc-bcd9-7add42cf23a5: start group-0D0B87365B5C
2019-08-30 10:28:53,066 [pool-459-thread-1] INFO  impl.RoleInfo (RoleInfo.java:updateAndGet(143)) - e33cffab-a258-46fb-ba8c-565f72f79075: start FollowerState
2019-08-30 10:28:53,066 [pool-439-thread-1] INFO  impl.RaftServerImpl (RaftServerImpl.java:setRole(171)) - 96988ad7-ae0a-41fc-bcd9-7add42cf23a5:group-0D0B87365B5C changes role from null to FOLLOWER at term 0 for startAsFollower
2019-08-30 10:28:53,066 [pool-439-thread-1] INFO  impl.RoleInfo (RoleInfo.java:updateAndGet(143)) - 96988ad7-ae0a-41fc-bcd9-7add42cf23a5: start FollowerState
2019-08-30 10:28:53,067 [pool-459-thread-1] INFO  util.JmxRegister (JmxRegister.java:tryRegister(44)) - Successfully registered JMX Bean with object name Ratis:service=RaftServer,group=group-0D0B87365B5C,id=e33cffab-a258-46fb-ba8c-565f72f79075
2019-08-30 10:28:53,067 [pool-439-thread-1] INFO  util.JmxRegister (JmxRegister.java:tryRegister(44)) - Successfully registered JMX Bean with object name Ratis:service=RaftServer,group=group-0D0B87365B5C,id=96988ad7-ae0a-41fc-bcd9-7add42cf23a5
2019-08-30 10:28:53,068 [RatisPipelineUtilsThread] INFO  pipeline.PipelineStateManager (PipelineStateManager.java:addPipeline(56)) - Created pipeline Pipeline[ Id: 607f3c97-5107-4402-9924-0d0b87365b5c, Nodes: e33cffab-a258-46fb-ba8c-565f72f79075{ip: 192.168.5.138, host: pr-hdds-2061-2h694-1687604233, networkLocation: /default-rack, certSerialId: null}96988ad7-ae0a-41fc-bcd9-7add42cf23a5{ip: 192.168.5.138, host: pr-hdds-2061-2h694-1687604233, networkLocation: /default-rack, certSerialId: null}b2a9b6fb-eaa2-405b-9351-dabddfe94996{ip: 192.168.5.138, host: pr-hdds-2061-2h694-1687604233, networkLocation: /default-rack, certSerialId: null}, Type:RATIS, Factor:THREE, State:OPEN]
2019-08-30 10:28:54,038 [main] INFO  ozone.MiniOzoneClusterImpl (MiniOzoneClusterImpl.java:lambda$waitForClusterToBeReady$0(140)) - Cluster is ready. Got 7 of 7 DN Heartbeats.
2019-08-30 10:28:54,070 [main] INFO  rpc.RpcClient (RpcClient.java:createVolume(293)) - Creating Volume: testblockoutputstream, with jenkins1000 as owner.
2019-08-30 10:28:54,073 | INFO  | OMAudit | user=jenkins1000 | ip=127.0.0.1 | op=CREATE_VOLUME {admin=jenkins1000, owner=jenkins1000, volume=testblockoutputstream, creationTime=1567160934072, quotaInBytes=1152921504606846976} | ret=SUCCESS |  
2019-08-30 10:28:54,084 | INFO  | OMAudit | user=jenkins1000 | ip=127.0.0.1 | op=READ_VOLUME {volume=testblockoutputstream} | ret=SUCCESS |  
2019-08-30 10:28:54,085 [main] INFO  rpc.RpcClient (RpcClient.java:createBucket(432)) - Creating Bucket: testblockoutputstream/testblockoutputstream, with Versioning false and Storage Type set to DISK and Encryption set to false 
2019-08-30 10:28:54,089 | INFO  | OMAudit | user=jenkins1000 | ip=127.0.0.1 | op=CREATE_BUCKET {volume=testblockoutputstream, bucket=testblockoutputstream, acls=[user:jenkins1000:a[ACCESS], group:default:a[ACCESS]], isVersionEnabled=false, storageType=DISK, creationTime=0} | ret=SUCCESS |  
2019-08-30 10:28:54,091 | INFO  | OMAudit | user=jenkins1000 | ip=127.0.0.1 | op=READ_VOLUME {volume=testblockoutputstream} | ret=SUCCESS |  
2019-08-30 10:28:54,093 | INFO  | OMAudit | user=jenkins1000 | ip=127.0.0.1 | op=READ_BUCKET {volume=testblockoutputstream, bucket=testblockoutputstream} | ret=SUCCESS |  
2019-08-30 10:28:54,097 | INFO  | SCMAudit | user=jenkins1000 | ip=192.168.5.138 | op=ALLOCATE_BLOCK {owner=93042174-9b9e-42fc-9fb5-614f394e938d, size=800, type=RATIS, factor=THREE} | ret=SUCCESS |  
2019-08-30 10:28:54,101 | INFO  | OMAudit | user=jenkins1000 | ip=127.0.0.1 | op=ALLOCATE_KEY {volume=testblockoutputstream, bucket=testblockoutputstream, key=94e5fd12-337e-48cd-8697-f969ef9b3ced, dataSize=0, replicationType=RATIS, replicationFactor=THREE, keyLocationInfo=null} | ret=SUCCESS |  
2019-08-30 10:28:54,114 [grpc-default-executor-6] INFO  client.GrpcClientProtocolClient (GrpcClientProtocolClient.java:onNext(255)) - client-8C6B71DAE6AE->e33cffab-a258-46fb-ba8c-565f72f79075: receive RaftClientReply:client-8C6B71DAE6AE->e33cffab-a258-46fb-ba8c-565f72f79075@group-0D0B87365B5C, cid=175, FAILED org.apache.ratis.protocol.NotLeaderException: Server e33cffab-a258-46fb-ba8c-565f72f79075 is not the leader (null). Request must be sent to leader., logIndex=0, commits[e33cffab-a258-46fb-ba8c-565f72f79075:c-1]
2019-08-30 10:28:54,592 | INFO  | SCMAudit | user=jenkins1000 | ip=192.168.5.138 | op=SEND_HEARTBEAT {datanodeUUID=b9a3ceac-635b-47a7-ab79-6f38b04e1c7c, command=[]} | ret=SUCCESS |  
2019-08-30 10:28:54,662 | INFO  | SCMAudit | user=jenkins1000 | ip=192.168.5.138 | op=SEND_HEARTBEAT {datanodeUUID=1ba5ef28-a816-4dc0-8667-4772a169b68f, command=[]} | ret=SUCCESS |  
2019-08-30 10:28:54,724 | INFO  | SCMAudit | user=jenkins1000 | ip=192.168.5.138 | op=SEND_HEARTBEAT {datanodeUUID=761283d5-0d6d-45e5-8015-7ab77012df5e, command=[]} | ret=SUCCESS |  
2019-08-30 10:28:54,792 | INFO  | SCMAudit | user=jenkins1000 | ip=192.168.5.138 | op=SEND_HEARTBEAT {datanodeUUID=96988ad7-ae0a-41fc-bcd9-7add42cf23a5, command=[]} | ret=SUCCESS |  
2019-08-30 10:28:54,867 | INFO  | SCMAudit | user=jenkins1000 | ip=192.168.5.138 | op=SEND_HEARTBEAT {datanodeUUID=b2a9b6fb-eaa2-405b-9351-dabddfe94996, command=[]} | ret=SUCCESS |  
2019-08-30 10:28:54,964 | INFO  | SCMAudit | user=jenkins1000 | ip=192.168.5.138 | op=SEND_HEARTBEAT {datanodeUUID=e33cffab-a258-46fb-ba8c-565f72f79075, command=[]} | ret=SUCCESS |  
2019-08-30 10:28:55,038 | INFO  | SCMAudit | user=jenkins1000 | ip=192.168.5.138 | op=SEND_HEARTBEAT {datanodeUUID=22b8f49d-fa4d-49b6-8388-fe1377411d49, command=[]} | ret=SUCCESS |  
2019-08-30 10:28:55,126 [grpc-default-executor-6] INFO  client.GrpcClientProtocolClient (GrpcClientProtocolClient.java:onNext(255)) - client-8C6B71DAE6AE->96988ad7-ae0a-41fc-bcd9-7add42cf23a5: receive RaftClientReply:client-8C6B71DAE6AE->96988ad7-ae0a-41fc-bcd9-7add42cf23a5@group-0D0B87365B5C, cid=175, FAILED org.apache.ratis.protocol.NotLeaderException: Server 96988ad7-ae0a-41fc-bcd9-7add42cf23a5 is not the leader (null). Request must be sent to leader., logIndex=0, commits[96988ad7-ae0a-41fc-bcd9-7add42cf23a5:c-1]
2019-08-30 10:28:55,592 | INFO  | SCMAudit | user=jenkins1000 | ip=192.168.5.138 | op=SEND_HEARTBEAT {datanodeUUID=b9a3ceac-635b-47a7-ab79-6f38b04e1c7c, command=[]} | ret=SUCCESS |  
2019-08-30 10:28:55,615 [Thread-3556] INFO  container.ReplicationManager (ReplicationManager.java:start(162)) - Starting Replication Monitor Thread.
2019-08-30 10:28:55,620 [ReplicationMonitor] INFO  container.ReplicationManager (ReplicationManager.java:run(225)) - Replication Monitor Thread took 0 milliseconds for processing 1 containers.
2019-08-30 10:28:55,663 | INFO  | SCMAudit | user=jenkins1000 | ip=192.168.5.138 | op=SEND_HEARTBEAT {datanodeUUID=1ba5ef28-a816-4dc0-8667-4772a169b68f, command=[]} | ret=SUCCESS |  
2019-08-30 10:28:55,725 | INFO  | SCMAudit | user=jenkins1000 | ip=192.168.5.138 | op=SEND_HEARTBEAT {datanodeUUID=761283d5-0d6d-45e5-8015-7ab77012df5e, command=[]} | ret=SUCCESS |  
2019-08-30 10:28:55,792 | INFO  | SCMAudit | user=jenkins1000 | ip=192.168.5.138 | op=SEND_HEARTBEAT {datanodeUUID=96988ad7-ae0a-41fc-bcd9-7add42cf23a5, command=[]} | ret=SUCCESS |  
2019-08-30 10:28:55,867 | INFO  | SCMAudit | user=jenkins1000 | ip=192.168.5.138 | op=SEND_HEARTBEAT {datanodeUUID=b2a9b6fb-eaa2-405b-9351-dabddfe94996, command=[]} | ret=SUCCESS |  
2019-08-30 10:28:55,964 | INFO  | SCMAudit | user=jenkins1000 | ip=192.168.5.138 | op=SEND_HEARTBEAT {datanodeUUID=e33cffab-a258-46fb-ba8c-565f72f79075, command=[]} | ret=SUCCESS |  
2019-08-30 10:28:56,038 | INFO  | SCMAudit | user=jenkins1000 | ip=192.168.5.138 | op=SEND_HEARTBEAT {datanodeUUID=22b8f49d-fa4d-49b6-8388-fe1377411d49, command=[]} | ret=SUCCESS |  
2019-08-30 10:28:56,138 [grpc-default-executor-7] INFO  client.GrpcClientProtocolClient (GrpcClientProtocolClient.java:onNext(255)) - client-8C6B71DAE6AE->b2a9b6fb-eaa2-405b-9351-dabddfe94996: receive RaftClientReply:client-8C6B71DAE6AE->b2a9b6fb-eaa2-405b-9351-dabddfe94996@group-0D0B87365B5C, cid=175, FAILED org.apache.ratis.protocol.NotLeaderException: Server b2a9b6fb-eaa2-405b-9351-dabddfe94996 is not the leader (null). Request must be sent to leader., logIndex=0, commits[b2a9b6fb-eaa2-405b-9351-dabddfe94996:c-1]
2019-08-30 10:28:56,592 | INFO  | SCMAudit | user=jenkins1000 | ip=192.168.5.138 | op=SEND_HEARTBEAT {datanodeUUID=b9a3ceac-635b-47a7-ab79-6f38b04e1c7c, command=[]} | ret=SUCCESS |  
2019-08-30 10:28:56,663 | INFO  | SCMAudit | user=jenkins1000 | ip=192.168.5.138 | op=SEND_HEARTBEAT {datanodeUUID=1ba5ef28-a816-4dc0-8667-4772a169b68f, command=[]} | ret=SUCCESS |  
2019-08-30 10:28:56,725 | INFO  | SCMAudit | user=jenkins1000 | ip=192.168.5.138 | op=SEND_HEARTBEAT {datanodeUUID=761283d5-0d6d-45e5-8015-7ab77012df5e, command=[]} | ret=SUCCESS |  
2019-08-30 10:28:56,793 | INFO  | SCMAudit | user=jenkins1000 | ip=192.168.5.138 | op=SEND_HEARTBEAT {datanodeUUID=96988ad7-ae0a-41fc-bcd9-7add42cf23a5, command=[]} | ret=SUCCESS |  
2019-08-30 10:28:56,867 | INFO  | SCMAudit | user=jenkins1000 | ip=192.168.5.138 | op=SEND_HEARTBEAT {datanodeUUID=b2a9b6fb-eaa2-405b-9351-dabddfe94996, command=[]} | ret=SUCCESS |  
2019-08-30 10:28:56,964 | INFO  | SCMAudit | user=jenkins1000 | ip=192.168.5.138 | op=SEND_HEARTBEAT {datanodeUUID=e33cffab-a258-46fb-ba8c-565f72f79075, command=[]} | ret=SUCCESS |  
2019-08-30 10:28:57,038 | INFO  | SCMAudit | user=jenkins1000 | ip=192.168.5.138 | op=SEND_HEARTBEAT {datanodeUUID=22b8f49d-fa4d-49b6-8388-fe1377411d49, command=[]} | ret=SUCCESS |  
2019-08-30 10:28:57,149 [grpc-default-executor-6] INFO  client.GrpcClientProtocolClient (GrpcClientProtocolClient.java:onNext(255)) - client-8C6B71DAE6AE->96988ad7-ae0a-41fc-bcd9-7add42cf23a5: receive RaftClientReply:client-8C6B71DAE6AE->96988ad7-ae0a-41fc-bcd9-7add42cf23a5@group-0D0B87365B5C, cid=175, FAILED org.apache.ratis.protocol.NotLeaderException: Server 96988ad7-ae0a-41fc-bcd9-7add42cf23a5 is not the leader (null). Request must be sent to leader., logIndex=0, commits[96988ad7-ae0a-41fc-bcd9-7add42cf23a5:c-1]
2019-08-30 10:28:57,592 | INFO  | SCMAudit | user=jenkins1000 | ip=192.168.5.138 | op=SEND_HEARTBEAT {datanodeUUID=b9a3ceac-635b-47a7-ab79-6f38b04e1c7c, command=[]} | ret=SUCCESS |  
2019-08-30 10:28:57,663 | INFO  | SCMAudit | user=jenkins1000 | ip=192.168.5.138 | op=SEND_HEARTBEAT {datanodeUUID=1ba5ef28-a816-4dc0-8667-4772a169b68f, command=[]} | ret=SUCCESS |  
2019-08-30 10:28:57,726 | INFO  | SCMAudit | user=jenkins1000 | ip=192.168.5.138 | op=SEND_HEARTBEAT {datanodeUUID=761283d5-0d6d-45e5-8015-7ab77012df5e, command=[]} | ret=SUCCESS |  
2019-08-30 10:28:57,745 [Thread-3558] INFO  impl.FollowerState (FollowerState.java:run(106)) - b9a3ceac-635b-47a7-ab79-6f38b04e1c7c:group-39DC9505EC54 changes to CANDIDATE, lastRpcTime:5075, electionTimeout:5075ms
2019-08-30 10:28:57,745 [Thread-3558] INFO  impl.RoleInfo (RoleInfo.java:shutdownFollowerState(121)) - b9a3ceac-635b-47a7-ab79-6f38b04e1c7c: shutdown FollowerState
2019-08-30 10:28:57,745 [Thread-3558] INFO  impl.RaftServerImpl (RaftServerImpl.java:setRole(171)) - b9a3ceac-635b-47a7-ab79-6f38b04e1c7c:group-39DC9505EC54 changes role from FOLLOWER to CANDIDATE at term 0 for changeToCandidate
2019-08-30 10:28:57,746 [Thread-3558] INFO  impl.RoleInfo (RoleInfo.java:updateAndGet(143)) - b9a3ceac-635b-47a7-ab79-6f38b04e1c7c: start LeaderElection
2019-08-30 10:28:57,775 [b9a3ceac-635b-47a7-ab79-6f38b04e1c7c:group-39DC9505EC54:LeaderElection72] INFO  impl.LeaderElection (LeaderElection.java:askForVotes(181)) - b9a3ceac-635b-47a7-ab79-6f38b04e1c7c:group-39DC9505EC54:LeaderElection72: begin an election at term 1 for -1: [b9a3ceac-635b-47a7-ab79-6f38b04e1c7c:192.168.5.138:45835], old=null
2019-08-30 10:28:57,776 [b9a3ceac-635b-47a7-ab79-6f38b04e1c7c:group-39DC9505EC54:LeaderElection72] INFO  impl.RoleInfo (RoleInfo.java:shutdownLeaderElection(134)) - b9a3ceac-635b-47a7-ab79-6f38b04e1c7c: shutdown LeaderElection
2019-08-30 10:28:57,776 [b9a3ceac-635b-47a7-ab79-6f38b04e1c7c:group-39DC9505EC54:LeaderElection72] INFO  impl.RaftServerImpl (RaftServerImpl.java:setRole(171)) - b9a3ceac-635b-47a7-ab79-6f38b04e1c7c:group-39DC9505EC54 changes role from CANDIDATE to LEADER at term 1 for changeToLeader
2019-08-30 10:28:57,776 [b9a3ceac-635b-47a7-ab79-6f38b04e1c7c:group-39DC9505EC54:LeaderElection72] INFO  impl.RaftServerImpl (ServerState.java:setLeader(263)) - b9a3ceac-635b-47a7-ab79-6f38b04e1c7c:group-39DC9505EC54 change Leader from null to b9a3ceac-635b-47a7-ab79-6f38b04e1c7c at term 1 for becomeLeader, leader elected after 5111ms
2019-08-30 10:28:57,776 [b9a3ceac-635b-47a7-ab79-6f38b04e1c7c:group-39DC9505EC54:LeaderElection72] INFO  server.RaftServerConfigKeys (ConfUtils.java:logGet(43)) - raft.server.staging.catchup.gap = 1000 (default)
2019-08-30 10:28:57,776 [b9a3ceac-635b-47a7-ab79-6f38b04e1c7c:group-39DC9505EC54:LeaderElection72] INFO  server.RaftServerConfigKeys (ConfUtils.java:logGet(43)) - raft.server.rpc.sleep.time = 25ms (default)
2019-08-30 10:28:57,776 [b9a3ceac-635b-47a7-ab79-6f38b04e1c7c:group-39DC9505EC54:LeaderElection72] INFO  server.RaftServerConfigKeys (ConfUtils.java:logGet(43)) - raft.server.write.element-limit = 4096 (default)
2019-08-30 10:28:57,777 [b9a3ceac-635b-47a7-ab79-6f38b04e1c7c:group-39DC9505EC54:LeaderElection72] INFO  server.RaftServerConfigKeys (ConfUtils.java:logGet(43)) - raft.server.watch.timeout = 10s (default)
2019-08-30 10:28:57,777 [b9a3ceac-635b-47a7-ab79-6f38b04e1c7c:group-39DC9505EC54:LeaderElection72] INFO  server.RaftServerConfigKeys (ConfUtils.java:logGet(43)) - raft.server.watch.timeout.denomination = 1s (default)
2019-08-30 10:28:57,777 [b9a3ceac-635b-47a7-ab79-6f38b04e1c7c:group-39DC9505EC54:LeaderElection72] INFO  server.RaftServerConfigKeys (ConfUtils.java:logGet(43)) - raft.server.watch.element-limit = 65536 (default)
2019-08-30 10:28:57,777 [b9a3ceac-635b-47a7-ab79-6f38b04e1c7c:group-39DC9505EC54:LeaderElection72] INFO  impl.RoleInfo (RoleInfo.java:updateAndGet(143)) - b9a3ceac-635b-47a7-ab79-6f38b04e1c7c: start LeaderState
2019-08-30 10:28:57,778 [b9a3ceac-635b-47a7-ab79-6f38b04e1c7c:group-39DC9505EC54:LeaderElection72] INFO  segmented.SegmentedRaftLogWorker (SegmentedRaftLogWorker.java:startLogSegment(380)) - b9a3ceac-635b-47a7-ab79-6f38b04e1c7c-SegmentedRaftLogWorker:Storage Directory /workdir/hadoop-ozone/integration-test/target/test-dir/MiniOzoneClusterImpl-7d259c97-1909-4a64-a3a4-65a46b1cb81d/datanode-0/data/ratis/93438682-e549-4518-9647-39dc9505ec54: Starting segment from index:0
2019-08-30 10:28:57,778 [b9a3ceac-635b-47a7-ab79-6f38b04e1c7c:group-39DC9505EC54:LeaderElection72] INFO  impl.RaftServerImpl (ServerState.java:setRaftConf(361)) - b9a3ceac-635b-47a7-ab79-6f38b04e1c7c:group-39DC9505EC54 set configuration 0: [b9a3ceac-635b-47a7-ab79-6f38b04e1c7c:192.168.5.138:45835], old=null at 0
2019-08-30 10:28:57,793 | INFO  | SCMAudit | user=jenkins1000 | ip=192.168.5.138 | op=SEND_HEARTBEAT {datanodeUUID=96988ad7-ae0a-41fc-bcd9-7add42cf23a5, command=[]} | ret=SUCCESS |  
2019-08-30 10:28:57,832 [b9a3ceac-635b-47a7-ab79-6f38b04e1c7c-SegmentedRaftLogWorker:Storage Directory /workdir/hadoop-ozone/integration-test/target/test-dir/MiniOzoneClusterImpl-7d259c97-1909-4a64-a3a4-65a46b1cb81d/datanode-0/data/ratis/93438682-e549-4518-9647-39dc9505ec54] INFO  segmented.SegmentedRaftLogWorker (SegmentedRaftLogWorker.java:execute(569)) - b9a3ceac-635b-47a7-ab79-6f38b04e1c7c-SegmentedRaftLogWorker:Storage Directory /workdir/hadoop-ozone/integration-test/target/test-dir/MiniOzoneClusterImpl-7d259c97-1909-4a64-a3a4-65a46b1cb81d/datanode-0/data/ratis/93438682-e549-4518-9647-39dc9505ec54: created new log segment /workdir/hadoop-ozone/integration-test/target/test-dir/MiniOzoneClusterImpl-7d259c97-1909-4a64-a3a4-65a46b1cb81d/datanode-0/data/ratis/93438682-e549-4518-9647-39dc9505ec54/current/log_inprogress_0
2019-08-30 10:28:57,848 [Thread-3561] INFO  impl.FollowerState (FollowerState.java:run(106)) - 1ba5ef28-a816-4dc0-8667-4772a169b68f:group-50F31759A403 changes to CANDIDATE, lastRpcTime:5126, electionTimeout:5126ms
2019-08-30 10:28:57,848 [Thread-3561] INFO  impl.RoleInfo (RoleInfo.java:shutdownFollowerState(121)) - 1ba5ef28-a816-4dc0-8667-4772a169b68f: shutdown FollowerState
2019-08-30 10:28:57,848 [Thread-3561] INFO  impl.RaftServerImpl (RaftServerImpl.java:setRole(171)) - 1ba5ef28-a816-4dc0-8667-4772a169b68f:group-50F31759A403 changes role from FOLLOWER to CANDIDATE at term 0 for changeToCandidate
2019-08-30 10:28:57,848 [Thread-3561] INFO  impl.RoleInfo (RoleInfo.java:updateAndGet(143)) - 1ba5ef28-a816-4dc0-8667-4772a169b68f: start LeaderElection
2019-08-30 10:28:57,866 [1ba5ef28-a816-4dc0-8667-4772a169b68f:group-50F31759A403:LeaderElection73] INFO  impl.LeaderElection (LeaderElection.java:askForVotes(181)) - 1ba5ef28-a816-4dc0-8667-4772a169b68f:group-50F31759A403:LeaderElection73: begin an election at term 1 for -1: [1ba5ef28-a816-4dc0-8667-4772a169b68f:192.168.5.138:46470], old=null
2019-08-30 10:28:57,866 [1ba5ef28-a816-4dc0-8667-4772a169b68f:group-50F31759A403:LeaderElection73] INFO  impl.RoleInfo (RoleInfo.java:shutdownLeaderElection(134)) - 1ba5ef28-a816-4dc0-8667-4772a169b68f: shutdown LeaderElection
2019-08-30 10:28:57,866 [1ba5ef28-a816-4dc0-8667-4772a169b68f:group-50F31759A403:LeaderElection73] INFO  impl.RaftServerImpl (RaftServerImpl.java:setRole(171)) - 1ba5ef28-a816-4dc0-8667-4772a169b68f:group-50F31759A403 changes role from CANDIDATE to LEADER at term 1 for changeToLeader
2019-08-30 10:28:57,867 [1ba5ef28-a816-4dc0-8667-4772a169b68f:group-50F31759A403:LeaderElection73] INFO  impl.RaftServerImpl (ServerState.java:setLeader(263)) - 1ba5ef28-a816-4dc0-8667-4772a169b68f:group-50F31759A403 change Leader from null to 1ba5ef28-a816-4dc0-8667-4772a169b68f at term 1 for becomeLeader, leader elected after 5148ms
2019-08-30 10:28:57,867 [1ba5ef28-a816-4dc0-8667-4772a169b68f:group-50F31759A403:LeaderElection73] INFO  server.RaftServerConfigKeys (ConfUtils.java:logGet(43)) - raft.server.staging.catchup.gap = 1000 (default)
2019-08-30 10:28:57,867 [1ba5ef28-a816-4dc0-8667-4772a169b68f:group-50F31759A403:LeaderElection73] INFO  server.RaftServerConfigKeys (ConfUtils.java:logGet(43)) - raft.server.rpc.sleep.time = 25ms (default)
2019-08-30 10:28:57,867 [1ba5ef28-a816-4dc0-8667-4772a169b68f:group-50F31759A403:LeaderElection73] INFO  server.RaftServerConfigKeys (ConfUtils.java:logGet(43)) - raft.server.write.element-limit = 4096 (default)
2019-08-30 10:28:57,867 [1ba5ef28-a816-4dc0-8667-4772a169b68f:group-50F31759A403:LeaderElection73] INFO  server.RaftServerConfigKeys (ConfUtils.java:logGet(43)) - raft.server.watch.timeout = 10s (default)
2019-08-30 10:28:57,867 [1ba5ef28-a816-4dc0-8667-4772a169b68f:group-50F31759A403:LeaderElection73] INFO  server.RaftServerConfigKeys (ConfUtils.java:logGet(43)) - raft.server.watch.timeout.denomination = 1s (default)
2019-08-30 10:28:57,867 | INFO  | SCMAudit | user=jenkins1000 | ip=192.168.5.138 | op=SEND_HEARTBEAT {datanodeUUID=b2a9b6fb-eaa2-405b-9351-dabddfe94996, command=[]} | ret=SUCCESS |  
2019-08-30 10:28:57,867 [1ba5ef28-a816-4dc0-8667-4772a169b68f:group-50F31759A403:LeaderElection73] INFO  server.RaftServerConfigKeys (ConfUtils.java:logGet(43)) - raft.server.watch.element-limit = 65536 (default)
2019-08-30 10:28:57,868 [1ba5ef28-a816-4dc0-8667-4772a169b68f:group-50F31759A403:LeaderElection73] INFO  impl.RoleInfo (RoleInfo.java:updateAndGet(143)) - 1ba5ef28-a816-4dc0-8667-4772a169b68f: start LeaderState
2019-08-30 10:28:57,868 [1ba5ef28-a816-4dc0-8667-4772a169b68f:group-50F31759A403:LeaderElection73] INFO  segmented.SegmentedRaftLogWorker (SegmentedRaftLogWorker.java:startLogSegment(380)) - 1ba5ef28-a816-4dc0-8667-4772a169b68f-SegmentedRaftLogWorker:Storage Directory /workdir/hadoop-ozone/integration-test/target/test-dir/MiniOzoneClusterImpl-7d259c97-1909-4a64-a3a4-65a46b1cb81d/datanode-1/data/ratis/0a3c9674-0172-451e-9a2d-50f31759a403: Starting segment from index:0
2019-08-30 10:28:57,868 [1ba5ef28-a816-4dc0-8667-4772a169b68f:group-50F31759A403:LeaderElection73] INFO  impl.RaftServerImpl (ServerState.java:setRaftConf(361)) - 1ba5ef28-a816-4dc0-8667-4772a169b68f:group-50F31759A403 set configuration 0: [1ba5ef28-a816-4dc0-8667-4772a169b68f:192.168.5.138:46470], old=null at 0
2019-08-30 10:28:57,903 [Thread-3564] INFO  impl.FollowerState (FollowerState.java:run(106)) - 761283d5-0d6d-45e5-8015-7ab77012df5e:group-1433718C21DB changes to CANDIDATE, lastRpcTime:5122, electionTimeout:5122ms
2019-08-30 10:28:57,903 [Thread-3564] INFO  impl.RoleInfo (RoleInfo.java:shutdownFollowerState(121)) - 761283d5-0d6d-45e5-8015-7ab77012df5e: shutdown FollowerState
2019-08-30 10:28:57,904 [Thread-3564] INFO  impl.RaftServerImpl (RaftServerImpl.java:setRole(171)) - 761283d5-0d6d-45e5-8015-7ab77012df5e:group-1433718C21DB changes role from FOLLOWER to CANDIDATE at term 0 for changeToCandidate
2019-08-30 10:28:57,904 [Thread-3564] INFO  impl.RoleInfo (RoleInfo.java:updateAndGet(143)) - 761283d5-0d6d-45e5-8015-7ab77012df5e: start LeaderElection
2019-08-30 10:28:57,921 [1ba5ef28-a816-4dc0-8667-4772a169b68f-SegmentedRaftLogWorker:Storage Directory /workdir/hadoop-ozone/integration-test/target/test-dir/MiniOzoneClusterImpl-7d259c97-1909-4a64-a3a4-65a46b1cb81d/datanode-1/data/ratis/0a3c9674-0172-451e-9a2d-50f31759a403] INFO  segmented.SegmentedRaftLogWorker (SegmentedRaftLogWorker.java:execute(569)) - 1ba5ef28-a816-4dc0-8667-4772a169b68f-SegmentedRaftLogWorker:Storage Directory /workdir/hadoop-ozone/integration-test/target/test-dir/MiniOzoneClusterImpl-7d259c97-1909-4a64-a3a4-65a46b1cb81d/datanode-1/data/ratis/0a3c9674-0172-451e-9a2d-50f31759a403: created new log segment /workdir/hadoop-ozone/integration-test/target/test-dir/MiniOzoneClusterImpl-7d259c97-1909-4a64-a3a4-65a46b1cb81d/datanode-1/data/ratis/0a3c9674-0172-451e-9a2d-50f31759a403/current/log_inprogress_0
2019-08-30 10:28:57,921 [761283d5-0d6d-45e5-8015-7ab77012df5e:group-1433718C21DB:LeaderElection74] INFO  impl.LeaderElection (LeaderElection.java:askForVotes(181)) - 761283d5-0d6d-45e5-8015-7ab77012df5e:group-1433718C21DB:LeaderElection74: begin an election at term 1 for -1: [761283d5-0d6d-45e5-8015-7ab77012df5e:192.168.5.138:41019], old=null
2019-08-30 10:28:57,922 [761283d5-0d6d-45e5-8015-7ab77012df5e:group-1433718C21DB:LeaderElection74] INFO  impl.RoleInfo (RoleInfo.java:shutdownLeaderElection(134)) - 761283d5-0d6d-45e5-8015-7ab77012df5e: shutdown LeaderElection
2019-08-30 10:28:57,922 [761283d5-0d6d-45e5-8015-7ab77012df5e:group-1433718C21DB:LeaderElection74] INFO  impl.RaftServerImpl (RaftServerImpl.java:setRole(171)) - 761283d5-0d6d-45e5-8015-7ab77012df5e:group-1433718C21DB changes role from CANDIDATE to LEADER at term 1 for changeToLeader
2019-08-30 10:28:57,922 [761283d5-0d6d-45e5-8015-7ab77012df5e:group-1433718C21DB:LeaderElection74] INFO  impl.RaftServerImpl (ServerState.java:setLeader(263)) - 761283d5-0d6d-45e5-8015-7ab77012df5e:group-1433718C21DB change Leader from null to 761283d5-0d6d-45e5-8015-7ab77012df5e at term 1 for becomeLeader, leader elected after 5144ms
2019-08-30 10:28:57,922 [761283d5-0d6d-45e5-8015-7ab77012df5e:group-1433718C21DB:LeaderElection74] INFO  server.RaftServerConfigKeys (ConfUtils.java:logGet(43)) - raft.server.staging.catchup.gap = 1000 (default)
2019-08-30 10:28:57,922 [761283d5-0d6d-45e5-8015-7ab77012df5e:group-1433718C21DB:LeaderElection74] INFO  server.RaftServerConfigKeys (ConfUtils.java:logGet(43)) - raft.server.rpc.sleep.time = 25ms (default)
2019-08-30 10:28:57,922 [761283d5-0d6d-45e5-8015-7ab77012df5e:group-1433718C21DB:LeaderElection74] INFO  server.RaftServerConfigKeys (ConfUtils.java:logGet(43)) - raft.server.write.element-limit = 4096 (default)
2019-08-30 10:28:57,922 [761283d5-0d6d-45e5-8015-7ab77012df5e:group-1433718C21DB:LeaderElection74] INFO  server.RaftServerConfigKeys (ConfUtils.java:logGet(43)) - raft.server.watch.timeout = 10s (default)
2019-08-30 10:28:57,923 [761283d5-0d6d-45e5-8015-7ab77012df5e:group-1433718C21DB:LeaderElection74] INFO  server.RaftServerConfigKeys (ConfUtils.java:logGet(43)) - raft.server.watch.timeout.denomination = 1s (default)
2019-08-30 10:28:57,923 [761283d5-0d6d-45e5-8015-7ab77012df5e:group-1433718C21DB:LeaderElection74] INFO  server.RaftServerConfigKeys (ConfUtils.java:logGet(43)) - raft.server.watch.element-limit = 65536 (default)
2019-08-30 10:28:57,923 [761283d5-0d6d-45e5-8015-7ab77012df5e:group-1433718C21DB:LeaderElection74] INFO  impl.RoleInfo (RoleInfo.java:updateAndGet(143)) - 761283d5-0d6d-45e5-8015-7ab77012df5e: start LeaderState
2019-08-30 10:28:57,923 [761283d5-0d6d-45e5-8015-7ab77012df5e:group-1433718C21DB:LeaderElection74] INFO  segmented.SegmentedRaftLogWorker (SegmentedRaftLogWorker.java:startLogSegment(380)) - 761283d5-0d6d-45e5-8015-7ab77012df5e-SegmentedRaftLogWorker:Storage Directory /workdir/hadoop-ozone/integration-test/target/test-dir/MiniOzoneClusterImpl-7d259c97-1909-4a64-a3a4-65a46b1cb81d/datanode-2/data/ratis/b1eafc18-207c-4a1f-9355-1433718c21db: Starting segment from index:0
2019-08-30 10:28:57,924 [761283d5-0d6d-45e5-8015-7ab77012df5e:group-1433718C21DB:LeaderElection74] INFO  impl.RaftServerImpl (ServerState.java:setRaftConf(361)) - 761283d5-0d6d-45e5-8015-7ab77012df5e:group-1433718C21DB set configuration 0: [761283d5-0d6d-45e5-8015-7ab77012df5e:192.168.5.138:41019], old=null at 0
2019-08-30 10:28:57,951 [Thread-3576] INFO  impl.FollowerState (FollowerState.java:run(106)) - 96988ad7-ae0a-41fc-bcd9-7add42cf23a5:group-50CDD0020C25 changes to CANDIDATE, lastRpcTime:5023, electionTimeout:5023ms
2019-08-30 10:28:57,951 [Thread-3576] INFO  impl.RoleInfo (RoleInfo.java:shutdownFollowerState(121)) - 96988ad7-ae0a-41fc-bcd9-7add42cf23a5: shutdown FollowerState
2019-08-30 10:28:57,951 [Thread-3576] INFO  impl.RaftServerImpl (RaftServerImpl.java:setRole(171)) - 96988ad7-ae0a-41fc-bcd9-7add42cf23a5:group-50CDD0020C25 changes role from FOLLOWER to CANDIDATE at term 0 for changeToCandidate
2019-08-30 10:28:57,951 [Thread-3576] INFO  impl.RoleInfo (RoleInfo.java:updateAndGet(143)) - 96988ad7-ae0a-41fc-bcd9-7add42cf23a5: start LeaderElection
2019-08-30 10:28:57,977 [Thread-3572] INFO  impl.FollowerState (FollowerState.java:run(106)) - 761283d5-0d6d-45e5-8015-7ab77012df5e:group-DFB17977D0EF changes to CANDIDATE, lastRpcTime:5145, electionTimeout:5140ms
2019-08-30 10:28:57,977 [Thread-3572] INFO  impl.RoleInfo (RoleInfo.java:shutdownFollowerState(121)) - 761283d5-0d6d-45e5-8015-7ab77012df5e: shutdown FollowerState
2019-08-30 10:28:57,977 [Thread-3572] INFO  impl.RaftServerImpl (RaftServerImpl.java:setRole(171)) - 761283d5-0d6d-45e5-8015-7ab77012df5e:group-DFB17977D0EF changes role from FOLLOWER to CANDIDATE at term 0 for changeToCandidate
2019-08-30 10:28:57,977 [Thread-3572] INFO  impl.RoleInfo (RoleInfo.java:updateAndGet(143)) - 761283d5-0d6d-45e5-8015-7ab77012df5e: start LeaderElection
2019-08-30 10:28:57,977 | INFO  | SCMAudit | user=jenkins1000 | ip=192.168.5.138 | op=SEND_HEARTBEAT {datanodeUUID=e33cffab-a258-46fb-ba8c-565f72f79075, command=[]} | ret=SUCCESS |  
2019-08-30 10:28:57,980 [Thread-3567] INFO  impl.FollowerState (FollowerState.java:run(106)) - 1ba5ef28-a816-4dc0-8667-4772a169b68f:group-DFB17977D0EF changes to CANDIDATE, lastRpcTime:5150, electionTimeout:5150ms
2019-08-30 10:28:57,980 [Thread-3567] INFO  impl.RoleInfo (RoleInfo.java:shutdownFollowerState(121)) - 1ba5ef28-a816-4dc0-8667-4772a169b68f: shutdown FollowerState
2019-08-30 10:28:57,980 [Thread-3567] INFO  impl.RaftServerImpl (RaftServerImpl.java:setRole(171)) - 1ba5ef28-a816-4dc0-8667-4772a169b68f:group-DFB17977D0EF changes role from FOLLOWER to CANDIDATE at term 0 for changeToCandidate
2019-08-30 10:28:57,983 [Thread-3571] INFO  impl.FollowerState (FollowerState.java:run(106)) - b9a3ceac-635b-47a7-ab79-6f38b04e1c7c:group-DFB17977D0EF changes to CANDIDATE, lastRpcTime:5152, electionTimeout:5149ms
2019-08-30 10:28:57,983 [Thread-3571] INFO  impl.RoleInfo (RoleInfo.java:shutdownFollowerState(121)) - b9a3ceac-635b-47a7-ab79-6f38b04e1c7c: shutdown FollowerState
2019-08-30 10:28:57,983 [Thread-3567] INFO  impl.RoleInfo (RoleInfo.java:updateAndGet(143)) - 1ba5ef28-a816-4dc0-8667-4772a169b68f: start LeaderElection
2019-08-30 10:28:57,983 [Thread-3571] INFO  impl.RaftServerImpl (RaftServerImpl.java:setRole(171)) - b9a3ceac-635b-47a7-ab79-6f38b04e1c7c:group-DFB17977D0EF changes role from FOLLOWER to CANDIDATE at term 0 for changeToCandidate
2019-08-30 10:28:57,983 [Thread-3571] INFO  impl.RoleInfo (RoleInfo.java:updateAndGet(143)) - b9a3ceac-635b-47a7-ab79-6f38b04e1c7c: start LeaderElection
2019-08-30 10:28:57,989 [761283d5-0d6d-45e5-8015-7ab77012df5e-SegmentedRaftLogWorker:Storage Directory /workdir/hadoop-ozone/integration-test/target/test-dir/MiniOzoneClusterImpl-7d259c97-1909-4a64-a3a4-65a46b1cb81d/datanode-2/data/ratis/b1eafc18-207c-4a1f-9355-1433718c21db] INFO  segmented.SegmentedRaftLogWorker (SegmentedRaftLogWorker.java:execute(569)) - 761283d5-0d6d-45e5-8015-7ab77012df5e-SegmentedRaftLogWorker:Storage Directory /workdir/hadoop-ozone/integration-test/target/test-dir/MiniOzoneClusterImpl-7d259c97-1909-4a64-a3a4-65a46b1cb81d/datanode-2/data/ratis/b1eafc18-207c-4a1f-9355-1433718c21db: created new log segment /workdir/hadoop-ozone/integration-test/target/test-dir/MiniOzoneClusterImpl-7d259c97-1909-4a64-a3a4-65a46b1cb81d/datanode-2/data/ratis/b1eafc18-207c-4a1f-9355-1433718c21db/current/log_inprogress_0
2019-08-30 10:28:57,991 [96988ad7-ae0a-41fc-bcd9-7add42cf23a5:group-50CDD0020C25:LeaderElection75] INFO  impl.LeaderElection (LeaderElection.java:askForVotes(181)) - 96988ad7-ae0a-41fc-bcd9-7add42cf23a5:group-50CDD0020C25:LeaderElection75: begin an election at term 1 for -1: [96988ad7-ae0a-41fc-bcd9-7add42cf23a5:192.168.5.138:33573], old=null
2019-08-30 10:28:57,991 [761283d5-0d6d-45e5-8015-7ab77012df5e:group-DFB17977D0EF:LeaderElection76] INFO  impl.LeaderElection (LeaderElection.java:askForVotes(181)) - 761283d5-0d6d-45e5-8015-7ab77012df5e:group-DFB17977D0EF:LeaderElection76: begin an election at term 1 for -1: [b9a3ceac-635b-47a7-ab79-6f38b04e1c7c:192.168.5.138:45835, 761283d5-0d6d-45e5-8015-7ab77012df5e:192.168.5.138:41019, 1ba5ef28-a816-4dc0-8667-4772a169b68f:192.168.5.138:46470], old=null
2019-08-30 10:28:57,991 [96988ad7-ae0a-41fc-bcd9-7add42cf23a5:group-50CDD0020C25:LeaderElection75] INFO  impl.RoleInfo (RoleInfo.java:shutdownLeaderElection(134)) - 96988ad7-ae0a-41fc-bcd9-7add42cf23a5: shutdown LeaderElection
2019-08-30 10:28:57,992 [96988ad7-ae0a-41fc-bcd9-7add42cf23a5:group-50CDD0020C25:LeaderElection75] INFO  impl.RaftServerImpl (RaftServerImpl.java:setRole(171)) - 96988ad7-ae0a-41fc-bcd9-7add42cf23a5:group-50CDD0020C25 changes role from CANDIDATE to LEADER at term 1 for changeToLeader
2019-08-30 10:28:57,992 [96988ad7-ae0a-41fc-bcd9-7add42cf23a5:group-50CDD0020C25:LeaderElection75] INFO  impl.RaftServerImpl (ServerState.java:setLeader(263)) - 96988ad7-ae0a-41fc-bcd9-7add42cf23a5:group-50CDD0020C25 change Leader from null to 96988ad7-ae0a-41fc-bcd9-7add42cf23a5 at term 1 for becomeLeader, leader elected after 5069ms
2019-08-30 10:28:57,992 [96988ad7-ae0a-41fc-bcd9-7add42cf23a5:group-50CDD0020C25:LeaderElection75] INFO  server.RaftServerConfigKeys (ConfUtils.java:logGet(43)) - raft.server.staging.catchup.gap = 1000 (default)
2019-08-30 10:28:57,992 [96988ad7-ae0a-41fc-bcd9-7add42cf23a5:group-50CDD0020C25:LeaderElection75] INFO  server.RaftServerConfigKeys (ConfUtils.java:logGet(43)) - raft.server.rpc.sleep.time = 25ms (default)
2019-08-30 10:28:57,992 [96988ad7-ae0a-41fc-bcd9-7add42cf23a5:group-50CDD0020C25:LeaderElection75] INFO  server.RaftServerConfigKeys (ConfUtils.java:logGet(43)) - raft.server.write.element-limit = 4096 (default)
2019-08-30 10:28:57,992 [96988ad7-ae0a-41fc-bcd9-7add42cf23a5:group-50CDD0020C25:LeaderElection75] INFO  server.RaftServerConfigKeys (ConfUtils.java:logGet(43)) - raft.server.watch.timeout = 10s (default)
2019-08-30 10:28:57,993 [96988ad7-ae0a-41fc-bcd9-7add42cf23a5:group-50CDD0020C25:LeaderElection75] INFO  server.RaftServerConfigKeys (ConfUtils.java:logGet(43)) - raft.server.watch.timeout.denomination = 1s (default)
2019-08-30 10:28:57,993 [96988ad7-ae0a-41fc-bcd9-7add42cf23a5:group-50CDD0020C25:LeaderElection75] INFO  server.RaftServerConfigKeys (ConfUtils.java:logGet(43)) - raft.server.watch.element-limit = 65536 (default)
2019-08-30 10:28:57,993 [96988ad7-ae0a-41fc-bcd9-7add42cf23a5:group-50CDD0020C25:LeaderElection75] INFO  impl.RoleInfo (RoleInfo.java:updateAndGet(143)) - 96988ad7-ae0a-41fc-bcd9-7add42cf23a5: start LeaderState
2019-08-30 10:28:57,993 [96988ad7-ae0a-41fc-bcd9-7add42cf23a5:group-50CDD0020C25:LeaderElection75] INFO  segmented.SegmentedRaftLogWorker (SegmentedRaftLogWorker.java:startLogSegment(380)) - 96988ad7-ae0a-41fc-bcd9-7add42cf23a5-SegmentedRaftLogWorker:Storage Directory /workdir/hadoop-ozone/integration-test/target/test-dir/MiniOzoneClusterImpl-7d259c97-1909-4a64-a3a4-65a46b1cb81d/datanode-3/data/ratis/cb24cac4-11bf-4111-bc18-50cdd0020c25: Starting segment from index:0
2019-08-30 10:28:57,994 [96988ad7-ae0a-41fc-bcd9-7add42cf23a5:group-50CDD0020C25:LeaderElection75] INFO  impl.RaftServerImpl (ServerState.java:setRaftConf(361)) - 96988ad7-ae0a-41fc-bcd9-7add42cf23a5:group-50CDD0020C25 set configuration 0: [96988ad7-ae0a-41fc-bcd9-7add42cf23a5:192.168.5.138:33573], old=null at 0
2019-08-30 10:28:58,027 [b9a3ceac-635b-47a7-ab79-6f38b04e1c7c:group-DFB17977D0EF:LeaderElection78] INFO  impl.LeaderElection (LeaderElection.java:askForVotes(181)) - b9a3ceac-635b-47a7-ab79-6f38b04e1c7c:group-DFB17977D0EF:LeaderElection78: begin an election at term 1 for -1: [b9a3ceac-635b-47a7-ab79-6f38b04e1c7c:192.168.5.138:45835, 761283d5-0d6d-45e5-8015-7ab77012df5e:192.168.5.138:41019, 1ba5ef28-a816-4dc0-8667-4772a169b68f:192.168.5.138:46470], old=null
2019-08-30 10:28:58,027 [1ba5ef28-a816-4dc0-8667-4772a169b68f:group-DFB17977D0EF:LeaderElection77] INFO  impl.LeaderElection (LeaderElection.java:askForVotes(181)) - 1ba5ef28-a816-4dc0-8667-4772a169b68f:group-DFB17977D0EF:LeaderElection77: begin an election at term 1 for -1: [b9a3ceac-635b-47a7-ab79-6f38b04e1c7c:192.168.5.138:45835, 761283d5-0d6d-45e5-8015-7ab77012df5e:192.168.5.138:41019, 1ba5ef28-a816-4dc0-8667-4772a169b68f:192.168.5.138:46470], old=null
2019-08-30 10:28:58,037 [96988ad7-ae0a-41fc-bcd9-7add42cf23a5-SegmentedRaftLogWorker:Storage Directory /workdir/hadoop-ozone/integration-test/target/test-dir/MiniOzoneClusterImpl-7d259c97-1909-4a64-a3a4-65a46b1cb81d/datanode-3/data/ratis/cb24cac4-11bf-4111-bc18-50cdd0020c25] INFO  segmented.SegmentedRaftLogWorker (SegmentedRaftLogWorker.java:execute(569)) - 96988ad7-ae0a-41fc-bcd9-7add42cf23a5-SegmentedRaftLogWorker:Storage Directory /workdir/hadoop-ozone/integration-test/target/test-dir/MiniOzoneClusterImpl-7d259c97-1909-4a64-a3a4-65a46b1cb81d/datanode-3/data/ratis/cb24cac4-11bf-4111-bc18-50cdd0020c25: created new log segment /workdir/hadoop-ozone/integration-test/target/test-dir/MiniOzoneClusterImpl-7d259c97-1909-4a64-a3a4-65a46b1cb81d/datanode-3/data/ratis/cb24cac4-11bf-4111-bc18-50cdd0020c25/current/log_inprogress_0
2019-08-30 10:28:58,040 | INFO  | SCMAudit | user=jenkins1000 | ip=192.168.5.138 | op=SEND_HEARTBEAT {datanodeUUID=22b8f49d-fa4d-49b6-8388-fe1377411d49, command=[]} | ret=SUCCESS |  
2019-08-30 10:28:58,043 [761283d5-0d6d-45e5-8015-7ab77012df5e:group-DFB17977D0EF:LeaderElection76] INFO  impl.LeaderElection (LeaderElection.java:logAndReturn(56)) - 761283d5-0d6d-45e5-8015-7ab77012df5e:group-DFB17977D0EF:LeaderElection76: Election REJECTED; received 2 response(s) [761283d5-0d6d-45e5-8015-7ab77012df5e<-b9a3ceac-635b-47a7-ab79-6f38b04e1c7c#0:FAIL-t1, 761283d5-0d6d-45e5-8015-7ab77012df5e<-1ba5ef28-a816-4dc0-8667-4772a169b68f#0:FAIL-t1] and 0 exception(s); 761283d5-0d6d-45e5-8015-7ab77012df5e:t1, leader=null, voted=761283d5-0d6d-45e5-8015-7ab77012df5e, raftlog=761283d5-0d6d-45e5-8015-7ab77012df5e-SegmentedRaftLog:OPENED:c-1,f-1,i0, conf=-1: [b9a3ceac-635b-47a7-ab79-6f38b04e1c7c:192.168.5.138:45835, 761283d5-0d6d-45e5-8015-7ab77012df5e:192.168.5.138:41019, 1ba5ef28-a816-4dc0-8667-4772a169b68f:192.168.5.138:46470], old=null
2019-08-30 10:28:58,044 [761283d5-0d6d-45e5-8015-7ab77012df5e:group-DFB17977D0EF:LeaderElection76] INFO  impl.RaftServerImpl (RaftServerImpl.java:setRole(171)) - 761283d5-0d6d-45e5-8015-7ab77012df5e:group-DFB17977D0EF changes role from CANDIDATE to FOLLOWER at term 1 for DISCOVERED_A_NEW_TERM
2019-08-30 10:28:58,044 [761283d5-0d6d-45e5-8015-7ab77012df5e:group-DFB17977D0EF:LeaderElection76] INFO  impl.RoleInfo (RoleInfo.java:shutdownLeaderElection(134)) - 761283d5-0d6d-45e5-8015-7ab77012df5e: shutdown LeaderElection
2019-08-30 10:28:58,044 [761283d5-0d6d-45e5-8015-7ab77012df5e:group-DFB17977D0EF:LeaderElection76] INFO  impl.RoleInfo (RoleInfo.java:updateAndGet(143)) - 761283d5-0d6d-45e5-8015-7ab77012df5e: start FollowerState
2019-08-30 10:28:58,047 [1ba5ef28-a816-4dc0-8667-4772a169b68f:group-DFB17977D0EF:LeaderElection77] INFO  impl.LeaderElection (LeaderElection.java:logAndReturn(56)) - 1ba5ef28-a816-4dc0-8667-4772a169b68f:group-DFB17977D0EF:LeaderElection77: Election REJECTED; received 2 response(s) [1ba5ef28-a816-4dc0-8667-4772a169b68f<-b9a3ceac-635b-47a7-ab79-6f38b04e1c7c#0:FAIL-t1, 1ba5ef28-a816-4dc0-8667-4772a169b68f<-761283d5-0d6d-45e5-8015-7ab77012df5e#0:FAIL-t1] and 0 exception(s); 1ba5ef28-a816-4dc0-8667-4772a169b68f:t1, leader=null, voted=1ba5ef28-a816-4dc0-8667-4772a169b68f, raftlog=1ba5ef28-a816-4dc0-8667-4772a169b68f-SegmentedRaftLog:OPENED:c-1,f-1,i0, conf=-1: [b9a3ceac-635b-47a7-ab79-6f38b04e1c7c:192.168.5.138:45835, 761283d5-0d6d-45e5-8015-7ab77012df5e:192.168.5.138:41019, 1ba5ef28-a816-4dc0-8667-4772a169b68f:192.168.5.138:46470], old=null
2019-08-30 10:28:58,047 [b9a3ceac-635b-47a7-ab79-6f38b04e1c7c:group-DFB17977D0EF:LeaderElection78] INFO  impl.LeaderElection (LeaderElection.java:logAndReturn(56)) - b9a3ceac-635b-47a7-ab79-6f38b04e1c7c:group-DFB17977D0EF:LeaderElection78: Election REJECTED; received 2 response(s) [b9a3ceac-635b-47a7-ab79-6f38b04e1c7c<-761283d5-0d6d-45e5-8015-7ab77012df5e#0:FAIL-t1, b9a3ceac-635b-47a7-ab79-6f38b04e1c7c<-1ba5ef28-a816-4dc0-8667-4772a169b68f#0:FAIL-t1] and 0 exception(s); b9a3ceac-635b-47a7-ab79-6f38b04e1c7c:t1, leader=null, voted=b9a3ceac-635b-47a7-ab79-6f38b04e1c7c, raftlog=b9a3ceac-635b-47a7-ab79-6f38b04e1c7c-SegmentedRaftLog:OPENED:c-1,f-1,i0, conf=-1: [b9a3ceac-635b-47a7-ab79-6f38b04e1c7c:192.168.5.138:45835, 761283d5-0d6d-45e5-8015-7ab77012df5e:192.168.5.138:41019, 1ba5ef28-a816-4dc0-8667-4772a169b68f:192.168.5.138:46470], old=null
2019-08-30 10:28:58,048 [1ba5ef28-a816-4dc0-8667-4772a169b68f:group-DFB17977D0EF:LeaderElection77] INFO  impl.RaftServerImpl (RaftServerImpl.java:setRole(171)) - 1ba5ef28-a816-4dc0-8667-4772a169b68f:group-DFB17977D0EF changes role from CANDIDATE to FOLLOWER at term 1 for DISCOVERED_A_NEW_TERM
2019-08-30 10:28:58,048 [b9a3ceac-635b-47a7-ab79-6f38b04e1c7c:group-DFB17977D0EF:LeaderElection78] INFO  impl.RaftServerImpl (RaftServerImpl.java:setRole(171)) - b9a3ceac-635b-47a7-ab79-6f38b04e1c7c:group-DFB17977D0EF changes role from CANDIDATE to FOLLOWER at term 1 for DISCOVERED_A_NEW_TERM
2019-08-30 10:28:58,048 [1ba5ef28-a816-4dc0-8667-4772a169b68f:group-DFB17977D0EF:LeaderElection77] INFO  impl.RoleInfo (RoleInfo.java:shutdownLeaderElection(134)) - 1ba5ef28-a816-4dc0-8667-4772a169b68f: shutdown LeaderElection
2019-08-30 10:28:58,048 [b9a3ceac-635b-47a7-ab79-6f38b04e1c7c:group-DFB17977D0EF:LeaderElection78] INFO  impl.RoleInfo (RoleInfo.java:shutdownLeaderElection(134)) - b9a3ceac-635b-47a7-ab79-6f38b04e1c7c: shutdown LeaderElection
2019-08-30 10:28:58,048 [1ba5ef28-a816-4dc0-8667-4772a169b68f:group-DFB17977D0EF:LeaderElection77] INFO  impl.RoleInfo (RoleInfo.java:updateAndGet(143)) - 1ba5ef28-a816-4dc0-8667-4772a169b68f: start FollowerState
2019-08-30 10:28:58,048 [b9a3ceac-635b-47a7-ab79-6f38b04e1c7c:group-DFB17977D0EF:LeaderElection78] INFO  impl.RoleInfo (RoleInfo.java:updateAndGet(143)) - b9a3ceac-635b-47a7-ab79-6f38b04e1c7c: start FollowerState
2019-08-30 10:28:58,070 [Thread-3590] INFO  impl.FollowerState (FollowerState.java:run(106)) - 96988ad7-ae0a-41fc-bcd9-7add42cf23a5:group-0D0B87365B5C changes to CANDIDATE, lastRpcTime:5003, electionTimeout:5003ms
2019-08-30 10:28:58,070 [Thread-3590] INFO  impl.RoleInfo (RoleInfo.java:shutdownFollowerState(121)) - 96988ad7-ae0a-41fc-bcd9-7add42cf23a5: shutdown FollowerState
2019-08-30 10:28:58,070 [Thread-3590] INFO  impl.RaftServerImpl (RaftServerImpl.java:setRole(171)) - 96988ad7-ae0a-41fc-bcd9-7add42cf23a5:group-0D0B87365B5C changes role from FOLLOWER to CANDIDATE at term 0 for changeToCandidate
2019-08-30 10:28:58,070 [Thread-3590] INFO  impl.RoleInfo (RoleInfo.java:updateAndGet(143)) - 96988ad7-ae0a-41fc-bcd9-7add42cf23a5: start LeaderElection
2019-08-30 10:28:58,072 [Thread-3589] INFO  impl.FollowerState (FollowerState.java:run(106)) - e33cffab-a258-46fb-ba8c-565f72f79075:group-0D0B87365B5C changes to CANDIDATE, lastRpcTime:5006, electionTimeout:5005ms
2019-08-30 10:28:58,072 [Thread-3589] INFO  impl.RoleInfo (RoleInfo.java:shutdownFollowerState(121)) - e33cffab-a258-46fb-ba8c-565f72f79075: shutdown FollowerState
2019-08-30 10:28:58,074 [Thread-3589] INFO  impl.RaftServerImpl (RaftServerImpl.java:setRole(171)) - e33cffab-a258-46fb-ba8c-565f72f79075:group-0D0B87365B5C changes role from FOLLOWER to CANDIDATE at term 0 for changeToCandidate
2019-08-30 10:28:58,074 [Thread-3589] INFO  impl.RoleInfo (RoleInfo.java:updateAndGet(143)) - e33cffab-a258-46fb-ba8c-565f72f79075: start LeaderElection
2019-08-30 10:28:58,091 [96988ad7-ae0a-41fc-bcd9-7add42cf23a5:group-0D0B87365B5C:LeaderElection79] INFO  impl.LeaderElection (LeaderElection.java:askForVotes(181)) - 96988ad7-ae0a-41fc-bcd9-7add42cf23a5:group-0D0B87365B5C:LeaderElection79: begin an election at term 1 for -1: [b2a9b6fb-eaa2-405b-9351-dabddfe94996:192.168.5.138:36493, e33cffab-a258-46fb-ba8c-565f72f79075:192.168.5.138:39244, 96988ad7-ae0a-41fc-bcd9-7add42cf23a5:192.168.5.138:33573], old=null
2019-08-30 10:28:58,091 [e33cffab-a258-46fb-ba8c-565f72f79075:group-0D0B87365B5C:LeaderElection80] INFO  impl.LeaderElection (LeaderElection.java:askForVotes(181)) - e33cffab-a258-46fb-ba8c-565f72f79075:group-0D0B87365B5C:LeaderElection80: begin an election at term 1 for -1: [b2a9b6fb-eaa2-405b-9351-dabddfe94996:192.168.5.138:36493, e33cffab-a258-46fb-ba8c-565f72f79075:192.168.5.138:39244, 96988ad7-ae0a-41fc-bcd9-7add42cf23a5:192.168.5.138:33573], old=null
2019-08-30 10:28:58,096 [grpc-default-executor-7] INFO  impl.RaftServerImpl (RaftServerImpl.java:setRole(171)) - b2a9b6fb-eaa2-405b-9351-dabddfe94996:group-0D0B87365B5C changes role from FOLLOWER to FOLLOWER at term 1 for recognizeCandidate:e33cffab-a258-46fb-ba8c-565f72f79075
2019-08-30 10:28:58,098 [grpc-default-executor-7] INFO  impl.RoleInfo (RoleInfo.java:shutdownFollowerState(121)) - b2a9b6fb-eaa2-405b-9351-dabddfe94996: shutdown FollowerState
2019-08-30 10:28:58,098 [grpc-default-executor-7] INFO  impl.RoleInfo (RoleInfo.java:updateAndGet(143)) - b2a9b6fb-eaa2-405b-9351-dabddfe94996: start FollowerState
2019-08-30 10:28:58,098 [Thread-3585] INFO  impl.FollowerState (FollowerState.java:run(114)) - b2a9b6fb-eaa2-405b-9351-dabddfe94996: FollowerState was interrupted: java.lang.InterruptedException: sleep interrupted
2019-08-30 10:28:58,110 [Thread-3579] INFO  impl.FollowerState (FollowerState.java:run(106)) - b2a9b6fb-eaa2-405b-9351-dabddfe94996:group-597F024062BE changes to CANDIDATE, lastRpcTime:5127, electionTimeout:5127ms
2019-08-30 10:28:58,110 [Thread-3579] INFO  impl.RoleInfo (RoleInfo.java:shutdownFollowerState(121)) - b2a9b6fb-eaa2-405b-9351-dabddfe94996: shutdown FollowerState
2019-08-30 10:28:58,110 [Thread-3579] INFO  impl.RaftServerImpl (RaftServerImpl.java:setRole(171)) - b2a9b6fb-eaa2-405b-9351-dabddfe94996:group-597F024062BE changes role from FOLLOWER to CANDIDATE at term 0 for changeToCandidate
2019-08-30 10:28:58,110 [Thread-3579] INFO  impl.RoleInfo (RoleInfo.java:updateAndGet(143)) - b2a9b6fb-eaa2-405b-9351-dabddfe94996: start LeaderElection
2019-08-30 10:28:58,113 [Thread-3582] INFO  impl.FollowerState (FollowerState.java:run(106)) - e33cffab-a258-46fb-ba8c-565f72f79075:group-6CF420AE7CD7 changes to CANDIDATE, lastRpcTime:5091, electionTimeout:5090ms
2019-08-30 10:28:58,113 [Thread-3582] INFO  impl.RoleInfo (RoleInfo.java:shutdownFollowerState(121)) - e33cffab-a258-46fb-ba8c-565f72f79075: shutdown FollowerState
2019-08-30 10:28:58,113 [Thread-3582] INFO  impl.RaftServerImpl (RaftServerImpl.java:setRole(171)) - e33cffab-a258-46fb-ba8c-565f72f79075:group-6CF420AE7CD7 changes role from FOLLOWER to CANDIDATE at term 0 for changeToCandidate
2019-08-30 10:28:58,114 [Thread-3582] INFO  impl.RoleInfo (RoleInfo.java:updateAndGet(143)) - e33cffab-a258-46fb-ba8c-565f72f79075: start LeaderElection
2019-08-30 10:28:58,122 [96988ad7-ae0a-41fc-bcd9-7add42cf23a5:group-0D0B87365B5C:LeaderElection79] INFO  impl.LeaderElection (LeaderElection.java:logAndReturn(56)) - 96988ad7-ae0a-41fc-bcd9-7add42cf23a5:group-0D0B87365B5C:LeaderElection79: Election REJECTED; received 2 response(s) [96988ad7-ae0a-41fc-bcd9-7add42cf23a5<-b2a9b6fb-eaa2-405b-9351-dabddfe94996#0:FAIL-t1, 96988ad7-ae0a-41fc-bcd9-7add42cf23a5<-e33cffab-a258-46fb-ba8c-565f72f79075#0:FAIL-t1] and 0 exception(s); 96988ad7-ae0a-41fc-bcd9-7add42cf23a5:t1, leader=null, voted=96988ad7-ae0a-41fc-bcd9-7add42cf23a5, raftlog=96988ad7-ae0a-41fc-bcd9-7add42cf23a5-SegmentedRaftLog:OPENED:c-1,f-1,i0, conf=-1: [b2a9b6fb-eaa2-405b-9351-dabddfe94996:192.168.5.138:36493, e33cffab-a258-46fb-ba8c-565f72f79075:192.168.5.138:39244, 96988ad7-ae0a-41fc-bcd9-7add42cf23a5:192.168.5.138:33573], old=null
2019-08-30 10:28:58,122 [e33cffab-a258-46fb-ba8c-565f72f79075:group-0D0B87365B5C:LeaderElection80] INFO  impl.LeaderElection (LeaderElection.java:logAndReturn(56)) - e33cffab-a258-46fb-ba8c-565f72f79075:group-0D0B87365B5C:LeaderElection80: Election PASSED; received 2 response(s) [e33cffab-a258-46fb-ba8c-565f72f79075<-b2a9b6fb-eaa2-405b-9351-dabddfe94996#0:OK-t1, e33cffab-a258-46fb-ba8c-565f72f79075<-96988ad7-ae0a-41fc-bcd9-7add42cf23a5#0:FAIL-t1] and 0 exception(s); e33cffab-a258-46fb-ba8c-565f72f79075:t1, leader=null, voted=e33cffab-a258-46fb-ba8c-565f72f79075, raftlog=e33cffab-a258-46fb-ba8c-565f72f79075-SegmentedRaftLog:OPENED:c-1,f-1,i0, conf=-1: [b2a9b6fb-eaa2-405b-9351-dabddfe94996:192.168.5.138:36493, e33cffab-a258-46fb-ba8c-565f72f79075:192.168.5.138:39244, 96988ad7-ae0a-41fc-bcd9-7add42cf23a5:192.168.5.138:33573], old=null
2019-08-30 10:28:58,122 [96988ad7-ae0a-41fc-bcd9-7add42cf23a5:group-0D0B87365B5C:LeaderElection79] INFO  impl.RaftServerImpl (RaftServerImpl.java:setRole(171)) - 96988ad7-ae0a-41fc-bcd9-7add42cf23a5:group-0D0B87365B5C changes role from CANDIDATE to FOLLOWER at term 1 for DISCOVERED_A_NEW_TERM
2019-08-30 10:28:58,123 [e33cffab-a258-46fb-ba8c-565f72f79075:group-0D0B87365B5C:LeaderElection80] INFO  impl.RoleInfo (RoleInfo.java:shutdownLeaderElection(134)) - e33cffab-a258-46fb-ba8c-565f72f79075: shutdown LeaderElection
2019-08-30 10:28:58,123 [96988ad7-ae0a-41fc-bcd9-7add42cf23a5:group-0D0B87365B5C:LeaderElection79] INFO  impl.RoleInfo (RoleInfo.java:shutdownLeaderElection(134)) - 96988ad7-ae0a-41fc-bcd9-7add42cf23a5: shutdown LeaderElection
2019-08-30 10:28:58,123 [e33cffab-a258-46fb-ba8c-565f72f79075:group-0D0B87365B5C:LeaderElection80] INFO  impl.RaftServerImpl (RaftServerImpl.java:setRole(171)) - e33cffab-a258-46fb-ba8c-565f72f79075:group-0D0B87365B5C changes role from CANDIDATE to LEADER at term 1 for changeToLeader
2019-08-30 10:28:58,123 [96988ad7-ae0a-41fc-bcd9-7add42cf23a5:group-0D0B87365B5C:LeaderElection79] INFO  impl.RoleInfo (RoleInfo.java:updateAndGet(143)) - 96988ad7-ae0a-41fc-bcd9-7add42cf23a5: start FollowerState
2019-08-30 10:28:58,123 [e33cffab-a258-46fb-ba8c-565f72f79075:group-0D0B87365B5C:LeaderElection80] INFO  impl.RaftServerImpl (ServerState.java:setLeader(263)) - e33cffab-a258-46fb-ba8c-565f72f79075:group-0D0B87365B5C change Leader from null to e33cffab-a258-46fb-ba8c-565f72f79075 at term 1 for becomeLeader, leader elected after 5065ms
2019-08-30 10:28:58,124 [e33cffab-a258-46fb-ba8c-565f72f79075:group-0D0B87365B5C:LeaderElection80] INFO  server.RaftServerConfigKeys (ConfUtils.java:logGet(43)) - raft.server.staging.catchup.gap = 1000 (default)
2019-08-30 10:28:58,124 [e33cffab-a258-46fb-ba8c-565f72f79075:group-0D0B87365B5C:LeaderElection80] INFO  server.RaftServerConfigKeys (ConfUtils.java:logGet(43)) - raft.server.rpc.sleep.time = 25ms (default)
2019-08-30 10:28:58,124 [e33cffab-a258-46fb-ba8c-565f72f79075:group-0D0B87365B5C:LeaderElection80] INFO  server.RaftServerConfigKeys (ConfUtils.java:logGet(43)) - raft.server.write.element-limit = 4096 (default)
2019-08-30 10:28:58,124 [e33cffab-a258-46fb-ba8c-565f72f79075:group-0D0B87365B5C:LeaderElection80] INFO  server.RaftServerConfigKeys (ConfUtils.java:logGet(43)) - raft.server.watch.timeout = 10s (default)
2019-08-30 10:28:58,124 [e33cffab-a258-46fb-ba8c-565f72f79075:group-0D0B87365B5C:LeaderElection80] INFO  server.RaftServerConfigKeys (ConfUtils.java:logGet(43)) - raft.server.watch.timeout.denomination = 1s (default)
2019-08-30 10:28:58,125 [e33cffab-a258-46fb-ba8c-565f72f79075:group-0D0B87365B5C:LeaderElection80] INFO  server.RaftServerConfigKeys (ConfUtils.java:logGet(43)) - raft.server.watch.element-limit = 65536 (default)
2019-08-30 10:28:58,125 [e33cffab-a258-46fb-ba8c-565f72f79075:group-0D0B87365B5C:LeaderElection80] INFO  server.RaftServerConfigKeys (ConfUtils.java:logGet(43)) - raft.server.log.appender.snapshot.chunk.size.max = 16MB (=16777216) (default)
2019-08-30 10:28:58,125 [e33cffab-a258-46fb-ba8c-565f72f79075:group-0D0B87365B5C:LeaderElection80] INFO  server.RaftServerConfigKeys (ConfUtils.java:logGet(43)) - raft.server.log.appender.buffer.byte-limit = 33554432 (custom)
2019-08-30 10:28:58,125 [e33cffab-a258-46fb-ba8c-565f72f79075:group-0D0B87365B5C:LeaderElection80] INFO  server.RaftServerConfigKeys (ConfUtils.java:logGet(43)) - raft.server.log.appender.buffer.element-limit = 1 (custom)
2019-08-30 10:28:58,126 [e33cffab-a258-46fb-ba8c-565f72f79075:group-0D0B87365B5C:LeaderElection80] INFO  grpc.GrpcConfigKeys$Server (ConfUtils.java:logGet(43)) - raft.grpc.server.leader.outstanding.appends.max = 128 (default)
2019-08-30 10:28:58,126 [e33cffab-a258-46fb-ba8c-565f72f79075:group-0D0B87365B5C:LeaderElection80] INFO  server.RaftServerConfigKeys (ConfUtils.java:logGet(43)) - raft.server.rpc.request.timeout = 3000ms (default)
2019-08-30 10:28:58,126 [e33cffab-a258-46fb-ba8c-565f72f79075:group-0D0B87365B5C:LeaderElection80] INFO  server.RaftServerConfigKeys (ConfUtils.java:logGet(43)) - raft.server.log.appender.install.snapshot.enabled = false (custom)
2019-08-30 10:28:58,126 [e33cffab-a258-46fb-ba8c-565f72f79075:group-0D0B87365B5C:LeaderElection80] INFO  server.RaftServerConfigKeys (ConfUtils.java:logGet(43)) - raft.server.log.appender.snapshot.chunk.size.max = 16MB (=16777216) (default)
2019-08-30 10:28:58,126 [e33cffab-a258-46fb-ba8c-565f72f79075:group-0D0B87365B5C:LeaderElection80] INFO  server.RaftServerConfigKeys (ConfUtils.java:logGet(43)) - raft.server.log.appender.buffer.byte-limit = 33554432 (custom)
2019-08-30 10:28:58,127 [e33cffab-a258-46fb-ba8c-565f72f79075:group-0D0B87365B5C:LeaderElection80] INFO  server.RaftServerConfigKeys (ConfUtils.java:logGet(43)) - raft.server.log.appender.buffer.element-limit = 1 (custom)
2019-08-30 10:28:58,127 [e33cffab-a258-46fb-ba8c-565f72f79075:group-0D0B87365B5C:LeaderElection80] INFO  grpc.GrpcConfigKeys$Server (ConfUtils.java:logGet(43)) - raft.grpc.server.leader.outstanding.appends.max = 128 (default)
2019-08-30 10:28:58,127 [e33cffab-a258-46fb-ba8c-565f72f79075:group-0D0B87365B5C:LeaderElection80] INFO  server.RaftServerConfigKeys (ConfUtils.java:logGet(43)) - raft.server.rpc.request.timeout = 3000ms (default)
2019-08-30 10:28:58,127 [e33cffab-a258-46fb-ba8c-565f72f79075:group-0D0B87365B5C:LeaderElection80] INFO  server.RaftServerConfigKeys (ConfUtils.java:logGet(43)) - raft.server.log.appender.install.snapshot.enabled = false (custom)
2019-08-30 10:28:58,128 [e33cffab-a258-46fb-ba8c-565f72f79075:group-0D0B87365B5C:LeaderElection80] INFO  impl.RoleInfo (RoleInfo.java:updateAndGet(143)) - e33cffab-a258-46fb-ba8c-565f72f79075: start LeaderState
2019-08-30 10:28:58,128 [e33cffab-a258-46fb-ba8c-565f72f79075:group-0D0B87365B5C:LeaderElection80] INFO  segmented.SegmentedRaftLogWorker (SegmentedRaftLogWorker.java:startLogSegment(380)) - e33cffab-a258-46fb-ba8c-565f72f79075-SegmentedRaftLogWorker:Storage Directory /workdir/hadoop-ozone/integration-test/target/test-dir/MiniOzoneClusterImpl-7d259c97-1909-4a64-a3a4-65a46b1cb81d/datanode-5/data/ratis/607f3c97-5107-4402-9924-0d0b87365b5c: Starting segment from index:0
2019-08-30 10:28:58,129 [e33cffab-a258-46fb-ba8c-565f72f79075:group-0D0B87365B5C:LeaderElection80] INFO  impl.RaftServerImpl (ServerState.java:setRaftConf(361)) - e33cffab-a258-46fb-ba8c-565f72f79075:group-0D0B87365B5C set configuration 0: [b2a9b6fb-eaa2-405b-9351-dabddfe94996:192.168.5.138:36493, e33cffab-a258-46fb-ba8c-565f72f79075:192.168.5.138:39244, 96988ad7-ae0a-41fc-bcd9-7add42cf23a5:192.168.5.138:33573], old=null at 0
2019-08-30 10:28:58,137 [e33cffab-a258-46fb-ba8c-565f72f79075:group-6CF420AE7CD7:LeaderElection82] INFO  impl.LeaderElection (LeaderElection.java:askForVotes(181)) - e33cffab-a258-46fb-ba8c-565f72f79075:group-6CF420AE7CD7:LeaderElection82: begin an election at term 1 for -1: [e33cffab-a258-46fb-ba8c-565f72f79075:192.168.5.138:39244], old=null
2019-08-30 10:28:58,137 [b2a9b6fb-eaa2-405b-9351-dabddfe94996:group-597F024062BE:LeaderElection81] INFO  impl.LeaderElection (LeaderElection.java:askForVotes(181)) - b2a9b6fb-eaa2-405b-9351-dabddfe94996:group-597F024062BE:LeaderElection81: begin an election at term 1 for -1: [b2a9b6fb-eaa2-405b-9351-dabddfe94996:192.168.5.138:36493], old=null
2019-08-30 10:28:58,137 [grpc-default-executor-5] INFO  impl.RaftServerImpl (ServerState.java:setLeader(263)) - 96988ad7-ae0a-41fc-bcd9-7add42cf23a5:group-0D0B87365B5C change Leader from null to e33cffab-a258-46fb-ba8c-565f72f79075 at term 1 for appendEntries, leader elected after 5078ms
2019-08-30 10:28:58,137 [e33cffab-a258-46fb-ba8c-565f72f79075:group-6CF420AE7CD7:LeaderElection82] INFO  impl.RoleInfo (RoleInfo.java:shutdownLeaderElection(134)) - e33cffab-a258-46fb-ba8c-565f72f79075: shutdown LeaderElection
2019-08-30 10:28:58,138 [e33cffab-a258-46fb-ba8c-565f72f79075:group-6CF420AE7CD7:LeaderElection82] INFO  impl.RaftServerImpl (RaftServerImpl.java:setRole(171)) - e33cffab-a258-46fb-ba8c-565f72f79075:group-6CF420AE7CD7 changes role from CANDIDATE to LEADER at term 1 for changeToLeader
2019-08-30 10:28:58,137 [grpc-default-executor-7] INFO  impl.RaftServerImpl (ServerState.java:setLeader(263)) - b2a9b6fb-eaa2-405b-9351-dabddfe94996:group-0D0B87365B5C change Leader from null to e33cffab-a258-46fb-ba8c-565f72f79075 at term 1 for appendEntries, leader elected after 5078ms
2019-08-30 10:28:58,137 [b2a9b6fb-eaa2-405b-9351-dabddfe94996:group-597F024062BE:LeaderElection81] INFO  impl.RoleInfo (RoleInfo.java:shutdownLeaderElection(134)) - b2a9b6fb-eaa2-405b-9351-dabddfe94996: shutdown LeaderElection
2019-08-30 10:28:58,138 [e33cffab-a258-46fb-ba8c-565f72f79075:group-6CF420AE7CD7:LeaderElection82] INFO  impl.RaftServerImpl (ServerState.java:setLeader(263)) - e33cffab-a258-46fb-ba8c-565f72f79075:group-6CF420AE7CD7 change Leader from null to e33cffab-a258-46fb-ba8c-565f72f79075 at term 1 for becomeLeader, leader elected after 5118ms
2019-08-30 10:28:58,138 [b2a9b6fb-eaa2-405b-9351-dabddfe94996:group-597F024062BE:LeaderElection81] INFO  impl.RaftServerImpl (RaftServerImpl.java:setRole(171)) - b2a9b6fb-eaa2-405b-9351-dabddfe94996:group-597F024062BE changes role from CANDIDATE to LEADER at term 1 for changeToLeader
2019-08-30 10:28:58,138 [b2a9b6fb-eaa2-405b-9351-dabddfe94996:group-597F024062BE:LeaderElection81] INFO  impl.RaftServerImpl (ServerState.java:setLeader(263)) - b2a9b6fb-eaa2-405b-9351-dabddfe94996:group-597F024062BE change Leader from null to b2a9b6fb-eaa2-405b-9351-dabddfe94996 at term 1 for becomeLeader, leader elected after 5158ms
2019-08-30 10:28:58,138 [e33cffab-a258-46fb-ba8c-565f72f79075:group-6CF420AE7CD7:LeaderElection82] INFO  server.RaftServerConfigKeys (ConfUtils.java:logGet(43)) - raft.server.staging.catchup.gap = 1000 (default)
2019-08-30 10:28:58,139 [b2a9b6fb-eaa2-405b-9351-dabddfe94996:group-597F024062BE:LeaderElection81] INFO  server.RaftServerConfigKeys (ConfUtils.java:logGet(43)) - raft.server.staging.catchup.gap = 1000 (default)
2019-08-30 10:28:58,139 [e33cffab-a258-46fb-ba8c-565f72f79075:group-6CF420AE7CD7:LeaderElection82] INFO  server.RaftServerConfigKeys (ConfUtils.java:logGet(43)) - raft.server.rpc.sleep.time = 25ms (default)
2019-08-30 10:28:58,139 [b2a9b6fb-eaa2-405b-9351-dabddfe94996:group-597F024062BE:LeaderElection81] INFO  server.RaftServerConfigKeys (ConfUtils.java:logGet(43)) - raft.server.rpc.sleep.time = 25ms (default)
2019-08-30 10:28:58,139 [e33cffab-a258-46fb-ba8c-565f72f79075:group-6CF420AE7CD7:LeaderElection82] INFO  server.RaftServerConfigKeys (ConfUtils.java:logGet(43)) - raft.server.write.element-limit = 4096 (default)
2019-08-30 10:28:58,139 [b2a9b6fb-eaa2-405b-9351-dabddfe94996:group-597F024062BE:LeaderElection81] INFO  server.RaftServerConfigKeys (ConfUtils.java:logGet(43)) - raft.server.write.element-limit = 4096 (default)
2019-08-30 10:28:58,139 [e33cffab-a258-46fb-ba8c-565f72f79075:group-6CF420AE7CD7:LeaderElection82] INFO  server.RaftServerConfigKeys (ConfUtils.java:logGet(43)) - raft.server.watch.timeout = 10s (default)
2019-08-30 10:28:58,139 [b2a9b6fb-eaa2-405b-9351-dabddfe94996:group-597F024062BE:LeaderElection81] INFO  server.RaftServerConfigKeys (ConfUtils.java:logGet(43)) - raft.server.watch.timeout = 10s (default)
2019-08-30 10:28:58,140 [e33cffab-a258-46fb-ba8c-565f72f79075:group-6CF420AE7CD7:LeaderElection82] INFO  server.RaftServerConfigKeys (ConfUtils.java:logGet(43)) - raft.server.watch.timeout.denomination = 1s (default)
2019-08-30 10:28:58,140 [b2a9b6fb-eaa2-405b-9351-dabddfe94996:group-597F024062BE:LeaderElection81] INFO  server.RaftServerConfigKeys (ConfUtils.java:logGet(43)) - raft.server.watch.timeout.denomination = 1s (default)
2019-08-30 10:28:58,140 [e33cffab-a258-46fb-ba8c-565f72f79075:group-6CF420AE7CD7:LeaderElection82] INFO  server.RaftServerConfigKeys (ConfUtils.java:logGet(43)) - raft.server.watch.element-limit = 65536 (default)
2019-08-30 10:28:58,140 [grpc-default-executor-7] INFO  impl.RaftServerImpl (ServerState.java:setRaftConf(361)) - 96988ad7-ae0a-41fc-bcd9-7add42cf23a5:group-0D0B87365B5C set configuration 0: [b2a9b6fb-eaa2-405b-9351-dabddfe94996:192.168.5.138:36493, e33cffab-a258-46fb-ba8c-565f72f79075:192.168.5.138:39244, 96988ad7-ae0a-41fc-bcd9-7add42cf23a5:192.168.5.138:33573], old=null at 0
2019-08-30 10:28:58,140 [b2a9b6fb-eaa2-405b-9351-dabddfe94996:group-597F024062BE:LeaderElection81] INFO  server.RaftServerConfigKeys (ConfUtils.java:logGet(43)) - raft.server.watch.element-limit = 65536 (default)
2019-08-30 10:28:58,140 [grpc-default-executor-7] INFO  segmented.SegmentedRaftLogWorker (SegmentedRaftLogWorker.java:startLogSegment(380)) - 96988ad7-ae0a-41fc-bcd9-7add42cf23a5-SegmentedRaftLogWorker:Storage Directory /workdir/hadoop-ozone/integration-test/target/test-dir/MiniOzoneClusterImpl-7d259c97-1909-4a64-a3a4-65a46b1cb81d/datanode-3/data/ratis/607f3c97-5107-4402-9924-0d0b87365b5c: Starting segment from index:0
2019-08-30 10:28:58,140 [e33cffab-a258-46fb-ba8c-565f72f79075:group-6CF420AE7CD7:LeaderElection82] INFO  impl.RoleInfo (RoleInfo.java:updateAndGet(143)) - e33cffab-a258-46fb-ba8c-565f72f79075: start LeaderState
2019-08-30 10:28:58,140 [grpc-default-executor-5] INFO  impl.RaftServerImpl (ServerState.java:setRaftConf(361)) - b2a9b6fb-eaa2-405b-9351-dabddfe94996:group-0D0B87365B5C set configuration 0: [b2a9b6fb-eaa2-405b-9351-dabddfe94996:192.168.5.138:36493, e33cffab-a258-46fb-ba8c-565f72f79075:192.168.5.138:39244, 96988ad7-ae0a-41fc-bcd9-7add42cf23a5:192.168.5.138:33573], old=null at 0
2019-08-30 10:28:58,141 [e33cffab-a258-46fb-ba8c-565f72f79075:group-6CF420AE7CD7:LeaderElection82] INFO  segmented.SegmentedRaftLogWorker (SegmentedRaftLogWorker.java:startLogSegment(380)) - e33cffab-a258-46fb-ba8c-565f72f79075-SegmentedRaftLogWorker:Storage Directory /workdir/hadoop-ozone/integration-test/target/test-dir/MiniOzoneClusterImpl-7d259c97-1909-4a64-a3a4-65a46b1cb81d/datanode-5/data/ratis/9196570f-c847-4e96-a25c-6cf420ae7cd7: Starting segment from index:0
2019-08-30 10:28:58,140 [b2a9b6fb-eaa2-405b-9351-dabddfe94996:group-597F024062BE:LeaderElection81] INFO  impl.RoleInfo (RoleInfo.java:updateAndGet(143)) - b2a9b6fb-eaa2-405b-9351-dabddfe94996: start LeaderState
2019-08-30 10:28:58,141 [grpc-default-executor-5] INFO  segmented.SegmentedRaftLogWorker (SegmentedRaftLogWorker.java:startLogSegment(380)) - b2a9b6fb-eaa2-405b-9351-dabddfe94996-SegmentedRaftLogWorker:Storage Directory /workdir/hadoop-ozone/integration-test/target/test-dir/MiniOzoneClusterImpl-7d259c97-1909-4a64-a3a4-65a46b1cb81d/datanode-4/data/ratis/607f3c97-5107-4402-9924-0d0b87365b5c: Starting segment from index:0
2019-08-30 10:28:58,142 [e33cffab-a258-46fb-ba8c-565f72f79075:group-6CF420AE7CD7:LeaderElection82] INFO  impl.RaftServerImpl (ServerState.java:setRaftConf(361)) - e33cffab-a258-46fb-ba8c-565f72f79075:group-6CF420AE7CD7 set configuration 0: [e33cffab-a258-46fb-ba8c-565f72f79075:192.168.5.138:39244], old=null at 0
2019-08-30 10:28:58,141 [b2a9b6fb-eaa2-405b-9351-dabddfe94996:group-597F024062BE:LeaderElection81] INFO  segmented.SegmentedRaftLogWorker (SegmentedRaftLogWorker.java:startLogSegment(380)) - b2a9b6fb-eaa2-405b-9351-dabddfe94996-SegmentedRaftLogWorker:Storage Directory /workdir/hadoop-ozone/integration-test/target/test-dir/MiniOzoneClusterImpl-7d259c97-1909-4a64-a3a4-65a46b1cb81d/datanode-4/data/ratis/d1d416f1-c76e-4d8b-bc91-597f024062be: Starting segment from index:0
2019-08-30 10:28:58,191 [b2a9b6fb-eaa2-405b-9351-dabddfe94996:group-597F024062BE:LeaderElection81] INFO  impl.RaftServerImpl (ServerState.java:setRaftConf(361)) - b2a9b6fb-eaa2-405b-9351-dabddfe94996:group-597F024062BE set configuration 0: [b2a9b6fb-eaa2-405b-9351-dabddfe94996:192.168.5.138:36493], old=null at 0
2019-08-30 10:28:58,225 [e33cffab-a258-46fb-ba8c-565f72f79075-SegmentedRaftLogWorker:Storage Directory /workdir/hadoop-ozone/integration-test/target/test-dir/MiniOzoneClusterImpl-7d259c97-1909-4a64-a3a4-65a46b1cb81d/datanode-5/data/ratis/9196570f-c847-4e96-a25c-6cf420ae7cd7] INFO  segmented.SegmentedRaftLogWorker (SegmentedRaftLogWorker.java:execute(569)) - e33cffab-a258-46fb-ba8c-565f72f79075-SegmentedRaftLogWorker:Storage Directory /workdir/hadoop-ozone/integration-test/target/test-dir/MiniOzoneClusterImpl-7d259c97-1909-4a64-a3a4-65a46b1cb81d/datanode-5/data/ratis/9196570f-c847-4e96-a25c-6cf420ae7cd7: created new log segment /workdir/hadoop-ozone/integration-test/target/test-dir/MiniOzoneClusterImpl-7d259c97-1909-4a64-a3a4-65a46b1cb81d/datanode-5/data/ratis/9196570f-c847-4e96-a25c-6cf420ae7cd7/current/log_inprogress_0
2019-08-30 10:28:58,225 [96988ad7-ae0a-41fc-bcd9-7add42cf23a5-SegmentedRaftLogWorker:Storage Directory /workdir/hadoop-ozone/integration-test/target/test-dir/MiniOzoneClusterImpl-7d259c97-1909-4a64-a3a4-65a46b1cb81d/datanode-3/data/ratis/607f3c97-5107-4402-9924-0d0b87365b5c] INFO  segmented.SegmentedRaftLogWorker (SegmentedRaftLogWorker.java:execute(569)) - 96988ad7-ae0a-41fc-bcd9-7add42cf23a5-SegmentedRaftLogWorker:Storage Directory /workdir/hadoop-ozone/integration-test/target/test-dir/MiniOzoneClusterImpl-7d259c97-1909-4a64-a3a4-65a46b1cb81d/datanode-3/data/ratis/607f3c97-5107-4402-9924-0d0b87365b5c: created new log segment /workdir/hadoop-ozone/integration-test/target/test-dir/MiniOzoneClusterImpl-7d259c97-1909-4a64-a3a4-65a46b1cb81d/datanode-3/data/ratis/607f3c97-5107-4402-9924-0d0b87365b5c/current/log_inprogress_0
2019-08-30 10:28:58,225 [e33cffab-a258-46fb-ba8c-565f72f79075-SegmentedRaftLogWorker:Storage Directory /workdir/hadoop-ozone/integration-test/target/test-dir/MiniOzoneClusterImpl-7d259c97-1909-4a64-a3a4-65a46b1cb81d/datanode-5/data/ratis/607f3c97-5107-4402-9924-0d0b87365b5c] INFO  segmented.SegmentedRaftLogWorker (SegmentedRaftLogWorker.java:execute(569)) - e33cffab-a258-46fb-ba8c-565f72f79075-SegmentedRaftLogWorker:Storage Directory /workdir/hadoop-ozone/integration-test/target/test-dir/MiniOzoneClusterImpl-7d259c97-1909-4a64-a3a4-65a46b1cb81d/datanode-5/data/ratis/607f3c97-5107-4402-9924-0d0b87365b5c: created new log segment /workdir/hadoop-ozone/integration-test/target/test-dir/MiniOzoneClusterImpl-7d259c97-1909-4a64-a3a4-65a46b1cb81d/datanode-5/data/ratis/607f3c97-5107-4402-9924-0d0b87365b5c/current/log_inprogress_0
2019-08-30 10:28:58,238 [b2a9b6fb-eaa2-405b-9351-dabddfe94996-SegmentedRaftLogWorker:Storage Directory /workdir/hadoop-ozone/integration-test/target/test-dir/MiniOzoneClusterImpl-7d259c97-1909-4a64-a3a4-65a46b1cb81d/datanode-4/data/ratis/607f3c97-5107-4402-9924-0d0b87365b5c] INFO  segmented.SegmentedRaftLogWorker (SegmentedRaftLogWorker.java:execute(569)) - b2a9b6fb-eaa2-405b-9351-dabddfe94996-SegmentedRaftLogWorker:Storage Directory /workdir/hadoop-ozone/integration-test/target/test-dir/MiniOzoneClusterImpl-7d259c97-1909-4a64-a3a4-65a46b1cb81d/datanode-4/data/ratis/607f3c97-5107-4402-9924-0d0b87365b5c: created new log segment /workdir/hadoop-ozone/integration-test/target/test-dir/MiniOzoneClusterImpl-7d259c97-1909-4a64-a3a4-65a46b1cb81d/datanode-4/data/ratis/607f3c97-5107-4402-9924-0d0b87365b5c/current/log_inprogress_0
2019-08-30 10:28:58,238 [b2a9b6fb-eaa2-405b-9351-dabddfe94996-SegmentedRaftLogWorker:Storage Directory /workdir/hadoop-ozone/integration-test/target/test-dir/MiniOzoneClusterImpl-7d259c97-1909-4a64-a3a4-65a46b1cb81d/datanode-4/data/ratis/d1d416f1-c76e-4d8b-bc91-597f024062be] INFO  segmented.SegmentedRaftLogWorker (SegmentedRaftLogWorker.java:execute(569)) - b2a9b6fb-eaa2-405b-9351-dabddfe94996-SegmentedRaftLogWorker:Storage Directory /workdir/hadoop-ozone/integration-test/target/test-dir/MiniOzoneClusterImpl-7d259c97-1909-4a64-a3a4-65a46b1cb81d/datanode-4/data/ratis/d1d416f1-c76e-4d8b-bc91-597f024062be: created new log segment /workdir/hadoop-ozone/integration-test/target/test-dir/MiniOzoneClusterImpl-7d259c97-1909-4a64-a3a4-65a46b1cb81d/datanode-4/data/ratis/d1d416f1-c76e-4d8b-bc91-597f024062be/current/log_inprogress_0
2019-08-30 10:28:58,239 [grpc-default-executor-5] INFO  client.GrpcClientProtocolClient (GrpcClientProtocolClient.java:onNext(255)) - client-8C6B71DAE6AE->b2a9b6fb-eaa2-405b-9351-dabddfe94996: receive RaftClientReply:client-8C6B71DAE6AE->b2a9b6fb-eaa2-405b-9351-dabddfe94996@group-0D0B87365B5C, cid=175, FAILED org.apache.ratis.protocol.NotLeaderException: Server b2a9b6fb-eaa2-405b-9351-dabddfe94996 is not the leader (e33cffab-a258-46fb-ba8c-565f72f79075:192.168.5.138:39244). Request must be sent to leader., logIndex=0, commits[b2a9b6fb-eaa2-405b-9351-dabddfe94996:c-1, e33cffab-a258-46fb-ba8c-565f72f79075:c-1, 96988ad7-ae0a-41fc-bcd9-7add42cf23a5:c-1]
2019-08-30 10:28:58,364 | INFO  | DNAudit | user=null | ip=null | op=WRITE_CHUNK {blockData=conID: 1 locID: 102705458976981006 bcsId: 0} | ret=SUCCESS |  
2019-08-30 10:28:58,364 | INFO  | DNAudit | user=null | ip=null | op=WRITE_CHUNK {blockData=conID: 1 locID: 102705458976981006 bcsId: 0} | ret=SUCCESS |  
2019-08-30 10:28:58,364 | INFO  | DNAudit | user=null | ip=null | op=WRITE_CHUNK {blockData=conID: 1 locID: 102705458976981006 bcsId: 0} | ret=SUCCESS |  
2019-08-30 10:28:58,365 | INFO  | SCMAudit | user=jenkins1000 | ip=192.168.5.138 | op=SEND_HEARTBEAT {datanodeUUID=b2a9b6fb-eaa2-405b-9351-dabddfe94996, command=[]} | ret=SUCCESS |  
2019-08-30 10:28:58,365 | INFO  | SCMAudit | user=jenkins1000 | ip=192.168.5.138 | op=SEND_HEARTBEAT {datanodeUUID=e33cffab-a258-46fb-ba8c-565f72f79075, command=[]} | ret=SUCCESS |  
2019-08-30 10:28:58,365 | INFO  | SCMAudit | user=jenkins1000 | ip=192.168.5.138 | op=SEND_HEARTBEAT {datanodeUUID=96988ad7-ae0a-41fc-bcd9-7add42cf23a5, command=[]} | ret=SUCCESS |  
2019-08-30 10:28:58,379 | INFO  | DNAudit | user=null | ip=null | op=WRITE_CHUNK {blockData=conID: 1 locID: 102705458976981006 bcsId: 0} | ret=SUCCESS |  
2019-08-30 10:28:58,383 [grpc-default-executor-5] INFO  client.GrpcClientProtocolClient (GrpcClientProtocolClient.java:onNext(255)) - client-8C6B71DAE6AE->e33cffab-a258-46fb-ba8c-565f72f79075: receive RaftClientReply:client-8C6B71DAE6AE->e33cffab-a258-46fb-ba8c-565f72f79075@group-0D0B87365B5C, cid=175, SUCCESS, logIndex=1, commits[e33cffab-a258-46fb-ba8c-565f72f79075:c1, b2a9b6fb-eaa2-405b-9351-dabddfe94996:c0, 96988ad7-ae0a-41fc-bcd9-7add42cf23a5:c0]
2019-08-30 10:28:58,388 | INFO  | DNAudit | user=null | ip=null | op=WRITE_CHUNK {blockData=conID: 1 locID: 102705458976981006 bcsId: 0} | ret=SUCCESS |  
2019-08-30 10:28:58,389 | INFO  | DNAudit | user=null | ip=null | op=WRITE_CHUNK {blockData=conID: 1 locID: 102705458976981006 bcsId: 0} | ret=SUCCESS |  
2019-08-30 10:28:58,389 | INFO  | DNAudit | user=null | ip=null | op=WRITE_CHUNK {blockData=conID: 1 locID: 102705458976981006 bcsId: 0} | ret=SUCCESS |  
2019-08-30 10:28:58,390 | INFO  | DNAudit | user=null | ip=null | op=WRITE_CHUNK {blockData=conID: 1 locID: 102705458976981006 bcsId: 0} | ret=SUCCESS |  
2019-08-30 10:28:58,391 | INFO  | DNAudit | user=null | ip=null | op=WRITE_CHUNK {blockData=conID: 1 locID: 102705458976981006 bcsId: 0} | ret=SUCCESS |  
2019-08-30 10:28:58,391 | INFO  | DNAudit | user=null | ip=null | op=WRITE_CHUNK {blockData=conID: 1 locID: 102705458976981006 bcsId: 0} | ret=SUCCESS |  
2019-08-30 10:28:58,392 | INFO  | DNAudit | user=null | ip=null | op=WRITE_CHUNK {blockData=conID: 1 locID: 102705458976981006 bcsId: 0} | ret=SUCCESS |  
2019-08-30 10:28:58,392 | INFO  | DNAudit | user=null | ip=null | op=WRITE_CHUNK {blockData=conID: 1 locID: 102705458976981006 bcsId: 0} | ret=SUCCESS |  
2019-08-30 10:28:58,393 | INFO  | DNAudit | user=null | ip=null | op=WRITE_CHUNK {blockData=conID: 1 locID: 102705458976981006 bcsId: 0} | ret=SUCCESS |  
2019-08-30 10:28:58,393 | INFO  | DNAudit | user=null | ip=null | op=WRITE_CHUNK {blockData=conID: 1 locID: 102705458976981006 bcsId: 0} | ret=SUCCESS |  
2019-08-30 10:28:58,393 | INFO  | DNAudit | user=null | ip=null | op=WRITE_CHUNK {blockData=conID: 1 locID: 102705458976981006 bcsId: 0} | ret=SUCCESS |  
2019-08-30 10:28:58,405 | INFO  | DNAudit | user=null | ip=null | op=WRITE_CHUNK {blockData=conID: 1 locID: 102705458976981006 bcsId: 0} | ret=SUCCESS |  
2019-08-30 10:28:58,409 [grpc-default-executor-6] INFO  client.GrpcClientProtocolClient (GrpcClientProtocolClient.java:onNext(255)) - client-8C6B71DAE6AE->e33cffab-a258-46fb-ba8c-565f72f79075: receive RaftClientReply:client-8C6B71DAE6AE->e33cffab-a258-46fb-ba8c-565f72f79075@group-0D0B87365B5C, cid=176, SUCCESS, logIndex=3, commits[e33cffab-a258-46fb-ba8c-565f72f79075:c5, b2a9b6fb-eaa2-405b-9351-dabddfe94996:c1, 96988ad7-ae0a-41fc-bcd9-7add42cf23a5:c1]
2019-08-30 10:28:58,419 | INFO  | DNAudit | user=null | ip=null | op=WRITE_CHUNK {blockData=conID: 1 locID: 102705458976981006 bcsId: 0} | ret=SUCCESS |  
2019-08-30 10:28:58,419 | INFO  | DNAudit | user=null | ip=null | op=WRITE_CHUNK {blockData=conID: 1 locID: 102705458976981006 bcsId: 0} | ret=SUCCESS |  
2019-08-30 10:28:58,475 | INFO  | DNAudit | user=null | ip=null | op=PUT_BLOCK {blockData=[blockId=conID: 1 locID: 102705458976981006 bcsId: 0,size=200]} | ret=SUCCESS |  
2019-08-30 10:28:58,476 | INFO  | DNAudit | user=null | ip=null | op=WRITE_CHUNK {blockData=conID: 1 locID: 102705458976981006 bcsId: 0} | ret=SUCCESS |  
2019-08-30 10:28:58,477 | INFO  | DNAudit | user=null | ip=null | op=WRITE_CHUNK {blockData=conID: 1 locID: 102705458976981006 bcsId: 0} | ret=SUCCESS |  
2019-08-30 10:28:58,476 [grpc-default-executor-6] INFO  client.GrpcClientProtocolClient (GrpcClientProtocolClient.java:onNext(255)) - client-8C6B71DAE6AE->e33cffab-a258-46fb-ba8c-565f72f79075: receive RaftClientReply:client-8C6B71DAE6AE->e33cffab-a258-46fb-ba8c-565f72f79075@group-0D0B87365B5C, cid=177, SUCCESS, logIndex=4, commits[e33cffab-a258-46fb-ba8c-565f72f79075:c11, b2a9b6fb-eaa2-405b-9351-dabddfe94996:c7, 96988ad7-ae0a-41fc-bcd9-7add42cf23a5:c7]
2019-08-30 10:28:58,478 [grpc-default-executor-6] INFO  client.GrpcClientProtocolClient (GrpcClientProtocolClient.java:onNext(255)) - client-8C6B71DAE6AE->e33cffab-a258-46fb-ba8c-565f72f79075: receive RaftClientReply:client-8C6B71DAE6AE->e33cffab-a258-46fb-ba8c-565f72f79075@group-0D0B87365B5C, cid=178, SUCCESS, logIndex=5, commits[e33cffab-a258-46fb-ba8c-565f72f79075:c11, b2a9b6fb-eaa2-405b-9351-dabddfe94996:c7, 96988ad7-ae0a-41fc-bcd9-7add42cf23a5:c7]
2019-08-30 10:28:58,478 [grpc-default-executor-6] INFO  client.GrpcClientProtocolClient (GrpcClientProtocolClient.java:onNext(255)) - client-8C6B71DAE6AE->e33cffab-a258-46fb-ba8c-565f72f79075: receive RaftClientReply:client-8C6B71DAE6AE->e33cffab-a258-46fb-ba8c-565f72f79075@group-0D0B87365B5C, cid=179, SUCCESS, logIndex=6, commits[e33cffab-a258-46fb-ba8c-565f72f79075:c11, b2a9b6fb-eaa2-405b-9351-dabddfe94996:c7, 96988ad7-ae0a-41fc-bcd9-7add42cf23a5:c7]
2019-08-30 10:28:58,514 | INFO  | DNAudit | user=null | ip=null | op=PUT_BLOCK {blockData=[blockId=conID: 1 locID: 102705458976981006 bcsId: 0,size=200]} | ret=SUCCESS |  
2019-08-30 10:28:58,514 | INFO  | DNAudit | user=null | ip=null | op=WRITE_CHUNK {blockData=conID: 1 locID: 102705458976981006 bcsId: 0} | ret=SUCCESS |  
2019-08-30 10:28:58,515 | INFO  | DNAudit | user=null | ip=null | op=WRITE_CHUNK {blockData=conID: 1 locID: 102705458976981006 bcsId: 0} | ret=SUCCESS |  
2019-08-30 10:28:58,535 | INFO  | DNAudit | user=null | ip=null | op=PUT_BLOCK {blockData=[blockId=conID: 1 locID: 102705458976981006 bcsId: 0,size=400]} | ret=SUCCESS |  
2019-08-30 10:28:58,535 | INFO  | DNAudit | user=null | ip=null | op=PUT_BLOCK {blockData=[blockId=conID: 1 locID: 102705458976981006 bcsId: 0,size=400]} | ret=SUCCESS |  
2019-08-30 10:28:58,535 | INFO  | DNAudit | user=null | ip=null | op=PUT_BLOCK {blockData=[blockId=conID: 1 locID: 102705458976981006 bcsId: 0,size=200]} | ret=SUCCESS |  
2019-08-30 10:28:58,536 | INFO  | DNAudit | user=null | ip=null | op=WRITE_CHUNK {blockData=conID: 1 locID: 102705458976981006 bcsId: 0} | ret=SUCCESS |  
2019-08-30 10:28:58,537 | INFO  | DNAudit | user=null | ip=null | op=WRITE_CHUNK {blockData=conID: 1 locID: 102705458976981006 bcsId: 0} | ret=SUCCESS |  
2019-08-30 10:28:58,537 [grpc-default-executor-6] INFO  client.GrpcClientProtocolClient (GrpcClientProtocolClient.java:onNext(255)) - client-8C6B71DAE6AE->e33cffab-a258-46fb-ba8c-565f72f79075: receive RaftClientReply:client-8C6B71DAE6AE->e33cffab-a258-46fb-ba8c-565f72f79075@group-0D0B87365B5C, cid=180, SUCCESS, logIndex=7, commits[e33cffab-a258-46fb-ba8c-565f72f79075:c11, b2a9b6fb-eaa2-405b-9351-dabddfe94996:c7, 96988ad7-ae0a-41fc-bcd9-7add42cf23a5:c7]
2019-08-30 10:28:58,537 | INFO  | DNAudit | user=null | ip=null | op=PUT_BLOCK {blockData=[blockId=conID: 1 locID: 102705458976981006 bcsId: 0,size=400]} | ret=SUCCESS |  
2019-08-30 10:28:58,545 | INFO  | DNAudit | user=null | ip=null | op=WRITE_CHUNK {blockData=conID: 1 locID: 102705458976981006 bcsId: 7} | ret=SUCCESS |  
2019-08-30 10:28:58,546 | INFO  | DNAudit | user=null | ip=null | op=WRITE_CHUNK {blockData=conID: 1 locID: 102705458976981006 bcsId: 7} | ret=SUCCESS |  
2019-08-30 10:28:58,547 | INFO  | DNAudit | user=null | ip=null | op=WRITE_CHUNK {blockData=conID: 1 locID: 102705458976981006 bcsId: 7} | ret=SUCCESS |  
2019-08-30 10:28:58,561 | INFO  | DNAudit | user=null | ip=null | op=WRITE_CHUNK {blockData=conID: 1 locID: 102705458976981006 bcsId: 7} | ret=SUCCESS |  
2019-08-30 10:28:58,567 | INFO  | DNAudit | user=null | ip=null | op=PUT_BLOCK {blockData=[blockId=conID: 1 locID: 102705458976981006 bcsId: 0,size=450]} | ret=SUCCESS |  
2019-08-30 10:28:58,568 [grpc-default-executor-7] INFO  client.GrpcClientProtocolClient (GrpcClientProtocolClient.java:onNext(255)) - client-8C6B71DAE6AE->e33cffab-a258-46fb-ba8c-565f72f79075: receive RaftClientReply:client-8C6B71DAE6AE->e33cffab-a258-46fb-ba8c-565f72f79075@group-0D0B87365B5C, cid=181, SUCCESS, logIndex=12, commits[e33cffab-a258-46fb-ba8c-565f72f79075:c13, b2a9b6fb-eaa2-405b-9351-dabddfe94996:c11, 96988ad7-ae0a-41fc-bcd9-7add42cf23a5:c11]
2019-08-30 10:28:58,568 [grpc-default-executor-7] INFO  client.GrpcClientProtocolClient (GrpcClientProtocolClient.java:onNext(255)) - client-8C6B71DAE6AE->e33cffab-a258-46fb-ba8c-565f72f79075: receive RaftClientReply:client-8C6B71DAE6AE->e33cffab-a258-46fb-ba8c-565f72f79075@group-0D0B87365B5C, cid=182, SUCCESS, logIndex=13, commits[e33cffab-a258-46fb-ba8c-565f72f79075:c13, b2a9b6fb-eaa2-405b-9351-dabddfe94996:c11, 96988ad7-ae0a-41fc-bcd9-7add42cf23a5:c11]
2019-08-30 10:28:58,569 | INFO  | DNAudit | user=null | ip=null | op=WRITE_CHUNK {blockData=conID: 1 locID: 102705458976981006 bcsId: 7} | ret=SUCCESS |  
2019-08-30 10:28:58,570 | INFO  | DNAudit | user=null | ip=null | op=WRITE_CHUNK {blockData=conID: 1 locID: 102705458976981006 bcsId: 7} | ret=SUCCESS |  
2019-08-30 10:28:58,578 | INFO  | DNAudit | user=null | ip=null | op=PUT_BLOCK {blockData=[blockId=conID: 1 locID: 102705458976981006 bcsId: 0,size=450]} | ret=SUCCESS |  
2019-08-30 10:28:58,578 | INFO  | DNAudit | user=null | ip=null | op=PUT_BLOCK {blockData=[blockId=conID: 1 locID: 102705458976981006 bcsId: 0,size=450]} | ret=SUCCESS |  
2019-08-30 10:28:58,581 [grpc-default-executor-6] INFO  client.GrpcClientProtocolClient (GrpcClientProtocolClient.java:onNext(255)) - client-8C6B71DAE6AE->e33cffab-a258-46fb-ba8c-565f72f79075: receive RaftClientReply:client-8C6B71DAE6AE->e33cffab-a258-46fb-ba8c-565f72f79075@group-0D0B87365B5C, cid=183, SUCCESS, logIndex=0, commits[e33cffab-a258-46fb-ba8c-565f72f79075:c15, b2a9b6fb-eaa2-405b-9351-dabddfe94996:c13, 96988ad7-ae0a-41fc-bcd9-7add42cf23a5:c13]
2019-08-30 10:28:58,592 | INFO  | SCMAudit | user=jenkins1000 | ip=192.168.5.138 | op=SEND_HEARTBEAT {datanodeUUID=b9a3ceac-635b-47a7-ab79-6f38b04e1c7c, command=[]} | ret=SUCCESS |  
2019-08-30 10:28:58,663 | INFO  | SCMAudit | user=jenkins1000 | ip=192.168.5.138 | op=SEND_HEARTBEAT {datanodeUUID=1ba5ef28-a816-4dc0-8667-4772a169b68f, command=[]} | ret=SUCCESS |  
2019-08-30 10:28:58,728 | INFO  | SCMAudit | user=jenkins1000 | ip=192.168.5.138 | op=SEND_HEARTBEAT {datanodeUUID=761283d5-0d6d-45e5-8015-7ab77012df5e, command=[]} | ret=SUCCESS |  
2019-08-30 10:28:59,039 | INFO  | SCMAudit | user=jenkins1000 | ip=192.168.5.138 | op=SEND_HEARTBEAT {datanodeUUID=22b8f49d-fa4d-49b6-8388-fe1377411d49, command=[]} | ret=SUCCESS |  
2019-08-30 10:28:59,365 | INFO  | SCMAudit | user=jenkins1000 | ip=192.168.5.138 | op=SEND_HEARTBEAT {datanodeUUID=96988ad7-ae0a-41fc-bcd9-7add42cf23a5, command=[]} | ret=SUCCESS |  
2019-08-30 10:28:59,365 [Datanode State Machine Thread - 0] INFO  statemachine.DatanodeStateMachine (DatanodeStateMachine.java:lambda$startDaemon$0(350)) - Ozone container server started.
2019-08-30 10:28:59,365 | INFO  | SCMAudit | user=jenkins1000 | ip=192.168.5.138 | op=SEND_HEARTBEAT {datanodeUUID=b2a9b6fb-eaa2-405b-9351-dabddfe94996, command=[]} | ret=SUCCESS |  
2019-08-30 10:28:59,593 | INFO  | SCMAudit | user=jenkins1000 | ip=192.168.5.138 | op=SEND_HEARTBEAT {datanodeUUID=b9a3ceac-635b-47a7-ab79-6f38b04e1c7c, command=[]} | ret=SUCCESS |  
2019-08-30 10:28:59,664 | INFO  | SCMAudit | user=jenkins1000 | ip=192.168.5.138 | op=SEND_HEARTBEAT {datanodeUUID=1ba5ef28-a816-4dc0-8667-4772a169b68f, command=[]} | ret=SUCCESS |  
2019-08-30 10:28:59,728 | INFO  | SCMAudit | user=jenkins1000 | ip=192.168.5.138 | op=SEND_HEARTBEAT {datanodeUUID=761283d5-0d6d-45e5-8015-7ab77012df5e, command=[]} | ret=SUCCESS |  
2019-08-30 10:29:00,039 | INFO  | SCMAudit | user=jenkins1000 | ip=192.168.5.138 | op=SEND_HEARTBEAT {datanodeUUID=22b8f49d-fa4d-49b6-8388-fe1377411d49, command=[]} | ret=SUCCESS |  
2019-08-30 10:29:00,365 | INFO  | SCMAudit | user=jenkins1000 | ip=192.168.5.138 | op=SEND_HEARTBEAT {datanodeUUID=96988ad7-ae0a-41fc-bcd9-7add42cf23a5, command=[]} | ret=SUCCESS |  
2019-08-30 10:29:00,366 | INFO  | SCMAudit | user=jenkins1000 | ip=192.168.5.138 | op=SEND_HEARTBEAT {datanodeUUID=b2a9b6fb-eaa2-405b-9351-dabddfe94996, command=[]} | ret=SUCCESS |  
2019-08-30 10:29:00,593 | INFO  | SCMAudit | user=jenkins1000 | ip=192.168.5.138 | op=SEND_HEARTBEAT {datanodeUUID=b9a3ceac-635b-47a7-ab79-6f38b04e1c7c, command=[]} | ret=SUCCESS |  
2019-08-30 10:29:00,665 | INFO  | SCMAudit | user=jenkins1000 | ip=192.168.5.138 | op=SEND_HEARTBEAT {datanodeUUID=1ba5ef28-a816-4dc0-8667-4772a169b68f, command=[]} | ret=SUCCESS |  
2019-08-30 10:29:00,728 | INFO  | SCMAudit | user=jenkins1000 | ip=192.168.5.138 | op=SEND_HEARTBEAT {datanodeUUID=761283d5-0d6d-45e5-8015-7ab77012df5e, command=[]} | ret=SUCCESS |  
2019-08-30 10:29:01,039 | INFO  | SCMAudit | user=jenkins1000 | ip=192.168.5.138 | op=SEND_HEARTBEAT {datanodeUUID=22b8f49d-fa4d-49b6-8388-fe1377411d49, command=[]} | ret=SUCCESS |  
2019-08-30 10:29:01,366 | INFO  | SCMAudit | user=jenkins1000 | ip=192.168.5.138 | op=SEND_HEARTBEAT {datanodeUUID=96988ad7-ae0a-41fc-bcd9-7add42cf23a5, command=[]} | ret=SUCCESS |  
2019-08-30 10:29:01,366 | INFO  | SCMAudit | user=jenkins1000 | ip=192.168.5.138 | op=SEND_HEARTBEAT {datanodeUUID=b2a9b6fb-eaa2-405b-9351-dabddfe94996, command=[]} | ret=SUCCESS |  
2019-08-30 10:29:01,593 | INFO  | SCMAudit | user=jenkins1000 | ip=192.168.5.138 | op=SEND_HEARTBEAT {datanodeUUID=b9a3ceac-635b-47a7-ab79-6f38b04e1c7c, command=[]} | ret=SUCCESS |  
2019-08-30 10:29:01,665 | INFO  | SCMAudit | user=jenkins1000 | ip=192.168.5.138 | op=SEND_HEARTBEAT {datanodeUUID=1ba5ef28-a816-4dc0-8667-4772a169b68f, command=[]} | ret=SUCCESS |  
2019-08-30 10:29:01,728 | INFO  | SCMAudit | user=jenkins1000 | ip=192.168.5.138 | op=SEND_HEARTBEAT {datanodeUUID=761283d5-0d6d-45e5-8015-7ab77012df5e, command=[]} | ret=SUCCESS |  
2019-08-30 10:29:02,040 | INFO  | SCMAudit | user=jenkins1000 | ip=192.168.5.138 | op=SEND_HEARTBEAT {datanodeUUID=22b8f49d-fa4d-49b6-8388-fe1377411d49, command=[]} | ret=SUCCESS |  
2019-08-30 10:29:02,366 | INFO  | SCMAudit | user=jenkins1000 | ip=192.168.5.138 | op=SEND_HEARTBEAT {datanodeUUID=b2a9b6fb-eaa2-405b-9351-dabddfe94996, command=[]} | ret=SUCCESS |  
2019-08-30 10:29:02,366 | INFO  | SCMAudit | user=jenkins1000 | ip=192.168.5.138 | op=SEND_HEARTBEAT {datanodeUUID=96988ad7-ae0a-41fc-bcd9-7add42cf23a5, command=[]} | ret=SUCCESS |  
2019-08-30 10:29:02,593 | INFO  | SCMAudit | user=jenkins1000 | ip=192.168.5.138 | op=SEND_HEARTBEAT {datanodeUUID=b9a3ceac-635b-47a7-ab79-6f38b04e1c7c, command=[]} | ret=SUCCESS |  
2019-08-30 10:29:02,665 | INFO  | SCMAudit | user=jenkins1000 | ip=192.168.5.138 | op=SEND_HEARTBEAT {datanodeUUID=1ba5ef28-a816-4dc0-8667-4772a169b68f, command=[]} | ret=SUCCESS |  
2019-08-30 10:29:02,728 | INFO  | SCMAudit | user=jenkins1000 | ip=192.168.5.138 | op=SEND_HEARTBEAT {datanodeUUID=761283d5-0d6d-45e5-8015-7ab77012df5e, command=[]} | ret=SUCCESS |  
2019-08-30 10:29:03,040 | INFO  | SCMAudit | user=jenkins1000 | ip=192.168.5.138 | op=SEND_HEARTBEAT {datanodeUUID=22b8f49d-fa4d-49b6-8388-fe1377411d49, command=[]} | ret=SUCCESS |  
2019-08-30 10:29:03,056 [Thread-3626] INFO  impl.FollowerState (FollowerState.java:run(106)) - 1ba5ef28-a816-4dc0-8667-4772a169b68f:group-DFB17977D0EF changes to CANDIDATE, lastRpcTime:5007, electionTimeout:5007ms
2019-08-30 10:29:03,056 [Thread-3626] INFO  impl.RoleInfo (RoleInfo.java:shutdownFollowerState(121)) - 1ba5ef28-a816-4dc0-8667-4772a169b68f: shutdown FollowerState
2019-08-30 10:29:03,057 [Thread-3626] INFO  impl.RaftServerImpl (RaftServerImpl.java:setRole(171)) - 1ba5ef28-a816-4dc0-8667-4772a169b68f:group-DFB17977D0EF changes role from FOLLOWER to CANDIDATE at term 1 for changeToCandidate
2019-08-30 10:29:03,057 [Thread-3626] INFO  impl.RoleInfo (RoleInfo.java:updateAndGet(143)) - 1ba5ef28-a816-4dc0-8667-4772a169b68f: start LeaderElection
2019-08-30 10:29:03,073 [1ba5ef28-a816-4dc0-8667-4772a169b68f:group-DFB17977D0EF:LeaderElection83] INFO  impl.LeaderElection (LeaderElection.java:askForVotes(181)) - 1ba5ef28-a816-4dc0-8667-4772a169b68f:group-DFB17977D0EF:LeaderElection83: begin an election at term 2 for -1: [b9a3ceac-635b-47a7-ab79-6f38b04e1c7c:192.168.5.138:45835, 761283d5-0d6d-45e5-8015-7ab77012df5e:192.168.5.138:41019, 1ba5ef28-a816-4dc0-8667-4772a169b68f:192.168.5.138:46470], old=null
2019-08-30 10:29:03,076 [grpc-default-executor-6] INFO  impl.RaftServerImpl (RaftServerImpl.java:setRole(171)) - b9a3ceac-635b-47a7-ab79-6f38b04e1c7c:group-DFB17977D0EF changes role from FOLLOWER to FOLLOWER at term 2 for recognizeCandidate:1ba5ef28-a816-4dc0-8667-4772a169b68f
2019-08-30 10:29:03,076 [grpc-default-executor-7] INFO  impl.RaftServerImpl (RaftServerImpl.java:setRole(171)) - 761283d5-0d6d-45e5-8015-7ab77012df5e:group-DFB17977D0EF changes role from FOLLOWER to FOLLOWER at term 2 for recognizeCandidate:1ba5ef28-a816-4dc0-8667-4772a169b68f
2019-08-30 10:29:03,076 [grpc-default-executor-6] INFO  impl.RoleInfo (RoleInfo.java:shutdownFollowerState(121)) - b9a3ceac-635b-47a7-ab79-6f38b04e1c7c: shutdown FollowerState
2019-08-30 10:29:03,077 [grpc-default-executor-7] INFO  impl.RoleInfo (RoleInfo.java:shutdownFollowerState(121)) - 761283d5-0d6d-45e5-8015-7ab77012df5e: shutdown FollowerState
2019-08-30 10:29:03,077 [Thread-3627] INFO  impl.FollowerState (FollowerState.java:run(114)) - b9a3ceac-635b-47a7-ab79-6f38b04e1c7c: FollowerState was interrupted: java.lang.InterruptedException: sleep interrupted
2019-08-30 10:29:03,077 [grpc-default-executor-6] INFO  impl.RoleInfo (RoleInfo.java:updateAndGet(143)) - b9a3ceac-635b-47a7-ab79-6f38b04e1c7c: start FollowerState
2019-08-30 10:29:03,077 [Thread-3625] INFO  impl.FollowerState (FollowerState.java:run(114)) - 761283d5-0d6d-45e5-8015-7ab77012df5e: FollowerState was interrupted: java.lang.InterruptedException: sleep interrupted
2019-08-30 10:29:03,077 [grpc-default-executor-7] INFO  impl.RoleInfo (RoleInfo.java:updateAndGet(143)) - 761283d5-0d6d-45e5-8015-7ab77012df5e: start FollowerState
2019-08-30 10:29:03,087 [1ba5ef28-a816-4dc0-8667-4772a169b68f:group-DFB17977D0EF:LeaderElection83] INFO  impl.LeaderElection (LeaderElection.java:logAndReturn(56)) - 1ba5ef28-a816-4dc0-8667-4772a169b68f:group-DFB17977D0EF:LeaderElection83: Election PASSED; received 1 response(s) [1ba5ef28-a816-4dc0-8667-4772a169b68f<-b9a3ceac-635b-47a7-ab79-6f38b04e1c7c#0:OK-t2] and 0 exception(s); 1ba5ef28-a816-4dc0-8667-4772a169b68f:t2, leader=null, voted=1ba5ef28-a816-4dc0-8667-4772a169b68f, raftlog=1ba5ef28-a816-4dc0-8667-4772a169b68f-SegmentedRaftLog:OPENED:c-1,f-1,i0, conf=-1: [b9a3ceac-635b-47a7-ab79-6f38b04e1c7c:192.168.5.138:45835, 761283d5-0d6d-45e5-8015-7ab77012df5e:192.168.5.138:41019, 1ba5ef28-a816-4dc0-8667-4772a169b68f:192.168.5.138:46470], old=null
2019-08-30 10:29:03,088 [1ba5ef28-a816-4dc0-8667-4772a169b68f:group-DFB17977D0EF:LeaderElection83] INFO  impl.RoleInfo (RoleInfo.java:shutdownLeaderElection(134)) - 1ba5ef28-a816-4dc0-8667-4772a169b68f: shutdown LeaderElection
2019-08-30 10:29:03,088 [1ba5ef28-a816-4dc0-8667-4772a169b68f:group-DFB17977D0EF:LeaderElection83] INFO  impl.RaftServerImpl (RaftServerImpl.java:setRole(171)) - 1ba5ef28-a816-4dc0-8667-4772a169b68f:group-DFB17977D0EF changes role from CANDIDATE to LEADER at term 2 for changeToLeader
2019-08-30 10:29:03,088 [1ba5ef28-a816-4dc0-8667-4772a169b68f:group-DFB17977D0EF:LeaderElection83] INFO  impl.RaftServerImpl (ServerState.java:setLeader(263)) - 1ba5ef28-a816-4dc0-8667-4772a169b68f:group-DFB17977D0EF change Leader from null to 1ba5ef28-a816-4dc0-8667-4772a169b68f at term 2 for becomeLeader, leader elected after 10264ms
2019-08-30 10:29:03,088 [1ba5ef28-a816-4dc0-8667-4772a169b68f:group-DFB17977D0EF:LeaderElection83] INFO  server.RaftServerConfigKeys (ConfUtils.java:logGet(43)) - raft.server.staging.catchup.gap = 1000 (default)
2019-08-30 10:29:03,088 [1ba5ef28-a816-4dc0-8667-4772a169b68f:group-DFB17977D0EF:LeaderElection83] INFO  server.RaftServerConfigKeys (ConfUtils.java:logGet(43)) - raft.server.rpc.sleep.time = 25ms (default)
2019-08-30 10:29:03,088 [1ba5ef28-a816-4dc0-8667-4772a169b68f:group-DFB17977D0EF:LeaderElection83] INFO  server.RaftServerConfigKeys (ConfUtils.java:logGet(43)) - raft.server.write.element-limit = 4096 (default)
2019-08-30 10:29:03,089 [1ba5ef28-a816-4dc0-8667-4772a169b68f:group-DFB17977D0EF:LeaderElection83] INFO  server.RaftServerConfigKeys (ConfUtils.java:logGet(43)) - raft.server.watch.timeout = 10s (default)
2019-08-30 10:29:03,089 [1ba5ef28-a816-4dc0-8667-4772a169b68f:group-DFB17977D0EF:LeaderElection83] INFO  server.RaftServerConfigKeys (ConfUtils.java:logGet(43)) - raft.server.watch.timeout.denomination = 1s (default)
2019-08-30 10:29:03,089 [1ba5ef28-a816-4dc0-8667-4772a169b68f:group-DFB17977D0EF:LeaderElection83] INFO  server.RaftServerConfigKeys (ConfUtils.java:logGet(43)) - raft.server.watch.element-limit = 65536 (default)
2019-08-30 10:29:03,089 [1ba5ef28-a816-4dc0-8667-4772a169b68f:group-DFB17977D0EF:LeaderElection83] INFO  server.RaftServerConfigKeys (ConfUtils.java:logGet(43)) - raft.server.log.appender.snapshot.chunk.size.max = 16MB (=16777216) (default)
2019-08-30 10:29:03,089 [1ba5ef28-a816-4dc0-8667-4772a169b68f:group-DFB17977D0EF:LeaderElection83] INFO  server.RaftServerConfigKeys (ConfUtils.java:logGet(43)) - raft.server.log.appender.buffer.byte-limit = 33554432 (custom)
2019-08-30 10:29:03,090 [1ba5ef28-a816-4dc0-8667-4772a169b68f:group-DFB17977D0EF:LeaderElection83] INFO  server.RaftServerConfigKeys (ConfUtils.java:logGet(43)) - raft.server.log.appender.buffer.element-limit = 1 (custom)
2019-08-30 10:29:03,090 [1ba5ef28-a816-4dc0-8667-4772a169b68f:group-DFB17977D0EF:LeaderElection83] INFO  grpc.GrpcConfigKeys$Server (ConfUtils.java:logGet(43)) - raft.grpc.server.leader.outstanding.appends.max = 128 (default)
2019-08-30 10:29:03,090 [1ba5ef28-a816-4dc0-8667-4772a169b68f:group-DFB17977D0EF:LeaderElection83] INFO  server.RaftServerConfigKeys (ConfUtils.java:logGet(43)) - raft.server.rpc.request.timeout = 3000ms (default)
2019-08-30 10:29:03,090 [1ba5ef28-a816-4dc0-8667-4772a169b68f:group-DFB17977D0EF:LeaderElection83] INFO  server.RaftServerConfigKeys (ConfUtils.java:logGet(43)) - raft.server.log.appender.install.snapshot.enabled = false (custom)
2019-08-30 10:29:03,090 [1ba5ef28-a816-4dc0-8667-4772a169b68f:group-DFB17977D0EF:LeaderElection83] INFO  server.RaftServerConfigKeys (ConfUtils.java:logGet(43)) - raft.server.log.appender.snapshot.chunk.size.max = 16MB (=16777216) (default)
2019-08-30 10:29:03,091 [1ba5ef28-a816-4dc0-8667-4772a169b68f:group-DFB17977D0EF:LeaderElection83] INFO  server.RaftServerConfigKeys (ConfUtils.java:logGet(43)) - raft.server.log.appender.buffer.byte-limit = 33554432 (custom)
2019-08-30 10:29:03,091 [1ba5ef28-a816-4dc0-8667-4772a169b68f:group-DFB17977D0EF:LeaderElection83] INFO  server.RaftServerConfigKeys (ConfUtils.java:logGet(43)) - raft.server.log.appender.buffer.element-limit = 1 (custom)
2019-08-30 10:29:03,091 [1ba5ef28-a816-4dc0-8667-4772a169b68f:group-DFB17977D0EF:LeaderElection83] INFO  grpc.GrpcConfigKeys$Server (ConfUtils.java:logGet(43)) - raft.grpc.server.leader.outstanding.appends.max = 128 (default)
2019-08-30 10:29:03,091 [1ba5ef28-a816-4dc0-8667-4772a169b68f:group-DFB17977D0EF:LeaderElection83] INFO  server.RaftServerConfigKeys (ConfUtils.java:logGet(43)) - raft.server.rpc.request.timeout = 3000ms (default)
2019-08-30 10:29:03,091 [1ba5ef28-a816-4dc0-8667-4772a169b68f:group-DFB17977D0EF:LeaderElection83] INFO  server.RaftServerConfigKeys (ConfUtils.java:logGet(43)) - raft.server.log.appender.install.snapshot.enabled = false (custom)
2019-08-30 10:29:03,092 [1ba5ef28-a816-4dc0-8667-4772a169b68f:group-DFB17977D0EF:LeaderElection83] INFO  impl.RoleInfo (RoleInfo.java:updateAndGet(143)) - 1ba5ef28-a816-4dc0-8667-4772a169b68f: start LeaderState
2019-08-30 10:29:03,092 [1ba5ef28-a816-4dc0-8667-4772a169b68f:group-DFB17977D0EF:LeaderElection83] INFO  segmented.SegmentedRaftLogWorker (SegmentedRaftLogWorker.java:startLogSegment(380)) - 1ba5ef28-a816-4dc0-8667-4772a169b68f-SegmentedRaftLogWorker:Storage Directory /workdir/hadoop-ozone/integration-test/target/test-dir/MiniOzoneClusterImpl-7d259c97-1909-4a64-a3a4-65a46b1cb81d/datanode-1/data/ratis/d7db82d8-b200-4a63-8145-dfb17977d0ef: Starting segment from index:0
2019-08-30 10:29:03,093 [1ba5ef28-a816-4dc0-8667-4772a169b68f:group-DFB17977D0EF:LeaderElection83] INFO  impl.RaftServerImpl (ServerState.java:setRaftConf(361)) - 1ba5ef28-a816-4dc0-8667-4772a169b68f:group-DFB17977D0EF set configuration 0: [b9a3ceac-635b-47a7-ab79-6f38b04e1c7c:192.168.5.138:45835, 761283d5-0d6d-45e5-8015-7ab77012df5e:192.168.5.138:41019, 1ba5ef28-a816-4dc0-8667-4772a169b68f:192.168.5.138:46470], old=null at 0
2019-08-30 10:29:03,094 [grpc-default-executor-6] INFO  impl.RaftServerImpl (ServerState.java:setLeader(263)) - 761283d5-0d6d-45e5-8015-7ab77012df5e:group-DFB17977D0EF change Leader from null to 1ba5ef28-a816-4dc0-8667-4772a169b68f at term 2 for appendEntries, leader elected after 10270ms
2019-08-30 10:29:03,094 [grpc-default-executor-7] INFO  impl.RaftServerImpl (ServerState.java:setLeader(263)) - b9a3ceac-635b-47a7-ab79-6f38b04e1c7c:group-DFB17977D0EF change Leader from null to 1ba5ef28-a816-4dc0-8667-4772a169b68f at term 2 for appendEntries, leader elected after 10270ms
2019-08-30 10:29:03,096 [grpc-default-executor-7] INFO  impl.RaftServerImpl (ServerState.java:setRaftConf(361)) - 761283d5-0d6d-45e5-8015-7ab77012df5e:group-DFB17977D0EF set configuration 0: [b9a3ceac-635b-47a7-ab79-6f38b04e1c7c:192.168.5.138:45835, 761283d5-0d6d-45e5-8015-7ab77012df5e:192.168.5.138:41019, 1ba5ef28-a816-4dc0-8667-4772a169b68f:192.168.5.138:46470], old=null at 0
2019-08-30 10:29:03,096 [grpc-default-executor-6] INFO  impl.RaftServerImpl (ServerState.java:setRaftConf(361)) - b9a3ceac-635b-47a7-ab79-6f38b04e1c7c:group-DFB17977D0EF set configuration 0: [b9a3ceac-635b-47a7-ab79-6f38b04e1c7c:192.168.5.138:45835, 761283d5-0d6d-45e5-8015-7ab77012df5e:192.168.5.138:41019, 1ba5ef28-a816-4dc0-8667-4772a169b68f:192.168.5.138:46470], old=null at 0
2019-08-30 10:29:03,096 [grpc-default-executor-7] INFO  segmented.SegmentedRaftLogWorker (SegmentedRaftLogWorker.java:startLogSegment(380)) - 761283d5-0d6d-45e5-8015-7ab77012df5e-SegmentedRaftLogWorker:Storage Directory /workdir/hadoop-ozone/integration-test/target/test-dir/MiniOzoneClusterImpl-7d259c97-1909-4a64-a3a4-65a46b1cb81d/datanode-2/data/ratis/d7db82d8-b200-4a63-8145-dfb17977d0ef: Starting segment from index:0
2019-08-30 10:29:03,096 [grpc-default-executor-6] INFO  segmented.SegmentedRaftLogWorker (SegmentedRaftLogWorker.java:startLogSegment(380)) - b9a3ceac-635b-47a7-ab79-6f38b04e1c7c-SegmentedRaftLogWorker:Storage Directory /workdir/hadoop-ozone/integration-test/target/test-dir/MiniOzoneClusterImpl-7d259c97-1909-4a64-a3a4-65a46b1cb81d/datanode-0/data/ratis/d7db82d8-b200-4a63-8145-dfb17977d0ef: Starting segment from index:0
2019-08-30 10:29:03,141 [1ba5ef28-a816-4dc0-8667-4772a169b68f-SegmentedRaftLogWorker:Storage Directory /workdir/hadoop-ozone/integration-test/target/test-dir/MiniOzoneClusterImpl-7d259c97-1909-4a64-a3a4-65a46b1cb81d/datanode-1/data/ratis/d7db82d8-b200-4a63-8145-dfb17977d0ef] INFO  segmented.SegmentedRaftLogWorker (SegmentedRaftLogWorker.java:execute(569)) - 1ba5ef28-a816-4dc0-8667-4772a169b68f-SegmentedRaftLogWorker:Storage Directory /workdir/hadoop-ozone/integration-test/target/test-dir/MiniOzoneClusterImpl-7d259c97-1909-4a64-a3a4-65a46b1cb81d/datanode-1/data/ratis/d7db82d8-b200-4a63-8145-dfb17977d0ef: created new log segment /workdir/hadoop-ozone/integration-test/target/test-dir/MiniOzoneClusterImpl-7d259c97-1909-4a64-a3a4-65a46b1cb81d/datanode-1/data/ratis/d7db82d8-b200-4a63-8145-dfb17977d0ef/current/log_inprogress_0
2019-08-30 10:29:03,141 [b9a3ceac-635b-47a7-ab79-6f38b04e1c7c-SegmentedRaftLogWorker:Storage Directory /workdir/hadoop-ozone/integration-test/target/test-dir/MiniOzoneClusterImpl-7d259c97-1909-4a64-a3a4-65a46b1cb81d/datanode-0/data/ratis/d7db82d8-b200-4a63-8145-dfb17977d0ef] INFO  segmented.SegmentedRaftLogWorker (SegmentedRaftLogWorker.java:execute(569)) - b9a3ceac-635b-47a7-ab79-6f38b04e1c7c-SegmentedRaftLogWorker:Storage Directory /workdir/hadoop-ozone/integration-test/target/test-dir/MiniOzoneClusterImpl-7d259c97-1909-4a64-a3a4-65a46b1cb81d/datanode-0/data/ratis/d7db82d8-b200-4a63-8145-dfb17977d0ef: created new log segment /workdir/hadoop-ozone/integration-test/target/test-dir/MiniOzoneClusterImpl-7d259c97-1909-4a64-a3a4-65a46b1cb81d/datanode-0/data/ratis/d7db82d8-b200-4a63-8145-dfb17977d0ef/current/log_inprogress_0
2019-08-30 10:29:03,141 [761283d5-0d6d-45e5-8015-7ab77012df5e-SegmentedRaftLogWorker:Storage Directory /workdir/hadoop-ozone/integration-test/target/test-dir/MiniOzoneClusterImpl-7d259c97-1909-4a64-a3a4-65a46b1cb81d/datanode-2/data/ratis/d7db82d8-b200-4a63-8145-dfb17977d0ef] INFO  segmented.SegmentedRaftLogWorker (SegmentedRaftLogWorker.java:execute(569)) - 761283d5-0d6d-45e5-8015-7ab77012df5e-SegmentedRaftLogWorker:Storage Directory /workdir/hadoop-ozone/integration-test/target/test-dir/MiniOzoneClusterImpl-7d259c97-1909-4a64-a3a4-65a46b1cb81d/datanode-2/data/ratis/d7db82d8-b200-4a63-8145-dfb17977d0ef: created new log segment /workdir/hadoop-ozone/integration-test/target/test-dir/MiniOzoneClusterImpl-7d259c97-1909-4a64-a3a4-65a46b1cb81d/datanode-2/data/ratis/d7db82d8-b200-4a63-8145-dfb17977d0ef/current/log_inprogress_0
2019-08-30 10:29:03,366 | INFO  | SCMAudit | user=jenkins1000 | ip=192.168.5.138 | op=SEND_HEARTBEAT {datanodeUUID=96988ad7-ae0a-41fc-bcd9-7add42cf23a5, command=[]} | ret=SUCCESS |  
2019-08-30 10:29:03,366 | INFO  | SCMAudit | user=jenkins1000 | ip=192.168.5.138 | op=SEND_HEARTBEAT {datanodeUUID=b2a9b6fb-eaa2-405b-9351-dabddfe94996, command=[]} | ret=SUCCESS |  
2019-08-30 10:29:03,398 [EventQueue-StaleNodeForStaleNodeHandler] INFO  node.StaleNodeHandler (StaleNodeHandler.java:onMessage(58)) - Datanode e33cffab-a258-46fb-ba8c-565f72f79075{ip: 192.168.5.138, host: pr-hdds-2061-2h694-1687604233, networkLocation: /default-rack, certSerialId: null} moved to stale state. Finalizing its pipelines [PipelineID=607f3c97-5107-4402-9924-0d0b87365b5c, PipelineID=9196570f-c847-4e96-a25c-6cf420ae7cd7]
2019-08-30 10:29:03,398 [EventQueue-StaleNodeForStaleNodeHandler] INFO  pipeline.SCMPipelineManager (SCMPipelineManager.java:finalizeAndDestroyPipeline(309)) - destroying pipeline:Pipeline[ Id: 607f3c97-5107-4402-9924-0d0b87365b5c, Nodes: e33cffab-a258-46fb-ba8c-565f72f79075{ip: 192.168.5.138, host: pr-hdds-2061-2h694-1687604233, networkLocation: /default-rack, certSerialId: null}96988ad7-ae0a-41fc-bcd9-7add42cf23a5{ip: 192.168.5.138, host: pr-hdds-2061-2h694-1687604233, networkLocation: /default-rack, certSerialId: null}b2a9b6fb-eaa2-405b-9351-dabddfe94996{ip: 192.168.5.138, host: pr-hdds-2061-2h694-1687604233, networkLocation: /default-rack, certSerialId: null}, Type:RATIS, Factor:THREE, State:OPEN]
2019-08-30 10:29:03,398 [EventQueue-StaleNodeForStaleNodeHandler] INFO  pipeline.PipelineStateManager (PipelineStateManager.java:finalizePipeline(123)) - Pipeline Pipeline[ Id: 607f3c97-5107-4402-9924-0d0b87365b5c, Nodes: e33cffab-a258-46fb-ba8c-565f72f79075{ip: 192.168.5.138, host: pr-hdds-2061-2h694-1687604233, networkLocation: /default-rack, certSerialId: null}96988ad7-ae0a-41fc-bcd9-7add42cf23a5{ip: 192.168.5.138, host: pr-hdds-2061-2h694-1687604233, networkLocation: /default-rack, certSerialId: null}b2a9b6fb-eaa2-405b-9351-dabddfe94996{ip: 192.168.5.138, host: pr-hdds-2061-2h694-1687604233, networkLocation: /default-rack, certSerialId: null}, Type:RATIS, Factor:THREE, State:CLOSED] moved to CLOSED state
2019-08-30 10:29:03,399 [EventQueue-StaleNodeForStaleNodeHandler] INFO  pipeline.SCMPipelineManager (SCMPipelineManager.java:finalizeAndDestroyPipeline(309)) - destroying pipeline:Pipeline[ Id: 9196570f-c847-4e96-a25c-6cf420ae7cd7, Nodes: e33cffab-a258-46fb-ba8c-565f72f79075{ip: 192.168.5.138, host: pr-hdds-2061-2h694-1687604233, networkLocation: /default-rack, certSerialId: null}, Type:RATIS, Factor:ONE, State:OPEN]
2019-08-30 10:29:03,399 [EventQueue-StaleNodeForStaleNodeHandler] INFO  pipeline.PipelineStateManager (PipelineStateManager.java:finalizePipeline(123)) - Pipeline Pipeline[ Id: 9196570f-c847-4e96-a25c-6cf420ae7cd7, Nodes: e33cffab-a258-46fb-ba8c-565f72f79075{ip: 192.168.5.138, host: pr-hdds-2061-2h694-1687604233, networkLocation: /default-rack, certSerialId: null}, Type:RATIS, Factor:ONE, State:CLOSED] moved to CLOSED state
2019-08-30 10:29:03,400 [EventQueue-CloseContainerForCloseContainerEventHandler] INFO  container.CloseContainerEventHandler (CloseContainerEventHandler.java:onMessage(61)) - Close container Event triggered for container : #1
2019-08-30 10:29:03,583 [main] INFO  ozoneimpl.OzoneContainer (OzoneContainer.java:stop(215)) - Attempting to stop container services.
2019-08-30 10:29:03,583 [main] INFO  impl.RaftServerProxy (RaftServerProxy.java:lambda$close$4(314)) - e33cffab-a258-46fb-ba8c-565f72f79075: close
2019-08-30 10:29:03,584 [main] INFO  impl.RaftServerImpl (RaftServerImpl.java:lambda$shutdown$3(245)) - e33cffab-a258-46fb-ba8c-565f72f79075: shutdown group-0D0B87365B5C
2019-08-30 10:29:03,584 [main] INFO  util.JmxRegister (JmxRegister.java:unregister(73)) - Successfully un-registered JMX Bean with object name Ratis:service=RaftServer,group=group-0D0B87365B5C,id=e33cffab-a258-46fb-ba8c-565f72f79075
2019-08-30 10:29:03,585 [main] INFO  impl.RoleInfo (RoleInfo.java:shutdownLeaderState(104)) - e33cffab-a258-46fb-ba8c-565f72f79075: shutdown LeaderState
2019-08-30 10:29:03,603 [main] INFO  impl.PendingRequests (PendingRequests.java:sendNotLeaderResponses(202)) - e33cffab-a258-46fb-ba8c-565f72f79075-PendingRequests: sendNotLeaderResponses
2019-08-30 10:29:03,603 [org.apache.ratis.server.impl.LogAppender$AppenderDaemon$$Lambda$537/1768648011@4b72e732] WARN  server.GrpcLogAppender (GrpcLogAppender.java:mayWait(143)) - GrpcLogAppender(e33cffab-a258-46fb-ba8c-565f72f79075->b2a9b6fb-eaa2-405b-9351-dabddfe94996): Wait interrupted by java.lang.InterruptedException
2019-08-30 10:29:03,603 [org.apache.ratis.server.impl.LogAppender$AppenderDaemon$$Lambda$537/1768648011@e707038] WARN  server.GrpcLogAppender (GrpcLogAppender.java:mayWait(143)) - GrpcLogAppender(e33cffab-a258-46fb-ba8c-565f72f79075->96988ad7-ae0a-41fc-bcd9-7add42cf23a5): Wait interrupted by java.lang.InterruptedException
2019-08-30 10:29:03,607 | INFO  | SCMAudit | user=jenkins1000 | ip=192.168.5.138 | op=SEND_HEARTBEAT {datanodeUUID=b9a3ceac-635b-47a7-ab79-6f38b04e1c7c, command=[]} | ret=SUCCESS |  
2019-08-30 10:29:03,607 [main] INFO  impl.StateMachineUpdater (StateMachineUpdater.java:stopAndJoin(115)) - StateMachineUpdater:e33cffab-a258-46fb-ba8c-565f72f79075:group-0D0B87365B5C: set stopIndex = 15
2019-08-30 10:29:03,607 [grpc-default-executor-7] INFO  server.GrpcServerProtocolService (GrpcServerProtocolService.java:onCompleted(104)) - b2a9b6fb-eaa2-405b-9351-dabddfe94996: appendEntries completed
2019-08-30 10:29:03,607 [grpc-default-executor-6] INFO  server.GrpcServerProtocolService (GrpcServerProtocolService.java:onCompleted(104)) - 96988ad7-ae0a-41fc-bcd9-7add42cf23a5: appendEntries completed
2019-08-30 10:29:03,607 [StateMachineUpdater:e33cffab-a258-46fb-ba8c-565f72f79075:group-0D0B87365B5C] INFO  ratis.ContainerStateMachine (ContainerStateMachine.java:takeSnapshot(284)) - group-0D0B87365B5C: Taking a snapshot at:(t:1, i:13) file /workdir/hadoop-ozone/integration-test/target/test-dir/MiniOzoneClusterImpl-7d259c97-1909-4a64-a3a4-65a46b1cb81d/datanode-5/data/ratis/607f3c97-5107-4402-9924-0d0b87365b5c/sm/snapshot.1_13
2019-08-30 10:29:03,608 [grpc-default-executor-6] INFO  server.GrpcLogAppender (GrpcLogAppender.java:onCompleted(292)) - e33cffab-a258-46fb-ba8c-565f72f79075->b2a9b6fb-eaa2-405b-9351-dabddfe94996: follower responses appendEntries COMPLETED
2019-08-30 10:29:03,608 [grpc-default-executor-7] INFO  server.GrpcLogAppender (GrpcLogAppender.java:onCompleted(292)) - e33cffab-a258-46fb-ba8c-565f72f79075->96988ad7-ae0a-41fc-bcd9-7add42cf23a5: follower responses appendEntries COMPLETED
2019-08-30 10:29:03,609 [grpc-default-executor-6] INFO  impl.FollowerInfo (FollowerInfo.java:lambda$new$0(50)) - e33cffab-a258-46fb-ba8c-565f72f79075->b2a9b6fb-eaa2-405b-9351-dabddfe94996: nextIndex: updateUnconditionally 16 -> 15
2019-08-30 10:29:03,609 [grpc-default-executor-7] INFO  impl.FollowerInfo (FollowerInfo.java:lambda$new$0(50)) - e33cffab-a258-46fb-ba8c-565f72f79075->96988ad7-ae0a-41fc-bcd9-7add42cf23a5: nextIndex: updateUnconditionally 16 -> 15
2019-08-30 10:29:03,630 [StateMachineUpdater:e33cffab-a258-46fb-ba8c-565f72f79075:group-0D0B87365B5C] INFO  ratis.ContainerStateMachine (ContainerStateMachine.java:takeSnapshot(295)) - group-0D0B87365B5C: Finished taking a snapshot at:(t:1, i:13) file:/workdir/hadoop-ozone/integration-test/target/test-dir/MiniOzoneClusterImpl-7d259c97-1909-4a64-a3a4-65a46b1cb81d/datanode-5/data/ratis/607f3c97-5107-4402-9924-0d0b87365b5c/sm/snapshot.1_13 time:23
2019-08-30 10:29:03,630 [StateMachineUpdater:e33cffab-a258-46fb-ba8c-565f72f79075:group-0D0B87365B5C] INFO  impl.StateMachineUpdater (StateMachineUpdater.java:takeSnapshot(242)) - StateMachineUpdater:e33cffab-a258-46fb-ba8c-565f72f79075:group-0D0B87365B5C: Took a snapshot at index 13
2019-08-30 10:29:03,630 [StateMachineUpdater:e33cffab-a258-46fb-ba8c-565f72f79075:group-0D0B87365B5C] INFO  impl.StateMachineUpdater (StateMachineUpdater.java:lambda$new$0(80)) - StateMachineUpdater:e33cffab-a258-46fb-ba8c-565f72f79075:group-0D0B87365B5C: snapshotIndex: updateIncreasingly -1 -> 13
2019-08-30 10:29:03,631 [main] INFO  impl.RaftServerImpl (ServerState.java:close(394)) - e33cffab-a258-46fb-ba8c-565f72f79075:group-0D0B87365B5C closes. The last applied log index is 15
2019-08-30 10:29:03,631 [e33cffab-a258-46fb-ba8c-565f72f79075-SegmentedRaftLogWorker:Storage Directory /workdir/hadoop-ozone/integration-test/target/test-dir/MiniOzoneClusterImpl-7d259c97-1909-4a64-a3a4-65a46b1cb81d/datanode-5/data/ratis/607f3c97-5107-4402-9924-0d0b87365b5c] INFO  segmented.SegmentedRaftLogWorker (SegmentedRaftLogWorker.java:run(313)) - e33cffab-a258-46fb-ba8c-565f72f79075-SegmentedRaftLogWorker:Storage Directory /workdir/hadoop-ozone/integration-test/target/test-dir/MiniOzoneClusterImpl-7d259c97-1909-4a64-a3a4-65a46b1cb81d/datanode-5/data/ratis/607f3c97-5107-4402-9924-0d0b87365b5c was interrupted, exiting. There are 0 tasks remaining in the queue.
2019-08-30 10:29:03,634 [main] INFO  segmented.SegmentedRaftLogWorker (SegmentedRaftLogWorker.java:close(228)) - e33cffab-a258-46fb-ba8c-565f72f79075-SegmentedRaftLogWorker:Storage Directory /workdir/hadoop-ozone/integration-test/target/test-dir/MiniOzoneClusterImpl-7d259c97-1909-4a64-a3a4-65a46b1cb81d/datanode-5/data/ratis/607f3c97-5107-4402-9924-0d0b87365b5c close()
2019-08-30 10:29:03,637 [main] INFO  impl.RaftServerImpl (RaftServerImpl.java:lambda$shutdown$3(245)) - e33cffab-a258-46fb-ba8c-565f72f79075: shutdown group-6CF420AE7CD7
2019-08-30 10:29:03,638 [main] INFO  util.JmxRegister (JmxRegister.java:unregister(73)) - Successfully un-registered JMX Bean with object name Ratis:service=RaftServer,group=group-6CF420AE7CD7,id=e33cffab-a258-46fb-ba8c-565f72f79075
2019-08-30 10:29:03,638 [main] INFO  impl.RoleInfo (RoleInfo.java:shutdownLeaderState(104)) - e33cffab-a258-46fb-ba8c-565f72f79075: shutdown LeaderState
2019-08-30 10:29:03,639 [main] INFO  impl.PendingRequests (PendingRequests.java:sendNotLeaderResponses(202)) - e33cffab-a258-46fb-ba8c-565f72f79075-PendingRequests: sendNotLeaderResponses
2019-08-30 10:29:03,639 [main] INFO  impl.StateMachineUpdater (StateMachineUpdater.java:stopAndJoin(115)) - StateMachineUpdater:e33cffab-a258-46fb-ba8c-565f72f79075:group-6CF420AE7CD7: set stopIndex = 0
2019-08-30 10:29:03,640 [main] INFO  impl.RaftServerImpl (ServerState.java:close(394)) - e33cffab-a258-46fb-ba8c-565f72f79075:group-6CF420AE7CD7 closes. The last applied log index is 0
2019-08-30 10:29:03,640 [e33cffab-a258-46fb-ba8c-565f72f79075-SegmentedRaftLogWorker:Storage Directory /workdir/hadoop-ozone/integration-test/target/test-dir/MiniOzoneClusterImpl-7d259c97-1909-4a64-a3a4-65a46b1cb81d/datanode-5/data/ratis/9196570f-c847-4e96-a25c-6cf420ae7cd7] INFO  segmented.SegmentedRaftLogWorker (SegmentedRaftLogWorker.java:run(313)) - e33cffab-a258-46fb-ba8c-565f72f79075-SegmentedRaftLogWorker:Storage Directory /workdir/hadoop-ozone/integration-test/target/test-dir/MiniOzoneClusterImpl-7d259c97-1909-4a64-a3a4-65a46b1cb81d/datanode-5/data/ratis/9196570f-c847-4e96-a25c-6cf420ae7cd7 was interrupted, exiting. There are 0 tasks remaining in the queue.
2019-08-30 10:29:03,642 [main] INFO  segmented.SegmentedRaftLogWorker (SegmentedRaftLogWorker.java:close(228)) - e33cffab-a258-46fb-ba8c-565f72f79075-SegmentedRaftLogWorker:Storage Directory /workdir/hadoop-ozone/integration-test/target/test-dir/MiniOzoneClusterImpl-7d259c97-1909-4a64-a3a4-65a46b1cb81d/datanode-5/data/ratis/9196570f-c847-4e96-a25c-6cf420ae7cd7 close()
2019-08-30 10:29:03,646 [main] INFO  server.GrpcService (GrpcService.java:closeImpl(155)) - e33cffab-a258-46fb-ba8c-565f72f79075: shutdown server with port 39244 now
2019-08-30 10:29:03,647 [grpc-default-executor-6] WARN  client.GrpcClientProtocolService (LogUtils.java:warn(134)) - 2-UnorderedRequestStreamObserver2: onError: org.apache.ratis.thirdparty.io.grpc.StatusRuntimeException: CANCELLED: cancelled before receiving half close
2019-08-30 10:29:03,647 [main] INFO  server.GrpcService (GrpcService.java:closeImpl(163)) - e33cffab-a258-46fb-ba8c-565f72f79075: shutdown server with port 39244 successfully
2019-08-30 10:29:03,650 [refreshUsed-/workdir/hadoop-ozone/integration-test/target/test-dir/MiniOzoneClusterImpl-7d259c97-1909-4a64-a3a4-65a46b1cb81d/datanode-5/data/containers] WARN  fs.CachingGetSpaceUsed (CachingGetSpaceUsed.java:run(183)) - Thread Interrupted waiting to refresh disk information: sleep interrupted
2019-08-30 10:29:03,665 | INFO  | SCMAudit | user=jenkins1000 | ip=192.168.5.138 | op=SEND_HEARTBEAT {datanodeUUID=1ba5ef28-a816-4dc0-8667-4772a169b68f, command=[]} | ret=SUCCESS |  
2019-08-30 10:29:03,670 [main] INFO  utils.BackgroundService (BackgroundService.java:shutdown(148)) - Shutting down service BlockDeletingService
2019-08-30 10:29:03,679 [main] INFO  statemachine.DatanodeStateMachine (DatanodeStateMachine.java:stopDaemon(395)) - Ozone container server stopped.
2019-08-30 10:29:03,680 [main] INFO  handler.ContextHandler (ContextHandler.java:doStop(910)) - Stopped o.e.j.w.WebAppContext@684ce74c{/,null,UNAVAILABLE}{/hddsDatanode}
2019-08-30 10:29:03,681 [main] INFO  server.AbstractConnector (AbstractConnector.java:doStop(318)) - Stopped ServerConnector@65593327{HTTP/1.1,[http/1.1]}{0.0.0.0:0}
2019-08-30 10:29:03,681 [main] INFO  handler.ContextHandler (ContextHandler.java:doStop(910)) - Stopped o.e.j.s.ServletContextHandler@31881aa2{/static,jar:file:/home/user/.m2/repository/org/apache/hadoop/hadoop-hdds-container-service/0.5.0-SNAPSHOT/hadoop-hdds-container-service-0.5.0-SNAPSHOT.jar!/webapps/static,UNAVAILABLE}
2019-08-30 10:29:03,681 [main] INFO  handler.ContextHandler (ContextHandler.java:doStop(910)) - Stopped o.e.j.s.ServletContextHandler@60deefed{/logs,file:///workdir/hadoop-ozone/integration-test/target/log,UNAVAILABLE}
2019-08-30 10:29:03,727 | INFO  | SCMAudit | user=jenkins1000 | ip=192.168.5.138 | op=SEND_HEARTBEAT {datanodeUUID=761283d5-0d6d-45e5-8015-7ab77012df5e, command=[]} | ret=SUCCESS |  
2019-08-30 10:29:04,041 | INFO  | SCMAudit | user=jenkins1000 | ip=192.168.5.138 | op=SEND_HEARTBEAT {datanodeUUID=22b8f49d-fa4d-49b6-8388-fe1377411d49, command=[]} | ret=SUCCESS |  
2019-08-30 10:29:04,367 | INFO  | SCMAudit | user=jenkins1000 | ip=192.168.5.138 | op=SEND_HEARTBEAT {datanodeUUID=b2a9b6fb-eaa2-405b-9351-dabddfe94996, command=[commandType: closeContainerCommand closeContainerCommandProto { containerID: 1 pipelineID { id: "607f3c97-5107-4402-9924-0d0b87365b5c" } cmdId: 1 force: false } ]} | ret=SUCCESS |  
2019-08-30 10:29:04,367 | INFO  | SCMAudit | user=jenkins1000 | ip=192.168.5.138 | op=SEND_HEARTBEAT {datanodeUUID=96988ad7-ae0a-41fc-bcd9-7add42cf23a5, command=[commandType: closeContainerCommand closeContainerCommandProto { containerID: 1 pipelineID { id: "607f3c97-5107-4402-9924-0d0b87365b5c" } cmdId: 1 force: false } ]} | ret=SUCCESS |  
2019-08-30 10:29:04,604 | INFO  | SCMAudit | user=jenkins1000 | ip=192.168.5.138 | op=SEND_HEARTBEAT {datanodeUUID=b9a3ceac-635b-47a7-ab79-6f38b04e1c7c, command=[]} | ret=SUCCESS |  
2019-08-30 10:29:04,665 | INFO  | SCMAudit | user=jenkins1000 | ip=192.168.5.138 | op=SEND_HEARTBEAT {datanodeUUID=1ba5ef28-a816-4dc0-8667-4772a169b68f, command=[]} | ret=SUCCESS |  
2019-08-30 10:29:04,728 | INFO  | SCMAudit | user=jenkins1000 | ip=192.168.5.138 | op=SEND_HEARTBEAT {datanodeUUID=761283d5-0d6d-45e5-8015-7ab77012df5e, command=[]} | ret=SUCCESS |  
2019-08-30 10:29:05,041 | INFO  | SCMAudit | user=jenkins1000 | ip=192.168.5.138 | op=SEND_HEARTBEAT {datanodeUUID=22b8f49d-fa4d-49b6-8388-fe1377411d49, command=[]} | ret=SUCCESS |  
2019-08-30 10:29:05,366 | INFO  | SCMAudit | user=jenkins1000 | ip=192.168.5.138 | op=SEND_HEARTBEAT {datanodeUUID=b2a9b6fb-eaa2-405b-9351-dabddfe94996, command=[]} | ret=SUCCESS |  
2019-08-30 10:29:05,366 | INFO  | SCMAudit | user=jenkins1000 | ip=192.168.5.138 | op=SEND_HEARTBEAT {datanodeUUID=96988ad7-ae0a-41fc-bcd9-7add42cf23a5, command=[]} | ret=SUCCESS |  
2019-08-30 10:29:05,395 | INFO  | SCMAudit | user=jenkins1000 | ip=192.168.5.138 | op=SEND_HEARTBEAT {datanodeUUID=96988ad7-ae0a-41fc-bcd9-7add42cf23a5, command=[]} | ret=SUCCESS |  
2019-08-30 10:29:05,604 | INFO  | SCMAudit | user=jenkins1000 | ip=192.168.5.138 | op=SEND_HEARTBEAT {datanodeUUID=b9a3ceac-635b-47a7-ab79-6f38b04e1c7c, command=[]} | ret=SUCCESS |  
2019-08-30 10:29:05,665 | INFO  | SCMAudit | user=jenkins1000 | ip=192.168.5.138 | op=SEND_HEARTBEAT {datanodeUUID=1ba5ef28-a816-4dc0-8667-4772a169b68f, command=[]} | ret=SUCCESS |  
2019-08-30 10:29:05,695 [grpc-default-executor-5] INFO  client.GrpcClientProtocolClient (GrpcClientProtocolClient.java:onNext(255)) - client-8C6B71DAE6AE->96988ad7-ae0a-41fc-bcd9-7add42cf23a5: receive RaftClientReply:client-8C6B71DAE6AE->96988ad7-ae0a-41fc-bcd9-7add42cf23a5@group-0D0B87365B5C, cid=184, FAILED org.apache.ratis.protocol.NotLeaderException: Server 96988ad7-ae0a-41fc-bcd9-7add42cf23a5 is not the leader (e33cffab-a258-46fb-ba8c-565f72f79075:192.168.5.138:39244). Request must be sent to leader., logIndex=0, commits[96988ad7-ae0a-41fc-bcd9-7add42cf23a5:c15, b2a9b6fb-eaa2-405b-9351-dabddfe94996:c15, e33cffab-a258-46fb-ba8c-565f72f79075:c15]
2019-08-30 10:29:05,728 | INFO  | SCMAudit | user=jenkins1000 | ip=192.168.5.138 | op=SEND_HEARTBEAT {datanodeUUID=761283d5-0d6d-45e5-8015-7ab77012df5e, command=[]} | ret=SUCCESS |  
2019-08-30 10:29:06,041 | INFO  | SCMAudit | user=jenkins1000 | ip=192.168.5.138 | op=SEND_HEARTBEAT {datanodeUUID=22b8f49d-fa4d-49b6-8388-fe1377411d49, command=[]} | ret=SUCCESS |  
2019-08-30 10:29:06,366 | INFO  | SCMAudit | user=jenkins1000 | ip=192.168.5.138 | op=SEND_HEARTBEAT {datanodeUUID=b2a9b6fb-eaa2-405b-9351-dabddfe94996, command=[]} | ret=SUCCESS |  
2019-08-30 10:29:06,394 | INFO  | SCMAudit | user=jenkins1000 | ip=192.168.5.138 | op=SEND_HEARTBEAT {datanodeUUID=b2a9b6fb-eaa2-405b-9351-dabddfe94996, command=[]} | ret=SUCCESS |  
2019-08-30 10:29:06,395 | INFO  | SCMAudit | user=jenkins1000 | ip=192.168.5.138 | op=SEND_HEARTBEAT {datanodeUUID=96988ad7-ae0a-41fc-bcd9-7add42cf23a5, command=[]} | ret=SUCCESS |  
2019-08-30 10:29:06,604 | INFO  | SCMAudit | user=jenkins1000 | ip=192.168.5.138 | op=SEND_HEARTBEAT {datanodeUUID=b9a3ceac-635b-47a7-ab79-6f38b04e1c7c, command=[]} | ret=SUCCESS |  
2019-08-30 10:29:06,665 | INFO  | SCMAudit | user=jenkins1000 | ip=192.168.5.138 | op=SEND_HEARTBEAT {datanodeUUID=1ba5ef28-a816-4dc0-8667-4772a169b68f, command=[]} | ret=SUCCESS |  
2019-08-30 10:29:06,708 [grpc-default-executor-7] INFO  client.GrpcClientProtocolClient (GrpcClientProtocolClient.java:onNext(255)) - client-8C6B71DAE6AE->96988ad7-ae0a-41fc-bcd9-7add42cf23a5: receive RaftClientReply:client-8C6B71DAE6AE->96988ad7-ae0a-41fc-bcd9-7add42cf23a5@group-0D0B87365B5C, cid=184, FAILED org.apache.ratis.protocol.NotLeaderException: Server 96988ad7-ae0a-41fc-bcd9-7add42cf23a5 is not the leader (e33cffab-a258-46fb-ba8c-565f72f79075:192.168.5.138:39244). Request must be sent to leader., logIndex=0, commits[96988ad7-ae0a-41fc-bcd9-7add42cf23a5:c15, b2a9b6fb-eaa2-405b-9351-dabddfe94996:c15, e33cffab-a258-46fb-ba8c-565f72f79075:c15]
2019-08-30 10:29:06,728 | INFO  | SCMAudit | user=jenkins1000 | ip=192.168.5.138 | op=SEND_HEARTBEAT {datanodeUUID=761283d5-0d6d-45e5-8015-7ab77012df5e, command=[]} | ret=SUCCESS |  
2019-08-30 10:29:07,042 | INFO  | SCMAudit | user=jenkins1000 | ip=192.168.5.138 | op=SEND_HEARTBEAT {datanodeUUID=22b8f49d-fa4d-49b6-8388-fe1377411d49, command=[]} | ret=SUCCESS |  
2019-08-30 10:29:07,394 | INFO  | SCMAudit | user=jenkins1000 | ip=192.168.5.138 | op=SEND_HEARTBEAT {datanodeUUID=b2a9b6fb-eaa2-405b-9351-dabddfe94996, command=[]} | ret=SUCCESS |  
2019-08-30 10:29:07,396 | INFO  | SCMAudit | user=jenkins1000 | ip=192.168.5.138 | op=SEND_HEARTBEAT {datanodeUUID=96988ad7-ae0a-41fc-bcd9-7add42cf23a5, command=[]} | ret=SUCCESS |  
2019-08-30 10:29:07,605 | INFO  | SCMAudit | user=jenkins1000 | ip=192.168.5.138 | op=SEND_HEARTBEAT {datanodeUUID=b9a3ceac-635b-47a7-ab79-6f38b04e1c7c, command=[]} | ret=SUCCESS |  
2019-08-30 10:29:07,666 | INFO  | SCMAudit | user=jenkins1000 | ip=192.168.5.138 | op=SEND_HEARTBEAT {datanodeUUID=1ba5ef28-a816-4dc0-8667-4772a169b68f, command=[]} | ret=SUCCESS |  
2019-08-30 10:29:07,722 [grpc-default-executor-6] INFO  client.GrpcClientProtocolClient (GrpcClientProtocolClient.java:onNext(255)) - client-8C6B71DAE6AE->96988ad7-ae0a-41fc-bcd9-7add42cf23a5: receive RaftClientReply:client-8C6B71DAE6AE->96988ad7-ae0a-41fc-bcd9-7add42cf23a5@group-0D0B87365B5C, cid=184, FAILED org.apache.ratis.protocol.NotLeaderException: Server 96988ad7-ae0a-41fc-bcd9-7add42cf23a5 is not the leader (e33cffab-a258-46fb-ba8c-565f72f79075:192.168.5.138:39244). Request must be sent to leader., logIndex=0, commits[96988ad7-ae0a-41fc-bcd9-7add42cf23a5:c15, b2a9b6fb-eaa2-405b-9351-dabddfe94996:c15, e33cffab-a258-46fb-ba8c-565f72f79075:c15]
2019-08-30 10:29:07,728 | INFO  | SCMAudit | user=jenkins1000 | ip=192.168.5.138 | op=SEND_HEARTBEAT {datanodeUUID=761283d5-0d6d-45e5-8015-7ab77012df5e, command=[]} | ret=SUCCESS |  
2019-08-30 10:29:08,042 | INFO  | SCMAudit | user=jenkins1000 | ip=192.168.5.138 | op=SEND_HEARTBEAT {datanodeUUID=22b8f49d-fa4d-49b6-8388-fe1377411d49, command=[]} | ret=SUCCESS |  
2019-08-30 10:29:08,393 | INFO  | SCMAudit | user=jenkins1000 | ip=192.168.5.138 | op=SEND_HEARTBEAT {datanodeUUID=b2a9b6fb-eaa2-405b-9351-dabddfe94996, command=[]} | ret=SUCCESS |  
2019-08-30 10:29:08,396 | INFO  | SCMAudit | user=jenkins1000 | ip=192.168.5.138 | op=SEND_HEARTBEAT {datanodeUUID=96988ad7-ae0a-41fc-bcd9-7add42cf23a5, command=[]} | ret=SUCCESS |  
2019-08-30 10:29:08,605 | INFO  | SCMAudit | user=jenkins1000 | ip=192.168.5.138 | op=SEND_HEARTBEAT {datanodeUUID=b9a3ceac-635b-47a7-ab79-6f38b04e1c7c, command=[]} | ret=SUCCESS |  
2019-08-30 10:29:08,666 | INFO  | SCMAudit | user=jenkins1000 | ip=192.168.5.138 | op=SEND_HEARTBEAT {datanodeUUID=1ba5ef28-a816-4dc0-8667-4772a169b68f, command=[]} | ret=SUCCESS |  
2019-08-30 10:29:08,728 | INFO  | SCMAudit | user=jenkins1000 | ip=192.168.5.138 | op=SEND_HEARTBEAT {datanodeUUID=761283d5-0d6d-45e5-8015-7ab77012df5e, command=[]} | ret=SUCCESS |  
2019-08-30 10:29:08,734 [grpc-default-executor-5] INFO  client.GrpcClientProtocolClient (GrpcClientProtocolClient.java:onNext(255)) - client-8C6B71DAE6AE->b2a9b6fb-eaa2-405b-9351-dabddfe94996: receive RaftClientReply:client-8C6B71DAE6AE->b2a9b6fb-eaa2-405b-9351-dabddfe94996@group-0D0B87365B5C, cid=184, FAILED org.apache.ratis.protocol.NotLeaderException: Server b2a9b6fb-eaa2-405b-9351-dabddfe94996 is not the leader (e33cffab-a258-46fb-ba8c-565f72f79075:192.168.5.138:39244). Request must be sent to leader., logIndex=0, commits[b2a9b6fb-eaa2-405b-9351-dabddfe94996:c15, e33cffab-a258-46fb-ba8c-565f72f79075:c15, 96988ad7-ae0a-41fc-bcd9-7add42cf23a5:c15]
2019-08-30 10:29:09,042 | INFO  | SCMAudit | user=jenkins1000 | ip=192.168.5.138 | op=SEND_HEARTBEAT {datanodeUUID=22b8f49d-fa4d-49b6-8388-fe1377411d49, command=[]} | ret=SUCCESS |  
2019-08-30 10:29:09,394 | INFO  | SCMAudit | user=jenkins1000 | ip=192.168.5.138 | op=SEND_HEARTBEAT {datanodeUUID=b2a9b6fb-eaa2-405b-9351-dabddfe94996, command=[]} | ret=SUCCESS |  
2019-08-30 10:29:09,396 | INFO  | SCMAudit | user=jenkins1000 | ip=192.168.5.138 | op=SEND_HEARTBEAT {datanodeUUID=96988ad7-ae0a-41fc-bcd9-7add42cf23a5, command=[]} | ret=SUCCESS |  
2019-08-30 10:29:09,605 | INFO  | SCMAudit | user=jenkins1000 | ip=192.168.5.138 | op=SEND_HEARTBEAT {datanodeUUID=b9a3ceac-635b-47a7-ab79-6f38b04e1c7c, command=[]} | ret=SUCCESS |  
2019-08-30 10:29:09,666 | INFO  | SCMAudit | user=jenkins1000 | ip=192.168.5.138 | op=SEND_HEARTBEAT {datanodeUUID=1ba5ef28-a816-4dc0-8667-4772a169b68f, command=[]} | ret=SUCCESS |  
2019-08-30 10:29:09,728 | INFO  | SCMAudit | user=jenkins1000 | ip=192.168.5.138 | op=SEND_HEARTBEAT {datanodeUUID=761283d5-0d6d-45e5-8015-7ab77012df5e, command=[]} | ret=SUCCESS |  
2019-08-30 10:29:09,750 [grpc-default-executor-6] INFO  client.GrpcClientProtocolClient (GrpcClientProtocolClient.java:onNext(255)) - client-8C6B71DAE6AE->96988ad7-ae0a-41fc-bcd9-7add42cf23a5: receive RaftClientReply:client-8C6B71DAE6AE->96988ad7-ae0a-41fc-bcd9-7add42cf23a5@group-0D0B87365B5C, cid=184, FAILED org.apache.ratis.protocol.NotLeaderException: Server 96988ad7-ae0a-41fc-bcd9-7add42cf23a5 is not the leader (e33cffab-a258-46fb-ba8c-565f72f79075:192.168.5.138:39244). Request must be sent to leader., logIndex=0, commits[96988ad7-ae0a-41fc-bcd9-7add42cf23a5:c15, b2a9b6fb-eaa2-405b-9351-dabddfe94996:c15, e33cffab-a258-46fb-ba8c-565f72f79075:c15]
2019-08-30 10:29:10,042 | INFO  | SCMAudit | user=jenkins1000 | ip=192.168.5.138 | op=SEND_HEARTBEAT {datanodeUUID=22b8f49d-fa4d-49b6-8388-fe1377411d49, command=[]} | ret=SUCCESS |  
2019-08-30 10:29:10,394 | INFO  | SCMAudit | user=jenkins1000 | ip=192.168.5.138 | op=SEND_HEARTBEAT {datanodeUUID=b2a9b6fb-eaa2-405b-9351-dabddfe94996, command=[]} | ret=SUCCESS |  
2019-08-30 10:29:10,396 | INFO  | SCMAudit | user=jenkins1000 | ip=192.168.5.138 | op=SEND_HEARTBEAT {datanodeUUID=96988ad7-ae0a-41fc-bcd9-7add42cf23a5, command=[]} | ret=SUCCESS |  
2019-08-30 10:29:10,605 | INFO  | SCMAudit | user=jenkins1000 | ip=192.168.5.138 | op=SEND_HEARTBEAT {datanodeUUID=b9a3ceac-635b-47a7-ab79-6f38b04e1c7c, command=[]} | ret=SUCCESS |  
2019-08-30 10:29:10,666 | INFO  | SCMAudit | user=jenkins1000 | ip=192.168.5.138 | op=SEND_HEARTBEAT {datanodeUUID=1ba5ef28-a816-4dc0-8667-4772a169b68f, command=[]} | ret=SUCCESS |  
2019-08-30 10:29:10,728 | INFO  | SCMAudit | user=jenkins1000 | ip=192.168.5.138 | op=SEND_HEARTBEAT {datanodeUUID=761283d5-0d6d-45e5-8015-7ab77012df5e, command=[]} | ret=SUCCESS |  
2019-08-30 10:29:10,764 [grpc-default-executor-7] INFO  client.GrpcClientProtocolClient (GrpcClientProtocolClient.java:onNext(255)) - client-8C6B71DAE6AE->96988ad7-ae0a-41fc-bcd9-7add42cf23a5: receive RaftClientReply:client-8C6B71DAE6AE->96988ad7-ae0a-41fc-bcd9-7add42cf23a5@group-0D0B87365B5C, cid=184, FAILED org.apache.ratis.protocol.NotLeaderException: Server 96988ad7-ae0a-41fc-bcd9-7add42cf23a5 is not the leader (e33cffab-a258-46fb-ba8c-565f72f79075:192.168.5.138:39244). Request must be sent to leader., logIndex=0, commits[96988ad7-ae0a-41fc-bcd9-7add42cf23a5:c15, b2a9b6fb-eaa2-405b-9351-dabddfe94996:c15, e33cffab-a258-46fb-ba8c-565f72f79075:c15]
2019-08-30 10:29:11,042 | INFO  | SCMAudit | user=jenkins1000 | ip=192.168.5.138 | op=SEND_HEARTBEAT {datanodeUUID=22b8f49d-fa4d-49b6-8388-fe1377411d49, command=[]} | ret=SUCCESS |  
2019-08-30 10:29:11,394 | INFO  | SCMAudit | user=jenkins1000 | ip=192.168.5.138 | op=SEND_HEARTBEAT {datanodeUUID=b2a9b6fb-eaa2-405b-9351-dabddfe94996, command=[]} | ret=SUCCESS |  
2019-08-30 10:29:11,396 | INFO  | SCMAudit | user=jenkins1000 | ip=192.168.5.138 | op=SEND_HEARTBEAT {datanodeUUID=96988ad7-ae0a-41fc-bcd9-7add42cf23a5, command=[]} | ret=SUCCESS |  
2019-08-30 10:29:11,605 | INFO  | SCMAudit | user=jenkins1000 | ip=192.168.5.138 | op=SEND_HEARTBEAT {datanodeUUID=b9a3ceac-635b-47a7-ab79-6f38b04e1c7c, command=[]} | ret=SUCCESS |  
2019-08-30 10:29:11,666 | INFO  | SCMAudit | user=jenkins1000 | ip=192.168.5.138 | op=SEND_HEARTBEAT {datanodeUUID=1ba5ef28-a816-4dc0-8667-4772a169b68f, command=[]} | ret=SUCCESS |  
2019-08-30 10:29:11,728 | INFO  | SCMAudit | user=jenkins1000 | ip=192.168.5.138 | op=SEND_HEARTBEAT {datanodeUUID=761283d5-0d6d-45e5-8015-7ab77012df5e, command=[]} | ret=SUCCESS |  
2019-08-30 10:29:11,778 [grpc-default-executor-5] INFO  client.GrpcClientProtocolClient (GrpcClientProtocolClient.java:onNext(255)) - client-8C6B71DAE6AE->96988ad7-ae0a-41fc-bcd9-7add42cf23a5: receive RaftClientReply:client-8C6B71DAE6AE->96988ad7-ae0a-41fc-bcd9-7add42cf23a5@group-0D0B87365B5C, cid=184, FAILED org.apache.ratis.protocol.NotLeaderException: Server 96988ad7-ae0a-41fc-bcd9-7add42cf23a5 is not the leader (e33cffab-a258-46fb-ba8c-565f72f79075:192.168.5.138:39244). Request must be sent to leader., logIndex=0, commits[96988ad7-ae0a-41fc-bcd9-7add42cf23a5:c15, b2a9b6fb-eaa2-405b-9351-dabddfe94996:c15, e33cffab-a258-46fb-ba8c-565f72f79075:c15]
2019-08-30 10:29:12,042 | INFO  | SCMAudit | user=jenkins1000 | ip=192.168.5.138 | op=SEND_HEARTBEAT {datanodeUUID=22b8f49d-fa4d-49b6-8388-fe1377411d49, command=[]} | ret=SUCCESS |  
2019-08-30 10:29:12,394 | INFO  | SCMAudit | user=jenkins1000 | ip=192.168.5.138 | op=SEND_HEARTBEAT {datanodeUUID=b2a9b6fb-eaa2-405b-9351-dabddfe94996, command=[]} | ret=SUCCESS |  
2019-08-30 10:29:12,396 | INFO  | SCMAudit | user=jenkins1000 | ip=192.168.5.138 | op=SEND_HEARTBEAT {datanodeUUID=96988ad7-ae0a-41fc-bcd9-7add42cf23a5, command=[]} | ret=SUCCESS |  
2019-08-30 10:29:12,605 | INFO  | SCMAudit | user=jenkins1000 | ip=192.168.5.138 | op=SEND_HEARTBEAT {datanodeUUID=b9a3ceac-635b-47a7-ab79-6f38b04e1c7c, command=[]} | ret=SUCCESS |  
2019-08-30 10:29:12,666 | INFO  | SCMAudit | user=jenkins1000 | ip=192.168.5.138 | op=SEND_HEARTBEAT {datanodeUUID=1ba5ef28-a816-4dc0-8667-4772a169b68f, command=[]} | ret=SUCCESS |  
2019-08-30 10:29:12,729 | INFO  | SCMAudit | user=jenkins1000 | ip=192.168.5.138 | op=SEND_HEARTBEAT {datanodeUUID=761283d5-0d6d-45e5-8015-7ab77012df5e, command=[]} | ret=SUCCESS |  
2019-08-30 10:29:12,793 [grpc-default-executor-6] INFO  client.GrpcClientProtocolClient (GrpcClientProtocolClient.java:onNext(255)) - client-8C6B71DAE6AE->b2a9b6fb-eaa2-405b-9351-dabddfe94996: receive RaftClientReply:client-8C6B71DAE6AE->b2a9b6fb-eaa2-405b-9351-dabddfe94996@group-0D0B87365B5C, cid=184, FAILED org.apache.ratis.protocol.NotLeaderException: Server b2a9b6fb-eaa2-405b-9351-dabddfe94996 is not the leader (e33cffab-a258-46fb-ba8c-565f72f79075:192.168.5.138:39244). Request must be sent to leader., logIndex=0, commits[b2a9b6fb-eaa2-405b-9351-dabddfe94996:c15, e33cffab-a258-46fb-ba8c-565f72f79075:c15, 96988ad7-ae0a-41fc-bcd9-7add42cf23a5:c15]
2019-08-30 10:29:13,042 | INFO  | SCMAudit | user=jenkins1000 | ip=192.168.5.138 | op=SEND_HEARTBEAT {datanodeUUID=22b8f49d-fa4d-49b6-8388-fe1377411d49, command=[]} | ret=SUCCESS |  
2019-08-30 10:29:13,365 [Thread-3634] INFO  impl.FollowerState (FollowerState.java:run(106)) - b2a9b6fb-eaa2-405b-9351-dabddfe94996:group-0D0B87365B5C changes to CANDIDATE, lastRpcTime:9783, electionTimeout:5122ms
2019-08-30 10:29:13,365 [Thread-3634] INFO  impl.RoleInfo (RoleInfo.java:shutdownFollowerState(121)) - b2a9b6fb-eaa2-405b-9351-dabddfe94996: shutdown FollowerState
2019-08-30 10:29:13,365 [Thread-3634] INFO  impl.RaftServerImpl (RaftServerImpl.java:setRole(171)) - b2a9b6fb-eaa2-405b-9351-dabddfe94996:group-0D0B87365B5C changes role from FOLLOWER to CANDIDATE at term 1 for changeToCandidate
2019-08-30 10:29:13,365 [Thread-3634] INFO  impl.RoleInfo (RoleInfo.java:updateAndGet(143)) - b2a9b6fb-eaa2-405b-9351-dabddfe94996: start LeaderElection
2019-08-30 10:29:13,368 [b2a9b6fb-eaa2-405b-9351-dabddfe94996:group-0D0B87365B5C:LeaderElection84] INFO  impl.RaftServerImpl (ServerState.java:setLeader(263)) - b2a9b6fb-eaa2-405b-9351-dabddfe94996:group-0D0B87365B5C change Leader from e33cffab-a258-46fb-ba8c-565f72f79075 to null at term 1 for initElection
2019-08-30 10:29:13,382 [b2a9b6fb-eaa2-405b-9351-dabddfe94996:group-0D0B87365B5C:LeaderElection84] INFO  impl.LeaderElection (LeaderElection.java:askForVotes(181)) - b2a9b6fb-eaa2-405b-9351-dabddfe94996:group-0D0B87365B5C:LeaderElection84: begin an election at term 2 for 0: [b2a9b6fb-eaa2-405b-9351-dabddfe94996:192.168.5.138:36493, e33cffab-a258-46fb-ba8c-565f72f79075:192.168.5.138:39244, 96988ad7-ae0a-41fc-bcd9-7add42cf23a5:192.168.5.138:33573], old=null
2019-08-30 10:29:13,384 [b2a9b6fb-eaa2-405b-9351-dabddfe94996:group-0D0B87365B5C:LeaderElection84] INFO  impl.LeaderElection (LogUtils.java:infoOrTrace(149)) - b2a9b6fb-eaa2-405b-9351-dabddfe94996:group-0D0B87365B5C:LeaderElection84 got exception when requesting votes: {}
java.util.concurrent.ExecutionException: org.apache.ratis.thirdparty.io.grpc.StatusRuntimeException: UNAVAILABLE: io exception
	at java.util.concurrent.FutureTask.report(FutureTask.java:122)
	at java.util.concurrent.FutureTask.get(FutureTask.java:192)
	at org.apache.ratis.server.impl.LeaderElection.waitForResults(LeaderElection.java:262)
	at org.apache.ratis.server.impl.LeaderElection.askForVotes(LeaderElection.java:200)
	at org.apache.ratis.server.impl.LeaderElection.run(LeaderElection.java:130)
	at java.lang.Thread.run(Thread.java:748)
Caused by: org.apache.ratis.thirdparty.io.grpc.StatusRuntimeException: UNAVAILABLE: io exception
	at org.apache.ratis.thirdparty.io.grpc.stub.ClientCalls.toStatusRuntimeException(ClientCalls.java:233)
	at org.apache.ratis.thirdparty.io.grpc.stub.ClientCalls.getUnchecked(ClientCalls.java:214)
	at org.apache.ratis.thirdparty.io.grpc.stub.ClientCalls.blockingUnaryCall(ClientCalls.java:139)
	at org.apache.ratis.proto.grpc.RaftServerProtocolServiceGrpc$RaftServerProtocolServiceBlockingStub.requestVote(RaftServerProtocolServiceGrpc.java:265)
	at org.apache.ratis.grpc.server.GrpcServerProtocolClient.requestVote(GrpcServerProtocolClient.java:83)
	at org.apache.ratis.grpc.server.GrpcService.requestVote(GrpcService.java:195)
	at org.apache.ratis.server.impl.LeaderElection.lambda$submitRequests$1(LeaderElection.java:237)
	at java.util.concurrent.FutureTask.run(FutureTask.java:266)
	at java.util.concurrent.Executors$RunnableAdapter.call(Executors.java:511)
	at java.util.concurrent.FutureTask.run(FutureTask.java:266)
	at java.util.concurrent.ThreadPoolExecutor.runWorker(ThreadPoolExecutor.java:1149)
	at java.util.concurrent.ThreadPoolExecutor$Worker.run(ThreadPoolExecutor.java:624)
	... 1 more
Caused by: org.apache.ratis.thirdparty.io.netty.channel.AbstractChannel$AnnotatedConnectException: Connection refused: /192.168.5.138:39244
	at sun.nio.ch.SocketChannelImpl.checkConnect(Native Method)
	at sun.nio.ch.SocketChannelImpl.finishConnect(SocketChannelImpl.java:717)
	at org.apache.ratis.thirdparty.io.netty.channel.socket.nio.NioSocketChannel.doFinishConnect(NioSocketChannel.java:327)
	at org.apache.ratis.thirdparty.io.netty.channel.nio.AbstractNioChannel$AbstractNioUnsafe.finishConnect(AbstractNioChannel.java:340)
	at org.apache.ratis.thirdparty.io.netty.channel.nio.NioEventLoop.processSelectedKey(NioEventLoop.java:632)
	at org.apache.ratis.thirdparty.io.netty.channel.nio.NioEventLoop.processSelectedKeysOptimized(NioEventLoop.java:579)
	at org.apache.ratis.thirdparty.io.netty.channel.nio.NioEventLoop.processSelectedKeys(NioEventLoop.java:496)
	at org.apache.ratis.thirdparty.io.netty.channel.nio.NioEventLoop.run(NioEventLoop.java:458)
	at org.apache.ratis.thirdparty.io.netty.util.concurrent.SingleThreadEventExecutor$5.run(SingleThreadEventExecutor.java:897)
	at org.apache.ratis.thirdparty.io.netty.util.concurrent.FastThreadLocalRunnable.run(FastThreadLocalRunnable.java:30)
	... 1 more
Caused by: java.net.ConnectException: Connection refused
	... 11 more
2019-08-30 10:29:13,389 [grpc-default-executor-7] INFO  impl.RaftServerImpl (ServerState.java:setLeader(263)) - 96988ad7-ae0a-41fc-bcd9-7add42cf23a5:group-0D0B87365B5C change Leader from e33cffab-a258-46fb-ba8c-565f72f79075 to null at term 2 for updateCurrentTerm
2019-08-30 10:29:13,390 [grpc-default-executor-7] INFO  impl.RaftServerImpl (RaftServerImpl.java:setRole(171)) - 96988ad7-ae0a-41fc-bcd9-7add42cf23a5:group-0D0B87365B5C changes role from FOLLOWER to FOLLOWER at term 2 for recognizeCandidate:b2a9b6fb-eaa2-405b-9351-dabddfe94996
2019-08-30 10:29:13,390 [grpc-default-executor-7] INFO  impl.RoleInfo (RoleInfo.java:shutdownFollowerState(121)) - 96988ad7-ae0a-41fc-bcd9-7add42cf23a5: shutdown FollowerState
2019-08-30 10:29:13,390 [grpc-default-executor-7] INFO  impl.RoleInfo (RoleInfo.java:updateAndGet(143)) - 96988ad7-ae0a-41fc-bcd9-7add42cf23a5: start FollowerState
2019-08-30 10:29:13,390 [Thread-3638] INFO  impl.FollowerState (FollowerState.java:run(114)) - 96988ad7-ae0a-41fc-bcd9-7add42cf23a5: FollowerState was interrupted: java.lang.InterruptedException: sleep interrupted
2019-08-30 10:29:13,394 | INFO  | SCMAudit | user=jenkins1000 | ip=192.168.5.138 | op=SEND_HEARTBEAT {datanodeUUID=b2a9b6fb-eaa2-405b-9351-dabddfe94996, command=[]} | ret=SUCCESS |  
2019-08-30 10:29:13,396 | INFO  | SCMAudit | user=jenkins1000 | ip=192.168.5.138 | op=SEND_HEARTBEAT {datanodeUUID=96988ad7-ae0a-41fc-bcd9-7add42cf23a5, command=[]} | ret=SUCCESS |  
2019-08-30 10:29:13,406 [b2a9b6fb-eaa2-405b-9351-dabddfe94996:group-0D0B87365B5C:LeaderElection84] INFO  impl.LeaderElection (LeaderElection.java:logAndReturn(56)) - b2a9b6fb-eaa2-405b-9351-dabddfe94996:group-0D0B87365B5C:LeaderElection84: Election PASSED; received 1 response(s) [b2a9b6fb-eaa2-405b-9351-dabddfe94996<-96988ad7-ae0a-41fc-bcd9-7add42cf23a5#0:OK-t2] and 1 exception(s); b2a9b6fb-eaa2-405b-9351-dabddfe94996:t2, leader=null, voted=b2a9b6fb-eaa2-405b-9351-dabddfe94996, raftlog=b2a9b6fb-eaa2-405b-9351-dabddfe94996-SegmentedRaftLog:OPENED:c15,f15,i15, conf=0: [b2a9b6fb-eaa2-405b-9351-dabddfe94996:192.168.5.138:36493, e33cffab-a258-46fb-ba8c-565f72f79075:192.168.5.138:39244, 96988ad7-ae0a-41fc-bcd9-7add42cf23a5:192.168.5.138:33573], old=null
2019-08-30 10:29:13,407 [b2a9b6fb-eaa2-405b-9351-dabddfe94996:group-0D0B87365B5C:LeaderElection84] INFO  impl.LeaderElection (LogUtils.java:infoOrTrace(149)) -   Exception 0: {}
java.util.concurrent.ExecutionException: org.apache.ratis.thirdparty.io.grpc.StatusRuntimeException: UNAVAILABLE: io exception
	at java.util.concurrent.FutureTask.report(FutureTask.java:122)
	at java.util.concurrent.FutureTask.get(FutureTask.java:192)
	at org.apache.ratis.server.impl.LeaderElection.waitForResults(LeaderElection.java:262)
	at org.apache.ratis.server.impl.LeaderElection.askForVotes(LeaderElection.java:200)
	at org.apache.ratis.server.impl.LeaderElection.run(LeaderElection.java:130)
	at java.lang.Thread.run(Thread.java:748)
Caused by: org.apache.ratis.thirdparty.io.grpc.StatusRuntimeException: UNAVAILABLE: io exception
	at org.apache.ratis.thirdparty.io.grpc.stub.ClientCalls.toStatusRuntimeException(ClientCalls.java:233)
	at org.apache.ratis.thirdparty.io.grpc.stub.ClientCalls.getUnchecked(ClientCalls.java:214)
	at org.apache.ratis.thirdparty.io.grpc.stub.ClientCalls.blockingUnaryCall(ClientCalls.java:139)
	at org.apache.ratis.proto.grpc.RaftServerProtocolServiceGrpc$RaftServerProtocolServiceBlockingStub.requestVote(RaftServerProtocolServiceGrpc.java:265)
	at org.apache.ratis.grpc.server.GrpcServerProtocolClient.requestVote(GrpcServerProtocolClient.java:83)
	at org.apache.ratis.grpc.server.GrpcService.requestVote(GrpcService.java:195)
	at org.apache.ratis.server.impl.LeaderElection.lambda$submitRequests$1(LeaderElection.java:237)
	at java.util.concurrent.FutureTask.run(FutureTask.java:266)
	at java.util.concurrent.Executors$RunnableAdapter.call(Executors.java:511)
	at java.util.concurrent.FutureTask.run(FutureTask.java:266)
	at java.util.concurrent.ThreadPoolExecutor.runWorker(ThreadPoolExecutor.java:1149)
	at java.util.concurrent.ThreadPoolExecutor$Worker.run(ThreadPoolExecutor.java:624)
	... 1 more
Caused by: org.apache.ratis.thirdparty.io.netty.channel.AbstractChannel$AnnotatedConnectException: Connection refused: /192.168.5.138:39244
	at sun.nio.ch.SocketChannelImpl.checkConnect(Native Method)
	at sun.nio.ch.SocketChannelImpl.finishConnect(SocketChannelImpl.java:717)
	at org.apache.ratis.thirdparty.io.netty.channel.socket.nio.NioSocketChannel.doFinishConnect(NioSocketChannel.java:327)
	at org.apache.ratis.thirdparty.io.netty.channel.nio.AbstractNioChannel$AbstractNioUnsafe.finishConnect(AbstractNioChannel.java:340)
	at org.apache.ratis.thirdparty.io.netty.channel.nio.NioEventLoop.processSelectedKey(NioEventLoop.java:632)
	at org.apache.ratis.thirdparty.io.netty.channel.nio.NioEventLoop.processSelectedKeysOptimized(NioEventLoop.java:579)
	at org.apache.ratis.thirdparty.io.netty.channel.nio.NioEventLoop.processSelectedKeys(NioEventLoop.java:496)
	at org.apache.ratis.thirdparty.io.netty.channel.nio.NioEventLoop.run(NioEventLoop.java:458)
	at org.apache.ratis.thirdparty.io.netty.util.concurrent.SingleThreadEventExecutor$5.run(SingleThreadEventExecutor.java:897)
	at org.apache.ratis.thirdparty.io.netty.util.concurrent.FastThreadLocalRunnable.run(FastThreadLocalRunnable.java:30)
	... 1 more
Caused by: java.net.ConnectException: Connection refused
	... 11 more
2019-08-30 10:29:13,407 [b2a9b6fb-eaa2-405b-9351-dabddfe94996:group-0D0B87365B5C:LeaderElection84] INFO  impl.RoleInfo (RoleInfo.java:shutdownLeaderElection(134)) - b2a9b6fb-eaa2-405b-9351-dabddfe94996: shutdown LeaderElection
2019-08-30 10:29:13,407 [b2a9b6fb-eaa2-405b-9351-dabddfe94996:group-0D0B87365B5C:LeaderElection84] INFO  impl.RaftServerImpl (RaftServerImpl.java:setRole(171)) - b2a9b6fb-eaa2-405b-9351-dabddfe94996:group-0D0B87365B5C changes role from CANDIDATE to LEADER at term 2 for changeToLeader
2019-08-30 10:29:13,407 [b2a9b6fb-eaa2-405b-9351-dabddfe94996:group-0D0B87365B5C:LeaderElection84] INFO  impl.RaftServerImpl (ServerState.java:setLeader(263)) - b2a9b6fb-eaa2-405b-9351-dabddfe94996:group-0D0B87365B5C change Leader from null to b2a9b6fb-eaa2-405b-9351-dabddfe94996 at term 2 for becomeLeader, leader elected after 38ms
2019-08-30 10:29:13,408 [b2a9b6fb-eaa2-405b-9351-dabddfe94996:group-0D0B87365B5C:LeaderElection84] INFO  server.RaftServerConfigKeys (ConfUtils.java:logGet(43)) - raft.server.staging.catchup.gap = 1000 (default)
2019-08-30 10:29:13,408 [b2a9b6fb-eaa2-405b-9351-dabddfe94996:group-0D0B87365B5C:LeaderElection84] INFO  server.RaftServerConfigKeys (ConfUtils.java:logGet(43)) - raft.server.rpc.sleep.time = 25ms (default)
2019-08-30 10:29:13,408 [b2a9b6fb-eaa2-405b-9351-dabddfe94996:group-0D0B87365B5C:LeaderElection84] INFO  server.RaftServerConfigKeys (ConfUtils.java:logGet(43)) - raft.server.write.element-limit = 4096 (default)
2019-08-30 10:29:13,408 [b2a9b6fb-eaa2-405b-9351-dabddfe94996:group-0D0B87365B5C:LeaderElection84] INFO  server.RaftServerConfigKeys (ConfUtils.java:logGet(43)) - raft.server.watch.timeout = 10s (default)
2019-08-30 10:29:13,408 [b2a9b6fb-eaa2-405b-9351-dabddfe94996:group-0D0B87365B5C:LeaderElection84] INFO  server.RaftServerConfigKeys (ConfUtils.java:logGet(43)) - raft.server.watch.timeout.denomination = 1s (default)
2019-08-30 10:29:13,408 [b2a9b6fb-eaa2-405b-9351-dabddfe94996:group-0D0B87365B5C:LeaderElection84] INFO  server.RaftServerConfigKeys (ConfUtils.java:logGet(43)) - raft.server.watch.element-limit = 65536 (default)
2019-08-30 10:29:13,409 [b2a9b6fb-eaa2-405b-9351-dabddfe94996:group-0D0B87365B5C:LeaderElection84] INFO  server.RaftServerConfigKeys (ConfUtils.java:logGet(43)) - raft.server.log.appender.snapshot.chunk.size.max = 16MB (=16777216) (default)
2019-08-30 10:29:13,409 [b2a9b6fb-eaa2-405b-9351-dabddfe94996:group-0D0B87365B5C:LeaderElection84] INFO  server.RaftServerConfigKeys (ConfUtils.java:logGet(43)) - raft.server.log.appender.buffer.byte-limit = 33554432 (custom)
2019-08-30 10:29:13,409 [b2a9b6fb-eaa2-405b-9351-dabddfe94996:group-0D0B87365B5C:LeaderElection84] INFO  server.RaftServerConfigKeys (ConfUtils.java:logGet(43)) - raft.server.log.appender.buffer.element-limit = 1 (custom)
2019-08-30 10:29:13,409 [b2a9b6fb-eaa2-405b-9351-dabddfe94996:group-0D0B87365B5C:LeaderElection84] INFO  grpc.GrpcConfigKeys$Server (ConfUtils.java:logGet(43)) - raft.grpc.server.leader.outstanding.appends.max = 128 (default)
2019-08-30 10:29:13,409 [b2a9b6fb-eaa2-405b-9351-dabddfe94996:group-0D0B87365B5C:LeaderElection84] INFO  server.RaftServerConfigKeys (ConfUtils.java:logGet(43)) - raft.server.rpc.request.timeout = 3000ms (default)
2019-08-30 10:29:13,410 [b2a9b6fb-eaa2-405b-9351-dabddfe94996:group-0D0B87365B5C:LeaderElection84] INFO  server.RaftServerConfigKeys (ConfUtils.java:logGet(43)) - raft.server.log.appender.install.snapshot.enabled = false (custom)
2019-08-30 10:29:13,410 [b2a9b6fb-eaa2-405b-9351-dabddfe94996:group-0D0B87365B5C:LeaderElection84] INFO  server.RaftServerConfigKeys (ConfUtils.java:logGet(43)) - raft.server.log.appender.snapshot.chunk.size.max = 16MB (=16777216) (default)
2019-08-30 10:29:13,410 [b2a9b6fb-eaa2-405b-9351-dabddfe94996:group-0D0B87365B5C:LeaderElection84] INFO  server.RaftServerConfigKeys (ConfUtils.java:logGet(43)) - raft.server.log.appender.buffer.byte-limit = 33554432 (custom)
2019-08-30 10:29:13,410 [b2a9b6fb-eaa2-405b-9351-dabddfe94996:group-0D0B87365B5C:LeaderElection84] INFO  server.RaftServerConfigKeys (ConfUtils.java:logGet(43)) - raft.server.log.appender.buffer.element-limit = 1 (custom)
2019-08-30 10:29:13,410 [b2a9b6fb-eaa2-405b-9351-dabddfe94996:group-0D0B87365B5C:LeaderElection84] INFO  grpc.GrpcConfigKeys$Server (ConfUtils.java:logGet(43)) - raft.grpc.server.leader.outstanding.appends.max = 128 (default)
2019-08-30 10:29:13,411 [b2a9b6fb-eaa2-405b-9351-dabddfe94996:group-0D0B87365B5C:LeaderElection84] INFO  server.RaftServerConfigKeys (ConfUtils.java:logGet(43)) - raft.server.rpc.request.timeout = 3000ms (default)
2019-08-30 10:29:13,411 [b2a9b6fb-eaa2-405b-9351-dabddfe94996:group-0D0B87365B5C:LeaderElection84] INFO  server.RaftServerConfigKeys (ConfUtils.java:logGet(43)) - raft.server.log.appender.install.snapshot.enabled = false (custom)
2019-08-30 10:29:13,411 [b2a9b6fb-eaa2-405b-9351-dabddfe94996:group-0D0B87365B5C:LeaderElection84] INFO  impl.RoleInfo (RoleInfo.java:updateAndGet(143)) - b2a9b6fb-eaa2-405b-9351-dabddfe94996: start LeaderState
2019-08-30 10:29:13,411 [b2a9b6fb-eaa2-405b-9351-dabddfe94996:group-0D0B87365B5C:LeaderElection84] INFO  segmented.SegmentedRaftLogWorker (SegmentedRaftLogWorker.java:rollLogSegment(385)) - b2a9b6fb-eaa2-405b-9351-dabddfe94996-SegmentedRaftLogWorker:Storage Directory /workdir/hadoop-ozone/integration-test/target/test-dir/MiniOzoneClusterImpl-7d259c97-1909-4a64-a3a4-65a46b1cb81d/datanode-4/data/ratis/607f3c97-5107-4402-9924-0d0b87365b5c: Rolling segment log-0_15 to index:15
2019-08-30 10:29:13,414 [b2a9b6fb-eaa2-405b-9351-dabddfe94996-SegmentedRaftLogWorker:Storage Directory /workdir/hadoop-ozone/integration-test/target/test-dir/MiniOzoneClusterImpl-7d259c97-1909-4a64-a3a4-65a46b1cb81d/datanode-4/data/ratis/607f3c97-5107-4402-9924-0d0b87365b5c] INFO  segmented.SegmentedRaftLogWorker (SegmentedRaftLogWorker.java:execute(526)) - b2a9b6fb-eaa2-405b-9351-dabddfe94996-SegmentedRaftLogWorker:Storage Directory /workdir/hadoop-ozone/integration-test/target/test-dir/MiniOzoneClusterImpl-7d259c97-1909-4a64-a3a4-65a46b1cb81d/datanode-4/data/ratis/607f3c97-5107-4402-9924-0d0b87365b5c: Rolled log segment from /workdir/hadoop-ozone/integration-test/target/test-dir/MiniOzoneClusterImpl-7d259c97-1909-4a64-a3a4-65a46b1cb81d/datanode-4/data/ratis/607f3c97-5107-4402-9924-0d0b87365b5c/current/log_inprogress_0 to /workdir/hadoop-ozone/integration-test/target/test-dir/MiniOzoneClusterImpl-7d259c97-1909-4a64-a3a4-65a46b1cb81d/datanode-4/data/ratis/607f3c97-5107-4402-9924-0d0b87365b5c/current/log_0-15
2019-08-30 10:29:13,414 [b2a9b6fb-eaa2-405b-9351-dabddfe94996:group-0D0B87365B5C:LeaderElection84] INFO  impl.RaftServerImpl (ServerState.java:setRaftConf(361)) - b2a9b6fb-eaa2-405b-9351-dabddfe94996:group-0D0B87365B5C set configuration 16: [b2a9b6fb-eaa2-405b-9351-dabddfe94996:192.168.5.138:36493, e33cffab-a258-46fb-ba8c-565f72f79075:192.168.5.138:39244, 96988ad7-ae0a-41fc-bcd9-7add42cf23a5:192.168.5.138:33573], old=null at 16
2019-08-30 10:29:13,415 [grpc-default-executor-7] WARN  server.GrpcLogAppender (LogUtils.java:warn(134)) - b2a9b6fb-eaa2-405b-9351-dabddfe94996->e33cffab-a258-46fb-ba8c-565f72f79075: Failed appendEntries: org.apache.ratis.thirdparty.io.grpc.StatusRuntimeException: UNAVAILABLE: io exception
2019-08-30 10:29:13,415 [grpc-default-executor-7] INFO  impl.FollowerInfo (FollowerInfo.java:lambda$new$0(50)) - b2a9b6fb-eaa2-405b-9351-dabddfe94996->e33cffab-a258-46fb-ba8c-565f72f79075: nextIndex: updateUnconditionally 16 -> 1
2019-08-30 10:29:13,416 [grpc-default-executor-7] INFO  impl.RaftServerImpl (ServerState.java:setLeader(263)) - 96988ad7-ae0a-41fc-bcd9-7add42cf23a5:group-0D0B87365B5C change Leader from null to b2a9b6fb-eaa2-405b-9351-dabddfe94996 at term 2 for appendEntries, leader elected after 26ms
2019-08-30 10:29:13,419 [grpc-default-executor-7] INFO  impl.RaftServerImpl (ServerState.java:setRaftConf(361)) - 96988ad7-ae0a-41fc-bcd9-7add42cf23a5:group-0D0B87365B5C set configuration 16: [b2a9b6fb-eaa2-405b-9351-dabddfe94996:192.168.5.138:36493, e33cffab-a258-46fb-ba8c-565f72f79075:192.168.5.138:39244, 96988ad7-ae0a-41fc-bcd9-7add42cf23a5:192.168.5.138:33573], old=null at 16
2019-08-30 10:29:13,419 [grpc-default-executor-7] INFO  segmented.SegmentedRaftLogWorker (SegmentedRaftLogWorker.java:rollLogSegment(385)) - 96988ad7-ae0a-41fc-bcd9-7add42cf23a5-SegmentedRaftLogWorker:Storage Directory /workdir/hadoop-ozone/integration-test/target/test-dir/MiniOzoneClusterImpl-7d259c97-1909-4a64-a3a4-65a46b1cb81d/datanode-3/data/ratis/607f3c97-5107-4402-9924-0d0b87365b5c: Rolling segment log-0_15 to index:15
2019-08-30 10:29:13,420 [96988ad7-ae0a-41fc-bcd9-7add42cf23a5-SegmentedRaftLogWorker:Storage Directory /workdir/hadoop-ozone/integration-test/target/test-dir/MiniOzoneClusterImpl-7d259c97-1909-4a64-a3a4-65a46b1cb81d/datanode-3/data/ratis/607f3c97-5107-4402-9924-0d0b87365b5c] INFO  segmented.SegmentedRaftLogWorker (SegmentedRaftLogWorker.java:execute(526)) - 96988ad7-ae0a-41fc-bcd9-7add42cf23a5-SegmentedRaftLogWorker:Storage Directory /workdir/hadoop-ozone/integration-test/target/test-dir/MiniOzoneClusterImpl-7d259c97-1909-4a64-a3a4-65a46b1cb81d/datanode-3/data/ratis/607f3c97-5107-4402-9924-0d0b87365b5c: Rolled log segment from /workdir/hadoop-ozone/integration-test/target/test-dir/MiniOzoneClusterImpl-7d259c97-1909-4a64-a3a4-65a46b1cb81d/datanode-3/data/ratis/607f3c97-5107-4402-9924-0d0b87365b5c/current/log_inprogress_0 to /workdir/hadoop-ozone/integration-test/target/test-dir/MiniOzoneClusterImpl-7d259c97-1909-4a64-a3a4-65a46b1cb81d/datanode-3/data/ratis/607f3c97-5107-4402-9924-0d0b87365b5c/current/log_0-15
2019-08-30 10:29:13,470 [96988ad7-ae0a-41fc-bcd9-7add42cf23a5-SegmentedRaftLogWorker:Storage Directory /workdir/hadoop-ozone/integration-test/target/test-dir/MiniOzoneClusterImpl-7d259c97-1909-4a64-a3a4-65a46b1cb81d/datanode-3/data/ratis/607f3c97-5107-4402-9924-0d0b87365b5c] INFO  segmented.SegmentedRaftLogWorker (SegmentedRaftLogWorker.java:execute(569)) - 96988ad7-ae0a-41fc-bcd9-7add42cf23a5-SegmentedRaftLogWorker:Storage Directory /workdir/hadoop-ozone/integration-test/target/test-dir/MiniOzoneClusterImpl-7d259c97-1909-4a64-a3a4-65a46b1cb81d/datanode-3/data/ratis/607f3c97-5107-4402-9924-0d0b87365b5c: created new log segment /workdir/hadoop-ozone/integration-test/target/test-dir/MiniOzoneClusterImpl-7d259c97-1909-4a64-a3a4-65a46b1cb81d/datanode-3/data/ratis/607f3c97-5107-4402-9924-0d0b87365b5c/current/log_inprogress_16
2019-08-30 10:29:13,470 [b2a9b6fb-eaa2-405b-9351-dabddfe94996-SegmentedRaftLogWorker:Storage Directory /workdir/hadoop-ozone/integration-test/target/test-dir/MiniOzoneClusterImpl-7d259c97-1909-4a64-a3a4-65a46b1cb81d/datanode-4/data/ratis/607f3c97-5107-4402-9924-0d0b87365b5c] INFO  segmented.SegmentedRaftLogWorker (SegmentedRaftLogWorker.java:execute(569)) - b2a9b6fb-eaa2-405b-9351-dabddfe94996-SegmentedRaftLogWorker:Storage Directory /workdir/hadoop-ozone/integration-test/target/test-dir/MiniOzoneClusterImpl-7d259c97-1909-4a64-a3a4-65a46b1cb81d/datanode-4/data/ratis/607f3c97-5107-4402-9924-0d0b87365b5c: created new log segment /workdir/hadoop-ozone/integration-test/target/test-dir/MiniOzoneClusterImpl-7d259c97-1909-4a64-a3a4-65a46b1cb81d/datanode-4/data/ratis/607f3c97-5107-4402-9924-0d0b87365b5c/current/log_inprogress_16
2019-08-30 10:29:13,489 | INFO  | DNAudit | user=null | ip=null | op=READ_CHUNK {blockData=conID: 1 locID: 102705458976981006 bcsId: 0} | ret=SUCCESS |  
2019-08-30 10:29:13,492 [grpc-default-executor-7] WARN  server.GrpcLogAppender (LogUtils.java:warn(134)) - b2a9b6fb-eaa2-405b-9351-dabddfe94996->e33cffab-a258-46fb-ba8c-565f72f79075: Failed appendEntries: org.apache.ratis.thirdparty.io.grpc.StatusRuntimeException: UNAVAILABLE: io exception
2019-08-30 10:29:13,492 [grpc-default-executor-7] INFO  impl.FollowerInfo (FollowerInfo.java:lambda$new$0(50)) - b2a9b6fb-eaa2-405b-9351-dabddfe94996->e33cffab-a258-46fb-ba8c-565f72f79075: nextIndex: updateUnconditionally 2 -> 1
2019-08-30 10:29:13,502 [grpc-default-executor-5] WARN  server.GrpcLogAppender (LogUtils.java:warn(134)) - b2a9b6fb-eaa2-405b-9351-dabddfe94996->e33cffab-a258-46fb-ba8c-565f72f79075: Failed appendEntries: org.apache.ratis.thirdparty.io.grpc.StatusRuntimeException: UNAVAILABLE: io exception
2019-08-30 10:29:13,502 [grpc-default-executor-5] INFO  impl.FollowerInfo (FollowerInfo.java:lambda$new$0(50)) - b2a9b6fb-eaa2-405b-9351-dabddfe94996->e33cffab-a258-46fb-ba8c-565f72f79075: nextIndex: updateUnconditionally 2 -> 1
2019-08-30 10:29:13,606 | INFO  | SCMAudit | user=jenkins1000 | ip=192.168.5.138 | op=SEND_HEARTBEAT {datanodeUUID=b9a3ceac-635b-47a7-ab79-6f38b04e1c7c, command=[]} | ret=SUCCESS |  
2019-08-30 10:29:13,667 | INFO  | SCMAudit | user=jenkins1000 | ip=192.168.5.138 | op=SEND_HEARTBEAT {datanodeUUID=1ba5ef28-a816-4dc0-8667-4772a169b68f, command=[]} | ret=SUCCESS |  
2019-08-30 10:29:13,729 | INFO  | SCMAudit | user=jenkins1000 | ip=192.168.5.138 | op=SEND_HEARTBEAT {datanodeUUID=761283d5-0d6d-45e5-8015-7ab77012df5e, command=[]} | ret=SUCCESS |  
2019-08-30 10:29:13,815 [grpc-default-executor-5] INFO  client.GrpcClientProtocolClient (GrpcClientProtocolClient.java:onNext(255)) - client-8C6B71DAE6AE->96988ad7-ae0a-41fc-bcd9-7add42cf23a5: receive RaftClientReply:client-8C6B71DAE6AE->96988ad7-ae0a-41fc-bcd9-7add42cf23a5@group-0D0B87365B5C, cid=184, FAILED org.apache.ratis.protocol.NotLeaderException: Server 96988ad7-ae0a-41fc-bcd9-7add42cf23a5 is not the leader (b2a9b6fb-eaa2-405b-9351-dabddfe94996:192.168.5.138:36493). Request must be sent to leader., logIndex=0, commits[96988ad7-ae0a-41fc-bcd9-7add42cf23a5:c16, b2a9b6fb-eaa2-405b-9351-dabddfe94996:c16, e33cffab-a258-46fb-ba8c-565f72f79075:c15]
2019-08-30 10:29:13,821 | ERROR | DNAudit | user=null | ip=null | op=WRITE_CHUNK {blockData=conID: 1 locID: 102705458976981006 bcsId: 13} | ret=FAILURE | org.apache.hadoop.hdds.scm.container.common.helpers.ContainerNotOpenException: Container 1 in CLOSING state
	at org.apache.hadoop.ozone.container.common.impl.HddsDispatcher.validateContainerCommand(HddsDispatcher.java:408)
	at org.apache.hadoop.ozone.container.common.transport.server.ratis.ContainerStateMachine.startTransaction(ContainerStateMachine.java:310) 
2019-08-30 10:29:13,831 [grpc-default-executor-5] INFO  client.GrpcClientProtocolClient (GrpcClientProtocolClient.java:onNext(255)) - client-8C6B71DAE6AE->b2a9b6fb-eaa2-405b-9351-dabddfe94996: receive RaftClientReply:client-8C6B71DAE6AE->b2a9b6fb-eaa2-405b-9351-dabddfe94996@group-0D0B87365B5C, cid=184, FAILED org.apache.ratis.protocol.StateMachineException: org.apache.hadoop.hdds.scm.container.common.helpers.ContainerNotOpenException from Server b2a9b6fb-eaa2-405b-9351-dabddfe94996: Container 1 in CLOSING state, logIndex=0, commits[b2a9b6fb-eaa2-405b-9351-dabddfe94996:c17, e33cffab-a258-46fb-ba8c-565f72f79075:c15, 96988ad7-ae0a-41fc-bcd9-7add42cf23a5:c16]
2019-08-30 10:29:13,832 | ERROR | DNAudit | user=null | ip=null | op=WRITE_CHUNK {blockData=conID: 1 locID: 102705458976981006 bcsId: 13} | ret=FAILURE | org.apache.hadoop.hdds.scm.container.common.helpers.ContainerNotOpenException: Container 1 in CLOSING state
	at org.apache.hadoop.ozone.container.common.impl.HddsDispatcher.validateContainerCommand(HddsDispatcher.java:408)
	at org.apache.hadoop.ozone.container.common.transport.server.ratis.ContainerStateMachine.startTransaction(ContainerStateMachine.java:310) 
2019-08-30 10:29:13,840 | ERROR | DNAudit | user=null | ip=null | op=PUT_BLOCK {blockData=[blockId=conID: 1 locID: 102705458976981006 bcsId: 0,size=650]} | ret=FAILURE | org.apache.hadoop.hdds.scm.container.common.helpers.ContainerNotOpenException: Container 1 in CLOSING state
	at org.apache.hadoop.ozone.container.common.impl.HddsDispatcher.validateContainerCommand(HddsDispatcher.java:408)
	at org.apache.hadoop.ozone.container.common.transport.server.ratis.ContainerStateMachine.startTransaction(ContainerStateMachine.java:310) 
2019-08-30 10:29:13,841 [grpc-default-executor-5] INFO  client.GrpcClientProtocolClient (GrpcClientProtocolClient.java:onNext(255)) - client-8C6B71DAE6AE->b2a9b6fb-eaa2-405b-9351-dabddfe94996: receive RaftClientReply:client-8C6B71DAE6AE->b2a9b6fb-eaa2-405b-9351-dabddfe94996@group-0D0B87365B5C, cid=185, FAILED org.apache.ratis.protocol.StateMachineException: org.apache.hadoop.hdds.scm.container.common.helpers.ContainerNotOpenException from Server b2a9b6fb-eaa2-405b-9351-dabddfe94996: Container 1 in CLOSING state, logIndex=0, commits[b2a9b6fb-eaa2-405b-9351-dabddfe94996:c17, e33cffab-a258-46fb-ba8c-565f72f79075:c15, 96988ad7-ae0a-41fc-bcd9-7add42cf23a5:c16]
2019-08-30 10:29:13,845 | ERROR | DNAudit | user=null | ip=null | op=WRITE_CHUNK {blockData=conID: 1 locID: 102705458976981006 bcsId: 13} | ret=FAILURE | org.apache.hadoop.hdds.scm.container.common.helpers.ContainerNotOpenException: Container 1 in CLOSING state
	at org.apache.hadoop.ozone.container.common.impl.HddsDispatcher.validateContainerCommand(HddsDispatcher.java:408)
	at org.apache.hadoop.ozone.container.common.transport.server.ratis.ContainerStateMachine.startTransaction(ContainerStateMachine.java:310) 
2019-08-30 10:29:13,847 [grpc-default-executor-5] INFO  client.GrpcClientProtocolClient (GrpcClientProtocolClient.java:onNext(255)) - client-8C6B71DAE6AE->b2a9b6fb-eaa2-405b-9351-dabddfe94996: receive RaftClientReply:client-8C6B71DAE6AE->b2a9b6fb-eaa2-405b-9351-dabddfe94996@group-0D0B87365B5C, cid=186, FAILED org.apache.ratis.protocol.StateMachineException: org.apache.hadoop.hdds.scm.container.common.helpers.ContainerNotOpenException from Server b2a9b6fb-eaa2-405b-9351-dabddfe94996: Container 1 in CLOSING state, logIndex=0, commits[b2a9b6fb-eaa2-405b-9351-dabddfe94996:c17, e33cffab-a258-46fb-ba8c-565f72f79075:c15, 96988ad7-ae0a-41fc-bcd9-7add42cf23a5:c16]
2019-08-30 10:29:13,847 | ERROR | DNAudit | user=null | ip=null | op=WRITE_CHUNK {blockData=conID: 1 locID: 102705458976981006 bcsId: 13} | ret=FAILURE | org.apache.hadoop.hdds.scm.container.common.helpers.ContainerNotOpenException: Container 1 in CLOSING state
	at org.apache.hadoop.ozone.container.common.impl.HddsDispatcher.validateContainerCommand(HddsDispatcher.java:408)
	at org.apache.hadoop.ozone.container.common.transport.server.ratis.ContainerStateMachine.startTransaction(ContainerStateMachine.java:310) 
2019-08-30 10:29:13,852 | ERROR | DNAudit | user=null | ip=null | op=PUT_BLOCK {blockData=[blockId=conID: 1 locID: 102705458976981006 bcsId: 0,size=800]} | ret=FAILURE | org.apache.hadoop.hdds.scm.container.common.helpers.ContainerNotOpenException: Container 1 in CLOSING state
	at org.apache.hadoop.ozone.container.common.impl.HddsDispatcher.validateContainerCommand(HddsDispatcher.java:408)
	at org.apache.hadoop.ozone.container.common.transport.server.ratis.ContainerStateMachine.startTransaction(ContainerStateMachine.java:310) 
2019-08-30 10:29:13,855 [grpc-default-executor-5] INFO  client.GrpcClientProtocolClient (GrpcClientProtocolClient.java:onNext(255)) - client-8C6B71DAE6AE->b2a9b6fb-eaa2-405b-9351-dabddfe94996: receive RaftClientReply:client-8C6B71DAE6AE->b2a9b6fb-eaa2-405b-9351-dabddfe94996@group-0D0B87365B5C, cid=187, FAILED org.apache.ratis.protocol.StateMachineException: org.apache.hadoop.hdds.scm.container.common.helpers.ContainerNotOpenException from Server b2a9b6fb-eaa2-405b-9351-dabddfe94996: Container 1 in CLOSING state, logIndex=0, commits[b2a9b6fb-eaa2-405b-9351-dabddfe94996:c17, e33cffab-a258-46fb-ba8c-565f72f79075:c15, 96988ad7-ae0a-41fc-bcd9-7add42cf23a5:c16]
2019-08-30 10:29:13,859 [grpc-default-executor-5] INFO  client.GrpcClientProtocolClient (GrpcClientProtocolClient.java:onNext(255)) - client-8C6B71DAE6AE->b2a9b6fb-eaa2-405b-9351-dabddfe94996: receive RaftClientReply:client-8C6B71DAE6AE->b2a9b6fb-eaa2-405b-9351-dabddfe94996@group-0D0B87365B5C, cid=188, FAILED org.apache.ratis.protocol.StateMachineException: org.apache.hadoop.hdds.scm.container.common.helpers.ContainerNotOpenException from Server b2a9b6fb-eaa2-405b-9351-dabddfe94996: Container 1 in CLOSING state, logIndex=0, commits[b2a9b6fb-eaa2-405b-9351-dabddfe94996:c17, e33cffab-a258-46fb-ba8c-565f72f79075:c15, 96988ad7-ae0a-41fc-bcd9-7add42cf23a5:c16]
2019-08-30 10:29:13,865 [grpc-default-executor-5] INFO  client.GrpcClientProtocolClient (GrpcClientProtocolClient.java:onNext(255)) - client-8C6B71DAE6AE->b2a9b6fb-eaa2-405b-9351-dabddfe94996: receive RaftClientReply:client-8C6B71DAE6AE->b2a9b6fb-eaa2-405b-9351-dabddfe94996@group-0D0B87365B5C, cid=189, FAILED org.apache.ratis.protocol.StateMachineException: org.apache.hadoop.hdds.scm.container.common.helpers.ContainerNotOpenException from Server b2a9b6fb-eaa2-405b-9351-dabddfe94996: Container 1 in CLOSING state, logIndex=0, commits[b2a9b6fb-eaa2-405b-9351-dabddfe94996:c17, e33cffab-a258-46fb-ba8c-565f72f79075:c15, 96988ad7-ae0a-41fc-bcd9-7add42cf23a5:c16]
2019-08-30 10:29:13,901 | INFO  | SCMAudit | user=jenkins1000 | ip=192.168.5.138 | op=ALLOCATE_BLOCK {owner=93042174-9b9e-42fc-9fb5-614f394e938d, size=800, type=RATIS, factor=THREE} | ret=SUCCESS |  
2019-08-30 10:29:13,903 | INFO  | OMAudit | user=jenkins1000 | ip=127.0.0.1 | op=ALLOCATE_BLOCK {volume=testblockoutputstream, bucket=testblockoutputstream, key=94e5fd12-337e-48cd-8697-f969ef9b3ced, dataSize=0, replicationType=null, replicationFactor=null, keyLocationInfo=null, clientID=102705458976849933} | ret=SUCCESS |  
2019-08-30 10:29:13,912 [grpc-default-executor-6] INFO  client.GrpcClientProtocolClient (GrpcClientProtocolClient.java:onNext(255)) - client-8EDC598EAFFB->b9a3ceac-635b-47a7-ab79-6f38b04e1c7c: receive RaftClientReply:client-8EDC598EAFFB->b9a3ceac-635b-47a7-ab79-6f38b04e1c7c@group-DFB17977D0EF, cid=190, FAILED org.apache.ratis.protocol.NotLeaderException: Server b9a3ceac-635b-47a7-ab79-6f38b04e1c7c is not the leader (1ba5ef28-a816-4dc0-8667-4772a169b68f:192.168.5.138:46470). Request must be sent to leader., logIndex=0, commits[b9a3ceac-635b-47a7-ab79-6f38b04e1c7c:c0, 761283d5-0d6d-45e5-8015-7ab77012df5e:c0, 1ba5ef28-a816-4dc0-8667-4772a169b68f:c0]
2019-08-30 10:29:14,045 | INFO  | SCMAudit | user=jenkins1000 | ip=192.168.5.138 | op=SEND_HEARTBEAT {datanodeUUID=22b8f49d-fa4d-49b6-8388-fe1377411d49, command=[]} | ret=SUCCESS |  
2019-08-30 10:29:14,057 | INFO  | DNAudit | user=null | ip=null | op=WRITE_CHUNK {blockData=conID: 2 locID: 102705460274855951 bcsId: 0} | ret=SUCCESS |  
2019-08-30 10:29:14,057 | INFO  | DNAudit | user=null | ip=null | op=WRITE_CHUNK {blockData=conID: 2 locID: 102705460274855951 bcsId: 0} | ret=SUCCESS |  
2019-08-30 10:29:14,057 | INFO  | DNAudit | user=null | ip=null | op=WRITE_CHUNK {blockData=conID: 2 locID: 102705460274855951 bcsId: 0} | ret=SUCCESS |  
2019-08-30 10:29:14,058 | INFO  | SCMAudit | user=jenkins1000 | ip=192.168.5.138 | op=SEND_HEARTBEAT {datanodeUUID=1ba5ef28-a816-4dc0-8667-4772a169b68f, command=[]} | ret=SUCCESS |  
2019-08-30 10:29:14,058 | INFO  | SCMAudit | user=jenkins1000 | ip=192.168.5.138 | op=SEND_HEARTBEAT {datanodeUUID=761283d5-0d6d-45e5-8015-7ab77012df5e, command=[]} | ret=SUCCESS |  
2019-08-30 10:29:14,058 | INFO  | SCMAudit | user=jenkins1000 | ip=192.168.5.138 | op=SEND_HEARTBEAT {datanodeUUID=b9a3ceac-635b-47a7-ab79-6f38b04e1c7c, command=[]} | ret=SUCCESS |  
2019-08-30 10:29:14,071 | INFO  | DNAudit | user=null | ip=null | op=WRITE_CHUNK {blockData=conID: 2 locID: 102705460274855951 bcsId: 0} | ret=SUCCESS |  
2019-08-30 10:29:14,074 [grpc-default-executor-5] INFO  client.GrpcClientProtocolClient (GrpcClientProtocolClient.java:onNext(255)) - client-8EDC598EAFFB->1ba5ef28-a816-4dc0-8667-4772a169b68f: receive RaftClientReply:client-8EDC598EAFFB->1ba5ef28-a816-4dc0-8667-4772a169b68f@group-DFB17977D0EF, cid=190, SUCCESS, logIndex=1, commits[1ba5ef28-a816-4dc0-8667-4772a169b68f:c1, b9a3ceac-635b-47a7-ab79-6f38b04e1c7c:c0, 761283d5-0d6d-45e5-8015-7ab77012df5e:c0]
2019-08-30 10:29:14,077 | INFO  | DNAudit | user=null | ip=null | op=WRITE_CHUNK {blockData=conID: 2 locID: 102705460274855951 bcsId: 0} | ret=SUCCESS |  
2019-08-30 10:29:14,078 | INFO  | DNAudit | user=null | ip=null | op=WRITE_CHUNK {blockData=conID: 2 locID: 102705460274855951 bcsId: 0} | ret=SUCCESS |  
2019-08-30 10:29:14,080 | INFO  | DNAudit | user=null | ip=null | op=WRITE_CHUNK {blockData=conID: 2 locID: 102705460274855951 bcsId: 0} | ret=SUCCESS |  
2019-08-30 10:29:14,081 | INFO  | DNAudit | user=null | ip=null | op=WRITE_CHUNK {blockData=conID: 2 locID: 102705460274855951 bcsId: 0} | ret=SUCCESS |  
2019-08-30 10:29:14,081 | INFO  | DNAudit | user=null | ip=null | op=WRITE_CHUNK {blockData=conID: 2 locID: 102705460274855951 bcsId: 0} | ret=SUCCESS |  
2019-08-30 10:29:14,081 | INFO  | DNAudit | user=null | ip=null | op=WRITE_CHUNK {blockData=conID: 2 locID: 102705460274855951 bcsId: 0} | ret=SUCCESS |  
2019-08-30 10:29:14,081 | INFO  | DNAudit | user=null | ip=null | op=WRITE_CHUNK {blockData=conID: 2 locID: 102705460274855951 bcsId: 0} | ret=SUCCESS |  
2019-08-30 10:29:14,082 | INFO  | DNAudit | user=null | ip=null | op=WRITE_CHUNK {blockData=conID: 2 locID: 102705460274855951 bcsId: 0} | ret=SUCCESS |  
2019-08-30 10:29:14,082 | INFO  | DNAudit | user=null | ip=null | op=WRITE_CHUNK {blockData=conID: 2 locID: 102705460274855951 bcsId: 0} | ret=SUCCESS |  
2019-08-30 10:29:14,082 | INFO  | DNAudit | user=null | ip=null | op=WRITE_CHUNK {blockData=conID: 2 locID: 102705460274855951 bcsId: 0} | ret=SUCCESS |  
2019-08-30 10:29:14,082 | INFO  | DNAudit | user=null | ip=null | op=WRITE_CHUNK {blockData=conID: 2 locID: 102705460274855951 bcsId: 0} | ret=SUCCESS |  
2019-08-30 10:29:14,095 | INFO  | DNAudit | user=null | ip=null | op=WRITE_CHUNK {blockData=conID: 2 locID: 102705460274855951 bcsId: 0} | ret=SUCCESS |  
2019-08-30 10:29:14,097 [grpc-default-executor-7] INFO  client.GrpcClientProtocolClient (GrpcClientProtocolClient.java:onNext(255)) - client-8EDC598EAFFB->1ba5ef28-a816-4dc0-8667-4772a169b68f: receive RaftClientReply:client-8EDC598EAFFB->1ba5ef28-a816-4dc0-8667-4772a169b68f@group-DFB17977D0EF, cid=191, SUCCESS, logIndex=3, commits[1ba5ef28-a816-4dc0-8667-4772a169b68f:c5, b9a3ceac-635b-47a7-ab79-6f38b04e1c7c:c1, 761283d5-0d6d-45e5-8015-7ab77012df5e:c1]
2019-08-30 10:29:14,108 | INFO  | DNAudit | user=null | ip=null | op=WRITE_CHUNK {blockData=conID: 2 locID: 102705460274855951 bcsId: 0} | ret=SUCCESS |  
2019-08-30 10:29:14,108 | INFO  | DNAudit | user=null | ip=null | op=WRITE_CHUNK {blockData=conID: 2 locID: 102705460274855951 bcsId: 0} | ret=SUCCESS |  
2019-08-30 10:29:14,161 | INFO  | DNAudit | user=null | ip=null | op=PUT_BLOCK {blockData=[blockId=conID: 2 locID: 102705460274855951 bcsId: 0,size=200]} | ret=SUCCESS |  
2019-08-30 10:29:14,163 [grpc-default-executor-7] INFO  client.GrpcClientProtocolClient (GrpcClientProtocolClient.java:onNext(255)) - client-8EDC598EAFFB->1ba5ef28-a816-4dc0-8667-4772a169b68f: receive RaftClientReply:client-8EDC598EAFFB->1ba5ef28-a816-4dc0-8667-4772a169b68f@group-DFB17977D0EF, cid=192, SUCCESS, logIndex=4, commits[1ba5ef28-a816-4dc0-8667-4772a169b68f:c12, b9a3ceac-635b-47a7-ab79-6f38b04e1c7c:c7, 761283d5-0d6d-45e5-8015-7ab77012df5e:c7]
2019-08-30 10:29:14,163 | INFO  | DNAudit | user=null | ip=null | op=WRITE_CHUNK {blockData=conID: 2 locID: 102705460274855951 bcsId: 0} | ret=SUCCESS |  
2019-08-30 10:29:14,164 | INFO  | DNAudit | user=null | ip=null | op=WRITE_CHUNK {blockData=conID: 2 locID: 102705460274855951 bcsId: 0} | ret=SUCCESS |  
2019-08-30 10:29:14,165 [grpc-default-executor-7] INFO  client.GrpcClientProtocolClient (GrpcClientProtocolClient.java:onNext(255)) - client-8EDC598EAFFB->1ba5ef28-a816-4dc0-8667-4772a169b68f: receive RaftClientReply:client-8EDC598EAFFB->1ba5ef28-a816-4dc0-8667-4772a169b68f@group-DFB17977D0EF, cid=193, SUCCESS, logIndex=5, commits[1ba5ef28-a816-4dc0-8667-4772a169b68f:c12, b9a3ceac-635b-47a7-ab79-6f38b04e1c7c:c7, 761283d5-0d6d-45e5-8015-7ab77012df5e:c7]
2019-08-30 10:29:14,165 [grpc-default-executor-7] INFO  client.GrpcClientProtocolClient (GrpcClientProtocolClient.java:onNext(255)) - client-8EDC598EAFFB->1ba5ef28-a816-4dc0-8667-4772a169b68f: receive RaftClientReply:client-8EDC598EAFFB->1ba5ef28-a816-4dc0-8667-4772a169b68f@group-DFB17977D0EF, cid=194, SUCCESS, logIndex=6, commits[1ba5ef28-a816-4dc0-8667-4772a169b68f:c12, b9a3ceac-635b-47a7-ab79-6f38b04e1c7c:c7, 761283d5-0d6d-45e5-8015-7ab77012df5e:c7]
2019-08-30 10:29:14,183 | INFO  | DNAudit | user=null | ip=null | op=PUT_BLOCK {blockData=[blockId=conID: 2 locID: 102705460274855951 bcsId: 0,size=200]} | ret=SUCCESS |  
2019-08-30 10:29:14,183 | INFO  | DNAudit | user=null | ip=null | op=WRITE_CHUNK {blockData=conID: 2 locID: 102705460274855951 bcsId: 0} | ret=SUCCESS |  
2019-08-30 10:29:14,184 | INFO  | DNAudit | user=null | ip=null | op=WRITE_CHUNK {blockData=conID: 2 locID: 102705460274855951 bcsId: 0} | ret=SUCCESS |  
2019-08-30 10:29:14,253 | INFO  | DNAudit | user=null | ip=null | op=PUT_BLOCK {blockData=[blockId=conID: 2 locID: 102705460274855951 bcsId: 0,size=400]} | ret=SUCCESS |  
2019-08-30 10:29:14,253 | INFO  | DNAudit | user=null | ip=null | op=PUT_BLOCK {blockData=[blockId=conID: 2 locID: 102705460274855951 bcsId: 0,size=200]} | ret=SUCCESS |  
2019-08-30 10:29:14,253 | INFO  | DNAudit | user=null | ip=null | op=PUT_BLOCK {blockData=[blockId=conID: 2 locID: 102705460274855951 bcsId: 0,size=400]} | ret=SUCCESS |  
2019-08-30 10:29:14,254 | INFO  | DNAudit | user=null | ip=null | op=WRITE_CHUNK {blockData=conID: 2 locID: 102705460274855951 bcsId: 0} | ret=SUCCESS |  
2019-08-30 10:29:14,254 | INFO  | DNAudit | user=null | ip=null | op=WRITE_CHUNK {blockData=conID: 2 locID: 102705460274855951 bcsId: 0} | ret=SUCCESS |  
2019-08-30 10:29:14,255 [grpc-default-executor-7] INFO  client.GrpcClientProtocolClient (GrpcClientProtocolClient.java:onNext(255)) - client-8EDC598EAFFB->1ba5ef28-a816-4dc0-8667-4772a169b68f: receive RaftClientReply:client-8EDC598EAFFB->1ba5ef28-a816-4dc0-8667-4772a169b68f@group-DFB17977D0EF, cid=195, SUCCESS, logIndex=7, commits[1ba5ef28-a816-4dc0-8667-4772a169b68f:c12, b9a3ceac-635b-47a7-ab79-6f38b04e1c7c:c7, 761283d5-0d6d-45e5-8015-7ab77012df5e:c7]
2019-08-30 10:29:14,255 | INFO  | DNAudit | user=null | ip=null | op=PUT_BLOCK {blockData=[blockId=conID: 2 locID: 102705460274855951 bcsId: 0,size=400]} | ret=SUCCESS |  
2019-08-30 10:29:14,262 | INFO  | DNAudit | user=null | ip=null | op=WRITE_CHUNK {blockData=conID: 2 locID: 102705460274855951 bcsId: 7} | ret=SUCCESS |  
2019-08-30 10:29:14,264 | INFO  | DNAudit | user=null | ip=null | op=WRITE_CHUNK {blockData=conID: 2 locID: 102705460274855951 bcsId: 7} | ret=SUCCESS |  
2019-08-30 10:29:14,264 | INFO  | DNAudit | user=null | ip=null | op=WRITE_CHUNK {blockData=conID: 2 locID: 102705460274855951 bcsId: 7} | ret=SUCCESS |  
2019-08-30 10:29:14,278 | INFO  | DNAudit | user=null | ip=null | op=WRITE_CHUNK {blockData=conID: 2 locID: 102705460274855951 bcsId: 7} | ret=SUCCESS |  
2019-08-30 10:29:14,279 | INFO  | DNAudit | user=null | ip=null | op=PUT_BLOCK {blockData=[blockId=conID: 2 locID: 102705460274855951 bcsId: 0,size=450]} | ret=SUCCESS |  
2019-08-30 10:29:14,279 [grpc-default-executor-6] INFO  client.GrpcClientProtocolClient (GrpcClientProtocolClient.java:onNext(255)) - client-8EDC598EAFFB->1ba5ef28-a816-4dc0-8667-4772a169b68f: receive RaftClientReply:client-8EDC598EAFFB->1ba5ef28-a816-4dc0-8667-4772a169b68f@group-DFB17977D0EF, cid=196, SUCCESS, logIndex=13, commits[1ba5ef28-a816-4dc0-8667-4772a169b68f:c14, b9a3ceac-635b-47a7-ab79-6f38b04e1c7c:c12, 761283d5-0d6d-45e5-8015-7ab77012df5e:c12]
2019-08-30 10:29:14,280 [grpc-default-executor-6] INFO  client.GrpcClientProtocolClient (GrpcClientProtocolClient.java:onNext(255)) - client-8EDC598EAFFB->1ba5ef28-a816-4dc0-8667-4772a169b68f: receive RaftClientReply:client-8EDC598EAFFB->1ba5ef28-a816-4dc0-8667-4772a169b68f@group-DFB17977D0EF, cid=197, SUCCESS, logIndex=14, commits[1ba5ef28-a816-4dc0-8667-4772a169b68f:c14, b9a3ceac-635b-47a7-ab79-6f38b04e1c7c:c12, 761283d5-0d6d-45e5-8015-7ab77012df5e:c12]
2019-08-30 10:29:14,290 | INFO  | DNAudit | user=null | ip=null | op=WRITE_CHUNK {blockData=conID: 2 locID: 102705460274855951 bcsId: 7} | ret=SUCCESS |  
2019-08-30 10:29:14,290 | INFO  | DNAudit | user=null | ip=null | op=WRITE_CHUNK {blockData=conID: 2 locID: 102705460274855951 bcsId: 7} | ret=SUCCESS |  
2019-08-30 10:29:14,299 | INFO  | DNAudit | user=null | ip=null | op=PUT_BLOCK {blockData=[blockId=conID: 2 locID: 102705460274855951 bcsId: 0,size=450]} | ret=SUCCESS |  
2019-08-30 10:29:14,299 | INFO  | DNAudit | user=null | ip=null | op=PUT_BLOCK {blockData=[blockId=conID: 2 locID: 102705460274855951 bcsId: 0,size=450]} | ret=SUCCESS |  
2019-08-30 10:29:14,300 [grpc-default-executor-6] INFO  client.GrpcClientProtocolClient (GrpcClientProtocolClient.java:onNext(255)) - client-8EDC598EAFFB->1ba5ef28-a816-4dc0-8667-4772a169b68f: receive RaftClientReply:client-8EDC598EAFFB->1ba5ef28-a816-4dc0-8667-4772a169b68f@group-DFB17977D0EF, cid=198, SUCCESS, logIndex=0, commits[1ba5ef28-a816-4dc0-8667-4772a169b68f:c15, b9a3ceac-635b-47a7-ab79-6f38b04e1c7c:c14, 761283d5-0d6d-45e5-8015-7ab77012df5e:c14]
2019-08-30 10:29:14,301 [main] INFO  ozone.MiniOzoneClusterImpl (MiniOzoneClusterImpl.java:shutdown(307)) - Shutting down the Mini Ozone Cluster
2019-08-30 10:29:14,301 | INFO  | SCMAudit | user=null | ip=null | op=GET_SCM_INFO null | ret=SUCCESS |  
2019-08-30 10:29:14,301 [main] INFO  ozone.MiniOzoneClusterImpl (MiniOzoneClusterImpl.java:stop(322)) - Stopping the Mini Ozone Cluster
2019-08-30 10:29:14,301 [main] INFO  ozone.MiniOzoneClusterImpl (MiniOzoneClusterImpl.java:stop(324)) - Stopping the OzoneManager
2019-08-30 10:29:14,301 [main] INFO  ipc.Server (Server.java:stop(3082)) - Stopping server on 40305
2019-08-30 10:29:14,318 [IPC Server listener on 40305] INFO  ipc.Server (Server.java:run(1185)) - Stopping IPC Server listener on 40305
2019-08-30 10:29:14,318 [main] INFO  ratis.OzoneManagerDoubleBuffer (OzoneManagerDoubleBuffer.java:stop(248)) - Stopping OMDoubleBuffer flush thread
2019-08-30 10:29:14,318 [IPC Server Responder] INFO  ipc.Server (Server.java:run(1319)) - Stopping IPC Server Responder
2019-08-30 10:29:14,320 [OMDoubleBufferFlushThread] INFO  ratis.OzoneManagerDoubleBuffer (OzoneManagerDoubleBuffer.java:flushTransactions(191)) - OMDoubleBuffer flush thread OMDoubleBufferFlushThread is interrupted and will exit. OMDoubleBufferFlushThread
2019-08-30 10:29:14,320 [main] INFO  utils.BackgroundService (BackgroundService.java:shutdown(148)) - Shutting down service KeyDeletingService
2019-08-30 10:29:14,322 [main] INFO  handler.ContextHandler (ContextHandler.java:doStop(910)) - Stopped o.e.j.w.WebAppContext@48e41b5d{/,null,UNAVAILABLE}{/ozoneManager}
2019-08-30 10:29:14,322 [main] INFO  server.AbstractConnector (AbstractConnector.java:doStop(318)) - Stopped ServerConnector@51e8d066{HTTP/1.1,[http/1.1]}{0.0.0.0:0}
2019-08-30 10:29:14,323 [main] INFO  handler.ContextHandler (ContextHandler.java:doStop(910)) - Stopped o.e.j.s.ServletContextHandler@571a663c{/static,file:///workdir/hadoop-ozone/integration-test/target/test-classes/webapps/static,UNAVAILABLE}
2019-08-30 10:29:14,323 [main] INFO  handler.ContextHandler (ContextHandler.java:doStop(910)) - Stopped o.e.j.s.ServletContextHandler@78b03788{/logs,file:///workdir/hadoop-ozone/integration-test/target/log,UNAVAILABLE}
2019-08-30 10:29:14,325 [main] INFO  ozone.MiniOzoneClusterImpl (MiniOzoneClusterImpl.java:stop(330)) - Shutting the HddsDatanodes
2019-08-30 10:29:14,393 [Datanode State Machine Thread - 0] INFO  statemachine.DatanodeStateMachine (DatanodeStateMachine.java:lambda$startDaemon$0(350)) - Ozone container server started.
2019-08-30 10:29:14,398 | INFO  | SCMAudit | user=jenkins1000 | ip=192.168.5.138 | op=SEND_HEARTBEAT {datanodeUUID=96988ad7-ae0a-41fc-bcd9-7add42cf23a5, command=[]} | ret=SUCCESS |  
2019-08-30 10:29:15,044 | INFO  | SCMAudit | user=jenkins1000 | ip=192.168.5.138 | op=SEND_HEARTBEAT {datanodeUUID=22b8f49d-fa4d-49b6-8388-fe1377411d49, command=[]} | ret=SUCCESS |  
2019-08-30 10:29:15,057 [Datanode State Machine Thread - 0] INFO  statemachine.DatanodeStateMachine (DatanodeStateMachine.java:lambda$startDaemon$0(350)) - Ozone container server started.
2019-08-30 10:29:15,058 | INFO  | SCMAudit | user=jenkins1000 | ip=192.168.5.138 | op=SEND_HEARTBEAT {datanodeUUID=b9a3ceac-635b-47a7-ab79-6f38b04e1c7c, command=[]} | ret=SUCCESS |  
2019-08-30 10:29:15,058 | INFO  | SCMAudit | user=jenkins1000 | ip=192.168.5.138 | op=SEND_HEARTBEAT {datanodeUUID=761283d5-0d6d-45e5-8015-7ab77012df5e, command=[]} | ret=SUCCESS |  
2019-08-30 10:29:15,398 | INFO  | SCMAudit | user=jenkins1000 | ip=192.168.5.138 | op=SEND_HEARTBEAT {datanodeUUID=96988ad7-ae0a-41fc-bcd9-7add42cf23a5, command=[]} | ret=SUCCESS |  
2019-08-30 10:29:16,014 [grpc-default-executor-5] WARN  server.GrpcLogAppender (LogUtils.java:warn(134)) - b2a9b6fb-eaa2-405b-9351-dabddfe94996->e33cffab-a258-46fb-ba8c-565f72f79075: Failed appendEntries: org.apache.ratis.thirdparty.io.grpc.StatusRuntimeException: UNAVAILABLE: io exception
2019-08-30 10:29:16,015 [grpc-default-executor-5] INFO  impl.FollowerInfo (FollowerInfo.java:lambda$new$0(50)) - b2a9b6fb-eaa2-405b-9351-dabddfe94996->e33cffab-a258-46fb-ba8c-565f72f79075: nextIndex: updateUnconditionally 1 -> 0
2019-08-30 10:29:16,045 | INFO  | SCMAudit | user=jenkins1000 | ip=192.168.5.138 | op=SEND_HEARTBEAT {datanodeUUID=22b8f49d-fa4d-49b6-8388-fe1377411d49, command=[]} | ret=SUCCESS |  
2019-08-30 10:29:16,058 | INFO  | SCMAudit | user=jenkins1000 | ip=192.168.5.138 | op=SEND_HEARTBEAT {datanodeUUID=b9a3ceac-635b-47a7-ab79-6f38b04e1c7c, command=[]} | ret=SUCCESS |  
2019-08-30 10:29:16,058 | INFO  | SCMAudit | user=jenkins1000 | ip=192.168.5.138 | op=SEND_HEARTBEAT {datanodeUUID=761283d5-0d6d-45e5-8015-7ab77012df5e, command=[]} | ret=SUCCESS |  
2019-08-30 10:29:16,398 | INFO  | SCMAudit | user=jenkins1000 | ip=192.168.5.138 | op=SEND_HEARTBEAT {datanodeUUID=96988ad7-ae0a-41fc-bcd9-7add42cf23a5, command=[]} | ret=SUCCESS |  
2019-08-30 10:29:17,045 | INFO  | SCMAudit | user=jenkins1000 | ip=192.168.5.138 | op=SEND_HEARTBEAT {datanodeUUID=22b8f49d-fa4d-49b6-8388-fe1377411d49, command=[]} | ret=SUCCESS |  
2019-08-30 10:29:17,058 | INFO  | SCMAudit | user=jenkins1000 | ip=192.168.5.138 | op=SEND_HEARTBEAT {datanodeUUID=b9a3ceac-635b-47a7-ab79-6f38b04e1c7c, command=[]} | ret=SUCCESS |  
2019-08-30 10:29:17,058 | INFO  | SCMAudit | user=jenkins1000 | ip=192.168.5.138 | op=SEND_HEARTBEAT {datanodeUUID=761283d5-0d6d-45e5-8015-7ab77012df5e, command=[]} | ret=SUCCESS |  
2019-08-30 10:29:17,398 | INFO  | SCMAudit | user=jenkins1000 | ip=192.168.5.138 | op=SEND_HEARTBEAT {datanodeUUID=96988ad7-ae0a-41fc-bcd9-7add42cf23a5, command=[]} | ret=SUCCESS |  
2019-08-30 10:29:18,045 | INFO  | SCMAudit | user=jenkins1000 | ip=192.168.5.138 | op=SEND_HEARTBEAT {datanodeUUID=22b8f49d-fa4d-49b6-8388-fe1377411d49, command=[]} | ret=SUCCESS |  
2019-08-30 10:29:18,058 | INFO  | SCMAudit | user=jenkins1000 | ip=192.168.5.138 | op=SEND_HEARTBEAT {datanodeUUID=b9a3ceac-635b-47a7-ab79-6f38b04e1c7c, command=[]} | ret=SUCCESS |  
2019-08-30 10:29:18,058 | INFO  | SCMAudit | user=jenkins1000 | ip=192.168.5.138 | op=SEND_HEARTBEAT {datanodeUUID=761283d5-0d6d-45e5-8015-7ab77012df5e, command=[]} | ret=SUCCESS |  
2019-08-30 10:29:18,398 | INFO  | SCMAudit | user=jenkins1000 | ip=192.168.5.138 | op=SEND_HEARTBEAT {datanodeUUID=96988ad7-ae0a-41fc-bcd9-7add42cf23a5, command=[]} | ret=SUCCESS |  
2019-08-30 10:29:18,430 [EventQueue-StaleNodeForStaleNodeHandler] INFO  node.StaleNodeHandler (StaleNodeHandler.java:onMessage(58)) - Datanode b2a9b6fb-eaa2-405b-9351-dabddfe94996{ip: 192.168.5.138, host: pr-hdds-2061-2h694-1687604233, networkLocation: /default-rack, certSerialId: null} moved to stale state. Finalizing its pipelines [PipelineID=d1d416f1-c76e-4d8b-bc91-597f024062be, PipelineID=607f3c97-5107-4402-9924-0d0b87365b5c]
2019-08-30 10:29:18,431 [EventQueue-StaleNodeForStaleNodeHandler] INFO  pipeline.SCMPipelineManager (SCMPipelineManager.java:finalizeAndDestroyPipeline(309)) - destroying pipeline:Pipeline[ Id: d1d416f1-c76e-4d8b-bc91-597f024062be, Nodes: b2a9b6fb-eaa2-405b-9351-dabddfe94996{ip: 192.168.5.138, host: pr-hdds-2061-2h694-1687604233, networkLocation: /default-rack, certSerialId: null}, Type:RATIS, Factor:ONE, State:OPEN]
2019-08-30 10:29:18,431 [EventQueue-StaleNodeForStaleNodeHandler] INFO  pipeline.PipelineStateManager (PipelineStateManager.java:finalizePipeline(123)) - Pipeline Pipeline[ Id: d1d416f1-c76e-4d8b-bc91-597f024062be, Nodes: b2a9b6fb-eaa2-405b-9351-dabddfe94996{ip: 192.168.5.138, host: pr-hdds-2061-2h694-1687604233, networkLocation: /default-rack, certSerialId: null}, Type:RATIS, Factor:ONE, State:CLOSED] moved to CLOSED state
2019-08-30 10:29:18,431 [EventQueue-StaleNodeForStaleNodeHandler] INFO  pipeline.SCMPipelineManager (SCMPipelineManager.java:finalizeAndDestroyPipeline(309)) - destroying pipeline:Pipeline[ Id: 607f3c97-5107-4402-9924-0d0b87365b5c, Nodes: e33cffab-a258-46fb-ba8c-565f72f79075{ip: 192.168.5.138, host: pr-hdds-2061-2h694-1687604233, networkLocation: /default-rack, certSerialId: null}96988ad7-ae0a-41fc-bcd9-7add42cf23a5{ip: 192.168.5.138, host: pr-hdds-2061-2h694-1687604233, networkLocation: /default-rack, certSerialId: null}b2a9b6fb-eaa2-405b-9351-dabddfe94996{ip: 192.168.5.138, host: pr-hdds-2061-2h694-1687604233, networkLocation: /default-rack, certSerialId: null}, Type:RATIS, Factor:THREE, State:CLOSED]
2019-08-30 10:29:18,503 [grpc-default-executor-7] WARN  server.GrpcLogAppender (LogUtils.java:warn(134)) - b2a9b6fb-eaa2-405b-9351-dabddfe94996->e33cffab-a258-46fb-ba8c-565f72f79075: Failed appendEntries: org.apache.ratis.thirdparty.io.grpc.StatusRuntimeException: UNAVAILABLE: io exception
2019-08-30 10:29:18,504 [grpc-default-executor-7] INFO  impl.FollowerInfo (FollowerInfo.java:lambda$new$0(50)) - b2a9b6fb-eaa2-405b-9351-dabddfe94996->e33cffab-a258-46fb-ba8c-565f72f79075: nextIndex: updateUnconditionally 0 -> 0
2019-08-30 10:29:19,045 | INFO  | SCMAudit | user=jenkins1000 | ip=192.168.5.138 | op=SEND_HEARTBEAT {datanodeUUID=22b8f49d-fa4d-49b6-8388-fe1377411d49, command=[]} | ret=SUCCESS |  
2019-08-30 10:29:19,057 | INFO  | SCMAudit | user=jenkins1000 | ip=192.168.5.138 | op=SEND_HEARTBEAT {datanodeUUID=b9a3ceac-635b-47a7-ab79-6f38b04e1c7c, command=[]} | ret=SUCCESS |  
2019-08-30 10:29:19,057 | INFO  | SCMAudit | user=jenkins1000 | ip=192.168.5.138 | op=SEND_HEARTBEAT {datanodeUUID=761283d5-0d6d-45e5-8015-7ab77012df5e, command=[]} | ret=SUCCESS |  
2019-08-30 10:29:19,131 [EventQueue-StaleNodeForStaleNodeHandler] INFO  node.StaleNodeHandler (StaleNodeHandler.java:onMessage(58)) - Datanode 1ba5ef28-a816-4dc0-8667-4772a169b68f{ip: 192.168.5.138, host: pr-hdds-2061-2h694-1687604233, networkLocation: /default-rack, certSerialId: null} moved to stale state. Finalizing its pipelines [PipelineID=0a3c9674-0172-451e-9a2d-50f31759a403, PipelineID=d7db82d8-b200-4a63-8145-dfb17977d0ef]
2019-08-30 10:29:19,131 [EventQueue-StaleNodeForStaleNodeHandler] INFO  pipeline.SCMPipelineManager (SCMPipelineManager.java:finalizeAndDestroyPipeline(309)) - destroying pipeline:Pipeline[ Id: 0a3c9674-0172-451e-9a2d-50f31759a403, Nodes: 1ba5ef28-a816-4dc0-8667-4772a169b68f{ip: 192.168.5.138, host: pr-hdds-2061-2h694-1687604233, networkLocation: /default-rack, certSerialId: null}, Type:RATIS, Factor:ONE, State:OPEN]
2019-08-30 10:29:19,132 [EventQueue-StaleNodeForStaleNodeHandler] INFO  pipeline.PipelineStateManager (PipelineStateManager.java:finalizePipeline(123)) - Pipeline Pipeline[ Id: 0a3c9674-0172-451e-9a2d-50f31759a403, Nodes: 1ba5ef28-a816-4dc0-8667-4772a169b68f{ip: 192.168.5.138, host: pr-hdds-2061-2h694-1687604233, networkLocation: /default-rack, certSerialId: null}, Type:RATIS, Factor:ONE, State:CLOSED] moved to CLOSED state
2019-08-30 10:29:19,132 [EventQueue-StaleNodeForStaleNodeHandler] INFO  pipeline.SCMPipelineManager (SCMPipelineManager.java:finalizeAndDestroyPipeline(309)) - destroying pipeline:Pipeline[ Id: d7db82d8-b200-4a63-8145-dfb17977d0ef, Nodes: b9a3ceac-635b-47a7-ab79-6f38b04e1c7c{ip: 192.168.5.138, host: pr-hdds-2061-2h694-1687604233, networkLocation: /default-rack, certSerialId: null}761283d5-0d6d-45e5-8015-7ab77012df5e{ip: 192.168.5.138, host: pr-hdds-2061-2h694-1687604233, networkLocation: /default-rack, certSerialId: null}1ba5ef28-a816-4dc0-8667-4772a169b68f{ip: 192.168.5.138, host: pr-hdds-2061-2h694-1687604233, networkLocation: /default-rack, certSerialId: null}, Type:RATIS, Factor:THREE, State:OPEN]
2019-08-30 10:29:19,132 [EventQueue-StaleNodeForStaleNodeHandler] INFO  pipeline.PipelineStateManager (PipelineStateManager.java:finalizePipeline(123)) - Pipeline Pipeline[ Id: d7db82d8-b200-4a63-8145-dfb17977d0ef, Nodes: b9a3ceac-635b-47a7-ab79-6f38b04e1c7c{ip: 192.168.5.138, host: pr-hdds-2061-2h694-1687604233, networkLocation: /default-rack, certSerialId: null}761283d5-0d6d-45e5-8015-7ab77012df5e{ip: 192.168.5.138, host: pr-hdds-2061-2h694-1687604233, networkLocation: /default-rack, certSerialId: null}1ba5ef28-a816-4dc0-8667-4772a169b68f{ip: 192.168.5.138, host: pr-hdds-2061-2h694-1687604233, networkLocation: /default-rack, certSerialId: null}, Type:RATIS, Factor:THREE, State:CLOSED] moved to CLOSED state
2019-08-30 10:29:19,132 [EventQueue-CloseContainerForCloseContainerEventHandler] INFO  container.CloseContainerEventHandler (CloseContainerEventHandler.java:onMessage(61)) - Close container Event triggered for container : #2
2019-08-30 10:29:19,326 [main] INFO  ozoneimpl.OzoneContainer (OzoneContainer.java:stop(215)) - Attempting to stop container services.
2019-08-30 10:29:19,326 [ForkJoinPool.commonPool-worker-1] INFO  ozoneimpl.OzoneContainer (OzoneContainer.java:stop(215)) - Attempting to stop container services.
2019-08-30 10:29:19,327 [main] INFO  impl.RaftServerProxy (RaftServerProxy.java:lambda$close$4(314)) - b2a9b6fb-eaa2-405b-9351-dabddfe94996: close
2019-08-30 10:29:19,327 [ForkJoinPool.commonPool-worker-1] INFO  impl.RaftServerProxy (RaftServerProxy.java:lambda$close$4(314)) - 1ba5ef28-a816-4dc0-8667-4772a169b68f: close
2019-08-30 10:29:19,327 [main] INFO  impl.RaftServerImpl (RaftServerImpl.java:lambda$shutdown$3(245)) - b2a9b6fb-eaa2-405b-9351-dabddfe94996: shutdown group-597F024062BE
2019-08-30 10:29:19,328 [ForkJoinPool.commonPool-worker-1] INFO  impl.RaftServerImpl (RaftServerImpl.java:lambda$shutdown$3(245)) - 1ba5ef28-a816-4dc0-8667-4772a169b68f: shutdown group-50F31759A403
2019-08-30 10:29:19,328 [main] INFO  util.JmxRegister (JmxRegister.java:unregister(73)) - Successfully un-registered JMX Bean with object name Ratis:service=RaftServer,group=group-597F024062BE,id=b2a9b6fb-eaa2-405b-9351-dabddfe94996
2019-08-30 10:29:19,329 [main] INFO  impl.RoleInfo (RoleInfo.java:shutdownLeaderState(104)) - b2a9b6fb-eaa2-405b-9351-dabddfe94996: shutdown LeaderState
2019-08-30 10:29:19,328 [ForkJoinPool.commonPool-worker-1] INFO  util.JmxRegister (JmxRegister.java:unregister(73)) - Successfully un-registered JMX Bean with object name Ratis:service=RaftServer,group=group-50F31759A403,id=1ba5ef28-a816-4dc0-8667-4772a169b68f
2019-08-30 10:29:19,329 [main] INFO  impl.PendingRequests (PendingRequests.java:sendNotLeaderResponses(202)) - b2a9b6fb-eaa2-405b-9351-dabddfe94996-PendingRequests: sendNotLeaderResponses
2019-08-30 10:29:19,329 [ForkJoinPool.commonPool-worker-1] INFO  impl.RoleInfo (RoleInfo.java:shutdownLeaderState(104)) - 1ba5ef28-a816-4dc0-8667-4772a169b68f: shutdown LeaderState
2019-08-30 10:29:19,330 [main] INFO  impl.StateMachineUpdater (StateMachineUpdater.java:stopAndJoin(115)) - StateMachineUpdater:b2a9b6fb-eaa2-405b-9351-dabddfe94996:group-597F024062BE: set stopIndex = 0
2019-08-30 10:29:19,331 [main] INFO  impl.RaftServerImpl (ServerState.java:close(394)) - b2a9b6fb-eaa2-405b-9351-dabddfe94996:group-597F024062BE closes. The last applied log index is 0
2019-08-30 10:29:19,330 [ForkJoinPool.commonPool-worker-1] INFO  impl.PendingRequests (PendingRequests.java:sendNotLeaderResponses(202)) - 1ba5ef28-a816-4dc0-8667-4772a169b68f-PendingRequests: sendNotLeaderResponses
2019-08-30 10:29:19,331 [b2a9b6fb-eaa2-405b-9351-dabddfe94996-SegmentedRaftLogWorker:Storage Directory /workdir/hadoop-ozone/integration-test/target/test-dir/MiniOzoneClusterImpl-7d259c97-1909-4a64-a3a4-65a46b1cb81d/datanode-4/data/ratis/d1d416f1-c76e-4d8b-bc91-597f024062be] INFO  segmented.SegmentedRaftLogWorker (SegmentedRaftLogWorker.java:run(313)) - b2a9b6fb-eaa2-405b-9351-dabddfe94996-SegmentedRaftLogWorker:Storage Directory /workdir/hadoop-ozone/integration-test/target/test-dir/MiniOzoneClusterImpl-7d259c97-1909-4a64-a3a4-65a46b1cb81d/datanode-4/data/ratis/d1d416f1-c76e-4d8b-bc91-597f024062be was interrupted, exiting. There are 0 tasks remaining in the queue.
2019-08-30 10:29:19,332 [ForkJoinPool.commonPool-worker-1] INFO  impl.StateMachineUpdater (StateMachineUpdater.java:stopAndJoin(115)) - StateMachineUpdater:1ba5ef28-a816-4dc0-8667-4772a169b68f:group-50F31759A403: set stopIndex = 0
2019-08-30 10:29:19,335 [ForkJoinPool.commonPool-worker-1] INFO  impl.RaftServerImpl (ServerState.java:close(394)) - 1ba5ef28-a816-4dc0-8667-4772a169b68f:group-50F31759A403 closes. The last applied log index is 0
2019-08-30 10:29:19,335 [1ba5ef28-a816-4dc0-8667-4772a169b68f-SegmentedRaftLogWorker:Storage Directory /workdir/hadoop-ozone/integration-test/target/test-dir/MiniOzoneClusterImpl-7d259c97-1909-4a64-a3a4-65a46b1cb81d/datanode-1/data/ratis/0a3c9674-0172-451e-9a2d-50f31759a403] INFO  segmented.SegmentedRaftLogWorker (SegmentedRaftLogWorker.java:run(313)) - 1ba5ef28-a816-4dc0-8667-4772a169b68f-SegmentedRaftLogWorker:Storage Directory /workdir/hadoop-ozone/integration-test/target/test-dir/MiniOzoneClusterImpl-7d259c97-1909-4a64-a3a4-65a46b1cb81d/datanode-1/data/ratis/0a3c9674-0172-451e-9a2d-50f31759a403 was interrupted, exiting. There are 0 tasks remaining in the queue.
2019-08-30 10:29:19,344 [main] INFO  segmented.SegmentedRaftLogWorker (SegmentedRaftLogWorker.java:close(228)) - b2a9b6fb-eaa2-405b-9351-dabddfe94996-SegmentedRaftLogWorker:Storage Directory /workdir/hadoop-ozone/integration-test/target/test-dir/MiniOzoneClusterImpl-7d259c97-1909-4a64-a3a4-65a46b1cb81d/datanode-4/data/ratis/d1d416f1-c76e-4d8b-bc91-597f024062be close()
2019-08-30 10:29:19,344 [ForkJoinPool.commonPool-worker-1] INFO  segmented.SegmentedRaftLogWorker (SegmentedRaftLogWorker.java:close(228)) - 1ba5ef28-a816-4dc0-8667-4772a169b68f-SegmentedRaftLogWorker:Storage Directory /workdir/hadoop-ozone/integration-test/target/test-dir/MiniOzoneClusterImpl-7d259c97-1909-4a64-a3a4-65a46b1cb81d/datanode-1/data/ratis/0a3c9674-0172-451e-9a2d-50f31759a403 close()
2019-08-30 10:29:19,348 [main] INFO  impl.RaftServerImpl (RaftServerImpl.java:lambda$shutdown$3(245)) - b2a9b6fb-eaa2-405b-9351-dabddfe94996: shutdown group-0D0B87365B5C
2019-08-30 10:29:19,352 [ForkJoinPool.commonPool-worker-1] INFO  impl.RaftServerImpl (RaftServerImpl.java:lambda$shutdown$3(245)) - 1ba5ef28-a816-4dc0-8667-4772a169b68f: shutdown group-DFB17977D0EF
2019-08-30 10:29:19,352 [main] INFO  util.JmxRegister (JmxRegister.java:unregister(73)) - Successfully un-registered JMX Bean with object name Ratis:service=RaftServer,group=group-0D0B87365B5C,id=b2a9b6fb-eaa2-405b-9351-dabddfe94996
2019-08-30 10:29:19,353 [ForkJoinPool.commonPool-worker-1] INFO  util.JmxRegister (JmxRegister.java:unregister(73)) - Successfully un-registered JMX Bean with object name Ratis:service=RaftServer,group=group-DFB17977D0EF,id=1ba5ef28-a816-4dc0-8667-4772a169b68f
2019-08-30 10:29:19,353 [main] INFO  impl.RoleInfo (RoleInfo.java:shutdownLeaderState(104)) - b2a9b6fb-eaa2-405b-9351-dabddfe94996: shutdown LeaderState
2019-08-30 10:29:19,353 [ForkJoinPool.commonPool-worker-1] INFO  impl.RoleInfo (RoleInfo.java:shutdownLeaderState(104)) - 1ba5ef28-a816-4dc0-8667-4772a169b68f: shutdown LeaderState
2019-08-30 10:29:19,357 [org.apache.ratis.server.impl.LogAppender$AppenderDaemon$$Lambda$537/1768648011@a7e9c51] WARN  server.GrpcLogAppender (GrpcLogAppender.java:mayWait(143)) - GrpcLogAppender(b2a9b6fb-eaa2-405b-9351-dabddfe94996->96988ad7-ae0a-41fc-bcd9-7add42cf23a5): Wait interrupted by java.lang.InterruptedException
2019-08-30 10:29:19,358 [org.apache.ratis.server.impl.LogAppender$AppenderDaemon$$Lambda$537/1768648011@5559d1da] WARN  server.GrpcLogAppender (GrpcLogAppender.java:mayWait(143)) - GrpcLogAppender(1ba5ef28-a816-4dc0-8667-4772a169b68f->761283d5-0d6d-45e5-8015-7ab77012df5e): Wait interrupted by java.lang.InterruptedException
2019-08-30 10:29:19,357 [org.apache.ratis.server.impl.LogAppender$AppenderDaemon$$Lambda$537/1768648011@66cd6289] WARN  server.GrpcLogAppender (GrpcLogAppender.java:mayWait(143)) - GrpcLogAppender(b2a9b6fb-eaa2-405b-9351-dabddfe94996->e33cffab-a258-46fb-ba8c-565f72f79075): Wait interrupted by java.lang.InterruptedException
2019-08-30 10:29:19,357 [main] INFO  impl.PendingRequests (PendingRequests.java:sendNotLeaderResponses(202)) - b2a9b6fb-eaa2-405b-9351-dabddfe94996-PendingRequests: sendNotLeaderResponses
2019-08-30 10:29:19,358 [grpc-default-executor-7] INFO  server.GrpcServerProtocolService (GrpcServerProtocolService.java:onCompleted(104)) - 761283d5-0d6d-45e5-8015-7ab77012df5e: appendEntries completed
2019-08-30 10:29:19,358 [grpc-default-executor-5] INFO  server.GrpcServerProtocolService (GrpcServerProtocolService.java:onCompleted(104)) - 96988ad7-ae0a-41fc-bcd9-7add42cf23a5: appendEntries completed
2019-08-30 10:29:19,358 [org.apache.ratis.server.impl.LogAppender$AppenderDaemon$$Lambda$537/1768648011@105b5db5] WARN  server.GrpcLogAppender (GrpcLogAppender.java:mayWait(143)) - GrpcLogAppender(1ba5ef28-a816-4dc0-8667-4772a169b68f->b9a3ceac-635b-47a7-ab79-6f38b04e1c7c): Wait interrupted by java.lang.InterruptedException
2019-08-30 10:29:19,358 [ForkJoinPool.commonPool-worker-1] INFO  impl.PendingRequests (PendingRequests.java:sendNotLeaderResponses(202)) - 1ba5ef28-a816-4dc0-8667-4772a169b68f-PendingRequests: sendNotLeaderResponses
2019-08-30 10:29:19,361 [grpc-default-executor-5] INFO  server.GrpcLogAppender (GrpcLogAppender.java:onCompleted(292)) - 1ba5ef28-a816-4dc0-8667-4772a169b68f->761283d5-0d6d-45e5-8015-7ab77012df5e: follower responses appendEntries COMPLETED
2019-08-30 10:29:19,361 [grpc-default-executor-7] INFO  server.GrpcLogAppender (GrpcLogAppender.java:onCompleted(292)) - b2a9b6fb-eaa2-405b-9351-dabddfe94996->96988ad7-ae0a-41fc-bcd9-7add42cf23a5: follower responses appendEntries COMPLETED
2019-08-30 10:29:19,361 [StateMachineUpdater:b2a9b6fb-eaa2-405b-9351-dabddfe94996:group-0D0B87365B5C] INFO  ratis.ContainerStateMachine (ContainerStateMachine.java:takeSnapshot(284)) - group-0D0B87365B5C: Taking a snapshot at:(t:1, i:13) file /workdir/hadoop-ozone/integration-test/target/test-dir/MiniOzoneClusterImpl-7d259c97-1909-4a64-a3a4-65a46b1cb81d/datanode-4/data/ratis/607f3c97-5107-4402-9924-0d0b87365b5c/sm/snapshot.1_13
2019-08-30 10:29:19,360 [main] INFO  impl.StateMachineUpdater (StateMachineUpdater.java:stopAndJoin(115)) - StateMachineUpdater:b2a9b6fb-eaa2-405b-9351-dabddfe94996:group-0D0B87365B5C: set stopIndex = 17
2019-08-30 10:29:19,362 [grpc-default-executor-7] INFO  impl.FollowerInfo (FollowerInfo.java:lambda$new$0(50)) - b2a9b6fb-eaa2-405b-9351-dabddfe94996->96988ad7-ae0a-41fc-bcd9-7add42cf23a5: nextIndex: updateUnconditionally 18 -> 17
2019-08-30 10:29:19,362 [grpc-default-executor-5] INFO  impl.FollowerInfo (FollowerInfo.java:lambda$new$0(50)) - 1ba5ef28-a816-4dc0-8667-4772a169b68f->761283d5-0d6d-45e5-8015-7ab77012df5e: nextIndex: updateUnconditionally 17 -> 16
2019-08-30 10:29:19,362 [StateMachineUpdater:1ba5ef28-a816-4dc0-8667-4772a169b68f:group-DFB17977D0EF] INFO  ratis.ContainerStateMachine (ContainerStateMachine.java:takeSnapshot(284)) - group-DFB17977D0EF: Taking a snapshot at:(t:2, i:14) file /workdir/hadoop-ozone/integration-test/target/test-dir/MiniOzoneClusterImpl-7d259c97-1909-4a64-a3a4-65a46b1cb81d/datanode-1/data/ratis/d7db82d8-b200-4a63-8145-dfb17977d0ef/sm/snapshot.2_14
2019-08-30 10:29:19,361 [ForkJoinPool.commonPool-worker-1] INFO  impl.StateMachineUpdater (StateMachineUpdater.java:stopAndJoin(115)) - StateMachineUpdater:1ba5ef28-a816-4dc0-8667-4772a169b68f:group-DFB17977D0EF: set stopIndex = 16
2019-08-30 10:29:19,361 [grpc-default-executor-6] INFO  server.GrpcServerProtocolService (GrpcServerProtocolService.java:onCompleted(104)) - b9a3ceac-635b-47a7-ab79-6f38b04e1c7c: appendEntries completed
2019-08-30 10:29:19,364 [grpc-default-executor-5] INFO  server.GrpcLogAppender (GrpcLogAppender.java:onCompleted(292)) - 1ba5ef28-a816-4dc0-8667-4772a169b68f->b9a3ceac-635b-47a7-ab79-6f38b04e1c7c: follower responses appendEntries COMPLETED
2019-08-30 10:29:19,364 [grpc-default-executor-5] INFO  impl.FollowerInfo (FollowerInfo.java:lambda$new$0(50)) - 1ba5ef28-a816-4dc0-8667-4772a169b68f->b9a3ceac-635b-47a7-ab79-6f38b04e1c7c: nextIndex: updateUnconditionally 17 -> 16
2019-08-30 10:29:19,387 [StateMachineUpdater:b2a9b6fb-eaa2-405b-9351-dabddfe94996:group-0D0B87365B5C] INFO  ratis.ContainerStateMachine (ContainerStateMachine.java:takeSnapshot(295)) - group-0D0B87365B5C: Finished taking a snapshot at:(t:1, i:13) file:/workdir/hadoop-ozone/integration-test/target/test-dir/MiniOzoneClusterImpl-7d259c97-1909-4a64-a3a4-65a46b1cb81d/datanode-4/data/ratis/607f3c97-5107-4402-9924-0d0b87365b5c/sm/snapshot.1_13 time:27
2019-08-30 10:29:19,387 [StateMachineUpdater:1ba5ef28-a816-4dc0-8667-4772a169b68f:group-DFB17977D0EF] INFO  ratis.ContainerStateMachine (ContainerStateMachine.java:takeSnapshot(295)) - group-DFB17977D0EF: Finished taking a snapshot at:(t:2, i:14) file:/workdir/hadoop-ozone/integration-test/target/test-dir/MiniOzoneClusterImpl-7d259c97-1909-4a64-a3a4-65a46b1cb81d/datanode-1/data/ratis/d7db82d8-b200-4a63-8145-dfb17977d0ef/sm/snapshot.2_14 time:26
2019-08-30 10:29:19,387 [StateMachineUpdater:1ba5ef28-a816-4dc0-8667-4772a169b68f:group-DFB17977D0EF] INFO  impl.StateMachineUpdater (StateMachineUpdater.java:takeSnapshot(242)) - StateMachineUpdater:1ba5ef28-a816-4dc0-8667-4772a169b68f:group-DFB17977D0EF: Took a snapshot at index 14
2019-08-30 10:29:19,387 [StateMachineUpdater:b2a9b6fb-eaa2-405b-9351-dabddfe94996:group-0D0B87365B5C] INFO  impl.StateMachineUpdater (StateMachineUpdater.java:takeSnapshot(242)) - StateMachineUpdater:b2a9b6fb-eaa2-405b-9351-dabddfe94996:group-0D0B87365B5C: Took a snapshot at index 13
2019-08-30 10:29:19,387 [StateMachineUpdater:1ba5ef28-a816-4dc0-8667-4772a169b68f:group-DFB17977D0EF] INFO  impl.StateMachineUpdater (StateMachineUpdater.java:lambda$new$0(80)) - StateMachineUpdater:1ba5ef28-a816-4dc0-8667-4772a169b68f:group-DFB17977D0EF: snapshotIndex: updateIncreasingly -1 -> 14
2019-08-30 10:29:19,388 [StateMachineUpdater:b2a9b6fb-eaa2-405b-9351-dabddfe94996:group-0D0B87365B5C] INFO  impl.StateMachineUpdater (StateMachineUpdater.java:lambda$new$0(80)) - StateMachineUpdater:b2a9b6fb-eaa2-405b-9351-dabddfe94996:group-0D0B87365B5C: snapshotIndex: updateIncreasingly -1 -> 13
2019-08-30 10:29:19,388 [ForkJoinPool.commonPool-worker-1] INFO  impl.RaftServerImpl (ServerState.java:close(394)) - 1ba5ef28-a816-4dc0-8667-4772a169b68f:group-DFB17977D0EF closes. The last applied log index is 16
2019-08-30 10:29:19,388 [main] INFO  impl.RaftServerImpl (ServerState.java:close(394)) - b2a9b6fb-eaa2-405b-9351-dabddfe94996:group-0D0B87365B5C closes. The last applied log index is 17
2019-08-30 10:29:19,389 [1ba5ef28-a816-4dc0-8667-4772a169b68f-SegmentedRaftLogWorker:Storage Directory /workdir/hadoop-ozone/integration-test/target/test-dir/MiniOzoneClusterImpl-7d259c97-1909-4a64-a3a4-65a46b1cb81d/datanode-1/data/ratis/d7db82d8-b200-4a63-8145-dfb17977d0ef] INFO  segmented.SegmentedRaftLogWorker (SegmentedRaftLogWorker.java:run(313)) - 1ba5ef28-a816-4dc0-8667-4772a169b68f-SegmentedRaftLogWorker:Storage Directory /workdir/hadoop-ozone/integration-test/target/test-dir/MiniOzoneClusterImpl-7d259c97-1909-4a64-a3a4-65a46b1cb81d/datanode-1/data/ratis/d7db82d8-b200-4a63-8145-dfb17977d0ef was interrupted, exiting. There are 0 tasks remaining in the queue.
2019-08-30 10:29:19,389 [b2a9b6fb-eaa2-405b-9351-dabddfe94996-SegmentedRaftLogWorker:Storage Directory /workdir/hadoop-ozone/integration-test/target/test-dir/MiniOzoneClusterImpl-7d259c97-1909-4a64-a3a4-65a46b1cb81d/datanode-4/data/ratis/607f3c97-5107-4402-9924-0d0b87365b5c] INFO  segmented.SegmentedRaftLogWorker (SegmentedRaftLogWorker.java:run(313)) - b2a9b6fb-eaa2-405b-9351-dabddfe94996-SegmentedRaftLogWorker:Storage Directory /workdir/hadoop-ozone/integration-test/target/test-dir/MiniOzoneClusterImpl-7d259c97-1909-4a64-a3a4-65a46b1cb81d/datanode-4/data/ratis/607f3c97-5107-4402-9924-0d0b87365b5c was interrupted, exiting. There are 0 tasks remaining in the queue.
2019-08-30 10:29:19,391 [ForkJoinPool.commonPool-worker-1] INFO  segmented.SegmentedRaftLogWorker (SegmentedRaftLogWorker.java:close(228)) - 1ba5ef28-a816-4dc0-8667-4772a169b68f-SegmentedRaftLogWorker:Storage Directory /workdir/hadoop-ozone/integration-test/target/test-dir/MiniOzoneClusterImpl-7d259c97-1909-4a64-a3a4-65a46b1cb81d/datanode-1/data/ratis/d7db82d8-b200-4a63-8145-dfb17977d0ef close()
2019-08-30 10:29:19,393 [main] INFO  segmented.SegmentedRaftLogWorker (SegmentedRaftLogWorker.java:close(228)) - b2a9b6fb-eaa2-405b-9351-dabddfe94996-SegmentedRaftLogWorker:Storage Directory /workdir/hadoop-ozone/integration-test/target/test-dir/MiniOzoneClusterImpl-7d259c97-1909-4a64-a3a4-65a46b1cb81d/datanode-4/data/ratis/607f3c97-5107-4402-9924-0d0b87365b5c close()
2019-08-30 10:29:19,396 [ForkJoinPool.commonPool-worker-1] INFO  server.GrpcService (GrpcService.java:closeImpl(155)) - 1ba5ef28-a816-4dc0-8667-4772a169b68f: shutdown server with port 46470 now
2019-08-30 10:29:19,400 [main] INFO  server.GrpcService (GrpcService.java:closeImpl(155)) - b2a9b6fb-eaa2-405b-9351-dabddfe94996: shutdown server with port 36493 now
2019-08-30 10:29:19,401 | INFO  | SCMAudit | user=jenkins1000 | ip=192.168.5.138 | op=SEND_HEARTBEAT {datanodeUUID=96988ad7-ae0a-41fc-bcd9-7add42cf23a5, command=[]} | ret=SUCCESS |  
2019-08-30 10:29:19,401 [grpc-default-executor-6] WARN  client.GrpcClientProtocolService (LogUtils.java:warn(134)) - 1-UnorderedRequestStreamObserver1: onError: org.apache.ratis.thirdparty.io.grpc.StatusRuntimeException: CANCELLED: cancelled before receiving half close
2019-08-30 10:29:19,401 [ForkJoinPool.commonPool-worker-1] INFO  server.GrpcService (GrpcService.java:closeImpl(163)) - 1ba5ef28-a816-4dc0-8667-4772a169b68f: shutdown server with port 46470 successfully
2019-08-30 10:29:19,401 [main] INFO  server.GrpcService (GrpcService.java:closeImpl(163)) - b2a9b6fb-eaa2-405b-9351-dabddfe94996: shutdown server with port 36493 successfully
2019-08-30 10:29:19,403 [refreshUsed-/workdir/hadoop-ozone/integration-test/target/test-dir/MiniOzoneClusterImpl-7d259c97-1909-4a64-a3a4-65a46b1cb81d/datanode-1/data/containers] WARN  fs.CachingGetSpaceUsed (CachingGetSpaceUsed.java:run(183)) - Thread Interrupted waiting to refresh disk information: sleep interrupted
2019-08-30 10:29:19,405 [refreshUsed-/workdir/hadoop-ozone/integration-test/target/test-dir/MiniOzoneClusterImpl-7d259c97-1909-4a64-a3a4-65a46b1cb81d/datanode-4/data/containers] WARN  fs.CachingGetSpaceUsed (CachingGetSpaceUsed.java:run(183)) - Thread Interrupted waiting to refresh disk information: sleep interrupted
2019-08-30 10:29:19,420 [ForkJoinPool.commonPool-worker-1] INFO  utils.BackgroundService (BackgroundService.java:shutdown(148)) - Shutting down service BlockDeletingService
2019-08-30 10:29:19,424 [ForkJoinPool.commonPool-worker-1] INFO  statemachine.DatanodeStateMachine (DatanodeStateMachine.java:stopDaemon(395)) - Ozone container server stopped.
2019-08-30 10:29:19,429 [ForkJoinPool.commonPool-worker-1] INFO  handler.ContextHandler (ContextHandler.java:doStop(910)) - Stopped o.e.j.w.WebAppContext@6562cc23{/,null,UNAVAILABLE}{/hddsDatanode}
2019-08-30 10:29:19,429 [ForkJoinPool.commonPool-worker-1] INFO  server.AbstractConnector (AbstractConnector.java:doStop(318)) - Stopped ServerConnector@2ce524d2{HTTP/1.1,[http/1.1]}{0.0.0.0:0}
2019-08-30 10:29:19,437 [ForkJoinPool.commonPool-worker-1] INFO  handler.ContextHandler (ContextHandler.java:doStop(910)) - Stopped o.e.j.s.ServletContextHandler@4d4c1ba9{/static,jar:file:/home/user/.m2/repository/org/apache/hadoop/hadoop-hdds-container-service/0.5.0-SNAPSHOT/hadoop-hdds-container-service-0.5.0-SNAPSHOT.jar!/webapps/static,UNAVAILABLE}
2019-08-30 10:29:19,437 [ForkJoinPool.commonPool-worker-1] INFO  handler.ContextHandler (ContextHandler.java:doStop(910)) - Stopped o.e.j.s.ServletContextHandler@61da0413{/logs,file:///workdir/hadoop-ozone/integration-test/target/log,UNAVAILABLE}
2019-08-30 10:29:19,439 [main] INFO  utils.BackgroundService (BackgroundService.java:shutdown(148)) - Shutting down service BlockDeletingService
2019-08-30 10:29:19,444 [main] INFO  statemachine.DatanodeStateMachine (DatanodeStateMachine.java:stopDaemon(395)) - Ozone container server stopped.
2019-08-30 10:29:19,445 [main] INFO  handler.ContextHandler (ContextHandler.java:doStop(910)) - Stopped o.e.j.w.WebAppContext@798cf6d2{/,null,UNAVAILABLE}{/hddsDatanode}
2019-08-30 10:29:19,446 [main] INFO  server.AbstractConnector (AbstractConnector.java:doStop(318)) - Stopped ServerConnector@1c1fa494{HTTP/1.1,[http/1.1]}{0.0.0.0:0}
2019-08-30 10:29:19,446 [main] INFO  handler.ContextHandler (ContextHandler.java:doStop(910)) - Stopped o.e.j.s.ServletContextHandler@79cb8ffa{/static,jar:file:/home/user/.m2/repository/org/apache/hadoop/hadoop-hdds-container-service/0.5.0-SNAPSHOT/hadoop-hdds-container-service-0.5.0-SNAPSHOT.jar!/webapps/static,UNAVAILABLE}
2019-08-30 10:29:19,447 [main] INFO  handler.ContextHandler (ContextHandler.java:doStop(910)) - Stopped o.e.j.s.ServletContextHandler@9690008{/logs,file:///workdir/hadoop-ozone/integration-test/target/log,UNAVAILABLE}
2019-08-30 10:29:20,045 | INFO  | SCMAudit | user=jenkins1000 | ip=192.168.5.138 | op=SEND_HEARTBEAT {datanodeUUID=22b8f49d-fa4d-49b6-8388-fe1377411d49, command=[]} | ret=SUCCESS |  
2019-08-30 10:29:20,057 [Datanode State Machine Thread - 0] INFO  statemachine.DatanodeStateMachine (DatanodeStateMachine.java:lambda$startDaemon$0(350)) - Ozone container server started.
2019-08-30 10:29:20,059 | INFO  | SCMAudit | user=jenkins1000 | ip=192.168.5.138 | op=SEND_HEARTBEAT {datanodeUUID=b9a3ceac-635b-47a7-ab79-6f38b04e1c7c, command=[commandType: closeContainerCommand closeContainerCommandProto { containerID: 2 pipelineID { id: "d7db82d8-b200-4a63-8145-dfb17977d0ef" } cmdId: 2 force: false } ]} | ret=SUCCESS |  
2019-08-30 10:29:20,398 [Datanode State Machine Thread - 0] INFO  statemachine.DatanodeStateMachine (DatanodeStateMachine.java:lambda$startDaemon$0(350)) - Ozone container server started.
2019-08-30 10:29:21,045 | INFO  | SCMAudit | user=jenkins1000 | ip=192.168.5.138 | op=SEND_HEARTBEAT {datanodeUUID=22b8f49d-fa4d-49b6-8388-fe1377411d49, command=[]} | ret=SUCCESS |  
2019-08-30 10:29:21,059 | INFO  | SCMAudit | user=jenkins1000 | ip=192.168.5.138 | op=SEND_HEARTBEAT {datanodeUUID=b9a3ceac-635b-47a7-ab79-6f38b04e1c7c, command=[]} | ret=SUCCESS |  
2019-08-30 10:29:22,045 | INFO  | SCMAudit | user=jenkins1000 | ip=192.168.5.138 | op=SEND_HEARTBEAT {datanodeUUID=22b8f49d-fa4d-49b6-8388-fe1377411d49, command=[]} | ret=SUCCESS |  
2019-08-30 10:29:22,059 | INFO  | SCMAudit | user=jenkins1000 | ip=192.168.5.138 | op=SEND_HEARTBEAT {datanodeUUID=b9a3ceac-635b-47a7-ab79-6f38b04e1c7c, command=[]} | ret=SUCCESS |  
2019-08-30 10:29:22,087 | INFO  | SCMAudit | user=jenkins1000 | ip=192.168.5.138 | op=SEND_HEARTBEAT {datanodeUUID=b9a3ceac-635b-47a7-ab79-6f38b04e1c7c, command=[]} | ret=SUCCESS |  
2019-08-30 10:29:23,045 | INFO  | SCMAudit | user=jenkins1000 | ip=192.168.5.138 | op=SEND_HEARTBEAT {datanodeUUID=22b8f49d-fa4d-49b6-8388-fe1377411d49, command=[]} | ret=SUCCESS |  
2019-08-30 10:29:23,087 | INFO  | SCMAudit | user=jenkins1000 | ip=192.168.5.138 | op=SEND_HEARTBEAT {datanodeUUID=b9a3ceac-635b-47a7-ab79-6f38b04e1c7c, command=[]} | ret=SUCCESS |  
2019-08-30 10:29:24,046 | INFO  | SCMAudit | user=jenkins1000 | ip=192.168.5.138 | op=SEND_HEARTBEAT {datanodeUUID=22b8f49d-fa4d-49b6-8388-fe1377411d49, command=[]} | ret=SUCCESS |  
2019-08-30 10:29:24,087 | INFO  | SCMAudit | user=jenkins1000 | ip=192.168.5.138 | op=SEND_HEARTBEAT {datanodeUUID=b9a3ceac-635b-47a7-ab79-6f38b04e1c7c, command=[]} | ret=SUCCESS |  
2019-08-30 10:29:24,143 [EventQueue-StaleNodeForStaleNodeHandler] INFO  node.StaleNodeHandler (StaleNodeHandler.java:onMessage(58)) - Datanode 761283d5-0d6d-45e5-8015-7ab77012df5e{ip: 192.168.5.138, host: pr-hdds-2061-2h694-1687604233, networkLocation: /default-rack, certSerialId: null} moved to stale state. Finalizing its pipelines [PipelineID=b1eafc18-207c-4a1f-9355-1433718c21db, PipelineID=d7db82d8-b200-4a63-8145-dfb17977d0ef]
2019-08-30 10:29:24,143 [EventQueue-StaleNodeForStaleNodeHandler] INFO  pipeline.SCMPipelineManager (SCMPipelineManager.java:finalizeAndDestroyPipeline(309)) - destroying pipeline:Pipeline[ Id: b1eafc18-207c-4a1f-9355-1433718c21db, Nodes: 761283d5-0d6d-45e5-8015-7ab77012df5e{ip: 192.168.5.138, host: pr-hdds-2061-2h694-1687604233, networkLocation: /default-rack, certSerialId: null}, Type:RATIS, Factor:ONE, State:OPEN]
2019-08-30 10:29:24,144 [EventQueue-StaleNodeForStaleNodeHandler] INFO  pipeline.PipelineStateManager (PipelineStateManager.java:finalizePipeline(123)) - Pipeline Pipeline[ Id: b1eafc18-207c-4a1f-9355-1433718c21db, Nodes: 761283d5-0d6d-45e5-8015-7ab77012df5e{ip: 192.168.5.138, host: pr-hdds-2061-2h694-1687604233, networkLocation: /default-rack, certSerialId: null}, Type:RATIS, Factor:ONE, State:CLOSED] moved to CLOSED state
2019-08-30 10:29:24,144 [EventQueue-StaleNodeForStaleNodeHandler] INFO  pipeline.SCMPipelineManager (SCMPipelineManager.java:finalizeAndDestroyPipeline(309)) - destroying pipeline:Pipeline[ Id: d7db82d8-b200-4a63-8145-dfb17977d0ef, Nodes: b9a3ceac-635b-47a7-ab79-6f38b04e1c7c{ip: 192.168.5.138, host: pr-hdds-2061-2h694-1687604233, networkLocation: /default-rack, certSerialId: null}761283d5-0d6d-45e5-8015-7ab77012df5e{ip: 192.168.5.138, host: pr-hdds-2061-2h694-1687604233, networkLocation: /default-rack, certSerialId: null}1ba5ef28-a816-4dc0-8667-4772a169b68f{ip: 192.168.5.138, host: pr-hdds-2061-2h694-1687604233, networkLocation: /default-rack, certSerialId: null}, Type:RATIS, Factor:THREE, State:CLOSED]
2019-08-30 10:29:24,439 [ForkJoinPool.commonPool-worker-1] INFO  ozoneimpl.OzoneContainer (OzoneContainer.java:stop(215)) - Attempting to stop container services.
2019-08-30 10:29:24,439 [ForkJoinPool.commonPool-worker-1] INFO  impl.RaftServerProxy (RaftServerProxy.java:lambda$close$4(314)) - 761283d5-0d6d-45e5-8015-7ab77012df5e: close
2019-08-30 10:29:24,440 [ForkJoinPool.commonPool-worker-1] INFO  impl.RaftServerImpl (RaftServerImpl.java:lambda$shutdown$3(245)) - 761283d5-0d6d-45e5-8015-7ab77012df5e: shutdown group-1433718C21DB
2019-08-30 10:29:24,440 [ForkJoinPool.commonPool-worker-1] INFO  util.JmxRegister (JmxRegister.java:unregister(73)) - Successfully un-registered JMX Bean with object name Ratis:service=RaftServer,group=group-1433718C21DB,id=761283d5-0d6d-45e5-8015-7ab77012df5e
2019-08-30 10:29:24,440 [ForkJoinPool.commonPool-worker-1] INFO  impl.RoleInfo (RoleInfo.java:shutdownLeaderState(104)) - 761283d5-0d6d-45e5-8015-7ab77012df5e: shutdown LeaderState
2019-08-30 10:29:24,441 [ForkJoinPool.commonPool-worker-1] INFO  impl.PendingRequests (PendingRequests.java:sendNotLeaderResponses(202)) - 761283d5-0d6d-45e5-8015-7ab77012df5e-PendingRequests: sendNotLeaderResponses
2019-08-30 10:29:24,441 [ForkJoinPool.commonPool-worker-1] INFO  impl.StateMachineUpdater (StateMachineUpdater.java:stopAndJoin(115)) - StateMachineUpdater:761283d5-0d6d-45e5-8015-7ab77012df5e:group-1433718C21DB: set stopIndex = 0
2019-08-30 10:29:24,442 [ForkJoinPool.commonPool-worker-1] INFO  impl.RaftServerImpl (ServerState.java:close(394)) - 761283d5-0d6d-45e5-8015-7ab77012df5e:group-1433718C21DB closes. The last applied log index is 0
2019-08-30 10:29:24,442 [761283d5-0d6d-45e5-8015-7ab77012df5e-SegmentedRaftLogWorker:Storage Directory /workdir/hadoop-ozone/integration-test/target/test-dir/MiniOzoneClusterImpl-7d259c97-1909-4a64-a3a4-65a46b1cb81d/datanode-2/data/ratis/b1eafc18-207c-4a1f-9355-1433718c21db] INFO  segmented.SegmentedRaftLogWorker (SegmentedRaftLogWorker.java:run(313)) - 761283d5-0d6d-45e5-8015-7ab77012df5e-SegmentedRaftLogWorker:Storage Directory /workdir/hadoop-ozone/integration-test/target/test-dir/MiniOzoneClusterImpl-7d259c97-1909-4a64-a3a4-65a46b1cb81d/datanode-2/data/ratis/b1eafc18-207c-4a1f-9355-1433718c21db was interrupted, exiting. There are 0 tasks remaining in the queue.
2019-08-30 10:29:24,445 [ForkJoinPool.commonPool-worker-1] INFO  segmented.SegmentedRaftLogWorker (SegmentedRaftLogWorker.java:close(228)) - 761283d5-0d6d-45e5-8015-7ab77012df5e-SegmentedRaftLogWorker:Storage Directory /workdir/hadoop-ozone/integration-test/target/test-dir/MiniOzoneClusterImpl-7d259c97-1909-4a64-a3a4-65a46b1cb81d/datanode-2/data/ratis/b1eafc18-207c-4a1f-9355-1433718c21db close()
2019-08-30 10:29:24,445 [EventQueue-StaleNodeForStaleNodeHandler] INFO  node.StaleNodeHandler (StaleNodeHandler.java:onMessage(58)) - Datanode 96988ad7-ae0a-41fc-bcd9-7add42cf23a5{ip: 192.168.5.138, host: pr-hdds-2061-2h694-1687604233, networkLocation: /default-rack, certSerialId: null} moved to stale state. Finalizing its pipelines [PipelineID=607f3c97-5107-4402-9924-0d0b87365b5c, PipelineID=cb24cac4-11bf-4111-bc18-50cdd0020c25]
2019-08-30 10:29:24,448 [ForkJoinPool.commonPool-worker-1] INFO  impl.RaftServerImpl (RaftServerImpl.java:lambda$shutdown$3(245)) - 761283d5-0d6d-45e5-8015-7ab77012df5e: shutdown group-DFB17977D0EF
2019-08-30 10:29:24,449 [main] INFO  ozoneimpl.OzoneContainer (OzoneContainer.java:stop(215)) - Attempting to stop container services.
2019-08-30 10:29:24,449 [EventQueue-StaleNodeForStaleNodeHandler] INFO  pipeline.SCMPipelineManager (SCMPipelineManager.java:finalizeAndDestroyPipeline(309)) - destroying pipeline:Pipeline[ Id: 607f3c97-5107-4402-9924-0d0b87365b5c, Nodes: e33cffab-a258-46fb-ba8c-565f72f79075{ip: 192.168.5.138, host: pr-hdds-2061-2h694-1687604233, networkLocation: /default-rack, certSerialId: null}96988ad7-ae0a-41fc-bcd9-7add42cf23a5{ip: 192.168.5.138, host: pr-hdds-2061-2h694-1687604233, networkLocation: /default-rack, certSerialId: null}b2a9b6fb-eaa2-405b-9351-dabddfe94996{ip: 192.168.5.138, host: pr-hdds-2061-2h694-1687604233, networkLocation: /default-rack, certSerialId: null}, Type:RATIS, Factor:THREE, State:CLOSED]
2019-08-30 10:29:24,449 [ForkJoinPool.commonPool-worker-1] INFO  util.JmxRegister (JmxRegister.java:unregister(73)) - Successfully un-registered JMX Bean with object name Ratis:service=RaftServer,group=group-DFB17977D0EF,id=761283d5-0d6d-45e5-8015-7ab77012df5e
2019-08-30 10:29:24,450 [EventQueue-StaleNodeForStaleNodeHandler] INFO  pipeline.SCMPipelineManager (SCMPipelineManager.java:finalizeAndDestroyPipeline(309)) - destroying pipeline:Pipeline[ Id: cb24cac4-11bf-4111-bc18-50cdd0020c25, Nodes: 96988ad7-ae0a-41fc-bcd9-7add42cf23a5{ip: 192.168.5.138, host: pr-hdds-2061-2h694-1687604233, networkLocation: /default-rack, certSerialId: null}, Type:RATIS, Factor:ONE, State:OPEN]
2019-08-30 10:29:24,449 [main] INFO  impl.RaftServerProxy (RaftServerProxy.java:lambda$close$4(314)) - 96988ad7-ae0a-41fc-bcd9-7add42cf23a5: close
2019-08-30 10:29:24,450 [EventQueue-StaleNodeForStaleNodeHandler] INFO  pipeline.PipelineStateManager (PipelineStateManager.java:finalizePipeline(123)) - Pipeline Pipeline[ Id: cb24cac4-11bf-4111-bc18-50cdd0020c25, Nodes: 96988ad7-ae0a-41fc-bcd9-7add42cf23a5{ip: 192.168.5.138, host: pr-hdds-2061-2h694-1687604233, networkLocation: /default-rack, certSerialId: null}, Type:RATIS, Factor:ONE, State:CLOSED] moved to CLOSED state
2019-08-30 10:29:24,450 [ForkJoinPool.commonPool-worker-1] INFO  impl.RoleInfo (RoleInfo.java:shutdownFollowerState(121)) - 761283d5-0d6d-45e5-8015-7ab77012df5e: shutdown FollowerState
2019-08-30 10:29:24,450 [main] INFO  impl.RaftServerImpl (RaftServerImpl.java:lambda$shutdown$3(245)) - 96988ad7-ae0a-41fc-bcd9-7add42cf23a5: shutdown group-0D0B87365B5C
2019-08-30 10:29:24,451 [Thread-3709] INFO  impl.FollowerState (FollowerState.java:run(114)) - 761283d5-0d6d-45e5-8015-7ab77012df5e: FollowerState was interrupted: java.lang.InterruptedException: sleep interrupted
2019-08-30 10:29:24,451 [StateMachineUpdater:761283d5-0d6d-45e5-8015-7ab77012df5e:group-DFB17977D0EF] INFO  ratis.ContainerStateMachine (ContainerStateMachine.java:takeSnapshot(284)) - group-DFB17977D0EF: Taking a snapshot at:(t:2, i:14) file /workdir/hadoop-ozone/integration-test/target/test-dir/MiniOzoneClusterImpl-7d259c97-1909-4a64-a3a4-65a46b1cb81d/datanode-2/data/ratis/d7db82d8-b200-4a63-8145-dfb17977d0ef/sm/snapshot.2_14
2019-08-30 10:29:24,451 [ForkJoinPool.commonPool-worker-1] INFO  impl.StateMachineUpdater (StateMachineUpdater.java:stopAndJoin(115)) - StateMachineUpdater:761283d5-0d6d-45e5-8015-7ab77012df5e:group-DFB17977D0EF: set stopIndex = 16
2019-08-30 10:29:24,451 [main] INFO  util.JmxRegister (JmxRegister.java:unregister(73)) - Successfully un-registered JMX Bean with object name Ratis:service=RaftServer,group=group-0D0B87365B5C,id=96988ad7-ae0a-41fc-bcd9-7add42cf23a5
2019-08-30 10:29:24,454 [main] INFO  impl.RoleInfo (RoleInfo.java:shutdownFollowerState(121)) - 96988ad7-ae0a-41fc-bcd9-7add42cf23a5: shutdown FollowerState
2019-08-30 10:29:24,455 [main] INFO  impl.StateMachineUpdater (StateMachineUpdater.java:stopAndJoin(115)) - StateMachineUpdater:96988ad7-ae0a-41fc-bcd9-7add42cf23a5:group-0D0B87365B5C: set stopIndex = 17
2019-08-30 10:29:24,455 [Thread-3772] INFO  impl.FollowerState (FollowerState.java:run(114)) - 96988ad7-ae0a-41fc-bcd9-7add42cf23a5: FollowerState was interrupted: java.lang.InterruptedException: sleep interrupted
2019-08-30 10:29:24,455 [StateMachineUpdater:96988ad7-ae0a-41fc-bcd9-7add42cf23a5:group-0D0B87365B5C] INFO  ratis.ContainerStateMachine (ContainerStateMachine.java:takeSnapshot(284)) - group-0D0B87365B5C: Taking a snapshot at:(t:1, i:13) file /workdir/hadoop-ozone/integration-test/target/test-dir/MiniOzoneClusterImpl-7d259c97-1909-4a64-a3a4-65a46b1cb81d/datanode-3/data/ratis/607f3c97-5107-4402-9924-0d0b87365b5c/sm/snapshot.1_13
2019-08-30 10:29:24,478 [StateMachineUpdater:96988ad7-ae0a-41fc-bcd9-7add42cf23a5:group-0D0B87365B5C] INFO  ratis.ContainerStateMachine (ContainerStateMachine.java:takeSnapshot(295)) - group-0D0B87365B5C: Finished taking a snapshot at:(t:1, i:13) file:/workdir/hadoop-ozone/integration-test/target/test-dir/MiniOzoneClusterImpl-7d259c97-1909-4a64-a3a4-65a46b1cb81d/datanode-3/data/ratis/607f3c97-5107-4402-9924-0d0b87365b5c/sm/snapshot.1_13 time:24
2019-08-30 10:29:24,479 [StateMachineUpdater:96988ad7-ae0a-41fc-bcd9-7add42cf23a5:group-0D0B87365B5C] INFO  impl.StateMachineUpdater (StateMachineUpdater.java:takeSnapshot(242)) - StateMachineUpdater:96988ad7-ae0a-41fc-bcd9-7add42cf23a5:group-0D0B87365B5C: Took a snapshot at index 13
2019-08-30 10:29:24,478 [StateMachineUpdater:761283d5-0d6d-45e5-8015-7ab77012df5e:group-DFB17977D0EF] INFO  ratis.ContainerStateMachine (ContainerStateMachine.java:takeSnapshot(295)) - group-DFB17977D0EF: Finished taking a snapshot at:(t:2, i:14) file:/workdir/hadoop-ozone/integration-test/target/test-dir/MiniOzoneClusterImpl-7d259c97-1909-4a64-a3a4-65a46b1cb81d/datanode-2/data/ratis/d7db82d8-b200-4a63-8145-dfb17977d0ef/sm/snapshot.2_14 time:28
2019-08-30 10:29:24,479 [StateMachineUpdater:96988ad7-ae0a-41fc-bcd9-7add42cf23a5:group-0D0B87365B5C] INFO  impl.StateMachineUpdater (StateMachineUpdater.java:lambda$new$0(80)) - StateMachineUpdater:96988ad7-ae0a-41fc-bcd9-7add42cf23a5:group-0D0B87365B5C: snapshotIndex: updateIncreasingly -1 -> 13
2019-08-30 10:29:24,479 [StateMachineUpdater:761283d5-0d6d-45e5-8015-7ab77012df5e:group-DFB17977D0EF] INFO  impl.StateMachineUpdater (StateMachineUpdater.java:takeSnapshot(242)) - StateMachineUpdater:761283d5-0d6d-45e5-8015-7ab77012df5e:group-DFB17977D0EF: Took a snapshot at index 14
2019-08-30 10:29:24,479 [StateMachineUpdater:761283d5-0d6d-45e5-8015-7ab77012df5e:group-DFB17977D0EF] INFO  impl.StateMachineUpdater (StateMachineUpdater.java:lambda$new$0(80)) - StateMachineUpdater:761283d5-0d6d-45e5-8015-7ab77012df5e:group-DFB17977D0EF: snapshotIndex: updateIncreasingly -1 -> 14
2019-08-30 10:29:24,479 [main] INFO  impl.RaftServerImpl (ServerState.java:close(394)) - 96988ad7-ae0a-41fc-bcd9-7add42cf23a5:group-0D0B87365B5C closes. The last applied log index is 17
2019-08-30 10:29:24,480 [ForkJoinPool.commonPool-worker-1] INFO  impl.RaftServerImpl (ServerState.java:close(394)) - 761283d5-0d6d-45e5-8015-7ab77012df5e:group-DFB17977D0EF closes. The last applied log index is 16
2019-08-30 10:29:24,480 [96988ad7-ae0a-41fc-bcd9-7add42cf23a5-SegmentedRaftLogWorker:Storage Directory /workdir/hadoop-ozone/integration-test/target/test-dir/MiniOzoneClusterImpl-7d259c97-1909-4a64-a3a4-65a46b1cb81d/datanode-3/data/ratis/607f3c97-5107-4402-9924-0d0b87365b5c] INFO  segmented.SegmentedRaftLogWorker (SegmentedRaftLogWorker.java:run(313)) - 96988ad7-ae0a-41fc-bcd9-7add42cf23a5-SegmentedRaftLogWorker:Storage Directory /workdir/hadoop-ozone/integration-test/target/test-dir/MiniOzoneClusterImpl-7d259c97-1909-4a64-a3a4-65a46b1cb81d/datanode-3/data/ratis/607f3c97-5107-4402-9924-0d0b87365b5c was interrupted, exiting. There are 0 tasks remaining in the queue.
2019-08-30 10:29:24,480 [761283d5-0d6d-45e5-8015-7ab77012df5e-SegmentedRaftLogWorker:Storage Directory /workdir/hadoop-ozone/integration-test/target/test-dir/MiniOzoneClusterImpl-7d259c97-1909-4a64-a3a4-65a46b1cb81d/datanode-2/data/ratis/d7db82d8-b200-4a63-8145-dfb17977d0ef] INFO  segmented.SegmentedRaftLogWorker (SegmentedRaftLogWorker.java:run(313)) - 761283d5-0d6d-45e5-8015-7ab77012df5e-SegmentedRaftLogWorker:Storage Directory /workdir/hadoop-ozone/integration-test/target/test-dir/MiniOzoneClusterImpl-7d259c97-1909-4a64-a3a4-65a46b1cb81d/datanode-2/data/ratis/d7db82d8-b200-4a63-8145-dfb17977d0ef was interrupted, exiting. There are 0 tasks remaining in the queue.
2019-08-30 10:29:24,482 [main] INFO  segmented.SegmentedRaftLogWorker (SegmentedRaftLogWorker.java:close(228)) - 96988ad7-ae0a-41fc-bcd9-7add42cf23a5-SegmentedRaftLogWorker:Storage Directory /workdir/hadoop-ozone/integration-test/target/test-dir/MiniOzoneClusterImpl-7d259c97-1909-4a64-a3a4-65a46b1cb81d/datanode-3/data/ratis/607f3c97-5107-4402-9924-0d0b87365b5c close()
2019-08-30 10:29:24,484 [ForkJoinPool.commonPool-worker-1] INFO  segmented.SegmentedRaftLogWorker (SegmentedRaftLogWorker.java:close(228)) - 761283d5-0d6d-45e5-8015-7ab77012df5e-SegmentedRaftLogWorker:Storage Directory /workdir/hadoop-ozone/integration-test/target/test-dir/MiniOzoneClusterImpl-7d259c97-1909-4a64-a3a4-65a46b1cb81d/datanode-2/data/ratis/d7db82d8-b200-4a63-8145-dfb17977d0ef close()
2019-08-30 10:29:24,487 [main] INFO  impl.RaftServerImpl (RaftServerImpl.java:lambda$shutdown$3(245)) - 96988ad7-ae0a-41fc-bcd9-7add42cf23a5: shutdown group-50CDD0020C25
2019-08-30 10:29:24,490 [ForkJoinPool.commonPool-worker-1] INFO  server.GrpcService (GrpcService.java:closeImpl(155)) - 761283d5-0d6d-45e5-8015-7ab77012df5e: shutdown server with port 41019 now
2019-08-30 10:29:24,490 [main] INFO  util.JmxRegister (JmxRegister.java:unregister(73)) - Successfully un-registered JMX Bean with object name Ratis:service=RaftServer,group=group-50CDD0020C25,id=96988ad7-ae0a-41fc-bcd9-7add42cf23a5
2019-08-30 10:29:24,491 [main] INFO  impl.RoleInfo (RoleInfo.java:shutdownLeaderState(104)) - 96988ad7-ae0a-41fc-bcd9-7add42cf23a5: shutdown LeaderState
2019-08-30 10:29:24,491 [ForkJoinPool.commonPool-worker-1] INFO  server.GrpcService (GrpcService.java:closeImpl(163)) - 761283d5-0d6d-45e5-8015-7ab77012df5e: shutdown server with port 41019 successfully
2019-08-30 10:29:24,491 [main] INFO  impl.PendingRequests (PendingRequests.java:sendNotLeaderResponses(202)) - 96988ad7-ae0a-41fc-bcd9-7add42cf23a5-PendingRequests: sendNotLeaderResponses
2019-08-30 10:29:24,492 [main] INFO  impl.StateMachineUpdater (StateMachineUpdater.java:stopAndJoin(115)) - StateMachineUpdater:96988ad7-ae0a-41fc-bcd9-7add42cf23a5:group-50CDD0020C25: set stopIndex = 0
2019-08-30 10:29:24,492 [main] INFO  impl.RaftServerImpl (ServerState.java:close(394)) - 96988ad7-ae0a-41fc-bcd9-7add42cf23a5:group-50CDD0020C25 closes. The last applied log index is 0
2019-08-30 10:29:24,493 [refreshUsed-/workdir/hadoop-ozone/integration-test/target/test-dir/MiniOzoneClusterImpl-7d259c97-1909-4a64-a3a4-65a46b1cb81d/datanode-2/data/containers] WARN  fs.CachingGetSpaceUsed (CachingGetSpaceUsed.java:run(183)) - Thread Interrupted waiting to refresh disk information: sleep interrupted
2019-08-30 10:29:24,493 [96988ad7-ae0a-41fc-bcd9-7add42cf23a5-SegmentedRaftLogWorker:Storage Directory /workdir/hadoop-ozone/integration-test/target/test-dir/MiniOzoneClusterImpl-7d259c97-1909-4a64-a3a4-65a46b1cb81d/datanode-3/data/ratis/cb24cac4-11bf-4111-bc18-50cdd0020c25] INFO  segmented.SegmentedRaftLogWorker (SegmentedRaftLogWorker.java:run(313)) - 96988ad7-ae0a-41fc-bcd9-7add42cf23a5-SegmentedRaftLogWorker:Storage Directory /workdir/hadoop-ozone/integration-test/target/test-dir/MiniOzoneClusterImpl-7d259c97-1909-4a64-a3a4-65a46b1cb81d/datanode-3/data/ratis/cb24cac4-11bf-4111-bc18-50cdd0020c25 was interrupted, exiting. There are 0 tasks remaining in the queue.
2019-08-30 10:29:24,496 [main] INFO  segmented.SegmentedRaftLogWorker (SegmentedRaftLogWorker.java:close(228)) - 96988ad7-ae0a-41fc-bcd9-7add42cf23a5-SegmentedRaftLogWorker:Storage Directory /workdir/hadoop-ozone/integration-test/target/test-dir/MiniOzoneClusterImpl-7d259c97-1909-4a64-a3a4-65a46b1cb81d/datanode-3/data/ratis/cb24cac4-11bf-4111-bc18-50cdd0020c25 close()
2019-08-30 10:29:24,499 [main] INFO  server.GrpcService (GrpcService.java:closeImpl(155)) - 96988ad7-ae0a-41fc-bcd9-7add42cf23a5: shutdown server with port 33573 now
2019-08-30 10:29:24,499 [main] INFO  server.GrpcService (GrpcService.java:closeImpl(163)) - 96988ad7-ae0a-41fc-bcd9-7add42cf23a5: shutdown server with port 33573 successfully
2019-08-30 10:29:24,502 [refreshUsed-/workdir/hadoop-ozone/integration-test/target/test-dir/MiniOzoneClusterImpl-7d259c97-1909-4a64-a3a4-65a46b1cb81d/datanode-3/data/containers] WARN  fs.CachingGetSpaceUsed (CachingGetSpaceUsed.java:run(183)) - Thread Interrupted waiting to refresh disk information: sleep interrupted
2019-08-30 10:29:24,517 [ForkJoinPool.commonPool-worker-1] INFO  utils.BackgroundService (BackgroundService.java:shutdown(148)) - Shutting down service BlockDeletingService
2019-08-30 10:29:24,521 [ForkJoinPool.commonPool-worker-1] INFO  statemachine.DatanodeStateMachine (DatanodeStateMachine.java:stopDaemon(395)) - Ozone container server stopped.
2019-08-30 10:29:24,524 [ForkJoinPool.commonPool-worker-1] INFO  handler.ContextHandler (ContextHandler.java:doStop(910)) - Stopped o.e.j.w.WebAppContext@30508066{/,null,UNAVAILABLE}{/hddsDatanode}
2019-08-30 10:29:24,525 [ForkJoinPool.commonPool-worker-1] INFO  server.AbstractConnector (AbstractConnector.java:doStop(318)) - Stopped ServerConnector@9408857{HTTP/1.1,[http/1.1]}{0.0.0.0:0}
2019-08-30 10:29:24,525 [ForkJoinPool.commonPool-worker-1] INFO  handler.ContextHandler (ContextHandler.java:doStop(910)) - Stopped o.e.j.s.ServletContextHandler@4863c8ac{/static,jar:file:/home/user/.m2/repository/org/apache/hadoop/hadoop-hdds-container-service/0.5.0-SNAPSHOT/hadoop-hdds-container-service-0.5.0-SNAPSHOT.jar!/webapps/static,UNAVAILABLE}
2019-08-30 10:29:24,526 [main] INFO  utils.BackgroundService (BackgroundService.java:shutdown(148)) - Shutting down service BlockDeletingService
2019-08-30 10:29:24,526 [ForkJoinPool.commonPool-worker-1] INFO  handler.ContextHandler (ContextHandler.java:doStop(910)) - Stopped o.e.j.s.ServletContextHandler@67c6f4d8{/logs,file:///workdir/hadoop-ozone/integration-test/target/log,UNAVAILABLE}
2019-08-30 10:29:24,530 [main] INFO  statemachine.DatanodeStateMachine (DatanodeStateMachine.java:stopDaemon(395)) - Ozone container server stopped.
2019-08-30 10:29:24,531 [main] INFO  handler.ContextHandler (ContextHandler.java:doStop(910)) - Stopped o.e.j.w.WebAppContext@774d8276{/,null,UNAVAILABLE}{/hddsDatanode}
2019-08-30 10:29:24,532 [main] INFO  server.AbstractConnector (AbstractConnector.java:doStop(318)) - Stopped ServerConnector@6ce26986{HTTP/1.1,[http/1.1]}{0.0.0.0:0}
2019-08-30 10:29:24,532 [main] INFO  handler.ContextHandler (ContextHandler.java:doStop(910)) - Stopped o.e.j.s.ServletContextHandler@1ea930eb{/static,jar:file:/home/user/.m2/repository/org/apache/hadoop/hadoop-hdds-container-service/0.5.0-SNAPSHOT/hadoop-hdds-container-service-0.5.0-SNAPSHOT.jar!/webapps/static,UNAVAILABLE}
2019-08-30 10:29:24,532 [main] INFO  handler.ContextHandler (ContextHandler.java:doStop(910)) - Stopped o.e.j.s.ServletContextHandler@1b7554d4{/logs,file:///workdir/hadoop-ozone/integration-test/target/log,UNAVAILABLE}
2019-08-30 10:29:25,045 [Datanode State Machine Thread - 0] INFO  statemachine.DatanodeStateMachine (DatanodeStateMachine.java:lambda$startDaemon$0(350)) - Ozone container server started.
2019-08-30 10:29:25,086 [Datanode State Machine Thread - 0] INFO  statemachine.DatanodeStateMachine (DatanodeStateMachine.java:lambda$startDaemon$0(350)) - Ozone container server started.
2019-08-30 10:29:28,489 [Thread-3708] INFO  impl.FollowerState (FollowerState.java:run(106)) - b9a3ceac-635b-47a7-ab79-6f38b04e1c7c:group-DFB17977D0EF changes to CANDIDATE, lastRpcTime:9186, electionTimeout:5128ms
2019-08-30 10:29:28,490 [Thread-3708] INFO  impl.RoleInfo (RoleInfo.java:shutdownFollowerState(121)) - b9a3ceac-635b-47a7-ab79-6f38b04e1c7c: shutdown FollowerState
2019-08-30 10:29:28,490 [Thread-3708] INFO  impl.RaftServerImpl (RaftServerImpl.java:setRole(171)) - b9a3ceac-635b-47a7-ab79-6f38b04e1c7c:group-DFB17977D0EF changes role from FOLLOWER to CANDIDATE at term 2 for changeToCandidate
2019-08-30 10:29:28,490 [Thread-3708] INFO  impl.RoleInfo (RoleInfo.java:updateAndGet(143)) - b9a3ceac-635b-47a7-ab79-6f38b04e1c7c: start LeaderElection
2019-08-30 10:29:28,497 [b9a3ceac-635b-47a7-ab79-6f38b04e1c7c:group-DFB17977D0EF:LeaderElection85] INFO  impl.RaftServerImpl (ServerState.java:setLeader(263)) - b9a3ceac-635b-47a7-ab79-6f38b04e1c7c:group-DFB17977D0EF change Leader from 1ba5ef28-a816-4dc0-8667-4772a169b68f to null at term 2 for initElection
2019-08-30 10:29:28,519 [b9a3ceac-635b-47a7-ab79-6f38b04e1c7c:group-DFB17977D0EF:LeaderElection85] INFO  impl.LeaderElection (LeaderElection.java:askForVotes(181)) - b9a3ceac-635b-47a7-ab79-6f38b04e1c7c:group-DFB17977D0EF:LeaderElection85: begin an election at term 3 for 0: [b9a3ceac-635b-47a7-ab79-6f38b04e1c7c:192.168.5.138:45835, 761283d5-0d6d-45e5-8015-7ab77012df5e:192.168.5.138:41019, 1ba5ef28-a816-4dc0-8667-4772a169b68f:192.168.5.138:46470], old=null
2019-08-30 10:29:28,522 [b9a3ceac-635b-47a7-ab79-6f38b04e1c7c:group-DFB17977D0EF:LeaderElection85] INFO  impl.LeaderElection (LogUtils.java:infoOrTrace(149)) - b9a3ceac-635b-47a7-ab79-6f38b04e1c7c:group-DFB17977D0EF:LeaderElection85 got exception when requesting votes: {}
java.util.concurrent.ExecutionException: org.apache.ratis.thirdparty.io.grpc.StatusRuntimeException: UNAVAILABLE: io exception
	at java.util.concurrent.FutureTask.report(FutureTask.java:122)
	at java.util.concurrent.FutureTask.get(FutureTask.java:192)
	at org.apache.ratis.server.impl.LeaderElection.waitForResults(LeaderElection.java:262)
	at org.apache.ratis.server.impl.LeaderElection.askForVotes(LeaderElection.java:200)
	at org.apache.ratis.server.impl.LeaderElection.run(LeaderElection.java:130)
	at java.lang.Thread.run(Thread.java:748)
Caused by: org.apache.ratis.thirdparty.io.grpc.StatusRuntimeException: UNAVAILABLE: io exception
	at org.apache.ratis.thirdparty.io.grpc.stub.ClientCalls.toStatusRuntimeException(ClientCalls.java:233)
	at org.apache.ratis.thirdparty.io.grpc.stub.ClientCalls.getUnchecked(ClientCalls.java:214)
	at org.apache.ratis.thirdparty.io.grpc.stub.ClientCalls.blockingUnaryCall(ClientCalls.java:139)
	at org.apache.ratis.proto.grpc.RaftServerProtocolServiceGrpc$RaftServerProtocolServiceBlockingStub.requestVote(RaftServerProtocolServiceGrpc.java:265)
	at org.apache.ratis.grpc.server.GrpcServerProtocolClient.requestVote(GrpcServerProtocolClient.java:83)
	at org.apache.ratis.grpc.server.GrpcService.requestVote(GrpcService.java:195)
	at org.apache.ratis.server.impl.LeaderElection.lambda$submitRequests$1(LeaderElection.java:237)
	at java.util.concurrent.FutureTask.run(FutureTask.java:266)
	at java.util.concurrent.Executors$RunnableAdapter.call(Executors.java:511)
	at java.util.concurrent.FutureTask.run(FutureTask.java:266)
	at java.util.concurrent.ThreadPoolExecutor.runWorker(ThreadPoolExecutor.java:1149)
	at java.util.concurrent.ThreadPoolExecutor$Worker.run(ThreadPoolExecutor.java:624)
	... 1 more
Caused by: org.apache.ratis.thirdparty.io.netty.channel.AbstractChannel$AnnotatedConnectException: Connection refused: /192.168.5.138:41019
	at sun.nio.ch.SocketChannelImpl.checkConnect(Native Method)
	at sun.nio.ch.SocketChannelImpl.finishConnect(SocketChannelImpl.java:717)
	at org.apache.ratis.thirdparty.io.netty.channel.socket.nio.NioSocketChannel.doFinishConnect(NioSocketChannel.java:327)
	at org.apache.ratis.thirdparty.io.netty.channel.nio.AbstractNioChannel$AbstractNioUnsafe.finishConnect(AbstractNioChannel.java:340)
	at org.apache.ratis.thirdparty.io.netty.channel.nio.NioEventLoop.processSelectedKey(NioEventLoop.java:632)
	at org.apache.ratis.thirdparty.io.netty.channel.nio.NioEventLoop.processSelectedKeysOptimized(NioEventLoop.java:579)
	at org.apache.ratis.thirdparty.io.netty.channel.nio.NioEventLoop.processSelectedKeys(NioEventLoop.java:496)
	at org.apache.ratis.thirdparty.io.netty.channel.nio.NioEventLoop.run(NioEventLoop.java:458)
	at org.apache.ratis.thirdparty.io.netty.util.concurrent.SingleThreadEventExecutor$5.run(SingleThreadEventExecutor.java:897)
	at org.apache.ratis.thirdparty.io.netty.util.concurrent.FastThreadLocalRunnable.run(FastThreadLocalRunnable.java:30)
	... 1 more
Caused by: java.net.ConnectException: Connection refused
	... 11 more
2019-08-30 10:29:28,523 [b9a3ceac-635b-47a7-ab79-6f38b04e1c7c:group-DFB17977D0EF:LeaderElection85] INFO  impl.LeaderElection (LogUtils.java:infoOrTrace(149)) - b9a3ceac-635b-47a7-ab79-6f38b04e1c7c:group-DFB17977D0EF:LeaderElection85 got exception when requesting votes: {}
java.util.concurrent.ExecutionException: org.apache.ratis.thirdparty.io.grpc.StatusRuntimeException: UNAVAILABLE: io exception
	at java.util.concurrent.FutureTask.report(FutureTask.java:122)
	at java.util.concurrent.FutureTask.get(FutureTask.java:192)
	at org.apache.ratis.server.impl.LeaderElection.waitForResults(LeaderElection.java:262)
	at org.apache.ratis.server.impl.LeaderElection.askForVotes(LeaderElection.java:200)
	at org.apache.ratis.server.impl.LeaderElection.run(LeaderElection.java:130)
	at java.lang.Thread.run(Thread.java:748)
Caused by: org.apache.ratis.thirdparty.io.grpc.StatusRuntimeException: UNAVAILABLE: io exception
	at org.apache.ratis.thirdparty.io.grpc.stub.ClientCalls.toStatusRuntimeException(ClientCalls.java:233)
	at org.apache.ratis.thirdparty.io.grpc.stub.ClientCalls.getUnchecked(ClientCalls.java:214)
	at org.apache.ratis.thirdparty.io.grpc.stub.ClientCalls.blockingUnaryCall(ClientCalls.java:139)
	at org.apache.ratis.proto.grpc.RaftServerProtocolServiceGrpc$RaftServerProtocolServiceBlockingStub.requestVote(RaftServerProtocolServiceGrpc.java:265)
	at org.apache.ratis.grpc.server.GrpcServerProtocolClient.requestVote(GrpcServerProtocolClient.java:83)
	at org.apache.ratis.grpc.server.GrpcService.requestVote(GrpcService.java:195)
	at org.apache.ratis.server.impl.LeaderElection.lambda$submitRequests$1(LeaderElection.java:237)
	at java.util.concurrent.FutureTask.run(FutureTask.java:266)
	at java.util.concurrent.Executors$RunnableAdapter.call(Executors.java:511)
	at java.util.concurrent.FutureTask.run(FutureTask.java:266)
	at java.util.concurrent.ThreadPoolExecutor.runWorker(ThreadPoolExecutor.java:1149)
	at java.util.concurrent.ThreadPoolExecutor$Worker.run(ThreadPoolExecutor.java:624)
	... 1 more
Caused by: org.apache.ratis.thirdparty.io.netty.channel.AbstractChannel$AnnotatedConnectException: Connection refused: /192.168.5.138:46470
	at sun.nio.ch.SocketChannelImpl.checkConnect(Native Method)
	at sun.nio.ch.SocketChannelImpl.finishConnect(SocketChannelImpl.java:717)
	at org.apache.ratis.thirdparty.io.netty.channel.socket.nio.NioSocketChannel.doFinishConnect(NioSocketChannel.java:327)
	at org.apache.ratis.thirdparty.io.netty.channel.nio.AbstractNioChannel$AbstractNioUnsafe.finishConnect(AbstractNioChannel.java:340)
	at org.apache.ratis.thirdparty.io.netty.channel.nio.NioEventLoop.processSelectedKey(NioEventLoop.java:632)
	at org.apache.ratis.thirdparty.io.netty.channel.nio.NioEventLoop.processSelectedKeysOptimized(NioEventLoop.java:579)
	at org.apache.ratis.thirdparty.io.netty.channel.nio.NioEventLoop.processSelectedKeys(NioEventLoop.java:496)
	at org.apache.ratis.thirdparty.io.netty.channel.nio.NioEventLoop.run(NioEventLoop.java:458)
	at org.apache.ratis.thirdparty.io.netty.util.concurrent.SingleThreadEventExecutor$5.run(SingleThreadEventExecutor.java:897)
	at org.apache.ratis.thirdparty.io.netty.util.concurrent.FastThreadLocalRunnable.run(FastThreadLocalRunnable.java:30)
	... 1 more
Caused by: java.net.ConnectException: Connection refused
	... 11 more
2019-08-30 10:29:28,525 [b9a3ceac-635b-47a7-ab79-6f38b04e1c7c:group-DFB17977D0EF:LeaderElection85] INFO  impl.LeaderElection (LeaderElection.java:logAndReturn(56)) - b9a3ceac-635b-47a7-ab79-6f38b04e1c7c:group-DFB17977D0EF:LeaderElection85: Election REJECTED; received 0 response(s) [] and 2 exception(s); b9a3ceac-635b-47a7-ab79-6f38b04e1c7c:t3, leader=null, voted=b9a3ceac-635b-47a7-ab79-6f38b04e1c7c, raftlog=b9a3ceac-635b-47a7-ab79-6f38b04e1c7c-SegmentedRaftLog:OPENED:c16,f16,i16, conf=0: [b9a3ceac-635b-47a7-ab79-6f38b04e1c7c:192.168.5.138:45835, 761283d5-0d6d-45e5-8015-7ab77012df5e:192.168.5.138:41019, 1ba5ef28-a816-4dc0-8667-4772a169b68f:192.168.5.138:46470], old=null
2019-08-30 10:29:28,525 [b9a3ceac-635b-47a7-ab79-6f38b04e1c7c:group-DFB17977D0EF:LeaderElection85] INFO  impl.LeaderElection (LogUtils.java:infoOrTrace(149)) -   Exception 0: {}
java.util.concurrent.ExecutionException: org.apache.ratis.thirdparty.io.grpc.StatusRuntimeException: UNAVAILABLE: io exception
	at java.util.concurrent.FutureTask.report(FutureTask.java:122)
	at java.util.concurrent.FutureTask.get(FutureTask.java:192)
	at org.apache.ratis.server.impl.LeaderElection.waitForResults(LeaderElection.java:262)
	at org.apache.ratis.server.impl.LeaderElection.askForVotes(LeaderElection.java:200)
	at org.apache.ratis.server.impl.LeaderElection.run(LeaderElection.java:130)
	at java.lang.Thread.run(Thread.java:748)
Caused by: org.apache.ratis.thirdparty.io.grpc.StatusRuntimeException: UNAVAILABLE: io exception
	at org.apache.ratis.thirdparty.io.grpc.stub.ClientCalls.toStatusRuntimeException(ClientCalls.java:233)
	at org.apache.ratis.thirdparty.io.grpc.stub.ClientCalls.getUnchecked(ClientCalls.java:214)
	at org.apache.ratis.thirdparty.io.grpc.stub.ClientCalls.blockingUnaryCall(ClientCalls.java:139)
	at org.apache.ratis.proto.grpc.RaftServerProtocolServiceGrpc$RaftServerProtocolServiceBlockingStub.requestVote(RaftServerProtocolServiceGrpc.java:265)
	at org.apache.ratis.grpc.server.GrpcServerProtocolClient.requestVote(GrpcServerProtocolClient.java:83)
	at org.apache.ratis.grpc.server.GrpcService.requestVote(GrpcService.java:195)
	at org.apache.ratis.server.impl.LeaderElection.lambda$submitRequests$1(LeaderElection.java:237)
	at java.util.concurrent.FutureTask.run(FutureTask.java:266)
	at java.util.concurrent.Executors$RunnableAdapter.call(Executors.java:511)
	at java.util.concurrent.FutureTask.run(FutureTask.java:266)
	at java.util.concurrent.ThreadPoolExecutor.runWorker(ThreadPoolExecutor.java:1149)
	at java.util.concurrent.ThreadPoolExecutor$Worker.run(ThreadPoolExecutor.java:624)
	... 1 more
Caused by: org.apache.ratis.thirdparty.io.netty.channel.AbstractChannel$AnnotatedConnectException: Connection refused: /192.168.5.138:41019
	at sun.nio.ch.SocketChannelImpl.checkConnect(Native Method)
	at sun.nio.ch.SocketChannelImpl.finishConnect(SocketChannelImpl.java:717)
	at org.apache.ratis.thirdparty.io.netty.channel.socket.nio.NioSocketChannel.doFinishConnect(NioSocketChannel.java:327)
	at org.apache.ratis.thirdparty.io.netty.channel.nio.AbstractNioChannel$AbstractNioUnsafe.finishConnect(AbstractNioChannel.java:340)
	at org.apache.ratis.thirdparty.io.netty.channel.nio.NioEventLoop.processSelectedKey(NioEventLoop.java:632)
	at org.apache.ratis.thirdparty.io.netty.channel.nio.NioEventLoop.processSelectedKeysOptimized(NioEventLoop.java:579)
	at org.apache.ratis.thirdparty.io.netty.channel.nio.NioEventLoop.processSelectedKeys(NioEventLoop.java:496)
	at org.apache.ratis.thirdparty.io.netty.channel.nio.NioEventLoop.run(NioEventLoop.java:458)
	at org.apache.ratis.thirdparty.io.netty.util.concurrent.SingleThreadEventExecutor$5.run(SingleThreadEventExecutor.java:897)
	at org.apache.ratis.thirdparty.io.netty.util.concurrent.FastThreadLocalRunnable.run(FastThreadLocalRunnable.java:30)
	... 1 more
Caused by: java.net.ConnectException: Connection refused
	... 11 more
2019-08-30 10:29:28,526 [b9a3ceac-635b-47a7-ab79-6f38b04e1c7c:group-DFB17977D0EF:LeaderElection85] INFO  impl.LeaderElection (LogUtils.java:infoOrTrace(149)) -   Exception 1: {}
java.util.concurrent.ExecutionException: org.apache.ratis.thirdparty.io.grpc.StatusRuntimeException: UNAVAILABLE: io exception
	at java.util.concurrent.FutureTask.report(FutureTask.java:122)
	at java.util.concurrent.FutureTask.get(FutureTask.java:192)
	at org.apache.ratis.server.impl.LeaderElection.waitForResults(LeaderElection.java:262)
	at org.apache.ratis.server.impl.LeaderElection.askForVotes(LeaderElection.java:200)
	at org.apache.ratis.server.impl.LeaderElection.run(LeaderElection.java:130)
	at java.lang.Thread.run(Thread.java:748)
Caused by: org.apache.ratis.thirdparty.io.grpc.StatusRuntimeException: UNAVAILABLE: io exception
	at org.apache.ratis.thirdparty.io.grpc.stub.ClientCalls.toStatusRuntimeException(ClientCalls.java:233)
	at org.apache.ratis.thirdparty.io.grpc.stub.ClientCalls.getUnchecked(ClientCalls.java:214)
	at org.apache.ratis.thirdparty.io.grpc.stub.ClientCalls.blockingUnaryCall(ClientCalls.java:139)
	at org.apache.ratis.proto.grpc.RaftServerProtocolServiceGrpc$RaftServerProtocolServiceBlockingStub.requestVote(RaftServerProtocolServiceGrpc.java:265)
	at org.apache.ratis.grpc.server.GrpcServerProtocolClient.requestVote(GrpcServerProtocolClient.java:83)
	at org.apache.ratis.grpc.server.GrpcService.requestVote(GrpcService.java:195)
	at org.apache.ratis.server.impl.LeaderElection.lambda$submitRequests$1(LeaderElection.java:237)
	at java.util.concurrent.FutureTask.run(FutureTask.java:266)
	at java.util.concurrent.Executors$RunnableAdapter.call(Executors.java:511)
	at java.util.concurrent.FutureTask.run(FutureTask.java:266)
	at java.util.concurrent.ThreadPoolExecutor.runWorker(ThreadPoolExecutor.java:1149)
	at java.util.concurrent.ThreadPoolExecutor$Worker.run(ThreadPoolExecutor.java:624)
	... 1 more
Caused by: org.apache.ratis.thirdparty.io.netty.channel.AbstractChannel$AnnotatedConnectException: Connection refused: /192.168.5.138:46470
	at sun.nio.ch.SocketChannelImpl.checkConnect(Native Method)
	at sun.nio.ch.SocketChannelImpl.finishConnect(SocketChannelImpl.java:717)
	at org.apache.ratis.thirdparty.io.netty.channel.socket.nio.NioSocketChannel.doFinishConnect(NioSocketChannel.java:327)
	at org.apache.ratis.thirdparty.io.netty.channel.nio.AbstractNioChannel$AbstractNioUnsafe.finishConnect(AbstractNioChannel.java:340)
	at org.apache.ratis.thirdparty.io.netty.channel.nio.NioEventLoop.processSelectedKey(NioEventLoop.java:632)
	at org.apache.ratis.thirdparty.io.netty.channel.nio.NioEventLoop.processSelectedKeysOptimized(NioEventLoop.java:579)
	at org.apache.ratis.thirdparty.io.netty.channel.nio.NioEventLoop.processSelectedKeys(NioEventLoop.java:496)
	at org.apache.ratis.thirdparty.io.netty.channel.nio.NioEventLoop.run(NioEventLoop.java:458)
	at org.apache.ratis.thirdparty.io.netty.util.concurrent.SingleThreadEventExecutor$5.run(SingleThreadEventExecutor.java:897)
	at org.apache.ratis.thirdparty.io.netty.util.concurrent.FastThreadLocalRunnable.run(FastThreadLocalRunnable.java:30)
	... 1 more
Caused by: java.net.ConnectException: Connection refused
	... 11 more
2019-08-30 10:29:28,526 [b9a3ceac-635b-47a7-ab79-6f38b04e1c7c:group-DFB17977D0EF:LeaderElection85] INFO  impl.RaftServerImpl (RaftServerImpl.java:setRole(171)) - b9a3ceac-635b-47a7-ab79-6f38b04e1c7c:group-DFB17977D0EF changes role from CANDIDATE to FOLLOWER at term 3 for DISCOVERED_A_NEW_TERM
2019-08-30 10:29:28,526 [b9a3ceac-635b-47a7-ab79-6f38b04e1c7c:group-DFB17977D0EF:LeaderElection85] INFO  impl.RoleInfo (RoleInfo.java:shutdownLeaderElection(134)) - b9a3ceac-635b-47a7-ab79-6f38b04e1c7c: shutdown LeaderElection
2019-08-30 10:29:28,526 [b9a3ceac-635b-47a7-ab79-6f38b04e1c7c:group-DFB17977D0EF:LeaderElection85] INFO  impl.RoleInfo (RoleInfo.java:updateAndGet(143)) - b9a3ceac-635b-47a7-ab79-6f38b04e1c7c: start FollowerState
2019-08-30 10:29:29,051 [EventQueue-StaleNodeForStaleNodeHandler] INFO  node.StaleNodeHandler (StaleNodeHandler.java:onMessage(58)) - Datanode 22b8f49d-fa4d-49b6-8388-fe1377411d49{ip: 192.168.5.138, host: pr-hdds-2061-2h694-1687604233, networkLocation: /default-rack, certSerialId: null} moved to stale state. Finalizing its pipelines []
2019-08-30 10:29:29,152 [EventQueue-StaleNodeForStaleNodeHandler] INFO  node.StaleNodeHandler (StaleNodeHandler.java:onMessage(58)) - Datanode b9a3ceac-635b-47a7-ab79-6f38b04e1c7c{ip: 192.168.5.138, host: pr-hdds-2061-2h694-1687604233, networkLocation: /default-rack, certSerialId: null} moved to stale state. Finalizing its pipelines [PipelineID=93438682-e549-4518-9647-39dc9505ec54, PipelineID=d7db82d8-b200-4a63-8145-dfb17977d0ef]
2019-08-30 10:29:29,152 [EventQueue-StaleNodeForStaleNodeHandler] INFO  pipeline.SCMPipelineManager (SCMPipelineManager.java:finalizeAndDestroyPipeline(309)) - destroying pipeline:Pipeline[ Id: 93438682-e549-4518-9647-39dc9505ec54, Nodes: b9a3ceac-635b-47a7-ab79-6f38b04e1c7c{ip: 192.168.5.138, host: pr-hdds-2061-2h694-1687604233, networkLocation: /default-rack, certSerialId: null}, Type:RATIS, Factor:ONE, State:OPEN]
2019-08-30 10:29:29,152 [EventQueue-StaleNodeForStaleNodeHandler] INFO  pipeline.PipelineStateManager (PipelineStateManager.java:finalizePipeline(123)) - Pipeline Pipeline[ Id: 93438682-e549-4518-9647-39dc9505ec54, Nodes: b9a3ceac-635b-47a7-ab79-6f38b04e1c7c{ip: 192.168.5.138, host: pr-hdds-2061-2h694-1687604233, networkLocation: /default-rack, certSerialId: null}, Type:RATIS, Factor:ONE, State:CLOSED] moved to CLOSED state
2019-08-30 10:29:29,152 [EventQueue-StaleNodeForStaleNodeHandler] INFO  pipeline.SCMPipelineManager (SCMPipelineManager.java:finalizeAndDestroyPipeline(309)) - destroying pipeline:Pipeline[ Id: d7db82d8-b200-4a63-8145-dfb17977d0ef, Nodes: b9a3ceac-635b-47a7-ab79-6f38b04e1c7c{ip: 192.168.5.138, host: pr-hdds-2061-2h694-1687604233, networkLocation: /default-rack, certSerialId: null}761283d5-0d6d-45e5-8015-7ab77012df5e{ip: 192.168.5.138, host: pr-hdds-2061-2h694-1687604233, networkLocation: /default-rack, certSerialId: null}1ba5ef28-a816-4dc0-8667-4772a169b68f{ip: 192.168.5.138, host: pr-hdds-2061-2h694-1687604233, networkLocation: /default-rack, certSerialId: null}, Type:RATIS, Factor:THREE, State:CLOSED]
2019-08-30 10:29:29,531 [ForkJoinPool.commonPool-worker-1] INFO  ozoneimpl.OzoneContainer (OzoneContainer.java:stop(215)) - Attempting to stop container services.
2019-08-30 10:29:29,531 [ForkJoinPool.commonPool-worker-1] INFO  impl.RaftServerProxy (RaftServerProxy.java:lambda$close$4(314)) - b9a3ceac-635b-47a7-ab79-6f38b04e1c7c: close
2019-08-30 10:29:29,532 [ForkJoinPool.commonPool-worker-1] INFO  impl.RaftServerImpl (RaftServerImpl.java:lambda$shutdown$3(245)) - b9a3ceac-635b-47a7-ab79-6f38b04e1c7c: shutdown group-39DC9505EC54
2019-08-30 10:29:29,532 [ForkJoinPool.commonPool-worker-1] INFO  util.JmxRegister (JmxRegister.java:unregister(73)) - Successfully un-registered JMX Bean with object name Ratis:service=RaftServer,group=group-39DC9505EC54,id=b9a3ceac-635b-47a7-ab79-6f38b04e1c7c
2019-08-30 10:29:29,533 [ForkJoinPool.commonPool-worker-1] INFO  impl.RoleInfo (RoleInfo.java:shutdownLeaderState(104)) - b9a3ceac-635b-47a7-ab79-6f38b04e1c7c: shutdown LeaderState
2019-08-30 10:29:29,533 [ForkJoinPool.commonPool-worker-1] INFO  impl.PendingRequests (PendingRequests.java:sendNotLeaderResponses(202)) - b9a3ceac-635b-47a7-ab79-6f38b04e1c7c-PendingRequests: sendNotLeaderResponses
2019-08-30 10:29:29,534 [ForkJoinPool.commonPool-worker-1] INFO  impl.StateMachineUpdater (StateMachineUpdater.java:stopAndJoin(115)) - StateMachineUpdater:b9a3ceac-635b-47a7-ab79-6f38b04e1c7c:group-39DC9505EC54: set stopIndex = 0
2019-08-30 10:29:29,534 [ForkJoinPool.commonPool-worker-1] INFO  impl.RaftServerImpl (ServerState.java:close(394)) - b9a3ceac-635b-47a7-ab79-6f38b04e1c7c:group-39DC9505EC54 closes. The last applied log index is 0
2019-08-30 10:29:29,534 [main] INFO  ozoneimpl.OzoneContainer (OzoneContainer.java:stop(215)) - Attempting to stop container services.
2019-08-30 10:29:29,535 [b9a3ceac-635b-47a7-ab79-6f38b04e1c7c-SegmentedRaftLogWorker:Storage Directory /workdir/hadoop-ozone/integration-test/target/test-dir/MiniOzoneClusterImpl-7d259c97-1909-4a64-a3a4-65a46b1cb81d/datanode-0/data/ratis/93438682-e549-4518-9647-39dc9505ec54] INFO  segmented.SegmentedRaftLogWorker (SegmentedRaftLogWorker.java:run(313)) - b9a3ceac-635b-47a7-ab79-6f38b04e1c7c-SegmentedRaftLogWorker:Storage Directory /workdir/hadoop-ozone/integration-test/target/test-dir/MiniOzoneClusterImpl-7d259c97-1909-4a64-a3a4-65a46b1cb81d/datanode-0/data/ratis/93438682-e549-4518-9647-39dc9505ec54 was interrupted, exiting. There are 0 tasks remaining in the queue.
2019-08-30 10:29:29,535 [main] INFO  impl.RaftServerProxy (RaftServerProxy.java:lambda$close$4(314)) - 22b8f49d-fa4d-49b6-8388-fe1377411d49: close
2019-08-30 10:29:29,538 [main] INFO  server.GrpcService (GrpcService.java:closeImpl(155)) - 22b8f49d-fa4d-49b6-8388-fe1377411d49: shutdown server with port 35154 now
2019-08-30 10:29:29,539 [ForkJoinPool.commonPool-worker-1] INFO  segmented.SegmentedRaftLogWorker (SegmentedRaftLogWorker.java:close(228)) - b9a3ceac-635b-47a7-ab79-6f38b04e1c7c-SegmentedRaftLogWorker:Storage Directory /workdir/hadoop-ozone/integration-test/target/test-dir/MiniOzoneClusterImpl-7d259c97-1909-4a64-a3a4-65a46b1cb81d/datanode-0/data/ratis/93438682-e549-4518-9647-39dc9505ec54 close()
2019-08-30 10:29:29,539 [main] INFO  server.GrpcService (GrpcService.java:closeImpl(163)) - 22b8f49d-fa4d-49b6-8388-fe1377411d49: shutdown server with port 35154 successfully
2019-08-30 10:29:29,542 [ForkJoinPool.commonPool-worker-1] INFO  impl.RaftServerImpl (RaftServerImpl.java:lambda$shutdown$3(245)) - b9a3ceac-635b-47a7-ab79-6f38b04e1c7c: shutdown group-DFB17977D0EF
2019-08-30 10:29:29,542 [ForkJoinPool.commonPool-worker-1] INFO  util.JmxRegister (JmxRegister.java:unregister(73)) - Successfully un-registered JMX Bean with object name Ratis:service=RaftServer,group=group-DFB17977D0EF,id=b9a3ceac-635b-47a7-ab79-6f38b04e1c7c
2019-08-30 10:29:29,543 [ForkJoinPool.commonPool-worker-1] INFO  impl.RoleInfo (RoleInfo.java:shutdownFollowerState(121)) - b9a3ceac-635b-47a7-ab79-6f38b04e1c7c: shutdown FollowerState
2019-08-30 10:29:29,544 [ForkJoinPool.commonPool-worker-1] INFO  impl.StateMachineUpdater (StateMachineUpdater.java:stopAndJoin(115)) - StateMachineUpdater:b9a3ceac-635b-47a7-ab79-6f38b04e1c7c:group-DFB17977D0EF: set stopIndex = 16
2019-08-30 10:29:29,544 [StateMachineUpdater:b9a3ceac-635b-47a7-ab79-6f38b04e1c7c:group-DFB17977D0EF] INFO  ratis.ContainerStateMachine (ContainerStateMachine.java:takeSnapshot(284)) - group-DFB17977D0EF: Taking a snapshot at:(t:2, i:14) file /workdir/hadoop-ozone/integration-test/target/test-dir/MiniOzoneClusterImpl-7d259c97-1909-4a64-a3a4-65a46b1cb81d/datanode-0/data/ratis/d7db82d8-b200-4a63-8145-dfb17977d0ef/sm/snapshot.2_14
2019-08-30 10:29:29,544 [Thread-3865] INFO  impl.FollowerState (FollowerState.java:run(114)) - b9a3ceac-635b-47a7-ab79-6f38b04e1c7c: FollowerState was interrupted: java.lang.InterruptedException: sleep interrupted
2019-08-30 10:29:29,546 [refreshUsed-/workdir/hadoop-ozone/integration-test/target/test-dir/MiniOzoneClusterImpl-7d259c97-1909-4a64-a3a4-65a46b1cb81d/datanode-6/data/containers] WARN  fs.CachingGetSpaceUsed (CachingGetSpaceUsed.java:run(183)) - Thread Interrupted waiting to refresh disk information: sleep interrupted
2019-08-30 10:29:29,560 [StateMachineUpdater:b9a3ceac-635b-47a7-ab79-6f38b04e1c7c:group-DFB17977D0EF] INFO  ratis.ContainerStateMachine (ContainerStateMachine.java:takeSnapshot(295)) - group-DFB17977D0EF: Finished taking a snapshot at:(t:2, i:14) file:/workdir/hadoop-ozone/integration-test/target/test-dir/MiniOzoneClusterImpl-7d259c97-1909-4a64-a3a4-65a46b1cb81d/datanode-0/data/ratis/d7db82d8-b200-4a63-8145-dfb17977d0ef/sm/snapshot.2_14 time:16
2019-08-30 10:29:29,560 [StateMachineUpdater:b9a3ceac-635b-47a7-ab79-6f38b04e1c7c:group-DFB17977D0EF] INFO  impl.StateMachineUpdater (StateMachineUpdater.java:takeSnapshot(242)) - StateMachineUpdater:b9a3ceac-635b-47a7-ab79-6f38b04e1c7c:group-DFB17977D0EF: Took a snapshot at index 14
2019-08-30 10:29:29,560 [StateMachineUpdater:b9a3ceac-635b-47a7-ab79-6f38b04e1c7c:group-DFB17977D0EF] INFO  impl.StateMachineUpdater (StateMachineUpdater.java:lambda$new$0(80)) - StateMachineUpdater:b9a3ceac-635b-47a7-ab79-6f38b04e1c7c:group-DFB17977D0EF: snapshotIndex: updateIncreasingly -1 -> 14
2019-08-30 10:29:29,560 [ForkJoinPool.commonPool-worker-1] INFO  impl.RaftServerImpl (ServerState.java:close(394)) - b9a3ceac-635b-47a7-ab79-6f38b04e1c7c:group-DFB17977D0EF closes. The last applied log index is 16
2019-08-30 10:29:29,561 [b9a3ceac-635b-47a7-ab79-6f38b04e1c7c-SegmentedRaftLogWorker:Storage Directory /workdir/hadoop-ozone/integration-test/target/test-dir/MiniOzoneClusterImpl-7d259c97-1909-4a64-a3a4-65a46b1cb81d/datanode-0/data/ratis/d7db82d8-b200-4a63-8145-dfb17977d0ef] INFO  segmented.SegmentedRaftLogWorker (SegmentedRaftLogWorker.java:run(313)) - b9a3ceac-635b-47a7-ab79-6f38b04e1c7c-SegmentedRaftLogWorker:Storage Directory /workdir/hadoop-ozone/integration-test/target/test-dir/MiniOzoneClusterImpl-7d259c97-1909-4a64-a3a4-65a46b1cb81d/datanode-0/data/ratis/d7db82d8-b200-4a63-8145-dfb17977d0ef was interrupted, exiting. There are 0 tasks remaining in the queue.
2019-08-30 10:29:29,562 [ForkJoinPool.commonPool-worker-1] INFO  segmented.SegmentedRaftLogWorker (SegmentedRaftLogWorker.java:close(228)) - b9a3ceac-635b-47a7-ab79-6f38b04e1c7c-SegmentedRaftLogWorker:Storage Directory /workdir/hadoop-ozone/integration-test/target/test-dir/MiniOzoneClusterImpl-7d259c97-1909-4a64-a3a4-65a46b1cb81d/datanode-0/data/ratis/d7db82d8-b200-4a63-8145-dfb17977d0ef close()
2019-08-30 10:29:29,568 [ForkJoinPool.commonPool-worker-1] INFO  server.GrpcService (GrpcService.java:closeImpl(155)) - b9a3ceac-635b-47a7-ab79-6f38b04e1c7c: shutdown server with port 45835 now
2019-08-30 10:29:29,569 [ForkJoinPool.commonPool-worker-1] INFO  server.GrpcService (GrpcService.java:closeImpl(163)) - b9a3ceac-635b-47a7-ab79-6f38b04e1c7c: shutdown server with port 45835 successfully
2019-08-30 10:29:29,574 [refreshUsed-/workdir/hadoop-ozone/integration-test/target/test-dir/MiniOzoneClusterImpl-7d259c97-1909-4a64-a3a4-65a46b1cb81d/datanode-0/data/containers] WARN  fs.CachingGetSpaceUsed (CachingGetSpaceUsed.java:run(183)) - Thread Interrupted waiting to refresh disk information: sleep interrupted
2019-08-30 10:29:29,575 [main] INFO  utils.BackgroundService (BackgroundService.java:shutdown(148)) - Shutting down service BlockDeletingService
2019-08-30 10:29:29,579 [main] INFO  statemachine.DatanodeStateMachine (DatanodeStateMachine.java:stopDaemon(395)) - Ozone container server stopped.
2019-08-30 10:29:29,580 [main] INFO  handler.ContextHandler (ContextHandler.java:doStop(910)) - Stopped o.e.j.w.WebAppContext@6568f998{/,null,UNAVAILABLE}{/hddsDatanode}
2019-08-30 10:29:29,582 [main] INFO  server.AbstractConnector (AbstractConnector.java:doStop(318)) - Stopped ServerConnector@45d4421d{HTTP/1.1,[http/1.1]}{0.0.0.0:0}
2019-08-30 10:29:29,582 [main] INFO  handler.ContextHandler (ContextHandler.java:doStop(910)) - Stopped o.e.j.s.ServletContextHandler@103c97ff{/static,jar:file:/home/user/.m2/repository/org/apache/hadoop/hadoop-hdds-container-service/0.5.0-SNAPSHOT/hadoop-hdds-container-service-0.5.0-SNAPSHOT.jar!/webapps/static,UNAVAILABLE}
2019-08-30 10:29:29,582 [main] INFO  handler.ContextHandler (ContextHandler.java:doStop(910)) - Stopped o.e.j.s.ServletContextHandler@2f04993d{/logs,file:///workdir/hadoop-ozone/integration-test/target/log,UNAVAILABLE}
2019-08-30 10:29:29,595 [ForkJoinPool.commonPool-worker-1] INFO  utils.BackgroundService (BackgroundService.java:shutdown(148)) - Shutting down service BlockDeletingService
2019-08-30 10:29:29,601 [ForkJoinPool.commonPool-worker-1] INFO  statemachine.DatanodeStateMachine (DatanodeStateMachine.java:stopDaemon(395)) - Ozone container server stopped.
2019-08-30 10:29:29,604 [ForkJoinPool.commonPool-worker-1] INFO  handler.ContextHandler (ContextHandler.java:doStop(910)) - Stopped o.e.j.w.WebAppContext@203e705e{/,null,UNAVAILABLE}{/hddsDatanode}
2019-08-30 10:29:29,604 [ForkJoinPool.commonPool-worker-1] INFO  server.AbstractConnector (AbstractConnector.java:doStop(318)) - Stopped ServerConnector@78c74647{HTTP/1.1,[http/1.1]}{0.0.0.0:0}
2019-08-30 10:29:29,605 [ForkJoinPool.commonPool-worker-1] INFO  handler.ContextHandler (ContextHandler.java:doStop(910)) - Stopped o.e.j.s.ServletContextHandler@49c1e294{/static,jar:file:/home/user/.m2/repository/org/apache/hadoop/hadoop-hdds-container-service/0.5.0-SNAPSHOT/hadoop-hdds-container-service-0.5.0-SNAPSHOT.jar!/webapps/static,UNAVAILABLE}
2019-08-30 10:29:29,605 [ForkJoinPool.commonPool-worker-1] INFO  handler.ContextHandler (ContextHandler.java:doStop(910)) - Stopped o.e.j.s.ServletContextHandler@5c448ef{/logs,file:///workdir/hadoop-ozone/integration-test/target/log,UNAVAILABLE}
2019-08-30 10:29:29,606 [main] INFO  ozone.MiniOzoneClusterImpl (MiniOzoneClusterImpl.java:stop(339)) - Stopping the StorageContainerManager
2019-08-30 10:29:29,606 [main] INFO  server.StorageContainerManager (StorageContainerManager.java:stop(797)) - Stopping Replication Manager Service.
2019-08-30 10:29:29,606 [main] INFO  container.ReplicationManager (ReplicationManager.java:stop(203)) - Stopping Replication Monitor Thread.
2019-08-30 10:29:29,606 [main] INFO  server.StorageContainerManager (StorageContainerManager.java:stop(804)) - Stopping Lease Manager of the command watchers
2019-08-30 10:29:29,607 [main] INFO  server.StorageContainerManager (StorageContainerManager.java:stop(811)) - Stopping datanode service RPC server
2019-08-30 10:29:29,607 [main] INFO  server.SCMDatanodeProtocolServer (SCMDatanodeProtocolServer.java:stop(367)) - Stopping the RPC server for DataNodes
2019-08-30 10:29:29,607 [main] INFO  ipc.Server (Server.java:stop(3082)) - Stopping server on 36983
2019-08-30 10:29:29,609 [IPC Server listener on 36983] INFO  ipc.Server (Server.java:run(1185)) - Stopping IPC Server listener on 36983
2019-08-30 10:29:29,610 [IPC Server Responder] INFO  ipc.Server (Server.java:run(1319)) - Stopping IPC Server Responder
2019-08-30 10:29:29,652 [SCM Heartbeat Processing Thread - 0] WARN  node.NodeStateManager (NodeStateManager.java:scheduleNextHealthCheck(646)) - Current Thread is interrupted, shutting down HB processing thread for Node Manager.
2019-08-30 10:29:29,652 [main] INFO  server.StorageContainerManager (StorageContainerManager.java:stop(819)) - Stopping block service RPC server
2019-08-30 10:29:29,653 [main] INFO  server.SCMBlockProtocolServer (SCMBlockProtocolServer.java:stop(155)) - Stopping the RPC server for Block Protocol
2019-08-30 10:29:29,653 [main] INFO  ipc.Server (Server.java:stop(3082)) - Stopping server on 41697
2019-08-30 10:29:29,655 [IPC Server listener on 41697] INFO  ipc.Server (Server.java:run(1185)) - Stopping IPC Server listener on 41697
2019-08-30 10:29:29,655 [main] INFO  server.StorageContainerManager (StorageContainerManager.java:stop(826)) - Stopping the StorageContainerLocationProtocol RPC server
2019-08-30 10:29:29,656 [main] INFO  server.SCMClientProtocolServer (SCMClientProtocolServer.java:stop(159)) - Stopping the RPC server for Client Protocol
2019-08-30 10:29:29,657 [IPC Server Responder] INFO  ipc.Server (Server.java:run(1319)) - Stopping IPC Server Responder
2019-08-30 10:29:29,657 [main] INFO  ipc.Server (Server.java:stop(3082)) - Stopping server on 42618
2019-08-30 10:29:29,659 [IPC Server listener on 42618] INFO  ipc.Server (Server.java:run(1185)) - Stopping IPC Server listener on 42618
2019-08-30 10:29:29,659 [main] INFO  server.StorageContainerManager (StorageContainerManager.java:stop(833)) - Stopping Storage Container Manager HTTP server.
2019-08-30 10:29:29,660 [IPC Server Responder] INFO  ipc.Server (Server.java:run(1319)) - Stopping IPC Server Responder
2019-08-30 10:29:29,662 [main] INFO  handler.ContextHandler (ContextHandler.java:doStop(910)) - Stopped o.e.j.w.WebAppContext@3dec3f87{/,null,UNAVAILABLE}{/scm}
2019-08-30 10:29:29,663 [main] INFO  server.AbstractConnector (AbstractConnector.java:doStop(318)) - Stopped ServerConnector@7a606260{HTTP/1.1,[http/1.1]}{0.0.0.0:0}
2019-08-30 10:29:29,663 [main] INFO  handler.ContextHandler (ContextHandler.java:doStop(910)) - Stopped o.e.j.s.ServletContextHandler@5ec9eefa{/static,file:///workdir/hadoop-ozone/integration-test/target/test-classes/webapps/static,UNAVAILABLE}
2019-08-30 10:29:29,664 [main] INFO  handler.ContextHandler (ContextHandler.java:doStop(910)) - Stopped o.e.j.s.ServletContextHandler@3820cfe{/logs,file:///workdir/hadoop-ozone/integration-test/target/log,UNAVAILABLE}
2019-08-30 10:29:29,665 [main] INFO  server.StorageContainerManager (StorageContainerManager.java:stop(844)) - Stopping Block Manager Service.
2019-08-30 10:29:29,665 [main] INFO  utils.BackgroundService (BackgroundService.java:shutdown(148)) - Shutting down service SCMBlockDeletingService
2019-08-30 10:29:29,665 [main] INFO  utils.BackgroundService (BackgroundService.java:shutdown(148)) - Shutting down service SCMBlockDeletingService
2019-08-30 10:29:29,666 [main] INFO  server.StorageContainerManager (StorageContainerManager.java:stop(866)) - Stopping SCM Event Queue.
2019-08-30 10:29:29,671 [main] INFO  impl.MetricsSystemImpl (MetricsSystemImpl.java:stop(210)) - Stopping HddsDatanode metrics system...
2019-08-30 10:29:29,685 [main] INFO  impl.MetricsSystemImpl (MetricsSystemImpl.java:stop(216)) - HddsDatanode metrics system stopped.
]]></system-out>
  </testcase>
  <testcase name="testFailureWithPrimeSizedData" classname="org.apache.hadoop.ozone.client.rpc.TestBlockOutputStreamWithFailures" time="33.558"/>
  <testcase name="testWatchForCommitWithCloseContainerException" classname="org.apache.hadoop.ozone.client.rpc.TestBlockOutputStreamWithFailures" time="40.04"/>
  <testcase name="testExceptionDuringClose" classname="org.apache.hadoop.ozone.client.rpc.TestBlockOutputStreamWithFailures" time="35.064"/>
</testsuite>