<?xml version="1.0" encoding="UTF-8"?>
<testsuite xmlns:xsi="http://www.w3.org/2001/XMLSchema-instance" xsi:noNamespaceSchemaLocation="https://maven.apache.org/surefire/maven-surefire-plugin/xsd/surefire-test-report.xsd" name="org.apache.hadoop.ozone.client.rpc.TestCommitWatcher" time="44.06" tests="2" errors="0" skipped="0" failures="1">
  <properties>
    <property name="awt.toolkit" value="sun.awt.X11.XToolkit"/>
    <property name="file.encoding.pkg" value="sun.io"/>
    <property name="java.specification.version" value="1.8"/>
    <property name="sun.cpu.isalist" value=""/>
    <property name="sun.jnu.encoding" value="UTF-8"/>
    <property name="java.class.path" value="/workdir/hadoop-ozone/integration-test/target/test-classes:/workdir/hadoop-ozone/integration-test/target/classes:/home/user/.m2/repository/org/apache/hadoop/hadoop-ozone-common/0.5.0-SNAPSHOT/hadoop-ozone-common-0.5.0-SNAPSHOT.jar:/home/user/.m2/repository/org/apache/commons/commons-compress/1.4.1/commons-compress-1.4.1.jar:/home/user/.m2/repository/org/tukaani/xz/1.0/xz-1.0.jar:/home/user/.m2/repository/org/apache/hadoop/hadoop-common/3.2.0/hadoop-common-3.2.0.jar:/home/user/.m2/repository/org/apache/hadoop/hadoop-hdfs/3.2.0/hadoop-hdfs-3.2.0.jar:/home/user/.m2/repository/org/apache/hadoop/hadoop-hdfs-client/3.2.0/hadoop-hdfs-client-3.2.0.jar:/home/user/.m2/repository/com/fasterxml/jackson/core/jackson-annotations/2.9.5/jackson-annotations-2.9.5.jar:/home/user/.m2/repository/org/apache/hadoop/hadoop-hdds-common/0.5.0-SNAPSHOT/hadoop-hdds-common-0.5.0-SNAPSHOT.jar:/home/user/.m2/repository/javax/annotation/javax.annotation-api/1.2/javax.annotation-api-1.2.jar:/home/user/.m2/repository/org/apache/ratis/ratis-server/0.4.0-2337318-SNAPSHOT/ratis-server-0.4.0-2337318-SNAPSHOT.jar:/home/user/.m2/repository/org/apache/ratis/ratis-thirdparty-misc/0.2.0/ratis-thirdparty-misc-0.2.0.jar:/home/user/.m2/repository/org/apache/ratis/ratis-proto/0.4.0-2337318-SNAPSHOT/ratis-proto-0.4.0-2337318-SNAPSHOT.jar:/home/user/.m2/repository/org/apache/ratis/ratis-common/0.4.0-2337318-SNAPSHOT/ratis-common-0.4.0-2337318-SNAPSHOT.jar:/home/user/.m2/repository/org/apache/ratis/ratis-client/0.4.0-2337318-SNAPSHOT/ratis-client-0.4.0-2337318-SNAPSHOT.jar:/home/user/.m2/repository/org/apache/ratis/ratis-metrics/0.4.0-2337318-SNAPSHOT/ratis-metrics-0.4.0-2337318-SNAPSHOT.jar:/home/user/.m2/repository/org/apache/ratis/ratis-netty/0.4.0-2337318-SNAPSHOT/ratis-netty-0.4.0-2337318-SNAPSHOT.jar:/home/user/.m2/repository/org/apache/ratis/ratis-grpc/0.4.0-2337318-SNAPSHOT/ratis-grpc-0.4.0-2337318-SNAPSHOT.jar:/home/user/.m2/repository/org/rocksdb/rocksdbjni/6.0.1/rocksdbjni-6.0.1.jar:/home/user/.m2/repository/org/apache/logging/log4j/log4j-api/2.11.0/log4j-api-2.11.0.jar:/home/user/.m2/repository/org/apache/logging/log4j/log4j-core/2.11.0/log4j-core-2.11.0.jar:/home/user/.m2/repository/com/lmax/disruptor/3.4.2/disruptor-3.4.2.jar:/home/user/.m2/repository/org/apache/commons/commons-pool2/2.6.0/commons-pool2-2.6.0.jar:/home/user/.m2/repository/org/bouncycastle/bcpkix-jdk15on/1.60/bcpkix-jdk15on-1.60.jar:/home/user/.m2/repository/commons-validator/commons-validator/1.6/commons-validator-1.6.jar:/home/user/.m2/repository/commons-digester/commons-digester/1.8.1/commons-digester-1.8.1.jar:/home/user/.m2/repository/io/jaegertracing/jaeger-client/0.33.1/jaeger-client-0.33.1.jar:/home/user/.m2/repository/io/jaegertracing/jaeger-thrift/0.33.1/jaeger-thrift-0.33.1.jar:/home/user/.m2/repository/org/apache/thrift/libthrift/0.11.0/libthrift-0.11.0.jar:/home/user/.m2/repository/com/squareup/okhttp3/okhttp/3.9.0/okhttp-3.9.0.jar:/home/user/.m2/repository/com/squareup/okio/okio/1.13.0/okio-1.13.0.jar:/home/user/.m2/repository/io/jaegertracing/jaeger-core/0.33.1/jaeger-core-0.33.1.jar:/home/user/.m2/repository/io/jaegertracing/jaeger-tracerresolver/0.33.1/jaeger-tracerresolver-0.33.1.jar:/home/user/.m2/repository/io/opentracing/contrib/opentracing-tracerresolver/0.1.5/opentracing-tracerresolver-0.1.5.jar:/home/user/.m2/repository/io/opentracing/opentracing-util/0.31.0/opentracing-util-0.31.0.jar:/home/user/.m2/repository/io/opentracing/opentracing-api/0.31.0/opentracing-api-0.31.0.jar:/home/user/.m2/repository/io/opentracing/opentracing-noop/0.31.0/opentracing-noop-0.31.0.jar:/home/user/.m2/repository/org/apache/hadoop/hadoop-hdds-server-framework/0.5.0-SNAPSHOT/hadoop-hdds-server-framework-0.5.0-SNAPSHOT.jar:/home/user/.m2/repository/org/apache/hadoop/hadoop-hdds-container-service/0.5.0-SNAPSHOT/hadoop-hdds-container-service-0.5.0-SNAPSHOT.jar:/home/user/.m2/repository/org/apache/hadoop/hadoop-hdds-client/0.5.0-SNAPSHOT/hadoop-hdds-client-0.5.0-SNAPSHOT.jar:/home/user/.m2/repository/org/apache/hadoop/hadoop-hdds-tools/0.5.0-SNAPSHOT/hadoop-hdds-tools-0.5.0-SNAPSHOT.jar:/home/user/.m2/repository/org/apache/hadoop/hadoop-hdds-server-scm/0.5.0-SNAPSHOT/hadoop-hdds-server-scm-0.5.0-SNAPSHOT.jar:/home/user/.m2/repository/org/apache/hadoop/hadoop-hdds-docs/0.5.0-SNAPSHOT/hadoop-hdds-docs-0.5.0-SNAPSHOT.jar:/home/user/.m2/repository/io/dropwizard/metrics/metrics-core/3.2.4/metrics-core-3.2.4.jar:/home/user/.m2/repository/org/hamcrest/hamcrest-all/1.3/hamcrest-all-1.3.jar:/home/user/.m2/repository/org/bouncycastle/bcprov-jdk15on/1.60/bcprov-jdk15on-1.60.jar:/home/user/.m2/repository/info/picocli/picocli/3.9.6/picocli-3.9.6.jar:/home/user/.m2/repository/com/google/protobuf/protobuf-java/2.5.0/protobuf-java-2.5.0.jar:/home/user/.m2/repository/com/google/guava/guava/11.0.2/guava-11.0.2.jar:/home/user/.m2/repository/org/apache/hadoop/hadoop-ozone-ozone-manager/0.5.0-SNAPSHOT/hadoop-ozone-ozone-manager-0.5.0-SNAPSHOT.jar:/home/user/.m2/repository/org/apache/hadoop/hadoop-minikdc/3.2.0/hadoop-minikdc-3.2.0.jar:/home/user/.m2/repository/commons-io/commons-io/2.5/commons-io-2.5.jar:/home/user/.m2/repository/org/apache/kerby/kerb-simplekdc/1.0.1/kerb-simplekdc-1.0.1.jar:/home/user/.m2/repository/org/apache/kerby/kerb-client/1.0.1/kerb-client-1.0.1.jar:/home/user/.m2/repository/org/apache/kerby/kerby-config/1.0.1/kerby-config-1.0.1.jar:/home/user/.m2/repository/org/apache/kerby/kerb-core/1.0.1/kerb-core-1.0.1.jar:/home/user/.m2/repository/org/apache/kerby/kerby-pkix/1.0.1/kerby-pkix-1.0.1.jar:/home/user/.m2/repository/org/apache/kerby/kerby-asn1/1.0.1/kerby-asn1-1.0.1.jar:/home/user/.m2/repository/org/apache/kerby/kerby-util/1.0.1/kerby-util-1.0.1.jar:/home/user/.m2/repository/org/apache/kerby/kerb-common/1.0.1/kerb-common-1.0.1.jar:/home/user/.m2/repository/org/apache/kerby/kerb-crypto/1.0.1/kerb-crypto-1.0.1.jar:/home/user/.m2/repository/org/apache/kerby/kerb-util/1.0.1/kerb-util-1.0.1.jar:/home/user/.m2/repository/org/apache/kerby/token-provider/1.0.1/token-provider-1.0.1.jar:/home/user/.m2/repository/org/apache/kerby/kerb-admin/1.0.1/kerb-admin-1.0.1.jar:/home/user/.m2/repository/org/apache/kerby/kerb-server/1.0.1/kerb-server-1.0.1.jar:/home/user/.m2/repository/org/apache/kerby/kerb-identity/1.0.1/kerb-identity-1.0.1.jar:/home/user/.m2/repository/org/apache/kerby/kerby-xdr/1.0.1/kerby-xdr-1.0.1.jar:/home/user/.m2/repository/org/slf4j/slf4j-log4j12/1.7.25/slf4j-log4j12-1.7.25.jar:/home/user/.m2/repository/org/apache/hadoop/hadoop-ozone-objectstore-service/0.5.0-SNAPSHOT/hadoop-ozone-objectstore-service-0.5.0-SNAPSHOT.jar:/home/user/.m2/repository/org/apache/hadoop/hadoop-ozone-s3gateway/0.5.0-SNAPSHOT/hadoop-ozone-s3gateway-0.5.0-SNAPSHOT.jar:/home/user/.m2/repository/org/jboss/weld/servlet/weld-servlet/2.4.7.Final/weld-servlet-2.4.7.Final.jar:/home/user/.m2/repository/org/glassfish/jersey/containers/jersey-container-servlet-core/2.27/jersey-container-servlet-core-2.27.jar:/home/user/.m2/repository/org/glassfish/hk2/external/javax.inject/2.5.0-b42/javax.inject-2.5.0-b42.jar:/home/user/.m2/repository/org/glassfish/jersey/core/jersey-common/2.27/jersey-common-2.27.jar:/home/user/.m2/repository/org/glassfish/hk2/osgi-resource-locator/1.0.1/osgi-resource-locator-1.0.1.jar:/home/user/.m2/repository/javax/ws/rs/javax.ws.rs-api/2.1/javax.ws.rs-api-2.1.jar:/home/user/.m2/repository/org/glassfish/jersey/ext/cdi/jersey-cdi1x/2.27/jersey-cdi1x-2.27.jar:/home/user/.m2/repository/org/glassfish/jersey/inject/jersey-hk2/2.27/jersey-hk2-2.27.jar:/home/user/.m2/repository/org/glassfish/hk2/hk2-locator/2.5.0-b42/hk2-locator-2.5.0-b42.jar:/home/user/.m2/repository/org/javassist/javassist/3.22.0-CR2/javassist-3.22.0-CR2.jar:/home/user/.m2/repository/org/glassfish/hk2/hk2-api/2.5.0/hk2-api-2.5.0.jar:/home/user/.m2/repository/org/glassfish/hk2/external/jakarta.inject/2.5.0/jakarta.inject-2.5.0.jar:/home/user/.m2/repository/org/glassfish/hk2/hk2-utils/2.5.0/hk2-utils-2.5.0.jar:/home/user/.m2/repository/jakarta/annotation/jakarta.annotation-api/1.3.4/jakarta.annotation-api-1.3.4.jar:/home/user/.m2/repository/org/glassfish/hk2/external/aopalliance-repackaged/2.5.0/aopalliance-repackaged-2.5.0.jar:/home/user/.m2/repository/com/fasterxml/jackson/dataformat/jackson-dataformat-xml/2.9.0/jackson-dataformat-xml-2.9.0.jar:/home/user/.m2/repository/com/fasterxml/jackson/core/jackson-core/2.9.5/jackson-core-2.9.5.jar:/home/user/.m2/repository/com/fasterxml/jackson/module/jackson-module-jaxb-annotations/2.9.5/jackson-module-jaxb-annotations-2.9.5.jar:/home/user/.m2/repository/javax/enterprise/cdi-api/1.2/cdi-api-1.2.jar:/home/user/.m2/repository/javax/el/javax.el-api/3.0.0/javax.el-api-3.0.0.jar:/home/user/.m2/repository/javax/interceptor/javax.interceptor-api/1.2/javax.interceptor-api-1.2.jar:/home/user/.m2/repository/javax/inject/javax.inject/1/javax.inject-1.jar:/home/user/.m2/repository/com/sun/xml/bind/jaxb-impl/2.3.0.1/jaxb-impl-2.3.0.1.jar:/home/user/.m2/repository/com/sun/xml/bind/jaxb-core/2.3.0.1/jaxb-core-2.3.0.1.jar:/home/user/.m2/repository/javax/xml/bind/jaxb-api/2.3.0/jaxb-api-2.3.0.jar:/home/user/.m2/repository/javax/activation/activation/1.1.1/activation-1.1.1.jar:/home/user/.m2/repository/org/apache/hadoop/hadoop-ozone-csi/0.5.0-SNAPSHOT/hadoop-ozone-csi-0.5.0-SNAPSHOT.jar:/home/user/.m2/repository/com/google/protobuf/protobuf-java-util/3.5.1/protobuf-java-util-3.5.1.jar:/home/user/.m2/repository/org/apache/hadoop/hadoop-hdds-config/0.5.0-SNAPSHOT/hadoop-hdds-config-0.5.0-SNAPSHOT.jar:/home/user/.m2/repository/io/grpc/grpc-netty/1.17.1/grpc-netty-1.17.1.jar:/home/user/.m2/repository/io/grpc/grpc-core/1.17.1/grpc-core-1.17.1.jar:/home/user/.m2/repository/io/grpc/grpc-context/1.17.1/grpc-context-1.17.1.jar:/home/user/.m2/repository/com/google/errorprone/error_prone_annotations/2.2.0/error_prone_annotations-2.2.0.jar:/home/user/.m2/repository/org/codehaus/mojo/animal-sniffer-annotations/1.17/animal-sniffer-annotations-1.17.jar:/home/user/.m2/repository/io/opencensus/opencensus-api/0.17.0/opencensus-api-0.17.0.jar:/home/user/.m2/repository/io/opencensus/opencensus-contrib-grpc-metrics/0.17.0/opencensus-contrib-grpc-metrics-0.17.0.jar:/home/user/.m2/repository/io/netty/netty-codec-http2/4.1.30.Final/netty-codec-http2-4.1.30.Final.jar:/home/user/.m2/repository/io/netty/netty-codec-http/4.1.30.Final/netty-codec-http-4.1.30.Final.jar:/home/user/.m2/repository/io/netty/netty-codec/4.1.30.Final/netty-codec-4.1.30.Final.jar:/home/user/.m2/repository/io/netty/netty-handler/4.1.30.Final/netty-handler-4.1.30.Final.jar:/home/user/.m2/repository/io/netty/netty-handler-proxy/4.1.30.Final/netty-handler-proxy-4.1.30.Final.jar:/home/user/.m2/repository/io/netty/netty-codec-socks/4.1.30.Final/netty-codec-socks-4.1.30.Final.jar:/home/user/.m2/repository/io/netty/netty-transport-native-epoll/4.1.30.Final/netty-transport-native-epoll-4.1.30.Final.jar:/home/user/.m2/repository/io/netty/netty-common/4.1.30.Final/netty-common-4.1.30.Final.jar:/home/user/.m2/repository/io/netty/netty-buffer/4.1.30.Final/netty-buffer-4.1.30.Final.jar:/home/user/.m2/repository/io/netty/netty-transport/4.1.30.Final/netty-transport-4.1.30.Final.jar:/home/user/.m2/repository/io/netty/netty-resolver/4.1.30.Final/netty-resolver-4.1.30.Final.jar:/home/user/.m2/repository/io/netty/netty-transport-native-unix-common/4.1.30.Final/netty-transport-native-unix-common-4.1.30.Final.jar:/home/user/.m2/repository/io/grpc/grpc-protobuf/1.17.1/grpc-protobuf-1.17.1.jar:/home/user/.m2/repository/com/google/api/grpc/proto-google-common-protos/1.0.0/proto-google-common-protos-1.0.0.jar:/home/user/.m2/repository/io/grpc/grpc-protobuf-lite/1.17.1/grpc-protobuf-lite-1.17.1.jar:/home/user/.m2/repository/io/grpc/grpc-stub/1.17.1/grpc-stub-1.17.1.jar:/home/user/.m2/repository/org/apache/hadoop/hadoop-ozone-recon/0.5.0-SNAPSHOT/hadoop-ozone-recon-0.5.0-SNAPSHOT.jar:/home/user/.m2/repository/org/apache/hadoop/hadoop-ozone-reconcodegen/0.5.0-SNAPSHOT/hadoop-ozone-reconcodegen-0.5.0-SNAPSHOT.jar:/home/user/.m2/repository/com/google/inject/extensions/guice-multibindings/4.0/guice-multibindings-4.0.jar:/home/user/.m2/repository/com/google/inject/guice/4.0/guice-4.0.jar:/home/user/.m2/repository/aopalliance/aopalliance/1.0/aopalliance-1.0.jar:/home/user/.m2/repository/com/google/inject/extensions/guice-servlet/4.0/guice-servlet-4.0.jar:/home/user/.m2/repository/org/glassfish/jersey/containers/jersey-container-servlet/2.27/jersey-container-servlet-2.27.jar:/home/user/.m2/repository/org/glassfish/hk2/guice-bridge/2.5.0/guice-bridge-2.5.0.jar:/home/user/.m2/repository/org/glassfish/jersey/core/jersey-server/2.27/jersey-server-2.27.jar:/home/user/.m2/repository/org/glassfish/jersey/core/jersey-client/2.27/jersey-client-2.27.jar:/home/user/.m2/repository/org/glassfish/jersey/media/jersey-media-jaxb/2.27/jersey-media-jaxb-2.27.jar:/home/user/.m2/repository/javax/validation/validation-api/1.1.0.Final/validation-api-1.1.0.Final.jar:/home/user/.m2/repository/org/glassfish/jersey/media/jersey-media-json-jackson/2.27/jersey-media-json-jackson-2.27.jar:/home/user/.m2/repository/org/glassfish/jersey/ext/jersey-entity-filtering/2.27/jersey-entity-filtering-2.27.jar:/home/user/.m2/repository/com/google/inject/extensions/guice-assistedinject/4.0/guice-assistedinject-4.0.jar:/home/user/.m2/repository/org/jooq/jooq/3.11.10/jooq-3.11.10.jar:/home/user/.m2/repository/org/jooq/jooq-meta/3.11.10/jooq-meta-3.11.10.jar:/home/user/.m2/repository/org/jooq/jooq-codegen/3.11.10/jooq-codegen-3.11.10.jar:/home/user/.m2/repository/com/jolbox/bonecp/0.8.0.RELEASE/bonecp-0.8.0.RELEASE.jar:/home/user/.m2/repository/org/xerial/sqlite-jdbc/3.25.2/sqlite-jdbc-3.25.2.jar:/home/user/.m2/repository/org/springframework/spring-jdbc/5.1.3.RELEASE/spring-jdbc-5.1.3.RELEASE.jar:/home/user/.m2/repository/org/springframework/spring-beans/5.1.3.RELEASE/spring-beans-5.1.3.RELEASE.jar:/home/user/.m2/repository/org/springframework/spring-core/5.1.3.RELEASE/spring-core-5.1.3.RELEASE.jar:/home/user/.m2/repository/org/springframework/spring-jcl/5.1.3.RELEASE/spring-jcl-5.1.3.RELEASE.jar:/home/user/.m2/repository/org/springframework/spring-tx/5.1.3.RELEASE/spring-tx-5.1.3.RELEASE.jar:/home/user/.m2/repository/org/apache/hadoop/hadoop-ozone-client/0.5.0-SNAPSHOT/hadoop-ozone-client-0.5.0-SNAPSHOT.jar:/home/user/.m2/repository/commons-lang/commons-lang/2.6/commons-lang-2.6.jar:/home/user/.m2/repository/org/apache/hadoop/hadoop-ozone-ozone-manager/0.5.0-SNAPSHOT/hadoop-ozone-ozone-manager-0.5.0-SNAPSHOT-tests.jar:/home/user/.m2/repository/junit/junit/4.11/junit-4.11.jar:/home/user/.m2/repository/org/hamcrest/hamcrest-core/1.3/hamcrest-core-1.3.jar:/home/user/.m2/repository/org/openjdk/jmh/jmh-core/1.19/jmh-core-1.19.jar:/home/user/.m2/repository/net/sf/jopt-simple/jopt-simple/4.6/jopt-simple-4.6.jar:/home/user/.m2/repository/org/apache/commons/commons-math3/3.1.1/commons-math3-3.1.1.jar:/home/user/.m2/repository/org/openjdk/jmh/jmh-generator-annprocess/1.19/jmh-generator-annprocess-1.19.jar:/home/user/.m2/repository/org/mockito/mockito-all/1.8.5/mockito-all-1.8.5.jar:/home/user/.m2/repository/org/apache/hadoop/hadoop-kms/3.2.0/hadoop-kms-3.2.0.jar:/home/user/.m2/repository/org/apache/hadoop/hadoop-auth/3.2.0/hadoop-auth-3.2.0.jar:/home/user/.m2/repository/com/nimbusds/nimbus-jose-jwt/4.41.1/nimbus-jose-jwt-4.41.1.jar:/home/user/.m2/repository/com/github/stephenc/jcip/jcip-annotations/1.0-1/jcip-annotations-1.0-1.jar:/home/user/.m2/repository/net/minidev/json-smart/2.3/json-smart-2.3.jar:/home/user/.m2/repository/net/minidev/accessors-smart/1.2/accessors-smart-1.2.jar:/home/user/.m2/repository/org/ow2/asm/asm/5.0.4/asm-5.0.4.jar:/home/user/.m2/repository/org/apache/curator/curator-framework/2.12.0/curator-framework-2.12.0.jar:/home/user/.m2/repository/com/sun/jersey/jersey-core/1.19/jersey-core-1.19.jar:/home/user/.m2/repository/javax/ws/rs/jsr311-api/1.1.1/jsr311-api-1.1.1.jar:/home/user/.m2/repository/com/sun/jersey/jersey-server/1.19/jersey-server-1.19.jar:/home/user/.m2/repository/javax/servlet/javax.servlet-api/3.1.0/javax.servlet-api-3.1.0.jar:/home/user/.m2/repository/org/eclipse/jetty/jetty-server/9.3.24.v20180605/jetty-server-9.3.24.v20180605.jar:/home/user/.m2/repository/org/eclipse/jetty/jetty-http/9.3.24.v20180605/jetty-http-9.3.24.v20180605.jar:/home/user/.m2/repository/org/eclipse/jetty/jetty-io/9.3.24.v20180605/jetty-io-9.3.24.v20180605.jar:/home/user/.m2/repository/org/eclipse/jetty/jetty-webapp/9.3.24.v20180605/jetty-webapp-9.3.24.v20180605.jar:/home/user/.m2/repository/org/eclipse/jetty/jetty-xml/9.3.24.v20180605/jetty-xml-9.3.24.v20180605.jar:/home/user/.m2/repository/log4j/log4j/1.2.17/log4j-1.2.17.jar:/home/user/.m2/repository/org/slf4j/slf4j-api/1.7.25/slf4j-api-1.7.25.jar:/home/user/.m2/repository/org/slf4j/jul-to-slf4j/1.7.25/jul-to-slf4j-1.7.25.jar:/home/user/.m2/repository/org/eclipse/jetty/jetty-util/9.3.24.v20180605/jetty-util-9.3.24.v20180605.jar:/home/user/.m2/repository/com/fasterxml/jackson/core/jackson-databind/2.9.5/jackson-databind-2.9.5.jar:/home/user/.m2/repository/org/apache/hadoop/hadoop-kms/3.2.0/hadoop-kms-3.2.0-tests.jar:/home/user/.m2/repository/org/apache/hadoop/hadoop-hdds-server-scm/0.5.0-SNAPSHOT/hadoop-hdds-server-scm-0.5.0-SNAPSHOT-tests.jar:/home/user/.m2/repository/org/apache/hadoop/hadoop-hdds-container-service/0.5.0-SNAPSHOT/hadoop-hdds-container-service-0.5.0-SNAPSHOT-tests.jar:/home/user/.m2/repository/org/yaml/snakeyaml/1.16/snakeyaml-1.16.jar:/home/user/.m2/repository/org/apache/hadoop/hadoop-common/3.2.0/hadoop-common-3.2.0-tests.jar:/home/user/.m2/repository/org/apache/hadoop/hadoop-annotations/3.2.0/hadoop-annotations-3.2.0.jar:/usr/lib/jvm/java-1.8-openjdk/jre/../lib/tools.jar:/home/user/.m2/repository/commons-cli/commons-cli/1.2/commons-cli-1.2.jar:/home/user/.m2/repository/org/apache/httpcomponents/httpclient/4.5.2/httpclient-4.5.2.jar:/home/user/.m2/repository/org/apache/httpcomponents/httpcore/4.4.4/httpcore-4.4.4.jar:/home/user/.m2/repository/commons-codec/commons-codec/1.11/commons-codec-1.11.jar:/home/user/.m2/repository/commons-net/commons-net/3.6/commons-net-3.6.jar:/home/user/.m2/repository/commons-collections/commons-collections/3.2.2/commons-collections-3.2.2.jar:/home/user/.m2/repository/org/eclipse/jetty/jetty-servlet/9.3.24.v20180605/jetty-servlet-9.3.24.v20180605.jar:/home/user/.m2/repository/org/eclipse/jetty/jetty-security/9.3.24.v20180605/jetty-security-9.3.24.v20180605.jar:/home/user/.m2/repository/javax/servlet/jsp/jsp-api/2.1/jsp-api-2.1.jar:/home/user/.m2/repository/com/sun/jersey/jersey-servlet/1.19/jersey-servlet-1.19.jar:/home/user/.m2/repository/com/sun/jersey/jersey-json/1.19/jersey-json-1.19.jar:/home/user/.m2/repository/org/codehaus/jettison/jettison/1.1/jettison-1.1.jar:/home/user/.m2/repository/org/codehaus/jackson/jackson-core-asl/1.9.13/jackson-core-asl-1.9.13.jar:/home/user/.m2/repository/org/codehaus/jackson/jackson-mapper-asl/1.9.13/jackson-mapper-asl-1.9.13.jar:/home/user/.m2/repository/org/codehaus/jackson/jackson-jaxrs/1.9.13/jackson-jaxrs-1.9.13.jar:/home/user/.m2/repository/org/codehaus/jackson/jackson-xc/1.9.13/jackson-xc-1.9.13.jar:/home/user/.m2/repository/commons-logging/commons-logging/1.1.3/commons-logging-1.1.3.jar:/home/user/.m2/repository/commons-beanutils/commons-beanutils/1.9.3/commons-beanutils-1.9.3.jar:/home/user/.m2/repository/org/apache/commons/commons-configuration2/2.1.1/commons-configuration2-2.1.1.jar:/home/user/.m2/repository/org/apache/commons/commons-lang3/3.7/commons-lang3-3.7.jar:/home/user/.m2/repository/org/apache/commons/commons-text/1.4/commons-text-1.4.jar:/home/user/.m2/repository/org/apache/avro/avro/1.7.7/avro-1.7.7.jar:/home/user/.m2/repository/com/thoughtworks/paranamer/paranamer/2.3/paranamer-2.3.jar:/home/user/.m2/repository/org/xerial/snappy/snappy-java/1.0.5/snappy-java-1.0.5.jar:/home/user/.m2/repository/com/google/re2j/re2j/1.1/re2j-1.1.jar:/home/user/.m2/repository/com/google/code/gson/gson/2.2.4/gson-2.2.4.jar:/home/user/.m2/repository/com/jcraft/jsch/0.1.54/jsch-0.1.54.jar:/home/user/.m2/repository/org/apache/curator/curator-client/2.12.0/curator-client-2.12.0.jar:/home/user/.m2/repository/org/apache/curator/curator-recipes/2.12.0/curator-recipes-2.12.0.jar:/home/user/.m2/repository/com/google/code/findbugs/jsr305/3.0.0/jsr305-3.0.0.jar:/home/user/.m2/repository/org/apache/htrace/htrace-core4/4.1.0-incubating/htrace-core4-4.1.0-incubating.jar:/home/user/.m2/repository/org/apache/zookeeper/zookeeper/3.4.13/zookeeper-3.4.13.jar:/home/user/.m2/repository/org/apache/yetus/audience-annotations/0.5.0/audience-annotations-0.5.0.jar:/home/user/.m2/repository/org/codehaus/woodstox/stax2-api/3.1.4/stax2-api-3.1.4.jar:/home/user/.m2/repository/com/fasterxml/woodstox/woodstox-core/5.0.3/woodstox-core-5.0.3.jar:/home/user/.m2/repository/dnsjava/dnsjava/2.1.7/dnsjava-2.1.7.jar:/home/user/.m2/repository/org/apache/hadoop/hadoop-hdfs/3.2.0/hadoop-hdfs-3.2.0-tests.jar:/home/user/.m2/repository/org/eclipse/jetty/jetty-util-ajax/9.3.24.v20180605/jetty-util-ajax-9.3.24.v20180605.jar:/home/user/.m2/repository/commons-daemon/commons-daemon/1.0.13/commons-daemon-1.0.13.jar:/home/user/.m2/repository/io/netty/netty/3.10.5.Final/netty-3.10.5.Final.jar:/home/user/.m2/repository/io/netty/netty-all/4.0.52.Final/netty-all-4.0.52.Final.jar:/home/user/.m2/repository/org/fusesource/leveldbjni/leveldbjni-all/1.8/leveldbjni-all-1.8.jar:"/>
    <property name="java.vm.vendor" value="IcedTea"/>
    <property name="sun.arch.data.model" value="64"/>
    <property name="test.build.dir" value="/workdir/hadoop-ozone/integration-test/target/test-dir"/>
    <property name="test.cache.data" value=""/>
    <property name="java.vendor.url" value="https://icedtea.classpath.org"/>
    <property name="user.timezone" value=""/>
    <property name="java.vm.specification.version" value="1.8"/>
    <property name="os.name" value="Linux"/>
    <property name="test.build.data" value="/workdir/hadoop-ozone/integration-test/target/test-dir"/>
    <property name="user.country" value="US"/>
    <property name="sun.java.launcher" value="SUN_STANDARD"/>
    <property name="sun.boot.library.path" value="/usr/lib/jvm/java-1.8-openjdk/jre/lib/amd64"/>
    <property name="sun.java.command" value="/workdir/hadoop-ozone/integration-test/target/surefire/surefirebooter4459717064793237726.jar /workdir/hadoop-ozone/integration-test/target/surefire 2019-08-28T06-00-26_147-jvmRun1 surefire5899033248880519651tmp surefire_561219604768852276973tmp"/>
    <property name="test" value="!TestMiniChaosOzoneCluster"/>
    <property name="surefire.test.class.path" value="/workdir/hadoop-ozone/integration-test/target/test-classes:/workdir/hadoop-ozone/integration-test/target/classes:/home/user/.m2/repository/org/apache/hadoop/hadoop-ozone-common/0.5.0-SNAPSHOT/hadoop-ozone-common-0.5.0-SNAPSHOT.jar:/home/user/.m2/repository/org/apache/commons/commons-compress/1.4.1/commons-compress-1.4.1.jar:/home/user/.m2/repository/org/tukaani/xz/1.0/xz-1.0.jar:/home/user/.m2/repository/org/apache/hadoop/hadoop-common/3.2.0/hadoop-common-3.2.0.jar:/home/user/.m2/repository/org/apache/hadoop/hadoop-hdfs/3.2.0/hadoop-hdfs-3.2.0.jar:/home/user/.m2/repository/org/apache/hadoop/hadoop-hdfs-client/3.2.0/hadoop-hdfs-client-3.2.0.jar:/home/user/.m2/repository/com/fasterxml/jackson/core/jackson-annotations/2.9.5/jackson-annotations-2.9.5.jar:/home/user/.m2/repository/org/apache/hadoop/hadoop-hdds-common/0.5.0-SNAPSHOT/hadoop-hdds-common-0.5.0-SNAPSHOT.jar:/home/user/.m2/repository/javax/annotation/javax.annotation-api/1.2/javax.annotation-api-1.2.jar:/home/user/.m2/repository/org/apache/ratis/ratis-server/0.4.0-2337318-SNAPSHOT/ratis-server-0.4.0-2337318-SNAPSHOT.jar:/home/user/.m2/repository/org/apache/ratis/ratis-thirdparty-misc/0.2.0/ratis-thirdparty-misc-0.2.0.jar:/home/user/.m2/repository/org/apache/ratis/ratis-proto/0.4.0-2337318-SNAPSHOT/ratis-proto-0.4.0-2337318-SNAPSHOT.jar:/home/user/.m2/repository/org/apache/ratis/ratis-common/0.4.0-2337318-SNAPSHOT/ratis-common-0.4.0-2337318-SNAPSHOT.jar:/home/user/.m2/repository/org/apache/ratis/ratis-client/0.4.0-2337318-SNAPSHOT/ratis-client-0.4.0-2337318-SNAPSHOT.jar:/home/user/.m2/repository/org/apache/ratis/ratis-metrics/0.4.0-2337318-SNAPSHOT/ratis-metrics-0.4.0-2337318-SNAPSHOT.jar:/home/user/.m2/repository/org/apache/ratis/ratis-netty/0.4.0-2337318-SNAPSHOT/ratis-netty-0.4.0-2337318-SNAPSHOT.jar:/home/user/.m2/repository/org/apache/ratis/ratis-grpc/0.4.0-2337318-SNAPSHOT/ratis-grpc-0.4.0-2337318-SNAPSHOT.jar:/home/user/.m2/repository/org/rocksdb/rocksdbjni/6.0.1/rocksdbjni-6.0.1.jar:/home/user/.m2/repository/org/apache/logging/log4j/log4j-api/2.11.0/log4j-api-2.11.0.jar:/home/user/.m2/repository/org/apache/logging/log4j/log4j-core/2.11.0/log4j-core-2.11.0.jar:/home/user/.m2/repository/com/lmax/disruptor/3.4.2/disruptor-3.4.2.jar:/home/user/.m2/repository/org/apache/commons/commons-pool2/2.6.0/commons-pool2-2.6.0.jar:/home/user/.m2/repository/org/bouncycastle/bcpkix-jdk15on/1.60/bcpkix-jdk15on-1.60.jar:/home/user/.m2/repository/commons-validator/commons-validator/1.6/commons-validator-1.6.jar:/home/user/.m2/repository/commons-digester/commons-digester/1.8.1/commons-digester-1.8.1.jar:/home/user/.m2/repository/io/jaegertracing/jaeger-client/0.33.1/jaeger-client-0.33.1.jar:/home/user/.m2/repository/io/jaegertracing/jaeger-thrift/0.33.1/jaeger-thrift-0.33.1.jar:/home/user/.m2/repository/org/apache/thrift/libthrift/0.11.0/libthrift-0.11.0.jar:/home/user/.m2/repository/com/squareup/okhttp3/okhttp/3.9.0/okhttp-3.9.0.jar:/home/user/.m2/repository/com/squareup/okio/okio/1.13.0/okio-1.13.0.jar:/home/user/.m2/repository/io/jaegertracing/jaeger-core/0.33.1/jaeger-core-0.33.1.jar:/home/user/.m2/repository/io/jaegertracing/jaeger-tracerresolver/0.33.1/jaeger-tracerresolver-0.33.1.jar:/home/user/.m2/repository/io/opentracing/contrib/opentracing-tracerresolver/0.1.5/opentracing-tracerresolver-0.1.5.jar:/home/user/.m2/repository/io/opentracing/opentracing-util/0.31.0/opentracing-util-0.31.0.jar:/home/user/.m2/repository/io/opentracing/opentracing-api/0.31.0/opentracing-api-0.31.0.jar:/home/user/.m2/repository/io/opentracing/opentracing-noop/0.31.0/opentracing-noop-0.31.0.jar:/home/user/.m2/repository/org/apache/hadoop/hadoop-hdds-server-framework/0.5.0-SNAPSHOT/hadoop-hdds-server-framework-0.5.0-SNAPSHOT.jar:/home/user/.m2/repository/org/apache/hadoop/hadoop-hdds-container-service/0.5.0-SNAPSHOT/hadoop-hdds-container-service-0.5.0-SNAPSHOT.jar:/home/user/.m2/repository/org/apache/hadoop/hadoop-hdds-client/0.5.0-SNAPSHOT/hadoop-hdds-client-0.5.0-SNAPSHOT.jar:/home/user/.m2/repository/org/apache/hadoop/hadoop-hdds-tools/0.5.0-SNAPSHOT/hadoop-hdds-tools-0.5.0-SNAPSHOT.jar:/home/user/.m2/repository/org/apache/hadoop/hadoop-hdds-server-scm/0.5.0-SNAPSHOT/hadoop-hdds-server-scm-0.5.0-SNAPSHOT.jar:/home/user/.m2/repository/org/apache/hadoop/hadoop-hdds-docs/0.5.0-SNAPSHOT/hadoop-hdds-docs-0.5.0-SNAPSHOT.jar:/home/user/.m2/repository/io/dropwizard/metrics/metrics-core/3.2.4/metrics-core-3.2.4.jar:/home/user/.m2/repository/org/hamcrest/hamcrest-all/1.3/hamcrest-all-1.3.jar:/home/user/.m2/repository/org/bouncycastle/bcprov-jdk15on/1.60/bcprov-jdk15on-1.60.jar:/home/user/.m2/repository/info/picocli/picocli/3.9.6/picocli-3.9.6.jar:/home/user/.m2/repository/com/google/protobuf/protobuf-java/2.5.0/protobuf-java-2.5.0.jar:/home/user/.m2/repository/com/google/guava/guava/11.0.2/guava-11.0.2.jar:/home/user/.m2/repository/org/apache/hadoop/hadoop-ozone-ozone-manager/0.5.0-SNAPSHOT/hadoop-ozone-ozone-manager-0.5.0-SNAPSHOT.jar:/home/user/.m2/repository/org/apache/hadoop/hadoop-minikdc/3.2.0/hadoop-minikdc-3.2.0.jar:/home/user/.m2/repository/commons-io/commons-io/2.5/commons-io-2.5.jar:/home/user/.m2/repository/org/apache/kerby/kerb-simplekdc/1.0.1/kerb-simplekdc-1.0.1.jar:/home/user/.m2/repository/org/apache/kerby/kerb-client/1.0.1/kerb-client-1.0.1.jar:/home/user/.m2/repository/org/apache/kerby/kerby-config/1.0.1/kerby-config-1.0.1.jar:/home/user/.m2/repository/org/apache/kerby/kerb-core/1.0.1/kerb-core-1.0.1.jar:/home/user/.m2/repository/org/apache/kerby/kerby-pkix/1.0.1/kerby-pkix-1.0.1.jar:/home/user/.m2/repository/org/apache/kerby/kerby-asn1/1.0.1/kerby-asn1-1.0.1.jar:/home/user/.m2/repository/org/apache/kerby/kerby-util/1.0.1/kerby-util-1.0.1.jar:/home/user/.m2/repository/org/apache/kerby/kerb-common/1.0.1/kerb-common-1.0.1.jar:/home/user/.m2/repository/org/apache/kerby/kerb-crypto/1.0.1/kerb-crypto-1.0.1.jar:/home/user/.m2/repository/org/apache/kerby/kerb-util/1.0.1/kerb-util-1.0.1.jar:/home/user/.m2/repository/org/apache/kerby/token-provider/1.0.1/token-provider-1.0.1.jar:/home/user/.m2/repository/org/apache/kerby/kerb-admin/1.0.1/kerb-admin-1.0.1.jar:/home/user/.m2/repository/org/apache/kerby/kerb-server/1.0.1/kerb-server-1.0.1.jar:/home/user/.m2/repository/org/apache/kerby/kerb-identity/1.0.1/kerb-identity-1.0.1.jar:/home/user/.m2/repository/org/apache/kerby/kerby-xdr/1.0.1/kerby-xdr-1.0.1.jar:/home/user/.m2/repository/org/slf4j/slf4j-log4j12/1.7.25/slf4j-log4j12-1.7.25.jar:/home/user/.m2/repository/org/apache/hadoop/hadoop-ozone-objectstore-service/0.5.0-SNAPSHOT/hadoop-ozone-objectstore-service-0.5.0-SNAPSHOT.jar:/home/user/.m2/repository/org/apache/hadoop/hadoop-ozone-s3gateway/0.5.0-SNAPSHOT/hadoop-ozone-s3gateway-0.5.0-SNAPSHOT.jar:/home/user/.m2/repository/org/jboss/weld/servlet/weld-servlet/2.4.7.Final/weld-servlet-2.4.7.Final.jar:/home/user/.m2/repository/org/glassfish/jersey/containers/jersey-container-servlet-core/2.27/jersey-container-servlet-core-2.27.jar:/home/user/.m2/repository/org/glassfish/hk2/external/javax.inject/2.5.0-b42/javax.inject-2.5.0-b42.jar:/home/user/.m2/repository/org/glassfish/jersey/core/jersey-common/2.27/jersey-common-2.27.jar:/home/user/.m2/repository/org/glassfish/hk2/osgi-resource-locator/1.0.1/osgi-resource-locator-1.0.1.jar:/home/user/.m2/repository/javax/ws/rs/javax.ws.rs-api/2.1/javax.ws.rs-api-2.1.jar:/home/user/.m2/repository/org/glassfish/jersey/ext/cdi/jersey-cdi1x/2.27/jersey-cdi1x-2.27.jar:/home/user/.m2/repository/org/glassfish/jersey/inject/jersey-hk2/2.27/jersey-hk2-2.27.jar:/home/user/.m2/repository/org/glassfish/hk2/hk2-locator/2.5.0-b42/hk2-locator-2.5.0-b42.jar:/home/user/.m2/repository/org/javassist/javassist/3.22.0-CR2/javassist-3.22.0-CR2.jar:/home/user/.m2/repository/org/glassfish/hk2/hk2-api/2.5.0/hk2-api-2.5.0.jar:/home/user/.m2/repository/org/glassfish/hk2/external/jakarta.inject/2.5.0/jakarta.inject-2.5.0.jar:/home/user/.m2/repository/org/glassfish/hk2/hk2-utils/2.5.0/hk2-utils-2.5.0.jar:/home/user/.m2/repository/jakarta/annotation/jakarta.annotation-api/1.3.4/jakarta.annotation-api-1.3.4.jar:/home/user/.m2/repository/org/glassfish/hk2/external/aopalliance-repackaged/2.5.0/aopalliance-repackaged-2.5.0.jar:/home/user/.m2/repository/com/fasterxml/jackson/dataformat/jackson-dataformat-xml/2.9.0/jackson-dataformat-xml-2.9.0.jar:/home/user/.m2/repository/com/fasterxml/jackson/core/jackson-core/2.9.5/jackson-core-2.9.5.jar:/home/user/.m2/repository/com/fasterxml/jackson/module/jackson-module-jaxb-annotations/2.9.5/jackson-module-jaxb-annotations-2.9.5.jar:/home/user/.m2/repository/javax/enterprise/cdi-api/1.2/cdi-api-1.2.jar:/home/user/.m2/repository/javax/el/javax.el-api/3.0.0/javax.el-api-3.0.0.jar:/home/user/.m2/repository/javax/interceptor/javax.interceptor-api/1.2/javax.interceptor-api-1.2.jar:/home/user/.m2/repository/javax/inject/javax.inject/1/javax.inject-1.jar:/home/user/.m2/repository/com/sun/xml/bind/jaxb-impl/2.3.0.1/jaxb-impl-2.3.0.1.jar:/home/user/.m2/repository/com/sun/xml/bind/jaxb-core/2.3.0.1/jaxb-core-2.3.0.1.jar:/home/user/.m2/repository/javax/xml/bind/jaxb-api/2.3.0/jaxb-api-2.3.0.jar:/home/user/.m2/repository/javax/activation/activation/1.1.1/activation-1.1.1.jar:/home/user/.m2/repository/org/apache/hadoop/hadoop-ozone-csi/0.5.0-SNAPSHOT/hadoop-ozone-csi-0.5.0-SNAPSHOT.jar:/home/user/.m2/repository/com/google/protobuf/protobuf-java-util/3.5.1/protobuf-java-util-3.5.1.jar:/home/user/.m2/repository/org/apache/hadoop/hadoop-hdds-config/0.5.0-SNAPSHOT/hadoop-hdds-config-0.5.0-SNAPSHOT.jar:/home/user/.m2/repository/io/grpc/grpc-netty/1.17.1/grpc-netty-1.17.1.jar:/home/user/.m2/repository/io/grpc/grpc-core/1.17.1/grpc-core-1.17.1.jar:/home/user/.m2/repository/io/grpc/grpc-context/1.17.1/grpc-context-1.17.1.jar:/home/user/.m2/repository/com/google/errorprone/error_prone_annotations/2.2.0/error_prone_annotations-2.2.0.jar:/home/user/.m2/repository/org/codehaus/mojo/animal-sniffer-annotations/1.17/animal-sniffer-annotations-1.17.jar:/home/user/.m2/repository/io/opencensus/opencensus-api/0.17.0/opencensus-api-0.17.0.jar:/home/user/.m2/repository/io/opencensus/opencensus-contrib-grpc-metrics/0.17.0/opencensus-contrib-grpc-metrics-0.17.0.jar:/home/user/.m2/repository/io/netty/netty-codec-http2/4.1.30.Final/netty-codec-http2-4.1.30.Final.jar:/home/user/.m2/repository/io/netty/netty-codec-http/4.1.30.Final/netty-codec-http-4.1.30.Final.jar:/home/user/.m2/repository/io/netty/netty-codec/4.1.30.Final/netty-codec-4.1.30.Final.jar:/home/user/.m2/repository/io/netty/netty-handler/4.1.30.Final/netty-handler-4.1.30.Final.jar:/home/user/.m2/repository/io/netty/netty-handler-proxy/4.1.30.Final/netty-handler-proxy-4.1.30.Final.jar:/home/user/.m2/repository/io/netty/netty-codec-socks/4.1.30.Final/netty-codec-socks-4.1.30.Final.jar:/home/user/.m2/repository/io/netty/netty-transport-native-epoll/4.1.30.Final/netty-transport-native-epoll-4.1.30.Final.jar:/home/user/.m2/repository/io/netty/netty-common/4.1.30.Final/netty-common-4.1.30.Final.jar:/home/user/.m2/repository/io/netty/netty-buffer/4.1.30.Final/netty-buffer-4.1.30.Final.jar:/home/user/.m2/repository/io/netty/netty-transport/4.1.30.Final/netty-transport-4.1.30.Final.jar:/home/user/.m2/repository/io/netty/netty-resolver/4.1.30.Final/netty-resolver-4.1.30.Final.jar:/home/user/.m2/repository/io/netty/netty-transport-native-unix-common/4.1.30.Final/netty-transport-native-unix-common-4.1.30.Final.jar:/home/user/.m2/repository/io/grpc/grpc-protobuf/1.17.1/grpc-protobuf-1.17.1.jar:/home/user/.m2/repository/com/google/api/grpc/proto-google-common-protos/1.0.0/proto-google-common-protos-1.0.0.jar:/home/user/.m2/repository/io/grpc/grpc-protobuf-lite/1.17.1/grpc-protobuf-lite-1.17.1.jar:/home/user/.m2/repository/io/grpc/grpc-stub/1.17.1/grpc-stub-1.17.1.jar:/home/user/.m2/repository/org/apache/hadoop/hadoop-ozone-recon/0.5.0-SNAPSHOT/hadoop-ozone-recon-0.5.0-SNAPSHOT.jar:/home/user/.m2/repository/org/apache/hadoop/hadoop-ozone-reconcodegen/0.5.0-SNAPSHOT/hadoop-ozone-reconcodegen-0.5.0-SNAPSHOT.jar:/home/user/.m2/repository/com/google/inject/extensions/guice-multibindings/4.0/guice-multibindings-4.0.jar:/home/user/.m2/repository/com/google/inject/guice/4.0/guice-4.0.jar:/home/user/.m2/repository/aopalliance/aopalliance/1.0/aopalliance-1.0.jar:/home/user/.m2/repository/com/google/inject/extensions/guice-servlet/4.0/guice-servlet-4.0.jar:/home/user/.m2/repository/org/glassfish/jersey/containers/jersey-container-servlet/2.27/jersey-container-servlet-2.27.jar:/home/user/.m2/repository/org/glassfish/hk2/guice-bridge/2.5.0/guice-bridge-2.5.0.jar:/home/user/.m2/repository/org/glassfish/jersey/core/jersey-server/2.27/jersey-server-2.27.jar:/home/user/.m2/repository/org/glassfish/jersey/core/jersey-client/2.27/jersey-client-2.27.jar:/home/user/.m2/repository/org/glassfish/jersey/media/jersey-media-jaxb/2.27/jersey-media-jaxb-2.27.jar:/home/user/.m2/repository/javax/validation/validation-api/1.1.0.Final/validation-api-1.1.0.Final.jar:/home/user/.m2/repository/org/glassfish/jersey/media/jersey-media-json-jackson/2.27/jersey-media-json-jackson-2.27.jar:/home/user/.m2/repository/org/glassfish/jersey/ext/jersey-entity-filtering/2.27/jersey-entity-filtering-2.27.jar:/home/user/.m2/repository/com/google/inject/extensions/guice-assistedinject/4.0/guice-assistedinject-4.0.jar:/home/user/.m2/repository/org/jooq/jooq/3.11.10/jooq-3.11.10.jar:/home/user/.m2/repository/org/jooq/jooq-meta/3.11.10/jooq-meta-3.11.10.jar:/home/user/.m2/repository/org/jooq/jooq-codegen/3.11.10/jooq-codegen-3.11.10.jar:/home/user/.m2/repository/com/jolbox/bonecp/0.8.0.RELEASE/bonecp-0.8.0.RELEASE.jar:/home/user/.m2/repository/org/xerial/sqlite-jdbc/3.25.2/sqlite-jdbc-3.25.2.jar:/home/user/.m2/repository/org/springframework/spring-jdbc/5.1.3.RELEASE/spring-jdbc-5.1.3.RELEASE.jar:/home/user/.m2/repository/org/springframework/spring-beans/5.1.3.RELEASE/spring-beans-5.1.3.RELEASE.jar:/home/user/.m2/repository/org/springframework/spring-core/5.1.3.RELEASE/spring-core-5.1.3.RELEASE.jar:/home/user/.m2/repository/org/springframework/spring-jcl/5.1.3.RELEASE/spring-jcl-5.1.3.RELEASE.jar:/home/user/.m2/repository/org/springframework/spring-tx/5.1.3.RELEASE/spring-tx-5.1.3.RELEASE.jar:/home/user/.m2/repository/org/apache/hadoop/hadoop-ozone-client/0.5.0-SNAPSHOT/hadoop-ozone-client-0.5.0-SNAPSHOT.jar:/home/user/.m2/repository/commons-lang/commons-lang/2.6/commons-lang-2.6.jar:/home/user/.m2/repository/org/apache/hadoop/hadoop-ozone-ozone-manager/0.5.0-SNAPSHOT/hadoop-ozone-ozone-manager-0.5.0-SNAPSHOT-tests.jar:/home/user/.m2/repository/junit/junit/4.11/junit-4.11.jar:/home/user/.m2/repository/org/hamcrest/hamcrest-core/1.3/hamcrest-core-1.3.jar:/home/user/.m2/repository/org/openjdk/jmh/jmh-core/1.19/jmh-core-1.19.jar:/home/user/.m2/repository/net/sf/jopt-simple/jopt-simple/4.6/jopt-simple-4.6.jar:/home/user/.m2/repository/org/apache/commons/commons-math3/3.1.1/commons-math3-3.1.1.jar:/home/user/.m2/repository/org/openjdk/jmh/jmh-generator-annprocess/1.19/jmh-generator-annprocess-1.19.jar:/home/user/.m2/repository/org/mockito/mockito-all/1.8.5/mockito-all-1.8.5.jar:/home/user/.m2/repository/org/apache/hadoop/hadoop-kms/3.2.0/hadoop-kms-3.2.0.jar:/home/user/.m2/repository/org/apache/hadoop/hadoop-auth/3.2.0/hadoop-auth-3.2.0.jar:/home/user/.m2/repository/com/nimbusds/nimbus-jose-jwt/4.41.1/nimbus-jose-jwt-4.41.1.jar:/home/user/.m2/repository/com/github/stephenc/jcip/jcip-annotations/1.0-1/jcip-annotations-1.0-1.jar:/home/user/.m2/repository/net/minidev/json-smart/2.3/json-smart-2.3.jar:/home/user/.m2/repository/net/minidev/accessors-smart/1.2/accessors-smart-1.2.jar:/home/user/.m2/repository/org/ow2/asm/asm/5.0.4/asm-5.0.4.jar:/home/user/.m2/repository/org/apache/curator/curator-framework/2.12.0/curator-framework-2.12.0.jar:/home/user/.m2/repository/com/sun/jersey/jersey-core/1.19/jersey-core-1.19.jar:/home/user/.m2/repository/javax/ws/rs/jsr311-api/1.1.1/jsr311-api-1.1.1.jar:/home/user/.m2/repository/com/sun/jersey/jersey-server/1.19/jersey-server-1.19.jar:/home/user/.m2/repository/javax/servlet/javax.servlet-api/3.1.0/javax.servlet-api-3.1.0.jar:/home/user/.m2/repository/org/eclipse/jetty/jetty-server/9.3.24.v20180605/jetty-server-9.3.24.v20180605.jar:/home/user/.m2/repository/org/eclipse/jetty/jetty-http/9.3.24.v20180605/jetty-http-9.3.24.v20180605.jar:/home/user/.m2/repository/org/eclipse/jetty/jetty-io/9.3.24.v20180605/jetty-io-9.3.24.v20180605.jar:/home/user/.m2/repository/org/eclipse/jetty/jetty-webapp/9.3.24.v20180605/jetty-webapp-9.3.24.v20180605.jar:/home/user/.m2/repository/org/eclipse/jetty/jetty-xml/9.3.24.v20180605/jetty-xml-9.3.24.v20180605.jar:/home/user/.m2/repository/log4j/log4j/1.2.17/log4j-1.2.17.jar:/home/user/.m2/repository/org/slf4j/slf4j-api/1.7.25/slf4j-api-1.7.25.jar:/home/user/.m2/repository/org/slf4j/jul-to-slf4j/1.7.25/jul-to-slf4j-1.7.25.jar:/home/user/.m2/repository/org/eclipse/jetty/jetty-util/9.3.24.v20180605/jetty-util-9.3.24.v20180605.jar:/home/user/.m2/repository/com/fasterxml/jackson/core/jackson-databind/2.9.5/jackson-databind-2.9.5.jar:/home/user/.m2/repository/org/apache/hadoop/hadoop-kms/3.2.0/hadoop-kms-3.2.0-tests.jar:/home/user/.m2/repository/org/apache/hadoop/hadoop-hdds-server-scm/0.5.0-SNAPSHOT/hadoop-hdds-server-scm-0.5.0-SNAPSHOT-tests.jar:/home/user/.m2/repository/org/apache/hadoop/hadoop-hdds-container-service/0.5.0-SNAPSHOT/hadoop-hdds-container-service-0.5.0-SNAPSHOT-tests.jar:/home/user/.m2/repository/org/yaml/snakeyaml/1.16/snakeyaml-1.16.jar:/home/user/.m2/repository/org/apache/hadoop/hadoop-common/3.2.0/hadoop-common-3.2.0-tests.jar:/home/user/.m2/repository/org/apache/hadoop/hadoop-annotations/3.2.0/hadoop-annotations-3.2.0.jar:/usr/lib/jvm/java-1.8-openjdk/jre/../lib/tools.jar:/home/user/.m2/repository/commons-cli/commons-cli/1.2/commons-cli-1.2.jar:/home/user/.m2/repository/org/apache/httpcomponents/httpclient/4.5.2/httpclient-4.5.2.jar:/home/user/.m2/repository/org/apache/httpcomponents/httpcore/4.4.4/httpcore-4.4.4.jar:/home/user/.m2/repository/commons-codec/commons-codec/1.11/commons-codec-1.11.jar:/home/user/.m2/repository/commons-net/commons-net/3.6/commons-net-3.6.jar:/home/user/.m2/repository/commons-collections/commons-collections/3.2.2/commons-collections-3.2.2.jar:/home/user/.m2/repository/org/eclipse/jetty/jetty-servlet/9.3.24.v20180605/jetty-servlet-9.3.24.v20180605.jar:/home/user/.m2/repository/org/eclipse/jetty/jetty-security/9.3.24.v20180605/jetty-security-9.3.24.v20180605.jar:/home/user/.m2/repository/javax/servlet/jsp/jsp-api/2.1/jsp-api-2.1.jar:/home/user/.m2/repository/com/sun/jersey/jersey-servlet/1.19/jersey-servlet-1.19.jar:/home/user/.m2/repository/com/sun/jersey/jersey-json/1.19/jersey-json-1.19.jar:/home/user/.m2/repository/org/codehaus/jettison/jettison/1.1/jettison-1.1.jar:/home/user/.m2/repository/org/codehaus/jackson/jackson-core-asl/1.9.13/jackson-core-asl-1.9.13.jar:/home/user/.m2/repository/org/codehaus/jackson/jackson-mapper-asl/1.9.13/jackson-mapper-asl-1.9.13.jar:/home/user/.m2/repository/org/codehaus/jackson/jackson-jaxrs/1.9.13/jackson-jaxrs-1.9.13.jar:/home/user/.m2/repository/org/codehaus/jackson/jackson-xc/1.9.13/jackson-xc-1.9.13.jar:/home/user/.m2/repository/commons-logging/commons-logging/1.1.3/commons-logging-1.1.3.jar:/home/user/.m2/repository/commons-beanutils/commons-beanutils/1.9.3/commons-beanutils-1.9.3.jar:/home/user/.m2/repository/org/apache/commons/commons-configuration2/2.1.1/commons-configuration2-2.1.1.jar:/home/user/.m2/repository/org/apache/commons/commons-lang3/3.7/commons-lang3-3.7.jar:/home/user/.m2/repository/org/apache/commons/commons-text/1.4/commons-text-1.4.jar:/home/user/.m2/repository/org/apache/avro/avro/1.7.7/avro-1.7.7.jar:/home/user/.m2/repository/com/thoughtworks/paranamer/paranamer/2.3/paranamer-2.3.jar:/home/user/.m2/repository/org/xerial/snappy/snappy-java/1.0.5/snappy-java-1.0.5.jar:/home/user/.m2/repository/com/google/re2j/re2j/1.1/re2j-1.1.jar:/home/user/.m2/repository/com/google/code/gson/gson/2.2.4/gson-2.2.4.jar:/home/user/.m2/repository/com/jcraft/jsch/0.1.54/jsch-0.1.54.jar:/home/user/.m2/repository/org/apache/curator/curator-client/2.12.0/curator-client-2.12.0.jar:/home/user/.m2/repository/org/apache/curator/curator-recipes/2.12.0/curator-recipes-2.12.0.jar:/home/user/.m2/repository/com/google/code/findbugs/jsr305/3.0.0/jsr305-3.0.0.jar:/home/user/.m2/repository/org/apache/htrace/htrace-core4/4.1.0-incubating/htrace-core4-4.1.0-incubating.jar:/home/user/.m2/repository/org/apache/zookeeper/zookeeper/3.4.13/zookeeper-3.4.13.jar:/home/user/.m2/repository/org/apache/yetus/audience-annotations/0.5.0/audience-annotations-0.5.0.jar:/home/user/.m2/repository/org/codehaus/woodstox/stax2-api/3.1.4/stax2-api-3.1.4.jar:/home/user/.m2/repository/com/fasterxml/woodstox/woodstox-core/5.0.3/woodstox-core-5.0.3.jar:/home/user/.m2/repository/dnsjava/dnsjava/2.1.7/dnsjava-2.1.7.jar:/home/user/.m2/repository/org/apache/hadoop/hadoop-hdfs/3.2.0/hadoop-hdfs-3.2.0-tests.jar:/home/user/.m2/repository/org/eclipse/jetty/jetty-util-ajax/9.3.24.v20180605/jetty-util-ajax-9.3.24.v20180605.jar:/home/user/.m2/repository/commons-daemon/commons-daemon/1.0.13/commons-daemon-1.0.13.jar:/home/user/.m2/repository/io/netty/netty/3.10.5.Final/netty-3.10.5.Final.jar:/home/user/.m2/repository/io/netty/netty-all/4.0.52.Final/netty-all-4.0.52.Final.jar:/home/user/.m2/repository/org/fusesource/leveldbjni/leveldbjni-all/1.8/leveldbjni-all-1.8.jar:"/>
    <property name="sun.cpu.endian" value="little"/>
    <property name="user.home" value="/home/user"/>
    <property name="user.language" value="en"/>
    <property name="java.specification.vendor" value="Oracle Corporation"/>
    <property name="java.home" value="/usr/lib/jvm/java-1.8-openjdk/jre"/>
    <property name="java.security.krb5.conf" value="/workdir/hadoop-ozone/integration-test/target/test-classes/krb5.conf"/>
    <property name="basedir" value="/workdir/hadoop-ozone/integration-test"/>
    <property name="file.separator" value="/"/>
    <property name="line.separator" value="&#10;"/>
    <property name="java.vm.specification.vendor" value="Oracle Corporation"/>
    <property name="java.specification.name" value="Java Platform API Specification"/>
    <property name="java.awt.graphicsenv" value="sun.awt.X11GraphicsEnvironment"/>
    <property name="surefire.real.class.path" value="/workdir/hadoop-ozone/integration-test/target/surefire/surefirebooter4459717064793237726.jar"/>
    <property name="hadoop.log.dir" value="/workdir/hadoop-ozone/integration-test/target/log"/>
    <property name="sun.boot.class.path" value="/usr/lib/jvm/java-1.8-openjdk/jre/lib/resources.jar:/usr/lib/jvm/java-1.8-openjdk/jre/lib/rt.jar:/usr/lib/jvm/java-1.8-openjdk/jre/lib/sunrsasign.jar:/usr/lib/jvm/java-1.8-openjdk/jre/lib/jsse.jar:/usr/lib/jvm/java-1.8-openjdk/jre/lib/jce.jar:/usr/lib/jvm/java-1.8-openjdk/jre/lib/charsets.jar:/usr/lib/jvm/java-1.8-openjdk/jre/lib/jfr.jar:/usr/lib/jvm/java-1.8-openjdk/jre/classes"/>
    <property name="sun.management.compiler" value="HotSpot 64-Bit Tiered Compilers"/>
    <property name="java.runtime.version" value="1.8.0_212-b04"/>
    <property name="java.net.preferIPv4Stack" value="true"/>
    <property name="user.name" value="jenkins1000"/>
    <property name="path.separator" value=":"/>
    <property name="java.security.egd" value="file:///dev/urandom"/>
    <property name="os.version" value="3.10.0-957.12.2.el7.x86_64"/>
    <property name="java.endorsed.dirs" value="/usr/lib/jvm/java-1.8-openjdk/jre/lib/endorsed"/>
    <property name="java.runtime.name" value="OpenJDK Runtime Environment"/>
    <property name="file.encoding" value="UTF-8"/>
    <property name="java.vm.name" value="OpenJDK 64-Bit Server VM"/>
    <property name="test.build.webapps" value=""/>
    <property name="localRepository" value="/home/user/.m2/repository"/>
    <property name="java.vendor.url.bug" value="https://icedtea.classpath.org/bugzilla"/>
    <property name="java.io.tmpdir" value="/tmp"/>
    <property name="require.test.libhadoop" value=""/>
    <property name="java.version" value="1.8.0_212"/>
    <property name="user.dir" value="/workdir/hadoop-ozone/integration-test"/>
    <property name="os.arch" value="amd64"/>
    <property name="java.vm.specification.name" value="Java Virtual Machine Specification"/>
    <property name="test.build.classes" value="/workdir/hadoop-ozone/integration-test/target/test-classes"/>
    <property name="java.awt.printerjob" value="sun.print.PSPrinterJob"/>
    <property name="sun.os.patch.level" value="unknown"/>
    <property name="hadoop.tmp.dir" value="/workdir/hadoop-ozone/integration-test/target/tmp"/>
    <property name="java.library.path" value="/usr/lib/jvm/java-1.8-openjdk/jre/lib/amd64/server:/usr/lib/jvm/java-1.8-openjdk/jre/lib/amd64:/usr/lib/jvm/java-1.8-openjdk/jre/../lib/amd64:/workdir/hadoop-ozone/integration-test/target/native/target/usr/local/lib:/workdir/hadoop-ozone/integration-test/../../hadoop-common-project/hadoop-common/target/native/target/usr/local/lib:/usr/java/packages/lib/amd64:/usr/lib64:/lib64:/lib:/usr/lib"/>
    <property name="java.vm.info" value="mixed mode"/>
    <property name="java.vendor" value="IcedTea"/>
    <property name="java.vm.version" value="25.212-b04"/>
    <property name="java.ext.dirs" value="/usr/lib/jvm/java-1.8-openjdk/jre/lib/ext:/usr/java/packages/lib/ext"/>
    <property name="sun.io.unicode.encoding" value="UnicodeLittle"/>
    <property name="java.class.version" value="52.0"/>
  </properties>
  <testcase name="testReleaseBuffers" classname="org.apache.hadoop.ozone.client.rpc.TestCommitWatcher" time="5.901"/>
  <testcase name="testReleaseBuffersOnException" classname="org.apache.hadoop.ozone.client.rpc.TestCommitWatcher" time="10.518">
    <failure type="java.lang.AssertionError">java.lang.AssertionError
	at org.junit.Assert.fail(Assert.java:86)
	at org.junit.Assert.assertTrue(Assert.java:41)
	at org.junit.Assert.assertTrue(Assert.java:52)
	at org.apache.hadoop.ozone.client.rpc.TestCommitWatcher.testReleaseBuffersOnException(TestCommitWatcher.java:284)
	at sun.reflect.NativeMethodAccessorImpl.invoke0(Native Method)
	at sun.reflect.NativeMethodAccessorImpl.invoke(NativeMethodAccessorImpl.java:62)
	at sun.reflect.DelegatingMethodAccessorImpl.invoke(DelegatingMethodAccessorImpl.java:43)
	at java.lang.reflect.Method.invoke(Method.java:498)
	at org.junit.runners.model.FrameworkMethod$1.runReflectiveCall(FrameworkMethod.java:47)
	at org.junit.internal.runners.model.ReflectiveCallable.run(ReflectiveCallable.java:12)
	at org.junit.runners.model.FrameworkMethod.invokeExplosively(FrameworkMethod.java:44)
	at org.junit.internal.runners.statements.InvokeMethod.evaluate(InvokeMethod.java:17)
	at org.junit.runners.ParentRunner.runLeaf(ParentRunner.java:271)
	at org.junit.runners.BlockJUnit4ClassRunner.runChild(BlockJUnit4ClassRunner.java:70)
	at org.junit.runners.BlockJUnit4ClassRunner.runChild(BlockJUnit4ClassRunner.java:50)
	at org.junit.runners.ParentRunner$3.run(ParentRunner.java:238)
	at org.junit.runners.ParentRunner$1.schedule(ParentRunner.java:63)
	at org.junit.runners.ParentRunner.runChildren(ParentRunner.java:236)
	at org.junit.runners.ParentRunner.access$000(ParentRunner.java:53)
	at org.junit.runners.ParentRunner$2.evaluate(ParentRunner.java:229)
	at org.junit.internal.runners.statements.RunBefores.evaluate(RunBefores.java:26)
	at org.junit.internal.runners.statements.RunAfters.evaluate(RunAfters.java:27)
	at org.junit.runners.ParentRunner.run(ParentRunner.java:309)
	at org.apache.maven.surefire.junit4.JUnit4Provider.execute(JUnit4Provider.java:365)
	at org.apache.maven.surefire.junit4.JUnit4Provider.executeWithRerun(JUnit4Provider.java:273)
	at org.apache.maven.surefire.junit4.JUnit4Provider.executeTestSet(JUnit4Provider.java:238)
	at org.apache.maven.surefire.junit4.JUnit4Provider.invoke(JUnit4Provider.java:159)
	at org.apache.maven.surefire.booter.ForkedBooter.invokeProviderInSameClassLoader(ForkedBooter.java:384)
	at org.apache.maven.surefire.booter.ForkedBooter.runSuitesInProcess(ForkedBooter.java:345)
	at org.apache.maven.surefire.booter.ForkedBooter.execute(ForkedBooter.java:126)
	at org.apache.maven.surefire.booter.ForkedBooter.main(ForkedBooter.java:418)
</failure>
    <system-out><![CDATA[2019-08-28 06:43:01,254 | INFO  | SCMAudit | user=jenkins1000 | ip=192.168.34.10 | op=SEND_HEARTBEAT {datanodeUUID=1ebc5357-9897-44dd-bae5-705605dffefb, command=[]} | ret=SUCCESS |  
2019-08-28 06:43:01,257 | INFO  | DNAudit | user=null | ip=null | op=WRITE_CHUNK {blockData=conID: 2 locID: 1566974581145 bcsId: 0} | ret=SUCCESS |  
2019-08-28 06:43:01,276 | INFO  | SCMAudit | user=jenkins1000 | ip=192.168.34.10 | op=SEND_HEARTBEAT {datanodeUUID=fd558ee0-c167-4461-88f0-c23d9be59ed1, command=[]} | ret=SUCCESS |  
2019-08-28 06:43:01,276 | INFO  | SCMAudit | user=jenkins1000 | ip=192.168.34.10 | op=SEND_HEARTBEAT {datanodeUUID=87001a2a-d088-458b-b8dd-e1169d0ac57f, command=[]} | ret=SUCCESS |  
2019-08-28 06:43:01,279 | INFO  | DNAudit | user=null | ip=null | op=WRITE_CHUNK {blockData=conID: 2 locID: 1566974581145 bcsId: 0} | ret=SUCCESS |  
2019-08-28 06:43:01,280 | INFO  | DNAudit | user=null | ip=null | op=WRITE_CHUNK {blockData=conID: 2 locID: 1566974581145 bcsId: 0} | ret=SUCCESS |  
2019-08-28 06:43:01,295 | INFO  | DNAudit | user=null | ip=null | op=WRITE_CHUNK {blockData=conID: 2 locID: 1566974581145 bcsId: 0} | ret=SUCCESS |  
2019-08-28 06:43:01,306 [grpc-default-executor-3] INFO  client.GrpcClientProtocolClient (GrpcClientProtocolClient.java:onNext(255)) - client-2913D8DA0D36->1ebc5357-9897-44dd-bae5-705605dffefb: receive RaftClientReply:client-2913D8DA0D36->1ebc5357-9897-44dd-bae5-705605dffefb@group-0B62CE20A48A, cid=17, SUCCESS, logIndex=1, commits[1ebc5357-9897-44dd-bae5-705605dffefb:c1, fd558ee0-c167-4461-88f0-c23d9be59ed1:c0, 87001a2a-d088-458b-b8dd-e1169d0ac57f:c0]
2019-08-28 06:43:01,313 | INFO  | DNAudit | user=null | ip=null | op=WRITE_CHUNK {blockData=conID: 2 locID: 1566974581145 bcsId: 0} | ret=SUCCESS |  
2019-08-28 06:43:01,313 | INFO  | DNAudit | user=null | ip=null | op=WRITE_CHUNK {blockData=conID: 2 locID: 1566974581145 bcsId: 0} | ret=SUCCESS |  
2019-08-28 06:43:01,326 [pool-70-thread-5] WARN  impl.ChunkManagerImpl (ChunkUtils.java:validateChunkForOverwrite(218)) - Duplicate write chunk request. Chunk overwrite without explicit request. ChunkInfo{chunkName='1566974581145.data.0, offset=0, len=1048576}
2019-08-28 06:43:01,327 [pool-70-thread-5] WARN  impl.ChunkManagerImpl (ChunkManagerImpl.java:writeChunk(111)) - ChunkFile already exists/workdir/hadoop-ozone/integration-test/target/test-dir/MiniOzoneClusterImpl-268fcbd7-3552-4aa4-acc5-68147e8c94c7/datanode-4/data/containers/hdds/1c1961c8-d8c4-41e4-8b7b-3fc97fe7d3e2/current/containerDir0/2/chunks/1566974581145.data.0.Deleting it.
2019-08-28 06:43:01,330 | INFO  | DNAudit | user=null | ip=null | op=WRITE_CHUNK {blockData=conID: 2 locID: 1566974581145 bcsId: 0} | ret=SUCCESS |  
2019-08-28 06:43:01,340 [pool-81-thread-2] WARN  impl.ChunkManagerImpl (ChunkUtils.java:validateChunkForOverwrite(218)) - Duplicate write chunk request. Chunk overwrite without explicit request. ChunkInfo{chunkName='1566974581145.data.0, offset=0, len=1048576}
2019-08-28 06:43:01,340 [pool-81-thread-2] WARN  impl.ChunkManagerImpl (ChunkManagerImpl.java:writeChunk(111)) - ChunkFile already exists/workdir/hadoop-ozone/integration-test/target/test-dir/MiniOzoneClusterImpl-268fcbd7-3552-4aa4-acc5-68147e8c94c7/datanode-5/data/containers/hdds/1c1961c8-d8c4-41e4-8b7b-3fc97fe7d3e2/current/containerDir0/2/chunks/1566974581145.data.0.Deleting it.
2019-08-28 06:43:01,341 [pool-37-thread-2] WARN  impl.ChunkManagerImpl (ChunkUtils.java:validateChunkForOverwrite(218)) - Duplicate write chunk request. Chunk overwrite without explicit request. ChunkInfo{chunkName='1566974581145.data.0, offset=0, len=1048576}
2019-08-28 06:43:01,341 [pool-37-thread-2] WARN  impl.ChunkManagerImpl (ChunkManagerImpl.java:writeChunk(111)) - ChunkFile already exists/workdir/hadoop-ozone/integration-test/target/test-dir/MiniOzoneClusterImpl-268fcbd7-3552-4aa4-acc5-68147e8c94c7/datanode-1/data/containers/hdds/1c1961c8-d8c4-41e4-8b7b-3fc97fe7d3e2/current/containerDir0/2/chunks/1566974581145.data.0.Deleting it.
2019-08-28 06:43:01,344 | INFO  | DNAudit | user=null | ip=null | op=WRITE_CHUNK {blockData=conID: 2 locID: 1566974581145 bcsId: 0} | ret=SUCCESS |  
2019-08-28 06:43:01,344 | INFO  | DNAudit | user=null | ip=null | op=WRITE_CHUNK {blockData=conID: 2 locID: 1566974581145 bcsId: 0} | ret=SUCCESS |  
2019-08-28 06:43:01,376 | INFO  | DNAudit | user=null | ip=null | op=PUT_BLOCK {blockData=[blockId=conID: 2 locID: 1566974581145 bcsId: 0,size=1048576]} | ret=SUCCESS |  
2019-08-28 06:43:01,378 | INFO  | DNAudit | user=null | ip=null | op=WRITE_CHUNK {blockData=conID: 2 locID: 1566974581145 bcsId: 0} | ret=SUCCESS |  
2019-08-28 06:43:01,379 [grpc-default-executor-0] INFO  client.GrpcClientProtocolClient (GrpcClientProtocolClient.java:onNext(255)) - client-2913D8DA0D36->1ebc5357-9897-44dd-bae5-705605dffefb: receive RaftClientReply:client-2913D8DA0D36->1ebc5357-9897-44dd-bae5-705605dffefb@group-0B62CE20A48A, cid=18, SUCCESS, logIndex=3, commits[1ebc5357-9897-44dd-bae5-705605dffefb:c8, fd558ee0-c167-4461-88f0-c23d9be59ed1:c6, 87001a2a-d088-458b-b8dd-e1169d0ac57f:c6]
2019-08-28 06:43:01,384 [grpc-default-executor-0] INFO  client.GrpcClientProtocolClient (GrpcClientProtocolClient.java:onNext(255)) - client-2913D8DA0D36->1ebc5357-9897-44dd-bae5-705605dffefb: receive RaftClientReply:client-2913D8DA0D36->1ebc5357-9897-44dd-bae5-705605dffefb@group-0B62CE20A48A, cid=19, SUCCESS, logIndex=4, commits[1ebc5357-9897-44dd-bae5-705605dffefb:c8, fd558ee0-c167-4461-88f0-c23d9be59ed1:c6, 87001a2a-d088-458b-b8dd-e1169d0ac57f:c6]
2019-08-28 06:43:01,409 | INFO  | DNAudit | user=null | ip=null | op=PUT_BLOCK {blockData=[blockId=conID: 2 locID: 1566974581145 bcsId: 0,size=1048576]} | ret=SUCCESS |  
2019-08-28 06:43:01,410 | INFO  | DNAudit | user=null | ip=null | op=WRITE_CHUNK {blockData=conID: 2 locID: 1566974581145 bcsId: 0} | ret=SUCCESS |  
2019-08-28 06:43:01,428 | INFO  | DNAudit | user=null | ip=null | op=PUT_BLOCK {blockData=[blockId=conID: 2 locID: 1566974581145 bcsId: 0,size=1048576]} | ret=SUCCESS |  
2019-08-28 06:43:01,428 | INFO  | DNAudit | user=null | ip=null | op=PUT_BLOCK {blockData=[blockId=conID: 2 locID: 1566974581145 bcsId: 0,size=1048576]} | ret=SUCCESS |  
2019-08-28 06:43:01,428 | INFO  | DNAudit | user=null | ip=null | op=PUT_BLOCK {blockData=[blockId=conID: 2 locID: 1566974581145 bcsId: 0,size=1048576]} | ret=SUCCESS |  
2019-08-28 06:43:01,429 | INFO  | DNAudit | user=null | ip=null | op=WRITE_CHUNK {blockData=conID: 2 locID: 1566974581145 bcsId: 0} | ret=SUCCESS |  
2019-08-28 06:43:01,430 [grpc-default-executor-0] INFO  client.GrpcClientProtocolClient (GrpcClientProtocolClient.java:onNext(255)) - client-2913D8DA0D36->1ebc5357-9897-44dd-bae5-705605dffefb: receive RaftClientReply:client-2913D8DA0D36->1ebc5357-9897-44dd-bae5-705605dffefb@group-0B62CE20A48A, cid=20, SUCCESS, logIndex=5, commits[1ebc5357-9897-44dd-bae5-705605dffefb:c8, fd558ee0-c167-4461-88f0-c23d9be59ed1:c6, 87001a2a-d088-458b-b8dd-e1169d0ac57f:c6]
2019-08-28 06:43:01,430 | INFO  | DNAudit | user=null | ip=null | op=PUT_BLOCK {blockData=[blockId=conID: 2 locID: 1566974581145 bcsId: 0,size=1048576]} | ret=SUCCESS |  
2019-08-28 06:43:01,433 [main] INFO  datanode.ObjectStoreHandler (ObjectStoreHandler.java:close(155)) - Closing ObjectStoreHandler.
2019-08-28 06:43:01,434 [main] INFO  ozone.HddsDatanodeService (HddsDatanodeService.java:stop(451)) - Stopped plug-in org.apache.hadoop.ozone.web.OzoneHddsDatanodeService@6818fd48
2019-08-28 06:43:01,817 | INFO  | SCMAudit | user=jenkins1000 | ip=192.168.34.10 | op=SEND_HEARTBEAT {datanodeUUID=d6c6df90-8e6c-4438-939f-ab4e1a8ddeca, command=[]} | ret=SUCCESS |  
2019-08-28 06:43:01,903 | INFO  | SCMAudit | user=jenkins1000 | ip=192.168.34.10 | op=SEND_HEARTBEAT {datanodeUUID=f402736c-8a74-41e9-baf5-a63358b0e3b6, command=[]} | ret=SUCCESS |  
2019-08-28 06:43:01,907 | INFO  | SCMAudit | user=jenkins1000 | ip=192.168.34.10 | op=SEND_HEARTBEAT {datanodeUUID=59817e75-665f-4a6e-98d1-6dde4205dcbd, command=[]} | ret=SUCCESS |  
2019-08-28 06:43:02,096 | INFO  | SCMAudit | user=jenkins1000 | ip=192.168.34.10 | op=SEND_HEARTBEAT {datanodeUUID=df374b71-eb63-4e77-b335-c5992d602871, command=[]} | ret=SUCCESS |  
2019-08-28 06:43:02,252 [Datanode State Machine Thread - 0] INFO  statemachine.DatanodeStateMachine (DatanodeStateMachine.java:lambda$startDaemon$0(350)) - Ozone container server started.
2019-08-28 06:43:02,274 | INFO  | SCMAudit | user=jenkins1000 | ip=192.168.34.10 | op=SEND_HEARTBEAT {datanodeUUID=fd558ee0-c167-4461-88f0-c23d9be59ed1, command=[]} | ret=SUCCESS |  
2019-08-28 06:43:02,275 | INFO  | SCMAudit | user=jenkins1000 | ip=192.168.34.10 | op=SEND_HEARTBEAT {datanodeUUID=87001a2a-d088-458b-b8dd-e1169d0ac57f, command=[]} | ret=SUCCESS |  
2019-08-28 06:43:02,817 | INFO  | SCMAudit | user=jenkins1000 | ip=192.168.34.10 | op=SEND_HEARTBEAT {datanodeUUID=d6c6df90-8e6c-4438-939f-ab4e1a8ddeca, command=[]} | ret=SUCCESS |  
2019-08-28 06:43:02,905 | INFO  | SCMAudit | user=jenkins1000 | ip=192.168.34.10 | op=SEND_HEARTBEAT {datanodeUUID=f402736c-8a74-41e9-baf5-a63358b0e3b6, command=[]} | ret=SUCCESS |  
2019-08-28 06:43:02,906 | INFO  | SCMAudit | user=jenkins1000 | ip=192.168.34.10 | op=SEND_HEARTBEAT {datanodeUUID=59817e75-665f-4a6e-98d1-6dde4205dcbd, command=[]} | ret=SUCCESS |  
2019-08-28 06:43:03,096 | INFO  | SCMAudit | user=jenkins1000 | ip=192.168.34.10 | op=SEND_HEARTBEAT {datanodeUUID=df374b71-eb63-4e77-b335-c5992d602871, command=[]} | ret=SUCCESS |  
2019-08-28 06:43:03,276 | INFO  | SCMAudit | user=jenkins1000 | ip=192.168.34.10 | op=SEND_HEARTBEAT {datanodeUUID=fd558ee0-c167-4461-88f0-c23d9be59ed1, command=[]} | ret=SUCCESS |  
2019-08-28 06:43:03,276 | INFO  | SCMAudit | user=jenkins1000 | ip=192.168.34.10 | op=SEND_HEARTBEAT {datanodeUUID=87001a2a-d088-458b-b8dd-e1169d0ac57f, command=[]} | ret=SUCCESS |  
2019-08-28 06:43:03,817 | INFO  | SCMAudit | user=jenkins1000 | ip=192.168.34.10 | op=SEND_HEARTBEAT {datanodeUUID=d6c6df90-8e6c-4438-939f-ab4e1a8ddeca, command=[]} | ret=SUCCESS |  
2019-08-28 06:43:03,904 | INFO  | SCMAudit | user=jenkins1000 | ip=192.168.34.10 | op=SEND_HEARTBEAT {datanodeUUID=f402736c-8a74-41e9-baf5-a63358b0e3b6, command=[]} | ret=SUCCESS |  
2019-08-28 06:43:03,907 | INFO  | SCMAudit | user=jenkins1000 | ip=192.168.34.10 | op=SEND_HEARTBEAT {datanodeUUID=59817e75-665f-4a6e-98d1-6dde4205dcbd, command=[]} | ret=SUCCESS |  
2019-08-28 06:43:04,096 | INFO  | SCMAudit | user=jenkins1000 | ip=192.168.34.10 | op=SEND_HEARTBEAT {datanodeUUID=df374b71-eb63-4e77-b335-c5992d602871, command=[]} | ret=SUCCESS |  
2019-08-28 06:43:04,269 [EventQueue-StaleNodeForStaleNodeHandler] INFO  node.StaleNodeHandler (StaleNodeHandler.java:onMessage(58)) - Datanode 1ebc5357-9897-44dd-bae5-705605dffefb{ip: 192.168.34.10, host: pr-hdds-1783-trunk-8fbk5-3374829961, networkLocation: /default-rack, certSerialId: null} moved to stale state. Finalizing its pipelines [PipelineID=235f2478-1ed9-4350-93f1-a1f4084f10af, PipelineID=8071c284-c9e4-4d11-ad27-0b62ce20a48a]
2019-08-28 06:43:04,269 [EventQueue-StaleNodeForStaleNodeHandler] INFO  pipeline.SCMPipelineManager (SCMPipelineManager.java:finalizeAndDestroyPipeline(309)) - destroying pipeline:Pipeline[ Id: 235f2478-1ed9-4350-93f1-a1f4084f10af, Nodes: 1ebc5357-9897-44dd-bae5-705605dffefb{ip: 192.168.34.10, host: pr-hdds-1783-trunk-8fbk5-3374829961, networkLocation: /default-rack, certSerialId: null}, Type:RATIS, Factor:ONE, State:OPEN]
2019-08-28 06:43:04,271 [EventQueue-StaleNodeForStaleNodeHandler] INFO  pipeline.PipelineStateManager (PipelineStateManager.java:finalizePipeline(123)) - Pipeline Pipeline[ Id: 235f2478-1ed9-4350-93f1-a1f4084f10af, Nodes: 1ebc5357-9897-44dd-bae5-705605dffefb{ip: 192.168.34.10, host: pr-hdds-1783-trunk-8fbk5-3374829961, networkLocation: /default-rack, certSerialId: null}, Type:RATIS, Factor:ONE, State:CLOSED] moved to CLOSED state
2019-08-28 06:43:04,273 [EventQueue-StaleNodeForStaleNodeHandler] INFO  pipeline.SCMPipelineManager (SCMPipelineManager.java:finalizeAndDestroyPipeline(309)) - destroying pipeline:Pipeline[ Id: 8071c284-c9e4-4d11-ad27-0b62ce20a48a, Nodes: 1ebc5357-9897-44dd-bae5-705605dffefb{ip: 192.168.34.10, host: pr-hdds-1783-trunk-8fbk5-3374829961, networkLocation: /default-rack, certSerialId: null}87001a2a-d088-458b-b8dd-e1169d0ac57f{ip: 192.168.34.10, host: pr-hdds-1783-trunk-8fbk5-3374829961, networkLocation: /default-rack, certSerialId: null}fd558ee0-c167-4461-88f0-c23d9be59ed1{ip: 192.168.34.10, host: pr-hdds-1783-trunk-8fbk5-3374829961, networkLocation: /default-rack, certSerialId: null}, Type:RATIS, Factor:THREE, State:OPEN]
2019-08-28 06:43:04,273 [EventQueue-StaleNodeForStaleNodeHandler] INFO  pipeline.PipelineStateManager (PipelineStateManager.java:finalizePipeline(123)) - Pipeline Pipeline[ Id: 8071c284-c9e4-4d11-ad27-0b62ce20a48a, Nodes: 1ebc5357-9897-44dd-bae5-705605dffefb{ip: 192.168.34.10, host: pr-hdds-1783-trunk-8fbk5-3374829961, networkLocation: /default-rack, certSerialId: null}87001a2a-d088-458b-b8dd-e1169d0ac57f{ip: 192.168.34.10, host: pr-hdds-1783-trunk-8fbk5-3374829961, networkLocation: /default-rack, certSerialId: null}fd558ee0-c167-4461-88f0-c23d9be59ed1{ip: 192.168.34.10, host: pr-hdds-1783-trunk-8fbk5-3374829961, networkLocation: /default-rack, certSerialId: null}, Type:RATIS, Factor:THREE, State:CLOSED] moved to CLOSED state
2019-08-28 06:43:04,274 [EventQueue-CloseContainerForCloseContainerEventHandler] INFO  container.CloseContainerEventHandler (CloseContainerEventHandler.java:onMessage(61)) - Close container Event triggered for container : #2
2019-08-28 06:43:04,277 | INFO  | SCMAudit | user=jenkins1000 | ip=192.168.34.10 | op=SEND_HEARTBEAT {datanodeUUID=87001a2a-d088-458b-b8dd-e1169d0ac57f, command=[]} | ret=SUCCESS |  
2019-08-28 06:43:04,277 | INFO  | SCMAudit | user=jenkins1000 | ip=192.168.34.10 | op=SEND_HEARTBEAT {datanodeUUID=fd558ee0-c167-4461-88f0-c23d9be59ed1, command=[]} | ret=SUCCESS |  
2019-08-28 06:43:04,817 | INFO  | SCMAudit | user=jenkins1000 | ip=192.168.34.10 | op=SEND_HEARTBEAT {datanodeUUID=d6c6df90-8e6c-4438-939f-ab4e1a8ddeca, command=[]} | ret=SUCCESS |  
2019-08-28 06:43:04,904 | INFO  | SCMAudit | user=jenkins1000 | ip=192.168.34.10 | op=SEND_HEARTBEAT {datanodeUUID=f402736c-8a74-41e9-baf5-a63358b0e3b6, command=[]} | ret=SUCCESS |  
2019-08-28 06:43:04,908 | INFO  | SCMAudit | user=jenkins1000 | ip=192.168.34.10 | op=SEND_HEARTBEAT {datanodeUUID=59817e75-665f-4a6e-98d1-6dde4205dcbd, command=[]} | ret=SUCCESS |  
2019-08-28 06:43:05,097 | INFO  | SCMAudit | user=jenkins1000 | ip=192.168.34.10 | op=SEND_HEARTBEAT {datanodeUUID=df374b71-eb63-4e77-b335-c5992d602871, command=[]} | ret=SUCCESS |  
2019-08-28 06:43:05,315 | INFO  | SCMAudit | user=jenkins1000 | ip=192.168.34.10 | op=SEND_HEARTBEAT {datanodeUUID=fd558ee0-c167-4461-88f0-c23d9be59ed1, command=[commandType: closeContainerCommand closeContainerCommandProto { containerID: 2 pipelineID { id: "8071c284-c9e4-4d11-ad27-0b62ce20a48a" } cmdId: 2 force: false } ]} | ret=SUCCESS |  
2019-08-28 06:43:05,315 | INFO  | SCMAudit | user=jenkins1000 | ip=192.168.34.10 | op=SEND_HEARTBEAT {datanodeUUID=87001a2a-d088-458b-b8dd-e1169d0ac57f, command=[commandType: closeContainerCommand closeContainerCommandProto { containerID: 2 pipelineID { id: "8071c284-c9e4-4d11-ad27-0b62ce20a48a" } cmdId: 2 force: false } ]} | ret=SUCCESS |  
2019-08-28 06:43:05,818 | INFO  | SCMAudit | user=jenkins1000 | ip=192.168.34.10 | op=SEND_HEARTBEAT {datanodeUUID=d6c6df90-8e6c-4438-939f-ab4e1a8ddeca, command=[]} | ret=SUCCESS |  
2019-08-28 06:43:05,904 | INFO  | SCMAudit | user=jenkins1000 | ip=192.168.34.10 | op=SEND_HEARTBEAT {datanodeUUID=f402736c-8a74-41e9-baf5-a63358b0e3b6, command=[]} | ret=SUCCESS |  
2019-08-28 06:43:05,907 | INFO  | SCMAudit | user=jenkins1000 | ip=192.168.34.10 | op=SEND_HEARTBEAT {datanodeUUID=59817e75-665f-4a6e-98d1-6dde4205dcbd, command=[]} | ret=SUCCESS |  
2019-08-28 06:43:06,097 | INFO  | SCMAudit | user=jenkins1000 | ip=192.168.34.10 | op=SEND_HEARTBEAT {datanodeUUID=df374b71-eb63-4e77-b335-c5992d602871, command=[]} | ret=SUCCESS |  
2019-08-28 06:43:06,278 | INFO  | SCMAudit | user=jenkins1000 | ip=192.168.34.10 | op=SEND_HEARTBEAT {datanodeUUID=87001a2a-d088-458b-b8dd-e1169d0ac57f, command=[]} | ret=SUCCESS |  
2019-08-28 06:43:06,278 | INFO  | SCMAudit | user=jenkins1000 | ip=192.168.34.10 | op=SEND_HEARTBEAT {datanodeUUID=fd558ee0-c167-4461-88f0-c23d9be59ed1, command=[]} | ret=SUCCESS |  
2019-08-28 06:43:06,297 | INFO  | SCMAudit | user=jenkins1000 | ip=192.168.34.10 | op=SEND_HEARTBEAT {datanodeUUID=fd558ee0-c167-4461-88f0-c23d9be59ed1, command=[]} | ret=SUCCESS |  
2019-08-28 06:43:06,297 | INFO  | SCMAudit | user=jenkins1000 | ip=192.168.34.10 | op=SEND_HEARTBEAT {datanodeUUID=87001a2a-d088-458b-b8dd-e1169d0ac57f, command=[]} | ret=SUCCESS |  
2019-08-28 06:43:06,436 [main] INFO  ozoneimpl.OzoneContainer (OzoneContainer.java:stop(199)) - Attempting to stop container services.
2019-08-28 06:43:06,450 [main] INFO  impl.RaftServerProxy (RaftServerProxy.java:lambda$close$4(314)) - 1ebc5357-9897-44dd-bae5-705605dffefb: close
2019-08-28 06:43:06,452 [main] INFO  impl.RaftServerImpl (RaftServerImpl.java:lambda$shutdown$3(245)) - 1ebc5357-9897-44dd-bae5-705605dffefb: shutdown group-A1F4084F10AF
2019-08-28 06:43:06,453 [main] INFO  util.JmxRegister (JmxRegister.java:unregister(73)) - Successfully un-registered JMX Bean with object name Ratis:service=RaftServer,group=group-A1F4084F10AF,id=1ebc5357-9897-44dd-bae5-705605dffefb
2019-08-28 06:43:06,453 [main] INFO  impl.RoleInfo (RoleInfo.java:shutdownLeaderState(104)) - 1ebc5357-9897-44dd-bae5-705605dffefb: shutdown LeaderState
2019-08-28 06:43:06,454 [main] INFO  impl.PendingRequests (PendingRequests.java:sendNotLeaderResponses(202)) - 1ebc5357-9897-44dd-bae5-705605dffefb-PendingRequests: sendNotLeaderResponses
2019-08-28 06:43:06,456 [main] INFO  impl.StateMachineUpdater (StateMachineUpdater.java:stopAndJoin(115)) - StateMachineUpdater:1ebc5357-9897-44dd-bae5-705605dffefb:group-A1F4084F10AF: set stopIndex = 0
2019-08-28 06:43:06,465 [main] INFO  impl.RaftServerImpl (ServerState.java:close(394)) - 1ebc5357-9897-44dd-bae5-705605dffefb:group-A1F4084F10AF closes. The last applied log index is 0
2019-08-28 06:43:06,469 [1ebc5357-9897-44dd-bae5-705605dffefb-SegmentedRaftLogWorker:Storage Directory /workdir/hadoop-ozone/integration-test/target/test-dir/MiniOzoneClusterImpl-268fcbd7-3552-4aa4-acc5-68147e8c94c7/datanode-4/data/ratis/235f2478-1ed9-4350-93f1-a1f4084f10af] INFO  segmented.SegmentedRaftLogWorker (SegmentedRaftLogWorker.java:run(313)) - 1ebc5357-9897-44dd-bae5-705605dffefb-SegmentedRaftLogWorker:Storage Directory /workdir/hadoop-ozone/integration-test/target/test-dir/MiniOzoneClusterImpl-268fcbd7-3552-4aa4-acc5-68147e8c94c7/datanode-4/data/ratis/235f2478-1ed9-4350-93f1-a1f4084f10af was interrupted, exiting. There are 0 tasks remaining in the queue.
2019-08-28 06:43:06,471 [main] INFO  segmented.SegmentedRaftLogWorker (SegmentedRaftLogWorker.java:close(228)) - 1ebc5357-9897-44dd-bae5-705605dffefb-SegmentedRaftLogWorker:Storage Directory /workdir/hadoop-ozone/integration-test/target/test-dir/MiniOzoneClusterImpl-268fcbd7-3552-4aa4-acc5-68147e8c94c7/datanode-4/data/ratis/235f2478-1ed9-4350-93f1-a1f4084f10af close()
2019-08-28 06:43:06,475 [main] INFO  impl.RaftServerImpl (RaftServerImpl.java:lambda$shutdown$3(245)) - 1ebc5357-9897-44dd-bae5-705605dffefb: shutdown group-0B62CE20A48A
2019-08-28 06:43:06,475 [main] INFO  util.JmxRegister (JmxRegister.java:unregister(73)) - Successfully un-registered JMX Bean with object name Ratis:service=RaftServer,group=group-0B62CE20A48A,id=1ebc5357-9897-44dd-bae5-705605dffefb
2019-08-28 06:43:06,475 [main] INFO  impl.RoleInfo (RoleInfo.java:shutdownLeaderState(104)) - 1ebc5357-9897-44dd-bae5-705605dffefb: shutdown LeaderState
2019-08-28 06:43:06,479 [org.apache.ratis.server.impl.LogAppender$AppenderDaemon$$Lambda$466/1091869133@66c20c0f] WARN  server.GrpcLogAppender (GrpcLogAppender.java:mayWait(143)) - GrpcLogAppender(1ebc5357-9897-44dd-bae5-705605dffefb->fd558ee0-c167-4461-88f0-c23d9be59ed1): Wait interrupted by java.lang.InterruptedException
2019-08-28 06:43:06,479 [main] INFO  impl.PendingRequests (PendingRequests.java:sendNotLeaderResponses(202)) - 1ebc5357-9897-44dd-bae5-705605dffefb-PendingRequests: sendNotLeaderResponses
2019-08-28 06:43:06,479 [org.apache.ratis.server.impl.LogAppender$AppenderDaemon$$Lambda$466/1091869133@3cdb05de] WARN  server.GrpcLogAppender (GrpcLogAppender.java:mayWait(143)) - GrpcLogAppender(1ebc5357-9897-44dd-bae5-705605dffefb->87001a2a-d088-458b-b8dd-e1169d0ac57f): Wait interrupted by java.lang.InterruptedException
2019-08-28 06:43:06,486 [grpc-default-executor-3] INFO  server.GrpcServerProtocolService (GrpcServerProtocolService.java:onCompleted(104)) - 87001a2a-d088-458b-b8dd-e1169d0ac57f: appendEntries completed
2019-08-28 06:43:06,486 [grpc-default-executor-0] INFO  server.GrpcServerProtocolService (GrpcServerProtocolService.java:onCompleted(104)) - fd558ee0-c167-4461-88f0-c23d9be59ed1: appendEntries completed
2019-08-28 06:43:06,491 [grpc-default-executor-3] INFO  server.GrpcLogAppender (GrpcLogAppender.java:onCompleted(292)) - 1ebc5357-9897-44dd-bae5-705605dffefb->fd558ee0-c167-4461-88f0-c23d9be59ed1: follower responses appendEntries COMPLETED
2019-08-28 06:43:06,491 [grpc-default-executor-0] INFO  server.GrpcLogAppender (GrpcLogAppender.java:onCompleted(292)) - 1ebc5357-9897-44dd-bae5-705605dffefb->87001a2a-d088-458b-b8dd-e1169d0ac57f: follower responses appendEntries COMPLETED
2019-08-28 06:43:06,500 [main] INFO  impl.StateMachineUpdater (StateMachineUpdater.java:stopAndJoin(115)) - StateMachineUpdater:1ebc5357-9897-44dd-bae5-705605dffefb:group-0B62CE20A48A: set stopIndex = 8
2019-08-28 06:43:06,502 [StateMachineUpdater:1ebc5357-9897-44dd-bae5-705605dffefb:group-0B62CE20A48A] INFO  ratis.ContainerStateMachine (ContainerStateMachine.java:takeSnapshot(283)) - group-0B62CE20A48A: Taking a snapshot at:(t:1, i:8) file /workdir/hadoop-ozone/integration-test/target/test-dir/MiniOzoneClusterImpl-268fcbd7-3552-4aa4-acc5-68147e8c94c7/datanode-4/data/ratis/8071c284-c9e4-4d11-ad27-0b62ce20a48a/sm/snapshot.1_8
2019-08-28 06:43:06,500 [grpc-default-executor-0] INFO  impl.FollowerInfo (FollowerInfo.java:lambda$new$0(50)) - 1ebc5357-9897-44dd-bae5-705605dffefb->87001a2a-d088-458b-b8dd-e1169d0ac57f: nextIndex: updateUnconditionally 9 -> 8
2019-08-28 06:43:06,500 [grpc-default-executor-3] INFO  impl.FollowerInfo (FollowerInfo.java:lambda$new$0(50)) - 1ebc5357-9897-44dd-bae5-705605dffefb->fd558ee0-c167-4461-88f0-c23d9be59ed1: nextIndex: updateUnconditionally 9 -> 8
2019-08-28 06:43:06,527 [StateMachineUpdater:1ebc5357-9897-44dd-bae5-705605dffefb:group-0B62CE20A48A] INFO  ratis.ContainerStateMachine (ContainerStateMachine.java:takeSnapshot(294)) - group-0B62CE20A48A: Finished taking a snapshot at:(t:1, i:8) file:/workdir/hadoop-ozone/integration-test/target/test-dir/MiniOzoneClusterImpl-268fcbd7-3552-4aa4-acc5-68147e8c94c7/datanode-4/data/ratis/8071c284-c9e4-4d11-ad27-0b62ce20a48a/sm/snapshot.1_8 time:26
2019-08-28 06:43:06,527 [StateMachineUpdater:1ebc5357-9897-44dd-bae5-705605dffefb:group-0B62CE20A48A] INFO  impl.StateMachineUpdater (StateMachineUpdater.java:takeSnapshot(242)) - StateMachineUpdater:1ebc5357-9897-44dd-bae5-705605dffefb:group-0B62CE20A48A: Took a snapshot at index 8
2019-08-28 06:43:06,529 [StateMachineUpdater:1ebc5357-9897-44dd-bae5-705605dffefb:group-0B62CE20A48A] INFO  impl.StateMachineUpdater (StateMachineUpdater.java:lambda$new$0(80)) - StateMachineUpdater:1ebc5357-9897-44dd-bae5-705605dffefb:group-0B62CE20A48A: snapshotIndex: updateIncreasingly -1 -> 8
2019-08-28 06:43:06,532 [main] INFO  impl.RaftServerImpl (ServerState.java:close(394)) - 1ebc5357-9897-44dd-bae5-705605dffefb:group-0B62CE20A48A closes. The last applied log index is 8
2019-08-28 06:43:06,533 [1ebc5357-9897-44dd-bae5-705605dffefb-SegmentedRaftLogWorker:Storage Directory /workdir/hadoop-ozone/integration-test/target/test-dir/MiniOzoneClusterImpl-268fcbd7-3552-4aa4-acc5-68147e8c94c7/datanode-4/data/ratis/8071c284-c9e4-4d11-ad27-0b62ce20a48a] INFO  segmented.SegmentedRaftLogWorker (SegmentedRaftLogWorker.java:run(313)) - 1ebc5357-9897-44dd-bae5-705605dffefb-SegmentedRaftLogWorker:Storage Directory /workdir/hadoop-ozone/integration-test/target/test-dir/MiniOzoneClusterImpl-268fcbd7-3552-4aa4-acc5-68147e8c94c7/datanode-4/data/ratis/8071c284-c9e4-4d11-ad27-0b62ce20a48a was interrupted, exiting. There are 0 tasks remaining in the queue.
2019-08-28 06:43:06,535 [main] INFO  segmented.SegmentedRaftLogWorker (SegmentedRaftLogWorker.java:close(228)) - 1ebc5357-9897-44dd-bae5-705605dffefb-SegmentedRaftLogWorker:Storage Directory /workdir/hadoop-ozone/integration-test/target/test-dir/MiniOzoneClusterImpl-268fcbd7-3552-4aa4-acc5-68147e8c94c7/datanode-4/data/ratis/8071c284-c9e4-4d11-ad27-0b62ce20a48a close()
2019-08-28 06:43:06,539 [main] INFO  server.GrpcService (GrpcService.java:closeImpl(155)) - 1ebc5357-9897-44dd-bae5-705605dffefb: shutdown server with port 43840 now
2019-08-28 06:43:06,541 [main] INFO  server.GrpcService (GrpcService.java:closeImpl(163)) - 1ebc5357-9897-44dd-bae5-705605dffefb: shutdown server with port 43840 successfully
2019-08-28 06:43:06,543 [main] INFO  utils.BackgroundService (BackgroundService.java:shutdown(148)) - Shutting down service BlockDeletingService
2019-08-28 06:43:06,545 [refreshUsed-/workdir/hadoop-ozone/integration-test/target/test-dir/MiniOzoneClusterImpl-268fcbd7-3552-4aa4-acc5-68147e8c94c7/datanode-4/data/containers] WARN  fs.CachingGetSpaceUsed (CachingGetSpaceUsed.java:run(183)) - Thread Interrupted waiting to refresh disk information: sleep interrupted
2019-08-28 06:43:06,570 [main] INFO  statemachine.DatanodeStateMachine (DatanodeStateMachine.java:stopDaemon(395)) - Ozone container server stopped.
2019-08-28 06:43:06,574 [main] INFO  handler.ContextHandler (ContextHandler.java:doStop(910)) - Stopped o.e.j.w.WebAppContext@621f23ac{/,null,UNAVAILABLE}{/hddsDatanode}
2019-08-28 06:43:06,580 [main] INFO  server.AbstractConnector (AbstractConnector.java:doStop(318)) - Stopped ServerConnector@7761e342{HTTP/1.1,[http/1.1]}{0.0.0.0:0}
2019-08-28 06:43:06,580 [main] INFO  handler.ContextHandler (ContextHandler.java:doStop(910)) - Stopped o.e.j.s.ServletContextHandler@37ca3ca8{/static,jar:file:/home/user/.m2/repository/org/apache/hadoop/hadoop-hdds-container-service/0.5.0-SNAPSHOT/hadoop-hdds-container-service-0.5.0-SNAPSHOT.jar!/webapps/static,UNAVAILABLE}
2019-08-28 06:43:06,581 [main] INFO  handler.ContextHandler (ContextHandler.java:doStop(910)) - Stopped o.e.j.s.ServletContextHandler@7d50f2a8{/logs,file:///workdir/hadoop-ozone/integration-test/target/log,UNAVAILABLE}
2019-08-28 06:43:06,582 [main] INFO  datanode.ObjectStoreHandler (ObjectStoreHandler.java:close(155)) - Closing ObjectStoreHandler.
2019-08-28 06:43:06,583 [main] INFO  ozone.HddsDatanodeService (HddsDatanodeService.java:stop(451)) - Stopped plug-in org.apache.hadoop.ozone.web.OzoneHddsDatanodeService@26457986
2019-08-28 06:43:06,819 | INFO  | SCMAudit | user=jenkins1000 | ip=192.168.34.10 | op=SEND_HEARTBEAT {datanodeUUID=d6c6df90-8e6c-4438-939f-ab4e1a8ddeca, command=[]} | ret=SUCCESS |  
2019-08-28 06:43:06,904 | INFO  | SCMAudit | user=jenkins1000 | ip=192.168.34.10 | op=SEND_HEARTBEAT {datanodeUUID=f402736c-8a74-41e9-baf5-a63358b0e3b6, command=[]} | ret=SUCCESS |  
2019-08-28 06:43:06,908 | INFO  | SCMAudit | user=jenkins1000 | ip=192.168.34.10 | op=SEND_HEARTBEAT {datanodeUUID=59817e75-665f-4a6e-98d1-6dde4205dcbd, command=[]} | ret=SUCCESS |  
2019-08-28 06:43:07,097 | INFO  | SCMAudit | user=jenkins1000 | ip=192.168.34.10 | op=SEND_HEARTBEAT {datanodeUUID=df374b71-eb63-4e77-b335-c5992d602871, command=[]} | ret=SUCCESS |  
2019-08-28 06:43:07,296 [Datanode State Machine Thread - 0] INFO  statemachine.DatanodeStateMachine (DatanodeStateMachine.java:lambda$startDaemon$0(350)) - Ozone container server started.
2019-08-28 06:43:07,299 | INFO  | SCMAudit | user=jenkins1000 | ip=192.168.34.10 | op=SEND_HEARTBEAT {datanodeUUID=fd558ee0-c167-4461-88f0-c23d9be59ed1, command=[]} | ret=SUCCESS |  
2019-08-28 06:43:07,820 | INFO  | SCMAudit | user=jenkins1000 | ip=192.168.34.10 | op=SEND_HEARTBEAT {datanodeUUID=d6c6df90-8e6c-4438-939f-ab4e1a8ddeca, command=[]} | ret=SUCCESS |  
2019-08-28 06:43:07,904 | INFO  | SCMAudit | user=jenkins1000 | ip=192.168.34.10 | op=SEND_HEARTBEAT {datanodeUUID=f402736c-8a74-41e9-baf5-a63358b0e3b6, command=[]} | ret=SUCCESS |  
2019-08-28 06:43:07,908 | INFO  | SCMAudit | user=jenkins1000 | ip=192.168.34.10 | op=SEND_HEARTBEAT {datanodeUUID=59817e75-665f-4a6e-98d1-6dde4205dcbd, command=[]} | ret=SUCCESS |  
2019-08-28 06:43:08,097 | INFO  | SCMAudit | user=jenkins1000 | ip=192.168.34.10 | op=SEND_HEARTBEAT {datanodeUUID=df374b71-eb63-4e77-b335-c5992d602871, command=[]} | ret=SUCCESS |  
2019-08-28 06:43:08,297 | INFO  | SCMAudit | user=jenkins1000 | ip=192.168.34.10 | op=SEND_HEARTBEAT {datanodeUUID=fd558ee0-c167-4461-88f0-c23d9be59ed1, command=[]} | ret=SUCCESS |  
2019-08-28 06:43:08,820 | INFO  | SCMAudit | user=jenkins1000 | ip=192.168.34.10 | op=SEND_HEARTBEAT {datanodeUUID=d6c6df90-8e6c-4438-939f-ab4e1a8ddeca, command=[]} | ret=SUCCESS |  
2019-08-28 06:43:08,904 | INFO  | SCMAudit | user=jenkins1000 | ip=192.168.34.10 | op=SEND_HEARTBEAT {datanodeUUID=f402736c-8a74-41e9-baf5-a63358b0e3b6, command=[]} | ret=SUCCESS |  
2019-08-28 06:43:08,907 | INFO  | SCMAudit | user=jenkins1000 | ip=192.168.34.10 | op=SEND_HEARTBEAT {datanodeUUID=59817e75-665f-4a6e-98d1-6dde4205dcbd, command=[]} | ret=SUCCESS |  
2019-08-28 06:43:09,097 | INFO  | SCMAudit | user=jenkins1000 | ip=192.168.34.10 | op=SEND_HEARTBEAT {datanodeUUID=df374b71-eb63-4e77-b335-c5992d602871, command=[]} | ret=SUCCESS |  
2019-08-28 06:43:09,298 | INFO  | SCMAudit | user=jenkins1000 | ip=192.168.34.10 | op=SEND_HEARTBEAT {datanodeUUID=fd558ee0-c167-4461-88f0-c23d9be59ed1, command=[]} | ret=SUCCESS |  
2019-08-28 06:43:09,382 [EventQueue-StaleNodeForStaleNodeHandler] INFO  node.StaleNodeHandler (StaleNodeHandler.java:onMessage(58)) - Datanode 87001a2a-d088-458b-b8dd-e1169d0ac57f{ip: 192.168.34.10, host: pr-hdds-1783-trunk-8fbk5-3374829961, networkLocation: /default-rack, certSerialId: null} moved to stale state. Finalizing its pipelines [PipelineID=9d2fa8f9-f18d-43ee-8041-3fb1200ee549, PipelineID=8071c284-c9e4-4d11-ad27-0b62ce20a48a]
2019-08-28 06:43:09,382 [EventQueue-StaleNodeForStaleNodeHandler] INFO  pipeline.SCMPipelineManager (SCMPipelineManager.java:finalizeAndDestroyPipeline(309)) - destroying pipeline:Pipeline[ Id: 9d2fa8f9-f18d-43ee-8041-3fb1200ee549, Nodes: 87001a2a-d088-458b-b8dd-e1169d0ac57f{ip: 192.168.34.10, host: pr-hdds-1783-trunk-8fbk5-3374829961, networkLocation: /default-rack, certSerialId: null}, Type:RATIS, Factor:ONE, State:OPEN]
2019-08-28 06:43:09,382 [EventQueue-StaleNodeForStaleNodeHandler] INFO  pipeline.PipelineStateManager (PipelineStateManager.java:finalizePipeline(123)) - Pipeline Pipeline[ Id: 9d2fa8f9-f18d-43ee-8041-3fb1200ee549, Nodes: 87001a2a-d088-458b-b8dd-e1169d0ac57f{ip: 192.168.34.10, host: pr-hdds-1783-trunk-8fbk5-3374829961, networkLocation: /default-rack, certSerialId: null}, Type:RATIS, Factor:ONE, State:CLOSED] moved to CLOSED state
2019-08-28 06:43:09,382 [EventQueue-StaleNodeForStaleNodeHandler] INFO  pipeline.SCMPipelineManager (SCMPipelineManager.java:finalizeAndDestroyPipeline(309)) - destroying pipeline:Pipeline[ Id: 8071c284-c9e4-4d11-ad27-0b62ce20a48a, Nodes: 1ebc5357-9897-44dd-bae5-705605dffefb{ip: 192.168.34.10, host: pr-hdds-1783-trunk-8fbk5-3374829961, networkLocation: /default-rack, certSerialId: null}87001a2a-d088-458b-b8dd-e1169d0ac57f{ip: 192.168.34.10, host: pr-hdds-1783-trunk-8fbk5-3374829961, networkLocation: /default-rack, certSerialId: null}fd558ee0-c167-4461-88f0-c23d9be59ed1{ip: 192.168.34.10, host: pr-hdds-1783-trunk-8fbk5-3374829961, networkLocation: /default-rack, certSerialId: null}, Type:RATIS, Factor:THREE, State:CLOSED]
2019-08-28 06:43:09,820 | INFO  | SCMAudit | user=jenkins1000 | ip=192.168.34.10 | op=SEND_HEARTBEAT {datanodeUUID=d6c6df90-8e6c-4438-939f-ab4e1a8ddeca, command=[]} | ret=SUCCESS |  
2019-08-28 06:43:09,903 | INFO  | SCMAudit | user=jenkins1000 | ip=192.168.34.10 | op=SEND_HEARTBEAT {datanodeUUID=f402736c-8a74-41e9-baf5-a63358b0e3b6, command=[]} | ret=SUCCESS |  
2019-08-28 06:43:09,908 | INFO  | SCMAudit | user=jenkins1000 | ip=192.168.34.10 | op=SEND_HEARTBEAT {datanodeUUID=59817e75-665f-4a6e-98d1-6dde4205dcbd, command=[]} | ret=SUCCESS |  
2019-08-28 06:43:10,097 | INFO  | SCMAudit | user=jenkins1000 | ip=192.168.34.10 | op=SEND_HEARTBEAT {datanodeUUID=df374b71-eb63-4e77-b335-c5992d602871, command=[]} | ret=SUCCESS |  
2019-08-28 06:43:10,298 | INFO  | SCMAudit | user=jenkins1000 | ip=192.168.34.10 | op=SEND_HEARTBEAT {datanodeUUID=fd558ee0-c167-4461-88f0-c23d9be59ed1, command=[]} | ret=SUCCESS |  
2019-08-28 06:43:10,821 | INFO  | SCMAudit | user=jenkins1000 | ip=192.168.34.10 | op=SEND_HEARTBEAT {datanodeUUID=d6c6df90-8e6c-4438-939f-ab4e1a8ddeca, command=[]} | ret=SUCCESS |  
2019-08-28 06:43:10,904 | INFO  | SCMAudit | user=jenkins1000 | ip=192.168.34.10 | op=SEND_HEARTBEAT {datanodeUUID=f402736c-8a74-41e9-baf5-a63358b0e3b6, command=[]} | ret=SUCCESS |  
2019-08-28 06:43:10,908 | INFO  | SCMAudit | user=jenkins1000 | ip=192.168.34.10 | op=SEND_HEARTBEAT {datanodeUUID=59817e75-665f-4a6e-98d1-6dde4205dcbd, command=[]} | ret=SUCCESS |  
2019-08-28 06:43:11,097 | INFO  | SCMAudit | user=jenkins1000 | ip=192.168.34.10 | op=SEND_HEARTBEAT {datanodeUUID=df374b71-eb63-4e77-b335-c5992d602871, command=[]} | ret=SUCCESS |  
2019-08-28 06:43:11,298 | INFO  | SCMAudit | user=jenkins1000 | ip=192.168.34.10 | op=SEND_HEARTBEAT {datanodeUUID=fd558ee0-c167-4461-88f0-c23d9be59ed1, command=[]} | ret=SUCCESS |  
2019-08-28 06:43:11,584 [main] INFO  ozoneimpl.OzoneContainer (OzoneContainer.java:stop(199)) - Attempting to stop container services.
2019-08-28 06:43:11,585 [main] INFO  impl.RaftServerProxy (RaftServerProxy.java:lambda$close$4(314)) - 87001a2a-d088-458b-b8dd-e1169d0ac57f: close
2019-08-28 06:43:11,586 [main] INFO  impl.RaftServerImpl (RaftServerImpl.java:lambda$shutdown$3(245)) - 87001a2a-d088-458b-b8dd-e1169d0ac57f: shutdown group-3FB1200EE549
2019-08-28 06:43:11,586 [ForkJoinPool.commonPool-worker-0] INFO  impl.RaftServerImpl (RaftServerImpl.java:lambda$shutdown$3(245)) - 87001a2a-d088-458b-b8dd-e1169d0ac57f: shutdown group-0B62CE20A48A
2019-08-28 06:43:11,586 [main] INFO  util.JmxRegister (JmxRegister.java:unregister(73)) - Successfully un-registered JMX Bean with object name Ratis:service=RaftServer,group=group-3FB1200EE549,id=87001a2a-d088-458b-b8dd-e1169d0ac57f
2019-08-28 06:43:11,586 [ForkJoinPool.commonPool-worker-0] INFO  util.JmxRegister (JmxRegister.java:unregister(73)) - Successfully un-registered JMX Bean with object name Ratis:service=RaftServer,group=group-0B62CE20A48A,id=87001a2a-d088-458b-b8dd-e1169d0ac57f
2019-08-28 06:43:11,587 [main] INFO  impl.RoleInfo (RoleInfo.java:shutdownLeaderState(104)) - 87001a2a-d088-458b-b8dd-e1169d0ac57f: shutdown LeaderState
2019-08-28 06:43:11,587 [ForkJoinPool.commonPool-worker-0] INFO  impl.RoleInfo (RoleInfo.java:shutdownFollowerState(121)) - 87001a2a-d088-458b-b8dd-e1169d0ac57f: shutdown FollowerState
2019-08-28 06:43:11,587 [main] INFO  impl.PendingRequests (PendingRequests.java:sendNotLeaderResponses(202)) - 87001a2a-d088-458b-b8dd-e1169d0ac57f-PendingRequests: sendNotLeaderResponses
2019-08-28 06:43:11,588 [Thread-323] INFO  impl.FollowerState (FollowerState.java:run(114)) - 87001a2a-d088-458b-b8dd-e1169d0ac57f: FollowerState was interrupted: java.lang.InterruptedException: sleep interrupted
2019-08-28 06:43:11,588 [StateMachineUpdater:87001a2a-d088-458b-b8dd-e1169d0ac57f:group-0B62CE20A48A] INFO  ratis.ContainerStateMachine (ContainerStateMachine.java:takeSnapshot(283)) - group-0B62CE20A48A: Taking a snapshot at:(t:1, i:6) file /workdir/hadoop-ozone/integration-test/target/test-dir/MiniOzoneClusterImpl-268fcbd7-3552-4aa4-acc5-68147e8c94c7/datanode-1/data/ratis/8071c284-c9e4-4d11-ad27-0b62ce20a48a/sm/snapshot.1_6
2019-08-28 06:43:11,588 [ForkJoinPool.commonPool-worker-0] INFO  impl.StateMachineUpdater (StateMachineUpdater.java:stopAndJoin(115)) - StateMachineUpdater:87001a2a-d088-458b-b8dd-e1169d0ac57f:group-0B62CE20A48A: set stopIndex = 8
2019-08-28 06:43:11,588 [main] INFO  impl.StateMachineUpdater (StateMachineUpdater.java:stopAndJoin(115)) - StateMachineUpdater:87001a2a-d088-458b-b8dd-e1169d0ac57f:group-3FB1200EE549: set stopIndex = 0
2019-08-28 06:43:11,591 [main] INFO  impl.RaftServerImpl (ServerState.java:close(394)) - 87001a2a-d088-458b-b8dd-e1169d0ac57f:group-3FB1200EE549 closes. The last applied log index is 0
2019-08-28 06:43:11,591 [87001a2a-d088-458b-b8dd-e1169d0ac57f-SegmentedRaftLogWorker:Storage Directory /workdir/hadoop-ozone/integration-test/target/test-dir/MiniOzoneClusterImpl-268fcbd7-3552-4aa4-acc5-68147e8c94c7/datanode-1/data/ratis/9d2fa8f9-f18d-43ee-8041-3fb1200ee549] INFO  segmented.SegmentedRaftLogWorker (SegmentedRaftLogWorker.java:run(313)) - 87001a2a-d088-458b-b8dd-e1169d0ac57f-SegmentedRaftLogWorker:Storage Directory /workdir/hadoop-ozone/integration-test/target/test-dir/MiniOzoneClusterImpl-268fcbd7-3552-4aa4-acc5-68147e8c94c7/datanode-1/data/ratis/9d2fa8f9-f18d-43ee-8041-3fb1200ee549 was interrupted, exiting. There are 0 tasks remaining in the queue.
2019-08-28 06:43:11,602 [main] INFO  segmented.SegmentedRaftLogWorker (SegmentedRaftLogWorker.java:close(228)) - 87001a2a-d088-458b-b8dd-e1169d0ac57f-SegmentedRaftLogWorker:Storage Directory /workdir/hadoop-ozone/integration-test/target/test-dir/MiniOzoneClusterImpl-268fcbd7-3552-4aa4-acc5-68147e8c94c7/datanode-1/data/ratis/9d2fa8f9-f18d-43ee-8041-3fb1200ee549 close()
2019-08-28 06:43:11,604 [StateMachineUpdater:87001a2a-d088-458b-b8dd-e1169d0ac57f:group-0B62CE20A48A] INFO  ratis.ContainerStateMachine (ContainerStateMachine.java:takeSnapshot(294)) - group-0B62CE20A48A: Finished taking a snapshot at:(t:1, i:6) file:/workdir/hadoop-ozone/integration-test/target/test-dir/MiniOzoneClusterImpl-268fcbd7-3552-4aa4-acc5-68147e8c94c7/datanode-1/data/ratis/8071c284-c9e4-4d11-ad27-0b62ce20a48a/sm/snapshot.1_6 time:16
2019-08-28 06:43:11,606 [StateMachineUpdater:87001a2a-d088-458b-b8dd-e1169d0ac57f:group-0B62CE20A48A] INFO  impl.StateMachineUpdater (StateMachineUpdater.java:takeSnapshot(242)) - StateMachineUpdater:87001a2a-d088-458b-b8dd-e1169d0ac57f:group-0B62CE20A48A: Took a snapshot at index 6
2019-08-28 06:43:11,606 [StateMachineUpdater:87001a2a-d088-458b-b8dd-e1169d0ac57f:group-0B62CE20A48A] INFO  impl.StateMachineUpdater (StateMachineUpdater.java:lambda$new$0(80)) - StateMachineUpdater:87001a2a-d088-458b-b8dd-e1169d0ac57f:group-0B62CE20A48A: snapshotIndex: updateIncreasingly -1 -> 6
2019-08-28 06:43:11,606 [ForkJoinPool.commonPool-worker-0] INFO  impl.RaftServerImpl (ServerState.java:close(394)) - 87001a2a-d088-458b-b8dd-e1169d0ac57f:group-0B62CE20A48A closes. The last applied log index is 8
2019-08-28 06:43:11,607 [87001a2a-d088-458b-b8dd-e1169d0ac57f-SegmentedRaftLogWorker:Storage Directory /workdir/hadoop-ozone/integration-test/target/test-dir/MiniOzoneClusterImpl-268fcbd7-3552-4aa4-acc5-68147e8c94c7/datanode-1/data/ratis/8071c284-c9e4-4d11-ad27-0b62ce20a48a] INFO  segmented.SegmentedRaftLogWorker (SegmentedRaftLogWorker.java:run(313)) - 87001a2a-d088-458b-b8dd-e1169d0ac57f-SegmentedRaftLogWorker:Storage Directory /workdir/hadoop-ozone/integration-test/target/test-dir/MiniOzoneClusterImpl-268fcbd7-3552-4aa4-acc5-68147e8c94c7/datanode-1/data/ratis/8071c284-c9e4-4d11-ad27-0b62ce20a48a was interrupted, exiting. There are 0 tasks remaining in the queue.
2019-08-28 06:43:11,609 [ForkJoinPool.commonPool-worker-0] INFO  segmented.SegmentedRaftLogWorker (SegmentedRaftLogWorker.java:close(228)) - 87001a2a-d088-458b-b8dd-e1169d0ac57f-SegmentedRaftLogWorker:Storage Directory /workdir/hadoop-ozone/integration-test/target/test-dir/MiniOzoneClusterImpl-268fcbd7-3552-4aa4-acc5-68147e8c94c7/datanode-1/data/ratis/8071c284-c9e4-4d11-ad27-0b62ce20a48a close()
2019-08-28 06:43:11,612 [main] INFO  server.GrpcService (GrpcService.java:closeImpl(155)) - 87001a2a-d088-458b-b8dd-e1169d0ac57f: shutdown server with port 33885 now
2019-08-28 06:43:11,613 [main] INFO  server.GrpcService (GrpcService.java:closeImpl(163)) - 87001a2a-d088-458b-b8dd-e1169d0ac57f: shutdown server with port 33885 successfully
2019-08-28 06:43:11,614 [main] INFO  utils.BackgroundService (BackgroundService.java:shutdown(148)) - Shutting down service BlockDeletingService
2019-08-28 06:43:11,615 [refreshUsed-/workdir/hadoop-ozone/integration-test/target/test-dir/MiniOzoneClusterImpl-268fcbd7-3552-4aa4-acc5-68147e8c94c7/datanode-1/data/containers] WARN  fs.CachingGetSpaceUsed (CachingGetSpaceUsed.java:run(183)) - Thread Interrupted waiting to refresh disk information: sleep interrupted
2019-08-28 06:43:11,640 [main] INFO  statemachine.DatanodeStateMachine (DatanodeStateMachine.java:stopDaemon(395)) - Ozone container server stopped.
2019-08-28 06:43:11,641 [main] INFO  handler.ContextHandler (ContextHandler.java:doStop(910)) - Stopped o.e.j.w.WebAppContext@7cf63b9a{/,null,UNAVAILABLE}{/hddsDatanode}
2019-08-28 06:43:11,642 [main] INFO  server.AbstractConnector (AbstractConnector.java:doStop(318)) - Stopped ServerConnector@4776e209{HTTP/1.1,[http/1.1]}{0.0.0.0:0}
2019-08-28 06:43:11,642 [main] INFO  handler.ContextHandler (ContextHandler.java:doStop(910)) - Stopped o.e.j.s.ServletContextHandler@44f0ff2b{/static,jar:file:/home/user/.m2/repository/org/apache/hadoop/hadoop-hdds-container-service/0.5.0-SNAPSHOT/hadoop-hdds-container-service-0.5.0-SNAPSHOT.jar!/webapps/static,UNAVAILABLE}
2019-08-28 06:43:11,643 [main] INFO  handler.ContextHandler (ContextHandler.java:doStop(910)) - Stopped o.e.j.s.ServletContextHandler@4bf03fee{/logs,file:///workdir/hadoop-ozone/integration-test/target/log,UNAVAILABLE}
]]></system-out>
  </testcase>
</testsuite>