<?xml version="1.0" encoding="UTF-8"?>
<testsuite xmlns:xsi="http://www.w3.org/2001/XMLSchema-instance" xsi:noNamespaceSchemaLocation="https://maven.apache.org/surefire/maven-surefire-plugin/xsd/surefire-test-report.xsd" name="org.apache.hadoop.ozone.client.rpc.TestBlockOutputStreamWithFailures" time="764.505" tests="8" errors="0" skipped="0" failures="1">
  <properties>
    <property name="awt.toolkit" value="sun.awt.X11.XToolkit"/>
    <property name="file.encoding.pkg" value="sun.io"/>
    <property name="java.specification.version" value="1.8"/>
    <property name="sun.cpu.isalist" value=""/>
    <property name="sun.jnu.encoding" value="UTF-8"/>
    <property name="java.class.path" value="/workdir/hadoop-ozone/integration-test/target/test-classes:/workdir/hadoop-ozone/integration-test/target/classes:/home/user/.m2/repository/org/apache/hadoop/hadoop-ozone-common/0.5.0-SNAPSHOT/hadoop-ozone-common-0.5.0-SNAPSHOT.jar:/home/user/.m2/repository/org/apache/commons/commons-compress/1.4.1/commons-compress-1.4.1.jar:/home/user/.m2/repository/org/tukaani/xz/1.0/xz-1.0.jar:/home/user/.m2/repository/org/apache/hadoop/hadoop-common/3.2.0/hadoop-common-3.2.0.jar:/home/user/.m2/repository/org/apache/hadoop/hadoop-hdfs/3.2.0/hadoop-hdfs-3.2.0.jar:/home/user/.m2/repository/org/apache/hadoop/hadoop-hdfs-client/3.2.0/hadoop-hdfs-client-3.2.0.jar:/home/user/.m2/repository/com/fasterxml/jackson/core/jackson-annotations/2.9.5/jackson-annotations-2.9.5.jar:/home/user/.m2/repository/org/apache/hadoop/hadoop-hdds-common/0.5.0-SNAPSHOT/hadoop-hdds-common-0.5.0-SNAPSHOT.jar:/home/user/.m2/repository/javax/annotation/javax.annotation-api/1.2/javax.annotation-api-1.2.jar:/home/user/.m2/repository/org/apache/ratis/ratis-server/0.4.0-2337318-SNAPSHOT/ratis-server-0.4.0-2337318-SNAPSHOT.jar:/home/user/.m2/repository/org/apache/ratis/ratis-thirdparty-misc/0.2.0/ratis-thirdparty-misc-0.2.0.jar:/home/user/.m2/repository/org/apache/ratis/ratis-proto/0.4.0-2337318-SNAPSHOT/ratis-proto-0.4.0-2337318-SNAPSHOT.jar:/home/user/.m2/repository/org/apache/ratis/ratis-common/0.4.0-2337318-SNAPSHOT/ratis-common-0.4.0-2337318-SNAPSHOT.jar:/home/user/.m2/repository/org/apache/ratis/ratis-client/0.4.0-2337318-SNAPSHOT/ratis-client-0.4.0-2337318-SNAPSHOT.jar:/home/user/.m2/repository/org/apache/ratis/ratis-metrics/0.4.0-2337318-SNAPSHOT/ratis-metrics-0.4.0-2337318-SNAPSHOT.jar:/home/user/.m2/repository/org/apache/ratis/ratis-netty/0.4.0-2337318-SNAPSHOT/ratis-netty-0.4.0-2337318-SNAPSHOT.jar:/home/user/.m2/repository/org/apache/ratis/ratis-grpc/0.4.0-2337318-SNAPSHOT/ratis-grpc-0.4.0-2337318-SNAPSHOT.jar:/home/user/.m2/repository/org/rocksdb/rocksdbjni/6.0.1/rocksdbjni-6.0.1.jar:/home/user/.m2/repository/org/apache/logging/log4j/log4j-api/2.11.0/log4j-api-2.11.0.jar:/home/user/.m2/repository/org/apache/logging/log4j/log4j-core/2.11.0/log4j-core-2.11.0.jar:/home/user/.m2/repository/com/lmax/disruptor/3.4.2/disruptor-3.4.2.jar:/home/user/.m2/repository/org/apache/commons/commons-pool2/2.6.0/commons-pool2-2.6.0.jar:/home/user/.m2/repository/org/bouncycastle/bcpkix-jdk15on/1.60/bcpkix-jdk15on-1.60.jar:/home/user/.m2/repository/commons-validator/commons-validator/1.6/commons-validator-1.6.jar:/home/user/.m2/repository/commons-digester/commons-digester/1.8.1/commons-digester-1.8.1.jar:/home/user/.m2/repository/io/jaegertracing/jaeger-client/0.33.1/jaeger-client-0.33.1.jar:/home/user/.m2/repository/io/jaegertracing/jaeger-thrift/0.33.1/jaeger-thrift-0.33.1.jar:/home/user/.m2/repository/org/apache/thrift/libthrift/0.11.0/libthrift-0.11.0.jar:/home/user/.m2/repository/com/squareup/okhttp3/okhttp/3.9.0/okhttp-3.9.0.jar:/home/user/.m2/repository/com/squareup/okio/okio/1.13.0/okio-1.13.0.jar:/home/user/.m2/repository/io/jaegertracing/jaeger-core/0.33.1/jaeger-core-0.33.1.jar:/home/user/.m2/repository/io/jaegertracing/jaeger-tracerresolver/0.33.1/jaeger-tracerresolver-0.33.1.jar:/home/user/.m2/repository/io/opentracing/contrib/opentracing-tracerresolver/0.1.5/opentracing-tracerresolver-0.1.5.jar:/home/user/.m2/repository/io/opentracing/opentracing-util/0.31.0/opentracing-util-0.31.0.jar:/home/user/.m2/repository/io/opentracing/opentracing-api/0.31.0/opentracing-api-0.31.0.jar:/home/user/.m2/repository/io/opentracing/opentracing-noop/0.31.0/opentracing-noop-0.31.0.jar:/home/user/.m2/repository/org/apache/hadoop/hadoop-hdds-server-framework/0.5.0-SNAPSHOT/hadoop-hdds-server-framework-0.5.0-SNAPSHOT.jar:/home/user/.m2/repository/org/apache/hadoop/hadoop-hdds-container-service/0.5.0-SNAPSHOT/hadoop-hdds-container-service-0.5.0-SNAPSHOT.jar:/home/user/.m2/repository/org/apache/hadoop/hadoop-hdds-client/0.5.0-SNAPSHOT/hadoop-hdds-client-0.5.0-SNAPSHOT.jar:/home/user/.m2/repository/org/apache/hadoop/hadoop-hdds-tools/0.5.0-SNAPSHOT/hadoop-hdds-tools-0.5.0-SNAPSHOT.jar:/home/user/.m2/repository/org/apache/hadoop/hadoop-hdds-server-scm/0.5.0-SNAPSHOT/hadoop-hdds-server-scm-0.5.0-SNAPSHOT.jar:/home/user/.m2/repository/org/apache/hadoop/hadoop-hdds-docs/0.5.0-SNAPSHOT/hadoop-hdds-docs-0.5.0-SNAPSHOT.jar:/home/user/.m2/repository/io/dropwizard/metrics/metrics-core/3.2.4/metrics-core-3.2.4.jar:/home/user/.m2/repository/org/hamcrest/hamcrest-all/1.3/hamcrest-all-1.3.jar:/home/user/.m2/repository/org/bouncycastle/bcprov-jdk15on/1.60/bcprov-jdk15on-1.60.jar:/home/user/.m2/repository/info/picocli/picocli/3.9.6/picocli-3.9.6.jar:/home/user/.m2/repository/com/google/protobuf/protobuf-java/2.5.0/protobuf-java-2.5.0.jar:/home/user/.m2/repository/com/google/guava/guava/11.0.2/guava-11.0.2.jar:/home/user/.m2/repository/org/apache/hadoop/hadoop-ozone-ozone-manager/0.5.0-SNAPSHOT/hadoop-ozone-ozone-manager-0.5.0-SNAPSHOT.jar:/home/user/.m2/repository/org/apache/hadoop/hadoop-minikdc/3.2.0/hadoop-minikdc-3.2.0.jar:/home/user/.m2/repository/commons-io/commons-io/2.5/commons-io-2.5.jar:/home/user/.m2/repository/org/apache/kerby/kerb-simplekdc/1.0.1/kerb-simplekdc-1.0.1.jar:/home/user/.m2/repository/org/apache/kerby/kerb-client/1.0.1/kerb-client-1.0.1.jar:/home/user/.m2/repository/org/apache/kerby/kerby-config/1.0.1/kerby-config-1.0.1.jar:/home/user/.m2/repository/org/apache/kerby/kerb-core/1.0.1/kerb-core-1.0.1.jar:/home/user/.m2/repository/org/apache/kerby/kerby-pkix/1.0.1/kerby-pkix-1.0.1.jar:/home/user/.m2/repository/org/apache/kerby/kerby-asn1/1.0.1/kerby-asn1-1.0.1.jar:/home/user/.m2/repository/org/apache/kerby/kerby-util/1.0.1/kerby-util-1.0.1.jar:/home/user/.m2/repository/org/apache/kerby/kerb-common/1.0.1/kerb-common-1.0.1.jar:/home/user/.m2/repository/org/apache/kerby/kerb-crypto/1.0.1/kerb-crypto-1.0.1.jar:/home/user/.m2/repository/org/apache/kerby/kerb-util/1.0.1/kerb-util-1.0.1.jar:/home/user/.m2/repository/org/apache/kerby/token-provider/1.0.1/token-provider-1.0.1.jar:/home/user/.m2/repository/org/apache/kerby/kerb-admin/1.0.1/kerb-admin-1.0.1.jar:/home/user/.m2/repository/org/apache/kerby/kerb-server/1.0.1/kerb-server-1.0.1.jar:/home/user/.m2/repository/org/apache/kerby/kerb-identity/1.0.1/kerb-identity-1.0.1.jar:/home/user/.m2/repository/org/apache/kerby/kerby-xdr/1.0.1/kerby-xdr-1.0.1.jar:/home/user/.m2/repository/org/slf4j/slf4j-log4j12/1.7.25/slf4j-log4j12-1.7.25.jar:/home/user/.m2/repository/org/apache/hadoop/hadoop-ozone-objectstore-service/0.5.0-SNAPSHOT/hadoop-ozone-objectstore-service-0.5.0-SNAPSHOT.jar:/home/user/.m2/repository/org/apache/hadoop/hadoop-ozone-s3gateway/0.5.0-SNAPSHOT/hadoop-ozone-s3gateway-0.5.0-SNAPSHOT.jar:/home/user/.m2/repository/org/jboss/weld/servlet/weld-servlet/2.4.7.Final/weld-servlet-2.4.7.Final.jar:/home/user/.m2/repository/org/glassfish/jersey/containers/jersey-container-servlet-core/2.27/jersey-container-servlet-core-2.27.jar:/home/user/.m2/repository/org/glassfish/hk2/external/javax.inject/2.5.0-b42/javax.inject-2.5.0-b42.jar:/home/user/.m2/repository/org/glassfish/jersey/core/jersey-common/2.27/jersey-common-2.27.jar:/home/user/.m2/repository/org/glassfish/hk2/osgi-resource-locator/1.0.1/osgi-resource-locator-1.0.1.jar:/home/user/.m2/repository/javax/ws/rs/javax.ws.rs-api/2.1/javax.ws.rs-api-2.1.jar:/home/user/.m2/repository/org/glassfish/jersey/ext/cdi/jersey-cdi1x/2.27/jersey-cdi1x-2.27.jar:/home/user/.m2/repository/org/glassfish/jersey/inject/jersey-hk2/2.27/jersey-hk2-2.27.jar:/home/user/.m2/repository/org/glassfish/hk2/hk2-locator/2.5.0-b42/hk2-locator-2.5.0-b42.jar:/home/user/.m2/repository/org/javassist/javassist/3.22.0-CR2/javassist-3.22.0-CR2.jar:/home/user/.m2/repository/org/glassfish/hk2/hk2-api/2.5.0/hk2-api-2.5.0.jar:/home/user/.m2/repository/org/glassfish/hk2/external/jakarta.inject/2.5.0/jakarta.inject-2.5.0.jar:/home/user/.m2/repository/org/glassfish/hk2/hk2-utils/2.5.0/hk2-utils-2.5.0.jar:/home/user/.m2/repository/jakarta/annotation/jakarta.annotation-api/1.3.4/jakarta.annotation-api-1.3.4.jar:/home/user/.m2/repository/org/glassfish/hk2/external/aopalliance-repackaged/2.5.0/aopalliance-repackaged-2.5.0.jar:/home/user/.m2/repository/com/fasterxml/jackson/dataformat/jackson-dataformat-xml/2.9.0/jackson-dataformat-xml-2.9.0.jar:/home/user/.m2/repository/com/fasterxml/jackson/core/jackson-core/2.9.5/jackson-core-2.9.5.jar:/home/user/.m2/repository/com/fasterxml/jackson/module/jackson-module-jaxb-annotations/2.9.5/jackson-module-jaxb-annotations-2.9.5.jar:/home/user/.m2/repository/javax/enterprise/cdi-api/1.2/cdi-api-1.2.jar:/home/user/.m2/repository/javax/el/javax.el-api/3.0.0/javax.el-api-3.0.0.jar:/home/user/.m2/repository/javax/interceptor/javax.interceptor-api/1.2/javax.interceptor-api-1.2.jar:/home/user/.m2/repository/javax/inject/javax.inject/1/javax.inject-1.jar:/home/user/.m2/repository/com/sun/xml/bind/jaxb-impl/2.3.0.1/jaxb-impl-2.3.0.1.jar:/home/user/.m2/repository/com/sun/xml/bind/jaxb-core/2.3.0.1/jaxb-core-2.3.0.1.jar:/home/user/.m2/repository/javax/xml/bind/jaxb-api/2.3.0/jaxb-api-2.3.0.jar:/home/user/.m2/repository/javax/activation/activation/1.1.1/activation-1.1.1.jar:/home/user/.m2/repository/org/apache/hadoop/hadoop-ozone-csi/0.5.0-SNAPSHOT/hadoop-ozone-csi-0.5.0-SNAPSHOT.jar:/home/user/.m2/repository/com/google/protobuf/protobuf-java-util/3.5.1/protobuf-java-util-3.5.1.jar:/home/user/.m2/repository/org/apache/hadoop/hadoop-hdds-config/0.5.0-SNAPSHOT/hadoop-hdds-config-0.5.0-SNAPSHOT.jar:/home/user/.m2/repository/io/grpc/grpc-netty/1.17.1/grpc-netty-1.17.1.jar:/home/user/.m2/repository/io/grpc/grpc-core/1.17.1/grpc-core-1.17.1.jar:/home/user/.m2/repository/io/grpc/grpc-context/1.17.1/grpc-context-1.17.1.jar:/home/user/.m2/repository/com/google/errorprone/error_prone_annotations/2.2.0/error_prone_annotations-2.2.0.jar:/home/user/.m2/repository/org/codehaus/mojo/animal-sniffer-annotations/1.17/animal-sniffer-annotations-1.17.jar:/home/user/.m2/repository/io/opencensus/opencensus-api/0.17.0/opencensus-api-0.17.0.jar:/home/user/.m2/repository/io/opencensus/opencensus-contrib-grpc-metrics/0.17.0/opencensus-contrib-grpc-metrics-0.17.0.jar:/home/user/.m2/repository/io/netty/netty-codec-http2/4.1.30.Final/netty-codec-http2-4.1.30.Final.jar:/home/user/.m2/repository/io/netty/netty-codec-http/4.1.30.Final/netty-codec-http-4.1.30.Final.jar:/home/user/.m2/repository/io/netty/netty-codec/4.1.30.Final/netty-codec-4.1.30.Final.jar:/home/user/.m2/repository/io/netty/netty-handler/4.1.30.Final/netty-handler-4.1.30.Final.jar:/home/user/.m2/repository/io/netty/netty-handler-proxy/4.1.30.Final/netty-handler-proxy-4.1.30.Final.jar:/home/user/.m2/repository/io/netty/netty-codec-socks/4.1.30.Final/netty-codec-socks-4.1.30.Final.jar:/home/user/.m2/repository/io/netty/netty-transport-native-epoll/4.1.30.Final/netty-transport-native-epoll-4.1.30.Final.jar:/home/user/.m2/repository/io/netty/netty-common/4.1.30.Final/netty-common-4.1.30.Final.jar:/home/user/.m2/repository/io/netty/netty-buffer/4.1.30.Final/netty-buffer-4.1.30.Final.jar:/home/user/.m2/repository/io/netty/netty-transport/4.1.30.Final/netty-transport-4.1.30.Final.jar:/home/user/.m2/repository/io/netty/netty-resolver/4.1.30.Final/netty-resolver-4.1.30.Final.jar:/home/user/.m2/repository/io/netty/netty-transport-native-unix-common/4.1.30.Final/netty-transport-native-unix-common-4.1.30.Final.jar:/home/user/.m2/repository/io/grpc/grpc-protobuf/1.17.1/grpc-protobuf-1.17.1.jar:/home/user/.m2/repository/com/google/api/grpc/proto-google-common-protos/1.0.0/proto-google-common-protos-1.0.0.jar:/home/user/.m2/repository/io/grpc/grpc-protobuf-lite/1.17.1/grpc-protobuf-lite-1.17.1.jar:/home/user/.m2/repository/io/grpc/grpc-stub/1.17.1/grpc-stub-1.17.1.jar:/home/user/.m2/repository/org/apache/hadoop/hadoop-ozone-recon/0.5.0-SNAPSHOT/hadoop-ozone-recon-0.5.0-SNAPSHOT.jar:/home/user/.m2/repository/org/apache/hadoop/hadoop-ozone-reconcodegen/0.5.0-SNAPSHOT/hadoop-ozone-reconcodegen-0.5.0-SNAPSHOT.jar:/home/user/.m2/repository/com/google/inject/extensions/guice-multibindings/4.0/guice-multibindings-4.0.jar:/home/user/.m2/repository/com/google/inject/guice/4.0/guice-4.0.jar:/home/user/.m2/repository/aopalliance/aopalliance/1.0/aopalliance-1.0.jar:/home/user/.m2/repository/com/google/inject/extensions/guice-servlet/4.0/guice-servlet-4.0.jar:/home/user/.m2/repository/org/glassfish/jersey/containers/jersey-container-servlet/2.27/jersey-container-servlet-2.27.jar:/home/user/.m2/repository/org/glassfish/hk2/guice-bridge/2.5.0/guice-bridge-2.5.0.jar:/home/user/.m2/repository/org/glassfish/jersey/core/jersey-server/2.27/jersey-server-2.27.jar:/home/user/.m2/repository/org/glassfish/jersey/core/jersey-client/2.27/jersey-client-2.27.jar:/home/user/.m2/repository/org/glassfish/jersey/media/jersey-media-jaxb/2.27/jersey-media-jaxb-2.27.jar:/home/user/.m2/repository/javax/validation/validation-api/1.1.0.Final/validation-api-1.1.0.Final.jar:/home/user/.m2/repository/org/glassfish/jersey/media/jersey-media-json-jackson/2.27/jersey-media-json-jackson-2.27.jar:/home/user/.m2/repository/org/glassfish/jersey/ext/jersey-entity-filtering/2.27/jersey-entity-filtering-2.27.jar:/home/user/.m2/repository/com/google/inject/extensions/guice-assistedinject/4.0/guice-assistedinject-4.0.jar:/home/user/.m2/repository/org/jooq/jooq/3.11.10/jooq-3.11.10.jar:/home/user/.m2/repository/org/jooq/jooq-meta/3.11.10/jooq-meta-3.11.10.jar:/home/user/.m2/repository/org/jooq/jooq-codegen/3.11.10/jooq-codegen-3.11.10.jar:/home/user/.m2/repository/com/jolbox/bonecp/0.8.0.RELEASE/bonecp-0.8.0.RELEASE.jar:/home/user/.m2/repository/org/xerial/sqlite-jdbc/3.25.2/sqlite-jdbc-3.25.2.jar:/home/user/.m2/repository/org/springframework/spring-jdbc/5.1.3.RELEASE/spring-jdbc-5.1.3.RELEASE.jar:/home/user/.m2/repository/org/springframework/spring-beans/5.1.3.RELEASE/spring-beans-5.1.3.RELEASE.jar:/home/user/.m2/repository/org/springframework/spring-core/5.1.3.RELEASE/spring-core-5.1.3.RELEASE.jar:/home/user/.m2/repository/org/springframework/spring-jcl/5.1.3.RELEASE/spring-jcl-5.1.3.RELEASE.jar:/home/user/.m2/repository/org/springframework/spring-tx/5.1.3.RELEASE/spring-tx-5.1.3.RELEASE.jar:/home/user/.m2/repository/org/apache/hadoop/hadoop-ozone-client/0.5.0-SNAPSHOT/hadoop-ozone-client-0.5.0-SNAPSHOT.jar:/home/user/.m2/repository/commons-lang/commons-lang/2.6/commons-lang-2.6.jar:/home/user/.m2/repository/org/apache/hadoop/hadoop-ozone-ozone-manager/0.5.0-SNAPSHOT/hadoop-ozone-ozone-manager-0.5.0-SNAPSHOT-tests.jar:/home/user/.m2/repository/junit/junit/4.11/junit-4.11.jar:/home/user/.m2/repository/org/hamcrest/hamcrest-core/1.3/hamcrest-core-1.3.jar:/home/user/.m2/repository/org/openjdk/jmh/jmh-core/1.19/jmh-core-1.19.jar:/home/user/.m2/repository/net/sf/jopt-simple/jopt-simple/4.6/jopt-simple-4.6.jar:/home/user/.m2/repository/org/apache/commons/commons-math3/3.1.1/commons-math3-3.1.1.jar:/home/user/.m2/repository/org/openjdk/jmh/jmh-generator-annprocess/1.19/jmh-generator-annprocess-1.19.jar:/home/user/.m2/repository/org/mockito/mockito-all/1.8.5/mockito-all-1.8.5.jar:/home/user/.m2/repository/org/apache/hadoop/hadoop-kms/3.2.0/hadoop-kms-3.2.0.jar:/home/user/.m2/repository/org/apache/hadoop/hadoop-auth/3.2.0/hadoop-auth-3.2.0.jar:/home/user/.m2/repository/com/nimbusds/nimbus-jose-jwt/4.41.1/nimbus-jose-jwt-4.41.1.jar:/home/user/.m2/repository/com/github/stephenc/jcip/jcip-annotations/1.0-1/jcip-annotations-1.0-1.jar:/home/user/.m2/repository/net/minidev/json-smart/2.3/json-smart-2.3.jar:/home/user/.m2/repository/net/minidev/accessors-smart/1.2/accessors-smart-1.2.jar:/home/user/.m2/repository/org/ow2/asm/asm/5.0.4/asm-5.0.4.jar:/home/user/.m2/repository/org/apache/curator/curator-framework/2.12.0/curator-framework-2.12.0.jar:/home/user/.m2/repository/com/sun/jersey/jersey-core/1.19/jersey-core-1.19.jar:/home/user/.m2/repository/javax/ws/rs/jsr311-api/1.1.1/jsr311-api-1.1.1.jar:/home/user/.m2/repository/com/sun/jersey/jersey-server/1.19/jersey-server-1.19.jar:/home/user/.m2/repository/javax/servlet/javax.servlet-api/3.1.0/javax.servlet-api-3.1.0.jar:/home/user/.m2/repository/org/eclipse/jetty/jetty-server/9.3.24.v20180605/jetty-server-9.3.24.v20180605.jar:/home/user/.m2/repository/org/eclipse/jetty/jetty-http/9.3.24.v20180605/jetty-http-9.3.24.v20180605.jar:/home/user/.m2/repository/org/eclipse/jetty/jetty-io/9.3.24.v20180605/jetty-io-9.3.24.v20180605.jar:/home/user/.m2/repository/org/eclipse/jetty/jetty-webapp/9.3.24.v20180605/jetty-webapp-9.3.24.v20180605.jar:/home/user/.m2/repository/org/eclipse/jetty/jetty-xml/9.3.24.v20180605/jetty-xml-9.3.24.v20180605.jar:/home/user/.m2/repository/log4j/log4j/1.2.17/log4j-1.2.17.jar:/home/user/.m2/repository/org/slf4j/slf4j-api/1.7.25/slf4j-api-1.7.25.jar:/home/user/.m2/repository/org/slf4j/jul-to-slf4j/1.7.25/jul-to-slf4j-1.7.25.jar:/home/user/.m2/repository/org/eclipse/jetty/jetty-util/9.3.24.v20180605/jetty-util-9.3.24.v20180605.jar:/home/user/.m2/repository/com/fasterxml/jackson/core/jackson-databind/2.9.5/jackson-databind-2.9.5.jar:/home/user/.m2/repository/org/apache/hadoop/hadoop-kms/3.2.0/hadoop-kms-3.2.0-tests.jar:/home/user/.m2/repository/org/apache/hadoop/hadoop-hdds-server-scm/0.5.0-SNAPSHOT/hadoop-hdds-server-scm-0.5.0-SNAPSHOT-tests.jar:/home/user/.m2/repository/org/apache/hadoop/hadoop-hdds-container-service/0.5.0-SNAPSHOT/hadoop-hdds-container-service-0.5.0-SNAPSHOT-tests.jar:/home/user/.m2/repository/org/yaml/snakeyaml/1.16/snakeyaml-1.16.jar:/home/user/.m2/repository/org/apache/hadoop/hadoop-common/3.2.0/hadoop-common-3.2.0-tests.jar:/home/user/.m2/repository/org/apache/hadoop/hadoop-annotations/3.2.0/hadoop-annotations-3.2.0.jar:/usr/lib/jvm/java-1.8-openjdk/jre/../lib/tools.jar:/home/user/.m2/repository/commons-cli/commons-cli/1.2/commons-cli-1.2.jar:/home/user/.m2/repository/org/apache/httpcomponents/httpclient/4.5.2/httpclient-4.5.2.jar:/home/user/.m2/repository/org/apache/httpcomponents/httpcore/4.4.4/httpcore-4.4.4.jar:/home/user/.m2/repository/commons-codec/commons-codec/1.11/commons-codec-1.11.jar:/home/user/.m2/repository/commons-net/commons-net/3.6/commons-net-3.6.jar:/home/user/.m2/repository/commons-collections/commons-collections/3.2.2/commons-collections-3.2.2.jar:/home/user/.m2/repository/org/eclipse/jetty/jetty-servlet/9.3.24.v20180605/jetty-servlet-9.3.24.v20180605.jar:/home/user/.m2/repository/org/eclipse/jetty/jetty-security/9.3.24.v20180605/jetty-security-9.3.24.v20180605.jar:/home/user/.m2/repository/javax/servlet/jsp/jsp-api/2.1/jsp-api-2.1.jar:/home/user/.m2/repository/com/sun/jersey/jersey-servlet/1.19/jersey-servlet-1.19.jar:/home/user/.m2/repository/com/sun/jersey/jersey-json/1.19/jersey-json-1.19.jar:/home/user/.m2/repository/org/codehaus/jettison/jettison/1.1/jettison-1.1.jar:/home/user/.m2/repository/org/codehaus/jackson/jackson-core-asl/1.9.13/jackson-core-asl-1.9.13.jar:/home/user/.m2/repository/org/codehaus/jackson/jackson-mapper-asl/1.9.13/jackson-mapper-asl-1.9.13.jar:/home/user/.m2/repository/org/codehaus/jackson/jackson-jaxrs/1.9.13/jackson-jaxrs-1.9.13.jar:/home/user/.m2/repository/org/codehaus/jackson/jackson-xc/1.9.13/jackson-xc-1.9.13.jar:/home/user/.m2/repository/commons-logging/commons-logging/1.1.3/commons-logging-1.1.3.jar:/home/user/.m2/repository/commons-beanutils/commons-beanutils/1.9.3/commons-beanutils-1.9.3.jar:/home/user/.m2/repository/org/apache/commons/commons-configuration2/2.1.1/commons-configuration2-2.1.1.jar:/home/user/.m2/repository/org/apache/commons/commons-lang3/3.7/commons-lang3-3.7.jar:/home/user/.m2/repository/org/apache/commons/commons-text/1.4/commons-text-1.4.jar:/home/user/.m2/repository/org/apache/avro/avro/1.7.7/avro-1.7.7.jar:/home/user/.m2/repository/com/thoughtworks/paranamer/paranamer/2.3/paranamer-2.3.jar:/home/user/.m2/repository/org/xerial/snappy/snappy-java/1.0.5/snappy-java-1.0.5.jar:/home/user/.m2/repository/com/google/re2j/re2j/1.1/re2j-1.1.jar:/home/user/.m2/repository/com/google/code/gson/gson/2.2.4/gson-2.2.4.jar:/home/user/.m2/repository/com/jcraft/jsch/0.1.54/jsch-0.1.54.jar:/home/user/.m2/repository/org/apache/curator/curator-client/2.12.0/curator-client-2.12.0.jar:/home/user/.m2/repository/org/apache/curator/curator-recipes/2.12.0/curator-recipes-2.12.0.jar:/home/user/.m2/repository/com/google/code/findbugs/jsr305/3.0.0/jsr305-3.0.0.jar:/home/user/.m2/repository/org/apache/htrace/htrace-core4/4.1.0-incubating/htrace-core4-4.1.0-incubating.jar:/home/user/.m2/repository/org/apache/zookeeper/zookeeper/3.4.13/zookeeper-3.4.13.jar:/home/user/.m2/repository/org/apache/yetus/audience-annotations/0.5.0/audience-annotations-0.5.0.jar:/home/user/.m2/repository/org/codehaus/woodstox/stax2-api/3.1.4/stax2-api-3.1.4.jar:/home/user/.m2/repository/com/fasterxml/woodstox/woodstox-core/5.0.3/woodstox-core-5.0.3.jar:/home/user/.m2/repository/dnsjava/dnsjava/2.1.7/dnsjava-2.1.7.jar:/home/user/.m2/repository/org/apache/hadoop/hadoop-hdfs/3.2.0/hadoop-hdfs-3.2.0-tests.jar:/home/user/.m2/repository/org/eclipse/jetty/jetty-util-ajax/9.3.24.v20180605/jetty-util-ajax-9.3.24.v20180605.jar:/home/user/.m2/repository/commons-daemon/commons-daemon/1.0.13/commons-daemon-1.0.13.jar:/home/user/.m2/repository/io/netty/netty/3.10.5.Final/netty-3.10.5.Final.jar:/home/user/.m2/repository/io/netty/netty-all/4.0.52.Final/netty-all-4.0.52.Final.jar:/home/user/.m2/repository/org/fusesource/leveldbjni/leveldbjni-all/1.8/leveldbjni-all-1.8.jar:"/>
    <property name="java.vm.vendor" value="IcedTea"/>
    <property name="sun.arch.data.model" value="64"/>
    <property name="test.build.dir" value="/workdir/hadoop-ozone/integration-test/target/test-dir"/>
    <property name="test.cache.data" value=""/>
    <property name="java.vendor.url" value="https://icedtea.classpath.org"/>
    <property name="user.timezone" value=""/>
    <property name="java.vm.specification.version" value="1.8"/>
    <property name="os.name" value="Linux"/>
    <property name="test.build.data" value="/workdir/hadoop-ozone/integration-test/target/test-dir"/>
    <property name="user.country" value="US"/>
    <property name="sun.java.launcher" value="SUN_STANDARD"/>
    <property name="sun.boot.library.path" value="/usr/lib/jvm/java-1.8-openjdk/jre/lib/amd64"/>
    <property name="sun.java.command" value="/workdir/hadoop-ozone/integration-test/target/surefire/surefirebooter6227453879203203294.jar /workdir/hadoop-ozone/integration-test/target/surefire 2019-08-28T06-00-26_147-jvmRun1 surefire1537386763304349805tmp surefire_486197669636338425926tmp"/>
    <property name="test" value="!TestMiniChaosOzoneCluster"/>
    <property name="surefire.test.class.path" value="/workdir/hadoop-ozone/integration-test/target/test-classes:/workdir/hadoop-ozone/integration-test/target/classes:/home/user/.m2/repository/org/apache/hadoop/hadoop-ozone-common/0.5.0-SNAPSHOT/hadoop-ozone-common-0.5.0-SNAPSHOT.jar:/home/user/.m2/repository/org/apache/commons/commons-compress/1.4.1/commons-compress-1.4.1.jar:/home/user/.m2/repository/org/tukaani/xz/1.0/xz-1.0.jar:/home/user/.m2/repository/org/apache/hadoop/hadoop-common/3.2.0/hadoop-common-3.2.0.jar:/home/user/.m2/repository/org/apache/hadoop/hadoop-hdfs/3.2.0/hadoop-hdfs-3.2.0.jar:/home/user/.m2/repository/org/apache/hadoop/hadoop-hdfs-client/3.2.0/hadoop-hdfs-client-3.2.0.jar:/home/user/.m2/repository/com/fasterxml/jackson/core/jackson-annotations/2.9.5/jackson-annotations-2.9.5.jar:/home/user/.m2/repository/org/apache/hadoop/hadoop-hdds-common/0.5.0-SNAPSHOT/hadoop-hdds-common-0.5.0-SNAPSHOT.jar:/home/user/.m2/repository/javax/annotation/javax.annotation-api/1.2/javax.annotation-api-1.2.jar:/home/user/.m2/repository/org/apache/ratis/ratis-server/0.4.0-2337318-SNAPSHOT/ratis-server-0.4.0-2337318-SNAPSHOT.jar:/home/user/.m2/repository/org/apache/ratis/ratis-thirdparty-misc/0.2.0/ratis-thirdparty-misc-0.2.0.jar:/home/user/.m2/repository/org/apache/ratis/ratis-proto/0.4.0-2337318-SNAPSHOT/ratis-proto-0.4.0-2337318-SNAPSHOT.jar:/home/user/.m2/repository/org/apache/ratis/ratis-common/0.4.0-2337318-SNAPSHOT/ratis-common-0.4.0-2337318-SNAPSHOT.jar:/home/user/.m2/repository/org/apache/ratis/ratis-client/0.4.0-2337318-SNAPSHOT/ratis-client-0.4.0-2337318-SNAPSHOT.jar:/home/user/.m2/repository/org/apache/ratis/ratis-metrics/0.4.0-2337318-SNAPSHOT/ratis-metrics-0.4.0-2337318-SNAPSHOT.jar:/home/user/.m2/repository/org/apache/ratis/ratis-netty/0.4.0-2337318-SNAPSHOT/ratis-netty-0.4.0-2337318-SNAPSHOT.jar:/home/user/.m2/repository/org/apache/ratis/ratis-grpc/0.4.0-2337318-SNAPSHOT/ratis-grpc-0.4.0-2337318-SNAPSHOT.jar:/home/user/.m2/repository/org/rocksdb/rocksdbjni/6.0.1/rocksdbjni-6.0.1.jar:/home/user/.m2/repository/org/apache/logging/log4j/log4j-api/2.11.0/log4j-api-2.11.0.jar:/home/user/.m2/repository/org/apache/logging/log4j/log4j-core/2.11.0/log4j-core-2.11.0.jar:/home/user/.m2/repository/com/lmax/disruptor/3.4.2/disruptor-3.4.2.jar:/home/user/.m2/repository/org/apache/commons/commons-pool2/2.6.0/commons-pool2-2.6.0.jar:/home/user/.m2/repository/org/bouncycastle/bcpkix-jdk15on/1.60/bcpkix-jdk15on-1.60.jar:/home/user/.m2/repository/commons-validator/commons-validator/1.6/commons-validator-1.6.jar:/home/user/.m2/repository/commons-digester/commons-digester/1.8.1/commons-digester-1.8.1.jar:/home/user/.m2/repository/io/jaegertracing/jaeger-client/0.33.1/jaeger-client-0.33.1.jar:/home/user/.m2/repository/io/jaegertracing/jaeger-thrift/0.33.1/jaeger-thrift-0.33.1.jar:/home/user/.m2/repository/org/apache/thrift/libthrift/0.11.0/libthrift-0.11.0.jar:/home/user/.m2/repository/com/squareup/okhttp3/okhttp/3.9.0/okhttp-3.9.0.jar:/home/user/.m2/repository/com/squareup/okio/okio/1.13.0/okio-1.13.0.jar:/home/user/.m2/repository/io/jaegertracing/jaeger-core/0.33.1/jaeger-core-0.33.1.jar:/home/user/.m2/repository/io/jaegertracing/jaeger-tracerresolver/0.33.1/jaeger-tracerresolver-0.33.1.jar:/home/user/.m2/repository/io/opentracing/contrib/opentracing-tracerresolver/0.1.5/opentracing-tracerresolver-0.1.5.jar:/home/user/.m2/repository/io/opentracing/opentracing-util/0.31.0/opentracing-util-0.31.0.jar:/home/user/.m2/repository/io/opentracing/opentracing-api/0.31.0/opentracing-api-0.31.0.jar:/home/user/.m2/repository/io/opentracing/opentracing-noop/0.31.0/opentracing-noop-0.31.0.jar:/home/user/.m2/repository/org/apache/hadoop/hadoop-hdds-server-framework/0.5.0-SNAPSHOT/hadoop-hdds-server-framework-0.5.0-SNAPSHOT.jar:/home/user/.m2/repository/org/apache/hadoop/hadoop-hdds-container-service/0.5.0-SNAPSHOT/hadoop-hdds-container-service-0.5.0-SNAPSHOT.jar:/home/user/.m2/repository/org/apache/hadoop/hadoop-hdds-client/0.5.0-SNAPSHOT/hadoop-hdds-client-0.5.0-SNAPSHOT.jar:/home/user/.m2/repository/org/apache/hadoop/hadoop-hdds-tools/0.5.0-SNAPSHOT/hadoop-hdds-tools-0.5.0-SNAPSHOT.jar:/home/user/.m2/repository/org/apache/hadoop/hadoop-hdds-server-scm/0.5.0-SNAPSHOT/hadoop-hdds-server-scm-0.5.0-SNAPSHOT.jar:/home/user/.m2/repository/org/apache/hadoop/hadoop-hdds-docs/0.5.0-SNAPSHOT/hadoop-hdds-docs-0.5.0-SNAPSHOT.jar:/home/user/.m2/repository/io/dropwizard/metrics/metrics-core/3.2.4/metrics-core-3.2.4.jar:/home/user/.m2/repository/org/hamcrest/hamcrest-all/1.3/hamcrest-all-1.3.jar:/home/user/.m2/repository/org/bouncycastle/bcprov-jdk15on/1.60/bcprov-jdk15on-1.60.jar:/home/user/.m2/repository/info/picocli/picocli/3.9.6/picocli-3.9.6.jar:/home/user/.m2/repository/com/google/protobuf/protobuf-java/2.5.0/protobuf-java-2.5.0.jar:/home/user/.m2/repository/com/google/guava/guava/11.0.2/guava-11.0.2.jar:/home/user/.m2/repository/org/apache/hadoop/hadoop-ozone-ozone-manager/0.5.0-SNAPSHOT/hadoop-ozone-ozone-manager-0.5.0-SNAPSHOT.jar:/home/user/.m2/repository/org/apache/hadoop/hadoop-minikdc/3.2.0/hadoop-minikdc-3.2.0.jar:/home/user/.m2/repository/commons-io/commons-io/2.5/commons-io-2.5.jar:/home/user/.m2/repository/org/apache/kerby/kerb-simplekdc/1.0.1/kerb-simplekdc-1.0.1.jar:/home/user/.m2/repository/org/apache/kerby/kerb-client/1.0.1/kerb-client-1.0.1.jar:/home/user/.m2/repository/org/apache/kerby/kerby-config/1.0.1/kerby-config-1.0.1.jar:/home/user/.m2/repository/org/apache/kerby/kerb-core/1.0.1/kerb-core-1.0.1.jar:/home/user/.m2/repository/org/apache/kerby/kerby-pkix/1.0.1/kerby-pkix-1.0.1.jar:/home/user/.m2/repository/org/apache/kerby/kerby-asn1/1.0.1/kerby-asn1-1.0.1.jar:/home/user/.m2/repository/org/apache/kerby/kerby-util/1.0.1/kerby-util-1.0.1.jar:/home/user/.m2/repository/org/apache/kerby/kerb-common/1.0.1/kerb-common-1.0.1.jar:/home/user/.m2/repository/org/apache/kerby/kerb-crypto/1.0.1/kerb-crypto-1.0.1.jar:/home/user/.m2/repository/org/apache/kerby/kerb-util/1.0.1/kerb-util-1.0.1.jar:/home/user/.m2/repository/org/apache/kerby/token-provider/1.0.1/token-provider-1.0.1.jar:/home/user/.m2/repository/org/apache/kerby/kerb-admin/1.0.1/kerb-admin-1.0.1.jar:/home/user/.m2/repository/org/apache/kerby/kerb-server/1.0.1/kerb-server-1.0.1.jar:/home/user/.m2/repository/org/apache/kerby/kerb-identity/1.0.1/kerb-identity-1.0.1.jar:/home/user/.m2/repository/org/apache/kerby/kerby-xdr/1.0.1/kerby-xdr-1.0.1.jar:/home/user/.m2/repository/org/slf4j/slf4j-log4j12/1.7.25/slf4j-log4j12-1.7.25.jar:/home/user/.m2/repository/org/apache/hadoop/hadoop-ozone-objectstore-service/0.5.0-SNAPSHOT/hadoop-ozone-objectstore-service-0.5.0-SNAPSHOT.jar:/home/user/.m2/repository/org/apache/hadoop/hadoop-ozone-s3gateway/0.5.0-SNAPSHOT/hadoop-ozone-s3gateway-0.5.0-SNAPSHOT.jar:/home/user/.m2/repository/org/jboss/weld/servlet/weld-servlet/2.4.7.Final/weld-servlet-2.4.7.Final.jar:/home/user/.m2/repository/org/glassfish/jersey/containers/jersey-container-servlet-core/2.27/jersey-container-servlet-core-2.27.jar:/home/user/.m2/repository/org/glassfish/hk2/external/javax.inject/2.5.0-b42/javax.inject-2.5.0-b42.jar:/home/user/.m2/repository/org/glassfish/jersey/core/jersey-common/2.27/jersey-common-2.27.jar:/home/user/.m2/repository/org/glassfish/hk2/osgi-resource-locator/1.0.1/osgi-resource-locator-1.0.1.jar:/home/user/.m2/repository/javax/ws/rs/javax.ws.rs-api/2.1/javax.ws.rs-api-2.1.jar:/home/user/.m2/repository/org/glassfish/jersey/ext/cdi/jersey-cdi1x/2.27/jersey-cdi1x-2.27.jar:/home/user/.m2/repository/org/glassfish/jersey/inject/jersey-hk2/2.27/jersey-hk2-2.27.jar:/home/user/.m2/repository/org/glassfish/hk2/hk2-locator/2.5.0-b42/hk2-locator-2.5.0-b42.jar:/home/user/.m2/repository/org/javassist/javassist/3.22.0-CR2/javassist-3.22.0-CR2.jar:/home/user/.m2/repository/org/glassfish/hk2/hk2-api/2.5.0/hk2-api-2.5.0.jar:/home/user/.m2/repository/org/glassfish/hk2/external/jakarta.inject/2.5.0/jakarta.inject-2.5.0.jar:/home/user/.m2/repository/org/glassfish/hk2/hk2-utils/2.5.0/hk2-utils-2.5.0.jar:/home/user/.m2/repository/jakarta/annotation/jakarta.annotation-api/1.3.4/jakarta.annotation-api-1.3.4.jar:/home/user/.m2/repository/org/glassfish/hk2/external/aopalliance-repackaged/2.5.0/aopalliance-repackaged-2.5.0.jar:/home/user/.m2/repository/com/fasterxml/jackson/dataformat/jackson-dataformat-xml/2.9.0/jackson-dataformat-xml-2.9.0.jar:/home/user/.m2/repository/com/fasterxml/jackson/core/jackson-core/2.9.5/jackson-core-2.9.5.jar:/home/user/.m2/repository/com/fasterxml/jackson/module/jackson-module-jaxb-annotations/2.9.5/jackson-module-jaxb-annotations-2.9.5.jar:/home/user/.m2/repository/javax/enterprise/cdi-api/1.2/cdi-api-1.2.jar:/home/user/.m2/repository/javax/el/javax.el-api/3.0.0/javax.el-api-3.0.0.jar:/home/user/.m2/repository/javax/interceptor/javax.interceptor-api/1.2/javax.interceptor-api-1.2.jar:/home/user/.m2/repository/javax/inject/javax.inject/1/javax.inject-1.jar:/home/user/.m2/repository/com/sun/xml/bind/jaxb-impl/2.3.0.1/jaxb-impl-2.3.0.1.jar:/home/user/.m2/repository/com/sun/xml/bind/jaxb-core/2.3.0.1/jaxb-core-2.3.0.1.jar:/home/user/.m2/repository/javax/xml/bind/jaxb-api/2.3.0/jaxb-api-2.3.0.jar:/home/user/.m2/repository/javax/activation/activation/1.1.1/activation-1.1.1.jar:/home/user/.m2/repository/org/apache/hadoop/hadoop-ozone-csi/0.5.0-SNAPSHOT/hadoop-ozone-csi-0.5.0-SNAPSHOT.jar:/home/user/.m2/repository/com/google/protobuf/protobuf-java-util/3.5.1/protobuf-java-util-3.5.1.jar:/home/user/.m2/repository/org/apache/hadoop/hadoop-hdds-config/0.5.0-SNAPSHOT/hadoop-hdds-config-0.5.0-SNAPSHOT.jar:/home/user/.m2/repository/io/grpc/grpc-netty/1.17.1/grpc-netty-1.17.1.jar:/home/user/.m2/repository/io/grpc/grpc-core/1.17.1/grpc-core-1.17.1.jar:/home/user/.m2/repository/io/grpc/grpc-context/1.17.1/grpc-context-1.17.1.jar:/home/user/.m2/repository/com/google/errorprone/error_prone_annotations/2.2.0/error_prone_annotations-2.2.0.jar:/home/user/.m2/repository/org/codehaus/mojo/animal-sniffer-annotations/1.17/animal-sniffer-annotations-1.17.jar:/home/user/.m2/repository/io/opencensus/opencensus-api/0.17.0/opencensus-api-0.17.0.jar:/home/user/.m2/repository/io/opencensus/opencensus-contrib-grpc-metrics/0.17.0/opencensus-contrib-grpc-metrics-0.17.0.jar:/home/user/.m2/repository/io/netty/netty-codec-http2/4.1.30.Final/netty-codec-http2-4.1.30.Final.jar:/home/user/.m2/repository/io/netty/netty-codec-http/4.1.30.Final/netty-codec-http-4.1.30.Final.jar:/home/user/.m2/repository/io/netty/netty-codec/4.1.30.Final/netty-codec-4.1.30.Final.jar:/home/user/.m2/repository/io/netty/netty-handler/4.1.30.Final/netty-handler-4.1.30.Final.jar:/home/user/.m2/repository/io/netty/netty-handler-proxy/4.1.30.Final/netty-handler-proxy-4.1.30.Final.jar:/home/user/.m2/repository/io/netty/netty-codec-socks/4.1.30.Final/netty-codec-socks-4.1.30.Final.jar:/home/user/.m2/repository/io/netty/netty-transport-native-epoll/4.1.30.Final/netty-transport-native-epoll-4.1.30.Final.jar:/home/user/.m2/repository/io/netty/netty-common/4.1.30.Final/netty-common-4.1.30.Final.jar:/home/user/.m2/repository/io/netty/netty-buffer/4.1.30.Final/netty-buffer-4.1.30.Final.jar:/home/user/.m2/repository/io/netty/netty-transport/4.1.30.Final/netty-transport-4.1.30.Final.jar:/home/user/.m2/repository/io/netty/netty-resolver/4.1.30.Final/netty-resolver-4.1.30.Final.jar:/home/user/.m2/repository/io/netty/netty-transport-native-unix-common/4.1.30.Final/netty-transport-native-unix-common-4.1.30.Final.jar:/home/user/.m2/repository/io/grpc/grpc-protobuf/1.17.1/grpc-protobuf-1.17.1.jar:/home/user/.m2/repository/com/google/api/grpc/proto-google-common-protos/1.0.0/proto-google-common-protos-1.0.0.jar:/home/user/.m2/repository/io/grpc/grpc-protobuf-lite/1.17.1/grpc-protobuf-lite-1.17.1.jar:/home/user/.m2/repository/io/grpc/grpc-stub/1.17.1/grpc-stub-1.17.1.jar:/home/user/.m2/repository/org/apache/hadoop/hadoop-ozone-recon/0.5.0-SNAPSHOT/hadoop-ozone-recon-0.5.0-SNAPSHOT.jar:/home/user/.m2/repository/org/apache/hadoop/hadoop-ozone-reconcodegen/0.5.0-SNAPSHOT/hadoop-ozone-reconcodegen-0.5.0-SNAPSHOT.jar:/home/user/.m2/repository/com/google/inject/extensions/guice-multibindings/4.0/guice-multibindings-4.0.jar:/home/user/.m2/repository/com/google/inject/guice/4.0/guice-4.0.jar:/home/user/.m2/repository/aopalliance/aopalliance/1.0/aopalliance-1.0.jar:/home/user/.m2/repository/com/google/inject/extensions/guice-servlet/4.0/guice-servlet-4.0.jar:/home/user/.m2/repository/org/glassfish/jersey/containers/jersey-container-servlet/2.27/jersey-container-servlet-2.27.jar:/home/user/.m2/repository/org/glassfish/hk2/guice-bridge/2.5.0/guice-bridge-2.5.0.jar:/home/user/.m2/repository/org/glassfish/jersey/core/jersey-server/2.27/jersey-server-2.27.jar:/home/user/.m2/repository/org/glassfish/jersey/core/jersey-client/2.27/jersey-client-2.27.jar:/home/user/.m2/repository/org/glassfish/jersey/media/jersey-media-jaxb/2.27/jersey-media-jaxb-2.27.jar:/home/user/.m2/repository/javax/validation/validation-api/1.1.0.Final/validation-api-1.1.0.Final.jar:/home/user/.m2/repository/org/glassfish/jersey/media/jersey-media-json-jackson/2.27/jersey-media-json-jackson-2.27.jar:/home/user/.m2/repository/org/glassfish/jersey/ext/jersey-entity-filtering/2.27/jersey-entity-filtering-2.27.jar:/home/user/.m2/repository/com/google/inject/extensions/guice-assistedinject/4.0/guice-assistedinject-4.0.jar:/home/user/.m2/repository/org/jooq/jooq/3.11.10/jooq-3.11.10.jar:/home/user/.m2/repository/org/jooq/jooq-meta/3.11.10/jooq-meta-3.11.10.jar:/home/user/.m2/repository/org/jooq/jooq-codegen/3.11.10/jooq-codegen-3.11.10.jar:/home/user/.m2/repository/com/jolbox/bonecp/0.8.0.RELEASE/bonecp-0.8.0.RELEASE.jar:/home/user/.m2/repository/org/xerial/sqlite-jdbc/3.25.2/sqlite-jdbc-3.25.2.jar:/home/user/.m2/repository/org/springframework/spring-jdbc/5.1.3.RELEASE/spring-jdbc-5.1.3.RELEASE.jar:/home/user/.m2/repository/org/springframework/spring-beans/5.1.3.RELEASE/spring-beans-5.1.3.RELEASE.jar:/home/user/.m2/repository/org/springframework/spring-core/5.1.3.RELEASE/spring-core-5.1.3.RELEASE.jar:/home/user/.m2/repository/org/springframework/spring-jcl/5.1.3.RELEASE/spring-jcl-5.1.3.RELEASE.jar:/home/user/.m2/repository/org/springframework/spring-tx/5.1.3.RELEASE/spring-tx-5.1.3.RELEASE.jar:/home/user/.m2/repository/org/apache/hadoop/hadoop-ozone-client/0.5.0-SNAPSHOT/hadoop-ozone-client-0.5.0-SNAPSHOT.jar:/home/user/.m2/repository/commons-lang/commons-lang/2.6/commons-lang-2.6.jar:/home/user/.m2/repository/org/apache/hadoop/hadoop-ozone-ozone-manager/0.5.0-SNAPSHOT/hadoop-ozone-ozone-manager-0.5.0-SNAPSHOT-tests.jar:/home/user/.m2/repository/junit/junit/4.11/junit-4.11.jar:/home/user/.m2/repository/org/hamcrest/hamcrest-core/1.3/hamcrest-core-1.3.jar:/home/user/.m2/repository/org/openjdk/jmh/jmh-core/1.19/jmh-core-1.19.jar:/home/user/.m2/repository/net/sf/jopt-simple/jopt-simple/4.6/jopt-simple-4.6.jar:/home/user/.m2/repository/org/apache/commons/commons-math3/3.1.1/commons-math3-3.1.1.jar:/home/user/.m2/repository/org/openjdk/jmh/jmh-generator-annprocess/1.19/jmh-generator-annprocess-1.19.jar:/home/user/.m2/repository/org/mockito/mockito-all/1.8.5/mockito-all-1.8.5.jar:/home/user/.m2/repository/org/apache/hadoop/hadoop-kms/3.2.0/hadoop-kms-3.2.0.jar:/home/user/.m2/repository/org/apache/hadoop/hadoop-auth/3.2.0/hadoop-auth-3.2.0.jar:/home/user/.m2/repository/com/nimbusds/nimbus-jose-jwt/4.41.1/nimbus-jose-jwt-4.41.1.jar:/home/user/.m2/repository/com/github/stephenc/jcip/jcip-annotations/1.0-1/jcip-annotations-1.0-1.jar:/home/user/.m2/repository/net/minidev/json-smart/2.3/json-smart-2.3.jar:/home/user/.m2/repository/net/minidev/accessors-smart/1.2/accessors-smart-1.2.jar:/home/user/.m2/repository/org/ow2/asm/asm/5.0.4/asm-5.0.4.jar:/home/user/.m2/repository/org/apache/curator/curator-framework/2.12.0/curator-framework-2.12.0.jar:/home/user/.m2/repository/com/sun/jersey/jersey-core/1.19/jersey-core-1.19.jar:/home/user/.m2/repository/javax/ws/rs/jsr311-api/1.1.1/jsr311-api-1.1.1.jar:/home/user/.m2/repository/com/sun/jersey/jersey-server/1.19/jersey-server-1.19.jar:/home/user/.m2/repository/javax/servlet/javax.servlet-api/3.1.0/javax.servlet-api-3.1.0.jar:/home/user/.m2/repository/org/eclipse/jetty/jetty-server/9.3.24.v20180605/jetty-server-9.3.24.v20180605.jar:/home/user/.m2/repository/org/eclipse/jetty/jetty-http/9.3.24.v20180605/jetty-http-9.3.24.v20180605.jar:/home/user/.m2/repository/org/eclipse/jetty/jetty-io/9.3.24.v20180605/jetty-io-9.3.24.v20180605.jar:/home/user/.m2/repository/org/eclipse/jetty/jetty-webapp/9.3.24.v20180605/jetty-webapp-9.3.24.v20180605.jar:/home/user/.m2/repository/org/eclipse/jetty/jetty-xml/9.3.24.v20180605/jetty-xml-9.3.24.v20180605.jar:/home/user/.m2/repository/log4j/log4j/1.2.17/log4j-1.2.17.jar:/home/user/.m2/repository/org/slf4j/slf4j-api/1.7.25/slf4j-api-1.7.25.jar:/home/user/.m2/repository/org/slf4j/jul-to-slf4j/1.7.25/jul-to-slf4j-1.7.25.jar:/home/user/.m2/repository/org/eclipse/jetty/jetty-util/9.3.24.v20180605/jetty-util-9.3.24.v20180605.jar:/home/user/.m2/repository/com/fasterxml/jackson/core/jackson-databind/2.9.5/jackson-databind-2.9.5.jar:/home/user/.m2/repository/org/apache/hadoop/hadoop-kms/3.2.0/hadoop-kms-3.2.0-tests.jar:/home/user/.m2/repository/org/apache/hadoop/hadoop-hdds-server-scm/0.5.0-SNAPSHOT/hadoop-hdds-server-scm-0.5.0-SNAPSHOT-tests.jar:/home/user/.m2/repository/org/apache/hadoop/hadoop-hdds-container-service/0.5.0-SNAPSHOT/hadoop-hdds-container-service-0.5.0-SNAPSHOT-tests.jar:/home/user/.m2/repository/org/yaml/snakeyaml/1.16/snakeyaml-1.16.jar:/home/user/.m2/repository/org/apache/hadoop/hadoop-common/3.2.0/hadoop-common-3.2.0-tests.jar:/home/user/.m2/repository/org/apache/hadoop/hadoop-annotations/3.2.0/hadoop-annotations-3.2.0.jar:/usr/lib/jvm/java-1.8-openjdk/jre/../lib/tools.jar:/home/user/.m2/repository/commons-cli/commons-cli/1.2/commons-cli-1.2.jar:/home/user/.m2/repository/org/apache/httpcomponents/httpclient/4.5.2/httpclient-4.5.2.jar:/home/user/.m2/repository/org/apache/httpcomponents/httpcore/4.4.4/httpcore-4.4.4.jar:/home/user/.m2/repository/commons-codec/commons-codec/1.11/commons-codec-1.11.jar:/home/user/.m2/repository/commons-net/commons-net/3.6/commons-net-3.6.jar:/home/user/.m2/repository/commons-collections/commons-collections/3.2.2/commons-collections-3.2.2.jar:/home/user/.m2/repository/org/eclipse/jetty/jetty-servlet/9.3.24.v20180605/jetty-servlet-9.3.24.v20180605.jar:/home/user/.m2/repository/org/eclipse/jetty/jetty-security/9.3.24.v20180605/jetty-security-9.3.24.v20180605.jar:/home/user/.m2/repository/javax/servlet/jsp/jsp-api/2.1/jsp-api-2.1.jar:/home/user/.m2/repository/com/sun/jersey/jersey-servlet/1.19/jersey-servlet-1.19.jar:/home/user/.m2/repository/com/sun/jersey/jersey-json/1.19/jersey-json-1.19.jar:/home/user/.m2/repository/org/codehaus/jettison/jettison/1.1/jettison-1.1.jar:/home/user/.m2/repository/org/codehaus/jackson/jackson-core-asl/1.9.13/jackson-core-asl-1.9.13.jar:/home/user/.m2/repository/org/codehaus/jackson/jackson-mapper-asl/1.9.13/jackson-mapper-asl-1.9.13.jar:/home/user/.m2/repository/org/codehaus/jackson/jackson-jaxrs/1.9.13/jackson-jaxrs-1.9.13.jar:/home/user/.m2/repository/org/codehaus/jackson/jackson-xc/1.9.13/jackson-xc-1.9.13.jar:/home/user/.m2/repository/commons-logging/commons-logging/1.1.3/commons-logging-1.1.3.jar:/home/user/.m2/repository/commons-beanutils/commons-beanutils/1.9.3/commons-beanutils-1.9.3.jar:/home/user/.m2/repository/org/apache/commons/commons-configuration2/2.1.1/commons-configuration2-2.1.1.jar:/home/user/.m2/repository/org/apache/commons/commons-lang3/3.7/commons-lang3-3.7.jar:/home/user/.m2/repository/org/apache/commons/commons-text/1.4/commons-text-1.4.jar:/home/user/.m2/repository/org/apache/avro/avro/1.7.7/avro-1.7.7.jar:/home/user/.m2/repository/com/thoughtworks/paranamer/paranamer/2.3/paranamer-2.3.jar:/home/user/.m2/repository/org/xerial/snappy/snappy-java/1.0.5/snappy-java-1.0.5.jar:/home/user/.m2/repository/com/google/re2j/re2j/1.1/re2j-1.1.jar:/home/user/.m2/repository/com/google/code/gson/gson/2.2.4/gson-2.2.4.jar:/home/user/.m2/repository/com/jcraft/jsch/0.1.54/jsch-0.1.54.jar:/home/user/.m2/repository/org/apache/curator/curator-client/2.12.0/curator-client-2.12.0.jar:/home/user/.m2/repository/org/apache/curator/curator-recipes/2.12.0/curator-recipes-2.12.0.jar:/home/user/.m2/repository/com/google/code/findbugs/jsr305/3.0.0/jsr305-3.0.0.jar:/home/user/.m2/repository/org/apache/htrace/htrace-core4/4.1.0-incubating/htrace-core4-4.1.0-incubating.jar:/home/user/.m2/repository/org/apache/zookeeper/zookeeper/3.4.13/zookeeper-3.4.13.jar:/home/user/.m2/repository/org/apache/yetus/audience-annotations/0.5.0/audience-annotations-0.5.0.jar:/home/user/.m2/repository/org/codehaus/woodstox/stax2-api/3.1.4/stax2-api-3.1.4.jar:/home/user/.m2/repository/com/fasterxml/woodstox/woodstox-core/5.0.3/woodstox-core-5.0.3.jar:/home/user/.m2/repository/dnsjava/dnsjava/2.1.7/dnsjava-2.1.7.jar:/home/user/.m2/repository/org/apache/hadoop/hadoop-hdfs/3.2.0/hadoop-hdfs-3.2.0-tests.jar:/home/user/.m2/repository/org/eclipse/jetty/jetty-util-ajax/9.3.24.v20180605/jetty-util-ajax-9.3.24.v20180605.jar:/home/user/.m2/repository/commons-daemon/commons-daemon/1.0.13/commons-daemon-1.0.13.jar:/home/user/.m2/repository/io/netty/netty/3.10.5.Final/netty-3.10.5.Final.jar:/home/user/.m2/repository/io/netty/netty-all/4.0.52.Final/netty-all-4.0.52.Final.jar:/home/user/.m2/repository/org/fusesource/leveldbjni/leveldbjni-all/1.8/leveldbjni-all-1.8.jar:"/>
    <property name="sun.cpu.endian" value="little"/>
    <property name="user.home" value="/home/user"/>
    <property name="user.language" value="en"/>
    <property name="java.specification.vendor" value="Oracle Corporation"/>
    <property name="java.home" value="/usr/lib/jvm/java-1.8-openjdk/jre"/>
    <property name="java.security.krb5.conf" value="/workdir/hadoop-ozone/integration-test/target/test-classes/krb5.conf"/>
    <property name="basedir" value="/workdir/hadoop-ozone/integration-test"/>
    <property name="file.separator" value="/"/>
    <property name="line.separator" value="&#10;"/>
    <property name="java.vm.specification.vendor" value="Oracle Corporation"/>
    <property name="java.specification.name" value="Java Platform API Specification"/>
    <property name="java.awt.graphicsenv" value="sun.awt.X11GraphicsEnvironment"/>
    <property name="surefire.real.class.path" value="/workdir/hadoop-ozone/integration-test/target/surefire/surefirebooter6227453879203203294.jar"/>
    <property name="hadoop.log.dir" value="/workdir/hadoop-ozone/integration-test/target/log"/>
    <property name="sun.boot.class.path" value="/usr/lib/jvm/java-1.8-openjdk/jre/lib/resources.jar:/usr/lib/jvm/java-1.8-openjdk/jre/lib/rt.jar:/usr/lib/jvm/java-1.8-openjdk/jre/lib/sunrsasign.jar:/usr/lib/jvm/java-1.8-openjdk/jre/lib/jsse.jar:/usr/lib/jvm/java-1.8-openjdk/jre/lib/jce.jar:/usr/lib/jvm/java-1.8-openjdk/jre/lib/charsets.jar:/usr/lib/jvm/java-1.8-openjdk/jre/lib/jfr.jar:/usr/lib/jvm/java-1.8-openjdk/jre/classes"/>
    <property name="sun.management.compiler" value="HotSpot 64-Bit Tiered Compilers"/>
    <property name="java.runtime.version" value="1.8.0_212-b04"/>
    <property name="java.net.preferIPv4Stack" value="true"/>
    <property name="user.name" value="jenkins1000"/>
    <property name="path.separator" value=":"/>
    <property name="java.security.egd" value="file:///dev/urandom"/>
    <property name="os.version" value="3.10.0-957.12.2.el7.x86_64"/>
    <property name="java.endorsed.dirs" value="/usr/lib/jvm/java-1.8-openjdk/jre/lib/endorsed"/>
    <property name="java.runtime.name" value="OpenJDK Runtime Environment"/>
    <property name="file.encoding" value="UTF-8"/>
    <property name="java.vm.name" value="OpenJDK 64-Bit Server VM"/>
    <property name="test.build.webapps" value=""/>
    <property name="localRepository" value="/home/user/.m2/repository"/>
    <property name="java.vendor.url.bug" value="https://icedtea.classpath.org/bugzilla"/>
    <property name="java.io.tmpdir" value="/tmp"/>
    <property name="require.test.libhadoop" value=""/>
    <property name="java.version" value="1.8.0_212"/>
    <property name="user.dir" value="/workdir/hadoop-ozone/integration-test"/>
    <property name="os.arch" value="amd64"/>
    <property name="java.vm.specification.name" value="Java Virtual Machine Specification"/>
    <property name="test.build.classes" value="/workdir/hadoop-ozone/integration-test/target/test-classes"/>
    <property name="java.awt.printerjob" value="sun.print.PSPrinterJob"/>
    <property name="sun.os.patch.level" value="unknown"/>
    <property name="hadoop.tmp.dir" value="/workdir/hadoop-ozone/integration-test/target/tmp"/>
    <property name="java.library.path" value="/usr/lib/jvm/java-1.8-openjdk/jre/lib/amd64/server:/usr/lib/jvm/java-1.8-openjdk/jre/lib/amd64:/usr/lib/jvm/java-1.8-openjdk/jre/../lib/amd64:/workdir/hadoop-ozone/integration-test/target/native/target/usr/local/lib:/workdir/hadoop-ozone/integration-test/../../hadoop-common-project/hadoop-common/target/native/target/usr/local/lib:/usr/java/packages/lib/amd64:/usr/lib64:/lib64:/lib:/usr/lib"/>
    <property name="java.vm.info" value="mixed mode"/>
    <property name="java.vendor" value="IcedTea"/>
    <property name="java.vm.version" value="25.212-b04"/>
    <property name="java.ext.dirs" value="/usr/lib/jvm/java-1.8-openjdk/jre/lib/ext:/usr/java/packages/lib/ext"/>
    <property name="sun.io.unicode.encoding" value="UnicodeLittle"/>
    <property name="java.class.version" value="52.0"/>
  </properties>
  <testcase name="test2DatanodesFailure" classname="org.apache.hadoop.ozone.client.rpc.TestBlockOutputStreamWithFailures" time="112.629"/>
  <testcase name="testDatanodeFailureWithPreAllocation" classname="org.apache.hadoop.ozone.client.rpc.TestBlockOutputStreamWithFailures" time="228.893"/>
  <testcase name="testDatanodeFailureWithSingleNodeRatis" classname="org.apache.hadoop.ozone.client.rpc.TestBlockOutputStreamWithFailures" time="224.635"/>
  <testcase name="testWatchForCommitWithSingleNodeRatis" classname="org.apache.hadoop.ozone.client.rpc.TestBlockOutputStreamWithFailures" time="35.129"/>
  <testcase name="testWatchForCommitDatanodeFailure" classname="org.apache.hadoop.ozone.client.rpc.TestBlockOutputStreamWithFailures" time="53.46">
    <failure message="expected:&lt;2&gt; but was:&lt;3&gt;" type="java.lang.AssertionError"><![CDATA[java.lang.AssertionError: expected:<2> but was:<3>
	at org.junit.Assert.fail(Assert.java:88)
	at org.junit.Assert.failNotEquals(Assert.java:743)
	at org.junit.Assert.assertEquals(Assert.java:118)
	at org.junit.Assert.assertEquals(Assert.java:555)
	at org.junit.Assert.assertEquals(Assert.java:542)
	at org.apache.hadoop.ozone.client.rpc.TestBlockOutputStreamWithFailures.testWatchForCommitDatanodeFailure(TestBlockOutputStreamWithFailures.java:366)
	at sun.reflect.NativeMethodAccessorImpl.invoke0(Native Method)
	at sun.reflect.NativeMethodAccessorImpl.invoke(NativeMethodAccessorImpl.java:62)
	at sun.reflect.DelegatingMethodAccessorImpl.invoke(DelegatingMethodAccessorImpl.java:43)
	at java.lang.reflect.Method.invoke(Method.java:498)
	at org.junit.runners.model.FrameworkMethod$1.runReflectiveCall(FrameworkMethod.java:47)
	at org.junit.internal.runners.model.ReflectiveCallable.run(ReflectiveCallable.java:12)
	at org.junit.runners.model.FrameworkMethod.invokeExplosively(FrameworkMethod.java:44)
	at org.junit.internal.runners.statements.InvokeMethod.evaluate(InvokeMethod.java:17)
	at org.junit.internal.runners.statements.RunBefores.evaluate(RunBefores.java:26)
	at org.junit.internal.runners.statements.RunAfters.evaluate(RunAfters.java:27)
	at org.junit.runners.ParentRunner.runLeaf(ParentRunner.java:271)
	at org.junit.runners.BlockJUnit4ClassRunner.runChild(BlockJUnit4ClassRunner.java:70)
	at org.junit.runners.BlockJUnit4ClassRunner.runChild(BlockJUnit4ClassRunner.java:50)
	at org.junit.runners.ParentRunner$3.run(ParentRunner.java:238)
	at org.junit.runners.ParentRunner$1.schedule(ParentRunner.java:63)
	at org.junit.runners.ParentRunner.runChildren(ParentRunner.java:236)
	at org.junit.runners.ParentRunner.access$000(ParentRunner.java:53)
	at org.junit.runners.ParentRunner$2.evaluate(ParentRunner.java:229)
	at org.junit.runners.ParentRunner.run(ParentRunner.java:309)
	at org.apache.maven.surefire.junit4.JUnit4Provider.execute(JUnit4Provider.java:365)
	at org.apache.maven.surefire.junit4.JUnit4Provider.executeWithRerun(JUnit4Provider.java:273)
	at org.apache.maven.surefire.junit4.JUnit4Provider.executeTestSet(JUnit4Provider.java:238)
	at org.apache.maven.surefire.junit4.JUnit4Provider.invoke(JUnit4Provider.java:159)
	at org.apache.maven.surefire.booter.ForkedBooter.invokeProviderInSameClassLoader(ForkedBooter.java:384)
	at org.apache.maven.surefire.booter.ForkedBooter.runSuitesInProcess(ForkedBooter.java:345)
	at org.apache.maven.surefire.booter.ForkedBooter.execute(ForkedBooter.java:126)
	at org.apache.maven.surefire.booter.ForkedBooter.main(ForkedBooter.java:418)
]]></failure>
    <system-out><![CDATA[2019-08-28 06:33:43,711 [main] WARN  server.ServerUtils (ServerUtils.java:getScmDbDir(145)) - ozone.scm.db.dirs is not configured. We recommend adding this setting. Falling back to ozone.metadata.dirs instead.
2019-08-28 06:33:43,738 [main] WARN  server.ServerUtils (ServerUtils.java:getScmDbDir(145)) - ozone.scm.db.dirs is not configured. We recommend adding this setting. Falling back to ozone.metadata.dirs instead.
2019-08-28 06:33:43,739 [main] WARN  server.ServerUtils (ServerUtils.java:getScmDbDir(145)) - ozone.scm.db.dirs is not configured. We recommend adding this setting. Falling back to ozone.metadata.dirs instead.
2019-08-28 06:33:43,739 [main] INFO  db.DBStoreBuilder (DBStoreBuilder.java:addTable(110)) - using custom profile for table: deletedBlocks
2019-08-28 06:33:43,739 [main] INFO  db.DBStoreBuilder (DBStoreBuilder.java:processTables(161)) - Using default column profile:DBProfile.DISK for Table:deletedBlocks
2019-08-28 06:33:43,740 [main] INFO  db.DBStoreBuilder (DBStoreBuilder.java:addTable(110)) - using custom profile for table: validCerts
2019-08-28 06:33:43,740 [main] INFO  db.DBStoreBuilder (DBStoreBuilder.java:processTables(161)) - Using default column profile:DBProfile.DISK for Table:validCerts
2019-08-28 06:33:43,740 [main] INFO  db.DBStoreBuilder (DBStoreBuilder.java:addTable(110)) - using custom profile for table: revokedCerts
2019-08-28 06:33:43,740 [main] INFO  db.DBStoreBuilder (DBStoreBuilder.java:processTables(161)) - Using default column profile:DBProfile.DISK for Table:revokedCerts
2019-08-28 06:33:43,740 [main] INFO  db.DBStoreBuilder (DBStoreBuilder.java:addTable(110)) - using custom profile for table: default
2019-08-28 06:33:43,740 [main] INFO  db.DBStoreBuilder (DBStoreBuilder.java:processTables(167)) - Using default column profile:DBProfile.DISK for Table:default
2019-08-28 06:33:43,741 [main] INFO  db.DBStoreBuilder (DBStoreBuilder.java:getDbProfile(198)) - Using default options. DBProfile.DISK
2019-08-28 06:33:43,897 [main] INFO  net.NodeSchemaLoader (NodeSchemaLoader.java:loadSchemaFromFile(125)) - Loading file from sun.misc.CompoundEnumeration@311eb725
2019-08-28 06:33:43,897 [main] INFO  net.NodeSchemaLoader (NodeSchemaLoader.java:loadSchema(171)) - Loading network topology layer schema file
2019-08-28 06:33:43,901 [main] INFO  node.SCMNodeManager (SCMNodeManager.java:<init>(121)) - Entering startup safe mode.
2019-08-28 06:33:43,901 [main] INFO  algorithms.ContainerPlacementPolicyFactory (ContainerPlacementPolicyFactory.java:getPolicy(55)) - Create container placement policy of type org.apache.hadoop.hdds.scm.container.placement.algorithms.SCMContainerPlacementRandom
2019-08-28 06:33:43,902 [main] WARN  server.ServerUtils (ServerUtils.java:getScmDbDir(145)) - ozone.scm.db.dirs is not configured. We recommend adding this setting. Falling back to ozone.metadata.dirs instead.
2019-08-28 06:33:43,950 [main] INFO  pipeline.SCMPipelineManager (SCMPipelineManager.java:initializePipelineState(126)) - No pipeline exists in current db
2019-08-28 06:33:43,950 [main] WARN  server.ServerUtils (ServerUtils.java:getScmDbDir(145)) - ozone.scm.db.dirs is not configured. We recommend adding this setting. Falling back to ozone.metadata.dirs instead.
2019-08-28 06:33:44,000 [main] WARN  events.EventQueue (EventQueue.java:fireEvent(175)) - No event handler registered for event TypedEvent{payloadType=SafeModeStatus, name='SafeModeStatus'}
2019-08-28 06:33:44,000 [main] INFO  ipc.CallQueueManager (CallQueueManager.java:<init>(84)) - Using callQueue: class java.util.concurrent.LinkedBlockingQueue, queueCapacity: 2000, scheduler: class org.apache.hadoop.ipc.DefaultRpcScheduler, ipcBackoff: false.
2019-08-28 06:33:44,001 [Socket Reader #1 for port 41355] INFO  ipc.Server (Server.java:run(1074)) - Starting Socket Reader #1 for port 41355
2019-08-28 06:33:44,002 [main] INFO  ipc.CallQueueManager (CallQueueManager.java:<init>(84)) - Using callQueue: class java.util.concurrent.LinkedBlockingQueue, queueCapacity: 2000, scheduler: class org.apache.hadoop.ipc.DefaultRpcScheduler, ipcBackoff: false.
2019-08-28 06:33:44,003 [Socket Reader #1 for port 43485] INFO  ipc.Server (Server.java:run(1074)) - Starting Socket Reader #1 for port 43485
2019-08-28 06:33:44,004 [main] INFO  ipc.CallQueueManager (CallQueueManager.java:<init>(84)) - Using callQueue: class java.util.concurrent.LinkedBlockingQueue, queueCapacity: 2000, scheduler: class org.apache.hadoop.ipc.DefaultRpcScheduler, ipcBackoff: false.
2019-08-28 06:33:44,004 [Socket Reader #1 for port 41889] INFO  ipc.Server (Server.java:run(1074)) - Starting Socket Reader #1 for port 41889
2019-08-28 06:33:44,006 [main] INFO  hdfs.DFSUtil (DFSUtil.java:httpServerTemplateForNNAndJN(1641)) - Starting Web-server for scm at: http://0.0.0.0:0
2019-08-28 06:33:44,007 [main] INFO  server.AuthenticationFilter (AuthenticationFilter.java:constructSecretProvider(240)) - Unable to initialize FileSignerSecretProvider, falling back to use random secrets.
2019-08-28 06:33:44,008 [main] WARN  http.HttpRequestLog (HttpRequestLog.java:getRequestLog(97)) - Jetty request log can only be enabled using Log4j
2019-08-28 06:33:44,009 [main] INFO  http.HttpServer2 (HttpServer2.java:addGlobalFilter(975)) - Added global filter 'safety' (class=org.apache.hadoop.http.HttpServer2$QuotingInputFilter)
2019-08-28 06:33:44,010 [main] INFO  http.HttpServer2 (HttpServer2.java:addFilter(948)) - Added filter static_user_filter (class=org.apache.hadoop.http.lib.StaticUserWebFilter$StaticUserFilter) to context scm
2019-08-28 06:33:44,010 [main] INFO  http.HttpServer2 (HttpServer2.java:addFilter(958)) - Added filter static_user_filter (class=org.apache.hadoop.http.lib.StaticUserWebFilter$StaticUserFilter) to context logs
2019-08-28 06:33:44,010 [main] INFO  http.HttpServer2 (HttpServer2.java:addFilter(958)) - Added filter static_user_filter (class=org.apache.hadoop.http.lib.StaticUserWebFilter$StaticUserFilter) to context static
2019-08-28 06:33:44,011 [main] INFO  server.StorageContainerManager (StorageContainerManager.java:start(759)) - StorageContainerLocationProtocol RPC server is listening at /0.0.0.0:41889
2019-08-28 06:33:44,013 [main] WARN  impl.MetricsConfig (MetricsConfig.java:loadFirst(134)) - Cannot locate configuration: tried hadoop-metrics2-storagecontainermanager.properties,hadoop-metrics2.properties
2019-08-28 06:33:44,014 [main] INFO  impl.MetricsSystemImpl (MetricsSystemImpl.java:startTimer(374)) - Scheduled Metric snapshot period at 10 second(s).
2019-08-28 06:33:44,014 [main] INFO  impl.MetricsSystemImpl (MetricsSystemImpl.java:start(191)) - StorageContainerManager metrics system started
2019-08-28 06:33:44,070 [main] INFO  server.SCMClientProtocolServer (SCMClientProtocolServer.java:start(151)) - RPC server for Client  is listening at /0.0.0.0:41889
2019-08-28 06:33:44,071 [IPC Server Responder] INFO  ipc.Server (Server.java:run(1314)) - IPC Server Responder: starting
2019-08-28 06:33:44,071 [IPC Server listener on 41889] INFO  ipc.Server (Server.java:run(1153)) - IPC Server listener on 41889: starting
2019-08-28 06:33:44,075 [main] INFO  server.StorageContainerManager (StorageContainerManager.java:start(769)) - ScmBlockLocationProtocol RPC server is listening at /0.0.0.0:43485
2019-08-28 06:33:44,075 [main] INFO  server.SCMBlockProtocolServer (SCMBlockProtocolServer.java:start(140)) - RPC server for Block Protocol is listening at /0.0.0.0:43485
2019-08-28 06:33:44,076 [IPC Server Responder] INFO  ipc.Server (Server.java:run(1314)) - IPC Server Responder: starting
2019-08-28 06:33:44,076 [IPC Server listener on 43485] INFO  ipc.Server (Server.java:run(1153)) - IPC Server listener on 43485: starting
2019-08-28 06:33:44,079 [main] INFO  server.StorageContainerManager (StorageContainerManager.java:start(773)) - ScmDatanodeProtocl RPC server is listening at /0.0.0.0:41355
2019-08-28 06:33:44,080 [main] INFO  server.SCMDatanodeProtocolServer (SCMDatanodeProtocolServer.java:start(191)) - RPC server for DataNodes is listening at /0.0.0.0:41355
2019-08-28 06:33:44,080 [IPC Server Responder] INFO  ipc.Server (Server.java:run(1314)) - IPC Server Responder: starting
2019-08-28 06:33:44,080 [IPC Server listener on 41355] INFO  ipc.Server (Server.java:run(1153)) - IPC Server listener on 41355: starting
2019-08-28 06:33:44,084 [main] INFO  http.HttpServer2 (HttpServer2.java:bindListener(1191)) - Jetty bound to port 46787
2019-08-28 06:33:44,084 [main] INFO  server.Server (Server.java:doStart(351)) - jetty-9.3.24.v20180605, build timestamp: 2018-06-05T17:11:56Z, git hash: 84205aa28f11a4f31f2a3b86d1bba2cc8ab69827
2019-08-28 06:33:44,086 [main] INFO  handler.ContextHandler (ContextHandler.java:doStart(781)) - Started o.e.j.s.ServletContextHandler@67e12e28{/logs,file:///workdir/hadoop-ozone/integration-test/target/log,AVAILABLE}
2019-08-28 06:33:44,086 [main] INFO  handler.ContextHandler (ContextHandler.java:doStart(781)) - Started o.e.j.s.ServletContextHandler@96271d8{/static,file:///workdir/hadoop-ozone/integration-test/target/test-classes/webapps/static,AVAILABLE}
2019-08-28 06:33:44,090 [main] INFO  handler.ContextHandler (ContextHandler.java:doStart(781)) - Started o.e.j.w.WebAppContext@52b2713a{/,file:///workdir/hadoop-ozone/integration-test/target/test-classes/webapps/scm/,AVAILABLE}{/scm}
2019-08-28 06:33:44,091 [main] INFO  server.AbstractConnector (AbstractConnector.java:doStart(278)) - Started ServerConnector@54e39504{HTTP/1.1,[http/1.1]}{0.0.0.0:46787}
2019-08-28 06:33:44,091 [main] INFO  server.Server (Server.java:doStart(419)) - Started @602288ms
2019-08-28 06:33:44,092 [main] INFO  server.BaseHttpServer (BaseHttpServer.java:updateConnectorAddress(213)) - HTTP server of SCM is listening at http://0.0.0.0:46787
2019-08-28 06:33:44,093 [main] WARN  server.ServerUtils (ServerUtils.java:getDBPath(222)) - ozone.om.db.dirs is not configured. We recommend adding this setting. Falling back to ozone.metadata.dirs instead.
2019-08-28 06:33:44,093 [org.apache.hadoop.util.JvmPauseMonitor$Monitor@13ac1657] INFO  util.JvmPauseMonitor (JvmPauseMonitor.java:run(188)) - Starting JVM pause monitor
2019-08-28 06:33:44,108 [main] WARN  server.ServerUtils (ServerUtils.java:getDBPath(222)) - ozone.om.db.dirs is not configured. We recommend adding this setting. Falling back to ozone.metadata.dirs instead.
2019-08-28 06:33:44,108 [main] WARN  server.ServerUtils (ServerUtils.java:getDBPath(222)) - ozone.om.db.dirs is not configured. We recommend adding this setting. Falling back to ozone.metadata.dirs instead.
2019-08-28 06:33:44,108 [main] INFO  om.OzoneManager (OzoneManager.java:setOMNodeDetails(645)) - OM Service ID is not set. Setting it to the default ID: omServiceIdDefault
2019-08-28 06:33:44,108 [main] INFO  om.OzoneManager (OzoneManager.java:setOMNodeDetails(651)) - OM Node ID is not set. Setting it to the OmStorage's OmID: b0c2e884-358f-460f-aa64-576556253dd4
2019-08-28 06:33:44,108 [main] INFO  om.OzoneManager (OzoneManager.java:loadOMHAConfigs(602)) - Found matching OM address with OMServiceId: null, OMNodeId: null, RPC Address: localhost:0 and Ratis port: 9872
2019-08-28 06:33:44,113 | INFO  | SCMAudit | user=jenkins1000 | ip=192.168.34.10 | op=GET_SCM_INFO null | ret=SUCCESS |  
2019-08-28 06:33:44,115 [main] WARN  server.ServerUtils (ServerUtils.java:getDBPath(222)) - ozone.om.db.dirs is not configured. We recommend adding this setting. Falling back to ozone.metadata.dirs instead.
2019-08-28 06:33:44,116 [main] INFO  db.DBStoreBuilder (DBStoreBuilder.java:addTable(110)) - using custom profile for table: userTable
2019-08-28 06:33:44,116 [main] INFO  db.DBStoreBuilder (DBStoreBuilder.java:processTables(161)) - Using default column profile:DBProfile.DISK for Table:userTable
2019-08-28 06:33:44,116 [main] INFO  db.DBStoreBuilder (DBStoreBuilder.java:addTable(110)) - using custom profile for table: volumeTable
2019-08-28 06:33:44,116 [main] INFO  db.DBStoreBuilder (DBStoreBuilder.java:processTables(161)) - Using default column profile:DBProfile.DISK for Table:volumeTable
2019-08-28 06:33:44,116 [main] INFO  db.DBStoreBuilder (DBStoreBuilder.java:addTable(110)) - using custom profile for table: bucketTable
2019-08-28 06:33:44,116 [main] INFO  db.DBStoreBuilder (DBStoreBuilder.java:processTables(161)) - Using default column profile:DBProfile.DISK for Table:bucketTable
2019-08-28 06:33:44,117 [main] INFO  db.DBStoreBuilder (DBStoreBuilder.java:addTable(110)) - using custom profile for table: keyTable
2019-08-28 06:33:44,117 [main] INFO  db.DBStoreBuilder (DBStoreBuilder.java:processTables(161)) - Using default column profile:DBProfile.DISK for Table:keyTable
2019-08-28 06:33:44,117 [main] INFO  db.DBStoreBuilder (DBStoreBuilder.java:addTable(110)) - using custom profile for table: deletedTable
2019-08-28 06:33:44,117 [main] INFO  db.DBStoreBuilder (DBStoreBuilder.java:processTables(161)) - Using default column profile:DBProfile.DISK for Table:deletedTable
2019-08-28 06:33:44,117 [main] INFO  db.DBStoreBuilder (DBStoreBuilder.java:addTable(110)) - using custom profile for table: openKeyTable
2019-08-28 06:33:44,117 [main] INFO  db.DBStoreBuilder (DBStoreBuilder.java:processTables(161)) - Using default column profile:DBProfile.DISK for Table:openKeyTable
2019-08-28 06:33:44,117 [main] INFO  db.DBStoreBuilder (DBStoreBuilder.java:addTable(110)) - using custom profile for table: s3Table
2019-08-28 06:33:44,118 [main] INFO  db.DBStoreBuilder (DBStoreBuilder.java:processTables(161)) - Using default column profile:DBProfile.DISK for Table:s3Table
2019-08-28 06:33:44,118 [main] INFO  db.DBStoreBuilder (DBStoreBuilder.java:addTable(110)) - using custom profile for table: multipartInfoTable
2019-08-28 06:33:44,118 [main] INFO  db.DBStoreBuilder (DBStoreBuilder.java:processTables(161)) - Using default column profile:DBProfile.DISK for Table:multipartInfoTable
2019-08-28 06:33:44,118 [main] INFO  db.DBStoreBuilder (DBStoreBuilder.java:addTable(110)) - using custom profile for table: dTokenTable
2019-08-28 06:33:44,118 [main] INFO  db.DBStoreBuilder (DBStoreBuilder.java:processTables(161)) - Using default column profile:DBProfile.DISK for Table:dTokenTable
2019-08-28 06:33:44,118 [main] INFO  db.DBStoreBuilder (DBStoreBuilder.java:addTable(110)) - using custom profile for table: s3SecretTable
2019-08-28 06:33:44,119 [main] INFO  db.DBStoreBuilder (DBStoreBuilder.java:processTables(161)) - Using default column profile:DBProfile.DISK for Table:s3SecretTable
2019-08-28 06:33:44,119 [main] INFO  db.DBStoreBuilder (DBStoreBuilder.java:addTable(110)) - using custom profile for table: prefixTable
2019-08-28 06:33:44,119 [main] INFO  db.DBStoreBuilder (DBStoreBuilder.java:processTables(161)) - Using default column profile:DBProfile.DISK for Table:prefixTable
2019-08-28 06:33:44,119 [main] INFO  db.DBStoreBuilder (DBStoreBuilder.java:addTable(110)) - using custom profile for table: default
2019-08-28 06:33:44,119 [main] INFO  db.DBStoreBuilder (DBStoreBuilder.java:processTables(167)) - Using default column profile:DBProfile.DISK for Table:default
2019-08-28 06:33:44,119 [main] INFO  db.DBStoreBuilder (DBStoreBuilder.java:getDbProfile(198)) - Using default options. DBProfile.DISK
2019-08-28 06:33:44,572 [main] INFO  ipc.CallQueueManager (CallQueueManager.java:<init>(84)) - Using callQueue: class java.util.concurrent.LinkedBlockingQueue, queueCapacity: 2000, scheduler: class org.apache.hadoop.ipc.DefaultRpcScheduler, ipcBackoff: false.
2019-08-28 06:33:44,574 [Socket Reader #1 for port 41334] INFO  ipc.Server (Server.java:run(1074)) - Starting Socket Reader #1 for port 41334
2019-08-28 06:33:44,595 [main] INFO  om.OzoneManager (OzoneManager.java:start(1256)) - OzoneManager RPC server is listening at localhost/127.0.0.1:41334
2019-08-28 06:33:44,595 [main] INFO  impl.MetricsSystemImpl (MetricsSystemImpl.java:init(158)) - OzoneManager metrics system started (again)
2019-08-28 06:33:44,596 [IPC Server listener on 41334] INFO  ipc.Server (Server.java:run(1153)) - IPC Server listener on 41334: starting
2019-08-28 06:33:44,596 [IPC Server Responder] INFO  ipc.Server (Server.java:run(1314)) - IPC Server Responder: starting
2019-08-28 06:33:44,600 [main] INFO  hdfs.DFSUtil (DFSUtil.java:httpServerTemplateForNNAndJN(1641)) - Starting Web-server for ozoneManager at: http://0.0.0.0:0
2019-08-28 06:33:44,603 [main] INFO  server.AuthenticationFilter (AuthenticationFilter.java:constructSecretProvider(240)) - Unable to initialize FileSignerSecretProvider, falling back to use random secrets.
2019-08-28 06:33:44,603 [main] WARN  http.HttpRequestLog (HttpRequestLog.java:getRequestLog(97)) - Jetty request log can only be enabled using Log4j
2019-08-28 06:33:44,606 [main] INFO  http.HttpServer2 (HttpServer2.java:addGlobalFilter(975)) - Added global filter 'safety' (class=org.apache.hadoop.http.HttpServer2$QuotingInputFilter)
2019-08-28 06:33:44,606 [main] INFO  http.HttpServer2 (HttpServer2.java:addFilter(948)) - Added filter static_user_filter (class=org.apache.hadoop.http.lib.StaticUserWebFilter$StaticUserFilter) to context ozoneManager
2019-08-28 06:33:44,607 [main] INFO  http.HttpServer2 (HttpServer2.java:addFilter(958)) - Added filter static_user_filter (class=org.apache.hadoop.http.lib.StaticUserWebFilter$StaticUserFilter) to context static
2019-08-28 06:33:44,607 [main] INFO  http.HttpServer2 (HttpServer2.java:addFilter(958)) - Added filter static_user_filter (class=org.apache.hadoop.http.lib.StaticUserWebFilter$StaticUserFilter) to context logs
2019-08-28 06:33:44,608 [main] INFO  http.HttpServer2 (HttpServer2.java:bindListener(1191)) - Jetty bound to port 33315
2019-08-28 06:33:44,608 [main] INFO  server.Server (Server.java:doStart(351)) - jetty-9.3.24.v20180605, build timestamp: 2018-06-05T17:11:56Z, git hash: 84205aa28f11a4f31f2a3b86d1bba2cc8ab69827
2019-08-28 06:33:44,610 [main] INFO  handler.ContextHandler (ContextHandler.java:doStart(781)) - Started o.e.j.s.ServletContextHandler@11eb8842{/logs,file:///workdir/hadoop-ozone/integration-test/target/log,AVAILABLE}
2019-08-28 06:33:44,611 [main] INFO  handler.ContextHandler (ContextHandler.java:doStart(781)) - Started o.e.j.s.ServletContextHandler@7018636a{/static,file:///workdir/hadoop-ozone/integration-test/target/test-classes/webapps/static,AVAILABLE}
2019-08-28 06:33:44,616 [main] INFO  handler.ContextHandler (ContextHandler.java:doStart(781)) - Started o.e.j.w.WebAppContext@21f7c0be{/,file:///workdir/hadoop-ozone/integration-test/target/test-classes/webapps/ozoneManager/,AVAILABLE}{/ozoneManager}
2019-08-28 06:33:44,616 [main] INFO  server.AbstractConnector (AbstractConnector.java:doStart(278)) - Started ServerConnector@48463900{HTTP/1.1,[http/1.1]}{0.0.0.0:33315}
2019-08-28 06:33:44,617 [main] INFO  server.Server (Server.java:doStart(419)) - Started @602813ms
2019-08-28 06:33:44,618 [main] INFO  server.BaseHttpServer (BaseHttpServer.java:updateConnectorAddress(213)) - HTTP server of OZONEMANAGER is listening at http://0.0.0.0:33315
2019-08-28 06:33:44,635 [main] INFO  impl.MetricsSystemImpl (MetricsSystemImpl.java:init(158)) - HddsDatanode metrics system started (again)
2019-08-28 06:33:44,638 [main] INFO  ozone.HddsDatanodeService (HddsDatanodeService.java:start(184)) - HddsDatanodeService host:pr-hdds-1783-trunk-8fbk5-3374829961 ip:192.168.34.10
2019-08-28 06:33:44,649 [main] INFO  volume.HddsVolume (HddsVolume.java:<init>(176)) - Creating Volume: /workdir/hadoop-ozone/integration-test/target/test-dir/MiniOzoneClusterImpl-dfe718bc-bd4c-4c80-9b1d-75633119d19d/datanode-0/data/containers/hdds of  storage type : DISK and capacity : 1482555576320
2019-08-28 06:33:44,649 [main] INFO  volume.VolumeSet (VolumeSet.java:initializeVolumeSet(170)) - Added Volume : /workdir/hadoop-ozone/integration-test/target/test-dir/MiniOzoneClusterImpl-dfe718bc-bd4c-4c80-9b1d-75633119d19d/datanode-0/data/containers/hdds to VolumeSet
2019-08-28 06:33:44,649 [main] INFO  volume.ThrottledAsyncChecker (ThrottledAsyncChecker.java:schedule(140)) - Scheduling a check for org.apache.hadoop.ozone.container.common.volume.HddsVolume@6c79a7c1
2019-08-28 06:33:44,650 [main] INFO  volume.HddsVolumeChecker (HddsVolumeChecker.java:checkAllVolumes(203)) - Scheduled health check for volume org.apache.hadoop.ozone.container.common.volume.HddsVolume@6c79a7c1
2019-08-28 06:33:44,665 [main] INFO  impl.RaftServerProxy (ConfUtils.java:logGet(43)) - raft.rpc.type = GRPC (default)
2019-08-28 06:33:44,665 [main] INFO  grpc.GrpcFactory (GrpcFactory.java:checkPooledByteBufAllocatorUseCacheForAllThreads(45)) - PERFORMANCE WARNING: useCacheForAllThreads is true that may cause Netty to create a lot garbage objects and, as a result, trigger GC.
	It is recommended to disable useCacheForAllThreads by setting -Dorg.apache.ratis.thirdparty.io.netty.allocator.useCacheForAllThreads=false in command line.
2019-08-28 06:33:44,665 [main] INFO  grpc.GrpcConfigKeys$Server (ConfUtils.java:logGet(43)) - raft.grpc.server.port = 0 (default)
2019-08-28 06:33:44,666 [main] INFO  server.GrpcService (ConfUtils.java:logGet(43)) - raft.grpc.message.size.max = 33570816 (custom)
2019-08-28 06:33:44,666 [main] INFO  server.RaftServerConfigKeys (ConfUtils.java:logGet(43)) - raft.server.log.appender.buffer.byte-limit = 33554432 (custom)
2019-08-28 06:33:44,666 [main] INFO  server.GrpcService (ConfUtils.java:logGet(43)) - raft.grpc.flow.control.window = 1MB (=1048576) (default)
2019-08-28 06:33:44,666 [main] INFO  server.RaftServerConfigKeys (ConfUtils.java:logGet(43)) - raft.server.rpc.request.timeout = 3000ms (default)
2019-08-28 06:33:44,667 [main] INFO  server.RaftServerConfigKeys (ConfUtils.java:logGet(43)) - raft.server.storage.dir = [/workdir/hadoop-ozone/integration-test/target/test-dir/MiniOzoneClusterImpl-dfe718bc-bd4c-4c80-9b1d-75633119d19d/datanode-0/data/ratis] (custom)
2019-08-28 06:33:44,667 [main] INFO  replication.SimpleContainerDownloader (SimpleContainerDownloader.java:<init>(72)) - Starting container downloader service to copy containers to replicate.
2019-08-28 06:33:44,668 [main] INFO  hdfs.DFSUtil (DFSUtil.java:httpServerTemplateForNNAndJN(1641)) - Starting Web-server for hddsDatanode at: http://0.0.0.0:0
2019-08-28 06:33:44,669 [main] INFO  server.AuthenticationFilter (AuthenticationFilter.java:constructSecretProvider(240)) - Unable to initialize FileSignerSecretProvider, falling back to use random secrets.
2019-08-28 06:33:44,670 [main] WARN  http.HttpRequestLog (HttpRequestLog.java:getRequestLog(97)) - Jetty request log can only be enabled using Log4j
2019-08-28 06:33:44,671 [main] INFO  http.HttpServer2 (HttpServer2.java:addGlobalFilter(975)) - Added global filter 'safety' (class=org.apache.hadoop.http.HttpServer2$QuotingInputFilter)
2019-08-28 06:33:44,672 [main] INFO  http.HttpServer2 (HttpServer2.java:addFilter(948)) - Added filter static_user_filter (class=org.apache.hadoop.http.lib.StaticUserWebFilter$StaticUserFilter) to context hddsDatanode
2019-08-28 06:33:44,672 [main] INFO  http.HttpServer2 (HttpServer2.java:addFilter(958)) - Added filter static_user_filter (class=org.apache.hadoop.http.lib.StaticUserWebFilter$StaticUserFilter) to context logs
2019-08-28 06:33:44,672 [main] INFO  http.HttpServer2 (HttpServer2.java:addFilter(958)) - Added filter static_user_filter (class=org.apache.hadoop.http.lib.StaticUserWebFilter$StaticUserFilter) to context static
2019-08-28 06:33:44,672 [main] INFO  http.HttpServer2 (HttpServer2.java:bindListener(1191)) - Jetty bound to port 33348
2019-08-28 06:33:44,673 [main] INFO  server.Server (Server.java:doStart(351)) - jetty-9.3.24.v20180605, build timestamp: 2018-06-05T17:11:56Z, git hash: 84205aa28f11a4f31f2a3b86d1bba2cc8ab69827
2019-08-28 06:33:44,674 [main] INFO  handler.ContextHandler (ContextHandler.java:doStart(781)) - Started o.e.j.s.ServletContextHandler@1ff65426{/logs,file:///workdir/hadoop-ozone/integration-test/target/log,AVAILABLE}
2019-08-28 06:33:44,675 [main] INFO  handler.ContextHandler (ContextHandler.java:doStart(781)) - Started o.e.j.s.ServletContextHandler@6d4bb60f{/static,jar:file:/home/user/.m2/repository/org/apache/hadoop/hadoop-hdds-container-service/0.5.0-SNAPSHOT/hadoop-hdds-container-service-0.5.0-SNAPSHOT.jar!/webapps/static,AVAILABLE}
2019-08-28 06:33:44,702 [main] INFO  handler.ContextHandler (ContextHandler.java:doStart(781)) - Started o.e.j.w.WebAppContext@42718ebf{/,file:///tmp/jetty-0.0.0.0-33348-hddsDatanode-_-any-1545324870628212369.dir/webapp/,AVAILABLE}{/hddsDatanode}
2019-08-28 06:33:44,702 [main] INFO  server.AbstractConnector (AbstractConnector.java:doStart(278)) - Started ServerConnector@a6fc2e1{HTTP/1.1,[http/1.1]}{0.0.0.0:33348}
2019-08-28 06:33:44,702 [main] INFO  server.Server (Server.java:doStart(419)) - Started @602898ms
2019-08-28 06:33:44,704 [main] INFO  server.BaseHttpServer (BaseHttpServer.java:updateConnectorAddress(213)) - HTTP server of HDDSDATANODE is listening at http://0.0.0.0:33348
2019-08-28 06:33:44,855 | INFO  | ObjectStoreRestHttpServer | Listening HDDS REST traffic on /0.0.0.0:37857 |  
2019-08-28 06:33:44,855 [main] INFO  ozone.HddsDatanodeService (HddsDatanodeService.java:startPlugins(395)) - Started plug-in org.apache.hadoop.ozone.web.OzoneHddsDatanodeService@25df95b
2019-08-28 06:33:44,856 [main] INFO  impl.MetricsSystemImpl (MetricsSystemImpl.java:init(158)) - HddsDatanode metrics system started (again)
2019-08-28 06:33:44,858 [org.apache.hadoop.util.JvmPauseMonitor$Monitor@5524cff4] INFO  util.JvmPauseMonitor (JvmPauseMonitor.java:run(188)) - Starting JVM pause monitor
2019-08-28 06:33:44,859 [main] INFO  ozone.HddsDatanodeService (HddsDatanodeService.java:start(184)) - HddsDatanodeService host:pr-hdds-1783-trunk-8fbk5-3374829961 ip:192.168.34.10
2019-08-28 06:33:44,860 [Datanode State Machine Thread - 0] INFO  datanode.InitDatanodeState (InitDatanodeState.java:persistContainerDatanodeDetails(140)) - DatanodeDetails is persisted to /workdir/hadoop-ozone/integration-test/target/test-dir/MiniOzoneClusterImpl-dfe718bc-bd4c-4c80-9b1d-75633119d19d/datanode-0/meta/datanode.id
2019-08-28 06:33:44,869 [main] INFO  volume.HddsVolume (HddsVolume.java:<init>(176)) - Creating Volume: /workdir/hadoop-ozone/integration-test/target/test-dir/MiniOzoneClusterImpl-dfe718bc-bd4c-4c80-9b1d-75633119d19d/datanode-1/data/containers/hdds of  storage type : DISK and capacity : 1482555576320
2019-08-28 06:33:44,870 [main] INFO  volume.VolumeSet (VolumeSet.java:initializeVolumeSet(170)) - Added Volume : /workdir/hadoop-ozone/integration-test/target/test-dir/MiniOzoneClusterImpl-dfe718bc-bd4c-4c80-9b1d-75633119d19d/datanode-1/data/containers/hdds to VolumeSet
2019-08-28 06:33:44,870 [main] INFO  volume.ThrottledAsyncChecker (ThrottledAsyncChecker.java:schedule(140)) - Scheduling a check for org.apache.hadoop.ozone.container.common.volume.HddsVolume@5444c63f
2019-08-28 06:33:44,871 [main] INFO  volume.HddsVolumeChecker (HddsVolumeChecker.java:checkAllVolumes(203)) - Scheduled health check for volume org.apache.hadoop.ozone.container.common.volume.HddsVolume@5444c63f
2019-08-28 06:33:44,890 [main] INFO  impl.RaftServerProxy (ConfUtils.java:logGet(43)) - raft.rpc.type = GRPC (default)
2019-08-28 06:33:44,891 [main] INFO  grpc.GrpcFactory (GrpcFactory.java:checkPooledByteBufAllocatorUseCacheForAllThreads(45)) - PERFORMANCE WARNING: useCacheForAllThreads is true that may cause Netty to create a lot garbage objects and, as a result, trigger GC.
	It is recommended to disable useCacheForAllThreads by setting -Dorg.apache.ratis.thirdparty.io.netty.allocator.useCacheForAllThreads=false in command line.
2019-08-28 06:33:44,891 [main] INFO  grpc.GrpcConfigKeys$Server (ConfUtils.java:logGet(43)) - raft.grpc.server.port = 0 (default)
2019-08-28 06:33:44,891 [main] INFO  server.GrpcService (ConfUtils.java:logGet(43)) - raft.grpc.message.size.max = 33570816 (custom)
2019-08-28 06:33:44,891 [main] INFO  server.RaftServerConfigKeys (ConfUtils.java:logGet(43)) - raft.server.log.appender.buffer.byte-limit = 33554432 (custom)
2019-08-28 06:33:44,892 [main] INFO  server.GrpcService (ConfUtils.java:logGet(43)) - raft.grpc.flow.control.window = 1MB (=1048576) (default)
2019-08-28 06:33:44,892 [main] INFO  server.RaftServerConfigKeys (ConfUtils.java:logGet(43)) - raft.server.rpc.request.timeout = 3000ms (default)
2019-08-28 06:33:44,892 [main] INFO  server.RaftServerConfigKeys (ConfUtils.java:logGet(43)) - raft.server.storage.dir = [/workdir/hadoop-ozone/integration-test/target/test-dir/MiniOzoneClusterImpl-dfe718bc-bd4c-4c80-9b1d-75633119d19d/datanode-1/data/ratis] (custom)
2019-08-28 06:33:44,893 [main] INFO  replication.SimpleContainerDownloader (SimpleContainerDownloader.java:<init>(72)) - Starting container downloader service to copy containers to replicate.
2019-08-28 06:33:44,894 [main] INFO  hdfs.DFSUtil (DFSUtil.java:httpServerTemplateForNNAndJN(1641)) - Starting Web-server for hddsDatanode at: http://0.0.0.0:0
2019-08-28 06:33:44,896 [main] INFO  server.AuthenticationFilter (AuthenticationFilter.java:constructSecretProvider(240)) - Unable to initialize FileSignerSecretProvider, falling back to use random secrets.
2019-08-28 06:33:44,897 [main] WARN  http.HttpRequestLog (HttpRequestLog.java:getRequestLog(97)) - Jetty request log can only be enabled using Log4j
2019-08-28 06:33:44,899 [main] INFO  http.HttpServer2 (HttpServer2.java:addGlobalFilter(975)) - Added global filter 'safety' (class=org.apache.hadoop.http.HttpServer2$QuotingInputFilter)
2019-08-28 06:33:44,899 [main] INFO  http.HttpServer2 (HttpServer2.java:addFilter(948)) - Added filter static_user_filter (class=org.apache.hadoop.http.lib.StaticUserWebFilter$StaticUserFilter) to context hddsDatanode
2019-08-28 06:33:44,900 [main] INFO  http.HttpServer2 (HttpServer2.java:addFilter(958)) - Added filter static_user_filter (class=org.apache.hadoop.http.lib.StaticUserWebFilter$StaticUserFilter) to context logs
2019-08-28 06:33:44,900 [main] INFO  http.HttpServer2 (HttpServer2.java:addFilter(958)) - Added filter static_user_filter (class=org.apache.hadoop.http.lib.StaticUserWebFilter$StaticUserFilter) to context static
2019-08-28 06:33:44,901 [main] INFO  http.HttpServer2 (HttpServer2.java:bindListener(1191)) - Jetty bound to port 36403
2019-08-28 06:33:44,901 [main] INFO  server.Server (Server.java:doStart(351)) - jetty-9.3.24.v20180605, build timestamp: 2018-06-05T17:11:56Z, git hash: 84205aa28f11a4f31f2a3b86d1bba2cc8ab69827
2019-08-28 06:33:44,903 [main] INFO  handler.ContextHandler (ContextHandler.java:doStart(781)) - Started o.e.j.s.ServletContextHandler@6c65a7fc{/logs,file:///workdir/hadoop-ozone/integration-test/target/log,AVAILABLE}
2019-08-28 06:33:44,904 [main] INFO  handler.ContextHandler (ContextHandler.java:doStart(781)) - Started o.e.j.s.ServletContextHandler@5166fe7a{/static,jar:file:/home/user/.m2/repository/org/apache/hadoop/hadoop-hdds-container-service/0.5.0-SNAPSHOT/hadoop-hdds-container-service-0.5.0-SNAPSHOT.jar!/webapps/static,AVAILABLE}
2019-08-28 06:33:44,941 [main] INFO  handler.ContextHandler (ContextHandler.java:doStart(781)) - Started o.e.j.w.WebAppContext@75707f05{/,file:///tmp/jetty-0.0.0.0-36403-hddsDatanode-_-any-3468051133884169334.dir/webapp/,AVAILABLE}{/hddsDatanode}
2019-08-28 06:33:44,942 [main] INFO  server.AbstractConnector (AbstractConnector.java:doStart(278)) - Started ServerConnector@741f8cf{HTTP/1.1,[http/1.1]}{0.0.0.0:36403}
2019-08-28 06:33:44,942 [main] INFO  server.Server (Server.java:doStart(419)) - Started @603138ms
2019-08-28 06:33:44,943 [main] INFO  server.BaseHttpServer (BaseHttpServer.java:updateConnectorAddress(213)) - HTTP server of HDDSDATANODE is listening at http://0.0.0.0:36403
2019-08-28 06:33:45,353 | INFO  | ObjectStoreRestHttpServer | Listening HDDS REST traffic on /0.0.0.0:44024 |  
2019-08-28 06:33:45,353 [main] INFO  ozone.HddsDatanodeService (HddsDatanodeService.java:startPlugins(395)) - Started plug-in org.apache.hadoop.ozone.web.OzoneHddsDatanodeService@489a722d
2019-08-28 06:33:45,353 [main] INFO  impl.MetricsSystemImpl (MetricsSystemImpl.java:init(158)) - HddsDatanode metrics system started (again)
2019-08-28 06:33:45,356 [org.apache.hadoop.util.JvmPauseMonitor$Monitor@6094534f] INFO  util.JvmPauseMonitor (JvmPauseMonitor.java:run(188)) - Starting JVM pause monitor
2019-08-28 06:33:45,356 [main] INFO  ozone.HddsDatanodeService (HddsDatanodeService.java:start(184)) - HddsDatanodeService host:pr-hdds-1783-trunk-8fbk5-3374829961 ip:192.168.34.10
2019-08-28 06:33:45,357 [Datanode State Machine Thread - 0] INFO  datanode.InitDatanodeState (InitDatanodeState.java:persistContainerDatanodeDetails(140)) - DatanodeDetails is persisted to /workdir/hadoop-ozone/integration-test/target/test-dir/MiniOzoneClusterImpl-dfe718bc-bd4c-4c80-9b1d-75633119d19d/datanode-1/meta/datanode.id
2019-08-28 06:33:45,366 [main] INFO  volume.HddsVolume (HddsVolume.java:<init>(176)) - Creating Volume: /workdir/hadoop-ozone/integration-test/target/test-dir/MiniOzoneClusterImpl-dfe718bc-bd4c-4c80-9b1d-75633119d19d/datanode-2/data/containers/hdds of  storage type : DISK and capacity : 1482555576320
2019-08-28 06:33:45,366 [main] INFO  volume.VolumeSet (VolumeSet.java:initializeVolumeSet(170)) - Added Volume : /workdir/hadoop-ozone/integration-test/target/test-dir/MiniOzoneClusterImpl-dfe718bc-bd4c-4c80-9b1d-75633119d19d/datanode-2/data/containers/hdds to VolumeSet
2019-08-28 06:33:45,366 [main] INFO  volume.ThrottledAsyncChecker (ThrottledAsyncChecker.java:schedule(140)) - Scheduling a check for org.apache.hadoop.ozone.container.common.volume.HddsVolume@4fe91eed
2019-08-28 06:33:45,367 [main] INFO  volume.HddsVolumeChecker (HddsVolumeChecker.java:checkAllVolumes(203)) - Scheduled health check for volume org.apache.hadoop.ozone.container.common.volume.HddsVolume@4fe91eed
2019-08-28 06:33:45,381 [main] INFO  impl.RaftServerProxy (ConfUtils.java:logGet(43)) - raft.rpc.type = GRPC (default)
2019-08-28 06:33:45,381 [main] INFO  grpc.GrpcFactory (GrpcFactory.java:checkPooledByteBufAllocatorUseCacheForAllThreads(45)) - PERFORMANCE WARNING: useCacheForAllThreads is true that may cause Netty to create a lot garbage objects and, as a result, trigger GC.
	It is recommended to disable useCacheForAllThreads by setting -Dorg.apache.ratis.thirdparty.io.netty.allocator.useCacheForAllThreads=false in command line.
2019-08-28 06:33:45,381 [main] INFO  grpc.GrpcConfigKeys$Server (ConfUtils.java:logGet(43)) - raft.grpc.server.port = 0 (default)
2019-08-28 06:33:45,381 [main] INFO  server.GrpcService (ConfUtils.java:logGet(43)) - raft.grpc.message.size.max = 33570816 (custom)
2019-08-28 06:33:45,382 [main] INFO  server.RaftServerConfigKeys (ConfUtils.java:logGet(43)) - raft.server.log.appender.buffer.byte-limit = 33554432 (custom)
2019-08-28 06:33:45,382 [main] INFO  server.GrpcService (ConfUtils.java:logGet(43)) - raft.grpc.flow.control.window = 1MB (=1048576) (default)
2019-08-28 06:33:45,382 [main] INFO  server.RaftServerConfigKeys (ConfUtils.java:logGet(43)) - raft.server.rpc.request.timeout = 3000ms (default)
2019-08-28 06:33:45,382 [main] INFO  server.RaftServerConfigKeys (ConfUtils.java:logGet(43)) - raft.server.storage.dir = [/workdir/hadoop-ozone/integration-test/target/test-dir/MiniOzoneClusterImpl-dfe718bc-bd4c-4c80-9b1d-75633119d19d/datanode-2/data/ratis] (custom)
2019-08-28 06:33:45,383 [main] INFO  replication.SimpleContainerDownloader (SimpleContainerDownloader.java:<init>(72)) - Starting container downloader service to copy containers to replicate.
2019-08-28 06:33:45,384 [main] INFO  hdfs.DFSUtil (DFSUtil.java:httpServerTemplateForNNAndJN(1641)) - Starting Web-server for hddsDatanode at: http://0.0.0.0:0
2019-08-28 06:33:45,386 [main] INFO  server.AuthenticationFilter (AuthenticationFilter.java:constructSecretProvider(240)) - Unable to initialize FileSignerSecretProvider, falling back to use random secrets.
2019-08-28 06:33:45,386 [main] WARN  http.HttpRequestLog (HttpRequestLog.java:getRequestLog(97)) - Jetty request log can only be enabled using Log4j
2019-08-28 06:33:45,389 [main] INFO  http.HttpServer2 (HttpServer2.java:addGlobalFilter(975)) - Added global filter 'safety' (class=org.apache.hadoop.http.HttpServer2$QuotingInputFilter)
2019-08-28 06:33:45,389 [main] INFO  http.HttpServer2 (HttpServer2.java:addFilter(948)) - Added filter static_user_filter (class=org.apache.hadoop.http.lib.StaticUserWebFilter$StaticUserFilter) to context hddsDatanode
2019-08-28 06:33:45,389 [main] INFO  http.HttpServer2 (HttpServer2.java:addFilter(958)) - Added filter static_user_filter (class=org.apache.hadoop.http.lib.StaticUserWebFilter$StaticUserFilter) to context logs
2019-08-28 06:33:45,390 [main] INFO  http.HttpServer2 (HttpServer2.java:addFilter(958)) - Added filter static_user_filter (class=org.apache.hadoop.http.lib.StaticUserWebFilter$StaticUserFilter) to context static
2019-08-28 06:33:45,390 [main] INFO  http.HttpServer2 (HttpServer2.java:bindListener(1191)) - Jetty bound to port 36223
2019-08-28 06:33:45,391 [main] INFO  server.Server (Server.java:doStart(351)) - jetty-9.3.24.v20180605, build timestamp: 2018-06-05T17:11:56Z, git hash: 84205aa28f11a4f31f2a3b86d1bba2cc8ab69827
2019-08-28 06:33:45,392 [main] INFO  handler.ContextHandler (ContextHandler.java:doStart(781)) - Started o.e.j.s.ServletContextHandler@17e7cc67{/logs,file:///workdir/hadoop-ozone/integration-test/target/log,AVAILABLE}
2019-08-28 06:33:45,393 [main] INFO  handler.ContextHandler (ContextHandler.java:doStart(781)) - Started o.e.j.s.ServletContextHandler@2fc51562{/static,jar:file:/home/user/.m2/repository/org/apache/hadoop/hadoop-hdds-container-service/0.5.0-SNAPSHOT/hadoop-hdds-container-service-0.5.0-SNAPSHOT.jar!/webapps/static,AVAILABLE}
2019-08-28 06:33:45,431 [main] INFO  handler.ContextHandler (ContextHandler.java:doStart(781)) - Started o.e.j.w.WebAppContext@537fb7bf{/,file:///tmp/jetty-0.0.0.0-36223-hddsDatanode-_-any-2498809894271038341.dir/webapp/,AVAILABLE}{/hddsDatanode}
2019-08-28 06:33:45,431 [main] INFO  server.AbstractConnector (AbstractConnector.java:doStart(278)) - Started ServerConnector@445adbd7{HTTP/1.1,[http/1.1]}{0.0.0.0:36223}
2019-08-28 06:33:45,432 [main] INFO  server.Server (Server.java:doStart(419)) - Started @603628ms
2019-08-28 06:33:45,434 [main] INFO  server.BaseHttpServer (BaseHttpServer.java:updateConnectorAddress(213)) - HTTP server of HDDSDATANODE is listening at http://0.0.0.0:36223
2019-08-28 06:33:45,550 | INFO  | ObjectStoreRestHttpServer | Listening HDDS REST traffic on /0.0.0.0:41051 |  
2019-08-28 06:33:45,550 [main] INFO  ozone.HddsDatanodeService (HddsDatanodeService.java:startPlugins(395)) - Started plug-in org.apache.hadoop.ozone.web.OzoneHddsDatanodeService@3c5797c6
2019-08-28 06:33:45,551 [main] INFO  impl.MetricsSystemImpl (MetricsSystemImpl.java:init(158)) - HddsDatanode metrics system started (again)
2019-08-28 06:33:45,554 [org.apache.hadoop.util.JvmPauseMonitor$Monitor@57404316] INFO  util.JvmPauseMonitor (JvmPauseMonitor.java:run(188)) - Starting JVM pause monitor
2019-08-28 06:33:45,554 [main] INFO  ozone.HddsDatanodeService (HddsDatanodeService.java:start(184)) - HddsDatanodeService host:pr-hdds-1783-trunk-8fbk5-3374829961 ip:192.168.34.10
2019-08-28 06:33:45,555 [Datanode State Machine Thread - 0] INFO  datanode.InitDatanodeState (InitDatanodeState.java:persistContainerDatanodeDetails(140)) - DatanodeDetails is persisted to /workdir/hadoop-ozone/integration-test/target/test-dir/MiniOzoneClusterImpl-dfe718bc-bd4c-4c80-9b1d-75633119d19d/datanode-2/meta/datanode.id
2019-08-28 06:33:45,564 [main] INFO  volume.HddsVolume (HddsVolume.java:<init>(176)) - Creating Volume: /workdir/hadoop-ozone/integration-test/target/test-dir/MiniOzoneClusterImpl-dfe718bc-bd4c-4c80-9b1d-75633119d19d/datanode-3/data/containers/hdds of  storage type : DISK and capacity : 1482555576320
2019-08-28 06:33:45,564 [main] INFO  volume.VolumeSet (VolumeSet.java:initializeVolumeSet(170)) - Added Volume : /workdir/hadoop-ozone/integration-test/target/test-dir/MiniOzoneClusterImpl-dfe718bc-bd4c-4c80-9b1d-75633119d19d/datanode-3/data/containers/hdds to VolumeSet
2019-08-28 06:33:45,564 [main] INFO  volume.ThrottledAsyncChecker (ThrottledAsyncChecker.java:schedule(140)) - Scheduling a check for org.apache.hadoop.ozone.container.common.volume.HddsVolume@301c0aae
2019-08-28 06:33:45,566 [main] INFO  volume.HddsVolumeChecker (HddsVolumeChecker.java:checkAllVolumes(203)) - Scheduled health check for volume org.apache.hadoop.ozone.container.common.volume.HddsVolume@301c0aae
2019-08-28 06:33:45,580 [main] INFO  impl.RaftServerProxy (ConfUtils.java:logGet(43)) - raft.rpc.type = GRPC (default)
2019-08-28 06:33:45,580 [main] INFO  grpc.GrpcFactory (GrpcFactory.java:checkPooledByteBufAllocatorUseCacheForAllThreads(45)) - PERFORMANCE WARNING: useCacheForAllThreads is true that may cause Netty to create a lot garbage objects and, as a result, trigger GC.
	It is recommended to disable useCacheForAllThreads by setting -Dorg.apache.ratis.thirdparty.io.netty.allocator.useCacheForAllThreads=false in command line.
2019-08-28 06:33:45,580 [main] INFO  grpc.GrpcConfigKeys$Server (ConfUtils.java:logGet(43)) - raft.grpc.server.port = 0 (default)
2019-08-28 06:33:45,580 [main] INFO  server.GrpcService (ConfUtils.java:logGet(43)) - raft.grpc.message.size.max = 33570816 (custom)
2019-08-28 06:33:45,581 [main] INFO  server.RaftServerConfigKeys (ConfUtils.java:logGet(43)) - raft.server.log.appender.buffer.byte-limit = 33554432 (custom)
2019-08-28 06:33:45,581 [main] INFO  server.GrpcService (ConfUtils.java:logGet(43)) - raft.grpc.flow.control.window = 1MB (=1048576) (default)
2019-08-28 06:33:45,581 [main] INFO  server.RaftServerConfigKeys (ConfUtils.java:logGet(43)) - raft.server.rpc.request.timeout = 3000ms (default)
2019-08-28 06:33:45,581 [main] INFO  server.RaftServerConfigKeys (ConfUtils.java:logGet(43)) - raft.server.storage.dir = [/workdir/hadoop-ozone/integration-test/target/test-dir/MiniOzoneClusterImpl-dfe718bc-bd4c-4c80-9b1d-75633119d19d/datanode-3/data/ratis] (custom)
2019-08-28 06:33:45,582 [main] INFO  replication.SimpleContainerDownloader (SimpleContainerDownloader.java:<init>(72)) - Starting container downloader service to copy containers to replicate.
2019-08-28 06:33:45,583 [main] INFO  hdfs.DFSUtil (DFSUtil.java:httpServerTemplateForNNAndJN(1641)) - Starting Web-server for hddsDatanode at: http://0.0.0.0:0
2019-08-28 06:33:45,584 [main] INFO  server.AuthenticationFilter (AuthenticationFilter.java:constructSecretProvider(240)) - Unable to initialize FileSignerSecretProvider, falling back to use random secrets.
2019-08-28 06:33:45,584 [main] WARN  http.HttpRequestLog (HttpRequestLog.java:getRequestLog(97)) - Jetty request log can only be enabled using Log4j
2019-08-28 06:33:45,586 [main] INFO  http.HttpServer2 (HttpServer2.java:addGlobalFilter(975)) - Added global filter 'safety' (class=org.apache.hadoop.http.HttpServer2$QuotingInputFilter)
2019-08-28 06:33:45,586 [main] INFO  http.HttpServer2 (HttpServer2.java:addFilter(948)) - Added filter static_user_filter (class=org.apache.hadoop.http.lib.StaticUserWebFilter$StaticUserFilter) to context hddsDatanode
2019-08-28 06:33:45,586 [main] INFO  http.HttpServer2 (HttpServer2.java:addFilter(958)) - Added filter static_user_filter (class=org.apache.hadoop.http.lib.StaticUserWebFilter$StaticUserFilter) to context logs
2019-08-28 06:33:45,586 [main] INFO  http.HttpServer2 (HttpServer2.java:addFilter(958)) - Added filter static_user_filter (class=org.apache.hadoop.http.lib.StaticUserWebFilter$StaticUserFilter) to context static
2019-08-28 06:33:45,587 [main] INFO  http.HttpServer2 (HttpServer2.java:bindListener(1191)) - Jetty bound to port 35500
2019-08-28 06:33:45,587 [main] INFO  server.Server (Server.java:doStart(351)) - jetty-9.3.24.v20180605, build timestamp: 2018-06-05T17:11:56Z, git hash: 84205aa28f11a4f31f2a3b86d1bba2cc8ab69827
2019-08-28 06:33:45,588 [main] INFO  handler.ContextHandler (ContextHandler.java:doStart(781)) - Started o.e.j.s.ServletContextHandler@4867f5cf{/logs,file:///workdir/hadoop-ozone/integration-test/target/log,AVAILABLE}
2019-08-28 06:33:45,589 [main] INFO  handler.ContextHandler (ContextHandler.java:doStart(781)) - Started o.e.j.s.ServletContextHandler@381ed137{/static,jar:file:/home/user/.m2/repository/org/apache/hadoop/hadoop-hdds-container-service/0.5.0-SNAPSHOT/hadoop-hdds-container-service-0.5.0-SNAPSHOT.jar!/webapps/static,AVAILABLE}
2019-08-28 06:33:45,616 [main] INFO  handler.ContextHandler (ContextHandler.java:doStart(781)) - Started o.e.j.w.WebAppContext@6517bc6b{/,file:///tmp/jetty-0.0.0.0-35500-hddsDatanode-_-any-5263579677790400331.dir/webapp/,AVAILABLE}{/hddsDatanode}
2019-08-28 06:33:45,617 [main] INFO  server.AbstractConnector (AbstractConnector.java:doStart(278)) - Started ServerConnector@53d3d604{HTTP/1.1,[http/1.1]}{0.0.0.0:35500}
2019-08-28 06:33:45,618 [main] INFO  server.Server (Server.java:doStart(419)) - Started @603813ms
2019-08-28 06:33:45,619 [main] INFO  server.BaseHttpServer (BaseHttpServer.java:updateConnectorAddress(213)) - HTTP server of HDDSDATANODE is listening at http://0.0.0.0:35500
2019-08-28 06:33:45,724 | INFO  | ObjectStoreRestHttpServer | Listening HDDS REST traffic on /0.0.0.0:34606 |  
2019-08-28 06:33:45,724 [main] INFO  ozone.HddsDatanodeService (HddsDatanodeService.java:startPlugins(395)) - Started plug-in org.apache.hadoop.ozone.web.OzoneHddsDatanodeService@718198db
2019-08-28 06:33:45,724 [main] INFO  impl.MetricsSystemImpl (MetricsSystemImpl.java:init(158)) - HddsDatanode metrics system started (again)
2019-08-28 06:33:45,727 [main] INFO  ozone.HddsDatanodeService (HddsDatanodeService.java:start(184)) - HddsDatanodeService host:pr-hdds-1783-trunk-8fbk5-3374829961 ip:192.168.34.10
2019-08-28 06:33:45,728 [org.apache.hadoop.util.JvmPauseMonitor$Monitor@7cc63a78] INFO  util.JvmPauseMonitor (JvmPauseMonitor.java:run(188)) - Starting JVM pause monitor
2019-08-28 06:33:45,729 [Datanode State Machine Thread - 0] INFO  datanode.InitDatanodeState (InitDatanodeState.java:persistContainerDatanodeDetails(140)) - DatanodeDetails is persisted to /workdir/hadoop-ozone/integration-test/target/test-dir/MiniOzoneClusterImpl-dfe718bc-bd4c-4c80-9b1d-75633119d19d/datanode-3/meta/datanode.id
2019-08-28 06:33:45,738 [main] INFO  volume.HddsVolume (HddsVolume.java:<init>(176)) - Creating Volume: /workdir/hadoop-ozone/integration-test/target/test-dir/MiniOzoneClusterImpl-dfe718bc-bd4c-4c80-9b1d-75633119d19d/datanode-4/data/containers/hdds of  storage type : DISK and capacity : 1482555576320
2019-08-28 06:33:45,738 [main] INFO  volume.VolumeSet (VolumeSet.java:initializeVolumeSet(170)) - Added Volume : /workdir/hadoop-ozone/integration-test/target/test-dir/MiniOzoneClusterImpl-dfe718bc-bd4c-4c80-9b1d-75633119d19d/datanode-4/data/containers/hdds to VolumeSet
2019-08-28 06:33:45,738 [main] INFO  volume.ThrottledAsyncChecker (ThrottledAsyncChecker.java:schedule(140)) - Scheduling a check for org.apache.hadoop.ozone.container.common.volume.HddsVolume@316987c4
2019-08-28 06:33:45,739 [main] INFO  volume.HddsVolumeChecker (HddsVolumeChecker.java:checkAllVolumes(203)) - Scheduled health check for volume org.apache.hadoop.ozone.container.common.volume.HddsVolume@316987c4
2019-08-28 06:33:45,759 [main] INFO  impl.RaftServerProxy (ConfUtils.java:logGet(43)) - raft.rpc.type = GRPC (default)
2019-08-28 06:33:45,759 [main] INFO  grpc.GrpcFactory (GrpcFactory.java:checkPooledByteBufAllocatorUseCacheForAllThreads(45)) - PERFORMANCE WARNING: useCacheForAllThreads is true that may cause Netty to create a lot garbage objects and, as a result, trigger GC.
	It is recommended to disable useCacheForAllThreads by setting -Dorg.apache.ratis.thirdparty.io.netty.allocator.useCacheForAllThreads=false in command line.
2019-08-28 06:33:45,759 [main] INFO  grpc.GrpcConfigKeys$Server (ConfUtils.java:logGet(43)) - raft.grpc.server.port = 0 (default)
2019-08-28 06:33:45,759 [main] INFO  server.GrpcService (ConfUtils.java:logGet(43)) - raft.grpc.message.size.max = 33570816 (custom)
2019-08-28 06:33:45,760 [main] INFO  server.RaftServerConfigKeys (ConfUtils.java:logGet(43)) - raft.server.log.appender.buffer.byte-limit = 33554432 (custom)
2019-08-28 06:33:45,760 [main] INFO  server.GrpcService (ConfUtils.java:logGet(43)) - raft.grpc.flow.control.window = 1MB (=1048576) (default)
2019-08-28 06:33:45,760 [main] INFO  server.RaftServerConfigKeys (ConfUtils.java:logGet(43)) - raft.server.rpc.request.timeout = 3000ms (default)
2019-08-28 06:33:45,761 [main] INFO  server.RaftServerConfigKeys (ConfUtils.java:logGet(43)) - raft.server.storage.dir = [/workdir/hadoop-ozone/integration-test/target/test-dir/MiniOzoneClusterImpl-dfe718bc-bd4c-4c80-9b1d-75633119d19d/datanode-4/data/ratis] (custom)
2019-08-28 06:33:45,761 [main] INFO  replication.SimpleContainerDownloader (SimpleContainerDownloader.java:<init>(72)) - Starting container downloader service to copy containers to replicate.
2019-08-28 06:33:45,763 [main] INFO  hdfs.DFSUtil (DFSUtil.java:httpServerTemplateForNNAndJN(1641)) - Starting Web-server for hddsDatanode at: http://0.0.0.0:0
2019-08-28 06:33:45,764 [main] INFO  server.AuthenticationFilter (AuthenticationFilter.java:constructSecretProvider(240)) - Unable to initialize FileSignerSecretProvider, falling back to use random secrets.
2019-08-28 06:33:45,764 [main] WARN  http.HttpRequestLog (HttpRequestLog.java:getRequestLog(97)) - Jetty request log can only be enabled using Log4j
2019-08-28 06:33:45,765 [main] INFO  http.HttpServer2 (HttpServer2.java:addGlobalFilter(975)) - Added global filter 'safety' (class=org.apache.hadoop.http.HttpServer2$QuotingInputFilter)
2019-08-28 06:33:45,766 [main] INFO  http.HttpServer2 (HttpServer2.java:addFilter(948)) - Added filter static_user_filter (class=org.apache.hadoop.http.lib.StaticUserWebFilter$StaticUserFilter) to context hddsDatanode
2019-08-28 06:33:45,766 [main] INFO  http.HttpServer2 (HttpServer2.java:addFilter(958)) - Added filter static_user_filter (class=org.apache.hadoop.http.lib.StaticUserWebFilter$StaticUserFilter) to context logs
2019-08-28 06:33:45,766 [main] INFO  http.HttpServer2 (HttpServer2.java:addFilter(958)) - Added filter static_user_filter (class=org.apache.hadoop.http.lib.StaticUserWebFilter$StaticUserFilter) to context static
2019-08-28 06:33:45,767 [main] INFO  http.HttpServer2 (HttpServer2.java:bindListener(1191)) - Jetty bound to port 39922
2019-08-28 06:33:45,767 [main] INFO  server.Server (Server.java:doStart(351)) - jetty-9.3.24.v20180605, build timestamp: 2018-06-05T17:11:56Z, git hash: 84205aa28f11a4f31f2a3b86d1bba2cc8ab69827
2019-08-28 06:33:45,768 [main] INFO  handler.ContextHandler (ContextHandler.java:doStart(781)) - Started o.e.j.s.ServletContextHandler@4434eb51{/logs,file:///workdir/hadoop-ozone/integration-test/target/log,AVAILABLE}
2019-08-28 06:33:45,769 [main] INFO  handler.ContextHandler (ContextHandler.java:doStart(781)) - Started o.e.j.s.ServletContextHandler@5910c67e{/static,jar:file:/home/user/.m2/repository/org/apache/hadoop/hadoop-hdds-container-service/0.5.0-SNAPSHOT/hadoop-hdds-container-service-0.5.0-SNAPSHOT.jar!/webapps/static,AVAILABLE}
2019-08-28 06:33:45,796 [main] INFO  handler.ContextHandler (ContextHandler.java:doStart(781)) - Started o.e.j.w.WebAppContext@19203ff3{/,file:///tmp/jetty-0.0.0.0-39922-hddsDatanode-_-any-2703928721532664727.dir/webapp/,AVAILABLE}{/hddsDatanode}
2019-08-28 06:33:45,796 [main] INFO  server.AbstractConnector (AbstractConnector.java:doStart(278)) - Started ServerConnector@10fa270e{HTTP/1.1,[http/1.1]}{0.0.0.0:39922}
2019-08-28 06:33:45,796 [main] INFO  server.Server (Server.java:doStart(419)) - Started @603993ms
2019-08-28 06:33:45,798 [main] INFO  server.BaseHttpServer (BaseHttpServer.java:updateConnectorAddress(213)) - HTTP server of HDDSDATANODE is listening at http://0.0.0.0:39922
2019-08-28 06:33:45,963 | INFO  | ObjectStoreRestHttpServer | Listening HDDS REST traffic on /0.0.0.0:41076 |  
2019-08-28 06:33:45,964 [main] INFO  ozone.HddsDatanodeService (HddsDatanodeService.java:startPlugins(395)) - Started plug-in org.apache.hadoop.ozone.web.OzoneHddsDatanodeService@2ddb260e
2019-08-28 06:33:45,964 [main] INFO  impl.MetricsSystemImpl (MetricsSystemImpl.java:init(158)) - HddsDatanode metrics system started (again)
2019-08-28 06:33:45,968 [org.apache.hadoop.util.JvmPauseMonitor$Monitor@721efb21] INFO  util.JvmPauseMonitor (JvmPauseMonitor.java:run(188)) - Starting JVM pause monitor
2019-08-28 06:33:45,968 [main] INFO  ozone.HddsDatanodeService (HddsDatanodeService.java:start(184)) - HddsDatanodeService host:pr-hdds-1783-trunk-8fbk5-3374829961 ip:192.168.34.10
2019-08-28 06:33:45,969 [Datanode State Machine Thread - 0] INFO  datanode.InitDatanodeState (InitDatanodeState.java:persistContainerDatanodeDetails(140)) - DatanodeDetails is persisted to /workdir/hadoop-ozone/integration-test/target/test-dir/MiniOzoneClusterImpl-dfe718bc-bd4c-4c80-9b1d-75633119d19d/datanode-4/meta/datanode.id
2019-08-28 06:33:45,977 [main] INFO  volume.HddsVolume (HddsVolume.java:<init>(176)) - Creating Volume: /workdir/hadoop-ozone/integration-test/target/test-dir/MiniOzoneClusterImpl-dfe718bc-bd4c-4c80-9b1d-75633119d19d/datanode-5/data/containers/hdds of  storage type : DISK and capacity : 1482555576320
2019-08-28 06:33:45,978 [main] INFO  volume.VolumeSet (VolumeSet.java:initializeVolumeSet(170)) - Added Volume : /workdir/hadoop-ozone/integration-test/target/test-dir/MiniOzoneClusterImpl-dfe718bc-bd4c-4c80-9b1d-75633119d19d/datanode-5/data/containers/hdds to VolumeSet
2019-08-28 06:33:45,978 [main] INFO  volume.ThrottledAsyncChecker (ThrottledAsyncChecker.java:schedule(140)) - Scheduling a check for org.apache.hadoop.ozone.container.common.volume.HddsVolume@72e806
2019-08-28 06:33:45,978 [main] INFO  volume.HddsVolumeChecker (HddsVolumeChecker.java:checkAllVolumes(203)) - Scheduled health check for volume org.apache.hadoop.ozone.container.common.volume.HddsVolume@72e806
2019-08-28 06:33:45,997 [main] INFO  impl.RaftServerProxy (ConfUtils.java:logGet(43)) - raft.rpc.type = GRPC (default)
2019-08-28 06:33:45,997 [main] INFO  grpc.GrpcFactory (GrpcFactory.java:checkPooledByteBufAllocatorUseCacheForAllThreads(45)) - PERFORMANCE WARNING: useCacheForAllThreads is true that may cause Netty to create a lot garbage objects and, as a result, trigger GC.
	It is recommended to disable useCacheForAllThreads by setting -Dorg.apache.ratis.thirdparty.io.netty.allocator.useCacheForAllThreads=false in command line.
2019-08-28 06:33:45,998 [main] INFO  grpc.GrpcConfigKeys$Server (ConfUtils.java:logGet(43)) - raft.grpc.server.port = 0 (default)
2019-08-28 06:33:45,998 [main] INFO  server.GrpcService (ConfUtils.java:logGet(43)) - raft.grpc.message.size.max = 33570816 (custom)
2019-08-28 06:33:45,998 [main] INFO  server.RaftServerConfigKeys (ConfUtils.java:logGet(43)) - raft.server.log.appender.buffer.byte-limit = 33554432 (custom)
2019-08-28 06:33:45,998 [main] INFO  server.GrpcService (ConfUtils.java:logGet(43)) - raft.grpc.flow.control.window = 1MB (=1048576) (default)
2019-08-28 06:33:45,999 [main] INFO  server.RaftServerConfigKeys (ConfUtils.java:logGet(43)) - raft.server.rpc.request.timeout = 3000ms (default)
2019-08-28 06:33:45,999 [main] INFO  server.RaftServerConfigKeys (ConfUtils.java:logGet(43)) - raft.server.storage.dir = [/workdir/hadoop-ozone/integration-test/target/test-dir/MiniOzoneClusterImpl-dfe718bc-bd4c-4c80-9b1d-75633119d19d/datanode-5/data/ratis] (custom)
2019-08-28 06:33:46,000 [main] INFO  replication.SimpleContainerDownloader (SimpleContainerDownloader.java:<init>(72)) - Starting container downloader service to copy containers to replicate.
2019-08-28 06:33:46,002 [main] INFO  hdfs.DFSUtil (DFSUtil.java:httpServerTemplateForNNAndJN(1641)) - Starting Web-server for hddsDatanode at: http://0.0.0.0:0
2019-08-28 06:33:46,004 [main] INFO  server.AuthenticationFilter (AuthenticationFilter.java:constructSecretProvider(240)) - Unable to initialize FileSignerSecretProvider, falling back to use random secrets.
2019-08-28 06:33:46,004 [main] WARN  http.HttpRequestLog (HttpRequestLog.java:getRequestLog(97)) - Jetty request log can only be enabled using Log4j
2019-08-28 06:33:46,007 [main] INFO  http.HttpServer2 (HttpServer2.java:addGlobalFilter(975)) - Added global filter 'safety' (class=org.apache.hadoop.http.HttpServer2$QuotingInputFilter)
2019-08-28 06:33:46,008 [main] INFO  http.HttpServer2 (HttpServer2.java:addFilter(948)) - Added filter static_user_filter (class=org.apache.hadoop.http.lib.StaticUserWebFilter$StaticUserFilter) to context hddsDatanode
2019-08-28 06:33:46,008 [main] INFO  http.HttpServer2 (HttpServer2.java:addFilter(958)) - Added filter static_user_filter (class=org.apache.hadoop.http.lib.StaticUserWebFilter$StaticUserFilter) to context logs
2019-08-28 06:33:46,009 [main] INFO  http.HttpServer2 (HttpServer2.java:addFilter(958)) - Added filter static_user_filter (class=org.apache.hadoop.http.lib.StaticUserWebFilter$StaticUserFilter) to context static
2019-08-28 06:33:46,010 [main] INFO  http.HttpServer2 (HttpServer2.java:bindListener(1191)) - Jetty bound to port 43490
2019-08-28 06:33:46,010 [main] INFO  server.Server (Server.java:doStart(351)) - jetty-9.3.24.v20180605, build timestamp: 2018-06-05T17:11:56Z, git hash: 84205aa28f11a4f31f2a3b86d1bba2cc8ab69827
2019-08-28 06:33:46,012 [main] INFO  handler.ContextHandler (ContextHandler.java:doStart(781)) - Started o.e.j.s.ServletContextHandler@14bb16ee{/logs,file:///workdir/hadoop-ozone/integration-test/target/log,AVAILABLE}
2019-08-28 06:33:46,012 [main] INFO  handler.ContextHandler (ContextHandler.java:doStart(781)) - Started o.e.j.s.ServletContextHandler@441a2d52{/static,jar:file:/home/user/.m2/repository/org/apache/hadoop/hadoop-hdds-container-service/0.5.0-SNAPSHOT/hadoop-hdds-container-service-0.5.0-SNAPSHOT.jar!/webapps/static,AVAILABLE}
2019-08-28 06:33:46,051 [main] INFO  handler.ContextHandler (ContextHandler.java:doStart(781)) - Started o.e.j.w.WebAppContext@2fba15c5{/,file:///tmp/jetty-0.0.0.0-43490-hddsDatanode-_-any-5556200718547985599.dir/webapp/,AVAILABLE}{/hddsDatanode}
2019-08-28 06:33:46,051 [main] INFO  server.AbstractConnector (AbstractConnector.java:doStart(278)) - Started ServerConnector@7ae5f795{HTTP/1.1,[http/1.1]}{0.0.0.0:43490}
2019-08-28 06:33:46,053 [main] INFO  server.Server (Server.java:doStart(419)) - Started @604249ms
2019-08-28 06:33:46,054 [main] INFO  server.BaseHttpServer (BaseHttpServer.java:updateConnectorAddress(213)) - HTTP server of HDDSDATANODE is listening at http://0.0.0.0:43490
2019-08-28 06:33:46,175 | INFO  | ObjectStoreRestHttpServer | Listening HDDS REST traffic on /0.0.0.0:43868 |  
2019-08-28 06:33:46,175 [main] INFO  ozone.HddsDatanodeService (HddsDatanodeService.java:startPlugins(395)) - Started plug-in org.apache.hadoop.ozone.web.OzoneHddsDatanodeService@57af157c
2019-08-28 06:33:46,175 [main] INFO  impl.MetricsSystemImpl (MetricsSystemImpl.java:init(158)) - HddsDatanode metrics system started (again)
2019-08-28 06:33:46,179 [org.apache.hadoop.util.JvmPauseMonitor$Monitor@3a11cd96] INFO  util.JvmPauseMonitor (JvmPauseMonitor.java:run(188)) - Starting JVM pause monitor
2019-08-28 06:33:46,179 [main] INFO  ozone.HddsDatanodeService (HddsDatanodeService.java:start(184)) - HddsDatanodeService host:pr-hdds-1783-trunk-8fbk5-3374829961 ip:192.168.34.10
2019-08-28 06:33:46,180 [Datanode State Machine Thread - 0] INFO  datanode.InitDatanodeState (InitDatanodeState.java:persistContainerDatanodeDetails(140)) - DatanodeDetails is persisted to /workdir/hadoop-ozone/integration-test/target/test-dir/MiniOzoneClusterImpl-dfe718bc-bd4c-4c80-9b1d-75633119d19d/datanode-5/meta/datanode.id
2019-08-28 06:33:46,190 [main] INFO  volume.HddsVolume (HddsVolume.java:<init>(176)) - Creating Volume: /workdir/hadoop-ozone/integration-test/target/test-dir/MiniOzoneClusterImpl-dfe718bc-bd4c-4c80-9b1d-75633119d19d/datanode-6/data/containers/hdds of  storage type : DISK and capacity : 1482555576320
2019-08-28 06:33:46,190 [main] INFO  volume.VolumeSet (VolumeSet.java:initializeVolumeSet(170)) - Added Volume : /workdir/hadoop-ozone/integration-test/target/test-dir/MiniOzoneClusterImpl-dfe718bc-bd4c-4c80-9b1d-75633119d19d/datanode-6/data/containers/hdds to VolumeSet
2019-08-28 06:33:46,190 [main] INFO  volume.ThrottledAsyncChecker (ThrottledAsyncChecker.java:schedule(140)) - Scheduling a check for org.apache.hadoop.ozone.container.common.volume.HddsVolume@6e774194
2019-08-28 06:33:46,191 [main] INFO  volume.HddsVolumeChecker (HddsVolumeChecker.java:checkAllVolumes(203)) - Scheduled health check for volume org.apache.hadoop.ozone.container.common.volume.HddsVolume@6e774194
2019-08-28 06:33:46,205 [main] INFO  impl.RaftServerProxy (ConfUtils.java:logGet(43)) - raft.rpc.type = GRPC (default)
2019-08-28 06:33:46,205 [main] INFO  grpc.GrpcFactory (GrpcFactory.java:checkPooledByteBufAllocatorUseCacheForAllThreads(45)) - PERFORMANCE WARNING: useCacheForAllThreads is true that may cause Netty to create a lot garbage objects and, as a result, trigger GC.
	It is recommended to disable useCacheForAllThreads by setting -Dorg.apache.ratis.thirdparty.io.netty.allocator.useCacheForAllThreads=false in command line.
2019-08-28 06:33:46,206 [main] INFO  grpc.GrpcConfigKeys$Server (ConfUtils.java:logGet(43)) - raft.grpc.server.port = 0 (default)
2019-08-28 06:33:46,206 [main] INFO  server.GrpcService (ConfUtils.java:logGet(43)) - raft.grpc.message.size.max = 33570816 (custom)
2019-08-28 06:33:46,206 [main] INFO  server.RaftServerConfigKeys (ConfUtils.java:logGet(43)) - raft.server.log.appender.buffer.byte-limit = 33554432 (custom)
2019-08-28 06:33:46,206 [main] INFO  server.GrpcService (ConfUtils.java:logGet(43)) - raft.grpc.flow.control.window = 1MB (=1048576) (default)
2019-08-28 06:33:46,206 [main] INFO  server.RaftServerConfigKeys (ConfUtils.java:logGet(43)) - raft.server.rpc.request.timeout = 3000ms (default)
2019-08-28 06:33:46,207 [main] INFO  server.RaftServerConfigKeys (ConfUtils.java:logGet(43)) - raft.server.storage.dir = [/workdir/hadoop-ozone/integration-test/target/test-dir/MiniOzoneClusterImpl-dfe718bc-bd4c-4c80-9b1d-75633119d19d/datanode-6/data/ratis] (custom)
2019-08-28 06:33:46,207 [main] INFO  replication.SimpleContainerDownloader (SimpleContainerDownloader.java:<init>(72)) - Starting container downloader service to copy containers to replicate.
2019-08-28 06:33:46,208 [main] INFO  hdfs.DFSUtil (DFSUtil.java:httpServerTemplateForNNAndJN(1641)) - Starting Web-server for hddsDatanode at: http://0.0.0.0:0
2019-08-28 06:33:46,210 [main] INFO  server.AuthenticationFilter (AuthenticationFilter.java:constructSecretProvider(240)) - Unable to initialize FileSignerSecretProvider, falling back to use random secrets.
2019-08-28 06:33:46,210 [main] WARN  http.HttpRequestLog (HttpRequestLog.java:getRequestLog(97)) - Jetty request log can only be enabled using Log4j
2019-08-28 06:33:46,212 [main] INFO  http.HttpServer2 (HttpServer2.java:addGlobalFilter(975)) - Added global filter 'safety' (class=org.apache.hadoop.http.HttpServer2$QuotingInputFilter)
2019-08-28 06:33:46,212 [main] INFO  http.HttpServer2 (HttpServer2.java:addFilter(948)) - Added filter static_user_filter (class=org.apache.hadoop.http.lib.StaticUserWebFilter$StaticUserFilter) to context hddsDatanode
2019-08-28 06:33:46,212 [main] INFO  http.HttpServer2 (HttpServer2.java:addFilter(958)) - Added filter static_user_filter (class=org.apache.hadoop.http.lib.StaticUserWebFilter$StaticUserFilter) to context static
2019-08-28 06:33:46,212 [main] INFO  http.HttpServer2 (HttpServer2.java:addFilter(958)) - Added filter static_user_filter (class=org.apache.hadoop.http.lib.StaticUserWebFilter$StaticUserFilter) to context logs
2019-08-28 06:33:46,213 [main] INFO  http.HttpServer2 (HttpServer2.java:bindListener(1191)) - Jetty bound to port 40365
2019-08-28 06:33:46,213 [main] INFO  server.Server (Server.java:doStart(351)) - jetty-9.3.24.v20180605, build timestamp: 2018-06-05T17:11:56Z, git hash: 84205aa28f11a4f31f2a3b86d1bba2cc8ab69827
2019-08-28 06:33:46,214 [main] INFO  handler.ContextHandler (ContextHandler.java:doStart(781)) - Started o.e.j.s.ServletContextHandler@e1f88b6{/logs,file:///workdir/hadoop-ozone/integration-test/target/log,AVAILABLE}
2019-08-28 06:33:46,215 [main] INFO  handler.ContextHandler (ContextHandler.java:doStart(781)) - Started o.e.j.s.ServletContextHandler@1cda3a6d{/static,jar:file:/home/user/.m2/repository/org/apache/hadoop/hadoop-hdds-container-service/0.5.0-SNAPSHOT/hadoop-hdds-container-service-0.5.0-SNAPSHOT.jar!/webapps/static,AVAILABLE}
2019-08-28 06:33:46,241 [main] INFO  handler.ContextHandler (ContextHandler.java:doStart(781)) - Started o.e.j.w.WebAppContext@21288943{/,file:///tmp/jetty-0.0.0.0-40365-hddsDatanode-_-any-701543518702696810.dir/webapp/,AVAILABLE}{/hddsDatanode}
2019-08-28 06:33:46,242 [main] INFO  server.AbstractConnector (AbstractConnector.java:doStart(278)) - Started ServerConnector@68893394{HTTP/1.1,[http/1.1]}{0.0.0.0:40365}
2019-08-28 06:33:46,247 [main] INFO  server.Server (Server.java:doStart(419)) - Started @604444ms
2019-08-28 06:33:46,248 [main] INFO  server.BaseHttpServer (BaseHttpServer.java:updateConnectorAddress(213)) - HTTP server of HDDSDATANODE is listening at http://0.0.0.0:40365
2019-08-28 06:33:46,364 | INFO  | ObjectStoreRestHttpServer | Listening HDDS REST traffic on /0.0.0.0:43968 |  
2019-08-28 06:33:46,364 [main] INFO  ozone.HddsDatanodeService (HddsDatanodeService.java:startPlugins(395)) - Started plug-in org.apache.hadoop.ozone.web.OzoneHddsDatanodeService@5baabba
2019-08-28 06:33:46,364 [main] INFO  ozone.MiniOzoneClusterImpl (MiniOzoneClusterImpl.java:lambda$waitForClusterToBeReady$0(142)) - Waiting for cluster to be ready. Got 0 of 7 DN Heartbeats.
2019-08-28 06:33:46,366 [org.apache.hadoop.util.JvmPauseMonitor$Monitor@2656c239] INFO  util.JvmPauseMonitor (JvmPauseMonitor.java:run(188)) - Starting JVM pause monitor
2019-08-28 06:33:46,367 [Datanode State Machine Thread - 0] INFO  datanode.InitDatanodeState (InitDatanodeState.java:persistContainerDatanodeDetails(140)) - DatanodeDetails is persisted to /workdir/hadoop-ozone/integration-test/target/test-dir/MiniOzoneClusterImpl-dfe718bc-bd4c-4c80-9b1d-75633119d19d/datanode-6/meta/datanode.id
2019-08-28 06:33:46,863 | INFO  | SCMAudit | user=jenkins1000 | ip=192.168.34.10 | op=GET_VERSION null | ret=SUCCESS |  
2019-08-28 06:33:47,075 [Datanode State Machine Thread - 0] INFO  ozoneimpl.OzoneContainer (OzoneContainer.java:start(186)) - Attempting to start container services.
2019-08-28 06:33:47,075 [Datanode State Machine Thread - 0] INFO  ozoneimpl.OzoneContainer (OzoneContainer.java:startContainerScrub(160)) - Background container scrubber has been disabled by hdds.containerscrub.enabled
2019-08-28 06:33:47,076 [Datanode State Machine Thread - 0] INFO  ratis.XceiverServerRatis (XceiverServerRatis.java:start(404)) - Starting XceiverServerRatis 9e09162c-d652-4106-871c-162faebb3aaf at port 0
2019-08-28 06:33:47,082 [Datanode State Machine Thread - 0] INFO  impl.RaftServerProxy (RaftServerProxy.java:lambda$start$3(299)) - 9e09162c-d652-4106-871c-162faebb3aaf: start RPC server
2019-08-28 06:33:47,083 [Datanode State Machine Thread - 0] INFO  server.GrpcService (GrpcService.java:startImpl(149)) - 9e09162c-d652-4106-871c-162faebb3aaf: GrpcService started, listening on 0.0.0.0/0.0.0.0:37220
2019-08-28 06:33:47,083 [Datanode State Machine Thread - 0] INFO  ratis.XceiverServerRatis (XceiverServerRatis.java:start(414)) - XceiverServerRatis 9e09162c-d652-4106-871c-162faebb3aaf is started using port 37220
2019-08-28 06:33:47,084 [Datanode State Machine Thread - 0] INFO  server.XceiverServerGrpc (XceiverServerGrpc.java:start(161)) - XceiverServerGrpc 9e09162c-d652-4106-871c-162faebb3aaf is started using port 36569
2019-08-28 06:33:47,357 | INFO  | SCMAudit | user=jenkins1000 | ip=192.168.34.10 | op=GET_VERSION null | ret=SUCCESS |  
2019-08-28 06:33:47,365 [main] INFO  ozone.MiniOzoneClusterImpl (MiniOzoneClusterImpl.java:lambda$waitForClusterToBeReady$0(142)) - Waiting for cluster to be ready. Got 0 of 7 DN Heartbeats.
2019-08-28 06:33:47,375 [Datanode State Machine Thread - 0] INFO  ozoneimpl.OzoneContainer (OzoneContainer.java:start(186)) - Attempting to start container services.
2019-08-28 06:33:47,375 [Datanode State Machine Thread - 0] INFO  ozoneimpl.OzoneContainer (OzoneContainer.java:startContainerScrub(160)) - Background container scrubber has been disabled by hdds.containerscrub.enabled
2019-08-28 06:33:47,375 [Datanode State Machine Thread - 0] INFO  ratis.XceiverServerRatis (XceiverServerRatis.java:start(404)) - Starting XceiverServerRatis 4aaf653c-c443-4044-b7ad-f4623e7320a2 at port 0
2019-08-28 06:33:47,380 [Datanode State Machine Thread - 0] INFO  impl.RaftServerProxy (RaftServerProxy.java:lambda$start$3(299)) - 4aaf653c-c443-4044-b7ad-f4623e7320a2: start RPC server
2019-08-28 06:33:47,383 [Datanode State Machine Thread - 0] INFO  server.GrpcService (GrpcService.java:startImpl(149)) - 4aaf653c-c443-4044-b7ad-f4623e7320a2: GrpcService started, listening on 0.0.0.0/0.0.0.0:38057
2019-08-28 06:33:47,383 [Datanode State Machine Thread - 0] INFO  ratis.XceiverServerRatis (XceiverServerRatis.java:start(414)) - XceiverServerRatis 4aaf653c-c443-4044-b7ad-f4623e7320a2 is started using port 38057
2019-08-28 06:33:47,383 [Datanode State Machine Thread - 0] INFO  server.XceiverServerGrpc (XceiverServerGrpc.java:start(161)) - XceiverServerGrpc 4aaf653c-c443-4044-b7ad-f4623e7320a2 is started using port 38568
2019-08-28 06:33:47,554 | INFO  | SCMAudit | user=jenkins1000 | ip=192.168.34.10 | op=GET_VERSION null | ret=SUCCESS |  
2019-08-28 06:33:47,570 [Datanode State Machine Thread - 0] INFO  ozoneimpl.OzoneContainer (OzoneContainer.java:start(186)) - Attempting to start container services.
2019-08-28 06:33:47,570 [Datanode State Machine Thread - 0] INFO  ozoneimpl.OzoneContainer (OzoneContainer.java:startContainerScrub(160)) - Background container scrubber has been disabled by hdds.containerscrub.enabled
2019-08-28 06:33:47,570 [Datanode State Machine Thread - 0] INFO  ratis.XceiverServerRatis (XceiverServerRatis.java:start(404)) - Starting XceiverServerRatis 9cd1cf0b-08ae-4d53-8ceb-815e7e017b07 at port 0
2019-08-28 06:33:47,575 [Datanode State Machine Thread - 0] INFO  impl.RaftServerProxy (RaftServerProxy.java:lambda$start$3(299)) - 9cd1cf0b-08ae-4d53-8ceb-815e7e017b07: start RPC server
2019-08-28 06:33:47,576 [Datanode State Machine Thread - 0] INFO  server.GrpcService (GrpcService.java:startImpl(149)) - 9cd1cf0b-08ae-4d53-8ceb-815e7e017b07: GrpcService started, listening on 0.0.0.0/0.0.0.0:36234
2019-08-28 06:33:47,576 [Datanode State Machine Thread - 0] INFO  ratis.XceiverServerRatis (XceiverServerRatis.java:start(414)) - XceiverServerRatis 9cd1cf0b-08ae-4d53-8ceb-815e7e017b07 is started using port 36234
2019-08-28 06:33:47,578 [Datanode State Machine Thread - 0] INFO  server.XceiverServerGrpc (XceiverServerGrpc.java:start(161)) - XceiverServerGrpc 9cd1cf0b-08ae-4d53-8ceb-815e7e017b07 is started using port 44187
2019-08-28 06:33:47,728 | INFO  | SCMAudit | user=jenkins1000 | ip=192.168.34.10 | op=GET_VERSION null | ret=SUCCESS |  
2019-08-28 06:33:47,742 [Datanode State Machine Thread - 0] INFO  ozoneimpl.OzoneContainer (OzoneContainer.java:start(186)) - Attempting to start container services.
2019-08-28 06:33:47,742 [Datanode State Machine Thread - 0] INFO  ozoneimpl.OzoneContainer (OzoneContainer.java:startContainerScrub(160)) - Background container scrubber has been disabled by hdds.containerscrub.enabled
2019-08-28 06:33:47,743 [Datanode State Machine Thread - 0] INFO  ratis.XceiverServerRatis (XceiverServerRatis.java:start(404)) - Starting XceiverServerRatis c5a75e6e-3ba6-4e01-8e6e-e37c55fb7020 at port 0
2019-08-28 06:33:47,749 [Datanode State Machine Thread - 0] INFO  impl.RaftServerProxy (RaftServerProxy.java:lambda$start$3(299)) - c5a75e6e-3ba6-4e01-8e6e-e37c55fb7020: start RPC server
2019-08-28 06:33:47,753 [Datanode State Machine Thread - 0] INFO  server.GrpcService (GrpcService.java:startImpl(149)) - c5a75e6e-3ba6-4e01-8e6e-e37c55fb7020: GrpcService started, listening on 0.0.0.0/0.0.0.0:36884
2019-08-28 06:33:47,753 [Datanode State Machine Thread - 0] INFO  ratis.XceiverServerRatis (XceiverServerRatis.java:start(414)) - XceiverServerRatis c5a75e6e-3ba6-4e01-8e6e-e37c55fb7020 is started using port 36884
2019-08-28 06:33:47,753 [Datanode State Machine Thread - 0] INFO  server.XceiverServerGrpc (XceiverServerGrpc.java:start(161)) - XceiverServerGrpc c5a75e6e-3ba6-4e01-8e6e-e37c55fb7020 is started using port 37517
2019-08-28 06:33:47,969 | INFO  | SCMAudit | user=jenkins1000 | ip=192.168.34.10 | op=GET_VERSION null | ret=SUCCESS |  
2019-08-28 06:33:47,983 [Datanode State Machine Thread - 0] INFO  ozoneimpl.OzoneContainer (OzoneContainer.java:start(186)) - Attempting to start container services.
2019-08-28 06:33:47,984 [Datanode State Machine Thread - 0] INFO  ozoneimpl.OzoneContainer (OzoneContainer.java:startContainerScrub(160)) - Background container scrubber has been disabled by hdds.containerscrub.enabled
2019-08-28 06:33:47,984 [Datanode State Machine Thread - 0] INFO  ratis.XceiverServerRatis (XceiverServerRatis.java:start(404)) - Starting XceiverServerRatis 38f0bdbc-1089-4089-b877-2049a2a4e791 at port 0
2019-08-28 06:33:47,990 [Datanode State Machine Thread - 0] INFO  impl.RaftServerProxy (RaftServerProxy.java:lambda$start$3(299)) - 38f0bdbc-1089-4089-b877-2049a2a4e791: start RPC server
2019-08-28 06:33:47,991 [Datanode State Machine Thread - 0] INFO  server.GrpcService (GrpcService.java:startImpl(149)) - 38f0bdbc-1089-4089-b877-2049a2a4e791: GrpcService started, listening on 0.0.0.0/0.0.0.0:43949
2019-08-28 06:33:47,991 [Datanode State Machine Thread - 0] INFO  ratis.XceiverServerRatis (XceiverServerRatis.java:start(414)) - XceiverServerRatis 38f0bdbc-1089-4089-b877-2049a2a4e791 is started using port 43949
2019-08-28 06:33:47,992 [Datanode State Machine Thread - 0] INFO  server.XceiverServerGrpc (XceiverServerGrpc.java:start(161)) - XceiverServerGrpc 38f0bdbc-1089-4089-b877-2049a2a4e791 is started using port 35446
2019-08-28 06:33:48,180 | INFO  | SCMAudit | user=jenkins1000 | ip=192.168.34.10 | op=GET_VERSION null | ret=SUCCESS |  
2019-08-28 06:33:48,195 [Datanode State Machine Thread - 0] INFO  ozoneimpl.OzoneContainer (OzoneContainer.java:start(186)) - Attempting to start container services.
2019-08-28 06:33:48,195 [Datanode State Machine Thread - 0] INFO  ozoneimpl.OzoneContainer (OzoneContainer.java:startContainerScrub(160)) - Background container scrubber has been disabled by hdds.containerscrub.enabled
2019-08-28 06:33:48,195 [Datanode State Machine Thread - 0] INFO  ratis.XceiverServerRatis (XceiverServerRatis.java:start(404)) - Starting XceiverServerRatis 37ed6077-b3c7-4ece-80ea-a455fdabd61d at port 0
2019-08-28 06:33:48,202 [Datanode State Machine Thread - 0] INFO  impl.RaftServerProxy (RaftServerProxy.java:lambda$start$3(299)) - 37ed6077-b3c7-4ece-80ea-a455fdabd61d: start RPC server
2019-08-28 06:33:48,203 [Datanode State Machine Thread - 0] INFO  server.GrpcService (GrpcService.java:startImpl(149)) - 37ed6077-b3c7-4ece-80ea-a455fdabd61d: GrpcService started, listening on 0.0.0.0/0.0.0.0:35309
2019-08-28 06:33:48,203 [Datanode State Machine Thread - 0] INFO  ratis.XceiverServerRatis (XceiverServerRatis.java:start(414)) - XceiverServerRatis 37ed6077-b3c7-4ece-80ea-a455fdabd61d is started using port 35309
2019-08-28 06:33:48,203 [Datanode State Machine Thread - 0] INFO  server.XceiverServerGrpc (XceiverServerGrpc.java:start(161)) - XceiverServerGrpc 37ed6077-b3c7-4ece-80ea-a455fdabd61d is started using port 37320
2019-08-28 06:33:48,365 [main] INFO  ozone.MiniOzoneClusterImpl (MiniOzoneClusterImpl.java:lambda$waitForClusterToBeReady$0(142)) - Waiting for cluster to be ready. Got 0 of 7 DN Heartbeats.
2019-08-28 06:33:48,367 | INFO  | SCMAudit | user=jenkins1000 | ip=192.168.34.10 | op=GET_VERSION null | ret=SUCCESS |  
2019-08-28 06:33:48,380 [Datanode State Machine Thread - 0] INFO  ozoneimpl.OzoneContainer (OzoneContainer.java:start(186)) - Attempting to start container services.
2019-08-28 06:33:48,380 [Datanode State Machine Thread - 0] INFO  ozoneimpl.OzoneContainer (OzoneContainer.java:startContainerScrub(160)) - Background container scrubber has been disabled by hdds.containerscrub.enabled
2019-08-28 06:33:48,380 [Datanode State Machine Thread - 0] INFO  ratis.XceiverServerRatis (XceiverServerRatis.java:start(404)) - Starting XceiverServerRatis 9d3a01fd-5b16-441f-ba7a-7e38b292dbb2 at port 0
2019-08-28 06:33:48,386 [Datanode State Machine Thread - 0] INFO  impl.RaftServerProxy (RaftServerProxy.java:lambda$start$3(299)) - 9d3a01fd-5b16-441f-ba7a-7e38b292dbb2: start RPC server
2019-08-28 06:33:48,387 [Datanode State Machine Thread - 0] INFO  server.GrpcService (GrpcService.java:startImpl(149)) - 9d3a01fd-5b16-441f-ba7a-7e38b292dbb2: GrpcService started, listening on 0.0.0.0/0.0.0.0:44498
2019-08-28 06:33:48,387 [Datanode State Machine Thread - 0] INFO  ratis.XceiverServerRatis (XceiverServerRatis.java:start(414)) - XceiverServerRatis 9d3a01fd-5b16-441f-ba7a-7e38b292dbb2 is started using port 44498
2019-08-28 06:33:48,397 [Datanode State Machine Thread - 0] INFO  server.XceiverServerGrpc (XceiverServerGrpc.java:start(161)) - XceiverServerGrpc 9d3a01fd-5b16-441f-ba7a-7e38b292dbb2 is started using port 42036
2019-08-28 06:33:48,863 [IPC Server handler 18 on 41355] INFO  net.NetworkTopology (NetworkTopologyImpl.java:add(110)) - Added a new node: /default-rack/9e09162c-d652-4106-871c-162faebb3aaf
2019-08-28 06:33:48,866 [IPC Server handler 18 on 41355] INFO  node.SCMNodeManager (SCMNodeManager.java:register(273)) - Registered Data node : 9e09162c-d652-4106-871c-162faebb3aaf{ip: 192.168.34.10, host: pr-hdds-1783-trunk-8fbk5-3374829961, networkLocation: /default-rack, certSerialId: null}
2019-08-28 06:33:48,867 [EventQueue-NodeRegistrationContainerReportForDataNodeSafeModeRule] INFO  safemode.SCMSafeModeManager (DataNodeSafeModeRule.java:process(71)) - SCM in safe mode. 1 DataNodes registered, 1 required.
2019-08-28 06:33:48,867 | INFO  | SCMAudit | user=jenkins1000 | ip=192.168.34.10 | op=REGISTER {datanodeDetails=9e09162c-d652-4106-871c-162faebb3aaf{ip: 192.168.34.10, host: pr-hdds-1783-trunk-8fbk5-3374829961, networkLocation: /default-rack, certSerialId: null}} | ret=SUCCESS |  
2019-08-28 06:33:48,868 [EventQueue-NodeRegistrationContainerReportForDataNodeSafeModeRule] INFO  safemode.SCMSafeModeManager (SCMSafeModeManager.java:validateSafeModeExitRules(177)) - ScmSafeModeManager, all rules are successfully validated
2019-08-28 06:33:48,869 [EventQueue-NodeRegistrationContainerReportForDataNodeSafeModeRule] INFO  safemode.SCMSafeModeManager (SCMSafeModeManager.java:exitSafeMode(193)) - SCM exiting safe mode.
2019-08-28 06:33:48,897 [grpc-default-executor-8] INFO  impl.RaftServerProxy (RaftServerProxy.java:addNew(89)) - 9e09162c-d652-4106-871c-162faebb3aaf: addNew group-607D7D33A370:[9e09162c-d652-4106-871c-162faebb3aaf:192.168.34.10:37220] returns group-607D7D33A370:java.util.concurrent.CompletableFuture@afdcf37[Not completed]
2019-08-28 06:33:48,898 [pool-439-thread-1] INFO  impl.RaftServerImpl (RaftServerImpl.java:<init>(93)) - 9e09162c-d652-4106-871c-162faebb3aaf: new RaftServerImpl for group-607D7D33A370:[9e09162c-d652-4106-871c-162faebb3aaf:192.168.34.10:37220] with ContainerStateMachine:uninitialized
2019-08-28 06:33:48,899 [pool-439-thread-1] INFO  server.RaftServerConfigKeys (ConfUtils.java:logGet(43)) - raft.server.rpc.timeout.min = 5s (custom)
2019-08-28 06:33:48,899 [pool-439-thread-1] INFO  server.RaftServerConfigKeys (ConfUtils.java:logGet(43)) - raft.server.rpc.timeout.max = 5200ms (custom)
2019-08-28 06:33:48,899 [pool-439-thread-1] INFO  server.RaftServerConfigKeys (ConfUtils.java:logGet(43)) - raft.server.rpcslowness.timeout = 120s (custom)
2019-08-28 06:33:48,899 [pool-439-thread-1] INFO  server.RaftServerConfigKeys (ConfUtils.java:logGet(43)) - raft.server.sleep.deviation.threshold = 300 (default)
2019-08-28 06:33:48,899 [pool-439-thread-1] INFO  server.RaftServerConfigKeys (ConfUtils.java:logGet(43)) - raft.server.log.appender.install.snapshot.enabled = false (custom)
2019-08-28 06:33:48,899 [pool-439-thread-1] INFO  impl.RaftServerImpl (ServerState.java:<init>(105)) - 9e09162c-d652-4106-871c-162faebb3aaf:group-607D7D33A370 ConfigurationManager, init=-1: [9e09162c-d652-4106-871c-162faebb3aaf:192.168.34.10:37220], old=null, confs=<EMPTY_MAP>
2019-08-28 06:33:48,900 [pool-439-thread-1] INFO  server.RaftServerConfigKeys (ConfUtils.java:logGet(43)) - raft.server.storage.dir = [/workdir/hadoop-ozone/integration-test/target/test-dir/MiniOzoneClusterImpl-dfe718bc-bd4c-4c80-9b1d-75633119d19d/datanode-0/data/ratis] (custom)
2019-08-28 06:33:48,900 [pool-439-thread-1] INFO  storage.RaftStorageDirectory (RaftStorageDirectory.java:analyzeStorage(246)) - The storage directory /workdir/hadoop-ozone/integration-test/target/test-dir/MiniOzoneClusterImpl-dfe718bc-bd4c-4c80-9b1d-75633119d19d/datanode-0/data/ratis/582a804d-d671-49c6-aecc-607d7d33a370 does not exist. Creating ...
2019-08-28 06:33:48,913 [pool-439-thread-1] INFO  storage.RaftStorageDirectory (RaftStorageDirectory.java:tryLock(328)) - Lock on /workdir/hadoop-ozone/integration-test/target/test-dir/MiniOzoneClusterImpl-dfe718bc-bd4c-4c80-9b1d-75633119d19d/datanode-0/data/ratis/582a804d-d671-49c6-aecc-607d7d33a370/in_use.lock acquired by nodename 6961@pr-hdds-1783-trunk-8fbk5-3374829961
2019-08-28 06:33:48,927 [pool-439-thread-1] INFO  storage.RaftStorage (RaftStorage.java:format(72)) - Storage directory /workdir/hadoop-ozone/integration-test/target/test-dir/MiniOzoneClusterImpl-dfe718bc-bd4c-4c80-9b1d-75633119d19d/datanode-0/data/ratis/582a804d-d671-49c6-aecc-607d7d33a370 has been successfully formatted.
2019-08-28 06:33:48,927 [pool-439-thread-1] INFO  ratis.ContainerStateMachine (ContainerStateMachine.java:loadSnapshot(226)) - group-607D7D33A370: The snapshot info is null. Setting the last applied indexto:(t:0, i:~)
2019-08-28 06:33:48,927 [pool-439-thread-1] INFO  server.RaftServerConfigKeys (ConfUtils.java:logGet(43)) - raft.server.leader.election.timeout = 120s (custom)
2019-08-28 06:33:48,928 [pool-439-thread-1] INFO  server.RaftServerConfigKeys (ConfUtils.java:logGet(43)) - raft.server.log.use.memory = false (default)
2019-08-28 06:33:48,928 [pool-439-thread-1] INFO  server.RaftServerConfigKeys (ConfUtils.java:logGet(43)) - raft.server.log.purge.gap = 1000000 (custom)
2019-08-28 06:33:48,928 [pool-439-thread-1] INFO  server.RaftServerConfigKeys (ConfUtils.java:logGet(43)) - raft.server.log.appender.buffer.byte-limit = 33554432 (custom)
2019-08-28 06:33:48,928 [pool-439-thread-1] INFO  server.RaftServerConfigKeys (ConfUtils.java:logGet(43)) - raft.server.log.segment.size.max = 1048576 (custom)
2019-08-28 06:33:48,928 [pool-439-thread-1] INFO  server.RaftServerConfigKeys (ConfUtils.java:logGet(43)) - raft.server.log.segment.cache.num.max = 2 (custom)
2019-08-28 06:33:48,929 [pool-439-thread-1] INFO  segmented.SegmentedRaftLogWorker (SegmentedRaftLogWorker.java:<init>(172)) - new 9e09162c-d652-4106-871c-162faebb3aaf-SegmentedRaftLogWorker:Storage Directory /workdir/hadoop-ozone/integration-test/target/test-dir/MiniOzoneClusterImpl-dfe718bc-bd4c-4c80-9b1d-75633119d19d/datanode-0/data/ratis/582a804d-d671-49c6-aecc-607d7d33a370 for RaftStorage:Storage Directory /workdir/hadoop-ozone/integration-test/target/test-dir/MiniOzoneClusterImpl-dfe718bc-bd4c-4c80-9b1d-75633119d19d/datanode-0/data/ratis/582a804d-d671-49c6-aecc-607d7d33a370
2019-08-28 06:33:48,929 [pool-439-thread-1] INFO  server.RaftServerConfigKeys (ConfUtils.java:logGet(43)) - raft.server.log.queue.byte-limit = 2147483647 (custom)
2019-08-28 06:33:48,929 [pool-439-thread-1] INFO  server.RaftServerConfigKeys (ConfUtils.java:logGet(43)) - raft.server.log.queue.element-limit = 1024 (custom)
2019-08-28 06:33:48,930 [pool-439-thread-1] INFO  server.RaftServerConfigKeys (ConfUtils.java:logGet(43)) - raft.server.log.segment.size.max = 1048576 (custom)
2019-08-28 06:33:48,930 [pool-439-thread-1] INFO  server.RaftServerConfigKeys (ConfUtils.java:logGet(43)) - raft.server.log.preallocated.size = 16384 (custom)
2019-08-28 06:33:48,930 [pool-439-thread-1] INFO  server.RaftServerConfigKeys (ConfUtils.java:logGet(43)) - raft.server.log.write.buffer.size = 33554432 (custom)
2019-08-28 06:33:48,930 [pool-439-thread-1] INFO  server.RaftServerConfigKeys (ConfUtils.java:logGet(43)) - raft.server.log.force.sync.num = 128 (default)
2019-08-28 06:33:48,930 [pool-439-thread-1] INFO  server.RaftServerConfigKeys (ConfUtils.java:logGet(43)) - raft.server.log.statemachine.data.sync = true (default)
2019-08-28 06:33:48,930 [pool-439-thread-1] INFO  server.RaftServerConfigKeys (ConfUtils.java:logGet(43)) - raft.server.log.statemachine.data.sync.timeout = 10s (default)
2019-08-28 06:33:48,930 [pool-439-thread-1] INFO  server.RaftServerConfigKeys (ConfUtils.java:logGet(43)) - raft.server.log.statemachine.data.sync.timeout.retry = -1 (default)
2019-08-28 06:33:48,931 [pool-439-thread-1] INFO  server.RaftServerConfigKeys (ConfUtils.java:logGet(43)) - raft.server.log.statemachine.data.caching.enabled = true (custom)
2019-08-28 06:33:48,931 [pool-439-thread-1] INFO  segmented.SegmentedRaftLogWorker (SegmentedRaftLogWorker.java:lambda$new$0(132)) - 9e09162c-d652-4106-871c-162faebb3aaf-SegmentedRaftLogWorker:Storage Directory /workdir/hadoop-ozone/integration-test/target/test-dir/MiniOzoneClusterImpl-dfe718bc-bd4c-4c80-9b1d-75633119d19d/datanode-0/data/ratis/582a804d-d671-49c6-aecc-607d7d33a370: flushIndex: setUnconditionally 0 -> -1
2019-08-28 06:33:48,932 [pool-439-thread-1] INFO  server.RaftServerConfigKeys (ConfUtils.java:logGet(43)) - raft.server.snapshot.auto.trigger.enabled = true (custom)
2019-08-28 06:33:48,932 [pool-439-thread-1] INFO  server.RaftServerConfigKeys (ConfUtils.java:logGet(43)) - raft.server.snapshot.auto.trigger.threshold = 10000 (custom)
2019-08-28 06:33:48,932 [pool-439-thread-1] INFO  server.RaftServerConfigKeys (ConfUtils.java:logGet(43)) - raft.server.retrycache.expirytime = 600000ms (custom)
2019-08-28 06:33:48,932 [pool-439-thread-1] INFO  impl.RaftServerImpl (RaftServerImpl.java:start(180)) - 9e09162c-d652-4106-871c-162faebb3aaf: start group-607D7D33A370
2019-08-28 06:33:48,932 [pool-439-thread-1] INFO  impl.RaftServerImpl (RaftServerImpl.java:setRole(171)) - 9e09162c-d652-4106-871c-162faebb3aaf:group-607D7D33A370 changes role from null to FOLLOWER at term 0 for startAsFollower
2019-08-28 06:33:48,933 [pool-439-thread-1] INFO  impl.RoleInfo (RoleInfo.java:updateAndGet(143)) - 9e09162c-d652-4106-871c-162faebb3aaf: start FollowerState
2019-08-28 06:33:48,934 [pool-439-thread-1] INFO  util.JmxRegister (JmxRegister.java:tryRegister(44)) - Successfully registered JMX Bean with object name Ratis:service=RaftServer,group=group-607D7D33A370,id=9e09162c-d652-4106-871c-162faebb3aaf
2019-08-28 06:33:48,940 [RatisPipelineUtilsThread] INFO  pipeline.PipelineStateManager (PipelineStateManager.java:addPipeline(56)) - Created pipeline Pipeline[ Id: 582a804d-d671-49c6-aecc-607d7d33a370, Nodes: 9e09162c-d652-4106-871c-162faebb3aaf{ip: 192.168.34.10, host: pr-hdds-1783-trunk-8fbk5-3374829961, networkLocation: /default-rack, certSerialId: null}, Type:RATIS, Factor:ONE, State:OPEN]
2019-08-28 06:33:49,358 [IPC Server handler 17 on 41355] INFO  net.NetworkTopology (NetworkTopologyImpl.java:add(110)) - Added a new node: /default-rack/4aaf653c-c443-4044-b7ad-f4623e7320a2
2019-08-28 06:33:49,358 [IPC Server handler 17 on 41355] INFO  node.SCMNodeManager (SCMNodeManager.java:register(273)) - Registered Data node : 4aaf653c-c443-4044-b7ad-f4623e7320a2{ip: 192.168.34.10, host: pr-hdds-1783-trunk-8fbk5-3374829961, networkLocation: /default-rack, certSerialId: null}
2019-08-28 06:33:49,358 | INFO  | SCMAudit | user=jenkins1000 | ip=192.168.34.10 | op=REGISTER {datanodeDetails=4aaf653c-c443-4044-b7ad-f4623e7320a2{ip: 192.168.34.10, host: pr-hdds-1783-trunk-8fbk5-3374829961, networkLocation: /default-rack, certSerialId: null}} | ret=SUCCESS |  
2019-08-28 06:33:49,365 [grpc-default-executor-8] INFO  impl.RaftServerProxy (RaftServerProxy.java:addNew(89)) - 4aaf653c-c443-4044-b7ad-f4623e7320a2: addNew group-CD0C23525D2A:[4aaf653c-c443-4044-b7ad-f4623e7320a2:192.168.34.10:38057] returns group-CD0C23525D2A:java.util.concurrent.CompletableFuture@22d12018[Not completed]
2019-08-28 06:33:49,365 [main] INFO  ozone.MiniOzoneClusterImpl (MiniOzoneClusterImpl.java:lambda$waitForClusterToBeReady$0(142)) - Waiting for cluster to be ready. Got 2 of 7 DN Heartbeats.
2019-08-28 06:33:49,366 [pool-450-thread-1] INFO  impl.RaftServerImpl (RaftServerImpl.java:<init>(93)) - 4aaf653c-c443-4044-b7ad-f4623e7320a2: new RaftServerImpl for group-CD0C23525D2A:[4aaf653c-c443-4044-b7ad-f4623e7320a2:192.168.34.10:38057] with ContainerStateMachine:uninitialized
2019-08-28 06:33:49,367 [pool-450-thread-1] INFO  server.RaftServerConfigKeys (ConfUtils.java:logGet(43)) - raft.server.rpc.timeout.min = 5s (custom)
2019-08-28 06:33:49,367 [pool-450-thread-1] INFO  server.RaftServerConfigKeys (ConfUtils.java:logGet(43)) - raft.server.rpc.timeout.max = 5200ms (custom)
2019-08-28 06:33:49,367 [pool-450-thread-1] INFO  server.RaftServerConfigKeys (ConfUtils.java:logGet(43)) - raft.server.rpcslowness.timeout = 120s (custom)
2019-08-28 06:33:49,367 [pool-450-thread-1] INFO  server.RaftServerConfigKeys (ConfUtils.java:logGet(43)) - raft.server.sleep.deviation.threshold = 300 (default)
2019-08-28 06:33:49,367 [pool-450-thread-1] INFO  server.RaftServerConfigKeys (ConfUtils.java:logGet(43)) - raft.server.log.appender.install.snapshot.enabled = false (custom)
2019-08-28 06:33:49,367 [pool-450-thread-1] INFO  impl.RaftServerImpl (ServerState.java:<init>(105)) - 4aaf653c-c443-4044-b7ad-f4623e7320a2:group-CD0C23525D2A ConfigurationManager, init=-1: [4aaf653c-c443-4044-b7ad-f4623e7320a2:192.168.34.10:38057], old=null, confs=<EMPTY_MAP>
2019-08-28 06:33:49,368 [pool-450-thread-1] INFO  server.RaftServerConfigKeys (ConfUtils.java:logGet(43)) - raft.server.storage.dir = [/workdir/hadoop-ozone/integration-test/target/test-dir/MiniOzoneClusterImpl-dfe718bc-bd4c-4c80-9b1d-75633119d19d/datanode-1/data/ratis] (custom)
2019-08-28 06:33:49,368 [pool-450-thread-1] INFO  storage.RaftStorageDirectory (RaftStorageDirectory.java:analyzeStorage(246)) - The storage directory /workdir/hadoop-ozone/integration-test/target/test-dir/MiniOzoneClusterImpl-dfe718bc-bd4c-4c80-9b1d-75633119d19d/datanode-1/data/ratis/04deec7d-4080-4028-b097-cd0c23525d2a does not exist. Creating ...
2019-08-28 06:33:49,381 [pool-450-thread-1] INFO  storage.RaftStorageDirectory (RaftStorageDirectory.java:tryLock(328)) - Lock on /workdir/hadoop-ozone/integration-test/target/test-dir/MiniOzoneClusterImpl-dfe718bc-bd4c-4c80-9b1d-75633119d19d/datanode-1/data/ratis/04deec7d-4080-4028-b097-cd0c23525d2a/in_use.lock acquired by nodename 6961@pr-hdds-1783-trunk-8fbk5-3374829961
2019-08-28 06:33:49,402 [pool-450-thread-1] INFO  storage.RaftStorage (RaftStorage.java:format(72)) - Storage directory /workdir/hadoop-ozone/integration-test/target/test-dir/MiniOzoneClusterImpl-dfe718bc-bd4c-4c80-9b1d-75633119d19d/datanode-1/data/ratis/04deec7d-4080-4028-b097-cd0c23525d2a has been successfully formatted.
2019-08-28 06:33:49,402 [pool-450-thread-1] INFO  ratis.ContainerStateMachine (ContainerStateMachine.java:loadSnapshot(226)) - group-CD0C23525D2A: The snapshot info is null. Setting the last applied indexto:(t:0, i:~)
2019-08-28 06:33:49,402 [pool-450-thread-1] INFO  server.RaftServerConfigKeys (ConfUtils.java:logGet(43)) - raft.server.leader.election.timeout = 120s (custom)
2019-08-28 06:33:49,402 [pool-450-thread-1] INFO  server.RaftServerConfigKeys (ConfUtils.java:logGet(43)) - raft.server.log.use.memory = false (default)
2019-08-28 06:33:49,403 [pool-450-thread-1] INFO  server.RaftServerConfigKeys (ConfUtils.java:logGet(43)) - raft.server.log.purge.gap = 1000000 (custom)
2019-08-28 06:33:49,403 [pool-450-thread-1] INFO  server.RaftServerConfigKeys (ConfUtils.java:logGet(43)) - raft.server.log.appender.buffer.byte-limit = 33554432 (custom)
2019-08-28 06:33:49,403 [pool-450-thread-1] INFO  server.RaftServerConfigKeys (ConfUtils.java:logGet(43)) - raft.server.log.segment.size.max = 1048576 (custom)
2019-08-28 06:33:49,403 [pool-450-thread-1] INFO  server.RaftServerConfigKeys (ConfUtils.java:logGet(43)) - raft.server.log.segment.cache.num.max = 2 (custom)
2019-08-28 06:33:49,403 [pool-450-thread-1] INFO  segmented.SegmentedRaftLogWorker (SegmentedRaftLogWorker.java:<init>(172)) - new 4aaf653c-c443-4044-b7ad-f4623e7320a2-SegmentedRaftLogWorker:Storage Directory /workdir/hadoop-ozone/integration-test/target/test-dir/MiniOzoneClusterImpl-dfe718bc-bd4c-4c80-9b1d-75633119d19d/datanode-1/data/ratis/04deec7d-4080-4028-b097-cd0c23525d2a for RaftStorage:Storage Directory /workdir/hadoop-ozone/integration-test/target/test-dir/MiniOzoneClusterImpl-dfe718bc-bd4c-4c80-9b1d-75633119d19d/datanode-1/data/ratis/04deec7d-4080-4028-b097-cd0c23525d2a
2019-08-28 06:33:49,403 [pool-450-thread-1] INFO  server.RaftServerConfigKeys (ConfUtils.java:logGet(43)) - raft.server.log.queue.byte-limit = 2147483647 (custom)
2019-08-28 06:33:49,403 [pool-450-thread-1] INFO  server.RaftServerConfigKeys (ConfUtils.java:logGet(43)) - raft.server.log.queue.element-limit = 1024 (custom)
2019-08-28 06:33:49,404 [pool-450-thread-1] INFO  server.RaftServerConfigKeys (ConfUtils.java:logGet(43)) - raft.server.log.segment.size.max = 1048576 (custom)
2019-08-28 06:33:49,404 [pool-450-thread-1] INFO  server.RaftServerConfigKeys (ConfUtils.java:logGet(43)) - raft.server.log.preallocated.size = 16384 (custom)
2019-08-28 06:33:49,404 [pool-450-thread-1] INFO  server.RaftServerConfigKeys (ConfUtils.java:logGet(43)) - raft.server.log.write.buffer.size = 33554432 (custom)
2019-08-28 06:33:49,404 [pool-450-thread-1] INFO  server.RaftServerConfigKeys (ConfUtils.java:logGet(43)) - raft.server.log.force.sync.num = 128 (default)
2019-08-28 06:33:49,404 [pool-450-thread-1] INFO  server.RaftServerConfigKeys (ConfUtils.java:logGet(43)) - raft.server.log.statemachine.data.sync = true (default)
2019-08-28 06:33:49,404 [pool-450-thread-1] INFO  server.RaftServerConfigKeys (ConfUtils.java:logGet(43)) - raft.server.log.statemachine.data.sync.timeout = 10s (default)
2019-08-28 06:33:49,405 [pool-450-thread-1] INFO  server.RaftServerConfigKeys (ConfUtils.java:logGet(43)) - raft.server.log.statemachine.data.sync.timeout.retry = -1 (default)
2019-08-28 06:33:49,405 [pool-450-thread-1] INFO  server.RaftServerConfigKeys (ConfUtils.java:logGet(43)) - raft.server.log.statemachine.data.caching.enabled = true (custom)
2019-08-28 06:33:49,406 [pool-450-thread-1] INFO  segmented.SegmentedRaftLogWorker (SegmentedRaftLogWorker.java:lambda$new$0(132)) - 4aaf653c-c443-4044-b7ad-f4623e7320a2-SegmentedRaftLogWorker:Storage Directory /workdir/hadoop-ozone/integration-test/target/test-dir/MiniOzoneClusterImpl-dfe718bc-bd4c-4c80-9b1d-75633119d19d/datanode-1/data/ratis/04deec7d-4080-4028-b097-cd0c23525d2a: flushIndex: setUnconditionally 0 -> -1
2019-08-28 06:33:49,406 [pool-450-thread-1] INFO  server.RaftServerConfigKeys (ConfUtils.java:logGet(43)) - raft.server.snapshot.auto.trigger.enabled = true (custom)
2019-08-28 06:33:49,406 [pool-450-thread-1] INFO  server.RaftServerConfigKeys (ConfUtils.java:logGet(43)) - raft.server.snapshot.auto.trigger.threshold = 10000 (custom)
2019-08-28 06:33:49,406 [pool-450-thread-1] INFO  server.RaftServerConfigKeys (ConfUtils.java:logGet(43)) - raft.server.retrycache.expirytime = 600000ms (custom)
2019-08-28 06:33:49,407 [pool-450-thread-1] INFO  impl.RaftServerImpl (RaftServerImpl.java:start(180)) - 4aaf653c-c443-4044-b7ad-f4623e7320a2: start group-CD0C23525D2A
2019-08-28 06:33:49,407 [pool-450-thread-1] INFO  impl.RaftServerImpl (RaftServerImpl.java:setRole(171)) - 4aaf653c-c443-4044-b7ad-f4623e7320a2:group-CD0C23525D2A changes role from null to FOLLOWER at term 0 for startAsFollower
2019-08-28 06:33:49,407 [pool-450-thread-1] INFO  impl.RoleInfo (RoleInfo.java:updateAndGet(143)) - 4aaf653c-c443-4044-b7ad-f4623e7320a2: start FollowerState
2019-08-28 06:33:49,407 [pool-450-thread-1] INFO  util.JmxRegister (JmxRegister.java:tryRegister(44)) - Successfully registered JMX Bean with object name Ratis:service=RaftServer,group=group-CD0C23525D2A,id=4aaf653c-c443-4044-b7ad-f4623e7320a2
2019-08-28 06:33:49,412 [RatisPipelineUtilsThread] INFO  pipeline.PipelineStateManager (PipelineStateManager.java:addPipeline(56)) - Created pipeline Pipeline[ Id: 04deec7d-4080-4028-b097-cd0c23525d2a, Nodes: 4aaf653c-c443-4044-b7ad-f4623e7320a2{ip: 192.168.34.10, host: pr-hdds-1783-trunk-8fbk5-3374829961, networkLocation: /default-rack, certSerialId: null}, Type:RATIS, Factor:ONE, State:OPEN]
2019-08-28 06:33:49,555 [IPC Server handler 14 on 41355] INFO  net.NetworkTopology (NetworkTopologyImpl.java:add(110)) - Added a new node: /default-rack/9cd1cf0b-08ae-4d53-8ceb-815e7e017b07
2019-08-28 06:33:49,555 [IPC Server handler 14 on 41355] INFO  node.SCMNodeManager (SCMNodeManager.java:register(273)) - Registered Data node : 9cd1cf0b-08ae-4d53-8ceb-815e7e017b07{ip: 192.168.34.10, host: pr-hdds-1783-trunk-8fbk5-3374829961, networkLocation: /default-rack, certSerialId: null}
2019-08-28 06:33:49,556 | INFO  | SCMAudit | user=jenkins1000 | ip=192.168.34.10 | op=REGISTER {datanodeDetails=9cd1cf0b-08ae-4d53-8ceb-815e7e017b07{ip: 192.168.34.10, host: pr-hdds-1783-trunk-8fbk5-3374829961, networkLocation: /default-rack, certSerialId: null}} | ret=SUCCESS |  
2019-08-28 06:33:49,563 [grpc-default-executor-8] INFO  impl.RaftServerProxy (RaftServerProxy.java:addNew(89)) - 9cd1cf0b-08ae-4d53-8ceb-815e7e017b07: addNew group-56087A97FDBE:[9cd1cf0b-08ae-4d53-8ceb-815e7e017b07:192.168.34.10:36234] returns group-56087A97FDBE:java.util.concurrent.CompletableFuture@6d80a737[Not completed]
2019-08-28 06:33:49,564 [pool-461-thread-1] INFO  impl.RaftServerImpl (RaftServerImpl.java:<init>(93)) - 9cd1cf0b-08ae-4d53-8ceb-815e7e017b07: new RaftServerImpl for group-56087A97FDBE:[9cd1cf0b-08ae-4d53-8ceb-815e7e017b07:192.168.34.10:36234] with ContainerStateMachine:uninitialized
2019-08-28 06:33:49,565 [pool-461-thread-1] INFO  server.RaftServerConfigKeys (ConfUtils.java:logGet(43)) - raft.server.rpc.timeout.min = 5s (custom)
2019-08-28 06:33:49,565 [pool-461-thread-1] INFO  server.RaftServerConfigKeys (ConfUtils.java:logGet(43)) - raft.server.rpc.timeout.max = 5200ms (custom)
2019-08-28 06:33:49,565 [pool-461-thread-1] INFO  server.RaftServerConfigKeys (ConfUtils.java:logGet(43)) - raft.server.rpcslowness.timeout = 120s (custom)
2019-08-28 06:33:49,565 [pool-461-thread-1] INFO  server.RaftServerConfigKeys (ConfUtils.java:logGet(43)) - raft.server.sleep.deviation.threshold = 300 (default)
2019-08-28 06:33:49,565 [pool-461-thread-1] INFO  server.RaftServerConfigKeys (ConfUtils.java:logGet(43)) - raft.server.log.appender.install.snapshot.enabled = false (custom)
2019-08-28 06:33:49,565 [pool-461-thread-1] INFO  impl.RaftServerImpl (ServerState.java:<init>(105)) - 9cd1cf0b-08ae-4d53-8ceb-815e7e017b07:group-56087A97FDBE ConfigurationManager, init=-1: [9cd1cf0b-08ae-4d53-8ceb-815e7e017b07:192.168.34.10:36234], old=null, confs=<EMPTY_MAP>
2019-08-28 06:33:49,565 [pool-461-thread-1] INFO  server.RaftServerConfigKeys (ConfUtils.java:logGet(43)) - raft.server.storage.dir = [/workdir/hadoop-ozone/integration-test/target/test-dir/MiniOzoneClusterImpl-dfe718bc-bd4c-4c80-9b1d-75633119d19d/datanode-2/data/ratis] (custom)
2019-08-28 06:33:49,566 [pool-461-thread-1] INFO  storage.RaftStorageDirectory (RaftStorageDirectory.java:analyzeStorage(246)) - The storage directory /workdir/hadoop-ozone/integration-test/target/test-dir/MiniOzoneClusterImpl-dfe718bc-bd4c-4c80-9b1d-75633119d19d/datanode-2/data/ratis/790e2757-df0a-448f-8207-56087a97fdbe does not exist. Creating ...
2019-08-28 06:33:49,579 [pool-461-thread-1] INFO  storage.RaftStorageDirectory (RaftStorageDirectory.java:tryLock(328)) - Lock on /workdir/hadoop-ozone/integration-test/target/test-dir/MiniOzoneClusterImpl-dfe718bc-bd4c-4c80-9b1d-75633119d19d/datanode-2/data/ratis/790e2757-df0a-448f-8207-56087a97fdbe/in_use.lock acquired by nodename 6961@pr-hdds-1783-trunk-8fbk5-3374829961
2019-08-28 06:33:49,592 [pool-461-thread-1] INFO  storage.RaftStorage (RaftStorage.java:format(72)) - Storage directory /workdir/hadoop-ozone/integration-test/target/test-dir/MiniOzoneClusterImpl-dfe718bc-bd4c-4c80-9b1d-75633119d19d/datanode-2/data/ratis/790e2757-df0a-448f-8207-56087a97fdbe has been successfully formatted.
2019-08-28 06:33:49,592 [pool-461-thread-1] INFO  ratis.ContainerStateMachine (ContainerStateMachine.java:loadSnapshot(226)) - group-56087A97FDBE: The snapshot info is null. Setting the last applied indexto:(t:0, i:~)
2019-08-28 06:33:49,592 [pool-461-thread-1] INFO  server.RaftServerConfigKeys (ConfUtils.java:logGet(43)) - raft.server.leader.election.timeout = 120s (custom)
2019-08-28 06:33:49,593 [pool-461-thread-1] INFO  server.RaftServerConfigKeys (ConfUtils.java:logGet(43)) - raft.server.log.use.memory = false (default)
2019-08-28 06:33:49,593 [pool-461-thread-1] INFO  server.RaftServerConfigKeys (ConfUtils.java:logGet(43)) - raft.server.log.purge.gap = 1000000 (custom)
2019-08-28 06:33:49,593 [pool-461-thread-1] INFO  server.RaftServerConfigKeys (ConfUtils.java:logGet(43)) - raft.server.log.appender.buffer.byte-limit = 33554432 (custom)
2019-08-28 06:33:49,593 [pool-461-thread-1] INFO  server.RaftServerConfigKeys (ConfUtils.java:logGet(43)) - raft.server.log.segment.size.max = 1048576 (custom)
2019-08-28 06:33:49,593 [pool-461-thread-1] INFO  server.RaftServerConfigKeys (ConfUtils.java:logGet(43)) - raft.server.log.segment.cache.num.max = 2 (custom)
2019-08-28 06:33:49,593 [pool-461-thread-1] INFO  segmented.SegmentedRaftLogWorker (SegmentedRaftLogWorker.java:<init>(172)) - new 9cd1cf0b-08ae-4d53-8ceb-815e7e017b07-SegmentedRaftLogWorker:Storage Directory /workdir/hadoop-ozone/integration-test/target/test-dir/MiniOzoneClusterImpl-dfe718bc-bd4c-4c80-9b1d-75633119d19d/datanode-2/data/ratis/790e2757-df0a-448f-8207-56087a97fdbe for RaftStorage:Storage Directory /workdir/hadoop-ozone/integration-test/target/test-dir/MiniOzoneClusterImpl-dfe718bc-bd4c-4c80-9b1d-75633119d19d/datanode-2/data/ratis/790e2757-df0a-448f-8207-56087a97fdbe
2019-08-28 06:33:49,593 [pool-461-thread-1] INFO  server.RaftServerConfigKeys (ConfUtils.java:logGet(43)) - raft.server.log.queue.byte-limit = 2147483647 (custom)
2019-08-28 06:33:49,593 [pool-461-thread-1] INFO  server.RaftServerConfigKeys (ConfUtils.java:logGet(43)) - raft.server.log.queue.element-limit = 1024 (custom)
2019-08-28 06:33:49,594 [pool-461-thread-1] INFO  server.RaftServerConfigKeys (ConfUtils.java:logGet(43)) - raft.server.log.segment.size.max = 1048576 (custom)
2019-08-28 06:33:49,594 [pool-461-thread-1] INFO  server.RaftServerConfigKeys (ConfUtils.java:logGet(43)) - raft.server.log.preallocated.size = 16384 (custom)
2019-08-28 06:33:49,594 [pool-461-thread-1] INFO  server.RaftServerConfigKeys (ConfUtils.java:logGet(43)) - raft.server.log.write.buffer.size = 33554432 (custom)
2019-08-28 06:33:49,594 [pool-461-thread-1] INFO  server.RaftServerConfigKeys (ConfUtils.java:logGet(43)) - raft.server.log.force.sync.num = 128 (default)
2019-08-28 06:33:49,594 [pool-461-thread-1] INFO  server.RaftServerConfigKeys (ConfUtils.java:logGet(43)) - raft.server.log.statemachine.data.sync = true (default)
2019-08-28 06:33:49,594 [pool-461-thread-1] INFO  server.RaftServerConfigKeys (ConfUtils.java:logGet(43)) - raft.server.log.statemachine.data.sync.timeout = 10s (default)
2019-08-28 06:33:49,594 [pool-461-thread-1] INFO  server.RaftServerConfigKeys (ConfUtils.java:logGet(43)) - raft.server.log.statemachine.data.sync.timeout.retry = -1 (default)
2019-08-28 06:33:49,595 [pool-461-thread-1] INFO  server.RaftServerConfigKeys (ConfUtils.java:logGet(43)) - raft.server.log.statemachine.data.caching.enabled = true (custom)
2019-08-28 06:33:49,595 [pool-461-thread-1] INFO  segmented.SegmentedRaftLogWorker (SegmentedRaftLogWorker.java:lambda$new$0(132)) - 9cd1cf0b-08ae-4d53-8ceb-815e7e017b07-SegmentedRaftLogWorker:Storage Directory /workdir/hadoop-ozone/integration-test/target/test-dir/MiniOzoneClusterImpl-dfe718bc-bd4c-4c80-9b1d-75633119d19d/datanode-2/data/ratis/790e2757-df0a-448f-8207-56087a97fdbe: flushIndex: setUnconditionally 0 -> -1
2019-08-28 06:33:49,595 [pool-461-thread-1] INFO  server.RaftServerConfigKeys (ConfUtils.java:logGet(43)) - raft.server.snapshot.auto.trigger.enabled = true (custom)
2019-08-28 06:33:49,595 [pool-461-thread-1] INFO  server.RaftServerConfigKeys (ConfUtils.java:logGet(43)) - raft.server.snapshot.auto.trigger.threshold = 10000 (custom)
2019-08-28 06:33:49,595 [pool-461-thread-1] INFO  server.RaftServerConfigKeys (ConfUtils.java:logGet(43)) - raft.server.retrycache.expirytime = 600000ms (custom)
2019-08-28 06:33:49,596 [pool-461-thread-1] INFO  impl.RaftServerImpl (RaftServerImpl.java:start(180)) - 9cd1cf0b-08ae-4d53-8ceb-815e7e017b07: start group-56087A97FDBE
2019-08-28 06:33:49,596 [pool-461-thread-1] INFO  impl.RaftServerImpl (RaftServerImpl.java:setRole(171)) - 9cd1cf0b-08ae-4d53-8ceb-815e7e017b07:group-56087A97FDBE changes role from null to FOLLOWER at term 0 for startAsFollower
2019-08-28 06:33:49,596 [pool-461-thread-1] INFO  impl.RoleInfo (RoleInfo.java:updateAndGet(143)) - 9cd1cf0b-08ae-4d53-8ceb-815e7e017b07: start FollowerState
2019-08-28 06:33:49,596 [pool-461-thread-1] INFO  util.JmxRegister (JmxRegister.java:tryRegister(44)) - Successfully registered JMX Bean with object name Ratis:service=RaftServer,group=group-56087A97FDBE,id=9cd1cf0b-08ae-4d53-8ceb-815e7e017b07
2019-08-28 06:33:49,601 [RatisPipelineUtilsThread] INFO  pipeline.PipelineStateManager (PipelineStateManager.java:addPipeline(56)) - Created pipeline Pipeline[ Id: 790e2757-df0a-448f-8207-56087a97fdbe, Nodes: 9cd1cf0b-08ae-4d53-8ceb-815e7e017b07{ip: 192.168.34.10, host: pr-hdds-1783-trunk-8fbk5-3374829961, networkLocation: /default-rack, certSerialId: null}, Type:RATIS, Factor:ONE, State:OPEN]
2019-08-28 06:33:49,610 [grpc-default-executor-8] INFO  impl.RaftServerProxy (RaftServerProxy.java:addNew(89)) - 9cd1cf0b-08ae-4d53-8ceb-815e7e017b07: addNew group-1E1E5B07B143:[9cd1cf0b-08ae-4d53-8ceb-815e7e017b07:192.168.34.10:36234, 9e09162c-d652-4106-871c-162faebb3aaf:192.168.34.10:37220, 4aaf653c-c443-4044-b7ad-f4623e7320a2:192.168.34.10:38057] returns group-1E1E5B07B143:java.util.concurrent.CompletableFuture@2a426701[Not completed]
2019-08-28 06:33:49,611 [grpc-default-executor-5] INFO  impl.RaftServerProxy (RaftServerProxy.java:addNew(89)) - 9e09162c-d652-4106-871c-162faebb3aaf: addNew group-1E1E5B07B143:[9cd1cf0b-08ae-4d53-8ceb-815e7e017b07:192.168.34.10:36234, 9e09162c-d652-4106-871c-162faebb3aaf:192.168.34.10:37220, 4aaf653c-c443-4044-b7ad-f4623e7320a2:192.168.34.10:38057] returns group-1E1E5B07B143:java.util.concurrent.CompletableFuture@1cf3ac60[Not completed]
2019-08-28 06:33:49,611 [grpc-default-executor-5] INFO  impl.RaftServerProxy (RaftServerProxy.java:addNew(89)) - 4aaf653c-c443-4044-b7ad-f4623e7320a2: addNew group-1E1E5B07B143:[9cd1cf0b-08ae-4d53-8ceb-815e7e017b07:192.168.34.10:36234, 9e09162c-d652-4106-871c-162faebb3aaf:192.168.34.10:37220, 4aaf653c-c443-4044-b7ad-f4623e7320a2:192.168.34.10:38057] returns group-1E1E5B07B143:java.util.concurrent.CompletableFuture@5a0fa5c0[Not completed]
2019-08-28 06:33:49,611 [pool-461-thread-1] INFO  impl.RaftServerImpl (RaftServerImpl.java:<init>(93)) - 9cd1cf0b-08ae-4d53-8ceb-815e7e017b07: new RaftServerImpl for group-1E1E5B07B143:[9cd1cf0b-08ae-4d53-8ceb-815e7e017b07:192.168.34.10:36234, 9e09162c-d652-4106-871c-162faebb3aaf:192.168.34.10:37220, 4aaf653c-c443-4044-b7ad-f4623e7320a2:192.168.34.10:38057] with ContainerStateMachine:uninitialized
2019-08-28 06:33:49,612 [pool-461-thread-1] INFO  server.RaftServerConfigKeys (ConfUtils.java:logGet(43)) - raft.server.rpc.timeout.min = 5s (custom)
2019-08-28 06:33:49,612 [pool-461-thread-1] INFO  server.RaftServerConfigKeys (ConfUtils.java:logGet(43)) - raft.server.rpc.timeout.max = 5200ms (custom)
2019-08-28 06:33:49,612 [pool-461-thread-1] INFO  server.RaftServerConfigKeys (ConfUtils.java:logGet(43)) - raft.server.rpcslowness.timeout = 120s (custom)
2019-08-28 06:33:49,612 [pool-461-thread-1] INFO  server.RaftServerConfigKeys (ConfUtils.java:logGet(43)) - raft.server.sleep.deviation.threshold = 300 (default)
2019-08-28 06:33:49,612 [pool-461-thread-1] INFO  server.RaftServerConfigKeys (ConfUtils.java:logGet(43)) - raft.server.log.appender.install.snapshot.enabled = false (custom)
2019-08-28 06:33:49,612 [pool-439-thread-1] INFO  impl.RaftServerImpl (RaftServerImpl.java:<init>(93)) - 9e09162c-d652-4106-871c-162faebb3aaf: new RaftServerImpl for group-1E1E5B07B143:[9cd1cf0b-08ae-4d53-8ceb-815e7e017b07:192.168.34.10:36234, 9e09162c-d652-4106-871c-162faebb3aaf:192.168.34.10:37220, 4aaf653c-c443-4044-b7ad-f4623e7320a2:192.168.34.10:38057] with ContainerStateMachine:uninitialized
2019-08-28 06:33:49,612 [pool-461-thread-1] INFO  impl.RaftServerImpl (ServerState.java:<init>(105)) - 9cd1cf0b-08ae-4d53-8ceb-815e7e017b07:group-1E1E5B07B143 ConfigurationManager, init=-1: [9cd1cf0b-08ae-4d53-8ceb-815e7e017b07:192.168.34.10:36234, 9e09162c-d652-4106-871c-162faebb3aaf:192.168.34.10:37220, 4aaf653c-c443-4044-b7ad-f4623e7320a2:192.168.34.10:38057], old=null, confs=<EMPTY_MAP>
2019-08-28 06:33:49,612 [pool-439-thread-1] INFO  server.RaftServerConfigKeys (ConfUtils.java:logGet(43)) - raft.server.rpc.timeout.min = 5s (custom)
2019-08-28 06:33:49,612 [pool-461-thread-1] INFO  server.RaftServerConfigKeys (ConfUtils.java:logGet(43)) - raft.server.storage.dir = [/workdir/hadoop-ozone/integration-test/target/test-dir/MiniOzoneClusterImpl-dfe718bc-bd4c-4c80-9b1d-75633119d19d/datanode-2/data/ratis] (custom)
2019-08-28 06:33:49,612 [pool-439-thread-1] INFO  server.RaftServerConfigKeys (ConfUtils.java:logGet(43)) - raft.server.rpc.timeout.max = 5200ms (custom)
2019-08-28 06:33:49,612 [pool-439-thread-1] INFO  server.RaftServerConfigKeys (ConfUtils.java:logGet(43)) - raft.server.rpcslowness.timeout = 120s (custom)
2019-08-28 06:33:49,612 [pool-439-thread-1] INFO  server.RaftServerConfigKeys (ConfUtils.java:logGet(43)) - raft.server.sleep.deviation.threshold = 300 (default)
2019-08-28 06:33:49,613 [pool-461-thread-1] INFO  storage.RaftStorageDirectory (RaftStorageDirectory.java:analyzeStorage(246)) - The storage directory /workdir/hadoop-ozone/integration-test/target/test-dir/MiniOzoneClusterImpl-dfe718bc-bd4c-4c80-9b1d-75633119d19d/datanode-2/data/ratis/21e5a585-efcb-49d2-8d06-1e1e5b07b143 does not exist. Creating ...
2019-08-28 06:33:49,613 [pool-439-thread-1] INFO  server.RaftServerConfigKeys (ConfUtils.java:logGet(43)) - raft.server.log.appender.install.snapshot.enabled = false (custom)
2019-08-28 06:33:49,613 [pool-439-thread-1] INFO  impl.RaftServerImpl (ServerState.java:<init>(105)) - 9e09162c-d652-4106-871c-162faebb3aaf:group-1E1E5B07B143 ConfigurationManager, init=-1: [9cd1cf0b-08ae-4d53-8ceb-815e7e017b07:192.168.34.10:36234, 9e09162c-d652-4106-871c-162faebb3aaf:192.168.34.10:37220, 4aaf653c-c443-4044-b7ad-f4623e7320a2:192.168.34.10:38057], old=null, confs=<EMPTY_MAP>
2019-08-28 06:33:49,613 [pool-439-thread-1] INFO  server.RaftServerConfigKeys (ConfUtils.java:logGet(43)) - raft.server.storage.dir = [/workdir/hadoop-ozone/integration-test/target/test-dir/MiniOzoneClusterImpl-dfe718bc-bd4c-4c80-9b1d-75633119d19d/datanode-0/data/ratis] (custom)
2019-08-28 06:33:49,613 [pool-450-thread-1] INFO  impl.RaftServerImpl (RaftServerImpl.java:<init>(93)) - 4aaf653c-c443-4044-b7ad-f4623e7320a2: new RaftServerImpl for group-1E1E5B07B143:[9cd1cf0b-08ae-4d53-8ceb-815e7e017b07:192.168.34.10:36234, 9e09162c-d652-4106-871c-162faebb3aaf:192.168.34.10:37220, 4aaf653c-c443-4044-b7ad-f4623e7320a2:192.168.34.10:38057] with ContainerStateMachine:uninitialized
2019-08-28 06:33:49,613 [pool-439-thread-1] INFO  storage.RaftStorageDirectory (RaftStorageDirectory.java:analyzeStorage(246)) - The storage directory /workdir/hadoop-ozone/integration-test/target/test-dir/MiniOzoneClusterImpl-dfe718bc-bd4c-4c80-9b1d-75633119d19d/datanode-0/data/ratis/21e5a585-efcb-49d2-8d06-1e1e5b07b143 does not exist. Creating ...
2019-08-28 06:33:49,613 [pool-450-thread-1] INFO  server.RaftServerConfigKeys (ConfUtils.java:logGet(43)) - raft.server.rpc.timeout.min = 5s (custom)
2019-08-28 06:33:49,613 [pool-450-thread-1] INFO  server.RaftServerConfigKeys (ConfUtils.java:logGet(43)) - raft.server.rpc.timeout.max = 5200ms (custom)
2019-08-28 06:33:49,614 [pool-450-thread-1] INFO  server.RaftServerConfigKeys (ConfUtils.java:logGet(43)) - raft.server.rpcslowness.timeout = 120s (custom)
2019-08-28 06:33:49,614 [pool-450-thread-1] INFO  server.RaftServerConfigKeys (ConfUtils.java:logGet(43)) - raft.server.sleep.deviation.threshold = 300 (default)
2019-08-28 06:33:49,614 [pool-450-thread-1] INFO  server.RaftServerConfigKeys (ConfUtils.java:logGet(43)) - raft.server.log.appender.install.snapshot.enabled = false (custom)
2019-08-28 06:33:49,614 [pool-450-thread-1] INFO  impl.RaftServerImpl (ServerState.java:<init>(105)) - 4aaf653c-c443-4044-b7ad-f4623e7320a2:group-1E1E5B07B143 ConfigurationManager, init=-1: [9cd1cf0b-08ae-4d53-8ceb-815e7e017b07:192.168.34.10:36234, 9e09162c-d652-4106-871c-162faebb3aaf:192.168.34.10:37220, 4aaf653c-c443-4044-b7ad-f4623e7320a2:192.168.34.10:38057], old=null, confs=<EMPTY_MAP>
2019-08-28 06:33:49,614 [pool-450-thread-1] INFO  server.RaftServerConfigKeys (ConfUtils.java:logGet(43)) - raft.server.storage.dir = [/workdir/hadoop-ozone/integration-test/target/test-dir/MiniOzoneClusterImpl-dfe718bc-bd4c-4c80-9b1d-75633119d19d/datanode-1/data/ratis] (custom)
2019-08-28 06:33:49,615 [pool-450-thread-1] INFO  storage.RaftStorageDirectory (RaftStorageDirectory.java:analyzeStorage(246)) - The storage directory /workdir/hadoop-ozone/integration-test/target/test-dir/MiniOzoneClusterImpl-dfe718bc-bd4c-4c80-9b1d-75633119d19d/datanode-1/data/ratis/21e5a585-efcb-49d2-8d06-1e1e5b07b143 does not exist. Creating ...
2019-08-28 06:33:49,626 [pool-461-thread-1] INFO  storage.RaftStorageDirectory (RaftStorageDirectory.java:tryLock(328)) - Lock on /workdir/hadoop-ozone/integration-test/target/test-dir/MiniOzoneClusterImpl-dfe718bc-bd4c-4c80-9b1d-75633119d19d/datanode-2/data/ratis/21e5a585-efcb-49d2-8d06-1e1e5b07b143/in_use.lock acquired by nodename 6961@pr-hdds-1783-trunk-8fbk5-3374829961
2019-08-28 06:33:49,626 [pool-450-thread-1] INFO  storage.RaftStorageDirectory (RaftStorageDirectory.java:tryLock(328)) - Lock on /workdir/hadoop-ozone/integration-test/target/test-dir/MiniOzoneClusterImpl-dfe718bc-bd4c-4c80-9b1d-75633119d19d/datanode-1/data/ratis/21e5a585-efcb-49d2-8d06-1e1e5b07b143/in_use.lock acquired by nodename 6961@pr-hdds-1783-trunk-8fbk5-3374829961
2019-08-28 06:33:49,626 [pool-439-thread-1] INFO  storage.RaftStorageDirectory (RaftStorageDirectory.java:tryLock(328)) - Lock on /workdir/hadoop-ozone/integration-test/target/test-dir/MiniOzoneClusterImpl-dfe718bc-bd4c-4c80-9b1d-75633119d19d/datanode-0/data/ratis/21e5a585-efcb-49d2-8d06-1e1e5b07b143/in_use.lock acquired by nodename 6961@pr-hdds-1783-trunk-8fbk5-3374829961
2019-08-28 06:33:49,640 [pool-461-thread-1] INFO  storage.RaftStorage (RaftStorage.java:format(72)) - Storage directory /workdir/hadoop-ozone/integration-test/target/test-dir/MiniOzoneClusterImpl-dfe718bc-bd4c-4c80-9b1d-75633119d19d/datanode-2/data/ratis/21e5a585-efcb-49d2-8d06-1e1e5b07b143 has been successfully formatted.
2019-08-28 06:33:49,640 [pool-450-thread-1] INFO  storage.RaftStorage (RaftStorage.java:format(72)) - Storage directory /workdir/hadoop-ozone/integration-test/target/test-dir/MiniOzoneClusterImpl-dfe718bc-bd4c-4c80-9b1d-75633119d19d/datanode-1/data/ratis/21e5a585-efcb-49d2-8d06-1e1e5b07b143 has been successfully formatted.
2019-08-28 06:33:49,640 [pool-439-thread-1] INFO  storage.RaftStorage (RaftStorage.java:format(72)) - Storage directory /workdir/hadoop-ozone/integration-test/target/test-dir/MiniOzoneClusterImpl-dfe718bc-bd4c-4c80-9b1d-75633119d19d/datanode-0/data/ratis/21e5a585-efcb-49d2-8d06-1e1e5b07b143 has been successfully formatted.
2019-08-28 06:33:49,640 [pool-461-thread-1] INFO  ratis.ContainerStateMachine (ContainerStateMachine.java:loadSnapshot(226)) - group-1E1E5B07B143: The snapshot info is null. Setting the last applied indexto:(t:0, i:~)
2019-08-28 06:33:49,641 [pool-450-thread-1] INFO  ratis.ContainerStateMachine (ContainerStateMachine.java:loadSnapshot(226)) - group-1E1E5B07B143: The snapshot info is null. Setting the last applied indexto:(t:0, i:~)
2019-08-28 06:33:49,641 [pool-439-thread-1] INFO  ratis.ContainerStateMachine (ContainerStateMachine.java:loadSnapshot(226)) - group-1E1E5B07B143: The snapshot info is null. Setting the last applied indexto:(t:0, i:~)
2019-08-28 06:33:49,641 [pool-461-thread-1] INFO  server.RaftServerConfigKeys (ConfUtils.java:logGet(43)) - raft.server.leader.election.timeout = 120s (custom)
2019-08-28 06:33:49,641 [pool-439-thread-1] INFO  server.RaftServerConfigKeys (ConfUtils.java:logGet(43)) - raft.server.leader.election.timeout = 120s (custom)
2019-08-28 06:33:49,641 [pool-439-thread-1] INFO  server.RaftServerConfigKeys (ConfUtils.java:logGet(43)) - raft.server.log.use.memory = false (default)
2019-08-28 06:33:49,641 [pool-450-thread-1] INFO  server.RaftServerConfigKeys (ConfUtils.java:logGet(43)) - raft.server.leader.election.timeout = 120s (custom)
2019-08-28 06:33:49,642 [pool-439-thread-1] INFO  server.RaftServerConfigKeys (ConfUtils.java:logGet(43)) - raft.server.log.purge.gap = 1000000 (custom)
2019-08-28 06:33:49,641 [pool-461-thread-1] INFO  server.RaftServerConfigKeys (ConfUtils.java:logGet(43)) - raft.server.log.use.memory = false (default)
2019-08-28 06:33:49,642 [pool-439-thread-1] INFO  server.RaftServerConfigKeys (ConfUtils.java:logGet(43)) - raft.server.log.appender.buffer.byte-limit = 33554432 (custom)
2019-08-28 06:33:49,642 [pool-450-thread-1] INFO  server.RaftServerConfigKeys (ConfUtils.java:logGet(43)) - raft.server.log.use.memory = false (default)
2019-08-28 06:33:49,642 [pool-439-thread-1] INFO  server.RaftServerConfigKeys (ConfUtils.java:logGet(43)) - raft.server.log.segment.size.max = 1048576 (custom)
2019-08-28 06:33:49,642 [pool-461-thread-1] INFO  server.RaftServerConfigKeys (ConfUtils.java:logGet(43)) - raft.server.log.purge.gap = 1000000 (custom)
2019-08-28 06:33:49,643 [pool-439-thread-1] INFO  server.RaftServerConfigKeys (ConfUtils.java:logGet(43)) - raft.server.log.segment.cache.num.max = 2 (custom)
2019-08-28 06:33:49,642 [pool-450-thread-1] INFO  server.RaftServerConfigKeys (ConfUtils.java:logGet(43)) - raft.server.log.purge.gap = 1000000 (custom)
2019-08-28 06:33:49,643 [pool-439-thread-1] INFO  segmented.SegmentedRaftLogWorker (SegmentedRaftLogWorker.java:<init>(172)) - new 9e09162c-d652-4106-871c-162faebb3aaf-SegmentedRaftLogWorker:Storage Directory /workdir/hadoop-ozone/integration-test/target/test-dir/MiniOzoneClusterImpl-dfe718bc-bd4c-4c80-9b1d-75633119d19d/datanode-0/data/ratis/21e5a585-efcb-49d2-8d06-1e1e5b07b143 for RaftStorage:Storage Directory /workdir/hadoop-ozone/integration-test/target/test-dir/MiniOzoneClusterImpl-dfe718bc-bd4c-4c80-9b1d-75633119d19d/datanode-0/data/ratis/21e5a585-efcb-49d2-8d06-1e1e5b07b143
2019-08-28 06:33:49,643 [pool-461-thread-1] INFO  server.RaftServerConfigKeys (ConfUtils.java:logGet(43)) - raft.server.log.appender.buffer.byte-limit = 33554432 (custom)
2019-08-28 06:33:49,643 [pool-439-thread-1] INFO  server.RaftServerConfigKeys (ConfUtils.java:logGet(43)) - raft.server.log.queue.byte-limit = 2147483647 (custom)
2019-08-28 06:33:49,643 [pool-450-thread-1] INFO  server.RaftServerConfigKeys (ConfUtils.java:logGet(43)) - raft.server.log.appender.buffer.byte-limit = 33554432 (custom)
2019-08-28 06:33:49,643 [pool-439-thread-1] INFO  server.RaftServerConfigKeys (ConfUtils.java:logGet(43)) - raft.server.log.queue.element-limit = 1024 (custom)
2019-08-28 06:33:49,643 [pool-461-thread-1] INFO  server.RaftServerConfigKeys (ConfUtils.java:logGet(43)) - raft.server.log.segment.size.max = 1048576 (custom)
2019-08-28 06:33:49,644 [pool-439-thread-1] INFO  server.RaftServerConfigKeys (ConfUtils.java:logGet(43)) - raft.server.log.segment.size.max = 1048576 (custom)
2019-08-28 06:33:49,644 [pool-450-thread-1] INFO  server.RaftServerConfigKeys (ConfUtils.java:logGet(43)) - raft.server.log.segment.size.max = 1048576 (custom)
2019-08-28 06:33:49,644 [pool-439-thread-1] INFO  server.RaftServerConfigKeys (ConfUtils.java:logGet(43)) - raft.server.log.preallocated.size = 16384 (custom)
2019-08-28 06:33:49,644 [pool-461-thread-1] INFO  server.RaftServerConfigKeys (ConfUtils.java:logGet(43)) - raft.server.log.segment.cache.num.max = 2 (custom)
2019-08-28 06:33:49,644 [pool-439-thread-1] INFO  server.RaftServerConfigKeys (ConfUtils.java:logGet(43)) - raft.server.log.write.buffer.size = 33554432 (custom)
2019-08-28 06:33:49,644 [pool-450-thread-1] INFO  server.RaftServerConfigKeys (ConfUtils.java:logGet(43)) - raft.server.log.segment.cache.num.max = 2 (custom)
2019-08-28 06:33:49,645 [pool-439-thread-1] INFO  server.RaftServerConfigKeys (ConfUtils.java:logGet(43)) - raft.server.log.force.sync.num = 128 (default)
2019-08-28 06:33:49,645 [pool-461-thread-1] INFO  segmented.SegmentedRaftLogWorker (SegmentedRaftLogWorker.java:<init>(172)) - new 9cd1cf0b-08ae-4d53-8ceb-815e7e017b07-SegmentedRaftLogWorker:Storage Directory /workdir/hadoop-ozone/integration-test/target/test-dir/MiniOzoneClusterImpl-dfe718bc-bd4c-4c80-9b1d-75633119d19d/datanode-2/data/ratis/21e5a585-efcb-49d2-8d06-1e1e5b07b143 for RaftStorage:Storage Directory /workdir/hadoop-ozone/integration-test/target/test-dir/MiniOzoneClusterImpl-dfe718bc-bd4c-4c80-9b1d-75633119d19d/datanode-2/data/ratis/21e5a585-efcb-49d2-8d06-1e1e5b07b143
2019-08-28 06:33:49,645 [pool-439-thread-1] INFO  server.RaftServerConfigKeys (ConfUtils.java:logGet(43)) - raft.server.log.statemachine.data.sync = true (default)
2019-08-28 06:33:49,645 [pool-450-thread-1] INFO  segmented.SegmentedRaftLogWorker (SegmentedRaftLogWorker.java:<init>(172)) - new 4aaf653c-c443-4044-b7ad-f4623e7320a2-SegmentedRaftLogWorker:Storage Directory /workdir/hadoop-ozone/integration-test/target/test-dir/MiniOzoneClusterImpl-dfe718bc-bd4c-4c80-9b1d-75633119d19d/datanode-1/data/ratis/21e5a585-efcb-49d2-8d06-1e1e5b07b143 for RaftStorage:Storage Directory /workdir/hadoop-ozone/integration-test/target/test-dir/MiniOzoneClusterImpl-dfe718bc-bd4c-4c80-9b1d-75633119d19d/datanode-1/data/ratis/21e5a585-efcb-49d2-8d06-1e1e5b07b143
2019-08-28 06:33:49,645 [pool-439-thread-1] INFO  server.RaftServerConfigKeys (ConfUtils.java:logGet(43)) - raft.server.log.statemachine.data.sync.timeout = 10s (default)
2019-08-28 06:33:49,645 [pool-461-thread-1] INFO  server.RaftServerConfigKeys (ConfUtils.java:logGet(43)) - raft.server.log.queue.byte-limit = 2147483647 (custom)
2019-08-28 06:33:49,646 [pool-439-thread-1] INFO  server.RaftServerConfigKeys (ConfUtils.java:logGet(43)) - raft.server.log.statemachine.data.sync.timeout.retry = -1 (default)
2019-08-28 06:33:49,645 [pool-450-thread-1] INFO  server.RaftServerConfigKeys (ConfUtils.java:logGet(43)) - raft.server.log.queue.byte-limit = 2147483647 (custom)
2019-08-28 06:33:49,646 [pool-439-thread-1] INFO  server.RaftServerConfigKeys (ConfUtils.java:logGet(43)) - raft.server.log.statemachine.data.caching.enabled = true (custom)
2019-08-28 06:33:49,646 [pool-461-thread-1] INFO  server.RaftServerConfigKeys (ConfUtils.java:logGet(43)) - raft.server.log.queue.element-limit = 1024 (custom)
2019-08-28 06:33:49,646 [pool-450-thread-1] INFO  server.RaftServerConfigKeys (ConfUtils.java:logGet(43)) - raft.server.log.queue.element-limit = 1024 (custom)
2019-08-28 06:33:49,646 [pool-439-thread-1] INFO  segmented.SegmentedRaftLogWorker (SegmentedRaftLogWorker.java:lambda$new$0(132)) - 9e09162c-d652-4106-871c-162faebb3aaf-SegmentedRaftLogWorker:Storage Directory /workdir/hadoop-ozone/integration-test/target/test-dir/MiniOzoneClusterImpl-dfe718bc-bd4c-4c80-9b1d-75633119d19d/datanode-0/data/ratis/21e5a585-efcb-49d2-8d06-1e1e5b07b143: flushIndex: setUnconditionally 0 -> -1
2019-08-28 06:33:49,646 [pool-461-thread-1] INFO  server.RaftServerConfigKeys (ConfUtils.java:logGet(43)) - raft.server.log.segment.size.max = 1048576 (custom)
2019-08-28 06:33:49,647 [pool-450-thread-1] INFO  server.RaftServerConfigKeys (ConfUtils.java:logGet(43)) - raft.server.log.segment.size.max = 1048576 (custom)
2019-08-28 06:33:49,647 [pool-439-thread-1] INFO  server.RaftServerConfigKeys (ConfUtils.java:logGet(43)) - raft.server.snapshot.auto.trigger.enabled = true (custom)
2019-08-28 06:33:49,647 [pool-461-thread-1] INFO  server.RaftServerConfigKeys (ConfUtils.java:logGet(43)) - raft.server.log.preallocated.size = 16384 (custom)
2019-08-28 06:33:49,647 [pool-439-thread-1] INFO  server.RaftServerConfigKeys (ConfUtils.java:logGet(43)) - raft.server.snapshot.auto.trigger.threshold = 10000 (custom)
2019-08-28 06:33:49,647 [pool-450-thread-1] INFO  server.RaftServerConfigKeys (ConfUtils.java:logGet(43)) - raft.server.log.preallocated.size = 16384 (custom)
2019-08-28 06:33:49,647 [pool-439-thread-1] INFO  server.RaftServerConfigKeys (ConfUtils.java:logGet(43)) - raft.server.retrycache.expirytime = 600000ms (custom)
2019-08-28 06:33:49,647 [pool-461-thread-1] INFO  server.RaftServerConfigKeys (ConfUtils.java:logGet(43)) - raft.server.log.write.buffer.size = 33554432 (custom)
2019-08-28 06:33:49,648 [pool-439-thread-1] INFO  impl.RaftServerImpl (RaftServerImpl.java:start(180)) - 9e09162c-d652-4106-871c-162faebb3aaf: start group-1E1E5B07B143
2019-08-28 06:33:49,648 [pool-439-thread-1] INFO  impl.RaftServerImpl (RaftServerImpl.java:setRole(171)) - 9e09162c-d652-4106-871c-162faebb3aaf:group-1E1E5B07B143 changes role from null to FOLLOWER at term 0 for startAsFollower
2019-08-28 06:33:49,648 [pool-450-thread-1] INFO  server.RaftServerConfigKeys (ConfUtils.java:logGet(43)) - raft.server.log.write.buffer.size = 33554432 (custom)
2019-08-28 06:33:49,648 [pool-439-thread-1] INFO  impl.RoleInfo (RoleInfo.java:updateAndGet(143)) - 9e09162c-d652-4106-871c-162faebb3aaf: start FollowerState
2019-08-28 06:33:49,648 [pool-461-thread-1] INFO  server.RaftServerConfigKeys (ConfUtils.java:logGet(43)) - raft.server.log.force.sync.num = 128 (default)
2019-08-28 06:33:49,648 [pool-450-thread-1] INFO  server.RaftServerConfigKeys (ConfUtils.java:logGet(43)) - raft.server.log.force.sync.num = 128 (default)
2019-08-28 06:33:49,649 [pool-461-thread-1] INFO  server.RaftServerConfigKeys (ConfUtils.java:logGet(43)) - raft.server.log.statemachine.data.sync = true (default)
2019-08-28 06:33:49,649 [pool-450-thread-1] INFO  server.RaftServerConfigKeys (ConfUtils.java:logGet(43)) - raft.server.log.statemachine.data.sync = true (default)
2019-08-28 06:33:49,664 [pool-439-thread-1] INFO  util.JmxRegister (JmxRegister.java:tryRegister(44)) - Successfully registered JMX Bean with object name Ratis:service=RaftServer,group=group-1E1E5B07B143,id=9e09162c-d652-4106-871c-162faebb3aaf
2019-08-28 06:33:49,664 [pool-461-thread-1] INFO  server.RaftServerConfigKeys (ConfUtils.java:logGet(43)) - raft.server.log.statemachine.data.sync.timeout = 10s (default)
2019-08-28 06:33:49,664 [pool-461-thread-1] INFO  server.RaftServerConfigKeys (ConfUtils.java:logGet(43)) - raft.server.log.statemachine.data.sync.timeout.retry = -1 (default)
2019-08-28 06:33:49,664 [pool-450-thread-1] INFO  server.RaftServerConfigKeys (ConfUtils.java:logGet(43)) - raft.server.log.statemachine.data.sync.timeout = 10s (default)
2019-08-28 06:33:49,664 [pool-461-thread-1] INFO  server.RaftServerConfigKeys (ConfUtils.java:logGet(43)) - raft.server.log.statemachine.data.caching.enabled = true (custom)
2019-08-28 06:33:49,672 [pool-450-thread-1] INFO  server.RaftServerConfigKeys (ConfUtils.java:logGet(43)) - raft.server.log.statemachine.data.sync.timeout.retry = -1 (default)
2019-08-28 06:33:49,673 [pool-461-thread-1] INFO  segmented.SegmentedRaftLogWorker (SegmentedRaftLogWorker.java:lambda$new$0(132)) - 9cd1cf0b-08ae-4d53-8ceb-815e7e017b07-SegmentedRaftLogWorker:Storage Directory /workdir/hadoop-ozone/integration-test/target/test-dir/MiniOzoneClusterImpl-dfe718bc-bd4c-4c80-9b1d-75633119d19d/datanode-2/data/ratis/21e5a585-efcb-49d2-8d06-1e1e5b07b143: flushIndex: setUnconditionally 0 -> -1
2019-08-28 06:33:49,673 [pool-450-thread-1] INFO  server.RaftServerConfigKeys (ConfUtils.java:logGet(43)) - raft.server.log.statemachine.data.caching.enabled = true (custom)
2019-08-28 06:33:49,673 [pool-461-thread-1] INFO  server.RaftServerConfigKeys (ConfUtils.java:logGet(43)) - raft.server.snapshot.auto.trigger.enabled = true (custom)
2019-08-28 06:33:49,675 [pool-461-thread-1] INFO  server.RaftServerConfigKeys (ConfUtils.java:logGet(43)) - raft.server.snapshot.auto.trigger.threshold = 10000 (custom)
2019-08-28 06:33:49,675 [pool-450-thread-1] INFO  segmented.SegmentedRaftLogWorker (SegmentedRaftLogWorker.java:lambda$new$0(132)) - 4aaf653c-c443-4044-b7ad-f4623e7320a2-SegmentedRaftLogWorker:Storage Directory /workdir/hadoop-ozone/integration-test/target/test-dir/MiniOzoneClusterImpl-dfe718bc-bd4c-4c80-9b1d-75633119d19d/datanode-1/data/ratis/21e5a585-efcb-49d2-8d06-1e1e5b07b143: flushIndex: setUnconditionally 0 -> -1
2019-08-28 06:33:49,675 [pool-461-thread-1] INFO  server.RaftServerConfigKeys (ConfUtils.java:logGet(43)) - raft.server.retrycache.expirytime = 600000ms (custom)
2019-08-28 06:33:49,676 [pool-461-thread-1] INFO  impl.RaftServerImpl (RaftServerImpl.java:start(180)) - 9cd1cf0b-08ae-4d53-8ceb-815e7e017b07: start group-1E1E5B07B143
2019-08-28 06:33:49,676 [pool-450-thread-1] INFO  server.RaftServerConfigKeys (ConfUtils.java:logGet(43)) - raft.server.snapshot.auto.trigger.enabled = true (custom)
2019-08-28 06:33:49,676 [pool-461-thread-1] INFO  impl.RaftServerImpl (RaftServerImpl.java:setRole(171)) - 9cd1cf0b-08ae-4d53-8ceb-815e7e017b07:group-1E1E5B07B143 changes role from null to FOLLOWER at term 0 for startAsFollower
2019-08-28 06:33:49,676 [pool-450-thread-1] INFO  server.RaftServerConfigKeys (ConfUtils.java:logGet(43)) - raft.server.snapshot.auto.trigger.threshold = 10000 (custom)
2019-08-28 06:33:49,676 [pool-461-thread-1] INFO  impl.RoleInfo (RoleInfo.java:updateAndGet(143)) - 9cd1cf0b-08ae-4d53-8ceb-815e7e017b07: start FollowerState
2019-08-28 06:33:49,676 [pool-450-thread-1] INFO  server.RaftServerConfigKeys (ConfUtils.java:logGet(43)) - raft.server.retrycache.expirytime = 600000ms (custom)
2019-08-28 06:33:49,677 [pool-450-thread-1] INFO  impl.RaftServerImpl (RaftServerImpl.java:start(180)) - 4aaf653c-c443-4044-b7ad-f4623e7320a2: start group-1E1E5B07B143
2019-08-28 06:33:49,677 [pool-461-thread-1] INFO  util.JmxRegister (JmxRegister.java:tryRegister(44)) - Successfully registered JMX Bean with object name Ratis:service=RaftServer,group=group-1E1E5B07B143,id=9cd1cf0b-08ae-4d53-8ceb-815e7e017b07
2019-08-28 06:33:49,677 [pool-450-thread-1] INFO  impl.RaftServerImpl (RaftServerImpl.java:setRole(171)) - 4aaf653c-c443-4044-b7ad-f4623e7320a2:group-1E1E5B07B143 changes role from null to FOLLOWER at term 0 for startAsFollower
2019-08-28 06:33:49,677 [pool-450-thread-1] INFO  impl.RoleInfo (RoleInfo.java:updateAndGet(143)) - 4aaf653c-c443-4044-b7ad-f4623e7320a2: start FollowerState
2019-08-28 06:33:49,678 [pool-450-thread-1] INFO  util.JmxRegister (JmxRegister.java:tryRegister(44)) - Successfully registered JMX Bean with object name Ratis:service=RaftServer,group=group-1E1E5B07B143,id=4aaf653c-c443-4044-b7ad-f4623e7320a2
2019-08-28 06:33:49,686 [RatisPipelineUtilsThread] INFO  pipeline.PipelineStateManager (PipelineStateManager.java:addPipeline(56)) - Created pipeline Pipeline[ Id: 21e5a585-efcb-49d2-8d06-1e1e5b07b143, Nodes: 9cd1cf0b-08ae-4d53-8ceb-815e7e017b07{ip: 192.168.34.10, host: pr-hdds-1783-trunk-8fbk5-3374829961, networkLocation: /default-rack, certSerialId: null}9e09162c-d652-4106-871c-162faebb3aaf{ip: 192.168.34.10, host: pr-hdds-1783-trunk-8fbk5-3374829961, networkLocation: /default-rack, certSerialId: null}4aaf653c-c443-4044-b7ad-f4623e7320a2{ip: 192.168.34.10, host: pr-hdds-1783-trunk-8fbk5-3374829961, networkLocation: /default-rack, certSerialId: null}, Type:RATIS, Factor:THREE, State:OPEN]
2019-08-28 06:33:49,729 [IPC Server handler 18 on 41355] INFO  net.NetworkTopology (NetworkTopologyImpl.java:add(110)) - Added a new node: /default-rack/c5a75e6e-3ba6-4e01-8e6e-e37c55fb7020
2019-08-28 06:33:49,729 [IPC Server handler 18 on 41355] INFO  node.SCMNodeManager (SCMNodeManager.java:register(273)) - Registered Data node : c5a75e6e-3ba6-4e01-8e6e-e37c55fb7020{ip: 192.168.34.10, host: pr-hdds-1783-trunk-8fbk5-3374829961, networkLocation: /default-rack, certSerialId: null}
2019-08-28 06:33:49,730 | INFO  | SCMAudit | user=jenkins1000 | ip=192.168.34.10 | op=REGISTER {datanodeDetails=c5a75e6e-3ba6-4e01-8e6e-e37c55fb7020{ip: 192.168.34.10, host: pr-hdds-1783-trunk-8fbk5-3374829961, networkLocation: /default-rack, certSerialId: null}} | ret=SUCCESS |  
2019-08-28 06:33:49,737 [grpc-default-executor-5] INFO  impl.RaftServerProxy (RaftServerProxy.java:addNew(89)) - c5a75e6e-3ba6-4e01-8e6e-e37c55fb7020: addNew group-907B3AE99065:[c5a75e6e-3ba6-4e01-8e6e-e37c55fb7020:192.168.34.10:36884] returns group-907B3AE99065:java.util.concurrent.CompletableFuture@49ca60e0[Not completed]
2019-08-28 06:33:49,739 [pool-472-thread-1] INFO  impl.RaftServerImpl (RaftServerImpl.java:<init>(93)) - c5a75e6e-3ba6-4e01-8e6e-e37c55fb7020: new RaftServerImpl for group-907B3AE99065:[c5a75e6e-3ba6-4e01-8e6e-e37c55fb7020:192.168.34.10:36884] with ContainerStateMachine:uninitialized
2019-08-28 06:33:49,739 [pool-472-thread-1] INFO  server.RaftServerConfigKeys (ConfUtils.java:logGet(43)) - raft.server.rpc.timeout.min = 5s (custom)
2019-08-28 06:33:49,739 [pool-472-thread-1] INFO  server.RaftServerConfigKeys (ConfUtils.java:logGet(43)) - raft.server.rpc.timeout.max = 5200ms (custom)
2019-08-28 06:33:49,739 [pool-472-thread-1] INFO  server.RaftServerConfigKeys (ConfUtils.java:logGet(43)) - raft.server.rpcslowness.timeout = 120s (custom)
2019-08-28 06:33:49,739 [pool-472-thread-1] INFO  server.RaftServerConfigKeys (ConfUtils.java:logGet(43)) - raft.server.sleep.deviation.threshold = 300 (default)
2019-08-28 06:33:49,739 [pool-472-thread-1] INFO  server.RaftServerConfigKeys (ConfUtils.java:logGet(43)) - raft.server.log.appender.install.snapshot.enabled = false (custom)
2019-08-28 06:33:49,739 [pool-472-thread-1] INFO  impl.RaftServerImpl (ServerState.java:<init>(105)) - c5a75e6e-3ba6-4e01-8e6e-e37c55fb7020:group-907B3AE99065 ConfigurationManager, init=-1: [c5a75e6e-3ba6-4e01-8e6e-e37c55fb7020:192.168.34.10:36884], old=null, confs=<EMPTY_MAP>
2019-08-28 06:33:49,739 [pool-472-thread-1] INFO  server.RaftServerConfigKeys (ConfUtils.java:logGet(43)) - raft.server.storage.dir = [/workdir/hadoop-ozone/integration-test/target/test-dir/MiniOzoneClusterImpl-dfe718bc-bd4c-4c80-9b1d-75633119d19d/datanode-3/data/ratis] (custom)
2019-08-28 06:33:49,740 [pool-472-thread-1] INFO  storage.RaftStorageDirectory (RaftStorageDirectory.java:analyzeStorage(246)) - The storage directory /workdir/hadoop-ozone/integration-test/target/test-dir/MiniOzoneClusterImpl-dfe718bc-bd4c-4c80-9b1d-75633119d19d/datanode-3/data/ratis/da106eaf-e2c9-4dfc-a517-907b3ae99065 does not exist. Creating ...
2019-08-28 06:33:49,753 [pool-472-thread-1] INFO  storage.RaftStorageDirectory (RaftStorageDirectory.java:tryLock(328)) - Lock on /workdir/hadoop-ozone/integration-test/target/test-dir/MiniOzoneClusterImpl-dfe718bc-bd4c-4c80-9b1d-75633119d19d/datanode-3/data/ratis/da106eaf-e2c9-4dfc-a517-907b3ae99065/in_use.lock acquired by nodename 6961@pr-hdds-1783-trunk-8fbk5-3374829961
2019-08-28 06:33:49,766 [pool-472-thread-1] INFO  storage.RaftStorage (RaftStorage.java:format(72)) - Storage directory /workdir/hadoop-ozone/integration-test/target/test-dir/MiniOzoneClusterImpl-dfe718bc-bd4c-4c80-9b1d-75633119d19d/datanode-3/data/ratis/da106eaf-e2c9-4dfc-a517-907b3ae99065 has been successfully formatted.
2019-08-28 06:33:49,766 [pool-472-thread-1] INFO  ratis.ContainerStateMachine (ContainerStateMachine.java:loadSnapshot(226)) - group-907B3AE99065: The snapshot info is null. Setting the last applied indexto:(t:0, i:~)
2019-08-28 06:33:49,767 [pool-472-thread-1] INFO  server.RaftServerConfigKeys (ConfUtils.java:logGet(43)) - raft.server.leader.election.timeout = 120s (custom)
2019-08-28 06:33:49,767 [pool-472-thread-1] INFO  server.RaftServerConfigKeys (ConfUtils.java:logGet(43)) - raft.server.log.use.memory = false (default)
2019-08-28 06:33:49,767 [pool-472-thread-1] INFO  server.RaftServerConfigKeys (ConfUtils.java:logGet(43)) - raft.server.log.purge.gap = 1000000 (custom)
2019-08-28 06:33:49,767 [pool-472-thread-1] INFO  server.RaftServerConfigKeys (ConfUtils.java:logGet(43)) - raft.server.log.appender.buffer.byte-limit = 33554432 (custom)
2019-08-28 06:33:49,767 [pool-472-thread-1] INFO  server.RaftServerConfigKeys (ConfUtils.java:logGet(43)) - raft.server.log.segment.size.max = 1048576 (custom)
2019-08-28 06:33:49,767 [pool-472-thread-1] INFO  server.RaftServerConfigKeys (ConfUtils.java:logGet(43)) - raft.server.log.segment.cache.num.max = 2 (custom)
2019-08-28 06:33:49,767 [pool-472-thread-1] INFO  segmented.SegmentedRaftLogWorker (SegmentedRaftLogWorker.java:<init>(172)) - new c5a75e6e-3ba6-4e01-8e6e-e37c55fb7020-SegmentedRaftLogWorker:Storage Directory /workdir/hadoop-ozone/integration-test/target/test-dir/MiniOzoneClusterImpl-dfe718bc-bd4c-4c80-9b1d-75633119d19d/datanode-3/data/ratis/da106eaf-e2c9-4dfc-a517-907b3ae99065 for RaftStorage:Storage Directory /workdir/hadoop-ozone/integration-test/target/test-dir/MiniOzoneClusterImpl-dfe718bc-bd4c-4c80-9b1d-75633119d19d/datanode-3/data/ratis/da106eaf-e2c9-4dfc-a517-907b3ae99065
2019-08-28 06:33:49,767 [pool-472-thread-1] INFO  server.RaftServerConfigKeys (ConfUtils.java:logGet(43)) - raft.server.log.queue.byte-limit = 2147483647 (custom)
2019-08-28 06:33:49,768 [pool-472-thread-1] INFO  server.RaftServerConfigKeys (ConfUtils.java:logGet(43)) - raft.server.log.queue.element-limit = 1024 (custom)
2019-08-28 06:33:49,768 [pool-472-thread-1] INFO  server.RaftServerConfigKeys (ConfUtils.java:logGet(43)) - raft.server.log.segment.size.max = 1048576 (custom)
2019-08-28 06:33:49,768 [pool-472-thread-1] INFO  server.RaftServerConfigKeys (ConfUtils.java:logGet(43)) - raft.server.log.preallocated.size = 16384 (custom)
2019-08-28 06:33:49,768 [pool-472-thread-1] INFO  server.RaftServerConfigKeys (ConfUtils.java:logGet(43)) - raft.server.log.write.buffer.size = 33554432 (custom)
2019-08-28 06:33:49,768 [pool-472-thread-1] INFO  server.RaftServerConfigKeys (ConfUtils.java:logGet(43)) - raft.server.log.force.sync.num = 128 (default)
2019-08-28 06:33:49,768 [pool-472-thread-1] INFO  server.RaftServerConfigKeys (ConfUtils.java:logGet(43)) - raft.server.log.statemachine.data.sync = true (default)
2019-08-28 06:33:49,768 [pool-472-thread-1] INFO  server.RaftServerConfigKeys (ConfUtils.java:logGet(43)) - raft.server.log.statemachine.data.sync.timeout = 10s (default)
2019-08-28 06:33:49,768 [pool-472-thread-1] INFO  server.RaftServerConfigKeys (ConfUtils.java:logGet(43)) - raft.server.log.statemachine.data.sync.timeout.retry = -1 (default)
2019-08-28 06:33:49,769 [pool-472-thread-1] INFO  server.RaftServerConfigKeys (ConfUtils.java:logGet(43)) - raft.server.log.statemachine.data.caching.enabled = true (custom)
2019-08-28 06:33:49,769 [pool-472-thread-1] INFO  segmented.SegmentedRaftLogWorker (SegmentedRaftLogWorker.java:lambda$new$0(132)) - c5a75e6e-3ba6-4e01-8e6e-e37c55fb7020-SegmentedRaftLogWorker:Storage Directory /workdir/hadoop-ozone/integration-test/target/test-dir/MiniOzoneClusterImpl-dfe718bc-bd4c-4c80-9b1d-75633119d19d/datanode-3/data/ratis/da106eaf-e2c9-4dfc-a517-907b3ae99065: flushIndex: setUnconditionally 0 -> -1
2019-08-28 06:33:49,769 [pool-472-thread-1] INFO  server.RaftServerConfigKeys (ConfUtils.java:logGet(43)) - raft.server.snapshot.auto.trigger.enabled = true (custom)
2019-08-28 06:33:49,769 [pool-472-thread-1] INFO  server.RaftServerConfigKeys (ConfUtils.java:logGet(43)) - raft.server.snapshot.auto.trigger.threshold = 10000 (custom)
2019-08-28 06:33:49,769 [pool-472-thread-1] INFO  server.RaftServerConfigKeys (ConfUtils.java:logGet(43)) - raft.server.retrycache.expirytime = 600000ms (custom)
2019-08-28 06:33:49,770 [pool-472-thread-1] INFO  impl.RaftServerImpl (RaftServerImpl.java:start(180)) - c5a75e6e-3ba6-4e01-8e6e-e37c55fb7020: start group-907B3AE99065
2019-08-28 06:33:49,770 [pool-472-thread-1] INFO  impl.RaftServerImpl (RaftServerImpl.java:setRole(171)) - c5a75e6e-3ba6-4e01-8e6e-e37c55fb7020:group-907B3AE99065 changes role from null to FOLLOWER at term 0 for startAsFollower
2019-08-28 06:33:49,770 [pool-472-thread-1] INFO  impl.RoleInfo (RoleInfo.java:updateAndGet(143)) - c5a75e6e-3ba6-4e01-8e6e-e37c55fb7020: start FollowerState
2019-08-28 06:33:49,770 [pool-472-thread-1] INFO  util.JmxRegister (JmxRegister.java:tryRegister(44)) - Successfully registered JMX Bean with object name Ratis:service=RaftServer,group=group-907B3AE99065,id=c5a75e6e-3ba6-4e01-8e6e-e37c55fb7020
2019-08-28 06:33:49,775 [RatisPipelineUtilsThread] INFO  pipeline.PipelineStateManager (PipelineStateManager.java:addPipeline(56)) - Created pipeline Pipeline[ Id: da106eaf-e2c9-4dfc-a517-907b3ae99065, Nodes: c5a75e6e-3ba6-4e01-8e6e-e37c55fb7020{ip: 192.168.34.10, host: pr-hdds-1783-trunk-8fbk5-3374829961, networkLocation: /default-rack, certSerialId: null}, Type:RATIS, Factor:ONE, State:OPEN]
2019-08-28 06:33:49,969 [IPC Server handler 16 on 41355] INFO  net.NetworkTopology (NetworkTopologyImpl.java:add(110)) - Added a new node: /default-rack/38f0bdbc-1089-4089-b877-2049a2a4e791
2019-08-28 06:33:49,970 [IPC Server handler 16 on 41355] INFO  node.SCMNodeManager (SCMNodeManager.java:register(273)) - Registered Data node : 38f0bdbc-1089-4089-b877-2049a2a4e791{ip: 192.168.34.10, host: pr-hdds-1783-trunk-8fbk5-3374829961, networkLocation: /default-rack, certSerialId: null}
2019-08-28 06:33:49,970 | INFO  | SCMAudit | user=jenkins1000 | ip=192.168.34.10 | op=REGISTER {datanodeDetails=38f0bdbc-1089-4089-b877-2049a2a4e791{ip: 192.168.34.10, host: pr-hdds-1783-trunk-8fbk5-3374829961, networkLocation: /default-rack, certSerialId: null}} | ret=SUCCESS |  
2019-08-28 06:33:49,978 [grpc-default-executor-5] INFO  impl.RaftServerProxy (RaftServerProxy.java:addNew(89)) - 38f0bdbc-1089-4089-b877-2049a2a4e791: addNew group-63BC674290EC:[38f0bdbc-1089-4089-b877-2049a2a4e791:192.168.34.10:43949] returns group-63BC674290EC:java.util.concurrent.CompletableFuture@71e11314[Not completed]
2019-08-28 06:33:49,980 [pool-483-thread-1] INFO  impl.RaftServerImpl (RaftServerImpl.java:<init>(93)) - 38f0bdbc-1089-4089-b877-2049a2a4e791: new RaftServerImpl for group-63BC674290EC:[38f0bdbc-1089-4089-b877-2049a2a4e791:192.168.34.10:43949] with ContainerStateMachine:uninitialized
2019-08-28 06:33:49,980 [pool-483-thread-1] INFO  server.RaftServerConfigKeys (ConfUtils.java:logGet(43)) - raft.server.rpc.timeout.min = 5s (custom)
2019-08-28 06:33:49,980 [pool-483-thread-1] INFO  server.RaftServerConfigKeys (ConfUtils.java:logGet(43)) - raft.server.rpc.timeout.max = 5200ms (custom)
2019-08-28 06:33:49,980 [pool-483-thread-1] INFO  server.RaftServerConfigKeys (ConfUtils.java:logGet(43)) - raft.server.rpcslowness.timeout = 120s (custom)
2019-08-28 06:33:49,980 [pool-483-thread-1] INFO  server.RaftServerConfigKeys (ConfUtils.java:logGet(43)) - raft.server.sleep.deviation.threshold = 300 (default)
2019-08-28 06:33:49,980 [pool-483-thread-1] INFO  server.RaftServerConfigKeys (ConfUtils.java:logGet(43)) - raft.server.log.appender.install.snapshot.enabled = false (custom)
2019-08-28 06:33:49,981 [pool-483-thread-1] INFO  impl.RaftServerImpl (ServerState.java:<init>(105)) - 38f0bdbc-1089-4089-b877-2049a2a4e791:group-63BC674290EC ConfigurationManager, init=-1: [38f0bdbc-1089-4089-b877-2049a2a4e791:192.168.34.10:43949], old=null, confs=<EMPTY_MAP>
2019-08-28 06:33:49,981 [pool-483-thread-1] INFO  server.RaftServerConfigKeys (ConfUtils.java:logGet(43)) - raft.server.storage.dir = [/workdir/hadoop-ozone/integration-test/target/test-dir/MiniOzoneClusterImpl-dfe718bc-bd4c-4c80-9b1d-75633119d19d/datanode-4/data/ratis] (custom)
2019-08-28 06:33:49,981 [pool-483-thread-1] INFO  storage.RaftStorageDirectory (RaftStorageDirectory.java:analyzeStorage(246)) - The storage directory /workdir/hadoop-ozone/integration-test/target/test-dir/MiniOzoneClusterImpl-dfe718bc-bd4c-4c80-9b1d-75633119d19d/datanode-4/data/ratis/82d684dd-a792-4ba3-9f73-63bc674290ec does not exist. Creating ...
2019-08-28 06:33:49,994 [pool-483-thread-1] INFO  storage.RaftStorageDirectory (RaftStorageDirectory.java:tryLock(328)) - Lock on /workdir/hadoop-ozone/integration-test/target/test-dir/MiniOzoneClusterImpl-dfe718bc-bd4c-4c80-9b1d-75633119d19d/datanode-4/data/ratis/82d684dd-a792-4ba3-9f73-63bc674290ec/in_use.lock acquired by nodename 6961@pr-hdds-1783-trunk-8fbk5-3374829961
2019-08-28 06:33:50,006 [pool-483-thread-1] INFO  storage.RaftStorage (RaftStorage.java:format(72)) - Storage directory /workdir/hadoop-ozone/integration-test/target/test-dir/MiniOzoneClusterImpl-dfe718bc-bd4c-4c80-9b1d-75633119d19d/datanode-4/data/ratis/82d684dd-a792-4ba3-9f73-63bc674290ec has been successfully formatted.
2019-08-28 06:33:50,006 [pool-483-thread-1] INFO  ratis.ContainerStateMachine (ContainerStateMachine.java:loadSnapshot(226)) - group-63BC674290EC: The snapshot info is null. Setting the last applied indexto:(t:0, i:~)
2019-08-28 06:33:50,006 [pool-483-thread-1] INFO  server.RaftServerConfigKeys (ConfUtils.java:logGet(43)) - raft.server.leader.election.timeout = 120s (custom)
2019-08-28 06:33:50,007 [pool-483-thread-1] INFO  server.RaftServerConfigKeys (ConfUtils.java:logGet(43)) - raft.server.log.use.memory = false (default)
2019-08-28 06:33:50,007 [pool-483-thread-1] INFO  server.RaftServerConfigKeys (ConfUtils.java:logGet(43)) - raft.server.log.purge.gap = 1000000 (custom)
2019-08-28 06:33:50,007 [pool-483-thread-1] INFO  server.RaftServerConfigKeys (ConfUtils.java:logGet(43)) - raft.server.log.appender.buffer.byte-limit = 33554432 (custom)
2019-08-28 06:33:50,007 [pool-483-thread-1] INFO  server.RaftServerConfigKeys (ConfUtils.java:logGet(43)) - raft.server.log.segment.size.max = 1048576 (custom)
2019-08-28 06:33:50,007 [pool-483-thread-1] INFO  server.RaftServerConfigKeys (ConfUtils.java:logGet(43)) - raft.server.log.segment.cache.num.max = 2 (custom)
2019-08-28 06:33:50,007 [pool-483-thread-1] INFO  segmented.SegmentedRaftLogWorker (SegmentedRaftLogWorker.java:<init>(172)) - new 38f0bdbc-1089-4089-b877-2049a2a4e791-SegmentedRaftLogWorker:Storage Directory /workdir/hadoop-ozone/integration-test/target/test-dir/MiniOzoneClusterImpl-dfe718bc-bd4c-4c80-9b1d-75633119d19d/datanode-4/data/ratis/82d684dd-a792-4ba3-9f73-63bc674290ec for RaftStorage:Storage Directory /workdir/hadoop-ozone/integration-test/target/test-dir/MiniOzoneClusterImpl-dfe718bc-bd4c-4c80-9b1d-75633119d19d/datanode-4/data/ratis/82d684dd-a792-4ba3-9f73-63bc674290ec
2019-08-28 06:33:50,008 [pool-483-thread-1] INFO  server.RaftServerConfigKeys (ConfUtils.java:logGet(43)) - raft.server.log.queue.byte-limit = 2147483647 (custom)
2019-08-28 06:33:50,008 [pool-483-thread-1] INFO  server.RaftServerConfigKeys (ConfUtils.java:logGet(43)) - raft.server.log.queue.element-limit = 1024 (custom)
2019-08-28 06:33:50,008 [pool-483-thread-1] INFO  server.RaftServerConfigKeys (ConfUtils.java:logGet(43)) - raft.server.log.segment.size.max = 1048576 (custom)
2019-08-28 06:33:50,008 [pool-483-thread-1] INFO  server.RaftServerConfigKeys (ConfUtils.java:logGet(43)) - raft.server.log.preallocated.size = 16384 (custom)
2019-08-28 06:33:50,008 [pool-483-thread-1] INFO  server.RaftServerConfigKeys (ConfUtils.java:logGet(43)) - raft.server.log.write.buffer.size = 33554432 (custom)
2019-08-28 06:33:50,008 [pool-483-thread-1] INFO  server.RaftServerConfigKeys (ConfUtils.java:logGet(43)) - raft.server.log.force.sync.num = 128 (default)
2019-08-28 06:33:50,009 [pool-483-thread-1] INFO  server.RaftServerConfigKeys (ConfUtils.java:logGet(43)) - raft.server.log.statemachine.data.sync = true (default)
2019-08-28 06:33:50,009 [pool-483-thread-1] INFO  server.RaftServerConfigKeys (ConfUtils.java:logGet(43)) - raft.server.log.statemachine.data.sync.timeout = 10s (default)
2019-08-28 06:33:50,009 [pool-483-thread-1] INFO  server.RaftServerConfigKeys (ConfUtils.java:logGet(43)) - raft.server.log.statemachine.data.sync.timeout.retry = -1 (default)
2019-08-28 06:33:50,009 [pool-483-thread-1] INFO  server.RaftServerConfigKeys (ConfUtils.java:logGet(43)) - raft.server.log.statemachine.data.caching.enabled = true (custom)
2019-08-28 06:33:50,010 [pool-483-thread-1] INFO  segmented.SegmentedRaftLogWorker (SegmentedRaftLogWorker.java:lambda$new$0(132)) - 38f0bdbc-1089-4089-b877-2049a2a4e791-SegmentedRaftLogWorker:Storage Directory /workdir/hadoop-ozone/integration-test/target/test-dir/MiniOzoneClusterImpl-dfe718bc-bd4c-4c80-9b1d-75633119d19d/datanode-4/data/ratis/82d684dd-a792-4ba3-9f73-63bc674290ec: flushIndex: setUnconditionally 0 -> -1
2019-08-28 06:33:50,010 [pool-483-thread-1] INFO  server.RaftServerConfigKeys (ConfUtils.java:logGet(43)) - raft.server.snapshot.auto.trigger.enabled = true (custom)
2019-08-28 06:33:50,010 [pool-483-thread-1] INFO  server.RaftServerConfigKeys (ConfUtils.java:logGet(43)) - raft.server.snapshot.auto.trigger.threshold = 10000 (custom)
2019-08-28 06:33:50,010 [pool-483-thread-1] INFO  server.RaftServerConfigKeys (ConfUtils.java:logGet(43)) - raft.server.retrycache.expirytime = 600000ms (custom)
2019-08-28 06:33:50,010 [pool-483-thread-1] INFO  impl.RaftServerImpl (RaftServerImpl.java:start(180)) - 38f0bdbc-1089-4089-b877-2049a2a4e791: start group-63BC674290EC
2019-08-28 06:33:50,011 [pool-483-thread-1] INFO  impl.RaftServerImpl (RaftServerImpl.java:setRole(171)) - 38f0bdbc-1089-4089-b877-2049a2a4e791:group-63BC674290EC changes role from null to FOLLOWER at term 0 for startAsFollower
2019-08-28 06:33:50,011 [pool-483-thread-1] INFO  impl.RoleInfo (RoleInfo.java:updateAndGet(143)) - 38f0bdbc-1089-4089-b877-2049a2a4e791: start FollowerState
2019-08-28 06:33:50,011 [pool-483-thread-1] INFO  util.JmxRegister (JmxRegister.java:tryRegister(44)) - Successfully registered JMX Bean with object name Ratis:service=RaftServer,group=group-63BC674290EC,id=38f0bdbc-1089-4089-b877-2049a2a4e791
2019-08-28 06:33:50,017 [RatisPipelineUtilsThread] INFO  pipeline.PipelineStateManager (PipelineStateManager.java:addPipeline(56)) - Created pipeline Pipeline[ Id: 82d684dd-a792-4ba3-9f73-63bc674290ec, Nodes: 38f0bdbc-1089-4089-b877-2049a2a4e791{ip: 192.168.34.10, host: pr-hdds-1783-trunk-8fbk5-3374829961, networkLocation: /default-rack, certSerialId: null}, Type:RATIS, Factor:ONE, State:OPEN]
2019-08-28 06:33:50,181 [IPC Server handler 13 on 41355] INFO  net.NetworkTopology (NetworkTopologyImpl.java:add(110)) - Added a new node: /default-rack/37ed6077-b3c7-4ece-80ea-a455fdabd61d
2019-08-28 06:33:50,182 [IPC Server handler 13 on 41355] INFO  node.SCMNodeManager (SCMNodeManager.java:register(273)) - Registered Data node : 37ed6077-b3c7-4ece-80ea-a455fdabd61d{ip: 192.168.34.10, host: pr-hdds-1783-trunk-8fbk5-3374829961, networkLocation: /default-rack, certSerialId: null}
2019-08-28 06:33:50,182 | INFO  | SCMAudit | user=jenkins1000 | ip=192.168.34.10 | op=REGISTER {datanodeDetails=37ed6077-b3c7-4ece-80ea-a455fdabd61d{ip: 192.168.34.10, host: pr-hdds-1783-trunk-8fbk5-3374829961, networkLocation: /default-rack, certSerialId: null}} | ret=SUCCESS |  
2019-08-28 06:33:50,189 [grpc-default-executor-5] INFO  impl.RaftServerProxy (RaftServerProxy.java:addNew(89)) - 37ed6077-b3c7-4ece-80ea-a455fdabd61d: addNew group-6F6F92921C76:[37ed6077-b3c7-4ece-80ea-a455fdabd61d:192.168.34.10:35309] returns group-6F6F92921C76:java.util.concurrent.CompletableFuture@9716962[Not completed]
2019-08-28 06:33:50,191 [pool-494-thread-1] INFO  impl.RaftServerImpl (RaftServerImpl.java:<init>(93)) - 37ed6077-b3c7-4ece-80ea-a455fdabd61d: new RaftServerImpl for group-6F6F92921C76:[37ed6077-b3c7-4ece-80ea-a455fdabd61d:192.168.34.10:35309] with ContainerStateMachine:uninitialized
2019-08-28 06:33:50,191 [pool-494-thread-1] INFO  server.RaftServerConfigKeys (ConfUtils.java:logGet(43)) - raft.server.rpc.timeout.min = 5s (custom)
2019-08-28 06:33:50,191 [pool-494-thread-1] INFO  server.RaftServerConfigKeys (ConfUtils.java:logGet(43)) - raft.server.rpc.timeout.max = 5200ms (custom)
2019-08-28 06:33:50,191 [pool-494-thread-1] INFO  server.RaftServerConfigKeys (ConfUtils.java:logGet(43)) - raft.server.rpcslowness.timeout = 120s (custom)
2019-08-28 06:33:50,191 [pool-494-thread-1] INFO  server.RaftServerConfigKeys (ConfUtils.java:logGet(43)) - raft.server.sleep.deviation.threshold = 300 (default)
2019-08-28 06:33:50,192 [pool-494-thread-1] INFO  server.RaftServerConfigKeys (ConfUtils.java:logGet(43)) - raft.server.log.appender.install.snapshot.enabled = false (custom)
2019-08-28 06:33:50,192 [pool-494-thread-1] INFO  impl.RaftServerImpl (ServerState.java:<init>(105)) - 37ed6077-b3c7-4ece-80ea-a455fdabd61d:group-6F6F92921C76 ConfigurationManager, init=-1: [37ed6077-b3c7-4ece-80ea-a455fdabd61d:192.168.34.10:35309], old=null, confs=<EMPTY_MAP>
2019-08-28 06:33:50,192 [pool-494-thread-1] INFO  server.RaftServerConfigKeys (ConfUtils.java:logGet(43)) - raft.server.storage.dir = [/workdir/hadoop-ozone/integration-test/target/test-dir/MiniOzoneClusterImpl-dfe718bc-bd4c-4c80-9b1d-75633119d19d/datanode-5/data/ratis] (custom)
2019-08-28 06:33:50,192 [pool-494-thread-1] INFO  storage.RaftStorageDirectory (RaftStorageDirectory.java:analyzeStorage(246)) - The storage directory /workdir/hadoop-ozone/integration-test/target/test-dir/MiniOzoneClusterImpl-dfe718bc-bd4c-4c80-9b1d-75633119d19d/datanode-5/data/ratis/9edb9931-d47d-4417-a7df-6f6f92921c76 does not exist. Creating ...
2019-08-28 06:33:50,197 [pool-494-thread-1] INFO  storage.RaftStorageDirectory (RaftStorageDirectory.java:tryLock(328)) - Lock on /workdir/hadoop-ozone/integration-test/target/test-dir/MiniOzoneClusterImpl-dfe718bc-bd4c-4c80-9b1d-75633119d19d/datanode-5/data/ratis/9edb9931-d47d-4417-a7df-6f6f92921c76/in_use.lock acquired by nodename 6961@pr-hdds-1783-trunk-8fbk5-3374829961
2019-08-28 06:33:50,215 [pool-494-thread-1] INFO  storage.RaftStorage (RaftStorage.java:format(72)) - Storage directory /workdir/hadoop-ozone/integration-test/target/test-dir/MiniOzoneClusterImpl-dfe718bc-bd4c-4c80-9b1d-75633119d19d/datanode-5/data/ratis/9edb9931-d47d-4417-a7df-6f6f92921c76 has been successfully formatted.
2019-08-28 06:33:50,215 [pool-494-thread-1] INFO  ratis.ContainerStateMachine (ContainerStateMachine.java:loadSnapshot(226)) - group-6F6F92921C76: The snapshot info is null. Setting the last applied indexto:(t:0, i:~)
2019-08-28 06:33:50,215 [pool-494-thread-1] INFO  server.RaftServerConfigKeys (ConfUtils.java:logGet(43)) - raft.server.leader.election.timeout = 120s (custom)
2019-08-28 06:33:50,215 [pool-494-thread-1] INFO  server.RaftServerConfigKeys (ConfUtils.java:logGet(43)) - raft.server.log.use.memory = false (default)
2019-08-28 06:33:50,215 [pool-494-thread-1] INFO  server.RaftServerConfigKeys (ConfUtils.java:logGet(43)) - raft.server.log.purge.gap = 1000000 (custom)
2019-08-28 06:33:50,216 [pool-494-thread-1] INFO  server.RaftServerConfigKeys (ConfUtils.java:logGet(43)) - raft.server.log.appender.buffer.byte-limit = 33554432 (custom)
2019-08-28 06:33:50,216 [pool-494-thread-1] INFO  server.RaftServerConfigKeys (ConfUtils.java:logGet(43)) - raft.server.log.segment.size.max = 1048576 (custom)
2019-08-28 06:33:50,216 [pool-494-thread-1] INFO  server.RaftServerConfigKeys (ConfUtils.java:logGet(43)) - raft.server.log.segment.cache.num.max = 2 (custom)
2019-08-28 06:33:50,216 [pool-494-thread-1] INFO  segmented.SegmentedRaftLogWorker (SegmentedRaftLogWorker.java:<init>(172)) - new 37ed6077-b3c7-4ece-80ea-a455fdabd61d-SegmentedRaftLogWorker:Storage Directory /workdir/hadoop-ozone/integration-test/target/test-dir/MiniOzoneClusterImpl-dfe718bc-bd4c-4c80-9b1d-75633119d19d/datanode-5/data/ratis/9edb9931-d47d-4417-a7df-6f6f92921c76 for RaftStorage:Storage Directory /workdir/hadoop-ozone/integration-test/target/test-dir/MiniOzoneClusterImpl-dfe718bc-bd4c-4c80-9b1d-75633119d19d/datanode-5/data/ratis/9edb9931-d47d-4417-a7df-6f6f92921c76
2019-08-28 06:33:50,216 [pool-494-thread-1] INFO  server.RaftServerConfigKeys (ConfUtils.java:logGet(43)) - raft.server.log.queue.byte-limit = 2147483647 (custom)
2019-08-28 06:33:50,216 [pool-494-thread-1] INFO  server.RaftServerConfigKeys (ConfUtils.java:logGet(43)) - raft.server.log.queue.element-limit = 1024 (custom)
2019-08-28 06:33:50,217 [pool-494-thread-1] INFO  server.RaftServerConfigKeys (ConfUtils.java:logGet(43)) - raft.server.log.segment.size.max = 1048576 (custom)
2019-08-28 06:33:50,217 [pool-494-thread-1] INFO  server.RaftServerConfigKeys (ConfUtils.java:logGet(43)) - raft.server.log.preallocated.size = 16384 (custom)
2019-08-28 06:33:50,217 [pool-494-thread-1] INFO  server.RaftServerConfigKeys (ConfUtils.java:logGet(43)) - raft.server.log.write.buffer.size = 33554432 (custom)
2019-08-28 06:33:50,217 [pool-494-thread-1] INFO  server.RaftServerConfigKeys (ConfUtils.java:logGet(43)) - raft.server.log.force.sync.num = 128 (default)
2019-08-28 06:33:50,217 [pool-494-thread-1] INFO  server.RaftServerConfigKeys (ConfUtils.java:logGet(43)) - raft.server.log.statemachine.data.sync = true (default)
2019-08-28 06:33:50,218 [pool-494-thread-1] INFO  server.RaftServerConfigKeys (ConfUtils.java:logGet(43)) - raft.server.log.statemachine.data.sync.timeout = 10s (default)
2019-08-28 06:33:50,218 [pool-494-thread-1] INFO  server.RaftServerConfigKeys (ConfUtils.java:logGet(43)) - raft.server.log.statemachine.data.sync.timeout.retry = -1 (default)
2019-08-28 06:33:50,218 [pool-494-thread-1] INFO  server.RaftServerConfigKeys (ConfUtils.java:logGet(43)) - raft.server.log.statemachine.data.caching.enabled = true (custom)
2019-08-28 06:33:50,219 [pool-494-thread-1] INFO  segmented.SegmentedRaftLogWorker (SegmentedRaftLogWorker.java:lambda$new$0(132)) - 37ed6077-b3c7-4ece-80ea-a455fdabd61d-SegmentedRaftLogWorker:Storage Directory /workdir/hadoop-ozone/integration-test/target/test-dir/MiniOzoneClusterImpl-dfe718bc-bd4c-4c80-9b1d-75633119d19d/datanode-5/data/ratis/9edb9931-d47d-4417-a7df-6f6f92921c76: flushIndex: setUnconditionally 0 -> -1
2019-08-28 06:33:50,219 [pool-494-thread-1] INFO  server.RaftServerConfigKeys (ConfUtils.java:logGet(43)) - raft.server.snapshot.auto.trigger.enabled = true (custom)
2019-08-28 06:33:50,219 [pool-494-thread-1] INFO  server.RaftServerConfigKeys (ConfUtils.java:logGet(43)) - raft.server.snapshot.auto.trigger.threshold = 10000 (custom)
2019-08-28 06:33:50,219 [pool-494-thread-1] INFO  server.RaftServerConfigKeys (ConfUtils.java:logGet(43)) - raft.server.retrycache.expirytime = 600000ms (custom)
2019-08-28 06:33:50,220 [pool-494-thread-1] INFO  impl.RaftServerImpl (RaftServerImpl.java:start(180)) - 37ed6077-b3c7-4ece-80ea-a455fdabd61d: start group-6F6F92921C76
2019-08-28 06:33:50,220 [pool-494-thread-1] INFO  impl.RaftServerImpl (RaftServerImpl.java:setRole(171)) - 37ed6077-b3c7-4ece-80ea-a455fdabd61d:group-6F6F92921C76 changes role from null to FOLLOWER at term 0 for startAsFollower
2019-08-28 06:33:50,220 [pool-494-thread-1] INFO  impl.RoleInfo (RoleInfo.java:updateAndGet(143)) - 37ed6077-b3c7-4ece-80ea-a455fdabd61d: start FollowerState
2019-08-28 06:33:50,220 [pool-494-thread-1] INFO  util.JmxRegister (JmxRegister.java:tryRegister(44)) - Successfully registered JMX Bean with object name Ratis:service=RaftServer,group=group-6F6F92921C76,id=37ed6077-b3c7-4ece-80ea-a455fdabd61d
2019-08-28 06:33:50,225 [RatisPipelineUtilsThread] INFO  pipeline.PipelineStateManager (PipelineStateManager.java:addPipeline(56)) - Created pipeline Pipeline[ Id: 9edb9931-d47d-4417-a7df-6f6f92921c76, Nodes: 37ed6077-b3c7-4ece-80ea-a455fdabd61d{ip: 192.168.34.10, host: pr-hdds-1783-trunk-8fbk5-3374829961, networkLocation: /default-rack, certSerialId: null}, Type:RATIS, Factor:ONE, State:OPEN]
2019-08-28 06:33:50,252 [grpc-default-executor-10] INFO  impl.RaftServerProxy (RaftServerProxy.java:addNew(89)) - 38f0bdbc-1089-4089-b877-2049a2a4e791: addNew group-CCC405646EC7:[c5a75e6e-3ba6-4e01-8e6e-e37c55fb7020:192.168.34.10:36884, 37ed6077-b3c7-4ece-80ea-a455fdabd61d:192.168.34.10:35309, 38f0bdbc-1089-4089-b877-2049a2a4e791:192.168.34.10:43949] returns group-CCC405646EC7:java.util.concurrent.CompletableFuture@24704aa1[Not completed]
2019-08-28 06:33:50,252 [grpc-default-executor-8] INFO  impl.RaftServerProxy (RaftServerProxy.java:addNew(89)) - c5a75e6e-3ba6-4e01-8e6e-e37c55fb7020: addNew group-CCC405646EC7:[c5a75e6e-3ba6-4e01-8e6e-e37c55fb7020:192.168.34.10:36884, 37ed6077-b3c7-4ece-80ea-a455fdabd61d:192.168.34.10:35309, 38f0bdbc-1089-4089-b877-2049a2a4e791:192.168.34.10:43949] returns group-CCC405646EC7:java.util.concurrent.CompletableFuture@50208e2f[Not completed]
2019-08-28 06:33:50,252 [grpc-default-executor-5] INFO  impl.RaftServerProxy (RaftServerProxy.java:addNew(89)) - 37ed6077-b3c7-4ece-80ea-a455fdabd61d: addNew group-CCC405646EC7:[c5a75e6e-3ba6-4e01-8e6e-e37c55fb7020:192.168.34.10:36884, 37ed6077-b3c7-4ece-80ea-a455fdabd61d:192.168.34.10:35309, 38f0bdbc-1089-4089-b877-2049a2a4e791:192.168.34.10:43949] returns group-CCC405646EC7:java.util.concurrent.CompletableFuture@2e9c6fbd[Not completed]
2019-08-28 06:33:50,254 [pool-472-thread-1] INFO  impl.RaftServerImpl (RaftServerImpl.java:<init>(93)) - c5a75e6e-3ba6-4e01-8e6e-e37c55fb7020: new RaftServerImpl for group-CCC405646EC7:[c5a75e6e-3ba6-4e01-8e6e-e37c55fb7020:192.168.34.10:36884, 37ed6077-b3c7-4ece-80ea-a455fdabd61d:192.168.34.10:35309, 38f0bdbc-1089-4089-b877-2049a2a4e791:192.168.34.10:43949] with ContainerStateMachine:uninitialized
2019-08-28 06:33:50,255 [pool-472-thread-1] INFO  server.RaftServerConfigKeys (ConfUtils.java:logGet(43)) - raft.server.rpc.timeout.min = 5s (custom)
2019-08-28 06:33:50,255 [pool-472-thread-1] INFO  server.RaftServerConfigKeys (ConfUtils.java:logGet(43)) - raft.server.rpc.timeout.max = 5200ms (custom)
2019-08-28 06:33:50,255 [pool-472-thread-1] INFO  server.RaftServerConfigKeys (ConfUtils.java:logGet(43)) - raft.server.rpcslowness.timeout = 120s (custom)
2019-08-28 06:33:50,255 [pool-472-thread-1] INFO  server.RaftServerConfigKeys (ConfUtils.java:logGet(43)) - raft.server.sleep.deviation.threshold = 300 (default)
2019-08-28 06:33:50,255 [pool-483-thread-1] INFO  impl.RaftServerImpl (RaftServerImpl.java:<init>(93)) - 38f0bdbc-1089-4089-b877-2049a2a4e791: new RaftServerImpl for group-CCC405646EC7:[c5a75e6e-3ba6-4e01-8e6e-e37c55fb7020:192.168.34.10:36884, 37ed6077-b3c7-4ece-80ea-a455fdabd61d:192.168.34.10:35309, 38f0bdbc-1089-4089-b877-2049a2a4e791:192.168.34.10:43949] with ContainerStateMachine:uninitialized
2019-08-28 06:33:50,255 [pool-472-thread-1] INFO  server.RaftServerConfigKeys (ConfUtils.java:logGet(43)) - raft.server.log.appender.install.snapshot.enabled = false (custom)
2019-08-28 06:33:50,255 [pool-483-thread-1] INFO  server.RaftServerConfigKeys (ConfUtils.java:logGet(43)) - raft.server.rpc.timeout.min = 5s (custom)
2019-08-28 06:33:50,255 [pool-472-thread-1] INFO  impl.RaftServerImpl (ServerState.java:<init>(105)) - c5a75e6e-3ba6-4e01-8e6e-e37c55fb7020:group-CCC405646EC7 ConfigurationManager, init=-1: [c5a75e6e-3ba6-4e01-8e6e-e37c55fb7020:192.168.34.10:36884, 37ed6077-b3c7-4ece-80ea-a455fdabd61d:192.168.34.10:35309, 38f0bdbc-1089-4089-b877-2049a2a4e791:192.168.34.10:43949], old=null, confs=<EMPTY_MAP>
2019-08-28 06:33:50,256 [pool-483-thread-1] INFO  server.RaftServerConfigKeys (ConfUtils.java:logGet(43)) - raft.server.rpc.timeout.max = 5200ms (custom)
2019-08-28 06:33:50,256 [pool-472-thread-1] INFO  server.RaftServerConfigKeys (ConfUtils.java:logGet(43)) - raft.server.storage.dir = [/workdir/hadoop-ozone/integration-test/target/test-dir/MiniOzoneClusterImpl-dfe718bc-bd4c-4c80-9b1d-75633119d19d/datanode-3/data/ratis] (custom)
2019-08-28 06:33:50,256 [pool-483-thread-1] INFO  server.RaftServerConfigKeys (ConfUtils.java:logGet(43)) - raft.server.rpcslowness.timeout = 120s (custom)
2019-08-28 06:33:50,256 [pool-494-thread-1] INFO  impl.RaftServerImpl (RaftServerImpl.java:<init>(93)) - 37ed6077-b3c7-4ece-80ea-a455fdabd61d: new RaftServerImpl for group-CCC405646EC7:[c5a75e6e-3ba6-4e01-8e6e-e37c55fb7020:192.168.34.10:36884, 37ed6077-b3c7-4ece-80ea-a455fdabd61d:192.168.34.10:35309, 38f0bdbc-1089-4089-b877-2049a2a4e791:192.168.34.10:43949] with ContainerStateMachine:uninitialized
2019-08-28 06:33:50,256 [pool-483-thread-1] INFO  server.RaftServerConfigKeys (ConfUtils.java:logGet(43)) - raft.server.sleep.deviation.threshold = 300 (default)
2019-08-28 06:33:50,256 [pool-494-thread-1] INFO  server.RaftServerConfigKeys (ConfUtils.java:logGet(43)) - raft.server.rpc.timeout.min = 5s (custom)
2019-08-28 06:33:50,256 [pool-472-thread-1] INFO  storage.RaftStorageDirectory (RaftStorageDirectory.java:analyzeStorage(246)) - The storage directory /workdir/hadoop-ozone/integration-test/target/test-dir/MiniOzoneClusterImpl-dfe718bc-bd4c-4c80-9b1d-75633119d19d/datanode-3/data/ratis/6fe699a3-5b97-4185-bcd4-ccc405646ec7 does not exist. Creating ...
2019-08-28 06:33:50,257 [pool-494-thread-1] INFO  server.RaftServerConfigKeys (ConfUtils.java:logGet(43)) - raft.server.rpc.timeout.max = 5200ms (custom)
2019-08-28 06:33:50,257 [pool-483-thread-1] INFO  server.RaftServerConfigKeys (ConfUtils.java:logGet(43)) - raft.server.log.appender.install.snapshot.enabled = false (custom)
2019-08-28 06:33:50,257 [pool-494-thread-1] INFO  server.RaftServerConfigKeys (ConfUtils.java:logGet(43)) - raft.server.rpcslowness.timeout = 120s (custom)
2019-08-28 06:33:50,257 [pool-483-thread-1] INFO  impl.RaftServerImpl (ServerState.java:<init>(105)) - 38f0bdbc-1089-4089-b877-2049a2a4e791:group-CCC405646EC7 ConfigurationManager, init=-1: [c5a75e6e-3ba6-4e01-8e6e-e37c55fb7020:192.168.34.10:36884, 37ed6077-b3c7-4ece-80ea-a455fdabd61d:192.168.34.10:35309, 38f0bdbc-1089-4089-b877-2049a2a4e791:192.168.34.10:43949], old=null, confs=<EMPTY_MAP>
2019-08-28 06:33:50,257 [pool-494-thread-1] INFO  server.RaftServerConfigKeys (ConfUtils.java:logGet(43)) - raft.server.sleep.deviation.threshold = 300 (default)
2019-08-28 06:33:50,258 [pool-483-thread-1] INFO  server.RaftServerConfigKeys (ConfUtils.java:logGet(43)) - raft.server.storage.dir = [/workdir/hadoop-ozone/integration-test/target/test-dir/MiniOzoneClusterImpl-dfe718bc-bd4c-4c80-9b1d-75633119d19d/datanode-4/data/ratis] (custom)
2019-08-28 06:33:50,258 [pool-494-thread-1] INFO  server.RaftServerConfigKeys (ConfUtils.java:logGet(43)) - raft.server.log.appender.install.snapshot.enabled = false (custom)
2019-08-28 06:33:50,258 [pool-494-thread-1] INFO  impl.RaftServerImpl (ServerState.java:<init>(105)) - 37ed6077-b3c7-4ece-80ea-a455fdabd61d:group-CCC405646EC7 ConfigurationManager, init=-1: [c5a75e6e-3ba6-4e01-8e6e-e37c55fb7020:192.168.34.10:36884, 37ed6077-b3c7-4ece-80ea-a455fdabd61d:192.168.34.10:35309, 38f0bdbc-1089-4089-b877-2049a2a4e791:192.168.34.10:43949], old=null, confs=<EMPTY_MAP>
2019-08-28 06:33:50,258 [pool-483-thread-1] INFO  storage.RaftStorageDirectory (RaftStorageDirectory.java:analyzeStorage(246)) - The storage directory /workdir/hadoop-ozone/integration-test/target/test-dir/MiniOzoneClusterImpl-dfe718bc-bd4c-4c80-9b1d-75633119d19d/datanode-4/data/ratis/6fe699a3-5b97-4185-bcd4-ccc405646ec7 does not exist. Creating ...
2019-08-28 06:33:50,258 [pool-494-thread-1] INFO  server.RaftServerConfigKeys (ConfUtils.java:logGet(43)) - raft.server.storage.dir = [/workdir/hadoop-ozone/integration-test/target/test-dir/MiniOzoneClusterImpl-dfe718bc-bd4c-4c80-9b1d-75633119d19d/datanode-5/data/ratis] (custom)
2019-08-28 06:33:50,259 [pool-494-thread-1] INFO  storage.RaftStorageDirectory (RaftStorageDirectory.java:analyzeStorage(246)) - The storage directory /workdir/hadoop-ozone/integration-test/target/test-dir/MiniOzoneClusterImpl-dfe718bc-bd4c-4c80-9b1d-75633119d19d/datanode-5/data/ratis/6fe699a3-5b97-4185-bcd4-ccc405646ec7 does not exist. Creating ...
2019-08-28 06:33:50,272 [pool-494-thread-1] INFO  storage.RaftStorageDirectory (RaftStorageDirectory.java:tryLock(328)) - Lock on /workdir/hadoop-ozone/integration-test/target/test-dir/MiniOzoneClusterImpl-dfe718bc-bd4c-4c80-9b1d-75633119d19d/datanode-5/data/ratis/6fe699a3-5b97-4185-bcd4-ccc405646ec7/in_use.lock acquired by nodename 6961@pr-hdds-1783-trunk-8fbk5-3374829961
2019-08-28 06:33:50,272 [pool-472-thread-1] INFO  storage.RaftStorageDirectory (RaftStorageDirectory.java:tryLock(328)) - Lock on /workdir/hadoop-ozone/integration-test/target/test-dir/MiniOzoneClusterImpl-dfe718bc-bd4c-4c80-9b1d-75633119d19d/datanode-3/data/ratis/6fe699a3-5b97-4185-bcd4-ccc405646ec7/in_use.lock acquired by nodename 6961@pr-hdds-1783-trunk-8fbk5-3374829961
2019-08-28 06:33:50,272 [pool-483-thread-1] INFO  storage.RaftStorageDirectory (RaftStorageDirectory.java:tryLock(328)) - Lock on /workdir/hadoop-ozone/integration-test/target/test-dir/MiniOzoneClusterImpl-dfe718bc-bd4c-4c80-9b1d-75633119d19d/datanode-4/data/ratis/6fe699a3-5b97-4185-bcd4-ccc405646ec7/in_use.lock acquired by nodename 6961@pr-hdds-1783-trunk-8fbk5-3374829961
2019-08-28 06:33:50,284 [pool-494-thread-1] INFO  storage.RaftStorage (RaftStorage.java:format(72)) - Storage directory /workdir/hadoop-ozone/integration-test/target/test-dir/MiniOzoneClusterImpl-dfe718bc-bd4c-4c80-9b1d-75633119d19d/datanode-5/data/ratis/6fe699a3-5b97-4185-bcd4-ccc405646ec7 has been successfully formatted.
2019-08-28 06:33:50,284 [pool-483-thread-1] INFO  storage.RaftStorage (RaftStorage.java:format(72)) - Storage directory /workdir/hadoop-ozone/integration-test/target/test-dir/MiniOzoneClusterImpl-dfe718bc-bd4c-4c80-9b1d-75633119d19d/datanode-4/data/ratis/6fe699a3-5b97-4185-bcd4-ccc405646ec7 has been successfully formatted.
2019-08-28 06:33:50,284 [pool-472-thread-1] INFO  storage.RaftStorage (RaftStorage.java:format(72)) - Storage directory /workdir/hadoop-ozone/integration-test/target/test-dir/MiniOzoneClusterImpl-dfe718bc-bd4c-4c80-9b1d-75633119d19d/datanode-3/data/ratis/6fe699a3-5b97-4185-bcd4-ccc405646ec7 has been successfully formatted.
2019-08-28 06:33:50,285 [pool-483-thread-1] INFO  ratis.ContainerStateMachine (ContainerStateMachine.java:loadSnapshot(226)) - group-CCC405646EC7: The snapshot info is null. Setting the last applied indexto:(t:0, i:~)
2019-08-28 06:33:50,285 [pool-472-thread-1] INFO  ratis.ContainerStateMachine (ContainerStateMachine.java:loadSnapshot(226)) - group-CCC405646EC7: The snapshot info is null. Setting the last applied indexto:(t:0, i:~)
2019-08-28 06:33:50,285 [pool-494-thread-1] INFO  ratis.ContainerStateMachine (ContainerStateMachine.java:loadSnapshot(226)) - group-CCC405646EC7: The snapshot info is null. Setting the last applied indexto:(t:0, i:~)
2019-08-28 06:33:50,285 [pool-472-thread-1] INFO  server.RaftServerConfigKeys (ConfUtils.java:logGet(43)) - raft.server.leader.election.timeout = 120s (custom)
2019-08-28 06:33:50,285 [pool-483-thread-1] INFO  server.RaftServerConfigKeys (ConfUtils.java:logGet(43)) - raft.server.leader.election.timeout = 120s (custom)
2019-08-28 06:33:50,286 [pool-472-thread-1] INFO  server.RaftServerConfigKeys (ConfUtils.java:logGet(43)) - raft.server.log.use.memory = false (default)
2019-08-28 06:33:50,285 [pool-494-thread-1] INFO  server.RaftServerConfigKeys (ConfUtils.java:logGet(43)) - raft.server.leader.election.timeout = 120s (custom)
2019-08-28 06:33:50,286 [pool-472-thread-1] INFO  server.RaftServerConfigKeys (ConfUtils.java:logGet(43)) - raft.server.log.purge.gap = 1000000 (custom)
2019-08-28 06:33:50,286 [pool-483-thread-1] INFO  server.RaftServerConfigKeys (ConfUtils.java:logGet(43)) - raft.server.log.use.memory = false (default)
2019-08-28 06:33:50,286 [pool-472-thread-1] INFO  server.RaftServerConfigKeys (ConfUtils.java:logGet(43)) - raft.server.log.appender.buffer.byte-limit = 33554432 (custom)
2019-08-28 06:33:50,286 [pool-494-thread-1] INFO  server.RaftServerConfigKeys (ConfUtils.java:logGet(43)) - raft.server.log.use.memory = false (default)
2019-08-28 06:33:50,287 [pool-472-thread-1] INFO  server.RaftServerConfigKeys (ConfUtils.java:logGet(43)) - raft.server.log.segment.size.max = 1048576 (custom)
2019-08-28 06:33:50,286 [pool-483-thread-1] INFO  server.RaftServerConfigKeys (ConfUtils.java:logGet(43)) - raft.server.log.purge.gap = 1000000 (custom)
2019-08-28 06:33:50,287 [pool-483-thread-1] INFO  server.RaftServerConfigKeys (ConfUtils.java:logGet(43)) - raft.server.log.appender.buffer.byte-limit = 33554432 (custom)
2019-08-28 06:33:50,287 [pool-472-thread-1] INFO  server.RaftServerConfigKeys (ConfUtils.java:logGet(43)) - raft.server.log.segment.cache.num.max = 2 (custom)
2019-08-28 06:33:50,287 [pool-494-thread-1] INFO  server.RaftServerConfigKeys (ConfUtils.java:logGet(43)) - raft.server.log.purge.gap = 1000000 (custom)
2019-08-28 06:33:50,288 [pool-472-thread-1] INFO  segmented.SegmentedRaftLogWorker (SegmentedRaftLogWorker.java:<init>(172)) - new c5a75e6e-3ba6-4e01-8e6e-e37c55fb7020-SegmentedRaftLogWorker:Storage Directory /workdir/hadoop-ozone/integration-test/target/test-dir/MiniOzoneClusterImpl-dfe718bc-bd4c-4c80-9b1d-75633119d19d/datanode-3/data/ratis/6fe699a3-5b97-4185-bcd4-ccc405646ec7 for RaftStorage:Storage Directory /workdir/hadoop-ozone/integration-test/target/test-dir/MiniOzoneClusterImpl-dfe718bc-bd4c-4c80-9b1d-75633119d19d/datanode-3/data/ratis/6fe699a3-5b97-4185-bcd4-ccc405646ec7
2019-08-28 06:33:50,287 [pool-483-thread-1] INFO  server.RaftServerConfigKeys (ConfUtils.java:logGet(43)) - raft.server.log.segment.size.max = 1048576 (custom)
2019-08-28 06:33:50,288 [pool-472-thread-1] INFO  server.RaftServerConfigKeys (ConfUtils.java:logGet(43)) - raft.server.log.queue.byte-limit = 2147483647 (custom)
2019-08-28 06:33:50,288 [pool-494-thread-1] INFO  server.RaftServerConfigKeys (ConfUtils.java:logGet(43)) - raft.server.log.appender.buffer.byte-limit = 33554432 (custom)
2019-08-28 06:33:50,288 [pool-472-thread-1] INFO  server.RaftServerConfigKeys (ConfUtils.java:logGet(43)) - raft.server.log.queue.element-limit = 1024 (custom)
2019-08-28 06:33:50,288 [pool-483-thread-1] INFO  server.RaftServerConfigKeys (ConfUtils.java:logGet(43)) - raft.server.log.segment.cache.num.max = 2 (custom)
2019-08-28 06:33:50,289 [pool-472-thread-1] INFO  server.RaftServerConfigKeys (ConfUtils.java:logGet(43)) - raft.server.log.segment.size.max = 1048576 (custom)
2019-08-28 06:33:50,289 [pool-472-thread-1] INFO  server.RaftServerConfigKeys (ConfUtils.java:logGet(43)) - raft.server.log.preallocated.size = 16384 (custom)
2019-08-28 06:33:50,288 [pool-494-thread-1] INFO  server.RaftServerConfigKeys (ConfUtils.java:logGet(43)) - raft.server.log.segment.size.max = 1048576 (custom)
2019-08-28 06:33:50,289 [pool-472-thread-1] INFO  server.RaftServerConfigKeys (ConfUtils.java:logGet(43)) - raft.server.log.write.buffer.size = 33554432 (custom)
2019-08-28 06:33:50,289 [pool-472-thread-1] INFO  server.RaftServerConfigKeys (ConfUtils.java:logGet(43)) - raft.server.log.force.sync.num = 128 (default)
2019-08-28 06:33:50,289 [pool-483-thread-1] INFO  segmented.SegmentedRaftLogWorker (SegmentedRaftLogWorker.java:<init>(172)) - new 38f0bdbc-1089-4089-b877-2049a2a4e791-SegmentedRaftLogWorker:Storage Directory /workdir/hadoop-ozone/integration-test/target/test-dir/MiniOzoneClusterImpl-dfe718bc-bd4c-4c80-9b1d-75633119d19d/datanode-4/data/ratis/6fe699a3-5b97-4185-bcd4-ccc405646ec7 for RaftStorage:Storage Directory /workdir/hadoop-ozone/integration-test/target/test-dir/MiniOzoneClusterImpl-dfe718bc-bd4c-4c80-9b1d-75633119d19d/datanode-4/data/ratis/6fe699a3-5b97-4185-bcd4-ccc405646ec7
2019-08-28 06:33:50,290 [pool-472-thread-1] INFO  server.RaftServerConfigKeys (ConfUtils.java:logGet(43)) - raft.server.log.statemachine.data.sync = true (default)
2019-08-28 06:33:50,289 [pool-494-thread-1] INFO  server.RaftServerConfigKeys (ConfUtils.java:logGet(43)) - raft.server.log.segment.cache.num.max = 2 (custom)
2019-08-28 06:33:50,290 [pool-472-thread-1] INFO  server.RaftServerConfigKeys (ConfUtils.java:logGet(43)) - raft.server.log.statemachine.data.sync.timeout = 10s (default)
2019-08-28 06:33:50,290 [pool-472-thread-1] INFO  server.RaftServerConfigKeys (ConfUtils.java:logGet(43)) - raft.server.log.statemachine.data.sync.timeout.retry = -1 (default)
2019-08-28 06:33:50,290 [pool-483-thread-1] INFO  server.RaftServerConfigKeys (ConfUtils.java:logGet(43)) - raft.server.log.queue.byte-limit = 2147483647 (custom)
2019-08-28 06:33:50,291 [pool-472-thread-1] INFO  server.RaftServerConfigKeys (ConfUtils.java:logGet(43)) - raft.server.log.statemachine.data.caching.enabled = true (custom)
2019-08-28 06:33:50,290 [pool-494-thread-1] INFO  segmented.SegmentedRaftLogWorker (SegmentedRaftLogWorker.java:<init>(172)) - new 37ed6077-b3c7-4ece-80ea-a455fdabd61d-SegmentedRaftLogWorker:Storage Directory /workdir/hadoop-ozone/integration-test/target/test-dir/MiniOzoneClusterImpl-dfe718bc-bd4c-4c80-9b1d-75633119d19d/datanode-5/data/ratis/6fe699a3-5b97-4185-bcd4-ccc405646ec7 for RaftStorage:Storage Directory /workdir/hadoop-ozone/integration-test/target/test-dir/MiniOzoneClusterImpl-dfe718bc-bd4c-4c80-9b1d-75633119d19d/datanode-5/data/ratis/6fe699a3-5b97-4185-bcd4-ccc405646ec7
2019-08-28 06:33:50,291 [pool-483-thread-1] INFO  server.RaftServerConfigKeys (ConfUtils.java:logGet(43)) - raft.server.log.queue.element-limit = 1024 (custom)
2019-08-28 06:33:50,291 [pool-472-thread-1] INFO  segmented.SegmentedRaftLogWorker (SegmentedRaftLogWorker.java:lambda$new$0(132)) - c5a75e6e-3ba6-4e01-8e6e-e37c55fb7020-SegmentedRaftLogWorker:Storage Directory /workdir/hadoop-ozone/integration-test/target/test-dir/MiniOzoneClusterImpl-dfe718bc-bd4c-4c80-9b1d-75633119d19d/datanode-3/data/ratis/6fe699a3-5b97-4185-bcd4-ccc405646ec7: flushIndex: setUnconditionally 0 -> -1
2019-08-28 06:33:50,291 [pool-494-thread-1] INFO  server.RaftServerConfigKeys (ConfUtils.java:logGet(43)) - raft.server.log.queue.byte-limit = 2147483647 (custom)
2019-08-28 06:33:50,291 [pool-483-thread-1] INFO  server.RaftServerConfigKeys (ConfUtils.java:logGet(43)) - raft.server.log.segment.size.max = 1048576 (custom)
2019-08-28 06:33:50,292 [pool-472-thread-1] INFO  server.RaftServerConfigKeys (ConfUtils.java:logGet(43)) - raft.server.snapshot.auto.trigger.enabled = true (custom)
2019-08-28 06:33:50,292 [pool-494-thread-1] INFO  server.RaftServerConfigKeys (ConfUtils.java:logGet(43)) - raft.server.log.queue.element-limit = 1024 (custom)
2019-08-28 06:33:50,292 [pool-472-thread-1] INFO  server.RaftServerConfigKeys (ConfUtils.java:logGet(43)) - raft.server.snapshot.auto.trigger.threshold = 10000 (custom)
2019-08-28 06:33:50,292 [pool-483-thread-1] INFO  server.RaftServerConfigKeys (ConfUtils.java:logGet(43)) - raft.server.log.preallocated.size = 16384 (custom)
2019-08-28 06:33:50,293 [pool-472-thread-1] INFO  server.RaftServerConfigKeys (ConfUtils.java:logGet(43)) - raft.server.retrycache.expirytime = 600000ms (custom)
2019-08-28 06:33:50,292 [pool-494-thread-1] INFO  server.RaftServerConfigKeys (ConfUtils.java:logGet(43)) - raft.server.log.segment.size.max = 1048576 (custom)
2019-08-28 06:33:50,293 [pool-472-thread-1] INFO  impl.RaftServerImpl (RaftServerImpl.java:start(180)) - c5a75e6e-3ba6-4e01-8e6e-e37c55fb7020: start group-CCC405646EC7
2019-08-28 06:33:50,293 [pool-483-thread-1] INFO  server.RaftServerConfigKeys (ConfUtils.java:logGet(43)) - raft.server.log.write.buffer.size = 33554432 (custom)
2019-08-28 06:33:50,293 [pool-472-thread-1] INFO  impl.RaftServerImpl (RaftServerImpl.java:setRole(171)) - c5a75e6e-3ba6-4e01-8e6e-e37c55fb7020:group-CCC405646EC7 changes role from null to FOLLOWER at term 0 for startAsFollower
2019-08-28 06:33:50,293 [pool-494-thread-1] INFO  server.RaftServerConfigKeys (ConfUtils.java:logGet(43)) - raft.server.log.preallocated.size = 16384 (custom)
2019-08-28 06:33:50,294 [pool-472-thread-1] INFO  impl.RoleInfo (RoleInfo.java:updateAndGet(143)) - c5a75e6e-3ba6-4e01-8e6e-e37c55fb7020: start FollowerState
2019-08-28 06:33:50,294 [pool-483-thread-1] INFO  server.RaftServerConfigKeys (ConfUtils.java:logGet(43)) - raft.server.log.force.sync.num = 128 (default)
2019-08-28 06:33:50,294 [pool-494-thread-1] INFO  server.RaftServerConfigKeys (ConfUtils.java:logGet(43)) - raft.server.log.write.buffer.size = 33554432 (custom)
2019-08-28 06:33:50,294 [pool-483-thread-1] INFO  server.RaftServerConfigKeys (ConfUtils.java:logGet(43)) - raft.server.log.statemachine.data.sync = true (default)
2019-08-28 06:33:50,295 [pool-472-thread-1] INFO  util.JmxRegister (JmxRegister.java:tryRegister(44)) - Successfully registered JMX Bean with object name Ratis:service=RaftServer,group=group-CCC405646EC7,id=c5a75e6e-3ba6-4e01-8e6e-e37c55fb7020
2019-08-28 06:33:50,295 [pool-494-thread-1] INFO  server.RaftServerConfigKeys (ConfUtils.java:logGet(43)) - raft.server.log.force.sync.num = 128 (default)
2019-08-28 06:33:50,295 [pool-494-thread-1] INFO  server.RaftServerConfigKeys (ConfUtils.java:logGet(43)) - raft.server.log.statemachine.data.sync = true (default)
2019-08-28 06:33:50,295 [pool-483-thread-1] INFO  server.RaftServerConfigKeys (ConfUtils.java:logGet(43)) - raft.server.log.statemachine.data.sync.timeout = 10s (default)
2019-08-28 06:33:50,295 [pool-494-thread-1] INFO  server.RaftServerConfigKeys (ConfUtils.java:logGet(43)) - raft.server.log.statemachine.data.sync.timeout = 10s (default)
2019-08-28 06:33:50,296 [pool-483-thread-1] INFO  server.RaftServerConfigKeys (ConfUtils.java:logGet(43)) - raft.server.log.statemachine.data.sync.timeout.retry = -1 (default)
2019-08-28 06:33:50,296 [pool-494-thread-1] INFO  server.RaftServerConfigKeys (ConfUtils.java:logGet(43)) - raft.server.log.statemachine.data.sync.timeout.retry = -1 (default)
2019-08-28 06:33:50,296 [pool-483-thread-1] INFO  server.RaftServerConfigKeys (ConfUtils.java:logGet(43)) - raft.server.log.statemachine.data.caching.enabled = true (custom)
2019-08-28 06:33:50,296 [pool-494-thread-1] INFO  server.RaftServerConfigKeys (ConfUtils.java:logGet(43)) - raft.server.log.statemachine.data.caching.enabled = true (custom)
2019-08-28 06:33:50,300 [pool-483-thread-1] INFO  segmented.SegmentedRaftLogWorker (SegmentedRaftLogWorker.java:lambda$new$0(132)) - 38f0bdbc-1089-4089-b877-2049a2a4e791-SegmentedRaftLogWorker:Storage Directory /workdir/hadoop-ozone/integration-test/target/test-dir/MiniOzoneClusterImpl-dfe718bc-bd4c-4c80-9b1d-75633119d19d/datanode-4/data/ratis/6fe699a3-5b97-4185-bcd4-ccc405646ec7: flushIndex: setUnconditionally 0 -> -1
2019-08-28 06:33:50,300 [pool-494-thread-1] INFO  segmented.SegmentedRaftLogWorker (SegmentedRaftLogWorker.java:lambda$new$0(132)) - 37ed6077-b3c7-4ece-80ea-a455fdabd61d-SegmentedRaftLogWorker:Storage Directory /workdir/hadoop-ozone/integration-test/target/test-dir/MiniOzoneClusterImpl-dfe718bc-bd4c-4c80-9b1d-75633119d19d/datanode-5/data/ratis/6fe699a3-5b97-4185-bcd4-ccc405646ec7: flushIndex: setUnconditionally 0 -> -1
2019-08-28 06:33:50,300 [pool-483-thread-1] INFO  server.RaftServerConfigKeys (ConfUtils.java:logGet(43)) - raft.server.snapshot.auto.trigger.enabled = true (custom)
2019-08-28 06:33:50,301 [pool-483-thread-1] INFO  server.RaftServerConfigKeys (ConfUtils.java:logGet(43)) - raft.server.snapshot.auto.trigger.threshold = 10000 (custom)
2019-08-28 06:33:50,301 [pool-494-thread-1] INFO  server.RaftServerConfigKeys (ConfUtils.java:logGet(43)) - raft.server.snapshot.auto.trigger.enabled = true (custom)
2019-08-28 06:33:50,301 [pool-483-thread-1] INFO  server.RaftServerConfigKeys (ConfUtils.java:logGet(43)) - raft.server.retrycache.expirytime = 600000ms (custom)
2019-08-28 06:33:50,301 [pool-494-thread-1] INFO  server.RaftServerConfigKeys (ConfUtils.java:logGet(43)) - raft.server.snapshot.auto.trigger.threshold = 10000 (custom)
2019-08-28 06:33:50,301 [pool-483-thread-1] INFO  impl.RaftServerImpl (RaftServerImpl.java:start(180)) - 38f0bdbc-1089-4089-b877-2049a2a4e791: start group-CCC405646EC7
2019-08-28 06:33:50,301 [pool-494-thread-1] INFO  server.RaftServerConfigKeys (ConfUtils.java:logGet(43)) - raft.server.retrycache.expirytime = 600000ms (custom)
2019-08-28 06:33:50,301 [pool-483-thread-1] INFO  impl.RaftServerImpl (RaftServerImpl.java:setRole(171)) - 38f0bdbc-1089-4089-b877-2049a2a4e791:group-CCC405646EC7 changes role from null to FOLLOWER at term 0 for startAsFollower
2019-08-28 06:33:50,302 [pool-494-thread-1] INFO  impl.RaftServerImpl (RaftServerImpl.java:start(180)) - 37ed6077-b3c7-4ece-80ea-a455fdabd61d: start group-CCC405646EC7
2019-08-28 06:33:50,302 [pool-483-thread-1] INFO  impl.RoleInfo (RoleInfo.java:updateAndGet(143)) - 38f0bdbc-1089-4089-b877-2049a2a4e791: start FollowerState
2019-08-28 06:33:50,302 [pool-494-thread-1] INFO  impl.RaftServerImpl (RaftServerImpl.java:setRole(171)) - 37ed6077-b3c7-4ece-80ea-a455fdabd61d:group-CCC405646EC7 changes role from null to FOLLOWER at term 0 for startAsFollower
2019-08-28 06:33:50,302 [pool-494-thread-1] INFO  impl.RoleInfo (RoleInfo.java:updateAndGet(143)) - 37ed6077-b3c7-4ece-80ea-a455fdabd61d: start FollowerState
2019-08-28 06:33:50,302 [pool-483-thread-1] INFO  util.JmxRegister (JmxRegister.java:tryRegister(44)) - Successfully registered JMX Bean with object name Ratis:service=RaftServer,group=group-CCC405646EC7,id=38f0bdbc-1089-4089-b877-2049a2a4e791
2019-08-28 06:33:50,303 [pool-494-thread-1] INFO  util.JmxRegister (JmxRegister.java:tryRegister(44)) - Successfully registered JMX Bean with object name Ratis:service=RaftServer,group=group-CCC405646EC7,id=37ed6077-b3c7-4ece-80ea-a455fdabd61d
2019-08-28 06:33:50,311 [RatisPipelineUtilsThread] INFO  pipeline.PipelineStateManager (PipelineStateManager.java:addPipeline(56)) - Created pipeline Pipeline[ Id: 6fe699a3-5b97-4185-bcd4-ccc405646ec7, Nodes: c5a75e6e-3ba6-4e01-8e6e-e37c55fb7020{ip: 192.168.34.10, host: pr-hdds-1783-trunk-8fbk5-3374829961, networkLocation: /default-rack, certSerialId: null}38f0bdbc-1089-4089-b877-2049a2a4e791{ip: 192.168.34.10, host: pr-hdds-1783-trunk-8fbk5-3374829961, networkLocation: /default-rack, certSerialId: null}37ed6077-b3c7-4ece-80ea-a455fdabd61d{ip: 192.168.34.10, host: pr-hdds-1783-trunk-8fbk5-3374829961, networkLocation: /default-rack, certSerialId: null}, Type:RATIS, Factor:THREE, State:OPEN]
2019-08-28 06:33:50,366 [main] INFO  ozone.MiniOzoneClusterImpl (MiniOzoneClusterImpl.java:lambda$waitForClusterToBeReady$0(142)) - Waiting for cluster to be ready. Got 6 of 7 DN Heartbeats.
2019-08-28 06:33:50,368 [IPC Server handler 14 on 41355] INFO  net.NetworkTopology (NetworkTopologyImpl.java:add(110)) - Added a new node: /default-rack/9d3a01fd-5b16-441f-ba7a-7e38b292dbb2
2019-08-28 06:33:50,368 [IPC Server handler 14 on 41355] INFO  node.SCMNodeManager (SCMNodeManager.java:register(273)) - Registered Data node : 9d3a01fd-5b16-441f-ba7a-7e38b292dbb2{ip: 192.168.34.10, host: pr-hdds-1783-trunk-8fbk5-3374829961, networkLocation: /default-rack, certSerialId: null}
2019-08-28 06:33:50,369 | INFO  | SCMAudit | user=jenkins1000 | ip=192.168.34.10 | op=REGISTER {datanodeDetails=9d3a01fd-5b16-441f-ba7a-7e38b292dbb2{ip: 192.168.34.10, host: pr-hdds-1783-trunk-8fbk5-3374829961, networkLocation: /default-rack, certSerialId: null}} | ret=SUCCESS |  
2019-08-28 06:33:50,376 [grpc-default-executor-5] INFO  impl.RaftServerProxy (RaftServerProxy.java:addNew(89)) - 9d3a01fd-5b16-441f-ba7a-7e38b292dbb2: addNew group-B95A55F993F6:[9d3a01fd-5b16-441f-ba7a-7e38b292dbb2:192.168.34.10:44498] returns group-B95A55F993F6:java.util.concurrent.CompletableFuture@47bcd925[Not completed]
2019-08-28 06:33:50,377 [pool-505-thread-1] INFO  impl.RaftServerImpl (RaftServerImpl.java:<init>(93)) - 9d3a01fd-5b16-441f-ba7a-7e38b292dbb2: new RaftServerImpl for group-B95A55F993F6:[9d3a01fd-5b16-441f-ba7a-7e38b292dbb2:192.168.34.10:44498] with ContainerStateMachine:uninitialized
2019-08-28 06:33:50,377 [pool-505-thread-1] INFO  server.RaftServerConfigKeys (ConfUtils.java:logGet(43)) - raft.server.rpc.timeout.min = 5s (custom)
2019-08-28 06:33:50,378 [pool-505-thread-1] INFO  server.RaftServerConfigKeys (ConfUtils.java:logGet(43)) - raft.server.rpc.timeout.max = 5200ms (custom)
2019-08-28 06:33:50,378 [pool-505-thread-1] INFO  server.RaftServerConfigKeys (ConfUtils.java:logGet(43)) - raft.server.rpcslowness.timeout = 120s (custom)
2019-08-28 06:33:50,378 [pool-505-thread-1] INFO  server.RaftServerConfigKeys (ConfUtils.java:logGet(43)) - raft.server.sleep.deviation.threshold = 300 (default)
2019-08-28 06:33:50,378 [pool-505-thread-1] INFO  server.RaftServerConfigKeys (ConfUtils.java:logGet(43)) - raft.server.log.appender.install.snapshot.enabled = false (custom)
2019-08-28 06:33:50,378 [pool-505-thread-1] INFO  impl.RaftServerImpl (ServerState.java:<init>(105)) - 9d3a01fd-5b16-441f-ba7a-7e38b292dbb2:group-B95A55F993F6 ConfigurationManager, init=-1: [9d3a01fd-5b16-441f-ba7a-7e38b292dbb2:192.168.34.10:44498], old=null, confs=<EMPTY_MAP>
2019-08-28 06:33:50,378 [pool-505-thread-1] INFO  server.RaftServerConfigKeys (ConfUtils.java:logGet(43)) - raft.server.storage.dir = [/workdir/hadoop-ozone/integration-test/target/test-dir/MiniOzoneClusterImpl-dfe718bc-bd4c-4c80-9b1d-75633119d19d/datanode-6/data/ratis] (custom)
2019-08-28 06:33:50,379 [pool-505-thread-1] INFO  storage.RaftStorageDirectory (RaftStorageDirectory.java:analyzeStorage(246)) - The storage directory /workdir/hadoop-ozone/integration-test/target/test-dir/MiniOzoneClusterImpl-dfe718bc-bd4c-4c80-9b1d-75633119d19d/datanode-6/data/ratis/46273c46-4c2a-466f-97de-b95a55f993f6 does not exist. Creating ...
2019-08-28 06:33:50,390 [pool-505-thread-1] INFO  storage.RaftStorageDirectory (RaftStorageDirectory.java:tryLock(328)) - Lock on /workdir/hadoop-ozone/integration-test/target/test-dir/MiniOzoneClusterImpl-dfe718bc-bd4c-4c80-9b1d-75633119d19d/datanode-6/data/ratis/46273c46-4c2a-466f-97de-b95a55f993f6/in_use.lock acquired by nodename 6961@pr-hdds-1783-trunk-8fbk5-3374829961
2019-08-28 06:33:50,403 [pool-505-thread-1] INFO  storage.RaftStorage (RaftStorage.java:format(72)) - Storage directory /workdir/hadoop-ozone/integration-test/target/test-dir/MiniOzoneClusterImpl-dfe718bc-bd4c-4c80-9b1d-75633119d19d/datanode-6/data/ratis/46273c46-4c2a-466f-97de-b95a55f993f6 has been successfully formatted.
2019-08-28 06:33:50,403 [pool-505-thread-1] INFO  ratis.ContainerStateMachine (ContainerStateMachine.java:loadSnapshot(226)) - group-B95A55F993F6: The snapshot info is null. Setting the last applied indexto:(t:0, i:~)
2019-08-28 06:33:50,404 [pool-505-thread-1] INFO  server.RaftServerConfigKeys (ConfUtils.java:logGet(43)) - raft.server.leader.election.timeout = 120s (custom)
2019-08-28 06:33:50,404 [pool-505-thread-1] INFO  server.RaftServerConfigKeys (ConfUtils.java:logGet(43)) - raft.server.log.use.memory = false (default)
2019-08-28 06:33:50,404 [pool-505-thread-1] INFO  server.RaftServerConfigKeys (ConfUtils.java:logGet(43)) - raft.server.log.purge.gap = 1000000 (custom)
2019-08-28 06:33:50,404 [pool-505-thread-1] INFO  server.RaftServerConfigKeys (ConfUtils.java:logGet(43)) - raft.server.log.appender.buffer.byte-limit = 33554432 (custom)
2019-08-28 06:33:50,404 [pool-505-thread-1] INFO  server.RaftServerConfigKeys (ConfUtils.java:logGet(43)) - raft.server.log.segment.size.max = 1048576 (custom)
2019-08-28 06:33:50,405 [pool-505-thread-1] INFO  server.RaftServerConfigKeys (ConfUtils.java:logGet(43)) - raft.server.log.segment.cache.num.max = 2 (custom)
2019-08-28 06:33:50,405 [pool-505-thread-1] INFO  segmented.SegmentedRaftLogWorker (SegmentedRaftLogWorker.java:<init>(172)) - new 9d3a01fd-5b16-441f-ba7a-7e38b292dbb2-SegmentedRaftLogWorker:Storage Directory /workdir/hadoop-ozone/integration-test/target/test-dir/MiniOzoneClusterImpl-dfe718bc-bd4c-4c80-9b1d-75633119d19d/datanode-6/data/ratis/46273c46-4c2a-466f-97de-b95a55f993f6 for RaftStorage:Storage Directory /workdir/hadoop-ozone/integration-test/target/test-dir/MiniOzoneClusterImpl-dfe718bc-bd4c-4c80-9b1d-75633119d19d/datanode-6/data/ratis/46273c46-4c2a-466f-97de-b95a55f993f6
2019-08-28 06:33:50,405 [pool-505-thread-1] INFO  server.RaftServerConfigKeys (ConfUtils.java:logGet(43)) - raft.server.log.queue.byte-limit = 2147483647 (custom)
2019-08-28 06:33:50,405 [pool-505-thread-1] INFO  server.RaftServerConfigKeys (ConfUtils.java:logGet(43)) - raft.server.log.queue.element-limit = 1024 (custom)
2019-08-28 06:33:50,406 [pool-505-thread-1] INFO  server.RaftServerConfigKeys (ConfUtils.java:logGet(43)) - raft.server.log.segment.size.max = 1048576 (custom)
2019-08-28 06:33:50,406 [pool-505-thread-1] INFO  server.RaftServerConfigKeys (ConfUtils.java:logGet(43)) - raft.server.log.preallocated.size = 16384 (custom)
2019-08-28 06:33:50,406 [pool-505-thread-1] INFO  server.RaftServerConfigKeys (ConfUtils.java:logGet(43)) - raft.server.log.write.buffer.size = 33554432 (custom)
2019-08-28 06:33:50,406 [pool-505-thread-1] INFO  server.RaftServerConfigKeys (ConfUtils.java:logGet(43)) - raft.server.log.force.sync.num = 128 (default)
2019-08-28 06:33:50,406 [pool-505-thread-1] INFO  server.RaftServerConfigKeys (ConfUtils.java:logGet(43)) - raft.server.log.statemachine.data.sync = true (default)
2019-08-28 06:33:50,407 [pool-505-thread-1] INFO  server.RaftServerConfigKeys (ConfUtils.java:logGet(43)) - raft.server.log.statemachine.data.sync.timeout = 10s (default)
2019-08-28 06:33:50,407 [pool-505-thread-1] INFO  server.RaftServerConfigKeys (ConfUtils.java:logGet(43)) - raft.server.log.statemachine.data.sync.timeout.retry = -1 (default)
2019-08-28 06:33:50,407 [pool-505-thread-1] INFO  server.RaftServerConfigKeys (ConfUtils.java:logGet(43)) - raft.server.log.statemachine.data.caching.enabled = true (custom)
2019-08-28 06:33:50,408 [pool-505-thread-1] INFO  segmented.SegmentedRaftLogWorker (SegmentedRaftLogWorker.java:lambda$new$0(132)) - 9d3a01fd-5b16-441f-ba7a-7e38b292dbb2-SegmentedRaftLogWorker:Storage Directory /workdir/hadoop-ozone/integration-test/target/test-dir/MiniOzoneClusterImpl-dfe718bc-bd4c-4c80-9b1d-75633119d19d/datanode-6/data/ratis/46273c46-4c2a-466f-97de-b95a55f993f6: flushIndex: setUnconditionally 0 -> -1
2019-08-28 06:33:50,408 [pool-505-thread-1] INFO  server.RaftServerConfigKeys (ConfUtils.java:logGet(43)) - raft.server.snapshot.auto.trigger.enabled = true (custom)
2019-08-28 06:33:50,408 [pool-505-thread-1] INFO  server.RaftServerConfigKeys (ConfUtils.java:logGet(43)) - raft.server.snapshot.auto.trigger.threshold = 10000 (custom)
2019-08-28 06:33:50,409 [pool-505-thread-1] INFO  server.RaftServerConfigKeys (ConfUtils.java:logGet(43)) - raft.server.retrycache.expirytime = 600000ms (custom)
2019-08-28 06:33:50,409 [pool-505-thread-1] INFO  impl.RaftServerImpl (RaftServerImpl.java:start(180)) - 9d3a01fd-5b16-441f-ba7a-7e38b292dbb2: start group-B95A55F993F6
2019-08-28 06:33:50,409 [pool-505-thread-1] INFO  impl.RaftServerImpl (RaftServerImpl.java:setRole(171)) - 9d3a01fd-5b16-441f-ba7a-7e38b292dbb2:group-B95A55F993F6 changes role from null to FOLLOWER at term 0 for startAsFollower
2019-08-28 06:33:50,409 [pool-505-thread-1] INFO  impl.RoleInfo (RoleInfo.java:updateAndGet(143)) - 9d3a01fd-5b16-441f-ba7a-7e38b292dbb2: start FollowerState
2019-08-28 06:33:50,410 [pool-505-thread-1] INFO  util.JmxRegister (JmxRegister.java:tryRegister(44)) - Successfully registered JMX Bean with object name Ratis:service=RaftServer,group=group-B95A55F993F6,id=9d3a01fd-5b16-441f-ba7a-7e38b292dbb2
2019-08-28 06:33:50,415 [RatisPipelineUtilsThread] INFO  pipeline.PipelineStateManager (PipelineStateManager.java:addPipeline(56)) - Created pipeline Pipeline[ Id: 46273c46-4c2a-466f-97de-b95a55f993f6, Nodes: 9d3a01fd-5b16-441f-ba7a-7e38b292dbb2{ip: 192.168.34.10, host: pr-hdds-1783-trunk-8fbk5-3374829961, networkLocation: /default-rack, certSerialId: null}, Type:RATIS, Factor:ONE, State:OPEN]
2019-08-28 06:33:50,859 | INFO  | SCMAudit | user=jenkins1000 | ip=192.168.34.10 | op=SEND_HEARTBEAT {datanodeUUID=9e09162c-d652-4106-871c-162faebb3aaf, command=[]} | ret=SUCCESS |  
2019-08-28 06:33:51,358 | INFO  | SCMAudit | user=jenkins1000 | ip=192.168.34.10 | op=SEND_HEARTBEAT {datanodeUUID=4aaf653c-c443-4044-b7ad-f4623e7320a2, command=[]} | ret=SUCCESS |  
2019-08-28 06:33:51,366 [main] INFO  ozone.MiniOzoneClusterImpl (MiniOzoneClusterImpl.java:lambda$waitForClusterToBeReady$0(142)) - Cluster is ready. Got 7 of 7 DN Heartbeats.
2019-08-28 06:33:51,396 [main] INFO  rpc.RpcClient (RpcClient.java:createVolume(293)) - Creating Volume: testblockoutputstream, with jenkins1000 as owner.
2019-08-28 06:33:51,399 | INFO  | OMAudit | user=jenkins1000 | ip=127.0.0.1 | op=CREATE_VOLUME {admin=jenkins1000, owner=jenkins1000, volume=testblockoutputstream, creationTime=1566974031398, quotaInBytes=1152921504606846976} | ret=SUCCESS |  
2019-08-28 06:33:51,408 | INFO  | OMAudit | user=jenkins1000 | ip=127.0.0.1 | op=READ_VOLUME {volume=testblockoutputstream} | ret=SUCCESS |  
2019-08-28 06:33:51,409 [main] INFO  rpc.RpcClient (RpcClient.java:createBucket(432)) - Creating Bucket: testblockoutputstream/testblockoutputstream, with Versioning false and Storage Type set to DISK and Encryption set to false 
2019-08-28 06:33:51,413 | INFO  | OMAudit | user=jenkins1000 | ip=127.0.0.1 | op=CREATE_BUCKET {volume=testblockoutputstream, bucket=testblockoutputstream, acls=[user:jenkins1000:a[ACCESS], group:default:a[ACCESS]], isVersionEnabled=false, storageType=DISK, creationTime=0} | ret=SUCCESS |  
2019-08-28 06:33:51,414 | INFO  | OMAudit | user=jenkins1000 | ip=127.0.0.1 | op=READ_VOLUME {volume=testblockoutputstream} | ret=SUCCESS |  
2019-08-28 06:33:51,416 | INFO  | OMAudit | user=jenkins1000 | ip=127.0.0.1 | op=READ_BUCKET {volume=testblockoutputstream, bucket=testblockoutputstream} | ret=SUCCESS |  
2019-08-28 06:33:51,429 | INFO  | SCMAudit | user=jenkins1000 | ip=192.168.34.10 | op=ALLOCATE_BLOCK {owner=b0c2e884-358f-460f-aa64-576556253dd4, size=800, type=RATIS, factor=THREE} | ret=SUCCESS |  
2019-08-28 06:33:51,433 | INFO  | OMAudit | user=jenkins1000 | ip=127.0.0.1 | op=ALLOCATE_KEY {volume=testblockoutputstream, bucket=testblockoutputstream, key=f56c841c-a47f-485c-9da2-d2d53894f68e, dataSize=0, replicationType=RATIS, replicationFactor=THREE, keyLocationInfo=null} | ret=SUCCESS |  
2019-08-28 06:33:51,466 [grpc-default-executor-5] INFO  client.GrpcClientProtocolClient (GrpcClientProtocolClient.java:onNext(255)) - client-E4CEBB479A80->c5a75e6e-3ba6-4e01-8e6e-e37c55fb7020: receive RaftClientReply:client-E4CEBB479A80->c5a75e6e-3ba6-4e01-8e6e-e37c55fb7020@group-CCC405646EC7, cid=183, FAILED org.apache.ratis.protocol.NotLeaderException: Server c5a75e6e-3ba6-4e01-8e6e-e37c55fb7020 is not the leader (null). Request must be sent to leader., logIndex=0, commits[c5a75e6e-3ba6-4e01-8e6e-e37c55fb7020:c-1]
2019-08-28 06:33:51,556 | INFO  | SCMAudit | user=jenkins1000 | ip=192.168.34.10 | op=SEND_HEARTBEAT {datanodeUUID=9cd1cf0b-08ae-4d53-8ceb-815e7e017b07, command=[]} | ret=SUCCESS |  
2019-08-28 06:33:51,728 | INFO  | SCMAudit | user=jenkins1000 | ip=192.168.34.10 | op=SEND_HEARTBEAT {datanodeUUID=c5a75e6e-3ba6-4e01-8e6e-e37c55fb7020, command=[]} | ret=SUCCESS |  
2019-08-28 06:33:51,858 | INFO  | SCMAudit | user=jenkins1000 | ip=192.168.34.10 | op=SEND_HEARTBEAT {datanodeUUID=9e09162c-d652-4106-871c-162faebb3aaf, command=[]} | ret=SUCCESS |  
2019-08-28 06:33:51,870 [Thread-3550] INFO  container.ReplicationManager (ReplicationManager.java:start(152)) - Starting Replication Monitor Thread.
2019-08-28 06:33:51,875 [ReplicationMonitor] INFO  container.ReplicationManager (ReplicationManager.java:run(215)) - Replication Monitor Thread took 0 milliseconds for processing 1 containers.
2019-08-28 06:33:51,969 | INFO  | SCMAudit | user=jenkins1000 | ip=192.168.34.10 | op=SEND_HEARTBEAT {datanodeUUID=38f0bdbc-1089-4089-b877-2049a2a4e791, command=[]} | ret=SUCCESS |  
2019-08-28 06:33:52,181 | INFO  | SCMAudit | user=jenkins1000 | ip=192.168.34.10 | op=SEND_HEARTBEAT {datanodeUUID=37ed6077-b3c7-4ece-80ea-a455fdabd61d, command=[]} | ret=SUCCESS |  
2019-08-28 06:33:52,357 | INFO  | SCMAudit | user=jenkins1000 | ip=192.168.34.10 | op=SEND_HEARTBEAT {datanodeUUID=4aaf653c-c443-4044-b7ad-f4623e7320a2, command=[]} | ret=SUCCESS |  
2019-08-28 06:33:52,366 | INFO  | SCMAudit | user=jenkins1000 | ip=192.168.34.10 | op=SEND_HEARTBEAT {datanodeUUID=9d3a01fd-5b16-441f-ba7a-7e38b292dbb2, command=[]} | ret=SUCCESS |  
2019-08-28 06:33:52,482 [grpc-default-executor-5] INFO  client.GrpcClientProtocolClient (GrpcClientProtocolClient.java:onNext(255)) - client-E4CEBB479A80->37ed6077-b3c7-4ece-80ea-a455fdabd61d: receive RaftClientReply:client-E4CEBB479A80->37ed6077-b3c7-4ece-80ea-a455fdabd61d@group-CCC405646EC7, cid=183, FAILED org.apache.ratis.protocol.NotLeaderException: Server 37ed6077-b3c7-4ece-80ea-a455fdabd61d is not the leader (null). Request must be sent to leader., logIndex=0, commits[37ed6077-b3c7-4ece-80ea-a455fdabd61d:c-1]
2019-08-28 06:33:52,556 | INFO  | SCMAudit | user=jenkins1000 | ip=192.168.34.10 | op=SEND_HEARTBEAT {datanodeUUID=9cd1cf0b-08ae-4d53-8ceb-815e7e017b07, command=[]} | ret=SUCCESS |  
2019-08-28 06:33:52,728 | INFO  | SCMAudit | user=jenkins1000 | ip=192.168.34.10 | op=SEND_HEARTBEAT {datanodeUUID=c5a75e6e-3ba6-4e01-8e6e-e37c55fb7020, command=[]} | ret=SUCCESS |  
2019-08-28 06:33:52,858 | INFO  | SCMAudit | user=jenkins1000 | ip=192.168.34.10 | op=SEND_HEARTBEAT {datanodeUUID=9e09162c-d652-4106-871c-162faebb3aaf, command=[]} | ret=SUCCESS |  
2019-08-28 06:33:52,968 | INFO  | SCMAudit | user=jenkins1000 | ip=192.168.34.10 | op=SEND_HEARTBEAT {datanodeUUID=38f0bdbc-1089-4089-b877-2049a2a4e791, command=[]} | ret=SUCCESS |  
2019-08-28 06:33:53,180 | INFO  | SCMAudit | user=jenkins1000 | ip=192.168.34.10 | op=SEND_HEARTBEAT {datanodeUUID=37ed6077-b3c7-4ece-80ea-a455fdabd61d, command=[]} | ret=SUCCESS |  
2019-08-28 06:33:53,358 | INFO  | SCMAudit | user=jenkins1000 | ip=192.168.34.10 | op=SEND_HEARTBEAT {datanodeUUID=4aaf653c-c443-4044-b7ad-f4623e7320a2, command=[]} | ret=SUCCESS |  
2019-08-28 06:33:53,366 | INFO  | SCMAudit | user=jenkins1000 | ip=192.168.34.10 | op=SEND_HEARTBEAT {datanodeUUID=9d3a01fd-5b16-441f-ba7a-7e38b292dbb2, command=[]} | ret=SUCCESS |  
2019-08-28 06:33:53,495 [grpc-default-executor-8] INFO  client.GrpcClientProtocolClient (GrpcClientProtocolClient.java:onNext(255)) - client-E4CEBB479A80->38f0bdbc-1089-4089-b877-2049a2a4e791: receive RaftClientReply:client-E4CEBB479A80->38f0bdbc-1089-4089-b877-2049a2a4e791@group-CCC405646EC7, cid=183, FAILED org.apache.ratis.protocol.NotLeaderException: Server 38f0bdbc-1089-4089-b877-2049a2a4e791 is not the leader (null). Request must be sent to leader., logIndex=0, commits[38f0bdbc-1089-4089-b877-2049a2a4e791:c-1]
2019-08-28 06:33:53,557 | INFO  | SCMAudit | user=jenkins1000 | ip=192.168.34.10 | op=SEND_HEARTBEAT {datanodeUUID=9cd1cf0b-08ae-4d53-8ceb-815e7e017b07, command=[]} | ret=SUCCESS |  
2019-08-28 06:33:53,729 | INFO  | SCMAudit | user=jenkins1000 | ip=192.168.34.10 | op=SEND_HEARTBEAT {datanodeUUID=c5a75e6e-3ba6-4e01-8e6e-e37c55fb7020, command=[]} | ret=SUCCESS |  
2019-08-28 06:33:53,859 | INFO  | SCMAudit | user=jenkins1000 | ip=192.168.34.10 | op=SEND_HEARTBEAT {datanodeUUID=9e09162c-d652-4106-871c-162faebb3aaf, command=[]} | ret=SUCCESS |  
2019-08-28 06:33:53,957 [Thread-3552] INFO  impl.FollowerState (FollowerState.java:run(106)) - 9e09162c-d652-4106-871c-162faebb3aaf:group-607D7D33A370 changes to CANDIDATE, lastRpcTime:5024, electionTimeout:5024ms
2019-08-28 06:33:53,958 [Thread-3552] INFO  impl.RoleInfo (RoleInfo.java:shutdownFollowerState(121)) - 9e09162c-d652-4106-871c-162faebb3aaf: shutdown FollowerState
2019-08-28 06:33:53,958 [Thread-3552] INFO  impl.RaftServerImpl (RaftServerImpl.java:setRole(171)) - 9e09162c-d652-4106-871c-162faebb3aaf:group-607D7D33A370 changes role from FOLLOWER to CANDIDATE at term 0 for changeToCandidate
2019-08-28 06:33:53,958 [Thread-3552] INFO  impl.RoleInfo (RoleInfo.java:updateAndGet(143)) - 9e09162c-d652-4106-871c-162faebb3aaf: start LeaderElection
2019-08-28 06:33:53,969 | INFO  | SCMAudit | user=jenkins1000 | ip=192.168.34.10 | op=SEND_HEARTBEAT {datanodeUUID=38f0bdbc-1089-4089-b877-2049a2a4e791, command=[]} | ret=SUCCESS |  
2019-08-28 06:33:53,982 [9e09162c-d652-4106-871c-162faebb3aaf:group-607D7D33A370:LeaderElection67] INFO  impl.LeaderElection (LeaderElection.java:askForVotes(181)) - 9e09162c-d652-4106-871c-162faebb3aaf:group-607D7D33A370:LeaderElection67: begin an election at term 1 for -1: [9e09162c-d652-4106-871c-162faebb3aaf:192.168.34.10:37220], old=null
2019-08-28 06:33:53,982 [9e09162c-d652-4106-871c-162faebb3aaf:group-607D7D33A370:LeaderElection67] INFO  impl.RoleInfo (RoleInfo.java:shutdownLeaderElection(134)) - 9e09162c-d652-4106-871c-162faebb3aaf: shutdown LeaderElection
2019-08-28 06:33:53,982 [9e09162c-d652-4106-871c-162faebb3aaf:group-607D7D33A370:LeaderElection67] INFO  impl.RaftServerImpl (RaftServerImpl.java:setRole(171)) - 9e09162c-d652-4106-871c-162faebb3aaf:group-607D7D33A370 changes role from CANDIDATE to LEADER at term 1 for changeToLeader
2019-08-28 06:33:53,982 [9e09162c-d652-4106-871c-162faebb3aaf:group-607D7D33A370:LeaderElection67] INFO  impl.RaftServerImpl (ServerState.java:setLeader(263)) - 9e09162c-d652-4106-871c-162faebb3aaf:group-607D7D33A370 change Leader from null to 9e09162c-d652-4106-871c-162faebb3aaf at term 1 for becomeLeader, leader elected after 5054ms
2019-08-28 06:33:53,983 [9e09162c-d652-4106-871c-162faebb3aaf:group-607D7D33A370:LeaderElection67] INFO  server.RaftServerConfigKeys (ConfUtils.java:logGet(43)) - raft.server.staging.catchup.gap = 1000 (default)
2019-08-28 06:33:53,983 [9e09162c-d652-4106-871c-162faebb3aaf:group-607D7D33A370:LeaderElection67] INFO  server.RaftServerConfigKeys (ConfUtils.java:logGet(43)) - raft.server.rpc.sleep.time = 25ms (default)
2019-08-28 06:33:53,983 [9e09162c-d652-4106-871c-162faebb3aaf:group-607D7D33A370:LeaderElection67] INFO  server.RaftServerConfigKeys (ConfUtils.java:logGet(43)) - raft.server.write.element-limit = 4096 (default)
2019-08-28 06:33:53,983 [9e09162c-d652-4106-871c-162faebb3aaf:group-607D7D33A370:LeaderElection67] INFO  server.RaftServerConfigKeys (ConfUtils.java:logGet(43)) - raft.server.watch.timeout = 10s (default)
2019-08-28 06:33:53,983 [9e09162c-d652-4106-871c-162faebb3aaf:group-607D7D33A370:LeaderElection67] INFO  server.RaftServerConfigKeys (ConfUtils.java:logGet(43)) - raft.server.watch.timeout.denomination = 1s (default)
2019-08-28 06:33:53,983 [9e09162c-d652-4106-871c-162faebb3aaf:group-607D7D33A370:LeaderElection67] INFO  server.RaftServerConfigKeys (ConfUtils.java:logGet(43)) - raft.server.watch.element-limit = 65536 (default)
2019-08-28 06:33:53,984 [9e09162c-d652-4106-871c-162faebb3aaf:group-607D7D33A370:LeaderElection67] INFO  impl.RoleInfo (RoleInfo.java:updateAndGet(143)) - 9e09162c-d652-4106-871c-162faebb3aaf: start LeaderState
2019-08-28 06:33:53,984 [9e09162c-d652-4106-871c-162faebb3aaf:group-607D7D33A370:LeaderElection67] INFO  segmented.SegmentedRaftLogWorker (SegmentedRaftLogWorker.java:startLogSegment(380)) - 9e09162c-d652-4106-871c-162faebb3aaf-SegmentedRaftLogWorker:Storage Directory /workdir/hadoop-ozone/integration-test/target/test-dir/MiniOzoneClusterImpl-dfe718bc-bd4c-4c80-9b1d-75633119d19d/datanode-0/data/ratis/582a804d-d671-49c6-aecc-607d7d33a370: Starting segment from index:0
2019-08-28 06:33:53,985 [9e09162c-d652-4106-871c-162faebb3aaf:group-607D7D33A370:LeaderElection67] INFO  impl.RaftServerImpl (ServerState.java:setRaftConf(361)) - 9e09162c-d652-4106-871c-162faebb3aaf:group-607D7D33A370 set configuration 0: [9e09162c-d652-4106-871c-162faebb3aaf:192.168.34.10:37220], old=null at 0
2019-08-28 06:33:54,040 [9e09162c-d652-4106-871c-162faebb3aaf-SegmentedRaftLogWorker:Storage Directory /workdir/hadoop-ozone/integration-test/target/test-dir/MiniOzoneClusterImpl-dfe718bc-bd4c-4c80-9b1d-75633119d19d/datanode-0/data/ratis/582a804d-d671-49c6-aecc-607d7d33a370] INFO  segmented.SegmentedRaftLogWorker (SegmentedRaftLogWorker.java:execute(569)) - 9e09162c-d652-4106-871c-162faebb3aaf-SegmentedRaftLogWorker:Storage Directory /workdir/hadoop-ozone/integration-test/target/test-dir/MiniOzoneClusterImpl-dfe718bc-bd4c-4c80-9b1d-75633119d19d/datanode-0/data/ratis/582a804d-d671-49c6-aecc-607d7d33a370: created new log segment /workdir/hadoop-ozone/integration-test/target/test-dir/MiniOzoneClusterImpl-dfe718bc-bd4c-4c80-9b1d-75633119d19d/datanode-0/data/ratis/582a804d-d671-49c6-aecc-607d7d33a370/current/log_inprogress_0
2019-08-28 06:33:54,181 | INFO  | SCMAudit | user=jenkins1000 | ip=192.168.34.10 | op=SEND_HEARTBEAT {datanodeUUID=37ed6077-b3c7-4ece-80ea-a455fdabd61d, command=[]} | ret=SUCCESS |  
2019-08-28 06:33:54,358 | INFO  | SCMAudit | user=jenkins1000 | ip=192.168.34.10 | op=SEND_HEARTBEAT {datanodeUUID=4aaf653c-c443-4044-b7ad-f4623e7320a2, command=[]} | ret=SUCCESS |  
2019-08-28 06:33:54,366 | INFO  | SCMAudit | user=jenkins1000 | ip=192.168.34.10 | op=SEND_HEARTBEAT {datanodeUUID=9d3a01fd-5b16-441f-ba7a-7e38b292dbb2, command=[]} | ret=SUCCESS |  
2019-08-28 06:33:54,509 [grpc-default-executor-5] INFO  client.GrpcClientProtocolClient (GrpcClientProtocolClient.java:onNext(255)) - client-E4CEBB479A80->c5a75e6e-3ba6-4e01-8e6e-e37c55fb7020: receive RaftClientReply:client-E4CEBB479A80->c5a75e6e-3ba6-4e01-8e6e-e37c55fb7020@group-CCC405646EC7, cid=183, FAILED org.apache.ratis.protocol.NotLeaderException: Server c5a75e6e-3ba6-4e01-8e6e-e37c55fb7020 is not the leader (null). Request must be sent to leader., logIndex=0, commits[c5a75e6e-3ba6-4e01-8e6e-e37c55fb7020:c-1]
2019-08-28 06:33:54,557 | INFO  | SCMAudit | user=jenkins1000 | ip=192.168.34.10 | op=SEND_HEARTBEAT {datanodeUUID=9cd1cf0b-08ae-4d53-8ceb-815e7e017b07, command=[]} | ret=SUCCESS |  
2019-08-28 06:33:54,597 [Thread-3558] INFO  impl.FollowerState (FollowerState.java:run(106)) - 9cd1cf0b-08ae-4d53-8ceb-815e7e017b07:group-56087A97FDBE changes to CANDIDATE, lastRpcTime:5001, electionTimeout:5001ms
2019-08-28 06:33:54,597 [Thread-3558] INFO  impl.RoleInfo (RoleInfo.java:shutdownFollowerState(121)) - 9cd1cf0b-08ae-4d53-8ceb-815e7e017b07: shutdown FollowerState
2019-08-28 06:33:54,598 [Thread-3558] INFO  impl.RaftServerImpl (RaftServerImpl.java:setRole(171)) - 9cd1cf0b-08ae-4d53-8ceb-815e7e017b07:group-56087A97FDBE changes role from FOLLOWER to CANDIDATE at term 0 for changeToCandidate
2019-08-28 06:33:54,598 [Thread-3558] INFO  impl.RoleInfo (RoleInfo.java:updateAndGet(143)) - 9cd1cf0b-08ae-4d53-8ceb-815e7e017b07: start LeaderElection
2019-08-28 06:33:54,601 [Thread-3555] INFO  impl.FollowerState (FollowerState.java:run(106)) - 4aaf653c-c443-4044-b7ad-f4623e7320a2:group-CD0C23525D2A changes to CANDIDATE, lastRpcTime:5193, electionTimeout:5191ms
2019-08-28 06:33:54,603 [Thread-3555] INFO  impl.RoleInfo (RoleInfo.java:shutdownFollowerState(121)) - 4aaf653c-c443-4044-b7ad-f4623e7320a2: shutdown FollowerState
2019-08-28 06:33:54,604 [Thread-3555] INFO  impl.RaftServerImpl (RaftServerImpl.java:setRole(171)) - 4aaf653c-c443-4044-b7ad-f4623e7320a2:group-CD0C23525D2A changes role from FOLLOWER to CANDIDATE at term 0 for changeToCandidate
2019-08-28 06:33:54,604 [Thread-3555] INFO  impl.RoleInfo (RoleInfo.java:updateAndGet(143)) - 4aaf653c-c443-4044-b7ad-f4623e7320a2: start LeaderElection
2019-08-28 06:33:54,617 [4aaf653c-c443-4044-b7ad-f4623e7320a2:group-CD0C23525D2A:LeaderElection69] INFO  impl.LeaderElection (LeaderElection.java:askForVotes(181)) - 4aaf653c-c443-4044-b7ad-f4623e7320a2:group-CD0C23525D2A:LeaderElection69: begin an election at term 1 for -1: [4aaf653c-c443-4044-b7ad-f4623e7320a2:192.168.34.10:38057], old=null
2019-08-28 06:33:54,617 [9cd1cf0b-08ae-4d53-8ceb-815e7e017b07:group-56087A97FDBE:LeaderElection68] INFO  impl.LeaderElection (LeaderElection.java:askForVotes(181)) - 9cd1cf0b-08ae-4d53-8ceb-815e7e017b07:group-56087A97FDBE:LeaderElection68: begin an election at term 1 for -1: [9cd1cf0b-08ae-4d53-8ceb-815e7e017b07:192.168.34.10:36234], old=null
2019-08-28 06:33:54,617 [4aaf653c-c443-4044-b7ad-f4623e7320a2:group-CD0C23525D2A:LeaderElection69] INFO  impl.RoleInfo (RoleInfo.java:shutdownLeaderElection(134)) - 4aaf653c-c443-4044-b7ad-f4623e7320a2: shutdown LeaderElection
2019-08-28 06:33:54,617 [9cd1cf0b-08ae-4d53-8ceb-815e7e017b07:group-56087A97FDBE:LeaderElection68] INFO  impl.RoleInfo (RoleInfo.java:shutdownLeaderElection(134)) - 9cd1cf0b-08ae-4d53-8ceb-815e7e017b07: shutdown LeaderElection
2019-08-28 06:33:54,617 [4aaf653c-c443-4044-b7ad-f4623e7320a2:group-CD0C23525D2A:LeaderElection69] INFO  impl.RaftServerImpl (RaftServerImpl.java:setRole(171)) - 4aaf653c-c443-4044-b7ad-f4623e7320a2:group-CD0C23525D2A changes role from CANDIDATE to LEADER at term 1 for changeToLeader
2019-08-28 06:33:54,617 [9cd1cf0b-08ae-4d53-8ceb-815e7e017b07:group-56087A97FDBE:LeaderElection68] INFO  impl.RaftServerImpl (RaftServerImpl.java:setRole(171)) - 9cd1cf0b-08ae-4d53-8ceb-815e7e017b07:group-56087A97FDBE changes role from CANDIDATE to LEADER at term 1 for changeToLeader
2019-08-28 06:33:54,618 [4aaf653c-c443-4044-b7ad-f4623e7320a2:group-CD0C23525D2A:LeaderElection69] INFO  impl.RaftServerImpl (ServerState.java:setLeader(263)) - 4aaf653c-c443-4044-b7ad-f4623e7320a2:group-CD0C23525D2A change Leader from null to 4aaf653c-c443-4044-b7ad-f4623e7320a2 at term 1 for becomeLeader, leader elected after 5215ms
2019-08-28 06:33:54,618 [9cd1cf0b-08ae-4d53-8ceb-815e7e017b07:group-56087A97FDBE:LeaderElection68] INFO  impl.RaftServerImpl (ServerState.java:setLeader(263)) - 9cd1cf0b-08ae-4d53-8ceb-815e7e017b07:group-56087A97FDBE change Leader from null to 9cd1cf0b-08ae-4d53-8ceb-815e7e017b07 at term 1 for becomeLeader, leader elected after 5025ms
2019-08-28 06:33:54,618 [4aaf653c-c443-4044-b7ad-f4623e7320a2:group-CD0C23525D2A:LeaderElection69] INFO  server.RaftServerConfigKeys (ConfUtils.java:logGet(43)) - raft.server.staging.catchup.gap = 1000 (default)
2019-08-28 06:33:54,618 [9cd1cf0b-08ae-4d53-8ceb-815e7e017b07:group-56087A97FDBE:LeaderElection68] INFO  server.RaftServerConfigKeys (ConfUtils.java:logGet(43)) - raft.server.staging.catchup.gap = 1000 (default)
2019-08-28 06:33:54,618 [4aaf653c-c443-4044-b7ad-f4623e7320a2:group-CD0C23525D2A:LeaderElection69] INFO  server.RaftServerConfigKeys (ConfUtils.java:logGet(43)) - raft.server.rpc.sleep.time = 25ms (default)
2019-08-28 06:33:54,618 [9cd1cf0b-08ae-4d53-8ceb-815e7e017b07:group-56087A97FDBE:LeaderElection68] INFO  server.RaftServerConfigKeys (ConfUtils.java:logGet(43)) - raft.server.rpc.sleep.time = 25ms (default)
2019-08-28 06:33:54,618 [4aaf653c-c443-4044-b7ad-f4623e7320a2:group-CD0C23525D2A:LeaderElection69] INFO  server.RaftServerConfigKeys (ConfUtils.java:logGet(43)) - raft.server.write.element-limit = 4096 (default)
2019-08-28 06:33:54,618 [9cd1cf0b-08ae-4d53-8ceb-815e7e017b07:group-56087A97FDBE:LeaderElection68] INFO  server.RaftServerConfigKeys (ConfUtils.java:logGet(43)) - raft.server.write.element-limit = 4096 (default)
2019-08-28 06:33:54,619 [4aaf653c-c443-4044-b7ad-f4623e7320a2:group-CD0C23525D2A:LeaderElection69] INFO  server.RaftServerConfigKeys (ConfUtils.java:logGet(43)) - raft.server.watch.timeout = 10s (default)
2019-08-28 06:33:54,619 [9cd1cf0b-08ae-4d53-8ceb-815e7e017b07:group-56087A97FDBE:LeaderElection68] INFO  server.RaftServerConfigKeys (ConfUtils.java:logGet(43)) - raft.server.watch.timeout = 10s (default)
2019-08-28 06:33:54,619 [4aaf653c-c443-4044-b7ad-f4623e7320a2:group-CD0C23525D2A:LeaderElection69] INFO  server.RaftServerConfigKeys (ConfUtils.java:logGet(43)) - raft.server.watch.timeout.denomination = 1s (default)
2019-08-28 06:33:54,619 [9cd1cf0b-08ae-4d53-8ceb-815e7e017b07:group-56087A97FDBE:LeaderElection68] INFO  server.RaftServerConfigKeys (ConfUtils.java:logGet(43)) - raft.server.watch.timeout.denomination = 1s (default)
2019-08-28 06:33:54,619 [4aaf653c-c443-4044-b7ad-f4623e7320a2:group-CD0C23525D2A:LeaderElection69] INFO  server.RaftServerConfigKeys (ConfUtils.java:logGet(43)) - raft.server.watch.element-limit = 65536 (default)
2019-08-28 06:33:54,619 [9cd1cf0b-08ae-4d53-8ceb-815e7e017b07:group-56087A97FDBE:LeaderElection68] INFO  server.RaftServerConfigKeys (ConfUtils.java:logGet(43)) - raft.server.watch.element-limit = 65536 (default)
2019-08-28 06:33:54,620 [4aaf653c-c443-4044-b7ad-f4623e7320a2:group-CD0C23525D2A:LeaderElection69] INFO  impl.RoleInfo (RoleInfo.java:updateAndGet(143)) - 4aaf653c-c443-4044-b7ad-f4623e7320a2: start LeaderState
2019-08-28 06:33:54,620 [9cd1cf0b-08ae-4d53-8ceb-815e7e017b07:group-56087A97FDBE:LeaderElection68] INFO  impl.RoleInfo (RoleInfo.java:updateAndGet(143)) - 9cd1cf0b-08ae-4d53-8ceb-815e7e017b07: start LeaderState
2019-08-28 06:33:54,620 [4aaf653c-c443-4044-b7ad-f4623e7320a2:group-CD0C23525D2A:LeaderElection69] INFO  segmented.SegmentedRaftLogWorker (SegmentedRaftLogWorker.java:startLogSegment(380)) - 4aaf653c-c443-4044-b7ad-f4623e7320a2-SegmentedRaftLogWorker:Storage Directory /workdir/hadoop-ozone/integration-test/target/test-dir/MiniOzoneClusterImpl-dfe718bc-bd4c-4c80-9b1d-75633119d19d/datanode-1/data/ratis/04deec7d-4080-4028-b097-cd0c23525d2a: Starting segment from index:0
2019-08-28 06:33:54,620 [9cd1cf0b-08ae-4d53-8ceb-815e7e017b07:group-56087A97FDBE:LeaderElection68] INFO  segmented.SegmentedRaftLogWorker (SegmentedRaftLogWorker.java:startLogSegment(380)) - 9cd1cf0b-08ae-4d53-8ceb-815e7e017b07-SegmentedRaftLogWorker:Storage Directory /workdir/hadoop-ozone/integration-test/target/test-dir/MiniOzoneClusterImpl-dfe718bc-bd4c-4c80-9b1d-75633119d19d/datanode-2/data/ratis/790e2757-df0a-448f-8207-56087a97fdbe: Starting segment from index:0
2019-08-28 06:33:54,620 [4aaf653c-c443-4044-b7ad-f4623e7320a2:group-CD0C23525D2A:LeaderElection69] INFO  impl.RaftServerImpl (ServerState.java:setRaftConf(361)) - 4aaf653c-c443-4044-b7ad-f4623e7320a2:group-CD0C23525D2A set configuration 0: [4aaf653c-c443-4044-b7ad-f4623e7320a2:192.168.34.10:38057], old=null at 0
2019-08-28 06:33:54,659 [9cd1cf0b-08ae-4d53-8ceb-815e7e017b07:group-56087A97FDBE:LeaderElection68] INFO  impl.RaftServerImpl (ServerState.java:setRaftConf(361)) - 9cd1cf0b-08ae-4d53-8ceb-815e7e017b07:group-56087A97FDBE set configuration 0: [9cd1cf0b-08ae-4d53-8ceb-815e7e017b07:192.168.34.10:36234], old=null at 0
2019-08-28 06:33:54,671 [9cd1cf0b-08ae-4d53-8ceb-815e7e017b07-SegmentedRaftLogWorker:Storage Directory /workdir/hadoop-ozone/integration-test/target/test-dir/MiniOzoneClusterImpl-dfe718bc-bd4c-4c80-9b1d-75633119d19d/datanode-2/data/ratis/790e2757-df0a-448f-8207-56087a97fdbe] INFO  segmented.SegmentedRaftLogWorker (SegmentedRaftLogWorker.java:execute(569)) - 9cd1cf0b-08ae-4d53-8ceb-815e7e017b07-SegmentedRaftLogWorker:Storage Directory /workdir/hadoop-ozone/integration-test/target/test-dir/MiniOzoneClusterImpl-dfe718bc-bd4c-4c80-9b1d-75633119d19d/datanode-2/data/ratis/790e2757-df0a-448f-8207-56087a97fdbe: created new log segment /workdir/hadoop-ozone/integration-test/target/test-dir/MiniOzoneClusterImpl-dfe718bc-bd4c-4c80-9b1d-75633119d19d/datanode-2/data/ratis/790e2757-df0a-448f-8207-56087a97fdbe/current/log_inprogress_0
2019-08-28 06:33:54,671 [4aaf653c-c443-4044-b7ad-f4623e7320a2-SegmentedRaftLogWorker:Storage Directory /workdir/hadoop-ozone/integration-test/target/test-dir/MiniOzoneClusterImpl-dfe718bc-bd4c-4c80-9b1d-75633119d19d/datanode-1/data/ratis/04deec7d-4080-4028-b097-cd0c23525d2a] INFO  segmented.SegmentedRaftLogWorker (SegmentedRaftLogWorker.java:execute(569)) - 4aaf653c-c443-4044-b7ad-f4623e7320a2-SegmentedRaftLogWorker:Storage Directory /workdir/hadoop-ozone/integration-test/target/test-dir/MiniOzoneClusterImpl-dfe718bc-bd4c-4c80-9b1d-75633119d19d/datanode-1/data/ratis/04deec7d-4080-4028-b097-cd0c23525d2a: created new log segment /workdir/hadoop-ozone/integration-test/target/test-dir/MiniOzoneClusterImpl-dfe718bc-bd4c-4c80-9b1d-75633119d19d/datanode-1/data/ratis/04deec7d-4080-4028-b097-cd0c23525d2a/current/log_inprogress_0
2019-08-28 06:33:54,682 [Thread-3564] INFO  impl.FollowerState (FollowerState.java:run(106)) - 9cd1cf0b-08ae-4d53-8ceb-815e7e017b07:group-1E1E5B07B143 changes to CANDIDATE, lastRpcTime:5005, electionTimeout:5005ms
2019-08-28 06:33:54,682 [Thread-3564] INFO  impl.RoleInfo (RoleInfo.java:shutdownFollowerState(121)) - 9cd1cf0b-08ae-4d53-8ceb-815e7e017b07: shutdown FollowerState
2019-08-28 06:33:54,682 [Thread-3564] INFO  impl.RaftServerImpl (RaftServerImpl.java:setRole(171)) - 9cd1cf0b-08ae-4d53-8ceb-815e7e017b07:group-1E1E5B07B143 changes role from FOLLOWER to CANDIDATE at term 0 for changeToCandidate
2019-08-28 06:33:54,683 [Thread-3564] INFO  impl.RoleInfo (RoleInfo.java:updateAndGet(143)) - 9cd1cf0b-08ae-4d53-8ceb-815e7e017b07: start LeaderElection
2019-08-28 06:33:54,728 | INFO  | SCMAudit | user=jenkins1000 | ip=192.168.34.10 | op=SEND_HEARTBEAT {datanodeUUID=c5a75e6e-3ba6-4e01-8e6e-e37c55fb7020, command=[]} | ret=SUCCESS |  
2019-08-28 06:33:54,740 [9cd1cf0b-08ae-4d53-8ceb-815e7e017b07:group-1E1E5B07B143:LeaderElection70] INFO  impl.LeaderElection (LeaderElection.java:askForVotes(181)) - 9cd1cf0b-08ae-4d53-8ceb-815e7e017b07:group-1E1E5B07B143:LeaderElection70: begin an election at term 1 for -1: [9cd1cf0b-08ae-4d53-8ceb-815e7e017b07:192.168.34.10:36234, 9e09162c-d652-4106-871c-162faebb3aaf:192.168.34.10:37220, 4aaf653c-c443-4044-b7ad-f4623e7320a2:192.168.34.10:38057], old=null
2019-08-28 06:33:54,744 [grpc-default-executor-5] INFO  impl.RaftServerImpl (RaftServerImpl.java:setRole(171)) - 9e09162c-d652-4106-871c-162faebb3aaf:group-1E1E5B07B143 changes role from FOLLOWER to FOLLOWER at term 1 for recognizeCandidate:9cd1cf0b-08ae-4d53-8ceb-815e7e017b07
2019-08-28 06:33:54,744 [grpc-default-executor-8] INFO  impl.RaftServerImpl (RaftServerImpl.java:setRole(171)) - 4aaf653c-c443-4044-b7ad-f4623e7320a2:group-1E1E5B07B143 changes role from FOLLOWER to FOLLOWER at term 1 for recognizeCandidate:9cd1cf0b-08ae-4d53-8ceb-815e7e017b07
2019-08-28 06:33:54,744 [grpc-default-executor-5] INFO  impl.RoleInfo (RoleInfo.java:shutdownFollowerState(121)) - 9e09162c-d652-4106-871c-162faebb3aaf: shutdown FollowerState
2019-08-28 06:33:54,745 [grpc-default-executor-8] INFO  impl.RoleInfo (RoleInfo.java:shutdownFollowerState(121)) - 4aaf653c-c443-4044-b7ad-f4623e7320a2: shutdown FollowerState
2019-08-28 06:33:54,745 [grpc-default-executor-5] INFO  impl.RoleInfo (RoleInfo.java:updateAndGet(143)) - 9e09162c-d652-4106-871c-162faebb3aaf: start FollowerState
2019-08-28 06:33:54,745 [Thread-3566] INFO  impl.FollowerState (FollowerState.java:run(114)) - 4aaf653c-c443-4044-b7ad-f4623e7320a2: FollowerState was interrupted: java.lang.InterruptedException: sleep interrupted
2019-08-28 06:33:54,745 [grpc-default-executor-8] INFO  impl.RoleInfo (RoleInfo.java:updateAndGet(143)) - 4aaf653c-c443-4044-b7ad-f4623e7320a2: start FollowerState
2019-08-28 06:33:54,745 [Thread-3561] INFO  impl.FollowerState (FollowerState.java:run(114)) - 9e09162c-d652-4106-871c-162faebb3aaf: FollowerState was interrupted: java.lang.InterruptedException: sleep interrupted
2019-08-28 06:33:54,769 [9cd1cf0b-08ae-4d53-8ceb-815e7e017b07:group-1E1E5B07B143:LeaderElection70] INFO  impl.LeaderElection (LeaderElection.java:logAndReturn(56)) - 9cd1cf0b-08ae-4d53-8ceb-815e7e017b07:group-1E1E5B07B143:LeaderElection70: Election PASSED; received 1 response(s) [9cd1cf0b-08ae-4d53-8ceb-815e7e017b07<-9e09162c-d652-4106-871c-162faebb3aaf#0:OK-t1] and 0 exception(s); 9cd1cf0b-08ae-4d53-8ceb-815e7e017b07:t1, leader=null, voted=9cd1cf0b-08ae-4d53-8ceb-815e7e017b07, raftlog=9cd1cf0b-08ae-4d53-8ceb-815e7e017b07-SegmentedRaftLog:OPENED:c-1,f-1,i0, conf=-1: [9cd1cf0b-08ae-4d53-8ceb-815e7e017b07:192.168.34.10:36234, 9e09162c-d652-4106-871c-162faebb3aaf:192.168.34.10:37220, 4aaf653c-c443-4044-b7ad-f4623e7320a2:192.168.34.10:38057], old=null
2019-08-28 06:33:54,769 [9cd1cf0b-08ae-4d53-8ceb-815e7e017b07:group-1E1E5B07B143:LeaderElection70] INFO  impl.RoleInfo (RoleInfo.java:shutdownLeaderElection(134)) - 9cd1cf0b-08ae-4d53-8ceb-815e7e017b07: shutdown LeaderElection
2019-08-28 06:33:54,770 [9cd1cf0b-08ae-4d53-8ceb-815e7e017b07:group-1E1E5B07B143:LeaderElection70] INFO  impl.RaftServerImpl (RaftServerImpl.java:setRole(171)) - 9cd1cf0b-08ae-4d53-8ceb-815e7e017b07:group-1E1E5B07B143 changes role from CANDIDATE to LEADER at term 1 for changeToLeader
2019-08-28 06:33:54,770 [9cd1cf0b-08ae-4d53-8ceb-815e7e017b07:group-1E1E5B07B143:LeaderElection70] INFO  impl.RaftServerImpl (ServerState.java:setLeader(263)) - 9cd1cf0b-08ae-4d53-8ceb-815e7e017b07:group-1E1E5B07B143 change Leader from null to 9cd1cf0b-08ae-4d53-8ceb-815e7e017b07 at term 1 for becomeLeader, leader elected after 5128ms
2019-08-28 06:33:54,770 [9cd1cf0b-08ae-4d53-8ceb-815e7e017b07:group-1E1E5B07B143:LeaderElection70] INFO  server.RaftServerConfigKeys (ConfUtils.java:logGet(43)) - raft.server.staging.catchup.gap = 1000 (default)
2019-08-28 06:33:54,770 [9cd1cf0b-08ae-4d53-8ceb-815e7e017b07:group-1E1E5B07B143:LeaderElection70] INFO  server.RaftServerConfigKeys (ConfUtils.java:logGet(43)) - raft.server.rpc.sleep.time = 25ms (default)
2019-08-28 06:33:54,770 [9cd1cf0b-08ae-4d53-8ceb-815e7e017b07:group-1E1E5B07B143:LeaderElection70] INFO  server.RaftServerConfigKeys (ConfUtils.java:logGet(43)) - raft.server.write.element-limit = 4096 (default)
2019-08-28 06:33:54,770 [9cd1cf0b-08ae-4d53-8ceb-815e7e017b07:group-1E1E5B07B143:LeaderElection70] INFO  server.RaftServerConfigKeys (ConfUtils.java:logGet(43)) - raft.server.watch.timeout = 10s (default)
2019-08-28 06:33:54,770 [9cd1cf0b-08ae-4d53-8ceb-815e7e017b07:group-1E1E5B07B143:LeaderElection70] INFO  server.RaftServerConfigKeys (ConfUtils.java:logGet(43)) - raft.server.watch.timeout.denomination = 1s (default)
2019-08-28 06:33:54,771 [9cd1cf0b-08ae-4d53-8ceb-815e7e017b07:group-1E1E5B07B143:LeaderElection70] INFO  server.RaftServerConfigKeys (ConfUtils.java:logGet(43)) - raft.server.watch.element-limit = 65536 (default)
2019-08-28 06:33:54,771 [9cd1cf0b-08ae-4d53-8ceb-815e7e017b07:group-1E1E5B07B143:LeaderElection70] INFO  server.RaftServerConfigKeys (ConfUtils.java:logGet(43)) - raft.server.log.appender.snapshot.chunk.size.max = 16MB (=16777216) (default)
2019-08-28 06:33:54,771 [9cd1cf0b-08ae-4d53-8ceb-815e7e017b07:group-1E1E5B07B143:LeaderElection70] INFO  server.RaftServerConfigKeys (ConfUtils.java:logGet(43)) - raft.server.log.appender.buffer.byte-limit = 33554432 (custom)
2019-08-28 06:33:54,771 [9cd1cf0b-08ae-4d53-8ceb-815e7e017b07:group-1E1E5B07B143:LeaderElection70] INFO  server.RaftServerConfigKeys (ConfUtils.java:logGet(43)) - raft.server.log.appender.buffer.element-limit = 1 (custom)
2019-08-28 06:33:54,772 [9cd1cf0b-08ae-4d53-8ceb-815e7e017b07:group-1E1E5B07B143:LeaderElection70] INFO  grpc.GrpcConfigKeys$Server (ConfUtils.java:logGet(43)) - raft.grpc.server.leader.outstanding.appends.max = 128 (default)
2019-08-28 06:33:54,772 [9cd1cf0b-08ae-4d53-8ceb-815e7e017b07:group-1E1E5B07B143:LeaderElection70] INFO  server.RaftServerConfigKeys (ConfUtils.java:logGet(43)) - raft.server.rpc.request.timeout = 3000ms (default)
2019-08-28 06:33:54,772 [9cd1cf0b-08ae-4d53-8ceb-815e7e017b07:group-1E1E5B07B143:LeaderElection70] INFO  server.RaftServerConfigKeys (ConfUtils.java:logGet(43)) - raft.server.log.appender.install.snapshot.enabled = false (custom)
2019-08-28 06:33:54,772 [9cd1cf0b-08ae-4d53-8ceb-815e7e017b07:group-1E1E5B07B143:LeaderElection70] INFO  server.RaftServerConfigKeys (ConfUtils.java:logGet(43)) - raft.server.log.appender.snapshot.chunk.size.max = 16MB (=16777216) (default)
2019-08-28 06:33:54,772 [9cd1cf0b-08ae-4d53-8ceb-815e7e017b07:group-1E1E5B07B143:LeaderElection70] INFO  server.RaftServerConfigKeys (ConfUtils.java:logGet(43)) - raft.server.log.appender.buffer.byte-limit = 33554432 (custom)
2019-08-28 06:33:54,773 [9cd1cf0b-08ae-4d53-8ceb-815e7e017b07:group-1E1E5B07B143:LeaderElection70] INFO  server.RaftServerConfigKeys (ConfUtils.java:logGet(43)) - raft.server.log.appender.buffer.element-limit = 1 (custom)
2019-08-28 06:33:54,773 [9cd1cf0b-08ae-4d53-8ceb-815e7e017b07:group-1E1E5B07B143:LeaderElection70] INFO  grpc.GrpcConfigKeys$Server (ConfUtils.java:logGet(43)) - raft.grpc.server.leader.outstanding.appends.max = 128 (default)
2019-08-28 06:33:54,773 [9cd1cf0b-08ae-4d53-8ceb-815e7e017b07:group-1E1E5B07B143:LeaderElection70] INFO  server.RaftServerConfigKeys (ConfUtils.java:logGet(43)) - raft.server.rpc.request.timeout = 3000ms (default)
2019-08-28 06:33:54,773 [9cd1cf0b-08ae-4d53-8ceb-815e7e017b07:group-1E1E5B07B143:LeaderElection70] INFO  server.RaftServerConfigKeys (ConfUtils.java:logGet(43)) - raft.server.log.appender.install.snapshot.enabled = false (custom)
2019-08-28 06:33:54,773 [9cd1cf0b-08ae-4d53-8ceb-815e7e017b07:group-1E1E5B07B143:LeaderElection70] INFO  impl.RoleInfo (RoleInfo.java:updateAndGet(143)) - 9cd1cf0b-08ae-4d53-8ceb-815e7e017b07: start LeaderState
2019-08-28 06:33:54,774 [9cd1cf0b-08ae-4d53-8ceb-815e7e017b07:group-1E1E5B07B143:LeaderElection70] INFO  segmented.SegmentedRaftLogWorker (SegmentedRaftLogWorker.java:startLogSegment(380)) - 9cd1cf0b-08ae-4d53-8ceb-815e7e017b07-SegmentedRaftLogWorker:Storage Directory /workdir/hadoop-ozone/integration-test/target/test-dir/MiniOzoneClusterImpl-dfe718bc-bd4c-4c80-9b1d-75633119d19d/datanode-2/data/ratis/21e5a585-efcb-49d2-8d06-1e1e5b07b143: Starting segment from index:0
2019-08-28 06:33:54,774 [9cd1cf0b-08ae-4d53-8ceb-815e7e017b07:group-1E1E5B07B143:LeaderElection70] INFO  impl.RaftServerImpl (ServerState.java:setRaftConf(361)) - 9cd1cf0b-08ae-4d53-8ceb-815e7e017b07:group-1E1E5B07B143 set configuration 0: [9cd1cf0b-08ae-4d53-8ceb-815e7e017b07:192.168.34.10:36234, 9e09162c-d652-4106-871c-162faebb3aaf:192.168.34.10:37220, 4aaf653c-c443-4044-b7ad-f4623e7320a2:192.168.34.10:38057], old=null at 0
2019-08-28 06:33:54,806 [grpc-default-executor-5] INFO  impl.RaftServerImpl (ServerState.java:setLeader(263)) - 9e09162c-d652-4106-871c-162faebb3aaf:group-1E1E5B07B143 change Leader from null to 9cd1cf0b-08ae-4d53-8ceb-815e7e017b07 at term 1 for appendEntries, leader elected after 5164ms
2019-08-28 06:33:54,806 [grpc-default-executor-8] INFO  impl.RaftServerImpl (ServerState.java:setLeader(263)) - 4aaf653c-c443-4044-b7ad-f4623e7320a2:group-1E1E5B07B143 change Leader from null to 9cd1cf0b-08ae-4d53-8ceb-815e7e017b07 at term 1 for appendEntries, leader elected after 5165ms
2019-08-28 06:33:54,817 [9cd1cf0b-08ae-4d53-8ceb-815e7e017b07-SegmentedRaftLogWorker:Storage Directory /workdir/hadoop-ozone/integration-test/target/test-dir/MiniOzoneClusterImpl-dfe718bc-bd4c-4c80-9b1d-75633119d19d/datanode-2/data/ratis/21e5a585-efcb-49d2-8d06-1e1e5b07b143] INFO  segmented.SegmentedRaftLogWorker (SegmentedRaftLogWorker.java:execute(569)) - 9cd1cf0b-08ae-4d53-8ceb-815e7e017b07-SegmentedRaftLogWorker:Storage Directory /workdir/hadoop-ozone/integration-test/target/test-dir/MiniOzoneClusterImpl-dfe718bc-bd4c-4c80-9b1d-75633119d19d/datanode-2/data/ratis/21e5a585-efcb-49d2-8d06-1e1e5b07b143: created new log segment /workdir/hadoop-ozone/integration-test/target/test-dir/MiniOzoneClusterImpl-dfe718bc-bd4c-4c80-9b1d-75633119d19d/datanode-2/data/ratis/21e5a585-efcb-49d2-8d06-1e1e5b07b143/current/log_inprogress_0
2019-08-28 06:33:54,820 [grpc-default-executor-8] INFO  impl.RaftServerImpl (ServerState.java:setRaftConf(361)) - 9e09162c-d652-4106-871c-162faebb3aaf:group-1E1E5B07B143 set configuration 0: [9cd1cf0b-08ae-4d53-8ceb-815e7e017b07:192.168.34.10:36234, 9e09162c-d652-4106-871c-162faebb3aaf:192.168.34.10:37220, 4aaf653c-c443-4044-b7ad-f4623e7320a2:192.168.34.10:38057], old=null at 0
2019-08-28 06:33:54,823 [grpc-default-executor-5] INFO  impl.RaftServerImpl (ServerState.java:setRaftConf(361)) - 4aaf653c-c443-4044-b7ad-f4623e7320a2:group-1E1E5B07B143 set configuration 0: [9cd1cf0b-08ae-4d53-8ceb-815e7e017b07:192.168.34.10:36234, 9e09162c-d652-4106-871c-162faebb3aaf:192.168.34.10:37220, 4aaf653c-c443-4044-b7ad-f4623e7320a2:192.168.34.10:38057], old=null at 0
2019-08-28 06:33:54,823 [grpc-default-executor-8] INFO  segmented.SegmentedRaftLogWorker (SegmentedRaftLogWorker.java:startLogSegment(380)) - 9e09162c-d652-4106-871c-162faebb3aaf-SegmentedRaftLogWorker:Storage Directory /workdir/hadoop-ozone/integration-test/target/test-dir/MiniOzoneClusterImpl-dfe718bc-bd4c-4c80-9b1d-75633119d19d/datanode-0/data/ratis/21e5a585-efcb-49d2-8d06-1e1e5b07b143: Starting segment from index:0
2019-08-28 06:33:54,823 [grpc-default-executor-5] INFO  segmented.SegmentedRaftLogWorker (SegmentedRaftLogWorker.java:startLogSegment(380)) - 4aaf653c-c443-4044-b7ad-f4623e7320a2-SegmentedRaftLogWorker:Storage Directory /workdir/hadoop-ozone/integration-test/target/test-dir/MiniOzoneClusterImpl-dfe718bc-bd4c-4c80-9b1d-75633119d19d/datanode-1/data/ratis/21e5a585-efcb-49d2-8d06-1e1e5b07b143: Starting segment from index:0
2019-08-28 06:33:54,855 [Thread-3570] INFO  impl.FollowerState (FollowerState.java:run(106)) - c5a75e6e-3ba6-4e01-8e6e-e37c55fb7020:group-907B3AE99065 changes to CANDIDATE, lastRpcTime:5085, electionTimeout:5085ms
2019-08-28 06:33:54,855 [Thread-3570] INFO  impl.RoleInfo (RoleInfo.java:shutdownFollowerState(121)) - c5a75e6e-3ba6-4e01-8e6e-e37c55fb7020: shutdown FollowerState
2019-08-28 06:33:54,856 [Thread-3570] INFO  impl.RaftServerImpl (RaftServerImpl.java:setRole(171)) - c5a75e6e-3ba6-4e01-8e6e-e37c55fb7020:group-907B3AE99065 changes role from FOLLOWER to CANDIDATE at term 0 for changeToCandidate
2019-08-28 06:33:54,856 [Thread-3570] INFO  impl.RoleInfo (RoleInfo.java:updateAndGet(143)) - c5a75e6e-3ba6-4e01-8e6e-e37c55fb7020: start LeaderElection
2019-08-28 06:33:54,863 | INFO  | SCMAudit | user=jenkins1000 | ip=192.168.34.10 | op=SEND_HEARTBEAT {datanodeUUID=9e09162c-d652-4106-871c-162faebb3aaf, command=[]} | ret=SUCCESS |  
2019-08-28 06:33:54,874 [9e09162c-d652-4106-871c-162faebb3aaf-SegmentedRaftLogWorker:Storage Directory /workdir/hadoop-ozone/integration-test/target/test-dir/MiniOzoneClusterImpl-dfe718bc-bd4c-4c80-9b1d-75633119d19d/datanode-0/data/ratis/21e5a585-efcb-49d2-8d06-1e1e5b07b143] INFO  segmented.SegmentedRaftLogWorker (SegmentedRaftLogWorker.java:execute(569)) - 9e09162c-d652-4106-871c-162faebb3aaf-SegmentedRaftLogWorker:Storage Directory /workdir/hadoop-ozone/integration-test/target/test-dir/MiniOzoneClusterImpl-dfe718bc-bd4c-4c80-9b1d-75633119d19d/datanode-0/data/ratis/21e5a585-efcb-49d2-8d06-1e1e5b07b143: created new log segment /workdir/hadoop-ozone/integration-test/target/test-dir/MiniOzoneClusterImpl-dfe718bc-bd4c-4c80-9b1d-75633119d19d/datanode-0/data/ratis/21e5a585-efcb-49d2-8d06-1e1e5b07b143/current/log_inprogress_0
2019-08-28 06:33:54,874 [c5a75e6e-3ba6-4e01-8e6e-e37c55fb7020:group-907B3AE99065:LeaderElection71] INFO  impl.LeaderElection (LeaderElection.java:askForVotes(181)) - c5a75e6e-3ba6-4e01-8e6e-e37c55fb7020:group-907B3AE99065:LeaderElection71: begin an election at term 1 for -1: [c5a75e6e-3ba6-4e01-8e6e-e37c55fb7020:192.168.34.10:36884], old=null
2019-08-28 06:33:54,874 [4aaf653c-c443-4044-b7ad-f4623e7320a2-SegmentedRaftLogWorker:Storage Directory /workdir/hadoop-ozone/integration-test/target/test-dir/MiniOzoneClusterImpl-dfe718bc-bd4c-4c80-9b1d-75633119d19d/datanode-1/data/ratis/21e5a585-efcb-49d2-8d06-1e1e5b07b143] INFO  segmented.SegmentedRaftLogWorker (SegmentedRaftLogWorker.java:execute(569)) - 4aaf653c-c443-4044-b7ad-f4623e7320a2-SegmentedRaftLogWorker:Storage Directory /workdir/hadoop-ozone/integration-test/target/test-dir/MiniOzoneClusterImpl-dfe718bc-bd4c-4c80-9b1d-75633119d19d/datanode-1/data/ratis/21e5a585-efcb-49d2-8d06-1e1e5b07b143: created new log segment /workdir/hadoop-ozone/integration-test/target/test-dir/MiniOzoneClusterImpl-dfe718bc-bd4c-4c80-9b1d-75633119d19d/datanode-1/data/ratis/21e5a585-efcb-49d2-8d06-1e1e5b07b143/current/log_inprogress_0
2019-08-28 06:33:54,874 [c5a75e6e-3ba6-4e01-8e6e-e37c55fb7020:group-907B3AE99065:LeaderElection71] INFO  impl.RoleInfo (RoleInfo.java:shutdownLeaderElection(134)) - c5a75e6e-3ba6-4e01-8e6e-e37c55fb7020: shutdown LeaderElection
2019-08-28 06:33:54,875 [c5a75e6e-3ba6-4e01-8e6e-e37c55fb7020:group-907B3AE99065:LeaderElection71] INFO  impl.RaftServerImpl (RaftServerImpl.java:setRole(171)) - c5a75e6e-3ba6-4e01-8e6e-e37c55fb7020:group-907B3AE99065 changes role from CANDIDATE to LEADER at term 1 for changeToLeader
2019-08-28 06:33:54,875 [c5a75e6e-3ba6-4e01-8e6e-e37c55fb7020:group-907B3AE99065:LeaderElection71] INFO  impl.RaftServerImpl (ServerState.java:setLeader(263)) - c5a75e6e-3ba6-4e01-8e6e-e37c55fb7020:group-907B3AE99065 change Leader from null to c5a75e6e-3ba6-4e01-8e6e-e37c55fb7020 at term 1 for becomeLeader, leader elected after 5108ms
2019-08-28 06:33:54,875 [c5a75e6e-3ba6-4e01-8e6e-e37c55fb7020:group-907B3AE99065:LeaderElection71] INFO  server.RaftServerConfigKeys (ConfUtils.java:logGet(43)) - raft.server.staging.catchup.gap = 1000 (default)
2019-08-28 06:33:54,875 [c5a75e6e-3ba6-4e01-8e6e-e37c55fb7020:group-907B3AE99065:LeaderElection71] INFO  server.RaftServerConfigKeys (ConfUtils.java:logGet(43)) - raft.server.rpc.sleep.time = 25ms (default)
2019-08-28 06:33:54,875 [c5a75e6e-3ba6-4e01-8e6e-e37c55fb7020:group-907B3AE99065:LeaderElection71] INFO  server.RaftServerConfigKeys (ConfUtils.java:logGet(43)) - raft.server.write.element-limit = 4096 (default)
2019-08-28 06:33:54,875 [c5a75e6e-3ba6-4e01-8e6e-e37c55fb7020:group-907B3AE99065:LeaderElection71] INFO  server.RaftServerConfigKeys (ConfUtils.java:logGet(43)) - raft.server.watch.timeout = 10s (default)
2019-08-28 06:33:54,875 [c5a75e6e-3ba6-4e01-8e6e-e37c55fb7020:group-907B3AE99065:LeaderElection71] INFO  server.RaftServerConfigKeys (ConfUtils.java:logGet(43)) - raft.server.watch.timeout.denomination = 1s (default)
2019-08-28 06:33:54,875 [c5a75e6e-3ba6-4e01-8e6e-e37c55fb7020:group-907B3AE99065:LeaderElection71] INFO  server.RaftServerConfigKeys (ConfUtils.java:logGet(43)) - raft.server.watch.element-limit = 65536 (default)
2019-08-28 06:33:54,876 [c5a75e6e-3ba6-4e01-8e6e-e37c55fb7020:group-907B3AE99065:LeaderElection71] INFO  impl.RoleInfo (RoleInfo.java:updateAndGet(143)) - c5a75e6e-3ba6-4e01-8e6e-e37c55fb7020: start LeaderState
2019-08-28 06:33:54,876 [c5a75e6e-3ba6-4e01-8e6e-e37c55fb7020:group-907B3AE99065:LeaderElection71] INFO  segmented.SegmentedRaftLogWorker (SegmentedRaftLogWorker.java:startLogSegment(380)) - c5a75e6e-3ba6-4e01-8e6e-e37c55fb7020-SegmentedRaftLogWorker:Storage Directory /workdir/hadoop-ozone/integration-test/target/test-dir/MiniOzoneClusterImpl-dfe718bc-bd4c-4c80-9b1d-75633119d19d/datanode-3/data/ratis/da106eaf-e2c9-4dfc-a517-907b3ae99065: Starting segment from index:0
2019-08-28 06:33:54,876 [c5a75e6e-3ba6-4e01-8e6e-e37c55fb7020:group-907B3AE99065:LeaderElection71] INFO  impl.RaftServerImpl (ServerState.java:setRaftConf(361)) - c5a75e6e-3ba6-4e01-8e6e-e37c55fb7020:group-907B3AE99065 set configuration 0: [c5a75e6e-3ba6-4e01-8e6e-e37c55fb7020:192.168.34.10:36884], old=null at 0
2019-08-28 06:33:54,923 [c5a75e6e-3ba6-4e01-8e6e-e37c55fb7020-SegmentedRaftLogWorker:Storage Directory /workdir/hadoop-ozone/integration-test/target/test-dir/MiniOzoneClusterImpl-dfe718bc-bd4c-4c80-9b1d-75633119d19d/datanode-3/data/ratis/da106eaf-e2c9-4dfc-a517-907b3ae99065] INFO  segmented.SegmentedRaftLogWorker (SegmentedRaftLogWorker.java:execute(569)) - c5a75e6e-3ba6-4e01-8e6e-e37c55fb7020-SegmentedRaftLogWorker:Storage Directory /workdir/hadoop-ozone/integration-test/target/test-dir/MiniOzoneClusterImpl-dfe718bc-bd4c-4c80-9b1d-75633119d19d/datanode-3/data/ratis/da106eaf-e2c9-4dfc-a517-907b3ae99065: created new log segment /workdir/hadoop-ozone/integration-test/target/test-dir/MiniOzoneClusterImpl-dfe718bc-bd4c-4c80-9b1d-75633119d19d/datanode-3/data/ratis/da106eaf-e2c9-4dfc-a517-907b3ae99065/current/log_inprogress_0
2019-08-28 06:33:54,968 | INFO  | SCMAudit | user=jenkins1000 | ip=192.168.34.10 | op=SEND_HEARTBEAT {datanodeUUID=38f0bdbc-1089-4089-b877-2049a2a4e791, command=[]} | ret=SUCCESS |  
2019-08-28 06:33:55,180 | INFO  | SCMAudit | user=jenkins1000 | ip=192.168.34.10 | op=SEND_HEARTBEAT {datanodeUUID=37ed6077-b3c7-4ece-80ea-a455fdabd61d, command=[]} | ret=SUCCESS |  
2019-08-28 06:33:55,194 [Thread-3573] INFO  impl.FollowerState (FollowerState.java:run(106)) - 38f0bdbc-1089-4089-b877-2049a2a4e791:group-63BC674290EC changes to CANDIDATE, lastRpcTime:5183, electionTimeout:5183ms
2019-08-28 06:33:55,195 [Thread-3573] INFO  impl.RoleInfo (RoleInfo.java:shutdownFollowerState(121)) - 38f0bdbc-1089-4089-b877-2049a2a4e791: shutdown FollowerState
2019-08-28 06:33:55,195 [Thread-3573] INFO  impl.RaftServerImpl (RaftServerImpl.java:setRole(171)) - 38f0bdbc-1089-4089-b877-2049a2a4e791:group-63BC674290EC changes role from FOLLOWER to CANDIDATE at term 0 for changeToCandidate
2019-08-28 06:33:55,195 [Thread-3573] INFO  impl.RoleInfo (RoleInfo.java:updateAndGet(143)) - 38f0bdbc-1089-4089-b877-2049a2a4e791: start LeaderElection
2019-08-28 06:33:55,216 [38f0bdbc-1089-4089-b877-2049a2a4e791:group-63BC674290EC:LeaderElection72] INFO  impl.LeaderElection (LeaderElection.java:askForVotes(181)) - 38f0bdbc-1089-4089-b877-2049a2a4e791:group-63BC674290EC:LeaderElection72: begin an election at term 1 for -1: [38f0bdbc-1089-4089-b877-2049a2a4e791:192.168.34.10:43949], old=null
2019-08-28 06:33:55,217 [38f0bdbc-1089-4089-b877-2049a2a4e791:group-63BC674290EC:LeaderElection72] INFO  impl.RoleInfo (RoleInfo.java:shutdownLeaderElection(134)) - 38f0bdbc-1089-4089-b877-2049a2a4e791: shutdown LeaderElection
2019-08-28 06:33:55,217 [38f0bdbc-1089-4089-b877-2049a2a4e791:group-63BC674290EC:LeaderElection72] INFO  impl.RaftServerImpl (RaftServerImpl.java:setRole(171)) - 38f0bdbc-1089-4089-b877-2049a2a4e791:group-63BC674290EC changes role from CANDIDATE to LEADER at term 1 for changeToLeader
2019-08-28 06:33:55,217 [38f0bdbc-1089-4089-b877-2049a2a4e791:group-63BC674290EC:LeaderElection72] INFO  impl.RaftServerImpl (ServerState.java:setLeader(263)) - 38f0bdbc-1089-4089-b877-2049a2a4e791:group-63BC674290EC change Leader from null to 38f0bdbc-1089-4089-b877-2049a2a4e791 at term 1 for becomeLeader, leader elected after 5210ms
2019-08-28 06:33:55,217 [38f0bdbc-1089-4089-b877-2049a2a4e791:group-63BC674290EC:LeaderElection72] INFO  server.RaftServerConfigKeys (ConfUtils.java:logGet(43)) - raft.server.staging.catchup.gap = 1000 (default)
2019-08-28 06:33:55,217 [38f0bdbc-1089-4089-b877-2049a2a4e791:group-63BC674290EC:LeaderElection72] INFO  server.RaftServerConfigKeys (ConfUtils.java:logGet(43)) - raft.server.rpc.sleep.time = 25ms (default)
2019-08-28 06:33:55,218 [38f0bdbc-1089-4089-b877-2049a2a4e791:group-63BC674290EC:LeaderElection72] INFO  server.RaftServerConfigKeys (ConfUtils.java:logGet(43)) - raft.server.write.element-limit = 4096 (default)
2019-08-28 06:33:55,218 [38f0bdbc-1089-4089-b877-2049a2a4e791:group-63BC674290EC:LeaderElection72] INFO  server.RaftServerConfigKeys (ConfUtils.java:logGet(43)) - raft.server.watch.timeout = 10s (default)
2019-08-28 06:33:55,218 [38f0bdbc-1089-4089-b877-2049a2a4e791:group-63BC674290EC:LeaderElection72] INFO  server.RaftServerConfigKeys (ConfUtils.java:logGet(43)) - raft.server.watch.timeout.denomination = 1s (default)
2019-08-28 06:33:55,218 [38f0bdbc-1089-4089-b877-2049a2a4e791:group-63BC674290EC:LeaderElection72] INFO  server.RaftServerConfigKeys (ConfUtils.java:logGet(43)) - raft.server.watch.element-limit = 65536 (default)
2019-08-28 06:33:55,218 [38f0bdbc-1089-4089-b877-2049a2a4e791:group-63BC674290EC:LeaderElection72] INFO  impl.RoleInfo (RoleInfo.java:updateAndGet(143)) - 38f0bdbc-1089-4089-b877-2049a2a4e791: start LeaderState
2019-08-28 06:33:55,218 [38f0bdbc-1089-4089-b877-2049a2a4e791:group-63BC674290EC:LeaderElection72] INFO  segmented.SegmentedRaftLogWorker (SegmentedRaftLogWorker.java:startLogSegment(380)) - 38f0bdbc-1089-4089-b877-2049a2a4e791-SegmentedRaftLogWorker:Storage Directory /workdir/hadoop-ozone/integration-test/target/test-dir/MiniOzoneClusterImpl-dfe718bc-bd4c-4c80-9b1d-75633119d19d/datanode-4/data/ratis/82d684dd-a792-4ba3-9f73-63bc674290ec: Starting segment from index:0
2019-08-28 06:33:55,219 [38f0bdbc-1089-4089-b877-2049a2a4e791:group-63BC674290EC:LeaderElection72] INFO  impl.RaftServerImpl (ServerState.java:setRaftConf(361)) - 38f0bdbc-1089-4089-b877-2049a2a4e791:group-63BC674290EC set configuration 0: [38f0bdbc-1089-4089-b877-2049a2a4e791:192.168.34.10:43949], old=null at 0
2019-08-28 06:33:55,274 [38f0bdbc-1089-4089-b877-2049a2a4e791-SegmentedRaftLogWorker:Storage Directory /workdir/hadoop-ozone/integration-test/target/test-dir/MiniOzoneClusterImpl-dfe718bc-bd4c-4c80-9b1d-75633119d19d/datanode-4/data/ratis/82d684dd-a792-4ba3-9f73-63bc674290ec] INFO  segmented.SegmentedRaftLogWorker (SegmentedRaftLogWorker.java:execute(569)) - 38f0bdbc-1089-4089-b877-2049a2a4e791-SegmentedRaftLogWorker:Storage Directory /workdir/hadoop-ozone/integration-test/target/test-dir/MiniOzoneClusterImpl-dfe718bc-bd4c-4c80-9b1d-75633119d19d/datanode-4/data/ratis/82d684dd-a792-4ba3-9f73-63bc674290ec: created new log segment /workdir/hadoop-ozone/integration-test/target/test-dir/MiniOzoneClusterImpl-dfe718bc-bd4c-4c80-9b1d-75633119d19d/datanode-4/data/ratis/82d684dd-a792-4ba3-9f73-63bc674290ec/current/log_inprogress_0
2019-08-28 06:33:55,358 | INFO  | SCMAudit | user=jenkins1000 | ip=192.168.34.10 | op=SEND_HEARTBEAT {datanodeUUID=4aaf653c-c443-4044-b7ad-f4623e7320a2, command=[]} | ret=SUCCESS |  
2019-08-28 06:33:55,366 | INFO  | SCMAudit | user=jenkins1000 | ip=192.168.34.10 | op=SEND_HEARTBEAT {datanodeUUID=9d3a01fd-5b16-441f-ba7a-7e38b292dbb2, command=[]} | ret=SUCCESS |  
2019-08-28 06:33:55,388 [Thread-3579] INFO  impl.FollowerState (FollowerState.java:run(106)) - c5a75e6e-3ba6-4e01-8e6e-e37c55fb7020:group-CCC405646EC7 changes to CANDIDATE, lastRpcTime:5093, electionTimeout:5093ms
2019-08-28 06:33:55,388 [Thread-3579] INFO  impl.RoleInfo (RoleInfo.java:shutdownFollowerState(121)) - c5a75e6e-3ba6-4e01-8e6e-e37c55fb7020: shutdown FollowerState
2019-08-28 06:33:55,388 [Thread-3579] INFO  impl.RaftServerImpl (RaftServerImpl.java:setRole(171)) - c5a75e6e-3ba6-4e01-8e6e-e37c55fb7020:group-CCC405646EC7 changes role from FOLLOWER to CANDIDATE at term 0 for changeToCandidate
2019-08-28 06:33:55,388 [Thread-3579] INFO  impl.RoleInfo (RoleInfo.java:updateAndGet(143)) - c5a75e6e-3ba6-4e01-8e6e-e37c55fb7020: start LeaderElection
2019-08-28 06:33:55,392 [Thread-3584] INFO  impl.FollowerState (FollowerState.java:run(106)) - 37ed6077-b3c7-4ece-80ea-a455fdabd61d:group-CCC405646EC7 changes to CANDIDATE, lastRpcTime:5089, electionTimeout:5088ms
2019-08-28 06:33:55,394 [Thread-3584] INFO  impl.RoleInfo (RoleInfo.java:shutdownFollowerState(121)) - 37ed6077-b3c7-4ece-80ea-a455fdabd61d: shutdown FollowerState
2019-08-28 06:33:55,397 [Thread-3584] INFO  impl.RaftServerImpl (RaftServerImpl.java:setRole(171)) - 37ed6077-b3c7-4ece-80ea-a455fdabd61d:group-CCC405646EC7 changes role from FOLLOWER to CANDIDATE at term 0 for changeToCandidate
2019-08-28 06:33:55,397 [Thread-3584] INFO  impl.RoleInfo (RoleInfo.java:updateAndGet(143)) - 37ed6077-b3c7-4ece-80ea-a455fdabd61d: start LeaderElection
2019-08-28 06:33:55,411 [c5a75e6e-3ba6-4e01-8e6e-e37c55fb7020:group-CCC405646EC7:LeaderElection73] INFO  impl.LeaderElection (LeaderElection.java:askForVotes(181)) - c5a75e6e-3ba6-4e01-8e6e-e37c55fb7020:group-CCC405646EC7:LeaderElection73: begin an election at term 1 for -1: [c5a75e6e-3ba6-4e01-8e6e-e37c55fb7020:192.168.34.10:36884, 37ed6077-b3c7-4ece-80ea-a455fdabd61d:192.168.34.10:35309, 38f0bdbc-1089-4089-b877-2049a2a4e791:192.168.34.10:43949], old=null
2019-08-28 06:33:55,411 [37ed6077-b3c7-4ece-80ea-a455fdabd61d:group-CCC405646EC7:LeaderElection74] INFO  impl.LeaderElection (LeaderElection.java:askForVotes(181)) - 37ed6077-b3c7-4ece-80ea-a455fdabd61d:group-CCC405646EC7:LeaderElection74: begin an election at term 1 for -1: [c5a75e6e-3ba6-4e01-8e6e-e37c55fb7020:192.168.34.10:36884, 37ed6077-b3c7-4ece-80ea-a455fdabd61d:192.168.34.10:35309, 38f0bdbc-1089-4089-b877-2049a2a4e791:192.168.34.10:43949], old=null
2019-08-28 06:33:55,415 [Thread-3583] INFO  impl.FollowerState (FollowerState.java:run(106)) - 38f0bdbc-1089-4089-b877-2049a2a4e791:group-CCC405646EC7 changes to CANDIDATE, lastRpcTime:5113, electionTimeout:5113ms
2019-08-28 06:33:55,416 [Thread-3583] INFO  impl.RoleInfo (RoleInfo.java:shutdownFollowerState(121)) - 38f0bdbc-1089-4089-b877-2049a2a4e791: shutdown FollowerState
2019-08-28 06:33:55,416 [Thread-3583] INFO  impl.RaftServerImpl (RaftServerImpl.java:setRole(171)) - 38f0bdbc-1089-4089-b877-2049a2a4e791:group-CCC405646EC7 changes role from FOLLOWER to CANDIDATE at term 0 for changeToCandidate
2019-08-28 06:33:55,416 [Thread-3583] INFO  impl.RoleInfo (RoleInfo.java:updateAndGet(143)) - 38f0bdbc-1089-4089-b877-2049a2a4e791: start LeaderElection
2019-08-28 06:33:55,423 [grpc-default-executor-9] INFO  impl.RaftServerImpl (RaftServerImpl.java:setRole(171)) - 38f0bdbc-1089-4089-b877-2049a2a4e791:group-CCC405646EC7 changes role from CANDIDATE to FOLLOWER at term 1 for recognizeCandidate:c5a75e6e-3ba6-4e01-8e6e-e37c55fb7020
2019-08-28 06:33:55,423 [Thread-3576] INFO  impl.FollowerState (FollowerState.java:run(106)) - 37ed6077-b3c7-4ece-80ea-a455fdabd61d:group-6F6F92921C76 changes to CANDIDATE, lastRpcTime:5203, electionTimeout:5199ms
2019-08-28 06:33:55,423 [grpc-default-executor-9] INFO  impl.RoleInfo (RoleInfo.java:shutdownLeaderElection(134)) - 38f0bdbc-1089-4089-b877-2049a2a4e791: shutdown LeaderElection
2019-08-28 06:33:55,423 [Thread-3576] INFO  impl.RoleInfo (RoleInfo.java:shutdownFollowerState(121)) - 37ed6077-b3c7-4ece-80ea-a455fdabd61d: shutdown FollowerState
2019-08-28 06:33:55,424 [grpc-default-executor-9] INFO  impl.RoleInfo (RoleInfo.java:updateAndGet(143)) - 38f0bdbc-1089-4089-b877-2049a2a4e791: start FollowerState
2019-08-28 06:33:55,424 [Thread-3576] INFO  impl.RaftServerImpl (RaftServerImpl.java:setRole(171)) - 37ed6077-b3c7-4ece-80ea-a455fdabd61d:group-6F6F92921C76 changes role from FOLLOWER to CANDIDATE at term 0 for changeToCandidate
2019-08-28 06:33:55,434 [Thread-3576] INFO  impl.RoleInfo (RoleInfo.java:updateAndGet(143)) - 37ed6077-b3c7-4ece-80ea-a455fdabd61d: start LeaderElection
2019-08-28 06:33:55,448 [37ed6077-b3c7-4ece-80ea-a455fdabd61d:group-6F6F92921C76:LeaderElection76] INFO  impl.LeaderElection (LeaderElection.java:askForVotes(181)) - 37ed6077-b3c7-4ece-80ea-a455fdabd61d:group-6F6F92921C76:LeaderElection76: begin an election at term 1 for -1: [37ed6077-b3c7-4ece-80ea-a455fdabd61d:192.168.34.10:35309], old=null
2019-08-28 06:33:55,448 [grpc-default-executor-8] INFO  impl.RaftServerImpl (RaftServerImpl.java:setRole(171)) - 38f0bdbc-1089-4089-b877-2049a2a4e791:group-CCC405646EC7 changes role from FOLLOWER to FOLLOWER at term 1 for recognizeCandidate:37ed6077-b3c7-4ece-80ea-a455fdabd61d
2019-08-28 06:33:55,448 [37ed6077-b3c7-4ece-80ea-a455fdabd61d:group-6F6F92921C76:LeaderElection76] INFO  impl.RoleInfo (RoleInfo.java:shutdownLeaderElection(134)) - 37ed6077-b3c7-4ece-80ea-a455fdabd61d: shutdown LeaderElection
2019-08-28 06:33:55,448 [grpc-default-executor-8] INFO  impl.RoleInfo (RoleInfo.java:shutdownFollowerState(121)) - 38f0bdbc-1089-4089-b877-2049a2a4e791: shutdown FollowerState
2019-08-28 06:33:55,448 [37ed6077-b3c7-4ece-80ea-a455fdabd61d:group-6F6F92921C76:LeaderElection76] INFO  impl.RaftServerImpl (RaftServerImpl.java:setRole(171)) - 37ed6077-b3c7-4ece-80ea-a455fdabd61d:group-6F6F92921C76 changes role from CANDIDATE to LEADER at term 1 for changeToLeader
2019-08-28 06:33:55,448 [Thread-3636] INFO  impl.FollowerState (FollowerState.java:run(114)) - 38f0bdbc-1089-4089-b877-2049a2a4e791: FollowerState was interrupted: java.lang.InterruptedException: sleep interrupted
2019-08-28 06:33:55,448 [grpc-default-executor-8] INFO  impl.RoleInfo (RoleInfo.java:updateAndGet(143)) - 38f0bdbc-1089-4089-b877-2049a2a4e791: start FollowerState
2019-08-28 06:33:55,449 [c5a75e6e-3ba6-4e01-8e6e-e37c55fb7020:group-CCC405646EC7:LeaderElection73] INFO  impl.LeaderElection (LeaderElection.java:logAndReturn(56)) - c5a75e6e-3ba6-4e01-8e6e-e37c55fb7020:group-CCC405646EC7:LeaderElection73: Election REJECTED; received 2 response(s) [c5a75e6e-3ba6-4e01-8e6e-e37c55fb7020<-37ed6077-b3c7-4ece-80ea-a455fdabd61d#0:FAIL-t1, c5a75e6e-3ba6-4e01-8e6e-e37c55fb7020<-38f0bdbc-1089-4089-b877-2049a2a4e791#0:FAIL-t1] and 0 exception(s); c5a75e6e-3ba6-4e01-8e6e-e37c55fb7020:t1, leader=null, voted=c5a75e6e-3ba6-4e01-8e6e-e37c55fb7020, raftlog=c5a75e6e-3ba6-4e01-8e6e-e37c55fb7020-SegmentedRaftLog:OPENED:c-1,f-1,i0, conf=-1: [c5a75e6e-3ba6-4e01-8e6e-e37c55fb7020:192.168.34.10:36884, 37ed6077-b3c7-4ece-80ea-a455fdabd61d:192.168.34.10:35309, 38f0bdbc-1089-4089-b877-2049a2a4e791:192.168.34.10:43949], old=null
2019-08-28 06:33:55,448 [37ed6077-b3c7-4ece-80ea-a455fdabd61d:group-6F6F92921C76:LeaderElection76] INFO  impl.RaftServerImpl (ServerState.java:setLeader(263)) - 37ed6077-b3c7-4ece-80ea-a455fdabd61d:group-6F6F92921C76 change Leader from null to 37ed6077-b3c7-4ece-80ea-a455fdabd61d at term 1 for becomeLeader, leader elected after 5233ms
2019-08-28 06:33:55,451 [c5a75e6e-3ba6-4e01-8e6e-e37c55fb7020:group-CCC405646EC7:LeaderElection73] INFO  impl.RaftServerImpl (RaftServerImpl.java:setRole(171)) - c5a75e6e-3ba6-4e01-8e6e-e37c55fb7020:group-CCC405646EC7 changes role from CANDIDATE to FOLLOWER at term 1 for DISCOVERED_A_NEW_TERM
2019-08-28 06:33:55,451 [37ed6077-b3c7-4ece-80ea-a455fdabd61d:group-6F6F92921C76:LeaderElection76] INFO  server.RaftServerConfigKeys (ConfUtils.java:logGet(43)) - raft.server.staging.catchup.gap = 1000 (default)
2019-08-28 06:33:55,451 [c5a75e6e-3ba6-4e01-8e6e-e37c55fb7020:group-CCC405646EC7:LeaderElection73] INFO  impl.RoleInfo (RoleInfo.java:shutdownLeaderElection(134)) - c5a75e6e-3ba6-4e01-8e6e-e37c55fb7020: shutdown LeaderElection
2019-08-28 06:33:55,452 [37ed6077-b3c7-4ece-80ea-a455fdabd61d:group-6F6F92921C76:LeaderElection76] INFO  server.RaftServerConfigKeys (ConfUtils.java:logGet(43)) - raft.server.rpc.sleep.time = 25ms (default)
2019-08-28 06:33:55,452 [c5a75e6e-3ba6-4e01-8e6e-e37c55fb7020:group-CCC405646EC7:LeaderElection73] INFO  impl.RoleInfo (RoleInfo.java:updateAndGet(143)) - c5a75e6e-3ba6-4e01-8e6e-e37c55fb7020: start FollowerState
2019-08-28 06:33:55,452 [37ed6077-b3c7-4ece-80ea-a455fdabd61d:group-6F6F92921C76:LeaderElection76] INFO  server.RaftServerConfigKeys (ConfUtils.java:logGet(43)) - raft.server.write.element-limit = 4096 (default)
2019-08-28 06:33:55,452 [37ed6077-b3c7-4ece-80ea-a455fdabd61d:group-6F6F92921C76:LeaderElection76] INFO  server.RaftServerConfigKeys (ConfUtils.java:logGet(43)) - raft.server.watch.timeout = 10s (default)
2019-08-28 06:33:55,452 [37ed6077-b3c7-4ece-80ea-a455fdabd61d:group-6F6F92921C76:LeaderElection76] INFO  server.RaftServerConfigKeys (ConfUtils.java:logGet(43)) - raft.server.watch.timeout.denomination = 1s (default)
2019-08-28 06:33:55,452 [37ed6077-b3c7-4ece-80ea-a455fdabd61d:group-6F6F92921C76:LeaderElection76] INFO  server.RaftServerConfigKeys (ConfUtils.java:logGet(43)) - raft.server.watch.element-limit = 65536 (default)
2019-08-28 06:33:55,453 [37ed6077-b3c7-4ece-80ea-a455fdabd61d:group-6F6F92921C76:LeaderElection76] INFO  impl.RoleInfo (RoleInfo.java:updateAndGet(143)) - 37ed6077-b3c7-4ece-80ea-a455fdabd61d: start LeaderState
2019-08-28 06:33:55,453 [37ed6077-b3c7-4ece-80ea-a455fdabd61d:group-6F6F92921C76:LeaderElection76] INFO  segmented.SegmentedRaftLogWorker (SegmentedRaftLogWorker.java:startLogSegment(380)) - 37ed6077-b3c7-4ece-80ea-a455fdabd61d-SegmentedRaftLogWorker:Storage Directory /workdir/hadoop-ozone/integration-test/target/test-dir/MiniOzoneClusterImpl-dfe718bc-bd4c-4c80-9b1d-75633119d19d/datanode-5/data/ratis/9edb9931-d47d-4417-a7df-6f6f92921c76: Starting segment from index:0
2019-08-28 06:33:55,453 [37ed6077-b3c7-4ece-80ea-a455fdabd61d:group-6F6F92921C76:LeaderElection76] INFO  impl.RaftServerImpl (ServerState.java:setRaftConf(361)) - 37ed6077-b3c7-4ece-80ea-a455fdabd61d:group-6F6F92921C76 set configuration 0: [37ed6077-b3c7-4ece-80ea-a455fdabd61d:192.168.34.10:35309], old=null at 0
2019-08-28 06:33:55,488 [37ed6077-b3c7-4ece-80ea-a455fdabd61d:group-CCC405646EC7:LeaderElection74] INFO  impl.LeaderElection (LeaderElection.java:logAndReturn(56)) - 37ed6077-b3c7-4ece-80ea-a455fdabd61d:group-CCC405646EC7:LeaderElection74: Election PASSED; received 2 response(s) [37ed6077-b3c7-4ece-80ea-a455fdabd61d<-c5a75e6e-3ba6-4e01-8e6e-e37c55fb7020#0:FAIL-t1, 37ed6077-b3c7-4ece-80ea-a455fdabd61d<-38f0bdbc-1089-4089-b877-2049a2a4e791#0:OK-t1] and 0 exception(s); 37ed6077-b3c7-4ece-80ea-a455fdabd61d:t1, leader=null, voted=37ed6077-b3c7-4ece-80ea-a455fdabd61d, raftlog=37ed6077-b3c7-4ece-80ea-a455fdabd61d-SegmentedRaftLog:OPENED:c-1,f-1,i0, conf=-1: [c5a75e6e-3ba6-4e01-8e6e-e37c55fb7020:192.168.34.10:36884, 37ed6077-b3c7-4ece-80ea-a455fdabd61d:192.168.34.10:35309, 38f0bdbc-1089-4089-b877-2049a2a4e791:192.168.34.10:43949], old=null
2019-08-28 06:33:55,488 [37ed6077-b3c7-4ece-80ea-a455fdabd61d:group-CCC405646EC7:LeaderElection74] INFO  impl.RoleInfo (RoleInfo.java:shutdownLeaderElection(134)) - 37ed6077-b3c7-4ece-80ea-a455fdabd61d: shutdown LeaderElection
2019-08-28 06:33:55,488 [37ed6077-b3c7-4ece-80ea-a455fdabd61d:group-CCC405646EC7:LeaderElection74] INFO  impl.RaftServerImpl (RaftServerImpl.java:setRole(171)) - 37ed6077-b3c7-4ece-80ea-a455fdabd61d:group-CCC405646EC7 changes role from CANDIDATE to LEADER at term 1 for changeToLeader
2019-08-28 06:33:55,489 [37ed6077-b3c7-4ece-80ea-a455fdabd61d:group-CCC405646EC7:LeaderElection74] INFO  impl.RaftServerImpl (ServerState.java:setLeader(263)) - 37ed6077-b3c7-4ece-80ea-a455fdabd61d:group-CCC405646EC7 change Leader from null to 37ed6077-b3c7-4ece-80ea-a455fdabd61d at term 1 for becomeLeader, leader elected after 5203ms
2019-08-28 06:33:55,489 [37ed6077-b3c7-4ece-80ea-a455fdabd61d:group-CCC405646EC7:LeaderElection74] INFO  server.RaftServerConfigKeys (ConfUtils.java:logGet(43)) - raft.server.staging.catchup.gap = 1000 (default)
2019-08-28 06:33:55,489 [37ed6077-b3c7-4ece-80ea-a455fdabd61d:group-CCC405646EC7:LeaderElection74] INFO  server.RaftServerConfigKeys (ConfUtils.java:logGet(43)) - raft.server.rpc.sleep.time = 25ms (default)
2019-08-28 06:33:55,489 [37ed6077-b3c7-4ece-80ea-a455fdabd61d:group-CCC405646EC7:LeaderElection74] INFO  server.RaftServerConfigKeys (ConfUtils.java:logGet(43)) - raft.server.write.element-limit = 4096 (default)
2019-08-28 06:33:55,489 [37ed6077-b3c7-4ece-80ea-a455fdabd61d:group-CCC405646EC7:LeaderElection74] INFO  server.RaftServerConfigKeys (ConfUtils.java:logGet(43)) - raft.server.watch.timeout = 10s (default)
2019-08-28 06:33:55,489 [37ed6077-b3c7-4ece-80ea-a455fdabd61d:group-CCC405646EC7:LeaderElection74] INFO  server.RaftServerConfigKeys (ConfUtils.java:logGet(43)) - raft.server.watch.timeout.denomination = 1s (default)
2019-08-28 06:33:55,489 [37ed6077-b3c7-4ece-80ea-a455fdabd61d:group-CCC405646EC7:LeaderElection74] INFO  server.RaftServerConfigKeys (ConfUtils.java:logGet(43)) - raft.server.watch.element-limit = 65536 (default)
2019-08-28 06:33:55,490 [37ed6077-b3c7-4ece-80ea-a455fdabd61d:group-CCC405646EC7:LeaderElection74] INFO  server.RaftServerConfigKeys (ConfUtils.java:logGet(43)) - raft.server.log.appender.snapshot.chunk.size.max = 16MB (=16777216) (default)
2019-08-28 06:33:55,490 [37ed6077-b3c7-4ece-80ea-a455fdabd61d:group-CCC405646EC7:LeaderElection74] INFO  server.RaftServerConfigKeys (ConfUtils.java:logGet(43)) - raft.server.log.appender.buffer.byte-limit = 33554432 (custom)
2019-08-28 06:33:55,490 [37ed6077-b3c7-4ece-80ea-a455fdabd61d:group-CCC405646EC7:LeaderElection74] INFO  server.RaftServerConfigKeys (ConfUtils.java:logGet(43)) - raft.server.log.appender.buffer.element-limit = 1 (custom)
2019-08-28 06:33:55,490 [37ed6077-b3c7-4ece-80ea-a455fdabd61d:group-CCC405646EC7:LeaderElection74] INFO  grpc.GrpcConfigKeys$Server (ConfUtils.java:logGet(43)) - raft.grpc.server.leader.outstanding.appends.max = 128 (default)
2019-08-28 06:33:55,491 [37ed6077-b3c7-4ece-80ea-a455fdabd61d:group-CCC405646EC7:LeaderElection74] INFO  server.RaftServerConfigKeys (ConfUtils.java:logGet(43)) - raft.server.rpc.request.timeout = 3000ms (default)
2019-08-28 06:33:55,491 [37ed6077-b3c7-4ece-80ea-a455fdabd61d:group-CCC405646EC7:LeaderElection74] INFO  server.RaftServerConfigKeys (ConfUtils.java:logGet(43)) - raft.server.log.appender.install.snapshot.enabled = false (custom)
2019-08-28 06:33:55,491 [37ed6077-b3c7-4ece-80ea-a455fdabd61d:group-CCC405646EC7:LeaderElection74] INFO  server.RaftServerConfigKeys (ConfUtils.java:logGet(43)) - raft.server.log.appender.snapshot.chunk.size.max = 16MB (=16777216) (default)
2019-08-28 06:33:55,491 [37ed6077-b3c7-4ece-80ea-a455fdabd61d:group-CCC405646EC7:LeaderElection74] INFO  server.RaftServerConfigKeys (ConfUtils.java:logGet(43)) - raft.server.log.appender.buffer.byte-limit = 33554432 (custom)
2019-08-28 06:33:55,491 [37ed6077-b3c7-4ece-80ea-a455fdabd61d:group-CCC405646EC7:LeaderElection74] INFO  server.RaftServerConfigKeys (ConfUtils.java:logGet(43)) - raft.server.log.appender.buffer.element-limit = 1 (custom)
2019-08-28 06:33:55,492 [37ed6077-b3c7-4ece-80ea-a455fdabd61d:group-CCC405646EC7:LeaderElection74] INFO  grpc.GrpcConfigKeys$Server (ConfUtils.java:logGet(43)) - raft.grpc.server.leader.outstanding.appends.max = 128 (default)
2019-08-28 06:33:55,492 [37ed6077-b3c7-4ece-80ea-a455fdabd61d:group-CCC405646EC7:LeaderElection74] INFO  server.RaftServerConfigKeys (ConfUtils.java:logGet(43)) - raft.server.rpc.request.timeout = 3000ms (default)
2019-08-28 06:33:55,492 [37ed6077-b3c7-4ece-80ea-a455fdabd61d:group-CCC405646EC7:LeaderElection74] INFO  server.RaftServerConfigKeys (ConfUtils.java:logGet(43)) - raft.server.log.appender.install.snapshot.enabled = false (custom)
2019-08-28 06:33:55,492 [37ed6077-b3c7-4ece-80ea-a455fdabd61d:group-CCC405646EC7:LeaderElection74] INFO  impl.RoleInfo (RoleInfo.java:updateAndGet(143)) - 37ed6077-b3c7-4ece-80ea-a455fdabd61d: start LeaderState
2019-08-28 06:33:55,492 [37ed6077-b3c7-4ece-80ea-a455fdabd61d:group-CCC405646EC7:LeaderElection74] INFO  segmented.SegmentedRaftLogWorker (SegmentedRaftLogWorker.java:startLogSegment(380)) - 37ed6077-b3c7-4ece-80ea-a455fdabd61d-SegmentedRaftLogWorker:Storage Directory /workdir/hadoop-ozone/integration-test/target/test-dir/MiniOzoneClusterImpl-dfe718bc-bd4c-4c80-9b1d-75633119d19d/datanode-5/data/ratis/6fe699a3-5b97-4185-bcd4-ccc405646ec7: Starting segment from index:0
2019-08-28 06:33:55,493 [37ed6077-b3c7-4ece-80ea-a455fdabd61d:group-CCC405646EC7:LeaderElection74] INFO  impl.RaftServerImpl (ServerState.java:setRaftConf(361)) - 37ed6077-b3c7-4ece-80ea-a455fdabd61d:group-CCC405646EC7 set configuration 0: [c5a75e6e-3ba6-4e01-8e6e-e37c55fb7020:192.168.34.10:36884, 37ed6077-b3c7-4ece-80ea-a455fdabd61d:192.168.34.10:35309, 38f0bdbc-1089-4089-b877-2049a2a4e791:192.168.34.10:43949], old=null at 0
2019-08-28 06:33:55,494 [grpc-default-executor-8] INFO  impl.RaftServerImpl (ServerState.java:setLeader(263)) - c5a75e6e-3ba6-4e01-8e6e-e37c55fb7020:group-CCC405646EC7 change Leader from null to 37ed6077-b3c7-4ece-80ea-a455fdabd61d at term 1 for appendEntries, leader elected after 5209ms
2019-08-28 06:33:55,497 [grpc-default-executor-8] INFO  impl.RaftServerImpl (ServerState.java:setRaftConf(361)) - c5a75e6e-3ba6-4e01-8e6e-e37c55fb7020:group-CCC405646EC7 set configuration 0: [c5a75e6e-3ba6-4e01-8e6e-e37c55fb7020:192.168.34.10:36884, 37ed6077-b3c7-4ece-80ea-a455fdabd61d:192.168.34.10:35309, 38f0bdbc-1089-4089-b877-2049a2a4e791:192.168.34.10:43949], old=null at 0
2019-08-28 06:33:55,497 [grpc-default-executor-8] INFO  segmented.SegmentedRaftLogWorker (SegmentedRaftLogWorker.java:startLogSegment(380)) - c5a75e6e-3ba6-4e01-8e6e-e37c55fb7020-SegmentedRaftLogWorker:Storage Directory /workdir/hadoop-ozone/integration-test/target/test-dir/MiniOzoneClusterImpl-dfe718bc-bd4c-4c80-9b1d-75633119d19d/datanode-3/data/ratis/6fe699a3-5b97-4185-bcd4-ccc405646ec7: Starting segment from index:0
2019-08-28 06:33:55,500 [37ed6077-b3c7-4ece-80ea-a455fdabd61d-SegmentedRaftLogWorker:Storage Directory /workdir/hadoop-ozone/integration-test/target/test-dir/MiniOzoneClusterImpl-dfe718bc-bd4c-4c80-9b1d-75633119d19d/datanode-5/data/ratis/9edb9931-d47d-4417-a7df-6f6f92921c76] INFO  segmented.SegmentedRaftLogWorker (SegmentedRaftLogWorker.java:execute(569)) - 37ed6077-b3c7-4ece-80ea-a455fdabd61d-SegmentedRaftLogWorker:Storage Directory /workdir/hadoop-ozone/integration-test/target/test-dir/MiniOzoneClusterImpl-dfe718bc-bd4c-4c80-9b1d-75633119d19d/datanode-5/data/ratis/9edb9931-d47d-4417-a7df-6f6f92921c76: created new log segment /workdir/hadoop-ozone/integration-test/target/test-dir/MiniOzoneClusterImpl-dfe718bc-bd4c-4c80-9b1d-75633119d19d/datanode-5/data/ratis/9edb9931-d47d-4417-a7df-6f6f92921c76/current/log_inprogress_0
2019-08-28 06:33:55,500 [38f0bdbc-1089-4089-b877-2049a2a4e791:group-CCC405646EC7:LeaderElection75] INFO  impl.LeaderElection (LeaderElection.java:askForVotes(181)) - 38f0bdbc-1089-4089-b877-2049a2a4e791:group-CCC405646EC7:LeaderElection75: begin an election at term 2 for -1: [c5a75e6e-3ba6-4e01-8e6e-e37c55fb7020:192.168.34.10:36884, 37ed6077-b3c7-4ece-80ea-a455fdabd61d:192.168.34.10:35309, 38f0bdbc-1089-4089-b877-2049a2a4e791:192.168.34.10:43949], old=null
2019-08-28 06:33:55,501 [38f0bdbc-1089-4089-b877-2049a2a4e791:group-CCC405646EC7:LeaderElection75] INFO  impl.LeaderElection (LeaderElection.java:logAndReturn(56)) - 38f0bdbc-1089-4089-b877-2049a2a4e791:group-CCC405646EC7:LeaderElection75: Election REJECTED; received 0 response(s) [] and 0 exception(s); 38f0bdbc-1089-4089-b877-2049a2a4e791:t2, leader=null, voted=38f0bdbc-1089-4089-b877-2049a2a4e791, raftlog=38f0bdbc-1089-4089-b877-2049a2a4e791-SegmentedRaftLog:OPENED:c-1,f-1,i0, conf=-1: [c5a75e6e-3ba6-4e01-8e6e-e37c55fb7020:192.168.34.10:36884, 37ed6077-b3c7-4ece-80ea-a455fdabd61d:192.168.34.10:35309, 38f0bdbc-1089-4089-b877-2049a2a4e791:192.168.34.10:43949], old=null
2019-08-28 06:33:55,502 [Thread-3588] INFO  impl.FollowerState (FollowerState.java:run(106)) - 9d3a01fd-5b16-441f-ba7a-7e38b292dbb2:group-B95A55F993F6 changes to CANDIDATE, lastRpcTime:5092, electionTimeout:5092ms
2019-08-28 06:33:55,502 [Thread-3588] INFO  impl.RoleInfo (RoleInfo.java:shutdownFollowerState(121)) - 9d3a01fd-5b16-441f-ba7a-7e38b292dbb2: shutdown FollowerState
2019-08-28 06:33:55,502 [Thread-3588] INFO  impl.RaftServerImpl (RaftServerImpl.java:setRole(171)) - 9d3a01fd-5b16-441f-ba7a-7e38b292dbb2:group-B95A55F993F6 changes role from FOLLOWER to CANDIDATE at term 0 for changeToCandidate
2019-08-28 06:33:55,502 [Thread-3588] INFO  impl.RoleInfo (RoleInfo.java:updateAndGet(143)) - 9d3a01fd-5b16-441f-ba7a-7e38b292dbb2: start LeaderElection
2019-08-28 06:33:55,540 [Thread-3642] INFO  impl.RaftServerImpl (ServerState.java:setLeader(263)) - 37ed6077-b3c7-4ece-80ea-a455fdabd61d:group-CCC405646EC7 change Leader from 37ed6077-b3c7-4ece-80ea-a455fdabd61d to null at term 2 for updateCurrentTerm
2019-08-28 06:33:55,541 [Thread-3642] INFO  impl.RaftServerImpl (RaftServerImpl.java:setRole(171)) - 37ed6077-b3c7-4ece-80ea-a455fdabd61d:group-CCC405646EC7 changes role from LEADER to FOLLOWER at term 2 for stepDown
2019-08-28 06:33:55,541 [Thread-3642] INFO  impl.RoleInfo (RoleInfo.java:shutdownLeaderState(104)) - 37ed6077-b3c7-4ece-80ea-a455fdabd61d: shutdown LeaderState
2019-08-28 06:33:55,546 [Thread-3642] INFO  impl.PendingRequests (PendingRequests.java:sendNotLeaderResponses(202)) - 37ed6077-b3c7-4ece-80ea-a455fdabd61d-PendingRequests: sendNotLeaderResponses
2019-08-28 06:33:55,546 [org.apache.ratis.server.impl.LogAppender$AppenderDaemon$$Lambda$500/577719139@79c75f13] WARN  server.GrpcLogAppender (GrpcLogAppender.java:mayWait(143)) - GrpcLogAppender(37ed6077-b3c7-4ece-80ea-a455fdabd61d->c5a75e6e-3ba6-4e01-8e6e-e37c55fb7020): Wait interrupted by java.lang.InterruptedException
2019-08-28 06:33:55,546 [Thread-3642] INFO  impl.RoleInfo (RoleInfo.java:updateAndGet(143)) - 37ed6077-b3c7-4ece-80ea-a455fdabd61d: start FollowerState
2019-08-28 06:33:55,546 [org.apache.ratis.server.impl.LogAppender$AppenderDaemon$$Lambda$500/577719139@3cc5de4f] WARN  server.GrpcLogAppender (GrpcLogAppender.java:mayWait(143)) - GrpcLogAppender(37ed6077-b3c7-4ece-80ea-a455fdabd61d->38f0bdbc-1089-4089-b877-2049a2a4e791): Wait interrupted by java.lang.InterruptedException
2019-08-28 06:33:55,546 [grpc-default-executor-9] INFO  server.GrpcServerProtocolService (GrpcServerProtocolService.java:onCompleted(104)) - c5a75e6e-3ba6-4e01-8e6e-e37c55fb7020: appendEntries completed
2019-08-28 06:33:55,547 [grpc-default-executor-10] INFO  server.GrpcServerProtocolService (GrpcServerProtocolService.java:onCompleted(104)) - 38f0bdbc-1089-4089-b877-2049a2a4e791: appendEntries completed
2019-08-28 06:33:55,547 [grpc-default-executor-9] INFO  server.GrpcLogAppender (GrpcLogAppender.java:onCompleted(292)) - 37ed6077-b3c7-4ece-80ea-a455fdabd61d->c5a75e6e-3ba6-4e01-8e6e-e37c55fb7020: follower responses appendEntries COMPLETED
2019-08-28 06:33:55,547 [grpc-default-executor-9] INFO  impl.FollowerInfo (FollowerInfo.java:lambda$new$0(50)) - 37ed6077-b3c7-4ece-80ea-a455fdabd61d->c5a75e6e-3ba6-4e01-8e6e-e37c55fb7020: nextIndex: updateUnconditionally 1 -> 0
2019-08-28 06:33:55,548 [grpc-default-executor-8] INFO  impl.RaftServerImpl (ServerState.java:setLeader(263)) - c5a75e6e-3ba6-4e01-8e6e-e37c55fb7020:group-CCC405646EC7 change Leader from 37ed6077-b3c7-4ece-80ea-a455fdabd61d to null at term 2 for updateCurrentTerm
2019-08-28 06:33:55,548 [grpc-default-executor-10] INFO  server.GrpcLogAppender (GrpcLogAppender.java:onCompleted(292)) - 37ed6077-b3c7-4ece-80ea-a455fdabd61d->38f0bdbc-1089-4089-b877-2049a2a4e791: follower responses appendEntries COMPLETED
2019-08-28 06:33:55,548 [grpc-default-executor-8] INFO  impl.RaftServerImpl (RaftServerImpl.java:setRole(171)) - c5a75e6e-3ba6-4e01-8e6e-e37c55fb7020:group-CCC405646EC7 changes role from FOLLOWER to FOLLOWER at term 2 for recognizeCandidate:38f0bdbc-1089-4089-b877-2049a2a4e791
2019-08-28 06:33:55,548 [grpc-default-executor-10] INFO  impl.FollowerInfo (FollowerInfo.java:lambda$new$0(50)) - 37ed6077-b3c7-4ece-80ea-a455fdabd61d->38f0bdbc-1089-4089-b877-2049a2a4e791: nextIndex: updateUnconditionally 0 -> 0
2019-08-28 06:33:55,549 [grpc-default-executor-8] INFO  impl.RoleInfo (RoleInfo.java:shutdownFollowerState(121)) - c5a75e6e-3ba6-4e01-8e6e-e37c55fb7020: shutdown FollowerState
2019-08-28 06:33:55,552 [9d3a01fd-5b16-441f-ba7a-7e38b292dbb2:group-B95A55F993F6:LeaderElection77] INFO  impl.LeaderElection (LeaderElection.java:askForVotes(181)) - 9d3a01fd-5b16-441f-ba7a-7e38b292dbb2:group-B95A55F993F6:LeaderElection77: begin an election at term 1 for -1: [9d3a01fd-5b16-441f-ba7a-7e38b292dbb2:192.168.34.10:44498], old=null
2019-08-28 06:33:55,552 [37ed6077-b3c7-4ece-80ea-a455fdabd61d-SegmentedRaftLogWorker:Storage Directory /workdir/hadoop-ozone/integration-test/target/test-dir/MiniOzoneClusterImpl-dfe718bc-bd4c-4c80-9b1d-75633119d19d/datanode-5/data/ratis/6fe699a3-5b97-4185-bcd4-ccc405646ec7] INFO  segmented.SegmentedRaftLogWorker (SegmentedRaftLogWorker.java:execute(569)) - 37ed6077-b3c7-4ece-80ea-a455fdabd61d-SegmentedRaftLogWorker:Storage Directory /workdir/hadoop-ozone/integration-test/target/test-dir/MiniOzoneClusterImpl-dfe718bc-bd4c-4c80-9b1d-75633119d19d/datanode-5/data/ratis/6fe699a3-5b97-4185-bcd4-ccc405646ec7: created new log segment /workdir/hadoop-ozone/integration-test/target/test-dir/MiniOzoneClusterImpl-dfe718bc-bd4c-4c80-9b1d-75633119d19d/datanode-5/data/ratis/6fe699a3-5b97-4185-bcd4-ccc405646ec7/current/log_inprogress_0
2019-08-28 06:33:55,552 [c5a75e6e-3ba6-4e01-8e6e-e37c55fb7020-SegmentedRaftLogWorker:Storage Directory /workdir/hadoop-ozone/integration-test/target/test-dir/MiniOzoneClusterImpl-dfe718bc-bd4c-4c80-9b1d-75633119d19d/datanode-3/data/ratis/6fe699a3-5b97-4185-bcd4-ccc405646ec7] INFO  segmented.SegmentedRaftLogWorker (SegmentedRaftLogWorker.java:execute(569)) - c5a75e6e-3ba6-4e01-8e6e-e37c55fb7020-SegmentedRaftLogWorker:Storage Directory /workdir/hadoop-ozone/integration-test/target/test-dir/MiniOzoneClusterImpl-dfe718bc-bd4c-4c80-9b1d-75633119d19d/datanode-3/data/ratis/6fe699a3-5b97-4185-bcd4-ccc405646ec7: created new log segment /workdir/hadoop-ozone/integration-test/target/test-dir/MiniOzoneClusterImpl-dfe718bc-bd4c-4c80-9b1d-75633119d19d/datanode-3/data/ratis/6fe699a3-5b97-4185-bcd4-ccc405646ec7/current/log_inprogress_0
2019-08-28 06:33:55,565 | INFO  | SCMAudit | user=jenkins1000 | ip=192.168.34.10 | op=SEND_HEARTBEAT {datanodeUUID=9cd1cf0b-08ae-4d53-8ceb-815e7e017b07, command=[]} | ret=SUCCESS |  
2019-08-28 06:33:55,565 [grpc-default-executor-8] INFO  impl.RoleInfo (RoleInfo.java:updateAndGet(143)) - c5a75e6e-3ba6-4e01-8e6e-e37c55fb7020: start FollowerState
2019-08-28 06:33:55,562 [Thread-3639] INFO  impl.FollowerState (FollowerState.java:run(114)) - c5a75e6e-3ba6-4e01-8e6e-e37c55fb7020: FollowerState was interrupted: java.lang.InterruptedException: sleep interrupted
2019-08-28 06:33:55,562 [9d3a01fd-5b16-441f-ba7a-7e38b292dbb2:group-B95A55F993F6:LeaderElection77] INFO  impl.RoleInfo (RoleInfo.java:shutdownLeaderElection(134)) - 9d3a01fd-5b16-441f-ba7a-7e38b292dbb2: shutdown LeaderElection
2019-08-28 06:33:55,568 [9d3a01fd-5b16-441f-ba7a-7e38b292dbb2:group-B95A55F993F6:LeaderElection77] INFO  impl.RaftServerImpl (RaftServerImpl.java:setRole(171)) - 9d3a01fd-5b16-441f-ba7a-7e38b292dbb2:group-B95A55F993F6 changes role from CANDIDATE to LEADER at term 1 for changeToLeader
2019-08-28 06:33:55,562 [grpc-default-executor-9] INFO  impl.RaftServerImpl (RaftServerImpl.java:setRole(171)) - 37ed6077-b3c7-4ece-80ea-a455fdabd61d:group-CCC405646EC7 changes role from FOLLOWER to FOLLOWER at term 2 for recognizeCandidate:38f0bdbc-1089-4089-b877-2049a2a4e791
2019-08-28 06:33:55,568 [9d3a01fd-5b16-441f-ba7a-7e38b292dbb2:group-B95A55F993F6:LeaderElection77] INFO  impl.RaftServerImpl (ServerState.java:setLeader(263)) - 9d3a01fd-5b16-441f-ba7a-7e38b292dbb2:group-B95A55F993F6 change Leader from null to 9d3a01fd-5b16-441f-ba7a-7e38b292dbb2 at term 1 for becomeLeader, leader elected after 5164ms
2019-08-28 06:33:55,568 [grpc-default-executor-10] INFO  client.GrpcClientProtocolClient (GrpcClientProtocolClient.java:onNext(255)) - client-E4CEBB479A80->38f0bdbc-1089-4089-b877-2049a2a4e791: receive RaftClientReply:client-E4CEBB479A80->38f0bdbc-1089-4089-b877-2049a2a4e791@group-CCC405646EC7, cid=183, FAILED org.apache.ratis.protocol.NotLeaderException: Server 38f0bdbc-1089-4089-b877-2049a2a4e791 is not the leader (null). Request must be sent to leader., logIndex=0, commits[38f0bdbc-1089-4089-b877-2049a2a4e791:c-1]
2019-08-28 06:33:55,568 [9d3a01fd-5b16-441f-ba7a-7e38b292dbb2:group-B95A55F993F6:LeaderElection77] INFO  server.RaftServerConfigKeys (ConfUtils.java:logGet(43)) - raft.server.staging.catchup.gap = 1000 (default)
2019-08-28 06:33:55,569 [9d3a01fd-5b16-441f-ba7a-7e38b292dbb2:group-B95A55F993F6:LeaderElection77] INFO  server.RaftServerConfigKeys (ConfUtils.java:logGet(43)) - raft.server.rpc.sleep.time = 25ms (default)
2019-08-28 06:33:55,568 [grpc-default-executor-9] INFO  impl.RoleInfo (RoleInfo.java:shutdownFollowerState(121)) - 37ed6077-b3c7-4ece-80ea-a455fdabd61d: shutdown FollowerState
2019-08-28 06:33:55,569 [9d3a01fd-5b16-441f-ba7a-7e38b292dbb2:group-B95A55F993F6:LeaderElection77] INFO  server.RaftServerConfigKeys (ConfUtils.java:logGet(43)) - raft.server.write.element-limit = 4096 (default)
2019-08-28 06:33:55,571 [grpc-default-executor-9] INFO  impl.RoleInfo (RoleInfo.java:updateAndGet(143)) - 37ed6077-b3c7-4ece-80ea-a455fdabd61d: start FollowerState
2019-08-28 06:33:55,572 [Thread-3652] INFO  impl.FollowerState (FollowerState.java:run(114)) - 37ed6077-b3c7-4ece-80ea-a455fdabd61d: FollowerState was interrupted: java.lang.InterruptedException: sleep interrupted
2019-08-28 06:33:55,572 [9d3a01fd-5b16-441f-ba7a-7e38b292dbb2:group-B95A55F993F6:LeaderElection77] INFO  server.RaftServerConfigKeys (ConfUtils.java:logGet(43)) - raft.server.watch.timeout = 10s (default)
2019-08-28 06:33:55,574 [9d3a01fd-5b16-441f-ba7a-7e38b292dbb2:group-B95A55F993F6:LeaderElection77] INFO  server.RaftServerConfigKeys (ConfUtils.java:logGet(43)) - raft.server.watch.timeout.denomination = 1s (default)
2019-08-28 06:33:55,574 [9d3a01fd-5b16-441f-ba7a-7e38b292dbb2:group-B95A55F993F6:LeaderElection77] INFO  server.RaftServerConfigKeys (ConfUtils.java:logGet(43)) - raft.server.watch.element-limit = 65536 (default)
2019-08-28 06:33:55,577 [9d3a01fd-5b16-441f-ba7a-7e38b292dbb2:group-B95A55F993F6:LeaderElection77] INFO  impl.RoleInfo (RoleInfo.java:updateAndGet(143)) - 9d3a01fd-5b16-441f-ba7a-7e38b292dbb2: start LeaderState
2019-08-28 06:33:55,579 [9d3a01fd-5b16-441f-ba7a-7e38b292dbb2:group-B95A55F993F6:LeaderElection77] INFO  segmented.SegmentedRaftLogWorker (SegmentedRaftLogWorker.java:startLogSegment(380)) - 9d3a01fd-5b16-441f-ba7a-7e38b292dbb2-SegmentedRaftLogWorker:Storage Directory /workdir/hadoop-ozone/integration-test/target/test-dir/MiniOzoneClusterImpl-dfe718bc-bd4c-4c80-9b1d-75633119d19d/datanode-6/data/ratis/46273c46-4c2a-466f-97de-b95a55f993f6: Starting segment from index:0
2019-08-28 06:33:55,580 [9d3a01fd-5b16-441f-ba7a-7e38b292dbb2:group-B95A55F993F6:LeaderElection77] INFO  impl.RaftServerImpl (ServerState.java:setRaftConf(361)) - 9d3a01fd-5b16-441f-ba7a-7e38b292dbb2:group-B95A55F993F6 set configuration 0: [9d3a01fd-5b16-441f-ba7a-7e38b292dbb2:192.168.34.10:44498], old=null at 0
2019-08-28 06:33:55,632 [9d3a01fd-5b16-441f-ba7a-7e38b292dbb2-SegmentedRaftLogWorker:Storage Directory /workdir/hadoop-ozone/integration-test/target/test-dir/MiniOzoneClusterImpl-dfe718bc-bd4c-4c80-9b1d-75633119d19d/datanode-6/data/ratis/46273c46-4c2a-466f-97de-b95a55f993f6] INFO  segmented.SegmentedRaftLogWorker (SegmentedRaftLogWorker.java:execute(569)) - 9d3a01fd-5b16-441f-ba7a-7e38b292dbb2-SegmentedRaftLogWorker:Storage Directory /workdir/hadoop-ozone/integration-test/target/test-dir/MiniOzoneClusterImpl-dfe718bc-bd4c-4c80-9b1d-75633119d19d/datanode-6/data/ratis/46273c46-4c2a-466f-97de-b95a55f993f6: created new log segment /workdir/hadoop-ozone/integration-test/target/test-dir/MiniOzoneClusterImpl-dfe718bc-bd4c-4c80-9b1d-75633119d19d/datanode-6/data/ratis/46273c46-4c2a-466f-97de-b95a55f993f6/current/log_inprogress_0
2019-08-28 06:33:55,728 | INFO  | SCMAudit | user=jenkins1000 | ip=192.168.34.10 | op=SEND_HEARTBEAT {datanodeUUID=c5a75e6e-3ba6-4e01-8e6e-e37c55fb7020, command=[]} | ret=SUCCESS |  
2019-08-28 06:33:55,861 | INFO  | SCMAudit | user=jenkins1000 | ip=192.168.34.10 | op=SEND_HEARTBEAT {datanodeUUID=9e09162c-d652-4106-871c-162faebb3aaf, command=[]} | ret=SUCCESS |  
2019-08-28 06:33:55,969 | INFO  | SCMAudit | user=jenkins1000 | ip=192.168.34.10 | op=SEND_HEARTBEAT {datanodeUUID=38f0bdbc-1089-4089-b877-2049a2a4e791, command=[]} | ret=SUCCESS |  
2019-08-28 06:33:56,181 | INFO  | SCMAudit | user=jenkins1000 | ip=192.168.34.10 | op=SEND_HEARTBEAT {datanodeUUID=37ed6077-b3c7-4ece-80ea-a455fdabd61d, command=[]} | ret=SUCCESS |  
2019-08-28 06:33:56,359 | INFO  | SCMAudit | user=jenkins1000 | ip=192.168.34.10 | op=SEND_HEARTBEAT {datanodeUUID=4aaf653c-c443-4044-b7ad-f4623e7320a2, command=[]} | ret=SUCCESS |  
2019-08-28 06:33:56,366 | INFO  | SCMAudit | user=jenkins1000 | ip=192.168.34.10 | op=SEND_HEARTBEAT {datanodeUUID=9d3a01fd-5b16-441f-ba7a-7e38b292dbb2, command=[]} | ret=SUCCESS |  
2019-08-28 06:33:56,565 | INFO  | SCMAudit | user=jenkins1000 | ip=192.168.34.10 | op=SEND_HEARTBEAT {datanodeUUID=9cd1cf0b-08ae-4d53-8ceb-815e7e017b07, command=[]} | ret=SUCCESS |  
2019-08-28 06:33:56,581 [grpc-default-executor-9] INFO  client.GrpcClientProtocolClient (GrpcClientProtocolClient.java:onNext(255)) - client-E4CEBB479A80->c5a75e6e-3ba6-4e01-8e6e-e37c55fb7020: receive RaftClientReply:client-E4CEBB479A80->c5a75e6e-3ba6-4e01-8e6e-e37c55fb7020@group-CCC405646EC7, cid=183, FAILED org.apache.ratis.protocol.NotLeaderException: Server c5a75e6e-3ba6-4e01-8e6e-e37c55fb7020 is not the leader (null). Request must be sent to leader., logIndex=0, commits[c5a75e6e-3ba6-4e01-8e6e-e37c55fb7020:c-1, 37ed6077-b3c7-4ece-80ea-a455fdabd61d:c-1, 38f0bdbc-1089-4089-b877-2049a2a4e791:c-1]
2019-08-28 06:33:56,728 | INFO  | SCMAudit | user=jenkins1000 | ip=192.168.34.10 | op=SEND_HEARTBEAT {datanodeUUID=c5a75e6e-3ba6-4e01-8e6e-e37c55fb7020, command=[]} | ret=SUCCESS |  
2019-08-28 06:33:56,862 | INFO  | SCMAudit | user=jenkins1000 | ip=192.168.34.10 | op=SEND_HEARTBEAT {datanodeUUID=9e09162c-d652-4106-871c-162faebb3aaf, command=[]} | ret=SUCCESS |  
2019-08-28 06:33:56,968 | INFO  | SCMAudit | user=jenkins1000 | ip=192.168.34.10 | op=SEND_HEARTBEAT {datanodeUUID=38f0bdbc-1089-4089-b877-2049a2a4e791, command=[]} | ret=SUCCESS |  
2019-08-28 06:33:57,182 | INFO  | SCMAudit | user=jenkins1000 | ip=192.168.34.10 | op=SEND_HEARTBEAT {datanodeUUID=37ed6077-b3c7-4ece-80ea-a455fdabd61d, command=[]} | ret=SUCCESS |  
2019-08-28 06:33:57,358 | INFO  | SCMAudit | user=jenkins1000 | ip=192.168.34.10 | op=SEND_HEARTBEAT {datanodeUUID=4aaf653c-c443-4044-b7ad-f4623e7320a2, command=[]} | ret=SUCCESS |  
2019-08-28 06:33:57,366 | INFO  | SCMAudit | user=jenkins1000 | ip=192.168.34.10 | op=SEND_HEARTBEAT {datanodeUUID=9d3a01fd-5b16-441f-ba7a-7e38b292dbb2, command=[]} | ret=SUCCESS |  
2019-08-28 06:33:57,564 | INFO  | SCMAudit | user=jenkins1000 | ip=192.168.34.10 | op=SEND_HEARTBEAT {datanodeUUID=9cd1cf0b-08ae-4d53-8ceb-815e7e017b07, command=[]} | ret=SUCCESS |  
2019-08-28 06:33:57,597 [grpc-default-executor-9] INFO  client.GrpcClientProtocolClient (GrpcClientProtocolClient.java:onNext(255)) - client-E4CEBB479A80->38f0bdbc-1089-4089-b877-2049a2a4e791: receive RaftClientReply:client-E4CEBB479A80->38f0bdbc-1089-4089-b877-2049a2a4e791@group-CCC405646EC7, cid=183, FAILED org.apache.ratis.protocol.NotLeaderException: Server 38f0bdbc-1089-4089-b877-2049a2a4e791 is not the leader (null). Request must be sent to leader., logIndex=0, commits[38f0bdbc-1089-4089-b877-2049a2a4e791:c-1]
2019-08-28 06:33:57,729 | INFO  | SCMAudit | user=jenkins1000 | ip=192.168.34.10 | op=SEND_HEARTBEAT {datanodeUUID=c5a75e6e-3ba6-4e01-8e6e-e37c55fb7020, command=[]} | ret=SUCCESS |  
2019-08-28 06:33:57,862 | INFO  | SCMAudit | user=jenkins1000 | ip=192.168.34.10 | op=SEND_HEARTBEAT {datanodeUUID=9e09162c-d652-4106-871c-162faebb3aaf, command=[]} | ret=SUCCESS |  
2019-08-28 06:33:57,969 | INFO  | SCMAudit | user=jenkins1000 | ip=192.168.34.10 | op=SEND_HEARTBEAT {datanodeUUID=38f0bdbc-1089-4089-b877-2049a2a4e791, command=[]} | ret=SUCCESS |  
2019-08-28 06:33:58,181 | INFO  | SCMAudit | user=jenkins1000 | ip=192.168.34.10 | op=SEND_HEARTBEAT {datanodeUUID=37ed6077-b3c7-4ece-80ea-a455fdabd61d, command=[]} | ret=SUCCESS |  
2019-08-28 06:33:58,359 | INFO  | SCMAudit | user=jenkins1000 | ip=192.168.34.10 | op=SEND_HEARTBEAT {datanodeUUID=4aaf653c-c443-4044-b7ad-f4623e7320a2, command=[]} | ret=SUCCESS |  
2019-08-28 06:33:58,366 | INFO  | SCMAudit | user=jenkins1000 | ip=192.168.34.10 | op=SEND_HEARTBEAT {datanodeUUID=9d3a01fd-5b16-441f-ba7a-7e38b292dbb2, command=[]} | ret=SUCCESS |  
2019-08-28 06:33:58,564 | INFO  | SCMAudit | user=jenkins1000 | ip=192.168.34.10 | op=SEND_HEARTBEAT {datanodeUUID=9cd1cf0b-08ae-4d53-8ceb-815e7e017b07, command=[]} | ret=SUCCESS |  
2019-08-28 06:33:58,612 [grpc-default-executor-9] INFO  client.GrpcClientProtocolClient (GrpcClientProtocolClient.java:onNext(255)) - client-E4CEBB479A80->c5a75e6e-3ba6-4e01-8e6e-e37c55fb7020: receive RaftClientReply:client-E4CEBB479A80->c5a75e6e-3ba6-4e01-8e6e-e37c55fb7020@group-CCC405646EC7, cid=183, FAILED org.apache.ratis.protocol.NotLeaderException: Server c5a75e6e-3ba6-4e01-8e6e-e37c55fb7020 is not the leader (null). Request must be sent to leader., logIndex=0, commits[c5a75e6e-3ba6-4e01-8e6e-e37c55fb7020:c-1, 37ed6077-b3c7-4ece-80ea-a455fdabd61d:c-1, 38f0bdbc-1089-4089-b877-2049a2a4e791:c-1]
2019-08-28 06:33:58,729 | INFO  | SCMAudit | user=jenkins1000 | ip=192.168.34.10 | op=SEND_HEARTBEAT {datanodeUUID=c5a75e6e-3ba6-4e01-8e6e-e37c55fb7020, command=[]} | ret=SUCCESS |  
2019-08-28 06:33:58,862 | INFO  | SCMAudit | user=jenkins1000 | ip=192.168.34.10 | op=SEND_HEARTBEAT {datanodeUUID=9e09162c-d652-4106-871c-162faebb3aaf, command=[]} | ret=SUCCESS |  
2019-08-28 06:33:58,968 | INFO  | SCMAudit | user=jenkins1000 | ip=192.168.34.10 | op=SEND_HEARTBEAT {datanodeUUID=38f0bdbc-1089-4089-b877-2049a2a4e791, command=[]} | ret=SUCCESS |  
2019-08-28 06:33:59,182 | INFO  | SCMAudit | user=jenkins1000 | ip=192.168.34.10 | op=SEND_HEARTBEAT {datanodeUUID=37ed6077-b3c7-4ece-80ea-a455fdabd61d, command=[]} | ret=SUCCESS |  
2019-08-28 06:33:59,359 | INFO  | SCMAudit | user=jenkins1000 | ip=192.168.34.10 | op=SEND_HEARTBEAT {datanodeUUID=4aaf653c-c443-4044-b7ad-f4623e7320a2, command=[]} | ret=SUCCESS |  
2019-08-28 06:33:59,366 | INFO  | SCMAudit | user=jenkins1000 | ip=192.168.34.10 | op=SEND_HEARTBEAT {datanodeUUID=9d3a01fd-5b16-441f-ba7a-7e38b292dbb2, command=[]} | ret=SUCCESS |  
2019-08-28 06:33:59,565 | INFO  | SCMAudit | user=jenkins1000 | ip=192.168.34.10 | op=SEND_HEARTBEAT {datanodeUUID=9cd1cf0b-08ae-4d53-8ceb-815e7e017b07, command=[]} | ret=SUCCESS |  
2019-08-28 06:33:59,625 [grpc-default-executor-8] INFO  client.GrpcClientProtocolClient (GrpcClientProtocolClient.java:onNext(255)) - client-E4CEBB479A80->37ed6077-b3c7-4ece-80ea-a455fdabd61d: receive RaftClientReply:client-E4CEBB479A80->37ed6077-b3c7-4ece-80ea-a455fdabd61d@group-CCC405646EC7, cid=183, FAILED org.apache.ratis.protocol.NotLeaderException: Server 37ed6077-b3c7-4ece-80ea-a455fdabd61d is not the leader (null). Request must be sent to leader., logIndex=0, commits[37ed6077-b3c7-4ece-80ea-a455fdabd61d:c-1, c5a75e6e-3ba6-4e01-8e6e-e37c55fb7020:c-1, 38f0bdbc-1089-4089-b877-2049a2a4e791:c-1]
2019-08-28 06:33:59,729 | INFO  | SCMAudit | user=jenkins1000 | ip=192.168.34.10 | op=SEND_HEARTBEAT {datanodeUUID=c5a75e6e-3ba6-4e01-8e6e-e37c55fb7020, command=[]} | ret=SUCCESS |  
2019-08-28 06:33:59,862 | INFO  | SCMAudit | user=jenkins1000 | ip=192.168.34.10 | op=SEND_HEARTBEAT {datanodeUUID=9e09162c-d652-4106-871c-162faebb3aaf, command=[]} | ret=SUCCESS |  
2019-08-28 06:33:59,968 | INFO  | SCMAudit | user=jenkins1000 | ip=192.168.34.10 | op=SEND_HEARTBEAT {datanodeUUID=38f0bdbc-1089-4089-b877-2049a2a4e791, command=[]} | ret=SUCCESS |  
2019-08-28 06:34:00,182 | INFO  | SCMAudit | user=jenkins1000 | ip=192.168.34.10 | op=SEND_HEARTBEAT {datanodeUUID=37ed6077-b3c7-4ece-80ea-a455fdabd61d, command=[]} | ret=SUCCESS |  
2019-08-28 06:34:00,359 | INFO  | SCMAudit | user=jenkins1000 | ip=192.168.34.10 | op=SEND_HEARTBEAT {datanodeUUID=4aaf653c-c443-4044-b7ad-f4623e7320a2, command=[]} | ret=SUCCESS |  
2019-08-28 06:34:00,366 | INFO  | SCMAudit | user=jenkins1000 | ip=192.168.34.10 | op=SEND_HEARTBEAT {datanodeUUID=9d3a01fd-5b16-441f-ba7a-7e38b292dbb2, command=[]} | ret=SUCCESS |  
2019-08-28 06:34:00,564 | INFO  | SCMAudit | user=jenkins1000 | ip=192.168.34.10 | op=SEND_HEARTBEAT {datanodeUUID=9cd1cf0b-08ae-4d53-8ceb-815e7e017b07, command=[]} | ret=SUCCESS |  
2019-08-28 06:34:00,594 [Thread-3638] INFO  impl.FollowerState (FollowerState.java:run(106)) - 38f0bdbc-1089-4089-b877-2049a2a4e791:group-CCC405646EC7 changes to CANDIDATE, lastRpcTime:5145, electionTimeout:5143ms
2019-08-28 06:34:00,594 [Thread-3638] INFO  impl.RoleInfo (RoleInfo.java:shutdownFollowerState(121)) - 38f0bdbc-1089-4089-b877-2049a2a4e791: shutdown FollowerState
2019-08-28 06:34:00,595 [Thread-3638] INFO  impl.RaftServerImpl (RaftServerImpl.java:setRole(171)) - 38f0bdbc-1089-4089-b877-2049a2a4e791:group-CCC405646EC7 changes role from FOLLOWER to CANDIDATE at term 2 for changeToCandidate
2019-08-28 06:34:00,595 [Thread-3638] INFO  impl.RoleInfo (RoleInfo.java:updateAndGet(143)) - 38f0bdbc-1089-4089-b877-2049a2a4e791: start LeaderElection
2019-08-28 06:34:00,613 [38f0bdbc-1089-4089-b877-2049a2a4e791:group-CCC405646EC7:LeaderElection78] INFO  impl.LeaderElection (LeaderElection.java:askForVotes(181)) - 38f0bdbc-1089-4089-b877-2049a2a4e791:group-CCC405646EC7:LeaderElection78: begin an election at term 3 for -1: [c5a75e6e-3ba6-4e01-8e6e-e37c55fb7020:192.168.34.10:36884, 37ed6077-b3c7-4ece-80ea-a455fdabd61d:192.168.34.10:35309, 38f0bdbc-1089-4089-b877-2049a2a4e791:192.168.34.10:43949], old=null
2019-08-28 06:34:00,616 [grpc-default-executor-9] INFO  impl.RaftServerImpl (RaftServerImpl.java:setRole(171)) - c5a75e6e-3ba6-4e01-8e6e-e37c55fb7020:group-CCC405646EC7 changes role from FOLLOWER to FOLLOWER at term 3 for recognizeCandidate:38f0bdbc-1089-4089-b877-2049a2a4e791
2019-08-28 06:34:00,616 [grpc-default-executor-8] INFO  impl.RaftServerImpl (RaftServerImpl.java:setRole(171)) - 37ed6077-b3c7-4ece-80ea-a455fdabd61d:group-CCC405646EC7 changes role from FOLLOWER to FOLLOWER at term 3 for recognizeCandidate:38f0bdbc-1089-4089-b877-2049a2a4e791
2019-08-28 06:34:00,616 [grpc-default-executor-9] INFO  impl.RoleInfo (RoleInfo.java:shutdownFollowerState(121)) - c5a75e6e-3ba6-4e01-8e6e-e37c55fb7020: shutdown FollowerState
2019-08-28 06:34:00,616 [grpc-default-executor-8] INFO  impl.RoleInfo (RoleInfo.java:shutdownFollowerState(121)) - 37ed6077-b3c7-4ece-80ea-a455fdabd61d: shutdown FollowerState
2019-08-28 06:34:00,616 [Thread-3654] INFO  impl.FollowerState (FollowerState.java:run(114)) - c5a75e6e-3ba6-4e01-8e6e-e37c55fb7020: FollowerState was interrupted: java.lang.InterruptedException: sleep interrupted
2019-08-28 06:34:00,616 [grpc-default-executor-9] INFO  impl.RoleInfo (RoleInfo.java:updateAndGet(143)) - c5a75e6e-3ba6-4e01-8e6e-e37c55fb7020: start FollowerState
2019-08-28 06:34:00,617 [Thread-3656] INFO  impl.FollowerState (FollowerState.java:run(114)) - 37ed6077-b3c7-4ece-80ea-a455fdabd61d: FollowerState was interrupted: java.lang.InterruptedException: sleep interrupted
2019-08-28 06:34:00,617 [grpc-default-executor-8] INFO  impl.RoleInfo (RoleInfo.java:updateAndGet(143)) - 37ed6077-b3c7-4ece-80ea-a455fdabd61d: start FollowerState
2019-08-28 06:34:00,634 [grpc-default-executor-10] INFO  client.GrpcClientProtocolClient (GrpcClientProtocolClient.java:onNext(255)) - client-E4CEBB479A80->c5a75e6e-3ba6-4e01-8e6e-e37c55fb7020: receive RaftClientReply:client-E4CEBB479A80->c5a75e6e-3ba6-4e01-8e6e-e37c55fb7020@group-CCC405646EC7, cid=183, FAILED org.apache.ratis.protocol.NotLeaderException: Server c5a75e6e-3ba6-4e01-8e6e-e37c55fb7020 is not the leader (null). Request must be sent to leader., logIndex=0, commits[c5a75e6e-3ba6-4e01-8e6e-e37c55fb7020:c-1, 37ed6077-b3c7-4ece-80ea-a455fdabd61d:c-1, 38f0bdbc-1089-4089-b877-2049a2a4e791:c-1]
2019-08-28 06:34:00,638 [38f0bdbc-1089-4089-b877-2049a2a4e791:group-CCC405646EC7:LeaderElection78] INFO  impl.LeaderElection (LeaderElection.java:logAndReturn(56)) - 38f0bdbc-1089-4089-b877-2049a2a4e791:group-CCC405646EC7:LeaderElection78: Election REJECTED; received 2 response(s) [38f0bdbc-1089-4089-b877-2049a2a4e791<-c5a75e6e-3ba6-4e01-8e6e-e37c55fb7020#0:FAIL-t3, 38f0bdbc-1089-4089-b877-2049a2a4e791<-37ed6077-b3c7-4ece-80ea-a455fdabd61d#0:FAIL-t3] and 0 exception(s); 38f0bdbc-1089-4089-b877-2049a2a4e791:t3, leader=null, voted=38f0bdbc-1089-4089-b877-2049a2a4e791, raftlog=38f0bdbc-1089-4089-b877-2049a2a4e791-SegmentedRaftLog:OPENED:c-1,f-1,i0, conf=-1: [c5a75e6e-3ba6-4e01-8e6e-e37c55fb7020:192.168.34.10:36884, 37ed6077-b3c7-4ece-80ea-a455fdabd61d:192.168.34.10:35309, 38f0bdbc-1089-4089-b877-2049a2a4e791:192.168.34.10:43949], old=null
2019-08-28 06:34:00,638 [38f0bdbc-1089-4089-b877-2049a2a4e791:group-CCC405646EC7:LeaderElection78] INFO  impl.RaftServerImpl (RaftServerImpl.java:setRole(171)) - 38f0bdbc-1089-4089-b877-2049a2a4e791:group-CCC405646EC7 changes role from CANDIDATE to FOLLOWER at term 3 for DISCOVERED_A_NEW_TERM
2019-08-28 06:34:00,639 [38f0bdbc-1089-4089-b877-2049a2a4e791:group-CCC405646EC7:LeaderElection78] INFO  impl.RoleInfo (RoleInfo.java:shutdownLeaderElection(134)) - 38f0bdbc-1089-4089-b877-2049a2a4e791: shutdown LeaderElection
2019-08-28 06:34:00,639 [38f0bdbc-1089-4089-b877-2049a2a4e791:group-CCC405646EC7:LeaderElection78] INFO  impl.RoleInfo (RoleInfo.java:updateAndGet(143)) - 38f0bdbc-1089-4089-b877-2049a2a4e791: start FollowerState
2019-08-28 06:34:00,729 | INFO  | SCMAudit | user=jenkins1000 | ip=192.168.34.10 | op=SEND_HEARTBEAT {datanodeUUID=c5a75e6e-3ba6-4e01-8e6e-e37c55fb7020, command=[]} | ret=SUCCESS |  
2019-08-28 06:34:00,862 | INFO  | SCMAudit | user=jenkins1000 | ip=192.168.34.10 | op=SEND_HEARTBEAT {datanodeUUID=9e09162c-d652-4106-871c-162faebb3aaf, command=[]} | ret=SUCCESS |  
2019-08-28 06:34:00,969 | INFO  | SCMAudit | user=jenkins1000 | ip=192.168.34.10 | op=SEND_HEARTBEAT {datanodeUUID=38f0bdbc-1089-4089-b877-2049a2a4e791, command=[]} | ret=SUCCESS |  
2019-08-28 06:34:01,181 | INFO  | SCMAudit | user=jenkins1000 | ip=192.168.34.10 | op=SEND_HEARTBEAT {datanodeUUID=37ed6077-b3c7-4ece-80ea-a455fdabd61d, command=[]} | ret=SUCCESS |  
2019-08-28 06:34:01,358 | INFO  | SCMAudit | user=jenkins1000 | ip=192.168.34.10 | op=SEND_HEARTBEAT {datanodeUUID=4aaf653c-c443-4044-b7ad-f4623e7320a2, command=[]} | ret=SUCCESS |  
2019-08-28 06:34:01,366 | INFO  | SCMAudit | user=jenkins1000 | ip=192.168.34.10 | op=SEND_HEARTBEAT {datanodeUUID=9d3a01fd-5b16-441f-ba7a-7e38b292dbb2, command=[]} | ret=SUCCESS |  
2019-08-28 06:34:01,564 | INFO  | SCMAudit | user=jenkins1000 | ip=192.168.34.10 | op=SEND_HEARTBEAT {datanodeUUID=9cd1cf0b-08ae-4d53-8ceb-815e7e017b07, command=[]} | ret=SUCCESS |  
2019-08-28 06:34:01,648 [grpc-default-executor-10] INFO  client.GrpcClientProtocolClient (GrpcClientProtocolClient.java:onNext(255)) - client-E4CEBB479A80->38f0bdbc-1089-4089-b877-2049a2a4e791: receive RaftClientReply:client-E4CEBB479A80->38f0bdbc-1089-4089-b877-2049a2a4e791@group-CCC405646EC7, cid=183, FAILED org.apache.ratis.protocol.NotLeaderException: Server 38f0bdbc-1089-4089-b877-2049a2a4e791 is not the leader (null). Request must be sent to leader., logIndex=0, commits[38f0bdbc-1089-4089-b877-2049a2a4e791:c-1]
2019-08-28 06:34:01,729 | INFO  | SCMAudit | user=jenkins1000 | ip=192.168.34.10 | op=SEND_HEARTBEAT {datanodeUUID=c5a75e6e-3ba6-4e01-8e6e-e37c55fb7020, command=[]} | ret=SUCCESS |  
2019-08-28 06:34:01,863 | INFO  | SCMAudit | user=jenkins1000 | ip=192.168.34.10 | op=SEND_HEARTBEAT {datanodeUUID=9e09162c-d652-4106-871c-162faebb3aaf, command=[]} | ret=SUCCESS |  
2019-08-28 06:34:01,969 | INFO  | SCMAudit | user=jenkins1000 | ip=192.168.34.10 | op=SEND_HEARTBEAT {datanodeUUID=38f0bdbc-1089-4089-b877-2049a2a4e791, command=[]} | ret=SUCCESS |  
2019-08-28 06:34:02,182 | INFO  | SCMAudit | user=jenkins1000 | ip=192.168.34.10 | op=SEND_HEARTBEAT {datanodeUUID=37ed6077-b3c7-4ece-80ea-a455fdabd61d, command=[]} | ret=SUCCESS |  
2019-08-28 06:34:02,358 | INFO  | SCMAudit | user=jenkins1000 | ip=192.168.34.10 | op=SEND_HEARTBEAT {datanodeUUID=4aaf653c-c443-4044-b7ad-f4623e7320a2, command=[]} | ret=SUCCESS |  
2019-08-28 06:34:02,366 | INFO  | SCMAudit | user=jenkins1000 | ip=192.168.34.10 | op=SEND_HEARTBEAT {datanodeUUID=9d3a01fd-5b16-441f-ba7a-7e38b292dbb2, command=[]} | ret=SUCCESS |  
2019-08-28 06:34:02,565 | INFO  | SCMAudit | user=jenkins1000 | ip=192.168.34.10 | op=SEND_HEARTBEAT {datanodeUUID=9cd1cf0b-08ae-4d53-8ceb-815e7e017b07, command=[]} | ret=SUCCESS |  
2019-08-28 06:34:02,657 [grpc-default-executor-10] INFO  client.GrpcClientProtocolClient (GrpcClientProtocolClient.java:onNext(255)) - client-E4CEBB479A80->c5a75e6e-3ba6-4e01-8e6e-e37c55fb7020: receive RaftClientReply:client-E4CEBB479A80->c5a75e6e-3ba6-4e01-8e6e-e37c55fb7020@group-CCC405646EC7, cid=183, FAILED org.apache.ratis.protocol.NotLeaderException: Server c5a75e6e-3ba6-4e01-8e6e-e37c55fb7020 is not the leader (null). Request must be sent to leader., logIndex=0, commits[c5a75e6e-3ba6-4e01-8e6e-e37c55fb7020:c-1, 37ed6077-b3c7-4ece-80ea-a455fdabd61d:c-1, 38f0bdbc-1089-4089-b877-2049a2a4e791:c-1]
2019-08-28 06:34:02,729 | INFO  | SCMAudit | user=jenkins1000 | ip=192.168.34.10 | op=SEND_HEARTBEAT {datanodeUUID=c5a75e6e-3ba6-4e01-8e6e-e37c55fb7020, command=[]} | ret=SUCCESS |  
2019-08-28 06:34:02,863 | INFO  | SCMAudit | user=jenkins1000 | ip=192.168.34.10 | op=SEND_HEARTBEAT {datanodeUUID=9e09162c-d652-4106-871c-162faebb3aaf, command=[]} | ret=SUCCESS |  
2019-08-28 06:34:02,969 | INFO  | SCMAudit | user=jenkins1000 | ip=192.168.34.10 | op=SEND_HEARTBEAT {datanodeUUID=38f0bdbc-1089-4089-b877-2049a2a4e791, command=[]} | ret=SUCCESS |  
2019-08-28 06:34:03,181 | INFO  | SCMAudit | user=jenkins1000 | ip=192.168.34.10 | op=SEND_HEARTBEAT {datanodeUUID=37ed6077-b3c7-4ece-80ea-a455fdabd61d, command=[]} | ret=SUCCESS |  
2019-08-28 06:34:03,359 | INFO  | SCMAudit | user=jenkins1000 | ip=192.168.34.10 | op=SEND_HEARTBEAT {datanodeUUID=4aaf653c-c443-4044-b7ad-f4623e7320a2, command=[]} | ret=SUCCESS |  
2019-08-28 06:34:03,366 | INFO  | SCMAudit | user=jenkins1000 | ip=192.168.34.10 | op=SEND_HEARTBEAT {datanodeUUID=9d3a01fd-5b16-441f-ba7a-7e38b292dbb2, command=[]} | ret=SUCCESS |  
2019-08-28 06:34:03,565 | INFO  | SCMAudit | user=jenkins1000 | ip=192.168.34.10 | op=SEND_HEARTBEAT {datanodeUUID=9cd1cf0b-08ae-4d53-8ceb-815e7e017b07, command=[]} | ret=SUCCESS |  
2019-08-28 06:34:03,670 [grpc-default-executor-9] INFO  client.GrpcClientProtocolClient (GrpcClientProtocolClient.java:onNext(255)) - client-E4CEBB479A80->38f0bdbc-1089-4089-b877-2049a2a4e791: receive RaftClientReply:client-E4CEBB479A80->38f0bdbc-1089-4089-b877-2049a2a4e791@group-CCC405646EC7, cid=183, FAILED org.apache.ratis.protocol.NotLeaderException: Server 38f0bdbc-1089-4089-b877-2049a2a4e791 is not the leader (null). Request must be sent to leader., logIndex=0, commits[38f0bdbc-1089-4089-b877-2049a2a4e791:c-1]
2019-08-28 06:34:03,730 | INFO  | SCMAudit | user=jenkins1000 | ip=192.168.34.10 | op=SEND_HEARTBEAT {datanodeUUID=c5a75e6e-3ba6-4e01-8e6e-e37c55fb7020, command=[]} | ret=SUCCESS |  
2019-08-28 06:34:03,863 | INFO  | SCMAudit | user=jenkins1000 | ip=192.168.34.10 | op=SEND_HEARTBEAT {datanodeUUID=9e09162c-d652-4106-871c-162faebb3aaf, command=[]} | ret=SUCCESS |  
2019-08-28 06:34:03,969 | INFO  | SCMAudit | user=jenkins1000 | ip=192.168.34.10 | op=SEND_HEARTBEAT {datanodeUUID=38f0bdbc-1089-4089-b877-2049a2a4e791, command=[]} | ret=SUCCESS |  
2019-08-28 06:34:04,181 | INFO  | SCMAudit | user=jenkins1000 | ip=192.168.34.10 | op=SEND_HEARTBEAT {datanodeUUID=37ed6077-b3c7-4ece-80ea-a455fdabd61d, command=[]} | ret=SUCCESS |  
2019-08-28 06:34:04,359 | INFO  | SCMAudit | user=jenkins1000 | ip=192.168.34.10 | op=SEND_HEARTBEAT {datanodeUUID=4aaf653c-c443-4044-b7ad-f4623e7320a2, command=[]} | ret=SUCCESS |  
2019-08-28 06:34:04,366 | INFO  | SCMAudit | user=jenkins1000 | ip=192.168.34.10 | op=SEND_HEARTBEAT {datanodeUUID=9d3a01fd-5b16-441f-ba7a-7e38b292dbb2, command=[]} | ret=SUCCESS |  
2019-08-28 06:34:04,566 | INFO  | SCMAudit | user=jenkins1000 | ip=192.168.34.10 | op=SEND_HEARTBEAT {datanodeUUID=9cd1cf0b-08ae-4d53-8ceb-815e7e017b07, command=[]} | ret=SUCCESS |  
2019-08-28 06:34:04,681 [grpc-default-executor-10] INFO  client.GrpcClientProtocolClient (GrpcClientProtocolClient.java:onNext(255)) - client-E4CEBB479A80->37ed6077-b3c7-4ece-80ea-a455fdabd61d: receive RaftClientReply:client-E4CEBB479A80->37ed6077-b3c7-4ece-80ea-a455fdabd61d@group-CCC405646EC7, cid=183, FAILED org.apache.ratis.protocol.NotLeaderException: Server 37ed6077-b3c7-4ece-80ea-a455fdabd61d is not the leader (null). Request must be sent to leader., logIndex=0, commits[37ed6077-b3c7-4ece-80ea-a455fdabd61d:c-1, c5a75e6e-3ba6-4e01-8e6e-e37c55fb7020:c-1, 38f0bdbc-1089-4089-b877-2049a2a4e791:c-1]
2019-08-28 06:34:04,730 | INFO  | SCMAudit | user=jenkins1000 | ip=192.168.34.10 | op=SEND_HEARTBEAT {datanodeUUID=c5a75e6e-3ba6-4e01-8e6e-e37c55fb7020, command=[]} | ret=SUCCESS |  
2019-08-28 06:34:04,864 | INFO  | SCMAudit | user=jenkins1000 | ip=192.168.34.10 | op=SEND_HEARTBEAT {datanodeUUID=9e09162c-d652-4106-871c-162faebb3aaf, command=[]} | ret=SUCCESS |  
2019-08-28 06:34:04,969 | INFO  | SCMAudit | user=jenkins1000 | ip=192.168.34.10 | op=SEND_HEARTBEAT {datanodeUUID=38f0bdbc-1089-4089-b877-2049a2a4e791, command=[]} | ret=SUCCESS |  
2019-08-28 06:34:05,182 | INFO  | SCMAudit | user=jenkins1000 | ip=192.168.34.10 | op=SEND_HEARTBEAT {datanodeUUID=37ed6077-b3c7-4ece-80ea-a455fdabd61d, command=[]} | ret=SUCCESS |  
2019-08-28 06:34:05,359 | INFO  | SCMAudit | user=jenkins1000 | ip=192.168.34.10 | op=SEND_HEARTBEAT {datanodeUUID=4aaf653c-c443-4044-b7ad-f4623e7320a2, command=[]} | ret=SUCCESS |  
2019-08-28 06:34:05,366 | INFO  | SCMAudit | user=jenkins1000 | ip=192.168.34.10 | op=SEND_HEARTBEAT {datanodeUUID=9d3a01fd-5b16-441f-ba7a-7e38b292dbb2, command=[]} | ret=SUCCESS |  
2019-08-28 06:34:05,567 | INFO  | SCMAudit | user=jenkins1000 | ip=192.168.34.10 | op=SEND_HEARTBEAT {datanodeUUID=9cd1cf0b-08ae-4d53-8ceb-815e7e017b07, command=[]} | ret=SUCCESS |  
2019-08-28 06:34:05,680 [Thread-3678] INFO  impl.FollowerState (FollowerState.java:run(106)) - c5a75e6e-3ba6-4e01-8e6e-e37c55fb7020:group-CCC405646EC7 changes to CANDIDATE, lastRpcTime:5063, electionTimeout:5058ms
2019-08-28 06:34:05,680 [Thread-3678] INFO  impl.RoleInfo (RoleInfo.java:shutdownFollowerState(121)) - c5a75e6e-3ba6-4e01-8e6e-e37c55fb7020: shutdown FollowerState
2019-08-28 06:34:05,681 [Thread-3678] INFO  impl.RaftServerImpl (RaftServerImpl.java:setRole(171)) - c5a75e6e-3ba6-4e01-8e6e-e37c55fb7020:group-CCC405646EC7 changes role from FOLLOWER to CANDIDATE at term 3 for changeToCandidate
2019-08-28 06:34:05,681 [Thread-3678] INFO  impl.RoleInfo (RoleInfo.java:updateAndGet(143)) - c5a75e6e-3ba6-4e01-8e6e-e37c55fb7020: start LeaderElection
2019-08-28 06:34:05,695 [Thread-3679] INFO  impl.FollowerState (FollowerState.java:run(106)) - 37ed6077-b3c7-4ece-80ea-a455fdabd61d:group-CCC405646EC7 changes to CANDIDATE, lastRpcTime:5078, electionTimeout:5070ms
2019-08-28 06:34:05,696 [Thread-3679] INFO  impl.RoleInfo (RoleInfo.java:shutdownFollowerState(121)) - 37ed6077-b3c7-4ece-80ea-a455fdabd61d: shutdown FollowerState
2019-08-28 06:34:05,696 [Thread-3679] INFO  impl.RaftServerImpl (RaftServerImpl.java:setRole(171)) - 37ed6077-b3c7-4ece-80ea-a455fdabd61d:group-CCC405646EC7 changes role from FOLLOWER to CANDIDATE at term 3 for changeToCandidate
2019-08-28 06:34:05,696 [Thread-3679] INFO  impl.RoleInfo (RoleInfo.java:updateAndGet(143)) - 37ed6077-b3c7-4ece-80ea-a455fdabd61d: start LeaderElection
2019-08-28 06:34:05,705 [grpc-default-executor-10] INFO  client.GrpcClientProtocolClient (GrpcClientProtocolClient.java:onNext(255)) - client-E4CEBB479A80->38f0bdbc-1089-4089-b877-2049a2a4e791: receive RaftClientReply:client-E4CEBB479A80->38f0bdbc-1089-4089-b877-2049a2a4e791@group-CCC405646EC7, cid=183, FAILED org.apache.ratis.protocol.NotLeaderException: Server 38f0bdbc-1089-4089-b877-2049a2a4e791 is not the leader (null). Request must be sent to leader., logIndex=0, commits[38f0bdbc-1089-4089-b877-2049a2a4e791:c-1]
2019-08-28 06:34:05,715 [c5a75e6e-3ba6-4e01-8e6e-e37c55fb7020:group-CCC405646EC7:LeaderElection79] INFO  impl.LeaderElection (LeaderElection.java:askForVotes(181)) - c5a75e6e-3ba6-4e01-8e6e-e37c55fb7020:group-CCC405646EC7:LeaderElection79: begin an election at term 4 for 0: [c5a75e6e-3ba6-4e01-8e6e-e37c55fb7020:192.168.34.10:36884, 37ed6077-b3c7-4ece-80ea-a455fdabd61d:192.168.34.10:35309, 38f0bdbc-1089-4089-b877-2049a2a4e791:192.168.34.10:43949], old=null
2019-08-28 06:34:05,715 [37ed6077-b3c7-4ece-80ea-a455fdabd61d:group-CCC405646EC7:LeaderElection80] INFO  impl.LeaderElection (LeaderElection.java:askForVotes(181)) - 37ed6077-b3c7-4ece-80ea-a455fdabd61d:group-CCC405646EC7:LeaderElection80: begin an election at term 4 for 0: [c5a75e6e-3ba6-4e01-8e6e-e37c55fb7020:192.168.34.10:36884, 37ed6077-b3c7-4ece-80ea-a455fdabd61d:192.168.34.10:35309, 38f0bdbc-1089-4089-b877-2049a2a4e791:192.168.34.10:43949], old=null
2019-08-28 06:34:05,718 [grpc-default-executor-10] INFO  impl.RaftServerImpl (RaftServerImpl.java:setRole(171)) - 38f0bdbc-1089-4089-b877-2049a2a4e791:group-CCC405646EC7 changes role from FOLLOWER to FOLLOWER at term 4 for recognizeCandidate:c5a75e6e-3ba6-4e01-8e6e-e37c55fb7020
2019-08-28 06:34:05,718 [grpc-default-executor-10] INFO  impl.RoleInfo (RoleInfo.java:shutdownFollowerState(121)) - 38f0bdbc-1089-4089-b877-2049a2a4e791: shutdown FollowerState
2019-08-28 06:34:05,719 [grpc-default-executor-10] INFO  impl.RoleInfo (RoleInfo.java:updateAndGet(143)) - 38f0bdbc-1089-4089-b877-2049a2a4e791: start FollowerState
2019-08-28 06:34:05,719 [Thread-3682] INFO  impl.FollowerState (FollowerState.java:run(114)) - 38f0bdbc-1089-4089-b877-2049a2a4e791: FollowerState was interrupted: java.lang.InterruptedException: sleep interrupted
2019-08-28 06:34:05,729 | INFO  | SCMAudit | user=jenkins1000 | ip=192.168.34.10 | op=SEND_HEARTBEAT {datanodeUUID=c5a75e6e-3ba6-4e01-8e6e-e37c55fb7020, command=[]} | ret=SUCCESS |  
2019-08-28 06:34:05,738 [c5a75e6e-3ba6-4e01-8e6e-e37c55fb7020:group-CCC405646EC7:LeaderElection79] INFO  impl.LeaderElection (LeaderElection.java:logAndReturn(56)) - c5a75e6e-3ba6-4e01-8e6e-e37c55fb7020:group-CCC405646EC7:LeaderElection79: Election PASSED; received 2 response(s) [c5a75e6e-3ba6-4e01-8e6e-e37c55fb7020<-37ed6077-b3c7-4ece-80ea-a455fdabd61d#0:FAIL-t4, c5a75e6e-3ba6-4e01-8e6e-e37c55fb7020<-38f0bdbc-1089-4089-b877-2049a2a4e791#0:OK-t4] and 0 exception(s); c5a75e6e-3ba6-4e01-8e6e-e37c55fb7020:t4, leader=null, voted=c5a75e6e-3ba6-4e01-8e6e-e37c55fb7020, raftlog=c5a75e6e-3ba6-4e01-8e6e-e37c55fb7020-SegmentedRaftLog:OPENED:c-1,f0,i0, conf=0: [c5a75e6e-3ba6-4e01-8e6e-e37c55fb7020:192.168.34.10:36884, 37ed6077-b3c7-4ece-80ea-a455fdabd61d:192.168.34.10:35309, 38f0bdbc-1089-4089-b877-2049a2a4e791:192.168.34.10:43949], old=null
2019-08-28 06:34:05,738 [37ed6077-b3c7-4ece-80ea-a455fdabd61d:group-CCC405646EC7:LeaderElection80] INFO  impl.LeaderElection (LeaderElection.java:logAndReturn(56)) - 37ed6077-b3c7-4ece-80ea-a455fdabd61d:group-CCC405646EC7:LeaderElection80: Election REJECTED; received 2 response(s) [37ed6077-b3c7-4ece-80ea-a455fdabd61d<-c5a75e6e-3ba6-4e01-8e6e-e37c55fb7020#0:FAIL-t4, 37ed6077-b3c7-4ece-80ea-a455fdabd61d<-38f0bdbc-1089-4089-b877-2049a2a4e791#0:FAIL-t4] and 0 exception(s); 37ed6077-b3c7-4ece-80ea-a455fdabd61d:t4, leader=null, voted=37ed6077-b3c7-4ece-80ea-a455fdabd61d, raftlog=37ed6077-b3c7-4ece-80ea-a455fdabd61d-SegmentedRaftLog:OPENED:c-1,f0,i0, conf=0: [c5a75e6e-3ba6-4e01-8e6e-e37c55fb7020:192.168.34.10:36884, 37ed6077-b3c7-4ece-80ea-a455fdabd61d:192.168.34.10:35309, 38f0bdbc-1089-4089-b877-2049a2a4e791:192.168.34.10:43949], old=null
2019-08-28 06:34:05,738 [c5a75e6e-3ba6-4e01-8e6e-e37c55fb7020:group-CCC405646EC7:LeaderElection79] INFO  impl.RoleInfo (RoleInfo.java:shutdownLeaderElection(134)) - c5a75e6e-3ba6-4e01-8e6e-e37c55fb7020: shutdown LeaderElection
2019-08-28 06:34:05,738 [37ed6077-b3c7-4ece-80ea-a455fdabd61d:group-CCC405646EC7:LeaderElection80] INFO  impl.RaftServerImpl (RaftServerImpl.java:setRole(171)) - 37ed6077-b3c7-4ece-80ea-a455fdabd61d:group-CCC405646EC7 changes role from CANDIDATE to FOLLOWER at term 4 for DISCOVERED_A_NEW_TERM
2019-08-28 06:34:05,738 [c5a75e6e-3ba6-4e01-8e6e-e37c55fb7020:group-CCC405646EC7:LeaderElection79] INFO  impl.RaftServerImpl (RaftServerImpl.java:setRole(171)) - c5a75e6e-3ba6-4e01-8e6e-e37c55fb7020:group-CCC405646EC7 changes role from CANDIDATE to LEADER at term 4 for changeToLeader
2019-08-28 06:34:05,738 [37ed6077-b3c7-4ece-80ea-a455fdabd61d:group-CCC405646EC7:LeaderElection80] INFO  impl.RoleInfo (RoleInfo.java:shutdownLeaderElection(134)) - 37ed6077-b3c7-4ece-80ea-a455fdabd61d: shutdown LeaderElection
2019-08-28 06:34:05,739 [c5a75e6e-3ba6-4e01-8e6e-e37c55fb7020:group-CCC405646EC7:LeaderElection79] INFO  impl.RaftServerImpl (ServerState.java:setLeader(263)) - c5a75e6e-3ba6-4e01-8e6e-e37c55fb7020:group-CCC405646EC7 change Leader from null to c5a75e6e-3ba6-4e01-8e6e-e37c55fb7020 at term 4 for becomeLeader, leader elected after 10190ms
2019-08-28 06:34:05,739 [37ed6077-b3c7-4ece-80ea-a455fdabd61d:group-CCC405646EC7:LeaderElection80] INFO  impl.RoleInfo (RoleInfo.java:updateAndGet(143)) - 37ed6077-b3c7-4ece-80ea-a455fdabd61d: start FollowerState
2019-08-28 06:34:05,739 [c5a75e6e-3ba6-4e01-8e6e-e37c55fb7020:group-CCC405646EC7:LeaderElection79] INFO  server.RaftServerConfigKeys (ConfUtils.java:logGet(43)) - raft.server.staging.catchup.gap = 1000 (default)
2019-08-28 06:34:05,739 [c5a75e6e-3ba6-4e01-8e6e-e37c55fb7020:group-CCC405646EC7:LeaderElection79] INFO  server.RaftServerConfigKeys (ConfUtils.java:logGet(43)) - raft.server.rpc.sleep.time = 25ms (default)
2019-08-28 06:34:05,739 [c5a75e6e-3ba6-4e01-8e6e-e37c55fb7020:group-CCC405646EC7:LeaderElection79] INFO  server.RaftServerConfigKeys (ConfUtils.java:logGet(43)) - raft.server.write.element-limit = 4096 (default)
2019-08-28 06:34:05,739 [c5a75e6e-3ba6-4e01-8e6e-e37c55fb7020:group-CCC405646EC7:LeaderElection79] INFO  server.RaftServerConfigKeys (ConfUtils.java:logGet(43)) - raft.server.watch.timeout = 10s (default)
2019-08-28 06:34:05,739 [c5a75e6e-3ba6-4e01-8e6e-e37c55fb7020:group-CCC405646EC7:LeaderElection79] INFO  server.RaftServerConfigKeys (ConfUtils.java:logGet(43)) - raft.server.watch.timeout.denomination = 1s (default)
2019-08-28 06:34:05,740 [c5a75e6e-3ba6-4e01-8e6e-e37c55fb7020:group-CCC405646EC7:LeaderElection79] INFO  server.RaftServerConfigKeys (ConfUtils.java:logGet(43)) - raft.server.watch.element-limit = 65536 (default)
2019-08-28 06:34:05,740 [c5a75e6e-3ba6-4e01-8e6e-e37c55fb7020:group-CCC405646EC7:LeaderElection79] INFO  server.RaftServerConfigKeys (ConfUtils.java:logGet(43)) - raft.server.log.appender.snapshot.chunk.size.max = 16MB (=16777216) (default)
2019-08-28 06:34:05,740 [c5a75e6e-3ba6-4e01-8e6e-e37c55fb7020:group-CCC405646EC7:LeaderElection79] INFO  server.RaftServerConfigKeys (ConfUtils.java:logGet(43)) - raft.server.log.appender.buffer.byte-limit = 33554432 (custom)
2019-08-28 06:34:05,740 [c5a75e6e-3ba6-4e01-8e6e-e37c55fb7020:group-CCC405646EC7:LeaderElection79] INFO  server.RaftServerConfigKeys (ConfUtils.java:logGet(43)) - raft.server.log.appender.buffer.element-limit = 1 (custom)
2019-08-28 06:34:05,741 [c5a75e6e-3ba6-4e01-8e6e-e37c55fb7020:group-CCC405646EC7:LeaderElection79] INFO  grpc.GrpcConfigKeys$Server (ConfUtils.java:logGet(43)) - raft.grpc.server.leader.outstanding.appends.max = 128 (default)
2019-08-28 06:34:05,741 [c5a75e6e-3ba6-4e01-8e6e-e37c55fb7020:group-CCC405646EC7:LeaderElection79] INFO  server.RaftServerConfigKeys (ConfUtils.java:logGet(43)) - raft.server.rpc.request.timeout = 3000ms (default)
2019-08-28 06:34:05,741 [c5a75e6e-3ba6-4e01-8e6e-e37c55fb7020:group-CCC405646EC7:LeaderElection79] INFO  server.RaftServerConfigKeys (ConfUtils.java:logGet(43)) - raft.server.log.appender.install.snapshot.enabled = false (custom)
2019-08-28 06:34:05,741 [c5a75e6e-3ba6-4e01-8e6e-e37c55fb7020:group-CCC405646EC7:LeaderElection79] INFO  server.RaftServerConfigKeys (ConfUtils.java:logGet(43)) - raft.server.log.appender.snapshot.chunk.size.max = 16MB (=16777216) (default)
2019-08-28 06:34:05,741 [c5a75e6e-3ba6-4e01-8e6e-e37c55fb7020:group-CCC405646EC7:LeaderElection79] INFO  server.RaftServerConfigKeys (ConfUtils.java:logGet(43)) - raft.server.log.appender.buffer.byte-limit = 33554432 (custom)
2019-08-28 06:34:05,741 [c5a75e6e-3ba6-4e01-8e6e-e37c55fb7020:group-CCC405646EC7:LeaderElection79] INFO  server.RaftServerConfigKeys (ConfUtils.java:logGet(43)) - raft.server.log.appender.buffer.element-limit = 1 (custom)
2019-08-28 06:34:05,742 [c5a75e6e-3ba6-4e01-8e6e-e37c55fb7020:group-CCC405646EC7:LeaderElection79] INFO  grpc.GrpcConfigKeys$Server (ConfUtils.java:logGet(43)) - raft.grpc.server.leader.outstanding.appends.max = 128 (default)
2019-08-28 06:34:05,742 [c5a75e6e-3ba6-4e01-8e6e-e37c55fb7020:group-CCC405646EC7:LeaderElection79] INFO  server.RaftServerConfigKeys (ConfUtils.java:logGet(43)) - raft.server.rpc.request.timeout = 3000ms (default)
2019-08-28 06:34:05,742 [c5a75e6e-3ba6-4e01-8e6e-e37c55fb7020:group-CCC405646EC7:LeaderElection79] INFO  server.RaftServerConfigKeys (ConfUtils.java:logGet(43)) - raft.server.log.appender.install.snapshot.enabled = false (custom)
2019-08-28 06:34:05,742 [c5a75e6e-3ba6-4e01-8e6e-e37c55fb7020:group-CCC405646EC7:LeaderElection79] INFO  impl.RoleInfo (RoleInfo.java:updateAndGet(143)) - c5a75e6e-3ba6-4e01-8e6e-e37c55fb7020: start LeaderState
2019-08-28 06:34:05,743 [c5a75e6e-3ba6-4e01-8e6e-e37c55fb7020:group-CCC405646EC7:LeaderElection79] INFO  segmented.SegmentedRaftLogWorker (SegmentedRaftLogWorker.java:rollLogSegment(385)) - c5a75e6e-3ba6-4e01-8e6e-e37c55fb7020-SegmentedRaftLogWorker:Storage Directory /workdir/hadoop-ozone/integration-test/target/test-dir/MiniOzoneClusterImpl-dfe718bc-bd4c-4c80-9b1d-75633119d19d/datanode-3/data/ratis/6fe699a3-5b97-4185-bcd4-ccc405646ec7: Rolling segment log-0_0 to index:0
2019-08-28 06:34:05,744 [c5a75e6e-3ba6-4e01-8e6e-e37c55fb7020-SegmentedRaftLogWorker:Storage Directory /workdir/hadoop-ozone/integration-test/target/test-dir/MiniOzoneClusterImpl-dfe718bc-bd4c-4c80-9b1d-75633119d19d/datanode-3/data/ratis/6fe699a3-5b97-4185-bcd4-ccc405646ec7] INFO  segmented.SegmentedRaftLogWorker (SegmentedRaftLogWorker.java:execute(526)) - c5a75e6e-3ba6-4e01-8e6e-e37c55fb7020-SegmentedRaftLogWorker:Storage Directory /workdir/hadoop-ozone/integration-test/target/test-dir/MiniOzoneClusterImpl-dfe718bc-bd4c-4c80-9b1d-75633119d19d/datanode-3/data/ratis/6fe699a3-5b97-4185-bcd4-ccc405646ec7: Rolled log segment from /workdir/hadoop-ozone/integration-test/target/test-dir/MiniOzoneClusterImpl-dfe718bc-bd4c-4c80-9b1d-75633119d19d/datanode-3/data/ratis/6fe699a3-5b97-4185-bcd4-ccc405646ec7/current/log_inprogress_0 to /workdir/hadoop-ozone/integration-test/target/test-dir/MiniOzoneClusterImpl-dfe718bc-bd4c-4c80-9b1d-75633119d19d/datanode-3/data/ratis/6fe699a3-5b97-4185-bcd4-ccc405646ec7/current/log_0-0
2019-08-28 06:34:05,744 [c5a75e6e-3ba6-4e01-8e6e-e37c55fb7020:group-CCC405646EC7:LeaderElection79] INFO  impl.RaftServerImpl (ServerState.java:setRaftConf(361)) - c5a75e6e-3ba6-4e01-8e6e-e37c55fb7020:group-CCC405646EC7 set configuration 1: [c5a75e6e-3ba6-4e01-8e6e-e37c55fb7020:192.168.34.10:36884, 37ed6077-b3c7-4ece-80ea-a455fdabd61d:192.168.34.10:35309, 38f0bdbc-1089-4089-b877-2049a2a4e791:192.168.34.10:43949], old=null at 1
2019-08-28 06:34:05,745 [grpc-default-executor-10] INFO  impl.RaftServerImpl (ServerState.java:setLeader(263)) - 37ed6077-b3c7-4ece-80ea-a455fdabd61d:group-CCC405646EC7 change Leader from null to c5a75e6e-3ba6-4e01-8e6e-e37c55fb7020 at term 4 for appendEntries, leader elected after 10204ms
2019-08-28 06:34:05,746 [grpc-default-executor-9] INFO  impl.RaftServerImpl (ServerState.java:setLeader(263)) - 38f0bdbc-1089-4089-b877-2049a2a4e791:group-CCC405646EC7 change Leader from null to c5a75e6e-3ba6-4e01-8e6e-e37c55fb7020 at term 4 for appendEntries, leader elected after 15460ms
2019-08-28 06:34:05,746 [grpc-default-executor-9] INFO  impl.RaftServerImpl (RaftServerImpl.java:checkInconsistentAppendEntries(999)) - 38f0bdbc-1089-4089-b877-2049a2a4e791: Failed appendEntries as previous log entry ((t:1, i:0)) is not found
2019-08-28 06:34:05,747 [grpc-default-executor-9] INFO  impl.RaftServerImpl (RaftServerImpl.java:checkInconsistentAppendEntries(972)) - 38f0bdbc-1089-4089-b877-2049a2a4e791: inconsistency entries. Reply:c5a75e6e-3ba6-4e01-8e6e-e37c55fb7020<-38f0bdbc-1089-4089-b877-2049a2a4e791#0:FAIL,INCONSISTENCY,nextIndex:0,term:4,followerCommit:-1
2019-08-28 06:34:05,748 [grpc-default-executor-10] INFO  impl.RaftServerImpl (ServerState.java:setRaftConf(361)) - 37ed6077-b3c7-4ece-80ea-a455fdabd61d:group-CCC405646EC7 set configuration 1: [c5a75e6e-3ba6-4e01-8e6e-e37c55fb7020:192.168.34.10:36884, 37ed6077-b3c7-4ece-80ea-a455fdabd61d:192.168.34.10:35309, 38f0bdbc-1089-4089-b877-2049a2a4e791:192.168.34.10:43949], old=null at 1
2019-08-28 06:34:05,748 [grpc-default-executor-10] INFO  segmented.SegmentedRaftLogWorker (SegmentedRaftLogWorker.java:rollLogSegment(385)) - 37ed6077-b3c7-4ece-80ea-a455fdabd61d-SegmentedRaftLogWorker:Storage Directory /workdir/hadoop-ozone/integration-test/target/test-dir/MiniOzoneClusterImpl-dfe718bc-bd4c-4c80-9b1d-75633119d19d/datanode-5/data/ratis/6fe699a3-5b97-4185-bcd4-ccc405646ec7: Rolling segment log-0_0 to index:0
2019-08-28 06:34:05,749 [37ed6077-b3c7-4ece-80ea-a455fdabd61d-SegmentedRaftLogWorker:Storage Directory /workdir/hadoop-ozone/integration-test/target/test-dir/MiniOzoneClusterImpl-dfe718bc-bd4c-4c80-9b1d-75633119d19d/datanode-5/data/ratis/6fe699a3-5b97-4185-bcd4-ccc405646ec7] INFO  segmented.SegmentedRaftLogWorker (SegmentedRaftLogWorker.java:execute(526)) - 37ed6077-b3c7-4ece-80ea-a455fdabd61d-SegmentedRaftLogWorker:Storage Directory /workdir/hadoop-ozone/integration-test/target/test-dir/MiniOzoneClusterImpl-dfe718bc-bd4c-4c80-9b1d-75633119d19d/datanode-5/data/ratis/6fe699a3-5b97-4185-bcd4-ccc405646ec7: Rolled log segment from /workdir/hadoop-ozone/integration-test/target/test-dir/MiniOzoneClusterImpl-dfe718bc-bd4c-4c80-9b1d-75633119d19d/datanode-5/data/ratis/6fe699a3-5b97-4185-bcd4-ccc405646ec7/current/log_inprogress_0 to /workdir/hadoop-ozone/integration-test/target/test-dir/MiniOzoneClusterImpl-dfe718bc-bd4c-4c80-9b1d-75633119d19d/datanode-5/data/ratis/6fe699a3-5b97-4185-bcd4-ccc405646ec7/current/log_0-0
2019-08-28 06:34:05,749 [grpc-default-executor-9] INFO  impl.FollowerInfo (FollowerInfo.java:lambda$new$0(50)) - c5a75e6e-3ba6-4e01-8e6e-e37c55fb7020->38f0bdbc-1089-4089-b877-2049a2a4e791: nextIndex: updateUnconditionally 1 -> 0
2019-08-28 06:34:05,750 [grpc-default-executor-9] INFO  impl.RaftServerImpl (ServerState.java:setRaftConf(361)) - 38f0bdbc-1089-4089-b877-2049a2a4e791:group-CCC405646EC7 set configuration 0: [c5a75e6e-3ba6-4e01-8e6e-e37c55fb7020:192.168.34.10:36884, 37ed6077-b3c7-4ece-80ea-a455fdabd61d:192.168.34.10:35309, 38f0bdbc-1089-4089-b877-2049a2a4e791:192.168.34.10:43949], old=null at 0
2019-08-28 06:34:05,750 [grpc-default-executor-9] INFO  segmented.SegmentedRaftLogWorker (SegmentedRaftLogWorker.java:startLogSegment(380)) - 38f0bdbc-1089-4089-b877-2049a2a4e791-SegmentedRaftLogWorker:Storage Directory /workdir/hadoop-ozone/integration-test/target/test-dir/MiniOzoneClusterImpl-dfe718bc-bd4c-4c80-9b1d-75633119d19d/datanode-4/data/ratis/6fe699a3-5b97-4185-bcd4-ccc405646ec7: Starting segment from index:0
2019-08-28 06:34:05,751 [grpc-default-executor-9] INFO  impl.RaftServerImpl (ServerState.java:setRaftConf(361)) - 38f0bdbc-1089-4089-b877-2049a2a4e791:group-CCC405646EC7 set configuration 1: [c5a75e6e-3ba6-4e01-8e6e-e37c55fb7020:192.168.34.10:36884, 37ed6077-b3c7-4ece-80ea-a455fdabd61d:192.168.34.10:35309, 38f0bdbc-1089-4089-b877-2049a2a4e791:192.168.34.10:43949], old=null at 1
2019-08-28 06:34:05,751 [grpc-default-executor-9] INFO  segmented.SegmentedRaftLogWorker (SegmentedRaftLogWorker.java:rollLogSegment(385)) - 38f0bdbc-1089-4089-b877-2049a2a4e791-SegmentedRaftLogWorker:Storage Directory /workdir/hadoop-ozone/integration-test/target/test-dir/MiniOzoneClusterImpl-dfe718bc-bd4c-4c80-9b1d-75633119d19d/datanode-4/data/ratis/6fe699a3-5b97-4185-bcd4-ccc405646ec7: Rolling segment log-0_0 to index:0
2019-08-28 06:34:05,794 [38f0bdbc-1089-4089-b877-2049a2a4e791-SegmentedRaftLogWorker:Storage Directory /workdir/hadoop-ozone/integration-test/target/test-dir/MiniOzoneClusterImpl-dfe718bc-bd4c-4c80-9b1d-75633119d19d/datanode-4/data/ratis/6fe699a3-5b97-4185-bcd4-ccc405646ec7] INFO  segmented.SegmentedRaftLogWorker (SegmentedRaftLogWorker.java:execute(569)) - 38f0bdbc-1089-4089-b877-2049a2a4e791-SegmentedRaftLogWorker:Storage Directory /workdir/hadoop-ozone/integration-test/target/test-dir/MiniOzoneClusterImpl-dfe718bc-bd4c-4c80-9b1d-75633119d19d/datanode-4/data/ratis/6fe699a3-5b97-4185-bcd4-ccc405646ec7: created new log segment /workdir/hadoop-ozone/integration-test/target/test-dir/MiniOzoneClusterImpl-dfe718bc-bd4c-4c80-9b1d-75633119d19d/datanode-4/data/ratis/6fe699a3-5b97-4185-bcd4-ccc405646ec7/current/log_inprogress_0
2019-08-28 06:34:05,794 [37ed6077-b3c7-4ece-80ea-a455fdabd61d-SegmentedRaftLogWorker:Storage Directory /workdir/hadoop-ozone/integration-test/target/test-dir/MiniOzoneClusterImpl-dfe718bc-bd4c-4c80-9b1d-75633119d19d/datanode-5/data/ratis/6fe699a3-5b97-4185-bcd4-ccc405646ec7] INFO  segmented.SegmentedRaftLogWorker (SegmentedRaftLogWorker.java:execute(569)) - 37ed6077-b3c7-4ece-80ea-a455fdabd61d-SegmentedRaftLogWorker:Storage Directory /workdir/hadoop-ozone/integration-test/target/test-dir/MiniOzoneClusterImpl-dfe718bc-bd4c-4c80-9b1d-75633119d19d/datanode-5/data/ratis/6fe699a3-5b97-4185-bcd4-ccc405646ec7: created new log segment /workdir/hadoop-ozone/integration-test/target/test-dir/MiniOzoneClusterImpl-dfe718bc-bd4c-4c80-9b1d-75633119d19d/datanode-5/data/ratis/6fe699a3-5b97-4185-bcd4-ccc405646ec7/current/log_inprogress_1
2019-08-28 06:34:05,794 [c5a75e6e-3ba6-4e01-8e6e-e37c55fb7020-SegmentedRaftLogWorker:Storage Directory /workdir/hadoop-ozone/integration-test/target/test-dir/MiniOzoneClusterImpl-dfe718bc-bd4c-4c80-9b1d-75633119d19d/datanode-3/data/ratis/6fe699a3-5b97-4185-bcd4-ccc405646ec7] INFO  segmented.SegmentedRaftLogWorker (SegmentedRaftLogWorker.java:execute(569)) - c5a75e6e-3ba6-4e01-8e6e-e37c55fb7020-SegmentedRaftLogWorker:Storage Directory /workdir/hadoop-ozone/integration-test/target/test-dir/MiniOzoneClusterImpl-dfe718bc-bd4c-4c80-9b1d-75633119d19d/datanode-3/data/ratis/6fe699a3-5b97-4185-bcd4-ccc405646ec7: created new log segment /workdir/hadoop-ozone/integration-test/target/test-dir/MiniOzoneClusterImpl-dfe718bc-bd4c-4c80-9b1d-75633119d19d/datanode-3/data/ratis/6fe699a3-5b97-4185-bcd4-ccc405646ec7/current/log_inprogress_1
2019-08-28 06:34:05,806 [38f0bdbc-1089-4089-b877-2049a2a4e791-SegmentedRaftLogWorker:Storage Directory /workdir/hadoop-ozone/integration-test/target/test-dir/MiniOzoneClusterImpl-dfe718bc-bd4c-4c80-9b1d-75633119d19d/datanode-4/data/ratis/6fe699a3-5b97-4185-bcd4-ccc405646ec7] INFO  segmented.SegmentedRaftLogWorker (SegmentedRaftLogWorker.java:execute(526)) - 38f0bdbc-1089-4089-b877-2049a2a4e791-SegmentedRaftLogWorker:Storage Directory /workdir/hadoop-ozone/integration-test/target/test-dir/MiniOzoneClusterImpl-dfe718bc-bd4c-4c80-9b1d-75633119d19d/datanode-4/data/ratis/6fe699a3-5b97-4185-bcd4-ccc405646ec7: Rolled log segment from /workdir/hadoop-ozone/integration-test/target/test-dir/MiniOzoneClusterImpl-dfe718bc-bd4c-4c80-9b1d-75633119d19d/datanode-4/data/ratis/6fe699a3-5b97-4185-bcd4-ccc405646ec7/current/log_inprogress_0 to /workdir/hadoop-ozone/integration-test/target/test-dir/MiniOzoneClusterImpl-dfe718bc-bd4c-4c80-9b1d-75633119d19d/datanode-4/data/ratis/6fe699a3-5b97-4185-bcd4-ccc405646ec7/current/log_0-0
2019-08-28 06:34:05,846 [38f0bdbc-1089-4089-b877-2049a2a4e791-SegmentedRaftLogWorker:Storage Directory /workdir/hadoop-ozone/integration-test/target/test-dir/MiniOzoneClusterImpl-dfe718bc-bd4c-4c80-9b1d-75633119d19d/datanode-4/data/ratis/6fe699a3-5b97-4185-bcd4-ccc405646ec7] INFO  segmented.SegmentedRaftLogWorker (SegmentedRaftLogWorker.java:execute(569)) - 38f0bdbc-1089-4089-b877-2049a2a4e791-SegmentedRaftLogWorker:Storage Directory /workdir/hadoop-ozone/integration-test/target/test-dir/MiniOzoneClusterImpl-dfe718bc-bd4c-4c80-9b1d-75633119d19d/datanode-4/data/ratis/6fe699a3-5b97-4185-bcd4-ccc405646ec7: created new log segment /workdir/hadoop-ozone/integration-test/target/test-dir/MiniOzoneClusterImpl-dfe718bc-bd4c-4c80-9b1d-75633119d19d/datanode-4/data/ratis/6fe699a3-5b97-4185-bcd4-ccc405646ec7/current/log_inprogress_1
2019-08-28 06:34:05,863 | INFO  | SCMAudit | user=jenkins1000 | ip=192.168.34.10 | op=SEND_HEARTBEAT {datanodeUUID=9e09162c-d652-4106-871c-162faebb3aaf, command=[]} | ret=SUCCESS |  
2019-08-28 06:34:05,970 | INFO  | SCMAudit | user=jenkins1000 | ip=192.168.34.10 | op=SEND_HEARTBEAT {datanodeUUID=38f0bdbc-1089-4089-b877-2049a2a4e791, command=[]} | ret=SUCCESS |  
2019-08-28 06:34:06,181 | INFO  | SCMAudit | user=jenkins1000 | ip=192.168.34.10 | op=SEND_HEARTBEAT {datanodeUUID=37ed6077-b3c7-4ece-80ea-a455fdabd61d, command=[]} | ret=SUCCESS |  
2019-08-28 06:34:06,358 | INFO  | SCMAudit | user=jenkins1000 | ip=192.168.34.10 | op=SEND_HEARTBEAT {datanodeUUID=4aaf653c-c443-4044-b7ad-f4623e7320a2, command=[]} | ret=SUCCESS |  
2019-08-28 06:34:06,366 | INFO  | SCMAudit | user=jenkins1000 | ip=192.168.34.10 | op=SEND_HEARTBEAT {datanodeUUID=9d3a01fd-5b16-441f-ba7a-7e38b292dbb2, command=[]} | ret=SUCCESS |  
2019-08-28 06:34:06,567 | INFO  | SCMAudit | user=jenkins1000 | ip=192.168.34.10 | op=SEND_HEARTBEAT {datanodeUUID=9cd1cf0b-08ae-4d53-8ceb-815e7e017b07, command=[]} | ret=SUCCESS |  
2019-08-28 06:34:06,716 [grpc-default-executor-10] INFO  client.GrpcClientProtocolClient (GrpcClientProtocolClient.java:onNext(255)) - client-E4CEBB479A80->37ed6077-b3c7-4ece-80ea-a455fdabd61d: receive RaftClientReply:client-E4CEBB479A80->37ed6077-b3c7-4ece-80ea-a455fdabd61d@group-CCC405646EC7, cid=183, FAILED org.apache.ratis.protocol.NotLeaderException: Server 37ed6077-b3c7-4ece-80ea-a455fdabd61d is not the leader (c5a75e6e-3ba6-4e01-8e6e-e37c55fb7020:192.168.34.10:36884). Request must be sent to leader., logIndex=0, commits[37ed6077-b3c7-4ece-80ea-a455fdabd61d:c1, c5a75e6e-3ba6-4e01-8e6e-e37c55fb7020:c1, 38f0bdbc-1089-4089-b877-2049a2a4e791:c-1]
2019-08-28 06:34:06,729 | INFO  | SCMAudit | user=jenkins1000 | ip=192.168.34.10 | op=SEND_HEARTBEAT {datanodeUUID=c5a75e6e-3ba6-4e01-8e6e-e37c55fb7020, command=[]} | ret=SUCCESS |  
2019-08-28 06:34:06,830 | INFO  | DNAudit | user=null | ip=null | op=WRITE_CHUNK {blockData=conID: 1 locID: 102693210123730958 bcsId: 0} | ret=SUCCESS |  
2019-08-28 06:34:06,830 | INFO  | DNAudit | user=null | ip=null | op=WRITE_CHUNK {blockData=conID: 1 locID: 102693210123730958 bcsId: 0} | ret=SUCCESS |  
2019-08-28 06:34:06,830 | INFO  | DNAudit | user=null | ip=null | op=WRITE_CHUNK {blockData=conID: 1 locID: 102693210123730958 bcsId: 0} | ret=SUCCESS |  
2019-08-28 06:34:06,830 | INFO  | SCMAudit | user=jenkins1000 | ip=192.168.34.10 | op=SEND_HEARTBEAT {datanodeUUID=c5a75e6e-3ba6-4e01-8e6e-e37c55fb7020, command=[]} | ret=SUCCESS |  
2019-08-28 06:34:06,830 | INFO  | SCMAudit | user=jenkins1000 | ip=192.168.34.10 | op=SEND_HEARTBEAT {datanodeUUID=37ed6077-b3c7-4ece-80ea-a455fdabd61d, command=[]} | ret=SUCCESS |  
2019-08-28 06:34:06,830 | INFO  | SCMAudit | user=jenkins1000 | ip=192.168.34.10 | op=SEND_HEARTBEAT {datanodeUUID=38f0bdbc-1089-4089-b877-2049a2a4e791, command=[]} | ret=SUCCESS |  
2019-08-28 06:34:06,849 | INFO  | DNAudit | user=null | ip=null | op=WRITE_CHUNK {blockData=conID: 1 locID: 102693210123730958 bcsId: 0} | ret=SUCCESS |  
2019-08-28 06:34:06,855 [grpc-default-executor-9] INFO  client.GrpcClientProtocolClient (GrpcClientProtocolClient.java:onNext(255)) - client-E4CEBB479A80->c5a75e6e-3ba6-4e01-8e6e-e37c55fb7020: receive RaftClientReply:client-E4CEBB479A80->c5a75e6e-3ba6-4e01-8e6e-e37c55fb7020@group-CCC405646EC7, cid=183, SUCCESS, logIndex=3, commits[c5a75e6e-3ba6-4e01-8e6e-e37c55fb7020:c3, 37ed6077-b3c7-4ece-80ea-a455fdabd61d:c2, 38f0bdbc-1089-4089-b877-2049a2a4e791:c2]
2019-08-28 06:34:06,857 | INFO  | DNAudit | user=null | ip=null | op=WRITE_CHUNK {blockData=conID: 1 locID: 102693210123730958 bcsId: 0} | ret=SUCCESS |  
2019-08-28 06:34:06,859 | INFO  | DNAudit | user=null | ip=null | op=WRITE_CHUNK {blockData=conID: 1 locID: 102693210123730958 bcsId: 0} | ret=SUCCESS |  
2019-08-28 06:34:06,859 | INFO  | DNAudit | user=null | ip=null | op=WRITE_CHUNK {blockData=conID: 1 locID: 102693210123730958 bcsId: 0} | ret=SUCCESS |  
2019-08-28 06:34:06,862 | INFO  | DNAudit | user=null | ip=null | op=WRITE_CHUNK {blockData=conID: 1 locID: 102693210123730958 bcsId: 0} | ret=SUCCESS |  
2019-08-28 06:34:06,863 | INFO  | DNAudit | user=null | ip=null | op=WRITE_CHUNK {blockData=conID: 1 locID: 102693210123730958 bcsId: 0} | ret=SUCCESS |  
2019-08-28 06:34:06,863 | INFO  | SCMAudit | user=jenkins1000 | ip=192.168.34.10 | op=SEND_HEARTBEAT {datanodeUUID=9e09162c-d652-4106-871c-162faebb3aaf, command=[]} | ret=SUCCESS |  
2019-08-28 06:34:06,863 | INFO  | DNAudit | user=null | ip=null | op=WRITE_CHUNK {blockData=conID: 1 locID: 102693210123730958 bcsId: 0} | ret=SUCCESS |  
2019-08-28 06:34:06,864 | INFO  | DNAudit | user=null | ip=null | op=WRITE_CHUNK {blockData=conID: 1 locID: 102693210123730958 bcsId: 0} | ret=SUCCESS |  
2019-08-28 06:34:06,864 | INFO  | DNAudit | user=null | ip=null | op=WRITE_CHUNK {blockData=conID: 1 locID: 102693210123730958 bcsId: 0} | ret=SUCCESS |  
2019-08-28 06:34:06,864 | INFO  | DNAudit | user=null | ip=null | op=WRITE_CHUNK {blockData=conID: 1 locID: 102693210123730958 bcsId: 0} | ret=SUCCESS |  
2019-08-28 06:34:06,864 | INFO  | DNAudit | user=null | ip=null | op=WRITE_CHUNK {blockData=conID: 1 locID: 102693210123730958 bcsId: 0} | ret=SUCCESS |  
2019-08-28 06:34:06,865 | INFO  | DNAudit | user=null | ip=null | op=WRITE_CHUNK {blockData=conID: 1 locID: 102693210123730958 bcsId: 0} | ret=SUCCESS |  
2019-08-28 06:34:06,875 | INFO  | DNAudit | user=null | ip=null | op=WRITE_CHUNK {blockData=conID: 1 locID: 102693210123730958 bcsId: 0} | ret=SUCCESS |  
2019-08-28 06:34:06,880 [grpc-default-executor-9] INFO  client.GrpcClientProtocolClient (GrpcClientProtocolClient.java:onNext(255)) - client-E4CEBB479A80->c5a75e6e-3ba6-4e01-8e6e-e37c55fb7020: receive RaftClientReply:client-E4CEBB479A80->c5a75e6e-3ba6-4e01-8e6e-e37c55fb7020@group-CCC405646EC7, cid=184, SUCCESS, logIndex=5, commits[c5a75e6e-3ba6-4e01-8e6e-e37c55fb7020:c6, 37ed6077-b3c7-4ece-80ea-a455fdabd61d:c3, 38f0bdbc-1089-4089-b877-2049a2a4e791:c3]
2019-08-28 06:34:06,880 | INFO  | DNAudit | user=null | ip=null | op=WRITE_CHUNK {blockData=conID: 1 locID: 102693210123730958 bcsId: 0} | ret=SUCCESS |  
2019-08-28 06:34:06,880 | INFO  | DNAudit | user=null | ip=null | op=WRITE_CHUNK {blockData=conID: 1 locID: 102693210123730958 bcsId: 0} | ret=SUCCESS |  
2019-08-28 06:34:06,924 | INFO  | DNAudit | user=null | ip=null | op=PUT_BLOCK {blockData=[blockId=conID: 1 locID: 102693210123730958 bcsId: 0,size=200]} | ret=SUCCESS |  
2019-08-28 06:34:06,924 | INFO  | DNAudit | user=null | ip=null | op=WRITE_CHUNK {blockData=conID: 1 locID: 102693210123730958 bcsId: 0} | ret=SUCCESS |  
2019-08-28 06:34:06,925 | INFO  | DNAudit | user=null | ip=null | op=WRITE_CHUNK {blockData=conID: 1 locID: 102693210123730958 bcsId: 0} | ret=SUCCESS |  
2019-08-28 06:34:06,925 [grpc-default-executor-9] INFO  client.GrpcClientProtocolClient (GrpcClientProtocolClient.java:onNext(255)) - client-E4CEBB479A80->c5a75e6e-3ba6-4e01-8e6e-e37c55fb7020: receive RaftClientReply:client-E4CEBB479A80->c5a75e6e-3ba6-4e01-8e6e-e37c55fb7020@group-CCC405646EC7, cid=185, SUCCESS, logIndex=6, commits[c5a75e6e-3ba6-4e01-8e6e-e37c55fb7020:c14, 37ed6077-b3c7-4ece-80ea-a455fdabd61d:c9, 38f0bdbc-1089-4089-b877-2049a2a4e791:c9]
2019-08-28 06:34:06,926 [grpc-default-executor-9] INFO  client.GrpcClientProtocolClient (GrpcClientProtocolClient.java:onNext(255)) - client-E4CEBB479A80->c5a75e6e-3ba6-4e01-8e6e-e37c55fb7020: receive RaftClientReply:client-E4CEBB479A80->c5a75e6e-3ba6-4e01-8e6e-e37c55fb7020@group-CCC405646EC7, cid=186, SUCCESS, logIndex=7, commits[c5a75e6e-3ba6-4e01-8e6e-e37c55fb7020:c14, 37ed6077-b3c7-4ece-80ea-a455fdabd61d:c9, 38f0bdbc-1089-4089-b877-2049a2a4e791:c9]
2019-08-28 06:34:06,927 [grpc-default-executor-9] INFO  client.GrpcClientProtocolClient (GrpcClientProtocolClient.java:onNext(255)) - client-E4CEBB479A80->c5a75e6e-3ba6-4e01-8e6e-e37c55fb7020: receive RaftClientReply:client-E4CEBB479A80->c5a75e6e-3ba6-4e01-8e6e-e37c55fb7020@group-CCC405646EC7, cid=187, SUCCESS, logIndex=8, commits[c5a75e6e-3ba6-4e01-8e6e-e37c55fb7020:c14, 37ed6077-b3c7-4ece-80ea-a455fdabd61d:c9, 38f0bdbc-1089-4089-b877-2049a2a4e791:c9]
2019-08-28 06:34:06,971 | INFO  | DNAudit | user=null | ip=null | op=PUT_BLOCK {blockData=[blockId=conID: 1 locID: 102693210123730958 bcsId: 0,size=200]} | ret=SUCCESS |  
2019-08-28 06:34:06,972 | INFO  | DNAudit | user=null | ip=null | op=WRITE_CHUNK {blockData=conID: 1 locID: 102693210123730958 bcsId: 0} | ret=SUCCESS |  
2019-08-28 06:34:06,972 | INFO  | DNAudit | user=null | ip=null | op=WRITE_CHUNK {blockData=conID: 1 locID: 102693210123730958 bcsId: 0} | ret=SUCCESS |  
2019-08-28 06:34:07,005 | INFO  | DNAudit | user=null | ip=null | op=PUT_BLOCK {blockData=[blockId=conID: 1 locID: 102693210123730958 bcsId: 0,size=400]} | ret=SUCCESS |  
2019-08-28 06:34:07,005 | INFO  | DNAudit | user=null | ip=null | op=PUT_BLOCK {blockData=[blockId=conID: 1 locID: 102693210123730958 bcsId: 0,size=400]} | ret=SUCCESS |  
2019-08-28 06:34:07,005 | INFO  | DNAudit | user=null | ip=null | op=PUT_BLOCK {blockData=[blockId=conID: 1 locID: 102693210123730958 bcsId: 0,size=200]} | ret=SUCCESS |  
2019-08-28 06:34:07,005 | INFO  | DNAudit | user=null | ip=null | op=WRITE_CHUNK {blockData=conID: 1 locID: 102693210123730958 bcsId: 0} | ret=SUCCESS |  
2019-08-28 06:34:07,005 | INFO  | DNAudit | user=null | ip=null | op=WRITE_CHUNK {blockData=conID: 1 locID: 102693210123730958 bcsId: 0} | ret=SUCCESS |  
2019-08-28 06:34:07,006 | INFO  | DNAudit | user=null | ip=null | op=PUT_BLOCK {blockData=[blockId=conID: 1 locID: 102693210123730958 bcsId: 0,size=400]} | ret=SUCCESS |  
2019-08-28 06:34:07,006 [grpc-default-executor-9] INFO  client.GrpcClientProtocolClient (GrpcClientProtocolClient.java:onNext(255)) - client-E4CEBB479A80->c5a75e6e-3ba6-4e01-8e6e-e37c55fb7020: receive RaftClientReply:client-E4CEBB479A80->c5a75e6e-3ba6-4e01-8e6e-e37c55fb7020@group-CCC405646EC7, cid=188, SUCCESS, logIndex=9, commits[c5a75e6e-3ba6-4e01-8e6e-e37c55fb7020:c14, 37ed6077-b3c7-4ece-80ea-a455fdabd61d:c9, 38f0bdbc-1089-4089-b877-2049a2a4e791:c9]
2019-08-28 06:34:07,010 | INFO  | DNAudit | user=null | ip=null | op=WRITE_CHUNK {blockData=conID: 1 locID: 102693210123730958 bcsId: 9} | ret=SUCCESS |  
2019-08-28 06:34:07,011 | INFO  | DNAudit | user=null | ip=null | op=WRITE_CHUNK {blockData=conID: 1 locID: 102693210123730958 bcsId: 9} | ret=SUCCESS |  
2019-08-28 06:34:07,012 | INFO  | DNAudit | user=null | ip=null | op=WRITE_CHUNK {blockData=conID: 1 locID: 102693210123730958 bcsId: 9} | ret=SUCCESS |  
2019-08-28 06:34:07,015 | INFO  | DNAudit | user=null | ip=null | op=WRITE_CHUNK {blockData=conID: 1 locID: 102693210123730958 bcsId: 9} | ret=SUCCESS |  
2019-08-28 06:34:07,019 | INFO  | DNAudit | user=null | ip=null | op=PUT_BLOCK {blockData=[blockId=conID: 1 locID: 102693210123730958 bcsId: 0,size=450]} | ret=SUCCESS |  
2019-08-28 06:34:07,020 | INFO  | DNAudit | user=null | ip=null | op=WRITE_CHUNK {blockData=conID: 1 locID: 102693210123730958 bcsId: 9} | ret=SUCCESS |  
2019-08-28 06:34:07,020 | INFO  | DNAudit | user=null | ip=null | op=WRITE_CHUNK {blockData=conID: 1 locID: 102693210123730958 bcsId: 9} | ret=SUCCESS |  
2019-08-28 06:34:07,020 [grpc-default-executor-9] INFO  client.GrpcClientProtocolClient (GrpcClientProtocolClient.java:onNext(255)) - client-E4CEBB479A80->c5a75e6e-3ba6-4e01-8e6e-e37c55fb7020: receive RaftClientReply:client-E4CEBB479A80->c5a75e6e-3ba6-4e01-8e6e-e37c55fb7020@group-CCC405646EC7, cid=189, SUCCESS, logIndex=15, commits[c5a75e6e-3ba6-4e01-8e6e-e37c55fb7020:c16, 37ed6077-b3c7-4ece-80ea-a455fdabd61d:c14, 38f0bdbc-1089-4089-b877-2049a2a4e791:c14]
2019-08-28 06:34:07,023 | INFO  | DNAudit | user=null | ip=null | op=PUT_BLOCK {blockData=[blockId=conID: 1 locID: 102693210123730958 bcsId: 0,size=450]} | ret=SUCCESS |  
2019-08-28 06:34:07,023 [grpc-default-executor-9] INFO  client.GrpcClientProtocolClient (GrpcClientProtocolClient.java:onNext(255)) - client-E4CEBB479A80->c5a75e6e-3ba6-4e01-8e6e-e37c55fb7020: receive RaftClientReply:client-E4CEBB479A80->c5a75e6e-3ba6-4e01-8e6e-e37c55fb7020@group-CCC405646EC7, cid=190, SUCCESS, logIndex=16, commits[c5a75e6e-3ba6-4e01-8e6e-e37c55fb7020:c16, 37ed6077-b3c7-4ece-80ea-a455fdabd61d:c14, 38f0bdbc-1089-4089-b877-2049a2a4e791:c14]
2019-08-28 06:34:07,030 | INFO  | DNAudit | user=null | ip=null | op=PUT_BLOCK {blockData=[blockId=conID: 1 locID: 102693210123730958 bcsId: 0,size=450]} | ret=SUCCESS |  
2019-08-28 06:34:07,033 [grpc-default-executor-9] INFO  client.GrpcClientProtocolClient (GrpcClientProtocolClient.java:onNext(255)) - client-E4CEBB479A80->c5a75e6e-3ba6-4e01-8e6e-e37c55fb7020: receive RaftClientReply:client-E4CEBB479A80->c5a75e6e-3ba6-4e01-8e6e-e37c55fb7020@group-CCC405646EC7, cid=191, SUCCESS, logIndex=0, commits[c5a75e6e-3ba6-4e01-8e6e-e37c55fb7020:c18, 37ed6077-b3c7-4ece-80ea-a455fdabd61d:c16, 38f0bdbc-1089-4089-b877-2049a2a4e791:c16]
2019-08-28 06:34:07,034 [main] INFO  datanode.ObjectStoreHandler (ObjectStoreHandler.java:close(155)) - Closing ObjectStoreHandler.
2019-08-28 06:34:07,034 [main] INFO  ozone.HddsDatanodeService (HddsDatanodeService.java:stop(451)) - Stopped plug-in org.apache.hadoop.ozone.web.OzoneHddsDatanodeService@718198db
2019-08-28 06:34:07,358 | INFO  | SCMAudit | user=jenkins1000 | ip=192.168.34.10 | op=SEND_HEARTBEAT {datanodeUUID=4aaf653c-c443-4044-b7ad-f4623e7320a2, command=[]} | ret=SUCCESS |  
2019-08-28 06:34:07,366 | INFO  | SCMAudit | user=jenkins1000 | ip=192.168.34.10 | op=SEND_HEARTBEAT {datanodeUUID=9d3a01fd-5b16-441f-ba7a-7e38b292dbb2, command=[]} | ret=SUCCESS |  
2019-08-28 06:34:07,567 | INFO  | SCMAudit | user=jenkins1000 | ip=192.168.34.10 | op=SEND_HEARTBEAT {datanodeUUID=9cd1cf0b-08ae-4d53-8ceb-815e7e017b07, command=[]} | ret=SUCCESS |  
2019-08-28 06:34:07,829 [Datanode State Machine Thread - 0] INFO  statemachine.DatanodeStateMachine (DatanodeStateMachine.java:lambda$startDaemon$0(350)) - Ozone container server started.
2019-08-28 06:34:07,829 | INFO  | SCMAudit | user=jenkins1000 | ip=192.168.34.10 | op=SEND_HEARTBEAT {datanodeUUID=38f0bdbc-1089-4089-b877-2049a2a4e791, command=[]} | ret=SUCCESS |  
2019-08-28 06:34:07,829 | INFO  | SCMAudit | user=jenkins1000 | ip=192.168.34.10 | op=SEND_HEARTBEAT {datanodeUUID=37ed6077-b3c7-4ece-80ea-a455fdabd61d, command=[]} | ret=SUCCESS |  
2019-08-28 06:34:07,863 | INFO  | SCMAudit | user=jenkins1000 | ip=192.168.34.10 | op=SEND_HEARTBEAT {datanodeUUID=9e09162c-d652-4106-871c-162faebb3aaf, command=[]} | ret=SUCCESS |  
2019-08-28 06:34:08,359 | INFO  | SCMAudit | user=jenkins1000 | ip=192.168.34.10 | op=SEND_HEARTBEAT {datanodeUUID=4aaf653c-c443-4044-b7ad-f4623e7320a2, command=[]} | ret=SUCCESS |  
2019-08-28 06:34:08,367 | INFO  | SCMAudit | user=jenkins1000 | ip=192.168.34.10 | op=SEND_HEARTBEAT {datanodeUUID=9d3a01fd-5b16-441f-ba7a-7e38b292dbb2, command=[]} | ret=SUCCESS |  
2019-08-28 06:34:08,568 | INFO  | SCMAudit | user=jenkins1000 | ip=192.168.34.10 | op=SEND_HEARTBEAT {datanodeUUID=9cd1cf0b-08ae-4d53-8ceb-815e7e017b07, command=[]} | ret=SUCCESS |  
2019-08-28 06:34:08,829 | INFO  | SCMAudit | user=jenkins1000 | ip=192.168.34.10 | op=SEND_HEARTBEAT {datanodeUUID=38f0bdbc-1089-4089-b877-2049a2a4e791, command=[]} | ret=SUCCESS |  
2019-08-28 06:34:08,829 | INFO  | SCMAudit | user=jenkins1000 | ip=192.168.34.10 | op=SEND_HEARTBEAT {datanodeUUID=37ed6077-b3c7-4ece-80ea-a455fdabd61d, command=[]} | ret=SUCCESS |  
2019-08-28 06:34:08,863 | INFO  | SCMAudit | user=jenkins1000 | ip=192.168.34.10 | op=SEND_HEARTBEAT {datanodeUUID=9e09162c-d652-4106-871c-162faebb3aaf, command=[]} | ret=SUCCESS |  
2019-08-28 06:34:09,359 | INFO  | SCMAudit | user=jenkins1000 | ip=192.168.34.10 | op=SEND_HEARTBEAT {datanodeUUID=4aaf653c-c443-4044-b7ad-f4623e7320a2, command=[]} | ret=SUCCESS |  
2019-08-28 06:34:09,367 | INFO  | SCMAudit | user=jenkins1000 | ip=192.168.34.10 | op=SEND_HEARTBEAT {datanodeUUID=9d3a01fd-5b16-441f-ba7a-7e38b292dbb2, command=[]} | ret=SUCCESS |  
2019-08-28 06:34:09,568 | INFO  | SCMAudit | user=jenkins1000 | ip=192.168.34.10 | op=SEND_HEARTBEAT {datanodeUUID=9cd1cf0b-08ae-4d53-8ceb-815e7e017b07, command=[]} | ret=SUCCESS |  
2019-08-28 06:34:09,829 | INFO  | SCMAudit | user=jenkins1000 | ip=192.168.34.10 | op=SEND_HEARTBEAT {datanodeUUID=37ed6077-b3c7-4ece-80ea-a455fdabd61d, command=[]} | ret=SUCCESS |  
2019-08-28 06:34:09,829 | INFO  | SCMAudit | user=jenkins1000 | ip=192.168.34.10 | op=SEND_HEARTBEAT {datanodeUUID=38f0bdbc-1089-4089-b877-2049a2a4e791, command=[]} | ret=SUCCESS |  
2019-08-28 06:34:09,863 | INFO  | SCMAudit | user=jenkins1000 | ip=192.168.34.10 | op=SEND_HEARTBEAT {datanodeUUID=9e09162c-d652-4106-871c-162faebb3aaf, command=[]} | ret=SUCCESS |  
2019-08-28 06:34:10,359 | INFO  | SCMAudit | user=jenkins1000 | ip=192.168.34.10 | op=SEND_HEARTBEAT {datanodeUUID=4aaf653c-c443-4044-b7ad-f4623e7320a2, command=[]} | ret=SUCCESS |  
2019-08-28 06:34:10,367 | INFO  | SCMAudit | user=jenkins1000 | ip=192.168.34.10 | op=SEND_HEARTBEAT {datanodeUUID=9d3a01fd-5b16-441f-ba7a-7e38b292dbb2, command=[]} | ret=SUCCESS |  
2019-08-28 06:34:10,567 | INFO  | SCMAudit | user=jenkins1000 | ip=192.168.34.10 | op=SEND_HEARTBEAT {datanodeUUID=9cd1cf0b-08ae-4d53-8ceb-815e7e017b07, command=[]} | ret=SUCCESS |  
2019-08-28 06:34:10,830 | INFO  | SCMAudit | user=jenkins1000 | ip=192.168.34.10 | op=SEND_HEARTBEAT {datanodeUUID=38f0bdbc-1089-4089-b877-2049a2a4e791, command=[]} | ret=SUCCESS |  
2019-08-28 06:34:10,830 | INFO  | SCMAudit | user=jenkins1000 | ip=192.168.34.10 | op=SEND_HEARTBEAT {datanodeUUID=37ed6077-b3c7-4ece-80ea-a455fdabd61d, command=[]} | ret=SUCCESS |  
2019-08-28 06:34:10,863 | INFO  | SCMAudit | user=jenkins1000 | ip=192.168.34.10 | op=SEND_HEARTBEAT {datanodeUUID=9e09162c-d652-4106-871c-162faebb3aaf, command=[]} | ret=SUCCESS |  
2019-08-28 06:34:11,360 | INFO  | SCMAudit | user=jenkins1000 | ip=192.168.34.10 | op=SEND_HEARTBEAT {datanodeUUID=4aaf653c-c443-4044-b7ad-f4623e7320a2, command=[]} | ret=SUCCESS |  
2019-08-28 06:34:11,367 | INFO  | SCMAudit | user=jenkins1000 | ip=192.168.34.10 | op=SEND_HEARTBEAT {datanodeUUID=9d3a01fd-5b16-441f-ba7a-7e38b292dbb2, command=[]} | ret=SUCCESS |  
2019-08-28 06:34:11,568 | INFO  | SCMAudit | user=jenkins1000 | ip=192.168.34.10 | op=SEND_HEARTBEAT {datanodeUUID=9cd1cf0b-08ae-4d53-8ceb-815e7e017b07, command=[]} | ret=SUCCESS |  
2019-08-28 06:34:11,830 | INFO  | SCMAudit | user=jenkins1000 | ip=192.168.34.10 | op=SEND_HEARTBEAT {datanodeUUID=38f0bdbc-1089-4089-b877-2049a2a4e791, command=[]} | ret=SUCCESS |  
2019-08-28 06:34:11,830 | INFO  | SCMAudit | user=jenkins1000 | ip=192.168.34.10 | op=SEND_HEARTBEAT {datanodeUUID=37ed6077-b3c7-4ece-80ea-a455fdabd61d, command=[]} | ret=SUCCESS |  
2019-08-28 06:34:11,845 [EventQueue-StaleNodeForStaleNodeHandler] INFO  node.StaleNodeHandler (StaleNodeHandler.java:onMessage(58)) - Datanode c5a75e6e-3ba6-4e01-8e6e-e37c55fb7020{ip: 192.168.34.10, host: pr-hdds-1783-trunk-8fbk5-3374829961, networkLocation: /default-rack, certSerialId: null} moved to stale state. Finalizing its pipelines [PipelineID=6fe699a3-5b97-4185-bcd4-ccc405646ec7, PipelineID=da106eaf-e2c9-4dfc-a517-907b3ae99065]
2019-08-28 06:34:11,845 [EventQueue-StaleNodeForStaleNodeHandler] INFO  pipeline.SCMPipelineManager (SCMPipelineManager.java:finalizeAndDestroyPipeline(309)) - destroying pipeline:Pipeline[ Id: 6fe699a3-5b97-4185-bcd4-ccc405646ec7, Nodes: c5a75e6e-3ba6-4e01-8e6e-e37c55fb7020{ip: 192.168.34.10, host: pr-hdds-1783-trunk-8fbk5-3374829961, networkLocation: /default-rack, certSerialId: null}38f0bdbc-1089-4089-b877-2049a2a4e791{ip: 192.168.34.10, host: pr-hdds-1783-trunk-8fbk5-3374829961, networkLocation: /default-rack, certSerialId: null}37ed6077-b3c7-4ece-80ea-a455fdabd61d{ip: 192.168.34.10, host: pr-hdds-1783-trunk-8fbk5-3374829961, networkLocation: /default-rack, certSerialId: null}, Type:RATIS, Factor:THREE, State:OPEN]
2019-08-28 06:34:11,845 [EventQueue-StaleNodeForStaleNodeHandler] INFO  pipeline.PipelineStateManager (PipelineStateManager.java:finalizePipeline(123)) - Pipeline Pipeline[ Id: 6fe699a3-5b97-4185-bcd4-ccc405646ec7, Nodes: c5a75e6e-3ba6-4e01-8e6e-e37c55fb7020{ip: 192.168.34.10, host: pr-hdds-1783-trunk-8fbk5-3374829961, networkLocation: /default-rack, certSerialId: null}38f0bdbc-1089-4089-b877-2049a2a4e791{ip: 192.168.34.10, host: pr-hdds-1783-trunk-8fbk5-3374829961, networkLocation: /default-rack, certSerialId: null}37ed6077-b3c7-4ece-80ea-a455fdabd61d{ip: 192.168.34.10, host: pr-hdds-1783-trunk-8fbk5-3374829961, networkLocation: /default-rack, certSerialId: null}, Type:RATIS, Factor:THREE, State:CLOSED] moved to CLOSED state
2019-08-28 06:34:11,846 [EventQueue-StaleNodeForStaleNodeHandler] INFO  pipeline.SCMPipelineManager (SCMPipelineManager.java:finalizeAndDestroyPipeline(309)) - destroying pipeline:Pipeline[ Id: da106eaf-e2c9-4dfc-a517-907b3ae99065, Nodes: c5a75e6e-3ba6-4e01-8e6e-e37c55fb7020{ip: 192.168.34.10, host: pr-hdds-1783-trunk-8fbk5-3374829961, networkLocation: /default-rack, certSerialId: null}, Type:RATIS, Factor:ONE, State:OPEN]
2019-08-28 06:34:11,846 [EventQueue-CloseContainerForCloseContainerEventHandler] INFO  container.CloseContainerEventHandler (CloseContainerEventHandler.java:onMessage(61)) - Close container Event triggered for container : #1
2019-08-28 06:34:11,846 [EventQueue-StaleNodeForStaleNodeHandler] INFO  pipeline.PipelineStateManager (PipelineStateManager.java:finalizePipeline(123)) - Pipeline Pipeline[ Id: da106eaf-e2c9-4dfc-a517-907b3ae99065, Nodes: c5a75e6e-3ba6-4e01-8e6e-e37c55fb7020{ip: 192.168.34.10, host: pr-hdds-1783-trunk-8fbk5-3374829961, networkLocation: /default-rack, certSerialId: null}, Type:RATIS, Factor:ONE, State:CLOSED] moved to CLOSED state
2019-08-28 06:34:11,863 | INFO  | SCMAudit | user=jenkins1000 | ip=192.168.34.10 | op=SEND_HEARTBEAT {datanodeUUID=9e09162c-d652-4106-871c-162faebb3aaf, command=[]} | ret=SUCCESS |  
2019-08-28 06:34:12,035 [main] INFO  ozoneimpl.OzoneContainer (OzoneContainer.java:stop(199)) - Attempting to stop container services.
2019-08-28 06:34:12,036 [main] INFO  impl.RaftServerProxy (RaftServerProxy.java:lambda$close$4(314)) - c5a75e6e-3ba6-4e01-8e6e-e37c55fb7020: close
2019-08-28 06:34:12,037 [main] INFO  impl.RaftServerImpl (RaftServerImpl.java:lambda$shutdown$3(245)) - c5a75e6e-3ba6-4e01-8e6e-e37c55fb7020: shutdown group-CCC405646EC7
2019-08-28 06:34:12,037 [ForkJoinPool.commonPool-worker-1] INFO  impl.RaftServerImpl (RaftServerImpl.java:lambda$shutdown$3(245)) - c5a75e6e-3ba6-4e01-8e6e-e37c55fb7020: shutdown group-907B3AE99065
2019-08-28 06:34:12,037 [main] INFO  util.JmxRegister (JmxRegister.java:unregister(73)) - Successfully un-registered JMX Bean with object name Ratis:service=RaftServer,group=group-CCC405646EC7,id=c5a75e6e-3ba6-4e01-8e6e-e37c55fb7020
2019-08-28 06:34:12,037 [ForkJoinPool.commonPool-worker-1] INFO  util.JmxRegister (JmxRegister.java:unregister(73)) - Successfully un-registered JMX Bean with object name Ratis:service=RaftServer,group=group-907B3AE99065,id=c5a75e6e-3ba6-4e01-8e6e-e37c55fb7020
2019-08-28 06:34:12,038 [main] INFO  impl.RoleInfo (RoleInfo.java:shutdownLeaderState(104)) - c5a75e6e-3ba6-4e01-8e6e-e37c55fb7020: shutdown LeaderState
2019-08-28 06:34:12,038 [ForkJoinPool.commonPool-worker-1] INFO  impl.RoleInfo (RoleInfo.java:shutdownLeaderState(104)) - c5a75e6e-3ba6-4e01-8e6e-e37c55fb7020: shutdown LeaderState
2019-08-28 06:34:12,045 [org.apache.ratis.server.impl.LogAppender$AppenderDaemon$$Lambda$500/577719139@44618bb5] WARN  server.GrpcLogAppender (GrpcLogAppender.java:mayWait(143)) - GrpcLogAppender(c5a75e6e-3ba6-4e01-8e6e-e37c55fb7020->37ed6077-b3c7-4ece-80ea-a455fdabd61d): Wait interrupted by java.lang.InterruptedException
2019-08-28 06:34:12,045 [org.apache.ratis.server.impl.LogAppender$AppenderDaemon$$Lambda$500/577719139@1630d5d] WARN  server.GrpcLogAppender (GrpcLogAppender.java:mayWait(143)) - GrpcLogAppender(c5a75e6e-3ba6-4e01-8e6e-e37c55fb7020->38f0bdbc-1089-4089-b877-2049a2a4e791): Wait interrupted by java.lang.InterruptedException
2019-08-28 06:34:12,045 [main] INFO  impl.PendingRequests (PendingRequests.java:sendNotLeaderResponses(202)) - c5a75e6e-3ba6-4e01-8e6e-e37c55fb7020-PendingRequests: sendNotLeaderResponses
2019-08-28 06:34:12,045 [grpc-default-executor-10] INFO  server.GrpcServerProtocolService (GrpcServerProtocolService.java:onCompleted(104)) - 38f0bdbc-1089-4089-b877-2049a2a4e791: appendEntries completed
2019-08-28 06:34:12,045 [grpc-default-executor-9] INFO  server.GrpcServerProtocolService (GrpcServerProtocolService.java:onCompleted(104)) - 37ed6077-b3c7-4ece-80ea-a455fdabd61d: appendEntries completed
2019-08-28 06:34:12,045 [ForkJoinPool.commonPool-worker-1] INFO  impl.PendingRequests (PendingRequests.java:sendNotLeaderResponses(202)) - c5a75e6e-3ba6-4e01-8e6e-e37c55fb7020-PendingRequests: sendNotLeaderResponses
2019-08-28 06:34:12,051 [StateMachineUpdater:c5a75e6e-3ba6-4e01-8e6e-e37c55fb7020:group-CCC405646EC7] INFO  ratis.ContainerStateMachine (ContainerStateMachine.java:takeSnapshot(283)) - group-CCC405646EC7: Taking a snapshot at:(t:4, i:16) file /workdir/hadoop-ozone/integration-test/target/test-dir/MiniOzoneClusterImpl-dfe718bc-bd4c-4c80-9b1d-75633119d19d/datanode-3/data/ratis/6fe699a3-5b97-4185-bcd4-ccc405646ec7/sm/snapshot.4_16
2019-08-28 06:34:12,051 [grpc-default-executor-10] INFO  server.GrpcLogAppender (GrpcLogAppender.java:onCompleted(292)) - c5a75e6e-3ba6-4e01-8e6e-e37c55fb7020->38f0bdbc-1089-4089-b877-2049a2a4e791: follower responses appendEntries COMPLETED
2019-08-28 06:34:12,050 [main] INFO  impl.StateMachineUpdater (StateMachineUpdater.java:stopAndJoin(115)) - StateMachineUpdater:c5a75e6e-3ba6-4e01-8e6e-e37c55fb7020:group-CCC405646EC7: set stopIndex = 18
2019-08-28 06:34:12,051 [grpc-default-executor-10] INFO  impl.FollowerInfo (FollowerInfo.java:lambda$new$0(50)) - c5a75e6e-3ba6-4e01-8e6e-e37c55fb7020->38f0bdbc-1089-4089-b877-2049a2a4e791: nextIndex: updateUnconditionally 19 -> 18
2019-08-28 06:34:12,051 [grpc-default-executor-9] INFO  server.GrpcLogAppender (GrpcLogAppender.java:onCompleted(292)) - c5a75e6e-3ba6-4e01-8e6e-e37c55fb7020->37ed6077-b3c7-4ece-80ea-a455fdabd61d: follower responses appendEntries COMPLETED
2019-08-28 06:34:12,051 [ForkJoinPool.commonPool-worker-1] INFO  impl.StateMachineUpdater (StateMachineUpdater.java:stopAndJoin(115)) - StateMachineUpdater:c5a75e6e-3ba6-4e01-8e6e-e37c55fb7020:group-907B3AE99065: set stopIndex = 0
2019-08-28 06:34:12,052 [grpc-default-executor-9] INFO  impl.FollowerInfo (FollowerInfo.java:lambda$new$0(50)) - c5a75e6e-3ba6-4e01-8e6e-e37c55fb7020->37ed6077-b3c7-4ece-80ea-a455fdabd61d: nextIndex: updateUnconditionally 19 -> 18
2019-08-28 06:34:12,052 [ForkJoinPool.commonPool-worker-1] INFO  impl.RaftServerImpl (ServerState.java:close(394)) - c5a75e6e-3ba6-4e01-8e6e-e37c55fb7020:group-907B3AE99065 closes. The last applied log index is 0
2019-08-28 06:34:12,053 [c5a75e6e-3ba6-4e01-8e6e-e37c55fb7020-SegmentedRaftLogWorker:Storage Directory /workdir/hadoop-ozone/integration-test/target/test-dir/MiniOzoneClusterImpl-dfe718bc-bd4c-4c80-9b1d-75633119d19d/datanode-3/data/ratis/da106eaf-e2c9-4dfc-a517-907b3ae99065] INFO  segmented.SegmentedRaftLogWorker (SegmentedRaftLogWorker.java:run(313)) - c5a75e6e-3ba6-4e01-8e6e-e37c55fb7020-SegmentedRaftLogWorker:Storage Directory /workdir/hadoop-ozone/integration-test/target/test-dir/MiniOzoneClusterImpl-dfe718bc-bd4c-4c80-9b1d-75633119d19d/datanode-3/data/ratis/da106eaf-e2c9-4dfc-a517-907b3ae99065 was interrupted, exiting. There are 0 tasks remaining in the queue.
2019-08-28 06:34:12,057 [ForkJoinPool.commonPool-worker-1] INFO  segmented.SegmentedRaftLogWorker (SegmentedRaftLogWorker.java:close(228)) - c5a75e6e-3ba6-4e01-8e6e-e37c55fb7020-SegmentedRaftLogWorker:Storage Directory /workdir/hadoop-ozone/integration-test/target/test-dir/MiniOzoneClusterImpl-dfe718bc-bd4c-4c80-9b1d-75633119d19d/datanode-3/data/ratis/da106eaf-e2c9-4dfc-a517-907b3ae99065 close()
2019-08-28 06:34:12,061 [StateMachineUpdater:c5a75e6e-3ba6-4e01-8e6e-e37c55fb7020:group-CCC405646EC7] INFO  ratis.ContainerStateMachine (ContainerStateMachine.java:takeSnapshot(294)) - group-CCC405646EC7: Finished taking a snapshot at:(t:4, i:16) file:/workdir/hadoop-ozone/integration-test/target/test-dir/MiniOzoneClusterImpl-dfe718bc-bd4c-4c80-9b1d-75633119d19d/datanode-3/data/ratis/6fe699a3-5b97-4185-bcd4-ccc405646ec7/sm/snapshot.4_16 time:10
2019-08-28 06:34:12,061 [StateMachineUpdater:c5a75e6e-3ba6-4e01-8e6e-e37c55fb7020:group-CCC405646EC7] INFO  impl.StateMachineUpdater (StateMachineUpdater.java:takeSnapshot(242)) - StateMachineUpdater:c5a75e6e-3ba6-4e01-8e6e-e37c55fb7020:group-CCC405646EC7: Took a snapshot at index 16
2019-08-28 06:34:12,061 [StateMachineUpdater:c5a75e6e-3ba6-4e01-8e6e-e37c55fb7020:group-CCC405646EC7] INFO  impl.StateMachineUpdater (StateMachineUpdater.java:lambda$new$0(80)) - StateMachineUpdater:c5a75e6e-3ba6-4e01-8e6e-e37c55fb7020:group-CCC405646EC7: snapshotIndex: updateIncreasingly -1 -> 16
2019-08-28 06:34:12,062 [main] INFO  impl.RaftServerImpl (ServerState.java:close(394)) - c5a75e6e-3ba6-4e01-8e6e-e37c55fb7020:group-CCC405646EC7 closes. The last applied log index is 18
2019-08-28 06:34:12,063 [c5a75e6e-3ba6-4e01-8e6e-e37c55fb7020-SegmentedRaftLogWorker:Storage Directory /workdir/hadoop-ozone/integration-test/target/test-dir/MiniOzoneClusterImpl-dfe718bc-bd4c-4c80-9b1d-75633119d19d/datanode-3/data/ratis/6fe699a3-5b97-4185-bcd4-ccc405646ec7] INFO  segmented.SegmentedRaftLogWorker (SegmentedRaftLogWorker.java:run(313)) - c5a75e6e-3ba6-4e01-8e6e-e37c55fb7020-SegmentedRaftLogWorker:Storage Directory /workdir/hadoop-ozone/integration-test/target/test-dir/MiniOzoneClusterImpl-dfe718bc-bd4c-4c80-9b1d-75633119d19d/datanode-3/data/ratis/6fe699a3-5b97-4185-bcd4-ccc405646ec7 was interrupted, exiting. There are 0 tasks remaining in the queue.
2019-08-28 06:34:12,065 [main] INFO  segmented.SegmentedRaftLogWorker (SegmentedRaftLogWorker.java:close(228)) - c5a75e6e-3ba6-4e01-8e6e-e37c55fb7020-SegmentedRaftLogWorker:Storage Directory /workdir/hadoop-ozone/integration-test/target/test-dir/MiniOzoneClusterImpl-dfe718bc-bd4c-4c80-9b1d-75633119d19d/datanode-3/data/ratis/6fe699a3-5b97-4185-bcd4-ccc405646ec7 close()
2019-08-28 06:34:12,070 [main] INFO  server.GrpcService (GrpcService.java:closeImpl(155)) - c5a75e6e-3ba6-4e01-8e6e-e37c55fb7020: shutdown server with port 36884 now
2019-08-28 06:34:12,071 [grpc-default-executor-10] WARN  client.GrpcClientProtocolService (LogUtils.java:warn(134)) - 7-UnorderedRequestStreamObserver7: onError: org.apache.ratis.thirdparty.io.grpc.StatusRuntimeException: CANCELLED: cancelled before receiving half close
2019-08-28 06:34:12,071 [main] INFO  server.GrpcService (GrpcService.java:closeImpl(163)) - c5a75e6e-3ba6-4e01-8e6e-e37c55fb7020: shutdown server with port 36884 successfully
2019-08-28 06:34:12,074 [main] INFO  utils.BackgroundService (BackgroundService.java:shutdown(148)) - Shutting down service BlockDeletingService
2019-08-28 06:34:12,075 [refreshUsed-/workdir/hadoop-ozone/integration-test/target/test-dir/MiniOzoneClusterImpl-dfe718bc-bd4c-4c80-9b1d-75633119d19d/datanode-3/data/containers] WARN  fs.CachingGetSpaceUsed (CachingGetSpaceUsed.java:run(183)) - Thread Interrupted waiting to refresh disk information: sleep interrupted
2019-08-28 06:34:12,101 [main] INFO  statemachine.DatanodeStateMachine (DatanodeStateMachine.java:stopDaemon(395)) - Ozone container server stopped.
2019-08-28 06:34:12,111 [main] INFO  handler.ContextHandler (ContextHandler.java:doStop(910)) - Stopped o.e.j.w.WebAppContext@6517bc6b{/,null,UNAVAILABLE}{/hddsDatanode}
2019-08-28 06:34:12,112 [main] INFO  server.AbstractConnector (AbstractConnector.java:doStop(318)) - Stopped ServerConnector@53d3d604{HTTP/1.1,[http/1.1]}{0.0.0.0:0}
2019-08-28 06:34:12,112 [main] INFO  handler.ContextHandler (ContextHandler.java:doStop(910)) - Stopped o.e.j.s.ServletContextHandler@381ed137{/static,jar:file:/home/user/.m2/repository/org/apache/hadoop/hadoop-hdds-container-service/0.5.0-SNAPSHOT/hadoop-hdds-container-service-0.5.0-SNAPSHOT.jar!/webapps/static,UNAVAILABLE}
2019-08-28 06:34:12,112 [main] INFO  handler.ContextHandler (ContextHandler.java:doStop(910)) - Stopped o.e.j.s.ServletContextHandler@4867f5cf{/logs,file:///workdir/hadoop-ozone/integration-test/target/log,UNAVAILABLE}
2019-08-28 06:34:12,360 | INFO  | SCMAudit | user=jenkins1000 | ip=192.168.34.10 | op=SEND_HEARTBEAT {datanodeUUID=4aaf653c-c443-4044-b7ad-f4623e7320a2, command=[]} | ret=SUCCESS |  
2019-08-28 06:34:12,367 | INFO  | SCMAudit | user=jenkins1000 | ip=192.168.34.10 | op=SEND_HEARTBEAT {datanodeUUID=9d3a01fd-5b16-441f-ba7a-7e38b292dbb2, command=[]} | ret=SUCCESS |  
2019-08-28 06:34:12,568 | INFO  | SCMAudit | user=jenkins1000 | ip=192.168.34.10 | op=SEND_HEARTBEAT {datanodeUUID=9cd1cf0b-08ae-4d53-8ceb-815e7e017b07, command=[]} | ret=SUCCESS |  
2019-08-28 06:34:12,831 | INFO  | SCMAudit | user=jenkins1000 | ip=192.168.34.10 | op=SEND_HEARTBEAT {datanodeUUID=37ed6077-b3c7-4ece-80ea-a455fdabd61d, command=[commandType: closeContainerCommand closeContainerCommandProto { containerID: 1 pipelineID { id: "6fe699a3-5b97-4185-bcd4-ccc405646ec7" } cmdId: 1 force: false } ]} | ret=SUCCESS |  
2019-08-28 06:34:12,831 | INFO  | SCMAudit | user=jenkins1000 | ip=192.168.34.10 | op=SEND_HEARTBEAT {datanodeUUID=38f0bdbc-1089-4089-b877-2049a2a4e791, command=[commandType: closeContainerCommand closeContainerCommandProto { containerID: 1 pipelineID { id: "6fe699a3-5b97-4185-bcd4-ccc405646ec7" } cmdId: 1 force: false } ]} | ret=SUCCESS |  
2019-08-28 06:34:12,863 | INFO  | SCMAudit | user=jenkins1000 | ip=192.168.34.10 | op=SEND_HEARTBEAT {datanodeUUID=9e09162c-d652-4106-871c-162faebb3aaf, command=[]} | ret=SUCCESS |  
2019-08-28 06:34:13,359 | INFO  | SCMAudit | user=jenkins1000 | ip=192.168.34.10 | op=SEND_HEARTBEAT {datanodeUUID=4aaf653c-c443-4044-b7ad-f4623e7320a2, command=[]} | ret=SUCCESS |  
2019-08-28 06:34:13,368 | INFO  | SCMAudit | user=jenkins1000 | ip=192.168.34.10 | op=SEND_HEARTBEAT {datanodeUUID=9d3a01fd-5b16-441f-ba7a-7e38b292dbb2, command=[]} | ret=SUCCESS |  
2019-08-28 06:34:13,567 | INFO  | SCMAudit | user=jenkins1000 | ip=192.168.34.10 | op=SEND_HEARTBEAT {datanodeUUID=9cd1cf0b-08ae-4d53-8ceb-815e7e017b07, command=[]} | ret=SUCCESS |  
2019-08-28 06:34:13,830 | INFO  | SCMAudit | user=jenkins1000 | ip=192.168.34.10 | op=SEND_HEARTBEAT {datanodeUUID=38f0bdbc-1089-4089-b877-2049a2a4e791, command=[]} | ret=SUCCESS |  
2019-08-28 06:34:13,830 | INFO  | SCMAudit | user=jenkins1000 | ip=192.168.34.10 | op=SEND_HEARTBEAT {datanodeUUID=37ed6077-b3c7-4ece-80ea-a455fdabd61d, command=[]} | ret=SUCCESS |  
2019-08-28 06:34:13,845 | INFO  | SCMAudit | user=jenkins1000 | ip=192.168.34.10 | op=SEND_HEARTBEAT {datanodeUUID=38f0bdbc-1089-4089-b877-2049a2a4e791, command=[]} | ret=SUCCESS |  
2019-08-28 06:34:13,846 | INFO  | SCMAudit | user=jenkins1000 | ip=192.168.34.10 | op=SEND_HEARTBEAT {datanodeUUID=37ed6077-b3c7-4ece-80ea-a455fdabd61d, command=[]} | ret=SUCCESS |  
2019-08-28 06:34:13,863 | INFO  | SCMAudit | user=jenkins1000 | ip=192.168.34.10 | op=SEND_HEARTBEAT {datanodeUUID=9e09162c-d652-4106-871c-162faebb3aaf, command=[]} | ret=SUCCESS |  
2019-08-28 06:34:14,125 [grpc-default-executor-10] INFO  client.GrpcClientProtocolClient (GrpcClientProtocolClient.java:onNext(255)) - client-E4CEBB479A80->38f0bdbc-1089-4089-b877-2049a2a4e791: receive RaftClientReply:client-E4CEBB479A80->38f0bdbc-1089-4089-b877-2049a2a4e791@group-CCC405646EC7, cid=192, FAILED org.apache.ratis.protocol.NotLeaderException: Server 38f0bdbc-1089-4089-b877-2049a2a4e791 is not the leader (c5a75e6e-3ba6-4e01-8e6e-e37c55fb7020:192.168.34.10:36884). Request must be sent to leader., logIndex=0, commits[38f0bdbc-1089-4089-b877-2049a2a4e791:c18, c5a75e6e-3ba6-4e01-8e6e-e37c55fb7020:c18, 37ed6077-b3c7-4ece-80ea-a455fdabd61d:c18]
2019-08-28 06:34:14,359 | INFO  | SCMAudit | user=jenkins1000 | ip=192.168.34.10 | op=SEND_HEARTBEAT {datanodeUUID=4aaf653c-c443-4044-b7ad-f4623e7320a2, command=[]} | ret=SUCCESS |  
2019-08-28 06:34:14,368 | INFO  | SCMAudit | user=jenkins1000 | ip=192.168.34.10 | op=SEND_HEARTBEAT {datanodeUUID=9d3a01fd-5b16-441f-ba7a-7e38b292dbb2, command=[]} | ret=SUCCESS |  
2019-08-28 06:34:14,567 | INFO  | SCMAudit | user=jenkins1000 | ip=192.168.34.10 | op=SEND_HEARTBEAT {datanodeUUID=9cd1cf0b-08ae-4d53-8ceb-815e7e017b07, command=[]} | ret=SUCCESS |  
2019-08-28 06:34:14,845 | INFO  | SCMAudit | user=jenkins1000 | ip=192.168.34.10 | op=SEND_HEARTBEAT {datanodeUUID=37ed6077-b3c7-4ece-80ea-a455fdabd61d, command=[]} | ret=SUCCESS |  
2019-08-28 06:34:14,845 | INFO  | SCMAudit | user=jenkins1000 | ip=192.168.34.10 | op=SEND_HEARTBEAT {datanodeUUID=38f0bdbc-1089-4089-b877-2049a2a4e791, command=[]} | ret=SUCCESS |  
2019-08-28 06:34:14,863 | INFO  | SCMAudit | user=jenkins1000 | ip=192.168.34.10 | op=SEND_HEARTBEAT {datanodeUUID=9e09162c-d652-4106-871c-162faebb3aaf, command=[]} | ret=SUCCESS |  
2019-08-28 06:34:15,139 [grpc-default-executor-5] INFO  client.GrpcClientProtocolClient (GrpcClientProtocolClient.java:onNext(255)) - client-E4CEBB479A80->38f0bdbc-1089-4089-b877-2049a2a4e791: receive RaftClientReply:client-E4CEBB479A80->38f0bdbc-1089-4089-b877-2049a2a4e791@group-CCC405646EC7, cid=192, FAILED org.apache.ratis.protocol.NotLeaderException: Server 38f0bdbc-1089-4089-b877-2049a2a4e791 is not the leader (c5a75e6e-3ba6-4e01-8e6e-e37c55fb7020:192.168.34.10:36884). Request must be sent to leader., logIndex=0, commits[38f0bdbc-1089-4089-b877-2049a2a4e791:c18, c5a75e6e-3ba6-4e01-8e6e-e37c55fb7020:c18, 37ed6077-b3c7-4ece-80ea-a455fdabd61d:c18]
2019-08-28 06:34:15,360 | INFO  | SCMAudit | user=jenkins1000 | ip=192.168.34.10 | op=SEND_HEARTBEAT {datanodeUUID=4aaf653c-c443-4044-b7ad-f4623e7320a2, command=[]} | ret=SUCCESS |  
2019-08-28 06:34:15,368 | INFO  | SCMAudit | user=jenkins1000 | ip=192.168.34.10 | op=SEND_HEARTBEAT {datanodeUUID=9d3a01fd-5b16-441f-ba7a-7e38b292dbb2, command=[]} | ret=SUCCESS |  
2019-08-28 06:34:15,567 | INFO  | SCMAudit | user=jenkins1000 | ip=192.168.34.10 | op=SEND_HEARTBEAT {datanodeUUID=9cd1cf0b-08ae-4d53-8ceb-815e7e017b07, command=[]} | ret=SUCCESS |  
2019-08-28 06:34:15,845 | INFO  | SCMAudit | user=jenkins1000 | ip=192.168.34.10 | op=SEND_HEARTBEAT {datanodeUUID=37ed6077-b3c7-4ece-80ea-a455fdabd61d, command=[]} | ret=SUCCESS |  
2019-08-28 06:34:15,845 | INFO  | SCMAudit | user=jenkins1000 | ip=192.168.34.10 | op=SEND_HEARTBEAT {datanodeUUID=38f0bdbc-1089-4089-b877-2049a2a4e791, command=[]} | ret=SUCCESS |  
2019-08-28 06:34:15,863 | INFO  | SCMAudit | user=jenkins1000 | ip=192.168.34.10 | op=SEND_HEARTBEAT {datanodeUUID=9e09162c-d652-4106-871c-162faebb3aaf, command=[]} | ret=SUCCESS |  
2019-08-28 06:34:16,169 [grpc-default-executor-9] INFO  client.GrpcClientProtocolClient (GrpcClientProtocolClient.java:onNext(255)) - client-E4CEBB479A80->38f0bdbc-1089-4089-b877-2049a2a4e791: receive RaftClientReply:client-E4CEBB479A80->38f0bdbc-1089-4089-b877-2049a2a4e791@group-CCC405646EC7, cid=192, FAILED org.apache.ratis.protocol.NotLeaderException: Server 38f0bdbc-1089-4089-b877-2049a2a4e791 is not the leader (c5a75e6e-3ba6-4e01-8e6e-e37c55fb7020:192.168.34.10:36884). Request must be sent to leader., logIndex=0, commits[38f0bdbc-1089-4089-b877-2049a2a4e791:c18, c5a75e6e-3ba6-4e01-8e6e-e37c55fb7020:c18, 37ed6077-b3c7-4ece-80ea-a455fdabd61d:c18]
2019-08-28 06:34:16,360 | INFO  | SCMAudit | user=jenkins1000 | ip=192.168.34.10 | op=SEND_HEARTBEAT {datanodeUUID=4aaf653c-c443-4044-b7ad-f4623e7320a2, command=[]} | ret=SUCCESS |  
2019-08-28 06:34:16,367 | INFO  | SCMAudit | user=jenkins1000 | ip=192.168.34.10 | op=SEND_HEARTBEAT {datanodeUUID=9d3a01fd-5b16-441f-ba7a-7e38b292dbb2, command=[]} | ret=SUCCESS |  
2019-08-28 06:34:16,568 | INFO  | SCMAudit | user=jenkins1000 | ip=192.168.34.10 | op=SEND_HEARTBEAT {datanodeUUID=9cd1cf0b-08ae-4d53-8ceb-815e7e017b07, command=[]} | ret=SUCCESS |  
2019-08-28 06:34:16,846 | INFO  | SCMAudit | user=jenkins1000 | ip=192.168.34.10 | op=SEND_HEARTBEAT {datanodeUUID=37ed6077-b3c7-4ece-80ea-a455fdabd61d, command=[]} | ret=SUCCESS |  
2019-08-28 06:34:16,846 | INFO  | SCMAudit | user=jenkins1000 | ip=192.168.34.10 | op=SEND_HEARTBEAT {datanodeUUID=38f0bdbc-1089-4089-b877-2049a2a4e791, command=[]} | ret=SUCCESS |  
2019-08-28 06:34:16,863 | INFO  | SCMAudit | user=jenkins1000 | ip=192.168.34.10 | op=SEND_HEARTBEAT {datanodeUUID=9e09162c-d652-4106-871c-162faebb3aaf, command=[]} | ret=SUCCESS |  
2019-08-28 06:34:17,179 [grpc-default-executor-10] INFO  client.GrpcClientProtocolClient (GrpcClientProtocolClient.java:onNext(255)) - client-E4CEBB479A80->38f0bdbc-1089-4089-b877-2049a2a4e791: receive RaftClientReply:client-E4CEBB479A80->38f0bdbc-1089-4089-b877-2049a2a4e791@group-CCC405646EC7, cid=192, FAILED org.apache.ratis.protocol.NotLeaderException: Server 38f0bdbc-1089-4089-b877-2049a2a4e791 is not the leader (c5a75e6e-3ba6-4e01-8e6e-e37c55fb7020:192.168.34.10:36884). Request must be sent to leader., logIndex=0, commits[38f0bdbc-1089-4089-b877-2049a2a4e791:c18, c5a75e6e-3ba6-4e01-8e6e-e37c55fb7020:c18, 37ed6077-b3c7-4ece-80ea-a455fdabd61d:c18]
2019-08-28 06:34:17,360 | INFO  | SCMAudit | user=jenkins1000 | ip=192.168.34.10 | op=SEND_HEARTBEAT {datanodeUUID=4aaf653c-c443-4044-b7ad-f4623e7320a2, command=[]} | ret=SUCCESS |  
2019-08-28 06:34:17,368 | INFO  | SCMAudit | user=jenkins1000 | ip=192.168.34.10 | op=SEND_HEARTBEAT {datanodeUUID=9d3a01fd-5b16-441f-ba7a-7e38b292dbb2, command=[]} | ret=SUCCESS |  
2019-08-28 06:34:17,568 | INFO  | SCMAudit | user=jenkins1000 | ip=192.168.34.10 | op=SEND_HEARTBEAT {datanodeUUID=9cd1cf0b-08ae-4d53-8ceb-815e7e017b07, command=[]} | ret=SUCCESS |  
2019-08-28 06:34:17,846 | INFO  | SCMAudit | user=jenkins1000 | ip=192.168.34.10 | op=SEND_HEARTBEAT {datanodeUUID=38f0bdbc-1089-4089-b877-2049a2a4e791, command=[]} | ret=SUCCESS |  
2019-08-28 06:34:17,846 | INFO  | SCMAudit | user=jenkins1000 | ip=192.168.34.10 | op=SEND_HEARTBEAT {datanodeUUID=37ed6077-b3c7-4ece-80ea-a455fdabd61d, command=[]} | ret=SUCCESS |  
2019-08-28 06:34:17,863 | INFO  | SCMAudit | user=jenkins1000 | ip=192.168.34.10 | op=SEND_HEARTBEAT {datanodeUUID=9e09162c-d652-4106-871c-162faebb3aaf, command=[]} | ret=SUCCESS |  
2019-08-28 06:34:18,190 [grpc-default-executor-9] INFO  client.GrpcClientProtocolClient (GrpcClientProtocolClient.java:onNext(255)) - client-E4CEBB479A80->38f0bdbc-1089-4089-b877-2049a2a4e791: receive RaftClientReply:client-E4CEBB479A80->38f0bdbc-1089-4089-b877-2049a2a4e791@group-CCC405646EC7, cid=192, FAILED org.apache.ratis.protocol.NotLeaderException: Server 38f0bdbc-1089-4089-b877-2049a2a4e791 is not the leader (c5a75e6e-3ba6-4e01-8e6e-e37c55fb7020:192.168.34.10:36884). Request must be sent to leader., logIndex=0, commits[38f0bdbc-1089-4089-b877-2049a2a4e791:c18, c5a75e6e-3ba6-4e01-8e6e-e37c55fb7020:c18, 37ed6077-b3c7-4ece-80ea-a455fdabd61d:c18]
2019-08-28 06:34:18,360 | INFO  | SCMAudit | user=jenkins1000 | ip=192.168.34.10 | op=SEND_HEARTBEAT {datanodeUUID=4aaf653c-c443-4044-b7ad-f4623e7320a2, command=[]} | ret=SUCCESS |  
2019-08-28 06:34:18,367 | INFO  | SCMAudit | user=jenkins1000 | ip=192.168.34.10 | op=SEND_HEARTBEAT {datanodeUUID=9d3a01fd-5b16-441f-ba7a-7e38b292dbb2, command=[]} | ret=SUCCESS |  
2019-08-28 06:34:18,568 | INFO  | SCMAudit | user=jenkins1000 | ip=192.168.34.10 | op=SEND_HEARTBEAT {datanodeUUID=9cd1cf0b-08ae-4d53-8ceb-815e7e017b07, command=[]} | ret=SUCCESS |  
2019-08-28 06:34:18,846 | INFO  | SCMAudit | user=jenkins1000 | ip=192.168.34.10 | op=SEND_HEARTBEAT {datanodeUUID=38f0bdbc-1089-4089-b877-2049a2a4e791, command=[]} | ret=SUCCESS |  
2019-08-28 06:34:18,846 | INFO  | SCMAudit | user=jenkins1000 | ip=192.168.34.10 | op=SEND_HEARTBEAT {datanodeUUID=37ed6077-b3c7-4ece-80ea-a455fdabd61d, command=[]} | ret=SUCCESS |  
2019-08-28 06:34:18,863 | INFO  | SCMAudit | user=jenkins1000 | ip=192.168.34.10 | op=SEND_HEARTBEAT {datanodeUUID=9e09162c-d652-4106-871c-162faebb3aaf, command=[]} | ret=SUCCESS |  
2019-08-28 06:34:19,200 [grpc-default-executor-5] INFO  client.GrpcClientProtocolClient (GrpcClientProtocolClient.java:onNext(255)) - client-E4CEBB479A80->38f0bdbc-1089-4089-b877-2049a2a4e791: receive RaftClientReply:client-E4CEBB479A80->38f0bdbc-1089-4089-b877-2049a2a4e791@group-CCC405646EC7, cid=192, FAILED org.apache.ratis.protocol.NotLeaderException: Server 38f0bdbc-1089-4089-b877-2049a2a4e791 is not the leader (c5a75e6e-3ba6-4e01-8e6e-e37c55fb7020:192.168.34.10:36884). Request must be sent to leader., logIndex=0, commits[38f0bdbc-1089-4089-b877-2049a2a4e791:c18, c5a75e6e-3ba6-4e01-8e6e-e37c55fb7020:c18, 37ed6077-b3c7-4ece-80ea-a455fdabd61d:c18]
2019-08-28 06:34:19,361 | INFO  | SCMAudit | user=jenkins1000 | ip=192.168.34.10 | op=SEND_HEARTBEAT {datanodeUUID=4aaf653c-c443-4044-b7ad-f4623e7320a2, command=[]} | ret=SUCCESS |  
2019-08-28 06:34:19,367 | INFO  | SCMAudit | user=jenkins1000 | ip=192.168.34.10 | op=SEND_HEARTBEAT {datanodeUUID=9d3a01fd-5b16-441f-ba7a-7e38b292dbb2, command=[]} | ret=SUCCESS |  
2019-08-28 06:34:19,568 | INFO  | SCMAudit | user=jenkins1000 | ip=192.168.34.10 | op=SEND_HEARTBEAT {datanodeUUID=9cd1cf0b-08ae-4d53-8ceb-815e7e017b07, command=[]} | ret=SUCCESS |  
2019-08-28 06:34:19,846 | INFO  | SCMAudit | user=jenkins1000 | ip=192.168.34.10 | op=SEND_HEARTBEAT {datanodeUUID=38f0bdbc-1089-4089-b877-2049a2a4e791, command=[]} | ret=SUCCESS |  
2019-08-28 06:34:19,846 | INFO  | SCMAudit | user=jenkins1000 | ip=192.168.34.10 | op=SEND_HEARTBEAT {datanodeUUID=37ed6077-b3c7-4ece-80ea-a455fdabd61d, command=[]} | ret=SUCCESS |  
2019-08-28 06:34:19,863 | INFO  | SCMAudit | user=jenkins1000 | ip=192.168.34.10 | op=SEND_HEARTBEAT {datanodeUUID=9e09162c-d652-4106-871c-162faebb3aaf, command=[]} | ret=SUCCESS |  
2019-08-28 06:34:20,213 [grpc-default-executor-9] INFO  client.GrpcClientProtocolClient (GrpcClientProtocolClient.java:onNext(255)) - client-E4CEBB479A80->38f0bdbc-1089-4089-b877-2049a2a4e791: receive RaftClientReply:client-E4CEBB479A80->38f0bdbc-1089-4089-b877-2049a2a4e791@group-CCC405646EC7, cid=192, FAILED org.apache.ratis.protocol.NotLeaderException: Server 38f0bdbc-1089-4089-b877-2049a2a4e791 is not the leader (c5a75e6e-3ba6-4e01-8e6e-e37c55fb7020:192.168.34.10:36884). Request must be sent to leader., logIndex=0, commits[38f0bdbc-1089-4089-b877-2049a2a4e791:c18, c5a75e6e-3ba6-4e01-8e6e-e37c55fb7020:c18, 37ed6077-b3c7-4ece-80ea-a455fdabd61d:c18]
2019-08-28 06:34:20,361 | INFO  | SCMAudit | user=jenkins1000 | ip=192.168.34.10 | op=SEND_HEARTBEAT {datanodeUUID=4aaf653c-c443-4044-b7ad-f4623e7320a2, command=[]} | ret=SUCCESS |  
2019-08-28 06:34:20,368 | INFO  | SCMAudit | user=jenkins1000 | ip=192.168.34.10 | op=SEND_HEARTBEAT {datanodeUUID=9d3a01fd-5b16-441f-ba7a-7e38b292dbb2, command=[]} | ret=SUCCESS |  
2019-08-28 06:34:20,568 | INFO  | SCMAudit | user=jenkins1000 | ip=192.168.34.10 | op=SEND_HEARTBEAT {datanodeUUID=9cd1cf0b-08ae-4d53-8ceb-815e7e017b07, command=[]} | ret=SUCCESS |  
2019-08-28 06:34:20,846 | INFO  | SCMAudit | user=jenkins1000 | ip=192.168.34.10 | op=SEND_HEARTBEAT {datanodeUUID=38f0bdbc-1089-4089-b877-2049a2a4e791, command=[]} | ret=SUCCESS |  
2019-08-28 06:34:20,846 | INFO  | SCMAudit | user=jenkins1000 | ip=192.168.34.10 | op=SEND_HEARTBEAT {datanodeUUID=37ed6077-b3c7-4ece-80ea-a455fdabd61d, command=[]} | ret=SUCCESS |  
2019-08-28 06:34:20,863 | INFO  | SCMAudit | user=jenkins1000 | ip=192.168.34.10 | op=SEND_HEARTBEAT {datanodeUUID=9e09162c-d652-4106-871c-162faebb3aaf, command=[]} | ret=SUCCESS |  
2019-08-28 06:34:20,998 [Thread-3709] INFO  impl.FollowerState (FollowerState.java:run(106)) - 37ed6077-b3c7-4ece-80ea-a455fdabd61d:group-CCC405646EC7 changes to CANDIDATE, lastRpcTime:8963, electionTimeout:5069ms
2019-08-28 06:34:20,998 [Thread-3709] INFO  impl.RoleInfo (RoleInfo.java:shutdownFollowerState(121)) - 37ed6077-b3c7-4ece-80ea-a455fdabd61d: shutdown FollowerState
2019-08-28 06:34:20,998 [Thread-3709] INFO  impl.RaftServerImpl (RaftServerImpl.java:setRole(171)) - 37ed6077-b3c7-4ece-80ea-a455fdabd61d:group-CCC405646EC7 changes role from FOLLOWER to CANDIDATE at term 4 for changeToCandidate
2019-08-28 06:34:20,998 [Thread-3709] INFO  impl.RoleInfo (RoleInfo.java:updateAndGet(143)) - 37ed6077-b3c7-4ece-80ea-a455fdabd61d: start LeaderElection
2019-08-28 06:34:21,003 [37ed6077-b3c7-4ece-80ea-a455fdabd61d:group-CCC405646EC7:LeaderElection81] INFO  impl.RaftServerImpl (ServerState.java:setLeader(263)) - 37ed6077-b3c7-4ece-80ea-a455fdabd61d:group-CCC405646EC7 change Leader from c5a75e6e-3ba6-4e01-8e6e-e37c55fb7020 to null at term 4 for initElection
2019-08-28 06:34:21,018 [37ed6077-b3c7-4ece-80ea-a455fdabd61d:group-CCC405646EC7:LeaderElection81] INFO  impl.LeaderElection (LeaderElection.java:askForVotes(181)) - 37ed6077-b3c7-4ece-80ea-a455fdabd61d:group-CCC405646EC7:LeaderElection81: begin an election at term 5 for 1: [c5a75e6e-3ba6-4e01-8e6e-e37c55fb7020:192.168.34.10:36884, 37ed6077-b3c7-4ece-80ea-a455fdabd61d:192.168.34.10:35309, 38f0bdbc-1089-4089-b877-2049a2a4e791:192.168.34.10:43949], old=null
2019-08-28 06:34:21,021 [grpc-default-executor-10] INFO  impl.RaftServerImpl (ServerState.java:setLeader(263)) - 38f0bdbc-1089-4089-b877-2049a2a4e791:group-CCC405646EC7 change Leader from c5a75e6e-3ba6-4e01-8e6e-e37c55fb7020 to null at term 5 for updateCurrentTerm
2019-08-28 06:34:21,021 [37ed6077-b3c7-4ece-80ea-a455fdabd61d:group-CCC405646EC7:LeaderElection81] INFO  impl.LeaderElection (LogUtils.java:infoOrTrace(149)) - 37ed6077-b3c7-4ece-80ea-a455fdabd61d:group-CCC405646EC7:LeaderElection81 got exception when requesting votes: {}
java.util.concurrent.ExecutionException: org.apache.ratis.thirdparty.io.grpc.StatusRuntimeException: UNAVAILABLE: io exception
	at java.util.concurrent.FutureTask.report(FutureTask.java:122)
	at java.util.concurrent.FutureTask.get(FutureTask.java:192)
	at org.apache.ratis.server.impl.LeaderElection.waitForResults(LeaderElection.java:262)
	at org.apache.ratis.server.impl.LeaderElection.askForVotes(LeaderElection.java:200)
	at org.apache.ratis.server.impl.LeaderElection.run(LeaderElection.java:130)
	at java.lang.Thread.run(Thread.java:748)
Caused by: org.apache.ratis.thirdparty.io.grpc.StatusRuntimeException: UNAVAILABLE: io exception
	at org.apache.ratis.thirdparty.io.grpc.stub.ClientCalls.toStatusRuntimeException(ClientCalls.java:233)
	at org.apache.ratis.thirdparty.io.grpc.stub.ClientCalls.getUnchecked(ClientCalls.java:214)
	at org.apache.ratis.thirdparty.io.grpc.stub.ClientCalls.blockingUnaryCall(ClientCalls.java:139)
	at org.apache.ratis.proto.grpc.RaftServerProtocolServiceGrpc$RaftServerProtocolServiceBlockingStub.requestVote(RaftServerProtocolServiceGrpc.java:265)
	at org.apache.ratis.grpc.server.GrpcServerProtocolClient.requestVote(GrpcServerProtocolClient.java:83)
	at org.apache.ratis.grpc.server.GrpcService.requestVote(GrpcService.java:195)
	at org.apache.ratis.server.impl.LeaderElection.lambda$submitRequests$1(LeaderElection.java:237)
	at java.util.concurrent.FutureTask.run(FutureTask.java:266)
	at java.util.concurrent.Executors$RunnableAdapter.call(Executors.java:511)
	at java.util.concurrent.FutureTask.run(FutureTask.java:266)
	at java.util.concurrent.ThreadPoolExecutor.runWorker(ThreadPoolExecutor.java:1149)
	at java.util.concurrent.ThreadPoolExecutor$Worker.run(ThreadPoolExecutor.java:624)
	... 1 more
Caused by: org.apache.ratis.thirdparty.io.netty.channel.AbstractChannel$AnnotatedConnectException: Connection refused: /192.168.34.10:36884
	at sun.nio.ch.SocketChannelImpl.checkConnect(Native Method)
	at sun.nio.ch.SocketChannelImpl.finishConnect(SocketChannelImpl.java:717)
	at org.apache.ratis.thirdparty.io.netty.channel.socket.nio.NioSocketChannel.doFinishConnect(NioSocketChannel.java:327)
	at org.apache.ratis.thirdparty.io.netty.channel.nio.AbstractNioChannel$AbstractNioUnsafe.finishConnect(AbstractNioChannel.java:340)
	at org.apache.ratis.thirdparty.io.netty.channel.nio.NioEventLoop.processSelectedKey(NioEventLoop.java:632)
	at org.apache.ratis.thirdparty.io.netty.channel.nio.NioEventLoop.processSelectedKeysOptimized(NioEventLoop.java:579)
	at org.apache.ratis.thirdparty.io.netty.channel.nio.NioEventLoop.processSelectedKeys(NioEventLoop.java:496)
	at org.apache.ratis.thirdparty.io.netty.channel.nio.NioEventLoop.run(NioEventLoop.java:458)
	at org.apache.ratis.thirdparty.io.netty.util.concurrent.SingleThreadEventExecutor$5.run(SingleThreadEventExecutor.java:897)
	at org.apache.ratis.thirdparty.io.netty.util.concurrent.FastThreadLocalRunnable.run(FastThreadLocalRunnable.java:30)
	... 1 more
Caused by: java.net.ConnectException: Connection refused
	... 11 more
2019-08-28 06:34:21,021 [grpc-default-executor-10] INFO  impl.RaftServerImpl (RaftServerImpl.java:setRole(171)) - 38f0bdbc-1089-4089-b877-2049a2a4e791:group-CCC405646EC7 changes role from FOLLOWER to FOLLOWER at term 5 for recognizeCandidate:37ed6077-b3c7-4ece-80ea-a455fdabd61d
2019-08-28 06:34:21,025 [grpc-default-executor-10] INFO  impl.RoleInfo (RoleInfo.java:shutdownFollowerState(121)) - 38f0bdbc-1089-4089-b877-2049a2a4e791: shutdown FollowerState
2019-08-28 06:34:21,025 [grpc-default-executor-10] INFO  impl.RoleInfo (RoleInfo.java:updateAndGet(143)) - 38f0bdbc-1089-4089-b877-2049a2a4e791: start FollowerState
2019-08-28 06:34:21,025 [Thread-3708] INFO  impl.FollowerState (FollowerState.java:run(114)) - 38f0bdbc-1089-4089-b877-2049a2a4e791: FollowerState was interrupted: java.lang.InterruptedException: sleep interrupted
2019-08-28 06:34:21,041 [37ed6077-b3c7-4ece-80ea-a455fdabd61d:group-CCC405646EC7:LeaderElection81] INFO  impl.LeaderElection (LeaderElection.java:logAndReturn(56)) - 37ed6077-b3c7-4ece-80ea-a455fdabd61d:group-CCC405646EC7:LeaderElection81: Election PASSED; received 1 response(s) [37ed6077-b3c7-4ece-80ea-a455fdabd61d<-38f0bdbc-1089-4089-b877-2049a2a4e791#0:OK-t5] and 1 exception(s); 37ed6077-b3c7-4ece-80ea-a455fdabd61d:t5, leader=null, voted=37ed6077-b3c7-4ece-80ea-a455fdabd61d, raftlog=37ed6077-b3c7-4ece-80ea-a455fdabd61d-SegmentedRaftLog:OPENED:c18,f18,i18, conf=1: [c5a75e6e-3ba6-4e01-8e6e-e37c55fb7020:192.168.34.10:36884, 37ed6077-b3c7-4ece-80ea-a455fdabd61d:192.168.34.10:35309, 38f0bdbc-1089-4089-b877-2049a2a4e791:192.168.34.10:43949], old=null
2019-08-28 06:34:21,041 [37ed6077-b3c7-4ece-80ea-a455fdabd61d:group-CCC405646EC7:LeaderElection81] INFO  impl.LeaderElection (LogUtils.java:infoOrTrace(149)) -   Exception 0: {}
java.util.concurrent.ExecutionException: org.apache.ratis.thirdparty.io.grpc.StatusRuntimeException: UNAVAILABLE: io exception
	at java.util.concurrent.FutureTask.report(FutureTask.java:122)
	at java.util.concurrent.FutureTask.get(FutureTask.java:192)
	at org.apache.ratis.server.impl.LeaderElection.waitForResults(LeaderElection.java:262)
	at org.apache.ratis.server.impl.LeaderElection.askForVotes(LeaderElection.java:200)
	at org.apache.ratis.server.impl.LeaderElection.run(LeaderElection.java:130)
	at java.lang.Thread.run(Thread.java:748)
Caused by: org.apache.ratis.thirdparty.io.grpc.StatusRuntimeException: UNAVAILABLE: io exception
	at org.apache.ratis.thirdparty.io.grpc.stub.ClientCalls.toStatusRuntimeException(ClientCalls.java:233)
	at org.apache.ratis.thirdparty.io.grpc.stub.ClientCalls.getUnchecked(ClientCalls.java:214)
	at org.apache.ratis.thirdparty.io.grpc.stub.ClientCalls.blockingUnaryCall(ClientCalls.java:139)
	at org.apache.ratis.proto.grpc.RaftServerProtocolServiceGrpc$RaftServerProtocolServiceBlockingStub.requestVote(RaftServerProtocolServiceGrpc.java:265)
	at org.apache.ratis.grpc.server.GrpcServerProtocolClient.requestVote(GrpcServerProtocolClient.java:83)
	at org.apache.ratis.grpc.server.GrpcService.requestVote(GrpcService.java:195)
	at org.apache.ratis.server.impl.LeaderElection.lambda$submitRequests$1(LeaderElection.java:237)
	at java.util.concurrent.FutureTask.run(FutureTask.java:266)
	at java.util.concurrent.Executors$RunnableAdapter.call(Executors.java:511)
	at java.util.concurrent.FutureTask.run(FutureTask.java:266)
	at java.util.concurrent.ThreadPoolExecutor.runWorker(ThreadPoolExecutor.java:1149)
	at java.util.concurrent.ThreadPoolExecutor$Worker.run(ThreadPoolExecutor.java:624)
	... 1 more
Caused by: org.apache.ratis.thirdparty.io.netty.channel.AbstractChannel$AnnotatedConnectException: Connection refused: /192.168.34.10:36884
	at sun.nio.ch.SocketChannelImpl.checkConnect(Native Method)
	at sun.nio.ch.SocketChannelImpl.finishConnect(SocketChannelImpl.java:717)
	at org.apache.ratis.thirdparty.io.netty.channel.socket.nio.NioSocketChannel.doFinishConnect(NioSocketChannel.java:327)
	at org.apache.ratis.thirdparty.io.netty.channel.nio.AbstractNioChannel$AbstractNioUnsafe.finishConnect(AbstractNioChannel.java:340)
	at org.apache.ratis.thirdparty.io.netty.channel.nio.NioEventLoop.processSelectedKey(NioEventLoop.java:632)
	at org.apache.ratis.thirdparty.io.netty.channel.nio.NioEventLoop.processSelectedKeysOptimized(NioEventLoop.java:579)
	at org.apache.ratis.thirdparty.io.netty.channel.nio.NioEventLoop.processSelectedKeys(NioEventLoop.java:496)
	at org.apache.ratis.thirdparty.io.netty.channel.nio.NioEventLoop.run(NioEventLoop.java:458)
	at org.apache.ratis.thirdparty.io.netty.util.concurrent.SingleThreadEventExecutor$5.run(SingleThreadEventExecutor.java:897)
	at org.apache.ratis.thirdparty.io.netty.util.concurrent.FastThreadLocalRunnable.run(FastThreadLocalRunnable.java:30)
	... 1 more
Caused by: java.net.ConnectException: Connection refused
	... 11 more
2019-08-28 06:34:21,042 [37ed6077-b3c7-4ece-80ea-a455fdabd61d:group-CCC405646EC7:LeaderElection81] INFO  impl.RoleInfo (RoleInfo.java:shutdownLeaderElection(134)) - 37ed6077-b3c7-4ece-80ea-a455fdabd61d: shutdown LeaderElection
2019-08-28 06:34:21,042 [37ed6077-b3c7-4ece-80ea-a455fdabd61d:group-CCC405646EC7:LeaderElection81] INFO  impl.RaftServerImpl (RaftServerImpl.java:setRole(171)) - 37ed6077-b3c7-4ece-80ea-a455fdabd61d:group-CCC405646EC7 changes role from CANDIDATE to LEADER at term 5 for changeToLeader
2019-08-28 06:34:21,042 [37ed6077-b3c7-4ece-80ea-a455fdabd61d:group-CCC405646EC7:LeaderElection81] INFO  impl.RaftServerImpl (ServerState.java:setLeader(263)) - 37ed6077-b3c7-4ece-80ea-a455fdabd61d:group-CCC405646EC7 change Leader from null to 37ed6077-b3c7-4ece-80ea-a455fdabd61d at term 5 for becomeLeader, leader elected after 38ms
2019-08-28 06:34:21,042 [37ed6077-b3c7-4ece-80ea-a455fdabd61d:group-CCC405646EC7:LeaderElection81] INFO  server.RaftServerConfigKeys (ConfUtils.java:logGet(43)) - raft.server.staging.catchup.gap = 1000 (default)
2019-08-28 06:34:21,042 [37ed6077-b3c7-4ece-80ea-a455fdabd61d:group-CCC405646EC7:LeaderElection81] INFO  server.RaftServerConfigKeys (ConfUtils.java:logGet(43)) - raft.server.rpc.sleep.time = 25ms (default)
2019-08-28 06:34:21,042 [37ed6077-b3c7-4ece-80ea-a455fdabd61d:group-CCC405646EC7:LeaderElection81] INFO  server.RaftServerConfigKeys (ConfUtils.java:logGet(43)) - raft.server.write.element-limit = 4096 (default)
2019-08-28 06:34:21,042 [37ed6077-b3c7-4ece-80ea-a455fdabd61d:group-CCC405646EC7:LeaderElection81] INFO  server.RaftServerConfigKeys (ConfUtils.java:logGet(43)) - raft.server.watch.timeout = 10s (default)
2019-08-28 06:34:21,043 [37ed6077-b3c7-4ece-80ea-a455fdabd61d:group-CCC405646EC7:LeaderElection81] INFO  server.RaftServerConfigKeys (ConfUtils.java:logGet(43)) - raft.server.watch.timeout.denomination = 1s (default)
2019-08-28 06:34:21,043 [37ed6077-b3c7-4ece-80ea-a455fdabd61d:group-CCC405646EC7:LeaderElection81] INFO  server.RaftServerConfigKeys (ConfUtils.java:logGet(43)) - raft.server.watch.element-limit = 65536 (default)
2019-08-28 06:34:21,043 [37ed6077-b3c7-4ece-80ea-a455fdabd61d:group-CCC405646EC7:LeaderElection81] INFO  server.RaftServerConfigKeys (ConfUtils.java:logGet(43)) - raft.server.log.appender.snapshot.chunk.size.max = 16MB (=16777216) (default)
2019-08-28 06:34:21,043 [37ed6077-b3c7-4ece-80ea-a455fdabd61d:group-CCC405646EC7:LeaderElection81] INFO  server.RaftServerConfigKeys (ConfUtils.java:logGet(43)) - raft.server.log.appender.buffer.byte-limit = 33554432 (custom)
2019-08-28 06:34:21,043 [37ed6077-b3c7-4ece-80ea-a455fdabd61d:group-CCC405646EC7:LeaderElection81] INFO  server.RaftServerConfigKeys (ConfUtils.java:logGet(43)) - raft.server.log.appender.buffer.element-limit = 1 (custom)
2019-08-28 06:34:21,044 [37ed6077-b3c7-4ece-80ea-a455fdabd61d:group-CCC405646EC7:LeaderElection81] INFO  grpc.GrpcConfigKeys$Server (ConfUtils.java:logGet(43)) - raft.grpc.server.leader.outstanding.appends.max = 128 (default)
2019-08-28 06:34:21,044 [37ed6077-b3c7-4ece-80ea-a455fdabd61d:group-CCC405646EC7:LeaderElection81] INFO  server.RaftServerConfigKeys (ConfUtils.java:logGet(43)) - raft.server.rpc.request.timeout = 3000ms (default)
2019-08-28 06:34:21,044 [37ed6077-b3c7-4ece-80ea-a455fdabd61d:group-CCC405646EC7:LeaderElection81] INFO  server.RaftServerConfigKeys (ConfUtils.java:logGet(43)) - raft.server.log.appender.install.snapshot.enabled = false (custom)
2019-08-28 06:34:21,044 [37ed6077-b3c7-4ece-80ea-a455fdabd61d:group-CCC405646EC7:LeaderElection81] INFO  server.RaftServerConfigKeys (ConfUtils.java:logGet(43)) - raft.server.log.appender.snapshot.chunk.size.max = 16MB (=16777216) (default)
2019-08-28 06:34:21,044 [37ed6077-b3c7-4ece-80ea-a455fdabd61d:group-CCC405646EC7:LeaderElection81] INFO  server.RaftServerConfigKeys (ConfUtils.java:logGet(43)) - raft.server.log.appender.buffer.byte-limit = 33554432 (custom)
2019-08-28 06:34:21,044 [37ed6077-b3c7-4ece-80ea-a455fdabd61d:group-CCC405646EC7:LeaderElection81] INFO  server.RaftServerConfigKeys (ConfUtils.java:logGet(43)) - raft.server.log.appender.buffer.element-limit = 1 (custom)
2019-08-28 06:34:21,044 [37ed6077-b3c7-4ece-80ea-a455fdabd61d:group-CCC405646EC7:LeaderElection81] INFO  grpc.GrpcConfigKeys$Server (ConfUtils.java:logGet(43)) - raft.grpc.server.leader.outstanding.appends.max = 128 (default)
2019-08-28 06:34:21,045 [37ed6077-b3c7-4ece-80ea-a455fdabd61d:group-CCC405646EC7:LeaderElection81] INFO  server.RaftServerConfigKeys (ConfUtils.java:logGet(43)) - raft.server.rpc.request.timeout = 3000ms (default)
2019-08-28 06:34:21,045 [37ed6077-b3c7-4ece-80ea-a455fdabd61d:group-CCC405646EC7:LeaderElection81] INFO  server.RaftServerConfigKeys (ConfUtils.java:logGet(43)) - raft.server.log.appender.install.snapshot.enabled = false (custom)
2019-08-28 06:34:21,045 [37ed6077-b3c7-4ece-80ea-a455fdabd61d:group-CCC405646EC7:LeaderElection81] INFO  impl.RoleInfo (RoleInfo.java:updateAndGet(143)) - 37ed6077-b3c7-4ece-80ea-a455fdabd61d: start LeaderState
2019-08-28 06:34:21,045 [37ed6077-b3c7-4ece-80ea-a455fdabd61d:group-CCC405646EC7:LeaderElection81] INFO  segmented.SegmentedRaftLogWorker (SegmentedRaftLogWorker.java:rollLogSegment(385)) - 37ed6077-b3c7-4ece-80ea-a455fdabd61d-SegmentedRaftLogWorker:Storage Directory /workdir/hadoop-ozone/integration-test/target/test-dir/MiniOzoneClusterImpl-dfe718bc-bd4c-4c80-9b1d-75633119d19d/datanode-5/data/ratis/6fe699a3-5b97-4185-bcd4-ccc405646ec7: Rolling segment log-1_18 to index:18
2019-08-28 06:34:21,046 [37ed6077-b3c7-4ece-80ea-a455fdabd61d-SegmentedRaftLogWorker:Storage Directory /workdir/hadoop-ozone/integration-test/target/test-dir/MiniOzoneClusterImpl-dfe718bc-bd4c-4c80-9b1d-75633119d19d/datanode-5/data/ratis/6fe699a3-5b97-4185-bcd4-ccc405646ec7] INFO  segmented.SegmentedRaftLogWorker (SegmentedRaftLogWorker.java:execute(526)) - 37ed6077-b3c7-4ece-80ea-a455fdabd61d-SegmentedRaftLogWorker:Storage Directory /workdir/hadoop-ozone/integration-test/target/test-dir/MiniOzoneClusterImpl-dfe718bc-bd4c-4c80-9b1d-75633119d19d/datanode-5/data/ratis/6fe699a3-5b97-4185-bcd4-ccc405646ec7: Rolled log segment from /workdir/hadoop-ozone/integration-test/target/test-dir/MiniOzoneClusterImpl-dfe718bc-bd4c-4c80-9b1d-75633119d19d/datanode-5/data/ratis/6fe699a3-5b97-4185-bcd4-ccc405646ec7/current/log_inprogress_1 to /workdir/hadoop-ozone/integration-test/target/test-dir/MiniOzoneClusterImpl-dfe718bc-bd4c-4c80-9b1d-75633119d19d/datanode-5/data/ratis/6fe699a3-5b97-4185-bcd4-ccc405646ec7/current/log_1-18
2019-08-28 06:34:21,046 [37ed6077-b3c7-4ece-80ea-a455fdabd61d:group-CCC405646EC7:LeaderElection81] INFO  impl.RaftServerImpl (ServerState.java:setRaftConf(361)) - 37ed6077-b3c7-4ece-80ea-a455fdabd61d:group-CCC405646EC7 set configuration 19: [c5a75e6e-3ba6-4e01-8e6e-e37c55fb7020:192.168.34.10:36884, 37ed6077-b3c7-4ece-80ea-a455fdabd61d:192.168.34.10:35309, 38f0bdbc-1089-4089-b877-2049a2a4e791:192.168.34.10:43949], old=null at 19
2019-08-28 06:34:21,046 [grpc-default-executor-10] WARN  server.GrpcLogAppender (LogUtils.java:warn(134)) - 37ed6077-b3c7-4ece-80ea-a455fdabd61d->c5a75e6e-3ba6-4e01-8e6e-e37c55fb7020: Failed appendEntries: org.apache.ratis.thirdparty.io.grpc.StatusRuntimeException: UNAVAILABLE: io exception
2019-08-28 06:34:21,047 [grpc-default-executor-10] INFO  impl.FollowerInfo (FollowerInfo.java:lambda$new$0(50)) - 37ed6077-b3c7-4ece-80ea-a455fdabd61d->c5a75e6e-3ba6-4e01-8e6e-e37c55fb7020: nextIndex: updateUnconditionally 19 -> 1
2019-08-28 06:34:21,047 [grpc-default-executor-10] INFO  impl.RaftServerImpl (ServerState.java:setLeader(263)) - 38f0bdbc-1089-4089-b877-2049a2a4e791:group-CCC405646EC7 change Leader from null to 37ed6077-b3c7-4ece-80ea-a455fdabd61d at term 5 for appendEntries, leader elected after 26ms
2019-08-28 06:34:21,049 [grpc-default-executor-10] INFO  impl.RaftServerImpl (ServerState.java:setRaftConf(361)) - 38f0bdbc-1089-4089-b877-2049a2a4e791:group-CCC405646EC7 set configuration 19: [c5a75e6e-3ba6-4e01-8e6e-e37c55fb7020:192.168.34.10:36884, 37ed6077-b3c7-4ece-80ea-a455fdabd61d:192.168.34.10:35309, 38f0bdbc-1089-4089-b877-2049a2a4e791:192.168.34.10:43949], old=null at 19
2019-08-28 06:34:21,050 [grpc-default-executor-10] INFO  segmented.SegmentedRaftLogWorker (SegmentedRaftLogWorker.java:rollLogSegment(385)) - 38f0bdbc-1089-4089-b877-2049a2a4e791-SegmentedRaftLogWorker:Storage Directory /workdir/hadoop-ozone/integration-test/target/test-dir/MiniOzoneClusterImpl-dfe718bc-bd4c-4c80-9b1d-75633119d19d/datanode-4/data/ratis/6fe699a3-5b97-4185-bcd4-ccc405646ec7: Rolling segment log-1_18 to index:18
2019-08-28 06:34:21,050 [38f0bdbc-1089-4089-b877-2049a2a4e791-SegmentedRaftLogWorker:Storage Directory /workdir/hadoop-ozone/integration-test/target/test-dir/MiniOzoneClusterImpl-dfe718bc-bd4c-4c80-9b1d-75633119d19d/datanode-4/data/ratis/6fe699a3-5b97-4185-bcd4-ccc405646ec7] INFO  segmented.SegmentedRaftLogWorker (SegmentedRaftLogWorker.java:execute(526)) - 38f0bdbc-1089-4089-b877-2049a2a4e791-SegmentedRaftLogWorker:Storage Directory /workdir/hadoop-ozone/integration-test/target/test-dir/MiniOzoneClusterImpl-dfe718bc-bd4c-4c80-9b1d-75633119d19d/datanode-4/data/ratis/6fe699a3-5b97-4185-bcd4-ccc405646ec7: Rolled log segment from /workdir/hadoop-ozone/integration-test/target/test-dir/MiniOzoneClusterImpl-dfe718bc-bd4c-4c80-9b1d-75633119d19d/datanode-4/data/ratis/6fe699a3-5b97-4185-bcd4-ccc405646ec7/current/log_inprogress_1 to /workdir/hadoop-ozone/integration-test/target/test-dir/MiniOzoneClusterImpl-dfe718bc-bd4c-4c80-9b1d-75633119d19d/datanode-4/data/ratis/6fe699a3-5b97-4185-bcd4-ccc405646ec7/current/log_1-18
2019-08-28 06:34:21,090 [38f0bdbc-1089-4089-b877-2049a2a4e791-SegmentedRaftLogWorker:Storage Directory /workdir/hadoop-ozone/integration-test/target/test-dir/MiniOzoneClusterImpl-dfe718bc-bd4c-4c80-9b1d-75633119d19d/datanode-4/data/ratis/6fe699a3-5b97-4185-bcd4-ccc405646ec7] INFO  segmented.SegmentedRaftLogWorker (SegmentedRaftLogWorker.java:execute(569)) - 38f0bdbc-1089-4089-b877-2049a2a4e791-SegmentedRaftLogWorker:Storage Directory /workdir/hadoop-ozone/integration-test/target/test-dir/MiniOzoneClusterImpl-dfe718bc-bd4c-4c80-9b1d-75633119d19d/datanode-4/data/ratis/6fe699a3-5b97-4185-bcd4-ccc405646ec7: created new log segment /workdir/hadoop-ozone/integration-test/target/test-dir/MiniOzoneClusterImpl-dfe718bc-bd4c-4c80-9b1d-75633119d19d/datanode-4/data/ratis/6fe699a3-5b97-4185-bcd4-ccc405646ec7/current/log_inprogress_19
2019-08-28 06:34:21,090 [37ed6077-b3c7-4ece-80ea-a455fdabd61d-SegmentedRaftLogWorker:Storage Directory /workdir/hadoop-ozone/integration-test/target/test-dir/MiniOzoneClusterImpl-dfe718bc-bd4c-4c80-9b1d-75633119d19d/datanode-5/data/ratis/6fe699a3-5b97-4185-bcd4-ccc405646ec7] INFO  segmented.SegmentedRaftLogWorker (SegmentedRaftLogWorker.java:execute(569)) - 37ed6077-b3c7-4ece-80ea-a455fdabd61d-SegmentedRaftLogWorker:Storage Directory /workdir/hadoop-ozone/integration-test/target/test-dir/MiniOzoneClusterImpl-dfe718bc-bd4c-4c80-9b1d-75633119d19d/datanode-5/data/ratis/6fe699a3-5b97-4185-bcd4-ccc405646ec7: created new log segment /workdir/hadoop-ozone/integration-test/target/test-dir/MiniOzoneClusterImpl-dfe718bc-bd4c-4c80-9b1d-75633119d19d/datanode-5/data/ratis/6fe699a3-5b97-4185-bcd4-ccc405646ec7/current/log_inprogress_19
2019-08-28 06:34:21,100 [grpc-default-executor-9] WARN  server.GrpcLogAppender (LogUtils.java:warn(134)) - 37ed6077-b3c7-4ece-80ea-a455fdabd61d->c5a75e6e-3ba6-4e01-8e6e-e37c55fb7020: Failed appendEntries: org.apache.ratis.thirdparty.io.grpc.StatusRuntimeException: UNAVAILABLE: io exception
2019-08-28 06:34:21,101 [grpc-default-executor-9] INFO  impl.FollowerInfo (FollowerInfo.java:lambda$new$0(50)) - 37ed6077-b3c7-4ece-80ea-a455fdabd61d->c5a75e6e-3ba6-4e01-8e6e-e37c55fb7020: nextIndex: updateUnconditionally 2 -> 1
2019-08-28 06:34:21,115 [grpc-default-executor-10] WARN  server.GrpcLogAppender (LogUtils.java:warn(134)) - 37ed6077-b3c7-4ece-80ea-a455fdabd61d->c5a75e6e-3ba6-4e01-8e6e-e37c55fb7020: Failed appendEntries: org.apache.ratis.thirdparty.io.grpc.StatusRuntimeException: UNAVAILABLE: io exception
2019-08-28 06:34:21,115 [grpc-default-executor-10] INFO  impl.FollowerInfo (FollowerInfo.java:lambda$new$0(50)) - 37ed6077-b3c7-4ece-80ea-a455fdabd61d->c5a75e6e-3ba6-4e01-8e6e-e37c55fb7020: nextIndex: updateUnconditionally 2 -> 1
2019-08-28 06:34:21,224 | ERROR | DNAudit | user=null | ip=null | op=WRITE_CHUNK {blockData=conID: 1 locID: 102693210123730958 bcsId: 16} | ret=FAILURE | org.apache.hadoop.hdds.scm.container.common.helpers.ContainerNotOpenException: Container 1 in CLOSING state
	at org.apache.hadoop.ozone.container.common.impl.HddsDispatcher.validateContainerCommand(HddsDispatcher.java:408)
	at org.apache.hadoop.ozone.container.common.transport.server.ratis.ContainerStateMachine.startTransaction(ContainerStateMachine.java:309) 
2019-08-28 06:34:21,233 [grpc-default-executor-10] INFO  client.GrpcClientProtocolClient (GrpcClientProtocolClient.java:onNext(255)) - client-E4CEBB479A80->37ed6077-b3c7-4ece-80ea-a455fdabd61d: receive RaftClientReply:client-E4CEBB479A80->37ed6077-b3c7-4ece-80ea-a455fdabd61d@group-CCC405646EC7, cid=192, FAILED org.apache.ratis.protocol.StateMachineException: org.apache.hadoop.hdds.scm.container.common.helpers.ContainerNotOpenException from Server 37ed6077-b3c7-4ece-80ea-a455fdabd61d: Container 1 in CLOSING state, logIndex=0, commits[37ed6077-b3c7-4ece-80ea-a455fdabd61d:c20, c5a75e6e-3ba6-4e01-8e6e-e37c55fb7020:c18, 38f0bdbc-1089-4089-b877-2049a2a4e791:c19]
2019-08-28 06:34:21,235 | ERROR | DNAudit | user=null | ip=null | op=WRITE_CHUNK {blockData=conID: 1 locID: 102693210123730958 bcsId: 16} | ret=FAILURE | org.apache.hadoop.hdds.scm.container.common.helpers.ContainerNotOpenException: Container 1 in CLOSING state
	at org.apache.hadoop.ozone.container.common.impl.HddsDispatcher.validateContainerCommand(HddsDispatcher.java:408)
	at org.apache.hadoop.ozone.container.common.transport.server.ratis.ContainerStateMachine.startTransaction(ContainerStateMachine.java:309) 
2019-08-28 06:34:21,236 | ERROR | DNAudit | user=null | ip=null | op=PUT_BLOCK {blockData=[blockId=conID: 1 locID: 102693210123730958 bcsId: 0,size=650]} | ret=FAILURE | org.apache.hadoop.hdds.scm.container.common.helpers.ContainerNotOpenException: Container 1 in CLOSING state
	at org.apache.hadoop.ozone.container.common.impl.HddsDispatcher.validateContainerCommand(HddsDispatcher.java:408)
	at org.apache.hadoop.ozone.container.common.transport.server.ratis.ContainerStateMachine.startTransaction(ContainerStateMachine.java:309) 
2019-08-28 06:34:21,243 | ERROR | DNAudit | user=null | ip=null | op=WRITE_CHUNK {blockData=conID: 1 locID: 102693210123730958 bcsId: 16} | ret=FAILURE | org.apache.hadoop.hdds.scm.container.common.helpers.ContainerNotOpenException: Container 1 in CLOSING state
	at org.apache.hadoop.ozone.container.common.impl.HddsDispatcher.validateContainerCommand(HddsDispatcher.java:408)
	at org.apache.hadoop.ozone.container.common.transport.server.ratis.ContainerStateMachine.startTransaction(ContainerStateMachine.java:309) 
2019-08-28 06:34:21,247 [grpc-default-executor-10] INFO  client.GrpcClientProtocolClient (GrpcClientProtocolClient.java:onNext(255)) - client-E4CEBB479A80->37ed6077-b3c7-4ece-80ea-a455fdabd61d: receive RaftClientReply:client-E4CEBB479A80->37ed6077-b3c7-4ece-80ea-a455fdabd61d@group-CCC405646EC7, cid=193, FAILED org.apache.ratis.protocol.StateMachineException: org.apache.hadoop.hdds.scm.container.common.helpers.ContainerNotOpenException from Server 37ed6077-b3c7-4ece-80ea-a455fdabd61d: Container 1 in CLOSING state, logIndex=0, commits[37ed6077-b3c7-4ece-80ea-a455fdabd61d:c20, c5a75e6e-3ba6-4e01-8e6e-e37c55fb7020:c18, 38f0bdbc-1089-4089-b877-2049a2a4e791:c19]
2019-08-28 06:34:21,251 [grpc-default-executor-10] INFO  client.GrpcClientProtocolClient (GrpcClientProtocolClient.java:onNext(255)) - client-E4CEBB479A80->37ed6077-b3c7-4ece-80ea-a455fdabd61d: receive RaftClientReply:client-E4CEBB479A80->37ed6077-b3c7-4ece-80ea-a455fdabd61d@group-CCC405646EC7, cid=194, FAILED org.apache.ratis.protocol.StateMachineException: org.apache.hadoop.hdds.scm.container.common.helpers.ContainerNotOpenException from Server 37ed6077-b3c7-4ece-80ea-a455fdabd61d: Container 1 in CLOSING state, logIndex=0, commits[37ed6077-b3c7-4ece-80ea-a455fdabd61d:c20, c5a75e6e-3ba6-4e01-8e6e-e37c55fb7020:c18, 38f0bdbc-1089-4089-b877-2049a2a4e791:c19]
2019-08-28 06:34:21,251 | ERROR | DNAudit | user=null | ip=null | op=WRITE_CHUNK {blockData=conID: 1 locID: 102693210123730958 bcsId: 16} | ret=FAILURE | org.apache.hadoop.hdds.scm.container.common.helpers.ContainerNotOpenException: Container 1 in CLOSING state
	at org.apache.hadoop.ozone.container.common.impl.HddsDispatcher.validateContainerCommand(HddsDispatcher.java:408)
	at org.apache.hadoop.ozone.container.common.transport.server.ratis.ContainerStateMachine.startTransaction(ContainerStateMachine.java:309) 
2019-08-28 06:34:21,255 [grpc-default-executor-10] INFO  client.GrpcClientProtocolClient (GrpcClientProtocolClient.java:onNext(255)) - client-E4CEBB479A80->37ed6077-b3c7-4ece-80ea-a455fdabd61d: receive RaftClientReply:client-E4CEBB479A80->37ed6077-b3c7-4ece-80ea-a455fdabd61d@group-CCC405646EC7, cid=195, FAILED org.apache.ratis.protocol.StateMachineException: org.apache.hadoop.hdds.scm.container.common.helpers.ContainerNotOpenException from Server 37ed6077-b3c7-4ece-80ea-a455fdabd61d: Container 1 in CLOSING state, logIndex=0, commits[37ed6077-b3c7-4ece-80ea-a455fdabd61d:c20, c5a75e6e-3ba6-4e01-8e6e-e37c55fb7020:c18, 38f0bdbc-1089-4089-b877-2049a2a4e791:c19]
2019-08-28 06:34:21,256 | ERROR | DNAudit | user=null | ip=null | op=PUT_BLOCK {blockData=[blockId=conID: 1 locID: 102693210123730958 bcsId: 0,size=800]} | ret=FAILURE | org.apache.hadoop.hdds.scm.container.common.helpers.ContainerNotOpenException: Container 1 in CLOSING state
	at org.apache.hadoop.ozone.container.common.impl.HddsDispatcher.validateContainerCommand(HddsDispatcher.java:408)
	at org.apache.hadoop.ozone.container.common.transport.server.ratis.ContainerStateMachine.startTransaction(ContainerStateMachine.java:309) 
2019-08-28 06:34:21,257 [grpc-default-executor-10] INFO  client.GrpcClientProtocolClient (GrpcClientProtocolClient.java:onNext(255)) - client-E4CEBB479A80->37ed6077-b3c7-4ece-80ea-a455fdabd61d: receive RaftClientReply:client-E4CEBB479A80->37ed6077-b3c7-4ece-80ea-a455fdabd61d@group-CCC405646EC7, cid=196, FAILED org.apache.ratis.protocol.StateMachineException: org.apache.hadoop.hdds.scm.container.common.helpers.ContainerNotOpenException from Server 37ed6077-b3c7-4ece-80ea-a455fdabd61d: Container 1 in CLOSING state, logIndex=0, commits[37ed6077-b3c7-4ece-80ea-a455fdabd61d:c20, c5a75e6e-3ba6-4e01-8e6e-e37c55fb7020:c18, 38f0bdbc-1089-4089-b877-2049a2a4e791:c19]
2019-08-28 06:34:21,261 [grpc-default-executor-10] INFO  client.GrpcClientProtocolClient (GrpcClientProtocolClient.java:onNext(255)) - client-E4CEBB479A80->37ed6077-b3c7-4ece-80ea-a455fdabd61d: receive RaftClientReply:client-E4CEBB479A80->37ed6077-b3c7-4ece-80ea-a455fdabd61d@group-CCC405646EC7, cid=197, FAILED org.apache.ratis.protocol.StateMachineException: org.apache.hadoop.hdds.scm.container.common.helpers.ContainerNotOpenException from Server 37ed6077-b3c7-4ece-80ea-a455fdabd61d: Container 1 in CLOSING state, logIndex=0, commits[37ed6077-b3c7-4ece-80ea-a455fdabd61d:c20, c5a75e6e-3ba6-4e01-8e6e-e37c55fb7020:c18, 38f0bdbc-1089-4089-b877-2049a2a4e791:c19]
2019-08-28 06:34:21,293 | INFO  | SCMAudit | user=jenkins1000 | ip=192.168.34.10 | op=ALLOCATE_BLOCK {owner=b0c2e884-358f-460f-aa64-576556253dd4, size=800, type=RATIS, factor=THREE} | ret=SUCCESS |  
2019-08-28 06:34:21,294 | INFO  | OMAudit | user=jenkins1000 | ip=127.0.0.1 | op=ALLOCATE_BLOCK {volume=testblockoutputstream, bucket=testblockoutputstream, key=f56c841c-a47f-485c-9da2-d2d53894f68e, dataSize=0, replicationType=null, replicationFactor=null, keyLocationInfo=null, clientID=102693210123010061} | ret=SUCCESS |  
2019-08-28 06:34:21,361 | INFO  | SCMAudit | user=jenkins1000 | ip=192.168.34.10 | op=SEND_HEARTBEAT {datanodeUUID=4aaf653c-c443-4044-b7ad-f4623e7320a2, command=[]} | ret=SUCCESS |  
2019-08-28 06:34:21,368 | INFO  | SCMAudit | user=jenkins1000 | ip=192.168.34.10 | op=SEND_HEARTBEAT {datanodeUUID=9d3a01fd-5b16-441f-ba7a-7e38b292dbb2, command=[]} | ret=SUCCESS |  
2019-08-28 06:34:21,443 | INFO  | DNAudit | user=null | ip=null | op=WRITE_CHUNK {blockData=conID: 2 locID: 102693212080898063 bcsId: 0} | ret=SUCCESS |  
2019-08-28 06:34:21,443 | INFO  | DNAudit | user=null | ip=null | op=WRITE_CHUNK {blockData=conID: 2 locID: 102693212080898063 bcsId: 0} | ret=SUCCESS |  
2019-08-28 06:34:21,443 | INFO  | DNAudit | user=null | ip=null | op=WRITE_CHUNK {blockData=conID: 2 locID: 102693212080898063 bcsId: 0} | ret=SUCCESS |  
2019-08-28 06:34:21,443 | INFO  | SCMAudit | user=jenkins1000 | ip=192.168.34.10 | op=SEND_HEARTBEAT {datanodeUUID=4aaf653c-c443-4044-b7ad-f4623e7320a2, command=[]} | ret=SUCCESS |  
2019-08-28 06:34:21,443 | INFO  | SCMAudit | user=jenkins1000 | ip=192.168.34.10 | op=SEND_HEARTBEAT {datanodeUUID=9cd1cf0b-08ae-4d53-8ceb-815e7e017b07, command=[]} | ret=SUCCESS |  
2019-08-28 06:34:21,443 | INFO  | SCMAudit | user=jenkins1000 | ip=192.168.34.10 | op=SEND_HEARTBEAT {datanodeUUID=9e09162c-d652-4106-871c-162faebb3aaf, command=[]} | ret=SUCCESS |  
2019-08-28 06:34:21,457 | INFO  | DNAudit | user=null | ip=null | op=WRITE_CHUNK {blockData=conID: 2 locID: 102693212080898063 bcsId: 0} | ret=SUCCESS |  
2019-08-28 06:34:21,458 [grpc-default-executor-10] INFO  client.GrpcClientProtocolClient (GrpcClientProtocolClient.java:onNext(255)) - client-3CDBE47B772B->9cd1cf0b-08ae-4d53-8ceb-815e7e017b07: receive RaftClientReply:client-3CDBE47B772B->9cd1cf0b-08ae-4d53-8ceb-815e7e017b07@group-1E1E5B07B143, cid=198, SUCCESS, logIndex=1, commits[9cd1cf0b-08ae-4d53-8ceb-815e7e017b07:c1, 9e09162c-d652-4106-871c-162faebb3aaf:c0, 4aaf653c-c443-4044-b7ad-f4623e7320a2:c0]
2019-08-28 06:34:21,465 | INFO  | DNAudit | user=null | ip=null | op=WRITE_CHUNK {blockData=conID: 2 locID: 102693212080898063 bcsId: 0} | ret=SUCCESS |  
2019-08-28 06:34:21,467 | INFO  | DNAudit | user=null | ip=null | op=WRITE_CHUNK {blockData=conID: 2 locID: 102693212080898063 bcsId: 0} | ret=SUCCESS |  
2019-08-28 06:34:21,467 | INFO  | DNAudit | user=null | ip=null | op=WRITE_CHUNK {blockData=conID: 2 locID: 102693212080898063 bcsId: 0} | ret=SUCCESS |  
2019-08-28 06:34:21,467 | INFO  | DNAudit | user=null | ip=null | op=WRITE_CHUNK {blockData=conID: 2 locID: 102693212080898063 bcsId: 0} | ret=SUCCESS |  
2019-08-28 06:34:21,468 | INFO  | DNAudit | user=null | ip=null | op=WRITE_CHUNK {blockData=conID: 2 locID: 102693212080898063 bcsId: 0} | ret=SUCCESS |  
2019-08-28 06:34:21,468 | INFO  | DNAudit | user=null | ip=null | op=WRITE_CHUNK {blockData=conID: 2 locID: 102693212080898063 bcsId: 0} | ret=SUCCESS |  
2019-08-28 06:34:21,468 | INFO  | DNAudit | user=null | ip=null | op=WRITE_CHUNK {blockData=conID: 2 locID: 102693212080898063 bcsId: 0} | ret=SUCCESS |  
2019-08-28 06:34:21,469 | INFO  | DNAudit | user=null | ip=null | op=WRITE_CHUNK {blockData=conID: 2 locID: 102693212080898063 bcsId: 0} | ret=SUCCESS |  
2019-08-28 06:34:21,469 | INFO  | DNAudit | user=null | ip=null | op=WRITE_CHUNK {blockData=conID: 2 locID: 102693212080898063 bcsId: 0} | ret=SUCCESS |  
2019-08-28 06:34:21,469 | INFO  | DNAudit | user=null | ip=null | op=WRITE_CHUNK {blockData=conID: 2 locID: 102693212080898063 bcsId: 0} | ret=SUCCESS |  
2019-08-28 06:34:21,469 | INFO  | DNAudit | user=null | ip=null | op=WRITE_CHUNK {blockData=conID: 2 locID: 102693212080898063 bcsId: 0} | ret=SUCCESS |  
2019-08-28 06:34:21,480 | INFO  | DNAudit | user=null | ip=null | op=WRITE_CHUNK {blockData=conID: 2 locID: 102693212080898063 bcsId: 0} | ret=SUCCESS |  
2019-08-28 06:34:21,485 | INFO  | DNAudit | user=null | ip=null | op=WRITE_CHUNK {blockData=conID: 2 locID: 102693212080898063 bcsId: 0} | ret=SUCCESS |  
2019-08-28 06:34:21,485 [grpc-default-executor-9] INFO  client.GrpcClientProtocolClient (GrpcClientProtocolClient.java:onNext(255)) - client-3CDBE47B772B->9cd1cf0b-08ae-4d53-8ceb-815e7e017b07: receive RaftClientReply:client-3CDBE47B772B->9cd1cf0b-08ae-4d53-8ceb-815e7e017b07@group-1E1E5B07B143, cid=199, SUCCESS, logIndex=3, commits[9cd1cf0b-08ae-4d53-8ceb-815e7e017b07:c4, 9e09162c-d652-4106-871c-162faebb3aaf:c1, 4aaf653c-c443-4044-b7ad-f4623e7320a2:c1]
2019-08-28 06:34:21,496 | INFO  | DNAudit | user=null | ip=null | op=WRITE_CHUNK {blockData=conID: 2 locID: 102693212080898063 bcsId: 0} | ret=SUCCESS |  
2019-08-28 06:34:21,525 | INFO  | DNAudit | user=null | ip=null | op=PUT_BLOCK {blockData=[blockId=conID: 2 locID: 102693212080898063 bcsId: 0,size=200]} | ret=SUCCESS |  
2019-08-28 06:34:21,526 | INFO  | DNAudit | user=null | ip=null | op=WRITE_CHUNK {blockData=conID: 2 locID: 102693212080898063 bcsId: 0} | ret=SUCCESS |  
2019-08-28 06:34:21,526 | INFO  | DNAudit | user=null | ip=null | op=WRITE_CHUNK {blockData=conID: 2 locID: 102693212080898063 bcsId: 0} | ret=SUCCESS |  
2019-08-28 06:34:21,527 [grpc-default-executor-10] INFO  client.GrpcClientProtocolClient (GrpcClientProtocolClient.java:onNext(255)) - client-3CDBE47B772B->9cd1cf0b-08ae-4d53-8ceb-815e7e017b07: receive RaftClientReply:client-3CDBE47B772B->9cd1cf0b-08ae-4d53-8ceb-815e7e017b07@group-1E1E5B07B143, cid=200, SUCCESS, logIndex=4, commits[9cd1cf0b-08ae-4d53-8ceb-815e7e017b07:c12, 9e09162c-d652-4106-871c-162faebb3aaf:c7, 4aaf653c-c443-4044-b7ad-f4623e7320a2:c7]
2019-08-28 06:34:21,528 [grpc-default-executor-10] INFO  client.GrpcClientProtocolClient (GrpcClientProtocolClient.java:onNext(255)) - client-3CDBE47B772B->9cd1cf0b-08ae-4d53-8ceb-815e7e017b07: receive RaftClientReply:client-3CDBE47B772B->9cd1cf0b-08ae-4d53-8ceb-815e7e017b07@group-1E1E5B07B143, cid=201, SUCCESS, logIndex=5, commits[9cd1cf0b-08ae-4d53-8ceb-815e7e017b07:c12, 9e09162c-d652-4106-871c-162faebb3aaf:c7, 4aaf653c-c443-4044-b7ad-f4623e7320a2:c7]
2019-08-28 06:34:21,529 [grpc-default-executor-10] INFO  client.GrpcClientProtocolClient (GrpcClientProtocolClient.java:onNext(255)) - client-3CDBE47B772B->9cd1cf0b-08ae-4d53-8ceb-815e7e017b07: receive RaftClientReply:client-3CDBE47B772B->9cd1cf0b-08ae-4d53-8ceb-815e7e017b07@group-1E1E5B07B143, cid=202, SUCCESS, logIndex=6, commits[9cd1cf0b-08ae-4d53-8ceb-815e7e017b07:c12, 9e09162c-d652-4106-871c-162faebb3aaf:c7, 4aaf653c-c443-4044-b7ad-f4623e7320a2:c7]
2019-08-28 06:34:21,578 | INFO  | DNAudit | user=null | ip=null | op=PUT_BLOCK {blockData=[blockId=conID: 2 locID: 102693212080898063 bcsId: 0,size=200]} | ret=SUCCESS |  
2019-08-28 06:34:21,579 | INFO  | DNAudit | user=null | ip=null | op=WRITE_CHUNK {blockData=conID: 2 locID: 102693212080898063 bcsId: 0} | ret=SUCCESS |  
2019-08-28 06:34:21,579 | INFO  | DNAudit | user=null | ip=null | op=WRITE_CHUNK {blockData=conID: 2 locID: 102693212080898063 bcsId: 0} | ret=SUCCESS |  
2019-08-28 06:34:21,625 | INFO  | DNAudit | user=null | ip=null | op=PUT_BLOCK {blockData=[blockId=conID: 2 locID: 102693212080898063 bcsId: 0,size=400]} | ret=SUCCESS |  
2019-08-28 06:34:21,625 | INFO  | DNAudit | user=null | ip=null | op=PUT_BLOCK {blockData=[blockId=conID: 2 locID: 102693212080898063 bcsId: 0,size=400]} | ret=SUCCESS |  
2019-08-28 06:34:21,625 | INFO  | DNAudit | user=null | ip=null | op=PUT_BLOCK {blockData=[blockId=conID: 2 locID: 102693212080898063 bcsId: 0,size=200]} | ret=SUCCESS |  
2019-08-28 06:34:21,625 | INFO  | DNAudit | user=null | ip=null | op=WRITE_CHUNK {blockData=conID: 2 locID: 102693212080898063 bcsId: 0} | ret=SUCCESS |  
2019-08-28 06:34:21,626 | INFO  | DNAudit | user=null | ip=null | op=WRITE_CHUNK {blockData=conID: 2 locID: 102693212080898063 bcsId: 0} | ret=SUCCESS |  
2019-08-28 06:34:21,636 [grpc-default-executor-10] INFO  client.GrpcClientProtocolClient (GrpcClientProtocolClient.java:onNext(255)) - client-3CDBE47B772B->9cd1cf0b-08ae-4d53-8ceb-815e7e017b07: receive RaftClientReply:client-3CDBE47B772B->9cd1cf0b-08ae-4d53-8ceb-815e7e017b07@group-1E1E5B07B143, cid=203, SUCCESS, logIndex=7, commits[9cd1cf0b-08ae-4d53-8ceb-815e7e017b07:c12, 9e09162c-d652-4106-871c-162faebb3aaf:c7, 4aaf653c-c443-4044-b7ad-f4623e7320a2:c7]
2019-08-28 06:34:21,637 | INFO  | DNAudit | user=null | ip=null | op=PUT_BLOCK {blockData=[blockId=conID: 2 locID: 102693212080898063 bcsId: 0,size=400]} | ret=SUCCESS |  
2019-08-28 06:34:21,640 | INFO  | DNAudit | user=null | ip=null | op=WRITE_CHUNK {blockData=conID: 2 locID: 102693212080898063 bcsId: 7} | ret=SUCCESS |  
2019-08-28 06:34:21,644 | INFO  | DNAudit | user=null | ip=null | op=WRITE_CHUNK {blockData=conID: 2 locID: 102693212080898063 bcsId: 7} | ret=SUCCESS |  
2019-08-28 06:34:21,644 | INFO  | DNAudit | user=null | ip=null | op=WRITE_CHUNK {blockData=conID: 2 locID: 102693212080898063 bcsId: 7} | ret=SUCCESS |  
2019-08-28 06:34:21,659 | INFO  | DNAudit | user=null | ip=null | op=WRITE_CHUNK {blockData=conID: 2 locID: 102693212080898063 bcsId: 7} | ret=SUCCESS |  
2019-08-28 06:34:21,660 | INFO  | DNAudit | user=null | ip=null | op=PUT_BLOCK {blockData=[blockId=conID: 2 locID: 102693212080898063 bcsId: 0,size=450]} | ret=SUCCESS |  
2019-08-28 06:34:21,660 [grpc-default-executor-5] INFO  client.GrpcClientProtocolClient (GrpcClientProtocolClient.java:onNext(255)) - client-3CDBE47B772B->9cd1cf0b-08ae-4d53-8ceb-815e7e017b07: receive RaftClientReply:client-3CDBE47B772B->9cd1cf0b-08ae-4d53-8ceb-815e7e017b07@group-1E1E5B07B143, cid=204, SUCCESS, logIndex=13, commits[9cd1cf0b-08ae-4d53-8ceb-815e7e017b07:c14, 9e09162c-d652-4106-871c-162faebb3aaf:c12, 4aaf653c-c443-4044-b7ad-f4623e7320a2:c12]
2019-08-28 06:34:21,661 [grpc-default-executor-5] INFO  client.GrpcClientProtocolClient (GrpcClientProtocolClient.java:onNext(255)) - client-3CDBE47B772B->9cd1cf0b-08ae-4d53-8ceb-815e7e017b07: receive RaftClientReply:client-3CDBE47B772B->9cd1cf0b-08ae-4d53-8ceb-815e7e017b07@group-1E1E5B07B143, cid=205, SUCCESS, logIndex=14, commits[9cd1cf0b-08ae-4d53-8ceb-815e7e017b07:c14, 9e09162c-d652-4106-871c-162faebb3aaf:c12, 4aaf653c-c443-4044-b7ad-f4623e7320a2:c12]
2019-08-28 06:34:21,668 | INFO  | DNAudit | user=null | ip=null | op=WRITE_CHUNK {blockData=conID: 2 locID: 102693212080898063 bcsId: 7} | ret=SUCCESS |  
2019-08-28 06:34:21,668 | INFO  | DNAudit | user=null | ip=null | op=WRITE_CHUNK {blockData=conID: 2 locID: 102693212080898063 bcsId: 7} | ret=SUCCESS |  
2019-08-28 06:34:21,674 | INFO  | DNAudit | user=null | ip=null | op=PUT_BLOCK {blockData=[blockId=conID: 2 locID: 102693212080898063 bcsId: 0,size=450]} | ret=SUCCESS |  
2019-08-28 06:34:21,674 | INFO  | DNAudit | user=null | ip=null | op=PUT_BLOCK {blockData=[blockId=conID: 2 locID: 102693212080898063 bcsId: 0,size=450]} | ret=SUCCESS |  
2019-08-28 06:34:21,678 [grpc-default-executor-5] INFO  client.GrpcClientProtocolClient (GrpcClientProtocolClient.java:onNext(255)) - client-3CDBE47B772B->9cd1cf0b-08ae-4d53-8ceb-815e7e017b07: receive RaftClientReply:client-3CDBE47B772B->9cd1cf0b-08ae-4d53-8ceb-815e7e017b07@group-1E1E5B07B143, cid=206, SUCCESS, logIndex=0, commits[9cd1cf0b-08ae-4d53-8ceb-815e7e017b07:c16, 9e09162c-d652-4106-871c-162faebb3aaf:c14, 4aaf653c-c443-4044-b7ad-f4623e7320a2:c14]
2019-08-28 06:34:21,678 [main] INFO  ozone.MiniOzoneClusterImpl (MiniOzoneClusterImpl.java:shutdown(321)) - Shutting down the Mini Ozone Cluster
2019-08-28 06:34:21,679 | INFO  | SCMAudit | user=null | ip=null | op=GET_SCM_INFO null | ret=SUCCESS |  
2019-08-28 06:34:21,679 [main] INFO  ozone.MiniOzoneClusterImpl (MiniOzoneClusterImpl.java:stop(336)) - Stopping the Mini Ozone Cluster
2019-08-28 06:34:21,679 [main] INFO  ozone.MiniOzoneClusterImpl (MiniOzoneClusterImpl.java:stop(338)) - Stopping the OzoneManager
2019-08-28 06:34:21,679 [main] INFO  ipc.Server (Server.java:stop(3082)) - Stopping server on 41334
2019-08-28 06:34:21,691 [IPC Server listener on 41334] INFO  ipc.Server (Server.java:run(1185)) - Stopping IPC Server listener on 41334
2019-08-28 06:34:21,696 [IPC Server Responder] INFO  ipc.Server (Server.java:run(1319)) - Stopping IPC Server Responder
2019-08-28 06:34:21,693 [main] INFO  ratis.OzoneManagerDoubleBuffer (OzoneManagerDoubleBuffer.java:stop(248)) - Stopping OMDoubleBuffer flush thread
2019-08-28 06:34:21,720 [OMDoubleBufferFlushThread] INFO  ratis.OzoneManagerDoubleBuffer (OzoneManagerDoubleBuffer.java:flushTransactions(191)) - OMDoubleBuffer flush thread OMDoubleBufferFlushThread is interrupted and will exit. OMDoubleBufferFlushThread
2019-08-28 06:34:21,720 [main] INFO  utils.BackgroundService (BackgroundService.java:shutdown(148)) - Shutting down service KeyDeletingService
2019-08-28 06:34:21,721 [main] INFO  handler.ContextHandler (ContextHandler.java:doStop(910)) - Stopped o.e.j.w.WebAppContext@21f7c0be{/,null,UNAVAILABLE}{/ozoneManager}
2019-08-28 06:34:21,722 [main] INFO  server.AbstractConnector (AbstractConnector.java:doStop(318)) - Stopped ServerConnector@48463900{HTTP/1.1,[http/1.1]}{0.0.0.0:0}
2019-08-28 06:34:21,723 [main] INFO  handler.ContextHandler (ContextHandler.java:doStop(910)) - Stopped o.e.j.s.ServletContextHandler@7018636a{/static,file:///workdir/hadoop-ozone/integration-test/target/test-classes/webapps/static,UNAVAILABLE}
2019-08-28 06:34:21,723 [main] INFO  handler.ContextHandler (ContextHandler.java:doStop(910)) - Stopped o.e.j.s.ServletContextHandler@11eb8842{/logs,file:///workdir/hadoop-ozone/integration-test/target/log,UNAVAILABLE}
2019-08-28 06:34:21,726 [main] INFO  ozone.MiniOzoneClusterImpl (MiniOzoneClusterImpl.java:stop(344)) - Shutting the HddsDatanodes
2019-08-28 06:34:21,727 [main] INFO  datanode.ObjectStoreHandler (ObjectStoreHandler.java:close(155)) - Closing ObjectStoreHandler.
2019-08-28 06:34:21,727 [ForkJoinPool.commonPool-worker-0] INFO  datanode.ObjectStoreHandler (ObjectStoreHandler.java:close(155)) - Closing ObjectStoreHandler.
2019-08-28 06:34:21,727 [main] INFO  ozone.HddsDatanodeService (HddsDatanodeService.java:stop(451)) - Stopped plug-in org.apache.hadoop.ozone.web.OzoneHddsDatanodeService@2ddb260e
2019-08-28 06:34:21,727 [ForkJoinPool.commonPool-worker-0] INFO  ozone.HddsDatanodeService (HddsDatanodeService.java:stop(451)) - Stopped plug-in org.apache.hadoop.ozone.web.OzoneHddsDatanodeService@489a722d
2019-08-28 06:34:21,846 [Datanode State Machine Thread - 0] INFO  statemachine.DatanodeStateMachine (DatanodeStateMachine.java:lambda$startDaemon$0(350)) - Ozone container server started.
2019-08-28 06:34:21,847 | INFO  | SCMAudit | user=jenkins1000 | ip=192.168.34.10 | op=SEND_HEARTBEAT {datanodeUUID=37ed6077-b3c7-4ece-80ea-a455fdabd61d, command=[]} | ret=SUCCESS |  
2019-08-28 06:34:22,370 | INFO  | SCMAudit | user=jenkins1000 | ip=192.168.34.10 | op=SEND_HEARTBEAT {datanodeUUID=9d3a01fd-5b16-441f-ba7a-7e38b292dbb2, command=[]} | ret=SUCCESS |  
2019-08-28 06:34:22,440 [Datanode State Machine Thread - 0] INFO  statemachine.DatanodeStateMachine (DatanodeStateMachine.java:lambda$startDaemon$0(350)) - Ozone container server started.
2019-08-28 06:34:22,441 | INFO  | SCMAudit | user=jenkins1000 | ip=192.168.34.10 | op=SEND_HEARTBEAT {datanodeUUID=9e09162c-d652-4106-871c-162faebb3aaf, command=[]} | ret=SUCCESS |  
2019-08-28 06:34:22,441 | INFO  | SCMAudit | user=jenkins1000 | ip=192.168.34.10 | op=SEND_HEARTBEAT {datanodeUUID=9cd1cf0b-08ae-4d53-8ceb-815e7e017b07, command=[]} | ret=SUCCESS |  
2019-08-28 06:34:22,847 | INFO  | SCMAudit | user=jenkins1000 | ip=192.168.34.10 | op=SEND_HEARTBEAT {datanodeUUID=37ed6077-b3c7-4ece-80ea-a455fdabd61d, command=[]} | ret=SUCCESS |  
2019-08-28 06:34:23,368 | INFO  | SCMAudit | user=jenkins1000 | ip=192.168.34.10 | op=SEND_HEARTBEAT {datanodeUUID=9d3a01fd-5b16-441f-ba7a-7e38b292dbb2, command=[]} | ret=SUCCESS |  
2019-08-28 06:34:23,441 | INFO  | SCMAudit | user=jenkins1000 | ip=192.168.34.10 | op=SEND_HEARTBEAT {datanodeUUID=9cd1cf0b-08ae-4d53-8ceb-815e7e017b07, command=[]} | ret=SUCCESS |  
2019-08-28 06:34:23,441 | INFO  | SCMAudit | user=jenkins1000 | ip=192.168.34.10 | op=SEND_HEARTBEAT {datanodeUUID=9e09162c-d652-4106-871c-162faebb3aaf, command=[]} | ret=SUCCESS |  
2019-08-28 06:34:23,617 [grpc-default-executor-9] WARN  server.GrpcLogAppender (LogUtils.java:warn(134)) - 37ed6077-b3c7-4ece-80ea-a455fdabd61d->c5a75e6e-3ba6-4e01-8e6e-e37c55fb7020: Failed appendEntries: org.apache.ratis.thirdparty.io.grpc.StatusRuntimeException: UNAVAILABLE: io exception
2019-08-28 06:34:23,618 [grpc-default-executor-9] INFO  impl.FollowerInfo (FollowerInfo.java:lambda$new$0(50)) - 37ed6077-b3c7-4ece-80ea-a455fdabd61d->c5a75e6e-3ba6-4e01-8e6e-e37c55fb7020: nextIndex: updateUnconditionally 1 -> 0
2019-08-28 06:34:23,847 | INFO  | SCMAudit | user=jenkins1000 | ip=192.168.34.10 | op=SEND_HEARTBEAT {datanodeUUID=37ed6077-b3c7-4ece-80ea-a455fdabd61d, command=[]} | ret=SUCCESS |  
2019-08-28 06:34:24,369 | INFO  | SCMAudit | user=jenkins1000 | ip=192.168.34.10 | op=SEND_HEARTBEAT {datanodeUUID=9d3a01fd-5b16-441f-ba7a-7e38b292dbb2, command=[]} | ret=SUCCESS |  
2019-08-28 06:34:24,441 | INFO  | SCMAudit | user=jenkins1000 | ip=192.168.34.10 | op=SEND_HEARTBEAT {datanodeUUID=9cd1cf0b-08ae-4d53-8ceb-815e7e017b07, command=[]} | ret=SUCCESS |  
2019-08-28 06:34:24,442 | INFO  | SCMAudit | user=jenkins1000 | ip=192.168.34.10 | op=SEND_HEARTBEAT {datanodeUUID=9e09162c-d652-4106-871c-162faebb3aaf, command=[]} | ret=SUCCESS |  
2019-08-28 06:34:24,847 | INFO  | SCMAudit | user=jenkins1000 | ip=192.168.34.10 | op=SEND_HEARTBEAT {datanodeUUID=37ed6077-b3c7-4ece-80ea-a455fdabd61d, command=[]} | ret=SUCCESS |  
2019-08-28 06:34:25,369 | INFO  | SCMAudit | user=jenkins1000 | ip=192.168.34.10 | op=SEND_HEARTBEAT {datanodeUUID=9d3a01fd-5b16-441f-ba7a-7e38b292dbb2, command=[]} | ret=SUCCESS |  
2019-08-28 06:34:25,441 | INFO  | SCMAudit | user=jenkins1000 | ip=192.168.34.10 | op=SEND_HEARTBEAT {datanodeUUID=9cd1cf0b-08ae-4d53-8ceb-815e7e017b07, command=[]} | ret=SUCCESS |  
2019-08-28 06:34:25,442 | INFO  | SCMAudit | user=jenkins1000 | ip=192.168.34.10 | op=SEND_HEARTBEAT {datanodeUUID=9e09162c-d652-4106-871c-162faebb3aaf, command=[]} | ret=SUCCESS |  
2019-08-28 06:34:25,848 | INFO  | SCMAudit | user=jenkins1000 | ip=192.168.34.10 | op=SEND_HEARTBEAT {datanodeUUID=37ed6077-b3c7-4ece-80ea-a455fdabd61d, command=[]} | ret=SUCCESS |  
2019-08-28 06:34:25,874 [EventQueue-StaleNodeForStaleNodeHandler] INFO  node.StaleNodeHandler (StaleNodeHandler.java:onMessage(58)) - Datanode 38f0bdbc-1089-4089-b877-2049a2a4e791{ip: 192.168.34.10, host: pr-hdds-1783-trunk-8fbk5-3374829961, networkLocation: /default-rack, certSerialId: null} moved to stale state. Finalizing its pipelines [PipelineID=6fe699a3-5b97-4185-bcd4-ccc405646ec7, PipelineID=82d684dd-a792-4ba3-9f73-63bc674290ec]
2019-08-28 06:34:25,874 [EventQueue-StaleNodeForStaleNodeHandler] INFO  pipeline.SCMPipelineManager (SCMPipelineManager.java:finalizeAndDestroyPipeline(309)) - destroying pipeline:Pipeline[ Id: 6fe699a3-5b97-4185-bcd4-ccc405646ec7, Nodes: c5a75e6e-3ba6-4e01-8e6e-e37c55fb7020{ip: 192.168.34.10, host: pr-hdds-1783-trunk-8fbk5-3374829961, networkLocation: /default-rack, certSerialId: null}38f0bdbc-1089-4089-b877-2049a2a4e791{ip: 192.168.34.10, host: pr-hdds-1783-trunk-8fbk5-3374829961, networkLocation: /default-rack, certSerialId: null}37ed6077-b3c7-4ece-80ea-a455fdabd61d{ip: 192.168.34.10, host: pr-hdds-1783-trunk-8fbk5-3374829961, networkLocation: /default-rack, certSerialId: null}, Type:RATIS, Factor:THREE, State:CLOSED]
2019-08-28 06:34:25,874 [EventQueue-StaleNodeForStaleNodeHandler] INFO  pipeline.SCMPipelineManager (SCMPipelineManager.java:finalizeAndDestroyPipeline(309)) - destroying pipeline:Pipeline[ Id: 82d684dd-a792-4ba3-9f73-63bc674290ec, Nodes: 38f0bdbc-1089-4089-b877-2049a2a4e791{ip: 192.168.34.10, host: pr-hdds-1783-trunk-8fbk5-3374829961, networkLocation: /default-rack, certSerialId: null}, Type:RATIS, Factor:ONE, State:OPEN]
2019-08-28 06:34:25,875 [EventQueue-StaleNodeForStaleNodeHandler] INFO  pipeline.PipelineStateManager (PipelineStateManager.java:finalizePipeline(123)) - Pipeline Pipeline[ Id: 82d684dd-a792-4ba3-9f73-63bc674290ec, Nodes: 38f0bdbc-1089-4089-b877-2049a2a4e791{ip: 192.168.34.10, host: pr-hdds-1783-trunk-8fbk5-3374829961, networkLocation: /default-rack, certSerialId: null}, Type:RATIS, Factor:ONE, State:CLOSED] moved to CLOSED state
2019-08-28 06:34:26,117 [grpc-default-executor-9] WARN  server.GrpcLogAppender (LogUtils.java:warn(134)) - 37ed6077-b3c7-4ece-80ea-a455fdabd61d->c5a75e6e-3ba6-4e01-8e6e-e37c55fb7020: Failed appendEntries: org.apache.ratis.thirdparty.io.grpc.StatusRuntimeException: UNAVAILABLE: io exception
2019-08-28 06:34:26,117 [grpc-default-executor-9] INFO  impl.FollowerInfo (FollowerInfo.java:lambda$new$0(50)) - 37ed6077-b3c7-4ece-80ea-a455fdabd61d->c5a75e6e-3ba6-4e01-8e6e-e37c55fb7020: nextIndex: updateUnconditionally 0 -> 0
2019-08-28 06:34:26,369 | INFO  | SCMAudit | user=jenkins1000 | ip=192.168.34.10 | op=SEND_HEARTBEAT {datanodeUUID=9d3a01fd-5b16-441f-ba7a-7e38b292dbb2, command=[]} | ret=SUCCESS |  
2019-08-28 06:34:26,441 | INFO  | SCMAudit | user=jenkins1000 | ip=192.168.34.10 | op=SEND_HEARTBEAT {datanodeUUID=9cd1cf0b-08ae-4d53-8ceb-815e7e017b07, command=[]} | ret=SUCCESS |  
2019-08-28 06:34:26,442 | INFO  | SCMAudit | user=jenkins1000 | ip=192.168.34.10 | op=SEND_HEARTBEAT {datanodeUUID=9e09162c-d652-4106-871c-162faebb3aaf, command=[]} | ret=SUCCESS |  
2019-08-28 06:34:26,475 [EventQueue-StaleNodeForStaleNodeHandler] INFO  node.StaleNodeHandler (StaleNodeHandler.java:onMessage(58)) - Datanode 4aaf653c-c443-4044-b7ad-f4623e7320a2{ip: 192.168.34.10, host: pr-hdds-1783-trunk-8fbk5-3374829961, networkLocation: /default-rack, certSerialId: null} moved to stale state. Finalizing its pipelines [PipelineID=21e5a585-efcb-49d2-8d06-1e1e5b07b143, PipelineID=04deec7d-4080-4028-b097-cd0c23525d2a]
2019-08-28 06:34:26,475 [EventQueue-StaleNodeForStaleNodeHandler] INFO  pipeline.SCMPipelineManager (SCMPipelineManager.java:finalizeAndDestroyPipeline(309)) - destroying pipeline:Pipeline[ Id: 21e5a585-efcb-49d2-8d06-1e1e5b07b143, Nodes: 9cd1cf0b-08ae-4d53-8ceb-815e7e017b07{ip: 192.168.34.10, host: pr-hdds-1783-trunk-8fbk5-3374829961, networkLocation: /default-rack, certSerialId: null}9e09162c-d652-4106-871c-162faebb3aaf{ip: 192.168.34.10, host: pr-hdds-1783-trunk-8fbk5-3374829961, networkLocation: /default-rack, certSerialId: null}4aaf653c-c443-4044-b7ad-f4623e7320a2{ip: 192.168.34.10, host: pr-hdds-1783-trunk-8fbk5-3374829961, networkLocation: /default-rack, certSerialId: null}, Type:RATIS, Factor:THREE, State:OPEN]
2019-08-28 06:34:26,475 [EventQueue-StaleNodeForStaleNodeHandler] INFO  pipeline.PipelineStateManager (PipelineStateManager.java:finalizePipeline(123)) - Pipeline Pipeline[ Id: 21e5a585-efcb-49d2-8d06-1e1e5b07b143, Nodes: 9cd1cf0b-08ae-4d53-8ceb-815e7e017b07{ip: 192.168.34.10, host: pr-hdds-1783-trunk-8fbk5-3374829961, networkLocation: /default-rack, certSerialId: null}9e09162c-d652-4106-871c-162faebb3aaf{ip: 192.168.34.10, host: pr-hdds-1783-trunk-8fbk5-3374829961, networkLocation: /default-rack, certSerialId: null}4aaf653c-c443-4044-b7ad-f4623e7320a2{ip: 192.168.34.10, host: pr-hdds-1783-trunk-8fbk5-3374829961, networkLocation: /default-rack, certSerialId: null}, Type:RATIS, Factor:THREE, State:CLOSED] moved to CLOSED state
2019-08-28 06:34:26,476 [EventQueue-StaleNodeForStaleNodeHandler] INFO  pipeline.SCMPipelineManager (SCMPipelineManager.java:finalizeAndDestroyPipeline(309)) - destroying pipeline:Pipeline[ Id: 04deec7d-4080-4028-b097-cd0c23525d2a, Nodes: 4aaf653c-c443-4044-b7ad-f4623e7320a2{ip: 192.168.34.10, host: pr-hdds-1783-trunk-8fbk5-3374829961, networkLocation: /default-rack, certSerialId: null}, Type:RATIS, Factor:ONE, State:OPEN]
2019-08-28 06:34:26,476 [EventQueue-CloseContainerForCloseContainerEventHandler] INFO  container.CloseContainerEventHandler (CloseContainerEventHandler.java:onMessage(61)) - Close container Event triggered for container : #2
2019-08-28 06:34:26,476 [EventQueue-StaleNodeForStaleNodeHandler] INFO  pipeline.PipelineStateManager (PipelineStateManager.java:finalizePipeline(123)) - Pipeline Pipeline[ Id: 04deec7d-4080-4028-b097-cd0c23525d2a, Nodes: 4aaf653c-c443-4044-b7ad-f4623e7320a2{ip: 192.168.34.10, host: pr-hdds-1783-trunk-8fbk5-3374829961, networkLocation: /default-rack, certSerialId: null}, Type:RATIS, Factor:ONE, State:CLOSED] moved to CLOSED state
2019-08-28 06:34:26,728 [main] INFO  ozoneimpl.OzoneContainer (OzoneContainer.java:stop(199)) - Attempting to stop container services.
2019-08-28 06:34:26,728 [ForkJoinPool.commonPool-worker-0] INFO  ozoneimpl.OzoneContainer (OzoneContainer.java:stop(199)) - Attempting to stop container services.
2019-08-28 06:34:26,729 [main] INFO  impl.RaftServerProxy (RaftServerProxy.java:lambda$close$4(314)) - 38f0bdbc-1089-4089-b877-2049a2a4e791: close
2019-08-28 06:34:26,729 [ForkJoinPool.commonPool-worker-0] INFO  impl.RaftServerProxy (RaftServerProxy.java:lambda$close$4(314)) - 4aaf653c-c443-4044-b7ad-f4623e7320a2: close
2019-08-28 06:34:26,729 [main] INFO  impl.RaftServerImpl (RaftServerImpl.java:lambda$shutdown$3(245)) - 38f0bdbc-1089-4089-b877-2049a2a4e791: shutdown group-CCC405646EC7
2019-08-28 06:34:26,729 [ForkJoinPool.commonPool-worker-0] INFO  impl.RaftServerImpl (RaftServerImpl.java:lambda$shutdown$3(245)) - 4aaf653c-c443-4044-b7ad-f4623e7320a2: shutdown group-1E1E5B07B143
2019-08-28 06:34:26,730 [main] INFO  util.JmxRegister (JmxRegister.java:unregister(73)) - Successfully un-registered JMX Bean with object name Ratis:service=RaftServer,group=group-CCC405646EC7,id=38f0bdbc-1089-4089-b877-2049a2a4e791
2019-08-28 06:34:26,730 [ForkJoinPool.commonPool-worker-0] INFO  util.JmxRegister (JmxRegister.java:unregister(73)) - Successfully un-registered JMX Bean with object name Ratis:service=RaftServer,group=group-1E1E5B07B143,id=4aaf653c-c443-4044-b7ad-f4623e7320a2
2019-08-28 06:34:26,730 [main] INFO  impl.RoleInfo (RoleInfo.java:shutdownFollowerState(121)) - 38f0bdbc-1089-4089-b877-2049a2a4e791: shutdown FollowerState
2019-08-28 06:34:26,731 [ForkJoinPool.commonPool-worker-0] INFO  impl.RoleInfo (RoleInfo.java:shutdownFollowerState(121)) - 4aaf653c-c443-4044-b7ad-f4623e7320a2: shutdown FollowerState
2019-08-28 06:34:26,731 [main] INFO  impl.StateMachineUpdater (StateMachineUpdater.java:stopAndJoin(115)) - StateMachineUpdater:38f0bdbc-1089-4089-b877-2049a2a4e791:group-CCC405646EC7: set stopIndex = 20
2019-08-28 06:34:26,731 [StateMachineUpdater:4aaf653c-c443-4044-b7ad-f4623e7320a2:group-1E1E5B07B143] INFO  ratis.ContainerStateMachine (ContainerStateMachine.java:takeSnapshot(283)) - group-1E1E5B07B143: Taking a snapshot at:(t:1, i:14) file /workdir/hadoop-ozone/integration-test/target/test-dir/MiniOzoneClusterImpl-dfe718bc-bd4c-4c80-9b1d-75633119d19d/datanode-1/data/ratis/21e5a585-efcb-49d2-8d06-1e1e5b07b143/sm/snapshot.1_14
2019-08-28 06:34:26,731 [Thread-3615] INFO  impl.FollowerState (FollowerState.java:run(114)) - 4aaf653c-c443-4044-b7ad-f4623e7320a2: FollowerState was interrupted: java.lang.InterruptedException: sleep interrupted
2019-08-28 06:34:26,731 [Thread-3831] INFO  impl.FollowerState (FollowerState.java:run(114)) - 38f0bdbc-1089-4089-b877-2049a2a4e791: FollowerState was interrupted: java.lang.InterruptedException: sleep interrupted
2019-08-28 06:34:26,731 [StateMachineUpdater:38f0bdbc-1089-4089-b877-2049a2a4e791:group-CCC405646EC7] INFO  ratis.ContainerStateMachine (ContainerStateMachine.java:takeSnapshot(283)) - group-CCC405646EC7: Taking a snapshot at:(t:4, i:16) file /workdir/hadoop-ozone/integration-test/target/test-dir/MiniOzoneClusterImpl-dfe718bc-bd4c-4c80-9b1d-75633119d19d/datanode-4/data/ratis/6fe699a3-5b97-4185-bcd4-ccc405646ec7/sm/snapshot.4_16
2019-08-28 06:34:26,731 [ForkJoinPool.commonPool-worker-0] INFO  impl.StateMachineUpdater (StateMachineUpdater.java:stopAndJoin(115)) - StateMachineUpdater:4aaf653c-c443-4044-b7ad-f4623e7320a2:group-1E1E5B07B143: set stopIndex = 16
2019-08-28 06:34:26,755 [StateMachineUpdater:38f0bdbc-1089-4089-b877-2049a2a4e791:group-CCC405646EC7] INFO  ratis.ContainerStateMachine (ContainerStateMachine.java:takeSnapshot(294)) - group-CCC405646EC7: Finished taking a snapshot at:(t:4, i:16) file:/workdir/hadoop-ozone/integration-test/target/test-dir/MiniOzoneClusterImpl-dfe718bc-bd4c-4c80-9b1d-75633119d19d/datanode-4/data/ratis/6fe699a3-5b97-4185-bcd4-ccc405646ec7/sm/snapshot.4_16 time:24
2019-08-28 06:34:26,755 [StateMachineUpdater:4aaf653c-c443-4044-b7ad-f4623e7320a2:group-1E1E5B07B143] INFO  ratis.ContainerStateMachine (ContainerStateMachine.java:takeSnapshot(294)) - group-1E1E5B07B143: Finished taking a snapshot at:(t:1, i:14) file:/workdir/hadoop-ozone/integration-test/target/test-dir/MiniOzoneClusterImpl-dfe718bc-bd4c-4c80-9b1d-75633119d19d/datanode-1/data/ratis/21e5a585-efcb-49d2-8d06-1e1e5b07b143/sm/snapshot.1_14 time:23
2019-08-28 06:34:26,755 [StateMachineUpdater:38f0bdbc-1089-4089-b877-2049a2a4e791:group-CCC405646EC7] INFO  impl.StateMachineUpdater (StateMachineUpdater.java:takeSnapshot(242)) - StateMachineUpdater:38f0bdbc-1089-4089-b877-2049a2a4e791:group-CCC405646EC7: Took a snapshot at index 16
2019-08-28 06:34:26,755 [StateMachineUpdater:4aaf653c-c443-4044-b7ad-f4623e7320a2:group-1E1E5B07B143] INFO  impl.StateMachineUpdater (StateMachineUpdater.java:takeSnapshot(242)) - StateMachineUpdater:4aaf653c-c443-4044-b7ad-f4623e7320a2:group-1E1E5B07B143: Took a snapshot at index 14
2019-08-28 06:34:26,755 [StateMachineUpdater:38f0bdbc-1089-4089-b877-2049a2a4e791:group-CCC405646EC7] INFO  impl.StateMachineUpdater (StateMachineUpdater.java:lambda$new$0(80)) - StateMachineUpdater:38f0bdbc-1089-4089-b877-2049a2a4e791:group-CCC405646EC7: snapshotIndex: updateIncreasingly -1 -> 16
2019-08-28 06:34:26,755 [StateMachineUpdater:4aaf653c-c443-4044-b7ad-f4623e7320a2:group-1E1E5B07B143] INFO  impl.StateMachineUpdater (StateMachineUpdater.java:lambda$new$0(80)) - StateMachineUpdater:4aaf653c-c443-4044-b7ad-f4623e7320a2:group-1E1E5B07B143: snapshotIndex: updateIncreasingly -1 -> 14
2019-08-28 06:34:26,756 [ForkJoinPool.commonPool-worker-0] INFO  impl.RaftServerImpl (ServerState.java:close(394)) - 4aaf653c-c443-4044-b7ad-f4623e7320a2:group-1E1E5B07B143 closes. The last applied log index is 16
2019-08-28 06:34:26,756 [main] INFO  impl.RaftServerImpl (ServerState.java:close(394)) - 38f0bdbc-1089-4089-b877-2049a2a4e791:group-CCC405646EC7 closes. The last applied log index is 20
2019-08-28 06:34:26,756 [4aaf653c-c443-4044-b7ad-f4623e7320a2-SegmentedRaftLogWorker:Storage Directory /workdir/hadoop-ozone/integration-test/target/test-dir/MiniOzoneClusterImpl-dfe718bc-bd4c-4c80-9b1d-75633119d19d/datanode-1/data/ratis/21e5a585-efcb-49d2-8d06-1e1e5b07b143] INFO  segmented.SegmentedRaftLogWorker (SegmentedRaftLogWorker.java:run(313)) - 4aaf653c-c443-4044-b7ad-f4623e7320a2-SegmentedRaftLogWorker:Storage Directory /workdir/hadoop-ozone/integration-test/target/test-dir/MiniOzoneClusterImpl-dfe718bc-bd4c-4c80-9b1d-75633119d19d/datanode-1/data/ratis/21e5a585-efcb-49d2-8d06-1e1e5b07b143 was interrupted, exiting. There are 0 tasks remaining in the queue.
2019-08-28 06:34:26,757 [38f0bdbc-1089-4089-b877-2049a2a4e791-SegmentedRaftLogWorker:Storage Directory /workdir/hadoop-ozone/integration-test/target/test-dir/MiniOzoneClusterImpl-dfe718bc-bd4c-4c80-9b1d-75633119d19d/datanode-4/data/ratis/6fe699a3-5b97-4185-bcd4-ccc405646ec7] INFO  segmented.SegmentedRaftLogWorker (SegmentedRaftLogWorker.java:run(313)) - 38f0bdbc-1089-4089-b877-2049a2a4e791-SegmentedRaftLogWorker:Storage Directory /workdir/hadoop-ozone/integration-test/target/test-dir/MiniOzoneClusterImpl-dfe718bc-bd4c-4c80-9b1d-75633119d19d/datanode-4/data/ratis/6fe699a3-5b97-4185-bcd4-ccc405646ec7 was interrupted, exiting. There are 0 tasks remaining in the queue.
2019-08-28 06:34:26,759 [ForkJoinPool.commonPool-worker-0] INFO  segmented.SegmentedRaftLogWorker (SegmentedRaftLogWorker.java:close(228)) - 4aaf653c-c443-4044-b7ad-f4623e7320a2-SegmentedRaftLogWorker:Storage Directory /workdir/hadoop-ozone/integration-test/target/test-dir/MiniOzoneClusterImpl-dfe718bc-bd4c-4c80-9b1d-75633119d19d/datanode-1/data/ratis/21e5a585-efcb-49d2-8d06-1e1e5b07b143 close()
2019-08-28 06:34:26,761 [main] INFO  segmented.SegmentedRaftLogWorker (SegmentedRaftLogWorker.java:close(228)) - 38f0bdbc-1089-4089-b877-2049a2a4e791-SegmentedRaftLogWorker:Storage Directory /workdir/hadoop-ozone/integration-test/target/test-dir/MiniOzoneClusterImpl-dfe718bc-bd4c-4c80-9b1d-75633119d19d/datanode-4/data/ratis/6fe699a3-5b97-4185-bcd4-ccc405646ec7 close()
2019-08-28 06:34:26,765 [ForkJoinPool.commonPool-worker-0] INFO  impl.RaftServerImpl (RaftServerImpl.java:lambda$shutdown$3(245)) - 4aaf653c-c443-4044-b7ad-f4623e7320a2: shutdown group-CD0C23525D2A
2019-08-28 06:34:26,769 [main] INFO  impl.RaftServerImpl (RaftServerImpl.java:lambda$shutdown$3(245)) - 38f0bdbc-1089-4089-b877-2049a2a4e791: shutdown group-63BC674290EC
2019-08-28 06:34:26,769 [ForkJoinPool.commonPool-worker-0] INFO  util.JmxRegister (JmxRegister.java:unregister(73)) - Successfully un-registered JMX Bean with object name Ratis:service=RaftServer,group=group-CD0C23525D2A,id=4aaf653c-c443-4044-b7ad-f4623e7320a2
2019-08-28 06:34:26,770 [main] INFO  util.JmxRegister (JmxRegister.java:unregister(73)) - Successfully un-registered JMX Bean with object name Ratis:service=RaftServer,group=group-63BC674290EC,id=38f0bdbc-1089-4089-b877-2049a2a4e791
2019-08-28 06:34:26,770 [ForkJoinPool.commonPool-worker-0] INFO  impl.RoleInfo (RoleInfo.java:shutdownLeaderState(104)) - 4aaf653c-c443-4044-b7ad-f4623e7320a2: shutdown LeaderState
2019-08-28 06:34:26,770 [main] INFO  impl.RoleInfo (RoleInfo.java:shutdownLeaderState(104)) - 38f0bdbc-1089-4089-b877-2049a2a4e791: shutdown LeaderState
2019-08-28 06:34:26,770 [ForkJoinPool.commonPool-worker-0] INFO  impl.PendingRequests (PendingRequests.java:sendNotLeaderResponses(202)) - 4aaf653c-c443-4044-b7ad-f4623e7320a2-PendingRequests: sendNotLeaderResponses
2019-08-28 06:34:26,771 [main] INFO  impl.PendingRequests (PendingRequests.java:sendNotLeaderResponses(202)) - 38f0bdbc-1089-4089-b877-2049a2a4e791-PendingRequests: sendNotLeaderResponses
2019-08-28 06:34:26,771 [ForkJoinPool.commonPool-worker-0] INFO  impl.StateMachineUpdater (StateMachineUpdater.java:stopAndJoin(115)) - StateMachineUpdater:4aaf653c-c443-4044-b7ad-f4623e7320a2:group-CD0C23525D2A: set stopIndex = 0
2019-08-28 06:34:26,772 [main] INFO  impl.StateMachineUpdater (StateMachineUpdater.java:stopAndJoin(115)) - StateMachineUpdater:38f0bdbc-1089-4089-b877-2049a2a4e791:group-63BC674290EC: set stopIndex = 0
2019-08-28 06:34:26,772 [ForkJoinPool.commonPool-worker-0] INFO  impl.RaftServerImpl (ServerState.java:close(394)) - 4aaf653c-c443-4044-b7ad-f4623e7320a2:group-CD0C23525D2A closes. The last applied log index is 0
2019-08-28 06:34:26,772 [main] INFO  impl.RaftServerImpl (ServerState.java:close(394)) - 38f0bdbc-1089-4089-b877-2049a2a4e791:group-63BC674290EC closes. The last applied log index is 0
2019-08-28 06:34:26,772 [4aaf653c-c443-4044-b7ad-f4623e7320a2-SegmentedRaftLogWorker:Storage Directory /workdir/hadoop-ozone/integration-test/target/test-dir/MiniOzoneClusterImpl-dfe718bc-bd4c-4c80-9b1d-75633119d19d/datanode-1/data/ratis/04deec7d-4080-4028-b097-cd0c23525d2a] INFO  segmented.SegmentedRaftLogWorker (SegmentedRaftLogWorker.java:run(313)) - 4aaf653c-c443-4044-b7ad-f4623e7320a2-SegmentedRaftLogWorker:Storage Directory /workdir/hadoop-ozone/integration-test/target/test-dir/MiniOzoneClusterImpl-dfe718bc-bd4c-4c80-9b1d-75633119d19d/datanode-1/data/ratis/04deec7d-4080-4028-b097-cd0c23525d2a was interrupted, exiting. There are 0 tasks remaining in the queue.
2019-08-28 06:34:26,773 [38f0bdbc-1089-4089-b877-2049a2a4e791-SegmentedRaftLogWorker:Storage Directory /workdir/hadoop-ozone/integration-test/target/test-dir/MiniOzoneClusterImpl-dfe718bc-bd4c-4c80-9b1d-75633119d19d/datanode-4/data/ratis/82d684dd-a792-4ba3-9f73-63bc674290ec] INFO  segmented.SegmentedRaftLogWorker (SegmentedRaftLogWorker.java:run(313)) - 38f0bdbc-1089-4089-b877-2049a2a4e791-SegmentedRaftLogWorker:Storage Directory /workdir/hadoop-ozone/integration-test/target/test-dir/MiniOzoneClusterImpl-dfe718bc-bd4c-4c80-9b1d-75633119d19d/datanode-4/data/ratis/82d684dd-a792-4ba3-9f73-63bc674290ec was interrupted, exiting. There are 0 tasks remaining in the queue.
2019-08-28 06:34:26,775 [ForkJoinPool.commonPool-worker-0] INFO  segmented.SegmentedRaftLogWorker (SegmentedRaftLogWorker.java:close(228)) - 4aaf653c-c443-4044-b7ad-f4623e7320a2-SegmentedRaftLogWorker:Storage Directory /workdir/hadoop-ozone/integration-test/target/test-dir/MiniOzoneClusterImpl-dfe718bc-bd4c-4c80-9b1d-75633119d19d/datanode-1/data/ratis/04deec7d-4080-4028-b097-cd0c23525d2a close()
2019-08-28 06:34:26,777 [main] INFO  segmented.SegmentedRaftLogWorker (SegmentedRaftLogWorker.java:close(228)) - 38f0bdbc-1089-4089-b877-2049a2a4e791-SegmentedRaftLogWorker:Storage Directory /workdir/hadoop-ozone/integration-test/target/test-dir/MiniOzoneClusterImpl-dfe718bc-bd4c-4c80-9b1d-75633119d19d/datanode-4/data/ratis/82d684dd-a792-4ba3-9f73-63bc674290ec close()
2019-08-28 06:34:26,781 [ForkJoinPool.commonPool-worker-0] INFO  server.GrpcService (GrpcService.java:closeImpl(155)) - 4aaf653c-c443-4044-b7ad-f4623e7320a2: shutdown server with port 38057 now
2019-08-28 06:34:26,784 [main] INFO  server.GrpcService (GrpcService.java:closeImpl(155)) - 38f0bdbc-1089-4089-b877-2049a2a4e791: shutdown server with port 43949 now
2019-08-28 06:34:26,786 [grpc-default-executor-5] WARN  server.GrpcServerProtocolService (LogUtils.java:warn(134)) - 4aaf653c-c443-4044-b7ad-f4623e7320a2: appendEntries onError: org.apache.ratis.thirdparty.io.grpc.StatusRuntimeException: CANCELLED: cancelled before receiving half close
2019-08-28 06:34:26,787 [ForkJoinPool.commonPool-worker-0] INFO  server.GrpcService (GrpcService.java:closeImpl(163)) - 4aaf653c-c443-4044-b7ad-f4623e7320a2: shutdown server with port 38057 successfully
2019-08-28 06:34:26,787 [grpc-default-executor-5] WARN  server.GrpcServerProtocolService (LogUtils.java:warn(134)) - 38f0bdbc-1089-4089-b877-2049a2a4e791: appendEntries onError: org.apache.ratis.thirdparty.io.grpc.StatusRuntimeException: CANCELLED: cancelled before receiving half close
2019-08-28 06:34:26,787 [main] INFO  server.GrpcService (GrpcService.java:closeImpl(163)) - 38f0bdbc-1089-4089-b877-2049a2a4e791: shutdown server with port 43949 successfully
2019-08-28 06:34:26,787 [grpc-default-executor-5] WARN  server.GrpcLogAppender (LogUtils.java:warn(134)) - 9cd1cf0b-08ae-4d53-8ceb-815e7e017b07->4aaf653c-c443-4044-b7ad-f4623e7320a2: Failed appendEntries: org.apache.ratis.thirdparty.io.grpc.StatusRuntimeException: CANCELLED: HTTP/2 error code: CANCEL
Received Rst Stream
2019-08-28 06:34:26,787 [grpc-default-executor-9] WARN  server.GrpcLogAppender (LogUtils.java:warn(134)) - 37ed6077-b3c7-4ece-80ea-a455fdabd61d->38f0bdbc-1089-4089-b877-2049a2a4e791: Failed appendEntries: org.apache.ratis.thirdparty.io.grpc.StatusRuntimeException: CANCELLED: HTTP/2 error code: CANCEL
Received Rst Stream
2019-08-28 06:34:26,788 [grpc-default-executor-5] INFO  impl.FollowerInfo (FollowerInfo.java:lambda$new$0(50)) - 9cd1cf0b-08ae-4d53-8ceb-815e7e017b07->4aaf653c-c443-4044-b7ad-f4623e7320a2: nextIndex: updateUnconditionally 17 -> 16
2019-08-28 06:34:26,788 [grpc-default-executor-9] INFO  impl.FollowerInfo (FollowerInfo.java:lambda$new$0(50)) - 37ed6077-b3c7-4ece-80ea-a455fdabd61d->38f0bdbc-1089-4089-b877-2049a2a4e791: nextIndex: updateUnconditionally 21 -> 20
2019-08-28 06:34:26,788 [ForkJoinPool.commonPool-worker-0] INFO  utils.BackgroundService (BackgroundService.java:shutdown(148)) - Shutting down service BlockDeletingService
2019-08-28 06:34:26,791 [main] INFO  utils.BackgroundService (BackgroundService.java:shutdown(148)) - Shutting down service BlockDeletingService
2019-08-28 06:34:26,795 [refreshUsed-/workdir/hadoop-ozone/integration-test/target/test-dir/MiniOzoneClusterImpl-dfe718bc-bd4c-4c80-9b1d-75633119d19d/datanode-1/data/containers] WARN  fs.CachingGetSpaceUsed (CachingGetSpaceUsed.java:run(183)) - Thread Interrupted waiting to refresh disk information: sleep interrupted
2019-08-28 06:34:26,796 [refreshUsed-/workdir/hadoop-ozone/integration-test/target/test-dir/MiniOzoneClusterImpl-dfe718bc-bd4c-4c80-9b1d-75633119d19d/datanode-4/data/containers] WARN  fs.CachingGetSpaceUsed (CachingGetSpaceUsed.java:run(183)) - Thread Interrupted waiting to refresh disk information: sleep interrupted
2019-08-28 06:34:26,819 [ForkJoinPool.commonPool-worker-0] INFO  statemachine.DatanodeStateMachine (DatanodeStateMachine.java:stopDaemon(395)) - Ozone container server stopped.
2019-08-28 06:34:26,820 [main] INFO  statemachine.DatanodeStateMachine (DatanodeStateMachine.java:stopDaemon(395)) - Ozone container server stopped.
2019-08-28 06:34:26,826 [ForkJoinPool.commonPool-worker-0] INFO  handler.ContextHandler (ContextHandler.java:doStop(910)) - Stopped o.e.j.w.WebAppContext@75707f05{/,null,UNAVAILABLE}{/hddsDatanode}
2019-08-28 06:34:26,827 [main] INFO  handler.ContextHandler (ContextHandler.java:doStop(910)) - Stopped o.e.j.w.WebAppContext@19203ff3{/,null,UNAVAILABLE}{/hddsDatanode}
2019-08-28 06:34:26,827 [ForkJoinPool.commonPool-worker-0] INFO  server.AbstractConnector (AbstractConnector.java:doStop(318)) - Stopped ServerConnector@741f8cf{HTTP/1.1,[http/1.1]}{0.0.0.0:0}
2019-08-28 06:34:26,829 [main] INFO  server.AbstractConnector (AbstractConnector.java:doStop(318)) - Stopped ServerConnector@10fa270e{HTTP/1.1,[http/1.1]}{0.0.0.0:0}
2019-08-28 06:34:26,829 [ForkJoinPool.commonPool-worker-0] INFO  handler.ContextHandler (ContextHandler.java:doStop(910)) - Stopped o.e.j.s.ServletContextHandler@5166fe7a{/static,jar:file:/home/user/.m2/repository/org/apache/hadoop/hadoop-hdds-container-service/0.5.0-SNAPSHOT/hadoop-hdds-container-service-0.5.0-SNAPSHOT.jar!/webapps/static,UNAVAILABLE}
2019-08-28 06:34:26,830 [main] INFO  handler.ContextHandler (ContextHandler.java:doStop(910)) - Stopped o.e.j.s.ServletContextHandler@5910c67e{/static,jar:file:/home/user/.m2/repository/org/apache/hadoop/hadoop-hdds-container-service/0.5.0-SNAPSHOT/hadoop-hdds-container-service-0.5.0-SNAPSHOT.jar!/webapps/static,UNAVAILABLE}
2019-08-28 06:34:26,832 [ForkJoinPool.commonPool-worker-0] INFO  handler.ContextHandler (ContextHandler.java:doStop(910)) - Stopped o.e.j.s.ServletContextHandler@6c65a7fc{/logs,file:///workdir/hadoop-ozone/integration-test/target/log,UNAVAILABLE}
2019-08-28 06:34:26,832 [main] INFO  handler.ContextHandler (ContextHandler.java:doStop(910)) - Stopped o.e.j.s.ServletContextHandler@4434eb51{/logs,file:///workdir/hadoop-ozone/integration-test/target/log,UNAVAILABLE}
2019-08-28 06:34:26,833 [ForkJoinPool.commonPool-worker-0] INFO  datanode.ObjectStoreHandler (ObjectStoreHandler.java:close(155)) - Closing ObjectStoreHandler.
2019-08-28 06:34:26,834 [main] INFO  datanode.ObjectStoreHandler (ObjectStoreHandler.java:close(155)) - Closing ObjectStoreHandler.
2019-08-28 06:34:26,834 [ForkJoinPool.commonPool-worker-0] INFO  ozone.HddsDatanodeService (HddsDatanodeService.java:stop(451)) - Stopped plug-in org.apache.hadoop.ozone.web.OzoneHddsDatanodeService@3c5797c6
2019-08-28 06:34:26,834 [main] INFO  ozone.HddsDatanodeService (HddsDatanodeService.java:stop(451)) - Stopped plug-in org.apache.hadoop.ozone.web.OzoneHddsDatanodeService@5baabba
2019-08-28 06:34:26,848 | INFO  | SCMAudit | user=jenkins1000 | ip=192.168.34.10 | op=SEND_HEARTBEAT {datanodeUUID=37ed6077-b3c7-4ece-80ea-a455fdabd61d, command=[]} | ret=SUCCESS |  
2019-08-28 06:34:27,369 [Datanode State Machine Thread - 0] INFO  statemachine.DatanodeStateMachine (DatanodeStateMachine.java:lambda$startDaemon$0(350)) - Ozone container server started.
2019-08-28 06:34:27,440 [Datanode State Machine Thread - 0] INFO  statemachine.DatanodeStateMachine (DatanodeStateMachine.java:lambda$startDaemon$0(350)) - Ozone container server started.
2019-08-28 06:34:27,443 | INFO  | SCMAudit | user=jenkins1000 | ip=192.168.34.10 | op=SEND_HEARTBEAT {datanodeUUID=9e09162c-d652-4106-871c-162faebb3aaf, command=[commandType: closeContainerCommand closeContainerCommandProto { containerID: 2 pipelineID { id: "21e5a585-efcb-49d2-8d06-1e1e5b07b143" } cmdId: 2 force: false } ]} | ret=SUCCESS |  
2019-08-28 06:34:27,849 | INFO  | SCMAudit | user=jenkins1000 | ip=192.168.34.10 | op=SEND_HEARTBEAT {datanodeUUID=37ed6077-b3c7-4ece-80ea-a455fdabd61d, command=[]} | ret=SUCCESS |  
2019-08-28 06:34:28,443 | INFO  | SCMAudit | user=jenkins1000 | ip=192.168.34.10 | op=SEND_HEARTBEAT {datanodeUUID=9e09162c-d652-4106-871c-162faebb3aaf, command=[]} | ret=SUCCESS |  
2019-08-28 06:34:28,459 | INFO  | SCMAudit | user=jenkins1000 | ip=192.168.34.10 | op=SEND_HEARTBEAT {datanodeUUID=9e09162c-d652-4106-871c-162faebb3aaf, command=[]} | ret=SUCCESS |  
2019-08-28 06:34:28,618 [grpc-default-executor-8] WARN  server.GrpcLogAppender (LogUtils.java:warn(134)) - 37ed6077-b3c7-4ece-80ea-a455fdabd61d->c5a75e6e-3ba6-4e01-8e6e-e37c55fb7020: Failed appendEntries: org.apache.ratis.thirdparty.io.grpc.StatusRuntimeException: UNAVAILABLE: io exception
2019-08-28 06:34:28,618 [grpc-default-executor-8] INFO  impl.FollowerInfo (FollowerInfo.java:lambda$new$0(50)) - 37ed6077-b3c7-4ece-80ea-a455fdabd61d->c5a75e6e-3ba6-4e01-8e6e-e37c55fb7020: nextIndex: updateUnconditionally 0 -> 0
2019-08-28 06:34:28,618 [grpc-default-executor-5] WARN  server.GrpcLogAppender (LogUtils.java:warn(134)) - 37ed6077-b3c7-4ece-80ea-a455fdabd61d->38f0bdbc-1089-4089-b877-2049a2a4e791: Failed appendEntries: org.apache.ratis.thirdparty.io.grpc.StatusRuntimeException: UNAVAILABLE: io exception
2019-08-28 06:34:28,619 [grpc-default-executor-5] INFO  impl.FollowerInfo (FollowerInfo.java:lambda$new$0(50)) - 37ed6077-b3c7-4ece-80ea-a455fdabd61d->38f0bdbc-1089-4089-b877-2049a2a4e791: nextIndex: updateUnconditionally 20 -> 19
2019-08-28 06:34:28,849 | INFO  | SCMAudit | user=jenkins1000 | ip=192.168.34.10 | op=SEND_HEARTBEAT {datanodeUUID=37ed6077-b3c7-4ece-80ea-a455fdabd61d, command=[]} | ret=SUCCESS |  
2019-08-28 06:34:29,180 [grpc-default-executor-9] WARN  server.GrpcLogAppender (LogUtils.java:warn(134)) - 9cd1cf0b-08ae-4d53-8ceb-815e7e017b07->4aaf653c-c443-4044-b7ad-f4623e7320a2: Failed appendEntries: org.apache.ratis.thirdparty.io.grpc.StatusRuntimeException: UNAVAILABLE: io exception
2019-08-28 06:34:29,181 [grpc-default-executor-9] INFO  impl.FollowerInfo (FollowerInfo.java:lambda$new$0(50)) - 9cd1cf0b-08ae-4d53-8ceb-815e7e017b07->4aaf653c-c443-4044-b7ad-f4623e7320a2: nextIndex: updateUnconditionally 16 -> 15
2019-08-28 06:34:29,459 | INFO  | SCMAudit | user=jenkins1000 | ip=192.168.34.10 | op=SEND_HEARTBEAT {datanodeUUID=9e09162c-d652-4106-871c-162faebb3aaf, command=[]} | ret=SUCCESS |  
2019-08-28 06:34:29,850 | INFO  | SCMAudit | user=jenkins1000 | ip=192.168.34.10 | op=SEND_HEARTBEAT {datanodeUUID=37ed6077-b3c7-4ece-80ea-a455fdabd61d, command=[]} | ret=SUCCESS |  
2019-08-28 06:34:30,458 | INFO  | SCMAudit | user=jenkins1000 | ip=192.168.34.10 | op=SEND_HEARTBEAT {datanodeUUID=9e09162c-d652-4106-871c-162faebb3aaf, command=[]} | ret=SUCCESS |  
2019-08-28 06:34:30,849 | INFO  | SCMAudit | user=jenkins1000 | ip=192.168.34.10 | op=SEND_HEARTBEAT {datanodeUUID=37ed6077-b3c7-4ece-80ea-a455fdabd61d, command=[]} | ret=SUCCESS |  
2019-08-28 06:34:31,119 [grpc-default-executor-8] WARN  server.GrpcLogAppender (LogUtils.java:warn(134)) - 37ed6077-b3c7-4ece-80ea-a455fdabd61d->c5a75e6e-3ba6-4e01-8e6e-e37c55fb7020: Failed appendEntries: org.apache.ratis.thirdparty.io.grpc.StatusRuntimeException: UNAVAILABLE: io exception
2019-08-28 06:34:31,119 [grpc-default-executor-10] WARN  server.GrpcLogAppender (LogUtils.java:warn(134)) - 37ed6077-b3c7-4ece-80ea-a455fdabd61d->38f0bdbc-1089-4089-b877-2049a2a4e791: Failed appendEntries: org.apache.ratis.thirdparty.io.grpc.StatusRuntimeException: UNAVAILABLE: io exception
2019-08-28 06:34:31,119 [grpc-default-executor-8] INFO  impl.FollowerInfo (FollowerInfo.java:lambda$new$0(50)) - 37ed6077-b3c7-4ece-80ea-a455fdabd61d->c5a75e6e-3ba6-4e01-8e6e-e37c55fb7020: nextIndex: updateUnconditionally 0 -> 0
2019-08-28 06:34:31,119 [grpc-default-executor-10] INFO  impl.FollowerInfo (FollowerInfo.java:lambda$new$0(50)) - 37ed6077-b3c7-4ece-80ea-a455fdabd61d->38f0bdbc-1089-4089-b877-2049a2a4e791: nextIndex: updateUnconditionally 19 -> 18
2019-08-28 06:34:31,381 [EventQueue-StaleNodeForStaleNodeHandler] INFO  node.StaleNodeHandler (StaleNodeHandler.java:onMessage(58)) - Datanode 9d3a01fd-5b16-441f-ba7a-7e38b292dbb2{ip: 192.168.34.10, host: pr-hdds-1783-trunk-8fbk5-3374829961, networkLocation: /default-rack, certSerialId: null} moved to stale state. Finalizing its pipelines [PipelineID=46273c46-4c2a-466f-97de-b95a55f993f6]
2019-08-28 06:34:31,381 [EventQueue-StaleNodeForStaleNodeHandler] INFO  pipeline.SCMPipelineManager (SCMPipelineManager.java:finalizeAndDestroyPipeline(309)) - destroying pipeline:Pipeline[ Id: 46273c46-4c2a-466f-97de-b95a55f993f6, Nodes: 9d3a01fd-5b16-441f-ba7a-7e38b292dbb2{ip: 192.168.34.10, host: pr-hdds-1783-trunk-8fbk5-3374829961, networkLocation: /default-rack, certSerialId: null}, Type:RATIS, Factor:ONE, State:OPEN]
2019-08-28 06:34:31,382 [EventQueue-StaleNodeForStaleNodeHandler] INFO  pipeline.PipelineStateManager (PipelineStateManager.java:finalizePipeline(123)) - Pipeline Pipeline[ Id: 46273c46-4c2a-466f-97de-b95a55f993f6, Nodes: 9d3a01fd-5b16-441f-ba7a-7e38b292dbb2{ip: 192.168.34.10, host: pr-hdds-1783-trunk-8fbk5-3374829961, networkLocation: /default-rack, certSerialId: null}, Type:RATIS, Factor:ONE, State:CLOSED] moved to CLOSED state
2019-08-28 06:34:31,458 | INFO  | SCMAudit | user=jenkins1000 | ip=192.168.34.10 | op=SEND_HEARTBEAT {datanodeUUID=9e09162c-d652-4106-871c-162faebb3aaf, command=[]} | ret=SUCCESS |  
2019-08-28 06:34:31,481 [EventQueue-StaleNodeForStaleNodeHandler] INFO  node.StaleNodeHandler (StaleNodeHandler.java:onMessage(58)) - Datanode 9cd1cf0b-08ae-4d53-8ceb-815e7e017b07{ip: 192.168.34.10, host: pr-hdds-1783-trunk-8fbk5-3374829961, networkLocation: /default-rack, certSerialId: null} moved to stale state. Finalizing its pipelines [PipelineID=21e5a585-efcb-49d2-8d06-1e1e5b07b143, PipelineID=790e2757-df0a-448f-8207-56087a97fdbe]
2019-08-28 06:34:31,481 [EventQueue-StaleNodeForStaleNodeHandler] INFO  pipeline.SCMPipelineManager (SCMPipelineManager.java:finalizeAndDestroyPipeline(309)) - destroying pipeline:Pipeline[ Id: 21e5a585-efcb-49d2-8d06-1e1e5b07b143, Nodes: 9cd1cf0b-08ae-4d53-8ceb-815e7e017b07{ip: 192.168.34.10, host: pr-hdds-1783-trunk-8fbk5-3374829961, networkLocation: /default-rack, certSerialId: null}9e09162c-d652-4106-871c-162faebb3aaf{ip: 192.168.34.10, host: pr-hdds-1783-trunk-8fbk5-3374829961, networkLocation: /default-rack, certSerialId: null}4aaf653c-c443-4044-b7ad-f4623e7320a2{ip: 192.168.34.10, host: pr-hdds-1783-trunk-8fbk5-3374829961, networkLocation: /default-rack, certSerialId: null}, Type:RATIS, Factor:THREE, State:CLOSED]
2019-08-28 06:34:31,482 [EventQueue-StaleNodeForStaleNodeHandler] INFO  pipeline.SCMPipelineManager (SCMPipelineManager.java:finalizeAndDestroyPipeline(309)) - destroying pipeline:Pipeline[ Id: 790e2757-df0a-448f-8207-56087a97fdbe, Nodes: 9cd1cf0b-08ae-4d53-8ceb-815e7e017b07{ip: 192.168.34.10, host: pr-hdds-1783-trunk-8fbk5-3374829961, networkLocation: /default-rack, certSerialId: null}, Type:RATIS, Factor:ONE, State:OPEN]
2019-08-28 06:34:31,482 [EventQueue-StaleNodeForStaleNodeHandler] INFO  pipeline.PipelineStateManager (PipelineStateManager.java:finalizePipeline(123)) - Pipeline Pipeline[ Id: 790e2757-df0a-448f-8207-56087a97fdbe, Nodes: 9cd1cf0b-08ae-4d53-8ceb-815e7e017b07{ip: 192.168.34.10, host: pr-hdds-1783-trunk-8fbk5-3374829961, networkLocation: /default-rack, certSerialId: null}, Type:RATIS, Factor:ONE, State:CLOSED] moved to CLOSED state
2019-08-28 06:34:31,681 [grpc-default-executor-5] WARN  server.GrpcLogAppender (LogUtils.java:warn(134)) - 9cd1cf0b-08ae-4d53-8ceb-815e7e017b07->4aaf653c-c443-4044-b7ad-f4623e7320a2: Failed appendEntries: org.apache.ratis.thirdparty.io.grpc.StatusRuntimeException: UNAVAILABLE: io exception
2019-08-28 06:34:31,681 [grpc-default-executor-5] INFO  impl.FollowerInfo (FollowerInfo.java:lambda$new$0(50)) - 9cd1cf0b-08ae-4d53-8ceb-815e7e017b07->4aaf653c-c443-4044-b7ad-f4623e7320a2: nextIndex: updateUnconditionally 15 -> 14
2019-08-28 06:34:31,834 [ForkJoinPool.commonPool-worker-0] INFO  ozoneimpl.OzoneContainer (OzoneContainer.java:stop(199)) - Attempting to stop container services.
2019-08-28 06:34:31,835 [main] INFO  ozoneimpl.OzoneContainer (OzoneContainer.java:stop(199)) - Attempting to stop container services.
2019-08-28 06:34:31,837 [ForkJoinPool.commonPool-worker-0] INFO  impl.RaftServerProxy (RaftServerProxy.java:lambda$close$4(314)) - 9cd1cf0b-08ae-4d53-8ceb-815e7e017b07: close
2019-08-28 06:34:31,838 [main] INFO  impl.RaftServerProxy (RaftServerProxy.java:lambda$close$4(314)) - 9d3a01fd-5b16-441f-ba7a-7e38b292dbb2: close
2019-08-28 06:34:31,838 [ForkJoinPool.commonPool-worker-0] INFO  impl.RaftServerImpl (RaftServerImpl.java:lambda$shutdown$3(245)) - 9cd1cf0b-08ae-4d53-8ceb-815e7e017b07: shutdown group-1E1E5B07B143
2019-08-28 06:34:31,839 [main] INFO  impl.RaftServerImpl (RaftServerImpl.java:lambda$shutdown$3(245)) - 9d3a01fd-5b16-441f-ba7a-7e38b292dbb2: shutdown group-B95A55F993F6
2019-08-28 06:34:31,839 [ForkJoinPool.commonPool-worker-0] INFO  util.JmxRegister (JmxRegister.java:unregister(73)) - Successfully un-registered JMX Bean with object name Ratis:service=RaftServer,group=group-1E1E5B07B143,id=9cd1cf0b-08ae-4d53-8ceb-815e7e017b07
2019-08-28 06:34:31,839 [main] INFO  util.JmxRegister (JmxRegister.java:unregister(73)) - Successfully un-registered JMX Bean with object name Ratis:service=RaftServer,group=group-B95A55F993F6,id=9d3a01fd-5b16-441f-ba7a-7e38b292dbb2
2019-08-28 06:34:31,842 [ForkJoinPool.commonPool-worker-0] INFO  impl.RoleInfo (RoleInfo.java:shutdownLeaderState(104)) - 9cd1cf0b-08ae-4d53-8ceb-815e7e017b07: shutdown LeaderState
2019-08-28 06:34:31,843 [main] INFO  impl.RoleInfo (RoleInfo.java:shutdownLeaderState(104)) - 9d3a01fd-5b16-441f-ba7a-7e38b292dbb2: shutdown LeaderState
2019-08-28 06:34:31,846 [ForkJoinPool.commonPool-worker-0] INFO  impl.PendingRequests (PendingRequests.java:sendNotLeaderResponses(202)) - 9cd1cf0b-08ae-4d53-8ceb-815e7e017b07-PendingRequests: sendNotLeaderResponses
2019-08-28 06:34:31,846 [org.apache.ratis.server.impl.LogAppender$AppenderDaemon$$Lambda$500/577719139@27693cda] WARN  server.GrpcLogAppender (GrpcLogAppender.java:mayWait(143)) - GrpcLogAppender(9cd1cf0b-08ae-4d53-8ceb-815e7e017b07->4aaf653c-c443-4044-b7ad-f4623e7320a2): Wait interrupted by java.lang.InterruptedException
2019-08-28 06:34:31,846 [org.apache.ratis.server.impl.LogAppender$AppenderDaemon$$Lambda$500/577719139@626bbef3] WARN  server.GrpcLogAppender (GrpcLogAppender.java:mayWait(143)) - GrpcLogAppender(9cd1cf0b-08ae-4d53-8ceb-815e7e017b07->9e09162c-d652-4106-871c-162faebb3aaf): Wait interrupted by java.lang.InterruptedException
2019-08-28 06:34:31,847 [main] INFO  impl.PendingRequests (PendingRequests.java:sendNotLeaderResponses(202)) - 9d3a01fd-5b16-441f-ba7a-7e38b292dbb2-PendingRequests: sendNotLeaderResponses
2019-08-28 06:34:31,851 [StateMachineUpdater:9cd1cf0b-08ae-4d53-8ceb-815e7e017b07:group-1E1E5B07B143] INFO  ratis.ContainerStateMachine (ContainerStateMachine.java:takeSnapshot(283)) - group-1E1E5B07B143: Taking a snapshot at:(t:1, i:14) file /workdir/hadoop-ozone/integration-test/target/test-dir/MiniOzoneClusterImpl-dfe718bc-bd4c-4c80-9b1d-75633119d19d/datanode-2/data/ratis/21e5a585-efcb-49d2-8d06-1e1e5b07b143/sm/snapshot.1_14
2019-08-28 06:34:31,851 [ForkJoinPool.commonPool-worker-0] INFO  impl.StateMachineUpdater (StateMachineUpdater.java:stopAndJoin(115)) - StateMachineUpdater:9cd1cf0b-08ae-4d53-8ceb-815e7e017b07:group-1E1E5B07B143: set stopIndex = 16
2019-08-28 06:34:31,851 [grpc-default-executor-5] INFO  server.GrpcServerProtocolService (GrpcServerProtocolService.java:onCompleted(104)) - 9e09162c-d652-4106-871c-162faebb3aaf: appendEntries completed
2019-08-28 06:34:31,852 | INFO  | SCMAudit | user=jenkins1000 | ip=192.168.34.10 | op=SEND_HEARTBEAT {datanodeUUID=37ed6077-b3c7-4ece-80ea-a455fdabd61d, command=[]} | ret=SUCCESS |  
2019-08-28 06:34:31,851 [main] INFO  impl.StateMachineUpdater (StateMachineUpdater.java:stopAndJoin(115)) - StateMachineUpdater:9d3a01fd-5b16-441f-ba7a-7e38b292dbb2:group-B95A55F993F6: set stopIndex = 0
2019-08-28 06:34:31,852 [grpc-default-executor-10] INFO  server.GrpcLogAppender (GrpcLogAppender.java:onCompleted(292)) - 9cd1cf0b-08ae-4d53-8ceb-815e7e017b07->9e09162c-d652-4106-871c-162faebb3aaf: follower responses appendEntries COMPLETED
2019-08-28 06:34:31,852 [main] INFO  impl.RaftServerImpl (ServerState.java:close(394)) - 9d3a01fd-5b16-441f-ba7a-7e38b292dbb2:group-B95A55F993F6 closes. The last applied log index is 0
2019-08-28 06:34:31,853 [grpc-default-executor-10] INFO  impl.FollowerInfo (FollowerInfo.java:lambda$new$0(50)) - 9cd1cf0b-08ae-4d53-8ceb-815e7e017b07->9e09162c-d652-4106-871c-162faebb3aaf: nextIndex: updateUnconditionally 17 -> 16
2019-08-28 06:34:31,853 [9d3a01fd-5b16-441f-ba7a-7e38b292dbb2-SegmentedRaftLogWorker:Storage Directory /workdir/hadoop-ozone/integration-test/target/test-dir/MiniOzoneClusterImpl-dfe718bc-bd4c-4c80-9b1d-75633119d19d/datanode-6/data/ratis/46273c46-4c2a-466f-97de-b95a55f993f6] INFO  segmented.SegmentedRaftLogWorker (SegmentedRaftLogWorker.java:run(313)) - 9d3a01fd-5b16-441f-ba7a-7e38b292dbb2-SegmentedRaftLogWorker:Storage Directory /workdir/hadoop-ozone/integration-test/target/test-dir/MiniOzoneClusterImpl-dfe718bc-bd4c-4c80-9b1d-75633119d19d/datanode-6/data/ratis/46273c46-4c2a-466f-97de-b95a55f993f6 was interrupted, exiting. There are 0 tasks remaining in the queue.
2019-08-28 06:34:31,855 [main] INFO  segmented.SegmentedRaftLogWorker (SegmentedRaftLogWorker.java:close(228)) - 9d3a01fd-5b16-441f-ba7a-7e38b292dbb2-SegmentedRaftLogWorker:Storage Directory /workdir/hadoop-ozone/integration-test/target/test-dir/MiniOzoneClusterImpl-dfe718bc-bd4c-4c80-9b1d-75633119d19d/datanode-6/data/ratis/46273c46-4c2a-466f-97de-b95a55f993f6 close()
2019-08-28 06:34:31,858 [main] INFO  server.GrpcService (GrpcService.java:closeImpl(155)) - 9d3a01fd-5b16-441f-ba7a-7e38b292dbb2: shutdown server with port 44498 now
2019-08-28 06:34:31,866 [main] INFO  server.GrpcService (GrpcService.java:closeImpl(163)) - 9d3a01fd-5b16-441f-ba7a-7e38b292dbb2: shutdown server with port 44498 successfully
2019-08-28 06:34:31,868 [main] INFO  utils.BackgroundService (BackgroundService.java:shutdown(148)) - Shutting down service BlockDeletingService
2019-08-28 06:34:31,876 [refreshUsed-/workdir/hadoop-ozone/integration-test/target/test-dir/MiniOzoneClusterImpl-dfe718bc-bd4c-4c80-9b1d-75633119d19d/datanode-6/data/containers] WARN  fs.CachingGetSpaceUsed (CachingGetSpaceUsed.java:run(183)) - Thread Interrupted waiting to refresh disk information: sleep interrupted
2019-08-28 06:34:31,876 [StateMachineUpdater:9cd1cf0b-08ae-4d53-8ceb-815e7e017b07:group-1E1E5B07B143] INFO  ratis.ContainerStateMachine (ContainerStateMachine.java:takeSnapshot(294)) - group-1E1E5B07B143: Finished taking a snapshot at:(t:1, i:14) file:/workdir/hadoop-ozone/integration-test/target/test-dir/MiniOzoneClusterImpl-dfe718bc-bd4c-4c80-9b1d-75633119d19d/datanode-2/data/ratis/21e5a585-efcb-49d2-8d06-1e1e5b07b143/sm/snapshot.1_14 time:26
2019-08-28 06:34:31,877 [StateMachineUpdater:9cd1cf0b-08ae-4d53-8ceb-815e7e017b07:group-1E1E5B07B143] INFO  impl.StateMachineUpdater (StateMachineUpdater.java:takeSnapshot(242)) - StateMachineUpdater:9cd1cf0b-08ae-4d53-8ceb-815e7e017b07:group-1E1E5B07B143: Took a snapshot at index 14
2019-08-28 06:34:31,877 [StateMachineUpdater:9cd1cf0b-08ae-4d53-8ceb-815e7e017b07:group-1E1E5B07B143] INFO  impl.StateMachineUpdater (StateMachineUpdater.java:lambda$new$0(80)) - StateMachineUpdater:9cd1cf0b-08ae-4d53-8ceb-815e7e017b07:group-1E1E5B07B143: snapshotIndex: updateIncreasingly -1 -> 14
2019-08-28 06:34:31,877 [ForkJoinPool.commonPool-worker-0] INFO  impl.RaftServerImpl (ServerState.java:close(394)) - 9cd1cf0b-08ae-4d53-8ceb-815e7e017b07:group-1E1E5B07B143 closes. The last applied log index is 16
2019-08-28 06:34:31,877 [9cd1cf0b-08ae-4d53-8ceb-815e7e017b07-SegmentedRaftLogWorker:Storage Directory /workdir/hadoop-ozone/integration-test/target/test-dir/MiniOzoneClusterImpl-dfe718bc-bd4c-4c80-9b1d-75633119d19d/datanode-2/data/ratis/21e5a585-efcb-49d2-8d06-1e1e5b07b143] INFO  segmented.SegmentedRaftLogWorker (SegmentedRaftLogWorker.java:run(313)) - 9cd1cf0b-08ae-4d53-8ceb-815e7e017b07-SegmentedRaftLogWorker:Storage Directory /workdir/hadoop-ozone/integration-test/target/test-dir/MiniOzoneClusterImpl-dfe718bc-bd4c-4c80-9b1d-75633119d19d/datanode-2/data/ratis/21e5a585-efcb-49d2-8d06-1e1e5b07b143 was interrupted, exiting. There are 0 tasks remaining in the queue.
2019-08-28 06:34:31,879 [ForkJoinPool.commonPool-worker-0] INFO  segmented.SegmentedRaftLogWorker (SegmentedRaftLogWorker.java:close(228)) - 9cd1cf0b-08ae-4d53-8ceb-815e7e017b07-SegmentedRaftLogWorker:Storage Directory /workdir/hadoop-ozone/integration-test/target/test-dir/MiniOzoneClusterImpl-dfe718bc-bd4c-4c80-9b1d-75633119d19d/datanode-2/data/ratis/21e5a585-efcb-49d2-8d06-1e1e5b07b143 close()
2019-08-28 06:34:31,881 [ForkJoinPool.commonPool-worker-0] INFO  impl.RaftServerImpl (RaftServerImpl.java:lambda$shutdown$3(245)) - 9cd1cf0b-08ae-4d53-8ceb-815e7e017b07: shutdown group-56087A97FDBE
2019-08-28 06:34:31,882 [ForkJoinPool.commonPool-worker-0] INFO  util.JmxRegister (JmxRegister.java:unregister(73)) - Successfully un-registered JMX Bean with object name Ratis:service=RaftServer,group=group-56087A97FDBE,id=9cd1cf0b-08ae-4d53-8ceb-815e7e017b07
2019-08-28 06:34:31,882 [ForkJoinPool.commonPool-worker-0] INFO  impl.RoleInfo (RoleInfo.java:shutdownLeaderState(104)) - 9cd1cf0b-08ae-4d53-8ceb-815e7e017b07: shutdown LeaderState
2019-08-28 06:34:31,882 [ForkJoinPool.commonPool-worker-0] INFO  impl.PendingRequests (PendingRequests.java:sendNotLeaderResponses(202)) - 9cd1cf0b-08ae-4d53-8ceb-815e7e017b07-PendingRequests: sendNotLeaderResponses
2019-08-28 06:34:31,883 [ForkJoinPool.commonPool-worker-0] INFO  impl.StateMachineUpdater (StateMachineUpdater.java:stopAndJoin(115)) - StateMachineUpdater:9cd1cf0b-08ae-4d53-8ceb-815e7e017b07:group-56087A97FDBE: set stopIndex = 0
2019-08-28 06:34:31,883 [ForkJoinPool.commonPool-worker-0] INFO  impl.RaftServerImpl (ServerState.java:close(394)) - 9cd1cf0b-08ae-4d53-8ceb-815e7e017b07:group-56087A97FDBE closes. The last applied log index is 0
2019-08-28 06:34:31,883 [9cd1cf0b-08ae-4d53-8ceb-815e7e017b07-SegmentedRaftLogWorker:Storage Directory /workdir/hadoop-ozone/integration-test/target/test-dir/MiniOzoneClusterImpl-dfe718bc-bd4c-4c80-9b1d-75633119d19d/datanode-2/data/ratis/790e2757-df0a-448f-8207-56087a97fdbe] INFO  segmented.SegmentedRaftLogWorker (SegmentedRaftLogWorker.java:run(313)) - 9cd1cf0b-08ae-4d53-8ceb-815e7e017b07-SegmentedRaftLogWorker:Storage Directory /workdir/hadoop-ozone/integration-test/target/test-dir/MiniOzoneClusterImpl-dfe718bc-bd4c-4c80-9b1d-75633119d19d/datanode-2/data/ratis/790e2757-df0a-448f-8207-56087a97fdbe was interrupted, exiting. There are 0 tasks remaining in the queue.
2019-08-28 06:34:31,885 [ForkJoinPool.commonPool-worker-0] INFO  segmented.SegmentedRaftLogWorker (SegmentedRaftLogWorker.java:close(228)) - 9cd1cf0b-08ae-4d53-8ceb-815e7e017b07-SegmentedRaftLogWorker:Storage Directory /workdir/hadoop-ozone/integration-test/target/test-dir/MiniOzoneClusterImpl-dfe718bc-bd4c-4c80-9b1d-75633119d19d/datanode-2/data/ratis/790e2757-df0a-448f-8207-56087a97fdbe close()
2019-08-28 06:34:31,887 [ForkJoinPool.commonPool-worker-0] INFO  server.GrpcService (GrpcService.java:closeImpl(155)) - 9cd1cf0b-08ae-4d53-8ceb-815e7e017b07: shutdown server with port 36234 now
2019-08-28 06:34:31,888 [grpc-default-executor-5] WARN  client.GrpcClientProtocolService (LogUtils.java:warn(134)) - 1-UnorderedRequestStreamObserver1: onError: org.apache.ratis.thirdparty.io.grpc.StatusRuntimeException: CANCELLED: cancelled before receiving half close
2019-08-28 06:34:31,888 [ForkJoinPool.commonPool-worker-0] INFO  server.GrpcService (GrpcService.java:closeImpl(163)) - 9cd1cf0b-08ae-4d53-8ceb-815e7e017b07: shutdown server with port 36234 successfully
2019-08-28 06:34:31,889 [ForkJoinPool.commonPool-worker-0] INFO  utils.BackgroundService (BackgroundService.java:shutdown(148)) - Shutting down service BlockDeletingService
2019-08-28 06:34:31,891 [refreshUsed-/workdir/hadoop-ozone/integration-test/target/test-dir/MiniOzoneClusterImpl-dfe718bc-bd4c-4c80-9b1d-75633119d19d/datanode-2/data/containers] WARN  fs.CachingGetSpaceUsed (CachingGetSpaceUsed.java:run(183)) - Thread Interrupted waiting to refresh disk information: sleep interrupted
2019-08-28 06:34:31,903 [main] INFO  statemachine.DatanodeStateMachine (DatanodeStateMachine.java:stopDaemon(395)) - Ozone container server stopped.
2019-08-28 06:34:31,904 [main] INFO  handler.ContextHandler (ContextHandler.java:doStop(910)) - Stopped o.e.j.w.WebAppContext@21288943{/,null,UNAVAILABLE}{/hddsDatanode}
2019-08-28 06:34:31,906 [main] INFO  server.AbstractConnector (AbstractConnector.java:doStop(318)) - Stopped ServerConnector@68893394{HTTP/1.1,[http/1.1]}{0.0.0.0:0}
2019-08-28 06:34:31,906 [main] INFO  handler.ContextHandler (ContextHandler.java:doStop(910)) - Stopped o.e.j.s.ServletContextHandler@1cda3a6d{/static,jar:file:/home/user/.m2/repository/org/apache/hadoop/hadoop-hdds-container-service/0.5.0-SNAPSHOT/hadoop-hdds-container-service-0.5.0-SNAPSHOT.jar!/webapps/static,UNAVAILABLE}
2019-08-28 06:34:31,907 [main] INFO  handler.ContextHandler (ContextHandler.java:doStop(910)) - Stopped o.e.j.s.ServletContextHandler@e1f88b6{/logs,file:///workdir/hadoop-ozone/integration-test/target/log,UNAVAILABLE}
2019-08-28 06:34:31,908 [main] INFO  datanode.ObjectStoreHandler (ObjectStoreHandler.java:close(155)) - Closing ObjectStoreHandler.
2019-08-28 06:34:31,909 [main] INFO  ozone.HddsDatanodeService (HddsDatanodeService.java:stop(451)) - Stopped plug-in org.apache.hadoop.ozone.web.OzoneHddsDatanodeService@57af157c
2019-08-28 06:34:31,914 [ForkJoinPool.commonPool-worker-0] INFO  statemachine.DatanodeStateMachine (DatanodeStateMachine.java:stopDaemon(395)) - Ozone container server stopped.
2019-08-28 06:34:31,917 [ForkJoinPool.commonPool-worker-0] INFO  handler.ContextHandler (ContextHandler.java:doStop(910)) - Stopped o.e.j.w.WebAppContext@537fb7bf{/,null,UNAVAILABLE}{/hddsDatanode}
2019-08-28 06:34:31,918 [ForkJoinPool.commonPool-worker-0] INFO  server.AbstractConnector (AbstractConnector.java:doStop(318)) - Stopped ServerConnector@445adbd7{HTTP/1.1,[http/1.1]}{0.0.0.0:0}
2019-08-28 06:34:31,919 [ForkJoinPool.commonPool-worker-0] INFO  handler.ContextHandler (ContextHandler.java:doStop(910)) - Stopped o.e.j.s.ServletContextHandler@2fc51562{/static,jar:file:/home/user/.m2/repository/org/apache/hadoop/hadoop-hdds-container-service/0.5.0-SNAPSHOT/hadoop-hdds-container-service-0.5.0-SNAPSHOT.jar!/webapps/static,UNAVAILABLE}
2019-08-28 06:34:31,920 [ForkJoinPool.commonPool-worker-0] INFO  handler.ContextHandler (ContextHandler.java:doStop(910)) - Stopped o.e.j.s.ServletContextHandler@17e7cc67{/logs,file:///workdir/hadoop-ozone/integration-test/target/log,UNAVAILABLE}
2019-08-28 06:34:31,921 [ForkJoinPool.commonPool-worker-0] INFO  datanode.ObjectStoreHandler (ObjectStoreHandler.java:close(155)) - Closing ObjectStoreHandler.
2019-08-28 06:34:31,921 [ForkJoinPool.commonPool-worker-0] INFO  ozone.HddsDatanodeService (HddsDatanodeService.java:stop(451)) - Stopped plug-in org.apache.hadoop.ozone.web.OzoneHddsDatanodeService@25df95b
2019-08-28 06:34:32,458 [Datanode State Machine Thread - 0] INFO  statemachine.DatanodeStateMachine (DatanodeStateMachine.java:lambda$startDaemon$0(350)) - Ozone container server started.
2019-08-28 06:34:32,848 [Datanode State Machine Thread - 0] INFO  statemachine.DatanodeStateMachine (DatanodeStateMachine.java:lambda$startDaemon$0(350)) - Ozone container server started.
2019-08-28 06:34:33,619 [grpc-default-executor-10] WARN  server.GrpcLogAppender (LogUtils.java:warn(134)) - 37ed6077-b3c7-4ece-80ea-a455fdabd61d->c5a75e6e-3ba6-4e01-8e6e-e37c55fb7020: Failed appendEntries: org.apache.ratis.thirdparty.io.grpc.StatusRuntimeException: UNAVAILABLE: io exception
2019-08-28 06:34:33,619 [grpc-default-executor-9] WARN  server.GrpcLogAppender (LogUtils.java:warn(134)) - 37ed6077-b3c7-4ece-80ea-a455fdabd61d->38f0bdbc-1089-4089-b877-2049a2a4e791: Failed appendEntries: org.apache.ratis.thirdparty.io.grpc.StatusRuntimeException: UNAVAILABLE: io exception
2019-08-28 06:34:33,619 [grpc-default-executor-10] INFO  impl.FollowerInfo (FollowerInfo.java:lambda$new$0(50)) - 37ed6077-b3c7-4ece-80ea-a455fdabd61d->c5a75e6e-3ba6-4e01-8e6e-e37c55fb7020: nextIndex: updateUnconditionally 0 -> 0
2019-08-28 06:34:33,620 [grpc-default-executor-9] INFO  impl.FollowerInfo (FollowerInfo.java:lambda$new$0(50)) - 37ed6077-b3c7-4ece-80ea-a455fdabd61d->38f0bdbc-1089-4089-b877-2049a2a4e791: nextIndex: updateUnconditionally 18 -> 17
2019-08-28 06:34:36,120 [grpc-default-executor-8] WARN  server.GrpcLogAppender (LogUtils.java:warn(134)) - 37ed6077-b3c7-4ece-80ea-a455fdabd61d->38f0bdbc-1089-4089-b877-2049a2a4e791: Failed appendEntries: org.apache.ratis.thirdparty.io.grpc.StatusRuntimeException: UNAVAILABLE: io exception
2019-08-28 06:34:36,120 [grpc-default-executor-8] INFO  impl.FollowerInfo (FollowerInfo.java:lambda$new$0(50)) - 37ed6077-b3c7-4ece-80ea-a455fdabd61d->38f0bdbc-1089-4089-b877-2049a2a4e791: nextIndex: updateUnconditionally 17 -> 16
2019-08-28 06:34:36,120 [grpc-default-executor-11] WARN  server.GrpcLogAppender (LogUtils.java:warn(134)) - 37ed6077-b3c7-4ece-80ea-a455fdabd61d->c5a75e6e-3ba6-4e01-8e6e-e37c55fb7020: Failed appendEntries: org.apache.ratis.thirdparty.io.grpc.StatusRuntimeException: UNAVAILABLE: io exception
2019-08-28 06:34:36,121 [grpc-default-executor-11] INFO  impl.FollowerInfo (FollowerInfo.java:lambda$new$0(50)) - 37ed6077-b3c7-4ece-80ea-a455fdabd61d->c5a75e6e-3ba6-4e01-8e6e-e37c55fb7020: nextIndex: updateUnconditionally 0 -> 0
2019-08-28 06:34:36,488 [EventQueue-StaleNodeForStaleNodeHandler] INFO  node.StaleNodeHandler (StaleNodeHandler.java:onMessage(58)) - Datanode 9e09162c-d652-4106-871c-162faebb3aaf{ip: 192.168.34.10, host: pr-hdds-1783-trunk-8fbk5-3374829961, networkLocation: /default-rack, certSerialId: null} moved to stale state. Finalizing its pipelines [PipelineID=582a804d-d671-49c6-aecc-607d7d33a370, PipelineID=21e5a585-efcb-49d2-8d06-1e1e5b07b143]
2019-08-28 06:34:36,488 [EventQueue-StaleNodeForStaleNodeHandler] INFO  pipeline.SCMPipelineManager (SCMPipelineManager.java:finalizeAndDestroyPipeline(309)) - destroying pipeline:Pipeline[ Id: 582a804d-d671-49c6-aecc-607d7d33a370, Nodes: 9e09162c-d652-4106-871c-162faebb3aaf{ip: 192.168.34.10, host: pr-hdds-1783-trunk-8fbk5-3374829961, networkLocation: /default-rack, certSerialId: null}, Type:RATIS, Factor:ONE, State:OPEN]
2019-08-28 06:34:36,488 [EventQueue-StaleNodeForStaleNodeHandler] INFO  pipeline.PipelineStateManager (PipelineStateManager.java:finalizePipeline(123)) - Pipeline Pipeline[ Id: 582a804d-d671-49c6-aecc-607d7d33a370, Nodes: 9e09162c-d652-4106-871c-162faebb3aaf{ip: 192.168.34.10, host: pr-hdds-1783-trunk-8fbk5-3374829961, networkLocation: /default-rack, certSerialId: null}, Type:RATIS, Factor:ONE, State:CLOSED] moved to CLOSED state
2019-08-28 06:34:36,488 [EventQueue-StaleNodeForStaleNodeHandler] INFO  pipeline.SCMPipelineManager (SCMPipelineManager.java:finalizeAndDestroyPipeline(309)) - destroying pipeline:Pipeline[ Id: 21e5a585-efcb-49d2-8d06-1e1e5b07b143, Nodes: 9cd1cf0b-08ae-4d53-8ceb-815e7e017b07{ip: 192.168.34.10, host: pr-hdds-1783-trunk-8fbk5-3374829961, networkLocation: /default-rack, certSerialId: null}9e09162c-d652-4106-871c-162faebb3aaf{ip: 192.168.34.10, host: pr-hdds-1783-trunk-8fbk5-3374829961, networkLocation: /default-rack, certSerialId: null}4aaf653c-c443-4044-b7ad-f4623e7320a2{ip: 192.168.34.10, host: pr-hdds-1783-trunk-8fbk5-3374829961, networkLocation: /default-rack, certSerialId: null}, Type:RATIS, Factor:THREE, State:CLOSED]
2019-08-28 06:34:36,888 [EventQueue-StaleNodeForStaleNodeHandler] INFO  node.StaleNodeHandler (StaleNodeHandler.java:onMessage(58)) - Datanode 37ed6077-b3c7-4ece-80ea-a455fdabd61d{ip: 192.168.34.10, host: pr-hdds-1783-trunk-8fbk5-3374829961, networkLocation: /default-rack, certSerialId: null} moved to stale state. Finalizing its pipelines [PipelineID=9edb9931-d47d-4417-a7df-6f6f92921c76, PipelineID=6fe699a3-5b97-4185-bcd4-ccc405646ec7]
2019-08-28 06:34:36,888 [EventQueue-StaleNodeForStaleNodeHandler] INFO  pipeline.SCMPipelineManager (SCMPipelineManager.java:finalizeAndDestroyPipeline(309)) - destroying pipeline:Pipeline[ Id: 9edb9931-d47d-4417-a7df-6f6f92921c76, Nodes: 37ed6077-b3c7-4ece-80ea-a455fdabd61d{ip: 192.168.34.10, host: pr-hdds-1783-trunk-8fbk5-3374829961, networkLocation: /default-rack, certSerialId: null}, Type:RATIS, Factor:ONE, State:OPEN]
2019-08-28 06:34:36,889 [EventQueue-StaleNodeForStaleNodeHandler] INFO  pipeline.PipelineStateManager (PipelineStateManager.java:finalizePipeline(123)) - Pipeline Pipeline[ Id: 9edb9931-d47d-4417-a7df-6f6f92921c76, Nodes: 37ed6077-b3c7-4ece-80ea-a455fdabd61d{ip: 192.168.34.10, host: pr-hdds-1783-trunk-8fbk5-3374829961, networkLocation: /default-rack, certSerialId: null}, Type:RATIS, Factor:ONE, State:CLOSED] moved to CLOSED state
2019-08-28 06:34:36,889 [EventQueue-StaleNodeForStaleNodeHandler] INFO  pipeline.SCMPipelineManager (SCMPipelineManager.java:finalizeAndDestroyPipeline(309)) - destroying pipeline:Pipeline[ Id: 6fe699a3-5b97-4185-bcd4-ccc405646ec7, Nodes: c5a75e6e-3ba6-4e01-8e6e-e37c55fb7020{ip: 192.168.34.10, host: pr-hdds-1783-trunk-8fbk5-3374829961, networkLocation: /default-rack, certSerialId: null}38f0bdbc-1089-4089-b877-2049a2a4e791{ip: 192.168.34.10, host: pr-hdds-1783-trunk-8fbk5-3374829961, networkLocation: /default-rack, certSerialId: null}37ed6077-b3c7-4ece-80ea-a455fdabd61d{ip: 192.168.34.10, host: pr-hdds-1783-trunk-8fbk5-3374829961, networkLocation: /default-rack, certSerialId: null}, Type:RATIS, Factor:THREE, State:CLOSED]
2019-08-28 06:34:36,909 [main] INFO  ozoneimpl.OzoneContainer (OzoneContainer.java:stop(199)) - Attempting to stop container services.
2019-08-28 06:34:36,910 [main] INFO  impl.RaftServerProxy (RaftServerProxy.java:lambda$close$4(314)) - 37ed6077-b3c7-4ece-80ea-a455fdabd61d: close
2019-08-28 06:34:36,910 [main] INFO  impl.RaftServerImpl (RaftServerImpl.java:lambda$shutdown$3(245)) - 37ed6077-b3c7-4ece-80ea-a455fdabd61d: shutdown group-6F6F92921C76
2019-08-28 06:34:36,911 [main] INFO  util.JmxRegister (JmxRegister.java:unregister(73)) - Successfully un-registered JMX Bean with object name Ratis:service=RaftServer,group=group-6F6F92921C76,id=37ed6077-b3c7-4ece-80ea-a455fdabd61d
2019-08-28 06:34:36,911 [main] INFO  impl.RoleInfo (RoleInfo.java:shutdownLeaderState(104)) - 37ed6077-b3c7-4ece-80ea-a455fdabd61d: shutdown LeaderState
2019-08-28 06:34:36,911 [main] INFO  impl.PendingRequests (PendingRequests.java:sendNotLeaderResponses(202)) - 37ed6077-b3c7-4ece-80ea-a455fdabd61d-PendingRequests: sendNotLeaderResponses
2019-08-28 06:34:36,912 [main] INFO  impl.StateMachineUpdater (StateMachineUpdater.java:stopAndJoin(115)) - StateMachineUpdater:37ed6077-b3c7-4ece-80ea-a455fdabd61d:group-6F6F92921C76: set stopIndex = 0
2019-08-28 06:34:36,912 [main] INFO  impl.RaftServerImpl (ServerState.java:close(394)) - 37ed6077-b3c7-4ece-80ea-a455fdabd61d:group-6F6F92921C76 closes. The last applied log index is 0
2019-08-28 06:34:36,913 [37ed6077-b3c7-4ece-80ea-a455fdabd61d-SegmentedRaftLogWorker:Storage Directory /workdir/hadoop-ozone/integration-test/target/test-dir/MiniOzoneClusterImpl-dfe718bc-bd4c-4c80-9b1d-75633119d19d/datanode-5/data/ratis/9edb9931-d47d-4417-a7df-6f6f92921c76] INFO  segmented.SegmentedRaftLogWorker (SegmentedRaftLogWorker.java:run(313)) - 37ed6077-b3c7-4ece-80ea-a455fdabd61d-SegmentedRaftLogWorker:Storage Directory /workdir/hadoop-ozone/integration-test/target/test-dir/MiniOzoneClusterImpl-dfe718bc-bd4c-4c80-9b1d-75633119d19d/datanode-5/data/ratis/9edb9931-d47d-4417-a7df-6f6f92921c76 was interrupted, exiting. There are 0 tasks remaining in the queue.
2019-08-28 06:34:36,915 [main] INFO  segmented.SegmentedRaftLogWorker (SegmentedRaftLogWorker.java:close(228)) - 37ed6077-b3c7-4ece-80ea-a455fdabd61d-SegmentedRaftLogWorker:Storage Directory /workdir/hadoop-ozone/integration-test/target/test-dir/MiniOzoneClusterImpl-dfe718bc-bd4c-4c80-9b1d-75633119d19d/datanode-5/data/ratis/9edb9931-d47d-4417-a7df-6f6f92921c76 close()
2019-08-28 06:34:36,925 [main] INFO  impl.RaftServerImpl (RaftServerImpl.java:lambda$shutdown$3(245)) - 37ed6077-b3c7-4ece-80ea-a455fdabd61d: shutdown group-CCC405646EC7
2019-08-28 06:34:36,925 [ForkJoinPool.commonPool-worker-0] INFO  ozoneimpl.OzoneContainer (OzoneContainer.java:stop(199)) - Attempting to stop container services.
2019-08-28 06:34:36,925 [main] INFO  util.JmxRegister (JmxRegister.java:unregister(73)) - Successfully un-registered JMX Bean with object name Ratis:service=RaftServer,group=group-CCC405646EC7,id=37ed6077-b3c7-4ece-80ea-a455fdabd61d
2019-08-28 06:34:36,926 [ForkJoinPool.commonPool-worker-0] INFO  impl.RaftServerProxy (RaftServerProxy.java:lambda$close$4(314)) - 9e09162c-d652-4106-871c-162faebb3aaf: close
2019-08-28 06:34:36,928 [main] INFO  impl.RoleInfo (RoleInfo.java:shutdownLeaderState(104)) - 37ed6077-b3c7-4ece-80ea-a455fdabd61d: shutdown LeaderState
2019-08-28 06:34:36,928 [ForkJoinPool.commonPool-worker-0] INFO  impl.RaftServerImpl (RaftServerImpl.java:lambda$shutdown$3(245)) - 9e09162c-d652-4106-871c-162faebb3aaf: shutdown group-607D7D33A370
2019-08-28 06:34:36,931 [main] INFO  impl.PendingRequests (PendingRequests.java:sendNotLeaderResponses(202)) - 37ed6077-b3c7-4ece-80ea-a455fdabd61d-PendingRequests: sendNotLeaderResponses
2019-08-28 06:34:36,931 [org.apache.ratis.server.impl.LogAppender$AppenderDaemon$$Lambda$500/577719139@356da350] WARN  server.GrpcLogAppender (GrpcLogAppender.java:mayWait(143)) - GrpcLogAppender(37ed6077-b3c7-4ece-80ea-a455fdabd61d->38f0bdbc-1089-4089-b877-2049a2a4e791): Wait interrupted by java.lang.InterruptedException
2019-08-28 06:34:36,931 [org.apache.ratis.server.impl.LogAppender$AppenderDaemon$$Lambda$500/577719139@7884da2] WARN  server.GrpcLogAppender (GrpcLogAppender.java:mayWait(143)) - GrpcLogAppender(37ed6077-b3c7-4ece-80ea-a455fdabd61d->c5a75e6e-3ba6-4e01-8e6e-e37c55fb7020): Wait interrupted by java.lang.InterruptedException
2019-08-28 06:34:36,932 [StateMachineUpdater:37ed6077-b3c7-4ece-80ea-a455fdabd61d:group-CCC405646EC7] INFO  ratis.ContainerStateMachine (ContainerStateMachine.java:takeSnapshot(283)) - group-CCC405646EC7: Taking a snapshot at:(t:4, i:16) file /workdir/hadoop-ozone/integration-test/target/test-dir/MiniOzoneClusterImpl-dfe718bc-bd4c-4c80-9b1d-75633119d19d/datanode-5/data/ratis/6fe699a3-5b97-4185-bcd4-ccc405646ec7/sm/snapshot.4_16
2019-08-28 06:34:36,932 [main] INFO  impl.StateMachineUpdater (StateMachineUpdater.java:stopAndJoin(115)) - StateMachineUpdater:37ed6077-b3c7-4ece-80ea-a455fdabd61d:group-CCC405646EC7: set stopIndex = 20
2019-08-28 06:34:36,931 [ForkJoinPool.commonPool-worker-0] INFO  util.JmxRegister (JmxRegister.java:unregister(73)) - Successfully un-registered JMX Bean with object name Ratis:service=RaftServer,group=group-607D7D33A370,id=9e09162c-d652-4106-871c-162faebb3aaf
2019-08-28 06:34:36,933 [ForkJoinPool.commonPool-worker-0] INFO  impl.RoleInfo (RoleInfo.java:shutdownLeaderState(104)) - 9e09162c-d652-4106-871c-162faebb3aaf: shutdown LeaderState
2019-08-28 06:34:36,933 [ForkJoinPool.commonPool-worker-0] INFO  impl.PendingRequests (PendingRequests.java:sendNotLeaderResponses(202)) - 9e09162c-d652-4106-871c-162faebb3aaf-PendingRequests: sendNotLeaderResponses
2019-08-28 06:34:36,933 [ForkJoinPool.commonPool-worker-0] INFO  impl.StateMachineUpdater (StateMachineUpdater.java:stopAndJoin(115)) - StateMachineUpdater:9e09162c-d652-4106-871c-162faebb3aaf:group-607D7D33A370: set stopIndex = 0
2019-08-28 06:34:36,934 [ForkJoinPool.commonPool-worker-0] INFO  impl.RaftServerImpl (ServerState.java:close(394)) - 9e09162c-d652-4106-871c-162faebb3aaf:group-607D7D33A370 closes. The last applied log index is 0
2019-08-28 06:34:36,934 [9e09162c-d652-4106-871c-162faebb3aaf-SegmentedRaftLogWorker:Storage Directory /workdir/hadoop-ozone/integration-test/target/test-dir/MiniOzoneClusterImpl-dfe718bc-bd4c-4c80-9b1d-75633119d19d/datanode-0/data/ratis/582a804d-d671-49c6-aecc-607d7d33a370] INFO  segmented.SegmentedRaftLogWorker (SegmentedRaftLogWorker.java:run(313)) - 9e09162c-d652-4106-871c-162faebb3aaf-SegmentedRaftLogWorker:Storage Directory /workdir/hadoop-ozone/integration-test/target/test-dir/MiniOzoneClusterImpl-dfe718bc-bd4c-4c80-9b1d-75633119d19d/datanode-0/data/ratis/582a804d-d671-49c6-aecc-607d7d33a370 was interrupted, exiting. There are 0 tasks remaining in the queue.
2019-08-28 06:34:36,934 [ForkJoinPool.commonPool-worker-0] INFO  segmented.SegmentedRaftLogWorker (SegmentedRaftLogWorker.java:close(228)) - 9e09162c-d652-4106-871c-162faebb3aaf-SegmentedRaftLogWorker:Storage Directory /workdir/hadoop-ozone/integration-test/target/test-dir/MiniOzoneClusterImpl-dfe718bc-bd4c-4c80-9b1d-75633119d19d/datanode-0/data/ratis/582a804d-d671-49c6-aecc-607d7d33a370 close()
2019-08-28 06:34:36,935 [ForkJoinPool.commonPool-worker-0] INFO  impl.RaftServerImpl (RaftServerImpl.java:lambda$shutdown$3(245)) - 9e09162c-d652-4106-871c-162faebb3aaf: shutdown group-1E1E5B07B143
2019-08-28 06:34:36,936 [ForkJoinPool.commonPool-worker-0] INFO  util.JmxRegister (JmxRegister.java:unregister(73)) - Successfully un-registered JMX Bean with object name Ratis:service=RaftServer,group=group-1E1E5B07B143,id=9e09162c-d652-4106-871c-162faebb3aaf
2019-08-28 06:34:36,936 [ForkJoinPool.commonPool-worker-0] INFO  impl.RoleInfo (RoleInfo.java:shutdownFollowerState(121)) - 9e09162c-d652-4106-871c-162faebb3aaf: shutdown FollowerState
2019-08-28 06:34:36,936 [ForkJoinPool.commonPool-worker-0] INFO  impl.StateMachineUpdater (StateMachineUpdater.java:stopAndJoin(115)) - StateMachineUpdater:9e09162c-d652-4106-871c-162faebb3aaf:group-1E1E5B07B143: set stopIndex = 16
2019-08-28 06:34:36,936 [Thread-3614] INFO  impl.FollowerState (FollowerState.java:run(114)) - 9e09162c-d652-4106-871c-162faebb3aaf: FollowerState was interrupted: java.lang.InterruptedException: sleep interrupted
2019-08-28 06:34:36,936 [StateMachineUpdater:9e09162c-d652-4106-871c-162faebb3aaf:group-1E1E5B07B143] INFO  ratis.ContainerStateMachine (ContainerStateMachine.java:takeSnapshot(283)) - group-1E1E5B07B143: Taking a snapshot at:(t:1, i:14) file /workdir/hadoop-ozone/integration-test/target/test-dir/MiniOzoneClusterImpl-dfe718bc-bd4c-4c80-9b1d-75633119d19d/datanode-0/data/ratis/21e5a585-efcb-49d2-8d06-1e1e5b07b143/sm/snapshot.1_14
2019-08-28 06:34:36,945 [StateMachineUpdater:9e09162c-d652-4106-871c-162faebb3aaf:group-1E1E5B07B143] INFO  ratis.ContainerStateMachine (ContainerStateMachine.java:takeSnapshot(294)) - group-1E1E5B07B143: Finished taking a snapshot at:(t:1, i:14) file:/workdir/hadoop-ozone/integration-test/target/test-dir/MiniOzoneClusterImpl-dfe718bc-bd4c-4c80-9b1d-75633119d19d/datanode-0/data/ratis/21e5a585-efcb-49d2-8d06-1e1e5b07b143/sm/snapshot.1_14 time:8
2019-08-28 06:34:36,945 [StateMachineUpdater:37ed6077-b3c7-4ece-80ea-a455fdabd61d:group-CCC405646EC7] INFO  ratis.ContainerStateMachine (ContainerStateMachine.java:takeSnapshot(294)) - group-CCC405646EC7: Finished taking a snapshot at:(t:4, i:16) file:/workdir/hadoop-ozone/integration-test/target/test-dir/MiniOzoneClusterImpl-dfe718bc-bd4c-4c80-9b1d-75633119d19d/datanode-5/data/ratis/6fe699a3-5b97-4185-bcd4-ccc405646ec7/sm/snapshot.4_16 time:13
2019-08-28 06:34:36,945 [StateMachineUpdater:9e09162c-d652-4106-871c-162faebb3aaf:group-1E1E5B07B143] INFO  impl.StateMachineUpdater (StateMachineUpdater.java:takeSnapshot(242)) - StateMachineUpdater:9e09162c-d652-4106-871c-162faebb3aaf:group-1E1E5B07B143: Took a snapshot at index 14
2019-08-28 06:34:36,945 [StateMachineUpdater:37ed6077-b3c7-4ece-80ea-a455fdabd61d:group-CCC405646EC7] INFO  impl.StateMachineUpdater (StateMachineUpdater.java:takeSnapshot(242)) - StateMachineUpdater:37ed6077-b3c7-4ece-80ea-a455fdabd61d:group-CCC405646EC7: Took a snapshot at index 16
2019-08-28 06:34:36,945 [StateMachineUpdater:9e09162c-d652-4106-871c-162faebb3aaf:group-1E1E5B07B143] INFO  impl.StateMachineUpdater (StateMachineUpdater.java:lambda$new$0(80)) - StateMachineUpdater:9e09162c-d652-4106-871c-162faebb3aaf:group-1E1E5B07B143: snapshotIndex: updateIncreasingly -1 -> 14
2019-08-28 06:34:36,945 [StateMachineUpdater:37ed6077-b3c7-4ece-80ea-a455fdabd61d:group-CCC405646EC7] INFO  impl.StateMachineUpdater (StateMachineUpdater.java:lambda$new$0(80)) - StateMachineUpdater:37ed6077-b3c7-4ece-80ea-a455fdabd61d:group-CCC405646EC7: snapshotIndex: updateIncreasingly -1 -> 16
2019-08-28 06:34:36,946 [main] INFO  impl.RaftServerImpl (ServerState.java:close(394)) - 37ed6077-b3c7-4ece-80ea-a455fdabd61d:group-CCC405646EC7 closes. The last applied log index is 20
2019-08-28 06:34:36,946 [ForkJoinPool.commonPool-worker-0] INFO  impl.RaftServerImpl (ServerState.java:close(394)) - 9e09162c-d652-4106-871c-162faebb3aaf:group-1E1E5B07B143 closes. The last applied log index is 16
2019-08-28 06:34:36,946 [37ed6077-b3c7-4ece-80ea-a455fdabd61d-SegmentedRaftLogWorker:Storage Directory /workdir/hadoop-ozone/integration-test/target/test-dir/MiniOzoneClusterImpl-dfe718bc-bd4c-4c80-9b1d-75633119d19d/datanode-5/data/ratis/6fe699a3-5b97-4185-bcd4-ccc405646ec7] INFO  segmented.SegmentedRaftLogWorker (SegmentedRaftLogWorker.java:run(313)) - 37ed6077-b3c7-4ece-80ea-a455fdabd61d-SegmentedRaftLogWorker:Storage Directory /workdir/hadoop-ozone/integration-test/target/test-dir/MiniOzoneClusterImpl-dfe718bc-bd4c-4c80-9b1d-75633119d19d/datanode-5/data/ratis/6fe699a3-5b97-4185-bcd4-ccc405646ec7 was interrupted, exiting. There are 0 tasks remaining in the queue.
2019-08-28 06:34:36,946 [9e09162c-d652-4106-871c-162faebb3aaf-SegmentedRaftLogWorker:Storage Directory /workdir/hadoop-ozone/integration-test/target/test-dir/MiniOzoneClusterImpl-dfe718bc-bd4c-4c80-9b1d-75633119d19d/datanode-0/data/ratis/21e5a585-efcb-49d2-8d06-1e1e5b07b143] INFO  segmented.SegmentedRaftLogWorker (SegmentedRaftLogWorker.java:run(313)) - 9e09162c-d652-4106-871c-162faebb3aaf-SegmentedRaftLogWorker:Storage Directory /workdir/hadoop-ozone/integration-test/target/test-dir/MiniOzoneClusterImpl-dfe718bc-bd4c-4c80-9b1d-75633119d19d/datanode-0/data/ratis/21e5a585-efcb-49d2-8d06-1e1e5b07b143 was interrupted, exiting. There are 0 tasks remaining in the queue.
2019-08-28 06:34:36,947 [main] INFO  segmented.SegmentedRaftLogWorker (SegmentedRaftLogWorker.java:close(228)) - 37ed6077-b3c7-4ece-80ea-a455fdabd61d-SegmentedRaftLogWorker:Storage Directory /workdir/hadoop-ozone/integration-test/target/test-dir/MiniOzoneClusterImpl-dfe718bc-bd4c-4c80-9b1d-75633119d19d/datanode-5/data/ratis/6fe699a3-5b97-4185-bcd4-ccc405646ec7 close()
2019-08-28 06:34:36,947 [ForkJoinPool.commonPool-worker-0] INFO  segmented.SegmentedRaftLogWorker (SegmentedRaftLogWorker.java:close(228)) - 9e09162c-d652-4106-871c-162faebb3aaf-SegmentedRaftLogWorker:Storage Directory /workdir/hadoop-ozone/integration-test/target/test-dir/MiniOzoneClusterImpl-dfe718bc-bd4c-4c80-9b1d-75633119d19d/datanode-0/data/ratis/21e5a585-efcb-49d2-8d06-1e1e5b07b143 close()
2019-08-28 06:34:36,948 [main] INFO  server.GrpcService (GrpcService.java:closeImpl(155)) - 37ed6077-b3c7-4ece-80ea-a455fdabd61d: shutdown server with port 35309 now
2019-08-28 06:34:36,949 [ForkJoinPool.commonPool-worker-0] INFO  server.GrpcService (GrpcService.java:closeImpl(155)) - 9e09162c-d652-4106-871c-162faebb3aaf: shutdown server with port 37220 now
2019-08-28 06:34:36,950 [ForkJoinPool.commonPool-worker-0] INFO  server.GrpcService (GrpcService.java:closeImpl(163)) - 9e09162c-d652-4106-871c-162faebb3aaf: shutdown server with port 37220 successfully
2019-08-28 06:34:36,950 [main] INFO  server.GrpcService (GrpcService.java:closeImpl(163)) - 37ed6077-b3c7-4ece-80ea-a455fdabd61d: shutdown server with port 35309 successfully
2019-08-28 06:34:36,951 [ForkJoinPool.commonPool-worker-0] INFO  utils.BackgroundService (BackgroundService.java:shutdown(148)) - Shutting down service BlockDeletingService
2019-08-28 06:34:36,953 [main] INFO  utils.BackgroundService (BackgroundService.java:shutdown(148)) - Shutting down service BlockDeletingService
2019-08-28 06:34:36,954 [refreshUsed-/workdir/hadoop-ozone/integration-test/target/test-dir/MiniOzoneClusterImpl-dfe718bc-bd4c-4c80-9b1d-75633119d19d/datanode-0/data/containers] WARN  fs.CachingGetSpaceUsed (CachingGetSpaceUsed.java:run(183)) - Thread Interrupted waiting to refresh disk information: sleep interrupted
2019-08-28 06:34:36,959 [refreshUsed-/workdir/hadoop-ozone/integration-test/target/test-dir/MiniOzoneClusterImpl-dfe718bc-bd4c-4c80-9b1d-75633119d19d/datanode-5/data/containers] WARN  fs.CachingGetSpaceUsed (CachingGetSpaceUsed.java:run(183)) - Thread Interrupted waiting to refresh disk information: sleep interrupted
2019-08-28 06:34:36,974 [ForkJoinPool.commonPool-worker-0] INFO  statemachine.DatanodeStateMachine (DatanodeStateMachine.java:stopDaemon(395)) - Ozone container server stopped.
2019-08-28 06:34:36,978 [main] INFO  statemachine.DatanodeStateMachine (DatanodeStateMachine.java:stopDaemon(395)) - Ozone container server stopped.
2019-08-28 06:34:36,979 [ForkJoinPool.commonPool-worker-0] INFO  handler.ContextHandler (ContextHandler.java:doStop(910)) - Stopped o.e.j.w.WebAppContext@42718ebf{/,null,UNAVAILABLE}{/hddsDatanode}
2019-08-28 06:34:36,980 [main] INFO  handler.ContextHandler (ContextHandler.java:doStop(910)) - Stopped o.e.j.w.WebAppContext@2fba15c5{/,null,UNAVAILABLE}{/hddsDatanode}
2019-08-28 06:34:36,980 [ForkJoinPool.commonPool-worker-0] INFO  server.AbstractConnector (AbstractConnector.java:doStop(318)) - Stopped ServerConnector@a6fc2e1{HTTP/1.1,[http/1.1]}{0.0.0.0:0}
2019-08-28 06:34:36,981 [ForkJoinPool.commonPool-worker-0] INFO  handler.ContextHandler (ContextHandler.java:doStop(910)) - Stopped o.e.j.s.ServletContextHandler@6d4bb60f{/static,jar:file:/home/user/.m2/repository/org/apache/hadoop/hadoop-hdds-container-service/0.5.0-SNAPSHOT/hadoop-hdds-container-service-0.5.0-SNAPSHOT.jar!/webapps/static,UNAVAILABLE}
2019-08-28 06:34:36,982 [main] INFO  server.AbstractConnector (AbstractConnector.java:doStop(318)) - Stopped ServerConnector@7ae5f795{HTTP/1.1,[http/1.1]}{0.0.0.0:0}
2019-08-28 06:34:36,983 [ForkJoinPool.commonPool-worker-0] INFO  handler.ContextHandler (ContextHandler.java:doStop(910)) - Stopped o.e.j.s.ServletContextHandler@1ff65426{/logs,file:///workdir/hadoop-ozone/integration-test/target/log,UNAVAILABLE}
2019-08-28 06:34:36,983 [main] INFO  handler.ContextHandler (ContextHandler.java:doStop(910)) - Stopped o.e.j.s.ServletContextHandler@441a2d52{/static,jar:file:/home/user/.m2/repository/org/apache/hadoop/hadoop-hdds-container-service/0.5.0-SNAPSHOT/hadoop-hdds-container-service-0.5.0-SNAPSHOT.jar!/webapps/static,UNAVAILABLE}
2019-08-28 06:34:36,983 [main] INFO  handler.ContextHandler (ContextHandler.java:doStop(910)) - Stopped o.e.j.s.ServletContextHandler@14bb16ee{/logs,file:///workdir/hadoop-ozone/integration-test/target/log,UNAVAILABLE}
2019-08-28 06:34:36,985 [main] INFO  ozone.MiniOzoneClusterImpl (MiniOzoneClusterImpl.java:stop(353)) - Stopping the StorageContainerManager
2019-08-28 06:34:36,985 [main] INFO  server.StorageContainerManager (StorageContainerManager.java:stop(797)) - Stopping Replication Manager Service.
2019-08-28 06:34:36,985 [main] INFO  container.ReplicationManager (ReplicationManager.java:stop(193)) - Stopping Replication Monitor Thread.
2019-08-28 06:34:36,985 [main] INFO  server.StorageContainerManager (StorageContainerManager.java:stop(804)) - Stopping Lease Manager of the command watchers
2019-08-28 06:34:36,985 [main] INFO  server.StorageContainerManager (StorageContainerManager.java:stop(811)) - Stopping datanode service RPC server
2019-08-28 06:34:36,985 [main] INFO  server.SCMDatanodeProtocolServer (SCMDatanodeProtocolServer.java:stop(367)) - Stopping the RPC server for DataNodes
2019-08-28 06:34:36,986 [main] INFO  ipc.Server (Server.java:stop(3082)) - Stopping server on 41355
2019-08-28 06:34:36,988 [IPC Server listener on 41355] INFO  ipc.Server (Server.java:run(1185)) - Stopping IPC Server listener on 41355
2019-08-28 06:34:36,988 [IPC Server Responder] INFO  ipc.Server (Server.java:run(1319)) - Stopping IPC Server Responder
2019-08-28 06:34:37,088 [SCM Heartbeat Processing Thread - 0] WARN  node.NodeStateManager (NodeStateManager.java:scheduleNextHealthCheck(646)) - Current Thread is interrupted, shutting down HB processing thread for Node Manager.
2019-08-28 06:34:37,089 [main] INFO  server.StorageContainerManager (StorageContainerManager.java:stop(819)) - Stopping block service RPC server
2019-08-28 06:34:37,089 [main] INFO  server.SCMBlockProtocolServer (SCMBlockProtocolServer.java:stop(148)) - Stopping the RPC server for Block Protocol
2019-08-28 06:34:37,089 [main] INFO  ipc.Server (Server.java:stop(3082)) - Stopping server on 43485
2019-08-28 06:34:37,092 [main] INFO  server.StorageContainerManager (StorageContainerManager.java:stop(826)) - Stopping the StorageContainerLocationProtocol RPC server
2019-08-28 06:34:37,092 [main] INFO  server.SCMClientProtocolServer (SCMClientProtocolServer.java:stop(159)) - Stopping the RPC server for Client Protocol
2019-08-28 06:34:37,093 [IPC Server Responder] INFO  ipc.Server (Server.java:run(1319)) - Stopping IPC Server Responder
2019-08-28 06:34:37,093 [main] INFO  ipc.Server (Server.java:stop(3082)) - Stopping server on 41889
2019-08-28 06:34:37,092 [IPC Server listener on 43485] INFO  ipc.Server (Server.java:run(1185)) - Stopping IPC Server listener on 43485
2019-08-28 06:34:37,096 [IPC Server listener on 41889] INFO  ipc.Server (Server.java:run(1185)) - Stopping IPC Server listener on 41889
2019-08-28 06:34:37,096 [IPC Server Responder] INFO  ipc.Server (Server.java:run(1319)) - Stopping IPC Server Responder
2019-08-28 06:34:37,096 [main] INFO  server.StorageContainerManager (StorageContainerManager.java:stop(833)) - Stopping Storage Container Manager HTTP server.
2019-08-28 06:34:37,101 [main] INFO  handler.ContextHandler (ContextHandler.java:doStop(910)) - Stopped o.e.j.w.WebAppContext@52b2713a{/,null,UNAVAILABLE}{/scm}
2019-08-28 06:34:37,101 [main] INFO  server.AbstractConnector (AbstractConnector.java:doStop(318)) - Stopped ServerConnector@54e39504{HTTP/1.1,[http/1.1]}{0.0.0.0:0}
2019-08-28 06:34:37,102 [main] INFO  handler.ContextHandler (ContextHandler.java:doStop(910)) - Stopped o.e.j.s.ServletContextHandler@96271d8{/static,file:///workdir/hadoop-ozone/integration-test/target/test-classes/webapps/static,UNAVAILABLE}
2019-08-28 06:34:37,102 [main] INFO  handler.ContextHandler (ContextHandler.java:doStop(910)) - Stopped o.e.j.s.ServletContextHandler@67e12e28{/logs,file:///workdir/hadoop-ozone/integration-test/target/log,UNAVAILABLE}
2019-08-28 06:34:37,103 [main] INFO  server.StorageContainerManager (StorageContainerManager.java:stop(844)) - Stopping Block Manager Service.
2019-08-28 06:34:37,103 [main] INFO  utils.BackgroundService (BackgroundService.java:shutdown(148)) - Shutting down service SCMBlockDeletingService
2019-08-28 06:34:37,103 [main] INFO  utils.BackgroundService (BackgroundService.java:shutdown(148)) - Shutting down service SCMBlockDeletingService
2019-08-28 06:34:37,104 [main] INFO  server.StorageContainerManager (StorageContainerManager.java:stop(866)) - Stopping SCM Event Queue.
2019-08-28 06:34:37,107 [main] INFO  impl.MetricsSystemImpl (MetricsSystemImpl.java:stop(210)) - Stopping HddsDatanode metrics system...
2019-08-28 06:34:37,118 [main] INFO  impl.MetricsSystemImpl (MetricsSystemImpl.java:stop(216)) - HddsDatanode metrics system stopped.
]]></system-out>
    <system-err><![CDATA[Aug 28, 2019 6:33:44 AM com.sun.jersey.server.impl.application.WebApplicationImpl _initiate
INFO: Initiating Jersey application, version 'Jersey: 1.19 02/11/2015 03:25 AM'
Aug 28, 2019 6:33:44 AM com.sun.jersey.server.impl.application.WebApplicationImpl _initiate
INFO: Initiating Jersey application, version 'Jersey: 1.19 02/11/2015 03:25 AM'
Aug 28, 2019 6:33:45 AM com.sun.jersey.server.impl.application.WebApplicationImpl _initiate
INFO: Initiating Jersey application, version 'Jersey: 1.19 02/11/2015 03:25 AM'
Aug 28, 2019 6:33:45 AM com.sun.jersey.server.impl.application.WebApplicationImpl _initiate
INFO: Initiating Jersey application, version 'Jersey: 1.19 02/11/2015 03:25 AM'
Aug 28, 2019 6:33:45 AM com.sun.jersey.server.impl.application.WebApplicationImpl _initiate
INFO: Initiating Jersey application, version 'Jersey: 1.19 02/11/2015 03:25 AM'
Aug 28, 2019 6:33:46 AM com.sun.jersey.server.impl.application.WebApplicationImpl _initiate
INFO: Initiating Jersey application, version 'Jersey: 1.19 02/11/2015 03:25 AM'
Aug 28, 2019 6:33:46 AM com.sun.jersey.server.impl.application.WebApplicationImpl _initiate
INFO: Initiating Jersey application, version 'Jersey: 1.19 02/11/2015 03:25 AM'
Aug 28, 2019 6:33:48 AM org.apache.ratis.thirdparty.io.grpc.internal.ManagedChannelOrphanWrapper$ManagedChannelReference cleanQueue
SEVERE: *~*~*~ Channel ManagedChannelImpl{logId=2952, target=192.168.34.10:45789} was not shutdown properly!!! ~*~*~*
    Make sure to call shutdown()/shutdownNow() and wait until awaitTermination() returns true.
java.lang.RuntimeException: ManagedChannel allocation site
	at org.apache.ratis.thirdparty.io.grpc.internal.ManagedChannelOrphanWrapper$ManagedChannelReference.<init>(ManagedChannelOrphanWrapper.java:103)
	at org.apache.ratis.thirdparty.io.grpc.internal.ManagedChannelOrphanWrapper.<init>(ManagedChannelOrphanWrapper.java:53)
	at org.apache.ratis.thirdparty.io.grpc.internal.ManagedChannelOrphanWrapper.<init>(ManagedChannelOrphanWrapper.java:44)
	at org.apache.ratis.thirdparty.io.grpc.internal.AbstractManagedChannelImplBuilder.build(AbstractManagedChannelImplBuilder.java:411)
	at org.apache.ratis.grpc.client.GrpcClientProtocolClient.<init>(GrpcClientProtocolClient.java:119)
	at org.apache.ratis.grpc.client.GrpcClientRpc.lambda$new$0(GrpcClientRpc.java:55)
	at org.apache.ratis.util.PeerProxyMap$PeerAndProxy.lambda$getProxy$0(PeerProxyMap.java:61)
	at org.apache.ratis.util.LifeCycle.startAndTransition(LifeCycle.java:202)
	at org.apache.ratis.util.PeerProxyMap$PeerAndProxy.getProxy(PeerProxyMap.java:60)
	at org.apache.ratis.util.PeerProxyMap.getProxy(PeerProxyMap.java:107)
	at org.apache.ratis.grpc.client.GrpcClientRpc.sendRequestAsync(GrpcClientRpc.java:66)
	at org.apache.ratis.client.impl.OrderedAsync.sendRequest(OrderedAsync.java:208)
	at org.apache.ratis.client.impl.OrderedAsync.sendRequestWithRetry(OrderedAsync.java:169)
	at org.apache.ratis.util.SlidingWindow$Client.sendOrDelayRequest(SlidingWindow.java:278)
	at org.apache.ratis.util.SlidingWindow$Client.retry(SlidingWindow.java:294)
	at org.apache.ratis.client.impl.OrderedAsync.lambda$scheduleWithTimeout$7(OrderedAsync.java:195)
	at org.apache.ratis.util.TimeoutScheduler.lambda$onTimeout$0(TimeoutScheduler.java:85)
	at org.apache.ratis.util.TimeoutScheduler.lambda$onTimeout$1(TimeoutScheduler.java:104)
	at org.apache.ratis.util.LogUtils.runAndLog(LogUtils.java:50)
	at org.apache.ratis.util.LogUtils$1.run(LogUtils.java:91)
	at java.util.concurrent.Executors$RunnableAdapter.call(Executors.java:511)
	at java.util.concurrent.FutureTask.run(FutureTask.java:266)
	at java.util.concurrent.ScheduledThreadPoolExecutor$ScheduledFutureTask.access$201(ScheduledThreadPoolExecutor.java:180)
	at java.util.concurrent.ScheduledThreadPoolExecutor$ScheduledFutureTask.run(ScheduledThreadPoolExecutor.java:293)
	at java.util.concurrent.ThreadPoolExecutor.runWorker(ThreadPoolExecutor.java:1149)
	at java.util.concurrent.ThreadPoolExecutor$Worker.run(ThreadPoolExecutor.java:624)
	at java.lang.Thread.run(Thread.java:748)

Aug 28, 2019 6:33:48 AM org.apache.ratis.thirdparty.io.grpc.internal.ManagedChannelOrphanWrapper$ManagedChannelReference cleanQueue
SEVERE: *~*~*~ Channel ManagedChannelImpl{logId=2957, target=192.168.34.10:45328} was not shutdown properly!!! ~*~*~*
    Make sure to call shutdown()/shutdownNow() and wait until awaitTermination() returns true.
java.lang.RuntimeException: ManagedChannel allocation site
	at org.apache.ratis.thirdparty.io.grpc.internal.ManagedChannelOrphanWrapper$ManagedChannelReference.<init>(ManagedChannelOrphanWrapper.java:103)
	at org.apache.ratis.thirdparty.io.grpc.internal.ManagedChannelOrphanWrapper.<init>(ManagedChannelOrphanWrapper.java:53)
	at org.apache.ratis.thirdparty.io.grpc.internal.ManagedChannelOrphanWrapper.<init>(ManagedChannelOrphanWrapper.java:44)
	at org.apache.ratis.thirdparty.io.grpc.internal.AbstractManagedChannelImplBuilder.build(AbstractManagedChannelImplBuilder.java:411)
	at org.apache.ratis.grpc.client.GrpcClientProtocolClient.<init>(GrpcClientProtocolClient.java:119)
	at org.apache.ratis.grpc.client.GrpcClientRpc.lambda$new$0(GrpcClientRpc.java:55)
	at org.apache.ratis.util.PeerProxyMap$PeerAndProxy.lambda$getProxy$0(PeerProxyMap.java:61)
	at org.apache.ratis.util.LifeCycle.startAndTransition(LifeCycle.java:202)
	at org.apache.ratis.util.PeerProxyMap$PeerAndProxy.getProxy(PeerProxyMap.java:60)
	at org.apache.ratis.util.PeerProxyMap.getProxy(PeerProxyMap.java:107)
	at org.apache.ratis.grpc.client.GrpcClientRpc.sendRequestAsync(GrpcClientRpc.java:66)
	at org.apache.ratis.client.impl.OrderedAsync.sendRequest(OrderedAsync.java:208)
	at org.apache.ratis.client.impl.OrderedAsync.sendRequestWithRetry(OrderedAsync.java:169)
	at org.apache.ratis.util.SlidingWindow$Client.sendOrDelayRequest(SlidingWindow.java:278)
	at org.apache.ratis.util.SlidingWindow$Client.submitNewRequest(SlidingWindow.java:257)
	at org.apache.ratis.client.impl.OrderedAsync.send(OrderedAsync.java:155)
	at org.apache.ratis.client.impl.RaftClientImpl.sendAsync(RaftClientImpl.java:145)
	at org.apache.ratis.client.impl.RaftClientImpl.sendAsync(RaftClientImpl.java:125)
	at org.apache.hadoop.hdds.scm.XceiverClientRatis.sendRequestAsync(XceiverClientRatis.java:224)
	at org.apache.hadoop.hdds.scm.XceiverClientRatis.sendCommandAsync(XceiverClientRatis.java:302)
	at org.apache.hadoop.hdds.scm.storage.ContainerProtocolCalls.writeChunkAsync(ContainerProtocolCalls.java:310)
	at org.apache.hadoop.hdds.scm.storage.BlockOutputStream.writeChunkToContainer(BlockOutputStream.java:601)
	at org.apache.hadoop.hdds.scm.storage.BlockOutputStream.writeChunk(BlockOutputStream.java:459)
	at org.apache.hadoop.hdds.scm.storage.BlockOutputStream.writeOnRetry(BlockOutputStream.java:285)
	at org.apache.hadoop.ozone.client.io.BlockOutputStreamEntry.writeOnRetry(BlockOutputStreamEntry.java:200)
	at org.apache.hadoop.ozone.client.io.KeyOutputStream.handleWrite(KeyOutputStream.java:209)
	at org.apache.hadoop.ozone.client.io.KeyOutputStream.handleRetry(KeyOutputStream.java:376)
	at org.apache.hadoop.ozone.client.io.KeyOutputStream.handleException(KeyOutputStream.java:325)
	at org.apache.hadoop.ozone.client.io.KeyOutputStream.handleFlushOrClose(KeyOutputStream.java:448)
	at org.apache.hadoop.ozone.client.io.KeyOutputStream.handleWrite(KeyOutputStream.java:235)
	at org.apache.hadoop.ozone.client.io.KeyOutputStream.write(KeyOutputStream.java:193)
	at org.apache.hadoop.ozone.client.io.OzoneOutputStream.write(OzoneOutputStream.java:49)
	at java.io.OutputStream.write(OutputStream.java:75)
	at org.apache.hadoop.ozone.client.rpc.TestBlockOutputStreamWithFailures.testWatchForCommitWithSingleNodeRatis(TestBlockOutputStreamWithFailures.java:885)
	at sun.reflect.NativeMethodAccessorImpl.invoke0(Native Method)
	at sun.reflect.NativeMethodAccessorImpl.invoke(NativeMethodAccessorImpl.java:62)
	at sun.reflect.DelegatingMethodAccessorImpl.invoke(DelegatingMethodAccessorImpl.java:43)
	at java.lang.reflect.Method.invoke(Method.java:498)
	at org.junit.runners.model.FrameworkMethod$1.runReflectiveCall(FrameworkMethod.java:47)
	at org.junit.internal.runners.model.ReflectiveCallable.run(ReflectiveCallable.java:12)
	at org.junit.runners.model.FrameworkMethod.invokeExplosively(FrameworkMethod.java:44)
	at org.junit.internal.runners.statements.InvokeMethod.evaluate(InvokeMethod.java:17)
	at org.junit.internal.runners.statements.RunBefores.evaluate(RunBefores.java:26)
	at org.junit.internal.runners.statements.RunAfters.evaluate(RunAfters.java:27)
	at org.junit.runners.ParentRunner.runLeaf(ParentRunner.java:271)
	at org.junit.runners.BlockJUnit4ClassRunner.runChild(BlockJUnit4ClassRunner.java:70)
	at org.junit.runners.BlockJUnit4ClassRunner.runChild(BlockJUnit4ClassRunner.java:50)
	at org.junit.runners.ParentRunner$3.run(ParentRunner.java:238)
	at org.junit.runners.ParentRunner$1.schedule(ParentRunner.java:63)
	at org.junit.runners.ParentRunner.runChildren(ParentRunner.java:236)
	at org.junit.runners.ParentRunner.access$000(ParentRunner.java:53)
	at org.junit.runners.ParentRunner$2.evaluate(ParentRunner.java:229)
	at org.junit.runners.ParentRunner.run(ParentRunner.java:309)
	at org.apache.maven.surefire.junit4.JUnit4Provider.execute(JUnit4Provider.java:365)
	at org.apache.maven.surefire.junit4.JUnit4Provider.executeWithRerun(JUnit4Provider.java:273)
	at org.apache.maven.surefire.junit4.JUnit4Provider.executeTestSet(JUnit4Provider.java:238)
	at org.apache.maven.surefire.junit4.JUnit4Provider.invoke(JUnit4Provider.java:159)
	at org.apache.maven.surefire.booter.ForkedBooter.invokeProviderInSameClassLoader(ForkedBooter.java:384)
	at org.apache.maven.surefire.booter.ForkedBooter.runSuitesInProcess(ForkedBooter.java:345)
	at org.apache.maven.surefire.booter.ForkedBooter.execute(ForkedBooter.java:126)
	at org.apache.maven.surefire.booter.ForkedBooter.main(ForkedBooter.java:418)

Aug 28, 2019 6:33:48 AM org.apache.ratis.thirdparty.io.grpc.internal.ManagedChannelOrphanWrapper$ManagedChannelReference cleanQueue
SEVERE: *~*~*~ Channel ManagedChannelImpl{logId=2684, target=192.168.34.10:38988} was not shutdown properly!!! ~*~*~*
    Make sure to call shutdown()/shutdownNow() and wait until awaitTermination() returns true.
java.lang.RuntimeException: ManagedChannel allocation site
	at org.apache.ratis.thirdparty.io.grpc.internal.ManagedChannelOrphanWrapper$ManagedChannelReference.<init>(ManagedChannelOrphanWrapper.java:103)
	at org.apache.ratis.thirdparty.io.grpc.internal.ManagedChannelOrphanWrapper.<init>(ManagedChannelOrphanWrapper.java:53)
	at org.apache.ratis.thirdparty.io.grpc.internal.ManagedChannelOrphanWrapper.<init>(ManagedChannelOrphanWrapper.java:44)
	at org.apache.ratis.thirdparty.io.grpc.internal.AbstractManagedChannelImplBuilder.build(AbstractManagedChannelImplBuilder.java:411)
	at org.apache.ratis.grpc.client.GrpcClientProtocolClient.<init>(GrpcClientProtocolClient.java:119)
	at org.apache.ratis.grpc.client.GrpcClientRpc.lambda$new$0(GrpcClientRpc.java:55)
	at org.apache.ratis.util.PeerProxyMap$PeerAndProxy.lambda$getProxy$0(PeerProxyMap.java:61)
	at org.apache.ratis.util.LifeCycle.startAndTransition(LifeCycle.java:202)
	at org.apache.ratis.util.PeerProxyMap$PeerAndProxy.getProxy(PeerProxyMap.java:60)
	at org.apache.ratis.util.PeerProxyMap.getProxy(PeerProxyMap.java:107)
	at org.apache.ratis.grpc.client.GrpcClientRpc.sendRequestAsync(GrpcClientRpc.java:66)
	at org.apache.ratis.client.impl.OrderedAsync.sendRequest(OrderedAsync.java:208)
	at org.apache.ratis.client.impl.OrderedAsync.sendRequestWithRetry(OrderedAsync.java:169)
	at org.apache.ratis.util.SlidingWindow$Client.sendOrDelayRequest(SlidingWindow.java:278)
	at org.apache.ratis.util.SlidingWindow$Client.retry(SlidingWindow.java:294)
	at org.apache.ratis.client.impl.OrderedAsync.lambda$scheduleWithTimeout$7(OrderedAsync.java:195)
	at org.apache.ratis.util.TimeoutScheduler.lambda$onTimeout$0(TimeoutScheduler.java:85)
	at org.apache.ratis.util.TimeoutScheduler.lambda$onTimeout$1(TimeoutScheduler.java:104)
	at org.apache.ratis.util.LogUtils.runAndLog(LogUtils.java:50)
	at org.apache.ratis.util.LogUtils$1.run(LogUtils.java:91)
	at java.util.concurrent.Executors$RunnableAdapter.call(Executors.java:511)
	at java.util.concurrent.FutureTask.run(FutureTask.java:266)
	at java.util.concurrent.ScheduledThreadPoolExecutor$ScheduledFutureTask.access$201(ScheduledThreadPoolExecutor.java:180)
	at java.util.concurrent.ScheduledThreadPoolExecutor$ScheduledFutureTask.run(ScheduledThreadPoolExecutor.java:293)
	at java.util.concurrent.ThreadPoolExecutor.runWorker(ThreadPoolExecutor.java:1149)
	at java.util.concurrent.ThreadPoolExecutor$Worker.run(ThreadPoolExecutor.java:624)
	at java.lang.Thread.run(Thread.java:748)

Aug 28, 2019 6:33:48 AM org.apache.ratis.thirdparty.io.grpc.internal.ManagedChannelOrphanWrapper$ManagedChannelReference cleanQueue
SEVERE: *~*~*~ Channel ManagedChannelImpl{logId=2962, target=192.168.34.10:39316} was not shutdown properly!!! ~*~*~*
    Make sure to call shutdown()/shutdownNow() and wait until awaitTermination() returns true.
java.lang.RuntimeException: ManagedChannel allocation site
	at org.apache.ratis.thirdparty.io.grpc.internal.ManagedChannelOrphanWrapper$ManagedChannelReference.<init>(ManagedChannelOrphanWrapper.java:103)
	at org.apache.ratis.thirdparty.io.grpc.internal.ManagedChannelOrphanWrapper.<init>(ManagedChannelOrphanWrapper.java:53)
	at org.apache.ratis.thirdparty.io.grpc.internal.ManagedChannelOrphanWrapper.<init>(ManagedChannelOrphanWrapper.java:44)
	at org.apache.ratis.thirdparty.io.grpc.internal.AbstractManagedChannelImplBuilder.build(AbstractManagedChannelImplBuilder.java:411)
	at org.apache.hadoop.hdds.scm.XceiverClientGrpc.connectToDatanode(XceiverClientGrpc.java:174)
	at org.apache.hadoop.hdds.scm.XceiverClientGrpc.reconnect(XceiverClientGrpc.java:422)
	at org.apache.hadoop.hdds.scm.XceiverClientGrpc.sendCommandAsync(XceiverClientGrpc.java:371)
	at org.apache.hadoop.hdds.scm.XceiverClientGrpc.sendCommandWithRetry(XceiverClientGrpc.java:284)
	at org.apache.hadoop.hdds.scm.XceiverClientGrpc.sendCommandWithTraceIDAndRetry(XceiverClientGrpc.java:250)
	at org.apache.hadoop.hdds.scm.XceiverClientGrpc.sendCommand(XceiverClientGrpc.java:233)
	at org.apache.hadoop.hdds.scm.storage.ContainerProtocolCalls.getBlock(ContainerProtocolCalls.java:118)
	at org.apache.hadoop.hdds.scm.storage.BlockInputStream.getChunkInfos(BlockInputStream.java:167)
	at org.apache.hadoop.hdds.scm.storage.BlockInputStream.initialize(BlockInputStream.java:118)
	at org.apache.hadoop.hdds.scm.storage.BlockInputStream.read(BlockInputStream.java:222)
	at org.apache.hadoop.ozone.client.io.KeyInputStream.read(KeyInputStream.java:171)
	at org.apache.hadoop.ozone.client.io.OzoneInputStream.read(OzoneInputStream.java:47)
	at java.io.InputStream.read(InputStream.java:101)
	at org.apache.hadoop.ozone.container.ContainerTestHelper.validateData(ContainerTestHelper.java:713)
	at org.apache.hadoop.ozone.client.rpc.TestBlockOutputStreamWithFailures.validateData(TestBlockOutputStreamWithFailures.java:1216)
	at org.apache.hadoop.ozone.client.rpc.TestBlockOutputStreamWithFailures.testWatchForCommitWithSingleNodeRatis(TestBlockOutputStreamWithFailures.java:918)
	at sun.reflect.NativeMethodAccessorImpl.invoke0(Native Method)
	at sun.reflect.NativeMethodAccessorImpl.invoke(NativeMethodAccessorImpl.java:62)
	at sun.reflect.DelegatingMethodAccessorImpl.invoke(DelegatingMethodAccessorImpl.java:43)
	at java.lang.reflect.Method.invoke(Method.java:498)
	at org.junit.runners.model.FrameworkMethod$1.runReflectiveCall(FrameworkMethod.java:47)
	at org.junit.internal.runners.model.ReflectiveCallable.run(ReflectiveCallable.java:12)
	at org.junit.runners.model.FrameworkMethod.invokeExplosively(FrameworkMethod.java:44)
	at org.junit.internal.runners.statements.InvokeMethod.evaluate(InvokeMethod.java:17)
	at org.junit.internal.runners.statements.RunBefores.evaluate(RunBefores.java:26)
	at org.junit.internal.runners.statements.RunAfters.evaluate(RunAfters.java:27)
	at org.junit.runners.ParentRunner.runLeaf(ParentRunner.java:271)
	at org.junit.runners.BlockJUnit4ClassRunner.runChild(BlockJUnit4ClassRunner.java:70)
	at org.junit.runners.BlockJUnit4ClassRunner.runChild(BlockJUnit4ClassRunner.java:50)
	at org.junit.runners.ParentRunner$3.run(ParentRunner.java:238)
	at org.junit.runners.ParentRunner$1.schedule(ParentRunner.java:63)
	at org.junit.runners.ParentRunner.runChildren(ParentRunner.java:236)
	at org.junit.runners.ParentRunner.access$000(ParentRunner.java:53)
	at org.junit.runners.ParentRunner$2.evaluate(ParentRunner.java:229)
	at org.junit.runners.ParentRunner.run(ParentRunner.java:309)
	at org.apache.maven.surefire.junit4.JUnit4Provider.execute(JUnit4Provider.java:365)
	at org.apache.maven.surefire.junit4.JUnit4Provider.executeWithRerun(JUnit4Provider.java:273)
	at org.apache.maven.surefire.junit4.JUnit4Provider.executeTestSet(JUnit4Provider.java:238)
	at org.apache.maven.surefire.junit4.JUnit4Provider.invoke(JUnit4Provider.java:159)
	at org.apache.maven.surefire.booter.ForkedBooter.invokeProviderInSameClassLoader(ForkedBooter.java:384)
	at org.apache.maven.surefire.booter.ForkedBooter.runSuitesInProcess(ForkedBooter.java:345)
	at org.apache.maven.surefire.booter.ForkedBooter.execute(ForkedBooter.java:126)
	at org.apache.maven.surefire.booter.ForkedBooter.main(ForkedBooter.java:418)

Aug 28, 2019 6:33:48 AM org.apache.ratis.thirdparty.io.grpc.internal.ManagedChannelOrphanWrapper$ManagedChannelReference cleanQueue
SEVERE: *~*~*~ Channel ManagedChannelImpl{logId=2718, target=192.168.34.10:36973} was not shutdown properly!!! ~*~*~*
    Make sure to call shutdown()/shutdownNow() and wait until awaitTermination() returns true.
java.lang.RuntimeException: ManagedChannel allocation site
	at org.apache.ratis.thirdparty.io.grpc.internal.ManagedChannelOrphanWrapper$ManagedChannelReference.<init>(ManagedChannelOrphanWrapper.java:103)
	at org.apache.ratis.thirdparty.io.grpc.internal.ManagedChannelOrphanWrapper.<init>(ManagedChannelOrphanWrapper.java:53)
	at org.apache.ratis.thirdparty.io.grpc.internal.ManagedChannelOrphanWrapper.<init>(ManagedChannelOrphanWrapper.java:44)
	at org.apache.ratis.thirdparty.io.grpc.internal.AbstractManagedChannelImplBuilder.build(AbstractManagedChannelImplBuilder.java:411)
	at org.apache.hadoop.hdds.scm.XceiverClientGrpc.connectToDatanode(XceiverClientGrpc.java:174)
	at org.apache.hadoop.hdds.scm.XceiverClientGrpc.reconnect(XceiverClientGrpc.java:422)
	at org.apache.hadoop.hdds.scm.XceiverClientGrpc.sendCommandAsync(XceiverClientGrpc.java:371)
	at org.apache.hadoop.hdds.scm.XceiverClientGrpc.sendCommandWithRetry(XceiverClientGrpc.java:284)
	at org.apache.hadoop.hdds.scm.XceiverClientGrpc.sendCommandWithTraceIDAndRetry(XceiverClientGrpc.java:250)
	at org.apache.hadoop.hdds.scm.XceiverClientGrpc.sendCommand(XceiverClientGrpc.java:233)
	at org.apache.hadoop.hdds.scm.storage.ContainerProtocolCalls.getBlock(ContainerProtocolCalls.java:118)
	at org.apache.hadoop.hdds.scm.storage.BlockInputStream.getChunkInfos(BlockInputStream.java:167)
	at org.apache.hadoop.hdds.scm.storage.BlockInputStream.initialize(BlockInputStream.java:118)
	at org.apache.hadoop.hdds.scm.storage.BlockInputStream.read(BlockInputStream.java:222)
	at org.apache.hadoop.ozone.client.io.KeyInputStream.read(KeyInputStream.java:171)
	at org.apache.hadoop.ozone.client.io.OzoneInputStream.read(OzoneInputStream.java:47)
	at java.io.InputStream.read(InputStream.java:101)
	at org.apache.hadoop.ozone.container.ContainerTestHelper.validateData(ContainerTestHelper.java:713)
	at org.apache.hadoop.ozone.client.rpc.TestBlockOutputStreamWithFailures.validateData(TestBlockOutputStreamWithFailures.java:1216)
	at org.apache.hadoop.ozone.client.rpc.TestBlockOutputStreamWithFailures.testDatanodeFailureWithSingleNodeRatis(TestBlockOutputStreamWithFailures.java:1058)
	at sun.reflect.NativeMethodAccessorImpl.invoke0(Native Method)
	at sun.reflect.NativeMethodAccessorImpl.invoke(NativeMethodAccessorImpl.java:62)
	at sun.reflect.DelegatingMethodAccessorImpl.invoke(DelegatingMethodAccessorImpl.java:43)
	at java.lang.reflect.Method.invoke(Method.java:498)
	at org.junit.runners.model.FrameworkMethod$1.runReflectiveCall(FrameworkMethod.java:47)
	at org.junit.internal.runners.model.ReflectiveCallable.run(ReflectiveCallable.java:12)
	at org.junit.runners.model.FrameworkMethod.invokeExplosively(FrameworkMethod.java:44)
	at org.junit.internal.runners.statements.InvokeMethod.evaluate(InvokeMethod.java:17)
	at org.junit.internal.runners.statements.RunBefores.evaluate(RunBefores.java:26)
	at org.junit.internal.runners.statements.RunAfters.evaluate(RunAfters.java:27)
	at org.junit.runners.ParentRunner.runLeaf(ParentRunner.java:271)
	at org.junit.runners.BlockJUnit4ClassRunner.runChild(BlockJUnit4ClassRunner.java:70)
	at org.junit.runners.BlockJUnit4ClassRunner.runChild(BlockJUnit4ClassRunner.java:50)
	at org.junit.runners.ParentRunner$3.run(ParentRunner.java:238)
	at org.junit.runners.ParentRunner$1.schedule(ParentRunner.java:63)
	at org.junit.runners.ParentRunner.runChildren(ParentRunner.java:236)
	at org.junit.runners.ParentRunner.access$000(ParentRunner.java:53)
	at org.junit.runners.ParentRunner$2.evaluate(ParentRunner.java:229)
	at org.junit.runners.ParentRunner.run(ParentRunner.java:309)
	at org.apache.maven.surefire.junit4.JUnit4Provider.execute(JUnit4Provider.java:365)
	at org.apache.maven.surefire.junit4.JUnit4Provider.executeWithRerun(JUnit4Provider.java:273)
	at org.apache.maven.surefire.junit4.JUnit4Provider.executeTestSet(JUnit4Provider.java:238)
	at org.apache.maven.surefire.junit4.JUnit4Provider.invoke(JUnit4Provider.java:159)
	at org.apache.maven.surefire.booter.ForkedBooter.invokeProviderInSameClassLoader(ForkedBooter.java:384)
	at org.apache.maven.surefire.booter.ForkedBooter.runSuitesInProcess(ForkedBooter.java:345)
	at org.apache.maven.surefire.booter.ForkedBooter.execute(ForkedBooter.java:126)
	at org.apache.maven.surefire.booter.ForkedBooter.main(ForkedBooter.java:418)

Aug 28, 2019 6:33:48 AM org.apache.ratis.thirdparty.io.grpc.internal.ManagedChannelOrphanWrapper$ManagedChannelReference cleanQueue
SEVERE: *~*~*~ Channel ManagedChannelImpl{logId=2723, target=192.168.34.10:42991} was not shutdown properly!!! ~*~*~*
    Make sure to call shutdown()/shutdownNow() and wait until awaitTermination() returns true.
java.lang.RuntimeException: ManagedChannel allocation site
	at org.apache.ratis.thirdparty.io.grpc.internal.ManagedChannelOrphanWrapper$ManagedChannelReference.<init>(ManagedChannelOrphanWrapper.java:103)
	at org.apache.ratis.thirdparty.io.grpc.internal.ManagedChannelOrphanWrapper.<init>(ManagedChannelOrphanWrapper.java:53)
	at org.apache.ratis.thirdparty.io.grpc.internal.ManagedChannelOrphanWrapper.<init>(ManagedChannelOrphanWrapper.java:44)
	at org.apache.ratis.thirdparty.io.grpc.internal.AbstractManagedChannelImplBuilder.build(AbstractManagedChannelImplBuilder.java:411)
	at org.apache.hadoop.hdds.scm.XceiverClientGrpc.connectToDatanode(XceiverClientGrpc.java:174)
	at org.apache.hadoop.hdds.scm.XceiverClientGrpc.reconnect(XceiverClientGrpc.java:422)
	at org.apache.hadoop.hdds.scm.XceiverClientGrpc.sendCommandAsync(XceiverClientGrpc.java:371)
	at org.apache.hadoop.hdds.scm.XceiverClientGrpc.sendCommandWithRetry(XceiverClientGrpc.java:284)
	at org.apache.hadoop.hdds.scm.XceiverClientGrpc.sendCommandWithTraceIDAndRetry(XceiverClientGrpc.java:250)
	at org.apache.hadoop.hdds.scm.XceiverClientGrpc.sendCommand(XceiverClientGrpc.java:233)
	at org.apache.hadoop.hdds.scm.storage.ContainerProtocolCalls.getBlock(ContainerProtocolCalls.java:118)
	at org.apache.hadoop.hdds.scm.storage.BlockInputStream.getChunkInfos(BlockInputStream.java:167)
	at org.apache.hadoop.hdds.scm.storage.BlockInputStream.initialize(BlockInputStream.java:118)
	at org.apache.hadoop.hdds.scm.storage.BlockInputStream.read(BlockInputStream.java:222)
	at org.apache.hadoop.ozone.client.io.KeyInputStream.read(KeyInputStream.java:171)
	at org.apache.hadoop.ozone.client.io.OzoneInputStream.read(OzoneInputStream.java:47)
	at java.io.InputStream.read(InputStream.java:101)
	at org.apache.hadoop.ozone.container.ContainerTestHelper.validateData(ContainerTestHelper.java:713)
	at org.apache.hadoop.ozone.client.rpc.TestBlockOutputStreamWithFailures.validateData(TestBlockOutputStreamWithFailures.java:1216)
	at org.apache.hadoop.ozone.client.rpc.TestBlockOutputStreamWithFailures.testDatanodeFailureWithSingleNodeRatis(TestBlockOutputStreamWithFailures.java:1058)
	at sun.reflect.NativeMethodAccessorImpl.invoke0(Native Method)
	at sun.reflect.NativeMethodAccessorImpl.invoke(NativeMethodAccessorImpl.java:62)
	at sun.reflect.DelegatingMethodAccessorImpl.invoke(DelegatingMethodAccessorImpl.java:43)
	at java.lang.reflect.Method.invoke(Method.java:498)
	at org.junit.runners.model.FrameworkMethod$1.runReflectiveCall(FrameworkMethod.java:47)
	at org.junit.internal.runners.model.ReflectiveCallable.run(ReflectiveCallable.java:12)
	at org.junit.runners.model.FrameworkMethod.invokeExplosively(FrameworkMethod.java:44)
	at org.junit.internal.runners.statements.InvokeMethod.evaluate(InvokeMethod.java:17)
	at org.junit.internal.runners.statements.RunBefores.evaluate(RunBefores.java:26)
	at org.junit.internal.runners.statements.RunAfters.evaluate(RunAfters.java:27)
	at org.junit.runners.ParentRunner.runLeaf(ParentRunner.java:271)
	at org.junit.runners.BlockJUnit4ClassRunner.runChild(BlockJUnit4ClassRunner.java:70)
	at org.junit.runners.BlockJUnit4ClassRunner.runChild(BlockJUnit4ClassRunner.java:50)
	at org.junit.runners.ParentRunner$3.run(ParentRunner.java:238)
	at org.junit.runners.ParentRunner$1.schedule(ParentRunner.java:63)
	at org.junit.runners.ParentRunner.runChildren(ParentRunner.java:236)
	at org.junit.runners.ParentRunner.access$000(ParentRunner.java:53)
	at org.junit.runners.ParentRunner$2.evaluate(ParentRunner.java:229)
	at org.junit.runners.ParentRunner.run(ParentRunner.java:309)
	at org.apache.maven.surefire.junit4.JUnit4Provider.execute(JUnit4Provider.java:365)
	at org.apache.maven.surefire.junit4.JUnit4Provider.executeWithRerun(JUnit4Provider.java:273)
	at org.apache.maven.surefire.junit4.JUnit4Provider.executeTestSet(JUnit4Provider.java:238)
	at org.apache.maven.surefire.junit4.JUnit4Provider.invoke(JUnit4Provider.java:159)
	at org.apache.maven.surefire.booter.ForkedBooter.invokeProviderInSameClassLoader(ForkedBooter.java:384)
	at org.apache.maven.surefire.booter.ForkedBooter.runSuitesInProcess(ForkedBooter.java:345)
	at org.apache.maven.surefire.booter.ForkedBooter.execute(ForkedBooter.java:126)
	at org.apache.maven.surefire.booter.ForkedBooter.main(ForkedBooter.java:418)

Aug 28, 2019 6:33:48 AM org.apache.ratis.thirdparty.io.grpc.internal.ManagedChannelOrphanWrapper$ManagedChannelReference cleanQueue
SEVERE: *~*~*~ Channel ManagedChannelImpl{logId=2967, target=192.168.34.10:40172} was not shutdown properly!!! ~*~*~*
    Make sure to call shutdown()/shutdownNow() and wait until awaitTermination() returns true.
java.lang.RuntimeException: ManagedChannel allocation site
	at org.apache.ratis.thirdparty.io.grpc.internal.ManagedChannelOrphanWrapper$ManagedChannelReference.<init>(ManagedChannelOrphanWrapper.java:103)
	at org.apache.ratis.thirdparty.io.grpc.internal.ManagedChannelOrphanWrapper.<init>(ManagedChannelOrphanWrapper.java:53)
	at org.apache.ratis.thirdparty.io.grpc.internal.ManagedChannelOrphanWrapper.<init>(ManagedChannelOrphanWrapper.java:44)
	at org.apache.ratis.thirdparty.io.grpc.internal.AbstractManagedChannelImplBuilder.build(AbstractManagedChannelImplBuilder.java:411)
	at org.apache.hadoop.hdds.scm.XceiverClientGrpc.connectToDatanode(XceiverClientGrpc.java:174)
	at org.apache.hadoop.hdds.scm.XceiverClientGrpc.reconnect(XceiverClientGrpc.java:422)
	at org.apache.hadoop.hdds.scm.XceiverClientGrpc.sendCommandAsync(XceiverClientGrpc.java:371)
	at org.apache.hadoop.hdds.scm.XceiverClientGrpc.sendCommandWithRetry(XceiverClientGrpc.java:284)
	at org.apache.hadoop.hdds.scm.XceiverClientGrpc.sendCommandWithTraceIDAndRetry(XceiverClientGrpc.java:250)
	at org.apache.hadoop.hdds.scm.XceiverClientGrpc.sendCommand(XceiverClientGrpc.java:233)
	at org.apache.hadoop.hdds.scm.storage.ContainerProtocolCalls.getBlock(ContainerProtocolCalls.java:118)
	at org.apache.hadoop.hdds.scm.storage.BlockInputStream.getChunkInfos(BlockInputStream.java:167)
	at org.apache.hadoop.hdds.scm.storage.BlockInputStream.initialize(BlockInputStream.java:118)
	at org.apache.hadoop.hdds.scm.storage.BlockInputStream.read(BlockInputStream.java:222)
	at org.apache.hadoop.ozone.client.io.KeyInputStream.read(KeyInputStream.java:171)
	at org.apache.hadoop.ozone.client.io.OzoneInputStream.read(OzoneInputStream.java:47)
	at java.io.InputStream.read(InputStream.java:101)
	at org.apache.hadoop.ozone.container.ContainerTestHelper.validateData(ContainerTestHelper.java:713)
	at org.apache.hadoop.ozone.client.rpc.TestBlockOutputStreamWithFailures.validateData(TestBlockOutputStreamWithFailures.java:1216)
	at org.apache.hadoop.ozone.client.rpc.TestBlockOutputStreamWithFailures.testWatchForCommitWithSingleNodeRatis(TestBlockOutputStreamWithFailures.java:918)
	at sun.reflect.NativeMethodAccessorImpl.invoke0(Native Method)
	at sun.reflect.NativeMethodAccessorImpl.invoke(NativeMethodAccessorImpl.java:62)
	at sun.reflect.DelegatingMethodAccessorImpl.invoke(DelegatingMethodAccessorImpl.java:43)
	at java.lang.reflect.Method.invoke(Method.java:498)
	at org.junit.runners.model.FrameworkMethod$1.runReflectiveCall(FrameworkMethod.java:47)
	at org.junit.internal.runners.model.ReflectiveCallable.run(ReflectiveCallable.java:12)
	at org.junit.runners.model.FrameworkMethod.invokeExplosively(FrameworkMethod.java:44)
	at org.junit.internal.runners.statements.InvokeMethod.evaluate(InvokeMethod.java:17)
	at org.junit.internal.runners.statements.RunBefores.evaluate(RunBefores.java:26)
	at org.junit.internal.runners.statements.RunAfters.evaluate(RunAfters.java:27)
	at org.junit.runners.ParentRunner.runLeaf(ParentRunner.java:271)
	at org.junit.runners.BlockJUnit4ClassRunner.runChild(BlockJUnit4ClassRunner.java:70)
	at org.junit.runners.BlockJUnit4ClassRunner.runChild(BlockJUnit4ClassRunner.java:50)
	at org.junit.runners.ParentRunner$3.run(ParentRunner.java:238)
	at org.junit.runners.ParentRunner$1.schedule(ParentRunner.java:63)
	at org.junit.runners.ParentRunner.runChildren(ParentRunner.java:236)
	at org.junit.runners.ParentRunner.access$000(ParentRunner.java:53)
	at org.junit.runners.ParentRunner$2.evaluate(ParentRunner.java:229)
	at org.junit.runners.ParentRunner.run(ParentRunner.java:309)
	at org.apache.maven.surefire.junit4.JUnit4Provider.execute(JUnit4Provider.java:365)
	at org.apache.maven.surefire.junit4.JUnit4Provider.executeWithRerun(JUnit4Provider.java:273)
	at org.apache.maven.surefire.junit4.JUnit4Provider.executeTestSet(JUnit4Provider.java:238)
	at org.apache.maven.surefire.junit4.JUnit4Provider.invoke(JUnit4Provider.java:159)
	at org.apache.maven.surefire.booter.ForkedBooter.invokeProviderInSameClassLoader(ForkedBooter.java:384)
	at org.apache.maven.surefire.booter.ForkedBooter.runSuitesInProcess(ForkedBooter.java:345)
	at org.apache.maven.surefire.booter.ForkedBooter.execute(ForkedBooter.java:126)
	at org.apache.maven.surefire.booter.ForkedBooter.main(ForkedBooter.java:418)

Aug 28, 2019 6:33:48 AM org.apache.ratis.thirdparty.io.grpc.internal.ManagedChannelOrphanWrapper$ManagedChannelReference cleanQueue
SEVERE: *~*~*~ Channel ManagedChannelImpl{logId=2688, target=192.168.34.10:44001} was not shutdown properly!!! ~*~*~*
    Make sure to call shutdown()/shutdownNow() and wait until awaitTermination() returns true.
java.lang.RuntimeException: ManagedChannel allocation site
	at org.apache.ratis.thirdparty.io.grpc.internal.ManagedChannelOrphanWrapper$ManagedChannelReference.<init>(ManagedChannelOrphanWrapper.java:103)
	at org.apache.ratis.thirdparty.io.grpc.internal.ManagedChannelOrphanWrapper.<init>(ManagedChannelOrphanWrapper.java:53)
	at org.apache.ratis.thirdparty.io.grpc.internal.ManagedChannelOrphanWrapper.<init>(ManagedChannelOrphanWrapper.java:44)
	at org.apache.ratis.thirdparty.io.grpc.internal.AbstractManagedChannelImplBuilder.build(AbstractManagedChannelImplBuilder.java:411)
	at org.apache.ratis.grpc.client.GrpcClientProtocolClient.<init>(GrpcClientProtocolClient.java:119)
	at org.apache.ratis.grpc.client.GrpcClientRpc.lambda$new$0(GrpcClientRpc.java:55)
	at org.apache.ratis.util.PeerProxyMap$PeerAndProxy.lambda$getProxy$0(PeerProxyMap.java:61)
	at org.apache.ratis.util.LifeCycle.startAndTransition(LifeCycle.java:202)
	at org.apache.ratis.util.PeerProxyMap$PeerAndProxy.getProxy(PeerProxyMap.java:60)
	at org.apache.ratis.util.PeerProxyMap.getProxy(PeerProxyMap.java:107)
	at org.apache.ratis.grpc.client.GrpcClientRpc.sendRequestAsync(GrpcClientRpc.java:66)
	at org.apache.ratis.client.impl.OrderedAsync.sendRequest(OrderedAsync.java:208)
	at org.apache.ratis.client.impl.OrderedAsync.sendRequestWithRetry(OrderedAsync.java:169)
	at org.apache.ratis.util.SlidingWindow$Client.sendOrDelayRequest(SlidingWindow.java:278)
	at org.apache.ratis.util.SlidingWindow$Client.submitNewRequest(SlidingWindow.java:257)
	at org.apache.ratis.client.impl.OrderedAsync.send(OrderedAsync.java:155)
	at org.apache.ratis.client.impl.RaftClientImpl.sendAsync(RaftClientImpl.java:145)
	at org.apache.ratis.client.impl.RaftClientImpl.sendAsync(RaftClientImpl.java:125)
	at org.apache.hadoop.hdds.scm.XceiverClientRatis.sendRequestAsync(XceiverClientRatis.java:224)
	at org.apache.hadoop.hdds.scm.XceiverClientRatis.sendCommandAsync(XceiverClientRatis.java:302)
	at org.apache.hadoop.hdds.scm.storage.ContainerProtocolCalls.writeChunkAsync(ContainerProtocolCalls.java:310)
	at org.apache.hadoop.hdds.scm.storage.BlockOutputStream.writeChunkToContainer(BlockOutputStream.java:601)
	at org.apache.hadoop.hdds.scm.storage.BlockOutputStream.writeChunk(BlockOutputStream.java:459)
	at org.apache.hadoop.hdds.scm.storage.BlockOutputStream.writeOnRetry(BlockOutputStream.java:285)
	at org.apache.hadoop.ozone.client.io.BlockOutputStreamEntry.writeOnRetry(BlockOutputStreamEntry.java:200)
	at org.apache.hadoop.ozone.client.io.KeyOutputStream.handleWrite(KeyOutputStream.java:209)
	at org.apache.hadoop.ozone.client.io.KeyOutputStream.handleRetry(KeyOutputStream.java:376)
	at org.apache.hadoop.ozone.client.io.KeyOutputStream.handleException(KeyOutputStream.java:325)
	at org.apache.hadoop.ozone.client.io.KeyOutputStream.handleFlushOrClose(KeyOutputStream.java:448)
	at org.apache.hadoop.ozone.client.io.KeyOutputStream.handleWrite(KeyOutputStream.java:235)
	at org.apache.hadoop.ozone.client.io.KeyOutputStream.write(KeyOutputStream.java:193)
	at org.apache.hadoop.ozone.client.io.OzoneOutputStream.write(OzoneOutputStream.java:49)
	at java.io.OutputStream.write(OutputStream.java:75)
	at org.apache.hadoop.ozone.client.rpc.TestBlockOutputStreamWithFailures.testDatanodeFailureWithSingleNodeRatis(TestBlockOutputStreamWithFailures.java:1021)
	at sun.reflect.NativeMethodAccessorImpl.invoke0(Native Method)
	at sun.reflect.NativeMethodAccessorImpl.invoke(NativeMethodAccessorImpl.java:62)
	at sun.reflect.DelegatingMethodAccessorImpl.invoke(DelegatingMethodAccessorImpl.java:43)
	at java.lang.reflect.Method.invoke(Method.java:498)
	at org.junit.runners.model.FrameworkMethod$1.runReflectiveCall(FrameworkMethod.java:47)
	at org.junit.internal.runners.model.ReflectiveCallable.run(ReflectiveCallable.java:12)
	at org.junit.runners.model.FrameworkMethod.invokeExplosively(FrameworkMethod.java:44)
	at org.junit.internal.runners.statements.InvokeMethod.evaluate(InvokeMethod.java:17)
	at org.junit.internal.runners.statements.RunBefores.evaluate(RunBefores.java:26)
	at org.junit.internal.runners.statements.RunAfters.evaluate(RunAfters.java:27)
	at org.junit.runners.ParentRunner.runLeaf(ParentRunner.java:271)
	at org.junit.runners.BlockJUnit4ClassRunner.runChild(BlockJUnit4ClassRunner.java:70)
	at org.junit.runners.BlockJUnit4ClassRunner.runChild(BlockJUnit4ClassRunner.java:50)
	at org.junit.runners.ParentRunner$3.run(ParentRunner.java:238)
	at org.junit.runners.ParentRunner$1.schedule(ParentRunner.java:63)
	at org.junit.runners.ParentRunner.runChildren(ParentRunner.java:236)
	at org.junit.runners.ParentRunner.access$000(ParentRunner.java:53)
	at org.junit.runners.ParentRunner$2.evaluate(ParentRunner.java:229)
	at org.junit.runners.ParentRunner.run(ParentRunner.java:309)
	at org.apache.maven.surefire.junit4.JUnit4Provider.execute(JUnit4Provider.java:365)
	at org.apache.maven.surefire.junit4.JUnit4Provider.executeWithRerun(JUnit4Provider.java:273)
	at org.apache.maven.surefire.junit4.JUnit4Provider.executeTestSet(JUnit4Provider.java:238)
	at org.apache.maven.surefire.junit4.JUnit4Provider.invoke(JUnit4Provider.java:159)
	at org.apache.maven.surefire.booter.ForkedBooter.invokeProviderInSameClassLoader(ForkedBooter.java:384)
	at org.apache.maven.surefire.booter.ForkedBooter.runSuitesInProcess(ForkedBooter.java:345)
	at org.apache.maven.surefire.booter.ForkedBooter.execute(ForkedBooter.java:126)
	at org.apache.maven.surefire.booter.ForkedBooter.main(ForkedBooter.java:418)

]]></system-err>
  </testcase>
  <testcase name="testFailureWithPrimeSizedData" classname="org.apache.hadoop.ozone.client.rpc.TestBlockOutputStreamWithFailures" time="34.736"/>
  <testcase name="testWatchForCommitWithCloseContainerException" classname="org.apache.hadoop.ozone.client.rpc.TestBlockOutputStreamWithFailures" time="40.083"/>
  <testcase name="testExceptionDuringClose" classname="org.apache.hadoop.ozone.client.rpc.TestBlockOutputStreamWithFailures" time="34.695"/>
</testsuite>