<?xml version="1.0" encoding="UTF-8"?>
<testsuite xmlns:xsi="http://www.w3.org/2001/XMLSchema-instance" xsi:noNamespaceSchemaLocation="https://maven.apache.org/surefire/maven-surefire-plugin/xsd/surefire-test-report.xsd" name="org.apache.hadoop.ozone.container.common.statemachine.commandhandler.TestBlockDeletion" time="109.447" tests="1" errors="0" skipped="0" failures="1">
  <properties>
    <property name="awt.toolkit" value="sun.awt.X11.XToolkit"/>
    <property name="file.encoding.pkg" value="sun.io"/>
    <property name="java.specification.version" value="1.8"/>
    <property name="sun.cpu.isalist" value=""/>
    <property name="sun.jnu.encoding" value="UTF-8"/>
    <property name="java.class.path" value="/workdir/hadoop-ozone/integration-test/target/test-classes:/workdir/hadoop-ozone/integration-test/target/classes:/home/user/.m2/repository/org/apache/hadoop/hadoop-ozone-common/0.4.1-SNAPSHOT/hadoop-ozone-common-0.4.1-SNAPSHOT.jar:/home/user/.m2/repository/org/apache/commons/commons-compress/1.4.1/commons-compress-1.4.1.jar:/home/user/.m2/repository/org/tukaani/xz/1.0/xz-1.0.jar:/home/user/.m2/repository/org/apache/hadoop/hadoop-common/3.2.0/hadoop-common-3.2.0.jar:/home/user/.m2/repository/org/apache/hadoop/hadoop-hdfs/3.2.0/hadoop-hdfs-3.2.0.jar:/home/user/.m2/repository/org/apache/hadoop/hadoop-hdfs-client/3.2.0/hadoop-hdfs-client-3.2.0.jar:/home/user/.m2/repository/com/fasterxml/jackson/core/jackson-annotations/2.9.5/jackson-annotations-2.9.5.jar:/home/user/.m2/repository/org/apache/hadoop/hadoop-hdds-common/0.4.1-SNAPSHOT/hadoop-hdds-common-0.4.1-SNAPSHOT.jar:/home/user/.m2/repository/javax/annotation/javax.annotation-api/1.2/javax.annotation-api-1.2.jar:/home/user/.m2/repository/org/apache/ratis/ratis-server/0.4.0-2337318-SNAPSHOT/ratis-server-0.4.0-2337318-SNAPSHOT.jar:/home/user/.m2/repository/org/apache/ratis/ratis-thirdparty-misc/0.2.0/ratis-thirdparty-misc-0.2.0.jar:/home/user/.m2/repository/org/apache/ratis/ratis-proto/0.4.0-2337318-SNAPSHOT/ratis-proto-0.4.0-2337318-SNAPSHOT.jar:/home/user/.m2/repository/org/apache/ratis/ratis-common/0.4.0-2337318-SNAPSHOT/ratis-common-0.4.0-2337318-SNAPSHOT.jar:/home/user/.m2/repository/org/apache/ratis/ratis-client/0.4.0-2337318-SNAPSHOT/ratis-client-0.4.0-2337318-SNAPSHOT.jar:/home/user/.m2/repository/org/apache/ratis/ratis-metrics/0.4.0-2337318-SNAPSHOT/ratis-metrics-0.4.0-2337318-SNAPSHOT.jar:/home/user/.m2/repository/org/apache/ratis/ratis-netty/0.4.0-2337318-SNAPSHOT/ratis-netty-0.4.0-2337318-SNAPSHOT.jar:/home/user/.m2/repository/org/apache/ratis/ratis-grpc/0.4.0-2337318-SNAPSHOT/ratis-grpc-0.4.0-2337318-SNAPSHOT.jar:/home/user/.m2/repository/org/rocksdb/rocksdbjni/6.0.1/rocksdbjni-6.0.1.jar:/home/user/.m2/repository/org/apache/logging/log4j/log4j-api/2.11.0/log4j-api-2.11.0.jar:/home/user/.m2/repository/org/apache/logging/log4j/log4j-core/2.11.0/log4j-core-2.11.0.jar:/home/user/.m2/repository/com/lmax/disruptor/3.4.2/disruptor-3.4.2.jar:/home/user/.m2/repository/org/apache/commons/commons-pool2/2.6.0/commons-pool2-2.6.0.jar:/home/user/.m2/repository/org/bouncycastle/bcpkix-jdk15on/1.60/bcpkix-jdk15on-1.60.jar:/home/user/.m2/repository/commons-validator/commons-validator/1.6/commons-validator-1.6.jar:/home/user/.m2/repository/commons-digester/commons-digester/1.8.1/commons-digester-1.8.1.jar:/home/user/.m2/repository/io/jaegertracing/jaeger-client/0.33.1/jaeger-client-0.33.1.jar:/home/user/.m2/repository/io/jaegertracing/jaeger-thrift/0.33.1/jaeger-thrift-0.33.1.jar:/home/user/.m2/repository/org/apache/thrift/libthrift/0.11.0/libthrift-0.11.0.jar:/home/user/.m2/repository/com/squareup/okhttp3/okhttp/3.9.0/okhttp-3.9.0.jar:/home/user/.m2/repository/com/squareup/okio/okio/1.13.0/okio-1.13.0.jar:/home/user/.m2/repository/io/jaegertracing/jaeger-core/0.33.1/jaeger-core-0.33.1.jar:/home/user/.m2/repository/io/jaegertracing/jaeger-tracerresolver/0.33.1/jaeger-tracerresolver-0.33.1.jar:/home/user/.m2/repository/io/opentracing/contrib/opentracing-tracerresolver/0.1.5/opentracing-tracerresolver-0.1.5.jar:/home/user/.m2/repository/io/opentracing/opentracing-util/0.31.0/opentracing-util-0.31.0.jar:/home/user/.m2/repository/io/opentracing/opentracing-api/0.31.0/opentracing-api-0.31.0.jar:/home/user/.m2/repository/io/opentracing/opentracing-noop/0.31.0/opentracing-noop-0.31.0.jar:/home/user/.m2/repository/org/apache/hadoop/hadoop-hdds-server-framework/0.4.1-SNAPSHOT/hadoop-hdds-server-framework-0.4.1-SNAPSHOT.jar:/home/user/.m2/repository/org/apache/hadoop/hadoop-hdds-container-service/0.4.1-SNAPSHOT/hadoop-hdds-container-service-0.4.1-SNAPSHOT.jar:/home/user/.m2/repository/org/apache/hadoop/hadoop-hdds-client/0.4.1-SNAPSHOT/hadoop-hdds-client-0.4.1-SNAPSHOT.jar:/home/user/.m2/repository/org/apache/hadoop/hadoop-hdds-tools/0.4.1-SNAPSHOT/hadoop-hdds-tools-0.4.1-SNAPSHOT.jar:/home/user/.m2/repository/org/apache/hadoop/hadoop-hdds-server-scm/0.4.1-SNAPSHOT/hadoop-hdds-server-scm-0.4.1-SNAPSHOT.jar:/home/user/.m2/repository/org/apache/hadoop/hadoop-hdds-docs/0.4.1-SNAPSHOT/hadoop-hdds-docs-0.4.1-SNAPSHOT.jar:/home/user/.m2/repository/io/dropwizard/metrics/metrics-core/3.2.4/metrics-core-3.2.4.jar:/home/user/.m2/repository/org/hamcrest/hamcrest-all/1.3/hamcrest-all-1.3.jar:/home/user/.m2/repository/org/bouncycastle/bcprov-jdk15on/1.60/bcprov-jdk15on-1.60.jar:/home/user/.m2/repository/info/picocli/picocli/3.9.6/picocli-3.9.6.jar:/home/user/.m2/repository/com/google/protobuf/protobuf-java/2.5.0/protobuf-java-2.5.0.jar:/home/user/.m2/repository/com/google/guava/guava/11.0.2/guava-11.0.2.jar:/home/user/.m2/repository/org/apache/hadoop/hadoop-ozone-ozone-manager/0.4.1-SNAPSHOT/hadoop-ozone-ozone-manager-0.4.1-SNAPSHOT.jar:/home/user/.m2/repository/org/apache/hadoop/hadoop-minikdc/3.2.0/hadoop-minikdc-3.2.0.jar:/home/user/.m2/repository/commons-io/commons-io/2.5/commons-io-2.5.jar:/home/user/.m2/repository/org/apache/kerby/kerb-simplekdc/1.0.1/kerb-simplekdc-1.0.1.jar:/home/user/.m2/repository/org/apache/kerby/kerb-client/1.0.1/kerb-client-1.0.1.jar:/home/user/.m2/repository/org/apache/kerby/kerby-config/1.0.1/kerby-config-1.0.1.jar:/home/user/.m2/repository/org/apache/kerby/kerb-core/1.0.1/kerb-core-1.0.1.jar:/home/user/.m2/repository/org/apache/kerby/kerby-pkix/1.0.1/kerby-pkix-1.0.1.jar:/home/user/.m2/repository/org/apache/kerby/kerby-asn1/1.0.1/kerby-asn1-1.0.1.jar:/home/user/.m2/repository/org/apache/kerby/kerby-util/1.0.1/kerby-util-1.0.1.jar:/home/user/.m2/repository/org/apache/kerby/kerb-common/1.0.1/kerb-common-1.0.1.jar:/home/user/.m2/repository/org/apache/kerby/kerb-crypto/1.0.1/kerb-crypto-1.0.1.jar:/home/user/.m2/repository/org/apache/kerby/kerb-util/1.0.1/kerb-util-1.0.1.jar:/home/user/.m2/repository/org/apache/kerby/token-provider/1.0.1/token-provider-1.0.1.jar:/home/user/.m2/repository/org/apache/kerby/kerb-admin/1.0.1/kerb-admin-1.0.1.jar:/home/user/.m2/repository/org/apache/kerby/kerb-server/1.0.1/kerb-server-1.0.1.jar:/home/user/.m2/repository/org/apache/kerby/kerb-identity/1.0.1/kerb-identity-1.0.1.jar:/home/user/.m2/repository/org/apache/kerby/kerby-xdr/1.0.1/kerby-xdr-1.0.1.jar:/home/user/.m2/repository/org/slf4j/slf4j-log4j12/1.7.25/slf4j-log4j12-1.7.25.jar:/home/user/.m2/repository/org/apache/hadoop/hadoop-ozone-objectstore-service/0.4.1-SNAPSHOT/hadoop-ozone-objectstore-service-0.4.1-SNAPSHOT.jar:/home/user/.m2/repository/org/apache/hadoop/hadoop-ozone-s3gateway/0.4.1-SNAPSHOT/hadoop-ozone-s3gateway-0.4.1-SNAPSHOT.jar:/home/user/.m2/repository/org/jboss/weld/servlet/weld-servlet/2.4.7.Final/weld-servlet-2.4.7.Final.jar:/home/user/.m2/repository/org/glassfish/jersey/containers/jersey-container-servlet-core/2.27/jersey-container-servlet-core-2.27.jar:/home/user/.m2/repository/org/glassfish/hk2/external/javax.inject/2.5.0-b42/javax.inject-2.5.0-b42.jar:/home/user/.m2/repository/org/glassfish/jersey/core/jersey-common/2.27/jersey-common-2.27.jar:/home/user/.m2/repository/org/glassfish/hk2/osgi-resource-locator/1.0.1/osgi-resource-locator-1.0.1.jar:/home/user/.m2/repository/javax/ws/rs/javax.ws.rs-api/2.1/javax.ws.rs-api-2.1.jar:/home/user/.m2/repository/org/glassfish/jersey/ext/cdi/jersey-cdi1x/2.27/jersey-cdi1x-2.27.jar:/home/user/.m2/repository/org/glassfish/jersey/inject/jersey-hk2/2.27/jersey-hk2-2.27.jar:/home/user/.m2/repository/org/glassfish/hk2/hk2-locator/2.5.0-b42/hk2-locator-2.5.0-b42.jar:/home/user/.m2/repository/org/javassist/javassist/3.22.0-CR2/javassist-3.22.0-CR2.jar:/home/user/.m2/repository/org/glassfish/hk2/hk2-api/2.5.0/hk2-api-2.5.0.jar:/home/user/.m2/repository/org/glassfish/hk2/external/jakarta.inject/2.5.0/jakarta.inject-2.5.0.jar:/home/user/.m2/repository/org/glassfish/hk2/hk2-utils/2.5.0/hk2-utils-2.5.0.jar:/home/user/.m2/repository/jakarta/annotation/jakarta.annotation-api/1.3.4/jakarta.annotation-api-1.3.4.jar:/home/user/.m2/repository/org/glassfish/hk2/external/aopalliance-repackaged/2.5.0/aopalliance-repackaged-2.5.0.jar:/home/user/.m2/repository/com/fasterxml/jackson/dataformat/jackson-dataformat-xml/2.9.0/jackson-dataformat-xml-2.9.0.jar:/home/user/.m2/repository/com/fasterxml/jackson/core/jackson-core/2.9.5/jackson-core-2.9.5.jar:/home/user/.m2/repository/com/fasterxml/jackson/module/jackson-module-jaxb-annotations/2.9.5/jackson-module-jaxb-annotations-2.9.5.jar:/home/user/.m2/repository/javax/enterprise/cdi-api/1.2/cdi-api-1.2.jar:/home/user/.m2/repository/javax/el/javax.el-api/3.0.0/javax.el-api-3.0.0.jar:/home/user/.m2/repository/javax/interceptor/javax.interceptor-api/1.2/javax.interceptor-api-1.2.jar:/home/user/.m2/repository/javax/inject/javax.inject/1/javax.inject-1.jar:/home/user/.m2/repository/com/sun/xml/bind/jaxb-impl/2.3.0.1/jaxb-impl-2.3.0.1.jar:/home/user/.m2/repository/com/sun/xml/bind/jaxb-core/2.3.0.1/jaxb-core-2.3.0.1.jar:/home/user/.m2/repository/javax/xml/bind/jaxb-api/2.3.0/jaxb-api-2.3.0.jar:/home/user/.m2/repository/javax/activation/activation/1.1.1/activation-1.1.1.jar:/home/user/.m2/repository/org/apache/hadoop/hadoop-ozone-csi/0.4.1-SNAPSHOT/hadoop-ozone-csi-0.4.1-SNAPSHOT.jar:/home/user/.m2/repository/com/google/protobuf/protobuf-java-util/3.5.1/protobuf-java-util-3.5.1.jar:/home/user/.m2/repository/org/apache/hadoop/hadoop-hdds-config/0.4.1-SNAPSHOT/hadoop-hdds-config-0.4.1-SNAPSHOT.jar:/home/user/.m2/repository/io/grpc/grpc-netty/1.17.1/grpc-netty-1.17.1.jar:/home/user/.m2/repository/io/grpc/grpc-core/1.17.1/grpc-core-1.17.1.jar:/home/user/.m2/repository/io/grpc/grpc-context/1.17.1/grpc-context-1.17.1.jar:/home/user/.m2/repository/com/google/errorprone/error_prone_annotations/2.2.0/error_prone_annotations-2.2.0.jar:/home/user/.m2/repository/org/codehaus/mojo/animal-sniffer-annotations/1.17/animal-sniffer-annotations-1.17.jar:/home/user/.m2/repository/io/opencensus/opencensus-api/0.17.0/opencensus-api-0.17.0.jar:/home/user/.m2/repository/io/opencensus/opencensus-contrib-grpc-metrics/0.17.0/opencensus-contrib-grpc-metrics-0.17.0.jar:/home/user/.m2/repository/io/netty/netty-codec-http2/4.1.30.Final/netty-codec-http2-4.1.30.Final.jar:/home/user/.m2/repository/io/netty/netty-codec-http/4.1.30.Final/netty-codec-http-4.1.30.Final.jar:/home/user/.m2/repository/io/netty/netty-codec/4.1.30.Final/netty-codec-4.1.30.Final.jar:/home/user/.m2/repository/io/netty/netty-handler/4.1.30.Final/netty-handler-4.1.30.Final.jar:/home/user/.m2/repository/io/netty/netty-handler-proxy/4.1.30.Final/netty-handler-proxy-4.1.30.Final.jar:/home/user/.m2/repository/io/netty/netty-codec-socks/4.1.30.Final/netty-codec-socks-4.1.30.Final.jar:/home/user/.m2/repository/io/netty/netty-transport-native-epoll/4.1.30.Final/netty-transport-native-epoll-4.1.30.Final.jar:/home/user/.m2/repository/io/netty/netty-common/4.1.30.Final/netty-common-4.1.30.Final.jar:/home/user/.m2/repository/io/netty/netty-buffer/4.1.30.Final/netty-buffer-4.1.30.Final.jar:/home/user/.m2/repository/io/netty/netty-transport/4.1.30.Final/netty-transport-4.1.30.Final.jar:/home/user/.m2/repository/io/netty/netty-resolver/4.1.30.Final/netty-resolver-4.1.30.Final.jar:/home/user/.m2/repository/io/netty/netty-transport-native-unix-common/4.1.30.Final/netty-transport-native-unix-common-4.1.30.Final.jar:/home/user/.m2/repository/io/grpc/grpc-protobuf/1.17.1/grpc-protobuf-1.17.1.jar:/home/user/.m2/repository/com/google/api/grpc/proto-google-common-protos/1.0.0/proto-google-common-protos-1.0.0.jar:/home/user/.m2/repository/io/grpc/grpc-protobuf-lite/1.17.1/grpc-protobuf-lite-1.17.1.jar:/home/user/.m2/repository/io/grpc/grpc-stub/1.17.1/grpc-stub-1.17.1.jar:/home/user/.m2/repository/org/apache/hadoop/hadoop-ozone-recon/0.4.1-SNAPSHOT/hadoop-ozone-recon-0.4.1-SNAPSHOT.jar:/home/user/.m2/repository/org/apache/hadoop/hadoop-ozone-reconcodegen/0.4.1-SNAPSHOT/hadoop-ozone-reconcodegen-0.4.1-SNAPSHOT.jar:/home/user/.m2/repository/com/google/inject/extensions/guice-multibindings/4.0/guice-multibindings-4.0.jar:/home/user/.m2/repository/com/google/inject/guice/4.0/guice-4.0.jar:/home/user/.m2/repository/aopalliance/aopalliance/1.0/aopalliance-1.0.jar:/home/user/.m2/repository/com/google/inject/extensions/guice-servlet/4.0/guice-servlet-4.0.jar:/home/user/.m2/repository/org/glassfish/jersey/containers/jersey-container-servlet/2.27/jersey-container-servlet-2.27.jar:/home/user/.m2/repository/org/glassfish/hk2/guice-bridge/2.5.0/guice-bridge-2.5.0.jar:/home/user/.m2/repository/org/glassfish/jersey/core/jersey-server/2.27/jersey-server-2.27.jar:/home/user/.m2/repository/org/glassfish/jersey/core/jersey-client/2.27/jersey-client-2.27.jar:/home/user/.m2/repository/org/glassfish/jersey/media/jersey-media-jaxb/2.27/jersey-media-jaxb-2.27.jar:/home/user/.m2/repository/javax/validation/validation-api/1.1.0.Final/validation-api-1.1.0.Final.jar:/home/user/.m2/repository/org/glassfish/jersey/media/jersey-media-json-jackson/2.27/jersey-media-json-jackson-2.27.jar:/home/user/.m2/repository/org/glassfish/jersey/ext/jersey-entity-filtering/2.27/jersey-entity-filtering-2.27.jar:/home/user/.m2/repository/com/google/inject/extensions/guice-assistedinject/4.0/guice-assistedinject-4.0.jar:/home/user/.m2/repository/org/jooq/jooq/3.11.10/jooq-3.11.10.jar:/home/user/.m2/repository/org/jooq/jooq-meta/3.11.10/jooq-meta-3.11.10.jar:/home/user/.m2/repository/org/jooq/jooq-codegen/3.11.10/jooq-codegen-3.11.10.jar:/home/user/.m2/repository/com/jolbox/bonecp/0.8.0.RELEASE/bonecp-0.8.0.RELEASE.jar:/home/user/.m2/repository/org/xerial/sqlite-jdbc/3.25.2/sqlite-jdbc-3.25.2.jar:/home/user/.m2/repository/org/springframework/spring-jdbc/5.1.3.RELEASE/spring-jdbc-5.1.3.RELEASE.jar:/home/user/.m2/repository/org/springframework/spring-beans/5.1.3.RELEASE/spring-beans-5.1.3.RELEASE.jar:/home/user/.m2/repository/org/springframework/spring-core/5.1.3.RELEASE/spring-core-5.1.3.RELEASE.jar:/home/user/.m2/repository/org/springframework/spring-jcl/5.1.3.RELEASE/spring-jcl-5.1.3.RELEASE.jar:/home/user/.m2/repository/org/springframework/spring-tx/5.1.3.RELEASE/spring-tx-5.1.3.RELEASE.jar:/home/user/.m2/repository/org/apache/hadoop/hadoop-ozone-client/0.4.1-SNAPSHOT/hadoop-ozone-client-0.4.1-SNAPSHOT.jar:/home/user/.m2/repository/commons-lang/commons-lang/2.6/commons-lang-2.6.jar:/home/user/.m2/repository/org/apache/hadoop/hadoop-ozone-ozone-manager/0.4.1-SNAPSHOT/hadoop-ozone-ozone-manager-0.4.1-SNAPSHOT-tests.jar:/home/user/.m2/repository/junit/junit/4.11/junit-4.11.jar:/home/user/.m2/repository/org/hamcrest/hamcrest-core/1.3/hamcrest-core-1.3.jar:/home/user/.m2/repository/org/openjdk/jmh/jmh-core/1.19/jmh-core-1.19.jar:/home/user/.m2/repository/net/sf/jopt-simple/jopt-simple/4.6/jopt-simple-4.6.jar:/home/user/.m2/repository/org/apache/commons/commons-math3/3.1.1/commons-math3-3.1.1.jar:/home/user/.m2/repository/org/openjdk/jmh/jmh-generator-annprocess/1.19/jmh-generator-annprocess-1.19.jar:/home/user/.m2/repository/org/mockito/mockito-all/1.8.5/mockito-all-1.8.5.jar:/home/user/.m2/repository/org/apache/hadoop/hadoop-kms/3.2.0/hadoop-kms-3.2.0.jar:/home/user/.m2/repository/org/apache/hadoop/hadoop-auth/3.2.0/hadoop-auth-3.2.0.jar:/home/user/.m2/repository/com/nimbusds/nimbus-jose-jwt/4.41.1/nimbus-jose-jwt-4.41.1.jar:/home/user/.m2/repository/com/github/stephenc/jcip/jcip-annotations/1.0-1/jcip-annotations-1.0-1.jar:/home/user/.m2/repository/net/minidev/json-smart/2.3/json-smart-2.3.jar:/home/user/.m2/repository/net/minidev/accessors-smart/1.2/accessors-smart-1.2.jar:/home/user/.m2/repository/org/ow2/asm/asm/5.0.4/asm-5.0.4.jar:/home/user/.m2/repository/org/apache/curator/curator-framework/2.12.0/curator-framework-2.12.0.jar:/home/user/.m2/repository/com/sun/jersey/jersey-core/1.19/jersey-core-1.19.jar:/home/user/.m2/repository/javax/ws/rs/jsr311-api/1.1.1/jsr311-api-1.1.1.jar:/home/user/.m2/repository/com/sun/jersey/jersey-server/1.19/jersey-server-1.19.jar:/home/user/.m2/repository/javax/servlet/javax.servlet-api/3.1.0/javax.servlet-api-3.1.0.jar:/home/user/.m2/repository/org/eclipse/jetty/jetty-server/9.3.24.v20180605/jetty-server-9.3.24.v20180605.jar:/home/user/.m2/repository/org/eclipse/jetty/jetty-http/9.3.24.v20180605/jetty-http-9.3.24.v20180605.jar:/home/user/.m2/repository/org/eclipse/jetty/jetty-io/9.3.24.v20180605/jetty-io-9.3.24.v20180605.jar:/home/user/.m2/repository/org/eclipse/jetty/jetty-webapp/9.3.24.v20180605/jetty-webapp-9.3.24.v20180605.jar:/home/user/.m2/repository/org/eclipse/jetty/jetty-xml/9.3.24.v20180605/jetty-xml-9.3.24.v20180605.jar:/home/user/.m2/repository/log4j/log4j/1.2.17/log4j-1.2.17.jar:/home/user/.m2/repository/org/slf4j/slf4j-api/1.7.25/slf4j-api-1.7.25.jar:/home/user/.m2/repository/org/slf4j/jul-to-slf4j/1.7.25/jul-to-slf4j-1.7.25.jar:/home/user/.m2/repository/org/eclipse/jetty/jetty-util/9.3.24.v20180605/jetty-util-9.3.24.v20180605.jar:/home/user/.m2/repository/com/fasterxml/jackson/core/jackson-databind/2.9.5/jackson-databind-2.9.5.jar:/home/user/.m2/repository/org/apache/hadoop/hadoop-kms/3.2.0/hadoop-kms-3.2.0-tests.jar:/home/user/.m2/repository/org/apache/hadoop/hadoop-hdds-server-scm/0.4.1-SNAPSHOT/hadoop-hdds-server-scm-0.4.1-SNAPSHOT-tests.jar:/home/user/.m2/repository/org/apache/hadoop/hadoop-hdds-container-service/0.4.1-SNAPSHOT/hadoop-hdds-container-service-0.4.1-SNAPSHOT-tests.jar:/home/user/.m2/repository/org/yaml/snakeyaml/1.16/snakeyaml-1.16.jar:/home/user/.m2/repository/org/apache/hadoop/hadoop-common/3.2.0/hadoop-common-3.2.0-tests.jar:/home/user/.m2/repository/org/apache/hadoop/hadoop-annotations/3.2.0/hadoop-annotations-3.2.0.jar:/usr/lib/jvm/java-1.8-openjdk/jre/../lib/tools.jar:/home/user/.m2/repository/commons-cli/commons-cli/1.2/commons-cli-1.2.jar:/home/user/.m2/repository/org/apache/httpcomponents/httpclient/4.5.2/httpclient-4.5.2.jar:/home/user/.m2/repository/org/apache/httpcomponents/httpcore/4.4.4/httpcore-4.4.4.jar:/home/user/.m2/repository/commons-codec/commons-codec/1.11/commons-codec-1.11.jar:/home/user/.m2/repository/commons-net/commons-net/3.6/commons-net-3.6.jar:/home/user/.m2/repository/commons-collections/commons-collections/3.2.2/commons-collections-3.2.2.jar:/home/user/.m2/repository/org/eclipse/jetty/jetty-servlet/9.3.24.v20180605/jetty-servlet-9.3.24.v20180605.jar:/home/user/.m2/repository/org/eclipse/jetty/jetty-security/9.3.24.v20180605/jetty-security-9.3.24.v20180605.jar:/home/user/.m2/repository/javax/servlet/jsp/jsp-api/2.1/jsp-api-2.1.jar:/home/user/.m2/repository/com/sun/jersey/jersey-servlet/1.19/jersey-servlet-1.19.jar:/home/user/.m2/repository/com/sun/jersey/jersey-json/1.19/jersey-json-1.19.jar:/home/user/.m2/repository/org/codehaus/jettison/jettison/1.1/jettison-1.1.jar:/home/user/.m2/repository/org/codehaus/jackson/jackson-core-asl/1.9.13/jackson-core-asl-1.9.13.jar:/home/user/.m2/repository/org/codehaus/jackson/jackson-mapper-asl/1.9.13/jackson-mapper-asl-1.9.13.jar:/home/user/.m2/repository/org/codehaus/jackson/jackson-jaxrs/1.9.13/jackson-jaxrs-1.9.13.jar:/home/user/.m2/repository/org/codehaus/jackson/jackson-xc/1.9.13/jackson-xc-1.9.13.jar:/home/user/.m2/repository/commons-logging/commons-logging/1.1.3/commons-logging-1.1.3.jar:/home/user/.m2/repository/commons-beanutils/commons-beanutils/1.9.3/commons-beanutils-1.9.3.jar:/home/user/.m2/repository/org/apache/commons/commons-configuration2/2.1.1/commons-configuration2-2.1.1.jar:/home/user/.m2/repository/org/apache/commons/commons-lang3/3.7/commons-lang3-3.7.jar:/home/user/.m2/repository/org/apache/commons/commons-text/1.4/commons-text-1.4.jar:/home/user/.m2/repository/org/apache/avro/avro/1.7.7/avro-1.7.7.jar:/home/user/.m2/repository/com/thoughtworks/paranamer/paranamer/2.3/paranamer-2.3.jar:/home/user/.m2/repository/org/xerial/snappy/snappy-java/1.0.5/snappy-java-1.0.5.jar:/home/user/.m2/repository/com/google/re2j/re2j/1.1/re2j-1.1.jar:/home/user/.m2/repository/com/google/code/gson/gson/2.2.4/gson-2.2.4.jar:/home/user/.m2/repository/com/jcraft/jsch/0.1.54/jsch-0.1.54.jar:/home/user/.m2/repository/org/apache/curator/curator-client/2.12.0/curator-client-2.12.0.jar:/home/user/.m2/repository/org/apache/curator/curator-recipes/2.12.0/curator-recipes-2.12.0.jar:/home/user/.m2/repository/com/google/code/findbugs/jsr305/3.0.0/jsr305-3.0.0.jar:/home/user/.m2/repository/org/apache/htrace/htrace-core4/4.1.0-incubating/htrace-core4-4.1.0-incubating.jar:/home/user/.m2/repository/org/apache/zookeeper/zookeeper/3.4.13/zookeeper-3.4.13.jar:/home/user/.m2/repository/org/apache/yetus/audience-annotations/0.5.0/audience-annotations-0.5.0.jar:/home/user/.m2/repository/org/codehaus/woodstox/stax2-api/3.1.4/stax2-api-3.1.4.jar:/home/user/.m2/repository/com/fasterxml/woodstox/woodstox-core/5.0.3/woodstox-core-5.0.3.jar:/home/user/.m2/repository/dnsjava/dnsjava/2.1.7/dnsjava-2.1.7.jar:/home/user/.m2/repository/org/apache/hadoop/hadoop-hdfs/3.2.0/hadoop-hdfs-3.2.0-tests.jar:/home/user/.m2/repository/org/eclipse/jetty/jetty-util-ajax/9.3.24.v20180605/jetty-util-ajax-9.3.24.v20180605.jar:/home/user/.m2/repository/commons-daemon/commons-daemon/1.0.13/commons-daemon-1.0.13.jar:/home/user/.m2/repository/io/netty/netty/3.10.5.Final/netty-3.10.5.Final.jar:/home/user/.m2/repository/io/netty/netty-all/4.0.52.Final/netty-all-4.0.52.Final.jar:/home/user/.m2/repository/org/fusesource/leveldbjni/leveldbjni-all/1.8/leveldbjni-all-1.8.jar:"/>
    <property name="java.vm.vendor" value="IcedTea"/>
    <property name="sun.arch.data.model" value="64"/>
    <property name="test.build.dir" value="/workdir/hadoop-ozone/integration-test/target/test-dir"/>
    <property name="test.cache.data" value=""/>
    <property name="java.vendor.url" value="https://icedtea.classpath.org"/>
    <property name="user.timezone" value=""/>
    <property name="java.vm.specification.version" value="1.8"/>
    <property name="os.name" value="Linux"/>
    <property name="test.build.data" value="/workdir/hadoop-ozone/integration-test/target/test-dir"/>
    <property name="user.country" value="US"/>
    <property name="sun.java.launcher" value="SUN_STANDARD"/>
    <property name="sun.boot.library.path" value="/usr/lib/jvm/java-1.8-openjdk/jre/lib/amd64"/>
    <property name="sun.java.command" value="/workdir/hadoop-ozone/integration-test/target/surefire/surefirebooter5182557291301198153.jar /workdir/hadoop-ozone/integration-test/target/surefire 2019-08-05T03-13-02_549-jvmRun1 surefire6085485226941214366tmp surefire_894332785174520984280tmp"/>
    <property name="surefire.test.class.path" value="/workdir/hadoop-ozone/integration-test/target/test-classes:/workdir/hadoop-ozone/integration-test/target/classes:/home/user/.m2/repository/org/apache/hadoop/hadoop-ozone-common/0.4.1-SNAPSHOT/hadoop-ozone-common-0.4.1-SNAPSHOT.jar:/home/user/.m2/repository/org/apache/commons/commons-compress/1.4.1/commons-compress-1.4.1.jar:/home/user/.m2/repository/org/tukaani/xz/1.0/xz-1.0.jar:/home/user/.m2/repository/org/apache/hadoop/hadoop-common/3.2.0/hadoop-common-3.2.0.jar:/home/user/.m2/repository/org/apache/hadoop/hadoop-hdfs/3.2.0/hadoop-hdfs-3.2.0.jar:/home/user/.m2/repository/org/apache/hadoop/hadoop-hdfs-client/3.2.0/hadoop-hdfs-client-3.2.0.jar:/home/user/.m2/repository/com/fasterxml/jackson/core/jackson-annotations/2.9.5/jackson-annotations-2.9.5.jar:/home/user/.m2/repository/org/apache/hadoop/hadoop-hdds-common/0.4.1-SNAPSHOT/hadoop-hdds-common-0.4.1-SNAPSHOT.jar:/home/user/.m2/repository/javax/annotation/javax.annotation-api/1.2/javax.annotation-api-1.2.jar:/home/user/.m2/repository/org/apache/ratis/ratis-server/0.4.0-2337318-SNAPSHOT/ratis-server-0.4.0-2337318-SNAPSHOT.jar:/home/user/.m2/repository/org/apache/ratis/ratis-thirdparty-misc/0.2.0/ratis-thirdparty-misc-0.2.0.jar:/home/user/.m2/repository/org/apache/ratis/ratis-proto/0.4.0-2337318-SNAPSHOT/ratis-proto-0.4.0-2337318-SNAPSHOT.jar:/home/user/.m2/repository/org/apache/ratis/ratis-common/0.4.0-2337318-SNAPSHOT/ratis-common-0.4.0-2337318-SNAPSHOT.jar:/home/user/.m2/repository/org/apache/ratis/ratis-client/0.4.0-2337318-SNAPSHOT/ratis-client-0.4.0-2337318-SNAPSHOT.jar:/home/user/.m2/repository/org/apache/ratis/ratis-metrics/0.4.0-2337318-SNAPSHOT/ratis-metrics-0.4.0-2337318-SNAPSHOT.jar:/home/user/.m2/repository/org/apache/ratis/ratis-netty/0.4.0-2337318-SNAPSHOT/ratis-netty-0.4.0-2337318-SNAPSHOT.jar:/home/user/.m2/repository/org/apache/ratis/ratis-grpc/0.4.0-2337318-SNAPSHOT/ratis-grpc-0.4.0-2337318-SNAPSHOT.jar:/home/user/.m2/repository/org/rocksdb/rocksdbjni/6.0.1/rocksdbjni-6.0.1.jar:/home/user/.m2/repository/org/apache/logging/log4j/log4j-api/2.11.0/log4j-api-2.11.0.jar:/home/user/.m2/repository/org/apache/logging/log4j/log4j-core/2.11.0/log4j-core-2.11.0.jar:/home/user/.m2/repository/com/lmax/disruptor/3.4.2/disruptor-3.4.2.jar:/home/user/.m2/repository/org/apache/commons/commons-pool2/2.6.0/commons-pool2-2.6.0.jar:/home/user/.m2/repository/org/bouncycastle/bcpkix-jdk15on/1.60/bcpkix-jdk15on-1.60.jar:/home/user/.m2/repository/commons-validator/commons-validator/1.6/commons-validator-1.6.jar:/home/user/.m2/repository/commons-digester/commons-digester/1.8.1/commons-digester-1.8.1.jar:/home/user/.m2/repository/io/jaegertracing/jaeger-client/0.33.1/jaeger-client-0.33.1.jar:/home/user/.m2/repository/io/jaegertracing/jaeger-thrift/0.33.1/jaeger-thrift-0.33.1.jar:/home/user/.m2/repository/org/apache/thrift/libthrift/0.11.0/libthrift-0.11.0.jar:/home/user/.m2/repository/com/squareup/okhttp3/okhttp/3.9.0/okhttp-3.9.0.jar:/home/user/.m2/repository/com/squareup/okio/okio/1.13.0/okio-1.13.0.jar:/home/user/.m2/repository/io/jaegertracing/jaeger-core/0.33.1/jaeger-core-0.33.1.jar:/home/user/.m2/repository/io/jaegertracing/jaeger-tracerresolver/0.33.1/jaeger-tracerresolver-0.33.1.jar:/home/user/.m2/repository/io/opentracing/contrib/opentracing-tracerresolver/0.1.5/opentracing-tracerresolver-0.1.5.jar:/home/user/.m2/repository/io/opentracing/opentracing-util/0.31.0/opentracing-util-0.31.0.jar:/home/user/.m2/repository/io/opentracing/opentracing-api/0.31.0/opentracing-api-0.31.0.jar:/home/user/.m2/repository/io/opentracing/opentracing-noop/0.31.0/opentracing-noop-0.31.0.jar:/home/user/.m2/repository/org/apache/hadoop/hadoop-hdds-server-framework/0.4.1-SNAPSHOT/hadoop-hdds-server-framework-0.4.1-SNAPSHOT.jar:/home/user/.m2/repository/org/apache/hadoop/hadoop-hdds-container-service/0.4.1-SNAPSHOT/hadoop-hdds-container-service-0.4.1-SNAPSHOT.jar:/home/user/.m2/repository/org/apache/hadoop/hadoop-hdds-client/0.4.1-SNAPSHOT/hadoop-hdds-client-0.4.1-SNAPSHOT.jar:/home/user/.m2/repository/org/apache/hadoop/hadoop-hdds-tools/0.4.1-SNAPSHOT/hadoop-hdds-tools-0.4.1-SNAPSHOT.jar:/home/user/.m2/repository/org/apache/hadoop/hadoop-hdds-server-scm/0.4.1-SNAPSHOT/hadoop-hdds-server-scm-0.4.1-SNAPSHOT.jar:/home/user/.m2/repository/org/apache/hadoop/hadoop-hdds-docs/0.4.1-SNAPSHOT/hadoop-hdds-docs-0.4.1-SNAPSHOT.jar:/home/user/.m2/repository/io/dropwizard/metrics/metrics-core/3.2.4/metrics-core-3.2.4.jar:/home/user/.m2/repository/org/hamcrest/hamcrest-all/1.3/hamcrest-all-1.3.jar:/home/user/.m2/repository/org/bouncycastle/bcprov-jdk15on/1.60/bcprov-jdk15on-1.60.jar:/home/user/.m2/repository/info/picocli/picocli/3.9.6/picocli-3.9.6.jar:/home/user/.m2/repository/com/google/protobuf/protobuf-java/2.5.0/protobuf-java-2.5.0.jar:/home/user/.m2/repository/com/google/guava/guava/11.0.2/guava-11.0.2.jar:/home/user/.m2/repository/org/apache/hadoop/hadoop-ozone-ozone-manager/0.4.1-SNAPSHOT/hadoop-ozone-ozone-manager-0.4.1-SNAPSHOT.jar:/home/user/.m2/repository/org/apache/hadoop/hadoop-minikdc/3.2.0/hadoop-minikdc-3.2.0.jar:/home/user/.m2/repository/commons-io/commons-io/2.5/commons-io-2.5.jar:/home/user/.m2/repository/org/apache/kerby/kerb-simplekdc/1.0.1/kerb-simplekdc-1.0.1.jar:/home/user/.m2/repository/org/apache/kerby/kerb-client/1.0.1/kerb-client-1.0.1.jar:/home/user/.m2/repository/org/apache/kerby/kerby-config/1.0.1/kerby-config-1.0.1.jar:/home/user/.m2/repository/org/apache/kerby/kerb-core/1.0.1/kerb-core-1.0.1.jar:/home/user/.m2/repository/org/apache/kerby/kerby-pkix/1.0.1/kerby-pkix-1.0.1.jar:/home/user/.m2/repository/org/apache/kerby/kerby-asn1/1.0.1/kerby-asn1-1.0.1.jar:/home/user/.m2/repository/org/apache/kerby/kerby-util/1.0.1/kerby-util-1.0.1.jar:/home/user/.m2/repository/org/apache/kerby/kerb-common/1.0.1/kerb-common-1.0.1.jar:/home/user/.m2/repository/org/apache/kerby/kerb-crypto/1.0.1/kerb-crypto-1.0.1.jar:/home/user/.m2/repository/org/apache/kerby/kerb-util/1.0.1/kerb-util-1.0.1.jar:/home/user/.m2/repository/org/apache/kerby/token-provider/1.0.1/token-provider-1.0.1.jar:/home/user/.m2/repository/org/apache/kerby/kerb-admin/1.0.1/kerb-admin-1.0.1.jar:/home/user/.m2/repository/org/apache/kerby/kerb-server/1.0.1/kerb-server-1.0.1.jar:/home/user/.m2/repository/org/apache/kerby/kerb-identity/1.0.1/kerb-identity-1.0.1.jar:/home/user/.m2/repository/org/apache/kerby/kerby-xdr/1.0.1/kerby-xdr-1.0.1.jar:/home/user/.m2/repository/org/slf4j/slf4j-log4j12/1.7.25/slf4j-log4j12-1.7.25.jar:/home/user/.m2/repository/org/apache/hadoop/hadoop-ozone-objectstore-service/0.4.1-SNAPSHOT/hadoop-ozone-objectstore-service-0.4.1-SNAPSHOT.jar:/home/user/.m2/repository/org/apache/hadoop/hadoop-ozone-s3gateway/0.4.1-SNAPSHOT/hadoop-ozone-s3gateway-0.4.1-SNAPSHOT.jar:/home/user/.m2/repository/org/jboss/weld/servlet/weld-servlet/2.4.7.Final/weld-servlet-2.4.7.Final.jar:/home/user/.m2/repository/org/glassfish/jersey/containers/jersey-container-servlet-core/2.27/jersey-container-servlet-core-2.27.jar:/home/user/.m2/repository/org/glassfish/hk2/external/javax.inject/2.5.0-b42/javax.inject-2.5.0-b42.jar:/home/user/.m2/repository/org/glassfish/jersey/core/jersey-common/2.27/jersey-common-2.27.jar:/home/user/.m2/repository/org/glassfish/hk2/osgi-resource-locator/1.0.1/osgi-resource-locator-1.0.1.jar:/home/user/.m2/repository/javax/ws/rs/javax.ws.rs-api/2.1/javax.ws.rs-api-2.1.jar:/home/user/.m2/repository/org/glassfish/jersey/ext/cdi/jersey-cdi1x/2.27/jersey-cdi1x-2.27.jar:/home/user/.m2/repository/org/glassfish/jersey/inject/jersey-hk2/2.27/jersey-hk2-2.27.jar:/home/user/.m2/repository/org/glassfish/hk2/hk2-locator/2.5.0-b42/hk2-locator-2.5.0-b42.jar:/home/user/.m2/repository/org/javassist/javassist/3.22.0-CR2/javassist-3.22.0-CR2.jar:/home/user/.m2/repository/org/glassfish/hk2/hk2-api/2.5.0/hk2-api-2.5.0.jar:/home/user/.m2/repository/org/glassfish/hk2/external/jakarta.inject/2.5.0/jakarta.inject-2.5.0.jar:/home/user/.m2/repository/org/glassfish/hk2/hk2-utils/2.5.0/hk2-utils-2.5.0.jar:/home/user/.m2/repository/jakarta/annotation/jakarta.annotation-api/1.3.4/jakarta.annotation-api-1.3.4.jar:/home/user/.m2/repository/org/glassfish/hk2/external/aopalliance-repackaged/2.5.0/aopalliance-repackaged-2.5.0.jar:/home/user/.m2/repository/com/fasterxml/jackson/dataformat/jackson-dataformat-xml/2.9.0/jackson-dataformat-xml-2.9.0.jar:/home/user/.m2/repository/com/fasterxml/jackson/core/jackson-core/2.9.5/jackson-core-2.9.5.jar:/home/user/.m2/repository/com/fasterxml/jackson/module/jackson-module-jaxb-annotations/2.9.5/jackson-module-jaxb-annotations-2.9.5.jar:/home/user/.m2/repository/javax/enterprise/cdi-api/1.2/cdi-api-1.2.jar:/home/user/.m2/repository/javax/el/javax.el-api/3.0.0/javax.el-api-3.0.0.jar:/home/user/.m2/repository/javax/interceptor/javax.interceptor-api/1.2/javax.interceptor-api-1.2.jar:/home/user/.m2/repository/javax/inject/javax.inject/1/javax.inject-1.jar:/home/user/.m2/repository/com/sun/xml/bind/jaxb-impl/2.3.0.1/jaxb-impl-2.3.0.1.jar:/home/user/.m2/repository/com/sun/xml/bind/jaxb-core/2.3.0.1/jaxb-core-2.3.0.1.jar:/home/user/.m2/repository/javax/xml/bind/jaxb-api/2.3.0/jaxb-api-2.3.0.jar:/home/user/.m2/repository/javax/activation/activation/1.1.1/activation-1.1.1.jar:/home/user/.m2/repository/org/apache/hadoop/hadoop-ozone-csi/0.4.1-SNAPSHOT/hadoop-ozone-csi-0.4.1-SNAPSHOT.jar:/home/user/.m2/repository/com/google/protobuf/protobuf-java-util/3.5.1/protobuf-java-util-3.5.1.jar:/home/user/.m2/repository/org/apache/hadoop/hadoop-hdds-config/0.4.1-SNAPSHOT/hadoop-hdds-config-0.4.1-SNAPSHOT.jar:/home/user/.m2/repository/io/grpc/grpc-netty/1.17.1/grpc-netty-1.17.1.jar:/home/user/.m2/repository/io/grpc/grpc-core/1.17.1/grpc-core-1.17.1.jar:/home/user/.m2/repository/io/grpc/grpc-context/1.17.1/grpc-context-1.17.1.jar:/home/user/.m2/repository/com/google/errorprone/error_prone_annotations/2.2.0/error_prone_annotations-2.2.0.jar:/home/user/.m2/repository/org/codehaus/mojo/animal-sniffer-annotations/1.17/animal-sniffer-annotations-1.17.jar:/home/user/.m2/repository/io/opencensus/opencensus-api/0.17.0/opencensus-api-0.17.0.jar:/home/user/.m2/repository/io/opencensus/opencensus-contrib-grpc-metrics/0.17.0/opencensus-contrib-grpc-metrics-0.17.0.jar:/home/user/.m2/repository/io/netty/netty-codec-http2/4.1.30.Final/netty-codec-http2-4.1.30.Final.jar:/home/user/.m2/repository/io/netty/netty-codec-http/4.1.30.Final/netty-codec-http-4.1.30.Final.jar:/home/user/.m2/repository/io/netty/netty-codec/4.1.30.Final/netty-codec-4.1.30.Final.jar:/home/user/.m2/repository/io/netty/netty-handler/4.1.30.Final/netty-handler-4.1.30.Final.jar:/home/user/.m2/repository/io/netty/netty-handler-proxy/4.1.30.Final/netty-handler-proxy-4.1.30.Final.jar:/home/user/.m2/repository/io/netty/netty-codec-socks/4.1.30.Final/netty-codec-socks-4.1.30.Final.jar:/home/user/.m2/repository/io/netty/netty-transport-native-epoll/4.1.30.Final/netty-transport-native-epoll-4.1.30.Final.jar:/home/user/.m2/repository/io/netty/netty-common/4.1.30.Final/netty-common-4.1.30.Final.jar:/home/user/.m2/repository/io/netty/netty-buffer/4.1.30.Final/netty-buffer-4.1.30.Final.jar:/home/user/.m2/repository/io/netty/netty-transport/4.1.30.Final/netty-transport-4.1.30.Final.jar:/home/user/.m2/repository/io/netty/netty-resolver/4.1.30.Final/netty-resolver-4.1.30.Final.jar:/home/user/.m2/repository/io/netty/netty-transport-native-unix-common/4.1.30.Final/netty-transport-native-unix-common-4.1.30.Final.jar:/home/user/.m2/repository/io/grpc/grpc-protobuf/1.17.1/grpc-protobuf-1.17.1.jar:/home/user/.m2/repository/com/google/api/grpc/proto-google-common-protos/1.0.0/proto-google-common-protos-1.0.0.jar:/home/user/.m2/repository/io/grpc/grpc-protobuf-lite/1.17.1/grpc-protobuf-lite-1.17.1.jar:/home/user/.m2/repository/io/grpc/grpc-stub/1.17.1/grpc-stub-1.17.1.jar:/home/user/.m2/repository/org/apache/hadoop/hadoop-ozone-recon/0.4.1-SNAPSHOT/hadoop-ozone-recon-0.4.1-SNAPSHOT.jar:/home/user/.m2/repository/org/apache/hadoop/hadoop-ozone-reconcodegen/0.4.1-SNAPSHOT/hadoop-ozone-reconcodegen-0.4.1-SNAPSHOT.jar:/home/user/.m2/repository/com/google/inject/extensions/guice-multibindings/4.0/guice-multibindings-4.0.jar:/home/user/.m2/repository/com/google/inject/guice/4.0/guice-4.0.jar:/home/user/.m2/repository/aopalliance/aopalliance/1.0/aopalliance-1.0.jar:/home/user/.m2/repository/com/google/inject/extensions/guice-servlet/4.0/guice-servlet-4.0.jar:/home/user/.m2/repository/org/glassfish/jersey/containers/jersey-container-servlet/2.27/jersey-container-servlet-2.27.jar:/home/user/.m2/repository/org/glassfish/hk2/guice-bridge/2.5.0/guice-bridge-2.5.0.jar:/home/user/.m2/repository/org/glassfish/jersey/core/jersey-server/2.27/jersey-server-2.27.jar:/home/user/.m2/repository/org/glassfish/jersey/core/jersey-client/2.27/jersey-client-2.27.jar:/home/user/.m2/repository/org/glassfish/jersey/media/jersey-media-jaxb/2.27/jersey-media-jaxb-2.27.jar:/home/user/.m2/repository/javax/validation/validation-api/1.1.0.Final/validation-api-1.1.0.Final.jar:/home/user/.m2/repository/org/glassfish/jersey/media/jersey-media-json-jackson/2.27/jersey-media-json-jackson-2.27.jar:/home/user/.m2/repository/org/glassfish/jersey/ext/jersey-entity-filtering/2.27/jersey-entity-filtering-2.27.jar:/home/user/.m2/repository/com/google/inject/extensions/guice-assistedinject/4.0/guice-assistedinject-4.0.jar:/home/user/.m2/repository/org/jooq/jooq/3.11.10/jooq-3.11.10.jar:/home/user/.m2/repository/org/jooq/jooq-meta/3.11.10/jooq-meta-3.11.10.jar:/home/user/.m2/repository/org/jooq/jooq-codegen/3.11.10/jooq-codegen-3.11.10.jar:/home/user/.m2/repository/com/jolbox/bonecp/0.8.0.RELEASE/bonecp-0.8.0.RELEASE.jar:/home/user/.m2/repository/org/xerial/sqlite-jdbc/3.25.2/sqlite-jdbc-3.25.2.jar:/home/user/.m2/repository/org/springframework/spring-jdbc/5.1.3.RELEASE/spring-jdbc-5.1.3.RELEASE.jar:/home/user/.m2/repository/org/springframework/spring-beans/5.1.3.RELEASE/spring-beans-5.1.3.RELEASE.jar:/home/user/.m2/repository/org/springframework/spring-core/5.1.3.RELEASE/spring-core-5.1.3.RELEASE.jar:/home/user/.m2/repository/org/springframework/spring-jcl/5.1.3.RELEASE/spring-jcl-5.1.3.RELEASE.jar:/home/user/.m2/repository/org/springframework/spring-tx/5.1.3.RELEASE/spring-tx-5.1.3.RELEASE.jar:/home/user/.m2/repository/org/apache/hadoop/hadoop-ozone-client/0.4.1-SNAPSHOT/hadoop-ozone-client-0.4.1-SNAPSHOT.jar:/home/user/.m2/repository/commons-lang/commons-lang/2.6/commons-lang-2.6.jar:/home/user/.m2/repository/org/apache/hadoop/hadoop-ozone-ozone-manager/0.4.1-SNAPSHOT/hadoop-ozone-ozone-manager-0.4.1-SNAPSHOT-tests.jar:/home/user/.m2/repository/junit/junit/4.11/junit-4.11.jar:/home/user/.m2/repository/org/hamcrest/hamcrest-core/1.3/hamcrest-core-1.3.jar:/home/user/.m2/repository/org/openjdk/jmh/jmh-core/1.19/jmh-core-1.19.jar:/home/user/.m2/repository/net/sf/jopt-simple/jopt-simple/4.6/jopt-simple-4.6.jar:/home/user/.m2/repository/org/apache/commons/commons-math3/3.1.1/commons-math3-3.1.1.jar:/home/user/.m2/repository/org/openjdk/jmh/jmh-generator-annprocess/1.19/jmh-generator-annprocess-1.19.jar:/home/user/.m2/repository/org/mockito/mockito-all/1.8.5/mockito-all-1.8.5.jar:/home/user/.m2/repository/org/apache/hadoop/hadoop-kms/3.2.0/hadoop-kms-3.2.0.jar:/home/user/.m2/repository/org/apache/hadoop/hadoop-auth/3.2.0/hadoop-auth-3.2.0.jar:/home/user/.m2/repository/com/nimbusds/nimbus-jose-jwt/4.41.1/nimbus-jose-jwt-4.41.1.jar:/home/user/.m2/repository/com/github/stephenc/jcip/jcip-annotations/1.0-1/jcip-annotations-1.0-1.jar:/home/user/.m2/repository/net/minidev/json-smart/2.3/json-smart-2.3.jar:/home/user/.m2/repository/net/minidev/accessors-smart/1.2/accessors-smart-1.2.jar:/home/user/.m2/repository/org/ow2/asm/asm/5.0.4/asm-5.0.4.jar:/home/user/.m2/repository/org/apache/curator/curator-framework/2.12.0/curator-framework-2.12.0.jar:/home/user/.m2/repository/com/sun/jersey/jersey-core/1.19/jersey-core-1.19.jar:/home/user/.m2/repository/javax/ws/rs/jsr311-api/1.1.1/jsr311-api-1.1.1.jar:/home/user/.m2/repository/com/sun/jersey/jersey-server/1.19/jersey-server-1.19.jar:/home/user/.m2/repository/javax/servlet/javax.servlet-api/3.1.0/javax.servlet-api-3.1.0.jar:/home/user/.m2/repository/org/eclipse/jetty/jetty-server/9.3.24.v20180605/jetty-server-9.3.24.v20180605.jar:/home/user/.m2/repository/org/eclipse/jetty/jetty-http/9.3.24.v20180605/jetty-http-9.3.24.v20180605.jar:/home/user/.m2/repository/org/eclipse/jetty/jetty-io/9.3.24.v20180605/jetty-io-9.3.24.v20180605.jar:/home/user/.m2/repository/org/eclipse/jetty/jetty-webapp/9.3.24.v20180605/jetty-webapp-9.3.24.v20180605.jar:/home/user/.m2/repository/org/eclipse/jetty/jetty-xml/9.3.24.v20180605/jetty-xml-9.3.24.v20180605.jar:/home/user/.m2/repository/log4j/log4j/1.2.17/log4j-1.2.17.jar:/home/user/.m2/repository/org/slf4j/slf4j-api/1.7.25/slf4j-api-1.7.25.jar:/home/user/.m2/repository/org/slf4j/jul-to-slf4j/1.7.25/jul-to-slf4j-1.7.25.jar:/home/user/.m2/repository/org/eclipse/jetty/jetty-util/9.3.24.v20180605/jetty-util-9.3.24.v20180605.jar:/home/user/.m2/repository/com/fasterxml/jackson/core/jackson-databind/2.9.5/jackson-databind-2.9.5.jar:/home/user/.m2/repository/org/apache/hadoop/hadoop-kms/3.2.0/hadoop-kms-3.2.0-tests.jar:/home/user/.m2/repository/org/apache/hadoop/hadoop-hdds-server-scm/0.4.1-SNAPSHOT/hadoop-hdds-server-scm-0.4.1-SNAPSHOT-tests.jar:/home/user/.m2/repository/org/apache/hadoop/hadoop-hdds-container-service/0.4.1-SNAPSHOT/hadoop-hdds-container-service-0.4.1-SNAPSHOT-tests.jar:/home/user/.m2/repository/org/yaml/snakeyaml/1.16/snakeyaml-1.16.jar:/home/user/.m2/repository/org/apache/hadoop/hadoop-common/3.2.0/hadoop-common-3.2.0-tests.jar:/home/user/.m2/repository/org/apache/hadoop/hadoop-annotations/3.2.0/hadoop-annotations-3.2.0.jar:/usr/lib/jvm/java-1.8-openjdk/jre/../lib/tools.jar:/home/user/.m2/repository/commons-cli/commons-cli/1.2/commons-cli-1.2.jar:/home/user/.m2/repository/org/apache/httpcomponents/httpclient/4.5.2/httpclient-4.5.2.jar:/home/user/.m2/repository/org/apache/httpcomponents/httpcore/4.4.4/httpcore-4.4.4.jar:/home/user/.m2/repository/commons-codec/commons-codec/1.11/commons-codec-1.11.jar:/home/user/.m2/repository/commons-net/commons-net/3.6/commons-net-3.6.jar:/home/user/.m2/repository/commons-collections/commons-collections/3.2.2/commons-collections-3.2.2.jar:/home/user/.m2/repository/org/eclipse/jetty/jetty-servlet/9.3.24.v20180605/jetty-servlet-9.3.24.v20180605.jar:/home/user/.m2/repository/org/eclipse/jetty/jetty-security/9.3.24.v20180605/jetty-security-9.3.24.v20180605.jar:/home/user/.m2/repository/javax/servlet/jsp/jsp-api/2.1/jsp-api-2.1.jar:/home/user/.m2/repository/com/sun/jersey/jersey-servlet/1.19/jersey-servlet-1.19.jar:/home/user/.m2/repository/com/sun/jersey/jersey-json/1.19/jersey-json-1.19.jar:/home/user/.m2/repository/org/codehaus/jettison/jettison/1.1/jettison-1.1.jar:/home/user/.m2/repository/org/codehaus/jackson/jackson-core-asl/1.9.13/jackson-core-asl-1.9.13.jar:/home/user/.m2/repository/org/codehaus/jackson/jackson-mapper-asl/1.9.13/jackson-mapper-asl-1.9.13.jar:/home/user/.m2/repository/org/codehaus/jackson/jackson-jaxrs/1.9.13/jackson-jaxrs-1.9.13.jar:/home/user/.m2/repository/org/codehaus/jackson/jackson-xc/1.9.13/jackson-xc-1.9.13.jar:/home/user/.m2/repository/commons-logging/commons-logging/1.1.3/commons-logging-1.1.3.jar:/home/user/.m2/repository/commons-beanutils/commons-beanutils/1.9.3/commons-beanutils-1.9.3.jar:/home/user/.m2/repository/org/apache/commons/commons-configuration2/2.1.1/commons-configuration2-2.1.1.jar:/home/user/.m2/repository/org/apache/commons/commons-lang3/3.7/commons-lang3-3.7.jar:/home/user/.m2/repository/org/apache/commons/commons-text/1.4/commons-text-1.4.jar:/home/user/.m2/repository/org/apache/avro/avro/1.7.7/avro-1.7.7.jar:/home/user/.m2/repository/com/thoughtworks/paranamer/paranamer/2.3/paranamer-2.3.jar:/home/user/.m2/repository/org/xerial/snappy/snappy-java/1.0.5/snappy-java-1.0.5.jar:/home/user/.m2/repository/com/google/re2j/re2j/1.1/re2j-1.1.jar:/home/user/.m2/repository/com/google/code/gson/gson/2.2.4/gson-2.2.4.jar:/home/user/.m2/repository/com/jcraft/jsch/0.1.54/jsch-0.1.54.jar:/home/user/.m2/repository/org/apache/curator/curator-client/2.12.0/curator-client-2.12.0.jar:/home/user/.m2/repository/org/apache/curator/curator-recipes/2.12.0/curator-recipes-2.12.0.jar:/home/user/.m2/repository/com/google/code/findbugs/jsr305/3.0.0/jsr305-3.0.0.jar:/home/user/.m2/repository/org/apache/htrace/htrace-core4/4.1.0-incubating/htrace-core4-4.1.0-incubating.jar:/home/user/.m2/repository/org/apache/zookeeper/zookeeper/3.4.13/zookeeper-3.4.13.jar:/home/user/.m2/repository/org/apache/yetus/audience-annotations/0.5.0/audience-annotations-0.5.0.jar:/home/user/.m2/repository/org/codehaus/woodstox/stax2-api/3.1.4/stax2-api-3.1.4.jar:/home/user/.m2/repository/com/fasterxml/woodstox/woodstox-core/5.0.3/woodstox-core-5.0.3.jar:/home/user/.m2/repository/dnsjava/dnsjava/2.1.7/dnsjava-2.1.7.jar:/home/user/.m2/repository/org/apache/hadoop/hadoop-hdfs/3.2.0/hadoop-hdfs-3.2.0-tests.jar:/home/user/.m2/repository/org/eclipse/jetty/jetty-util-ajax/9.3.24.v20180605/jetty-util-ajax-9.3.24.v20180605.jar:/home/user/.m2/repository/commons-daemon/commons-daemon/1.0.13/commons-daemon-1.0.13.jar:/home/user/.m2/repository/io/netty/netty/3.10.5.Final/netty-3.10.5.Final.jar:/home/user/.m2/repository/io/netty/netty-all/4.0.52.Final/netty-all-4.0.52.Final.jar:/home/user/.m2/repository/org/fusesource/leveldbjni/leveldbjni-all/1.8/leveldbjni-all-1.8.jar:"/>
    <property name="sun.cpu.endian" value="little"/>
    <property name="user.home" value="/home/user"/>
    <property name="user.language" value="en"/>
    <property name="java.specification.vendor" value="Oracle Corporation"/>
    <property name="java.home" value="/usr/lib/jvm/java-1.8-openjdk/jre"/>
    <property name="java.security.krb5.conf" value="/workdir/hadoop-ozone/integration-test/target/test-classes/krb5.conf"/>
    <property name="basedir" value="/workdir/hadoop-ozone/integration-test"/>
    <property name="file.separator" value="/"/>
    <property name="line.separator" value="&#10;"/>
    <property name="java.vm.specification.vendor" value="Oracle Corporation"/>
    <property name="java.specification.name" value="Java Platform API Specification"/>
    <property name="java.awt.graphicsenv" value="sun.awt.X11GraphicsEnvironment"/>
    <property name="surefire.real.class.path" value="/workdir/hadoop-ozone/integration-test/target/surefire/surefirebooter5182557291301198153.jar"/>
    <property name="hadoop.log.dir" value="/workdir/hadoop-ozone/integration-test/target/log"/>
    <property name="sun.boot.class.path" value="/usr/lib/jvm/java-1.8-openjdk/jre/lib/resources.jar:/usr/lib/jvm/java-1.8-openjdk/jre/lib/rt.jar:/usr/lib/jvm/java-1.8-openjdk/jre/lib/sunrsasign.jar:/usr/lib/jvm/java-1.8-openjdk/jre/lib/jsse.jar:/usr/lib/jvm/java-1.8-openjdk/jre/lib/jce.jar:/usr/lib/jvm/java-1.8-openjdk/jre/lib/charsets.jar:/usr/lib/jvm/java-1.8-openjdk/jre/lib/jfr.jar:/usr/lib/jvm/java-1.8-openjdk/jre/classes"/>
    <property name="sun.management.compiler" value="HotSpot 64-Bit Tiered Compilers"/>
    <property name="java.runtime.version" value="1.8.0_212-b04"/>
    <property name="java.net.preferIPv4Stack" value="true"/>
    <property name="user.name" value="jenkins1000"/>
    <property name="path.separator" value=":"/>
    <property name="java.security.egd" value="file:///dev/urandom"/>
    <property name="os.version" value="3.10.0-957.12.2.el7.x86_64"/>
    <property name="java.endorsed.dirs" value="/usr/lib/jvm/java-1.8-openjdk/jre/lib/endorsed"/>
    <property name="java.runtime.name" value="OpenJDK Runtime Environment"/>
    <property name="file.encoding" value="UTF-8"/>
    <property name="java.vm.name" value="OpenJDK 64-Bit Server VM"/>
    <property name="test.build.webapps" value=""/>
    <property name="localRepository" value="/home/user/.m2/repository"/>
    <property name="java.vendor.url.bug" value="https://icedtea.classpath.org/bugzilla"/>
    <property name="java.io.tmpdir" value="/tmp"/>
    <property name="require.test.libhadoop" value=""/>
    <property name="java.version" value="1.8.0_212"/>
    <property name="user.dir" value="/workdir/hadoop-ozone/integration-test"/>
    <property name="os.arch" value="amd64"/>
    <property name="java.vm.specification.name" value="Java Virtual Machine Specification"/>
    <property name="test.build.classes" value="/workdir/hadoop-ozone/integration-test/target/test-classes"/>
    <property name="java.awt.printerjob" value="sun.print.PSPrinterJob"/>
    <property name="sun.os.patch.level" value="unknown"/>
    <property name="hadoop.tmp.dir" value="/workdir/hadoop-ozone/integration-test/target/tmp"/>
    <property name="java.library.path" value="/usr/lib/jvm/java-1.8-openjdk/jre/lib/amd64/server:/usr/lib/jvm/java-1.8-openjdk/jre/lib/amd64:/usr/lib/jvm/java-1.8-openjdk/jre/../lib/amd64:/workdir/hadoop-ozone/integration-test/target/native/target/usr/local/lib:/workdir/hadoop-ozone/integration-test/../../hadoop-common-project/hadoop-common/target/native/target/usr/local/lib:/usr/java/packages/lib/amd64:/usr/lib64:/lib64:/lib:/usr/lib"/>
    <property name="java.vm.info" value="mixed mode"/>
    <property name="java.vendor" value="IcedTea"/>
    <property name="java.vm.version" value="25.212-b04"/>
    <property name="java.ext.dirs" value="/usr/lib/jvm/java-1.8-openjdk/jre/lib/ext:/usr/java/packages/lib/ext"/>
    <property name="sun.io.unicode.encoding" value="UnicodeLittle"/>
    <property name="java.class.version" value="52.0"/>
  </properties>
  <testcase name="testBlockDeletion" classname="org.apache.hadoop.ozone.container.common.statemachine.commandhandler.TestBlockDeletion" time="97.893">
    <failure message="expected null, but was:&lt;[B@538a2f0e&gt;" type="java.lang.AssertionError"><![CDATA[java.lang.AssertionError: expected null, but was:<[B@538a2f0e>
	at org.junit.Assert.fail(Assert.java:88)
	at org.junit.Assert.failNotNull(Assert.java:664)
	at org.junit.Assert.assertNull(Assert.java:646)
	at org.junit.Assert.assertNull(Assert.java:656)
	at org.apache.hadoop.ozone.container.common.statemachine.commandhandler.TestBlockDeletion.lambda$verifyBlocksDeleted$3(TestBlockDeletion.java:323)
	at org.apache.hadoop.ozone.OzoneTestUtils.performOperationOnKeyContainers(OzoneTestUtils.java:96)
	at org.apache.hadoop.ozone.container.common.statemachine.commandhandler.TestBlockDeletion.verifyBlocksDeleted(TestBlockDeletion.java:317)
	at org.apache.hadoop.ozone.container.common.statemachine.commandhandler.TestBlockDeletion.testBlockDeletion(TestBlockDeletion.java:177)
	at sun.reflect.NativeMethodAccessorImpl.invoke0(Native Method)
	at sun.reflect.NativeMethodAccessorImpl.invoke(NativeMethodAccessorImpl.java:62)
	at sun.reflect.DelegatingMethodAccessorImpl.invoke(DelegatingMethodAccessorImpl.java:43)
	at java.lang.reflect.Method.invoke(Method.java:498)
	at org.junit.runners.model.FrameworkMethod$1.runReflectiveCall(FrameworkMethod.java:47)
	at org.junit.internal.runners.model.ReflectiveCallable.run(ReflectiveCallable.java:12)
	at org.junit.runners.model.FrameworkMethod.invokeExplosively(FrameworkMethod.java:44)
	at org.junit.internal.runners.statements.InvokeMethod.evaluate(InvokeMethod.java:17)
	at org.junit.runners.ParentRunner.runLeaf(ParentRunner.java:271)
	at org.junit.runners.BlockJUnit4ClassRunner.runChild(BlockJUnit4ClassRunner.java:70)
	at org.junit.runners.BlockJUnit4ClassRunner.runChild(BlockJUnit4ClassRunner.java:50)
	at org.junit.runners.ParentRunner$3.run(ParentRunner.java:238)
	at org.junit.runners.ParentRunner$1.schedule(ParentRunner.java:63)
	at org.junit.runners.ParentRunner.runChildren(ParentRunner.java:236)
	at org.junit.runners.ParentRunner.access$000(ParentRunner.java:53)
	at org.junit.runners.ParentRunner$2.evaluate(ParentRunner.java:229)
	at org.junit.internal.runners.statements.RunBefores.evaluate(RunBefores.java:26)
	at org.junit.runners.ParentRunner.run(ParentRunner.java:309)
	at org.apache.maven.surefire.junit4.JUnit4Provider.execute(JUnit4Provider.java:365)
	at org.apache.maven.surefire.junit4.JUnit4Provider.executeWithRerun(JUnit4Provider.java:273)
	at org.apache.maven.surefire.junit4.JUnit4Provider.executeTestSet(JUnit4Provider.java:238)
	at org.apache.maven.surefire.junit4.JUnit4Provider.invoke(JUnit4Provider.java:159)
	at org.apache.maven.surefire.booter.ForkedBooter.invokeProviderInSameClassLoader(ForkedBooter.java:384)
	at org.apache.maven.surefire.booter.ForkedBooter.runSuitesInProcess(ForkedBooter.java:345)
	at org.apache.maven.surefire.booter.ForkedBooter.execute(ForkedBooter.java:126)
	at org.apache.maven.surefire.booter.ForkedBooter.main(ForkedBooter.java:418)
]]></failure>
    <system-out><![CDATA[2019-08-05 04:37:19,410 WARN  server.ServerUtils (ServerUtils.java:getScmDbDir(145)) - ozone.scm.db.dirs is not configured. We recommend adding this setting. Falling back to ozone.metadata.dirs instead.
2019-08-05 04:37:19,518 WARN  server.ServerUtils (ServerUtils.java:getScmDbDir(145)) - ozone.scm.db.dirs is not configured. We recommend adding this setting. Falling back to ozone.metadata.dirs instead.
2019-08-05 04:37:19,521 WARN  server.ServerUtils (ServerUtils.java:getScmDbDir(145)) - ozone.scm.db.dirs is not configured. We recommend adding this setting. Falling back to ozone.metadata.dirs instead.
2019-08-05 04:37:19,536 INFO  util.log (Log.java:initialized(192)) - Logging initialized @885ms
2019-08-05 04:37:19,637 INFO  db.DBStoreBuilder (DBStoreBuilder.java:addTable(110)) - using custom profile for table: deletedBlocks
2019-08-05 04:37:19,637 INFO  db.DBStoreBuilder (DBStoreBuilder.java:processTables(161)) - Using default column profile:DBProfile.DISK for Table:deletedBlocks
2019-08-05 04:37:19,638 INFO  db.DBStoreBuilder (DBStoreBuilder.java:addTable(110)) - using custom profile for table: validCerts
2019-08-05 04:37:19,638 INFO  db.DBStoreBuilder (DBStoreBuilder.java:processTables(161)) - Using default column profile:DBProfile.DISK for Table:validCerts
2019-08-05 04:37:19,638 INFO  db.DBStoreBuilder (DBStoreBuilder.java:addTable(110)) - using custom profile for table: revokedCerts
2019-08-05 04:37:19,638 INFO  db.DBStoreBuilder (DBStoreBuilder.java:processTables(161)) - Using default column profile:DBProfile.DISK for Table:revokedCerts
2019-08-05 04:37:19,650 INFO  db.DBStoreBuilder (DBStoreBuilder.java:addTable(110)) - using custom profile for table: default
2019-08-05 04:37:19,650 INFO  db.DBStoreBuilder (DBStoreBuilder.java:processTables(167)) - Using default column profile:DBProfile.DISK for Table:default
2019-08-05 04:37:19,652 INFO  db.DBStoreBuilder (DBStoreBuilder.java:getDbProfile(198)) - Using default options. DBProfile.DISK
2019-08-05 04:37:19,903 INFO  net.NodeSchemaLoader (NodeSchemaLoader.java:loadSchemaFromFile(125)) - Loading file from sun.misc.CompoundEnumeration@59fd97a8
2019-08-05 04:37:19,907 INFO  net.NodeSchemaLoader (NodeSchemaLoader.java:loadSchema(171)) - Loading network topology layer schema file
2019-08-05 04:37:19,990 INFO  node.SCMNodeManager (SCMNodeManager.java:<init>(121)) - Entering startup safe mode.
2019-08-05 04:37:20,075 WARN  server.ServerUtils (ServerUtils.java:getScmDbDir(145)) - ozone.scm.db.dirs is not configured. We recommend adding this setting. Falling back to ozone.metadata.dirs instead.
2019-08-05 04:37:20,219 INFO  pipeline.SCMPipelineManager (SCMPipelineManager.java:initializePipelineState(126)) - No pipeline exists in current db
2019-08-05 04:37:20,223 WARN  server.ServerUtils (ServerUtils.java:getScmDbDir(145)) - ozone.scm.db.dirs is not configured. We recommend adding this setting. Falling back to ozone.metadata.dirs instead.
2019-08-05 04:37:20,359 WARN  events.EventQueue (EventQueue.java:fireEvent(175)) - No event handler registered for event TypedEvent{payloadType=SafeModeStatus, name='SafeModeStatus'}
2019-08-05 04:37:20,694 INFO  ipc.CallQueueManager (CallQueueManager.java:<init>(84)) - Using callQueue: class java.util.concurrent.LinkedBlockingQueue, queueCapacity: 2000, scheduler: class org.apache.hadoop.ipc.DefaultRpcScheduler, ipcBackoff: false.
2019-08-05 04:37:20,721 INFO  ipc.Server (Server.java:run(1074)) - Starting Socket Reader #1 for port 38550
2019-08-05 04:37:20,744 INFO  ipc.CallQueueManager (CallQueueManager.java:<init>(84)) - Using callQueue: class java.util.concurrent.LinkedBlockingQueue, queueCapacity: 2000, scheduler: class org.apache.hadoop.ipc.DefaultRpcScheduler, ipcBackoff: false.
2019-08-05 04:37:20,745 INFO  ipc.Server (Server.java:run(1074)) - Starting Socket Reader #1 for port 45819
2019-08-05 04:37:20,871 INFO  ipc.CallQueueManager (CallQueueManager.java:<init>(84)) - Using callQueue: class java.util.concurrent.LinkedBlockingQueue, queueCapacity: 2000, scheduler: class org.apache.hadoop.ipc.DefaultRpcScheduler, ipcBackoff: false.
2019-08-05 04:37:20,872 INFO  ipc.Server (Server.java:run(1074)) - Starting Socket Reader #1 for port 33727
2019-08-05 04:37:20,908 INFO  hdfs.DFSUtil (DFSUtil.java:httpServerTemplateForNNAndJN(1641)) - Starting Web-server for scm at: http://0.0.0.0:0
2019-08-05 04:37:21,069 INFO  server.AuthenticationFilter (AuthenticationFilter.java:constructSecretProvider(240)) - Unable to initialize FileSignerSecretProvider, falling back to use random secrets.
2019-08-05 04:37:21,076 WARN  http.HttpRequestLog (HttpRequestLog.java:getRequestLog(97)) - Jetty request log can only be enabled using Log4j
2019-08-05 04:37:21,085 INFO  http.HttpServer2 (HttpServer2.java:addGlobalFilter(975)) - Added global filter 'safety' (class=org.apache.hadoop.http.HttpServer2$QuotingInputFilter)
2019-08-05 04:37:21,087 INFO  http.HttpServer2 (HttpServer2.java:addFilter(948)) - Added filter static_user_filter (class=org.apache.hadoop.http.lib.StaticUserWebFilter$StaticUserFilter) to context scm
2019-08-05 04:37:21,087 INFO  http.HttpServer2 (HttpServer2.java:addFilter(958)) - Added filter static_user_filter (class=org.apache.hadoop.http.lib.StaticUserWebFilter$StaticUserFilter) to context logs
2019-08-05 04:37:21,088 INFO  http.HttpServer2 (HttpServer2.java:addFilter(958)) - Added filter static_user_filter (class=org.apache.hadoop.http.lib.StaticUserWebFilter$StaticUserFilter) to context static
2019-08-05 04:37:21,115 INFO  server.StorageContainerManager (StorageContainerManager.java:start(758)) - StorageContainerLocationProtocol RPC server is listening at /0.0.0.0:33727
2019-08-05 04:37:21,175 WARN  impl.MetricsConfig (MetricsConfig.java:loadFirst(134)) - Cannot locate configuration: tried hadoop-metrics2-storagecontainermanager.properties,hadoop-metrics2.properties
2019-08-05 04:37:21,187 INFO  impl.MetricsSystemImpl (MetricsSystemImpl.java:startTimer(374)) - Scheduled Metric snapshot period at 10 second(s).
2019-08-05 04:37:21,187 INFO  impl.MetricsSystemImpl (MetricsSystemImpl.java:start(191)) - StorageContainerManager metrics system started
2019-08-05 04:37:21,412 INFO  server.SCMClientProtocolServer (SCMClientProtocolServer.java:start(151)) - RPC server for Client  is listening at /0.0.0.0:33727
2019-08-05 04:37:21,414 INFO  ipc.Server (Server.java:run(1314)) - IPC Server Responder: starting
2019-08-05 04:37:21,415 INFO  ipc.Server (Server.java:run(1153)) - IPC Server listener on 33727: starting
2019-08-05 04:37:21,418 INFO  server.StorageContainerManager (StorageContainerManager.java:start(768)) - ScmBlockLocationProtocol RPC server is listening at /0.0.0.0:45819
2019-08-05 04:37:21,418 INFO  server.SCMBlockProtocolServer (SCMBlockProtocolServer.java:start(140)) - RPC server for Block Protocol is listening at /0.0.0.0:45819
2019-08-05 04:37:21,419 INFO  ipc.Server (Server.java:run(1314)) - IPC Server Responder: starting
2019-08-05 04:37:21,421 INFO  ipc.Server (Server.java:run(1153)) - IPC Server listener on 45819: starting
2019-08-05 04:37:21,432 INFO  server.StorageContainerManager (StorageContainerManager.java:start(772)) - ScmDatanodeProtocl RPC server is listening at /0.0.0.0:38550
2019-08-05 04:37:21,432 INFO  server.SCMDatanodeProtocolServer (SCMDatanodeProtocolServer.java:start(191)) - RPC server for DataNodes is listening at /0.0.0.0:38550
2019-08-05 04:37:21,434 INFO  ipc.Server (Server.java:run(1314)) - IPC Server Responder: starting
2019-08-05 04:37:21,435 INFO  ipc.Server (Server.java:run(1153)) - IPC Server listener on 38550: starting
2019-08-05 04:37:21,450 INFO  http.HttpServer2 (HttpServer2.java:bindListener(1191)) - Jetty bound to port 37131
2019-08-05 04:37:21,452 INFO  server.Server (Server.java:doStart(351)) - jetty-9.3.24.v20180605, build timestamp: 2018-06-05T17:11:56Z, git hash: 84205aa28f11a4f31f2a3b86d1bba2cc8ab69827
2019-08-05 04:37:21,492 INFO  handler.ContextHandler (ContextHandler.java:doStart(781)) - Started o.e.j.s.ServletContextHandler@222eb8aa{/logs,file:///workdir/hadoop-ozone/integration-test/target/log,AVAILABLE}
2019-08-05 04:37:21,493 INFO  handler.ContextHandler (ContextHandler.java:doStart(781)) - Started o.e.j.s.ServletContextHandler@1852a3ff{/static,file:///workdir/hadoop-ozone/integration-test/target/test-classes/webapps/static,AVAILABLE}
2019-08-05 04:37:21,524 INFO  handler.ContextHandler (ContextHandler.java:doStart(781)) - Started o.e.j.w.WebAppContext@332a7fce{/,file:///workdir/hadoop-ozone/integration-test/target/test-classes/webapps/scm/,AVAILABLE}{/scm}
2019-08-05 04:37:21,529 INFO  server.AbstractConnector (AbstractConnector.java:doStart(278)) - Started ServerConnector@290b1b2e{HTTP/1.1,[http/1.1]}{0.0.0.0:37131}
2019-08-05 04:37:21,530 INFO  server.Server (Server.java:doStart(419)) - Started @2878ms
2019-08-05 04:37:21,532 INFO  server.BaseHttpServer (BaseHttpServer.java:updateConnectorAddress(207)) - HTTP server of SCM is listening at http://0.0.0.0:37131
2019-08-05 04:37:21,538 INFO  util.JvmPauseMonitor (JvmPauseMonitor.java:run(188)) - Starting JVM pause monitor
2019-08-05 04:37:21,539 WARN  server.ServerUtils (ServerUtils.java:getDBPath(222)) - ozone.om.db.dirs is not configured. We recommend adding this setting. Falling back to ozone.metadata.dirs instead.
2019-08-05 04:37:21,539 DEBUG block.SCMBlockDeletingService (SCMBlockDeletingService.java:call(138)) - Running DeletedBlockTransactionScanner
2019-08-05 04:37:21,552 DEBUG block.SCMBlockDeletingService (SCMBlockDeletingService.java:call(155)) - Scanned deleted blocks log and got 0 delTX to process.
2019-08-05 04:37:21,634 WARN  server.ServerUtils (ServerUtils.java:getDBPath(222)) - ozone.om.db.dirs is not configured. We recommend adding this setting. Falling back to ozone.metadata.dirs instead.
2019-08-05 04:37:21,634 WARN  server.ServerUtils (ServerUtils.java:getDBPath(222)) - ozone.om.db.dirs is not configured. We recommend adding this setting. Falling back to ozone.metadata.dirs instead.
2019-08-05 04:37:21,635 INFO  om.OzoneManager (OzoneManager.java:setOMNodeDetails(644)) - OM Service ID is not set. Setting it to the default ID: omServiceIdDefault
2019-08-05 04:37:21,635 INFO  om.OzoneManager (OzoneManager.java:setOMNodeDetails(650)) - OM Node ID is not set. Setting it to the OmStorage's OmID: c9439451-d846-4e99-bd40-c7b56c103f70
2019-08-05 04:37:21,636 INFO  om.OzoneManager (OzoneManager.java:loadOMHAConfigs(601)) - Found matching OM address with OMServiceId: null, OMNodeId: null, RPC Address: localhost:0 and Ratis port: 9872
2019-08-05 04:37:21,654 DEBUG block.SCMBlockDeletingService (SCMBlockDeletingService.java:call(138)) - Running DeletedBlockTransactionScanner
2019-08-05 04:37:21,654 DEBUG block.SCMBlockDeletingService (SCMBlockDeletingService.java:call(155)) - Scanned deleted blocks log and got 0 delTX to process.
2019-08-05 04:37:21,755 DEBUG block.SCMBlockDeletingService (SCMBlockDeletingService.java:call(138)) - Running DeletedBlockTransactionScanner
2019-08-05 04:37:21,756 DEBUG block.SCMBlockDeletingService (SCMBlockDeletingService.java:call(155)) - Scanned deleted blocks log and got 0 delTX to process.
2019-08-05 04:37:21,856 DEBUG block.SCMBlockDeletingService (SCMBlockDeletingService.java:call(138)) - Running DeletedBlockTransactionScanner
2019-08-05 04:37:21,857 DEBUG block.SCMBlockDeletingService (SCMBlockDeletingService.java:call(155)) - Scanned deleted blocks log and got 0 delTX to process.
2019-08-05 04:37:21,957 DEBUG block.SCMBlockDeletingService (SCMBlockDeletingService.java:call(138)) - Running DeletedBlockTransactionScanner
2019-08-05 04:37:21,958 DEBUG block.SCMBlockDeletingService (SCMBlockDeletingService.java:call(155)) - Scanned deleted blocks log and got 0 delTX to process.
2019-08-05 04:37:22,058 DEBUG block.SCMBlockDeletingService (SCMBlockDeletingService.java:call(138)) - Running DeletedBlockTransactionScanner
2019-08-05 04:37:22,059 DEBUG block.SCMBlockDeletingService (SCMBlockDeletingService.java:call(155)) - Scanned deleted blocks log and got 0 delTX to process.
2019-08-05 04:37:22,159 DEBUG block.SCMBlockDeletingService (SCMBlockDeletingService.java:call(138)) - Running DeletedBlockTransactionScanner
2019-08-05 04:37:22,160 DEBUG block.SCMBlockDeletingService (SCMBlockDeletingService.java:call(155)) - Scanned deleted blocks log and got 0 delTX to process.
2019-08-05 04:37:22,260 DEBUG block.SCMBlockDeletingService (SCMBlockDeletingService.java:call(138)) - Running DeletedBlockTransactionScanner
2019-08-05 04:37:22,261 DEBUG block.SCMBlockDeletingService (SCMBlockDeletingService.java:call(155)) - Scanned deleted blocks log and got 0 delTX to process.
2019-08-05 04:37:22,326 WARN  server.ServerUtils (ServerUtils.java:getDBPath(222)) - ozone.om.db.dirs is not configured. We recommend adding this setting. Falling back to ozone.metadata.dirs instead.
2019-08-05 04:37:22,334 INFO  db.DBStoreBuilder (DBStoreBuilder.java:addTable(110)) - using custom profile for table: userTable
2019-08-05 04:37:22,334 INFO  db.DBStoreBuilder (DBStoreBuilder.java:processTables(161)) - Using default column profile:DBProfile.DISK for Table:userTable
2019-08-05 04:37:22,334 INFO  db.DBStoreBuilder (DBStoreBuilder.java:addTable(110)) - using custom profile for table: volumeTable
2019-08-05 04:37:22,334 INFO  db.DBStoreBuilder (DBStoreBuilder.java:processTables(161)) - Using default column profile:DBProfile.DISK for Table:volumeTable
2019-08-05 04:37:22,335 INFO  db.DBStoreBuilder (DBStoreBuilder.java:addTable(110)) - using custom profile for table: bucketTable
2019-08-05 04:37:22,335 INFO  db.DBStoreBuilder (DBStoreBuilder.java:processTables(161)) - Using default column profile:DBProfile.DISK for Table:bucketTable
2019-08-05 04:37:22,335 INFO  db.DBStoreBuilder (DBStoreBuilder.java:addTable(110)) - using custom profile for table: keyTable
2019-08-05 04:37:22,335 INFO  db.DBStoreBuilder (DBStoreBuilder.java:processTables(161)) - Using default column profile:DBProfile.DISK for Table:keyTable
2019-08-05 04:37:22,336 INFO  db.DBStoreBuilder (DBStoreBuilder.java:addTable(110)) - using custom profile for table: deletedTable
2019-08-05 04:37:22,336 INFO  db.DBStoreBuilder (DBStoreBuilder.java:processTables(161)) - Using default column profile:DBProfile.DISK for Table:deletedTable
2019-08-05 04:37:22,336 INFO  db.DBStoreBuilder (DBStoreBuilder.java:addTable(110)) - using custom profile for table: openKeyTable
2019-08-05 04:37:22,336 INFO  db.DBStoreBuilder (DBStoreBuilder.java:processTables(161)) - Using default column profile:DBProfile.DISK for Table:openKeyTable
2019-08-05 04:37:22,337 INFO  db.DBStoreBuilder (DBStoreBuilder.java:addTable(110)) - using custom profile for table: s3Table
2019-08-05 04:37:22,337 INFO  db.DBStoreBuilder (DBStoreBuilder.java:processTables(161)) - Using default column profile:DBProfile.DISK for Table:s3Table
2019-08-05 04:37:22,337 INFO  db.DBStoreBuilder (DBStoreBuilder.java:addTable(110)) - using custom profile for table: multipartInfoTable
2019-08-05 04:37:22,337 INFO  db.DBStoreBuilder (DBStoreBuilder.java:processTables(161)) - Using default column profile:DBProfile.DISK for Table:multipartInfoTable
2019-08-05 04:37:22,337 INFO  db.DBStoreBuilder (DBStoreBuilder.java:addTable(110)) - using custom profile for table: dTokenTable
2019-08-05 04:37:22,338 INFO  db.DBStoreBuilder (DBStoreBuilder.java:processTables(161)) - Using default column profile:DBProfile.DISK for Table:dTokenTable
2019-08-05 04:37:22,338 INFO  db.DBStoreBuilder (DBStoreBuilder.java:addTable(110)) - using custom profile for table: s3SecretTable
2019-08-05 04:37:22,338 INFO  db.DBStoreBuilder (DBStoreBuilder.java:processTables(161)) - Using default column profile:DBProfile.DISK for Table:s3SecretTable
2019-08-05 04:37:22,338 INFO  db.DBStoreBuilder (DBStoreBuilder.java:addTable(110)) - using custom profile for table: prefixTable
2019-08-05 04:37:22,338 INFO  db.DBStoreBuilder (DBStoreBuilder.java:processTables(161)) - Using default column profile:DBProfile.DISK for Table:prefixTable
2019-08-05 04:37:22,339 INFO  db.DBStoreBuilder (DBStoreBuilder.java:addTable(110)) - using custom profile for table: default
2019-08-05 04:37:22,339 INFO  db.DBStoreBuilder (DBStoreBuilder.java:processTables(167)) - Using default column profile:DBProfile.DISK for Table:default
2019-08-05 04:37:22,339 INFO  db.DBStoreBuilder (DBStoreBuilder.java:getDbProfile(198)) - Using default options. DBProfile.DISK
2019-08-05 04:37:22,362 DEBUG block.SCMBlockDeletingService (SCMBlockDeletingService.java:call(138)) - Running DeletedBlockTransactionScanner
2019-08-05 04:37:22,362 DEBUG block.SCMBlockDeletingService (SCMBlockDeletingService.java:call(155)) - Scanned deleted blocks log and got 0 delTX to process.
2019-08-05 04:37:22,463 DEBUG block.SCMBlockDeletingService (SCMBlockDeletingService.java:call(138)) - Running DeletedBlockTransactionScanner
2019-08-05 04:37:22,463 DEBUG block.SCMBlockDeletingService (SCMBlockDeletingService.java:call(155)) - Scanned deleted blocks log and got 0 delTX to process.
2019-08-05 04:37:22,564 DEBUG block.SCMBlockDeletingService (SCMBlockDeletingService.java:call(138)) - Running DeletedBlockTransactionScanner
2019-08-05 04:37:22,564 DEBUG block.SCMBlockDeletingService (SCMBlockDeletingService.java:call(155)) - Scanned deleted blocks log and got 0 delTX to process.
2019-08-05 04:37:22,665 DEBUG block.SCMBlockDeletingService (SCMBlockDeletingService.java:call(138)) - Running DeletedBlockTransactionScanner
2019-08-05 04:37:22,666 DEBUG block.SCMBlockDeletingService (SCMBlockDeletingService.java:call(155)) - Scanned deleted blocks log and got 0 delTX to process.
2019-08-05 04:37:22,766 DEBUG block.SCMBlockDeletingService (SCMBlockDeletingService.java:call(138)) - Running DeletedBlockTransactionScanner
2019-08-05 04:37:22,767 DEBUG block.SCMBlockDeletingService (SCMBlockDeletingService.java:call(155)) - Scanned deleted blocks log and got 0 delTX to process.
2019-08-05 04:37:22,867 DEBUG block.SCMBlockDeletingService (SCMBlockDeletingService.java:call(138)) - Running DeletedBlockTransactionScanner
2019-08-05 04:37:22,868 DEBUG block.SCMBlockDeletingService (SCMBlockDeletingService.java:call(155)) - Scanned deleted blocks log and got 0 delTX to process.
2019-08-05 04:37:22,968 DEBUG block.SCMBlockDeletingService (SCMBlockDeletingService.java:call(138)) - Running DeletedBlockTransactionScanner
2019-08-05 04:37:22,969 DEBUG block.SCMBlockDeletingService (SCMBlockDeletingService.java:call(155)) - Scanned deleted blocks log and got 0 delTX to process.
2019-08-05 04:37:23,011 INFO  ipc.CallQueueManager (CallQueueManager.java:<init>(84)) - Using callQueue: class java.util.concurrent.LinkedBlockingQueue, queueCapacity: 2000, scheduler: class org.apache.hadoop.ipc.DefaultRpcScheduler, ipcBackoff: false.
2019-08-05 04:37:23,012 INFO  ipc.Server (Server.java:run(1074)) - Starting Socket Reader #1 for port 41928
2019-08-05 04:37:23,035 INFO  om.OzoneManager (OzoneManager.java:start(1255)) - OzoneManager RPC server is listening at localhost/127.0.0.1:41928
2019-08-05 04:37:23,035 INFO  impl.MetricsSystemImpl (MetricsSystemImpl.java:init(158)) - OzoneManager metrics system started (again)
2019-08-05 04:37:23,037 INFO  ipc.Server (Server.java:run(1314)) - IPC Server Responder: starting
2019-08-05 04:37:23,038 INFO  ipc.Server (Server.java:run(1153)) - IPC Server listener on 41928: starting
2019-08-05 04:37:23,054 INFO  hdfs.DFSUtil (DFSUtil.java:httpServerTemplateForNNAndJN(1641)) - Starting Web-server for ozoneManager at: http://0.0.0.0:0
2019-08-05 04:37:23,056 INFO  server.AuthenticationFilter (AuthenticationFilter.java:constructSecretProvider(240)) - Unable to initialize FileSignerSecretProvider, falling back to use random secrets.
2019-08-05 04:37:23,056 WARN  http.HttpRequestLog (HttpRequestLog.java:getRequestLog(97)) - Jetty request log can only be enabled using Log4j
2019-08-05 04:37:23,059 INFO  http.HttpServer2 (HttpServer2.java:addGlobalFilter(975)) - Added global filter 'safety' (class=org.apache.hadoop.http.HttpServer2$QuotingInputFilter)
2019-08-05 04:37:23,059 INFO  http.HttpServer2 (HttpServer2.java:addFilter(948)) - Added filter static_user_filter (class=org.apache.hadoop.http.lib.StaticUserWebFilter$StaticUserFilter) to context ozoneManager
2019-08-05 04:37:23,060 INFO  http.HttpServer2 (HttpServer2.java:addFilter(958)) - Added filter static_user_filter (class=org.apache.hadoop.http.lib.StaticUserWebFilter$StaticUserFilter) to context logs
2019-08-05 04:37:23,060 INFO  http.HttpServer2 (HttpServer2.java:addFilter(958)) - Added filter static_user_filter (class=org.apache.hadoop.http.lib.StaticUserWebFilter$StaticUserFilter) to context static
2019-08-05 04:37:23,062 INFO  http.HttpServer2 (HttpServer2.java:bindListener(1191)) - Jetty bound to port 44189
2019-08-05 04:37:23,062 INFO  server.Server (Server.java:doStart(351)) - jetty-9.3.24.v20180605, build timestamp: 2018-06-05T17:11:56Z, git hash: 84205aa28f11a4f31f2a3b86d1bba2cc8ab69827
2019-08-05 04:37:23,064 INFO  handler.ContextHandler (ContextHandler.java:doStart(781)) - Started o.e.j.s.ServletContextHandler@4525d1d3{/logs,file:///workdir/hadoop-ozone/integration-test/target/log,AVAILABLE}
2019-08-05 04:37:23,065 INFO  handler.ContextHandler (ContextHandler.java:doStart(781)) - Started o.e.j.s.ServletContextHandler@1eea9d2d{/static,file:///workdir/hadoop-ozone/integration-test/target/test-classes/webapps/static,AVAILABLE}
2019-08-05 04:37:23,069 DEBUG block.SCMBlockDeletingService (SCMBlockDeletingService.java:call(138)) - Running DeletedBlockTransactionScanner
2019-08-05 04:37:23,070 DEBUG block.SCMBlockDeletingService (SCMBlockDeletingService.java:call(155)) - Scanned deleted blocks log and got 0 delTX to process.
2019-08-05 04:37:23,080 INFO  handler.ContextHandler (ContextHandler.java:doStart(781)) - Started o.e.j.w.WebAppContext@695a69a1{/,file:///workdir/hadoop-ozone/integration-test/target/test-classes/webapps/ozoneManager/,AVAILABLE}{/ozoneManager}
2019-08-05 04:37:23,080 INFO  server.AbstractConnector (AbstractConnector.java:doStart(278)) - Started ServerConnector@4b1abd11{HTTP/1.1,[http/1.1]}{0.0.0.0:44189}
2019-08-05 04:37:23,082 INFO  server.Server (Server.java:doStart(419)) - Started @4430ms
2019-08-05 04:37:23,083 INFO  server.BaseHttpServer (BaseHttpServer.java:updateConnectorAddress(207)) - HTTP server of OZONEMANAGER is listening at http://0.0.0.0:44189
2019-08-05 04:37:23,308 DEBUG block.SCMBlockDeletingService (SCMBlockDeletingService.java:call(138)) - Running DeletedBlockTransactionScanner
2019-08-05 04:37:23,308 DEBUG block.SCMBlockDeletingService (SCMBlockDeletingService.java:call(155)) - Scanned deleted blocks log and got 0 delTX to process.
2019-08-05 04:37:23,409 DEBUG block.SCMBlockDeletingService (SCMBlockDeletingService.java:call(138)) - Running DeletedBlockTransactionScanner
2019-08-05 04:37:23,409 DEBUG block.SCMBlockDeletingService (SCMBlockDeletingService.java:call(155)) - Scanned deleted blocks log and got 0 delTX to process.
2019-08-05 04:37:23,423 INFO  impl.MetricsSystemImpl (MetricsSystemImpl.java:init(158)) - HddsDatanode metrics system started (again)
2019-08-05 04:37:23,511 DEBUG block.SCMBlockDeletingService (SCMBlockDeletingService.java:call(138)) - Running DeletedBlockTransactionScanner
2019-08-05 04:37:23,512 DEBUG block.SCMBlockDeletingService (SCMBlockDeletingService.java:call(155)) - Scanned deleted blocks log and got 0 delTX to process.
2019-08-05 04:37:23,522 INFO  ozone.HddsDatanodeService (HddsDatanodeService.java:start(184)) - HddsDatanodeService host:byscane-nightly-228d8-4024241517 ip:192.168.157.247
2019-08-05 04:37:23,559 INFO  volume.HddsVolume (HddsVolume.java:<init>(176)) - Creating Volume: /workdir/hadoop-ozone/integration-test/target/test-dir/MiniOzoneClusterImpl-af67ccff-b14d-4344-aca9-2553e8e333a6/datanode-0/data/containers/hdds of  storage type : DISK and capacity : 52710309888
2019-08-05 04:37:23,561 INFO  volume.VolumeSet (VolumeSet.java:initializeVolumeSet(170)) - Added Volume : /workdir/hadoop-ozone/integration-test/target/test-dir/MiniOzoneClusterImpl-af67ccff-b14d-4344-aca9-2553e8e333a6/datanode-0/data/containers/hdds to VolumeSet
2019-08-05 04:37:23,564 INFO  volume.ThrottledAsyncChecker (ThrottledAsyncChecker.java:schedule(140)) - Scheduling a check for org.apache.hadoop.ozone.container.common.volume.HddsVolume@73017a80
2019-08-05 04:37:23,583 INFO  volume.HddsVolumeChecker (HddsVolumeChecker.java:checkAllVolumes(203)) - Scheduled health check for volume org.apache.hadoop.ozone.container.common.volume.HddsVolume@73017a80
2019-08-05 04:37:23,612 DEBUG block.SCMBlockDeletingService (SCMBlockDeletingService.java:call(138)) - Running DeletedBlockTransactionScanner
2019-08-05 04:37:23,613 DEBUG block.SCMBlockDeletingService (SCMBlockDeletingService.java:call(155)) - Scanned deleted blocks log and got 0 delTX to process.
2019-08-05 04:37:23,713 INFO  impl.RaftServerProxy (ConfUtils.java:logGet(43)) - raft.rpc.type = GRPC (default)
2019-08-05 04:37:23,714 DEBUG block.SCMBlockDeletingService (SCMBlockDeletingService.java:call(138)) - Running DeletedBlockTransactionScanner
2019-08-05 04:37:23,714 DEBUG block.SCMBlockDeletingService (SCMBlockDeletingService.java:call(155)) - Scanned deleted blocks log and got 0 delTX to process.
2019-08-05 04:37:23,778 INFO  grpc.GrpcFactory (GrpcFactory.java:checkPooledByteBufAllocatorUseCacheForAllThreads(45)) - PERFORMANCE WARNING: useCacheForAllThreads is true that may cause Netty to create a lot garbage objects and, as a result, trigger GC.
	It is recommended to disable useCacheForAllThreads by setting -Dorg.apache.ratis.thirdparty.io.netty.allocator.useCacheForAllThreads=false in command line.
2019-08-05 04:37:23,783 INFO  grpc.GrpcConfigKeys$Server (ConfUtils.java:logGet(43)) - raft.grpc.server.port = 0 (default)
2019-08-05 04:37:23,784 INFO  server.GrpcService (ConfUtils.java:logGet(43)) - raft.grpc.message.size.max = 33570816 (custom)
2019-08-05 04:37:23,785 INFO  server.RaftServerConfigKeys (ConfUtils.java:logGet(43)) - raft.server.log.appender.buffer.byte-limit = 33554432 (custom)
2019-08-05 04:37:23,786 INFO  server.GrpcService (ConfUtils.java:logGet(43)) - raft.grpc.flow.control.window = 1MB (=1048576) (default)
2019-08-05 04:37:23,787 INFO  server.RaftServerConfigKeys (ConfUtils.java:logGet(43)) - raft.server.rpc.request.timeout = 3000ms (default)
2019-08-05 04:37:23,815 DEBUG block.SCMBlockDeletingService (SCMBlockDeletingService.java:call(138)) - Running DeletedBlockTransactionScanner
2019-08-05 04:37:23,815 DEBUG block.SCMBlockDeletingService (SCMBlockDeletingService.java:call(155)) - Scanned deleted blocks log and got 0 delTX to process.
2019-08-05 04:37:23,916 DEBUG block.SCMBlockDeletingService (SCMBlockDeletingService.java:call(138)) - Running DeletedBlockTransactionScanner
2019-08-05 04:37:23,916 DEBUG block.SCMBlockDeletingService (SCMBlockDeletingService.java:call(155)) - Scanned deleted blocks log and got 0 delTX to process.
2019-08-05 04:37:23,938 INFO  server.RaftServerConfigKeys (ConfUtils.java:logGet(43)) - raft.server.storage.dir = [/workdir/hadoop-ozone/integration-test/target/test-dir/MiniOzoneClusterImpl-af67ccff-b14d-4344-aca9-2553e8e333a6/datanode-0/data/ratis] (custom)
2019-08-05 04:37:23,983 INFO  replication.SimpleContainerDownloader (SimpleContainerDownloader.java:<init>(72)) - Starting container downloader service to copy containers to replicate.
2019-08-05 04:37:23,997 INFO  hdfs.DFSUtil (DFSUtil.java:httpServerTemplateForNNAndJN(1641)) - Starting Web-server for hddsDatanode at: http://0.0.0.0:0
2019-08-05 04:37:24,000 INFO  server.AuthenticationFilter (AuthenticationFilter.java:constructSecretProvider(240)) - Unable to initialize FileSignerSecretProvider, falling back to use random secrets.
2019-08-05 04:37:24,002 WARN  http.HttpRequestLog (HttpRequestLog.java:getRequestLog(97)) - Jetty request log can only be enabled using Log4j
2019-08-05 04:37:24,005 INFO  http.HttpServer2 (HttpServer2.java:addGlobalFilter(975)) - Added global filter 'safety' (class=org.apache.hadoop.http.HttpServer2$QuotingInputFilter)
2019-08-05 04:37:24,006 INFO  http.HttpServer2 (HttpServer2.java:addFilter(948)) - Added filter static_user_filter (class=org.apache.hadoop.http.lib.StaticUserWebFilter$StaticUserFilter) to context hddsDatanode
2019-08-05 04:37:24,007 INFO  http.HttpServer2 (HttpServer2.java:addFilter(958)) - Added filter static_user_filter (class=org.apache.hadoop.http.lib.StaticUserWebFilter$StaticUserFilter) to context static
2019-08-05 04:37:24,007 INFO  http.HttpServer2 (HttpServer2.java:addFilter(958)) - Added filter static_user_filter (class=org.apache.hadoop.http.lib.StaticUserWebFilter$StaticUserFilter) to context logs
2019-08-05 04:37:24,009 INFO  http.HttpServer2 (HttpServer2.java:bindListener(1191)) - Jetty bound to port 35030
2019-08-05 04:37:24,009 INFO  server.Server (Server.java:doStart(351)) - jetty-9.3.24.v20180605, build timestamp: 2018-06-05T17:11:56Z, git hash: 84205aa28f11a4f31f2a3b86d1bba2cc8ab69827
2019-08-05 04:37:24,017 DEBUG block.SCMBlockDeletingService (SCMBlockDeletingService.java:call(138)) - Running DeletedBlockTransactionScanner
2019-08-05 04:37:24,018 DEBUG block.SCMBlockDeletingService (SCMBlockDeletingService.java:call(155)) - Scanned deleted blocks log and got 0 delTX to process.
2019-08-05 04:37:24,019 INFO  handler.ContextHandler (ContextHandler.java:doStart(781)) - Started o.e.j.s.ServletContextHandler@5c080ef3{/logs,file:///workdir/hadoop-ozone/integration-test/target/log,AVAILABLE}
2019-08-05 04:37:24,020 INFO  handler.ContextHandler (ContextHandler.java:doStart(781)) - Started o.e.j.s.ServletContextHandler@4ee6291f{/static,jar:file:/home/user/.m2/repository/org/apache/hadoop/hadoop-hdds-container-service/0.4.1-SNAPSHOT/hadoop-hdds-container-service-0.4.1-SNAPSHOT.jar!/webapps/static,AVAILABLE}
2019-08-05 04:37:24,072 INFO  handler.ContextHandler (ContextHandler.java:doStart(781)) - Started o.e.j.w.WebAppContext@302edb74{/,file:///tmp/jetty-0.0.0.0-35030-hddsDatanode-_-any-6223850087009235060.dir/webapp/,AVAILABLE}{/hddsDatanode}
2019-08-05 04:37:24,073 INFO  server.AbstractConnector (AbstractConnector.java:doStart(278)) - Started ServerConnector@7efd28bd{HTTP/1.1,[http/1.1]}{0.0.0.0:35030}
2019-08-05 04:37:24,076 INFO  server.Server (Server.java:doStart(419)) - Started @5422ms
2019-08-05 04:37:24,077 INFO  server.BaseHttpServer (BaseHttpServer.java:updateConnectorAddress(207)) - HTTP server of HDDSDATANODE is listening at http://0.0.0.0:35030
2019-08-05 04:37:24,119 DEBUG block.SCMBlockDeletingService (SCMBlockDeletingService.java:call(138)) - Running DeletedBlockTransactionScanner
2019-08-05 04:37:24,119 DEBUG block.SCMBlockDeletingService (SCMBlockDeletingService.java:call(155)) - Scanned deleted blocks log and got 0 delTX to process.
2019-08-05 04:37:24,220 DEBUG block.SCMBlockDeletingService (SCMBlockDeletingService.java:call(138)) - Running DeletedBlockTransactionScanner
2019-08-05 04:37:24,220 DEBUG block.SCMBlockDeletingService (SCMBlockDeletingService.java:call(155)) - Scanned deleted blocks log and got 0 delTX to process.
2019-08-05 04:37:24,321 DEBUG block.SCMBlockDeletingService (SCMBlockDeletingService.java:call(138)) - Running DeletedBlockTransactionScanner
2019-08-05 04:37:24,322 DEBUG block.SCMBlockDeletingService (SCMBlockDeletingService.java:call(155)) - Scanned deleted blocks log and got 0 delTX to process.
2019-08-05 04:37:24,422 DEBUG block.SCMBlockDeletingService (SCMBlockDeletingService.java:call(138)) - Running DeletedBlockTransactionScanner
2019-08-05 04:37:24,423 DEBUG block.SCMBlockDeletingService (SCMBlockDeletingService.java:call(155)) - Scanned deleted blocks log and got 0 delTX to process.
2019-08-05 04:37:24,523 DEBUG block.SCMBlockDeletingService (SCMBlockDeletingService.java:call(138)) - Running DeletedBlockTransactionScanner
2019-08-05 04:37:24,523 DEBUG block.SCMBlockDeletingService (SCMBlockDeletingService.java:call(155)) - Scanned deleted blocks log and got 0 delTX to process.
2019-08-05 04:37:24,624 DEBUG block.SCMBlockDeletingService (SCMBlockDeletingService.java:call(138)) - Running DeletedBlockTransactionScanner
2019-08-05 04:37:24,624 DEBUG block.SCMBlockDeletingService (SCMBlockDeletingService.java:call(155)) - Scanned deleted blocks log and got 0 delTX to process.
2019-08-05 04:37:24,725 DEBUG block.SCMBlockDeletingService (SCMBlockDeletingService.java:call(138)) - Running DeletedBlockTransactionScanner
2019-08-05 04:37:24,725 DEBUG block.SCMBlockDeletingService (SCMBlockDeletingService.java:call(155)) - Scanned deleted blocks log and got 0 delTX to process.
2019-08-05 04:37:24,826 DEBUG block.SCMBlockDeletingService (SCMBlockDeletingService.java:call(138)) - Running DeletedBlockTransactionScanner
2019-08-05 04:37:24,826 DEBUG block.SCMBlockDeletingService (SCMBlockDeletingService.java:call(155)) - Scanned deleted blocks log and got 0 delTX to process.
2019-08-05 04:37:24,927 DEBUG block.SCMBlockDeletingService (SCMBlockDeletingService.java:call(138)) - Running DeletedBlockTransactionScanner
2019-08-05 04:37:24,928 DEBUG block.SCMBlockDeletingService (SCMBlockDeletingService.java:call(155)) - Scanned deleted blocks log and got 0 delTX to process.
2019-08-05 04:37:25,028 DEBUG block.SCMBlockDeletingService (SCMBlockDeletingService.java:call(138)) - Running DeletedBlockTransactionScanner
2019-08-05 04:37:25,029 DEBUG block.SCMBlockDeletingService (SCMBlockDeletingService.java:call(155)) - Scanned deleted blocks log and got 0 delTX to process.
2019-08-05 04:37:25,130 DEBUG block.SCMBlockDeletingService (SCMBlockDeletingService.java:call(138)) - Running DeletedBlockTransactionScanner
2019-08-05 04:37:25,130 DEBUG block.SCMBlockDeletingService (SCMBlockDeletingService.java:call(155)) - Scanned deleted blocks log and got 0 delTX to process.
2019-08-05 04:37:25,231 DEBUG block.SCMBlockDeletingService (SCMBlockDeletingService.java:call(138)) - Running DeletedBlockTransactionScanner
2019-08-05 04:37:25,232 DEBUG block.SCMBlockDeletingService (SCMBlockDeletingService.java:call(155)) - Scanned deleted blocks log and got 0 delTX to process.
2019-08-05 04:37:25,243 INFO  ozone.HddsDatanodeService (HddsDatanodeService.java:startPlugins(395)) - Started plug-in org.apache.hadoop.ozone.web.OzoneHddsDatanodeService@3f8dfe74
2019-08-05 04:37:25,246 INFO  ozone.MiniOzoneClusterImpl (MiniOzoneClusterImpl.java:lambda$waitForClusterToBeReady$0(142)) - Waiting for cluster to be ready. Got 0 of 1 DN Heartbeats.
2019-08-05 04:37:25,253 INFO  util.JvmPauseMonitor (JvmPauseMonitor.java:run(188)) - Starting JVM pause monitor
2019-08-05 04:37:25,333 DEBUG block.SCMBlockDeletingService (SCMBlockDeletingService.java:call(138)) - Running DeletedBlockTransactionScanner
2019-08-05 04:37:25,333 DEBUG block.SCMBlockDeletingService (SCMBlockDeletingService.java:call(155)) - Scanned deleted blocks log and got 0 delTX to process.
2019-08-05 04:37:25,368 INFO  datanode.InitDatanodeState (InitDatanodeState.java:persistContainerDatanodeDetails(140)) - DatanodeDetails is persisted to /workdir/hadoop-ozone/integration-test/target/test-dir/MiniOzoneClusterImpl-af67ccff-b14d-4344-aca9-2553e8e333a6/datanode-0/meta/datanode.id
2019-08-05 04:37:25,434 DEBUG block.SCMBlockDeletingService (SCMBlockDeletingService.java:call(138)) - Running DeletedBlockTransactionScanner
2019-08-05 04:37:25,434 DEBUG block.SCMBlockDeletingService (SCMBlockDeletingService.java:call(155)) - Scanned deleted blocks log and got 0 delTX to process.
2019-08-05 04:37:25,535 DEBUG block.SCMBlockDeletingService (SCMBlockDeletingService.java:call(138)) - Running DeletedBlockTransactionScanner
2019-08-05 04:37:25,535 DEBUG block.SCMBlockDeletingService (SCMBlockDeletingService.java:call(155)) - Scanned deleted blocks log and got 0 delTX to process.
2019-08-05 04:37:25,636 DEBUG block.SCMBlockDeletingService (SCMBlockDeletingService.java:call(138)) - Running DeletedBlockTransactionScanner
2019-08-05 04:37:25,636 DEBUG block.SCMBlockDeletingService (SCMBlockDeletingService.java:call(155)) - Scanned deleted blocks log and got 0 delTX to process.
2019-08-05 04:37:25,737 DEBUG block.SCMBlockDeletingService (SCMBlockDeletingService.java:call(138)) - Running DeletedBlockTransactionScanner
2019-08-05 04:37:25,737 DEBUG block.SCMBlockDeletingService (SCMBlockDeletingService.java:call(155)) - Scanned deleted blocks log and got 0 delTX to process.
2019-08-05 04:37:25,838 DEBUG block.SCMBlockDeletingService (SCMBlockDeletingService.java:call(138)) - Running DeletedBlockTransactionScanner
2019-08-05 04:37:25,838 DEBUG block.SCMBlockDeletingService (SCMBlockDeletingService.java:call(155)) - Scanned deleted blocks log and got 0 delTX to process.
2019-08-05 04:37:25,938 DEBUG block.SCMBlockDeletingService (SCMBlockDeletingService.java:call(138)) - Running DeletedBlockTransactionScanner
2019-08-05 04:37:25,939 DEBUG block.SCMBlockDeletingService (SCMBlockDeletingService.java:call(155)) - Scanned deleted blocks log and got 0 delTX to process.
2019-08-05 04:37:26,040 DEBUG block.SCMBlockDeletingService (SCMBlockDeletingService.java:call(138)) - Running DeletedBlockTransactionScanner
2019-08-05 04:37:26,040 DEBUG block.SCMBlockDeletingService (SCMBlockDeletingService.java:call(155)) - Scanned deleted blocks log and got 0 delTX to process.
2019-08-05 04:37:26,141 DEBUG block.SCMBlockDeletingService (SCMBlockDeletingService.java:call(138)) - Running DeletedBlockTransactionScanner
2019-08-05 04:37:26,141 DEBUG block.SCMBlockDeletingService (SCMBlockDeletingService.java:call(155)) - Scanned deleted blocks log and got 0 delTX to process.
2019-08-05 04:37:26,241 DEBUG block.SCMBlockDeletingService (SCMBlockDeletingService.java:call(138)) - Running DeletedBlockTransactionScanner
2019-08-05 04:37:26,242 DEBUG block.SCMBlockDeletingService (SCMBlockDeletingService.java:call(155)) - Scanned deleted blocks log and got 0 delTX to process.
2019-08-05 04:37:26,247 INFO  ozone.MiniOzoneClusterImpl (MiniOzoneClusterImpl.java:lambda$waitForClusterToBeReady$0(142)) - Waiting for cluster to be ready. Got 0 of 1 DN Heartbeats.
2019-08-05 04:37:26,342 DEBUG block.SCMBlockDeletingService (SCMBlockDeletingService.java:call(138)) - Running DeletedBlockTransactionScanner
2019-08-05 04:37:26,343 DEBUG block.SCMBlockDeletingService (SCMBlockDeletingService.java:call(155)) - Scanned deleted blocks log and got 0 delTX to process.
2019-08-05 04:37:26,443 DEBUG block.SCMBlockDeletingService (SCMBlockDeletingService.java:call(138)) - Running DeletedBlockTransactionScanner
2019-08-05 04:37:26,444 DEBUG block.SCMBlockDeletingService (SCMBlockDeletingService.java:call(155)) - Scanned deleted blocks log and got 0 delTX to process.
2019-08-05 04:37:26,544 DEBUG block.SCMBlockDeletingService (SCMBlockDeletingService.java:call(138)) - Running DeletedBlockTransactionScanner
2019-08-05 04:37:26,545 DEBUG block.SCMBlockDeletingService (SCMBlockDeletingService.java:call(155)) - Scanned deleted blocks log and got 0 delTX to process.
2019-08-05 04:37:26,645 DEBUG block.SCMBlockDeletingService (SCMBlockDeletingService.java:call(138)) - Running DeletedBlockTransactionScanner
2019-08-05 04:37:26,645 DEBUG block.SCMBlockDeletingService (SCMBlockDeletingService.java:call(155)) - Scanned deleted blocks log and got 0 delTX to process.
2019-08-05 04:37:26,746 DEBUG block.SCMBlockDeletingService (SCMBlockDeletingService.java:call(138)) - Running DeletedBlockTransactionScanner
2019-08-05 04:37:26,746 DEBUG block.SCMBlockDeletingService (SCMBlockDeletingService.java:call(155)) - Scanned deleted blocks log and got 0 delTX to process.
2019-08-05 04:37:26,847 DEBUG block.SCMBlockDeletingService (SCMBlockDeletingService.java:call(138)) - Running DeletedBlockTransactionScanner
2019-08-05 04:37:26,847 DEBUG block.SCMBlockDeletingService (SCMBlockDeletingService.java:call(155)) - Scanned deleted blocks log and got 0 delTX to process.
2019-08-05 04:37:26,948 DEBUG block.SCMBlockDeletingService (SCMBlockDeletingService.java:call(138)) - Running DeletedBlockTransactionScanner
2019-08-05 04:37:26,948 DEBUG block.SCMBlockDeletingService (SCMBlockDeletingService.java:call(155)) - Scanned deleted blocks log and got 0 delTX to process.
2019-08-05 04:37:27,049 DEBUG block.SCMBlockDeletingService (SCMBlockDeletingService.java:call(138)) - Running DeletedBlockTransactionScanner
2019-08-05 04:37:27,049 DEBUG block.SCMBlockDeletingService (SCMBlockDeletingService.java:call(155)) - Scanned deleted blocks log and got 0 delTX to process.
2019-08-05 04:37:27,150 DEBUG block.SCMBlockDeletingService (SCMBlockDeletingService.java:call(138)) - Running DeletedBlockTransactionScanner
2019-08-05 04:37:27,150 DEBUG block.SCMBlockDeletingService (SCMBlockDeletingService.java:call(155)) - Scanned deleted blocks log and got 0 delTX to process.
2019-08-05 04:37:27,247 INFO  ozone.MiniOzoneClusterImpl (MiniOzoneClusterImpl.java:lambda$waitForClusterToBeReady$0(142)) - Waiting for cluster to be ready. Got 0 of 1 DN Heartbeats.
2019-08-05 04:37:27,251 DEBUG block.SCMBlockDeletingService (SCMBlockDeletingService.java:call(138)) - Running DeletedBlockTransactionScanner
2019-08-05 04:37:27,251 DEBUG block.SCMBlockDeletingService (SCMBlockDeletingService.java:call(155)) - Scanned deleted blocks log and got 0 delTX to process.
2019-08-05 04:37:27,329 INFO  ozoneimpl.OzoneContainer (OzoneContainer.java:start(186)) - Attempting to start container services.
2019-08-05 04:37:27,331 INFO  ozoneimpl.OzoneContainer (OzoneContainer.java:startContainerScrub(160)) - Background container scrubber has been disabled by hdds.containerscrub.enabled
2019-08-05 04:37:27,331 INFO  ratis.XceiverServerRatis (XceiverServerRatis.java:start(404)) - Starting XceiverServerRatis 3f4de2de-7d09-498f-aead-42327df81d94 at port 0
2019-08-05 04:37:27,352 DEBUG block.SCMBlockDeletingService (SCMBlockDeletingService.java:call(138)) - Running DeletedBlockTransactionScanner
2019-08-05 04:37:27,352 DEBUG block.SCMBlockDeletingService (SCMBlockDeletingService.java:call(155)) - Scanned deleted blocks log and got 0 delTX to process.
2019-08-05 04:37:27,358 INFO  impl.RaftServerProxy (RaftServerProxy.java:lambda$start$3(299)) - 3f4de2de-7d09-498f-aead-42327df81d94: start RPC server
2019-08-05 04:37:27,452 DEBUG block.SCMBlockDeletingService (SCMBlockDeletingService.java:call(138)) - Running DeletedBlockTransactionScanner
2019-08-05 04:37:27,453 DEBUG block.SCMBlockDeletingService (SCMBlockDeletingService.java:call(155)) - Scanned deleted blocks log and got 0 delTX to process.
2019-08-05 04:37:27,485 INFO  server.GrpcService (GrpcService.java:startImpl(149)) - 3f4de2de-7d09-498f-aead-42327df81d94: GrpcService started, listening on 0.0.0.0/0.0.0.0:41860
2019-08-05 04:37:27,486 INFO  ratis.XceiverServerRatis (XceiverServerRatis.java:start(414)) - XceiverServerRatis 3f4de2de-7d09-498f-aead-42327df81d94 is started using port 41860
2019-08-05 04:37:27,487 INFO  server.XceiverServerGrpc (XceiverServerGrpc.java:start(161)) - XceiverServerGrpc 3f4de2de-7d09-498f-aead-42327df81d94 is started using port 33378
2019-08-05 04:37:27,553 DEBUG block.SCMBlockDeletingService (SCMBlockDeletingService.java:call(138)) - Running DeletedBlockTransactionScanner
2019-08-05 04:37:27,553 DEBUG block.SCMBlockDeletingService (SCMBlockDeletingService.java:call(155)) - Scanned deleted blocks log and got 0 delTX to process.
2019-08-05 04:37:27,654 DEBUG block.SCMBlockDeletingService (SCMBlockDeletingService.java:call(138)) - Running DeletedBlockTransactionScanner
2019-08-05 04:37:27,654 DEBUG block.SCMBlockDeletingService (SCMBlockDeletingService.java:call(155)) - Scanned deleted blocks log and got 0 delTX to process.
2019-08-05 04:37:27,754 DEBUG block.SCMBlockDeletingService (SCMBlockDeletingService.java:call(138)) - Running DeletedBlockTransactionScanner
2019-08-05 04:37:27,755 DEBUG block.SCMBlockDeletingService (SCMBlockDeletingService.java:call(155)) - Scanned deleted blocks log and got 0 delTX to process.
2019-08-05 04:37:27,855 DEBUG block.SCMBlockDeletingService (SCMBlockDeletingService.java:call(138)) - Running DeletedBlockTransactionScanner
2019-08-05 04:37:27,855 DEBUG block.SCMBlockDeletingService (SCMBlockDeletingService.java:call(155)) - Scanned deleted blocks log and got 0 delTX to process.
2019-08-05 04:37:27,956 DEBUG block.SCMBlockDeletingService (SCMBlockDeletingService.java:call(138)) - Running DeletedBlockTransactionScanner
2019-08-05 04:37:27,956 DEBUG block.SCMBlockDeletingService (SCMBlockDeletingService.java:call(155)) - Scanned deleted blocks log and got 0 delTX to process.
2019-08-05 04:37:28,057 DEBUG block.SCMBlockDeletingService (SCMBlockDeletingService.java:call(138)) - Running DeletedBlockTransactionScanner
2019-08-05 04:37:28,057 DEBUG block.SCMBlockDeletingService (SCMBlockDeletingService.java:call(155)) - Scanned deleted blocks log and got 0 delTX to process.
2019-08-05 04:37:28,158 DEBUG block.SCMBlockDeletingService (SCMBlockDeletingService.java:call(138)) - Running DeletedBlockTransactionScanner
2019-08-05 04:37:28,158 DEBUG block.SCMBlockDeletingService (SCMBlockDeletingService.java:call(155)) - Scanned deleted blocks log and got 0 delTX to process.
2019-08-05 04:37:28,248 INFO  ozone.MiniOzoneClusterImpl (MiniOzoneClusterImpl.java:lambda$waitForClusterToBeReady$0(142)) - Waiting for cluster to be ready. Got 0 of 1 DN Heartbeats.
2019-08-05 04:37:28,259 DEBUG block.SCMBlockDeletingService (SCMBlockDeletingService.java:call(138)) - Running DeletedBlockTransactionScanner
2019-08-05 04:37:28,259 DEBUG block.SCMBlockDeletingService (SCMBlockDeletingService.java:call(155)) - Scanned deleted blocks log and got 0 delTX to process.
2019-08-05 04:37:28,359 DEBUG block.SCMBlockDeletingService (SCMBlockDeletingService.java:call(138)) - Running DeletedBlockTransactionScanner
2019-08-05 04:37:28,360 DEBUG block.SCMBlockDeletingService (SCMBlockDeletingService.java:call(155)) - Scanned deleted blocks log and got 0 delTX to process.
2019-08-05 04:37:28,460 DEBUG block.SCMBlockDeletingService (SCMBlockDeletingService.java:call(138)) - Running DeletedBlockTransactionScanner
2019-08-05 04:37:28,461 DEBUG block.SCMBlockDeletingService (SCMBlockDeletingService.java:call(155)) - Scanned deleted blocks log and got 0 delTX to process.
2019-08-05 04:37:28,561 DEBUG block.SCMBlockDeletingService (SCMBlockDeletingService.java:call(138)) - Running DeletedBlockTransactionScanner
2019-08-05 04:37:28,562 DEBUG block.SCMBlockDeletingService (SCMBlockDeletingService.java:call(155)) - Scanned deleted blocks log and got 0 delTX to process.
2019-08-05 04:37:28,662 DEBUG block.SCMBlockDeletingService (SCMBlockDeletingService.java:call(138)) - Running DeletedBlockTransactionScanner
2019-08-05 04:37:28,662 DEBUG block.SCMBlockDeletingService (SCMBlockDeletingService.java:call(155)) - Scanned deleted blocks log and got 0 delTX to process.
2019-08-05 04:37:28,763 DEBUG block.SCMBlockDeletingService (SCMBlockDeletingService.java:call(138)) - Running DeletedBlockTransactionScanner
2019-08-05 04:37:28,763 DEBUG block.SCMBlockDeletingService (SCMBlockDeletingService.java:call(155)) - Scanned deleted blocks log and got 0 delTX to process.
2019-08-05 04:37:28,864 DEBUG block.SCMBlockDeletingService (SCMBlockDeletingService.java:call(138)) - Running DeletedBlockTransactionScanner
2019-08-05 04:37:28,864 DEBUG block.SCMBlockDeletingService (SCMBlockDeletingService.java:call(155)) - Scanned deleted blocks log and got 0 delTX to process.
2019-08-05 04:37:28,965 DEBUG block.SCMBlockDeletingService (SCMBlockDeletingService.java:call(138)) - Running DeletedBlockTransactionScanner
2019-08-05 04:37:28,965 DEBUG block.SCMBlockDeletingService (SCMBlockDeletingService.java:call(155)) - Scanned deleted blocks log and got 0 delTX to process.
2019-08-05 04:37:29,066 DEBUG block.SCMBlockDeletingService (SCMBlockDeletingService.java:call(138)) - Running DeletedBlockTransactionScanner
2019-08-05 04:37:29,066 DEBUG block.SCMBlockDeletingService (SCMBlockDeletingService.java:call(155)) - Scanned deleted blocks log and got 0 delTX to process.
2019-08-05 04:37:29,167 DEBUG block.SCMBlockDeletingService (SCMBlockDeletingService.java:call(138)) - Running DeletedBlockTransactionScanner
2019-08-05 04:37:29,167 DEBUG block.SCMBlockDeletingService (SCMBlockDeletingService.java:call(155)) - Scanned deleted blocks log and got 0 delTX to process.
2019-08-05 04:37:29,248 INFO  ozone.MiniOzoneClusterImpl (MiniOzoneClusterImpl.java:lambda$waitForClusterToBeReady$0(142)) - Waiting for cluster to be ready. Got 0 of 1 DN Heartbeats.
2019-08-05 04:37:29,267 DEBUG block.SCMBlockDeletingService (SCMBlockDeletingService.java:call(138)) - Running DeletedBlockTransactionScanner
2019-08-05 04:37:29,268 DEBUG block.SCMBlockDeletingService (SCMBlockDeletingService.java:call(155)) - Scanned deleted blocks log and got 0 delTX to process.
2019-08-05 04:37:29,297 INFO  net.NetworkTopology (NetworkTopologyImpl.java:add(110)) - Added a new node: /default-rack/3f4de2de-7d09-498f-aead-42327df81d94
2019-08-05 04:37:29,298 INFO  node.SCMNodeManager (SCMNodeManager.java:register(273)) - Registered Data node : 3f4de2de-7d09-498f-aead-42327df81d94{ip: 192.168.157.247, host: byscane-nightly-228d8-4024241517, networkLocation: /default-rack, certSerialId: null}
2019-08-05 04:37:29,303 INFO  safemode.SCMSafeModeManager (DataNodeSafeModeRule.java:process(71)) - SCM in safe mode. 1 DataNodes registered, 1 required.
2019-08-05 04:37:29,303 INFO  safemode.SCMSafeModeManager (SCMSafeModeManager.java:validateSafeModeExitRules(177)) - ScmSafeModeManager, all rules are successfully validated
2019-08-05 04:37:29,303 INFO  safemode.SCMSafeModeManager (SCMSafeModeManager.java:exitSafeMode(193)) - SCM exiting safe mode.
2019-08-05 04:37:29,368 DEBUG block.SCMBlockDeletingService (SCMBlockDeletingService.java:call(138)) - Running DeletedBlockTransactionScanner
2019-08-05 04:37:29,369 DEBUG block.SCMBlockDeletingService (SCMBlockDeletingService.java:call(155)) - Scanned deleted blocks log and got 0 delTX to process.
2019-08-05 04:37:29,470 DEBUG block.SCMBlockDeletingService (SCMBlockDeletingService.java:call(138)) - Running DeletedBlockTransactionScanner
2019-08-05 04:37:29,470 DEBUG block.SCMBlockDeletingService (SCMBlockDeletingService.java:call(155)) - Scanned deleted blocks log and got 0 delTX to process.
2019-08-05 04:37:29,570 DEBUG block.SCMBlockDeletingService (SCMBlockDeletingService.java:call(138)) - Running DeletedBlockTransactionScanner
2019-08-05 04:37:29,571 DEBUG block.SCMBlockDeletingService (SCMBlockDeletingService.java:call(155)) - Scanned deleted blocks log and got 0 delTX to process.
2019-08-05 04:37:29,672 DEBUG block.SCMBlockDeletingService (SCMBlockDeletingService.java:call(138)) - Running DeletedBlockTransactionScanner
2019-08-05 04:37:29,672 DEBUG block.SCMBlockDeletingService (SCMBlockDeletingService.java:call(155)) - Scanned deleted blocks log and got 0 delTX to process.
2019-08-05 04:37:29,773 DEBUG block.SCMBlockDeletingService (SCMBlockDeletingService.java:call(138)) - Running DeletedBlockTransactionScanner
2019-08-05 04:37:29,773 DEBUG block.SCMBlockDeletingService (SCMBlockDeletingService.java:call(155)) - Scanned deleted blocks log and got 0 delTX to process.
2019-08-05 04:37:29,831 INFO  impl.RaftServerProxy (RaftServerProxy.java:addNew(89)) - 3f4de2de-7d09-498f-aead-42327df81d94: addNew group-C7908E81CC6B:[3f4de2de-7d09-498f-aead-42327df81d94:192.168.157.247:41860] returns group-C7908E81CC6B:java.util.concurrent.CompletableFuture@24da05d8[Not completed]
2019-08-05 04:37:29,850 INFO  impl.RaftServerImpl (RaftServerImpl.java:<init>(93)) - 3f4de2de-7d09-498f-aead-42327df81d94: new RaftServerImpl for group-C7908E81CC6B:[3f4de2de-7d09-498f-aead-42327df81d94:192.168.157.247:41860] with ContainerStateMachine:uninitialized
2019-08-05 04:37:29,852 INFO  server.RaftServerConfigKeys (ConfUtils.java:logGet(43)) - raft.server.rpc.timeout.min = 5s (custom)
2019-08-05 04:37:29,854 INFO  server.RaftServerConfigKeys (ConfUtils.java:logGet(43)) - raft.server.rpc.timeout.max = 5200ms (custom)
2019-08-05 04:37:29,854 INFO  server.RaftServerConfigKeys (ConfUtils.java:logGet(43)) - raft.server.rpcslowness.timeout = 120s (custom)
2019-08-05 04:37:29,855 INFO  server.RaftServerConfigKeys (ConfUtils.java:logGet(43)) - raft.server.sleep.deviation.threshold = 300 (default)
2019-08-05 04:37:29,857 INFO  server.RaftServerConfigKeys (ConfUtils.java:logGet(43)) - raft.server.log.appender.install.snapshot.enabled = false (custom)
2019-08-05 04:37:29,867 INFO  impl.RaftServerImpl (ServerState.java:<init>(105)) - 3f4de2de-7d09-498f-aead-42327df81d94:group-C7908E81CC6B ConfigurationManager, init=-1: [3f4de2de-7d09-498f-aead-42327df81d94:192.168.157.247:41860], old=null, confs=<EMPTY_MAP>
2019-08-05 04:37:29,867 INFO  server.RaftServerConfigKeys (ConfUtils.java:logGet(43)) - raft.server.storage.dir = [/workdir/hadoop-ozone/integration-test/target/test-dir/MiniOzoneClusterImpl-af67ccff-b14d-4344-aca9-2553e8e333a6/datanode-0/data/ratis] (custom)
2019-08-05 04:37:29,874 DEBUG block.SCMBlockDeletingService (SCMBlockDeletingService.java:call(138)) - Running DeletedBlockTransactionScanner
2019-08-05 04:37:29,874 DEBUG block.SCMBlockDeletingService (SCMBlockDeletingService.java:call(155)) - Scanned deleted blocks log and got 0 delTX to process.
2019-08-05 04:37:29,877 INFO  storage.RaftStorageDirectory (RaftStorageDirectory.java:analyzeStorage(246)) - The storage directory /workdir/hadoop-ozone/integration-test/target/test-dir/MiniOzoneClusterImpl-af67ccff-b14d-4344-aca9-2553e8e333a6/datanode-0/data/ratis/25174f8a-9958-42d2-a9fa-c7908e81cc6b does not exist. Creating ...
2019-08-05 04:37:29,908 INFO  storage.RaftStorageDirectory (RaftStorageDirectory.java:tryLock(328)) - Lock on /workdir/hadoop-ozone/integration-test/target/test-dir/MiniOzoneClusterImpl-af67ccff-b14d-4344-aca9-2553e8e333a6/datanode-0/data/ratis/25174f8a-9958-42d2-a9fa-c7908e81cc6b/in_use.lock acquired by nodename 31478@byscane-nightly-228d8-4024241517
2019-08-05 04:37:29,924 INFO  storage.RaftStorage (RaftStorage.java:format(72)) - Storage directory /workdir/hadoop-ozone/integration-test/target/test-dir/MiniOzoneClusterImpl-af67ccff-b14d-4344-aca9-2553e8e333a6/datanode-0/data/ratis/25174f8a-9958-42d2-a9fa-c7908e81cc6b has been successfully formatted.
2019-08-05 04:37:29,927 INFO  ratis.ContainerStateMachine (ContainerStateMachine.java:loadSnapshot(213)) - group-C7908E81CC6B: The snapshot info is null. Setting the last applied indexto:(t:0, i:~)
2019-08-05 04:37:29,927 INFO  server.RaftServerConfigKeys (ConfUtils.java:logGet(43)) - raft.server.leader.election.timeout = 120s (custom)
2019-08-05 04:37:29,931 INFO  server.RaftServerConfigKeys (ConfUtils.java:logGet(43)) - raft.server.log.use.memory = false (default)
2019-08-05 04:37:29,939 INFO  server.RaftServerConfigKeys (ConfUtils.java:logGet(43)) - raft.server.log.purge.gap = 1000000000 (custom)
2019-08-05 04:37:29,939 INFO  server.RaftServerConfigKeys (ConfUtils.java:logGet(43)) - raft.server.log.appender.buffer.byte-limit = 33554432 (custom)
2019-08-05 04:37:30,247 DEBUG block.SCMBlockDeletingService (SCMBlockDeletingService.java:call(138)) - Running DeletedBlockTransactionScanner
2019-08-05 04:37:30,247 DEBUG block.SCMBlockDeletingService (SCMBlockDeletingService.java:call(155)) - Scanned deleted blocks log and got 0 delTX to process.
2019-08-05 04:37:30,248 INFO  server.RaftServerConfigKeys (ConfUtils.java:logGet(43)) - raft.server.log.segment.size.max = 1048576 (custom)
2019-08-05 04:37:30,249 INFO  ozone.MiniOzoneClusterImpl (MiniOzoneClusterImpl.java:lambda$waitForClusterToBeReady$0(142)) - Cluster is ready. Got 1 of 1 DN Heartbeats.
2019-08-05 04:37:30,259 INFO  server.RaftServerConfigKeys (ConfUtils.java:logGet(43)) - raft.server.log.segment.cache.num.max = 2 (custom)
2019-08-05 04:37:30,275 INFO  segmented.SegmentedRaftLogWorker (SegmentedRaftLogWorker.java:<init>(172)) - new 3f4de2de-7d09-498f-aead-42327df81d94-SegmentedRaftLogWorker:Storage Directory /workdir/hadoop-ozone/integration-test/target/test-dir/MiniOzoneClusterImpl-af67ccff-b14d-4344-aca9-2553e8e333a6/datanode-0/data/ratis/25174f8a-9958-42d2-a9fa-c7908e81cc6b for RaftStorage:Storage Directory /workdir/hadoop-ozone/integration-test/target/test-dir/MiniOzoneClusterImpl-af67ccff-b14d-4344-aca9-2553e8e333a6/datanode-0/data/ratis/25174f8a-9958-42d2-a9fa-c7908e81cc6b
2019-08-05 04:37:30,292 INFO  server.RaftServerConfigKeys (ConfUtils.java:logGet(43)) - raft.server.log.queue.byte-limit = 2147483647 (custom)
2019-08-05 04:37:30,293 INFO  server.RaftServerConfigKeys (ConfUtils.java:logGet(43)) - raft.server.log.queue.element-limit = 1024 (custom)
2019-08-05 04:37:30,300 INFO  server.RaftServerConfigKeys (ConfUtils.java:logGet(43)) - raft.server.log.segment.size.max = 1048576 (custom)
2019-08-05 04:37:30,300 INFO  server.RaftServerConfigKeys (ConfUtils.java:logGet(43)) - raft.server.log.preallocated.size = 16384 (custom)
2019-08-05 04:37:30,301 INFO  server.RaftServerConfigKeys (ConfUtils.java:logGet(43)) - raft.server.log.write.buffer.size = 33554432 (custom)
2019-08-05 04:37:30,301 INFO  server.RaftServerConfigKeys (ConfUtils.java:logGet(43)) - raft.server.log.force.sync.num = 128 (default)
2019-08-05 04:37:30,303 INFO  server.RaftServerConfigKeys (ConfUtils.java:logGet(43)) - raft.server.log.statemachine.data.sync = true (default)
2019-08-05 04:37:30,303 INFO  server.RaftServerConfigKeys (ConfUtils.java:logGet(43)) - raft.server.log.statemachine.data.sync.timeout = 10s (default)
2019-08-05 04:37:30,304 INFO  server.RaftServerConfigKeys (ConfUtils.java:logGet(43)) - raft.server.log.statemachine.data.sync.timeout.retry = -1 (default)
2019-08-05 04:37:30,317 INFO  server.RaftServerConfigKeys (ConfUtils.java:logGet(43)) - raft.server.log.statemachine.data.caching.enabled = true (custom)
2019-08-05 04:37:30,322 INFO  segmented.SegmentedRaftLogWorker (SegmentedRaftLogWorker.java:lambda$new$0(132)) - 3f4de2de-7d09-498f-aead-42327df81d94-SegmentedRaftLogWorker:Storage Directory /workdir/hadoop-ozone/integration-test/target/test-dir/MiniOzoneClusterImpl-af67ccff-b14d-4344-aca9-2553e8e333a6/datanode-0/data/ratis/25174f8a-9958-42d2-a9fa-c7908e81cc6b: flushIndex: setUnconditionally 0 -> -1
2019-08-05 04:37:30,327 INFO  server.RaftServerConfigKeys (ConfUtils.java:logGet(43)) - raft.server.snapshot.auto.trigger.enabled = true (custom)
2019-08-05 04:37:30,328 INFO  server.RaftServerConfigKeys (ConfUtils.java:logGet(43)) - raft.server.snapshot.auto.trigger.threshold = 10000 (custom)
2019-08-05 04:37:30,329 INFO  server.RaftServerConfigKeys (ConfUtils.java:logGet(43)) - raft.server.retrycache.expirytime = 600000ms (custom)
2019-08-05 04:37:30,348 DEBUG block.SCMBlockDeletingService (SCMBlockDeletingService.java:call(138)) - Running DeletedBlockTransactionScanner
2019-08-05 04:37:30,351 DEBUG block.SCMBlockDeletingService (SCMBlockDeletingService.java:call(155)) - Scanned deleted blocks log and got 0 delTX to process.
2019-08-05 04:37:30,353 INFO  impl.RaftServerImpl (RaftServerImpl.java:start(180)) - 3f4de2de-7d09-498f-aead-42327df81d94: start group-C7908E81CC6B
2019-08-05 04:37:30,354 INFO  impl.RaftServerImpl (RaftServerImpl.java:setRole(171)) - 3f4de2de-7d09-498f-aead-42327df81d94:group-C7908E81CC6B changes role from null to FOLLOWER at term 0 for startAsFollower
2019-08-05 04:37:30,355 INFO  impl.RoleInfo (RoleInfo.java:updateAndGet(143)) - 3f4de2de-7d09-498f-aead-42327df81d94: start FollowerState
2019-08-05 04:37:30,357 INFO  util.JmxRegister (JmxRegister.java:tryRegister(44)) - Successfully registered JMX Bean with object name Ratis:service=RaftServer,group=group-C7908E81CC6B,id=3f4de2de-7d09-498f-aead-42327df81d94
2019-08-05 04:37:30,419 INFO  pipeline.PipelineStateManager (PipelineStateManager.java:addPipeline(56)) - Created pipeline Pipeline[ Id: 25174f8a-9958-42d2-a9fa-c7908e81cc6b, Nodes: 3f4de2de-7d09-498f-aead-42327df81d94{ip: 192.168.157.247, host: byscane-nightly-228d8-4024241517, networkLocation: /default-rack, certSerialId: null}, Type:RATIS, Factor:ONE, State:OPEN]
2019-08-05 04:37:30,452 DEBUG block.SCMBlockDeletingService (SCMBlockDeletingService.java:call(138)) - Running DeletedBlockTransactionScanner
2019-08-05 04:37:30,452 DEBUG block.SCMBlockDeletingService (SCMBlockDeletingService.java:call(155)) - Scanned deleted blocks log and got 0 delTX to process.
2019-08-05 04:37:30,553 DEBUG block.SCMBlockDeletingService (SCMBlockDeletingService.java:call(138)) - Running DeletedBlockTransactionScanner
2019-08-05 04:37:30,553 DEBUG block.SCMBlockDeletingService (SCMBlockDeletingService.java:call(155)) - Scanned deleted blocks log and got 0 delTX to process.
2019-08-05 04:37:30,654 DEBUG block.SCMBlockDeletingService (SCMBlockDeletingService.java:call(138)) - Running DeletedBlockTransactionScanner
2019-08-05 04:37:30,654 DEBUG block.SCMBlockDeletingService (SCMBlockDeletingService.java:call(155)) - Scanned deleted blocks log and got 0 delTX to process.
2019-08-05 04:37:30,754 DEBUG block.SCMBlockDeletingService (SCMBlockDeletingService.java:call(138)) - Running DeletedBlockTransactionScanner
2019-08-05 04:37:30,755 DEBUG block.SCMBlockDeletingService (SCMBlockDeletingService.java:call(155)) - Scanned deleted blocks log and got 0 delTX to process.
2019-08-05 04:37:30,855 DEBUG block.SCMBlockDeletingService (SCMBlockDeletingService.java:call(138)) - Running DeletedBlockTransactionScanner
2019-08-05 04:37:30,855 DEBUG block.SCMBlockDeletingService (SCMBlockDeletingService.java:call(155)) - Scanned deleted blocks log and got 0 delTX to process.
2019-08-05 04:37:30,956 DEBUG block.SCMBlockDeletingService (SCMBlockDeletingService.java:call(138)) - Running DeletedBlockTransactionScanner
2019-08-05 04:37:30,956 DEBUG block.SCMBlockDeletingService (SCMBlockDeletingService.java:call(155)) - Scanned deleted blocks log and got 0 delTX to process.
2019-08-05 04:37:31,057 DEBUG block.SCMBlockDeletingService (SCMBlockDeletingService.java:call(138)) - Running DeletedBlockTransactionScanner
2019-08-05 04:37:31,057 DEBUG block.SCMBlockDeletingService (SCMBlockDeletingService.java:call(155)) - Scanned deleted blocks log and got 0 delTX to process.
2019-08-05 04:37:31,157 DEBUG block.SCMBlockDeletingService (SCMBlockDeletingService.java:call(138)) - Running DeletedBlockTransactionScanner
2019-08-05 04:37:31,158 DEBUG block.SCMBlockDeletingService (SCMBlockDeletingService.java:call(155)) - Scanned deleted blocks log and got 0 delTX to process.
2019-08-05 04:37:31,258 DEBUG block.SCMBlockDeletingService (SCMBlockDeletingService.java:call(138)) - Running DeletedBlockTransactionScanner
2019-08-05 04:37:31,259 DEBUG block.SCMBlockDeletingService (SCMBlockDeletingService.java:call(155)) - Scanned deleted blocks log and got 0 delTX to process.
2019-08-05 04:37:31,359 DEBUG block.SCMBlockDeletingService (SCMBlockDeletingService.java:call(138)) - Running DeletedBlockTransactionScanner
2019-08-05 04:37:31,360 DEBUG block.SCMBlockDeletingService (SCMBlockDeletingService.java:call(155)) - Scanned deleted blocks log and got 0 delTX to process.
2019-08-05 04:37:31,460 DEBUG block.SCMBlockDeletingService (SCMBlockDeletingService.java:call(138)) - Running DeletedBlockTransactionScanner
2019-08-05 04:37:31,460 DEBUG block.SCMBlockDeletingService (SCMBlockDeletingService.java:call(155)) - Scanned deleted blocks log and got 0 delTX to process.
2019-08-05 04:37:31,561 DEBUG block.SCMBlockDeletingService (SCMBlockDeletingService.java:call(138)) - Running DeletedBlockTransactionScanner
2019-08-05 04:37:31,561 DEBUG block.SCMBlockDeletingService (SCMBlockDeletingService.java:call(155)) - Scanned deleted blocks log and got 0 delTX to process.
2019-08-05 04:37:31,661 DEBUG block.SCMBlockDeletingService (SCMBlockDeletingService.java:call(138)) - Running DeletedBlockTransactionScanner
2019-08-05 04:37:31,662 DEBUG block.SCMBlockDeletingService (SCMBlockDeletingService.java:call(155)) - Scanned deleted blocks log and got 0 delTX to process.
2019-08-05 04:37:31,762 DEBUG block.SCMBlockDeletingService (SCMBlockDeletingService.java:call(138)) - Running DeletedBlockTransactionScanner
2019-08-05 04:37:31,763 DEBUG block.SCMBlockDeletingService (SCMBlockDeletingService.java:call(155)) - Scanned deleted blocks log and got 0 delTX to process.
2019-08-05 04:37:31,863 DEBUG block.SCMBlockDeletingService (SCMBlockDeletingService.java:call(138)) - Running DeletedBlockTransactionScanner
2019-08-05 04:37:31,863 DEBUG block.SCMBlockDeletingService (SCMBlockDeletingService.java:call(155)) - Scanned deleted blocks log and got 0 delTX to process.
2019-08-05 04:37:31,964 DEBUG block.SCMBlockDeletingService (SCMBlockDeletingService.java:call(138)) - Running DeletedBlockTransactionScanner
2019-08-05 04:37:31,964 DEBUG block.SCMBlockDeletingService (SCMBlockDeletingService.java:call(155)) - Scanned deleted blocks log and got 0 delTX to process.
2019-08-05 04:37:32,064 DEBUG block.SCMBlockDeletingService (SCMBlockDeletingService.java:call(138)) - Running DeletedBlockTransactionScanner
2019-08-05 04:37:32,065 DEBUG block.SCMBlockDeletingService (SCMBlockDeletingService.java:call(155)) - Scanned deleted blocks log and got 0 delTX to process.
2019-08-05 04:37:32,165 DEBUG block.SCMBlockDeletingService (SCMBlockDeletingService.java:call(138)) - Running DeletedBlockTransactionScanner
2019-08-05 04:37:32,166 DEBUG block.SCMBlockDeletingService (SCMBlockDeletingService.java:call(155)) - Scanned deleted blocks log and got 0 delTX to process.
2019-08-05 04:37:32,255 INFO  rpc.RpcClient (RpcClient.java:createVolume(288)) - Creating Volume: 61b3e94d-a859-45cd-91c9-e5df366d7a10, with jenkins1000 as owner.
2019-08-05 04:37:32,266 DEBUG block.SCMBlockDeletingService (SCMBlockDeletingService.java:call(138)) - Running DeletedBlockTransactionScanner
2019-08-05 04:37:32,266 DEBUG block.SCMBlockDeletingService (SCMBlockDeletingService.java:call(155)) - Scanned deleted blocks log and got 0 delTX to process.
2019-08-05 04:37:32,294 INFO  rpc.RpcClient (RpcClient.java:createBucket(425)) - Creating Bucket: 61b3e94d-a859-45cd-91c9-e5df366d7a10/9a252c07-d976-4889-9133-1ff76092b9a3, with Versioning false and Storage Type set to DISK and Encryption set to false 
2019-08-05 04:37:32,307 INFO  container.ReplicationManager (ReplicationManager.java:start(155)) - Starting Replication Monitor Thread.
2019-08-05 04:37:32,310 INFO  container.ReplicationManager (ReplicationManager.java:run(207)) - Replication Monitor Thread took 1 milliseconds for processing 0 containers.
2019-08-05 04:37:32,367 DEBUG block.SCMBlockDeletingService (SCMBlockDeletingService.java:call(138)) - Running DeletedBlockTransactionScanner
2019-08-05 04:37:32,367 DEBUG block.SCMBlockDeletingService (SCMBlockDeletingService.java:call(155)) - Scanned deleted blocks log and got 0 delTX to process.
2019-08-05 04:37:32,468 DEBUG block.SCMBlockDeletingService (SCMBlockDeletingService.java:call(138)) - Running DeletedBlockTransactionScanner
2019-08-05 04:37:32,468 DEBUG block.SCMBlockDeletingService (SCMBlockDeletingService.java:call(155)) - Scanned deleted blocks log and got 0 delTX to process.
2019-08-05 04:37:32,569 DEBUG block.SCMBlockDeletingService (SCMBlockDeletingService.java:call(138)) - Running DeletedBlockTransactionScanner
2019-08-05 04:37:32,569 DEBUG block.SCMBlockDeletingService (SCMBlockDeletingService.java:call(155)) - Scanned deleted blocks log and got 0 delTX to process.
2019-08-05 04:37:32,670 DEBUG block.SCMBlockDeletingService (SCMBlockDeletingService.java:call(138)) - Running DeletedBlockTransactionScanner
2019-08-05 04:37:32,670 DEBUG block.SCMBlockDeletingService (SCMBlockDeletingService.java:call(155)) - Scanned deleted blocks log and got 0 delTX to process.
2019-08-05 04:37:32,676 INFO  impl.MetricsSystemImpl (MetricsSystemImpl.java:init(158)) - XceiverClientMetrics metrics system started (again)
2019-08-05 04:37:32,771 DEBUG block.SCMBlockDeletingService (SCMBlockDeletingService.java:call(138)) - Running DeletedBlockTransactionScanner
2019-08-05 04:37:32,772 DEBUG block.SCMBlockDeletingService (SCMBlockDeletingService.java:call(155)) - Scanned deleted blocks log and got 0 delTX to process.
2019-08-05 04:37:32,784 INFO  client.GrpcClientProtocolClient (GrpcClientProtocolClient.java:onNext(255)) - client-C12DAE7A5037->3f4de2de-7d09-498f-aead-42327df81d94: receive RaftClientReply:client-C12DAE7A5037->3f4de2de-7d09-498f-aead-42327df81d94@group-C7908E81CC6B, cid=1, FAILED org.apache.ratis.protocol.NotLeaderException: Server 3f4de2de-7d09-498f-aead-42327df81d94 is not the leader (null). Request must be sent to leader., logIndex=0, commits[3f4de2de-7d09-498f-aead-42327df81d94:c-1]
2019-08-05 04:37:32,872 DEBUG block.SCMBlockDeletingService (SCMBlockDeletingService.java:call(138)) - Running DeletedBlockTransactionScanner
2019-08-05 04:37:32,872 DEBUG block.SCMBlockDeletingService (SCMBlockDeletingService.java:call(155)) - Scanned deleted blocks log and got 0 delTX to process.
2019-08-05 04:37:32,973 DEBUG block.SCMBlockDeletingService (SCMBlockDeletingService.java:call(138)) - Running DeletedBlockTransactionScanner
2019-08-05 04:37:32,973 DEBUG block.SCMBlockDeletingService (SCMBlockDeletingService.java:call(155)) - Scanned deleted blocks log and got 0 delTX to process.
2019-08-05 04:37:33,074 DEBUG block.SCMBlockDeletingService (SCMBlockDeletingService.java:call(138)) - Running DeletedBlockTransactionScanner
2019-08-05 04:37:33,074 DEBUG block.SCMBlockDeletingService (SCMBlockDeletingService.java:call(155)) - Scanned deleted blocks log and got 0 delTX to process.
2019-08-05 04:37:33,175 DEBUG block.SCMBlockDeletingService (SCMBlockDeletingService.java:call(138)) - Running DeletedBlockTransactionScanner
2019-08-05 04:37:33,175 DEBUG block.SCMBlockDeletingService (SCMBlockDeletingService.java:call(155)) - Scanned deleted blocks log and got 0 delTX to process.
2019-08-05 04:37:33,275 DEBUG block.SCMBlockDeletingService (SCMBlockDeletingService.java:call(138)) - Running DeletedBlockTransactionScanner
2019-08-05 04:37:33,276 DEBUG block.SCMBlockDeletingService (SCMBlockDeletingService.java:call(155)) - Scanned deleted blocks log and got 0 delTX to process.
2019-08-05 04:37:33,376 DEBUG block.SCMBlockDeletingService (SCMBlockDeletingService.java:call(138)) - Running DeletedBlockTransactionScanner
2019-08-05 04:37:33,377 DEBUG block.SCMBlockDeletingService (SCMBlockDeletingService.java:call(155)) - Scanned deleted blocks log and got 0 delTX to process.
2019-08-05 04:37:33,477 DEBUG block.SCMBlockDeletingService (SCMBlockDeletingService.java:call(138)) - Running DeletedBlockTransactionScanner
2019-08-05 04:37:33,477 DEBUG block.SCMBlockDeletingService (SCMBlockDeletingService.java:call(155)) - Scanned deleted blocks log and got 0 delTX to process.
2019-08-05 04:37:33,578 DEBUG block.SCMBlockDeletingService (SCMBlockDeletingService.java:call(138)) - Running DeletedBlockTransactionScanner
2019-08-05 04:37:33,578 DEBUG block.SCMBlockDeletingService (SCMBlockDeletingService.java:call(155)) - Scanned deleted blocks log and got 0 delTX to process.
2019-08-05 04:37:33,679 DEBUG block.SCMBlockDeletingService (SCMBlockDeletingService.java:call(138)) - Running DeletedBlockTransactionScanner
2019-08-05 04:37:33,679 DEBUG block.SCMBlockDeletingService (SCMBlockDeletingService.java:call(155)) - Scanned deleted blocks log and got 0 delTX to process.
2019-08-05 04:37:33,779 DEBUG block.SCMBlockDeletingService (SCMBlockDeletingService.java:call(138)) - Running DeletedBlockTransactionScanner
2019-08-05 04:37:33,780 DEBUG block.SCMBlockDeletingService (SCMBlockDeletingService.java:call(155)) - Scanned deleted blocks log and got 0 delTX to process.
2019-08-05 04:37:33,880 DEBUG block.SCMBlockDeletingService (SCMBlockDeletingService.java:call(138)) - Running DeletedBlockTransactionScanner
2019-08-05 04:37:33,881 DEBUG block.SCMBlockDeletingService (SCMBlockDeletingService.java:call(155)) - Scanned deleted blocks log and got 0 delTX to process.
2019-08-05 04:37:33,981 DEBUG block.SCMBlockDeletingService (SCMBlockDeletingService.java:call(138)) - Running DeletedBlockTransactionScanner
2019-08-05 04:37:33,981 DEBUG block.SCMBlockDeletingService (SCMBlockDeletingService.java:call(155)) - Scanned deleted blocks log and got 0 delTX to process.
2019-08-05 04:37:34,082 DEBUG block.SCMBlockDeletingService (SCMBlockDeletingService.java:call(138)) - Running DeletedBlockTransactionScanner
2019-08-05 04:37:34,082 DEBUG block.SCMBlockDeletingService (SCMBlockDeletingService.java:call(155)) - Scanned deleted blocks log and got 0 delTX to process.
2019-08-05 04:37:34,183 DEBUG block.SCMBlockDeletingService (SCMBlockDeletingService.java:call(138)) - Running DeletedBlockTransactionScanner
2019-08-05 04:37:34,183 DEBUG block.SCMBlockDeletingService (SCMBlockDeletingService.java:call(155)) - Scanned deleted blocks log and got 0 delTX to process.
2019-08-05 04:37:34,284 DEBUG block.SCMBlockDeletingService (SCMBlockDeletingService.java:call(138)) - Running DeletedBlockTransactionScanner
2019-08-05 04:37:34,284 DEBUG block.SCMBlockDeletingService (SCMBlockDeletingService.java:call(155)) - Scanned deleted blocks log and got 0 delTX to process.
2019-08-05 04:37:34,385 DEBUG block.SCMBlockDeletingService (SCMBlockDeletingService.java:call(138)) - Running DeletedBlockTransactionScanner
2019-08-05 04:37:34,385 DEBUG block.SCMBlockDeletingService (SCMBlockDeletingService.java:call(155)) - Scanned deleted blocks log and got 0 delTX to process.
2019-08-05 04:37:34,485 DEBUG block.SCMBlockDeletingService (SCMBlockDeletingService.java:call(138)) - Running DeletedBlockTransactionScanner
2019-08-05 04:37:34,486 DEBUG block.SCMBlockDeletingService (SCMBlockDeletingService.java:call(155)) - Scanned deleted blocks log and got 0 delTX to process.
2019-08-05 04:37:34,586 DEBUG block.SCMBlockDeletingService (SCMBlockDeletingService.java:call(138)) - Running DeletedBlockTransactionScanner
2019-08-05 04:37:34,586 DEBUG block.SCMBlockDeletingService (SCMBlockDeletingService.java:call(155)) - Scanned deleted blocks log and got 0 delTX to process.
2019-08-05 04:37:34,687 DEBUG block.SCMBlockDeletingService (SCMBlockDeletingService.java:call(138)) - Running DeletedBlockTransactionScanner
2019-08-05 04:37:34,687 DEBUG block.SCMBlockDeletingService (SCMBlockDeletingService.java:call(155)) - Scanned deleted blocks log and got 0 delTX to process.
2019-08-05 04:37:34,788 DEBUG block.SCMBlockDeletingService (SCMBlockDeletingService.java:call(138)) - Running DeletedBlockTransactionScanner
2019-08-05 04:37:34,788 DEBUG block.SCMBlockDeletingService (SCMBlockDeletingService.java:call(155)) - Scanned deleted blocks log and got 0 delTX to process.
2019-08-05 04:37:34,843 INFO  client.GrpcClientProtocolClient (GrpcClientProtocolClient.java:onNext(255)) - client-C12DAE7A5037->3f4de2de-7d09-498f-aead-42327df81d94: receive RaftClientReply:client-C12DAE7A5037->3f4de2de-7d09-498f-aead-42327df81d94@group-C7908E81CC6B, cid=1, FAILED org.apache.ratis.protocol.NotLeaderException: Server 3f4de2de-7d09-498f-aead-42327df81d94 is not the leader (null). Request must be sent to leader., logIndex=0, commits[3f4de2de-7d09-498f-aead-42327df81d94:c-1]
2019-08-05 04:37:34,889 DEBUG block.SCMBlockDeletingService (SCMBlockDeletingService.java:call(138)) - Running DeletedBlockTransactionScanner
2019-08-05 04:37:34,889 DEBUG block.SCMBlockDeletingService (SCMBlockDeletingService.java:call(155)) - Scanned deleted blocks log and got 0 delTX to process.
2019-08-05 04:37:34,989 DEBUG block.SCMBlockDeletingService (SCMBlockDeletingService.java:call(138)) - Running DeletedBlockTransactionScanner
2019-08-05 04:37:34,990 DEBUG block.SCMBlockDeletingService (SCMBlockDeletingService.java:call(155)) - Scanned deleted blocks log and got 0 delTX to process.
2019-08-05 04:37:35,090 DEBUG block.SCMBlockDeletingService (SCMBlockDeletingService.java:call(138)) - Running DeletedBlockTransactionScanner
2019-08-05 04:37:35,091 DEBUG block.SCMBlockDeletingService (SCMBlockDeletingService.java:call(155)) - Scanned deleted blocks log and got 0 delTX to process.
2019-08-05 04:37:35,191 DEBUG block.SCMBlockDeletingService (SCMBlockDeletingService.java:call(138)) - Running DeletedBlockTransactionScanner
2019-08-05 04:37:35,192 DEBUG block.SCMBlockDeletingService (SCMBlockDeletingService.java:call(155)) - Scanned deleted blocks log and got 0 delTX to process.
2019-08-05 04:37:35,292 DEBUG block.SCMBlockDeletingService (SCMBlockDeletingService.java:call(138)) - Running DeletedBlockTransactionScanner
2019-08-05 04:37:35,293 DEBUG block.SCMBlockDeletingService (SCMBlockDeletingService.java:call(155)) - Scanned deleted blocks log and got 0 delTX to process.
2019-08-05 04:37:35,393 DEBUG block.SCMBlockDeletingService (SCMBlockDeletingService.java:call(138)) - Running DeletedBlockTransactionScanner
2019-08-05 04:37:35,393 DEBUG block.SCMBlockDeletingService (SCMBlockDeletingService.java:call(155)) - Scanned deleted blocks log and got 0 delTX to process.
2019-08-05 04:37:35,494 DEBUG block.SCMBlockDeletingService (SCMBlockDeletingService.java:call(138)) - Running DeletedBlockTransactionScanner
2019-08-05 04:37:35,494 DEBUG block.SCMBlockDeletingService (SCMBlockDeletingService.java:call(155)) - Scanned deleted blocks log and got 0 delTX to process.
2019-08-05 04:37:35,543 INFO  impl.FollowerState (FollowerState.java:run(106)) - 3f4de2de-7d09-498f-aead-42327df81d94:group-C7908E81CC6B changes to CANDIDATE, lastRpcTime:5188, electionTimeout:5187ms
2019-08-05 04:37:35,543 INFO  impl.RoleInfo (RoleInfo.java:shutdownFollowerState(121)) - 3f4de2de-7d09-498f-aead-42327df81d94: shutdown FollowerState
2019-08-05 04:37:35,545 INFO  impl.RaftServerImpl (RaftServerImpl.java:setRole(171)) - 3f4de2de-7d09-498f-aead-42327df81d94:group-C7908E81CC6B changes role from FOLLOWER to CANDIDATE at term 0 for changeToCandidate
2019-08-05 04:37:35,550 INFO  impl.RoleInfo (RoleInfo.java:updateAndGet(143)) - 3f4de2de-7d09-498f-aead-42327df81d94: start LeaderElection
2019-08-05 04:37:35,562 INFO  impl.LeaderElection (LeaderElection.java:askForVotes(181)) - 3f4de2de-7d09-498f-aead-42327df81d94:group-C7908E81CC6B:LeaderElection1: begin an election at term 1 for -1: [3f4de2de-7d09-498f-aead-42327df81d94:192.168.157.247:41860], old=null
2019-08-05 04:37:35,564 INFO  impl.RoleInfo (RoleInfo.java:shutdownLeaderElection(134)) - 3f4de2de-7d09-498f-aead-42327df81d94: shutdown LeaderElection
2019-08-05 04:37:35,565 INFO  impl.RaftServerImpl (RaftServerImpl.java:setRole(171)) - 3f4de2de-7d09-498f-aead-42327df81d94:group-C7908E81CC6B changes role from CANDIDATE to LEADER at term 1 for changeToLeader
2019-08-05 04:37:35,565 INFO  impl.RaftServerImpl (ServerState.java:setLeader(263)) - 3f4de2de-7d09-498f-aead-42327df81d94:group-C7908E81CC6B change Leader from null to 3f4de2de-7d09-498f-aead-42327df81d94 at term 1 for becomeLeader, leader elected after 5637ms
2019-08-05 04:37:35,573 INFO  server.RaftServerConfigKeys (ConfUtils.java:logGet(43)) - raft.server.staging.catchup.gap = 1000 (default)
2019-08-05 04:37:35,574 INFO  server.RaftServerConfigKeys (ConfUtils.java:logGet(43)) - raft.server.rpc.sleep.time = 25ms (default)
2019-08-05 04:37:35,577 INFO  server.RaftServerConfigKeys (ConfUtils.java:logGet(43)) - raft.server.write.element-limit = 4096 (default)
2019-08-05 04:37:35,580 INFO  server.RaftServerConfigKeys (ConfUtils.java:logGet(43)) - raft.server.watch.timeout = 10s (default)
2019-08-05 04:37:35,581 INFO  server.RaftServerConfigKeys (ConfUtils.java:logGet(43)) - raft.server.watch.timeout.denomination = 1s (default)
2019-08-05 04:37:35,582 INFO  server.RaftServerConfigKeys (ConfUtils.java:logGet(43)) - raft.server.watch.element-limit = 65536 (default)
2019-08-05 04:37:35,593 INFO  impl.RoleInfo (RoleInfo.java:updateAndGet(143)) - 3f4de2de-7d09-498f-aead-42327df81d94: start LeaderState
2019-08-05 04:37:35,595 DEBUG block.SCMBlockDeletingService (SCMBlockDeletingService.java:call(138)) - Running DeletedBlockTransactionScanner
2019-08-05 04:37:35,595 DEBUG block.SCMBlockDeletingService (SCMBlockDeletingService.java:call(155)) - Scanned deleted blocks log and got 0 delTX to process.
2019-08-05 04:37:35,615 INFO  segmented.SegmentedRaftLogWorker (SegmentedRaftLogWorker.java:startLogSegment(380)) - 3f4de2de-7d09-498f-aead-42327df81d94-SegmentedRaftLogWorker:Storage Directory /workdir/hadoop-ozone/integration-test/target/test-dir/MiniOzoneClusterImpl-af67ccff-b14d-4344-aca9-2553e8e333a6/datanode-0/data/ratis/25174f8a-9958-42d2-a9fa-c7908e81cc6b: Starting segment from index:0
2019-08-05 04:37:35,625 INFO  impl.RaftServerImpl (ServerState.java:setRaftConf(361)) - 3f4de2de-7d09-498f-aead-42327df81d94:group-C7908E81CC6B set configuration 0: [3f4de2de-7d09-498f-aead-42327df81d94:192.168.157.247:41860], old=null at 0
2019-08-05 04:37:35,695 DEBUG block.SCMBlockDeletingService (SCMBlockDeletingService.java:call(138)) - Running DeletedBlockTransactionScanner
2019-08-05 04:37:35,695 DEBUG block.SCMBlockDeletingService (SCMBlockDeletingService.java:call(155)) - Scanned deleted blocks log and got 0 delTX to process.
2019-08-05 04:37:35,796 DEBUG block.SCMBlockDeletingService (SCMBlockDeletingService.java:call(138)) - Running DeletedBlockTransactionScanner
2019-08-05 04:37:35,796 DEBUG block.SCMBlockDeletingService (SCMBlockDeletingService.java:call(155)) - Scanned deleted blocks log and got 0 delTX to process.
2019-08-05 04:37:35,811 INFO  segmented.SegmentedRaftLogWorker (SegmentedRaftLogWorker.java:execute(569)) - 3f4de2de-7d09-498f-aead-42327df81d94-SegmentedRaftLogWorker:Storage Directory /workdir/hadoop-ozone/integration-test/target/test-dir/MiniOzoneClusterImpl-af67ccff-b14d-4344-aca9-2553e8e333a6/datanode-0/data/ratis/25174f8a-9958-42d2-a9fa-c7908e81cc6b: created new log segment /workdir/hadoop-ozone/integration-test/target/test-dir/MiniOzoneClusterImpl-af67ccff-b14d-4344-aca9-2553e8e333a6/datanode-0/data/ratis/25174f8a-9958-42d2-a9fa-c7908e81cc6b/current/log_inprogress_0
2019-08-05 04:37:35,897 DEBUG block.SCMBlockDeletingService (SCMBlockDeletingService.java:call(138)) - Running DeletedBlockTransactionScanner
2019-08-05 04:37:35,897 DEBUG block.SCMBlockDeletingService (SCMBlockDeletingService.java:call(155)) - Scanned deleted blocks log and got 0 delTX to process.
2019-08-05 04:37:35,997 DEBUG block.SCMBlockDeletingService (SCMBlockDeletingService.java:call(138)) - Running DeletedBlockTransactionScanner
2019-08-05 04:37:35,998 DEBUG block.SCMBlockDeletingService (SCMBlockDeletingService.java:call(155)) - Scanned deleted blocks log and got 0 delTX to process.
2019-08-05 04:37:36,098 DEBUG block.SCMBlockDeletingService (SCMBlockDeletingService.java:call(138)) - Running DeletedBlockTransactionScanner
2019-08-05 04:37:36,098 DEBUG block.SCMBlockDeletingService (SCMBlockDeletingService.java:call(155)) - Scanned deleted blocks log and got 0 delTX to process.
2019-08-05 04:37:36,199 DEBUG block.SCMBlockDeletingService (SCMBlockDeletingService.java:call(138)) - Running DeletedBlockTransactionScanner
2019-08-05 04:37:36,199 DEBUG block.SCMBlockDeletingService (SCMBlockDeletingService.java:call(155)) - Scanned deleted blocks log and got 0 delTX to process.
2019-08-05 04:37:36,300 DEBUG block.SCMBlockDeletingService (SCMBlockDeletingService.java:call(138)) - Running DeletedBlockTransactionScanner
2019-08-05 04:37:36,300 DEBUG block.SCMBlockDeletingService (SCMBlockDeletingService.java:call(155)) - Scanned deleted blocks log and got 0 delTX to process.
2019-08-05 04:37:36,400 DEBUG block.SCMBlockDeletingService (SCMBlockDeletingService.java:call(138)) - Running DeletedBlockTransactionScanner
2019-08-05 04:37:36,401 DEBUG block.SCMBlockDeletingService (SCMBlockDeletingService.java:call(155)) - Scanned deleted blocks log and got 0 delTX to process.
2019-08-05 04:37:36,501 DEBUG block.SCMBlockDeletingService (SCMBlockDeletingService.java:call(138)) - Running DeletedBlockTransactionScanner
2019-08-05 04:37:36,502 DEBUG block.SCMBlockDeletingService (SCMBlockDeletingService.java:call(155)) - Scanned deleted blocks log and got 0 delTX to process.
2019-08-05 04:37:36,602 DEBUG block.SCMBlockDeletingService (SCMBlockDeletingService.java:call(138)) - Running DeletedBlockTransactionScanner
2019-08-05 04:37:36,602 DEBUG block.SCMBlockDeletingService (SCMBlockDeletingService.java:call(155)) - Scanned deleted blocks log and got 0 delTX to process.
2019-08-05 04:37:36,703 DEBUG block.SCMBlockDeletingService (SCMBlockDeletingService.java:call(138)) - Running DeletedBlockTransactionScanner
2019-08-05 04:37:36,703 DEBUG block.SCMBlockDeletingService (SCMBlockDeletingService.java:call(155)) - Scanned deleted blocks log and got 0 delTX to process.
2019-08-05 04:37:36,804 DEBUG block.SCMBlockDeletingService (SCMBlockDeletingService.java:call(138)) - Running DeletedBlockTransactionScanner
2019-08-05 04:37:36,804 DEBUG block.SCMBlockDeletingService (SCMBlockDeletingService.java:call(155)) - Scanned deleted blocks log and got 0 delTX to process.
2019-08-05 04:37:36,904 DEBUG block.SCMBlockDeletingService (SCMBlockDeletingService.java:call(138)) - Running DeletedBlockTransactionScanner
2019-08-05 04:37:36,905 DEBUG block.SCMBlockDeletingService (SCMBlockDeletingService.java:call(155)) - Scanned deleted blocks log and got 0 delTX to process.
2019-08-05 04:37:37,005 DEBUG block.SCMBlockDeletingService (SCMBlockDeletingService.java:call(138)) - Running DeletedBlockTransactionScanner
2019-08-05 04:37:37,006 DEBUG block.SCMBlockDeletingService (SCMBlockDeletingService.java:call(155)) - Scanned deleted blocks log and got 0 delTX to process.
2019-08-05 04:37:37,100 INFO  client.GrpcClientProtocolClient (GrpcClientProtocolClient.java:onNext(255)) - client-C12DAE7A5037->3f4de2de-7d09-498f-aead-42327df81d94: receive RaftClientReply:client-C12DAE7A5037->3f4de2de-7d09-498f-aead-42327df81d94@group-C7908E81CC6B, cid=1, SUCCESS, logIndex=1, commits[3f4de2de-7d09-498f-aead-42327df81d94:c2]
2019-08-05 04:37:37,106 DEBUG block.SCMBlockDeletingService (SCMBlockDeletingService.java:call(138)) - Running DeletedBlockTransactionScanner
2019-08-05 04:37:37,107 DEBUG block.SCMBlockDeletingService (SCMBlockDeletingService.java:call(155)) - Scanned deleted blocks log and got 0 delTX to process.
2019-08-05 04:37:37,203 INFO  client.GrpcClientProtocolClient (GrpcClientProtocolClient.java:onNext(255)) - client-C12DAE7A5037->3f4de2de-7d09-498f-aead-42327df81d94: receive RaftClientReply:client-C12DAE7A5037->3f4de2de-7d09-498f-aead-42327df81d94@group-C7908E81CC6B, cid=2, SUCCESS, logIndex=3, commits[3f4de2de-7d09-498f-aead-42327df81d94:c7]
2019-08-05 04:37:37,208 INFO  client.GrpcClientProtocolClient (GrpcClientProtocolClient.java:onNext(255)) - client-C12DAE7A5037->3f4de2de-7d09-498f-aead-42327df81d94: receive RaftClientReply:client-C12DAE7A5037->3f4de2de-7d09-498f-aead-42327df81d94@group-C7908E81CC6B, cid=3, SUCCESS, logIndex=5, commits[3f4de2de-7d09-498f-aead-42327df81d94:c7]
2019-08-05 04:37:37,208 DEBUG block.SCMBlockDeletingService (SCMBlockDeletingService.java:call(138)) - Running DeletedBlockTransactionScanner
2019-08-05 04:37:37,208 DEBUG block.SCMBlockDeletingService (SCMBlockDeletingService.java:call(155)) - Scanned deleted blocks log and got 0 delTX to process.
2019-08-05 04:37:37,209 INFO  client.GrpcClientProtocolClient (GrpcClientProtocolClient.java:onNext(255)) - client-C12DAE7A5037->3f4de2de-7d09-498f-aead-42327df81d94: receive RaftClientReply:client-C12DAE7A5037->3f4de2de-7d09-498f-aead-42327df81d94@group-C7908E81CC6B, cid=4, SUCCESS, logIndex=6, commits[3f4de2de-7d09-498f-aead-42327df81d94:c7]
2019-08-05 04:37:37,255 INFO  client.GrpcClientProtocolClient (GrpcClientProtocolClient.java:onNext(255)) - client-C12DAE7A5037->3f4de2de-7d09-498f-aead-42327df81d94: receive RaftClientReply:client-C12DAE7A5037->3f4de2de-7d09-498f-aead-42327df81d94@group-C7908E81CC6B, cid=5, SUCCESS, logIndex=8, commits[3f4de2de-7d09-498f-aead-42327df81d94:c9]
2019-08-05 04:37:37,258 INFO  client.GrpcClientProtocolClient (GrpcClientProtocolClient.java:onNext(255)) - client-C12DAE7A5037->3f4de2de-7d09-498f-aead-42327df81d94: receive RaftClientReply:client-C12DAE7A5037->3f4de2de-7d09-498f-aead-42327df81d94@group-C7908E81CC6B, cid=6, SUCCESS, logIndex=9, commits[3f4de2de-7d09-498f-aead-42327df81d94:c9]
2019-08-05 04:37:37,274 INFO  client.GrpcClientProtocolClient (GrpcClientProtocolClient.java:onNext(255)) - client-C12DAE7A5037->3f4de2de-7d09-498f-aead-42327df81d94: receive RaftClientReply:client-C12DAE7A5037->3f4de2de-7d09-498f-aead-42327df81d94@group-C7908E81CC6B, cid=7, SUCCESS, logIndex=10, commits[3f4de2de-7d09-498f-aead-42327df81d94:c12]
2019-08-05 04:37:37,276 INFO  client.GrpcClientProtocolClient (GrpcClientProtocolClient.java:onNext(255)) - client-C12DAE7A5037->3f4de2de-7d09-498f-aead-42327df81d94: receive RaftClientReply:client-C12DAE7A5037->3f4de2de-7d09-498f-aead-42327df81d94@group-C7908E81CC6B, cid=8, SUCCESS, logIndex=11, commits[3f4de2de-7d09-498f-aead-42327df81d94:c12]
2019-08-05 04:37:37,309 DEBUG block.SCMBlockDeletingService (SCMBlockDeletingService.java:call(138)) - Running DeletedBlockTransactionScanner
2019-08-05 04:37:37,309 DEBUG block.SCMBlockDeletingService (SCMBlockDeletingService.java:call(155)) - Scanned deleted blocks log and got 0 delTX to process.
2019-08-05 04:37:37,398 INFO  client.GrpcClientProtocolClient (GrpcClientProtocolClient.java:onNext(255)) - client-C12DAE7A5037->3f4de2de-7d09-498f-aead-42327df81d94: receive RaftClientReply:client-C12DAE7A5037->3f4de2de-7d09-498f-aead-42327df81d94@group-C7908E81CC6B, cid=9, SUCCESS, logIndex=13, commits[3f4de2de-7d09-498f-aead-42327df81d94:c16]
2019-08-05 04:37:37,410 DEBUG block.SCMBlockDeletingService (SCMBlockDeletingService.java:call(138)) - Running DeletedBlockTransactionScanner
2019-08-05 04:37:37,410 DEBUG block.SCMBlockDeletingService (SCMBlockDeletingService.java:call(155)) - Scanned deleted blocks log and got 0 delTX to process.
2019-08-05 04:37:37,440 INFO  client.GrpcClientProtocolClient (GrpcClientProtocolClient.java:onNext(255)) - client-C12DAE7A5037->3f4de2de-7d09-498f-aead-42327df81d94: receive RaftClientReply:client-C12DAE7A5037->3f4de2de-7d09-498f-aead-42327df81d94@group-C7908E81CC6B, cid=10, SUCCESS, logIndex=14, commits[3f4de2de-7d09-498f-aead-42327df81d94:c17]
2019-08-05 04:37:37,442 INFO  client.GrpcClientProtocolClient (GrpcClientProtocolClient.java:onNext(255)) - client-C12DAE7A5037->3f4de2de-7d09-498f-aead-42327df81d94: receive RaftClientReply:client-C12DAE7A5037->3f4de2de-7d09-498f-aead-42327df81d94@group-C7908E81CC6B, cid=11, SUCCESS, logIndex=15, commits[3f4de2de-7d09-498f-aead-42327df81d94:c17]
2019-08-05 04:37:37,443 INFO  client.GrpcClientProtocolClient (GrpcClientProtocolClient.java:onNext(255)) - client-C12DAE7A5037->3f4de2de-7d09-498f-aead-42327df81d94: receive RaftClientReply:client-C12DAE7A5037->3f4de2de-7d09-498f-aead-42327df81d94@group-C7908E81CC6B, cid=12, SUCCESS, logIndex=16, commits[3f4de2de-7d09-498f-aead-42327df81d94:c17]
2019-08-05 04:37:37,478 INFO  client.GrpcClientProtocolClient (GrpcClientProtocolClient.java:onNext(255)) - client-C12DAE7A5037->3f4de2de-7d09-498f-aead-42327df81d94: receive RaftClientReply:client-C12DAE7A5037->3f4de2de-7d09-498f-aead-42327df81d94@group-C7908E81CC6B, cid=13, SUCCESS, logIndex=18, commits[3f4de2de-7d09-498f-aead-42327df81d94:c19]
2019-08-05 04:37:37,480 INFO  client.GrpcClientProtocolClient (GrpcClientProtocolClient.java:onNext(255)) - client-C12DAE7A5037->3f4de2de-7d09-498f-aead-42327df81d94: receive RaftClientReply:client-C12DAE7A5037->3f4de2de-7d09-498f-aead-42327df81d94@group-C7908E81CC6B, cid=14, SUCCESS, logIndex=19, commits[3f4de2de-7d09-498f-aead-42327df81d94:c21]
2019-08-05 04:37:37,483 INFO  client.GrpcClientProtocolClient (GrpcClientProtocolClient.java:onNext(255)) - client-C12DAE7A5037->3f4de2de-7d09-498f-aead-42327df81d94: receive RaftClientReply:client-C12DAE7A5037->3f4de2de-7d09-498f-aead-42327df81d94@group-C7908E81CC6B, cid=15, SUCCESS, logIndex=20, commits[3f4de2de-7d09-498f-aead-42327df81d94:c23]
2019-08-05 04:37:37,484 INFO  client.GrpcClientProtocolClient (GrpcClientProtocolClient.java:onNext(255)) - client-C12DAE7A5037->3f4de2de-7d09-498f-aead-42327df81d94: receive RaftClientReply:client-C12DAE7A5037->3f4de2de-7d09-498f-aead-42327df81d94@group-C7908E81CC6B, cid=16, SUCCESS, logIndex=21, commits[3f4de2de-7d09-498f-aead-42327df81d94:c23]
2019-08-05 04:37:37,510 DEBUG block.SCMBlockDeletingService (SCMBlockDeletingService.java:call(138)) - Running DeletedBlockTransactionScanner
2019-08-05 04:37:37,511 DEBUG block.SCMBlockDeletingService (SCMBlockDeletingService.java:call(155)) - Scanned deleted blocks log and got 0 delTX to process.
2019-08-05 04:37:37,611 DEBUG block.SCMBlockDeletingService (SCMBlockDeletingService.java:call(138)) - Running DeletedBlockTransactionScanner
2019-08-05 04:37:37,612 DEBUG block.SCMBlockDeletingService (SCMBlockDeletingService.java:call(155)) - Scanned deleted blocks log and got 0 delTX to process.
2019-08-05 04:37:37,623 INFO  client.GrpcClientProtocolClient (GrpcClientProtocolClient.java:onNext(255)) - client-C12DAE7A5037->3f4de2de-7d09-498f-aead-42327df81d94: receive RaftClientReply:client-C12DAE7A5037->3f4de2de-7d09-498f-aead-42327df81d94@group-C7908E81CC6B, cid=17, SUCCESS, logIndex=24, commits[3f4de2de-7d09-498f-aead-42327df81d94:c27]
2019-08-05 04:37:37,663 INFO  client.GrpcClientProtocolClient (GrpcClientProtocolClient.java:onNext(255)) - client-C12DAE7A5037->3f4de2de-7d09-498f-aead-42327df81d94: receive RaftClientReply:client-C12DAE7A5037->3f4de2de-7d09-498f-aead-42327df81d94@group-C7908E81CC6B, cid=18, SUCCESS, logIndex=25, commits[3f4de2de-7d09-498f-aead-42327df81d94:c28]
2019-08-05 04:37:37,664 INFO  client.GrpcClientProtocolClient (GrpcClientProtocolClient.java:onNext(255)) - client-C12DAE7A5037->3f4de2de-7d09-498f-aead-42327df81d94: receive RaftClientReply:client-C12DAE7A5037->3f4de2de-7d09-498f-aead-42327df81d94@group-C7908E81CC6B, cid=19, SUCCESS, logIndex=26, commits[3f4de2de-7d09-498f-aead-42327df81d94:c28]
2019-08-05 04:37:37,665 INFO  client.GrpcClientProtocolClient (GrpcClientProtocolClient.java:onNext(255)) - client-C12DAE7A5037->3f4de2de-7d09-498f-aead-42327df81d94: receive RaftClientReply:client-C12DAE7A5037->3f4de2de-7d09-498f-aead-42327df81d94@group-C7908E81CC6B, cid=20, SUCCESS, logIndex=27, commits[3f4de2de-7d09-498f-aead-42327df81d94:c28]
2019-08-05 04:37:37,701 INFO  client.GrpcClientProtocolClient (GrpcClientProtocolClient.java:onNext(255)) - client-C12DAE7A5037->3f4de2de-7d09-498f-aead-42327df81d94: receive RaftClientReply:client-C12DAE7A5037->3f4de2de-7d09-498f-aead-42327df81d94@group-C7908E81CC6B, cid=21, SUCCESS, logIndex=29, commits[3f4de2de-7d09-498f-aead-42327df81d94:c30]
2019-08-05 04:37:37,702 INFO  client.GrpcClientProtocolClient (GrpcClientProtocolClient.java:onNext(255)) - client-C12DAE7A5037->3f4de2de-7d09-498f-aead-42327df81d94: receive RaftClientReply:client-C12DAE7A5037->3f4de2de-7d09-498f-aead-42327df81d94@group-C7908E81CC6B, cid=22, SUCCESS, logIndex=30, commits[3f4de2de-7d09-498f-aead-42327df81d94:c30]
2019-08-05 04:37:37,712 DEBUG block.SCMBlockDeletingService (SCMBlockDeletingService.java:call(138)) - Running DeletedBlockTransactionScanner
2019-08-05 04:37:37,712 DEBUG block.SCMBlockDeletingService (SCMBlockDeletingService.java:call(155)) - Scanned deleted blocks log and got 0 delTX to process.
2019-08-05 04:37:37,713 INFO  client.GrpcClientProtocolClient (GrpcClientProtocolClient.java:onNext(255)) - client-C12DAE7A5037->3f4de2de-7d09-498f-aead-42327df81d94: receive RaftClientReply:client-C12DAE7A5037->3f4de2de-7d09-498f-aead-42327df81d94@group-C7908E81CC6B, cid=23, SUCCESS, logIndex=31, commits[3f4de2de-7d09-498f-aead-42327df81d94:c33]
2019-08-05 04:37:37,714 INFO  client.GrpcClientProtocolClient (GrpcClientProtocolClient.java:onNext(255)) - client-C12DAE7A5037->3f4de2de-7d09-498f-aead-42327df81d94: receive RaftClientReply:client-C12DAE7A5037->3f4de2de-7d09-498f-aead-42327df81d94@group-C7908E81CC6B, cid=24, SUCCESS, logIndex=32, commits[3f4de2de-7d09-498f-aead-42327df81d94:c34]
2019-08-05 04:37:37,746 INFO  client.GrpcClientProtocolClient (GrpcClientProtocolClient.java:onNext(255)) - client-C12DAE7A5037->3f4de2de-7d09-498f-aead-42327df81d94: receive RaftClientReply:client-C12DAE7A5037->3f4de2de-7d09-498f-aead-42327df81d94@group-C7908E81CC6B, cid=25, SUCCESS, logIndex=35, commits[3f4de2de-7d09-498f-aead-42327df81d94:c36]
2019-08-05 04:37:37,747 INFO  client.GrpcClientProtocolClient (GrpcClientProtocolClient.java:onNext(255)) - client-C12DAE7A5037->3f4de2de-7d09-498f-aead-42327df81d94: receive RaftClientReply:client-C12DAE7A5037->3f4de2de-7d09-498f-aead-42327df81d94@group-C7908E81CC6B, cid=26, SUCCESS, logIndex=36, commits[3f4de2de-7d09-498f-aead-42327df81d94:c36]
2019-08-05 04:37:37,771 INFO  client.GrpcClientProtocolClient (GrpcClientProtocolClient.java:onNext(255)) - client-C12DAE7A5037->3f4de2de-7d09-498f-aead-42327df81d94: receive RaftClientReply:client-C12DAE7A5037->3f4de2de-7d09-498f-aead-42327df81d94@group-C7908E81CC6B, cid=27, SUCCESS, logIndex=37, commits[3f4de2de-7d09-498f-aead-42327df81d94:c39]
2019-08-05 04:37:37,771 INFO  client.GrpcClientProtocolClient (GrpcClientProtocolClient.java:onNext(255)) - client-C12DAE7A5037->3f4de2de-7d09-498f-aead-42327df81d94: receive RaftClientReply:client-C12DAE7A5037->3f4de2de-7d09-498f-aead-42327df81d94@group-C7908E81CC6B, cid=28, SUCCESS, logIndex=38, commits[3f4de2de-7d09-498f-aead-42327df81d94:c39]
2019-08-05 04:37:37,801 INFO  client.GrpcClientProtocolClient (GrpcClientProtocolClient.java:onNext(255)) - client-C12DAE7A5037->3f4de2de-7d09-498f-aead-42327df81d94: receive RaftClientReply:client-C12DAE7A5037->3f4de2de-7d09-498f-aead-42327df81d94@group-C7908E81CC6B, cid=29, SUCCESS, logIndex=41, commits[3f4de2de-7d09-498f-aead-42327df81d94:c44]
2019-08-05 04:37:37,804 INFO  client.GrpcClientProtocolClient (GrpcClientProtocolClient.java:onNext(255)) - client-C12DAE7A5037->3f4de2de-7d09-498f-aead-42327df81d94: receive RaftClientReply:client-C12DAE7A5037->3f4de2de-7d09-498f-aead-42327df81d94@group-C7908E81CC6B, cid=30, SUCCESS, logIndex=42, commits[3f4de2de-7d09-498f-aead-42327df81d94:c44]
2019-08-05 04:37:37,805 INFO  client.GrpcClientProtocolClient (GrpcClientProtocolClient.java:onNext(255)) - client-C12DAE7A5037->3f4de2de-7d09-498f-aead-42327df81d94: receive RaftClientReply:client-C12DAE7A5037->3f4de2de-7d09-498f-aead-42327df81d94@group-C7908E81CC6B, cid=31, SUCCESS, logIndex=43, commits[3f4de2de-7d09-498f-aead-42327df81d94:c45]
2019-08-05 04:37:37,806 INFO  client.GrpcClientProtocolClient (GrpcClientProtocolClient.java:onNext(255)) - client-C12DAE7A5037->3f4de2de-7d09-498f-aead-42327df81d94: receive RaftClientReply:client-C12DAE7A5037->3f4de2de-7d09-498f-aead-42327df81d94@group-C7908E81CC6B, cid=32, SUCCESS, logIndex=44, commits[3f4de2de-7d09-498f-aead-42327df81d94:c45]
2019-08-05 04:37:37,813 DEBUG block.SCMBlockDeletingService (SCMBlockDeletingService.java:call(138)) - Running DeletedBlockTransactionScanner
2019-08-05 04:37:37,813 DEBUG block.SCMBlockDeletingService (SCMBlockDeletingService.java:call(155)) - Scanned deleted blocks log and got 0 delTX to process.
2019-08-05 04:37:37,835 INFO  client.GrpcClientProtocolClient (GrpcClientProtocolClient.java:onNext(255)) - client-C12DAE7A5037->3f4de2de-7d09-498f-aead-42327df81d94: receive RaftClientReply:client-C12DAE7A5037->3f4de2de-7d09-498f-aead-42327df81d94@group-C7908E81CC6B, cid=33, SUCCESS, logIndex=47, commits[3f4de2de-7d09-498f-aead-42327df81d94:c48]
2019-08-05 04:37:37,836 INFO  client.GrpcClientProtocolClient (GrpcClientProtocolClient.java:onNext(255)) - client-C12DAE7A5037->3f4de2de-7d09-498f-aead-42327df81d94: receive RaftClientReply:client-C12DAE7A5037->3f4de2de-7d09-498f-aead-42327df81d94@group-C7908E81CC6B, cid=34, SUCCESS, logIndex=48, commits[3f4de2de-7d09-498f-aead-42327df81d94:c52]
2019-08-05 04:37:37,837 INFO  client.GrpcClientProtocolClient (GrpcClientProtocolClient.java:onNext(255)) - client-C12DAE7A5037->3f4de2de-7d09-498f-aead-42327df81d94: receive RaftClientReply:client-C12DAE7A5037->3f4de2de-7d09-498f-aead-42327df81d94@group-C7908E81CC6B, cid=35, SUCCESS, logIndex=49, commits[3f4de2de-7d09-498f-aead-42327df81d94:c52]
2019-08-05 04:37:37,838 INFO  client.GrpcClientProtocolClient (GrpcClientProtocolClient.java:onNext(255)) - client-C12DAE7A5037->3f4de2de-7d09-498f-aead-42327df81d94: receive RaftClientReply:client-C12DAE7A5037->3f4de2de-7d09-498f-aead-42327df81d94@group-C7908E81CC6B, cid=36, SUCCESS, logIndex=50, commits[3f4de2de-7d09-498f-aead-42327df81d94:c52]
2019-08-05 04:37:37,866 INFO  client.GrpcClientProtocolClient (GrpcClientProtocolClient.java:onNext(255)) - client-C12DAE7A5037->3f4de2de-7d09-498f-aead-42327df81d94: receive RaftClientReply:client-C12DAE7A5037->3f4de2de-7d09-498f-aead-42327df81d94@group-C7908E81CC6B, cid=37, SUCCESS, logIndex=53, commits[3f4de2de-7d09-498f-aead-42327df81d94:c56]
2019-08-05 04:37:37,866 INFO  client.GrpcClientProtocolClient (GrpcClientProtocolClient.java:onNext(255)) - client-C12DAE7A5037->3f4de2de-7d09-498f-aead-42327df81d94: receive RaftClientReply:client-C12DAE7A5037->3f4de2de-7d09-498f-aead-42327df81d94@group-C7908E81CC6B, cid=38, SUCCESS, logIndex=54, commits[3f4de2de-7d09-498f-aead-42327df81d94:c58]
2019-08-05 04:37:37,868 INFO  client.GrpcClientProtocolClient (GrpcClientProtocolClient.java:onNext(255)) - client-C12DAE7A5037->3f4de2de-7d09-498f-aead-42327df81d94: receive RaftClientReply:client-C12DAE7A5037->3f4de2de-7d09-498f-aead-42327df81d94@group-C7908E81CC6B, cid=39, SUCCESS, logIndex=55, commits[3f4de2de-7d09-498f-aead-42327df81d94:c58]
2019-08-05 04:37:37,869 INFO  client.GrpcClientProtocolClient (GrpcClientProtocolClient.java:onNext(255)) - client-C12DAE7A5037->3f4de2de-7d09-498f-aead-42327df81d94: receive RaftClientReply:client-C12DAE7A5037->3f4de2de-7d09-498f-aead-42327df81d94@group-C7908E81CC6B, cid=40, SUCCESS, logIndex=56, commits[3f4de2de-7d09-498f-aead-42327df81d94:c58]
2019-08-05 04:37:37,896 INFO  client.GrpcClientProtocolClient (GrpcClientProtocolClient.java:onNext(255)) - client-C12DAE7A5037->3f4de2de-7d09-498f-aead-42327df81d94: receive RaftClientReply:client-C12DAE7A5037->3f4de2de-7d09-498f-aead-42327df81d94@group-C7908E81CC6B, cid=41, SUCCESS, logIndex=59, commits[3f4de2de-7d09-498f-aead-42327df81d94:c60]
2019-08-05 04:37:37,897 INFO  client.GrpcClientProtocolClient (GrpcClientProtocolClient.java:onNext(255)) - client-C12DAE7A5037->3f4de2de-7d09-498f-aead-42327df81d94: receive RaftClientReply:client-C12DAE7A5037->3f4de2de-7d09-498f-aead-42327df81d94@group-C7908E81CC6B, cid=42, SUCCESS, logIndex=60, commits[3f4de2de-7d09-498f-aead-42327df81d94:c62]
2019-08-05 04:37:37,898 INFO  client.GrpcClientProtocolClient (GrpcClientProtocolClient.java:onNext(255)) - client-C12DAE7A5037->3f4de2de-7d09-498f-aead-42327df81d94: receive RaftClientReply:client-C12DAE7A5037->3f4de2de-7d09-498f-aead-42327df81d94@group-C7908E81CC6B, cid=43, SUCCESS, logIndex=61, commits[3f4de2de-7d09-498f-aead-42327df81d94:c64]
2019-08-05 04:37:37,899 INFO  client.GrpcClientProtocolClient (GrpcClientProtocolClient.java:onNext(255)) - client-C12DAE7A5037->3f4de2de-7d09-498f-aead-42327df81d94: receive RaftClientReply:client-C12DAE7A5037->3f4de2de-7d09-498f-aead-42327df81d94@group-C7908E81CC6B, cid=44, SUCCESS, logIndex=62, commits[3f4de2de-7d09-498f-aead-42327df81d94:c64]
2019-08-05 04:37:37,914 DEBUG block.SCMBlockDeletingService (SCMBlockDeletingService.java:call(138)) - Running DeletedBlockTransactionScanner
2019-08-05 04:37:37,914 DEBUG block.SCMBlockDeletingService (SCMBlockDeletingService.java:call(155)) - Scanned deleted blocks log and got 0 delTX to process.
2019-08-05 04:37:38,015 DEBUG block.SCMBlockDeletingService (SCMBlockDeletingService.java:call(138)) - Running DeletedBlockTransactionScanner
2019-08-05 04:37:38,015 DEBUG block.SCMBlockDeletingService (SCMBlockDeletingService.java:call(155)) - Scanned deleted blocks log and got 0 delTX to process.
2019-08-05 04:37:38,116 DEBUG block.SCMBlockDeletingService (SCMBlockDeletingService.java:call(138)) - Running DeletedBlockTransactionScanner
2019-08-05 04:37:38,116 DEBUG block.SCMBlockDeletingService (SCMBlockDeletingService.java:call(155)) - Scanned deleted blocks log and got 0 delTX to process.
2019-08-05 04:37:38,216 DEBUG block.SCMBlockDeletingService (SCMBlockDeletingService.java:call(138)) - Running DeletedBlockTransactionScanner
2019-08-05 04:37:38,217 DEBUG block.SCMBlockDeletingService (SCMBlockDeletingService.java:call(155)) - Scanned deleted blocks log and got 0 delTX to process.
2019-08-05 04:37:38,317 DEBUG block.SCMBlockDeletingService (SCMBlockDeletingService.java:call(138)) - Running DeletedBlockTransactionScanner
2019-08-05 04:37:38,318 DEBUG block.SCMBlockDeletingService (SCMBlockDeletingService.java:call(155)) - Scanned deleted blocks log and got 0 delTX to process.
2019-08-05 04:37:38,418 DEBUG block.SCMBlockDeletingService (SCMBlockDeletingService.java:call(138)) - Running DeletedBlockTransactionScanner
2019-08-05 04:37:38,420 DEBUG block.SCMBlockDeletingService (SCMBlockDeletingService.java:call(155)) - Scanned deleted blocks log and got 0 delTX to process.
2019-08-05 04:37:38,457 INFO  client.GrpcClientProtocolClient (GrpcClientProtocolClient.java:onNext(255)) - client-C12DAE7A5037->3f4de2de-7d09-498f-aead-42327df81d94: receive RaftClientReply:client-C12DAE7A5037->3f4de2de-7d09-498f-aead-42327df81d94@group-C7908E81CC6B, cid=45, SUCCESS, logIndex=65, commits[3f4de2de-7d09-498f-aead-42327df81d94:c66]
2019-08-05 04:37:38,459 INFO  client.GrpcClientProtocolClient (GrpcClientProtocolClient.java:onNext(255)) - client-C12DAE7A5037->3f4de2de-7d09-498f-aead-42327df81d94: receive RaftClientReply:client-C12DAE7A5037->3f4de2de-7d09-498f-aead-42327df81d94@group-C7908E81CC6B, cid=46, SUCCESS, logIndex=66, commits[3f4de2de-7d09-498f-aead-42327df81d94:c70]
2019-08-05 04:37:38,460 INFO  client.GrpcClientProtocolClient (GrpcClientProtocolClient.java:onNext(255)) - client-C12DAE7A5037->3f4de2de-7d09-498f-aead-42327df81d94: receive RaftClientReply:client-C12DAE7A5037->3f4de2de-7d09-498f-aead-42327df81d94@group-C7908E81CC6B, cid=47, SUCCESS, logIndex=67, commits[3f4de2de-7d09-498f-aead-42327df81d94:c70]
2019-08-05 04:37:38,461 INFO  client.GrpcClientProtocolClient (GrpcClientProtocolClient.java:onNext(255)) - client-C12DAE7A5037->3f4de2de-7d09-498f-aead-42327df81d94: receive RaftClientReply:client-C12DAE7A5037->3f4de2de-7d09-498f-aead-42327df81d94@group-C7908E81CC6B, cid=48, SUCCESS, logIndex=68, commits[3f4de2de-7d09-498f-aead-42327df81d94:c70]
2019-08-05 04:37:38,508 INFO  client.GrpcClientProtocolClient (GrpcClientProtocolClient.java:onNext(255)) - client-C12DAE7A5037->3f4de2de-7d09-498f-aead-42327df81d94: receive RaftClientReply:client-C12DAE7A5037->3f4de2de-7d09-498f-aead-42327df81d94@group-C7908E81CC6B, cid=49, SUCCESS, logIndex=71, commits[3f4de2de-7d09-498f-aead-42327df81d94:c72]
2019-08-05 04:37:38,511 INFO  client.GrpcClientProtocolClient (GrpcClientProtocolClient.java:onNext(255)) - client-C12DAE7A5037->3f4de2de-7d09-498f-aead-42327df81d94: receive RaftClientReply:client-C12DAE7A5037->3f4de2de-7d09-498f-aead-42327df81d94@group-C7908E81CC6B, cid=50, SUCCESS, logIndex=72, commits[3f4de2de-7d09-498f-aead-42327df81d94:c72]
2019-08-05 04:37:38,518 INFO  client.GrpcClientProtocolClient (GrpcClientProtocolClient.java:onNext(255)) - client-C12DAE7A5037->3f4de2de-7d09-498f-aead-42327df81d94: receive RaftClientReply:client-C12DAE7A5037->3f4de2de-7d09-498f-aead-42327df81d94@group-C7908E81CC6B, cid=51, SUCCESS, logIndex=73, commits[3f4de2de-7d09-498f-aead-42327df81d94:c75]
2019-08-05 04:37:38,519 INFO  client.GrpcClientProtocolClient (GrpcClientProtocolClient.java:onNext(255)) - client-C12DAE7A5037->3f4de2de-7d09-498f-aead-42327df81d94: receive RaftClientReply:client-C12DAE7A5037->3f4de2de-7d09-498f-aead-42327df81d94@group-C7908E81CC6B, cid=52, SUCCESS, logIndex=74, commits[3f4de2de-7d09-498f-aead-42327df81d94:c76]
2019-08-05 04:37:38,520 DEBUG block.SCMBlockDeletingService (SCMBlockDeletingService.java:call(138)) - Running DeletedBlockTransactionScanner
2019-08-05 04:37:38,520 DEBUG block.SCMBlockDeletingService (SCMBlockDeletingService.java:call(155)) - Scanned deleted blocks log and got 0 delTX to process.
2019-08-05 04:37:38,545 INFO  client.GrpcClientProtocolClient (GrpcClientProtocolClient.java:onNext(255)) - client-C12DAE7A5037->3f4de2de-7d09-498f-aead-42327df81d94: receive RaftClientReply:client-C12DAE7A5037->3f4de2de-7d09-498f-aead-42327df81d94@group-C7908E81CC6B, cid=53, SUCCESS, logIndex=77, commits[3f4de2de-7d09-498f-aead-42327df81d94:c80]
2019-08-05 04:37:38,547 INFO  client.GrpcClientProtocolClient (GrpcClientProtocolClient.java:onNext(255)) - client-C12DAE7A5037->3f4de2de-7d09-498f-aead-42327df81d94: receive RaftClientReply:client-C12DAE7A5037->3f4de2de-7d09-498f-aead-42327df81d94@group-C7908E81CC6B, cid=54, SUCCESS, logIndex=78, commits[3f4de2de-7d09-498f-aead-42327df81d94:c82]
2019-08-05 04:37:38,548 INFO  client.GrpcClientProtocolClient (GrpcClientProtocolClient.java:onNext(255)) - client-C12DAE7A5037->3f4de2de-7d09-498f-aead-42327df81d94: receive RaftClientReply:client-C12DAE7A5037->3f4de2de-7d09-498f-aead-42327df81d94@group-C7908E81CC6B, cid=55, SUCCESS, logIndex=79, commits[3f4de2de-7d09-498f-aead-42327df81d94:c82]
2019-08-05 04:37:38,550 INFO  client.GrpcClientProtocolClient (GrpcClientProtocolClient.java:onNext(255)) - client-C12DAE7A5037->3f4de2de-7d09-498f-aead-42327df81d94: receive RaftClientReply:client-C12DAE7A5037->3f4de2de-7d09-498f-aead-42327df81d94@group-C7908E81CC6B, cid=56, SUCCESS, logIndex=80, commits[3f4de2de-7d09-498f-aead-42327df81d94:c82]
2019-08-05 04:37:38,586 INFO  client.GrpcClientProtocolClient (GrpcClientProtocolClient.java:onNext(255)) - client-C12DAE7A5037->3f4de2de-7d09-498f-aead-42327df81d94: receive RaftClientReply:client-C12DAE7A5037->3f4de2de-7d09-498f-aead-42327df81d94@group-C7908E81CC6B, cid=57, SUCCESS, logIndex=83, commits[3f4de2de-7d09-498f-aead-42327df81d94:c86]
2019-08-05 04:37:38,587 INFO  client.GrpcClientProtocolClient (GrpcClientProtocolClient.java:onNext(255)) - client-C12DAE7A5037->3f4de2de-7d09-498f-aead-42327df81d94: receive RaftClientReply:client-C12DAE7A5037->3f4de2de-7d09-498f-aead-42327df81d94@group-C7908E81CC6B, cid=58, SUCCESS, logIndex=84, commits[3f4de2de-7d09-498f-aead-42327df81d94:c86]
2019-08-05 04:37:38,588 INFO  client.GrpcClientProtocolClient (GrpcClientProtocolClient.java:onNext(255)) - client-C12DAE7A5037->3f4de2de-7d09-498f-aead-42327df81d94: receive RaftClientReply:client-C12DAE7A5037->3f4de2de-7d09-498f-aead-42327df81d94@group-C7908E81CC6B, cid=59, SUCCESS, logIndex=85, commits[3f4de2de-7d09-498f-aead-42327df81d94:c86]
2019-08-05 04:37:38,588 INFO  client.GrpcClientProtocolClient (GrpcClientProtocolClient.java:onNext(255)) - client-C12DAE7A5037->3f4de2de-7d09-498f-aead-42327df81d94: receive RaftClientReply:client-C12DAE7A5037->3f4de2de-7d09-498f-aead-42327df81d94@group-C7908E81CC6B, cid=60, SUCCESS, logIndex=86, commits[3f4de2de-7d09-498f-aead-42327df81d94:c86]
2019-08-05 04:37:38,618 INFO  client.GrpcClientProtocolClient (GrpcClientProtocolClient.java:onNext(255)) - client-C12DAE7A5037->3f4de2de-7d09-498f-aead-42327df81d94: receive RaftClientReply:client-C12DAE7A5037->3f4de2de-7d09-498f-aead-42327df81d94@group-C7908E81CC6B, cid=61, SUCCESS, logIndex=89, commits[3f4de2de-7d09-498f-aead-42327df81d94:c92]
2019-08-05 04:37:38,620 INFO  client.GrpcClientProtocolClient (GrpcClientProtocolClient.java:onNext(255)) - client-C12DAE7A5037->3f4de2de-7d09-498f-aead-42327df81d94: receive RaftClientReply:client-C12DAE7A5037->3f4de2de-7d09-498f-aead-42327df81d94@group-C7908E81CC6B, cid=62, SUCCESS, logIndex=90, commits[3f4de2de-7d09-498f-aead-42327df81d94:c94]
2019-08-05 04:37:38,620 INFO  client.GrpcClientProtocolClient (GrpcClientProtocolClient.java:onNext(255)) - client-C12DAE7A5037->3f4de2de-7d09-498f-aead-42327df81d94: receive RaftClientReply:client-C12DAE7A5037->3f4de2de-7d09-498f-aead-42327df81d94@group-C7908E81CC6B, cid=63, SUCCESS, logIndex=91, commits[3f4de2de-7d09-498f-aead-42327df81d94:c94]
2019-08-05 04:37:38,621 DEBUG block.SCMBlockDeletingService (SCMBlockDeletingService.java:call(138)) - Running DeletedBlockTransactionScanner
2019-08-05 04:37:38,621 DEBUG block.SCMBlockDeletingService (SCMBlockDeletingService.java:call(155)) - Scanned deleted blocks log and got 0 delTX to process.
2019-08-05 04:37:38,622 INFO  client.GrpcClientProtocolClient (GrpcClientProtocolClient.java:onNext(255)) - client-C12DAE7A5037->3f4de2de-7d09-498f-aead-42327df81d94: receive RaftClientReply:client-C12DAE7A5037->3f4de2de-7d09-498f-aead-42327df81d94@group-C7908E81CC6B, cid=64, SUCCESS, logIndex=92, commits[3f4de2de-7d09-498f-aead-42327df81d94:c94]
2019-08-05 04:37:38,655 INFO  client.GrpcClientProtocolClient (GrpcClientProtocolClient.java:onNext(255)) - client-C12DAE7A5037->3f4de2de-7d09-498f-aead-42327df81d94: receive RaftClientReply:client-C12DAE7A5037->3f4de2de-7d09-498f-aead-42327df81d94@group-C7908E81CC6B, cid=65, SUCCESS, logIndex=95, commits[3f4de2de-7d09-498f-aead-42327df81d94:c98]
2019-08-05 04:37:38,656 INFO  client.GrpcClientProtocolClient (GrpcClientProtocolClient.java:onNext(255)) - client-C12DAE7A5037->3f4de2de-7d09-498f-aead-42327df81d94: receive RaftClientReply:client-C12DAE7A5037->3f4de2de-7d09-498f-aead-42327df81d94@group-C7908E81CC6B, cid=66, SUCCESS, logIndex=96, commits[3f4de2de-7d09-498f-aead-42327df81d94:c100]
2019-08-05 04:37:38,657 INFO  client.GrpcClientProtocolClient (GrpcClientProtocolClient.java:onNext(255)) - client-C12DAE7A5037->3f4de2de-7d09-498f-aead-42327df81d94: receive RaftClientReply:client-C12DAE7A5037->3f4de2de-7d09-498f-aead-42327df81d94@group-C7908E81CC6B, cid=67, SUCCESS, logIndex=97, commits[3f4de2de-7d09-498f-aead-42327df81d94:c100]
2019-08-05 04:37:38,658 INFO  client.GrpcClientProtocolClient (GrpcClientProtocolClient.java:onNext(255)) - client-C12DAE7A5037->3f4de2de-7d09-498f-aead-42327df81d94: receive RaftClientReply:client-C12DAE7A5037->3f4de2de-7d09-498f-aead-42327df81d94@group-C7908E81CC6B, cid=68, SUCCESS, logIndex=98, commits[3f4de2de-7d09-498f-aead-42327df81d94:c100]
2019-08-05 04:37:38,681 INFO  client.GrpcClientProtocolClient (GrpcClientProtocolClient.java:onNext(255)) - client-C12DAE7A5037->3f4de2de-7d09-498f-aead-42327df81d94: receive RaftClientReply:client-C12DAE7A5037->3f4de2de-7d09-498f-aead-42327df81d94@group-C7908E81CC6B, cid=69, SUCCESS, logIndex=101, commits[3f4de2de-7d09-498f-aead-42327df81d94:c102]
2019-08-05 04:37:38,682 INFO  client.GrpcClientProtocolClient (GrpcClientProtocolClient.java:onNext(255)) - client-C12DAE7A5037->3f4de2de-7d09-498f-aead-42327df81d94: receive RaftClientReply:client-C12DAE7A5037->3f4de2de-7d09-498f-aead-42327df81d94@group-C7908E81CC6B, cid=70, SUCCESS, logIndex=102, commits[3f4de2de-7d09-498f-aead-42327df81d94:c102]
2019-08-05 04:37:38,693 INFO  client.GrpcClientProtocolClient (GrpcClientProtocolClient.java:onNext(255)) - client-C12DAE7A5037->3f4de2de-7d09-498f-aead-42327df81d94: receive RaftClientReply:client-C12DAE7A5037->3f4de2de-7d09-498f-aead-42327df81d94@group-C7908E81CC6B, cid=71, SUCCESS, logIndex=103, commits[3f4de2de-7d09-498f-aead-42327df81d94:c104]
2019-08-05 04:37:38,695 INFO  client.GrpcClientProtocolClient (GrpcClientProtocolClient.java:onNext(255)) - client-C12DAE7A5037->3f4de2de-7d09-498f-aead-42327df81d94: receive RaftClientReply:client-C12DAE7A5037->3f4de2de-7d09-498f-aead-42327df81d94@group-C7908E81CC6B, cid=72, SUCCESS, logIndex=104, commits[3f4de2de-7d09-498f-aead-42327df81d94:c106]
2019-08-05 04:37:38,721 DEBUG block.SCMBlockDeletingService (SCMBlockDeletingService.java:call(138)) - Running DeletedBlockTransactionScanner
2019-08-05 04:37:38,722 DEBUG block.SCMBlockDeletingService (SCMBlockDeletingService.java:call(155)) - Scanned deleted blocks log and got 0 delTX to process.
2019-08-05 04:37:38,724 INFO  client.GrpcClientProtocolClient (GrpcClientProtocolClient.java:onNext(255)) - client-C12DAE7A5037->3f4de2de-7d09-498f-aead-42327df81d94: receive RaftClientReply:client-C12DAE7A5037->3f4de2de-7d09-498f-aead-42327df81d94@group-C7908E81CC6B, cid=73, SUCCESS, logIndex=107, commits[3f4de2de-7d09-498f-aead-42327df81d94:c108]
2019-08-05 04:37:38,724 INFO  client.GrpcClientProtocolClient (GrpcClientProtocolClient.java:onNext(255)) - client-C12DAE7A5037->3f4de2de-7d09-498f-aead-42327df81d94: receive RaftClientReply:client-C12DAE7A5037->3f4de2de-7d09-498f-aead-42327df81d94@group-C7908E81CC6B, cid=74, SUCCESS, logIndex=108, commits[3f4de2de-7d09-498f-aead-42327df81d94:c108]
2019-08-05 04:37:38,731 INFO  client.GrpcClientProtocolClient (GrpcClientProtocolClient.java:onNext(255)) - client-C12DAE7A5037->3f4de2de-7d09-498f-aead-42327df81d94: receive RaftClientReply:client-C12DAE7A5037->3f4de2de-7d09-498f-aead-42327df81d94@group-C7908E81CC6B, cid=75, SUCCESS, logIndex=109, commits[3f4de2de-7d09-498f-aead-42327df81d94:c111]
2019-08-05 04:37:38,732 INFO  client.GrpcClientProtocolClient (GrpcClientProtocolClient.java:onNext(255)) - client-C12DAE7A5037->3f4de2de-7d09-498f-aead-42327df81d94: receive RaftClientReply:client-C12DAE7A5037->3f4de2de-7d09-498f-aead-42327df81d94@group-C7908E81CC6B, cid=76, SUCCESS, logIndex=110, commits[3f4de2de-7d09-498f-aead-42327df81d94:c111]
2019-08-05 04:37:38,757 INFO  client.GrpcClientProtocolClient (GrpcClientProtocolClient.java:onNext(255)) - client-C12DAE7A5037->3f4de2de-7d09-498f-aead-42327df81d94: receive RaftClientReply:client-C12DAE7A5037->3f4de2de-7d09-498f-aead-42327df81d94@group-C7908E81CC6B, cid=77, SUCCESS, logIndex=112, commits[3f4de2de-7d09-498f-aead-42327df81d94:c113]
2019-08-05 04:37:38,759 INFO  client.GrpcClientProtocolClient (GrpcClientProtocolClient.java:onNext(255)) - client-C12DAE7A5037->3f4de2de-7d09-498f-aead-42327df81d94: receive RaftClientReply:client-C12DAE7A5037->3f4de2de-7d09-498f-aead-42327df81d94@group-C7908E81CC6B, cid=78, SUCCESS, logIndex=113, commits[3f4de2de-7d09-498f-aead-42327df81d94:c116]
2019-08-05 04:37:38,759 INFO  client.GrpcClientProtocolClient (GrpcClientProtocolClient.java:onNext(255)) - client-C12DAE7A5037->3f4de2de-7d09-498f-aead-42327df81d94: receive RaftClientReply:client-C12DAE7A5037->3f4de2de-7d09-498f-aead-42327df81d94@group-C7908E81CC6B, cid=79, SUCCESS, logIndex=114, commits[3f4de2de-7d09-498f-aead-42327df81d94:c117]
2019-08-05 04:37:38,760 INFO  client.GrpcClientProtocolClient (GrpcClientProtocolClient.java:onNext(255)) - client-C12DAE7A5037->3f4de2de-7d09-498f-aead-42327df81d94: receive RaftClientReply:client-C12DAE7A5037->3f4de2de-7d09-498f-aead-42327df81d94@group-C7908E81CC6B, cid=80, SUCCESS, logIndex=115, commits[3f4de2de-7d09-498f-aead-42327df81d94:c117]
2019-08-05 04:37:38,793 INFO  client.GrpcClientProtocolClient (GrpcClientProtocolClient.java:onNext(255)) - client-C12DAE7A5037->3f4de2de-7d09-498f-aead-42327df81d94: receive RaftClientReply:client-C12DAE7A5037->3f4de2de-7d09-498f-aead-42327df81d94@group-C7908E81CC6B, cid=81, SUCCESS, logIndex=118, commits[3f4de2de-7d09-498f-aead-42327df81d94:c121]
2019-08-05 04:37:38,794 INFO  client.GrpcClientProtocolClient (GrpcClientProtocolClient.java:onNext(255)) - client-C12DAE7A5037->3f4de2de-7d09-498f-aead-42327df81d94: receive RaftClientReply:client-C12DAE7A5037->3f4de2de-7d09-498f-aead-42327df81d94@group-C7908E81CC6B, cid=82, SUCCESS, logIndex=119, commits[3f4de2de-7d09-498f-aead-42327df81d94:c122]
2019-08-05 04:37:38,795 INFO  client.GrpcClientProtocolClient (GrpcClientProtocolClient.java:onNext(255)) - client-C12DAE7A5037->3f4de2de-7d09-498f-aead-42327df81d94: receive RaftClientReply:client-C12DAE7A5037->3f4de2de-7d09-498f-aead-42327df81d94@group-C7908E81CC6B, cid=83, SUCCESS, logIndex=120, commits[3f4de2de-7d09-498f-aead-42327df81d94:c123]
2019-08-05 04:37:38,796 INFO  client.GrpcClientProtocolClient (GrpcClientProtocolClient.java:onNext(255)) - client-C12DAE7A5037->3f4de2de-7d09-498f-aead-42327df81d94: receive RaftClientReply:client-C12DAE7A5037->3f4de2de-7d09-498f-aead-42327df81d94@group-C7908E81CC6B, cid=84, SUCCESS, logIndex=121, commits[3f4de2de-7d09-498f-aead-42327df81d94:c123]
2019-08-05 04:37:38,825 DEBUG block.SCMBlockDeletingService (SCMBlockDeletingService.java:call(138)) - Running DeletedBlockTransactionScanner
2019-08-05 04:37:38,825 DEBUG block.SCMBlockDeletingService (SCMBlockDeletingService.java:call(155)) - Scanned deleted blocks log and got 0 delTX to process.
2019-08-05 04:37:38,825 INFO  client.GrpcClientProtocolClient (GrpcClientProtocolClient.java:onNext(255)) - client-C12DAE7A5037->3f4de2de-7d09-498f-aead-42327df81d94: receive RaftClientReply:client-C12DAE7A5037->3f4de2de-7d09-498f-aead-42327df81d94@group-C7908E81CC6B, cid=85, SUCCESS, logIndex=124, commits[3f4de2de-7d09-498f-aead-42327df81d94:c125]
2019-08-05 04:37:38,826 INFO  client.GrpcClientProtocolClient (GrpcClientProtocolClient.java:onNext(255)) - client-C12DAE7A5037->3f4de2de-7d09-498f-aead-42327df81d94: receive RaftClientReply:client-C12DAE7A5037->3f4de2de-7d09-498f-aead-42327df81d94@group-C7908E81CC6B, cid=86, SUCCESS, logIndex=125, commits[3f4de2de-7d09-498f-aead-42327df81d94:c125]
2019-08-05 04:37:38,833 INFO  client.GrpcClientProtocolClient (GrpcClientProtocolClient.java:onNext(255)) - client-C12DAE7A5037->3f4de2de-7d09-498f-aead-42327df81d94: receive RaftClientReply:client-C12DAE7A5037->3f4de2de-7d09-498f-aead-42327df81d94@group-C7908E81CC6B, cid=87, SUCCESS, logIndex=126, commits[3f4de2de-7d09-498f-aead-42327df81d94:c127]
2019-08-05 04:37:38,834 INFO  client.GrpcClientProtocolClient (GrpcClientProtocolClient.java:onNext(255)) - client-C12DAE7A5037->3f4de2de-7d09-498f-aead-42327df81d94: receive RaftClientReply:client-C12DAE7A5037->3f4de2de-7d09-498f-aead-42327df81d94@group-C7908E81CC6B, cid=88, SUCCESS, logIndex=127, commits[3f4de2de-7d09-498f-aead-42327df81d94:c128]
2019-08-05 04:37:38,934 DEBUG block.SCMBlockDeletingService (SCMBlockDeletingService.java:call(138)) - Running DeletedBlockTransactionScanner
2019-08-05 04:37:38,934 DEBUG block.SCMBlockDeletingService (SCMBlockDeletingService.java:call(155)) - Scanned deleted blocks log and got 0 delTX to process.
2019-08-05 04:37:39,034 DEBUG block.SCMBlockDeletingService (SCMBlockDeletingService.java:call(138)) - Running DeletedBlockTransactionScanner
2019-08-05 04:37:39,035 DEBUG block.SCMBlockDeletingService (SCMBlockDeletingService.java:call(155)) - Scanned deleted blocks log and got 0 delTX to process.
2019-08-05 04:37:39,081 INFO  client.GrpcClientProtocolClient (GrpcClientProtocolClient.java:onNext(255)) - client-C12DAE7A5037->3f4de2de-7d09-498f-aead-42327df81d94: receive RaftClientReply:client-C12DAE7A5037->3f4de2de-7d09-498f-aead-42327df81d94@group-C7908E81CC6B, cid=89, SUCCESS, logIndex=130, commits[3f4de2de-7d09-498f-aead-42327df81d94:c134]
2019-08-05 04:37:39,082 INFO  client.GrpcClientProtocolClient (GrpcClientProtocolClient.java:onNext(255)) - client-C12DAE7A5037->3f4de2de-7d09-498f-aead-42327df81d94: receive RaftClientReply:client-C12DAE7A5037->3f4de2de-7d09-498f-aead-42327df81d94@group-C7908E81CC6B, cid=90, SUCCESS, logIndex=131, commits[3f4de2de-7d09-498f-aead-42327df81d94:c134]
2019-08-05 04:37:39,083 INFO  client.GrpcClientProtocolClient (GrpcClientProtocolClient.java:onNext(255)) - client-C12DAE7A5037->3f4de2de-7d09-498f-aead-42327df81d94: receive RaftClientReply:client-C12DAE7A5037->3f4de2de-7d09-498f-aead-42327df81d94@group-C7908E81CC6B, cid=91, SUCCESS, logIndex=132, commits[3f4de2de-7d09-498f-aead-42327df81d94:c134]
2019-08-05 04:37:39,083 INFO  client.GrpcClientProtocolClient (GrpcClientProtocolClient.java:onNext(255)) - client-C12DAE7A5037->3f4de2de-7d09-498f-aead-42327df81d94: receive RaftClientReply:client-C12DAE7A5037->3f4de2de-7d09-498f-aead-42327df81d94@group-C7908E81CC6B, cid=92, SUCCESS, logIndex=133, commits[3f4de2de-7d09-498f-aead-42327df81d94:c134]
2019-08-05 04:37:39,112 INFO  client.GrpcClientProtocolClient (GrpcClientProtocolClient.java:onNext(255)) - client-C12DAE7A5037->3f4de2de-7d09-498f-aead-42327df81d94: receive RaftClientReply:client-C12DAE7A5037->3f4de2de-7d09-498f-aead-42327df81d94@group-C7908E81CC6B, cid=93, SUCCESS, logIndex=136, commits[3f4de2de-7d09-498f-aead-42327df81d94:c137]
2019-08-05 04:37:39,113 INFO  client.GrpcClientProtocolClient (GrpcClientProtocolClient.java:onNext(255)) - client-C12DAE7A5037->3f4de2de-7d09-498f-aead-42327df81d94: receive RaftClientReply:client-C12DAE7A5037->3f4de2de-7d09-498f-aead-42327df81d94@group-C7908E81CC6B, cid=94, SUCCESS, logIndex=137, commits[3f4de2de-7d09-498f-aead-42327df81d94:c140]
2019-08-05 04:37:39,113 INFO  client.GrpcClientProtocolClient (GrpcClientProtocolClient.java:onNext(255)) - client-C12DAE7A5037->3f4de2de-7d09-498f-aead-42327df81d94: receive RaftClientReply:client-C12DAE7A5037->3f4de2de-7d09-498f-aead-42327df81d94@group-C7908E81CC6B, cid=95, SUCCESS, logIndex=138, commits[3f4de2de-7d09-498f-aead-42327df81d94:c140]
2019-08-05 04:37:39,114 INFO  client.GrpcClientProtocolClient (GrpcClientProtocolClient.java:onNext(255)) - client-C12DAE7A5037->3f4de2de-7d09-498f-aead-42327df81d94: receive RaftClientReply:client-C12DAE7A5037->3f4de2de-7d09-498f-aead-42327df81d94@group-C7908E81CC6B, cid=96, SUCCESS, logIndex=139, commits[3f4de2de-7d09-498f-aead-42327df81d94:c141]
2019-08-05 04:37:39,135 DEBUG block.SCMBlockDeletingService (SCMBlockDeletingService.java:call(138)) - Running DeletedBlockTransactionScanner
2019-08-05 04:37:39,136 DEBUG block.SCMBlockDeletingService (SCMBlockDeletingService.java:call(155)) - Scanned deleted blocks log and got 0 delTX to process.
2019-08-05 04:37:39,148 INFO  client.GrpcClientProtocolClient (GrpcClientProtocolClient.java:onNext(255)) - client-C12DAE7A5037->3f4de2de-7d09-498f-aead-42327df81d94: receive RaftClientReply:client-C12DAE7A5037->3f4de2de-7d09-498f-aead-42327df81d94@group-C7908E81CC6B, cid=97, SUCCESS, logIndex=142, commits[3f4de2de-7d09-498f-aead-42327df81d94:c145]
2019-08-05 04:37:39,149 INFO  client.GrpcClientProtocolClient (GrpcClientProtocolClient.java:onNext(255)) - client-C12DAE7A5037->3f4de2de-7d09-498f-aead-42327df81d94: receive RaftClientReply:client-C12DAE7A5037->3f4de2de-7d09-498f-aead-42327df81d94@group-C7908E81CC6B, cid=98, SUCCESS, logIndex=143, commits[3f4de2de-7d09-498f-aead-42327df81d94:c146]
2019-08-05 04:37:39,150 INFO  client.GrpcClientProtocolClient (GrpcClientProtocolClient.java:onNext(255)) - client-C12DAE7A5037->3f4de2de-7d09-498f-aead-42327df81d94: receive RaftClientReply:client-C12DAE7A5037->3f4de2de-7d09-498f-aead-42327df81d94@group-C7908E81CC6B, cid=99, SUCCESS, logIndex=144, commits[3f4de2de-7d09-498f-aead-42327df81d94:c146]
2019-08-05 04:37:39,150 INFO  client.GrpcClientProtocolClient (GrpcClientProtocolClient.java:onNext(255)) - client-C12DAE7A5037->3f4de2de-7d09-498f-aead-42327df81d94: receive RaftClientReply:client-C12DAE7A5037->3f4de2de-7d09-498f-aead-42327df81d94@group-C7908E81CC6B, cid=100, SUCCESS, logIndex=145, commits[3f4de2de-7d09-498f-aead-42327df81d94:c146]
2019-08-05 04:37:39,172 INFO  client.GrpcClientProtocolClient (GrpcClientProtocolClient.java:onNext(255)) - client-C12DAE7A5037->3f4de2de-7d09-498f-aead-42327df81d94: receive RaftClientReply:client-C12DAE7A5037->3f4de2de-7d09-498f-aead-42327df81d94@group-C7908E81CC6B, cid=101, SUCCESS, logIndex=148, commits[3f4de2de-7d09-498f-aead-42327df81d94:c149]
2019-08-05 04:37:39,173 INFO  client.GrpcClientProtocolClient (GrpcClientProtocolClient.java:onNext(255)) - client-C12DAE7A5037->3f4de2de-7d09-498f-aead-42327df81d94: receive RaftClientReply:client-C12DAE7A5037->3f4de2de-7d09-498f-aead-42327df81d94@group-C7908E81CC6B, cid=102, SUCCESS, logIndex=149, commits[3f4de2de-7d09-498f-aead-42327df81d94:c152]
2019-08-05 04:37:39,174 INFO  client.GrpcClientProtocolClient (GrpcClientProtocolClient.java:onNext(255)) - client-C12DAE7A5037->3f4de2de-7d09-498f-aead-42327df81d94: receive RaftClientReply:client-C12DAE7A5037->3f4de2de-7d09-498f-aead-42327df81d94@group-C7908E81CC6B, cid=103, SUCCESS, logIndex=150, commits[3f4de2de-7d09-498f-aead-42327df81d94:c153]
2019-08-05 04:37:39,174 INFO  client.GrpcClientProtocolClient (GrpcClientProtocolClient.java:onNext(255)) - client-C12DAE7A5037->3f4de2de-7d09-498f-aead-42327df81d94: receive RaftClientReply:client-C12DAE7A5037->3f4de2de-7d09-498f-aead-42327df81d94@group-C7908E81CC6B, cid=104, SUCCESS, logIndex=151, commits[3f4de2de-7d09-498f-aead-42327df81d94:c153]
2019-08-05 04:37:39,209 INFO  client.GrpcClientProtocolClient (GrpcClientProtocolClient.java:onNext(255)) - client-C12DAE7A5037->3f4de2de-7d09-498f-aead-42327df81d94: receive RaftClientReply:client-C12DAE7A5037->3f4de2de-7d09-498f-aead-42327df81d94@group-C7908E81CC6B, cid=105, SUCCESS, logIndex=154, commits[3f4de2de-7d09-498f-aead-42327df81d94:c157]
2019-08-05 04:37:39,210 INFO  client.GrpcClientProtocolClient (GrpcClientProtocolClient.java:onNext(255)) - client-C12DAE7A5037->3f4de2de-7d09-498f-aead-42327df81d94: receive RaftClientReply:client-C12DAE7A5037->3f4de2de-7d09-498f-aead-42327df81d94@group-C7908E81CC6B, cid=106, SUCCESS, logIndex=155, commits[3f4de2de-7d09-498f-aead-42327df81d94:c158]
2019-08-05 04:37:39,211 INFO  client.GrpcClientProtocolClient (GrpcClientProtocolClient.java:onNext(255)) - client-C12DAE7A5037->3f4de2de-7d09-498f-aead-42327df81d94: receive RaftClientReply:client-C12DAE7A5037->3f4de2de-7d09-498f-aead-42327df81d94@group-C7908E81CC6B, cid=107, SUCCESS, logIndex=156, commits[3f4de2de-7d09-498f-aead-42327df81d94:c159]
2019-08-05 04:37:39,211 INFO  client.GrpcClientProtocolClient (GrpcClientProtocolClient.java:onNext(255)) - client-C12DAE7A5037->3f4de2de-7d09-498f-aead-42327df81d94: receive RaftClientReply:client-C12DAE7A5037->3f4de2de-7d09-498f-aead-42327df81d94@group-C7908E81CC6B, cid=108, SUCCESS, logIndex=157, commits[3f4de2de-7d09-498f-aead-42327df81d94:c159]
2019-08-05 04:37:39,235 INFO  client.GrpcClientProtocolClient (GrpcClientProtocolClient.java:onNext(255)) - client-C12DAE7A5037->3f4de2de-7d09-498f-aead-42327df81d94: receive RaftClientReply:client-C12DAE7A5037->3f4de2de-7d09-498f-aead-42327df81d94@group-C7908E81CC6B, cid=109, SUCCESS, logIndex=160, commits[3f4de2de-7d09-498f-aead-42327df81d94:c163]
2019-08-05 04:37:39,236 DEBUG block.SCMBlockDeletingService (SCMBlockDeletingService.java:call(138)) - Running DeletedBlockTransactionScanner
2019-08-05 04:37:39,236 INFO  client.GrpcClientProtocolClient (GrpcClientProtocolClient.java:onNext(255)) - client-C12DAE7A5037->3f4de2de-7d09-498f-aead-42327df81d94: receive RaftClientReply:client-C12DAE7A5037->3f4de2de-7d09-498f-aead-42327df81d94@group-C7908E81CC6B, cid=110, SUCCESS, logIndex=161, commits[3f4de2de-7d09-498f-aead-42327df81d94:c165]
2019-08-05 04:37:39,236 DEBUG block.SCMBlockDeletingService (SCMBlockDeletingService.java:call(155)) - Scanned deleted blocks log and got 0 delTX to process.
2019-08-05 04:37:39,237 INFO  client.GrpcClientProtocolClient (GrpcClientProtocolClient.java:onNext(255)) - client-C12DAE7A5037->3f4de2de-7d09-498f-aead-42327df81d94: receive RaftClientReply:client-C12DAE7A5037->3f4de2de-7d09-498f-aead-42327df81d94@group-C7908E81CC6B, cid=111, SUCCESS, logIndex=162, commits[3f4de2de-7d09-498f-aead-42327df81d94:c165]
2019-08-05 04:37:39,238 INFO  client.GrpcClientProtocolClient (GrpcClientProtocolClient.java:onNext(255)) - client-C12DAE7A5037->3f4de2de-7d09-498f-aead-42327df81d94: receive RaftClientReply:client-C12DAE7A5037->3f4de2de-7d09-498f-aead-42327df81d94@group-C7908E81CC6B, cid=112, SUCCESS, logIndex=163, commits[3f4de2de-7d09-498f-aead-42327df81d94:c165]
2019-08-05 04:37:39,271 INFO  client.GrpcClientProtocolClient (GrpcClientProtocolClient.java:onNext(255)) - client-C12DAE7A5037->3f4de2de-7d09-498f-aead-42327df81d94: receive RaftClientReply:client-C12DAE7A5037->3f4de2de-7d09-498f-aead-42327df81d94@group-C7908E81CC6B, cid=113, SUCCESS, logIndex=166, commits[3f4de2de-7d09-498f-aead-42327df81d94:c169]
2019-08-05 04:37:39,272 INFO  client.GrpcClientProtocolClient (GrpcClientProtocolClient.java:onNext(255)) - client-C12DAE7A5037->3f4de2de-7d09-498f-aead-42327df81d94: receive RaftClientReply:client-C12DAE7A5037->3f4de2de-7d09-498f-aead-42327df81d94@group-C7908E81CC6B, cid=114, SUCCESS, logIndex=167, commits[3f4de2de-7d09-498f-aead-42327df81d94:c170]
2019-08-05 04:37:39,273 INFO  client.GrpcClientProtocolClient (GrpcClientProtocolClient.java:onNext(255)) - client-C12DAE7A5037->3f4de2de-7d09-498f-aead-42327df81d94: receive RaftClientReply:client-C12DAE7A5037->3f4de2de-7d09-498f-aead-42327df81d94@group-C7908E81CC6B, cid=115, SUCCESS, logIndex=168, commits[3f4de2de-7d09-498f-aead-42327df81d94:c171]
2019-08-05 04:37:39,274 INFO  client.GrpcClientProtocolClient (GrpcClientProtocolClient.java:onNext(255)) - client-C12DAE7A5037->3f4de2de-7d09-498f-aead-42327df81d94: receive RaftClientReply:client-C12DAE7A5037->3f4de2de-7d09-498f-aead-42327df81d94@group-C7908E81CC6B, cid=116, SUCCESS, logIndex=169, commits[3f4de2de-7d09-498f-aead-42327df81d94:c171]
2019-08-05 04:37:39,297 INFO  client.GrpcClientProtocolClient (GrpcClientProtocolClient.java:onNext(255)) - client-C12DAE7A5037->3f4de2de-7d09-498f-aead-42327df81d94: receive RaftClientReply:client-C12DAE7A5037->3f4de2de-7d09-498f-aead-42327df81d94@group-C7908E81CC6B, cid=117, SUCCESS, logIndex=172, commits[3f4de2de-7d09-498f-aead-42327df81d94:c173]
2019-08-05 04:37:39,298 INFO  client.GrpcClientProtocolClient (GrpcClientProtocolClient.java:onNext(255)) - client-C12DAE7A5037->3f4de2de-7d09-498f-aead-42327df81d94: receive RaftClientReply:client-C12DAE7A5037->3f4de2de-7d09-498f-aead-42327df81d94@group-C7908E81CC6B, cid=118, SUCCESS, logIndex=173, commits[3f4de2de-7d09-498f-aead-42327df81d94:c176]
2019-08-05 04:37:39,299 INFO  client.GrpcClientProtocolClient (GrpcClientProtocolClient.java:onNext(255)) - client-C12DAE7A5037->3f4de2de-7d09-498f-aead-42327df81d94: receive RaftClientReply:client-C12DAE7A5037->3f4de2de-7d09-498f-aead-42327df81d94@group-C7908E81CC6B, cid=119, SUCCESS, logIndex=174, commits[3f4de2de-7d09-498f-aead-42327df81d94:c177]
2019-08-05 04:37:39,299 INFO  client.GrpcClientProtocolClient (GrpcClientProtocolClient.java:onNext(255)) - client-C12DAE7A5037->3f4de2de-7d09-498f-aead-42327df81d94: receive RaftClientReply:client-C12DAE7A5037->3f4de2de-7d09-498f-aead-42327df81d94@group-C7908E81CC6B, cid=120, SUCCESS, logIndex=175, commits[3f4de2de-7d09-498f-aead-42327df81d94:c177]
2019-08-05 04:37:39,331 INFO  client.GrpcClientProtocolClient (GrpcClientProtocolClient.java:onNext(255)) - client-C12DAE7A5037->3f4de2de-7d09-498f-aead-42327df81d94: receive RaftClientReply:client-C12DAE7A5037->3f4de2de-7d09-498f-aead-42327df81d94@group-C7908E81CC6B, cid=121, SUCCESS, logIndex=178, commits[3f4de2de-7d09-498f-aead-42327df81d94:c179]
2019-08-05 04:37:39,332 INFO  client.GrpcClientProtocolClient (GrpcClientProtocolClient.java:onNext(255)) - client-C12DAE7A5037->3f4de2de-7d09-498f-aead-42327df81d94: receive RaftClientReply:client-C12DAE7A5037->3f4de2de-7d09-498f-aead-42327df81d94@group-C7908E81CC6B, cid=122, SUCCESS, logIndex=179, commits[3f4de2de-7d09-498f-aead-42327df81d94:c179]
2019-08-05 04:37:39,333 INFO  client.GrpcClientProtocolClient (GrpcClientProtocolClient.java:onNext(255)) - client-C12DAE7A5037->3f4de2de-7d09-498f-aead-42327df81d94: receive RaftClientReply:client-C12DAE7A5037->3f4de2de-7d09-498f-aead-42327df81d94@group-C7908E81CC6B, cid=123, SUCCESS, logIndex=180, commits[3f4de2de-7d09-498f-aead-42327df81d94:c182]
2019-08-05 04:37:39,334 INFO  client.GrpcClientProtocolClient (GrpcClientProtocolClient.java:onNext(255)) - client-C12DAE7A5037->3f4de2de-7d09-498f-aead-42327df81d94: receive RaftClientReply:client-C12DAE7A5037->3f4de2de-7d09-498f-aead-42327df81d94@group-C7908E81CC6B, cid=124, SUCCESS, logIndex=181, commits[3f4de2de-7d09-498f-aead-42327df81d94:c183]
2019-08-05 04:37:39,337 DEBUG block.SCMBlockDeletingService (SCMBlockDeletingService.java:call(138)) - Running DeletedBlockTransactionScanner
2019-08-05 04:37:39,337 DEBUG block.SCMBlockDeletingService (SCMBlockDeletingService.java:call(155)) - Scanned deleted blocks log and got 0 delTX to process.
2019-08-05 04:37:39,357 INFO  client.GrpcClientProtocolClient (GrpcClientProtocolClient.java:onNext(255)) - client-C12DAE7A5037->3f4de2de-7d09-498f-aead-42327df81d94: receive RaftClientReply:client-C12DAE7A5037->3f4de2de-7d09-498f-aead-42327df81d94@group-C7908E81CC6B, cid=125, SUCCESS, logIndex=184, commits[3f4de2de-7d09-498f-aead-42327df81d94:c187]
2019-08-05 04:37:39,358 INFO  client.GrpcClientProtocolClient (GrpcClientProtocolClient.java:onNext(255)) - client-C12DAE7A5037->3f4de2de-7d09-498f-aead-42327df81d94: receive RaftClientReply:client-C12DAE7A5037->3f4de2de-7d09-498f-aead-42327df81d94@group-C7908E81CC6B, cid=126, SUCCESS, logIndex=185, commits[3f4de2de-7d09-498f-aead-42327df81d94:c189]
2019-08-05 04:37:39,358 INFO  client.GrpcClientProtocolClient (GrpcClientProtocolClient.java:onNext(255)) - client-C12DAE7A5037->3f4de2de-7d09-498f-aead-42327df81d94: receive RaftClientReply:client-C12DAE7A5037->3f4de2de-7d09-498f-aead-42327df81d94@group-C7908E81CC6B, cid=127, SUCCESS, logIndex=186, commits[3f4de2de-7d09-498f-aead-42327df81d94:c189]
2019-08-05 04:37:39,359 INFO  client.GrpcClientProtocolClient (GrpcClientProtocolClient.java:onNext(255)) - client-C12DAE7A5037->3f4de2de-7d09-498f-aead-42327df81d94: receive RaftClientReply:client-C12DAE7A5037->3f4de2de-7d09-498f-aead-42327df81d94@group-C7908E81CC6B, cid=128, SUCCESS, logIndex=187, commits[3f4de2de-7d09-498f-aead-42327df81d94:c189]
2019-08-05 04:37:39,394 INFO  client.GrpcClientProtocolClient (GrpcClientProtocolClient.java:onNext(255)) - client-C12DAE7A5037->3f4de2de-7d09-498f-aead-42327df81d94: receive RaftClientReply:client-C12DAE7A5037->3f4de2de-7d09-498f-aead-42327df81d94@group-C7908E81CC6B, cid=129, SUCCESS, logIndex=190, commits[3f4de2de-7d09-498f-aead-42327df81d94:c193]
2019-08-05 04:37:39,395 INFO  client.GrpcClientProtocolClient (GrpcClientProtocolClient.java:onNext(255)) - client-C12DAE7A5037->3f4de2de-7d09-498f-aead-42327df81d94: receive RaftClientReply:client-C12DAE7A5037->3f4de2de-7d09-498f-aead-42327df81d94@group-C7908E81CC6B, cid=130, SUCCESS, logIndex=191, commits[3f4de2de-7d09-498f-aead-42327df81d94:c194]
2019-08-05 04:37:39,395 INFO  client.GrpcClientProtocolClient (GrpcClientProtocolClient.java:onNext(255)) - client-C12DAE7A5037->3f4de2de-7d09-498f-aead-42327df81d94: receive RaftClientReply:client-C12DAE7A5037->3f4de2de-7d09-498f-aead-42327df81d94@group-C7908E81CC6B, cid=131, SUCCESS, logIndex=192, commits[3f4de2de-7d09-498f-aead-42327df81d94:c195]
2019-08-05 04:37:39,396 INFO  client.GrpcClientProtocolClient (GrpcClientProtocolClient.java:onNext(255)) - client-C12DAE7A5037->3f4de2de-7d09-498f-aead-42327df81d94: receive RaftClientReply:client-C12DAE7A5037->3f4de2de-7d09-498f-aead-42327df81d94@group-C7908E81CC6B, cid=132, SUCCESS, logIndex=193, commits[3f4de2de-7d09-498f-aead-42327df81d94:c195]
2019-08-05 04:37:39,438 DEBUG block.SCMBlockDeletingService (SCMBlockDeletingService.java:call(138)) - Running DeletedBlockTransactionScanner
2019-08-05 04:37:39,438 DEBUG block.SCMBlockDeletingService (SCMBlockDeletingService.java:call(155)) - Scanned deleted blocks log and got 0 delTX to process.
2019-08-05 04:37:39,520 INFO  client.GrpcClientProtocolClient (GrpcClientProtocolClient.java:onNext(255)) - client-C12DAE7A5037->3f4de2de-7d09-498f-aead-42327df81d94: receive RaftClientReply:client-C12DAE7A5037->3f4de2de-7d09-498f-aead-42327df81d94@group-C7908E81CC6B, cid=133, SUCCESS, logIndex=196, commits[3f4de2de-7d09-498f-aead-42327df81d94:c197]
2019-08-05 04:37:39,521 INFO  client.GrpcClientProtocolClient (GrpcClientProtocolClient.java:onNext(255)) - client-C12DAE7A5037->3f4de2de-7d09-498f-aead-42327df81d94: receive RaftClientReply:client-C12DAE7A5037->3f4de2de-7d09-498f-aead-42327df81d94@group-C7908E81CC6B, cid=134, SUCCESS, logIndex=197, commits[3f4de2de-7d09-498f-aead-42327df81d94:c200]
2019-08-05 04:37:39,521 INFO  client.GrpcClientProtocolClient (GrpcClientProtocolClient.java:onNext(255)) - client-C12DAE7A5037->3f4de2de-7d09-498f-aead-42327df81d94: receive RaftClientReply:client-C12DAE7A5037->3f4de2de-7d09-498f-aead-42327df81d94@group-C7908E81CC6B, cid=135, SUCCESS, logIndex=198, commits[3f4de2de-7d09-498f-aead-42327df81d94:c201]
2019-08-05 04:37:39,522 INFO  client.GrpcClientProtocolClient (GrpcClientProtocolClient.java:onNext(255)) - client-C12DAE7A5037->3f4de2de-7d09-498f-aead-42327df81d94: receive RaftClientReply:client-C12DAE7A5037->3f4de2de-7d09-498f-aead-42327df81d94@group-C7908E81CC6B, cid=136, SUCCESS, logIndex=199, commits[3f4de2de-7d09-498f-aead-42327df81d94:c201]
2019-08-05 04:37:39,538 DEBUG block.SCMBlockDeletingService (SCMBlockDeletingService.java:call(138)) - Running DeletedBlockTransactionScanner
2019-08-05 04:37:39,539 DEBUG block.SCMBlockDeletingService (SCMBlockDeletingService.java:call(155)) - Scanned deleted blocks log and got 0 delTX to process.
2019-08-05 04:37:39,550 INFO  client.GrpcClientProtocolClient (GrpcClientProtocolClient.java:onNext(255)) - client-C12DAE7A5037->3f4de2de-7d09-498f-aead-42327df81d94: receive RaftClientReply:client-C12DAE7A5037->3f4de2de-7d09-498f-aead-42327df81d94@group-C7908E81CC6B, cid=137, SUCCESS, logIndex=202, commits[3f4de2de-7d09-498f-aead-42327df81d94:c205]
2019-08-05 04:37:39,551 INFO  client.GrpcClientProtocolClient (GrpcClientProtocolClient.java:onNext(255)) - client-C12DAE7A5037->3f4de2de-7d09-498f-aead-42327df81d94: receive RaftClientReply:client-C12DAE7A5037->3f4de2de-7d09-498f-aead-42327df81d94@group-C7908E81CC6B, cid=138, SUCCESS, logIndex=203, commits[3f4de2de-7d09-498f-aead-42327df81d94:c206]
2019-08-05 04:37:39,552 INFO  client.GrpcClientProtocolClient (GrpcClientProtocolClient.java:onNext(255)) - client-C12DAE7A5037->3f4de2de-7d09-498f-aead-42327df81d94: receive RaftClientReply:client-C12DAE7A5037->3f4de2de-7d09-498f-aead-42327df81d94@group-C7908E81CC6B, cid=139, SUCCESS, logIndex=204, commits[3f4de2de-7d09-498f-aead-42327df81d94:c207]
2019-08-05 04:37:39,552 INFO  client.GrpcClientProtocolClient (GrpcClientProtocolClient.java:onNext(255)) - client-C12DAE7A5037->3f4de2de-7d09-498f-aead-42327df81d94: receive RaftClientReply:client-C12DAE7A5037->3f4de2de-7d09-498f-aead-42327df81d94@group-C7908E81CC6B, cid=140, SUCCESS, logIndex=205, commits[3f4de2de-7d09-498f-aead-42327df81d94:c207]
2019-08-05 04:37:39,574 INFO  client.GrpcClientProtocolClient (GrpcClientProtocolClient.java:onNext(255)) - client-C12DAE7A5037->3f4de2de-7d09-498f-aead-42327df81d94: receive RaftClientReply:client-C12DAE7A5037->3f4de2de-7d09-498f-aead-42327df81d94@group-C7908E81CC6B, cid=141, SUCCESS, logIndex=208, commits[3f4de2de-7d09-498f-aead-42327df81d94:c209]
2019-08-05 04:37:39,575 INFO  client.GrpcClientProtocolClient (GrpcClientProtocolClient.java:onNext(255)) - client-C12DAE7A5037->3f4de2de-7d09-498f-aead-42327df81d94: receive RaftClientReply:client-C12DAE7A5037->3f4de2de-7d09-498f-aead-42327df81d94@group-C7908E81CC6B, cid=142, SUCCESS, logIndex=209, commits[3f4de2de-7d09-498f-aead-42327df81d94:c211]
2019-08-05 04:37:39,575 INFO  client.GrpcClientProtocolClient (GrpcClientProtocolClient.java:onNext(255)) - client-C12DAE7A5037->3f4de2de-7d09-498f-aead-42327df81d94: receive RaftClientReply:client-C12DAE7A5037->3f4de2de-7d09-498f-aead-42327df81d94@group-C7908E81CC6B, cid=143, SUCCESS, logIndex=210, commits[3f4de2de-7d09-498f-aead-42327df81d94:c212]
2019-08-05 04:37:39,576 INFO  client.GrpcClientProtocolClient (GrpcClientProtocolClient.java:onNext(255)) - client-C12DAE7A5037->3f4de2de-7d09-498f-aead-42327df81d94: receive RaftClientReply:client-C12DAE7A5037->3f4de2de-7d09-498f-aead-42327df81d94@group-C7908E81CC6B, cid=144, SUCCESS, logIndex=211, commits[3f4de2de-7d09-498f-aead-42327df81d94:c213]
2019-08-05 04:37:39,613 INFO  client.GrpcClientProtocolClient (GrpcClientProtocolClient.java:onNext(255)) - client-C12DAE7A5037->3f4de2de-7d09-498f-aead-42327df81d94: receive RaftClientReply:client-C12DAE7A5037->3f4de2de-7d09-498f-aead-42327df81d94@group-C7908E81CC6B, cid=145, SUCCESS, logIndex=214, commits[3f4de2de-7d09-498f-aead-42327df81d94:c215]
2019-08-05 04:37:39,615 INFO  client.GrpcClientProtocolClient (GrpcClientProtocolClient.java:onNext(255)) - client-C12DAE7A5037->3f4de2de-7d09-498f-aead-42327df81d94: receive RaftClientReply:client-C12DAE7A5037->3f4de2de-7d09-498f-aead-42327df81d94@group-C7908E81CC6B, cid=146, SUCCESS, logIndex=215, commits[3f4de2de-7d09-498f-aead-42327df81d94:c215]
2019-08-05 04:37:39,623 INFO  client.GrpcClientProtocolClient (GrpcClientProtocolClient.java:onNext(255)) - client-C12DAE7A5037->3f4de2de-7d09-498f-aead-42327df81d94: receive RaftClientReply:client-C12DAE7A5037->3f4de2de-7d09-498f-aead-42327df81d94@group-C7908E81CC6B, cid=147, SUCCESS, logIndex=216, commits[3f4de2de-7d09-498f-aead-42327df81d94:c217]
2019-08-05 04:37:39,624 INFO  client.GrpcClientProtocolClient (GrpcClientProtocolClient.java:onNext(255)) - client-C12DAE7A5037->3f4de2de-7d09-498f-aead-42327df81d94: receive RaftClientReply:client-C12DAE7A5037->3f4de2de-7d09-498f-aead-42327df81d94@group-C7908E81CC6B, cid=148, SUCCESS, logIndex=217, commits[3f4de2de-7d09-498f-aead-42327df81d94:c218]
2019-08-05 04:37:39,639 DEBUG block.SCMBlockDeletingService (SCMBlockDeletingService.java:call(138)) - Running DeletedBlockTransactionScanner
2019-08-05 04:37:39,639 DEBUG block.SCMBlockDeletingService (SCMBlockDeletingService.java:call(155)) - Scanned deleted blocks log and got 0 delTX to process.
2019-08-05 04:37:39,652 INFO  client.GrpcClientProtocolClient (GrpcClientProtocolClient.java:onNext(255)) - client-C12DAE7A5037->3f4de2de-7d09-498f-aead-42327df81d94: receive RaftClientReply:client-C12DAE7A5037->3f4de2de-7d09-498f-aead-42327df81d94@group-C7908E81CC6B, cid=149, SUCCESS, logIndex=220, commits[3f4de2de-7d09-498f-aead-42327df81d94:c223]
2019-08-05 04:37:39,653 INFO  client.GrpcClientProtocolClient (GrpcClientProtocolClient.java:onNext(255)) - client-C12DAE7A5037->3f4de2de-7d09-498f-aead-42327df81d94: receive RaftClientReply:client-C12DAE7A5037->3f4de2de-7d09-498f-aead-42327df81d94@group-C7908E81CC6B, cid=150, SUCCESS, logIndex=221, commits[3f4de2de-7d09-498f-aead-42327df81d94:c223]
2019-08-05 04:37:39,653 INFO  client.GrpcClientProtocolClient (GrpcClientProtocolClient.java:onNext(255)) - client-C12DAE7A5037->3f4de2de-7d09-498f-aead-42327df81d94: receive RaftClientReply:client-C12DAE7A5037->3f4de2de-7d09-498f-aead-42327df81d94@group-C7908E81CC6B, cid=151, SUCCESS, logIndex=222, commits[3f4de2de-7d09-498f-aead-42327df81d94:c223]
2019-08-05 04:37:39,654 INFO  client.GrpcClientProtocolClient (GrpcClientProtocolClient.java:onNext(255)) - client-C12DAE7A5037->3f4de2de-7d09-498f-aead-42327df81d94: receive RaftClientReply:client-C12DAE7A5037->3f4de2de-7d09-498f-aead-42327df81d94@group-C7908E81CC6B, cid=152, SUCCESS, logIndex=223, commits[3f4de2de-7d09-498f-aead-42327df81d94:c223]
2019-08-05 04:37:39,687 INFO  client.GrpcClientProtocolClient (GrpcClientProtocolClient.java:onNext(255)) - client-C12DAE7A5037->3f4de2de-7d09-498f-aead-42327df81d94: receive RaftClientReply:client-C12DAE7A5037->3f4de2de-7d09-498f-aead-42327df81d94@group-C7908E81CC6B, cid=153, SUCCESS, logIndex=225, commits[3f4de2de-7d09-498f-aead-42327df81d94:c226]
2019-08-05 04:37:39,688 INFO  client.GrpcClientProtocolClient (GrpcClientProtocolClient.java:onNext(255)) - client-C12DAE7A5037->3f4de2de-7d09-498f-aead-42327df81d94: receive RaftClientReply:client-C12DAE7A5037->3f4de2de-7d09-498f-aead-42327df81d94@group-C7908E81CC6B, cid=154, SUCCESS, logIndex=226, commits[3f4de2de-7d09-498f-aead-42327df81d94:c226]
2019-08-05 04:37:39,697 INFO  client.GrpcClientProtocolClient (GrpcClientProtocolClient.java:onNext(255)) - client-C12DAE7A5037->3f4de2de-7d09-498f-aead-42327df81d94: receive RaftClientReply:client-C12DAE7A5037->3f4de2de-7d09-498f-aead-42327df81d94@group-C7908E81CC6B, cid=155, SUCCESS, logIndex=227, commits[3f4de2de-7d09-498f-aead-42327df81d94:c228]
2019-08-05 04:37:39,697 INFO  client.GrpcClientProtocolClient (GrpcClientProtocolClient.java:onNext(255)) - client-C12DAE7A5037->3f4de2de-7d09-498f-aead-42327df81d94: receive RaftClientReply:client-C12DAE7A5037->3f4de2de-7d09-498f-aead-42327df81d94@group-C7908E81CC6B, cid=156, SUCCESS, logIndex=228, commits[3f4de2de-7d09-498f-aead-42327df81d94:c229]
2019-08-05 04:37:39,721 INFO  client.GrpcClientProtocolClient (GrpcClientProtocolClient.java:onNext(255)) - client-C12DAE7A5037->3f4de2de-7d09-498f-aead-42327df81d94: receive RaftClientReply:client-C12DAE7A5037->3f4de2de-7d09-498f-aead-42327df81d94@group-C7908E81CC6B, cid=157, SUCCESS, logIndex=231, commits[3f4de2de-7d09-498f-aead-42327df81d94:c234]
2019-08-05 04:37:39,721 INFO  client.GrpcClientProtocolClient (GrpcClientProtocolClient.java:onNext(255)) - client-C12DAE7A5037->3f4de2de-7d09-498f-aead-42327df81d94: receive RaftClientReply:client-C12DAE7A5037->3f4de2de-7d09-498f-aead-42327df81d94@group-C7908E81CC6B, cid=158, SUCCESS, logIndex=232, commits[3f4de2de-7d09-498f-aead-42327df81d94:c236]
2019-08-05 04:37:39,722 INFO  client.GrpcClientProtocolClient (GrpcClientProtocolClient.java:onNext(255)) - client-C12DAE7A5037->3f4de2de-7d09-498f-aead-42327df81d94: receive RaftClientReply:client-C12DAE7A5037->3f4de2de-7d09-498f-aead-42327df81d94@group-C7908E81CC6B, cid=159, SUCCESS, logIndex=233, commits[3f4de2de-7d09-498f-aead-42327df81d94:c236]
2019-08-05 04:37:39,723 INFO  client.GrpcClientProtocolClient (GrpcClientProtocolClient.java:onNext(255)) - client-C12DAE7A5037->3f4de2de-7d09-498f-aead-42327df81d94: receive RaftClientReply:client-C12DAE7A5037->3f4de2de-7d09-498f-aead-42327df81d94@group-C7908E81CC6B, cid=160, SUCCESS, logIndex=234, commits[3f4de2de-7d09-498f-aead-42327df81d94:c236]
2019-08-05 04:37:39,740 DEBUG block.SCMBlockDeletingService (SCMBlockDeletingService.java:call(138)) - Running DeletedBlockTransactionScanner
2019-08-05 04:37:39,740 DEBUG block.SCMBlockDeletingService (SCMBlockDeletingService.java:call(155)) - Scanned deleted blocks log and got 0 delTX to process.
2019-08-05 04:37:39,756 INFO  client.GrpcClientProtocolClient (GrpcClientProtocolClient.java:onNext(255)) - client-C12DAE7A5037->3f4de2de-7d09-498f-aead-42327df81d94: receive RaftClientReply:client-C12DAE7A5037->3f4de2de-7d09-498f-aead-42327df81d94@group-C7908E81CC6B, cid=161, SUCCESS, logIndex=237, commits[3f4de2de-7d09-498f-aead-42327df81d94:c238]
2019-08-05 04:37:39,757 INFO  client.GrpcClientProtocolClient (GrpcClientProtocolClient.java:onNext(255)) - client-C12DAE7A5037->3f4de2de-7d09-498f-aead-42327df81d94: receive RaftClientReply:client-C12DAE7A5037->3f4de2de-7d09-498f-aead-42327df81d94@group-C7908E81CC6B, cid=162, SUCCESS, logIndex=238, commits[3f4de2de-7d09-498f-aead-42327df81d94:c241]
2019-08-05 04:37:39,757 INFO  client.GrpcClientProtocolClient (GrpcClientProtocolClient.java:onNext(255)) - client-C12DAE7A5037->3f4de2de-7d09-498f-aead-42327df81d94: receive RaftClientReply:client-C12DAE7A5037->3f4de2de-7d09-498f-aead-42327df81d94@group-C7908E81CC6B, cid=163, SUCCESS, logIndex=239, commits[3f4de2de-7d09-498f-aead-42327df81d94:c242]
2019-08-05 04:37:39,758 INFO  client.GrpcClientProtocolClient (GrpcClientProtocolClient.java:onNext(255)) - client-C12DAE7A5037->3f4de2de-7d09-498f-aead-42327df81d94: receive RaftClientReply:client-C12DAE7A5037->3f4de2de-7d09-498f-aead-42327df81d94@group-C7908E81CC6B, cid=164, SUCCESS, logIndex=240, commits[3f4de2de-7d09-498f-aead-42327df81d94:c242]
2019-08-05 04:37:39,781 INFO  client.GrpcClientProtocolClient (GrpcClientProtocolClient.java:onNext(255)) - client-C12DAE7A5037->3f4de2de-7d09-498f-aead-42327df81d94: receive RaftClientReply:client-C12DAE7A5037->3f4de2de-7d09-498f-aead-42327df81d94@group-C7908E81CC6B, cid=165, SUCCESS, logIndex=243, commits[3f4de2de-7d09-498f-aead-42327df81d94:c246]
2019-08-05 04:37:39,782 INFO  client.GrpcClientProtocolClient (GrpcClientProtocolClient.java:onNext(255)) - client-C12DAE7A5037->3f4de2de-7d09-498f-aead-42327df81d94: receive RaftClientReply:client-C12DAE7A5037->3f4de2de-7d09-498f-aead-42327df81d94@group-C7908E81CC6B, cid=166, SUCCESS, logIndex=244, commits[3f4de2de-7d09-498f-aead-42327df81d94:c247]
2019-08-05 04:37:39,782 INFO  client.GrpcClientProtocolClient (GrpcClientProtocolClient.java:onNext(255)) - client-C12DAE7A5037->3f4de2de-7d09-498f-aead-42327df81d94: receive RaftClientReply:client-C12DAE7A5037->3f4de2de-7d09-498f-aead-42327df81d94@group-C7908E81CC6B, cid=167, SUCCESS, logIndex=245, commits[3f4de2de-7d09-498f-aead-42327df81d94:c248]
2019-08-05 04:37:39,782 INFO  client.GrpcClientProtocolClient (GrpcClientProtocolClient.java:onNext(255)) - client-C12DAE7A5037->3f4de2de-7d09-498f-aead-42327df81d94: receive RaftClientReply:client-C12DAE7A5037->3f4de2de-7d09-498f-aead-42327df81d94@group-C7908E81CC6B, cid=168, SUCCESS, logIndex=246, commits[3f4de2de-7d09-498f-aead-42327df81d94:c248]
2019-08-05 04:37:39,812 INFO  client.GrpcClientProtocolClient (GrpcClientProtocolClient.java:onNext(255)) - client-C12DAE7A5037->3f4de2de-7d09-498f-aead-42327df81d94: receive RaftClientReply:client-C12DAE7A5037->3f4de2de-7d09-498f-aead-42327df81d94@group-C7908E81CC6B, cid=169, SUCCESS, logIndex=249, commits[3f4de2de-7d09-498f-aead-42327df81d94:c252]
2019-08-05 04:37:39,812 INFO  client.GrpcClientProtocolClient (GrpcClientProtocolClient.java:onNext(255)) - client-C12DAE7A5037->3f4de2de-7d09-498f-aead-42327df81d94: receive RaftClientReply:client-C12DAE7A5037->3f4de2de-7d09-498f-aead-42327df81d94@group-C7908E81CC6B, cid=170, SUCCESS, logIndex=250, commits[3f4de2de-7d09-498f-aead-42327df81d94:c252]
2019-08-05 04:37:39,813 INFO  client.GrpcClientProtocolClient (GrpcClientProtocolClient.java:onNext(255)) - client-C12DAE7A5037->3f4de2de-7d09-498f-aead-42327df81d94: receive RaftClientReply:client-C12DAE7A5037->3f4de2de-7d09-498f-aead-42327df81d94@group-C7908E81CC6B, cid=171, SUCCESS, logIndex=251, commits[3f4de2de-7d09-498f-aead-42327df81d94:c253]
2019-08-05 04:37:39,813 INFO  client.GrpcClientProtocolClient (GrpcClientProtocolClient.java:onNext(255)) - client-C12DAE7A5037->3f4de2de-7d09-498f-aead-42327df81d94: receive RaftClientReply:client-C12DAE7A5037->3f4de2de-7d09-498f-aead-42327df81d94@group-C7908E81CC6B, cid=172, SUCCESS, logIndex=252, commits[3f4de2de-7d09-498f-aead-42327df81d94:c254]
2019-08-05 04:37:39,837 INFO  client.GrpcClientProtocolClient (GrpcClientProtocolClient.java:onNext(255)) - client-C12DAE7A5037->3f4de2de-7d09-498f-aead-42327df81d94: receive RaftClientReply:client-C12DAE7A5037->3f4de2de-7d09-498f-aead-42327df81d94@group-C7908E81CC6B, cid=173, SUCCESS, logIndex=255, commits[3f4de2de-7d09-498f-aead-42327df81d94:c256]
2019-08-05 04:37:39,837 INFO  client.GrpcClientProtocolClient (GrpcClientProtocolClient.java:onNext(255)) - client-C12DAE7A5037->3f4de2de-7d09-498f-aead-42327df81d94: receive RaftClientReply:client-C12DAE7A5037->3f4de2de-7d09-498f-aead-42327df81d94@group-C7908E81CC6B, cid=174, SUCCESS, logIndex=256, commits[3f4de2de-7d09-498f-aead-42327df81d94:c258]
2019-08-05 04:37:39,838 INFO  client.GrpcClientProtocolClient (GrpcClientProtocolClient.java:onNext(255)) - client-C12DAE7A5037->3f4de2de-7d09-498f-aead-42327df81d94: receive RaftClientReply:client-C12DAE7A5037->3f4de2de-7d09-498f-aead-42327df81d94@group-C7908E81CC6B, cid=175, SUCCESS, logIndex=257, commits[3f4de2de-7d09-498f-aead-42327df81d94:c259]
2019-08-05 04:37:39,838 INFO  client.GrpcClientProtocolClient (GrpcClientProtocolClient.java:onNext(255)) - client-C12DAE7A5037->3f4de2de-7d09-498f-aead-42327df81d94: receive RaftClientReply:client-C12DAE7A5037->3f4de2de-7d09-498f-aead-42327df81d94@group-C7908E81CC6B, cid=176, SUCCESS, logIndex=258, commits[3f4de2de-7d09-498f-aead-42327df81d94:c260]
2019-08-05 04:37:39,840 DEBUG block.SCMBlockDeletingService (SCMBlockDeletingService.java:call(138)) - Running DeletedBlockTransactionScanner
2019-08-05 04:37:39,840 DEBUG block.SCMBlockDeletingService (SCMBlockDeletingService.java:call(155)) - Scanned deleted blocks log and got 0 delTX to process.
2019-08-05 04:37:39,941 DEBUG block.SCMBlockDeletingService (SCMBlockDeletingService.java:call(138)) - Running DeletedBlockTransactionScanner
2019-08-05 04:37:39,941 DEBUG block.SCMBlockDeletingService (SCMBlockDeletingService.java:call(155)) - Scanned deleted blocks log and got 0 delTX to process.
2019-08-05 04:37:39,968 INFO  client.GrpcClientProtocolClient (GrpcClientProtocolClient.java:onNext(255)) - client-C12DAE7A5037->3f4de2de-7d09-498f-aead-42327df81d94: receive RaftClientReply:client-C12DAE7A5037->3f4de2de-7d09-498f-aead-42327df81d94@group-C7908E81CC6B, cid=177, SUCCESS, logIndex=261, commits[3f4de2de-7d09-498f-aead-42327df81d94:c264]
2019-08-05 04:37:39,968 INFO  client.GrpcClientProtocolClient (GrpcClientProtocolClient.java:onNext(255)) - client-C12DAE7A5037->3f4de2de-7d09-498f-aead-42327df81d94: receive RaftClientReply:client-C12DAE7A5037->3f4de2de-7d09-498f-aead-42327df81d94@group-C7908E81CC6B, cid=178, SUCCESS, logIndex=262, commits[3f4de2de-7d09-498f-aead-42327df81d94:c265]
2019-08-05 04:37:39,969 INFO  client.GrpcClientProtocolClient (GrpcClientProtocolClient.java:onNext(255)) - client-C12DAE7A5037->3f4de2de-7d09-498f-aead-42327df81d94: receive RaftClientReply:client-C12DAE7A5037->3f4de2de-7d09-498f-aead-42327df81d94@group-C7908E81CC6B, cid=179, SUCCESS, logIndex=263, commits[3f4de2de-7d09-498f-aead-42327df81d94:c266]
2019-08-05 04:37:39,969 INFO  client.GrpcClientProtocolClient (GrpcClientProtocolClient.java:onNext(255)) - client-C12DAE7A5037->3f4de2de-7d09-498f-aead-42327df81d94: receive RaftClientReply:client-C12DAE7A5037->3f4de2de-7d09-498f-aead-42327df81d94@group-C7908E81CC6B, cid=180, SUCCESS, logIndex=264, commits[3f4de2de-7d09-498f-aead-42327df81d94:c266]
2019-08-05 04:37:39,995 INFO  client.GrpcClientProtocolClient (GrpcClientProtocolClient.java:onNext(255)) - client-C12DAE7A5037->3f4de2de-7d09-498f-aead-42327df81d94: receive RaftClientReply:client-C12DAE7A5037->3f4de2de-7d09-498f-aead-42327df81d94@group-C7908E81CC6B, cid=181, SUCCESS, logIndex=267, commits[3f4de2de-7d09-498f-aead-42327df81d94:c270]
2019-08-05 04:37:39,995 INFO  client.GrpcClientProtocolClient (GrpcClientProtocolClient.java:onNext(255)) - client-C12DAE7A5037->3f4de2de-7d09-498f-aead-42327df81d94: receive RaftClientReply:client-C12DAE7A5037->3f4de2de-7d09-498f-aead-42327df81d94@group-C7908E81CC6B, cid=182, SUCCESS, logIndex=268, commits[3f4de2de-7d09-498f-aead-42327df81d94:c271]
2019-08-05 04:37:39,996 INFO  client.GrpcClientProtocolClient (GrpcClientProtocolClient.java:onNext(255)) - client-C12DAE7A5037->3f4de2de-7d09-498f-aead-42327df81d94: receive RaftClientReply:client-C12DAE7A5037->3f4de2de-7d09-498f-aead-42327df81d94@group-C7908E81CC6B, cid=183, SUCCESS, logIndex=269, commits[3f4de2de-7d09-498f-aead-42327df81d94:c271]
2019-08-05 04:37:39,996 INFO  client.GrpcClientProtocolClient (GrpcClientProtocolClient.java:onNext(255)) - client-C12DAE7A5037->3f4de2de-7d09-498f-aead-42327df81d94: receive RaftClientReply:client-C12DAE7A5037->3f4de2de-7d09-498f-aead-42327df81d94@group-C7908E81CC6B, cid=184, SUCCESS, logIndex=270, commits[3f4de2de-7d09-498f-aead-42327df81d94:c271]
2019-08-05 04:37:40,031 INFO  client.GrpcClientProtocolClient (GrpcClientProtocolClient.java:onNext(255)) - client-C12DAE7A5037->3f4de2de-7d09-498f-aead-42327df81d94: receive RaftClientReply:client-C12DAE7A5037->3f4de2de-7d09-498f-aead-42327df81d94@group-C7908E81CC6B, cid=185, SUCCESS, logIndex=272, commits[3f4de2de-7d09-498f-aead-42327df81d94:c275]
2019-08-05 04:37:40,032 INFO  client.GrpcClientProtocolClient (GrpcClientProtocolClient.java:onNext(255)) - client-C12DAE7A5037->3f4de2de-7d09-498f-aead-42327df81d94: receive RaftClientReply:client-C12DAE7A5037->3f4de2de-7d09-498f-aead-42327df81d94@group-C7908E81CC6B, cid=186, SUCCESS, logIndex=273, commits[3f4de2de-7d09-498f-aead-42327df81d94:c275]
2019-08-05 04:37:40,032 INFO  client.GrpcClientProtocolClient (GrpcClientProtocolClient.java:onNext(255)) - client-C12DAE7A5037->3f4de2de-7d09-498f-aead-42327df81d94: receive RaftClientReply:client-C12DAE7A5037->3f4de2de-7d09-498f-aead-42327df81d94@group-C7908E81CC6B, cid=187, SUCCESS, logIndex=274, commits[3f4de2de-7d09-498f-aead-42327df81d94:c275]
2019-08-05 04:37:40,033 INFO  client.GrpcClientProtocolClient (GrpcClientProtocolClient.java:onNext(255)) - client-C12DAE7A5037->3f4de2de-7d09-498f-aead-42327df81d94: receive RaftClientReply:client-C12DAE7A5037->3f4de2de-7d09-498f-aead-42327df81d94@group-C7908E81CC6B, cid=188, SUCCESS, logIndex=275, commits[3f4de2de-7d09-498f-aead-42327df81d94:c275]
2019-08-05 04:37:40,041 DEBUG block.SCMBlockDeletingService (SCMBlockDeletingService.java:call(138)) - Running DeletedBlockTransactionScanner
2019-08-05 04:37:40,041 DEBUG block.SCMBlockDeletingService (SCMBlockDeletingService.java:call(155)) - Scanned deleted blocks log and got 0 delTX to process.
2019-08-05 04:37:40,055 INFO  client.GrpcClientProtocolClient (GrpcClientProtocolClient.java:onNext(255)) - client-C12DAE7A5037->3f4de2de-7d09-498f-aead-42327df81d94: receive RaftClientReply:client-C12DAE7A5037->3f4de2de-7d09-498f-aead-42327df81d94@group-C7908E81CC6B, cid=189, SUCCESS, logIndex=277, commits[3f4de2de-7d09-498f-aead-42327df81d94:c278]
2019-08-05 04:37:40,056 INFO  client.GrpcClientProtocolClient (GrpcClientProtocolClient.java:onNext(255)) - client-C12DAE7A5037->3f4de2de-7d09-498f-aead-42327df81d94: receive RaftClientReply:client-C12DAE7A5037->3f4de2de-7d09-498f-aead-42327df81d94@group-C7908E81CC6B, cid=190, SUCCESS, logIndex=278, commits[3f4de2de-7d09-498f-aead-42327df81d94:c281]
2019-08-05 04:37:40,056 INFO  client.GrpcClientProtocolClient (GrpcClientProtocolClient.java:onNext(255)) - client-C12DAE7A5037->3f4de2de-7d09-498f-aead-42327df81d94: receive RaftClientReply:client-C12DAE7A5037->3f4de2de-7d09-498f-aead-42327df81d94@group-C7908E81CC6B, cid=191, SUCCESS, logIndex=279, commits[3f4de2de-7d09-498f-aead-42327df81d94:c282]
2019-08-05 04:37:40,058 INFO  client.GrpcClientProtocolClient (GrpcClientProtocolClient.java:onNext(255)) - client-C12DAE7A5037->3f4de2de-7d09-498f-aead-42327df81d94: receive RaftClientReply:client-C12DAE7A5037->3f4de2de-7d09-498f-aead-42327df81d94@group-C7908E81CC6B, cid=192, SUCCESS, logIndex=280, commits[3f4de2de-7d09-498f-aead-42327df81d94:c282]
2019-08-05 04:37:40,088 INFO  client.GrpcClientProtocolClient (GrpcClientProtocolClient.java:onNext(255)) - client-C12DAE7A5037->3f4de2de-7d09-498f-aead-42327df81d94: receive RaftClientReply:client-C12DAE7A5037->3f4de2de-7d09-498f-aead-42327df81d94@group-C7908E81CC6B, cid=193, SUCCESS, logIndex=283, commits[3f4de2de-7d09-498f-aead-42327df81d94:c284]
2019-08-05 04:37:40,089 INFO  client.GrpcClientProtocolClient (GrpcClientProtocolClient.java:onNext(255)) - client-C12DAE7A5037->3f4de2de-7d09-498f-aead-42327df81d94: receive RaftClientReply:client-C12DAE7A5037->3f4de2de-7d09-498f-aead-42327df81d94@group-C7908E81CC6B, cid=194, SUCCESS, logIndex=284, commits[3f4de2de-7d09-498f-aead-42327df81d94:c287]
2019-08-05 04:37:40,090 INFO  client.GrpcClientProtocolClient (GrpcClientProtocolClient.java:onNext(255)) - client-C12DAE7A5037->3f4de2de-7d09-498f-aead-42327df81d94: receive RaftClientReply:client-C12DAE7A5037->3f4de2de-7d09-498f-aead-42327df81d94@group-C7908E81CC6B, cid=195, SUCCESS, logIndex=285, commits[3f4de2de-7d09-498f-aead-42327df81d94:c288]
2019-08-05 04:37:40,090 INFO  client.GrpcClientProtocolClient (GrpcClientProtocolClient.java:onNext(255)) - client-C12DAE7A5037->3f4de2de-7d09-498f-aead-42327df81d94: receive RaftClientReply:client-C12DAE7A5037->3f4de2de-7d09-498f-aead-42327df81d94@group-C7908E81CC6B, cid=196, SUCCESS, logIndex=286, commits[3f4de2de-7d09-498f-aead-42327df81d94:c288]
2019-08-05 04:37:40,112 INFO  client.GrpcClientProtocolClient (GrpcClientProtocolClient.java:onNext(255)) - client-C12DAE7A5037->3f4de2de-7d09-498f-aead-42327df81d94: receive RaftClientReply:client-C12DAE7A5037->3f4de2de-7d09-498f-aead-42327df81d94@group-C7908E81CC6B, cid=197, SUCCESS, logIndex=289, commits[3f4de2de-7d09-498f-aead-42327df81d94:c290]
2019-08-05 04:37:40,112 INFO  client.GrpcClientProtocolClient (GrpcClientProtocolClient.java:onNext(255)) - client-C12DAE7A5037->3f4de2de-7d09-498f-aead-42327df81d94: receive RaftClientReply:client-C12DAE7A5037->3f4de2de-7d09-498f-aead-42327df81d94@group-C7908E81CC6B, cid=198, SUCCESS, logIndex=290, commits[3f4de2de-7d09-498f-aead-42327df81d94:c293]
2019-08-05 04:37:40,113 INFO  client.GrpcClientProtocolClient (GrpcClientProtocolClient.java:onNext(255)) - client-C12DAE7A5037->3f4de2de-7d09-498f-aead-42327df81d94: receive RaftClientReply:client-C12DAE7A5037->3f4de2de-7d09-498f-aead-42327df81d94@group-C7908E81CC6B, cid=199, SUCCESS, logIndex=291, commits[3f4de2de-7d09-498f-aead-42327df81d94:c294]
2019-08-05 04:37:40,113 INFO  client.GrpcClientProtocolClient (GrpcClientProtocolClient.java:onNext(255)) - client-C12DAE7A5037->3f4de2de-7d09-498f-aead-42327df81d94: receive RaftClientReply:client-C12DAE7A5037->3f4de2de-7d09-498f-aead-42327df81d94@group-C7908E81CC6B, cid=200, SUCCESS, logIndex=292, commits[3f4de2de-7d09-498f-aead-42327df81d94:c294]
2019-08-05 04:37:40,142 DEBUG block.SCMBlockDeletingService (SCMBlockDeletingService.java:call(138)) - Running DeletedBlockTransactionScanner
2019-08-05 04:37:40,142 DEBUG block.SCMBlockDeletingService (SCMBlockDeletingService.java:call(155)) - Scanned deleted blocks log and got 0 delTX to process.
2019-08-05 04:37:40,144 INFO  client.GrpcClientProtocolClient (GrpcClientProtocolClient.java:onNext(255)) - client-C12DAE7A5037->3f4de2de-7d09-498f-aead-42327df81d94: receive RaftClientReply:client-C12DAE7A5037->3f4de2de-7d09-498f-aead-42327df81d94@group-C7908E81CC6B, cid=201, SUCCESS, logIndex=295, commits[3f4de2de-7d09-498f-aead-42327df81d94:c298]
2019-08-05 04:37:40,145 INFO  client.GrpcClientProtocolClient (GrpcClientProtocolClient.java:onNext(255)) - client-C12DAE7A5037->3f4de2de-7d09-498f-aead-42327df81d94: receive RaftClientReply:client-C12DAE7A5037->3f4de2de-7d09-498f-aead-42327df81d94@group-C7908E81CC6B, cid=202, SUCCESS, logIndex=296, commits[3f4de2de-7d09-498f-aead-42327df81d94:c299]
2019-08-05 04:37:40,145 INFO  client.GrpcClientProtocolClient (GrpcClientProtocolClient.java:onNext(255)) - client-C12DAE7A5037->3f4de2de-7d09-498f-aead-42327df81d94: receive RaftClientReply:client-C12DAE7A5037->3f4de2de-7d09-498f-aead-42327df81d94@group-C7908E81CC6B, cid=203, SUCCESS, logIndex=297, commits[3f4de2de-7d09-498f-aead-42327df81d94:c300]
2019-08-05 04:37:40,146 INFO  client.GrpcClientProtocolClient (GrpcClientProtocolClient.java:onNext(255)) - client-C12DAE7A5037->3f4de2de-7d09-498f-aead-42327df81d94: receive RaftClientReply:client-C12DAE7A5037->3f4de2de-7d09-498f-aead-42327df81d94@group-C7908E81CC6B, cid=204, SUCCESS, logIndex=298, commits[3f4de2de-7d09-498f-aead-42327df81d94:c300]
2019-08-05 04:37:40,172 INFO  client.GrpcClientProtocolClient (GrpcClientProtocolClient.java:onNext(255)) - client-C12DAE7A5037->3f4de2de-7d09-498f-aead-42327df81d94: receive RaftClientReply:client-C12DAE7A5037->3f4de2de-7d09-498f-aead-42327df81d94@group-C7908E81CC6B, cid=205, SUCCESS, logIndex=301, commits[3f4de2de-7d09-498f-aead-42327df81d94:c304]
2019-08-05 04:37:40,173 INFO  client.GrpcClientProtocolClient (GrpcClientProtocolClient.java:onNext(255)) - client-C12DAE7A5037->3f4de2de-7d09-498f-aead-42327df81d94: receive RaftClientReply:client-C12DAE7A5037->3f4de2de-7d09-498f-aead-42327df81d94@group-C7908E81CC6B, cid=206, SUCCESS, logIndex=302, commits[3f4de2de-7d09-498f-aead-42327df81d94:c305]
2019-08-05 04:37:40,174 INFO  client.GrpcClientProtocolClient (GrpcClientProtocolClient.java:onNext(255)) - client-C12DAE7A5037->3f4de2de-7d09-498f-aead-42327df81d94: receive RaftClientReply:client-C12DAE7A5037->3f4de2de-7d09-498f-aead-42327df81d94@group-C7908E81CC6B, cid=207, SUCCESS, logIndex=303, commits[3f4de2de-7d09-498f-aead-42327df81d94:c306]
2019-08-05 04:37:40,175 INFO  client.GrpcClientProtocolClient (GrpcClientProtocolClient.java:onNext(255)) - client-C12DAE7A5037->3f4de2de-7d09-498f-aead-42327df81d94: receive RaftClientReply:client-C12DAE7A5037->3f4de2de-7d09-498f-aead-42327df81d94@group-C7908E81CC6B, cid=208, SUCCESS, logIndex=304, commits[3f4de2de-7d09-498f-aead-42327df81d94:c306]
2019-08-05 04:37:40,207 INFO  client.GrpcClientProtocolClient (GrpcClientProtocolClient.java:onNext(255)) - client-C12DAE7A5037->3f4de2de-7d09-498f-aead-42327df81d94: receive RaftClientReply:client-C12DAE7A5037->3f4de2de-7d09-498f-aead-42327df81d94@group-C7908E81CC6B, cid=209, SUCCESS, logIndex=307, commits[3f4de2de-7d09-498f-aead-42327df81d94:c310]
2019-08-05 04:37:40,207 INFO  client.GrpcClientProtocolClient (GrpcClientProtocolClient.java:onNext(255)) - client-C12DAE7A5037->3f4de2de-7d09-498f-aead-42327df81d94: receive RaftClientReply:client-C12DAE7A5037->3f4de2de-7d09-498f-aead-42327df81d94@group-C7908E81CC6B, cid=210, SUCCESS, logIndex=308, commits[3f4de2de-7d09-498f-aead-42327df81d94:c310]
2019-08-05 04:37:40,208 INFO  client.GrpcClientProtocolClient (GrpcClientProtocolClient.java:onNext(255)) - client-C12DAE7A5037->3f4de2de-7d09-498f-aead-42327df81d94: receive RaftClientReply:client-C12DAE7A5037->3f4de2de-7d09-498f-aead-42327df81d94@group-C7908E81CC6B, cid=211, SUCCESS, logIndex=309, commits[3f4de2de-7d09-498f-aead-42327df81d94:c310]
2019-08-05 04:37:40,209 INFO  client.GrpcClientProtocolClient (GrpcClientProtocolClient.java:onNext(255)) - client-C12DAE7A5037->3f4de2de-7d09-498f-aead-42327df81d94: receive RaftClientReply:client-C12DAE7A5037->3f4de2de-7d09-498f-aead-42327df81d94@group-C7908E81CC6B, cid=212, SUCCESS, logIndex=310, commits[3f4de2de-7d09-498f-aead-42327df81d94:c310]
2019-08-05 04:37:40,239 INFO  client.GrpcClientProtocolClient (GrpcClientProtocolClient.java:onNext(255)) - client-C12DAE7A5037->3f4de2de-7d09-498f-aead-42327df81d94: receive RaftClientReply:client-C12DAE7A5037->3f4de2de-7d09-498f-aead-42327df81d94@group-C7908E81CC6B, cid=213, SUCCESS, logIndex=312, commits[3f4de2de-7d09-498f-aead-42327df81d94:c315]
2019-08-05 04:37:40,240 INFO  client.GrpcClientProtocolClient (GrpcClientProtocolClient.java:onNext(255)) - client-C12DAE7A5037->3f4de2de-7d09-498f-aead-42327df81d94: receive RaftClientReply:client-C12DAE7A5037->3f4de2de-7d09-498f-aead-42327df81d94@group-C7908E81CC6B, cid=214, SUCCESS, logIndex=313, commits[3f4de2de-7d09-498f-aead-42327df81d94:c316]
2019-08-05 04:37:40,240 INFO  client.GrpcClientProtocolClient (GrpcClientProtocolClient.java:onNext(255)) - client-C12DAE7A5037->3f4de2de-7d09-498f-aead-42327df81d94: receive RaftClientReply:client-C12DAE7A5037->3f4de2de-7d09-498f-aead-42327df81d94@group-C7908E81CC6B, cid=215, SUCCESS, logIndex=314, commits[3f4de2de-7d09-498f-aead-42327df81d94:c317]
2019-08-05 04:37:40,241 INFO  client.GrpcClientProtocolClient (GrpcClientProtocolClient.java:onNext(255)) - client-C12DAE7A5037->3f4de2de-7d09-498f-aead-42327df81d94: receive RaftClientReply:client-C12DAE7A5037->3f4de2de-7d09-498f-aead-42327df81d94@group-C7908E81CC6B, cid=216, SUCCESS, logIndex=315, commits[3f4de2de-7d09-498f-aead-42327df81d94:c317]
2019-08-05 04:37:40,242 DEBUG block.SCMBlockDeletingService (SCMBlockDeletingService.java:call(138)) - Running DeletedBlockTransactionScanner
2019-08-05 04:37:40,242 DEBUG block.SCMBlockDeletingService (SCMBlockDeletingService.java:call(155)) - Scanned deleted blocks log and got 0 delTX to process.
2019-08-05 04:37:40,275 INFO  client.GrpcClientProtocolClient (GrpcClientProtocolClient.java:onNext(255)) - client-C12DAE7A5037->3f4de2de-7d09-498f-aead-42327df81d94: receive RaftClientReply:client-C12DAE7A5037->3f4de2de-7d09-498f-aead-42327df81d94@group-C7908E81CC6B, cid=217, SUCCESS, logIndex=318, commits[3f4de2de-7d09-498f-aead-42327df81d94:c321]
2019-08-05 04:37:40,277 INFO  client.GrpcClientProtocolClient (GrpcClientProtocolClient.java:onNext(255)) - client-C12DAE7A5037->3f4de2de-7d09-498f-aead-42327df81d94: receive RaftClientReply:client-C12DAE7A5037->3f4de2de-7d09-498f-aead-42327df81d94@group-C7908E81CC6B, cid=218, SUCCESS, logIndex=319, commits[3f4de2de-7d09-498f-aead-42327df81d94:c321]
2019-08-05 04:37:40,277 INFO  client.GrpcClientProtocolClient (GrpcClientProtocolClient.java:onNext(255)) - client-C12DAE7A5037->3f4de2de-7d09-498f-aead-42327df81d94: receive RaftClientReply:client-C12DAE7A5037->3f4de2de-7d09-498f-aead-42327df81d94@group-C7908E81CC6B, cid=219, SUCCESS, logIndex=320, commits[3f4de2de-7d09-498f-aead-42327df81d94:c321]
2019-08-05 04:37:40,278 INFO  client.GrpcClientProtocolClient (GrpcClientProtocolClient.java:onNext(255)) - client-C12DAE7A5037->3f4de2de-7d09-498f-aead-42327df81d94: receive RaftClientReply:client-C12DAE7A5037->3f4de2de-7d09-498f-aead-42327df81d94@group-C7908E81CC6B, cid=220, SUCCESS, logIndex=321, commits[3f4de2de-7d09-498f-aead-42327df81d94:c321]
2019-08-05 04:37:40,343 DEBUG block.SCMBlockDeletingService (SCMBlockDeletingService.java:call(138)) - Running DeletedBlockTransactionScanner
2019-08-05 04:37:40,343 DEBUG block.SCMBlockDeletingService (SCMBlockDeletingService.java:call(155)) - Scanned deleted blocks log and got 0 delTX to process.
2019-08-05 04:37:40,471 DEBUG block.SCMBlockDeletingService (SCMBlockDeletingService.java:call(138)) - Running DeletedBlockTransactionScanner
2019-08-05 04:37:40,471 DEBUG block.SCMBlockDeletingService (SCMBlockDeletingService.java:call(155)) - Scanned deleted blocks log and got 0 delTX to process.
2019-08-05 04:37:40,514 INFO  client.GrpcClientProtocolClient (GrpcClientProtocolClient.java:onNext(255)) - client-C12DAE7A5037->3f4de2de-7d09-498f-aead-42327df81d94: receive RaftClientReply:client-C12DAE7A5037->3f4de2de-7d09-498f-aead-42327df81d94@group-C7908E81CC6B, cid=221, SUCCESS, logIndex=323, commits[3f4de2de-7d09-498f-aead-42327df81d94:c326]
2019-08-05 04:37:40,515 INFO  client.GrpcClientProtocolClient (GrpcClientProtocolClient.java:onNext(255)) - client-C12DAE7A5037->3f4de2de-7d09-498f-aead-42327df81d94: receive RaftClientReply:client-C12DAE7A5037->3f4de2de-7d09-498f-aead-42327df81d94@group-C7908E81CC6B, cid=222, SUCCESS, logIndex=324, commits[3f4de2de-7d09-498f-aead-42327df81d94:c326]
2019-08-05 04:37:40,516 INFO  client.GrpcClientProtocolClient (GrpcClientProtocolClient.java:onNext(255)) - client-C12DAE7A5037->3f4de2de-7d09-498f-aead-42327df81d94: receive RaftClientReply:client-C12DAE7A5037->3f4de2de-7d09-498f-aead-42327df81d94@group-C7908E81CC6B, cid=223, SUCCESS, logIndex=325, commits[3f4de2de-7d09-498f-aead-42327df81d94:c326]
2019-08-05 04:37:40,516 INFO  client.GrpcClientProtocolClient (GrpcClientProtocolClient.java:onNext(255)) - client-C12DAE7A5037->3f4de2de-7d09-498f-aead-42327df81d94: receive RaftClientReply:client-C12DAE7A5037->3f4de2de-7d09-498f-aead-42327df81d94@group-C7908E81CC6B, cid=224, SUCCESS, logIndex=326, commits[3f4de2de-7d09-498f-aead-42327df81d94:c326]
2019-08-05 04:37:40,553 INFO  client.GrpcClientProtocolClient (GrpcClientProtocolClient.java:onNext(255)) - client-C12DAE7A5037->3f4de2de-7d09-498f-aead-42327df81d94: receive RaftClientReply:client-C12DAE7A5037->3f4de2de-7d09-498f-aead-42327df81d94@group-C7908E81CC6B, cid=225, SUCCESS, logIndex=328, commits[3f4de2de-7d09-498f-aead-42327df81d94:c331]
2019-08-05 04:37:40,554 INFO  client.GrpcClientProtocolClient (GrpcClientProtocolClient.java:onNext(255)) - client-C12DAE7A5037->3f4de2de-7d09-498f-aead-42327df81d94: receive RaftClientReply:client-C12DAE7A5037->3f4de2de-7d09-498f-aead-42327df81d94@group-C7908E81CC6B, cid=226, SUCCESS, logIndex=329, commits[3f4de2de-7d09-498f-aead-42327df81d94:c331]
2019-08-05 04:37:40,555 INFO  client.GrpcClientProtocolClient (GrpcClientProtocolClient.java:onNext(255)) - client-C12DAE7A5037->3f4de2de-7d09-498f-aead-42327df81d94: receive RaftClientReply:client-C12DAE7A5037->3f4de2de-7d09-498f-aead-42327df81d94@group-C7908E81CC6B, cid=227, SUCCESS, logIndex=330, commits[3f4de2de-7d09-498f-aead-42327df81d94:c331]
2019-08-05 04:37:40,555 INFO  client.GrpcClientProtocolClient (GrpcClientProtocolClient.java:onNext(255)) - client-C12DAE7A5037->3f4de2de-7d09-498f-aead-42327df81d94: receive RaftClientReply:client-C12DAE7A5037->3f4de2de-7d09-498f-aead-42327df81d94@group-C7908E81CC6B, cid=228, SUCCESS, logIndex=331, commits[3f4de2de-7d09-498f-aead-42327df81d94:c331]
2019-08-05 04:37:40,571 DEBUG block.SCMBlockDeletingService (SCMBlockDeletingService.java:call(138)) - Running DeletedBlockTransactionScanner
2019-08-05 04:37:40,572 DEBUG block.SCMBlockDeletingService (SCMBlockDeletingService.java:call(155)) - Scanned deleted blocks log and got 0 delTX to process.
2019-08-05 04:37:40,578 INFO  client.GrpcClientProtocolClient (GrpcClientProtocolClient.java:onNext(255)) - client-C12DAE7A5037->3f4de2de-7d09-498f-aead-42327df81d94: receive RaftClientReply:client-C12DAE7A5037->3f4de2de-7d09-498f-aead-42327df81d94@group-C7908E81CC6B, cid=229, SUCCESS, logIndex=333, commits[3f4de2de-7d09-498f-aead-42327df81d94:c336]
2019-08-05 04:37:40,580 INFO  client.GrpcClientProtocolClient (GrpcClientProtocolClient.java:onNext(255)) - client-C12DAE7A5037->3f4de2de-7d09-498f-aead-42327df81d94: receive RaftClientReply:client-C12DAE7A5037->3f4de2de-7d09-498f-aead-42327df81d94@group-C7908E81CC6B, cid=230, SUCCESS, logIndex=334, commits[3f4de2de-7d09-498f-aead-42327df81d94:c337]
2019-08-05 04:37:40,580 INFO  client.GrpcClientProtocolClient (GrpcClientProtocolClient.java:onNext(255)) - client-C12DAE7A5037->3f4de2de-7d09-498f-aead-42327df81d94: receive RaftClientReply:client-C12DAE7A5037->3f4de2de-7d09-498f-aead-42327df81d94@group-C7908E81CC6B, cid=231, SUCCESS, logIndex=335, commits[3f4de2de-7d09-498f-aead-42327df81d94:c338]
2019-08-05 04:37:40,581 INFO  client.GrpcClientProtocolClient (GrpcClientProtocolClient.java:onNext(255)) - client-C12DAE7A5037->3f4de2de-7d09-498f-aead-42327df81d94: receive RaftClientReply:client-C12DAE7A5037->3f4de2de-7d09-498f-aead-42327df81d94@group-C7908E81CC6B, cid=232, SUCCESS, logIndex=336, commits[3f4de2de-7d09-498f-aead-42327df81d94:c338]
2019-08-05 04:37:40,612 INFO  client.GrpcClientProtocolClient (GrpcClientProtocolClient.java:onNext(255)) - client-C12DAE7A5037->3f4de2de-7d09-498f-aead-42327df81d94: receive RaftClientReply:client-C12DAE7A5037->3f4de2de-7d09-498f-aead-42327df81d94@group-C7908E81CC6B, cid=233, SUCCESS, logIndex=339, commits[3f4de2de-7d09-498f-aead-42327df81d94:c342]
2019-08-05 04:37:40,613 INFO  client.GrpcClientProtocolClient (GrpcClientProtocolClient.java:onNext(255)) - client-C12DAE7A5037->3f4de2de-7d09-498f-aead-42327df81d94: receive RaftClientReply:client-C12DAE7A5037->3f4de2de-7d09-498f-aead-42327df81d94@group-C7908E81CC6B, cid=234, SUCCESS, logIndex=340, commits[3f4de2de-7d09-498f-aead-42327df81d94:c343]
2019-08-05 04:37:40,613 INFO  client.GrpcClientProtocolClient (GrpcClientProtocolClient.java:onNext(255)) - client-C12DAE7A5037->3f4de2de-7d09-498f-aead-42327df81d94: receive RaftClientReply:client-C12DAE7A5037->3f4de2de-7d09-498f-aead-42327df81d94@group-C7908E81CC6B, cid=235, SUCCESS, logIndex=341, commits[3f4de2de-7d09-498f-aead-42327df81d94:c344]
2019-08-05 04:37:40,614 INFO  client.GrpcClientProtocolClient (GrpcClientProtocolClient.java:onNext(255)) - client-C12DAE7A5037->3f4de2de-7d09-498f-aead-42327df81d94: receive RaftClientReply:client-C12DAE7A5037->3f4de2de-7d09-498f-aead-42327df81d94@group-C7908E81CC6B, cid=236, SUCCESS, logIndex=342, commits[3f4de2de-7d09-498f-aead-42327df81d94:c344]
2019-08-05 04:37:40,638 INFO  client.GrpcClientProtocolClient (GrpcClientProtocolClient.java:onNext(255)) - client-C12DAE7A5037->3f4de2de-7d09-498f-aead-42327df81d94: receive RaftClientReply:client-C12DAE7A5037->3f4de2de-7d09-498f-aead-42327df81d94@group-C7908E81CC6B, cid=237, SUCCESS, logIndex=345, commits[3f4de2de-7d09-498f-aead-42327df81d94:c348]
2019-08-05 04:37:40,639 INFO  client.GrpcClientProtocolClient (GrpcClientProtocolClient.java:onNext(255)) - client-C12DAE7A5037->3f4de2de-7d09-498f-aead-42327df81d94: receive RaftClientReply:client-C12DAE7A5037->3f4de2de-7d09-498f-aead-42327df81d94@group-C7908E81CC6B, cid=238, SUCCESS, logIndex=346, commits[3f4de2de-7d09-498f-aead-42327df81d94:c349]
2019-08-05 04:37:40,640 INFO  client.GrpcClientProtocolClient (GrpcClientProtocolClient.java:onNext(255)) - client-C12DAE7A5037->3f4de2de-7d09-498f-aead-42327df81d94: receive RaftClientReply:client-C12DAE7A5037->3f4de2de-7d09-498f-aead-42327df81d94@group-C7908E81CC6B, cid=239, SUCCESS, logIndex=347, commits[3f4de2de-7d09-498f-aead-42327df81d94:c350]
2019-08-05 04:37:40,640 INFO  client.GrpcClientProtocolClient (GrpcClientProtocolClient.java:onNext(255)) - client-C12DAE7A5037->3f4de2de-7d09-498f-aead-42327df81d94: receive RaftClientReply:client-C12DAE7A5037->3f4de2de-7d09-498f-aead-42327df81d94@group-C7908E81CC6B, cid=240, SUCCESS, logIndex=348, commits[3f4de2de-7d09-498f-aead-42327df81d94:c350]
2019-08-05 04:37:40,672 DEBUG block.SCMBlockDeletingService (SCMBlockDeletingService.java:call(138)) - Running DeletedBlockTransactionScanner
2019-08-05 04:37:40,673 DEBUG block.SCMBlockDeletingService (SCMBlockDeletingService.java:call(155)) - Scanned deleted blocks log and got 0 delTX to process.
2019-08-05 04:37:40,674 INFO  client.GrpcClientProtocolClient (GrpcClientProtocolClient.java:onNext(255)) - client-C12DAE7A5037->3f4de2de-7d09-498f-aead-42327df81d94: receive RaftClientReply:client-C12DAE7A5037->3f4de2de-7d09-498f-aead-42327df81d94@group-C7908E81CC6B, cid=241, SUCCESS, logIndex=351, commits[3f4de2de-7d09-498f-aead-42327df81d94:c354]
2019-08-05 04:37:40,675 INFO  client.GrpcClientProtocolClient (GrpcClientProtocolClient.java:onNext(255)) - client-C12DAE7A5037->3f4de2de-7d09-498f-aead-42327df81d94: receive RaftClientReply:client-C12DAE7A5037->3f4de2de-7d09-498f-aead-42327df81d94@group-C7908E81CC6B, cid=242, SUCCESS, logIndex=352, commits[3f4de2de-7d09-498f-aead-42327df81d94:c354]
2019-08-05 04:37:40,676 INFO  client.GrpcClientProtocolClient (GrpcClientProtocolClient.java:onNext(255)) - client-C12DAE7A5037->3f4de2de-7d09-498f-aead-42327df81d94: receive RaftClientReply:client-C12DAE7A5037->3f4de2de-7d09-498f-aead-42327df81d94@group-C7908E81CC6B, cid=243, SUCCESS, logIndex=353, commits[3f4de2de-7d09-498f-aead-42327df81d94:c354]
2019-08-05 04:37:40,676 INFO  client.GrpcClientProtocolClient (GrpcClientProtocolClient.java:onNext(255)) - client-C12DAE7A5037->3f4de2de-7d09-498f-aead-42327df81d94: receive RaftClientReply:client-C12DAE7A5037->3f4de2de-7d09-498f-aead-42327df81d94@group-C7908E81CC6B, cid=244, SUCCESS, logIndex=354, commits[3f4de2de-7d09-498f-aead-42327df81d94:c354]
2019-08-05 04:37:40,700 INFO  client.GrpcClientProtocolClient (GrpcClientProtocolClient.java:onNext(255)) - client-C12DAE7A5037->3f4de2de-7d09-498f-aead-42327df81d94: receive RaftClientReply:client-C12DAE7A5037->3f4de2de-7d09-498f-aead-42327df81d94@group-C7908E81CC6B, cid=245, SUCCESS, logIndex=356, commits[3f4de2de-7d09-498f-aead-42327df81d94:c357]
2019-08-05 04:37:40,701 INFO  client.GrpcClientProtocolClient (GrpcClientProtocolClient.java:onNext(255)) - client-C12DAE7A5037->3f4de2de-7d09-498f-aead-42327df81d94: receive RaftClientReply:client-C12DAE7A5037->3f4de2de-7d09-498f-aead-42327df81d94@group-C7908E81CC6B, cid=246, SUCCESS, logIndex=357, commits[3f4de2de-7d09-498f-aead-42327df81d94:c359]
2019-08-05 04:37:40,702 INFO  client.GrpcClientProtocolClient (GrpcClientProtocolClient.java:onNext(255)) - client-C12DAE7A5037->3f4de2de-7d09-498f-aead-42327df81d94: receive RaftClientReply:client-C12DAE7A5037->3f4de2de-7d09-498f-aead-42327df81d94@group-C7908E81CC6B, cid=247, SUCCESS, logIndex=358, commits[3f4de2de-7d09-498f-aead-42327df81d94:c360]
2019-08-05 04:37:40,702 INFO  client.GrpcClientProtocolClient (GrpcClientProtocolClient.java:onNext(255)) - client-C12DAE7A5037->3f4de2de-7d09-498f-aead-42327df81d94: receive RaftClientReply:client-C12DAE7A5037->3f4de2de-7d09-498f-aead-42327df81d94@group-C7908E81CC6B, cid=248, SUCCESS, logIndex=359, commits[3f4de2de-7d09-498f-aead-42327df81d94:c361]
2019-08-05 04:37:40,730 INFO  client.GrpcClientProtocolClient (GrpcClientProtocolClient.java:onNext(255)) - client-C12DAE7A5037->3f4de2de-7d09-498f-aead-42327df81d94: receive RaftClientReply:client-C12DAE7A5037->3f4de2de-7d09-498f-aead-42327df81d94@group-C7908E81CC6B, cid=249, SUCCESS, logIndex=362, commits[3f4de2de-7d09-498f-aead-42327df81d94:c365]
2019-08-05 04:37:40,731 INFO  client.GrpcClientProtocolClient (GrpcClientProtocolClient.java:onNext(255)) - client-C12DAE7A5037->3f4de2de-7d09-498f-aead-42327df81d94: receive RaftClientReply:client-C12DAE7A5037->3f4de2de-7d09-498f-aead-42327df81d94@group-C7908E81CC6B, cid=250, SUCCESS, logIndex=363, commits[3f4de2de-7d09-498f-aead-42327df81d94:c365]
2019-08-05 04:37:40,732 INFO  client.GrpcClientProtocolClient (GrpcClientProtocolClient.java:onNext(255)) - client-C12DAE7A5037->3f4de2de-7d09-498f-aead-42327df81d94: receive RaftClientReply:client-C12DAE7A5037->3f4de2de-7d09-498f-aead-42327df81d94@group-C7908E81CC6B, cid=251, SUCCESS, logIndex=364, commits[3f4de2de-7d09-498f-aead-42327df81d94:c366]
2019-08-05 04:37:40,732 INFO  client.GrpcClientProtocolClient (GrpcClientProtocolClient.java:onNext(255)) - client-C12DAE7A5037->3f4de2de-7d09-498f-aead-42327df81d94: receive RaftClientReply:client-C12DAE7A5037->3f4de2de-7d09-498f-aead-42327df81d94@group-C7908E81CC6B, cid=252, SUCCESS, logIndex=365, commits[3f4de2de-7d09-498f-aead-42327df81d94:c367]
2019-08-05 04:37:40,753 INFO  client.GrpcClientProtocolClient (GrpcClientProtocolClient.java:onNext(255)) - client-C12DAE7A5037->3f4de2de-7d09-498f-aead-42327df81d94: receive RaftClientReply:client-C12DAE7A5037->3f4de2de-7d09-498f-aead-42327df81d94@group-C7908E81CC6B, cid=253, SUCCESS, logIndex=368, commits[3f4de2de-7d09-498f-aead-42327df81d94:c369]
2019-08-05 04:37:40,754 INFO  client.GrpcClientProtocolClient (GrpcClientProtocolClient.java:onNext(255)) - client-C12DAE7A5037->3f4de2de-7d09-498f-aead-42327df81d94: receive RaftClientReply:client-C12DAE7A5037->3f4de2de-7d09-498f-aead-42327df81d94@group-C7908E81CC6B, cid=254, SUCCESS, logIndex=369, commits[3f4de2de-7d09-498f-aead-42327df81d94:c372]
2019-08-05 04:37:40,754 INFO  client.GrpcClientProtocolClient (GrpcClientProtocolClient.java:onNext(255)) - client-C12DAE7A5037->3f4de2de-7d09-498f-aead-42327df81d94: receive RaftClientReply:client-C12DAE7A5037->3f4de2de-7d09-498f-aead-42327df81d94@group-C7908E81CC6B, cid=255, SUCCESS, logIndex=370, commits[3f4de2de-7d09-498f-aead-42327df81d94:c372]
2019-08-05 04:37:40,756 INFO  client.GrpcClientProtocolClient (GrpcClientProtocolClient.java:onNext(255)) - client-C12DAE7A5037->3f4de2de-7d09-498f-aead-42327df81d94: receive RaftClientReply:client-C12DAE7A5037->3f4de2de-7d09-498f-aead-42327df81d94@group-C7908E81CC6B, cid=256, SUCCESS, logIndex=371, commits[3f4de2de-7d09-498f-aead-42327df81d94:c373]
2019-08-05 04:37:40,773 DEBUG block.SCMBlockDeletingService (SCMBlockDeletingService.java:call(138)) - Running DeletedBlockTransactionScanner
2019-08-05 04:37:40,773 DEBUG block.SCMBlockDeletingService (SCMBlockDeletingService.java:call(155)) - Scanned deleted blocks log and got 0 delTX to process.
2019-08-05 04:37:40,794 INFO  client.GrpcClientProtocolClient (GrpcClientProtocolClient.java:onNext(255)) - client-C12DAE7A5037->3f4de2de-7d09-498f-aead-42327df81d94: receive RaftClientReply:client-C12DAE7A5037->3f4de2de-7d09-498f-aead-42327df81d94@group-C7908E81CC6B, cid=257, SUCCESS, logIndex=374, commits[3f4de2de-7d09-498f-aead-42327df81d94:c377]
2019-08-05 04:37:40,795 INFO  client.GrpcClientProtocolClient (GrpcClientProtocolClient.java:onNext(255)) - client-C12DAE7A5037->3f4de2de-7d09-498f-aead-42327df81d94: receive RaftClientReply:client-C12DAE7A5037->3f4de2de-7d09-498f-aead-42327df81d94@group-C7908E81CC6B, cid=258, SUCCESS, logIndex=375, commits[3f4de2de-7d09-498f-aead-42327df81d94:c377]
2019-08-05 04:37:40,796 INFO  client.GrpcClientProtocolClient (GrpcClientProtocolClient.java:onNext(255)) - client-C12DAE7A5037->3f4de2de-7d09-498f-aead-42327df81d94: receive RaftClientReply:client-C12DAE7A5037->3f4de2de-7d09-498f-aead-42327df81d94@group-C7908E81CC6B, cid=259, SUCCESS, logIndex=376, commits[3f4de2de-7d09-498f-aead-42327df81d94:c377]
2019-08-05 04:37:40,796 INFO  client.GrpcClientProtocolClient (GrpcClientProtocolClient.java:onNext(255)) - client-C12DAE7A5037->3f4de2de-7d09-498f-aead-42327df81d94: receive RaftClientReply:client-C12DAE7A5037->3f4de2de-7d09-498f-aead-42327df81d94@group-C7908E81CC6B, cid=260, SUCCESS, logIndex=377, commits[3f4de2de-7d09-498f-aead-42327df81d94:c377]
2019-08-05 04:37:40,819 INFO  client.GrpcClientProtocolClient (GrpcClientProtocolClient.java:onNext(255)) - client-C12DAE7A5037->3f4de2de-7d09-498f-aead-42327df81d94: receive RaftClientReply:client-C12DAE7A5037->3f4de2de-7d09-498f-aead-42327df81d94@group-C7908E81CC6B, cid=261, SUCCESS, logIndex=379, commits[3f4de2de-7d09-498f-aead-42327df81d94:c382]
2019-08-05 04:37:40,820 INFO  client.GrpcClientProtocolClient (GrpcClientProtocolClient.java:onNext(255)) - client-C12DAE7A5037->3f4de2de-7d09-498f-aead-42327df81d94: receive RaftClientReply:client-C12DAE7A5037->3f4de2de-7d09-498f-aead-42327df81d94@group-C7908E81CC6B, cid=262, SUCCESS, logIndex=380, commits[3f4de2de-7d09-498f-aead-42327df81d94:c384]
2019-08-05 04:37:40,821 INFO  client.GrpcClientProtocolClient (GrpcClientProtocolClient.java:onNext(255)) - client-C12DAE7A5037->3f4de2de-7d09-498f-aead-42327df81d94: receive RaftClientReply:client-C12DAE7A5037->3f4de2de-7d09-498f-aead-42327df81d94@group-C7908E81CC6B, cid=263, SUCCESS, logIndex=381, commits[3f4de2de-7d09-498f-aead-42327df81d94:c384]
2019-08-05 04:37:40,821 INFO  client.GrpcClientProtocolClient (GrpcClientProtocolClient.java:onNext(255)) - client-C12DAE7A5037->3f4de2de-7d09-498f-aead-42327df81d94: receive RaftClientReply:client-C12DAE7A5037->3f4de2de-7d09-498f-aead-42327df81d94@group-C7908E81CC6B, cid=264, SUCCESS, logIndex=382, commits[3f4de2de-7d09-498f-aead-42327df81d94:c384]
2019-08-05 04:37:40,874 DEBUG block.SCMBlockDeletingService (SCMBlockDeletingService.java:call(138)) - Running DeletedBlockTransactionScanner
2019-08-05 04:37:40,874 DEBUG block.SCMBlockDeletingService (SCMBlockDeletingService.java:call(155)) - Scanned deleted blocks log and got 0 delTX to process.
2019-08-05 04:37:40,965 INFO  client.GrpcClientProtocolClient (GrpcClientProtocolClient.java:onNext(255)) - client-C12DAE7A5037->3f4de2de-7d09-498f-aead-42327df81d94: receive RaftClientReply:client-C12DAE7A5037->3f4de2de-7d09-498f-aead-42327df81d94@group-C7908E81CC6B, cid=265, SUCCESS, logIndex=385, commits[3f4de2de-7d09-498f-aead-42327df81d94:c386]
2019-08-05 04:37:40,966 INFO  client.GrpcClientProtocolClient (GrpcClientProtocolClient.java:onNext(255)) - client-C12DAE7A5037->3f4de2de-7d09-498f-aead-42327df81d94: receive RaftClientReply:client-C12DAE7A5037->3f4de2de-7d09-498f-aead-42327df81d94@group-C7908E81CC6B, cid=266, SUCCESS, logIndex=386, commits[3f4de2de-7d09-498f-aead-42327df81d94:c389]
2019-08-05 04:37:40,966 INFO  client.GrpcClientProtocolClient (GrpcClientProtocolClient.java:onNext(255)) - client-C12DAE7A5037->3f4de2de-7d09-498f-aead-42327df81d94: receive RaftClientReply:client-C12DAE7A5037->3f4de2de-7d09-498f-aead-42327df81d94@group-C7908E81CC6B, cid=267, SUCCESS, logIndex=387, commits[3f4de2de-7d09-498f-aead-42327df81d94:c390]
2019-08-05 04:37:40,967 INFO  client.GrpcClientProtocolClient (GrpcClientProtocolClient.java:onNext(255)) - client-C12DAE7A5037->3f4de2de-7d09-498f-aead-42327df81d94: receive RaftClientReply:client-C12DAE7A5037->3f4de2de-7d09-498f-aead-42327df81d94@group-C7908E81CC6B, cid=268, SUCCESS, logIndex=388, commits[3f4de2de-7d09-498f-aead-42327df81d94:c390]
2019-08-05 04:37:40,974 DEBUG block.SCMBlockDeletingService (SCMBlockDeletingService.java:call(138)) - Running DeletedBlockTransactionScanner
2019-08-05 04:37:40,974 DEBUG block.SCMBlockDeletingService (SCMBlockDeletingService.java:call(155)) - Scanned deleted blocks log and got 0 delTX to process.
2019-08-05 04:37:40,988 INFO  client.GrpcClientProtocolClient (GrpcClientProtocolClient.java:onNext(255)) - client-C12DAE7A5037->3f4de2de-7d09-498f-aead-42327df81d94: receive RaftClientReply:client-C12DAE7A5037->3f4de2de-7d09-498f-aead-42327df81d94@group-C7908E81CC6B, cid=269, SUCCESS, logIndex=391, commits[3f4de2de-7d09-498f-aead-42327df81d94:c392]
2019-08-05 04:37:40,989 INFO  client.GrpcClientProtocolClient (GrpcClientProtocolClient.java:onNext(255)) - client-C12DAE7A5037->3f4de2de-7d09-498f-aead-42327df81d94: receive RaftClientReply:client-C12DAE7A5037->3f4de2de-7d09-498f-aead-42327df81d94@group-C7908E81CC6B, cid=270, SUCCESS, logIndex=392, commits[3f4de2de-7d09-498f-aead-42327df81d94:c394]
2019-08-05 04:37:40,989 INFO  client.GrpcClientProtocolClient (GrpcClientProtocolClient.java:onNext(255)) - client-C12DAE7A5037->3f4de2de-7d09-498f-aead-42327df81d94: receive RaftClientReply:client-C12DAE7A5037->3f4de2de-7d09-498f-aead-42327df81d94@group-C7908E81CC6B, cid=271, SUCCESS, logIndex=393, commits[3f4de2de-7d09-498f-aead-42327df81d94:c395]
2019-08-05 04:37:40,990 INFO  client.GrpcClientProtocolClient (GrpcClientProtocolClient.java:onNext(255)) - client-C12DAE7A5037->3f4de2de-7d09-498f-aead-42327df81d94: receive RaftClientReply:client-C12DAE7A5037->3f4de2de-7d09-498f-aead-42327df81d94@group-C7908E81CC6B, cid=272, SUCCESS, logIndex=394, commits[3f4de2de-7d09-498f-aead-42327df81d94:c396]
2019-08-05 04:37:41,018 INFO  client.GrpcClientProtocolClient (GrpcClientProtocolClient.java:onNext(255)) - client-C12DAE7A5037->3f4de2de-7d09-498f-aead-42327df81d94: receive RaftClientReply:client-C12DAE7A5037->3f4de2de-7d09-498f-aead-42327df81d94@group-C7908E81CC6B, cid=273, SUCCESS, logIndex=397, commits[3f4de2de-7d09-498f-aead-42327df81d94:c398]
2019-08-05 04:37:41,018 INFO  client.GrpcClientProtocolClient (GrpcClientProtocolClient.java:onNext(255)) - client-C12DAE7A5037->3f4de2de-7d09-498f-aead-42327df81d94: receive RaftClientReply:client-C12DAE7A5037->3f4de2de-7d09-498f-aead-42327df81d94@group-C7908E81CC6B, cid=274, SUCCESS, logIndex=398, commits[3f4de2de-7d09-498f-aead-42327df81d94:c401]
2019-08-05 04:37:41,019 INFO  client.GrpcClientProtocolClient (GrpcClientProtocolClient.java:onNext(255)) - client-C12DAE7A5037->3f4de2de-7d09-498f-aead-42327df81d94: receive RaftClientReply:client-C12DAE7A5037->3f4de2de-7d09-498f-aead-42327df81d94@group-C7908E81CC6B, cid=275, SUCCESS, logIndex=399, commits[3f4de2de-7d09-498f-aead-42327df81d94:c402]
2019-08-05 04:37:41,019 INFO  client.GrpcClientProtocolClient (GrpcClientProtocolClient.java:onNext(255)) - client-C12DAE7A5037->3f4de2de-7d09-498f-aead-42327df81d94: receive RaftClientReply:client-C12DAE7A5037->3f4de2de-7d09-498f-aead-42327df81d94@group-C7908E81CC6B, cid=276, SUCCESS, logIndex=400, commits[3f4de2de-7d09-498f-aead-42327df81d94:c402]
2019-08-05 04:37:41,045 INFO  client.GrpcClientProtocolClient (GrpcClientProtocolClient.java:onNext(255)) - client-C12DAE7A5037->3f4de2de-7d09-498f-aead-42327df81d94: receive RaftClientReply:client-C12DAE7A5037->3f4de2de-7d09-498f-aead-42327df81d94@group-C7908E81CC6B, cid=277, SUCCESS, logIndex=403, commits[3f4de2de-7d09-498f-aead-42327df81d94:c404]
2019-08-05 04:37:41,046 INFO  client.GrpcClientProtocolClient (GrpcClientProtocolClient.java:onNext(255)) - client-C12DAE7A5037->3f4de2de-7d09-498f-aead-42327df81d94: receive RaftClientReply:client-C12DAE7A5037->3f4de2de-7d09-498f-aead-42327df81d94@group-C7908E81CC6B, cid=278, SUCCESS, logIndex=404, commits[3f4de2de-7d09-498f-aead-42327df81d94:c406]
2019-08-05 04:37:41,047 INFO  client.GrpcClientProtocolClient (GrpcClientProtocolClient.java:onNext(255)) - client-C12DAE7A5037->3f4de2de-7d09-498f-aead-42327df81d94: receive RaftClientReply:client-C12DAE7A5037->3f4de2de-7d09-498f-aead-42327df81d94@group-C7908E81CC6B, cid=279, SUCCESS, logIndex=405, commits[3f4de2de-7d09-498f-aead-42327df81d94:c406]
2019-08-05 04:37:41,047 INFO  client.GrpcClientProtocolClient (GrpcClientProtocolClient.java:onNext(255)) - client-C12DAE7A5037->3f4de2de-7d09-498f-aead-42327df81d94: receive RaftClientReply:client-C12DAE7A5037->3f4de2de-7d09-498f-aead-42327df81d94@group-C7908E81CC6B, cid=280, SUCCESS, logIndex=406, commits[3f4de2de-7d09-498f-aead-42327df81d94:c407]
2019-08-05 04:37:41,075 DEBUG block.SCMBlockDeletingService (SCMBlockDeletingService.java:call(138)) - Running DeletedBlockTransactionScanner
2019-08-05 04:37:41,075 DEBUG block.SCMBlockDeletingService (SCMBlockDeletingService.java:call(155)) - Scanned deleted blocks log and got 0 delTX to process.
2019-08-05 04:37:41,078 INFO  client.GrpcClientProtocolClient (GrpcClientProtocolClient.java:onNext(255)) - client-C12DAE7A5037->3f4de2de-7d09-498f-aead-42327df81d94: receive RaftClientReply:client-C12DAE7A5037->3f4de2de-7d09-498f-aead-42327df81d94@group-C7908E81CC6B, cid=281, SUCCESS, logIndex=409, commits[3f4de2de-7d09-498f-aead-42327df81d94:c410]
2019-08-05 04:37:41,079 INFO  client.GrpcClientProtocolClient (GrpcClientProtocolClient.java:onNext(255)) - client-C12DAE7A5037->3f4de2de-7d09-498f-aead-42327df81d94: receive RaftClientReply:client-C12DAE7A5037->3f4de2de-7d09-498f-aead-42327df81d94@group-C7908E81CC6B, cid=282, SUCCESS, logIndex=410, commits[3f4de2de-7d09-498f-aead-42327df81d94:c413]
2019-08-05 04:37:41,080 INFO  client.GrpcClientProtocolClient (GrpcClientProtocolClient.java:onNext(255)) - client-C12DAE7A5037->3f4de2de-7d09-498f-aead-42327df81d94: receive RaftClientReply:client-C12DAE7A5037->3f4de2de-7d09-498f-aead-42327df81d94@group-C7908E81CC6B, cid=283, SUCCESS, logIndex=411, commits[3f4de2de-7d09-498f-aead-42327df81d94:c414]
2019-08-05 04:37:41,080 INFO  client.GrpcClientProtocolClient (GrpcClientProtocolClient.java:onNext(255)) - client-C12DAE7A5037->3f4de2de-7d09-498f-aead-42327df81d94: receive RaftClientReply:client-C12DAE7A5037->3f4de2de-7d09-498f-aead-42327df81d94@group-C7908E81CC6B, cid=284, SUCCESS, logIndex=412, commits[3f4de2de-7d09-498f-aead-42327df81d94:c414]
2019-08-05 04:37:41,105 INFO  client.GrpcClientProtocolClient (GrpcClientProtocolClient.java:onNext(255)) - client-C12DAE7A5037->3f4de2de-7d09-498f-aead-42327df81d94: receive RaftClientReply:client-C12DAE7A5037->3f4de2de-7d09-498f-aead-42327df81d94@group-C7908E81CC6B, cid=285, SUCCESS, logIndex=415, commits[3f4de2de-7d09-498f-aead-42327df81d94:c416]
2019-08-05 04:37:41,105 INFO  client.GrpcClientProtocolClient (GrpcClientProtocolClient.java:onNext(255)) - client-C12DAE7A5037->3f4de2de-7d09-498f-aead-42327df81d94: receive RaftClientReply:client-C12DAE7A5037->3f4de2de-7d09-498f-aead-42327df81d94@group-C7908E81CC6B, cid=286, SUCCESS, logIndex=416, commits[3f4de2de-7d09-498f-aead-42327df81d94:c418]
2019-08-05 04:37:41,106 INFO  client.GrpcClientProtocolClient (GrpcClientProtocolClient.java:onNext(255)) - client-C12DAE7A5037->3f4de2de-7d09-498f-aead-42327df81d94: receive RaftClientReply:client-C12DAE7A5037->3f4de2de-7d09-498f-aead-42327df81d94@group-C7908E81CC6B, cid=287, SUCCESS, logIndex=417, commits[3f4de2de-7d09-498f-aead-42327df81d94:c419]
2019-08-05 04:37:41,106 INFO  client.GrpcClientProtocolClient (GrpcClientProtocolClient.java:onNext(255)) - client-C12DAE7A5037->3f4de2de-7d09-498f-aead-42327df81d94: receive RaftClientReply:client-C12DAE7A5037->3f4de2de-7d09-498f-aead-42327df81d94@group-C7908E81CC6B, cid=288, SUCCESS, logIndex=418, commits[3f4de2de-7d09-498f-aead-42327df81d94:c420]
2019-08-05 04:37:41,136 INFO  client.GrpcClientProtocolClient (GrpcClientProtocolClient.java:onNext(255)) - client-C12DAE7A5037->3f4de2de-7d09-498f-aead-42327df81d94: receive RaftClientReply:client-C12DAE7A5037->3f4de2de-7d09-498f-aead-42327df81d94@group-C7908E81CC6B, cid=289, SUCCESS, logIndex=421, commits[3f4de2de-7d09-498f-aead-42327df81d94:c422]
2019-08-05 04:37:41,137 INFO  client.GrpcClientProtocolClient (GrpcClientProtocolClient.java:onNext(255)) - client-C12DAE7A5037->3f4de2de-7d09-498f-aead-42327df81d94: receive RaftClientReply:client-C12DAE7A5037->3f4de2de-7d09-498f-aead-42327df81d94@group-C7908E81CC6B, cid=290, SUCCESS, logIndex=422, commits[3f4de2de-7d09-498f-aead-42327df81d94:c425]
2019-08-05 04:37:41,137 INFO  client.GrpcClientProtocolClient (GrpcClientProtocolClient.java:onNext(255)) - client-C12DAE7A5037->3f4de2de-7d09-498f-aead-42327df81d94: receive RaftClientReply:client-C12DAE7A5037->3f4de2de-7d09-498f-aead-42327df81d94@group-C7908E81CC6B, cid=291, SUCCESS, logIndex=423, commits[3f4de2de-7d09-498f-aead-42327df81d94:c426]
2019-08-05 04:37:41,138 INFO  client.GrpcClientProtocolClient (GrpcClientProtocolClient.java:onNext(255)) - client-C12DAE7A5037->3f4de2de-7d09-498f-aead-42327df81d94: receive RaftClientReply:client-C12DAE7A5037->3f4de2de-7d09-498f-aead-42327df81d94@group-C7908E81CC6B, cid=292, SUCCESS, logIndex=424, commits[3f4de2de-7d09-498f-aead-42327df81d94:c426]
2019-08-05 04:37:41,159 INFO  client.GrpcClientProtocolClient (GrpcClientProtocolClient.java:onNext(255)) - client-C12DAE7A5037->3f4de2de-7d09-498f-aead-42327df81d94: receive RaftClientReply:client-C12DAE7A5037->3f4de2de-7d09-498f-aead-42327df81d94@group-C7908E81CC6B, cid=293, SUCCESS, logIndex=427, commits[3f4de2de-7d09-498f-aead-42327df81d94:c428]
2019-08-05 04:37:41,159 INFO  client.GrpcClientProtocolClient (GrpcClientProtocolClient.java:onNext(255)) - client-C12DAE7A5037->3f4de2de-7d09-498f-aead-42327df81d94: receive RaftClientReply:client-C12DAE7A5037->3f4de2de-7d09-498f-aead-42327df81d94@group-C7908E81CC6B, cid=294, SUCCESS, logIndex=428, commits[3f4de2de-7d09-498f-aead-42327df81d94:c431]
2019-08-05 04:37:41,160 INFO  client.GrpcClientProtocolClient (GrpcClientProtocolClient.java:onNext(255)) - client-C12DAE7A5037->3f4de2de-7d09-498f-aead-42327df81d94: receive RaftClientReply:client-C12DAE7A5037->3f4de2de-7d09-498f-aead-42327df81d94@group-C7908E81CC6B, cid=295, SUCCESS, logIndex=429, commits[3f4de2de-7d09-498f-aead-42327df81d94:c431]
2019-08-05 04:37:41,161 INFO  client.GrpcClientProtocolClient (GrpcClientProtocolClient.java:onNext(255)) - client-C12DAE7A5037->3f4de2de-7d09-498f-aead-42327df81d94: receive RaftClientReply:client-C12DAE7A5037->3f4de2de-7d09-498f-aead-42327df81d94@group-C7908E81CC6B, cid=296, SUCCESS, logIndex=430, commits[3f4de2de-7d09-498f-aead-42327df81d94:c432]
2019-08-05 04:37:41,176 DEBUG block.SCMBlockDeletingService (SCMBlockDeletingService.java:call(138)) - Running DeletedBlockTransactionScanner
2019-08-05 04:37:41,176 DEBUG block.SCMBlockDeletingService (SCMBlockDeletingService.java:call(155)) - Scanned deleted blocks log and got 0 delTX to process.
2019-08-05 04:37:41,189 INFO  client.GrpcClientProtocolClient (GrpcClientProtocolClient.java:onNext(255)) - client-C12DAE7A5037->3f4de2de-7d09-498f-aead-42327df81d94: receive RaftClientReply:client-C12DAE7A5037->3f4de2de-7d09-498f-aead-42327df81d94@group-C7908E81CC6B, cid=297, SUCCESS, logIndex=433, commits[3f4de2de-7d09-498f-aead-42327df81d94:c434]
2019-08-05 04:37:41,190 INFO  client.GrpcClientProtocolClient (GrpcClientProtocolClient.java:onNext(255)) - client-C12DAE7A5037->3f4de2de-7d09-498f-aead-42327df81d94: receive RaftClientReply:client-C12DAE7A5037->3f4de2de-7d09-498f-aead-42327df81d94@group-C7908E81CC6B, cid=298, SUCCESS, logIndex=434, commits[3f4de2de-7d09-498f-aead-42327df81d94:c437]
2019-08-05 04:37:41,191 INFO  client.GrpcClientProtocolClient (GrpcClientProtocolClient.java:onNext(255)) - client-C12DAE7A5037->3f4de2de-7d09-498f-aead-42327df81d94: receive RaftClientReply:client-C12DAE7A5037->3f4de2de-7d09-498f-aead-42327df81d94@group-C7908E81CC6B, cid=299, SUCCESS, logIndex=435, commits[3f4de2de-7d09-498f-aead-42327df81d94:c438]
2019-08-05 04:37:41,191 INFO  client.GrpcClientProtocolClient (GrpcClientProtocolClient.java:onNext(255)) - client-C12DAE7A5037->3f4de2de-7d09-498f-aead-42327df81d94: receive RaftClientReply:client-C12DAE7A5037->3f4de2de-7d09-498f-aead-42327df81d94@group-C7908E81CC6B, cid=300, SUCCESS, logIndex=436, commits[3f4de2de-7d09-498f-aead-42327df81d94:c438]
2019-08-05 04:37:41,213 INFO  client.GrpcClientProtocolClient (GrpcClientProtocolClient.java:onNext(255)) - client-C12DAE7A5037->3f4de2de-7d09-498f-aead-42327df81d94: receive RaftClientReply:client-C12DAE7A5037->3f4de2de-7d09-498f-aead-42327df81d94@group-C7908E81CC6B, cid=301, SUCCESS, logIndex=439, commits[3f4de2de-7d09-498f-aead-42327df81d94:c440]
2019-08-05 04:37:41,213 INFO  client.GrpcClientProtocolClient (GrpcClientProtocolClient.java:onNext(255)) - client-C12DAE7A5037->3f4de2de-7d09-498f-aead-42327df81d94: receive RaftClientReply:client-C12DAE7A5037->3f4de2de-7d09-498f-aead-42327df81d94@group-C7908E81CC6B, cid=302, SUCCESS, logIndex=440, commits[3f4de2de-7d09-498f-aead-42327df81d94:c443]
2019-08-05 04:37:41,214 INFO  client.GrpcClientProtocolClient (GrpcClientProtocolClient.java:onNext(255)) - client-C12DAE7A5037->3f4de2de-7d09-498f-aead-42327df81d94: receive RaftClientReply:client-C12DAE7A5037->3f4de2de-7d09-498f-aead-42327df81d94@group-C7908E81CC6B, cid=303, SUCCESS, logIndex=441, commits[3f4de2de-7d09-498f-aead-42327df81d94:c443]
2019-08-05 04:37:41,214 INFO  client.GrpcClientProtocolClient (GrpcClientProtocolClient.java:onNext(255)) - client-C12DAE7A5037->3f4de2de-7d09-498f-aead-42327df81d94: receive RaftClientReply:client-C12DAE7A5037->3f4de2de-7d09-498f-aead-42327df81d94@group-C7908E81CC6B, cid=304, SUCCESS, logIndex=442, commits[3f4de2de-7d09-498f-aead-42327df81d94:c444]
2019-08-05 04:37:41,245 INFO  client.GrpcClientProtocolClient (GrpcClientProtocolClient.java:onNext(255)) - client-C12DAE7A5037->3f4de2de-7d09-498f-aead-42327df81d94: receive RaftClientReply:client-C12DAE7A5037->3f4de2de-7d09-498f-aead-42327df81d94@group-C7908E81CC6B, cid=305, SUCCESS, logIndex=445, commits[3f4de2de-7d09-498f-aead-42327df81d94:c448]
2019-08-05 04:37:41,246 INFO  client.GrpcClientProtocolClient (GrpcClientProtocolClient.java:onNext(255)) - client-C12DAE7A5037->3f4de2de-7d09-498f-aead-42327df81d94: receive RaftClientReply:client-C12DAE7A5037->3f4de2de-7d09-498f-aead-42327df81d94@group-C7908E81CC6B, cid=306, SUCCESS, logIndex=446, commits[3f4de2de-7d09-498f-aead-42327df81d94:c449]
2019-08-05 04:37:41,247 INFO  client.GrpcClientProtocolClient (GrpcClientProtocolClient.java:onNext(255)) - client-C12DAE7A5037->3f4de2de-7d09-498f-aead-42327df81d94: receive RaftClientReply:client-C12DAE7A5037->3f4de2de-7d09-498f-aead-42327df81d94@group-C7908E81CC6B, cid=307, SUCCESS, logIndex=447, commits[3f4de2de-7d09-498f-aead-42327df81d94:c450]
2019-08-05 04:37:41,247 INFO  client.GrpcClientProtocolClient (GrpcClientProtocolClient.java:onNext(255)) - client-C12DAE7A5037->3f4de2de-7d09-498f-aead-42327df81d94: receive RaftClientReply:client-C12DAE7A5037->3f4de2de-7d09-498f-aead-42327df81d94@group-C7908E81CC6B, cid=308, SUCCESS, logIndex=448, commits[3f4de2de-7d09-498f-aead-42327df81d94:c450]
2019-08-05 04:37:41,276 DEBUG block.SCMBlockDeletingService (SCMBlockDeletingService.java:call(138)) - Running DeletedBlockTransactionScanner
2019-08-05 04:37:41,277 DEBUG block.SCMBlockDeletingService (SCMBlockDeletingService.java:call(155)) - Scanned deleted blocks log and got 0 delTX to process.
2019-08-05 04:37:41,373 INFO  client.GrpcClientProtocolClient (GrpcClientProtocolClient.java:onNext(255)) - client-C12DAE7A5037->3f4de2de-7d09-498f-aead-42327df81d94: receive RaftClientReply:client-C12DAE7A5037->3f4de2de-7d09-498f-aead-42327df81d94@group-C7908E81CC6B, cid=309, SUCCESS, logIndex=451, commits[3f4de2de-7d09-498f-aead-42327df81d94:c452]
2019-08-05 04:37:41,374 INFO  client.GrpcClientProtocolClient (GrpcClientProtocolClient.java:onNext(255)) - client-C12DAE7A5037->3f4de2de-7d09-498f-aead-42327df81d94: receive RaftClientReply:client-C12DAE7A5037->3f4de2de-7d09-498f-aead-42327df81d94@group-C7908E81CC6B, cid=310, SUCCESS, logIndex=452, commits[3f4de2de-7d09-498f-aead-42327df81d94:c455]
2019-08-05 04:37:41,374 INFO  client.GrpcClientProtocolClient (GrpcClientProtocolClient.java:onNext(255)) - client-C12DAE7A5037->3f4de2de-7d09-498f-aead-42327df81d94: receive RaftClientReply:client-C12DAE7A5037->3f4de2de-7d09-498f-aead-42327df81d94@group-C7908E81CC6B, cid=311, SUCCESS, logIndex=453, commits[3f4de2de-7d09-498f-aead-42327df81d94:c456]
2019-08-05 04:37:41,375 INFO  client.GrpcClientProtocolClient (GrpcClientProtocolClient.java:onNext(255)) - client-C12DAE7A5037->3f4de2de-7d09-498f-aead-42327df81d94: receive RaftClientReply:client-C12DAE7A5037->3f4de2de-7d09-498f-aead-42327df81d94@group-C7908E81CC6B, cid=312, SUCCESS, logIndex=454, commits[3f4de2de-7d09-498f-aead-42327df81d94:c456]
2019-08-05 04:37:41,377 DEBUG block.SCMBlockDeletingService (SCMBlockDeletingService.java:call(138)) - Running DeletedBlockTransactionScanner
2019-08-05 04:37:41,377 DEBUG block.SCMBlockDeletingService (SCMBlockDeletingService.java:call(155)) - Scanned deleted blocks log and got 0 delTX to process.
2019-08-05 04:37:41,403 INFO  client.GrpcClientProtocolClient (GrpcClientProtocolClient.java:onNext(255)) - client-C12DAE7A5037->3f4de2de-7d09-498f-aead-42327df81d94: receive RaftClientReply:client-C12DAE7A5037->3f4de2de-7d09-498f-aead-42327df81d94@group-C7908E81CC6B, cid=313, SUCCESS, logIndex=457, commits[3f4de2de-7d09-498f-aead-42327df81d94:c460]
2019-08-05 04:37:41,404 INFO  client.GrpcClientProtocolClient (GrpcClientProtocolClient.java:onNext(255)) - client-C12DAE7A5037->3f4de2de-7d09-498f-aead-42327df81d94: receive RaftClientReply:client-C12DAE7A5037->3f4de2de-7d09-498f-aead-42327df81d94@group-C7908E81CC6B, cid=314, SUCCESS, logIndex=458, commits[3f4de2de-7d09-498f-aead-42327df81d94:c461]
2019-08-05 04:37:41,404 INFO  client.GrpcClientProtocolClient (GrpcClientProtocolClient.java:onNext(255)) - client-C12DAE7A5037->3f4de2de-7d09-498f-aead-42327df81d94: receive RaftClientReply:client-C12DAE7A5037->3f4de2de-7d09-498f-aead-42327df81d94@group-C7908E81CC6B, cid=315, SUCCESS, logIndex=459, commits[3f4de2de-7d09-498f-aead-42327df81d94:c462]
2019-08-05 04:37:41,405 INFO  client.GrpcClientProtocolClient (GrpcClientProtocolClient.java:onNext(255)) - client-C12DAE7A5037->3f4de2de-7d09-498f-aead-42327df81d94: receive RaftClientReply:client-C12DAE7A5037->3f4de2de-7d09-498f-aead-42327df81d94@group-C7908E81CC6B, cid=316, SUCCESS, logIndex=460, commits[3f4de2de-7d09-498f-aead-42327df81d94:c462]
2019-08-05 04:37:41,427 INFO  client.GrpcClientProtocolClient (GrpcClientProtocolClient.java:onNext(255)) - client-C12DAE7A5037->3f4de2de-7d09-498f-aead-42327df81d94: receive RaftClientReply:client-C12DAE7A5037->3f4de2de-7d09-498f-aead-42327df81d94@group-C7908E81CC6B, cid=317, SUCCESS, logIndex=463, commits[3f4de2de-7d09-498f-aead-42327df81d94:c464]
2019-08-05 04:37:41,428 INFO  client.GrpcClientProtocolClient (GrpcClientProtocolClient.java:onNext(255)) - client-C12DAE7A5037->3f4de2de-7d09-498f-aead-42327df81d94: receive RaftClientReply:client-C12DAE7A5037->3f4de2de-7d09-498f-aead-42327df81d94@group-C7908E81CC6B, cid=318, SUCCESS, logIndex=464, commits[3f4de2de-7d09-498f-aead-42327df81d94:c466]
2019-08-05 04:37:41,428 INFO  client.GrpcClientProtocolClient (GrpcClientProtocolClient.java:onNext(255)) - client-C12DAE7A5037->3f4de2de-7d09-498f-aead-42327df81d94: receive RaftClientReply:client-C12DAE7A5037->3f4de2de-7d09-498f-aead-42327df81d94@group-C7908E81CC6B, cid=319, SUCCESS, logIndex=465, commits[3f4de2de-7d09-498f-aead-42327df81d94:c467]
2019-08-05 04:37:41,429 INFO  client.GrpcClientProtocolClient (GrpcClientProtocolClient.java:onNext(255)) - client-C12DAE7A5037->3f4de2de-7d09-498f-aead-42327df81d94: receive RaftClientReply:client-C12DAE7A5037->3f4de2de-7d09-498f-aead-42327df81d94@group-C7908E81CC6B, cid=320, SUCCESS, logIndex=466, commits[3f4de2de-7d09-498f-aead-42327df81d94:c468]
2019-08-05 04:37:41,457 INFO  client.GrpcClientProtocolClient (GrpcClientProtocolClient.java:onNext(255)) - client-C12DAE7A5037->3f4de2de-7d09-498f-aead-42327df81d94: receive RaftClientReply:client-C12DAE7A5037->3f4de2de-7d09-498f-aead-42327df81d94@group-C7908E81CC6B, cid=321, SUCCESS, logIndex=469, commits[3f4de2de-7d09-498f-aead-42327df81d94:c470]
2019-08-05 04:37:41,458 INFO  client.GrpcClientProtocolClient (GrpcClientProtocolClient.java:onNext(255)) - client-C12DAE7A5037->3f4de2de-7d09-498f-aead-42327df81d94: receive RaftClientReply:client-C12DAE7A5037->3f4de2de-7d09-498f-aead-42327df81d94@group-C7908E81CC6B, cid=322, SUCCESS, logIndex=470, commits[3f4de2de-7d09-498f-aead-42327df81d94:c473]
2019-08-05 04:37:41,458 INFO  client.GrpcClientProtocolClient (GrpcClientProtocolClient.java:onNext(255)) - client-C12DAE7A5037->3f4de2de-7d09-498f-aead-42327df81d94: receive RaftClientReply:client-C12DAE7A5037->3f4de2de-7d09-498f-aead-42327df81d94@group-C7908E81CC6B, cid=323, SUCCESS, logIndex=471, commits[3f4de2de-7d09-498f-aead-42327df81d94:c474]
2019-08-05 04:37:41,459 INFO  client.GrpcClientProtocolClient (GrpcClientProtocolClient.java:onNext(255)) - client-C12DAE7A5037->3f4de2de-7d09-498f-aead-42327df81d94: receive RaftClientReply:client-C12DAE7A5037->3f4de2de-7d09-498f-aead-42327df81d94@group-C7908E81CC6B, cid=324, SUCCESS, logIndex=472, commits[3f4de2de-7d09-498f-aead-42327df81d94:c474]
2019-08-05 04:37:41,478 DEBUG block.SCMBlockDeletingService (SCMBlockDeletingService.java:call(138)) - Running DeletedBlockTransactionScanner
2019-08-05 04:37:41,478 DEBUG block.SCMBlockDeletingService (SCMBlockDeletingService.java:call(155)) - Scanned deleted blocks log and got 0 delTX to process.
2019-08-05 04:37:41,480 INFO  client.GrpcClientProtocolClient (GrpcClientProtocolClient.java:onNext(255)) - client-C12DAE7A5037->3f4de2de-7d09-498f-aead-42327df81d94: receive RaftClientReply:client-C12DAE7A5037->3f4de2de-7d09-498f-aead-42327df81d94@group-C7908E81CC6B, cid=325, SUCCESS, logIndex=475, commits[3f4de2de-7d09-498f-aead-42327df81d94:c476]
2019-08-05 04:37:41,481 INFO  client.GrpcClientProtocolClient (GrpcClientProtocolClient.java:onNext(255)) - client-C12DAE7A5037->3f4de2de-7d09-498f-aead-42327df81d94: receive RaftClientReply:client-C12DAE7A5037->3f4de2de-7d09-498f-aead-42327df81d94@group-C7908E81CC6B, cid=326, SUCCESS, logIndex=476, commits[3f4de2de-7d09-498f-aead-42327df81d94:c478]
2019-08-05 04:37:41,481 INFO  client.GrpcClientProtocolClient (GrpcClientProtocolClient.java:onNext(255)) - client-C12DAE7A5037->3f4de2de-7d09-498f-aead-42327df81d94: receive RaftClientReply:client-C12DAE7A5037->3f4de2de-7d09-498f-aead-42327df81d94@group-C7908E81CC6B, cid=327, SUCCESS, logIndex=477, commits[3f4de2de-7d09-498f-aead-42327df81d94:c479]
2019-08-05 04:37:41,482 INFO  client.GrpcClientProtocolClient (GrpcClientProtocolClient.java:onNext(255)) - client-C12DAE7A5037->3f4de2de-7d09-498f-aead-42327df81d94: receive RaftClientReply:client-C12DAE7A5037->3f4de2de-7d09-498f-aead-42327df81d94@group-C7908E81CC6B, cid=328, SUCCESS, logIndex=478, commits[3f4de2de-7d09-498f-aead-42327df81d94:c480]
2019-08-05 04:37:41,508 INFO  client.GrpcClientProtocolClient (GrpcClientProtocolClient.java:onNext(255)) - client-C12DAE7A5037->3f4de2de-7d09-498f-aead-42327df81d94: receive RaftClientReply:client-C12DAE7A5037->3f4de2de-7d09-498f-aead-42327df81d94@group-C7908E81CC6B, cid=329, SUCCESS, logIndex=481, commits[3f4de2de-7d09-498f-aead-42327df81d94:c482]
2019-08-05 04:37:41,509 INFO  client.GrpcClientProtocolClient (GrpcClientProtocolClient.java:onNext(255)) - client-C12DAE7A5037->3f4de2de-7d09-498f-aead-42327df81d94: receive RaftClientReply:client-C12DAE7A5037->3f4de2de-7d09-498f-aead-42327df81d94@group-C7908E81CC6B, cid=330, SUCCESS, logIndex=482, commits[3f4de2de-7d09-498f-aead-42327df81d94:c485]
2019-08-05 04:37:41,510 INFO  client.GrpcClientProtocolClient (GrpcClientProtocolClient.java:onNext(255)) - client-C12DAE7A5037->3f4de2de-7d09-498f-aead-42327df81d94: receive RaftClientReply:client-C12DAE7A5037->3f4de2de-7d09-498f-aead-42327df81d94@group-C7908E81CC6B, cid=331, SUCCESS, logIndex=483, commits[3f4de2de-7d09-498f-aead-42327df81d94:c486]
2019-08-05 04:37:41,511 INFO  client.GrpcClientProtocolClient (GrpcClientProtocolClient.java:onNext(255)) - client-C12DAE7A5037->3f4de2de-7d09-498f-aead-42327df81d94: receive RaftClientReply:client-C12DAE7A5037->3f4de2de-7d09-498f-aead-42327df81d94@group-C7908E81CC6B, cid=332, SUCCESS, logIndex=484, commits[3f4de2de-7d09-498f-aead-42327df81d94:c486]
2019-08-05 04:37:41,531 INFO  client.GrpcClientProtocolClient (GrpcClientProtocolClient.java:onNext(255)) - client-C12DAE7A5037->3f4de2de-7d09-498f-aead-42327df81d94: receive RaftClientReply:client-C12DAE7A5037->3f4de2de-7d09-498f-aead-42327df81d94@group-C7908E81CC6B, cid=333, SUCCESS, logIndex=487, commits[3f4de2de-7d09-498f-aead-42327df81d94:c488]
2019-08-05 04:37:41,531 INFO  client.GrpcClientProtocolClient (GrpcClientProtocolClient.java:onNext(255)) - client-C12DAE7A5037->3f4de2de-7d09-498f-aead-42327df81d94: receive RaftClientReply:client-C12DAE7A5037->3f4de2de-7d09-498f-aead-42327df81d94@group-C7908E81CC6B, cid=334, SUCCESS, logIndex=488, commits[3f4de2de-7d09-498f-aead-42327df81d94:c490]
2019-08-05 04:37:41,532 INFO  client.GrpcClientProtocolClient (GrpcClientProtocolClient.java:onNext(255)) - client-C12DAE7A5037->3f4de2de-7d09-498f-aead-42327df81d94: receive RaftClientReply:client-C12DAE7A5037->3f4de2de-7d09-498f-aead-42327df81d94@group-C7908E81CC6B, cid=335, SUCCESS, logIndex=489, commits[3f4de2de-7d09-498f-aead-42327df81d94:c491]
2019-08-05 04:37:41,532 INFO  client.GrpcClientProtocolClient (GrpcClientProtocolClient.java:onNext(255)) - client-C12DAE7A5037->3f4de2de-7d09-498f-aead-42327df81d94: receive RaftClientReply:client-C12DAE7A5037->3f4de2de-7d09-498f-aead-42327df81d94@group-C7908E81CC6B, cid=336, SUCCESS, logIndex=490, commits[3f4de2de-7d09-498f-aead-42327df81d94:c492]
2019-08-05 04:37:41,561 INFO  client.GrpcClientProtocolClient (GrpcClientProtocolClient.java:onNext(255)) - client-C12DAE7A5037->3f4de2de-7d09-498f-aead-42327df81d94: receive RaftClientReply:client-C12DAE7A5037->3f4de2de-7d09-498f-aead-42327df81d94@group-C7908E81CC6B, cid=337, SUCCESS, logIndex=493, commits[3f4de2de-7d09-498f-aead-42327df81d94:c496]
2019-08-05 04:37:41,562 INFO  client.GrpcClientProtocolClient (GrpcClientProtocolClient.java:onNext(255)) - client-C12DAE7A5037->3f4de2de-7d09-498f-aead-42327df81d94: receive RaftClientReply:client-C12DAE7A5037->3f4de2de-7d09-498f-aead-42327df81d94@group-C7908E81CC6B, cid=338, SUCCESS, logIndex=494, commits[3f4de2de-7d09-498f-aead-42327df81d94:c497]
2019-08-05 04:37:41,562 INFO  client.GrpcClientProtocolClient (GrpcClientProtocolClient.java:onNext(255)) - client-C12DAE7A5037->3f4de2de-7d09-498f-aead-42327df81d94: receive RaftClientReply:client-C12DAE7A5037->3f4de2de-7d09-498f-aead-42327df81d94@group-C7908E81CC6B, cid=339, SUCCESS, logIndex=495, commits[3f4de2de-7d09-498f-aead-42327df81d94:c498]
2019-08-05 04:37:41,563 INFO  client.GrpcClientProtocolClient (GrpcClientProtocolClient.java:onNext(255)) - client-C12DAE7A5037->3f4de2de-7d09-498f-aead-42327df81d94: receive RaftClientReply:client-C12DAE7A5037->3f4de2de-7d09-498f-aead-42327df81d94@group-C7908E81CC6B, cid=340, SUCCESS, logIndex=496, commits[3f4de2de-7d09-498f-aead-42327df81d94:c498]
2019-08-05 04:37:41,579 DEBUG block.SCMBlockDeletingService (SCMBlockDeletingService.java:call(138)) - Running DeletedBlockTransactionScanner
2019-08-05 04:37:41,579 DEBUG block.SCMBlockDeletingService (SCMBlockDeletingService.java:call(155)) - Scanned deleted blocks log and got 0 delTX to process.
2019-08-05 04:37:41,587 INFO  client.GrpcClientProtocolClient (GrpcClientProtocolClient.java:onNext(255)) - client-C12DAE7A5037->3f4de2de-7d09-498f-aead-42327df81d94: receive RaftClientReply:client-C12DAE7A5037->3f4de2de-7d09-498f-aead-42327df81d94@group-C7908E81CC6B, cid=341, SUCCESS, logIndex=499, commits[3f4de2de-7d09-498f-aead-42327df81d94:c500]
2019-08-05 04:37:41,587 INFO  client.GrpcClientProtocolClient (GrpcClientProtocolClient.java:onNext(255)) - client-C12DAE7A5037->3f4de2de-7d09-498f-aead-42327df81d94: receive RaftClientReply:client-C12DAE7A5037->3f4de2de-7d09-498f-aead-42327df81d94@group-C7908E81CC6B, cid=342, SUCCESS, logIndex=500, commits[3f4de2de-7d09-498f-aead-42327df81d94:c502]
2019-08-05 04:37:41,588 INFO  client.GrpcClientProtocolClient (GrpcClientProtocolClient.java:onNext(255)) - client-C12DAE7A5037->3f4de2de-7d09-498f-aead-42327df81d94: receive RaftClientReply:client-C12DAE7A5037->3f4de2de-7d09-498f-aead-42327df81d94@group-C7908E81CC6B, cid=343, SUCCESS, logIndex=501, commits[3f4de2de-7d09-498f-aead-42327df81d94:c503]
2019-08-05 04:37:41,588 INFO  client.GrpcClientProtocolClient (GrpcClientProtocolClient.java:onNext(255)) - client-C12DAE7A5037->3f4de2de-7d09-498f-aead-42327df81d94: receive RaftClientReply:client-C12DAE7A5037->3f4de2de-7d09-498f-aead-42327df81d94@group-C7908E81CC6B, cid=344, SUCCESS, logIndex=502, commits[3f4de2de-7d09-498f-aead-42327df81d94:c504]
2019-08-05 04:37:41,616 INFO  client.GrpcClientProtocolClient (GrpcClientProtocolClient.java:onNext(255)) - client-C12DAE7A5037->3f4de2de-7d09-498f-aead-42327df81d94: receive RaftClientReply:client-C12DAE7A5037->3f4de2de-7d09-498f-aead-42327df81d94@group-C7908E81CC6B, cid=345, SUCCESS, logIndex=505, commits[3f4de2de-7d09-498f-aead-42327df81d94:c506]
2019-08-05 04:37:41,617 INFO  client.GrpcClientProtocolClient (GrpcClientProtocolClient.java:onNext(255)) - client-C12DAE7A5037->3f4de2de-7d09-498f-aead-42327df81d94: receive RaftClientReply:client-C12DAE7A5037->3f4de2de-7d09-498f-aead-42327df81d94@group-C7908E81CC6B, cid=346, SUCCESS, logIndex=506, commits[3f4de2de-7d09-498f-aead-42327df81d94:c509]
2019-08-05 04:37:41,617 INFO  client.GrpcClientProtocolClient (GrpcClientProtocolClient.java:onNext(255)) - client-C12DAE7A5037->3f4de2de-7d09-498f-aead-42327df81d94: receive RaftClientReply:client-C12DAE7A5037->3f4de2de-7d09-498f-aead-42327df81d94@group-C7908E81CC6B, cid=347, SUCCESS, logIndex=507, commits[3f4de2de-7d09-498f-aead-42327df81d94:c510]
2019-08-05 04:37:41,618 INFO  client.GrpcClientProtocolClient (GrpcClientProtocolClient.java:onNext(255)) - client-C12DAE7A5037->3f4de2de-7d09-498f-aead-42327df81d94: receive RaftClientReply:client-C12DAE7A5037->3f4de2de-7d09-498f-aead-42327df81d94@group-C7908E81CC6B, cid=348, SUCCESS, logIndex=508, commits[3f4de2de-7d09-498f-aead-42327df81d94:c510]
2019-08-05 04:37:41,639 INFO  client.GrpcClientProtocolClient (GrpcClientProtocolClient.java:onNext(255)) - client-C12DAE7A5037->3f4de2de-7d09-498f-aead-42327df81d94: receive RaftClientReply:client-C12DAE7A5037->3f4de2de-7d09-498f-aead-42327df81d94@group-C7908E81CC6B, cid=349, SUCCESS, logIndex=511, commits[3f4de2de-7d09-498f-aead-42327df81d94:c512]
2019-08-05 04:37:41,639 INFO  client.GrpcClientProtocolClient (GrpcClientProtocolClient.java:onNext(255)) - client-C12DAE7A5037->3f4de2de-7d09-498f-aead-42327df81d94: receive RaftClientReply:client-C12DAE7A5037->3f4de2de-7d09-498f-aead-42327df81d94@group-C7908E81CC6B, cid=350, SUCCESS, logIndex=512, commits[3f4de2de-7d09-498f-aead-42327df81d94:c515]
2019-08-05 04:37:41,640 INFO  client.GrpcClientProtocolClient (GrpcClientProtocolClient.java:onNext(255)) - client-C12DAE7A5037->3f4de2de-7d09-498f-aead-42327df81d94: receive RaftClientReply:client-C12DAE7A5037->3f4de2de-7d09-498f-aead-42327df81d94@group-C7908E81CC6B, cid=351, SUCCESS, logIndex=513, commits[3f4de2de-7d09-498f-aead-42327df81d94:c516]
2019-08-05 04:37:41,640 INFO  client.GrpcClientProtocolClient (GrpcClientProtocolClient.java:onNext(255)) - client-C12DAE7A5037->3f4de2de-7d09-498f-aead-42327df81d94: receive RaftClientReply:client-C12DAE7A5037->3f4de2de-7d09-498f-aead-42327df81d94@group-C7908E81CC6B, cid=352, SUCCESS, logIndex=514, commits[3f4de2de-7d09-498f-aead-42327df81d94:c516]
2019-08-05 04:37:41,679 DEBUG block.SCMBlockDeletingService (SCMBlockDeletingService.java:call(138)) - Running DeletedBlockTransactionScanner
2019-08-05 04:37:41,683 DEBUG block.SCMBlockDeletingService (SCMBlockDeletingService.java:call(155)) - Scanned deleted blocks log and got 0 delTX to process.
2019-08-05 04:37:41,783 INFO  client.GrpcClientProtocolClient (GrpcClientProtocolClient.java:onNext(255)) - client-C12DAE7A5037->3f4de2de-7d09-498f-aead-42327df81d94: receive RaftClientReply:client-C12DAE7A5037->3f4de2de-7d09-498f-aead-42327df81d94@group-C7908E81CC6B, cid=353, SUCCESS, logIndex=517, commits[3f4de2de-7d09-498f-aead-42327df81d94:c518]
2019-08-05 04:37:41,783 DEBUG block.SCMBlockDeletingService (SCMBlockDeletingService.java:call(138)) - Running DeletedBlockTransactionScanner
2019-08-05 04:37:41,784 DEBUG block.SCMBlockDeletingService (SCMBlockDeletingService.java:call(155)) - Scanned deleted blocks log and got 0 delTX to process.
2019-08-05 04:37:41,784 INFO  client.GrpcClientProtocolClient (GrpcClientProtocolClient.java:onNext(255)) - client-C12DAE7A5037->3f4de2de-7d09-498f-aead-42327df81d94: receive RaftClientReply:client-C12DAE7A5037->3f4de2de-7d09-498f-aead-42327df81d94@group-C7908E81CC6B, cid=354, SUCCESS, logIndex=518, commits[3f4de2de-7d09-498f-aead-42327df81d94:c521]
2019-08-05 04:37:41,784 INFO  client.GrpcClientProtocolClient (GrpcClientProtocolClient.java:onNext(255)) - client-C12DAE7A5037->3f4de2de-7d09-498f-aead-42327df81d94: receive RaftClientReply:client-C12DAE7A5037->3f4de2de-7d09-498f-aead-42327df81d94@group-C7908E81CC6B, cid=355, SUCCESS, logIndex=519, commits[3f4de2de-7d09-498f-aead-42327df81d94:c521]
2019-08-05 04:37:41,785 INFO  client.GrpcClientProtocolClient (GrpcClientProtocolClient.java:onNext(255)) - client-C12DAE7A5037->3f4de2de-7d09-498f-aead-42327df81d94: receive RaftClientReply:client-C12DAE7A5037->3f4de2de-7d09-498f-aead-42327df81d94@group-C7908E81CC6B, cid=356, SUCCESS, logIndex=520, commits[3f4de2de-7d09-498f-aead-42327df81d94:c522]
2019-08-05 04:37:41,806 INFO  client.GrpcClientProtocolClient (GrpcClientProtocolClient.java:onNext(255)) - client-C12DAE7A5037->3f4de2de-7d09-498f-aead-42327df81d94: receive RaftClientReply:client-C12DAE7A5037->3f4de2de-7d09-498f-aead-42327df81d94@group-C7908E81CC6B, cid=357, SUCCESS, logIndex=523, commits[3f4de2de-7d09-498f-aead-42327df81d94:c524]
2019-08-05 04:37:41,807 INFO  client.GrpcClientProtocolClient (GrpcClientProtocolClient.java:onNext(255)) - client-C12DAE7A5037->3f4de2de-7d09-498f-aead-42327df81d94: receive RaftClientReply:client-C12DAE7A5037->3f4de2de-7d09-498f-aead-42327df81d94@group-C7908E81CC6B, cid=358, SUCCESS, logIndex=524, commits[3f4de2de-7d09-498f-aead-42327df81d94:c527]
2019-08-05 04:37:41,808 INFO  client.GrpcClientProtocolClient (GrpcClientProtocolClient.java:onNext(255)) - client-C12DAE7A5037->3f4de2de-7d09-498f-aead-42327df81d94: receive RaftClientReply:client-C12DAE7A5037->3f4de2de-7d09-498f-aead-42327df81d94@group-C7908E81CC6B, cid=359, SUCCESS, logIndex=525, commits[3f4de2de-7d09-498f-aead-42327df81d94:c527]
2019-08-05 04:37:41,809 INFO  client.GrpcClientProtocolClient (GrpcClientProtocolClient.java:onNext(255)) - client-C12DAE7A5037->3f4de2de-7d09-498f-aead-42327df81d94: receive RaftClientReply:client-C12DAE7A5037->3f4de2de-7d09-498f-aead-42327df81d94@group-C7908E81CC6B, cid=360, SUCCESS, logIndex=526, commits[3f4de2de-7d09-498f-aead-42327df81d94:c528]
2019-08-05 04:37:41,837 INFO  client.GrpcClientProtocolClient (GrpcClientProtocolClient.java:onNext(255)) - client-C12DAE7A5037->3f4de2de-7d09-498f-aead-42327df81d94: receive RaftClientReply:client-C12DAE7A5037->3f4de2de-7d09-498f-aead-42327df81d94@group-C7908E81CC6B, cid=361, SUCCESS, logIndex=529, commits[3f4de2de-7d09-498f-aead-42327df81d94:c530]
2019-08-05 04:37:41,838 INFO  client.GrpcClientProtocolClient (GrpcClientProtocolClient.java:onNext(255)) - client-C12DAE7A5037->3f4de2de-7d09-498f-aead-42327df81d94: receive RaftClientReply:client-C12DAE7A5037->3f4de2de-7d09-498f-aead-42327df81d94@group-C7908E81CC6B, cid=362, SUCCESS, logIndex=530, commits[3f4de2de-7d09-498f-aead-42327df81d94:c533]
2019-08-05 04:37:41,839 INFO  client.GrpcClientProtocolClient (GrpcClientProtocolClient.java:onNext(255)) - client-C12DAE7A5037->3f4de2de-7d09-498f-aead-42327df81d94: receive RaftClientReply:client-C12DAE7A5037->3f4de2de-7d09-498f-aead-42327df81d94@group-C7908E81CC6B, cid=363, SUCCESS, logIndex=531, commits[3f4de2de-7d09-498f-aead-42327df81d94:c534]
2019-08-05 04:37:41,840 INFO  client.GrpcClientProtocolClient (GrpcClientProtocolClient.java:onNext(255)) - client-C12DAE7A5037->3f4de2de-7d09-498f-aead-42327df81d94: receive RaftClientReply:client-C12DAE7A5037->3f4de2de-7d09-498f-aead-42327df81d94@group-C7908E81CC6B, cid=364, SUCCESS, logIndex=532, commits[3f4de2de-7d09-498f-aead-42327df81d94:c534]
2019-08-05 04:37:41,861 INFO  client.GrpcClientProtocolClient (GrpcClientProtocolClient.java:onNext(255)) - client-C12DAE7A5037->3f4de2de-7d09-498f-aead-42327df81d94: receive RaftClientReply:client-C12DAE7A5037->3f4de2de-7d09-498f-aead-42327df81d94@group-C7908E81CC6B, cid=365, SUCCESS, logIndex=535, commits[3f4de2de-7d09-498f-aead-42327df81d94:c536]
2019-08-05 04:37:41,863 INFO  client.GrpcClientProtocolClient (GrpcClientProtocolClient.java:onNext(255)) - client-C12DAE7A5037->3f4de2de-7d09-498f-aead-42327df81d94: receive RaftClientReply:client-C12DAE7A5037->3f4de2de-7d09-498f-aead-42327df81d94@group-C7908E81CC6B, cid=366, SUCCESS, logIndex=536, commits[3f4de2de-7d09-498f-aead-42327df81d94:c536]
2019-08-05 04:37:41,863 INFO  client.GrpcClientProtocolClient (GrpcClientProtocolClient.java:onNext(255)) - client-C12DAE7A5037->3f4de2de-7d09-498f-aead-42327df81d94: receive RaftClientReply:client-C12DAE7A5037->3f4de2de-7d09-498f-aead-42327df81d94@group-C7908E81CC6B, cid=367, SUCCESS, logIndex=537, commits[3f4de2de-7d09-498f-aead-42327df81d94:c539]
2019-08-05 04:37:41,864 INFO  client.GrpcClientProtocolClient (GrpcClientProtocolClient.java:onNext(255)) - client-C12DAE7A5037->3f4de2de-7d09-498f-aead-42327df81d94: receive RaftClientReply:client-C12DAE7A5037->3f4de2de-7d09-498f-aead-42327df81d94@group-C7908E81CC6B, cid=368, SUCCESS, logIndex=538, commits[3f4de2de-7d09-498f-aead-42327df81d94:c540]
2019-08-05 04:37:41,884 DEBUG block.SCMBlockDeletingService (SCMBlockDeletingService.java:call(138)) - Running DeletedBlockTransactionScanner
2019-08-05 04:37:41,884 DEBUG block.SCMBlockDeletingService (SCMBlockDeletingService.java:call(155)) - Scanned deleted blocks log and got 0 delTX to process.
2019-08-05 04:37:41,893 INFO  client.GrpcClientProtocolClient (GrpcClientProtocolClient.java:onNext(255)) - client-C12DAE7A5037->3f4de2de-7d09-498f-aead-42327df81d94: receive RaftClientReply:client-C12DAE7A5037->3f4de2de-7d09-498f-aead-42327df81d94@group-C7908E81CC6B, cid=369, SUCCESS, logIndex=541, commits[3f4de2de-7d09-498f-aead-42327df81d94:c542]
2019-08-05 04:37:41,894 INFO  client.GrpcClientProtocolClient (GrpcClientProtocolClient.java:onNext(255)) - client-C12DAE7A5037->3f4de2de-7d09-498f-aead-42327df81d94: receive RaftClientReply:client-C12DAE7A5037->3f4de2de-7d09-498f-aead-42327df81d94@group-C7908E81CC6B, cid=370, SUCCESS, logIndex=542, commits[3f4de2de-7d09-498f-aead-42327df81d94:c545]
2019-08-05 04:37:41,894 INFO  client.GrpcClientProtocolClient (GrpcClientProtocolClient.java:onNext(255)) - client-C12DAE7A5037->3f4de2de-7d09-498f-aead-42327df81d94: receive RaftClientReply:client-C12DAE7A5037->3f4de2de-7d09-498f-aead-42327df81d94@group-C7908E81CC6B, cid=371, SUCCESS, logIndex=543, commits[3f4de2de-7d09-498f-aead-42327df81d94:c546]
2019-08-05 04:37:41,895 INFO  client.GrpcClientProtocolClient (GrpcClientProtocolClient.java:onNext(255)) - client-C12DAE7A5037->3f4de2de-7d09-498f-aead-42327df81d94: receive RaftClientReply:client-C12DAE7A5037->3f4de2de-7d09-498f-aead-42327df81d94@group-C7908E81CC6B, cid=372, SUCCESS, logIndex=544, commits[3f4de2de-7d09-498f-aead-42327df81d94:c546]
2019-08-05 04:37:42,005 DEBUG block.SCMBlockDeletingService (SCMBlockDeletingService.java:call(138)) - Running DeletedBlockTransactionScanner
2019-08-05 04:37:42,006 DEBUG block.SCMBlockDeletingService (SCMBlockDeletingService.java:call(155)) - Scanned deleted blocks log and got 0 delTX to process.
2019-08-05 04:37:42,019 INFO  client.GrpcClientProtocolClient (GrpcClientProtocolClient.java:onNext(255)) - client-C12DAE7A5037->3f4de2de-7d09-498f-aead-42327df81d94: receive RaftClientReply:client-C12DAE7A5037->3f4de2de-7d09-498f-aead-42327df81d94@group-C7908E81CC6B, cid=373, SUCCESS, logIndex=547, commits[3f4de2de-7d09-498f-aead-42327df81d94:c548]
2019-08-05 04:37:42,019 INFO  client.GrpcClientProtocolClient (GrpcClientProtocolClient.java:onNext(255)) - client-C12DAE7A5037->3f4de2de-7d09-498f-aead-42327df81d94: receive RaftClientReply:client-C12DAE7A5037->3f4de2de-7d09-498f-aead-42327df81d94@group-C7908E81CC6B, cid=374, SUCCESS, logIndex=548, commits[3f4de2de-7d09-498f-aead-42327df81d94:c550]
2019-08-05 04:37:42,020 INFO  client.GrpcClientProtocolClient (GrpcClientProtocolClient.java:onNext(255)) - client-C12DAE7A5037->3f4de2de-7d09-498f-aead-42327df81d94: receive RaftClientReply:client-C12DAE7A5037->3f4de2de-7d09-498f-aead-42327df81d94@group-C7908E81CC6B, cid=375, SUCCESS, logIndex=549, commits[3f4de2de-7d09-498f-aead-42327df81d94:c551]
2019-08-05 04:37:42,020 INFO  client.GrpcClientProtocolClient (GrpcClientProtocolClient.java:onNext(255)) - client-C12DAE7A5037->3f4de2de-7d09-498f-aead-42327df81d94: receive RaftClientReply:client-C12DAE7A5037->3f4de2de-7d09-498f-aead-42327df81d94@group-C7908E81CC6B, cid=376, SUCCESS, logIndex=550, commits[3f4de2de-7d09-498f-aead-42327df81d94:c552]
2019-08-05 04:37:42,051 INFO  client.GrpcClientProtocolClient (GrpcClientProtocolClient.java:onNext(255)) - client-C12DAE7A5037->3f4de2de-7d09-498f-aead-42327df81d94: receive RaftClientReply:client-C12DAE7A5037->3f4de2de-7d09-498f-aead-42327df81d94@group-C7908E81CC6B, cid=377, SUCCESS, logIndex=553, commits[3f4de2de-7d09-498f-aead-42327df81d94:c554]
2019-08-05 04:37:42,051 INFO  client.GrpcClientProtocolClient (GrpcClientProtocolClient.java:onNext(255)) - client-C12DAE7A5037->3f4de2de-7d09-498f-aead-42327df81d94: receive RaftClientReply:client-C12DAE7A5037->3f4de2de-7d09-498f-aead-42327df81d94@group-C7908E81CC6B, cid=378, SUCCESS, logIndex=554, commits[3f4de2de-7d09-498f-aead-42327df81d94:c557]
2019-08-05 04:37:42,052 INFO  client.GrpcClientProtocolClient (GrpcClientProtocolClient.java:onNext(255)) - client-C12DAE7A5037->3f4de2de-7d09-498f-aead-42327df81d94: receive RaftClientReply:client-C12DAE7A5037->3f4de2de-7d09-498f-aead-42327df81d94@group-C7908E81CC6B, cid=379, SUCCESS, logIndex=555, commits[3f4de2de-7d09-498f-aead-42327df81d94:c558]
2019-08-05 04:37:42,052 INFO  client.GrpcClientProtocolClient (GrpcClientProtocolClient.java:onNext(255)) - client-C12DAE7A5037->3f4de2de-7d09-498f-aead-42327df81d94: receive RaftClientReply:client-C12DAE7A5037->3f4de2de-7d09-498f-aead-42327df81d94@group-C7908E81CC6B, cid=380, SUCCESS, logIndex=556, commits[3f4de2de-7d09-498f-aead-42327df81d94:c558]
2019-08-05 04:37:42,075 INFO  client.GrpcClientProtocolClient (GrpcClientProtocolClient.java:onNext(255)) - client-C12DAE7A5037->3f4de2de-7d09-498f-aead-42327df81d94: receive RaftClientReply:client-C12DAE7A5037->3f4de2de-7d09-498f-aead-42327df81d94@group-C7908E81CC6B, cid=381, SUCCESS, logIndex=559, commits[3f4de2de-7d09-498f-aead-42327df81d94:c560]
2019-08-05 04:37:42,076 INFO  client.GrpcClientProtocolClient (GrpcClientProtocolClient.java:onNext(255)) - client-C12DAE7A5037->3f4de2de-7d09-498f-aead-42327df81d94: receive RaftClientReply:client-C12DAE7A5037->3f4de2de-7d09-498f-aead-42327df81d94@group-C7908E81CC6B, cid=382, SUCCESS, logIndex=560, commits[3f4de2de-7d09-498f-aead-42327df81d94:c563]
2019-08-05 04:37:42,076 INFO  client.GrpcClientProtocolClient (GrpcClientProtocolClient.java:onNext(255)) - client-C12DAE7A5037->3f4de2de-7d09-498f-aead-42327df81d94: receive RaftClientReply:client-C12DAE7A5037->3f4de2de-7d09-498f-aead-42327df81d94@group-C7908E81CC6B, cid=383, SUCCESS, logIndex=561, commits[3f4de2de-7d09-498f-aead-42327df81d94:c564]
2019-08-05 04:37:42,077 INFO  client.GrpcClientProtocolClient (GrpcClientProtocolClient.java:onNext(255)) - client-C12DAE7A5037->3f4de2de-7d09-498f-aead-42327df81d94: receive RaftClientReply:client-C12DAE7A5037->3f4de2de-7d09-498f-aead-42327df81d94@group-C7908E81CC6B, cid=384, SUCCESS, logIndex=562, commits[3f4de2de-7d09-498f-aead-42327df81d94:c564]
2019-08-05 04:37:42,100 INFO  client.GrpcClientProtocolClient (GrpcClientProtocolClient.java:onNext(255)) - client-C12DAE7A5037->3f4de2de-7d09-498f-aead-42327df81d94: receive RaftClientReply:client-C12DAE7A5037->3f4de2de-7d09-498f-aead-42327df81d94@group-C7908E81CC6B, cid=385, SUCCESS, logIndex=565, commits[3f4de2de-7d09-498f-aead-42327df81d94:c566]
2019-08-05 04:37:42,101 INFO  client.GrpcClientProtocolClient (GrpcClientProtocolClient.java:onNext(255)) - client-C12DAE7A5037->3f4de2de-7d09-498f-aead-42327df81d94: receive RaftClientReply:client-C12DAE7A5037->3f4de2de-7d09-498f-aead-42327df81d94@group-C7908E81CC6B, cid=386, SUCCESS, logIndex=566, commits[3f4de2de-7d09-498f-aead-42327df81d94:c569]
2019-08-05 04:37:42,102 INFO  client.GrpcClientProtocolClient (GrpcClientProtocolClient.java:onNext(255)) - client-C12DAE7A5037->3f4de2de-7d09-498f-aead-42327df81d94: receive RaftClientReply:client-C12DAE7A5037->3f4de2de-7d09-498f-aead-42327df81d94@group-C7908E81CC6B, cid=387, SUCCESS, logIndex=567, commits[3f4de2de-7d09-498f-aead-42327df81d94:c570]
2019-08-05 04:37:42,102 INFO  client.GrpcClientProtocolClient (GrpcClientProtocolClient.java:onNext(255)) - client-C12DAE7A5037->3f4de2de-7d09-498f-aead-42327df81d94: receive RaftClientReply:client-C12DAE7A5037->3f4de2de-7d09-498f-aead-42327df81d94@group-C7908E81CC6B, cid=388, SUCCESS, logIndex=568, commits[3f4de2de-7d09-498f-aead-42327df81d94:c570]
2019-08-05 04:37:42,106 DEBUG block.SCMBlockDeletingService (SCMBlockDeletingService.java:call(138)) - Running DeletedBlockTransactionScanner
2019-08-05 04:37:42,106 DEBUG block.SCMBlockDeletingService (SCMBlockDeletingService.java:call(155)) - Scanned deleted blocks log and got 0 delTX to process.
2019-08-05 04:37:42,124 INFO  client.GrpcClientProtocolClient (GrpcClientProtocolClient.java:onNext(255)) - client-C12DAE7A5037->3f4de2de-7d09-498f-aead-42327df81d94: receive RaftClientReply:client-C12DAE7A5037->3f4de2de-7d09-498f-aead-42327df81d94@group-C7908E81CC6B, cid=389, SUCCESS, logIndex=571, commits[3f4de2de-7d09-498f-aead-42327df81d94:c572]
2019-08-05 04:37:42,124 INFO  client.GrpcClientProtocolClient (GrpcClientProtocolClient.java:onNext(255)) - client-C12DAE7A5037->3f4de2de-7d09-498f-aead-42327df81d94: receive RaftClientReply:client-C12DAE7A5037->3f4de2de-7d09-498f-aead-42327df81d94@group-C7908E81CC6B, cid=390, SUCCESS, logIndex=572, commits[3f4de2de-7d09-498f-aead-42327df81d94:c574]
2019-08-05 04:37:42,125 INFO  client.GrpcClientProtocolClient (GrpcClientProtocolClient.java:onNext(255)) - client-C12DAE7A5037->3f4de2de-7d09-498f-aead-42327df81d94: receive RaftClientReply:client-C12DAE7A5037->3f4de2de-7d09-498f-aead-42327df81d94@group-C7908E81CC6B, cid=391, SUCCESS, logIndex=573, commits[3f4de2de-7d09-498f-aead-42327df81d94:c575]
2019-08-05 04:37:42,126 INFO  client.GrpcClientProtocolClient (GrpcClientProtocolClient.java:onNext(255)) - client-C12DAE7A5037->3f4de2de-7d09-498f-aead-42327df81d94: receive RaftClientReply:client-C12DAE7A5037->3f4de2de-7d09-498f-aead-42327df81d94@group-C7908E81CC6B, cid=392, SUCCESS, logIndex=574, commits[3f4de2de-7d09-498f-aead-42327df81d94:c576]
2019-08-05 04:37:42,153 INFO  client.GrpcClientProtocolClient (GrpcClientProtocolClient.java:onNext(255)) - client-C12DAE7A5037->3f4de2de-7d09-498f-aead-42327df81d94: receive RaftClientReply:client-C12DAE7A5037->3f4de2de-7d09-498f-aead-42327df81d94@group-C7908E81CC6B, cid=393, SUCCESS, logIndex=577, commits[3f4de2de-7d09-498f-aead-42327df81d94:c578]
2019-08-05 04:37:42,154 INFO  client.GrpcClientProtocolClient (GrpcClientProtocolClient.java:onNext(255)) - client-C12DAE7A5037->3f4de2de-7d09-498f-aead-42327df81d94: receive RaftClientReply:client-C12DAE7A5037->3f4de2de-7d09-498f-aead-42327df81d94@group-C7908E81CC6B, cid=394, SUCCESS, logIndex=578, commits[3f4de2de-7d09-498f-aead-42327df81d94:c580]
2019-08-05 04:37:42,154 INFO  client.GrpcClientProtocolClient (GrpcClientProtocolClient.java:onNext(255)) - client-C12DAE7A5037->3f4de2de-7d09-498f-aead-42327df81d94: receive RaftClientReply:client-C12DAE7A5037->3f4de2de-7d09-498f-aead-42327df81d94@group-C7908E81CC6B, cid=395, SUCCESS, logIndex=579, commits[3f4de2de-7d09-498f-aead-42327df81d94:c581]
2019-08-05 04:37:42,155 INFO  client.GrpcClientProtocolClient (GrpcClientProtocolClient.java:onNext(255)) - client-C12DAE7A5037->3f4de2de-7d09-498f-aead-42327df81d94: receive RaftClientReply:client-C12DAE7A5037->3f4de2de-7d09-498f-aead-42327df81d94@group-C7908E81CC6B, cid=396, SUCCESS, logIndex=580, commits[3f4de2de-7d09-498f-aead-42327df81d94:c582]
2019-08-05 04:37:42,207 DEBUG block.SCMBlockDeletingService (SCMBlockDeletingService.java:call(138)) - Running DeletedBlockTransactionScanner
2019-08-05 04:37:42,207 DEBUG block.SCMBlockDeletingService (SCMBlockDeletingService.java:call(155)) - Scanned deleted blocks log and got 0 delTX to process.
2019-08-05 04:37:42,272 INFO  client.GrpcClientProtocolClient (GrpcClientProtocolClient.java:onNext(255)) - client-C12DAE7A5037->3f4de2de-7d09-498f-aead-42327df81d94: receive RaftClientReply:client-C12DAE7A5037->3f4de2de-7d09-498f-aead-42327df81d94@group-C7908E81CC6B, cid=397, SUCCESS, logIndex=583, commits[3f4de2de-7d09-498f-aead-42327df81d94:c586]
2019-08-05 04:37:42,273 INFO  client.GrpcClientProtocolClient (GrpcClientProtocolClient.java:onNext(255)) - client-C12DAE7A5037->3f4de2de-7d09-498f-aead-42327df81d94: receive RaftClientReply:client-C12DAE7A5037->3f4de2de-7d09-498f-aead-42327df81d94@group-C7908E81CC6B, cid=398, SUCCESS, logIndex=584, commits[3f4de2de-7d09-498f-aead-42327df81d94:c587]
2019-08-05 04:37:42,274 INFO  client.GrpcClientProtocolClient (GrpcClientProtocolClient.java:onNext(255)) - client-C12DAE7A5037->3f4de2de-7d09-498f-aead-42327df81d94: receive RaftClientReply:client-C12DAE7A5037->3f4de2de-7d09-498f-aead-42327df81d94@group-C7908E81CC6B, cid=399, SUCCESS, logIndex=585, commits[3f4de2de-7d09-498f-aead-42327df81d94:c588]
2019-08-05 04:37:42,274 INFO  client.GrpcClientProtocolClient (GrpcClientProtocolClient.java:onNext(255)) - client-C12DAE7A5037->3f4de2de-7d09-498f-aead-42327df81d94: receive RaftClientReply:client-C12DAE7A5037->3f4de2de-7d09-498f-aead-42327df81d94@group-C7908E81CC6B, cid=400, SUCCESS, logIndex=586, commits[3f4de2de-7d09-498f-aead-42327df81d94:c588]
2019-08-05 04:37:42,301 INFO  client.GrpcClientProtocolClient (GrpcClientProtocolClient.java:onNext(255)) - client-C12DAE7A5037->3f4de2de-7d09-498f-aead-42327df81d94: receive RaftClientReply:client-C12DAE7A5037->3f4de2de-7d09-498f-aead-42327df81d94@group-C7908E81CC6B, cid=401, SUCCESS, logIndex=589, commits[3f4de2de-7d09-498f-aead-42327df81d94:c590]
2019-08-05 04:37:42,302 INFO  client.GrpcClientProtocolClient (GrpcClientProtocolClient.java:onNext(255)) - client-C12DAE7A5037->3f4de2de-7d09-498f-aead-42327df81d94: receive RaftClientReply:client-C12DAE7A5037->3f4de2de-7d09-498f-aead-42327df81d94@group-C7908E81CC6B, cid=402, SUCCESS, logIndex=590, commits[3f4de2de-7d09-498f-aead-42327df81d94:c593]
2019-08-05 04:37:42,302 INFO  client.GrpcClientProtocolClient (GrpcClientProtocolClient.java:onNext(255)) - client-C12DAE7A5037->3f4de2de-7d09-498f-aead-42327df81d94: receive RaftClientReply:client-C12DAE7A5037->3f4de2de-7d09-498f-aead-42327df81d94@group-C7908E81CC6B, cid=403, SUCCESS, logIndex=591, commits[3f4de2de-7d09-498f-aead-42327df81d94:c594]
2019-08-05 04:37:42,303 INFO  client.GrpcClientProtocolClient (GrpcClientProtocolClient.java:onNext(255)) - client-C12DAE7A5037->3f4de2de-7d09-498f-aead-42327df81d94: receive RaftClientReply:client-C12DAE7A5037->3f4de2de-7d09-498f-aead-42327df81d94@group-C7908E81CC6B, cid=404, SUCCESS, logIndex=592, commits[3f4de2de-7d09-498f-aead-42327df81d94:c594]
2019-08-05 04:37:42,308 DEBUG block.SCMBlockDeletingService (SCMBlockDeletingService.java:call(138)) - Running DeletedBlockTransactionScanner
2019-08-05 04:37:42,308 DEBUG block.SCMBlockDeletingService (SCMBlockDeletingService.java:call(155)) - Scanned deleted blocks log and got 0 delTX to process.
2019-08-05 04:37:42,322 INFO  client.GrpcClientProtocolClient (GrpcClientProtocolClient.java:onNext(255)) - client-C12DAE7A5037->3f4de2de-7d09-498f-aead-42327df81d94: receive RaftClientReply:client-C12DAE7A5037->3f4de2de-7d09-498f-aead-42327df81d94@group-C7908E81CC6B, cid=405, SUCCESS, logIndex=595, commits[3f4de2de-7d09-498f-aead-42327df81d94:c596]
2019-08-05 04:37:42,323 INFO  client.GrpcClientProtocolClient (GrpcClientProtocolClient.java:onNext(255)) - client-C12DAE7A5037->3f4de2de-7d09-498f-aead-42327df81d94: receive RaftClientReply:client-C12DAE7A5037->3f4de2de-7d09-498f-aead-42327df81d94@group-C7908E81CC6B, cid=406, SUCCESS, logIndex=596, commits[3f4de2de-7d09-498f-aead-42327df81d94:c598]
2019-08-05 04:37:42,324 INFO  client.GrpcClientProtocolClient (GrpcClientProtocolClient.java:onNext(255)) - client-C12DAE7A5037->3f4de2de-7d09-498f-aead-42327df81d94: receive RaftClientReply:client-C12DAE7A5037->3f4de2de-7d09-498f-aead-42327df81d94@group-C7908E81CC6B, cid=407, SUCCESS, logIndex=597, commits[3f4de2de-7d09-498f-aead-42327df81d94:c599]
2019-08-05 04:37:42,324 INFO  client.GrpcClientProtocolClient (GrpcClientProtocolClient.java:onNext(255)) - client-C12DAE7A5037->3f4de2de-7d09-498f-aead-42327df81d94: receive RaftClientReply:client-C12DAE7A5037->3f4de2de-7d09-498f-aead-42327df81d94@group-C7908E81CC6B, cid=408, SUCCESS, logIndex=598, commits[3f4de2de-7d09-498f-aead-42327df81d94:c599]
2019-08-05 04:37:42,350 INFO  client.GrpcClientProtocolClient (GrpcClientProtocolClient.java:onNext(255)) - client-C12DAE7A5037->3f4de2de-7d09-498f-aead-42327df81d94: receive RaftClientReply:client-C12DAE7A5037->3f4de2de-7d09-498f-aead-42327df81d94@group-C7908E81CC6B, cid=409, SUCCESS, logIndex=601, commits[3f4de2de-7d09-498f-aead-42327df81d94:c602]
2019-08-05 04:37:42,351 INFO  client.GrpcClientProtocolClient (GrpcClientProtocolClient.java:onNext(255)) - client-C12DAE7A5037->3f4de2de-7d09-498f-aead-42327df81d94: receive RaftClientReply:client-C12DAE7A5037->3f4de2de-7d09-498f-aead-42327df81d94@group-C7908E81CC6B, cid=410, SUCCESS, logIndex=602, commits[3f4de2de-7d09-498f-aead-42327df81d94:c604]
2019-08-05 04:37:42,351 INFO  client.GrpcClientProtocolClient (GrpcClientProtocolClient.java:onNext(255)) - client-C12DAE7A5037->3f4de2de-7d09-498f-aead-42327df81d94: receive RaftClientReply:client-C12DAE7A5037->3f4de2de-7d09-498f-aead-42327df81d94@group-C7908E81CC6B, cid=411, SUCCESS, logIndex=603, commits[3f4de2de-7d09-498f-aead-42327df81d94:c605]
2019-08-05 04:37:42,352 INFO  client.GrpcClientProtocolClient (GrpcClientProtocolClient.java:onNext(255)) - client-C12DAE7A5037->3f4de2de-7d09-498f-aead-42327df81d94: receive RaftClientReply:client-C12DAE7A5037->3f4de2de-7d09-498f-aead-42327df81d94@group-C7908E81CC6B, cid=412, SUCCESS, logIndex=604, commits[3f4de2de-7d09-498f-aead-42327df81d94:c606]
2019-08-05 04:37:42,373 INFO  client.GrpcClientProtocolClient (GrpcClientProtocolClient.java:onNext(255)) - client-C12DAE7A5037->3f4de2de-7d09-498f-aead-42327df81d94: receive RaftClientReply:client-C12DAE7A5037->3f4de2de-7d09-498f-aead-42327df81d94@group-C7908E81CC6B, cid=413, SUCCESS, logIndex=607, commits[3f4de2de-7d09-498f-aead-42327df81d94:c610]
2019-08-05 04:37:42,374 INFO  client.GrpcClientProtocolClient (GrpcClientProtocolClient.java:onNext(255)) - client-C12DAE7A5037->3f4de2de-7d09-498f-aead-42327df81d94: receive RaftClientReply:client-C12DAE7A5037->3f4de2de-7d09-498f-aead-42327df81d94@group-C7908E81CC6B, cid=414, SUCCESS, logIndex=608, commits[3f4de2de-7d09-498f-aead-42327df81d94:c610]
2019-08-05 04:37:42,374 INFO  client.GrpcClientProtocolClient (GrpcClientProtocolClient.java:onNext(255)) - client-C12DAE7A5037->3f4de2de-7d09-498f-aead-42327df81d94: receive RaftClientReply:client-C12DAE7A5037->3f4de2de-7d09-498f-aead-42327df81d94@group-C7908E81CC6B, cid=415, SUCCESS, logIndex=609, commits[3f4de2de-7d09-498f-aead-42327df81d94:c610]
2019-08-05 04:37:42,375 INFO  client.GrpcClientProtocolClient (GrpcClientProtocolClient.java:onNext(255)) - client-C12DAE7A5037->3f4de2de-7d09-498f-aead-42327df81d94: receive RaftClientReply:client-C12DAE7A5037->3f4de2de-7d09-498f-aead-42327df81d94@group-C7908E81CC6B, cid=416, SUCCESS, logIndex=610, commits[3f4de2de-7d09-498f-aead-42327df81d94:c610]
2019-08-05 04:37:42,404 INFO  client.GrpcClientProtocolClient (GrpcClientProtocolClient.java:onNext(255)) - client-C12DAE7A5037->3f4de2de-7d09-498f-aead-42327df81d94: receive RaftClientReply:client-C12DAE7A5037->3f4de2de-7d09-498f-aead-42327df81d94@group-C7908E81CC6B, cid=417, SUCCESS, logIndex=612, commits[3f4de2de-7d09-498f-aead-42327df81d94:c613]
2019-08-05 04:37:42,405 INFO  client.GrpcClientProtocolClient (GrpcClientProtocolClient.java:onNext(255)) - client-C12DAE7A5037->3f4de2de-7d09-498f-aead-42327df81d94: receive RaftClientReply:client-C12DAE7A5037->3f4de2de-7d09-498f-aead-42327df81d94@group-C7908E81CC6B, cid=418, SUCCESS, logIndex=613, commits[3f4de2de-7d09-498f-aead-42327df81d94:c616]
2019-08-05 04:37:42,405 INFO  client.GrpcClientProtocolClient (GrpcClientProtocolClient.java:onNext(255)) - client-C12DAE7A5037->3f4de2de-7d09-498f-aead-42327df81d94: receive RaftClientReply:client-C12DAE7A5037->3f4de2de-7d09-498f-aead-42327df81d94@group-C7908E81CC6B, cid=419, SUCCESS, logIndex=614, commits[3f4de2de-7d09-498f-aead-42327df81d94:c616]
2019-08-05 04:37:42,406 INFO  client.GrpcClientProtocolClient (GrpcClientProtocolClient.java:onNext(255)) - client-C12DAE7A5037->3f4de2de-7d09-498f-aead-42327df81d94: receive RaftClientReply:client-C12DAE7A5037->3f4de2de-7d09-498f-aead-42327df81d94@group-C7908E81CC6B, cid=420, SUCCESS, logIndex=615, commits[3f4de2de-7d09-498f-aead-42327df81d94:c617]
2019-08-05 04:37:42,408 DEBUG block.SCMBlockDeletingService (SCMBlockDeletingService.java:call(138)) - Running DeletedBlockTransactionScanner
2019-08-05 04:37:42,409 DEBUG block.SCMBlockDeletingService (SCMBlockDeletingService.java:call(155)) - Scanned deleted blocks log and got 0 delTX to process.
2019-08-05 04:37:42,425 INFO  client.GrpcClientProtocolClient (GrpcClientProtocolClient.java:onNext(255)) - client-C12DAE7A5037->3f4de2de-7d09-498f-aead-42327df81d94: receive RaftClientReply:client-C12DAE7A5037->3f4de2de-7d09-498f-aead-42327df81d94@group-C7908E81CC6B, cid=421, SUCCESS, logIndex=618, commits[3f4de2de-7d09-498f-aead-42327df81d94:c619]
2019-08-05 04:37:42,426 INFO  client.GrpcClientProtocolClient (GrpcClientProtocolClient.java:onNext(255)) - client-C12DAE7A5037->3f4de2de-7d09-498f-aead-42327df81d94: receive RaftClientReply:client-C12DAE7A5037->3f4de2de-7d09-498f-aead-42327df81d94@group-C7908E81CC6B, cid=422, SUCCESS, logIndex=619, commits[3f4de2de-7d09-498f-aead-42327df81d94:c621]
2019-08-05 04:37:42,426 INFO  client.GrpcClientProtocolClient (GrpcClientProtocolClient.java:onNext(255)) - client-C12DAE7A5037->3f4de2de-7d09-498f-aead-42327df81d94: receive RaftClientReply:client-C12DAE7A5037->3f4de2de-7d09-498f-aead-42327df81d94@group-C7908E81CC6B, cid=423, SUCCESS, logIndex=620, commits[3f4de2de-7d09-498f-aead-42327df81d94:c622]
2019-08-05 04:37:42,427 INFO  client.GrpcClientProtocolClient (GrpcClientProtocolClient.java:onNext(255)) - client-C12DAE7A5037->3f4de2de-7d09-498f-aead-42327df81d94: receive RaftClientReply:client-C12DAE7A5037->3f4de2de-7d09-498f-aead-42327df81d94@group-C7908E81CC6B, cid=424, SUCCESS, logIndex=621, commits[3f4de2de-7d09-498f-aead-42327df81d94:c623]
2019-08-05 04:37:42,452 INFO  client.GrpcClientProtocolClient (GrpcClientProtocolClient.java:onNext(255)) - client-C12DAE7A5037->3f4de2de-7d09-498f-aead-42327df81d94: receive RaftClientReply:client-C12DAE7A5037->3f4de2de-7d09-498f-aead-42327df81d94@group-C7908E81CC6B, cid=425, SUCCESS, logIndex=624, commits[3f4de2de-7d09-498f-aead-42327df81d94:c625]
2019-08-05 04:37:42,454 INFO  client.GrpcClientProtocolClient (GrpcClientProtocolClient.java:onNext(255)) - client-C12DAE7A5037->3f4de2de-7d09-498f-aead-42327df81d94: receive RaftClientReply:client-C12DAE7A5037->3f4de2de-7d09-498f-aead-42327df81d94@group-C7908E81CC6B, cid=426, SUCCESS, logIndex=625, commits[3f4de2de-7d09-498f-aead-42327df81d94:c625]
2019-08-05 04:37:42,454 INFO  client.GrpcClientProtocolClient (GrpcClientProtocolClient.java:onNext(255)) - client-C12DAE7A5037->3f4de2de-7d09-498f-aead-42327df81d94: receive RaftClientReply:client-C12DAE7A5037->3f4de2de-7d09-498f-aead-42327df81d94@group-C7908E81CC6B, cid=427, SUCCESS, logIndex=626, commits[3f4de2de-7d09-498f-aead-42327df81d94:c627]
2019-08-05 04:37:42,455 INFO  client.GrpcClientProtocolClient (GrpcClientProtocolClient.java:onNext(255)) - client-C12DAE7A5037->3f4de2de-7d09-498f-aead-42327df81d94: receive RaftClientReply:client-C12DAE7A5037->3f4de2de-7d09-498f-aead-42327df81d94@group-C7908E81CC6B, cid=428, SUCCESS, logIndex=627, commits[3f4de2de-7d09-498f-aead-42327df81d94:c629]
2019-08-05 04:37:42,474 INFO  client.GrpcClientProtocolClient (GrpcClientProtocolClient.java:onNext(255)) - client-C12DAE7A5037->3f4de2de-7d09-498f-aead-42327df81d94: receive RaftClientReply:client-C12DAE7A5037->3f4de2de-7d09-498f-aead-42327df81d94@group-C7908E81CC6B, cid=429, SUCCESS, logIndex=630, commits[3f4de2de-7d09-498f-aead-42327df81d94:c631]
2019-08-05 04:37:42,475 INFO  client.GrpcClientProtocolClient (GrpcClientProtocolClient.java:onNext(255)) - client-C12DAE7A5037->3f4de2de-7d09-498f-aead-42327df81d94: receive RaftClientReply:client-C12DAE7A5037->3f4de2de-7d09-498f-aead-42327df81d94@group-C7908E81CC6B, cid=430, SUCCESS, logIndex=631, commits[3f4de2de-7d09-498f-aead-42327df81d94:c633]
2019-08-05 04:37:42,475 INFO  client.GrpcClientProtocolClient (GrpcClientProtocolClient.java:onNext(255)) - client-C12DAE7A5037->3f4de2de-7d09-498f-aead-42327df81d94: receive RaftClientReply:client-C12DAE7A5037->3f4de2de-7d09-498f-aead-42327df81d94@group-C7908E81CC6B, cid=431, SUCCESS, logIndex=632, commits[3f4de2de-7d09-498f-aead-42327df81d94:c633]
2019-08-05 04:37:42,476 INFO  client.GrpcClientProtocolClient (GrpcClientProtocolClient.java:onNext(255)) - client-C12DAE7A5037->3f4de2de-7d09-498f-aead-42327df81d94: receive RaftClientReply:client-C12DAE7A5037->3f4de2de-7d09-498f-aead-42327df81d94@group-C7908E81CC6B, cid=432, SUCCESS, logIndex=633, commits[3f4de2de-7d09-498f-aead-42327df81d94:c635]
2019-08-05 04:37:42,502 INFO  client.GrpcClientProtocolClient (GrpcClientProtocolClient.java:onNext(255)) - client-C12DAE7A5037->3f4de2de-7d09-498f-aead-42327df81d94: receive RaftClientReply:client-C12DAE7A5037->3f4de2de-7d09-498f-aead-42327df81d94@group-C7908E81CC6B, cid=433, SUCCESS, logIndex=636, commits[3f4de2de-7d09-498f-aead-42327df81d94:c637]
2019-08-05 04:37:42,503 INFO  client.GrpcClientProtocolClient (GrpcClientProtocolClient.java:onNext(255)) - client-C12DAE7A5037->3f4de2de-7d09-498f-aead-42327df81d94: receive RaftClientReply:client-C12DAE7A5037->3f4de2de-7d09-498f-aead-42327df81d94@group-C7908E81CC6B, cid=434, SUCCESS, logIndex=637, commits[3f4de2de-7d09-498f-aead-42327df81d94:c639]
2019-08-05 04:37:42,504 INFO  client.GrpcClientProtocolClient (GrpcClientProtocolClient.java:onNext(255)) - client-C12DAE7A5037->3f4de2de-7d09-498f-aead-42327df81d94: receive RaftClientReply:client-C12DAE7A5037->3f4de2de-7d09-498f-aead-42327df81d94@group-C7908E81CC6B, cid=435, SUCCESS, logIndex=638, commits[3f4de2de-7d09-498f-aead-42327df81d94:c639]
2019-08-05 04:37:42,504 INFO  client.GrpcClientProtocolClient (GrpcClientProtocolClient.java:onNext(255)) - client-C12DAE7A5037->3f4de2de-7d09-498f-aead-42327df81d94: receive RaftClientReply:client-C12DAE7A5037->3f4de2de-7d09-498f-aead-42327df81d94@group-C7908E81CC6B, cid=436, SUCCESS, logIndex=639, commits[3f4de2de-7d09-498f-aead-42327df81d94:c640]
2019-08-05 04:37:42,509 DEBUG block.SCMBlockDeletingService (SCMBlockDeletingService.java:call(138)) - Running DeletedBlockTransactionScanner
2019-08-05 04:37:42,510 DEBUG block.SCMBlockDeletingService (SCMBlockDeletingService.java:call(155)) - Scanned deleted blocks log and got 0 delTX to process.
2019-08-05 04:37:42,529 INFO  client.GrpcClientProtocolClient (GrpcClientProtocolClient.java:onNext(255)) - client-C12DAE7A5037->3f4de2de-7d09-498f-aead-42327df81d94: receive RaftClientReply:client-C12DAE7A5037->3f4de2de-7d09-498f-aead-42327df81d94@group-C7908E81CC6B, cid=437, SUCCESS, logIndex=642, commits[3f4de2de-7d09-498f-aead-42327df81d94:c643]
2019-08-05 04:37:42,530 INFO  client.GrpcClientProtocolClient (GrpcClientProtocolClient.java:onNext(255)) - client-C12DAE7A5037->3f4de2de-7d09-498f-aead-42327df81d94: receive RaftClientReply:client-C12DAE7A5037->3f4de2de-7d09-498f-aead-42327df81d94@group-C7908E81CC6B, cid=438, SUCCESS, logIndex=643, commits[3f4de2de-7d09-498f-aead-42327df81d94:c646]
2019-08-05 04:37:42,530 INFO  client.GrpcClientProtocolClient (GrpcClientProtocolClient.java:onNext(255)) - client-C12DAE7A5037->3f4de2de-7d09-498f-aead-42327df81d94: receive RaftClientReply:client-C12DAE7A5037->3f4de2de-7d09-498f-aead-42327df81d94@group-C7908E81CC6B, cid=439, SUCCESS, logIndex=644, commits[3f4de2de-7d09-498f-aead-42327df81d94:c647]
2019-08-05 04:37:42,530 INFO  client.GrpcClientProtocolClient (GrpcClientProtocolClient.java:onNext(255)) - client-C12DAE7A5037->3f4de2de-7d09-498f-aead-42327df81d94: receive RaftClientReply:client-C12DAE7A5037->3f4de2de-7d09-498f-aead-42327df81d94@group-C7908E81CC6B, cid=440, SUCCESS, logIndex=645, commits[3f4de2de-7d09-498f-aead-42327df81d94:c647]
2019-08-05 04:37:42,560 INFO  client.GrpcClientProtocolClient (GrpcClientProtocolClient.java:onNext(255)) - client-C12DAE7A5037->3f4de2de-7d09-498f-aead-42327df81d94: receive RaftClientReply:client-C12DAE7A5037->3f4de2de-7d09-498f-aead-42327df81d94@group-C7908E81CC6B, cid=441, SUCCESS, logIndex=648, commits[3f4de2de-7d09-498f-aead-42327df81d94:c649]
2019-08-05 04:37:42,561 INFO  client.GrpcClientProtocolClient (GrpcClientProtocolClient.java:onNext(255)) - client-C12DAE7A5037->3f4de2de-7d09-498f-aead-42327df81d94: receive RaftClientReply:client-C12DAE7A5037->3f4de2de-7d09-498f-aead-42327df81d94@group-C7908E81CC6B, cid=442, SUCCESS, logIndex=649, commits[3f4de2de-7d09-498f-aead-42327df81d94:c650]
2019-08-05 04:37:42,611 DEBUG block.SCMBlockDeletingService (SCMBlockDeletingService.java:call(138)) - Running DeletedBlockTransactionScanner
2019-08-05 04:37:42,611 DEBUG block.SCMBlockDeletingService (SCMBlockDeletingService.java:call(155)) - Scanned deleted blocks log and got 0 delTX to process.
2019-08-05 04:37:42,712 DEBUG block.SCMBlockDeletingService (SCMBlockDeletingService.java:call(138)) - Running DeletedBlockTransactionScanner
2019-08-05 04:37:42,712 DEBUG block.SCMBlockDeletingService (SCMBlockDeletingService.java:call(155)) - Scanned deleted blocks log and got 0 delTX to process.
2019-08-05 04:37:42,734 INFO  client.GrpcClientProtocolClient (GrpcClientProtocolClient.java:onNext(255)) - client-C12DAE7A5037->3f4de2de-7d09-498f-aead-42327df81d94: receive RaftClientReply:client-C12DAE7A5037->3f4de2de-7d09-498f-aead-42327df81d94@group-C7908E81CC6B, cid=443, SUCCESS, logIndex=651, commits[3f4de2de-7d09-498f-aead-42327df81d94:c652]
2019-08-05 04:37:42,735 INFO  client.GrpcClientProtocolClient (GrpcClientProtocolClient.java:onNext(255)) - client-C12DAE7A5037->3f4de2de-7d09-498f-aead-42327df81d94: receive RaftClientReply:client-C12DAE7A5037->3f4de2de-7d09-498f-aead-42327df81d94@group-C7908E81CC6B, cid=444, SUCCESS, logIndex=652, commits[3f4de2de-7d09-498f-aead-42327df81d94:c652]
2019-08-05 04:37:42,770 INFO  client.GrpcClientProtocolClient (GrpcClientProtocolClient.java:onNext(255)) - client-C12DAE7A5037->3f4de2de-7d09-498f-aead-42327df81d94: receive RaftClientReply:client-C12DAE7A5037->3f4de2de-7d09-498f-aead-42327df81d94@group-C7908E81CC6B, cid=445, SUCCESS, logIndex=654, commits[3f4de2de-7d09-498f-aead-42327df81d94:c657]
2019-08-05 04:37:42,772 INFO  client.GrpcClientProtocolClient (GrpcClientProtocolClient.java:onNext(255)) - client-C12DAE7A5037->3f4de2de-7d09-498f-aead-42327df81d94: receive RaftClientReply:client-C12DAE7A5037->3f4de2de-7d09-498f-aead-42327df81d94@group-C7908E81CC6B, cid=446, SUCCESS, logIndex=655, commits[3f4de2de-7d09-498f-aead-42327df81d94:c659]
2019-08-05 04:37:42,773 INFO  client.GrpcClientProtocolClient (GrpcClientProtocolClient.java:onNext(255)) - client-C12DAE7A5037->3f4de2de-7d09-498f-aead-42327df81d94: receive RaftClientReply:client-C12DAE7A5037->3f4de2de-7d09-498f-aead-42327df81d94@group-C7908E81CC6B, cid=447, SUCCESS, logIndex=656, commits[3f4de2de-7d09-498f-aead-42327df81d94:c659]
2019-08-05 04:37:42,773 INFO  client.GrpcClientProtocolClient (GrpcClientProtocolClient.java:onNext(255)) - client-C12DAE7A5037->3f4de2de-7d09-498f-aead-42327df81d94: receive RaftClientReply:client-C12DAE7A5037->3f4de2de-7d09-498f-aead-42327df81d94@group-C7908E81CC6B, cid=448, SUCCESS, logIndex=657, commits[3f4de2de-7d09-498f-aead-42327df81d94:c659]
2019-08-05 04:37:42,810 INFO  client.GrpcClientProtocolClient (GrpcClientProtocolClient.java:onNext(255)) - client-C12DAE7A5037->3f4de2de-7d09-498f-aead-42327df81d94: receive RaftClientReply:client-C12DAE7A5037->3f4de2de-7d09-498f-aead-42327df81d94@group-C7908E81CC6B, cid=449, SUCCESS, logIndex=660, commits[3f4de2de-7d09-498f-aead-42327df81d94:c661]
2019-08-05 04:37:42,811 INFO  client.GrpcClientProtocolClient (GrpcClientProtocolClient.java:onNext(255)) - client-C12DAE7A5037->3f4de2de-7d09-498f-aead-42327df81d94: receive RaftClientReply:client-C12DAE7A5037->3f4de2de-7d09-498f-aead-42327df81d94@group-C7908E81CC6B, cid=450, SUCCESS, logIndex=661, commits[3f4de2de-7d09-498f-aead-42327df81d94:c663]
2019-08-05 04:37:42,812 INFO  client.GrpcClientProtocolClient (GrpcClientProtocolClient.java:onNext(255)) - client-C12DAE7A5037->3f4de2de-7d09-498f-aead-42327df81d94: receive RaftClientReply:client-C12DAE7A5037->3f4de2de-7d09-498f-aead-42327df81d94@group-C7908E81CC6B, cid=451, SUCCESS, logIndex=662, commits[3f4de2de-7d09-498f-aead-42327df81d94:c664]
2019-08-05 04:37:42,812 INFO  client.GrpcClientProtocolClient (GrpcClientProtocolClient.java:onNext(255)) - client-C12DAE7A5037->3f4de2de-7d09-498f-aead-42327df81d94: receive RaftClientReply:client-C12DAE7A5037->3f4de2de-7d09-498f-aead-42327df81d94@group-C7908E81CC6B, cid=452, SUCCESS, logIndex=663, commits[3f4de2de-7d09-498f-aead-42327df81d94:c665]
2019-08-05 04:37:42,813 DEBUG block.SCMBlockDeletingService (SCMBlockDeletingService.java:call(138)) - Running DeletedBlockTransactionScanner
2019-08-05 04:37:42,813 DEBUG block.SCMBlockDeletingService (SCMBlockDeletingService.java:call(155)) - Scanned deleted blocks log and got 0 delTX to process.
2019-08-05 04:37:42,834 INFO  client.GrpcClientProtocolClient (GrpcClientProtocolClient.java:onNext(255)) - client-C12DAE7A5037->3f4de2de-7d09-498f-aead-42327df81d94: receive RaftClientReply:client-C12DAE7A5037->3f4de2de-7d09-498f-aead-42327df81d94@group-C7908E81CC6B, cid=453, SUCCESS, logIndex=666, commits[3f4de2de-7d09-498f-aead-42327df81d94:c667]
2019-08-05 04:37:42,835 INFO  client.GrpcClientProtocolClient (GrpcClientProtocolClient.java:onNext(255)) - client-C12DAE7A5037->3f4de2de-7d09-498f-aead-42327df81d94: receive RaftClientReply:client-C12DAE7A5037->3f4de2de-7d09-498f-aead-42327df81d94@group-C7908E81CC6B, cid=454, SUCCESS, logIndex=667, commits[3f4de2de-7d09-498f-aead-42327df81d94:c669]
2019-08-05 04:37:42,835 INFO  client.GrpcClientProtocolClient (GrpcClientProtocolClient.java:onNext(255)) - client-C12DAE7A5037->3f4de2de-7d09-498f-aead-42327df81d94: receive RaftClientReply:client-C12DAE7A5037->3f4de2de-7d09-498f-aead-42327df81d94@group-C7908E81CC6B, cid=455, SUCCESS, logIndex=668, commits[3f4de2de-7d09-498f-aead-42327df81d94:c670]
2019-08-05 04:37:42,836 INFO  client.GrpcClientProtocolClient (GrpcClientProtocolClient.java:onNext(255)) - client-C12DAE7A5037->3f4de2de-7d09-498f-aead-42327df81d94: receive RaftClientReply:client-C12DAE7A5037->3f4de2de-7d09-498f-aead-42327df81d94@group-C7908E81CC6B, cid=456, SUCCESS, logIndex=669, commits[3f4de2de-7d09-498f-aead-42327df81d94:c671]
2019-08-05 04:37:42,903 INFO  client.GrpcClientProtocolClient (GrpcClientProtocolClient.java:onNext(255)) - client-C12DAE7A5037->3f4de2de-7d09-498f-aead-42327df81d94: receive RaftClientReply:client-C12DAE7A5037->3f4de2de-7d09-498f-aead-42327df81d94@group-C7908E81CC6B, cid=457, SUCCESS, logIndex=672, commits[3f4de2de-7d09-498f-aead-42327df81d94:c673]
2019-08-05 04:37:42,904 INFO  client.GrpcClientProtocolClient (GrpcClientProtocolClient.java:onNext(255)) - client-C12DAE7A5037->3f4de2de-7d09-498f-aead-42327df81d94: receive RaftClientReply:client-C12DAE7A5037->3f4de2de-7d09-498f-aead-42327df81d94@group-C7908E81CC6B, cid=458, SUCCESS, logIndex=673, commits[3f4de2de-7d09-498f-aead-42327df81d94:c676]
2019-08-05 04:37:42,905 INFO  client.GrpcClientProtocolClient (GrpcClientProtocolClient.java:onNext(255)) - client-C12DAE7A5037->3f4de2de-7d09-498f-aead-42327df81d94: receive RaftClientReply:client-C12DAE7A5037->3f4de2de-7d09-498f-aead-42327df81d94@group-C7908E81CC6B, cid=459, SUCCESS, logIndex=674, commits[3f4de2de-7d09-498f-aead-42327df81d94:c677]
2019-08-05 04:37:42,905 INFO  client.GrpcClientProtocolClient (GrpcClientProtocolClient.java:onNext(255)) - client-C12DAE7A5037->3f4de2de-7d09-498f-aead-42327df81d94: receive RaftClientReply:client-C12DAE7A5037->3f4de2de-7d09-498f-aead-42327df81d94@group-C7908E81CC6B, cid=460, SUCCESS, logIndex=675, commits[3f4de2de-7d09-498f-aead-42327df81d94:c677]
2019-08-05 04:37:42,914 DEBUG block.SCMBlockDeletingService (SCMBlockDeletingService.java:call(138)) - Running DeletedBlockTransactionScanner
2019-08-05 04:37:42,914 DEBUG block.SCMBlockDeletingService (SCMBlockDeletingService.java:call(155)) - Scanned deleted blocks log and got 0 delTX to process.
2019-08-05 04:37:42,921 INFO  client.GrpcClientProtocolClient (GrpcClientProtocolClient.java:onNext(255)) - client-C12DAE7A5037->3f4de2de-7d09-498f-aead-42327df81d94: receive RaftClientReply:client-C12DAE7A5037->3f4de2de-7d09-498f-aead-42327df81d94@group-C7908E81CC6B, cid=461, SUCCESS, logIndex=678, commits[3f4de2de-7d09-498f-aead-42327df81d94:c679]
2019-08-05 04:37:42,921 INFO  client.GrpcClientProtocolClient (GrpcClientProtocolClient.java:onNext(255)) - client-C12DAE7A5037->3f4de2de-7d09-498f-aead-42327df81d94: receive RaftClientReply:client-C12DAE7A5037->3f4de2de-7d09-498f-aead-42327df81d94@group-C7908E81CC6B, cid=462, SUCCESS, logIndex=679, commits[3f4de2de-7d09-498f-aead-42327df81d94:c681]
2019-08-05 04:37:42,922 INFO  client.GrpcClientProtocolClient (GrpcClientProtocolClient.java:onNext(255)) - client-C12DAE7A5037->3f4de2de-7d09-498f-aead-42327df81d94: receive RaftClientReply:client-C12DAE7A5037->3f4de2de-7d09-498f-aead-42327df81d94@group-C7908E81CC6B, cid=463, SUCCESS, logIndex=680, commits[3f4de2de-7d09-498f-aead-42327df81d94:c682]
2019-08-05 04:37:42,922 INFO  client.GrpcClientProtocolClient (GrpcClientProtocolClient.java:onNext(255)) - client-C12DAE7A5037->3f4de2de-7d09-498f-aead-42327df81d94: receive RaftClientReply:client-C12DAE7A5037->3f4de2de-7d09-498f-aead-42327df81d94@group-C7908E81CC6B, cid=464, SUCCESS, logIndex=681, commits[3f4de2de-7d09-498f-aead-42327df81d94:c683]
2019-08-05 04:37:42,951 INFO  client.GrpcClientProtocolClient (GrpcClientProtocolClient.java:onNext(255)) - client-C12DAE7A5037->3f4de2de-7d09-498f-aead-42327df81d94: receive RaftClientReply:client-C12DAE7A5037->3f4de2de-7d09-498f-aead-42327df81d94@group-C7908E81CC6B, cid=465, SUCCESS, logIndex=684, commits[3f4de2de-7d09-498f-aead-42327df81d94:c685]
2019-08-05 04:37:42,952 INFO  client.GrpcClientProtocolClient (GrpcClientProtocolClient.java:onNext(255)) - client-C12DAE7A5037->3f4de2de-7d09-498f-aead-42327df81d94: receive RaftClientReply:client-C12DAE7A5037->3f4de2de-7d09-498f-aead-42327df81d94@group-C7908E81CC6B, cid=466, SUCCESS, logIndex=685, commits[3f4de2de-7d09-498f-aead-42327df81d94:c687]
2019-08-05 04:37:42,952 INFO  client.GrpcClientProtocolClient (GrpcClientProtocolClient.java:onNext(255)) - client-C12DAE7A5037->3f4de2de-7d09-498f-aead-42327df81d94: receive RaftClientReply:client-C12DAE7A5037->3f4de2de-7d09-498f-aead-42327df81d94@group-C7908E81CC6B, cid=467, SUCCESS, logIndex=686, commits[3f4de2de-7d09-498f-aead-42327df81d94:c688]
2019-08-05 04:37:42,953 INFO  client.GrpcClientProtocolClient (GrpcClientProtocolClient.java:onNext(255)) - client-C12DAE7A5037->3f4de2de-7d09-498f-aead-42327df81d94: receive RaftClientReply:client-C12DAE7A5037->3f4de2de-7d09-498f-aead-42327df81d94@group-C7908E81CC6B, cid=468, SUCCESS, logIndex=687, commits[3f4de2de-7d09-498f-aead-42327df81d94:c689]
2019-08-05 04:37:42,974 INFO  client.GrpcClientProtocolClient (GrpcClientProtocolClient.java:onNext(255)) - client-C12DAE7A5037->3f4de2de-7d09-498f-aead-42327df81d94: receive RaftClientReply:client-C12DAE7A5037->3f4de2de-7d09-498f-aead-42327df81d94@group-C7908E81CC6B, cid=469, SUCCESS, logIndex=690, commits[3f4de2de-7d09-498f-aead-42327df81d94:c691]
2019-08-05 04:37:42,974 INFO  client.GrpcClientProtocolClient (GrpcClientProtocolClient.java:onNext(255)) - client-C12DAE7A5037->3f4de2de-7d09-498f-aead-42327df81d94: receive RaftClientReply:client-C12DAE7A5037->3f4de2de-7d09-498f-aead-42327df81d94@group-C7908E81CC6B, cid=470, SUCCESS, logIndex=691, commits[3f4de2de-7d09-498f-aead-42327df81d94:c693]
2019-08-05 04:37:42,975 INFO  client.GrpcClientProtocolClient (GrpcClientProtocolClient.java:onNext(255)) - client-C12DAE7A5037->3f4de2de-7d09-498f-aead-42327df81d94: receive RaftClientReply:client-C12DAE7A5037->3f4de2de-7d09-498f-aead-42327df81d94@group-C7908E81CC6B, cid=471, SUCCESS, logIndex=692, commits[3f4de2de-7d09-498f-aead-42327df81d94:c694]
2019-08-05 04:37:42,975 INFO  client.GrpcClientProtocolClient (GrpcClientProtocolClient.java:onNext(255)) - client-C12DAE7A5037->3f4de2de-7d09-498f-aead-42327df81d94: receive RaftClientReply:client-C12DAE7A5037->3f4de2de-7d09-498f-aead-42327df81d94@group-C7908E81CC6B, cid=472, SUCCESS, logIndex=693, commits[3f4de2de-7d09-498f-aead-42327df81d94:c695]
2019-08-05 04:37:43,003 INFO  client.GrpcClientProtocolClient (GrpcClientProtocolClient.java:onNext(255)) - client-C12DAE7A5037->3f4de2de-7d09-498f-aead-42327df81d94: receive RaftClientReply:client-C12DAE7A5037->3f4de2de-7d09-498f-aead-42327df81d94@group-C7908E81CC6B, cid=473, SUCCESS, logIndex=696, commits[3f4de2de-7d09-498f-aead-42327df81d94:c697]
2019-08-05 04:37:43,004 INFO  client.GrpcClientProtocolClient (GrpcClientProtocolClient.java:onNext(255)) - client-C12DAE7A5037->3f4de2de-7d09-498f-aead-42327df81d94: receive RaftClientReply:client-C12DAE7A5037->3f4de2de-7d09-498f-aead-42327df81d94@group-C7908E81CC6B, cid=474, SUCCESS, logIndex=697, commits[3f4de2de-7d09-498f-aead-42327df81d94:c699]
2019-08-05 04:37:43,005 INFO  client.GrpcClientProtocolClient (GrpcClientProtocolClient.java:onNext(255)) - client-C12DAE7A5037->3f4de2de-7d09-498f-aead-42327df81d94: receive RaftClientReply:client-C12DAE7A5037->3f4de2de-7d09-498f-aead-42327df81d94@group-C7908E81CC6B, cid=475, SUCCESS, logIndex=698, commits[3f4de2de-7d09-498f-aead-42327df81d94:c700]
2019-08-05 04:37:43,005 INFO  client.GrpcClientProtocolClient (GrpcClientProtocolClient.java:onNext(255)) - client-C12DAE7A5037->3f4de2de-7d09-498f-aead-42327df81d94: receive RaftClientReply:client-C12DAE7A5037->3f4de2de-7d09-498f-aead-42327df81d94@group-C7908E81CC6B, cid=476, SUCCESS, logIndex=699, commits[3f4de2de-7d09-498f-aead-42327df81d94:c701]
2019-08-05 04:37:43,014 DEBUG block.SCMBlockDeletingService (SCMBlockDeletingService.java:call(138)) - Running DeletedBlockTransactionScanner
2019-08-05 04:37:43,015 DEBUG block.SCMBlockDeletingService (SCMBlockDeletingService.java:call(155)) - Scanned deleted blocks log and got 0 delTX to process.
2019-08-05 04:37:43,026 INFO  client.GrpcClientProtocolClient (GrpcClientProtocolClient.java:onNext(255)) - client-C12DAE7A5037->3f4de2de-7d09-498f-aead-42327df81d94: receive RaftClientReply:client-C12DAE7A5037->3f4de2de-7d09-498f-aead-42327df81d94@group-C7908E81CC6B, cid=477, SUCCESS, logIndex=702, commits[3f4de2de-7d09-498f-aead-42327df81d94:c703]
2019-08-05 04:37:43,026 INFO  client.GrpcClientProtocolClient (GrpcClientProtocolClient.java:onNext(255)) - client-C12DAE7A5037->3f4de2de-7d09-498f-aead-42327df81d94: receive RaftClientReply:client-C12DAE7A5037->3f4de2de-7d09-498f-aead-42327df81d94@group-C7908E81CC6B, cid=478, SUCCESS, logIndex=703, commits[3f4de2de-7d09-498f-aead-42327df81d94:c705]
2019-08-05 04:37:43,027 INFO  client.GrpcClientProtocolClient (GrpcClientProtocolClient.java:onNext(255)) - client-C12DAE7A5037->3f4de2de-7d09-498f-aead-42327df81d94: receive RaftClientReply:client-C12DAE7A5037->3f4de2de-7d09-498f-aead-42327df81d94@group-C7908E81CC6B, cid=479, SUCCESS, logIndex=704, commits[3f4de2de-7d09-498f-aead-42327df81d94:c706]
2019-08-05 04:37:43,027 INFO  client.GrpcClientProtocolClient (GrpcClientProtocolClient.java:onNext(255)) - client-C12DAE7A5037->3f4de2de-7d09-498f-aead-42327df81d94: receive RaftClientReply:client-C12DAE7A5037->3f4de2de-7d09-498f-aead-42327df81d94@group-C7908E81CC6B, cid=480, SUCCESS, logIndex=705, commits[3f4de2de-7d09-498f-aead-42327df81d94:c707]
2019-08-05 04:37:43,054 INFO  client.GrpcClientProtocolClient (GrpcClientProtocolClient.java:onNext(255)) - client-C12DAE7A5037->3f4de2de-7d09-498f-aead-42327df81d94: receive RaftClientReply:client-C12DAE7A5037->3f4de2de-7d09-498f-aead-42327df81d94@group-C7908E81CC6B, cid=481, SUCCESS, logIndex=708, commits[3f4de2de-7d09-498f-aead-42327df81d94:c709]
2019-08-05 04:37:43,055 INFO  client.GrpcClientProtocolClient (GrpcClientProtocolClient.java:onNext(255)) - client-C12DAE7A5037->3f4de2de-7d09-498f-aead-42327df81d94: receive RaftClientReply:client-C12DAE7A5037->3f4de2de-7d09-498f-aead-42327df81d94@group-C7908E81CC6B, cid=482, SUCCESS, logIndex=709, commits[3f4de2de-7d09-498f-aead-42327df81d94:c711]
2019-08-05 04:37:43,055 INFO  client.GrpcClientProtocolClient (GrpcClientProtocolClient.java:onNext(255)) - client-C12DAE7A5037->3f4de2de-7d09-498f-aead-42327df81d94: receive RaftClientReply:client-C12DAE7A5037->3f4de2de-7d09-498f-aead-42327df81d94@group-C7908E81CC6B, cid=483, SUCCESS, logIndex=710, commits[3f4de2de-7d09-498f-aead-42327df81d94:c711]
2019-08-05 04:37:43,055 INFO  client.GrpcClientProtocolClient (GrpcClientProtocolClient.java:onNext(255)) - client-C12DAE7A5037->3f4de2de-7d09-498f-aead-42327df81d94: receive RaftClientReply:client-C12DAE7A5037->3f4de2de-7d09-498f-aead-42327df81d94@group-C7908E81CC6B, cid=484, SUCCESS, logIndex=711, commits[3f4de2de-7d09-498f-aead-42327df81d94:c712]
2019-08-05 04:37:43,077 INFO  client.GrpcClientProtocolClient (GrpcClientProtocolClient.java:onNext(255)) - client-C12DAE7A5037->3f4de2de-7d09-498f-aead-42327df81d94: receive RaftClientReply:client-C12DAE7A5037->3f4de2de-7d09-498f-aead-42327df81d94@group-C7908E81CC6B, cid=485, SUCCESS, logIndex=714, commits[3f4de2de-7d09-498f-aead-42327df81d94:c715]
2019-08-05 04:37:43,077 INFO  client.GrpcClientProtocolClient (GrpcClientProtocolClient.java:onNext(255)) - client-C12DAE7A5037->3f4de2de-7d09-498f-aead-42327df81d94: receive RaftClientReply:client-C12DAE7A5037->3f4de2de-7d09-498f-aead-42327df81d94@group-C7908E81CC6B, cid=486, SUCCESS, logIndex=715, commits[3f4de2de-7d09-498f-aead-42327df81d94:c716]
2019-08-05 04:37:43,115 DEBUG block.SCMBlockDeletingService (SCMBlockDeletingService.java:call(138)) - Running DeletedBlockTransactionScanner
2019-08-05 04:37:43,115 DEBUG block.SCMBlockDeletingService (SCMBlockDeletingService.java:call(155)) - Scanned deleted blocks log and got 0 delTX to process.
2019-08-05 04:37:43,182 INFO  client.GrpcClientProtocolClient (GrpcClientProtocolClient.java:onNext(255)) - client-C12DAE7A5037->3f4de2de-7d09-498f-aead-42327df81d94: receive RaftClientReply:client-C12DAE7A5037->3f4de2de-7d09-498f-aead-42327df81d94@group-C7908E81CC6B, cid=487, SUCCESS, logIndex=717, commits[3f4de2de-7d09-498f-aead-42327df81d94:c718]
2019-08-05 04:37:43,182 INFO  client.GrpcClientProtocolClient (GrpcClientProtocolClient.java:onNext(255)) - client-C12DAE7A5037->3f4de2de-7d09-498f-aead-42327df81d94: receive RaftClientReply:client-C12DAE7A5037->3f4de2de-7d09-498f-aead-42327df81d94@group-C7908E81CC6B, cid=488, SUCCESS, logIndex=718, commits[3f4de2de-7d09-498f-aead-42327df81d94:c719]
2019-08-05 04:37:43,212 INFO  client.GrpcClientProtocolClient (GrpcClientProtocolClient.java:onNext(255)) - client-C12DAE7A5037->3f4de2de-7d09-498f-aead-42327df81d94: receive RaftClientReply:client-C12DAE7A5037->3f4de2de-7d09-498f-aead-42327df81d94@group-C7908E81CC6B, cid=489, SUCCESS, logIndex=720, commits[3f4de2de-7d09-498f-aead-42327df81d94:c721]
2019-08-05 04:37:43,213 INFO  client.GrpcClientProtocolClient (GrpcClientProtocolClient.java:onNext(255)) - client-C12DAE7A5037->3f4de2de-7d09-498f-aead-42327df81d94: receive RaftClientReply:client-C12DAE7A5037->3f4de2de-7d09-498f-aead-42327df81d94@group-C7908E81CC6B, cid=490, SUCCESS, logIndex=721, commits[3f4de2de-7d09-498f-aead-42327df81d94:c723]
2019-08-05 04:37:43,213 INFO  client.GrpcClientProtocolClient (GrpcClientProtocolClient.java:onNext(255)) - client-C12DAE7A5037->3f4de2de-7d09-498f-aead-42327df81d94: receive RaftClientReply:client-C12DAE7A5037->3f4de2de-7d09-498f-aead-42327df81d94@group-C7908E81CC6B, cid=491, SUCCESS, logIndex=722, commits[3f4de2de-7d09-498f-aead-42327df81d94:c724]
2019-08-05 04:37:43,214 INFO  client.GrpcClientProtocolClient (GrpcClientProtocolClient.java:onNext(255)) - client-C12DAE7A5037->3f4de2de-7d09-498f-aead-42327df81d94: receive RaftClientReply:client-C12DAE7A5037->3f4de2de-7d09-498f-aead-42327df81d94@group-C7908E81CC6B, cid=492, SUCCESS, logIndex=723, commits[3f4de2de-7d09-498f-aead-42327df81d94:c725]
2019-08-05 04:37:43,216 DEBUG block.SCMBlockDeletingService (SCMBlockDeletingService.java:call(138)) - Running DeletedBlockTransactionScanner
2019-08-05 04:37:43,216 DEBUG block.SCMBlockDeletingService (SCMBlockDeletingService.java:call(155)) - Scanned deleted blocks log and got 0 delTX to process.
2019-08-05 04:37:43,235 INFO  client.GrpcClientProtocolClient (GrpcClientProtocolClient.java:onNext(255)) - client-C12DAE7A5037->3f4de2de-7d09-498f-aead-42327df81d94: receive RaftClientReply:client-C12DAE7A5037->3f4de2de-7d09-498f-aead-42327df81d94@group-C7908E81CC6B, cid=493, SUCCESS, logIndex=726, commits[3f4de2de-7d09-498f-aead-42327df81d94:c727]
2019-08-05 04:37:43,236 INFO  client.GrpcClientProtocolClient (GrpcClientProtocolClient.java:onNext(255)) - client-C12DAE7A5037->3f4de2de-7d09-498f-aead-42327df81d94: receive RaftClientReply:client-C12DAE7A5037->3f4de2de-7d09-498f-aead-42327df81d94@group-C7908E81CC6B, cid=494, SUCCESS, logIndex=727, commits[3f4de2de-7d09-498f-aead-42327df81d94:c729]
2019-08-05 04:37:43,236 INFO  client.GrpcClientProtocolClient (GrpcClientProtocolClient.java:onNext(255)) - client-C12DAE7A5037->3f4de2de-7d09-498f-aead-42327df81d94: receive RaftClientReply:client-C12DAE7A5037->3f4de2de-7d09-498f-aead-42327df81d94@group-C7908E81CC6B, cid=495, SUCCESS, logIndex=728, commits[3f4de2de-7d09-498f-aead-42327df81d94:c730]
2019-08-05 04:37:43,237 INFO  client.GrpcClientProtocolClient (GrpcClientProtocolClient.java:onNext(255)) - client-C12DAE7A5037->3f4de2de-7d09-498f-aead-42327df81d94: receive RaftClientReply:client-C12DAE7A5037->3f4de2de-7d09-498f-aead-42327df81d94@group-C7908E81CC6B, cid=496, SUCCESS, logIndex=729, commits[3f4de2de-7d09-498f-aead-42327df81d94:c731]
2019-08-05 04:37:43,266 INFO  client.GrpcClientProtocolClient (GrpcClientProtocolClient.java:onNext(255)) - client-C12DAE7A5037->3f4de2de-7d09-498f-aead-42327df81d94: receive RaftClientReply:client-C12DAE7A5037->3f4de2de-7d09-498f-aead-42327df81d94@group-C7908E81CC6B, cid=497, SUCCESS, logIndex=732, commits[3f4de2de-7d09-498f-aead-42327df81d94:c733]
2019-08-05 04:37:43,267 INFO  client.GrpcClientProtocolClient (GrpcClientProtocolClient.java:onNext(255)) - client-C12DAE7A5037->3f4de2de-7d09-498f-aead-42327df81d94: receive RaftClientReply:client-C12DAE7A5037->3f4de2de-7d09-498f-aead-42327df81d94@group-C7908E81CC6B, cid=498, SUCCESS, logIndex=733, commits[3f4de2de-7d09-498f-aead-42327df81d94:c735]
2019-08-05 04:37:43,267 INFO  client.GrpcClientProtocolClient (GrpcClientProtocolClient.java:onNext(255)) - client-C12DAE7A5037->3f4de2de-7d09-498f-aead-42327df81d94: receive RaftClientReply:client-C12DAE7A5037->3f4de2de-7d09-498f-aead-42327df81d94@group-C7908E81CC6B, cid=499, SUCCESS, logIndex=734, commits[3f4de2de-7d09-498f-aead-42327df81d94:c736]
2019-08-05 04:37:43,268 INFO  client.GrpcClientProtocolClient (GrpcClientProtocolClient.java:onNext(255)) - client-C12DAE7A5037->3f4de2de-7d09-498f-aead-42327df81d94: receive RaftClientReply:client-C12DAE7A5037->3f4de2de-7d09-498f-aead-42327df81d94@group-C7908E81CC6B, cid=500, SUCCESS, logIndex=735, commits[3f4de2de-7d09-498f-aead-42327df81d94:c737]
2019-08-05 04:37:43,288 INFO  client.GrpcClientProtocolClient (GrpcClientProtocolClient.java:onNext(255)) - client-C12DAE7A5037->3f4de2de-7d09-498f-aead-42327df81d94: receive RaftClientReply:client-C12DAE7A5037->3f4de2de-7d09-498f-aead-42327df81d94@group-C7908E81CC6B, cid=501, SUCCESS, logIndex=738, commits[3f4de2de-7d09-498f-aead-42327df81d94:c739]
2019-08-05 04:37:43,289 INFO  client.GrpcClientProtocolClient (GrpcClientProtocolClient.java:onNext(255)) - client-C12DAE7A5037->3f4de2de-7d09-498f-aead-42327df81d94: receive RaftClientReply:client-C12DAE7A5037->3f4de2de-7d09-498f-aead-42327df81d94@group-C7908E81CC6B, cid=502, SUCCESS, logIndex=739, commits[3f4de2de-7d09-498f-aead-42327df81d94:c741]
2019-08-05 04:37:43,289 INFO  client.GrpcClientProtocolClient (GrpcClientProtocolClient.java:onNext(255)) - client-C12DAE7A5037->3f4de2de-7d09-498f-aead-42327df81d94: receive RaftClientReply:client-C12DAE7A5037->3f4de2de-7d09-498f-aead-42327df81d94@group-C7908E81CC6B, cid=503, SUCCESS, logIndex=740, commits[3f4de2de-7d09-498f-aead-42327df81d94:c742]
2019-08-05 04:37:43,290 INFO  client.GrpcClientProtocolClient (GrpcClientProtocolClient.java:onNext(255)) - client-C12DAE7A5037->3f4de2de-7d09-498f-aead-42327df81d94: receive RaftClientReply:client-C12DAE7A5037->3f4de2de-7d09-498f-aead-42327df81d94@group-C7908E81CC6B, cid=504, SUCCESS, logIndex=741, commits[3f4de2de-7d09-498f-aead-42327df81d94:c743]
2019-08-05 04:37:43,317 DEBUG block.SCMBlockDeletingService (SCMBlockDeletingService.java:call(138)) - Running DeletedBlockTransactionScanner
2019-08-05 04:37:43,317 DEBUG block.SCMBlockDeletingService (SCMBlockDeletingService.java:call(155)) - Scanned deleted blocks log and got 0 delTX to process.
2019-08-05 04:37:43,318 INFO  client.GrpcClientProtocolClient (GrpcClientProtocolClient.java:onNext(255)) - client-C12DAE7A5037->3f4de2de-7d09-498f-aead-42327df81d94: receive RaftClientReply:client-C12DAE7A5037->3f4de2de-7d09-498f-aead-42327df81d94@group-C7908E81CC6B, cid=505, SUCCESS, logIndex=744, commits[3f4de2de-7d09-498f-aead-42327df81d94:c745]
2019-08-05 04:37:43,319 INFO  client.GrpcClientProtocolClient (GrpcClientProtocolClient.java:onNext(255)) - client-C12DAE7A5037->3f4de2de-7d09-498f-aead-42327df81d94: receive RaftClientReply:client-C12DAE7A5037->3f4de2de-7d09-498f-aead-42327df81d94@group-C7908E81CC6B, cid=506, SUCCESS, logIndex=745, commits[3f4de2de-7d09-498f-aead-42327df81d94:c747]
2019-08-05 04:37:43,320 INFO  client.GrpcClientProtocolClient (GrpcClientProtocolClient.java:onNext(255)) - client-C12DAE7A5037->3f4de2de-7d09-498f-aead-42327df81d94: receive RaftClientReply:client-C12DAE7A5037->3f4de2de-7d09-498f-aead-42327df81d94@group-C7908E81CC6B, cid=507, SUCCESS, logIndex=746, commits[3f4de2de-7d09-498f-aead-42327df81d94:c748]
2019-08-05 04:37:43,320 INFO  client.GrpcClientProtocolClient (GrpcClientProtocolClient.java:onNext(255)) - client-C12DAE7A5037->3f4de2de-7d09-498f-aead-42327df81d94: receive RaftClientReply:client-C12DAE7A5037->3f4de2de-7d09-498f-aead-42327df81d94@group-C7908E81CC6B, cid=508, SUCCESS, logIndex=747, commits[3f4de2de-7d09-498f-aead-42327df81d94:c749]
2019-08-05 04:37:43,344 INFO  client.GrpcClientProtocolClient (GrpcClientProtocolClient.java:onNext(255)) - client-C12DAE7A5037->3f4de2de-7d09-498f-aead-42327df81d94: receive RaftClientReply:client-C12DAE7A5037->3f4de2de-7d09-498f-aead-42327df81d94@group-C7908E81CC6B, cid=509, SUCCESS, logIndex=750, commits[3f4de2de-7d09-498f-aead-42327df81d94:c751]
2019-08-05 04:37:43,345 INFO  client.GrpcClientProtocolClient (GrpcClientProtocolClient.java:onNext(255)) - client-C12DAE7A5037->3f4de2de-7d09-498f-aead-42327df81d94: receive RaftClientReply:client-C12DAE7A5037->3f4de2de-7d09-498f-aead-42327df81d94@group-C7908E81CC6B, cid=510, SUCCESS, logIndex=751, commits[3f4de2de-7d09-498f-aead-42327df81d94:c754]
2019-08-05 04:37:43,345 INFO  client.GrpcClientProtocolClient (GrpcClientProtocolClient.java:onNext(255)) - client-C12DAE7A5037->3f4de2de-7d09-498f-aead-42327df81d94: receive RaftClientReply:client-C12DAE7A5037->3f4de2de-7d09-498f-aead-42327df81d94@group-C7908E81CC6B, cid=511, SUCCESS, logIndex=752, commits[3f4de2de-7d09-498f-aead-42327df81d94:c755]
2019-08-05 04:37:43,346 INFO  client.GrpcClientProtocolClient (GrpcClientProtocolClient.java:onNext(255)) - client-C12DAE7A5037->3f4de2de-7d09-498f-aead-42327df81d94: receive RaftClientReply:client-C12DAE7A5037->3f4de2de-7d09-498f-aead-42327df81d94@group-C7908E81CC6B, cid=512, SUCCESS, logIndex=753, commits[3f4de2de-7d09-498f-aead-42327df81d94:c755]
2019-08-05 04:37:43,373 INFO  client.GrpcClientProtocolClient (GrpcClientProtocolClient.java:onNext(255)) - client-C12DAE7A5037->3f4de2de-7d09-498f-aead-42327df81d94: receive RaftClientReply:client-C12DAE7A5037->3f4de2de-7d09-498f-aead-42327df81d94@group-C7908E81CC6B, cid=513, SUCCESS, logIndex=756, commits[3f4de2de-7d09-498f-aead-42327df81d94:c757]
2019-08-05 04:37:43,374 INFO  client.GrpcClientProtocolClient (GrpcClientProtocolClient.java:onNext(255)) - client-C12DAE7A5037->3f4de2de-7d09-498f-aead-42327df81d94: receive RaftClientReply:client-C12DAE7A5037->3f4de2de-7d09-498f-aead-42327df81d94@group-C7908E81CC6B, cid=514, SUCCESS, logIndex=757, commits[3f4de2de-7d09-498f-aead-42327df81d94:c760]
2019-08-05 04:37:43,375 INFO  client.GrpcClientProtocolClient (GrpcClientProtocolClient.java:onNext(255)) - client-C12DAE7A5037->3f4de2de-7d09-498f-aead-42327df81d94: receive RaftClientReply:client-C12DAE7A5037->3f4de2de-7d09-498f-aead-42327df81d94@group-C7908E81CC6B, cid=515, SUCCESS, logIndex=758, commits[3f4de2de-7d09-498f-aead-42327df81d94:c761]
2019-08-05 04:37:43,375 INFO  client.GrpcClientProtocolClient (GrpcClientProtocolClient.java:onNext(255)) - client-C12DAE7A5037->3f4de2de-7d09-498f-aead-42327df81d94: receive RaftClientReply:client-C12DAE7A5037->3f4de2de-7d09-498f-aead-42327df81d94@group-C7908E81CC6B, cid=516, SUCCESS, logIndex=759, commits[3f4de2de-7d09-498f-aead-42327df81d94:c761]
2019-08-05 04:37:43,460 DEBUG block.SCMBlockDeletingService (SCMBlockDeletingService.java:call(138)) - Running DeletedBlockTransactionScanner
2019-08-05 04:37:43,461 DEBUG block.SCMBlockDeletingService (SCMBlockDeletingService.java:call(155)) - Scanned deleted blocks log and got 0 delTX to process.
2019-08-05 04:37:43,472 INFO  client.GrpcClientProtocolClient (GrpcClientProtocolClient.java:onNext(255)) - client-C12DAE7A5037->3f4de2de-7d09-498f-aead-42327df81d94: receive RaftClientReply:client-C12DAE7A5037->3f4de2de-7d09-498f-aead-42327df81d94@group-C7908E81CC6B, cid=517, SUCCESS, logIndex=762, commits[3f4de2de-7d09-498f-aead-42327df81d94:c765]
2019-08-05 04:37:43,472 INFO  client.GrpcClientProtocolClient (GrpcClientProtocolClient.java:onNext(255)) - client-C12DAE7A5037->3f4de2de-7d09-498f-aead-42327df81d94: receive RaftClientReply:client-C12DAE7A5037->3f4de2de-7d09-498f-aead-42327df81d94@group-C7908E81CC6B, cid=518, SUCCESS, logIndex=763, commits[3f4de2de-7d09-498f-aead-42327df81d94:c766]
2019-08-05 04:37:43,473 INFO  client.GrpcClientProtocolClient (GrpcClientProtocolClient.java:onNext(255)) - client-C12DAE7A5037->3f4de2de-7d09-498f-aead-42327df81d94: receive RaftClientReply:client-C12DAE7A5037->3f4de2de-7d09-498f-aead-42327df81d94@group-C7908E81CC6B, cid=519, SUCCESS, logIndex=764, commits[3f4de2de-7d09-498f-aead-42327df81d94:c767]
2019-08-05 04:37:43,473 INFO  client.GrpcClientProtocolClient (GrpcClientProtocolClient.java:onNext(255)) - client-C12DAE7A5037->3f4de2de-7d09-498f-aead-42327df81d94: receive RaftClientReply:client-C12DAE7A5037->3f4de2de-7d09-498f-aead-42327df81d94@group-C7908E81CC6B, cid=520, SUCCESS, logIndex=765, commits[3f4de2de-7d09-498f-aead-42327df81d94:c767]
2019-08-05 04:37:43,504 INFO  client.GrpcClientProtocolClient (GrpcClientProtocolClient.java:onNext(255)) - client-C12DAE7A5037->3f4de2de-7d09-498f-aead-42327df81d94: receive RaftClientReply:client-C12DAE7A5037->3f4de2de-7d09-498f-aead-42327df81d94@group-C7908E81CC6B, cid=521, SUCCESS, logIndex=768, commits[3f4de2de-7d09-498f-aead-42327df81d94:c769]
2019-08-05 04:37:43,505 INFO  client.GrpcClientProtocolClient (GrpcClientProtocolClient.java:onNext(255)) - client-C12DAE7A5037->3f4de2de-7d09-498f-aead-42327df81d94: receive RaftClientReply:client-C12DAE7A5037->3f4de2de-7d09-498f-aead-42327df81d94@group-C7908E81CC6B, cid=522, SUCCESS, logIndex=769, commits[3f4de2de-7d09-498f-aead-42327df81d94:c772]
2019-08-05 04:37:43,505 INFO  client.GrpcClientProtocolClient (GrpcClientProtocolClient.java:onNext(255)) - client-C12DAE7A5037->3f4de2de-7d09-498f-aead-42327df81d94: receive RaftClientReply:client-C12DAE7A5037->3f4de2de-7d09-498f-aead-42327df81d94@group-C7908E81CC6B, cid=523, SUCCESS, logIndex=770, commits[3f4de2de-7d09-498f-aead-42327df81d94:c773]
2019-08-05 04:37:43,506 INFO  client.GrpcClientProtocolClient (GrpcClientProtocolClient.java:onNext(255)) - client-C12DAE7A5037->3f4de2de-7d09-498f-aead-42327df81d94: receive RaftClientReply:client-C12DAE7A5037->3f4de2de-7d09-498f-aead-42327df81d94@group-C7908E81CC6B, cid=524, SUCCESS, logIndex=771, commits[3f4de2de-7d09-498f-aead-42327df81d94:c773]
2019-08-05 04:37:43,528 INFO  client.GrpcClientProtocolClient (GrpcClientProtocolClient.java:onNext(255)) - client-C12DAE7A5037->3f4de2de-7d09-498f-aead-42327df81d94: receive RaftClientReply:client-C12DAE7A5037->3f4de2de-7d09-498f-aead-42327df81d94@group-C7908E81CC6B, cid=525, SUCCESS, logIndex=774, commits[3f4de2de-7d09-498f-aead-42327df81d94:c777]
2019-08-05 04:37:43,528 INFO  client.GrpcClientProtocolClient (GrpcClientProtocolClient.java:onNext(255)) - client-C12DAE7A5037->3f4de2de-7d09-498f-aead-42327df81d94: receive RaftClientReply:client-C12DAE7A5037->3f4de2de-7d09-498f-aead-42327df81d94@group-C7908E81CC6B, cid=526, SUCCESS, logIndex=775, commits[3f4de2de-7d09-498f-aead-42327df81d94:c778]
2019-08-05 04:37:43,529 INFO  client.GrpcClientProtocolClient (GrpcClientProtocolClient.java:onNext(255)) - client-C12DAE7A5037->3f4de2de-7d09-498f-aead-42327df81d94: receive RaftClientReply:client-C12DAE7A5037->3f4de2de-7d09-498f-aead-42327df81d94@group-C7908E81CC6B, cid=527, SUCCESS, logIndex=776, commits[3f4de2de-7d09-498f-aead-42327df81d94:c779]
2019-08-05 04:37:43,529 INFO  client.GrpcClientProtocolClient (GrpcClientProtocolClient.java:onNext(255)) - client-C12DAE7A5037->3f4de2de-7d09-498f-aead-42327df81d94: receive RaftClientReply:client-C12DAE7A5037->3f4de2de-7d09-498f-aead-42327df81d94@group-C7908E81CC6B, cid=528, SUCCESS, logIndex=777, commits[3f4de2de-7d09-498f-aead-42327df81d94:c779]
2019-08-05 04:37:43,557 INFO  client.GrpcClientProtocolClient (GrpcClientProtocolClient.java:onNext(255)) - client-C12DAE7A5037->3f4de2de-7d09-498f-aead-42327df81d94: receive RaftClientReply:client-C12DAE7A5037->3f4de2de-7d09-498f-aead-42327df81d94@group-C7908E81CC6B, cid=529, SUCCESS, logIndex=780, commits[3f4de2de-7d09-498f-aead-42327df81d94:c781]
2019-08-05 04:37:43,558 INFO  client.GrpcClientProtocolClient (GrpcClientProtocolClient.java:onNext(255)) - client-C12DAE7A5037->3f4de2de-7d09-498f-aead-42327df81d94: receive RaftClientReply:client-C12DAE7A5037->3f4de2de-7d09-498f-aead-42327df81d94@group-C7908E81CC6B, cid=530, SUCCESS, logIndex=781, commits[3f4de2de-7d09-498f-aead-42327df81d94:c782]
2019-08-05 04:37:43,561 DEBUG block.SCMBlockDeletingService (SCMBlockDeletingService.java:call(138)) - Running DeletedBlockTransactionScanner
2019-08-05 04:37:43,562 DEBUG block.SCMBlockDeletingService (SCMBlockDeletingService.java:call(155)) - Scanned deleted blocks log and got 0 delTX to process.
2019-08-05 04:37:43,662 DEBUG block.SCMBlockDeletingService (SCMBlockDeletingService.java:call(138)) - Running DeletedBlockTransactionScanner
2019-08-05 04:37:43,662 DEBUG block.SCMBlockDeletingService (SCMBlockDeletingService.java:call(155)) - Scanned deleted blocks log and got 0 delTX to process.
2019-08-05 04:37:43,664 INFO  client.GrpcClientProtocolClient (GrpcClientProtocolClient.java:onNext(255)) - client-C12DAE7A5037->3f4de2de-7d09-498f-aead-42327df81d94: receive RaftClientReply:client-C12DAE7A5037->3f4de2de-7d09-498f-aead-42327df81d94@group-C7908E81CC6B, cid=531, SUCCESS, logIndex=783, commits[3f4de2de-7d09-498f-aead-42327df81d94:c784]
2019-08-05 04:37:43,665 INFO  client.GrpcClientProtocolClient (GrpcClientProtocolClient.java:onNext(255)) - client-C12DAE7A5037->3f4de2de-7d09-498f-aead-42327df81d94: receive RaftClientReply:client-C12DAE7A5037->3f4de2de-7d09-498f-aead-42327df81d94@group-C7908E81CC6B, cid=532, SUCCESS, logIndex=784, commits[3f4de2de-7d09-498f-aead-42327df81d94:c785]
2019-08-05 04:37:43,686 INFO  client.GrpcClientProtocolClient (GrpcClientProtocolClient.java:onNext(255)) - client-C12DAE7A5037->3f4de2de-7d09-498f-aead-42327df81d94: receive RaftClientReply:client-C12DAE7A5037->3f4de2de-7d09-498f-aead-42327df81d94@group-C7908E81CC6B, cid=533, SUCCESS, logIndex=786, commits[3f4de2de-7d09-498f-aead-42327df81d94:c787]
2019-08-05 04:37:43,687 INFO  client.GrpcClientProtocolClient (GrpcClientProtocolClient.java:onNext(255)) - client-C12DAE7A5037->3f4de2de-7d09-498f-aead-42327df81d94: receive RaftClientReply:client-C12DAE7A5037->3f4de2de-7d09-498f-aead-42327df81d94@group-C7908E81CC6B, cid=534, SUCCESS, logIndex=787, commits[3f4de2de-7d09-498f-aead-42327df81d94:c789]
2019-08-05 04:37:43,688 INFO  client.GrpcClientProtocolClient (GrpcClientProtocolClient.java:onNext(255)) - client-C12DAE7A5037->3f4de2de-7d09-498f-aead-42327df81d94: receive RaftClientReply:client-C12DAE7A5037->3f4de2de-7d09-498f-aead-42327df81d94@group-C7908E81CC6B, cid=535, SUCCESS, logIndex=788, commits[3f4de2de-7d09-498f-aead-42327df81d94:c790]
2019-08-05 04:37:43,688 INFO  client.GrpcClientProtocolClient (GrpcClientProtocolClient.java:onNext(255)) - client-C12DAE7A5037->3f4de2de-7d09-498f-aead-42327df81d94: receive RaftClientReply:client-C12DAE7A5037->3f4de2de-7d09-498f-aead-42327df81d94@group-C7908E81CC6B, cid=536, SUCCESS, logIndex=789, commits[3f4de2de-7d09-498f-aead-42327df81d94:c791]
2019-08-05 04:37:43,718 INFO  client.GrpcClientProtocolClient (GrpcClientProtocolClient.java:onNext(255)) - client-C12DAE7A5037->3f4de2de-7d09-498f-aead-42327df81d94: receive RaftClientReply:client-C12DAE7A5037->3f4de2de-7d09-498f-aead-42327df81d94@group-C7908E81CC6B, cid=537, SUCCESS, logIndex=792, commits[3f4de2de-7d09-498f-aead-42327df81d94:c793]
2019-08-05 04:37:43,719 INFO  client.GrpcClientProtocolClient (GrpcClientProtocolClient.java:onNext(255)) - client-C12DAE7A5037->3f4de2de-7d09-498f-aead-42327df81d94: receive RaftClientReply:client-C12DAE7A5037->3f4de2de-7d09-498f-aead-42327df81d94@group-C7908E81CC6B, cid=538, SUCCESS, logIndex=793, commits[3f4de2de-7d09-498f-aead-42327df81d94:c795]
2019-08-05 04:37:43,719 INFO  client.GrpcClientProtocolClient (GrpcClientProtocolClient.java:onNext(255)) - client-C12DAE7A5037->3f4de2de-7d09-498f-aead-42327df81d94: receive RaftClientReply:client-C12DAE7A5037->3f4de2de-7d09-498f-aead-42327df81d94@group-C7908E81CC6B, cid=539, SUCCESS, logIndex=794, commits[3f4de2de-7d09-498f-aead-42327df81d94:c796]
2019-08-05 04:37:43,719 INFO  client.GrpcClientProtocolClient (GrpcClientProtocolClient.java:onNext(255)) - client-C12DAE7A5037->3f4de2de-7d09-498f-aead-42327df81d94: receive RaftClientReply:client-C12DAE7A5037->3f4de2de-7d09-498f-aead-42327df81d94@group-C7908E81CC6B, cid=540, SUCCESS, logIndex=795, commits[3f4de2de-7d09-498f-aead-42327df81d94:c797]
2019-08-05 04:37:43,746 INFO  client.GrpcClientProtocolClient (GrpcClientProtocolClient.java:onNext(255)) - client-C12DAE7A5037->3f4de2de-7d09-498f-aead-42327df81d94: receive RaftClientReply:client-C12DAE7A5037->3f4de2de-7d09-498f-aead-42327df81d94@group-C7908E81CC6B, cid=541, SUCCESS, logIndex=798, commits[3f4de2de-7d09-498f-aead-42327df81d94:c799]
2019-08-05 04:37:43,747 INFO  client.GrpcClientProtocolClient (GrpcClientProtocolClient.java:onNext(255)) - client-C12DAE7A5037->3f4de2de-7d09-498f-aead-42327df81d94: receive RaftClientReply:client-C12DAE7A5037->3f4de2de-7d09-498f-aead-42327df81d94@group-C7908E81CC6B, cid=542, SUCCESS, logIndex=799, commits[3f4de2de-7d09-498f-aead-42327df81d94:c802]
2019-08-05 04:37:43,747 INFO  client.GrpcClientProtocolClient (GrpcClientProtocolClient.java:onNext(255)) - client-C12DAE7A5037->3f4de2de-7d09-498f-aead-42327df81d94: receive RaftClientReply:client-C12DAE7A5037->3f4de2de-7d09-498f-aead-42327df81d94@group-C7908E81CC6B, cid=543, SUCCESS, logIndex=800, commits[3f4de2de-7d09-498f-aead-42327df81d94:c802]
2019-08-05 04:37:43,748 INFO  client.GrpcClientProtocolClient (GrpcClientProtocolClient.java:onNext(255)) - client-C12DAE7A5037->3f4de2de-7d09-498f-aead-42327df81d94: receive RaftClientReply:client-C12DAE7A5037->3f4de2de-7d09-498f-aead-42327df81d94@group-C7908E81CC6B, cid=544, SUCCESS, logIndex=801, commits[3f4de2de-7d09-498f-aead-42327df81d94:c803]
2019-08-05 04:37:43,763 DEBUG block.SCMBlockDeletingService (SCMBlockDeletingService.java:call(138)) - Running DeletedBlockTransactionScanner
2019-08-05 04:37:43,763 DEBUG block.SCMBlockDeletingService (SCMBlockDeletingService.java:call(155)) - Scanned deleted blocks log and got 0 delTX to process.
2019-08-05 04:37:43,776 INFO  client.GrpcClientProtocolClient (GrpcClientProtocolClient.java:onNext(255)) - client-C12DAE7A5037->3f4de2de-7d09-498f-aead-42327df81d94: receive RaftClientReply:client-C12DAE7A5037->3f4de2de-7d09-498f-aead-42327df81d94@group-C7908E81CC6B, cid=545, SUCCESS, logIndex=804, commits[3f4de2de-7d09-498f-aead-42327df81d94:c807]
2019-08-05 04:37:43,777 INFO  client.GrpcClientProtocolClient (GrpcClientProtocolClient.java:onNext(255)) - client-C12DAE7A5037->3f4de2de-7d09-498f-aead-42327df81d94: receive RaftClientReply:client-C12DAE7A5037->3f4de2de-7d09-498f-aead-42327df81d94@group-C7908E81CC6B, cid=546, SUCCESS, logIndex=805, commits[3f4de2de-7d09-498f-aead-42327df81d94:c808]
2019-08-05 04:37:43,777 INFO  client.GrpcClientProtocolClient (GrpcClientProtocolClient.java:onNext(255)) - client-C12DAE7A5037->3f4de2de-7d09-498f-aead-42327df81d94: receive RaftClientReply:client-C12DAE7A5037->3f4de2de-7d09-498f-aead-42327df81d94@group-C7908E81CC6B, cid=547, SUCCESS, logIndex=806, commits[3f4de2de-7d09-498f-aead-42327df81d94:c808]
2019-08-05 04:37:43,778 INFO  client.GrpcClientProtocolClient (GrpcClientProtocolClient.java:onNext(255)) - client-C12DAE7A5037->3f4de2de-7d09-498f-aead-42327df81d94: receive RaftClientReply:client-C12DAE7A5037->3f4de2de-7d09-498f-aead-42327df81d94@group-C7908E81CC6B, cid=548, SUCCESS, logIndex=807, commits[3f4de2de-7d09-498f-aead-42327df81d94:c809]
2019-08-05 04:37:43,800 INFO  client.GrpcClientProtocolClient (GrpcClientProtocolClient.java:onNext(255)) - client-C12DAE7A5037->3f4de2de-7d09-498f-aead-42327df81d94: receive RaftClientReply:client-C12DAE7A5037->3f4de2de-7d09-498f-aead-42327df81d94@group-C7908E81CC6B, cid=549, SUCCESS, logIndex=810, commits[3f4de2de-7d09-498f-aead-42327df81d94:c811]
2019-08-05 04:37:43,801 INFO  client.GrpcClientProtocolClient (GrpcClientProtocolClient.java:onNext(255)) - client-C12DAE7A5037->3f4de2de-7d09-498f-aead-42327df81d94: receive RaftClientReply:client-C12DAE7A5037->3f4de2de-7d09-498f-aead-42327df81d94@group-C7908E81CC6B, cid=550, SUCCESS, logIndex=811, commits[3f4de2de-7d09-498f-aead-42327df81d94:c814]
2019-08-05 04:37:43,802 INFO  client.GrpcClientProtocolClient (GrpcClientProtocolClient.java:onNext(255)) - client-C12DAE7A5037->3f4de2de-7d09-498f-aead-42327df81d94: receive RaftClientReply:client-C12DAE7A5037->3f4de2de-7d09-498f-aead-42327df81d94@group-C7908E81CC6B, cid=551, SUCCESS, logIndex=812, commits[3f4de2de-7d09-498f-aead-42327df81d94:c814]
2019-08-05 04:37:43,802 INFO  client.GrpcClientProtocolClient (GrpcClientProtocolClient.java:onNext(255)) - client-C12DAE7A5037->3f4de2de-7d09-498f-aead-42327df81d94: receive RaftClientReply:client-C12DAE7A5037->3f4de2de-7d09-498f-aead-42327df81d94@group-C7908E81CC6B, cid=552, SUCCESS, logIndex=813, commits[3f4de2de-7d09-498f-aead-42327df81d94:c815]
2019-08-05 04:37:43,829 INFO  client.GrpcClientProtocolClient (GrpcClientProtocolClient.java:onNext(255)) - client-C12DAE7A5037->3f4de2de-7d09-498f-aead-42327df81d94: receive RaftClientReply:client-C12DAE7A5037->3f4de2de-7d09-498f-aead-42327df81d94@group-C7908E81CC6B, cid=553, SUCCESS, logIndex=816, commits[3f4de2de-7d09-498f-aead-42327df81d94:c819]
2019-08-05 04:37:43,829 INFO  client.GrpcClientProtocolClient (GrpcClientProtocolClient.java:onNext(255)) - client-C12DAE7A5037->3f4de2de-7d09-498f-aead-42327df81d94: receive RaftClientReply:client-C12DAE7A5037->3f4de2de-7d09-498f-aead-42327df81d94@group-C7908E81CC6B, cid=554, SUCCESS, logIndex=817, commits[3f4de2de-7d09-498f-aead-42327df81d94:c820]
2019-08-05 04:37:43,830 INFO  client.GrpcClientProtocolClient (GrpcClientProtocolClient.java:onNext(255)) - client-C12DAE7A5037->3f4de2de-7d09-498f-aead-42327df81d94: receive RaftClientReply:client-C12DAE7A5037->3f4de2de-7d09-498f-aead-42327df81d94@group-C7908E81CC6B, cid=555, SUCCESS, logIndex=818, commits[3f4de2de-7d09-498f-aead-42327df81d94:c820]
2019-08-05 04:37:43,830 INFO  client.GrpcClientProtocolClient (GrpcClientProtocolClient.java:onNext(255)) - client-C12DAE7A5037->3f4de2de-7d09-498f-aead-42327df81d94: receive RaftClientReply:client-C12DAE7A5037->3f4de2de-7d09-498f-aead-42327df81d94@group-C7908E81CC6B, cid=556, SUCCESS, logIndex=819, commits[3f4de2de-7d09-498f-aead-42327df81d94:c821]
2019-08-05 04:37:43,850 INFO  client.GrpcClientProtocolClient (GrpcClientProtocolClient.java:onNext(255)) - client-C12DAE7A5037->3f4de2de-7d09-498f-aead-42327df81d94: receive RaftClientReply:client-C12DAE7A5037->3f4de2de-7d09-498f-aead-42327df81d94@group-C7908E81CC6B, cid=557, SUCCESS, logIndex=822, commits[3f4de2de-7d09-498f-aead-42327df81d94:c823]
2019-08-05 04:37:43,851 INFO  client.GrpcClientProtocolClient (GrpcClientProtocolClient.java:onNext(255)) - client-C12DAE7A5037->3f4de2de-7d09-498f-aead-42327df81d94: receive RaftClientReply:client-C12DAE7A5037->3f4de2de-7d09-498f-aead-42327df81d94@group-C7908E81CC6B, cid=558, SUCCESS, logIndex=823, commits[3f4de2de-7d09-498f-aead-42327df81d94:c825]
2019-08-05 04:37:43,851 INFO  client.GrpcClientProtocolClient (GrpcClientProtocolClient.java:onNext(255)) - client-C12DAE7A5037->3f4de2de-7d09-498f-aead-42327df81d94: receive RaftClientReply:client-C12DAE7A5037->3f4de2de-7d09-498f-aead-42327df81d94@group-C7908E81CC6B, cid=559, SUCCESS, logIndex=824, commits[3f4de2de-7d09-498f-aead-42327df81d94:c826]
2019-08-05 04:37:43,852 INFO  client.GrpcClientProtocolClient (GrpcClientProtocolClient.java:onNext(255)) - client-C12DAE7A5037->3f4de2de-7d09-498f-aead-42327df81d94: receive RaftClientReply:client-C12DAE7A5037->3f4de2de-7d09-498f-aead-42327df81d94@group-C7908E81CC6B, cid=560, SUCCESS, logIndex=825, commits[3f4de2de-7d09-498f-aead-42327df81d94:c827]
2019-08-05 04:37:43,864 DEBUG block.SCMBlockDeletingService (SCMBlockDeletingService.java:call(138)) - Running DeletedBlockTransactionScanner
2019-08-05 04:37:43,864 DEBUG block.SCMBlockDeletingService (SCMBlockDeletingService.java:call(155)) - Scanned deleted blocks log and got 0 delTX to process.
2019-08-05 04:37:43,878 INFO  client.GrpcClientProtocolClient (GrpcClientProtocolClient.java:onNext(255)) - client-C12DAE7A5037->3f4de2de-7d09-498f-aead-42327df81d94: receive RaftClientReply:client-C12DAE7A5037->3f4de2de-7d09-498f-aead-42327df81d94@group-C7908E81CC6B, cid=561, SUCCESS, logIndex=828, commits[3f4de2de-7d09-498f-aead-42327df81d94:c829]
2019-08-05 04:37:43,879 INFO  client.GrpcClientProtocolClient (GrpcClientProtocolClient.java:onNext(255)) - client-C12DAE7A5037->3f4de2de-7d09-498f-aead-42327df81d94: receive RaftClientReply:client-C12DAE7A5037->3f4de2de-7d09-498f-aead-42327df81d94@group-C7908E81CC6B, cid=562, SUCCESS, logIndex=829, commits[3f4de2de-7d09-498f-aead-42327df81d94:c831]
2019-08-05 04:37:43,879 INFO  client.GrpcClientProtocolClient (GrpcClientProtocolClient.java:onNext(255)) - client-C12DAE7A5037->3f4de2de-7d09-498f-aead-42327df81d94: receive RaftClientReply:client-C12DAE7A5037->3f4de2de-7d09-498f-aead-42327df81d94@group-C7908E81CC6B, cid=563, SUCCESS, logIndex=830, commits[3f4de2de-7d09-498f-aead-42327df81d94:c832]
2019-08-05 04:37:43,880 INFO  client.GrpcClientProtocolClient (GrpcClientProtocolClient.java:onNext(255)) - client-C12DAE7A5037->3f4de2de-7d09-498f-aead-42327df81d94: receive RaftClientReply:client-C12DAE7A5037->3f4de2de-7d09-498f-aead-42327df81d94@group-C7908E81CC6B, cid=564, SUCCESS, logIndex=831, commits[3f4de2de-7d09-498f-aead-42327df81d94:c832]
2019-08-05 04:37:43,900 INFO  client.GrpcClientProtocolClient (GrpcClientProtocolClient.java:onNext(255)) - client-C12DAE7A5037->3f4de2de-7d09-498f-aead-42327df81d94: receive RaftClientReply:client-C12DAE7A5037->3f4de2de-7d09-498f-aead-42327df81d94@group-C7908E81CC6B, cid=565, SUCCESS, logIndex=834, commits[3f4de2de-7d09-498f-aead-42327df81d94:c835]
2019-08-05 04:37:43,900 INFO  client.GrpcClientProtocolClient (GrpcClientProtocolClient.java:onNext(255)) - client-C12DAE7A5037->3f4de2de-7d09-498f-aead-42327df81d94: receive RaftClientReply:client-C12DAE7A5037->3f4de2de-7d09-498f-aead-42327df81d94@group-C7908E81CC6B, cid=566, SUCCESS, logIndex=835, commits[3f4de2de-7d09-498f-aead-42327df81d94:c837]
2019-08-05 04:37:43,901 INFO  client.GrpcClientProtocolClient (GrpcClientProtocolClient.java:onNext(255)) - client-C12DAE7A5037->3f4de2de-7d09-498f-aead-42327df81d94: receive RaftClientReply:client-C12DAE7A5037->3f4de2de-7d09-498f-aead-42327df81d94@group-C7908E81CC6B, cid=567, SUCCESS, logIndex=836, commits[3f4de2de-7d09-498f-aead-42327df81d94:c837]
2019-08-05 04:37:43,901 INFO  client.GrpcClientProtocolClient (GrpcClientProtocolClient.java:onNext(255)) - client-C12DAE7A5037->3f4de2de-7d09-498f-aead-42327df81d94: receive RaftClientReply:client-C12DAE7A5037->3f4de2de-7d09-498f-aead-42327df81d94@group-C7908E81CC6B, cid=568, SUCCESS, logIndex=837, commits[3f4de2de-7d09-498f-aead-42327df81d94:c838]
2019-08-05 04:37:43,928 INFO  client.GrpcClientProtocolClient (GrpcClientProtocolClient.java:onNext(255)) - client-C12DAE7A5037->3f4de2de-7d09-498f-aead-42327df81d94: receive RaftClientReply:client-C12DAE7A5037->3f4de2de-7d09-498f-aead-42327df81d94@group-C7908E81CC6B, cid=569, SUCCESS, logIndex=840, commits[3f4de2de-7d09-498f-aead-42327df81d94:c843]
2019-08-05 04:37:43,929 INFO  client.GrpcClientProtocolClient (GrpcClientProtocolClient.java:onNext(255)) - client-C12DAE7A5037->3f4de2de-7d09-498f-aead-42327df81d94: receive RaftClientReply:client-C12DAE7A5037->3f4de2de-7d09-498f-aead-42327df81d94@group-C7908E81CC6B, cid=570, SUCCESS, logIndex=841, commits[3f4de2de-7d09-498f-aead-42327df81d94:c844]
2019-08-05 04:37:43,929 INFO  client.GrpcClientProtocolClient (GrpcClientProtocolClient.java:onNext(255)) - client-C12DAE7A5037->3f4de2de-7d09-498f-aead-42327df81d94: receive RaftClientReply:client-C12DAE7A5037->3f4de2de-7d09-498f-aead-42327df81d94@group-C7908E81CC6B, cid=571, SUCCESS, logIndex=842, commits[3f4de2de-7d09-498f-aead-42327df81d94:c844]
2019-08-05 04:37:43,929 INFO  client.GrpcClientProtocolClient (GrpcClientProtocolClient.java:onNext(255)) - client-C12DAE7A5037->3f4de2de-7d09-498f-aead-42327df81d94: receive RaftClientReply:client-C12DAE7A5037->3f4de2de-7d09-498f-aead-42327df81d94@group-C7908E81CC6B, cid=572, SUCCESS, logIndex=843, commits[3f4de2de-7d09-498f-aead-42327df81d94:c845]
2019-08-05 04:37:43,952 INFO  client.GrpcClientProtocolClient (GrpcClientProtocolClient.java:onNext(255)) - client-C12DAE7A5037->3f4de2de-7d09-498f-aead-42327df81d94: receive RaftClientReply:client-C12DAE7A5037->3f4de2de-7d09-498f-aead-42327df81d94@group-C7908E81CC6B, cid=573, SUCCESS, logIndex=846, commits[3f4de2de-7d09-498f-aead-42327df81d94:c847]
2019-08-05 04:37:43,953 INFO  client.GrpcClientProtocolClient (GrpcClientProtocolClient.java:onNext(255)) - client-C12DAE7A5037->3f4de2de-7d09-498f-aead-42327df81d94: receive RaftClientReply:client-C12DAE7A5037->3f4de2de-7d09-498f-aead-42327df81d94@group-C7908E81CC6B, cid=574, SUCCESS, logIndex=847, commits[3f4de2de-7d09-498f-aead-42327df81d94:c847]
2019-08-05 04:37:43,964 DEBUG block.SCMBlockDeletingService (SCMBlockDeletingService.java:call(138)) - Running DeletedBlockTransactionScanner
2019-08-05 04:37:43,965 DEBUG block.SCMBlockDeletingService (SCMBlockDeletingService.java:call(155)) - Scanned deleted blocks log and got 0 delTX to process.
2019-08-05 04:37:44,052 INFO  client.GrpcClientProtocolClient (GrpcClientProtocolClient.java:onNext(255)) - client-C12DAE7A5037->3f4de2de-7d09-498f-aead-42327df81d94: receive RaftClientReply:client-C12DAE7A5037->3f4de2de-7d09-498f-aead-42327df81d94@group-C7908E81CC6B, cid=575, SUCCESS, logIndex=849, commits[3f4de2de-7d09-498f-aead-42327df81d94:c850]
2019-08-05 04:37:44,053 INFO  client.GrpcClientProtocolClient (GrpcClientProtocolClient.java:onNext(255)) - client-C12DAE7A5037->3f4de2de-7d09-498f-aead-42327df81d94: receive RaftClientReply:client-C12DAE7A5037->3f4de2de-7d09-498f-aead-42327df81d94@group-C7908E81CC6B, cid=576, SUCCESS, logIndex=850, commits[3f4de2de-7d09-498f-aead-42327df81d94:c851]
2019-08-05 04:37:44,065 DEBUG block.SCMBlockDeletingService (SCMBlockDeletingService.java:call(138)) - Running DeletedBlockTransactionScanner
2019-08-05 04:37:44,065 DEBUG block.SCMBlockDeletingService (SCMBlockDeletingService.java:call(155)) - Scanned deleted blocks log and got 0 delTX to process.
2019-08-05 04:37:44,080 INFO  client.GrpcClientProtocolClient (GrpcClientProtocolClient.java:onNext(255)) - client-C12DAE7A5037->3f4de2de-7d09-498f-aead-42327df81d94: receive RaftClientReply:client-C12DAE7A5037->3f4de2de-7d09-498f-aead-42327df81d94@group-C7908E81CC6B, cid=577, SUCCESS, logIndex=852, commits[3f4de2de-7d09-498f-aead-42327df81d94:c853]
2019-08-05 04:37:44,081 INFO  client.GrpcClientProtocolClient (GrpcClientProtocolClient.java:onNext(255)) - client-C12DAE7A5037->3f4de2de-7d09-498f-aead-42327df81d94: receive RaftClientReply:client-C12DAE7A5037->3f4de2de-7d09-498f-aead-42327df81d94@group-C7908E81CC6B, cid=578, SUCCESS, logIndex=853, commits[3f4de2de-7d09-498f-aead-42327df81d94:c856]
2019-08-05 04:37:44,081 INFO  client.GrpcClientProtocolClient (GrpcClientProtocolClient.java:onNext(255)) - client-C12DAE7A5037->3f4de2de-7d09-498f-aead-42327df81d94: receive RaftClientReply:client-C12DAE7A5037->3f4de2de-7d09-498f-aead-42327df81d94@group-C7908E81CC6B, cid=579, SUCCESS, logIndex=854, commits[3f4de2de-7d09-498f-aead-42327df81d94:c856]
2019-08-05 04:37:44,081 INFO  client.GrpcClientProtocolClient (GrpcClientProtocolClient.java:onNext(255)) - client-C12DAE7A5037->3f4de2de-7d09-498f-aead-42327df81d94: receive RaftClientReply:client-C12DAE7A5037->3f4de2de-7d09-498f-aead-42327df81d94@group-C7908E81CC6B, cid=580, SUCCESS, logIndex=855, commits[3f4de2de-7d09-498f-aead-42327df81d94:c857]
2019-08-05 04:37:44,166 DEBUG block.SCMBlockDeletingService (SCMBlockDeletingService.java:call(138)) - Running DeletedBlockTransactionScanner
2019-08-05 04:37:44,166 DEBUG block.SCMBlockDeletingService (SCMBlockDeletingService.java:call(155)) - Scanned deleted blocks log and got 0 delTX to process.
2019-08-05 04:37:44,179 INFO  client.GrpcClientProtocolClient (GrpcClientProtocolClient.java:onNext(255)) - client-C12DAE7A5037->3f4de2de-7d09-498f-aead-42327df81d94: receive RaftClientReply:client-C12DAE7A5037->3f4de2de-7d09-498f-aead-42327df81d94@group-C7908E81CC6B, cid=581, SUCCESS, logIndex=858, commits[3f4de2de-7d09-498f-aead-42327df81d94:c859]
2019-08-05 04:37:44,180 INFO  client.GrpcClientProtocolClient (GrpcClientProtocolClient.java:onNext(255)) - client-C12DAE7A5037->3f4de2de-7d09-498f-aead-42327df81d94: receive RaftClientReply:client-C12DAE7A5037->3f4de2de-7d09-498f-aead-42327df81d94@group-C7908E81CC6B, cid=582, SUCCESS, logIndex=859, commits[3f4de2de-7d09-498f-aead-42327df81d94:c862]
2019-08-05 04:37:44,180 INFO  client.GrpcClientProtocolClient (GrpcClientProtocolClient.java:onNext(255)) - client-C12DAE7A5037->3f4de2de-7d09-498f-aead-42327df81d94: receive RaftClientReply:client-C12DAE7A5037->3f4de2de-7d09-498f-aead-42327df81d94@group-C7908E81CC6B, cid=583, SUCCESS, logIndex=860, commits[3f4de2de-7d09-498f-aead-42327df81d94:c863]
2019-08-05 04:37:44,181 INFO  client.GrpcClientProtocolClient (GrpcClientProtocolClient.java:onNext(255)) - client-C12DAE7A5037->3f4de2de-7d09-498f-aead-42327df81d94: receive RaftClientReply:client-C12DAE7A5037->3f4de2de-7d09-498f-aead-42327df81d94@group-C7908E81CC6B, cid=584, SUCCESS, logIndex=861, commits[3f4de2de-7d09-498f-aead-42327df81d94:c863]
2019-08-05 04:37:44,212 INFO  client.GrpcClientProtocolClient (GrpcClientProtocolClient.java:onNext(255)) - client-C12DAE7A5037->3f4de2de-7d09-498f-aead-42327df81d94: receive RaftClientReply:client-C12DAE7A5037->3f4de2de-7d09-498f-aead-42327df81d94@group-C7908E81CC6B, cid=585, SUCCESS, logIndex=864, commits[3f4de2de-7d09-498f-aead-42327df81d94:c865]
2019-08-05 04:37:44,212 INFO  client.GrpcClientProtocolClient (GrpcClientProtocolClient.java:onNext(255)) - client-C12DAE7A5037->3f4de2de-7d09-498f-aead-42327df81d94: receive RaftClientReply:client-C12DAE7A5037->3f4de2de-7d09-498f-aead-42327df81d94@group-C7908E81CC6B, cid=586, SUCCESS, logIndex=865, commits[3f4de2de-7d09-498f-aead-42327df81d94:c868]
2019-08-05 04:37:44,213 INFO  client.GrpcClientProtocolClient (GrpcClientProtocolClient.java:onNext(255)) - client-C12DAE7A5037->3f4de2de-7d09-498f-aead-42327df81d94: receive RaftClientReply:client-C12DAE7A5037->3f4de2de-7d09-498f-aead-42327df81d94@group-C7908E81CC6B, cid=587, SUCCESS, logIndex=866, commits[3f4de2de-7d09-498f-aead-42327df81d94:c868]
2019-08-05 04:37:44,213 INFO  client.GrpcClientProtocolClient (GrpcClientProtocolClient.java:onNext(255)) - client-C12DAE7A5037->3f4de2de-7d09-498f-aead-42327df81d94: receive RaftClientReply:client-C12DAE7A5037->3f4de2de-7d09-498f-aead-42327df81d94@group-C7908E81CC6B, cid=588, SUCCESS, logIndex=867, commits[3f4de2de-7d09-498f-aead-42327df81d94:c869]
2019-08-05 04:37:44,236 INFO  client.GrpcClientProtocolClient (GrpcClientProtocolClient.java:onNext(255)) - client-C12DAE7A5037->3f4de2de-7d09-498f-aead-42327df81d94: receive RaftClientReply:client-C12DAE7A5037->3f4de2de-7d09-498f-aead-42327df81d94@group-C7908E81CC6B, cid=589, SUCCESS, logIndex=870, commits[3f4de2de-7d09-498f-aead-42327df81d94:c871]
2019-08-05 04:37:44,236 INFO  client.GrpcClientProtocolClient (GrpcClientProtocolClient.java:onNext(255)) - client-C12DAE7A5037->3f4de2de-7d09-498f-aead-42327df81d94: receive RaftClientReply:client-C12DAE7A5037->3f4de2de-7d09-498f-aead-42327df81d94@group-C7908E81CC6B, cid=590, SUCCESS, logIndex=871, commits[3f4de2de-7d09-498f-aead-42327df81d94:c874]
2019-08-05 04:37:44,237 INFO  client.GrpcClientProtocolClient (GrpcClientProtocolClient.java:onNext(255)) - client-C12DAE7A5037->3f4de2de-7d09-498f-aead-42327df81d94: receive RaftClientReply:client-C12DAE7A5037->3f4de2de-7d09-498f-aead-42327df81d94@group-C7908E81CC6B, cid=591, SUCCESS, logIndex=872, commits[3f4de2de-7d09-498f-aead-42327df81d94:c875]
2019-08-05 04:37:44,237 INFO  client.GrpcClientProtocolClient (GrpcClientProtocolClient.java:onNext(255)) - client-C12DAE7A5037->3f4de2de-7d09-498f-aead-42327df81d94: receive RaftClientReply:client-C12DAE7A5037->3f4de2de-7d09-498f-aead-42327df81d94@group-C7908E81CC6B, cid=592, SUCCESS, logIndex=873, commits[3f4de2de-7d09-498f-aead-42327df81d94:c875]
2019-08-05 04:37:44,266 INFO  client.GrpcClientProtocolClient (GrpcClientProtocolClient.java:onNext(255)) - client-C12DAE7A5037->3f4de2de-7d09-498f-aead-42327df81d94: receive RaftClientReply:client-C12DAE7A5037->3f4de2de-7d09-498f-aead-42327df81d94@group-C7908E81CC6B, cid=593, SUCCESS, logIndex=876, commits[3f4de2de-7d09-498f-aead-42327df81d94:c877]
2019-08-05 04:37:44,267 DEBUG block.SCMBlockDeletingService (SCMBlockDeletingService.java:call(138)) - Running DeletedBlockTransactionScanner
2019-08-05 04:37:44,267 DEBUG block.SCMBlockDeletingService (SCMBlockDeletingService.java:call(155)) - Scanned deleted blocks log and got 0 delTX to process.
2019-08-05 04:37:44,267 INFO  client.GrpcClientProtocolClient (GrpcClientProtocolClient.java:onNext(255)) - client-C12DAE7A5037->3f4de2de-7d09-498f-aead-42327df81d94: receive RaftClientReply:client-C12DAE7A5037->3f4de2de-7d09-498f-aead-42327df81d94@group-C7908E81CC6B, cid=594, SUCCESS, logIndex=877, commits[3f4de2de-7d09-498f-aead-42327df81d94:c879]
2019-08-05 04:37:44,268 INFO  client.GrpcClientProtocolClient (GrpcClientProtocolClient.java:onNext(255)) - client-C12DAE7A5037->3f4de2de-7d09-498f-aead-42327df81d94: receive RaftClientReply:client-C12DAE7A5037->3f4de2de-7d09-498f-aead-42327df81d94@group-C7908E81CC6B, cid=595, SUCCESS, logIndex=878, commits[3f4de2de-7d09-498f-aead-42327df81d94:c880]
2019-08-05 04:37:44,268 INFO  client.GrpcClientProtocolClient (GrpcClientProtocolClient.java:onNext(255)) - client-C12DAE7A5037->3f4de2de-7d09-498f-aead-42327df81d94: receive RaftClientReply:client-C12DAE7A5037->3f4de2de-7d09-498f-aead-42327df81d94@group-C7908E81CC6B, cid=596, SUCCESS, logIndex=879, commits[3f4de2de-7d09-498f-aead-42327df81d94:c881]
2019-08-05 04:37:44,289 INFO  client.GrpcClientProtocolClient (GrpcClientProtocolClient.java:onNext(255)) - client-C12DAE7A5037->3f4de2de-7d09-498f-aead-42327df81d94: receive RaftClientReply:client-C12DAE7A5037->3f4de2de-7d09-498f-aead-42327df81d94@group-C7908E81CC6B, cid=597, SUCCESS, logIndex=882, commits[3f4de2de-7d09-498f-aead-42327df81d94:c883]
2019-08-05 04:37:44,289 INFO  client.GrpcClientProtocolClient (GrpcClientProtocolClient.java:onNext(255)) - client-C12DAE7A5037->3f4de2de-7d09-498f-aead-42327df81d94: receive RaftClientReply:client-C12DAE7A5037->3f4de2de-7d09-498f-aead-42327df81d94@group-C7908E81CC6B, cid=598, SUCCESS, logIndex=883, commits[3f4de2de-7d09-498f-aead-42327df81d94:c885]
2019-08-05 04:37:44,290 INFO  client.GrpcClientProtocolClient (GrpcClientProtocolClient.java:onNext(255)) - client-C12DAE7A5037->3f4de2de-7d09-498f-aead-42327df81d94: receive RaftClientReply:client-C12DAE7A5037->3f4de2de-7d09-498f-aead-42327df81d94@group-C7908E81CC6B, cid=599, SUCCESS, logIndex=884, commits[3f4de2de-7d09-498f-aead-42327df81d94:c886]
2019-08-05 04:37:44,290 INFO  client.GrpcClientProtocolClient (GrpcClientProtocolClient.java:onNext(255)) - client-C12DAE7A5037->3f4de2de-7d09-498f-aead-42327df81d94: receive RaftClientReply:client-C12DAE7A5037->3f4de2de-7d09-498f-aead-42327df81d94@group-C7908E81CC6B, cid=600, SUCCESS, logIndex=885, commits[3f4de2de-7d09-498f-aead-42327df81d94:c887]
2019-08-05 04:37:44,318 INFO  client.GrpcClientProtocolClient (GrpcClientProtocolClient.java:onNext(255)) - client-C12DAE7A5037->3f4de2de-7d09-498f-aead-42327df81d94: receive RaftClientReply:client-C12DAE7A5037->3f4de2de-7d09-498f-aead-42327df81d94@group-C7908E81CC6B, cid=601, SUCCESS, logIndex=888, commits[3f4de2de-7d09-498f-aead-42327df81d94:c889]
2019-08-05 04:37:44,319 INFO  client.GrpcClientProtocolClient (GrpcClientProtocolClient.java:onNext(255)) - client-C12DAE7A5037->3f4de2de-7d09-498f-aead-42327df81d94: receive RaftClientReply:client-C12DAE7A5037->3f4de2de-7d09-498f-aead-42327df81d94@group-C7908E81CC6B, cid=602, SUCCESS, logIndex=889, commits[3f4de2de-7d09-498f-aead-42327df81d94:c891]
2019-08-05 04:37:44,319 INFO  client.GrpcClientProtocolClient (GrpcClientProtocolClient.java:onNext(255)) - client-C12DAE7A5037->3f4de2de-7d09-498f-aead-42327df81d94: receive RaftClientReply:client-C12DAE7A5037->3f4de2de-7d09-498f-aead-42327df81d94@group-C7908E81CC6B, cid=603, SUCCESS, logIndex=890, commits[3f4de2de-7d09-498f-aead-42327df81d94:c892]
2019-08-05 04:37:44,319 INFO  client.GrpcClientProtocolClient (GrpcClientProtocolClient.java:onNext(255)) - client-C12DAE7A5037->3f4de2de-7d09-498f-aead-42327df81d94: receive RaftClientReply:client-C12DAE7A5037->3f4de2de-7d09-498f-aead-42327df81d94@group-C7908E81CC6B, cid=604, SUCCESS, logIndex=891, commits[3f4de2de-7d09-498f-aead-42327df81d94:c893]
2019-08-05 04:37:44,340 INFO  client.GrpcClientProtocolClient (GrpcClientProtocolClient.java:onNext(255)) - client-C12DAE7A5037->3f4de2de-7d09-498f-aead-42327df81d94: receive RaftClientReply:client-C12DAE7A5037->3f4de2de-7d09-498f-aead-42327df81d94@group-C7908E81CC6B, cid=605, SUCCESS, logIndex=894, commits[3f4de2de-7d09-498f-aead-42327df81d94:c895]
2019-08-05 04:37:44,340 INFO  client.GrpcClientProtocolClient (GrpcClientProtocolClient.java:onNext(255)) - client-C12DAE7A5037->3f4de2de-7d09-498f-aead-42327df81d94: receive RaftClientReply:client-C12DAE7A5037->3f4de2de-7d09-498f-aead-42327df81d94@group-C7908E81CC6B, cid=606, SUCCESS, logIndex=895, commits[3f4de2de-7d09-498f-aead-42327df81d94:c898]
2019-08-05 04:37:44,342 INFO  client.GrpcClientProtocolClient (GrpcClientProtocolClient.java:onNext(255)) - client-C12DAE7A5037->3f4de2de-7d09-498f-aead-42327df81d94: receive RaftClientReply:client-C12DAE7A5037->3f4de2de-7d09-498f-aead-42327df81d94@group-C7908E81CC6B, cid=607, SUCCESS, logIndex=896, commits[3f4de2de-7d09-498f-aead-42327df81d94:c898]
2019-08-05 04:37:44,343 INFO  client.GrpcClientProtocolClient (GrpcClientProtocolClient.java:onNext(255)) - client-C12DAE7A5037->3f4de2de-7d09-498f-aead-42327df81d94: receive RaftClientReply:client-C12DAE7A5037->3f4de2de-7d09-498f-aead-42327df81d94@group-C7908E81CC6B, cid=608, SUCCESS, logIndex=897, commits[3f4de2de-7d09-498f-aead-42327df81d94:c899]
2019-08-05 04:37:44,367 DEBUG block.SCMBlockDeletingService (SCMBlockDeletingService.java:call(138)) - Running DeletedBlockTransactionScanner
2019-08-05 04:37:44,368 DEBUG block.SCMBlockDeletingService (SCMBlockDeletingService.java:call(155)) - Scanned deleted blocks log and got 0 delTX to process.
2019-08-05 04:37:44,374 INFO  client.GrpcClientProtocolClient (GrpcClientProtocolClient.java:onNext(255)) - client-C12DAE7A5037->3f4de2de-7d09-498f-aead-42327df81d94: receive RaftClientReply:client-C12DAE7A5037->3f4de2de-7d09-498f-aead-42327df81d94@group-C7908E81CC6B, cid=609, SUCCESS, logIndex=900, commits[3f4de2de-7d09-498f-aead-42327df81d94:c901]
2019-08-05 04:37:44,374 INFO  client.GrpcClientProtocolClient (GrpcClientProtocolClient.java:onNext(255)) - client-C12DAE7A5037->3f4de2de-7d09-498f-aead-42327df81d94: receive RaftClientReply:client-C12DAE7A5037->3f4de2de-7d09-498f-aead-42327df81d94@group-C7908E81CC6B, cid=610, SUCCESS, logIndex=901, commits[3f4de2de-7d09-498f-aead-42327df81d94:c903]
2019-08-05 04:37:44,375 INFO  client.GrpcClientProtocolClient (GrpcClientProtocolClient.java:onNext(255)) - client-C12DAE7A5037->3f4de2de-7d09-498f-aead-42327df81d94: receive RaftClientReply:client-C12DAE7A5037->3f4de2de-7d09-498f-aead-42327df81d94@group-C7908E81CC6B, cid=611, SUCCESS, logIndex=902, commits[3f4de2de-7d09-498f-aead-42327df81d94:c904]
2019-08-05 04:37:44,375 INFO  client.GrpcClientProtocolClient (GrpcClientProtocolClient.java:onNext(255)) - client-C12DAE7A5037->3f4de2de-7d09-498f-aead-42327df81d94: receive RaftClientReply:client-C12DAE7A5037->3f4de2de-7d09-498f-aead-42327df81d94@group-C7908E81CC6B, cid=612, SUCCESS, logIndex=903, commits[3f4de2de-7d09-498f-aead-42327df81d94:c905]
2019-08-05 04:37:44,395 INFO  client.GrpcClientProtocolClient (GrpcClientProtocolClient.java:onNext(255)) - client-C12DAE7A5037->3f4de2de-7d09-498f-aead-42327df81d94: receive RaftClientReply:client-C12DAE7A5037->3f4de2de-7d09-498f-aead-42327df81d94@group-C7908E81CC6B, cid=613, SUCCESS, logIndex=906, commits[3f4de2de-7d09-498f-aead-42327df81d94:c907]
2019-08-05 04:37:44,396 INFO  client.GrpcClientProtocolClient (GrpcClientProtocolClient.java:onNext(255)) - client-C12DAE7A5037->3f4de2de-7d09-498f-aead-42327df81d94: receive RaftClientReply:client-C12DAE7A5037->3f4de2de-7d09-498f-aead-42327df81d94@group-C7908E81CC6B, cid=614, SUCCESS, logIndex=907, commits[3f4de2de-7d09-498f-aead-42327df81d94:c909]
2019-08-05 04:37:44,396 INFO  client.GrpcClientProtocolClient (GrpcClientProtocolClient.java:onNext(255)) - client-C12DAE7A5037->3f4de2de-7d09-498f-aead-42327df81d94: receive RaftClientReply:client-C12DAE7A5037->3f4de2de-7d09-498f-aead-42327df81d94@group-C7908E81CC6B, cid=615, SUCCESS, logIndex=908, commits[3f4de2de-7d09-498f-aead-42327df81d94:c910]
2019-08-05 04:37:44,397 INFO  client.GrpcClientProtocolClient (GrpcClientProtocolClient.java:onNext(255)) - client-C12DAE7A5037->3f4de2de-7d09-498f-aead-42327df81d94: receive RaftClientReply:client-C12DAE7A5037->3f4de2de-7d09-498f-aead-42327df81d94@group-C7908E81CC6B, cid=616, SUCCESS, logIndex=909, commits[3f4de2de-7d09-498f-aead-42327df81d94:c911]
2019-08-05 04:37:44,424 INFO  client.GrpcClientProtocolClient (GrpcClientProtocolClient.java:onNext(255)) - client-C12DAE7A5037->3f4de2de-7d09-498f-aead-42327df81d94: receive RaftClientReply:client-C12DAE7A5037->3f4de2de-7d09-498f-aead-42327df81d94@group-C7908E81CC6B, cid=617, SUCCESS, logIndex=912, commits[3f4de2de-7d09-498f-aead-42327df81d94:c913]
2019-08-05 04:37:44,425 INFO  client.GrpcClientProtocolClient (GrpcClientProtocolClient.java:onNext(255)) - client-C12DAE7A5037->3f4de2de-7d09-498f-aead-42327df81d94: receive RaftClientReply:client-C12DAE7A5037->3f4de2de-7d09-498f-aead-42327df81d94@group-C7908E81CC6B, cid=618, SUCCESS, logIndex=913, commits[3f4de2de-7d09-498f-aead-42327df81d94:c914]
2019-08-05 04:37:44,468 DEBUG block.SCMBlockDeletingService (SCMBlockDeletingService.java:call(138)) - Running DeletedBlockTransactionScanner
2019-08-05 04:37:44,469 DEBUG block.SCMBlockDeletingService (SCMBlockDeletingService.java:call(155)) - Scanned deleted blocks log and got 0 delTX to process.
2019-08-05 04:37:44,553 INFO  client.GrpcClientProtocolClient (GrpcClientProtocolClient.java:onNext(255)) - client-C12DAE7A5037->3f4de2de-7d09-498f-aead-42327df81d94: receive RaftClientReply:client-C12DAE7A5037->3f4de2de-7d09-498f-aead-42327df81d94@group-C7908E81CC6B, cid=619, SUCCESS, logIndex=915, commits[3f4de2de-7d09-498f-aead-42327df81d94:c916]
2019-08-05 04:37:44,554 INFO  client.GrpcClientProtocolClient (GrpcClientProtocolClient.java:onNext(255)) - client-C12DAE7A5037->3f4de2de-7d09-498f-aead-42327df81d94: receive RaftClientReply:client-C12DAE7A5037->3f4de2de-7d09-498f-aead-42327df81d94@group-C7908E81CC6B, cid=620, SUCCESS, logIndex=916, commits[3f4de2de-7d09-498f-aead-42327df81d94:c917]
2019-08-05 04:37:44,569 DEBUG block.SCMBlockDeletingService (SCMBlockDeletingService.java:call(138)) - Running DeletedBlockTransactionScanner
2019-08-05 04:37:44,569 DEBUG block.SCMBlockDeletingService (SCMBlockDeletingService.java:call(155)) - Scanned deleted blocks log and got 0 delTX to process.
2019-08-05 04:37:44,575 INFO  client.GrpcClientProtocolClient (GrpcClientProtocolClient.java:onNext(255)) - client-C12DAE7A5037->3f4de2de-7d09-498f-aead-42327df81d94: receive RaftClientReply:client-C12DAE7A5037->3f4de2de-7d09-498f-aead-42327df81d94@group-C7908E81CC6B, cid=621, SUCCESS, logIndex=918, commits[3f4de2de-7d09-498f-aead-42327df81d94:c919]
2019-08-05 04:37:44,575 INFO  client.GrpcClientProtocolClient (GrpcClientProtocolClient.java:onNext(255)) - client-C12DAE7A5037->3f4de2de-7d09-498f-aead-42327df81d94: receive RaftClientReply:client-C12DAE7A5037->3f4de2de-7d09-498f-aead-42327df81d94@group-C7908E81CC6B, cid=622, SUCCESS, logIndex=919, commits[3f4de2de-7d09-498f-aead-42327df81d94:c921]
2019-08-05 04:37:44,576 INFO  client.GrpcClientProtocolClient (GrpcClientProtocolClient.java:onNext(255)) - client-C12DAE7A5037->3f4de2de-7d09-498f-aead-42327df81d94: receive RaftClientReply:client-C12DAE7A5037->3f4de2de-7d09-498f-aead-42327df81d94@group-C7908E81CC6B, cid=623, SUCCESS, logIndex=920, commits[3f4de2de-7d09-498f-aead-42327df81d94:c922]
2019-08-05 04:37:44,576 INFO  client.GrpcClientProtocolClient (GrpcClientProtocolClient.java:onNext(255)) - client-C12DAE7A5037->3f4de2de-7d09-498f-aead-42327df81d94: receive RaftClientReply:client-C12DAE7A5037->3f4de2de-7d09-498f-aead-42327df81d94@group-C7908E81CC6B, cid=624, SUCCESS, logIndex=921, commits[3f4de2de-7d09-498f-aead-42327df81d94:c923]
2019-08-05 04:37:44,605 INFO  client.GrpcClientProtocolClient (GrpcClientProtocolClient.java:onNext(255)) - client-C12DAE7A5037->3f4de2de-7d09-498f-aead-42327df81d94: receive RaftClientReply:client-C12DAE7A5037->3f4de2de-7d09-498f-aead-42327df81d94@group-C7908E81CC6B, cid=625, SUCCESS, logIndex=924, commits[3f4de2de-7d09-498f-aead-42327df81d94:c925]
2019-08-05 04:37:44,605 INFO  client.GrpcClientProtocolClient (GrpcClientProtocolClient.java:onNext(255)) - client-C12DAE7A5037->3f4de2de-7d09-498f-aead-42327df81d94: receive RaftClientReply:client-C12DAE7A5037->3f4de2de-7d09-498f-aead-42327df81d94@group-C7908E81CC6B, cid=626, SUCCESS, logIndex=925, commits[3f4de2de-7d09-498f-aead-42327df81d94:c927]
2019-08-05 04:37:44,606 INFO  client.GrpcClientProtocolClient (GrpcClientProtocolClient.java:onNext(255)) - client-C12DAE7A5037->3f4de2de-7d09-498f-aead-42327df81d94: receive RaftClientReply:client-C12DAE7A5037->3f4de2de-7d09-498f-aead-42327df81d94@group-C7908E81CC6B, cid=627, SUCCESS, logIndex=926, commits[3f4de2de-7d09-498f-aead-42327df81d94:c928]
2019-08-05 04:37:44,606 INFO  client.GrpcClientProtocolClient (GrpcClientProtocolClient.java:onNext(255)) - client-C12DAE7A5037->3f4de2de-7d09-498f-aead-42327df81d94: receive RaftClientReply:client-C12DAE7A5037->3f4de2de-7d09-498f-aead-42327df81d94@group-C7908E81CC6B, cid=628, SUCCESS, logIndex=927, commits[3f4de2de-7d09-498f-aead-42327df81d94:c929]
2019-08-05 04:37:44,626 INFO  client.GrpcClientProtocolClient (GrpcClientProtocolClient.java:onNext(255)) - client-C12DAE7A5037->3f4de2de-7d09-498f-aead-42327df81d94: receive RaftClientReply:client-C12DAE7A5037->3f4de2de-7d09-498f-aead-42327df81d94@group-C7908E81CC6B, cid=629, SUCCESS, logIndex=930, commits[3f4de2de-7d09-498f-aead-42327df81d94:c933]
2019-08-05 04:37:44,626 INFO  client.GrpcClientProtocolClient (GrpcClientProtocolClient.java:onNext(255)) - client-C12DAE7A5037->3f4de2de-7d09-498f-aead-42327df81d94: receive RaftClientReply:client-C12DAE7A5037->3f4de2de-7d09-498f-aead-42327df81d94@group-C7908E81CC6B, cid=630, SUCCESS, logIndex=931, commits[3f4de2de-7d09-498f-aead-42327df81d94:c934]
2019-08-05 04:37:44,627 INFO  client.GrpcClientProtocolClient (GrpcClientProtocolClient.java:onNext(255)) - client-C12DAE7A5037->3f4de2de-7d09-498f-aead-42327df81d94: receive RaftClientReply:client-C12DAE7A5037->3f4de2de-7d09-498f-aead-42327df81d94@group-C7908E81CC6B, cid=631, SUCCESS, logIndex=932, commits[3f4de2de-7d09-498f-aead-42327df81d94:c934]
2019-08-05 04:37:44,628 INFO  client.GrpcClientProtocolClient (GrpcClientProtocolClient.java:onNext(255)) - client-C12DAE7A5037->3f4de2de-7d09-498f-aead-42327df81d94: receive RaftClientReply:client-C12DAE7A5037->3f4de2de-7d09-498f-aead-42327df81d94@group-C7908E81CC6B, cid=632, SUCCESS, logIndex=933, commits[3f4de2de-7d09-498f-aead-42327df81d94:c935]
2019-08-05 04:37:44,648 INFO  client.GrpcClientProtocolClient (GrpcClientProtocolClient.java:onNext(255)) - client-C12DAE7A5037->3f4de2de-7d09-498f-aead-42327df81d94: receive RaftClientReply:client-C12DAE7A5037->3f4de2de-7d09-498f-aead-42327df81d94@group-C7908E81CC6B, cid=633, SUCCESS, logIndex=936, commits[3f4de2de-7d09-498f-aead-42327df81d94:c937]
2019-08-05 04:37:44,649 INFO  client.GrpcClientProtocolClient (GrpcClientProtocolClient.java:onNext(255)) - client-C12DAE7A5037->3f4de2de-7d09-498f-aead-42327df81d94: receive RaftClientReply:client-C12DAE7A5037->3f4de2de-7d09-498f-aead-42327df81d94@group-C7908E81CC6B, cid=634, SUCCESS, logIndex=937, commits[3f4de2de-7d09-498f-aead-42327df81d94:c939]
2019-08-05 04:37:44,649 INFO  client.GrpcClientProtocolClient (GrpcClientProtocolClient.java:onNext(255)) - client-C12DAE7A5037->3f4de2de-7d09-498f-aead-42327df81d94: receive RaftClientReply:client-C12DAE7A5037->3f4de2de-7d09-498f-aead-42327df81d94@group-C7908E81CC6B, cid=635, SUCCESS, logIndex=938, commits[3f4de2de-7d09-498f-aead-42327df81d94:c940]
2019-08-05 04:37:44,649 INFO  client.GrpcClientProtocolClient (GrpcClientProtocolClient.java:onNext(255)) - client-C12DAE7A5037->3f4de2de-7d09-498f-aead-42327df81d94: receive RaftClientReply:client-C12DAE7A5037->3f4de2de-7d09-498f-aead-42327df81d94@group-C7908E81CC6B, cid=636, SUCCESS, logIndex=939, commits[3f4de2de-7d09-498f-aead-42327df81d94:c941]
2019-08-05 04:37:44,670 DEBUG block.SCMBlockDeletingService (SCMBlockDeletingService.java:call(138)) - Running DeletedBlockTransactionScanner
2019-08-05 04:37:44,670 DEBUG block.SCMBlockDeletingService (SCMBlockDeletingService.java:call(155)) - Scanned deleted blocks log and got 0 delTX to process.
2019-08-05 04:37:44,672 INFO  client.GrpcClientProtocolClient (GrpcClientProtocolClient.java:onNext(255)) - client-C12DAE7A5037->3f4de2de-7d09-498f-aead-42327df81d94: receive RaftClientReply:client-C12DAE7A5037->3f4de2de-7d09-498f-aead-42327df81d94@group-C7908E81CC6B, cid=637, SUCCESS, logIndex=942, commits[3f4de2de-7d09-498f-aead-42327df81d94:c943]
2019-08-05 04:37:44,672 INFO  client.GrpcClientProtocolClient (GrpcClientProtocolClient.java:onNext(255)) - client-C12DAE7A5037->3f4de2de-7d09-498f-aead-42327df81d94: receive RaftClientReply:client-C12DAE7A5037->3f4de2de-7d09-498f-aead-42327df81d94@group-C7908E81CC6B, cid=638, SUCCESS, logIndex=943, commits[3f4de2de-7d09-498f-aead-42327df81d94:c945]
2019-08-05 04:37:44,673 INFO  client.GrpcClientProtocolClient (GrpcClientProtocolClient.java:onNext(255)) - client-C12DAE7A5037->3f4de2de-7d09-498f-aead-42327df81d94: receive RaftClientReply:client-C12DAE7A5037->3f4de2de-7d09-498f-aead-42327df81d94@group-C7908E81CC6B, cid=639, SUCCESS, logIndex=944, commits[3f4de2de-7d09-498f-aead-42327df81d94:c946]
2019-08-05 04:37:44,674 INFO  client.GrpcClientProtocolClient (GrpcClientProtocolClient.java:onNext(255)) - client-C12DAE7A5037->3f4de2de-7d09-498f-aead-42327df81d94: receive RaftClientReply:client-C12DAE7A5037->3f4de2de-7d09-498f-aead-42327df81d94@group-C7908E81CC6B, cid=640, SUCCESS, logIndex=945, commits[3f4de2de-7d09-498f-aead-42327df81d94:c946]
2019-08-05 04:37:44,700 INFO  client.GrpcClientProtocolClient (GrpcClientProtocolClient.java:onNext(255)) - client-C12DAE7A5037->3f4de2de-7d09-498f-aead-42327df81d94: receive RaftClientReply:client-C12DAE7A5037->3f4de2de-7d09-498f-aead-42327df81d94@group-C7908E81CC6B, cid=641, SUCCESS, logIndex=948, commits[3f4de2de-7d09-498f-aead-42327df81d94:c949]
2019-08-05 04:37:44,701 INFO  client.GrpcClientProtocolClient (GrpcClientProtocolClient.java:onNext(255)) - client-C12DAE7A5037->3f4de2de-7d09-498f-aead-42327df81d94: receive RaftClientReply:client-C12DAE7A5037->3f4de2de-7d09-498f-aead-42327df81d94@group-C7908E81CC6B, cid=642, SUCCESS, logIndex=949, commits[3f4de2de-7d09-498f-aead-42327df81d94:c951]
2019-08-05 04:37:44,701 INFO  client.GrpcClientProtocolClient (GrpcClientProtocolClient.java:onNext(255)) - client-C12DAE7A5037->3f4de2de-7d09-498f-aead-42327df81d94: receive RaftClientReply:client-C12DAE7A5037->3f4de2de-7d09-498f-aead-42327df81d94@group-C7908E81CC6B, cid=643, SUCCESS, logIndex=950, commits[3f4de2de-7d09-498f-aead-42327df81d94:c952]
2019-08-05 04:37:44,701 INFO  client.GrpcClientProtocolClient (GrpcClientProtocolClient.java:onNext(255)) - client-C12DAE7A5037->3f4de2de-7d09-498f-aead-42327df81d94: receive RaftClientReply:client-C12DAE7A5037->3f4de2de-7d09-498f-aead-42327df81d94@group-C7908E81CC6B, cid=644, SUCCESS, logIndex=951, commits[3f4de2de-7d09-498f-aead-42327df81d94:c952]
2019-08-05 04:37:44,721 INFO  client.GrpcClientProtocolClient (GrpcClientProtocolClient.java:onNext(255)) - client-C12DAE7A5037->3f4de2de-7d09-498f-aead-42327df81d94: receive RaftClientReply:client-C12DAE7A5037->3f4de2de-7d09-498f-aead-42327df81d94@group-C7908E81CC6B, cid=645, SUCCESS, logIndex=954, commits[3f4de2de-7d09-498f-aead-42327df81d94:c957]
2019-08-05 04:37:44,722 INFO  client.GrpcClientProtocolClient (GrpcClientProtocolClient.java:onNext(255)) - client-C12DAE7A5037->3f4de2de-7d09-498f-aead-42327df81d94: receive RaftClientReply:client-C12DAE7A5037->3f4de2de-7d09-498f-aead-42327df81d94@group-C7908E81CC6B, cid=646, SUCCESS, logIndex=955, commits[3f4de2de-7d09-498f-aead-42327df81d94:c958]
2019-08-05 04:37:44,722 INFO  client.GrpcClientProtocolClient (GrpcClientProtocolClient.java:onNext(255)) - client-C12DAE7A5037->3f4de2de-7d09-498f-aead-42327df81d94: receive RaftClientReply:client-C12DAE7A5037->3f4de2de-7d09-498f-aead-42327df81d94@group-C7908E81CC6B, cid=647, SUCCESS, logIndex=956, commits[3f4de2de-7d09-498f-aead-42327df81d94:c958]
2019-08-05 04:37:44,723 INFO  client.GrpcClientProtocolClient (GrpcClientProtocolClient.java:onNext(255)) - client-C12DAE7A5037->3f4de2de-7d09-498f-aead-42327df81d94: receive RaftClientReply:client-C12DAE7A5037->3f4de2de-7d09-498f-aead-42327df81d94@group-C7908E81CC6B, cid=648, SUCCESS, logIndex=957, commits[3f4de2de-7d09-498f-aead-42327df81d94:c959]
2019-08-05 04:37:44,749 INFO  client.GrpcClientProtocolClient (GrpcClientProtocolClient.java:onNext(255)) - client-C12DAE7A5037->3f4de2de-7d09-498f-aead-42327df81d94: receive RaftClientReply:client-C12DAE7A5037->3f4de2de-7d09-498f-aead-42327df81d94@group-C7908E81CC6B, cid=649, SUCCESS, logIndex=960, commits[3f4de2de-7d09-498f-aead-42327df81d94:c961]
2019-08-05 04:37:44,750 INFO  client.GrpcClientProtocolClient (GrpcClientProtocolClient.java:onNext(255)) - client-C12DAE7A5037->3f4de2de-7d09-498f-aead-42327df81d94: receive RaftClientReply:client-C12DAE7A5037->3f4de2de-7d09-498f-aead-42327df81d94@group-C7908E81CC6B, cid=650, SUCCESS, logIndex=961, commits[3f4de2de-7d09-498f-aead-42327df81d94:c963]
2019-08-05 04:37:44,751 INFO  client.GrpcClientProtocolClient (GrpcClientProtocolClient.java:onNext(255)) - client-C12DAE7A5037->3f4de2de-7d09-498f-aead-42327df81d94: receive RaftClientReply:client-C12DAE7A5037->3f4de2de-7d09-498f-aead-42327df81d94@group-C7908E81CC6B, cid=651, SUCCESS, logIndex=962, commits[3f4de2de-7d09-498f-aead-42327df81d94:c964]
2019-08-05 04:37:44,751 INFO  client.GrpcClientProtocolClient (GrpcClientProtocolClient.java:onNext(255)) - client-C12DAE7A5037->3f4de2de-7d09-498f-aead-42327df81d94: receive RaftClientReply:client-C12DAE7A5037->3f4de2de-7d09-498f-aead-42327df81d94@group-C7908E81CC6B, cid=652, SUCCESS, logIndex=963, commits[3f4de2de-7d09-498f-aead-42327df81d94:c964]
2019-08-05 04:37:44,771 INFO  client.GrpcClientProtocolClient (GrpcClientProtocolClient.java:onNext(255)) - client-C12DAE7A5037->3f4de2de-7d09-498f-aead-42327df81d94: receive RaftClientReply:client-C12DAE7A5037->3f4de2de-7d09-498f-aead-42327df81d94@group-C7908E81CC6B, cid=653, SUCCESS, logIndex=966, commits[3f4de2de-7d09-498f-aead-42327df81d94:c967]
2019-08-05 04:37:44,771 DEBUG block.SCMBlockDeletingService (SCMBlockDeletingService.java:call(138)) - Running DeletedBlockTransactionScanner
2019-08-05 04:37:44,771 INFO  client.GrpcClientProtocolClient (GrpcClientProtocolClient.java:onNext(255)) - client-C12DAE7A5037->3f4de2de-7d09-498f-aead-42327df81d94: receive RaftClientReply:client-C12DAE7A5037->3f4de2de-7d09-498f-aead-42327df81d94@group-C7908E81CC6B, cid=654, SUCCESS, logIndex=967, commits[3f4de2de-7d09-498f-aead-42327df81d94:c969]
2019-08-05 04:37:44,771 DEBUG block.SCMBlockDeletingService (SCMBlockDeletingService.java:call(155)) - Scanned deleted blocks log and got 0 delTX to process.
2019-08-05 04:37:44,772 INFO  client.GrpcClientProtocolClient (GrpcClientProtocolClient.java:onNext(255)) - client-C12DAE7A5037->3f4de2de-7d09-498f-aead-42327df81d94: receive RaftClientReply:client-C12DAE7A5037->3f4de2de-7d09-498f-aead-42327df81d94@group-C7908E81CC6B, cid=655, SUCCESS, logIndex=968, commits[3f4de2de-7d09-498f-aead-42327df81d94:c969]
2019-08-05 04:37:44,772 INFO  client.GrpcClientProtocolClient (GrpcClientProtocolClient.java:onNext(255)) - client-C12DAE7A5037->3f4de2de-7d09-498f-aead-42327df81d94: receive RaftClientReply:client-C12DAE7A5037->3f4de2de-7d09-498f-aead-42327df81d94@group-C7908E81CC6B, cid=656, SUCCESS, logIndex=969, commits[3f4de2de-7d09-498f-aead-42327df81d94:c970]
2019-08-05 04:37:44,797 INFO  client.GrpcClientProtocolClient (GrpcClientProtocolClient.java:onNext(255)) - client-C12DAE7A5037->3f4de2de-7d09-498f-aead-42327df81d94: receive RaftClientReply:client-C12DAE7A5037->3f4de2de-7d09-498f-aead-42327df81d94@group-C7908E81CC6B, cid=657, SUCCESS, logIndex=972, commits[3f4de2de-7d09-498f-aead-42327df81d94:c973]
2019-08-05 04:37:44,798 INFO  client.GrpcClientProtocolClient (GrpcClientProtocolClient.java:onNext(255)) - client-C12DAE7A5037->3f4de2de-7d09-498f-aead-42327df81d94: receive RaftClientReply:client-C12DAE7A5037->3f4de2de-7d09-498f-aead-42327df81d94@group-C7908E81CC6B, cid=658, SUCCESS, logIndex=973, commits[3f4de2de-7d09-498f-aead-42327df81d94:c975]
2019-08-05 04:37:44,799 INFO  client.GrpcClientProtocolClient (GrpcClientProtocolClient.java:onNext(255)) - client-C12DAE7A5037->3f4de2de-7d09-498f-aead-42327df81d94: receive RaftClientReply:client-C12DAE7A5037->3f4de2de-7d09-498f-aead-42327df81d94@group-C7908E81CC6B, cid=659, SUCCESS, logIndex=974, commits[3f4de2de-7d09-498f-aead-42327df81d94:c976]
2019-08-05 04:37:44,799 INFO  client.GrpcClientProtocolClient (GrpcClientProtocolClient.java:onNext(255)) - client-C12DAE7A5037->3f4de2de-7d09-498f-aead-42327df81d94: receive RaftClientReply:client-C12DAE7A5037->3f4de2de-7d09-498f-aead-42327df81d94@group-C7908E81CC6B, cid=660, SUCCESS, logIndex=975, commits[3f4de2de-7d09-498f-aead-42327df81d94:c977]
2019-08-05 04:37:44,872 DEBUG block.SCMBlockDeletingService (SCMBlockDeletingService.java:call(138)) - Running DeletedBlockTransactionScanner
2019-08-05 04:37:44,872 DEBUG block.SCMBlockDeletingService (SCMBlockDeletingService.java:call(155)) - Scanned deleted blocks log and got 0 delTX to process.
2019-08-05 04:37:44,888 INFO  client.GrpcClientProtocolClient (GrpcClientProtocolClient.java:onNext(255)) - client-C12DAE7A5037->3f4de2de-7d09-498f-aead-42327df81d94: receive RaftClientReply:client-C12DAE7A5037->3f4de2de-7d09-498f-aead-42327df81d94@group-C7908E81CC6B, cid=661, SUCCESS, logIndex=978, commits[3f4de2de-7d09-498f-aead-42327df81d94:c979]
2019-08-05 04:37:44,888 INFO  client.GrpcClientProtocolClient (GrpcClientProtocolClient.java:onNext(255)) - client-C12DAE7A5037->3f4de2de-7d09-498f-aead-42327df81d94: receive RaftClientReply:client-C12DAE7A5037->3f4de2de-7d09-498f-aead-42327df81d94@group-C7908E81CC6B, cid=662, SUCCESS, logIndex=979, commits[3f4de2de-7d09-498f-aead-42327df81d94:c979]
2019-08-05 04:37:44,972 DEBUG block.SCMBlockDeletingService (SCMBlockDeletingService.java:call(138)) - Running DeletedBlockTransactionScanner
2019-08-05 04:37:44,973 DEBUG block.SCMBlockDeletingService (SCMBlockDeletingService.java:call(155)) - Scanned deleted blocks log and got 0 delTX to process.
2019-08-05 04:37:45,003 INFO  client.GrpcClientProtocolClient (GrpcClientProtocolClient.java:onNext(255)) - client-C12DAE7A5037->3f4de2de-7d09-498f-aead-42327df81d94: receive RaftClientReply:client-C12DAE7A5037->3f4de2de-7d09-498f-aead-42327df81d94@group-C7908E81CC6B, cid=663, SUCCESS, logIndex=981, commits[3f4de2de-7d09-498f-aead-42327df81d94:c982]
2019-08-05 04:37:45,003 INFO  client.GrpcClientProtocolClient (GrpcClientProtocolClient.java:onNext(255)) - client-C12DAE7A5037->3f4de2de-7d09-498f-aead-42327df81d94: receive RaftClientReply:client-C12DAE7A5037->3f4de2de-7d09-498f-aead-42327df81d94@group-C7908E81CC6B, cid=664, SUCCESS, logIndex=982, commits[3f4de2de-7d09-498f-aead-42327df81d94:c983]
2019-08-05 04:37:45,032 INFO  client.GrpcClientProtocolClient (GrpcClientProtocolClient.java:onNext(255)) - client-C12DAE7A5037->3f4de2de-7d09-498f-aead-42327df81d94: receive RaftClientReply:client-C12DAE7A5037->3f4de2de-7d09-498f-aead-42327df81d94@group-C7908E81CC6B, cid=665, SUCCESS, logIndex=984, commits[3f4de2de-7d09-498f-aead-42327df81d94:c985]
2019-08-05 04:37:45,032 INFO  client.GrpcClientProtocolClient (GrpcClientProtocolClient.java:onNext(255)) - client-C12DAE7A5037->3f4de2de-7d09-498f-aead-42327df81d94: receive RaftClientReply:client-C12DAE7A5037->3f4de2de-7d09-498f-aead-42327df81d94@group-C7908E81CC6B, cid=666, SUCCESS, logIndex=985, commits[3f4de2de-7d09-498f-aead-42327df81d94:c987]
2019-08-05 04:37:45,033 INFO  client.GrpcClientProtocolClient (GrpcClientProtocolClient.java:onNext(255)) - client-C12DAE7A5037->3f4de2de-7d09-498f-aead-42327df81d94: receive RaftClientReply:client-C12DAE7A5037->3f4de2de-7d09-498f-aead-42327df81d94@group-C7908E81CC6B, cid=667, SUCCESS, logIndex=986, commits[3f4de2de-7d09-498f-aead-42327df81d94:c987]
2019-08-05 04:37:45,034 INFO  client.GrpcClientProtocolClient (GrpcClientProtocolClient.java:onNext(255)) - client-C12DAE7A5037->3f4de2de-7d09-498f-aead-42327df81d94: receive RaftClientReply:client-C12DAE7A5037->3f4de2de-7d09-498f-aead-42327df81d94@group-C7908E81CC6B, cid=668, SUCCESS, logIndex=987, commits[3f4de2de-7d09-498f-aead-42327df81d94:c988]
2019-08-05 04:37:45,058 INFO  client.GrpcClientProtocolClient (GrpcClientProtocolClient.java:onNext(255)) - client-C12DAE7A5037->3f4de2de-7d09-498f-aead-42327df81d94: receive RaftClientReply:client-C12DAE7A5037->3f4de2de-7d09-498f-aead-42327df81d94@group-C7908E81CC6B, cid=669, SUCCESS, logIndex=990, commits[3f4de2de-7d09-498f-aead-42327df81d94:c993]
2019-08-05 04:37:45,063 INFO  client.GrpcClientProtocolClient (GrpcClientProtocolClient.java:onNext(255)) - client-C12DAE7A5037->3f4de2de-7d09-498f-aead-42327df81d94: receive RaftClientReply:client-C12DAE7A5037->3f4de2de-7d09-498f-aead-42327df81d94@group-C7908E81CC6B, cid=670, SUCCESS, logIndex=991, commits[3f4de2de-7d09-498f-aead-42327df81d94:c994]
2019-08-05 04:37:45,063 INFO  client.GrpcClientProtocolClient (GrpcClientProtocolClient.java:onNext(255)) - client-C12DAE7A5037->3f4de2de-7d09-498f-aead-42327df81d94: receive RaftClientReply:client-C12DAE7A5037->3f4de2de-7d09-498f-aead-42327df81d94@group-C7908E81CC6B, cid=671, SUCCESS, logIndex=992, commits[3f4de2de-7d09-498f-aead-42327df81d94:c994]
2019-08-05 04:37:45,064 INFO  client.GrpcClientProtocolClient (GrpcClientProtocolClient.java:onNext(255)) - client-C12DAE7A5037->3f4de2de-7d09-498f-aead-42327df81d94: receive RaftClientReply:client-C12DAE7A5037->3f4de2de-7d09-498f-aead-42327df81d94@group-C7908E81CC6B, cid=672, SUCCESS, logIndex=993, commits[3f4de2de-7d09-498f-aead-42327df81d94:c994]
2019-08-05 04:37:45,073 DEBUG block.SCMBlockDeletingService (SCMBlockDeletingService.java:call(138)) - Running DeletedBlockTransactionScanner
2019-08-05 04:37:45,074 DEBUG block.SCMBlockDeletingService (SCMBlockDeletingService.java:call(155)) - Scanned deleted blocks log and got 0 delTX to process.
2019-08-05 04:37:45,092 INFO  client.GrpcClientProtocolClient (GrpcClientProtocolClient.java:onNext(255)) - client-C12DAE7A5037->3f4de2de-7d09-498f-aead-42327df81d94: receive RaftClientReply:client-C12DAE7A5037->3f4de2de-7d09-498f-aead-42327df81d94@group-C7908E81CC6B, cid=673, SUCCESS, logIndex=995, commits[3f4de2de-7d09-498f-aead-42327df81d94:c998]
2019-08-05 04:37:45,093 INFO  client.GrpcClientProtocolClient (GrpcClientProtocolClient.java:onNext(255)) - client-C12DAE7A5037->3f4de2de-7d09-498f-aead-42327df81d94: receive RaftClientReply:client-C12DAE7A5037->3f4de2de-7d09-498f-aead-42327df81d94@group-C7908E81CC6B, cid=674, SUCCESS, logIndex=996, commits[3f4de2de-7d09-498f-aead-42327df81d94:c999]
2019-08-05 04:37:45,093 INFO  client.GrpcClientProtocolClient (GrpcClientProtocolClient.java:onNext(255)) - client-C12DAE7A5037->3f4de2de-7d09-498f-aead-42327df81d94: receive RaftClientReply:client-C12DAE7A5037->3f4de2de-7d09-498f-aead-42327df81d94@group-C7908E81CC6B, cid=675, SUCCESS, logIndex=997, commits[3f4de2de-7d09-498f-aead-42327df81d94:c1000]
2019-08-05 04:37:45,094 INFO  client.GrpcClientProtocolClient (GrpcClientProtocolClient.java:onNext(255)) - client-C12DAE7A5037->3f4de2de-7d09-498f-aead-42327df81d94: receive RaftClientReply:client-C12DAE7A5037->3f4de2de-7d09-498f-aead-42327df81d94@group-C7908E81CC6B, cid=676, SUCCESS, logIndex=998, commits[3f4de2de-7d09-498f-aead-42327df81d94:c1000]
2019-08-05 04:37:45,113 INFO  client.GrpcClientProtocolClient (GrpcClientProtocolClient.java:onNext(255)) - client-C12DAE7A5037->3f4de2de-7d09-498f-aead-42327df81d94: receive RaftClientReply:client-C12DAE7A5037->3f4de2de-7d09-498f-aead-42327df81d94@group-C7908E81CC6B, cid=677, SUCCESS, logIndex=1001, commits[3f4de2de-7d09-498f-aead-42327df81d94:c1002]
2019-08-05 04:37:45,113 INFO  client.GrpcClientProtocolClient (GrpcClientProtocolClient.java:onNext(255)) - client-C12DAE7A5037->3f4de2de-7d09-498f-aead-42327df81d94: receive RaftClientReply:client-C12DAE7A5037->3f4de2de-7d09-498f-aead-42327df81d94@group-C7908E81CC6B, cid=678, SUCCESS, logIndex=1002, commits[3f4de2de-7d09-498f-aead-42327df81d94:c1005]
2019-08-05 04:37:45,114 INFO  client.GrpcClientProtocolClient (GrpcClientProtocolClient.java:onNext(255)) - client-C12DAE7A5037->3f4de2de-7d09-498f-aead-42327df81d94: receive RaftClientReply:client-C12DAE7A5037->3f4de2de-7d09-498f-aead-42327df81d94@group-C7908E81CC6B, cid=679, SUCCESS, logIndex=1003, commits[3f4de2de-7d09-498f-aead-42327df81d94:c1005]
2019-08-05 04:37:45,114 INFO  client.GrpcClientProtocolClient (GrpcClientProtocolClient.java:onNext(255)) - client-C12DAE7A5037->3f4de2de-7d09-498f-aead-42327df81d94: receive RaftClientReply:client-C12DAE7A5037->3f4de2de-7d09-498f-aead-42327df81d94@group-C7908E81CC6B, cid=680, SUCCESS, logIndex=1004, commits[3f4de2de-7d09-498f-aead-42327df81d94:c1006]
2019-08-05 04:37:45,139 INFO  client.GrpcClientProtocolClient (GrpcClientProtocolClient.java:onNext(255)) - client-C12DAE7A5037->3f4de2de-7d09-498f-aead-42327df81d94: receive RaftClientReply:client-C12DAE7A5037->3f4de2de-7d09-498f-aead-42327df81d94@group-C7908E81CC6B, cid=681, SUCCESS, logIndex=1007, commits[3f4de2de-7d09-498f-aead-42327df81d94:c1010]
2019-08-05 04:37:45,140 INFO  client.GrpcClientProtocolClient (GrpcClientProtocolClient.java:onNext(255)) - client-C12DAE7A5037->3f4de2de-7d09-498f-aead-42327df81d94: receive RaftClientReply:client-C12DAE7A5037->3f4de2de-7d09-498f-aead-42327df81d94@group-C7908E81CC6B, cid=682, SUCCESS, logIndex=1008, commits[3f4de2de-7d09-498f-aead-42327df81d94:c1011]
2019-08-05 04:37:45,140 INFO  client.GrpcClientProtocolClient (GrpcClientProtocolClient.java:onNext(255)) - client-C12DAE7A5037->3f4de2de-7d09-498f-aead-42327df81d94: receive RaftClientReply:client-C12DAE7A5037->3f4de2de-7d09-498f-aead-42327df81d94@group-C7908E81CC6B, cid=683, SUCCESS, logIndex=1009, commits[3f4de2de-7d09-498f-aead-42327df81d94:c1011]
2019-08-05 04:37:45,141 INFO  client.GrpcClientProtocolClient (GrpcClientProtocolClient.java:onNext(255)) - client-C12DAE7A5037->3f4de2de-7d09-498f-aead-42327df81d94: receive RaftClientReply:client-C12DAE7A5037->3f4de2de-7d09-498f-aead-42327df81d94@group-C7908E81CC6B, cid=684, SUCCESS, logIndex=1010, commits[3f4de2de-7d09-498f-aead-42327df81d94:c1012]
2019-08-05 04:37:45,160 INFO  client.GrpcClientProtocolClient (GrpcClientProtocolClient.java:onNext(255)) - client-C12DAE7A5037->3f4de2de-7d09-498f-aead-42327df81d94: receive RaftClientReply:client-C12DAE7A5037->3f4de2de-7d09-498f-aead-42327df81d94@group-C7908E81CC6B, cid=685, SUCCESS, logIndex=1013, commits[3f4de2de-7d09-498f-aead-42327df81d94:c1014]
2019-08-05 04:37:45,160 INFO  client.GrpcClientProtocolClient (GrpcClientProtocolClient.java:onNext(255)) - client-C12DAE7A5037->3f4de2de-7d09-498f-aead-42327df81d94: receive RaftClientReply:client-C12DAE7A5037->3f4de2de-7d09-498f-aead-42327df81d94@group-C7908E81CC6B, cid=686, SUCCESS, logIndex=1014, commits[3f4de2de-7d09-498f-aead-42327df81d94:c1017]
2019-08-05 04:37:45,161 INFO  client.GrpcClientProtocolClient (GrpcClientProtocolClient.java:onNext(255)) - client-C12DAE7A5037->3f4de2de-7d09-498f-aead-42327df81d94: receive RaftClientReply:client-C12DAE7A5037->3f4de2de-7d09-498f-aead-42327df81d94@group-C7908E81CC6B, cid=687, SUCCESS, logIndex=1015, commits[3f4de2de-7d09-498f-aead-42327df81d94:c1017]
2019-08-05 04:37:45,161 INFO  client.GrpcClientProtocolClient (GrpcClientProtocolClient.java:onNext(255)) - client-C12DAE7A5037->3f4de2de-7d09-498f-aead-42327df81d94: receive RaftClientReply:client-C12DAE7A5037->3f4de2de-7d09-498f-aead-42327df81d94@group-C7908E81CC6B, cid=688, SUCCESS, logIndex=1016, commits[3f4de2de-7d09-498f-aead-42327df81d94:c1018]
2019-08-05 04:37:45,174 DEBUG block.SCMBlockDeletingService (SCMBlockDeletingService.java:call(138)) - Running DeletedBlockTransactionScanner
2019-08-05 04:37:45,174 DEBUG block.SCMBlockDeletingService (SCMBlockDeletingService.java:call(155)) - Scanned deleted blocks log and got 0 delTX to process.
2019-08-05 04:37:45,188 INFO  client.GrpcClientProtocolClient (GrpcClientProtocolClient.java:onNext(255)) - client-C12DAE7A5037->3f4de2de-7d09-498f-aead-42327df81d94: receive RaftClientReply:client-C12DAE7A5037->3f4de2de-7d09-498f-aead-42327df81d94@group-C7908E81CC6B, cid=689, SUCCESS, logIndex=1019, commits[3f4de2de-7d09-498f-aead-42327df81d94:c1022]
2019-08-05 04:37:45,189 INFO  client.GrpcClientProtocolClient (GrpcClientProtocolClient.java:onNext(255)) - client-C12DAE7A5037->3f4de2de-7d09-498f-aead-42327df81d94: receive RaftClientReply:client-C12DAE7A5037->3f4de2de-7d09-498f-aead-42327df81d94@group-C7908E81CC6B, cid=690, SUCCESS, logIndex=1020, commits[3f4de2de-7d09-498f-aead-42327df81d94:c1023]
2019-08-05 04:37:45,190 INFO  client.GrpcClientProtocolClient (GrpcClientProtocolClient.java:onNext(255)) - client-C12DAE7A5037->3f4de2de-7d09-498f-aead-42327df81d94: receive RaftClientReply:client-C12DAE7A5037->3f4de2de-7d09-498f-aead-42327df81d94@group-C7908E81CC6B, cid=691, SUCCESS, logIndex=1021, commits[3f4de2de-7d09-498f-aead-42327df81d94:c1023]
2019-08-05 04:37:45,190 INFO  client.GrpcClientProtocolClient (GrpcClientProtocolClient.java:onNext(255)) - client-C12DAE7A5037->3f4de2de-7d09-498f-aead-42327df81d94: receive RaftClientReply:client-C12DAE7A5037->3f4de2de-7d09-498f-aead-42327df81d94@group-C7908E81CC6B, cid=692, SUCCESS, logIndex=1022, commits[3f4de2de-7d09-498f-aead-42327df81d94:c1024]
2019-08-05 04:37:45,211 INFO  client.GrpcClientProtocolClient (GrpcClientProtocolClient.java:onNext(255)) - client-C12DAE7A5037->3f4de2de-7d09-498f-aead-42327df81d94: receive RaftClientReply:client-C12DAE7A5037->3f4de2de-7d09-498f-aead-42327df81d94@group-C7908E81CC6B, cid=693, SUCCESS, logIndex=1025, commits[3f4de2de-7d09-498f-aead-42327df81d94:c1028]
2019-08-05 04:37:45,211 INFO  client.GrpcClientProtocolClient (GrpcClientProtocolClient.java:onNext(255)) - client-C12DAE7A5037->3f4de2de-7d09-498f-aead-42327df81d94: receive RaftClientReply:client-C12DAE7A5037->3f4de2de-7d09-498f-aead-42327df81d94@group-C7908E81CC6B, cid=694, SUCCESS, logIndex=1026, commits[3f4de2de-7d09-498f-aead-42327df81d94:c1029]
2019-08-05 04:37:45,212 INFO  client.GrpcClientProtocolClient (GrpcClientProtocolClient.java:onNext(255)) - client-C12DAE7A5037->3f4de2de-7d09-498f-aead-42327df81d94: receive RaftClientReply:client-C12DAE7A5037->3f4de2de-7d09-498f-aead-42327df81d94@group-C7908E81CC6B, cid=695, SUCCESS, logIndex=1027, commits[3f4de2de-7d09-498f-aead-42327df81d94:c1029]
2019-08-05 04:37:45,212 INFO  client.GrpcClientProtocolClient (GrpcClientProtocolClient.java:onNext(255)) - client-C12DAE7A5037->3f4de2de-7d09-498f-aead-42327df81d94: receive RaftClientReply:client-C12DAE7A5037->3f4de2de-7d09-498f-aead-42327df81d94@group-C7908E81CC6B, cid=696, SUCCESS, logIndex=1028, commits[3f4de2de-7d09-498f-aead-42327df81d94:c1029]
2019-08-05 04:37:45,237 INFO  client.GrpcClientProtocolClient (GrpcClientProtocolClient.java:onNext(255)) - client-C12DAE7A5037->3f4de2de-7d09-498f-aead-42327df81d94: receive RaftClientReply:client-C12DAE7A5037->3f4de2de-7d09-498f-aead-42327df81d94@group-C7908E81CC6B, cid=697, SUCCESS, logIndex=1030, commits[3f4de2de-7d09-498f-aead-42327df81d94:c1031]
2019-08-05 04:37:45,238 INFO  client.GrpcClientProtocolClient (GrpcClientProtocolClient.java:onNext(255)) - client-C12DAE7A5037->3f4de2de-7d09-498f-aead-42327df81d94: receive RaftClientReply:client-C12DAE7A5037->3f4de2de-7d09-498f-aead-42327df81d94@group-C7908E81CC6B, cid=698, SUCCESS, logIndex=1031, commits[3f4de2de-7d09-498f-aead-42327df81d94:c1031]
2019-08-05 04:37:45,238 INFO  client.GrpcClientProtocolClient (GrpcClientProtocolClient.java:onNext(255)) - client-C12DAE7A5037->3f4de2de-7d09-498f-aead-42327df81d94: receive RaftClientReply:client-C12DAE7A5037->3f4de2de-7d09-498f-aead-42327df81d94@group-C7908E81CC6B, cid=699, SUCCESS, logIndex=1032, commits[3f4de2de-7d09-498f-aead-42327df81d94:c1034]
2019-08-05 04:37:45,239 INFO  client.GrpcClientProtocolClient (GrpcClientProtocolClient.java:onNext(255)) - client-C12DAE7A5037->3f4de2de-7d09-498f-aead-42327df81d94: receive RaftClientReply:client-C12DAE7A5037->3f4de2de-7d09-498f-aead-42327df81d94@group-C7908E81CC6B, cid=700, SUCCESS, logIndex=1033, commits[3f4de2de-7d09-498f-aead-42327df81d94:c1034]
2019-08-05 04:37:45,257 INFO  client.GrpcClientProtocolClient (GrpcClientProtocolClient.java:onNext(255)) - client-C12DAE7A5037->3f4de2de-7d09-498f-aead-42327df81d94: receive RaftClientReply:client-C12DAE7A5037->3f4de2de-7d09-498f-aead-42327df81d94@group-C7908E81CC6B, cid=701, SUCCESS, logIndex=1036, commits[3f4de2de-7d09-498f-aead-42327df81d94:c1037]
2019-08-05 04:37:45,258 INFO  client.GrpcClientProtocolClient (GrpcClientProtocolClient.java:onNext(255)) - client-C12DAE7A5037->3f4de2de-7d09-498f-aead-42327df81d94: receive RaftClientReply:client-C12DAE7A5037->3f4de2de-7d09-498f-aead-42327df81d94@group-C7908E81CC6B, cid=702, SUCCESS, logIndex=1037, commits[3f4de2de-7d09-498f-aead-42327df81d94:c1039]
2019-08-05 04:37:45,258 INFO  client.GrpcClientProtocolClient (GrpcClientProtocolClient.java:onNext(255)) - client-C12DAE7A5037->3f4de2de-7d09-498f-aead-42327df81d94: receive RaftClientReply:client-C12DAE7A5037->3f4de2de-7d09-498f-aead-42327df81d94@group-C7908E81CC6B, cid=703, SUCCESS, logIndex=1038, commits[3f4de2de-7d09-498f-aead-42327df81d94:c1040]
2019-08-05 04:37:45,259 INFO  client.GrpcClientProtocolClient (GrpcClientProtocolClient.java:onNext(255)) - client-C12DAE7A5037->3f4de2de-7d09-498f-aead-42327df81d94: receive RaftClientReply:client-C12DAE7A5037->3f4de2de-7d09-498f-aead-42327df81d94@group-C7908E81CC6B, cid=704, SUCCESS, logIndex=1039, commits[3f4de2de-7d09-498f-aead-42327df81d94:c1041]
2019-08-05 04:37:45,275 DEBUG block.SCMBlockDeletingService (SCMBlockDeletingService.java:call(138)) - Running DeletedBlockTransactionScanner
2019-08-05 04:37:45,275 DEBUG block.SCMBlockDeletingService (SCMBlockDeletingService.java:call(155)) - Scanned deleted blocks log and got 0 delTX to process.
2019-08-05 04:37:45,282 INFO  client.GrpcClientProtocolClient (GrpcClientProtocolClient.java:onNext(255)) - client-C12DAE7A5037->3f4de2de-7d09-498f-aead-42327df81d94: receive RaftClientReply:client-C12DAE7A5037->3f4de2de-7d09-498f-aead-42327df81d94@group-C7908E81CC6B, cid=705, SUCCESS, logIndex=1042, commits[3f4de2de-7d09-498f-aead-42327df81d94:c1043]
2019-08-05 04:37:45,282 INFO  client.GrpcClientProtocolClient (GrpcClientProtocolClient.java:onNext(255)) - client-C12DAE7A5037->3f4de2de-7d09-498f-aead-42327df81d94: receive RaftClientReply:client-C12DAE7A5037->3f4de2de-7d09-498f-aead-42327df81d94@group-C7908E81CC6B, cid=706, SUCCESS, logIndex=1043, commits[3f4de2de-7d09-498f-aead-42327df81d94:c1044]
2019-08-05 04:37:45,375 DEBUG block.SCMBlockDeletingService (SCMBlockDeletingService.java:call(138)) - Running DeletedBlockTransactionScanner
2019-08-05 04:37:45,376 DEBUG block.SCMBlockDeletingService (SCMBlockDeletingService.java:call(155)) - Scanned deleted blocks log and got 0 delTX to process.
2019-08-05 04:37:45,377 INFO  client.GrpcClientProtocolClient (GrpcClientProtocolClient.java:onNext(255)) - client-C12DAE7A5037->3f4de2de-7d09-498f-aead-42327df81d94: receive RaftClientReply:client-C12DAE7A5037->3f4de2de-7d09-498f-aead-42327df81d94@group-C7908E81CC6B, cid=707, SUCCESS, logIndex=1045, commits[3f4de2de-7d09-498f-aead-42327df81d94:c1046]
2019-08-05 04:37:45,378 INFO  client.GrpcClientProtocolClient (GrpcClientProtocolClient.java:onNext(255)) - client-C12DAE7A5037->3f4de2de-7d09-498f-aead-42327df81d94: receive RaftClientReply:client-C12DAE7A5037->3f4de2de-7d09-498f-aead-42327df81d94@group-C7908E81CC6B, cid=708, SUCCESS, logIndex=1046, commits[3f4de2de-7d09-498f-aead-42327df81d94:c1047]
2019-08-05 04:37:45,397 INFO  client.GrpcClientProtocolClient (GrpcClientProtocolClient.java:onNext(255)) - client-C12DAE7A5037->3f4de2de-7d09-498f-aead-42327df81d94: receive RaftClientReply:client-C12DAE7A5037->3f4de2de-7d09-498f-aead-42327df81d94@group-C7908E81CC6B, cid=709, SUCCESS, logIndex=1048, commits[3f4de2de-7d09-498f-aead-42327df81d94:c1049]
2019-08-05 04:37:45,398 INFO  client.GrpcClientProtocolClient (GrpcClientProtocolClient.java:onNext(255)) - client-C12DAE7A5037->3f4de2de-7d09-498f-aead-42327df81d94: receive RaftClientReply:client-C12DAE7A5037->3f4de2de-7d09-498f-aead-42327df81d94@group-C7908E81CC6B, cid=710, SUCCESS, logIndex=1049, commits[3f4de2de-7d09-498f-aead-42327df81d94:c1051]
2019-08-05 04:37:45,398 INFO  client.GrpcClientProtocolClient (GrpcClientProtocolClient.java:onNext(255)) - client-C12DAE7A5037->3f4de2de-7d09-498f-aead-42327df81d94: receive RaftClientReply:client-C12DAE7A5037->3f4de2de-7d09-498f-aead-42327df81d94@group-C7908E81CC6B, cid=711, SUCCESS, logIndex=1050, commits[3f4de2de-7d09-498f-aead-42327df81d94:c1052]
2019-08-05 04:37:45,399 INFO  client.GrpcClientProtocolClient (GrpcClientProtocolClient.java:onNext(255)) - client-C12DAE7A5037->3f4de2de-7d09-498f-aead-42327df81d94: receive RaftClientReply:client-C12DAE7A5037->3f4de2de-7d09-498f-aead-42327df81d94@group-C7908E81CC6B, cid=712, SUCCESS, logIndex=1051, commits[3f4de2de-7d09-498f-aead-42327df81d94:c1052]
2019-08-05 04:37:45,426 INFO  client.GrpcClientProtocolClient (GrpcClientProtocolClient.java:onNext(255)) - client-C12DAE7A5037->3f4de2de-7d09-498f-aead-42327df81d94: receive RaftClientReply:client-C12DAE7A5037->3f4de2de-7d09-498f-aead-42327df81d94@group-C7908E81CC6B, cid=713, SUCCESS, logIndex=1054, commits[3f4de2de-7d09-498f-aead-42327df81d94:c1055]
2019-08-05 04:37:45,426 INFO  client.GrpcClientProtocolClient (GrpcClientProtocolClient.java:onNext(255)) - client-C12DAE7A5037->3f4de2de-7d09-498f-aead-42327df81d94: receive RaftClientReply:client-C12DAE7A5037->3f4de2de-7d09-498f-aead-42327df81d94@group-C7908E81CC6B, cid=714, SUCCESS, logIndex=1055, commits[3f4de2de-7d09-498f-aead-42327df81d94:c1055]
2019-08-05 04:37:45,427 INFO  client.GrpcClientProtocolClient (GrpcClientProtocolClient.java:onNext(255)) - client-C12DAE7A5037->3f4de2de-7d09-498f-aead-42327df81d94: receive RaftClientReply:client-C12DAE7A5037->3f4de2de-7d09-498f-aead-42327df81d94@group-C7908E81CC6B, cid=715, SUCCESS, logIndex=1056, commits[3f4de2de-7d09-498f-aead-42327df81d94:c1057]
2019-08-05 04:37:45,428 INFO  client.GrpcClientProtocolClient (GrpcClientProtocolClient.java:onNext(255)) - client-C12DAE7A5037->3f4de2de-7d09-498f-aead-42327df81d94: receive RaftClientReply:client-C12DAE7A5037->3f4de2de-7d09-498f-aead-42327df81d94@group-C7908E81CC6B, cid=716, SUCCESS, logIndex=1057, commits[3f4de2de-7d09-498f-aead-42327df81d94:c1057]
2019-08-05 04:37:45,451 INFO  client.GrpcClientProtocolClient (GrpcClientProtocolClient.java:onNext(255)) - client-C12DAE7A5037->3f4de2de-7d09-498f-aead-42327df81d94: receive RaftClientReply:client-C12DAE7A5037->3f4de2de-7d09-498f-aead-42327df81d94@group-C7908E81CC6B, cid=717, SUCCESS, logIndex=1060, commits[3f4de2de-7d09-498f-aead-42327df81d94:c1063]
2019-08-05 04:37:45,451 INFO  client.GrpcClientProtocolClient (GrpcClientProtocolClient.java:onNext(255)) - client-C12DAE7A5037->3f4de2de-7d09-498f-aead-42327df81d94: receive RaftClientReply:client-C12DAE7A5037->3f4de2de-7d09-498f-aead-42327df81d94@group-C7908E81CC6B, cid=718, SUCCESS, logIndex=1061, commits[3f4de2de-7d09-498f-aead-42327df81d94:c1064]
2019-08-05 04:37:45,452 INFO  client.GrpcClientProtocolClient (GrpcClientProtocolClient.java:onNext(255)) - client-C12DAE7A5037->3f4de2de-7d09-498f-aead-42327df81d94: receive RaftClientReply:client-C12DAE7A5037->3f4de2de-7d09-498f-aead-42327df81d94@group-C7908E81CC6B, cid=719, SUCCESS, logIndex=1062, commits[3f4de2de-7d09-498f-aead-42327df81d94:c1064]
2019-08-05 04:37:45,452 INFO  client.GrpcClientProtocolClient (GrpcClientProtocolClient.java:onNext(255)) - client-C12DAE7A5037->3f4de2de-7d09-498f-aead-42327df81d94: receive RaftClientReply:client-C12DAE7A5037->3f4de2de-7d09-498f-aead-42327df81d94@group-C7908E81CC6B, cid=720, SUCCESS, logIndex=1063, commits[3f4de2de-7d09-498f-aead-42327df81d94:c1064]
2019-08-05 04:37:45,476 DEBUG block.SCMBlockDeletingService (SCMBlockDeletingService.java:call(138)) - Running DeletedBlockTransactionScanner
2019-08-05 04:37:45,477 DEBUG block.SCMBlockDeletingService (SCMBlockDeletingService.java:call(155)) - Scanned deleted blocks log and got 0 delTX to process.
2019-08-05 04:37:45,544 INFO  client.GrpcClientProtocolClient (GrpcClientProtocolClient.java:onNext(255)) - client-C12DAE7A5037->3f4de2de-7d09-498f-aead-42327df81d94: receive RaftClientReply:client-C12DAE7A5037->3f4de2de-7d09-498f-aead-42327df81d94@group-C7908E81CC6B, cid=721, SUCCESS, logIndex=1065, commits[3f4de2de-7d09-498f-aead-42327df81d94:c1068]
2019-08-05 04:37:45,545 INFO  client.GrpcClientProtocolClient (GrpcClientProtocolClient.java:onNext(255)) - client-C12DAE7A5037->3f4de2de-7d09-498f-aead-42327df81d94: receive RaftClientReply:client-C12DAE7A5037->3f4de2de-7d09-498f-aead-42327df81d94@group-C7908E81CC6B, cid=722, SUCCESS, logIndex=1066, commits[3f4de2de-7d09-498f-aead-42327df81d94:c1069]
2019-08-05 04:37:45,550 INFO  client.GrpcClientProtocolClient (GrpcClientProtocolClient.java:onNext(255)) - client-C12DAE7A5037->3f4de2de-7d09-498f-aead-42327df81d94: receive RaftClientReply:client-C12DAE7A5037->3f4de2de-7d09-498f-aead-42327df81d94@group-C7908E81CC6B, cid=723, SUCCESS, logIndex=1067, commits[3f4de2de-7d09-498f-aead-42327df81d94:c1069]
2019-08-05 04:37:45,550 INFO  client.GrpcClientProtocolClient (GrpcClientProtocolClient.java:onNext(255)) - client-C12DAE7A5037->3f4de2de-7d09-498f-aead-42327df81d94: receive RaftClientReply:client-C12DAE7A5037->3f4de2de-7d09-498f-aead-42327df81d94@group-C7908E81CC6B, cid=724, SUCCESS, logIndex=1068, commits[3f4de2de-7d09-498f-aead-42327df81d94:c1069]
2019-08-05 04:37:45,572 INFO  client.GrpcClientProtocolClient (GrpcClientProtocolClient.java:onNext(255)) - client-C12DAE7A5037->3f4de2de-7d09-498f-aead-42327df81d94: receive RaftClientReply:client-C12DAE7A5037->3f4de2de-7d09-498f-aead-42327df81d94@group-C7908E81CC6B, cid=725, SUCCESS, logIndex=1071, commits[3f4de2de-7d09-498f-aead-42327df81d94:c1074]
2019-08-05 04:37:45,573 INFO  client.GrpcClientProtocolClient (GrpcClientProtocolClient.java:onNext(255)) - client-C12DAE7A5037->3f4de2de-7d09-498f-aead-42327df81d94: receive RaftClientReply:client-C12DAE7A5037->3f4de2de-7d09-498f-aead-42327df81d94@group-C7908E81CC6B, cid=726, SUCCESS, logIndex=1072, commits[3f4de2de-7d09-498f-aead-42327df81d94:c1075]
2019-08-05 04:37:45,573 INFO  client.GrpcClientProtocolClient (GrpcClientProtocolClient.java:onNext(255)) - client-C12DAE7A5037->3f4de2de-7d09-498f-aead-42327df81d94: receive RaftClientReply:client-C12DAE7A5037->3f4de2de-7d09-498f-aead-42327df81d94@group-C7908E81CC6B, cid=727, SUCCESS, logIndex=1073, commits[3f4de2de-7d09-498f-aead-42327df81d94:c1075]
2019-08-05 04:37:45,574 INFO  client.GrpcClientProtocolClient (GrpcClientProtocolClient.java:onNext(255)) - client-C12DAE7A5037->3f4de2de-7d09-498f-aead-42327df81d94: receive RaftClientReply:client-C12DAE7A5037->3f4de2de-7d09-498f-aead-42327df81d94@group-C7908E81CC6B, cid=728, SUCCESS, logIndex=1074, commits[3f4de2de-7d09-498f-aead-42327df81d94:c1076]
2019-08-05 04:37:45,577 DEBUG block.SCMBlockDeletingService (SCMBlockDeletingService.java:call(138)) - Running DeletedBlockTransactionScanner
2019-08-05 04:37:45,577 DEBUG block.SCMBlockDeletingService (SCMBlockDeletingService.java:call(155)) - Scanned deleted blocks log and got 0 delTX to process.
2019-08-05 04:37:45,603 INFO  client.GrpcClientProtocolClient (GrpcClientProtocolClient.java:onNext(255)) - client-C12DAE7A5037->3f4de2de-7d09-498f-aead-42327df81d94: receive RaftClientReply:client-C12DAE7A5037->3f4de2de-7d09-498f-aead-42327df81d94@group-C7908E81CC6B, cid=729, SUCCESS, logIndex=1077, commits[3f4de2de-7d09-498f-aead-42327df81d94:c1078]
2019-08-05 04:37:45,604 INFO  client.GrpcClientProtocolClient (GrpcClientProtocolClient.java:onNext(255)) - client-C12DAE7A5037->3f4de2de-7d09-498f-aead-42327df81d94: receive RaftClientReply:client-C12DAE7A5037->3f4de2de-7d09-498f-aead-42327df81d94@group-C7908E81CC6B, cid=730, SUCCESS, logIndex=1078, commits[3f4de2de-7d09-498f-aead-42327df81d94:c1078]
2019-08-05 04:37:45,605 INFO  client.GrpcClientProtocolClient (GrpcClientProtocolClient.java:onNext(255)) - client-C12DAE7A5037->3f4de2de-7d09-498f-aead-42327df81d94: receive RaftClientReply:client-C12DAE7A5037->3f4de2de-7d09-498f-aead-42327df81d94@group-C7908E81CC6B, cid=731, SUCCESS, logIndex=1079, commits[3f4de2de-7d09-498f-aead-42327df81d94:c1080]
2019-08-05 04:37:45,605 INFO  client.GrpcClientProtocolClient (GrpcClientProtocolClient.java:onNext(255)) - client-C12DAE7A5037->3f4de2de-7d09-498f-aead-42327df81d94: receive RaftClientReply:client-C12DAE7A5037->3f4de2de-7d09-498f-aead-42327df81d94@group-C7908E81CC6B, cid=732, SUCCESS, logIndex=1080, commits[3f4de2de-7d09-498f-aead-42327df81d94:c1081]
2019-08-05 04:37:45,627 INFO  client.GrpcClientProtocolClient (GrpcClientProtocolClient.java:onNext(255)) - client-C12DAE7A5037->3f4de2de-7d09-498f-aead-42327df81d94: receive RaftClientReply:client-C12DAE7A5037->3f4de2de-7d09-498f-aead-42327df81d94@group-C7908E81CC6B, cid=733, SUCCESS, logIndex=1083, commits[3f4de2de-7d09-498f-aead-42327df81d94:c1086]
2019-08-05 04:37:45,627 INFO  client.GrpcClientProtocolClient (GrpcClientProtocolClient.java:onNext(255)) - client-C12DAE7A5037->3f4de2de-7d09-498f-aead-42327df81d94: receive RaftClientReply:client-C12DAE7A5037->3f4de2de-7d09-498f-aead-42327df81d94@group-C7908E81CC6B, cid=734, SUCCESS, logIndex=1084, commits[3f4de2de-7d09-498f-aead-42327df81d94:c1087]
2019-08-05 04:37:45,628 INFO  client.GrpcClientProtocolClient (GrpcClientProtocolClient.java:onNext(255)) - client-C12DAE7A5037->3f4de2de-7d09-498f-aead-42327df81d94: receive RaftClientReply:client-C12DAE7A5037->3f4de2de-7d09-498f-aead-42327df81d94@group-C7908E81CC6B, cid=735, SUCCESS, logIndex=1085, commits[3f4de2de-7d09-498f-aead-42327df81d94:c1088]
2019-08-05 04:37:45,628 INFO  client.GrpcClientProtocolClient (GrpcClientProtocolClient.java:onNext(255)) - client-C12DAE7A5037->3f4de2de-7d09-498f-aead-42327df81d94: receive RaftClientReply:client-C12DAE7A5037->3f4de2de-7d09-498f-aead-42327df81d94@group-C7908E81CC6B, cid=736, SUCCESS, logIndex=1086, commits[3f4de2de-7d09-498f-aead-42327df81d94:c1088]
2019-08-05 04:37:45,664 INFO  client.GrpcClientProtocolClient (GrpcClientProtocolClient.java:onNext(255)) - client-C12DAE7A5037->3f4de2de-7d09-498f-aead-42327df81d94: receive RaftClientReply:client-C12DAE7A5037->3f4de2de-7d09-498f-aead-42327df81d94@group-C7908E81CC6B, cid=737, SUCCESS, logIndex=1089, commits[3f4de2de-7d09-498f-aead-42327df81d94:c1090]
2019-08-05 04:37:45,665 INFO  client.GrpcClientProtocolClient (GrpcClientProtocolClient.java:onNext(255)) - client-C12DAE7A5037->3f4de2de-7d09-498f-aead-42327df81d94: receive RaftClientReply:client-C12DAE7A5037->3f4de2de-7d09-498f-aead-42327df81d94@group-C7908E81CC6B, cid=738, SUCCESS, logIndex=1090, commits[3f4de2de-7d09-498f-aead-42327df81d94:c1093]
2019-08-05 04:37:45,665 INFO  client.GrpcClientProtocolClient (GrpcClientProtocolClient.java:onNext(255)) - client-C12DAE7A5037->3f4de2de-7d09-498f-aead-42327df81d94: receive RaftClientReply:client-C12DAE7A5037->3f4de2de-7d09-498f-aead-42327df81d94@group-C7908E81CC6B, cid=739, SUCCESS, logIndex=1091, commits[3f4de2de-7d09-498f-aead-42327df81d94:c1093]
2019-08-05 04:37:45,666 INFO  client.GrpcClientProtocolClient (GrpcClientProtocolClient.java:onNext(255)) - client-C12DAE7A5037->3f4de2de-7d09-498f-aead-42327df81d94: receive RaftClientReply:client-C12DAE7A5037->3f4de2de-7d09-498f-aead-42327df81d94@group-C7908E81CC6B, cid=740, SUCCESS, logIndex=1092, commits[3f4de2de-7d09-498f-aead-42327df81d94:c1094]
2019-08-05 04:37:45,678 DEBUG block.SCMBlockDeletingService (SCMBlockDeletingService.java:call(138)) - Running DeletedBlockTransactionScanner
2019-08-05 04:37:45,678 DEBUG block.SCMBlockDeletingService (SCMBlockDeletingService.java:call(155)) - Scanned deleted blocks log and got 0 delTX to process.
2019-08-05 04:37:45,689 INFO  client.GrpcClientProtocolClient (GrpcClientProtocolClient.java:onNext(255)) - client-C12DAE7A5037->3f4de2de-7d09-498f-aead-42327df81d94: receive RaftClientReply:client-C12DAE7A5037->3f4de2de-7d09-498f-aead-42327df81d94@group-C7908E81CC6B, cid=741, SUCCESS, logIndex=1095, commits[3f4de2de-7d09-498f-aead-42327df81d94:c1096]
2019-08-05 04:37:45,690 INFO  client.GrpcClientProtocolClient (GrpcClientProtocolClient.java:onNext(255)) - client-C12DAE7A5037->3f4de2de-7d09-498f-aead-42327df81d94: receive RaftClientReply:client-C12DAE7A5037->3f4de2de-7d09-498f-aead-42327df81d94@group-C7908E81CC6B, cid=742, SUCCESS, logIndex=1096, commits[3f4de2de-7d09-498f-aead-42327df81d94:c1098]
2019-08-05 04:37:45,690 INFO  client.GrpcClientProtocolClient (GrpcClientProtocolClient.java:onNext(255)) - client-C12DAE7A5037->3f4de2de-7d09-498f-aead-42327df81d94: receive RaftClientReply:client-C12DAE7A5037->3f4de2de-7d09-498f-aead-42327df81d94@group-C7908E81CC6B, cid=743, SUCCESS, logIndex=1097, commits[3f4de2de-7d09-498f-aead-42327df81d94:c1099]
2019-08-05 04:37:45,692 INFO  client.GrpcClientProtocolClient (GrpcClientProtocolClient.java:onNext(255)) - client-C12DAE7A5037->3f4de2de-7d09-498f-aead-42327df81d94: receive RaftClientReply:client-C12DAE7A5037->3f4de2de-7d09-498f-aead-42327df81d94@group-C7908E81CC6B, cid=744, SUCCESS, logIndex=1098, commits[3f4de2de-7d09-498f-aead-42327df81d94:c1100]
2019-08-05 04:37:45,722 INFO  client.GrpcClientProtocolClient (GrpcClientProtocolClient.java:onNext(255)) - client-C12DAE7A5037->3f4de2de-7d09-498f-aead-42327df81d94: receive RaftClientReply:client-C12DAE7A5037->3f4de2de-7d09-498f-aead-42327df81d94@group-C7908E81CC6B, cid=745, SUCCESS, logIndex=1101, commits[3f4de2de-7d09-498f-aead-42327df81d94:c1102]
2019-08-05 04:37:45,723 INFO  client.GrpcClientProtocolClient (GrpcClientProtocolClient.java:onNext(255)) - client-C12DAE7A5037->3f4de2de-7d09-498f-aead-42327df81d94: receive RaftClientReply:client-C12DAE7A5037->3f4de2de-7d09-498f-aead-42327df81d94@group-C7908E81CC6B, cid=746, SUCCESS, logIndex=1102, commits[3f4de2de-7d09-498f-aead-42327df81d94:c1102]
2019-08-05 04:37:45,730 INFO  client.GrpcClientProtocolClient (GrpcClientProtocolClient.java:onNext(255)) - client-C12DAE7A5037->3f4de2de-7d09-498f-aead-42327df81d94: receive RaftClientReply:client-C12DAE7A5037->3f4de2de-7d09-498f-aead-42327df81d94@group-C7908E81CC6B, cid=747, SUCCESS, logIndex=1103, commits[3f4de2de-7d09-498f-aead-42327df81d94:c1104]
2019-08-05 04:37:45,732 INFO  client.GrpcClientProtocolClient (GrpcClientProtocolClient.java:onNext(255)) - client-C12DAE7A5037->3f4de2de-7d09-498f-aead-42327df81d94: receive RaftClientReply:client-C12DAE7A5037->3f4de2de-7d09-498f-aead-42327df81d94@group-C7908E81CC6B, cid=748, SUCCESS, logIndex=1104, commits[3f4de2de-7d09-498f-aead-42327df81d94:c1105]
2019-08-05 04:37:45,754 INFO  client.GrpcClientProtocolClient (GrpcClientProtocolClient.java:onNext(255)) - client-C12DAE7A5037->3f4de2de-7d09-498f-aead-42327df81d94: receive RaftClientReply:client-C12DAE7A5037->3f4de2de-7d09-498f-aead-42327df81d94@group-C7908E81CC6B, cid=749, SUCCESS, logIndex=1107, commits[3f4de2de-7d09-498f-aead-42327df81d94:c1108]
2019-08-05 04:37:45,760 INFO  client.GrpcClientProtocolClient (GrpcClientProtocolClient.java:onNext(255)) - client-C12DAE7A5037->3f4de2de-7d09-498f-aead-42327df81d94: receive RaftClientReply:client-C12DAE7A5037->3f4de2de-7d09-498f-aead-42327df81d94@group-C7908E81CC6B, cid=750, SUCCESS, logIndex=1108, commits[3f4de2de-7d09-498f-aead-42327df81d94:c1108]
2019-08-05 04:37:45,779 DEBUG block.SCMBlockDeletingService (SCMBlockDeletingService.java:call(138)) - Running DeletedBlockTransactionScanner
2019-08-05 04:37:45,779 DEBUG block.SCMBlockDeletingService (SCMBlockDeletingService.java:call(155)) - Scanned deleted blocks log and got 0 delTX to process.
2019-08-05 04:37:45,863 INFO  client.GrpcClientProtocolClient (GrpcClientProtocolClient.java:onNext(255)) - client-C12DAE7A5037->3f4de2de-7d09-498f-aead-42327df81d94: receive RaftClientReply:client-C12DAE7A5037->3f4de2de-7d09-498f-aead-42327df81d94@group-C7908E81CC6B, cid=751, SUCCESS, logIndex=1110, commits[3f4de2de-7d09-498f-aead-42327df81d94:c1111]
2019-08-05 04:37:45,863 INFO  client.GrpcClientProtocolClient (GrpcClientProtocolClient.java:onNext(255)) - client-C12DAE7A5037->3f4de2de-7d09-498f-aead-42327df81d94: receive RaftClientReply:client-C12DAE7A5037->3f4de2de-7d09-498f-aead-42327df81d94@group-C7908E81CC6B, cid=752, SUCCESS, logIndex=1111, commits[3f4de2de-7d09-498f-aead-42327df81d94:c1111]
2019-08-05 04:37:45,879 DEBUG block.SCMBlockDeletingService (SCMBlockDeletingService.java:call(138)) - Running DeletedBlockTransactionScanner
2019-08-05 04:37:45,880 DEBUG block.SCMBlockDeletingService (SCMBlockDeletingService.java:call(155)) - Scanned deleted blocks log and got 0 delTX to process.
2019-08-05 04:37:45,891 INFO  client.GrpcClientProtocolClient (GrpcClientProtocolClient.java:onNext(255)) - client-C12DAE7A5037->3f4de2de-7d09-498f-aead-42327df81d94: receive RaftClientReply:client-C12DAE7A5037->3f4de2de-7d09-498f-aead-42327df81d94@group-C7908E81CC6B, cid=753, SUCCESS, logIndex=1113, commits[3f4de2de-7d09-498f-aead-42327df81d94:c1116]
2019-08-05 04:37:45,892 INFO  client.GrpcClientProtocolClient (GrpcClientProtocolClient.java:onNext(255)) - client-C12DAE7A5037->3f4de2de-7d09-498f-aead-42327df81d94: receive RaftClientReply:client-C12DAE7A5037->3f4de2de-7d09-498f-aead-42327df81d94@group-C7908E81CC6B, cid=754, SUCCESS, logIndex=1114, commits[3f4de2de-7d09-498f-aead-42327df81d94:c1117]
2019-08-05 04:37:45,893 INFO  client.GrpcClientProtocolClient (GrpcClientProtocolClient.java:onNext(255)) - client-C12DAE7A5037->3f4de2de-7d09-498f-aead-42327df81d94: receive RaftClientReply:client-C12DAE7A5037->3f4de2de-7d09-498f-aead-42327df81d94@group-C7908E81CC6B, cid=755, SUCCESS, logIndex=1115, commits[3f4de2de-7d09-498f-aead-42327df81d94:c1118]
2019-08-05 04:37:45,893 INFO  client.GrpcClientProtocolClient (GrpcClientProtocolClient.java:onNext(255)) - client-C12DAE7A5037->3f4de2de-7d09-498f-aead-42327df81d94: receive RaftClientReply:client-C12DAE7A5037->3f4de2de-7d09-498f-aead-42327df81d94@group-C7908E81CC6B, cid=756, SUCCESS, logIndex=1116, commits[3f4de2de-7d09-498f-aead-42327df81d94:c1118]
2019-08-05 04:37:45,913 INFO  client.GrpcClientProtocolClient (GrpcClientProtocolClient.java:onNext(255)) - client-C12DAE7A5037->3f4de2de-7d09-498f-aead-42327df81d94: receive RaftClientReply:client-C12DAE7A5037->3f4de2de-7d09-498f-aead-42327df81d94@group-C7908E81CC6B, cid=757, SUCCESS, logIndex=1119, commits[3f4de2de-7d09-498f-aead-42327df81d94:c1120]
2019-08-05 04:37:45,913 INFO  client.GrpcClientProtocolClient (GrpcClientProtocolClient.java:onNext(255)) - client-C12DAE7A5037->3f4de2de-7d09-498f-aead-42327df81d94: receive RaftClientReply:client-C12DAE7A5037->3f4de2de-7d09-498f-aead-42327df81d94@group-C7908E81CC6B, cid=758, SUCCESS, logIndex=1120, commits[3f4de2de-7d09-498f-aead-42327df81d94:c1120]
2019-08-05 04:37:45,915 INFO  client.GrpcClientProtocolClient (GrpcClientProtocolClient.java:onNext(255)) - client-C12DAE7A5037->3f4de2de-7d09-498f-aead-42327df81d94: receive RaftClientReply:client-C12DAE7A5037->3f4de2de-7d09-498f-aead-42327df81d94@group-C7908E81CC6B, cid=759, SUCCESS, logIndex=1121, commits[3f4de2de-7d09-498f-aead-42327df81d94:c1122]
2019-08-05 04:37:45,915 INFO  client.GrpcClientProtocolClient (GrpcClientProtocolClient.java:onNext(255)) - client-C12DAE7A5037->3f4de2de-7d09-498f-aead-42327df81d94: receive RaftClientReply:client-C12DAE7A5037->3f4de2de-7d09-498f-aead-42327df81d94@group-C7908E81CC6B, cid=760, SUCCESS, logIndex=1122, commits[3f4de2de-7d09-498f-aead-42327df81d94:c1122]
2019-08-05 04:37:45,956 INFO  client.GrpcClientProtocolClient (GrpcClientProtocolClient.java:onNext(255)) - client-C12DAE7A5037->3f4de2de-7d09-498f-aead-42327df81d94: receive RaftClientReply:client-C12DAE7A5037->3f4de2de-7d09-498f-aead-42327df81d94@group-C7908E81CC6B, cid=761, SUCCESS, logIndex=1125, commits[3f4de2de-7d09-498f-aead-42327df81d94:c1126]
2019-08-05 04:37:45,957 INFO  client.GrpcClientProtocolClient (GrpcClientProtocolClient.java:onNext(255)) - client-C12DAE7A5037->3f4de2de-7d09-498f-aead-42327df81d94: receive RaftClientReply:client-C12DAE7A5037->3f4de2de-7d09-498f-aead-42327df81d94@group-C7908E81CC6B, cid=762, SUCCESS, logIndex=1126, commits[3f4de2de-7d09-498f-aead-42327df81d94:c1128]
2019-08-05 04:37:45,957 INFO  client.GrpcClientProtocolClient (GrpcClientProtocolClient.java:onNext(255)) - client-C12DAE7A5037->3f4de2de-7d09-498f-aead-42327df81d94: receive RaftClientReply:client-C12DAE7A5037->3f4de2de-7d09-498f-aead-42327df81d94@group-C7908E81CC6B, cid=763, SUCCESS, logIndex=1127, commits[3f4de2de-7d09-498f-aead-42327df81d94:c1129]
2019-08-05 04:37:45,958 INFO  client.GrpcClientProtocolClient (GrpcClientProtocolClient.java:onNext(255)) - client-C12DAE7A5037->3f4de2de-7d09-498f-aead-42327df81d94: receive RaftClientReply:client-C12DAE7A5037->3f4de2de-7d09-498f-aead-42327df81d94@group-C7908E81CC6B, cid=764, SUCCESS, logIndex=1128, commits[3f4de2de-7d09-498f-aead-42327df81d94:c1130]
2019-08-05 04:37:45,980 DEBUG block.SCMBlockDeletingService (SCMBlockDeletingService.java:call(138)) - Running DeletedBlockTransactionScanner
2019-08-05 04:37:45,980 DEBUG block.SCMBlockDeletingService (SCMBlockDeletingService.java:call(155)) - Scanned deleted blocks log and got 0 delTX to process.
2019-08-05 04:37:45,982 INFO  client.GrpcClientProtocolClient (GrpcClientProtocolClient.java:onNext(255)) - client-C12DAE7A5037->3f4de2de-7d09-498f-aead-42327df81d94: receive RaftClientReply:client-C12DAE7A5037->3f4de2de-7d09-498f-aead-42327df81d94@group-C7908E81CC6B, cid=765, SUCCESS, logIndex=1131, commits[3f4de2de-7d09-498f-aead-42327df81d94:c1132]
2019-08-05 04:37:45,985 INFO  client.GrpcClientProtocolClient (GrpcClientProtocolClient.java:onNext(255)) - client-C12DAE7A5037->3f4de2de-7d09-498f-aead-42327df81d94: receive RaftClientReply:client-C12DAE7A5037->3f4de2de-7d09-498f-aead-42327df81d94@group-C7908E81CC6B, cid=766, SUCCESS, logIndex=1132, commits[3f4de2de-7d09-498f-aead-42327df81d94:c1134]
2019-08-05 04:37:45,986 INFO  client.GrpcClientProtocolClient (GrpcClientProtocolClient.java:onNext(255)) - client-C12DAE7A5037->3f4de2de-7d09-498f-aead-42327df81d94: receive RaftClientReply:client-C12DAE7A5037->3f4de2de-7d09-498f-aead-42327df81d94@group-C7908E81CC6B, cid=767, SUCCESS, logIndex=1133, commits[3f4de2de-7d09-498f-aead-42327df81d94:c1135]
2019-08-05 04:37:45,986 INFO  client.GrpcClientProtocolClient (GrpcClientProtocolClient.java:onNext(255)) - client-C12DAE7A5037->3f4de2de-7d09-498f-aead-42327df81d94: receive RaftClientReply:client-C12DAE7A5037->3f4de2de-7d09-498f-aead-42327df81d94@group-C7908E81CC6B, cid=768, SUCCESS, logIndex=1134, commits[3f4de2de-7d09-498f-aead-42327df81d94:c1136]
2019-08-05 04:37:46,017 INFO  client.GrpcClientProtocolClient (GrpcClientProtocolClient.java:onNext(255)) - client-C12DAE7A5037->3f4de2de-7d09-498f-aead-42327df81d94: receive RaftClientReply:client-C12DAE7A5037->3f4de2de-7d09-498f-aead-42327df81d94@group-C7908E81CC6B, cid=769, SUCCESS, logIndex=1137, commits[3f4de2de-7d09-498f-aead-42327df81d94:c1138]
2019-08-05 04:37:46,018 INFO  client.GrpcClientProtocolClient (GrpcClientProtocolClient.java:onNext(255)) - client-C12DAE7A5037->3f4de2de-7d09-498f-aead-42327df81d94: receive RaftClientReply:client-C12DAE7A5037->3f4de2de-7d09-498f-aead-42327df81d94@group-C7908E81CC6B, cid=770, SUCCESS, logIndex=1138, commits[3f4de2de-7d09-498f-aead-42327df81d94:c1140]
2019-08-05 04:37:46,019 INFO  client.GrpcClientProtocolClient (GrpcClientProtocolClient.java:onNext(255)) - client-C12DAE7A5037->3f4de2de-7d09-498f-aead-42327df81d94: receive RaftClientReply:client-C12DAE7A5037->3f4de2de-7d09-498f-aead-42327df81d94@group-C7908E81CC6B, cid=771, SUCCESS, logIndex=1139, commits[3f4de2de-7d09-498f-aead-42327df81d94:c1140]
2019-08-05 04:37:46,019 INFO  client.GrpcClientProtocolClient (GrpcClientProtocolClient.java:onNext(255)) - client-C12DAE7A5037->3f4de2de-7d09-498f-aead-42327df81d94: receive RaftClientReply:client-C12DAE7A5037->3f4de2de-7d09-498f-aead-42327df81d94@group-C7908E81CC6B, cid=772, SUCCESS, logIndex=1140, commits[3f4de2de-7d09-498f-aead-42327df81d94:c1140]
2019-08-05 04:37:46,041 INFO  client.GrpcClientProtocolClient (GrpcClientProtocolClient.java:onNext(255)) - client-C12DAE7A5037->3f4de2de-7d09-498f-aead-42327df81d94: receive RaftClientReply:client-C12DAE7A5037->3f4de2de-7d09-498f-aead-42327df81d94@group-C7908E81CC6B, cid=773, SUCCESS, logIndex=1143, commits[3f4de2de-7d09-498f-aead-42327df81d94:c1146]
2019-08-05 04:37:46,041 INFO  client.GrpcClientProtocolClient (GrpcClientProtocolClient.java:onNext(255)) - client-C12DAE7A5037->3f4de2de-7d09-498f-aead-42327df81d94: receive RaftClientReply:client-C12DAE7A5037->3f4de2de-7d09-498f-aead-42327df81d94@group-C7908E81CC6B, cid=774, SUCCESS, logIndex=1144, commits[3f4de2de-7d09-498f-aead-42327df81d94:c1147]
2019-08-05 04:37:46,042 INFO  client.GrpcClientProtocolClient (GrpcClientProtocolClient.java:onNext(255)) - client-C12DAE7A5037->3f4de2de-7d09-498f-aead-42327df81d94: receive RaftClientReply:client-C12DAE7A5037->3f4de2de-7d09-498f-aead-42327df81d94@group-C7908E81CC6B, cid=775, SUCCESS, logIndex=1145, commits[3f4de2de-7d09-498f-aead-42327df81d94:c1148]
2019-08-05 04:37:46,042 INFO  client.GrpcClientProtocolClient (GrpcClientProtocolClient.java:onNext(255)) - client-C12DAE7A5037->3f4de2de-7d09-498f-aead-42327df81d94: receive RaftClientReply:client-C12DAE7A5037->3f4de2de-7d09-498f-aead-42327df81d94@group-C7908E81CC6B, cid=776, SUCCESS, logIndex=1146, commits[3f4de2de-7d09-498f-aead-42327df81d94:c1148]
2019-08-05 04:37:46,071 INFO  client.GrpcClientProtocolClient (GrpcClientProtocolClient.java:onNext(255)) - client-C12DAE7A5037->3f4de2de-7d09-498f-aead-42327df81d94: receive RaftClientReply:client-C12DAE7A5037->3f4de2de-7d09-498f-aead-42327df81d94@group-C7908E81CC6B, cid=777, SUCCESS, logIndex=1149, commits[3f4de2de-7d09-498f-aead-42327df81d94:c1152]
2019-08-05 04:37:46,072 INFO  client.GrpcClientProtocolClient (GrpcClientProtocolClient.java:onNext(255)) - client-C12DAE7A5037->3f4de2de-7d09-498f-aead-42327df81d94: receive RaftClientReply:client-C12DAE7A5037->3f4de2de-7d09-498f-aead-42327df81d94@group-C7908E81CC6B, cid=778, SUCCESS, logIndex=1150, commits[3f4de2de-7d09-498f-aead-42327df81d94:c1153]
2019-08-05 04:37:46,072 INFO  client.GrpcClientProtocolClient (GrpcClientProtocolClient.java:onNext(255)) - client-C12DAE7A5037->3f4de2de-7d09-498f-aead-42327df81d94: receive RaftClientReply:client-C12DAE7A5037->3f4de2de-7d09-498f-aead-42327df81d94@group-C7908E81CC6B, cid=779, SUCCESS, logIndex=1151, commits[3f4de2de-7d09-498f-aead-42327df81d94:c1154]
2019-08-05 04:37:46,073 INFO  client.GrpcClientProtocolClient (GrpcClientProtocolClient.java:onNext(255)) - client-C12DAE7A5037->3f4de2de-7d09-498f-aead-42327df81d94: receive RaftClientReply:client-C12DAE7A5037->3f4de2de-7d09-498f-aead-42327df81d94@group-C7908E81CC6B, cid=780, SUCCESS, logIndex=1152, commits[3f4de2de-7d09-498f-aead-42327df81d94:c1154]
2019-08-05 04:37:46,081 DEBUG block.SCMBlockDeletingService (SCMBlockDeletingService.java:call(138)) - Running DeletedBlockTransactionScanner
2019-08-05 04:37:46,081 DEBUG block.SCMBlockDeletingService (SCMBlockDeletingService.java:call(155)) - Scanned deleted blocks log and got 0 delTX to process.
2019-08-05 04:37:46,093 INFO  client.GrpcClientProtocolClient (GrpcClientProtocolClient.java:onNext(255)) - client-C12DAE7A5037->3f4de2de-7d09-498f-aead-42327df81d94: receive RaftClientReply:client-C12DAE7A5037->3f4de2de-7d09-498f-aead-42327df81d94@group-C7908E81CC6B, cid=781, SUCCESS, logIndex=1155, commits[3f4de2de-7d09-498f-aead-42327df81d94:c1156]
2019-08-05 04:37:46,094 INFO  client.GrpcClientProtocolClient (GrpcClientProtocolClient.java:onNext(255)) - client-C12DAE7A5037->3f4de2de-7d09-498f-aead-42327df81d94: receive RaftClientReply:client-C12DAE7A5037->3f4de2de-7d09-498f-aead-42327df81d94@group-C7908E81CC6B, cid=782, SUCCESS, logIndex=1156, commits[3f4de2de-7d09-498f-aead-42327df81d94:c1159]
2019-08-05 04:37:46,094 INFO  client.GrpcClientProtocolClient (GrpcClientProtocolClient.java:onNext(255)) - client-C12DAE7A5037->3f4de2de-7d09-498f-aead-42327df81d94: receive RaftClientReply:client-C12DAE7A5037->3f4de2de-7d09-498f-aead-42327df81d94@group-C7908E81CC6B, cid=783, SUCCESS, logIndex=1157, commits[3f4de2de-7d09-498f-aead-42327df81d94:c1159]
2019-08-05 04:37:46,095 INFO  client.GrpcClientProtocolClient (GrpcClientProtocolClient.java:onNext(255)) - client-C12DAE7A5037->3f4de2de-7d09-498f-aead-42327df81d94: receive RaftClientReply:client-C12DAE7A5037->3f4de2de-7d09-498f-aead-42327df81d94@group-C7908E81CC6B, cid=784, SUCCESS, logIndex=1158, commits[3f4de2de-7d09-498f-aead-42327df81d94:c1160]
2019-08-05 04:37:46,122 INFO  client.GrpcClientProtocolClient (GrpcClientProtocolClient.java:onNext(255)) - client-C12DAE7A5037->3f4de2de-7d09-498f-aead-42327df81d94: receive RaftClientReply:client-C12DAE7A5037->3f4de2de-7d09-498f-aead-42327df81d94@group-C7908E81CC6B, cid=785, SUCCESS, logIndex=1161, commits[3f4de2de-7d09-498f-aead-42327df81d94:c1164]
2019-08-05 04:37:46,123 INFO  client.GrpcClientProtocolClient (GrpcClientProtocolClient.java:onNext(255)) - client-C12DAE7A5037->3f4de2de-7d09-498f-aead-42327df81d94: receive RaftClientReply:client-C12DAE7A5037->3f4de2de-7d09-498f-aead-42327df81d94@group-C7908E81CC6B, cid=786, SUCCESS, logIndex=1162, commits[3f4de2de-7d09-498f-aead-42327df81d94:c1165]
2019-08-05 04:37:46,123 INFO  client.GrpcClientProtocolClient (GrpcClientProtocolClient.java:onNext(255)) - client-C12DAE7A5037->3f4de2de-7d09-498f-aead-42327df81d94: receive RaftClientReply:client-C12DAE7A5037->3f4de2de-7d09-498f-aead-42327df81d94@group-C7908E81CC6B, cid=787, SUCCESS, logIndex=1163, commits[3f4de2de-7d09-498f-aead-42327df81d94:c1165]
2019-08-05 04:37:46,123 INFO  client.GrpcClientProtocolClient (GrpcClientProtocolClient.java:onNext(255)) - client-C12DAE7A5037->3f4de2de-7d09-498f-aead-42327df81d94: receive RaftClientReply:client-C12DAE7A5037->3f4de2de-7d09-498f-aead-42327df81d94@group-C7908E81CC6B, cid=788, SUCCESS, logIndex=1164, commits[3f4de2de-7d09-498f-aead-42327df81d94:c1166]
2019-08-05 04:37:46,143 INFO  client.GrpcClientProtocolClient (GrpcClientProtocolClient.java:onNext(255)) - client-C12DAE7A5037->3f4de2de-7d09-498f-aead-42327df81d94: receive RaftClientReply:client-C12DAE7A5037->3f4de2de-7d09-498f-aead-42327df81d94@group-C7908E81CC6B, cid=789, SUCCESS, logIndex=1167, commits[3f4de2de-7d09-498f-aead-42327df81d94:c1168]
2019-08-05 04:37:46,145 INFO  client.GrpcClientProtocolClient (GrpcClientProtocolClient.java:onNext(255)) - client-C12DAE7A5037->3f4de2de-7d09-498f-aead-42327df81d94: receive RaftClientReply:client-C12DAE7A5037->3f4de2de-7d09-498f-aead-42327df81d94@group-C7908E81CC6B, cid=790, SUCCESS, logIndex=1168, commits[3f4de2de-7d09-498f-aead-42327df81d94:c1168]
2019-08-05 04:37:46,146 INFO  client.GrpcClientProtocolClient (GrpcClientProtocolClient.java:onNext(255)) - client-C12DAE7A5037->3f4de2de-7d09-498f-aead-42327df81d94: receive RaftClientReply:client-C12DAE7A5037->3f4de2de-7d09-498f-aead-42327df81d94@group-C7908E81CC6B, cid=791, SUCCESS, logIndex=1169, commits[3f4de2de-7d09-498f-aead-42327df81d94:c1170]
2019-08-05 04:37:46,146 INFO  client.GrpcClientProtocolClient (GrpcClientProtocolClient.java:onNext(255)) - client-C12DAE7A5037->3f4de2de-7d09-498f-aead-42327df81d94: receive RaftClientReply:client-C12DAE7A5037->3f4de2de-7d09-498f-aead-42327df81d94@group-C7908E81CC6B, cid=792, SUCCESS, logIndex=1170, commits[3f4de2de-7d09-498f-aead-42327df81d94:c1171]
2019-08-05 04:37:46,174 INFO  client.GrpcClientProtocolClient (GrpcClientProtocolClient.java:onNext(255)) - client-C12DAE7A5037->3f4de2de-7d09-498f-aead-42327df81d94: receive RaftClientReply:client-C12DAE7A5037->3f4de2de-7d09-498f-aead-42327df81d94@group-C7908E81CC6B, cid=793, SUCCESS, logIndex=1173, commits[3f4de2de-7d09-498f-aead-42327df81d94:c1175]
2019-08-05 04:37:46,175 INFO  client.GrpcClientProtocolClient (GrpcClientProtocolClient.java:onNext(255)) - client-C12DAE7A5037->3f4de2de-7d09-498f-aead-42327df81d94: receive RaftClientReply:client-C12DAE7A5037->3f4de2de-7d09-498f-aead-42327df81d94@group-C7908E81CC6B, cid=794, SUCCESS, logIndex=1174, commits[3f4de2de-7d09-498f-aead-42327df81d94:c1175]
2019-08-05 04:37:46,182 DEBUG block.SCMBlockDeletingService (SCMBlockDeletingService.java:call(138)) - Running DeletedBlockTransactionScanner
2019-08-05 04:37:46,182 DEBUG block.SCMBlockDeletingService (SCMBlockDeletingService.java:call(155)) - Scanned deleted blocks log and got 0 delTX to process.
2019-08-05 04:37:46,348 DEBUG block.SCMBlockDeletingService (SCMBlockDeletingService.java:call(138)) - Running DeletedBlockTransactionScanner
2019-08-05 04:37:46,348 DEBUG block.SCMBlockDeletingService (SCMBlockDeletingService.java:call(155)) - Scanned deleted blocks log and got 0 delTX to process.
2019-08-05 04:37:46,378 INFO  client.GrpcClientProtocolClient (GrpcClientProtocolClient.java:onNext(255)) - client-C12DAE7A5037->3f4de2de-7d09-498f-aead-42327df81d94: receive RaftClientReply:client-C12DAE7A5037->3f4de2de-7d09-498f-aead-42327df81d94@group-C7908E81CC6B, cid=795, SUCCESS, logIndex=1176, commits[3f4de2de-7d09-498f-aead-42327df81d94:c1177]
2019-08-05 04:37:46,378 INFO  client.GrpcClientProtocolClient (GrpcClientProtocolClient.java:onNext(255)) - client-C12DAE7A5037->3f4de2de-7d09-498f-aead-42327df81d94: receive RaftClientReply:client-C12DAE7A5037->3f4de2de-7d09-498f-aead-42327df81d94@group-C7908E81CC6B, cid=796, SUCCESS, logIndex=1177, commits[3f4de2de-7d09-498f-aead-42327df81d94:c1178]
2019-08-05 04:37:46,400 INFO  client.GrpcClientProtocolClient (GrpcClientProtocolClient.java:onNext(255)) - client-C12DAE7A5037->3f4de2de-7d09-498f-aead-42327df81d94: receive RaftClientReply:client-C12DAE7A5037->3f4de2de-7d09-498f-aead-42327df81d94@group-C7908E81CC6B, cid=797, SUCCESS, logIndex=1179, commits[3f4de2de-7d09-498f-aead-42327df81d94:c1180]
2019-08-05 04:37:46,401 INFO  client.GrpcClientProtocolClient (GrpcClientProtocolClient.java:onNext(255)) - client-C12DAE7A5037->3f4de2de-7d09-498f-aead-42327df81d94: receive RaftClientReply:client-C12DAE7A5037->3f4de2de-7d09-498f-aead-42327df81d94@group-C7908E81CC6B, cid=798, SUCCESS, logIndex=1180, commits[3f4de2de-7d09-498f-aead-42327df81d94:c1182]
2019-08-05 04:37:46,401 INFO  client.GrpcClientProtocolClient (GrpcClientProtocolClient.java:onNext(255)) - client-C12DAE7A5037->3f4de2de-7d09-498f-aead-42327df81d94: receive RaftClientReply:client-C12DAE7A5037->3f4de2de-7d09-498f-aead-42327df81d94@group-C7908E81CC6B, cid=799, SUCCESS, logIndex=1181, commits[3f4de2de-7d09-498f-aead-42327df81d94:c1183]
2019-08-05 04:37:46,402 INFO  client.GrpcClientProtocolClient (GrpcClientProtocolClient.java:onNext(255)) - client-C12DAE7A5037->3f4de2de-7d09-498f-aead-42327df81d94: receive RaftClientReply:client-C12DAE7A5037->3f4de2de-7d09-498f-aead-42327df81d94@group-C7908E81CC6B, cid=800, SUCCESS, logIndex=1182, commits[3f4de2de-7d09-498f-aead-42327df81d94:c1184]
2019-08-05 04:37:46,430 INFO  client.GrpcClientProtocolClient (GrpcClientProtocolClient.java:onNext(255)) - client-C12DAE7A5037->3f4de2de-7d09-498f-aead-42327df81d94: receive RaftClientReply:client-C12DAE7A5037->3f4de2de-7d09-498f-aead-42327df81d94@group-C7908E81CC6B, cid=801, SUCCESS, logIndex=1185, commits[3f4de2de-7d09-498f-aead-42327df81d94:c1186]
2019-08-05 04:37:46,431 INFO  client.GrpcClientProtocolClient (GrpcClientProtocolClient.java:onNext(255)) - client-C12DAE7A5037->3f4de2de-7d09-498f-aead-42327df81d94: receive RaftClientReply:client-C12DAE7A5037->3f4de2de-7d09-498f-aead-42327df81d94@group-C7908E81CC6B, cid=802, SUCCESS, logIndex=1186, commits[3f4de2de-7d09-498f-aead-42327df81d94:c1189]
2019-08-05 04:37:46,432 INFO  client.GrpcClientProtocolClient (GrpcClientProtocolClient.java:onNext(255)) - client-C12DAE7A5037->3f4de2de-7d09-498f-aead-42327df81d94: receive RaftClientReply:client-C12DAE7A5037->3f4de2de-7d09-498f-aead-42327df81d94@group-C7908E81CC6B, cid=803, SUCCESS, logIndex=1187, commits[3f4de2de-7d09-498f-aead-42327df81d94:c1189]
2019-08-05 04:37:46,432 INFO  client.GrpcClientProtocolClient (GrpcClientProtocolClient.java:onNext(255)) - client-C12DAE7A5037->3f4de2de-7d09-498f-aead-42327df81d94: receive RaftClientReply:client-C12DAE7A5037->3f4de2de-7d09-498f-aead-42327df81d94@group-C7908E81CC6B, cid=804, SUCCESS, logIndex=1188, commits[3f4de2de-7d09-498f-aead-42327df81d94:c1190]
2019-08-05 04:37:46,448 DEBUG block.SCMBlockDeletingService (SCMBlockDeletingService.java:call(138)) - Running DeletedBlockTransactionScanner
2019-08-05 04:37:46,449 DEBUG block.SCMBlockDeletingService (SCMBlockDeletingService.java:call(155)) - Scanned deleted blocks log and got 0 delTX to process.
2019-08-05 04:37:46,453 INFO  client.GrpcClientProtocolClient (GrpcClientProtocolClient.java:onNext(255)) - client-C12DAE7A5037->3f4de2de-7d09-498f-aead-42327df81d94: receive RaftClientReply:client-C12DAE7A5037->3f4de2de-7d09-498f-aead-42327df81d94@group-C7908E81CC6B, cid=805, SUCCESS, logIndex=1191, commits[3f4de2de-7d09-498f-aead-42327df81d94:c1194]
2019-08-05 04:37:46,454 INFO  client.GrpcClientProtocolClient (GrpcClientProtocolClient.java:onNext(255)) - client-C12DAE7A5037->3f4de2de-7d09-498f-aead-42327df81d94: receive RaftClientReply:client-C12DAE7A5037->3f4de2de-7d09-498f-aead-42327df81d94@group-C7908E81CC6B, cid=806, SUCCESS, logIndex=1192, commits[3f4de2de-7d09-498f-aead-42327df81d94:c1195]
2019-08-05 04:37:46,454 INFO  client.GrpcClientProtocolClient (GrpcClientProtocolClient.java:onNext(255)) - client-C12DAE7A5037->3f4de2de-7d09-498f-aead-42327df81d94: receive RaftClientReply:client-C12DAE7A5037->3f4de2de-7d09-498f-aead-42327df81d94@group-C7908E81CC6B, cid=807, SUCCESS, logIndex=1193, commits[3f4de2de-7d09-498f-aead-42327df81d94:c1196]
2019-08-05 04:37:46,455 INFO  client.GrpcClientProtocolClient (GrpcClientProtocolClient.java:onNext(255)) - client-C12DAE7A5037->3f4de2de-7d09-498f-aead-42327df81d94: receive RaftClientReply:client-C12DAE7A5037->3f4de2de-7d09-498f-aead-42327df81d94@group-C7908E81CC6B, cid=808, SUCCESS, logIndex=1194, commits[3f4de2de-7d09-498f-aead-42327df81d94:c1196]
2019-08-05 04:37:46,486 INFO  client.GrpcClientProtocolClient (GrpcClientProtocolClient.java:onNext(255)) - client-C12DAE7A5037->3f4de2de-7d09-498f-aead-42327df81d94: receive RaftClientReply:client-C12DAE7A5037->3f4de2de-7d09-498f-aead-42327df81d94@group-C7908E81CC6B, cid=809, SUCCESS, logIndex=1197, commits[3f4de2de-7d09-498f-aead-42327df81d94:c1198]
2019-08-05 04:37:46,486 INFO  client.GrpcClientProtocolClient (GrpcClientProtocolClient.java:onNext(255)) - client-C12DAE7A5037->3f4de2de-7d09-498f-aead-42327df81d94: receive RaftClientReply:client-C12DAE7A5037->3f4de2de-7d09-498f-aead-42327df81d94@group-C7908E81CC6B, cid=810, SUCCESS, logIndex=1198, commits[3f4de2de-7d09-498f-aead-42327df81d94:c1198]
2019-08-05 04:37:46,496 INFO  client.GrpcClientProtocolClient (GrpcClientProtocolClient.java:onNext(255)) - client-C12DAE7A5037->3f4de2de-7d09-498f-aead-42327df81d94: receive RaftClientReply:client-C12DAE7A5037->3f4de2de-7d09-498f-aead-42327df81d94@group-C7908E81CC6B, cid=811, SUCCESS, logIndex=1199, commits[3f4de2de-7d09-498f-aead-42327df81d94:c1200]
2019-08-05 04:37:46,500 INFO  client.GrpcClientProtocolClient (GrpcClientProtocolClient.java:onNext(255)) - client-C12DAE7A5037->3f4de2de-7d09-498f-aead-42327df81d94: receive RaftClientReply:client-C12DAE7A5037->3f4de2de-7d09-498f-aead-42327df81d94@group-C7908E81CC6B, cid=812, SUCCESS, logIndex=1200, commits[3f4de2de-7d09-498f-aead-42327df81d94:c1201]
2019-08-05 04:37:46,523 INFO  client.GrpcClientProtocolClient (GrpcClientProtocolClient.java:onNext(255)) - client-C12DAE7A5037->3f4de2de-7d09-498f-aead-42327df81d94: receive RaftClientReply:client-C12DAE7A5037->3f4de2de-7d09-498f-aead-42327df81d94@group-C7908E81CC6B, cid=813, SUCCESS, logIndex=1203, commits[3f4de2de-7d09-498f-aead-42327df81d94:c1206]
2019-08-05 04:37:46,523 INFO  client.GrpcClientProtocolClient (GrpcClientProtocolClient.java:onNext(255)) - client-C12DAE7A5037->3f4de2de-7d09-498f-aead-42327df81d94: receive RaftClientReply:client-C12DAE7A5037->3f4de2de-7d09-498f-aead-42327df81d94@group-C7908E81CC6B, cid=814, SUCCESS, logIndex=1204, commits[3f4de2de-7d09-498f-aead-42327df81d94:c1207]
2019-08-05 04:37:46,524 INFO  client.GrpcClientProtocolClient (GrpcClientProtocolClient.java:onNext(255)) - client-C12DAE7A5037->3f4de2de-7d09-498f-aead-42327df81d94: receive RaftClientReply:client-C12DAE7A5037->3f4de2de-7d09-498f-aead-42327df81d94@group-C7908E81CC6B, cid=815, SUCCESS, logIndex=1205, commits[3f4de2de-7d09-498f-aead-42327df81d94:c1207]
2019-08-05 04:37:46,524 INFO  client.GrpcClientProtocolClient (GrpcClientProtocolClient.java:onNext(255)) - client-C12DAE7A5037->3f4de2de-7d09-498f-aead-42327df81d94: receive RaftClientReply:client-C12DAE7A5037->3f4de2de-7d09-498f-aead-42327df81d94@group-C7908E81CC6B, cid=816, SUCCESS, logIndex=1206, commits[3f4de2de-7d09-498f-aead-42327df81d94:c1207]
2019-08-05 04:37:46,549 DEBUG block.SCMBlockDeletingService (SCMBlockDeletingService.java:call(138)) - Running DeletedBlockTransactionScanner
2019-08-05 04:37:46,550 DEBUG block.SCMBlockDeletingService (SCMBlockDeletingService.java:call(155)) - Scanned deleted blocks log and got 0 delTX to process.
2019-08-05 04:37:46,552 INFO  client.GrpcClientProtocolClient (GrpcClientProtocolClient.java:onNext(255)) - client-C12DAE7A5037->3f4de2de-7d09-498f-aead-42327df81d94: receive RaftClientReply:client-C12DAE7A5037->3f4de2de-7d09-498f-aead-42327df81d94@group-C7908E81CC6B, cid=817, SUCCESS, logIndex=1208, commits[3f4de2de-7d09-498f-aead-42327df81d94:c1209]
2019-08-05 04:37:46,553 INFO  client.GrpcClientProtocolClient (GrpcClientProtocolClient.java:onNext(255)) - client-C12DAE7A5037->3f4de2de-7d09-498f-aead-42327df81d94: receive RaftClientReply:client-C12DAE7A5037->3f4de2de-7d09-498f-aead-42327df81d94@group-C7908E81CC6B, cid=818, SUCCESS, logIndex=1209, commits[3f4de2de-7d09-498f-aead-42327df81d94:c1209]
2019-08-05 04:37:46,563 INFO  client.GrpcClientProtocolClient (GrpcClientProtocolClient.java:onNext(255)) - client-C12DAE7A5037->3f4de2de-7d09-498f-aead-42327df81d94: receive RaftClientReply:client-C12DAE7A5037->3f4de2de-7d09-498f-aead-42327df81d94@group-C7908E81CC6B, cid=819, SUCCESS, logIndex=1210, commits[3f4de2de-7d09-498f-aead-42327df81d94:c1211]
2019-08-05 04:37:46,563 INFO  client.GrpcClientProtocolClient (GrpcClientProtocolClient.java:onNext(255)) - client-C12DAE7A5037->3f4de2de-7d09-498f-aead-42327df81d94: receive RaftClientReply:client-C12DAE7A5037->3f4de2de-7d09-498f-aead-42327df81d94@group-C7908E81CC6B, cid=820, SUCCESS, logIndex=1211, commits[3f4de2de-7d09-498f-aead-42327df81d94:c1212]
2019-08-05 04:37:46,583 INFO  client.GrpcClientProtocolClient (GrpcClientProtocolClient.java:onNext(255)) - client-C12DAE7A5037->3f4de2de-7d09-498f-aead-42327df81d94: receive RaftClientReply:client-C12DAE7A5037->3f4de2de-7d09-498f-aead-42327df81d94@group-C7908E81CC6B, cid=821, SUCCESS, logIndex=1214, commits[3f4de2de-7d09-498f-aead-42327df81d94:c1215]
2019-08-05 04:37:46,584 INFO  client.GrpcClientProtocolClient (GrpcClientProtocolClient.java:onNext(255)) - client-C12DAE7A5037->3f4de2de-7d09-498f-aead-42327df81d94: receive RaftClientReply:client-C12DAE7A5037->3f4de2de-7d09-498f-aead-42327df81d94@group-C7908E81CC6B, cid=822, SUCCESS, logIndex=1215, commits[3f4de2de-7d09-498f-aead-42327df81d94:c1217]
2019-08-05 04:37:46,584 INFO  client.GrpcClientProtocolClient (GrpcClientProtocolClient.java:onNext(255)) - client-C12DAE7A5037->3f4de2de-7d09-498f-aead-42327df81d94: receive RaftClientReply:client-C12DAE7A5037->3f4de2de-7d09-498f-aead-42327df81d94@group-C7908E81CC6B, cid=823, SUCCESS, logIndex=1216, commits[3f4de2de-7d09-498f-aead-42327df81d94:c1218]
2019-08-05 04:37:46,584 INFO  client.GrpcClientProtocolClient (GrpcClientProtocolClient.java:onNext(255)) - client-C12DAE7A5037->3f4de2de-7d09-498f-aead-42327df81d94: receive RaftClientReply:client-C12DAE7A5037->3f4de2de-7d09-498f-aead-42327df81d94@group-C7908E81CC6B, cid=824, SUCCESS, logIndex=1217, commits[3f4de2de-7d09-498f-aead-42327df81d94:c1219]
2019-08-05 04:37:46,611 INFO  client.GrpcClientProtocolClient (GrpcClientProtocolClient.java:onNext(255)) - client-C12DAE7A5037->3f4de2de-7d09-498f-aead-42327df81d94: receive RaftClientReply:client-C12DAE7A5037->3f4de2de-7d09-498f-aead-42327df81d94@group-C7908E81CC6B, cid=825, SUCCESS, logIndex=1220, commits[3f4de2de-7d09-498f-aead-42327df81d94:c1221]
2019-08-05 04:37:46,612 INFO  client.GrpcClientProtocolClient (GrpcClientProtocolClient.java:onNext(255)) - client-C12DAE7A5037->3f4de2de-7d09-498f-aead-42327df81d94: receive RaftClientReply:client-C12DAE7A5037->3f4de2de-7d09-498f-aead-42327df81d94@group-C7908E81CC6B, cid=826, SUCCESS, logIndex=1221, commits[3f4de2de-7d09-498f-aead-42327df81d94:c1223]
2019-08-05 04:37:46,612 INFO  client.GrpcClientProtocolClient (GrpcClientProtocolClient.java:onNext(255)) - client-C12DAE7A5037->3f4de2de-7d09-498f-aead-42327df81d94: receive RaftClientReply:client-C12DAE7A5037->3f4de2de-7d09-498f-aead-42327df81d94@group-C7908E81CC6B, cid=827, SUCCESS, logIndex=1222, commits[3f4de2de-7d09-498f-aead-42327df81d94:c1224]
2019-08-05 04:37:46,614 INFO  client.GrpcClientProtocolClient (GrpcClientProtocolClient.java:onNext(255)) - client-C12DAE7A5037->3f4de2de-7d09-498f-aead-42327df81d94: receive RaftClientReply:client-C12DAE7A5037->3f4de2de-7d09-498f-aead-42327df81d94@group-C7908E81CC6B, cid=828, SUCCESS, logIndex=1223, commits[3f4de2de-7d09-498f-aead-42327df81d94:c1225]
2019-08-05 04:37:46,634 INFO  client.GrpcClientProtocolClient (GrpcClientProtocolClient.java:onNext(255)) - client-C12DAE7A5037->3f4de2de-7d09-498f-aead-42327df81d94: receive RaftClientReply:client-C12DAE7A5037->3f4de2de-7d09-498f-aead-42327df81d94@group-C7908E81CC6B, cid=829, SUCCESS, logIndex=1226, commits[3f4de2de-7d09-498f-aead-42327df81d94:c1229]
2019-08-05 04:37:46,634 INFO  client.GrpcClientProtocolClient (GrpcClientProtocolClient.java:onNext(255)) - client-C12DAE7A5037->3f4de2de-7d09-498f-aead-42327df81d94: receive RaftClientReply:client-C12DAE7A5037->3f4de2de-7d09-498f-aead-42327df81d94@group-C7908E81CC6B, cid=830, SUCCESS, logIndex=1227, commits[3f4de2de-7d09-498f-aead-42327df81d94:c1229]
2019-08-05 04:37:46,635 INFO  client.GrpcClientProtocolClient (GrpcClientProtocolClient.java:onNext(255)) - client-C12DAE7A5037->3f4de2de-7d09-498f-aead-42327df81d94: receive RaftClientReply:client-C12DAE7A5037->3f4de2de-7d09-498f-aead-42327df81d94@group-C7908E81CC6B, cid=831, SUCCESS, logIndex=1228, commits[3f4de2de-7d09-498f-aead-42327df81d94:c1230]
2019-08-05 04:37:46,635 INFO  client.GrpcClientProtocolClient (GrpcClientProtocolClient.java:onNext(255)) - client-C12DAE7A5037->3f4de2de-7d09-498f-aead-42327df81d94: receive RaftClientReply:client-C12DAE7A5037->3f4de2de-7d09-498f-aead-42327df81d94@group-C7908E81CC6B, cid=832, SUCCESS, logIndex=1229, commits[3f4de2de-7d09-498f-aead-42327df81d94:c1231]
2019-08-05 04:37:46,650 DEBUG block.SCMBlockDeletingService (SCMBlockDeletingService.java:call(138)) - Running DeletedBlockTransactionScanner
2019-08-05 04:37:46,650 DEBUG block.SCMBlockDeletingService (SCMBlockDeletingService.java:call(155)) - Scanned deleted blocks log and got 0 delTX to process.
2019-08-05 04:37:46,662 INFO  client.GrpcClientProtocolClient (GrpcClientProtocolClient.java:onNext(255)) - client-C12DAE7A5037->3f4de2de-7d09-498f-aead-42327df81d94: receive RaftClientReply:client-C12DAE7A5037->3f4de2de-7d09-498f-aead-42327df81d94@group-C7908E81CC6B, cid=833, SUCCESS, logIndex=1232, commits[3f4de2de-7d09-498f-aead-42327df81d94:c1233]
2019-08-05 04:37:46,662 INFO  client.GrpcClientProtocolClient (GrpcClientProtocolClient.java:onNext(255)) - client-C12DAE7A5037->3f4de2de-7d09-498f-aead-42327df81d94: receive RaftClientReply:client-C12DAE7A5037->3f4de2de-7d09-498f-aead-42327df81d94@group-C7908E81CC6B, cid=834, SUCCESS, logIndex=1233, commits[3f4de2de-7d09-498f-aead-42327df81d94:c1235]
2019-08-05 04:37:46,663 INFO  client.GrpcClientProtocolClient (GrpcClientProtocolClient.java:onNext(255)) - client-C12DAE7A5037->3f4de2de-7d09-498f-aead-42327df81d94: receive RaftClientReply:client-C12DAE7A5037->3f4de2de-7d09-498f-aead-42327df81d94@group-C7908E81CC6B, cid=835, SUCCESS, logIndex=1234, commits[3f4de2de-7d09-498f-aead-42327df81d94:c1236]
2019-08-05 04:37:46,663 INFO  client.GrpcClientProtocolClient (GrpcClientProtocolClient.java:onNext(255)) - client-C12DAE7A5037->3f4de2de-7d09-498f-aead-42327df81d94: receive RaftClientReply:client-C12DAE7A5037->3f4de2de-7d09-498f-aead-42327df81d94@group-C7908E81CC6B, cid=836, SUCCESS, logIndex=1235, commits[3f4de2de-7d09-498f-aead-42327df81d94:c1236]
2019-08-05 04:37:46,683 INFO  client.GrpcClientProtocolClient (GrpcClientProtocolClient.java:onNext(255)) - client-C12DAE7A5037->3f4de2de-7d09-498f-aead-42327df81d94: receive RaftClientReply:client-C12DAE7A5037->3f4de2de-7d09-498f-aead-42327df81d94@group-C7908E81CC6B, cid=837, SUCCESS, logIndex=1238, commits[3f4de2de-7d09-498f-aead-42327df81d94:c1239]
2019-08-05 04:37:46,683 INFO  client.GrpcClientProtocolClient (GrpcClientProtocolClient.java:onNext(255)) - client-C12DAE7A5037->3f4de2de-7d09-498f-aead-42327df81d94: receive RaftClientReply:client-C12DAE7A5037->3f4de2de-7d09-498f-aead-42327df81d94@group-C7908E81CC6B, cid=838, SUCCESS, logIndex=1239, commits[3f4de2de-7d09-498f-aead-42327df81d94:c1240]
2019-08-05 04:37:46,751 DEBUG block.SCMBlockDeletingService (SCMBlockDeletingService.java:call(138)) - Running DeletedBlockTransactionScanner
2019-08-05 04:37:46,751 DEBUG block.SCMBlockDeletingService (SCMBlockDeletingService.java:call(155)) - Scanned deleted blocks log and got 0 delTX to process.
2019-08-05 04:37:46,779 INFO  client.GrpcClientProtocolClient (GrpcClientProtocolClient.java:onNext(255)) - client-C12DAE7A5037->3f4de2de-7d09-498f-aead-42327df81d94: receive RaftClientReply:client-C12DAE7A5037->3f4de2de-7d09-498f-aead-42327df81d94@group-C7908E81CC6B, cid=839, SUCCESS, logIndex=1241, commits[3f4de2de-7d09-498f-aead-42327df81d94:c1242]
2019-08-05 04:37:46,779 INFO  client.GrpcClientProtocolClient (GrpcClientProtocolClient.java:onNext(255)) - client-C12DAE7A5037->3f4de2de-7d09-498f-aead-42327df81d94: receive RaftClientReply:client-C12DAE7A5037->3f4de2de-7d09-498f-aead-42327df81d94@group-C7908E81CC6B, cid=840, SUCCESS, logIndex=1242, commits[3f4de2de-7d09-498f-aead-42327df81d94:c1242]
2019-08-05 04:37:46,806 INFO  client.GrpcClientProtocolClient (GrpcClientProtocolClient.java:onNext(255)) - client-C12DAE7A5037->3f4de2de-7d09-498f-aead-42327df81d94: receive RaftClientReply:client-C12DAE7A5037->3f4de2de-7d09-498f-aead-42327df81d94@group-C7908E81CC6B, cid=841, SUCCESS, logIndex=1244, commits[3f4de2de-7d09-498f-aead-42327df81d94:c1247]
2019-08-05 04:37:46,807 INFO  client.GrpcClientProtocolClient (GrpcClientProtocolClient.java:onNext(255)) - client-C12DAE7A5037->3f4de2de-7d09-498f-aead-42327df81d94: receive RaftClientReply:client-C12DAE7A5037->3f4de2de-7d09-498f-aead-42327df81d94@group-C7908E81CC6B, cid=842, SUCCESS, logIndex=1245, commits[3f4de2de-7d09-498f-aead-42327df81d94:c1248]
2019-08-05 04:37:46,807 INFO  client.GrpcClientProtocolClient (GrpcClientProtocolClient.java:onNext(255)) - client-C12DAE7A5037->3f4de2de-7d09-498f-aead-42327df81d94: receive RaftClientReply:client-C12DAE7A5037->3f4de2de-7d09-498f-aead-42327df81d94@group-C7908E81CC6B, cid=843, SUCCESS, logIndex=1246, commits[3f4de2de-7d09-498f-aead-42327df81d94:c1248]
2019-08-05 04:37:46,809 INFO  client.GrpcClientProtocolClient (GrpcClientProtocolClient.java:onNext(255)) - client-C12DAE7A5037->3f4de2de-7d09-498f-aead-42327df81d94: receive RaftClientReply:client-C12DAE7A5037->3f4de2de-7d09-498f-aead-42327df81d94@group-C7908E81CC6B, cid=844, SUCCESS, logIndex=1247, commits[3f4de2de-7d09-498f-aead-42327df81d94:c1248]
2019-08-05 04:37:46,828 INFO  client.GrpcClientProtocolClient (GrpcClientProtocolClient.java:onNext(255)) - client-C12DAE7A5037->3f4de2de-7d09-498f-aead-42327df81d94: receive RaftClientReply:client-C12DAE7A5037->3f4de2de-7d09-498f-aead-42327df81d94@group-C7908E81CC6B, cid=845, SUCCESS, logIndex=1249, commits[3f4de2de-7d09-498f-aead-42327df81d94:c1250]
2019-08-05 04:37:46,828 INFO  client.GrpcClientProtocolClient (GrpcClientProtocolClient.java:onNext(255)) - client-C12DAE7A5037->3f4de2de-7d09-498f-aead-42327df81d94: receive RaftClientReply:client-C12DAE7A5037->3f4de2de-7d09-498f-aead-42327df81d94@group-C7908E81CC6B, cid=846, SUCCESS, logIndex=1250, commits[3f4de2de-7d09-498f-aead-42327df81d94:c1252]
2019-08-05 04:37:46,829 INFO  client.GrpcClientProtocolClient (GrpcClientProtocolClient.java:onNext(255)) - client-C12DAE7A5037->3f4de2de-7d09-498f-aead-42327df81d94: receive RaftClientReply:client-C12DAE7A5037->3f4de2de-7d09-498f-aead-42327df81d94@group-C7908E81CC6B, cid=847, SUCCESS, logIndex=1251, commits[3f4de2de-7d09-498f-aead-42327df81d94:c1252]
2019-08-05 04:37:46,830 INFO  client.GrpcClientProtocolClient (GrpcClientProtocolClient.java:onNext(255)) - client-C12DAE7A5037->3f4de2de-7d09-498f-aead-42327df81d94: receive RaftClientReply:client-C12DAE7A5037->3f4de2de-7d09-498f-aead-42327df81d94@group-C7908E81CC6B, cid=848, SUCCESS, logIndex=1252, commits[3f4de2de-7d09-498f-aead-42327df81d94:c1253]
2019-08-05 04:37:46,852 DEBUG block.SCMBlockDeletingService (SCMBlockDeletingService.java:call(138)) - Running DeletedBlockTransactionScanner
2019-08-05 04:37:46,852 DEBUG block.SCMBlockDeletingService (SCMBlockDeletingService.java:call(155)) - Scanned deleted blocks log and got 0 delTX to process.
2019-08-05 04:37:46,857 INFO  client.GrpcClientProtocolClient (GrpcClientProtocolClient.java:onNext(255)) - client-C12DAE7A5037->3f4de2de-7d09-498f-aead-42327df81d94: receive RaftClientReply:client-C12DAE7A5037->3f4de2de-7d09-498f-aead-42327df81d94@group-C7908E81CC6B, cid=849, SUCCESS, logIndex=1255, commits[3f4de2de-7d09-498f-aead-42327df81d94:c1258]
2019-08-05 04:37:46,858 INFO  client.GrpcClientProtocolClient (GrpcClientProtocolClient.java:onNext(255)) - client-C12DAE7A5037->3f4de2de-7d09-498f-aead-42327df81d94: receive RaftClientReply:client-C12DAE7A5037->3f4de2de-7d09-498f-aead-42327df81d94@group-C7908E81CC6B, cid=850, SUCCESS, logIndex=1256, commits[3f4de2de-7d09-498f-aead-42327df81d94:c1258]
2019-08-05 04:37:46,858 INFO  client.GrpcClientProtocolClient (GrpcClientProtocolClient.java:onNext(255)) - client-C12DAE7A5037->3f4de2de-7d09-498f-aead-42327df81d94: receive RaftClientReply:client-C12DAE7A5037->3f4de2de-7d09-498f-aead-42327df81d94@group-C7908E81CC6B, cid=851, SUCCESS, logIndex=1257, commits[3f4de2de-7d09-498f-aead-42327df81d94:c1259]
2019-08-05 04:37:46,858 INFO  client.GrpcClientProtocolClient (GrpcClientProtocolClient.java:onNext(255)) - client-C12DAE7A5037->3f4de2de-7d09-498f-aead-42327df81d94: receive RaftClientReply:client-C12DAE7A5037->3f4de2de-7d09-498f-aead-42327df81d94@group-C7908E81CC6B, cid=852, SUCCESS, logIndex=1258, commits[3f4de2de-7d09-498f-aead-42327df81d94:c1259]
2019-08-05 04:37:46,879 INFO  client.GrpcClientProtocolClient (GrpcClientProtocolClient.java:onNext(255)) - client-C12DAE7A5037->3f4de2de-7d09-498f-aead-42327df81d94: receive RaftClientReply:client-C12DAE7A5037->3f4de2de-7d09-498f-aead-42327df81d94@group-C7908E81CC6B, cid=853, SUCCESS, logIndex=1260, commits[3f4de2de-7d09-498f-aead-42327df81d94:c1261]
2019-08-05 04:37:46,880 INFO  client.GrpcClientProtocolClient (GrpcClientProtocolClient.java:onNext(255)) - client-C12DAE7A5037->3f4de2de-7d09-498f-aead-42327df81d94: receive RaftClientReply:client-C12DAE7A5037->3f4de2de-7d09-498f-aead-42327df81d94@group-C7908E81CC6B, cid=854, SUCCESS, logIndex=1261, commits[3f4de2de-7d09-498f-aead-42327df81d94:c1263]
2019-08-05 04:37:46,880 INFO  client.GrpcClientProtocolClient (GrpcClientProtocolClient.java:onNext(255)) - client-C12DAE7A5037->3f4de2de-7d09-498f-aead-42327df81d94: receive RaftClientReply:client-C12DAE7A5037->3f4de2de-7d09-498f-aead-42327df81d94@group-C7908E81CC6B, cid=855, SUCCESS, logIndex=1262, commits[3f4de2de-7d09-498f-aead-42327df81d94:c1264]
2019-08-05 04:37:46,880 INFO  client.GrpcClientProtocolClient (GrpcClientProtocolClient.java:onNext(255)) - client-C12DAE7A5037->3f4de2de-7d09-498f-aead-42327df81d94: receive RaftClientReply:client-C12DAE7A5037->3f4de2de-7d09-498f-aead-42327df81d94@group-C7908E81CC6B, cid=856, SUCCESS, logIndex=1263, commits[3f4de2de-7d09-498f-aead-42327df81d94:c1265]
2019-08-05 04:37:46,916 INFO  client.GrpcClientProtocolClient (GrpcClientProtocolClient.java:onNext(255)) - client-C12DAE7A5037->3f4de2de-7d09-498f-aead-42327df81d94: receive RaftClientReply:client-C12DAE7A5037->3f4de2de-7d09-498f-aead-42327df81d94@group-C7908E81CC6B, cid=857, SUCCESS, logIndex=1266, commits[3f4de2de-7d09-498f-aead-42327df81d94:c1270]
2019-08-05 04:37:46,917 INFO  client.GrpcClientProtocolClient (GrpcClientProtocolClient.java:onNext(255)) - client-C12DAE7A5037->3f4de2de-7d09-498f-aead-42327df81d94: receive RaftClientReply:client-C12DAE7A5037->3f4de2de-7d09-498f-aead-42327df81d94@group-C7908E81CC6B, cid=858, SUCCESS, logIndex=1267, commits[3f4de2de-7d09-498f-aead-42327df81d94:c1270]
2019-08-05 04:37:46,917 INFO  client.GrpcClientProtocolClient (GrpcClientProtocolClient.java:onNext(255)) - client-C12DAE7A5037->3f4de2de-7d09-498f-aead-42327df81d94: receive RaftClientReply:client-C12DAE7A5037->3f4de2de-7d09-498f-aead-42327df81d94@group-C7908E81CC6B, cid=859, SUCCESS, logIndex=1268, commits[3f4de2de-7d09-498f-aead-42327df81d94:c1270]
2019-08-05 04:37:46,917 INFO  client.GrpcClientProtocolClient (GrpcClientProtocolClient.java:onNext(255)) - client-C12DAE7A5037->3f4de2de-7d09-498f-aead-42327df81d94: receive RaftClientReply:client-C12DAE7A5037->3f4de2de-7d09-498f-aead-42327df81d94@group-C7908E81CC6B, cid=860, SUCCESS, logIndex=1269, commits[3f4de2de-7d09-498f-aead-42327df81d94:c1270]
2019-08-05 04:37:46,938 INFO  client.GrpcClientProtocolClient (GrpcClientProtocolClient.java:onNext(255)) - client-C12DAE7A5037->3f4de2de-7d09-498f-aead-42327df81d94: receive RaftClientReply:client-C12DAE7A5037->3f4de2de-7d09-498f-aead-42327df81d94@group-C7908E81CC6B, cid=861, SUCCESS, logIndex=1271, commits[3f4de2de-7d09-498f-aead-42327df81d94:c1272]
2019-08-05 04:37:46,938 INFO  client.GrpcClientProtocolClient (GrpcClientProtocolClient.java:onNext(255)) - client-C12DAE7A5037->3f4de2de-7d09-498f-aead-42327df81d94: receive RaftClientReply:client-C12DAE7A5037->3f4de2de-7d09-498f-aead-42327df81d94@group-C7908E81CC6B, cid=862, SUCCESS, logIndex=1272, commits[3f4de2de-7d09-498f-aead-42327df81d94:c1274]
2019-08-05 04:37:46,939 INFO  client.GrpcClientProtocolClient (GrpcClientProtocolClient.java:onNext(255)) - client-C12DAE7A5037->3f4de2de-7d09-498f-aead-42327df81d94: receive RaftClientReply:client-C12DAE7A5037->3f4de2de-7d09-498f-aead-42327df81d94@group-C7908E81CC6B, cid=863, SUCCESS, logIndex=1273, commits[3f4de2de-7d09-498f-aead-42327df81d94:c1275]
2019-08-05 04:37:46,939 INFO  client.GrpcClientProtocolClient (GrpcClientProtocolClient.java:onNext(255)) - client-C12DAE7A5037->3f4de2de-7d09-498f-aead-42327df81d94: receive RaftClientReply:client-C12DAE7A5037->3f4de2de-7d09-498f-aead-42327df81d94@group-C7908E81CC6B, cid=864, SUCCESS, logIndex=1274, commits[3f4de2de-7d09-498f-aead-42327df81d94:c1275]
2019-08-05 04:37:46,952 DEBUG block.SCMBlockDeletingService (SCMBlockDeletingService.java:call(138)) - Running DeletedBlockTransactionScanner
2019-08-05 04:37:46,953 DEBUG block.SCMBlockDeletingService (SCMBlockDeletingService.java:call(155)) - Scanned deleted blocks log and got 0 delTX to process.
2019-08-05 04:37:46,966 INFO  client.GrpcClientProtocolClient (GrpcClientProtocolClient.java:onNext(255)) - client-C12DAE7A5037->3f4de2de-7d09-498f-aead-42327df81d94: receive RaftClientReply:client-C12DAE7A5037->3f4de2de-7d09-498f-aead-42327df81d94@group-C7908E81CC6B, cid=865, SUCCESS, logIndex=1277, commits[3f4de2de-7d09-498f-aead-42327df81d94:c1278]
2019-08-05 04:37:46,966 INFO  client.GrpcClientProtocolClient (GrpcClientProtocolClient.java:onNext(255)) - client-C12DAE7A5037->3f4de2de-7d09-498f-aead-42327df81d94: receive RaftClientReply:client-C12DAE7A5037->3f4de2de-7d09-498f-aead-42327df81d94@group-C7908E81CC6B, cid=866, SUCCESS, logIndex=1278, commits[3f4de2de-7d09-498f-aead-42327df81d94:c1280]
2019-08-05 04:37:46,967 INFO  client.GrpcClientProtocolClient (GrpcClientProtocolClient.java:onNext(255)) - client-C12DAE7A5037->3f4de2de-7d09-498f-aead-42327df81d94: receive RaftClientReply:client-C12DAE7A5037->3f4de2de-7d09-498f-aead-42327df81d94@group-C7908E81CC6B, cid=867, SUCCESS, logIndex=1279, commits[3f4de2de-7d09-498f-aead-42327df81d94:c1281]
2019-08-05 04:37:46,967 INFO  client.GrpcClientProtocolClient (GrpcClientProtocolClient.java:onNext(255)) - client-C12DAE7A5037->3f4de2de-7d09-498f-aead-42327df81d94: receive RaftClientReply:client-C12DAE7A5037->3f4de2de-7d09-498f-aead-42327df81d94@group-C7908E81CC6B, cid=868, SUCCESS, logIndex=1280, commits[3f4de2de-7d09-498f-aead-42327df81d94:c1282]
2019-08-05 04:37:47,048 INFO  client.GrpcClientProtocolClient (GrpcClientProtocolClient.java:onNext(255)) - client-C12DAE7A5037->3f4de2de-7d09-498f-aead-42327df81d94: receive RaftClientReply:client-C12DAE7A5037->3f4de2de-7d09-498f-aead-42327df81d94@group-C7908E81CC6B, cid=869, SUCCESS, logIndex=1283, commits[3f4de2de-7d09-498f-aead-42327df81d94:c1284]
2019-08-05 04:37:47,049 INFO  client.GrpcClientProtocolClient (GrpcClientProtocolClient.java:onNext(255)) - client-C12DAE7A5037->3f4de2de-7d09-498f-aead-42327df81d94: receive RaftClientReply:client-C12DAE7A5037->3f4de2de-7d09-498f-aead-42327df81d94@group-C7908E81CC6B, cid=870, SUCCESS, logIndex=1284, commits[3f4de2de-7d09-498f-aead-42327df81d94:c1286]
2019-08-05 04:37:47,049 INFO  client.GrpcClientProtocolClient (GrpcClientProtocolClient.java:onNext(255)) - client-C12DAE7A5037->3f4de2de-7d09-498f-aead-42327df81d94: receive RaftClientReply:client-C12DAE7A5037->3f4de2de-7d09-498f-aead-42327df81d94@group-C7908E81CC6B, cid=871, SUCCESS, logIndex=1285, commits[3f4de2de-7d09-498f-aead-42327df81d94:c1287]
2019-08-05 04:37:47,050 INFO  client.GrpcClientProtocolClient (GrpcClientProtocolClient.java:onNext(255)) - client-C12DAE7A5037->3f4de2de-7d09-498f-aead-42327df81d94: receive RaftClientReply:client-C12DAE7A5037->3f4de2de-7d09-498f-aead-42327df81d94@group-C7908E81CC6B, cid=872, SUCCESS, logIndex=1286, commits[3f4de2de-7d09-498f-aead-42327df81d94:c1287]
2019-08-05 04:37:47,053 DEBUG block.SCMBlockDeletingService (SCMBlockDeletingService.java:call(138)) - Running DeletedBlockTransactionScanner
2019-08-05 04:37:47,053 DEBUG block.SCMBlockDeletingService (SCMBlockDeletingService.java:call(155)) - Scanned deleted blocks log and got 0 delTX to process.
2019-08-05 04:37:47,084 INFO  client.GrpcClientProtocolClient (GrpcClientProtocolClient.java:onNext(255)) - client-C12DAE7A5037->3f4de2de-7d09-498f-aead-42327df81d94: receive RaftClientReply:client-C12DAE7A5037->3f4de2de-7d09-498f-aead-42327df81d94@group-C7908E81CC6B, cid=873, SUCCESS, logIndex=1289, commits[3f4de2de-7d09-498f-aead-42327df81d94:c1290]
2019-08-05 04:37:47,085 INFO  client.GrpcClientProtocolClient (GrpcClientProtocolClient.java:onNext(255)) - client-C12DAE7A5037->3f4de2de-7d09-498f-aead-42327df81d94: receive RaftClientReply:client-C12DAE7A5037->3f4de2de-7d09-498f-aead-42327df81d94@group-C7908E81CC6B, cid=874, SUCCESS, logIndex=1290, commits[3f4de2de-7d09-498f-aead-42327df81d94:c1292]
2019-08-05 04:37:47,086 INFO  client.GrpcClientProtocolClient (GrpcClientProtocolClient.java:onNext(255)) - client-C12DAE7A5037->3f4de2de-7d09-498f-aead-42327df81d94: receive RaftClientReply:client-C12DAE7A5037->3f4de2de-7d09-498f-aead-42327df81d94@group-C7908E81CC6B, cid=875, SUCCESS, logIndex=1291, commits[3f4de2de-7d09-498f-aead-42327df81d94:c1293]
2019-08-05 04:37:47,086 INFO  client.GrpcClientProtocolClient (GrpcClientProtocolClient.java:onNext(255)) - client-C12DAE7A5037->3f4de2de-7d09-498f-aead-42327df81d94: receive RaftClientReply:client-C12DAE7A5037->3f4de2de-7d09-498f-aead-42327df81d94@group-C7908E81CC6B, cid=876, SUCCESS, logIndex=1292, commits[3f4de2de-7d09-498f-aead-42327df81d94:c1293]
2019-08-05 04:37:47,106 INFO  client.GrpcClientProtocolClient (GrpcClientProtocolClient.java:onNext(255)) - client-C12DAE7A5037->3f4de2de-7d09-498f-aead-42327df81d94: receive RaftClientReply:client-C12DAE7A5037->3f4de2de-7d09-498f-aead-42327df81d94@group-C7908E81CC6B, cid=877, SUCCESS, logIndex=1295, commits[3f4de2de-7d09-498f-aead-42327df81d94:c1296]
2019-08-05 04:37:47,106 INFO  client.GrpcClientProtocolClient (GrpcClientProtocolClient.java:onNext(255)) - client-C12DAE7A5037->3f4de2de-7d09-498f-aead-42327df81d94: receive RaftClientReply:client-C12DAE7A5037->3f4de2de-7d09-498f-aead-42327df81d94@group-C7908E81CC6B, cid=878, SUCCESS, logIndex=1296, commits[3f4de2de-7d09-498f-aead-42327df81d94:c1298]
2019-08-05 04:37:47,107 INFO  client.GrpcClientProtocolClient (GrpcClientProtocolClient.java:onNext(255)) - client-C12DAE7A5037->3f4de2de-7d09-498f-aead-42327df81d94: receive RaftClientReply:client-C12DAE7A5037->3f4de2de-7d09-498f-aead-42327df81d94@group-C7908E81CC6B, cid=879, SUCCESS, logIndex=1297, commits[3f4de2de-7d09-498f-aead-42327df81d94:c1298]
2019-08-05 04:37:47,107 INFO  client.GrpcClientProtocolClient (GrpcClientProtocolClient.java:onNext(255)) - client-C12DAE7A5037->3f4de2de-7d09-498f-aead-42327df81d94: receive RaftClientReply:client-C12DAE7A5037->3f4de2de-7d09-498f-aead-42327df81d94@group-C7908E81CC6B, cid=880, SUCCESS, logIndex=1298, commits[3f4de2de-7d09-498f-aead-42327df81d94:c1299]
2019-08-05 04:37:47,134 INFO  client.GrpcClientProtocolClient (GrpcClientProtocolClient.java:onNext(255)) - client-C12DAE7A5037->3f4de2de-7d09-498f-aead-42327df81d94: receive RaftClientReply:client-C12DAE7A5037->3f4de2de-7d09-498f-aead-42327df81d94@group-C7908E81CC6B, cid=881, SUCCESS, logIndex=1301, commits[3f4de2de-7d09-498f-aead-42327df81d94:c1302]
2019-08-05 04:37:47,135 INFO  client.GrpcClientProtocolClient (GrpcClientProtocolClient.java:onNext(255)) - client-C12DAE7A5037->3f4de2de-7d09-498f-aead-42327df81d94: receive RaftClientReply:client-C12DAE7A5037->3f4de2de-7d09-498f-aead-42327df81d94@group-C7908E81CC6B, cid=882, SUCCESS, logIndex=1302, commits[3f4de2de-7d09-498f-aead-42327df81d94:c1304]
2019-08-05 04:37:47,135 INFO  client.GrpcClientProtocolClient (GrpcClientProtocolClient.java:onNext(255)) - client-C12DAE7A5037->3f4de2de-7d09-498f-aead-42327df81d94: receive RaftClientReply:client-C12DAE7A5037->3f4de2de-7d09-498f-aead-42327df81d94@group-C7908E81CC6B, cid=883, SUCCESS, logIndex=1303, commits[3f4de2de-7d09-498f-aead-42327df81d94:c1305]
2019-08-05 04:37:47,136 INFO  client.GrpcClientProtocolClient (GrpcClientProtocolClient.java:onNext(255)) - client-C12DAE7A5037->3f4de2de-7d09-498f-aead-42327df81d94: receive RaftClientReply:client-C12DAE7A5037->3f4de2de-7d09-498f-aead-42327df81d94@group-C7908E81CC6B, cid=884, SUCCESS, logIndex=1304, commits[3f4de2de-7d09-498f-aead-42327df81d94:c1305]
2019-08-05 04:37:47,154 DEBUG block.SCMBlockDeletingService (SCMBlockDeletingService.java:call(138)) - Running DeletedBlockTransactionScanner
2019-08-05 04:37:47,154 DEBUG block.SCMBlockDeletingService (SCMBlockDeletingService.java:call(155)) - Scanned deleted blocks log and got 0 delTX to process.
2019-08-05 04:37:47,255 DEBUG block.SCMBlockDeletingService (SCMBlockDeletingService.java:call(138)) - Running DeletedBlockTransactionScanner
2019-08-05 04:37:47,255 DEBUG block.SCMBlockDeletingService (SCMBlockDeletingService.java:call(155)) - Scanned deleted blocks log and got 0 delTX to process.
2019-08-05 04:37:47,259 INFO  client.GrpcClientProtocolClient (GrpcClientProtocolClient.java:onNext(255)) - client-C12DAE7A5037->3f4de2de-7d09-498f-aead-42327df81d94: receive RaftClientReply:client-C12DAE7A5037->3f4de2de-7d09-498f-aead-42327df81d94@group-C7908E81CC6B, cid=885, SUCCESS, logIndex=1307, commits[3f4de2de-7d09-498f-aead-42327df81d94:c1308]
2019-08-05 04:37:47,260 INFO  client.GrpcClientProtocolClient (GrpcClientProtocolClient.java:onNext(255)) - client-C12DAE7A5037->3f4de2de-7d09-498f-aead-42327df81d94: receive RaftClientReply:client-C12DAE7A5037->3f4de2de-7d09-498f-aead-42327df81d94@group-C7908E81CC6B, cid=886, SUCCESS, logIndex=1308, commits[3f4de2de-7d09-498f-aead-42327df81d94:c1308]
2019-08-05 04:37:47,268 INFO  client.GrpcClientProtocolClient (GrpcClientProtocolClient.java:onNext(255)) - client-C12DAE7A5037->3f4de2de-7d09-498f-aead-42327df81d94: receive RaftClientReply:client-C12DAE7A5037->3f4de2de-7d09-498f-aead-42327df81d94@group-C7908E81CC6B, cid=887, SUCCESS, logIndex=1309, commits[3f4de2de-7d09-498f-aead-42327df81d94:c1310]
2019-08-05 04:37:47,268 INFO  client.GrpcClientProtocolClient (GrpcClientProtocolClient.java:onNext(255)) - client-C12DAE7A5037->3f4de2de-7d09-498f-aead-42327df81d94: receive RaftClientReply:client-C12DAE7A5037->3f4de2de-7d09-498f-aead-42327df81d94@group-C7908E81CC6B, cid=888, SUCCESS, logIndex=1310, commits[3f4de2de-7d09-498f-aead-42327df81d94:c1311]
2019-08-05 04:37:47,295 INFO  client.GrpcClientProtocolClient (GrpcClientProtocolClient.java:onNext(255)) - client-C12DAE7A5037->3f4de2de-7d09-498f-aead-42327df81d94: receive RaftClientReply:client-C12DAE7A5037->3f4de2de-7d09-498f-aead-42327df81d94@group-C7908E81CC6B, cid=889, SUCCESS, logIndex=1313, commits[3f4de2de-7d09-498f-aead-42327df81d94:c1314]
2019-08-05 04:37:47,296 INFO  client.GrpcClientProtocolClient (GrpcClientProtocolClient.java:onNext(255)) - client-C12DAE7A5037->3f4de2de-7d09-498f-aead-42327df81d94: receive RaftClientReply:client-C12DAE7A5037->3f4de2de-7d09-498f-aead-42327df81d94@group-C7908E81CC6B, cid=890, SUCCESS, logIndex=1314, commits[3f4de2de-7d09-498f-aead-42327df81d94:c1316]
2019-08-05 04:37:47,296 INFO  client.GrpcClientProtocolClient (GrpcClientProtocolClient.java:onNext(255)) - client-C12DAE7A5037->3f4de2de-7d09-498f-aead-42327df81d94: receive RaftClientReply:client-C12DAE7A5037->3f4de2de-7d09-498f-aead-42327df81d94@group-C7908E81CC6B, cid=891, SUCCESS, logIndex=1315, commits[3f4de2de-7d09-498f-aead-42327df81d94:c1317]
2019-08-05 04:37:47,296 INFO  client.GrpcClientProtocolClient (GrpcClientProtocolClient.java:onNext(255)) - client-C12DAE7A5037->3f4de2de-7d09-498f-aead-42327df81d94: receive RaftClientReply:client-C12DAE7A5037->3f4de2de-7d09-498f-aead-42327df81d94@group-C7908E81CC6B, cid=892, SUCCESS, logIndex=1316, commits[3f4de2de-7d09-498f-aead-42327df81d94:c1317]
2019-08-05 04:37:47,316 INFO  client.GrpcClientProtocolClient (GrpcClientProtocolClient.java:onNext(255)) - client-C12DAE7A5037->3f4de2de-7d09-498f-aead-42327df81d94: receive RaftClientReply:client-C12DAE7A5037->3f4de2de-7d09-498f-aead-42327df81d94@group-C7908E81CC6B, cid=893, SUCCESS, logIndex=1319, commits[3f4de2de-7d09-498f-aead-42327df81d94:c1320]
2019-08-05 04:37:47,317 INFO  client.GrpcClientProtocolClient (GrpcClientProtocolClient.java:onNext(255)) - client-C12DAE7A5037->3f4de2de-7d09-498f-aead-42327df81d94: receive RaftClientReply:client-C12DAE7A5037->3f4de2de-7d09-498f-aead-42327df81d94@group-C7908E81CC6B, cid=894, SUCCESS, logIndex=1320, commits[3f4de2de-7d09-498f-aead-42327df81d94:c1322]
2019-08-05 04:37:47,317 INFO  client.GrpcClientProtocolClient (GrpcClientProtocolClient.java:onNext(255)) - client-C12DAE7A5037->3f4de2de-7d09-498f-aead-42327df81d94: receive RaftClientReply:client-C12DAE7A5037->3f4de2de-7d09-498f-aead-42327df81d94@group-C7908E81CC6B, cid=895, SUCCESS, logIndex=1321, commits[3f4de2de-7d09-498f-aead-42327df81d94:c1323]
2019-08-05 04:37:47,317 INFO  client.GrpcClientProtocolClient (GrpcClientProtocolClient.java:onNext(255)) - client-C12DAE7A5037->3f4de2de-7d09-498f-aead-42327df81d94: receive RaftClientReply:client-C12DAE7A5037->3f4de2de-7d09-498f-aead-42327df81d94@group-C7908E81CC6B, cid=896, SUCCESS, logIndex=1322, commits[3f4de2de-7d09-498f-aead-42327df81d94:c1323]
2019-08-05 04:37:47,344 INFO  client.GrpcClientProtocolClient (GrpcClientProtocolClient.java:onNext(255)) - client-C12DAE7A5037->3f4de2de-7d09-498f-aead-42327df81d94: receive RaftClientReply:client-C12DAE7A5037->3f4de2de-7d09-498f-aead-42327df81d94@group-C7908E81CC6B, cid=897, SUCCESS, logIndex=1325, commits[3f4de2de-7d09-498f-aead-42327df81d94:c1328]
2019-08-05 04:37:47,345 INFO  client.GrpcClientProtocolClient (GrpcClientProtocolClient.java:onNext(255)) - client-C12DAE7A5037->3f4de2de-7d09-498f-aead-42327df81d94: receive RaftClientReply:client-C12DAE7A5037->3f4de2de-7d09-498f-aead-42327df81d94@group-C7908E81CC6B, cid=898, SUCCESS, logIndex=1326, commits[3f4de2de-7d09-498f-aead-42327df81d94:c1329]
2019-08-05 04:37:47,345 INFO  client.GrpcClientProtocolClient (GrpcClientProtocolClient.java:onNext(255)) - client-C12DAE7A5037->3f4de2de-7d09-498f-aead-42327df81d94: receive RaftClientReply:client-C12DAE7A5037->3f4de2de-7d09-498f-aead-42327df81d94@group-C7908E81CC6B, cid=899, SUCCESS, logIndex=1327, commits[3f4de2de-7d09-498f-aead-42327df81d94:c1330]
2019-08-05 04:37:47,345 INFO  client.GrpcClientProtocolClient (GrpcClientProtocolClient.java:onNext(255)) - client-C12DAE7A5037->3f4de2de-7d09-498f-aead-42327df81d94: receive RaftClientReply:client-C12DAE7A5037->3f4de2de-7d09-498f-aead-42327df81d94@group-C7908E81CC6B, cid=900, SUCCESS, logIndex=1328, commits[3f4de2de-7d09-498f-aead-42327df81d94:c1330]
2019-08-05 04:37:47,356 DEBUG block.SCMBlockDeletingService (SCMBlockDeletingService.java:call(138)) - Running DeletedBlockTransactionScanner
2019-08-05 04:37:47,356 DEBUG block.SCMBlockDeletingService (SCMBlockDeletingService.java:call(155)) - Scanned deleted blocks log and got 0 delTX to process.
2019-08-05 04:37:47,364 INFO  client.GrpcClientProtocolClient (GrpcClientProtocolClient.java:onNext(255)) - client-C12DAE7A5037->3f4de2de-7d09-498f-aead-42327df81d94: receive RaftClientReply:client-C12DAE7A5037->3f4de2de-7d09-498f-aead-42327df81d94@group-C7908E81CC6B, cid=901, SUCCESS, logIndex=1331, commits[3f4de2de-7d09-498f-aead-42327df81d94:c1332]
2019-08-05 04:37:47,365 INFO  client.GrpcClientProtocolClient (GrpcClientProtocolClient.java:onNext(255)) - client-C12DAE7A5037->3f4de2de-7d09-498f-aead-42327df81d94: receive RaftClientReply:client-C12DAE7A5037->3f4de2de-7d09-498f-aead-42327df81d94@group-C7908E81CC6B, cid=902, SUCCESS, logIndex=1332, commits[3f4de2de-7d09-498f-aead-42327df81d94:c1335]
2019-08-05 04:37:47,365 INFO  client.GrpcClientProtocolClient (GrpcClientProtocolClient.java:onNext(255)) - client-C12DAE7A5037->3f4de2de-7d09-498f-aead-42327df81d94: receive RaftClientReply:client-C12DAE7A5037->3f4de2de-7d09-498f-aead-42327df81d94@group-C7908E81CC6B, cid=903, SUCCESS, logIndex=1333, commits[3f4de2de-7d09-498f-aead-42327df81d94:c1335]
2019-08-05 04:37:47,366 INFO  client.GrpcClientProtocolClient (GrpcClientProtocolClient.java:onNext(255)) - client-C12DAE7A5037->3f4de2de-7d09-498f-aead-42327df81d94: receive RaftClientReply:client-C12DAE7A5037->3f4de2de-7d09-498f-aead-42327df81d94@group-C7908E81CC6B, cid=904, SUCCESS, logIndex=1334, commits[3f4de2de-7d09-498f-aead-42327df81d94:c1336]
2019-08-05 04:37:47,398 INFO  client.GrpcClientProtocolClient (GrpcClientProtocolClient.java:onNext(255)) - client-C12DAE7A5037->3f4de2de-7d09-498f-aead-42327df81d94: receive RaftClientReply:client-C12DAE7A5037->3f4de2de-7d09-498f-aead-42327df81d94@group-C7908E81CC6B, cid=905, SUCCESS, logIndex=1337, commits[3f4de2de-7d09-498f-aead-42327df81d94:c1340]
2019-08-05 04:37:47,398 INFO  client.GrpcClientProtocolClient (GrpcClientProtocolClient.java:onNext(255)) - client-C12DAE7A5037->3f4de2de-7d09-498f-aead-42327df81d94: receive RaftClientReply:client-C12DAE7A5037->3f4de2de-7d09-498f-aead-42327df81d94@group-C7908E81CC6B, cid=906, SUCCESS, logIndex=1338, commits[3f4de2de-7d09-498f-aead-42327df81d94:c1340]
2019-08-05 04:37:47,399 INFO  client.GrpcClientProtocolClient (GrpcClientProtocolClient.java:onNext(255)) - client-C12DAE7A5037->3f4de2de-7d09-498f-aead-42327df81d94: receive RaftClientReply:client-C12DAE7A5037->3f4de2de-7d09-498f-aead-42327df81d94@group-C7908E81CC6B, cid=907, SUCCESS, logIndex=1339, commits[3f4de2de-7d09-498f-aead-42327df81d94:c1341]
2019-08-05 04:37:47,399 INFO  client.GrpcClientProtocolClient (GrpcClientProtocolClient.java:onNext(255)) - client-C12DAE7A5037->3f4de2de-7d09-498f-aead-42327df81d94: receive RaftClientReply:client-C12DAE7A5037->3f4de2de-7d09-498f-aead-42327df81d94@group-C7908E81CC6B, cid=908, SUCCESS, logIndex=1340, commits[3f4de2de-7d09-498f-aead-42327df81d94:c1342]
2019-08-05 04:37:47,419 INFO  client.GrpcClientProtocolClient (GrpcClientProtocolClient.java:onNext(255)) - client-C12DAE7A5037->3f4de2de-7d09-498f-aead-42327df81d94: receive RaftClientReply:client-C12DAE7A5037->3f4de2de-7d09-498f-aead-42327df81d94@group-C7908E81CC6B, cid=909, SUCCESS, logIndex=1343, commits[3f4de2de-7d09-498f-aead-42327df81d94:c1344]
2019-08-05 04:37:47,419 INFO  client.GrpcClientProtocolClient (GrpcClientProtocolClient.java:onNext(255)) - client-C12DAE7A5037->3f4de2de-7d09-498f-aead-42327df81d94: receive RaftClientReply:client-C12DAE7A5037->3f4de2de-7d09-498f-aead-42327df81d94@group-C7908E81CC6B, cid=910, SUCCESS, logIndex=1344, commits[3f4de2de-7d09-498f-aead-42327df81d94:c1344]
2019-08-05 04:37:47,427 INFO  client.GrpcClientProtocolClient (GrpcClientProtocolClient.java:onNext(255)) - client-C12DAE7A5037->3f4de2de-7d09-498f-aead-42327df81d94: receive RaftClientReply:client-C12DAE7A5037->3f4de2de-7d09-498f-aead-42327df81d94@group-C7908E81CC6B, cid=911, SUCCESS, logIndex=1345, commits[3f4de2de-7d09-498f-aead-42327df81d94:c1346]
2019-08-05 04:37:47,428 INFO  client.GrpcClientProtocolClient (GrpcClientProtocolClient.java:onNext(255)) - client-C12DAE7A5037->3f4de2de-7d09-498f-aead-42327df81d94: receive RaftClientReply:client-C12DAE7A5037->3f4de2de-7d09-498f-aead-42327df81d94@group-C7908E81CC6B, cid=912, SUCCESS, logIndex=1346, commits[3f4de2de-7d09-498f-aead-42327df81d94:c1347]
2019-08-05 04:37:47,456 INFO  client.GrpcClientProtocolClient (GrpcClientProtocolClient.java:onNext(255)) - client-C12DAE7A5037->3f4de2de-7d09-498f-aead-42327df81d94: receive RaftClientReply:client-C12DAE7A5037->3f4de2de-7d09-498f-aead-42327df81d94@group-C7908E81CC6B, cid=913, SUCCESS, logIndex=1349, commits[3f4de2de-7d09-498f-aead-42327df81d94:c1350]
2019-08-05 04:37:47,456 INFO  client.GrpcClientProtocolClient (GrpcClientProtocolClient.java:onNext(255)) - client-C12DAE7A5037->3f4de2de-7d09-498f-aead-42327df81d94: receive RaftClientReply:client-C12DAE7A5037->3f4de2de-7d09-498f-aead-42327df81d94@group-C7908E81CC6B, cid=914, SUCCESS, logIndex=1350, commits[3f4de2de-7d09-498f-aead-42327df81d94:c1352]
2019-08-05 04:37:47,457 DEBUG block.SCMBlockDeletingService (SCMBlockDeletingService.java:call(138)) - Running DeletedBlockTransactionScanner
2019-08-05 04:37:47,457 INFO  client.GrpcClientProtocolClient (GrpcClientProtocolClient.java:onNext(255)) - client-C12DAE7A5037->3f4de2de-7d09-498f-aead-42327df81d94: receive RaftClientReply:client-C12DAE7A5037->3f4de2de-7d09-498f-aead-42327df81d94@group-C7908E81CC6B, cid=915, SUCCESS, logIndex=1351, commits[3f4de2de-7d09-498f-aead-42327df81d94:c1352]
2019-08-05 04:37:47,457 DEBUG block.SCMBlockDeletingService (SCMBlockDeletingService.java:call(155)) - Scanned deleted blocks log and got 0 delTX to process.
2019-08-05 04:37:47,457 INFO  client.GrpcClientProtocolClient (GrpcClientProtocolClient.java:onNext(255)) - client-C12DAE7A5037->3f4de2de-7d09-498f-aead-42327df81d94: receive RaftClientReply:client-C12DAE7A5037->3f4de2de-7d09-498f-aead-42327df81d94@group-C7908E81CC6B, cid=916, SUCCESS, logIndex=1352, commits[3f4de2de-7d09-498f-aead-42327df81d94:c1353]
2019-08-05 04:37:47,476 INFO  client.GrpcClientProtocolClient (GrpcClientProtocolClient.java:onNext(255)) - client-C12DAE7A5037->3f4de2de-7d09-498f-aead-42327df81d94: receive RaftClientReply:client-C12DAE7A5037->3f4de2de-7d09-498f-aead-42327df81d94@group-C7908E81CC6B, cid=917, SUCCESS, logIndex=1355, commits[3f4de2de-7d09-498f-aead-42327df81d94:c1356]
2019-08-05 04:37:47,477 INFO  client.GrpcClientProtocolClient (GrpcClientProtocolClient.java:onNext(255)) - client-C12DAE7A5037->3f4de2de-7d09-498f-aead-42327df81d94: receive RaftClientReply:client-C12DAE7A5037->3f4de2de-7d09-498f-aead-42327df81d94@group-C7908E81CC6B, cid=918, SUCCESS, logIndex=1356, commits[3f4de2de-7d09-498f-aead-42327df81d94:c1358]
2019-08-05 04:37:47,477 INFO  client.GrpcClientProtocolClient (GrpcClientProtocolClient.java:onNext(255)) - client-C12DAE7A5037->3f4de2de-7d09-498f-aead-42327df81d94: receive RaftClientReply:client-C12DAE7A5037->3f4de2de-7d09-498f-aead-42327df81d94@group-C7908E81CC6B, cid=919, SUCCESS, logIndex=1357, commits[3f4de2de-7d09-498f-aead-42327df81d94:c1358]
2019-08-05 04:37:47,477 INFO  client.GrpcClientProtocolClient (GrpcClientProtocolClient.java:onNext(255)) - client-C12DAE7A5037->3f4de2de-7d09-498f-aead-42327df81d94: receive RaftClientReply:client-C12DAE7A5037->3f4de2de-7d09-498f-aead-42327df81d94@group-C7908E81CC6B, cid=920, SUCCESS, logIndex=1358, commits[3f4de2de-7d09-498f-aead-42327df81d94:c1359]
2019-08-05 04:37:47,502 INFO  client.GrpcClientProtocolClient (GrpcClientProtocolClient.java:onNext(255)) - client-C12DAE7A5037->3f4de2de-7d09-498f-aead-42327df81d94: receive RaftClientReply:client-C12DAE7A5037->3f4de2de-7d09-498f-aead-42327df81d94@group-C7908E81CC6B, cid=921, SUCCESS, logIndex=1361, commits[3f4de2de-7d09-498f-aead-42327df81d94:c1364]
2019-08-05 04:37:47,503 INFO  client.GrpcClientProtocolClient (GrpcClientProtocolClient.java:onNext(255)) - client-C12DAE7A5037->3f4de2de-7d09-498f-aead-42327df81d94: receive RaftClientReply:client-C12DAE7A5037->3f4de2de-7d09-498f-aead-42327df81d94@group-C7908E81CC6B, cid=922, SUCCESS, logIndex=1362, commits[3f4de2de-7d09-498f-aead-42327df81d94:c1364]
2019-08-05 04:37:47,503 INFO  client.GrpcClientProtocolClient (GrpcClientProtocolClient.java:onNext(255)) - client-C12DAE7A5037->3f4de2de-7d09-498f-aead-42327df81d94: receive RaftClientReply:client-C12DAE7A5037->3f4de2de-7d09-498f-aead-42327df81d94@group-C7908E81CC6B, cid=923, SUCCESS, logIndex=1363, commits[3f4de2de-7d09-498f-aead-42327df81d94:c1365]
2019-08-05 04:37:47,503 INFO  client.GrpcClientProtocolClient (GrpcClientProtocolClient.java:onNext(255)) - client-C12DAE7A5037->3f4de2de-7d09-498f-aead-42327df81d94: receive RaftClientReply:client-C12DAE7A5037->3f4de2de-7d09-498f-aead-42327df81d94@group-C7908E81CC6B, cid=924, SUCCESS, logIndex=1364, commits[3f4de2de-7d09-498f-aead-42327df81d94:c1366]
2019-08-05 04:37:47,522 INFO  client.GrpcClientProtocolClient (GrpcClientProtocolClient.java:onNext(255)) - client-C12DAE7A5037->3f4de2de-7d09-498f-aead-42327df81d94: receive RaftClientReply:client-C12DAE7A5037->3f4de2de-7d09-498f-aead-42327df81d94@group-C7908E81CC6B, cid=925, SUCCESS, logIndex=1367, commits[3f4de2de-7d09-498f-aead-42327df81d94:c1368]
2019-08-05 04:37:47,522 INFO  client.GrpcClientProtocolClient (GrpcClientProtocolClient.java:onNext(255)) - client-C12DAE7A5037->3f4de2de-7d09-498f-aead-42327df81d94: receive RaftClientReply:client-C12DAE7A5037->3f4de2de-7d09-498f-aead-42327df81d94@group-C7908E81CC6B, cid=926, SUCCESS, logIndex=1368, commits[3f4de2de-7d09-498f-aead-42327df81d94:c1371]
2019-08-05 04:37:47,523 INFO  client.GrpcClientProtocolClient (GrpcClientProtocolClient.java:onNext(255)) - client-C12DAE7A5037->3f4de2de-7d09-498f-aead-42327df81d94: receive RaftClientReply:client-C12DAE7A5037->3f4de2de-7d09-498f-aead-42327df81d94@group-C7908E81CC6B, cid=927, SUCCESS, logIndex=1369, commits[3f4de2de-7d09-498f-aead-42327df81d94:c1371]
2019-08-05 04:37:47,523 INFO  client.GrpcClientProtocolClient (GrpcClientProtocolClient.java:onNext(255)) - client-C12DAE7A5037->3f4de2de-7d09-498f-aead-42327df81d94: receive RaftClientReply:client-C12DAE7A5037->3f4de2de-7d09-498f-aead-42327df81d94@group-C7908E81CC6B, cid=928, SUCCESS, logIndex=1370, commits[3f4de2de-7d09-498f-aead-42327df81d94:c1372]
2019-08-05 04:37:47,558 DEBUG block.SCMBlockDeletingService (SCMBlockDeletingService.java:call(138)) - Running DeletedBlockTransactionScanner
2019-08-05 04:37:47,558 DEBUG block.SCMBlockDeletingService (SCMBlockDeletingService.java:call(155)) - Scanned deleted blocks log and got 0 delTX to process.
2019-08-05 04:37:47,641 INFO  client.GrpcClientProtocolClient (GrpcClientProtocolClient.java:onNext(255)) - client-C12DAE7A5037->3f4de2de-7d09-498f-aead-42327df81d94: receive RaftClientReply:client-C12DAE7A5037->3f4de2de-7d09-498f-aead-42327df81d94@group-C7908E81CC6B, cid=929, SUCCESS, logIndex=1373, commits[3f4de2de-7d09-498f-aead-42327df81d94:c1376]
2019-08-05 04:37:47,642 INFO  client.GrpcClientProtocolClient (GrpcClientProtocolClient.java:onNext(255)) - client-C12DAE7A5037->3f4de2de-7d09-498f-aead-42327df81d94: receive RaftClientReply:client-C12DAE7A5037->3f4de2de-7d09-498f-aead-42327df81d94@group-C7908E81CC6B, cid=930, SUCCESS, logIndex=1374, commits[3f4de2de-7d09-498f-aead-42327df81d94:c1377]
2019-08-05 04:37:47,642 INFO  client.GrpcClientProtocolClient (GrpcClientProtocolClient.java:onNext(255)) - client-C12DAE7A5037->3f4de2de-7d09-498f-aead-42327df81d94: receive RaftClientReply:client-C12DAE7A5037->3f4de2de-7d09-498f-aead-42327df81d94@group-C7908E81CC6B, cid=931, SUCCESS, logIndex=1375, commits[3f4de2de-7d09-498f-aead-42327df81d94:c1377]
2019-08-05 04:37:47,643 INFO  client.GrpcClientProtocolClient (GrpcClientProtocolClient.java:onNext(255)) - client-C12DAE7A5037->3f4de2de-7d09-498f-aead-42327df81d94: receive RaftClientReply:client-C12DAE7A5037->3f4de2de-7d09-498f-aead-42327df81d94@group-C7908E81CC6B, cid=932, SUCCESS, logIndex=1376, commits[3f4de2de-7d09-498f-aead-42327df81d94:c1377]
2019-08-05 04:37:47,701 DEBUG block.SCMBlockDeletingService (SCMBlockDeletingService.java:call(138)) - Running DeletedBlockTransactionScanner
2019-08-05 04:37:47,702 DEBUG block.SCMBlockDeletingService (SCMBlockDeletingService.java:call(155)) - Scanned deleted blocks log and got 0 delTX to process.
2019-08-05 04:37:47,748 INFO  client.GrpcClientProtocolClient (GrpcClientProtocolClient.java:onNext(255)) - client-C12DAE7A5037->3f4de2de-7d09-498f-aead-42327df81d94: receive RaftClientReply:client-C12DAE7A5037->3f4de2de-7d09-498f-aead-42327df81d94@group-C7908E81CC6B, cid=933, SUCCESS, logIndex=1378, commits[3f4de2de-7d09-498f-aead-42327df81d94:c1379]
2019-08-05 04:37:47,749 INFO  client.GrpcClientProtocolClient (GrpcClientProtocolClient.java:onNext(255)) - client-C12DAE7A5037->3f4de2de-7d09-498f-aead-42327df81d94: receive RaftClientReply:client-C12DAE7A5037->3f4de2de-7d09-498f-aead-42327df81d94@group-C7908E81CC6B, cid=934, SUCCESS, logIndex=1379, commits[3f4de2de-7d09-498f-aead-42327df81d94:c1382]
2019-08-05 04:37:47,749 INFO  client.GrpcClientProtocolClient (GrpcClientProtocolClient.java:onNext(255)) - client-C12DAE7A5037->3f4de2de-7d09-498f-aead-42327df81d94: receive RaftClientReply:client-C12DAE7A5037->3f4de2de-7d09-498f-aead-42327df81d94@group-C7908E81CC6B, cid=935, SUCCESS, logIndex=1380, commits[3f4de2de-7d09-498f-aead-42327df81d94:c1382]
2019-08-05 04:37:47,750 INFO  client.GrpcClientProtocolClient (GrpcClientProtocolClient.java:onNext(255)) - client-C12DAE7A5037->3f4de2de-7d09-498f-aead-42327df81d94: receive RaftClientReply:client-C12DAE7A5037->3f4de2de-7d09-498f-aead-42327df81d94@group-C7908E81CC6B, cid=936, SUCCESS, logIndex=1381, commits[3f4de2de-7d09-498f-aead-42327df81d94:c1383]
2019-08-05 04:37:47,770 INFO  client.GrpcClientProtocolClient (GrpcClientProtocolClient.java:onNext(255)) - client-C12DAE7A5037->3f4de2de-7d09-498f-aead-42327df81d94: receive RaftClientReply:client-C12DAE7A5037->3f4de2de-7d09-498f-aead-42327df81d94@group-C7908E81CC6B, cid=937, SUCCESS, logIndex=1384, commits[3f4de2de-7d09-498f-aead-42327df81d94:c1385]
2019-08-05 04:37:47,770 INFO  client.GrpcClientProtocolClient (GrpcClientProtocolClient.java:onNext(255)) - client-C12DAE7A5037->3f4de2de-7d09-498f-aead-42327df81d94: receive RaftClientReply:client-C12DAE7A5037->3f4de2de-7d09-498f-aead-42327df81d94@group-C7908E81CC6B, cid=938, SUCCESS, logIndex=1385, commits[3f4de2de-7d09-498f-aead-42327df81d94:c1385]
2019-08-05 04:37:47,771 INFO  client.GrpcClientProtocolClient (GrpcClientProtocolClient.java:onNext(255)) - client-C12DAE7A5037->3f4de2de-7d09-498f-aead-42327df81d94: receive RaftClientReply:client-C12DAE7A5037->3f4de2de-7d09-498f-aead-42327df81d94@group-C7908E81CC6B, cid=939, SUCCESS, logIndex=1386, commits[3f4de2de-7d09-498f-aead-42327df81d94:c1388]
2019-08-05 04:37:47,772 INFO  client.GrpcClientProtocolClient (GrpcClientProtocolClient.java:onNext(255)) - client-C12DAE7A5037->3f4de2de-7d09-498f-aead-42327df81d94: receive RaftClientReply:client-C12DAE7A5037->3f4de2de-7d09-498f-aead-42327df81d94@group-C7908E81CC6B, cid=940, SUCCESS, logIndex=1387, commits[3f4de2de-7d09-498f-aead-42327df81d94:c1388]
2019-08-05 04:37:47,791 INFO  client.GrpcClientProtocolClient (GrpcClientProtocolClient.java:onNext(255)) - client-C12DAE7A5037->3f4de2de-7d09-498f-aead-42327df81d94: receive RaftClientReply:client-C12DAE7A5037->3f4de2de-7d09-498f-aead-42327df81d94@group-C7908E81CC6B, cid=941, SUCCESS, logIndex=1389, commits[3f4de2de-7d09-498f-aead-42327df81d94:c1390]
2019-08-05 04:37:47,791 INFO  client.GrpcClientProtocolClient (GrpcClientProtocolClient.java:onNext(255)) - client-C12DAE7A5037->3f4de2de-7d09-498f-aead-42327df81d94: receive RaftClientReply:client-C12DAE7A5037->3f4de2de-7d09-498f-aead-42327df81d94@group-C7908E81CC6B, cid=942, SUCCESS, logIndex=1390, commits[3f4de2de-7d09-498f-aead-42327df81d94:c1392]
2019-08-05 04:37:47,791 INFO  client.GrpcClientProtocolClient (GrpcClientProtocolClient.java:onNext(255)) - client-C12DAE7A5037->3f4de2de-7d09-498f-aead-42327df81d94: receive RaftClientReply:client-C12DAE7A5037->3f4de2de-7d09-498f-aead-42327df81d94@group-C7908E81CC6B, cid=943, SUCCESS, logIndex=1391, commits[3f4de2de-7d09-498f-aead-42327df81d94:c1393]
2019-08-05 04:37:47,792 INFO  client.GrpcClientProtocolClient (GrpcClientProtocolClient.java:onNext(255)) - client-C12DAE7A5037->3f4de2de-7d09-498f-aead-42327df81d94: receive RaftClientReply:client-C12DAE7A5037->3f4de2de-7d09-498f-aead-42327df81d94@group-C7908E81CC6B, cid=944, SUCCESS, logIndex=1392, commits[3f4de2de-7d09-498f-aead-42327df81d94:c1394]
2019-08-05 04:37:47,802 DEBUG block.SCMBlockDeletingService (SCMBlockDeletingService.java:call(138)) - Running DeletedBlockTransactionScanner
2019-08-05 04:37:47,802 DEBUG block.SCMBlockDeletingService (SCMBlockDeletingService.java:call(155)) - Scanned deleted blocks log and got 0 delTX to process.
2019-08-05 04:37:47,819 INFO  client.GrpcClientProtocolClient (GrpcClientProtocolClient.java:onNext(255)) - client-C12DAE7A5037->3f4de2de-7d09-498f-aead-42327df81d94: receive RaftClientReply:client-C12DAE7A5037->3f4de2de-7d09-498f-aead-42327df81d94@group-C7908E81CC6B, cid=945, SUCCESS, logIndex=1395, commits[3f4de2de-7d09-498f-aead-42327df81d94:c1396]
2019-08-05 04:37:47,820 INFO  client.GrpcClientProtocolClient (GrpcClientProtocolClient.java:onNext(255)) - client-C12DAE7A5037->3f4de2de-7d09-498f-aead-42327df81d94: receive RaftClientReply:client-C12DAE7A5037->3f4de2de-7d09-498f-aead-42327df81d94@group-C7908E81CC6B, cid=946, SUCCESS, logIndex=1396, commits[3f4de2de-7d09-498f-aead-42327df81d94:c1398]
2019-08-05 04:37:47,820 INFO  client.GrpcClientProtocolClient (GrpcClientProtocolClient.java:onNext(255)) - client-C12DAE7A5037->3f4de2de-7d09-498f-aead-42327df81d94: receive RaftClientReply:client-C12DAE7A5037->3f4de2de-7d09-498f-aead-42327df81d94@group-C7908E81CC6B, cid=947, SUCCESS, logIndex=1397, commits[3f4de2de-7d09-498f-aead-42327df81d94:c1398]
2019-08-05 04:37:47,820 INFO  client.GrpcClientProtocolClient (GrpcClientProtocolClient.java:onNext(255)) - client-C12DAE7A5037->3f4de2de-7d09-498f-aead-42327df81d94: receive RaftClientReply:client-C12DAE7A5037->3f4de2de-7d09-498f-aead-42327df81d94@group-C7908E81CC6B, cid=948, SUCCESS, logIndex=1398, commits[3f4de2de-7d09-498f-aead-42327df81d94:c1399]
2019-08-05 04:37:47,831 INFO  client.GrpcClientProtocolClient (GrpcClientProtocolClient.java:onNext(255)) - client-C12DAE7A5037->3f4de2de-7d09-498f-aead-42327df81d94: receive RaftClientReply:client-C12DAE7A5037->3f4de2de-7d09-498f-aead-42327df81d94@group-C7908E81CC6B, cid=949, SUCCESS, logIndex=1401, commits[3f4de2de-7d09-498f-aead-42327df81d94:c1402]
2019-08-05 04:37:47,832 INFO  client.GrpcClientProtocolClient (GrpcClientProtocolClient.java:onNext(255)) - client-C12DAE7A5037->3f4de2de-7d09-498f-aead-42327df81d94: receive RaftClientReply:client-C12DAE7A5037->3f4de2de-7d09-498f-aead-42327df81d94@group-C7908E81CC6B, cid=950, SUCCESS, logIndex=1402, commits[3f4de2de-7d09-498f-aead-42327df81d94:c1402]
2019-08-05 04:37:47,833 INFO  client.GrpcClientProtocolClient (GrpcClientProtocolClient.java:onNext(255)) - client-C12DAE7A5037->3f4de2de-7d09-498f-aead-42327df81d94: receive RaftClientReply:client-C12DAE7A5037->3f4de2de-7d09-498f-aead-42327df81d94@group-C7908E81CC6B, cid=951, SUCCESS, logIndex=1403, commits[3f4de2de-7d09-498f-aead-42327df81d94:c1405]
2019-08-05 04:37:47,833 INFO  client.GrpcClientProtocolClient (GrpcClientProtocolClient.java:onNext(255)) - client-C12DAE7A5037->3f4de2de-7d09-498f-aead-42327df81d94: receive RaftClientReply:client-C12DAE7A5037->3f4de2de-7d09-498f-aead-42327df81d94@group-C7908E81CC6B, cid=952, SUCCESS, logIndex=1404, commits[3f4de2de-7d09-498f-aead-42327df81d94:c1405]
2019-08-05 04:37:47,850 INFO  client.GrpcClientProtocolClient (GrpcClientProtocolClient.java:onNext(255)) - client-C12DAE7A5037->3f4de2de-7d09-498f-aead-42327df81d94: receive RaftClientReply:client-C12DAE7A5037->3f4de2de-7d09-498f-aead-42327df81d94@group-C7908E81CC6B, cid=953, SUCCESS, logIndex=1406, commits[3f4de2de-7d09-498f-aead-42327df81d94:c1407]
2019-08-05 04:37:47,851 INFO  client.GrpcClientProtocolClient (GrpcClientProtocolClient.java:onNext(255)) - client-C12DAE7A5037->3f4de2de-7d09-498f-aead-42327df81d94: receive RaftClientReply:client-C12DAE7A5037->3f4de2de-7d09-498f-aead-42327df81d94@group-C7908E81CC6B, cid=954, SUCCESS, logIndex=1407, commits[3f4de2de-7d09-498f-aead-42327df81d94:c1407]
2019-08-05 04:37:47,852 INFO  client.GrpcClientProtocolClient (GrpcClientProtocolClient.java:onNext(255)) - client-C12DAE7A5037->3f4de2de-7d09-498f-aead-42327df81d94: receive RaftClientReply:client-C12DAE7A5037->3f4de2de-7d09-498f-aead-42327df81d94@group-C7908E81CC6B, cid=955, SUCCESS, logIndex=1408, commits[3f4de2de-7d09-498f-aead-42327df81d94:c1410]
2019-08-05 04:37:47,853 INFO  client.GrpcClientProtocolClient (GrpcClientProtocolClient.java:onNext(255)) - client-C12DAE7A5037->3f4de2de-7d09-498f-aead-42327df81d94: receive RaftClientReply:client-C12DAE7A5037->3f4de2de-7d09-498f-aead-42327df81d94@group-C7908E81CC6B, cid=956, SUCCESS, logIndex=1409, commits[3f4de2de-7d09-498f-aead-42327df81d94:c1410]
2019-08-05 04:37:47,863 INFO  client.GrpcClientProtocolClient (GrpcClientProtocolClient.java:onNext(255)) - client-C12DAE7A5037->3f4de2de-7d09-498f-aead-42327df81d94: receive RaftClientReply:client-C12DAE7A5037->3f4de2de-7d09-498f-aead-42327df81d94@group-C7908E81CC6B, cid=957, SUCCESS, logIndex=1411, commits[3f4de2de-7d09-498f-aead-42327df81d94:c1412]
2019-08-05 04:37:47,863 INFO  client.GrpcClientProtocolClient (GrpcClientProtocolClient.java:onNext(255)) - client-C12DAE7A5037->3f4de2de-7d09-498f-aead-42327df81d94: receive RaftClientReply:client-C12DAE7A5037->3f4de2de-7d09-498f-aead-42327df81d94@group-C7908E81CC6B, cid=958, SUCCESS, logIndex=1412, commits[3f4de2de-7d09-498f-aead-42327df81d94:c1412]
2019-08-05 04:37:47,864 INFO  client.GrpcClientProtocolClient (GrpcClientProtocolClient.java:onNext(255)) - client-C12DAE7A5037->3f4de2de-7d09-498f-aead-42327df81d94: receive RaftClientReply:client-C12DAE7A5037->3f4de2de-7d09-498f-aead-42327df81d94@group-C7908E81CC6B, cid=959, SUCCESS, logIndex=1413, commits[3f4de2de-7d09-498f-aead-42327df81d94:c1415]
2019-08-05 04:37:47,865 INFO  client.GrpcClientProtocolClient (GrpcClientProtocolClient.java:onNext(255)) - client-C12DAE7A5037->3f4de2de-7d09-498f-aead-42327df81d94: receive RaftClientReply:client-C12DAE7A5037->3f4de2de-7d09-498f-aead-42327df81d94@group-C7908E81CC6B, cid=960, SUCCESS, logIndex=1414, commits[3f4de2de-7d09-498f-aead-42327df81d94:c1415]
2019-08-05 04:37:47,882 INFO  client.GrpcClientProtocolClient (GrpcClientProtocolClient.java:onNext(255)) - client-C12DAE7A5037->3f4de2de-7d09-498f-aead-42327df81d94: receive RaftClientReply:client-C12DAE7A5037->3f4de2de-7d09-498f-aead-42327df81d94@group-C7908E81CC6B, cid=961, SUCCESS, logIndex=1416, commits[3f4de2de-7d09-498f-aead-42327df81d94:c1417]
2019-08-05 04:37:47,882 INFO  client.GrpcClientProtocolClient (GrpcClientProtocolClient.java:onNext(255)) - client-C12DAE7A5037->3f4de2de-7d09-498f-aead-42327df81d94: receive RaftClientReply:client-C12DAE7A5037->3f4de2de-7d09-498f-aead-42327df81d94@group-C7908E81CC6B, cid=962, SUCCESS, logIndex=1417, commits[3f4de2de-7d09-498f-aead-42327df81d94:c1417]
2019-08-05 04:37:47,884 INFO  client.GrpcClientProtocolClient (GrpcClientProtocolClient.java:onNext(255)) - client-C12DAE7A5037->3f4de2de-7d09-498f-aead-42327df81d94: receive RaftClientReply:client-C12DAE7A5037->3f4de2de-7d09-498f-aead-42327df81d94@group-C7908E81CC6B, cid=963, SUCCESS, logIndex=1418, commits[3f4de2de-7d09-498f-aead-42327df81d94:c1420]
2019-08-05 04:37:47,884 INFO  client.GrpcClientProtocolClient (GrpcClientProtocolClient.java:onNext(255)) - client-C12DAE7A5037->3f4de2de-7d09-498f-aead-42327df81d94: receive RaftClientReply:client-C12DAE7A5037->3f4de2de-7d09-498f-aead-42327df81d94@group-C7908E81CC6B, cid=964, SUCCESS, logIndex=1419, commits[3f4de2de-7d09-498f-aead-42327df81d94:c1420]
2019-08-05 04:37:47,893 INFO  client.GrpcClientProtocolClient (GrpcClientProtocolClient.java:onNext(255)) - client-C12DAE7A5037->3f4de2de-7d09-498f-aead-42327df81d94: receive RaftClientReply:client-C12DAE7A5037->3f4de2de-7d09-498f-aead-42327df81d94@group-C7908E81CC6B, cid=965, SUCCESS, logIndex=1421, commits[3f4de2de-7d09-498f-aead-42327df81d94:c1422]
2019-08-05 04:37:47,894 INFO  client.GrpcClientProtocolClient (GrpcClientProtocolClient.java:onNext(255)) - client-C12DAE7A5037->3f4de2de-7d09-498f-aead-42327df81d94: receive RaftClientReply:client-C12DAE7A5037->3f4de2de-7d09-498f-aead-42327df81d94@group-C7908E81CC6B, cid=966, SUCCESS, logIndex=1422, commits[3f4de2de-7d09-498f-aead-42327df81d94:c1422]
2019-08-05 04:37:47,903 DEBUG block.SCMBlockDeletingService (SCMBlockDeletingService.java:call(138)) - Running DeletedBlockTransactionScanner
2019-08-05 04:37:47,903 DEBUG block.SCMBlockDeletingService (SCMBlockDeletingService.java:call(155)) - Scanned deleted blocks log and got 0 delTX to process.
2019-08-05 04:37:47,904 INFO  client.GrpcClientProtocolClient (GrpcClientProtocolClient.java:onNext(255)) - client-C12DAE7A5037->3f4de2de-7d09-498f-aead-42327df81d94: receive RaftClientReply:client-C12DAE7A5037->3f4de2de-7d09-498f-aead-42327df81d94@group-C7908E81CC6B, cid=967, SUCCESS, logIndex=1423, commits[3f4de2de-7d09-498f-aead-42327df81d94:c1425]
2019-08-05 04:37:47,904 INFO  client.GrpcClientProtocolClient (GrpcClientProtocolClient.java:onNext(255)) - client-C12DAE7A5037->3f4de2de-7d09-498f-aead-42327df81d94: receive RaftClientReply:client-C12DAE7A5037->3f4de2de-7d09-498f-aead-42327df81d94@group-C7908E81CC6B, cid=968, SUCCESS, logIndex=1424, commits[3f4de2de-7d09-498f-aead-42327df81d94:c1425]
2019-08-05 04:37:47,928 INFO  client.GrpcClientProtocolClient (GrpcClientProtocolClient.java:onNext(255)) - client-C12DAE7A5037->3f4de2de-7d09-498f-aead-42327df81d94: receive RaftClientReply:client-C12DAE7A5037->3f4de2de-7d09-498f-aead-42327df81d94@group-C7908E81CC6B, cid=969, SUCCESS, logIndex=1426, commits[3f4de2de-7d09-498f-aead-42327df81d94:c1427]
2019-08-05 04:37:47,929 INFO  client.GrpcClientProtocolClient (GrpcClientProtocolClient.java:onNext(255)) - client-C12DAE7A5037->3f4de2de-7d09-498f-aead-42327df81d94: receive RaftClientReply:client-C12DAE7A5037->3f4de2de-7d09-498f-aead-42327df81d94@group-C7908E81CC6B, cid=970, SUCCESS, logIndex=1427, commits[3f4de2de-7d09-498f-aead-42327df81d94:c1427]
2019-08-05 04:37:47,930 INFO  client.GrpcClientProtocolClient (GrpcClientProtocolClient.java:onNext(255)) - client-C12DAE7A5037->3f4de2de-7d09-498f-aead-42327df81d94: receive RaftClientReply:client-C12DAE7A5037->3f4de2de-7d09-498f-aead-42327df81d94@group-C7908E81CC6B, cid=971, SUCCESS, logIndex=1428, commits[3f4de2de-7d09-498f-aead-42327df81d94:c1429]
2019-08-05 04:37:47,930 INFO  client.GrpcClientProtocolClient (GrpcClientProtocolClient.java:onNext(255)) - client-C12DAE7A5037->3f4de2de-7d09-498f-aead-42327df81d94: receive RaftClientReply:client-C12DAE7A5037->3f4de2de-7d09-498f-aead-42327df81d94@group-C7908E81CC6B, cid=972, SUCCESS, logIndex=1429, commits[3f4de2de-7d09-498f-aead-42327df81d94:c1430]
2019-08-05 04:37:48,004 DEBUG block.SCMBlockDeletingService (SCMBlockDeletingService.java:call(138)) - Running DeletedBlockTransactionScanner
2019-08-05 04:37:48,005 DEBUG block.SCMBlockDeletingService (SCMBlockDeletingService.java:call(155)) - Scanned deleted blocks log and got 0 delTX to process.
2019-08-05 04:37:48,051 INFO  client.GrpcClientProtocolClient (GrpcClientProtocolClient.java:onNext(255)) - client-C12DAE7A5037->3f4de2de-7d09-498f-aead-42327df81d94: receive RaftClientReply:client-C12DAE7A5037->3f4de2de-7d09-498f-aead-42327df81d94@group-C7908E81CC6B, cid=973, SUCCESS, logIndex=1432, commits[3f4de2de-7d09-498f-aead-42327df81d94:c1435]
2019-08-05 04:37:48,052 INFO  client.GrpcClientProtocolClient (GrpcClientProtocolClient.java:onNext(255)) - client-C12DAE7A5037->3f4de2de-7d09-498f-aead-42327df81d94: receive RaftClientReply:client-C12DAE7A5037->3f4de2de-7d09-498f-aead-42327df81d94@group-C7908E81CC6B, cid=974, SUCCESS, logIndex=1433, commits[3f4de2de-7d09-498f-aead-42327df81d94:c1436]
2019-08-05 04:37:48,053 INFO  client.GrpcClientProtocolClient (GrpcClientProtocolClient.java:onNext(255)) - client-C12DAE7A5037->3f4de2de-7d09-498f-aead-42327df81d94: receive RaftClientReply:client-C12DAE7A5037->3f4de2de-7d09-498f-aead-42327df81d94@group-C7908E81CC6B, cid=975, SUCCESS, logIndex=1434, commits[3f4de2de-7d09-498f-aead-42327df81d94:c1436]
2019-08-05 04:37:48,053 INFO  client.GrpcClientProtocolClient (GrpcClientProtocolClient.java:onNext(255)) - client-C12DAE7A5037->3f4de2de-7d09-498f-aead-42327df81d94: receive RaftClientReply:client-C12DAE7A5037->3f4de2de-7d09-498f-aead-42327df81d94@group-C7908E81CC6B, cid=976, SUCCESS, logIndex=1435, commits[3f4de2de-7d09-498f-aead-42327df81d94:c1436]
2019-08-05 04:37:48,087 INFO  client.GrpcClientProtocolClient (GrpcClientProtocolClient.java:onNext(255)) - client-C12DAE7A5037->3f4de2de-7d09-498f-aead-42327df81d94: receive RaftClientReply:client-C12DAE7A5037->3f4de2de-7d09-498f-aead-42327df81d94@group-C7908E81CC6B, cid=977, SUCCESS, logIndex=1437, commits[3f4de2de-7d09-498f-aead-42327df81d94:c1440]
2019-08-05 04:37:48,088 INFO  client.GrpcClientProtocolClient (GrpcClientProtocolClient.java:onNext(255)) - client-C12DAE7A5037->3f4de2de-7d09-498f-aead-42327df81d94: receive RaftClientReply:client-C12DAE7A5037->3f4de2de-7d09-498f-aead-42327df81d94@group-C7908E81CC6B, cid=978, SUCCESS, logIndex=1438, commits[3f4de2de-7d09-498f-aead-42327df81d94:c1441]
2019-08-05 04:37:48,088 INFO  client.GrpcClientProtocolClient (GrpcClientProtocolClient.java:onNext(255)) - client-C12DAE7A5037->3f4de2de-7d09-498f-aead-42327df81d94: receive RaftClientReply:client-C12DAE7A5037->3f4de2de-7d09-498f-aead-42327df81d94@group-C7908E81CC6B, cid=979, SUCCESS, logIndex=1439, commits[3f4de2de-7d09-498f-aead-42327df81d94:c1441]
2019-08-05 04:37:48,089 INFO  client.GrpcClientProtocolClient (GrpcClientProtocolClient.java:onNext(255)) - client-C12DAE7A5037->3f4de2de-7d09-498f-aead-42327df81d94: receive RaftClientReply:client-C12DAE7A5037->3f4de2de-7d09-498f-aead-42327df81d94@group-C7908E81CC6B, cid=980, SUCCESS, logIndex=1440, commits[3f4de2de-7d09-498f-aead-42327df81d94:c1441]
2019-08-05 04:37:48,105 DEBUG block.SCMBlockDeletingService (SCMBlockDeletingService.java:call(138)) - Running DeletedBlockTransactionScanner
2019-08-05 04:37:48,105 DEBUG block.SCMBlockDeletingService (SCMBlockDeletingService.java:call(155)) - Scanned deleted blocks log and got 0 delTX to process.
2019-08-05 04:37:48,111 INFO  client.GrpcClientProtocolClient (GrpcClientProtocolClient.java:onNext(255)) - client-C12DAE7A5037->3f4de2de-7d09-498f-aead-42327df81d94: receive RaftClientReply:client-C12DAE7A5037->3f4de2de-7d09-498f-aead-42327df81d94@group-C7908E81CC6B, cid=981, SUCCESS, logIndex=1442, commits[3f4de2de-7d09-498f-aead-42327df81d94:c1445]
2019-08-05 04:37:48,112 INFO  client.GrpcClientProtocolClient (GrpcClientProtocolClient.java:onNext(255)) - client-C12DAE7A5037->3f4de2de-7d09-498f-aead-42327df81d94: receive RaftClientReply:client-C12DAE7A5037->3f4de2de-7d09-498f-aead-42327df81d94@group-C7908E81CC6B, cid=982, SUCCESS, logIndex=1443, commits[3f4de2de-7d09-498f-aead-42327df81d94:c1446]
2019-08-05 04:37:48,112 INFO  client.GrpcClientProtocolClient (GrpcClientProtocolClient.java:onNext(255)) - client-C12DAE7A5037->3f4de2de-7d09-498f-aead-42327df81d94: receive RaftClientReply:client-C12DAE7A5037->3f4de2de-7d09-498f-aead-42327df81d94@group-C7908E81CC6B, cid=983, SUCCESS, logIndex=1444, commits[3f4de2de-7d09-498f-aead-42327df81d94:c1446]
2019-08-05 04:37:48,113 INFO  client.GrpcClientProtocolClient (GrpcClientProtocolClient.java:onNext(255)) - client-C12DAE7A5037->3f4de2de-7d09-498f-aead-42327df81d94: receive RaftClientReply:client-C12DAE7A5037->3f4de2de-7d09-498f-aead-42327df81d94@group-C7908E81CC6B, cid=984, SUCCESS, logIndex=1445, commits[3f4de2de-7d09-498f-aead-42327df81d94:c1446]
2019-08-05 04:37:48,143 INFO  client.GrpcClientProtocolClient (GrpcClientProtocolClient.java:onNext(255)) - client-C12DAE7A5037->3f4de2de-7d09-498f-aead-42327df81d94: receive RaftClientReply:client-C12DAE7A5037->3f4de2de-7d09-498f-aead-42327df81d94@group-C7908E81CC6B, cid=985, SUCCESS, logIndex=1447, commits[3f4de2de-7d09-498f-aead-42327df81d94:c1450]
2019-08-05 04:37:48,144 INFO  client.GrpcClientProtocolClient (GrpcClientProtocolClient.java:onNext(255)) - client-C12DAE7A5037->3f4de2de-7d09-498f-aead-42327df81d94: receive RaftClientReply:client-C12DAE7A5037->3f4de2de-7d09-498f-aead-42327df81d94@group-C7908E81CC6B, cid=986, SUCCESS, logIndex=1448, commits[3f4de2de-7d09-498f-aead-42327df81d94:c1451]
2019-08-05 04:37:48,144 INFO  client.GrpcClientProtocolClient (GrpcClientProtocolClient.java:onNext(255)) - client-C12DAE7A5037->3f4de2de-7d09-498f-aead-42327df81d94: receive RaftClientReply:client-C12DAE7A5037->3f4de2de-7d09-498f-aead-42327df81d94@group-C7908E81CC6B, cid=987, SUCCESS, logIndex=1449, commits[3f4de2de-7d09-498f-aead-42327df81d94:c1451]
2019-08-05 04:37:48,145 INFO  client.GrpcClientProtocolClient (GrpcClientProtocolClient.java:onNext(255)) - client-C12DAE7A5037->3f4de2de-7d09-498f-aead-42327df81d94: receive RaftClientReply:client-C12DAE7A5037->3f4de2de-7d09-498f-aead-42327df81d94@group-C7908E81CC6B, cid=988, SUCCESS, logIndex=1450, commits[3f4de2de-7d09-498f-aead-42327df81d94:c1451]
2019-08-05 04:37:48,167 INFO  client.GrpcClientProtocolClient (GrpcClientProtocolClient.java:onNext(255)) - client-C12DAE7A5037->3f4de2de-7d09-498f-aead-42327df81d94: receive RaftClientReply:client-C12DAE7A5037->3f4de2de-7d09-498f-aead-42327df81d94@group-C7908E81CC6B, cid=989, SUCCESS, logIndex=1452, commits[3f4de2de-7d09-498f-aead-42327df81d94:c1455]
2019-08-05 04:37:48,168 INFO  client.GrpcClientProtocolClient (GrpcClientProtocolClient.java:onNext(255)) - client-C12DAE7A5037->3f4de2de-7d09-498f-aead-42327df81d94: receive RaftClientReply:client-C12DAE7A5037->3f4de2de-7d09-498f-aead-42327df81d94@group-C7908E81CC6B, cid=990, SUCCESS, logIndex=1453, commits[3f4de2de-7d09-498f-aead-42327df81d94:c1456]
2019-08-05 04:37:48,168 INFO  client.GrpcClientProtocolClient (GrpcClientProtocolClient.java:onNext(255)) - client-C12DAE7A5037->3f4de2de-7d09-498f-aead-42327df81d94: receive RaftClientReply:client-C12DAE7A5037->3f4de2de-7d09-498f-aead-42327df81d94@group-C7908E81CC6B, cid=991, SUCCESS, logIndex=1454, commits[3f4de2de-7d09-498f-aead-42327df81d94:c1456]
2019-08-05 04:37:48,169 INFO  client.GrpcClientProtocolClient (GrpcClientProtocolClient.java:onNext(255)) - client-C12DAE7A5037->3f4de2de-7d09-498f-aead-42327df81d94: receive RaftClientReply:client-C12DAE7A5037->3f4de2de-7d09-498f-aead-42327df81d94@group-C7908E81CC6B, cid=992, SUCCESS, logIndex=1455, commits[3f4de2de-7d09-498f-aead-42327df81d94:c1456]
2019-08-05 04:37:48,198 INFO  client.GrpcClientProtocolClient (GrpcClientProtocolClient.java:onNext(255)) - client-C12DAE7A5037->3f4de2de-7d09-498f-aead-42327df81d94: receive RaftClientReply:client-C12DAE7A5037->3f4de2de-7d09-498f-aead-42327df81d94@group-C7908E81CC6B, cid=993, SUCCESS, logIndex=1457, commits[3f4de2de-7d09-498f-aead-42327df81d94:c1460]
2019-08-05 04:37:48,199 INFO  client.GrpcClientProtocolClient (GrpcClientProtocolClient.java:onNext(255)) - client-C12DAE7A5037->3f4de2de-7d09-498f-aead-42327df81d94: receive RaftClientReply:client-C12DAE7A5037->3f4de2de-7d09-498f-aead-42327df81d94@group-C7908E81CC6B, cid=994, SUCCESS, logIndex=1458, commits[3f4de2de-7d09-498f-aead-42327df81d94:c1461]
2019-08-05 04:37:48,199 INFO  client.GrpcClientProtocolClient (GrpcClientProtocolClient.java:onNext(255)) - client-C12DAE7A5037->3f4de2de-7d09-498f-aead-42327df81d94: receive RaftClientReply:client-C12DAE7A5037->3f4de2de-7d09-498f-aead-42327df81d94@group-C7908E81CC6B, cid=995, SUCCESS, logIndex=1459, commits[3f4de2de-7d09-498f-aead-42327df81d94:c1461]
2019-08-05 04:37:48,200 INFO  client.GrpcClientProtocolClient (GrpcClientProtocolClient.java:onNext(255)) - client-C12DAE7A5037->3f4de2de-7d09-498f-aead-42327df81d94: receive RaftClientReply:client-C12DAE7A5037->3f4de2de-7d09-498f-aead-42327df81d94@group-C7908E81CC6B, cid=996, SUCCESS, logIndex=1460, commits[3f4de2de-7d09-498f-aead-42327df81d94:c1461]
2019-08-05 04:37:48,206 DEBUG block.SCMBlockDeletingService (SCMBlockDeletingService.java:call(138)) - Running DeletedBlockTransactionScanner
2019-08-05 04:37:48,206 DEBUG block.SCMBlockDeletingService (SCMBlockDeletingService.java:call(155)) - Scanned deleted blocks log and got 0 delTX to process.
2019-08-05 04:37:48,221 INFO  client.GrpcClientProtocolClient (GrpcClientProtocolClient.java:onNext(255)) - client-C12DAE7A5037->3f4de2de-7d09-498f-aead-42327df81d94: receive RaftClientReply:client-C12DAE7A5037->3f4de2de-7d09-498f-aead-42327df81d94@group-C7908E81CC6B, cid=997, SUCCESS, logIndex=1462, commits[3f4de2de-7d09-498f-aead-42327df81d94:c1465]
2019-08-05 04:37:48,222 INFO  client.GrpcClientProtocolClient (GrpcClientProtocolClient.java:onNext(255)) - client-C12DAE7A5037->3f4de2de-7d09-498f-aead-42327df81d94: receive RaftClientReply:client-C12DAE7A5037->3f4de2de-7d09-498f-aead-42327df81d94@group-C7908E81CC6B, cid=998, SUCCESS, logIndex=1463, commits[3f4de2de-7d09-498f-aead-42327df81d94:c1466]
2019-08-05 04:37:48,222 INFO  client.GrpcClientProtocolClient (GrpcClientProtocolClient.java:onNext(255)) - client-C12DAE7A5037->3f4de2de-7d09-498f-aead-42327df81d94: receive RaftClientReply:client-C12DAE7A5037->3f4de2de-7d09-498f-aead-42327df81d94@group-C7908E81CC6B, cid=999, SUCCESS, logIndex=1464, commits[3f4de2de-7d09-498f-aead-42327df81d94:c1466]
2019-08-05 04:37:48,223 INFO  client.GrpcClientProtocolClient (GrpcClientProtocolClient.java:onNext(255)) - client-C12DAE7A5037->3f4de2de-7d09-498f-aead-42327df81d94: receive RaftClientReply:client-C12DAE7A5037->3f4de2de-7d09-498f-aead-42327df81d94@group-C7908E81CC6B, cid=1000, SUCCESS, logIndex=1465, commits[3f4de2de-7d09-498f-aead-42327df81d94:c1466]
2019-08-05 04:37:48,251 INFO  client.GrpcClientProtocolClient (GrpcClientProtocolClient.java:onNext(255)) - client-C12DAE7A5037->3f4de2de-7d09-498f-aead-42327df81d94: receive RaftClientReply:client-C12DAE7A5037->3f4de2de-7d09-498f-aead-42327df81d94@group-C7908E81CC6B, cid=1001, SUCCESS, logIndex=1467, commits[3f4de2de-7d09-498f-aead-42327df81d94:c1470]
2019-08-05 04:37:48,251 INFO  client.GrpcClientProtocolClient (GrpcClientProtocolClient.java:onNext(255)) - client-C12DAE7A5037->3f4de2de-7d09-498f-aead-42327df81d94: receive RaftClientReply:client-C12DAE7A5037->3f4de2de-7d09-498f-aead-42327df81d94@group-C7908E81CC6B, cid=1002, SUCCESS, logIndex=1468, commits[3f4de2de-7d09-498f-aead-42327df81d94:c1471]
2019-08-05 04:37:48,252 INFO  client.GrpcClientProtocolClient (GrpcClientProtocolClient.java:onNext(255)) - client-C12DAE7A5037->3f4de2de-7d09-498f-aead-42327df81d94: receive RaftClientReply:client-C12DAE7A5037->3f4de2de-7d09-498f-aead-42327df81d94@group-C7908E81CC6B, cid=1003, SUCCESS, logIndex=1469, commits[3f4de2de-7d09-498f-aead-42327df81d94:c1471]
2019-08-05 04:37:48,252 INFO  client.GrpcClientProtocolClient (GrpcClientProtocolClient.java:onNext(255)) - client-C12DAE7A5037->3f4de2de-7d09-498f-aead-42327df81d94: receive RaftClientReply:client-C12DAE7A5037->3f4de2de-7d09-498f-aead-42327df81d94@group-C7908E81CC6B, cid=1004, SUCCESS, logIndex=1470, commits[3f4de2de-7d09-498f-aead-42327df81d94:c1471]
2019-08-05 04:37:48,272 INFO  client.GrpcClientProtocolClient (GrpcClientProtocolClient.java:onNext(255)) - client-C12DAE7A5037->3f4de2de-7d09-498f-aead-42327df81d94: receive RaftClientReply:client-C12DAE7A5037->3f4de2de-7d09-498f-aead-42327df81d94@group-C7908E81CC6B, cid=1005, SUCCESS, logIndex=1472, commits[3f4de2de-7d09-498f-aead-42327df81d94:c1473]
2019-08-05 04:37:48,273 INFO  client.GrpcClientProtocolClient (GrpcClientProtocolClient.java:onNext(255)) - client-C12DAE7A5037->3f4de2de-7d09-498f-aead-42327df81d94: receive RaftClientReply:client-C12DAE7A5037->3f4de2de-7d09-498f-aead-42327df81d94@group-C7908E81CC6B, cid=1006, SUCCESS, logIndex=1473, commits[3f4de2de-7d09-498f-aead-42327df81d94:c1475]
2019-08-05 04:37:48,273 INFO  client.GrpcClientProtocolClient (GrpcClientProtocolClient.java:onNext(255)) - client-C12DAE7A5037->3f4de2de-7d09-498f-aead-42327df81d94: receive RaftClientReply:client-C12DAE7A5037->3f4de2de-7d09-498f-aead-42327df81d94@group-C7908E81CC6B, cid=1007, SUCCESS, logIndex=1474, commits[3f4de2de-7d09-498f-aead-42327df81d94:c1476]
2019-08-05 04:37:48,273 INFO  client.GrpcClientProtocolClient (GrpcClientProtocolClient.java:onNext(255)) - client-C12DAE7A5037->3f4de2de-7d09-498f-aead-42327df81d94: receive RaftClientReply:client-C12DAE7A5037->3f4de2de-7d09-498f-aead-42327df81d94@group-C7908E81CC6B, cid=1008, SUCCESS, logIndex=1475, commits[3f4de2de-7d09-498f-aead-42327df81d94:c1476]
2019-08-05 04:37:48,304 INFO  client.GrpcClientProtocolClient (GrpcClientProtocolClient.java:onNext(255)) - client-C12DAE7A5037->3f4de2de-7d09-498f-aead-42327df81d94: receive RaftClientReply:client-C12DAE7A5037->3f4de2de-7d09-498f-aead-42327df81d94@group-C7908E81CC6B, cid=1009, SUCCESS, logIndex=1478, commits[3f4de2de-7d09-498f-aead-42327df81d94:c1481]
2019-08-05 04:37:48,305 INFO  client.GrpcClientProtocolClient (GrpcClientProtocolClient.java:onNext(255)) - client-C12DAE7A5037->3f4de2de-7d09-498f-aead-42327df81d94: receive RaftClientReply:client-C12DAE7A5037->3f4de2de-7d09-498f-aead-42327df81d94@group-C7908E81CC6B, cid=1010, SUCCESS, logIndex=1479, commits[3f4de2de-7d09-498f-aead-42327df81d94:c1482]
2019-08-05 04:37:48,305 INFO  client.GrpcClientProtocolClient (GrpcClientProtocolClient.java:onNext(255)) - client-C12DAE7A5037->3f4de2de-7d09-498f-aead-42327df81d94: receive RaftClientReply:client-C12DAE7A5037->3f4de2de-7d09-498f-aead-42327df81d94@group-C7908E81CC6B, cid=1011, SUCCESS, logIndex=1480, commits[3f4de2de-7d09-498f-aead-42327df81d94:c1482]
2019-08-05 04:37:48,306 INFO  client.GrpcClientProtocolClient (GrpcClientProtocolClient.java:onNext(255)) - client-C12DAE7A5037->3f4de2de-7d09-498f-aead-42327df81d94: receive RaftClientReply:client-C12DAE7A5037->3f4de2de-7d09-498f-aead-42327df81d94@group-C7908E81CC6B, cid=1012, SUCCESS, logIndex=1481, commits[3f4de2de-7d09-498f-aead-42327df81d94:c1482]
2019-08-05 04:37:48,307 DEBUG block.SCMBlockDeletingService (SCMBlockDeletingService.java:call(138)) - Running DeletedBlockTransactionScanner
2019-08-05 04:37:48,307 DEBUG block.SCMBlockDeletingService (SCMBlockDeletingService.java:call(155)) - Scanned deleted blocks log and got 0 delTX to process.
2019-08-05 04:37:48,327 INFO  client.GrpcClientProtocolClient (GrpcClientProtocolClient.java:onNext(255)) - client-C12DAE7A5037->3f4de2de-7d09-498f-aead-42327df81d94: receive RaftClientReply:client-C12DAE7A5037->3f4de2de-7d09-498f-aead-42327df81d94@group-C7908E81CC6B, cid=1013, SUCCESS, logIndex=1483, commits[3f4de2de-7d09-498f-aead-42327df81d94:c1484]
2019-08-05 04:37:48,328 INFO  client.GrpcClientProtocolClient (GrpcClientProtocolClient.java:onNext(255)) - client-C12DAE7A5037->3f4de2de-7d09-498f-aead-42327df81d94: receive RaftClientReply:client-C12DAE7A5037->3f4de2de-7d09-498f-aead-42327df81d94@group-C7908E81CC6B, cid=1014, SUCCESS, logIndex=1484, commits[3f4de2de-7d09-498f-aead-42327df81d94:c1484]
2019-08-05 04:37:48,328 INFO  client.GrpcClientProtocolClient (GrpcClientProtocolClient.java:onNext(255)) - client-C12DAE7A5037->3f4de2de-7d09-498f-aead-42327df81d94: receive RaftClientReply:client-C12DAE7A5037->3f4de2de-7d09-498f-aead-42327df81d94@group-C7908E81CC6B, cid=1015, SUCCESS, logIndex=1485, commits[3f4de2de-7d09-498f-aead-42327df81d94:c1486]
2019-08-05 04:37:48,329 INFO  client.GrpcClientProtocolClient (GrpcClientProtocolClient.java:onNext(255)) - client-C12DAE7A5037->3f4de2de-7d09-498f-aead-42327df81d94: receive RaftClientReply:client-C12DAE7A5037->3f4de2de-7d09-498f-aead-42327df81d94@group-C7908E81CC6B, cid=1016, SUCCESS, logIndex=1486, commits[3f4de2de-7d09-498f-aead-42327df81d94:c1487]
2019-08-05 04:37:48,414 DEBUG block.SCMBlockDeletingService (SCMBlockDeletingService.java:call(138)) - Running DeletedBlockTransactionScanner
2019-08-05 04:37:48,415 DEBUG block.SCMBlockDeletingService (SCMBlockDeletingService.java:call(155)) - Scanned deleted blocks log and got 0 delTX to process.
2019-08-05 04:37:48,515 DEBUG block.SCMBlockDeletingService (SCMBlockDeletingService.java:call(138)) - Running DeletedBlockTransactionScanner
2019-08-05 04:37:48,516 DEBUG block.SCMBlockDeletingService (SCMBlockDeletingService.java:call(155)) - Scanned deleted blocks log and got 0 delTX to process.
2019-08-05 04:37:48,542 INFO  client.GrpcClientProtocolClient (GrpcClientProtocolClient.java:onNext(255)) - client-C12DAE7A5037->3f4de2de-7d09-498f-aead-42327df81d94: receive RaftClientReply:client-C12DAE7A5037->3f4de2de-7d09-498f-aead-42327df81d94@group-C7908E81CC6B, cid=1017, SUCCESS, logIndex=1489, commits[3f4de2de-7d09-498f-aead-42327df81d94:c1490]
2019-08-05 04:37:48,543 INFO  client.GrpcClientProtocolClient (GrpcClientProtocolClient.java:onNext(255)) - client-C12DAE7A5037->3f4de2de-7d09-498f-aead-42327df81d94: receive RaftClientReply:client-C12DAE7A5037->3f4de2de-7d09-498f-aead-42327df81d94@group-C7908E81CC6B, cid=1018, SUCCESS, logIndex=1490, commits[3f4de2de-7d09-498f-aead-42327df81d94:c1493]
2019-08-05 04:37:48,543 INFO  client.GrpcClientProtocolClient (GrpcClientProtocolClient.java:onNext(255)) - client-C12DAE7A5037->3f4de2de-7d09-498f-aead-42327df81d94: receive RaftClientReply:client-C12DAE7A5037->3f4de2de-7d09-498f-aead-42327df81d94@group-C7908E81CC6B, cid=1019, SUCCESS, logIndex=1491, commits[3f4de2de-7d09-498f-aead-42327df81d94:c1493]
2019-08-05 04:37:48,544 INFO  client.GrpcClientProtocolClient (GrpcClientProtocolClient.java:onNext(255)) - client-C12DAE7A5037->3f4de2de-7d09-498f-aead-42327df81d94: receive RaftClientReply:client-C12DAE7A5037->3f4de2de-7d09-498f-aead-42327df81d94@group-C7908E81CC6B, cid=1020, SUCCESS, logIndex=1492, commits[3f4de2de-7d09-498f-aead-42327df81d94:c1494]
2019-08-05 04:37:48,567 INFO  client.GrpcClientProtocolClient (GrpcClientProtocolClient.java:onNext(255)) - client-C12DAE7A5037->3f4de2de-7d09-498f-aead-42327df81d94: receive RaftClientReply:client-C12DAE7A5037->3f4de2de-7d09-498f-aead-42327df81d94@group-C7908E81CC6B, cid=1021, SUCCESS, logIndex=1495, commits[3f4de2de-7d09-498f-aead-42327df81d94:c1499]
2019-08-05 04:37:48,568 INFO  client.GrpcClientProtocolClient (GrpcClientProtocolClient.java:onNext(255)) - client-C12DAE7A5037->3f4de2de-7d09-498f-aead-42327df81d94: receive RaftClientReply:client-C12DAE7A5037->3f4de2de-7d09-498f-aead-42327df81d94@group-C7908E81CC6B, cid=1022, SUCCESS, logIndex=1496, commits[3f4de2de-7d09-498f-aead-42327df81d94:c1499]
2019-08-05 04:37:48,568 INFO  client.GrpcClientProtocolClient (GrpcClientProtocolClient.java:onNext(255)) - client-C12DAE7A5037->3f4de2de-7d09-498f-aead-42327df81d94: receive RaftClientReply:client-C12DAE7A5037->3f4de2de-7d09-498f-aead-42327df81d94@group-C7908E81CC6B, cid=1023, SUCCESS, logIndex=1497, commits[3f4de2de-7d09-498f-aead-42327df81d94:c1499]
2019-08-05 04:37:48,569 INFO  client.GrpcClientProtocolClient (GrpcClientProtocolClient.java:onNext(255)) - client-C12DAE7A5037->3f4de2de-7d09-498f-aead-42327df81d94: receive RaftClientReply:client-C12DAE7A5037->3f4de2de-7d09-498f-aead-42327df81d94@group-C7908E81CC6B, cid=1024, SUCCESS, logIndex=1498, commits[3f4de2de-7d09-498f-aead-42327df81d94:c1499]
2019-08-05 04:37:48,602 INFO  client.GrpcClientProtocolClient (GrpcClientProtocolClient.java:onNext(255)) - client-C12DAE7A5037->3f4de2de-7d09-498f-aead-42327df81d94: receive RaftClientReply:client-C12DAE7A5037->3f4de2de-7d09-498f-aead-42327df81d94@group-C7908E81CC6B, cid=1025, SUCCESS, logIndex=1500, commits[3f4de2de-7d09-498f-aead-42327df81d94:c1501]
2019-08-05 04:37:48,603 INFO  client.GrpcClientProtocolClient (GrpcClientProtocolClient.java:onNext(255)) - client-C12DAE7A5037->3f4de2de-7d09-498f-aead-42327df81d94: receive RaftClientReply:client-C12DAE7A5037->3f4de2de-7d09-498f-aead-42327df81d94@group-C7908E81CC6B, cid=1026, SUCCESS, logIndex=1501, commits[3f4de2de-7d09-498f-aead-42327df81d94:c1503]
2019-08-05 04:37:48,603 INFO  client.GrpcClientProtocolClient (GrpcClientProtocolClient.java:onNext(255)) - client-C12DAE7A5037->3f4de2de-7d09-498f-aead-42327df81d94: receive RaftClientReply:client-C12DAE7A5037->3f4de2de-7d09-498f-aead-42327df81d94@group-C7908E81CC6B, cid=1027, SUCCESS, logIndex=1502, commits[3f4de2de-7d09-498f-aead-42327df81d94:c1504]
2019-08-05 04:37:48,603 INFO  client.GrpcClientProtocolClient (GrpcClientProtocolClient.java:onNext(255)) - client-C12DAE7A5037->3f4de2de-7d09-498f-aead-42327df81d94: receive RaftClientReply:client-C12DAE7A5037->3f4de2de-7d09-498f-aead-42327df81d94@group-C7908E81CC6B, cid=1028, SUCCESS, logIndex=1503, commits[3f4de2de-7d09-498f-aead-42327df81d94:c1504]
2019-08-05 04:37:48,616 DEBUG block.SCMBlockDeletingService (SCMBlockDeletingService.java:call(138)) - Running DeletedBlockTransactionScanner
2019-08-05 04:37:48,616 DEBUG block.SCMBlockDeletingService (SCMBlockDeletingService.java:call(155)) - Scanned deleted blocks log and got 0 delTX to process.
2019-08-05 04:37:48,623 INFO  client.GrpcClientProtocolClient (GrpcClientProtocolClient.java:onNext(255)) - client-C12DAE7A5037->3f4de2de-7d09-498f-aead-42327df81d94: receive RaftClientReply:client-C12DAE7A5037->3f4de2de-7d09-498f-aead-42327df81d94@group-C7908E81CC6B, cid=1029, SUCCESS, logIndex=1506, commits[3f4de2de-7d09-498f-aead-42327df81d94:c1507]
2019-08-05 04:37:48,623 INFO  client.GrpcClientProtocolClient (GrpcClientProtocolClient.java:onNext(255)) - client-C12DAE7A5037->3f4de2de-7d09-498f-aead-42327df81d94: receive RaftClientReply:client-C12DAE7A5037->3f4de2de-7d09-498f-aead-42327df81d94@group-C7908E81CC6B, cid=1030, SUCCESS, logIndex=1507, commits[3f4de2de-7d09-498f-aead-42327df81d94:c1507]
2019-08-05 04:37:48,624 INFO  client.GrpcClientProtocolClient (GrpcClientProtocolClient.java:onNext(255)) - client-C12DAE7A5037->3f4de2de-7d09-498f-aead-42327df81d94: receive RaftClientReply:client-C12DAE7A5037->3f4de2de-7d09-498f-aead-42327df81d94@group-C7908E81CC6B, cid=1031, SUCCESS, logIndex=1508, commits[3f4de2de-7d09-498f-aead-42327df81d94:c1509]
2019-08-05 04:37:48,624 INFO  client.GrpcClientProtocolClient (GrpcClientProtocolClient.java:onNext(255)) - client-C12DAE7A5037->3f4de2de-7d09-498f-aead-42327df81d94: receive RaftClientReply:client-C12DAE7A5037->3f4de2de-7d09-498f-aead-42327df81d94@group-C7908E81CC6B, cid=1032, SUCCESS, logIndex=1509, commits[3f4de2de-7d09-498f-aead-42327df81d94:c1510]
2019-08-05 04:37:48,656 INFO  client.GrpcClientProtocolClient (GrpcClientProtocolClient.java:onNext(255)) - client-C12DAE7A5037->3f4de2de-7d09-498f-aead-42327df81d94: receive RaftClientReply:client-C12DAE7A5037->3f4de2de-7d09-498f-aead-42327df81d94@group-C7908E81CC6B, cid=1033, SUCCESS, logIndex=1512, commits[3f4de2de-7d09-498f-aead-42327df81d94:c1515]
2019-08-05 04:37:48,657 INFO  client.GrpcClientProtocolClient (GrpcClientProtocolClient.java:onNext(255)) - client-C12DAE7A5037->3f4de2de-7d09-498f-aead-42327df81d94: receive RaftClientReply:client-C12DAE7A5037->3f4de2de-7d09-498f-aead-42327df81d94@group-C7908E81CC6B, cid=1034, SUCCESS, logIndex=1513, commits[3f4de2de-7d09-498f-aead-42327df81d94:c1516]
2019-08-05 04:37:48,658 INFO  client.GrpcClientProtocolClient (GrpcClientProtocolClient.java:onNext(255)) - client-C12DAE7A5037->3f4de2de-7d09-498f-aead-42327df81d94: receive RaftClientReply:client-C12DAE7A5037->3f4de2de-7d09-498f-aead-42327df81d94@group-C7908E81CC6B, cid=1035, SUCCESS, logIndex=1514, commits[3f4de2de-7d09-498f-aead-42327df81d94:c1516]
2019-08-05 04:37:48,658 INFO  client.GrpcClientProtocolClient (GrpcClientProtocolClient.java:onNext(255)) - client-C12DAE7A5037->3f4de2de-7d09-498f-aead-42327df81d94: receive RaftClientReply:client-C12DAE7A5037->3f4de2de-7d09-498f-aead-42327df81d94@group-C7908E81CC6B, cid=1036, SUCCESS, logIndex=1515, commits[3f4de2de-7d09-498f-aead-42327df81d94:c1516]
2019-08-05 04:37:48,682 INFO  client.GrpcClientProtocolClient (GrpcClientProtocolClient.java:onNext(255)) - client-C12DAE7A5037->3f4de2de-7d09-498f-aead-42327df81d94: receive RaftClientReply:client-C12DAE7A5037->3f4de2de-7d09-498f-aead-42327df81d94@group-C7908E81CC6B, cid=1037, SUCCESS, logIndex=1517, commits[3f4de2de-7d09-498f-aead-42327df81d94:c1520]
2019-08-05 04:37:48,682 INFO  client.GrpcClientProtocolClient (GrpcClientProtocolClient.java:onNext(255)) - client-C12DAE7A5037->3f4de2de-7d09-498f-aead-42327df81d94: receive RaftClientReply:client-C12DAE7A5037->3f4de2de-7d09-498f-aead-42327df81d94@group-C7908E81CC6B, cid=1038, SUCCESS, logIndex=1518, commits[3f4de2de-7d09-498f-aead-42327df81d94:c1521]
2019-08-05 04:37:48,683 INFO  client.GrpcClientProtocolClient (GrpcClientProtocolClient.java:onNext(255)) - client-C12DAE7A5037->3f4de2de-7d09-498f-aead-42327df81d94: receive RaftClientReply:client-C12DAE7A5037->3f4de2de-7d09-498f-aead-42327df81d94@group-C7908E81CC6B, cid=1039, SUCCESS, logIndex=1519, commits[3f4de2de-7d09-498f-aead-42327df81d94:c1521]
2019-08-05 04:37:48,683 INFO  client.GrpcClientProtocolClient (GrpcClientProtocolClient.java:onNext(255)) - client-C12DAE7A5037->3f4de2de-7d09-498f-aead-42327df81d94: receive RaftClientReply:client-C12DAE7A5037->3f4de2de-7d09-498f-aead-42327df81d94@group-C7908E81CC6B, cid=1040, SUCCESS, logIndex=1520, commits[3f4de2de-7d09-498f-aead-42327df81d94:c1521]
2019-08-05 04:37:48,713 INFO  client.GrpcClientProtocolClient (GrpcClientProtocolClient.java:onNext(255)) - client-C12DAE7A5037->3f4de2de-7d09-498f-aead-42327df81d94: receive RaftClientReply:client-C12DAE7A5037->3f4de2de-7d09-498f-aead-42327df81d94@group-C7908E81CC6B, cid=1041, SUCCESS, logIndex=1522, commits[3f4de2de-7d09-498f-aead-42327df81d94:c1523]
2019-08-05 04:37:48,713 INFO  client.GrpcClientProtocolClient (GrpcClientProtocolClient.java:onNext(255)) - client-C12DAE7A5037->3f4de2de-7d09-498f-aead-42327df81d94: receive RaftClientReply:client-C12DAE7A5037->3f4de2de-7d09-498f-aead-42327df81d94@group-C7908E81CC6B, cid=1042, SUCCESS, logIndex=1523, commits[3f4de2de-7d09-498f-aead-42327df81d94:c1523]
2019-08-05 04:37:48,715 INFO  client.GrpcClientProtocolClient (GrpcClientProtocolClient.java:onNext(255)) - client-C12DAE7A5037->3f4de2de-7d09-498f-aead-42327df81d94: receive RaftClientReply:client-C12DAE7A5037->3f4de2de-7d09-498f-aead-42327df81d94@group-C7908E81CC6B, cid=1043, SUCCESS, logIndex=1524, commits[3f4de2de-7d09-498f-aead-42327df81d94:c1525]
2019-08-05 04:37:48,715 INFO  client.GrpcClientProtocolClient (GrpcClientProtocolClient.java:onNext(255)) - client-C12DAE7A5037->3f4de2de-7d09-498f-aead-42327df81d94: receive RaftClientReply:client-C12DAE7A5037->3f4de2de-7d09-498f-aead-42327df81d94@group-C7908E81CC6B, cid=1044, SUCCESS, logIndex=1525, commits[3f4de2de-7d09-498f-aead-42327df81d94:c1525]
2019-08-05 04:37:48,717 DEBUG block.SCMBlockDeletingService (SCMBlockDeletingService.java:call(138)) - Running DeletedBlockTransactionScanner
2019-08-05 04:37:48,717 DEBUG block.SCMBlockDeletingService (SCMBlockDeletingService.java:call(155)) - Scanned deleted blocks log and got 0 delTX to process.
2019-08-05 04:37:48,738 INFO  client.GrpcClientProtocolClient (GrpcClientProtocolClient.java:onNext(255)) - client-C12DAE7A5037->3f4de2de-7d09-498f-aead-42327df81d94: receive RaftClientReply:client-C12DAE7A5037->3f4de2de-7d09-498f-aead-42327df81d94@group-C7908E81CC6B, cid=1045, SUCCESS, logIndex=1528, commits[3f4de2de-7d09-498f-aead-42327df81d94:c1529]
2019-08-05 04:37:48,738 INFO  client.GrpcClientProtocolClient (GrpcClientProtocolClient.java:onNext(255)) - client-C12DAE7A5037->3f4de2de-7d09-498f-aead-42327df81d94: receive RaftClientReply:client-C12DAE7A5037->3f4de2de-7d09-498f-aead-42327df81d94@group-C7908E81CC6B, cid=1046, SUCCESS, logIndex=1529, commits[3f4de2de-7d09-498f-aead-42327df81d94:c1532]
2019-08-05 04:37:48,739 INFO  client.GrpcClientProtocolClient (GrpcClientProtocolClient.java:onNext(255)) - client-C12DAE7A5037->3f4de2de-7d09-498f-aead-42327df81d94: receive RaftClientReply:client-C12DAE7A5037->3f4de2de-7d09-498f-aead-42327df81d94@group-C7908E81CC6B, cid=1047, SUCCESS, logIndex=1530, commits[3f4de2de-7d09-498f-aead-42327df81d94:c1532]
2019-08-05 04:37:48,739 INFO  client.GrpcClientProtocolClient (GrpcClientProtocolClient.java:onNext(255)) - client-C12DAE7A5037->3f4de2de-7d09-498f-aead-42327df81d94: receive RaftClientReply:client-C12DAE7A5037->3f4de2de-7d09-498f-aead-42327df81d94@group-C7908E81CC6B, cid=1048, SUCCESS, logIndex=1531, commits[3f4de2de-7d09-498f-aead-42327df81d94:c1533]
2019-08-05 04:37:48,768 INFO  client.GrpcClientProtocolClient (GrpcClientProtocolClient.java:onNext(255)) - client-C12DAE7A5037->3f4de2de-7d09-498f-aead-42327df81d94: receive RaftClientReply:client-C12DAE7A5037->3f4de2de-7d09-498f-aead-42327df81d94@group-C7908E81CC6B, cid=1049, SUCCESS, logIndex=1534, commits[3f4de2de-7d09-498f-aead-42327df81d94:c1535]
2019-08-05 04:37:48,768 INFO  client.GrpcClientProtocolClient (GrpcClientProtocolClient.java:onNext(255)) - client-C12DAE7A5037->3f4de2de-7d09-498f-aead-42327df81d94: receive RaftClientReply:client-C12DAE7A5037->3f4de2de-7d09-498f-aead-42327df81d94@group-C7908E81CC6B, cid=1050, SUCCESS, logIndex=1535, commits[3f4de2de-7d09-498f-aead-42327df81d94:c1537]
2019-08-05 04:37:48,769 INFO  client.GrpcClientProtocolClient (GrpcClientProtocolClient.java:onNext(255)) - client-C12DAE7A5037->3f4de2de-7d09-498f-aead-42327df81d94: receive RaftClientReply:client-C12DAE7A5037->3f4de2de-7d09-498f-aead-42327df81d94@group-C7908E81CC6B, cid=1051, SUCCESS, logIndex=1536, commits[3f4de2de-7d09-498f-aead-42327df81d94:c1538]
2019-08-05 04:37:48,769 INFO  client.GrpcClientProtocolClient (GrpcClientProtocolClient.java:onNext(255)) - client-C12DAE7A5037->3f4de2de-7d09-498f-aead-42327df81d94: receive RaftClientReply:client-C12DAE7A5037->3f4de2de-7d09-498f-aead-42327df81d94@group-C7908E81CC6B, cid=1052, SUCCESS, logIndex=1537, commits[3f4de2de-7d09-498f-aead-42327df81d94:c1539]
2019-08-05 04:37:48,799 INFO  client.GrpcClientProtocolClient (GrpcClientProtocolClient.java:onNext(255)) - client-C12DAE7A5037->3f4de2de-7d09-498f-aead-42327df81d94: receive RaftClientReply:client-C12DAE7A5037->3f4de2de-7d09-498f-aead-42327df81d94@group-C7908E81CC6B, cid=1053, SUCCESS, logIndex=1540, commits[3f4de2de-7d09-498f-aead-42327df81d94:c1543]
2019-08-05 04:37:48,800 INFO  client.GrpcClientProtocolClient (GrpcClientProtocolClient.java:onNext(255)) - client-C12DAE7A5037->3f4de2de-7d09-498f-aead-42327df81d94: receive RaftClientReply:client-C12DAE7A5037->3f4de2de-7d09-498f-aead-42327df81d94@group-C7908E81CC6B, cid=1054, SUCCESS, logIndex=1541, commits[3f4de2de-7d09-498f-aead-42327df81d94:c1545]
2019-08-05 04:37:48,801 INFO  client.GrpcClientProtocolClient (GrpcClientProtocolClient.java:onNext(255)) - client-C12DAE7A5037->3f4de2de-7d09-498f-aead-42327df81d94: receive RaftClientReply:client-C12DAE7A5037->3f4de2de-7d09-498f-aead-42327df81d94@group-C7908E81CC6B, cid=1055, SUCCESS, logIndex=1542, commits[3f4de2de-7d09-498f-aead-42327df81d94:c1545]
2019-08-05 04:37:48,801 INFO  client.GrpcClientProtocolClient (GrpcClientProtocolClient.java:onNext(255)) - client-C12DAE7A5037->3f4de2de-7d09-498f-aead-42327df81d94: receive RaftClientReply:client-C12DAE7A5037->3f4de2de-7d09-498f-aead-42327df81d94@group-C7908E81CC6B, cid=1056, SUCCESS, logIndex=1543, commits[3f4de2de-7d09-498f-aead-42327df81d94:c1545]
2019-08-05 04:37:48,818 DEBUG block.SCMBlockDeletingService (SCMBlockDeletingService.java:call(138)) - Running DeletedBlockTransactionScanner
2019-08-05 04:37:48,818 DEBUG block.SCMBlockDeletingService (SCMBlockDeletingService.java:call(155)) - Scanned deleted blocks log and got 0 delTX to process.
2019-08-05 04:37:48,834 INFO  client.GrpcClientProtocolClient (GrpcClientProtocolClient.java:onNext(255)) - client-C12DAE7A5037->3f4de2de-7d09-498f-aead-42327df81d94: receive RaftClientReply:client-C12DAE7A5037->3f4de2de-7d09-498f-aead-42327df81d94@group-C7908E81CC6B, cid=1057, SUCCESS, logIndex=1546, commits[3f4de2de-7d09-498f-aead-42327df81d94:c1549]
2019-08-05 04:37:48,835 INFO  client.GrpcClientProtocolClient (GrpcClientProtocolClient.java:onNext(255)) - client-C12DAE7A5037->3f4de2de-7d09-498f-aead-42327df81d94: receive RaftClientReply:client-C12DAE7A5037->3f4de2de-7d09-498f-aead-42327df81d94@group-C7908E81CC6B, cid=1058, SUCCESS, logIndex=1547, commits[3f4de2de-7d09-498f-aead-42327df81d94:c1550]
2019-08-05 04:37:48,835 INFO  client.GrpcClientProtocolClient (GrpcClientProtocolClient.java:onNext(255)) - client-C12DAE7A5037->3f4de2de-7d09-498f-aead-42327df81d94: receive RaftClientReply:client-C12DAE7A5037->3f4de2de-7d09-498f-aead-42327df81d94@group-C7908E81CC6B, cid=1059, SUCCESS, logIndex=1548, commits[3f4de2de-7d09-498f-aead-42327df81d94:c1550]
2019-08-05 04:37:48,836 INFO  client.GrpcClientProtocolClient (GrpcClientProtocolClient.java:onNext(255)) - client-C12DAE7A5037->3f4de2de-7d09-498f-aead-42327df81d94: receive RaftClientReply:client-C12DAE7A5037->3f4de2de-7d09-498f-aead-42327df81d94@group-C7908E81CC6B, cid=1060, SUCCESS, logIndex=1549, commits[3f4de2de-7d09-498f-aead-42327df81d94:c1550]
2019-08-05 04:37:48,918 DEBUG block.SCMBlockDeletingService (SCMBlockDeletingService.java:call(138)) - Running DeletedBlockTransactionScanner
2019-08-05 04:37:48,919 DEBUG block.SCMBlockDeletingService (SCMBlockDeletingService.java:call(155)) - Scanned deleted blocks log and got 0 delTX to process.
2019-08-05 04:37:48,944 INFO  client.GrpcClientProtocolClient (GrpcClientProtocolClient.java:onNext(255)) - client-C12DAE7A5037->3f4de2de-7d09-498f-aead-42327df81d94: receive RaftClientReply:client-C12DAE7A5037->3f4de2de-7d09-498f-aead-42327df81d94@group-C7908E81CC6B, cid=1061, SUCCESS, logIndex=1551, commits[3f4de2de-7d09-498f-aead-42327df81d94:c1554]
2019-08-05 04:37:48,944 INFO  client.GrpcClientProtocolClient (GrpcClientProtocolClient.java:onNext(255)) - client-C12DAE7A5037->3f4de2de-7d09-498f-aead-42327df81d94: receive RaftClientReply:client-C12DAE7A5037->3f4de2de-7d09-498f-aead-42327df81d94@group-C7908E81CC6B, cid=1062, SUCCESS, logIndex=1552, commits[3f4de2de-7d09-498f-aead-42327df81d94:c1554]
2019-08-05 04:37:48,945 INFO  client.GrpcClientProtocolClient (GrpcClientProtocolClient.java:onNext(255)) - client-C12DAE7A5037->3f4de2de-7d09-498f-aead-42327df81d94: receive RaftClientReply:client-C12DAE7A5037->3f4de2de-7d09-498f-aead-42327df81d94@group-C7908E81CC6B, cid=1063, SUCCESS, logIndex=1553, commits[3f4de2de-7d09-498f-aead-42327df81d94:c1555]
2019-08-05 04:37:48,945 INFO  client.GrpcClientProtocolClient (GrpcClientProtocolClient.java:onNext(255)) - client-C12DAE7A5037->3f4de2de-7d09-498f-aead-42327df81d94: receive RaftClientReply:client-C12DAE7A5037->3f4de2de-7d09-498f-aead-42327df81d94@group-C7908E81CC6B, cid=1064, SUCCESS, logIndex=1554, commits[3f4de2de-7d09-498f-aead-42327df81d94:c1555]
2019-08-05 04:37:48,977 INFO  client.GrpcClientProtocolClient (GrpcClientProtocolClient.java:onNext(255)) - client-C12DAE7A5037->3f4de2de-7d09-498f-aead-42327df81d94: receive RaftClientReply:client-C12DAE7A5037->3f4de2de-7d09-498f-aead-42327df81d94@group-C7908E81CC6B, cid=1065, SUCCESS, logIndex=1556, commits[3f4de2de-7d09-498f-aead-42327df81d94:c1559]
2019-08-05 04:37:48,977 INFO  client.GrpcClientProtocolClient (GrpcClientProtocolClient.java:onNext(255)) - client-C12DAE7A5037->3f4de2de-7d09-498f-aead-42327df81d94: receive RaftClientReply:client-C12DAE7A5037->3f4de2de-7d09-498f-aead-42327df81d94@group-C7908E81CC6B, cid=1066, SUCCESS, logIndex=1557, commits[3f4de2de-7d09-498f-aead-42327df81d94:c1560]
2019-08-05 04:37:48,978 INFO  client.GrpcClientProtocolClient (GrpcClientProtocolClient.java:onNext(255)) - client-C12DAE7A5037->3f4de2de-7d09-498f-aead-42327df81d94: receive RaftClientReply:client-C12DAE7A5037->3f4de2de-7d09-498f-aead-42327df81d94@group-C7908E81CC6B, cid=1067, SUCCESS, logIndex=1558, commits[3f4de2de-7d09-498f-aead-42327df81d94:c1560]
2019-08-05 04:37:48,978 INFO  client.GrpcClientProtocolClient (GrpcClientProtocolClient.java:onNext(255)) - client-C12DAE7A5037->3f4de2de-7d09-498f-aead-42327df81d94: receive RaftClientReply:client-C12DAE7A5037->3f4de2de-7d09-498f-aead-42327df81d94@group-C7908E81CC6B, cid=1068, SUCCESS, logIndex=1559, commits[3f4de2de-7d09-498f-aead-42327df81d94:c1560]
2019-08-05 04:37:49,002 INFO  client.GrpcClientProtocolClient (GrpcClientProtocolClient.java:onNext(255)) - client-C12DAE7A5037->3f4de2de-7d09-498f-aead-42327df81d94: receive RaftClientReply:client-C12DAE7A5037->3f4de2de-7d09-498f-aead-42327df81d94@group-C7908E81CC6B, cid=1069, SUCCESS, logIndex=1561, commits[3f4de2de-7d09-498f-aead-42327df81d94:c1564]
2019-08-05 04:37:49,003 INFO  client.GrpcClientProtocolClient (GrpcClientProtocolClient.java:onNext(255)) - client-C12DAE7A5037->3f4de2de-7d09-498f-aead-42327df81d94: receive RaftClientReply:client-C12DAE7A5037->3f4de2de-7d09-498f-aead-42327df81d94@group-C7908E81CC6B, cid=1070, SUCCESS, logIndex=1562, commits[3f4de2de-7d09-498f-aead-42327df81d94:c1565]
2019-08-05 04:37:49,004 INFO  client.GrpcClientProtocolClient (GrpcClientProtocolClient.java:onNext(255)) - client-C12DAE7A5037->3f4de2de-7d09-498f-aead-42327df81d94: receive RaftClientReply:client-C12DAE7A5037->3f4de2de-7d09-498f-aead-42327df81d94@group-C7908E81CC6B, cid=1071, SUCCESS, logIndex=1563, commits[3f4de2de-7d09-498f-aead-42327df81d94:c1565]
2019-08-05 04:37:49,004 INFO  client.GrpcClientProtocolClient (GrpcClientProtocolClient.java:onNext(255)) - client-C12DAE7A5037->3f4de2de-7d09-498f-aead-42327df81d94: receive RaftClientReply:client-C12DAE7A5037->3f4de2de-7d09-498f-aead-42327df81d94@group-C7908E81CC6B, cid=1072, SUCCESS, logIndex=1564, commits[3f4de2de-7d09-498f-aead-42327df81d94:c1565]
2019-08-05 04:37:49,019 DEBUG block.SCMBlockDeletingService (SCMBlockDeletingService.java:call(138)) - Running DeletedBlockTransactionScanner
2019-08-05 04:37:49,020 DEBUG block.SCMBlockDeletingService (SCMBlockDeletingService.java:call(155)) - Scanned deleted blocks log and got 0 delTX to process.
2019-08-05 04:37:49,036 INFO  client.GrpcClientProtocolClient (GrpcClientProtocolClient.java:onNext(255)) - client-C12DAE7A5037->3f4de2de-7d09-498f-aead-42327df81d94: receive RaftClientReply:client-C12DAE7A5037->3f4de2de-7d09-498f-aead-42327df81d94@group-C7908E81CC6B, cid=1073, SUCCESS, logIndex=1566, commits[3f4de2de-7d09-498f-aead-42327df81d94:c1569]
2019-08-05 04:37:49,037 INFO  client.GrpcClientProtocolClient (GrpcClientProtocolClient.java:onNext(255)) - client-C12DAE7A5037->3f4de2de-7d09-498f-aead-42327df81d94: receive RaftClientReply:client-C12DAE7A5037->3f4de2de-7d09-498f-aead-42327df81d94@group-C7908E81CC6B, cid=1074, SUCCESS, logIndex=1567, commits[3f4de2de-7d09-498f-aead-42327df81d94:c1570]
2019-08-05 04:37:49,037 INFO  client.GrpcClientProtocolClient (GrpcClientProtocolClient.java:onNext(255)) - client-C12DAE7A5037->3f4de2de-7d09-498f-aead-42327df81d94: receive RaftClientReply:client-C12DAE7A5037->3f4de2de-7d09-498f-aead-42327df81d94@group-C7908E81CC6B, cid=1075, SUCCESS, logIndex=1568, commits[3f4de2de-7d09-498f-aead-42327df81d94:c1570]
2019-08-05 04:37:49,038 INFO  client.GrpcClientProtocolClient (GrpcClientProtocolClient.java:onNext(255)) - client-C12DAE7A5037->3f4de2de-7d09-498f-aead-42327df81d94: receive RaftClientReply:client-C12DAE7A5037->3f4de2de-7d09-498f-aead-42327df81d94@group-C7908E81CC6B, cid=1076, SUCCESS, logIndex=1569, commits[3f4de2de-7d09-498f-aead-42327df81d94:c1570]
2019-08-05 04:37:49,120 DEBUG block.SCMBlockDeletingService (SCMBlockDeletingService.java:call(138)) - Running DeletedBlockTransactionScanner
2019-08-05 04:37:49,120 DEBUG block.SCMBlockDeletingService (SCMBlockDeletingService.java:call(155)) - Scanned deleted blocks log and got 0 delTX to process.
2019-08-05 04:37:49,131 INFO  client.GrpcClientProtocolClient (GrpcClientProtocolClient.java:onNext(255)) - client-C12DAE7A5037->3f4de2de-7d09-498f-aead-42327df81d94: receive RaftClientReply:client-C12DAE7A5037->3f4de2de-7d09-498f-aead-42327df81d94@group-C7908E81CC6B, cid=1077, SUCCESS, logIndex=1571, commits[3f4de2de-7d09-498f-aead-42327df81d94:c1572]
2019-08-05 04:37:49,131 INFO  client.GrpcClientProtocolClient (GrpcClientProtocolClient.java:onNext(255)) - client-C12DAE7A5037->3f4de2de-7d09-498f-aead-42327df81d94: receive RaftClientReply:client-C12DAE7A5037->3f4de2de-7d09-498f-aead-42327df81d94@group-C7908E81CC6B, cid=1078, SUCCESS, logIndex=1572, commits[3f4de2de-7d09-498f-aead-42327df81d94:c1574]
2019-08-05 04:37:49,132 INFO  client.GrpcClientProtocolClient (GrpcClientProtocolClient.java:onNext(255)) - client-C12DAE7A5037->3f4de2de-7d09-498f-aead-42327df81d94: receive RaftClientReply:client-C12DAE7A5037->3f4de2de-7d09-498f-aead-42327df81d94@group-C7908E81CC6B, cid=1079, SUCCESS, logIndex=1573, commits[3f4de2de-7d09-498f-aead-42327df81d94:c1575]
2019-08-05 04:37:49,132 INFO  client.GrpcClientProtocolClient (GrpcClientProtocolClient.java:onNext(255)) - client-C12DAE7A5037->3f4de2de-7d09-498f-aead-42327df81d94: receive RaftClientReply:client-C12DAE7A5037->3f4de2de-7d09-498f-aead-42327df81d94@group-C7908E81CC6B, cid=1080, SUCCESS, logIndex=1574, commits[3f4de2de-7d09-498f-aead-42327df81d94:c1576]
2019-08-05 04:37:49,161 INFO  client.GrpcClientProtocolClient (GrpcClientProtocolClient.java:onNext(255)) - client-C12DAE7A5037->3f4de2de-7d09-498f-aead-42327df81d94: receive RaftClientReply:client-C12DAE7A5037->3f4de2de-7d09-498f-aead-42327df81d94@group-C7908E81CC6B, cid=1081, SUCCESS, logIndex=1577, commits[3f4de2de-7d09-498f-aead-42327df81d94:c1578]
2019-08-05 04:37:49,162 INFO  client.GrpcClientProtocolClient (GrpcClientProtocolClient.java:onNext(255)) - client-C12DAE7A5037->3f4de2de-7d09-498f-aead-42327df81d94: receive RaftClientReply:client-C12DAE7A5037->3f4de2de-7d09-498f-aead-42327df81d94@group-C7908E81CC6B, cid=1082, SUCCESS, logIndex=1578, commits[3f4de2de-7d09-498f-aead-42327df81d94:c1580]
2019-08-05 04:37:49,162 INFO  client.GrpcClientProtocolClient (GrpcClientProtocolClient.java:onNext(255)) - client-C12DAE7A5037->3f4de2de-7d09-498f-aead-42327df81d94: receive RaftClientReply:client-C12DAE7A5037->3f4de2de-7d09-498f-aead-42327df81d94@group-C7908E81CC6B, cid=1083, SUCCESS, logIndex=1579, commits[3f4de2de-7d09-498f-aead-42327df81d94:c1581]
2019-08-05 04:37:49,163 INFO  client.GrpcClientProtocolClient (GrpcClientProtocolClient.java:onNext(255)) - client-C12DAE7A5037->3f4de2de-7d09-498f-aead-42327df81d94: receive RaftClientReply:client-C12DAE7A5037->3f4de2de-7d09-498f-aead-42327df81d94@group-C7908E81CC6B, cid=1084, SUCCESS, logIndex=1580, commits[3f4de2de-7d09-498f-aead-42327df81d94:c1582]
2019-08-05 04:37:49,187 INFO  client.GrpcClientProtocolClient (GrpcClientProtocolClient.java:onNext(255)) - client-C12DAE7A5037->3f4de2de-7d09-498f-aead-42327df81d94: receive RaftClientReply:client-C12DAE7A5037->3f4de2de-7d09-498f-aead-42327df81d94@group-C7908E81CC6B, cid=1085, SUCCESS, logIndex=1583, commits[3f4de2de-7d09-498f-aead-42327df81d94:c1586]
2019-08-05 04:37:49,187 INFO  client.GrpcClientProtocolClient (GrpcClientProtocolClient.java:onNext(255)) - client-C12DAE7A5037->3f4de2de-7d09-498f-aead-42327df81d94: receive RaftClientReply:client-C12DAE7A5037->3f4de2de-7d09-498f-aead-42327df81d94@group-C7908E81CC6B, cid=1086, SUCCESS, logIndex=1584, commits[3f4de2de-7d09-498f-aead-42327df81d94:c1587]
2019-08-05 04:37:49,188 INFO  client.GrpcClientProtocolClient (GrpcClientProtocolClient.java:onNext(255)) - client-C12DAE7A5037->3f4de2de-7d09-498f-aead-42327df81d94: receive RaftClientReply:client-C12DAE7A5037->3f4de2de-7d09-498f-aead-42327df81d94@group-C7908E81CC6B, cid=1087, SUCCESS, logIndex=1585, commits[3f4de2de-7d09-498f-aead-42327df81d94:c1587]
2019-08-05 04:37:49,188 INFO  client.GrpcClientProtocolClient (GrpcClientProtocolClient.java:onNext(255)) - client-C12DAE7A5037->3f4de2de-7d09-498f-aead-42327df81d94: receive RaftClientReply:client-C12DAE7A5037->3f4de2de-7d09-498f-aead-42327df81d94@group-C7908E81CC6B, cid=1088, SUCCESS, logIndex=1586, commits[3f4de2de-7d09-498f-aead-42327df81d94:c1587]
2019-08-05 04:37:49,216 INFO  client.GrpcClientProtocolClient (GrpcClientProtocolClient.java:onNext(255)) - client-C12DAE7A5037->3f4de2de-7d09-498f-aead-42327df81d94: receive RaftClientReply:client-C12DAE7A5037->3f4de2de-7d09-498f-aead-42327df81d94@group-C7908E81CC6B, cid=1089, SUCCESS, logIndex=1588, commits[3f4de2de-7d09-498f-aead-42327df81d94:c1591]
2019-08-05 04:37:49,217 INFO  client.GrpcClientProtocolClient (GrpcClientProtocolClient.java:onNext(255)) - client-C12DAE7A5037->3f4de2de-7d09-498f-aead-42327df81d94: receive RaftClientReply:client-C12DAE7A5037->3f4de2de-7d09-498f-aead-42327df81d94@group-C7908E81CC6B, cid=1090, SUCCESS, logIndex=1589, commits[3f4de2de-7d09-498f-aead-42327df81d94:c1591]
2019-08-05 04:37:49,217 INFO  client.GrpcClientProtocolClient (GrpcClientProtocolClient.java:onNext(255)) - client-C12DAE7A5037->3f4de2de-7d09-498f-aead-42327df81d94: receive RaftClientReply:client-C12DAE7A5037->3f4de2de-7d09-498f-aead-42327df81d94@group-C7908E81CC6B, cid=1091, SUCCESS, logIndex=1590, commits[3f4de2de-7d09-498f-aead-42327df81d94:c1592]
2019-08-05 04:37:49,218 INFO  client.GrpcClientProtocolClient (GrpcClientProtocolClient.java:onNext(255)) - client-C12DAE7A5037->3f4de2de-7d09-498f-aead-42327df81d94: receive RaftClientReply:client-C12DAE7A5037->3f4de2de-7d09-498f-aead-42327df81d94@group-C7908E81CC6B, cid=1092, SUCCESS, logIndex=1591, commits[3f4de2de-7d09-498f-aead-42327df81d94:c1593]
2019-08-05 04:37:49,221 DEBUG block.SCMBlockDeletingService (SCMBlockDeletingService.java:call(138)) - Running DeletedBlockTransactionScanner
2019-08-05 04:37:49,221 DEBUG block.SCMBlockDeletingService (SCMBlockDeletingService.java:call(155)) - Scanned deleted blocks log and got 0 delTX to process.
2019-08-05 04:37:49,237 INFO  client.GrpcClientProtocolClient (GrpcClientProtocolClient.java:onNext(255)) - client-C12DAE7A5037->3f4de2de-7d09-498f-aead-42327df81d94: receive RaftClientReply:client-C12DAE7A5037->3f4de2de-7d09-498f-aead-42327df81d94@group-C7908E81CC6B, cid=1093, SUCCESS, logIndex=1594, commits[3f4de2de-7d09-498f-aead-42327df81d94:c1595]
2019-08-05 04:37:49,238 INFO  client.GrpcClientProtocolClient (GrpcClientProtocolClient.java:onNext(255)) - client-C12DAE7A5037->3f4de2de-7d09-498f-aead-42327df81d94: receive RaftClientReply:client-C12DAE7A5037->3f4de2de-7d09-498f-aead-42327df81d94@group-C7908E81CC6B, cid=1094, SUCCESS, logIndex=1595, commits[3f4de2de-7d09-498f-aead-42327df81d94:c1597]
2019-08-05 04:37:49,238 INFO  client.GrpcClientProtocolClient (GrpcClientProtocolClient.java:onNext(255)) - client-C12DAE7A5037->3f4de2de-7d09-498f-aead-42327df81d94: receive RaftClientReply:client-C12DAE7A5037->3f4de2de-7d09-498f-aead-42327df81d94@group-C7908E81CC6B, cid=1095, SUCCESS, logIndex=1596, commits[3f4de2de-7d09-498f-aead-42327df81d94:c1598]
2019-08-05 04:37:49,238 INFO  client.GrpcClientProtocolClient (GrpcClientProtocolClient.java:onNext(255)) - client-C12DAE7A5037->3f4de2de-7d09-498f-aead-42327df81d94: receive RaftClientReply:client-C12DAE7A5037->3f4de2de-7d09-498f-aead-42327df81d94@group-C7908E81CC6B, cid=1096, SUCCESS, logIndex=1597, commits[3f4de2de-7d09-498f-aead-42327df81d94:c1598]
2019-08-05 04:37:49,268 INFO  client.GrpcClientProtocolClient (GrpcClientProtocolClient.java:onNext(255)) - client-C12DAE7A5037->3f4de2de-7d09-498f-aead-42327df81d94: receive RaftClientReply:client-C12DAE7A5037->3f4de2de-7d09-498f-aead-42327df81d94@group-C7908E81CC6B, cid=1097, SUCCESS, logIndex=1600, commits[3f4de2de-7d09-498f-aead-42327df81d94:c1601]
2019-08-05 04:37:49,269 INFO  client.GrpcClientProtocolClient (GrpcClientProtocolClient.java:onNext(255)) - client-C12DAE7A5037->3f4de2de-7d09-498f-aead-42327df81d94: receive RaftClientReply:client-C12DAE7A5037->3f4de2de-7d09-498f-aead-42327df81d94@group-C7908E81CC6B, cid=1098, SUCCESS, logIndex=1601, commits[3f4de2de-7d09-498f-aead-42327df81d94:c1603]
2019-08-05 04:37:49,269 INFO  client.GrpcClientProtocolClient (GrpcClientProtocolClient.java:onNext(255)) - client-C12DAE7A5037->3f4de2de-7d09-498f-aead-42327df81d94: receive RaftClientReply:client-C12DAE7A5037->3f4de2de-7d09-498f-aead-42327df81d94@group-C7908E81CC6B, cid=1099, SUCCESS, logIndex=1602, commits[3f4de2de-7d09-498f-aead-42327df81d94:c1604]
2019-08-05 04:37:49,270 INFO  client.GrpcClientProtocolClient (GrpcClientProtocolClient.java:onNext(255)) - client-C12DAE7A5037->3f4de2de-7d09-498f-aead-42327df81d94: receive RaftClientReply:client-C12DAE7A5037->3f4de2de-7d09-498f-aead-42327df81d94@group-C7908E81CC6B, cid=1100, SUCCESS, logIndex=1603, commits[3f4de2de-7d09-498f-aead-42327df81d94:c1604]
2019-08-05 04:37:49,290 INFO  client.GrpcClientProtocolClient (GrpcClientProtocolClient.java:onNext(255)) - client-C12DAE7A5037->3f4de2de-7d09-498f-aead-42327df81d94: receive RaftClientReply:client-C12DAE7A5037->3f4de2de-7d09-498f-aead-42327df81d94@group-C7908E81CC6B, cid=1101, SUCCESS, logIndex=1606, commits[3f4de2de-7d09-498f-aead-42327df81d94:c1609]
2019-08-05 04:37:49,291 INFO  client.GrpcClientProtocolClient (GrpcClientProtocolClient.java:onNext(255)) - client-C12DAE7A5037->3f4de2de-7d09-498f-aead-42327df81d94: receive RaftClientReply:client-C12DAE7A5037->3f4de2de-7d09-498f-aead-42327df81d94@group-C7908E81CC6B, cid=1102, SUCCESS, logIndex=1607, commits[3f4de2de-7d09-498f-aead-42327df81d94:c1610]
2019-08-05 04:37:49,291 INFO  client.GrpcClientProtocolClient (GrpcClientProtocolClient.java:onNext(255)) - client-C12DAE7A5037->3f4de2de-7d09-498f-aead-42327df81d94: receive RaftClientReply:client-C12DAE7A5037->3f4de2de-7d09-498f-aead-42327df81d94@group-C7908E81CC6B, cid=1103, SUCCESS, logIndex=1608, commits[3f4de2de-7d09-498f-aead-42327df81d94:c1611]
2019-08-05 04:37:49,292 INFO  client.GrpcClientProtocolClient (GrpcClientProtocolClient.java:onNext(255)) - client-C12DAE7A5037->3f4de2de-7d09-498f-aead-42327df81d94: receive RaftClientReply:client-C12DAE7A5037->3f4de2de-7d09-498f-aead-42327df81d94@group-C7908E81CC6B, cid=1104, SUCCESS, logIndex=1609, commits[3f4de2de-7d09-498f-aead-42327df81d94:c1611]
2019-08-05 04:37:49,322 DEBUG block.SCMBlockDeletingService (SCMBlockDeletingService.java:call(138)) - Running DeletedBlockTransactionScanner
2019-08-05 04:37:49,322 DEBUG block.SCMBlockDeletingService (SCMBlockDeletingService.java:call(155)) - Scanned deleted blocks log and got 0 delTX to process.
2019-08-05 04:37:49,422 DEBUG block.SCMBlockDeletingService (SCMBlockDeletingService.java:call(138)) - Running DeletedBlockTransactionScanner
2019-08-05 04:37:49,423 DEBUG block.SCMBlockDeletingService (SCMBlockDeletingService.java:call(155)) - Scanned deleted blocks log and got 0 delTX to process.
2019-08-05 04:37:49,431 INFO  client.GrpcClientProtocolClient (GrpcClientProtocolClient.java:onNext(255)) - client-C12DAE7A5037->3f4de2de-7d09-498f-aead-42327df81d94: receive RaftClientReply:client-C12DAE7A5037->3f4de2de-7d09-498f-aead-42327df81d94@group-C7908E81CC6B, cid=1105, SUCCESS, logIndex=1612, commits[3f4de2de-7d09-498f-aead-42327df81d94:c1613]
2019-08-05 04:37:49,431 INFO  client.GrpcClientProtocolClient (GrpcClientProtocolClient.java:onNext(255)) - client-C12DAE7A5037->3f4de2de-7d09-498f-aead-42327df81d94: receive RaftClientReply:client-C12DAE7A5037->3f4de2de-7d09-498f-aead-42327df81d94@group-C7908E81CC6B, cid=1106, SUCCESS, logIndex=1613, commits[3f4de2de-7d09-498f-aead-42327df81d94:c1613]
2019-08-05 04:37:49,433 INFO  client.GrpcClientProtocolClient (GrpcClientProtocolClient.java:onNext(255)) - client-C12DAE7A5037->3f4de2de-7d09-498f-aead-42327df81d94: receive RaftClientReply:client-C12DAE7A5037->3f4de2de-7d09-498f-aead-42327df81d94@group-C7908E81CC6B, cid=1107, SUCCESS, logIndex=1614, commits[3f4de2de-7d09-498f-aead-42327df81d94:c1615]
2019-08-05 04:37:49,434 INFO  client.GrpcClientProtocolClient (GrpcClientProtocolClient.java:onNext(255)) - client-C12DAE7A5037->3f4de2de-7d09-498f-aead-42327df81d94: receive RaftClientReply:client-C12DAE7A5037->3f4de2de-7d09-498f-aead-42327df81d94@group-C7908E81CC6B, cid=1108, SUCCESS, logIndex=1615, commits[3f4de2de-7d09-498f-aead-42327df81d94:c1615]
2019-08-05 04:37:49,456 INFO  client.GrpcClientProtocolClient (GrpcClientProtocolClient.java:onNext(255)) - client-C12DAE7A5037->3f4de2de-7d09-498f-aead-42327df81d94: receive RaftClientReply:client-C12DAE7A5037->3f4de2de-7d09-498f-aead-42327df81d94@group-C7908E81CC6B, cid=1109, SUCCESS, logIndex=1618, commits[3f4de2de-7d09-498f-aead-42327df81d94:c1621]
2019-08-05 04:37:49,457 INFO  client.GrpcClientProtocolClient (GrpcClientProtocolClient.java:onNext(255)) - client-C12DAE7A5037->3f4de2de-7d09-498f-aead-42327df81d94: receive RaftClientReply:client-C12DAE7A5037->3f4de2de-7d09-498f-aead-42327df81d94@group-C7908E81CC6B, cid=1110, SUCCESS, logIndex=1619, commits[3f4de2de-7d09-498f-aead-42327df81d94:c1622]
2019-08-05 04:37:49,457 INFO  client.GrpcClientProtocolClient (GrpcClientProtocolClient.java:onNext(255)) - client-C12DAE7A5037->3f4de2de-7d09-498f-aead-42327df81d94: receive RaftClientReply:client-C12DAE7A5037->3f4de2de-7d09-498f-aead-42327df81d94@group-C7908E81CC6B, cid=1111, SUCCESS, logIndex=1620, commits[3f4de2de-7d09-498f-aead-42327df81d94:c1622]
2019-08-05 04:37:49,457 INFO  client.GrpcClientProtocolClient (GrpcClientProtocolClient.java:onNext(255)) - client-C12DAE7A5037->3f4de2de-7d09-498f-aead-42327df81d94: receive RaftClientReply:client-C12DAE7A5037->3f4de2de-7d09-498f-aead-42327df81d94@group-C7908E81CC6B, cid=1112, SUCCESS, logIndex=1621, commits[3f4de2de-7d09-498f-aead-42327df81d94:c1622]
2019-08-05 04:37:49,488 INFO  client.GrpcClientProtocolClient (GrpcClientProtocolClient.java:onNext(255)) - client-C12DAE7A5037->3f4de2de-7d09-498f-aead-42327df81d94: receive RaftClientReply:client-C12DAE7A5037->3f4de2de-7d09-498f-aead-42327df81d94@group-C7908E81CC6B, cid=1113, SUCCESS, logIndex=1623, commits[3f4de2de-7d09-498f-aead-42327df81d94:c1626]
2019-08-05 04:37:49,489 INFO  client.GrpcClientProtocolClient (GrpcClientProtocolClient.java:onNext(255)) - client-C12DAE7A5037->3f4de2de-7d09-498f-aead-42327df81d94: receive RaftClientReply:client-C12DAE7A5037->3f4de2de-7d09-498f-aead-42327df81d94@group-C7908E81CC6B, cid=1114, SUCCESS, logIndex=1624, commits[3f4de2de-7d09-498f-aead-42327df81d94:c1627]
2019-08-05 04:37:49,490 INFO  client.GrpcClientProtocolClient (GrpcClientProtocolClient.java:onNext(255)) - client-C12DAE7A5037->3f4de2de-7d09-498f-aead-42327df81d94: receive RaftClientReply:client-C12DAE7A5037->3f4de2de-7d09-498f-aead-42327df81d94@group-C7908E81CC6B, cid=1115, SUCCESS, logIndex=1625, commits[3f4de2de-7d09-498f-aead-42327df81d94:c1627]
2019-08-05 04:37:49,490 INFO  client.GrpcClientProtocolClient (GrpcClientProtocolClient.java:onNext(255)) - client-C12DAE7A5037->3f4de2de-7d09-498f-aead-42327df81d94: receive RaftClientReply:client-C12DAE7A5037->3f4de2de-7d09-498f-aead-42327df81d94@group-C7908E81CC6B, cid=1116, SUCCESS, logIndex=1626, commits[3f4de2de-7d09-498f-aead-42327df81d94:c1627]
2019-08-05 04:37:49,512 INFO  client.GrpcClientProtocolClient (GrpcClientProtocolClient.java:onNext(255)) - client-C12DAE7A5037->3f4de2de-7d09-498f-aead-42327df81d94: receive RaftClientReply:client-C12DAE7A5037->3f4de2de-7d09-498f-aead-42327df81d94@group-C7908E81CC6B, cid=1117, SUCCESS, logIndex=1628, commits[3f4de2de-7d09-498f-aead-42327df81d94:c1631]
2019-08-05 04:37:49,513 INFO  client.GrpcClientProtocolClient (GrpcClientProtocolClient.java:onNext(255)) - client-C12DAE7A5037->3f4de2de-7d09-498f-aead-42327df81d94: receive RaftClientReply:client-C12DAE7A5037->3f4de2de-7d09-498f-aead-42327df81d94@group-C7908E81CC6B, cid=1118, SUCCESS, logIndex=1629, commits[3f4de2de-7d09-498f-aead-42327df81d94:c1632]
2019-08-05 04:37:49,513 INFO  client.GrpcClientProtocolClient (GrpcClientProtocolClient.java:onNext(255)) - client-C12DAE7A5037->3f4de2de-7d09-498f-aead-42327df81d94: receive RaftClientReply:client-C12DAE7A5037->3f4de2de-7d09-498f-aead-42327df81d94@group-C7908E81CC6B, cid=1119, SUCCESS, logIndex=1630, commits[3f4de2de-7d09-498f-aead-42327df81d94:c1633]
2019-08-05 04:37:49,513 INFO  client.GrpcClientProtocolClient (GrpcClientProtocolClient.java:onNext(255)) - client-C12DAE7A5037->3f4de2de-7d09-498f-aead-42327df81d94: receive RaftClientReply:client-C12DAE7A5037->3f4de2de-7d09-498f-aead-42327df81d94@group-C7908E81CC6B, cid=1120, SUCCESS, logIndex=1631, commits[3f4de2de-7d09-498f-aead-42327df81d94:c1633]
2019-08-05 04:37:49,523 DEBUG block.SCMBlockDeletingService (SCMBlockDeletingService.java:call(138)) - Running DeletedBlockTransactionScanner
2019-08-05 04:37:49,523 DEBUG block.SCMBlockDeletingService (SCMBlockDeletingService.java:call(155)) - Scanned deleted blocks log and got 0 delTX to process.
2019-08-05 04:37:49,542 INFO  client.GrpcClientProtocolClient (GrpcClientProtocolClient.java:onNext(255)) - client-C12DAE7A5037->3f4de2de-7d09-498f-aead-42327df81d94: receive RaftClientReply:client-C12DAE7A5037->3f4de2de-7d09-498f-aead-42327df81d94@group-C7908E81CC6B, cid=1121, SUCCESS, logIndex=1634, commits[3f4de2de-7d09-498f-aead-42327df81d94:c1637]
2019-08-05 04:37:49,542 INFO  client.GrpcClientProtocolClient (GrpcClientProtocolClient.java:onNext(255)) - client-C12DAE7A5037->3f4de2de-7d09-498f-aead-42327df81d94: receive RaftClientReply:client-C12DAE7A5037->3f4de2de-7d09-498f-aead-42327df81d94@group-C7908E81CC6B, cid=1122, SUCCESS, logIndex=1635, commits[3f4de2de-7d09-498f-aead-42327df81d94:c1638]
2019-08-05 04:37:49,543 INFO  client.GrpcClientProtocolClient (GrpcClientProtocolClient.java:onNext(255)) - client-C12DAE7A5037->3f4de2de-7d09-498f-aead-42327df81d94: receive RaftClientReply:client-C12DAE7A5037->3f4de2de-7d09-498f-aead-42327df81d94@group-C7908E81CC6B, cid=1123, SUCCESS, logIndex=1636, commits[3f4de2de-7d09-498f-aead-42327df81d94:c1638]
2019-08-05 04:37:49,543 INFO  client.GrpcClientProtocolClient (GrpcClientProtocolClient.java:onNext(255)) - client-C12DAE7A5037->3f4de2de-7d09-498f-aead-42327df81d94: receive RaftClientReply:client-C12DAE7A5037->3f4de2de-7d09-498f-aead-42327df81d94@group-C7908E81CC6B, cid=1124, SUCCESS, logIndex=1637, commits[3f4de2de-7d09-498f-aead-42327df81d94:c1638]
2019-08-05 04:37:49,564 INFO  client.GrpcClientProtocolClient (GrpcClientProtocolClient.java:onNext(255)) - client-C12DAE7A5037->3f4de2de-7d09-498f-aead-42327df81d94: receive RaftClientReply:client-C12DAE7A5037->3f4de2de-7d09-498f-aead-42327df81d94@group-C7908E81CC6B, cid=1125, SUCCESS, logIndex=1639, commits[3f4de2de-7d09-498f-aead-42327df81d94:c1642]
2019-08-05 04:37:49,565 INFO  client.GrpcClientProtocolClient (GrpcClientProtocolClient.java:onNext(255)) - client-C12DAE7A5037->3f4de2de-7d09-498f-aead-42327df81d94: receive RaftClientReply:client-C12DAE7A5037->3f4de2de-7d09-498f-aead-42327df81d94@group-C7908E81CC6B, cid=1126, SUCCESS, logIndex=1640, commits[3f4de2de-7d09-498f-aead-42327df81d94:c1643]
2019-08-05 04:37:49,565 INFO  client.GrpcClientProtocolClient (GrpcClientProtocolClient.java:onNext(255)) - client-C12DAE7A5037->3f4de2de-7d09-498f-aead-42327df81d94: receive RaftClientReply:client-C12DAE7A5037->3f4de2de-7d09-498f-aead-42327df81d94@group-C7908E81CC6B, cid=1127, SUCCESS, logIndex=1641, commits[3f4de2de-7d09-498f-aead-42327df81d94:c1643]
2019-08-05 04:37:49,565 INFO  client.GrpcClientProtocolClient (GrpcClientProtocolClient.java:onNext(255)) - client-C12DAE7A5037->3f4de2de-7d09-498f-aead-42327df81d94: receive RaftClientReply:client-C12DAE7A5037->3f4de2de-7d09-498f-aead-42327df81d94@group-C7908E81CC6B, cid=1128, SUCCESS, logIndex=1642, commits[3f4de2de-7d09-498f-aead-42327df81d94:c1643]
2019-08-05 04:37:49,592 INFO  client.GrpcClientProtocolClient (GrpcClientProtocolClient.java:onNext(255)) - client-C12DAE7A5037->3f4de2de-7d09-498f-aead-42327df81d94: receive RaftClientReply:client-C12DAE7A5037->3f4de2de-7d09-498f-aead-42327df81d94@group-C7908E81CC6B, cid=1129, SUCCESS, logIndex=1644, commits[3f4de2de-7d09-498f-aead-42327df81d94:c1645]
2019-08-05 04:37:49,593 INFO  client.GrpcClientProtocolClient (GrpcClientProtocolClient.java:onNext(255)) - client-C12DAE7A5037->3f4de2de-7d09-498f-aead-42327df81d94: receive RaftClientReply:client-C12DAE7A5037->3f4de2de-7d09-498f-aead-42327df81d94@group-C7908E81CC6B, cid=1130, SUCCESS, logIndex=1645, commits[3f4de2de-7d09-498f-aead-42327df81d94:c1645]
2019-08-05 04:37:49,593 INFO  client.GrpcClientProtocolClient (GrpcClientProtocolClient.java:onNext(255)) - client-C12DAE7A5037->3f4de2de-7d09-498f-aead-42327df81d94: receive RaftClientReply:client-C12DAE7A5037->3f4de2de-7d09-498f-aead-42327df81d94@group-C7908E81CC6B, cid=1131, SUCCESS, logIndex=1646, commits[3f4de2de-7d09-498f-aead-42327df81d94:c1647]
2019-08-05 04:37:49,594 INFO  client.GrpcClientProtocolClient (GrpcClientProtocolClient.java:onNext(255)) - client-C12DAE7A5037->3f4de2de-7d09-498f-aead-42327df81d94: receive RaftClientReply:client-C12DAE7A5037->3f4de2de-7d09-498f-aead-42327df81d94@group-C7908E81CC6B, cid=1132, SUCCESS, logIndex=1647, commits[3f4de2de-7d09-498f-aead-42327df81d94:c1647]
2019-08-05 04:37:49,613 INFO  client.GrpcClientProtocolClient (GrpcClientProtocolClient.java:onNext(255)) - client-C12DAE7A5037->3f4de2de-7d09-498f-aead-42327df81d94: receive RaftClientReply:client-C12DAE7A5037->3f4de2de-7d09-498f-aead-42327df81d94@group-C7908E81CC6B, cid=1133, SUCCESS, logIndex=1650, commits[3f4de2de-7d09-498f-aead-42327df81d94:c1653]
2019-08-05 04:37:49,613 INFO  client.GrpcClientProtocolClient (GrpcClientProtocolClient.java:onNext(255)) - client-C12DAE7A5037->3f4de2de-7d09-498f-aead-42327df81d94: receive RaftClientReply:client-C12DAE7A5037->3f4de2de-7d09-498f-aead-42327df81d94@group-C7908E81CC6B, cid=1134, SUCCESS, logIndex=1651, commits[3f4de2de-7d09-498f-aead-42327df81d94:c1654]
2019-08-05 04:37:49,614 INFO  client.GrpcClientProtocolClient (GrpcClientProtocolClient.java:onNext(255)) - client-C12DAE7A5037->3f4de2de-7d09-498f-aead-42327df81d94: receive RaftClientReply:client-C12DAE7A5037->3f4de2de-7d09-498f-aead-42327df81d94@group-C7908E81CC6B, cid=1135, SUCCESS, logIndex=1652, commits[3f4de2de-7d09-498f-aead-42327df81d94:c1654]
2019-08-05 04:37:49,614 INFO  client.GrpcClientProtocolClient (GrpcClientProtocolClient.java:onNext(255)) - client-C12DAE7A5037->3f4de2de-7d09-498f-aead-42327df81d94: receive RaftClientReply:client-C12DAE7A5037->3f4de2de-7d09-498f-aead-42327df81d94@group-C7908E81CC6B, cid=1136, SUCCESS, logIndex=1653, commits[3f4de2de-7d09-498f-aead-42327df81d94:c1654]
2019-08-05 04:37:49,624 DEBUG block.SCMBlockDeletingService (SCMBlockDeletingService.java:call(138)) - Running DeletedBlockTransactionScanner
2019-08-05 04:37:49,624 DEBUG block.SCMBlockDeletingService (SCMBlockDeletingService.java:call(155)) - Scanned deleted blocks log and got 0 delTX to process.
2019-08-05 04:37:49,640 INFO  client.GrpcClientProtocolClient (GrpcClientProtocolClient.java:onNext(255)) - client-C12DAE7A5037->3f4de2de-7d09-498f-aead-42327df81d94: receive RaftClientReply:client-C12DAE7A5037->3f4de2de-7d09-498f-aead-42327df81d94@group-C7908E81CC6B, cid=1137, SUCCESS, logIndex=1655, commits[3f4de2de-7d09-498f-aead-42327df81d94:c1656]
2019-08-05 04:37:49,641 INFO  client.GrpcClientProtocolClient (GrpcClientProtocolClient.java:onNext(255)) - client-C12DAE7A5037->3f4de2de-7d09-498f-aead-42327df81d94: receive RaftClientReply:client-C12DAE7A5037->3f4de2de-7d09-498f-aead-42327df81d94@group-C7908E81CC6B, cid=1138, SUCCESS, logIndex=1656, commits[3f4de2de-7d09-498f-aead-42327df81d94:c1658]
2019-08-05 04:37:49,641 INFO  client.GrpcClientProtocolClient (GrpcClientProtocolClient.java:onNext(255)) - client-C12DAE7A5037->3f4de2de-7d09-498f-aead-42327df81d94: receive RaftClientReply:client-C12DAE7A5037->3f4de2de-7d09-498f-aead-42327df81d94@group-C7908E81CC6B, cid=1139, SUCCESS, logIndex=1657, commits[3f4de2de-7d09-498f-aead-42327df81d94:c1658]
2019-08-05 04:37:49,642 INFO  client.GrpcClientProtocolClient (GrpcClientProtocolClient.java:onNext(255)) - client-C12DAE7A5037->3f4de2de-7d09-498f-aead-42327df81d94: receive RaftClientReply:client-C12DAE7A5037->3f4de2de-7d09-498f-aead-42327df81d94@group-C7908E81CC6B, cid=1140, SUCCESS, logIndex=1658, commits[3f4de2de-7d09-498f-aead-42327df81d94:c1659]
2019-08-05 04:37:49,661 INFO  client.GrpcClientProtocolClient (GrpcClientProtocolClient.java:onNext(255)) - client-C12DAE7A5037->3f4de2de-7d09-498f-aead-42327df81d94: receive RaftClientReply:client-C12DAE7A5037->3f4de2de-7d09-498f-aead-42327df81d94@group-C7908E81CC6B, cid=1141, SUCCESS, logIndex=1661, commits[3f4de2de-7d09-498f-aead-42327df81d94:c1662]
2019-08-05 04:37:49,661 INFO  client.GrpcClientProtocolClient (GrpcClientProtocolClient.java:onNext(255)) - client-C12DAE7A5037->3f4de2de-7d09-498f-aead-42327df81d94: receive RaftClientReply:client-C12DAE7A5037->3f4de2de-7d09-498f-aead-42327df81d94@group-C7908E81CC6B, cid=1142, SUCCESS, logIndex=1662, commits[3f4de2de-7d09-498f-aead-42327df81d94:c1662]
2019-08-05 04:37:49,661 INFO  client.GrpcClientProtocolClient (GrpcClientProtocolClient.java:onNext(255)) - client-C12DAE7A5037->3f4de2de-7d09-498f-aead-42327df81d94: receive RaftClientReply:client-C12DAE7A5037->3f4de2de-7d09-498f-aead-42327df81d94@group-C7908E81CC6B, cid=1143, SUCCESS, logIndex=1663, commits[3f4de2de-7d09-498f-aead-42327df81d94:c1664]
2019-08-05 04:37:49,662 INFO  client.GrpcClientProtocolClient (GrpcClientProtocolClient.java:onNext(255)) - client-C12DAE7A5037->3f4de2de-7d09-498f-aead-42327df81d94: receive RaftClientReply:client-C12DAE7A5037->3f4de2de-7d09-498f-aead-42327df81d94@group-C7908E81CC6B, cid=1144, SUCCESS, logIndex=1664, commits[3f4de2de-7d09-498f-aead-42327df81d94:c1665]
2019-08-05 04:37:49,676 INFO  client.GrpcClientProtocolClient (GrpcClientProtocolClient.java:onNext(255)) - client-C12DAE7A5037->3f4de2de-7d09-498f-aead-42327df81d94: receive RaftClientReply:client-C12DAE7A5037->3f4de2de-7d09-498f-aead-42327df81d94@group-C7908E81CC6B, cid=1145, SUCCESS, logIndex=1667, commits[3f4de2de-7d09-498f-aead-42327df81d94:c1668]
2019-08-05 04:37:49,677 INFO  client.GrpcClientProtocolClient (GrpcClientProtocolClient.java:onNext(255)) - client-C12DAE7A5037->3f4de2de-7d09-498f-aead-42327df81d94: receive RaftClientReply:client-C12DAE7A5037->3f4de2de-7d09-498f-aead-42327df81d94@group-C7908E81CC6B, cid=1146, SUCCESS, logIndex=1668, commits[3f4de2de-7d09-498f-aead-42327df81d94:c1669]
2019-08-05 04:37:49,679 INFO  client.GrpcClientProtocolClient (GrpcClientProtocolClient.java:onNext(255)) - client-C12DAE7A5037->3f4de2de-7d09-498f-aead-42327df81d94: receive RaftClientReply:client-C12DAE7A5037->3f4de2de-7d09-498f-aead-42327df81d94@group-C7908E81CC6B, cid=1147, SUCCESS, logIndex=1670, commits[3f4de2de-7d09-498f-aead-42327df81d94:c1671]
2019-08-05 04:37:49,679 INFO  client.GrpcClientProtocolClient (GrpcClientProtocolClient.java:onNext(255)) - client-C12DAE7A5037->3f4de2de-7d09-498f-aead-42327df81d94: receive RaftClientReply:client-C12DAE7A5037->3f4de2de-7d09-498f-aead-42327df81d94@group-C7908E81CC6B, cid=1148, SUCCESS, logIndex=1671, commits[3f4de2de-7d09-498f-aead-42327df81d94:c1672]
2019-08-05 04:37:49,724 DEBUG block.SCMBlockDeletingService (SCMBlockDeletingService.java:call(138)) - Running DeletedBlockTransactionScanner
2019-08-05 04:37:49,725 DEBUG block.SCMBlockDeletingService (SCMBlockDeletingService.java:call(155)) - Scanned deleted blocks log and got 0 delTX to process.
2019-08-05 04:37:49,825 DEBUG block.SCMBlockDeletingService (SCMBlockDeletingService.java:call(138)) - Running DeletedBlockTransactionScanner
2019-08-05 04:37:49,826 DEBUG block.SCMBlockDeletingService (SCMBlockDeletingService.java:call(155)) - Scanned deleted blocks log and got 0 delTX to process.
2019-08-05 04:37:49,846 INFO  client.GrpcClientProtocolClient (GrpcClientProtocolClient.java:onNext(255)) - client-C12DAE7A5037->3f4de2de-7d09-498f-aead-42327df81d94: receive RaftClientReply:client-C12DAE7A5037->3f4de2de-7d09-498f-aead-42327df81d94@group-C7908E81CC6B, cid=1149, SUCCESS, logIndex=1673, commits[3f4de2de-7d09-498f-aead-42327df81d94:c1676]
2019-08-05 04:37:49,846 INFO  client.GrpcClientProtocolClient (GrpcClientProtocolClient.java:onNext(255)) - client-C12DAE7A5037->3f4de2de-7d09-498f-aead-42327df81d94: receive RaftClientReply:client-C12DAE7A5037->3f4de2de-7d09-498f-aead-42327df81d94@group-C7908E81CC6B, cid=1150, SUCCESS, logIndex=1674, commits[3f4de2de-7d09-498f-aead-42327df81d94:c1677]
2019-08-05 04:37:49,847 INFO  client.GrpcClientProtocolClient (GrpcClientProtocolClient.java:onNext(255)) - client-C12DAE7A5037->3f4de2de-7d09-498f-aead-42327df81d94: receive RaftClientReply:client-C12DAE7A5037->3f4de2de-7d09-498f-aead-42327df81d94@group-C7908E81CC6B, cid=1151, SUCCESS, logIndex=1675, commits[3f4de2de-7d09-498f-aead-42327df81d94:c1677]
2019-08-05 04:37:49,847 INFO  client.GrpcClientProtocolClient (GrpcClientProtocolClient.java:onNext(255)) - client-C12DAE7A5037->3f4de2de-7d09-498f-aead-42327df81d94: receive RaftClientReply:client-C12DAE7A5037->3f4de2de-7d09-498f-aead-42327df81d94@group-C7908E81CC6B, cid=1152, SUCCESS, logIndex=1676, commits[3f4de2de-7d09-498f-aead-42327df81d94:c1677]
2019-08-05 04:37:49,874 INFO  client.GrpcClientProtocolClient (GrpcClientProtocolClient.java:onNext(255)) - client-C12DAE7A5037->3f4de2de-7d09-498f-aead-42327df81d94: receive RaftClientReply:client-C12DAE7A5037->3f4de2de-7d09-498f-aead-42327df81d94@group-C7908E81CC6B, cid=1153, SUCCESS, logIndex=1678, commits[3f4de2de-7d09-498f-aead-42327df81d94:c1679]
2019-08-05 04:37:49,875 INFO  client.GrpcClientProtocolClient (GrpcClientProtocolClient.java:onNext(255)) - client-C12DAE7A5037->3f4de2de-7d09-498f-aead-42327df81d94: receive RaftClientReply:client-C12DAE7A5037->3f4de2de-7d09-498f-aead-42327df81d94@group-C7908E81CC6B, cid=1154, SUCCESS, logIndex=1679, commits[3f4de2de-7d09-498f-aead-42327df81d94:c1679]
2019-08-05 04:37:49,875 INFO  client.GrpcClientProtocolClient (GrpcClientProtocolClient.java:onNext(255)) - client-C12DAE7A5037->3f4de2de-7d09-498f-aead-42327df81d94: receive RaftClientReply:client-C12DAE7A5037->3f4de2de-7d09-498f-aead-42327df81d94@group-C7908E81CC6B, cid=1155, SUCCESS, logIndex=1680, commits[3f4de2de-7d09-498f-aead-42327df81d94:c1681]
2019-08-05 04:37:49,875 INFO  client.GrpcClientProtocolClient (GrpcClientProtocolClient.java:onNext(255)) - client-C12DAE7A5037->3f4de2de-7d09-498f-aead-42327df81d94: receive RaftClientReply:client-C12DAE7A5037->3f4de2de-7d09-498f-aead-42327df81d94@group-C7908E81CC6B, cid=1156, SUCCESS, logIndex=1681, commits[3f4de2de-7d09-498f-aead-42327df81d94:c1681]
2019-08-05 04:37:49,897 INFO  client.GrpcClientProtocolClient (GrpcClientProtocolClient.java:onNext(255)) - client-C12DAE7A5037->3f4de2de-7d09-498f-aead-42327df81d94: receive RaftClientReply:client-C12DAE7A5037->3f4de2de-7d09-498f-aead-42327df81d94@group-C7908E81CC6B, cid=1157, SUCCESS, logIndex=1684, commits[3f4de2de-7d09-498f-aead-42327df81d94:c1685]
2019-08-05 04:37:49,897 INFO  client.GrpcClientProtocolClient (GrpcClientProtocolClient.java:onNext(255)) - client-C12DAE7A5037->3f4de2de-7d09-498f-aead-42327df81d94: receive RaftClientReply:client-C12DAE7A5037->3f4de2de-7d09-498f-aead-42327df81d94@group-C7908E81CC6B, cid=1158, SUCCESS, logIndex=1685, commits[3f4de2de-7d09-498f-aead-42327df81d94:c1687]
2019-08-05 04:37:49,898 INFO  client.GrpcClientProtocolClient (GrpcClientProtocolClient.java:onNext(255)) - client-C12DAE7A5037->3f4de2de-7d09-498f-aead-42327df81d94: receive RaftClientReply:client-C12DAE7A5037->3f4de2de-7d09-498f-aead-42327df81d94@group-C7908E81CC6B, cid=1159, SUCCESS, logIndex=1686, commits[3f4de2de-7d09-498f-aead-42327df81d94:c1687]
2019-08-05 04:37:49,898 INFO  client.GrpcClientProtocolClient (GrpcClientProtocolClient.java:onNext(255)) - client-C12DAE7A5037->3f4de2de-7d09-498f-aead-42327df81d94: receive RaftClientReply:client-C12DAE7A5037->3f4de2de-7d09-498f-aead-42327df81d94@group-C7908E81CC6B, cid=1160, SUCCESS, logIndex=1687, commits[3f4de2de-7d09-498f-aead-42327df81d94:c1688]
2019-08-05 04:37:49,925 INFO  client.GrpcClientProtocolClient (GrpcClientProtocolClient.java:onNext(255)) - client-C12DAE7A5037->3f4de2de-7d09-498f-aead-42327df81d94: receive RaftClientReply:client-C12DAE7A5037->3f4de2de-7d09-498f-aead-42327df81d94@group-C7908E81CC6B, cid=1161, SUCCESS, logIndex=1690, commits[3f4de2de-7d09-498f-aead-42327df81d94:c1691]
2019-08-05 04:37:49,925 INFO  client.GrpcClientProtocolClient (GrpcClientProtocolClient.java:onNext(255)) - client-C12DAE7A5037->3f4de2de-7d09-498f-aead-42327df81d94: receive RaftClientReply:client-C12DAE7A5037->3f4de2de-7d09-498f-aead-42327df81d94@group-C7908E81CC6B, cid=1162, SUCCESS, logIndex=1691, commits[3f4de2de-7d09-498f-aead-42327df81d94:c1694]
2019-08-05 04:37:49,926 DEBUG block.SCMBlockDeletingService (SCMBlockDeletingService.java:call(138)) - Running DeletedBlockTransactionScanner
2019-08-05 04:37:49,926 INFO  client.GrpcClientProtocolClient (GrpcClientProtocolClient.java:onNext(255)) - client-C12DAE7A5037->3f4de2de-7d09-498f-aead-42327df81d94: receive RaftClientReply:client-C12DAE7A5037->3f4de2de-7d09-498f-aead-42327df81d94@group-C7908E81CC6B, cid=1163, SUCCESS, logIndex=1692, commits[3f4de2de-7d09-498f-aead-42327df81d94:c1694]
2019-08-05 04:37:49,926 DEBUG block.SCMBlockDeletingService (SCMBlockDeletingService.java:call(155)) - Scanned deleted blocks log and got 0 delTX to process.
2019-08-05 04:37:49,926 INFO  client.GrpcClientProtocolClient (GrpcClientProtocolClient.java:onNext(255)) - client-C12DAE7A5037->3f4de2de-7d09-498f-aead-42327df81d94: receive RaftClientReply:client-C12DAE7A5037->3f4de2de-7d09-498f-aead-42327df81d94@group-C7908E81CC6B, cid=1164, SUCCESS, logIndex=1693, commits[3f4de2de-7d09-498f-aead-42327df81d94:c1695]
2019-08-05 04:37:49,945 INFO  client.GrpcClientProtocolClient (GrpcClientProtocolClient.java:onNext(255)) - client-C12DAE7A5037->3f4de2de-7d09-498f-aead-42327df81d94: receive RaftClientReply:client-C12DAE7A5037->3f4de2de-7d09-498f-aead-42327df81d94@group-C7908E81CC6B, cid=1165, SUCCESS, logIndex=1696, commits[3f4de2de-7d09-498f-aead-42327df81d94:c1697]
2019-08-05 04:37:49,945 INFO  client.GrpcClientProtocolClient (GrpcClientProtocolClient.java:onNext(255)) - client-C12DAE7A5037->3f4de2de-7d09-498f-aead-42327df81d94: receive RaftClientReply:client-C12DAE7A5037->3f4de2de-7d09-498f-aead-42327df81d94@group-C7908E81CC6B, cid=1166, SUCCESS, logIndex=1697, commits[3f4de2de-7d09-498f-aead-42327df81d94:c1699]
2019-08-05 04:37:49,946 INFO  client.GrpcClientProtocolClient (GrpcClientProtocolClient.java:onNext(255)) - client-C12DAE7A5037->3f4de2de-7d09-498f-aead-42327df81d94: receive RaftClientReply:client-C12DAE7A5037->3f4de2de-7d09-498f-aead-42327df81d94@group-C7908E81CC6B, cid=1167, SUCCESS, logIndex=1698, commits[3f4de2de-7d09-498f-aead-42327df81d94:c1700]
2019-08-05 04:37:49,946 INFO  client.GrpcClientProtocolClient (GrpcClientProtocolClient.java:onNext(255)) - client-C12DAE7A5037->3f4de2de-7d09-498f-aead-42327df81d94: receive RaftClientReply:client-C12DAE7A5037->3f4de2de-7d09-498f-aead-42327df81d94@group-C7908E81CC6B, cid=1168, SUCCESS, logIndex=1699, commits[3f4de2de-7d09-498f-aead-42327df81d94:c1700]
2019-08-05 04:37:50,027 DEBUG block.SCMBlockDeletingService (SCMBlockDeletingService.java:call(138)) - Running DeletedBlockTransactionScanner
2019-08-05 04:37:50,027 DEBUG block.SCMBlockDeletingService (SCMBlockDeletingService.java:call(155)) - Scanned deleted blocks log and got 0 delTX to process.
2019-08-05 04:37:50,032 INFO  client.GrpcClientProtocolClient (GrpcClientProtocolClient.java:onNext(255)) - client-C12DAE7A5037->3f4de2de-7d09-498f-aead-42327df81d94: receive RaftClientReply:client-C12DAE7A5037->3f4de2de-7d09-498f-aead-42327df81d94@group-C7908E81CC6B, cid=1169, SUCCESS, logIndex=1702, commits[3f4de2de-7d09-498f-aead-42327df81d94:c1703]
2019-08-05 04:37:50,033 INFO  client.GrpcClientProtocolClient (GrpcClientProtocolClient.java:onNext(255)) - client-C12DAE7A5037->3f4de2de-7d09-498f-aead-42327df81d94: receive RaftClientReply:client-C12DAE7A5037->3f4de2de-7d09-498f-aead-42327df81d94@group-C7908E81CC6B, cid=1170, SUCCESS, logIndex=1703, commits[3f4de2de-7d09-498f-aead-42327df81d94:c1706]
2019-08-05 04:37:50,034 INFO  client.GrpcClientProtocolClient (GrpcClientProtocolClient.java:onNext(255)) - client-C12DAE7A5037->3f4de2de-7d09-498f-aead-42327df81d94: receive RaftClientReply:client-C12DAE7A5037->3f4de2de-7d09-498f-aead-42327df81d94@group-C7908E81CC6B, cid=1171, SUCCESS, logIndex=1704, commits[3f4de2de-7d09-498f-aead-42327df81d94:c1706]
2019-08-05 04:37:50,034 INFO  client.GrpcClientProtocolClient (GrpcClientProtocolClient.java:onNext(255)) - client-C12DAE7A5037->3f4de2de-7d09-498f-aead-42327df81d94: receive RaftClientReply:client-C12DAE7A5037->3f4de2de-7d09-498f-aead-42327df81d94@group-C7908E81CC6B, cid=1172, SUCCESS, logIndex=1705, commits[3f4de2de-7d09-498f-aead-42327df81d94:c1707]
2019-08-05 04:37:50,056 INFO  client.GrpcClientProtocolClient (GrpcClientProtocolClient.java:onNext(255)) - client-C12DAE7A5037->3f4de2de-7d09-498f-aead-42327df81d94: receive RaftClientReply:client-C12DAE7A5037->3f4de2de-7d09-498f-aead-42327df81d94@group-C7908E81CC6B, cid=1173, SUCCESS, logIndex=1708, commits[3f4de2de-7d09-498f-aead-42327df81d94:c1709]
2019-08-05 04:37:50,056 INFO  client.GrpcClientProtocolClient (GrpcClientProtocolClient.java:onNext(255)) - client-C12DAE7A5037->3f4de2de-7d09-498f-aead-42327df81d94: receive RaftClientReply:client-C12DAE7A5037->3f4de2de-7d09-498f-aead-42327df81d94@group-C7908E81CC6B, cid=1174, SUCCESS, logIndex=1709, commits[3f4de2de-7d09-498f-aead-42327df81d94:c1711]
2019-08-05 04:37:50,056 INFO  client.GrpcClientProtocolClient (GrpcClientProtocolClient.java:onNext(255)) - client-C12DAE7A5037->3f4de2de-7d09-498f-aead-42327df81d94: receive RaftClientReply:client-C12DAE7A5037->3f4de2de-7d09-498f-aead-42327df81d94@group-C7908E81CC6B, cid=1175, SUCCESS, logIndex=1710, commits[3f4de2de-7d09-498f-aead-42327df81d94:c1711]
2019-08-05 04:37:50,057 INFO  client.GrpcClientProtocolClient (GrpcClientProtocolClient.java:onNext(255)) - client-C12DAE7A5037->3f4de2de-7d09-498f-aead-42327df81d94: receive RaftClientReply:client-C12DAE7A5037->3f4de2de-7d09-498f-aead-42327df81d94@group-C7908E81CC6B, cid=1176, SUCCESS, logIndex=1711, commits[3f4de2de-7d09-498f-aead-42327df81d94:c1712]
2019-08-05 04:37:50,085 INFO  client.GrpcClientProtocolClient (GrpcClientProtocolClient.java:onNext(255)) - client-C12DAE7A5037->3f4de2de-7d09-498f-aead-42327df81d94: receive RaftClientReply:client-C12DAE7A5037->3f4de2de-7d09-498f-aead-42327df81d94@group-C7908E81CC6B, cid=1177, SUCCESS, logIndex=1714, commits[3f4de2de-7d09-498f-aead-42327df81d94:c1715]
2019-08-05 04:37:50,086 INFO  client.GrpcClientProtocolClient (GrpcClientProtocolClient.java:onNext(255)) - client-C12DAE7A5037->3f4de2de-7d09-498f-aead-42327df81d94: receive RaftClientReply:client-C12DAE7A5037->3f4de2de-7d09-498f-aead-42327df81d94@group-C7908E81CC6B, cid=1178, SUCCESS, logIndex=1715, commits[3f4de2de-7d09-498f-aead-42327df81d94:c1717]
2019-08-05 04:37:50,086 INFO  client.GrpcClientProtocolClient (GrpcClientProtocolClient.java:onNext(255)) - client-C12DAE7A5037->3f4de2de-7d09-498f-aead-42327df81d94: receive RaftClientReply:client-C12DAE7A5037->3f4de2de-7d09-498f-aead-42327df81d94@group-C7908E81CC6B, cid=1179, SUCCESS, logIndex=1716, commits[3f4de2de-7d09-498f-aead-42327df81d94:c1718]
2019-08-05 04:37:50,087 INFO  client.GrpcClientProtocolClient (GrpcClientProtocolClient.java:onNext(255)) - client-C12DAE7A5037->3f4de2de-7d09-498f-aead-42327df81d94: receive RaftClientReply:client-C12DAE7A5037->3f4de2de-7d09-498f-aead-42327df81d94@group-C7908E81CC6B, cid=1180, SUCCESS, logIndex=1717, commits[3f4de2de-7d09-498f-aead-42327df81d94:c1719]
2019-08-05 04:37:50,108 INFO  client.GrpcClientProtocolClient (GrpcClientProtocolClient.java:onNext(255)) - client-C12DAE7A5037->3f4de2de-7d09-498f-aead-42327df81d94: receive RaftClientReply:client-C12DAE7A5037->3f4de2de-7d09-498f-aead-42327df81d94@group-C7908E81CC6B, cid=1181, SUCCESS, logIndex=1720, commits[3f4de2de-7d09-498f-aead-42327df81d94:c1721]
2019-08-05 04:37:50,109 INFO  client.GrpcClientProtocolClient (GrpcClientProtocolClient.java:onNext(255)) - client-C12DAE7A5037->3f4de2de-7d09-498f-aead-42327df81d94: receive RaftClientReply:client-C12DAE7A5037->3f4de2de-7d09-498f-aead-42327df81d94@group-C7908E81CC6B, cid=1182, SUCCESS, logIndex=1721, commits[3f4de2de-7d09-498f-aead-42327df81d94:c1723]
2019-08-05 04:37:50,109 INFO  client.GrpcClientProtocolClient (GrpcClientProtocolClient.java:onNext(255)) - client-C12DAE7A5037->3f4de2de-7d09-498f-aead-42327df81d94: receive RaftClientReply:client-C12DAE7A5037->3f4de2de-7d09-498f-aead-42327df81d94@group-C7908E81CC6B, cid=1183, SUCCESS, logIndex=1722, commits[3f4de2de-7d09-498f-aead-42327df81d94:c1724]
2019-08-05 04:37:50,109 INFO  client.GrpcClientProtocolClient (GrpcClientProtocolClient.java:onNext(255)) - client-C12DAE7A5037->3f4de2de-7d09-498f-aead-42327df81d94: receive RaftClientReply:client-C12DAE7A5037->3f4de2de-7d09-498f-aead-42327df81d94@group-C7908E81CC6B, cid=1184, SUCCESS, logIndex=1723, commits[3f4de2de-7d09-498f-aead-42327df81d94:c1725]
2019-08-05 04:37:50,127 DEBUG block.SCMBlockDeletingService (SCMBlockDeletingService.java:call(138)) - Running DeletedBlockTransactionScanner
2019-08-05 04:37:50,128 DEBUG block.SCMBlockDeletingService (SCMBlockDeletingService.java:call(155)) - Scanned deleted blocks log and got 0 delTX to process.
2019-08-05 04:37:50,131 INFO  client.GrpcClientProtocolClient (GrpcClientProtocolClient.java:onNext(255)) - client-C12DAE7A5037->3f4de2de-7d09-498f-aead-42327df81d94: receive RaftClientReply:client-C12DAE7A5037->3f4de2de-7d09-498f-aead-42327df81d94@group-C7908E81CC6B, cid=1185, SUCCESS, logIndex=1726, commits[3f4de2de-7d09-498f-aead-42327df81d94:c1727]
2019-08-05 04:37:50,132 INFO  client.GrpcClientProtocolClient (GrpcClientProtocolClient.java:onNext(255)) - client-C12DAE7A5037->3f4de2de-7d09-498f-aead-42327df81d94: receive RaftClientReply:client-C12DAE7A5037->3f4de2de-7d09-498f-aead-42327df81d94@group-C7908E81CC6B, cid=1186, SUCCESS, logIndex=1727, commits[3f4de2de-7d09-498f-aead-42327df81d94:c1727]
2019-08-05 04:37:50,139 INFO  client.GrpcClientProtocolClient (GrpcClientProtocolClient.java:onNext(255)) - client-C12DAE7A5037->3f4de2de-7d09-498f-aead-42327df81d94: receive RaftClientReply:client-C12DAE7A5037->3f4de2de-7d09-498f-aead-42327df81d94@group-C7908E81CC6B, cid=1187, SUCCESS, logIndex=1728, commits[3f4de2de-7d09-498f-aead-42327df81d94:c1729]
2019-08-05 04:37:50,139 INFO  client.GrpcClientProtocolClient (GrpcClientProtocolClient.java:onNext(255)) - client-C12DAE7A5037->3f4de2de-7d09-498f-aead-42327df81d94: receive RaftClientReply:client-C12DAE7A5037->3f4de2de-7d09-498f-aead-42327df81d94@group-C7908E81CC6B, cid=1188, SUCCESS, logIndex=1729, commits[3f4de2de-7d09-498f-aead-42327df81d94:c1730]
2019-08-05 04:37:50,160 INFO  client.GrpcClientProtocolClient (GrpcClientProtocolClient.java:onNext(255)) - client-C12DAE7A5037->3f4de2de-7d09-498f-aead-42327df81d94: receive RaftClientReply:client-C12DAE7A5037->3f4de2de-7d09-498f-aead-42327df81d94@group-C7908E81CC6B, cid=1189, SUCCESS, logIndex=1732, commits[3f4de2de-7d09-498f-aead-42327df81d94:c1733]
2019-08-05 04:37:50,160 INFO  client.GrpcClientProtocolClient (GrpcClientProtocolClient.java:onNext(255)) - client-C12DAE7A5037->3f4de2de-7d09-498f-aead-42327df81d94: receive RaftClientReply:client-C12DAE7A5037->3f4de2de-7d09-498f-aead-42327df81d94@group-C7908E81CC6B, cid=1190, SUCCESS, logIndex=1733, commits[3f4de2de-7d09-498f-aead-42327df81d94:c1735]
2019-08-05 04:37:50,161 INFO  client.GrpcClientProtocolClient (GrpcClientProtocolClient.java:onNext(255)) - client-C12DAE7A5037->3f4de2de-7d09-498f-aead-42327df81d94: receive RaftClientReply:client-C12DAE7A5037->3f4de2de-7d09-498f-aead-42327df81d94@group-C7908E81CC6B, cid=1191, SUCCESS, logIndex=1734, commits[3f4de2de-7d09-498f-aead-42327df81d94:c1735]
2019-08-05 04:37:50,161 INFO  client.GrpcClientProtocolClient (GrpcClientProtocolClient.java:onNext(255)) - client-C12DAE7A5037->3f4de2de-7d09-498f-aead-42327df81d94: receive RaftClientReply:client-C12DAE7A5037->3f4de2de-7d09-498f-aead-42327df81d94@group-C7908E81CC6B, cid=1192, SUCCESS, logIndex=1735, commits[3f4de2de-7d09-498f-aead-42327df81d94:c1736]
2019-08-05 04:37:50,228 DEBUG block.SCMBlockDeletingService (SCMBlockDeletingService.java:call(138)) - Running DeletedBlockTransactionScanner
2019-08-05 04:37:50,229 DEBUG block.SCMBlockDeletingService (SCMBlockDeletingService.java:call(155)) - Scanned deleted blocks log and got 0 delTX to process.
2019-08-05 04:37:50,294 INFO  client.GrpcClientProtocolClient (GrpcClientProtocolClient.java:onNext(255)) - client-C12DAE7A5037->3f4de2de-7d09-498f-aead-42327df81d94: receive RaftClientReply:client-C12DAE7A5037->3f4de2de-7d09-498f-aead-42327df81d94@group-C7908E81CC6B, cid=1193, SUCCESS, logIndex=1738, commits[3f4de2de-7d09-498f-aead-42327df81d94:c1739]
2019-08-05 04:37:50,295 INFO  client.GrpcClientProtocolClient (GrpcClientProtocolClient.java:onNext(255)) - client-C12DAE7A5037->3f4de2de-7d09-498f-aead-42327df81d94: receive RaftClientReply:client-C12DAE7A5037->3f4de2de-7d09-498f-aead-42327df81d94@group-C7908E81CC6B, cid=1194, SUCCESS, logIndex=1739, commits[3f4de2de-7d09-498f-aead-42327df81d94:c1741]
2019-08-05 04:37:50,295 INFO  client.GrpcClientProtocolClient (GrpcClientProtocolClient.java:onNext(255)) - client-C12DAE7A5037->3f4de2de-7d09-498f-aead-42327df81d94: receive RaftClientReply:client-C12DAE7A5037->3f4de2de-7d09-498f-aead-42327df81d94@group-C7908E81CC6B, cid=1195, SUCCESS, logIndex=1740, commits[3f4de2de-7d09-498f-aead-42327df81d94:c1742]
2019-08-05 04:37:50,295 INFO  client.GrpcClientProtocolClient (GrpcClientProtocolClient.java:onNext(255)) - client-C12DAE7A5037->3f4de2de-7d09-498f-aead-42327df81d94: receive RaftClientReply:client-C12DAE7A5037->3f4de2de-7d09-498f-aead-42327df81d94@group-C7908E81CC6B, cid=1196, SUCCESS, logIndex=1741, commits[3f4de2de-7d09-498f-aead-42327df81d94:c1743]
2019-08-05 04:37:50,318 INFO  client.GrpcClientProtocolClient (GrpcClientProtocolClient.java:onNext(255)) - client-C12DAE7A5037->3f4de2de-7d09-498f-aead-42327df81d94: receive RaftClientReply:client-C12DAE7A5037->3f4de2de-7d09-498f-aead-42327df81d94@group-C7908E81CC6B, cid=1197, SUCCESS, logIndex=1744, commits[3f4de2de-7d09-498f-aead-42327df81d94:c1747]
2019-08-05 04:37:50,318 INFO  client.GrpcClientProtocolClient (GrpcClientProtocolClient.java:onNext(255)) - client-C12DAE7A5037->3f4de2de-7d09-498f-aead-42327df81d94: receive RaftClientReply:client-C12DAE7A5037->3f4de2de-7d09-498f-aead-42327df81d94@group-C7908E81CC6B, cid=1198, SUCCESS, logIndex=1745, commits[3f4de2de-7d09-498f-aead-42327df81d94:c1748]
2019-08-05 04:37:50,318 INFO  client.GrpcClientProtocolClient (GrpcClientProtocolClient.java:onNext(255)) - client-C12DAE7A5037->3f4de2de-7d09-498f-aead-42327df81d94: receive RaftClientReply:client-C12DAE7A5037->3f4de2de-7d09-498f-aead-42327df81d94@group-C7908E81CC6B, cid=1199, SUCCESS, logIndex=1746, commits[3f4de2de-7d09-498f-aead-42327df81d94:c1748]
2019-08-05 04:37:50,319 INFO  client.GrpcClientProtocolClient (GrpcClientProtocolClient.java:onNext(255)) - client-C12DAE7A5037->3f4de2de-7d09-498f-aead-42327df81d94: receive RaftClientReply:client-C12DAE7A5037->3f4de2de-7d09-498f-aead-42327df81d94@group-C7908E81CC6B, cid=1200, SUCCESS, logIndex=1747, commits[3f4de2de-7d09-498f-aead-42327df81d94:c1748]
2019-08-05 04:37:50,329 DEBUG block.SCMBlockDeletingService (SCMBlockDeletingService.java:call(138)) - Running DeletedBlockTransactionScanner
2019-08-05 04:37:50,329 DEBUG block.SCMBlockDeletingService (SCMBlockDeletingService.java:call(155)) - Scanned deleted blocks log and got 0 delTX to process.
2019-08-05 04:37:50,345 INFO  client.GrpcClientProtocolClient (GrpcClientProtocolClient.java:onNext(255)) - client-C12DAE7A5037->3f4de2de-7d09-498f-aead-42327df81d94: receive RaftClientReply:client-C12DAE7A5037->3f4de2de-7d09-498f-aead-42327df81d94@group-C7908E81CC6B, cid=1201, SUCCESS, logIndex=1749, commits[3f4de2de-7d09-498f-aead-42327df81d94:c1750]
2019-08-05 04:37:50,346 INFO  client.GrpcClientProtocolClient (GrpcClientProtocolClient.java:onNext(255)) - client-C12DAE7A5037->3f4de2de-7d09-498f-aead-42327df81d94: receive RaftClientReply:client-C12DAE7A5037->3f4de2de-7d09-498f-aead-42327df81d94@group-C7908E81CC6B, cid=1202, SUCCESS, logIndex=1750, commits[3f4de2de-7d09-498f-aead-42327df81d94:c1752]
2019-08-05 04:37:50,346 INFO  client.GrpcClientProtocolClient (GrpcClientProtocolClient.java:onNext(255)) - client-C12DAE7A5037->3f4de2de-7d09-498f-aead-42327df81d94: receive RaftClientReply:client-C12DAE7A5037->3f4de2de-7d09-498f-aead-42327df81d94@group-C7908E81CC6B, cid=1203, SUCCESS, logIndex=1751, commits[3f4de2de-7d09-498f-aead-42327df81d94:c1753]
2019-08-05 04:37:50,346 INFO  client.GrpcClientProtocolClient (GrpcClientProtocolClient.java:onNext(255)) - client-C12DAE7A5037->3f4de2de-7d09-498f-aead-42327df81d94: receive RaftClientReply:client-C12DAE7A5037->3f4de2de-7d09-498f-aead-42327df81d94@group-C7908E81CC6B, cid=1204, SUCCESS, logIndex=1752, commits[3f4de2de-7d09-498f-aead-42327df81d94:c1754]
2019-08-05 04:37:50,374 INFO  client.GrpcClientProtocolClient (GrpcClientProtocolClient.java:onNext(255)) - client-C12DAE7A5037->3f4de2de-7d09-498f-aead-42327df81d94: receive RaftClientReply:client-C12DAE7A5037->3f4de2de-7d09-498f-aead-42327df81d94@group-C7908E81CC6B, cid=1205, SUCCESS, logIndex=1755, commits[3f4de2de-7d09-498f-aead-42327df81d94:c1756]
2019-08-05 04:37:50,374 INFO  client.GrpcClientProtocolClient (GrpcClientProtocolClient.java:onNext(255)) - client-C12DAE7A5037->3f4de2de-7d09-498f-aead-42327df81d94: receive RaftClientReply:client-C12DAE7A5037->3f4de2de-7d09-498f-aead-42327df81d94@group-C7908E81CC6B, cid=1206, SUCCESS, logIndex=1756, commits[3f4de2de-7d09-498f-aead-42327df81d94:c1756]
2019-08-05 04:37:50,384 INFO  client.GrpcClientProtocolClient (GrpcClientProtocolClient.java:onNext(255)) - client-C12DAE7A5037->3f4de2de-7d09-498f-aead-42327df81d94: receive RaftClientReply:client-C12DAE7A5037->3f4de2de-7d09-498f-aead-42327df81d94@group-C7908E81CC6B, cid=1207, SUCCESS, logIndex=1757, commits[3f4de2de-7d09-498f-aead-42327df81d94:c1758]
2019-08-05 04:37:50,385 INFO  client.GrpcClientProtocolClient (GrpcClientProtocolClient.java:onNext(255)) - client-C12DAE7A5037->3f4de2de-7d09-498f-aead-42327df81d94: receive RaftClientReply:client-C12DAE7A5037->3f4de2de-7d09-498f-aead-42327df81d94@group-C7908E81CC6B, cid=1208, SUCCESS, logIndex=1758, commits[3f4de2de-7d09-498f-aead-42327df81d94:c1759]
2019-08-05 04:37:50,417 INFO  client.GrpcClientProtocolClient (GrpcClientProtocolClient.java:onNext(255)) - client-C12DAE7A5037->3f4de2de-7d09-498f-aead-42327df81d94: receive RaftClientReply:client-C12DAE7A5037->3f4de2de-7d09-498f-aead-42327df81d94@group-C7908E81CC6B, cid=1209, SUCCESS, logIndex=1761, commits[3f4de2de-7d09-498f-aead-42327df81d94:c1764]
2019-08-05 04:37:50,418 INFO  client.GrpcClientProtocolClient (GrpcClientProtocolClient.java:onNext(255)) - client-C12DAE7A5037->3f4de2de-7d09-498f-aead-42327df81d94: receive RaftClientReply:client-C12DAE7A5037->3f4de2de-7d09-498f-aead-42327df81d94@group-C7908E81CC6B, cid=1210, SUCCESS, logIndex=1762, commits[3f4de2de-7d09-498f-aead-42327df81d94:c1765]
2019-08-05 04:37:50,418 INFO  client.GrpcClientProtocolClient (GrpcClientProtocolClient.java:onNext(255)) - client-C12DAE7A5037->3f4de2de-7d09-498f-aead-42327df81d94: receive RaftClientReply:client-C12DAE7A5037->3f4de2de-7d09-498f-aead-42327df81d94@group-C7908E81CC6B, cid=1211, SUCCESS, logIndex=1763, commits[3f4de2de-7d09-498f-aead-42327df81d94:c1765]
2019-08-05 04:37:50,419 INFO  client.GrpcClientProtocolClient (GrpcClientProtocolClient.java:onNext(255)) - client-C12DAE7A5037->3f4de2de-7d09-498f-aead-42327df81d94: receive RaftClientReply:client-C12DAE7A5037->3f4de2de-7d09-498f-aead-42327df81d94@group-C7908E81CC6B, cid=1212, SUCCESS, logIndex=1764, commits[3f4de2de-7d09-498f-aead-42327df81d94:c1765]
2019-08-05 04:37:50,430 DEBUG block.SCMBlockDeletingService (SCMBlockDeletingService.java:call(138)) - Running DeletedBlockTransactionScanner
2019-08-05 04:37:50,430 DEBUG block.SCMBlockDeletingService (SCMBlockDeletingService.java:call(155)) - Scanned deleted blocks log and got 0 delTX to process.
2019-08-05 04:37:50,440 INFO  client.GrpcClientProtocolClient (GrpcClientProtocolClient.java:onNext(255)) - client-C12DAE7A5037->3f4de2de-7d09-498f-aead-42327df81d94: receive RaftClientReply:client-C12DAE7A5037->3f4de2de-7d09-498f-aead-42327df81d94@group-C7908E81CC6B, cid=1213, SUCCESS, logIndex=1766, commits[3f4de2de-7d09-498f-aead-42327df81d94:c1767]
2019-08-05 04:37:50,440 INFO  client.GrpcClientProtocolClient (GrpcClientProtocolClient.java:onNext(255)) - client-C12DAE7A5037->3f4de2de-7d09-498f-aead-42327df81d94: receive RaftClientReply:client-C12DAE7A5037->3f4de2de-7d09-498f-aead-42327df81d94@group-C7908E81CC6B, cid=1214, SUCCESS, logIndex=1767, commits[3f4de2de-7d09-498f-aead-42327df81d94:c1769]
2019-08-05 04:37:50,441 INFO  client.GrpcClientProtocolClient (GrpcClientProtocolClient.java:onNext(255)) - client-C12DAE7A5037->3f4de2de-7d09-498f-aead-42327df81d94: receive RaftClientReply:client-C12DAE7A5037->3f4de2de-7d09-498f-aead-42327df81d94@group-C7908E81CC6B, cid=1215, SUCCESS, logIndex=1768, commits[3f4de2de-7d09-498f-aead-42327df81d94:c1769]
2019-08-05 04:37:50,441 INFO  client.GrpcClientProtocolClient (GrpcClientProtocolClient.java:onNext(255)) - client-C12DAE7A5037->3f4de2de-7d09-498f-aead-42327df81d94: receive RaftClientReply:client-C12DAE7A5037->3f4de2de-7d09-498f-aead-42327df81d94@group-C7908E81CC6B, cid=1216, SUCCESS, logIndex=1769, commits[3f4de2de-7d09-498f-aead-42327df81d94:c1770]
2019-08-05 04:37:50,468 INFO  client.GrpcClientProtocolClient (GrpcClientProtocolClient.java:onNext(255)) - client-C12DAE7A5037->3f4de2de-7d09-498f-aead-42327df81d94: receive RaftClientReply:client-C12DAE7A5037->3f4de2de-7d09-498f-aead-42327df81d94@group-C7908E81CC6B, cid=1217, SUCCESS, logIndex=1772, commits[3f4de2de-7d09-498f-aead-42327df81d94:c1773]
2019-08-05 04:37:50,468 INFO  client.GrpcClientProtocolClient (GrpcClientProtocolClient.java:onNext(255)) - client-C12DAE7A5037->3f4de2de-7d09-498f-aead-42327df81d94: receive RaftClientReply:client-C12DAE7A5037->3f4de2de-7d09-498f-aead-42327df81d94@group-C7908E81CC6B, cid=1218, SUCCESS, logIndex=1773, commits[3f4de2de-7d09-498f-aead-42327df81d94:c1773]
2019-08-05 04:37:50,470 INFO  client.GrpcClientProtocolClient (GrpcClientProtocolClient.java:onNext(255)) - client-C12DAE7A5037->3f4de2de-7d09-498f-aead-42327df81d94: receive RaftClientReply:client-C12DAE7A5037->3f4de2de-7d09-498f-aead-42327df81d94@group-C7908E81CC6B, cid=1219, SUCCESS, logIndex=1774, commits[3f4de2de-7d09-498f-aead-42327df81d94:c1775]
2019-08-05 04:37:50,471 INFO  client.GrpcClientProtocolClient (GrpcClientProtocolClient.java:onNext(255)) - client-C12DAE7A5037->3f4de2de-7d09-498f-aead-42327df81d94: receive RaftClientReply:client-C12DAE7A5037->3f4de2de-7d09-498f-aead-42327df81d94@group-C7908E81CC6B, cid=1220, SUCCESS, logIndex=1775, commits[3f4de2de-7d09-498f-aead-42327df81d94:c1776]
2019-08-05 04:37:50,490 INFO  client.GrpcClientProtocolClient (GrpcClientProtocolClient.java:onNext(255)) - client-C12DAE7A5037->3f4de2de-7d09-498f-aead-42327df81d94: receive RaftClientReply:client-C12DAE7A5037->3f4de2de-7d09-498f-aead-42327df81d94@group-C7908E81CC6B, cid=1221, SUCCESS, logIndex=1778, commits[3f4de2de-7d09-498f-aead-42327df81d94:c1779]
2019-08-05 04:37:50,554 DEBUG block.SCMBlockDeletingService (SCMBlockDeletingService.java:call(138)) - Running DeletedBlockTransactionScanner
2019-08-05 04:37:50,554 INFO  client.GrpcClientProtocolClient (GrpcClientProtocolClient.java:onNext(255)) - client-C12DAE7A5037->3f4de2de-7d09-498f-aead-42327df81d94: receive RaftClientReply:client-C12DAE7A5037->3f4de2de-7d09-498f-aead-42327df81d94@group-C7908E81CC6B, cid=1222, SUCCESS, logIndex=1779, commits[3f4de2de-7d09-498f-aead-42327df81d94:c1781]
2019-08-05 04:37:50,554 DEBUG block.SCMBlockDeletingService (SCMBlockDeletingService.java:call(155)) - Scanned deleted blocks log and got 0 delTX to process.
2019-08-05 04:37:50,555 INFO  client.GrpcClientProtocolClient (GrpcClientProtocolClient.java:onNext(255)) - client-C12DAE7A5037->3f4de2de-7d09-498f-aead-42327df81d94: receive RaftClientReply:client-C12DAE7A5037->3f4de2de-7d09-498f-aead-42327df81d94@group-C7908E81CC6B, cid=1223, SUCCESS, logIndex=1780, commits[3f4de2de-7d09-498f-aead-42327df81d94:c1781]
2019-08-05 04:37:50,557 INFO  client.GrpcClientProtocolClient (GrpcClientProtocolClient.java:onNext(255)) - client-C12DAE7A5037->3f4de2de-7d09-498f-aead-42327df81d94: receive RaftClientReply:client-C12DAE7A5037->3f4de2de-7d09-498f-aead-42327df81d94@group-C7908E81CC6B, cid=1224, SUCCESS, logIndex=1781, commits[3f4de2de-7d09-498f-aead-42327df81d94:c1781]
2019-08-05 04:37:50,587 INFO  client.GrpcClientProtocolClient (GrpcClientProtocolClient.java:onNext(255)) - client-C12DAE7A5037->3f4de2de-7d09-498f-aead-42327df81d94: receive RaftClientReply:client-C12DAE7A5037->3f4de2de-7d09-498f-aead-42327df81d94@group-C7908E81CC6B, cid=1225, SUCCESS, logIndex=1784, commits[3f4de2de-7d09-498f-aead-42327df81d94:c1785]
2019-08-05 04:37:50,587 INFO  client.GrpcClientProtocolClient (GrpcClientProtocolClient.java:onNext(255)) - client-C12DAE7A5037->3f4de2de-7d09-498f-aead-42327df81d94: receive RaftClientReply:client-C12DAE7A5037->3f4de2de-7d09-498f-aead-42327df81d94@group-C7908E81CC6B, cid=1226, SUCCESS, logIndex=1785, commits[3f4de2de-7d09-498f-aead-42327df81d94:c1787]
2019-08-05 04:37:50,588 INFO  client.GrpcClientProtocolClient (GrpcClientProtocolClient.java:onNext(255)) - client-C12DAE7A5037->3f4de2de-7d09-498f-aead-42327df81d94: receive RaftClientReply:client-C12DAE7A5037->3f4de2de-7d09-498f-aead-42327df81d94@group-C7908E81CC6B, cid=1227, SUCCESS, logIndex=1786, commits[3f4de2de-7d09-498f-aead-42327df81d94:c1787]
2019-08-05 04:37:50,588 INFO  client.GrpcClientProtocolClient (GrpcClientProtocolClient.java:onNext(255)) - client-C12DAE7A5037->3f4de2de-7d09-498f-aead-42327df81d94: receive RaftClientReply:client-C12DAE7A5037->3f4de2de-7d09-498f-aead-42327df81d94@group-C7908E81CC6B, cid=1228, SUCCESS, logIndex=1787, commits[3f4de2de-7d09-498f-aead-42327df81d94:c1787]
2019-08-05 04:37:50,613 INFO  client.GrpcClientProtocolClient (GrpcClientProtocolClient.java:onNext(255)) - client-C12DAE7A5037->3f4de2de-7d09-498f-aead-42327df81d94: receive RaftClientReply:client-C12DAE7A5037->3f4de2de-7d09-498f-aead-42327df81d94@group-C7908E81CC6B, cid=1229, SUCCESS, logIndex=1790, commits[3f4de2de-7d09-498f-aead-42327df81d94:c1791]
2019-08-05 04:37:50,614 INFO  client.GrpcClientProtocolClient (GrpcClientProtocolClient.java:onNext(255)) - client-C12DAE7A5037->3f4de2de-7d09-498f-aead-42327df81d94: receive RaftClientReply:client-C12DAE7A5037->3f4de2de-7d09-498f-aead-42327df81d94@group-C7908E81CC6B, cid=1230, SUCCESS, logIndex=1791, commits[3f4de2de-7d09-498f-aead-42327df81d94:c1793]
2019-08-05 04:37:50,614 INFO  client.GrpcClientProtocolClient (GrpcClientProtocolClient.java:onNext(255)) - client-C12DAE7A5037->3f4de2de-7d09-498f-aead-42327df81d94: receive RaftClientReply:client-C12DAE7A5037->3f4de2de-7d09-498f-aead-42327df81d94@group-C7908E81CC6B, cid=1231, SUCCESS, logIndex=1792, commits[3f4de2de-7d09-498f-aead-42327df81d94:c1793]
2019-08-05 04:37:50,614 INFO  client.GrpcClientProtocolClient (GrpcClientProtocolClient.java:onNext(255)) - client-C12DAE7A5037->3f4de2de-7d09-498f-aead-42327df81d94: receive RaftClientReply:client-C12DAE7A5037->3f4de2de-7d09-498f-aead-42327df81d94@group-C7908E81CC6B, cid=1232, SUCCESS, logIndex=1793, commits[3f4de2de-7d09-498f-aead-42327df81d94:c1794]
2019-08-05 04:37:50,632 INFO  client.GrpcClientProtocolClient (GrpcClientProtocolClient.java:onNext(255)) - client-C12DAE7A5037->3f4de2de-7d09-498f-aead-42327df81d94: receive RaftClientReply:client-C12DAE7A5037->3f4de2de-7d09-498f-aead-42327df81d94@group-C7908E81CC6B, cid=1233, SUCCESS, logIndex=1796, commits[3f4de2de-7d09-498f-aead-42327df81d94:c1797]
2019-08-05 04:37:50,633 INFO  client.GrpcClientProtocolClient (GrpcClientProtocolClient.java:onNext(255)) - client-C12DAE7A5037->3f4de2de-7d09-498f-aead-42327df81d94: receive RaftClientReply:client-C12DAE7A5037->3f4de2de-7d09-498f-aead-42327df81d94@group-C7908E81CC6B, cid=1234, SUCCESS, logIndex=1797, commits[3f4de2de-7d09-498f-aead-42327df81d94:c1797]
2019-08-05 04:37:50,655 DEBUG block.SCMBlockDeletingService (SCMBlockDeletingService.java:call(138)) - Running DeletedBlockTransactionScanner
2019-08-05 04:37:50,655 DEBUG block.SCMBlockDeletingService (SCMBlockDeletingService.java:call(155)) - Scanned deleted blocks log and got 0 delTX to process.
2019-08-05 04:37:50,655 INFO  client.GrpcClientProtocolClient (GrpcClientProtocolClient.java:onNext(255)) - client-C12DAE7A5037->3f4de2de-7d09-498f-aead-42327df81d94: receive RaftClientReply:client-C12DAE7A5037->3f4de2de-7d09-498f-aead-42327df81d94@group-C7908E81CC6B, cid=1235, SUCCESS, logIndex=1798, commits[3f4de2de-7d09-498f-aead-42327df81d94:c1800]
2019-08-05 04:37:50,656 INFO  client.GrpcClientProtocolClient (GrpcClientProtocolClient.java:onNext(255)) - client-C12DAE7A5037->3f4de2de-7d09-498f-aead-42327df81d94: receive RaftClientReply:client-C12DAE7A5037->3f4de2de-7d09-498f-aead-42327df81d94@group-C7908E81CC6B, cid=1236, SUCCESS, logIndex=1799, commits[3f4de2de-7d09-498f-aead-42327df81d94:c1800]
2019-08-05 04:37:50,755 DEBUG block.SCMBlockDeletingService (SCMBlockDeletingService.java:call(138)) - Running DeletedBlockTransactionScanner
2019-08-05 04:37:50,756 DEBUG block.SCMBlockDeletingService (SCMBlockDeletingService.java:call(155)) - Scanned deleted blocks log and got 0 delTX to process.
2019-08-05 04:37:50,763 INFO  client.GrpcClientProtocolClient (GrpcClientProtocolClient.java:onNext(255)) - client-C12DAE7A5037->3f4de2de-7d09-498f-aead-42327df81d94: receive RaftClientReply:client-C12DAE7A5037->3f4de2de-7d09-498f-aead-42327df81d94@group-C7908E81CC6B, cid=1237, SUCCESS, logIndex=1801, commits[3f4de2de-7d09-498f-aead-42327df81d94:c1802]
2019-08-05 04:37:50,763 INFO  client.GrpcClientProtocolClient (GrpcClientProtocolClient.java:onNext(255)) - client-C12DAE7A5037->3f4de2de-7d09-498f-aead-42327df81d94: receive RaftClientReply:client-C12DAE7A5037->3f4de2de-7d09-498f-aead-42327df81d94@group-C7908E81CC6B, cid=1238, SUCCESS, logIndex=1802, commits[3f4de2de-7d09-498f-aead-42327df81d94:c1805]
2019-08-05 04:37:50,763 INFO  client.GrpcClientProtocolClient (GrpcClientProtocolClient.java:onNext(255)) - client-C12DAE7A5037->3f4de2de-7d09-498f-aead-42327df81d94: receive RaftClientReply:client-C12DAE7A5037->3f4de2de-7d09-498f-aead-42327df81d94@group-C7908E81CC6B, cid=1239, SUCCESS, logIndex=1803, commits[3f4de2de-7d09-498f-aead-42327df81d94:c1805]
2019-08-05 04:37:50,764 INFO  client.GrpcClientProtocolClient (GrpcClientProtocolClient.java:onNext(255)) - client-C12DAE7A5037->3f4de2de-7d09-498f-aead-42327df81d94: receive RaftClientReply:client-C12DAE7A5037->3f4de2de-7d09-498f-aead-42327df81d94@group-C7908E81CC6B, cid=1240, SUCCESS, logIndex=1804, commits[3f4de2de-7d09-498f-aead-42327df81d94:c1805]
2019-08-05 04:37:50,790 INFO  client.GrpcClientProtocolClient (GrpcClientProtocolClient.java:onNext(255)) - client-C12DAE7A5037->3f4de2de-7d09-498f-aead-42327df81d94: receive RaftClientReply:client-C12DAE7A5037->3f4de2de-7d09-498f-aead-42327df81d94@group-C7908E81CC6B, cid=1241, SUCCESS, logIndex=1806, commits[3f4de2de-7d09-498f-aead-42327df81d94:c1807]
2019-08-05 04:37:50,790 INFO  client.GrpcClientProtocolClient (GrpcClientProtocolClient.java:onNext(255)) - client-C12DAE7A5037->3f4de2de-7d09-498f-aead-42327df81d94: receive RaftClientReply:client-C12DAE7A5037->3f4de2de-7d09-498f-aead-42327df81d94@group-C7908E81CC6B, cid=1242, SUCCESS, logIndex=1807, commits[3f4de2de-7d09-498f-aead-42327df81d94:c1809]
2019-08-05 04:37:50,791 INFO  client.GrpcClientProtocolClient (GrpcClientProtocolClient.java:onNext(255)) - client-C12DAE7A5037->3f4de2de-7d09-498f-aead-42327df81d94: receive RaftClientReply:client-C12DAE7A5037->3f4de2de-7d09-498f-aead-42327df81d94@group-C7908E81CC6B, cid=1243, SUCCESS, logIndex=1808, commits[3f4de2de-7d09-498f-aead-42327df81d94:c1809]
2019-08-05 04:37:50,791 INFO  client.GrpcClientProtocolClient (GrpcClientProtocolClient.java:onNext(255)) - client-C12DAE7A5037->3f4de2de-7d09-498f-aead-42327df81d94: receive RaftClientReply:client-C12DAE7A5037->3f4de2de-7d09-498f-aead-42327df81d94@group-C7908E81CC6B, cid=1244, SUCCESS, logIndex=1809, commits[3f4de2de-7d09-498f-aead-42327df81d94:c1810]
2019-08-05 04:37:50,810 INFO  client.GrpcClientProtocolClient (GrpcClientProtocolClient.java:onNext(255)) - client-C12DAE7A5037->3f4de2de-7d09-498f-aead-42327df81d94: receive RaftClientReply:client-C12DAE7A5037->3f4de2de-7d09-498f-aead-42327df81d94@group-C7908E81CC6B, cid=1245, SUCCESS, logIndex=1812, commits[3f4de2de-7d09-498f-aead-42327df81d94:c1813]
2019-08-05 04:37:50,810 INFO  client.GrpcClientProtocolClient (GrpcClientProtocolClient.java:onNext(255)) - client-C12DAE7A5037->3f4de2de-7d09-498f-aead-42327df81d94: receive RaftClientReply:client-C12DAE7A5037->3f4de2de-7d09-498f-aead-42327df81d94@group-C7908E81CC6B, cid=1246, SUCCESS, logIndex=1813, commits[3f4de2de-7d09-498f-aead-42327df81d94:c1815]
2019-08-05 04:37:50,811 INFO  client.GrpcClientProtocolClient (GrpcClientProtocolClient.java:onNext(255)) - client-C12DAE7A5037->3f4de2de-7d09-498f-aead-42327df81d94: receive RaftClientReply:client-C12DAE7A5037->3f4de2de-7d09-498f-aead-42327df81d94@group-C7908E81CC6B, cid=1247, SUCCESS, logIndex=1814, commits[3f4de2de-7d09-498f-aead-42327df81d94:c1815]
2019-08-05 04:37:50,811 INFO  client.GrpcClientProtocolClient (GrpcClientProtocolClient.java:onNext(255)) - client-C12DAE7A5037->3f4de2de-7d09-498f-aead-42327df81d94: receive RaftClientReply:client-C12DAE7A5037->3f4de2de-7d09-498f-aead-42327df81d94@group-C7908E81CC6B, cid=1248, SUCCESS, logIndex=1815, commits[3f4de2de-7d09-498f-aead-42327df81d94:c1816]
2019-08-05 04:37:50,837 INFO  client.GrpcClientProtocolClient (GrpcClientProtocolClient.java:onNext(255)) - client-C12DAE7A5037->3f4de2de-7d09-498f-aead-42327df81d94: receive RaftClientReply:client-C12DAE7A5037->3f4de2de-7d09-498f-aead-42327df81d94@group-C7908E81CC6B, cid=1249, SUCCESS, logIndex=1818, commits[3f4de2de-7d09-498f-aead-42327df81d94:c1819]
2019-08-05 04:37:50,837 INFO  client.GrpcClientProtocolClient (GrpcClientProtocolClient.java:onNext(255)) - client-C12DAE7A5037->3f4de2de-7d09-498f-aead-42327df81d94: receive RaftClientReply:client-C12DAE7A5037->3f4de2de-7d09-498f-aead-42327df81d94@group-C7908E81CC6B, cid=1250, SUCCESS, logIndex=1819, commits[3f4de2de-7d09-498f-aead-42327df81d94:c1821]
2019-08-05 04:37:50,838 INFO  client.GrpcClientProtocolClient (GrpcClientProtocolClient.java:onNext(255)) - client-C12DAE7A5037->3f4de2de-7d09-498f-aead-42327df81d94: receive RaftClientReply:client-C12DAE7A5037->3f4de2de-7d09-498f-aead-42327df81d94@group-C7908E81CC6B, cid=1251, SUCCESS, logIndex=1820, commits[3f4de2de-7d09-498f-aead-42327df81d94:c1821]
2019-08-05 04:37:50,838 INFO  client.GrpcClientProtocolClient (GrpcClientProtocolClient.java:onNext(255)) - client-C12DAE7A5037->3f4de2de-7d09-498f-aead-42327df81d94: receive RaftClientReply:client-C12DAE7A5037->3f4de2de-7d09-498f-aead-42327df81d94@group-C7908E81CC6B, cid=1252, SUCCESS, logIndex=1821, commits[3f4de2de-7d09-498f-aead-42327df81d94:c1822]
2019-08-05 04:37:50,856 DEBUG block.SCMBlockDeletingService (SCMBlockDeletingService.java:call(138)) - Running DeletedBlockTransactionScanner
2019-08-05 04:37:50,856 DEBUG block.SCMBlockDeletingService (SCMBlockDeletingService.java:call(155)) - Scanned deleted blocks log and got 0 delTX to process.
2019-08-05 04:37:50,858 INFO  client.GrpcClientProtocolClient (GrpcClientProtocolClient.java:onNext(255)) - client-C12DAE7A5037->3f4de2de-7d09-498f-aead-42327df81d94: receive RaftClientReply:client-C12DAE7A5037->3f4de2de-7d09-498f-aead-42327df81d94@group-C7908E81CC6B, cid=1253, SUCCESS, logIndex=1824, commits[3f4de2de-7d09-498f-aead-42327df81d94:c1827]
2019-08-05 04:37:50,859 INFO  client.GrpcClientProtocolClient (GrpcClientProtocolClient.java:onNext(255)) - client-C12DAE7A5037->3f4de2de-7d09-498f-aead-42327df81d94: receive RaftClientReply:client-C12DAE7A5037->3f4de2de-7d09-498f-aead-42327df81d94@group-C7908E81CC6B, cid=1254, SUCCESS, logIndex=1825, commits[3f4de2de-7d09-498f-aead-42327df81d94:c1828]
2019-08-05 04:37:50,859 INFO  client.GrpcClientProtocolClient (GrpcClientProtocolClient.java:onNext(255)) - client-C12DAE7A5037->3f4de2de-7d09-498f-aead-42327df81d94: receive RaftClientReply:client-C12DAE7A5037->3f4de2de-7d09-498f-aead-42327df81d94@group-C7908E81CC6B, cid=1255, SUCCESS, logIndex=1826, commits[3f4de2de-7d09-498f-aead-42327df81d94:c1828]
2019-08-05 04:37:50,859 INFO  client.GrpcClientProtocolClient (GrpcClientProtocolClient.java:onNext(255)) - client-C12DAE7A5037->3f4de2de-7d09-498f-aead-42327df81d94: receive RaftClientReply:client-C12DAE7A5037->3f4de2de-7d09-498f-aead-42327df81d94@group-C7908E81CC6B, cid=1256, SUCCESS, logIndex=1827, commits[3f4de2de-7d09-498f-aead-42327df81d94:c1828]
2019-08-05 04:37:50,886 INFO  client.GrpcClientProtocolClient (GrpcClientProtocolClient.java:onNext(255)) - client-C12DAE7A5037->3f4de2de-7d09-498f-aead-42327df81d94: receive RaftClientReply:client-C12DAE7A5037->3f4de2de-7d09-498f-aead-42327df81d94@group-C7908E81CC6B, cid=1257, SUCCESS, logIndex=1829, commits[3f4de2de-7d09-498f-aead-42327df81d94:c1830]
2019-08-05 04:37:50,887 INFO  client.GrpcClientProtocolClient (GrpcClientProtocolClient.java:onNext(255)) - client-C12DAE7A5037->3f4de2de-7d09-498f-aead-42327df81d94: receive RaftClientReply:client-C12DAE7A5037->3f4de2de-7d09-498f-aead-42327df81d94@group-C7908E81CC6B, cid=1258, SUCCESS, logIndex=1830, commits[3f4de2de-7d09-498f-aead-42327df81d94:c1832]
2019-08-05 04:37:50,888 INFO  client.GrpcClientProtocolClient (GrpcClientProtocolClient.java:onNext(255)) - client-C12DAE7A5037->3f4de2de-7d09-498f-aead-42327df81d94: receive RaftClientReply:client-C12DAE7A5037->3f4de2de-7d09-498f-aead-42327df81d94@group-C7908E81CC6B, cid=1259, SUCCESS, logIndex=1831, commits[3f4de2de-7d09-498f-aead-42327df81d94:c1832]
2019-08-05 04:37:50,888 INFO  client.GrpcClientProtocolClient (GrpcClientProtocolClient.java:onNext(255)) - client-C12DAE7A5037->3f4de2de-7d09-498f-aead-42327df81d94: receive RaftClientReply:client-C12DAE7A5037->3f4de2de-7d09-498f-aead-42327df81d94@group-C7908E81CC6B, cid=1260, SUCCESS, logIndex=1832, commits[3f4de2de-7d09-498f-aead-42327df81d94:c1833]
2019-08-05 04:37:50,907 INFO  client.GrpcClientProtocolClient (GrpcClientProtocolClient.java:onNext(255)) - client-C12DAE7A5037->3f4de2de-7d09-498f-aead-42327df81d94: receive RaftClientReply:client-C12DAE7A5037->3f4de2de-7d09-498f-aead-42327df81d94@group-C7908E81CC6B, cid=1261, SUCCESS, logIndex=1835, commits[3f4de2de-7d09-498f-aead-42327df81d94:c1836]
2019-08-05 04:37:50,908 INFO  client.GrpcClientProtocolClient (GrpcClientProtocolClient.java:onNext(255)) - client-C12DAE7A5037->3f4de2de-7d09-498f-aead-42327df81d94: receive RaftClientReply:client-C12DAE7A5037->3f4de2de-7d09-498f-aead-42327df81d94@group-C7908E81CC6B, cid=1262, SUCCESS, logIndex=1836, commits[3f4de2de-7d09-498f-aead-42327df81d94:c1838]
2019-08-05 04:37:50,908 INFO  client.GrpcClientProtocolClient (GrpcClientProtocolClient.java:onNext(255)) - client-C12DAE7A5037->3f4de2de-7d09-498f-aead-42327df81d94: receive RaftClientReply:client-C12DAE7A5037->3f4de2de-7d09-498f-aead-42327df81d94@group-C7908E81CC6B, cid=1263, SUCCESS, logIndex=1837, commits[3f4de2de-7d09-498f-aead-42327df81d94:c1839]
2019-08-05 04:37:50,909 INFO  client.GrpcClientProtocolClient (GrpcClientProtocolClient.java:onNext(255)) - client-C12DAE7A5037->3f4de2de-7d09-498f-aead-42327df81d94: receive RaftClientReply:client-C12DAE7A5037->3f4de2de-7d09-498f-aead-42327df81d94@group-C7908E81CC6B, cid=1264, SUCCESS, logIndex=1838, commits[3f4de2de-7d09-498f-aead-42327df81d94:c1839]
2019-08-05 04:37:50,936 INFO  client.GrpcClientProtocolClient (GrpcClientProtocolClient.java:onNext(255)) - client-C12DAE7A5037->3f4de2de-7d09-498f-aead-42327df81d94: receive RaftClientReply:client-C12DAE7A5037->3f4de2de-7d09-498f-aead-42327df81d94@group-C7908E81CC6B, cid=1265, SUCCESS, logIndex=1841, commits[3f4de2de-7d09-498f-aead-42327df81d94:c1842]
2019-08-05 04:37:50,936 INFO  client.GrpcClientProtocolClient (GrpcClientProtocolClient.java:onNext(255)) - client-C12DAE7A5037->3f4de2de-7d09-498f-aead-42327df81d94: receive RaftClientReply:client-C12DAE7A5037->3f4de2de-7d09-498f-aead-42327df81d94@group-C7908E81CC6B, cid=1266, SUCCESS, logIndex=1842, commits[3f4de2de-7d09-498f-aead-42327df81d94:c1844]
2019-08-05 04:37:50,937 INFO  client.GrpcClientProtocolClient (GrpcClientProtocolClient.java:onNext(255)) - client-C12DAE7A5037->3f4de2de-7d09-498f-aead-42327df81d94: receive RaftClientReply:client-C12DAE7A5037->3f4de2de-7d09-498f-aead-42327df81d94@group-C7908E81CC6B, cid=1267, SUCCESS, logIndex=1843, commits[3f4de2de-7d09-498f-aead-42327df81d94:c1845]
2019-08-05 04:37:50,937 INFO  client.GrpcClientProtocolClient (GrpcClientProtocolClient.java:onNext(255)) - client-C12DAE7A5037->3f4de2de-7d09-498f-aead-42327df81d94: receive RaftClientReply:client-C12DAE7A5037->3f4de2de-7d09-498f-aead-42327df81d94@group-C7908E81CC6B, cid=1268, SUCCESS, logIndex=1844, commits[3f4de2de-7d09-498f-aead-42327df81d94:c1845]
2019-08-05 04:37:50,957 DEBUG block.SCMBlockDeletingService (SCMBlockDeletingService.java:call(138)) - Running DeletedBlockTransactionScanner
2019-08-05 04:37:50,957 INFO  client.GrpcClientProtocolClient (GrpcClientProtocolClient.java:onNext(255)) - client-C12DAE7A5037->3f4de2de-7d09-498f-aead-42327df81d94: receive RaftClientReply:client-C12DAE7A5037->3f4de2de-7d09-498f-aead-42327df81d94@group-C7908E81CC6B, cid=1269, SUCCESS, logIndex=1847, commits[3f4de2de-7d09-498f-aead-42327df81d94:c1848]
2019-08-05 04:37:50,957 DEBUG block.SCMBlockDeletingService (SCMBlockDeletingService.java:call(155)) - Scanned deleted blocks log and got 0 delTX to process.
2019-08-05 04:37:50,957 INFO  client.GrpcClientProtocolClient (GrpcClientProtocolClient.java:onNext(255)) - client-C12DAE7A5037->3f4de2de-7d09-498f-aead-42327df81d94: receive RaftClientReply:client-C12DAE7A5037->3f4de2de-7d09-498f-aead-42327df81d94@group-C7908E81CC6B, cid=1270, SUCCESS, logIndex=1848, commits[3f4de2de-7d09-498f-aead-42327df81d94:c1850]
2019-08-05 04:37:50,958 INFO  client.GrpcClientProtocolClient (GrpcClientProtocolClient.java:onNext(255)) - client-C12DAE7A5037->3f4de2de-7d09-498f-aead-42327df81d94: receive RaftClientReply:client-C12DAE7A5037->3f4de2de-7d09-498f-aead-42327df81d94@group-C7908E81CC6B, cid=1271, SUCCESS, logIndex=1849, commits[3f4de2de-7d09-498f-aead-42327df81d94:c1850]
2019-08-05 04:37:50,958 INFO  client.GrpcClientProtocolClient (GrpcClientProtocolClient.java:onNext(255)) - client-C12DAE7A5037->3f4de2de-7d09-498f-aead-42327df81d94: receive RaftClientReply:client-C12DAE7A5037->3f4de2de-7d09-498f-aead-42327df81d94@group-C7908E81CC6B, cid=1272, SUCCESS, logIndex=1850, commits[3f4de2de-7d09-498f-aead-42327df81d94:c1851]
2019-08-05 04:37:50,985 INFO  client.GrpcClientProtocolClient (GrpcClientProtocolClient.java:onNext(255)) - client-C12DAE7A5037->3f4de2de-7d09-498f-aead-42327df81d94: receive RaftClientReply:client-C12DAE7A5037->3f4de2de-7d09-498f-aead-42327df81d94@group-C7908E81CC6B, cid=1273, SUCCESS, logIndex=1853, commits[3f4de2de-7d09-498f-aead-42327df81d94:c1854]
2019-08-05 04:37:50,986 INFO  client.GrpcClientProtocolClient (GrpcClientProtocolClient.java:onNext(255)) - client-C12DAE7A5037->3f4de2de-7d09-498f-aead-42327df81d94: receive RaftClientReply:client-C12DAE7A5037->3f4de2de-7d09-498f-aead-42327df81d94@group-C7908E81CC6B, cid=1274, SUCCESS, logIndex=1854, commits[3f4de2de-7d09-498f-aead-42327df81d94:c1856]
2019-08-05 04:37:50,986 INFO  client.GrpcClientProtocolClient (GrpcClientProtocolClient.java:onNext(255)) - client-C12DAE7A5037->3f4de2de-7d09-498f-aead-42327df81d94: receive RaftClientReply:client-C12DAE7A5037->3f4de2de-7d09-498f-aead-42327df81d94@group-C7908E81CC6B, cid=1275, SUCCESS, logIndex=1855, commits[3f4de2de-7d09-498f-aead-42327df81d94:c1857]
2019-08-05 04:37:50,986 INFO  client.GrpcClientProtocolClient (GrpcClientProtocolClient.java:onNext(255)) - client-C12DAE7A5037->3f4de2de-7d09-498f-aead-42327df81d94: receive RaftClientReply:client-C12DAE7A5037->3f4de2de-7d09-498f-aead-42327df81d94@group-C7908E81CC6B, cid=1276, SUCCESS, logIndex=1856, commits[3f4de2de-7d09-498f-aead-42327df81d94:c1858]
2019-08-05 04:37:51,005 INFO  client.GrpcClientProtocolClient (GrpcClientProtocolClient.java:onNext(255)) - client-C12DAE7A5037->3f4de2de-7d09-498f-aead-42327df81d94: receive RaftClientReply:client-C12DAE7A5037->3f4de2de-7d09-498f-aead-42327df81d94@group-C7908E81CC6B, cid=1277, SUCCESS, logIndex=1859, commits[3f4de2de-7d09-498f-aead-42327df81d94:c1860]
2019-08-05 04:37:51,007 INFO  client.GrpcClientProtocolClient (GrpcClientProtocolClient.java:onNext(255)) - client-C12DAE7A5037->3f4de2de-7d09-498f-aead-42327df81d94: receive RaftClientReply:client-C12DAE7A5037->3f4de2de-7d09-498f-aead-42327df81d94@group-C7908E81CC6B, cid=1278, SUCCESS, logIndex=1860, commits[3f4de2de-7d09-498f-aead-42327df81d94:c1860]
2019-08-05 04:37:51,009 INFO  client.GrpcClientProtocolClient (GrpcClientProtocolClient.java:onNext(255)) - client-C12DAE7A5037->3f4de2de-7d09-498f-aead-42327df81d94: receive RaftClientReply:client-C12DAE7A5037->3f4de2de-7d09-498f-aead-42327df81d94@group-C7908E81CC6B, cid=1279, SUCCESS, logIndex=1861, commits[3f4de2de-7d09-498f-aead-42327df81d94:c1863]
2019-08-05 04:37:51,009 INFO  client.GrpcClientProtocolClient (GrpcClientProtocolClient.java:onNext(255)) - client-C12DAE7A5037->3f4de2de-7d09-498f-aead-42327df81d94: receive RaftClientReply:client-C12DAE7A5037->3f4de2de-7d09-498f-aead-42327df81d94@group-C7908E81CC6B, cid=1280, SUCCESS, logIndex=1862, commits[3f4de2de-7d09-498f-aead-42327df81d94:c1863]
2019-08-05 04:37:51,058 DEBUG block.SCMBlockDeletingService (SCMBlockDeletingService.java:call(138)) - Running DeletedBlockTransactionScanner
2019-08-05 04:37:51,058 DEBUG block.SCMBlockDeletingService (SCMBlockDeletingService.java:call(155)) - Scanned deleted blocks log and got 0 delTX to process.
2019-08-05 04:37:51,186 DEBUG block.SCMBlockDeletingService (SCMBlockDeletingService.java:call(138)) - Running DeletedBlockTransactionScanner
2019-08-05 04:37:51,186 DEBUG block.SCMBlockDeletingService (SCMBlockDeletingService.java:call(155)) - Scanned deleted blocks log and got 0 delTX to process.
2019-08-05 04:37:51,187 INFO  client.GrpcClientProtocolClient (GrpcClientProtocolClient.java:onNext(255)) - client-C12DAE7A5037->3f4de2de-7d09-498f-aead-42327df81d94: receive RaftClientReply:client-C12DAE7A5037->3f4de2de-7d09-498f-aead-42327df81d94@group-C7908E81CC6B, cid=1281, SUCCESS, logIndex=1864, commits[3f4de2de-7d09-498f-aead-42327df81d94:c1865]
2019-08-05 04:37:51,187 INFO  client.GrpcClientProtocolClient (GrpcClientProtocolClient.java:onNext(255)) - client-C12DAE7A5037->3f4de2de-7d09-498f-aead-42327df81d94: receive RaftClientReply:client-C12DAE7A5037->3f4de2de-7d09-498f-aead-42327df81d94@group-C7908E81CC6B, cid=1282, SUCCESS, logIndex=1865, commits[3f4de2de-7d09-498f-aead-42327df81d94:c1867]
2019-08-05 04:37:51,188 INFO  client.GrpcClientProtocolClient (GrpcClientProtocolClient.java:onNext(255)) - client-C12DAE7A5037->3f4de2de-7d09-498f-aead-42327df81d94: receive RaftClientReply:client-C12DAE7A5037->3f4de2de-7d09-498f-aead-42327df81d94@group-C7908E81CC6B, cid=1283, SUCCESS, logIndex=1866, commits[3f4de2de-7d09-498f-aead-42327df81d94:c1867]
2019-08-05 04:37:51,188 INFO  client.GrpcClientProtocolClient (GrpcClientProtocolClient.java:onNext(255)) - client-C12DAE7A5037->3f4de2de-7d09-498f-aead-42327df81d94: receive RaftClientReply:client-C12DAE7A5037->3f4de2de-7d09-498f-aead-42327df81d94@group-C7908E81CC6B, cid=1284, SUCCESS, logIndex=1867, commits[3f4de2de-7d09-498f-aead-42327df81d94:c1868]
2019-08-05 04:37:51,209 INFO  client.GrpcClientProtocolClient (GrpcClientProtocolClient.java:onNext(255)) - client-C12DAE7A5037->3f4de2de-7d09-498f-aead-42327df81d94: receive RaftClientReply:client-C12DAE7A5037->3f4de2de-7d09-498f-aead-42327df81d94@group-C7908E81CC6B, cid=1285, SUCCESS, logIndex=1870, commits[3f4de2de-7d09-498f-aead-42327df81d94:c1871]
2019-08-05 04:37:51,209 INFO  client.GrpcClientProtocolClient (GrpcClientProtocolClient.java:onNext(255)) - client-C12DAE7A5037->3f4de2de-7d09-498f-aead-42327df81d94: receive RaftClientReply:client-C12DAE7A5037->3f4de2de-7d09-498f-aead-42327df81d94@group-C7908E81CC6B, cid=1286, SUCCESS, logIndex=1871, commits[3f4de2de-7d09-498f-aead-42327df81d94:c1873]
2019-08-05 04:37:51,210 INFO  client.GrpcClientProtocolClient (GrpcClientProtocolClient.java:onNext(255)) - client-C12DAE7A5037->3f4de2de-7d09-498f-aead-42327df81d94: receive RaftClientReply:client-C12DAE7A5037->3f4de2de-7d09-498f-aead-42327df81d94@group-C7908E81CC6B, cid=1287, SUCCESS, logIndex=1872, commits[3f4de2de-7d09-498f-aead-42327df81d94:c1874]
2019-08-05 04:37:51,211 INFO  client.GrpcClientProtocolClient (GrpcClientProtocolClient.java:onNext(255)) - client-C12DAE7A5037->3f4de2de-7d09-498f-aead-42327df81d94: receive RaftClientReply:client-C12DAE7A5037->3f4de2de-7d09-498f-aead-42327df81d94@group-C7908E81CC6B, cid=1288, SUCCESS, logIndex=1873, commits[3f4de2de-7d09-498f-aead-42327df81d94:c1875]
2019-08-05 04:37:51,238 INFO  client.GrpcClientProtocolClient (GrpcClientProtocolClient.java:onNext(255)) - client-C12DAE7A5037->3f4de2de-7d09-498f-aead-42327df81d94: receive RaftClientReply:client-C12DAE7A5037->3f4de2de-7d09-498f-aead-42327df81d94@group-C7908E81CC6B, cid=1289, SUCCESS, logIndex=1876, commits[3f4de2de-7d09-498f-aead-42327df81d94:c1877]
2019-08-05 04:37:51,239 INFO  client.GrpcClientProtocolClient (GrpcClientProtocolClient.java:onNext(255)) - client-C12DAE7A5037->3f4de2de-7d09-498f-aead-42327df81d94: receive RaftClientReply:client-C12DAE7A5037->3f4de2de-7d09-498f-aead-42327df81d94@group-C7908E81CC6B, cid=1290, SUCCESS, logIndex=1877, commits[3f4de2de-7d09-498f-aead-42327df81d94:c1879]
2019-08-05 04:37:51,239 INFO  client.GrpcClientProtocolClient (GrpcClientProtocolClient.java:onNext(255)) - client-C12DAE7A5037->3f4de2de-7d09-498f-aead-42327df81d94: receive RaftClientReply:client-C12DAE7A5037->3f4de2de-7d09-498f-aead-42327df81d94@group-C7908E81CC6B, cid=1291, SUCCESS, logIndex=1878, commits[3f4de2de-7d09-498f-aead-42327df81d94:c1880]
2019-08-05 04:37:51,240 INFO  client.GrpcClientProtocolClient (GrpcClientProtocolClient.java:onNext(255)) - client-C12DAE7A5037->3f4de2de-7d09-498f-aead-42327df81d94: receive RaftClientReply:client-C12DAE7A5037->3f4de2de-7d09-498f-aead-42327df81d94@group-C7908E81CC6B, cid=1292, SUCCESS, logIndex=1879, commits[3f4de2de-7d09-498f-aead-42327df81d94:c1881]
2019-08-05 04:37:51,259 INFO  client.GrpcClientProtocolClient (GrpcClientProtocolClient.java:onNext(255)) - client-C12DAE7A5037->3f4de2de-7d09-498f-aead-42327df81d94: receive RaftClientReply:client-C12DAE7A5037->3f4de2de-7d09-498f-aead-42327df81d94@group-C7908E81CC6B, cid=1293, SUCCESS, logIndex=1882, commits[3f4de2de-7d09-498f-aead-42327df81d94:c1883]
2019-08-05 04:37:51,260 INFO  client.GrpcClientProtocolClient (GrpcClientProtocolClient.java:onNext(255)) - client-C12DAE7A5037->3f4de2de-7d09-498f-aead-42327df81d94: receive RaftClientReply:client-C12DAE7A5037->3f4de2de-7d09-498f-aead-42327df81d94@group-C7908E81CC6B, cid=1294, SUCCESS, logIndex=1883, commits[3f4de2de-7d09-498f-aead-42327df81d94:c1883]
2019-08-05 04:37:51,261 INFO  client.GrpcClientProtocolClient (GrpcClientProtocolClient.java:onNext(255)) - client-C12DAE7A5037->3f4de2de-7d09-498f-aead-42327df81d94: receive RaftClientReply:client-C12DAE7A5037->3f4de2de-7d09-498f-aead-42327df81d94@group-C7908E81CC6B, cid=1295, SUCCESS, logIndex=1884, commits[3f4de2de-7d09-498f-aead-42327df81d94:c1885]
2019-08-05 04:37:51,261 INFO  client.GrpcClientProtocolClient (GrpcClientProtocolClient.java:onNext(255)) - client-C12DAE7A5037->3f4de2de-7d09-498f-aead-42327df81d94: receive RaftClientReply:client-C12DAE7A5037->3f4de2de-7d09-498f-aead-42327df81d94@group-C7908E81CC6B, cid=1296, SUCCESS, logIndex=1885, commits[3f4de2de-7d09-498f-aead-42327df81d94:c1886]
2019-08-05 04:37:51,286 DEBUG block.SCMBlockDeletingService (SCMBlockDeletingService.java:call(138)) - Running DeletedBlockTransactionScanner
2019-08-05 04:37:51,287 DEBUG block.SCMBlockDeletingService (SCMBlockDeletingService.java:call(155)) - Scanned deleted blocks log and got 0 delTX to process.
2019-08-05 04:37:51,289 INFO  client.GrpcClientProtocolClient (GrpcClientProtocolClient.java:onNext(255)) - client-C12DAE7A5037->3f4de2de-7d09-498f-aead-42327df81d94: receive RaftClientReply:client-C12DAE7A5037->3f4de2de-7d09-498f-aead-42327df81d94@group-C7908E81CC6B, cid=1297, SUCCESS, logIndex=1888, commits[3f4de2de-7d09-498f-aead-42327df81d94:c1889]
2019-08-05 04:37:51,290 INFO  client.GrpcClientProtocolClient (GrpcClientProtocolClient.java:onNext(255)) - client-C12DAE7A5037->3f4de2de-7d09-498f-aead-42327df81d94: receive RaftClientReply:client-C12DAE7A5037->3f4de2de-7d09-498f-aead-42327df81d94@group-C7908E81CC6B, cid=1298, SUCCESS, logIndex=1889, commits[3f4de2de-7d09-498f-aead-42327df81d94:c1891]
2019-08-05 04:37:51,290 INFO  client.GrpcClientProtocolClient (GrpcClientProtocolClient.java:onNext(255)) - client-C12DAE7A5037->3f4de2de-7d09-498f-aead-42327df81d94: receive RaftClientReply:client-C12DAE7A5037->3f4de2de-7d09-498f-aead-42327df81d94@group-C7908E81CC6B, cid=1299, SUCCESS, logIndex=1890, commits[3f4de2de-7d09-498f-aead-42327df81d94:c1892]
2019-08-05 04:37:51,290 INFO  client.GrpcClientProtocolClient (GrpcClientProtocolClient.java:onNext(255)) - client-C12DAE7A5037->3f4de2de-7d09-498f-aead-42327df81d94: receive RaftClientReply:client-C12DAE7A5037->3f4de2de-7d09-498f-aead-42327df81d94@group-C7908E81CC6B, cid=1300, SUCCESS, logIndex=1891, commits[3f4de2de-7d09-498f-aead-42327df81d94:c1893]
2019-08-05 04:37:51,312 INFO  client.GrpcClientProtocolClient (GrpcClientProtocolClient.java:onNext(255)) - client-C12DAE7A5037->3f4de2de-7d09-498f-aead-42327df81d94: receive RaftClientReply:client-C12DAE7A5037->3f4de2de-7d09-498f-aead-42327df81d94@group-C7908E81CC6B, cid=1301, SUCCESS, logIndex=1894, commits[3f4de2de-7d09-498f-aead-42327df81d94:c1897]
2019-08-05 04:37:51,313 INFO  client.GrpcClientProtocolClient (GrpcClientProtocolClient.java:onNext(255)) - client-C12DAE7A5037->3f4de2de-7d09-498f-aead-42327df81d94: receive RaftClientReply:client-C12DAE7A5037->3f4de2de-7d09-498f-aead-42327df81d94@group-C7908E81CC6B, cid=1302, SUCCESS, logIndex=1895, commits[3f4de2de-7d09-498f-aead-42327df81d94:c1898]
2019-08-05 04:37:51,313 INFO  client.GrpcClientProtocolClient (GrpcClientProtocolClient.java:onNext(255)) - client-C12DAE7A5037->3f4de2de-7d09-498f-aead-42327df81d94: receive RaftClientReply:client-C12DAE7A5037->3f4de2de-7d09-498f-aead-42327df81d94@group-C7908E81CC6B, cid=1303, SUCCESS, logIndex=1896, commits[3f4de2de-7d09-498f-aead-42327df81d94:c1898]
2019-08-05 04:37:51,313 INFO  client.GrpcClientProtocolClient (GrpcClientProtocolClient.java:onNext(255)) - client-C12DAE7A5037->3f4de2de-7d09-498f-aead-42327df81d94: receive RaftClientReply:client-C12DAE7A5037->3f4de2de-7d09-498f-aead-42327df81d94@group-C7908E81CC6B, cid=1304, SUCCESS, logIndex=1897, commits[3f4de2de-7d09-498f-aead-42327df81d94:c1899]
2019-08-05 04:37:51,342 INFO  client.GrpcClientProtocolClient (GrpcClientProtocolClient.java:onNext(255)) - client-C12DAE7A5037->3f4de2de-7d09-498f-aead-42327df81d94: receive RaftClientReply:client-C12DAE7A5037->3f4de2de-7d09-498f-aead-42327df81d94@group-C7908E81CC6B, cid=1305, SUCCESS, logIndex=1900, commits[3f4de2de-7d09-498f-aead-42327df81d94:c1903]
2019-08-05 04:37:51,343 INFO  client.GrpcClientProtocolClient (GrpcClientProtocolClient.java:onNext(255)) - client-C12DAE7A5037->3f4de2de-7d09-498f-aead-42327df81d94: receive RaftClientReply:client-C12DAE7A5037->3f4de2de-7d09-498f-aead-42327df81d94@group-C7908E81CC6B, cid=1306, SUCCESS, logIndex=1901, commits[3f4de2de-7d09-498f-aead-42327df81d94:c1903]
2019-08-05 04:37:51,343 INFO  client.GrpcClientProtocolClient (GrpcClientProtocolClient.java:onNext(255)) - client-C12DAE7A5037->3f4de2de-7d09-498f-aead-42327df81d94: receive RaftClientReply:client-C12DAE7A5037->3f4de2de-7d09-498f-aead-42327df81d94@group-C7908E81CC6B, cid=1307, SUCCESS, logIndex=1902, commits[3f4de2de-7d09-498f-aead-42327df81d94:c1903]
2019-08-05 04:37:51,344 INFO  client.GrpcClientProtocolClient (GrpcClientProtocolClient.java:onNext(255)) - client-C12DAE7A5037->3f4de2de-7d09-498f-aead-42327df81d94: receive RaftClientReply:client-C12DAE7A5037->3f4de2de-7d09-498f-aead-42327df81d94@group-C7908E81CC6B, cid=1308, SUCCESS, logIndex=1903, commits[3f4de2de-7d09-498f-aead-42327df81d94:c1903]
2019-08-05 04:37:51,356 INFO  client.GrpcClientProtocolClient (GrpcClientProtocolClient.java:onNext(255)) - client-C12DAE7A5037->3f4de2de-7d09-498f-aead-42327df81d94: receive RaftClientReply:client-C12DAE7A5037->3f4de2de-7d09-498f-aead-42327df81d94@group-C7908E81CC6B, cid=1309, SUCCESS, logIndex=1906, commits[3f4de2de-7d09-498f-aead-42327df81d94:c1909]
2019-08-05 04:37:51,357 INFO  client.GrpcClientProtocolClient (GrpcClientProtocolClient.java:onNext(255)) - client-C12DAE7A5037->3f4de2de-7d09-498f-aead-42327df81d94: receive RaftClientReply:client-C12DAE7A5037->3f4de2de-7d09-498f-aead-42327df81d94@group-C7908E81CC6B, cid=1310, SUCCESS, logIndex=1907, commits[3f4de2de-7d09-498f-aead-42327df81d94:c1910]
2019-08-05 04:37:51,357 INFO  client.GrpcClientProtocolClient (GrpcClientProtocolClient.java:onNext(255)) - client-C12DAE7A5037->3f4de2de-7d09-498f-aead-42327df81d94: receive RaftClientReply:client-C12DAE7A5037->3f4de2de-7d09-498f-aead-42327df81d94@group-C7908E81CC6B, cid=1311, SUCCESS, logIndex=1908, commits[3f4de2de-7d09-498f-aead-42327df81d94:c1910]
2019-08-05 04:37:51,358 INFO  client.GrpcClientProtocolClient (GrpcClientProtocolClient.java:onNext(255)) - client-C12DAE7A5037->3f4de2de-7d09-498f-aead-42327df81d94: receive RaftClientReply:client-C12DAE7A5037->3f4de2de-7d09-498f-aead-42327df81d94@group-C7908E81CC6B, cid=1312, SUCCESS, logIndex=1909, commits[3f4de2de-7d09-498f-aead-42327df81d94:c1910]
2019-08-05 04:37:51,384 INFO  client.GrpcClientProtocolClient (GrpcClientProtocolClient.java:onNext(255)) - client-C12DAE7A5037->3f4de2de-7d09-498f-aead-42327df81d94: receive RaftClientReply:client-C12DAE7A5037->3f4de2de-7d09-498f-aead-42327df81d94@group-C7908E81CC6B, cid=1313, SUCCESS, logIndex=1911, commits[3f4de2de-7d09-498f-aead-42327df81d94:c1914]
2019-08-05 04:37:51,385 INFO  client.GrpcClientProtocolClient (GrpcClientProtocolClient.java:onNext(255)) - client-C12DAE7A5037->3f4de2de-7d09-498f-aead-42327df81d94: receive RaftClientReply:client-C12DAE7A5037->3f4de2de-7d09-498f-aead-42327df81d94@group-C7908E81CC6B, cid=1314, SUCCESS, logIndex=1912, commits[3f4de2de-7d09-498f-aead-42327df81d94:c1914]
2019-08-05 04:37:51,386 INFO  client.GrpcClientProtocolClient (GrpcClientProtocolClient.java:onNext(255)) - client-C12DAE7A5037->3f4de2de-7d09-498f-aead-42327df81d94: receive RaftClientReply:client-C12DAE7A5037->3f4de2de-7d09-498f-aead-42327df81d94@group-C7908E81CC6B, cid=1315, SUCCESS, logIndex=1913, commits[3f4de2de-7d09-498f-aead-42327df81d94:c1915]
2019-08-05 04:37:51,386 INFO  client.GrpcClientProtocolClient (GrpcClientProtocolClient.java:onNext(255)) - client-C12DAE7A5037->3f4de2de-7d09-498f-aead-42327df81d94: receive RaftClientReply:client-C12DAE7A5037->3f4de2de-7d09-498f-aead-42327df81d94@group-C7908E81CC6B, cid=1316, SUCCESS, logIndex=1914, commits[3f4de2de-7d09-498f-aead-42327df81d94:c1915]
2019-08-05 04:37:51,387 DEBUG block.SCMBlockDeletingService (SCMBlockDeletingService.java:call(138)) - Running DeletedBlockTransactionScanner
2019-08-05 04:37:51,388 DEBUG block.SCMBlockDeletingService (SCMBlockDeletingService.java:call(155)) - Scanned deleted blocks log and got 0 delTX to process.
2019-08-05 04:37:51,406 INFO  client.GrpcClientProtocolClient (GrpcClientProtocolClient.java:onNext(255)) - client-C12DAE7A5037->3f4de2de-7d09-498f-aead-42327df81d94: receive RaftClientReply:client-C12DAE7A5037->3f4de2de-7d09-498f-aead-42327df81d94@group-C7908E81CC6B, cid=1317, SUCCESS, logIndex=1917, commits[3f4de2de-7d09-498f-aead-42327df81d94:c1918]
2019-08-05 04:37:51,407 INFO  client.GrpcClientProtocolClient (GrpcClientProtocolClient.java:onNext(255)) - client-C12DAE7A5037->3f4de2de-7d09-498f-aead-42327df81d94: receive RaftClientReply:client-C12DAE7A5037->3f4de2de-7d09-498f-aead-42327df81d94@group-C7908E81CC6B, cid=1318, SUCCESS, logIndex=1918, commits[3f4de2de-7d09-498f-aead-42327df81d94:c1920]
2019-08-05 04:37:51,407 INFO  client.GrpcClientProtocolClient (GrpcClientProtocolClient.java:onNext(255)) - client-C12DAE7A5037->3f4de2de-7d09-498f-aead-42327df81d94: receive RaftClientReply:client-C12DAE7A5037->3f4de2de-7d09-498f-aead-42327df81d94@group-C7908E81CC6B, cid=1319, SUCCESS, logIndex=1919, commits[3f4de2de-7d09-498f-aead-42327df81d94:c1921]
2019-08-05 04:37:51,408 INFO  client.GrpcClientProtocolClient (GrpcClientProtocolClient.java:onNext(255)) - client-C12DAE7A5037->3f4de2de-7d09-498f-aead-42327df81d94: receive RaftClientReply:client-C12DAE7A5037->3f4de2de-7d09-498f-aead-42327df81d94@group-C7908E81CC6B, cid=1320, SUCCESS, logIndex=1920, commits[3f4de2de-7d09-498f-aead-42327df81d94:c1922]
2019-08-05 04:37:51,436 INFO  client.GrpcClientProtocolClient (GrpcClientProtocolClient.java:onNext(255)) - client-C12DAE7A5037->3f4de2de-7d09-498f-aead-42327df81d94: receive RaftClientReply:client-C12DAE7A5037->3f4de2de-7d09-498f-aead-42327df81d94@group-C7908E81CC6B, cid=1321, SUCCESS, logIndex=1923, commits[3f4de2de-7d09-498f-aead-42327df81d94:c1924]
2019-08-05 04:37:51,437 INFO  client.GrpcClientProtocolClient (GrpcClientProtocolClient.java:onNext(255)) - client-C12DAE7A5037->3f4de2de-7d09-498f-aead-42327df81d94: receive RaftClientReply:client-C12DAE7A5037->3f4de2de-7d09-498f-aead-42327df81d94@group-C7908E81CC6B, cid=1322, SUCCESS, logIndex=1924, commits[3f4de2de-7d09-498f-aead-42327df81d94:c1924]
2019-08-05 04:37:51,438 INFO  client.GrpcClientProtocolClient (GrpcClientProtocolClient.java:onNext(255)) - client-C12DAE7A5037->3f4de2de-7d09-498f-aead-42327df81d94: receive RaftClientReply:client-C12DAE7A5037->3f4de2de-7d09-498f-aead-42327df81d94@group-C7908E81CC6B, cid=1323, SUCCESS, logIndex=1925, commits[3f4de2de-7d09-498f-aead-42327df81d94:c1926]
2019-08-05 04:37:51,438 INFO  client.GrpcClientProtocolClient (GrpcClientProtocolClient.java:onNext(255)) - client-C12DAE7A5037->3f4de2de-7d09-498f-aead-42327df81d94: receive RaftClientReply:client-C12DAE7A5037->3f4de2de-7d09-498f-aead-42327df81d94@group-C7908E81CC6B, cid=1324, SUCCESS, logIndex=1926, commits[3f4de2de-7d09-498f-aead-42327df81d94:c1926]
2019-08-05 04:37:51,458 INFO  client.GrpcClientProtocolClient (GrpcClientProtocolClient.java:onNext(255)) - client-C12DAE7A5037->3f4de2de-7d09-498f-aead-42327df81d94: receive RaftClientReply:client-C12DAE7A5037->3f4de2de-7d09-498f-aead-42327df81d94@group-C7908E81CC6B, cid=1325, SUCCESS, logIndex=1929, commits[3f4de2de-7d09-498f-aead-42327df81d94:c1930]
2019-08-05 04:37:51,458 INFO  client.GrpcClientProtocolClient (GrpcClientProtocolClient.java:onNext(255)) - client-C12DAE7A5037->3f4de2de-7d09-498f-aead-42327df81d94: receive RaftClientReply:client-C12DAE7A5037->3f4de2de-7d09-498f-aead-42327df81d94@group-C7908E81CC6B, cid=1326, SUCCESS, logIndex=1930, commits[3f4de2de-7d09-498f-aead-42327df81d94:c1931]
2019-08-05 04:37:51,488 DEBUG block.SCMBlockDeletingService (SCMBlockDeletingService.java:call(138)) - Running DeletedBlockTransactionScanner
2019-08-05 04:37:51,488 DEBUG block.SCMBlockDeletingService (SCMBlockDeletingService.java:call(155)) - Scanned deleted blocks log and got 0 delTX to process.
2019-08-05 04:37:51,563 INFO  client.GrpcClientProtocolClient (GrpcClientProtocolClient.java:onNext(255)) - client-C12DAE7A5037->3f4de2de-7d09-498f-aead-42327df81d94: receive RaftClientReply:client-C12DAE7A5037->3f4de2de-7d09-498f-aead-42327df81d94@group-C7908E81CC6B, cid=1327, SUCCESS, logIndex=1932, commits[3f4de2de-7d09-498f-aead-42327df81d94:c1933]
2019-08-05 04:37:51,564 INFO  client.GrpcClientProtocolClient (GrpcClientProtocolClient.java:onNext(255)) - client-C12DAE7A5037->3f4de2de-7d09-498f-aead-42327df81d94: receive RaftClientReply:client-C12DAE7A5037->3f4de2de-7d09-498f-aead-42327df81d94@group-C7908E81CC6B, cid=1328, SUCCESS, logIndex=1933, commits[3f4de2de-7d09-498f-aead-42327df81d94:c1934]
2019-08-05 04:37:51,589 DEBUG block.SCMBlockDeletingService (SCMBlockDeletingService.java:call(138)) - Running DeletedBlockTransactionScanner
2019-08-05 04:37:51,589 DEBUG block.SCMBlockDeletingService (SCMBlockDeletingService.java:call(155)) - Scanned deleted blocks log and got 0 delTX to process.
2019-08-05 04:37:51,590 INFO  client.GrpcClientProtocolClient (GrpcClientProtocolClient.java:onNext(255)) - client-C12DAE7A5037->3f4de2de-7d09-498f-aead-42327df81d94: receive RaftClientReply:client-C12DAE7A5037->3f4de2de-7d09-498f-aead-42327df81d94@group-C7908E81CC6B, cid=1329, SUCCESS, logIndex=1935, commits[3f4de2de-7d09-498f-aead-42327df81d94:c1936]
2019-08-05 04:37:51,591 INFO  client.GrpcClientProtocolClient (GrpcClientProtocolClient.java:onNext(255)) - client-C12DAE7A5037->3f4de2de-7d09-498f-aead-42327df81d94: receive RaftClientReply:client-C12DAE7A5037->3f4de2de-7d09-498f-aead-42327df81d94@group-C7908E81CC6B, cid=1330, SUCCESS, logIndex=1936, commits[3f4de2de-7d09-498f-aead-42327df81d94:c1938]
2019-08-05 04:37:51,591 INFO  client.GrpcClientProtocolClient (GrpcClientProtocolClient.java:onNext(255)) - client-C12DAE7A5037->3f4de2de-7d09-498f-aead-42327df81d94: receive RaftClientReply:client-C12DAE7A5037->3f4de2de-7d09-498f-aead-42327df81d94@group-C7908E81CC6B, cid=1331, SUCCESS, logIndex=1937, commits[3f4de2de-7d09-498f-aead-42327df81d94:c1939]
2019-08-05 04:37:51,592 INFO  client.GrpcClientProtocolClient (GrpcClientProtocolClient.java:onNext(255)) - client-C12DAE7A5037->3f4de2de-7d09-498f-aead-42327df81d94: receive RaftClientReply:client-C12DAE7A5037->3f4de2de-7d09-498f-aead-42327df81d94@group-C7908E81CC6B, cid=1332, SUCCESS, logIndex=1938, commits[3f4de2de-7d09-498f-aead-42327df81d94:c1939]
2019-08-05 04:37:51,611 INFO  client.GrpcClientProtocolClient (GrpcClientProtocolClient.java:onNext(255)) - client-C12DAE7A5037->3f4de2de-7d09-498f-aead-42327df81d94: receive RaftClientReply:client-C12DAE7A5037->3f4de2de-7d09-498f-aead-42327df81d94@group-C7908E81CC6B, cid=1333, SUCCESS, logIndex=1941, commits[3f4de2de-7d09-498f-aead-42327df81d94:c1944]
2019-08-05 04:37:51,611 INFO  client.GrpcClientProtocolClient (GrpcClientProtocolClient.java:onNext(255)) - client-C12DAE7A5037->3f4de2de-7d09-498f-aead-42327df81d94: receive RaftClientReply:client-C12DAE7A5037->3f4de2de-7d09-498f-aead-42327df81d94@group-C7908E81CC6B, cid=1334, SUCCESS, logIndex=1942, commits[3f4de2de-7d09-498f-aead-42327df81d94:c1944]
2019-08-05 04:37:51,612 INFO  client.GrpcClientProtocolClient (GrpcClientProtocolClient.java:onNext(255)) - client-C12DAE7A5037->3f4de2de-7d09-498f-aead-42327df81d94: receive RaftClientReply:client-C12DAE7A5037->3f4de2de-7d09-498f-aead-42327df81d94@group-C7908E81CC6B, cid=1335, SUCCESS, logIndex=1943, commits[3f4de2de-7d09-498f-aead-42327df81d94:c1945]
2019-08-05 04:37:51,612 INFO  client.GrpcClientProtocolClient (GrpcClientProtocolClient.java:onNext(255)) - client-C12DAE7A5037->3f4de2de-7d09-498f-aead-42327df81d94: receive RaftClientReply:client-C12DAE7A5037->3f4de2de-7d09-498f-aead-42327df81d94@group-C7908E81CC6B, cid=1336, SUCCESS, logIndex=1944, commits[3f4de2de-7d09-498f-aead-42327df81d94:c1946]
2019-08-05 04:37:51,638 INFO  client.GrpcClientProtocolClient (GrpcClientProtocolClient.java:onNext(255)) - client-C12DAE7A5037->3f4de2de-7d09-498f-aead-42327df81d94: receive RaftClientReply:client-C12DAE7A5037->3f4de2de-7d09-498f-aead-42327df81d94@group-C7908E81CC6B, cid=1337, SUCCESS, logIndex=1947, commits[3f4de2de-7d09-498f-aead-42327df81d94:c1950]
2019-08-05 04:37:51,640 INFO  client.GrpcClientProtocolClient (GrpcClientProtocolClient.java:onNext(255)) - client-C12DAE7A5037->3f4de2de-7d09-498f-aead-42327df81d94: receive RaftClientReply:client-C12DAE7A5037->3f4de2de-7d09-498f-aead-42327df81d94@group-C7908E81CC6B, cid=1338, SUCCESS, logIndex=1948, commits[3f4de2de-7d09-498f-aead-42327df81d94:c1950]
2019-08-05 04:37:51,640 INFO  client.GrpcClientProtocolClient (GrpcClientProtocolClient.java:onNext(255)) - client-C12DAE7A5037->3f4de2de-7d09-498f-aead-42327df81d94: receive RaftClientReply:client-C12DAE7A5037->3f4de2de-7d09-498f-aead-42327df81d94@group-C7908E81CC6B, cid=1339, SUCCESS, logIndex=1949, commits[3f4de2de-7d09-498f-aead-42327df81d94:c1951]
2019-08-05 04:37:51,640 INFO  client.GrpcClientProtocolClient (GrpcClientProtocolClient.java:onNext(255)) - client-C12DAE7A5037->3f4de2de-7d09-498f-aead-42327df81d94: receive RaftClientReply:client-C12DAE7A5037->3f4de2de-7d09-498f-aead-42327df81d94@group-C7908E81CC6B, cid=1340, SUCCESS, logIndex=1950, commits[3f4de2de-7d09-498f-aead-42327df81d94:c1951]
2019-08-05 04:37:51,662 INFO  client.GrpcClientProtocolClient (GrpcClientProtocolClient.java:onNext(255)) - client-C12DAE7A5037->3f4de2de-7d09-498f-aead-42327df81d94: receive RaftClientReply:client-C12DAE7A5037->3f4de2de-7d09-498f-aead-42327df81d94@group-C7908E81CC6B, cid=1341, SUCCESS, logIndex=1953, commits[3f4de2de-7d09-498f-aead-42327df81d94:c1954]
2019-08-05 04:37:51,663 INFO  client.GrpcClientProtocolClient (GrpcClientProtocolClient.java:onNext(255)) - client-C12DAE7A5037->3f4de2de-7d09-498f-aead-42327df81d94: receive RaftClientReply:client-C12DAE7A5037->3f4de2de-7d09-498f-aead-42327df81d94@group-C7908E81CC6B, cid=1342, SUCCESS, logIndex=1954, commits[3f4de2de-7d09-498f-aead-42327df81d94:c1956]
2019-08-05 04:37:51,663 INFO  client.GrpcClientProtocolClient (GrpcClientProtocolClient.java:onNext(255)) - client-C12DAE7A5037->3f4de2de-7d09-498f-aead-42327df81d94: receive RaftClientReply:client-C12DAE7A5037->3f4de2de-7d09-498f-aead-42327df81d94@group-C7908E81CC6B, cid=1343, SUCCESS, logIndex=1955, commits[3f4de2de-7d09-498f-aead-42327df81d94:c1957]
2019-08-05 04:37:51,664 INFO  client.GrpcClientProtocolClient (GrpcClientProtocolClient.java:onNext(255)) - client-C12DAE7A5037->3f4de2de-7d09-498f-aead-42327df81d94: receive RaftClientReply:client-C12DAE7A5037->3f4de2de-7d09-498f-aead-42327df81d94@group-C7908E81CC6B, cid=1344, SUCCESS, logIndex=1956, commits[3f4de2de-7d09-498f-aead-42327df81d94:c1958]
2019-08-05 04:37:51,689 DEBUG block.SCMBlockDeletingService (SCMBlockDeletingService.java:call(138)) - Running DeletedBlockTransactionScanner
2019-08-05 04:37:51,690 DEBUG block.SCMBlockDeletingService (SCMBlockDeletingService.java:call(155)) - Scanned deleted blocks log and got 0 delTX to process.
2019-08-05 04:37:51,690 INFO  client.GrpcClientProtocolClient (GrpcClientProtocolClient.java:onNext(255)) - client-C12DAE7A5037->3f4de2de-7d09-498f-aead-42327df81d94: receive RaftClientReply:client-C12DAE7A5037->3f4de2de-7d09-498f-aead-42327df81d94@group-C7908E81CC6B, cid=1345, SUCCESS, logIndex=1959, commits[3f4de2de-7d09-498f-aead-42327df81d94:c1960]
2019-08-05 04:37:51,690 INFO  client.GrpcClientProtocolClient (GrpcClientProtocolClient.java:onNext(255)) - client-C12DAE7A5037->3f4de2de-7d09-498f-aead-42327df81d94: receive RaftClientReply:client-C12DAE7A5037->3f4de2de-7d09-498f-aead-42327df81d94@group-C7908E81CC6B, cid=1346, SUCCESS, logIndex=1960, commits[3f4de2de-7d09-498f-aead-42327df81d94:c1962]
2019-08-05 04:37:51,691 INFO  client.GrpcClientProtocolClient (GrpcClientProtocolClient.java:onNext(255)) - client-C12DAE7A5037->3f4de2de-7d09-498f-aead-42327df81d94: receive RaftClientReply:client-C12DAE7A5037->3f4de2de-7d09-498f-aead-42327df81d94@group-C7908E81CC6B, cid=1347, SUCCESS, logIndex=1961, commits[3f4de2de-7d09-498f-aead-42327df81d94:c1962]
2019-08-05 04:37:51,691 INFO  client.GrpcClientProtocolClient (GrpcClientProtocolClient.java:onNext(255)) - client-C12DAE7A5037->3f4de2de-7d09-498f-aead-42327df81d94: receive RaftClientReply:client-C12DAE7A5037->3f4de2de-7d09-498f-aead-42327df81d94@group-C7908E81CC6B, cid=1348, SUCCESS, logIndex=1962, commits[3f4de2de-7d09-498f-aead-42327df81d94:c1963]
2019-08-05 04:37:51,725 INFO  client.GrpcClientProtocolClient (GrpcClientProtocolClient.java:onNext(255)) - client-C12DAE7A5037->3f4de2de-7d09-498f-aead-42327df81d94: receive RaftClientReply:client-C12DAE7A5037->3f4de2de-7d09-498f-aead-42327df81d94@group-C7908E81CC6B, cid=1349, SUCCESS, logIndex=1965, commits[3f4de2de-7d09-498f-aead-42327df81d94:c1966]
2019-08-05 04:37:51,725 INFO  client.GrpcClientProtocolClient (GrpcClientProtocolClient.java:onNext(255)) - client-C12DAE7A5037->3f4de2de-7d09-498f-aead-42327df81d94: receive RaftClientReply:client-C12DAE7A5037->3f4de2de-7d09-498f-aead-42327df81d94@group-C7908E81CC6B, cid=1350, SUCCESS, logIndex=1966, commits[3f4de2de-7d09-498f-aead-42327df81d94:c1968]
2019-08-05 04:37:51,726 INFO  client.GrpcClientProtocolClient (GrpcClientProtocolClient.java:onNext(255)) - client-C12DAE7A5037->3f4de2de-7d09-498f-aead-42327df81d94: receive RaftClientReply:client-C12DAE7A5037->3f4de2de-7d09-498f-aead-42327df81d94@group-C7908E81CC6B, cid=1351, SUCCESS, logIndex=1967, commits[3f4de2de-7d09-498f-aead-42327df81d94:c1968]
2019-08-05 04:37:51,726 INFO  client.GrpcClientProtocolClient (GrpcClientProtocolClient.java:onNext(255)) - client-C12DAE7A5037->3f4de2de-7d09-498f-aead-42327df81d94: receive RaftClientReply:client-C12DAE7A5037->3f4de2de-7d09-498f-aead-42327df81d94@group-C7908E81CC6B, cid=1352, SUCCESS, logIndex=1968, commits[3f4de2de-7d09-498f-aead-42327df81d94:c1969]
2019-08-05 04:37:51,754 INFO  client.GrpcClientProtocolClient (GrpcClientProtocolClient.java:onNext(255)) - client-C12DAE7A5037->3f4de2de-7d09-498f-aead-42327df81d94: receive RaftClientReply:client-C12DAE7A5037->3f4de2de-7d09-498f-aead-42327df81d94@group-C7908E81CC6B, cid=1353, SUCCESS, logIndex=1971, commits[3f4de2de-7d09-498f-aead-42327df81d94:c1972]
2019-08-05 04:37:51,755 INFO  client.GrpcClientProtocolClient (GrpcClientProtocolClient.java:onNext(255)) - client-C12DAE7A5037->3f4de2de-7d09-498f-aead-42327df81d94: receive RaftClientReply:client-C12DAE7A5037->3f4de2de-7d09-498f-aead-42327df81d94@group-C7908E81CC6B, cid=1354, SUCCESS, logIndex=1972, commits[3f4de2de-7d09-498f-aead-42327df81d94:c1972]
2019-08-05 04:37:51,757 INFO  client.GrpcClientProtocolClient (GrpcClientProtocolClient.java:onNext(255)) - client-C12DAE7A5037->3f4de2de-7d09-498f-aead-42327df81d94: receive RaftClientReply:client-C12DAE7A5037->3f4de2de-7d09-498f-aead-42327df81d94@group-C7908E81CC6B, cid=1355, SUCCESS, logIndex=1973, commits[3f4de2de-7d09-498f-aead-42327df81d94:c1974]
2019-08-05 04:37:51,757 INFO  client.GrpcClientProtocolClient (GrpcClientProtocolClient.java:onNext(255)) - client-C12DAE7A5037->3f4de2de-7d09-498f-aead-42327df81d94: receive RaftClientReply:client-C12DAE7A5037->3f4de2de-7d09-498f-aead-42327df81d94@group-C7908E81CC6B, cid=1356, SUCCESS, logIndex=1974, commits[3f4de2de-7d09-498f-aead-42327df81d94:c1974]
2019-08-05 04:37:51,768 INFO  client.GrpcClientProtocolClient (GrpcClientProtocolClient.java:onNext(255)) - client-C12DAE7A5037->3f4de2de-7d09-498f-aead-42327df81d94: receive RaftClientReply:client-C12DAE7A5037->3f4de2de-7d09-498f-aead-42327df81d94@group-C7908E81CC6B, cid=1357, SUCCESS, logIndex=1977, commits[3f4de2de-7d09-498f-aead-42327df81d94:c1978]
2019-08-05 04:37:51,769 INFO  client.GrpcClientProtocolClient (GrpcClientProtocolClient.java:onNext(255)) - client-C12DAE7A5037->3f4de2de-7d09-498f-aead-42327df81d94: receive RaftClientReply:client-C12DAE7A5037->3f4de2de-7d09-498f-aead-42327df81d94@group-C7908E81CC6B, cid=1358, SUCCESS, logIndex=1978, commits[3f4de2de-7d09-498f-aead-42327df81d94:c1978]
2019-08-05 04:37:51,781 INFO  client.GrpcClientProtocolClient (GrpcClientProtocolClient.java:onNext(255)) - client-C12DAE7A5037->3f4de2de-7d09-498f-aead-42327df81d94: receive RaftClientReply:client-C12DAE7A5037->3f4de2de-7d09-498f-aead-42327df81d94@group-C7908E81CC6B, cid=1359, SUCCESS, logIndex=1979, commits[3f4de2de-7d09-498f-aead-42327df81d94:c1981]
2019-08-05 04:37:51,781 INFO  client.GrpcClientProtocolClient (GrpcClientProtocolClient.java:onNext(255)) - client-C12DAE7A5037->3f4de2de-7d09-498f-aead-42327df81d94: receive RaftClientReply:client-C12DAE7A5037->3f4de2de-7d09-498f-aead-42327df81d94@group-C7908E81CC6B, cid=1360, SUCCESS, logIndex=1980, commits[3f4de2de-7d09-498f-aead-42327df81d94:c1981]
2019-08-05 04:37:51,790 DEBUG block.SCMBlockDeletingService (SCMBlockDeletingService.java:call(138)) - Running DeletedBlockTransactionScanner
2019-08-05 04:37:51,790 DEBUG block.SCMBlockDeletingService (SCMBlockDeletingService.java:call(155)) - Scanned deleted blocks log and got 0 delTX to process.
2019-08-05 04:37:51,810 INFO  client.GrpcClientProtocolClient (GrpcClientProtocolClient.java:onNext(255)) - client-C12DAE7A5037->3f4de2de-7d09-498f-aead-42327df81d94: receive RaftClientReply:client-C12DAE7A5037->3f4de2de-7d09-498f-aead-42327df81d94@group-C7908E81CC6B, cid=1361, SUCCESS, logIndex=1982, commits[3f4de2de-7d09-498f-aead-42327df81d94:c1983]
2019-08-05 04:37:51,811 INFO  client.GrpcClientProtocolClient (GrpcClientProtocolClient.java:onNext(255)) - client-C12DAE7A5037->3f4de2de-7d09-498f-aead-42327df81d94: receive RaftClientReply:client-C12DAE7A5037->3f4de2de-7d09-498f-aead-42327df81d94@group-C7908E81CC6B, cid=1362, SUCCESS, logIndex=1983, commits[3f4de2de-7d09-498f-aead-42327df81d94:c1985]
2019-08-05 04:37:51,811 INFO  client.GrpcClientProtocolClient (GrpcClientProtocolClient.java:onNext(255)) - client-C12DAE7A5037->3f4de2de-7d09-498f-aead-42327df81d94: receive RaftClientReply:client-C12DAE7A5037->3f4de2de-7d09-498f-aead-42327df81d94@group-C7908E81CC6B, cid=1363, SUCCESS, logIndex=1984, commits[3f4de2de-7d09-498f-aead-42327df81d94:c1986]
2019-08-05 04:37:51,812 INFO  client.GrpcClientProtocolClient (GrpcClientProtocolClient.java:onNext(255)) - client-C12DAE7A5037->3f4de2de-7d09-498f-aead-42327df81d94: receive RaftClientReply:client-C12DAE7A5037->3f4de2de-7d09-498f-aead-42327df81d94@group-C7908E81CC6B, cid=1364, SUCCESS, logIndex=1985, commits[3f4de2de-7d09-498f-aead-42327df81d94:c1986]
2019-08-05 04:37:51,832 INFO  client.GrpcClientProtocolClient (GrpcClientProtocolClient.java:onNext(255)) - client-C12DAE7A5037->3f4de2de-7d09-498f-aead-42327df81d94: receive RaftClientReply:client-C12DAE7A5037->3f4de2de-7d09-498f-aead-42327df81d94@group-C7908E81CC6B, cid=1365, SUCCESS, logIndex=1988, commits[3f4de2de-7d09-498f-aead-42327df81d94:c1989]
2019-08-05 04:37:51,902 DEBUG block.SCMBlockDeletingService (SCMBlockDeletingService.java:call(138)) - Running DeletedBlockTransactionScanner
2019-08-05 04:37:51,903 DEBUG block.SCMBlockDeletingService (SCMBlockDeletingService.java:call(155)) - Scanned deleted blocks log and got 0 delTX to process.
2019-08-05 04:37:51,903 INFO  client.GrpcClientProtocolClient (GrpcClientProtocolClient.java:onNext(255)) - client-C12DAE7A5037->3f4de2de-7d09-498f-aead-42327df81d94: receive RaftClientReply:client-C12DAE7A5037->3f4de2de-7d09-498f-aead-42327df81d94@group-C7908E81CC6B, cid=1366, SUCCESS, logIndex=1989, commits[3f4de2de-7d09-498f-aead-42327df81d94:c1991]
2019-08-05 04:37:51,903 INFO  client.GrpcClientProtocolClient (GrpcClientProtocolClient.java:onNext(255)) - client-C12DAE7A5037->3f4de2de-7d09-498f-aead-42327df81d94: receive RaftClientReply:client-C12DAE7A5037->3f4de2de-7d09-498f-aead-42327df81d94@group-C7908E81CC6B, cid=1367, SUCCESS, logIndex=1990, commits[3f4de2de-7d09-498f-aead-42327df81d94:c1992]
2019-08-05 04:37:51,904 INFO  client.GrpcClientProtocolClient (GrpcClientProtocolClient.java:onNext(255)) - client-C12DAE7A5037->3f4de2de-7d09-498f-aead-42327df81d94: receive RaftClientReply:client-C12DAE7A5037->3f4de2de-7d09-498f-aead-42327df81d94@group-C7908E81CC6B, cid=1368, SUCCESS, logIndex=1991, commits[3f4de2de-7d09-498f-aead-42327df81d94:c1993]
2019-08-05 04:37:51,933 INFO  client.GrpcClientProtocolClient (GrpcClientProtocolClient.java:onNext(255)) - client-C12DAE7A5037->3f4de2de-7d09-498f-aead-42327df81d94: receive RaftClientReply:client-C12DAE7A5037->3f4de2de-7d09-498f-aead-42327df81d94@group-C7908E81CC6B, cid=1369, SUCCESS, logIndex=1994, commits[3f4de2de-7d09-498f-aead-42327df81d94:c1995]
2019-08-05 04:37:51,934 INFO  client.GrpcClientProtocolClient (GrpcClientProtocolClient.java:onNext(255)) - client-C12DAE7A5037->3f4de2de-7d09-498f-aead-42327df81d94: receive RaftClientReply:client-C12DAE7A5037->3f4de2de-7d09-498f-aead-42327df81d94@group-C7908E81CC6B, cid=1370, SUCCESS, logIndex=1995, commits[3f4de2de-7d09-498f-aead-42327df81d94:c1996]
2019-08-05 04:37:52,003 DEBUG block.SCMBlockDeletingService (SCMBlockDeletingService.java:call(138)) - Running DeletedBlockTransactionScanner
2019-08-05 04:37:52,004 DEBUG block.SCMBlockDeletingService (SCMBlockDeletingService.java:call(155)) - Scanned deleted blocks log and got 0 delTX to process.
2019-08-05 04:37:52,049 INFO  client.GrpcClientProtocolClient (GrpcClientProtocolClient.java:onNext(255)) - client-C12DAE7A5037->3f4de2de-7d09-498f-aead-42327df81d94: receive RaftClientReply:client-C12DAE7A5037->3f4de2de-7d09-498f-aead-42327df81d94@group-C7908E81CC6B, cid=1371, SUCCESS, logIndex=1997, commits[3f4de2de-7d09-498f-aead-42327df81d94:c1998]
2019-08-05 04:37:52,050 INFO  client.GrpcClientProtocolClient (GrpcClientProtocolClient.java:onNext(255)) - client-C12DAE7A5037->3f4de2de-7d09-498f-aead-42327df81d94: receive RaftClientReply:client-C12DAE7A5037->3f4de2de-7d09-498f-aead-42327df81d94@group-C7908E81CC6B, cid=1372, SUCCESS, logIndex=1998, commits[3f4de2de-7d09-498f-aead-42327df81d94:c1999]
2019-08-05 04:37:52,071 INFO  client.GrpcClientProtocolClient (GrpcClientProtocolClient.java:onNext(255)) - client-C12DAE7A5037->3f4de2de-7d09-498f-aead-42327df81d94: receive RaftClientReply:client-C12DAE7A5037->3f4de2de-7d09-498f-aead-42327df81d94@group-C7908E81CC6B, cid=1373, SUCCESS, logIndex=2000, commits[3f4de2de-7d09-498f-aead-42327df81d94:c2001]
2019-08-05 04:37:52,071 INFO  client.GrpcClientProtocolClient (GrpcClientProtocolClient.java:onNext(255)) - client-C12DAE7A5037->3f4de2de-7d09-498f-aead-42327df81d94: receive RaftClientReply:client-C12DAE7A5037->3f4de2de-7d09-498f-aead-42327df81d94@group-C7908E81CC6B, cid=1374, SUCCESS, logIndex=2001, commits[3f4de2de-7d09-498f-aead-42327df81d94:c2003]
2019-08-05 04:37:52,072 INFO  client.GrpcClientProtocolClient (GrpcClientProtocolClient.java:onNext(255)) - client-C12DAE7A5037->3f4de2de-7d09-498f-aead-42327df81d94: receive RaftClientReply:client-C12DAE7A5037->3f4de2de-7d09-498f-aead-42327df81d94@group-C7908E81CC6B, cid=1375, SUCCESS, logIndex=2002, commits[3f4de2de-7d09-498f-aead-42327df81d94:c2003]
2019-08-05 04:37:52,072 INFO  client.GrpcClientProtocolClient (GrpcClientProtocolClient.java:onNext(255)) - client-C12DAE7A5037->3f4de2de-7d09-498f-aead-42327df81d94: receive RaftClientReply:client-C12DAE7A5037->3f4de2de-7d09-498f-aead-42327df81d94@group-C7908E81CC6B, cid=1376, SUCCESS, logIndex=2003, commits[3f4de2de-7d09-498f-aead-42327df81d94:c2004]
2019-08-05 04:37:52,099 INFO  client.GrpcClientProtocolClient (GrpcClientProtocolClient.java:onNext(255)) - client-C12DAE7A5037->3f4de2de-7d09-498f-aead-42327df81d94: receive RaftClientReply:client-C12DAE7A5037->3f4de2de-7d09-498f-aead-42327df81d94@group-C7908E81CC6B, cid=1377, SUCCESS, logIndex=2006, commits[3f4de2de-7d09-498f-aead-42327df81d94:c2007]
2019-08-05 04:37:52,099 INFO  client.GrpcClientProtocolClient (GrpcClientProtocolClient.java:onNext(255)) - client-C12DAE7A5037->3f4de2de-7d09-498f-aead-42327df81d94: receive RaftClientReply:client-C12DAE7A5037->3f4de2de-7d09-498f-aead-42327df81d94@group-C7908E81CC6B, cid=1378, SUCCESS, logIndex=2007, commits[3f4de2de-7d09-498f-aead-42327df81d94:c2009]
2019-08-05 04:37:52,100 INFO  client.GrpcClientProtocolClient (GrpcClientProtocolClient.java:onNext(255)) - client-C12DAE7A5037->3f4de2de-7d09-498f-aead-42327df81d94: receive RaftClientReply:client-C12DAE7A5037->3f4de2de-7d09-498f-aead-42327df81d94@group-C7908E81CC6B, cid=1379, SUCCESS, logIndex=2008, commits[3f4de2de-7d09-498f-aead-42327df81d94:c2009]
2019-08-05 04:37:52,100 INFO  client.GrpcClientProtocolClient (GrpcClientProtocolClient.java:onNext(255)) - client-C12DAE7A5037->3f4de2de-7d09-498f-aead-42327df81d94: receive RaftClientReply:client-C12DAE7A5037->3f4de2de-7d09-498f-aead-42327df81d94@group-C7908E81CC6B, cid=1380, SUCCESS, logIndex=2009, commits[3f4de2de-7d09-498f-aead-42327df81d94:c2010]
2019-08-05 04:37:52,104 DEBUG block.SCMBlockDeletingService (SCMBlockDeletingService.java:call(138)) - Running DeletedBlockTransactionScanner
2019-08-05 04:37:52,104 DEBUG block.SCMBlockDeletingService (SCMBlockDeletingService.java:call(155)) - Scanned deleted blocks log and got 0 delTX to process.
2019-08-05 04:37:52,120 INFO  client.GrpcClientProtocolClient (GrpcClientProtocolClient.java:onNext(255)) - client-C12DAE7A5037->3f4de2de-7d09-498f-aead-42327df81d94: receive RaftClientReply:client-C12DAE7A5037->3f4de2de-7d09-498f-aead-42327df81d94@group-C7908E81CC6B, cid=1381, SUCCESS, logIndex=2012, commits[3f4de2de-7d09-498f-aead-42327df81d94:c2013]
2019-08-05 04:37:52,120 INFO  client.GrpcClientProtocolClient (GrpcClientProtocolClient.java:onNext(255)) - client-C12DAE7A5037->3f4de2de-7d09-498f-aead-42327df81d94: receive RaftClientReply:client-C12DAE7A5037->3f4de2de-7d09-498f-aead-42327df81d94@group-C7908E81CC6B, cid=1382, SUCCESS, logIndex=2013, commits[3f4de2de-7d09-498f-aead-42327df81d94:c2015]
2019-08-05 04:37:52,121 INFO  client.GrpcClientProtocolClient (GrpcClientProtocolClient.java:onNext(255)) - client-C12DAE7A5037->3f4de2de-7d09-498f-aead-42327df81d94: receive RaftClientReply:client-C12DAE7A5037->3f4de2de-7d09-498f-aead-42327df81d94@group-C7908E81CC6B, cid=1383, SUCCESS, logIndex=2014, commits[3f4de2de-7d09-498f-aead-42327df81d94:c2016]
2019-08-05 04:37:52,121 INFO  client.GrpcClientProtocolClient (GrpcClientProtocolClient.java:onNext(255)) - client-C12DAE7A5037->3f4de2de-7d09-498f-aead-42327df81d94: receive RaftClientReply:client-C12DAE7A5037->3f4de2de-7d09-498f-aead-42327df81d94@group-C7908E81CC6B, cid=1384, SUCCESS, logIndex=2015, commits[3f4de2de-7d09-498f-aead-42327df81d94:c2016]
2019-08-05 04:37:52,149 INFO  client.GrpcClientProtocolClient (GrpcClientProtocolClient.java:onNext(255)) - client-C12DAE7A5037->3f4de2de-7d09-498f-aead-42327df81d94: receive RaftClientReply:client-C12DAE7A5037->3f4de2de-7d09-498f-aead-42327df81d94@group-C7908E81CC6B, cid=1385, SUCCESS, logIndex=2018, commits[3f4de2de-7d09-498f-aead-42327df81d94:c2021]
2019-08-05 04:37:52,150 INFO  client.GrpcClientProtocolClient (GrpcClientProtocolClient.java:onNext(255)) - client-C12DAE7A5037->3f4de2de-7d09-498f-aead-42327df81d94: receive RaftClientReply:client-C12DAE7A5037->3f4de2de-7d09-498f-aead-42327df81d94@group-C7908E81CC6B, cid=1386, SUCCESS, logIndex=2019, commits[3f4de2de-7d09-498f-aead-42327df81d94:c2021]
2019-08-05 04:37:52,150 INFO  client.GrpcClientProtocolClient (GrpcClientProtocolClient.java:onNext(255)) - client-C12DAE7A5037->3f4de2de-7d09-498f-aead-42327df81d94: receive RaftClientReply:client-C12DAE7A5037->3f4de2de-7d09-498f-aead-42327df81d94@group-C7908E81CC6B, cid=1387, SUCCESS, logIndex=2020, commits[3f4de2de-7d09-498f-aead-42327df81d94:c2022]
2019-08-05 04:37:52,150 INFO  client.GrpcClientProtocolClient (GrpcClientProtocolClient.java:onNext(255)) - client-C12DAE7A5037->3f4de2de-7d09-498f-aead-42327df81d94: receive RaftClientReply:client-C12DAE7A5037->3f4de2de-7d09-498f-aead-42327df81d94@group-C7908E81CC6B, cid=1388, SUCCESS, logIndex=2021, commits[3f4de2de-7d09-498f-aead-42327df81d94:c2022]
2019-08-05 04:37:52,169 INFO  client.GrpcClientProtocolClient (GrpcClientProtocolClient.java:onNext(255)) - client-C12DAE7A5037->3f4de2de-7d09-498f-aead-42327df81d94: receive RaftClientReply:client-C12DAE7A5037->3f4de2de-7d09-498f-aead-42327df81d94@group-C7908E81CC6B, cid=1389, SUCCESS, logIndex=2023, commits[3f4de2de-7d09-498f-aead-42327df81d94:c2024]
2019-08-05 04:37:52,170 INFO  client.GrpcClientProtocolClient (GrpcClientProtocolClient.java:onNext(255)) - client-C12DAE7A5037->3f4de2de-7d09-498f-aead-42327df81d94: receive RaftClientReply:client-C12DAE7A5037->3f4de2de-7d09-498f-aead-42327df81d94@group-C7908E81CC6B, cid=1390, SUCCESS, logIndex=2024, commits[3f4de2de-7d09-498f-aead-42327df81d94:c2026]
2019-08-05 04:37:52,170 INFO  client.GrpcClientProtocolClient (GrpcClientProtocolClient.java:onNext(255)) - client-C12DAE7A5037->3f4de2de-7d09-498f-aead-42327df81d94: receive RaftClientReply:client-C12DAE7A5037->3f4de2de-7d09-498f-aead-42327df81d94@group-C7908E81CC6B, cid=1391, SUCCESS, logIndex=2025, commits[3f4de2de-7d09-498f-aead-42327df81d94:c2027]
2019-08-05 04:37:52,171 INFO  client.GrpcClientProtocolClient (GrpcClientProtocolClient.java:onNext(255)) - client-C12DAE7A5037->3f4de2de-7d09-498f-aead-42327df81d94: receive RaftClientReply:client-C12DAE7A5037->3f4de2de-7d09-498f-aead-42327df81d94@group-C7908E81CC6B, cid=1392, SUCCESS, logIndex=2026, commits[3f4de2de-7d09-498f-aead-42327df81d94:c2027]
2019-08-05 04:37:52,203 INFO  client.GrpcClientProtocolClient (GrpcClientProtocolClient.java:onNext(255)) - client-C12DAE7A5037->3f4de2de-7d09-498f-aead-42327df81d94: receive RaftClientReply:client-C12DAE7A5037->3f4de2de-7d09-498f-aead-42327df81d94@group-C7908E81CC6B, cid=1393, SUCCESS, logIndex=2029, commits[3f4de2de-7d09-498f-aead-42327df81d94:c2032]
2019-08-05 04:37:52,204 INFO  client.GrpcClientProtocolClient (GrpcClientProtocolClient.java:onNext(255)) - client-C12DAE7A5037->3f4de2de-7d09-498f-aead-42327df81d94: receive RaftClientReply:client-C12DAE7A5037->3f4de2de-7d09-498f-aead-42327df81d94@group-C7908E81CC6B, cid=1394, SUCCESS, logIndex=2030, commits[3f4de2de-7d09-498f-aead-42327df81d94:c2033]
2019-08-05 04:37:52,204 INFO  client.GrpcClientProtocolClient (GrpcClientProtocolClient.java:onNext(255)) - client-C12DAE7A5037->3f4de2de-7d09-498f-aead-42327df81d94: receive RaftClientReply:client-C12DAE7A5037->3f4de2de-7d09-498f-aead-42327df81d94@group-C7908E81CC6B, cid=1395, SUCCESS, logIndex=2031, commits[3f4de2de-7d09-498f-aead-42327df81d94:c2033]
2019-08-05 04:37:52,204 INFO  client.GrpcClientProtocolClient (GrpcClientProtocolClient.java:onNext(255)) - client-C12DAE7A5037->3f4de2de-7d09-498f-aead-42327df81d94: receive RaftClientReply:client-C12DAE7A5037->3f4de2de-7d09-498f-aead-42327df81d94@group-C7908E81CC6B, cid=1396, SUCCESS, logIndex=2032, commits[3f4de2de-7d09-498f-aead-42327df81d94:c2033]
2019-08-05 04:37:52,205 DEBUG block.SCMBlockDeletingService (SCMBlockDeletingService.java:call(138)) - Running DeletedBlockTransactionScanner
2019-08-05 04:37:52,205 DEBUG block.SCMBlockDeletingService (SCMBlockDeletingService.java:call(155)) - Scanned deleted blocks log and got 0 delTX to process.
2019-08-05 04:37:52,224 INFO  client.GrpcClientProtocolClient (GrpcClientProtocolClient.java:onNext(255)) - client-C12DAE7A5037->3f4de2de-7d09-498f-aead-42327df81d94: receive RaftClientReply:client-C12DAE7A5037->3f4de2de-7d09-498f-aead-42327df81d94@group-C7908E81CC6B, cid=1397, SUCCESS, logIndex=2034, commits[3f4de2de-7d09-498f-aead-42327df81d94:c2037]
2019-08-05 04:37:52,224 INFO  client.GrpcClientProtocolClient (GrpcClientProtocolClient.java:onNext(255)) - client-C12DAE7A5037->3f4de2de-7d09-498f-aead-42327df81d94: receive RaftClientReply:client-C12DAE7A5037->3f4de2de-7d09-498f-aead-42327df81d94@group-C7908E81CC6B, cid=1398, SUCCESS, logIndex=2035, commits[3f4de2de-7d09-498f-aead-42327df81d94:c2037]
2019-08-05 04:37:52,225 INFO  client.GrpcClientProtocolClient (GrpcClientProtocolClient.java:onNext(255)) - client-C12DAE7A5037->3f4de2de-7d09-498f-aead-42327df81d94: receive RaftClientReply:client-C12DAE7A5037->3f4de2de-7d09-498f-aead-42327df81d94@group-C7908E81CC6B, cid=1399, SUCCESS, logIndex=2036, commits[3f4de2de-7d09-498f-aead-42327df81d94:c2038]
2019-08-05 04:37:52,225 INFO  client.GrpcClientProtocolClient (GrpcClientProtocolClient.java:onNext(255)) - client-C12DAE7A5037->3f4de2de-7d09-498f-aead-42327df81d94: receive RaftClientReply:client-C12DAE7A5037->3f4de2de-7d09-498f-aead-42327df81d94@group-C7908E81CC6B, cid=1400, SUCCESS, logIndex=2037, commits[3f4de2de-7d09-498f-aead-42327df81d94:c2038]
2019-08-05 04:37:52,254 INFO  client.GrpcClientProtocolClient (GrpcClientProtocolClient.java:onNext(255)) - client-C12DAE7A5037->3f4de2de-7d09-498f-aead-42327df81d94: receive RaftClientReply:client-C12DAE7A5037->3f4de2de-7d09-498f-aead-42327df81d94@group-C7908E81CC6B, cid=1401, SUCCESS, logIndex=2040, commits[3f4de2de-7d09-498f-aead-42327df81d94:c2041]
2019-08-05 04:37:52,254 INFO  client.GrpcClientProtocolClient (GrpcClientProtocolClient.java:onNext(255)) - client-C12DAE7A5037->3f4de2de-7d09-498f-aead-42327df81d94: receive RaftClientReply:client-C12DAE7A5037->3f4de2de-7d09-498f-aead-42327df81d94@group-C7908E81CC6B, cid=1402, SUCCESS, logIndex=2041, commits[3f4de2de-7d09-498f-aead-42327df81d94:c2043]
2019-08-05 04:37:52,255 INFO  client.GrpcClientProtocolClient (GrpcClientProtocolClient.java:onNext(255)) - client-C12DAE7A5037->3f4de2de-7d09-498f-aead-42327df81d94: receive RaftClientReply:client-C12DAE7A5037->3f4de2de-7d09-498f-aead-42327df81d94@group-C7908E81CC6B, cid=1403, SUCCESS, logIndex=2042, commits[3f4de2de-7d09-498f-aead-42327df81d94:c2044]
2019-08-05 04:37:52,255 INFO  client.GrpcClientProtocolClient (GrpcClientProtocolClient.java:onNext(255)) - client-C12DAE7A5037->3f4de2de-7d09-498f-aead-42327df81d94: receive RaftClientReply:client-C12DAE7A5037->3f4de2de-7d09-498f-aead-42327df81d94@group-C7908E81CC6B, cid=1404, SUCCESS, logIndex=2043, commits[3f4de2de-7d09-498f-aead-42327df81d94:c2045]
2019-08-05 04:37:52,276 INFO  client.GrpcClientProtocolClient (GrpcClientProtocolClient.java:onNext(255)) - client-C12DAE7A5037->3f4de2de-7d09-498f-aead-42327df81d94: receive RaftClientReply:client-C12DAE7A5037->3f4de2de-7d09-498f-aead-42327df81d94@group-C7908E81CC6B, cid=1405, SUCCESS, logIndex=2046, commits[3f4de2de-7d09-498f-aead-42327df81d94:c2049]
2019-08-05 04:37:52,277 INFO  client.GrpcClientProtocolClient (GrpcClientProtocolClient.java:onNext(255)) - client-C12DAE7A5037->3f4de2de-7d09-498f-aead-42327df81d94: receive RaftClientReply:client-C12DAE7A5037->3f4de2de-7d09-498f-aead-42327df81d94@group-C7908E81CC6B, cid=1406, SUCCESS, logIndex=2047, commits[3f4de2de-7d09-498f-aead-42327df81d94:c2050]
2019-08-05 04:37:52,277 INFO  client.GrpcClientProtocolClient (GrpcClientProtocolClient.java:onNext(255)) - client-C12DAE7A5037->3f4de2de-7d09-498f-aead-42327df81d94: receive RaftClientReply:client-C12DAE7A5037->3f4de2de-7d09-498f-aead-42327df81d94@group-C7908E81CC6B, cid=1407, SUCCESS, logIndex=2048, commits[3f4de2de-7d09-498f-aead-42327df81d94:c2050]
2019-08-05 04:37:52,278 INFO  client.GrpcClientProtocolClient (GrpcClientProtocolClient.java:onNext(255)) - client-C12DAE7A5037->3f4de2de-7d09-498f-aead-42327df81d94: receive RaftClientReply:client-C12DAE7A5037->3f4de2de-7d09-498f-aead-42327df81d94@group-C7908E81CC6B, cid=1408, SUCCESS, logIndex=2049, commits[3f4de2de-7d09-498f-aead-42327df81d94:c2050]
2019-08-05 04:37:52,305 DEBUG block.SCMBlockDeletingService (SCMBlockDeletingService.java:call(138)) - Running DeletedBlockTransactionScanner
2019-08-05 04:37:52,306 DEBUG block.SCMBlockDeletingService (SCMBlockDeletingService.java:call(155)) - Scanned deleted blocks log and got 0 delTX to process.
2019-08-05 04:37:52,308 INFO  client.GrpcClientProtocolClient (GrpcClientProtocolClient.java:onNext(255)) - client-C12DAE7A5037->3f4de2de-7d09-498f-aead-42327df81d94: receive RaftClientReply:client-C12DAE7A5037->3f4de2de-7d09-498f-aead-42327df81d94@group-C7908E81CC6B, cid=1409, SUCCESS, logIndex=2051, commits[3f4de2de-7d09-498f-aead-42327df81d94:c2054]
2019-08-05 04:37:52,309 INFO  client.GrpcClientProtocolClient (GrpcClientProtocolClient.java:onNext(255)) - client-C12DAE7A5037->3f4de2de-7d09-498f-aead-42327df81d94: receive RaftClientReply:client-C12DAE7A5037->3f4de2de-7d09-498f-aead-42327df81d94@group-C7908E81CC6B, cid=1410, SUCCESS, logIndex=2052, commits[3f4de2de-7d09-498f-aead-42327df81d94:c2055]
2019-08-05 04:37:52,309 INFO  client.GrpcClientProtocolClient (GrpcClientProtocolClient.java:onNext(255)) - client-C12DAE7A5037->3f4de2de-7d09-498f-aead-42327df81d94: receive RaftClientReply:client-C12DAE7A5037->3f4de2de-7d09-498f-aead-42327df81d94@group-C7908E81CC6B, cid=1411, SUCCESS, logIndex=2053, commits[3f4de2de-7d09-498f-aead-42327df81d94:c2055]
2019-08-05 04:37:52,310 INFO  client.GrpcClientProtocolClient (GrpcClientProtocolClient.java:onNext(255)) - client-C12DAE7A5037->3f4de2de-7d09-498f-aead-42327df81d94: receive RaftClientReply:client-C12DAE7A5037->3f4de2de-7d09-498f-aead-42327df81d94@group-C7908E81CC6B, cid=1412, SUCCESS, logIndex=2054, commits[3f4de2de-7d09-498f-aead-42327df81d94:c2055]
2019-08-05 04:37:52,334 INFO  client.GrpcClientProtocolClient (GrpcClientProtocolClient.java:onNext(255)) - client-C12DAE7A5037->3f4de2de-7d09-498f-aead-42327df81d94: receive RaftClientReply:client-C12DAE7A5037->3f4de2de-7d09-498f-aead-42327df81d94@group-C7908E81CC6B, cid=1413, SUCCESS, logIndex=2056, commits[3f4de2de-7d09-498f-aead-42327df81d94:c2057]
2019-08-05 04:37:52,335 INFO  client.GrpcClientProtocolClient (GrpcClientProtocolClient.java:onNext(255)) - client-C12DAE7A5037->3f4de2de-7d09-498f-aead-42327df81d94: receive RaftClientReply:client-C12DAE7A5037->3f4de2de-7d09-498f-aead-42327df81d94@group-C7908E81CC6B, cid=1414, SUCCESS, logIndex=2057, commits[3f4de2de-7d09-498f-aead-42327df81d94:c2058]
2019-08-05 04:37:52,406 DEBUG block.SCMBlockDeletingService (SCMBlockDeletingService.java:call(138)) - Running DeletedBlockTransactionScanner
2019-08-05 04:37:52,406 DEBUG block.SCMBlockDeletingService (SCMBlockDeletingService.java:call(155)) - Scanned deleted blocks log and got 0 delTX to process.
2019-08-05 04:37:52,422 INFO  client.GrpcClientProtocolClient (GrpcClientProtocolClient.java:onNext(255)) - client-C12DAE7A5037->3f4de2de-7d09-498f-aead-42327df81d94: receive RaftClientReply:client-C12DAE7A5037->3f4de2de-7d09-498f-aead-42327df81d94@group-C7908E81CC6B, cid=1415, SUCCESS, logIndex=2059, commits[3f4de2de-7d09-498f-aead-42327df81d94:c2060]
2019-08-05 04:37:52,422 INFO  client.GrpcClientProtocolClient (GrpcClientProtocolClient.java:onNext(255)) - client-C12DAE7A5037->3f4de2de-7d09-498f-aead-42327df81d94: receive RaftClientReply:client-C12DAE7A5037->3f4de2de-7d09-498f-aead-42327df81d94@group-C7908E81CC6B, cid=1416, SUCCESS, logIndex=2060, commits[3f4de2de-7d09-498f-aead-42327df81d94:c2061]
2019-08-05 04:37:52,449 INFO  client.GrpcClientProtocolClient (GrpcClientProtocolClient.java:onNext(255)) - client-C12DAE7A5037->3f4de2de-7d09-498f-aead-42327df81d94: receive RaftClientReply:client-C12DAE7A5037->3f4de2de-7d09-498f-aead-42327df81d94@group-C7908E81CC6B, cid=1417, SUCCESS, logIndex=2062, commits[3f4de2de-7d09-498f-aead-42327df81d94:c2063]
2019-08-05 04:37:52,450 INFO  client.GrpcClientProtocolClient (GrpcClientProtocolClient.java:onNext(255)) - client-C12DAE7A5037->3f4de2de-7d09-498f-aead-42327df81d94: receive RaftClientReply:client-C12DAE7A5037->3f4de2de-7d09-498f-aead-42327df81d94@group-C7908E81CC6B, cid=1418, SUCCESS, logIndex=2063, commits[3f4de2de-7d09-498f-aead-42327df81d94:c2063]
2019-08-05 04:37:52,451 INFO  client.GrpcClientProtocolClient (GrpcClientProtocolClient.java:onNext(255)) - client-C12DAE7A5037->3f4de2de-7d09-498f-aead-42327df81d94: receive RaftClientReply:client-C12DAE7A5037->3f4de2de-7d09-498f-aead-42327df81d94@group-C7908E81CC6B, cid=1419, SUCCESS, logIndex=2064, commits[3f4de2de-7d09-498f-aead-42327df81d94:c2065]
2019-08-05 04:37:52,451 INFO  client.GrpcClientProtocolClient (GrpcClientProtocolClient.java:onNext(255)) - client-C12DAE7A5037->3f4de2de-7d09-498f-aead-42327df81d94: receive RaftClientReply:client-C12DAE7A5037->3f4de2de-7d09-498f-aead-42327df81d94@group-C7908E81CC6B, cid=1420, SUCCESS, logIndex=2065, commits[3f4de2de-7d09-498f-aead-42327df81d94:c2065]
2019-08-05 04:37:52,463 INFO  client.GrpcClientProtocolClient (GrpcClientProtocolClient.java:onNext(255)) - client-C12DAE7A5037->3f4de2de-7d09-498f-aead-42327df81d94: receive RaftClientReply:client-C12DAE7A5037->3f4de2de-7d09-498f-aead-42327df81d94@group-C7908E81CC6B, cid=1421, SUCCESS, logIndex=2068, commits[3f4de2de-7d09-498f-aead-42327df81d94:c2071]
2019-08-05 04:37:52,464 INFO  client.GrpcClientProtocolClient (GrpcClientProtocolClient.java:onNext(255)) - client-C12DAE7A5037->3f4de2de-7d09-498f-aead-42327df81d94: receive RaftClientReply:client-C12DAE7A5037->3f4de2de-7d09-498f-aead-42327df81d94@group-C7908E81CC6B, cid=1422, SUCCESS, logIndex=2069, commits[3f4de2de-7d09-498f-aead-42327df81d94:c2072]
2019-08-05 04:37:52,464 INFO  client.GrpcClientProtocolClient (GrpcClientProtocolClient.java:onNext(255)) - client-C12DAE7A5037->3f4de2de-7d09-498f-aead-42327df81d94: receive RaftClientReply:client-C12DAE7A5037->3f4de2de-7d09-498f-aead-42327df81d94@group-C7908E81CC6B, cid=1423, SUCCESS, logIndex=2070, commits[3f4de2de-7d09-498f-aead-42327df81d94:c2072]
2019-08-05 04:37:52,465 INFO  client.GrpcClientProtocolClient (GrpcClientProtocolClient.java:onNext(255)) - client-C12DAE7A5037->3f4de2de-7d09-498f-aead-42327df81d94: receive RaftClientReply:client-C12DAE7A5037->3f4de2de-7d09-498f-aead-42327df81d94@group-C7908E81CC6B, cid=1424, SUCCESS, logIndex=2071, commits[3f4de2de-7d09-498f-aead-42327df81d94:c2072]
2019-08-05 04:37:52,555 DEBUG block.SCMBlockDeletingService (SCMBlockDeletingService.java:call(138)) - Running DeletedBlockTransactionScanner
2019-08-05 04:37:52,555 DEBUG block.SCMBlockDeletingService (SCMBlockDeletingService.java:call(155)) - Scanned deleted blocks log and got 0 delTX to process.
2019-08-05 04:37:52,556 INFO  client.GrpcClientProtocolClient (GrpcClientProtocolClient.java:onNext(255)) - client-C12DAE7A5037->3f4de2de-7d09-498f-aead-42327df81d94: receive RaftClientReply:client-C12DAE7A5037->3f4de2de-7d09-498f-aead-42327df81d94@group-C7908E81CC6B, cid=1425, SUCCESS, logIndex=2073, commits[3f4de2de-7d09-498f-aead-42327df81d94:c2074]
2019-08-05 04:37:52,556 INFO  client.GrpcClientProtocolClient (GrpcClientProtocolClient.java:onNext(255)) - client-C12DAE7A5037->3f4de2de-7d09-498f-aead-42327df81d94: receive RaftClientReply:client-C12DAE7A5037->3f4de2de-7d09-498f-aead-42327df81d94@group-C7908E81CC6B, cid=1426, SUCCESS, logIndex=2074, commits[3f4de2de-7d09-498f-aead-42327df81d94:c2074]
2019-08-05 04:37:52,557 INFO  client.GrpcClientProtocolClient (GrpcClientProtocolClient.java:onNext(255)) - client-C12DAE7A5037->3f4de2de-7d09-498f-aead-42327df81d94: receive RaftClientReply:client-C12DAE7A5037->3f4de2de-7d09-498f-aead-42327df81d94@group-C7908E81CC6B, cid=1427, SUCCESS, logIndex=2075, commits[3f4de2de-7d09-498f-aead-42327df81d94:c2076]
2019-08-05 04:37:52,557 INFO  client.GrpcClientProtocolClient (GrpcClientProtocolClient.java:onNext(255)) - client-C12DAE7A5037->3f4de2de-7d09-498f-aead-42327df81d94: receive RaftClientReply:client-C12DAE7A5037->3f4de2de-7d09-498f-aead-42327df81d94@group-C7908E81CC6B, cid=1428, SUCCESS, logIndex=2076, commits[3f4de2de-7d09-498f-aead-42327df81d94:c2076]
2019-08-05 04:37:52,568 INFO  client.GrpcClientProtocolClient (GrpcClientProtocolClient.java:onNext(255)) - client-C12DAE7A5037->3f4de2de-7d09-498f-aead-42327df81d94: receive RaftClientReply:client-C12DAE7A5037->3f4de2de-7d09-498f-aead-42327df81d94@group-C7908E81CC6B, cid=1429, SUCCESS, logIndex=2079, commits[3f4de2de-7d09-498f-aead-42327df81d94:c2080]
2019-08-05 04:37:52,568 INFO  client.GrpcClientProtocolClient (GrpcClientProtocolClient.java:onNext(255)) - client-C12DAE7A5037->3f4de2de-7d09-498f-aead-42327df81d94: receive RaftClientReply:client-C12DAE7A5037->3f4de2de-7d09-498f-aead-42327df81d94@group-C7908E81CC6B, cid=1430, SUCCESS, logIndex=2080, commits[3f4de2de-7d09-498f-aead-42327df81d94:c2080]
2019-08-05 04:37:52,580 INFO  client.GrpcClientProtocolClient (GrpcClientProtocolClient.java:onNext(255)) - client-C12DAE7A5037->3f4de2de-7d09-498f-aead-42327df81d94: receive RaftClientReply:client-C12DAE7A5037->3f4de2de-7d09-498f-aead-42327df81d94@group-C7908E81CC6B, cid=1431, SUCCESS, logIndex=2081, commits[3f4de2de-7d09-498f-aead-42327df81d94:c2083]
2019-08-05 04:37:52,581 INFO  client.GrpcClientProtocolClient (GrpcClientProtocolClient.java:onNext(255)) - client-C12DAE7A5037->3f4de2de-7d09-498f-aead-42327df81d94: receive RaftClientReply:client-C12DAE7A5037->3f4de2de-7d09-498f-aead-42327df81d94@group-C7908E81CC6B, cid=1432, SUCCESS, logIndex=2082, commits[3f4de2de-7d09-498f-aead-42327df81d94:c2083]
2019-08-05 04:37:52,608 INFO  client.GrpcClientProtocolClient (GrpcClientProtocolClient.java:onNext(255)) - client-C12DAE7A5037->3f4de2de-7d09-498f-aead-42327df81d94: receive RaftClientReply:client-C12DAE7A5037->3f4de2de-7d09-498f-aead-42327df81d94@group-C7908E81CC6B, cid=1433, SUCCESS, logIndex=2084, commits[3f4de2de-7d09-498f-aead-42327df81d94:c2085]
2019-08-05 04:37:52,608 INFO  client.GrpcClientProtocolClient (GrpcClientProtocolClient.java:onNext(255)) - client-C12DAE7A5037->3f4de2de-7d09-498f-aead-42327df81d94: receive RaftClientReply:client-C12DAE7A5037->3f4de2de-7d09-498f-aead-42327df81d94@group-C7908E81CC6B, cid=1434, SUCCESS, logIndex=2085, commits[3f4de2de-7d09-498f-aead-42327df81d94:c2087]
2019-08-05 04:37:52,608 INFO  client.GrpcClientProtocolClient (GrpcClientProtocolClient.java:onNext(255)) - client-C12DAE7A5037->3f4de2de-7d09-498f-aead-42327df81d94: receive RaftClientReply:client-C12DAE7A5037->3f4de2de-7d09-498f-aead-42327df81d94@group-C7908E81CC6B, cid=1435, SUCCESS, logIndex=2086, commits[3f4de2de-7d09-498f-aead-42327df81d94:c2088]
2019-08-05 04:37:52,609 INFO  client.GrpcClientProtocolClient (GrpcClientProtocolClient.java:onNext(255)) - client-C12DAE7A5037->3f4de2de-7d09-498f-aead-42327df81d94: receive RaftClientReply:client-C12DAE7A5037->3f4de2de-7d09-498f-aead-42327df81d94@group-C7908E81CC6B, cid=1436, SUCCESS, logIndex=2087, commits[3f4de2de-7d09-498f-aead-42327df81d94:c2088]
2019-08-05 04:37:52,630 INFO  client.GrpcClientProtocolClient (GrpcClientProtocolClient.java:onNext(255)) - client-C12DAE7A5037->3f4de2de-7d09-498f-aead-42327df81d94: receive RaftClientReply:client-C12DAE7A5037->3f4de2de-7d09-498f-aead-42327df81d94@group-C7908E81CC6B, cid=1437, SUCCESS, logIndex=2090, commits[3f4de2de-7d09-498f-aead-42327df81d94:c2091]
2019-08-05 04:37:52,630 INFO  client.GrpcClientProtocolClient (GrpcClientProtocolClient.java:onNext(255)) - client-C12DAE7A5037->3f4de2de-7d09-498f-aead-42327df81d94: receive RaftClientReply:client-C12DAE7A5037->3f4de2de-7d09-498f-aead-42327df81d94@group-C7908E81CC6B, cid=1438, SUCCESS, logIndex=2091, commits[3f4de2de-7d09-498f-aead-42327df81d94:c2093]
2019-08-05 04:37:52,630 INFO  client.GrpcClientProtocolClient (GrpcClientProtocolClient.java:onNext(255)) - client-C12DAE7A5037->3f4de2de-7d09-498f-aead-42327df81d94: receive RaftClientReply:client-C12DAE7A5037->3f4de2de-7d09-498f-aead-42327df81d94@group-C7908E81CC6B, cid=1439, SUCCESS, logIndex=2092, commits[3f4de2de-7d09-498f-aead-42327df81d94:c2094]
2019-08-05 04:37:52,631 INFO  client.GrpcClientProtocolClient (GrpcClientProtocolClient.java:onNext(255)) - client-C12DAE7A5037->3f4de2de-7d09-498f-aead-42327df81d94: receive RaftClientReply:client-C12DAE7A5037->3f4de2de-7d09-498f-aead-42327df81d94@group-C7908E81CC6B, cid=1440, SUCCESS, logIndex=2093, commits[3f4de2de-7d09-498f-aead-42327df81d94:c2094]
2019-08-05 04:37:52,656 DEBUG block.SCMBlockDeletingService (SCMBlockDeletingService.java:call(138)) - Running DeletedBlockTransactionScanner
2019-08-05 04:37:52,656 DEBUG block.SCMBlockDeletingService (SCMBlockDeletingService.java:call(155)) - Scanned deleted blocks log and got 0 delTX to process.
2019-08-05 04:37:52,658 INFO  client.GrpcClientProtocolClient (GrpcClientProtocolClient.java:onNext(255)) - client-C12DAE7A5037->3f4de2de-7d09-498f-aead-42327df81d94: receive RaftClientReply:client-C12DAE7A5037->3f4de2de-7d09-498f-aead-42327df81d94@group-C7908E81CC6B, cid=1441, SUCCESS, logIndex=2096, commits[3f4de2de-7d09-498f-aead-42327df81d94:c2099]
2019-08-05 04:37:52,658 INFO  client.GrpcClientProtocolClient (GrpcClientProtocolClient.java:onNext(255)) - client-C12DAE7A5037->3f4de2de-7d09-498f-aead-42327df81d94: receive RaftClientReply:client-C12DAE7A5037->3f4de2de-7d09-498f-aead-42327df81d94@group-C7908E81CC6B, cid=1442, SUCCESS, logIndex=2097, commits[3f4de2de-7d09-498f-aead-42327df81d94:c2099]
2019-08-05 04:37:52,658 INFO  client.GrpcClientProtocolClient (GrpcClientProtocolClient.java:onNext(255)) - client-C12DAE7A5037->3f4de2de-7d09-498f-aead-42327df81d94: receive RaftClientReply:client-C12DAE7A5037->3f4de2de-7d09-498f-aead-42327df81d94@group-C7908E81CC6B, cid=1443, SUCCESS, logIndex=2098, commits[3f4de2de-7d09-498f-aead-42327df81d94:c2100]
2019-08-05 04:37:52,659 INFO  client.GrpcClientProtocolClient (GrpcClientProtocolClient.java:onNext(255)) - client-C12DAE7A5037->3f4de2de-7d09-498f-aead-42327df81d94: receive RaftClientReply:client-C12DAE7A5037->3f4de2de-7d09-498f-aead-42327df81d94@group-C7908E81CC6B, cid=1444, SUCCESS, logIndex=2099, commits[3f4de2de-7d09-498f-aead-42327df81d94:c2101]
2019-08-05 04:37:52,677 INFO  client.GrpcClientProtocolClient (GrpcClientProtocolClient.java:onNext(255)) - client-C12DAE7A5037->3f4de2de-7d09-498f-aead-42327df81d94: receive RaftClientReply:client-C12DAE7A5037->3f4de2de-7d09-498f-aead-42327df81d94@group-C7908E81CC6B, cid=1445, SUCCESS, logIndex=2102, commits[3f4de2de-7d09-498f-aead-42327df81d94:c2103]
2019-08-05 04:37:52,678 INFO  client.GrpcClientProtocolClient (GrpcClientProtocolClient.java:onNext(255)) - client-C12DAE7A5037->3f4de2de-7d09-498f-aead-42327df81d94: receive RaftClientReply:client-C12DAE7A5037->3f4de2de-7d09-498f-aead-42327df81d94@group-C7908E81CC6B, cid=1446, SUCCESS, logIndex=2103, commits[3f4de2de-7d09-498f-aead-42327df81d94:c2105]
2019-08-05 04:37:52,678 INFO  client.GrpcClientProtocolClient (GrpcClientProtocolClient.java:onNext(255)) - client-C12DAE7A5037->3f4de2de-7d09-498f-aead-42327df81d94: receive RaftClientReply:client-C12DAE7A5037->3f4de2de-7d09-498f-aead-42327df81d94@group-C7908E81CC6B, cid=1447, SUCCESS, logIndex=2104, commits[3f4de2de-7d09-498f-aead-42327df81d94:c2106]
2019-08-05 04:37:52,678 INFO  client.GrpcClientProtocolClient (GrpcClientProtocolClient.java:onNext(255)) - client-C12DAE7A5037->3f4de2de-7d09-498f-aead-42327df81d94: receive RaftClientReply:client-C12DAE7A5037->3f4de2de-7d09-498f-aead-42327df81d94@group-C7908E81CC6B, cid=1448, SUCCESS, logIndex=2105, commits[3f4de2de-7d09-498f-aead-42327df81d94:c2106]
2019-08-05 04:37:52,707 INFO  client.GrpcClientProtocolClient (GrpcClientProtocolClient.java:onNext(255)) - client-C12DAE7A5037->3f4de2de-7d09-498f-aead-42327df81d94: receive RaftClientReply:client-C12DAE7A5037->3f4de2de-7d09-498f-aead-42327df81d94@group-C7908E81CC6B, cid=1449, SUCCESS, logIndex=2108, commits[3f4de2de-7d09-498f-aead-42327df81d94:c2109]
2019-08-05 04:37:52,707 INFO  client.GrpcClientProtocolClient (GrpcClientProtocolClient.java:onNext(255)) - client-C12DAE7A5037->3f4de2de-7d09-498f-aead-42327df81d94: receive RaftClientReply:client-C12DAE7A5037->3f4de2de-7d09-498f-aead-42327df81d94@group-C7908E81CC6B, cid=1450, SUCCESS, logIndex=2109, commits[3f4de2de-7d09-498f-aead-42327df81d94:c2111]
2019-08-05 04:37:52,707 INFO  client.GrpcClientProtocolClient (GrpcClientProtocolClient.java:onNext(255)) - client-C12DAE7A5037->3f4de2de-7d09-498f-aead-42327df81d94: receive RaftClientReply:client-C12DAE7A5037->3f4de2de-7d09-498f-aead-42327df81d94@group-C7908E81CC6B, cid=1451, SUCCESS, logIndex=2110, commits[3f4de2de-7d09-498f-aead-42327df81d94:c2112]
2019-08-05 04:37:52,708 INFO  client.GrpcClientProtocolClient (GrpcClientProtocolClient.java:onNext(255)) - client-C12DAE7A5037->3f4de2de-7d09-498f-aead-42327df81d94: receive RaftClientReply:client-C12DAE7A5037->3f4de2de-7d09-498f-aead-42327df81d94@group-C7908E81CC6B, cid=1452, SUCCESS, logIndex=2111, commits[3f4de2de-7d09-498f-aead-42327df81d94:c2113]
2019-08-05 04:37:52,727 INFO  client.GrpcClientProtocolClient (GrpcClientProtocolClient.java:onNext(255)) - client-C12DAE7A5037->3f4de2de-7d09-498f-aead-42327df81d94: receive RaftClientReply:client-C12DAE7A5037->3f4de2de-7d09-498f-aead-42327df81d94@group-C7908E81CC6B, cid=1453, SUCCESS, logIndex=2114, commits[3f4de2de-7d09-498f-aead-42327df81d94:c2115]
2019-08-05 04:37:52,728 INFO  client.GrpcClientProtocolClient (GrpcClientProtocolClient.java:onNext(255)) - client-C12DAE7A5037->3f4de2de-7d09-498f-aead-42327df81d94: receive RaftClientReply:client-C12DAE7A5037->3f4de2de-7d09-498f-aead-42327df81d94@group-C7908E81CC6B, cid=1454, SUCCESS, logIndex=2115, commits[3f4de2de-7d09-498f-aead-42327df81d94:c2117]
2019-08-05 04:37:52,728 INFO  client.GrpcClientProtocolClient (GrpcClientProtocolClient.java:onNext(255)) - client-C12DAE7A5037->3f4de2de-7d09-498f-aead-42327df81d94: receive RaftClientReply:client-C12DAE7A5037->3f4de2de-7d09-498f-aead-42327df81d94@group-C7908E81CC6B, cid=1455, SUCCESS, logIndex=2116, commits[3f4de2de-7d09-498f-aead-42327df81d94:c2117]
2019-08-05 04:37:52,728 INFO  client.GrpcClientProtocolClient (GrpcClientProtocolClient.java:onNext(255)) - client-C12DAE7A5037->3f4de2de-7d09-498f-aead-42327df81d94: receive RaftClientReply:client-C12DAE7A5037->3f4de2de-7d09-498f-aead-42327df81d94@group-C7908E81CC6B, cid=1456, SUCCESS, logIndex=2117, commits[3f4de2de-7d09-498f-aead-42327df81d94:c2118]
2019-08-05 04:37:52,755 INFO  client.GrpcClientProtocolClient (GrpcClientProtocolClient.java:onNext(255)) - client-C12DAE7A5037->3f4de2de-7d09-498f-aead-42327df81d94: receive RaftClientReply:client-C12DAE7A5037->3f4de2de-7d09-498f-aead-42327df81d94@group-C7908E81CC6B, cid=1457, SUCCESS, logIndex=2120, commits[3f4de2de-7d09-498f-aead-42327df81d94:c2121]
2019-08-05 04:37:52,756 INFO  client.GrpcClientProtocolClient (GrpcClientProtocolClient.java:onNext(255)) - client-C12DAE7A5037->3f4de2de-7d09-498f-aead-42327df81d94: receive RaftClientReply:client-C12DAE7A5037->3f4de2de-7d09-498f-aead-42327df81d94@group-C7908E81CC6B, cid=1458, SUCCESS, logIndex=2121, commits[3f4de2de-7d09-498f-aead-42327df81d94:c2121]
2019-08-05 04:37:52,756 DEBUG block.SCMBlockDeletingService (SCMBlockDeletingService.java:call(138)) - Running DeletedBlockTransactionScanner
2019-08-05 04:37:52,756 DEBUG block.SCMBlockDeletingService (SCMBlockDeletingService.java:call(155)) - Scanned deleted blocks log and got 0 delTX to process.
2019-08-05 04:37:52,857 DEBUG block.SCMBlockDeletingService (SCMBlockDeletingService.java:call(138)) - Running DeletedBlockTransactionScanner
2019-08-05 04:37:52,857 DEBUG block.SCMBlockDeletingService (SCMBlockDeletingService.java:call(155)) - Scanned deleted blocks log and got 0 delTX to process.
2019-08-05 04:37:52,860 INFO  client.GrpcClientProtocolClient (GrpcClientProtocolClient.java:onNext(255)) - client-C12DAE7A5037->3f4de2de-7d09-498f-aead-42327df81d94: receive RaftClientReply:client-C12DAE7A5037->3f4de2de-7d09-498f-aead-42327df81d94@group-C7908E81CC6B, cid=1459, SUCCESS, logIndex=2123, commits[3f4de2de-7d09-498f-aead-42327df81d94:c2124]
2019-08-05 04:37:52,860 INFO  client.GrpcClientProtocolClient (GrpcClientProtocolClient.java:onNext(255)) - client-C12DAE7A5037->3f4de2de-7d09-498f-aead-42327df81d94: receive RaftClientReply:client-C12DAE7A5037->3f4de2de-7d09-498f-aead-42327df81d94@group-C7908E81CC6B, cid=1460, SUCCESS, logIndex=2124, commits[3f4de2de-7d09-498f-aead-42327df81d94:c2125]
2019-08-05 04:37:52,883 INFO  client.GrpcClientProtocolClient (GrpcClientProtocolClient.java:onNext(255)) - client-C12DAE7A5037->3f4de2de-7d09-498f-aead-42327df81d94: receive RaftClientReply:client-C12DAE7A5037->3f4de2de-7d09-498f-aead-42327df81d94@group-C7908E81CC6B, cid=1461, SUCCESS, logIndex=2126, commits[3f4de2de-7d09-498f-aead-42327df81d94:c2129]
2019-08-05 04:37:52,887 INFO  client.GrpcClientProtocolClient (GrpcClientProtocolClient.java:onNext(255)) - client-C12DAE7A5037->3f4de2de-7d09-498f-aead-42327df81d94: receive RaftClientReply:client-C12DAE7A5037->3f4de2de-7d09-498f-aead-42327df81d94@group-C7908E81CC6B, cid=1462, SUCCESS, logIndex=2127, commits[3f4de2de-7d09-498f-aead-42327df81d94:c2130]
2019-08-05 04:37:52,888 INFO  client.GrpcClientProtocolClient (GrpcClientProtocolClient.java:onNext(255)) - client-C12DAE7A5037->3f4de2de-7d09-498f-aead-42327df81d94: receive RaftClientReply:client-C12DAE7A5037->3f4de2de-7d09-498f-aead-42327df81d94@group-C7908E81CC6B, cid=1463, SUCCESS, logIndex=2128, commits[3f4de2de-7d09-498f-aead-42327df81d94:c2130]
2019-08-05 04:37:52,888 INFO  client.GrpcClientProtocolClient (GrpcClientProtocolClient.java:onNext(255)) - client-C12DAE7A5037->3f4de2de-7d09-498f-aead-42327df81d94: receive RaftClientReply:client-C12DAE7A5037->3f4de2de-7d09-498f-aead-42327df81d94@group-C7908E81CC6B, cid=1464, SUCCESS, logIndex=2129, commits[3f4de2de-7d09-498f-aead-42327df81d94:c2130]
2019-08-05 04:37:52,915 INFO  client.GrpcClientProtocolClient (GrpcClientProtocolClient.java:onNext(255)) - client-C12DAE7A5037->3f4de2de-7d09-498f-aead-42327df81d94: receive RaftClientReply:client-C12DAE7A5037->3f4de2de-7d09-498f-aead-42327df81d94@group-C7908E81CC6B, cid=1465, SUCCESS, logIndex=2131, commits[3f4de2de-7d09-498f-aead-42327df81d94:c2134]
2019-08-05 04:37:52,916 INFO  client.GrpcClientProtocolClient (GrpcClientProtocolClient.java:onNext(255)) - client-C12DAE7A5037->3f4de2de-7d09-498f-aead-42327df81d94: receive RaftClientReply:client-C12DAE7A5037->3f4de2de-7d09-498f-aead-42327df81d94@group-C7908E81CC6B, cid=1466, SUCCESS, logIndex=2132, commits[3f4de2de-7d09-498f-aead-42327df81d94:c2135]
2019-08-05 04:37:52,916 INFO  client.GrpcClientProtocolClient (GrpcClientProtocolClient.java:onNext(255)) - client-C12DAE7A5037->3f4de2de-7d09-498f-aead-42327df81d94: receive RaftClientReply:client-C12DAE7A5037->3f4de2de-7d09-498f-aead-42327df81d94@group-C7908E81CC6B, cid=1467, SUCCESS, logIndex=2133, commits[3f4de2de-7d09-498f-aead-42327df81d94:c2135]
2019-08-05 04:37:52,916 INFO  client.GrpcClientProtocolClient (GrpcClientProtocolClient.java:onNext(255)) - client-C12DAE7A5037->3f4de2de-7d09-498f-aead-42327df81d94: receive RaftClientReply:client-C12DAE7A5037->3f4de2de-7d09-498f-aead-42327df81d94@group-C7908E81CC6B, cid=1468, SUCCESS, logIndex=2134, commits[3f4de2de-7d09-498f-aead-42327df81d94:c2135]
2019-08-05 04:37:52,935 INFO  client.GrpcClientProtocolClient (GrpcClientProtocolClient.java:onNext(255)) - client-C12DAE7A5037->3f4de2de-7d09-498f-aead-42327df81d94: receive RaftClientReply:client-C12DAE7A5037->3f4de2de-7d09-498f-aead-42327df81d94@group-C7908E81CC6B, cid=1469, SUCCESS, logIndex=2136, commits[3f4de2de-7d09-498f-aead-42327df81d94:c2137]
2019-08-05 04:37:52,935 INFO  client.GrpcClientProtocolClient (GrpcClientProtocolClient.java:onNext(255)) - client-C12DAE7A5037->3f4de2de-7d09-498f-aead-42327df81d94: receive RaftClientReply:client-C12DAE7A5037->3f4de2de-7d09-498f-aead-42327df81d94@group-C7908E81CC6B, cid=1470, SUCCESS, logIndex=2137, commits[3f4de2de-7d09-498f-aead-42327df81d94:c2137]
2019-08-05 04:37:52,935 INFO  client.GrpcClientProtocolClient (GrpcClientProtocolClient.java:onNext(255)) - client-C12DAE7A5037->3f4de2de-7d09-498f-aead-42327df81d94: receive RaftClientReply:client-C12DAE7A5037->3f4de2de-7d09-498f-aead-42327df81d94@group-C7908E81CC6B, cid=1471, SUCCESS, logIndex=2138, commits[3f4de2de-7d09-498f-aead-42327df81d94:c2139]
2019-08-05 04:37:52,936 INFO  client.GrpcClientProtocolClient (GrpcClientProtocolClient.java:onNext(255)) - client-C12DAE7A5037->3f4de2de-7d09-498f-aead-42327df81d94: receive RaftClientReply:client-C12DAE7A5037->3f4de2de-7d09-498f-aead-42327df81d94@group-C7908E81CC6B, cid=1472, SUCCESS, logIndex=2139, commits[3f4de2de-7d09-498f-aead-42327df81d94:c2140]
2019-08-05 04:37:52,958 DEBUG block.SCMBlockDeletingService (SCMBlockDeletingService.java:call(138)) - Running DeletedBlockTransactionScanner
2019-08-05 04:37:52,958 DEBUG block.SCMBlockDeletingService (SCMBlockDeletingService.java:call(155)) - Scanned deleted blocks log and got 0 delTX to process.
2019-08-05 04:37:52,961 INFO  client.GrpcClientProtocolClient (GrpcClientProtocolClient.java:onNext(255)) - client-C12DAE7A5037->3f4de2de-7d09-498f-aead-42327df81d94: receive RaftClientReply:client-C12DAE7A5037->3f4de2de-7d09-498f-aead-42327df81d94@group-C7908E81CC6B, cid=1473, SUCCESS, logIndex=2142, commits[3f4de2de-7d09-498f-aead-42327df81d94:c2143]
2019-08-05 04:37:52,962 INFO  client.GrpcClientProtocolClient (GrpcClientProtocolClient.java:onNext(255)) - client-C12DAE7A5037->3f4de2de-7d09-498f-aead-42327df81d94: receive RaftClientReply:client-C12DAE7A5037->3f4de2de-7d09-498f-aead-42327df81d94@group-C7908E81CC6B, cid=1474, SUCCESS, logIndex=2143, commits[3f4de2de-7d09-498f-aead-42327df81d94:c2145]
2019-08-05 04:37:52,962 INFO  client.GrpcClientProtocolClient (GrpcClientProtocolClient.java:onNext(255)) - client-C12DAE7A5037->3f4de2de-7d09-498f-aead-42327df81d94: receive RaftClientReply:client-C12DAE7A5037->3f4de2de-7d09-498f-aead-42327df81d94@group-C7908E81CC6B, cid=1475, SUCCESS, logIndex=2144, commits[3f4de2de-7d09-498f-aead-42327df81d94:c2146]
2019-08-05 04:37:52,962 INFO  client.GrpcClientProtocolClient (GrpcClientProtocolClient.java:onNext(255)) - client-C12DAE7A5037->3f4de2de-7d09-498f-aead-42327df81d94: receive RaftClientReply:client-C12DAE7A5037->3f4de2de-7d09-498f-aead-42327df81d94@group-C7908E81CC6B, cid=1476, SUCCESS, logIndex=2145, commits[3f4de2de-7d09-498f-aead-42327df81d94:c2146]
2019-08-05 04:37:52,985 INFO  client.GrpcClientProtocolClient (GrpcClientProtocolClient.java:onNext(255)) - client-C12DAE7A5037->3f4de2de-7d09-498f-aead-42327df81d94: receive RaftClientReply:client-C12DAE7A5037->3f4de2de-7d09-498f-aead-42327df81d94@group-C7908E81CC6B, cid=1477, SUCCESS, logIndex=2148, commits[3f4de2de-7d09-498f-aead-42327df81d94:c2149]
2019-08-05 04:37:52,985 INFO  client.GrpcClientProtocolClient (GrpcClientProtocolClient.java:onNext(255)) - client-C12DAE7A5037->3f4de2de-7d09-498f-aead-42327df81d94: receive RaftClientReply:client-C12DAE7A5037->3f4de2de-7d09-498f-aead-42327df81d94@group-C7908E81CC6B, cid=1478, SUCCESS, logIndex=2149, commits[3f4de2de-7d09-498f-aead-42327df81d94:c2151]
2019-08-05 04:37:52,986 INFO  client.GrpcClientProtocolClient (GrpcClientProtocolClient.java:onNext(255)) - client-C12DAE7A5037->3f4de2de-7d09-498f-aead-42327df81d94: receive RaftClientReply:client-C12DAE7A5037->3f4de2de-7d09-498f-aead-42327df81d94@group-C7908E81CC6B, cid=1479, SUCCESS, logIndex=2150, commits[3f4de2de-7d09-498f-aead-42327df81d94:c2151]
2019-08-05 04:37:52,986 INFO  client.GrpcClientProtocolClient (GrpcClientProtocolClient.java:onNext(255)) - client-C12DAE7A5037->3f4de2de-7d09-498f-aead-42327df81d94: receive RaftClientReply:client-C12DAE7A5037->3f4de2de-7d09-498f-aead-42327df81d94@group-C7908E81CC6B, cid=1480, SUCCESS, logIndex=2151, commits[3f4de2de-7d09-498f-aead-42327df81d94:c2151]
2019-08-05 04:37:53,011 INFO  client.GrpcClientProtocolClient (GrpcClientProtocolClient.java:onNext(255)) - client-C12DAE7A5037->3f4de2de-7d09-498f-aead-42327df81d94: receive RaftClientReply:client-C12DAE7A5037->3f4de2de-7d09-498f-aead-42327df81d94@group-C7908E81CC6B, cid=1481, SUCCESS, logIndex=2154, commits[3f4de2de-7d09-498f-aead-42327df81d94:c2157]
2019-08-05 04:37:53,012 INFO  client.GrpcClientProtocolClient (GrpcClientProtocolClient.java:onNext(255)) - client-C12DAE7A5037->3f4de2de-7d09-498f-aead-42327df81d94: receive RaftClientReply:client-C12DAE7A5037->3f4de2de-7d09-498f-aead-42327df81d94@group-C7908E81CC6B, cid=1482, SUCCESS, logIndex=2155, commits[3f4de2de-7d09-498f-aead-42327df81d94:c2157]
2019-08-05 04:37:53,013 INFO  client.GrpcClientProtocolClient (GrpcClientProtocolClient.java:onNext(255)) - client-C12DAE7A5037->3f4de2de-7d09-498f-aead-42327df81d94: receive RaftClientReply:client-C12DAE7A5037->3f4de2de-7d09-498f-aead-42327df81d94@group-C7908E81CC6B, cid=1483, SUCCESS, logIndex=2156, commits[3f4de2de-7d09-498f-aead-42327df81d94:c2158]
2019-08-05 04:37:53,013 INFO  client.GrpcClientProtocolClient (GrpcClientProtocolClient.java:onNext(255)) - client-C12DAE7A5037->3f4de2de-7d09-498f-aead-42327df81d94: receive RaftClientReply:client-C12DAE7A5037->3f4de2de-7d09-498f-aead-42327df81d94@group-C7908E81CC6B, cid=1484, SUCCESS, logIndex=2157, commits[3f4de2de-7d09-498f-aead-42327df81d94:c2159]
2019-08-05 04:37:53,032 INFO  client.GrpcClientProtocolClient (GrpcClientProtocolClient.java:onNext(255)) - client-C12DAE7A5037->3f4de2de-7d09-498f-aead-42327df81d94: receive RaftClientReply:client-C12DAE7A5037->3f4de2de-7d09-498f-aead-42327df81d94@group-C7908E81CC6B, cid=1485, SUCCESS, logIndex=2160, commits[3f4de2de-7d09-498f-aead-42327df81d94:c2161]
2019-08-05 04:37:53,033 INFO  client.GrpcClientProtocolClient (GrpcClientProtocolClient.java:onNext(255)) - client-C12DAE7A5037->3f4de2de-7d09-498f-aead-42327df81d94: receive RaftClientReply:client-C12DAE7A5037->3f4de2de-7d09-498f-aead-42327df81d94@group-C7908E81CC6B, cid=1486, SUCCESS, logIndex=2161, commits[3f4de2de-7d09-498f-aead-42327df81d94:c2163]
2019-08-05 04:37:53,033 INFO  client.GrpcClientProtocolClient (GrpcClientProtocolClient.java:onNext(255)) - client-C12DAE7A5037->3f4de2de-7d09-498f-aead-42327df81d94: receive RaftClientReply:client-C12DAE7A5037->3f4de2de-7d09-498f-aead-42327df81d94@group-C7908E81CC6B, cid=1487, SUCCESS, logIndex=2162, commits[3f4de2de-7d09-498f-aead-42327df81d94:c2164]
2019-08-05 04:37:53,034 INFO  client.GrpcClientProtocolClient (GrpcClientProtocolClient.java:onNext(255)) - client-C12DAE7A5037->3f4de2de-7d09-498f-aead-42327df81d94: receive RaftClientReply:client-C12DAE7A5037->3f4de2de-7d09-498f-aead-42327df81d94@group-C7908E81CC6B, cid=1488, SUCCESS, logIndex=2163, commits[3f4de2de-7d09-498f-aead-42327df81d94:c2164]
2019-08-05 04:37:53,058 DEBUG block.SCMBlockDeletingService (SCMBlockDeletingService.java:call(138)) - Running DeletedBlockTransactionScanner
2019-08-05 04:37:53,059 DEBUG block.SCMBlockDeletingService (SCMBlockDeletingService.java:call(155)) - Scanned deleted blocks log and got 0 delTX to process.
2019-08-05 04:37:53,064 INFO  client.GrpcClientProtocolClient (GrpcClientProtocolClient.java:onNext(255)) - client-C12DAE7A5037->3f4de2de-7d09-498f-aead-42327df81d94: receive RaftClientReply:client-C12DAE7A5037->3f4de2de-7d09-498f-aead-42327df81d94@group-C7908E81CC6B, cid=1489, SUCCESS, logIndex=2166, commits[3f4de2de-7d09-498f-aead-42327df81d94:c2169]
2019-08-05 04:37:53,065 INFO  client.GrpcClientProtocolClient (GrpcClientProtocolClient.java:onNext(255)) - client-C12DAE7A5037->3f4de2de-7d09-498f-aead-42327df81d94: receive RaftClientReply:client-C12DAE7A5037->3f4de2de-7d09-498f-aead-42327df81d94@group-C7908E81CC6B, cid=1490, SUCCESS, logIndex=2167, commits[3f4de2de-7d09-498f-aead-42327df81d94:c2170]
2019-08-05 04:37:53,065 INFO  client.GrpcClientProtocolClient (GrpcClientProtocolClient.java:onNext(255)) - client-C12DAE7A5037->3f4de2de-7d09-498f-aead-42327df81d94: receive RaftClientReply:client-C12DAE7A5037->3f4de2de-7d09-498f-aead-42327df81d94@group-C7908E81CC6B, cid=1491, SUCCESS, logIndex=2168, commits[3f4de2de-7d09-498f-aead-42327df81d94:c2170]
2019-08-05 04:37:53,065 INFO  client.GrpcClientProtocolClient (GrpcClientProtocolClient.java:onNext(255)) - client-C12DAE7A5037->3f4de2de-7d09-498f-aead-42327df81d94: receive RaftClientReply:client-C12DAE7A5037->3f4de2de-7d09-498f-aead-42327df81d94@group-C7908E81CC6B, cid=1492, SUCCESS, logIndex=2169, commits[3f4de2de-7d09-498f-aead-42327df81d94:c2170]
2019-08-05 04:37:53,086 INFO  client.GrpcClientProtocolClient (GrpcClientProtocolClient.java:onNext(255)) - client-C12DAE7A5037->3f4de2de-7d09-498f-aead-42327df81d94: receive RaftClientReply:client-C12DAE7A5037->3f4de2de-7d09-498f-aead-42327df81d94@group-C7908E81CC6B, cid=1493, SUCCESS, logIndex=2171, commits[3f4de2de-7d09-498f-aead-42327df81d94:c2172]
2019-08-05 04:37:53,086 INFO  client.GrpcClientProtocolClient (GrpcClientProtocolClient.java:onNext(255)) - client-C12DAE7A5037->3f4de2de-7d09-498f-aead-42327df81d94: receive RaftClientReply:client-C12DAE7A5037->3f4de2de-7d09-498f-aead-42327df81d94@group-C7908E81CC6B, cid=1494, SUCCESS, logIndex=2172, commits[3f4de2de-7d09-498f-aead-42327df81d94:c2174]
2019-08-05 04:37:53,087 INFO  client.GrpcClientProtocolClient (GrpcClientProtocolClient.java:onNext(255)) - client-C12DAE7A5037->3f4de2de-7d09-498f-aead-42327df81d94: receive RaftClientReply:client-C12DAE7A5037->3f4de2de-7d09-498f-aead-42327df81d94@group-C7908E81CC6B, cid=1495, SUCCESS, logIndex=2173, commits[3f4de2de-7d09-498f-aead-42327df81d94:c2175]
2019-08-05 04:37:53,087 INFO  client.GrpcClientProtocolClient (GrpcClientProtocolClient.java:onNext(255)) - client-C12DAE7A5037->3f4de2de-7d09-498f-aead-42327df81d94: receive RaftClientReply:client-C12DAE7A5037->3f4de2de-7d09-498f-aead-42327df81d94@group-C7908E81CC6B, cid=1496, SUCCESS, logIndex=2174, commits[3f4de2de-7d09-498f-aead-42327df81d94:c2175]
2019-08-05 04:37:53,116 INFO  client.GrpcClientProtocolClient (GrpcClientProtocolClient.java:onNext(255)) - client-C12DAE7A5037->3f4de2de-7d09-498f-aead-42327df81d94: receive RaftClientReply:client-C12DAE7A5037->3f4de2de-7d09-498f-aead-42327df81d94@group-C7908E81CC6B, cid=1497, SUCCESS, logIndex=2177, commits[3f4de2de-7d09-498f-aead-42327df81d94:c2180]
2019-08-05 04:37:53,116 INFO  client.GrpcClientProtocolClient (GrpcClientProtocolClient.java:onNext(255)) - client-C12DAE7A5037->3f4de2de-7d09-498f-aead-42327df81d94: receive RaftClientReply:client-C12DAE7A5037->3f4de2de-7d09-498f-aead-42327df81d94@group-C7908E81CC6B, cid=1498, SUCCESS, logIndex=2178, commits[3f4de2de-7d09-498f-aead-42327df81d94:c2180]
2019-08-05 04:37:53,117 INFO  client.GrpcClientProtocolClient (GrpcClientProtocolClient.java:onNext(255)) - client-C12DAE7A5037->3f4de2de-7d09-498f-aead-42327df81d94: receive RaftClientReply:client-C12DAE7A5037->3f4de2de-7d09-498f-aead-42327df81d94@group-C7908E81CC6B, cid=1499, SUCCESS, logIndex=2179, commits[3f4de2de-7d09-498f-aead-42327df81d94:c2181]
2019-08-05 04:37:53,117 INFO  client.GrpcClientProtocolClient (GrpcClientProtocolClient.java:onNext(255)) - client-C12DAE7A5037->3f4de2de-7d09-498f-aead-42327df81d94: receive RaftClientReply:client-C12DAE7A5037->3f4de2de-7d09-498f-aead-42327df81d94@group-C7908E81CC6B, cid=1500, SUCCESS, logIndex=2180, commits[3f4de2de-7d09-498f-aead-42327df81d94:c2182]
2019-08-05 04:37:53,466 DEBUG block.SCMBlockDeletingService (SCMBlockDeletingService.java:call(138)) - Running DeletedBlockTransactionScanner
2019-08-05 04:37:53,466 DEBUG block.SCMBlockDeletingService (SCMBlockDeletingService.java:call(155)) - Scanned deleted blocks log and got 0 delTX to process.
2019-08-05 04:37:53,483 INFO  client.GrpcClientProtocolClient (GrpcClientProtocolClient.java:onNext(255)) - client-C12DAE7A5037->3f4de2de-7d09-498f-aead-42327df81d94: receive RaftClientReply:client-C12DAE7A5037->3f4de2de-7d09-498f-aead-42327df81d94@group-C7908E81CC6B, cid=1501, SUCCESS, logIndex=2183, commits[3f4de2de-7d09-498f-aead-42327df81d94:c2184]
2019-08-05 04:37:53,483 INFO  client.GrpcClientProtocolClient (GrpcClientProtocolClient.java:onNext(255)) - client-C12DAE7A5037->3f4de2de-7d09-498f-aead-42327df81d94: receive RaftClientReply:client-C12DAE7A5037->3f4de2de-7d09-498f-aead-42327df81d94@group-C7908E81CC6B, cid=1502, SUCCESS, logIndex=2184, commits[3f4de2de-7d09-498f-aead-42327df81d94:c2185]
2019-08-05 04:37:53,566 DEBUG block.SCMBlockDeletingService (SCMBlockDeletingService.java:call(138)) - Running DeletedBlockTransactionScanner
2019-08-05 04:37:53,567 DEBUG block.SCMBlockDeletingService (SCMBlockDeletingService.java:call(155)) - Scanned deleted blocks log and got 0 delTX to process.
2019-08-05 04:37:53,568 INFO  client.GrpcClientProtocolClient (GrpcClientProtocolClient.java:onNext(255)) - client-C12DAE7A5037->3f4de2de-7d09-498f-aead-42327df81d94: receive RaftClientReply:client-C12DAE7A5037->3f4de2de-7d09-498f-aead-42327df81d94@group-C7908E81CC6B, cid=1503, SUCCESS, logIndex=2186, commits[3f4de2de-7d09-498f-aead-42327df81d94:c2187]
2019-08-05 04:37:53,568 INFO  client.GrpcClientProtocolClient (GrpcClientProtocolClient.java:onNext(255)) - client-C12DAE7A5037->3f4de2de-7d09-498f-aead-42327df81d94: receive RaftClientReply:client-C12DAE7A5037->3f4de2de-7d09-498f-aead-42327df81d94@group-C7908E81CC6B, cid=1504, SUCCESS, logIndex=2187, commits[3f4de2de-7d09-498f-aead-42327df81d94:c2188]
2019-08-05 04:37:53,595 INFO  client.GrpcClientProtocolClient (GrpcClientProtocolClient.java:onNext(255)) - client-C12DAE7A5037->3f4de2de-7d09-498f-aead-42327df81d94: receive RaftClientReply:client-C12DAE7A5037->3f4de2de-7d09-498f-aead-42327df81d94@group-C7908E81CC6B, cid=1505, SUCCESS, logIndex=2189, commits[3f4de2de-7d09-498f-aead-42327df81d94:c2190]
2019-08-05 04:37:53,596 INFO  client.GrpcClientProtocolClient (GrpcClientProtocolClient.java:onNext(255)) - client-C12DAE7A5037->3f4de2de-7d09-498f-aead-42327df81d94: receive RaftClientReply:client-C12DAE7A5037->3f4de2de-7d09-498f-aead-42327df81d94@group-C7908E81CC6B, cid=1506, SUCCESS, logIndex=2190, commits[3f4de2de-7d09-498f-aead-42327df81d94:c2192]
2019-08-05 04:37:53,596 INFO  client.GrpcClientProtocolClient (GrpcClientProtocolClient.java:onNext(255)) - client-C12DAE7A5037->3f4de2de-7d09-498f-aead-42327df81d94: receive RaftClientReply:client-C12DAE7A5037->3f4de2de-7d09-498f-aead-42327df81d94@group-C7908E81CC6B, cid=1507, SUCCESS, logIndex=2191, commits[3f4de2de-7d09-498f-aead-42327df81d94:c2193]
2019-08-05 04:37:53,597 INFO  client.GrpcClientProtocolClient (GrpcClientProtocolClient.java:onNext(255)) - client-C12DAE7A5037->3f4de2de-7d09-498f-aead-42327df81d94: receive RaftClientReply:client-C12DAE7A5037->3f4de2de-7d09-498f-aead-42327df81d94@group-C7908E81CC6B, cid=1508, SUCCESS, logIndex=2192, commits[3f4de2de-7d09-498f-aead-42327df81d94:c2193]
2019-08-05 04:37:53,616 INFO  client.GrpcClientProtocolClient (GrpcClientProtocolClient.java:onNext(255)) - client-C12DAE7A5037->3f4de2de-7d09-498f-aead-42327df81d94: receive RaftClientReply:client-C12DAE7A5037->3f4de2de-7d09-498f-aead-42327df81d94@group-C7908E81CC6B, cid=1509, SUCCESS, logIndex=2195, commits[3f4de2de-7d09-498f-aead-42327df81d94:c2196]
2019-08-05 04:37:53,616 INFO  client.GrpcClientProtocolClient (GrpcClientProtocolClient.java:onNext(255)) - client-C12DAE7A5037->3f4de2de-7d09-498f-aead-42327df81d94: receive RaftClientReply:client-C12DAE7A5037->3f4de2de-7d09-498f-aead-42327df81d94@group-C7908E81CC6B, cid=1510, SUCCESS, logIndex=2196, commits[3f4de2de-7d09-498f-aead-42327df81d94:c2198]
2019-08-05 04:37:53,616 INFO  client.GrpcClientProtocolClient (GrpcClientProtocolClient.java:onNext(255)) - client-C12DAE7A5037->3f4de2de-7d09-498f-aead-42327df81d94: receive RaftClientReply:client-C12DAE7A5037->3f4de2de-7d09-498f-aead-42327df81d94@group-C7908E81CC6B, cid=1511, SUCCESS, logIndex=2197, commits[3f4de2de-7d09-498f-aead-42327df81d94:c2199]
2019-08-05 04:37:53,617 INFO  client.GrpcClientProtocolClient (GrpcClientProtocolClient.java:onNext(255)) - client-C12DAE7A5037->3f4de2de-7d09-498f-aead-42327df81d94: receive RaftClientReply:client-C12DAE7A5037->3f4de2de-7d09-498f-aead-42327df81d94@group-C7908E81CC6B, cid=1512, SUCCESS, logIndex=2198, commits[3f4de2de-7d09-498f-aead-42327df81d94:c2199]
2019-08-05 04:37:53,646 INFO  client.GrpcClientProtocolClient (GrpcClientProtocolClient.java:onNext(255)) - client-C12DAE7A5037->3f4de2de-7d09-498f-aead-42327df81d94: receive RaftClientReply:client-C12DAE7A5037->3f4de2de-7d09-498f-aead-42327df81d94@group-C7908E81CC6B, cid=1513, SUCCESS, logIndex=2201, commits[3f4de2de-7d09-498f-aead-42327df81d94:c2204]
2019-08-05 04:37:53,647 INFO  client.GrpcClientProtocolClient (GrpcClientProtocolClient.java:onNext(255)) - client-C12DAE7A5037->3f4de2de-7d09-498f-aead-42327df81d94: receive RaftClientReply:client-C12DAE7A5037->3f4de2de-7d09-498f-aead-42327df81d94@group-C7908E81CC6B, cid=1514, SUCCESS, logIndex=2202, commits[3f4de2de-7d09-498f-aead-42327df81d94:c2205]
2019-08-05 04:37:53,648 INFO  client.GrpcClientProtocolClient (GrpcClientProtocolClient.java:onNext(255)) - client-C12DAE7A5037->3f4de2de-7d09-498f-aead-42327df81d94: receive RaftClientReply:client-C12DAE7A5037->3f4de2de-7d09-498f-aead-42327df81d94@group-C7908E81CC6B, cid=1515, SUCCESS, logIndex=2203, commits[3f4de2de-7d09-498f-aead-42327df81d94:c2205]
2019-08-05 04:37:53,648 INFO  client.GrpcClientProtocolClient (GrpcClientProtocolClient.java:onNext(255)) - client-C12DAE7A5037->3f4de2de-7d09-498f-aead-42327df81d94: receive RaftClientReply:client-C12DAE7A5037->3f4de2de-7d09-498f-aead-42327df81d94@group-C7908E81CC6B, cid=1516, SUCCESS, logIndex=2204, commits[3f4de2de-7d09-498f-aead-42327df81d94:c2205]
2019-08-05 04:37:53,667 DEBUG block.SCMBlockDeletingService (SCMBlockDeletingService.java:call(138)) - Running DeletedBlockTransactionScanner
2019-08-05 04:37:53,667 DEBUG block.SCMBlockDeletingService (SCMBlockDeletingService.java:call(155)) - Scanned deleted blocks log and got 0 delTX to process.
2019-08-05 04:37:53,668 INFO  client.GrpcClientProtocolClient (GrpcClientProtocolClient.java:onNext(255)) - client-C12DAE7A5037->3f4de2de-7d09-498f-aead-42327df81d94: receive RaftClientReply:client-C12DAE7A5037->3f4de2de-7d09-498f-aead-42327df81d94@group-C7908E81CC6B, cid=1517, SUCCESS, logIndex=2206, commits[3f4de2de-7d09-498f-aead-42327df81d94:c2207]
2019-08-05 04:37:53,668 INFO  client.GrpcClientProtocolClient (GrpcClientProtocolClient.java:onNext(255)) - client-C12DAE7A5037->3f4de2de-7d09-498f-aead-42327df81d94: receive RaftClientReply:client-C12DAE7A5037->3f4de2de-7d09-498f-aead-42327df81d94@group-C7908E81CC6B, cid=1518, SUCCESS, logIndex=2207, commits[3f4de2de-7d09-498f-aead-42327df81d94:c2209]
2019-08-05 04:37:53,668 INFO  client.GrpcClientProtocolClient (GrpcClientProtocolClient.java:onNext(255)) - client-C12DAE7A5037->3f4de2de-7d09-498f-aead-42327df81d94: receive RaftClientReply:client-C12DAE7A5037->3f4de2de-7d09-498f-aead-42327df81d94@group-C7908E81CC6B, cid=1519, SUCCESS, logIndex=2208, commits[3f4de2de-7d09-498f-aead-42327df81d94:c2210]
2019-08-05 04:37:53,669 INFO  client.GrpcClientProtocolClient (GrpcClientProtocolClient.java:onNext(255)) - client-C12DAE7A5037->3f4de2de-7d09-498f-aead-42327df81d94: receive RaftClientReply:client-C12DAE7A5037->3f4de2de-7d09-498f-aead-42327df81d94@group-C7908E81CC6B, cid=1520, SUCCESS, logIndex=2209, commits[3f4de2de-7d09-498f-aead-42327df81d94:c2210]
2019-08-05 04:37:53,695 INFO  client.GrpcClientProtocolClient (GrpcClientProtocolClient.java:onNext(255)) - client-C12DAE7A5037->3f4de2de-7d09-498f-aead-42327df81d94: receive RaftClientReply:client-C12DAE7A5037->3f4de2de-7d09-498f-aead-42327df81d94@group-C7908E81CC6B, cid=1521, SUCCESS, logIndex=2212, commits[3f4de2de-7d09-498f-aead-42327df81d94:c2213]
2019-08-05 04:37:53,696 INFO  client.GrpcClientProtocolClient (GrpcClientProtocolClient.java:onNext(255)) - client-C12DAE7A5037->3f4de2de-7d09-498f-aead-42327df81d94: receive RaftClientReply:client-C12DAE7A5037->3f4de2de-7d09-498f-aead-42327df81d94@group-C7908E81CC6B, cid=1522, SUCCESS, logIndex=2213, commits[3f4de2de-7d09-498f-aead-42327df81d94:c2213]
2019-08-05 04:37:53,697 INFO  client.GrpcClientProtocolClient (GrpcClientProtocolClient.java:onNext(255)) - client-C12DAE7A5037->3f4de2de-7d09-498f-aead-42327df81d94: receive RaftClientReply:client-C12DAE7A5037->3f4de2de-7d09-498f-aead-42327df81d94@group-C7908E81CC6B, cid=1523, SUCCESS, logIndex=2214, commits[3f4de2de-7d09-498f-aead-42327df81d94:c2215]
2019-08-05 04:37:53,698 INFO  client.GrpcClientProtocolClient (GrpcClientProtocolClient.java:onNext(255)) - client-C12DAE7A5037->3f4de2de-7d09-498f-aead-42327df81d94: receive RaftClientReply:client-C12DAE7A5037->3f4de2de-7d09-498f-aead-42327df81d94@group-C7908E81CC6B, cid=1524, SUCCESS, logIndex=2215, commits[3f4de2de-7d09-498f-aead-42327df81d94:c2216]
2019-08-05 04:37:53,717 INFO  client.GrpcClientProtocolClient (GrpcClientProtocolClient.java:onNext(255)) - client-C12DAE7A5037->3f4de2de-7d09-498f-aead-42327df81d94: receive RaftClientReply:client-C12DAE7A5037->3f4de2de-7d09-498f-aead-42327df81d94@group-C7908E81CC6B, cid=1525, SUCCESS, logIndex=2218, commits[3f4de2de-7d09-498f-aead-42327df81d94:c2219]
2019-08-05 04:37:53,718 INFO  client.GrpcClientProtocolClient (GrpcClientProtocolClient.java:onNext(255)) - client-C12DAE7A5037->3f4de2de-7d09-498f-aead-42327df81d94: receive RaftClientReply:client-C12DAE7A5037->3f4de2de-7d09-498f-aead-42327df81d94@group-C7908E81CC6B, cid=1526, SUCCESS, logIndex=2219, commits[3f4de2de-7d09-498f-aead-42327df81d94:c2221]
2019-08-05 04:37:53,718 INFO  client.GrpcClientProtocolClient (GrpcClientProtocolClient.java:onNext(255)) - client-C12DAE7A5037->3f4de2de-7d09-498f-aead-42327df81d94: receive RaftClientReply:client-C12DAE7A5037->3f4de2de-7d09-498f-aead-42327df81d94@group-C7908E81CC6B, cid=1527, SUCCESS, logIndex=2220, commits[3f4de2de-7d09-498f-aead-42327df81d94:c2222]
2019-08-05 04:37:53,719 INFO  client.GrpcClientProtocolClient (GrpcClientProtocolClient.java:onNext(255)) - client-C12DAE7A5037->3f4de2de-7d09-498f-aead-42327df81d94: receive RaftClientReply:client-C12DAE7A5037->3f4de2de-7d09-498f-aead-42327df81d94@group-C7908E81CC6B, cid=1528, SUCCESS, logIndex=2221, commits[3f4de2de-7d09-498f-aead-42327df81d94:c2222]
2019-08-05 04:37:53,749 INFO  client.GrpcClientProtocolClient (GrpcClientProtocolClient.java:onNext(255)) - client-C12DAE7A5037->3f4de2de-7d09-498f-aead-42327df81d94: receive RaftClientReply:client-C12DAE7A5037->3f4de2de-7d09-498f-aead-42327df81d94@group-C7908E81CC6B, cid=1529, SUCCESS, logIndex=2224, commits[3f4de2de-7d09-498f-aead-42327df81d94:c2225]
2019-08-05 04:37:53,749 INFO  client.GrpcClientProtocolClient (GrpcClientProtocolClient.java:onNext(255)) - client-C12DAE7A5037->3f4de2de-7d09-498f-aead-42327df81d94: receive RaftClientReply:client-C12DAE7A5037->3f4de2de-7d09-498f-aead-42327df81d94@group-C7908E81CC6B, cid=1530, SUCCESS, logIndex=2225, commits[3f4de2de-7d09-498f-aead-42327df81d94:c2227]
2019-08-05 04:37:53,750 INFO  client.GrpcClientProtocolClient (GrpcClientProtocolClient.java:onNext(255)) - client-C12DAE7A5037->3f4de2de-7d09-498f-aead-42327df81d94: receive RaftClientReply:client-C12DAE7A5037->3f4de2de-7d09-498f-aead-42327df81d94@group-C7908E81CC6B, cid=1531, SUCCESS, logIndex=2226, commits[3f4de2de-7d09-498f-aead-42327df81d94:c2228]
2019-08-05 04:37:53,750 INFO  client.GrpcClientProtocolClient (GrpcClientProtocolClient.java:onNext(255)) - client-C12DAE7A5037->3f4de2de-7d09-498f-aead-42327df81d94: receive RaftClientReply:client-C12DAE7A5037->3f4de2de-7d09-498f-aead-42327df81d94@group-C7908E81CC6B, cid=1532, SUCCESS, logIndex=2227, commits[3f4de2de-7d09-498f-aead-42327df81d94:c2228]
2019-08-05 04:37:53,768 DEBUG block.SCMBlockDeletingService (SCMBlockDeletingService.java:call(138)) - Running DeletedBlockTransactionScanner
2019-08-05 04:37:53,768 DEBUG block.SCMBlockDeletingService (SCMBlockDeletingService.java:call(155)) - Scanned deleted blocks log and got 0 delTX to process.
2019-08-05 04:37:53,769 INFO  client.GrpcClientProtocolClient (GrpcClientProtocolClient.java:onNext(255)) - client-C12DAE7A5037->3f4de2de-7d09-498f-aead-42327df81d94: receive RaftClientReply:client-C12DAE7A5037->3f4de2de-7d09-498f-aead-42327df81d94@group-C7908E81CC6B, cid=1533, SUCCESS, logIndex=2230, commits[3f4de2de-7d09-498f-aead-42327df81d94:c2231]
2019-08-05 04:37:53,770 INFO  client.GrpcClientProtocolClient (GrpcClientProtocolClient.java:onNext(255)) - client-C12DAE7A5037->3f4de2de-7d09-498f-aead-42327df81d94: receive RaftClientReply:client-C12DAE7A5037->3f4de2de-7d09-498f-aead-42327df81d94@group-C7908E81CC6B, cid=1534, SUCCESS, logIndex=2231, commits[3f4de2de-7d09-498f-aead-42327df81d94:c2231]
2019-08-05 04:37:53,770 INFO  client.GrpcClientProtocolClient (GrpcClientProtocolClient.java:onNext(255)) - client-C12DAE7A5037->3f4de2de-7d09-498f-aead-42327df81d94: receive RaftClientReply:client-C12DAE7A5037->3f4de2de-7d09-498f-aead-42327df81d94@group-C7908E81CC6B, cid=1535, SUCCESS, logIndex=2232, commits[3f4de2de-7d09-498f-aead-42327df81d94:c2233]
2019-08-05 04:37:53,770 INFO  client.GrpcClientProtocolClient (GrpcClientProtocolClient.java:onNext(255)) - client-C12DAE7A5037->3f4de2de-7d09-498f-aead-42327df81d94: receive RaftClientReply:client-C12DAE7A5037->3f4de2de-7d09-498f-aead-42327df81d94@group-C7908E81CC6B, cid=1536, SUCCESS, logIndex=2233, commits[3f4de2de-7d09-498f-aead-42327df81d94:c2234]
2019-08-05 04:37:53,798 INFO  client.GrpcClientProtocolClient (GrpcClientProtocolClient.java:onNext(255)) - client-C12DAE7A5037->3f4de2de-7d09-498f-aead-42327df81d94: receive RaftClientReply:client-C12DAE7A5037->3f4de2de-7d09-498f-aead-42327df81d94@group-C7908E81CC6B, cid=1537, SUCCESS, logIndex=2236, commits[3f4de2de-7d09-498f-aead-42327df81d94:c2237]
2019-08-05 04:37:53,799 INFO  client.GrpcClientProtocolClient (GrpcClientProtocolClient.java:onNext(255)) - client-C12DAE7A5037->3f4de2de-7d09-498f-aead-42327df81d94: receive RaftClientReply:client-C12DAE7A5037->3f4de2de-7d09-498f-aead-42327df81d94@group-C7908E81CC6B, cid=1538, SUCCESS, logIndex=2237, commits[3f4de2de-7d09-498f-aead-42327df81d94:c2237]
2019-08-05 04:37:53,799 INFO  client.GrpcClientProtocolClient (GrpcClientProtocolClient.java:onNext(255)) - client-C12DAE7A5037->3f4de2de-7d09-498f-aead-42327df81d94: receive RaftClientReply:client-C12DAE7A5037->3f4de2de-7d09-498f-aead-42327df81d94@group-C7908E81CC6B, cid=1539, SUCCESS, logIndex=2238, commits[3f4de2de-7d09-498f-aead-42327df81d94:c2239]
2019-08-05 04:37:53,799 INFO  client.GrpcClientProtocolClient (GrpcClientProtocolClient.java:onNext(255)) - client-C12DAE7A5037->3f4de2de-7d09-498f-aead-42327df81d94: receive RaftClientReply:client-C12DAE7A5037->3f4de2de-7d09-498f-aead-42327df81d94@group-C7908E81CC6B, cid=1540, SUCCESS, logIndex=2239, commits[3f4de2de-7d09-498f-aead-42327df81d94:c2240]
2019-08-05 04:37:53,820 INFO  client.GrpcClientProtocolClient (GrpcClientProtocolClient.java:onNext(255)) - client-C12DAE7A5037->3f4de2de-7d09-498f-aead-42327df81d94: receive RaftClientReply:client-C12DAE7A5037->3f4de2de-7d09-498f-aead-42327df81d94@group-C7908E81CC6B, cid=1541, SUCCESS, logIndex=2242, commits[3f4de2de-7d09-498f-aead-42327df81d94:c2243]
2019-08-05 04:37:53,820 INFO  client.GrpcClientProtocolClient (GrpcClientProtocolClient.java:onNext(255)) - client-C12DAE7A5037->3f4de2de-7d09-498f-aead-42327df81d94: receive RaftClientReply:client-C12DAE7A5037->3f4de2de-7d09-498f-aead-42327df81d94@group-C7908E81CC6B, cid=1542, SUCCESS, logIndex=2243, commits[3f4de2de-7d09-498f-aead-42327df81d94:c2245]
2019-08-05 04:37:53,820 INFO  client.GrpcClientProtocolClient (GrpcClientProtocolClient.java:onNext(255)) - client-C12DAE7A5037->3f4de2de-7d09-498f-aead-42327df81d94: receive RaftClientReply:client-C12DAE7A5037->3f4de2de-7d09-498f-aead-42327df81d94@group-C7908E81CC6B, cid=1543, SUCCESS, logIndex=2244, commits[3f4de2de-7d09-498f-aead-42327df81d94:c2245]
2019-08-05 04:37:53,821 INFO  client.GrpcClientProtocolClient (GrpcClientProtocolClient.java:onNext(255)) - client-C12DAE7A5037->3f4de2de-7d09-498f-aead-42327df81d94: receive RaftClientReply:client-C12DAE7A5037->3f4de2de-7d09-498f-aead-42327df81d94@group-C7908E81CC6B, cid=1544, SUCCESS, logIndex=2245, commits[3f4de2de-7d09-498f-aead-42327df81d94:c2246]
2019-08-05 04:37:53,850 INFO  client.GrpcClientProtocolClient (GrpcClientProtocolClient.java:onNext(255)) - client-C12DAE7A5037->3f4de2de-7d09-498f-aead-42327df81d94: receive RaftClientReply:client-C12DAE7A5037->3f4de2de-7d09-498f-aead-42327df81d94@group-C7908E81CC6B, cid=1545, SUCCESS, logIndex=2248, commits[3f4de2de-7d09-498f-aead-42327df81d94:c2249]
2019-08-05 04:37:53,851 INFO  client.GrpcClientProtocolClient (GrpcClientProtocolClient.java:onNext(255)) - client-C12DAE7A5037->3f4de2de-7d09-498f-aead-42327df81d94: receive RaftClientReply:client-C12DAE7A5037->3f4de2de-7d09-498f-aead-42327df81d94@group-C7908E81CC6B, cid=1546, SUCCESS, logIndex=2249, commits[3f4de2de-7d09-498f-aead-42327df81d94:c2250]
2019-08-05 04:37:53,869 DEBUG block.SCMBlockDeletingService (SCMBlockDeletingService.java:call(138)) - Running DeletedBlockTransactionScanner
2019-08-05 04:37:53,869 DEBUG block.SCMBlockDeletingService (SCMBlockDeletingService.java:call(155)) - Scanned deleted blocks log and got 0 delTX to process.
2019-08-05 04:37:53,969 DEBUG block.SCMBlockDeletingService (SCMBlockDeletingService.java:call(138)) - Running DeletedBlockTransactionScanner
2019-08-05 04:37:53,970 DEBUG block.SCMBlockDeletingService (SCMBlockDeletingService.java:call(155)) - Scanned deleted blocks log and got 0 delTX to process.
2019-08-05 04:37:53,984 INFO  client.GrpcClientProtocolClient (GrpcClientProtocolClient.java:onNext(255)) - client-C12DAE7A5037->3f4de2de-7d09-498f-aead-42327df81d94: receive RaftClientReply:client-C12DAE7A5037->3f4de2de-7d09-498f-aead-42327df81d94@group-C7908E81CC6B, cid=1547, SUCCESS, logIndex=2251, commits[3f4de2de-7d09-498f-aead-42327df81d94:c2252]
2019-08-05 04:37:53,984 INFO  client.GrpcClientProtocolClient (GrpcClientProtocolClient.java:onNext(255)) - client-C12DAE7A5037->3f4de2de-7d09-498f-aead-42327df81d94: receive RaftClientReply:client-C12DAE7A5037->3f4de2de-7d09-498f-aead-42327df81d94@group-C7908E81CC6B, cid=1548, SUCCESS, logIndex=2252, commits[3f4de2de-7d09-498f-aead-42327df81d94:c2253]
2019-08-05 04:37:54,004 INFO  client.GrpcClientProtocolClient (GrpcClientProtocolClient.java:onNext(255)) - client-C12DAE7A5037->3f4de2de-7d09-498f-aead-42327df81d94: receive RaftClientReply:client-C12DAE7A5037->3f4de2de-7d09-498f-aead-42327df81d94@group-C7908E81CC6B, cid=1549, SUCCESS, logIndex=2254, commits[3f4de2de-7d09-498f-aead-42327df81d94:c2255]
2019-08-05 04:37:54,005 INFO  client.GrpcClientProtocolClient (GrpcClientProtocolClient.java:onNext(255)) - client-C12DAE7A5037->3f4de2de-7d09-498f-aead-42327df81d94: receive RaftClientReply:client-C12DAE7A5037->3f4de2de-7d09-498f-aead-42327df81d94@group-C7908E81CC6B, cid=1550, SUCCESS, logIndex=2255, commits[3f4de2de-7d09-498f-aead-42327df81d94:c2255]
2019-08-05 04:37:54,006 INFO  client.GrpcClientProtocolClient (GrpcClientProtocolClient.java:onNext(255)) - client-C12DAE7A5037->3f4de2de-7d09-498f-aead-42327df81d94: receive RaftClientReply:client-C12DAE7A5037->3f4de2de-7d09-498f-aead-42327df81d94@group-C7908E81CC6B, cid=1551, SUCCESS, logIndex=2256, commits[3f4de2de-7d09-498f-aead-42327df81d94:c2257]
2019-08-05 04:37:54,006 INFO  client.GrpcClientProtocolClient (GrpcClientProtocolClient.java:onNext(255)) - client-C12DAE7A5037->3f4de2de-7d09-498f-aead-42327df81d94: receive RaftClientReply:client-C12DAE7A5037->3f4de2de-7d09-498f-aead-42327df81d94@group-C7908E81CC6B, cid=1552, SUCCESS, logIndex=2257, commits[3f4de2de-7d09-498f-aead-42327df81d94:c2257]
2019-08-05 04:37:54,036 INFO  client.GrpcClientProtocolClient (GrpcClientProtocolClient.java:onNext(255)) - client-C12DAE7A5037->3f4de2de-7d09-498f-aead-42327df81d94: receive RaftClientReply:client-C12DAE7A5037->3f4de2de-7d09-498f-aead-42327df81d94@group-C7908E81CC6B, cid=1553, SUCCESS, logIndex=2260, commits[3f4de2de-7d09-498f-aead-42327df81d94:c2261]
2019-08-05 04:37:54,037 INFO  client.GrpcClientProtocolClient (GrpcClientProtocolClient.java:onNext(255)) - client-C12DAE7A5037->3f4de2de-7d09-498f-aead-42327df81d94: receive RaftClientReply:client-C12DAE7A5037->3f4de2de-7d09-498f-aead-42327df81d94@group-C7908E81CC6B, cid=1554, SUCCESS, logIndex=2261, commits[3f4de2de-7d09-498f-aead-42327df81d94:c2263]
2019-08-05 04:37:54,038 INFO  client.GrpcClientProtocolClient (GrpcClientProtocolClient.java:onNext(255)) - client-C12DAE7A5037->3f4de2de-7d09-498f-aead-42327df81d94: receive RaftClientReply:client-C12DAE7A5037->3f4de2de-7d09-498f-aead-42327df81d94@group-C7908E81CC6B, cid=1555, SUCCESS, logIndex=2262, commits[3f4de2de-7d09-498f-aead-42327df81d94:c2264]
2019-08-05 04:37:54,038 INFO  client.GrpcClientProtocolClient (GrpcClientProtocolClient.java:onNext(255)) - client-C12DAE7A5037->3f4de2de-7d09-498f-aead-42327df81d94: receive RaftClientReply:client-C12DAE7A5037->3f4de2de-7d09-498f-aead-42327df81d94@group-C7908E81CC6B, cid=1556, SUCCESS, logIndex=2263, commits[3f4de2de-7d09-498f-aead-42327df81d94:c2264]
2019-08-05 04:37:54,060 INFO  client.GrpcClientProtocolClient (GrpcClientProtocolClient.java:onNext(255)) - client-C12DAE7A5037->3f4de2de-7d09-498f-aead-42327df81d94: receive RaftClientReply:client-C12DAE7A5037->3f4de2de-7d09-498f-aead-42327df81d94@group-C7908E81CC6B, cid=1557, SUCCESS, logIndex=2266, commits[3f4de2de-7d09-498f-aead-42327df81d94:c2269]
2019-08-05 04:37:54,060 INFO  client.GrpcClientProtocolClient (GrpcClientProtocolClient.java:onNext(255)) - client-C12DAE7A5037->3f4de2de-7d09-498f-aead-42327df81d94: receive RaftClientReply:client-C12DAE7A5037->3f4de2de-7d09-498f-aead-42327df81d94@group-C7908E81CC6B, cid=1558, SUCCESS, logIndex=2267, commits[3f4de2de-7d09-498f-aead-42327df81d94:c2270]
2019-08-05 04:37:54,061 INFO  client.GrpcClientProtocolClient (GrpcClientProtocolClient.java:onNext(255)) - client-C12DAE7A5037->3f4de2de-7d09-498f-aead-42327df81d94: receive RaftClientReply:client-C12DAE7A5037->3f4de2de-7d09-498f-aead-42327df81d94@group-C7908E81CC6B, cid=1559, SUCCESS, logIndex=2268, commits[3f4de2de-7d09-498f-aead-42327df81d94:c2271]
2019-08-05 04:37:54,061 INFO  client.GrpcClientProtocolClient (GrpcClientProtocolClient.java:onNext(255)) - client-C12DAE7A5037->3f4de2de-7d09-498f-aead-42327df81d94: receive RaftClientReply:client-C12DAE7A5037->3f4de2de-7d09-498f-aead-42327df81d94@group-C7908E81CC6B, cid=1560, SUCCESS, logIndex=2269, commits[3f4de2de-7d09-498f-aead-42327df81d94:c2271]
2019-08-05 04:37:54,070 DEBUG block.SCMBlockDeletingService (SCMBlockDeletingService.java:call(138)) - Running DeletedBlockTransactionScanner
2019-08-05 04:37:54,070 DEBUG block.SCMBlockDeletingService (SCMBlockDeletingService.java:call(155)) - Scanned deleted blocks log and got 0 delTX to process.
2019-08-05 04:37:54,090 INFO  client.GrpcClientProtocolClient (GrpcClientProtocolClient.java:onNext(255)) - client-C12DAE7A5037->3f4de2de-7d09-498f-aead-42327df81d94: receive RaftClientReply:client-C12DAE7A5037->3f4de2de-7d09-498f-aead-42327df81d94@group-C7908E81CC6B, cid=1561, SUCCESS, logIndex=2272, commits[3f4de2de-7d09-498f-aead-42327df81d94:c2273]
2019-08-05 04:37:54,091 INFO  client.GrpcClientProtocolClient (GrpcClientProtocolClient.java:onNext(255)) - client-C12DAE7A5037->3f4de2de-7d09-498f-aead-42327df81d94: receive RaftClientReply:client-C12DAE7A5037->3f4de2de-7d09-498f-aead-42327df81d94@group-C7908E81CC6B, cid=1562, SUCCESS, logIndex=2273, commits[3f4de2de-7d09-498f-aead-42327df81d94:c2275]
2019-08-05 04:37:54,091 INFO  client.GrpcClientProtocolClient (GrpcClientProtocolClient.java:onNext(255)) - client-C12DAE7A5037->3f4de2de-7d09-498f-aead-42327df81d94: receive RaftClientReply:client-C12DAE7A5037->3f4de2de-7d09-498f-aead-42327df81d94@group-C7908E81CC6B, cid=1563, SUCCESS, logIndex=2274, commits[3f4de2de-7d09-498f-aead-42327df81d94:c2276]
2019-08-05 04:37:54,091 INFO  client.GrpcClientProtocolClient (GrpcClientProtocolClient.java:onNext(255)) - client-C12DAE7A5037->3f4de2de-7d09-498f-aead-42327df81d94: receive RaftClientReply:client-C12DAE7A5037->3f4de2de-7d09-498f-aead-42327df81d94@group-C7908E81CC6B, cid=1564, SUCCESS, logIndex=2275, commits[3f4de2de-7d09-498f-aead-42327df81d94:c2277]
2019-08-05 04:37:54,112 INFO  client.GrpcClientProtocolClient (GrpcClientProtocolClient.java:onNext(255)) - client-C12DAE7A5037->3f4de2de-7d09-498f-aead-42327df81d94: receive RaftClientReply:client-C12DAE7A5037->3f4de2de-7d09-498f-aead-42327df81d94@group-C7908E81CC6B, cid=1565, SUCCESS, logIndex=2278, commits[3f4de2de-7d09-498f-aead-42327df81d94:c2279]
2019-08-05 04:37:54,112 INFO  client.GrpcClientProtocolClient (GrpcClientProtocolClient.java:onNext(255)) - client-C12DAE7A5037->3f4de2de-7d09-498f-aead-42327df81d94: receive RaftClientReply:client-C12DAE7A5037->3f4de2de-7d09-498f-aead-42327df81d94@group-C7908E81CC6B, cid=1566, SUCCESS, logIndex=2279, commits[3f4de2de-7d09-498f-aead-42327df81d94:c2281]
2019-08-05 04:37:54,113 INFO  client.GrpcClientProtocolClient (GrpcClientProtocolClient.java:onNext(255)) - client-C12DAE7A5037->3f4de2de-7d09-498f-aead-42327df81d94: receive RaftClientReply:client-C12DAE7A5037->3f4de2de-7d09-498f-aead-42327df81d94@group-C7908E81CC6B, cid=1567, SUCCESS, logIndex=2280, commits[3f4de2de-7d09-498f-aead-42327df81d94:c2282]
2019-08-05 04:37:54,113 INFO  client.GrpcClientProtocolClient (GrpcClientProtocolClient.java:onNext(255)) - client-C12DAE7A5037->3f4de2de-7d09-498f-aead-42327df81d94: receive RaftClientReply:client-C12DAE7A5037->3f4de2de-7d09-498f-aead-42327df81d94@group-C7908E81CC6B, cid=1568, SUCCESS, logIndex=2281, commits[3f4de2de-7d09-498f-aead-42327df81d94:c2282]
2019-08-05 04:37:54,173 DEBUG block.SCMBlockDeletingService (SCMBlockDeletingService.java:call(138)) - Running DeletedBlockTransactionScanner
2019-08-05 04:37:54,173 DEBUG block.SCMBlockDeletingService (SCMBlockDeletingService.java:call(155)) - Scanned deleted blocks log and got 0 delTX to process.
2019-08-05 04:37:54,189 INFO  client.GrpcClientProtocolClient (GrpcClientProtocolClient.java:onNext(255)) - client-C12DAE7A5037->3f4de2de-7d09-498f-aead-42327df81d94: receive RaftClientReply:client-C12DAE7A5037->3f4de2de-7d09-498f-aead-42327df81d94@group-C7908E81CC6B, cid=1569, SUCCESS, logIndex=2284, commits[3f4de2de-7d09-498f-aead-42327df81d94:c2287]
2019-08-05 04:37:54,190 INFO  client.GrpcClientProtocolClient (GrpcClientProtocolClient.java:onNext(255)) - client-C12DAE7A5037->3f4de2de-7d09-498f-aead-42327df81d94: receive RaftClientReply:client-C12DAE7A5037->3f4de2de-7d09-498f-aead-42327df81d94@group-C7908E81CC6B, cid=1570, SUCCESS, logIndex=2285, commits[3f4de2de-7d09-498f-aead-42327df81d94:c2288]
2019-08-05 04:37:54,190 INFO  client.GrpcClientProtocolClient (GrpcClientProtocolClient.java:onNext(255)) - client-C12DAE7A5037->3f4de2de-7d09-498f-aead-42327df81d94: receive RaftClientReply:client-C12DAE7A5037->3f4de2de-7d09-498f-aead-42327df81d94@group-C7908E81CC6B, cid=1571, SUCCESS, logIndex=2286, commits[3f4de2de-7d09-498f-aead-42327df81d94:c2288]
2019-08-05 04:37:54,191 INFO  client.GrpcClientProtocolClient (GrpcClientProtocolClient.java:onNext(255)) - client-C12DAE7A5037->3f4de2de-7d09-498f-aead-42327df81d94: receive RaftClientReply:client-C12DAE7A5037->3f4de2de-7d09-498f-aead-42327df81d94@group-C7908E81CC6B, cid=1572, SUCCESS, logIndex=2287, commits[3f4de2de-7d09-498f-aead-42327df81d94:c2289]
2019-08-05 04:37:54,211 INFO  client.GrpcClientProtocolClient (GrpcClientProtocolClient.java:onNext(255)) - client-C12DAE7A5037->3f4de2de-7d09-498f-aead-42327df81d94: receive RaftClientReply:client-C12DAE7A5037->3f4de2de-7d09-498f-aead-42327df81d94@group-C7908E81CC6B, cid=1573, SUCCESS, logIndex=2290, commits[3f4de2de-7d09-498f-aead-42327df81d94:c2291]
2019-08-05 04:37:54,211 INFO  client.GrpcClientProtocolClient (GrpcClientProtocolClient.java:onNext(255)) - client-C12DAE7A5037->3f4de2de-7d09-498f-aead-42327df81d94: receive RaftClientReply:client-C12DAE7A5037->3f4de2de-7d09-498f-aead-42327df81d94@group-C7908E81CC6B, cid=1574, SUCCESS, logIndex=2291, commits[3f4de2de-7d09-498f-aead-42327df81d94:c2293]
2019-08-05 04:37:54,211 INFO  client.GrpcClientProtocolClient (GrpcClientProtocolClient.java:onNext(255)) - client-C12DAE7A5037->3f4de2de-7d09-498f-aead-42327df81d94: receive RaftClientReply:client-C12DAE7A5037->3f4de2de-7d09-498f-aead-42327df81d94@group-C7908E81CC6B, cid=1575, SUCCESS, logIndex=2292, commits[3f4de2de-7d09-498f-aead-42327df81d94:c2294]
2019-08-05 04:37:54,212 INFO  client.GrpcClientProtocolClient (GrpcClientProtocolClient.java:onNext(255)) - client-C12DAE7A5037->3f4de2de-7d09-498f-aead-42327df81d94: receive RaftClientReply:client-C12DAE7A5037->3f4de2de-7d09-498f-aead-42327df81d94@group-C7908E81CC6B, cid=1576, SUCCESS, logIndex=2293, commits[3f4de2de-7d09-498f-aead-42327df81d94:c2295]
2019-08-05 04:37:54,239 INFO  client.GrpcClientProtocolClient (GrpcClientProtocolClient.java:onNext(255)) - client-C12DAE7A5037->3f4de2de-7d09-498f-aead-42327df81d94: receive RaftClientReply:client-C12DAE7A5037->3f4de2de-7d09-498f-aead-42327df81d94@group-C7908E81CC6B, cid=1577, SUCCESS, logIndex=2296, commits[3f4de2de-7d09-498f-aead-42327df81d94:c2297]
2019-08-05 04:37:54,240 INFO  client.GrpcClientProtocolClient (GrpcClientProtocolClient.java:onNext(255)) - client-C12DAE7A5037->3f4de2de-7d09-498f-aead-42327df81d94: receive RaftClientReply:client-C12DAE7A5037->3f4de2de-7d09-498f-aead-42327df81d94@group-C7908E81CC6B, cid=1578, SUCCESS, logIndex=2297, commits[3f4de2de-7d09-498f-aead-42327df81d94:c2299]
2019-08-05 04:37:54,240 INFO  client.GrpcClientProtocolClient (GrpcClientProtocolClient.java:onNext(255)) - client-C12DAE7A5037->3f4de2de-7d09-498f-aead-42327df81d94: receive RaftClientReply:client-C12DAE7A5037->3f4de2de-7d09-498f-aead-42327df81d94@group-C7908E81CC6B, cid=1579, SUCCESS, logIndex=2298, commits[3f4de2de-7d09-498f-aead-42327df81d94:c2300]
2019-08-05 04:37:54,240 INFO  client.GrpcClientProtocolClient (GrpcClientProtocolClient.java:onNext(255)) - client-C12DAE7A5037->3f4de2de-7d09-498f-aead-42327df81d94: receive RaftClientReply:client-C12DAE7A5037->3f4de2de-7d09-498f-aead-42327df81d94@group-C7908E81CC6B, cid=1580, SUCCESS, logIndex=2299, commits[3f4de2de-7d09-498f-aead-42327df81d94:c2301]
2019-08-05 04:37:54,260 INFO  client.GrpcClientProtocolClient (GrpcClientProtocolClient.java:onNext(255)) - client-C12DAE7A5037->3f4de2de-7d09-498f-aead-42327df81d94: receive RaftClientReply:client-C12DAE7A5037->3f4de2de-7d09-498f-aead-42327df81d94@group-C7908E81CC6B, cid=1581, SUCCESS, logIndex=2302, commits[3f4de2de-7d09-498f-aead-42327df81d94:c2303]
2019-08-05 04:37:54,262 INFO  client.GrpcClientProtocolClient (GrpcClientProtocolClient.java:onNext(255)) - client-C12DAE7A5037->3f4de2de-7d09-498f-aead-42327df81d94: receive RaftClientReply:client-C12DAE7A5037->3f4de2de-7d09-498f-aead-42327df81d94@group-C7908E81CC6B, cid=1582, SUCCESS, logIndex=2303, commits[3f4de2de-7d09-498f-aead-42327df81d94:c2303]
2019-08-05 04:37:54,263 INFO  client.GrpcClientProtocolClient (GrpcClientProtocolClient.java:onNext(255)) - client-C12DAE7A5037->3f4de2de-7d09-498f-aead-42327df81d94: receive RaftClientReply:client-C12DAE7A5037->3f4de2de-7d09-498f-aead-42327df81d94@group-C7908E81CC6B, cid=1583, SUCCESS, logIndex=2304, commits[3f4de2de-7d09-498f-aead-42327df81d94:c2306]
2019-08-05 04:37:54,263 INFO  client.GrpcClientProtocolClient (GrpcClientProtocolClient.java:onNext(255)) - client-C12DAE7A5037->3f4de2de-7d09-498f-aead-42327df81d94: receive RaftClientReply:client-C12DAE7A5037->3f4de2de-7d09-498f-aead-42327df81d94@group-C7908E81CC6B, cid=1584, SUCCESS, logIndex=2305, commits[3f4de2de-7d09-498f-aead-42327df81d94:c2306]
2019-08-05 04:37:54,273 DEBUG block.SCMBlockDeletingService (SCMBlockDeletingService.java:call(138)) - Running DeletedBlockTransactionScanner
2019-08-05 04:37:54,274 DEBUG block.SCMBlockDeletingService (SCMBlockDeletingService.java:call(155)) - Scanned deleted blocks log and got 0 delTX to process.
2019-08-05 04:37:54,292 INFO  client.GrpcClientProtocolClient (GrpcClientProtocolClient.java:onNext(255)) - client-C12DAE7A5037->3f4de2de-7d09-498f-aead-42327df81d94: receive RaftClientReply:client-C12DAE7A5037->3f4de2de-7d09-498f-aead-42327df81d94@group-C7908E81CC6B, cid=1585, SUCCESS, logIndex=2307, commits[3f4de2de-7d09-498f-aead-42327df81d94:c2310]
2019-08-05 04:37:54,292 INFO  client.GrpcClientProtocolClient (GrpcClientProtocolClient.java:onNext(255)) - client-C12DAE7A5037->3f4de2de-7d09-498f-aead-42327df81d94: receive RaftClientReply:client-C12DAE7A5037->3f4de2de-7d09-498f-aead-42327df81d94@group-C7908E81CC6B, cid=1586, SUCCESS, logIndex=2308, commits[3f4de2de-7d09-498f-aead-42327df81d94:c2310]
2019-08-05 04:37:54,293 INFO  client.GrpcClientProtocolClient (GrpcClientProtocolClient.java:onNext(255)) - client-C12DAE7A5037->3f4de2de-7d09-498f-aead-42327df81d94: receive RaftClientReply:client-C12DAE7A5037->3f4de2de-7d09-498f-aead-42327df81d94@group-C7908E81CC6B, cid=1587, SUCCESS, logIndex=2309, commits[3f4de2de-7d09-498f-aead-42327df81d94:c2311]
2019-08-05 04:37:54,293 INFO  client.GrpcClientProtocolClient (GrpcClientProtocolClient.java:onNext(255)) - client-C12DAE7A5037->3f4de2de-7d09-498f-aead-42327df81d94: receive RaftClientReply:client-C12DAE7A5037->3f4de2de-7d09-498f-aead-42327df81d94@group-C7908E81CC6B, cid=1588, SUCCESS, logIndex=2310, commits[3f4de2de-7d09-498f-aead-42327df81d94:c2312]
2019-08-05 04:37:54,312 INFO  client.GrpcClientProtocolClient (GrpcClientProtocolClient.java:onNext(255)) - client-C12DAE7A5037->3f4de2de-7d09-498f-aead-42327df81d94: receive RaftClientReply:client-C12DAE7A5037->3f4de2de-7d09-498f-aead-42327df81d94@group-C7908E81CC6B, cid=1589, SUCCESS, logIndex=2313, commits[3f4de2de-7d09-498f-aead-42327df81d94:c2314]
2019-08-05 04:37:54,312 INFO  client.GrpcClientProtocolClient (GrpcClientProtocolClient.java:onNext(255)) - client-C12DAE7A5037->3f4de2de-7d09-498f-aead-42327df81d94: receive RaftClientReply:client-C12DAE7A5037->3f4de2de-7d09-498f-aead-42327df81d94@group-C7908E81CC6B, cid=1590, SUCCESS, logIndex=2314, commits[3f4de2de-7d09-498f-aead-42327df81d94:c2315]
2019-08-05 04:37:54,374 DEBUG block.SCMBlockDeletingService (SCMBlockDeletingService.java:call(138)) - Running DeletedBlockTransactionScanner
2019-08-05 04:37:54,374 DEBUG block.SCMBlockDeletingService (SCMBlockDeletingService.java:call(155)) - Scanned deleted blocks log and got 0 delTX to process.
2019-08-05 04:37:54,409 INFO  client.GrpcClientProtocolClient (GrpcClientProtocolClient.java:onNext(255)) - client-C12DAE7A5037->3f4de2de-7d09-498f-aead-42327df81d94: receive RaftClientReply:client-C12DAE7A5037->3f4de2de-7d09-498f-aead-42327df81d94@group-C7908E81CC6B, cid=1591, SUCCESS, logIndex=2316, commits[3f4de2de-7d09-498f-aead-42327df81d94:c2317]
2019-08-05 04:37:54,410 INFO  client.GrpcClientProtocolClient (GrpcClientProtocolClient.java:onNext(255)) - client-C12DAE7A5037->3f4de2de-7d09-498f-aead-42327df81d94: receive RaftClientReply:client-C12DAE7A5037->3f4de2de-7d09-498f-aead-42327df81d94@group-C7908E81CC6B, cid=1592, SUCCESS, logIndex=2317, commits[3f4de2de-7d09-498f-aead-42327df81d94:c2318]
2019-08-05 04:37:54,441 INFO  client.GrpcClientProtocolClient (GrpcClientProtocolClient.java:onNext(255)) - client-C12DAE7A5037->3f4de2de-7d09-498f-aead-42327df81d94: receive RaftClientReply:client-C12DAE7A5037->3f4de2de-7d09-498f-aead-42327df81d94@group-C7908E81CC6B, cid=1593, SUCCESS, logIndex=2319, commits[3f4de2de-7d09-498f-aead-42327df81d94:c2322]
2019-08-05 04:37:54,442 INFO  client.GrpcClientProtocolClient (GrpcClientProtocolClient.java:onNext(255)) - client-C12DAE7A5037->3f4de2de-7d09-498f-aead-42327df81d94: receive RaftClientReply:client-C12DAE7A5037->3f4de2de-7d09-498f-aead-42327df81d94@group-C7908E81CC6B, cid=1594, SUCCESS, logIndex=2320, commits[3f4de2de-7d09-498f-aead-42327df81d94:c2322]
2019-08-05 04:37:54,442 INFO  client.GrpcClientProtocolClient (GrpcClientProtocolClient.java:onNext(255)) - client-C12DAE7A5037->3f4de2de-7d09-498f-aead-42327df81d94: receive RaftClientReply:client-C12DAE7A5037->3f4de2de-7d09-498f-aead-42327df81d94@group-C7908E81CC6B, cid=1595, SUCCESS, logIndex=2321, commits[3f4de2de-7d09-498f-aead-42327df81d94:c2323]
2019-08-05 04:37:54,443 INFO  client.GrpcClientProtocolClient (GrpcClientProtocolClient.java:onNext(255)) - client-C12DAE7A5037->3f4de2de-7d09-498f-aead-42327df81d94: receive RaftClientReply:client-C12DAE7A5037->3f4de2de-7d09-498f-aead-42327df81d94@group-C7908E81CC6B, cid=1596, SUCCESS, logIndex=2322, commits[3f4de2de-7d09-498f-aead-42327df81d94:c2323]
2019-08-05 04:37:54,461 INFO  client.GrpcClientProtocolClient (GrpcClientProtocolClient.java:onNext(255)) - client-C12DAE7A5037->3f4de2de-7d09-498f-aead-42327df81d94: receive RaftClientReply:client-C12DAE7A5037->3f4de2de-7d09-498f-aead-42327df81d94@group-C7908E81CC6B, cid=1597, SUCCESS, logIndex=2324, commits[3f4de2de-7d09-498f-aead-42327df81d94:c2325]
2019-08-05 04:37:54,461 INFO  client.GrpcClientProtocolClient (GrpcClientProtocolClient.java:onNext(255)) - client-C12DAE7A5037->3f4de2de-7d09-498f-aead-42327df81d94: receive RaftClientReply:client-C12DAE7A5037->3f4de2de-7d09-498f-aead-42327df81d94@group-C7908E81CC6B, cid=1598, SUCCESS, logIndex=2325, commits[3f4de2de-7d09-498f-aead-42327df81d94:c2327]
2019-08-05 04:37:54,462 INFO  client.GrpcClientProtocolClient (GrpcClientProtocolClient.java:onNext(255)) - client-C12DAE7A5037->3f4de2de-7d09-498f-aead-42327df81d94: receive RaftClientReply:client-C12DAE7A5037->3f4de2de-7d09-498f-aead-42327df81d94@group-C7908E81CC6B, cid=1599, SUCCESS, logIndex=2326, commits[3f4de2de-7d09-498f-aead-42327df81d94:c2328]
2019-08-05 04:37:54,462 INFO  client.GrpcClientProtocolClient (GrpcClientProtocolClient.java:onNext(255)) - client-C12DAE7A5037->3f4de2de-7d09-498f-aead-42327df81d94: receive RaftClientReply:client-C12DAE7A5037->3f4de2de-7d09-498f-aead-42327df81d94@group-C7908E81CC6B, cid=1600, SUCCESS, logIndex=2327, commits[3f4de2de-7d09-498f-aead-42327df81d94:c2328]
2019-08-05 04:37:54,475 DEBUG block.SCMBlockDeletingService (SCMBlockDeletingService.java:call(138)) - Running DeletedBlockTransactionScanner
2019-08-05 04:37:54,475 DEBUG block.SCMBlockDeletingService (SCMBlockDeletingService.java:call(155)) - Scanned deleted blocks log and got 0 delTX to process.
2019-08-05 04:37:54,489 INFO  client.GrpcClientProtocolClient (GrpcClientProtocolClient.java:onNext(255)) - client-C12DAE7A5037->3f4de2de-7d09-498f-aead-42327df81d94: receive RaftClientReply:client-C12DAE7A5037->3f4de2de-7d09-498f-aead-42327df81d94@group-C7908E81CC6B, cid=1601, SUCCESS, logIndex=2330, commits[3f4de2de-7d09-498f-aead-42327df81d94:c2331]
2019-08-05 04:37:54,490 INFO  client.GrpcClientProtocolClient (GrpcClientProtocolClient.java:onNext(255)) - client-C12DAE7A5037->3f4de2de-7d09-498f-aead-42327df81d94: receive RaftClientReply:client-C12DAE7A5037->3f4de2de-7d09-498f-aead-42327df81d94@group-C7908E81CC6B, cid=1602, SUCCESS, logIndex=2331, commits[3f4de2de-7d09-498f-aead-42327df81d94:c2333]
2019-08-05 04:37:54,490 INFO  client.GrpcClientProtocolClient (GrpcClientProtocolClient.java:onNext(255)) - client-C12DAE7A5037->3f4de2de-7d09-498f-aead-42327df81d94: receive RaftClientReply:client-C12DAE7A5037->3f4de2de-7d09-498f-aead-42327df81d94@group-C7908E81CC6B, cid=1603, SUCCESS, logIndex=2332, commits[3f4de2de-7d09-498f-aead-42327df81d94:c2334]
2019-08-05 04:37:54,491 INFO  client.GrpcClientProtocolClient (GrpcClientProtocolClient.java:onNext(255)) - client-C12DAE7A5037->3f4de2de-7d09-498f-aead-42327df81d94: receive RaftClientReply:client-C12DAE7A5037->3f4de2de-7d09-498f-aead-42327df81d94@group-C7908E81CC6B, cid=1604, SUCCESS, logIndex=2333, commits[3f4de2de-7d09-498f-aead-42327df81d94:c2334]
2019-08-05 04:37:54,510 INFO  client.GrpcClientProtocolClient (GrpcClientProtocolClient.java:onNext(255)) - client-C12DAE7A5037->3f4de2de-7d09-498f-aead-42327df81d94: receive RaftClientReply:client-C12DAE7A5037->3f4de2de-7d09-498f-aead-42327df81d94@group-C7908E81CC6B, cid=1605, SUCCESS, logIndex=2336, commits[3f4de2de-7d09-498f-aead-42327df81d94:c2337]
2019-08-05 04:37:54,510 INFO  client.GrpcClientProtocolClient (GrpcClientProtocolClient.java:onNext(255)) - client-C12DAE7A5037->3f4de2de-7d09-498f-aead-42327df81d94: receive RaftClientReply:client-C12DAE7A5037->3f4de2de-7d09-498f-aead-42327df81d94@group-C7908E81CC6B, cid=1606, SUCCESS, logIndex=2337, commits[3f4de2de-7d09-498f-aead-42327df81d94:c2339]
2019-08-05 04:37:54,510 INFO  client.GrpcClientProtocolClient (GrpcClientProtocolClient.java:onNext(255)) - client-C12DAE7A5037->3f4de2de-7d09-498f-aead-42327df81d94: receive RaftClientReply:client-C12DAE7A5037->3f4de2de-7d09-498f-aead-42327df81d94@group-C7908E81CC6B, cid=1607, SUCCESS, logIndex=2338, commits[3f4de2de-7d09-498f-aead-42327df81d94:c2340]
2019-08-05 04:37:54,511 INFO  client.GrpcClientProtocolClient (GrpcClientProtocolClient.java:onNext(255)) - client-C12DAE7A5037->3f4de2de-7d09-498f-aead-42327df81d94: receive RaftClientReply:client-C12DAE7A5037->3f4de2de-7d09-498f-aead-42327df81d94@group-C7908E81CC6B, cid=1608, SUCCESS, logIndex=2339, commits[3f4de2de-7d09-498f-aead-42327df81d94:c2340]
2019-08-05 04:37:54,537 INFO  client.GrpcClientProtocolClient (GrpcClientProtocolClient.java:onNext(255)) - client-C12DAE7A5037->3f4de2de-7d09-498f-aead-42327df81d94: receive RaftClientReply:client-C12DAE7A5037->3f4de2de-7d09-498f-aead-42327df81d94@group-C7908E81CC6B, cid=1609, SUCCESS, logIndex=2342, commits[3f4de2de-7d09-498f-aead-42327df81d94:c2343]
2019-08-05 04:37:54,538 INFO  client.GrpcClientProtocolClient (GrpcClientProtocolClient.java:onNext(255)) - client-C12DAE7A5037->3f4de2de-7d09-498f-aead-42327df81d94: receive RaftClientReply:client-C12DAE7A5037->3f4de2de-7d09-498f-aead-42327df81d94@group-C7908E81CC6B, cid=1610, SUCCESS, logIndex=2343, commits[3f4de2de-7d09-498f-aead-42327df81d94:c2345]
2019-08-05 04:37:54,538 INFO  client.GrpcClientProtocolClient (GrpcClientProtocolClient.java:onNext(255)) - client-C12DAE7A5037->3f4de2de-7d09-498f-aead-42327df81d94: receive RaftClientReply:client-C12DAE7A5037->3f4de2de-7d09-498f-aead-42327df81d94@group-C7908E81CC6B, cid=1611, SUCCESS, logIndex=2344, commits[3f4de2de-7d09-498f-aead-42327df81d94:c2345]
2019-08-05 04:37:54,539 INFO  client.GrpcClientProtocolClient (GrpcClientProtocolClient.java:onNext(255)) - client-C12DAE7A5037->3f4de2de-7d09-498f-aead-42327df81d94: receive RaftClientReply:client-C12DAE7A5037->3f4de2de-7d09-498f-aead-42327df81d94@group-C7908E81CC6B, cid=1612, SUCCESS, logIndex=2345, commits[3f4de2de-7d09-498f-aead-42327df81d94:c2346]
2019-08-05 04:37:54,556 INFO  client.GrpcClientProtocolClient (GrpcClientProtocolClient.java:onNext(255)) - client-C12DAE7A5037->3f4de2de-7d09-498f-aead-42327df81d94: receive RaftClientReply:client-C12DAE7A5037->3f4de2de-7d09-498f-aead-42327df81d94@group-C7908E81CC6B, cid=1613, SUCCESS, logIndex=2348, commits[3f4de2de-7d09-498f-aead-42327df81d94:c2349]
2019-08-05 04:37:54,557 INFO  client.GrpcClientProtocolClient (GrpcClientProtocolClient.java:onNext(255)) - client-C12DAE7A5037->3f4de2de-7d09-498f-aead-42327df81d94: receive RaftClientReply:client-C12DAE7A5037->3f4de2de-7d09-498f-aead-42327df81d94@group-C7908E81CC6B, cid=1614, SUCCESS, logIndex=2349, commits[3f4de2de-7d09-498f-aead-42327df81d94:c2351]
2019-08-05 04:37:54,557 INFO  client.GrpcClientProtocolClient (GrpcClientProtocolClient.java:onNext(255)) - client-C12DAE7A5037->3f4de2de-7d09-498f-aead-42327df81d94: receive RaftClientReply:client-C12DAE7A5037->3f4de2de-7d09-498f-aead-42327df81d94@group-C7908E81CC6B, cid=1615, SUCCESS, logIndex=2350, commits[3f4de2de-7d09-498f-aead-42327df81d94:c2352]
2019-08-05 04:37:54,558 INFO  client.GrpcClientProtocolClient (GrpcClientProtocolClient.java:onNext(255)) - client-C12DAE7A5037->3f4de2de-7d09-498f-aead-42327df81d94: receive RaftClientReply:client-C12DAE7A5037->3f4de2de-7d09-498f-aead-42327df81d94@group-C7908E81CC6B, cid=1616, SUCCESS, logIndex=2351, commits[3f4de2de-7d09-498f-aead-42327df81d94:c2352]
2019-08-05 04:37:54,575 DEBUG block.SCMBlockDeletingService (SCMBlockDeletingService.java:call(138)) - Running DeletedBlockTransactionScanner
2019-08-05 04:37:54,576 DEBUG block.SCMBlockDeletingService (SCMBlockDeletingService.java:call(155)) - Scanned deleted blocks log and got 0 delTX to process.
2019-08-05 04:37:54,584 INFO  client.GrpcClientProtocolClient (GrpcClientProtocolClient.java:onNext(255)) - client-C12DAE7A5037->3f4de2de-7d09-498f-aead-42327df81d94: receive RaftClientReply:client-C12DAE7A5037->3f4de2de-7d09-498f-aead-42327df81d94@group-C7908E81CC6B, cid=1617, SUCCESS, logIndex=2354, commits[3f4de2de-7d09-498f-aead-42327df81d94:c2355]
2019-08-05 04:37:54,584 INFO  client.GrpcClientProtocolClient (GrpcClientProtocolClient.java:onNext(255)) - client-C12DAE7A5037->3f4de2de-7d09-498f-aead-42327df81d94: receive RaftClientReply:client-C12DAE7A5037->3f4de2de-7d09-498f-aead-42327df81d94@group-C7908E81CC6B, cid=1618, SUCCESS, logIndex=2355, commits[3f4de2de-7d09-498f-aead-42327df81d94:c2357]
2019-08-05 04:37:54,584 INFO  client.GrpcClientProtocolClient (GrpcClientProtocolClient.java:onNext(255)) - client-C12DAE7A5037->3f4de2de-7d09-498f-aead-42327df81d94: receive RaftClientReply:client-C12DAE7A5037->3f4de2de-7d09-498f-aead-42327df81d94@group-C7908E81CC6B, cid=1619, SUCCESS, logIndex=2356, commits[3f4de2de-7d09-498f-aead-42327df81d94:c2357]
2019-08-05 04:37:54,585 INFO  client.GrpcClientProtocolClient (GrpcClientProtocolClient.java:onNext(255)) - client-C12DAE7A5037->3f4de2de-7d09-498f-aead-42327df81d94: receive RaftClientReply:client-C12DAE7A5037->3f4de2de-7d09-498f-aead-42327df81d94@group-C7908E81CC6B, cid=1620, SUCCESS, logIndex=2357, commits[3f4de2de-7d09-498f-aead-42327df81d94:c2358]
2019-08-05 04:37:54,603 INFO  client.GrpcClientProtocolClient (GrpcClientProtocolClient.java:onNext(255)) - client-C12DAE7A5037->3f4de2de-7d09-498f-aead-42327df81d94: receive RaftClientReply:client-C12DAE7A5037->3f4de2de-7d09-498f-aead-42327df81d94@group-C7908E81CC6B, cid=1621, SUCCESS, logIndex=2360, commits[3f4de2de-7d09-498f-aead-42327df81d94:c2361]
2019-08-05 04:37:54,603 INFO  client.GrpcClientProtocolClient (GrpcClientProtocolClient.java:onNext(255)) - client-C12DAE7A5037->3f4de2de-7d09-498f-aead-42327df81d94: receive RaftClientReply:client-C12DAE7A5037->3f4de2de-7d09-498f-aead-42327df81d94@group-C7908E81CC6B, cid=1622, SUCCESS, logIndex=2361, commits[3f4de2de-7d09-498f-aead-42327df81d94:c2363]
2019-08-05 04:37:54,604 INFO  client.GrpcClientProtocolClient (GrpcClientProtocolClient.java:onNext(255)) - client-C12DAE7A5037->3f4de2de-7d09-498f-aead-42327df81d94: receive RaftClientReply:client-C12DAE7A5037->3f4de2de-7d09-498f-aead-42327df81d94@group-C7908E81CC6B, cid=1623, SUCCESS, logIndex=2362, commits[3f4de2de-7d09-498f-aead-42327df81d94:c2363]
2019-08-05 04:37:54,604 INFO  client.GrpcClientProtocolClient (GrpcClientProtocolClient.java:onNext(255)) - client-C12DAE7A5037->3f4de2de-7d09-498f-aead-42327df81d94: receive RaftClientReply:client-C12DAE7A5037->3f4de2de-7d09-498f-aead-42327df81d94@group-C7908E81CC6B, cid=1624, SUCCESS, logIndex=2363, commits[3f4de2de-7d09-498f-aead-42327df81d94:c2364]
2019-08-05 04:37:54,629 INFO  client.GrpcClientProtocolClient (GrpcClientProtocolClient.java:onNext(255)) - client-C12DAE7A5037->3f4de2de-7d09-498f-aead-42327df81d94: receive RaftClientReply:client-C12DAE7A5037->3f4de2de-7d09-498f-aead-42327df81d94@group-C7908E81CC6B, cid=1625, SUCCESS, logIndex=2366, commits[3f4de2de-7d09-498f-aead-42327df81d94:c2369]
2019-08-05 04:37:54,630 INFO  client.GrpcClientProtocolClient (GrpcClientProtocolClient.java:onNext(255)) - client-C12DAE7A5037->3f4de2de-7d09-498f-aead-42327df81d94: receive RaftClientReply:client-C12DAE7A5037->3f4de2de-7d09-498f-aead-42327df81d94@group-C7908E81CC6B, cid=1626, SUCCESS, logIndex=2367, commits[3f4de2de-7d09-498f-aead-42327df81d94:c2369]
2019-08-05 04:37:54,630 INFO  client.GrpcClientProtocolClient (GrpcClientProtocolClient.java:onNext(255)) - client-C12DAE7A5037->3f4de2de-7d09-498f-aead-42327df81d94: receive RaftClientReply:client-C12DAE7A5037->3f4de2de-7d09-498f-aead-42327df81d94@group-C7908E81CC6B, cid=1627, SUCCESS, logIndex=2368, commits[3f4de2de-7d09-498f-aead-42327df81d94:c2370]
2019-08-05 04:37:54,630 INFO  client.GrpcClientProtocolClient (GrpcClientProtocolClient.java:onNext(255)) - client-C12DAE7A5037->3f4de2de-7d09-498f-aead-42327df81d94: receive RaftClientReply:client-C12DAE7A5037->3f4de2de-7d09-498f-aead-42327df81d94@group-C7908E81CC6B, cid=1628, SUCCESS, logIndex=2369, commits[3f4de2de-7d09-498f-aead-42327df81d94:c2371]
2019-08-05 04:37:54,653 INFO  client.GrpcClientProtocolClient (GrpcClientProtocolClient.java:onNext(255)) - client-C12DAE7A5037->3f4de2de-7d09-498f-aead-42327df81d94: receive RaftClientReply:client-C12DAE7A5037->3f4de2de-7d09-498f-aead-42327df81d94@group-C7908E81CC6B, cid=1629, SUCCESS, logIndex=2372, commits[3f4de2de-7d09-498f-aead-42327df81d94:c2373]
2019-08-05 04:37:54,653 INFO  client.GrpcClientProtocolClient (GrpcClientProtocolClient.java:onNext(255)) - client-C12DAE7A5037->3f4de2de-7d09-498f-aead-42327df81d94: receive RaftClientReply:client-C12DAE7A5037->3f4de2de-7d09-498f-aead-42327df81d94@group-C7908E81CC6B, cid=1630, SUCCESS, logIndex=2373, commits[3f4de2de-7d09-498f-aead-42327df81d94:c2375]
2019-08-05 04:37:54,653 INFO  client.GrpcClientProtocolClient (GrpcClientProtocolClient.java:onNext(255)) - client-C12DAE7A5037->3f4de2de-7d09-498f-aead-42327df81d94: receive RaftClientReply:client-C12DAE7A5037->3f4de2de-7d09-498f-aead-42327df81d94@group-C7908E81CC6B, cid=1631, SUCCESS, logIndex=2374, commits[3f4de2de-7d09-498f-aead-42327df81d94:c2376]
2019-08-05 04:37:54,654 INFO  client.GrpcClientProtocolClient (GrpcClientProtocolClient.java:onNext(255)) - client-C12DAE7A5037->3f4de2de-7d09-498f-aead-42327df81d94: receive RaftClientReply:client-C12DAE7A5037->3f4de2de-7d09-498f-aead-42327df81d94@group-C7908E81CC6B, cid=1632, SUCCESS, logIndex=2375, commits[3f4de2de-7d09-498f-aead-42327df81d94:c2376]
2019-08-05 04:37:54,669 INFO  client.GrpcClientProtocolClient (GrpcClientProtocolClient.java:onNext(255)) - client-C12DAE7A5037->3f4de2de-7d09-498f-aead-42327df81d94: receive RaftClientReply:client-C12DAE7A5037->3f4de2de-7d09-498f-aead-42327df81d94@group-C7908E81CC6B, cid=1633, SUCCESS, logIndex=2378, commits[3f4de2de-7d09-498f-aead-42327df81d94:c2379]
2019-08-05 04:37:54,670 INFO  client.GrpcClientProtocolClient (GrpcClientProtocolClient.java:onNext(255)) - client-C12DAE7A5037->3f4de2de-7d09-498f-aead-42327df81d94: receive RaftClientReply:client-C12DAE7A5037->3f4de2de-7d09-498f-aead-42327df81d94@group-C7908E81CC6B, cid=1634, SUCCESS, logIndex=2379, commits[3f4de2de-7d09-498f-aead-42327df81d94:c2380]
2019-08-05 04:37:54,676 DEBUG block.SCMBlockDeletingService (SCMBlockDeletingService.java:call(138)) - Running DeletedBlockTransactionScanner
2019-08-05 04:37:54,676 DEBUG block.SCMBlockDeletingService (SCMBlockDeletingService.java:call(155)) - Scanned deleted blocks log and got 0 delTX to process.
2019-08-05 04:37:54,766 INFO  client.GrpcClientProtocolClient (GrpcClientProtocolClient.java:onNext(255)) - client-C12DAE7A5037->3f4de2de-7d09-498f-aead-42327df81d94: receive RaftClientReply:client-C12DAE7A5037->3f4de2de-7d09-498f-aead-42327df81d94@group-C7908E81CC6B, cid=1635, SUCCESS, logIndex=2381, commits[3f4de2de-7d09-498f-aead-42327df81d94:c2382]
2019-08-05 04:37:54,766 INFO  client.GrpcClientProtocolClient (GrpcClientProtocolClient.java:onNext(255)) - client-C12DAE7A5037->3f4de2de-7d09-498f-aead-42327df81d94: receive RaftClientReply:client-C12DAE7A5037->3f4de2de-7d09-498f-aead-42327df81d94@group-C7908E81CC6B, cid=1636, SUCCESS, logIndex=2382, commits[3f4de2de-7d09-498f-aead-42327df81d94:c2383]
2019-08-05 04:37:54,817 DEBUG block.SCMBlockDeletingService (SCMBlockDeletingService.java:call(138)) - Running DeletedBlockTransactionScanner
2019-08-05 04:37:54,818 DEBUG block.SCMBlockDeletingService (SCMBlockDeletingService.java:call(155)) - Scanned deleted blocks log and got 0 delTX to process.
2019-08-05 04:37:54,830 INFO  client.GrpcClientProtocolClient (GrpcClientProtocolClient.java:onNext(255)) - client-C12DAE7A5037->3f4de2de-7d09-498f-aead-42327df81d94: receive RaftClientReply:client-C12DAE7A5037->3f4de2de-7d09-498f-aead-42327df81d94@group-C7908E81CC6B, cid=1637, SUCCESS, logIndex=2384, commits[3f4de2de-7d09-498f-aead-42327df81d94:c2385]
2019-08-05 04:37:54,830 INFO  client.GrpcClientProtocolClient (GrpcClientProtocolClient.java:onNext(255)) - client-C12DAE7A5037->3f4de2de-7d09-498f-aead-42327df81d94: receive RaftClientReply:client-C12DAE7A5037->3f4de2de-7d09-498f-aead-42327df81d94@group-C7908E81CC6B, cid=1638, SUCCESS, logIndex=2385, commits[3f4de2de-7d09-498f-aead-42327df81d94:c2387]
2019-08-05 04:37:54,831 INFO  client.GrpcClientProtocolClient (GrpcClientProtocolClient.java:onNext(255)) - client-C12DAE7A5037->3f4de2de-7d09-498f-aead-42327df81d94: receive RaftClientReply:client-C12DAE7A5037->3f4de2de-7d09-498f-aead-42327df81d94@group-C7908E81CC6B, cid=1639, SUCCESS, logIndex=2386, commits[3f4de2de-7d09-498f-aead-42327df81d94:c2388]
2019-08-05 04:37:54,831 INFO  client.GrpcClientProtocolClient (GrpcClientProtocolClient.java:onNext(255)) - client-C12DAE7A5037->3f4de2de-7d09-498f-aead-42327df81d94: receive RaftClientReply:client-C12DAE7A5037->3f4de2de-7d09-498f-aead-42327df81d94@group-C7908E81CC6B, cid=1640, SUCCESS, logIndex=2387, commits[3f4de2de-7d09-498f-aead-42327df81d94:c2388]
2019-08-05 04:37:54,859 INFO  client.GrpcClientProtocolClient (GrpcClientProtocolClient.java:onNext(255)) - client-C12DAE7A5037->3f4de2de-7d09-498f-aead-42327df81d94: receive RaftClientReply:client-C12DAE7A5037->3f4de2de-7d09-498f-aead-42327df81d94@group-C7908E81CC6B, cid=1641, SUCCESS, logIndex=2390, commits[3f4de2de-7d09-498f-aead-42327df81d94:c2393]
2019-08-05 04:37:54,859 INFO  client.GrpcClientProtocolClient (GrpcClientProtocolClient.java:onNext(255)) - client-C12DAE7A5037->3f4de2de-7d09-498f-aead-42327df81d94: receive RaftClientReply:client-C12DAE7A5037->3f4de2de-7d09-498f-aead-42327df81d94@group-C7908E81CC6B, cid=1642, SUCCESS, logIndex=2391, commits[3f4de2de-7d09-498f-aead-42327df81d94:c2393]
2019-08-05 04:37:54,860 INFO  client.GrpcClientProtocolClient (GrpcClientProtocolClient.java:onNext(255)) - client-C12DAE7A5037->3f4de2de-7d09-498f-aead-42327df81d94: receive RaftClientReply:client-C12DAE7A5037->3f4de2de-7d09-498f-aead-42327df81d94@group-C7908E81CC6B, cid=1643, SUCCESS, logIndex=2392, commits[3f4de2de-7d09-498f-aead-42327df81d94:c2394]
2019-08-05 04:37:54,860 INFO  client.GrpcClientProtocolClient (GrpcClientProtocolClient.java:onNext(255)) - client-C12DAE7A5037->3f4de2de-7d09-498f-aead-42327df81d94: receive RaftClientReply:client-C12DAE7A5037->3f4de2de-7d09-498f-aead-42327df81d94@group-C7908E81CC6B, cid=1644, SUCCESS, logIndex=2393, commits[3f4de2de-7d09-498f-aead-42327df81d94:c2395]
2019-08-05 04:37:54,882 INFO  client.GrpcClientProtocolClient (GrpcClientProtocolClient.java:onNext(255)) - client-C12DAE7A5037->3f4de2de-7d09-498f-aead-42327df81d94: receive RaftClientReply:client-C12DAE7A5037->3f4de2de-7d09-498f-aead-42327df81d94@group-C7908E81CC6B, cid=1645, SUCCESS, logIndex=2396, commits[3f4de2de-7d09-498f-aead-42327df81d94:c2397]
2019-08-05 04:37:54,883 INFO  client.GrpcClientProtocolClient (GrpcClientProtocolClient.java:onNext(255)) - client-C12DAE7A5037->3f4de2de-7d09-498f-aead-42327df81d94: receive RaftClientReply:client-C12DAE7A5037->3f4de2de-7d09-498f-aead-42327df81d94@group-C7908E81CC6B, cid=1646, SUCCESS, logIndex=2397, commits[3f4de2de-7d09-498f-aead-42327df81d94:c2399]
2019-08-05 04:37:54,883 INFO  client.GrpcClientProtocolClient (GrpcClientProtocolClient.java:onNext(255)) - client-C12DAE7A5037->3f4de2de-7d09-498f-aead-42327df81d94: receive RaftClientReply:client-C12DAE7A5037->3f4de2de-7d09-498f-aead-42327df81d94@group-C7908E81CC6B, cid=1647, SUCCESS, logIndex=2398, commits[3f4de2de-7d09-498f-aead-42327df81d94:c2400]
2019-08-05 04:37:54,883 INFO  client.GrpcClientProtocolClient (GrpcClientProtocolClient.java:onNext(255)) - client-C12DAE7A5037->3f4de2de-7d09-498f-aead-42327df81d94: receive RaftClientReply:client-C12DAE7A5037->3f4de2de-7d09-498f-aead-42327df81d94@group-C7908E81CC6B, cid=1648, SUCCESS, logIndex=2399, commits[3f4de2de-7d09-498f-aead-42327df81d94:c2400]
2019-08-05 04:37:54,909 INFO  client.GrpcClientProtocolClient (GrpcClientProtocolClient.java:onNext(255)) - client-C12DAE7A5037->3f4de2de-7d09-498f-aead-42327df81d94: receive RaftClientReply:client-C12DAE7A5037->3f4de2de-7d09-498f-aead-42327df81d94@group-C7908E81CC6B, cid=1649, SUCCESS, logIndex=2402, commits[3f4de2de-7d09-498f-aead-42327df81d94:c2403]
2019-08-05 04:37:54,910 INFO  client.GrpcClientProtocolClient (GrpcClientProtocolClient.java:onNext(255)) - client-C12DAE7A5037->3f4de2de-7d09-498f-aead-42327df81d94: receive RaftClientReply:client-C12DAE7A5037->3f4de2de-7d09-498f-aead-42327df81d94@group-C7908E81CC6B, cid=1650, SUCCESS, logIndex=2403, commits[3f4de2de-7d09-498f-aead-42327df81d94:c2405]
2019-08-05 04:37:54,910 INFO  client.GrpcClientProtocolClient (GrpcClientProtocolClient.java:onNext(255)) - client-C12DAE7A5037->3f4de2de-7d09-498f-aead-42327df81d94: receive RaftClientReply:client-C12DAE7A5037->3f4de2de-7d09-498f-aead-42327df81d94@group-C7908E81CC6B, cid=1651, SUCCESS, logIndex=2404, commits[3f4de2de-7d09-498f-aead-42327df81d94:c2406]
2019-08-05 04:37:54,910 INFO  client.GrpcClientProtocolClient (GrpcClientProtocolClient.java:onNext(255)) - client-C12DAE7A5037->3f4de2de-7d09-498f-aead-42327df81d94: receive RaftClientReply:client-C12DAE7A5037->3f4de2de-7d09-498f-aead-42327df81d94@group-C7908E81CC6B, cid=1652, SUCCESS, logIndex=2405, commits[3f4de2de-7d09-498f-aead-42327df81d94:c2406]
2019-08-05 04:37:54,918 DEBUG block.SCMBlockDeletingService (SCMBlockDeletingService.java:call(138)) - Running DeletedBlockTransactionScanner
2019-08-05 04:37:54,918 DEBUG block.SCMBlockDeletingService (SCMBlockDeletingService.java:call(155)) - Scanned deleted blocks log and got 0 delTX to process.
2019-08-05 04:37:54,930 INFO  client.GrpcClientProtocolClient (GrpcClientProtocolClient.java:onNext(255)) - client-C12DAE7A5037->3f4de2de-7d09-498f-aead-42327df81d94: receive RaftClientReply:client-C12DAE7A5037->3f4de2de-7d09-498f-aead-42327df81d94@group-C7908E81CC6B, cid=1653, SUCCESS, logIndex=2408, commits[3f4de2de-7d09-498f-aead-42327df81d94:c2409]
2019-08-05 04:37:54,931 INFO  client.GrpcClientProtocolClient (GrpcClientProtocolClient.java:onNext(255)) - client-C12DAE7A5037->3f4de2de-7d09-498f-aead-42327df81d94: receive RaftClientReply:client-C12DAE7A5037->3f4de2de-7d09-498f-aead-42327df81d94@group-C7908E81CC6B, cid=1654, SUCCESS, logIndex=2409, commits[3f4de2de-7d09-498f-aead-42327df81d94:c2411]
2019-08-05 04:37:54,931 INFO  client.GrpcClientProtocolClient (GrpcClientProtocolClient.java:onNext(255)) - client-C12DAE7A5037->3f4de2de-7d09-498f-aead-42327df81d94: receive RaftClientReply:client-C12DAE7A5037->3f4de2de-7d09-498f-aead-42327df81d94@group-C7908E81CC6B, cid=1655, SUCCESS, logIndex=2410, commits[3f4de2de-7d09-498f-aead-42327df81d94:c2412]
2019-08-05 04:37:54,932 INFO  client.GrpcClientProtocolClient (GrpcClientProtocolClient.java:onNext(255)) - client-C12DAE7A5037->3f4de2de-7d09-498f-aead-42327df81d94: receive RaftClientReply:client-C12DAE7A5037->3f4de2de-7d09-498f-aead-42327df81d94@group-C7908E81CC6B, cid=1656, SUCCESS, logIndex=2411, commits[3f4de2de-7d09-498f-aead-42327df81d94:c2413]
2019-08-05 04:37:54,957 INFO  client.GrpcClientProtocolClient (GrpcClientProtocolClient.java:onNext(255)) - client-C12DAE7A5037->3f4de2de-7d09-498f-aead-42327df81d94: receive RaftClientReply:client-C12DAE7A5037->3f4de2de-7d09-498f-aead-42327df81d94@group-C7908E81CC6B, cid=1657, SUCCESS, logIndex=2414, commits[3f4de2de-7d09-498f-aead-42327df81d94:c2415]
2019-08-05 04:37:54,958 INFO  client.GrpcClientProtocolClient (GrpcClientProtocolClient.java:onNext(255)) - client-C12DAE7A5037->3f4de2de-7d09-498f-aead-42327df81d94: receive RaftClientReply:client-C12DAE7A5037->3f4de2de-7d09-498f-aead-42327df81d94@group-C7908E81CC6B, cid=1658, SUCCESS, logIndex=2415, commits[3f4de2de-7d09-498f-aead-42327df81d94:c2417]
2019-08-05 04:37:54,959 INFO  client.GrpcClientProtocolClient (GrpcClientProtocolClient.java:onNext(255)) - client-C12DAE7A5037->3f4de2de-7d09-498f-aead-42327df81d94: receive RaftClientReply:client-C12DAE7A5037->3f4de2de-7d09-498f-aead-42327df81d94@group-C7908E81CC6B, cid=1659, SUCCESS, logIndex=2416, commits[3f4de2de-7d09-498f-aead-42327df81d94:c2418]
2019-08-05 04:37:54,959 INFO  client.GrpcClientProtocolClient (GrpcClientProtocolClient.java:onNext(255)) - client-C12DAE7A5037->3f4de2de-7d09-498f-aead-42327df81d94: receive RaftClientReply:client-C12DAE7A5037->3f4de2de-7d09-498f-aead-42327df81d94@group-C7908E81CC6B, cid=1660, SUCCESS, logIndex=2417, commits[3f4de2de-7d09-498f-aead-42327df81d94:c2419]
2019-08-05 04:37:54,978 INFO  client.GrpcClientProtocolClient (GrpcClientProtocolClient.java:onNext(255)) - client-C12DAE7A5037->3f4de2de-7d09-498f-aead-42327df81d94: receive RaftClientReply:client-C12DAE7A5037->3f4de2de-7d09-498f-aead-42327df81d94@group-C7908E81CC6B, cid=1661, SUCCESS, logIndex=2420, commits[3f4de2de-7d09-498f-aead-42327df81d94:c2423]
2019-08-05 04:37:54,978 INFO  client.GrpcClientProtocolClient (GrpcClientProtocolClient.java:onNext(255)) - client-C12DAE7A5037->3f4de2de-7d09-498f-aead-42327df81d94: receive RaftClientReply:client-C12DAE7A5037->3f4de2de-7d09-498f-aead-42327df81d94@group-C7908E81CC6B, cid=1662, SUCCESS, logIndex=2421, commits[3f4de2de-7d09-498f-aead-42327df81d94:c2423]
2019-08-05 04:37:54,979 INFO  client.GrpcClientProtocolClient (GrpcClientProtocolClient.java:onNext(255)) - client-C12DAE7A5037->3f4de2de-7d09-498f-aead-42327df81d94: receive RaftClientReply:client-C12DAE7A5037->3f4de2de-7d09-498f-aead-42327df81d94@group-C7908E81CC6B, cid=1663, SUCCESS, logIndex=2422, commits[3f4de2de-7d09-498f-aead-42327df81d94:c2424]
2019-08-05 04:37:54,979 INFO  client.GrpcClientProtocolClient (GrpcClientProtocolClient.java:onNext(255)) - client-C12DAE7A5037->3f4de2de-7d09-498f-aead-42327df81d94: receive RaftClientReply:client-C12DAE7A5037->3f4de2de-7d09-498f-aead-42327df81d94@group-C7908E81CC6B, cid=1664, SUCCESS, logIndex=2423, commits[3f4de2de-7d09-498f-aead-42327df81d94:c2425]
2019-08-05 04:37:55,005 INFO  client.GrpcClientProtocolClient (GrpcClientProtocolClient.java:onNext(255)) - client-C12DAE7A5037->3f4de2de-7d09-498f-aead-42327df81d94: receive RaftClientReply:client-C12DAE7A5037->3f4de2de-7d09-498f-aead-42327df81d94@group-C7908E81CC6B, cid=1665, SUCCESS, logIndex=2426, commits[3f4de2de-7d09-498f-aead-42327df81d94:c2427]
2019-08-05 04:37:55,005 INFO  client.GrpcClientProtocolClient (GrpcClientProtocolClient.java:onNext(255)) - client-C12DAE7A5037->3f4de2de-7d09-498f-aead-42327df81d94: receive RaftClientReply:client-C12DAE7A5037->3f4de2de-7d09-498f-aead-42327df81d94@group-C7908E81CC6B, cid=1666, SUCCESS, logIndex=2427, commits[3f4de2de-7d09-498f-aead-42327df81d94:c2429]
2019-08-05 04:37:55,006 INFO  client.GrpcClientProtocolClient (GrpcClientProtocolClient.java:onNext(255)) - client-C12DAE7A5037->3f4de2de-7d09-498f-aead-42327df81d94: receive RaftClientReply:client-C12DAE7A5037->3f4de2de-7d09-498f-aead-42327df81d94@group-C7908E81CC6B, cid=1667, SUCCESS, logIndex=2428, commits[3f4de2de-7d09-498f-aead-42327df81d94:c2430]
2019-08-05 04:37:55,006 INFO  client.GrpcClientProtocolClient (GrpcClientProtocolClient.java:onNext(255)) - client-C12DAE7A5037->3f4de2de-7d09-498f-aead-42327df81d94: receive RaftClientReply:client-C12DAE7A5037->3f4de2de-7d09-498f-aead-42327df81d94@group-C7908E81CC6B, cid=1668, SUCCESS, logIndex=2429, commits[3f4de2de-7d09-498f-aead-42327df81d94:c2430]
2019-08-05 04:37:55,019 DEBUG block.SCMBlockDeletingService (SCMBlockDeletingService.java:call(138)) - Running DeletedBlockTransactionScanner
2019-08-05 04:37:55,019 DEBUG block.SCMBlockDeletingService (SCMBlockDeletingService.java:call(155)) - Scanned deleted blocks log and got 0 delTX to process.
2019-08-05 04:37:55,025 INFO  client.GrpcClientProtocolClient (GrpcClientProtocolClient.java:onNext(255)) - client-C12DAE7A5037->3f4de2de-7d09-498f-aead-42327df81d94: receive RaftClientReply:client-C12DAE7A5037->3f4de2de-7d09-498f-aead-42327df81d94@group-C7908E81CC6B, cid=1669, SUCCESS, logIndex=2432, commits[3f4de2de-7d09-498f-aead-42327df81d94:c2433]
2019-08-05 04:37:55,026 INFO  client.GrpcClientProtocolClient (GrpcClientProtocolClient.java:onNext(255)) - client-C12DAE7A5037->3f4de2de-7d09-498f-aead-42327df81d94: receive RaftClientReply:client-C12DAE7A5037->3f4de2de-7d09-498f-aead-42327df81d94@group-C7908E81CC6B, cid=1670, SUCCESS, logIndex=2433, commits[3f4de2de-7d09-498f-aead-42327df81d94:c2433]
2019-08-05 04:37:55,026 INFO  client.GrpcClientProtocolClient (GrpcClientProtocolClient.java:onNext(255)) - client-C12DAE7A5037->3f4de2de-7d09-498f-aead-42327df81d94: receive RaftClientReply:client-C12DAE7A5037->3f4de2de-7d09-498f-aead-42327df81d94@group-C7908E81CC6B, cid=1671, SUCCESS, logIndex=2434, commits[3f4de2de-7d09-498f-aead-42327df81d94:c2435]
2019-08-05 04:37:55,026 INFO  client.GrpcClientProtocolClient (GrpcClientProtocolClient.java:onNext(255)) - client-C12DAE7A5037->3f4de2de-7d09-498f-aead-42327df81d94: receive RaftClientReply:client-C12DAE7A5037->3f4de2de-7d09-498f-aead-42327df81d94@group-C7908E81CC6B, cid=1672, SUCCESS, logIndex=2435, commits[3f4de2de-7d09-498f-aead-42327df81d94:c2436]
2019-08-05 04:37:55,046 INFO  client.GrpcClientProtocolClient (GrpcClientProtocolClient.java:onNext(255)) - client-C12DAE7A5037->3f4de2de-7d09-498f-aead-42327df81d94: receive RaftClientReply:client-C12DAE7A5037->3f4de2de-7d09-498f-aead-42327df81d94@group-C7908E81CC6B, cid=1673, SUCCESS, logIndex=2438, commits[3f4de2de-7d09-498f-aead-42327df81d94:c2439]
2019-08-05 04:37:55,047 INFO  client.GrpcClientProtocolClient (GrpcClientProtocolClient.java:onNext(255)) - client-C12DAE7A5037->3f4de2de-7d09-498f-aead-42327df81d94: receive RaftClientReply:client-C12DAE7A5037->3f4de2de-7d09-498f-aead-42327df81d94@group-C7908E81CC6B, cid=1674, SUCCESS, logIndex=2439, commits[3f4de2de-7d09-498f-aead-42327df81d94:c2439]
2019-08-05 04:37:55,047 INFO  client.GrpcClientProtocolClient (GrpcClientProtocolClient.java:onNext(255)) - client-C12DAE7A5037->3f4de2de-7d09-498f-aead-42327df81d94: receive RaftClientReply:client-C12DAE7A5037->3f4de2de-7d09-498f-aead-42327df81d94@group-C7908E81CC6B, cid=1675, SUCCESS, logIndex=2440, commits[3f4de2de-7d09-498f-aead-42327df81d94:c2441]
2019-08-05 04:37:55,047 INFO  client.GrpcClientProtocolClient (GrpcClientProtocolClient.java:onNext(255)) - client-C12DAE7A5037->3f4de2de-7d09-498f-aead-42327df81d94: receive RaftClientReply:client-C12DAE7A5037->3f4de2de-7d09-498f-aead-42327df81d94@group-C7908E81CC6B, cid=1676, SUCCESS, logIndex=2441, commits[3f4de2de-7d09-498f-aead-42327df81d94:c2442]
2019-08-05 04:37:55,066 INFO  client.GrpcClientProtocolClient (GrpcClientProtocolClient.java:onNext(255)) - client-C12DAE7A5037->3f4de2de-7d09-498f-aead-42327df81d94: receive RaftClientReply:client-C12DAE7A5037->3f4de2de-7d09-498f-aead-42327df81d94@group-C7908E81CC6B, cid=1677, SUCCESS, logIndex=2444, commits[3f4de2de-7d09-498f-aead-42327df81d94:c2445]
2019-08-05 04:37:55,066 INFO  client.GrpcClientProtocolClient (GrpcClientProtocolClient.java:onNext(255)) - client-C12DAE7A5037->3f4de2de-7d09-498f-aead-42327df81d94: receive RaftClientReply:client-C12DAE7A5037->3f4de2de-7d09-498f-aead-42327df81d94@group-C7908E81CC6B, cid=1678, SUCCESS, logIndex=2445, commits[3f4de2de-7d09-498f-aead-42327df81d94:c2445]
2019-08-05 04:37:55,119 DEBUG block.SCMBlockDeletingService (SCMBlockDeletingService.java:call(138)) - Running DeletedBlockTransactionScanner
2019-08-05 04:37:55,119 DEBUG block.SCMBlockDeletingService (SCMBlockDeletingService.java:call(155)) - Scanned deleted blocks log and got 0 delTX to process.
2019-08-05 04:37:55,164 INFO  client.GrpcClientProtocolClient (GrpcClientProtocolClient.java:onNext(255)) - client-C12DAE7A5037->3f4de2de-7d09-498f-aead-42327df81d94: receive RaftClientReply:client-C12DAE7A5037->3f4de2de-7d09-498f-aead-42327df81d94@group-C7908E81CC6B, cid=1679, SUCCESS, logIndex=2447, commits[3f4de2de-7d09-498f-aead-42327df81d94:c2448]
2019-08-05 04:37:55,165 INFO  client.GrpcClientProtocolClient (GrpcClientProtocolClient.java:onNext(255)) - client-C12DAE7A5037->3f4de2de-7d09-498f-aead-42327df81d94: receive RaftClientReply:client-C12DAE7A5037->3f4de2de-7d09-498f-aead-42327df81d94@group-C7908E81CC6B, cid=1680, SUCCESS, logIndex=2448, commits[3f4de2de-7d09-498f-aead-42327df81d94:c2449]
2019-08-05 04:37:55,189 INFO  client.GrpcClientProtocolClient (GrpcClientProtocolClient.java:onNext(255)) - client-C12DAE7A5037->3f4de2de-7d09-498f-aead-42327df81d94: receive RaftClientReply:client-C12DAE7A5037->3f4de2de-7d09-498f-aead-42327df81d94@group-C7908E81CC6B, cid=1681, SUCCESS, logIndex=2450, commits[3f4de2de-7d09-498f-aead-42327df81d94:c2451]
2019-08-05 04:37:55,190 INFO  client.GrpcClientProtocolClient (GrpcClientProtocolClient.java:onNext(255)) - client-C12DAE7A5037->3f4de2de-7d09-498f-aead-42327df81d94: receive RaftClientReply:client-C12DAE7A5037->3f4de2de-7d09-498f-aead-42327df81d94@group-C7908E81CC6B, cid=1682, SUCCESS, logIndex=2451, commits[3f4de2de-7d09-498f-aead-42327df81d94:c2453]
2019-08-05 04:37:55,190 INFO  client.GrpcClientProtocolClient (GrpcClientProtocolClient.java:onNext(255)) - client-C12DAE7A5037->3f4de2de-7d09-498f-aead-42327df81d94: receive RaftClientReply:client-C12DAE7A5037->3f4de2de-7d09-498f-aead-42327df81d94@group-C7908E81CC6B, cid=1683, SUCCESS, logIndex=2452, commits[3f4de2de-7d09-498f-aead-42327df81d94:c2454]
2019-08-05 04:37:55,190 INFO  client.GrpcClientProtocolClient (GrpcClientProtocolClient.java:onNext(255)) - client-C12DAE7A5037->3f4de2de-7d09-498f-aead-42327df81d94: receive RaftClientReply:client-C12DAE7A5037->3f4de2de-7d09-498f-aead-42327df81d94@group-C7908E81CC6B, cid=1684, SUCCESS, logIndex=2453, commits[3f4de2de-7d09-498f-aead-42327df81d94:c2454]
2019-08-05 04:37:55,220 DEBUG block.SCMBlockDeletingService (SCMBlockDeletingService.java:call(138)) - Running DeletedBlockTransactionScanner
2019-08-05 04:37:55,220 DEBUG block.SCMBlockDeletingService (SCMBlockDeletingService.java:call(155)) - Scanned deleted blocks log and got 0 delTX to process.
2019-08-05 04:37:55,266 INFO  client.GrpcClientProtocolClient (GrpcClientProtocolClient.java:onNext(255)) - client-C12DAE7A5037->3f4de2de-7d09-498f-aead-42327df81d94: receive RaftClientReply:client-C12DAE7A5037->3f4de2de-7d09-498f-aead-42327df81d94@group-C7908E81CC6B, cid=1685, SUCCESS, logIndex=2456, commits[3f4de2de-7d09-498f-aead-42327df81d94:c2459]
2019-08-05 04:37:55,267 INFO  client.GrpcClientProtocolClient (GrpcClientProtocolClient.java:onNext(255)) - client-C12DAE7A5037->3f4de2de-7d09-498f-aead-42327df81d94: receive RaftClientReply:client-C12DAE7A5037->3f4de2de-7d09-498f-aead-42327df81d94@group-C7908E81CC6B, cid=1686, SUCCESS, logIndex=2457, commits[3f4de2de-7d09-498f-aead-42327df81d94:c2460]
2019-08-05 04:37:55,267 INFO  client.GrpcClientProtocolClient (GrpcClientProtocolClient.java:onNext(255)) - client-C12DAE7A5037->3f4de2de-7d09-498f-aead-42327df81d94: receive RaftClientReply:client-C12DAE7A5037->3f4de2de-7d09-498f-aead-42327df81d94@group-C7908E81CC6B, cid=1687, SUCCESS, logIndex=2458, commits[3f4de2de-7d09-498f-aead-42327df81d94:c2460]
2019-08-05 04:37:55,267 INFO  client.GrpcClientProtocolClient (GrpcClientProtocolClient.java:onNext(255)) - client-C12DAE7A5037->3f4de2de-7d09-498f-aead-42327df81d94: receive RaftClientReply:client-C12DAE7A5037->3f4de2de-7d09-498f-aead-42327df81d94@group-C7908E81CC6B, cid=1688, SUCCESS, logIndex=2459, commits[3f4de2de-7d09-498f-aead-42327df81d94:c2460]
2019-08-05 04:37:55,294 INFO  client.GrpcClientProtocolClient (GrpcClientProtocolClient.java:onNext(255)) - client-C12DAE7A5037->3f4de2de-7d09-498f-aead-42327df81d94: receive RaftClientReply:client-C12DAE7A5037->3f4de2de-7d09-498f-aead-42327df81d94@group-C7908E81CC6B, cid=1689, SUCCESS, logIndex=2461, commits[3f4de2de-7d09-498f-aead-42327df81d94:c2462]
2019-08-05 04:37:55,295 INFO  client.GrpcClientProtocolClient (GrpcClientProtocolClient.java:onNext(255)) - client-C12DAE7A5037->3f4de2de-7d09-498f-aead-42327df81d94: receive RaftClientReply:client-C12DAE7A5037->3f4de2de-7d09-498f-aead-42327df81d94@group-C7908E81CC6B, cid=1690, SUCCESS, logIndex=2462, commits[3f4de2de-7d09-498f-aead-42327df81d94:c2462]
2019-08-05 04:37:55,303 INFO  client.GrpcClientProtocolClient (GrpcClientProtocolClient.java:onNext(255)) - client-C12DAE7A5037->3f4de2de-7d09-498f-aead-42327df81d94: receive RaftClientReply:client-C12DAE7A5037->3f4de2de-7d09-498f-aead-42327df81d94@group-C7908E81CC6B, cid=1691, SUCCESS, logIndex=2463, commits[3f4de2de-7d09-498f-aead-42327df81d94:c2464]
2019-08-05 04:37:55,303 INFO  client.GrpcClientProtocolClient (GrpcClientProtocolClient.java:onNext(255)) - client-C12DAE7A5037->3f4de2de-7d09-498f-aead-42327df81d94: receive RaftClientReply:client-C12DAE7A5037->3f4de2de-7d09-498f-aead-42327df81d94@group-C7908E81CC6B, cid=1692, SUCCESS, logIndex=2464, commits[3f4de2de-7d09-498f-aead-42327df81d94:c2465]
2019-08-05 04:37:55,321 DEBUG block.SCMBlockDeletingService (SCMBlockDeletingService.java:call(138)) - Running DeletedBlockTransactionScanner
2019-08-05 04:37:55,321 DEBUG block.SCMBlockDeletingService (SCMBlockDeletingService.java:call(155)) - Scanned deleted blocks log and got 0 delTX to process.
2019-08-05 04:37:55,322 INFO  client.GrpcClientProtocolClient (GrpcClientProtocolClient.java:onNext(255)) - client-C12DAE7A5037->3f4de2de-7d09-498f-aead-42327df81d94: receive RaftClientReply:client-C12DAE7A5037->3f4de2de-7d09-498f-aead-42327df81d94@group-C7908E81CC6B, cid=1693, SUCCESS, logIndex=2467, commits[3f4de2de-7d09-498f-aead-42327df81d94:c2468]
2019-08-05 04:37:55,322 INFO  client.GrpcClientProtocolClient (GrpcClientProtocolClient.java:onNext(255)) - client-C12DAE7A5037->3f4de2de-7d09-498f-aead-42327df81d94: receive RaftClientReply:client-C12DAE7A5037->3f4de2de-7d09-498f-aead-42327df81d94@group-C7908E81CC6B, cid=1694, SUCCESS, logIndex=2468, commits[3f4de2de-7d09-498f-aead-42327df81d94:c2470]
2019-08-05 04:37:55,322 INFO  client.GrpcClientProtocolClient (GrpcClientProtocolClient.java:onNext(255)) - client-C12DAE7A5037->3f4de2de-7d09-498f-aead-42327df81d94: receive RaftClientReply:client-C12DAE7A5037->3f4de2de-7d09-498f-aead-42327df81d94@group-C7908E81CC6B, cid=1695, SUCCESS, logIndex=2469, commits[3f4de2de-7d09-498f-aead-42327df81d94:c2471]
2019-08-05 04:37:55,323 INFO  client.GrpcClientProtocolClient (GrpcClientProtocolClient.java:onNext(255)) - client-C12DAE7A5037->3f4de2de-7d09-498f-aead-42327df81d94: receive RaftClientReply:client-C12DAE7A5037->3f4de2de-7d09-498f-aead-42327df81d94@group-C7908E81CC6B, cid=1696, SUCCESS, logIndex=2470, commits[3f4de2de-7d09-498f-aead-42327df81d94:c2471]
2019-08-05 04:37:55,350 INFO  client.GrpcClientProtocolClient (GrpcClientProtocolClient.java:onNext(255)) - client-C12DAE7A5037->3f4de2de-7d09-498f-aead-42327df81d94: receive RaftClientReply:client-C12DAE7A5037->3f4de2de-7d09-498f-aead-42327df81d94@group-C7908E81CC6B, cid=1697, SUCCESS, logIndex=2473, commits[3f4de2de-7d09-498f-aead-42327df81d94:c2474]
2019-08-05 04:37:55,350 INFO  client.GrpcClientProtocolClient (GrpcClientProtocolClient.java:onNext(255)) - client-C12DAE7A5037->3f4de2de-7d09-498f-aead-42327df81d94: receive RaftClientReply:client-C12DAE7A5037->3f4de2de-7d09-498f-aead-42327df81d94@group-C7908E81CC6B, cid=1698, SUCCESS, logIndex=2474, commits[3f4de2de-7d09-498f-aead-42327df81d94:c2476]
2019-08-05 04:37:55,351 INFO  client.GrpcClientProtocolClient (GrpcClientProtocolClient.java:onNext(255)) - client-C12DAE7A5037->3f4de2de-7d09-498f-aead-42327df81d94: receive RaftClientReply:client-C12DAE7A5037->3f4de2de-7d09-498f-aead-42327df81d94@group-C7908E81CC6B, cid=1699, SUCCESS, logIndex=2475, commits[3f4de2de-7d09-498f-aead-42327df81d94:c2476]
2019-08-05 04:37:55,351 INFO  client.GrpcClientProtocolClient (GrpcClientProtocolClient.java:onNext(255)) - client-C12DAE7A5037->3f4de2de-7d09-498f-aead-42327df81d94: receive RaftClientReply:client-C12DAE7A5037->3f4de2de-7d09-498f-aead-42327df81d94@group-C7908E81CC6B, cid=1700, SUCCESS, logIndex=2476, commits[3f4de2de-7d09-498f-aead-42327df81d94:c2477]
2019-08-05 04:37:55,369 INFO  client.GrpcClientProtocolClient (GrpcClientProtocolClient.java:onNext(255)) - client-C12DAE7A5037->3f4de2de-7d09-498f-aead-42327df81d94: receive RaftClientReply:client-C12DAE7A5037->3f4de2de-7d09-498f-aead-42327df81d94@group-C7908E81CC6B, cid=1701, SUCCESS, logIndex=2479, commits[3f4de2de-7d09-498f-aead-42327df81d94:c2480]
2019-08-05 04:37:55,369 INFO  client.GrpcClientProtocolClient (GrpcClientProtocolClient.java:onNext(255)) - client-C12DAE7A5037->3f4de2de-7d09-498f-aead-42327df81d94: receive RaftClientReply:client-C12DAE7A5037->3f4de2de-7d09-498f-aead-42327df81d94@group-C7908E81CC6B, cid=1702, SUCCESS, logIndex=2480, commits[3f4de2de-7d09-498f-aead-42327df81d94:c2480]
2019-08-05 04:37:55,370 INFO  client.GrpcClientProtocolClient (GrpcClientProtocolClient.java:onNext(255)) - client-C12DAE7A5037->3f4de2de-7d09-498f-aead-42327df81d94: receive RaftClientReply:client-C12DAE7A5037->3f4de2de-7d09-498f-aead-42327df81d94@group-C7908E81CC6B, cid=1703, SUCCESS, logIndex=2481, commits[3f4de2de-7d09-498f-aead-42327df81d94:c2482]
2019-08-05 04:37:55,370 INFO  client.GrpcClientProtocolClient (GrpcClientProtocolClient.java:onNext(255)) - client-C12DAE7A5037->3f4de2de-7d09-498f-aead-42327df81d94: receive RaftClientReply:client-C12DAE7A5037->3f4de2de-7d09-498f-aead-42327df81d94@group-C7908E81CC6B, cid=1704, SUCCESS, logIndex=2482, commits[3f4de2de-7d09-498f-aead-42327df81d94:c2483]
2019-08-05 04:37:55,407 INFO  client.GrpcClientProtocolClient (GrpcClientProtocolClient.java:onNext(255)) - client-C12DAE7A5037->3f4de2de-7d09-498f-aead-42327df81d94: receive RaftClientReply:client-C12DAE7A5037->3f4de2de-7d09-498f-aead-42327df81d94@group-C7908E81CC6B, cid=1705, SUCCESS, logIndex=2485, commits[3f4de2de-7d09-498f-aead-42327df81d94:c2486]
2019-08-05 04:37:55,408 INFO  client.GrpcClientProtocolClient (GrpcClientProtocolClient.java:onNext(255)) - client-C12DAE7A5037->3f4de2de-7d09-498f-aead-42327df81d94: receive RaftClientReply:client-C12DAE7A5037->3f4de2de-7d09-498f-aead-42327df81d94@group-C7908E81CC6B, cid=1706, SUCCESS, logIndex=2486, commits[3f4de2de-7d09-498f-aead-42327df81d94:c2488]
2019-08-05 04:37:55,408 INFO  client.GrpcClientProtocolClient (GrpcClientProtocolClient.java:onNext(255)) - client-C12DAE7A5037->3f4de2de-7d09-498f-aead-42327df81d94: receive RaftClientReply:client-C12DAE7A5037->3f4de2de-7d09-498f-aead-42327df81d94@group-C7908E81CC6B, cid=1707, SUCCESS, logIndex=2487, commits[3f4de2de-7d09-498f-aead-42327df81d94:c2489]
2019-08-05 04:37:55,409 INFO  client.GrpcClientProtocolClient (GrpcClientProtocolClient.java:onNext(255)) - client-C12DAE7A5037->3f4de2de-7d09-498f-aead-42327df81d94: receive RaftClientReply:client-C12DAE7A5037->3f4de2de-7d09-498f-aead-42327df81d94@group-C7908E81CC6B, cid=1708, SUCCESS, logIndex=2488, commits[3f4de2de-7d09-498f-aead-42327df81d94:c2489]
2019-08-05 04:37:55,421 DEBUG block.SCMBlockDeletingService (SCMBlockDeletingService.java:call(138)) - Running DeletedBlockTransactionScanner
2019-08-05 04:37:55,422 DEBUG block.SCMBlockDeletingService (SCMBlockDeletingService.java:call(155)) - Scanned deleted blocks log and got 0 delTX to process.
2019-08-05 04:37:55,428 INFO  client.GrpcClientProtocolClient (GrpcClientProtocolClient.java:onNext(255)) - client-C12DAE7A5037->3f4de2de-7d09-498f-aead-42327df81d94: receive RaftClientReply:client-C12DAE7A5037->3f4de2de-7d09-498f-aead-42327df81d94@group-C7908E81CC6B, cid=1709, SUCCESS, logIndex=2491, commits[3f4de2de-7d09-498f-aead-42327df81d94:c2492]
2019-08-05 04:37:55,429 INFO  client.GrpcClientProtocolClient (GrpcClientProtocolClient.java:onNext(255)) - client-C12DAE7A5037->3f4de2de-7d09-498f-aead-42327df81d94: receive RaftClientReply:client-C12DAE7A5037->3f4de2de-7d09-498f-aead-42327df81d94@group-C7908E81CC6B, cid=1710, SUCCESS, logIndex=2492, commits[3f4de2de-7d09-498f-aead-42327df81d94:c2494]
2019-08-05 04:37:55,429 INFO  client.GrpcClientProtocolClient (GrpcClientProtocolClient.java:onNext(255)) - client-C12DAE7A5037->3f4de2de-7d09-498f-aead-42327df81d94: receive RaftClientReply:client-C12DAE7A5037->3f4de2de-7d09-498f-aead-42327df81d94@group-C7908E81CC6B, cid=1711, SUCCESS, logIndex=2493, commits[3f4de2de-7d09-498f-aead-42327df81d94:c2494]
2019-08-05 04:37:55,429 INFO  client.GrpcClientProtocolClient (GrpcClientProtocolClient.java:onNext(255)) - client-C12DAE7A5037->3f4de2de-7d09-498f-aead-42327df81d94: receive RaftClientReply:client-C12DAE7A5037->3f4de2de-7d09-498f-aead-42327df81d94@group-C7908E81CC6B, cid=1712, SUCCESS, logIndex=2494, commits[3f4de2de-7d09-498f-aead-42327df81d94:c2495]
2019-08-05 04:37:55,456 INFO  client.GrpcClientProtocolClient (GrpcClientProtocolClient.java:onNext(255)) - client-C12DAE7A5037->3f4de2de-7d09-498f-aead-42327df81d94: receive RaftClientReply:client-C12DAE7A5037->3f4de2de-7d09-498f-aead-42327df81d94@group-C7908E81CC6B, cid=1713, SUCCESS, logIndex=2497, commits[3f4de2de-7d09-498f-aead-42327df81d94:c2498]
2019-08-05 04:37:55,457 INFO  client.GrpcClientProtocolClient (GrpcClientProtocolClient.java:onNext(255)) - client-C12DAE7A5037->3f4de2de-7d09-498f-aead-42327df81d94: receive RaftClientReply:client-C12DAE7A5037->3f4de2de-7d09-498f-aead-42327df81d94@group-C7908E81CC6B, cid=1714, SUCCESS, logIndex=2498, commits[3f4de2de-7d09-498f-aead-42327df81d94:c2500]
2019-08-05 04:37:55,457 INFO  client.GrpcClientProtocolClient (GrpcClientProtocolClient.java:onNext(255)) - client-C12DAE7A5037->3f4de2de-7d09-498f-aead-42327df81d94: receive RaftClientReply:client-C12DAE7A5037->3f4de2de-7d09-498f-aead-42327df81d94@group-C7908E81CC6B, cid=1715, SUCCESS, logIndex=2499, commits[3f4de2de-7d09-498f-aead-42327df81d94:c2501]
2019-08-05 04:37:55,458 INFO  client.GrpcClientProtocolClient (GrpcClientProtocolClient.java:onNext(255)) - client-C12DAE7A5037->3f4de2de-7d09-498f-aead-42327df81d94: receive RaftClientReply:client-C12DAE7A5037->3f4de2de-7d09-498f-aead-42327df81d94@group-C7908E81CC6B, cid=1716, SUCCESS, logIndex=2500, commits[3f4de2de-7d09-498f-aead-42327df81d94:c2502]
2019-08-05 04:37:55,477 INFO  client.GrpcClientProtocolClient (GrpcClientProtocolClient.java:onNext(255)) - client-C12DAE7A5037->3f4de2de-7d09-498f-aead-42327df81d94: receive RaftClientReply:client-C12DAE7A5037->3f4de2de-7d09-498f-aead-42327df81d94@group-C7908E81CC6B, cid=1717, SUCCESS, logIndex=2503, commits[3f4de2de-7d09-498f-aead-42327df81d94:c2504]
2019-08-05 04:37:55,477 INFO  client.GrpcClientProtocolClient (GrpcClientProtocolClient.java:onNext(255)) - client-C12DAE7A5037->3f4de2de-7d09-498f-aead-42327df81d94: receive RaftClientReply:client-C12DAE7A5037->3f4de2de-7d09-498f-aead-42327df81d94@group-C7908E81CC6B, cid=1718, SUCCESS, logIndex=2504, commits[3f4de2de-7d09-498f-aead-42327df81d94:c2506]
2019-08-05 04:37:55,477 INFO  client.GrpcClientProtocolClient (GrpcClientProtocolClient.java:onNext(255)) - client-C12DAE7A5037->3f4de2de-7d09-498f-aead-42327df81d94: receive RaftClientReply:client-C12DAE7A5037->3f4de2de-7d09-498f-aead-42327df81d94@group-C7908E81CC6B, cid=1719, SUCCESS, logIndex=2505, commits[3f4de2de-7d09-498f-aead-42327df81d94:c2507]
2019-08-05 04:37:55,478 INFO  client.GrpcClientProtocolClient (GrpcClientProtocolClient.java:onNext(255)) - client-C12DAE7A5037->3f4de2de-7d09-498f-aead-42327df81d94: receive RaftClientReply:client-C12DAE7A5037->3f4de2de-7d09-498f-aead-42327df81d94@group-C7908E81CC6B, cid=1720, SUCCESS, logIndex=2506, commits[3f4de2de-7d09-498f-aead-42327df81d94:c2507]
2019-08-05 04:37:55,507 INFO  client.GrpcClientProtocolClient (GrpcClientProtocolClient.java:onNext(255)) - client-C12DAE7A5037->3f4de2de-7d09-498f-aead-42327df81d94: receive RaftClientReply:client-C12DAE7A5037->3f4de2de-7d09-498f-aead-42327df81d94@group-C7908E81CC6B, cid=1721, SUCCESS, logIndex=2509, commits[3f4de2de-7d09-498f-aead-42327df81d94:c2510]
2019-08-05 04:37:55,508 INFO  client.GrpcClientProtocolClient (GrpcClientProtocolClient.java:onNext(255)) - client-C12DAE7A5037->3f4de2de-7d09-498f-aead-42327df81d94: receive RaftClientReply:client-C12DAE7A5037->3f4de2de-7d09-498f-aead-42327df81d94@group-C7908E81CC6B, cid=1722, SUCCESS, logIndex=2510, commits[3f4de2de-7d09-498f-aead-42327df81d94:c2512]
2019-08-05 04:37:55,508 INFO  client.GrpcClientProtocolClient (GrpcClientProtocolClient.java:onNext(255)) - client-C12DAE7A5037->3f4de2de-7d09-498f-aead-42327df81d94: receive RaftClientReply:client-C12DAE7A5037->3f4de2de-7d09-498f-aead-42327df81d94@group-C7908E81CC6B, cid=1723, SUCCESS, logIndex=2511, commits[3f4de2de-7d09-498f-aead-42327df81d94:c2512]
2019-08-05 04:37:55,509 INFO  client.GrpcClientProtocolClient (GrpcClientProtocolClient.java:onNext(255)) - client-C12DAE7A5037->3f4de2de-7d09-498f-aead-42327df81d94: receive RaftClientReply:client-C12DAE7A5037->3f4de2de-7d09-498f-aead-42327df81d94@group-C7908E81CC6B, cid=1724, SUCCESS, logIndex=2512, commits[3f4de2de-7d09-498f-aead-42327df81d94:c2513]
2019-08-05 04:37:55,522 DEBUG block.SCMBlockDeletingService (SCMBlockDeletingService.java:call(138)) - Running DeletedBlockTransactionScanner
2019-08-05 04:37:55,523 DEBUG block.SCMBlockDeletingService (SCMBlockDeletingService.java:call(155)) - Scanned deleted blocks log and got 0 delTX to process.
2019-08-05 04:37:55,680 DEBUG block.SCMBlockDeletingService (SCMBlockDeletingService.java:call(138)) - Running DeletedBlockTransactionScanner
2019-08-05 04:37:55,680 DEBUG block.SCMBlockDeletingService (SCMBlockDeletingService.java:call(155)) - Scanned deleted blocks log and got 0 delTX to process.
2019-08-05 04:37:55,710 INFO  client.GrpcClientProtocolClient (GrpcClientProtocolClient.java:onNext(255)) - client-C12DAE7A5037->3f4de2de-7d09-498f-aead-42327df81d94: receive RaftClientReply:client-C12DAE7A5037->3f4de2de-7d09-498f-aead-42327df81d94@group-C7908E81CC6B, cid=1725, SUCCESS, logIndex=2515, commits[3f4de2de-7d09-498f-aead-42327df81d94:c2516]
2019-08-05 04:37:55,711 INFO  client.GrpcClientProtocolClient (GrpcClientProtocolClient.java:onNext(255)) - client-C12DAE7A5037->3f4de2de-7d09-498f-aead-42327df81d94: receive RaftClientReply:client-C12DAE7A5037->3f4de2de-7d09-498f-aead-42327df81d94@group-C7908E81CC6B, cid=1726, SUCCESS, logIndex=2516, commits[3f4de2de-7d09-498f-aead-42327df81d94:c2518]
2019-08-05 04:37:55,711 INFO  client.GrpcClientProtocolClient (GrpcClientProtocolClient.java:onNext(255)) - client-C12DAE7A5037->3f4de2de-7d09-498f-aead-42327df81d94: receive RaftClientReply:client-C12DAE7A5037->3f4de2de-7d09-498f-aead-42327df81d94@group-C7908E81CC6B, cid=1727, SUCCESS, logIndex=2517, commits[3f4de2de-7d09-498f-aead-42327df81d94:c2519]
2019-08-05 04:37:55,712 INFO  client.GrpcClientProtocolClient (GrpcClientProtocolClient.java:onNext(255)) - client-C12DAE7A5037->3f4de2de-7d09-498f-aead-42327df81d94: receive RaftClientReply:client-C12DAE7A5037->3f4de2de-7d09-498f-aead-42327df81d94@group-C7908E81CC6B, cid=1728, SUCCESS, logIndex=2518, commits[3f4de2de-7d09-498f-aead-42327df81d94:c2520]
2019-08-05 04:37:55,741 INFO  client.GrpcClientProtocolClient (GrpcClientProtocolClient.java:onNext(255)) - client-C12DAE7A5037->3f4de2de-7d09-498f-aead-42327df81d94: receive RaftClientReply:client-C12DAE7A5037->3f4de2de-7d09-498f-aead-42327df81d94@group-C7908E81CC6B, cid=1729, SUCCESS, logIndex=2521, commits[3f4de2de-7d09-498f-aead-42327df81d94:c2522]
2019-08-05 04:37:55,742 INFO  client.GrpcClientProtocolClient (GrpcClientProtocolClient.java:onNext(255)) - client-C12DAE7A5037->3f4de2de-7d09-498f-aead-42327df81d94: receive RaftClientReply:client-C12DAE7A5037->3f4de2de-7d09-498f-aead-42327df81d94@group-C7908E81CC6B, cid=1730, SUCCESS, logIndex=2522, commits[3f4de2de-7d09-498f-aead-42327df81d94:c2524]
2019-08-05 04:37:55,742 INFO  client.GrpcClientProtocolClient (GrpcClientProtocolClient.java:onNext(255)) - client-C12DAE7A5037->3f4de2de-7d09-498f-aead-42327df81d94: receive RaftClientReply:client-C12DAE7A5037->3f4de2de-7d09-498f-aead-42327df81d94@group-C7908E81CC6B, cid=1731, SUCCESS, logIndex=2523, commits[3f4de2de-7d09-498f-aead-42327df81d94:c2525]
2019-08-05 04:37:55,743 INFO  client.GrpcClientProtocolClient (GrpcClientProtocolClient.java:onNext(255)) - client-C12DAE7A5037->3f4de2de-7d09-498f-aead-42327df81d94: receive RaftClientReply:client-C12DAE7A5037->3f4de2de-7d09-498f-aead-42327df81d94@group-C7908E81CC6B, cid=1732, SUCCESS, logIndex=2524, commits[3f4de2de-7d09-498f-aead-42327df81d94:c2525]
2019-08-05 04:37:55,764 INFO  client.GrpcClientProtocolClient (GrpcClientProtocolClient.java:onNext(255)) - client-C12DAE7A5037->3f4de2de-7d09-498f-aead-42327df81d94: receive RaftClientReply:client-C12DAE7A5037->3f4de2de-7d09-498f-aead-42327df81d94@group-C7908E81CC6B, cid=1733, SUCCESS, logIndex=2527, commits[3f4de2de-7d09-498f-aead-42327df81d94:c2528]
2019-08-05 04:37:55,764 INFO  client.GrpcClientProtocolClient (GrpcClientProtocolClient.java:onNext(255)) - client-C12DAE7A5037->3f4de2de-7d09-498f-aead-42327df81d94: receive RaftClientReply:client-C12DAE7A5037->3f4de2de-7d09-498f-aead-42327df81d94@group-C7908E81CC6B, cid=1734, SUCCESS, logIndex=2528, commits[3f4de2de-7d09-498f-aead-42327df81d94:c2530]
2019-08-05 04:37:55,765 INFO  client.GrpcClientProtocolClient (GrpcClientProtocolClient.java:onNext(255)) - client-C12DAE7A5037->3f4de2de-7d09-498f-aead-42327df81d94: receive RaftClientReply:client-C12DAE7A5037->3f4de2de-7d09-498f-aead-42327df81d94@group-C7908E81CC6B, cid=1735, SUCCESS, logIndex=2529, commits[3f4de2de-7d09-498f-aead-42327df81d94:c2531]
2019-08-05 04:37:55,765 INFO  client.GrpcClientProtocolClient (GrpcClientProtocolClient.java:onNext(255)) - client-C12DAE7A5037->3f4de2de-7d09-498f-aead-42327df81d94: receive RaftClientReply:client-C12DAE7A5037->3f4de2de-7d09-498f-aead-42327df81d94@group-C7908E81CC6B, cid=1736, SUCCESS, logIndex=2530, commits[3f4de2de-7d09-498f-aead-42327df81d94:c2532]
2019-08-05 04:37:55,781 DEBUG block.SCMBlockDeletingService (SCMBlockDeletingService.java:call(138)) - Running DeletedBlockTransactionScanner
2019-08-05 04:37:55,781 DEBUG block.SCMBlockDeletingService (SCMBlockDeletingService.java:call(155)) - Scanned deleted blocks log and got 0 delTX to process.
2019-08-05 04:37:55,796 INFO  client.GrpcClientProtocolClient (GrpcClientProtocolClient.java:onNext(255)) - client-C12DAE7A5037->3f4de2de-7d09-498f-aead-42327df81d94: receive RaftClientReply:client-C12DAE7A5037->3f4de2de-7d09-498f-aead-42327df81d94@group-C7908E81CC6B, cid=1737, SUCCESS, logIndex=2533, commits[3f4de2de-7d09-498f-aead-42327df81d94:c2534]
2019-08-05 04:37:55,797 INFO  client.GrpcClientProtocolClient (GrpcClientProtocolClient.java:onNext(255)) - client-C12DAE7A5037->3f4de2de-7d09-498f-aead-42327df81d94: receive RaftClientReply:client-C12DAE7A5037->3f4de2de-7d09-498f-aead-42327df81d94@group-C7908E81CC6B, cid=1738, SUCCESS, logIndex=2534, commits[3f4de2de-7d09-498f-aead-42327df81d94:c2534]
2019-08-05 04:37:55,798 INFO  client.GrpcClientProtocolClient (GrpcClientProtocolClient.java:onNext(255)) - client-C12DAE7A5037->3f4de2de-7d09-498f-aead-42327df81d94: receive RaftClientReply:client-C12DAE7A5037->3f4de2de-7d09-498f-aead-42327df81d94@group-C7908E81CC6B, cid=1739, SUCCESS, logIndex=2535, commits[3f4de2de-7d09-498f-aead-42327df81d94:c2536]
2019-08-05 04:37:55,799 INFO  client.GrpcClientProtocolClient (GrpcClientProtocolClient.java:onNext(255)) - client-C12DAE7A5037->3f4de2de-7d09-498f-aead-42327df81d94: receive RaftClientReply:client-C12DAE7A5037->3f4de2de-7d09-498f-aead-42327df81d94@group-C7908E81CC6B, cid=1740, SUCCESS, logIndex=2536, commits[3f4de2de-7d09-498f-aead-42327df81d94:c2536]
2019-08-05 04:37:55,822 INFO  client.GrpcClientProtocolClient (GrpcClientProtocolClient.java:onNext(255)) - client-C12DAE7A5037->3f4de2de-7d09-498f-aead-42327df81d94: receive RaftClientReply:client-C12DAE7A5037->3f4de2de-7d09-498f-aead-42327df81d94@group-C7908E81CC6B, cid=1741, SUCCESS, logIndex=2539, commits[3f4de2de-7d09-498f-aead-42327df81d94:c2542]
2019-08-05 04:37:55,822 INFO  client.GrpcClientProtocolClient (GrpcClientProtocolClient.java:onNext(255)) - client-C12DAE7A5037->3f4de2de-7d09-498f-aead-42327df81d94: receive RaftClientReply:client-C12DAE7A5037->3f4de2de-7d09-498f-aead-42327df81d94@group-C7908E81CC6B, cid=1742, SUCCESS, logIndex=2540, commits[3f4de2de-7d09-498f-aead-42327df81d94:c2542]
2019-08-05 04:37:55,823 INFO  client.GrpcClientProtocolClient (GrpcClientProtocolClient.java:onNext(255)) - client-C12DAE7A5037->3f4de2de-7d09-498f-aead-42327df81d94: receive RaftClientReply:client-C12DAE7A5037->3f4de2de-7d09-498f-aead-42327df81d94@group-C7908E81CC6B, cid=1743, SUCCESS, logIndex=2541, commits[3f4de2de-7d09-498f-aead-42327df81d94:c2543]
2019-08-05 04:37:55,823 INFO  client.GrpcClientProtocolClient (GrpcClientProtocolClient.java:onNext(255)) - client-C12DAE7A5037->3f4de2de-7d09-498f-aead-42327df81d94: receive RaftClientReply:client-C12DAE7A5037->3f4de2de-7d09-498f-aead-42327df81d94@group-C7908E81CC6B, cid=1744, SUCCESS, logIndex=2542, commits[3f4de2de-7d09-498f-aead-42327df81d94:c2543]
2019-08-05 04:37:55,851 INFO  client.GrpcClientProtocolClient (GrpcClientProtocolClient.java:onNext(255)) - client-C12DAE7A5037->3f4de2de-7d09-498f-aead-42327df81d94: receive RaftClientReply:client-C12DAE7A5037->3f4de2de-7d09-498f-aead-42327df81d94@group-C7908E81CC6B, cid=1745, SUCCESS, logIndex=2544, commits[3f4de2de-7d09-498f-aead-42327df81d94:c2547]
2019-08-05 04:37:55,852 INFO  client.GrpcClientProtocolClient (GrpcClientProtocolClient.java:onNext(255)) - client-C12DAE7A5037->3f4de2de-7d09-498f-aead-42327df81d94: receive RaftClientReply:client-C12DAE7A5037->3f4de2de-7d09-498f-aead-42327df81d94@group-C7908E81CC6B, cid=1746, SUCCESS, logIndex=2545, commits[3f4de2de-7d09-498f-aead-42327df81d94:c2547]
2019-08-05 04:37:55,853 INFO  client.GrpcClientProtocolClient (GrpcClientProtocolClient.java:onNext(255)) - client-C12DAE7A5037->3f4de2de-7d09-498f-aead-42327df81d94: receive RaftClientReply:client-C12DAE7A5037->3f4de2de-7d09-498f-aead-42327df81d94@group-C7908E81CC6B, cid=1747, SUCCESS, logIndex=2546, commits[3f4de2de-7d09-498f-aead-42327df81d94:c2548]
2019-08-05 04:37:55,853 INFO  client.GrpcClientProtocolClient (GrpcClientProtocolClient.java:onNext(255)) - client-C12DAE7A5037->3f4de2de-7d09-498f-aead-42327df81d94: receive RaftClientReply:client-C12DAE7A5037->3f4de2de-7d09-498f-aead-42327df81d94@group-C7908E81CC6B, cid=1748, SUCCESS, logIndex=2547, commits[3f4de2de-7d09-498f-aead-42327df81d94:c2549]
2019-08-05 04:37:55,873 INFO  client.GrpcClientProtocolClient (GrpcClientProtocolClient.java:onNext(255)) - client-C12DAE7A5037->3f4de2de-7d09-498f-aead-42327df81d94: receive RaftClientReply:client-C12DAE7A5037->3f4de2de-7d09-498f-aead-42327df81d94@group-C7908E81CC6B, cid=1749, SUCCESS, logIndex=2550, commits[3f4de2de-7d09-498f-aead-42327df81d94:c2551]
2019-08-05 04:37:55,874 INFO  client.GrpcClientProtocolClient (GrpcClientProtocolClient.java:onNext(255)) - client-C12DAE7A5037->3f4de2de-7d09-498f-aead-42327df81d94: receive RaftClientReply:client-C12DAE7A5037->3f4de2de-7d09-498f-aead-42327df81d94@group-C7908E81CC6B, cid=1750, SUCCESS, logIndex=2551, commits[3f4de2de-7d09-498f-aead-42327df81d94:c2553]
2019-08-05 04:37:55,874 INFO  client.GrpcClientProtocolClient (GrpcClientProtocolClient.java:onNext(255)) - client-C12DAE7A5037->3f4de2de-7d09-498f-aead-42327df81d94: receive RaftClientReply:client-C12DAE7A5037->3f4de2de-7d09-498f-aead-42327df81d94@group-C7908E81CC6B, cid=1751, SUCCESS, logIndex=2552, commits[3f4de2de-7d09-498f-aead-42327df81d94:c2554]
2019-08-05 04:37:55,874 INFO  client.GrpcClientProtocolClient (GrpcClientProtocolClient.java:onNext(255)) - client-C12DAE7A5037->3f4de2de-7d09-498f-aead-42327df81d94: receive RaftClientReply:client-C12DAE7A5037->3f4de2de-7d09-498f-aead-42327df81d94@group-C7908E81CC6B, cid=1752, SUCCESS, logIndex=2553, commits[3f4de2de-7d09-498f-aead-42327df81d94:c2555]
2019-08-05 04:37:55,882 DEBUG block.SCMBlockDeletingService (SCMBlockDeletingService.java:call(138)) - Running DeletedBlockTransactionScanner
2019-08-05 04:37:55,882 DEBUG block.SCMBlockDeletingService (SCMBlockDeletingService.java:call(155)) - Scanned deleted blocks log and got 0 delTX to process.
2019-08-05 04:37:55,903 INFO  client.GrpcClientProtocolClient (GrpcClientProtocolClient.java:onNext(255)) - client-C12DAE7A5037->3f4de2de-7d09-498f-aead-42327df81d94: receive RaftClientReply:client-C12DAE7A5037->3f4de2de-7d09-498f-aead-42327df81d94@group-C7908E81CC6B, cid=1753, SUCCESS, logIndex=2556, commits[3f4de2de-7d09-498f-aead-42327df81d94:c2557]
2019-08-05 04:37:55,903 INFO  client.GrpcClientProtocolClient (GrpcClientProtocolClient.java:onNext(255)) - client-C12DAE7A5037->3f4de2de-7d09-498f-aead-42327df81d94: receive RaftClientReply:client-C12DAE7A5037->3f4de2de-7d09-498f-aead-42327df81d94@group-C7908E81CC6B, cid=1754, SUCCESS, logIndex=2557, commits[3f4de2de-7d09-498f-aead-42327df81d94:c2559]
2019-08-05 04:37:55,904 INFO  client.GrpcClientProtocolClient (GrpcClientProtocolClient.java:onNext(255)) - client-C12DAE7A5037->3f4de2de-7d09-498f-aead-42327df81d94: receive RaftClientReply:client-C12DAE7A5037->3f4de2de-7d09-498f-aead-42327df81d94@group-C7908E81CC6B, cid=1755, SUCCESS, logIndex=2558, commits[3f4de2de-7d09-498f-aead-42327df81d94:c2560]
2019-08-05 04:37:55,904 INFO  client.GrpcClientProtocolClient (GrpcClientProtocolClient.java:onNext(255)) - client-C12DAE7A5037->3f4de2de-7d09-498f-aead-42327df81d94: receive RaftClientReply:client-C12DAE7A5037->3f4de2de-7d09-498f-aead-42327df81d94@group-C7908E81CC6B, cid=1756, SUCCESS, logIndex=2559, commits[3f4de2de-7d09-498f-aead-42327df81d94:c2560]
2019-08-05 04:37:55,924 INFO  client.GrpcClientProtocolClient (GrpcClientProtocolClient.java:onNext(255)) - client-C12DAE7A5037->3f4de2de-7d09-498f-aead-42327df81d94: receive RaftClientReply:client-C12DAE7A5037->3f4de2de-7d09-498f-aead-42327df81d94@group-C7908E81CC6B, cid=1757, SUCCESS, logIndex=2562, commits[3f4de2de-7d09-498f-aead-42327df81d94:c2563]
2019-08-05 04:37:55,924 INFO  client.GrpcClientProtocolClient (GrpcClientProtocolClient.java:onNext(255)) - client-C12DAE7A5037->3f4de2de-7d09-498f-aead-42327df81d94: receive RaftClientReply:client-C12DAE7A5037->3f4de2de-7d09-498f-aead-42327df81d94@group-C7908E81CC6B, cid=1758, SUCCESS, logIndex=2563, commits[3f4de2de-7d09-498f-aead-42327df81d94:c2565]
2019-08-05 04:37:55,925 INFO  client.GrpcClientProtocolClient (GrpcClientProtocolClient.java:onNext(255)) - client-C12DAE7A5037->3f4de2de-7d09-498f-aead-42327df81d94: receive RaftClientReply:client-C12DAE7A5037->3f4de2de-7d09-498f-aead-42327df81d94@group-C7908E81CC6B, cid=1759, SUCCESS, logIndex=2564, commits[3f4de2de-7d09-498f-aead-42327df81d94:c2565]
2019-08-05 04:37:55,925 INFO  client.GrpcClientProtocolClient (GrpcClientProtocolClient.java:onNext(255)) - client-C12DAE7A5037->3f4de2de-7d09-498f-aead-42327df81d94: receive RaftClientReply:client-C12DAE7A5037->3f4de2de-7d09-498f-aead-42327df81d94@group-C7908E81CC6B, cid=1760, SUCCESS, logIndex=2565, commits[3f4de2de-7d09-498f-aead-42327df81d94:c2566]
2019-08-05 04:37:55,954 INFO  client.GrpcClientProtocolClient (GrpcClientProtocolClient.java:onNext(255)) - client-C12DAE7A5037->3f4de2de-7d09-498f-aead-42327df81d94: receive RaftClientReply:client-C12DAE7A5037->3f4de2de-7d09-498f-aead-42327df81d94@group-C7908E81CC6B, cid=1761, SUCCESS, logIndex=2568, commits[3f4de2de-7d09-498f-aead-42327df81d94:c2569]
2019-08-05 04:37:55,954 INFO  client.GrpcClientProtocolClient (GrpcClientProtocolClient.java:onNext(255)) - client-C12DAE7A5037->3f4de2de-7d09-498f-aead-42327df81d94: receive RaftClientReply:client-C12DAE7A5037->3f4de2de-7d09-498f-aead-42327df81d94@group-C7908E81CC6B, cid=1762, SUCCESS, logIndex=2569, commits[3f4de2de-7d09-498f-aead-42327df81d94:c2571]
2019-08-05 04:37:55,955 INFO  client.GrpcClientProtocolClient (GrpcClientProtocolClient.java:onNext(255)) - client-C12DAE7A5037->3f4de2de-7d09-498f-aead-42327df81d94: receive RaftClientReply:client-C12DAE7A5037->3f4de2de-7d09-498f-aead-42327df81d94@group-C7908E81CC6B, cid=1763, SUCCESS, logIndex=2570, commits[3f4de2de-7d09-498f-aead-42327df81d94:c2572]
2019-08-05 04:37:55,955 INFO  client.GrpcClientProtocolClient (GrpcClientProtocolClient.java:onNext(255)) - client-C12DAE7A5037->3f4de2de-7d09-498f-aead-42327df81d94: receive RaftClientReply:client-C12DAE7A5037->3f4de2de-7d09-498f-aead-42327df81d94@group-C7908E81CC6B, cid=1764, SUCCESS, logIndex=2571, commits[3f4de2de-7d09-498f-aead-42327df81d94:c2572]
2019-08-05 04:37:55,976 INFO  client.GrpcClientProtocolClient (GrpcClientProtocolClient.java:onNext(255)) - client-C12DAE7A5037->3f4de2de-7d09-498f-aead-42327df81d94: receive RaftClientReply:client-C12DAE7A5037->3f4de2de-7d09-498f-aead-42327df81d94@group-C7908E81CC6B, cid=1765, SUCCESS, logIndex=2574, commits[3f4de2de-7d09-498f-aead-42327df81d94:c2575]
2019-08-05 04:37:55,976 INFO  client.GrpcClientProtocolClient (GrpcClientProtocolClient.java:onNext(255)) - client-C12DAE7A5037->3f4de2de-7d09-498f-aead-42327df81d94: receive RaftClientReply:client-C12DAE7A5037->3f4de2de-7d09-498f-aead-42327df81d94@group-C7908E81CC6B, cid=1766, SUCCESS, logIndex=2575, commits[3f4de2de-7d09-498f-aead-42327df81d94:c2577]
2019-08-05 04:37:55,976 INFO  client.GrpcClientProtocolClient (GrpcClientProtocolClient.java:onNext(255)) - client-C12DAE7A5037->3f4de2de-7d09-498f-aead-42327df81d94: receive RaftClientReply:client-C12DAE7A5037->3f4de2de-7d09-498f-aead-42327df81d94@group-C7908E81CC6B, cid=1767, SUCCESS, logIndex=2576, commits[3f4de2de-7d09-498f-aead-42327df81d94:c2578]
2019-08-05 04:37:55,977 INFO  client.GrpcClientProtocolClient (GrpcClientProtocolClient.java:onNext(255)) - client-C12DAE7A5037->3f4de2de-7d09-498f-aead-42327df81d94: receive RaftClientReply:client-C12DAE7A5037->3f4de2de-7d09-498f-aead-42327df81d94@group-C7908E81CC6B, cid=1768, SUCCESS, logIndex=2577, commits[3f4de2de-7d09-498f-aead-42327df81d94:c2579]
2019-08-05 04:37:55,982 DEBUG block.SCMBlockDeletingService (SCMBlockDeletingService.java:call(138)) - Running DeletedBlockTransactionScanner
2019-08-05 04:37:55,983 DEBUG block.SCMBlockDeletingService (SCMBlockDeletingService.java:call(155)) - Scanned deleted blocks log and got 0 delTX to process.
2019-08-05 04:37:56,083 DEBUG block.SCMBlockDeletingService (SCMBlockDeletingService.java:call(138)) - Running DeletedBlockTransactionScanner
2019-08-05 04:37:56,083 DEBUG block.SCMBlockDeletingService (SCMBlockDeletingService.java:call(155)) - Scanned deleted blocks log and got 0 delTX to process.
2019-08-05 04:37:56,102 INFO  client.GrpcClientProtocolClient (GrpcClientProtocolClient.java:onNext(255)) - client-C12DAE7A5037->3f4de2de-7d09-498f-aead-42327df81d94: receive RaftClientReply:client-C12DAE7A5037->3f4de2de-7d09-498f-aead-42327df81d94@group-C7908E81CC6B, cid=1769, SUCCESS, logIndex=2580, commits[3f4de2de-7d09-498f-aead-42327df81d94:c2581]
2019-08-05 04:37:56,103 INFO  client.GrpcClientProtocolClient (GrpcClientProtocolClient.java:onNext(255)) - client-C12DAE7A5037->3f4de2de-7d09-498f-aead-42327df81d94: receive RaftClientReply:client-C12DAE7A5037->3f4de2de-7d09-498f-aead-42327df81d94@group-C7908E81CC6B, cid=1770, SUCCESS, logIndex=2581, commits[3f4de2de-7d09-498f-aead-42327df81d94:c2583]
2019-08-05 04:37:56,103 INFO  client.GrpcClientProtocolClient (GrpcClientProtocolClient.java:onNext(255)) - client-C12DAE7A5037->3f4de2de-7d09-498f-aead-42327df81d94: receive RaftClientReply:client-C12DAE7A5037->3f4de2de-7d09-498f-aead-42327df81d94@group-C7908E81CC6B, cid=1771, SUCCESS, logIndex=2582, commits[3f4de2de-7d09-498f-aead-42327df81d94:c2584]
2019-08-05 04:37:56,103 INFO  client.GrpcClientProtocolClient (GrpcClientProtocolClient.java:onNext(255)) - client-C12DAE7A5037->3f4de2de-7d09-498f-aead-42327df81d94: receive RaftClientReply:client-C12DAE7A5037->3f4de2de-7d09-498f-aead-42327df81d94@group-C7908E81CC6B, cid=1772, SUCCESS, logIndex=2583, commits[3f4de2de-7d09-498f-aead-42327df81d94:c2584]
2019-08-05 04:37:56,124 INFO  client.GrpcClientProtocolClient (GrpcClientProtocolClient.java:onNext(255)) - client-C12DAE7A5037->3f4de2de-7d09-498f-aead-42327df81d94: receive RaftClientReply:client-C12DAE7A5037->3f4de2de-7d09-498f-aead-42327df81d94@group-C7908E81CC6B, cid=1773, SUCCESS, logIndex=2586, commits[3f4de2de-7d09-498f-aead-42327df81d94:c2589]
2019-08-05 04:37:56,124 INFO  client.GrpcClientProtocolClient (GrpcClientProtocolClient.java:onNext(255)) - client-C12DAE7A5037->3f4de2de-7d09-498f-aead-42327df81d94: receive RaftClientReply:client-C12DAE7A5037->3f4de2de-7d09-498f-aead-42327df81d94@group-C7908E81CC6B, cid=1774, SUCCESS, logIndex=2587, commits[3f4de2de-7d09-498f-aead-42327df81d94:c2589]
2019-08-05 04:37:56,125 INFO  client.GrpcClientProtocolClient (GrpcClientProtocolClient.java:onNext(255)) - client-C12DAE7A5037->3f4de2de-7d09-498f-aead-42327df81d94: receive RaftClientReply:client-C12DAE7A5037->3f4de2de-7d09-498f-aead-42327df81d94@group-C7908E81CC6B, cid=1775, SUCCESS, logIndex=2588, commits[3f4de2de-7d09-498f-aead-42327df81d94:c2590]
2019-08-05 04:37:56,125 INFO  client.GrpcClientProtocolClient (GrpcClientProtocolClient.java:onNext(255)) - client-C12DAE7A5037->3f4de2de-7d09-498f-aead-42327df81d94: receive RaftClientReply:client-C12DAE7A5037->3f4de2de-7d09-498f-aead-42327df81d94@group-C7908E81CC6B, cid=1776, SUCCESS, logIndex=2589, commits[3f4de2de-7d09-498f-aead-42327df81d94:c2590]
2019-08-05 04:37:56,154 INFO  client.GrpcClientProtocolClient (GrpcClientProtocolClient.java:onNext(255)) - client-C12DAE7A5037->3f4de2de-7d09-498f-aead-42327df81d94: receive RaftClientReply:client-C12DAE7A5037->3f4de2de-7d09-498f-aead-42327df81d94@group-C7908E81CC6B, cid=1777, SUCCESS, logIndex=2591, commits[3f4de2de-7d09-498f-aead-42327df81d94:c2594]
2019-08-05 04:37:56,154 INFO  client.GrpcClientProtocolClient (GrpcClientProtocolClient.java:onNext(255)) - client-C12DAE7A5037->3f4de2de-7d09-498f-aead-42327df81d94: receive RaftClientReply:client-C12DAE7A5037->3f4de2de-7d09-498f-aead-42327df81d94@group-C7908E81CC6B, cid=1778, SUCCESS, logIndex=2592, commits[3f4de2de-7d09-498f-aead-42327df81d94:c2595]
2019-08-05 04:37:56,155 INFO  client.GrpcClientProtocolClient (GrpcClientProtocolClient.java:onNext(255)) - client-C12DAE7A5037->3f4de2de-7d09-498f-aead-42327df81d94: receive RaftClientReply:client-C12DAE7A5037->3f4de2de-7d09-498f-aead-42327df81d94@group-C7908E81CC6B, cid=1779, SUCCESS, logIndex=2593, commits[3f4de2de-7d09-498f-aead-42327df81d94:c2595]
2019-08-05 04:37:56,155 INFO  client.GrpcClientProtocolClient (GrpcClientProtocolClient.java:onNext(255)) - client-C12DAE7A5037->3f4de2de-7d09-498f-aead-42327df81d94: receive RaftClientReply:client-C12DAE7A5037->3f4de2de-7d09-498f-aead-42327df81d94@group-C7908E81CC6B, cid=1780, SUCCESS, logIndex=2594, commits[3f4de2de-7d09-498f-aead-42327df81d94:c2595]
2019-08-05 04:37:56,174 INFO  client.GrpcClientProtocolClient (GrpcClientProtocolClient.java:onNext(255)) - client-C12DAE7A5037->3f4de2de-7d09-498f-aead-42327df81d94: receive RaftClientReply:client-C12DAE7A5037->3f4de2de-7d09-498f-aead-42327df81d94@group-C7908E81CC6B, cid=1781, SUCCESS, logIndex=2596, commits[3f4de2de-7d09-498f-aead-42327df81d94:c2597]
2019-08-05 04:37:56,174 INFO  client.GrpcClientProtocolClient (GrpcClientProtocolClient.java:onNext(255)) - client-C12DAE7A5037->3f4de2de-7d09-498f-aead-42327df81d94: receive RaftClientReply:client-C12DAE7A5037->3f4de2de-7d09-498f-aead-42327df81d94@group-C7908E81CC6B, cid=1782, SUCCESS, logIndex=2597, commits[3f4de2de-7d09-498f-aead-42327df81d94:c2599]
2019-08-05 04:37:56,175 INFO  client.GrpcClientProtocolClient (GrpcClientProtocolClient.java:onNext(255)) - client-C12DAE7A5037->3f4de2de-7d09-498f-aead-42327df81d94: receive RaftClientReply:client-C12DAE7A5037->3f4de2de-7d09-498f-aead-42327df81d94@group-C7908E81CC6B, cid=1783, SUCCESS, logIndex=2598, commits[3f4de2de-7d09-498f-aead-42327df81d94:c2599]
2019-08-05 04:37:56,175 INFO  client.GrpcClientProtocolClient (GrpcClientProtocolClient.java:onNext(255)) - client-C12DAE7A5037->3f4de2de-7d09-498f-aead-42327df81d94: receive RaftClientReply:client-C12DAE7A5037->3f4de2de-7d09-498f-aead-42327df81d94@group-C7908E81CC6B, cid=1784, SUCCESS, logIndex=2599, commits[3f4de2de-7d09-498f-aead-42327df81d94:c2600]
2019-08-05 04:37:56,184 DEBUG block.SCMBlockDeletingService (SCMBlockDeletingService.java:call(138)) - Running DeletedBlockTransactionScanner
2019-08-05 04:37:56,184 DEBUG block.SCMBlockDeletingService (SCMBlockDeletingService.java:call(155)) - Scanned deleted blocks log and got 0 delTX to process.
2019-08-05 04:37:56,202 INFO  client.GrpcClientProtocolClient (GrpcClientProtocolClient.java:onNext(255)) - client-C12DAE7A5037->3f4de2de-7d09-498f-aead-42327df81d94: receive RaftClientReply:client-C12DAE7A5037->3f4de2de-7d09-498f-aead-42327df81d94@group-C7908E81CC6B, cid=1785, SUCCESS, logIndex=2602, commits[3f4de2de-7d09-498f-aead-42327df81d94:c2603]
2019-08-05 04:37:56,203 INFO  client.GrpcClientProtocolClient (GrpcClientProtocolClient.java:onNext(255)) - client-C12DAE7A5037->3f4de2de-7d09-498f-aead-42327df81d94: receive RaftClientReply:client-C12DAE7A5037->3f4de2de-7d09-498f-aead-42327df81d94@group-C7908E81CC6B, cid=1786, SUCCESS, logIndex=2603, commits[3f4de2de-7d09-498f-aead-42327df81d94:c2605]
2019-08-05 04:37:56,203 INFO  client.GrpcClientProtocolClient (GrpcClientProtocolClient.java:onNext(255)) - client-C12DAE7A5037->3f4de2de-7d09-498f-aead-42327df81d94: receive RaftClientReply:client-C12DAE7A5037->3f4de2de-7d09-498f-aead-42327df81d94@group-C7908E81CC6B, cid=1787, SUCCESS, logIndex=2604, commits[3f4de2de-7d09-498f-aead-42327df81d94:c2606]
2019-08-05 04:37:56,203 INFO  client.GrpcClientProtocolClient (GrpcClientProtocolClient.java:onNext(255)) - client-C12DAE7A5037->3f4de2de-7d09-498f-aead-42327df81d94: receive RaftClientReply:client-C12DAE7A5037->3f4de2de-7d09-498f-aead-42327df81d94@group-C7908E81CC6B, cid=1788, SUCCESS, logIndex=2605, commits[3f4de2de-7d09-498f-aead-42327df81d94:c2606]
2019-08-05 04:37:56,226 INFO  client.GrpcClientProtocolClient (GrpcClientProtocolClient.java:onNext(255)) - client-C12DAE7A5037->3f4de2de-7d09-498f-aead-42327df81d94: receive RaftClientReply:client-C12DAE7A5037->3f4de2de-7d09-498f-aead-42327df81d94@group-C7908E81CC6B, cid=1789, SUCCESS, logIndex=2608, commits[3f4de2de-7d09-498f-aead-42327df81d94:c2611]
2019-08-05 04:37:56,236 INFO  client.GrpcClientProtocolClient (GrpcClientProtocolClient.java:onNext(255)) - client-C12DAE7A5037->3f4de2de-7d09-498f-aead-42327df81d94: receive RaftClientReply:client-C12DAE7A5037->3f4de2de-7d09-498f-aead-42327df81d94@group-C7908E81CC6B, cid=1790, SUCCESS, logIndex=2609, commits[3f4de2de-7d09-498f-aead-42327df81d94:c2612]
2019-08-05 04:37:56,236 INFO  client.GrpcClientProtocolClient (GrpcClientProtocolClient.java:onNext(255)) - client-C12DAE7A5037->3f4de2de-7d09-498f-aead-42327df81d94: receive RaftClientReply:client-C12DAE7A5037->3f4de2de-7d09-498f-aead-42327df81d94@group-C7908E81CC6B, cid=1791, SUCCESS, logIndex=2610, commits[3f4de2de-7d09-498f-aead-42327df81d94:c2612]
2019-08-05 04:37:56,237 INFO  client.GrpcClientProtocolClient (GrpcClientProtocolClient.java:onNext(255)) - client-C12DAE7A5037->3f4de2de-7d09-498f-aead-42327df81d94: receive RaftClientReply:client-C12DAE7A5037->3f4de2de-7d09-498f-aead-42327df81d94@group-C7908E81CC6B, cid=1792, SUCCESS, logIndex=2611, commits[3f4de2de-7d09-498f-aead-42327df81d94:c2612]
2019-08-05 04:37:56,284 INFO  client.GrpcClientProtocolClient (GrpcClientProtocolClient.java:onNext(255)) - client-C12DAE7A5037->3f4de2de-7d09-498f-aead-42327df81d94: receive RaftClientReply:client-C12DAE7A5037->3f4de2de-7d09-498f-aead-42327df81d94@group-C7908E81CC6B, cid=1793, SUCCESS, logIndex=2613, commits[3f4de2de-7d09-498f-aead-42327df81d94:c2614]
2019-08-05 04:37:56,284 DEBUG block.SCMBlockDeletingService (SCMBlockDeletingService.java:call(138)) - Running DeletedBlockTransactionScanner
2019-08-05 04:37:56,285 DEBUG block.SCMBlockDeletingService (SCMBlockDeletingService.java:call(155)) - Scanned deleted blocks log and got 0 delTX to process.
2019-08-05 04:37:56,285 INFO  client.GrpcClientProtocolClient (GrpcClientProtocolClient.java:onNext(255)) - client-C12DAE7A5037->3f4de2de-7d09-498f-aead-42327df81d94: receive RaftClientReply:client-C12DAE7A5037->3f4de2de-7d09-498f-aead-42327df81d94@group-C7908E81CC6B, cid=1794, SUCCESS, logIndex=2614, commits[3f4de2de-7d09-498f-aead-42327df81d94:c2616]
2019-08-05 04:37:56,285 INFO  client.GrpcClientProtocolClient (GrpcClientProtocolClient.java:onNext(255)) - client-C12DAE7A5037->3f4de2de-7d09-498f-aead-42327df81d94: receive RaftClientReply:client-C12DAE7A5037->3f4de2de-7d09-498f-aead-42327df81d94@group-C7908E81CC6B, cid=1795, SUCCESS, logIndex=2615, commits[3f4de2de-7d09-498f-aead-42327df81d94:c2617]
2019-08-05 04:37:56,285 INFO  client.GrpcClientProtocolClient (GrpcClientProtocolClient.java:onNext(255)) - client-C12DAE7A5037->3f4de2de-7d09-498f-aead-42327df81d94: receive RaftClientReply:client-C12DAE7A5037->3f4de2de-7d09-498f-aead-42327df81d94@group-C7908E81CC6B, cid=1796, SUCCESS, logIndex=2616, commits[3f4de2de-7d09-498f-aead-42327df81d94:c2618]
2019-08-05 04:37:56,308 INFO  client.GrpcClientProtocolClient (GrpcClientProtocolClient.java:onNext(255)) - client-C12DAE7A5037->3f4de2de-7d09-498f-aead-42327df81d94: receive RaftClientReply:client-C12DAE7A5037->3f4de2de-7d09-498f-aead-42327df81d94@group-C7908E81CC6B, cid=1797, SUCCESS, logIndex=2619, commits[3f4de2de-7d09-498f-aead-42327df81d94:c2620]
2019-08-05 04:37:56,309 INFO  client.GrpcClientProtocolClient (GrpcClientProtocolClient.java:onNext(255)) - client-C12DAE7A5037->3f4de2de-7d09-498f-aead-42327df81d94: receive RaftClientReply:client-C12DAE7A5037->3f4de2de-7d09-498f-aead-42327df81d94@group-C7908E81CC6B, cid=1798, SUCCESS, logIndex=2620, commits[3f4de2de-7d09-498f-aead-42327df81d94:c2622]
2019-08-05 04:37:56,309 INFO  client.GrpcClientProtocolClient (GrpcClientProtocolClient.java:onNext(255)) - client-C12DAE7A5037->3f4de2de-7d09-498f-aead-42327df81d94: receive RaftClientReply:client-C12DAE7A5037->3f4de2de-7d09-498f-aead-42327df81d94@group-C7908E81CC6B, cid=1799, SUCCESS, logIndex=2621, commits[3f4de2de-7d09-498f-aead-42327df81d94:c2622]
2019-08-05 04:37:56,309 INFO  client.GrpcClientProtocolClient (GrpcClientProtocolClient.java:onNext(255)) - client-C12DAE7A5037->3f4de2de-7d09-498f-aead-42327df81d94: receive RaftClientReply:client-C12DAE7A5037->3f4de2de-7d09-498f-aead-42327df81d94@group-C7908E81CC6B, cid=1800, SUCCESS, logIndex=2622, commits[3f4de2de-7d09-498f-aead-42327df81d94:c2623]
2019-08-05 04:37:56,336 INFO  client.GrpcClientProtocolClient (GrpcClientProtocolClient.java:onNext(255)) - client-C12DAE7A5037->3f4de2de-7d09-498f-aead-42327df81d94: receive RaftClientReply:client-C12DAE7A5037->3f4de2de-7d09-498f-aead-42327df81d94@group-C7908E81CC6B, cid=1801, SUCCESS, logIndex=2625, commits[3f4de2de-7d09-498f-aead-42327df81d94:c2626]
2019-08-05 04:37:56,337 INFO  client.GrpcClientProtocolClient (GrpcClientProtocolClient.java:onNext(255)) - client-C12DAE7A5037->3f4de2de-7d09-498f-aead-42327df81d94: receive RaftClientReply:client-C12DAE7A5037->3f4de2de-7d09-498f-aead-42327df81d94@group-C7908E81CC6B, cid=1802, SUCCESS, logIndex=2626, commits[3f4de2de-7d09-498f-aead-42327df81d94:c2628]
2019-08-05 04:37:56,338 INFO  client.GrpcClientProtocolClient (GrpcClientProtocolClient.java:onNext(255)) - client-C12DAE7A5037->3f4de2de-7d09-498f-aead-42327df81d94: receive RaftClientReply:client-C12DAE7A5037->3f4de2de-7d09-498f-aead-42327df81d94@group-C7908E81CC6B, cid=1803, SUCCESS, logIndex=2627, commits[3f4de2de-7d09-498f-aead-42327df81d94:c2629]
2019-08-05 04:37:56,338 INFO  client.GrpcClientProtocolClient (GrpcClientProtocolClient.java:onNext(255)) - client-C12DAE7A5037->3f4de2de-7d09-498f-aead-42327df81d94: receive RaftClientReply:client-C12DAE7A5037->3f4de2de-7d09-498f-aead-42327df81d94@group-C7908E81CC6B, cid=1804, SUCCESS, logIndex=2628, commits[3f4de2de-7d09-498f-aead-42327df81d94:c2629]
2019-08-05 04:37:56,358 INFO  client.GrpcClientProtocolClient (GrpcClientProtocolClient.java:onNext(255)) - client-C12DAE7A5037->3f4de2de-7d09-498f-aead-42327df81d94: receive RaftClientReply:client-C12DAE7A5037->3f4de2de-7d09-498f-aead-42327df81d94@group-C7908E81CC6B, cid=1805, SUCCESS, logIndex=2631, commits[3f4de2de-7d09-498f-aead-42327df81d94:c2632]
2019-08-05 04:37:56,358 INFO  client.GrpcClientProtocolClient (GrpcClientProtocolClient.java:onNext(255)) - client-C12DAE7A5037->3f4de2de-7d09-498f-aead-42327df81d94: receive RaftClientReply:client-C12DAE7A5037->3f4de2de-7d09-498f-aead-42327df81d94@group-C7908E81CC6B, cid=1806, SUCCESS, logIndex=2632, commits[3f4de2de-7d09-498f-aead-42327df81d94:c2634]
2019-08-05 04:37:56,359 INFO  client.GrpcClientProtocolClient (GrpcClientProtocolClient.java:onNext(255)) - client-C12DAE7A5037->3f4de2de-7d09-498f-aead-42327df81d94: receive RaftClientReply:client-C12DAE7A5037->3f4de2de-7d09-498f-aead-42327df81d94@group-C7908E81CC6B, cid=1807, SUCCESS, logIndex=2633, commits[3f4de2de-7d09-498f-aead-42327df81d94:c2635]
2019-08-05 04:37:56,359 INFO  client.GrpcClientProtocolClient (GrpcClientProtocolClient.java:onNext(255)) - client-C12DAE7A5037->3f4de2de-7d09-498f-aead-42327df81d94: receive RaftClientReply:client-C12DAE7A5037->3f4de2de-7d09-498f-aead-42327df81d94@group-C7908E81CC6B, cid=1808, SUCCESS, logIndex=2634, commits[3f4de2de-7d09-498f-aead-42327df81d94:c2635]
2019-08-05 04:37:56,385 DEBUG block.SCMBlockDeletingService (SCMBlockDeletingService.java:call(138)) - Running DeletedBlockTransactionScanner
2019-08-05 04:37:56,385 DEBUG block.SCMBlockDeletingService (SCMBlockDeletingService.java:call(155)) - Scanned deleted blocks log and got 0 delTX to process.
2019-08-05 04:37:56,386 INFO  client.GrpcClientProtocolClient (GrpcClientProtocolClient.java:onNext(255)) - client-C12DAE7A5037->3f4de2de-7d09-498f-aead-42327df81d94: receive RaftClientReply:client-C12DAE7A5037->3f4de2de-7d09-498f-aead-42327df81d94@group-C7908E81CC6B, cid=1809, SUCCESS, logIndex=2637, commits[3f4de2de-7d09-498f-aead-42327df81d94:c2638]
2019-08-05 04:37:56,387 INFO  client.GrpcClientProtocolClient (GrpcClientProtocolClient.java:onNext(255)) - client-C12DAE7A5037->3f4de2de-7d09-498f-aead-42327df81d94: receive RaftClientReply:client-C12DAE7A5037->3f4de2de-7d09-498f-aead-42327df81d94@group-C7908E81CC6B, cid=1810, SUCCESS, logIndex=2638, commits[3f4de2de-7d09-498f-aead-42327df81d94:c2638]
2019-08-05 04:37:56,388 INFO  client.GrpcClientProtocolClient (GrpcClientProtocolClient.java:onNext(255)) - client-C12DAE7A5037->3f4de2de-7d09-498f-aead-42327df81d94: receive RaftClientReply:client-C12DAE7A5037->3f4de2de-7d09-498f-aead-42327df81d94@group-C7908E81CC6B, cid=1811, SUCCESS, logIndex=2639, commits[3f4de2de-7d09-498f-aead-42327df81d94:c2640]
2019-08-05 04:37:56,388 INFO  client.GrpcClientProtocolClient (GrpcClientProtocolClient.java:onNext(255)) - client-C12DAE7A5037->3f4de2de-7d09-498f-aead-42327df81d94: receive RaftClientReply:client-C12DAE7A5037->3f4de2de-7d09-498f-aead-42327df81d94@group-C7908E81CC6B, cid=1812, SUCCESS, logIndex=2640, commits[3f4de2de-7d09-498f-aead-42327df81d94:c2640]
2019-08-05 04:37:56,486 DEBUG block.SCMBlockDeletingService (SCMBlockDeletingService.java:call(138)) - Running DeletedBlockTransactionScanner
2019-08-05 04:37:56,486 DEBUG block.SCMBlockDeletingService (SCMBlockDeletingService.java:call(155)) - Scanned deleted blocks log and got 0 delTX to process.
2019-08-05 04:37:56,586 DEBUG block.SCMBlockDeletingService (SCMBlockDeletingService.java:call(138)) - Running DeletedBlockTransactionScanner
2019-08-05 04:37:56,587 DEBUG block.SCMBlockDeletingService (SCMBlockDeletingService.java:call(155)) - Scanned deleted blocks log and got 0 delTX to process.
2019-08-05 04:37:56,592 INFO  client.GrpcClientProtocolClient (GrpcClientProtocolClient.java:onNext(255)) - client-C12DAE7A5037->3f4de2de-7d09-498f-aead-42327df81d94: receive RaftClientReply:client-C12DAE7A5037->3f4de2de-7d09-498f-aead-42327df81d94@group-C7908E81CC6B, cid=1813, SUCCESS, logIndex=2643, commits[3f4de2de-7d09-498f-aead-42327df81d94:c2644]
2019-08-05 04:37:56,593 INFO  client.GrpcClientProtocolClient (GrpcClientProtocolClient.java:onNext(255)) - client-C12DAE7A5037->3f4de2de-7d09-498f-aead-42327df81d94: receive RaftClientReply:client-C12DAE7A5037->3f4de2de-7d09-498f-aead-42327df81d94@group-C7908E81CC6B, cid=1814, SUCCESS, logIndex=2644, commits[3f4de2de-7d09-498f-aead-42327df81d94:c2646]
2019-08-05 04:37:56,593 INFO  client.GrpcClientProtocolClient (GrpcClientProtocolClient.java:onNext(255)) - client-C12DAE7A5037->3f4de2de-7d09-498f-aead-42327df81d94: receive RaftClientReply:client-C12DAE7A5037->3f4de2de-7d09-498f-aead-42327df81d94@group-C7908E81CC6B, cid=1815, SUCCESS, logIndex=2645, commits[3f4de2de-7d09-498f-aead-42327df81d94:c2647]
2019-08-05 04:37:56,593 INFO  client.GrpcClientProtocolClient (GrpcClientProtocolClient.java:onNext(255)) - client-C12DAE7A5037->3f4de2de-7d09-498f-aead-42327df81d94: receive RaftClientReply:client-C12DAE7A5037->3f4de2de-7d09-498f-aead-42327df81d94@group-C7908E81CC6B, cid=1816, SUCCESS, logIndex=2646, commits[3f4de2de-7d09-498f-aead-42327df81d94:c2647]
2019-08-05 04:37:56,620 INFO  client.GrpcClientProtocolClient (GrpcClientProtocolClient.java:onNext(255)) - client-C12DAE7A5037->3f4de2de-7d09-498f-aead-42327df81d94: receive RaftClientReply:client-C12DAE7A5037->3f4de2de-7d09-498f-aead-42327df81d94@group-C7908E81CC6B, cid=1817, SUCCESS, logIndex=2649, commits[3f4de2de-7d09-498f-aead-42327df81d94:c2650]
2019-08-05 04:37:56,621 INFO  client.GrpcClientProtocolClient (GrpcClientProtocolClient.java:onNext(255)) - client-C12DAE7A5037->3f4de2de-7d09-498f-aead-42327df81d94: receive RaftClientReply:client-C12DAE7A5037->3f4de2de-7d09-498f-aead-42327df81d94@group-C7908E81CC6B, cid=1818, SUCCESS, logIndex=2650, commits[3f4de2de-7d09-498f-aead-42327df81d94:c2652]
2019-08-05 04:37:56,621 INFO  client.GrpcClientProtocolClient (GrpcClientProtocolClient.java:onNext(255)) - client-C12DAE7A5037->3f4de2de-7d09-498f-aead-42327df81d94: receive RaftClientReply:client-C12DAE7A5037->3f4de2de-7d09-498f-aead-42327df81d94@group-C7908E81CC6B, cid=1819, SUCCESS, logIndex=2651, commits[3f4de2de-7d09-498f-aead-42327df81d94:c2652]
2019-08-05 04:37:56,622 INFO  client.GrpcClientProtocolClient (GrpcClientProtocolClient.java:onNext(255)) - client-C12DAE7A5037->3f4de2de-7d09-498f-aead-42327df81d94: receive RaftClientReply:client-C12DAE7A5037->3f4de2de-7d09-498f-aead-42327df81d94@group-C7908E81CC6B, cid=1820, SUCCESS, logIndex=2652, commits[3f4de2de-7d09-498f-aead-42327df81d94:c2653]
2019-08-05 04:37:56,641 INFO  client.GrpcClientProtocolClient (GrpcClientProtocolClient.java:onNext(255)) - client-C12DAE7A5037->3f4de2de-7d09-498f-aead-42327df81d94: receive RaftClientReply:client-C12DAE7A5037->3f4de2de-7d09-498f-aead-42327df81d94@group-C7908E81CC6B, cid=1821, SUCCESS, logIndex=2655, commits[3f4de2de-7d09-498f-aead-42327df81d94:c2656]
2019-08-05 04:37:56,641 INFO  client.GrpcClientProtocolClient (GrpcClientProtocolClient.java:onNext(255)) - client-C12DAE7A5037->3f4de2de-7d09-498f-aead-42327df81d94: receive RaftClientReply:client-C12DAE7A5037->3f4de2de-7d09-498f-aead-42327df81d94@group-C7908E81CC6B, cid=1822, SUCCESS, logIndex=2656, commits[3f4de2de-7d09-498f-aead-42327df81d94:c2658]
2019-08-05 04:37:56,641 INFO  client.GrpcClientProtocolClient (GrpcClientProtocolClient.java:onNext(255)) - client-C12DAE7A5037->3f4de2de-7d09-498f-aead-42327df81d94: receive RaftClientReply:client-C12DAE7A5037->3f4de2de-7d09-498f-aead-42327df81d94@group-C7908E81CC6B, cid=1823, SUCCESS, logIndex=2657, commits[3f4de2de-7d09-498f-aead-42327df81d94:c2658]
2019-08-05 04:37:56,642 INFO  client.GrpcClientProtocolClient (GrpcClientProtocolClient.java:onNext(255)) - client-C12DAE7A5037->3f4de2de-7d09-498f-aead-42327df81d94: receive RaftClientReply:client-C12DAE7A5037->3f4de2de-7d09-498f-aead-42327df81d94@group-C7908E81CC6B, cid=1824, SUCCESS, logIndex=2658, commits[3f4de2de-7d09-498f-aead-42327df81d94:c2659]
2019-08-05 04:37:56,668 INFO  client.GrpcClientProtocolClient (GrpcClientProtocolClient.java:onNext(255)) - client-C12DAE7A5037->3f4de2de-7d09-498f-aead-42327df81d94: receive RaftClientReply:client-C12DAE7A5037->3f4de2de-7d09-498f-aead-42327df81d94@group-C7908E81CC6B, cid=1825, SUCCESS, logIndex=2661, commits[3f4de2de-7d09-498f-aead-42327df81d94:c2662]
2019-08-05 04:37:56,668 INFO  client.GrpcClientProtocolClient (GrpcClientProtocolClient.java:onNext(255)) - client-C12DAE7A5037->3f4de2de-7d09-498f-aead-42327df81d94: receive RaftClientReply:client-C12DAE7A5037->3f4de2de-7d09-498f-aead-42327df81d94@group-C7908E81CC6B, cid=1826, SUCCESS, logIndex=2662, commits[3f4de2de-7d09-498f-aead-42327df81d94:c2662]
2019-08-05 04:37:56,670 INFO  client.GrpcClientProtocolClient (GrpcClientProtocolClient.java:onNext(255)) - client-C12DAE7A5037->3f4de2de-7d09-498f-aead-42327df81d94: receive RaftClientReply:client-C12DAE7A5037->3f4de2de-7d09-498f-aead-42327df81d94@group-C7908E81CC6B, cid=1827, SUCCESS, logIndex=2663, commits[3f4de2de-7d09-498f-aead-42327df81d94:c2665]
2019-08-05 04:37:56,670 INFO  client.GrpcClientProtocolClient (GrpcClientProtocolClient.java:onNext(255)) - client-C12DAE7A5037->3f4de2de-7d09-498f-aead-42327df81d94: receive RaftClientReply:client-C12DAE7A5037->3f4de2de-7d09-498f-aead-42327df81d94@group-C7908E81CC6B, cid=1828, SUCCESS, logIndex=2664, commits[3f4de2de-7d09-498f-aead-42327df81d94:c2665]
2019-08-05 04:37:56,687 DEBUG block.SCMBlockDeletingService (SCMBlockDeletingService.java:call(138)) - Running DeletedBlockTransactionScanner
2019-08-05 04:37:56,687 DEBUG block.SCMBlockDeletingService (SCMBlockDeletingService.java:call(155)) - Scanned deleted blocks log and got 0 delTX to process.
2019-08-05 04:37:56,692 INFO  client.GrpcClientProtocolClient (GrpcClientProtocolClient.java:onNext(255)) - client-C12DAE7A5037->3f4de2de-7d09-498f-aead-42327df81d94: receive RaftClientReply:client-C12DAE7A5037->3f4de2de-7d09-498f-aead-42327df81d94@group-C7908E81CC6B, cid=1829, SUCCESS, logIndex=2666, commits[3f4de2de-7d09-498f-aead-42327df81d94:c2669]
2019-08-05 04:37:56,692 INFO  client.GrpcClientProtocolClient (GrpcClientProtocolClient.java:onNext(255)) - client-C12DAE7A5037->3f4de2de-7d09-498f-aead-42327df81d94: receive RaftClientReply:client-C12DAE7A5037->3f4de2de-7d09-498f-aead-42327df81d94@group-C7908E81CC6B, cid=1830, SUCCESS, logIndex=2667, commits[3f4de2de-7d09-498f-aead-42327df81d94:c2670]
2019-08-05 04:37:56,693 INFO  client.GrpcClientProtocolClient (GrpcClientProtocolClient.java:onNext(255)) - client-C12DAE7A5037->3f4de2de-7d09-498f-aead-42327df81d94: receive RaftClientReply:client-C12DAE7A5037->3f4de2de-7d09-498f-aead-42327df81d94@group-C7908E81CC6B, cid=1831, SUCCESS, logIndex=2668, commits[3f4de2de-7d09-498f-aead-42327df81d94:c2670]
2019-08-05 04:37:56,693 INFO  client.GrpcClientProtocolClient (GrpcClientProtocolClient.java:onNext(255)) - client-C12DAE7A5037->3f4de2de-7d09-498f-aead-42327df81d94: receive RaftClientReply:client-C12DAE7A5037->3f4de2de-7d09-498f-aead-42327df81d94@group-C7908E81CC6B, cid=1832, SUCCESS, logIndex=2669, commits[3f4de2de-7d09-498f-aead-42327df81d94:c2670]
2019-08-05 04:37:56,725 INFO  client.GrpcClientProtocolClient (GrpcClientProtocolClient.java:onNext(255)) - client-C12DAE7A5037->3f4de2de-7d09-498f-aead-42327df81d94: receive RaftClientReply:client-C12DAE7A5037->3f4de2de-7d09-498f-aead-42327df81d94@group-C7908E81CC6B, cid=1833, SUCCESS, logIndex=2671, commits[3f4de2de-7d09-498f-aead-42327df81d94:c2674]
2019-08-05 04:37:56,726 INFO  client.GrpcClientProtocolClient (GrpcClientProtocolClient.java:onNext(255)) - client-C12DAE7A5037->3f4de2de-7d09-498f-aead-42327df81d94: receive RaftClientReply:client-C12DAE7A5037->3f4de2de-7d09-498f-aead-42327df81d94@group-C7908E81CC6B, cid=1834, SUCCESS, logIndex=2672, commits[3f4de2de-7d09-498f-aead-42327df81d94:c2675]
2019-08-05 04:37:56,726 INFO  client.GrpcClientProtocolClient (GrpcClientProtocolClient.java:onNext(255)) - client-C12DAE7A5037->3f4de2de-7d09-498f-aead-42327df81d94: receive RaftClientReply:client-C12DAE7A5037->3f4de2de-7d09-498f-aead-42327df81d94@group-C7908E81CC6B, cid=1835, SUCCESS, logIndex=2673, commits[3f4de2de-7d09-498f-aead-42327df81d94:c2675]
2019-08-05 04:37:56,727 INFO  client.GrpcClientProtocolClient (GrpcClientProtocolClient.java:onNext(255)) - client-C12DAE7A5037->3f4de2de-7d09-498f-aead-42327df81d94: receive RaftClientReply:client-C12DAE7A5037->3f4de2de-7d09-498f-aead-42327df81d94@group-C7908E81CC6B, cid=1836, SUCCESS, logIndex=2674, commits[3f4de2de-7d09-498f-aead-42327df81d94:c2675]
2019-08-05 04:37:56,748 INFO  client.GrpcClientProtocolClient (GrpcClientProtocolClient.java:onNext(255)) - client-C12DAE7A5037->3f4de2de-7d09-498f-aead-42327df81d94: receive RaftClientReply:client-C12DAE7A5037->3f4de2de-7d09-498f-aead-42327df81d94@group-C7908E81CC6B, cid=1837, SUCCESS, logIndex=2676, commits[3f4de2de-7d09-498f-aead-42327df81d94:c2679]
2019-08-05 04:37:56,749 INFO  client.GrpcClientProtocolClient (GrpcClientProtocolClient.java:onNext(255)) - client-C12DAE7A5037->3f4de2de-7d09-498f-aead-42327df81d94: receive RaftClientReply:client-C12DAE7A5037->3f4de2de-7d09-498f-aead-42327df81d94@group-C7908E81CC6B, cid=1838, SUCCESS, logIndex=2677, commits[3f4de2de-7d09-498f-aead-42327df81d94:c2680]
2019-08-05 04:37:56,749 INFO  client.GrpcClientProtocolClient (GrpcClientProtocolClient.java:onNext(255)) - client-C12DAE7A5037->3f4de2de-7d09-498f-aead-42327df81d94: receive RaftClientReply:client-C12DAE7A5037->3f4de2de-7d09-498f-aead-42327df81d94@group-C7908E81CC6B, cid=1839, SUCCESS, logIndex=2678, commits[3f4de2de-7d09-498f-aead-42327df81d94:c2680]
2019-08-05 04:37:56,750 INFO  client.GrpcClientProtocolClient (GrpcClientProtocolClient.java:onNext(255)) - client-C12DAE7A5037->3f4de2de-7d09-498f-aead-42327df81d94: receive RaftClientReply:client-C12DAE7A5037->3f4de2de-7d09-498f-aead-42327df81d94@group-C7908E81CC6B, cid=1840, SUCCESS, logIndex=2679, commits[3f4de2de-7d09-498f-aead-42327df81d94:c2680]
2019-08-05 04:37:56,777 INFO  client.GrpcClientProtocolClient (GrpcClientProtocolClient.java:onNext(255)) - client-C12DAE7A5037->3f4de2de-7d09-498f-aead-42327df81d94: receive RaftClientReply:client-C12DAE7A5037->3f4de2de-7d09-498f-aead-42327df81d94@group-C7908E81CC6B, cid=1841, SUCCESS, logIndex=2681, commits[3f4de2de-7d09-498f-aead-42327df81d94:c2682]
2019-08-05 04:37:56,778 INFO  client.GrpcClientProtocolClient (GrpcClientProtocolClient.java:onNext(255)) - client-C12DAE7A5037->3f4de2de-7d09-498f-aead-42327df81d94: receive RaftClientReply:client-C12DAE7A5037->3f4de2de-7d09-498f-aead-42327df81d94@group-C7908E81CC6B, cid=1842, SUCCESS, logIndex=2682, commits[3f4de2de-7d09-498f-aead-42327df81d94:c2682]
2019-08-05 04:37:56,778 INFO  client.GrpcClientProtocolClient (GrpcClientProtocolClient.java:onNext(255)) - client-C12DAE7A5037->3f4de2de-7d09-498f-aead-42327df81d94: receive RaftClientReply:client-C12DAE7A5037->3f4de2de-7d09-498f-aead-42327df81d94@group-C7908E81CC6B, cid=1843, SUCCESS, logIndex=2683, commits[3f4de2de-7d09-498f-aead-42327df81d94:c2684]
2019-08-05 04:37:56,779 INFO  client.GrpcClientProtocolClient (GrpcClientProtocolClient.java:onNext(255)) - client-C12DAE7A5037->3f4de2de-7d09-498f-aead-42327df81d94: receive RaftClientReply:client-C12DAE7A5037->3f4de2de-7d09-498f-aead-42327df81d94@group-C7908E81CC6B, cid=1844, SUCCESS, logIndex=2684, commits[3f4de2de-7d09-498f-aead-42327df81d94:c2684]
2019-08-05 04:37:56,788 DEBUG block.SCMBlockDeletingService (SCMBlockDeletingService.java:call(138)) - Running DeletedBlockTransactionScanner
2019-08-05 04:37:56,788 DEBUG block.SCMBlockDeletingService (SCMBlockDeletingService.java:call(155)) - Scanned deleted blocks log and got 0 delTX to process.
2019-08-05 04:37:56,798 INFO  client.GrpcClientProtocolClient (GrpcClientProtocolClient.java:onNext(255)) - client-C12DAE7A5037->3f4de2de-7d09-498f-aead-42327df81d94: receive RaftClientReply:client-C12DAE7A5037->3f4de2de-7d09-498f-aead-42327df81d94@group-C7908E81CC6B, cid=1845, SUCCESS, logIndex=2687, commits[3f4de2de-7d09-498f-aead-42327df81d94:c2688]
2019-08-05 04:37:56,799 INFO  client.GrpcClientProtocolClient (GrpcClientProtocolClient.java:onNext(255)) - client-C12DAE7A5037->3f4de2de-7d09-498f-aead-42327df81d94: receive RaftClientReply:client-C12DAE7A5037->3f4de2de-7d09-498f-aead-42327df81d94@group-C7908E81CC6B, cid=1846, SUCCESS, logIndex=2688, commits[3f4de2de-7d09-498f-aead-42327df81d94:c2688]
2019-08-05 04:37:56,799 INFO  client.GrpcClientProtocolClient (GrpcClientProtocolClient.java:onNext(255)) - client-C12DAE7A5037->3f4de2de-7d09-498f-aead-42327df81d94: receive RaftClientReply:client-C12DAE7A5037->3f4de2de-7d09-498f-aead-42327df81d94@group-C7908E81CC6B, cid=1847, SUCCESS, logIndex=2689, commits[3f4de2de-7d09-498f-aead-42327df81d94:c2690]
2019-08-05 04:37:56,799 INFO  client.GrpcClientProtocolClient (GrpcClientProtocolClient.java:onNext(255)) - client-C12DAE7A5037->3f4de2de-7d09-498f-aead-42327df81d94: receive RaftClientReply:client-C12DAE7A5037->3f4de2de-7d09-498f-aead-42327df81d94@group-C7908E81CC6B, cid=1848, SUCCESS, logIndex=2690, commits[3f4de2de-7d09-498f-aead-42327df81d94:c2691]
2019-08-05 04:37:56,826 INFO  client.GrpcClientProtocolClient (GrpcClientProtocolClient.java:onNext(255)) - client-C12DAE7A5037->3f4de2de-7d09-498f-aead-42327df81d94: receive RaftClientReply:client-C12DAE7A5037->3f4de2de-7d09-498f-aead-42327df81d94@group-C7908E81CC6B, cid=1849, SUCCESS, logIndex=2693, commits[3f4de2de-7d09-498f-aead-42327df81d94:c2694]
2019-08-05 04:37:56,827 INFO  client.GrpcClientProtocolClient (GrpcClientProtocolClient.java:onNext(255)) - client-C12DAE7A5037->3f4de2de-7d09-498f-aead-42327df81d94: receive RaftClientReply:client-C12DAE7A5037->3f4de2de-7d09-498f-aead-42327df81d94@group-C7908E81CC6B, cid=1850, SUCCESS, logIndex=2694, commits[3f4de2de-7d09-498f-aead-42327df81d94:c2696]
2019-08-05 04:37:56,827 INFO  client.GrpcClientProtocolClient (GrpcClientProtocolClient.java:onNext(255)) - client-C12DAE7A5037->3f4de2de-7d09-498f-aead-42327df81d94: receive RaftClientReply:client-C12DAE7A5037->3f4de2de-7d09-498f-aead-42327df81d94@group-C7908E81CC6B, cid=1851, SUCCESS, logIndex=2695, commits[3f4de2de-7d09-498f-aead-42327df81d94:c2696]
2019-08-05 04:37:56,828 INFO  client.GrpcClientProtocolClient (GrpcClientProtocolClient.java:onNext(255)) - client-C12DAE7A5037->3f4de2de-7d09-498f-aead-42327df81d94: receive RaftClientReply:client-C12DAE7A5037->3f4de2de-7d09-498f-aead-42327df81d94@group-C7908E81CC6B, cid=1852, SUCCESS, logIndex=2696, commits[3f4de2de-7d09-498f-aead-42327df81d94:c2697]
2019-08-05 04:37:56,846 INFO  client.GrpcClientProtocolClient (GrpcClientProtocolClient.java:onNext(255)) - client-C12DAE7A5037->3f4de2de-7d09-498f-aead-42327df81d94: receive RaftClientReply:client-C12DAE7A5037->3f4de2de-7d09-498f-aead-42327df81d94@group-C7908E81CC6B, cid=1853, SUCCESS, logIndex=2699, commits[3f4de2de-7d09-498f-aead-42327df81d94:c2700]
2019-08-05 04:37:56,847 INFO  client.GrpcClientProtocolClient (GrpcClientProtocolClient.java:onNext(255)) - client-C12DAE7A5037->3f4de2de-7d09-498f-aead-42327df81d94: receive RaftClientReply:client-C12DAE7A5037->3f4de2de-7d09-498f-aead-42327df81d94@group-C7908E81CC6B, cid=1854, SUCCESS, logIndex=2700, commits[3f4de2de-7d09-498f-aead-42327df81d94:c2702]
2019-08-05 04:37:56,847 INFO  client.GrpcClientProtocolClient (GrpcClientProtocolClient.java:onNext(255)) - client-C12DAE7A5037->3f4de2de-7d09-498f-aead-42327df81d94: receive RaftClientReply:client-C12DAE7A5037->3f4de2de-7d09-498f-aead-42327df81d94@group-C7908E81CC6B, cid=1855, SUCCESS, logIndex=2701, commits[3f4de2de-7d09-498f-aead-42327df81d94:c2702]
2019-08-05 04:37:56,847 INFO  client.GrpcClientProtocolClient (GrpcClientProtocolClient.java:onNext(255)) - client-C12DAE7A5037->3f4de2de-7d09-498f-aead-42327df81d94: receive RaftClientReply:client-C12DAE7A5037->3f4de2de-7d09-498f-aead-42327df81d94@group-C7908E81CC6B, cid=1856, SUCCESS, logIndex=2702, commits[3f4de2de-7d09-498f-aead-42327df81d94:c2703]
2019-08-05 04:37:56,889 DEBUG block.SCMBlockDeletingService (SCMBlockDeletingService.java:call(138)) - Running DeletedBlockTransactionScanner
2019-08-05 04:37:56,889 DEBUG block.SCMBlockDeletingService (SCMBlockDeletingService.java:call(155)) - Scanned deleted blocks log and got 0 delTX to process.
2019-08-05 04:37:56,985 INFO  client.GrpcClientProtocolClient (GrpcClientProtocolClient.java:onNext(255)) - client-C12DAE7A5037->3f4de2de-7d09-498f-aead-42327df81d94: receive RaftClientReply:client-C12DAE7A5037->3f4de2de-7d09-498f-aead-42327df81d94@group-C7908E81CC6B, cid=1857, SUCCESS, logIndex=2705, commits[3f4de2de-7d09-498f-aead-42327df81d94:c2708]
2019-08-05 04:37:56,986 INFO  client.GrpcClientProtocolClient (GrpcClientProtocolClient.java:onNext(255)) - client-C12DAE7A5037->3f4de2de-7d09-498f-aead-42327df81d94: receive RaftClientReply:client-C12DAE7A5037->3f4de2de-7d09-498f-aead-42327df81d94@group-C7908E81CC6B, cid=1858, SUCCESS, logIndex=2706, commits[3f4de2de-7d09-498f-aead-42327df81d94:c2709]
2019-08-05 04:37:56,987 INFO  client.GrpcClientProtocolClient (GrpcClientProtocolClient.java:onNext(255)) - client-C12DAE7A5037->3f4de2de-7d09-498f-aead-42327df81d94: receive RaftClientReply:client-C12DAE7A5037->3f4de2de-7d09-498f-aead-42327df81d94@group-C7908E81CC6B, cid=1859, SUCCESS, logIndex=2707, commits[3f4de2de-7d09-498f-aead-42327df81d94:c2709]
2019-08-05 04:37:56,987 INFO  client.GrpcClientProtocolClient (GrpcClientProtocolClient.java:onNext(255)) - client-C12DAE7A5037->3f4de2de-7d09-498f-aead-42327df81d94: receive RaftClientReply:client-C12DAE7A5037->3f4de2de-7d09-498f-aead-42327df81d94@group-C7908E81CC6B, cid=1860, SUCCESS, logIndex=2708, commits[3f4de2de-7d09-498f-aead-42327df81d94:c2709]
2019-08-05 04:37:56,990 DEBUG block.SCMBlockDeletingService (SCMBlockDeletingService.java:call(138)) - Running DeletedBlockTransactionScanner
2019-08-05 04:37:56,990 DEBUG block.SCMBlockDeletingService (SCMBlockDeletingService.java:call(155)) - Scanned deleted blocks log and got 0 delTX to process.
2019-08-05 04:37:57,008 INFO  client.GrpcClientProtocolClient (GrpcClientProtocolClient.java:onNext(255)) - client-C12DAE7A5037->3f4de2de-7d09-498f-aead-42327df81d94: receive RaftClientReply:client-C12DAE7A5037->3f4de2de-7d09-498f-aead-42327df81d94@group-C7908E81CC6B, cid=1861, SUCCESS, logIndex=2710, commits[3f4de2de-7d09-498f-aead-42327df81d94:c2711]
2019-08-05 04:37:57,008 INFO  client.GrpcClientProtocolClient (GrpcClientProtocolClient.java:onNext(255)) - client-C12DAE7A5037->3f4de2de-7d09-498f-aead-42327df81d94: receive RaftClientReply:client-C12DAE7A5037->3f4de2de-7d09-498f-aead-42327df81d94@group-C7908E81CC6B, cid=1862, SUCCESS, logIndex=2711, commits[3f4de2de-7d09-498f-aead-42327df81d94:c2713]
2019-08-05 04:37:57,009 INFO  client.GrpcClientProtocolClient (GrpcClientProtocolClient.java:onNext(255)) - client-C12DAE7A5037->3f4de2de-7d09-498f-aead-42327df81d94: receive RaftClientReply:client-C12DAE7A5037->3f4de2de-7d09-498f-aead-42327df81d94@group-C7908E81CC6B, cid=1863, SUCCESS, logIndex=2712, commits[3f4de2de-7d09-498f-aead-42327df81d94:c2714]
2019-08-05 04:37:57,009 INFO  client.GrpcClientProtocolClient (GrpcClientProtocolClient.java:onNext(255)) - client-C12DAE7A5037->3f4de2de-7d09-498f-aead-42327df81d94: receive RaftClientReply:client-C12DAE7A5037->3f4de2de-7d09-498f-aead-42327df81d94@group-C7908E81CC6B, cid=1864, SUCCESS, logIndex=2713, commits[3f4de2de-7d09-498f-aead-42327df81d94:c2714]
2019-08-05 04:37:57,041 INFO  client.GrpcClientProtocolClient (GrpcClientProtocolClient.java:onNext(255)) - client-C12DAE7A5037->3f4de2de-7d09-498f-aead-42327df81d94: receive RaftClientReply:client-C12DAE7A5037->3f4de2de-7d09-498f-aead-42327df81d94@group-C7908E81CC6B, cid=1865, SUCCESS, logIndex=2716, commits[3f4de2de-7d09-498f-aead-42327df81d94:c2717]
2019-08-05 04:37:57,041 INFO  client.GrpcClientProtocolClient (GrpcClientProtocolClient.java:onNext(255)) - client-C12DAE7A5037->3f4de2de-7d09-498f-aead-42327df81d94: receive RaftClientReply:client-C12DAE7A5037->3f4de2de-7d09-498f-aead-42327df81d94@group-C7908E81CC6B, cid=1866, SUCCESS, logIndex=2717, commits[3f4de2de-7d09-498f-aead-42327df81d94:c2719]
2019-08-05 04:37:57,042 INFO  client.GrpcClientProtocolClient (GrpcClientProtocolClient.java:onNext(255)) - client-C12DAE7A5037->3f4de2de-7d09-498f-aead-42327df81d94: receive RaftClientReply:client-C12DAE7A5037->3f4de2de-7d09-498f-aead-42327df81d94@group-C7908E81CC6B, cid=1867, SUCCESS, logIndex=2718, commits[3f4de2de-7d09-498f-aead-42327df81d94:c2719]
2019-08-05 04:37:57,042 INFO  client.GrpcClientProtocolClient (GrpcClientProtocolClient.java:onNext(255)) - client-C12DAE7A5037->3f4de2de-7d09-498f-aead-42327df81d94: receive RaftClientReply:client-C12DAE7A5037->3f4de2de-7d09-498f-aead-42327df81d94@group-C7908E81CC6B, cid=1868, SUCCESS, logIndex=2719, commits[3f4de2de-7d09-498f-aead-42327df81d94:c2720]
2019-08-05 04:37:57,063 INFO  client.GrpcClientProtocolClient (GrpcClientProtocolClient.java:onNext(255)) - client-C12DAE7A5037->3f4de2de-7d09-498f-aead-42327df81d94: receive RaftClientReply:client-C12DAE7A5037->3f4de2de-7d09-498f-aead-42327df81d94@group-C7908E81CC6B, cid=1869, SUCCESS, logIndex=2722, commits[3f4de2de-7d09-498f-aead-42327df81d94:c2723]
2019-08-05 04:37:57,064 INFO  client.GrpcClientProtocolClient (GrpcClientProtocolClient.java:onNext(255)) - client-C12DAE7A5037->3f4de2de-7d09-498f-aead-42327df81d94: receive RaftClientReply:client-C12DAE7A5037->3f4de2de-7d09-498f-aead-42327df81d94@group-C7908E81CC6B, cid=1870, SUCCESS, logIndex=2723, commits[3f4de2de-7d09-498f-aead-42327df81d94:c2725]
2019-08-05 04:37:57,064 INFO  client.GrpcClientProtocolClient (GrpcClientProtocolClient.java:onNext(255)) - client-C12DAE7A5037->3f4de2de-7d09-498f-aead-42327df81d94: receive RaftClientReply:client-C12DAE7A5037->3f4de2de-7d09-498f-aead-42327df81d94@group-C7908E81CC6B, cid=1871, SUCCESS, logIndex=2724, commits[3f4de2de-7d09-498f-aead-42327df81d94:c2725]
2019-08-05 04:37:57,064 INFO  client.GrpcClientProtocolClient (GrpcClientProtocolClient.java:onNext(255)) - client-C12DAE7A5037->3f4de2de-7d09-498f-aead-42327df81d94: receive RaftClientReply:client-C12DAE7A5037->3f4de2de-7d09-498f-aead-42327df81d94@group-C7908E81CC6B, cid=1872, SUCCESS, logIndex=2725, commits[3f4de2de-7d09-498f-aead-42327df81d94:c2726]
2019-08-05 04:37:57,090 DEBUG block.SCMBlockDeletingService (SCMBlockDeletingService.java:call(138)) - Running DeletedBlockTransactionScanner
2019-08-05 04:37:57,091 DEBUG block.SCMBlockDeletingService (SCMBlockDeletingService.java:call(155)) - Scanned deleted blocks log and got 0 delTX to process.
2019-08-05 04:37:57,094 INFO  client.GrpcClientProtocolClient (GrpcClientProtocolClient.java:onNext(255)) - client-C12DAE7A5037->3f4de2de-7d09-498f-aead-42327df81d94: receive RaftClientReply:client-C12DAE7A5037->3f4de2de-7d09-498f-aead-42327df81d94@group-C7908E81CC6B, cid=1873, SUCCESS, logIndex=2728, commits[3f4de2de-7d09-498f-aead-42327df81d94:c2729]
2019-08-05 04:37:57,095 INFO  client.GrpcClientProtocolClient (GrpcClientProtocolClient.java:onNext(255)) - client-C12DAE7A5037->3f4de2de-7d09-498f-aead-42327df81d94: receive RaftClientReply:client-C12DAE7A5037->3f4de2de-7d09-498f-aead-42327df81d94@group-C7908E81CC6B, cid=1874, SUCCESS, logIndex=2729, commits[3f4de2de-7d09-498f-aead-42327df81d94:c2731]
2019-08-05 04:37:57,096 INFO  client.GrpcClientProtocolClient (GrpcClientProtocolClient.java:onNext(255)) - client-C12DAE7A5037->3f4de2de-7d09-498f-aead-42327df81d94: receive RaftClientReply:client-C12DAE7A5037->3f4de2de-7d09-498f-aead-42327df81d94@group-C7908E81CC6B, cid=1875, SUCCESS, logIndex=2730, commits[3f4de2de-7d09-498f-aead-42327df81d94:c2731]
2019-08-05 04:37:57,096 INFO  client.GrpcClientProtocolClient (GrpcClientProtocolClient.java:onNext(255)) - client-C12DAE7A5037->3f4de2de-7d09-498f-aead-42327df81d94: receive RaftClientReply:client-C12DAE7A5037->3f4de2de-7d09-498f-aead-42327df81d94@group-C7908E81CC6B, cid=1876, SUCCESS, logIndex=2731, commits[3f4de2de-7d09-498f-aead-42327df81d94:c2732]
2019-08-05 04:37:57,116 INFO  client.GrpcClientProtocolClient (GrpcClientProtocolClient.java:onNext(255)) - client-C12DAE7A5037->3f4de2de-7d09-498f-aead-42327df81d94: receive RaftClientReply:client-C12DAE7A5037->3f4de2de-7d09-498f-aead-42327df81d94@group-C7908E81CC6B, cid=1877, SUCCESS, logIndex=2734, commits[3f4de2de-7d09-498f-aead-42327df81d94:c2737]
2019-08-05 04:37:57,117 INFO  client.GrpcClientProtocolClient (GrpcClientProtocolClient.java:onNext(255)) - client-C12DAE7A5037->3f4de2de-7d09-498f-aead-42327df81d94: receive RaftClientReply:client-C12DAE7A5037->3f4de2de-7d09-498f-aead-42327df81d94@group-C7908E81CC6B, cid=1878, SUCCESS, logIndex=2735, commits[3f4de2de-7d09-498f-aead-42327df81d94:c2738]
2019-08-05 04:37:57,117 INFO  client.GrpcClientProtocolClient (GrpcClientProtocolClient.java:onNext(255)) - client-C12DAE7A5037->3f4de2de-7d09-498f-aead-42327df81d94: receive RaftClientReply:client-C12DAE7A5037->3f4de2de-7d09-498f-aead-42327df81d94@group-C7908E81CC6B, cid=1879, SUCCESS, logIndex=2736, commits[3f4de2de-7d09-498f-aead-42327df81d94:c2738]
2019-08-05 04:37:57,118 INFO  client.GrpcClientProtocolClient (GrpcClientProtocolClient.java:onNext(255)) - client-C12DAE7A5037->3f4de2de-7d09-498f-aead-42327df81d94: receive RaftClientReply:client-C12DAE7A5037->3f4de2de-7d09-498f-aead-42327df81d94@group-C7908E81CC6B, cid=1880, SUCCESS, logIndex=2737, commits[3f4de2de-7d09-498f-aead-42327df81d94:c2739]
2019-08-05 04:37:57,147 INFO  client.GrpcClientProtocolClient (GrpcClientProtocolClient.java:onNext(255)) - client-C12DAE7A5037->3f4de2de-7d09-498f-aead-42327df81d94: receive RaftClientReply:client-C12DAE7A5037->3f4de2de-7d09-498f-aead-42327df81d94@group-C7908E81CC6B, cid=1881, SUCCESS, logIndex=2740, commits[3f4de2de-7d09-498f-aead-42327df81d94:c2741]
2019-08-05 04:37:57,148 INFO  client.GrpcClientProtocolClient (GrpcClientProtocolClient.java:onNext(255)) - client-C12DAE7A5037->3f4de2de-7d09-498f-aead-42327df81d94: receive RaftClientReply:client-C12DAE7A5037->3f4de2de-7d09-498f-aead-42327df81d94@group-C7908E81CC6B, cid=1882, SUCCESS, logIndex=2741, commits[3f4de2de-7d09-498f-aead-42327df81d94:c2743]
2019-08-05 04:37:57,149 INFO  client.GrpcClientProtocolClient (GrpcClientProtocolClient.java:onNext(255)) - client-C12DAE7A5037->3f4de2de-7d09-498f-aead-42327df81d94: receive RaftClientReply:client-C12DAE7A5037->3f4de2de-7d09-498f-aead-42327df81d94@group-C7908E81CC6B, cid=1883, SUCCESS, logIndex=2742, commits[3f4de2de-7d09-498f-aead-42327df81d94:c2744]
2019-08-05 04:37:57,149 INFO  client.GrpcClientProtocolClient (GrpcClientProtocolClient.java:onNext(255)) - client-C12DAE7A5037->3f4de2de-7d09-498f-aead-42327df81d94: receive RaftClientReply:client-C12DAE7A5037->3f4de2de-7d09-498f-aead-42327df81d94@group-C7908E81CC6B, cid=1884, SUCCESS, logIndex=2743, commits[3f4de2de-7d09-498f-aead-42327df81d94:c2745]
2019-08-05 04:37:57,171 INFO  client.GrpcClientProtocolClient (GrpcClientProtocolClient.java:onNext(255)) - client-C12DAE7A5037->3f4de2de-7d09-498f-aead-42327df81d94: receive RaftClientReply:client-C12DAE7A5037->3f4de2de-7d09-498f-aead-42327df81d94@group-C7908E81CC6B, cid=1885, SUCCESS, logIndex=2746, commits[3f4de2de-7d09-498f-aead-42327df81d94:c2747]
2019-08-05 04:37:57,172 INFO  client.GrpcClientProtocolClient (GrpcClientProtocolClient.java:onNext(255)) - client-C12DAE7A5037->3f4de2de-7d09-498f-aead-42327df81d94: receive RaftClientReply:client-C12DAE7A5037->3f4de2de-7d09-498f-aead-42327df81d94@group-C7908E81CC6B, cid=1886, SUCCESS, logIndex=2747, commits[3f4de2de-7d09-498f-aead-42327df81d94:c2747]
2019-08-05 04:37:57,173 INFO  client.GrpcClientProtocolClient (GrpcClientProtocolClient.java:onNext(255)) - client-C12DAE7A5037->3f4de2de-7d09-498f-aead-42327df81d94: receive RaftClientReply:client-C12DAE7A5037->3f4de2de-7d09-498f-aead-42327df81d94@group-C7908E81CC6B, cid=1887, SUCCESS, logIndex=2748, commits[3f4de2de-7d09-498f-aead-42327df81d94:c2750]
2019-08-05 04:37:57,174 INFO  client.GrpcClientProtocolClient (GrpcClientProtocolClient.java:onNext(255)) - client-C12DAE7A5037->3f4de2de-7d09-498f-aead-42327df81d94: receive RaftClientReply:client-C12DAE7A5037->3f4de2de-7d09-498f-aead-42327df81d94@group-C7908E81CC6B, cid=1888, SUCCESS, logIndex=2749, commits[3f4de2de-7d09-498f-aead-42327df81d94:c2750]
2019-08-05 04:37:57,191 DEBUG block.SCMBlockDeletingService (SCMBlockDeletingService.java:call(138)) - Running DeletedBlockTransactionScanner
2019-08-05 04:37:57,192 DEBUG block.SCMBlockDeletingService (SCMBlockDeletingService.java:call(155)) - Scanned deleted blocks log and got 0 delTX to process.
2019-08-05 04:37:57,206 INFO  client.GrpcClientProtocolClient (GrpcClientProtocolClient.java:onNext(255)) - client-C12DAE7A5037->3f4de2de-7d09-498f-aead-42327df81d94: receive RaftClientReply:client-C12DAE7A5037->3f4de2de-7d09-498f-aead-42327df81d94@group-C7908E81CC6B, cid=1889, SUCCESS, logIndex=2751, commits[3f4de2de-7d09-498f-aead-42327df81d94:c2752]
2019-08-05 04:37:57,206 INFO  client.GrpcClientProtocolClient (GrpcClientProtocolClient.java:onNext(255)) - client-C12DAE7A5037->3f4de2de-7d09-498f-aead-42327df81d94: receive RaftClientReply:client-C12DAE7A5037->3f4de2de-7d09-498f-aead-42327df81d94@group-C7908E81CC6B, cid=1890, SUCCESS, logIndex=2752, commits[3f4de2de-7d09-498f-aead-42327df81d94:c2754]
2019-08-05 04:37:57,207 INFO  client.GrpcClientProtocolClient (GrpcClientProtocolClient.java:onNext(255)) - client-C12DAE7A5037->3f4de2de-7d09-498f-aead-42327df81d94: receive RaftClientReply:client-C12DAE7A5037->3f4de2de-7d09-498f-aead-42327df81d94@group-C7908E81CC6B, cid=1891, SUCCESS, logIndex=2753, commits[3f4de2de-7d09-498f-aead-42327df81d94:c2755]
2019-08-05 04:37:57,207 INFO  client.GrpcClientProtocolClient (GrpcClientProtocolClient.java:onNext(255)) - client-C12DAE7A5037->3f4de2de-7d09-498f-aead-42327df81d94: receive RaftClientReply:client-C12DAE7A5037->3f4de2de-7d09-498f-aead-42327df81d94@group-C7908E81CC6B, cid=1892, SUCCESS, logIndex=2754, commits[3f4de2de-7d09-498f-aead-42327df81d94:c2756]
2019-08-05 04:37:57,230 INFO  client.GrpcClientProtocolClient (GrpcClientProtocolClient.java:onNext(255)) - client-C12DAE7A5037->3f4de2de-7d09-498f-aead-42327df81d94: receive RaftClientReply:client-C12DAE7A5037->3f4de2de-7d09-498f-aead-42327df81d94@group-C7908E81CC6B, cid=1893, SUCCESS, logIndex=2757, commits[3f4de2de-7d09-498f-aead-42327df81d94:c2758]
2019-08-05 04:37:57,230 INFO  client.GrpcClientProtocolClient (GrpcClientProtocolClient.java:onNext(255)) - client-C12DAE7A5037->3f4de2de-7d09-498f-aead-42327df81d94: receive RaftClientReply:client-C12DAE7A5037->3f4de2de-7d09-498f-aead-42327df81d94@group-C7908E81CC6B, cid=1894, SUCCESS, logIndex=2758, commits[3f4de2de-7d09-498f-aead-42327df81d94:c2760]
2019-08-05 04:37:57,231 INFO  client.GrpcClientProtocolClient (GrpcClientProtocolClient.java:onNext(255)) - client-C12DAE7A5037->3f4de2de-7d09-498f-aead-42327df81d94: receive RaftClientReply:client-C12DAE7A5037->3f4de2de-7d09-498f-aead-42327df81d94@group-C7908E81CC6B, cid=1895, SUCCESS, logIndex=2759, commits[3f4de2de-7d09-498f-aead-42327df81d94:c2761]
2019-08-05 04:37:57,231 INFO  client.GrpcClientProtocolClient (GrpcClientProtocolClient.java:onNext(255)) - client-C12DAE7A5037->3f4de2de-7d09-498f-aead-42327df81d94: receive RaftClientReply:client-C12DAE7A5037->3f4de2de-7d09-498f-aead-42327df81d94@group-C7908E81CC6B, cid=1896, SUCCESS, logIndex=2760, commits[3f4de2de-7d09-498f-aead-42327df81d94:c2762]
2019-08-05 04:37:57,330 DEBUG block.SCMBlockDeletingService (SCMBlockDeletingService.java:call(138)) - Running DeletedBlockTransactionScanner
2019-08-05 04:37:57,331 DEBUG block.SCMBlockDeletingService (SCMBlockDeletingService.java:call(155)) - Scanned deleted blocks log and got 0 delTX to process.
2019-08-05 04:37:57,347 INFO  client.GrpcClientProtocolClient (GrpcClientProtocolClient.java:onNext(255)) - client-C12DAE7A5037->3f4de2de-7d09-498f-aead-42327df81d94: receive RaftClientReply:client-C12DAE7A5037->3f4de2de-7d09-498f-aead-42327df81d94@group-C7908E81CC6B, cid=1897, SUCCESS, logIndex=2763, commits[3f4de2de-7d09-498f-aead-42327df81d94:c2766]
2019-08-05 04:37:57,348 INFO  client.GrpcClientProtocolClient (GrpcClientProtocolClient.java:onNext(255)) - client-C12DAE7A5037->3f4de2de-7d09-498f-aead-42327df81d94: receive RaftClientReply:client-C12DAE7A5037->3f4de2de-7d09-498f-aead-42327df81d94@group-C7908E81CC6B, cid=1898, SUCCESS, logIndex=2764, commits[3f4de2de-7d09-498f-aead-42327df81d94:c2767]
2019-08-05 04:37:57,348 INFO  client.GrpcClientProtocolClient (GrpcClientProtocolClient.java:onNext(255)) - client-C12DAE7A5037->3f4de2de-7d09-498f-aead-42327df81d94: receive RaftClientReply:client-C12DAE7A5037->3f4de2de-7d09-498f-aead-42327df81d94@group-C7908E81CC6B, cid=1899, SUCCESS, logIndex=2765, commits[3f4de2de-7d09-498f-aead-42327df81d94:c2767]
2019-08-05 04:37:57,349 INFO  client.GrpcClientProtocolClient (GrpcClientProtocolClient.java:onNext(255)) - client-C12DAE7A5037->3f4de2de-7d09-498f-aead-42327df81d94: receive RaftClientReply:client-C12DAE7A5037->3f4de2de-7d09-498f-aead-42327df81d94@group-C7908E81CC6B, cid=1900, SUCCESS, logIndex=2766, commits[3f4de2de-7d09-498f-aead-42327df81d94:c2767]
2019-08-05 04:37:57,431 DEBUG block.SCMBlockDeletingService (SCMBlockDeletingService.java:call(138)) - Running DeletedBlockTransactionScanner
2019-08-05 04:37:57,432 DEBUG block.SCMBlockDeletingService (SCMBlockDeletingService.java:call(155)) - Scanned deleted blocks log and got 0 delTX to process.
2019-08-05 04:37:57,483 INFO  client.GrpcClientProtocolClient (GrpcClientProtocolClient.java:onNext(255)) - client-C12DAE7A5037->3f4de2de-7d09-498f-aead-42327df81d94: receive RaftClientReply:client-C12DAE7A5037->3f4de2de-7d09-498f-aead-42327df81d94@group-C7908E81CC6B, cid=1901, SUCCESS, logIndex=2768, commits[3f4de2de-7d09-498f-aead-42327df81d94:c2769]
2019-08-05 04:37:57,484 INFO  client.GrpcClientProtocolClient (GrpcClientProtocolClient.java:onNext(255)) - client-C12DAE7A5037->3f4de2de-7d09-498f-aead-42327df81d94: receive RaftClientReply:client-C12DAE7A5037->3f4de2de-7d09-498f-aead-42327df81d94@group-C7908E81CC6B, cid=1902, SUCCESS, logIndex=2769, commits[3f4de2de-7d09-498f-aead-42327df81d94:c2769]
2019-08-05 04:37:57,492 INFO  client.GrpcClientProtocolClient (GrpcClientProtocolClient.java:onNext(255)) - client-C12DAE7A5037->3f4de2de-7d09-498f-aead-42327df81d94: receive RaftClientReply:client-C12DAE7A5037->3f4de2de-7d09-498f-aead-42327df81d94@group-C7908E81CC6B, cid=1903, SUCCESS, logIndex=2770, commits[3f4de2de-7d09-498f-aead-42327df81d94:c2771]
2019-08-05 04:37:57,492 INFO  client.GrpcClientProtocolClient (GrpcClientProtocolClient.java:onNext(255)) - client-C12DAE7A5037->3f4de2de-7d09-498f-aead-42327df81d94: receive RaftClientReply:client-C12DAE7A5037->3f4de2de-7d09-498f-aead-42327df81d94@group-C7908E81CC6B, cid=1904, SUCCESS, logIndex=2771, commits[3f4de2de-7d09-498f-aead-42327df81d94:c2771]
2019-08-05 04:37:57,527 INFO  client.GrpcClientProtocolClient (GrpcClientProtocolClient.java:onNext(255)) - client-C12DAE7A5037->3f4de2de-7d09-498f-aead-42327df81d94: receive RaftClientReply:client-C12DAE7A5037->3f4de2de-7d09-498f-aead-42327df81d94@group-C7908E81CC6B, cid=1905, SUCCESS, logIndex=2774, commits[3f4de2de-7d09-498f-aead-42327df81d94:c2777]
2019-08-05 04:37:57,528 INFO  client.GrpcClientProtocolClient (GrpcClientProtocolClient.java:onNext(255)) - client-C12DAE7A5037->3f4de2de-7d09-498f-aead-42327df81d94: receive RaftClientReply:client-C12DAE7A5037->3f4de2de-7d09-498f-aead-42327df81d94@group-C7908E81CC6B, cid=1906, SUCCESS, logIndex=2775, commits[3f4de2de-7d09-498f-aead-42327df81d94:c2778]
2019-08-05 04:37:57,528 INFO  client.GrpcClientProtocolClient (GrpcClientProtocolClient.java:onNext(255)) - client-C12DAE7A5037->3f4de2de-7d09-498f-aead-42327df81d94: receive RaftClientReply:client-C12DAE7A5037->3f4de2de-7d09-498f-aead-42327df81d94@group-C7908E81CC6B, cid=1907, SUCCESS, logIndex=2776, commits[3f4de2de-7d09-498f-aead-42327df81d94:c2778]
2019-08-05 04:37:57,528 INFO  client.GrpcClientProtocolClient (GrpcClientProtocolClient.java:onNext(255)) - client-C12DAE7A5037->3f4de2de-7d09-498f-aead-42327df81d94: receive RaftClientReply:client-C12DAE7A5037->3f4de2de-7d09-498f-aead-42327df81d94@group-C7908E81CC6B, cid=1908, SUCCESS, logIndex=2777, commits[3f4de2de-7d09-498f-aead-42327df81d94:c2778]
2019-08-05 04:37:57,532 DEBUG block.SCMBlockDeletingService (SCMBlockDeletingService.java:call(138)) - Running DeletedBlockTransactionScanner
2019-08-05 04:37:57,532 DEBUG block.SCMBlockDeletingService (SCMBlockDeletingService.java:call(155)) - Scanned deleted blocks log and got 0 delTX to process.
2019-08-05 04:37:57,544 INFO  client.GrpcClientProtocolClient (GrpcClientProtocolClient.java:onNext(255)) - client-C12DAE7A5037->3f4de2de-7d09-498f-aead-42327df81d94: receive RaftClientReply:client-C12DAE7A5037->3f4de2de-7d09-498f-aead-42327df81d94@group-C7908E81CC6B, cid=1909, SUCCESS, logIndex=2779, commits[3f4de2de-7d09-498f-aead-42327df81d94:c2780]
2019-08-05 04:37:57,544 INFO  client.GrpcClientProtocolClient (GrpcClientProtocolClient.java:onNext(255)) - client-C12DAE7A5037->3f4de2de-7d09-498f-aead-42327df81d94: receive RaftClientReply:client-C12DAE7A5037->3f4de2de-7d09-498f-aead-42327df81d94@group-C7908E81CC6B, cid=1910, SUCCESS, logIndex=2780, commits[3f4de2de-7d09-498f-aead-42327df81d94:c2782]
2019-08-05 04:37:57,544 INFO  client.GrpcClientProtocolClient (GrpcClientProtocolClient.java:onNext(255)) - client-C12DAE7A5037->3f4de2de-7d09-498f-aead-42327df81d94: receive RaftClientReply:client-C12DAE7A5037->3f4de2de-7d09-498f-aead-42327df81d94@group-C7908E81CC6B, cid=1911, SUCCESS, logIndex=2781, commits[3f4de2de-7d09-498f-aead-42327df81d94:c2782]
2019-08-05 04:37:57,545 INFO  client.GrpcClientProtocolClient (GrpcClientProtocolClient.java:onNext(255)) - client-C12DAE7A5037->3f4de2de-7d09-498f-aead-42327df81d94: receive RaftClientReply:client-C12DAE7A5037->3f4de2de-7d09-498f-aead-42327df81d94@group-C7908E81CC6B, cid=1912, SUCCESS, logIndex=2782, commits[3f4de2de-7d09-498f-aead-42327df81d94:c2782]
2019-08-05 04:37:57,574 INFO  client.GrpcClientProtocolClient (GrpcClientProtocolClient.java:onNext(255)) - client-C12DAE7A5037->3f4de2de-7d09-498f-aead-42327df81d94: receive RaftClientReply:client-C12DAE7A5037->3f4de2de-7d09-498f-aead-42327df81d94@group-C7908E81CC6B, cid=1913, SUCCESS, logIndex=2785, commits[3f4de2de-7d09-498f-aead-42327df81d94:c2788]
2019-08-05 04:37:57,575 INFO  client.GrpcClientProtocolClient (GrpcClientProtocolClient.java:onNext(255)) - client-C12DAE7A5037->3f4de2de-7d09-498f-aead-42327df81d94: receive RaftClientReply:client-C12DAE7A5037->3f4de2de-7d09-498f-aead-42327df81d94@group-C7908E81CC6B, cid=1914, SUCCESS, logIndex=2786, commits[3f4de2de-7d09-498f-aead-42327df81d94:c2789]
2019-08-05 04:37:57,575 INFO  client.GrpcClientProtocolClient (GrpcClientProtocolClient.java:onNext(255)) - client-C12DAE7A5037->3f4de2de-7d09-498f-aead-42327df81d94: receive RaftClientReply:client-C12DAE7A5037->3f4de2de-7d09-498f-aead-42327df81d94@group-C7908E81CC6B, cid=1915, SUCCESS, logIndex=2787, commits[3f4de2de-7d09-498f-aead-42327df81d94:c2789]
2019-08-05 04:37:57,575 INFO  client.GrpcClientProtocolClient (GrpcClientProtocolClient.java:onNext(255)) - client-C12DAE7A5037->3f4de2de-7d09-498f-aead-42327df81d94: receive RaftClientReply:client-C12DAE7A5037->3f4de2de-7d09-498f-aead-42327df81d94@group-C7908E81CC6B, cid=1916, SUCCESS, logIndex=2788, commits[3f4de2de-7d09-498f-aead-42327df81d94:c2789]
2019-08-05 04:37:57,597 INFO  client.GrpcClientProtocolClient (GrpcClientProtocolClient.java:onNext(255)) - client-C12DAE7A5037->3f4de2de-7d09-498f-aead-42327df81d94: receive RaftClientReply:client-C12DAE7A5037->3f4de2de-7d09-498f-aead-42327df81d94@group-C7908E81CC6B, cid=1917, SUCCESS, logIndex=2790, commits[3f4de2de-7d09-498f-aead-42327df81d94:c2793]
2019-08-05 04:37:57,597 INFO  client.GrpcClientProtocolClient (GrpcClientProtocolClient.java:onNext(255)) - client-C12DAE7A5037->3f4de2de-7d09-498f-aead-42327df81d94: receive RaftClientReply:client-C12DAE7A5037->3f4de2de-7d09-498f-aead-42327df81d94@group-C7908E81CC6B, cid=1918, SUCCESS, logIndex=2791, commits[3f4de2de-7d09-498f-aead-42327df81d94:c2794]
2019-08-05 04:37:57,598 INFO  client.GrpcClientProtocolClient (GrpcClientProtocolClient.java:onNext(255)) - client-C12DAE7A5037->3f4de2de-7d09-498f-aead-42327df81d94: receive RaftClientReply:client-C12DAE7A5037->3f4de2de-7d09-498f-aead-42327df81d94@group-C7908E81CC6B, cid=1919, SUCCESS, logIndex=2792, commits[3f4de2de-7d09-498f-aead-42327df81d94:c2794]
2019-08-05 04:37:57,598 INFO  client.GrpcClientProtocolClient (GrpcClientProtocolClient.java:onNext(255)) - client-C12DAE7A5037->3f4de2de-7d09-498f-aead-42327df81d94: receive RaftClientReply:client-C12DAE7A5037->3f4de2de-7d09-498f-aead-42327df81d94@group-C7908E81CC6B, cid=1920, SUCCESS, logIndex=2793, commits[3f4de2de-7d09-498f-aead-42327df81d94:c2794]
2019-08-05 04:37:57,630 INFO  client.GrpcClientProtocolClient (GrpcClientProtocolClient.java:onNext(255)) - client-C12DAE7A5037->3f4de2de-7d09-498f-aead-42327df81d94: receive RaftClientReply:client-C12DAE7A5037->3f4de2de-7d09-498f-aead-42327df81d94@group-C7908E81CC6B, cid=1921, SUCCESS, logIndex=2795, commits[3f4de2de-7d09-498f-aead-42327df81d94:c2798]
2019-08-05 04:37:57,631 INFO  client.GrpcClientProtocolClient (GrpcClientProtocolClient.java:onNext(255)) - client-C12DAE7A5037->3f4de2de-7d09-498f-aead-42327df81d94: receive RaftClientReply:client-C12DAE7A5037->3f4de2de-7d09-498f-aead-42327df81d94@group-C7908E81CC6B, cid=1922, SUCCESS, logIndex=2796, commits[3f4de2de-7d09-498f-aead-42327df81d94:c2798]
2019-08-05 04:37:57,632 INFO  client.GrpcClientProtocolClient (GrpcClientProtocolClient.java:onNext(255)) - client-C12DAE7A5037->3f4de2de-7d09-498f-aead-42327df81d94: receive RaftClientReply:client-C12DAE7A5037->3f4de2de-7d09-498f-aead-42327df81d94@group-C7908E81CC6B, cid=1923, SUCCESS, logIndex=2797, commits[3f4de2de-7d09-498f-aead-42327df81d94:c2798]
2019-08-05 04:37:57,632 INFO  client.GrpcClientProtocolClient (GrpcClientProtocolClient.java:onNext(255)) - client-C12DAE7A5037->3f4de2de-7d09-498f-aead-42327df81d94: receive RaftClientReply:client-C12DAE7A5037->3f4de2de-7d09-498f-aead-42327df81d94@group-C7908E81CC6B, cid=1924, SUCCESS, logIndex=2798, commits[3f4de2de-7d09-498f-aead-42327df81d94:c2798]
2019-08-05 04:37:57,633 DEBUG block.SCMBlockDeletingService (SCMBlockDeletingService.java:call(138)) - Running DeletedBlockTransactionScanner
2019-08-05 04:37:57,633 DEBUG block.SCMBlockDeletingService (SCMBlockDeletingService.java:call(155)) - Scanned deleted blocks log and got 0 delTX to process.
2019-08-05 04:37:57,655 INFO  client.GrpcClientProtocolClient (GrpcClientProtocolClient.java:onNext(255)) - client-C12DAE7A5037->3f4de2de-7d09-498f-aead-42327df81d94: receive RaftClientReply:client-C12DAE7A5037->3f4de2de-7d09-498f-aead-42327df81d94@group-C7908E81CC6B, cid=1925, SUCCESS, logIndex=2800, commits[3f4de2de-7d09-498f-aead-42327df81d94:c2803]
2019-08-05 04:37:57,655 INFO  client.GrpcClientProtocolClient (GrpcClientProtocolClient.java:onNext(255)) - client-C12DAE7A5037->3f4de2de-7d09-498f-aead-42327df81d94: receive RaftClientReply:client-C12DAE7A5037->3f4de2de-7d09-498f-aead-42327df81d94@group-C7908E81CC6B, cid=1926, SUCCESS, logIndex=2801, commits[3f4de2de-7d09-498f-aead-42327df81d94:c2804]
2019-08-05 04:37:57,656 INFO  client.GrpcClientProtocolClient (GrpcClientProtocolClient.java:onNext(255)) - client-C12DAE7A5037->3f4de2de-7d09-498f-aead-42327df81d94: receive RaftClientReply:client-C12DAE7A5037->3f4de2de-7d09-498f-aead-42327df81d94@group-C7908E81CC6B, cid=1927, SUCCESS, logIndex=2802, commits[3f4de2de-7d09-498f-aead-42327df81d94:c2804]
2019-08-05 04:37:57,656 INFO  client.GrpcClientProtocolClient (GrpcClientProtocolClient.java:onNext(255)) - client-C12DAE7A5037->3f4de2de-7d09-498f-aead-42327df81d94: receive RaftClientReply:client-C12DAE7A5037->3f4de2de-7d09-498f-aead-42327df81d94@group-C7908E81CC6B, cid=1928, SUCCESS, logIndex=2803, commits[3f4de2de-7d09-498f-aead-42327df81d94:c2804]
2019-08-05 04:37:57,687 INFO  client.GrpcClientProtocolClient (GrpcClientProtocolClient.java:onNext(255)) - client-C12DAE7A5037->3f4de2de-7d09-498f-aead-42327df81d94: receive RaftClientReply:client-C12DAE7A5037->3f4de2de-7d09-498f-aead-42327df81d94@group-C7908E81CC6B, cid=1929, SUCCESS, logIndex=2805, commits[3f4de2de-7d09-498f-aead-42327df81d94:c2808]
2019-08-05 04:37:57,688 INFO  client.GrpcClientProtocolClient (GrpcClientProtocolClient.java:onNext(255)) - client-C12DAE7A5037->3f4de2de-7d09-498f-aead-42327df81d94: receive RaftClientReply:client-C12DAE7A5037->3f4de2de-7d09-498f-aead-42327df81d94@group-C7908E81CC6B, cid=1930, SUCCESS, logIndex=2806, commits[3f4de2de-7d09-498f-aead-42327df81d94:c2809]
2019-08-05 04:37:57,688 INFO  client.GrpcClientProtocolClient (GrpcClientProtocolClient.java:onNext(255)) - client-C12DAE7A5037->3f4de2de-7d09-498f-aead-42327df81d94: receive RaftClientReply:client-C12DAE7A5037->3f4de2de-7d09-498f-aead-42327df81d94@group-C7908E81CC6B, cid=1931, SUCCESS, logIndex=2807, commits[3f4de2de-7d09-498f-aead-42327df81d94:c2809]
2019-08-05 04:37:57,688 INFO  client.GrpcClientProtocolClient (GrpcClientProtocolClient.java:onNext(255)) - client-C12DAE7A5037->3f4de2de-7d09-498f-aead-42327df81d94: receive RaftClientReply:client-C12DAE7A5037->3f4de2de-7d09-498f-aead-42327df81d94@group-C7908E81CC6B, cid=1932, SUCCESS, logIndex=2808, commits[3f4de2de-7d09-498f-aead-42327df81d94:c2809]
2019-08-05 04:37:57,708 INFO  client.GrpcClientProtocolClient (GrpcClientProtocolClient.java:onNext(255)) - client-C12DAE7A5037->3f4de2de-7d09-498f-aead-42327df81d94: receive RaftClientReply:client-C12DAE7A5037->3f4de2de-7d09-498f-aead-42327df81d94@group-C7908E81CC6B, cid=1933, SUCCESS, logIndex=2810, commits[3f4de2de-7d09-498f-aead-42327df81d94:c2813]
2019-08-05 04:37:57,712 INFO  client.GrpcClientProtocolClient (GrpcClientProtocolClient.java:onNext(255)) - client-C12DAE7A5037->3f4de2de-7d09-498f-aead-42327df81d94: receive RaftClientReply:client-C12DAE7A5037->3f4de2de-7d09-498f-aead-42327df81d94@group-C7908E81CC6B, cid=1934, SUCCESS, logIndex=2811, commits[3f4de2de-7d09-498f-aead-42327df81d94:c2813]
2019-08-05 04:37:57,712 INFO  client.GrpcClientProtocolClient (GrpcClientProtocolClient.java:onNext(255)) - client-C12DAE7A5037->3f4de2de-7d09-498f-aead-42327df81d94: receive RaftClientReply:client-C12DAE7A5037->3f4de2de-7d09-498f-aead-42327df81d94@group-C7908E81CC6B, cid=1935, SUCCESS, logIndex=2812, commits[3f4de2de-7d09-498f-aead-42327df81d94:c2814]
2019-08-05 04:37:57,713 INFO  client.GrpcClientProtocolClient (GrpcClientProtocolClient.java:onNext(255)) - client-C12DAE7A5037->3f4de2de-7d09-498f-aead-42327df81d94: receive RaftClientReply:client-C12DAE7A5037->3f4de2de-7d09-498f-aead-42327df81d94@group-C7908E81CC6B, cid=1936, SUCCESS, logIndex=2813, commits[3f4de2de-7d09-498f-aead-42327df81d94:c2815]
2019-08-05 04:37:57,734 DEBUG block.SCMBlockDeletingService (SCMBlockDeletingService.java:call(138)) - Running DeletedBlockTransactionScanner
2019-08-05 04:37:57,734 DEBUG block.SCMBlockDeletingService (SCMBlockDeletingService.java:call(155)) - Scanned deleted blocks log and got 0 delTX to process.
2019-08-05 04:37:57,743 INFO  client.GrpcClientProtocolClient (GrpcClientProtocolClient.java:onNext(255)) - client-C12DAE7A5037->3f4de2de-7d09-498f-aead-42327df81d94: receive RaftClientReply:client-C12DAE7A5037->3f4de2de-7d09-498f-aead-42327df81d94@group-C7908E81CC6B, cid=1937, SUCCESS, logIndex=2816, commits[3f4de2de-7d09-498f-aead-42327df81d94:c2819]
2019-08-05 04:37:57,744 INFO  client.GrpcClientProtocolClient (GrpcClientProtocolClient.java:onNext(255)) - client-C12DAE7A5037->3f4de2de-7d09-498f-aead-42327df81d94: receive RaftClientReply:client-C12DAE7A5037->3f4de2de-7d09-498f-aead-42327df81d94@group-C7908E81CC6B, cid=1938, SUCCESS, logIndex=2817, commits[3f4de2de-7d09-498f-aead-42327df81d94:c2820]
2019-08-05 04:37:57,744 INFO  client.GrpcClientProtocolClient (GrpcClientProtocolClient.java:onNext(255)) - client-C12DAE7A5037->3f4de2de-7d09-498f-aead-42327df81d94: receive RaftClientReply:client-C12DAE7A5037->3f4de2de-7d09-498f-aead-42327df81d94@group-C7908E81CC6B, cid=1939, SUCCESS, logIndex=2818, commits[3f4de2de-7d09-498f-aead-42327df81d94:c2820]
2019-08-05 04:37:57,745 INFO  client.GrpcClientProtocolClient (GrpcClientProtocolClient.java:onNext(255)) - client-C12DAE7A5037->3f4de2de-7d09-498f-aead-42327df81d94: receive RaftClientReply:client-C12DAE7A5037->3f4de2de-7d09-498f-aead-42327df81d94@group-C7908E81CC6B, cid=1940, SUCCESS, logIndex=2819, commits[3f4de2de-7d09-498f-aead-42327df81d94:c2820]
2019-08-05 04:37:57,767 INFO  client.GrpcClientProtocolClient (GrpcClientProtocolClient.java:onNext(255)) - client-C12DAE7A5037->3f4de2de-7d09-498f-aead-42327df81d94: receive RaftClientReply:client-C12DAE7A5037->3f4de2de-7d09-498f-aead-42327df81d94@group-C7908E81CC6B, cid=1941, SUCCESS, logIndex=2821, commits[3f4de2de-7d09-498f-aead-42327df81d94:c2824]
2019-08-05 04:37:57,767 INFO  client.GrpcClientProtocolClient (GrpcClientProtocolClient.java:onNext(255)) - client-C12DAE7A5037->3f4de2de-7d09-498f-aead-42327df81d94: receive RaftClientReply:client-C12DAE7A5037->3f4de2de-7d09-498f-aead-42327df81d94@group-C7908E81CC6B, cid=1942, SUCCESS, logIndex=2822, commits[3f4de2de-7d09-498f-aead-42327df81d94:c2825]
2019-08-05 04:37:57,768 INFO  client.GrpcClientProtocolClient (GrpcClientProtocolClient.java:onNext(255)) - client-C12DAE7A5037->3f4de2de-7d09-498f-aead-42327df81d94: receive RaftClientReply:client-C12DAE7A5037->3f4de2de-7d09-498f-aead-42327df81d94@group-C7908E81CC6B, cid=1943, SUCCESS, logIndex=2823, commits[3f4de2de-7d09-498f-aead-42327df81d94:c2825]
2019-08-05 04:37:57,768 INFO  client.GrpcClientProtocolClient (GrpcClientProtocolClient.java:onNext(255)) - client-C12DAE7A5037->3f4de2de-7d09-498f-aead-42327df81d94: receive RaftClientReply:client-C12DAE7A5037->3f4de2de-7d09-498f-aead-42327df81d94@group-C7908E81CC6B, cid=1944, SUCCESS, logIndex=2824, commits[3f4de2de-7d09-498f-aead-42327df81d94:c2825]
2019-08-05 04:37:57,834 DEBUG block.SCMBlockDeletingService (SCMBlockDeletingService.java:call(138)) - Running DeletedBlockTransactionScanner
2019-08-05 04:37:57,835 DEBUG block.SCMBlockDeletingService (SCMBlockDeletingService.java:call(155)) - Scanned deleted blocks log and got 0 delTX to process.
2019-08-05 04:37:57,889 INFO  client.GrpcClientProtocolClient (GrpcClientProtocolClient.java:onNext(255)) - client-C12DAE7A5037->3f4de2de-7d09-498f-aead-42327df81d94: receive RaftClientReply:client-C12DAE7A5037->3f4de2de-7d09-498f-aead-42327df81d94@group-C7908E81CC6B, cid=1945, SUCCESS, logIndex=2826, commits[3f4de2de-7d09-498f-aead-42327df81d94:c2829]
2019-08-05 04:37:57,890 INFO  client.GrpcClientProtocolClient (GrpcClientProtocolClient.java:onNext(255)) - client-C12DAE7A5037->3f4de2de-7d09-498f-aead-42327df81d94: receive RaftClientReply:client-C12DAE7A5037->3f4de2de-7d09-498f-aead-42327df81d94@group-C7908E81CC6B, cid=1946, SUCCESS, logIndex=2827, commits[3f4de2de-7d09-498f-aead-42327df81d94:c2830]
2019-08-05 04:37:57,890 INFO  client.GrpcClientProtocolClient (GrpcClientProtocolClient.java:onNext(255)) - client-C12DAE7A5037->3f4de2de-7d09-498f-aead-42327df81d94: receive RaftClientReply:client-C12DAE7A5037->3f4de2de-7d09-498f-aead-42327df81d94@group-C7908E81CC6B, cid=1947, SUCCESS, logIndex=2828, commits[3f4de2de-7d09-498f-aead-42327df81d94:c2830]
2019-08-05 04:37:57,890 INFO  client.GrpcClientProtocolClient (GrpcClientProtocolClient.java:onNext(255)) - client-C12DAE7A5037->3f4de2de-7d09-498f-aead-42327df81d94: receive RaftClientReply:client-C12DAE7A5037->3f4de2de-7d09-498f-aead-42327df81d94@group-C7908E81CC6B, cid=1948, SUCCESS, logIndex=2829, commits[3f4de2de-7d09-498f-aead-42327df81d94:c2830]
2019-08-05 04:37:57,916 INFO  client.GrpcClientProtocolClient (GrpcClientProtocolClient.java:onNext(255)) - client-C12DAE7A5037->3f4de2de-7d09-498f-aead-42327df81d94: receive RaftClientReply:client-C12DAE7A5037->3f4de2de-7d09-498f-aead-42327df81d94@group-C7908E81CC6B, cid=1949, SUCCESS, logIndex=2831, commits[3f4de2de-7d09-498f-aead-42327df81d94:c2835]
2019-08-05 04:37:57,916 INFO  client.GrpcClientProtocolClient (GrpcClientProtocolClient.java:onNext(255)) - client-C12DAE7A5037->3f4de2de-7d09-498f-aead-42327df81d94: receive RaftClientReply:client-C12DAE7A5037->3f4de2de-7d09-498f-aead-42327df81d94@group-C7908E81CC6B, cid=1950, SUCCESS, logIndex=2832, commits[3f4de2de-7d09-498f-aead-42327df81d94:c2835]
2019-08-05 04:37:57,916 INFO  client.GrpcClientProtocolClient (GrpcClientProtocolClient.java:onNext(255)) - client-C12DAE7A5037->3f4de2de-7d09-498f-aead-42327df81d94: receive RaftClientReply:client-C12DAE7A5037->3f4de2de-7d09-498f-aead-42327df81d94@group-C7908E81CC6B, cid=1951, SUCCESS, logIndex=2833, commits[3f4de2de-7d09-498f-aead-42327df81d94:c2835]
2019-08-05 04:37:57,917 INFO  client.GrpcClientProtocolClient (GrpcClientProtocolClient.java:onNext(255)) - client-C12DAE7A5037->3f4de2de-7d09-498f-aead-42327df81d94: receive RaftClientReply:client-C12DAE7A5037->3f4de2de-7d09-498f-aead-42327df81d94@group-C7908E81CC6B, cid=1952, SUCCESS, logIndex=2834, commits[3f4de2de-7d09-498f-aead-42327df81d94:c2835]
2019-08-05 04:37:57,935 DEBUG block.SCMBlockDeletingService (SCMBlockDeletingService.java:call(138)) - Running DeletedBlockTransactionScanner
2019-08-05 04:37:57,936 DEBUG block.SCMBlockDeletingService (SCMBlockDeletingService.java:call(155)) - Scanned deleted blocks log and got 0 delTX to process.
2019-08-05 04:37:57,947 INFO  client.GrpcClientProtocolClient (GrpcClientProtocolClient.java:onNext(255)) - client-C12DAE7A5037->3f4de2de-7d09-498f-aead-42327df81d94: receive RaftClientReply:client-C12DAE7A5037->3f4de2de-7d09-498f-aead-42327df81d94@group-C7908E81CC6B, cid=1953, SUCCESS, logIndex=2836, commits[3f4de2de-7d09-498f-aead-42327df81d94:c2839]
2019-08-05 04:37:57,948 INFO  client.GrpcClientProtocolClient (GrpcClientProtocolClient.java:onNext(255)) - client-C12DAE7A5037->3f4de2de-7d09-498f-aead-42327df81d94: receive RaftClientReply:client-C12DAE7A5037->3f4de2de-7d09-498f-aead-42327df81d94@group-C7908E81CC6B, cid=1954, SUCCESS, logIndex=2837, commits[3f4de2de-7d09-498f-aead-42327df81d94:c2840]
2019-08-05 04:37:57,948 INFO  client.GrpcClientProtocolClient (GrpcClientProtocolClient.java:onNext(255)) - client-C12DAE7A5037->3f4de2de-7d09-498f-aead-42327df81d94: receive RaftClientReply:client-C12DAE7A5037->3f4de2de-7d09-498f-aead-42327df81d94@group-C7908E81CC6B, cid=1955, SUCCESS, logIndex=2838, commits[3f4de2de-7d09-498f-aead-42327df81d94:c2840]
2019-08-05 04:37:57,949 INFO  client.GrpcClientProtocolClient (GrpcClientProtocolClient.java:onNext(255)) - client-C12DAE7A5037->3f4de2de-7d09-498f-aead-42327df81d94: receive RaftClientReply:client-C12DAE7A5037->3f4de2de-7d09-498f-aead-42327df81d94@group-C7908E81CC6B, cid=1956, SUCCESS, logIndex=2839, commits[3f4de2de-7d09-498f-aead-42327df81d94:c2840]
2019-08-05 04:37:57,968 INFO  client.GrpcClientProtocolClient (GrpcClientProtocolClient.java:onNext(255)) - client-C12DAE7A5037->3f4de2de-7d09-498f-aead-42327df81d94: receive RaftClientReply:client-C12DAE7A5037->3f4de2de-7d09-498f-aead-42327df81d94@group-C7908E81CC6B, cid=1957, SUCCESS, logIndex=2841, commits[3f4de2de-7d09-498f-aead-42327df81d94:c2842]
2019-08-05 04:37:57,968 INFO  client.GrpcClientProtocolClient (GrpcClientProtocolClient.java:onNext(255)) - client-C12DAE7A5037->3f4de2de-7d09-498f-aead-42327df81d94: receive RaftClientReply:client-C12DAE7A5037->3f4de2de-7d09-498f-aead-42327df81d94@group-C7908E81CC6B, cid=1958, SUCCESS, logIndex=2842, commits[3f4de2de-7d09-498f-aead-42327df81d94:c2842]
2019-08-05 04:37:57,969 INFO  client.GrpcClientProtocolClient (GrpcClientProtocolClient.java:onNext(255)) - client-C12DAE7A5037->3f4de2de-7d09-498f-aead-42327df81d94: receive RaftClientReply:client-C12DAE7A5037->3f4de2de-7d09-498f-aead-42327df81d94@group-C7908E81CC6B, cid=1959, SUCCESS, logIndex=2843, commits[3f4de2de-7d09-498f-aead-42327df81d94:c2844]
2019-08-05 04:37:57,969 INFO  client.GrpcClientProtocolClient (GrpcClientProtocolClient.java:onNext(255)) - client-C12DAE7A5037->3f4de2de-7d09-498f-aead-42327df81d94: receive RaftClientReply:client-C12DAE7A5037->3f4de2de-7d09-498f-aead-42327df81d94@group-C7908E81CC6B, cid=1960, SUCCESS, logIndex=2844, commits[3f4de2de-7d09-498f-aead-42327df81d94:c2845]
2019-08-05 04:37:57,995 INFO  client.GrpcClientProtocolClient (GrpcClientProtocolClient.java:onNext(255)) - client-C12DAE7A5037->3f4de2de-7d09-498f-aead-42327df81d94: receive RaftClientReply:client-C12DAE7A5037->3f4de2de-7d09-498f-aead-42327df81d94@group-C7908E81CC6B, cid=1961, SUCCESS, logIndex=2847, commits[3f4de2de-7d09-498f-aead-42327df81d94:c2848]
2019-08-05 04:37:57,996 INFO  client.GrpcClientProtocolClient (GrpcClientProtocolClient.java:onNext(255)) - client-C12DAE7A5037->3f4de2de-7d09-498f-aead-42327df81d94: receive RaftClientReply:client-C12DAE7A5037->3f4de2de-7d09-498f-aead-42327df81d94@group-C7908E81CC6B, cid=1962, SUCCESS, logIndex=2848, commits[3f4de2de-7d09-498f-aead-42327df81d94:c2850]
2019-08-05 04:37:57,996 INFO  client.GrpcClientProtocolClient (GrpcClientProtocolClient.java:onNext(255)) - client-C12DAE7A5037->3f4de2de-7d09-498f-aead-42327df81d94: receive RaftClientReply:client-C12DAE7A5037->3f4de2de-7d09-498f-aead-42327df81d94@group-C7908E81CC6B, cid=1963, SUCCESS, logIndex=2849, commits[3f4de2de-7d09-498f-aead-42327df81d94:c2851]
2019-08-05 04:37:57,996 INFO  client.GrpcClientProtocolClient (GrpcClientProtocolClient.java:onNext(255)) - client-C12DAE7A5037->3f4de2de-7d09-498f-aead-42327df81d94: receive RaftClientReply:client-C12DAE7A5037->3f4de2de-7d09-498f-aead-42327df81d94@group-C7908E81CC6B, cid=1964, SUCCESS, logIndex=2850, commits[3f4de2de-7d09-498f-aead-42327df81d94:c2851]
2019-08-05 04:37:58,018 INFO  client.GrpcClientProtocolClient (GrpcClientProtocolClient.java:onNext(255)) - client-C12DAE7A5037->3f4de2de-7d09-498f-aead-42327df81d94: receive RaftClientReply:client-C12DAE7A5037->3f4de2de-7d09-498f-aead-42327df81d94@group-C7908E81CC6B, cid=1965, SUCCESS, logIndex=2853, commits[3f4de2de-7d09-498f-aead-42327df81d94:c2856]
2019-08-05 04:37:58,019 INFO  client.GrpcClientProtocolClient (GrpcClientProtocolClient.java:onNext(255)) - client-C12DAE7A5037->3f4de2de-7d09-498f-aead-42327df81d94: receive RaftClientReply:client-C12DAE7A5037->3f4de2de-7d09-498f-aead-42327df81d94@group-C7908E81CC6B, cid=1966, SUCCESS, logIndex=2854, commits[3f4de2de-7d09-498f-aead-42327df81d94:c2857]
2019-08-05 04:37:58,019 INFO  client.GrpcClientProtocolClient (GrpcClientProtocolClient.java:onNext(255)) - client-C12DAE7A5037->3f4de2de-7d09-498f-aead-42327df81d94: receive RaftClientReply:client-C12DAE7A5037->3f4de2de-7d09-498f-aead-42327df81d94@group-C7908E81CC6B, cid=1967, SUCCESS, logIndex=2855, commits[3f4de2de-7d09-498f-aead-42327df81d94:c2857]
2019-08-05 04:37:58,019 INFO  client.GrpcClientProtocolClient (GrpcClientProtocolClient.java:onNext(255)) - client-C12DAE7A5037->3f4de2de-7d09-498f-aead-42327df81d94: receive RaftClientReply:client-C12DAE7A5037->3f4de2de-7d09-498f-aead-42327df81d94@group-C7908E81CC6B, cid=1968, SUCCESS, logIndex=2856, commits[3f4de2de-7d09-498f-aead-42327df81d94:c2857]
2019-08-05 04:37:58,036 DEBUG block.SCMBlockDeletingService (SCMBlockDeletingService.java:call(138)) - Running DeletedBlockTransactionScanner
2019-08-05 04:37:58,037 DEBUG block.SCMBlockDeletingService (SCMBlockDeletingService.java:call(155)) - Scanned deleted blocks log and got 0 delTX to process.
2019-08-05 04:37:58,051 INFO  client.GrpcClientProtocolClient (GrpcClientProtocolClient.java:onNext(255)) - client-C12DAE7A5037->3f4de2de-7d09-498f-aead-42327df81d94: receive RaftClientReply:client-C12DAE7A5037->3f4de2de-7d09-498f-aead-42327df81d94@group-C7908E81CC6B, cid=1969, SUCCESS, logIndex=2858, commits[3f4de2de-7d09-498f-aead-42327df81d94:c2861]
2019-08-05 04:37:58,051 INFO  client.GrpcClientProtocolClient (GrpcClientProtocolClient.java:onNext(255)) - client-C12DAE7A5037->3f4de2de-7d09-498f-aead-42327df81d94: receive RaftClientReply:client-C12DAE7A5037->3f4de2de-7d09-498f-aead-42327df81d94@group-C7908E81CC6B, cid=1970, SUCCESS, logIndex=2859, commits[3f4de2de-7d09-498f-aead-42327df81d94:c2862]
2019-08-05 04:37:58,052 INFO  client.GrpcClientProtocolClient (GrpcClientProtocolClient.java:onNext(255)) - client-C12DAE7A5037->3f4de2de-7d09-498f-aead-42327df81d94: receive RaftClientReply:client-C12DAE7A5037->3f4de2de-7d09-498f-aead-42327df81d94@group-C7908E81CC6B, cid=1971, SUCCESS, logIndex=2860, commits[3f4de2de-7d09-498f-aead-42327df81d94:c2862]
2019-08-05 04:37:58,052 INFO  client.GrpcClientProtocolClient (GrpcClientProtocolClient.java:onNext(255)) - client-C12DAE7A5037->3f4de2de-7d09-498f-aead-42327df81d94: receive RaftClientReply:client-C12DAE7A5037->3f4de2de-7d09-498f-aead-42327df81d94@group-C7908E81CC6B, cid=1972, SUCCESS, logIndex=2861, commits[3f4de2de-7d09-498f-aead-42327df81d94:c2862]
2019-08-05 04:37:58,072 INFO  client.GrpcClientProtocolClient (GrpcClientProtocolClient.java:onNext(255)) - client-C12DAE7A5037->3f4de2de-7d09-498f-aead-42327df81d94: receive RaftClientReply:client-C12DAE7A5037->3f4de2de-7d09-498f-aead-42327df81d94@group-C7908E81CC6B, cid=1973, SUCCESS, logIndex=2863, commits[3f4de2de-7d09-498f-aead-42327df81d94:c2864]
2019-08-05 04:37:58,073 INFO  client.GrpcClientProtocolClient (GrpcClientProtocolClient.java:onNext(255)) - client-C12DAE7A5037->3f4de2de-7d09-498f-aead-42327df81d94: receive RaftClientReply:client-C12DAE7A5037->3f4de2de-7d09-498f-aead-42327df81d94@group-C7908E81CC6B, cid=1974, SUCCESS, logIndex=2864, commits[3f4de2de-7d09-498f-aead-42327df81d94:c2866]
2019-08-05 04:37:58,073 INFO  client.GrpcClientProtocolClient (GrpcClientProtocolClient.java:onNext(255)) - client-C12DAE7A5037->3f4de2de-7d09-498f-aead-42327df81d94: receive RaftClientReply:client-C12DAE7A5037->3f4de2de-7d09-498f-aead-42327df81d94@group-C7908E81CC6B, cid=1975, SUCCESS, logIndex=2865, commits[3f4de2de-7d09-498f-aead-42327df81d94:c2867]
2019-08-05 04:37:58,073 INFO  client.GrpcClientProtocolClient (GrpcClientProtocolClient.java:onNext(255)) - client-C12DAE7A5037->3f4de2de-7d09-498f-aead-42327df81d94: receive RaftClientReply:client-C12DAE7A5037->3f4de2de-7d09-498f-aead-42327df81d94@group-C7908E81CC6B, cid=1976, SUCCESS, logIndex=2866, commits[3f4de2de-7d09-498f-aead-42327df81d94:c2867]
2019-08-05 04:37:58,103 INFO  client.GrpcClientProtocolClient (GrpcClientProtocolClient.java:onNext(255)) - client-C12DAE7A5037->3f4de2de-7d09-498f-aead-42327df81d94: receive RaftClientReply:client-C12DAE7A5037->3f4de2de-7d09-498f-aead-42327df81d94@group-C7908E81CC6B, cid=1977, SUCCESS, logIndex=2869, commits[3f4de2de-7d09-498f-aead-42327df81d94:c2870]
2019-08-05 04:37:58,103 INFO  client.GrpcClientProtocolClient (GrpcClientProtocolClient.java:onNext(255)) - client-C12DAE7A5037->3f4de2de-7d09-498f-aead-42327df81d94: receive RaftClientReply:client-C12DAE7A5037->3f4de2de-7d09-498f-aead-42327df81d94@group-C7908E81CC6B, cid=1978, SUCCESS, logIndex=2870, commits[3f4de2de-7d09-498f-aead-42327df81d94:c2872]
2019-08-05 04:37:58,104 INFO  client.GrpcClientProtocolClient (GrpcClientProtocolClient.java:onNext(255)) - client-C12DAE7A5037->3f4de2de-7d09-498f-aead-42327df81d94: receive RaftClientReply:client-C12DAE7A5037->3f4de2de-7d09-498f-aead-42327df81d94@group-C7908E81CC6B, cid=1979, SUCCESS, logIndex=2871, commits[3f4de2de-7d09-498f-aead-42327df81d94:c2873]
2019-08-05 04:37:58,104 INFO  client.GrpcClientProtocolClient (GrpcClientProtocolClient.java:onNext(255)) - client-C12DAE7A5037->3f4de2de-7d09-498f-aead-42327df81d94: receive RaftClientReply:client-C12DAE7A5037->3f4de2de-7d09-498f-aead-42327df81d94@group-C7908E81CC6B, cid=1980, SUCCESS, logIndex=2872, commits[3f4de2de-7d09-498f-aead-42327df81d94:c2874]
2019-08-05 04:37:58,124 INFO  client.GrpcClientProtocolClient (GrpcClientProtocolClient.java:onNext(255)) - client-C12DAE7A5037->3f4de2de-7d09-498f-aead-42327df81d94: receive RaftClientReply:client-C12DAE7A5037->3f4de2de-7d09-498f-aead-42327df81d94@group-C7908E81CC6B, cid=1981, SUCCESS, logIndex=2875, commits[3f4de2de-7d09-498f-aead-42327df81d94:c2876]
2019-08-05 04:37:58,124 INFO  client.GrpcClientProtocolClient (GrpcClientProtocolClient.java:onNext(255)) - client-C12DAE7A5037->3f4de2de-7d09-498f-aead-42327df81d94: receive RaftClientReply:client-C12DAE7A5037->3f4de2de-7d09-498f-aead-42327df81d94@group-C7908E81CC6B, cid=1982, SUCCESS, logIndex=2876, commits[3f4de2de-7d09-498f-aead-42327df81d94:c2878]
2019-08-05 04:37:58,125 INFO  client.GrpcClientProtocolClient (GrpcClientProtocolClient.java:onNext(255)) - client-C12DAE7A5037->3f4de2de-7d09-498f-aead-42327df81d94: receive RaftClientReply:client-C12DAE7A5037->3f4de2de-7d09-498f-aead-42327df81d94@group-C7908E81CC6B, cid=1983, SUCCESS, logIndex=2877, commits[3f4de2de-7d09-498f-aead-42327df81d94:c2878]
2019-08-05 04:37:58,125 INFO  client.GrpcClientProtocolClient (GrpcClientProtocolClient.java:onNext(255)) - client-C12DAE7A5037->3f4de2de-7d09-498f-aead-42327df81d94: receive RaftClientReply:client-C12DAE7A5037->3f4de2de-7d09-498f-aead-42327df81d94@group-C7908E81CC6B, cid=1984, SUCCESS, logIndex=2878, commits[3f4de2de-7d09-498f-aead-42327df81d94:c2879]
2019-08-05 04:37:58,137 DEBUG block.SCMBlockDeletingService (SCMBlockDeletingService.java:call(138)) - Running DeletedBlockTransactionScanner
2019-08-05 04:37:58,137 DEBUG block.SCMBlockDeletingService (SCMBlockDeletingService.java:call(155)) - Scanned deleted blocks log and got 0 delTX to process.
2019-08-05 04:37:58,168 INFO  client.GrpcClientProtocolClient (GrpcClientProtocolClient.java:onNext(255)) - client-C12DAE7A5037->3f4de2de-7d09-498f-aead-42327df81d94: receive RaftClientReply:client-C12DAE7A5037->3f4de2de-7d09-498f-aead-42327df81d94@group-C7908E81CC6B, cid=1985, SUCCESS, logIndex=2881, commits[3f4de2de-7d09-498f-aead-42327df81d94:c2882]
2019-08-05 04:37:58,168 INFO  client.GrpcClientProtocolClient (GrpcClientProtocolClient.java:onNext(255)) - client-C12DAE7A5037->3f4de2de-7d09-498f-aead-42327df81d94: receive RaftClientReply:client-C12DAE7A5037->3f4de2de-7d09-498f-aead-42327df81d94@group-C7908E81CC6B, cid=1986, SUCCESS, logIndex=2882, commits[3f4de2de-7d09-498f-aead-42327df81d94:c2884]
2019-08-05 04:37:58,169 INFO  client.GrpcClientProtocolClient (GrpcClientProtocolClient.java:onNext(255)) - client-C12DAE7A5037->3f4de2de-7d09-498f-aead-42327df81d94: receive RaftClientReply:client-C12DAE7A5037->3f4de2de-7d09-498f-aead-42327df81d94@group-C7908E81CC6B, cid=1987, SUCCESS, logIndex=2883, commits[3f4de2de-7d09-498f-aead-42327df81d94:c2885]
2019-08-05 04:37:58,169 INFO  client.GrpcClientProtocolClient (GrpcClientProtocolClient.java:onNext(255)) - client-C12DAE7A5037->3f4de2de-7d09-498f-aead-42327df81d94: receive RaftClientReply:client-C12DAE7A5037->3f4de2de-7d09-498f-aead-42327df81d94@group-C7908E81CC6B, cid=1988, SUCCESS, logIndex=2884, commits[3f4de2de-7d09-498f-aead-42327df81d94:c2886]
2019-08-05 04:37:58,238 DEBUG block.SCMBlockDeletingService (SCMBlockDeletingService.java:call(138)) - Running DeletedBlockTransactionScanner
2019-08-05 04:37:58,238 DEBUG block.SCMBlockDeletingService (SCMBlockDeletingService.java:call(155)) - Scanned deleted blocks log and got 0 delTX to process.
2019-08-05 04:37:58,339 DEBUG block.SCMBlockDeletingService (SCMBlockDeletingService.java:call(138)) - Running DeletedBlockTransactionScanner
2019-08-05 04:37:58,339 DEBUG block.SCMBlockDeletingService (SCMBlockDeletingService.java:call(155)) - Scanned deleted blocks log and got 0 delTX to process.
2019-08-05 04:37:58,373 INFO  client.GrpcClientProtocolClient (GrpcClientProtocolClient.java:onNext(255)) - client-C12DAE7A5037->3f4de2de-7d09-498f-aead-42327df81d94: receive RaftClientReply:client-C12DAE7A5037->3f4de2de-7d09-498f-aead-42327df81d94@group-C7908E81CC6B, cid=1989, SUCCESS, logIndex=2887, commits[3f4de2de-7d09-498f-aead-42327df81d94:c2888]
2019-08-05 04:37:58,374 INFO  client.GrpcClientProtocolClient (GrpcClientProtocolClient.java:onNext(255)) - client-C12DAE7A5037->3f4de2de-7d09-498f-aead-42327df81d94: receive RaftClientReply:client-C12DAE7A5037->3f4de2de-7d09-498f-aead-42327df81d94@group-C7908E81CC6B, cid=1990, SUCCESS, logIndex=2888, commits[3f4de2de-7d09-498f-aead-42327df81d94:c2890]
2019-08-05 04:37:58,374 INFO  client.GrpcClientProtocolClient (GrpcClientProtocolClient.java:onNext(255)) - client-C12DAE7A5037->3f4de2de-7d09-498f-aead-42327df81d94: receive RaftClientReply:client-C12DAE7A5037->3f4de2de-7d09-498f-aead-42327df81d94@group-C7908E81CC6B, cid=1991, SUCCESS, logIndex=2889, commits[3f4de2de-7d09-498f-aead-42327df81d94:c2891]
2019-08-05 04:37:58,375 INFO  client.GrpcClientProtocolClient (GrpcClientProtocolClient.java:onNext(255)) - client-C12DAE7A5037->3f4de2de-7d09-498f-aead-42327df81d94: receive RaftClientReply:client-C12DAE7A5037->3f4de2de-7d09-498f-aead-42327df81d94@group-C7908E81CC6B, cid=1992, SUCCESS, logIndex=2890, commits[3f4de2de-7d09-498f-aead-42327df81d94:c2891]
2019-08-05 04:37:58,402 INFO  client.GrpcClientProtocolClient (GrpcClientProtocolClient.java:onNext(255)) - client-C12DAE7A5037->3f4de2de-7d09-498f-aead-42327df81d94: receive RaftClientReply:client-C12DAE7A5037->3f4de2de-7d09-498f-aead-42327df81d94@group-C7908E81CC6B, cid=1993, SUCCESS, logIndex=2893, commits[3f4de2de-7d09-498f-aead-42327df81d94:c2894]
2019-08-05 04:37:58,402 INFO  client.GrpcClientProtocolClient (GrpcClientProtocolClient.java:onNext(255)) - client-C12DAE7A5037->3f4de2de-7d09-498f-aead-42327df81d94: receive RaftClientReply:client-C12DAE7A5037->3f4de2de-7d09-498f-aead-42327df81d94@group-C7908E81CC6B, cid=1994, SUCCESS, logIndex=2894, commits[3f4de2de-7d09-498f-aead-42327df81d94:c2896]
2019-08-05 04:37:58,403 INFO  client.GrpcClientProtocolClient (GrpcClientProtocolClient.java:onNext(255)) - client-C12DAE7A5037->3f4de2de-7d09-498f-aead-42327df81d94: receive RaftClientReply:client-C12DAE7A5037->3f4de2de-7d09-498f-aead-42327df81d94@group-C7908E81CC6B, cid=1995, SUCCESS, logIndex=2895, commits[3f4de2de-7d09-498f-aead-42327df81d94:c2897]
2019-08-05 04:37:58,403 INFO  client.GrpcClientProtocolClient (GrpcClientProtocolClient.java:onNext(255)) - client-C12DAE7A5037->3f4de2de-7d09-498f-aead-42327df81d94: receive RaftClientReply:client-C12DAE7A5037->3f4de2de-7d09-498f-aead-42327df81d94@group-C7908E81CC6B, cid=1996, SUCCESS, logIndex=2896, commits[3f4de2de-7d09-498f-aead-42327df81d94:c2898]
2019-08-05 04:37:58,431 INFO  client.GrpcClientProtocolClient (GrpcClientProtocolClient.java:onNext(255)) - client-C12DAE7A5037->3f4de2de-7d09-498f-aead-42327df81d94: receive RaftClientReply:client-C12DAE7A5037->3f4de2de-7d09-498f-aead-42327df81d94@group-C7908E81CC6B, cid=1997, SUCCESS, logIndex=2899, commits[3f4de2de-7d09-498f-aead-42327df81d94:c2900]
2019-08-05 04:37:58,431 INFO  client.GrpcClientProtocolClient (GrpcClientProtocolClient.java:onNext(255)) - client-C12DAE7A5037->3f4de2de-7d09-498f-aead-42327df81d94: receive RaftClientReply:client-C12DAE7A5037->3f4de2de-7d09-498f-aead-42327df81d94@group-C7908E81CC6B, cid=1998, SUCCESS, logIndex=2900, commits[3f4de2de-7d09-498f-aead-42327df81d94:c2902]
2019-08-05 04:37:58,432 INFO  client.GrpcClientProtocolClient (GrpcClientProtocolClient.java:onNext(255)) - client-C12DAE7A5037->3f4de2de-7d09-498f-aead-42327df81d94: receive RaftClientReply:client-C12DAE7A5037->3f4de2de-7d09-498f-aead-42327df81d94@group-C7908E81CC6B, cid=1999, SUCCESS, logIndex=2901, commits[3f4de2de-7d09-498f-aead-42327df81d94:c2902]
2019-08-05 04:37:58,432 INFO  client.GrpcClientProtocolClient (GrpcClientProtocolClient.java:onNext(255)) - client-C12DAE7A5037->3f4de2de-7d09-498f-aead-42327df81d94: receive RaftClientReply:client-C12DAE7A5037->3f4de2de-7d09-498f-aead-42327df81d94@group-C7908E81CC6B, cid=2000, SUCCESS, logIndex=2902, commits[3f4de2de-7d09-498f-aead-42327df81d94:c2903]
2019-08-05 04:37:58,439 DEBUG block.SCMBlockDeletingService (SCMBlockDeletingService.java:call(138)) - Running DeletedBlockTransactionScanner
2019-08-05 04:37:58,440 DEBUG block.SCMBlockDeletingService (SCMBlockDeletingService.java:call(155)) - Scanned deleted blocks log and got 0 delTX to process.
2019-08-05 04:37:58,460 INFO  client.GrpcClientProtocolClient (GrpcClientProtocolClient.java:onNext(255)) - client-C12DAE7A5037->3f4de2de-7d09-498f-aead-42327df81d94: receive RaftClientReply:client-C12DAE7A5037->3f4de2de-7d09-498f-aead-42327df81d94@group-C7908E81CC6B, cid=2001, SUCCESS, logIndex=2905, commits[3f4de2de-7d09-498f-aead-42327df81d94:c2908]
2019-08-05 04:37:58,461 INFO  client.GrpcClientProtocolClient (GrpcClientProtocolClient.java:onNext(255)) - client-C12DAE7A5037->3f4de2de-7d09-498f-aead-42327df81d94: receive RaftClientReply:client-C12DAE7A5037->3f4de2de-7d09-498f-aead-42327df81d94@group-C7908E81CC6B, cid=2002, SUCCESS, logIndex=2906, commits[3f4de2de-7d09-498f-aead-42327df81d94:c2909]
2019-08-05 04:37:58,461 INFO  client.GrpcClientProtocolClient (GrpcClientProtocolClient.java:onNext(255)) - client-C12DAE7A5037->3f4de2de-7d09-498f-aead-42327df81d94: receive RaftClientReply:client-C12DAE7A5037->3f4de2de-7d09-498f-aead-42327df81d94@group-C7908E81CC6B, cid=2003, SUCCESS, logIndex=2907, commits[3f4de2de-7d09-498f-aead-42327df81d94:c2909]
2019-08-05 04:37:58,462 INFO  client.GrpcClientProtocolClient (GrpcClientProtocolClient.java:onNext(255)) - client-C12DAE7A5037->3f4de2de-7d09-498f-aead-42327df81d94: receive RaftClientReply:client-C12DAE7A5037->3f4de2de-7d09-498f-aead-42327df81d94@group-C7908E81CC6B, cid=2004, SUCCESS, logIndex=2908, commits[3f4de2de-7d09-498f-aead-42327df81d94:c2910]
2019-08-05 04:37:58,481 INFO  client.GrpcClientProtocolClient (GrpcClientProtocolClient.java:onNext(255)) - client-C12DAE7A5037->3f4de2de-7d09-498f-aead-42327df81d94: receive RaftClientReply:client-C12DAE7A5037->3f4de2de-7d09-498f-aead-42327df81d94@group-C7908E81CC6B, cid=2005, SUCCESS, logIndex=2911, commits[3f4de2de-7d09-498f-aead-42327df81d94:c2912]
2019-08-05 04:37:58,482 INFO  client.GrpcClientProtocolClient (GrpcClientProtocolClient.java:onNext(255)) - client-C12DAE7A5037->3f4de2de-7d09-498f-aead-42327df81d94: receive RaftClientReply:client-C12DAE7A5037->3f4de2de-7d09-498f-aead-42327df81d94@group-C7908E81CC6B, cid=2006, SUCCESS, logIndex=2912, commits[3f4de2de-7d09-498f-aead-42327df81d94:c2914]
2019-08-05 04:37:58,482 INFO  client.GrpcClientProtocolClient (GrpcClientProtocolClient.java:onNext(255)) - client-C12DAE7A5037->3f4de2de-7d09-498f-aead-42327df81d94: receive RaftClientReply:client-C12DAE7A5037->3f4de2de-7d09-498f-aead-42327df81d94@group-C7908E81CC6B, cid=2007, SUCCESS, logIndex=2913, commits[3f4de2de-7d09-498f-aead-42327df81d94:c2915]
2019-08-05 04:37:58,483 INFO  client.GrpcClientProtocolClient (GrpcClientProtocolClient.java:onNext(255)) - client-C12DAE7A5037->3f4de2de-7d09-498f-aead-42327df81d94: receive RaftClientReply:client-C12DAE7A5037->3f4de2de-7d09-498f-aead-42327df81d94@group-C7908E81CC6B, cid=2008, SUCCESS, logIndex=2914, commits[3f4de2de-7d09-498f-aead-42327df81d94:c2915]
2019-08-05 04:37:58,510 INFO  client.GrpcClientProtocolClient (GrpcClientProtocolClient.java:onNext(255)) - client-C12DAE7A5037->3f4de2de-7d09-498f-aead-42327df81d94: receive RaftClientReply:client-C12DAE7A5037->3f4de2de-7d09-498f-aead-42327df81d94@group-C7908E81CC6B, cid=2009, SUCCESS, logIndex=2917, commits[3f4de2de-7d09-498f-aead-42327df81d94:c2918]
2019-08-05 04:37:58,511 INFO  client.GrpcClientProtocolClient (GrpcClientProtocolClient.java:onNext(255)) - client-C12DAE7A5037->3f4de2de-7d09-498f-aead-42327df81d94: receive RaftClientReply:client-C12DAE7A5037->3f4de2de-7d09-498f-aead-42327df81d94@group-C7908E81CC6B, cid=2010, SUCCESS, logIndex=2918, commits[3f4de2de-7d09-498f-aead-42327df81d94:c2918]
2019-08-05 04:37:58,512 INFO  client.GrpcClientProtocolClient (GrpcClientProtocolClient.java:onNext(255)) - client-C12DAE7A5037->3f4de2de-7d09-498f-aead-42327df81d94: receive RaftClientReply:client-C12DAE7A5037->3f4de2de-7d09-498f-aead-42327df81d94@group-C7908E81CC6B, cid=2011, SUCCESS, logIndex=2919, commits[3f4de2de-7d09-498f-aead-42327df81d94:c2921]
2019-08-05 04:37:58,512 INFO  client.GrpcClientProtocolClient (GrpcClientProtocolClient.java:onNext(255)) - client-C12DAE7A5037->3f4de2de-7d09-498f-aead-42327df81d94: receive RaftClientReply:client-C12DAE7A5037->3f4de2de-7d09-498f-aead-42327df81d94@group-C7908E81CC6B, cid=2012, SUCCESS, logIndex=2920, commits[3f4de2de-7d09-498f-aead-42327df81d94:c2921]
2019-08-05 04:37:58,531 INFO  client.GrpcClientProtocolClient (GrpcClientProtocolClient.java:onNext(255)) - client-C12DAE7A5037->3f4de2de-7d09-498f-aead-42327df81d94: receive RaftClientReply:client-C12DAE7A5037->3f4de2de-7d09-498f-aead-42327df81d94@group-C7908E81CC6B, cid=2013, SUCCESS, logIndex=2922, commits[3f4de2de-7d09-498f-aead-42327df81d94:c2923]
2019-08-05 04:37:58,532 INFO  client.GrpcClientProtocolClient (GrpcClientProtocolClient.java:onNext(255)) - client-C12DAE7A5037->3f4de2de-7d09-498f-aead-42327df81d94: receive RaftClientReply:client-C12DAE7A5037->3f4de2de-7d09-498f-aead-42327df81d94@group-C7908E81CC6B, cid=2014, SUCCESS, logIndex=2923, commits[3f4de2de-7d09-498f-aead-42327df81d94:c2925]
2019-08-05 04:37:58,532 INFO  client.GrpcClientProtocolClient (GrpcClientProtocolClient.java:onNext(255)) - client-C12DAE7A5037->3f4de2de-7d09-498f-aead-42327df81d94: receive RaftClientReply:client-C12DAE7A5037->3f4de2de-7d09-498f-aead-42327df81d94@group-C7908E81CC6B, cid=2015, SUCCESS, logIndex=2924, commits[3f4de2de-7d09-498f-aead-42327df81d94:c2926]
2019-08-05 04:37:58,533 INFO  client.GrpcClientProtocolClient (GrpcClientProtocolClient.java:onNext(255)) - client-C12DAE7A5037->3f4de2de-7d09-498f-aead-42327df81d94: receive RaftClientReply:client-C12DAE7A5037->3f4de2de-7d09-498f-aead-42327df81d94@group-C7908E81CC6B, cid=2016, SUCCESS, logIndex=2925, commits[3f4de2de-7d09-498f-aead-42327df81d94:c2926]
2019-08-05 04:37:58,540 DEBUG block.SCMBlockDeletingService (SCMBlockDeletingService.java:call(138)) - Running DeletedBlockTransactionScanner
2019-08-05 04:37:58,541 DEBUG block.SCMBlockDeletingService (SCMBlockDeletingService.java:call(155)) - Scanned deleted blocks log and got 0 delTX to process.
2019-08-05 04:37:58,560 INFO  client.GrpcClientProtocolClient (GrpcClientProtocolClient.java:onNext(255)) - client-C12DAE7A5037->3f4de2de-7d09-498f-aead-42327df81d94: receive RaftClientReply:client-C12DAE7A5037->3f4de2de-7d09-498f-aead-42327df81d94@group-C7908E81CC6B, cid=2017, SUCCESS, logIndex=2928, commits[3f4de2de-7d09-498f-aead-42327df81d94:c2929]
2019-08-05 04:37:58,561 INFO  client.GrpcClientProtocolClient (GrpcClientProtocolClient.java:onNext(255)) - client-C12DAE7A5037->3f4de2de-7d09-498f-aead-42327df81d94: receive RaftClientReply:client-C12DAE7A5037->3f4de2de-7d09-498f-aead-42327df81d94@group-C7908E81CC6B, cid=2018, SUCCESS, logIndex=2929, commits[3f4de2de-7d09-498f-aead-42327df81d94:c2931]
2019-08-05 04:37:58,561 INFO  client.GrpcClientProtocolClient (GrpcClientProtocolClient.java:onNext(255)) - client-C12DAE7A5037->3f4de2de-7d09-498f-aead-42327df81d94: receive RaftClientReply:client-C12DAE7A5037->3f4de2de-7d09-498f-aead-42327df81d94@group-C7908E81CC6B, cid=2019, SUCCESS, logIndex=2930, commits[3f4de2de-7d09-498f-aead-42327df81d94:c2931]
2019-08-05 04:37:58,561 INFO  client.GrpcClientProtocolClient (GrpcClientProtocolClient.java:onNext(255)) - client-C12DAE7A5037->3f4de2de-7d09-498f-aead-42327df81d94: receive RaftClientReply:client-C12DAE7A5037->3f4de2de-7d09-498f-aead-42327df81d94@group-C7908E81CC6B, cid=2020, SUCCESS, logIndex=2931, commits[3f4de2de-7d09-498f-aead-42327df81d94:c2932]
2019-08-05 04:37:58,583 INFO  client.GrpcClientProtocolClient (GrpcClientProtocolClient.java:onNext(255)) - client-C12DAE7A5037->3f4de2de-7d09-498f-aead-42327df81d94: receive RaftClientReply:client-C12DAE7A5037->3f4de2de-7d09-498f-aead-42327df81d94@group-C7908E81CC6B, cid=2021, SUCCESS, logIndex=2934, commits[3f4de2de-7d09-498f-aead-42327df81d94:c2937]
2019-08-05 04:37:58,583 INFO  client.GrpcClientProtocolClient (GrpcClientProtocolClient.java:onNext(255)) - client-C12DAE7A5037->3f4de2de-7d09-498f-aead-42327df81d94: receive RaftClientReply:client-C12DAE7A5037->3f4de2de-7d09-498f-aead-42327df81d94@group-C7908E81CC6B, cid=2022, SUCCESS, logIndex=2935, commits[3f4de2de-7d09-498f-aead-42327df81d94:c2937]
2019-08-05 04:37:58,584 INFO  client.GrpcClientProtocolClient (GrpcClientProtocolClient.java:onNext(255)) - client-C12DAE7A5037->3f4de2de-7d09-498f-aead-42327df81d94: receive RaftClientReply:client-C12DAE7A5037->3f4de2de-7d09-498f-aead-42327df81d94@group-C7908E81CC6B, cid=2023, SUCCESS, logIndex=2936, commits[3f4de2de-7d09-498f-aead-42327df81d94:c2938]
2019-08-05 04:37:58,584 INFO  client.GrpcClientProtocolClient (GrpcClientProtocolClient.java:onNext(255)) - client-C12DAE7A5037->3f4de2de-7d09-498f-aead-42327df81d94: receive RaftClientReply:client-C12DAE7A5037->3f4de2de-7d09-498f-aead-42327df81d94@group-C7908E81CC6B, cid=2024, SUCCESS, logIndex=2937, commits[3f4de2de-7d09-498f-aead-42327df81d94:c2938]
2019-08-05 04:37:58,612 INFO  client.GrpcClientProtocolClient (GrpcClientProtocolClient.java:onNext(255)) - client-C12DAE7A5037->3f4de2de-7d09-498f-aead-42327df81d94: receive RaftClientReply:client-C12DAE7A5037->3f4de2de-7d09-498f-aead-42327df81d94@group-C7908E81CC6B, cid=2025, SUCCESS, logIndex=2939, commits[3f4de2de-7d09-498f-aead-42327df81d94:c2940]
2019-08-05 04:37:58,613 INFO  client.GrpcClientProtocolClient (GrpcClientProtocolClient.java:onNext(255)) - client-C12DAE7A5037->3f4de2de-7d09-498f-aead-42327df81d94: receive RaftClientReply:client-C12DAE7A5037->3f4de2de-7d09-498f-aead-42327df81d94@group-C7908E81CC6B, cid=2026, SUCCESS, logIndex=2940, commits[3f4de2de-7d09-498f-aead-42327df81d94:c2942]
2019-08-05 04:37:58,613 INFO  client.GrpcClientProtocolClient (GrpcClientProtocolClient.java:onNext(255)) - client-C12DAE7A5037->3f4de2de-7d09-498f-aead-42327df81d94: receive RaftClientReply:client-C12DAE7A5037->3f4de2de-7d09-498f-aead-42327df81d94@group-C7908E81CC6B, cid=2027, SUCCESS, logIndex=2941, commits[3f4de2de-7d09-498f-aead-42327df81d94:c2943]
2019-08-05 04:37:58,614 INFO  client.GrpcClientProtocolClient (GrpcClientProtocolClient.java:onNext(255)) - client-C12DAE7A5037->3f4de2de-7d09-498f-aead-42327df81d94: receive RaftClientReply:client-C12DAE7A5037->3f4de2de-7d09-498f-aead-42327df81d94@group-C7908E81CC6B, cid=2028, SUCCESS, logIndex=2942, commits[3f4de2de-7d09-498f-aead-42327df81d94:c2943]
2019-08-05 04:37:58,635 INFO  client.GrpcClientProtocolClient (GrpcClientProtocolClient.java:onNext(255)) - client-C12DAE7A5037->3f4de2de-7d09-498f-aead-42327df81d94: receive RaftClientReply:client-C12DAE7A5037->3f4de2de-7d09-498f-aead-42327df81d94@group-C7908E81CC6B, cid=2029, SUCCESS, logIndex=2945, commits[3f4de2de-7d09-498f-aead-42327df81d94:c2948]
2019-08-05 04:37:58,636 INFO  client.GrpcClientProtocolClient (GrpcClientProtocolClient.java:onNext(255)) - client-C12DAE7A5037->3f4de2de-7d09-498f-aead-42327df81d94: receive RaftClientReply:client-C12DAE7A5037->3f4de2de-7d09-498f-aead-42327df81d94@group-C7908E81CC6B, cid=2030, SUCCESS, logIndex=2946, commits[3f4de2de-7d09-498f-aead-42327df81d94:c2949]
2019-08-05 04:37:58,636 INFO  client.GrpcClientProtocolClient (GrpcClientProtocolClient.java:onNext(255)) - client-C12DAE7A5037->3f4de2de-7d09-498f-aead-42327df81d94: receive RaftClientReply:client-C12DAE7A5037->3f4de2de-7d09-498f-aead-42327df81d94@group-C7908E81CC6B, cid=2031, SUCCESS, logIndex=2947, commits[3f4de2de-7d09-498f-aead-42327df81d94:c2949]
2019-08-05 04:37:58,636 INFO  client.GrpcClientProtocolClient (GrpcClientProtocolClient.java:onNext(255)) - client-C12DAE7A5037->3f4de2de-7d09-498f-aead-42327df81d94: receive RaftClientReply:client-C12DAE7A5037->3f4de2de-7d09-498f-aead-42327df81d94@group-C7908E81CC6B, cid=2032, SUCCESS, logIndex=2948, commits[3f4de2de-7d09-498f-aead-42327df81d94:c2949]
2019-08-05 04:37:58,641 DEBUG block.SCMBlockDeletingService (SCMBlockDeletingService.java:call(138)) - Running DeletedBlockTransactionScanner
2019-08-05 04:37:58,641 DEBUG block.SCMBlockDeletingService (SCMBlockDeletingService.java:call(155)) - Scanned deleted blocks log and got 0 delTX to process.
2019-08-05 04:37:58,742 DEBUG block.SCMBlockDeletingService (SCMBlockDeletingService.java:call(138)) - Running DeletedBlockTransactionScanner
2019-08-05 04:37:58,742 DEBUG block.SCMBlockDeletingService (SCMBlockDeletingService.java:call(155)) - Scanned deleted blocks log and got 0 delTX to process.
2019-08-05 04:37:58,756 INFO  client.GrpcClientProtocolClient (GrpcClientProtocolClient.java:onNext(255)) - client-C12DAE7A5037->3f4de2de-7d09-498f-aead-42327df81d94: receive RaftClientReply:client-C12DAE7A5037->3f4de2de-7d09-498f-aead-42327df81d94@group-C7908E81CC6B, cid=2033, SUCCESS, logIndex=2950, commits[3f4de2de-7d09-498f-aead-42327df81d94:c2951]
2019-08-05 04:37:58,757 INFO  client.GrpcClientProtocolClient (GrpcClientProtocolClient.java:onNext(255)) - client-C12DAE7A5037->3f4de2de-7d09-498f-aead-42327df81d94: receive RaftClientReply:client-C12DAE7A5037->3f4de2de-7d09-498f-aead-42327df81d94@group-C7908E81CC6B, cid=2034, SUCCESS, logIndex=2951, commits[3f4de2de-7d09-498f-aead-42327df81d94:c2951]
2019-08-05 04:37:58,757 INFO  client.GrpcClientProtocolClient (GrpcClientProtocolClient.java:onNext(255)) - client-C12DAE7A5037->3f4de2de-7d09-498f-aead-42327df81d94: receive RaftClientReply:client-C12DAE7A5037->3f4de2de-7d09-498f-aead-42327df81d94@group-C7908E81CC6B, cid=2035, SUCCESS, logIndex=2952, commits[3f4de2de-7d09-498f-aead-42327df81d94:c2953]
2019-08-05 04:37:58,758 INFO  client.GrpcClientProtocolClient (GrpcClientProtocolClient.java:onNext(255)) - client-C12DAE7A5037->3f4de2de-7d09-498f-aead-42327df81d94: receive RaftClientReply:client-C12DAE7A5037->3f4de2de-7d09-498f-aead-42327df81d94@group-C7908E81CC6B, cid=2036, SUCCESS, logIndex=2953, commits[3f4de2de-7d09-498f-aead-42327df81d94:c2954]
2019-08-05 04:37:58,777 INFO  client.GrpcClientProtocolClient (GrpcClientProtocolClient.java:onNext(255)) - client-C12DAE7A5037->3f4de2de-7d09-498f-aead-42327df81d94: receive RaftClientReply:client-C12DAE7A5037->3f4de2de-7d09-498f-aead-42327df81d94@group-C7908E81CC6B, cid=2037, SUCCESS, logIndex=2956, commits[3f4de2de-7d09-498f-aead-42327df81d94:c2957]
2019-08-05 04:37:58,777 INFO  client.GrpcClientProtocolClient (GrpcClientProtocolClient.java:onNext(255)) - client-C12DAE7A5037->3f4de2de-7d09-498f-aead-42327df81d94: receive RaftClientReply:client-C12DAE7A5037->3f4de2de-7d09-498f-aead-42327df81d94@group-C7908E81CC6B, cid=2038, SUCCESS, logIndex=2957, commits[3f4de2de-7d09-498f-aead-42327df81d94:c2959]
2019-08-05 04:37:58,778 INFO  client.GrpcClientProtocolClient (GrpcClientProtocolClient.java:onNext(255)) - client-C12DAE7A5037->3f4de2de-7d09-498f-aead-42327df81d94: receive RaftClientReply:client-C12DAE7A5037->3f4de2de-7d09-498f-aead-42327df81d94@group-C7908E81CC6B, cid=2039, SUCCESS, logIndex=2958, commits[3f4de2de-7d09-498f-aead-42327df81d94:c2959]
2019-08-05 04:37:58,778 INFO  client.GrpcClientProtocolClient (GrpcClientProtocolClient.java:onNext(255)) - client-C12DAE7A5037->3f4de2de-7d09-498f-aead-42327df81d94: receive RaftClientReply:client-C12DAE7A5037->3f4de2de-7d09-498f-aead-42327df81d94@group-C7908E81CC6B, cid=2040, SUCCESS, logIndex=2959, commits[3f4de2de-7d09-498f-aead-42327df81d94:c2959]
2019-08-05 04:37:58,807 INFO  client.GrpcClientProtocolClient (GrpcClientProtocolClient.java:onNext(255)) - client-C12DAE7A5037->3f4de2de-7d09-498f-aead-42327df81d94: receive RaftClientReply:client-C12DAE7A5037->3f4de2de-7d09-498f-aead-42327df81d94@group-C7908E81CC6B, cid=2041, SUCCESS, logIndex=2962, commits[3f4de2de-7d09-498f-aead-42327df81d94:c2963]
2019-08-05 04:37:58,808 INFO  client.GrpcClientProtocolClient (GrpcClientProtocolClient.java:onNext(255)) - client-C12DAE7A5037->3f4de2de-7d09-498f-aead-42327df81d94: receive RaftClientReply:client-C12DAE7A5037->3f4de2de-7d09-498f-aead-42327df81d94@group-C7908E81CC6B, cid=2042, SUCCESS, logIndex=2963, commits[3f4de2de-7d09-498f-aead-42327df81d94:c2965]
2019-08-05 04:37:58,808 INFO  client.GrpcClientProtocolClient (GrpcClientProtocolClient.java:onNext(255)) - client-C12DAE7A5037->3f4de2de-7d09-498f-aead-42327df81d94: receive RaftClientReply:client-C12DAE7A5037->3f4de2de-7d09-498f-aead-42327df81d94@group-C7908E81CC6B, cid=2043, SUCCESS, logIndex=2964, commits[3f4de2de-7d09-498f-aead-42327df81d94:c2966]
2019-08-05 04:37:58,808 INFO  client.GrpcClientProtocolClient (GrpcClientProtocolClient.java:onNext(255)) - client-C12DAE7A5037->3f4de2de-7d09-498f-aead-42327df81d94: receive RaftClientReply:client-C12DAE7A5037->3f4de2de-7d09-498f-aead-42327df81d94@group-C7908E81CC6B, cid=2044, SUCCESS, logIndex=2965, commits[3f4de2de-7d09-498f-aead-42327df81d94:c2966]
2019-08-05 04:37:58,828 INFO  client.GrpcClientProtocolClient (GrpcClientProtocolClient.java:onNext(255)) - client-C12DAE7A5037->3f4de2de-7d09-498f-aead-42327df81d94: receive RaftClientReply:client-C12DAE7A5037->3f4de2de-7d09-498f-aead-42327df81d94@group-C7908E81CC6B, cid=2045, SUCCESS, logIndex=2968, commits[3f4de2de-7d09-498f-aead-42327df81d94:c2969]
2019-08-05 04:37:58,828 INFO  client.GrpcClientProtocolClient (GrpcClientProtocolClient.java:onNext(255)) - client-C12DAE7A5037->3f4de2de-7d09-498f-aead-42327df81d94: receive RaftClientReply:client-C12DAE7A5037->3f4de2de-7d09-498f-aead-42327df81d94@group-C7908E81CC6B, cid=2046, SUCCESS, logIndex=2969, commits[3f4de2de-7d09-498f-aead-42327df81d94:c2971]
2019-08-05 04:37:58,828 INFO  client.GrpcClientProtocolClient (GrpcClientProtocolClient.java:onNext(255)) - client-C12DAE7A5037->3f4de2de-7d09-498f-aead-42327df81d94: receive RaftClientReply:client-C12DAE7A5037->3f4de2de-7d09-498f-aead-42327df81d94@group-C7908E81CC6B, cid=2047, SUCCESS, logIndex=2970, commits[3f4de2de-7d09-498f-aead-42327df81d94:c2972]
2019-08-05 04:37:58,829 INFO  client.GrpcClientProtocolClient (GrpcClientProtocolClient.java:onNext(255)) - client-C12DAE7A5037->3f4de2de-7d09-498f-aead-42327df81d94: receive RaftClientReply:client-C12DAE7A5037->3f4de2de-7d09-498f-aead-42327df81d94@group-C7908E81CC6B, cid=2048, SUCCESS, logIndex=2971, commits[3f4de2de-7d09-498f-aead-42327df81d94:c2972]
2019-08-05 04:37:58,842 DEBUG block.SCMBlockDeletingService (SCMBlockDeletingService.java:call(138)) - Running DeletedBlockTransactionScanner
2019-08-05 04:37:58,843 DEBUG block.SCMBlockDeletingService (SCMBlockDeletingService.java:call(155)) - Scanned deleted blocks log and got 0 delTX to process.
2019-08-05 04:37:58,859 INFO  client.GrpcClientProtocolClient (GrpcClientProtocolClient.java:onNext(255)) - client-C12DAE7A5037->3f4de2de-7d09-498f-aead-42327df81d94: receive RaftClientReply:client-C12DAE7A5037->3f4de2de-7d09-498f-aead-42327df81d94@group-C7908E81CC6B, cid=2049, SUCCESS, logIndex=2974, commits[3f4de2de-7d09-498f-aead-42327df81d94:c2975]
2019-08-05 04:37:58,860 INFO  client.GrpcClientProtocolClient (GrpcClientProtocolClient.java:onNext(255)) - client-C12DAE7A5037->3f4de2de-7d09-498f-aead-42327df81d94: receive RaftClientReply:client-C12DAE7A5037->3f4de2de-7d09-498f-aead-42327df81d94@group-C7908E81CC6B, cid=2050, SUCCESS, logIndex=2975, commits[3f4de2de-7d09-498f-aead-42327df81d94:c2977]
2019-08-05 04:37:58,860 INFO  client.GrpcClientProtocolClient (GrpcClientProtocolClient.java:onNext(255)) - client-C12DAE7A5037->3f4de2de-7d09-498f-aead-42327df81d94: receive RaftClientReply:client-C12DAE7A5037->3f4de2de-7d09-498f-aead-42327df81d94@group-C7908E81CC6B, cid=2051, SUCCESS, logIndex=2976, commits[3f4de2de-7d09-498f-aead-42327df81d94:c2978]
2019-08-05 04:37:58,861 INFO  client.GrpcClientProtocolClient (GrpcClientProtocolClient.java:onNext(255)) - client-C12DAE7A5037->3f4de2de-7d09-498f-aead-42327df81d94: receive RaftClientReply:client-C12DAE7A5037->3f4de2de-7d09-498f-aead-42327df81d94@group-C7908E81CC6B, cid=2052, SUCCESS, logIndex=2977, commits[3f4de2de-7d09-498f-aead-42327df81d94:c2978]
2019-08-05 04:37:58,880 INFO  client.GrpcClientProtocolClient (GrpcClientProtocolClient.java:onNext(255)) - client-C12DAE7A5037->3f4de2de-7d09-498f-aead-42327df81d94: receive RaftClientReply:client-C12DAE7A5037->3f4de2de-7d09-498f-aead-42327df81d94@group-C7908E81CC6B, cid=2053, SUCCESS, logIndex=2980, commits[3f4de2de-7d09-498f-aead-42327df81d94:c2981]
2019-08-05 04:37:58,880 INFO  client.GrpcClientProtocolClient (GrpcClientProtocolClient.java:onNext(255)) - client-C12DAE7A5037->3f4de2de-7d09-498f-aead-42327df81d94: receive RaftClientReply:client-C12DAE7A5037->3f4de2de-7d09-498f-aead-42327df81d94@group-C7908E81CC6B, cid=2054, SUCCESS, logIndex=2981, commits[3f4de2de-7d09-498f-aead-42327df81d94:c2983]
2019-08-05 04:37:58,881 INFO  client.GrpcClientProtocolClient (GrpcClientProtocolClient.java:onNext(255)) - client-C12DAE7A5037->3f4de2de-7d09-498f-aead-42327df81d94: receive RaftClientReply:client-C12DAE7A5037->3f4de2de-7d09-498f-aead-42327df81d94@group-C7908E81CC6B, cid=2055, SUCCESS, logIndex=2982, commits[3f4de2de-7d09-498f-aead-42327df81d94:c2984]
2019-08-05 04:37:58,881 INFO  client.GrpcClientProtocolClient (GrpcClientProtocolClient.java:onNext(255)) - client-C12DAE7A5037->3f4de2de-7d09-498f-aead-42327df81d94: receive RaftClientReply:client-C12DAE7A5037->3f4de2de-7d09-498f-aead-42327df81d94@group-C7908E81CC6B, cid=2056, SUCCESS, logIndex=2983, commits[3f4de2de-7d09-498f-aead-42327df81d94:c2984]
2019-08-05 04:37:58,911 INFO  client.GrpcClientProtocolClient (GrpcClientProtocolClient.java:onNext(255)) - client-C12DAE7A5037->3f4de2de-7d09-498f-aead-42327df81d94: receive RaftClientReply:client-C12DAE7A5037->3f4de2de-7d09-498f-aead-42327df81d94@group-C7908E81CC6B, cid=2057, SUCCESS, logIndex=2986, commits[3f4de2de-7d09-498f-aead-42327df81d94:c2989]
2019-08-05 04:37:58,912 INFO  client.GrpcClientProtocolClient (GrpcClientProtocolClient.java:onNext(255)) - client-C12DAE7A5037->3f4de2de-7d09-498f-aead-42327df81d94: receive RaftClientReply:client-C12DAE7A5037->3f4de2de-7d09-498f-aead-42327df81d94@group-C7908E81CC6B, cid=2058, SUCCESS, logIndex=2987, commits[3f4de2de-7d09-498f-aead-42327df81d94:c2989]
2019-08-05 04:37:58,912 INFO  client.GrpcClientProtocolClient (GrpcClientProtocolClient.java:onNext(255)) - client-C12DAE7A5037->3f4de2de-7d09-498f-aead-42327df81d94: receive RaftClientReply:client-C12DAE7A5037->3f4de2de-7d09-498f-aead-42327df81d94@group-C7908E81CC6B, cid=2059, SUCCESS, logIndex=2988, commits[3f4de2de-7d09-498f-aead-42327df81d94:c2990]
2019-08-05 04:37:58,912 INFO  client.GrpcClientProtocolClient (GrpcClientProtocolClient.java:onNext(255)) - client-C12DAE7A5037->3f4de2de-7d09-498f-aead-42327df81d94: receive RaftClientReply:client-C12DAE7A5037->3f4de2de-7d09-498f-aead-42327df81d94@group-C7908E81CC6B, cid=2060, SUCCESS, logIndex=2989, commits[3f4de2de-7d09-498f-aead-42327df81d94:c2991]
2019-08-05 04:37:58,933 INFO  client.GrpcClientProtocolClient (GrpcClientProtocolClient.java:onNext(255)) - client-C12DAE7A5037->3f4de2de-7d09-498f-aead-42327df81d94: receive RaftClientReply:client-C12DAE7A5037->3f4de2de-7d09-498f-aead-42327df81d94@group-C7908E81CC6B, cid=2061, SUCCESS, logIndex=2992, commits[3f4de2de-7d09-498f-aead-42327df81d94:c2993]
2019-08-05 04:37:58,933 INFO  client.GrpcClientProtocolClient (GrpcClientProtocolClient.java:onNext(255)) - client-C12DAE7A5037->3f4de2de-7d09-498f-aead-42327df81d94: receive RaftClientReply:client-C12DAE7A5037->3f4de2de-7d09-498f-aead-42327df81d94@group-C7908E81CC6B, cid=2062, SUCCESS, logIndex=2993, commits[3f4de2de-7d09-498f-aead-42327df81d94:c2995]
2019-08-05 04:37:58,934 INFO  client.GrpcClientProtocolClient (GrpcClientProtocolClient.java:onNext(255)) - client-C12DAE7A5037->3f4de2de-7d09-498f-aead-42327df81d94: receive RaftClientReply:client-C12DAE7A5037->3f4de2de-7d09-498f-aead-42327df81d94@group-C7908E81CC6B, cid=2063, SUCCESS, logIndex=2994, commits[3f4de2de-7d09-498f-aead-42327df81d94:c2996]
2019-08-05 04:37:58,934 INFO  client.GrpcClientProtocolClient (GrpcClientProtocolClient.java:onNext(255)) - client-C12DAE7A5037->3f4de2de-7d09-498f-aead-42327df81d94: receive RaftClientReply:client-C12DAE7A5037->3f4de2de-7d09-498f-aead-42327df81d94@group-C7908E81CC6B, cid=2064, SUCCESS, logIndex=2995, commits[3f4de2de-7d09-498f-aead-42327df81d94:c2997]
2019-08-05 04:37:58,943 DEBUG block.SCMBlockDeletingService (SCMBlockDeletingService.java:call(138)) - Running DeletedBlockTransactionScanner
2019-08-05 04:37:58,943 DEBUG block.SCMBlockDeletingService (SCMBlockDeletingService.java:call(155)) - Scanned deleted blocks log and got 0 delTX to process.
2019-08-05 04:37:58,964 INFO  client.GrpcClientProtocolClient (GrpcClientProtocolClient.java:onNext(255)) - client-C12DAE7A5037->3f4de2de-7d09-498f-aead-42327df81d94: receive RaftClientReply:client-C12DAE7A5037->3f4de2de-7d09-498f-aead-42327df81d94@group-C7908E81CC6B, cid=2065, SUCCESS, logIndex=2998, commits[3f4de2de-7d09-498f-aead-42327df81d94:c2999]
2019-08-05 04:37:58,965 INFO  client.GrpcClientProtocolClient (GrpcClientProtocolClient.java:onNext(255)) - client-C12DAE7A5037->3f4de2de-7d09-498f-aead-42327df81d94: receive RaftClientReply:client-C12DAE7A5037->3f4de2de-7d09-498f-aead-42327df81d94@group-C7908E81CC6B, cid=2066, SUCCESS, logIndex=2999, commits[3f4de2de-7d09-498f-aead-42327df81d94:c2999]
2019-08-05 04:37:58,966 INFO  client.GrpcClientProtocolClient (GrpcClientProtocolClient.java:onNext(255)) - client-C12DAE7A5037->3f4de2de-7d09-498f-aead-42327df81d94: receive RaftClientReply:client-C12DAE7A5037->3f4de2de-7d09-498f-aead-42327df81d94@group-C7908E81CC6B, cid=2067, SUCCESS, logIndex=3000, commits[3f4de2de-7d09-498f-aead-42327df81d94:c3001]
2019-08-05 04:37:58,967 INFO  client.GrpcClientProtocolClient (GrpcClientProtocolClient.java:onNext(255)) - client-C12DAE7A5037->3f4de2de-7d09-498f-aead-42327df81d94: receive RaftClientReply:client-C12DAE7A5037->3f4de2de-7d09-498f-aead-42327df81d94@group-C7908E81CC6B, cid=2068, SUCCESS, logIndex=3001, commits[3f4de2de-7d09-498f-aead-42327df81d94:c3001]
2019-08-05 04:37:58,979 INFO  client.GrpcClientProtocolClient (GrpcClientProtocolClient.java:onNext(255)) - client-C12DAE7A5037->3f4de2de-7d09-498f-aead-42327df81d94: receive RaftClientReply:client-C12DAE7A5037->3f4de2de-7d09-498f-aead-42327df81d94@group-C7908E81CC6B, cid=2069, SUCCESS, logIndex=3004, commits[3f4de2de-7d09-498f-aead-42327df81d94:c3005]
2019-08-05 04:37:58,980 INFO  client.GrpcClientProtocolClient (GrpcClientProtocolClient.java:onNext(255)) - client-C12DAE7A5037->3f4de2de-7d09-498f-aead-42327df81d94: receive RaftClientReply:client-C12DAE7A5037->3f4de2de-7d09-498f-aead-42327df81d94@group-C7908E81CC6B, cid=2070, SUCCESS, logIndex=3005, commits[3f4de2de-7d09-498f-aead-42327df81d94:c3005]
2019-08-05 04:37:58,992 INFO  client.GrpcClientProtocolClient (GrpcClientProtocolClient.java:onNext(255)) - client-C12DAE7A5037->3f4de2de-7d09-498f-aead-42327df81d94: receive RaftClientReply:client-C12DAE7A5037->3f4de2de-7d09-498f-aead-42327df81d94@group-C7908E81CC6B, cid=2071, SUCCESS, logIndex=3006, commits[3f4de2de-7d09-498f-aead-42327df81d94:c3008]
2019-08-05 04:37:58,992 INFO  client.GrpcClientProtocolClient (GrpcClientProtocolClient.java:onNext(255)) - client-C12DAE7A5037->3f4de2de-7d09-498f-aead-42327df81d94: receive RaftClientReply:client-C12DAE7A5037->3f4de2de-7d09-498f-aead-42327df81d94@group-C7908E81CC6B, cid=2072, SUCCESS, logIndex=3007, commits[3f4de2de-7d09-498f-aead-42327df81d94:c3008]
2019-08-05 04:37:59,013 INFO  client.GrpcClientProtocolClient (GrpcClientProtocolClient.java:onNext(255)) - client-C12DAE7A5037->3f4de2de-7d09-498f-aead-42327df81d94: receive RaftClientReply:client-C12DAE7A5037->3f4de2de-7d09-498f-aead-42327df81d94@group-C7908E81CC6B, cid=2073, SUCCESS, logIndex=3009, commits[3f4de2de-7d09-498f-aead-42327df81d94:c3010]
2019-08-05 04:37:59,014 INFO  client.GrpcClientProtocolClient (GrpcClientProtocolClient.java:onNext(255)) - client-C12DAE7A5037->3f4de2de-7d09-498f-aead-42327df81d94: receive RaftClientReply:client-C12DAE7A5037->3f4de2de-7d09-498f-aead-42327df81d94@group-C7908E81CC6B, cid=2074, SUCCESS, logIndex=3010, commits[3f4de2de-7d09-498f-aead-42327df81d94:c3010]
2019-08-05 04:37:59,037 INFO  client.GrpcClientProtocolClient (GrpcClientProtocolClient.java:onNext(255)) - client-C12DAE7A5037->3f4de2de-7d09-498f-aead-42327df81d94: receive RaftClientReply:client-C12DAE7A5037->3f4de2de-7d09-498f-aead-42327df81d94@group-C7908E81CC6B, cid=2075, SUCCESS, logIndex=3011, commits[3f4de2de-7d09-498f-aead-42327df81d94:c3013]
2019-08-05 04:37:59,037 INFO  client.GrpcClientProtocolClient (GrpcClientProtocolClient.java:onNext(255)) - client-C12DAE7A5037->3f4de2de-7d09-498f-aead-42327df81d94: receive RaftClientReply:client-C12DAE7A5037->3f4de2de-7d09-498f-aead-42327df81d94@group-C7908E81CC6B, cid=2076, SUCCESS, logIndex=3012, commits[3f4de2de-7d09-498f-aead-42327df81d94:c3013]
2019-08-05 04:37:59,108 DEBUG block.SCMBlockDeletingService (SCMBlockDeletingService.java:call(138)) - Running DeletedBlockTransactionScanner
2019-08-05 04:37:59,109 DEBUG block.SCMBlockDeletingService (SCMBlockDeletingService.java:call(155)) - Scanned deleted blocks log and got 0 delTX to process.
2019-08-05 04:37:59,209 DEBUG block.SCMBlockDeletingService (SCMBlockDeletingService.java:call(138)) - Running DeletedBlockTransactionScanner
2019-08-05 04:37:59,209 DEBUG block.SCMBlockDeletingService (SCMBlockDeletingService.java:call(155)) - Scanned deleted blocks log and got 0 delTX to process.
2019-08-05 04:37:59,246 INFO  client.GrpcClientProtocolClient (GrpcClientProtocolClient.java:onNext(255)) - client-C12DAE7A5037->3f4de2de-7d09-498f-aead-42327df81d94: receive RaftClientReply:client-C12DAE7A5037->3f4de2de-7d09-498f-aead-42327df81d94@group-C7908E81CC6B, cid=2077, SUCCESS, logIndex=3014, commits[3f4de2de-7d09-498f-aead-42327df81d94:c3017]
2019-08-05 04:37:59,246 INFO  client.GrpcClientProtocolClient (GrpcClientProtocolClient.java:onNext(255)) - client-C12DAE7A5037->3f4de2de-7d09-498f-aead-42327df81d94: receive RaftClientReply:client-C12DAE7A5037->3f4de2de-7d09-498f-aead-42327df81d94@group-C7908E81CC6B, cid=2078, SUCCESS, logIndex=3015, commits[3f4de2de-7d09-498f-aead-42327df81d94:c3018]
2019-08-05 04:37:59,247 INFO  client.GrpcClientProtocolClient (GrpcClientProtocolClient.java:onNext(255)) - client-C12DAE7A5037->3f4de2de-7d09-498f-aead-42327df81d94: receive RaftClientReply:client-C12DAE7A5037->3f4de2de-7d09-498f-aead-42327df81d94@group-C7908E81CC6B, cid=2079, SUCCESS, logIndex=3016, commits[3f4de2de-7d09-498f-aead-42327df81d94:c3018]
2019-08-05 04:37:59,247 INFO  client.GrpcClientProtocolClient (GrpcClientProtocolClient.java:onNext(255)) - client-C12DAE7A5037->3f4de2de-7d09-498f-aead-42327df81d94: receive RaftClientReply:client-C12DAE7A5037->3f4de2de-7d09-498f-aead-42327df81d94@group-C7908E81CC6B, cid=2080, SUCCESS, logIndex=3017, commits[3f4de2de-7d09-498f-aead-42327df81d94:c3018]
2019-08-05 04:37:59,275 INFO  client.GrpcClientProtocolClient (GrpcClientProtocolClient.java:onNext(255)) - client-C12DAE7A5037->3f4de2de-7d09-498f-aead-42327df81d94: receive RaftClientReply:client-C12DAE7A5037->3f4de2de-7d09-498f-aead-42327df81d94@group-C7908E81CC6B, cid=2081, SUCCESS, logIndex=3019, commits[3f4de2de-7d09-498f-aead-42327df81d94:c3020]
2019-08-05 04:37:59,276 INFO  client.GrpcClientProtocolClient (GrpcClientProtocolClient.java:onNext(255)) - client-C12DAE7A5037->3f4de2de-7d09-498f-aead-42327df81d94: receive RaftClientReply:client-C12DAE7A5037->3f4de2de-7d09-498f-aead-42327df81d94@group-C7908E81CC6B, cid=2082, SUCCESS, logIndex=3020, commits[3f4de2de-7d09-498f-aead-42327df81d94:c3020]
2019-08-05 04:37:59,277 INFO  client.GrpcClientProtocolClient (GrpcClientProtocolClient.java:onNext(255)) - client-C12DAE7A5037->3f4de2de-7d09-498f-aead-42327df81d94: receive RaftClientReply:client-C12DAE7A5037->3f4de2de-7d09-498f-aead-42327df81d94@group-C7908E81CC6B, cid=2083, SUCCESS, logIndex=3021, commits[3f4de2de-7d09-498f-aead-42327df81d94:c3022]
2019-08-05 04:37:59,277 INFO  client.GrpcClientProtocolClient (GrpcClientProtocolClient.java:onNext(255)) - client-C12DAE7A5037->3f4de2de-7d09-498f-aead-42327df81d94: receive RaftClientReply:client-C12DAE7A5037->3f4de2de-7d09-498f-aead-42327df81d94@group-C7908E81CC6B, cid=2084, SUCCESS, logIndex=3022, commits[3f4de2de-7d09-498f-aead-42327df81d94:c3022]
2019-08-05 04:37:59,290 INFO  client.GrpcClientProtocolClient (GrpcClientProtocolClient.java:onNext(255)) - client-C12DAE7A5037->3f4de2de-7d09-498f-aead-42327df81d94: receive RaftClientReply:client-C12DAE7A5037->3f4de2de-7d09-498f-aead-42327df81d94@group-C7908E81CC6B, cid=2085, SUCCESS, logIndex=3025, commits[3f4de2de-7d09-498f-aead-42327df81d94:c3028]
2019-08-05 04:37:59,290 INFO  client.GrpcClientProtocolClient (GrpcClientProtocolClient.java:onNext(255)) - client-C12DAE7A5037->3f4de2de-7d09-498f-aead-42327df81d94: receive RaftClientReply:client-C12DAE7A5037->3f4de2de-7d09-498f-aead-42327df81d94@group-C7908E81CC6B, cid=2086, SUCCESS, logIndex=3026, commits[3f4de2de-7d09-498f-aead-42327df81d94:c3028]
2019-08-05 04:37:59,291 INFO  client.GrpcClientProtocolClient (GrpcClientProtocolClient.java:onNext(255)) - client-C12DAE7A5037->3f4de2de-7d09-498f-aead-42327df81d94: receive RaftClientReply:client-C12DAE7A5037->3f4de2de-7d09-498f-aead-42327df81d94@group-C7908E81CC6B, cid=2087, SUCCESS, logIndex=3027, commits[3f4de2de-7d09-498f-aead-42327df81d94:c3028]
2019-08-05 04:37:59,291 INFO  client.GrpcClientProtocolClient (GrpcClientProtocolClient.java:onNext(255)) - client-C12DAE7A5037->3f4de2de-7d09-498f-aead-42327df81d94: receive RaftClientReply:client-C12DAE7A5037->3f4de2de-7d09-498f-aead-42327df81d94@group-C7908E81CC6B, cid=2088, SUCCESS, logIndex=3028, commits[3f4de2de-7d09-498f-aead-42327df81d94:c3028]
2019-08-05 04:37:59,310 DEBUG block.SCMBlockDeletingService (SCMBlockDeletingService.java:call(138)) - Running DeletedBlockTransactionScanner
2019-08-05 04:37:59,310 DEBUG block.SCMBlockDeletingService (SCMBlockDeletingService.java:call(155)) - Scanned deleted blocks log and got 0 delTX to process.
2019-08-05 04:37:59,316 INFO  client.GrpcClientProtocolClient (GrpcClientProtocolClient.java:onNext(255)) - client-C12DAE7A5037->3f4de2de-7d09-498f-aead-42327df81d94: receive RaftClientReply:client-C12DAE7A5037->3f4de2de-7d09-498f-aead-42327df81d94@group-C7908E81CC6B, cid=2089, SUCCESS, logIndex=3030, commits[3f4de2de-7d09-498f-aead-42327df81d94:c3033]
2019-08-05 04:37:59,316 INFO  client.GrpcClientProtocolClient (GrpcClientProtocolClient.java:onNext(255)) - client-C12DAE7A5037->3f4de2de-7d09-498f-aead-42327df81d94: receive RaftClientReply:client-C12DAE7A5037->3f4de2de-7d09-498f-aead-42327df81d94@group-C7908E81CC6B, cid=2090, SUCCESS, logIndex=3031, commits[3f4de2de-7d09-498f-aead-42327df81d94:c3034]
2019-08-05 04:37:59,317 INFO  client.GrpcClientProtocolClient (GrpcClientProtocolClient.java:onNext(255)) - client-C12DAE7A5037->3f4de2de-7d09-498f-aead-42327df81d94: receive RaftClientReply:client-C12DAE7A5037->3f4de2de-7d09-498f-aead-42327df81d94@group-C7908E81CC6B, cid=2091, SUCCESS, logIndex=3032, commits[3f4de2de-7d09-498f-aead-42327df81d94:c3034]
2019-08-05 04:37:59,317 INFO  client.GrpcClientProtocolClient (GrpcClientProtocolClient.java:onNext(255)) - client-C12DAE7A5037->3f4de2de-7d09-498f-aead-42327df81d94: receive RaftClientReply:client-C12DAE7A5037->3f4de2de-7d09-498f-aead-42327df81d94@group-C7908E81CC6B, cid=2092, SUCCESS, logIndex=3033, commits[3f4de2de-7d09-498f-aead-42327df81d94:c3034]
2019-08-05 04:37:59,338 INFO  client.GrpcClientProtocolClient (GrpcClientProtocolClient.java:onNext(255)) - client-C12DAE7A5037->3f4de2de-7d09-498f-aead-42327df81d94: receive RaftClientReply:client-C12DAE7A5037->3f4de2de-7d09-498f-aead-42327df81d94@group-C7908E81CC6B, cid=2093, SUCCESS, logIndex=3035, commits[3f4de2de-7d09-498f-aead-42327df81d94:c3038]
2019-08-05 04:37:59,339 INFO  client.GrpcClientProtocolClient (GrpcClientProtocolClient.java:onNext(255)) - client-C12DAE7A5037->3f4de2de-7d09-498f-aead-42327df81d94: receive RaftClientReply:client-C12DAE7A5037->3f4de2de-7d09-498f-aead-42327df81d94@group-C7908E81CC6B, cid=2094, SUCCESS, logIndex=3036, commits[3f4de2de-7d09-498f-aead-42327df81d94:c3039]
2019-08-05 04:37:59,339 INFO  client.GrpcClientProtocolClient (GrpcClientProtocolClient.java:onNext(255)) - client-C12DAE7A5037->3f4de2de-7d09-498f-aead-42327df81d94: receive RaftClientReply:client-C12DAE7A5037->3f4de2de-7d09-498f-aead-42327df81d94@group-C7908E81CC6B, cid=2095, SUCCESS, logIndex=3037, commits[3f4de2de-7d09-498f-aead-42327df81d94:c3039]
2019-08-05 04:37:59,339 INFO  client.GrpcClientProtocolClient (GrpcClientProtocolClient.java:onNext(255)) - client-C12DAE7A5037->3f4de2de-7d09-498f-aead-42327df81d94: receive RaftClientReply:client-C12DAE7A5037->3f4de2de-7d09-498f-aead-42327df81d94@group-C7908E81CC6B, cid=2096, SUCCESS, logIndex=3038, commits[3f4de2de-7d09-498f-aead-42327df81d94:c3039]
2019-08-05 04:37:59,367 INFO  client.GrpcClientProtocolClient (GrpcClientProtocolClient.java:onNext(255)) - client-C12DAE7A5037->3f4de2de-7d09-498f-aead-42327df81d94: receive RaftClientReply:client-C12DAE7A5037->3f4de2de-7d09-498f-aead-42327df81d94@group-C7908E81CC6B, cid=2097, SUCCESS, logIndex=3040, commits[3f4de2de-7d09-498f-aead-42327df81d94:c3041]
2019-08-05 04:37:59,368 INFO  client.GrpcClientProtocolClient (GrpcClientProtocolClient.java:onNext(255)) - client-C12DAE7A5037->3f4de2de-7d09-498f-aead-42327df81d94: receive RaftClientReply:client-C12DAE7A5037->3f4de2de-7d09-498f-aead-42327df81d94@group-C7908E81CC6B, cid=2098, SUCCESS, logIndex=3041, commits[3f4de2de-7d09-498f-aead-42327df81d94:c3041]
2019-08-05 04:37:59,376 INFO  client.GrpcClientProtocolClient (GrpcClientProtocolClient.java:onNext(255)) - client-C12DAE7A5037->3f4de2de-7d09-498f-aead-42327df81d94: receive RaftClientReply:client-C12DAE7A5037->3f4de2de-7d09-498f-aead-42327df81d94@group-C7908E81CC6B, cid=2099, SUCCESS, logIndex=3042, commits[3f4de2de-7d09-498f-aead-42327df81d94:c3043]
2019-08-05 04:37:59,377 INFO  client.GrpcClientProtocolClient (GrpcClientProtocolClient.java:onNext(255)) - client-C12DAE7A5037->3f4de2de-7d09-498f-aead-42327df81d94: receive RaftClientReply:client-C12DAE7A5037->3f4de2de-7d09-498f-aead-42327df81d94@group-C7908E81CC6B, cid=2100, SUCCESS, logIndex=3043, commits[3f4de2de-7d09-498f-aead-42327df81d94:c3043]
2019-08-05 04:37:59,397 INFO  client.GrpcClientProtocolClient (GrpcClientProtocolClient.java:onNext(255)) - client-C12DAE7A5037->3f4de2de-7d09-498f-aead-42327df81d94: receive RaftClientReply:client-C12DAE7A5037->3f4de2de-7d09-498f-aead-42327df81d94@group-C7908E81CC6B, cid=2101, SUCCESS, logIndex=3046, commits[3f4de2de-7d09-498f-aead-42327df81d94:c3047]
2019-08-05 04:37:59,398 INFO  client.GrpcClientProtocolClient (GrpcClientProtocolClient.java:onNext(255)) - client-C12DAE7A5037->3f4de2de-7d09-498f-aead-42327df81d94: receive RaftClientReply:client-C12DAE7A5037->3f4de2de-7d09-498f-aead-42327df81d94@group-C7908E81CC6B, cid=2102, SUCCESS, logIndex=3047, commits[3f4de2de-7d09-498f-aead-42327df81d94:c3047]
2019-08-05 04:37:59,399 INFO  client.GrpcClientProtocolClient (GrpcClientProtocolClient.java:onNext(255)) - client-C12DAE7A5037->3f4de2de-7d09-498f-aead-42327df81d94: receive RaftClientReply:client-C12DAE7A5037->3f4de2de-7d09-498f-aead-42327df81d94@group-C7908E81CC6B, cid=2103, SUCCESS, logIndex=3048, commits[3f4de2de-7d09-498f-aead-42327df81d94:c3049]
2019-08-05 04:37:59,400 INFO  client.GrpcClientProtocolClient (GrpcClientProtocolClient.java:onNext(255)) - client-C12DAE7A5037->3f4de2de-7d09-498f-aead-42327df81d94: receive RaftClientReply:client-C12DAE7A5037->3f4de2de-7d09-498f-aead-42327df81d94@group-C7908E81CC6B, cid=2104, SUCCESS, logIndex=3049, commits[3f4de2de-7d09-498f-aead-42327df81d94:c3049]
2019-08-05 04:37:59,411 DEBUG block.SCMBlockDeletingService (SCMBlockDeletingService.java:call(138)) - Running DeletedBlockTransactionScanner
2019-08-05 04:37:59,411 DEBUG block.SCMBlockDeletingService (SCMBlockDeletingService.java:call(155)) - Scanned deleted blocks log and got 0 delTX to process.
2019-08-05 04:37:59,431 INFO  client.GrpcClientProtocolClient (GrpcClientProtocolClient.java:onNext(255)) - client-C12DAE7A5037->3f4de2de-7d09-498f-aead-42327df81d94: receive RaftClientReply:client-C12DAE7A5037->3f4de2de-7d09-498f-aead-42327df81d94@group-C7908E81CC6B, cid=2105, SUCCESS, logIndex=3052, commits[3f4de2de-7d09-498f-aead-42327df81d94:c3053]
2019-08-05 04:37:59,431 INFO  client.GrpcClientProtocolClient (GrpcClientProtocolClient.java:onNext(255)) - client-C12DAE7A5037->3f4de2de-7d09-498f-aead-42327df81d94: receive RaftClientReply:client-C12DAE7A5037->3f4de2de-7d09-498f-aead-42327df81d94@group-C7908E81CC6B, cid=2106, SUCCESS, logIndex=3053, commits[3f4de2de-7d09-498f-aead-42327df81d94:c3053]
2019-08-05 04:37:59,433 INFO  client.GrpcClientProtocolClient (GrpcClientProtocolClient.java:onNext(255)) - client-C12DAE7A5037->3f4de2de-7d09-498f-aead-42327df81d94: receive RaftClientReply:client-C12DAE7A5037->3f4de2de-7d09-498f-aead-42327df81d94@group-C7908E81CC6B, cid=2107, SUCCESS, logIndex=3054, commits[3f4de2de-7d09-498f-aead-42327df81d94:c3055]
2019-08-05 04:37:59,433 INFO  client.GrpcClientProtocolClient (GrpcClientProtocolClient.java:onNext(255)) - client-C12DAE7A5037->3f4de2de-7d09-498f-aead-42327df81d94: receive RaftClientReply:client-C12DAE7A5037->3f4de2de-7d09-498f-aead-42327df81d94@group-C7908E81CC6B, cid=2108, SUCCESS, logIndex=3055, commits[3f4de2de-7d09-498f-aead-42327df81d94:c3055]
2019-08-05 04:37:59,454 INFO  client.GrpcClientProtocolClient (GrpcClientProtocolClient.java:onNext(255)) - client-C12DAE7A5037->3f4de2de-7d09-498f-aead-42327df81d94: receive RaftClientReply:client-C12DAE7A5037->3f4de2de-7d09-498f-aead-42327df81d94@group-C7908E81CC6B, cid=2109, SUCCESS, logIndex=3058, commits[3f4de2de-7d09-498f-aead-42327df81d94:c3059]
2019-08-05 04:37:59,455 INFO  client.GrpcClientProtocolClient (GrpcClientProtocolClient.java:onNext(255)) - client-C12DAE7A5037->3f4de2de-7d09-498f-aead-42327df81d94: receive RaftClientReply:client-C12DAE7A5037->3f4de2de-7d09-498f-aead-42327df81d94@group-C7908E81CC6B, cid=2110, SUCCESS, logIndex=3059, commits[3f4de2de-7d09-498f-aead-42327df81d94:c3061]
2019-08-05 04:37:59,455 INFO  client.GrpcClientProtocolClient (GrpcClientProtocolClient.java:onNext(255)) - client-C12DAE7A5037->3f4de2de-7d09-498f-aead-42327df81d94: receive RaftClientReply:client-C12DAE7A5037->3f4de2de-7d09-498f-aead-42327df81d94@group-C7908E81CC6B, cid=2111, SUCCESS, logIndex=3060, commits[3f4de2de-7d09-498f-aead-42327df81d94:c3061]
2019-08-05 04:37:59,456 INFO  client.GrpcClientProtocolClient (GrpcClientProtocolClient.java:onNext(255)) - client-C12DAE7A5037->3f4de2de-7d09-498f-aead-42327df81d94: receive RaftClientReply:client-C12DAE7A5037->3f4de2de-7d09-498f-aead-42327df81d94@group-C7908E81CC6B, cid=2112, SUCCESS, logIndex=3061, commits[3f4de2de-7d09-498f-aead-42327df81d94:c3062]
2019-08-05 04:37:59,488 INFO  client.GrpcClientProtocolClient (GrpcClientProtocolClient.java:onNext(255)) - client-C12DAE7A5037->3f4de2de-7d09-498f-aead-42327df81d94: receive RaftClientReply:client-C12DAE7A5037->3f4de2de-7d09-498f-aead-42327df81d94@group-C7908E81CC6B, cid=2113, SUCCESS, logIndex=3064, commits[3f4de2de-7d09-498f-aead-42327df81d94:c3067]
2019-08-05 04:37:59,489 INFO  client.GrpcClientProtocolClient (GrpcClientProtocolClient.java:onNext(255)) - client-C12DAE7A5037->3f4de2de-7d09-498f-aead-42327df81d94: receive RaftClientReply:client-C12DAE7A5037->3f4de2de-7d09-498f-aead-42327df81d94@group-C7908E81CC6B, cid=2114, SUCCESS, logIndex=3065, commits[3f4de2de-7d09-498f-aead-42327df81d94:c3068]
2019-08-05 04:37:59,489 INFO  client.GrpcClientProtocolClient (GrpcClientProtocolClient.java:onNext(255)) - client-C12DAE7A5037->3f4de2de-7d09-498f-aead-42327df81d94: receive RaftClientReply:client-C12DAE7A5037->3f4de2de-7d09-498f-aead-42327df81d94@group-C7908E81CC6B, cid=2115, SUCCESS, logIndex=3066, commits[3f4de2de-7d09-498f-aead-42327df81d94:c3068]
2019-08-05 04:37:59,490 INFO  client.GrpcClientProtocolClient (GrpcClientProtocolClient.java:onNext(255)) - client-C12DAE7A5037->3f4de2de-7d09-498f-aead-42327df81d94: receive RaftClientReply:client-C12DAE7A5037->3f4de2de-7d09-498f-aead-42327df81d94@group-C7908E81CC6B, cid=2116, SUCCESS, logIndex=3067, commits[3f4de2de-7d09-498f-aead-42327df81d94:c3068]
2019-08-05 04:37:59,510 INFO  client.GrpcClientProtocolClient (GrpcClientProtocolClient.java:onNext(255)) - client-C12DAE7A5037->3f4de2de-7d09-498f-aead-42327df81d94: receive RaftClientReply:client-C12DAE7A5037->3f4de2de-7d09-498f-aead-42327df81d94@group-C7908E81CC6B, cid=2117, SUCCESS, logIndex=3069, commits[3f4de2de-7d09-498f-aead-42327df81d94:c3070]
2019-08-05 04:37:59,511 INFO  client.GrpcClientProtocolClient (GrpcClientProtocolClient.java:onNext(255)) - client-C12DAE7A5037->3f4de2de-7d09-498f-aead-42327df81d94: receive RaftClientReply:client-C12DAE7A5037->3f4de2de-7d09-498f-aead-42327df81d94@group-C7908E81CC6B, cid=2118, SUCCESS, logIndex=3070, commits[3f4de2de-7d09-498f-aead-42327df81d94:c3072]
2019-08-05 04:37:59,511 INFO  client.GrpcClientProtocolClient (GrpcClientProtocolClient.java:onNext(255)) - client-C12DAE7A5037->3f4de2de-7d09-498f-aead-42327df81d94: receive RaftClientReply:client-C12DAE7A5037->3f4de2de-7d09-498f-aead-42327df81d94@group-C7908E81CC6B, cid=2119, SUCCESS, logIndex=3071, commits[3f4de2de-7d09-498f-aead-42327df81d94:c3073]
2019-08-05 04:37:59,511 INFO  client.GrpcClientProtocolClient (GrpcClientProtocolClient.java:onNext(255)) - client-C12DAE7A5037->3f4de2de-7d09-498f-aead-42327df81d94: receive RaftClientReply:client-C12DAE7A5037->3f4de2de-7d09-498f-aead-42327df81d94@group-C7908E81CC6B, cid=2120, SUCCESS, logIndex=3072, commits[3f4de2de-7d09-498f-aead-42327df81d94:c3073]
2019-08-05 04:37:59,511 DEBUG block.SCMBlockDeletingService (SCMBlockDeletingService.java:call(138)) - Running DeletedBlockTransactionScanner
2019-08-05 04:37:59,512 DEBUG block.SCMBlockDeletingService (SCMBlockDeletingService.java:call(155)) - Scanned deleted blocks log and got 0 delTX to process.
2019-08-05 04:37:59,612 DEBUG block.SCMBlockDeletingService (SCMBlockDeletingService.java:call(138)) - Running DeletedBlockTransactionScanner
2019-08-05 04:37:59,613 DEBUG block.SCMBlockDeletingService (SCMBlockDeletingService.java:call(155)) - Scanned deleted blocks log and got 0 delTX to process.
2019-08-05 04:37:59,635 INFO  client.GrpcClientProtocolClient (GrpcClientProtocolClient.java:onNext(255)) - client-C12DAE7A5037->3f4de2de-7d09-498f-aead-42327df81d94: receive RaftClientReply:client-C12DAE7A5037->3f4de2de-7d09-498f-aead-42327df81d94@group-C7908E81CC6B, cid=2121, SUCCESS, logIndex=3075, commits[3f4de2de-7d09-498f-aead-42327df81d94:c3076]
2019-08-05 04:37:59,636 INFO  client.GrpcClientProtocolClient (GrpcClientProtocolClient.java:onNext(255)) - client-C12DAE7A5037->3f4de2de-7d09-498f-aead-42327df81d94: receive RaftClientReply:client-C12DAE7A5037->3f4de2de-7d09-498f-aead-42327df81d94@group-C7908E81CC6B, cid=2122, SUCCESS, logIndex=3076, commits[3f4de2de-7d09-498f-aead-42327df81d94:c3076]
2019-08-05 04:37:59,647 INFO  client.GrpcClientProtocolClient (GrpcClientProtocolClient.java:onNext(255)) - client-C12DAE7A5037->3f4de2de-7d09-498f-aead-42327df81d94: receive RaftClientReply:client-C12DAE7A5037->3f4de2de-7d09-498f-aead-42327df81d94@group-C7908E81CC6B, cid=2123, SUCCESS, logIndex=3077, commits[3f4de2de-7d09-498f-aead-42327df81d94:c3079]
2019-08-05 04:37:59,647 INFO  client.GrpcClientProtocolClient (GrpcClientProtocolClient.java:onNext(255)) - client-C12DAE7A5037->3f4de2de-7d09-498f-aead-42327df81d94: receive RaftClientReply:client-C12DAE7A5037->3f4de2de-7d09-498f-aead-42327df81d94@group-C7908E81CC6B, cid=2124, SUCCESS, logIndex=3078, commits[3f4de2de-7d09-498f-aead-42327df81d94:c3079]
2019-08-05 04:37:59,669 INFO  client.GrpcClientProtocolClient (GrpcClientProtocolClient.java:onNext(255)) - client-C12DAE7A5037->3f4de2de-7d09-498f-aead-42327df81d94: receive RaftClientReply:client-C12DAE7A5037->3f4de2de-7d09-498f-aead-42327df81d94@group-C7908E81CC6B, cid=2125, SUCCESS, logIndex=3080, commits[3f4de2de-7d09-498f-aead-42327df81d94:c3081]
2019-08-05 04:37:59,669 INFO  client.GrpcClientProtocolClient (GrpcClientProtocolClient.java:onNext(255)) - client-C12DAE7A5037->3f4de2de-7d09-498f-aead-42327df81d94: receive RaftClientReply:client-C12DAE7A5037->3f4de2de-7d09-498f-aead-42327df81d94@group-C7908E81CC6B, cid=2126, SUCCESS, logIndex=3081, commits[3f4de2de-7d09-498f-aead-42327df81d94:c3083]
2019-08-05 04:37:59,670 INFO  client.GrpcClientProtocolClient (GrpcClientProtocolClient.java:onNext(255)) - client-C12DAE7A5037->3f4de2de-7d09-498f-aead-42327df81d94: receive RaftClientReply:client-C12DAE7A5037->3f4de2de-7d09-498f-aead-42327df81d94@group-C7908E81CC6B, cid=2127, SUCCESS, logIndex=3082, commits[3f4de2de-7d09-498f-aead-42327df81d94:c3084]
2019-08-05 04:37:59,670 INFO  client.GrpcClientProtocolClient (GrpcClientProtocolClient.java:onNext(255)) - client-C12DAE7A5037->3f4de2de-7d09-498f-aead-42327df81d94: receive RaftClientReply:client-C12DAE7A5037->3f4de2de-7d09-498f-aead-42327df81d94@group-C7908E81CC6B, cid=2128, SUCCESS, logIndex=3083, commits[3f4de2de-7d09-498f-aead-42327df81d94:c3084]
2019-08-05 04:37:59,697 INFO  client.GrpcClientProtocolClient (GrpcClientProtocolClient.java:onNext(255)) - client-C12DAE7A5037->3f4de2de-7d09-498f-aead-42327df81d94: receive RaftClientReply:client-C12DAE7A5037->3f4de2de-7d09-498f-aead-42327df81d94@group-C7908E81CC6B, cid=2129, SUCCESS, logIndex=3086, commits[3f4de2de-7d09-498f-aead-42327df81d94:c3087]
2019-08-05 04:37:59,698 INFO  client.GrpcClientProtocolClient (GrpcClientProtocolClient.java:onNext(255)) - client-C12DAE7A5037->3f4de2de-7d09-498f-aead-42327df81d94: receive RaftClientReply:client-C12DAE7A5037->3f4de2de-7d09-498f-aead-42327df81d94@group-C7908E81CC6B, cid=2130, SUCCESS, logIndex=3087, commits[3f4de2de-7d09-498f-aead-42327df81d94:c3087]
2019-08-05 04:37:59,698 INFO  client.GrpcClientProtocolClient (GrpcClientProtocolClient.java:onNext(255)) - client-C12DAE7A5037->3f4de2de-7d09-498f-aead-42327df81d94: receive RaftClientReply:client-C12DAE7A5037->3f4de2de-7d09-498f-aead-42327df81d94@group-C7908E81CC6B, cid=2131, SUCCESS, logIndex=3088, commits[3f4de2de-7d09-498f-aead-42327df81d94:c3089]
2019-08-05 04:37:59,699 INFO  client.GrpcClientProtocolClient (GrpcClientProtocolClient.java:onNext(255)) - client-C12DAE7A5037->3f4de2de-7d09-498f-aead-42327df81d94: receive RaftClientReply:client-C12DAE7A5037->3f4de2de-7d09-498f-aead-42327df81d94@group-C7908E81CC6B, cid=2132, SUCCESS, logIndex=3089, commits[3f4de2de-7d09-498f-aead-42327df81d94:c3089]
2019-08-05 04:37:59,713 DEBUG block.SCMBlockDeletingService (SCMBlockDeletingService.java:call(138)) - Running DeletedBlockTransactionScanner
2019-08-05 04:37:59,713 DEBUG block.SCMBlockDeletingService (SCMBlockDeletingService.java:call(155)) - Scanned deleted blocks log and got 0 delTX to process.
2019-08-05 04:37:59,723 INFO  client.GrpcClientProtocolClient (GrpcClientProtocolClient.java:onNext(255)) - client-C12DAE7A5037->3f4de2de-7d09-498f-aead-42327df81d94: receive RaftClientReply:client-C12DAE7A5037->3f4de2de-7d09-498f-aead-42327df81d94@group-C7908E81CC6B, cid=2133, SUCCESS, logIndex=3092, commits[3f4de2de-7d09-498f-aead-42327df81d94:c3095]
2019-08-05 04:37:59,724 INFO  client.GrpcClientProtocolClient (GrpcClientProtocolClient.java:onNext(255)) - client-C12DAE7A5037->3f4de2de-7d09-498f-aead-42327df81d94: receive RaftClientReply:client-C12DAE7A5037->3f4de2de-7d09-498f-aead-42327df81d94@group-C7908E81CC6B, cid=2134, SUCCESS, logIndex=3093, commits[3f4de2de-7d09-498f-aead-42327df81d94:c3096]
2019-08-05 04:37:59,724 INFO  client.GrpcClientProtocolClient (GrpcClientProtocolClient.java:onNext(255)) - client-C12DAE7A5037->3f4de2de-7d09-498f-aead-42327df81d94: receive RaftClientReply:client-C12DAE7A5037->3f4de2de-7d09-498f-aead-42327df81d94@group-C7908E81CC6B, cid=2135, SUCCESS, logIndex=3094, commits[3f4de2de-7d09-498f-aead-42327df81d94:c3096]
2019-08-05 04:37:59,725 INFO  client.GrpcClientProtocolClient (GrpcClientProtocolClient.java:onNext(255)) - client-C12DAE7A5037->3f4de2de-7d09-498f-aead-42327df81d94: receive RaftClientReply:client-C12DAE7A5037->3f4de2de-7d09-498f-aead-42327df81d94@group-C7908E81CC6B, cid=2136, SUCCESS, logIndex=3095, commits[3f4de2de-7d09-498f-aead-42327df81d94:c3096]
2019-08-05 04:37:59,757 INFO  client.GrpcClientProtocolClient (GrpcClientProtocolClient.java:onNext(255)) - client-C12DAE7A5037->3f4de2de-7d09-498f-aead-42327df81d94: receive RaftClientReply:client-C12DAE7A5037->3f4de2de-7d09-498f-aead-42327df81d94@group-C7908E81CC6B, cid=2137, SUCCESS, logIndex=3097, commits[3f4de2de-7d09-498f-aead-42327df81d94:c3098]
2019-08-05 04:37:59,758 INFO  client.GrpcClientProtocolClient (GrpcClientProtocolClient.java:onNext(255)) - client-C12DAE7A5037->3f4de2de-7d09-498f-aead-42327df81d94: receive RaftClientReply:client-C12DAE7A5037->3f4de2de-7d09-498f-aead-42327df81d94@group-C7908E81CC6B, cid=2138, SUCCESS, logIndex=3098, commits[3f4de2de-7d09-498f-aead-42327df81d94:c3098]
2019-08-05 04:37:59,758 INFO  client.GrpcClientProtocolClient (GrpcClientProtocolClient.java:onNext(255)) - client-C12DAE7A5037->3f4de2de-7d09-498f-aead-42327df81d94: receive RaftClientReply:client-C12DAE7A5037->3f4de2de-7d09-498f-aead-42327df81d94@group-C7908E81CC6B, cid=2139, SUCCESS, logIndex=3099, commits[3f4de2de-7d09-498f-aead-42327df81d94:c3100]
2019-08-05 04:37:59,758 INFO  client.GrpcClientProtocolClient (GrpcClientProtocolClient.java:onNext(255)) - client-C12DAE7A5037->3f4de2de-7d09-498f-aead-42327df81d94: receive RaftClientReply:client-C12DAE7A5037->3f4de2de-7d09-498f-aead-42327df81d94@group-C7908E81CC6B, cid=2140, SUCCESS, logIndex=3100, commits[3f4de2de-7d09-498f-aead-42327df81d94:c3100]
2019-08-05 04:37:59,776 INFO  client.GrpcClientProtocolClient (GrpcClientProtocolClient.java:onNext(255)) - client-C12DAE7A5037->3f4de2de-7d09-498f-aead-42327df81d94: receive RaftClientReply:client-C12DAE7A5037->3f4de2de-7d09-498f-aead-42327df81d94@group-C7908E81CC6B, cid=2141, SUCCESS, logIndex=3103, commits[3f4de2de-7d09-498f-aead-42327df81d94:c3106]
2019-08-05 04:37:59,777 INFO  client.GrpcClientProtocolClient (GrpcClientProtocolClient.java:onNext(255)) - client-C12DAE7A5037->3f4de2de-7d09-498f-aead-42327df81d94: receive RaftClientReply:client-C12DAE7A5037->3f4de2de-7d09-498f-aead-42327df81d94@group-C7908E81CC6B, cid=2142, SUCCESS, logIndex=3104, commits[3f4de2de-7d09-498f-aead-42327df81d94:c3107]
2019-08-05 04:37:59,777 INFO  client.GrpcClientProtocolClient (GrpcClientProtocolClient.java:onNext(255)) - client-C12DAE7A5037->3f4de2de-7d09-498f-aead-42327df81d94: receive RaftClientReply:client-C12DAE7A5037->3f4de2de-7d09-498f-aead-42327df81d94@group-C7908E81CC6B, cid=2143, SUCCESS, logIndex=3105, commits[3f4de2de-7d09-498f-aead-42327df81d94:c3107]
2019-08-05 04:37:59,777 INFO  client.GrpcClientProtocolClient (GrpcClientProtocolClient.java:onNext(255)) - client-C12DAE7A5037->3f4de2de-7d09-498f-aead-42327df81d94: receive RaftClientReply:client-C12DAE7A5037->3f4de2de-7d09-498f-aead-42327df81d94@group-C7908E81CC6B, cid=2144, SUCCESS, logIndex=3106, commits[3f4de2de-7d09-498f-aead-42327df81d94:c3108]
2019-08-05 04:37:59,803 INFO  client.GrpcClientProtocolClient (GrpcClientProtocolClient.java:onNext(255)) - client-C12DAE7A5037->3f4de2de-7d09-498f-aead-42327df81d94: receive RaftClientReply:client-C12DAE7A5037->3f4de2de-7d09-498f-aead-42327df81d94@group-C7908E81CC6B, cid=2145, SUCCESS, logIndex=3109, commits[3f4de2de-7d09-498f-aead-42327df81d94:c3110]
2019-08-05 04:37:59,803 INFO  client.GrpcClientProtocolClient (GrpcClientProtocolClient.java:onNext(255)) - client-C12DAE7A5037->3f4de2de-7d09-498f-aead-42327df81d94: receive RaftClientReply:client-C12DAE7A5037->3f4de2de-7d09-498f-aead-42327df81d94@group-C7908E81CC6B, cid=2146, SUCCESS, logIndex=3110, commits[3f4de2de-7d09-498f-aead-42327df81d94:c3112]
2019-08-05 04:37:59,803 INFO  client.GrpcClientProtocolClient (GrpcClientProtocolClient.java:onNext(255)) - client-C12DAE7A5037->3f4de2de-7d09-498f-aead-42327df81d94: receive RaftClientReply:client-C12DAE7A5037->3f4de2de-7d09-498f-aead-42327df81d94@group-C7908E81CC6B, cid=2147, SUCCESS, logIndex=3111, commits[3f4de2de-7d09-498f-aead-42327df81d94:c3113]
2019-08-05 04:37:59,804 INFO  client.GrpcClientProtocolClient (GrpcClientProtocolClient.java:onNext(255)) - client-C12DAE7A5037->3f4de2de-7d09-498f-aead-42327df81d94: receive RaftClientReply:client-C12DAE7A5037->3f4de2de-7d09-498f-aead-42327df81d94@group-C7908E81CC6B, cid=2148, SUCCESS, logIndex=3112, commits[3f4de2de-7d09-498f-aead-42327df81d94:c3113]
2019-08-05 04:37:59,814 DEBUG block.SCMBlockDeletingService (SCMBlockDeletingService.java:call(138)) - Running DeletedBlockTransactionScanner
2019-08-05 04:37:59,814 DEBUG block.SCMBlockDeletingService (SCMBlockDeletingService.java:call(155)) - Scanned deleted blocks log and got 0 delTX to process.
2019-08-05 04:37:59,822 INFO  client.GrpcClientProtocolClient (GrpcClientProtocolClient.java:onNext(255)) - client-C12DAE7A5037->3f4de2de-7d09-498f-aead-42327df81d94: receive RaftClientReply:client-C12DAE7A5037->3f4de2de-7d09-498f-aead-42327df81d94@group-C7908E81CC6B, cid=2149, SUCCESS, logIndex=3115, commits[3f4de2de-7d09-498f-aead-42327df81d94:c3116]
2019-08-05 04:37:59,823 INFO  client.GrpcClientProtocolClient (GrpcClientProtocolClient.java:onNext(255)) - client-C12DAE7A5037->3f4de2de-7d09-498f-aead-42327df81d94: receive RaftClientReply:client-C12DAE7A5037->3f4de2de-7d09-498f-aead-42327df81d94@group-C7908E81CC6B, cid=2150, SUCCESS, logIndex=3116, commits[3f4de2de-7d09-498f-aead-42327df81d94:c3118]
2019-08-05 04:37:59,823 INFO  client.GrpcClientProtocolClient (GrpcClientProtocolClient.java:onNext(255)) - client-C12DAE7A5037->3f4de2de-7d09-498f-aead-42327df81d94: receive RaftClientReply:client-C12DAE7A5037->3f4de2de-7d09-498f-aead-42327df81d94@group-C7908E81CC6B, cid=2151, SUCCESS, logIndex=3117, commits[3f4de2de-7d09-498f-aead-42327df81d94:c3119]
2019-08-05 04:37:59,823 INFO  client.GrpcClientProtocolClient (GrpcClientProtocolClient.java:onNext(255)) - client-C12DAE7A5037->3f4de2de-7d09-498f-aead-42327df81d94: receive RaftClientReply:client-C12DAE7A5037->3f4de2de-7d09-498f-aead-42327df81d94@group-C7908E81CC6B, cid=2152, SUCCESS, logIndex=3118, commits[3f4de2de-7d09-498f-aead-42327df81d94:c3119]
2019-08-05 04:37:59,849 INFO  client.GrpcClientProtocolClient (GrpcClientProtocolClient.java:onNext(255)) - client-C12DAE7A5037->3f4de2de-7d09-498f-aead-42327df81d94: receive RaftClientReply:client-C12DAE7A5037->3f4de2de-7d09-498f-aead-42327df81d94@group-C7908E81CC6B, cid=2153, SUCCESS, logIndex=3121, commits[3f4de2de-7d09-498f-aead-42327df81d94:c3122]
2019-08-05 04:37:59,849 INFO  client.GrpcClientProtocolClient (GrpcClientProtocolClient.java:onNext(255)) - client-C12DAE7A5037->3f4de2de-7d09-498f-aead-42327df81d94: receive RaftClientReply:client-C12DAE7A5037->3f4de2de-7d09-498f-aead-42327df81d94@group-C7908E81CC6B, cid=2154, SUCCESS, logIndex=3122, commits[3f4de2de-7d09-498f-aead-42327df81d94:c3124]
2019-08-05 04:37:59,849 INFO  client.GrpcClientProtocolClient (GrpcClientProtocolClient.java:onNext(255)) - client-C12DAE7A5037->3f4de2de-7d09-498f-aead-42327df81d94: receive RaftClientReply:client-C12DAE7A5037->3f4de2de-7d09-498f-aead-42327df81d94@group-C7908E81CC6B, cid=2155, SUCCESS, logIndex=3123, commits[3f4de2de-7d09-498f-aead-42327df81d94:c3124]
2019-08-05 04:37:59,850 INFO  client.GrpcClientProtocolClient (GrpcClientProtocolClient.java:onNext(255)) - client-C12DAE7A5037->3f4de2de-7d09-498f-aead-42327df81d94: receive RaftClientReply:client-C12DAE7A5037->3f4de2de-7d09-498f-aead-42327df81d94@group-C7908E81CC6B, cid=2156, SUCCESS, logIndex=3124, commits[3f4de2de-7d09-498f-aead-42327df81d94:c3125]
2019-08-05 04:37:59,866 INFO  client.GrpcClientProtocolClient (GrpcClientProtocolClient.java:onNext(255)) - client-C12DAE7A5037->3f4de2de-7d09-498f-aead-42327df81d94: receive RaftClientReply:client-C12DAE7A5037->3f4de2de-7d09-498f-aead-42327df81d94@group-C7908E81CC6B, cid=2157, SUCCESS, logIndex=3127, commits[3f4de2de-7d09-498f-aead-42327df81d94:c3128]
2019-08-05 04:37:59,867 INFO  client.GrpcClientProtocolClient (GrpcClientProtocolClient.java:onNext(255)) - client-C12DAE7A5037->3f4de2de-7d09-498f-aead-42327df81d94: receive RaftClientReply:client-C12DAE7A5037->3f4de2de-7d09-498f-aead-42327df81d94@group-C7908E81CC6B, cid=2158, SUCCESS, logIndex=3128, commits[3f4de2de-7d09-498f-aead-42327df81d94:c3130]
2019-08-05 04:37:59,867 INFO  client.GrpcClientProtocolClient (GrpcClientProtocolClient.java:onNext(255)) - client-C12DAE7A5037->3f4de2de-7d09-498f-aead-42327df81d94: receive RaftClientReply:client-C12DAE7A5037->3f4de2de-7d09-498f-aead-42327df81d94@group-C7908E81CC6B, cid=2159, SUCCESS, logIndex=3129, commits[3f4de2de-7d09-498f-aead-42327df81d94:c3130]
2019-08-05 04:37:59,867 INFO  client.GrpcClientProtocolClient (GrpcClientProtocolClient.java:onNext(255)) - client-C12DAE7A5037->3f4de2de-7d09-498f-aead-42327df81d94: receive RaftClientReply:client-C12DAE7A5037->3f4de2de-7d09-498f-aead-42327df81d94@group-C7908E81CC6B, cid=2160, SUCCESS, logIndex=3130, commits[3f4de2de-7d09-498f-aead-42327df81d94:c3131]
2019-08-05 04:37:59,891 INFO  client.GrpcClientProtocolClient (GrpcClientProtocolClient.java:onNext(255)) - client-C12DAE7A5037->3f4de2de-7d09-498f-aead-42327df81d94: receive RaftClientReply:client-C12DAE7A5037->3f4de2de-7d09-498f-aead-42327df81d94@group-C7908E81CC6B, cid=2161, SUCCESS, logIndex=3133, commits[3f4de2de-7d09-498f-aead-42327df81d94:c3134]
2019-08-05 04:37:59,892 INFO  client.GrpcClientProtocolClient (GrpcClientProtocolClient.java:onNext(255)) - client-C12DAE7A5037->3f4de2de-7d09-498f-aead-42327df81d94: receive RaftClientReply:client-C12DAE7A5037->3f4de2de-7d09-498f-aead-42327df81d94@group-C7908E81CC6B, cid=2162, SUCCESS, logIndex=3134, commits[3f4de2de-7d09-498f-aead-42327df81d94:c3134]
2019-08-05 04:37:59,894 INFO  client.GrpcClientProtocolClient (GrpcClientProtocolClient.java:onNext(255)) - client-C12DAE7A5037->3f4de2de-7d09-498f-aead-42327df81d94: receive RaftClientReply:client-C12DAE7A5037->3f4de2de-7d09-498f-aead-42327df81d94@group-C7908E81CC6B, cid=2163, SUCCESS, logIndex=3135, commits[3f4de2de-7d09-498f-aead-42327df81d94:c3136]
2019-08-05 04:37:59,894 INFO  client.GrpcClientProtocolClient (GrpcClientProtocolClient.java:onNext(255)) - client-C12DAE7A5037->3f4de2de-7d09-498f-aead-42327df81d94: receive RaftClientReply:client-C12DAE7A5037->3f4de2de-7d09-498f-aead-42327df81d94@group-C7908E81CC6B, cid=2164, SUCCESS, logIndex=3136, commits[3f4de2de-7d09-498f-aead-42327df81d94:c3136]
2019-08-05 04:37:59,966 DEBUG block.SCMBlockDeletingService (SCMBlockDeletingService.java:call(138)) - Running DeletedBlockTransactionScanner
2019-08-05 04:37:59,966 DEBUG block.SCMBlockDeletingService (SCMBlockDeletingService.java:call(155)) - Scanned deleted blocks log and got 0 delTX to process.
2019-08-05 04:37:59,987 INFO  client.GrpcClientProtocolClient (GrpcClientProtocolClient.java:onNext(255)) - client-C12DAE7A5037->3f4de2de-7d09-498f-aead-42327df81d94: receive RaftClientReply:client-C12DAE7A5037->3f4de2de-7d09-498f-aead-42327df81d94@group-C7908E81CC6B, cid=2165, SUCCESS, logIndex=3139, commits[3f4de2de-7d09-498f-aead-42327df81d94:c3140]
2019-08-05 04:37:59,988 INFO  client.GrpcClientProtocolClient (GrpcClientProtocolClient.java:onNext(255)) - client-C12DAE7A5037->3f4de2de-7d09-498f-aead-42327df81d94: receive RaftClientReply:client-C12DAE7A5037->3f4de2de-7d09-498f-aead-42327df81d94@group-C7908E81CC6B, cid=2166, SUCCESS, logIndex=3140, commits[3f4de2de-7d09-498f-aead-42327df81d94:c3140]
2019-08-05 04:38:00,067 DEBUG block.SCMBlockDeletingService (SCMBlockDeletingService.java:call(138)) - Running DeletedBlockTransactionScanner
2019-08-05 04:38:00,067 DEBUG block.SCMBlockDeletingService (SCMBlockDeletingService.java:call(155)) - Scanned deleted blocks log and got 0 delTX to process.
2019-08-05 04:38:00,097 INFO  client.GrpcClientProtocolClient (GrpcClientProtocolClient.java:onNext(255)) - client-C12DAE7A5037->3f4de2de-7d09-498f-aead-42327df81d94: receive RaftClientReply:client-C12DAE7A5037->3f4de2de-7d09-498f-aead-42327df81d94@group-C7908E81CC6B, cid=2167, SUCCESS, logIndex=3142, commits[3f4de2de-7d09-498f-aead-42327df81d94:c3143]
2019-08-05 04:38:00,098 INFO  client.GrpcClientProtocolClient (GrpcClientProtocolClient.java:onNext(255)) - client-C12DAE7A5037->3f4de2de-7d09-498f-aead-42327df81d94: receive RaftClientReply:client-C12DAE7A5037->3f4de2de-7d09-498f-aead-42327df81d94@group-C7908E81CC6B, cid=2168, SUCCESS, logIndex=3143, commits[3f4de2de-7d09-498f-aead-42327df81d94:c3144]
2019-08-05 04:38:00,130 INFO  client.GrpcClientProtocolClient (GrpcClientProtocolClient.java:onNext(255)) - client-C12DAE7A5037->3f4de2de-7d09-498f-aead-42327df81d94: receive RaftClientReply:client-C12DAE7A5037->3f4de2de-7d09-498f-aead-42327df81d94@group-C7908E81CC6B, cid=2169, SUCCESS, logIndex=3145, commits[3f4de2de-7d09-498f-aead-42327df81d94:c3148]
2019-08-05 04:38:00,131 INFO  client.GrpcClientProtocolClient (GrpcClientProtocolClient.java:onNext(255)) - client-C12DAE7A5037->3f4de2de-7d09-498f-aead-42327df81d94: receive RaftClientReply:client-C12DAE7A5037->3f4de2de-7d09-498f-aead-42327df81d94@group-C7908E81CC6B, cid=2170, SUCCESS, logIndex=3146, commits[3f4de2de-7d09-498f-aead-42327df81d94:c3149]
2019-08-05 04:38:00,132 INFO  client.GrpcClientProtocolClient (GrpcClientProtocolClient.java:onNext(255)) - client-C12DAE7A5037->3f4de2de-7d09-498f-aead-42327df81d94: receive RaftClientReply:client-C12DAE7A5037->3f4de2de-7d09-498f-aead-42327df81d94@group-C7908E81CC6B, cid=2171, SUCCESS, logIndex=3147, commits[3f4de2de-7d09-498f-aead-42327df81d94:c3149]
2019-08-05 04:38:00,132 INFO  client.GrpcClientProtocolClient (GrpcClientProtocolClient.java:onNext(255)) - client-C12DAE7A5037->3f4de2de-7d09-498f-aead-42327df81d94: receive RaftClientReply:client-C12DAE7A5037->3f4de2de-7d09-498f-aead-42327df81d94@group-C7908E81CC6B, cid=2172, SUCCESS, logIndex=3148, commits[3f4de2de-7d09-498f-aead-42327df81d94:c3149]
2019-08-05 04:38:00,151 INFO  client.GrpcClientProtocolClient (GrpcClientProtocolClient.java:onNext(255)) - client-C12DAE7A5037->3f4de2de-7d09-498f-aead-42327df81d94: receive RaftClientReply:client-C12DAE7A5037->3f4de2de-7d09-498f-aead-42327df81d94@group-C7908E81CC6B, cid=2173, SUCCESS, logIndex=3150, commits[3f4de2de-7d09-498f-aead-42327df81d94:c3151]
2019-08-05 04:38:00,152 INFO  client.GrpcClientProtocolClient (GrpcClientProtocolClient.java:onNext(255)) - client-C12DAE7A5037->3f4de2de-7d09-498f-aead-42327df81d94: receive RaftClientReply:client-C12DAE7A5037->3f4de2de-7d09-498f-aead-42327df81d94@group-C7908E81CC6B, cid=2174, SUCCESS, logIndex=3151, commits[3f4de2de-7d09-498f-aead-42327df81d94:c3153]
2019-08-05 04:38:00,152 INFO  client.GrpcClientProtocolClient (GrpcClientProtocolClient.java:onNext(255)) - client-C12DAE7A5037->3f4de2de-7d09-498f-aead-42327df81d94: receive RaftClientReply:client-C12DAE7A5037->3f4de2de-7d09-498f-aead-42327df81d94@group-C7908E81CC6B, cid=2175, SUCCESS, logIndex=3152, commits[3f4de2de-7d09-498f-aead-42327df81d94:c3154]
2019-08-05 04:38:00,153 INFO  client.GrpcClientProtocolClient (GrpcClientProtocolClient.java:onNext(255)) - client-C12DAE7A5037->3f4de2de-7d09-498f-aead-42327df81d94: receive RaftClientReply:client-C12DAE7A5037->3f4de2de-7d09-498f-aead-42327df81d94@group-C7908E81CC6B, cid=2176, SUCCESS, logIndex=3153, commits[3f4de2de-7d09-498f-aead-42327df81d94:c3155]
2019-08-05 04:38:00,168 DEBUG block.SCMBlockDeletingService (SCMBlockDeletingService.java:call(138)) - Running DeletedBlockTransactionScanner
2019-08-05 04:38:00,168 DEBUG block.SCMBlockDeletingService (SCMBlockDeletingService.java:call(155)) - Scanned deleted blocks log and got 0 delTX to process.
2019-08-05 04:38:00,184 INFO  client.GrpcClientProtocolClient (GrpcClientProtocolClient.java:onNext(255)) - client-C12DAE7A5037->3f4de2de-7d09-498f-aead-42327df81d94: receive RaftClientReply:client-C12DAE7A5037->3f4de2de-7d09-498f-aead-42327df81d94@group-C7908E81CC6B, cid=2177, SUCCESS, logIndex=3156, commits[3f4de2de-7d09-498f-aead-42327df81d94:c3159]
2019-08-05 04:38:00,185 INFO  client.GrpcClientProtocolClient (GrpcClientProtocolClient.java:onNext(255)) - client-C12DAE7A5037->3f4de2de-7d09-498f-aead-42327df81d94: receive RaftClientReply:client-C12DAE7A5037->3f4de2de-7d09-498f-aead-42327df81d94@group-C7908E81CC6B, cid=2178, SUCCESS, logIndex=3157, commits[3f4de2de-7d09-498f-aead-42327df81d94:c3160]
2019-08-05 04:38:00,185 INFO  client.GrpcClientProtocolClient (GrpcClientProtocolClient.java:onNext(255)) - client-C12DAE7A5037->3f4de2de-7d09-498f-aead-42327df81d94: receive RaftClientReply:client-C12DAE7A5037->3f4de2de-7d09-498f-aead-42327df81d94@group-C7908E81CC6B, cid=2179, SUCCESS, logIndex=3158, commits[3f4de2de-7d09-498f-aead-42327df81d94:c3160]
2019-08-05 04:38:00,185 INFO  client.GrpcClientProtocolClient (GrpcClientProtocolClient.java:onNext(255)) - client-C12DAE7A5037->3f4de2de-7d09-498f-aead-42327df81d94: receive RaftClientReply:client-C12DAE7A5037->3f4de2de-7d09-498f-aead-42327df81d94@group-C7908E81CC6B, cid=2180, SUCCESS, logIndex=3159, commits[3f4de2de-7d09-498f-aead-42327df81d94:c3160]
2019-08-05 04:38:00,206 INFO  client.GrpcClientProtocolClient (GrpcClientProtocolClient.java:onNext(255)) - client-C12DAE7A5037->3f4de2de-7d09-498f-aead-42327df81d94: receive RaftClientReply:client-C12DAE7A5037->3f4de2de-7d09-498f-aead-42327df81d94@group-C7908E81CC6B, cid=2181, SUCCESS, logIndex=3161, commits[3f4de2de-7d09-498f-aead-42327df81d94:c3162]
2019-08-05 04:38:00,207 INFO  client.GrpcClientProtocolClient (GrpcClientProtocolClient.java:onNext(255)) - client-C12DAE7A5037->3f4de2de-7d09-498f-aead-42327df81d94: receive RaftClientReply:client-C12DAE7A5037->3f4de2de-7d09-498f-aead-42327df81d94@group-C7908E81CC6B, cid=2182, SUCCESS, logIndex=3162, commits[3f4de2de-7d09-498f-aead-42327df81d94:c3162]
2019-08-05 04:38:00,208 INFO  client.GrpcClientProtocolClient (GrpcClientProtocolClient.java:onNext(255)) - client-C12DAE7A5037->3f4de2de-7d09-498f-aead-42327df81d94: receive RaftClientReply:client-C12DAE7A5037->3f4de2de-7d09-498f-aead-42327df81d94@group-C7908E81CC6B, cid=2183, SUCCESS, logIndex=3163, commits[3f4de2de-7d09-498f-aead-42327df81d94:c3164]
2019-08-05 04:38:00,209 INFO  client.GrpcClientProtocolClient (GrpcClientProtocolClient.java:onNext(255)) - client-C12DAE7A5037->3f4de2de-7d09-498f-aead-42327df81d94: receive RaftClientReply:client-C12DAE7A5037->3f4de2de-7d09-498f-aead-42327df81d94@group-C7908E81CC6B, cid=2184, SUCCESS, logIndex=3164, commits[3f4de2de-7d09-498f-aead-42327df81d94:c3164]
2019-08-05 04:38:00,240 INFO  client.GrpcClientProtocolClient (GrpcClientProtocolClient.java:onNext(255)) - client-C12DAE7A5037->3f4de2de-7d09-498f-aead-42327df81d94: receive RaftClientReply:client-C12DAE7A5037->3f4de2de-7d09-498f-aead-42327df81d94@group-C7908E81CC6B, cid=2185, SUCCESS, logIndex=3167, commits[3f4de2de-7d09-498f-aead-42327df81d94:c3170]
2019-08-05 04:38:00,240 INFO  client.GrpcClientProtocolClient (GrpcClientProtocolClient.java:onNext(255)) - client-C12DAE7A5037->3f4de2de-7d09-498f-aead-42327df81d94: receive RaftClientReply:client-C12DAE7A5037->3f4de2de-7d09-498f-aead-42327df81d94@group-C7908E81CC6B, cid=2186, SUCCESS, logIndex=3168, commits[3f4de2de-7d09-498f-aead-42327df81d94:c3171]
2019-08-05 04:38:00,241 INFO  client.GrpcClientProtocolClient (GrpcClientProtocolClient.java:onNext(255)) - client-C12DAE7A5037->3f4de2de-7d09-498f-aead-42327df81d94: receive RaftClientReply:client-C12DAE7A5037->3f4de2de-7d09-498f-aead-42327df81d94@group-C7908E81CC6B, cid=2187, SUCCESS, logIndex=3169, commits[3f4de2de-7d09-498f-aead-42327df81d94:c3171]
2019-08-05 04:38:00,241 INFO  client.GrpcClientProtocolClient (GrpcClientProtocolClient.java:onNext(255)) - client-C12DAE7A5037->3f4de2de-7d09-498f-aead-42327df81d94: receive RaftClientReply:client-C12DAE7A5037->3f4de2de-7d09-498f-aead-42327df81d94@group-C7908E81CC6B, cid=2188, SUCCESS, logIndex=3170, commits[3f4de2de-7d09-498f-aead-42327df81d94:c3171]
2019-08-05 04:38:00,266 INFO  client.GrpcClientProtocolClient (GrpcClientProtocolClient.java:onNext(255)) - client-C12DAE7A5037->3f4de2de-7d09-498f-aead-42327df81d94: receive RaftClientReply:client-C12DAE7A5037->3f4de2de-7d09-498f-aead-42327df81d94@group-C7908E81CC6B, cid=2189, SUCCESS, logIndex=3172, commits[3f4de2de-7d09-498f-aead-42327df81d94:c3175]
2019-08-05 04:38:00,266 INFO  client.GrpcClientProtocolClient (GrpcClientProtocolClient.java:onNext(255)) - client-C12DAE7A5037->3f4de2de-7d09-498f-aead-42327df81d94: receive RaftClientReply:client-C12DAE7A5037->3f4de2de-7d09-498f-aead-42327df81d94@group-C7908E81CC6B, cid=2190, SUCCESS, logIndex=3173, commits[3f4de2de-7d09-498f-aead-42327df81d94:c3175]
2019-08-05 04:38:00,266 INFO  client.GrpcClientProtocolClient (GrpcClientProtocolClient.java:onNext(255)) - client-C12DAE7A5037->3f4de2de-7d09-498f-aead-42327df81d94: receive RaftClientReply:client-C12DAE7A5037->3f4de2de-7d09-498f-aead-42327df81d94@group-C7908E81CC6B, cid=2191, SUCCESS, logIndex=3174, commits[3f4de2de-7d09-498f-aead-42327df81d94:c3176]
2019-08-05 04:38:00,267 INFO  client.GrpcClientProtocolClient (GrpcClientProtocolClient.java:onNext(255)) - client-C12DAE7A5037->3f4de2de-7d09-498f-aead-42327df81d94: receive RaftClientReply:client-C12DAE7A5037->3f4de2de-7d09-498f-aead-42327df81d94@group-C7908E81CC6B, cid=2192, SUCCESS, logIndex=3175, commits[3f4de2de-7d09-498f-aead-42327df81d94:c3177]
2019-08-05 04:38:00,268 DEBUG block.SCMBlockDeletingService (SCMBlockDeletingService.java:call(138)) - Running DeletedBlockTransactionScanner
2019-08-05 04:38:00,269 DEBUG block.SCMBlockDeletingService (SCMBlockDeletingService.java:call(155)) - Scanned deleted blocks log and got 0 delTX to process.
2019-08-05 04:38:00,300 INFO  client.GrpcClientProtocolClient (GrpcClientProtocolClient.java:onNext(255)) - client-C12DAE7A5037->3f4de2de-7d09-498f-aead-42327df81d94: receive RaftClientReply:client-C12DAE7A5037->3f4de2de-7d09-498f-aead-42327df81d94@group-C7908E81CC6B, cid=2193, SUCCESS, logIndex=3178, commits[3f4de2de-7d09-498f-aead-42327df81d94:c3179]
2019-08-05 04:38:00,300 INFO  client.GrpcClientProtocolClient (GrpcClientProtocolClient.java:onNext(255)) - client-C12DAE7A5037->3f4de2de-7d09-498f-aead-42327df81d94: receive RaftClientReply:client-C12DAE7A5037->3f4de2de-7d09-498f-aead-42327df81d94@group-C7908E81CC6B, cid=2194, SUCCESS, logIndex=3179, commits[3f4de2de-7d09-498f-aead-42327df81d94:c3181]
2019-08-05 04:38:00,301 INFO  client.GrpcClientProtocolClient (GrpcClientProtocolClient.java:onNext(255)) - client-C12DAE7A5037->3f4de2de-7d09-498f-aead-42327df81d94: receive RaftClientReply:client-C12DAE7A5037->3f4de2de-7d09-498f-aead-42327df81d94@group-C7908E81CC6B, cid=2195, SUCCESS, logIndex=3180, commits[3f4de2de-7d09-498f-aead-42327df81d94:c3181]
2019-08-05 04:38:00,301 INFO  client.GrpcClientProtocolClient (GrpcClientProtocolClient.java:onNext(255)) - client-C12DAE7A5037->3f4de2de-7d09-498f-aead-42327df81d94: receive RaftClientReply:client-C12DAE7A5037->3f4de2de-7d09-498f-aead-42327df81d94@group-C7908E81CC6B, cid=2196, SUCCESS, logIndex=3181, commits[3f4de2de-7d09-498f-aead-42327df81d94:c3182]
2019-08-05 04:38:00,322 INFO  client.GrpcClientProtocolClient (GrpcClientProtocolClient.java:onNext(255)) - client-C12DAE7A5037->3f4de2de-7d09-498f-aead-42327df81d94: receive RaftClientReply:client-C12DAE7A5037->3f4de2de-7d09-498f-aead-42327df81d94@group-C7908E81CC6B, cid=2197, SUCCESS, logIndex=3184, commits[3f4de2de-7d09-498f-aead-42327df81d94:c3185]
2019-08-05 04:38:00,322 INFO  client.GrpcClientProtocolClient (GrpcClientProtocolClient.java:onNext(255)) - client-C12DAE7A5037->3f4de2de-7d09-498f-aead-42327df81d94: receive RaftClientReply:client-C12DAE7A5037->3f4de2de-7d09-498f-aead-42327df81d94@group-C7908E81CC6B, cid=2198, SUCCESS, logIndex=3185, commits[3f4de2de-7d09-498f-aead-42327df81d94:c3187]
2019-08-05 04:38:00,322 INFO  client.GrpcClientProtocolClient (GrpcClientProtocolClient.java:onNext(255)) - client-C12DAE7A5037->3f4de2de-7d09-498f-aead-42327df81d94: receive RaftClientReply:client-C12DAE7A5037->3f4de2de-7d09-498f-aead-42327df81d94@group-C7908E81CC6B, cid=2199, SUCCESS, logIndex=3186, commits[3f4de2de-7d09-498f-aead-42327df81d94:c3188]
2019-08-05 04:38:00,323 INFO  client.GrpcClientProtocolClient (GrpcClientProtocolClient.java:onNext(255)) - client-C12DAE7A5037->3f4de2de-7d09-498f-aead-42327df81d94: receive RaftClientReply:client-C12DAE7A5037->3f4de2de-7d09-498f-aead-42327df81d94@group-C7908E81CC6B, cid=2200, SUCCESS, logIndex=3187, commits[3f4de2de-7d09-498f-aead-42327df81d94:c3188]
2019-08-05 04:38:00,352 INFO  client.GrpcClientProtocolClient (GrpcClientProtocolClient.java:onNext(255)) - client-C12DAE7A5037->3f4de2de-7d09-498f-aead-42327df81d94: receive RaftClientReply:client-C12DAE7A5037->3f4de2de-7d09-498f-aead-42327df81d94@group-C7908E81CC6B, cid=2201, SUCCESS, logIndex=3190, commits[3f4de2de-7d09-498f-aead-42327df81d94:c3191]
2019-08-05 04:38:00,352 INFO  client.GrpcClientProtocolClient (GrpcClientProtocolClient.java:onNext(255)) - client-C12DAE7A5037->3f4de2de-7d09-498f-aead-42327df81d94: receive RaftClientReply:client-C12DAE7A5037->3f4de2de-7d09-498f-aead-42327df81d94@group-C7908E81CC6B, cid=2202, SUCCESS, logIndex=3191, commits[3f4de2de-7d09-498f-aead-42327df81d94:c3193]
2019-08-05 04:38:00,353 INFO  client.GrpcClientProtocolClient (GrpcClientProtocolClient.java:onNext(255)) - client-C12DAE7A5037->3f4de2de-7d09-498f-aead-42327df81d94: receive RaftClientReply:client-C12DAE7A5037->3f4de2de-7d09-498f-aead-42327df81d94@group-C7908E81CC6B, cid=2203, SUCCESS, logIndex=3192, commits[3f4de2de-7d09-498f-aead-42327df81d94:c3194]
2019-08-05 04:38:00,353 INFO  client.GrpcClientProtocolClient (GrpcClientProtocolClient.java:onNext(255)) - client-C12DAE7A5037->3f4de2de-7d09-498f-aead-42327df81d94: receive RaftClientReply:client-C12DAE7A5037->3f4de2de-7d09-498f-aead-42327df81d94@group-C7908E81CC6B, cid=2204, SUCCESS, logIndex=3193, commits[3f4de2de-7d09-498f-aead-42327df81d94:c3195]
2019-08-05 04:38:00,369 DEBUG block.SCMBlockDeletingService (SCMBlockDeletingService.java:call(138)) - Running DeletedBlockTransactionScanner
2019-08-05 04:38:00,369 DEBUG block.SCMBlockDeletingService (SCMBlockDeletingService.java:call(155)) - Scanned deleted blocks log and got 0 delTX to process.
2019-08-05 04:38:00,373 INFO  client.GrpcClientProtocolClient (GrpcClientProtocolClient.java:onNext(255)) - client-C12DAE7A5037->3f4de2de-7d09-498f-aead-42327df81d94: receive RaftClientReply:client-C12DAE7A5037->3f4de2de-7d09-498f-aead-42327df81d94@group-C7908E81CC6B, cid=2205, SUCCESS, logIndex=3196, commits[3f4de2de-7d09-498f-aead-42327df81d94:c3197]
2019-08-05 04:38:00,373 INFO  client.GrpcClientProtocolClient (GrpcClientProtocolClient.java:onNext(255)) - client-C12DAE7A5037->3f4de2de-7d09-498f-aead-42327df81d94: receive RaftClientReply:client-C12DAE7A5037->3f4de2de-7d09-498f-aead-42327df81d94@group-C7908E81CC6B, cid=2206, SUCCESS, logIndex=3197, commits[3f4de2de-7d09-498f-aead-42327df81d94:c3199]
2019-08-05 04:38:00,373 INFO  client.GrpcClientProtocolClient (GrpcClientProtocolClient.java:onNext(255)) - client-C12DAE7A5037->3f4de2de-7d09-498f-aead-42327df81d94: receive RaftClientReply:client-C12DAE7A5037->3f4de2de-7d09-498f-aead-42327df81d94@group-C7908E81CC6B, cid=2207, SUCCESS, logIndex=3198, commits[3f4de2de-7d09-498f-aead-42327df81d94:c3200]
2019-08-05 04:38:00,374 INFO  client.GrpcClientProtocolClient (GrpcClientProtocolClient.java:onNext(255)) - client-C12DAE7A5037->3f4de2de-7d09-498f-aead-42327df81d94: receive RaftClientReply:client-C12DAE7A5037->3f4de2de-7d09-498f-aead-42327df81d94@group-C7908E81CC6B, cid=2208, SUCCESS, logIndex=3199, commits[3f4de2de-7d09-498f-aead-42327df81d94:c3201]
2019-08-05 04:38:00,403 INFO  client.GrpcClientProtocolClient (GrpcClientProtocolClient.java:onNext(255)) - client-C12DAE7A5037->3f4de2de-7d09-498f-aead-42327df81d94: receive RaftClientReply:client-C12DAE7A5037->3f4de2de-7d09-498f-aead-42327df81d94@group-C7908E81CC6B, cid=2209, SUCCESS, logIndex=3202, commits[3f4de2de-7d09-498f-aead-42327df81d94:c3203]
2019-08-05 04:38:00,403 INFO  client.GrpcClientProtocolClient (GrpcClientProtocolClient.java:onNext(255)) - client-C12DAE7A5037->3f4de2de-7d09-498f-aead-42327df81d94: receive RaftClientReply:client-C12DAE7A5037->3f4de2de-7d09-498f-aead-42327df81d94@group-C7908E81CC6B, cid=2210, SUCCESS, logIndex=3203, commits[3f4de2de-7d09-498f-aead-42327df81d94:c3204]
2019-08-05 04:38:00,470 DEBUG block.SCMBlockDeletingService (SCMBlockDeletingService.java:call(138)) - Running DeletedBlockTransactionScanner
2019-08-05 04:38:00,470 DEBUG block.SCMBlockDeletingService (SCMBlockDeletingService.java:call(155)) - Scanned deleted blocks log and got 0 delTX to process.
2019-08-05 04:38:00,517 INFO  client.GrpcClientProtocolClient (GrpcClientProtocolClient.java:onNext(255)) - client-C12DAE7A5037->3f4de2de-7d09-498f-aead-42327df81d94: receive RaftClientReply:client-C12DAE7A5037->3f4de2de-7d09-498f-aead-42327df81d94@group-C7908E81CC6B, cid=2211, SUCCESS, logIndex=3205, commits[3f4de2de-7d09-498f-aead-42327df81d94:c3206]
2019-08-05 04:38:00,517 INFO  client.GrpcClientProtocolClient (GrpcClientProtocolClient.java:onNext(255)) - client-C12DAE7A5037->3f4de2de-7d09-498f-aead-42327df81d94: receive RaftClientReply:client-C12DAE7A5037->3f4de2de-7d09-498f-aead-42327df81d94@group-C7908E81CC6B, cid=2212, SUCCESS, logIndex=3206, commits[3f4de2de-7d09-498f-aead-42327df81d94:c3207]
2019-08-05 04:38:00,540 INFO  client.GrpcClientProtocolClient (GrpcClientProtocolClient.java:onNext(255)) - client-C12DAE7A5037->3f4de2de-7d09-498f-aead-42327df81d94: receive RaftClientReply:client-C12DAE7A5037->3f4de2de-7d09-498f-aead-42327df81d94@group-C7908E81CC6B, cid=2213, SUCCESS, logIndex=3208, commits[3f4de2de-7d09-498f-aead-42327df81d94:c3211]
2019-08-05 04:38:00,540 INFO  client.GrpcClientProtocolClient (GrpcClientProtocolClient.java:onNext(255)) - client-C12DAE7A5037->3f4de2de-7d09-498f-aead-42327df81d94: receive RaftClientReply:client-C12DAE7A5037->3f4de2de-7d09-498f-aead-42327df81d94@group-C7908E81CC6B, cid=2214, SUCCESS, logIndex=3209, commits[3f4de2de-7d09-498f-aead-42327df81d94:c3212]
2019-08-05 04:38:00,547 INFO  client.GrpcClientProtocolClient (GrpcClientProtocolClient.java:onNext(255)) - client-C12DAE7A5037->3f4de2de-7d09-498f-aead-42327df81d94: receive RaftClientReply:client-C12DAE7A5037->3f4de2de-7d09-498f-aead-42327df81d94@group-C7908E81CC6B, cid=2215, SUCCESS, logIndex=3210, commits[3f4de2de-7d09-498f-aead-42327df81d94:c3212]
2019-08-05 04:38:00,548 INFO  client.GrpcClientProtocolClient (GrpcClientProtocolClient.java:onNext(255)) - client-C12DAE7A5037->3f4de2de-7d09-498f-aead-42327df81d94: receive RaftClientReply:client-C12DAE7A5037->3f4de2de-7d09-498f-aead-42327df81d94@group-C7908E81CC6B, cid=2216, SUCCESS, logIndex=3211, commits[3f4de2de-7d09-498f-aead-42327df81d94:c3212]
2019-08-05 04:38:00,570 DEBUG block.SCMBlockDeletingService (SCMBlockDeletingService.java:call(138)) - Running DeletedBlockTransactionScanner
2019-08-05 04:38:00,571 DEBUG block.SCMBlockDeletingService (SCMBlockDeletingService.java:call(155)) - Scanned deleted blocks log and got 0 delTX to process.
2019-08-05 04:38:00,592 INFO  client.GrpcClientProtocolClient (GrpcClientProtocolClient.java:onNext(255)) - client-C12DAE7A5037->3f4de2de-7d09-498f-aead-42327df81d94: receive RaftClientReply:client-C12DAE7A5037->3f4de2de-7d09-498f-aead-42327df81d94@group-C7908E81CC6B, cid=2217, SUCCESS, logIndex=3213, commits[3f4de2de-7d09-498f-aead-42327df81d94:c3216]
2019-08-05 04:38:00,593 INFO  client.GrpcClientProtocolClient (GrpcClientProtocolClient.java:onNext(255)) - client-C12DAE7A5037->3f4de2de-7d09-498f-aead-42327df81d94: receive RaftClientReply:client-C12DAE7A5037->3f4de2de-7d09-498f-aead-42327df81d94@group-C7908E81CC6B, cid=2218, SUCCESS, logIndex=3214, commits[3f4de2de-7d09-498f-aead-42327df81d94:c3216]
2019-08-05 04:38:00,593 INFO  client.GrpcClientProtocolClient (GrpcClientProtocolClient.java:onNext(255)) - client-C12DAE7A5037->3f4de2de-7d09-498f-aead-42327df81d94: receive RaftClientReply:client-C12DAE7A5037->3f4de2de-7d09-498f-aead-42327df81d94@group-C7908E81CC6B, cid=2219, SUCCESS, logIndex=3215, commits[3f4de2de-7d09-498f-aead-42327df81d94:c3216]
2019-08-05 04:38:00,594 INFO  client.GrpcClientProtocolClient (GrpcClientProtocolClient.java:onNext(255)) - client-C12DAE7A5037->3f4de2de-7d09-498f-aead-42327df81d94: receive RaftClientReply:client-C12DAE7A5037->3f4de2de-7d09-498f-aead-42327df81d94@group-C7908E81CC6B, cid=2220, SUCCESS, logIndex=3216, commits[3f4de2de-7d09-498f-aead-42327df81d94:c3216]
2019-08-05 04:38:00,620 INFO  client.GrpcClientProtocolClient (GrpcClientProtocolClient.java:onNext(255)) - client-C12DAE7A5037->3f4de2de-7d09-498f-aead-42327df81d94: receive RaftClientReply:client-C12DAE7A5037->3f4de2de-7d09-498f-aead-42327df81d94@group-C7908E81CC6B, cid=2221, SUCCESS, logIndex=3218, commits[3f4de2de-7d09-498f-aead-42327df81d94:c3221]
2019-08-05 04:38:00,620 INFO  client.GrpcClientProtocolClient (GrpcClientProtocolClient.java:onNext(255)) - client-C12DAE7A5037->3f4de2de-7d09-498f-aead-42327df81d94: receive RaftClientReply:client-C12DAE7A5037->3f4de2de-7d09-498f-aead-42327df81d94@group-C7908E81CC6B, cid=2222, SUCCESS, logIndex=3219, commits[3f4de2de-7d09-498f-aead-42327df81d94:c3222]
2019-08-05 04:38:00,620 INFO  client.GrpcClientProtocolClient (GrpcClientProtocolClient.java:onNext(255)) - client-C12DAE7A5037->3f4de2de-7d09-498f-aead-42327df81d94: receive RaftClientReply:client-C12DAE7A5037->3f4de2de-7d09-498f-aead-42327df81d94@group-C7908E81CC6B, cid=2223, SUCCESS, logIndex=3220, commits[3f4de2de-7d09-498f-aead-42327df81d94:c3222]
2019-08-05 04:38:00,621 INFO  client.GrpcClientProtocolClient (GrpcClientProtocolClient.java:onNext(255)) - client-C12DAE7A5037->3f4de2de-7d09-498f-aead-42327df81d94: receive RaftClientReply:client-C12DAE7A5037->3f4de2de-7d09-498f-aead-42327df81d94@group-C7908E81CC6B, cid=2224, SUCCESS, logIndex=3221, commits[3f4de2de-7d09-498f-aead-42327df81d94:c3222]
2019-08-05 04:38:00,653 INFO  client.GrpcClientProtocolClient (GrpcClientProtocolClient.java:onNext(255)) - client-C12DAE7A5037->3f4de2de-7d09-498f-aead-42327df81d94: receive RaftClientReply:client-C12DAE7A5037->3f4de2de-7d09-498f-aead-42327df81d94@group-C7908E81CC6B, cid=2225, SUCCESS, logIndex=3223, commits[3f4de2de-7d09-498f-aead-42327df81d94:c3226]
2019-08-05 04:38:00,654 INFO  client.GrpcClientProtocolClient (GrpcClientProtocolClient.java:onNext(255)) - client-C12DAE7A5037->3f4de2de-7d09-498f-aead-42327df81d94: receive RaftClientReply:client-C12DAE7A5037->3f4de2de-7d09-498f-aead-42327df81d94@group-C7908E81CC6B, cid=2226, SUCCESS, logIndex=3224, commits[3f4de2de-7d09-498f-aead-42327df81d94:c3227]
2019-08-05 04:38:00,654 INFO  client.GrpcClientProtocolClient (GrpcClientProtocolClient.java:onNext(255)) - client-C12DAE7A5037->3f4de2de-7d09-498f-aead-42327df81d94: receive RaftClientReply:client-C12DAE7A5037->3f4de2de-7d09-498f-aead-42327df81d94@group-C7908E81CC6B, cid=2227, SUCCESS, logIndex=3225, commits[3f4de2de-7d09-498f-aead-42327df81d94:c3227]
2019-08-05 04:38:00,655 INFO  client.GrpcClientProtocolClient (GrpcClientProtocolClient.java:onNext(255)) - client-C12DAE7A5037->3f4de2de-7d09-498f-aead-42327df81d94: receive RaftClientReply:client-C12DAE7A5037->3f4de2de-7d09-498f-aead-42327df81d94@group-C7908E81CC6B, cid=2228, SUCCESS, logIndex=3226, commits[3f4de2de-7d09-498f-aead-42327df81d94:c3227]
2019-08-05 04:38:00,672 DEBUG block.SCMBlockDeletingService (SCMBlockDeletingService.java:call(138)) - Running DeletedBlockTransactionScanner
2019-08-05 04:38:00,672 DEBUG block.SCMBlockDeletingService (SCMBlockDeletingService.java:call(155)) - Scanned deleted blocks log and got 0 delTX to process.
2019-08-05 04:38:00,676 INFO  client.GrpcClientProtocolClient (GrpcClientProtocolClient.java:onNext(255)) - client-C12DAE7A5037->3f4de2de-7d09-498f-aead-42327df81d94: receive RaftClientReply:client-C12DAE7A5037->3f4de2de-7d09-498f-aead-42327df81d94@group-C7908E81CC6B, cid=2229, SUCCESS, logIndex=3228, commits[3f4de2de-7d09-498f-aead-42327df81d94:c3229]
2019-08-05 04:38:00,677 INFO  client.GrpcClientProtocolClient (GrpcClientProtocolClient.java:onNext(255)) - client-C12DAE7A5037->3f4de2de-7d09-498f-aead-42327df81d94: receive RaftClientReply:client-C12DAE7A5037->3f4de2de-7d09-498f-aead-42327df81d94@group-C7908E81CC6B, cid=2230, SUCCESS, logIndex=3229, commits[3f4de2de-7d09-498f-aead-42327df81d94:c3229]
2019-08-05 04:38:00,678 INFO  client.GrpcClientProtocolClient (GrpcClientProtocolClient.java:onNext(255)) - client-C12DAE7A5037->3f4de2de-7d09-498f-aead-42327df81d94: receive RaftClientReply:client-C12DAE7A5037->3f4de2de-7d09-498f-aead-42327df81d94@group-C7908E81CC6B, cid=2231, SUCCESS, logIndex=3230, commits[3f4de2de-7d09-498f-aead-42327df81d94:c3231]
2019-08-05 04:38:00,678 INFO  client.GrpcClientProtocolClient (GrpcClientProtocolClient.java:onNext(255)) - client-C12DAE7A5037->3f4de2de-7d09-498f-aead-42327df81d94: receive RaftClientReply:client-C12DAE7A5037->3f4de2de-7d09-498f-aead-42327df81d94@group-C7908E81CC6B, cid=2232, SUCCESS, logIndex=3231, commits[3f4de2de-7d09-498f-aead-42327df81d94:c3231]
2019-08-05 04:38:00,709 INFO  client.GrpcClientProtocolClient (GrpcClientProtocolClient.java:onNext(255)) - client-C12DAE7A5037->3f4de2de-7d09-498f-aead-42327df81d94: receive RaftClientReply:client-C12DAE7A5037->3f4de2de-7d09-498f-aead-42327df81d94@group-C7908E81CC6B, cid=2233, SUCCESS, logIndex=3234, commits[3f4de2de-7d09-498f-aead-42327df81d94:c3235]
2019-08-05 04:38:00,710 INFO  client.GrpcClientProtocolClient (GrpcClientProtocolClient.java:onNext(255)) - client-C12DAE7A5037->3f4de2de-7d09-498f-aead-42327df81d94: receive RaftClientReply:client-C12DAE7A5037->3f4de2de-7d09-498f-aead-42327df81d94@group-C7908E81CC6B, cid=2234, SUCCESS, logIndex=3235, commits[3f4de2de-7d09-498f-aead-42327df81d94:c3238]
2019-08-05 04:38:00,711 INFO  client.GrpcClientProtocolClient (GrpcClientProtocolClient.java:onNext(255)) - client-C12DAE7A5037->3f4de2de-7d09-498f-aead-42327df81d94: receive RaftClientReply:client-C12DAE7A5037->3f4de2de-7d09-498f-aead-42327df81d94@group-C7908E81CC6B, cid=2235, SUCCESS, logIndex=3236, commits[3f4de2de-7d09-498f-aead-42327df81d94:c3238]
2019-08-05 04:38:00,711 INFO  client.GrpcClientProtocolClient (GrpcClientProtocolClient.java:onNext(255)) - client-C12DAE7A5037->3f4de2de-7d09-498f-aead-42327df81d94: receive RaftClientReply:client-C12DAE7A5037->3f4de2de-7d09-498f-aead-42327df81d94@group-C7908E81CC6B, cid=2236, SUCCESS, logIndex=3237, commits[3f4de2de-7d09-498f-aead-42327df81d94:c3239]
2019-08-05 04:38:00,737 INFO  client.GrpcClientProtocolClient (GrpcClientProtocolClient.java:onNext(255)) - client-C12DAE7A5037->3f4de2de-7d09-498f-aead-42327df81d94: receive RaftClientReply:client-C12DAE7A5037->3f4de2de-7d09-498f-aead-42327df81d94@group-C7908E81CC6B, cid=2237, SUCCESS, logIndex=3240, commits[3f4de2de-7d09-498f-aead-42327df81d94:c3243]
2019-08-05 04:38:00,738 INFO  client.GrpcClientProtocolClient (GrpcClientProtocolClient.java:onNext(255)) - client-C12DAE7A5037->3f4de2de-7d09-498f-aead-42327df81d94: receive RaftClientReply:client-C12DAE7A5037->3f4de2de-7d09-498f-aead-42327df81d94@group-C7908E81CC6B, cid=2238, SUCCESS, logIndex=3241, commits[3f4de2de-7d09-498f-aead-42327df81d94:c3244]
2019-08-05 04:38:00,738 INFO  client.GrpcClientProtocolClient (GrpcClientProtocolClient.java:onNext(255)) - client-C12DAE7A5037->3f4de2de-7d09-498f-aead-42327df81d94: receive RaftClientReply:client-C12DAE7A5037->3f4de2de-7d09-498f-aead-42327df81d94@group-C7908E81CC6B, cid=2239, SUCCESS, logIndex=3242, commits[3f4de2de-7d09-498f-aead-42327df81d94:c3244]
2019-08-05 04:38:00,744 INFO  client.GrpcClientProtocolClient (GrpcClientProtocolClient.java:onNext(255)) - client-C12DAE7A5037->3f4de2de-7d09-498f-aead-42327df81d94: receive RaftClientReply:client-C12DAE7A5037->3f4de2de-7d09-498f-aead-42327df81d94@group-C7908E81CC6B, cid=2240, SUCCESS, logIndex=3243, commits[3f4de2de-7d09-498f-aead-42327df81d94:c3244]
2019-08-05 04:38:00,772 INFO  client.GrpcClientProtocolClient (GrpcClientProtocolClient.java:onNext(255)) - client-C12DAE7A5037->3f4de2de-7d09-498f-aead-42327df81d94: receive RaftClientReply:client-C12DAE7A5037->3f4de2de-7d09-498f-aead-42327df81d94@group-C7908E81CC6B, cid=2241, SUCCESS, logIndex=3245, commits[3f4de2de-7d09-498f-aead-42327df81d94:c3246]
2019-08-05 04:38:00,772 DEBUG block.SCMBlockDeletingService (SCMBlockDeletingService.java:call(138)) - Running DeletedBlockTransactionScanner
2019-08-05 04:38:00,773 INFO  client.GrpcClientProtocolClient (GrpcClientProtocolClient.java:onNext(255)) - client-C12DAE7A5037->3f4de2de-7d09-498f-aead-42327df81d94: receive RaftClientReply:client-C12DAE7A5037->3f4de2de-7d09-498f-aead-42327df81d94@group-C7908E81CC6B, cid=2242, SUCCESS, logIndex=3246, commits[3f4de2de-7d09-498f-aead-42327df81d94:c3248]
2019-08-05 04:38:00,773 DEBUG block.SCMBlockDeletingService (SCMBlockDeletingService.java:call(155)) - Scanned deleted blocks log and got 0 delTX to process.
2019-08-05 04:38:00,773 INFO  client.GrpcClientProtocolClient (GrpcClientProtocolClient.java:onNext(255)) - client-C12DAE7A5037->3f4de2de-7d09-498f-aead-42327df81d94: receive RaftClientReply:client-C12DAE7A5037->3f4de2de-7d09-498f-aead-42327df81d94@group-C7908E81CC6B, cid=2243, SUCCESS, logIndex=3247, commits[3f4de2de-7d09-498f-aead-42327df81d94:c3248]
2019-08-05 04:38:00,773 INFO  client.GrpcClientProtocolClient (GrpcClientProtocolClient.java:onNext(255)) - client-C12DAE7A5037->3f4de2de-7d09-498f-aead-42327df81d94: receive RaftClientReply:client-C12DAE7A5037->3f4de2de-7d09-498f-aead-42327df81d94@group-C7908E81CC6B, cid=2244, SUCCESS, logIndex=3248, commits[3f4de2de-7d09-498f-aead-42327df81d94:c3249]
2019-08-05 04:38:00,806 INFO  client.GrpcClientProtocolClient (GrpcClientProtocolClient.java:onNext(255)) - client-C12DAE7A5037->3f4de2de-7d09-498f-aead-42327df81d94: receive RaftClientReply:client-C12DAE7A5037->3f4de2de-7d09-498f-aead-42327df81d94@group-C7908E81CC6B, cid=2245, SUCCESS, logIndex=3251, commits[3f4de2de-7d09-498f-aead-42327df81d94:c3252]
2019-08-05 04:38:00,806 INFO  client.GrpcClientProtocolClient (GrpcClientProtocolClient.java:onNext(255)) - client-C12DAE7A5037->3f4de2de-7d09-498f-aead-42327df81d94: receive RaftClientReply:client-C12DAE7A5037->3f4de2de-7d09-498f-aead-42327df81d94@group-C7908E81CC6B, cid=2246, SUCCESS, logIndex=3252, commits[3f4de2de-7d09-498f-aead-42327df81d94:c3252]
2019-08-05 04:38:00,809 INFO  client.GrpcClientProtocolClient (GrpcClientProtocolClient.java:onNext(255)) - client-C12DAE7A5037->3f4de2de-7d09-498f-aead-42327df81d94: receive RaftClientReply:client-C12DAE7A5037->3f4de2de-7d09-498f-aead-42327df81d94@group-C7908E81CC6B, cid=2247, SUCCESS, logIndex=3253, commits[3f4de2de-7d09-498f-aead-42327df81d94:c3254]
2019-08-05 04:38:00,809 INFO  client.GrpcClientProtocolClient (GrpcClientProtocolClient.java:onNext(255)) - client-C12DAE7A5037->3f4de2de-7d09-498f-aead-42327df81d94: receive RaftClientReply:client-C12DAE7A5037->3f4de2de-7d09-498f-aead-42327df81d94@group-C7908E81CC6B, cid=2248, SUCCESS, logIndex=3254, commits[3f4de2de-7d09-498f-aead-42327df81d94:c3254]
2019-08-05 04:38:00,840 INFO  client.GrpcClientProtocolClient (GrpcClientProtocolClient.java:onNext(255)) - client-C12DAE7A5037->3f4de2de-7d09-498f-aead-42327df81d94: receive RaftClientReply:client-C12DAE7A5037->3f4de2de-7d09-498f-aead-42327df81d94@group-C7908E81CC6B, cid=2249, SUCCESS, logIndex=3257, commits[3f4de2de-7d09-498f-aead-42327df81d94:c3260]
2019-08-05 04:38:00,840 INFO  client.GrpcClientProtocolClient (GrpcClientProtocolClient.java:onNext(255)) - client-C12DAE7A5037->3f4de2de-7d09-498f-aead-42327df81d94: receive RaftClientReply:client-C12DAE7A5037->3f4de2de-7d09-498f-aead-42327df81d94@group-C7908E81CC6B, cid=2250, SUCCESS, logIndex=3258, commits[3f4de2de-7d09-498f-aead-42327df81d94:c3260]
2019-08-05 04:38:00,841 INFO  client.GrpcClientProtocolClient (GrpcClientProtocolClient.java:onNext(255)) - client-C12DAE7A5037->3f4de2de-7d09-498f-aead-42327df81d94: receive RaftClientReply:client-C12DAE7A5037->3f4de2de-7d09-498f-aead-42327df81d94@group-C7908E81CC6B, cid=2251, SUCCESS, logIndex=3259, commits[3f4de2de-7d09-498f-aead-42327df81d94:c3261]
2019-08-05 04:38:00,841 INFO  client.GrpcClientProtocolClient (GrpcClientProtocolClient.java:onNext(255)) - client-C12DAE7A5037->3f4de2de-7d09-498f-aead-42327df81d94: receive RaftClientReply:client-C12DAE7A5037->3f4de2de-7d09-498f-aead-42327df81d94@group-C7908E81CC6B, cid=2252, SUCCESS, logIndex=3260, commits[3f4de2de-7d09-498f-aead-42327df81d94:c3261]
2019-08-05 04:38:00,861 INFO  client.GrpcClientProtocolClient (GrpcClientProtocolClient.java:onNext(255)) - client-C12DAE7A5037->3f4de2de-7d09-498f-aead-42327df81d94: receive RaftClientReply:client-C12DAE7A5037->3f4de2de-7d09-498f-aead-42327df81d94@group-C7908E81CC6B, cid=2253, SUCCESS, logIndex=3262, commits[3f4de2de-7d09-498f-aead-42327df81d94:c3263]
2019-08-05 04:38:00,861 INFO  client.GrpcClientProtocolClient (GrpcClientProtocolClient.java:onNext(255)) - client-C12DAE7A5037->3f4de2de-7d09-498f-aead-42327df81d94: receive RaftClientReply:client-C12DAE7A5037->3f4de2de-7d09-498f-aead-42327df81d94@group-C7908E81CC6B, cid=2254, SUCCESS, logIndex=3263, commits[3f4de2de-7d09-498f-aead-42327df81d94:c3264]
2019-08-05 04:38:00,873 DEBUG block.SCMBlockDeletingService (SCMBlockDeletingService.java:call(138)) - Running DeletedBlockTransactionScanner
2019-08-05 04:38:00,874 DEBUG block.SCMBlockDeletingService (SCMBlockDeletingService.java:call(155)) - Scanned deleted blocks log and got 0 delTX to process.
2019-08-05 04:38:01,018 DEBUG block.SCMBlockDeletingService (SCMBlockDeletingService.java:call(138)) - Running DeletedBlockTransactionScanner
2019-08-05 04:38:01,018 DEBUG block.SCMBlockDeletingService (SCMBlockDeletingService.java:call(155)) - Scanned deleted blocks log and got 0 delTX to process.
2019-08-05 04:38:01,049 INFO  client.GrpcClientProtocolClient (GrpcClientProtocolClient.java:onNext(255)) - client-C12DAE7A5037->3f4de2de-7d09-498f-aead-42327df81d94: receive RaftClientReply:client-C12DAE7A5037->3f4de2de-7d09-498f-aead-42327df81d94@group-C7908E81CC6B, cid=2255, SUCCESS, logIndex=3265, commits[3f4de2de-7d09-498f-aead-42327df81d94:c3266]
2019-08-05 04:38:01,050 INFO  client.GrpcClientProtocolClient (GrpcClientProtocolClient.java:onNext(255)) - client-C12DAE7A5037->3f4de2de-7d09-498f-aead-42327df81d94: receive RaftClientReply:client-C12DAE7A5037->3f4de2de-7d09-498f-aead-42327df81d94@group-C7908E81CC6B, cid=2256, SUCCESS, logIndex=3266, commits[3f4de2de-7d09-498f-aead-42327df81d94:c3267]
2019-08-05 04:38:01,081 INFO  client.GrpcClientProtocolClient (GrpcClientProtocolClient.java:onNext(255)) - client-C12DAE7A5037->3f4de2de-7d09-498f-aead-42327df81d94: receive RaftClientReply:client-C12DAE7A5037->3f4de2de-7d09-498f-aead-42327df81d94@group-C7908E81CC6B, cid=2257, SUCCESS, logIndex=3268, commits[3f4de2de-7d09-498f-aead-42327df81d94:c3269]
2019-08-05 04:38:01,082 INFO  client.GrpcClientProtocolClient (GrpcClientProtocolClient.java:onNext(255)) - client-C12DAE7A5037->3f4de2de-7d09-498f-aead-42327df81d94: receive RaftClientReply:client-C12DAE7A5037->3f4de2de-7d09-498f-aead-42327df81d94@group-C7908E81CC6B, cid=2258, SUCCESS, logIndex=3269, commits[3f4de2de-7d09-498f-aead-42327df81d94:c3271]
2019-08-05 04:38:01,082 INFO  client.GrpcClientProtocolClient (GrpcClientProtocolClient.java:onNext(255)) - client-C12DAE7A5037->3f4de2de-7d09-498f-aead-42327df81d94: receive RaftClientReply:client-C12DAE7A5037->3f4de2de-7d09-498f-aead-42327df81d94@group-C7908E81CC6B, cid=2259, SUCCESS, logIndex=3270, commits[3f4de2de-7d09-498f-aead-42327df81d94:c3271]
2019-08-05 04:38:01,083 INFO  client.GrpcClientProtocolClient (GrpcClientProtocolClient.java:onNext(255)) - client-C12DAE7A5037->3f4de2de-7d09-498f-aead-42327df81d94: receive RaftClientReply:client-C12DAE7A5037->3f4de2de-7d09-498f-aead-42327df81d94@group-C7908E81CC6B, cid=2260, SUCCESS, logIndex=3271, commits[3f4de2de-7d09-498f-aead-42327df81d94:c3272]
2019-08-05 04:38:01,106 INFO  client.GrpcClientProtocolClient (GrpcClientProtocolClient.java:onNext(255)) - client-C12DAE7A5037->3f4de2de-7d09-498f-aead-42327df81d94: receive RaftClientReply:client-C12DAE7A5037->3f4de2de-7d09-498f-aead-42327df81d94@group-C7908E81CC6B, cid=2261, SUCCESS, logIndex=3274, commits[3f4de2de-7d09-498f-aead-42327df81d94:c3277]
2019-08-05 04:38:01,107 INFO  client.GrpcClientProtocolClient (GrpcClientProtocolClient.java:onNext(255)) - client-C12DAE7A5037->3f4de2de-7d09-498f-aead-42327df81d94: receive RaftClientReply:client-C12DAE7A5037->3f4de2de-7d09-498f-aead-42327df81d94@group-C7908E81CC6B, cid=2262, SUCCESS, logIndex=3275, commits[3f4de2de-7d09-498f-aead-42327df81d94:c3278]
2019-08-05 04:38:01,107 INFO  client.GrpcClientProtocolClient (GrpcClientProtocolClient.java:onNext(255)) - client-C12DAE7A5037->3f4de2de-7d09-498f-aead-42327df81d94: receive RaftClientReply:client-C12DAE7A5037->3f4de2de-7d09-498f-aead-42327df81d94@group-C7908E81CC6B, cid=2263, SUCCESS, logIndex=3276, commits[3f4de2de-7d09-498f-aead-42327df81d94:c3278]
2019-08-05 04:38:01,108 INFO  client.GrpcClientProtocolClient (GrpcClientProtocolClient.java:onNext(255)) - client-C12DAE7A5037->3f4de2de-7d09-498f-aead-42327df81d94: receive RaftClientReply:client-C12DAE7A5037->3f4de2de-7d09-498f-aead-42327df81d94@group-C7908E81CC6B, cid=2264, SUCCESS, logIndex=3277, commits[3f4de2de-7d09-498f-aead-42327df81d94:c3278]
2019-08-05 04:38:01,119 DEBUG block.SCMBlockDeletingService (SCMBlockDeletingService.java:call(138)) - Running DeletedBlockTransactionScanner
2019-08-05 04:38:01,119 DEBUG block.SCMBlockDeletingService (SCMBlockDeletingService.java:call(155)) - Scanned deleted blocks log and got 0 delTX to process.
2019-08-05 04:38:01,141 INFO  client.GrpcClientProtocolClient (GrpcClientProtocolClient.java:onNext(255)) - client-C12DAE7A5037->3f4de2de-7d09-498f-aead-42327df81d94: receive RaftClientReply:client-C12DAE7A5037->3f4de2de-7d09-498f-aead-42327df81d94@group-C7908E81CC6B, cid=2265, SUCCESS, logIndex=3279, commits[3f4de2de-7d09-498f-aead-42327df81d94:c3282]
2019-08-05 04:38:01,141 INFO  client.GrpcClientProtocolClient (GrpcClientProtocolClient.java:onNext(255)) - client-C12DAE7A5037->3f4de2de-7d09-498f-aead-42327df81d94: receive RaftClientReply:client-C12DAE7A5037->3f4de2de-7d09-498f-aead-42327df81d94@group-C7908E81CC6B, cid=2266, SUCCESS, logIndex=3280, commits[3f4de2de-7d09-498f-aead-42327df81d94:c3283]
2019-08-05 04:38:01,142 INFO  client.GrpcClientProtocolClient (GrpcClientProtocolClient.java:onNext(255)) - client-C12DAE7A5037->3f4de2de-7d09-498f-aead-42327df81d94: receive RaftClientReply:client-C12DAE7A5037->3f4de2de-7d09-498f-aead-42327df81d94@group-C7908E81CC6B, cid=2267, SUCCESS, logIndex=3281, commits[3f4de2de-7d09-498f-aead-42327df81d94:c3283]
2019-08-05 04:38:01,142 INFO  client.GrpcClientProtocolClient (GrpcClientProtocolClient.java:onNext(255)) - client-C12DAE7A5037->3f4de2de-7d09-498f-aead-42327df81d94: receive RaftClientReply:client-C12DAE7A5037->3f4de2de-7d09-498f-aead-42327df81d94@group-C7908E81CC6B, cid=2268, SUCCESS, logIndex=3282, commits[3f4de2de-7d09-498f-aead-42327df81d94:c3283]
2019-08-05 04:38:01,164 INFO  client.GrpcClientProtocolClient (GrpcClientProtocolClient.java:onNext(255)) - client-C12DAE7A5037->3f4de2de-7d09-498f-aead-42327df81d94: receive RaftClientReply:client-C12DAE7A5037->3f4de2de-7d09-498f-aead-42327df81d94@group-C7908E81CC6B, cid=2269, SUCCESS, logIndex=3284, commits[3f4de2de-7d09-498f-aead-42327df81d94:c3287]
2019-08-05 04:38:01,165 INFO  client.GrpcClientProtocolClient (GrpcClientProtocolClient.java:onNext(255)) - client-C12DAE7A5037->3f4de2de-7d09-498f-aead-42327df81d94: receive RaftClientReply:client-C12DAE7A5037->3f4de2de-7d09-498f-aead-42327df81d94@group-C7908E81CC6B, cid=2270, SUCCESS, logIndex=3285, commits[3f4de2de-7d09-498f-aead-42327df81d94:c3288]
2019-08-05 04:38:01,165 INFO  client.GrpcClientProtocolClient (GrpcClientProtocolClient.java:onNext(255)) - client-C12DAE7A5037->3f4de2de-7d09-498f-aead-42327df81d94: receive RaftClientReply:client-C12DAE7A5037->3f4de2de-7d09-498f-aead-42327df81d94@group-C7908E81CC6B, cid=2271, SUCCESS, logIndex=3286, commits[3f4de2de-7d09-498f-aead-42327df81d94:c3288]
2019-08-05 04:38:01,165 INFO  client.GrpcClientProtocolClient (GrpcClientProtocolClient.java:onNext(255)) - client-C12DAE7A5037->3f4de2de-7d09-498f-aead-42327df81d94: receive RaftClientReply:client-C12DAE7A5037->3f4de2de-7d09-498f-aead-42327df81d94@group-C7908E81CC6B, cid=2272, SUCCESS, logIndex=3287, commits[3f4de2de-7d09-498f-aead-42327df81d94:c3288]
2019-08-05 04:38:01,191 INFO  client.GrpcClientProtocolClient (GrpcClientProtocolClient.java:onNext(255)) - client-C12DAE7A5037->3f4de2de-7d09-498f-aead-42327df81d94: receive RaftClientReply:client-C12DAE7A5037->3f4de2de-7d09-498f-aead-42327df81d94@group-C7908E81CC6B, cid=2273, SUCCESS, logIndex=3289, commits[3f4de2de-7d09-498f-aead-42327df81d94:c3290]
2019-08-05 04:38:01,192 INFO  client.GrpcClientProtocolClient (GrpcClientProtocolClient.java:onNext(255)) - client-C12DAE7A5037->3f4de2de-7d09-498f-aead-42327df81d94: receive RaftClientReply:client-C12DAE7A5037->3f4de2de-7d09-498f-aead-42327df81d94@group-C7908E81CC6B, cid=2274, SUCCESS, logIndex=3290, commits[3f4de2de-7d09-498f-aead-42327df81d94:c3292]
2019-08-05 04:38:01,192 INFO  client.GrpcClientProtocolClient (GrpcClientProtocolClient.java:onNext(255)) - client-C12DAE7A5037->3f4de2de-7d09-498f-aead-42327df81d94: receive RaftClientReply:client-C12DAE7A5037->3f4de2de-7d09-498f-aead-42327df81d94@group-C7908E81CC6B, cid=2275, SUCCESS, logIndex=3291, commits[3f4de2de-7d09-498f-aead-42327df81d94:c3293]
2019-08-05 04:38:01,193 INFO  client.GrpcClientProtocolClient (GrpcClientProtocolClient.java:onNext(255)) - client-C12DAE7A5037->3f4de2de-7d09-498f-aead-42327df81d94: receive RaftClientReply:client-C12DAE7A5037->3f4de2de-7d09-498f-aead-42327df81d94@group-C7908E81CC6B, cid=2276, SUCCESS, logIndex=3292, commits[3f4de2de-7d09-498f-aead-42327df81d94:c3294]
2019-08-05 04:38:01,212 INFO  client.GrpcClientProtocolClient (GrpcClientProtocolClient.java:onNext(255)) - client-C12DAE7A5037->3f4de2de-7d09-498f-aead-42327df81d94: receive RaftClientReply:client-C12DAE7A5037->3f4de2de-7d09-498f-aead-42327df81d94@group-C7908E81CC6B, cid=2277, SUCCESS, logIndex=3295, commits[3f4de2de-7d09-498f-aead-42327df81d94:c3296]
2019-08-05 04:38:01,212 INFO  client.GrpcClientProtocolClient (GrpcClientProtocolClient.java:onNext(255)) - client-C12DAE7A5037->3f4de2de-7d09-498f-aead-42327df81d94: receive RaftClientReply:client-C12DAE7A5037->3f4de2de-7d09-498f-aead-42327df81d94@group-C7908E81CC6B, cid=2278, SUCCESS, logIndex=3296, commits[3f4de2de-7d09-498f-aead-42327df81d94:c3296]
2019-08-05 04:38:01,215 INFO  client.GrpcClientProtocolClient (GrpcClientProtocolClient.java:onNext(255)) - client-C12DAE7A5037->3f4de2de-7d09-498f-aead-42327df81d94: receive RaftClientReply:client-C12DAE7A5037->3f4de2de-7d09-498f-aead-42327df81d94@group-C7908E81CC6B, cid=2279, SUCCESS, logIndex=3297, commits[3f4de2de-7d09-498f-aead-42327df81d94:c3298]
2019-08-05 04:38:01,215 INFO  client.GrpcClientProtocolClient (GrpcClientProtocolClient.java:onNext(255)) - client-C12DAE7A5037->3f4de2de-7d09-498f-aead-42327df81d94: receive RaftClientReply:client-C12DAE7A5037->3f4de2de-7d09-498f-aead-42327df81d94@group-C7908E81CC6B, cid=2280, SUCCESS, logIndex=3298, commits[3f4de2de-7d09-498f-aead-42327df81d94:c3298]
2019-08-05 04:38:01,220 DEBUG block.SCMBlockDeletingService (SCMBlockDeletingService.java:call(138)) - Running DeletedBlockTransactionScanner
2019-08-05 04:38:01,220 DEBUG block.SCMBlockDeletingService (SCMBlockDeletingService.java:call(155)) - Scanned deleted blocks log and got 0 delTX to process.
2019-08-05 04:38:01,243 INFO  client.GrpcClientProtocolClient (GrpcClientProtocolClient.java:onNext(255)) - client-C12DAE7A5037->3f4de2de-7d09-498f-aead-42327df81d94: receive RaftClientReply:client-C12DAE7A5037->3f4de2de-7d09-498f-aead-42327df81d94@group-C7908E81CC6B, cid=2281, SUCCESS, logIndex=3301, commits[3f4de2de-7d09-498f-aead-42327df81d94:c3304]
2019-08-05 04:38:01,243 INFO  client.GrpcClientProtocolClient (GrpcClientProtocolClient.java:onNext(255)) - client-C12DAE7A5037->3f4de2de-7d09-498f-aead-42327df81d94: receive RaftClientReply:client-C12DAE7A5037->3f4de2de-7d09-498f-aead-42327df81d94@group-C7908E81CC6B, cid=2282, SUCCESS, logIndex=3302, commits[3f4de2de-7d09-498f-aead-42327df81d94:c3304]
2019-08-05 04:38:01,243 INFO  client.GrpcClientProtocolClient (GrpcClientProtocolClient.java:onNext(255)) - client-C12DAE7A5037->3f4de2de-7d09-498f-aead-42327df81d94: receive RaftClientReply:client-C12DAE7A5037->3f4de2de-7d09-498f-aead-42327df81d94@group-C7908E81CC6B, cid=2283, SUCCESS, logIndex=3303, commits[3f4de2de-7d09-498f-aead-42327df81d94:c3305]
2019-08-05 04:38:01,244 INFO  client.GrpcClientProtocolClient (GrpcClientProtocolClient.java:onNext(255)) - client-C12DAE7A5037->3f4de2de-7d09-498f-aead-42327df81d94: receive RaftClientReply:client-C12DAE7A5037->3f4de2de-7d09-498f-aead-42327df81d94@group-C7908E81CC6B, cid=2284, SUCCESS, logIndex=3304, commits[3f4de2de-7d09-498f-aead-42327df81d94:c3305]
2019-08-05 04:38:01,262 INFO  client.GrpcClientProtocolClient (GrpcClientProtocolClient.java:onNext(255)) - client-C12DAE7A5037->3f4de2de-7d09-498f-aead-42327df81d94: receive RaftClientReply:client-C12DAE7A5037->3f4de2de-7d09-498f-aead-42327df81d94@group-C7908E81CC6B, cid=2285, SUCCESS, logIndex=3306, commits[3f4de2de-7d09-498f-aead-42327df81d94:c3307]
2019-08-05 04:38:01,263 INFO  client.GrpcClientProtocolClient (GrpcClientProtocolClient.java:onNext(255)) - client-C12DAE7A5037->3f4de2de-7d09-498f-aead-42327df81d94: receive RaftClientReply:client-C12DAE7A5037->3f4de2de-7d09-498f-aead-42327df81d94@group-C7908E81CC6B, cid=2286, SUCCESS, logIndex=3307, commits[3f4de2de-7d09-498f-aead-42327df81d94:c3307]
2019-08-05 04:38:01,263 INFO  client.GrpcClientProtocolClient (GrpcClientProtocolClient.java:onNext(255)) - client-C12DAE7A5037->3f4de2de-7d09-498f-aead-42327df81d94: receive RaftClientReply:client-C12DAE7A5037->3f4de2de-7d09-498f-aead-42327df81d94@group-C7908E81CC6B, cid=2287, SUCCESS, logIndex=3308, commits[3f4de2de-7d09-498f-aead-42327df81d94:c3309]
2019-08-05 04:38:01,264 INFO  client.GrpcClientProtocolClient (GrpcClientProtocolClient.java:onNext(255)) - client-C12DAE7A5037->3f4de2de-7d09-498f-aead-42327df81d94: receive RaftClientReply:client-C12DAE7A5037->3f4de2de-7d09-498f-aead-42327df81d94@group-C7908E81CC6B, cid=2288, SUCCESS, logIndex=3309, commits[3f4de2de-7d09-498f-aead-42327df81d94:c3309]
2019-08-05 04:38:01,290 INFO  client.GrpcClientProtocolClient (GrpcClientProtocolClient.java:onNext(255)) - client-C12DAE7A5037->3f4de2de-7d09-498f-aead-42327df81d94: receive RaftClientReply:client-C12DAE7A5037->3f4de2de-7d09-498f-aead-42327df81d94@group-C7908E81CC6B, cid=2289, SUCCESS, logIndex=3312, commits[3f4de2de-7d09-498f-aead-42327df81d94:c3313]
2019-08-05 04:38:01,290 INFO  client.GrpcClientProtocolClient (GrpcClientProtocolClient.java:onNext(255)) - client-C12DAE7A5037->3f4de2de-7d09-498f-aead-42327df81d94: receive RaftClientReply:client-C12DAE7A5037->3f4de2de-7d09-498f-aead-42327df81d94@group-C7908E81CC6B, cid=2290, SUCCESS, logIndex=3313, commits[3f4de2de-7d09-498f-aead-42327df81d94:c3315]
2019-08-05 04:38:01,291 INFO  client.GrpcClientProtocolClient (GrpcClientProtocolClient.java:onNext(255)) - client-C12DAE7A5037->3f4de2de-7d09-498f-aead-42327df81d94: receive RaftClientReply:client-C12DAE7A5037->3f4de2de-7d09-498f-aead-42327df81d94@group-C7908E81CC6B, cid=2291, SUCCESS, logIndex=3314, commits[3f4de2de-7d09-498f-aead-42327df81d94:c3316]
2019-08-05 04:38:01,291 INFO  client.GrpcClientProtocolClient (GrpcClientProtocolClient.java:onNext(255)) - client-C12DAE7A5037->3f4de2de-7d09-498f-aead-42327df81d94: receive RaftClientReply:client-C12DAE7A5037->3f4de2de-7d09-498f-aead-42327df81d94@group-C7908E81CC6B, cid=2292, SUCCESS, logIndex=3315, commits[3f4de2de-7d09-498f-aead-42327df81d94:c3317]
2019-08-05 04:38:01,309 INFO  client.GrpcClientProtocolClient (GrpcClientProtocolClient.java:onNext(255)) - client-C12DAE7A5037->3f4de2de-7d09-498f-aead-42327df81d94: receive RaftClientReply:client-C12DAE7A5037->3f4de2de-7d09-498f-aead-42327df81d94@group-C7908E81CC6B, cid=2293, SUCCESS, logIndex=3318, commits[3f4de2de-7d09-498f-aead-42327df81d94:c3319]
2019-08-05 04:38:01,310 INFO  client.GrpcClientProtocolClient (GrpcClientProtocolClient.java:onNext(255)) - client-C12DAE7A5037->3f4de2de-7d09-498f-aead-42327df81d94: receive RaftClientReply:client-C12DAE7A5037->3f4de2de-7d09-498f-aead-42327df81d94@group-C7908E81CC6B, cid=2294, SUCCESS, logIndex=3319, commits[3f4de2de-7d09-498f-aead-42327df81d94:c3321]
2019-08-05 04:38:01,310 INFO  client.GrpcClientProtocolClient (GrpcClientProtocolClient.java:onNext(255)) - client-C12DAE7A5037->3f4de2de-7d09-498f-aead-42327df81d94: receive RaftClientReply:client-C12DAE7A5037->3f4de2de-7d09-498f-aead-42327df81d94@group-C7908E81CC6B, cid=2295, SUCCESS, logIndex=3320, commits[3f4de2de-7d09-498f-aead-42327df81d94:c3321]
2019-08-05 04:38:01,310 INFO  client.GrpcClientProtocolClient (GrpcClientProtocolClient.java:onNext(255)) - client-C12DAE7A5037->3f4de2de-7d09-498f-aead-42327df81d94: receive RaftClientReply:client-C12DAE7A5037->3f4de2de-7d09-498f-aead-42327df81d94@group-C7908E81CC6B, cid=2296, SUCCESS, logIndex=3321, commits[3f4de2de-7d09-498f-aead-42327df81d94:c3322]
2019-08-05 04:38:01,320 DEBUG block.SCMBlockDeletingService (SCMBlockDeletingService.java:call(138)) - Running DeletedBlockTransactionScanner
2019-08-05 04:38:01,321 DEBUG block.SCMBlockDeletingService (SCMBlockDeletingService.java:call(155)) - Scanned deleted blocks log and got 0 delTX to process.
2019-08-05 04:38:01,337 INFO  client.GrpcClientProtocolClient (GrpcClientProtocolClient.java:onNext(255)) - client-C12DAE7A5037->3f4de2de-7d09-498f-aead-42327df81d94: receive RaftClientReply:client-C12DAE7A5037->3f4de2de-7d09-498f-aead-42327df81d94@group-C7908E81CC6B, cid=2297, SUCCESS, logIndex=3324, commits[3f4de2de-7d09-498f-aead-42327df81d94:c3325]
2019-08-05 04:38:01,338 INFO  client.GrpcClientProtocolClient (GrpcClientProtocolClient.java:onNext(255)) - client-C12DAE7A5037->3f4de2de-7d09-498f-aead-42327df81d94: receive RaftClientReply:client-C12DAE7A5037->3f4de2de-7d09-498f-aead-42327df81d94@group-C7908E81CC6B, cid=2298, SUCCESS, logIndex=3325, commits[3f4de2de-7d09-498f-aead-42327df81d94:c3326]
2019-08-05 04:38:01,421 DEBUG block.SCMBlockDeletingService (SCMBlockDeletingService.java:call(138)) - Running DeletedBlockTransactionScanner
2019-08-05 04:38:01,421 DEBUG block.SCMBlockDeletingService (SCMBlockDeletingService.java:call(155)) - Scanned deleted blocks log and got 0 delTX to process.
2019-08-05 04:38:01,431 INFO  client.GrpcClientProtocolClient (GrpcClientProtocolClient.java:onNext(255)) - client-C12DAE7A5037->3f4de2de-7d09-498f-aead-42327df81d94: receive RaftClientReply:client-C12DAE7A5037->3f4de2de-7d09-498f-aead-42327df81d94@group-C7908E81CC6B, cid=2299, SUCCESS, logIndex=3327, commits[3f4de2de-7d09-498f-aead-42327df81d94:c3328]
2019-08-05 04:38:01,432 INFO  client.GrpcClientProtocolClient (GrpcClientProtocolClient.java:onNext(255)) - client-C12DAE7A5037->3f4de2de-7d09-498f-aead-42327df81d94: receive RaftClientReply:client-C12DAE7A5037->3f4de2de-7d09-498f-aead-42327df81d94@group-C7908E81CC6B, cid=2300, SUCCESS, logIndex=3328, commits[3f4de2de-7d09-498f-aead-42327df81d94:c3328]
2019-08-05 04:38:01,451 INFO  client.GrpcClientProtocolClient (GrpcClientProtocolClient.java:onNext(255)) - client-C12DAE7A5037->3f4de2de-7d09-498f-aead-42327df81d94: receive RaftClientReply:client-C12DAE7A5037->3f4de2de-7d09-498f-aead-42327df81d94@group-C7908E81CC6B, cid=2301, SUCCESS, logIndex=3330, commits[3f4de2de-7d09-498f-aead-42327df81d94:c3331]
2019-08-05 04:38:01,451 INFO  client.GrpcClientProtocolClient (GrpcClientProtocolClient.java:onNext(255)) - client-C12DAE7A5037->3f4de2de-7d09-498f-aead-42327df81d94: receive RaftClientReply:client-C12DAE7A5037->3f4de2de-7d09-498f-aead-42327df81d94@group-C7908E81CC6B, cid=2302, SUCCESS, logIndex=3331, commits[3f4de2de-7d09-498f-aead-42327df81d94:c3333]
2019-08-05 04:38:01,452 INFO  client.GrpcClientProtocolClient (GrpcClientProtocolClient.java:onNext(255)) - client-C12DAE7A5037->3f4de2de-7d09-498f-aead-42327df81d94: receive RaftClientReply:client-C12DAE7A5037->3f4de2de-7d09-498f-aead-42327df81d94@group-C7908E81CC6B, cid=2303, SUCCESS, logIndex=3332, commits[3f4de2de-7d09-498f-aead-42327df81d94:c3334]
2019-08-05 04:38:01,452 INFO  client.GrpcClientProtocolClient (GrpcClientProtocolClient.java:onNext(255)) - client-C12DAE7A5037->3f4de2de-7d09-498f-aead-42327df81d94: receive RaftClientReply:client-C12DAE7A5037->3f4de2de-7d09-498f-aead-42327df81d94@group-C7908E81CC6B, cid=2304, SUCCESS, logIndex=3333, commits[3f4de2de-7d09-498f-aead-42327df81d94:c3334]
2019-08-05 04:38:01,480 INFO  client.GrpcClientProtocolClient (GrpcClientProtocolClient.java:onNext(255)) - client-C12DAE7A5037->3f4de2de-7d09-498f-aead-42327df81d94: receive RaftClientReply:client-C12DAE7A5037->3f4de2de-7d09-498f-aead-42327df81d94@group-C7908E81CC6B, cid=2305, SUCCESS, logIndex=3336, commits[3f4de2de-7d09-498f-aead-42327df81d94:c3337]
2019-08-05 04:38:01,481 INFO  client.GrpcClientProtocolClient (GrpcClientProtocolClient.java:onNext(255)) - client-C12DAE7A5037->3f4de2de-7d09-498f-aead-42327df81d94: receive RaftClientReply:client-C12DAE7A5037->3f4de2de-7d09-498f-aead-42327df81d94@group-C7908E81CC6B, cid=2306, SUCCESS, logIndex=3337, commits[3f4de2de-7d09-498f-aead-42327df81d94:c3339]
2019-08-05 04:38:01,481 INFO  client.GrpcClientProtocolClient (GrpcClientProtocolClient.java:onNext(255)) - client-C12DAE7A5037->3f4de2de-7d09-498f-aead-42327df81d94: receive RaftClientReply:client-C12DAE7A5037->3f4de2de-7d09-498f-aead-42327df81d94@group-C7908E81CC6B, cid=2307, SUCCESS, logIndex=3338, commits[3f4de2de-7d09-498f-aead-42327df81d94:c3340]
2019-08-05 04:38:01,481 INFO  client.GrpcClientProtocolClient (GrpcClientProtocolClient.java:onNext(255)) - client-C12DAE7A5037->3f4de2de-7d09-498f-aead-42327df81d94: receive RaftClientReply:client-C12DAE7A5037->3f4de2de-7d09-498f-aead-42327df81d94@group-C7908E81CC6B, cid=2308, SUCCESS, logIndex=3339, commits[3f4de2de-7d09-498f-aead-42327df81d94:c3340]
2019-08-05 04:38:01,500 INFO  client.GrpcClientProtocolClient (GrpcClientProtocolClient.java:onNext(255)) - client-C12DAE7A5037->3f4de2de-7d09-498f-aead-42327df81d94: receive RaftClientReply:client-C12DAE7A5037->3f4de2de-7d09-498f-aead-42327df81d94@group-C7908E81CC6B, cid=2309, SUCCESS, logIndex=3342, commits[3f4de2de-7d09-498f-aead-42327df81d94:c3343]
2019-08-05 04:38:01,500 INFO  client.GrpcClientProtocolClient (GrpcClientProtocolClient.java:onNext(255)) - client-C12DAE7A5037->3f4de2de-7d09-498f-aead-42327df81d94: receive RaftClientReply:client-C12DAE7A5037->3f4de2de-7d09-498f-aead-42327df81d94@group-C7908E81CC6B, cid=2310, SUCCESS, logIndex=3343, commits[3f4de2de-7d09-498f-aead-42327df81d94:c3345]
2019-08-05 04:38:01,501 INFO  client.GrpcClientProtocolClient (GrpcClientProtocolClient.java:onNext(255)) - client-C12DAE7A5037->3f4de2de-7d09-498f-aead-42327df81d94: receive RaftClientReply:client-C12DAE7A5037->3f4de2de-7d09-498f-aead-42327df81d94@group-C7908E81CC6B, cid=2311, SUCCESS, logIndex=3344, commits[3f4de2de-7d09-498f-aead-42327df81d94:c3346]
2019-08-05 04:38:01,501 INFO  client.GrpcClientProtocolClient (GrpcClientProtocolClient.java:onNext(255)) - client-C12DAE7A5037->3f4de2de-7d09-498f-aead-42327df81d94: receive RaftClientReply:client-C12DAE7A5037->3f4de2de-7d09-498f-aead-42327df81d94@group-C7908E81CC6B, cid=2312, SUCCESS, logIndex=3345, commits[3f4de2de-7d09-498f-aead-42327df81d94:c3346]
2019-08-05 04:38:01,522 DEBUG block.SCMBlockDeletingService (SCMBlockDeletingService.java:call(138)) - Running DeletedBlockTransactionScanner
2019-08-05 04:38:01,522 DEBUG block.SCMBlockDeletingService (SCMBlockDeletingService.java:call(155)) - Scanned deleted blocks log and got 0 delTX to process.
2019-08-05 04:38:01,529 INFO  client.GrpcClientProtocolClient (GrpcClientProtocolClient.java:onNext(255)) - client-C12DAE7A5037->3f4de2de-7d09-498f-aead-42327df81d94: receive RaftClientReply:client-C12DAE7A5037->3f4de2de-7d09-498f-aead-42327df81d94@group-C7908E81CC6B, cid=2313, SUCCESS, logIndex=3348, commits[3f4de2de-7d09-498f-aead-42327df81d94:c3349]
2019-08-05 04:38:01,530 INFO  client.GrpcClientProtocolClient (GrpcClientProtocolClient.java:onNext(255)) - client-C12DAE7A5037->3f4de2de-7d09-498f-aead-42327df81d94: receive RaftClientReply:client-C12DAE7A5037->3f4de2de-7d09-498f-aead-42327df81d94@group-C7908E81CC6B, cid=2314, SUCCESS, logIndex=3349, commits[3f4de2de-7d09-498f-aead-42327df81d94:c3349]
2019-08-05 04:38:01,533 INFO  client.GrpcClientProtocolClient (GrpcClientProtocolClient.java:onNext(255)) - client-C12DAE7A5037->3f4de2de-7d09-498f-aead-42327df81d94: receive RaftClientReply:client-C12DAE7A5037->3f4de2de-7d09-498f-aead-42327df81d94@group-C7908E81CC6B, cid=2315, SUCCESS, logIndex=3350, commits[3f4de2de-7d09-498f-aead-42327df81d94:c3352]
2019-08-05 04:38:01,533 INFO  client.GrpcClientProtocolClient (GrpcClientProtocolClient.java:onNext(255)) - client-C12DAE7A5037->3f4de2de-7d09-498f-aead-42327df81d94: receive RaftClientReply:client-C12DAE7A5037->3f4de2de-7d09-498f-aead-42327df81d94@group-C7908E81CC6B, cid=2316, SUCCESS, logIndex=3351, commits[3f4de2de-7d09-498f-aead-42327df81d94:c3352]
2019-08-05 04:38:01,552 INFO  client.GrpcClientProtocolClient (GrpcClientProtocolClient.java:onNext(255)) - client-C12DAE7A5037->3f4de2de-7d09-498f-aead-42327df81d94: receive RaftClientReply:client-C12DAE7A5037->3f4de2de-7d09-498f-aead-42327df81d94@group-C7908E81CC6B, cid=2317, SUCCESS, logIndex=3353, commits[3f4de2de-7d09-498f-aead-42327df81d94:c3354]
2019-08-05 04:38:01,552 INFO  client.GrpcClientProtocolClient (GrpcClientProtocolClient.java:onNext(255)) - client-C12DAE7A5037->3f4de2de-7d09-498f-aead-42327df81d94: receive RaftClientReply:client-C12DAE7A5037->3f4de2de-7d09-498f-aead-42327df81d94@group-C7908E81CC6B, cid=2318, SUCCESS, logIndex=3354, commits[3f4de2de-7d09-498f-aead-42327df81d94:c3354]
2019-08-05 04:38:01,554 INFO  client.GrpcClientProtocolClient (GrpcClientProtocolClient.java:onNext(255)) - client-C12DAE7A5037->3f4de2de-7d09-498f-aead-42327df81d94: receive RaftClientReply:client-C12DAE7A5037->3f4de2de-7d09-498f-aead-42327df81d94@group-C7908E81CC6B, cid=2319, SUCCESS, logIndex=3355, commits[3f4de2de-7d09-498f-aead-42327df81d94:c3356]
2019-08-05 04:38:01,554 INFO  client.GrpcClientProtocolClient (GrpcClientProtocolClient.java:onNext(255)) - client-C12DAE7A5037->3f4de2de-7d09-498f-aead-42327df81d94: receive RaftClientReply:client-C12DAE7A5037->3f4de2de-7d09-498f-aead-42327df81d94@group-C7908E81CC6B, cid=2320, SUCCESS, logIndex=3356, commits[3f4de2de-7d09-498f-aead-42327df81d94:c3356]
2019-08-05 04:38:01,584 INFO  client.GrpcClientProtocolClient (GrpcClientProtocolClient.java:onNext(255)) - client-C12DAE7A5037->3f4de2de-7d09-498f-aead-42327df81d94: receive RaftClientReply:client-C12DAE7A5037->3f4de2de-7d09-498f-aead-42327df81d94@group-C7908E81CC6B, cid=2321, SUCCESS, logIndex=3359, commits[3f4de2de-7d09-498f-aead-42327df81d94:c3362]
2019-08-05 04:38:01,584 INFO  client.GrpcClientProtocolClient (GrpcClientProtocolClient.java:onNext(255)) - client-C12DAE7A5037->3f4de2de-7d09-498f-aead-42327df81d94: receive RaftClientReply:client-C12DAE7A5037->3f4de2de-7d09-498f-aead-42327df81d94@group-C7908E81CC6B, cid=2322, SUCCESS, logIndex=3360, commits[3f4de2de-7d09-498f-aead-42327df81d94:c3363]
2019-08-05 04:38:01,585 INFO  client.GrpcClientProtocolClient (GrpcClientProtocolClient.java:onNext(255)) - client-C12DAE7A5037->3f4de2de-7d09-498f-aead-42327df81d94: receive RaftClientReply:client-C12DAE7A5037->3f4de2de-7d09-498f-aead-42327df81d94@group-C7908E81CC6B, cid=2323, SUCCESS, logIndex=3361, commits[3f4de2de-7d09-498f-aead-42327df81d94:c3363]
2019-08-05 04:38:01,585 INFO  client.GrpcClientProtocolClient (GrpcClientProtocolClient.java:onNext(255)) - client-C12DAE7A5037->3f4de2de-7d09-498f-aead-42327df81d94: receive RaftClientReply:client-C12DAE7A5037->3f4de2de-7d09-498f-aead-42327df81d94@group-C7908E81CC6B, cid=2324, SUCCESS, logIndex=3362, commits[3f4de2de-7d09-498f-aead-42327df81d94:c3363]
2019-08-05 04:38:01,604 INFO  client.GrpcClientProtocolClient (GrpcClientProtocolClient.java:onNext(255)) - client-C12DAE7A5037->3f4de2de-7d09-498f-aead-42327df81d94: receive RaftClientReply:client-C12DAE7A5037->3f4de2de-7d09-498f-aead-42327df81d94@group-C7908E81CC6B, cid=2325, SUCCESS, logIndex=3364, commits[3f4de2de-7d09-498f-aead-42327df81d94:c3367]
2019-08-05 04:38:01,604 INFO  client.GrpcClientProtocolClient (GrpcClientProtocolClient.java:onNext(255)) - client-C12DAE7A5037->3f4de2de-7d09-498f-aead-42327df81d94: receive RaftClientReply:client-C12DAE7A5037->3f4de2de-7d09-498f-aead-42327df81d94@group-C7908E81CC6B, cid=2326, SUCCESS, logIndex=3365, commits[3f4de2de-7d09-498f-aead-42327df81d94:c3367]
2019-08-05 04:38:01,605 INFO  client.GrpcClientProtocolClient (GrpcClientProtocolClient.java:onNext(255)) - client-C12DAE7A5037->3f4de2de-7d09-498f-aead-42327df81d94: receive RaftClientReply:client-C12DAE7A5037->3f4de2de-7d09-498f-aead-42327df81d94@group-C7908E81CC6B, cid=2327, SUCCESS, logIndex=3366, commits[3f4de2de-7d09-498f-aead-42327df81d94:c3368]
2019-08-05 04:38:01,605 INFO  client.GrpcClientProtocolClient (GrpcClientProtocolClient.java:onNext(255)) - client-C12DAE7A5037->3f4de2de-7d09-498f-aead-42327df81d94: receive RaftClientReply:client-C12DAE7A5037->3f4de2de-7d09-498f-aead-42327df81d94@group-C7908E81CC6B, cid=2328, SUCCESS, logIndex=3367, commits[3f4de2de-7d09-498f-aead-42327df81d94:c3369]
2019-08-05 04:38:01,622 DEBUG block.SCMBlockDeletingService (SCMBlockDeletingService.java:call(138)) - Running DeletedBlockTransactionScanner
2019-08-05 04:38:01,623 DEBUG block.SCMBlockDeletingService (SCMBlockDeletingService.java:call(155)) - Scanned deleted blocks log and got 0 delTX to process.
2019-08-05 04:38:01,632 INFO  client.GrpcClientProtocolClient (GrpcClientProtocolClient.java:onNext(255)) - client-C12DAE7A5037->3f4de2de-7d09-498f-aead-42327df81d94: receive RaftClientReply:client-C12DAE7A5037->3f4de2de-7d09-498f-aead-42327df81d94@group-C7908E81CC6B, cid=2329, SUCCESS, logIndex=3370, commits[3f4de2de-7d09-498f-aead-42327df81d94:c3371]
2019-08-05 04:38:01,633 INFO  client.GrpcClientProtocolClient (GrpcClientProtocolClient.java:onNext(255)) - client-C12DAE7A5037->3f4de2de-7d09-498f-aead-42327df81d94: receive RaftClientReply:client-C12DAE7A5037->3f4de2de-7d09-498f-aead-42327df81d94@group-C7908E81CC6B, cid=2330, SUCCESS, logIndex=3371, commits[3f4de2de-7d09-498f-aead-42327df81d94:c3371]
2019-08-05 04:38:01,634 INFO  client.GrpcClientProtocolClient (GrpcClientProtocolClient.java:onNext(255)) - client-C12DAE7A5037->3f4de2de-7d09-498f-aead-42327df81d94: receive RaftClientReply:client-C12DAE7A5037->3f4de2de-7d09-498f-aead-42327df81d94@group-C7908E81CC6B, cid=2331, SUCCESS, logIndex=3372, commits[3f4de2de-7d09-498f-aead-42327df81d94:c3373]
2019-08-05 04:38:01,635 INFO  client.GrpcClientProtocolClient (GrpcClientProtocolClient.java:onNext(255)) - client-C12DAE7A5037->3f4de2de-7d09-498f-aead-42327df81d94: receive RaftClientReply:client-C12DAE7A5037->3f4de2de-7d09-498f-aead-42327df81d94@group-C7908E81CC6B, cid=2332, SUCCESS, logIndex=3373, commits[3f4de2de-7d09-498f-aead-42327df81d94:c3373]
2019-08-05 04:38:01,647 INFO  client.GrpcClientProtocolClient (GrpcClientProtocolClient.java:onNext(255)) - client-C12DAE7A5037->3f4de2de-7d09-498f-aead-42327df81d94: receive RaftClientReply:client-C12DAE7A5037->3f4de2de-7d09-498f-aead-42327df81d94@group-C7908E81CC6B, cid=2333, SUCCESS, logIndex=3376, commits[3f4de2de-7d09-498f-aead-42327df81d94:c3379]
2019-08-05 04:38:01,648 INFO  client.GrpcClientProtocolClient (GrpcClientProtocolClient.java:onNext(255)) - client-C12DAE7A5037->3f4de2de-7d09-498f-aead-42327df81d94: receive RaftClientReply:client-C12DAE7A5037->3f4de2de-7d09-498f-aead-42327df81d94@group-C7908E81CC6B, cid=2334, SUCCESS, logIndex=3377, commits[3f4de2de-7d09-498f-aead-42327df81d94:c3379]
2019-08-05 04:38:01,648 INFO  client.GrpcClientProtocolClient (GrpcClientProtocolClient.java:onNext(255)) - client-C12DAE7A5037->3f4de2de-7d09-498f-aead-42327df81d94: receive RaftClientReply:client-C12DAE7A5037->3f4de2de-7d09-498f-aead-42327df81d94@group-C7908E81CC6B, cid=2335, SUCCESS, logIndex=3378, commits[3f4de2de-7d09-498f-aead-42327df81d94:c3379]
2019-08-05 04:38:01,648 INFO  client.GrpcClientProtocolClient (GrpcClientProtocolClient.java:onNext(255)) - client-C12DAE7A5037->3f4de2de-7d09-498f-aead-42327df81d94: receive RaftClientReply:client-C12DAE7A5037->3f4de2de-7d09-498f-aead-42327df81d94@group-C7908E81CC6B, cid=2336, SUCCESS, logIndex=3379, commits[3f4de2de-7d09-498f-aead-42327df81d94:c3379]
2019-08-05 04:38:01,676 INFO  client.GrpcClientProtocolClient (GrpcClientProtocolClient.java:onNext(255)) - client-C12DAE7A5037->3f4de2de-7d09-498f-aead-42327df81d94: receive RaftClientReply:client-C12DAE7A5037->3f4de2de-7d09-498f-aead-42327df81d94@group-C7908E81CC6B, cid=2337, SUCCESS, logIndex=3381, commits[3f4de2de-7d09-498f-aead-42327df81d94:c3384]
2019-08-05 04:38:01,676 INFO  client.GrpcClientProtocolClient (GrpcClientProtocolClient.java:onNext(255)) - client-C12DAE7A5037->3f4de2de-7d09-498f-aead-42327df81d94: receive RaftClientReply:client-C12DAE7A5037->3f4de2de-7d09-498f-aead-42327df81d94@group-C7908E81CC6B, cid=2338, SUCCESS, logIndex=3382, commits[3f4de2de-7d09-498f-aead-42327df81d94:c3385]
2019-08-05 04:38:01,676 INFO  client.GrpcClientProtocolClient (GrpcClientProtocolClient.java:onNext(255)) - client-C12DAE7A5037->3f4de2de-7d09-498f-aead-42327df81d94: receive RaftClientReply:client-C12DAE7A5037->3f4de2de-7d09-498f-aead-42327df81d94@group-C7908E81CC6B, cid=2339, SUCCESS, logIndex=3383, commits[3f4de2de-7d09-498f-aead-42327df81d94:c3385]
2019-08-05 04:38:01,677 INFO  client.GrpcClientProtocolClient (GrpcClientProtocolClient.java:onNext(255)) - client-C12DAE7A5037->3f4de2de-7d09-498f-aead-42327df81d94: receive RaftClientReply:client-C12DAE7A5037->3f4de2de-7d09-498f-aead-42327df81d94@group-C7908E81CC6B, cid=2340, SUCCESS, logIndex=3384, commits[3f4de2de-7d09-498f-aead-42327df81d94:c3385]
2019-08-05 04:38:01,694 INFO  client.GrpcClientProtocolClient (GrpcClientProtocolClient.java:onNext(255)) - client-C12DAE7A5037->3f4de2de-7d09-498f-aead-42327df81d94: receive RaftClientReply:client-C12DAE7A5037->3f4de2de-7d09-498f-aead-42327df81d94@group-C7908E81CC6B, cid=2341, SUCCESS, logIndex=3386, commits[3f4de2de-7d09-498f-aead-42327df81d94:c3387]
2019-08-05 04:38:01,694 INFO  client.GrpcClientProtocolClient (GrpcClientProtocolClient.java:onNext(255)) - client-C12DAE7A5037->3f4de2de-7d09-498f-aead-42327df81d94: receive RaftClientReply:client-C12DAE7A5037->3f4de2de-7d09-498f-aead-42327df81d94@group-C7908E81CC6B, cid=2342, SUCCESS, logIndex=3387, commits[3f4de2de-7d09-498f-aead-42327df81d94:c3388]
2019-08-05 04:38:01,723 DEBUG block.SCMBlockDeletingService (SCMBlockDeletingService.java:call(138)) - Running DeletedBlockTransactionScanner
2019-08-05 04:38:01,724 DEBUG block.SCMBlockDeletingService (SCMBlockDeletingService.java:call(155)) - Scanned deleted blocks log and got 0 delTX to process.
2019-08-05 04:38:01,791 INFO  client.GrpcClientProtocolClient (GrpcClientProtocolClient.java:onNext(255)) - client-C12DAE7A5037->3f4de2de-7d09-498f-aead-42327df81d94: receive RaftClientReply:client-C12DAE7A5037->3f4de2de-7d09-498f-aead-42327df81d94@group-C7908E81CC6B, cid=2343, SUCCESS, logIndex=3389, commits[3f4de2de-7d09-498f-aead-42327df81d94:c3390]
2019-08-05 04:38:01,792 INFO  client.GrpcClientProtocolClient (GrpcClientProtocolClient.java:onNext(255)) - client-C12DAE7A5037->3f4de2de-7d09-498f-aead-42327df81d94: receive RaftClientReply:client-C12DAE7A5037->3f4de2de-7d09-498f-aead-42327df81d94@group-C7908E81CC6B, cid=2344, SUCCESS, logIndex=3390, commits[3f4de2de-7d09-498f-aead-42327df81d94:c3391]
2019-08-05 04:38:01,867 DEBUG block.SCMBlockDeletingService (SCMBlockDeletingService.java:call(138)) - Running DeletedBlockTransactionScanner
2019-08-05 04:38:01,867 DEBUG block.SCMBlockDeletingService (SCMBlockDeletingService.java:call(155)) - Scanned deleted blocks log and got 0 delTX to process.
2019-08-05 04:38:01,882 INFO  client.GrpcClientProtocolClient (GrpcClientProtocolClient.java:onNext(255)) - client-C12DAE7A5037->3f4de2de-7d09-498f-aead-42327df81d94: receive RaftClientReply:client-C12DAE7A5037->3f4de2de-7d09-498f-aead-42327df81d94@group-C7908E81CC6B, cid=2345, SUCCESS, logIndex=3392, commits[3f4de2de-7d09-498f-aead-42327df81d94:c3393]
2019-08-05 04:38:01,883 INFO  client.GrpcClientProtocolClient (GrpcClientProtocolClient.java:onNext(255)) - client-C12DAE7A5037->3f4de2de-7d09-498f-aead-42327df81d94: receive RaftClientReply:client-C12DAE7A5037->3f4de2de-7d09-498f-aead-42327df81d94@group-C7908E81CC6B, cid=2346, SUCCESS, logIndex=3393, commits[3f4de2de-7d09-498f-aead-42327df81d94:c3395]
2019-08-05 04:38:01,883 INFO  client.GrpcClientProtocolClient (GrpcClientProtocolClient.java:onNext(255)) - client-C12DAE7A5037->3f4de2de-7d09-498f-aead-42327df81d94: receive RaftClientReply:client-C12DAE7A5037->3f4de2de-7d09-498f-aead-42327df81d94@group-C7908E81CC6B, cid=2347, SUCCESS, logIndex=3394, commits[3f4de2de-7d09-498f-aead-42327df81d94:c3396]
2019-08-05 04:38:01,884 INFO  client.GrpcClientProtocolClient (GrpcClientProtocolClient.java:onNext(255)) - client-C12DAE7A5037->3f4de2de-7d09-498f-aead-42327df81d94: receive RaftClientReply:client-C12DAE7A5037->3f4de2de-7d09-498f-aead-42327df81d94@group-C7908E81CC6B, cid=2348, SUCCESS, logIndex=3395, commits[3f4de2de-7d09-498f-aead-42327df81d94:c3397]
2019-08-05 04:38:01,915 INFO  client.GrpcClientProtocolClient (GrpcClientProtocolClient.java:onNext(255)) - client-C12DAE7A5037->3f4de2de-7d09-498f-aead-42327df81d94: receive RaftClientReply:client-C12DAE7A5037->3f4de2de-7d09-498f-aead-42327df81d94@group-C7908E81CC6B, cid=2349, SUCCESS, logIndex=3398, commits[3f4de2de-7d09-498f-aead-42327df81d94:c3401]
2019-08-05 04:38:01,915 INFO  client.GrpcClientProtocolClient (GrpcClientProtocolClient.java:onNext(255)) - client-C12DAE7A5037->3f4de2de-7d09-498f-aead-42327df81d94: receive RaftClientReply:client-C12DAE7A5037->3f4de2de-7d09-498f-aead-42327df81d94@group-C7908E81CC6B, cid=2350, SUCCESS, logIndex=3399, commits[3f4de2de-7d09-498f-aead-42327df81d94:c3402]
2019-08-05 04:38:01,916 INFO  client.GrpcClientProtocolClient (GrpcClientProtocolClient.java:onNext(255)) - client-C12DAE7A5037->3f4de2de-7d09-498f-aead-42327df81d94: receive RaftClientReply:client-C12DAE7A5037->3f4de2de-7d09-498f-aead-42327df81d94@group-C7908E81CC6B, cid=2351, SUCCESS, logIndex=3400, commits[3f4de2de-7d09-498f-aead-42327df81d94:c3402]
2019-08-05 04:38:01,916 INFO  client.GrpcClientProtocolClient (GrpcClientProtocolClient.java:onNext(255)) - client-C12DAE7A5037->3f4de2de-7d09-498f-aead-42327df81d94: receive RaftClientReply:client-C12DAE7A5037->3f4de2de-7d09-498f-aead-42327df81d94@group-C7908E81CC6B, cid=2352, SUCCESS, logIndex=3401, commits[3f4de2de-7d09-498f-aead-42327df81d94:c3402]
2019-08-05 04:38:01,937 INFO  client.GrpcClientProtocolClient (GrpcClientProtocolClient.java:onNext(255)) - client-C12DAE7A5037->3f4de2de-7d09-498f-aead-42327df81d94: receive RaftClientReply:client-C12DAE7A5037->3f4de2de-7d09-498f-aead-42327df81d94@group-C7908E81CC6B, cid=2353, SUCCESS, logIndex=3403, commits[3f4de2de-7d09-498f-aead-42327df81d94:c3404]
2019-08-05 04:38:01,937 INFO  client.GrpcClientProtocolClient (GrpcClientProtocolClient.java:onNext(255)) - client-C12DAE7A5037->3f4de2de-7d09-498f-aead-42327df81d94: receive RaftClientReply:client-C12DAE7A5037->3f4de2de-7d09-498f-aead-42327df81d94@group-C7908E81CC6B, cid=2354, SUCCESS, logIndex=3404, commits[3f4de2de-7d09-498f-aead-42327df81d94:c3404]
2019-08-05 04:38:01,939 INFO  client.GrpcClientProtocolClient (GrpcClientProtocolClient.java:onNext(255)) - client-C12DAE7A5037->3f4de2de-7d09-498f-aead-42327df81d94: receive RaftClientReply:client-C12DAE7A5037->3f4de2de-7d09-498f-aead-42327df81d94@group-C7908E81CC6B, cid=2355, SUCCESS, logIndex=3405, commits[3f4de2de-7d09-498f-aead-42327df81d94:c3407]
2019-08-05 04:38:01,940 INFO  client.GrpcClientProtocolClient (GrpcClientProtocolClient.java:onNext(255)) - client-C12DAE7A5037->3f4de2de-7d09-498f-aead-42327df81d94: receive RaftClientReply:client-C12DAE7A5037->3f4de2de-7d09-498f-aead-42327df81d94@group-C7908E81CC6B, cid=2356, SUCCESS, logIndex=3406, commits[3f4de2de-7d09-498f-aead-42327df81d94:c3407]
2019-08-05 04:38:01,959 INFO  client.GrpcClientProtocolClient (GrpcClientProtocolClient.java:onNext(255)) - client-C12DAE7A5037->3f4de2de-7d09-498f-aead-42327df81d94: receive RaftClientReply:client-C12DAE7A5037->3f4de2de-7d09-498f-aead-42327df81d94@group-C7908E81CC6B, cid=2357, SUCCESS, logIndex=3408, commits[3f4de2de-7d09-498f-aead-42327df81d94:c3409]
2019-08-05 04:38:01,959 INFO  client.GrpcClientProtocolClient (GrpcClientProtocolClient.java:onNext(255)) - client-C12DAE7A5037->3f4de2de-7d09-498f-aead-42327df81d94: receive RaftClientReply:client-C12DAE7A5037->3f4de2de-7d09-498f-aead-42327df81d94@group-C7908E81CC6B, cid=2358, SUCCESS, logIndex=3409, commits[3f4de2de-7d09-498f-aead-42327df81d94:c3411]
2019-08-05 04:38:01,959 INFO  client.GrpcClientProtocolClient (GrpcClientProtocolClient.java:onNext(255)) - client-C12DAE7A5037->3f4de2de-7d09-498f-aead-42327df81d94: receive RaftClientReply:client-C12DAE7A5037->3f4de2de-7d09-498f-aead-42327df81d94@group-C7908E81CC6B, cid=2359, SUCCESS, logIndex=3410, commits[3f4de2de-7d09-498f-aead-42327df81d94:c3412]
2019-08-05 04:38:01,960 INFO  client.GrpcClientProtocolClient (GrpcClientProtocolClient.java:onNext(255)) - client-C12DAE7A5037->3f4de2de-7d09-498f-aead-42327df81d94: receive RaftClientReply:client-C12DAE7A5037->3f4de2de-7d09-498f-aead-42327df81d94@group-C7908E81CC6B, cid=2360, SUCCESS, logIndex=3411, commits[3f4de2de-7d09-498f-aead-42327df81d94:c3413]
2019-08-05 04:38:01,967 DEBUG block.SCMBlockDeletingService (SCMBlockDeletingService.java:call(138)) - Running DeletedBlockTransactionScanner
2019-08-05 04:38:01,968 DEBUG block.SCMBlockDeletingService (SCMBlockDeletingService.java:call(155)) - Scanned deleted blocks log and got 0 delTX to process.
2019-08-05 04:38:01,982 INFO  client.GrpcClientProtocolClient (GrpcClientProtocolClient.java:onNext(255)) - client-C12DAE7A5037->3f4de2de-7d09-498f-aead-42327df81d94: receive RaftClientReply:client-C12DAE7A5037->3f4de2de-7d09-498f-aead-42327df81d94@group-C7908E81CC6B, cid=2361, SUCCESS, logIndex=3414, commits[3f4de2de-7d09-498f-aead-42327df81d94:c3415]
2019-08-05 04:38:01,983 INFO  client.GrpcClientProtocolClient (GrpcClientProtocolClient.java:onNext(255)) - client-C12DAE7A5037->3f4de2de-7d09-498f-aead-42327df81d94: receive RaftClientReply:client-C12DAE7A5037->3f4de2de-7d09-498f-aead-42327df81d94@group-C7908E81CC6B, cid=2362, SUCCESS, logIndex=3415, commits[3f4de2de-7d09-498f-aead-42327df81d94:c3415]
2019-08-05 04:38:01,984 INFO  client.GrpcClientProtocolClient (GrpcClientProtocolClient.java:onNext(255)) - client-C12DAE7A5037->3f4de2de-7d09-498f-aead-42327df81d94: receive RaftClientReply:client-C12DAE7A5037->3f4de2de-7d09-498f-aead-42327df81d94@group-C7908E81CC6B, cid=2363, SUCCESS, logIndex=3416, commits[3f4de2de-7d09-498f-aead-42327df81d94:c3418]
2019-08-05 04:38:01,984 INFO  client.GrpcClientProtocolClient (GrpcClientProtocolClient.java:onNext(255)) - client-C12DAE7A5037->3f4de2de-7d09-498f-aead-42327df81d94: receive RaftClientReply:client-C12DAE7A5037->3f4de2de-7d09-498f-aead-42327df81d94@group-C7908E81CC6B, cid=2364, SUCCESS, logIndex=3417, commits[3f4de2de-7d09-498f-aead-42327df81d94:c3418]
2019-08-05 04:38:01,994 INFO  client.GrpcClientProtocolClient (GrpcClientProtocolClient.java:onNext(255)) - client-C12DAE7A5037->3f4de2de-7d09-498f-aead-42327df81d94: receive RaftClientReply:client-C12DAE7A5037->3f4de2de-7d09-498f-aead-42327df81d94@group-C7908E81CC6B, cid=2365, SUCCESS, logIndex=3419, commits[3f4de2de-7d09-498f-aead-42327df81d94:c3420]
2019-08-05 04:38:01,995 INFO  client.GrpcClientProtocolClient (GrpcClientProtocolClient.java:onNext(255)) - client-C12DAE7A5037->3f4de2de-7d09-498f-aead-42327df81d94: receive RaftClientReply:client-C12DAE7A5037->3f4de2de-7d09-498f-aead-42327df81d94@group-C7908E81CC6B, cid=2366, SUCCESS, logIndex=3420, commits[3f4de2de-7d09-498f-aead-42327df81d94:c3420]
2019-08-05 04:38:01,997 INFO  client.GrpcClientProtocolClient (GrpcClientProtocolClient.java:onNext(255)) - client-C12DAE7A5037->3f4de2de-7d09-498f-aead-42327df81d94: receive RaftClientReply:client-C12DAE7A5037->3f4de2de-7d09-498f-aead-42327df81d94@group-C7908E81CC6B, cid=2367, SUCCESS, logIndex=3421, commits[3f4de2de-7d09-498f-aead-42327df81d94:c3423]
2019-08-05 04:38:01,997 INFO  client.GrpcClientProtocolClient (GrpcClientProtocolClient.java:onNext(255)) - client-C12DAE7A5037->3f4de2de-7d09-498f-aead-42327df81d94: receive RaftClientReply:client-C12DAE7A5037->3f4de2de-7d09-498f-aead-42327df81d94@group-C7908E81CC6B, cid=2368, SUCCESS, logIndex=3422, commits[3f4de2de-7d09-498f-aead-42327df81d94:c3423]
2019-08-05 04:38:02,018 INFO  client.GrpcClientProtocolClient (GrpcClientProtocolClient.java:onNext(255)) - client-C12DAE7A5037->3f4de2de-7d09-498f-aead-42327df81d94: receive RaftClientReply:client-C12DAE7A5037->3f4de2de-7d09-498f-aead-42327df81d94@group-C7908E81CC6B, cid=2369, SUCCESS, logIndex=3424, commits[3f4de2de-7d09-498f-aead-42327df81d94:c3425]
2019-08-05 04:38:02,019 INFO  client.GrpcClientProtocolClient (GrpcClientProtocolClient.java:onNext(255)) - client-C12DAE7A5037->3f4de2de-7d09-498f-aead-42327df81d94: receive RaftClientReply:client-C12DAE7A5037->3f4de2de-7d09-498f-aead-42327df81d94@group-C7908E81CC6B, cid=2370, SUCCESS, logIndex=3425, commits[3f4de2de-7d09-498f-aead-42327df81d94:c3425]
2019-08-05 04:38:02,020 INFO  client.GrpcClientProtocolClient (GrpcClientProtocolClient.java:onNext(255)) - client-C12DAE7A5037->3f4de2de-7d09-498f-aead-42327df81d94: receive RaftClientReply:client-C12DAE7A5037->3f4de2de-7d09-498f-aead-42327df81d94@group-C7908E81CC6B, cid=2371, SUCCESS, logIndex=3426, commits[3f4de2de-7d09-498f-aead-42327df81d94:c3428]
2019-08-05 04:38:02,021 INFO  client.GrpcClientProtocolClient (GrpcClientProtocolClient.java:onNext(255)) - client-C12DAE7A5037->3f4de2de-7d09-498f-aead-42327df81d94: receive RaftClientReply:client-C12DAE7A5037->3f4de2de-7d09-498f-aead-42327df81d94@group-C7908E81CC6B, cid=2372, SUCCESS, logIndex=3427, commits[3f4de2de-7d09-498f-aead-42327df81d94:c3428]
2019-08-05 04:38:02,039 INFO  client.GrpcClientProtocolClient (GrpcClientProtocolClient.java:onNext(255)) - client-C12DAE7A5037->3f4de2de-7d09-498f-aead-42327df81d94: receive RaftClientReply:client-C12DAE7A5037->3f4de2de-7d09-498f-aead-42327df81d94@group-C7908E81CC6B, cid=2373, SUCCESS, logIndex=3429, commits[3f4de2de-7d09-498f-aead-42327df81d94:c3430]
2019-08-05 04:38:02,039 INFO  client.GrpcClientProtocolClient (GrpcClientProtocolClient.java:onNext(255)) - client-C12DAE7A5037->3f4de2de-7d09-498f-aead-42327df81d94: receive RaftClientReply:client-C12DAE7A5037->3f4de2de-7d09-498f-aead-42327df81d94@group-C7908E81CC6B, cid=2374, SUCCESS, logIndex=3430, commits[3f4de2de-7d09-498f-aead-42327df81d94:c3430]
2019-08-05 04:38:02,042 INFO  client.GrpcClientProtocolClient (GrpcClientProtocolClient.java:onNext(255)) - client-C12DAE7A5037->3f4de2de-7d09-498f-aead-42327df81d94: receive RaftClientReply:client-C12DAE7A5037->3f4de2de-7d09-498f-aead-42327df81d94@group-C7908E81CC6B, cid=2375, SUCCESS, logIndex=3431, commits[3f4de2de-7d09-498f-aead-42327df81d94:c3432]
2019-08-05 04:38:02,043 INFO  client.GrpcClientProtocolClient (GrpcClientProtocolClient.java:onNext(255)) - client-C12DAE7A5037->3f4de2de-7d09-498f-aead-42327df81d94: receive RaftClientReply:client-C12DAE7A5037->3f4de2de-7d09-498f-aead-42327df81d94@group-C7908E81CC6B, cid=2376, SUCCESS, logIndex=3432, commits[3f4de2de-7d09-498f-aead-42327df81d94:c3433]
2019-08-05 04:38:02,068 DEBUG block.SCMBlockDeletingService (SCMBlockDeletingService.java:call(138)) - Running DeletedBlockTransactionScanner
2019-08-05 04:38:02,068 DEBUG block.SCMBlockDeletingService (SCMBlockDeletingService.java:call(155)) - Scanned deleted blocks log and got 0 delTX to process.
2019-08-05 04:38:02,074 INFO  client.GrpcClientProtocolClient (GrpcClientProtocolClient.java:onNext(255)) - client-C12DAE7A5037->3f4de2de-7d09-498f-aead-42327df81d94: receive RaftClientReply:client-C12DAE7A5037->3f4de2de-7d09-498f-aead-42327df81d94@group-C7908E81CC6B, cid=2377, SUCCESS, logIndex=3435, commits[3f4de2de-7d09-498f-aead-42327df81d94:c3436]
2019-08-05 04:38:02,074 INFO  client.GrpcClientProtocolClient (GrpcClientProtocolClient.java:onNext(255)) - client-C12DAE7A5037->3f4de2de-7d09-498f-aead-42327df81d94: receive RaftClientReply:client-C12DAE7A5037->3f4de2de-7d09-498f-aead-42327df81d94@group-C7908E81CC6B, cid=2378, SUCCESS, logIndex=3436, commits[3f4de2de-7d09-498f-aead-42327df81d94:c3438]
2019-08-05 04:38:02,075 INFO  client.GrpcClientProtocolClient (GrpcClientProtocolClient.java:onNext(255)) - client-C12DAE7A5037->3f4de2de-7d09-498f-aead-42327df81d94: receive RaftClientReply:client-C12DAE7A5037->3f4de2de-7d09-498f-aead-42327df81d94@group-C7908E81CC6B, cid=2379, SUCCESS, logIndex=3437, commits[3f4de2de-7d09-498f-aead-42327df81d94:c3439]
2019-08-05 04:38:02,075 INFO  client.GrpcClientProtocolClient (GrpcClientProtocolClient.java:onNext(255)) - client-C12DAE7A5037->3f4de2de-7d09-498f-aead-42327df81d94: receive RaftClientReply:client-C12DAE7A5037->3f4de2de-7d09-498f-aead-42327df81d94@group-C7908E81CC6B, cid=2380, SUCCESS, logIndex=3438, commits[3f4de2de-7d09-498f-aead-42327df81d94:c3439]
2019-08-05 04:38:02,095 INFO  client.GrpcClientProtocolClient (GrpcClientProtocolClient.java:onNext(255)) - client-C12DAE7A5037->3f4de2de-7d09-498f-aead-42327df81d94: receive RaftClientReply:client-C12DAE7A5037->3f4de2de-7d09-498f-aead-42327df81d94@group-C7908E81CC6B, cid=2381, SUCCESS, logIndex=3441, commits[3f4de2de-7d09-498f-aead-42327df81d94:c3442]
2019-08-05 04:38:02,096 INFO  client.GrpcClientProtocolClient (GrpcClientProtocolClient.java:onNext(255)) - client-C12DAE7A5037->3f4de2de-7d09-498f-aead-42327df81d94: receive RaftClientReply:client-C12DAE7A5037->3f4de2de-7d09-498f-aead-42327df81d94@group-C7908E81CC6B, cid=2382, SUCCESS, logIndex=3442, commits[3f4de2de-7d09-498f-aead-42327df81d94:c3444]
2019-08-05 04:38:02,096 INFO  client.GrpcClientProtocolClient (GrpcClientProtocolClient.java:onNext(255)) - client-C12DAE7A5037->3f4de2de-7d09-498f-aead-42327df81d94: receive RaftClientReply:client-C12DAE7A5037->3f4de2de-7d09-498f-aead-42327df81d94@group-C7908E81CC6B, cid=2383, SUCCESS, logIndex=3443, commits[3f4de2de-7d09-498f-aead-42327df81d94:c3445]
2019-08-05 04:38:02,096 INFO  client.GrpcClientProtocolClient (GrpcClientProtocolClient.java:onNext(255)) - client-C12DAE7A5037->3f4de2de-7d09-498f-aead-42327df81d94: receive RaftClientReply:client-C12DAE7A5037->3f4de2de-7d09-498f-aead-42327df81d94@group-C7908E81CC6B, cid=2384, SUCCESS, logIndex=3444, commits[3f4de2de-7d09-498f-aead-42327df81d94:c3446]
2019-08-05 04:38:02,126 INFO  client.GrpcClientProtocolClient (GrpcClientProtocolClient.java:onNext(255)) - client-C12DAE7A5037->3f4de2de-7d09-498f-aead-42327df81d94: receive RaftClientReply:client-C12DAE7A5037->3f4de2de-7d09-498f-aead-42327df81d94@group-C7908E81CC6B, cid=2385, SUCCESS, logIndex=3447, commits[3f4de2de-7d09-498f-aead-42327df81d94:c3448]
2019-08-05 04:38:02,127 INFO  client.GrpcClientProtocolClient (GrpcClientProtocolClient.java:onNext(255)) - client-C12DAE7A5037->3f4de2de-7d09-498f-aead-42327df81d94: receive RaftClientReply:client-C12DAE7A5037->3f4de2de-7d09-498f-aead-42327df81d94@group-C7908E81CC6B, cid=2386, SUCCESS, logIndex=3448, commits[3f4de2de-7d09-498f-aead-42327df81d94:c3449]
2019-08-05 04:38:02,169 DEBUG block.SCMBlockDeletingService (SCMBlockDeletingService.java:call(138)) - Running DeletedBlockTransactionScanner
2019-08-05 04:38:02,169 DEBUG block.SCMBlockDeletingService (SCMBlockDeletingService.java:call(155)) - Scanned deleted blocks log and got 0 delTX to process.
2019-08-05 04:38:02,229 INFO  client.GrpcClientProtocolClient (GrpcClientProtocolClient.java:onNext(255)) - client-C12DAE7A5037->3f4de2de-7d09-498f-aead-42327df81d94: receive RaftClientReply:client-C12DAE7A5037->3f4de2de-7d09-498f-aead-42327df81d94@group-C7908E81CC6B, cid=2387, SUCCESS, logIndex=3450, commits[3f4de2de-7d09-498f-aead-42327df81d94:c3451]
2019-08-05 04:38:02,230 INFO  client.GrpcClientProtocolClient (GrpcClientProtocolClient.java:onNext(255)) - client-C12DAE7A5037->3f4de2de-7d09-498f-aead-42327df81d94: receive RaftClientReply:client-C12DAE7A5037->3f4de2de-7d09-498f-aead-42327df81d94@group-C7908E81CC6B, cid=2388, SUCCESS, logIndex=3451, commits[3f4de2de-7d09-498f-aead-42327df81d94:c3451]
2019-08-05 04:38:02,250 INFO  client.GrpcClientProtocolClient (GrpcClientProtocolClient.java:onNext(255)) - client-C12DAE7A5037->3f4de2de-7d09-498f-aead-42327df81d94: receive RaftClientReply:client-C12DAE7A5037->3f4de2de-7d09-498f-aead-42327df81d94@group-C7908E81CC6B, cid=2389, SUCCESS, logIndex=3453, commits[3f4de2de-7d09-498f-aead-42327df81d94:c3456]
2019-08-05 04:38:02,250 INFO  client.GrpcClientProtocolClient (GrpcClientProtocolClient.java:onNext(255)) - client-C12DAE7A5037->3f4de2de-7d09-498f-aead-42327df81d94: receive RaftClientReply:client-C12DAE7A5037->3f4de2de-7d09-498f-aead-42327df81d94@group-C7908E81CC6B, cid=2390, SUCCESS, logIndex=3454, commits[3f4de2de-7d09-498f-aead-42327df81d94:c3457]
2019-08-05 04:38:02,251 INFO  client.GrpcClientProtocolClient (GrpcClientProtocolClient.java:onNext(255)) - client-C12DAE7A5037->3f4de2de-7d09-498f-aead-42327df81d94: receive RaftClientReply:client-C12DAE7A5037->3f4de2de-7d09-498f-aead-42327df81d94@group-C7908E81CC6B, cid=2391, SUCCESS, logIndex=3455, commits[3f4de2de-7d09-498f-aead-42327df81d94:c3457]
2019-08-05 04:38:02,251 INFO  client.GrpcClientProtocolClient (GrpcClientProtocolClient.java:onNext(255)) - client-C12DAE7A5037->3f4de2de-7d09-498f-aead-42327df81d94: receive RaftClientReply:client-C12DAE7A5037->3f4de2de-7d09-498f-aead-42327df81d94@group-C7908E81CC6B, cid=2392, SUCCESS, logIndex=3456, commits[3f4de2de-7d09-498f-aead-42327df81d94:c3457]
2019-08-05 04:38:02,269 DEBUG block.SCMBlockDeletingService (SCMBlockDeletingService.java:call(138)) - Running DeletedBlockTransactionScanner
2019-08-05 04:38:02,270 DEBUG block.SCMBlockDeletingService (SCMBlockDeletingService.java:call(155)) - Scanned deleted blocks log and got 0 delTX to process.
2019-08-05 04:38:02,276 INFO  client.GrpcClientProtocolClient (GrpcClientProtocolClient.java:onNext(255)) - client-C12DAE7A5037->3f4de2de-7d09-498f-aead-42327df81d94: receive RaftClientReply:client-C12DAE7A5037->3f4de2de-7d09-498f-aead-42327df81d94@group-C7908E81CC6B, cid=2393, SUCCESS, logIndex=3458, commits[3f4de2de-7d09-498f-aead-42327df81d94:c3459]
2019-08-05 04:38:02,277 INFO  client.GrpcClientProtocolClient (GrpcClientProtocolClient.java:onNext(255)) - client-C12DAE7A5037->3f4de2de-7d09-498f-aead-42327df81d94: receive RaftClientReply:client-C12DAE7A5037->3f4de2de-7d09-498f-aead-42327df81d94@group-C7908E81CC6B, cid=2394, SUCCESS, logIndex=3459, commits[3f4de2de-7d09-498f-aead-42327df81d94:c3459]
2019-08-05 04:38:02,278 INFO  client.GrpcClientProtocolClient (GrpcClientProtocolClient.java:onNext(255)) - client-C12DAE7A5037->3f4de2de-7d09-498f-aead-42327df81d94: receive RaftClientReply:client-C12DAE7A5037->3f4de2de-7d09-498f-aead-42327df81d94@group-C7908E81CC6B, cid=2395, SUCCESS, logIndex=3460, commits[3f4de2de-7d09-498f-aead-42327df81d94:c3461]
2019-08-05 04:38:02,279 INFO  client.GrpcClientProtocolClient (GrpcClientProtocolClient.java:onNext(255)) - client-C12DAE7A5037->3f4de2de-7d09-498f-aead-42327df81d94: receive RaftClientReply:client-C12DAE7A5037->3f4de2de-7d09-498f-aead-42327df81d94@group-C7908E81CC6B, cid=2396, SUCCESS, logIndex=3461, commits[3f4de2de-7d09-498f-aead-42327df81d94:c3461]
2019-08-05 04:38:02,304 INFO  client.GrpcClientProtocolClient (GrpcClientProtocolClient.java:onNext(255)) - client-C12DAE7A5037->3f4de2de-7d09-498f-aead-42327df81d94: receive RaftClientReply:client-C12DAE7A5037->3f4de2de-7d09-498f-aead-42327df81d94@group-C7908E81CC6B, cid=2397, SUCCESS, logIndex=3464, commits[3f4de2de-7d09-498f-aead-42327df81d94:c3467]
2019-08-05 04:38:02,305 INFO  client.GrpcClientProtocolClient (GrpcClientProtocolClient.java:onNext(255)) - client-C12DAE7A5037->3f4de2de-7d09-498f-aead-42327df81d94: receive RaftClientReply:client-C12DAE7A5037->3f4de2de-7d09-498f-aead-42327df81d94@group-C7908E81CC6B, cid=2398, SUCCESS, logIndex=3465, commits[3f4de2de-7d09-498f-aead-42327df81d94:c3468]
2019-08-05 04:38:02,305 INFO  client.GrpcClientProtocolClient (GrpcClientProtocolClient.java:onNext(255)) - client-C12DAE7A5037->3f4de2de-7d09-498f-aead-42327df81d94: receive RaftClientReply:client-C12DAE7A5037->3f4de2de-7d09-498f-aead-42327df81d94@group-C7908E81CC6B, cid=2399, SUCCESS, logIndex=3466, commits[3f4de2de-7d09-498f-aead-42327df81d94:c3468]
2019-08-05 04:38:02,306 INFO  client.GrpcClientProtocolClient (GrpcClientProtocolClient.java:onNext(255)) - client-C12DAE7A5037->3f4de2de-7d09-498f-aead-42327df81d94: receive RaftClientReply:client-C12DAE7A5037->3f4de2de-7d09-498f-aead-42327df81d94@group-C7908E81CC6B, cid=2400, SUCCESS, logIndex=3467, commits[3f4de2de-7d09-498f-aead-42327df81d94:c3468]
2019-08-05 04:38:02,326 INFO  client.GrpcClientProtocolClient (GrpcClientProtocolClient.java:onNext(255)) - client-C12DAE7A5037->3f4de2de-7d09-498f-aead-42327df81d94: receive RaftClientReply:client-C12DAE7A5037->3f4de2de-7d09-498f-aead-42327df81d94@group-C7908E81CC6B, cid=2401, SUCCESS, logIndex=3469, commits[3f4de2de-7d09-498f-aead-42327df81d94:c3470]
2019-08-05 04:38:02,327 INFO  client.GrpcClientProtocolClient (GrpcClientProtocolClient.java:onNext(255)) - client-C12DAE7A5037->3f4de2de-7d09-498f-aead-42327df81d94: receive RaftClientReply:client-C12DAE7A5037->3f4de2de-7d09-498f-aead-42327df81d94@group-C7908E81CC6B, cid=2402, SUCCESS, logIndex=3470, commits[3f4de2de-7d09-498f-aead-42327df81d94:c3470]
2019-08-05 04:38:02,329 INFO  client.GrpcClientProtocolClient (GrpcClientProtocolClient.java:onNext(255)) - client-C12DAE7A5037->3f4de2de-7d09-498f-aead-42327df81d94: receive RaftClientReply:client-C12DAE7A5037->3f4de2de-7d09-498f-aead-42327df81d94@group-C7908E81CC6B, cid=2403, SUCCESS, logIndex=3471, commits[3f4de2de-7d09-498f-aead-42327df81d94:c3472]
2019-08-05 04:38:02,329 INFO  client.GrpcClientProtocolClient (GrpcClientProtocolClient.java:onNext(255)) - client-C12DAE7A5037->3f4de2de-7d09-498f-aead-42327df81d94: receive RaftClientReply:client-C12DAE7A5037->3f4de2de-7d09-498f-aead-42327df81d94@group-C7908E81CC6B, cid=2404, SUCCESS, logIndex=3472, commits[3f4de2de-7d09-498f-aead-42327df81d94:c3472]
2019-08-05 04:38:02,351 INFO  client.GrpcClientProtocolClient (GrpcClientProtocolClient.java:onNext(255)) - client-C12DAE7A5037->3f4de2de-7d09-498f-aead-42327df81d94: receive RaftClientReply:client-C12DAE7A5037->3f4de2de-7d09-498f-aead-42327df81d94@group-C7908E81CC6B, cid=2405, SUCCESS, logIndex=3475, commits[3f4de2de-7d09-498f-aead-42327df81d94:c3478]
2019-08-05 04:38:02,351 INFO  client.GrpcClientProtocolClient (GrpcClientProtocolClient.java:onNext(255)) - client-C12DAE7A5037->3f4de2de-7d09-498f-aead-42327df81d94: receive RaftClientReply:client-C12DAE7A5037->3f4de2de-7d09-498f-aead-42327df81d94@group-C7908E81CC6B, cid=2406, SUCCESS, logIndex=3476, commits[3f4de2de-7d09-498f-aead-42327df81d94:c3479]
2019-08-05 04:38:02,351 INFO  client.GrpcClientProtocolClient (GrpcClientProtocolClient.java:onNext(255)) - client-C12DAE7A5037->3f4de2de-7d09-498f-aead-42327df81d94: receive RaftClientReply:client-C12DAE7A5037->3f4de2de-7d09-498f-aead-42327df81d94@group-C7908E81CC6B, cid=2407, SUCCESS, logIndex=3477, commits[3f4de2de-7d09-498f-aead-42327df81d94:c3479]
2019-08-05 04:38:02,352 INFO  client.GrpcClientProtocolClient (GrpcClientProtocolClient.java:onNext(255)) - client-C12DAE7A5037->3f4de2de-7d09-498f-aead-42327df81d94: receive RaftClientReply:client-C12DAE7A5037->3f4de2de-7d09-498f-aead-42327df81d94@group-C7908E81CC6B, cid=2408, SUCCESS, logIndex=3478, commits[3f4de2de-7d09-498f-aead-42327df81d94:c3479]
2019-08-05 04:38:02,370 DEBUG block.SCMBlockDeletingService (SCMBlockDeletingService.java:call(138)) - Running DeletedBlockTransactionScanner
2019-08-05 04:38:02,370 DEBUG block.SCMBlockDeletingService (SCMBlockDeletingService.java:call(155)) - Scanned deleted blocks log and got 0 delTX to process.
2019-08-05 04:38:02,383 INFO  client.GrpcClientProtocolClient (GrpcClientProtocolClient.java:onNext(255)) - client-C12DAE7A5037->3f4de2de-7d09-498f-aead-42327df81d94: receive RaftClientReply:client-C12DAE7A5037->3f4de2de-7d09-498f-aead-42327df81d94@group-C7908E81CC6B, cid=2409, SUCCESS, logIndex=3480, commits[3f4de2de-7d09-498f-aead-42327df81d94:c3481]
2019-08-05 04:38:02,384 INFO  client.GrpcClientProtocolClient (GrpcClientProtocolClient.java:onNext(255)) - client-C12DAE7A5037->3f4de2de-7d09-498f-aead-42327df81d94: receive RaftClientReply:client-C12DAE7A5037->3f4de2de-7d09-498f-aead-42327df81d94@group-C7908E81CC6B, cid=2410, SUCCESS, logIndex=3481, commits[3f4de2de-7d09-498f-aead-42327df81d94:c3483]
2019-08-05 04:38:02,384 INFO  client.GrpcClientProtocolClient (GrpcClientProtocolClient.java:onNext(255)) - client-C12DAE7A5037->3f4de2de-7d09-498f-aead-42327df81d94: receive RaftClientReply:client-C12DAE7A5037->3f4de2de-7d09-498f-aead-42327df81d94@group-C7908E81CC6B, cid=2411, SUCCESS, logIndex=3482, commits[3f4de2de-7d09-498f-aead-42327df81d94:c3484]
2019-08-05 04:38:02,385 INFO  client.GrpcClientProtocolClient (GrpcClientProtocolClient.java:onNext(255)) - client-C12DAE7A5037->3f4de2de-7d09-498f-aead-42327df81d94: receive RaftClientReply:client-C12DAE7A5037->3f4de2de-7d09-498f-aead-42327df81d94@group-C7908E81CC6B, cid=2412, SUCCESS, logIndex=3483, commits[3f4de2de-7d09-498f-aead-42327df81d94:c3484]
2019-08-05 04:38:02,405 INFO  client.GrpcClientProtocolClient (GrpcClientProtocolClient.java:onNext(255)) - client-C12DAE7A5037->3f4de2de-7d09-498f-aead-42327df81d94: receive RaftClientReply:client-C12DAE7A5037->3f4de2de-7d09-498f-aead-42327df81d94@group-C7908E81CC6B, cid=2413, SUCCESS, logIndex=3486, commits[3f4de2de-7d09-498f-aead-42327df81d94:c3487]
2019-08-05 04:38:02,405 INFO  client.GrpcClientProtocolClient (GrpcClientProtocolClient.java:onNext(255)) - client-C12DAE7A5037->3f4de2de-7d09-498f-aead-42327df81d94: receive RaftClientReply:client-C12DAE7A5037->3f4de2de-7d09-498f-aead-42327df81d94@group-C7908E81CC6B, cid=2414, SUCCESS, logIndex=3487, commits[3f4de2de-7d09-498f-aead-42327df81d94:c3487]
2019-08-05 04:38:02,407 INFO  client.GrpcClientProtocolClient (GrpcClientProtocolClient.java:onNext(255)) - client-C12DAE7A5037->3f4de2de-7d09-498f-aead-42327df81d94: receive RaftClientReply:client-C12DAE7A5037->3f4de2de-7d09-498f-aead-42327df81d94@group-C7908E81CC6B, cid=2415, SUCCESS, logIndex=3488, commits[3f4de2de-7d09-498f-aead-42327df81d94:c3489]
2019-08-05 04:38:02,407 INFO  client.GrpcClientProtocolClient (GrpcClientProtocolClient.java:onNext(255)) - client-C12DAE7A5037->3f4de2de-7d09-498f-aead-42327df81d94: receive RaftClientReply:client-C12DAE7A5037->3f4de2de-7d09-498f-aead-42327df81d94@group-C7908E81CC6B, cid=2416, SUCCESS, logIndex=3489, commits[3f4de2de-7d09-498f-aead-42327df81d94:c3489]
2019-08-05 04:38:02,438 INFO  client.GrpcClientProtocolClient (GrpcClientProtocolClient.java:onNext(255)) - client-C12DAE7A5037->3f4de2de-7d09-498f-aead-42327df81d94: receive RaftClientReply:client-C12DAE7A5037->3f4de2de-7d09-498f-aead-42327df81d94@group-C7908E81CC6B, cid=2417, SUCCESS, logIndex=3492, commits[3f4de2de-7d09-498f-aead-42327df81d94:c3493]
2019-08-05 04:38:02,439 INFO  client.GrpcClientProtocolClient (GrpcClientProtocolClient.java:onNext(255)) - client-C12DAE7A5037->3f4de2de-7d09-498f-aead-42327df81d94: receive RaftClientReply:client-C12DAE7A5037->3f4de2de-7d09-498f-aead-42327df81d94@group-C7908E81CC6B, cid=2418, SUCCESS, logIndex=3493, commits[3f4de2de-7d09-498f-aead-42327df81d94:c3495]
2019-08-05 04:38:02,439 INFO  client.GrpcClientProtocolClient (GrpcClientProtocolClient.java:onNext(255)) - client-C12DAE7A5037->3f4de2de-7d09-498f-aead-42327df81d94: receive RaftClientReply:client-C12DAE7A5037->3f4de2de-7d09-498f-aead-42327df81d94@group-C7908E81CC6B, cid=2419, SUCCESS, logIndex=3494, commits[3f4de2de-7d09-498f-aead-42327df81d94:c3495]
2019-08-05 04:38:02,440 INFO  client.GrpcClientProtocolClient (GrpcClientProtocolClient.java:onNext(255)) - client-C12DAE7A5037->3f4de2de-7d09-498f-aead-42327df81d94: receive RaftClientReply:client-C12DAE7A5037->3f4de2de-7d09-498f-aead-42327df81d94@group-C7908E81CC6B, cid=2420, SUCCESS, logIndex=3495, commits[3f4de2de-7d09-498f-aead-42327df81d94:c3496]
2019-08-05 04:38:02,460 INFO  client.GrpcClientProtocolClient (GrpcClientProtocolClient.java:onNext(255)) - client-C12DAE7A5037->3f4de2de-7d09-498f-aead-42327df81d94: receive RaftClientReply:client-C12DAE7A5037->3f4de2de-7d09-498f-aead-42327df81d94@group-C7908E81CC6B, cid=2421, SUCCESS, logIndex=3498, commits[3f4de2de-7d09-498f-aead-42327df81d94:c3499]
2019-08-05 04:38:02,461 INFO  client.GrpcClientProtocolClient (GrpcClientProtocolClient.java:onNext(255)) - client-C12DAE7A5037->3f4de2de-7d09-498f-aead-42327df81d94: receive RaftClientReply:client-C12DAE7A5037->3f4de2de-7d09-498f-aead-42327df81d94@group-C7908E81CC6B, cid=2422, SUCCESS, logIndex=3499, commits[3f4de2de-7d09-498f-aead-42327df81d94:c3501]
2019-08-05 04:38:02,461 INFO  client.GrpcClientProtocolClient (GrpcClientProtocolClient.java:onNext(255)) - client-C12DAE7A5037->3f4de2de-7d09-498f-aead-42327df81d94: receive RaftClientReply:client-C12DAE7A5037->3f4de2de-7d09-498f-aead-42327df81d94@group-C7908E81CC6B, cid=2423, SUCCESS, logIndex=3500, commits[3f4de2de-7d09-498f-aead-42327df81d94:c3501]
2019-08-05 04:38:02,461 INFO  client.GrpcClientProtocolClient (GrpcClientProtocolClient.java:onNext(255)) - client-C12DAE7A5037->3f4de2de-7d09-498f-aead-42327df81d94: receive RaftClientReply:client-C12DAE7A5037->3f4de2de-7d09-498f-aead-42327df81d94@group-C7908E81CC6B, cid=2424, SUCCESS, logIndex=3501, commits[3f4de2de-7d09-498f-aead-42327df81d94:c3502]
2019-08-05 04:38:02,471 DEBUG block.SCMBlockDeletingService (SCMBlockDeletingService.java:call(138)) - Running DeletedBlockTransactionScanner
2019-08-05 04:38:02,471 DEBUG block.SCMBlockDeletingService (SCMBlockDeletingService.java:call(155)) - Scanned deleted blocks log and got 0 delTX to process.
2019-08-05 04:38:02,491 INFO  client.GrpcClientProtocolClient (GrpcClientProtocolClient.java:onNext(255)) - client-C12DAE7A5037->3f4de2de-7d09-498f-aead-42327df81d94: receive RaftClientReply:client-C12DAE7A5037->3f4de2de-7d09-498f-aead-42327df81d94@group-C7908E81CC6B, cid=2425, SUCCESS, logIndex=3504, commits[3f4de2de-7d09-498f-aead-42327df81d94:c3505]
2019-08-05 04:38:02,491 INFO  client.GrpcClientProtocolClient (GrpcClientProtocolClient.java:onNext(255)) - client-C12DAE7A5037->3f4de2de-7d09-498f-aead-42327df81d94: receive RaftClientReply:client-C12DAE7A5037->3f4de2de-7d09-498f-aead-42327df81d94@group-C7908E81CC6B, cid=2426, SUCCESS, logIndex=3505, commits[3f4de2de-7d09-498f-aead-42327df81d94:c3505]
2019-08-05 04:38:02,493 INFO  client.GrpcClientProtocolClient (GrpcClientProtocolClient.java:onNext(255)) - client-C12DAE7A5037->3f4de2de-7d09-498f-aead-42327df81d94: receive RaftClientReply:client-C12DAE7A5037->3f4de2de-7d09-498f-aead-42327df81d94@group-C7908E81CC6B, cid=2427, SUCCESS, logIndex=3506, commits[3f4de2de-7d09-498f-aead-42327df81d94:c3507]
2019-08-05 04:38:02,494 INFO  client.GrpcClientProtocolClient (GrpcClientProtocolClient.java:onNext(255)) - client-C12DAE7A5037->3f4de2de-7d09-498f-aead-42327df81d94: receive RaftClientReply:client-C12DAE7A5037->3f4de2de-7d09-498f-aead-42327df81d94@group-C7908E81CC6B, cid=2428, SUCCESS, logIndex=3507, commits[3f4de2de-7d09-498f-aead-42327df81d94:c3507]
2019-08-05 04:38:02,505 INFO  client.GrpcClientProtocolClient (GrpcClientProtocolClient.java:onNext(255)) - client-C12DAE7A5037->3f4de2de-7d09-498f-aead-42327df81d94: receive RaftClientReply:client-C12DAE7A5037->3f4de2de-7d09-498f-aead-42327df81d94@group-C7908E81CC6B, cid=2429, SUCCESS, logIndex=3510, commits[3f4de2de-7d09-498f-aead-42327df81d94:c3511]
2019-08-05 04:38:02,506 INFO  client.GrpcClientProtocolClient (GrpcClientProtocolClient.java:onNext(255)) - client-C12DAE7A5037->3f4de2de-7d09-498f-aead-42327df81d94: receive RaftClientReply:client-C12DAE7A5037->3f4de2de-7d09-498f-aead-42327df81d94@group-C7908E81CC6B, cid=2430, SUCCESS, logIndex=3511, commits[3f4de2de-7d09-498f-aead-42327df81d94:c3511]
2019-08-05 04:38:02,572 DEBUG block.SCMBlockDeletingService (SCMBlockDeletingService.java:call(138)) - Running DeletedBlockTransactionScanner
2019-08-05 04:38:02,572 DEBUG block.SCMBlockDeletingService (SCMBlockDeletingService.java:call(155)) - Scanned deleted blocks log and got 0 delTX to process.
2019-08-05 04:38:02,622 INFO  client.GrpcClientProtocolClient (GrpcClientProtocolClient.java:onNext(255)) - client-C12DAE7A5037->3f4de2de-7d09-498f-aead-42327df81d94: receive RaftClientReply:client-C12DAE7A5037->3f4de2de-7d09-498f-aead-42327df81d94@group-C7908E81CC6B, cid=2431, SUCCESS, logIndex=3513, commits[3f4de2de-7d09-498f-aead-42327df81d94:c3514]
2019-08-05 04:38:02,623 INFO  client.GrpcClientProtocolClient (GrpcClientProtocolClient.java:onNext(255)) - client-C12DAE7A5037->3f4de2de-7d09-498f-aead-42327df81d94: receive RaftClientReply:client-C12DAE7A5037->3f4de2de-7d09-498f-aead-42327df81d94@group-C7908E81CC6B, cid=2432, SUCCESS, logIndex=3514, commits[3f4de2de-7d09-498f-aead-42327df81d94:c3514]
2019-08-05 04:38:02,653 INFO  client.GrpcClientProtocolClient (GrpcClientProtocolClient.java:onNext(255)) - client-C12DAE7A5037->3f4de2de-7d09-498f-aead-42327df81d94: receive RaftClientReply:client-C12DAE7A5037->3f4de2de-7d09-498f-aead-42327df81d94@group-C7908E81CC6B, cid=2433, SUCCESS, logIndex=3516, commits[3f4de2de-7d09-498f-aead-42327df81d94:c3519]
2019-08-05 04:38:02,653 INFO  client.GrpcClientProtocolClient (GrpcClientProtocolClient.java:onNext(255)) - client-C12DAE7A5037->3f4de2de-7d09-498f-aead-42327df81d94: receive RaftClientReply:client-C12DAE7A5037->3f4de2de-7d09-498f-aead-42327df81d94@group-C7908E81CC6B, cid=2434, SUCCESS, logIndex=3517, commits[3f4de2de-7d09-498f-aead-42327df81d94:c3520]
2019-08-05 04:38:02,653 INFO  client.GrpcClientProtocolClient (GrpcClientProtocolClient.java:onNext(255)) - client-C12DAE7A5037->3f4de2de-7d09-498f-aead-42327df81d94: receive RaftClientReply:client-C12DAE7A5037->3f4de2de-7d09-498f-aead-42327df81d94@group-C7908E81CC6B, cid=2435, SUCCESS, logIndex=3518, commits[3f4de2de-7d09-498f-aead-42327df81d94:c3520]
2019-08-05 04:38:02,654 INFO  client.GrpcClientProtocolClient (GrpcClientProtocolClient.java:onNext(255)) - client-C12DAE7A5037->3f4de2de-7d09-498f-aead-42327df81d94: receive RaftClientReply:client-C12DAE7A5037->3f4de2de-7d09-498f-aead-42327df81d94@group-C7908E81CC6B, cid=2436, SUCCESS, logIndex=3519, commits[3f4de2de-7d09-498f-aead-42327df81d94:c3520]
2019-08-05 04:38:02,672 DEBUG block.SCMBlockDeletingService (SCMBlockDeletingService.java:call(138)) - Running DeletedBlockTransactionScanner
2019-08-05 04:38:02,673 DEBUG block.SCMBlockDeletingService (SCMBlockDeletingService.java:call(155)) - Scanned deleted blocks log and got 0 delTX to process.
2019-08-05 04:38:02,684 INFO  client.GrpcClientProtocolClient (GrpcClientProtocolClient.java:onNext(255)) - client-C12DAE7A5037->3f4de2de-7d09-498f-aead-42327df81d94: receive RaftClientReply:client-C12DAE7A5037->3f4de2de-7d09-498f-aead-42327df81d94@group-C7908E81CC6B, cid=2437, SUCCESS, logIndex=3521, commits[3f4de2de-7d09-498f-aead-42327df81d94:c3524]
2019-08-05 04:38:02,684 INFO  client.GrpcClientProtocolClient (GrpcClientProtocolClient.java:onNext(255)) - client-C12DAE7A5037->3f4de2de-7d09-498f-aead-42327df81d94: receive RaftClientReply:client-C12DAE7A5037->3f4de2de-7d09-498f-aead-42327df81d94@group-C7908E81CC6B, cid=2438, SUCCESS, logIndex=3522, commits[3f4de2de-7d09-498f-aead-42327df81d94:c3525]
2019-08-05 04:38:02,685 INFO  client.GrpcClientProtocolClient (GrpcClientProtocolClient.java:onNext(255)) - client-C12DAE7A5037->3f4de2de-7d09-498f-aead-42327df81d94: receive RaftClientReply:client-C12DAE7A5037->3f4de2de-7d09-498f-aead-42327df81d94@group-C7908E81CC6B, cid=2439, SUCCESS, logIndex=3523, commits[3f4de2de-7d09-498f-aead-42327df81d94:c3525]
2019-08-05 04:38:02,685 INFO  client.GrpcClientProtocolClient (GrpcClientProtocolClient.java:onNext(255)) - client-C12DAE7A5037->3f4de2de-7d09-498f-aead-42327df81d94: receive RaftClientReply:client-C12DAE7A5037->3f4de2de-7d09-498f-aead-42327df81d94@group-C7908E81CC6B, cid=2440, SUCCESS, logIndex=3524, commits[3f4de2de-7d09-498f-aead-42327df81d94:c3525]
2019-08-05 04:38:02,715 INFO  client.GrpcClientProtocolClient (GrpcClientProtocolClient.java:onNext(255)) - client-C12DAE7A5037->3f4de2de-7d09-498f-aead-42327df81d94: receive RaftClientReply:client-C12DAE7A5037->3f4de2de-7d09-498f-aead-42327df81d94@group-C7908E81CC6B, cid=2441, SUCCESS, logIndex=3526, commits[3f4de2de-7d09-498f-aead-42327df81d94:c3527]
2019-08-05 04:38:02,716 INFO  client.GrpcClientProtocolClient (GrpcClientProtocolClient.java:onNext(255)) - client-C12DAE7A5037->3f4de2de-7d09-498f-aead-42327df81d94: receive RaftClientReply:client-C12DAE7A5037->3f4de2de-7d09-498f-aead-42327df81d94@group-C7908E81CC6B, cid=2442, SUCCESS, logIndex=3527, commits[3f4de2de-7d09-498f-aead-42327df81d94:c3527]
2019-08-05 04:38:02,717 INFO  client.GrpcClientProtocolClient (GrpcClientProtocolClient.java:onNext(255)) - client-C12DAE7A5037->3f4de2de-7d09-498f-aead-42327df81d94: receive RaftClientReply:client-C12DAE7A5037->3f4de2de-7d09-498f-aead-42327df81d94@group-C7908E81CC6B, cid=2443, SUCCESS, logIndex=3528, commits[3f4de2de-7d09-498f-aead-42327df81d94:c3529]
2019-08-05 04:38:02,718 INFO  client.GrpcClientProtocolClient (GrpcClientProtocolClient.java:onNext(255)) - client-C12DAE7A5037->3f4de2de-7d09-498f-aead-42327df81d94: receive RaftClientReply:client-C12DAE7A5037->3f4de2de-7d09-498f-aead-42327df81d94@group-C7908E81CC6B, cid=2444, SUCCESS, logIndex=3529, commits[3f4de2de-7d09-498f-aead-42327df81d94:c3529]
2019-08-05 04:38:02,741 INFO  client.GrpcClientProtocolClient (GrpcClientProtocolClient.java:onNext(255)) - client-C12DAE7A5037->3f4de2de-7d09-498f-aead-42327df81d94: receive RaftClientReply:client-C12DAE7A5037->3f4de2de-7d09-498f-aead-42327df81d94@group-C7908E81CC6B, cid=2445, SUCCESS, logIndex=3532, commits[3f4de2de-7d09-498f-aead-42327df81d94:c3535]
2019-08-05 04:38:02,741 INFO  client.GrpcClientProtocolClient (GrpcClientProtocolClient.java:onNext(255)) - client-C12DAE7A5037->3f4de2de-7d09-498f-aead-42327df81d94: receive RaftClientReply:client-C12DAE7A5037->3f4de2de-7d09-498f-aead-42327df81d94@group-C7908E81CC6B, cid=2446, SUCCESS, logIndex=3533, commits[3f4de2de-7d09-498f-aead-42327df81d94:c3536]
2019-08-05 04:38:02,742 INFO  client.GrpcClientProtocolClient (GrpcClientProtocolClient.java:onNext(255)) - client-C12DAE7A5037->3f4de2de-7d09-498f-aead-42327df81d94: receive RaftClientReply:client-C12DAE7A5037->3f4de2de-7d09-498f-aead-42327df81d94@group-C7908E81CC6B, cid=2447, SUCCESS, logIndex=3534, commits[3f4de2de-7d09-498f-aead-42327df81d94:c3536]
2019-08-05 04:38:02,742 INFO  client.GrpcClientProtocolClient (GrpcClientProtocolClient.java:onNext(255)) - client-C12DAE7A5037->3f4de2de-7d09-498f-aead-42327df81d94: receive RaftClientReply:client-C12DAE7A5037->3f4de2de-7d09-498f-aead-42327df81d94@group-C7908E81CC6B, cid=2448, SUCCESS, logIndex=3535, commits[3f4de2de-7d09-498f-aead-42327df81d94:c3536]
2019-08-05 04:38:02,854 DEBUG block.SCMBlockDeletingService (SCMBlockDeletingService.java:call(138)) - Running DeletedBlockTransactionScanner
2019-08-05 04:38:02,855 DEBUG block.SCMBlockDeletingService (SCMBlockDeletingService.java:call(155)) - Scanned deleted blocks log and got 0 delTX to process.
2019-08-05 04:38:02,855 INFO  client.GrpcClientProtocolClient (GrpcClientProtocolClient.java:onNext(255)) - client-C12DAE7A5037->3f4de2de-7d09-498f-aead-42327df81d94: receive RaftClientReply:client-C12DAE7A5037->3f4de2de-7d09-498f-aead-42327df81d94@group-C7908E81CC6B, cid=2449, SUCCESS, logIndex=3537, commits[3f4de2de-7d09-498f-aead-42327df81d94:c3538]
2019-08-05 04:38:02,855 INFO  client.GrpcClientProtocolClient (GrpcClientProtocolClient.java:onNext(255)) - client-C12DAE7A5037->3f4de2de-7d09-498f-aead-42327df81d94: receive RaftClientReply:client-C12DAE7A5037->3f4de2de-7d09-498f-aead-42327df81d94@group-C7908E81CC6B, cid=2450, SUCCESS, logIndex=3538, commits[3f4de2de-7d09-498f-aead-42327df81d94:c3540]
2019-08-05 04:38:02,856 INFO  client.GrpcClientProtocolClient (GrpcClientProtocolClient.java:onNext(255)) - client-C12DAE7A5037->3f4de2de-7d09-498f-aead-42327df81d94: receive RaftClientReply:client-C12DAE7A5037->3f4de2de-7d09-498f-aead-42327df81d94@group-C7908E81CC6B, cid=2451, SUCCESS, logIndex=3539, commits[3f4de2de-7d09-498f-aead-42327df81d94:c3541]
2019-08-05 04:38:02,856 INFO  client.GrpcClientProtocolClient (GrpcClientProtocolClient.java:onNext(255)) - client-C12DAE7A5037->3f4de2de-7d09-498f-aead-42327df81d94: receive RaftClientReply:client-C12DAE7A5037->3f4de2de-7d09-498f-aead-42327df81d94@group-C7908E81CC6B, cid=2452, SUCCESS, logIndex=3540, commits[3f4de2de-7d09-498f-aead-42327df81d94:c3541]
2019-08-05 04:38:02,867 INFO  client.GrpcClientProtocolClient (GrpcClientProtocolClient.java:onNext(255)) - client-C12DAE7A5037->3f4de2de-7d09-498f-aead-42327df81d94: receive RaftClientReply:client-C12DAE7A5037->3f4de2de-7d09-498f-aead-42327df81d94@group-C7908E81CC6B, cid=2453, SUCCESS, logIndex=3543, commits[3f4de2de-7d09-498f-aead-42327df81d94:c3544]
2019-08-05 04:38:02,868 INFO  client.GrpcClientProtocolClient (GrpcClientProtocolClient.java:onNext(255)) - client-C12DAE7A5037->3f4de2de-7d09-498f-aead-42327df81d94: receive RaftClientReply:client-C12DAE7A5037->3f4de2de-7d09-498f-aead-42327df81d94@group-C7908E81CC6B, cid=2454, SUCCESS, logIndex=3544, commits[3f4de2de-7d09-498f-aead-42327df81d94:c3544]
2019-08-05 04:38:02,880 INFO  client.GrpcClientProtocolClient (GrpcClientProtocolClient.java:onNext(255)) - client-C12DAE7A5037->3f4de2de-7d09-498f-aead-42327df81d94: receive RaftClientReply:client-C12DAE7A5037->3f4de2de-7d09-498f-aead-42327df81d94@group-C7908E81CC6B, cid=2455, SUCCESS, logIndex=3545, commits[3f4de2de-7d09-498f-aead-42327df81d94:c3547]
2019-08-05 04:38:02,880 INFO  client.GrpcClientProtocolClient (GrpcClientProtocolClient.java:onNext(255)) - client-C12DAE7A5037->3f4de2de-7d09-498f-aead-42327df81d94: receive RaftClientReply:client-C12DAE7A5037->3f4de2de-7d09-498f-aead-42327df81d94@group-C7908E81CC6B, cid=2456, SUCCESS, logIndex=3547, commits[3f4de2de-7d09-498f-aead-42327df81d94:c3547]
2019-08-05 04:38:02,910 INFO  client.GrpcClientProtocolClient (GrpcClientProtocolClient.java:onNext(255)) - client-C12DAE7A5037->3f4de2de-7d09-498f-aead-42327df81d94: receive RaftClientReply:client-C12DAE7A5037->3f4de2de-7d09-498f-aead-42327df81d94@group-C7908E81CC6B, cid=2457, SUCCESS, logIndex=3549, commits[3f4de2de-7d09-498f-aead-42327df81d94:c3550]
2019-08-05 04:38:02,911 INFO  client.GrpcClientProtocolClient (GrpcClientProtocolClient.java:onNext(255)) - client-C12DAE7A5037->3f4de2de-7d09-498f-aead-42327df81d94: receive RaftClientReply:client-C12DAE7A5037->3f4de2de-7d09-498f-aead-42327df81d94@group-C7908E81CC6B, cid=2458, SUCCESS, logIndex=3550, commits[3f4de2de-7d09-498f-aead-42327df81d94:c3550]
2019-08-05 04:38:02,913 INFO  client.GrpcClientProtocolClient (GrpcClientProtocolClient.java:onNext(255)) - client-C12DAE7A5037->3f4de2de-7d09-498f-aead-42327df81d94: receive RaftClientReply:client-C12DAE7A5037->3f4de2de-7d09-498f-aead-42327df81d94@group-C7908E81CC6B, cid=2459, SUCCESS, logIndex=3551, commits[3f4de2de-7d09-498f-aead-42327df81d94:c3552]
2019-08-05 04:38:02,913 INFO  client.GrpcClientProtocolClient (GrpcClientProtocolClient.java:onNext(255)) - client-C12DAE7A5037->3f4de2de-7d09-498f-aead-42327df81d94: receive RaftClientReply:client-C12DAE7A5037->3f4de2de-7d09-498f-aead-42327df81d94@group-C7908E81CC6B, cid=2460, SUCCESS, logIndex=3552, commits[3f4de2de-7d09-498f-aead-42327df81d94:c3552]
2019-08-05 04:38:02,936 INFO  client.GrpcClientProtocolClient (GrpcClientProtocolClient.java:onNext(255)) - client-C12DAE7A5037->3f4de2de-7d09-498f-aead-42327df81d94: receive RaftClientReply:client-C12DAE7A5037->3f4de2de-7d09-498f-aead-42327df81d94@group-C7908E81CC6B, cid=2461, SUCCESS, logIndex=3555, commits[3f4de2de-7d09-498f-aead-42327df81d94:c3558]
2019-08-05 04:38:02,936 INFO  client.GrpcClientProtocolClient (GrpcClientProtocolClient.java:onNext(255)) - client-C12DAE7A5037->3f4de2de-7d09-498f-aead-42327df81d94: receive RaftClientReply:client-C12DAE7A5037->3f4de2de-7d09-498f-aead-42327df81d94@group-C7908E81CC6B, cid=2462, SUCCESS, logIndex=3556, commits[3f4de2de-7d09-498f-aead-42327df81d94:c3559]
2019-08-05 04:38:02,936 INFO  client.GrpcClientProtocolClient (GrpcClientProtocolClient.java:onNext(255)) - client-C12DAE7A5037->3f4de2de-7d09-498f-aead-42327df81d94: receive RaftClientReply:client-C12DAE7A5037->3f4de2de-7d09-498f-aead-42327df81d94@group-C7908E81CC6B, cid=2463, SUCCESS, logIndex=3557, commits[3f4de2de-7d09-498f-aead-42327df81d94:c3559]
2019-08-05 04:38:02,937 INFO  client.GrpcClientProtocolClient (GrpcClientProtocolClient.java:onNext(255)) - client-C12DAE7A5037->3f4de2de-7d09-498f-aead-42327df81d94: receive RaftClientReply:client-C12DAE7A5037->3f4de2de-7d09-498f-aead-42327df81d94@group-C7908E81CC6B, cid=2464, SUCCESS, logIndex=3558, commits[3f4de2de-7d09-498f-aead-42327df81d94:c3559]
2019-08-05 04:38:02,955 DEBUG block.SCMBlockDeletingService (SCMBlockDeletingService.java:call(138)) - Running DeletedBlockTransactionScanner
2019-08-05 04:38:02,955 DEBUG block.SCMBlockDeletingService (SCMBlockDeletingService.java:call(155)) - Scanned deleted blocks log and got 0 delTX to process.
2019-08-05 04:38:02,960 INFO  client.GrpcClientProtocolClient (GrpcClientProtocolClient.java:onNext(255)) - client-C12DAE7A5037->3f4de2de-7d09-498f-aead-42327df81d94: receive RaftClientReply:client-C12DAE7A5037->3f4de2de-7d09-498f-aead-42327df81d94@group-C7908E81CC6B, cid=2465, SUCCESS, logIndex=3560, commits[3f4de2de-7d09-498f-aead-42327df81d94:c3561]
2019-08-05 04:38:02,961 INFO  client.GrpcClientProtocolClient (GrpcClientProtocolClient.java:onNext(255)) - client-C12DAE7A5037->3f4de2de-7d09-498f-aead-42327df81d94: receive RaftClientReply:client-C12DAE7A5037->3f4de2de-7d09-498f-aead-42327df81d94@group-C7908E81CC6B, cid=2466, SUCCESS, logIndex=3561, commits[3f4de2de-7d09-498f-aead-42327df81d94:c3563]
2019-08-05 04:38:02,961 INFO  client.GrpcClientProtocolClient (GrpcClientProtocolClient.java:onNext(255)) - client-C12DAE7A5037->3f4de2de-7d09-498f-aead-42327df81d94: receive RaftClientReply:client-C12DAE7A5037->3f4de2de-7d09-498f-aead-42327df81d94@group-C7908E81CC6B, cid=2467, SUCCESS, logIndex=3562, commits[3f4de2de-7d09-498f-aead-42327df81d94:c3563]
2019-08-05 04:38:02,962 INFO  client.GrpcClientProtocolClient (GrpcClientProtocolClient.java:onNext(255)) - client-C12DAE7A5037->3f4de2de-7d09-498f-aead-42327df81d94: receive RaftClientReply:client-C12DAE7A5037->3f4de2de-7d09-498f-aead-42327df81d94@group-C7908E81CC6B, cid=2468, SUCCESS, logIndex=3563, commits[3f4de2de-7d09-498f-aead-42327df81d94:c3564]
2019-08-05 04:38:02,982 INFO  client.GrpcClientProtocolClient (GrpcClientProtocolClient.java:onNext(255)) - client-C12DAE7A5037->3f4de2de-7d09-498f-aead-42327df81d94: receive RaftClientReply:client-C12DAE7A5037->3f4de2de-7d09-498f-aead-42327df81d94@group-C7908E81CC6B, cid=2469, SUCCESS, logIndex=3566, commits[3f4de2de-7d09-498f-aead-42327df81d94:c3567]
2019-08-05 04:38:02,982 INFO  client.GrpcClientProtocolClient (GrpcClientProtocolClient.java:onNext(255)) - client-C12DAE7A5037->3f4de2de-7d09-498f-aead-42327df81d94: receive RaftClientReply:client-C12DAE7A5037->3f4de2de-7d09-498f-aead-42327df81d94@group-C7908E81CC6B, cid=2470, SUCCESS, logIndex=3567, commits[3f4de2de-7d09-498f-aead-42327df81d94:c3567]
2019-08-05 04:38:02,984 INFO  client.GrpcClientProtocolClient (GrpcClientProtocolClient.java:onNext(255)) - client-C12DAE7A5037->3f4de2de-7d09-498f-aead-42327df81d94: receive RaftClientReply:client-C12DAE7A5037->3f4de2de-7d09-498f-aead-42327df81d94@group-C7908E81CC6B, cid=2471, SUCCESS, logIndex=3568, commits[3f4de2de-7d09-498f-aead-42327df81d94:c3569]
2019-08-05 04:38:02,984 INFO  client.GrpcClientProtocolClient (GrpcClientProtocolClient.java:onNext(255)) - client-C12DAE7A5037->3f4de2de-7d09-498f-aead-42327df81d94: receive RaftClientReply:client-C12DAE7A5037->3f4de2de-7d09-498f-aead-42327df81d94@group-C7908E81CC6B, cid=2472, SUCCESS, logIndex=3569, commits[3f4de2de-7d09-498f-aead-42327df81d94:c3569]
2019-08-05 04:38:03,012 INFO  client.GrpcClientProtocolClient (GrpcClientProtocolClient.java:onNext(255)) - client-C12DAE7A5037->3f4de2de-7d09-498f-aead-42327df81d94: receive RaftClientReply:client-C12DAE7A5037->3f4de2de-7d09-498f-aead-42327df81d94@group-C7908E81CC6B, cid=2473, SUCCESS, logIndex=3572, commits[3f4de2de-7d09-498f-aead-42327df81d94:c3573]
2019-08-05 04:38:03,013 INFO  client.GrpcClientProtocolClient (GrpcClientProtocolClient.java:onNext(255)) - client-C12DAE7A5037->3f4de2de-7d09-498f-aead-42327df81d94: receive RaftClientReply:client-C12DAE7A5037->3f4de2de-7d09-498f-aead-42327df81d94@group-C7908E81CC6B, cid=2474, SUCCESS, logIndex=3573, commits[3f4de2de-7d09-498f-aead-42327df81d94:c3574]
2019-08-05 04:38:03,056 DEBUG block.SCMBlockDeletingService (SCMBlockDeletingService.java:call(138)) - Running DeletedBlockTransactionScanner
2019-08-05 04:38:03,056 DEBUG block.SCMBlockDeletingService (SCMBlockDeletingService.java:call(155)) - Scanned deleted blocks log and got 0 delTX to process.
2019-08-05 04:38:03,126 INFO  client.GrpcClientProtocolClient (GrpcClientProtocolClient.java:onNext(255)) - client-C12DAE7A5037->3f4de2de-7d09-498f-aead-42327df81d94: receive RaftClientReply:client-C12DAE7A5037->3f4de2de-7d09-498f-aead-42327df81d94@group-C7908E81CC6B, cid=2475, SUCCESS, logIndex=3575, commits[3f4de2de-7d09-498f-aead-42327df81d94:c3576]
2019-08-05 04:38:03,127 INFO  client.GrpcClientProtocolClient (GrpcClientProtocolClient.java:onNext(255)) - client-C12DAE7A5037->3f4de2de-7d09-498f-aead-42327df81d94: receive RaftClientReply:client-C12DAE7A5037->3f4de2de-7d09-498f-aead-42327df81d94@group-C7908E81CC6B, cid=2476, SUCCESS, logIndex=3576, commits[3f4de2de-7d09-498f-aead-42327df81d94:c3577]
2019-08-05 04:38:03,146 INFO  client.GrpcClientProtocolClient (GrpcClientProtocolClient.java:onNext(255)) - client-C12DAE7A5037->3f4de2de-7d09-498f-aead-42327df81d94: receive RaftClientReply:client-C12DAE7A5037->3f4de2de-7d09-498f-aead-42327df81d94@group-C7908E81CC6B, cid=2477, SUCCESS, logIndex=3578, commits[3f4de2de-7d09-498f-aead-42327df81d94:c3581]
2019-08-05 04:38:03,147 INFO  client.GrpcClientProtocolClient (GrpcClientProtocolClient.java:onNext(255)) - client-C12DAE7A5037->3f4de2de-7d09-498f-aead-42327df81d94: receive RaftClientReply:client-C12DAE7A5037->3f4de2de-7d09-498f-aead-42327df81d94@group-C7908E81CC6B, cid=2478, SUCCESS, logIndex=3579, commits[3f4de2de-7d09-498f-aead-42327df81d94:c3581]
2019-08-05 04:38:03,147 INFO  client.GrpcClientProtocolClient (GrpcClientProtocolClient.java:onNext(255)) - client-C12DAE7A5037->3f4de2de-7d09-498f-aead-42327df81d94: receive RaftClientReply:client-C12DAE7A5037->3f4de2de-7d09-498f-aead-42327df81d94@group-C7908E81CC6B, cid=2479, SUCCESS, logIndex=3580, commits[3f4de2de-7d09-498f-aead-42327df81d94:c3582]
2019-08-05 04:38:03,148 INFO  client.GrpcClientProtocolClient (GrpcClientProtocolClient.java:onNext(255)) - client-C12DAE7A5037->3f4de2de-7d09-498f-aead-42327df81d94: receive RaftClientReply:client-C12DAE7A5037->3f4de2de-7d09-498f-aead-42327df81d94@group-C7908E81CC6B, cid=2480, SUCCESS, logIndex=3581, commits[3f4de2de-7d09-498f-aead-42327df81d94:c3582]
2019-08-05 04:38:03,156 DEBUG block.SCMBlockDeletingService (SCMBlockDeletingService.java:call(138)) - Running DeletedBlockTransactionScanner
2019-08-05 04:38:03,157 DEBUG block.SCMBlockDeletingService (SCMBlockDeletingService.java:call(155)) - Scanned deleted blocks log and got 0 delTX to process.
2019-08-05 04:38:03,177 INFO  client.GrpcClientProtocolClient (GrpcClientProtocolClient.java:onNext(255)) - client-C12DAE7A5037->3f4de2de-7d09-498f-aead-42327df81d94: receive RaftClientReply:client-C12DAE7A5037->3f4de2de-7d09-498f-aead-42327df81d94@group-C7908E81CC6B, cid=2481, SUCCESS, logIndex=3584, commits[3f4de2de-7d09-498f-aead-42327df81d94:c3587]
2019-08-05 04:38:03,178 INFO  client.GrpcClientProtocolClient (GrpcClientProtocolClient.java:onNext(255)) - client-C12DAE7A5037->3f4de2de-7d09-498f-aead-42327df81d94: receive RaftClientReply:client-C12DAE7A5037->3f4de2de-7d09-498f-aead-42327df81d94@group-C7908E81CC6B, cid=2482, SUCCESS, logIndex=3585, commits[3f4de2de-7d09-498f-aead-42327df81d94:c3587]
2019-08-05 04:38:03,178 INFO  client.GrpcClientProtocolClient (GrpcClientProtocolClient.java:onNext(255)) - client-C12DAE7A5037->3f4de2de-7d09-498f-aead-42327df81d94: receive RaftClientReply:client-C12DAE7A5037->3f4de2de-7d09-498f-aead-42327df81d94@group-C7908E81CC6B, cid=2483, SUCCESS, logIndex=3586, commits[3f4de2de-7d09-498f-aead-42327df81d94:c3588]
2019-08-05 04:38:03,178 INFO  client.GrpcClientProtocolClient (GrpcClientProtocolClient.java:onNext(255)) - client-C12DAE7A5037->3f4de2de-7d09-498f-aead-42327df81d94: receive RaftClientReply:client-C12DAE7A5037->3f4de2de-7d09-498f-aead-42327df81d94@group-C7908E81CC6B, cid=2484, SUCCESS, logIndex=3587, commits[3f4de2de-7d09-498f-aead-42327df81d94:c3589]
2019-08-05 04:38:03,199 INFO  client.GrpcClientProtocolClient (GrpcClientProtocolClient.java:onNext(255)) - client-C12DAE7A5037->3f4de2de-7d09-498f-aead-42327df81d94: receive RaftClientReply:client-C12DAE7A5037->3f4de2de-7d09-498f-aead-42327df81d94@group-C7908E81CC6B, cid=2485, SUCCESS, logIndex=3590, commits[3f4de2de-7d09-498f-aead-42327df81d94:c3591]
2019-08-05 04:38:03,199 INFO  client.GrpcClientProtocolClient (GrpcClientProtocolClient.java:onNext(255)) - client-C12DAE7A5037->3f4de2de-7d09-498f-aead-42327df81d94: receive RaftClientReply:client-C12DAE7A5037->3f4de2de-7d09-498f-aead-42327df81d94@group-C7908E81CC6B, cid=2486, SUCCESS, logIndex=3591, commits[3f4de2de-7d09-498f-aead-42327df81d94:c3593]
2019-08-05 04:38:03,199 INFO  client.GrpcClientProtocolClient (GrpcClientProtocolClient.java:onNext(255)) - client-C12DAE7A5037->3f4de2de-7d09-498f-aead-42327df81d94: receive RaftClientReply:client-C12DAE7A5037->3f4de2de-7d09-498f-aead-42327df81d94@group-C7908E81CC6B, cid=2487, SUCCESS, logIndex=3592, commits[3f4de2de-7d09-498f-aead-42327df81d94:c3594]
2019-08-05 04:38:03,199 INFO  client.GrpcClientProtocolClient (GrpcClientProtocolClient.java:onNext(255)) - client-C12DAE7A5037->3f4de2de-7d09-498f-aead-42327df81d94: receive RaftClientReply:client-C12DAE7A5037->3f4de2de-7d09-498f-aead-42327df81d94@group-C7908E81CC6B, cid=2488, SUCCESS, logIndex=3593, commits[3f4de2de-7d09-498f-aead-42327df81d94:c3595]
2019-08-05 04:38:03,229 INFO  client.GrpcClientProtocolClient (GrpcClientProtocolClient.java:onNext(255)) - client-C12DAE7A5037->3f4de2de-7d09-498f-aead-42327df81d94: receive RaftClientReply:client-C12DAE7A5037->3f4de2de-7d09-498f-aead-42327df81d94@group-C7908E81CC6B, cid=2489, SUCCESS, logIndex=3596, commits[3f4de2de-7d09-498f-aead-42327df81d94:c3599]
2019-08-05 04:38:03,230 INFO  client.GrpcClientProtocolClient (GrpcClientProtocolClient.java:onNext(255)) - client-C12DAE7A5037->3f4de2de-7d09-498f-aead-42327df81d94: receive RaftClientReply:client-C12DAE7A5037->3f4de2de-7d09-498f-aead-42327df81d94@group-C7908E81CC6B, cid=2490, SUCCESS, logIndex=3597, commits[3f4de2de-7d09-498f-aead-42327df81d94:c3599]
2019-08-05 04:38:03,230 INFO  client.GrpcClientProtocolClient (GrpcClientProtocolClient.java:onNext(255)) - client-C12DAE7A5037->3f4de2de-7d09-498f-aead-42327df81d94: receive RaftClientReply:client-C12DAE7A5037->3f4de2de-7d09-498f-aead-42327df81d94@group-C7908E81CC6B, cid=2491, SUCCESS, logIndex=3598, commits[3f4de2de-7d09-498f-aead-42327df81d94:c3600]
2019-08-05 04:38:03,230 INFO  client.GrpcClientProtocolClient (GrpcClientProtocolClient.java:onNext(255)) - client-C12DAE7A5037->3f4de2de-7d09-498f-aead-42327df81d94: receive RaftClientReply:client-C12DAE7A5037->3f4de2de-7d09-498f-aead-42327df81d94@group-C7908E81CC6B, cid=2492, SUCCESS, logIndex=3599, commits[3f4de2de-7d09-498f-aead-42327df81d94:c3601]
2019-08-05 04:38:03,251 INFO  client.GrpcClientProtocolClient (GrpcClientProtocolClient.java:onNext(255)) - client-C12DAE7A5037->3f4de2de-7d09-498f-aead-42327df81d94: receive RaftClientReply:client-C12DAE7A5037->3f4de2de-7d09-498f-aead-42327df81d94@group-C7908E81CC6B, cid=2493, SUCCESS, logIndex=3602, commits[3f4de2de-7d09-498f-aead-42327df81d94:c3603]
2019-08-05 04:38:03,252 INFO  client.GrpcClientProtocolClient (GrpcClientProtocolClient.java:onNext(255)) - client-C12DAE7A5037->3f4de2de-7d09-498f-aead-42327df81d94: receive RaftClientReply:client-C12DAE7A5037->3f4de2de-7d09-498f-aead-42327df81d94@group-C7908E81CC6B, cid=2494, SUCCESS, logIndex=3603, commits[3f4de2de-7d09-498f-aead-42327df81d94:c3603]
2019-08-05 04:38:03,254 INFO  client.GrpcClientProtocolClient (GrpcClientProtocolClient.java:onNext(255)) - client-C12DAE7A5037->3f4de2de-7d09-498f-aead-42327df81d94: receive RaftClientReply:client-C12DAE7A5037->3f4de2de-7d09-498f-aead-42327df81d94@group-C7908E81CC6B, cid=2495, SUCCESS, logIndex=3604, commits[3f4de2de-7d09-498f-aead-42327df81d94:c3605]
2019-08-05 04:38:03,254 INFO  client.GrpcClientProtocolClient (GrpcClientProtocolClient.java:onNext(255)) - client-C12DAE7A5037->3f4de2de-7d09-498f-aead-42327df81d94: receive RaftClientReply:client-C12DAE7A5037->3f4de2de-7d09-498f-aead-42327df81d94@group-C7908E81CC6B, cid=2496, SUCCESS, logIndex=3605, commits[3f4de2de-7d09-498f-aead-42327df81d94:c3605]
2019-08-05 04:38:03,257 DEBUG block.SCMBlockDeletingService (SCMBlockDeletingService.java:call(138)) - Running DeletedBlockTransactionScanner
2019-08-05 04:38:03,258 DEBUG block.SCMBlockDeletingService (SCMBlockDeletingService.java:call(155)) - Scanned deleted blocks log and got 0 delTX to process.
2019-08-05 04:38:03,299 INFO  client.GrpcClientProtocolClient (GrpcClientProtocolClient.java:onNext(255)) - client-C12DAE7A5037->3f4de2de-7d09-498f-aead-42327df81d94: receive RaftClientReply:client-C12DAE7A5037->3f4de2de-7d09-498f-aead-42327df81d94@group-C7908E81CC6B, cid=2497, SUCCESS, logIndex=3608, commits[3f4de2de-7d09-498f-aead-42327df81d94:c3609]
2019-08-05 04:38:03,300 INFO  client.GrpcClientProtocolClient (GrpcClientProtocolClient.java:onNext(255)) - client-C12DAE7A5037->3f4de2de-7d09-498f-aead-42327df81d94: receive RaftClientReply:client-C12DAE7A5037->3f4de2de-7d09-498f-aead-42327df81d94@group-C7908E81CC6B, cid=2498, SUCCESS, logIndex=3609, commits[3f4de2de-7d09-498f-aead-42327df81d94:c3609]
2019-08-05 04:38:03,314 INFO  client.GrpcClientProtocolClient (GrpcClientProtocolClient.java:onNext(255)) - client-C12DAE7A5037->3f4de2de-7d09-498f-aead-42327df81d94: receive RaftClientReply:client-C12DAE7A5037->3f4de2de-7d09-498f-aead-42327df81d94@group-C7908E81CC6B, cid=2499, SUCCESS, logIndex=3610, commits[3f4de2de-7d09-498f-aead-42327df81d94:c3611]
2019-08-05 04:38:03,314 INFO  client.GrpcClientProtocolClient (GrpcClientProtocolClient.java:onNext(255)) - client-C12DAE7A5037->3f4de2de-7d09-498f-aead-42327df81d94: receive RaftClientReply:client-C12DAE7A5037->3f4de2de-7d09-498f-aead-42327df81d94@group-C7908E81CC6B, cid=2500, SUCCESS, logIndex=3611, commits[3f4de2de-7d09-498f-aead-42327df81d94:c3612]
2019-08-05 04:38:03,335 INFO  client.GrpcClientProtocolClient (GrpcClientProtocolClient.java:onNext(255)) - client-C12DAE7A5037->3f4de2de-7d09-498f-aead-42327df81d94: receive RaftClientReply:client-C12DAE7A5037->3f4de2de-7d09-498f-aead-42327df81d94@group-C7908E81CC6B, cid=2501, SUCCESS, logIndex=3614, commits[3f4de2de-7d09-498f-aead-42327df81d94:c3617]
2019-08-05 04:38:03,336 INFO  client.GrpcClientProtocolClient (GrpcClientProtocolClient.java:onNext(255)) - client-C12DAE7A5037->3f4de2de-7d09-498f-aead-42327df81d94: receive RaftClientReply:client-C12DAE7A5037->3f4de2de-7d09-498f-aead-42327df81d94@group-C7908E81CC6B, cid=2502, SUCCESS, logIndex=3615, commits[3f4de2de-7d09-498f-aead-42327df81d94:c3617]
2019-08-05 04:38:03,336 INFO  client.GrpcClientProtocolClient (GrpcClientProtocolClient.java:onNext(255)) - client-C12DAE7A5037->3f4de2de-7d09-498f-aead-42327df81d94: receive RaftClientReply:client-C12DAE7A5037->3f4de2de-7d09-498f-aead-42327df81d94@group-C7908E81CC6B, cid=2503, SUCCESS, logIndex=3616, commits[3f4de2de-7d09-498f-aead-42327df81d94:c3618]
2019-08-05 04:38:03,336 INFO  client.GrpcClientProtocolClient (GrpcClientProtocolClient.java:onNext(255)) - client-C12DAE7A5037->3f4de2de-7d09-498f-aead-42327df81d94: receive RaftClientReply:client-C12DAE7A5037->3f4de2de-7d09-498f-aead-42327df81d94@group-C7908E81CC6B, cid=2504, SUCCESS, logIndex=3617, commits[3f4de2de-7d09-498f-aead-42327df81d94:c3619]
2019-08-05 04:38:03,358 DEBUG block.SCMBlockDeletingService (SCMBlockDeletingService.java:call(138)) - Running DeletedBlockTransactionScanner
2019-08-05 04:38:03,358 DEBUG block.SCMBlockDeletingService (SCMBlockDeletingService.java:call(155)) - Scanned deleted blocks log and got 0 delTX to process.
2019-08-05 04:38:03,370 INFO  client.GrpcClientProtocolClient (GrpcClientProtocolClient.java:onNext(255)) - client-C12DAE7A5037->3f4de2de-7d09-498f-aead-42327df81d94: receive RaftClientReply:client-C12DAE7A5037->3f4de2de-7d09-498f-aead-42327df81d94@group-C7908E81CC6B, cid=2505, SUCCESS, logIndex=3620, commits[3f4de2de-7d09-498f-aead-42327df81d94:c3624]
2019-08-05 04:38:03,370 INFO  client.GrpcClientProtocolClient (GrpcClientProtocolClient.java:onNext(255)) - client-C12DAE7A5037->3f4de2de-7d09-498f-aead-42327df81d94: receive RaftClientReply:client-C12DAE7A5037->3f4de2de-7d09-498f-aead-42327df81d94@group-C7908E81CC6B, cid=2506, SUCCESS, logIndex=3621, commits[3f4de2de-7d09-498f-aead-42327df81d94:c3625]
2019-08-05 04:38:03,371 INFO  client.GrpcClientProtocolClient (GrpcClientProtocolClient.java:onNext(255)) - client-C12DAE7A5037->3f4de2de-7d09-498f-aead-42327df81d94: receive RaftClientReply:client-C12DAE7A5037->3f4de2de-7d09-498f-aead-42327df81d94@group-C7908E81CC6B, cid=2507, SUCCESS, logIndex=3622, commits[3f4de2de-7d09-498f-aead-42327df81d94:c3625]
2019-08-05 04:38:03,371 INFO  client.GrpcClientProtocolClient (GrpcClientProtocolClient.java:onNext(255)) - client-C12DAE7A5037->3f4de2de-7d09-498f-aead-42327df81d94: receive RaftClientReply:client-C12DAE7A5037->3f4de2de-7d09-498f-aead-42327df81d94@group-C7908E81CC6B, cid=2508, SUCCESS, logIndex=3623, commits[3f4de2de-7d09-498f-aead-42327df81d94:c3625]
2019-08-05 04:38:03,392 INFO  client.GrpcClientProtocolClient (GrpcClientProtocolClient.java:onNext(255)) - client-C12DAE7A5037->3f4de2de-7d09-498f-aead-42327df81d94: receive RaftClientReply:client-C12DAE7A5037->3f4de2de-7d09-498f-aead-42327df81d94@group-C7908E81CC6B, cid=2509, SUCCESS, logIndex=3626, commits[3f4de2de-7d09-498f-aead-42327df81d94:c3627]
2019-08-05 04:38:03,392 INFO  client.GrpcClientProtocolClient (GrpcClientProtocolClient.java:onNext(255)) - client-C12DAE7A5037->3f4de2de-7d09-498f-aead-42327df81d94: receive RaftClientReply:client-C12DAE7A5037->3f4de2de-7d09-498f-aead-42327df81d94@group-C7908E81CC6B, cid=2510, SUCCESS, logIndex=3627, commits[3f4de2de-7d09-498f-aead-42327df81d94:c3629]
2019-08-05 04:38:03,393 INFO  client.GrpcClientProtocolClient (GrpcClientProtocolClient.java:onNext(255)) - client-C12DAE7A5037->3f4de2de-7d09-498f-aead-42327df81d94: receive RaftClientReply:client-C12DAE7A5037->3f4de2de-7d09-498f-aead-42327df81d94@group-C7908E81CC6B, cid=2511, SUCCESS, logIndex=3628, commits[3f4de2de-7d09-498f-aead-42327df81d94:c3630]
2019-08-05 04:38:03,393 INFO  client.GrpcClientProtocolClient (GrpcClientProtocolClient.java:onNext(255)) - client-C12DAE7A5037->3f4de2de-7d09-498f-aead-42327df81d94: receive RaftClientReply:client-C12DAE7A5037->3f4de2de-7d09-498f-aead-42327df81d94@group-C7908E81CC6B, cid=2512, SUCCESS, logIndex=3629, commits[3f4de2de-7d09-498f-aead-42327df81d94:c3630]
2019-08-05 04:38:03,425 INFO  client.GrpcClientProtocolClient (GrpcClientProtocolClient.java:onNext(255)) - client-C12DAE7A5037->3f4de2de-7d09-498f-aead-42327df81d94: receive RaftClientReply:client-C12DAE7A5037->3f4de2de-7d09-498f-aead-42327df81d94@group-C7908E81CC6B, cid=2513, SUCCESS, logIndex=3632, commits[3f4de2de-7d09-498f-aead-42327df81d94:c3633]
2019-08-05 04:38:03,425 INFO  client.GrpcClientProtocolClient (GrpcClientProtocolClient.java:onNext(255)) - client-C12DAE7A5037->3f4de2de-7d09-498f-aead-42327df81d94: receive RaftClientReply:client-C12DAE7A5037->3f4de2de-7d09-498f-aead-42327df81d94@group-C7908E81CC6B, cid=2514, SUCCESS, logIndex=3633, commits[3f4de2de-7d09-498f-aead-42327df81d94:c3635]
2019-08-05 04:38:03,426 INFO  client.GrpcClientProtocolClient (GrpcClientProtocolClient.java:onNext(255)) - client-C12DAE7A5037->3f4de2de-7d09-498f-aead-42327df81d94: receive RaftClientReply:client-C12DAE7A5037->3f4de2de-7d09-498f-aead-42327df81d94@group-C7908E81CC6B, cid=2515, SUCCESS, logIndex=3634, commits[3f4de2de-7d09-498f-aead-42327df81d94:c3636]
2019-08-05 04:38:03,426 INFO  client.GrpcClientProtocolClient (GrpcClientProtocolClient.java:onNext(255)) - client-C12DAE7A5037->3f4de2de-7d09-498f-aead-42327df81d94: receive RaftClientReply:client-C12DAE7A5037->3f4de2de-7d09-498f-aead-42327df81d94@group-C7908E81CC6B, cid=2516, SUCCESS, logIndex=3635, commits[3f4de2de-7d09-498f-aead-42327df81d94:c3637]
2019-08-05 04:38:03,447 INFO  client.GrpcClientProtocolClient (GrpcClientProtocolClient.java:onNext(255)) - client-C12DAE7A5037->3f4de2de-7d09-498f-aead-42327df81d94: receive RaftClientReply:client-C12DAE7A5037->3f4de2de-7d09-498f-aead-42327df81d94@group-C7908E81CC6B, cid=2517, SUCCESS, logIndex=3638, commits[3f4de2de-7d09-498f-aead-42327df81d94:c3639]
2019-08-05 04:38:03,448 INFO  client.GrpcClientProtocolClient (GrpcClientProtocolClient.java:onNext(255)) - client-C12DAE7A5037->3f4de2de-7d09-498f-aead-42327df81d94: receive RaftClientReply:client-C12DAE7A5037->3f4de2de-7d09-498f-aead-42327df81d94@group-C7908E81CC6B, cid=2518, SUCCESS, logIndex=3639, commits[3f4de2de-7d09-498f-aead-42327df81d94:c3640]
2019-08-05 04:38:03,459 DEBUG block.SCMBlockDeletingService (SCMBlockDeletingService.java:call(138)) - Running DeletedBlockTransactionScanner
2019-08-05 04:38:03,459 DEBUG block.SCMBlockDeletingService (SCMBlockDeletingService.java:call(155)) - Scanned deleted blocks log and got 0 delTX to process.
2019-08-05 04:38:03,559 DEBUG block.SCMBlockDeletingService (SCMBlockDeletingService.java:call(138)) - Running DeletedBlockTransactionScanner
2019-08-05 04:38:03,559 DEBUG block.SCMBlockDeletingService (SCMBlockDeletingService.java:call(155)) - Scanned deleted blocks log and got 0 delTX to process.
2019-08-05 04:38:03,565 INFO  client.GrpcClientProtocolClient (GrpcClientProtocolClient.java:onNext(255)) - client-C12DAE7A5037->3f4de2de-7d09-498f-aead-42327df81d94: receive RaftClientReply:client-C12DAE7A5037->3f4de2de-7d09-498f-aead-42327df81d94@group-C7908E81CC6B, cid=2519, SUCCESS, logIndex=3641, commits[3f4de2de-7d09-498f-aead-42327df81d94:c3642]
2019-08-05 04:38:03,566 INFO  client.GrpcClientProtocolClient (GrpcClientProtocolClient.java:onNext(255)) - client-C12DAE7A5037->3f4de2de-7d09-498f-aead-42327df81d94: receive RaftClientReply:client-C12DAE7A5037->3f4de2de-7d09-498f-aead-42327df81d94@group-C7908E81CC6B, cid=2520, SUCCESS, logIndex=3642, commits[3f4de2de-7d09-498f-aead-42327df81d94:c3643]
2019-08-05 04:38:03,599 INFO  client.GrpcClientProtocolClient (GrpcClientProtocolClient.java:onNext(255)) - client-C12DAE7A5037->3f4de2de-7d09-498f-aead-42327df81d94: receive RaftClientReply:client-C12DAE7A5037->3f4de2de-7d09-498f-aead-42327df81d94@group-C7908E81CC6B, cid=2521, SUCCESS, logIndex=3644, commits[3f4de2de-7d09-498f-aead-42327df81d94:c3645]
2019-08-05 04:38:03,601 INFO  client.GrpcClientProtocolClient (GrpcClientProtocolClient.java:onNext(255)) - client-C12DAE7A5037->3f4de2de-7d09-498f-aead-42327df81d94: receive RaftClientReply:client-C12DAE7A5037->3f4de2de-7d09-498f-aead-42327df81d94@group-C7908E81CC6B, cid=2522, SUCCESS, logIndex=3645, commits[3f4de2de-7d09-498f-aead-42327df81d94:c3647]
2019-08-05 04:38:03,601 INFO  client.GrpcClientProtocolClient (GrpcClientProtocolClient.java:onNext(255)) - client-C12DAE7A5037->3f4de2de-7d09-498f-aead-42327df81d94: receive RaftClientReply:client-C12DAE7A5037->3f4de2de-7d09-498f-aead-42327df81d94@group-C7908E81CC6B, cid=2523, SUCCESS, logIndex=3646, commits[3f4de2de-7d09-498f-aead-42327df81d94:c3648]
2019-08-05 04:38:03,601 INFO  client.GrpcClientProtocolClient (GrpcClientProtocolClient.java:onNext(255)) - client-C12DAE7A5037->3f4de2de-7d09-498f-aead-42327df81d94: receive RaftClientReply:client-C12DAE7A5037->3f4de2de-7d09-498f-aead-42327df81d94@group-C7908E81CC6B, cid=2524, SUCCESS, logIndex=3647, commits[3f4de2de-7d09-498f-aead-42327df81d94:c3648]
2019-08-05 04:38:03,621 INFO  client.GrpcClientProtocolClient (GrpcClientProtocolClient.java:onNext(255)) - client-C12DAE7A5037->3f4de2de-7d09-498f-aead-42327df81d94: receive RaftClientReply:client-C12DAE7A5037->3f4de2de-7d09-498f-aead-42327df81d94@group-C7908E81CC6B, cid=2525, SUCCESS, logIndex=3650, commits[3f4de2de-7d09-498f-aead-42327df81d94:c3651]
2019-08-05 04:38:03,621 INFO  client.GrpcClientProtocolClient (GrpcClientProtocolClient.java:onNext(255)) - client-C12DAE7A5037->3f4de2de-7d09-498f-aead-42327df81d94: receive RaftClientReply:client-C12DAE7A5037->3f4de2de-7d09-498f-aead-42327df81d94@group-C7908E81CC6B, cid=2526, SUCCESS, logIndex=3651, commits[3f4de2de-7d09-498f-aead-42327df81d94:c3653]
2019-08-05 04:38:03,621 INFO  client.GrpcClientProtocolClient (GrpcClientProtocolClient.java:onNext(255)) - client-C12DAE7A5037->3f4de2de-7d09-498f-aead-42327df81d94: receive RaftClientReply:client-C12DAE7A5037->3f4de2de-7d09-498f-aead-42327df81d94@group-C7908E81CC6B, cid=2527, SUCCESS, logIndex=3652, commits[3f4de2de-7d09-498f-aead-42327df81d94:c3653]
2019-08-05 04:38:03,622 INFO  client.GrpcClientProtocolClient (GrpcClientProtocolClient.java:onNext(255)) - client-C12DAE7A5037->3f4de2de-7d09-498f-aead-42327df81d94: receive RaftClientReply:client-C12DAE7A5037->3f4de2de-7d09-498f-aead-42327df81d94@group-C7908E81CC6B, cid=2528, SUCCESS, logIndex=3653, commits[3f4de2de-7d09-498f-aead-42327df81d94:c3654]
2019-08-05 04:38:03,650 INFO  client.GrpcClientProtocolClient (GrpcClientProtocolClient.java:onNext(255)) - client-C12DAE7A5037->3f4de2de-7d09-498f-aead-42327df81d94: receive RaftClientReply:client-C12DAE7A5037->3f4de2de-7d09-498f-aead-42327df81d94@group-C7908E81CC6B, cid=2529, SUCCESS, logIndex=3656, commits[3f4de2de-7d09-498f-aead-42327df81d94:c3657]
2019-08-05 04:38:03,650 INFO  client.GrpcClientProtocolClient (GrpcClientProtocolClient.java:onNext(255)) - client-C12DAE7A5037->3f4de2de-7d09-498f-aead-42327df81d94: receive RaftClientReply:client-C12DAE7A5037->3f4de2de-7d09-498f-aead-42327df81d94@group-C7908E81CC6B, cid=2530, SUCCESS, logIndex=3657, commits[3f4de2de-7d09-498f-aead-42327df81d94:c3657]
2019-08-05 04:38:03,652 INFO  client.GrpcClientProtocolClient (GrpcClientProtocolClient.java:onNext(255)) - client-C12DAE7A5037->3f4de2de-7d09-498f-aead-42327df81d94: receive RaftClientReply:client-C12DAE7A5037->3f4de2de-7d09-498f-aead-42327df81d94@group-C7908E81CC6B, cid=2531, SUCCESS, logIndex=3658, commits[3f4de2de-7d09-498f-aead-42327df81d94:c3659]
2019-08-05 04:38:03,652 INFO  client.GrpcClientProtocolClient (GrpcClientProtocolClient.java:onNext(255)) - client-C12DAE7A5037->3f4de2de-7d09-498f-aead-42327df81d94: receive RaftClientReply:client-C12DAE7A5037->3f4de2de-7d09-498f-aead-42327df81d94@group-C7908E81CC6B, cid=2532, SUCCESS, logIndex=3659, commits[3f4de2de-7d09-498f-aead-42327df81d94:c3659]
2019-08-05 04:38:03,660 DEBUG block.SCMBlockDeletingService (SCMBlockDeletingService.java:call(138)) - Running DeletedBlockTransactionScanner
2019-08-05 04:38:03,660 DEBUG block.SCMBlockDeletingService (SCMBlockDeletingService.java:call(155)) - Scanned deleted blocks log and got 0 delTX to process.
2019-08-05 04:38:03,664 INFO  client.GrpcClientProtocolClient (GrpcClientProtocolClient.java:onNext(255)) - client-C12DAE7A5037->3f4de2de-7d09-498f-aead-42327df81d94: receive RaftClientReply:client-C12DAE7A5037->3f4de2de-7d09-498f-aead-42327df81d94@group-C7908E81CC6B, cid=2533, SUCCESS, logIndex=3662, commits[3f4de2de-7d09-498f-aead-42327df81d94:c3665]
2019-08-05 04:38:03,664 INFO  client.GrpcClientProtocolClient (GrpcClientProtocolClient.java:onNext(255)) - client-C12DAE7A5037->3f4de2de-7d09-498f-aead-42327df81d94: receive RaftClientReply:client-C12DAE7A5037->3f4de2de-7d09-498f-aead-42327df81d94@group-C7908E81CC6B, cid=2534, SUCCESS, logIndex=3663, commits[3f4de2de-7d09-498f-aead-42327df81d94:c3666]
2019-08-05 04:38:03,664 INFO  client.GrpcClientProtocolClient (GrpcClientProtocolClient.java:onNext(255)) - client-C12DAE7A5037->3f4de2de-7d09-498f-aead-42327df81d94: receive RaftClientReply:client-C12DAE7A5037->3f4de2de-7d09-498f-aead-42327df81d94@group-C7908E81CC6B, cid=2535, SUCCESS, logIndex=3664, commits[3f4de2de-7d09-498f-aead-42327df81d94:c3666]
2019-08-05 04:38:03,665 INFO  client.GrpcClientProtocolClient (GrpcClientProtocolClient.java:onNext(255)) - client-C12DAE7A5037->3f4de2de-7d09-498f-aead-42327df81d94: receive RaftClientReply:client-C12DAE7A5037->3f4de2de-7d09-498f-aead-42327df81d94@group-C7908E81CC6B, cid=2536, SUCCESS, logIndex=3665, commits[3f4de2de-7d09-498f-aead-42327df81d94:c3666]
2019-08-05 04:38:03,694 INFO  client.GrpcClientProtocolClient (GrpcClientProtocolClient.java:onNext(255)) - client-C12DAE7A5037->3f4de2de-7d09-498f-aead-42327df81d94: receive RaftClientReply:client-C12DAE7A5037->3f4de2de-7d09-498f-aead-42327df81d94@group-C7908E81CC6B, cid=2537, SUCCESS, logIndex=3667, commits[3f4de2de-7d09-498f-aead-42327df81d94:c3668]
2019-08-05 04:38:03,695 INFO  client.GrpcClientProtocolClient (GrpcClientProtocolClient.java:onNext(255)) - client-C12DAE7A5037->3f4de2de-7d09-498f-aead-42327df81d94: receive RaftClientReply:client-C12DAE7A5037->3f4de2de-7d09-498f-aead-42327df81d94@group-C7908E81CC6B, cid=2538, SUCCESS, logIndex=3668, commits[3f4de2de-7d09-498f-aead-42327df81d94:c3670]
2019-08-05 04:38:03,695 INFO  client.GrpcClientProtocolClient (GrpcClientProtocolClient.java:onNext(255)) - client-C12DAE7A5037->3f4de2de-7d09-498f-aead-42327df81d94: receive RaftClientReply:client-C12DAE7A5037->3f4de2de-7d09-498f-aead-42327df81d94@group-C7908E81CC6B, cid=2539, SUCCESS, logIndex=3669, commits[3f4de2de-7d09-498f-aead-42327df81d94:c3671]
2019-08-05 04:38:03,696 INFO  client.GrpcClientProtocolClient (GrpcClientProtocolClient.java:onNext(255)) - client-C12DAE7A5037->3f4de2de-7d09-498f-aead-42327df81d94: receive RaftClientReply:client-C12DAE7A5037->3f4de2de-7d09-498f-aead-42327df81d94@group-C7908E81CC6B, cid=2540, SUCCESS, logIndex=3670, commits[3f4de2de-7d09-498f-aead-42327df81d94:c3671]
2019-08-05 04:38:03,716 INFO  client.GrpcClientProtocolClient (GrpcClientProtocolClient.java:onNext(255)) - client-C12DAE7A5037->3f4de2de-7d09-498f-aead-42327df81d94: receive RaftClientReply:client-C12DAE7A5037->3f4de2de-7d09-498f-aead-42327df81d94@group-C7908E81CC6B, cid=2541, SUCCESS, logIndex=3673, commits[3f4de2de-7d09-498f-aead-42327df81d94:c3674]
2019-08-05 04:38:03,717 INFO  client.GrpcClientProtocolClient (GrpcClientProtocolClient.java:onNext(255)) - client-C12DAE7A5037->3f4de2de-7d09-498f-aead-42327df81d94: receive RaftClientReply:client-C12DAE7A5037->3f4de2de-7d09-498f-aead-42327df81d94@group-C7908E81CC6B, cid=2542, SUCCESS, logIndex=3674, commits[3f4de2de-7d09-498f-aead-42327df81d94:c3674]
2019-08-05 04:38:03,719 INFO  client.GrpcClientProtocolClient (GrpcClientProtocolClient.java:onNext(255)) - client-C12DAE7A5037->3f4de2de-7d09-498f-aead-42327df81d94: receive RaftClientReply:client-C12DAE7A5037->3f4de2de-7d09-498f-aead-42327df81d94@group-C7908E81CC6B, cid=2543, SUCCESS, logIndex=3675, commits[3f4de2de-7d09-498f-aead-42327df81d94:c3676]
2019-08-05 04:38:03,720 INFO  client.GrpcClientProtocolClient (GrpcClientProtocolClient.java:onNext(255)) - client-C12DAE7A5037->3f4de2de-7d09-498f-aead-42327df81d94: receive RaftClientReply:client-C12DAE7A5037->3f4de2de-7d09-498f-aead-42327df81d94@group-C7908E81CC6B, cid=2544, SUCCESS, logIndex=3676, commits[3f4de2de-7d09-498f-aead-42327df81d94:c3676]
2019-08-05 04:38:03,749 INFO  client.GrpcClientProtocolClient (GrpcClientProtocolClient.java:onNext(255)) - client-C12DAE7A5037->3f4de2de-7d09-498f-aead-42327df81d94: receive RaftClientReply:client-C12DAE7A5037->3f4de2de-7d09-498f-aead-42327df81d94@group-C7908E81CC6B, cid=2545, SUCCESS, logIndex=3679, commits[3f4de2de-7d09-498f-aead-42327df81d94:c3680]
2019-08-05 04:38:03,749 INFO  client.GrpcClientProtocolClient (GrpcClientProtocolClient.java:onNext(255)) - client-C12DAE7A5037->3f4de2de-7d09-498f-aead-42327df81d94: receive RaftClientReply:client-C12DAE7A5037->3f4de2de-7d09-498f-aead-42327df81d94@group-C7908E81CC6B, cid=2546, SUCCESS, logIndex=3680, commits[3f4de2de-7d09-498f-aead-42327df81d94:c3682]
2019-08-05 04:38:03,749 INFO  client.GrpcClientProtocolClient (GrpcClientProtocolClient.java:onNext(255)) - client-C12DAE7A5037->3f4de2de-7d09-498f-aead-42327df81d94: receive RaftClientReply:client-C12DAE7A5037->3f4de2de-7d09-498f-aead-42327df81d94@group-C7908E81CC6B, cid=2547, SUCCESS, logIndex=3681, commits[3f4de2de-7d09-498f-aead-42327df81d94:c3683]
2019-08-05 04:38:03,750 INFO  client.GrpcClientProtocolClient (GrpcClientProtocolClient.java:onNext(255)) - client-C12DAE7A5037->3f4de2de-7d09-498f-aead-42327df81d94: receive RaftClientReply:client-C12DAE7A5037->3f4de2de-7d09-498f-aead-42327df81d94@group-C7908E81CC6B, cid=2548, SUCCESS, logIndex=3682, commits[3f4de2de-7d09-498f-aead-42327df81d94:c3683]
2019-08-05 04:38:03,761 DEBUG block.SCMBlockDeletingService (SCMBlockDeletingService.java:call(138)) - Running DeletedBlockTransactionScanner
2019-08-05 04:38:03,761 DEBUG block.SCMBlockDeletingService (SCMBlockDeletingService.java:call(155)) - Scanned deleted blocks log and got 0 delTX to process.
2019-08-05 04:38:03,769 INFO  client.GrpcClientProtocolClient (GrpcClientProtocolClient.java:onNext(255)) - client-C12DAE7A5037->3f4de2de-7d09-498f-aead-42327df81d94: receive RaftClientReply:client-C12DAE7A5037->3f4de2de-7d09-498f-aead-42327df81d94@group-C7908E81CC6B, cid=2549, SUCCESS, logIndex=3685, commits[3f4de2de-7d09-498f-aead-42327df81d94:c3686]
2019-08-05 04:38:03,769 INFO  client.GrpcClientProtocolClient (GrpcClientProtocolClient.java:onNext(255)) - client-C12DAE7A5037->3f4de2de-7d09-498f-aead-42327df81d94: receive RaftClientReply:client-C12DAE7A5037->3f4de2de-7d09-498f-aead-42327df81d94@group-C7908E81CC6B, cid=2550, SUCCESS, logIndex=3686, commits[3f4de2de-7d09-498f-aead-42327df81d94:c3688]
2019-08-05 04:38:03,769 INFO  client.GrpcClientProtocolClient (GrpcClientProtocolClient.java:onNext(255)) - client-C12DAE7A5037->3f4de2de-7d09-498f-aead-42327df81d94: receive RaftClientReply:client-C12DAE7A5037->3f4de2de-7d09-498f-aead-42327df81d94@group-C7908E81CC6B, cid=2551, SUCCESS, logIndex=3687, commits[3f4de2de-7d09-498f-aead-42327df81d94:c3688]
2019-08-05 04:38:03,769 INFO  client.GrpcClientProtocolClient (GrpcClientProtocolClient.java:onNext(255)) - client-C12DAE7A5037->3f4de2de-7d09-498f-aead-42327df81d94: receive RaftClientReply:client-C12DAE7A5037->3f4de2de-7d09-498f-aead-42327df81d94@group-C7908E81CC6B, cid=2552, SUCCESS, logIndex=3688, commits[3f4de2de-7d09-498f-aead-42327df81d94:c3689]
2019-08-05 04:38:03,797 INFO  client.GrpcClientProtocolClient (GrpcClientProtocolClient.java:onNext(255)) - client-C12DAE7A5037->3f4de2de-7d09-498f-aead-42327df81d94: receive RaftClientReply:client-C12DAE7A5037->3f4de2de-7d09-498f-aead-42327df81d94@group-C7908E81CC6B, cid=2553, SUCCESS, logIndex=3691, commits[3f4de2de-7d09-498f-aead-42327df81d94:c3692]
2019-08-05 04:38:03,799 INFO  client.GrpcClientProtocolClient (GrpcClientProtocolClient.java:onNext(255)) - client-C12DAE7A5037->3f4de2de-7d09-498f-aead-42327df81d94: receive RaftClientReply:client-C12DAE7A5037->3f4de2de-7d09-498f-aead-42327df81d94@group-C7908E81CC6B, cid=2554, SUCCESS, logIndex=3692, commits[3f4de2de-7d09-498f-aead-42327df81d94:c3694]
2019-08-05 04:38:03,799 INFO  client.GrpcClientProtocolClient (GrpcClientProtocolClient.java:onNext(255)) - client-C12DAE7A5037->3f4de2de-7d09-498f-aead-42327df81d94: receive RaftClientReply:client-C12DAE7A5037->3f4de2de-7d09-498f-aead-42327df81d94@group-C7908E81CC6B, cid=2555, SUCCESS, logIndex=3693, commits[3f4de2de-7d09-498f-aead-42327df81d94:c3694]
2019-08-05 04:38:03,800 INFO  client.GrpcClientProtocolClient (GrpcClientProtocolClient.java:onNext(255)) - client-C12DAE7A5037->3f4de2de-7d09-498f-aead-42327df81d94: receive RaftClientReply:client-C12DAE7A5037->3f4de2de-7d09-498f-aead-42327df81d94@group-C7908E81CC6B, cid=2556, SUCCESS, logIndex=3694, commits[3f4de2de-7d09-498f-aead-42327df81d94:c3694]
2019-08-05 04:38:03,887 DEBUG block.SCMBlockDeletingService (SCMBlockDeletingService.java:call(138)) - Running DeletedBlockTransactionScanner
2019-08-05 04:38:03,887 DEBUG block.SCMBlockDeletingService (SCMBlockDeletingService.java:call(155)) - Scanned deleted blocks log and got 0 delTX to process.
2019-08-05 04:38:03,928 INFO  client.GrpcClientProtocolClient (GrpcClientProtocolClient.java:onNext(255)) - client-C12DAE7A5037->3f4de2de-7d09-498f-aead-42327df81d94: receive RaftClientReply:client-C12DAE7A5037->3f4de2de-7d09-498f-aead-42327df81d94@group-C7908E81CC6B, cid=2557, SUCCESS, logIndex=3697, commits[3f4de2de-7d09-498f-aead-42327df81d94:c3698]
2019-08-05 04:38:03,930 INFO  client.GrpcClientProtocolClient (GrpcClientProtocolClient.java:onNext(255)) - client-C12DAE7A5037->3f4de2de-7d09-498f-aead-42327df81d94: receive RaftClientReply:client-C12DAE7A5037->3f4de2de-7d09-498f-aead-42327df81d94@group-C7908E81CC6B, cid=2558, SUCCESS, logIndex=3698, commits[3f4de2de-7d09-498f-aead-42327df81d94:c3698]
2019-08-05 04:38:03,939 INFO  client.GrpcClientProtocolClient (GrpcClientProtocolClient.java:onNext(255)) - client-C12DAE7A5037->3f4de2de-7d09-498f-aead-42327df81d94: receive RaftClientReply:client-C12DAE7A5037->3f4de2de-7d09-498f-aead-42327df81d94@group-C7908E81CC6B, cid=2559, SUCCESS, logIndex=3699, commits[3f4de2de-7d09-498f-aead-42327df81d94:c3701]
2019-08-05 04:38:03,939 INFO  client.GrpcClientProtocolClient (GrpcClientProtocolClient.java:onNext(255)) - client-C12DAE7A5037->3f4de2de-7d09-498f-aead-42327df81d94: receive RaftClientReply:client-C12DAE7A5037->3f4de2de-7d09-498f-aead-42327df81d94@group-C7908E81CC6B, cid=2560, SUCCESS, logIndex=3700, commits[3f4de2de-7d09-498f-aead-42327df81d94:c3701]
2019-08-05 04:38:03,979 INFO  client.GrpcClientProtocolClient (GrpcClientProtocolClient.java:onNext(255)) - client-C12DAE7A5037->3f4de2de-7d09-498f-aead-42327df81d94: receive RaftClientReply:client-C12DAE7A5037->3f4de2de-7d09-498f-aead-42327df81d94@group-C7908E81CC6B, cid=2561, SUCCESS, logIndex=3702, commits[3f4de2de-7d09-498f-aead-42327df81d94:c3703]
2019-08-05 04:38:03,980 INFO  client.GrpcClientProtocolClient (GrpcClientProtocolClient.java:onNext(255)) - client-C12DAE7A5037->3f4de2de-7d09-498f-aead-42327df81d94: receive RaftClientReply:client-C12DAE7A5037->3f4de2de-7d09-498f-aead-42327df81d94@group-C7908E81CC6B, cid=2562, SUCCESS, logIndex=3703, commits[3f4de2de-7d09-498f-aead-42327df81d94:c3704]
2019-08-05 04:38:03,988 DEBUG block.SCMBlockDeletingService (SCMBlockDeletingService.java:call(138)) - Running DeletedBlockTransactionScanner
2019-08-05 04:38:03,988 DEBUG block.SCMBlockDeletingService (SCMBlockDeletingService.java:call(155)) - Scanned deleted blocks log and got 0 delTX to process.
2019-08-05 04:38:04,089 DEBUG block.SCMBlockDeletingService (SCMBlockDeletingService.java:call(138)) - Running DeletedBlockTransactionScanner
2019-08-05 04:38:04,089 DEBUG block.SCMBlockDeletingService (SCMBlockDeletingService.java:call(155)) - Scanned deleted blocks log and got 0 delTX to process.
2019-08-05 04:38:04,098 INFO  client.GrpcClientProtocolClient (GrpcClientProtocolClient.java:onNext(255)) - client-C12DAE7A5037->3f4de2de-7d09-498f-aead-42327df81d94: receive RaftClientReply:client-C12DAE7A5037->3f4de2de-7d09-498f-aead-42327df81d94@group-C7908E81CC6B, cid=2563, SUCCESS, logIndex=3705, commits[3f4de2de-7d09-498f-aead-42327df81d94:c3706]
2019-08-05 04:38:04,098 INFO  client.GrpcClientProtocolClient (GrpcClientProtocolClient.java:onNext(255)) - client-C12DAE7A5037->3f4de2de-7d09-498f-aead-42327df81d94: receive RaftClientReply:client-C12DAE7A5037->3f4de2de-7d09-498f-aead-42327df81d94@group-C7908E81CC6B, cid=2564, SUCCESS, logIndex=3706, commits[3f4de2de-7d09-498f-aead-42327df81d94:c3707]
2019-08-05 04:38:04,121 INFO  client.GrpcClientProtocolClient (GrpcClientProtocolClient.java:onNext(255)) - client-C12DAE7A5037->3f4de2de-7d09-498f-aead-42327df81d94: receive RaftClientReply:client-C12DAE7A5037->3f4de2de-7d09-498f-aead-42327df81d94@group-C7908E81CC6B, cid=2565, SUCCESS, logIndex=3708, commits[3f4de2de-7d09-498f-aead-42327df81d94:c3711]
2019-08-05 04:38:04,122 INFO  client.GrpcClientProtocolClient (GrpcClientProtocolClient.java:onNext(255)) - client-C12DAE7A5037->3f4de2de-7d09-498f-aead-42327df81d94: receive RaftClientReply:client-C12DAE7A5037->3f4de2de-7d09-498f-aead-42327df81d94@group-C7908E81CC6B, cid=2566, SUCCESS, logIndex=3709, commits[3f4de2de-7d09-498f-aead-42327df81d94:c3711]
2019-08-05 04:38:04,122 INFO  client.GrpcClientProtocolClient (GrpcClientProtocolClient.java:onNext(255)) - client-C12DAE7A5037->3f4de2de-7d09-498f-aead-42327df81d94: receive RaftClientReply:client-C12DAE7A5037->3f4de2de-7d09-498f-aead-42327df81d94@group-C7908E81CC6B, cid=2567, SUCCESS, logIndex=3710, commits[3f4de2de-7d09-498f-aead-42327df81d94:c3711]
2019-08-05 04:38:04,123 INFO  client.GrpcClientProtocolClient (GrpcClientProtocolClient.java:onNext(255)) - client-C12DAE7A5037->3f4de2de-7d09-498f-aead-42327df81d94: receive RaftClientReply:client-C12DAE7A5037->3f4de2de-7d09-498f-aead-42327df81d94@group-C7908E81CC6B, cid=2568, SUCCESS, logIndex=3711, commits[3f4de2de-7d09-498f-aead-42327df81d94:c3711]
2019-08-05 04:38:04,156 INFO  client.GrpcClientProtocolClient (GrpcClientProtocolClient.java:onNext(255)) - client-C12DAE7A5037->3f4de2de-7d09-498f-aead-42327df81d94: receive RaftClientReply:client-C12DAE7A5037->3f4de2de-7d09-498f-aead-42327df81d94@group-C7908E81CC6B, cid=2569, SUCCESS, logIndex=3713, commits[3f4de2de-7d09-498f-aead-42327df81d94:c3716]
2019-08-05 04:38:04,156 INFO  client.GrpcClientProtocolClient (GrpcClientProtocolClient.java:onNext(255)) - client-C12DAE7A5037->3f4de2de-7d09-498f-aead-42327df81d94: receive RaftClientReply:client-C12DAE7A5037->3f4de2de-7d09-498f-aead-42327df81d94@group-C7908E81CC6B, cid=2570, SUCCESS, logIndex=3714, commits[3f4de2de-7d09-498f-aead-42327df81d94:c3717]
2019-08-05 04:38:04,157 INFO  client.GrpcClientProtocolClient (GrpcClientProtocolClient.java:onNext(255)) - client-C12DAE7A5037->3f4de2de-7d09-498f-aead-42327df81d94: receive RaftClientReply:client-C12DAE7A5037->3f4de2de-7d09-498f-aead-42327df81d94@group-C7908E81CC6B, cid=2571, SUCCESS, logIndex=3715, commits[3f4de2de-7d09-498f-aead-42327df81d94:c3717]
2019-08-05 04:38:04,157 INFO  client.GrpcClientProtocolClient (GrpcClientProtocolClient.java:onNext(255)) - client-C12DAE7A5037->3f4de2de-7d09-498f-aead-42327df81d94: receive RaftClientReply:client-C12DAE7A5037->3f4de2de-7d09-498f-aead-42327df81d94@group-C7908E81CC6B, cid=2572, SUCCESS, logIndex=3716, commits[3f4de2de-7d09-498f-aead-42327df81d94:c3717]
2019-08-05 04:38:04,178 INFO  client.GrpcClientProtocolClient (GrpcClientProtocolClient.java:onNext(255)) - client-C12DAE7A5037->3f4de2de-7d09-498f-aead-42327df81d94: receive RaftClientReply:client-C12DAE7A5037->3f4de2de-7d09-498f-aead-42327df81d94@group-C7908E81CC6B, cid=2573, SUCCESS, logIndex=3718, commits[3f4de2de-7d09-498f-aead-42327df81d94:c3721]
2019-08-05 04:38:04,178 INFO  client.GrpcClientProtocolClient (GrpcClientProtocolClient.java:onNext(255)) - client-C12DAE7A5037->3f4de2de-7d09-498f-aead-42327df81d94: receive RaftClientReply:client-C12DAE7A5037->3f4de2de-7d09-498f-aead-42327df81d94@group-C7908E81CC6B, cid=2574, SUCCESS, logIndex=3719, commits[3f4de2de-7d09-498f-aead-42327df81d94:c3722]
2019-08-05 04:38:04,179 INFO  client.GrpcClientProtocolClient (GrpcClientProtocolClient.java:onNext(255)) - client-C12DAE7A5037->3f4de2de-7d09-498f-aead-42327df81d94: receive RaftClientReply:client-C12DAE7A5037->3f4de2de-7d09-498f-aead-42327df81d94@group-C7908E81CC6B, cid=2575, SUCCESS, logIndex=3720, commits[3f4de2de-7d09-498f-aead-42327df81d94:c3722]
2019-08-05 04:38:04,179 INFO  client.GrpcClientProtocolClient (GrpcClientProtocolClient.java:onNext(255)) - client-C12DAE7A5037->3f4de2de-7d09-498f-aead-42327df81d94: receive RaftClientReply:client-C12DAE7A5037->3f4de2de-7d09-498f-aead-42327df81d94@group-C7908E81CC6B, cid=2576, SUCCESS, logIndex=3721, commits[3f4de2de-7d09-498f-aead-42327df81d94:c3722]
2019-08-05 04:38:04,189 DEBUG block.SCMBlockDeletingService (SCMBlockDeletingService.java:call(138)) - Running DeletedBlockTransactionScanner
2019-08-05 04:38:04,190 DEBUG block.SCMBlockDeletingService (SCMBlockDeletingService.java:call(155)) - Scanned deleted blocks log and got 0 delTX to process.
2019-08-05 04:38:04,204 INFO  client.GrpcClientProtocolClient (GrpcClientProtocolClient.java:onNext(255)) - client-C12DAE7A5037->3f4de2de-7d09-498f-aead-42327df81d94: receive RaftClientReply:client-C12DAE7A5037->3f4de2de-7d09-498f-aead-42327df81d94@group-C7908E81CC6B, cid=2577, SUCCESS, logIndex=3723, commits[3f4de2de-7d09-498f-aead-42327df81d94:c3724]
2019-08-05 04:38:04,204 INFO  client.GrpcClientProtocolClient (GrpcClientProtocolClient.java:onNext(255)) - client-C12DAE7A5037->3f4de2de-7d09-498f-aead-42327df81d94: receive RaftClientReply:client-C12DAE7A5037->3f4de2de-7d09-498f-aead-42327df81d94@group-C7908E81CC6B, cid=2578, SUCCESS, logIndex=3724, commits[3f4de2de-7d09-498f-aead-42327df81d94:c3724]
2019-08-05 04:38:04,206 INFO  client.GrpcClientProtocolClient (GrpcClientProtocolClient.java:onNext(255)) - client-C12DAE7A5037->3f4de2de-7d09-498f-aead-42327df81d94: receive RaftClientReply:client-C12DAE7A5037->3f4de2de-7d09-498f-aead-42327df81d94@group-C7908E81CC6B, cid=2579, SUCCESS, logIndex=3725, commits[3f4de2de-7d09-498f-aead-42327df81d94:c3726]
2019-08-05 04:38:04,207 INFO  client.GrpcClientProtocolClient (GrpcClientProtocolClient.java:onNext(255)) - client-C12DAE7A5037->3f4de2de-7d09-498f-aead-42327df81d94: receive RaftClientReply:client-C12DAE7A5037->3f4de2de-7d09-498f-aead-42327df81d94@group-C7908E81CC6B, cid=2580, SUCCESS, logIndex=3726, commits[3f4de2de-7d09-498f-aead-42327df81d94:c3726]
2019-08-05 04:38:04,241 INFO  client.GrpcClientProtocolClient (GrpcClientProtocolClient.java:onNext(255)) - client-C12DAE7A5037->3f4de2de-7d09-498f-aead-42327df81d94: receive RaftClientReply:client-C12DAE7A5037->3f4de2de-7d09-498f-aead-42327df81d94@group-C7908E81CC6B, cid=2581, SUCCESS, logIndex=3729, commits[3f4de2de-7d09-498f-aead-42327df81d94:c3732]
2019-08-05 04:38:04,242 INFO  client.GrpcClientProtocolClient (GrpcClientProtocolClient.java:onNext(255)) - client-C12DAE7A5037->3f4de2de-7d09-498f-aead-42327df81d94: receive RaftClientReply:client-C12DAE7A5037->3f4de2de-7d09-498f-aead-42327df81d94@group-C7908E81CC6B, cid=2582, SUCCESS, logIndex=3730, commits[3f4de2de-7d09-498f-aead-42327df81d94:c3733]
2019-08-05 04:38:04,242 INFO  client.GrpcClientProtocolClient (GrpcClientProtocolClient.java:onNext(255)) - client-C12DAE7A5037->3f4de2de-7d09-498f-aead-42327df81d94: receive RaftClientReply:client-C12DAE7A5037->3f4de2de-7d09-498f-aead-42327df81d94@group-C7908E81CC6B, cid=2583, SUCCESS, logIndex=3731, commits[3f4de2de-7d09-498f-aead-42327df81d94:c3733]
2019-08-05 04:38:04,243 INFO  client.GrpcClientProtocolClient (GrpcClientProtocolClient.java:onNext(255)) - client-C12DAE7A5037->3f4de2de-7d09-498f-aead-42327df81d94: receive RaftClientReply:client-C12DAE7A5037->3f4de2de-7d09-498f-aead-42327df81d94@group-C7908E81CC6B, cid=2584, SUCCESS, logIndex=3732, commits[3f4de2de-7d09-498f-aead-42327df81d94:c3733]
2019-08-05 04:38:04,284 INFO  client.GrpcClientProtocolClient (GrpcClientProtocolClient.java:onNext(255)) - client-C12DAE7A5037->3f4de2de-7d09-498f-aead-42327df81d94: receive RaftClientReply:client-C12DAE7A5037->3f4de2de-7d09-498f-aead-42327df81d94@group-C7908E81CC6B, cid=2585, SUCCESS, logIndex=3734, commits[3f4de2de-7d09-498f-aead-42327df81d94:c3735]
2019-08-05 04:38:04,285 INFO  client.GrpcClientProtocolClient (GrpcClientProtocolClient.java:onNext(255)) - client-C12DAE7A5037->3f4de2de-7d09-498f-aead-42327df81d94: receive RaftClientReply:client-C12DAE7A5037->3f4de2de-7d09-498f-aead-42327df81d94@group-C7908E81CC6B, cid=2586, SUCCESS, logIndex=3735, commits[3f4de2de-7d09-498f-aead-42327df81d94:c3738]
2019-08-05 04:38:04,285 INFO  client.GrpcClientProtocolClient (GrpcClientProtocolClient.java:onNext(255)) - client-C12DAE7A5037->3f4de2de-7d09-498f-aead-42327df81d94: receive RaftClientReply:client-C12DAE7A5037->3f4de2de-7d09-498f-aead-42327df81d94@group-C7908E81CC6B, cid=2587, SUCCESS, logIndex=3736, commits[3f4de2de-7d09-498f-aead-42327df81d94:c3738]
2019-08-05 04:38:04,286 INFO  client.GrpcClientProtocolClient (GrpcClientProtocolClient.java:onNext(255)) - client-C12DAE7A5037->3f4de2de-7d09-498f-aead-42327df81d94: receive RaftClientReply:client-C12DAE7A5037->3f4de2de-7d09-498f-aead-42327df81d94@group-C7908E81CC6B, cid=2588, SUCCESS, logIndex=3737, commits[3f4de2de-7d09-498f-aead-42327df81d94:c3738]
2019-08-05 04:38:04,290 DEBUG block.SCMBlockDeletingService (SCMBlockDeletingService.java:call(138)) - Running DeletedBlockTransactionScanner
2019-08-05 04:38:04,290 DEBUG block.SCMBlockDeletingService (SCMBlockDeletingService.java:call(155)) - Scanned deleted blocks log and got 0 delTX to process.
2019-08-05 04:38:04,308 INFO  client.GrpcClientProtocolClient (GrpcClientProtocolClient.java:onNext(255)) - client-C12DAE7A5037->3f4de2de-7d09-498f-aead-42327df81d94: receive RaftClientReply:client-C12DAE7A5037->3f4de2de-7d09-498f-aead-42327df81d94@group-C7908E81CC6B, cid=2589, SUCCESS, logIndex=3740, commits[3f4de2de-7d09-498f-aead-42327df81d94:c3741]
2019-08-05 04:38:04,308 INFO  client.GrpcClientProtocolClient (GrpcClientProtocolClient.java:onNext(255)) - client-C12DAE7A5037->3f4de2de-7d09-498f-aead-42327df81d94: receive RaftClientReply:client-C12DAE7A5037->3f4de2de-7d09-498f-aead-42327df81d94@group-C7908E81CC6B, cid=2590, SUCCESS, logIndex=3741, commits[3f4de2de-7d09-498f-aead-42327df81d94:c3744]
2019-08-05 04:38:04,309 INFO  client.GrpcClientProtocolClient (GrpcClientProtocolClient.java:onNext(255)) - client-C12DAE7A5037->3f4de2de-7d09-498f-aead-42327df81d94: receive RaftClientReply:client-C12DAE7A5037->3f4de2de-7d09-498f-aead-42327df81d94@group-C7908E81CC6B, cid=2591, SUCCESS, logIndex=3742, commits[3f4de2de-7d09-498f-aead-42327df81d94:c3744]
2019-08-05 04:38:04,309 INFO  client.GrpcClientProtocolClient (GrpcClientProtocolClient.java:onNext(255)) - client-C12DAE7A5037->3f4de2de-7d09-498f-aead-42327df81d94: receive RaftClientReply:client-C12DAE7A5037->3f4de2de-7d09-498f-aead-42327df81d94@group-C7908E81CC6B, cid=2592, SUCCESS, logIndex=3743, commits[3f4de2de-7d09-498f-aead-42327df81d94:c3745]
2019-08-05 04:38:04,342 INFO  client.GrpcClientProtocolClient (GrpcClientProtocolClient.java:onNext(255)) - client-C12DAE7A5037->3f4de2de-7d09-498f-aead-42327df81d94: receive RaftClientReply:client-C12DAE7A5037->3f4de2de-7d09-498f-aead-42327df81d94@group-C7908E81CC6B, cid=2593, SUCCESS, logIndex=3746, commits[3f4de2de-7d09-498f-aead-42327df81d94:c3749]
2019-08-05 04:38:04,342 INFO  client.GrpcClientProtocolClient (GrpcClientProtocolClient.java:onNext(255)) - client-C12DAE7A5037->3f4de2de-7d09-498f-aead-42327df81d94: receive RaftClientReply:client-C12DAE7A5037->3f4de2de-7d09-498f-aead-42327df81d94@group-C7908E81CC6B, cid=2594, SUCCESS, logIndex=3747, commits[3f4de2de-7d09-498f-aead-42327df81d94:c3750]
2019-08-05 04:38:04,343 INFO  client.GrpcClientProtocolClient (GrpcClientProtocolClient.java:onNext(255)) - client-C12DAE7A5037->3f4de2de-7d09-498f-aead-42327df81d94: receive RaftClientReply:client-C12DAE7A5037->3f4de2de-7d09-498f-aead-42327df81d94@group-C7908E81CC6B, cid=2595, SUCCESS, logIndex=3748, commits[3f4de2de-7d09-498f-aead-42327df81d94:c3750]
2019-08-05 04:38:04,343 INFO  client.GrpcClientProtocolClient (GrpcClientProtocolClient.java:onNext(255)) - client-C12DAE7A5037->3f4de2de-7d09-498f-aead-42327df81d94: receive RaftClientReply:client-C12DAE7A5037->3f4de2de-7d09-498f-aead-42327df81d94@group-C7908E81CC6B, cid=2596, SUCCESS, logIndex=3749, commits[3f4de2de-7d09-498f-aead-42327df81d94:c3750]
2019-08-05 04:38:04,364 INFO  client.GrpcClientProtocolClient (GrpcClientProtocolClient.java:onNext(255)) - client-C12DAE7A5037->3f4de2de-7d09-498f-aead-42327df81d94: receive RaftClientReply:client-C12DAE7A5037->3f4de2de-7d09-498f-aead-42327df81d94@group-C7908E81CC6B, cid=2597, SUCCESS, logIndex=3751, commits[3f4de2de-7d09-498f-aead-42327df81d94:c3752]
2019-08-05 04:38:04,364 INFO  client.GrpcClientProtocolClient (GrpcClientProtocolClient.java:onNext(255)) - client-C12DAE7A5037->3f4de2de-7d09-498f-aead-42327df81d94: receive RaftClientReply:client-C12DAE7A5037->3f4de2de-7d09-498f-aead-42327df81d94@group-C7908E81CC6B, cid=2598, SUCCESS, logIndex=3752, commits[3f4de2de-7d09-498f-aead-42327df81d94:c3754]
2019-08-05 04:38:04,365 INFO  client.GrpcClientProtocolClient (GrpcClientProtocolClient.java:onNext(255)) - client-C12DAE7A5037->3f4de2de-7d09-498f-aead-42327df81d94: receive RaftClientReply:client-C12DAE7A5037->3f4de2de-7d09-498f-aead-42327df81d94@group-C7908E81CC6B, cid=2599, SUCCESS, logIndex=3753, commits[3f4de2de-7d09-498f-aead-42327df81d94:c3755]
2019-08-05 04:38:04,365 INFO  client.GrpcClientProtocolClient (GrpcClientProtocolClient.java:onNext(255)) - client-C12DAE7A5037->3f4de2de-7d09-498f-aead-42327df81d94: receive RaftClientReply:client-C12DAE7A5037->3f4de2de-7d09-498f-aead-42327df81d94@group-C7908E81CC6B, cid=2600, SUCCESS, logIndex=3754, commits[3f4de2de-7d09-498f-aead-42327df81d94:c3755]
2019-08-05 04:38:04,391 DEBUG block.SCMBlockDeletingService (SCMBlockDeletingService.java:call(138)) - Running DeletedBlockTransactionScanner
2019-08-05 04:38:04,391 DEBUG block.SCMBlockDeletingService (SCMBlockDeletingService.java:call(155)) - Scanned deleted blocks log and got 0 delTX to process.
2019-08-05 04:38:04,396 INFO  client.GrpcClientProtocolClient (GrpcClientProtocolClient.java:onNext(255)) - client-C12DAE7A5037->3f4de2de-7d09-498f-aead-42327df81d94: receive RaftClientReply:client-C12DAE7A5037->3f4de2de-7d09-498f-aead-42327df81d94@group-C7908E81CC6B, cid=2601, SUCCESS, logIndex=3757, commits[3f4de2de-7d09-498f-aead-42327df81d94:c3758]
2019-08-05 04:38:04,397 INFO  client.GrpcClientProtocolClient (GrpcClientProtocolClient.java:onNext(255)) - client-C12DAE7A5037->3f4de2de-7d09-498f-aead-42327df81d94: receive RaftClientReply:client-C12DAE7A5037->3f4de2de-7d09-498f-aead-42327df81d94@group-C7908E81CC6B, cid=2602, SUCCESS, logIndex=3758, commits[3f4de2de-7d09-498f-aead-42327df81d94:c3761]
2019-08-05 04:38:04,397 INFO  client.GrpcClientProtocolClient (GrpcClientProtocolClient.java:onNext(255)) - client-C12DAE7A5037->3f4de2de-7d09-498f-aead-42327df81d94: receive RaftClientReply:client-C12DAE7A5037->3f4de2de-7d09-498f-aead-42327df81d94@group-C7908E81CC6B, cid=2603, SUCCESS, logIndex=3759, commits[3f4de2de-7d09-498f-aead-42327df81d94:c3761]
2019-08-05 04:38:04,397 INFO  client.GrpcClientProtocolClient (GrpcClientProtocolClient.java:onNext(255)) - client-C12DAE7A5037->3f4de2de-7d09-498f-aead-42327df81d94: receive RaftClientReply:client-C12DAE7A5037->3f4de2de-7d09-498f-aead-42327df81d94@group-C7908E81CC6B, cid=2604, SUCCESS, logIndex=3760, commits[3f4de2de-7d09-498f-aead-42327df81d94:c3762]
2019-08-05 04:38:04,418 INFO  client.GrpcClientProtocolClient (GrpcClientProtocolClient.java:onNext(255)) - client-C12DAE7A5037->3f4de2de-7d09-498f-aead-42327df81d94: receive RaftClientReply:client-C12DAE7A5037->3f4de2de-7d09-498f-aead-42327df81d94@group-C7908E81CC6B, cid=2605, SUCCESS, logIndex=3763, commits[3f4de2de-7d09-498f-aead-42327df81d94:c3766]
2019-08-05 04:38:04,423 INFO  client.GrpcClientProtocolClient (GrpcClientProtocolClient.java:onNext(255)) - client-C12DAE7A5037->3f4de2de-7d09-498f-aead-42327df81d94: receive RaftClientReply:client-C12DAE7A5037->3f4de2de-7d09-498f-aead-42327df81d94@group-C7908E81CC6B, cid=2606, SUCCESS, logIndex=3764, commits[3f4de2de-7d09-498f-aead-42327df81d94:c3766]
2019-08-05 04:38:04,424 INFO  client.GrpcClientProtocolClient (GrpcClientProtocolClient.java:onNext(255)) - client-C12DAE7A5037->3f4de2de-7d09-498f-aead-42327df81d94: receive RaftClientReply:client-C12DAE7A5037->3f4de2de-7d09-498f-aead-42327df81d94@group-C7908E81CC6B, cid=2607, SUCCESS, logIndex=3765, commits[3f4de2de-7d09-498f-aead-42327df81d94:c3767]
2019-08-05 04:38:04,424 INFO  client.GrpcClientProtocolClient (GrpcClientProtocolClient.java:onNext(255)) - client-C12DAE7A5037->3f4de2de-7d09-498f-aead-42327df81d94: receive RaftClientReply:client-C12DAE7A5037->3f4de2de-7d09-498f-aead-42327df81d94@group-C7908E81CC6B, cid=2608, SUCCESS, logIndex=3766, commits[3f4de2de-7d09-498f-aead-42327df81d94:c3768]
2019-08-05 04:38:04,491 DEBUG block.SCMBlockDeletingService (SCMBlockDeletingService.java:call(138)) - Running DeletedBlockTransactionScanner
2019-08-05 04:38:04,492 DEBUG block.SCMBlockDeletingService (SCMBlockDeletingService.java:call(155)) - Scanned deleted blocks log and got 0 delTX to process.
2019-08-05 04:38:04,568 INFO  client.GrpcClientProtocolClient (GrpcClientProtocolClient.java:onNext(255)) - client-C12DAE7A5037->3f4de2de-7d09-498f-aead-42327df81d94: receive RaftClientReply:client-C12DAE7A5037->3f4de2de-7d09-498f-aead-42327df81d94@group-C7908E81CC6B, cid=2609, SUCCESS, logIndex=3769, commits[3f4de2de-7d09-498f-aead-42327df81d94:c3772]
2019-08-05 04:38:04,568 INFO  client.GrpcClientProtocolClient (GrpcClientProtocolClient.java:onNext(255)) - client-C12DAE7A5037->3f4de2de-7d09-498f-aead-42327df81d94: receive RaftClientReply:client-C12DAE7A5037->3f4de2de-7d09-498f-aead-42327df81d94@group-C7908E81CC6B, cid=2610, SUCCESS, logIndex=3770, commits[3f4de2de-7d09-498f-aead-42327df81d94:c3773]
2019-08-05 04:38:04,569 INFO  client.GrpcClientProtocolClient (GrpcClientProtocolClient.java:onNext(255)) - client-C12DAE7A5037->3f4de2de-7d09-498f-aead-42327df81d94: receive RaftClientReply:client-C12DAE7A5037->3f4de2de-7d09-498f-aead-42327df81d94@group-C7908E81CC6B, cid=2611, SUCCESS, logIndex=3771, commits[3f4de2de-7d09-498f-aead-42327df81d94:c3773]
2019-08-05 04:38:04,569 INFO  client.GrpcClientProtocolClient (GrpcClientProtocolClient.java:onNext(255)) - client-C12DAE7A5037->3f4de2de-7d09-498f-aead-42327df81d94: receive RaftClientReply:client-C12DAE7A5037->3f4de2de-7d09-498f-aead-42327df81d94@group-C7908E81CC6B, cid=2612, SUCCESS, logIndex=3772, commits[3f4de2de-7d09-498f-aead-42327df81d94:c3773]
2019-08-05 04:38:04,588 INFO  client.GrpcClientProtocolClient (GrpcClientProtocolClient.java:onNext(255)) - client-C12DAE7A5037->3f4de2de-7d09-498f-aead-42327df81d94: receive RaftClientReply:client-C12DAE7A5037->3f4de2de-7d09-498f-aead-42327df81d94@group-C7908E81CC6B, cid=2613, SUCCESS, logIndex=3774, commits[3f4de2de-7d09-498f-aead-42327df81d94:c3775]
2019-08-05 04:38:04,588 INFO  client.GrpcClientProtocolClient (GrpcClientProtocolClient.java:onNext(255)) - client-C12DAE7A5037->3f4de2de-7d09-498f-aead-42327df81d94: receive RaftClientReply:client-C12DAE7A5037->3f4de2de-7d09-498f-aead-42327df81d94@group-C7908E81CC6B, cid=2614, SUCCESS, logIndex=3775, commits[3f4de2de-7d09-498f-aead-42327df81d94:c3775]
2019-08-05 04:38:04,592 DEBUG block.SCMBlockDeletingService (SCMBlockDeletingService.java:call(138)) - Running DeletedBlockTransactionScanner
2019-08-05 04:38:04,593 DEBUG block.SCMBlockDeletingService (SCMBlockDeletingService.java:call(155)) - Scanned deleted blocks log and got 0 delTX to process.
2019-08-05 04:38:04,596 INFO  client.GrpcClientProtocolClient (GrpcClientProtocolClient.java:onNext(255)) - client-C12DAE7A5037->3f4de2de-7d09-498f-aead-42327df81d94: receive RaftClientReply:client-C12DAE7A5037->3f4de2de-7d09-498f-aead-42327df81d94@group-C7908E81CC6B, cid=2615, SUCCESS, logIndex=3776, commits[3f4de2de-7d09-498f-aead-42327df81d94:c3777]
2019-08-05 04:38:04,597 INFO  client.GrpcClientProtocolClient (GrpcClientProtocolClient.java:onNext(255)) - client-C12DAE7A5037->3f4de2de-7d09-498f-aead-42327df81d94: receive RaftClientReply:client-C12DAE7A5037->3f4de2de-7d09-498f-aead-42327df81d94@group-C7908E81CC6B, cid=2616, SUCCESS, logIndex=3777, commits[3f4de2de-7d09-498f-aead-42327df81d94:c3778]
2019-08-05 04:38:04,629 INFO  client.GrpcClientProtocolClient (GrpcClientProtocolClient.java:onNext(255)) - client-C12DAE7A5037->3f4de2de-7d09-498f-aead-42327df81d94: receive RaftClientReply:client-C12DAE7A5037->3f4de2de-7d09-498f-aead-42327df81d94@group-C7908E81CC6B, cid=2617, SUCCESS, logIndex=3780, commits[3f4de2de-7d09-498f-aead-42327df81d94:c3783]
2019-08-05 04:38:04,630 INFO  client.GrpcClientProtocolClient (GrpcClientProtocolClient.java:onNext(255)) - client-C12DAE7A5037->3f4de2de-7d09-498f-aead-42327df81d94: receive RaftClientReply:client-C12DAE7A5037->3f4de2de-7d09-498f-aead-42327df81d94@group-C7908E81CC6B, cid=2618, SUCCESS, logIndex=3781, commits[3f4de2de-7d09-498f-aead-42327df81d94:c3784]
2019-08-05 04:38:04,630 INFO  client.GrpcClientProtocolClient (GrpcClientProtocolClient.java:onNext(255)) - client-C12DAE7A5037->3f4de2de-7d09-498f-aead-42327df81d94: receive RaftClientReply:client-C12DAE7A5037->3f4de2de-7d09-498f-aead-42327df81d94@group-C7908E81CC6B, cid=2619, SUCCESS, logIndex=3782, commits[3f4de2de-7d09-498f-aead-42327df81d94:c3784]
2019-08-05 04:38:04,630 INFO  client.GrpcClientProtocolClient (GrpcClientProtocolClient.java:onNext(255)) - client-C12DAE7A5037->3f4de2de-7d09-498f-aead-42327df81d94: receive RaftClientReply:client-C12DAE7A5037->3f4de2de-7d09-498f-aead-42327df81d94@group-C7908E81CC6B, cid=2620, SUCCESS, logIndex=3783, commits[3f4de2de-7d09-498f-aead-42327df81d94:c3784]
2019-08-05 04:38:04,655 INFO  client.GrpcClientProtocolClient (GrpcClientProtocolClient.java:onNext(255)) - client-C12DAE7A5037->3f4de2de-7d09-498f-aead-42327df81d94: receive RaftClientReply:client-C12DAE7A5037->3f4de2de-7d09-498f-aead-42327df81d94@group-C7908E81CC6B, cid=2621, SUCCESS, logIndex=3785, commits[3f4de2de-7d09-498f-aead-42327df81d94:c3788]
2019-08-05 04:38:04,656 INFO  client.GrpcClientProtocolClient (GrpcClientProtocolClient.java:onNext(255)) - client-C12DAE7A5037->3f4de2de-7d09-498f-aead-42327df81d94: receive RaftClientReply:client-C12DAE7A5037->3f4de2de-7d09-498f-aead-42327df81d94@group-C7908E81CC6B, cid=2622, SUCCESS, logIndex=3786, commits[3f4de2de-7d09-498f-aead-42327df81d94:c3789]
2019-08-05 04:38:04,656 INFO  client.GrpcClientProtocolClient (GrpcClientProtocolClient.java:onNext(255)) - client-C12DAE7A5037->3f4de2de-7d09-498f-aead-42327df81d94: receive RaftClientReply:client-C12DAE7A5037->3f4de2de-7d09-498f-aead-42327df81d94@group-C7908E81CC6B, cid=2623, SUCCESS, logIndex=3787, commits[3f4de2de-7d09-498f-aead-42327df81d94:c3789]
2019-08-05 04:38:04,656 INFO  client.GrpcClientProtocolClient (GrpcClientProtocolClient.java:onNext(255)) - client-C12DAE7A5037->3f4de2de-7d09-498f-aead-42327df81d94: receive RaftClientReply:client-C12DAE7A5037->3f4de2de-7d09-498f-aead-42327df81d94@group-C7908E81CC6B, cid=2624, SUCCESS, logIndex=3788, commits[3f4de2de-7d09-498f-aead-42327df81d94:c3789]
2019-08-05 04:38:04,687 INFO  client.GrpcClientProtocolClient (GrpcClientProtocolClient.java:onNext(255)) - client-C12DAE7A5037->3f4de2de-7d09-498f-aead-42327df81d94: receive RaftClientReply:client-C12DAE7A5037->3f4de2de-7d09-498f-aead-42327df81d94@group-C7908E81CC6B, cid=2625, SUCCESS, logIndex=3790, commits[3f4de2de-7d09-498f-aead-42327df81d94:c3791]
2019-08-05 04:38:04,687 INFO  client.GrpcClientProtocolClient (GrpcClientProtocolClient.java:onNext(255)) - client-C12DAE7A5037->3f4de2de-7d09-498f-aead-42327df81d94: receive RaftClientReply:client-C12DAE7A5037->3f4de2de-7d09-498f-aead-42327df81d94@group-C7908E81CC6B, cid=2626, SUCCESS, logIndex=3791, commits[3f4de2de-7d09-498f-aead-42327df81d94:c3791]
2019-08-05 04:38:04,688 INFO  client.GrpcClientProtocolClient (GrpcClientProtocolClient.java:onNext(255)) - client-C12DAE7A5037->3f4de2de-7d09-498f-aead-42327df81d94: receive RaftClientReply:client-C12DAE7A5037->3f4de2de-7d09-498f-aead-42327df81d94@group-C7908E81CC6B, cid=2627, SUCCESS, logIndex=3792, commits[3f4de2de-7d09-498f-aead-42327df81d94:c3793]
2019-08-05 04:38:04,688 INFO  client.GrpcClientProtocolClient (GrpcClientProtocolClient.java:onNext(255)) - client-C12DAE7A5037->3f4de2de-7d09-498f-aead-42327df81d94: receive RaftClientReply:client-C12DAE7A5037->3f4de2de-7d09-498f-aead-42327df81d94@group-C7908E81CC6B, cid=2628, SUCCESS, logIndex=3793, commits[3f4de2de-7d09-498f-aead-42327df81d94:c3794]
2019-08-05 04:38:04,693 DEBUG block.SCMBlockDeletingService (SCMBlockDeletingService.java:call(138)) - Running DeletedBlockTransactionScanner
2019-08-05 04:38:04,693 DEBUG block.SCMBlockDeletingService (SCMBlockDeletingService.java:call(155)) - Scanned deleted blocks log and got 0 delTX to process.
2019-08-05 04:38:04,710 INFO  client.GrpcClientProtocolClient (GrpcClientProtocolClient.java:onNext(255)) - client-C12DAE7A5037->3f4de2de-7d09-498f-aead-42327df81d94: receive RaftClientReply:client-C12DAE7A5037->3f4de2de-7d09-498f-aead-42327df81d94@group-C7908E81CC6B, cid=2629, SUCCESS, logIndex=3796, commits[3f4de2de-7d09-498f-aead-42327df81d94:c3799]
2019-08-05 04:38:04,710 INFO  client.GrpcClientProtocolClient (GrpcClientProtocolClient.java:onNext(255)) - client-C12DAE7A5037->3f4de2de-7d09-498f-aead-42327df81d94: receive RaftClientReply:client-C12DAE7A5037->3f4de2de-7d09-498f-aead-42327df81d94@group-C7908E81CC6B, cid=2630, SUCCESS, logIndex=3797, commits[3f4de2de-7d09-498f-aead-42327df81d94:c3800]
2019-08-05 04:38:04,711 INFO  client.GrpcClientProtocolClient (GrpcClientProtocolClient.java:onNext(255)) - client-C12DAE7A5037->3f4de2de-7d09-498f-aead-42327df81d94: receive RaftClientReply:client-C12DAE7A5037->3f4de2de-7d09-498f-aead-42327df81d94@group-C7908E81CC6B, cid=2631, SUCCESS, logIndex=3798, commits[3f4de2de-7d09-498f-aead-42327df81d94:c3800]
2019-08-05 04:38:04,711 INFO  client.GrpcClientProtocolClient (GrpcClientProtocolClient.java:onNext(255)) - client-C12DAE7A5037->3f4de2de-7d09-498f-aead-42327df81d94: receive RaftClientReply:client-C12DAE7A5037->3f4de2de-7d09-498f-aead-42327df81d94@group-C7908E81CC6B, cid=2632, SUCCESS, logIndex=3799, commits[3f4de2de-7d09-498f-aead-42327df81d94:c3800]
2019-08-05 04:38:04,742 INFO  client.GrpcClientProtocolClient (GrpcClientProtocolClient.java:onNext(255)) - client-C12DAE7A5037->3f4de2de-7d09-498f-aead-42327df81d94: receive RaftClientReply:client-C12DAE7A5037->3f4de2de-7d09-498f-aead-42327df81d94@group-C7908E81CC6B, cid=2633, SUCCESS, logIndex=3801, commits[3f4de2de-7d09-498f-aead-42327df81d94:c3802]
2019-08-05 04:38:04,743 INFO  client.GrpcClientProtocolClient (GrpcClientProtocolClient.java:onNext(255)) - client-C12DAE7A5037->3f4de2de-7d09-498f-aead-42327df81d94: receive RaftClientReply:client-C12DAE7A5037->3f4de2de-7d09-498f-aead-42327df81d94@group-C7908E81CC6B, cid=2634, SUCCESS, logIndex=3802, commits[3f4de2de-7d09-498f-aead-42327df81d94:c3802]
2019-08-05 04:38:04,744 INFO  client.GrpcClientProtocolClient (GrpcClientProtocolClient.java:onNext(255)) - client-C12DAE7A5037->3f4de2de-7d09-498f-aead-42327df81d94: receive RaftClientReply:client-C12DAE7A5037->3f4de2de-7d09-498f-aead-42327df81d94@group-C7908E81CC6B, cid=2635, SUCCESS, logIndex=3803, commits[3f4de2de-7d09-498f-aead-42327df81d94:c3804]
2019-08-05 04:38:04,744 INFO  client.GrpcClientProtocolClient (GrpcClientProtocolClient.java:onNext(255)) - client-C12DAE7A5037->3f4de2de-7d09-498f-aead-42327df81d94: receive RaftClientReply:client-C12DAE7A5037->3f4de2de-7d09-498f-aead-42327df81d94@group-C7908E81CC6B, cid=2636, SUCCESS, logIndex=3804, commits[3f4de2de-7d09-498f-aead-42327df81d94:c3804]
2019-08-05 04:38:04,768 INFO  client.GrpcClientProtocolClient (GrpcClientProtocolClient.java:onNext(255)) - client-C12DAE7A5037->3f4de2de-7d09-498f-aead-42327df81d94: receive RaftClientReply:client-C12DAE7A5037->3f4de2de-7d09-498f-aead-42327df81d94@group-C7908E81CC6B, cid=2637, SUCCESS, logIndex=3807, commits[3f4de2de-7d09-498f-aead-42327df81d94:c3810]
2019-08-05 04:38:04,769 INFO  client.GrpcClientProtocolClient (GrpcClientProtocolClient.java:onNext(255)) - client-C12DAE7A5037->3f4de2de-7d09-498f-aead-42327df81d94: receive RaftClientReply:client-C12DAE7A5037->3f4de2de-7d09-498f-aead-42327df81d94@group-C7908E81CC6B, cid=2638, SUCCESS, logIndex=3808, commits[3f4de2de-7d09-498f-aead-42327df81d94:c3811]
2019-08-05 04:38:04,769 INFO  client.GrpcClientProtocolClient (GrpcClientProtocolClient.java:onNext(255)) - client-C12DAE7A5037->3f4de2de-7d09-498f-aead-42327df81d94: receive RaftClientReply:client-C12DAE7A5037->3f4de2de-7d09-498f-aead-42327df81d94@group-C7908E81CC6B, cid=2639, SUCCESS, logIndex=3809, commits[3f4de2de-7d09-498f-aead-42327df81d94:c3811]
2019-08-05 04:38:04,770 INFO  client.GrpcClientProtocolClient (GrpcClientProtocolClient.java:onNext(255)) - client-C12DAE7A5037->3f4de2de-7d09-498f-aead-42327df81d94: receive RaftClientReply:client-C12DAE7A5037->3f4de2de-7d09-498f-aead-42327df81d94@group-C7908E81CC6B, cid=2640, SUCCESS, logIndex=3810, commits[3f4de2de-7d09-498f-aead-42327df81d94:c3811]
2019-08-05 04:38:04,794 DEBUG block.SCMBlockDeletingService (SCMBlockDeletingService.java:call(138)) - Running DeletedBlockTransactionScanner
2019-08-05 04:38:04,794 DEBUG block.SCMBlockDeletingService (SCMBlockDeletingService.java:call(155)) - Scanned deleted blocks log and got 0 delTX to process.
2019-08-05 04:38:04,803 INFO  client.GrpcClientProtocolClient (GrpcClientProtocolClient.java:onNext(255)) - client-C12DAE7A5037->3f4de2de-7d09-498f-aead-42327df81d94: receive RaftClientReply:client-C12DAE7A5037->3f4de2de-7d09-498f-aead-42327df81d94@group-C7908E81CC6B, cid=2641, SUCCESS, logIndex=3812, commits[3f4de2de-7d09-498f-aead-42327df81d94:c3815]
2019-08-05 04:38:04,804 INFO  client.GrpcClientProtocolClient (GrpcClientProtocolClient.java:onNext(255)) - client-C12DAE7A5037->3f4de2de-7d09-498f-aead-42327df81d94: receive RaftClientReply:client-C12DAE7A5037->3f4de2de-7d09-498f-aead-42327df81d94@group-C7908E81CC6B, cid=2642, SUCCESS, logIndex=3813, commits[3f4de2de-7d09-498f-aead-42327df81d94:c3816]
2019-08-05 04:38:04,804 INFO  client.GrpcClientProtocolClient (GrpcClientProtocolClient.java:onNext(255)) - client-C12DAE7A5037->3f4de2de-7d09-498f-aead-42327df81d94: receive RaftClientReply:client-C12DAE7A5037->3f4de2de-7d09-498f-aead-42327df81d94@group-C7908E81CC6B, cid=2643, SUCCESS, logIndex=3814, commits[3f4de2de-7d09-498f-aead-42327df81d94:c3816]
2019-08-05 04:38:04,804 INFO  client.GrpcClientProtocolClient (GrpcClientProtocolClient.java:onNext(255)) - client-C12DAE7A5037->3f4de2de-7d09-498f-aead-42327df81d94: receive RaftClientReply:client-C12DAE7A5037->3f4de2de-7d09-498f-aead-42327df81d94@group-C7908E81CC6B, cid=2644, SUCCESS, logIndex=3815, commits[3f4de2de-7d09-498f-aead-42327df81d94:c3816]
2019-08-05 04:38:04,825 INFO  client.GrpcClientProtocolClient (GrpcClientProtocolClient.java:onNext(255)) - client-C12DAE7A5037->3f4de2de-7d09-498f-aead-42327df81d94: receive RaftClientReply:client-C12DAE7A5037->3f4de2de-7d09-498f-aead-42327df81d94@group-C7908E81CC6B, cid=2645, SUCCESS, logIndex=3817, commits[3f4de2de-7d09-498f-aead-42327df81d94:c3818]
2019-08-05 04:38:04,825 INFO  client.GrpcClientProtocolClient (GrpcClientProtocolClient.java:onNext(255)) - client-C12DAE7A5037->3f4de2de-7d09-498f-aead-42327df81d94: receive RaftClientReply:client-C12DAE7A5037->3f4de2de-7d09-498f-aead-42327df81d94@group-C7908E81CC6B, cid=2646, SUCCESS, logIndex=3818, commits[3f4de2de-7d09-498f-aead-42327df81d94:c3820]
2019-08-05 04:38:04,825 INFO  client.GrpcClientProtocolClient (GrpcClientProtocolClient.java:onNext(255)) - client-C12DAE7A5037->3f4de2de-7d09-498f-aead-42327df81d94: receive RaftClientReply:client-C12DAE7A5037->3f4de2de-7d09-498f-aead-42327df81d94@group-C7908E81CC6B, cid=2647, SUCCESS, logIndex=3819, commits[3f4de2de-7d09-498f-aead-42327df81d94:c3821]
2019-08-05 04:38:04,826 INFO  client.GrpcClientProtocolClient (GrpcClientProtocolClient.java:onNext(255)) - client-C12DAE7A5037->3f4de2de-7d09-498f-aead-42327df81d94: receive RaftClientReply:client-C12DAE7A5037->3f4de2de-7d09-498f-aead-42327df81d94@group-C7908E81CC6B, cid=2648, SUCCESS, logIndex=3820, commits[3f4de2de-7d09-498f-aead-42327df81d94:c3822]
2019-08-05 04:38:04,915 DEBUG block.SCMBlockDeletingService (SCMBlockDeletingService.java:call(138)) - Running DeletedBlockTransactionScanner
2019-08-05 04:38:04,915 DEBUG block.SCMBlockDeletingService (SCMBlockDeletingService.java:call(155)) - Scanned deleted blocks log and got 0 delTX to process.
2019-08-05 04:38:04,927 INFO  client.GrpcClientProtocolClient (GrpcClientProtocolClient.java:onNext(255)) - client-C12DAE7A5037->3f4de2de-7d09-498f-aead-42327df81d94: receive RaftClientReply:client-C12DAE7A5037->3f4de2de-7d09-498f-aead-42327df81d94@group-C7908E81CC6B, cid=2649, SUCCESS, logIndex=3823, commits[3f4de2de-7d09-498f-aead-42327df81d94:c3824]
2019-08-05 04:38:04,928 INFO  client.GrpcClientProtocolClient (GrpcClientProtocolClient.java:onNext(255)) - client-C12DAE7A5037->3f4de2de-7d09-498f-aead-42327df81d94: receive RaftClientReply:client-C12DAE7A5037->3f4de2de-7d09-498f-aead-42327df81d94@group-C7908E81CC6B, cid=2650, SUCCESS, logIndex=3824, commits[3f4de2de-7d09-498f-aead-42327df81d94:c3826]
2019-08-05 04:38:04,929 INFO  client.GrpcClientProtocolClient (GrpcClientProtocolClient.java:onNext(255)) - client-C12DAE7A5037->3f4de2de-7d09-498f-aead-42327df81d94: receive RaftClientReply:client-C12DAE7A5037->3f4de2de-7d09-498f-aead-42327df81d94@group-C7908E81CC6B, cid=2651, SUCCESS, logIndex=3825, commits[3f4de2de-7d09-498f-aead-42327df81d94:c3827]
2019-08-05 04:38:04,929 INFO  client.GrpcClientProtocolClient (GrpcClientProtocolClient.java:onNext(255)) - client-C12DAE7A5037->3f4de2de-7d09-498f-aead-42327df81d94: receive RaftClientReply:client-C12DAE7A5037->3f4de2de-7d09-498f-aead-42327df81d94@group-C7908E81CC6B, cid=2652, SUCCESS, logIndex=3826, commits[3f4de2de-7d09-498f-aead-42327df81d94:c3827]
2019-08-05 04:38:05,016 DEBUG block.SCMBlockDeletingService (SCMBlockDeletingService.java:call(138)) - Running DeletedBlockTransactionScanner
2019-08-05 04:38:05,016 DEBUG block.SCMBlockDeletingService (SCMBlockDeletingService.java:call(155)) - Scanned deleted blocks log and got 0 delTX to process.
2019-08-05 04:38:05,084 INFO  client.GrpcClientProtocolClient (GrpcClientProtocolClient.java:onNext(255)) - client-C12DAE7A5037->3f4de2de-7d09-498f-aead-42327df81d94: receive RaftClientReply:client-C12DAE7A5037->3f4de2de-7d09-498f-aead-42327df81d94@group-C7908E81CC6B, cid=2653, SUCCESS, logIndex=3829, commits[3f4de2de-7d09-498f-aead-42327df81d94:c3832]
2019-08-05 04:38:05,084 INFO  client.GrpcClientProtocolClient (GrpcClientProtocolClient.java:onNext(255)) - client-C12DAE7A5037->3f4de2de-7d09-498f-aead-42327df81d94: receive RaftClientReply:client-C12DAE7A5037->3f4de2de-7d09-498f-aead-42327df81d94@group-C7908E81CC6B, cid=2654, SUCCESS, logIndex=3830, commits[3f4de2de-7d09-498f-aead-42327df81d94:c3833]
2019-08-05 04:38:05,085 INFO  client.GrpcClientProtocolClient (GrpcClientProtocolClient.java:onNext(255)) - client-C12DAE7A5037->3f4de2de-7d09-498f-aead-42327df81d94: receive RaftClientReply:client-C12DAE7A5037->3f4de2de-7d09-498f-aead-42327df81d94@group-C7908E81CC6B, cid=2655, SUCCESS, logIndex=3831, commits[3f4de2de-7d09-498f-aead-42327df81d94:c3833]
2019-08-05 04:38:05,085 INFO  client.GrpcClientProtocolClient (GrpcClientProtocolClient.java:onNext(255)) - client-C12DAE7A5037->3f4de2de-7d09-498f-aead-42327df81d94: receive RaftClientReply:client-C12DAE7A5037->3f4de2de-7d09-498f-aead-42327df81d94@group-C7908E81CC6B, cid=2656, SUCCESS, logIndex=3832, commits[3f4de2de-7d09-498f-aead-42327df81d94:c3833]
2019-08-05 04:38:05,116 DEBUG block.SCMBlockDeletingService (SCMBlockDeletingService.java:call(138)) - Running DeletedBlockTransactionScanner
2019-08-05 04:38:05,117 DEBUG block.SCMBlockDeletingService (SCMBlockDeletingService.java:call(155)) - Scanned deleted blocks log and got 0 delTX to process.
2019-08-05 04:38:05,117 INFO  client.GrpcClientProtocolClient (GrpcClientProtocolClient.java:onNext(255)) - client-C12DAE7A5037->3f4de2de-7d09-498f-aead-42327df81d94: receive RaftClientReply:client-C12DAE7A5037->3f4de2de-7d09-498f-aead-42327df81d94@group-C7908E81CC6B, cid=2657, SUCCESS, logIndex=3834, commits[3f4de2de-7d09-498f-aead-42327df81d94:c3835]
2019-08-05 04:38:05,118 INFO  client.GrpcClientProtocolClient (GrpcClientProtocolClient.java:onNext(255)) - client-C12DAE7A5037->3f4de2de-7d09-498f-aead-42327df81d94: receive RaftClientReply:client-C12DAE7A5037->3f4de2de-7d09-498f-aead-42327df81d94@group-C7908E81CC6B, cid=2658, SUCCESS, logIndex=3835, commits[3f4de2de-7d09-498f-aead-42327df81d94:c3837]
2019-08-05 04:38:05,118 INFO  client.GrpcClientProtocolClient (GrpcClientProtocolClient.java:onNext(255)) - client-C12DAE7A5037->3f4de2de-7d09-498f-aead-42327df81d94: receive RaftClientReply:client-C12DAE7A5037->3f4de2de-7d09-498f-aead-42327df81d94@group-C7908E81CC6B, cid=2659, SUCCESS, logIndex=3836, commits[3f4de2de-7d09-498f-aead-42327df81d94:c3838]
2019-08-05 04:38:05,119 INFO  client.GrpcClientProtocolClient (GrpcClientProtocolClient.java:onNext(255)) - client-C12DAE7A5037->3f4de2de-7d09-498f-aead-42327df81d94: receive RaftClientReply:client-C12DAE7A5037->3f4de2de-7d09-498f-aead-42327df81d94@group-C7908E81CC6B, cid=2660, SUCCESS, logIndex=3837, commits[3f4de2de-7d09-498f-aead-42327df81d94:c3838]
2019-08-05 04:38:05,141 INFO  client.GrpcClientProtocolClient (GrpcClientProtocolClient.java:onNext(255)) - client-C12DAE7A5037->3f4de2de-7d09-498f-aead-42327df81d94: receive RaftClientReply:client-C12DAE7A5037->3f4de2de-7d09-498f-aead-42327df81d94@group-C7908E81CC6B, cid=2661, SUCCESS, logIndex=3840, commits[3f4de2de-7d09-498f-aead-42327df81d94:c3843]
2019-08-05 04:38:05,142 INFO  client.GrpcClientProtocolClient (GrpcClientProtocolClient.java:onNext(255)) - client-C12DAE7A5037->3f4de2de-7d09-498f-aead-42327df81d94: receive RaftClientReply:client-C12DAE7A5037->3f4de2de-7d09-498f-aead-42327df81d94@group-C7908E81CC6B, cid=2662, SUCCESS, logIndex=3841, commits[3f4de2de-7d09-498f-aead-42327df81d94:c3844]
2019-08-05 04:38:05,142 INFO  client.GrpcClientProtocolClient (GrpcClientProtocolClient.java:onNext(255)) - client-C12DAE7A5037->3f4de2de-7d09-498f-aead-42327df81d94: receive RaftClientReply:client-C12DAE7A5037->3f4de2de-7d09-498f-aead-42327df81d94@group-C7908E81CC6B, cid=2663, SUCCESS, logIndex=3842, commits[3f4de2de-7d09-498f-aead-42327df81d94:c3844]
2019-08-05 04:38:05,143 INFO  client.GrpcClientProtocolClient (GrpcClientProtocolClient.java:onNext(255)) - client-C12DAE7A5037->3f4de2de-7d09-498f-aead-42327df81d94: receive RaftClientReply:client-C12DAE7A5037->3f4de2de-7d09-498f-aead-42327df81d94@group-C7908E81CC6B, cid=2664, SUCCESS, logIndex=3843, commits[3f4de2de-7d09-498f-aead-42327df81d94:c3844]
2019-08-05 04:38:05,174 INFO  client.GrpcClientProtocolClient (GrpcClientProtocolClient.java:onNext(255)) - client-C12DAE7A5037->3f4de2de-7d09-498f-aead-42327df81d94: receive RaftClientReply:client-C12DAE7A5037->3f4de2de-7d09-498f-aead-42327df81d94@group-C7908E81CC6B, cid=2665, SUCCESS, logIndex=3845, commits[3f4de2de-7d09-498f-aead-42327df81d94:c3846]
2019-08-05 04:38:05,175 INFO  client.GrpcClientProtocolClient (GrpcClientProtocolClient.java:onNext(255)) - client-C12DAE7A5037->3f4de2de-7d09-498f-aead-42327df81d94: receive RaftClientReply:client-C12DAE7A5037->3f4de2de-7d09-498f-aead-42327df81d94@group-C7908E81CC6B, cid=2666, SUCCESS, logIndex=3846, commits[3f4de2de-7d09-498f-aead-42327df81d94:c3846]
2019-08-05 04:38:05,176 INFO  client.GrpcClientProtocolClient (GrpcClientProtocolClient.java:onNext(255)) - client-C12DAE7A5037->3f4de2de-7d09-498f-aead-42327df81d94: receive RaftClientReply:client-C12DAE7A5037->3f4de2de-7d09-498f-aead-42327df81d94@group-C7908E81CC6B, cid=2667, SUCCESS, logIndex=3847, commits[3f4de2de-7d09-498f-aead-42327df81d94:c3848]
2019-08-05 04:38:05,177 INFO  client.GrpcClientProtocolClient (GrpcClientProtocolClient.java:onNext(255)) - client-C12DAE7A5037->3f4de2de-7d09-498f-aead-42327df81d94: receive RaftClientReply:client-C12DAE7A5037->3f4de2de-7d09-498f-aead-42327df81d94@group-C7908E81CC6B, cid=2668, SUCCESS, logIndex=3848, commits[3f4de2de-7d09-498f-aead-42327df81d94:c3848]
2019-08-05 04:38:05,216 INFO  client.GrpcClientProtocolClient (GrpcClientProtocolClient.java:onNext(255)) - client-C12DAE7A5037->3f4de2de-7d09-498f-aead-42327df81d94: receive RaftClientReply:client-C12DAE7A5037->3f4de2de-7d09-498f-aead-42327df81d94@group-C7908E81CC6B, cid=2669, SUCCESS, logIndex=3851, commits[3f4de2de-7d09-498f-aead-42327df81d94:c3854]
2019-08-05 04:38:05,217 INFO  client.GrpcClientProtocolClient (GrpcClientProtocolClient.java:onNext(255)) - client-C12DAE7A5037->3f4de2de-7d09-498f-aead-42327df81d94: receive RaftClientReply:client-C12DAE7A5037->3f4de2de-7d09-498f-aead-42327df81d94@group-C7908E81CC6B, cid=2670, SUCCESS, logIndex=3852, commits[3f4de2de-7d09-498f-aead-42327df81d94:c3855]
2019-08-05 04:38:05,217 INFO  client.GrpcClientProtocolClient (GrpcClientProtocolClient.java:onNext(255)) - client-C12DAE7A5037->3f4de2de-7d09-498f-aead-42327df81d94: receive RaftClientReply:client-C12DAE7A5037->3f4de2de-7d09-498f-aead-42327df81d94@group-C7908E81CC6B, cid=2671, SUCCESS, logIndex=3853, commits[3f4de2de-7d09-498f-aead-42327df81d94:c3855]
2019-08-05 04:38:05,217 DEBUG block.SCMBlockDeletingService (SCMBlockDeletingService.java:call(138)) - Running DeletedBlockTransactionScanner
2019-08-05 04:38:05,217 INFO  client.GrpcClientProtocolClient (GrpcClientProtocolClient.java:onNext(255)) - client-C12DAE7A5037->3f4de2de-7d09-498f-aead-42327df81d94: receive RaftClientReply:client-C12DAE7A5037->3f4de2de-7d09-498f-aead-42327df81d94@group-C7908E81CC6B, cid=2672, SUCCESS, logIndex=3854, commits[3f4de2de-7d09-498f-aead-42327df81d94:c3855]
2019-08-05 04:38:05,218 DEBUG block.SCMBlockDeletingService (SCMBlockDeletingService.java:call(155)) - Scanned deleted blocks log and got 0 delTX to process.
2019-08-05 04:38:05,250 INFO  client.GrpcClientProtocolClient (GrpcClientProtocolClient.java:onNext(255)) - client-C12DAE7A5037->3f4de2de-7d09-498f-aead-42327df81d94: receive RaftClientReply:client-C12DAE7A5037->3f4de2de-7d09-498f-aead-42327df81d94@group-C7908E81CC6B, cid=2673, SUCCESS, logIndex=3856, commits[3f4de2de-7d09-498f-aead-42327df81d94:c3859]
2019-08-05 04:38:05,251 INFO  client.GrpcClientProtocolClient (GrpcClientProtocolClient.java:onNext(255)) - client-C12DAE7A5037->3f4de2de-7d09-498f-aead-42327df81d94: receive RaftClientReply:client-C12DAE7A5037->3f4de2de-7d09-498f-aead-42327df81d94@group-C7908E81CC6B, cid=2674, SUCCESS, logIndex=3857, commits[3f4de2de-7d09-498f-aead-42327df81d94:c3860]
2019-08-05 04:38:05,251 INFO  client.GrpcClientProtocolClient (GrpcClientProtocolClient.java:onNext(255)) - client-C12DAE7A5037->3f4de2de-7d09-498f-aead-42327df81d94: receive RaftClientReply:client-C12DAE7A5037->3f4de2de-7d09-498f-aead-42327df81d94@group-C7908E81CC6B, cid=2675, SUCCESS, logIndex=3858, commits[3f4de2de-7d09-498f-aead-42327df81d94:c3860]
2019-08-05 04:38:05,252 INFO  client.GrpcClientProtocolClient (GrpcClientProtocolClient.java:onNext(255)) - client-C12DAE7A5037->3f4de2de-7d09-498f-aead-42327df81d94: receive RaftClientReply:client-C12DAE7A5037->3f4de2de-7d09-498f-aead-42327df81d94@group-C7908E81CC6B, cid=2676, SUCCESS, logIndex=3859, commits[3f4de2de-7d09-498f-aead-42327df81d94:c3860]
2019-08-05 04:38:05,272 INFO  client.GrpcClientProtocolClient (GrpcClientProtocolClient.java:onNext(255)) - client-C12DAE7A5037->3f4de2de-7d09-498f-aead-42327df81d94: receive RaftClientReply:client-C12DAE7A5037->3f4de2de-7d09-498f-aead-42327df81d94@group-C7908E81CC6B, cid=2677, SUCCESS, logIndex=3861, commits[3f4de2de-7d09-498f-aead-42327df81d94:c3864]
2019-08-05 04:38:05,273 INFO  client.GrpcClientProtocolClient (GrpcClientProtocolClient.java:onNext(255)) - client-C12DAE7A5037->3f4de2de-7d09-498f-aead-42327df81d94: receive RaftClientReply:client-C12DAE7A5037->3f4de2de-7d09-498f-aead-42327df81d94@group-C7908E81CC6B, cid=2678, SUCCESS, logIndex=3862, commits[3f4de2de-7d09-498f-aead-42327df81d94:c3864]
2019-08-05 04:38:05,273 INFO  client.GrpcClientProtocolClient (GrpcClientProtocolClient.java:onNext(255)) - client-C12DAE7A5037->3f4de2de-7d09-498f-aead-42327df81d94: receive RaftClientReply:client-C12DAE7A5037->3f4de2de-7d09-498f-aead-42327df81d94@group-C7908E81CC6B, cid=2679, SUCCESS, logIndex=3863, commits[3f4de2de-7d09-498f-aead-42327df81d94:c3865]
2019-08-05 04:38:05,273 INFO  client.GrpcClientProtocolClient (GrpcClientProtocolClient.java:onNext(255)) - client-C12DAE7A5037->3f4de2de-7d09-498f-aead-42327df81d94: receive RaftClientReply:client-C12DAE7A5037->3f4de2de-7d09-498f-aead-42327df81d94@group-C7908E81CC6B, cid=2680, SUCCESS, logIndex=3864, commits[3f4de2de-7d09-498f-aead-42327df81d94:c3866]
2019-08-05 04:38:05,305 INFO  client.GrpcClientProtocolClient (GrpcClientProtocolClient.java:onNext(255)) - client-C12DAE7A5037->3f4de2de-7d09-498f-aead-42327df81d94: receive RaftClientReply:client-C12DAE7A5037->3f4de2de-7d09-498f-aead-42327df81d94@group-C7908E81CC6B, cid=2681, SUCCESS, logIndex=3867, commits[3f4de2de-7d09-498f-aead-42327df81d94:c3868]
2019-08-05 04:38:05,306 INFO  client.GrpcClientProtocolClient (GrpcClientProtocolClient.java:onNext(255)) - client-C12DAE7A5037->3f4de2de-7d09-498f-aead-42327df81d94: receive RaftClientReply:client-C12DAE7A5037->3f4de2de-7d09-498f-aead-42327df81d94@group-C7908E81CC6B, cid=2682, SUCCESS, logIndex=3868, commits[3f4de2de-7d09-498f-aead-42327df81d94:c3870]
2019-08-05 04:38:05,306 INFO  client.GrpcClientProtocolClient (GrpcClientProtocolClient.java:onNext(255)) - client-C12DAE7A5037->3f4de2de-7d09-498f-aead-42327df81d94: receive RaftClientReply:client-C12DAE7A5037->3f4de2de-7d09-498f-aead-42327df81d94@group-C7908E81CC6B, cid=2683, SUCCESS, logIndex=3869, commits[3f4de2de-7d09-498f-aead-42327df81d94:c3870]
2019-08-05 04:38:05,306 INFO  client.GrpcClientProtocolClient (GrpcClientProtocolClient.java:onNext(255)) - client-C12DAE7A5037->3f4de2de-7d09-498f-aead-42327df81d94: receive RaftClientReply:client-C12DAE7A5037->3f4de2de-7d09-498f-aead-42327df81d94@group-C7908E81CC6B, cid=2684, SUCCESS, logIndex=3870, commits[3f4de2de-7d09-498f-aead-42327df81d94:c3871]
2019-08-05 04:38:05,318 DEBUG block.SCMBlockDeletingService (SCMBlockDeletingService.java:call(138)) - Running DeletedBlockTransactionScanner
2019-08-05 04:38:05,318 DEBUG block.SCMBlockDeletingService (SCMBlockDeletingService.java:call(155)) - Scanned deleted blocks log and got 0 delTX to process.
2019-08-05 04:38:05,325 INFO  client.GrpcClientProtocolClient (GrpcClientProtocolClient.java:onNext(255)) - client-C12DAE7A5037->3f4de2de-7d09-498f-aead-42327df81d94: receive RaftClientReply:client-C12DAE7A5037->3f4de2de-7d09-498f-aead-42327df81d94@group-C7908E81CC6B, cid=2685, SUCCESS, logIndex=3873, commits[3f4de2de-7d09-498f-aead-42327df81d94:c3874]
2019-08-05 04:38:05,326 INFO  client.GrpcClientProtocolClient (GrpcClientProtocolClient.java:onNext(255)) - client-C12DAE7A5037->3f4de2de-7d09-498f-aead-42327df81d94: receive RaftClientReply:client-C12DAE7A5037->3f4de2de-7d09-498f-aead-42327df81d94@group-C7908E81CC6B, cid=2686, SUCCESS, logIndex=3874, commits[3f4de2de-7d09-498f-aead-42327df81d94:c3874]
2019-08-05 04:38:05,327 INFO  client.GrpcClientProtocolClient (GrpcClientProtocolClient.java:onNext(255)) - client-C12DAE7A5037->3f4de2de-7d09-498f-aead-42327df81d94: receive RaftClientReply:client-C12DAE7A5037->3f4de2de-7d09-498f-aead-42327df81d94@group-C7908E81CC6B, cid=2687, SUCCESS, logIndex=3875, commits[3f4de2de-7d09-498f-aead-42327df81d94:c3876]
2019-08-05 04:38:05,328 INFO  client.GrpcClientProtocolClient (GrpcClientProtocolClient.java:onNext(255)) - client-C12DAE7A5037->3f4de2de-7d09-498f-aead-42327df81d94: receive RaftClientReply:client-C12DAE7A5037->3f4de2de-7d09-498f-aead-42327df81d94@group-C7908E81CC6B, cid=2688, SUCCESS, logIndex=3876, commits[3f4de2de-7d09-498f-aead-42327df81d94:c3876]
2019-08-05 04:38:05,357 INFO  client.GrpcClientProtocolClient (GrpcClientProtocolClient.java:onNext(255)) - client-C12DAE7A5037->3f4de2de-7d09-498f-aead-42327df81d94: receive RaftClientReply:client-C12DAE7A5037->3f4de2de-7d09-498f-aead-42327df81d94@group-C7908E81CC6B, cid=2689, SUCCESS, logIndex=3879, commits[3f4de2de-7d09-498f-aead-42327df81d94:c3880]
2019-08-05 04:38:05,358 INFO  client.GrpcClientProtocolClient (GrpcClientProtocolClient.java:onNext(255)) - client-C12DAE7A5037->3f4de2de-7d09-498f-aead-42327df81d94: receive RaftClientReply:client-C12DAE7A5037->3f4de2de-7d09-498f-aead-42327df81d94@group-C7908E81CC6B, cid=2690, SUCCESS, logIndex=3880, commits[3f4de2de-7d09-498f-aead-42327df81d94:c3880]
2019-08-05 04:38:05,359 INFO  client.GrpcClientProtocolClient (GrpcClientProtocolClient.java:onNext(255)) - client-C12DAE7A5037->3f4de2de-7d09-498f-aead-42327df81d94: receive RaftClientReply:client-C12DAE7A5037->3f4de2de-7d09-498f-aead-42327df81d94@group-C7908E81CC6B, cid=2691, SUCCESS, logIndex=3881, commits[3f4de2de-7d09-498f-aead-42327df81d94:c3882]
2019-08-05 04:38:05,359 INFO  client.GrpcClientProtocolClient (GrpcClientProtocolClient.java:onNext(255)) - client-C12DAE7A5037->3f4de2de-7d09-498f-aead-42327df81d94: receive RaftClientReply:client-C12DAE7A5037->3f4de2de-7d09-498f-aead-42327df81d94@group-C7908E81CC6B, cid=2692, SUCCESS, logIndex=3882, commits[3f4de2de-7d09-498f-aead-42327df81d94:c3882]
2019-08-05 04:38:05,371 INFO  client.GrpcClientProtocolClient (GrpcClientProtocolClient.java:onNext(255)) - client-C12DAE7A5037->3f4de2de-7d09-498f-aead-42327df81d94: receive RaftClientReply:client-C12DAE7A5037->3f4de2de-7d09-498f-aead-42327df81d94@group-C7908E81CC6B, cid=2693, SUCCESS, logIndex=3885, commits[3f4de2de-7d09-498f-aead-42327df81d94:c3888]
2019-08-05 04:38:05,371 INFO  client.GrpcClientProtocolClient (GrpcClientProtocolClient.java:onNext(255)) - client-C12DAE7A5037->3f4de2de-7d09-498f-aead-42327df81d94: receive RaftClientReply:client-C12DAE7A5037->3f4de2de-7d09-498f-aead-42327df81d94@group-C7908E81CC6B, cid=2694, SUCCESS, logIndex=3886, commits[3f4de2de-7d09-498f-aead-42327df81d94:c3889]
2019-08-05 04:38:05,372 INFO  client.GrpcClientProtocolClient (GrpcClientProtocolClient.java:onNext(255)) - client-C12DAE7A5037->3f4de2de-7d09-498f-aead-42327df81d94: receive RaftClientReply:client-C12DAE7A5037->3f4de2de-7d09-498f-aead-42327df81d94@group-C7908E81CC6B, cid=2695, SUCCESS, logIndex=3887, commits[3f4de2de-7d09-498f-aead-42327df81d94:c3889]
2019-08-05 04:38:05,372 INFO  client.GrpcClientProtocolClient (GrpcClientProtocolClient.java:onNext(255)) - client-C12DAE7A5037->3f4de2de-7d09-498f-aead-42327df81d94: receive RaftClientReply:client-C12DAE7A5037->3f4de2de-7d09-498f-aead-42327df81d94@group-C7908E81CC6B, cid=2696, SUCCESS, logIndex=3888, commits[3f4de2de-7d09-498f-aead-42327df81d94:c3889]
2019-08-05 04:38:05,419 DEBUG block.SCMBlockDeletingService (SCMBlockDeletingService.java:call(138)) - Running DeletedBlockTransactionScanner
2019-08-05 04:38:05,419 DEBUG block.SCMBlockDeletingService (SCMBlockDeletingService.java:call(155)) - Scanned deleted blocks log and got 0 delTX to process.
2019-08-05 04:38:05,519 DEBUG block.SCMBlockDeletingService (SCMBlockDeletingService.java:call(138)) - Running DeletedBlockTransactionScanner
2019-08-05 04:38:05,520 DEBUG block.SCMBlockDeletingService (SCMBlockDeletingService.java:call(155)) - Scanned deleted blocks log and got 0 delTX to process.
2019-08-05 04:38:05,533 INFO  client.GrpcClientProtocolClient (GrpcClientProtocolClient.java:onNext(255)) - client-C12DAE7A5037->3f4de2de-7d09-498f-aead-42327df81d94: receive RaftClientReply:client-C12DAE7A5037->3f4de2de-7d09-498f-aead-42327df81d94@group-C7908E81CC6B, cid=2697, SUCCESS, logIndex=3890, commits[3f4de2de-7d09-498f-aead-42327df81d94:c3893]
2019-08-05 04:38:05,533 INFO  client.GrpcClientProtocolClient (GrpcClientProtocolClient.java:onNext(255)) - client-C12DAE7A5037->3f4de2de-7d09-498f-aead-42327df81d94: receive RaftClientReply:client-C12DAE7A5037->3f4de2de-7d09-498f-aead-42327df81d94@group-C7908E81CC6B, cid=2698, SUCCESS, logIndex=3891, commits[3f4de2de-7d09-498f-aead-42327df81d94:c3894]
2019-08-05 04:38:05,534 INFO  client.GrpcClientProtocolClient (GrpcClientProtocolClient.java:onNext(255)) - client-C12DAE7A5037->3f4de2de-7d09-498f-aead-42327df81d94: receive RaftClientReply:client-C12DAE7A5037->3f4de2de-7d09-498f-aead-42327df81d94@group-C7908E81CC6B, cid=2699, SUCCESS, logIndex=3892, commits[3f4de2de-7d09-498f-aead-42327df81d94:c3894]
2019-08-05 04:38:05,534 INFO  client.GrpcClientProtocolClient (GrpcClientProtocolClient.java:onNext(255)) - client-C12DAE7A5037->3f4de2de-7d09-498f-aead-42327df81d94: receive RaftClientReply:client-C12DAE7A5037->3f4de2de-7d09-498f-aead-42327df81d94@group-C7908E81CC6B, cid=2700, SUCCESS, logIndex=3893, commits[3f4de2de-7d09-498f-aead-42327df81d94:c3894]
2019-08-05 04:38:05,553 INFO  client.GrpcClientProtocolClient (GrpcClientProtocolClient.java:onNext(255)) - client-C12DAE7A5037->3f4de2de-7d09-498f-aead-42327df81d94: receive RaftClientReply:client-C12DAE7A5037->3f4de2de-7d09-498f-aead-42327df81d94@group-C7908E81CC6B, cid=2701, SUCCESS, logIndex=3895, commits[3f4de2de-7d09-498f-aead-42327df81d94:c3896]
2019-08-05 04:38:05,553 INFO  client.GrpcClientProtocolClient (GrpcClientProtocolClient.java:onNext(255)) - client-C12DAE7A5037->3f4de2de-7d09-498f-aead-42327df81d94: receive RaftClientReply:client-C12DAE7A5037->3f4de2de-7d09-498f-aead-42327df81d94@group-C7908E81CC6B, cid=2702, SUCCESS, logIndex=3896, commits[3f4de2de-7d09-498f-aead-42327df81d94:c3898]
2019-08-05 04:38:05,554 INFO  client.GrpcClientProtocolClient (GrpcClientProtocolClient.java:onNext(255)) - client-C12DAE7A5037->3f4de2de-7d09-498f-aead-42327df81d94: receive RaftClientReply:client-C12DAE7A5037->3f4de2de-7d09-498f-aead-42327df81d94@group-C7908E81CC6B, cid=2703, SUCCESS, logIndex=3897, commits[3f4de2de-7d09-498f-aead-42327df81d94:c3899]
2019-08-05 04:38:05,554 INFO  client.GrpcClientProtocolClient (GrpcClientProtocolClient.java:onNext(255)) - client-C12DAE7A5037->3f4de2de-7d09-498f-aead-42327df81d94: receive RaftClientReply:client-C12DAE7A5037->3f4de2de-7d09-498f-aead-42327df81d94@group-C7908E81CC6B, cid=2704, SUCCESS, logIndex=3898, commits[3f4de2de-7d09-498f-aead-42327df81d94:c3900]
2019-08-05 04:38:05,583 INFO  client.GrpcClientProtocolClient (GrpcClientProtocolClient.java:onNext(255)) - client-C12DAE7A5037->3f4de2de-7d09-498f-aead-42327df81d94: receive RaftClientReply:client-C12DAE7A5037->3f4de2de-7d09-498f-aead-42327df81d94@group-C7908E81CC6B, cid=2705, SUCCESS, logIndex=3901, commits[3f4de2de-7d09-498f-aead-42327df81d94:c3902]
2019-08-05 04:38:05,584 INFO  client.GrpcClientProtocolClient (GrpcClientProtocolClient.java:onNext(255)) - client-C12DAE7A5037->3f4de2de-7d09-498f-aead-42327df81d94: receive RaftClientReply:client-C12DAE7A5037->3f4de2de-7d09-498f-aead-42327df81d94@group-C7908E81CC6B, cid=2706, SUCCESS, logIndex=3902, commits[3f4de2de-7d09-498f-aead-42327df81d94:c3902]
2019-08-05 04:38:05,592 INFO  client.GrpcClientProtocolClient (GrpcClientProtocolClient.java:onNext(255)) - client-C12DAE7A5037->3f4de2de-7d09-498f-aead-42327df81d94: receive RaftClientReply:client-C12DAE7A5037->3f4de2de-7d09-498f-aead-42327df81d94@group-C7908E81CC6B, cid=2707, SUCCESS, logIndex=3903, commits[3f4de2de-7d09-498f-aead-42327df81d94:c3904]
2019-08-05 04:38:05,592 INFO  client.GrpcClientProtocolClient (GrpcClientProtocolClient.java:onNext(255)) - client-C12DAE7A5037->3f4de2de-7d09-498f-aead-42327df81d94: receive RaftClientReply:client-C12DAE7A5037->3f4de2de-7d09-498f-aead-42327df81d94@group-C7908E81CC6B, cid=2708, SUCCESS, logIndex=3904, commits[3f4de2de-7d09-498f-aead-42327df81d94:c3905]
2019-08-05 04:38:05,612 INFO  client.GrpcClientProtocolClient (GrpcClientProtocolClient.java:onNext(255)) - client-C12DAE7A5037->3f4de2de-7d09-498f-aead-42327df81d94: receive RaftClientReply:client-C12DAE7A5037->3f4de2de-7d09-498f-aead-42327df81d94@group-C7908E81CC6B, cid=2709, SUCCESS, logIndex=3907, commits[3f4de2de-7d09-498f-aead-42327df81d94:c3908]
2019-08-05 04:38:05,613 INFO  client.GrpcClientProtocolClient (GrpcClientProtocolClient.java:onNext(255)) - client-C12DAE7A5037->3f4de2de-7d09-498f-aead-42327df81d94: receive RaftClientReply:client-C12DAE7A5037->3f4de2de-7d09-498f-aead-42327df81d94@group-C7908E81CC6B, cid=2710, SUCCESS, logIndex=3908, commits[3f4de2de-7d09-498f-aead-42327df81d94:c3908]
2019-08-05 04:38:05,615 INFO  client.GrpcClientProtocolClient (GrpcClientProtocolClient.java:onNext(255)) - client-C12DAE7A5037->3f4de2de-7d09-498f-aead-42327df81d94: receive RaftClientReply:client-C12DAE7A5037->3f4de2de-7d09-498f-aead-42327df81d94@group-C7908E81CC6B, cid=2711, SUCCESS, logIndex=3909, commits[3f4de2de-7d09-498f-aead-42327df81d94:c3910]
2019-08-05 04:38:05,615 INFO  client.GrpcClientProtocolClient (GrpcClientProtocolClient.java:onNext(255)) - client-C12DAE7A5037->3f4de2de-7d09-498f-aead-42327df81d94: receive RaftClientReply:client-C12DAE7A5037->3f4de2de-7d09-498f-aead-42327df81d94@group-C7908E81CC6B, cid=2712, SUCCESS, logIndex=3910, commits[3f4de2de-7d09-498f-aead-42327df81d94:c3910]
2019-08-05 04:38:05,620 DEBUG block.SCMBlockDeletingService (SCMBlockDeletingService.java:call(138)) - Running DeletedBlockTransactionScanner
2019-08-05 04:38:05,620 DEBUG block.SCMBlockDeletingService (SCMBlockDeletingService.java:call(155)) - Scanned deleted blocks log and got 0 delTX to process.
2019-08-05 04:38:05,645 INFO  client.GrpcClientProtocolClient (GrpcClientProtocolClient.java:onNext(255)) - client-C12DAE7A5037->3f4de2de-7d09-498f-aead-42327df81d94: receive RaftClientReply:client-C12DAE7A5037->3f4de2de-7d09-498f-aead-42327df81d94@group-C7908E81CC6B, cid=2713, SUCCESS, logIndex=3913, commits[3f4de2de-7d09-498f-aead-42327df81d94:c3914]
2019-08-05 04:38:05,645 INFO  client.GrpcClientProtocolClient (GrpcClientProtocolClient.java:onNext(255)) - client-C12DAE7A5037->3f4de2de-7d09-498f-aead-42327df81d94: receive RaftClientReply:client-C12DAE7A5037->3f4de2de-7d09-498f-aead-42327df81d94@group-C7908E81CC6B, cid=2714, SUCCESS, logIndex=3914, commits[3f4de2de-7d09-498f-aead-42327df81d94:c3914]
2019-08-05 04:38:05,647 INFO  client.GrpcClientProtocolClient (GrpcClientProtocolClient.java:onNext(255)) - client-C12DAE7A5037->3f4de2de-7d09-498f-aead-42327df81d94: receive RaftClientReply:client-C12DAE7A5037->3f4de2de-7d09-498f-aead-42327df81d94@group-C7908E81CC6B, cid=2715, SUCCESS, logIndex=3915, commits[3f4de2de-7d09-498f-aead-42327df81d94:c3916]
2019-08-05 04:38:05,647 INFO  client.GrpcClientProtocolClient (GrpcClientProtocolClient.java:onNext(255)) - client-C12DAE7A5037->3f4de2de-7d09-498f-aead-42327df81d94: receive RaftClientReply:client-C12DAE7A5037->3f4de2de-7d09-498f-aead-42327df81d94@group-C7908E81CC6B, cid=2716, SUCCESS, logIndex=3916, commits[3f4de2de-7d09-498f-aead-42327df81d94:c3916]
2019-08-05 04:38:05,658 INFO  client.GrpcClientProtocolClient (GrpcClientProtocolClient.java:onNext(255)) - client-C12DAE7A5037->3f4de2de-7d09-498f-aead-42327df81d94: receive RaftClientReply:client-C12DAE7A5037->3f4de2de-7d09-498f-aead-42327df81d94@group-C7908E81CC6B, cid=2717, SUCCESS, logIndex=3919, commits[3f4de2de-7d09-498f-aead-42327df81d94:c3922]
2019-08-05 04:38:05,659 INFO  client.GrpcClientProtocolClient (GrpcClientProtocolClient.java:onNext(255)) - client-C12DAE7A5037->3f4de2de-7d09-498f-aead-42327df81d94: receive RaftClientReply:client-C12DAE7A5037->3f4de2de-7d09-498f-aead-42327df81d94@group-C7908E81CC6B, cid=2718, SUCCESS, logIndex=3920, commits[3f4de2de-7d09-498f-aead-42327df81d94:c3923]
2019-08-05 04:38:05,659 INFO  client.GrpcClientProtocolClient (GrpcClientProtocolClient.java:onNext(255)) - client-C12DAE7A5037->3f4de2de-7d09-498f-aead-42327df81d94: receive RaftClientReply:client-C12DAE7A5037->3f4de2de-7d09-498f-aead-42327df81d94@group-C7908E81CC6B, cid=2719, SUCCESS, logIndex=3921, commits[3f4de2de-7d09-498f-aead-42327df81d94:c3923]
2019-08-05 04:38:05,660 INFO  client.GrpcClientProtocolClient (GrpcClientProtocolClient.java:onNext(255)) - client-C12DAE7A5037->3f4de2de-7d09-498f-aead-42327df81d94: receive RaftClientReply:client-C12DAE7A5037->3f4de2de-7d09-498f-aead-42327df81d94@group-C7908E81CC6B, cid=2720, SUCCESS, logIndex=3922, commits[3f4de2de-7d09-498f-aead-42327df81d94:c3923]
2019-08-05 04:38:05,691 INFO  client.GrpcClientProtocolClient (GrpcClientProtocolClient.java:onNext(255)) - client-C12DAE7A5037->3f4de2de-7d09-498f-aead-42327df81d94: receive RaftClientReply:client-C12DAE7A5037->3f4de2de-7d09-498f-aead-42327df81d94@group-C7908E81CC6B, cid=2721, SUCCESS, logIndex=3924, commits[3f4de2de-7d09-498f-aead-42327df81d94:c3927]
2019-08-05 04:38:05,691 INFO  client.GrpcClientProtocolClient (GrpcClientProtocolClient.java:onNext(255)) - client-C12DAE7A5037->3f4de2de-7d09-498f-aead-42327df81d94: receive RaftClientReply:client-C12DAE7A5037->3f4de2de-7d09-498f-aead-42327df81d94@group-C7908E81CC6B, cid=2722, SUCCESS, logIndex=3925, commits[3f4de2de-7d09-498f-aead-42327df81d94:c3928]
2019-08-05 04:38:05,692 INFO  client.GrpcClientProtocolClient (GrpcClientProtocolClient.java:onNext(255)) - client-C12DAE7A5037->3f4de2de-7d09-498f-aead-42327df81d94: receive RaftClientReply:client-C12DAE7A5037->3f4de2de-7d09-498f-aead-42327df81d94@group-C7908E81CC6B, cid=2723, SUCCESS, logIndex=3926, commits[3f4de2de-7d09-498f-aead-42327df81d94:c3928]
2019-08-05 04:38:05,692 INFO  client.GrpcClientProtocolClient (GrpcClientProtocolClient.java:onNext(255)) - client-C12DAE7A5037->3f4de2de-7d09-498f-aead-42327df81d94: receive RaftClientReply:client-C12DAE7A5037->3f4de2de-7d09-498f-aead-42327df81d94@group-C7908E81CC6B, cid=2724, SUCCESS, logIndex=3927, commits[3f4de2de-7d09-498f-aead-42327df81d94:c3928]
2019-08-05 04:38:05,712 INFO  client.GrpcClientProtocolClient (GrpcClientProtocolClient.java:onNext(255)) - client-C12DAE7A5037->3f4de2de-7d09-498f-aead-42327df81d94: receive RaftClientReply:client-C12DAE7A5037->3f4de2de-7d09-498f-aead-42327df81d94@group-C7908E81CC6B, cid=2725, SUCCESS, logIndex=3929, commits[3f4de2de-7d09-498f-aead-42327df81d94:c3930]
2019-08-05 04:38:05,712 INFO  client.GrpcClientProtocolClient (GrpcClientProtocolClient.java:onNext(255)) - client-C12DAE7A5037->3f4de2de-7d09-498f-aead-42327df81d94: receive RaftClientReply:client-C12DAE7A5037->3f4de2de-7d09-498f-aead-42327df81d94@group-C7908E81CC6B, cid=2726, SUCCESS, logIndex=3930, commits[3f4de2de-7d09-498f-aead-42327df81d94:c3930]
2019-08-05 04:38:05,714 INFO  client.GrpcClientProtocolClient (GrpcClientProtocolClient.java:onNext(255)) - client-C12DAE7A5037->3f4de2de-7d09-498f-aead-42327df81d94: receive RaftClientReply:client-C12DAE7A5037->3f4de2de-7d09-498f-aead-42327df81d94@group-C7908E81CC6B, cid=2727, SUCCESS, logIndex=3931, commits[3f4de2de-7d09-498f-aead-42327df81d94:c3932]
2019-08-05 04:38:05,714 INFO  client.GrpcClientProtocolClient (GrpcClientProtocolClient.java:onNext(255)) - client-C12DAE7A5037->3f4de2de-7d09-498f-aead-42327df81d94: receive RaftClientReply:client-C12DAE7A5037->3f4de2de-7d09-498f-aead-42327df81d94@group-C7908E81CC6B, cid=2728, SUCCESS, logIndex=3932, commits[3f4de2de-7d09-498f-aead-42327df81d94:c3932]
2019-08-05 04:38:05,721 DEBUG block.SCMBlockDeletingService (SCMBlockDeletingService.java:call(138)) - Running DeletedBlockTransactionScanner
2019-08-05 04:38:05,721 DEBUG block.SCMBlockDeletingService (SCMBlockDeletingService.java:call(155)) - Scanned deleted blocks log and got 0 delTX to process.
2019-08-05 04:38:05,744 INFO  client.GrpcClientProtocolClient (GrpcClientProtocolClient.java:onNext(255)) - client-C12DAE7A5037->3f4de2de-7d09-498f-aead-42327df81d94: receive RaftClientReply:client-C12DAE7A5037->3f4de2de-7d09-498f-aead-42327df81d94@group-C7908E81CC6B, cid=2729, SUCCESS, logIndex=3935, commits[3f4de2de-7d09-498f-aead-42327df81d94:c3936]
2019-08-05 04:38:05,745 INFO  client.GrpcClientProtocolClient (GrpcClientProtocolClient.java:onNext(255)) - client-C12DAE7A5037->3f4de2de-7d09-498f-aead-42327df81d94: receive RaftClientReply:client-C12DAE7A5037->3f4de2de-7d09-498f-aead-42327df81d94@group-C7908E81CC6B, cid=2730, SUCCESS, logIndex=3936, commits[3f4de2de-7d09-498f-aead-42327df81d94:c3936]
2019-08-05 04:38:05,747 INFO  client.GrpcClientProtocolClient (GrpcClientProtocolClient.java:onNext(255)) - client-C12DAE7A5037->3f4de2de-7d09-498f-aead-42327df81d94: receive RaftClientReply:client-C12DAE7A5037->3f4de2de-7d09-498f-aead-42327df81d94@group-C7908E81CC6B, cid=2731, SUCCESS, logIndex=3937, commits[3f4de2de-7d09-498f-aead-42327df81d94:c3938]
2019-08-05 04:38:05,747 INFO  client.GrpcClientProtocolClient (GrpcClientProtocolClient.java:onNext(255)) - client-C12DAE7A5037->3f4de2de-7d09-498f-aead-42327df81d94: receive RaftClientReply:client-C12DAE7A5037->3f4de2de-7d09-498f-aead-42327df81d94@group-C7908E81CC6B, cid=2732, SUCCESS, logIndex=3938, commits[3f4de2de-7d09-498f-aead-42327df81d94:c3938]
2019-08-05 04:38:05,759 INFO  client.GrpcClientProtocolClient (GrpcClientProtocolClient.java:onNext(255)) - client-C12DAE7A5037->3f4de2de-7d09-498f-aead-42327df81d94: receive RaftClientReply:client-C12DAE7A5037->3f4de2de-7d09-498f-aead-42327df81d94@group-C7908E81CC6B, cid=2733, SUCCESS, logIndex=3941, commits[3f4de2de-7d09-498f-aead-42327df81d94:c3944]
2019-08-05 04:38:05,760 INFO  client.GrpcClientProtocolClient (GrpcClientProtocolClient.java:onNext(255)) - client-C12DAE7A5037->3f4de2de-7d09-498f-aead-42327df81d94: receive RaftClientReply:client-C12DAE7A5037->3f4de2de-7d09-498f-aead-42327df81d94@group-C7908E81CC6B, cid=2734, SUCCESS, logIndex=3942, commits[3f4de2de-7d09-498f-aead-42327df81d94:c3945]
2019-08-05 04:38:05,760 INFO  client.GrpcClientProtocolClient (GrpcClientProtocolClient.java:onNext(255)) - client-C12DAE7A5037->3f4de2de-7d09-498f-aead-42327df81d94: receive RaftClientReply:client-C12DAE7A5037->3f4de2de-7d09-498f-aead-42327df81d94@group-C7908E81CC6B, cid=2735, SUCCESS, logIndex=3943, commits[3f4de2de-7d09-498f-aead-42327df81d94:c3945]
2019-08-05 04:38:05,760 INFO  client.GrpcClientProtocolClient (GrpcClientProtocolClient.java:onNext(255)) - client-C12DAE7A5037->3f4de2de-7d09-498f-aead-42327df81d94: receive RaftClientReply:client-C12DAE7A5037->3f4de2de-7d09-498f-aead-42327df81d94@group-C7908E81CC6B, cid=2736, SUCCESS, logIndex=3944, commits[3f4de2de-7d09-498f-aead-42327df81d94:c3945]
2019-08-05 04:38:05,790 INFO  client.GrpcClientProtocolClient (GrpcClientProtocolClient.java:onNext(255)) - client-C12DAE7A5037->3f4de2de-7d09-498f-aead-42327df81d94: receive RaftClientReply:client-C12DAE7A5037->3f4de2de-7d09-498f-aead-42327df81d94@group-C7908E81CC6B, cid=2737, SUCCESS, logIndex=3946, commits[3f4de2de-7d09-498f-aead-42327df81d94:c3947]
2019-08-05 04:38:05,790 INFO  client.GrpcClientProtocolClient (GrpcClientProtocolClient.java:onNext(255)) - client-C12DAE7A5037->3f4de2de-7d09-498f-aead-42327df81d94: receive RaftClientReply:client-C12DAE7A5037->3f4de2de-7d09-498f-aead-42327df81d94@group-C7908E81CC6B, cid=2738, SUCCESS, logIndex=3947, commits[3f4de2de-7d09-498f-aead-42327df81d94:c3947]
2019-08-05 04:38:05,792 INFO  client.GrpcClientProtocolClient (GrpcClientProtocolClient.java:onNext(255)) - client-C12DAE7A5037->3f4de2de-7d09-498f-aead-42327df81d94: receive RaftClientReply:client-C12DAE7A5037->3f4de2de-7d09-498f-aead-42327df81d94@group-C7908E81CC6B, cid=2739, SUCCESS, logIndex=3948, commits[3f4de2de-7d09-498f-aead-42327df81d94:c3949]
2019-08-05 04:38:05,792 INFO  client.GrpcClientProtocolClient (GrpcClientProtocolClient.java:onNext(255)) - client-C12DAE7A5037->3f4de2de-7d09-498f-aead-42327df81d94: receive RaftClientReply:client-C12DAE7A5037->3f4de2de-7d09-498f-aead-42327df81d94@group-C7908E81CC6B, cid=2740, SUCCESS, logIndex=3949, commits[3f4de2de-7d09-498f-aead-42327df81d94:c3949]
2019-08-05 04:38:05,858 DEBUG block.SCMBlockDeletingService (SCMBlockDeletingService.java:call(138)) - Running DeletedBlockTransactionScanner
2019-08-05 04:38:05,858 DEBUG block.SCMBlockDeletingService (SCMBlockDeletingService.java:call(155)) - Scanned deleted blocks log and got 0 delTX to process.
2019-08-05 04:38:05,959 DEBUG block.SCMBlockDeletingService (SCMBlockDeletingService.java:call(138)) - Running DeletedBlockTransactionScanner
2019-08-05 04:38:05,959 DEBUG block.SCMBlockDeletingService (SCMBlockDeletingService.java:call(155)) - Scanned deleted blocks log and got 0 delTX to process.
2019-08-05 04:38:05,998 INFO  client.GrpcClientProtocolClient (GrpcClientProtocolClient.java:onNext(255)) - client-C12DAE7A5037->3f4de2de-7d09-498f-aead-42327df81d94: receive RaftClientReply:client-C12DAE7A5037->3f4de2de-7d09-498f-aead-42327df81d94@group-C7908E81CC6B, cid=2741, SUCCESS, logIndex=3952, commits[3f4de2de-7d09-498f-aead-42327df81d94:c3953]
2019-08-05 04:38:06,000 INFO  client.GrpcClientProtocolClient (GrpcClientProtocolClient.java:onNext(255)) - client-C12DAE7A5037->3f4de2de-7d09-498f-aead-42327df81d94: receive RaftClientReply:client-C12DAE7A5037->3f4de2de-7d09-498f-aead-42327df81d94@group-C7908E81CC6B, cid=2742, SUCCESS, logIndex=3953, commits[3f4de2de-7d09-498f-aead-42327df81d94:c3953]
2019-08-05 04:38:06,001 INFO  client.GrpcClientProtocolClient (GrpcClientProtocolClient.java:onNext(255)) - client-C12DAE7A5037->3f4de2de-7d09-498f-aead-42327df81d94: receive RaftClientReply:client-C12DAE7A5037->3f4de2de-7d09-498f-aead-42327df81d94@group-C7908E81CC6B, cid=2743, SUCCESS, logIndex=3954, commits[3f4de2de-7d09-498f-aead-42327df81d94:c3956]
2019-08-05 04:38:06,001 INFO  client.GrpcClientProtocolClient (GrpcClientProtocolClient.java:onNext(255)) - client-C12DAE7A5037->3f4de2de-7d09-498f-aead-42327df81d94: receive RaftClientReply:client-C12DAE7A5037->3f4de2de-7d09-498f-aead-42327df81d94@group-C7908E81CC6B, cid=2744, SUCCESS, logIndex=3955, commits[3f4de2de-7d09-498f-aead-42327df81d94:c3956]
2019-08-05 04:38:06,031 INFO  client.GrpcClientProtocolClient (GrpcClientProtocolClient.java:onNext(255)) - client-C12DAE7A5037->3f4de2de-7d09-498f-aead-42327df81d94: receive RaftClientReply:client-C12DAE7A5037->3f4de2de-7d09-498f-aead-42327df81d94@group-C7908E81CC6B, cid=2745, SUCCESS, logIndex=3957, commits[3f4de2de-7d09-498f-aead-42327df81d94:c3958]
2019-08-05 04:38:06,031 INFO  client.GrpcClientProtocolClient (GrpcClientProtocolClient.java:onNext(255)) - client-C12DAE7A5037->3f4de2de-7d09-498f-aead-42327df81d94: receive RaftClientReply:client-C12DAE7A5037->3f4de2de-7d09-498f-aead-42327df81d94@group-C7908E81CC6B, cid=2746, SUCCESS, logIndex=3958, commits[3f4de2de-7d09-498f-aead-42327df81d94:c3958]
2019-08-05 04:38:06,033 INFO  client.GrpcClientProtocolClient (GrpcClientProtocolClient.java:onNext(255)) - client-C12DAE7A5037->3f4de2de-7d09-498f-aead-42327df81d94: receive RaftClientReply:client-C12DAE7A5037->3f4de2de-7d09-498f-aead-42327df81d94@group-C7908E81CC6B, cid=2747, SUCCESS, logIndex=3959, commits[3f4de2de-7d09-498f-aead-42327df81d94:c3960]
2019-08-05 04:38:06,034 INFO  client.GrpcClientProtocolClient (GrpcClientProtocolClient.java:onNext(255)) - client-C12DAE7A5037->3f4de2de-7d09-498f-aead-42327df81d94: receive RaftClientReply:client-C12DAE7A5037->3f4de2de-7d09-498f-aead-42327df81d94@group-C7908E81CC6B, cid=2748, SUCCESS, logIndex=3960, commits[3f4de2de-7d09-498f-aead-42327df81d94:c3960]
2019-08-05 04:38:06,057 INFO  client.GrpcClientProtocolClient (GrpcClientProtocolClient.java:onNext(255)) - client-C12DAE7A5037->3f4de2de-7d09-498f-aead-42327df81d94: receive RaftClientReply:client-C12DAE7A5037->3f4de2de-7d09-498f-aead-42327df81d94@group-C7908E81CC6B, cid=2749, SUCCESS, logIndex=3963, commits[3f4de2de-7d09-498f-aead-42327df81d94:c3966]
2019-08-05 04:38:06,057 INFO  client.GrpcClientProtocolClient (GrpcClientProtocolClient.java:onNext(255)) - client-C12DAE7A5037->3f4de2de-7d09-498f-aead-42327df81d94: receive RaftClientReply:client-C12DAE7A5037->3f4de2de-7d09-498f-aead-42327df81d94@group-C7908E81CC6B, cid=2750, SUCCESS, logIndex=3964, commits[3f4de2de-7d09-498f-aead-42327df81d94:c3967]
2019-08-05 04:38:06,058 INFO  client.GrpcClientProtocolClient (GrpcClientProtocolClient.java:onNext(255)) - client-C12DAE7A5037->3f4de2de-7d09-498f-aead-42327df81d94: receive RaftClientReply:client-C12DAE7A5037->3f4de2de-7d09-498f-aead-42327df81d94@group-C7908E81CC6B, cid=2751, SUCCESS, logIndex=3965, commits[3f4de2de-7d09-498f-aead-42327df81d94:c3967]
2019-08-05 04:38:06,058 INFO  client.GrpcClientProtocolClient (GrpcClientProtocolClient.java:onNext(255)) - client-C12DAE7A5037->3f4de2de-7d09-498f-aead-42327df81d94: receive RaftClientReply:client-C12DAE7A5037->3f4de2de-7d09-498f-aead-42327df81d94@group-C7908E81CC6B, cid=2752, SUCCESS, logIndex=3966, commits[3f4de2de-7d09-498f-aead-42327df81d94:c3967]
2019-08-05 04:38:06,059 DEBUG block.SCMBlockDeletingService (SCMBlockDeletingService.java:call(138)) - Running DeletedBlockTransactionScanner
2019-08-05 04:38:06,059 DEBUG block.SCMBlockDeletingService (SCMBlockDeletingService.java:call(155)) - Scanned deleted blocks log and got 0 delTX to process.
2019-08-05 04:38:06,088 INFO  client.GrpcClientProtocolClient (GrpcClientProtocolClient.java:onNext(255)) - client-C12DAE7A5037->3f4de2de-7d09-498f-aead-42327df81d94: receive RaftClientReply:client-C12DAE7A5037->3f4de2de-7d09-498f-aead-42327df81d94@group-C7908E81CC6B, cid=2753, SUCCESS, logIndex=3968, commits[3f4de2de-7d09-498f-aead-42327df81d94:c3971]
2019-08-05 04:38:06,089 INFO  client.GrpcClientProtocolClient (GrpcClientProtocolClient.java:onNext(255)) - client-C12DAE7A5037->3f4de2de-7d09-498f-aead-42327df81d94: receive RaftClientReply:client-C12DAE7A5037->3f4de2de-7d09-498f-aead-42327df81d94@group-C7908E81CC6B, cid=2754, SUCCESS, logIndex=3969, commits[3f4de2de-7d09-498f-aead-42327df81d94:c3971]
2019-08-05 04:38:06,089 INFO  client.GrpcClientProtocolClient (GrpcClientProtocolClient.java:onNext(255)) - client-C12DAE7A5037->3f4de2de-7d09-498f-aead-42327df81d94: receive RaftClientReply:client-C12DAE7A5037->3f4de2de-7d09-498f-aead-42327df81d94@group-C7908E81CC6B, cid=2755, SUCCESS, logIndex=3970, commits[3f4de2de-7d09-498f-aead-42327df81d94:c3972]
2019-08-05 04:38:06,090 INFO  client.GrpcClientProtocolClient (GrpcClientProtocolClient.java:onNext(255)) - client-C12DAE7A5037->3f4de2de-7d09-498f-aead-42327df81d94: receive RaftClientReply:client-C12DAE7A5037->3f4de2de-7d09-498f-aead-42327df81d94@group-C7908E81CC6B, cid=2756, SUCCESS, logIndex=3971, commits[3f4de2de-7d09-498f-aead-42327df81d94:c3972]
2019-08-05 04:38:06,109 INFO  client.GrpcClientProtocolClient (GrpcClientProtocolClient.java:onNext(255)) - client-C12DAE7A5037->3f4de2de-7d09-498f-aead-42327df81d94: receive RaftClientReply:client-C12DAE7A5037->3f4de2de-7d09-498f-aead-42327df81d94@group-C7908E81CC6B, cid=2757, SUCCESS, logIndex=3974, commits[3f4de2de-7d09-498f-aead-42327df81d94:c3975]
2019-08-05 04:38:06,109 INFO  client.GrpcClientProtocolClient (GrpcClientProtocolClient.java:onNext(255)) - client-C12DAE7A5037->3f4de2de-7d09-498f-aead-42327df81d94: receive RaftClientReply:client-C12DAE7A5037->3f4de2de-7d09-498f-aead-42327df81d94@group-C7908E81CC6B, cid=2758, SUCCESS, logIndex=3975, commits[3f4de2de-7d09-498f-aead-42327df81d94:c3975]
2019-08-05 04:38:06,110 INFO  client.GrpcClientProtocolClient (GrpcClientProtocolClient.java:onNext(255)) - client-C12DAE7A5037->3f4de2de-7d09-498f-aead-42327df81d94: receive RaftClientReply:client-C12DAE7A5037->3f4de2de-7d09-498f-aead-42327df81d94@group-C7908E81CC6B, cid=2759, SUCCESS, logIndex=3976, commits[3f4de2de-7d09-498f-aead-42327df81d94:c3977]
2019-08-05 04:38:06,110 INFO  client.GrpcClientProtocolClient (GrpcClientProtocolClient.java:onNext(255)) - client-C12DAE7A5037->3f4de2de-7d09-498f-aead-42327df81d94: receive RaftClientReply:client-C12DAE7A5037->3f4de2de-7d09-498f-aead-42327df81d94@group-C7908E81CC6B, cid=2760, SUCCESS, logIndex=3977, commits[3f4de2de-7d09-498f-aead-42327df81d94:c3978]
2019-08-05 04:38:06,140 INFO  client.GrpcClientProtocolClient (GrpcClientProtocolClient.java:onNext(255)) - client-C12DAE7A5037->3f4de2de-7d09-498f-aead-42327df81d94: receive RaftClientReply:client-C12DAE7A5037->3f4de2de-7d09-498f-aead-42327df81d94@group-C7908E81CC6B, cid=2761, SUCCESS, logIndex=3980, commits[3f4de2de-7d09-498f-aead-42327df81d94:c3981]
2019-08-05 04:38:06,141 INFO  client.GrpcClientProtocolClient (GrpcClientProtocolClient.java:onNext(255)) - client-C12DAE7A5037->3f4de2de-7d09-498f-aead-42327df81d94: receive RaftClientReply:client-C12DAE7A5037->3f4de2de-7d09-498f-aead-42327df81d94@group-C7908E81CC6B, cid=2762, SUCCESS, logIndex=3981, commits[3f4de2de-7d09-498f-aead-42327df81d94:c3981]
2019-08-05 04:38:06,141 INFO  client.GrpcClientProtocolClient (GrpcClientProtocolClient.java:onNext(255)) - client-C12DAE7A5037->3f4de2de-7d09-498f-aead-42327df81d94: receive RaftClientReply:client-C12DAE7A5037->3f4de2de-7d09-498f-aead-42327df81d94@group-C7908E81CC6B, cid=2763, SUCCESS, logIndex=3982, commits[3f4de2de-7d09-498f-aead-42327df81d94:c3983]
2019-08-05 04:38:06,141 INFO  client.GrpcClientProtocolClient (GrpcClientProtocolClient.java:onNext(255)) - client-C12DAE7A5037->3f4de2de-7d09-498f-aead-42327df81d94: receive RaftClientReply:client-C12DAE7A5037->3f4de2de-7d09-498f-aead-42327df81d94@group-C7908E81CC6B, cid=2764, SUCCESS, logIndex=3983, commits[3f4de2de-7d09-498f-aead-42327df81d94:c3984]
2019-08-05 04:38:06,160 DEBUG block.SCMBlockDeletingService (SCMBlockDeletingService.java:call(138)) - Running DeletedBlockTransactionScanner
2019-08-05 04:38:06,160 DEBUG block.SCMBlockDeletingService (SCMBlockDeletingService.java:call(155)) - Scanned deleted blocks log and got 0 delTX to process.
2019-08-05 04:38:06,161 INFO  client.GrpcClientProtocolClient (GrpcClientProtocolClient.java:onNext(255)) - client-C12DAE7A5037->3f4de2de-7d09-498f-aead-42327df81d94: receive RaftClientReply:client-C12DAE7A5037->3f4de2de-7d09-498f-aead-42327df81d94@group-C7908E81CC6B, cid=2765, SUCCESS, logIndex=3986, commits[3f4de2de-7d09-498f-aead-42327df81d94:c3987]
2019-08-05 04:38:06,161 INFO  client.GrpcClientProtocolClient (GrpcClientProtocolClient.java:onNext(255)) - client-C12DAE7A5037->3f4de2de-7d09-498f-aead-42327df81d94: receive RaftClientReply:client-C12DAE7A5037->3f4de2de-7d09-498f-aead-42327df81d94@group-C7908E81CC6B, cid=2766, SUCCESS, logIndex=3987, commits[3f4de2de-7d09-498f-aead-42327df81d94:c3989]
2019-08-05 04:38:06,162 INFO  client.GrpcClientProtocolClient (GrpcClientProtocolClient.java:onNext(255)) - client-C12DAE7A5037->3f4de2de-7d09-498f-aead-42327df81d94: receive RaftClientReply:client-C12DAE7A5037->3f4de2de-7d09-498f-aead-42327df81d94@group-C7908E81CC6B, cid=2767, SUCCESS, logIndex=3988, commits[3f4de2de-7d09-498f-aead-42327df81d94:c3989]
2019-08-05 04:38:06,162 INFO  client.GrpcClientProtocolClient (GrpcClientProtocolClient.java:onNext(255)) - client-C12DAE7A5037->3f4de2de-7d09-498f-aead-42327df81d94: receive RaftClientReply:client-C12DAE7A5037->3f4de2de-7d09-498f-aead-42327df81d94@group-C7908E81CC6B, cid=2768, SUCCESS, logIndex=3989, commits[3f4de2de-7d09-498f-aead-42327df81d94:c3990]
2019-08-05 04:38:06,193 INFO  client.GrpcClientProtocolClient (GrpcClientProtocolClient.java:onNext(255)) - client-C12DAE7A5037->3f4de2de-7d09-498f-aead-42327df81d94: receive RaftClientReply:client-C12DAE7A5037->3f4de2de-7d09-498f-aead-42327df81d94@group-C7908E81CC6B, cid=2769, SUCCESS, logIndex=3992, commits[3f4de2de-7d09-498f-aead-42327df81d94:c3993]
2019-08-05 04:38:06,193 INFO  client.GrpcClientProtocolClient (GrpcClientProtocolClient.java:onNext(255)) - client-C12DAE7A5037->3f4de2de-7d09-498f-aead-42327df81d94: receive RaftClientReply:client-C12DAE7A5037->3f4de2de-7d09-498f-aead-42327df81d94@group-C7908E81CC6B, cid=2770, SUCCESS, logIndex=3993, commits[3f4de2de-7d09-498f-aead-42327df81d94:c3993]
2019-08-05 04:38:06,194 INFO  client.GrpcClientProtocolClient (GrpcClientProtocolClient.java:onNext(255)) - client-C12DAE7A5037->3f4de2de-7d09-498f-aead-42327df81d94: receive RaftClientReply:client-C12DAE7A5037->3f4de2de-7d09-498f-aead-42327df81d94@group-C7908E81CC6B, cid=2771, SUCCESS, logIndex=3994, commits[3f4de2de-7d09-498f-aead-42327df81d94:c3995]
2019-08-05 04:38:06,194 INFO  client.GrpcClientProtocolClient (GrpcClientProtocolClient.java:onNext(255)) - client-C12DAE7A5037->3f4de2de-7d09-498f-aead-42327df81d94: receive RaftClientReply:client-C12DAE7A5037->3f4de2de-7d09-498f-aead-42327df81d94@group-C7908E81CC6B, cid=2772, SUCCESS, logIndex=3995, commits[3f4de2de-7d09-498f-aead-42327df81d94:c3996]
2019-08-05 04:38:06,214 INFO  client.GrpcClientProtocolClient (GrpcClientProtocolClient.java:onNext(255)) - client-C12DAE7A5037->3f4de2de-7d09-498f-aead-42327df81d94: receive RaftClientReply:client-C12DAE7A5037->3f4de2de-7d09-498f-aead-42327df81d94@group-C7908E81CC6B, cid=2773, SUCCESS, logIndex=3998, commits[3f4de2de-7d09-498f-aead-42327df81d94:c3999]
2019-08-05 04:38:06,215 INFO  client.GrpcClientProtocolClient (GrpcClientProtocolClient.java:onNext(255)) - client-C12DAE7A5037->3f4de2de-7d09-498f-aead-42327df81d94: receive RaftClientReply:client-C12DAE7A5037->3f4de2de-7d09-498f-aead-42327df81d94@group-C7908E81CC6B, cid=2774, SUCCESS, logIndex=3999, commits[3f4de2de-7d09-498f-aead-42327df81d94:c3999]
2019-08-05 04:38:06,216 INFO  client.GrpcClientProtocolClient (GrpcClientProtocolClient.java:onNext(255)) - client-C12DAE7A5037->3f4de2de-7d09-498f-aead-42327df81d94: receive RaftClientReply:client-C12DAE7A5037->3f4de2de-7d09-498f-aead-42327df81d94@group-C7908E81CC6B, cid=2775, SUCCESS, logIndex=4000, commits[3f4de2de-7d09-498f-aead-42327df81d94:c4001]
2019-08-05 04:38:06,217 INFO  client.GrpcClientProtocolClient (GrpcClientProtocolClient.java:onNext(255)) - client-C12DAE7A5037->3f4de2de-7d09-498f-aead-42327df81d94: receive RaftClientReply:client-C12DAE7A5037->3f4de2de-7d09-498f-aead-42327df81d94@group-C7908E81CC6B, cid=2776, SUCCESS, logIndex=4001, commits[3f4de2de-7d09-498f-aead-42327df81d94:c4001]
2019-08-05 04:38:06,234 INFO  client.GrpcClientProtocolClient (GrpcClientProtocolClient.java:onNext(255)) - client-C12DAE7A5037->3f4de2de-7d09-498f-aead-42327df81d94: receive RaftClientReply:client-C12DAE7A5037->3f4de2de-7d09-498f-aead-42327df81d94@group-C7908E81CC6B, cid=2777, SUCCESS, logIndex=4004, commits[3f4de2de-7d09-498f-aead-42327df81d94:c4005]
2019-08-05 04:38:06,235 INFO  client.GrpcClientProtocolClient (GrpcClientProtocolClient.java:onNext(255)) - client-C12DAE7A5037->3f4de2de-7d09-498f-aead-42327df81d94: receive RaftClientReply:client-C12DAE7A5037->3f4de2de-7d09-498f-aead-42327df81d94@group-C7908E81CC6B, cid=2778, SUCCESS, logIndex=4005, commits[3f4de2de-7d09-498f-aead-42327df81d94:c4005]
2019-08-05 04:38:06,244 INFO  client.GrpcClientProtocolClient (GrpcClientProtocolClient.java:onNext(255)) - client-C12DAE7A5037->3f4de2de-7d09-498f-aead-42327df81d94: receive RaftClientReply:client-C12DAE7A5037->3f4de2de-7d09-498f-aead-42327df81d94@group-C7908E81CC6B, cid=2779, SUCCESS, logIndex=4006, commits[3f4de2de-7d09-498f-aead-42327df81d94:c4008]
2019-08-05 04:38:06,245 INFO  client.GrpcClientProtocolClient (GrpcClientProtocolClient.java:onNext(255)) - client-C12DAE7A5037->3f4de2de-7d09-498f-aead-42327df81d94: receive RaftClientReply:client-C12DAE7A5037->3f4de2de-7d09-498f-aead-42327df81d94@group-C7908E81CC6B, cid=2780, SUCCESS, logIndex=4007, commits[3f4de2de-7d09-498f-aead-42327df81d94:c4008]
2019-08-05 04:38:06,261 DEBUG block.SCMBlockDeletingService (SCMBlockDeletingService.java:call(138)) - Running DeletedBlockTransactionScanner
2019-08-05 04:38:06,261 DEBUG block.SCMBlockDeletingService (SCMBlockDeletingService.java:call(155)) - Scanned deleted blocks log and got 0 delTX to process.
2019-08-05 04:38:06,263 INFO  client.GrpcClientProtocolClient (GrpcClientProtocolClient.java:onNext(255)) - client-C12DAE7A5037->3f4de2de-7d09-498f-aead-42327df81d94: receive RaftClientReply:client-C12DAE7A5037->3f4de2de-7d09-498f-aead-42327df81d94@group-C7908E81CC6B, cid=2781, SUCCESS, logIndex=4009, commits[3f4de2de-7d09-498f-aead-42327df81d94:c4010]
2019-08-05 04:38:06,264 INFO  client.GrpcClientProtocolClient (GrpcClientProtocolClient.java:onNext(255)) - client-C12DAE7A5037->3f4de2de-7d09-498f-aead-42327df81d94: receive RaftClientReply:client-C12DAE7A5037->3f4de2de-7d09-498f-aead-42327df81d94@group-C7908E81CC6B, cid=2782, SUCCESS, logIndex=4010, commits[3f4de2de-7d09-498f-aead-42327df81d94:c4012]
2019-08-05 04:38:06,264 INFO  client.GrpcClientProtocolClient (GrpcClientProtocolClient.java:onNext(255)) - client-C12DAE7A5037->3f4de2de-7d09-498f-aead-42327df81d94: receive RaftClientReply:client-C12DAE7A5037->3f4de2de-7d09-498f-aead-42327df81d94@group-C7908E81CC6B, cid=2783, SUCCESS, logIndex=4011, commits[3f4de2de-7d09-498f-aead-42327df81d94:c4012]
2019-08-05 04:38:06,265 INFO  client.GrpcClientProtocolClient (GrpcClientProtocolClient.java:onNext(255)) - client-C12DAE7A5037->3f4de2de-7d09-498f-aead-42327df81d94: receive RaftClientReply:client-C12DAE7A5037->3f4de2de-7d09-498f-aead-42327df81d94@group-C7908E81CC6B, cid=2784, SUCCESS, logIndex=4012, commits[3f4de2de-7d09-498f-aead-42327df81d94:c4013]
2019-08-05 04:38:06,361 DEBUG block.SCMBlockDeletingService (SCMBlockDeletingService.java:call(138)) - Running DeletedBlockTransactionScanner
2019-08-05 04:38:06,362 DEBUG block.SCMBlockDeletingService (SCMBlockDeletingService.java:call(155)) - Scanned deleted blocks log and got 0 delTX to process.
2019-08-05 04:38:06,410 INFO  client.GrpcClientProtocolClient (GrpcClientProtocolClient.java:onNext(255)) - client-C12DAE7A5037->3f4de2de-7d09-498f-aead-42327df81d94: receive RaftClientReply:client-C12DAE7A5037->3f4de2de-7d09-498f-aead-42327df81d94@group-C7908E81CC6B, cid=2785, SUCCESS, logIndex=4015, commits[3f4de2de-7d09-498f-aead-42327df81d94:c4018]
2019-08-05 04:38:06,410 INFO  client.GrpcClientProtocolClient (GrpcClientProtocolClient.java:onNext(255)) - client-C12DAE7A5037->3f4de2de-7d09-498f-aead-42327df81d94: receive RaftClientReply:client-C12DAE7A5037->3f4de2de-7d09-498f-aead-42327df81d94@group-C7908E81CC6B, cid=2786, SUCCESS, logIndex=4016, commits[3f4de2de-7d09-498f-aead-42327df81d94:c4019]
2019-08-05 04:38:06,411 INFO  client.GrpcClientProtocolClient (GrpcClientProtocolClient.java:onNext(255)) - client-C12DAE7A5037->3f4de2de-7d09-498f-aead-42327df81d94: receive RaftClientReply:client-C12DAE7A5037->3f4de2de-7d09-498f-aead-42327df81d94@group-C7908E81CC6B, cid=2787, SUCCESS, logIndex=4017, commits[3f4de2de-7d09-498f-aead-42327df81d94:c4019]
2019-08-05 04:38:06,411 INFO  client.GrpcClientProtocolClient (GrpcClientProtocolClient.java:onNext(255)) - client-C12DAE7A5037->3f4de2de-7d09-498f-aead-42327df81d94: receive RaftClientReply:client-C12DAE7A5037->3f4de2de-7d09-498f-aead-42327df81d94@group-C7908E81CC6B, cid=2788, SUCCESS, logIndex=4018, commits[3f4de2de-7d09-498f-aead-42327df81d94:c4019]
2019-08-05 04:38:06,430 INFO  client.GrpcClientProtocolClient (GrpcClientProtocolClient.java:onNext(255)) - client-C12DAE7A5037->3f4de2de-7d09-498f-aead-42327df81d94: receive RaftClientReply:client-C12DAE7A5037->3f4de2de-7d09-498f-aead-42327df81d94@group-C7908E81CC6B, cid=2789, SUCCESS, logIndex=4020, commits[3f4de2de-7d09-498f-aead-42327df81d94:c4021]
2019-08-05 04:38:06,430 INFO  client.GrpcClientProtocolClient (GrpcClientProtocolClient.java:onNext(255)) - client-C12DAE7A5037->3f4de2de-7d09-498f-aead-42327df81d94: receive RaftClientReply:client-C12DAE7A5037->3f4de2de-7d09-498f-aead-42327df81d94@group-C7908E81CC6B, cid=2790, SUCCESS, logIndex=4021, commits[3f4de2de-7d09-498f-aead-42327df81d94:c4023]
2019-08-05 04:38:06,431 INFO  client.GrpcClientProtocolClient (GrpcClientProtocolClient.java:onNext(255)) - client-C12DAE7A5037->3f4de2de-7d09-498f-aead-42327df81d94: receive RaftClientReply:client-C12DAE7A5037->3f4de2de-7d09-498f-aead-42327df81d94@group-C7908E81CC6B, cid=2791, SUCCESS, logIndex=4022, commits[3f4de2de-7d09-498f-aead-42327df81d94:c4024]
2019-08-05 04:38:06,431 INFO  client.GrpcClientProtocolClient (GrpcClientProtocolClient.java:onNext(255)) - client-C12DAE7A5037->3f4de2de-7d09-498f-aead-42327df81d94: receive RaftClientReply:client-C12DAE7A5037->3f4de2de-7d09-498f-aead-42327df81d94@group-C7908E81CC6B, cid=2792, SUCCESS, logIndex=4023, commits[3f4de2de-7d09-498f-aead-42327df81d94:c4024]
2019-08-05 04:38:06,460 INFO  client.GrpcClientProtocolClient (GrpcClientProtocolClient.java:onNext(255)) - client-C12DAE7A5037->3f4de2de-7d09-498f-aead-42327df81d94: receive RaftClientReply:client-C12DAE7A5037->3f4de2de-7d09-498f-aead-42327df81d94@group-C7908E81CC6B, cid=2793, SUCCESS, logIndex=4026, commits[3f4de2de-7d09-498f-aead-42327df81d94:c4027]
2019-08-05 04:38:06,461 INFO  client.GrpcClientProtocolClient (GrpcClientProtocolClient.java:onNext(255)) - client-C12DAE7A5037->3f4de2de-7d09-498f-aead-42327df81d94: receive RaftClientReply:client-C12DAE7A5037->3f4de2de-7d09-498f-aead-42327df81d94@group-C7908E81CC6B, cid=2794, SUCCESS, logIndex=4027, commits[3f4de2de-7d09-498f-aead-42327df81d94:c4029]
2019-08-05 04:38:06,461 INFO  client.GrpcClientProtocolClient (GrpcClientProtocolClient.java:onNext(255)) - client-C12DAE7A5037->3f4de2de-7d09-498f-aead-42327df81d94: receive RaftClientReply:client-C12DAE7A5037->3f4de2de-7d09-498f-aead-42327df81d94@group-C7908E81CC6B, cid=2795, SUCCESS, logIndex=4028, commits[3f4de2de-7d09-498f-aead-42327df81d94:c4030]
2019-08-05 04:38:06,461 INFO  client.GrpcClientProtocolClient (GrpcClientProtocolClient.java:onNext(255)) - client-C12DAE7A5037->3f4de2de-7d09-498f-aead-42327df81d94: receive RaftClientReply:client-C12DAE7A5037->3f4de2de-7d09-498f-aead-42327df81d94@group-C7908E81CC6B, cid=2796, SUCCESS, logIndex=4029, commits[3f4de2de-7d09-498f-aead-42327df81d94:c4030]
2019-08-05 04:38:06,462 DEBUG block.SCMBlockDeletingService (SCMBlockDeletingService.java:call(138)) - Running DeletedBlockTransactionScanner
2019-08-05 04:38:06,462 DEBUG block.SCMBlockDeletingService (SCMBlockDeletingService.java:call(155)) - Scanned deleted blocks log and got 0 delTX to process.
2019-08-05 04:38:06,481 INFO  client.GrpcClientProtocolClient (GrpcClientProtocolClient.java:onNext(255)) - client-C12DAE7A5037->3f4de2de-7d09-498f-aead-42327df81d94: receive RaftClientReply:client-C12DAE7A5037->3f4de2de-7d09-498f-aead-42327df81d94@group-C7908E81CC6B, cid=2797, SUCCESS, logIndex=4032, commits[3f4de2de-7d09-498f-aead-42327df81d94:c4033]
2019-08-05 04:38:06,482 INFO  client.GrpcClientProtocolClient (GrpcClientProtocolClient.java:onNext(255)) - client-C12DAE7A5037->3f4de2de-7d09-498f-aead-42327df81d94: receive RaftClientReply:client-C12DAE7A5037->3f4de2de-7d09-498f-aead-42327df81d94@group-C7908E81CC6B, cid=2798, SUCCESS, logIndex=4033, commits[3f4de2de-7d09-498f-aead-42327df81d94:c4033]
2019-08-05 04:38:06,483 INFO  client.GrpcClientProtocolClient (GrpcClientProtocolClient.java:onNext(255)) - client-C12DAE7A5037->3f4de2de-7d09-498f-aead-42327df81d94: receive RaftClientReply:client-C12DAE7A5037->3f4de2de-7d09-498f-aead-42327df81d94@group-C7908E81CC6B, cid=2799, SUCCESS, logIndex=4034, commits[3f4de2de-7d09-498f-aead-42327df81d94:c4035]
2019-08-05 04:38:06,484 INFO  client.GrpcClientProtocolClient (GrpcClientProtocolClient.java:onNext(255)) - client-C12DAE7A5037->3f4de2de-7d09-498f-aead-42327df81d94: receive RaftClientReply:client-C12DAE7A5037->3f4de2de-7d09-498f-aead-42327df81d94@group-C7908E81CC6B, cid=2800, SUCCESS, logIndex=4035, commits[3f4de2de-7d09-498f-aead-42327df81d94:c4035]
2019-08-05 04:38:06,515 INFO  client.GrpcClientProtocolClient (GrpcClientProtocolClient.java:onNext(255)) - client-C12DAE7A5037->3f4de2de-7d09-498f-aead-42327df81d94: receive RaftClientReply:client-C12DAE7A5037->3f4de2de-7d09-498f-aead-42327df81d94@group-C7908E81CC6B, cid=2801, SUCCESS, logIndex=4038, commits[3f4de2de-7d09-498f-aead-42327df81d94:c4039]
2019-08-05 04:38:06,515 INFO  client.GrpcClientProtocolClient (GrpcClientProtocolClient.java:onNext(255)) - client-C12DAE7A5037->3f4de2de-7d09-498f-aead-42327df81d94: receive RaftClientReply:client-C12DAE7A5037->3f4de2de-7d09-498f-aead-42327df81d94@group-C7908E81CC6B, cid=2802, SUCCESS, logIndex=4039, commits[3f4de2de-7d09-498f-aead-42327df81d94:c4039]
2019-08-05 04:38:06,528 INFO  client.GrpcClientProtocolClient (GrpcClientProtocolClient.java:onNext(255)) - client-C12DAE7A5037->3f4de2de-7d09-498f-aead-42327df81d94: receive RaftClientReply:client-C12DAE7A5037->3f4de2de-7d09-498f-aead-42327df81d94@group-C7908E81CC6B, cid=2803, SUCCESS, logIndex=4040, commits[3f4de2de-7d09-498f-aead-42327df81d94:c4042]
2019-08-05 04:38:06,528 INFO  client.GrpcClientProtocolClient (GrpcClientProtocolClient.java:onNext(255)) - client-C12DAE7A5037->3f4de2de-7d09-498f-aead-42327df81d94: receive RaftClientReply:client-C12DAE7A5037->3f4de2de-7d09-498f-aead-42327df81d94@group-C7908E81CC6B, cid=2804, SUCCESS, logIndex=4041, commits[3f4de2de-7d09-498f-aead-42327df81d94:c4042]
2019-08-05 04:38:06,548 INFO  client.GrpcClientProtocolClient (GrpcClientProtocolClient.java:onNext(255)) - client-C12DAE7A5037->3f4de2de-7d09-498f-aead-42327df81d94: receive RaftClientReply:client-C12DAE7A5037->3f4de2de-7d09-498f-aead-42327df81d94@group-C7908E81CC6B, cid=2805, SUCCESS, logIndex=4043, commits[3f4de2de-7d09-498f-aead-42327df81d94:c4044]
2019-08-05 04:38:06,549 INFO  client.GrpcClientProtocolClient (GrpcClientProtocolClient.java:onNext(255)) - client-C12DAE7A5037->3f4de2de-7d09-498f-aead-42327df81d94: receive RaftClientReply:client-C12DAE7A5037->3f4de2de-7d09-498f-aead-42327df81d94@group-C7908E81CC6B, cid=2806, SUCCESS, logIndex=4044, commits[3f4de2de-7d09-498f-aead-42327df81d94:c4044]
2019-08-05 04:38:06,549 INFO  client.GrpcClientProtocolClient (GrpcClientProtocolClient.java:onNext(255)) - client-C12DAE7A5037->3f4de2de-7d09-498f-aead-42327df81d94: receive RaftClientReply:client-C12DAE7A5037->3f4de2de-7d09-498f-aead-42327df81d94@group-C7908E81CC6B, cid=2807, SUCCESS, logIndex=4045, commits[3f4de2de-7d09-498f-aead-42327df81d94:c4046]
2019-08-05 04:38:06,549 INFO  client.GrpcClientProtocolClient (GrpcClientProtocolClient.java:onNext(255)) - client-C12DAE7A5037->3f4de2de-7d09-498f-aead-42327df81d94: receive RaftClientReply:client-C12DAE7A5037->3f4de2de-7d09-498f-aead-42327df81d94@group-C7908E81CC6B, cid=2808, SUCCESS, logIndex=4046, commits[3f4de2de-7d09-498f-aead-42327df81d94:c4047]
2019-08-05 04:38:06,563 DEBUG block.SCMBlockDeletingService (SCMBlockDeletingService.java:call(138)) - Running DeletedBlockTransactionScanner
2019-08-05 04:38:06,563 DEBUG block.SCMBlockDeletingService (SCMBlockDeletingService.java:call(155)) - Scanned deleted blocks log and got 0 delTX to process.
2019-08-05 04:38:06,580 INFO  client.GrpcClientProtocolClient (GrpcClientProtocolClient.java:onNext(255)) - client-C12DAE7A5037->3f4de2de-7d09-498f-aead-42327df81d94: receive RaftClientReply:client-C12DAE7A5037->3f4de2de-7d09-498f-aead-42327df81d94@group-C7908E81CC6B, cid=2809, SUCCESS, logIndex=4049, commits[3f4de2de-7d09-498f-aead-42327df81d94:c4050]
2019-08-05 04:38:06,580 INFO  client.GrpcClientProtocolClient (GrpcClientProtocolClient.java:onNext(255)) - client-C12DAE7A5037->3f4de2de-7d09-498f-aead-42327df81d94: receive RaftClientReply:client-C12DAE7A5037->3f4de2de-7d09-498f-aead-42327df81d94@group-C7908E81CC6B, cid=2810, SUCCESS, logIndex=4050, commits[3f4de2de-7d09-498f-aead-42327df81d94:c4050]
2019-08-05 04:38:06,582 INFO  client.GrpcClientProtocolClient (GrpcClientProtocolClient.java:onNext(255)) - client-C12DAE7A5037->3f4de2de-7d09-498f-aead-42327df81d94: receive RaftClientReply:client-C12DAE7A5037->3f4de2de-7d09-498f-aead-42327df81d94@group-C7908E81CC6B, cid=2811, SUCCESS, logIndex=4051, commits[3f4de2de-7d09-498f-aead-42327df81d94:c4052]
2019-08-05 04:38:06,582 INFO  client.GrpcClientProtocolClient (GrpcClientProtocolClient.java:onNext(255)) - client-C12DAE7A5037->3f4de2de-7d09-498f-aead-42327df81d94: receive RaftClientReply:client-C12DAE7A5037->3f4de2de-7d09-498f-aead-42327df81d94@group-C7908E81CC6B, cid=2812, SUCCESS, logIndex=4052, commits[3f4de2de-7d09-498f-aead-42327df81d94:c4052]
2019-08-05 04:38:06,604 INFO  client.GrpcClientProtocolClient (GrpcClientProtocolClient.java:onNext(255)) - client-C12DAE7A5037->3f4de2de-7d09-498f-aead-42327df81d94: receive RaftClientReply:client-C12DAE7A5037->3f4de2de-7d09-498f-aead-42327df81d94@group-C7908E81CC6B, cid=2813, SUCCESS, logIndex=4055, commits[3f4de2de-7d09-498f-aead-42327df81d94:c4058]
2019-08-05 04:38:06,605 INFO  client.GrpcClientProtocolClient (GrpcClientProtocolClient.java:onNext(255)) - client-C12DAE7A5037->3f4de2de-7d09-498f-aead-42327df81d94: receive RaftClientReply:client-C12DAE7A5037->3f4de2de-7d09-498f-aead-42327df81d94@group-C7908E81CC6B, cid=2814, SUCCESS, logIndex=4056, commits[3f4de2de-7d09-498f-aead-42327df81d94:c4059]
2019-08-05 04:38:06,605 INFO  client.GrpcClientProtocolClient (GrpcClientProtocolClient.java:onNext(255)) - client-C12DAE7A5037->3f4de2de-7d09-498f-aead-42327df81d94: receive RaftClientReply:client-C12DAE7A5037->3f4de2de-7d09-498f-aead-42327df81d94@group-C7908E81CC6B, cid=2815, SUCCESS, logIndex=4057, commits[3f4de2de-7d09-498f-aead-42327df81d94:c4059]
2019-08-05 04:38:06,605 INFO  client.GrpcClientProtocolClient (GrpcClientProtocolClient.java:onNext(255)) - client-C12DAE7A5037->3f4de2de-7d09-498f-aead-42327df81d94: receive RaftClientReply:client-C12DAE7A5037->3f4de2de-7d09-498f-aead-42327df81d94@group-C7908E81CC6B, cid=2816, SUCCESS, logIndex=4058, commits[3f4de2de-7d09-498f-aead-42327df81d94:c4059]
2019-08-05 04:38:06,634 INFO  client.GrpcClientProtocolClient (GrpcClientProtocolClient.java:onNext(255)) - client-C12DAE7A5037->3f4de2de-7d09-498f-aead-42327df81d94: receive RaftClientReply:client-C12DAE7A5037->3f4de2de-7d09-498f-aead-42327df81d94@group-C7908E81CC6B, cid=2817, SUCCESS, logIndex=4060, commits[3f4de2de-7d09-498f-aead-42327df81d94:c4061]
2019-08-05 04:38:06,634 INFO  client.GrpcClientProtocolClient (GrpcClientProtocolClient.java:onNext(255)) - client-C12DAE7A5037->3f4de2de-7d09-498f-aead-42327df81d94: receive RaftClientReply:client-C12DAE7A5037->3f4de2de-7d09-498f-aead-42327df81d94@group-C7908E81CC6B, cid=2818, SUCCESS, logIndex=4061, commits[3f4de2de-7d09-498f-aead-42327df81d94:c4063]
2019-08-05 04:38:06,635 INFO  client.GrpcClientProtocolClient (GrpcClientProtocolClient.java:onNext(255)) - client-C12DAE7A5037->3f4de2de-7d09-498f-aead-42327df81d94: receive RaftClientReply:client-C12DAE7A5037->3f4de2de-7d09-498f-aead-42327df81d94@group-C7908E81CC6B, cid=2819, SUCCESS, logIndex=4062, commits[3f4de2de-7d09-498f-aead-42327df81d94:c4064]
2019-08-05 04:38:06,635 INFO  client.GrpcClientProtocolClient (GrpcClientProtocolClient.java:onNext(255)) - client-C12DAE7A5037->3f4de2de-7d09-498f-aead-42327df81d94: receive RaftClientReply:client-C12DAE7A5037->3f4de2de-7d09-498f-aead-42327df81d94@group-C7908E81CC6B, cid=2820, SUCCESS, logIndex=4063, commits[3f4de2de-7d09-498f-aead-42327df81d94:c4065]
2019-08-05 04:38:06,653 INFO  client.GrpcClientProtocolClient (GrpcClientProtocolClient.java:onNext(255)) - client-C12DAE7A5037->3f4de2de-7d09-498f-aead-42327df81d94: receive RaftClientReply:client-C12DAE7A5037->3f4de2de-7d09-498f-aead-42327df81d94@group-C7908E81CC6B, cid=2821, SUCCESS, logIndex=4066, commits[3f4de2de-7d09-498f-aead-42327df81d94:c4067]
2019-08-05 04:38:06,653 INFO  client.GrpcClientProtocolClient (GrpcClientProtocolClient.java:onNext(255)) - client-C12DAE7A5037->3f4de2de-7d09-498f-aead-42327df81d94: receive RaftClientReply:client-C12DAE7A5037->3f4de2de-7d09-498f-aead-42327df81d94@group-C7908E81CC6B, cid=2822, SUCCESS, logIndex=4067, commits[3f4de2de-7d09-498f-aead-42327df81d94:c4069]
2019-08-05 04:38:06,654 INFO  client.GrpcClientProtocolClient (GrpcClientProtocolClient.java:onNext(255)) - client-C12DAE7A5037->3f4de2de-7d09-498f-aead-42327df81d94: receive RaftClientReply:client-C12DAE7A5037->3f4de2de-7d09-498f-aead-42327df81d94@group-C7908E81CC6B, cid=2823, SUCCESS, logIndex=4068, commits[3f4de2de-7d09-498f-aead-42327df81d94:c4069]
2019-08-05 04:38:06,654 INFO  client.GrpcClientProtocolClient (GrpcClientProtocolClient.java:onNext(255)) - client-C12DAE7A5037->3f4de2de-7d09-498f-aead-42327df81d94: receive RaftClientReply:client-C12DAE7A5037->3f4de2de-7d09-498f-aead-42327df81d94@group-C7908E81CC6B, cid=2824, SUCCESS, logIndex=4069, commits[3f4de2de-7d09-498f-aead-42327df81d94:c4070]
2019-08-05 04:38:06,663 DEBUG block.SCMBlockDeletingService (SCMBlockDeletingService.java:call(138)) - Running DeletedBlockTransactionScanner
2019-08-05 04:38:06,663 DEBUG block.SCMBlockDeletingService (SCMBlockDeletingService.java:call(155)) - Scanned deleted blocks log and got 0 delTX to process.
2019-08-05 04:38:06,682 INFO  client.GrpcClientProtocolClient (GrpcClientProtocolClient.java:onNext(255)) - client-C12DAE7A5037->3f4de2de-7d09-498f-aead-42327df81d94: receive RaftClientReply:client-C12DAE7A5037->3f4de2de-7d09-498f-aead-42327df81d94@group-C7908E81CC6B, cid=2825, SUCCESS, logIndex=4072, commits[3f4de2de-7d09-498f-aead-42327df81d94:c4075]
2019-08-05 04:38:06,683 INFO  client.GrpcClientProtocolClient (GrpcClientProtocolClient.java:onNext(255)) - client-C12DAE7A5037->3f4de2de-7d09-498f-aead-42327df81d94: receive RaftClientReply:client-C12DAE7A5037->3f4de2de-7d09-498f-aead-42327df81d94@group-C7908E81CC6B, cid=2826, SUCCESS, logIndex=4073, commits[3f4de2de-7d09-498f-aead-42327df81d94:c4076]
2019-08-05 04:38:06,683 INFO  client.GrpcClientProtocolClient (GrpcClientProtocolClient.java:onNext(255)) - client-C12DAE7A5037->3f4de2de-7d09-498f-aead-42327df81d94: receive RaftClientReply:client-C12DAE7A5037->3f4de2de-7d09-498f-aead-42327df81d94@group-C7908E81CC6B, cid=2827, SUCCESS, logIndex=4074, commits[3f4de2de-7d09-498f-aead-42327df81d94:c4076]
2019-08-05 04:38:06,683 INFO  client.GrpcClientProtocolClient (GrpcClientProtocolClient.java:onNext(255)) - client-C12DAE7A5037->3f4de2de-7d09-498f-aead-42327df81d94: receive RaftClientReply:client-C12DAE7A5037->3f4de2de-7d09-498f-aead-42327df81d94@group-C7908E81CC6B, cid=2828, SUCCESS, logIndex=4075, commits[3f4de2de-7d09-498f-aead-42327df81d94:c4076]
2019-08-05 04:38:06,764 DEBUG block.SCMBlockDeletingService (SCMBlockDeletingService.java:call(138)) - Running DeletedBlockTransactionScanner
2019-08-05 04:38:06,764 DEBUG block.SCMBlockDeletingService (SCMBlockDeletingService.java:call(155)) - Scanned deleted blocks log and got 0 delTX to process.
2019-08-05 04:38:06,864 DEBUG block.SCMBlockDeletingService (SCMBlockDeletingService.java:call(138)) - Running DeletedBlockTransactionScanner
2019-08-05 04:38:06,865 DEBUG block.SCMBlockDeletingService (SCMBlockDeletingService.java:call(155)) - Scanned deleted blocks log and got 0 delTX to process.
2019-08-05 04:38:06,879 INFO  client.GrpcClientProtocolClient (GrpcClientProtocolClient.java:onNext(255)) - client-C12DAE7A5037->3f4de2de-7d09-498f-aead-42327df81d94: receive RaftClientReply:client-C12DAE7A5037->3f4de2de-7d09-498f-aead-42327df81d94@group-C7908E81CC6B, cid=2829, SUCCESS, logIndex=4077, commits[3f4de2de-7d09-498f-aead-42327df81d94:c4080]
2019-08-05 04:38:06,879 INFO  client.GrpcClientProtocolClient (GrpcClientProtocolClient.java:onNext(255)) - client-C12DAE7A5037->3f4de2de-7d09-498f-aead-42327df81d94: receive RaftClientReply:client-C12DAE7A5037->3f4de2de-7d09-498f-aead-42327df81d94@group-C7908E81CC6B, cid=2830, SUCCESS, logIndex=4078, commits[3f4de2de-7d09-498f-aead-42327df81d94:c4081]
2019-08-05 04:38:06,880 INFO  client.GrpcClientProtocolClient (GrpcClientProtocolClient.java:onNext(255)) - client-C12DAE7A5037->3f4de2de-7d09-498f-aead-42327df81d94: receive RaftClientReply:client-C12DAE7A5037->3f4de2de-7d09-498f-aead-42327df81d94@group-C7908E81CC6B, cid=2831, SUCCESS, logIndex=4079, commits[3f4de2de-7d09-498f-aead-42327df81d94:c4081]
2019-08-05 04:38:06,880 INFO  client.GrpcClientProtocolClient (GrpcClientProtocolClient.java:onNext(255)) - client-C12DAE7A5037->3f4de2de-7d09-498f-aead-42327df81d94: receive RaftClientReply:client-C12DAE7A5037->3f4de2de-7d09-498f-aead-42327df81d94@group-C7908E81CC6B, cid=2832, SUCCESS, logIndex=4080, commits[3f4de2de-7d09-498f-aead-42327df81d94:c4081]
2019-08-05 04:38:06,918 INFO  client.GrpcClientProtocolClient (GrpcClientProtocolClient.java:onNext(255)) - client-C12DAE7A5037->3f4de2de-7d09-498f-aead-42327df81d94: receive RaftClientReply:client-C12DAE7A5037->3f4de2de-7d09-498f-aead-42327df81d94@group-C7908E81CC6B, cid=2833, SUCCESS, logIndex=4082, commits[3f4de2de-7d09-498f-aead-42327df81d94:c4083]
2019-08-05 04:38:06,919 INFO  client.GrpcClientProtocolClient (GrpcClientProtocolClient.java:onNext(255)) - client-C12DAE7A5037->3f4de2de-7d09-498f-aead-42327df81d94: receive RaftClientReply:client-C12DAE7A5037->3f4de2de-7d09-498f-aead-42327df81d94@group-C7908E81CC6B, cid=2834, SUCCESS, logIndex=4083, commits[3f4de2de-7d09-498f-aead-42327df81d94:c4085]
2019-08-05 04:38:06,919 INFO  client.GrpcClientProtocolClient (GrpcClientProtocolClient.java:onNext(255)) - client-C12DAE7A5037->3f4de2de-7d09-498f-aead-42327df81d94: receive RaftClientReply:client-C12DAE7A5037->3f4de2de-7d09-498f-aead-42327df81d94@group-C7908E81CC6B, cid=2835, SUCCESS, logIndex=4084, commits[3f4de2de-7d09-498f-aead-42327df81d94:c4085]
2019-08-05 04:38:06,919 INFO  client.GrpcClientProtocolClient (GrpcClientProtocolClient.java:onNext(255)) - client-C12DAE7A5037->3f4de2de-7d09-498f-aead-42327df81d94: receive RaftClientReply:client-C12DAE7A5037->3f4de2de-7d09-498f-aead-42327df81d94@group-C7908E81CC6B, cid=2836, SUCCESS, logIndex=4085, commits[3f4de2de-7d09-498f-aead-42327df81d94:c4086]
2019-08-05 04:38:06,938 INFO  client.GrpcClientProtocolClient (GrpcClientProtocolClient.java:onNext(255)) - client-C12DAE7A5037->3f4de2de-7d09-498f-aead-42327df81d94: receive RaftClientReply:client-C12DAE7A5037->3f4de2de-7d09-498f-aead-42327df81d94@group-C7908E81CC6B, cid=2837, SUCCESS, logIndex=4088, commits[3f4de2de-7d09-498f-aead-42327df81d94:c4089]
2019-08-05 04:38:06,939 INFO  client.GrpcClientProtocolClient (GrpcClientProtocolClient.java:onNext(255)) - client-C12DAE7A5037->3f4de2de-7d09-498f-aead-42327df81d94: receive RaftClientReply:client-C12DAE7A5037->3f4de2de-7d09-498f-aead-42327df81d94@group-C7908E81CC6B, cid=2838, SUCCESS, logIndex=4089, commits[3f4de2de-7d09-498f-aead-42327df81d94:c4089]
2019-08-05 04:38:06,940 INFO  client.GrpcClientProtocolClient (GrpcClientProtocolClient.java:onNext(255)) - client-C12DAE7A5037->3f4de2de-7d09-498f-aead-42327df81d94: receive RaftClientReply:client-C12DAE7A5037->3f4de2de-7d09-498f-aead-42327df81d94@group-C7908E81CC6B, cid=2839, SUCCESS, logIndex=4090, commits[3f4de2de-7d09-498f-aead-42327df81d94:c4091]
2019-08-05 04:38:06,940 INFO  client.GrpcClientProtocolClient (GrpcClientProtocolClient.java:onNext(255)) - client-C12DAE7A5037->3f4de2de-7d09-498f-aead-42327df81d94: receive RaftClientReply:client-C12DAE7A5037->3f4de2de-7d09-498f-aead-42327df81d94@group-C7908E81CC6B, cid=2840, SUCCESS, logIndex=4091, commits[3f4de2de-7d09-498f-aead-42327df81d94:c4091]
2019-08-05 04:38:06,965 DEBUG block.SCMBlockDeletingService (SCMBlockDeletingService.java:call(138)) - Running DeletedBlockTransactionScanner
2019-08-05 04:38:06,965 DEBUG block.SCMBlockDeletingService (SCMBlockDeletingService.java:call(155)) - Scanned deleted blocks log and got 0 delTX to process.
2019-08-05 04:38:06,971 INFO  client.GrpcClientProtocolClient (GrpcClientProtocolClient.java:onNext(255)) - client-C12DAE7A5037->3f4de2de-7d09-498f-aead-42327df81d94: receive RaftClientReply:client-C12DAE7A5037->3f4de2de-7d09-498f-aead-42327df81d94@group-C7908E81CC6B, cid=2841, SUCCESS, logIndex=4094, commits[3f4de2de-7d09-498f-aead-42327df81d94:c4095]
2019-08-05 04:38:06,972 INFO  client.GrpcClientProtocolClient (GrpcClientProtocolClient.java:onNext(255)) - client-C12DAE7A5037->3f4de2de-7d09-498f-aead-42327df81d94: receive RaftClientReply:client-C12DAE7A5037->3f4de2de-7d09-498f-aead-42327df81d94@group-C7908E81CC6B, cid=2842, SUCCESS, logIndex=4095, commits[3f4de2de-7d09-498f-aead-42327df81d94:c4097]
2019-08-05 04:38:06,973 INFO  client.GrpcClientProtocolClient (GrpcClientProtocolClient.java:onNext(255)) - client-C12DAE7A5037->3f4de2de-7d09-498f-aead-42327df81d94: receive RaftClientReply:client-C12DAE7A5037->3f4de2de-7d09-498f-aead-42327df81d94@group-C7908E81CC6B, cid=2843, SUCCESS, logIndex=4096, commits[3f4de2de-7d09-498f-aead-42327df81d94:c4097]
2019-08-05 04:38:06,973 INFO  client.GrpcClientProtocolClient (GrpcClientProtocolClient.java:onNext(255)) - client-C12DAE7A5037->3f4de2de-7d09-498f-aead-42327df81d94: receive RaftClientReply:client-C12DAE7A5037->3f4de2de-7d09-498f-aead-42327df81d94@group-C7908E81CC6B, cid=2844, SUCCESS, logIndex=4097, commits[3f4de2de-7d09-498f-aead-42327df81d94:c4097]
2019-08-05 04:38:06,991 INFO  client.GrpcClientProtocolClient (GrpcClientProtocolClient.java:onNext(255)) - client-C12DAE7A5037->3f4de2de-7d09-498f-aead-42327df81d94: receive RaftClientReply:client-C12DAE7A5037->3f4de2de-7d09-498f-aead-42327df81d94@group-C7908E81CC6B, cid=2845, SUCCESS, logIndex=4100, commits[3f4de2de-7d09-498f-aead-42327df81d94:c4101]
2019-08-05 04:38:06,992 INFO  client.GrpcClientProtocolClient (GrpcClientProtocolClient.java:onNext(255)) - client-C12DAE7A5037->3f4de2de-7d09-498f-aead-42327df81d94: receive RaftClientReply:client-C12DAE7A5037->3f4de2de-7d09-498f-aead-42327df81d94@group-C7908E81CC6B, cid=2846, SUCCESS, logIndex=4101, commits[3f4de2de-7d09-498f-aead-42327df81d94:c4103]
2019-08-05 04:38:06,992 INFO  client.GrpcClientProtocolClient (GrpcClientProtocolClient.java:onNext(255)) - client-C12DAE7A5037->3f4de2de-7d09-498f-aead-42327df81d94: receive RaftClientReply:client-C12DAE7A5037->3f4de2de-7d09-498f-aead-42327df81d94@group-C7908E81CC6B, cid=2847, SUCCESS, logIndex=4102, commits[3f4de2de-7d09-498f-aead-42327df81d94:c4103]
2019-08-05 04:38:06,992 INFO  client.GrpcClientProtocolClient (GrpcClientProtocolClient.java:onNext(255)) - client-C12DAE7A5037->3f4de2de-7d09-498f-aead-42327df81d94: receive RaftClientReply:client-C12DAE7A5037->3f4de2de-7d09-498f-aead-42327df81d94@group-C7908E81CC6B, cid=2848, SUCCESS, logIndex=4103, commits[3f4de2de-7d09-498f-aead-42327df81d94:c4104]
2019-08-05 04:38:07,020 INFO  client.GrpcClientProtocolClient (GrpcClientProtocolClient.java:onNext(255)) - client-C12DAE7A5037->3f4de2de-7d09-498f-aead-42327df81d94: receive RaftClientReply:client-C12DAE7A5037->3f4de2de-7d09-498f-aead-42327df81d94@group-C7908E81CC6B, cid=2849, SUCCESS, logIndex=4106, commits[3f4de2de-7d09-498f-aead-42327df81d94:c4109]
2019-08-05 04:38:07,021 INFO  client.GrpcClientProtocolClient (GrpcClientProtocolClient.java:onNext(255)) - client-C12DAE7A5037->3f4de2de-7d09-498f-aead-42327df81d94: receive RaftClientReply:client-C12DAE7A5037->3f4de2de-7d09-498f-aead-42327df81d94@group-C7908E81CC6B, cid=2850, SUCCESS, logIndex=4107, commits[3f4de2de-7d09-498f-aead-42327df81d94:c4109]
2019-08-05 04:38:07,021 INFO  client.GrpcClientProtocolClient (GrpcClientProtocolClient.java:onNext(255)) - client-C12DAE7A5037->3f4de2de-7d09-498f-aead-42327df81d94: receive RaftClientReply:client-C12DAE7A5037->3f4de2de-7d09-498f-aead-42327df81d94@group-C7908E81CC6B, cid=2851, SUCCESS, logIndex=4108, commits[3f4de2de-7d09-498f-aead-42327df81d94:c4109]
2019-08-05 04:38:07,021 INFO  client.GrpcClientProtocolClient (GrpcClientProtocolClient.java:onNext(255)) - client-C12DAE7A5037->3f4de2de-7d09-498f-aead-42327df81d94: receive RaftClientReply:client-C12DAE7A5037->3f4de2de-7d09-498f-aead-42327df81d94@group-C7908E81CC6B, cid=2852, SUCCESS, logIndex=4109, commits[3f4de2de-7d09-498f-aead-42327df81d94:c4110]
2019-08-05 04:38:07,031 INFO  client.GrpcClientProtocolClient (GrpcClientProtocolClient.java:onNext(255)) - client-C12DAE7A5037->3f4de2de-7d09-498f-aead-42327df81d94: receive RaftClientReply:client-C12DAE7A5037->3f4de2de-7d09-498f-aead-42327df81d94@group-C7908E81CC6B, cid=2853, SUCCESS, logIndex=4112, commits[3f4de2de-7d09-498f-aead-42327df81d94:c4113]
2019-08-05 04:38:07,031 INFO  client.GrpcClientProtocolClient (GrpcClientProtocolClient.java:onNext(255)) - client-C12DAE7A5037->3f4de2de-7d09-498f-aead-42327df81d94: receive RaftClientReply:client-C12DAE7A5037->3f4de2de-7d09-498f-aead-42327df81d94@group-C7908E81CC6B, cid=2854, SUCCESS, logIndex=4113, commits[3f4de2de-7d09-498f-aead-42327df81d94:c4113]
2019-08-05 04:38:07,033 INFO  client.GrpcClientProtocolClient (GrpcClientProtocolClient.java:onNext(255)) - client-C12DAE7A5037->3f4de2de-7d09-498f-aead-42327df81d94: receive RaftClientReply:client-C12DAE7A5037->3f4de2de-7d09-498f-aead-42327df81d94@group-C7908E81CC6B, cid=2855, SUCCESS, logIndex=4114, commits[3f4de2de-7d09-498f-aead-42327df81d94:c4116]
2019-08-05 04:38:07,033 INFO  client.GrpcClientProtocolClient (GrpcClientProtocolClient.java:onNext(255)) - client-C12DAE7A5037->3f4de2de-7d09-498f-aead-42327df81d94: receive RaftClientReply:client-C12DAE7A5037->3f4de2de-7d09-498f-aead-42327df81d94@group-C7908E81CC6B, cid=2856, SUCCESS, logIndex=4115, commits[3f4de2de-7d09-498f-aead-42327df81d94:c4116]
2019-08-05 04:38:07,061 INFO  client.GrpcClientProtocolClient (GrpcClientProtocolClient.java:onNext(255)) - client-C12DAE7A5037->3f4de2de-7d09-498f-aead-42327df81d94: receive RaftClientReply:client-C12DAE7A5037->3f4de2de-7d09-498f-aead-42327df81d94@group-C7908E81CC6B, cid=2857, SUCCESS, logIndex=4117, commits[3f4de2de-7d09-498f-aead-42327df81d94:c4118]
2019-08-05 04:38:07,061 INFO  client.GrpcClientProtocolClient (GrpcClientProtocolClient.java:onNext(255)) - client-C12DAE7A5037->3f4de2de-7d09-498f-aead-42327df81d94: receive RaftClientReply:client-C12DAE7A5037->3f4de2de-7d09-498f-aead-42327df81d94@group-C7908E81CC6B, cid=2858, SUCCESS, logIndex=4118, commits[3f4de2de-7d09-498f-aead-42327df81d94:c4120]
2019-08-05 04:38:07,062 INFO  client.GrpcClientProtocolClient (GrpcClientProtocolClient.java:onNext(255)) - client-C12DAE7A5037->3f4de2de-7d09-498f-aead-42327df81d94: receive RaftClientReply:client-C12DAE7A5037->3f4de2de-7d09-498f-aead-42327df81d94@group-C7908E81CC6B, cid=2859, SUCCESS, logIndex=4119, commits[3f4de2de-7d09-498f-aead-42327df81d94:c4121]
2019-08-05 04:38:07,062 INFO  client.GrpcClientProtocolClient (GrpcClientProtocolClient.java:onNext(255)) - client-C12DAE7A5037->3f4de2de-7d09-498f-aead-42327df81d94: receive RaftClientReply:client-C12DAE7A5037->3f4de2de-7d09-498f-aead-42327df81d94@group-C7908E81CC6B, cid=2860, SUCCESS, logIndex=4120, commits[3f4de2de-7d09-498f-aead-42327df81d94:c4121]
2019-08-05 04:38:07,066 DEBUG block.SCMBlockDeletingService (SCMBlockDeletingService.java:call(138)) - Running DeletedBlockTransactionScanner
2019-08-05 04:38:07,066 DEBUG block.SCMBlockDeletingService (SCMBlockDeletingService.java:call(155)) - Scanned deleted blocks log and got 0 delTX to process.
2019-08-05 04:38:07,080 INFO  client.GrpcClientProtocolClient (GrpcClientProtocolClient.java:onNext(255)) - client-C12DAE7A5037->3f4de2de-7d09-498f-aead-42327df81d94: receive RaftClientReply:client-C12DAE7A5037->3f4de2de-7d09-498f-aead-42327df81d94@group-C7908E81CC6B, cid=2861, SUCCESS, logIndex=4123, commits[3f4de2de-7d09-498f-aead-42327df81d94:c4124]
2019-08-05 04:38:07,081 INFO  client.GrpcClientProtocolClient (GrpcClientProtocolClient.java:onNext(255)) - client-C12DAE7A5037->3f4de2de-7d09-498f-aead-42327df81d94: receive RaftClientReply:client-C12DAE7A5037->3f4de2de-7d09-498f-aead-42327df81d94@group-C7908E81CC6B, cid=2862, SUCCESS, logIndex=4124, commits[3f4de2de-7d09-498f-aead-42327df81d94:c4124]
2019-08-05 04:38:07,082 INFO  client.GrpcClientProtocolClient (GrpcClientProtocolClient.java:onNext(255)) - client-C12DAE7A5037->3f4de2de-7d09-498f-aead-42327df81d94: receive RaftClientReply:client-C12DAE7A5037->3f4de2de-7d09-498f-aead-42327df81d94@group-C7908E81CC6B, cid=2863, SUCCESS, logIndex=4125, commits[3f4de2de-7d09-498f-aead-42327df81d94:c4126]
2019-08-05 04:38:07,083 INFO  client.GrpcClientProtocolClient (GrpcClientProtocolClient.java:onNext(255)) - client-C12DAE7A5037->3f4de2de-7d09-498f-aead-42327df81d94: receive RaftClientReply:client-C12DAE7A5037->3f4de2de-7d09-498f-aead-42327df81d94@group-C7908E81CC6B, cid=2864, SUCCESS, logIndex=4126, commits[3f4de2de-7d09-498f-aead-42327df81d94:c4126]
2019-08-05 04:38:07,104 INFO  client.GrpcClientProtocolClient (GrpcClientProtocolClient.java:onNext(255)) - client-C12DAE7A5037->3f4de2de-7d09-498f-aead-42327df81d94: receive RaftClientReply:client-C12DAE7A5037->3f4de2de-7d09-498f-aead-42327df81d94@group-C7908E81CC6B, cid=2865, SUCCESS, logIndex=4129, commits[3f4de2de-7d09-498f-aead-42327df81d94:c4130]
2019-08-05 04:38:07,105 INFO  client.GrpcClientProtocolClient (GrpcClientProtocolClient.java:onNext(255)) - client-C12DAE7A5037->3f4de2de-7d09-498f-aead-42327df81d94: receive RaftClientReply:client-C12DAE7A5037->3f4de2de-7d09-498f-aead-42327df81d94@group-C7908E81CC6B, cid=2866, SUCCESS, logIndex=4130, commits[3f4de2de-7d09-498f-aead-42327df81d94:c4130]
2019-08-05 04:38:07,107 INFO  client.GrpcClientProtocolClient (GrpcClientProtocolClient.java:onNext(255)) - client-C12DAE7A5037->3f4de2de-7d09-498f-aead-42327df81d94: receive RaftClientReply:client-C12DAE7A5037->3f4de2de-7d09-498f-aead-42327df81d94@group-C7908E81CC6B, cid=2867, SUCCESS, logIndex=4131, commits[3f4de2de-7d09-498f-aead-42327df81d94:c4133]
2019-08-05 04:38:07,107 INFO  client.GrpcClientProtocolClient (GrpcClientProtocolClient.java:onNext(255)) - client-C12DAE7A5037->3f4de2de-7d09-498f-aead-42327df81d94: receive RaftClientReply:client-C12DAE7A5037->3f4de2de-7d09-498f-aead-42327df81d94@group-C7908E81CC6B, cid=2868, SUCCESS, logIndex=4133, commits[3f4de2de-7d09-498f-aead-42327df81d94:c4133]
2019-08-05 04:38:07,126 INFO  client.GrpcClientProtocolClient (GrpcClientProtocolClient.java:onNext(255)) - client-C12DAE7A5037->3f4de2de-7d09-498f-aead-42327df81d94: receive RaftClientReply:client-C12DAE7A5037->3f4de2de-7d09-498f-aead-42327df81d94@group-C7908E81CC6B, cid=2869, SUCCESS, logIndex=4135, commits[3f4de2de-7d09-498f-aead-42327df81d94:c4136]
2019-08-05 04:38:07,127 INFO  client.GrpcClientProtocolClient (GrpcClientProtocolClient.java:onNext(255)) - client-C12DAE7A5037->3f4de2de-7d09-498f-aead-42327df81d94: receive RaftClientReply:client-C12DAE7A5037->3f4de2de-7d09-498f-aead-42327df81d94@group-C7908E81CC6B, cid=2870, SUCCESS, logIndex=4136, commits[3f4de2de-7d09-498f-aead-42327df81d94:c4138]
2019-08-05 04:38:07,127 INFO  client.GrpcClientProtocolClient (GrpcClientProtocolClient.java:onNext(255)) - client-C12DAE7A5037->3f4de2de-7d09-498f-aead-42327df81d94: receive RaftClientReply:client-C12DAE7A5037->3f4de2de-7d09-498f-aead-42327df81d94@group-C7908E81CC6B, cid=2871, SUCCESS, logIndex=4137, commits[3f4de2de-7d09-498f-aead-42327df81d94:c4138]
2019-08-05 04:38:07,128 INFO  client.GrpcClientProtocolClient (GrpcClientProtocolClient.java:onNext(255)) - client-C12DAE7A5037->3f4de2de-7d09-498f-aead-42327df81d94: receive RaftClientReply:client-C12DAE7A5037->3f4de2de-7d09-498f-aead-42327df81d94@group-C7908E81CC6B, cid=2872, SUCCESS, logIndex=4138, commits[3f4de2de-7d09-498f-aead-42327df81d94:c4138]
2019-08-05 04:38:07,166 DEBUG block.SCMBlockDeletingService (SCMBlockDeletingService.java:call(138)) - Running DeletedBlockTransactionScanner
2019-08-05 04:38:07,167 DEBUG block.SCMBlockDeletingService (SCMBlockDeletingService.java:call(155)) - Scanned deleted blocks log and got 0 delTX to process.
2019-08-05 04:38:07,267 DEBUG block.SCMBlockDeletingService (SCMBlockDeletingService.java:call(138)) - Running DeletedBlockTransactionScanner
2019-08-05 04:38:07,267 DEBUG block.SCMBlockDeletingService (SCMBlockDeletingService.java:call(155)) - Scanned deleted blocks log and got 0 delTX to process.
2019-08-05 04:38:07,276 INFO  client.GrpcClientProtocolClient (GrpcClientProtocolClient.java:onNext(255)) - client-C12DAE7A5037->3f4de2de-7d09-498f-aead-42327df81d94: receive RaftClientReply:client-C12DAE7A5037->3f4de2de-7d09-498f-aead-42327df81d94@group-C7908E81CC6B, cid=2873, SUCCESS, logIndex=4141, commits[3f4de2de-7d09-498f-aead-42327df81d94:c4145]
2019-08-05 04:38:07,276 INFO  client.GrpcClientProtocolClient (GrpcClientProtocolClient.java:onNext(255)) - client-C12DAE7A5037->3f4de2de-7d09-498f-aead-42327df81d94: receive RaftClientReply:client-C12DAE7A5037->3f4de2de-7d09-498f-aead-42327df81d94@group-C7908E81CC6B, cid=2874, SUCCESS, logIndex=4142, commits[3f4de2de-7d09-498f-aead-42327df81d94:c4145]
2019-08-05 04:38:07,277 INFO  client.GrpcClientProtocolClient (GrpcClientProtocolClient.java:onNext(255)) - client-C12DAE7A5037->3f4de2de-7d09-498f-aead-42327df81d94: receive RaftClientReply:client-C12DAE7A5037->3f4de2de-7d09-498f-aead-42327df81d94@group-C7908E81CC6B, cid=2875, SUCCESS, logIndex=4143, commits[3f4de2de-7d09-498f-aead-42327df81d94:c4145]
2019-08-05 04:38:07,277 INFO  client.GrpcClientProtocolClient (GrpcClientProtocolClient.java:onNext(255)) - client-C12DAE7A5037->3f4de2de-7d09-498f-aead-42327df81d94: receive RaftClientReply:client-C12DAE7A5037->3f4de2de-7d09-498f-aead-42327df81d94@group-C7908E81CC6B, cid=2876, SUCCESS, logIndex=4144, commits[3f4de2de-7d09-498f-aead-42327df81d94:c4145]
2019-08-05 04:38:07,298 INFO  client.GrpcClientProtocolClient (GrpcClientProtocolClient.java:onNext(255)) - client-C12DAE7A5037->3f4de2de-7d09-498f-aead-42327df81d94: receive RaftClientReply:client-C12DAE7A5037->3f4de2de-7d09-498f-aead-42327df81d94@group-C7908E81CC6B, cid=2877, SUCCESS, logIndex=4146, commits[3f4de2de-7d09-498f-aead-42327df81d94:c4149]
2019-08-05 04:38:07,298 INFO  client.GrpcClientProtocolClient (GrpcClientProtocolClient.java:onNext(255)) - client-C12DAE7A5037->3f4de2de-7d09-498f-aead-42327df81d94: receive RaftClientReply:client-C12DAE7A5037->3f4de2de-7d09-498f-aead-42327df81d94@group-C7908E81CC6B, cid=2878, SUCCESS, logIndex=4147, commits[3f4de2de-7d09-498f-aead-42327df81d94:c4150]
2019-08-05 04:38:07,298 INFO  client.GrpcClientProtocolClient (GrpcClientProtocolClient.java:onNext(255)) - client-C12DAE7A5037->3f4de2de-7d09-498f-aead-42327df81d94: receive RaftClientReply:client-C12DAE7A5037->3f4de2de-7d09-498f-aead-42327df81d94@group-C7908E81CC6B, cid=2879, SUCCESS, logIndex=4148, commits[3f4de2de-7d09-498f-aead-42327df81d94:c4150]
2019-08-05 04:38:07,299 INFO  client.GrpcClientProtocolClient (GrpcClientProtocolClient.java:onNext(255)) - client-C12DAE7A5037->3f4de2de-7d09-498f-aead-42327df81d94: receive RaftClientReply:client-C12DAE7A5037->3f4de2de-7d09-498f-aead-42327df81d94@group-C7908E81CC6B, cid=2880, SUCCESS, logIndex=4149, commits[3f4de2de-7d09-498f-aead-42327df81d94:c4150]
2019-08-05 04:38:07,330 INFO  client.GrpcClientProtocolClient (GrpcClientProtocolClient.java:onNext(255)) - client-C12DAE7A5037->3f4de2de-7d09-498f-aead-42327df81d94: receive RaftClientReply:client-C12DAE7A5037->3f4de2de-7d09-498f-aead-42327df81d94@group-C7908E81CC6B, cid=2881, SUCCESS, logIndex=4151, commits[3f4de2de-7d09-498f-aead-42327df81d94:c4154]
2019-08-05 04:38:07,330 INFO  client.GrpcClientProtocolClient (GrpcClientProtocolClient.java:onNext(255)) - client-C12DAE7A5037->3f4de2de-7d09-498f-aead-42327df81d94: receive RaftClientReply:client-C12DAE7A5037->3f4de2de-7d09-498f-aead-42327df81d94@group-C7908E81CC6B, cid=2882, SUCCESS, logIndex=4152, commits[3f4de2de-7d09-498f-aead-42327df81d94:c4154]
2019-08-05 04:38:07,331 INFO  client.GrpcClientProtocolClient (GrpcClientProtocolClient.java:onNext(255)) - client-C12DAE7A5037->3f4de2de-7d09-498f-aead-42327df81d94: receive RaftClientReply:client-C12DAE7A5037->3f4de2de-7d09-498f-aead-42327df81d94@group-C7908E81CC6B, cid=2883, SUCCESS, logIndex=4153, commits[3f4de2de-7d09-498f-aead-42327df81d94:c4155]
2019-08-05 04:38:07,332 INFO  client.GrpcClientProtocolClient (GrpcClientProtocolClient.java:onNext(255)) - client-C12DAE7A5037->3f4de2de-7d09-498f-aead-42327df81d94: receive RaftClientReply:client-C12DAE7A5037->3f4de2de-7d09-498f-aead-42327df81d94@group-C7908E81CC6B, cid=2884, SUCCESS, logIndex=4154, commits[3f4de2de-7d09-498f-aead-42327df81d94:c4155]
2019-08-05 04:38:07,353 INFO  client.GrpcClientProtocolClient (GrpcClientProtocolClient.java:onNext(255)) - client-C12DAE7A5037->3f4de2de-7d09-498f-aead-42327df81d94: receive RaftClientReply:client-C12DAE7A5037->3f4de2de-7d09-498f-aead-42327df81d94@group-C7908E81CC6B, cid=2885, SUCCESS, logIndex=4156, commits[3f4de2de-7d09-498f-aead-42327df81d94:c4159]
2019-08-05 04:38:07,353 INFO  client.GrpcClientProtocolClient (GrpcClientProtocolClient.java:onNext(255)) - client-C12DAE7A5037->3f4de2de-7d09-498f-aead-42327df81d94: receive RaftClientReply:client-C12DAE7A5037->3f4de2de-7d09-498f-aead-42327df81d94@group-C7908E81CC6B, cid=2886, SUCCESS, logIndex=4157, commits[3f4de2de-7d09-498f-aead-42327df81d94:c4160]
2019-08-05 04:38:07,353 INFO  client.GrpcClientProtocolClient (GrpcClientProtocolClient.java:onNext(255)) - client-C12DAE7A5037->3f4de2de-7d09-498f-aead-42327df81d94: receive RaftClientReply:client-C12DAE7A5037->3f4de2de-7d09-498f-aead-42327df81d94@group-C7908E81CC6B, cid=2887, SUCCESS, logIndex=4158, commits[3f4de2de-7d09-498f-aead-42327df81d94:c4160]
2019-08-05 04:38:07,354 INFO  client.GrpcClientProtocolClient (GrpcClientProtocolClient.java:onNext(255)) - client-C12DAE7A5037->3f4de2de-7d09-498f-aead-42327df81d94: receive RaftClientReply:client-C12DAE7A5037->3f4de2de-7d09-498f-aead-42327df81d94@group-C7908E81CC6B, cid=2888, SUCCESS, logIndex=4159, commits[3f4de2de-7d09-498f-aead-42327df81d94:c4160]
2019-08-05 04:38:07,368 DEBUG block.SCMBlockDeletingService (SCMBlockDeletingService.java:call(138)) - Running DeletedBlockTransactionScanner
2019-08-05 04:38:07,368 DEBUG block.SCMBlockDeletingService (SCMBlockDeletingService.java:call(155)) - Scanned deleted blocks log and got 0 delTX to process.
2019-08-05 04:38:07,385 INFO  client.GrpcClientProtocolClient (GrpcClientProtocolClient.java:onNext(255)) - client-C12DAE7A5037->3f4de2de-7d09-498f-aead-42327df81d94: receive RaftClientReply:client-C12DAE7A5037->3f4de2de-7d09-498f-aead-42327df81d94@group-C7908E81CC6B, cid=2889, SUCCESS, logIndex=4161, commits[3f4de2de-7d09-498f-aead-42327df81d94:c4162]
2019-08-05 04:38:07,386 INFO  client.GrpcClientProtocolClient (GrpcClientProtocolClient.java:onNext(255)) - client-C12DAE7A5037->3f4de2de-7d09-498f-aead-42327df81d94: receive RaftClientReply:client-C12DAE7A5037->3f4de2de-7d09-498f-aead-42327df81d94@group-C7908E81CC6B, cid=2890, SUCCESS, logIndex=4162, commits[3f4de2de-7d09-498f-aead-42327df81d94:c4164]
2019-08-05 04:38:07,386 INFO  client.GrpcClientProtocolClient (GrpcClientProtocolClient.java:onNext(255)) - client-C12DAE7A5037->3f4de2de-7d09-498f-aead-42327df81d94: receive RaftClientReply:client-C12DAE7A5037->3f4de2de-7d09-498f-aead-42327df81d94@group-C7908E81CC6B, cid=2891, SUCCESS, logIndex=4163, commits[3f4de2de-7d09-498f-aead-42327df81d94:c4164]
2019-08-05 04:38:07,386 INFO  client.GrpcClientProtocolClient (GrpcClientProtocolClient.java:onNext(255)) - client-C12DAE7A5037->3f4de2de-7d09-498f-aead-42327df81d94: receive RaftClientReply:client-C12DAE7A5037->3f4de2de-7d09-498f-aead-42327df81d94@group-C7908E81CC6B, cid=2892, SUCCESS, logIndex=4164, commits[3f4de2de-7d09-498f-aead-42327df81d94:c4165]
2019-08-05 04:38:07,406 INFO  client.GrpcClientProtocolClient (GrpcClientProtocolClient.java:onNext(255)) - client-C12DAE7A5037->3f4de2de-7d09-498f-aead-42327df81d94: receive RaftClientReply:client-C12DAE7A5037->3f4de2de-7d09-498f-aead-42327df81d94@group-C7908E81CC6B, cid=2893, SUCCESS, logIndex=4167, commits[3f4de2de-7d09-498f-aead-42327df81d94:c4168]
2019-08-05 04:38:07,406 INFO  client.GrpcClientProtocolClient (GrpcClientProtocolClient.java:onNext(255)) - client-C12DAE7A5037->3f4de2de-7d09-498f-aead-42327df81d94: receive RaftClientReply:client-C12DAE7A5037->3f4de2de-7d09-498f-aead-42327df81d94@group-C7908E81CC6B, cid=2894, SUCCESS, logIndex=4168, commits[3f4de2de-7d09-498f-aead-42327df81d94:c4170]
2019-08-05 04:38:07,407 INFO  client.GrpcClientProtocolClient (GrpcClientProtocolClient.java:onNext(255)) - client-C12DAE7A5037->3f4de2de-7d09-498f-aead-42327df81d94: receive RaftClientReply:client-C12DAE7A5037->3f4de2de-7d09-498f-aead-42327df81d94@group-C7908E81CC6B, cid=2895, SUCCESS, logIndex=4169, commits[3f4de2de-7d09-498f-aead-42327df81d94:c4170]
2019-08-05 04:38:07,407 INFO  client.GrpcClientProtocolClient (GrpcClientProtocolClient.java:onNext(255)) - client-C12DAE7A5037->3f4de2de-7d09-498f-aead-42327df81d94: receive RaftClientReply:client-C12DAE7A5037->3f4de2de-7d09-498f-aead-42327df81d94@group-C7908E81CC6B, cid=2896, SUCCESS, logIndex=4170, commits[3f4de2de-7d09-498f-aead-42327df81d94:c4170]
2019-08-05 04:38:07,438 INFO  client.GrpcClientProtocolClient (GrpcClientProtocolClient.java:onNext(255)) - client-C12DAE7A5037->3f4de2de-7d09-498f-aead-42327df81d94: receive RaftClientReply:client-C12DAE7A5037->3f4de2de-7d09-498f-aead-42327df81d94@group-C7908E81CC6B, cid=2897, SUCCESS, logIndex=4173, commits[3f4de2de-7d09-498f-aead-42327df81d94:c4174]
2019-08-05 04:38:07,438 INFO  client.GrpcClientProtocolClient (GrpcClientProtocolClient.java:onNext(255)) - client-C12DAE7A5037->3f4de2de-7d09-498f-aead-42327df81d94: receive RaftClientReply:client-C12DAE7A5037->3f4de2de-7d09-498f-aead-42327df81d94@group-C7908E81CC6B, cid=2898, SUCCESS, logIndex=4174, commits[3f4de2de-7d09-498f-aead-42327df81d94:c4176]
2019-08-05 04:38:07,439 INFO  client.GrpcClientProtocolClient (GrpcClientProtocolClient.java:onNext(255)) - client-C12DAE7A5037->3f4de2de-7d09-498f-aead-42327df81d94: receive RaftClientReply:client-C12DAE7A5037->3f4de2de-7d09-498f-aead-42327df81d94@group-C7908E81CC6B, cid=2899, SUCCESS, logIndex=4175, commits[3f4de2de-7d09-498f-aead-42327df81d94:c4177]
2019-08-05 04:38:07,439 INFO  client.GrpcClientProtocolClient (GrpcClientProtocolClient.java:onNext(255)) - client-C12DAE7A5037->3f4de2de-7d09-498f-aead-42327df81d94: receive RaftClientReply:client-C12DAE7A5037->3f4de2de-7d09-498f-aead-42327df81d94@group-C7908E81CC6B, cid=2900, SUCCESS, logIndex=4176, commits[3f4de2de-7d09-498f-aead-42327df81d94:c4177]
2019-08-05 04:38:07,459 INFO  client.GrpcClientProtocolClient (GrpcClientProtocolClient.java:onNext(255)) - client-C12DAE7A5037->3f4de2de-7d09-498f-aead-42327df81d94: receive RaftClientReply:client-C12DAE7A5037->3f4de2de-7d09-498f-aead-42327df81d94@group-C7908E81CC6B, cid=2901, SUCCESS, logIndex=4179, commits[3f4de2de-7d09-498f-aead-42327df81d94:c4180]
2019-08-05 04:38:07,459 INFO  client.GrpcClientProtocolClient (GrpcClientProtocolClient.java:onNext(255)) - client-C12DAE7A5037->3f4de2de-7d09-498f-aead-42327df81d94: receive RaftClientReply:client-C12DAE7A5037->3f4de2de-7d09-498f-aead-42327df81d94@group-C7908E81CC6B, cid=2902, SUCCESS, logIndex=4180, commits[3f4de2de-7d09-498f-aead-42327df81d94:c4180]
2019-08-05 04:38:07,459 INFO  client.GrpcClientProtocolClient (GrpcClientProtocolClient.java:onNext(255)) - client-C12DAE7A5037->3f4de2de-7d09-498f-aead-42327df81d94: receive RaftClientReply:client-C12DAE7A5037->3f4de2de-7d09-498f-aead-42327df81d94@group-C7908E81CC6B, cid=2903, SUCCESS, logIndex=4181, commits[3f4de2de-7d09-498f-aead-42327df81d94:c4182]
2019-08-05 04:38:07,460 INFO  client.GrpcClientProtocolClient (GrpcClientProtocolClient.java:onNext(255)) - client-C12DAE7A5037->3f4de2de-7d09-498f-aead-42327df81d94: receive RaftClientReply:client-C12DAE7A5037->3f4de2de-7d09-498f-aead-42327df81d94@group-C7908E81CC6B, cid=2904, SUCCESS, logIndex=4182, commits[3f4de2de-7d09-498f-aead-42327df81d94:c4182]
2019-08-05 04:38:07,468 DEBUG block.SCMBlockDeletingService (SCMBlockDeletingService.java:call(138)) - Running DeletedBlockTransactionScanner
2019-08-05 04:38:07,469 DEBUG block.SCMBlockDeletingService (SCMBlockDeletingService.java:call(155)) - Scanned deleted blocks log and got 0 delTX to process.
2019-08-05 04:38:07,492 INFO  client.GrpcClientProtocolClient (GrpcClientProtocolClient.java:onNext(255)) - client-C12DAE7A5037->3f4de2de-7d09-498f-aead-42327df81d94: receive RaftClientReply:client-C12DAE7A5037->3f4de2de-7d09-498f-aead-42327df81d94@group-C7908E81CC6B, cid=2905, SUCCESS, logIndex=4185, commits[3f4de2de-7d09-498f-aead-42327df81d94:c4188]
2019-08-05 04:38:07,493 INFO  client.GrpcClientProtocolClient (GrpcClientProtocolClient.java:onNext(255)) - client-C12DAE7A5037->3f4de2de-7d09-498f-aead-42327df81d94: receive RaftClientReply:client-C12DAE7A5037->3f4de2de-7d09-498f-aead-42327df81d94@group-C7908E81CC6B, cid=2906, SUCCESS, logIndex=4186, commits[3f4de2de-7d09-498f-aead-42327df81d94:c4188]
2019-08-05 04:38:07,494 INFO  client.GrpcClientProtocolClient (GrpcClientProtocolClient.java:onNext(255)) - client-C12DAE7A5037->3f4de2de-7d09-498f-aead-42327df81d94: receive RaftClientReply:client-C12DAE7A5037->3f4de2de-7d09-498f-aead-42327df81d94@group-C7908E81CC6B, cid=2907, SUCCESS, logIndex=4187, commits[3f4de2de-7d09-498f-aead-42327df81d94:c4189]
2019-08-05 04:38:07,494 INFO  client.GrpcClientProtocolClient (GrpcClientProtocolClient.java:onNext(255)) - client-C12DAE7A5037->3f4de2de-7d09-498f-aead-42327df81d94: receive RaftClientReply:client-C12DAE7A5037->3f4de2de-7d09-498f-aead-42327df81d94@group-C7908E81CC6B, cid=2908, SUCCESS, logIndex=4188, commits[3f4de2de-7d09-498f-aead-42327df81d94:c4189]
2019-08-05 04:38:07,513 INFO  client.GrpcClientProtocolClient (GrpcClientProtocolClient.java:onNext(255)) - client-C12DAE7A5037->3f4de2de-7d09-498f-aead-42327df81d94: receive RaftClientReply:client-C12DAE7A5037->3f4de2de-7d09-498f-aead-42327df81d94@group-C7908E81CC6B, cid=2909, SUCCESS, logIndex=4190, commits[3f4de2de-7d09-498f-aead-42327df81d94:c4191]
2019-08-05 04:38:07,513 INFO  client.GrpcClientProtocolClient (GrpcClientProtocolClient.java:onNext(255)) - client-C12DAE7A5037->3f4de2de-7d09-498f-aead-42327df81d94: receive RaftClientReply:client-C12DAE7A5037->3f4de2de-7d09-498f-aead-42327df81d94@group-C7908E81CC6B, cid=2910, SUCCESS, logIndex=4191, commits[3f4de2de-7d09-498f-aead-42327df81d94:c4193]
2019-08-05 04:38:07,514 INFO  client.GrpcClientProtocolClient (GrpcClientProtocolClient.java:onNext(255)) - client-C12DAE7A5037->3f4de2de-7d09-498f-aead-42327df81d94: receive RaftClientReply:client-C12DAE7A5037->3f4de2de-7d09-498f-aead-42327df81d94@group-C7908E81CC6B, cid=2911, SUCCESS, logIndex=4192, commits[3f4de2de-7d09-498f-aead-42327df81d94:c4194]
2019-08-05 04:38:07,514 INFO  client.GrpcClientProtocolClient (GrpcClientProtocolClient.java:onNext(255)) - client-C12DAE7A5037->3f4de2de-7d09-498f-aead-42327df81d94: receive RaftClientReply:client-C12DAE7A5037->3f4de2de-7d09-498f-aead-42327df81d94@group-C7908E81CC6B, cid=2912, SUCCESS, logIndex=4193, commits[3f4de2de-7d09-498f-aead-42327df81d94:c4194]
2019-08-05 04:38:07,534 INFO  client.GrpcClientProtocolClient (GrpcClientProtocolClient.java:onNext(255)) - client-C12DAE7A5037->3f4de2de-7d09-498f-aead-42327df81d94: receive RaftClientReply:client-C12DAE7A5037->3f4de2de-7d09-498f-aead-42327df81d94@group-C7908E81CC6B, cid=2913, SUCCESS, logIndex=4196, commits[3f4de2de-7d09-498f-aead-42327df81d94:c4197]
2019-08-05 04:38:07,534 INFO  client.GrpcClientProtocolClient (GrpcClientProtocolClient.java:onNext(255)) - client-C12DAE7A5037->3f4de2de-7d09-498f-aead-42327df81d94: receive RaftClientReply:client-C12DAE7A5037->3f4de2de-7d09-498f-aead-42327df81d94@group-C7908E81CC6B, cid=2914, SUCCESS, logIndex=4197, commits[3f4de2de-7d09-498f-aead-42327df81d94:c4197]
2019-08-05 04:38:07,567 INFO  client.GrpcClientProtocolClient (GrpcClientProtocolClient.java:onNext(255)) - client-C12DAE7A5037->3f4de2de-7d09-498f-aead-42327df81d94: receive RaftClientReply:client-C12DAE7A5037->3f4de2de-7d09-498f-aead-42327df81d94@group-C7908E81CC6B, cid=2915, SUCCESS, logIndex=4198, commits[3f4de2de-7d09-498f-aead-42327df81d94:c4200]
2019-08-05 04:38:07,567 INFO  client.GrpcClientProtocolClient (GrpcClientProtocolClient.java:onNext(255)) - client-C12DAE7A5037->3f4de2de-7d09-498f-aead-42327df81d94: receive RaftClientReply:client-C12DAE7A5037->3f4de2de-7d09-498f-aead-42327df81d94@group-C7908E81CC6B, cid=2916, SUCCESS, logIndex=4199, commits[3f4de2de-7d09-498f-aead-42327df81d94:c4200]
2019-08-05 04:38:07,641 DEBUG block.SCMBlockDeletingService (SCMBlockDeletingService.java:call(138)) - Running DeletedBlockTransactionScanner
2019-08-05 04:38:07,641 DEBUG block.SCMBlockDeletingService (SCMBlockDeletingService.java:call(155)) - Scanned deleted blocks log and got 0 delTX to process.
2019-08-05 04:38:07,742 DEBUG block.SCMBlockDeletingService (SCMBlockDeletingService.java:call(138)) - Running DeletedBlockTransactionScanner
2019-08-05 04:38:07,742 DEBUG block.SCMBlockDeletingService (SCMBlockDeletingService.java:call(155)) - Scanned deleted blocks log and got 0 delTX to process.
2019-08-05 04:38:07,768 INFO  client.GrpcClientProtocolClient (GrpcClientProtocolClient.java:onNext(255)) - client-C12DAE7A5037->3f4de2de-7d09-498f-aead-42327df81d94: receive RaftClientReply:client-C12DAE7A5037->3f4de2de-7d09-498f-aead-42327df81d94@group-C7908E81CC6B, cid=2917, SUCCESS, logIndex=4201, commits[3f4de2de-7d09-498f-aead-42327df81d94:c4205]
2019-08-05 04:38:07,772 INFO  client.GrpcClientProtocolClient (GrpcClientProtocolClient.java:onNext(255)) - client-C12DAE7A5037->3f4de2de-7d09-498f-aead-42327df81d94: receive RaftClientReply:client-C12DAE7A5037->3f4de2de-7d09-498f-aead-42327df81d94@group-C7908E81CC6B, cid=2918, SUCCESS, logIndex=4202, commits[3f4de2de-7d09-498f-aead-42327df81d94:c4205]
2019-08-05 04:38:07,772 INFO  client.GrpcClientProtocolClient (GrpcClientProtocolClient.java:onNext(255)) - client-C12DAE7A5037->3f4de2de-7d09-498f-aead-42327df81d94: receive RaftClientReply:client-C12DAE7A5037->3f4de2de-7d09-498f-aead-42327df81d94@group-C7908E81CC6B, cid=2919, SUCCESS, logIndex=4203, commits[3f4de2de-7d09-498f-aead-42327df81d94:c4205]
2019-08-05 04:38:07,772 INFO  client.GrpcClientProtocolClient (GrpcClientProtocolClient.java:onNext(255)) - client-C12DAE7A5037->3f4de2de-7d09-498f-aead-42327df81d94: receive RaftClientReply:client-C12DAE7A5037->3f4de2de-7d09-498f-aead-42327df81d94@group-C7908E81CC6B, cid=2920, SUCCESS, logIndex=4204, commits[3f4de2de-7d09-498f-aead-42327df81d94:c4205]
2019-08-05 04:38:07,805 INFO  client.GrpcClientProtocolClient (GrpcClientProtocolClient.java:onNext(255)) - client-C12DAE7A5037->3f4de2de-7d09-498f-aead-42327df81d94: receive RaftClientReply:client-C12DAE7A5037->3f4de2de-7d09-498f-aead-42327df81d94@group-C7908E81CC6B, cid=2921, SUCCESS, logIndex=4206, commits[3f4de2de-7d09-498f-aead-42327df81d94:c4209]
2019-08-05 04:38:07,806 INFO  client.GrpcClientProtocolClient (GrpcClientProtocolClient.java:onNext(255)) - client-C12DAE7A5037->3f4de2de-7d09-498f-aead-42327df81d94: receive RaftClientReply:client-C12DAE7A5037->3f4de2de-7d09-498f-aead-42327df81d94@group-C7908E81CC6B, cid=2922, SUCCESS, logIndex=4207, commits[3f4de2de-7d09-498f-aead-42327df81d94:c4210]
2019-08-05 04:38:07,806 INFO  client.GrpcClientProtocolClient (GrpcClientProtocolClient.java:onNext(255)) - client-C12DAE7A5037->3f4de2de-7d09-498f-aead-42327df81d94: receive RaftClientReply:client-C12DAE7A5037->3f4de2de-7d09-498f-aead-42327df81d94@group-C7908E81CC6B, cid=2923, SUCCESS, logIndex=4208, commits[3f4de2de-7d09-498f-aead-42327df81d94:c4210]
2019-08-05 04:38:07,806 INFO  client.GrpcClientProtocolClient (GrpcClientProtocolClient.java:onNext(255)) - client-C12DAE7A5037->3f4de2de-7d09-498f-aead-42327df81d94: receive RaftClientReply:client-C12DAE7A5037->3f4de2de-7d09-498f-aead-42327df81d94@group-C7908E81CC6B, cid=2924, SUCCESS, logIndex=4209, commits[3f4de2de-7d09-498f-aead-42327df81d94:c4210]
2019-08-05 04:38:07,831 INFO  client.GrpcClientProtocolClient (GrpcClientProtocolClient.java:onNext(255)) - client-C12DAE7A5037->3f4de2de-7d09-498f-aead-42327df81d94: receive RaftClientReply:client-C12DAE7A5037->3f4de2de-7d09-498f-aead-42327df81d94@group-C7908E81CC6B, cid=2925, SUCCESS, logIndex=4211, commits[3f4de2de-7d09-498f-aead-42327df81d94:c4214]
2019-08-05 04:38:07,832 INFO  client.GrpcClientProtocolClient (GrpcClientProtocolClient.java:onNext(255)) - client-C12DAE7A5037->3f4de2de-7d09-498f-aead-42327df81d94: receive RaftClientReply:client-C12DAE7A5037->3f4de2de-7d09-498f-aead-42327df81d94@group-C7908E81CC6B, cid=2926, SUCCESS, logIndex=4212, commits[3f4de2de-7d09-498f-aead-42327df81d94:c4215]
2019-08-05 04:38:07,832 INFO  client.GrpcClientProtocolClient (GrpcClientProtocolClient.java:onNext(255)) - client-C12DAE7A5037->3f4de2de-7d09-498f-aead-42327df81d94: receive RaftClientReply:client-C12DAE7A5037->3f4de2de-7d09-498f-aead-42327df81d94@group-C7908E81CC6B, cid=2927, SUCCESS, logIndex=4213, commits[3f4de2de-7d09-498f-aead-42327df81d94:c4215]
2019-08-05 04:38:07,832 INFO  client.GrpcClientProtocolClient (GrpcClientProtocolClient.java:onNext(255)) - client-C12DAE7A5037->3f4de2de-7d09-498f-aead-42327df81d94: receive RaftClientReply:client-C12DAE7A5037->3f4de2de-7d09-498f-aead-42327df81d94@group-C7908E81CC6B, cid=2928, SUCCESS, logIndex=4214, commits[3f4de2de-7d09-498f-aead-42327df81d94:c4215]
2019-08-05 04:38:07,843 DEBUG block.SCMBlockDeletingService (SCMBlockDeletingService.java:call(138)) - Running DeletedBlockTransactionScanner
2019-08-05 04:38:07,843 DEBUG block.SCMBlockDeletingService (SCMBlockDeletingService.java:call(155)) - Scanned deleted blocks log and got 0 delTX to process.
2019-08-05 04:38:07,863 INFO  client.GrpcClientProtocolClient (GrpcClientProtocolClient.java:onNext(255)) - client-C12DAE7A5037->3f4de2de-7d09-498f-aead-42327df81d94: receive RaftClientReply:client-C12DAE7A5037->3f4de2de-7d09-498f-aead-42327df81d94@group-C7908E81CC6B, cid=2929, SUCCESS, logIndex=4216, commits[3f4de2de-7d09-498f-aead-42327df81d94:c4217]
2019-08-05 04:38:07,864 INFO  client.GrpcClientProtocolClient (GrpcClientProtocolClient.java:onNext(255)) - client-C12DAE7A5037->3f4de2de-7d09-498f-aead-42327df81d94: receive RaftClientReply:client-C12DAE7A5037->3f4de2de-7d09-498f-aead-42327df81d94@group-C7908E81CC6B, cid=2930, SUCCESS, logIndex=4217, commits[3f4de2de-7d09-498f-aead-42327df81d94:c4217]
2019-08-05 04:38:07,865 INFO  client.GrpcClientProtocolClient (GrpcClientProtocolClient.java:onNext(255)) - client-C12DAE7A5037->3f4de2de-7d09-498f-aead-42327df81d94: receive RaftClientReply:client-C12DAE7A5037->3f4de2de-7d09-498f-aead-42327df81d94@group-C7908E81CC6B, cid=2931, SUCCESS, logIndex=4218, commits[3f4de2de-7d09-498f-aead-42327df81d94:c4219]
2019-08-05 04:38:07,866 INFO  client.GrpcClientProtocolClient (GrpcClientProtocolClient.java:onNext(255)) - client-C12DAE7A5037->3f4de2de-7d09-498f-aead-42327df81d94: receive RaftClientReply:client-C12DAE7A5037->3f4de2de-7d09-498f-aead-42327df81d94@group-C7908E81CC6B, cid=2932, SUCCESS, logIndex=4219, commits[3f4de2de-7d09-498f-aead-42327df81d94:c4219]
2019-08-05 04:38:07,877 INFO  client.GrpcClientProtocolClient (GrpcClientProtocolClient.java:onNext(255)) - client-C12DAE7A5037->3f4de2de-7d09-498f-aead-42327df81d94: receive RaftClientReply:client-C12DAE7A5037->3f4de2de-7d09-498f-aead-42327df81d94@group-C7908E81CC6B, cid=2933, SUCCESS, logIndex=4222, commits[3f4de2de-7d09-498f-aead-42327df81d94:c4223]
2019-08-05 04:38:07,878 INFO  client.GrpcClientProtocolClient (GrpcClientProtocolClient.java:onNext(255)) - client-C12DAE7A5037->3f4de2de-7d09-498f-aead-42327df81d94: receive RaftClientReply:client-C12DAE7A5037->3f4de2de-7d09-498f-aead-42327df81d94@group-C7908E81CC6B, cid=2934, SUCCESS, logIndex=4223, commits[3f4de2de-7d09-498f-aead-42327df81d94:c4223]
2019-08-05 04:38:07,893 INFO  client.GrpcClientProtocolClient (GrpcClientProtocolClient.java:onNext(255)) - client-C12DAE7A5037->3f4de2de-7d09-498f-aead-42327df81d94: receive RaftClientReply:client-C12DAE7A5037->3f4de2de-7d09-498f-aead-42327df81d94@group-C7908E81CC6B, cid=2935, SUCCESS, logIndex=4224, commits[3f4de2de-7d09-498f-aead-42327df81d94:c4226]
2019-08-05 04:38:07,893 INFO  client.GrpcClientProtocolClient (GrpcClientProtocolClient.java:onNext(255)) - client-C12DAE7A5037->3f4de2de-7d09-498f-aead-42327df81d94: receive RaftClientReply:client-C12DAE7A5037->3f4de2de-7d09-498f-aead-42327df81d94@group-C7908E81CC6B, cid=2936, SUCCESS, logIndex=4225, commits[3f4de2de-7d09-498f-aead-42327df81d94:c4226]
2019-08-05 04:38:07,928 INFO  client.GrpcClientProtocolClient (GrpcClientProtocolClient.java:onNext(255)) - client-C12DAE7A5037->3f4de2de-7d09-498f-aead-42327df81d94: receive RaftClientReply:client-C12DAE7A5037->3f4de2de-7d09-498f-aead-42327df81d94@group-C7908E81CC6B, cid=2937, SUCCESS, logIndex=4227, commits[3f4de2de-7d09-498f-aead-42327df81d94:c4230]
2019-08-05 04:38:07,929 INFO  client.GrpcClientProtocolClient (GrpcClientProtocolClient.java:onNext(255)) - client-C12DAE7A5037->3f4de2de-7d09-498f-aead-42327df81d94: receive RaftClientReply:client-C12DAE7A5037->3f4de2de-7d09-498f-aead-42327df81d94@group-C7908E81CC6B, cid=2938, SUCCESS, logIndex=4228, commits[3f4de2de-7d09-498f-aead-42327df81d94:c4230]
2019-08-05 04:38:07,929 INFO  client.GrpcClientProtocolClient (GrpcClientProtocolClient.java:onNext(255)) - client-C12DAE7A5037->3f4de2de-7d09-498f-aead-42327df81d94: receive RaftClientReply:client-C12DAE7A5037->3f4de2de-7d09-498f-aead-42327df81d94@group-C7908E81CC6B, cid=2939, SUCCESS, logIndex=4229, commits[3f4de2de-7d09-498f-aead-42327df81d94:c4230]
2019-08-05 04:38:07,929 INFO  client.GrpcClientProtocolClient (GrpcClientProtocolClient.java:onNext(255)) - client-C12DAE7A5037->3f4de2de-7d09-498f-aead-42327df81d94: receive RaftClientReply:client-C12DAE7A5037->3f4de2de-7d09-498f-aead-42327df81d94@group-C7908E81CC6B, cid=2940, SUCCESS, logIndex=4230, commits[3f4de2de-7d09-498f-aead-42327df81d94:c4231]
2019-08-05 04:38:07,944 DEBUG block.SCMBlockDeletingService (SCMBlockDeletingService.java:call(138)) - Running DeletedBlockTransactionScanner
2019-08-05 04:38:07,944 DEBUG block.SCMBlockDeletingService (SCMBlockDeletingService.java:call(155)) - Scanned deleted blocks log and got 0 delTX to process.
2019-08-05 04:38:07,949 INFO  client.GrpcClientProtocolClient (GrpcClientProtocolClient.java:onNext(255)) - client-C12DAE7A5037->3f4de2de-7d09-498f-aead-42327df81d94: receive RaftClientReply:client-C12DAE7A5037->3f4de2de-7d09-498f-aead-42327df81d94@group-C7908E81CC6B, cid=2941, SUCCESS, logIndex=4233, commits[3f4de2de-7d09-498f-aead-42327df81d94:c4234]
2019-08-05 04:38:07,950 INFO  client.GrpcClientProtocolClient (GrpcClientProtocolClient.java:onNext(255)) - client-C12DAE7A5037->3f4de2de-7d09-498f-aead-42327df81d94: receive RaftClientReply:client-C12DAE7A5037->3f4de2de-7d09-498f-aead-42327df81d94@group-C7908E81CC6B, cid=2942, SUCCESS, logIndex=4234, commits[3f4de2de-7d09-498f-aead-42327df81d94:c4234]
2019-08-05 04:38:07,952 INFO  client.GrpcClientProtocolClient (GrpcClientProtocolClient.java:onNext(255)) - client-C12DAE7A5037->3f4de2de-7d09-498f-aead-42327df81d94: receive RaftClientReply:client-C12DAE7A5037->3f4de2de-7d09-498f-aead-42327df81d94@group-C7908E81CC6B, cid=2943, SUCCESS, logIndex=4235, commits[3f4de2de-7d09-498f-aead-42327df81d94:c4236]
2019-08-05 04:38:07,952 INFO  client.GrpcClientProtocolClient (GrpcClientProtocolClient.java:onNext(255)) - client-C12DAE7A5037->3f4de2de-7d09-498f-aead-42327df81d94: receive RaftClientReply:client-C12DAE7A5037->3f4de2de-7d09-498f-aead-42327df81d94@group-C7908E81CC6B, cid=2944, SUCCESS, logIndex=4236, commits[3f4de2de-7d09-498f-aead-42327df81d94:c4236]
2019-08-05 04:38:07,982 INFO  client.GrpcClientProtocolClient (GrpcClientProtocolClient.java:onNext(255)) - client-C12DAE7A5037->3f4de2de-7d09-498f-aead-42327df81d94: receive RaftClientReply:client-C12DAE7A5037->3f4de2de-7d09-498f-aead-42327df81d94@group-C7908E81CC6B, cid=2945, SUCCESS, logIndex=4239, commits[3f4de2de-7d09-498f-aead-42327df81d94:c4242]
2019-08-05 04:38:07,982 INFO  client.GrpcClientProtocolClient (GrpcClientProtocolClient.java:onNext(255)) - client-C12DAE7A5037->3f4de2de-7d09-498f-aead-42327df81d94: receive RaftClientReply:client-C12DAE7A5037->3f4de2de-7d09-498f-aead-42327df81d94@group-C7908E81CC6B, cid=2946, SUCCESS, logIndex=4240, commits[3f4de2de-7d09-498f-aead-42327df81d94:c4243]
2019-08-05 04:38:07,983 INFO  client.GrpcClientProtocolClient (GrpcClientProtocolClient.java:onNext(255)) - client-C12DAE7A5037->3f4de2de-7d09-498f-aead-42327df81d94: receive RaftClientReply:client-C12DAE7A5037->3f4de2de-7d09-498f-aead-42327df81d94@group-C7908E81CC6B, cid=2947, SUCCESS, logIndex=4241, commits[3f4de2de-7d09-498f-aead-42327df81d94:c4243]
2019-08-05 04:38:07,983 INFO  client.GrpcClientProtocolClient (GrpcClientProtocolClient.java:onNext(255)) - client-C12DAE7A5037->3f4de2de-7d09-498f-aead-42327df81d94: receive RaftClientReply:client-C12DAE7A5037->3f4de2de-7d09-498f-aead-42327df81d94@group-C7908E81CC6B, cid=2948, SUCCESS, logIndex=4242, commits[3f4de2de-7d09-498f-aead-42327df81d94:c4243]
2019-08-05 04:38:08,003 INFO  client.GrpcClientProtocolClient (GrpcClientProtocolClient.java:onNext(255)) - client-C12DAE7A5037->3f4de2de-7d09-498f-aead-42327df81d94: receive RaftClientReply:client-C12DAE7A5037->3f4de2de-7d09-498f-aead-42327df81d94@group-C7908E81CC6B, cid=2949, SUCCESS, logIndex=4244, commits[3f4de2de-7d09-498f-aead-42327df81d94:c4245]
2019-08-05 04:38:08,004 INFO  client.GrpcClientProtocolClient (GrpcClientProtocolClient.java:onNext(255)) - client-C12DAE7A5037->3f4de2de-7d09-498f-aead-42327df81d94: receive RaftClientReply:client-C12DAE7A5037->3f4de2de-7d09-498f-aead-42327df81d94@group-C7908E81CC6B, cid=2950, SUCCESS, logIndex=4245, commits[3f4de2de-7d09-498f-aead-42327df81d94:c4245]
2019-08-05 04:38:08,004 INFO  client.GrpcClientProtocolClient (GrpcClientProtocolClient.java:onNext(255)) - client-C12DAE7A5037->3f4de2de-7d09-498f-aead-42327df81d94: receive RaftClientReply:client-C12DAE7A5037->3f4de2de-7d09-498f-aead-42327df81d94@group-C7908E81CC6B, cid=2951, SUCCESS, logIndex=4246, commits[3f4de2de-7d09-498f-aead-42327df81d94:c4247]
2019-08-05 04:38:08,004 INFO  client.GrpcClientProtocolClient (GrpcClientProtocolClient.java:onNext(255)) - client-C12DAE7A5037->3f4de2de-7d09-498f-aead-42327df81d94: receive RaftClientReply:client-C12DAE7A5037->3f4de2de-7d09-498f-aead-42327df81d94@group-C7908E81CC6B, cid=2952, SUCCESS, logIndex=4247, commits[3f4de2de-7d09-498f-aead-42327df81d94:c4248]
2019-08-05 04:38:08,037 INFO  client.GrpcClientProtocolClient (GrpcClientProtocolClient.java:onNext(255)) - client-C12DAE7A5037->3f4de2de-7d09-498f-aead-42327df81d94: receive RaftClientReply:client-C12DAE7A5037->3f4de2de-7d09-498f-aead-42327df81d94@group-C7908E81CC6B, cid=2953, SUCCESS, logIndex=4250, commits[3f4de2de-7d09-498f-aead-42327df81d94:c4253]
2019-08-05 04:38:08,038 INFO  client.GrpcClientProtocolClient (GrpcClientProtocolClient.java:onNext(255)) - client-C12DAE7A5037->3f4de2de-7d09-498f-aead-42327df81d94: receive RaftClientReply:client-C12DAE7A5037->3f4de2de-7d09-498f-aead-42327df81d94@group-C7908E81CC6B, cid=2954, SUCCESS, logIndex=4251, commits[3f4de2de-7d09-498f-aead-42327df81d94:c4253]
2019-08-05 04:38:08,038 INFO  client.GrpcClientProtocolClient (GrpcClientProtocolClient.java:onNext(255)) - client-C12DAE7A5037->3f4de2de-7d09-498f-aead-42327df81d94: receive RaftClientReply:client-C12DAE7A5037->3f4de2de-7d09-498f-aead-42327df81d94@group-C7908E81CC6B, cid=2955, SUCCESS, logIndex=4252, commits[3f4de2de-7d09-498f-aead-42327df81d94:c4254]
2019-08-05 04:38:08,038 INFO  client.GrpcClientProtocolClient (GrpcClientProtocolClient.java:onNext(255)) - client-C12DAE7A5037->3f4de2de-7d09-498f-aead-42327df81d94: receive RaftClientReply:client-C12DAE7A5037->3f4de2de-7d09-498f-aead-42327df81d94@group-C7908E81CC6B, cid=2956, SUCCESS, logIndex=4253, commits[3f4de2de-7d09-498f-aead-42327df81d94:c4254]
2019-08-05 04:38:08,044 DEBUG block.SCMBlockDeletingService (SCMBlockDeletingService.java:call(138)) - Running DeletedBlockTransactionScanner
2019-08-05 04:38:08,045 DEBUG block.SCMBlockDeletingService (SCMBlockDeletingService.java:call(155)) - Scanned deleted blocks log and got 0 delTX to process.
2019-08-05 04:38:08,062 INFO  client.GrpcClientProtocolClient (GrpcClientProtocolClient.java:onNext(255)) - client-C12DAE7A5037->3f4de2de-7d09-498f-aead-42327df81d94: receive RaftClientReply:client-C12DAE7A5037->3f4de2de-7d09-498f-aead-42327df81d94@group-C7908E81CC6B, cid=2957, SUCCESS, logIndex=4255, commits[3f4de2de-7d09-498f-aead-42327df81d94:c4258]
2019-08-05 04:38:08,062 INFO  client.GrpcClientProtocolClient (GrpcClientProtocolClient.java:onNext(255)) - client-C12DAE7A5037->3f4de2de-7d09-498f-aead-42327df81d94: receive RaftClientReply:client-C12DAE7A5037->3f4de2de-7d09-498f-aead-42327df81d94@group-C7908E81CC6B, cid=2958, SUCCESS, logIndex=4256, commits[3f4de2de-7d09-498f-aead-42327df81d94:c4259]
2019-08-05 04:38:08,063 INFO  client.GrpcClientProtocolClient (GrpcClientProtocolClient.java:onNext(255)) - client-C12DAE7A5037->3f4de2de-7d09-498f-aead-42327df81d94: receive RaftClientReply:client-C12DAE7A5037->3f4de2de-7d09-498f-aead-42327df81d94@group-C7908E81CC6B, cid=2959, SUCCESS, logIndex=4257, commits[3f4de2de-7d09-498f-aead-42327df81d94:c4259]
2019-08-05 04:38:08,063 INFO  client.GrpcClientProtocolClient (GrpcClientProtocolClient.java:onNext(255)) - client-C12DAE7A5037->3f4de2de-7d09-498f-aead-42327df81d94: receive RaftClientReply:client-C12DAE7A5037->3f4de2de-7d09-498f-aead-42327df81d94@group-C7908E81CC6B, cid=2960, SUCCESS, logIndex=4258, commits[3f4de2de-7d09-498f-aead-42327df81d94:c4259]
2019-08-05 04:38:08,145 DEBUG block.SCMBlockDeletingService (SCMBlockDeletingService.java:call(138)) - Running DeletedBlockTransactionScanner
2019-08-05 04:38:08,145 DEBUG block.SCMBlockDeletingService (SCMBlockDeletingService.java:call(155)) - Scanned deleted blocks log and got 0 delTX to process.
2019-08-05 04:38:08,215 INFO  client.GrpcClientProtocolClient (GrpcClientProtocolClient.java:onNext(255)) - client-C12DAE7A5037->3f4de2de-7d09-498f-aead-42327df81d94: receive RaftClientReply:client-C12DAE7A5037->3f4de2de-7d09-498f-aead-42327df81d94@group-C7908E81CC6B, cid=2961, SUCCESS, logIndex=4260, commits[3f4de2de-7d09-498f-aead-42327df81d94:c4263]
2019-08-05 04:38:08,216 INFO  client.GrpcClientProtocolClient (GrpcClientProtocolClient.java:onNext(255)) - client-C12DAE7A5037->3f4de2de-7d09-498f-aead-42327df81d94: receive RaftClientReply:client-C12DAE7A5037->3f4de2de-7d09-498f-aead-42327df81d94@group-C7908E81CC6B, cid=2962, SUCCESS, logIndex=4261, commits[3f4de2de-7d09-498f-aead-42327df81d94:c4263]
2019-08-05 04:38:08,217 INFO  client.GrpcClientProtocolClient (GrpcClientProtocolClient.java:onNext(255)) - client-C12DAE7A5037->3f4de2de-7d09-498f-aead-42327df81d94: receive RaftClientReply:client-C12DAE7A5037->3f4de2de-7d09-498f-aead-42327df81d94@group-C7908E81CC6B, cid=2963, SUCCESS, logIndex=4262, commits[3f4de2de-7d09-498f-aead-42327df81d94:c4263]
2019-08-05 04:38:08,217 INFO  client.GrpcClientProtocolClient (GrpcClientProtocolClient.java:onNext(255)) - client-C12DAE7A5037->3f4de2de-7d09-498f-aead-42327df81d94: receive RaftClientReply:client-C12DAE7A5037->3f4de2de-7d09-498f-aead-42327df81d94@group-C7908E81CC6B, cid=2964, SUCCESS, logIndex=4263, commits[3f4de2de-7d09-498f-aead-42327df81d94:c4263]
2019-08-05 04:38:08,238 INFO  client.GrpcClientProtocolClient (GrpcClientProtocolClient.java:onNext(255)) - client-C12DAE7A5037->3f4de2de-7d09-498f-aead-42327df81d94: receive RaftClientReply:client-C12DAE7A5037->3f4de2de-7d09-498f-aead-42327df81d94@group-C7908E81CC6B, cid=2965, SUCCESS, logIndex=4265, commits[3f4de2de-7d09-498f-aead-42327df81d94:c4266]
2019-08-05 04:38:08,238 INFO  client.GrpcClientProtocolClient (GrpcClientProtocolClient.java:onNext(255)) - client-C12DAE7A5037->3f4de2de-7d09-498f-aead-42327df81d94: receive RaftClientReply:client-C12DAE7A5037->3f4de2de-7d09-498f-aead-42327df81d94@group-C7908E81CC6B, cid=2966, SUCCESS, logIndex=4266, commits[3f4de2de-7d09-498f-aead-42327df81d94:c4268]
2019-08-05 04:38:08,238 INFO  client.GrpcClientProtocolClient (GrpcClientProtocolClient.java:onNext(255)) - client-C12DAE7A5037->3f4de2de-7d09-498f-aead-42327df81d94: receive RaftClientReply:client-C12DAE7A5037->3f4de2de-7d09-498f-aead-42327df81d94@group-C7908E81CC6B, cid=2967, SUCCESS, logIndex=4267, commits[3f4de2de-7d09-498f-aead-42327df81d94:c4269]
2019-08-05 04:38:08,239 INFO  client.GrpcClientProtocolClient (GrpcClientProtocolClient.java:onNext(255)) - client-C12DAE7A5037->3f4de2de-7d09-498f-aead-42327df81d94: receive RaftClientReply:client-C12DAE7A5037->3f4de2de-7d09-498f-aead-42327df81d94@group-C7908E81CC6B, cid=2968, SUCCESS, logIndex=4268, commits[3f4de2de-7d09-498f-aead-42327df81d94:c4269]
2019-08-05 04:38:08,246 DEBUG block.SCMBlockDeletingService (SCMBlockDeletingService.java:call(138)) - Running DeletedBlockTransactionScanner
2019-08-05 04:38:08,246 DEBUG block.SCMBlockDeletingService (SCMBlockDeletingService.java:call(155)) - Scanned deleted blocks log and got 0 delTX to process.
2019-08-05 04:38:08,275 INFO  client.GrpcClientProtocolClient (GrpcClientProtocolClient.java:onNext(255)) - client-C12DAE7A5037->3f4de2de-7d09-498f-aead-42327df81d94: receive RaftClientReply:client-C12DAE7A5037->3f4de2de-7d09-498f-aead-42327df81d94@group-C7908E81CC6B, cid=2969, SUCCESS, logIndex=4271, commits[3f4de2de-7d09-498f-aead-42327df81d94:c4274]
2019-08-05 04:38:08,275 INFO  client.GrpcClientProtocolClient (GrpcClientProtocolClient.java:onNext(255)) - client-C12DAE7A5037->3f4de2de-7d09-498f-aead-42327df81d94: receive RaftClientReply:client-C12DAE7A5037->3f4de2de-7d09-498f-aead-42327df81d94@group-C7908E81CC6B, cid=2970, SUCCESS, logIndex=4272, commits[3f4de2de-7d09-498f-aead-42327df81d94:c4275]
2019-08-05 04:38:08,276 INFO  client.GrpcClientProtocolClient (GrpcClientProtocolClient.java:onNext(255)) - client-C12DAE7A5037->3f4de2de-7d09-498f-aead-42327df81d94: receive RaftClientReply:client-C12DAE7A5037->3f4de2de-7d09-498f-aead-42327df81d94@group-C7908E81CC6B, cid=2971, SUCCESS, logIndex=4273, commits[3f4de2de-7d09-498f-aead-42327df81d94:c4275]
2019-08-05 04:38:08,276 INFO  client.GrpcClientProtocolClient (GrpcClientProtocolClient.java:onNext(255)) - client-C12DAE7A5037->3f4de2de-7d09-498f-aead-42327df81d94: receive RaftClientReply:client-C12DAE7A5037->3f4de2de-7d09-498f-aead-42327df81d94@group-C7908E81CC6B, cid=2972, SUCCESS, logIndex=4274, commits[3f4de2de-7d09-498f-aead-42327df81d94:c4275]
2019-08-05 04:38:08,297 INFO  client.GrpcClientProtocolClient (GrpcClientProtocolClient.java:onNext(255)) - client-C12DAE7A5037->3f4de2de-7d09-498f-aead-42327df81d94: receive RaftClientReply:client-C12DAE7A5037->3f4de2de-7d09-498f-aead-42327df81d94@group-C7908E81CC6B, cid=2973, SUCCESS, logIndex=4276, commits[3f4de2de-7d09-498f-aead-42327df81d94:c4279]
2019-08-05 04:38:08,297 INFO  client.GrpcClientProtocolClient (GrpcClientProtocolClient.java:onNext(255)) - client-C12DAE7A5037->3f4de2de-7d09-498f-aead-42327df81d94: receive RaftClientReply:client-C12DAE7A5037->3f4de2de-7d09-498f-aead-42327df81d94@group-C7908E81CC6B, cid=2974, SUCCESS, logIndex=4277, commits[3f4de2de-7d09-498f-aead-42327df81d94:c4280]
2019-08-05 04:38:08,298 INFO  client.GrpcClientProtocolClient (GrpcClientProtocolClient.java:onNext(255)) - client-C12DAE7A5037->3f4de2de-7d09-498f-aead-42327df81d94: receive RaftClientReply:client-C12DAE7A5037->3f4de2de-7d09-498f-aead-42327df81d94@group-C7908E81CC6B, cid=2975, SUCCESS, logIndex=4278, commits[3f4de2de-7d09-498f-aead-42327df81d94:c4280]
2019-08-05 04:38:08,298 INFO  client.GrpcClientProtocolClient (GrpcClientProtocolClient.java:onNext(255)) - client-C12DAE7A5037->3f4de2de-7d09-498f-aead-42327df81d94: receive RaftClientReply:client-C12DAE7A5037->3f4de2de-7d09-498f-aead-42327df81d94@group-C7908E81CC6B, cid=2976, SUCCESS, logIndex=4279, commits[3f4de2de-7d09-498f-aead-42327df81d94:c4281]
2019-08-05 04:38:08,329 INFO  client.GrpcClientProtocolClient (GrpcClientProtocolClient.java:onNext(255)) - client-C12DAE7A5037->3f4de2de-7d09-498f-aead-42327df81d94: receive RaftClientReply:client-C12DAE7A5037->3f4de2de-7d09-498f-aead-42327df81d94@group-C7908E81CC6B, cid=2977, SUCCESS, logIndex=4282, commits[3f4de2de-7d09-498f-aead-42327df81d94:c4285]
2019-08-05 04:38:08,330 INFO  client.GrpcClientProtocolClient (GrpcClientProtocolClient.java:onNext(255)) - client-C12DAE7A5037->3f4de2de-7d09-498f-aead-42327df81d94: receive RaftClientReply:client-C12DAE7A5037->3f4de2de-7d09-498f-aead-42327df81d94@group-C7908E81CC6B, cid=2978, SUCCESS, logIndex=4283, commits[3f4de2de-7d09-498f-aead-42327df81d94:c4286]
2019-08-05 04:38:08,330 INFO  client.GrpcClientProtocolClient (GrpcClientProtocolClient.java:onNext(255)) - client-C12DAE7A5037->3f4de2de-7d09-498f-aead-42327df81d94: receive RaftClientReply:client-C12DAE7A5037->3f4de2de-7d09-498f-aead-42327df81d94@group-C7908E81CC6B, cid=2979, SUCCESS, logIndex=4284, commits[3f4de2de-7d09-498f-aead-42327df81d94:c4286]
2019-08-05 04:38:08,331 INFO  client.GrpcClientProtocolClient (GrpcClientProtocolClient.java:onNext(255)) - client-C12DAE7A5037->3f4de2de-7d09-498f-aead-42327df81d94: receive RaftClientReply:client-C12DAE7A5037->3f4de2de-7d09-498f-aead-42327df81d94@group-C7908E81CC6B, cid=2980, SUCCESS, logIndex=4285, commits[3f4de2de-7d09-498f-aead-42327df81d94:c4286]
2019-08-05 04:38:08,347 DEBUG block.SCMBlockDeletingService (SCMBlockDeletingService.java:call(138)) - Running DeletedBlockTransactionScanner
2019-08-05 04:38:08,347 DEBUG block.SCMBlockDeletingService (SCMBlockDeletingService.java:call(155)) - Scanned deleted blocks log and got 0 delTX to process.
2019-08-05 04:38:08,350 INFO  client.GrpcClientProtocolClient (GrpcClientProtocolClient.java:onNext(255)) - client-C12DAE7A5037->3f4de2de-7d09-498f-aead-42327df81d94: receive RaftClientReply:client-C12DAE7A5037->3f4de2de-7d09-498f-aead-42327df81d94@group-C7908E81CC6B, cid=2981, SUCCESS, logIndex=4287, commits[3f4de2de-7d09-498f-aead-42327df81d94:c4288]
2019-08-05 04:38:08,351 INFO  client.GrpcClientProtocolClient (GrpcClientProtocolClient.java:onNext(255)) - client-C12DAE7A5037->3f4de2de-7d09-498f-aead-42327df81d94: receive RaftClientReply:client-C12DAE7A5037->3f4de2de-7d09-498f-aead-42327df81d94@group-C7908E81CC6B, cid=2982, SUCCESS, logIndex=4288, commits[3f4de2de-7d09-498f-aead-42327df81d94:c4290]
2019-08-05 04:38:08,351 INFO  client.GrpcClientProtocolClient (GrpcClientProtocolClient.java:onNext(255)) - client-C12DAE7A5037->3f4de2de-7d09-498f-aead-42327df81d94: receive RaftClientReply:client-C12DAE7A5037->3f4de2de-7d09-498f-aead-42327df81d94@group-C7908E81CC6B, cid=2983, SUCCESS, logIndex=4289, commits[3f4de2de-7d09-498f-aead-42327df81d94:c4291]
2019-08-05 04:38:08,352 INFO  client.GrpcClientProtocolClient (GrpcClientProtocolClient.java:onNext(255)) - client-C12DAE7A5037->3f4de2de-7d09-498f-aead-42327df81d94: receive RaftClientReply:client-C12DAE7A5037->3f4de2de-7d09-498f-aead-42327df81d94@group-C7908E81CC6B, cid=2984, SUCCESS, logIndex=4290, commits[3f4de2de-7d09-498f-aead-42327df81d94:c4292]
2019-08-05 04:38:08,398 INFO  client.GrpcClientProtocolClient (GrpcClientProtocolClient.java:onNext(255)) - client-C12DAE7A5037->3f4de2de-7d09-498f-aead-42327df81d94: receive RaftClientReply:client-C12DAE7A5037->3f4de2de-7d09-498f-aead-42327df81d94@group-C7908E81CC6B, cid=2985, SUCCESS, logIndex=4293, commits[3f4de2de-7d09-498f-aead-42327df81d94:c4296]
2019-08-05 04:38:08,399 INFO  client.GrpcClientProtocolClient (GrpcClientProtocolClient.java:onNext(255)) - client-C12DAE7A5037->3f4de2de-7d09-498f-aead-42327df81d94: receive RaftClientReply:client-C12DAE7A5037->3f4de2de-7d09-498f-aead-42327df81d94@group-C7908E81CC6B, cid=2986, SUCCESS, logIndex=4294, commits[3f4de2de-7d09-498f-aead-42327df81d94:c4296]
2019-08-05 04:38:08,400 INFO  client.GrpcClientProtocolClient (GrpcClientProtocolClient.java:onNext(255)) - client-C12DAE7A5037->3f4de2de-7d09-498f-aead-42327df81d94: receive RaftClientReply:client-C12DAE7A5037->3f4de2de-7d09-498f-aead-42327df81d94@group-C7908E81CC6B, cid=2987, SUCCESS, logIndex=4295, commits[3f4de2de-7d09-498f-aead-42327df81d94:c4296]
2019-08-05 04:38:08,400 INFO  client.GrpcClientProtocolClient (GrpcClientProtocolClient.java:onNext(255)) - client-C12DAE7A5037->3f4de2de-7d09-498f-aead-42327df81d94: receive RaftClientReply:client-C12DAE7A5037->3f4de2de-7d09-498f-aead-42327df81d94@group-C7908E81CC6B, cid=2988, SUCCESS, logIndex=4296, commits[3f4de2de-7d09-498f-aead-42327df81d94:c4296]
2019-08-05 04:38:08,424 INFO  client.GrpcClientProtocolClient (GrpcClientProtocolClient.java:onNext(255)) - client-C12DAE7A5037->3f4de2de-7d09-498f-aead-42327df81d94: receive RaftClientReply:client-C12DAE7A5037->3f4de2de-7d09-498f-aead-42327df81d94@group-C7908E81CC6B, cid=2989, SUCCESS, logIndex=4298, commits[3f4de2de-7d09-498f-aead-42327df81d94:c4301]
2019-08-05 04:38:08,424 INFO  client.GrpcClientProtocolClient (GrpcClientProtocolClient.java:onNext(255)) - client-C12DAE7A5037->3f4de2de-7d09-498f-aead-42327df81d94: receive RaftClientReply:client-C12DAE7A5037->3f4de2de-7d09-498f-aead-42327df81d94@group-C7908E81CC6B, cid=2990, SUCCESS, logIndex=4299, commits[3f4de2de-7d09-498f-aead-42327df81d94:c4302]
2019-08-05 04:38:08,425 INFO  client.GrpcClientProtocolClient (GrpcClientProtocolClient.java:onNext(255)) - client-C12DAE7A5037->3f4de2de-7d09-498f-aead-42327df81d94: receive RaftClientReply:client-C12DAE7A5037->3f4de2de-7d09-498f-aead-42327df81d94@group-C7908E81CC6B, cid=2991, SUCCESS, logIndex=4300, commits[3f4de2de-7d09-498f-aead-42327df81d94:c4302]
2019-08-05 04:38:08,425 INFO  client.GrpcClientProtocolClient (GrpcClientProtocolClient.java:onNext(255)) - client-C12DAE7A5037->3f4de2de-7d09-498f-aead-42327df81d94: receive RaftClientReply:client-C12DAE7A5037->3f4de2de-7d09-498f-aead-42327df81d94@group-C7908E81CC6B, cid=2992, SUCCESS, logIndex=4301, commits[3f4de2de-7d09-498f-aead-42327df81d94:c4302]
2019-08-05 04:38:08,447 DEBUG block.SCMBlockDeletingService (SCMBlockDeletingService.java:call(138)) - Running DeletedBlockTransactionScanner
2019-08-05 04:38:08,448 DEBUG block.SCMBlockDeletingService (SCMBlockDeletingService.java:call(155)) - Scanned deleted blocks log and got 0 delTX to process.
2019-08-05 04:38:08,459 INFO  client.GrpcClientProtocolClient (GrpcClientProtocolClient.java:onNext(255)) - client-C12DAE7A5037->3f4de2de-7d09-498f-aead-42327df81d94: receive RaftClientReply:client-C12DAE7A5037->3f4de2de-7d09-498f-aead-42327df81d94@group-C7908E81CC6B, cid=2993, SUCCESS, logIndex=4303, commits[3f4de2de-7d09-498f-aead-42327df81d94:c4306]
2019-08-05 04:38:08,460 INFO  client.GrpcClientProtocolClient (GrpcClientProtocolClient.java:onNext(255)) - client-C12DAE7A5037->3f4de2de-7d09-498f-aead-42327df81d94: receive RaftClientReply:client-C12DAE7A5037->3f4de2de-7d09-498f-aead-42327df81d94@group-C7908E81CC6B, cid=2994, SUCCESS, logIndex=4304, commits[3f4de2de-7d09-498f-aead-42327df81d94:c4307]
2019-08-05 04:38:08,460 INFO  client.GrpcClientProtocolClient (GrpcClientProtocolClient.java:onNext(255)) - client-C12DAE7A5037->3f4de2de-7d09-498f-aead-42327df81d94: receive RaftClientReply:client-C12DAE7A5037->3f4de2de-7d09-498f-aead-42327df81d94@group-C7908E81CC6B, cid=2995, SUCCESS, logIndex=4305, commits[3f4de2de-7d09-498f-aead-42327df81d94:c4307]
2019-08-05 04:38:08,460 INFO  client.GrpcClientProtocolClient (GrpcClientProtocolClient.java:onNext(255)) - client-C12DAE7A5037->3f4de2de-7d09-498f-aead-42327df81d94: receive RaftClientReply:client-C12DAE7A5037->3f4de2de-7d09-498f-aead-42327df81d94@group-C7908E81CC6B, cid=2996, SUCCESS, logIndex=4306, commits[3f4de2de-7d09-498f-aead-42327df81d94:c4308]
2019-08-05 04:38:08,481 INFO  client.GrpcClientProtocolClient (GrpcClientProtocolClient.java:onNext(255)) - client-C12DAE7A5037->3f4de2de-7d09-498f-aead-42327df81d94: receive RaftClientReply:client-C12DAE7A5037->3f4de2de-7d09-498f-aead-42327df81d94@group-C7908E81CC6B, cid=2997, SUCCESS, logIndex=4309, commits[3f4de2de-7d09-498f-aead-42327df81d94:c4310]
2019-08-05 04:38:08,481 INFO  client.GrpcClientProtocolClient (GrpcClientProtocolClient.java:onNext(255)) - client-C12DAE7A5037->3f4de2de-7d09-498f-aead-42327df81d94: receive RaftClientReply:client-C12DAE7A5037->3f4de2de-7d09-498f-aead-42327df81d94@group-C7908E81CC6B, cid=2998, SUCCESS, logIndex=4310, commits[3f4de2de-7d09-498f-aead-42327df81d94:c4310]
2019-08-05 04:38:08,483 INFO  client.GrpcClientProtocolClient (GrpcClientProtocolClient.java:onNext(255)) - client-C12DAE7A5037->3f4de2de-7d09-498f-aead-42327df81d94: receive RaftClientReply:client-C12DAE7A5037->3f4de2de-7d09-498f-aead-42327df81d94@group-C7908E81CC6B, cid=2999, SUCCESS, logIndex=4311, commits[3f4de2de-7d09-498f-aead-42327df81d94:c4312]
2019-08-05 04:38:08,483 INFO  client.GrpcClientProtocolClient (GrpcClientProtocolClient.java:onNext(255)) - client-C12DAE7A5037->3f4de2de-7d09-498f-aead-42327df81d94: receive RaftClientReply:client-C12DAE7A5037->3f4de2de-7d09-498f-aead-42327df81d94@group-C7908E81CC6B, cid=3000, SUCCESS, logIndex=4312, commits[3f4de2de-7d09-498f-aead-42327df81d94:c4312]
2019-08-05 04:38:08,519 INFO  client.GrpcClientProtocolClient (GrpcClientProtocolClient.java:onNext(255)) - client-C12DAE7A5037->3f4de2de-7d09-498f-aead-42327df81d94: receive RaftClientReply:client-C12DAE7A5037->3f4de2de-7d09-498f-aead-42327df81d94@group-C7908E81CC6B, cid=3001, SUCCESS, logIndex=4315, commits[3f4de2de-7d09-498f-aead-42327df81d94:c4318]
2019-08-05 04:38:08,520 INFO  client.GrpcClientProtocolClient (GrpcClientProtocolClient.java:onNext(255)) - client-C12DAE7A5037->3f4de2de-7d09-498f-aead-42327df81d94: receive RaftClientReply:client-C12DAE7A5037->3f4de2de-7d09-498f-aead-42327df81d94@group-C7908E81CC6B, cid=3002, SUCCESS, logIndex=4316, commits[3f4de2de-7d09-498f-aead-42327df81d94:c4319]
2019-08-05 04:38:08,520 INFO  client.GrpcClientProtocolClient (GrpcClientProtocolClient.java:onNext(255)) - client-C12DAE7A5037->3f4de2de-7d09-498f-aead-42327df81d94: receive RaftClientReply:client-C12DAE7A5037->3f4de2de-7d09-498f-aead-42327df81d94@group-C7908E81CC6B, cid=3003, SUCCESS, logIndex=4317, commits[3f4de2de-7d09-498f-aead-42327df81d94:c4319]
2019-08-05 04:38:08,520 INFO  client.GrpcClientProtocolClient (GrpcClientProtocolClient.java:onNext(255)) - client-C12DAE7A5037->3f4de2de-7d09-498f-aead-42327df81d94: receive RaftClientReply:client-C12DAE7A5037->3f4de2de-7d09-498f-aead-42327df81d94@group-C7908E81CC6B, cid=3004, SUCCESS, logIndex=4318, commits[3f4de2de-7d09-498f-aead-42327df81d94:c4319]
2019-08-05 04:38:08,591 DEBUG block.SCMBlockDeletingService (SCMBlockDeletingService.java:call(138)) - Running DeletedBlockTransactionScanner
2019-08-05 04:38:08,592 DEBUG block.SCMBlockDeletingService (SCMBlockDeletingService.java:call(155)) - Scanned deleted blocks log and got 0 delTX to process.
2019-08-05 04:38:08,692 DEBUG block.SCMBlockDeletingService (SCMBlockDeletingService.java:call(138)) - Running DeletedBlockTransactionScanner
2019-08-05 04:38:08,693 DEBUG block.SCMBlockDeletingService (SCMBlockDeletingService.java:call(155)) - Scanned deleted blocks log and got 0 delTX to process.
2019-08-05 04:38:08,748 INFO  client.GrpcClientProtocolClient (GrpcClientProtocolClient.java:onNext(255)) - client-C12DAE7A5037->3f4de2de-7d09-498f-aead-42327df81d94: receive RaftClientReply:client-C12DAE7A5037->3f4de2de-7d09-498f-aead-42327df81d94@group-C7908E81CC6B, cid=3005, SUCCESS, logIndex=4320, commits[3f4de2de-7d09-498f-aead-42327df81d94:c4323]
2019-08-05 04:38:08,748 INFO  client.GrpcClientProtocolClient (GrpcClientProtocolClient.java:onNext(255)) - client-C12DAE7A5037->3f4de2de-7d09-498f-aead-42327df81d94: receive RaftClientReply:client-C12DAE7A5037->3f4de2de-7d09-498f-aead-42327df81d94@group-C7908E81CC6B, cid=3006, SUCCESS, logIndex=4321, commits[3f4de2de-7d09-498f-aead-42327df81d94:c4323]
2019-08-05 04:38:08,749 INFO  client.GrpcClientProtocolClient (GrpcClientProtocolClient.java:onNext(255)) - client-C12DAE7A5037->3f4de2de-7d09-498f-aead-42327df81d94: receive RaftClientReply:client-C12DAE7A5037->3f4de2de-7d09-498f-aead-42327df81d94@group-C7908E81CC6B, cid=3007, SUCCESS, logIndex=4322, commits[3f4de2de-7d09-498f-aead-42327df81d94:c4323]
2019-08-05 04:38:08,749 INFO  client.GrpcClientProtocolClient (GrpcClientProtocolClient.java:onNext(255)) - client-C12DAE7A5037->3f4de2de-7d09-498f-aead-42327df81d94: receive RaftClientReply:client-C12DAE7A5037->3f4de2de-7d09-498f-aead-42327df81d94@group-C7908E81CC6B, cid=3008, SUCCESS, logIndex=4323, commits[3f4de2de-7d09-498f-aead-42327df81d94:c4323]
2019-08-05 04:38:08,783 INFO  client.GrpcClientProtocolClient (GrpcClientProtocolClient.java:onNext(255)) - client-C12DAE7A5037->3f4de2de-7d09-498f-aead-42327df81d94: receive RaftClientReply:client-C12DAE7A5037->3f4de2de-7d09-498f-aead-42327df81d94@group-C7908E81CC6B, cid=3009, SUCCESS, logIndex=4325, commits[3f4de2de-7d09-498f-aead-42327df81d94:c4328]
2019-08-05 04:38:08,784 INFO  client.GrpcClientProtocolClient (GrpcClientProtocolClient.java:onNext(255)) - client-C12DAE7A5037->3f4de2de-7d09-498f-aead-42327df81d94: receive RaftClientReply:client-C12DAE7A5037->3f4de2de-7d09-498f-aead-42327df81d94@group-C7908E81CC6B, cid=3010, SUCCESS, logIndex=4326, commits[3f4de2de-7d09-498f-aead-42327df81d94:c4329]
2019-08-05 04:38:08,784 INFO  client.GrpcClientProtocolClient (GrpcClientProtocolClient.java:onNext(255)) - client-C12DAE7A5037->3f4de2de-7d09-498f-aead-42327df81d94: receive RaftClientReply:client-C12DAE7A5037->3f4de2de-7d09-498f-aead-42327df81d94@group-C7908E81CC6B, cid=3011, SUCCESS, logIndex=4327, commits[3f4de2de-7d09-498f-aead-42327df81d94:c4329]
2019-08-05 04:38:08,785 INFO  client.GrpcClientProtocolClient (GrpcClientProtocolClient.java:onNext(255)) - client-C12DAE7A5037->3f4de2de-7d09-498f-aead-42327df81d94: receive RaftClientReply:client-C12DAE7A5037->3f4de2de-7d09-498f-aead-42327df81d94@group-C7908E81CC6B, cid=3012, SUCCESS, logIndex=4328, commits[3f4de2de-7d09-498f-aead-42327df81d94:c4329]
2019-08-05 04:38:08,793 DEBUG block.SCMBlockDeletingService (SCMBlockDeletingService.java:call(138)) - Running DeletedBlockTransactionScanner
2019-08-05 04:38:08,793 DEBUG block.SCMBlockDeletingService (SCMBlockDeletingService.java:call(155)) - Scanned deleted blocks log and got 0 delTX to process.
2019-08-05 04:38:08,810 INFO  client.GrpcClientProtocolClient (GrpcClientProtocolClient.java:onNext(255)) - client-C12DAE7A5037->3f4de2de-7d09-498f-aead-42327df81d94: receive RaftClientReply:client-C12DAE7A5037->3f4de2de-7d09-498f-aead-42327df81d94@group-C7908E81CC6B, cid=3013, SUCCESS, logIndex=4330, commits[3f4de2de-7d09-498f-aead-42327df81d94:c4333]
2019-08-05 04:38:08,811 INFO  client.GrpcClientProtocolClient (GrpcClientProtocolClient.java:onNext(255)) - client-C12DAE7A5037->3f4de2de-7d09-498f-aead-42327df81d94: receive RaftClientReply:client-C12DAE7A5037->3f4de2de-7d09-498f-aead-42327df81d94@group-C7908E81CC6B, cid=3014, SUCCESS, logIndex=4331, commits[3f4de2de-7d09-498f-aead-42327df81d94:c4334]
2019-08-05 04:38:08,811 INFO  client.GrpcClientProtocolClient (GrpcClientProtocolClient.java:onNext(255)) - client-C12DAE7A5037->3f4de2de-7d09-498f-aead-42327df81d94: receive RaftClientReply:client-C12DAE7A5037->3f4de2de-7d09-498f-aead-42327df81d94@group-C7908E81CC6B, cid=3015, SUCCESS, logIndex=4332, commits[3f4de2de-7d09-498f-aead-42327df81d94:c4334]
2019-08-05 04:38:08,811 INFO  client.GrpcClientProtocolClient (GrpcClientProtocolClient.java:onNext(255)) - client-C12DAE7A5037->3f4de2de-7d09-498f-aead-42327df81d94: receive RaftClientReply:client-C12DAE7A5037->3f4de2de-7d09-498f-aead-42327df81d94@group-C7908E81CC6B, cid=3016, SUCCESS, logIndex=4333, commits[3f4de2de-7d09-498f-aead-42327df81d94:c4334]
2019-08-05 04:38:08,847 INFO  client.GrpcClientProtocolClient (GrpcClientProtocolClient.java:onNext(255)) - client-C12DAE7A5037->3f4de2de-7d09-498f-aead-42327df81d94: receive RaftClientReply:client-C12DAE7A5037->3f4de2de-7d09-498f-aead-42327df81d94@group-C7908E81CC6B, cid=3017, SUCCESS, logIndex=4335, commits[3f4de2de-7d09-498f-aead-42327df81d94:c4338]
2019-08-05 04:38:08,847 INFO  client.GrpcClientProtocolClient (GrpcClientProtocolClient.java:onNext(255)) - client-C12DAE7A5037->3f4de2de-7d09-498f-aead-42327df81d94: receive RaftClientReply:client-C12DAE7A5037->3f4de2de-7d09-498f-aead-42327df81d94@group-C7908E81CC6B, cid=3018, SUCCESS, logIndex=4336, commits[3f4de2de-7d09-498f-aead-42327df81d94:c4339]
2019-08-05 04:38:08,848 INFO  client.GrpcClientProtocolClient (GrpcClientProtocolClient.java:onNext(255)) - client-C12DAE7A5037->3f4de2de-7d09-498f-aead-42327df81d94: receive RaftClientReply:client-C12DAE7A5037->3f4de2de-7d09-498f-aead-42327df81d94@group-C7908E81CC6B, cid=3019, SUCCESS, logIndex=4337, commits[3f4de2de-7d09-498f-aead-42327df81d94:c4339]
2019-08-05 04:38:08,848 INFO  client.GrpcClientProtocolClient (GrpcClientProtocolClient.java:onNext(255)) - client-C12DAE7A5037->3f4de2de-7d09-498f-aead-42327df81d94: receive RaftClientReply:client-C12DAE7A5037->3f4de2de-7d09-498f-aead-42327df81d94@group-C7908E81CC6B, cid=3020, SUCCESS, logIndex=4338, commits[3f4de2de-7d09-498f-aead-42327df81d94:c4339]
2019-08-05 04:38:08,871 INFO  client.GrpcClientProtocolClient (GrpcClientProtocolClient.java:onNext(255)) - client-C12DAE7A5037->3f4de2de-7d09-498f-aead-42327df81d94: receive RaftClientReply:client-C12DAE7A5037->3f4de2de-7d09-498f-aead-42327df81d94@group-C7908E81CC6B, cid=3021, SUCCESS, logIndex=4340, commits[3f4de2de-7d09-498f-aead-42327df81d94:c4343]
2019-08-05 04:38:08,872 INFO  client.GrpcClientProtocolClient (GrpcClientProtocolClient.java:onNext(255)) - client-C12DAE7A5037->3f4de2de-7d09-498f-aead-42327df81d94: receive RaftClientReply:client-C12DAE7A5037->3f4de2de-7d09-498f-aead-42327df81d94@group-C7908E81CC6B, cid=3022, SUCCESS, logIndex=4341, commits[3f4de2de-7d09-498f-aead-42327df81d94:c4343]
2019-08-05 04:38:08,872 INFO  client.GrpcClientProtocolClient (GrpcClientProtocolClient.java:onNext(255)) - client-C12DAE7A5037->3f4de2de-7d09-498f-aead-42327df81d94: receive RaftClientReply:client-C12DAE7A5037->3f4de2de-7d09-498f-aead-42327df81d94@group-C7908E81CC6B, cid=3023, SUCCESS, logIndex=4342, commits[3f4de2de-7d09-498f-aead-42327df81d94:c4343]
2019-08-05 04:38:08,873 INFO  client.GrpcClientProtocolClient (GrpcClientProtocolClient.java:onNext(255)) - client-C12DAE7A5037->3f4de2de-7d09-498f-aead-42327df81d94: receive RaftClientReply:client-C12DAE7A5037->3f4de2de-7d09-498f-aead-42327df81d94@group-C7908E81CC6B, cid=3024, SUCCESS, logIndex=4343, commits[3f4de2de-7d09-498f-aead-42327df81d94:c4344]
2019-08-05 04:38:08,894 DEBUG block.SCMBlockDeletingService (SCMBlockDeletingService.java:call(138)) - Running DeletedBlockTransactionScanner
2019-08-05 04:38:08,894 DEBUG block.SCMBlockDeletingService (SCMBlockDeletingService.java:call(155)) - Scanned deleted blocks log and got 0 delTX to process.
2019-08-05 04:38:08,906 INFO  client.GrpcClientProtocolClient (GrpcClientProtocolClient.java:onNext(255)) - client-C12DAE7A5037->3f4de2de-7d09-498f-aead-42327df81d94: receive RaftClientReply:client-C12DAE7A5037->3f4de2de-7d09-498f-aead-42327df81d94@group-C7908E81CC6B, cid=3025, SUCCESS, logIndex=4345, commits[3f4de2de-7d09-498f-aead-42327df81d94:c4348]
2019-08-05 04:38:08,907 INFO  client.GrpcClientProtocolClient (GrpcClientProtocolClient.java:onNext(255)) - client-C12DAE7A5037->3f4de2de-7d09-498f-aead-42327df81d94: receive RaftClientReply:client-C12DAE7A5037->3f4de2de-7d09-498f-aead-42327df81d94@group-C7908E81CC6B, cid=3026, SUCCESS, logIndex=4346, commits[3f4de2de-7d09-498f-aead-42327df81d94:c4349]
2019-08-05 04:38:08,907 INFO  client.GrpcClientProtocolClient (GrpcClientProtocolClient.java:onNext(255)) - client-C12DAE7A5037->3f4de2de-7d09-498f-aead-42327df81d94: receive RaftClientReply:client-C12DAE7A5037->3f4de2de-7d09-498f-aead-42327df81d94@group-C7908E81CC6B, cid=3027, SUCCESS, logIndex=4347, commits[3f4de2de-7d09-498f-aead-42327df81d94:c4349]
2019-08-05 04:38:08,907 INFO  client.GrpcClientProtocolClient (GrpcClientProtocolClient.java:onNext(255)) - client-C12DAE7A5037->3f4de2de-7d09-498f-aead-42327df81d94: receive RaftClientReply:client-C12DAE7A5037->3f4de2de-7d09-498f-aead-42327df81d94@group-C7908E81CC6B, cid=3028, SUCCESS, logIndex=4348, commits[3f4de2de-7d09-498f-aead-42327df81d94:c4349]
2019-08-05 04:38:08,930 INFO  client.GrpcClientProtocolClient (GrpcClientProtocolClient.java:onNext(255)) - client-C12DAE7A5037->3f4de2de-7d09-498f-aead-42327df81d94: receive RaftClientReply:client-C12DAE7A5037->3f4de2de-7d09-498f-aead-42327df81d94@group-C7908E81CC6B, cid=3029, SUCCESS, logIndex=4350, commits[3f4de2de-7d09-498f-aead-42327df81d94:c4353]
2019-08-05 04:38:08,931 INFO  client.GrpcClientProtocolClient (GrpcClientProtocolClient.java:onNext(255)) - client-C12DAE7A5037->3f4de2de-7d09-498f-aead-42327df81d94: receive RaftClientReply:client-C12DAE7A5037->3f4de2de-7d09-498f-aead-42327df81d94@group-C7908E81CC6B, cid=3030, SUCCESS, logIndex=4351, commits[3f4de2de-7d09-498f-aead-42327df81d94:c4354]
2019-08-05 04:38:08,931 INFO  client.GrpcClientProtocolClient (GrpcClientProtocolClient.java:onNext(255)) - client-C12DAE7A5037->3f4de2de-7d09-498f-aead-42327df81d94: receive RaftClientReply:client-C12DAE7A5037->3f4de2de-7d09-498f-aead-42327df81d94@group-C7908E81CC6B, cid=3031, SUCCESS, logIndex=4352, commits[3f4de2de-7d09-498f-aead-42327df81d94:c4354]
2019-08-05 04:38:08,932 INFO  client.GrpcClientProtocolClient (GrpcClientProtocolClient.java:onNext(255)) - client-C12DAE7A5037->3f4de2de-7d09-498f-aead-42327df81d94: receive RaftClientReply:client-C12DAE7A5037->3f4de2de-7d09-498f-aead-42327df81d94@group-C7908E81CC6B, cid=3032, SUCCESS, logIndex=4353, commits[3f4de2de-7d09-498f-aead-42327df81d94:c4354]
2019-08-05 04:38:08,964 INFO  client.GrpcClientProtocolClient (GrpcClientProtocolClient.java:onNext(255)) - client-C12DAE7A5037->3f4de2de-7d09-498f-aead-42327df81d94: receive RaftClientReply:client-C12DAE7A5037->3f4de2de-7d09-498f-aead-42327df81d94@group-C7908E81CC6B, cid=3033, SUCCESS, logIndex=4355, commits[3f4de2de-7d09-498f-aead-42327df81d94:c4358]
2019-08-05 04:38:08,965 INFO  client.GrpcClientProtocolClient (GrpcClientProtocolClient.java:onNext(255)) - client-C12DAE7A5037->3f4de2de-7d09-498f-aead-42327df81d94: receive RaftClientReply:client-C12DAE7A5037->3f4de2de-7d09-498f-aead-42327df81d94@group-C7908E81CC6B, cid=3034, SUCCESS, logIndex=4356, commits[3f4de2de-7d09-498f-aead-42327df81d94:c4359]
2019-08-05 04:38:08,966 INFO  client.GrpcClientProtocolClient (GrpcClientProtocolClient.java:onNext(255)) - client-C12DAE7A5037->3f4de2de-7d09-498f-aead-42327df81d94: receive RaftClientReply:client-C12DAE7A5037->3f4de2de-7d09-498f-aead-42327df81d94@group-C7908E81CC6B, cid=3035, SUCCESS, logIndex=4357, commits[3f4de2de-7d09-498f-aead-42327df81d94:c4359]
2019-08-05 04:38:08,966 INFO  client.GrpcClientProtocolClient (GrpcClientProtocolClient.java:onNext(255)) - client-C12DAE7A5037->3f4de2de-7d09-498f-aead-42327df81d94: receive RaftClientReply:client-C12DAE7A5037->3f4de2de-7d09-498f-aead-42327df81d94@group-C7908E81CC6B, cid=3036, SUCCESS, logIndex=4358, commits[3f4de2de-7d09-498f-aead-42327df81d94:c4359]
2019-08-05 04:38:08,986 INFO  client.GrpcClientProtocolClient (GrpcClientProtocolClient.java:onNext(255)) - client-C12DAE7A5037->3f4de2de-7d09-498f-aead-42327df81d94: receive RaftClientReply:client-C12DAE7A5037->3f4de2de-7d09-498f-aead-42327df81d94@group-C7908E81CC6B, cid=3037, SUCCESS, logIndex=4360, commits[3f4de2de-7d09-498f-aead-42327df81d94:c4361]
2019-08-05 04:38:08,986 INFO  client.GrpcClientProtocolClient (GrpcClientProtocolClient.java:onNext(255)) - client-C12DAE7A5037->3f4de2de-7d09-498f-aead-42327df81d94: receive RaftClientReply:client-C12DAE7A5037->3f4de2de-7d09-498f-aead-42327df81d94@group-C7908E81CC6B, cid=3038, SUCCESS, logIndex=4361, commits[3f4de2de-7d09-498f-aead-42327df81d94:c4361]
2019-08-05 04:38:08,987 INFO  client.GrpcClientProtocolClient (GrpcClientProtocolClient.java:onNext(255)) - client-C12DAE7A5037->3f4de2de-7d09-498f-aead-42327df81d94: receive RaftClientReply:client-C12DAE7A5037->3f4de2de-7d09-498f-aead-42327df81d94@group-C7908E81CC6B, cid=3039, SUCCESS, logIndex=4362, commits[3f4de2de-7d09-498f-aead-42327df81d94:c4363]
2019-08-05 04:38:08,988 INFO  client.GrpcClientProtocolClient (GrpcClientProtocolClient.java:onNext(255)) - client-C12DAE7A5037->3f4de2de-7d09-498f-aead-42327df81d94: receive RaftClientReply:client-C12DAE7A5037->3f4de2de-7d09-498f-aead-42327df81d94@group-C7908E81CC6B, cid=3040, SUCCESS, logIndex=4363, commits[3f4de2de-7d09-498f-aead-42327df81d94:c4363]
2019-08-05 04:38:08,994 DEBUG block.SCMBlockDeletingService (SCMBlockDeletingService.java:call(138)) - Running DeletedBlockTransactionScanner
2019-08-05 04:38:08,995 DEBUG block.SCMBlockDeletingService (SCMBlockDeletingService.java:call(155)) - Scanned deleted blocks log and got 0 delTX to process.
2019-08-05 04:38:09,025 INFO  client.GrpcClientProtocolClient (GrpcClientProtocolClient.java:onNext(255)) - client-C12DAE7A5037->3f4de2de-7d09-498f-aead-42327df81d94: receive RaftClientReply:client-C12DAE7A5037->3f4de2de-7d09-498f-aead-42327df81d94@group-C7908E81CC6B, cid=3041, SUCCESS, logIndex=4366, commits[3f4de2de-7d09-498f-aead-42327df81d94:c4367]
2019-08-05 04:38:09,026 INFO  client.GrpcClientProtocolClient (GrpcClientProtocolClient.java:onNext(255)) - client-C12DAE7A5037->3f4de2de-7d09-498f-aead-42327df81d94: receive RaftClientReply:client-C12DAE7A5037->3f4de2de-7d09-498f-aead-42327df81d94@group-C7908E81CC6B, cid=3042, SUCCESS, logIndex=4367, commits[3f4de2de-7d09-498f-aead-42327df81d94:c4367]
2019-08-05 04:38:09,026 INFO  client.GrpcClientProtocolClient (GrpcClientProtocolClient.java:onNext(255)) - client-C12DAE7A5037->3f4de2de-7d09-498f-aead-42327df81d94: receive RaftClientReply:client-C12DAE7A5037->3f4de2de-7d09-498f-aead-42327df81d94@group-C7908E81CC6B, cid=3043, SUCCESS, logIndex=4368, commits[3f4de2de-7d09-498f-aead-42327df81d94:c4369]
2019-08-05 04:38:09,026 INFO  client.GrpcClientProtocolClient (GrpcClientProtocolClient.java:onNext(255)) - client-C12DAE7A5037->3f4de2de-7d09-498f-aead-42327df81d94: receive RaftClientReply:client-C12DAE7A5037->3f4de2de-7d09-498f-aead-42327df81d94@group-C7908E81CC6B, cid=3044, SUCCESS, logIndex=4369, commits[3f4de2de-7d09-498f-aead-42327df81d94:c4369]
2019-08-05 04:38:09,051 INFO  client.GrpcClientProtocolClient (GrpcClientProtocolClient.java:onNext(255)) - client-C12DAE7A5037->3f4de2de-7d09-498f-aead-42327df81d94: receive RaftClientReply:client-C12DAE7A5037->3f4de2de-7d09-498f-aead-42327df81d94@group-C7908E81CC6B, cid=3045, SUCCESS, logIndex=4372, commits[3f4de2de-7d09-498f-aead-42327df81d94:c4375]
2019-08-05 04:38:09,051 INFO  client.GrpcClientProtocolClient (GrpcClientProtocolClient.java:onNext(255)) - client-C12DAE7A5037->3f4de2de-7d09-498f-aead-42327df81d94: receive RaftClientReply:client-C12DAE7A5037->3f4de2de-7d09-498f-aead-42327df81d94@group-C7908E81CC6B, cid=3046, SUCCESS, logIndex=4373, commits[3f4de2de-7d09-498f-aead-42327df81d94:c4376]
2019-08-05 04:38:09,052 INFO  client.GrpcClientProtocolClient (GrpcClientProtocolClient.java:onNext(255)) - client-C12DAE7A5037->3f4de2de-7d09-498f-aead-42327df81d94: receive RaftClientReply:client-C12DAE7A5037->3f4de2de-7d09-498f-aead-42327df81d94@group-C7908E81CC6B, cid=3047, SUCCESS, logIndex=4374, commits[3f4de2de-7d09-498f-aead-42327df81d94:c4376]
2019-08-05 04:38:09,052 INFO  client.GrpcClientProtocolClient (GrpcClientProtocolClient.java:onNext(255)) - client-C12DAE7A5037->3f4de2de-7d09-498f-aead-42327df81d94: receive RaftClientReply:client-C12DAE7A5037->3f4de2de-7d09-498f-aead-42327df81d94@group-C7908E81CC6B, cid=3048, SUCCESS, logIndex=4375, commits[3f4de2de-7d09-498f-aead-42327df81d94:c4376]
2019-08-05 04:38:09,083 INFO  client.GrpcClientProtocolClient (GrpcClientProtocolClient.java:onNext(255)) - client-C12DAE7A5037->3f4de2de-7d09-498f-aead-42327df81d94: receive RaftClientReply:client-C12DAE7A5037->3f4de2de-7d09-498f-aead-42327df81d94@group-C7908E81CC6B, cid=3049, SUCCESS, logIndex=4377, commits[3f4de2de-7d09-498f-aead-42327df81d94:c4378]
2019-08-05 04:38:09,083 INFO  client.GrpcClientProtocolClient (GrpcClientProtocolClient.java:onNext(255)) - client-C12DAE7A5037->3f4de2de-7d09-498f-aead-42327df81d94: receive RaftClientReply:client-C12DAE7A5037->3f4de2de-7d09-498f-aead-42327df81d94@group-C7908E81CC6B, cid=3050, SUCCESS, logIndex=4378, commits[3f4de2de-7d09-498f-aead-42327df81d94:c4379]
2019-08-05 04:38:09,095 DEBUG block.SCMBlockDeletingService (SCMBlockDeletingService.java:call(138)) - Running DeletedBlockTransactionScanner
2019-08-05 04:38:09,095 DEBUG block.SCMBlockDeletingService (SCMBlockDeletingService.java:call(155)) - Scanned deleted blocks log and got 0 delTX to process.
2019-08-05 04:38:09,196 DEBUG block.SCMBlockDeletingService (SCMBlockDeletingService.java:call(138)) - Running DeletedBlockTransactionScanner
2019-08-05 04:38:09,196 DEBUG block.SCMBlockDeletingService (SCMBlockDeletingService.java:call(155)) - Scanned deleted blocks log and got 0 delTX to process.
2019-08-05 04:38:09,198 INFO  client.GrpcClientProtocolClient (GrpcClientProtocolClient.java:onNext(255)) - client-C12DAE7A5037->3f4de2de-7d09-498f-aead-42327df81d94: receive RaftClientReply:client-C12DAE7A5037->3f4de2de-7d09-498f-aead-42327df81d94@group-C7908E81CC6B, cid=3051, SUCCESS, logIndex=4380, commits[3f4de2de-7d09-498f-aead-42327df81d94:c4381]
2019-08-05 04:38:09,198 INFO  client.GrpcClientProtocolClient (GrpcClientProtocolClient.java:onNext(255)) - client-C12DAE7A5037->3f4de2de-7d09-498f-aead-42327df81d94: receive RaftClientReply:client-C12DAE7A5037->3f4de2de-7d09-498f-aead-42327df81d94@group-C7908E81CC6B, cid=3052, SUCCESS, logIndex=4381, commits[3f4de2de-7d09-498f-aead-42327df81d94:c4382]
2019-08-05 04:38:09,218 INFO  client.GrpcClientProtocolClient (GrpcClientProtocolClient.java:onNext(255)) - client-C12DAE7A5037->3f4de2de-7d09-498f-aead-42327df81d94: receive RaftClientReply:client-C12DAE7A5037->3f4de2de-7d09-498f-aead-42327df81d94@group-C7908E81CC6B, cid=3053, SUCCESS, logIndex=4383, commits[3f4de2de-7d09-498f-aead-42327df81d94:c4386]
2019-08-05 04:38:09,218 INFO  client.GrpcClientProtocolClient (GrpcClientProtocolClient.java:onNext(255)) - client-C12DAE7A5037->3f4de2de-7d09-498f-aead-42327df81d94: receive RaftClientReply:client-C12DAE7A5037->3f4de2de-7d09-498f-aead-42327df81d94@group-C7908E81CC6B, cid=3054, SUCCESS, logIndex=4384, commits[3f4de2de-7d09-498f-aead-42327df81d94:c4387]
2019-08-05 04:38:09,219 INFO  client.GrpcClientProtocolClient (GrpcClientProtocolClient.java:onNext(255)) - client-C12DAE7A5037->3f4de2de-7d09-498f-aead-42327df81d94: receive RaftClientReply:client-C12DAE7A5037->3f4de2de-7d09-498f-aead-42327df81d94@group-C7908E81CC6B, cid=3055, SUCCESS, logIndex=4385, commits[3f4de2de-7d09-498f-aead-42327df81d94:c4387]
2019-08-05 04:38:09,219 INFO  client.GrpcClientProtocolClient (GrpcClientProtocolClient.java:onNext(255)) - client-C12DAE7A5037->3f4de2de-7d09-498f-aead-42327df81d94: receive RaftClientReply:client-C12DAE7A5037->3f4de2de-7d09-498f-aead-42327df81d94@group-C7908E81CC6B, cid=3056, SUCCESS, logIndex=4386, commits[3f4de2de-7d09-498f-aead-42327df81d94:c4387]
2019-08-05 04:38:09,246 INFO  client.GrpcClientProtocolClient (GrpcClientProtocolClient.java:onNext(255)) - client-C12DAE7A5037->3f4de2de-7d09-498f-aead-42327df81d94: receive RaftClientReply:client-C12DAE7A5037->3f4de2de-7d09-498f-aead-42327df81d94@group-C7908E81CC6B, cid=3057, SUCCESS, logIndex=4388, commits[3f4de2de-7d09-498f-aead-42327df81d94:c4391]
2019-08-05 04:38:09,247 INFO  client.GrpcClientProtocolClient (GrpcClientProtocolClient.java:onNext(255)) - client-C12DAE7A5037->3f4de2de-7d09-498f-aead-42327df81d94: receive RaftClientReply:client-C12DAE7A5037->3f4de2de-7d09-498f-aead-42327df81d94@group-C7908E81CC6B, cid=3058, SUCCESS, logIndex=4389, commits[3f4de2de-7d09-498f-aead-42327df81d94:c4392]
2019-08-05 04:38:09,247 INFO  client.GrpcClientProtocolClient (GrpcClientProtocolClient.java:onNext(255)) - client-C12DAE7A5037->3f4de2de-7d09-498f-aead-42327df81d94: receive RaftClientReply:client-C12DAE7A5037->3f4de2de-7d09-498f-aead-42327df81d94@group-C7908E81CC6B, cid=3059, SUCCESS, logIndex=4390, commits[3f4de2de-7d09-498f-aead-42327df81d94:c4392]
2019-08-05 04:38:09,247 INFO  client.GrpcClientProtocolClient (GrpcClientProtocolClient.java:onNext(255)) - client-C12DAE7A5037->3f4de2de-7d09-498f-aead-42327df81d94: receive RaftClientReply:client-C12DAE7A5037->3f4de2de-7d09-498f-aead-42327df81d94@group-C7908E81CC6B, cid=3060, SUCCESS, logIndex=4391, commits[3f4de2de-7d09-498f-aead-42327df81d94:c4392]
2019-08-05 04:38:09,265 INFO  client.GrpcClientProtocolClient (GrpcClientProtocolClient.java:onNext(255)) - client-C12DAE7A5037->3f4de2de-7d09-498f-aead-42327df81d94: receive RaftClientReply:client-C12DAE7A5037->3f4de2de-7d09-498f-aead-42327df81d94@group-C7908E81CC6B, cid=3061, SUCCESS, logIndex=4393, commits[3f4de2de-7d09-498f-aead-42327df81d94:c4394]
2019-08-05 04:38:09,266 INFO  client.GrpcClientProtocolClient (GrpcClientProtocolClient.java:onNext(255)) - client-C12DAE7A5037->3f4de2de-7d09-498f-aead-42327df81d94: receive RaftClientReply:client-C12DAE7A5037->3f4de2de-7d09-498f-aead-42327df81d94@group-C7908E81CC6B, cid=3062, SUCCESS, logIndex=4394, commits[3f4de2de-7d09-498f-aead-42327df81d94:c4394]
2019-08-05 04:38:09,267 INFO  client.GrpcClientProtocolClient (GrpcClientProtocolClient.java:onNext(255)) - client-C12DAE7A5037->3f4de2de-7d09-498f-aead-42327df81d94: receive RaftClientReply:client-C12DAE7A5037->3f4de2de-7d09-498f-aead-42327df81d94@group-C7908E81CC6B, cid=3063, SUCCESS, logIndex=4395, commits[3f4de2de-7d09-498f-aead-42327df81d94:c4396]
2019-08-05 04:38:09,268 INFO  client.GrpcClientProtocolClient (GrpcClientProtocolClient.java:onNext(255)) - client-C12DAE7A5037->3f4de2de-7d09-498f-aead-42327df81d94: receive RaftClientReply:client-C12DAE7A5037->3f4de2de-7d09-498f-aead-42327df81d94@group-C7908E81CC6B, cid=3064, SUCCESS, logIndex=4396, commits[3f4de2de-7d09-498f-aead-42327df81d94:c4396]
2019-08-05 04:38:09,297 DEBUG block.SCMBlockDeletingService (SCMBlockDeletingService.java:call(138)) - Running DeletedBlockTransactionScanner
2019-08-05 04:38:09,297 DEBUG block.SCMBlockDeletingService (SCMBlockDeletingService.java:call(155)) - Scanned deleted blocks log and got 0 delTX to process.
2019-08-05 04:38:09,298 INFO  client.GrpcClientProtocolClient (GrpcClientProtocolClient.java:onNext(255)) - client-C12DAE7A5037->3f4de2de-7d09-498f-aead-42327df81d94: receive RaftClientReply:client-C12DAE7A5037->3f4de2de-7d09-498f-aead-42327df81d94@group-C7908E81CC6B, cid=3065, SUCCESS, logIndex=4399, commits[3f4de2de-7d09-498f-aead-42327df81d94:c4400]
2019-08-05 04:38:09,298 INFO  client.GrpcClientProtocolClient (GrpcClientProtocolClient.java:onNext(255)) - client-C12DAE7A5037->3f4de2de-7d09-498f-aead-42327df81d94: receive RaftClientReply:client-C12DAE7A5037->3f4de2de-7d09-498f-aead-42327df81d94@group-C7908E81CC6B, cid=3066, SUCCESS, logIndex=4400, commits[3f4de2de-7d09-498f-aead-42327df81d94:c4400]
2019-08-05 04:38:09,300 INFO  client.GrpcClientProtocolClient (GrpcClientProtocolClient.java:onNext(255)) - client-C12DAE7A5037->3f4de2de-7d09-498f-aead-42327df81d94: receive RaftClientReply:client-C12DAE7A5037->3f4de2de-7d09-498f-aead-42327df81d94@group-C7908E81CC6B, cid=3067, SUCCESS, logIndex=4401, commits[3f4de2de-7d09-498f-aead-42327df81d94:c4402]
2019-08-05 04:38:09,300 INFO  client.GrpcClientProtocolClient (GrpcClientProtocolClient.java:onNext(255)) - client-C12DAE7A5037->3f4de2de-7d09-498f-aead-42327df81d94: receive RaftClientReply:client-C12DAE7A5037->3f4de2de-7d09-498f-aead-42327df81d94@group-C7908E81CC6B, cid=3068, SUCCESS, logIndex=4402, commits[3f4de2de-7d09-498f-aead-42327df81d94:c4402]
2019-08-05 04:38:09,312 INFO  client.GrpcClientProtocolClient (GrpcClientProtocolClient.java:onNext(255)) - client-C12DAE7A5037->3f4de2de-7d09-498f-aead-42327df81d94: receive RaftClientReply:client-C12DAE7A5037->3f4de2de-7d09-498f-aead-42327df81d94@group-C7908E81CC6B, cid=3069, SUCCESS, logIndex=4405, commits[3f4de2de-7d09-498f-aead-42327df81d94:c4408]
2019-08-05 04:38:09,312 INFO  client.GrpcClientProtocolClient (GrpcClientProtocolClient.java:onNext(255)) - client-C12DAE7A5037->3f4de2de-7d09-498f-aead-42327df81d94: receive RaftClientReply:client-C12DAE7A5037->3f4de2de-7d09-498f-aead-42327df81d94@group-C7908E81CC6B, cid=3070, SUCCESS, logIndex=4406, commits[3f4de2de-7d09-498f-aead-42327df81d94:c4408]
2019-08-05 04:38:09,313 INFO  client.GrpcClientProtocolClient (GrpcClientProtocolClient.java:onNext(255)) - client-C12DAE7A5037->3f4de2de-7d09-498f-aead-42327df81d94: receive RaftClientReply:client-C12DAE7A5037->3f4de2de-7d09-498f-aead-42327df81d94@group-C7908E81CC6B, cid=3071, SUCCESS, logIndex=4407, commits[3f4de2de-7d09-498f-aead-42327df81d94:c4409]
2019-08-05 04:38:09,313 INFO  client.GrpcClientProtocolClient (GrpcClientProtocolClient.java:onNext(255)) - client-C12DAE7A5037->3f4de2de-7d09-498f-aead-42327df81d94: receive RaftClientReply:client-C12DAE7A5037->3f4de2de-7d09-498f-aead-42327df81d94@group-C7908E81CC6B, cid=3072, SUCCESS, logIndex=4408, commits[3f4de2de-7d09-498f-aead-42327df81d94:c4409]
2019-08-05 04:38:09,342 INFO  client.GrpcClientProtocolClient (GrpcClientProtocolClient.java:onNext(255)) - client-C12DAE7A5037->3f4de2de-7d09-498f-aead-42327df81d94: receive RaftClientReply:client-C12DAE7A5037->3f4de2de-7d09-498f-aead-42327df81d94@group-C7908E81CC6B, cid=3073, SUCCESS, logIndex=4410, commits[3f4de2de-7d09-498f-aead-42327df81d94:c4413]
2019-08-05 04:38:09,343 INFO  client.GrpcClientProtocolClient (GrpcClientProtocolClient.java:onNext(255)) - client-C12DAE7A5037->3f4de2de-7d09-498f-aead-42327df81d94: receive RaftClientReply:client-C12DAE7A5037->3f4de2de-7d09-498f-aead-42327df81d94@group-C7908E81CC6B, cid=3074, SUCCESS, logIndex=4411, commits[3f4de2de-7d09-498f-aead-42327df81d94:c4414]
2019-08-05 04:38:09,343 INFO  client.GrpcClientProtocolClient (GrpcClientProtocolClient.java:onNext(255)) - client-C12DAE7A5037->3f4de2de-7d09-498f-aead-42327df81d94: receive RaftClientReply:client-C12DAE7A5037->3f4de2de-7d09-498f-aead-42327df81d94@group-C7908E81CC6B, cid=3075, SUCCESS, logIndex=4412, commits[3f4de2de-7d09-498f-aead-42327df81d94:c4414]
2019-08-05 04:38:09,343 INFO  client.GrpcClientProtocolClient (GrpcClientProtocolClient.java:onNext(255)) - client-C12DAE7A5037->3f4de2de-7d09-498f-aead-42327df81d94: receive RaftClientReply:client-C12DAE7A5037->3f4de2de-7d09-498f-aead-42327df81d94@group-C7908E81CC6B, cid=3076, SUCCESS, logIndex=4413, commits[3f4de2de-7d09-498f-aead-42327df81d94:c4414]
2019-08-05 04:38:09,363 INFO  client.GrpcClientProtocolClient (GrpcClientProtocolClient.java:onNext(255)) - client-C12DAE7A5037->3f4de2de-7d09-498f-aead-42327df81d94: receive RaftClientReply:client-C12DAE7A5037->3f4de2de-7d09-498f-aead-42327df81d94@group-C7908E81CC6B, cid=3077, SUCCESS, logIndex=4415, commits[3f4de2de-7d09-498f-aead-42327df81d94:c4418]
2019-08-05 04:38:09,364 INFO  client.GrpcClientProtocolClient (GrpcClientProtocolClient.java:onNext(255)) - client-C12DAE7A5037->3f4de2de-7d09-498f-aead-42327df81d94: receive RaftClientReply:client-C12DAE7A5037->3f4de2de-7d09-498f-aead-42327df81d94@group-C7908E81CC6B, cid=3078, SUCCESS, logIndex=4416, commits[3f4de2de-7d09-498f-aead-42327df81d94:c4418]
2019-08-05 04:38:09,364 INFO  client.GrpcClientProtocolClient (GrpcClientProtocolClient.java:onNext(255)) - client-C12DAE7A5037->3f4de2de-7d09-498f-aead-42327df81d94: receive RaftClientReply:client-C12DAE7A5037->3f4de2de-7d09-498f-aead-42327df81d94@group-C7908E81CC6B, cid=3079, SUCCESS, logIndex=4417, commits[3f4de2de-7d09-498f-aead-42327df81d94:c4419]
2019-08-05 04:38:09,364 INFO  client.GrpcClientProtocolClient (GrpcClientProtocolClient.java:onNext(255)) - client-C12DAE7A5037->3f4de2de-7d09-498f-aead-42327df81d94: receive RaftClientReply:client-C12DAE7A5037->3f4de2de-7d09-498f-aead-42327df81d94@group-C7908E81CC6B, cid=3080, SUCCESS, logIndex=4418, commits[3f4de2de-7d09-498f-aead-42327df81d94:c4419]
2019-08-05 04:38:09,392 INFO  client.GrpcClientProtocolClient (GrpcClientProtocolClient.java:onNext(255)) - client-C12DAE7A5037->3f4de2de-7d09-498f-aead-42327df81d94: receive RaftClientReply:client-C12DAE7A5037->3f4de2de-7d09-498f-aead-42327df81d94@group-C7908E81CC6B, cid=3081, SUCCESS, logIndex=4420, commits[3f4de2de-7d09-498f-aead-42327df81d94:c4423]
2019-08-05 04:38:09,393 INFO  client.GrpcClientProtocolClient (GrpcClientProtocolClient.java:onNext(255)) - client-C12DAE7A5037->3f4de2de-7d09-498f-aead-42327df81d94: receive RaftClientReply:client-C12DAE7A5037->3f4de2de-7d09-498f-aead-42327df81d94@group-C7908E81CC6B, cid=3082, SUCCESS, logIndex=4421, commits[3f4de2de-7d09-498f-aead-42327df81d94:c4423]
2019-08-05 04:38:09,393 INFO  client.GrpcClientProtocolClient (GrpcClientProtocolClient.java:onNext(255)) - client-C12DAE7A5037->3f4de2de-7d09-498f-aead-42327df81d94: receive RaftClientReply:client-C12DAE7A5037->3f4de2de-7d09-498f-aead-42327df81d94@group-C7908E81CC6B, cid=3083, SUCCESS, logIndex=4422, commits[3f4de2de-7d09-498f-aead-42327df81d94:c4424]
2019-08-05 04:38:09,393 INFO  client.GrpcClientProtocolClient (GrpcClientProtocolClient.java:onNext(255)) - client-C12DAE7A5037->3f4de2de-7d09-498f-aead-42327df81d94: receive RaftClientReply:client-C12DAE7A5037->3f4de2de-7d09-498f-aead-42327df81d94@group-C7908E81CC6B, cid=3084, SUCCESS, logIndex=4423, commits[3f4de2de-7d09-498f-aead-42327df81d94:c4424]
2019-08-05 04:38:09,397 DEBUG block.SCMBlockDeletingService (SCMBlockDeletingService.java:call(138)) - Running DeletedBlockTransactionScanner
2019-08-05 04:38:09,397 DEBUG block.SCMBlockDeletingService (SCMBlockDeletingService.java:call(155)) - Scanned deleted blocks log and got 0 delTX to process.
2019-08-05 04:38:09,412 INFO  client.GrpcClientProtocolClient (GrpcClientProtocolClient.java:onNext(255)) - client-C12DAE7A5037->3f4de2de-7d09-498f-aead-42327df81d94: receive RaftClientReply:client-C12DAE7A5037->3f4de2de-7d09-498f-aead-42327df81d94@group-C7908E81CC6B, cid=3085, SUCCESS, logIndex=4426, commits[3f4de2de-7d09-498f-aead-42327df81d94:c4427]
2019-08-05 04:38:09,412 INFO  client.GrpcClientProtocolClient (GrpcClientProtocolClient.java:onNext(255)) - client-C12DAE7A5037->3f4de2de-7d09-498f-aead-42327df81d94: receive RaftClientReply:client-C12DAE7A5037->3f4de2de-7d09-498f-aead-42327df81d94@group-C7908E81CC6B, cid=3086, SUCCESS, logIndex=4427, commits[3f4de2de-7d09-498f-aead-42327df81d94:c4427]
2019-08-05 04:38:09,414 INFO  client.GrpcClientProtocolClient (GrpcClientProtocolClient.java:onNext(255)) - client-C12DAE7A5037->3f4de2de-7d09-498f-aead-42327df81d94: receive RaftClientReply:client-C12DAE7A5037->3f4de2de-7d09-498f-aead-42327df81d94@group-C7908E81CC6B, cid=3087, SUCCESS, logIndex=4428, commits[3f4de2de-7d09-498f-aead-42327df81d94:c4429]
2019-08-05 04:38:09,414 INFO  client.GrpcClientProtocolClient (GrpcClientProtocolClient.java:onNext(255)) - client-C12DAE7A5037->3f4de2de-7d09-498f-aead-42327df81d94: receive RaftClientReply:client-C12DAE7A5037->3f4de2de-7d09-498f-aead-42327df81d94@group-C7908E81CC6B, cid=3088, SUCCESS, logIndex=4429, commits[3f4de2de-7d09-498f-aead-42327df81d94:c4429]
2019-08-05 04:38:09,441 INFO  client.GrpcClientProtocolClient (GrpcClientProtocolClient.java:onNext(255)) - client-C12DAE7A5037->3f4de2de-7d09-498f-aead-42327df81d94: receive RaftClientReply:client-C12DAE7A5037->3f4de2de-7d09-498f-aead-42327df81d94@group-C7908E81CC6B, cid=3089, SUCCESS, logIndex=4432, commits[3f4de2de-7d09-498f-aead-42327df81d94:c4433]
2019-08-05 04:38:09,442 INFO  client.GrpcClientProtocolClient (GrpcClientProtocolClient.java:onNext(255)) - client-C12DAE7A5037->3f4de2de-7d09-498f-aead-42327df81d94: receive RaftClientReply:client-C12DAE7A5037->3f4de2de-7d09-498f-aead-42327df81d94@group-C7908E81CC6B, cid=3090, SUCCESS, logIndex=4433, commits[3f4de2de-7d09-498f-aead-42327df81d94:c4435]
2019-08-05 04:38:09,442 INFO  client.GrpcClientProtocolClient (GrpcClientProtocolClient.java:onNext(255)) - client-C12DAE7A5037->3f4de2de-7d09-498f-aead-42327df81d94: receive RaftClientReply:client-C12DAE7A5037->3f4de2de-7d09-498f-aead-42327df81d94@group-C7908E81CC6B, cid=3091, SUCCESS, logIndex=4434, commits[3f4de2de-7d09-498f-aead-42327df81d94:c4435]
2019-08-05 04:38:09,442 INFO  client.GrpcClientProtocolClient (GrpcClientProtocolClient.java:onNext(255)) - client-C12DAE7A5037->3f4de2de-7d09-498f-aead-42327df81d94: receive RaftClientReply:client-C12DAE7A5037->3f4de2de-7d09-498f-aead-42327df81d94@group-C7908E81CC6B, cid=3092, SUCCESS, logIndex=4435, commits[3f4de2de-7d09-498f-aead-42327df81d94:c4436]
2019-08-05 04:38:09,780 DEBUG block.SCMBlockDeletingService (SCMBlockDeletingService.java:call(138)) - Running DeletedBlockTransactionScanner
2019-08-05 04:38:09,780 DEBUG block.SCMBlockDeletingService (SCMBlockDeletingService.java:call(155)) - Scanned deleted blocks log and got 0 delTX to process.
2019-08-05 04:38:09,797 INFO  client.GrpcClientProtocolClient (GrpcClientProtocolClient.java:onNext(255)) - client-C12DAE7A5037->3f4de2de-7d09-498f-aead-42327df81d94: receive RaftClientReply:client-C12DAE7A5037->3f4de2de-7d09-498f-aead-42327df81d94@group-C7908E81CC6B, cid=3093, SUCCESS, logIndex=4438, commits[3f4de2de-7d09-498f-aead-42327df81d94:c4439]
2019-08-05 04:38:09,797 INFO  client.GrpcClientProtocolClient (GrpcClientProtocolClient.java:onNext(255)) - client-C12DAE7A5037->3f4de2de-7d09-498f-aead-42327df81d94: receive RaftClientReply:client-C12DAE7A5037->3f4de2de-7d09-498f-aead-42327df81d94@group-C7908E81CC6B, cid=3094, SUCCESS, logIndex=4439, commits[3f4de2de-7d09-498f-aead-42327df81d94:c4439]
2019-08-05 04:38:09,880 DEBUG block.SCMBlockDeletingService (SCMBlockDeletingService.java:call(138)) - Running DeletedBlockTransactionScanner
2019-08-05 04:38:09,881 DEBUG block.SCMBlockDeletingService (SCMBlockDeletingService.java:call(155)) - Scanned deleted blocks log and got 0 delTX to process.
2019-08-05 04:38:09,891 INFO  client.GrpcClientProtocolClient (GrpcClientProtocolClient.java:onNext(255)) - client-C12DAE7A5037->3f4de2de-7d09-498f-aead-42327df81d94: receive RaftClientReply:client-C12DAE7A5037->3f4de2de-7d09-498f-aead-42327df81d94@group-C7908E81CC6B, cid=3095, SUCCESS, logIndex=4441, commits[3f4de2de-7d09-498f-aead-42327df81d94:c4442]
2019-08-05 04:38:09,892 INFO  client.GrpcClientProtocolClient (GrpcClientProtocolClient.java:onNext(255)) - client-C12DAE7A5037->3f4de2de-7d09-498f-aead-42327df81d94: receive RaftClientReply:client-C12DAE7A5037->3f4de2de-7d09-498f-aead-42327df81d94@group-C7908E81CC6B, cid=3096, SUCCESS, logIndex=4442, commits[3f4de2de-7d09-498f-aead-42327df81d94:c4443]
2019-08-05 04:38:09,914 INFO  client.GrpcClientProtocolClient (GrpcClientProtocolClient.java:onNext(255)) - client-C12DAE7A5037->3f4de2de-7d09-498f-aead-42327df81d94: receive RaftClientReply:client-C12DAE7A5037->3f4de2de-7d09-498f-aead-42327df81d94@group-C7908E81CC6B, cid=3097, SUCCESS, logIndex=4444, commits[3f4de2de-7d09-498f-aead-42327df81d94:c4447]
2019-08-05 04:38:09,915 INFO  client.GrpcClientProtocolClient (GrpcClientProtocolClient.java:onNext(255)) - client-C12DAE7A5037->3f4de2de-7d09-498f-aead-42327df81d94: receive RaftClientReply:client-C12DAE7A5037->3f4de2de-7d09-498f-aead-42327df81d94@group-C7908E81CC6B, cid=3098, SUCCESS, logIndex=4445, commits[3f4de2de-7d09-498f-aead-42327df81d94:c4447]
2019-08-05 04:38:09,915 INFO  client.GrpcClientProtocolClient (GrpcClientProtocolClient.java:onNext(255)) - client-C12DAE7A5037->3f4de2de-7d09-498f-aead-42327df81d94: receive RaftClientReply:client-C12DAE7A5037->3f4de2de-7d09-498f-aead-42327df81d94@group-C7908E81CC6B, cid=3099, SUCCESS, logIndex=4446, commits[3f4de2de-7d09-498f-aead-42327df81d94:c4448]
2019-08-05 04:38:09,915 INFO  client.GrpcClientProtocolClient (GrpcClientProtocolClient.java:onNext(255)) - client-C12DAE7A5037->3f4de2de-7d09-498f-aead-42327df81d94: receive RaftClientReply:client-C12DAE7A5037->3f4de2de-7d09-498f-aead-42327df81d94@group-C7908E81CC6B, cid=3100, SUCCESS, logIndex=4447, commits[3f4de2de-7d09-498f-aead-42327df81d94:c4448]
2019-08-05 04:38:09,935 INFO  client.GrpcClientProtocolClient (GrpcClientProtocolClient.java:onNext(255)) - client-C12DAE7A5037->3f4de2de-7d09-498f-aead-42327df81d94: receive RaftClientReply:client-C12DAE7A5037->3f4de2de-7d09-498f-aead-42327df81d94@group-C7908E81CC6B, cid=3101, SUCCESS, logIndex=4449, commits[3f4de2de-7d09-498f-aead-42327df81d94:c4452]
2019-08-05 04:38:09,935 INFO  client.GrpcClientProtocolClient (GrpcClientProtocolClient.java:onNext(255)) - client-C12DAE7A5037->3f4de2de-7d09-498f-aead-42327df81d94: receive RaftClientReply:client-C12DAE7A5037->3f4de2de-7d09-498f-aead-42327df81d94@group-C7908E81CC6B, cid=3102, SUCCESS, logIndex=4450, commits[3f4de2de-7d09-498f-aead-42327df81d94:c4453]
2019-08-05 04:38:09,936 INFO  client.GrpcClientProtocolClient (GrpcClientProtocolClient.java:onNext(255)) - client-C12DAE7A5037->3f4de2de-7d09-498f-aead-42327df81d94: receive RaftClientReply:client-C12DAE7A5037->3f4de2de-7d09-498f-aead-42327df81d94@group-C7908E81CC6B, cid=3103, SUCCESS, logIndex=4451, commits[3f4de2de-7d09-498f-aead-42327df81d94:c4453]
2019-08-05 04:38:09,936 INFO  client.GrpcClientProtocolClient (GrpcClientProtocolClient.java:onNext(255)) - client-C12DAE7A5037->3f4de2de-7d09-498f-aead-42327df81d94: receive RaftClientReply:client-C12DAE7A5037->3f4de2de-7d09-498f-aead-42327df81d94@group-C7908E81CC6B, cid=3104, SUCCESS, logIndex=4452, commits[3f4de2de-7d09-498f-aead-42327df81d94:c4453]
2019-08-05 04:38:09,965 INFO  client.GrpcClientProtocolClient (GrpcClientProtocolClient.java:onNext(255)) - client-C12DAE7A5037->3f4de2de-7d09-498f-aead-42327df81d94: receive RaftClientReply:client-C12DAE7A5037->3f4de2de-7d09-498f-aead-42327df81d94@group-C7908E81CC6B, cid=3105, SUCCESS, logIndex=4454, commits[3f4de2de-7d09-498f-aead-42327df81d94:c4455]
2019-08-05 04:38:09,966 INFO  client.GrpcClientProtocolClient (GrpcClientProtocolClient.java:onNext(255)) - client-C12DAE7A5037->3f4de2de-7d09-498f-aead-42327df81d94: receive RaftClientReply:client-C12DAE7A5037->3f4de2de-7d09-498f-aead-42327df81d94@group-C7908E81CC6B, cid=3106, SUCCESS, logIndex=4455, commits[3f4de2de-7d09-498f-aead-42327df81d94:c4457]
2019-08-05 04:38:09,966 INFO  client.GrpcClientProtocolClient (GrpcClientProtocolClient.java:onNext(255)) - client-C12DAE7A5037->3f4de2de-7d09-498f-aead-42327df81d94: receive RaftClientReply:client-C12DAE7A5037->3f4de2de-7d09-498f-aead-42327df81d94@group-C7908E81CC6B, cid=3107, SUCCESS, logIndex=4456, commits[3f4de2de-7d09-498f-aead-42327df81d94:c4457]
2019-08-05 04:38:09,967 INFO  client.GrpcClientProtocolClient (GrpcClientProtocolClient.java:onNext(255)) - client-C12DAE7A5037->3f4de2de-7d09-498f-aead-42327df81d94: receive RaftClientReply:client-C12DAE7A5037->3f4de2de-7d09-498f-aead-42327df81d94@group-C7908E81CC6B, cid=3108, SUCCESS, logIndex=4457, commits[3f4de2de-7d09-498f-aead-42327df81d94:c4458]
2019-08-05 04:38:09,981 DEBUG block.SCMBlockDeletingService (SCMBlockDeletingService.java:call(138)) - Running DeletedBlockTransactionScanner
2019-08-05 04:38:09,981 DEBUG block.SCMBlockDeletingService (SCMBlockDeletingService.java:call(155)) - Scanned deleted blocks log and got 0 delTX to process.
2019-08-05 04:38:09,988 INFO  client.GrpcClientProtocolClient (GrpcClientProtocolClient.java:onNext(255)) - client-C12DAE7A5037->3f4de2de-7d09-498f-aead-42327df81d94: receive RaftClientReply:client-C12DAE7A5037->3f4de2de-7d09-498f-aead-42327df81d94@group-C7908E81CC6B, cid=3109, SUCCESS, logIndex=4460, commits[3f4de2de-7d09-498f-aead-42327df81d94:c4461]
2019-08-05 04:38:09,989 INFO  client.GrpcClientProtocolClient (GrpcClientProtocolClient.java:onNext(255)) - client-C12DAE7A5037->3f4de2de-7d09-498f-aead-42327df81d94: receive RaftClientReply:client-C12DAE7A5037->3f4de2de-7d09-498f-aead-42327df81d94@group-C7908E81CC6B, cid=3110, SUCCESS, logIndex=4461, commits[3f4de2de-7d09-498f-aead-42327df81d94:c4461]
2019-08-05 04:38:09,990 INFO  client.GrpcClientProtocolClient (GrpcClientProtocolClient.java:onNext(255)) - client-C12DAE7A5037->3f4de2de-7d09-498f-aead-42327df81d94: receive RaftClientReply:client-C12DAE7A5037->3f4de2de-7d09-498f-aead-42327df81d94@group-C7908E81CC6B, cid=3111, SUCCESS, logIndex=4462, commits[3f4de2de-7d09-498f-aead-42327df81d94:c4463]
2019-08-05 04:38:09,991 INFO  client.GrpcClientProtocolClient (GrpcClientProtocolClient.java:onNext(255)) - client-C12DAE7A5037->3f4de2de-7d09-498f-aead-42327df81d94: receive RaftClientReply:client-C12DAE7A5037->3f4de2de-7d09-498f-aead-42327df81d94@group-C7908E81CC6B, cid=3112, SUCCESS, logIndex=4463, commits[3f4de2de-7d09-498f-aead-42327df81d94:c4463]
2019-08-05 04:38:10,019 INFO  client.GrpcClientProtocolClient (GrpcClientProtocolClient.java:onNext(255)) - client-C12DAE7A5037->3f4de2de-7d09-498f-aead-42327df81d94: receive RaftClientReply:client-C12DAE7A5037->3f4de2de-7d09-498f-aead-42327df81d94@group-C7908E81CC6B, cid=3113, SUCCESS, logIndex=4466, commits[3f4de2de-7d09-498f-aead-42327df81d94:c4467]
2019-08-05 04:38:10,020 INFO  client.GrpcClientProtocolClient (GrpcClientProtocolClient.java:onNext(255)) - client-C12DAE7A5037->3f4de2de-7d09-498f-aead-42327df81d94: receive RaftClientReply:client-C12DAE7A5037->3f4de2de-7d09-498f-aead-42327df81d94@group-C7908E81CC6B, cid=3114, SUCCESS, logIndex=4467, commits[3f4de2de-7d09-498f-aead-42327df81d94:c4467]
2019-08-05 04:38:10,020 INFO  client.GrpcClientProtocolClient (GrpcClientProtocolClient.java:onNext(255)) - client-C12DAE7A5037->3f4de2de-7d09-498f-aead-42327df81d94: receive RaftClientReply:client-C12DAE7A5037->3f4de2de-7d09-498f-aead-42327df81d94@group-C7908E81CC6B, cid=3115, SUCCESS, logIndex=4468, commits[3f4de2de-7d09-498f-aead-42327df81d94:c4469]
2019-08-05 04:38:10,020 INFO  client.GrpcClientProtocolClient (GrpcClientProtocolClient.java:onNext(255)) - client-C12DAE7A5037->3f4de2de-7d09-498f-aead-42327df81d94: receive RaftClientReply:client-C12DAE7A5037->3f4de2de-7d09-498f-aead-42327df81d94@group-C7908E81CC6B, cid=3116, SUCCESS, logIndex=4469, commits[3f4de2de-7d09-498f-aead-42327df81d94:c4470]
2019-08-05 04:38:10,040 INFO  client.GrpcClientProtocolClient (GrpcClientProtocolClient.java:onNext(255)) - client-C12DAE7A5037->3f4de2de-7d09-498f-aead-42327df81d94: receive RaftClientReply:client-C12DAE7A5037->3f4de2de-7d09-498f-aead-42327df81d94@group-C7908E81CC6B, cid=3117, SUCCESS, logIndex=4472, commits[3f4de2de-7d09-498f-aead-42327df81d94:c4473]
2019-08-05 04:38:10,040 INFO  client.GrpcClientProtocolClient (GrpcClientProtocolClient.java:onNext(255)) - client-C12DAE7A5037->3f4de2de-7d09-498f-aead-42327df81d94: receive RaftClientReply:client-C12DAE7A5037->3f4de2de-7d09-498f-aead-42327df81d94@group-C7908E81CC6B, cid=3118, SUCCESS, logIndex=4473, commits[3f4de2de-7d09-498f-aead-42327df81d94:c4475]
2019-08-05 04:38:10,041 INFO  client.GrpcClientProtocolClient (GrpcClientProtocolClient.java:onNext(255)) - client-C12DAE7A5037->3f4de2de-7d09-498f-aead-42327df81d94: receive RaftClientReply:client-C12DAE7A5037->3f4de2de-7d09-498f-aead-42327df81d94@group-C7908E81CC6B, cid=3119, SUCCESS, logIndex=4474, commits[3f4de2de-7d09-498f-aead-42327df81d94:c4476]
2019-08-05 04:38:10,041 INFO  client.GrpcClientProtocolClient (GrpcClientProtocolClient.java:onNext(255)) - client-C12DAE7A5037->3f4de2de-7d09-498f-aead-42327df81d94: receive RaftClientReply:client-C12DAE7A5037->3f4de2de-7d09-498f-aead-42327df81d94@group-C7908E81CC6B, cid=3120, SUCCESS, logIndex=4475, commits[3f4de2de-7d09-498f-aead-42327df81d94:c4477]
2019-08-05 04:38:10,072 INFO  client.GrpcClientProtocolClient (GrpcClientProtocolClient.java:onNext(255)) - client-C12DAE7A5037->3f4de2de-7d09-498f-aead-42327df81d94: receive RaftClientReply:client-C12DAE7A5037->3f4de2de-7d09-498f-aead-42327df81d94@group-C7908E81CC6B, cid=3121, SUCCESS, logIndex=4478, commits[3f4de2de-7d09-498f-aead-42327df81d94:c4481]
2019-08-05 04:38:10,072 INFO  client.GrpcClientProtocolClient (GrpcClientProtocolClient.java:onNext(255)) - client-C12DAE7A5037->3f4de2de-7d09-498f-aead-42327df81d94: receive RaftClientReply:client-C12DAE7A5037->3f4de2de-7d09-498f-aead-42327df81d94@group-C7908E81CC6B, cid=3122, SUCCESS, logIndex=4479, commits[3f4de2de-7d09-498f-aead-42327df81d94:c4481]
2019-08-05 04:38:10,073 INFO  client.GrpcClientProtocolClient (GrpcClientProtocolClient.java:onNext(255)) - client-C12DAE7A5037->3f4de2de-7d09-498f-aead-42327df81d94: receive RaftClientReply:client-C12DAE7A5037->3f4de2de-7d09-498f-aead-42327df81d94@group-C7908E81CC6B, cid=3123, SUCCESS, logIndex=4480, commits[3f4de2de-7d09-498f-aead-42327df81d94:c4482]
2019-08-05 04:38:10,073 INFO  client.GrpcClientProtocolClient (GrpcClientProtocolClient.java:onNext(255)) - client-C12DAE7A5037->3f4de2de-7d09-498f-aead-42327df81d94: receive RaftClientReply:client-C12DAE7A5037->3f4de2de-7d09-498f-aead-42327df81d94@group-C7908E81CC6B, cid=3124, SUCCESS, logIndex=4481, commits[3f4de2de-7d09-498f-aead-42327df81d94:c4482]
2019-08-05 04:38:10,082 DEBUG block.SCMBlockDeletingService (SCMBlockDeletingService.java:call(138)) - Running DeletedBlockTransactionScanner
2019-08-05 04:38:10,082 DEBUG block.SCMBlockDeletingService (SCMBlockDeletingService.java:call(155)) - Scanned deleted blocks log and got 0 delTX to process.
2019-08-05 04:38:10,092 INFO  client.GrpcClientProtocolClient (GrpcClientProtocolClient.java:onNext(255)) - client-C12DAE7A5037->3f4de2de-7d09-498f-aead-42327df81d94: receive RaftClientReply:client-C12DAE7A5037->3f4de2de-7d09-498f-aead-42327df81d94@group-C7908E81CC6B, cid=3125, SUCCESS, logIndex=4484, commits[3f4de2de-7d09-498f-aead-42327df81d94:c4485]
2019-08-05 04:38:10,093 INFO  client.GrpcClientProtocolClient (GrpcClientProtocolClient.java:onNext(255)) - client-C12DAE7A5037->3f4de2de-7d09-498f-aead-42327df81d94: receive RaftClientReply:client-C12DAE7A5037->3f4de2de-7d09-498f-aead-42327df81d94@group-C7908E81CC6B, cid=3126, SUCCESS, logIndex=4485, commits[3f4de2de-7d09-498f-aead-42327df81d94:c4485]
2019-08-05 04:38:10,094 INFO  client.GrpcClientProtocolClient (GrpcClientProtocolClient.java:onNext(255)) - client-C12DAE7A5037->3f4de2de-7d09-498f-aead-42327df81d94: receive RaftClientReply:client-C12DAE7A5037->3f4de2de-7d09-498f-aead-42327df81d94@group-C7908E81CC6B, cid=3127, SUCCESS, logIndex=4486, commits[3f4de2de-7d09-498f-aead-42327df81d94:c4487]
2019-08-05 04:38:10,095 INFO  client.GrpcClientProtocolClient (GrpcClientProtocolClient.java:onNext(255)) - client-C12DAE7A5037->3f4de2de-7d09-498f-aead-42327df81d94: receive RaftClientReply:client-C12DAE7A5037->3f4de2de-7d09-498f-aead-42327df81d94@group-C7908E81CC6B, cid=3128, SUCCESS, logIndex=4487, commits[3f4de2de-7d09-498f-aead-42327df81d94:c4487]
2019-08-05 04:38:10,126 INFO  client.GrpcClientProtocolClient (GrpcClientProtocolClient.java:onNext(255)) - client-C12DAE7A5037->3f4de2de-7d09-498f-aead-42327df81d94: receive RaftClientReply:client-C12DAE7A5037->3f4de2de-7d09-498f-aead-42327df81d94@group-C7908E81CC6B, cid=3129, SUCCESS, logIndex=4490, commits[3f4de2de-7d09-498f-aead-42327df81d94:c4493]
2019-08-05 04:38:10,127 INFO  client.GrpcClientProtocolClient (GrpcClientProtocolClient.java:onNext(255)) - client-C12DAE7A5037->3f4de2de-7d09-498f-aead-42327df81d94: receive RaftClientReply:client-C12DAE7A5037->3f4de2de-7d09-498f-aead-42327df81d94@group-C7908E81CC6B, cid=3130, SUCCESS, logIndex=4491, commits[3f4de2de-7d09-498f-aead-42327df81d94:c4493]
2019-08-05 04:38:10,127 INFO  client.GrpcClientProtocolClient (GrpcClientProtocolClient.java:onNext(255)) - client-C12DAE7A5037->3f4de2de-7d09-498f-aead-42327df81d94: receive RaftClientReply:client-C12DAE7A5037->3f4de2de-7d09-498f-aead-42327df81d94@group-C7908E81CC6B, cid=3131, SUCCESS, logIndex=4492, commits[3f4de2de-7d09-498f-aead-42327df81d94:c4494]
2019-08-05 04:38:10,127 INFO  client.GrpcClientProtocolClient (GrpcClientProtocolClient.java:onNext(255)) - client-C12DAE7A5037->3f4de2de-7d09-498f-aead-42327df81d94: receive RaftClientReply:client-C12DAE7A5037->3f4de2de-7d09-498f-aead-42327df81d94@group-C7908E81CC6B, cid=3132, SUCCESS, logIndex=4493, commits[3f4de2de-7d09-498f-aead-42327df81d94:c4495]
2019-08-05 04:38:10,145 INFO  client.GrpcClientProtocolClient (GrpcClientProtocolClient.java:onNext(255)) - client-C12DAE7A5037->3f4de2de-7d09-498f-aead-42327df81d94: receive RaftClientReply:client-C12DAE7A5037->3f4de2de-7d09-498f-aead-42327df81d94@group-C7908E81CC6B, cid=3133, SUCCESS, logIndex=4496, commits[3f4de2de-7d09-498f-aead-42327df81d94:c4497]
2019-08-05 04:38:10,146 INFO  client.GrpcClientProtocolClient (GrpcClientProtocolClient.java:onNext(255)) - client-C12DAE7A5037->3f4de2de-7d09-498f-aead-42327df81d94: receive RaftClientReply:client-C12DAE7A5037->3f4de2de-7d09-498f-aead-42327df81d94@group-C7908E81CC6B, cid=3134, SUCCESS, logIndex=4497, commits[3f4de2de-7d09-498f-aead-42327df81d94:c4499]
2019-08-05 04:38:10,146 INFO  client.GrpcClientProtocolClient (GrpcClientProtocolClient.java:onNext(255)) - client-C12DAE7A5037->3f4de2de-7d09-498f-aead-42327df81d94: receive RaftClientReply:client-C12DAE7A5037->3f4de2de-7d09-498f-aead-42327df81d94@group-C7908E81CC6B, cid=3135, SUCCESS, logIndex=4498, commits[3f4de2de-7d09-498f-aead-42327df81d94:c4500]
2019-08-05 04:38:10,146 INFO  client.GrpcClientProtocolClient (GrpcClientProtocolClient.java:onNext(255)) - client-C12DAE7A5037->3f4de2de-7d09-498f-aead-42327df81d94: receive RaftClientReply:client-C12DAE7A5037->3f4de2de-7d09-498f-aead-42327df81d94@group-C7908E81CC6B, cid=3136, SUCCESS, logIndex=4499, commits[3f4de2de-7d09-498f-aead-42327df81d94:c4501]
2019-08-05 04:38:10,171 INFO  client.GrpcClientProtocolClient (GrpcClientProtocolClient.java:onNext(255)) - client-C12DAE7A5037->3f4de2de-7d09-498f-aead-42327df81d94: receive RaftClientReply:client-C12DAE7A5037->3f4de2de-7d09-498f-aead-42327df81d94@group-C7908E81CC6B, cid=3137, SUCCESS, logIndex=4502, commits[3f4de2de-7d09-498f-aead-42327df81d94:c4503]
2019-08-05 04:38:10,172 INFO  client.GrpcClientProtocolClient (GrpcClientProtocolClient.java:onNext(255)) - client-C12DAE7A5037->3f4de2de-7d09-498f-aead-42327df81d94: receive RaftClientReply:client-C12DAE7A5037->3f4de2de-7d09-498f-aead-42327df81d94@group-C7908E81CC6B, cid=3138, SUCCESS, logIndex=4503, commits[3f4de2de-7d09-498f-aead-42327df81d94:c4504]
2019-08-05 04:38:10,182 DEBUG block.SCMBlockDeletingService (SCMBlockDeletingService.java:call(138)) - Running DeletedBlockTransactionScanner
2019-08-05 04:38:10,182 DEBUG block.SCMBlockDeletingService (SCMBlockDeletingService.java:call(155)) - Scanned deleted blocks log and got 0 delTX to process.
2019-08-05 04:38:10,283 DEBUG block.SCMBlockDeletingService (SCMBlockDeletingService.java:call(138)) - Running DeletedBlockTransactionScanner
2019-08-05 04:38:10,283 DEBUG block.SCMBlockDeletingService (SCMBlockDeletingService.java:call(155)) - Scanned deleted blocks log and got 0 delTX to process.
2019-08-05 04:38:10,285 INFO  client.GrpcClientProtocolClient (GrpcClientProtocolClient.java:onNext(255)) - client-C12DAE7A5037->3f4de2de-7d09-498f-aead-42327df81d94: receive RaftClientReply:client-C12DAE7A5037->3f4de2de-7d09-498f-aead-42327df81d94@group-C7908E81CC6B, cid=3139, SUCCESS, logIndex=4505, commits[3f4de2de-7d09-498f-aead-42327df81d94:c4507]
2019-08-05 04:38:10,286 INFO  client.GrpcClientProtocolClient (GrpcClientProtocolClient.java:onNext(255)) - client-C12DAE7A5037->3f4de2de-7d09-498f-aead-42327df81d94: receive RaftClientReply:client-C12DAE7A5037->3f4de2de-7d09-498f-aead-42327df81d94@group-C7908E81CC6B, cid=3140, SUCCESS, logIndex=4506, commits[3f4de2de-7d09-498f-aead-42327df81d94:c4507]
2019-08-05 04:38:10,306 INFO  client.GrpcClientProtocolClient (GrpcClientProtocolClient.java:onNext(255)) - client-C12DAE7A5037->3f4de2de-7d09-498f-aead-42327df81d94: receive RaftClientReply:client-C12DAE7A5037->3f4de2de-7d09-498f-aead-42327df81d94@group-C7908E81CC6B, cid=3141, SUCCESS, logIndex=4508, commits[3f4de2de-7d09-498f-aead-42327df81d94:c4509]
2019-08-05 04:38:10,306 INFO  client.GrpcClientProtocolClient (GrpcClientProtocolClient.java:onNext(255)) - client-C12DAE7A5037->3f4de2de-7d09-498f-aead-42327df81d94: receive RaftClientReply:client-C12DAE7A5037->3f4de2de-7d09-498f-aead-42327df81d94@group-C7908E81CC6B, cid=3142, SUCCESS, logIndex=4509, commits[3f4de2de-7d09-498f-aead-42327df81d94:c4511]
2019-08-05 04:38:10,306 INFO  client.GrpcClientProtocolClient (GrpcClientProtocolClient.java:onNext(255)) - client-C12DAE7A5037->3f4de2de-7d09-498f-aead-42327df81d94: receive RaftClientReply:client-C12DAE7A5037->3f4de2de-7d09-498f-aead-42327df81d94@group-C7908E81CC6B, cid=3143, SUCCESS, logIndex=4510, commits[3f4de2de-7d09-498f-aead-42327df81d94:c4512]
2019-08-05 04:38:10,307 INFO  client.GrpcClientProtocolClient (GrpcClientProtocolClient.java:onNext(255)) - client-C12DAE7A5037->3f4de2de-7d09-498f-aead-42327df81d94: receive RaftClientReply:client-C12DAE7A5037->3f4de2de-7d09-498f-aead-42327df81d94@group-C7908E81CC6B, cid=3144, SUCCESS, logIndex=4511, commits[3f4de2de-7d09-498f-aead-42327df81d94:c4513]
2019-08-05 04:38:10,336 INFO  client.GrpcClientProtocolClient (GrpcClientProtocolClient.java:onNext(255)) - client-C12DAE7A5037->3f4de2de-7d09-498f-aead-42327df81d94: receive RaftClientReply:client-C12DAE7A5037->3f4de2de-7d09-498f-aead-42327df81d94@group-C7908E81CC6B, cid=3145, SUCCESS, logIndex=4514, commits[3f4de2de-7d09-498f-aead-42327df81d94:c4515]
2019-08-05 04:38:10,337 INFO  client.GrpcClientProtocolClient (GrpcClientProtocolClient.java:onNext(255)) - client-C12DAE7A5037->3f4de2de-7d09-498f-aead-42327df81d94: receive RaftClientReply:client-C12DAE7A5037->3f4de2de-7d09-498f-aead-42327df81d94@group-C7908E81CC6B, cid=3146, SUCCESS, logIndex=4515, commits[3f4de2de-7d09-498f-aead-42327df81d94:c4515]
2019-08-05 04:38:10,338 INFO  client.GrpcClientProtocolClient (GrpcClientProtocolClient.java:onNext(255)) - client-C12DAE7A5037->3f4de2de-7d09-498f-aead-42327df81d94: receive RaftClientReply:client-C12DAE7A5037->3f4de2de-7d09-498f-aead-42327df81d94@group-C7908E81CC6B, cid=3147, SUCCESS, logIndex=4516, commits[3f4de2de-7d09-498f-aead-42327df81d94:c4517]
2019-08-05 04:38:10,338 INFO  client.GrpcClientProtocolClient (GrpcClientProtocolClient.java:onNext(255)) - client-C12DAE7A5037->3f4de2de-7d09-498f-aead-42327df81d94: receive RaftClientReply:client-C12DAE7A5037->3f4de2de-7d09-498f-aead-42327df81d94@group-C7908E81CC6B, cid=3148, SUCCESS, logIndex=4517, commits[3f4de2de-7d09-498f-aead-42327df81d94:c4517]
2019-08-05 04:38:10,361 INFO  client.GrpcClientProtocolClient (GrpcClientProtocolClient.java:onNext(255)) - client-C12DAE7A5037->3f4de2de-7d09-498f-aead-42327df81d94: receive RaftClientReply:client-C12DAE7A5037->3f4de2de-7d09-498f-aead-42327df81d94@group-C7908E81CC6B, cid=3149, SUCCESS, logIndex=4520, commits[3f4de2de-7d09-498f-aead-42327df81d94:c4523]
2019-08-05 04:38:10,361 INFO  client.GrpcClientProtocolClient (GrpcClientProtocolClient.java:onNext(255)) - client-C12DAE7A5037->3f4de2de-7d09-498f-aead-42327df81d94: receive RaftClientReply:client-C12DAE7A5037->3f4de2de-7d09-498f-aead-42327df81d94@group-C7908E81CC6B, cid=3150, SUCCESS, logIndex=4521, commits[3f4de2de-7d09-498f-aead-42327df81d94:c4524]
2019-08-05 04:38:10,362 INFO  client.GrpcClientProtocolClient (GrpcClientProtocolClient.java:onNext(255)) - client-C12DAE7A5037->3f4de2de-7d09-498f-aead-42327df81d94: receive RaftClientReply:client-C12DAE7A5037->3f4de2de-7d09-498f-aead-42327df81d94@group-C7908E81CC6B, cid=3151, SUCCESS, logIndex=4522, commits[3f4de2de-7d09-498f-aead-42327df81d94:c4524]
2019-08-05 04:38:10,362 INFO  client.GrpcClientProtocolClient (GrpcClientProtocolClient.java:onNext(255)) - client-C12DAE7A5037->3f4de2de-7d09-498f-aead-42327df81d94: receive RaftClientReply:client-C12DAE7A5037->3f4de2de-7d09-498f-aead-42327df81d94@group-C7908E81CC6B, cid=3152, SUCCESS, logIndex=4523, commits[3f4de2de-7d09-498f-aead-42327df81d94:c4524]
2019-08-05 04:38:10,384 DEBUG block.SCMBlockDeletingService (SCMBlockDeletingService.java:call(138)) - Running DeletedBlockTransactionScanner
2019-08-05 04:38:10,384 DEBUG block.SCMBlockDeletingService (SCMBlockDeletingService.java:call(155)) - Scanned deleted blocks log and got 0 delTX to process.
2019-08-05 04:38:10,394 INFO  client.GrpcClientProtocolClient (GrpcClientProtocolClient.java:onNext(255)) - client-C12DAE7A5037->3f4de2de-7d09-498f-aead-42327df81d94: receive RaftClientReply:client-C12DAE7A5037->3f4de2de-7d09-498f-aead-42327df81d94@group-C7908E81CC6B, cid=3153, SUCCESS, logIndex=4525, commits[3f4de2de-7d09-498f-aead-42327df81d94:c4526]
2019-08-05 04:38:10,395 INFO  client.GrpcClientProtocolClient (GrpcClientProtocolClient.java:onNext(255)) - client-C12DAE7A5037->3f4de2de-7d09-498f-aead-42327df81d94: receive RaftClientReply:client-C12DAE7A5037->3f4de2de-7d09-498f-aead-42327df81d94@group-C7908E81CC6B, cid=3154, SUCCESS, logIndex=4526, commits[3f4de2de-7d09-498f-aead-42327df81d94:c4526]
2019-08-05 04:38:10,397 INFO  client.GrpcClientProtocolClient (GrpcClientProtocolClient.java:onNext(255)) - client-C12DAE7A5037->3f4de2de-7d09-498f-aead-42327df81d94: receive RaftClientReply:client-C12DAE7A5037->3f4de2de-7d09-498f-aead-42327df81d94@group-C7908E81CC6B, cid=3155, SUCCESS, logIndex=4527, commits[3f4de2de-7d09-498f-aead-42327df81d94:c4528]
2019-08-05 04:38:10,397 INFO  client.GrpcClientProtocolClient (GrpcClientProtocolClient.java:onNext(255)) - client-C12DAE7A5037->3f4de2de-7d09-498f-aead-42327df81d94: receive RaftClientReply:client-C12DAE7A5037->3f4de2de-7d09-498f-aead-42327df81d94@group-C7908E81CC6B, cid=3156, SUCCESS, logIndex=4528, commits[3f4de2de-7d09-498f-aead-42327df81d94:c4528]
2019-08-05 04:38:10,408 INFO  client.GrpcClientProtocolClient (GrpcClientProtocolClient.java:onNext(255)) - client-C12DAE7A5037->3f4de2de-7d09-498f-aead-42327df81d94: receive RaftClientReply:client-C12DAE7A5037->3f4de2de-7d09-498f-aead-42327df81d94@group-C7908E81CC6B, cid=3157, SUCCESS, logIndex=4531, commits[3f4de2de-7d09-498f-aead-42327df81d94:c4532]
2019-08-05 04:38:10,409 INFO  client.GrpcClientProtocolClient (GrpcClientProtocolClient.java:onNext(255)) - client-C12DAE7A5037->3f4de2de-7d09-498f-aead-42327df81d94: receive RaftClientReply:client-C12DAE7A5037->3f4de2de-7d09-498f-aead-42327df81d94@group-C7908E81CC6B, cid=3158, SUCCESS, logIndex=4532, commits[3f4de2de-7d09-498f-aead-42327df81d94:c4532]
2019-08-05 04:38:10,434 INFO  client.GrpcClientProtocolClient (GrpcClientProtocolClient.java:onNext(255)) - client-C12DAE7A5037->3f4de2de-7d09-498f-aead-42327df81d94: receive RaftClientReply:client-C12DAE7A5037->3f4de2de-7d09-498f-aead-42327df81d94@group-C7908E81CC6B, cid=3159, SUCCESS, logIndex=4533, commits[3f4de2de-7d09-498f-aead-42327df81d94:c4535]
2019-08-05 04:38:10,435 INFO  client.GrpcClientProtocolClient (GrpcClientProtocolClient.java:onNext(255)) - client-C12DAE7A5037->3f4de2de-7d09-498f-aead-42327df81d94: receive RaftClientReply:client-C12DAE7A5037->3f4de2de-7d09-498f-aead-42327df81d94@group-C7908E81CC6B, cid=3160, SUCCESS, logIndex=4534, commits[3f4de2de-7d09-498f-aead-42327df81d94:c4535]
2019-08-05 04:38:10,467 INFO  client.GrpcClientProtocolClient (GrpcClientProtocolClient.java:onNext(255)) - client-C12DAE7A5037->3f4de2de-7d09-498f-aead-42327df81d94: receive RaftClientReply:client-C12DAE7A5037->3f4de2de-7d09-498f-aead-42327df81d94@group-C7908E81CC6B, cid=3161, SUCCESS, logIndex=4536, commits[3f4de2de-7d09-498f-aead-42327df81d94:c4537]
2019-08-05 04:38:10,467 INFO  client.GrpcClientProtocolClient (GrpcClientProtocolClient.java:onNext(255)) - client-C12DAE7A5037->3f4de2de-7d09-498f-aead-42327df81d94: receive RaftClientReply:client-C12DAE7A5037->3f4de2de-7d09-498f-aead-42327df81d94@group-C7908E81CC6B, cid=3162, SUCCESS, logIndex=4537, commits[3f4de2de-7d09-498f-aead-42327df81d94:c4539]
2019-08-05 04:38:10,468 INFO  client.GrpcClientProtocolClient (GrpcClientProtocolClient.java:onNext(255)) - client-C12DAE7A5037->3f4de2de-7d09-498f-aead-42327df81d94: receive RaftClientReply:client-C12DAE7A5037->3f4de2de-7d09-498f-aead-42327df81d94@group-C7908E81CC6B, cid=3163, SUCCESS, logIndex=4538, commits[3f4de2de-7d09-498f-aead-42327df81d94:c4540]
2019-08-05 04:38:10,468 INFO  client.GrpcClientProtocolClient (GrpcClientProtocolClient.java:onNext(255)) - client-C12DAE7A5037->3f4de2de-7d09-498f-aead-42327df81d94: receive RaftClientReply:client-C12DAE7A5037->3f4de2de-7d09-498f-aead-42327df81d94@group-C7908E81CC6B, cid=3164, SUCCESS, logIndex=4539, commits[3f4de2de-7d09-498f-aead-42327df81d94:c4540]
2019-08-05 04:38:10,484 DEBUG block.SCMBlockDeletingService (SCMBlockDeletingService.java:call(138)) - Running DeletedBlockTransactionScanner
2019-08-05 04:38:10,485 DEBUG block.SCMBlockDeletingService (SCMBlockDeletingService.java:call(155)) - Scanned deleted blocks log and got 0 delTX to process.
2019-08-05 04:38:10,489 INFO  client.GrpcClientProtocolClient (GrpcClientProtocolClient.java:onNext(255)) - client-C12DAE7A5037->3f4de2de-7d09-498f-aead-42327df81d94: receive RaftClientReply:client-C12DAE7A5037->3f4de2de-7d09-498f-aead-42327df81d94@group-C7908E81CC6B, cid=3165, SUCCESS, logIndex=4542, commits[3f4de2de-7d09-498f-aead-42327df81d94:c4543]
2019-08-05 04:38:10,489 INFO  client.GrpcClientProtocolClient (GrpcClientProtocolClient.java:onNext(255)) - client-C12DAE7A5037->3f4de2de-7d09-498f-aead-42327df81d94: receive RaftClientReply:client-C12DAE7A5037->3f4de2de-7d09-498f-aead-42327df81d94@group-C7908E81CC6B, cid=3166, SUCCESS, logIndex=4543, commits[3f4de2de-7d09-498f-aead-42327df81d94:c4543]
2019-08-05 04:38:10,491 INFO  client.GrpcClientProtocolClient (GrpcClientProtocolClient.java:onNext(255)) - client-C12DAE7A5037->3f4de2de-7d09-498f-aead-42327df81d94: receive RaftClientReply:client-C12DAE7A5037->3f4de2de-7d09-498f-aead-42327df81d94@group-C7908E81CC6B, cid=3167, SUCCESS, logIndex=4544, commits[3f4de2de-7d09-498f-aead-42327df81d94:c4545]
2019-08-05 04:38:10,492 INFO  client.GrpcClientProtocolClient (GrpcClientProtocolClient.java:onNext(255)) - client-C12DAE7A5037->3f4de2de-7d09-498f-aead-42327df81d94: receive RaftClientReply:client-C12DAE7A5037->3f4de2de-7d09-498f-aead-42327df81d94@group-C7908E81CC6B, cid=3168, SUCCESS, logIndex=4545, commits[3f4de2de-7d09-498f-aead-42327df81d94:c4545]
2019-08-05 04:38:10,526 INFO  client.GrpcClientProtocolClient (GrpcClientProtocolClient.java:onNext(255)) - client-C12DAE7A5037->3f4de2de-7d09-498f-aead-42327df81d94: receive RaftClientReply:client-C12DAE7A5037->3f4de2de-7d09-498f-aead-42327df81d94@group-C7908E81CC6B, cid=3169, SUCCESS, logIndex=4548, commits[3f4de2de-7d09-498f-aead-42327df81d94:c4549]
2019-08-05 04:38:10,527 INFO  client.GrpcClientProtocolClient (GrpcClientProtocolClient.java:onNext(255)) - client-C12DAE7A5037->3f4de2de-7d09-498f-aead-42327df81d94: receive RaftClientReply:client-C12DAE7A5037->3f4de2de-7d09-498f-aead-42327df81d94@group-C7908E81CC6B, cid=3170, SUCCESS, logIndex=4549, commits[3f4de2de-7d09-498f-aead-42327df81d94:c4551]
2019-08-05 04:38:10,527 INFO  client.GrpcClientProtocolClient (GrpcClientProtocolClient.java:onNext(255)) - client-C12DAE7A5037->3f4de2de-7d09-498f-aead-42327df81d94: receive RaftClientReply:client-C12DAE7A5037->3f4de2de-7d09-498f-aead-42327df81d94@group-C7908E81CC6B, cid=3171, SUCCESS, logIndex=4550, commits[3f4de2de-7d09-498f-aead-42327df81d94:c4552]
2019-08-05 04:38:10,528 INFO  client.GrpcClientProtocolClient (GrpcClientProtocolClient.java:onNext(255)) - client-C12DAE7A5037->3f4de2de-7d09-498f-aead-42327df81d94: receive RaftClientReply:client-C12DAE7A5037->3f4de2de-7d09-498f-aead-42327df81d94@group-C7908E81CC6B, cid=3172, SUCCESS, logIndex=4551, commits[3f4de2de-7d09-498f-aead-42327df81d94:c4552]
2019-08-05 04:38:10,548 INFO  client.GrpcClientProtocolClient (GrpcClientProtocolClient.java:onNext(255)) - client-C12DAE7A5037->3f4de2de-7d09-498f-aead-42327df81d94: receive RaftClientReply:client-C12DAE7A5037->3f4de2de-7d09-498f-aead-42327df81d94@group-C7908E81CC6B, cid=3173, SUCCESS, logIndex=4554, commits[3f4de2de-7d09-498f-aead-42327df81d94:c4555]
2019-08-05 04:38:10,548 INFO  client.GrpcClientProtocolClient (GrpcClientProtocolClient.java:onNext(255)) - client-C12DAE7A5037->3f4de2de-7d09-498f-aead-42327df81d94: receive RaftClientReply:client-C12DAE7A5037->3f4de2de-7d09-498f-aead-42327df81d94@group-C7908E81CC6B, cid=3174, SUCCESS, logIndex=4555, commits[3f4de2de-7d09-498f-aead-42327df81d94:c4557]
2019-08-05 04:38:10,549 INFO  client.GrpcClientProtocolClient (GrpcClientProtocolClient.java:onNext(255)) - client-C12DAE7A5037->3f4de2de-7d09-498f-aead-42327df81d94: receive RaftClientReply:client-C12DAE7A5037->3f4de2de-7d09-498f-aead-42327df81d94@group-C7908E81CC6B, cid=3175, SUCCESS, logIndex=4556, commits[3f4de2de-7d09-498f-aead-42327df81d94:c4558]
2019-08-05 04:38:10,549 INFO  client.GrpcClientProtocolClient (GrpcClientProtocolClient.java:onNext(255)) - client-C12DAE7A5037->3f4de2de-7d09-498f-aead-42327df81d94: receive RaftClientReply:client-C12DAE7A5037->3f4de2de-7d09-498f-aead-42327df81d94@group-C7908E81CC6B, cid=3176, SUCCESS, logIndex=4557, commits[3f4de2de-7d09-498f-aead-42327df81d94:c4558]
2019-08-05 04:38:10,580 INFO  client.GrpcClientProtocolClient (GrpcClientProtocolClient.java:onNext(255)) - client-C12DAE7A5037->3f4de2de-7d09-498f-aead-42327df81d94: receive RaftClientReply:client-C12DAE7A5037->3f4de2de-7d09-498f-aead-42327df81d94@group-C7908E81CC6B, cid=3177, SUCCESS, logIndex=4560, commits[3f4de2de-7d09-498f-aead-42327df81d94:c4561]
2019-08-05 04:38:10,581 INFO  client.GrpcClientProtocolClient (GrpcClientProtocolClient.java:onNext(255)) - client-C12DAE7A5037->3f4de2de-7d09-498f-aead-42327df81d94: receive RaftClientReply:client-C12DAE7A5037->3f4de2de-7d09-498f-aead-42327df81d94@group-C7908E81CC6B, cid=3178, SUCCESS, logIndex=4561, commits[3f4de2de-7d09-498f-aead-42327df81d94:c4563]
2019-08-05 04:38:10,582 INFO  client.GrpcClientProtocolClient (GrpcClientProtocolClient.java:onNext(255)) - client-C12DAE7A5037->3f4de2de-7d09-498f-aead-42327df81d94: receive RaftClientReply:client-C12DAE7A5037->3f4de2de-7d09-498f-aead-42327df81d94@group-C7908E81CC6B, cid=3179, SUCCESS, logIndex=4562, commits[3f4de2de-7d09-498f-aead-42327df81d94:c4564]
2019-08-05 04:38:10,582 INFO  client.GrpcClientProtocolClient (GrpcClientProtocolClient.java:onNext(255)) - client-C12DAE7A5037->3f4de2de-7d09-498f-aead-42327df81d94: receive RaftClientReply:client-C12DAE7A5037->3f4de2de-7d09-498f-aead-42327df81d94@group-C7908E81CC6B, cid=3180, SUCCESS, logIndex=4563, commits[3f4de2de-7d09-498f-aead-42327df81d94:c4564]
2019-08-05 04:38:10,585 DEBUG block.SCMBlockDeletingService (SCMBlockDeletingService.java:call(138)) - Running DeletedBlockTransactionScanner
2019-08-05 04:38:10,585 DEBUG block.SCMBlockDeletingService (SCMBlockDeletingService.java:call(155)) - Scanned deleted blocks log and got 0 delTX to process.
2019-08-05 04:38:10,657 INFO  client.GrpcClientProtocolClient (GrpcClientProtocolClient.java:onNext(255)) - client-C12DAE7A5037->3f4de2de-7d09-498f-aead-42327df81d94: receive RaftClientReply:client-C12DAE7A5037->3f4de2de-7d09-498f-aead-42327df81d94@group-C7908E81CC6B, cid=3181, SUCCESS, logIndex=4566, commits[3f4de2de-7d09-498f-aead-42327df81d94:c4567]
2019-08-05 04:38:10,657 INFO  client.GrpcClientProtocolClient (GrpcClientProtocolClient.java:onNext(255)) - client-C12DAE7A5037->3f4de2de-7d09-498f-aead-42327df81d94: receive RaftClientReply:client-C12DAE7A5037->3f4de2de-7d09-498f-aead-42327df81d94@group-C7908E81CC6B, cid=3182, SUCCESS, logIndex=4567, commits[3f4de2de-7d09-498f-aead-42327df81d94:c4568]
2019-08-05 04:38:10,686 DEBUG block.SCMBlockDeletingService (SCMBlockDeletingService.java:call(138)) - Running DeletedBlockTransactionScanner
2019-08-05 04:38:10,686 DEBUG block.SCMBlockDeletingService (SCMBlockDeletingService.java:call(155)) - Scanned deleted blocks log and got 0 delTX to process.
2019-08-05 04:38:10,777 INFO  client.GrpcClientProtocolClient (GrpcClientProtocolClient.java:onNext(255)) - client-C12DAE7A5037->3f4de2de-7d09-498f-aead-42327df81d94: receive RaftClientReply:client-C12DAE7A5037->3f4de2de-7d09-498f-aead-42327df81d94@group-C7908E81CC6B, cid=3183, SUCCESS, logIndex=4569, commits[3f4de2de-7d09-498f-aead-42327df81d94:c4570]
2019-08-05 04:38:10,778 INFO  client.GrpcClientProtocolClient (GrpcClientProtocolClient.java:onNext(255)) - client-C12DAE7A5037->3f4de2de-7d09-498f-aead-42327df81d94: receive RaftClientReply:client-C12DAE7A5037->3f4de2de-7d09-498f-aead-42327df81d94@group-C7908E81CC6B, cid=3184, SUCCESS, logIndex=4570, commits[3f4de2de-7d09-498f-aead-42327df81d94:c4571]
2019-08-05 04:38:10,786 DEBUG block.SCMBlockDeletingService (SCMBlockDeletingService.java:call(138)) - Running DeletedBlockTransactionScanner
2019-08-05 04:38:10,787 DEBUG block.SCMBlockDeletingService (SCMBlockDeletingService.java:call(155)) - Scanned deleted blocks log and got 0 delTX to process.
2019-08-05 04:38:10,809 INFO  client.GrpcClientProtocolClient (GrpcClientProtocolClient.java:onNext(255)) - client-C12DAE7A5037->3f4de2de-7d09-498f-aead-42327df81d94: receive RaftClientReply:client-C12DAE7A5037->3f4de2de-7d09-498f-aead-42327df81d94@group-C7908E81CC6B, cid=3185, SUCCESS, logIndex=4572, commits[3f4de2de-7d09-498f-aead-42327df81d94:c4573]
2019-08-05 04:38:10,810 INFO  client.GrpcClientProtocolClient (GrpcClientProtocolClient.java:onNext(255)) - client-C12DAE7A5037->3f4de2de-7d09-498f-aead-42327df81d94: receive RaftClientReply:client-C12DAE7A5037->3f4de2de-7d09-498f-aead-42327df81d94@group-C7908E81CC6B, cid=3186, SUCCESS, logIndex=4573, commits[3f4de2de-7d09-498f-aead-42327df81d94:c4575]
2019-08-05 04:38:10,811 INFO  client.GrpcClientProtocolClient (GrpcClientProtocolClient.java:onNext(255)) - client-C12DAE7A5037->3f4de2de-7d09-498f-aead-42327df81d94: receive RaftClientReply:client-C12DAE7A5037->3f4de2de-7d09-498f-aead-42327df81d94@group-C7908E81CC6B, cid=3187, SUCCESS, logIndex=4574, commits[3f4de2de-7d09-498f-aead-42327df81d94:c4575]
2019-08-05 04:38:10,811 INFO  client.GrpcClientProtocolClient (GrpcClientProtocolClient.java:onNext(255)) - client-C12DAE7A5037->3f4de2de-7d09-498f-aead-42327df81d94: receive RaftClientReply:client-C12DAE7A5037->3f4de2de-7d09-498f-aead-42327df81d94@group-C7908E81CC6B, cid=3188, SUCCESS, logIndex=4575, commits[3f4de2de-7d09-498f-aead-42327df81d94:c4576]
2019-08-05 04:38:10,833 INFO  client.GrpcClientProtocolClient (GrpcClientProtocolClient.java:onNext(255)) - client-C12DAE7A5037->3f4de2de-7d09-498f-aead-42327df81d94: receive RaftClientReply:client-C12DAE7A5037->3f4de2de-7d09-498f-aead-42327df81d94@group-C7908E81CC6B, cid=3189, SUCCESS, logIndex=4578, commits[3f4de2de-7d09-498f-aead-42327df81d94:c4581]
2019-08-05 04:38:10,833 INFO  client.GrpcClientProtocolClient (GrpcClientProtocolClient.java:onNext(255)) - client-C12DAE7A5037->3f4de2de-7d09-498f-aead-42327df81d94: receive RaftClientReply:client-C12DAE7A5037->3f4de2de-7d09-498f-aead-42327df81d94@group-C7908E81CC6B, cid=3190, SUCCESS, logIndex=4579, commits[3f4de2de-7d09-498f-aead-42327df81d94:c4581]
2019-08-05 04:38:10,834 INFO  client.GrpcClientProtocolClient (GrpcClientProtocolClient.java:onNext(255)) - client-C12DAE7A5037->3f4de2de-7d09-498f-aead-42327df81d94: receive RaftClientReply:client-C12DAE7A5037->3f4de2de-7d09-498f-aead-42327df81d94@group-C7908E81CC6B, cid=3191, SUCCESS, logIndex=4580, commits[3f4de2de-7d09-498f-aead-42327df81d94:c4582]
2019-08-05 04:38:10,834 INFO  client.GrpcClientProtocolClient (GrpcClientProtocolClient.java:onNext(255)) - client-C12DAE7A5037->3f4de2de-7d09-498f-aead-42327df81d94: receive RaftClientReply:client-C12DAE7A5037->3f4de2de-7d09-498f-aead-42327df81d94@group-C7908E81CC6B, cid=3192, SUCCESS, logIndex=4581, commits[3f4de2de-7d09-498f-aead-42327df81d94:c4582]
2019-08-05 04:38:10,870 INFO  client.GrpcClientProtocolClient (GrpcClientProtocolClient.java:onNext(255)) - client-C12DAE7A5037->3f4de2de-7d09-498f-aead-42327df81d94: receive RaftClientReply:client-C12DAE7A5037->3f4de2de-7d09-498f-aead-42327df81d94@group-C7908E81CC6B, cid=3193, SUCCESS, logIndex=4583, commits[3f4de2de-7d09-498f-aead-42327df81d94:c4586]
2019-08-05 04:38:10,871 INFO  client.GrpcClientProtocolClient (GrpcClientProtocolClient.java:onNext(255)) - client-C12DAE7A5037->3f4de2de-7d09-498f-aead-42327df81d94: receive RaftClientReply:client-C12DAE7A5037->3f4de2de-7d09-498f-aead-42327df81d94@group-C7908E81CC6B, cid=3194, SUCCESS, logIndex=4584, commits[3f4de2de-7d09-498f-aead-42327df81d94:c4586]
2019-08-05 04:38:10,871 INFO  client.GrpcClientProtocolClient (GrpcClientProtocolClient.java:onNext(255)) - client-C12DAE7A5037->3f4de2de-7d09-498f-aead-42327df81d94: receive RaftClientReply:client-C12DAE7A5037->3f4de2de-7d09-498f-aead-42327df81d94@group-C7908E81CC6B, cid=3195, SUCCESS, logIndex=4585, commits[3f4de2de-7d09-498f-aead-42327df81d94:c4586]
2019-08-05 04:38:10,871 INFO  client.GrpcClientProtocolClient (GrpcClientProtocolClient.java:onNext(255)) - client-C12DAE7A5037->3f4de2de-7d09-498f-aead-42327df81d94: receive RaftClientReply:client-C12DAE7A5037->3f4de2de-7d09-498f-aead-42327df81d94@group-C7908E81CC6B, cid=3196, SUCCESS, logIndex=4586, commits[3f4de2de-7d09-498f-aead-42327df81d94:c4586]
2019-08-05 04:38:10,887 DEBUG block.SCMBlockDeletingService (SCMBlockDeletingService.java:call(138)) - Running DeletedBlockTransactionScanner
2019-08-05 04:38:10,887 DEBUG block.SCMBlockDeletingService (SCMBlockDeletingService.java:call(155)) - Scanned deleted blocks log and got 0 delTX to process.
2019-08-05 04:38:10,895 INFO  client.GrpcClientProtocolClient (GrpcClientProtocolClient.java:onNext(255)) - client-C12DAE7A5037->3f4de2de-7d09-498f-aead-42327df81d94: receive RaftClientReply:client-C12DAE7A5037->3f4de2de-7d09-498f-aead-42327df81d94@group-C7908E81CC6B, cid=3197, SUCCESS, logIndex=4588, commits[3f4de2de-7d09-498f-aead-42327df81d94:c4591]
2019-08-05 04:38:10,896 INFO  client.GrpcClientProtocolClient (GrpcClientProtocolClient.java:onNext(255)) - client-C12DAE7A5037->3f4de2de-7d09-498f-aead-42327df81d94: receive RaftClientReply:client-C12DAE7A5037->3f4de2de-7d09-498f-aead-42327df81d94@group-C7908E81CC6B, cid=3198, SUCCESS, logIndex=4589, commits[3f4de2de-7d09-498f-aead-42327df81d94:c4592]
2019-08-05 04:38:10,896 INFO  client.GrpcClientProtocolClient (GrpcClientProtocolClient.java:onNext(255)) - client-C12DAE7A5037->3f4de2de-7d09-498f-aead-42327df81d94: receive RaftClientReply:client-C12DAE7A5037->3f4de2de-7d09-498f-aead-42327df81d94@group-C7908E81CC6B, cid=3199, SUCCESS, logIndex=4590, commits[3f4de2de-7d09-498f-aead-42327df81d94:c4592]
2019-08-05 04:38:10,896 INFO  client.GrpcClientProtocolClient (GrpcClientProtocolClient.java:onNext(255)) - client-C12DAE7A5037->3f4de2de-7d09-498f-aead-42327df81d94: receive RaftClientReply:client-C12DAE7A5037->3f4de2de-7d09-498f-aead-42327df81d94@group-C7908E81CC6B, cid=3200, SUCCESS, logIndex=4591, commits[3f4de2de-7d09-498f-aead-42327df81d94:c4592]
2019-08-05 04:38:10,927 INFO  client.GrpcClientProtocolClient (GrpcClientProtocolClient.java:onNext(255)) - client-C12DAE7A5037->3f4de2de-7d09-498f-aead-42327df81d94: receive RaftClientReply:client-C12DAE7A5037->3f4de2de-7d09-498f-aead-42327df81d94@group-C7908E81CC6B, cid=3201, SUCCESS, logIndex=4593, commits[3f4de2de-7d09-498f-aead-42327df81d94:c4594]
2019-08-05 04:38:10,928 INFO  client.GrpcClientProtocolClient (GrpcClientProtocolClient.java:onNext(255)) - client-C12DAE7A5037->3f4de2de-7d09-498f-aead-42327df81d94: receive RaftClientReply:client-C12DAE7A5037->3f4de2de-7d09-498f-aead-42327df81d94@group-C7908E81CC6B, cid=3202, SUCCESS, logIndex=4594, commits[3f4de2de-7d09-498f-aead-42327df81d94:c4596]
2019-08-05 04:38:10,929 INFO  client.GrpcClientProtocolClient (GrpcClientProtocolClient.java:onNext(255)) - client-C12DAE7A5037->3f4de2de-7d09-498f-aead-42327df81d94: receive RaftClientReply:client-C12DAE7A5037->3f4de2de-7d09-498f-aead-42327df81d94@group-C7908E81CC6B, cid=3203, SUCCESS, logIndex=4595, commits[3f4de2de-7d09-498f-aead-42327df81d94:c4596]
2019-08-05 04:38:10,929 INFO  client.GrpcClientProtocolClient (GrpcClientProtocolClient.java:onNext(255)) - client-C12DAE7A5037->3f4de2de-7d09-498f-aead-42327df81d94: receive RaftClientReply:client-C12DAE7A5037->3f4de2de-7d09-498f-aead-42327df81d94@group-C7908E81CC6B, cid=3204, SUCCESS, logIndex=4596, commits[3f4de2de-7d09-498f-aead-42327df81d94:c4596]
2019-08-05 04:38:10,952 INFO  client.GrpcClientProtocolClient (GrpcClientProtocolClient.java:onNext(255)) - client-C12DAE7A5037->3f4de2de-7d09-498f-aead-42327df81d94: receive RaftClientReply:client-C12DAE7A5037->3f4de2de-7d09-498f-aead-42327df81d94@group-C7908E81CC6B, cid=3205, SUCCESS, logIndex=4599, commits[3f4de2de-7d09-498f-aead-42327df81d94:c4602]
2019-08-05 04:38:10,953 INFO  client.GrpcClientProtocolClient (GrpcClientProtocolClient.java:onNext(255)) - client-C12DAE7A5037->3f4de2de-7d09-498f-aead-42327df81d94: receive RaftClientReply:client-C12DAE7A5037->3f4de2de-7d09-498f-aead-42327df81d94@group-C7908E81CC6B, cid=3206, SUCCESS, logIndex=4600, commits[3f4de2de-7d09-498f-aead-42327df81d94:c4603]
2019-08-05 04:38:10,953 INFO  client.GrpcClientProtocolClient (GrpcClientProtocolClient.java:onNext(255)) - client-C12DAE7A5037->3f4de2de-7d09-498f-aead-42327df81d94: receive RaftClientReply:client-C12DAE7A5037->3f4de2de-7d09-498f-aead-42327df81d94@group-C7908E81CC6B, cid=3207, SUCCESS, logIndex=4601, commits[3f4de2de-7d09-498f-aead-42327df81d94:c4603]
2019-08-05 04:38:10,954 INFO  client.GrpcClientProtocolClient (GrpcClientProtocolClient.java:onNext(255)) - client-C12DAE7A5037->3f4de2de-7d09-498f-aead-42327df81d94: receive RaftClientReply:client-C12DAE7A5037->3f4de2de-7d09-498f-aead-42327df81d94@group-C7908E81CC6B, cid=3208, SUCCESS, logIndex=4602, commits[3f4de2de-7d09-498f-aead-42327df81d94:c4603]
2019-08-05 04:38:10,986 INFO  client.GrpcClientProtocolClient (GrpcClientProtocolClient.java:onNext(255)) - client-C12DAE7A5037->3f4de2de-7d09-498f-aead-42327df81d94: receive RaftClientReply:client-C12DAE7A5037->3f4de2de-7d09-498f-aead-42327df81d94@group-C7908E81CC6B, cid=3209, SUCCESS, logIndex=4604, commits[3f4de2de-7d09-498f-aead-42327df81d94:c4605]
2019-08-05 04:38:10,987 INFO  client.GrpcClientProtocolClient (GrpcClientProtocolClient.java:onNext(255)) - client-C12DAE7A5037->3f4de2de-7d09-498f-aead-42327df81d94: receive RaftClientReply:client-C12DAE7A5037->3f4de2de-7d09-498f-aead-42327df81d94@group-C7908E81CC6B, cid=3210, SUCCESS, logIndex=4605, commits[3f4de2de-7d09-498f-aead-42327df81d94:c4607]
2019-08-05 04:38:10,987 INFO  client.GrpcClientProtocolClient (GrpcClientProtocolClient.java:onNext(255)) - client-C12DAE7A5037->3f4de2de-7d09-498f-aead-42327df81d94: receive RaftClientReply:client-C12DAE7A5037->3f4de2de-7d09-498f-aead-42327df81d94@group-C7908E81CC6B, cid=3211, SUCCESS, logIndex=4606, commits[3f4de2de-7d09-498f-aead-42327df81d94:c4608]
2019-08-05 04:38:10,987 INFO  client.GrpcClientProtocolClient (GrpcClientProtocolClient.java:onNext(255)) - client-C12DAE7A5037->3f4de2de-7d09-498f-aead-42327df81d94: receive RaftClientReply:client-C12DAE7A5037->3f4de2de-7d09-498f-aead-42327df81d94@group-C7908E81CC6B, cid=3212, SUCCESS, logIndex=4607, commits[3f4de2de-7d09-498f-aead-42327df81d94:c4608]
2019-08-05 04:38:10,988 DEBUG block.SCMBlockDeletingService (SCMBlockDeletingService.java:call(138)) - Running DeletedBlockTransactionScanner
2019-08-05 04:38:10,988 DEBUG block.SCMBlockDeletingService (SCMBlockDeletingService.java:call(155)) - Scanned deleted blocks log and got 0 delTX to process.
2019-08-05 04:38:11,007 INFO  client.GrpcClientProtocolClient (GrpcClientProtocolClient.java:onNext(255)) - client-C12DAE7A5037->3f4de2de-7d09-498f-aead-42327df81d94: receive RaftClientReply:client-C12DAE7A5037->3f4de2de-7d09-498f-aead-42327df81d94@group-C7908E81CC6B, cid=3213, SUCCESS, logIndex=4610, commits[3f4de2de-7d09-498f-aead-42327df81d94:c4611]
2019-08-05 04:38:11,007 INFO  client.GrpcClientProtocolClient (GrpcClientProtocolClient.java:onNext(255)) - client-C12DAE7A5037->3f4de2de-7d09-498f-aead-42327df81d94: receive RaftClientReply:client-C12DAE7A5037->3f4de2de-7d09-498f-aead-42327df81d94@group-C7908E81CC6B, cid=3214, SUCCESS, logIndex=4611, commits[3f4de2de-7d09-498f-aead-42327df81d94:c4613]
2019-08-05 04:38:11,008 INFO  client.GrpcClientProtocolClient (GrpcClientProtocolClient.java:onNext(255)) - client-C12DAE7A5037->3f4de2de-7d09-498f-aead-42327df81d94: receive RaftClientReply:client-C12DAE7A5037->3f4de2de-7d09-498f-aead-42327df81d94@group-C7908E81CC6B, cid=3215, SUCCESS, logIndex=4612, commits[3f4de2de-7d09-498f-aead-42327df81d94:c4614]
2019-08-05 04:38:11,008 INFO  client.GrpcClientProtocolClient (GrpcClientProtocolClient.java:onNext(255)) - client-C12DAE7A5037->3f4de2de-7d09-498f-aead-42327df81d94: receive RaftClientReply:client-C12DAE7A5037->3f4de2de-7d09-498f-aead-42327df81d94@group-C7908E81CC6B, cid=3216, SUCCESS, logIndex=4613, commits[3f4de2de-7d09-498f-aead-42327df81d94:c4614]
2019-08-05 04:38:11,037 INFO  client.GrpcClientProtocolClient (GrpcClientProtocolClient.java:onNext(255)) - client-C12DAE7A5037->3f4de2de-7d09-498f-aead-42327df81d94: receive RaftClientReply:client-C12DAE7A5037->3f4de2de-7d09-498f-aead-42327df81d94@group-C7908E81CC6B, cid=3217, SUCCESS, logIndex=4616, commits[3f4de2de-7d09-498f-aead-42327df81d94:c4617]
2019-08-05 04:38:11,038 INFO  client.GrpcClientProtocolClient (GrpcClientProtocolClient.java:onNext(255)) - client-C12DAE7A5037->3f4de2de-7d09-498f-aead-42327df81d94: receive RaftClientReply:client-C12DAE7A5037->3f4de2de-7d09-498f-aead-42327df81d94@group-C7908E81CC6B, cid=3218, SUCCESS, logIndex=4617, commits[3f4de2de-7d09-498f-aead-42327df81d94:c4619]
2019-08-05 04:38:11,038 INFO  client.GrpcClientProtocolClient (GrpcClientProtocolClient.java:onNext(255)) - client-C12DAE7A5037->3f4de2de-7d09-498f-aead-42327df81d94: receive RaftClientReply:client-C12DAE7A5037->3f4de2de-7d09-498f-aead-42327df81d94@group-C7908E81CC6B, cid=3219, SUCCESS, logIndex=4618, commits[3f4de2de-7d09-498f-aead-42327df81d94:c4620]
2019-08-05 04:38:11,038 INFO  client.GrpcClientProtocolClient (GrpcClientProtocolClient.java:onNext(255)) - client-C12DAE7A5037->3f4de2de-7d09-498f-aead-42327df81d94: receive RaftClientReply:client-C12DAE7A5037->3f4de2de-7d09-498f-aead-42327df81d94@group-C7908E81CC6B, cid=3220, SUCCESS, logIndex=4619, commits[3f4de2de-7d09-498f-aead-42327df81d94:c4620]
2019-08-05 04:38:11,060 INFO  client.GrpcClientProtocolClient (GrpcClientProtocolClient.java:onNext(255)) - client-C12DAE7A5037->3f4de2de-7d09-498f-aead-42327df81d94: receive RaftClientReply:client-C12DAE7A5037->3f4de2de-7d09-498f-aead-42327df81d94@group-C7908E81CC6B, cid=3221, SUCCESS, logIndex=4622, commits[3f4de2de-7d09-498f-aead-42327df81d94:c4625]
2019-08-05 04:38:11,061 INFO  client.GrpcClientProtocolClient (GrpcClientProtocolClient.java:onNext(255)) - client-C12DAE7A5037->3f4de2de-7d09-498f-aead-42327df81d94: receive RaftClientReply:client-C12DAE7A5037->3f4de2de-7d09-498f-aead-42327df81d94@group-C7908E81CC6B, cid=3222, SUCCESS, logIndex=4623, commits[3f4de2de-7d09-498f-aead-42327df81d94:c4626]
2019-08-05 04:38:11,061 INFO  client.GrpcClientProtocolClient (GrpcClientProtocolClient.java:onNext(255)) - client-C12DAE7A5037->3f4de2de-7d09-498f-aead-42327df81d94: receive RaftClientReply:client-C12DAE7A5037->3f4de2de-7d09-498f-aead-42327df81d94@group-C7908E81CC6B, cid=3223, SUCCESS, logIndex=4624, commits[3f4de2de-7d09-498f-aead-42327df81d94:c4626]
2019-08-05 04:38:11,062 INFO  client.GrpcClientProtocolClient (GrpcClientProtocolClient.java:onNext(255)) - client-C12DAE7A5037->3f4de2de-7d09-498f-aead-42327df81d94: receive RaftClientReply:client-C12DAE7A5037->3f4de2de-7d09-498f-aead-42327df81d94@group-C7908E81CC6B, cid=3224, SUCCESS, logIndex=4625, commits[3f4de2de-7d09-498f-aead-42327df81d94:c4626]
2019-08-05 04:38:11,088 DEBUG block.SCMBlockDeletingService (SCMBlockDeletingService.java:call(138)) - Running DeletedBlockTransactionScanner
2019-08-05 04:38:11,088 DEBUG block.SCMBlockDeletingService (SCMBlockDeletingService.java:call(155)) - Scanned deleted blocks log and got 0 delTX to process.
2019-08-05 04:38:11,097 INFO  client.GrpcClientProtocolClient (GrpcClientProtocolClient.java:onNext(255)) - client-C12DAE7A5037->3f4de2de-7d09-498f-aead-42327df81d94: receive RaftClientReply:client-C12DAE7A5037->3f4de2de-7d09-498f-aead-42327df81d94@group-C7908E81CC6B, cid=3225, SUCCESS, logIndex=4627, commits[3f4de2de-7d09-498f-aead-42327df81d94:c4628]
2019-08-05 04:38:11,097 INFO  client.GrpcClientProtocolClient (GrpcClientProtocolClient.java:onNext(255)) - client-C12DAE7A5037->3f4de2de-7d09-498f-aead-42327df81d94: receive RaftClientReply:client-C12DAE7A5037->3f4de2de-7d09-498f-aead-42327df81d94@group-C7908E81CC6B, cid=3226, SUCCESS, logIndex=4628, commits[3f4de2de-7d09-498f-aead-42327df81d94:c4628]
2019-08-05 04:38:11,189 DEBUG block.SCMBlockDeletingService (SCMBlockDeletingService.java:call(138)) - Running DeletedBlockTransactionScanner
2019-08-05 04:38:11,189 DEBUG block.SCMBlockDeletingService (SCMBlockDeletingService.java:call(155)) - Scanned deleted blocks log and got 0 delTX to process.
2019-08-05 04:38:11,225 INFO  client.GrpcClientProtocolClient (GrpcClientProtocolClient.java:onNext(255)) - client-C12DAE7A5037->3f4de2de-7d09-498f-aead-42327df81d94: receive RaftClientReply:client-C12DAE7A5037->3f4de2de-7d09-498f-aead-42327df81d94@group-C7908E81CC6B, cid=3227, SUCCESS, logIndex=4630, commits[3f4de2de-7d09-498f-aead-42327df81d94:c4631]
2019-08-05 04:38:11,226 INFO  client.GrpcClientProtocolClient (GrpcClientProtocolClient.java:onNext(255)) - client-C12DAE7A5037->3f4de2de-7d09-498f-aead-42327df81d94: receive RaftClientReply:client-C12DAE7A5037->3f4de2de-7d09-498f-aead-42327df81d94@group-C7908E81CC6B, cid=3228, SUCCESS, logIndex=4631, commits[3f4de2de-7d09-498f-aead-42327df81d94:c4632]
2019-08-05 04:38:11,248 INFO  client.GrpcClientProtocolClient (GrpcClientProtocolClient.java:onNext(255)) - client-C12DAE7A5037->3f4de2de-7d09-498f-aead-42327df81d94: receive RaftClientReply:client-C12DAE7A5037->3f4de2de-7d09-498f-aead-42327df81d94@group-C7908E81CC6B, cid=3229, SUCCESS, logIndex=4633, commits[3f4de2de-7d09-498f-aead-42327df81d94:c4634]
2019-08-05 04:38:11,248 INFO  client.GrpcClientProtocolClient (GrpcClientProtocolClient.java:onNext(255)) - client-C12DAE7A5037->3f4de2de-7d09-498f-aead-42327df81d94: receive RaftClientReply:client-C12DAE7A5037->3f4de2de-7d09-498f-aead-42327df81d94@group-C7908E81CC6B, cid=3230, SUCCESS, logIndex=4634, commits[3f4de2de-7d09-498f-aead-42327df81d94:c4634]
2019-08-05 04:38:11,262 INFO  client.GrpcClientProtocolClient (GrpcClientProtocolClient.java:onNext(255)) - client-C12DAE7A5037->3f4de2de-7d09-498f-aead-42327df81d94: receive RaftClientReply:client-C12DAE7A5037->3f4de2de-7d09-498f-aead-42327df81d94@group-C7908E81CC6B, cid=3231, SUCCESS, logIndex=4635, commits[3f4de2de-7d09-498f-aead-42327df81d94:c4637]
2019-08-05 04:38:11,262 INFO  client.GrpcClientProtocolClient (GrpcClientProtocolClient.java:onNext(255)) - client-C12DAE7A5037->3f4de2de-7d09-498f-aead-42327df81d94: receive RaftClientReply:client-C12DAE7A5037->3f4de2de-7d09-498f-aead-42327df81d94@group-C7908E81CC6B, cid=3232, SUCCESS, logIndex=4636, commits[3f4de2de-7d09-498f-aead-42327df81d94:c4637]
2019-08-05 04:38:11,289 DEBUG block.SCMBlockDeletingService (SCMBlockDeletingService.java:call(138)) - Running DeletedBlockTransactionScanner
2019-08-05 04:38:11,290 DEBUG block.SCMBlockDeletingService (SCMBlockDeletingService.java:call(155)) - Scanned deleted blocks log and got 0 delTX to process.
2019-08-05 04:38:11,300 INFO  client.GrpcClientProtocolClient (GrpcClientProtocolClient.java:onNext(255)) - client-C12DAE7A5037->3f4de2de-7d09-498f-aead-42327df81d94: receive RaftClientReply:client-C12DAE7A5037->3f4de2de-7d09-498f-aead-42327df81d94@group-C7908E81CC6B, cid=3233, SUCCESS, logIndex=4638, commits[3f4de2de-7d09-498f-aead-42327df81d94:c4639]
2019-08-05 04:38:11,301 INFO  client.GrpcClientProtocolClient (GrpcClientProtocolClient.java:onNext(255)) - client-C12DAE7A5037->3f4de2de-7d09-498f-aead-42327df81d94: receive RaftClientReply:client-C12DAE7A5037->3f4de2de-7d09-498f-aead-42327df81d94@group-C7908E81CC6B, cid=3234, SUCCESS, logIndex=4639, commits[3f4de2de-7d09-498f-aead-42327df81d94:c4641]
2019-08-05 04:38:11,301 INFO  client.GrpcClientProtocolClient (GrpcClientProtocolClient.java:onNext(255)) - client-C12DAE7A5037->3f4de2de-7d09-498f-aead-42327df81d94: receive RaftClientReply:client-C12DAE7A5037->3f4de2de-7d09-498f-aead-42327df81d94@group-C7908E81CC6B, cid=3235, SUCCESS, logIndex=4640, commits[3f4de2de-7d09-498f-aead-42327df81d94:c4642]
2019-08-05 04:38:11,301 INFO  client.GrpcClientProtocolClient (GrpcClientProtocolClient.java:onNext(255)) - client-C12DAE7A5037->3f4de2de-7d09-498f-aead-42327df81d94: receive RaftClientReply:client-C12DAE7A5037->3f4de2de-7d09-498f-aead-42327df81d94@group-C7908E81CC6B, cid=3236, SUCCESS, logIndex=4641, commits[3f4de2de-7d09-498f-aead-42327df81d94:c4643]
2019-08-05 04:38:11,324 INFO  client.GrpcClientProtocolClient (GrpcClientProtocolClient.java:onNext(255)) - client-C12DAE7A5037->3f4de2de-7d09-498f-aead-42327df81d94: receive RaftClientReply:client-C12DAE7A5037->3f4de2de-7d09-498f-aead-42327df81d94@group-C7908E81CC6B, cid=3237, SUCCESS, logIndex=4644, commits[3f4de2de-7d09-498f-aead-42327df81d94:c4647]
2019-08-05 04:38:11,325 INFO  client.GrpcClientProtocolClient (GrpcClientProtocolClient.java:onNext(255)) - client-C12DAE7A5037->3f4de2de-7d09-498f-aead-42327df81d94: receive RaftClientReply:client-C12DAE7A5037->3f4de2de-7d09-498f-aead-42327df81d94@group-C7908E81CC6B, cid=3238, SUCCESS, logIndex=4645, commits[3f4de2de-7d09-498f-aead-42327df81d94:c4648]
2019-08-05 04:38:11,325 INFO  client.GrpcClientProtocolClient (GrpcClientProtocolClient.java:onNext(255)) - client-C12DAE7A5037->3f4de2de-7d09-498f-aead-42327df81d94: receive RaftClientReply:client-C12DAE7A5037->3f4de2de-7d09-498f-aead-42327df81d94@group-C7908E81CC6B, cid=3239, SUCCESS, logIndex=4646, commits[3f4de2de-7d09-498f-aead-42327df81d94:c4648]
2019-08-05 04:38:11,326 INFO  client.GrpcClientProtocolClient (GrpcClientProtocolClient.java:onNext(255)) - client-C12DAE7A5037->3f4de2de-7d09-498f-aead-42327df81d94: receive RaftClientReply:client-C12DAE7A5037->3f4de2de-7d09-498f-aead-42327df81d94@group-C7908E81CC6B, cid=3240, SUCCESS, logIndex=4647, commits[3f4de2de-7d09-498f-aead-42327df81d94:c4648]
2019-08-05 04:38:11,362 INFO  client.GrpcClientProtocolClient (GrpcClientProtocolClient.java:onNext(255)) - client-C12DAE7A5037->3f4de2de-7d09-498f-aead-42327df81d94: receive RaftClientReply:client-C12DAE7A5037->3f4de2de-7d09-498f-aead-42327df81d94@group-C7908E81CC6B, cid=3241, SUCCESS, logIndex=4649, commits[3f4de2de-7d09-498f-aead-42327df81d94:c4650]
2019-08-05 04:38:11,362 INFO  client.GrpcClientProtocolClient (GrpcClientProtocolClient.java:onNext(255)) - client-C12DAE7A5037->3f4de2de-7d09-498f-aead-42327df81d94: receive RaftClientReply:client-C12DAE7A5037->3f4de2de-7d09-498f-aead-42327df81d94@group-C7908E81CC6B, cid=3242, SUCCESS, logIndex=4650, commits[3f4de2de-7d09-498f-aead-42327df81d94:c4650]
2019-08-05 04:38:11,364 INFO  client.GrpcClientProtocolClient (GrpcClientProtocolClient.java:onNext(255)) - client-C12DAE7A5037->3f4de2de-7d09-498f-aead-42327df81d94: receive RaftClientReply:client-C12DAE7A5037->3f4de2de-7d09-498f-aead-42327df81d94@group-C7908E81CC6B, cid=3243, SUCCESS, logIndex=4651, commits[3f4de2de-7d09-498f-aead-42327df81d94:c4652]
2019-08-05 04:38:11,364 INFO  client.GrpcClientProtocolClient (GrpcClientProtocolClient.java:onNext(255)) - client-C12DAE7A5037->3f4de2de-7d09-498f-aead-42327df81d94: receive RaftClientReply:client-C12DAE7A5037->3f4de2de-7d09-498f-aead-42327df81d94@group-C7908E81CC6B, cid=3244, SUCCESS, logIndex=4652, commits[3f4de2de-7d09-498f-aead-42327df81d94:c4652]
2019-08-05 04:38:11,388 INFO  client.GrpcClientProtocolClient (GrpcClientProtocolClient.java:onNext(255)) - client-C12DAE7A5037->3f4de2de-7d09-498f-aead-42327df81d94: receive RaftClientReply:client-C12DAE7A5037->3f4de2de-7d09-498f-aead-42327df81d94@group-C7908E81CC6B, cid=3245, SUCCESS, logIndex=4655, commits[3f4de2de-7d09-498f-aead-42327df81d94:c4658]
2019-08-05 04:38:11,388 INFO  client.GrpcClientProtocolClient (GrpcClientProtocolClient.java:onNext(255)) - client-C12DAE7A5037->3f4de2de-7d09-498f-aead-42327df81d94: receive RaftClientReply:client-C12DAE7A5037->3f4de2de-7d09-498f-aead-42327df81d94@group-C7908E81CC6B, cid=3246, SUCCESS, logIndex=4656, commits[3f4de2de-7d09-498f-aead-42327df81d94:c4658]
2019-08-05 04:38:11,388 INFO  client.GrpcClientProtocolClient (GrpcClientProtocolClient.java:onNext(255)) - client-C12DAE7A5037->3f4de2de-7d09-498f-aead-42327df81d94: receive RaftClientReply:client-C12DAE7A5037->3f4de2de-7d09-498f-aead-42327df81d94@group-C7908E81CC6B, cid=3247, SUCCESS, logIndex=4657, commits[3f4de2de-7d09-498f-aead-42327df81d94:c4659]
2019-08-05 04:38:11,389 INFO  client.GrpcClientProtocolClient (GrpcClientProtocolClient.java:onNext(255)) - client-C12DAE7A5037->3f4de2de-7d09-498f-aead-42327df81d94: receive RaftClientReply:client-C12DAE7A5037->3f4de2de-7d09-498f-aead-42327df81d94@group-C7908E81CC6B, cid=3248, SUCCESS, logIndex=4658, commits[3f4de2de-7d09-498f-aead-42327df81d94:c4659]
2019-08-05 04:38:11,391 DEBUG block.SCMBlockDeletingService (SCMBlockDeletingService.java:call(138)) - Running DeletedBlockTransactionScanner
2019-08-05 04:38:11,391 DEBUG block.SCMBlockDeletingService (SCMBlockDeletingService.java:call(155)) - Scanned deleted blocks log and got 0 delTX to process.
2019-08-05 04:38:11,421 INFO  client.GrpcClientProtocolClient (GrpcClientProtocolClient.java:onNext(255)) - client-C12DAE7A5037->3f4de2de-7d09-498f-aead-42327df81d94: receive RaftClientReply:client-C12DAE7A5037->3f4de2de-7d09-498f-aead-42327df81d94@group-C7908E81CC6B, cid=3249, SUCCESS, logIndex=4660, commits[3f4de2de-7d09-498f-aead-42327df81d94:c4663]
2019-08-05 04:38:11,421 INFO  client.GrpcClientProtocolClient (GrpcClientProtocolClient.java:onNext(255)) - client-C12DAE7A5037->3f4de2de-7d09-498f-aead-42327df81d94: receive RaftClientReply:client-C12DAE7A5037->3f4de2de-7d09-498f-aead-42327df81d94@group-C7908E81CC6B, cid=3250, SUCCESS, logIndex=4661, commits[3f4de2de-7d09-498f-aead-42327df81d94:c4664]
2019-08-05 04:38:11,421 INFO  client.GrpcClientProtocolClient (GrpcClientProtocolClient.java:onNext(255)) - client-C12DAE7A5037->3f4de2de-7d09-498f-aead-42327df81d94: receive RaftClientReply:client-C12DAE7A5037->3f4de2de-7d09-498f-aead-42327df81d94@group-C7908E81CC6B, cid=3251, SUCCESS, logIndex=4662, commits[3f4de2de-7d09-498f-aead-42327df81d94:c4664]
2019-08-05 04:38:11,422 INFO  client.GrpcClientProtocolClient (GrpcClientProtocolClient.java:onNext(255)) - client-C12DAE7A5037->3f4de2de-7d09-498f-aead-42327df81d94: receive RaftClientReply:client-C12DAE7A5037->3f4de2de-7d09-498f-aead-42327df81d94@group-C7908E81CC6B, cid=3252, SUCCESS, logIndex=4663, commits[3f4de2de-7d09-498f-aead-42327df81d94:c4664]
2019-08-05 04:38:11,441 INFO  client.GrpcClientProtocolClient (GrpcClientProtocolClient.java:onNext(255)) - client-C12DAE7A5037->3f4de2de-7d09-498f-aead-42327df81d94: receive RaftClientReply:client-C12DAE7A5037->3f4de2de-7d09-498f-aead-42327df81d94@group-C7908E81CC6B, cid=3253, SUCCESS, logIndex=4665, commits[3f4de2de-7d09-498f-aead-42327df81d94:c4666]
2019-08-05 04:38:11,442 INFO  client.GrpcClientProtocolClient (GrpcClientProtocolClient.java:onNext(255)) - client-C12DAE7A5037->3f4de2de-7d09-498f-aead-42327df81d94: receive RaftClientReply:client-C12DAE7A5037->3f4de2de-7d09-498f-aead-42327df81d94@group-C7908E81CC6B, cid=3254, SUCCESS, logIndex=4666, commits[3f4de2de-7d09-498f-aead-42327df81d94:c4666]
2019-08-05 04:38:11,443 INFO  client.GrpcClientProtocolClient (GrpcClientProtocolClient.java:onNext(255)) - client-C12DAE7A5037->3f4de2de-7d09-498f-aead-42327df81d94: receive RaftClientReply:client-C12DAE7A5037->3f4de2de-7d09-498f-aead-42327df81d94@group-C7908E81CC6B, cid=3255, SUCCESS, logIndex=4667, commits[3f4de2de-7d09-498f-aead-42327df81d94:c4668]
2019-08-05 04:38:11,443 INFO  client.GrpcClientProtocolClient (GrpcClientProtocolClient.java:onNext(255)) - client-C12DAE7A5037->3f4de2de-7d09-498f-aead-42327df81d94: receive RaftClientReply:client-C12DAE7A5037->3f4de2de-7d09-498f-aead-42327df81d94@group-C7908E81CC6B, cid=3256, SUCCESS, logIndex=4668, commits[3f4de2de-7d09-498f-aead-42327df81d94:c4668]
2019-08-05 04:38:11,464 INFO  client.GrpcClientProtocolClient (GrpcClientProtocolClient.java:onNext(255)) - client-C12DAE7A5037->3f4de2de-7d09-498f-aead-42327df81d94: receive RaftClientReply:client-C12DAE7A5037->3f4de2de-7d09-498f-aead-42327df81d94@group-C7908E81CC6B, cid=3257, SUCCESS, logIndex=4671, commits[3f4de2de-7d09-498f-aead-42327df81d94:c4672]
2019-08-05 04:38:11,465 INFO  client.GrpcClientProtocolClient (GrpcClientProtocolClient.java:onNext(255)) - client-C12DAE7A5037->3f4de2de-7d09-498f-aead-42327df81d94: receive RaftClientReply:client-C12DAE7A5037->3f4de2de-7d09-498f-aead-42327df81d94@group-C7908E81CC6B, cid=3258, SUCCESS, logIndex=4672, commits[3f4de2de-7d09-498f-aead-42327df81d94:c4672]
2019-08-05 04:38:11,466 INFO  client.GrpcClientProtocolClient (GrpcClientProtocolClient.java:onNext(255)) - client-C12DAE7A5037->3f4de2de-7d09-498f-aead-42327df81d94: receive RaftClientReply:client-C12DAE7A5037->3f4de2de-7d09-498f-aead-42327df81d94@group-C7908E81CC6B, cid=3259, SUCCESS, logIndex=4673, commits[3f4de2de-7d09-498f-aead-42327df81d94:c4675]
2019-08-05 04:38:11,467 INFO  client.GrpcClientProtocolClient (GrpcClientProtocolClient.java:onNext(255)) - client-C12DAE7A5037->3f4de2de-7d09-498f-aead-42327df81d94: receive RaftClientReply:client-C12DAE7A5037->3f4de2de-7d09-498f-aead-42327df81d94@group-C7908E81CC6B, cid=3260, SUCCESS, logIndex=4674, commits[3f4de2de-7d09-498f-aead-42327df81d94:c4675]
2019-08-05 04:38:11,487 INFO  client.GrpcClientProtocolClient (GrpcClientProtocolClient.java:onNext(255)) - client-C12DAE7A5037->3f4de2de-7d09-498f-aead-42327df81d94: receive RaftClientReply:client-C12DAE7A5037->3f4de2de-7d09-498f-aead-42327df81d94@group-C7908E81CC6B, cid=3261, SUCCESS, logIndex=4676, commits[3f4de2de-7d09-498f-aead-42327df81d94:c4679]
2019-08-05 04:38:11,487 INFO  client.GrpcClientProtocolClient (GrpcClientProtocolClient.java:onNext(255)) - client-C12DAE7A5037->3f4de2de-7d09-498f-aead-42327df81d94: receive RaftClientReply:client-C12DAE7A5037->3f4de2de-7d09-498f-aead-42327df81d94@group-C7908E81CC6B, cid=3262, SUCCESS, logIndex=4677, commits[3f4de2de-7d09-498f-aead-42327df81d94:c4679]
2019-08-05 04:38:11,487 INFO  client.GrpcClientProtocolClient (GrpcClientProtocolClient.java:onNext(255)) - client-C12DAE7A5037->3f4de2de-7d09-498f-aead-42327df81d94: receive RaftClientReply:client-C12DAE7A5037->3f4de2de-7d09-498f-aead-42327df81d94@group-C7908E81CC6B, cid=3263, SUCCESS, logIndex=4678, commits[3f4de2de-7d09-498f-aead-42327df81d94:c4680]
2019-08-05 04:38:11,488 INFO  client.GrpcClientProtocolClient (GrpcClientProtocolClient.java:onNext(255)) - client-C12DAE7A5037->3f4de2de-7d09-498f-aead-42327df81d94: receive RaftClientReply:client-C12DAE7A5037->3f4de2de-7d09-498f-aead-42327df81d94@group-C7908E81CC6B, cid=3264, SUCCESS, logIndex=4679, commits[3f4de2de-7d09-498f-aead-42327df81d94:c4680]
2019-08-05 04:38:11,491 DEBUG block.SCMBlockDeletingService (SCMBlockDeletingService.java:call(138)) - Running DeletedBlockTransactionScanner
2019-08-05 04:38:11,491 DEBUG block.SCMBlockDeletingService (SCMBlockDeletingService.java:call(155)) - Scanned deleted blocks log and got 0 delTX to process.
2019-08-05 04:38:11,523 INFO  client.GrpcClientProtocolClient (GrpcClientProtocolClient.java:onNext(255)) - client-C12DAE7A5037->3f4de2de-7d09-498f-aead-42327df81d94: receive RaftClientReply:client-C12DAE7A5037->3f4de2de-7d09-498f-aead-42327df81d94@group-C7908E81CC6B, cid=3265, SUCCESS, logIndex=4681, commits[3f4de2de-7d09-498f-aead-42327df81d94:c4685]
2019-08-05 04:38:11,525 INFO  client.GrpcClientProtocolClient (GrpcClientProtocolClient.java:onNext(255)) - client-C12DAE7A5037->3f4de2de-7d09-498f-aead-42327df81d94: receive RaftClientReply:client-C12DAE7A5037->3f4de2de-7d09-498f-aead-42327df81d94@group-C7908E81CC6B, cid=3266, SUCCESS, logIndex=4682, commits[3f4de2de-7d09-498f-aead-42327df81d94:c4685]
2019-08-05 04:38:11,525 INFO  client.GrpcClientProtocolClient (GrpcClientProtocolClient.java:onNext(255)) - client-C12DAE7A5037->3f4de2de-7d09-498f-aead-42327df81d94: receive RaftClientReply:client-C12DAE7A5037->3f4de2de-7d09-498f-aead-42327df81d94@group-C7908E81CC6B, cid=3267, SUCCESS, logIndex=4683, commits[3f4de2de-7d09-498f-aead-42327df81d94:c4685]
2019-08-05 04:38:11,526 INFO  client.GrpcClientProtocolClient (GrpcClientProtocolClient.java:onNext(255)) - client-C12DAE7A5037->3f4de2de-7d09-498f-aead-42327df81d94: receive RaftClientReply:client-C12DAE7A5037->3f4de2de-7d09-498f-aead-42327df81d94@group-C7908E81CC6B, cid=3268, SUCCESS, logIndex=4684, commits[3f4de2de-7d09-498f-aead-42327df81d94:c4685]
2019-08-05 04:38:11,592 DEBUG block.SCMBlockDeletingService (SCMBlockDeletingService.java:call(138)) - Running DeletedBlockTransactionScanner
2019-08-05 04:38:11,592 DEBUG block.SCMBlockDeletingService (SCMBlockDeletingService.java:call(155)) - Scanned deleted blocks log and got 0 delTX to process.
2019-08-05 04:38:11,602 INFO  client.GrpcClientProtocolClient (GrpcClientProtocolClient.java:onNext(255)) - client-C12DAE7A5037->3f4de2de-7d09-498f-aead-42327df81d94: receive RaftClientReply:client-C12DAE7A5037->3f4de2de-7d09-498f-aead-42327df81d94@group-C7908E81CC6B, cid=3269, SUCCESS, logIndex=4686, commits[3f4de2de-7d09-498f-aead-42327df81d94:c4687]
2019-08-05 04:38:11,602 INFO  client.GrpcClientProtocolClient (GrpcClientProtocolClient.java:onNext(255)) - client-C12DAE7A5037->3f4de2de-7d09-498f-aead-42327df81d94: receive RaftClientReply:client-C12DAE7A5037->3f4de2de-7d09-498f-aead-42327df81d94@group-C7908E81CC6B, cid=3270, SUCCESS, logIndex=4687, commits[3f4de2de-7d09-498f-aead-42327df81d94:c4688]
2019-08-05 04:38:11,692 DEBUG block.SCMBlockDeletingService (SCMBlockDeletingService.java:call(138)) - Running DeletedBlockTransactionScanner
2019-08-05 04:38:11,693 DEBUG block.SCMBlockDeletingService (SCMBlockDeletingService.java:call(155)) - Scanned deleted blocks log and got 0 delTX to process.
2019-08-05 04:38:11,721 INFO  client.GrpcClientProtocolClient (GrpcClientProtocolClient.java:onNext(255)) - client-C12DAE7A5037->3f4de2de-7d09-498f-aead-42327df81d94: receive RaftClientReply:client-C12DAE7A5037->3f4de2de-7d09-498f-aead-42327df81d94@group-C7908E81CC6B, cid=3271, SUCCESS, logIndex=4689, commits[3f4de2de-7d09-498f-aead-42327df81d94:c4690]
2019-08-05 04:38:11,722 INFO  client.GrpcClientProtocolClient (GrpcClientProtocolClient.java:onNext(255)) - client-C12DAE7A5037->3f4de2de-7d09-498f-aead-42327df81d94: receive RaftClientReply:client-C12DAE7A5037->3f4de2de-7d09-498f-aead-42327df81d94@group-C7908E81CC6B, cid=3272, SUCCESS, logIndex=4690, commits[3f4de2de-7d09-498f-aead-42327df81d94:c4691]
2019-08-05 04:38:11,753 INFO  client.GrpcClientProtocolClient (GrpcClientProtocolClient.java:onNext(255)) - client-C12DAE7A5037->3f4de2de-7d09-498f-aead-42327df81d94: receive RaftClientReply:client-C12DAE7A5037->3f4de2de-7d09-498f-aead-42327df81d94@group-C7908E81CC6B, cid=3273, SUCCESS, logIndex=4692, commits[3f4de2de-7d09-498f-aead-42327df81d94:c4695]
2019-08-05 04:38:11,754 INFO  client.GrpcClientProtocolClient (GrpcClientProtocolClient.java:onNext(255)) - client-C12DAE7A5037->3f4de2de-7d09-498f-aead-42327df81d94: receive RaftClientReply:client-C12DAE7A5037->3f4de2de-7d09-498f-aead-42327df81d94@group-C7908E81CC6B, cid=3274, SUCCESS, logIndex=4693, commits[3f4de2de-7d09-498f-aead-42327df81d94:c4696]
2019-08-05 04:38:11,754 INFO  client.GrpcClientProtocolClient (GrpcClientProtocolClient.java:onNext(255)) - client-C12DAE7A5037->3f4de2de-7d09-498f-aead-42327df81d94: receive RaftClientReply:client-C12DAE7A5037->3f4de2de-7d09-498f-aead-42327df81d94@group-C7908E81CC6B, cid=3275, SUCCESS, logIndex=4694, commits[3f4de2de-7d09-498f-aead-42327df81d94:c4696]
2019-08-05 04:38:11,755 INFO  client.GrpcClientProtocolClient (GrpcClientProtocolClient.java:onNext(255)) - client-C12DAE7A5037->3f4de2de-7d09-498f-aead-42327df81d94: receive RaftClientReply:client-C12DAE7A5037->3f4de2de-7d09-498f-aead-42327df81d94@group-C7908E81CC6B, cid=3276, SUCCESS, logIndex=4695, commits[3f4de2de-7d09-498f-aead-42327df81d94:c4696]
2019-08-05 04:38:11,776 INFO  client.GrpcClientProtocolClient (GrpcClientProtocolClient.java:onNext(255)) - client-C12DAE7A5037->3f4de2de-7d09-498f-aead-42327df81d94: receive RaftClientReply:client-C12DAE7A5037->3f4de2de-7d09-498f-aead-42327df81d94@group-C7908E81CC6B, cid=3277, SUCCESS, logIndex=4697, commits[3f4de2de-7d09-498f-aead-42327df81d94:c4700]
2019-08-05 04:38:11,777 INFO  client.GrpcClientProtocolClient (GrpcClientProtocolClient.java:onNext(255)) - client-C12DAE7A5037->3f4de2de-7d09-498f-aead-42327df81d94: receive RaftClientReply:client-C12DAE7A5037->3f4de2de-7d09-498f-aead-42327df81d94@group-C7908E81CC6B, cid=3278, SUCCESS, logIndex=4698, commits[3f4de2de-7d09-498f-aead-42327df81d94:c4701]
2019-08-05 04:38:11,777 INFO  client.GrpcClientProtocolClient (GrpcClientProtocolClient.java:onNext(255)) - client-C12DAE7A5037->3f4de2de-7d09-498f-aead-42327df81d94: receive RaftClientReply:client-C12DAE7A5037->3f4de2de-7d09-498f-aead-42327df81d94@group-C7908E81CC6B, cid=3279, SUCCESS, logIndex=4699, commits[3f4de2de-7d09-498f-aead-42327df81d94:c4701]
2019-08-05 04:38:11,778 INFO  client.GrpcClientProtocolClient (GrpcClientProtocolClient.java:onNext(255)) - client-C12DAE7A5037->3f4de2de-7d09-498f-aead-42327df81d94: receive RaftClientReply:client-C12DAE7A5037->3f4de2de-7d09-498f-aead-42327df81d94@group-C7908E81CC6B, cid=3280, SUCCESS, logIndex=4700, commits[3f4de2de-7d09-498f-aead-42327df81d94:c4701]
2019-08-05 04:38:11,793 DEBUG block.SCMBlockDeletingService (SCMBlockDeletingService.java:call(138)) - Running DeletedBlockTransactionScanner
2019-08-05 04:38:11,793 DEBUG block.SCMBlockDeletingService (SCMBlockDeletingService.java:call(155)) - Scanned deleted blocks log and got 0 delTX to process.
2019-08-05 04:38:11,811 INFO  client.GrpcClientProtocolClient (GrpcClientProtocolClient.java:onNext(255)) - client-C12DAE7A5037->3f4de2de-7d09-498f-aead-42327df81d94: receive RaftClientReply:client-C12DAE7A5037->3f4de2de-7d09-498f-aead-42327df81d94@group-C7908E81CC6B, cid=3281, SUCCESS, logIndex=4702, commits[3f4de2de-7d09-498f-aead-42327df81d94:c4705]
2019-08-05 04:38:11,812 INFO  client.GrpcClientProtocolClient (GrpcClientProtocolClient.java:onNext(255)) - client-C12DAE7A5037->3f4de2de-7d09-498f-aead-42327df81d94: receive RaftClientReply:client-C12DAE7A5037->3f4de2de-7d09-498f-aead-42327df81d94@group-C7908E81CC6B, cid=3282, SUCCESS, logIndex=4703, commits[3f4de2de-7d09-498f-aead-42327df81d94:c4706]
2019-08-05 04:38:11,813 INFO  client.GrpcClientProtocolClient (GrpcClientProtocolClient.java:onNext(255)) - client-C12DAE7A5037->3f4de2de-7d09-498f-aead-42327df81d94: receive RaftClientReply:client-C12DAE7A5037->3f4de2de-7d09-498f-aead-42327df81d94@group-C7908E81CC6B, cid=3283, SUCCESS, logIndex=4704, commits[3f4de2de-7d09-498f-aead-42327df81d94:c4706]
2019-08-05 04:38:11,813 INFO  client.GrpcClientProtocolClient (GrpcClientProtocolClient.java:onNext(255)) - client-C12DAE7A5037->3f4de2de-7d09-498f-aead-42327df81d94: receive RaftClientReply:client-C12DAE7A5037->3f4de2de-7d09-498f-aead-42327df81d94@group-C7908E81CC6B, cid=3284, SUCCESS, logIndex=4705, commits[3f4de2de-7d09-498f-aead-42327df81d94:c4706]
2019-08-05 04:38:11,836 INFO  client.GrpcClientProtocolClient (GrpcClientProtocolClient.java:onNext(255)) - client-C12DAE7A5037->3f4de2de-7d09-498f-aead-42327df81d94: receive RaftClientReply:client-C12DAE7A5037->3f4de2de-7d09-498f-aead-42327df81d94@group-C7908E81CC6B, cid=3285, SUCCESS, logIndex=4707, commits[3f4de2de-7d09-498f-aead-42327df81d94:c4710]
2019-08-05 04:38:11,836 INFO  client.GrpcClientProtocolClient (GrpcClientProtocolClient.java:onNext(255)) - client-C12DAE7A5037->3f4de2de-7d09-498f-aead-42327df81d94: receive RaftClientReply:client-C12DAE7A5037->3f4de2de-7d09-498f-aead-42327df81d94@group-C7908E81CC6B, cid=3286, SUCCESS, logIndex=4708, commits[3f4de2de-7d09-498f-aead-42327df81d94:c4710]
2019-08-05 04:38:11,837 INFO  client.GrpcClientProtocolClient (GrpcClientProtocolClient.java:onNext(255)) - client-C12DAE7A5037->3f4de2de-7d09-498f-aead-42327df81d94: receive RaftClientReply:client-C12DAE7A5037->3f4de2de-7d09-498f-aead-42327df81d94@group-C7908E81CC6B, cid=3287, SUCCESS, logIndex=4709, commits[3f4de2de-7d09-498f-aead-42327df81d94:c4711]
2019-08-05 04:38:11,837 INFO  client.GrpcClientProtocolClient (GrpcClientProtocolClient.java:onNext(255)) - client-C12DAE7A5037->3f4de2de-7d09-498f-aead-42327df81d94: receive RaftClientReply:client-C12DAE7A5037->3f4de2de-7d09-498f-aead-42327df81d94@group-C7908E81CC6B, cid=3288, SUCCESS, logIndex=4710, commits[3f4de2de-7d09-498f-aead-42327df81d94:c4711]
2019-08-05 04:38:11,868 INFO  client.GrpcClientProtocolClient (GrpcClientProtocolClient.java:onNext(255)) - client-C12DAE7A5037->3f4de2de-7d09-498f-aead-42327df81d94: receive RaftClientReply:client-C12DAE7A5037->3f4de2de-7d09-498f-aead-42327df81d94@group-C7908E81CC6B, cid=3289, SUCCESS, logIndex=4712, commits[3f4de2de-7d09-498f-aead-42327df81d94:c4713]
2019-08-05 04:38:11,869 INFO  client.GrpcClientProtocolClient (GrpcClientProtocolClient.java:onNext(255)) - client-C12DAE7A5037->3f4de2de-7d09-498f-aead-42327df81d94: receive RaftClientReply:client-C12DAE7A5037->3f4de2de-7d09-498f-aead-42327df81d94@group-C7908E81CC6B, cid=3290, SUCCESS, logIndex=4713, commits[3f4de2de-7d09-498f-aead-42327df81d94:c4715]
2019-08-05 04:38:11,869 INFO  client.GrpcClientProtocolClient (GrpcClientProtocolClient.java:onNext(255)) - client-C12DAE7A5037->3f4de2de-7d09-498f-aead-42327df81d94: receive RaftClientReply:client-C12DAE7A5037->3f4de2de-7d09-498f-aead-42327df81d94@group-C7908E81CC6B, cid=3291, SUCCESS, logIndex=4714, commits[3f4de2de-7d09-498f-aead-42327df81d94:c4715]
2019-08-05 04:38:11,870 INFO  client.GrpcClientProtocolClient (GrpcClientProtocolClient.java:onNext(255)) - client-C12DAE7A5037->3f4de2de-7d09-498f-aead-42327df81d94: receive RaftClientReply:client-C12DAE7A5037->3f4de2de-7d09-498f-aead-42327df81d94@group-C7908E81CC6B, cid=3292, SUCCESS, logIndex=4715, commits[3f4de2de-7d09-498f-aead-42327df81d94:c4715]
2019-08-05 04:38:11,884 INFO  client.GrpcClientProtocolClient (GrpcClientProtocolClient.java:onNext(255)) - client-C12DAE7A5037->3f4de2de-7d09-498f-aead-42327df81d94: receive RaftClientReply:client-C12DAE7A5037->3f4de2de-7d09-498f-aead-42327df81d94@group-C7908E81CC6B, cid=3293, SUCCESS, logIndex=4718, commits[3f4de2de-7d09-498f-aead-42327df81d94:c4721]
2019-08-05 04:38:11,884 INFO  client.GrpcClientProtocolClient (GrpcClientProtocolClient.java:onNext(255)) - client-C12DAE7A5037->3f4de2de-7d09-498f-aead-42327df81d94: receive RaftClientReply:client-C12DAE7A5037->3f4de2de-7d09-498f-aead-42327df81d94@group-C7908E81CC6B, cid=3294, SUCCESS, logIndex=4719, commits[3f4de2de-7d09-498f-aead-42327df81d94:c4722]
2019-08-05 04:38:11,885 INFO  client.GrpcClientProtocolClient (GrpcClientProtocolClient.java:onNext(255)) - client-C12DAE7A5037->3f4de2de-7d09-498f-aead-42327df81d94: receive RaftClientReply:client-C12DAE7A5037->3f4de2de-7d09-498f-aead-42327df81d94@group-C7908E81CC6B, cid=3295, SUCCESS, logIndex=4720, commits[3f4de2de-7d09-498f-aead-42327df81d94:c4722]
2019-08-05 04:38:11,885 INFO  client.GrpcClientProtocolClient (GrpcClientProtocolClient.java:onNext(255)) - client-C12DAE7A5037->3f4de2de-7d09-498f-aead-42327df81d94: receive RaftClientReply:client-C12DAE7A5037->3f4de2de-7d09-498f-aead-42327df81d94@group-C7908E81CC6B, cid=3296, SUCCESS, logIndex=4721, commits[3f4de2de-7d09-498f-aead-42327df81d94:c4722]
2019-08-05 04:38:11,894 DEBUG block.SCMBlockDeletingService (SCMBlockDeletingService.java:call(138)) - Running DeletedBlockTransactionScanner
2019-08-05 04:38:11,894 DEBUG block.SCMBlockDeletingService (SCMBlockDeletingService.java:call(155)) - Scanned deleted blocks log and got 0 delTX to process.
2019-08-05 04:38:11,918 INFO  client.GrpcClientProtocolClient (GrpcClientProtocolClient.java:onNext(255)) - client-C12DAE7A5037->3f4de2de-7d09-498f-aead-42327df81d94: receive RaftClientReply:client-C12DAE7A5037->3f4de2de-7d09-498f-aead-42327df81d94@group-C7908E81CC6B, cid=3297, SUCCESS, logIndex=4723, commits[3f4de2de-7d09-498f-aead-42327df81d94:c4726]
2019-08-05 04:38:11,919 INFO  client.GrpcClientProtocolClient (GrpcClientProtocolClient.java:onNext(255)) - client-C12DAE7A5037->3f4de2de-7d09-498f-aead-42327df81d94: receive RaftClientReply:client-C12DAE7A5037->3f4de2de-7d09-498f-aead-42327df81d94@group-C7908E81CC6B, cid=3298, SUCCESS, logIndex=4724, commits[3f4de2de-7d09-498f-aead-42327df81d94:c4726]
2019-08-05 04:38:11,919 INFO  client.GrpcClientProtocolClient (GrpcClientProtocolClient.java:onNext(255)) - client-C12DAE7A5037->3f4de2de-7d09-498f-aead-42327df81d94: receive RaftClientReply:client-C12DAE7A5037->3f4de2de-7d09-498f-aead-42327df81d94@group-C7908E81CC6B, cid=3299, SUCCESS, logIndex=4725, commits[3f4de2de-7d09-498f-aead-42327df81d94:c4727]
2019-08-05 04:38:11,920 INFO  client.GrpcClientProtocolClient (GrpcClientProtocolClient.java:onNext(255)) - client-C12DAE7A5037->3f4de2de-7d09-498f-aead-42327df81d94: receive RaftClientReply:client-C12DAE7A5037->3f4de2de-7d09-498f-aead-42327df81d94@group-C7908E81CC6B, cid=3300, SUCCESS, logIndex=4726, commits[3f4de2de-7d09-498f-aead-42327df81d94:c4727]
2019-08-05 04:38:11,939 INFO  client.GrpcClientProtocolClient (GrpcClientProtocolClient.java:onNext(255)) - client-C12DAE7A5037->3f4de2de-7d09-498f-aead-42327df81d94: receive RaftClientReply:client-C12DAE7A5037->3f4de2de-7d09-498f-aead-42327df81d94@group-C7908E81CC6B, cid=3301, SUCCESS, logIndex=4728, commits[3f4de2de-7d09-498f-aead-42327df81d94:c4729]
2019-08-05 04:38:11,940 INFO  client.GrpcClientProtocolClient (GrpcClientProtocolClient.java:onNext(255)) - client-C12DAE7A5037->3f4de2de-7d09-498f-aead-42327df81d94: receive RaftClientReply:client-C12DAE7A5037->3f4de2de-7d09-498f-aead-42327df81d94@group-C7908E81CC6B, cid=3302, SUCCESS, logIndex=4729, commits[3f4de2de-7d09-498f-aead-42327df81d94:c4731]
2019-08-05 04:38:11,940 INFO  client.GrpcClientProtocolClient (GrpcClientProtocolClient.java:onNext(255)) - client-C12DAE7A5037->3f4de2de-7d09-498f-aead-42327df81d94: receive RaftClientReply:client-C12DAE7A5037->3f4de2de-7d09-498f-aead-42327df81d94@group-C7908E81CC6B, cid=3303, SUCCESS, logIndex=4730, commits[3f4de2de-7d09-498f-aead-42327df81d94:c4732]
2019-08-05 04:38:11,940 INFO  client.GrpcClientProtocolClient (GrpcClientProtocolClient.java:onNext(255)) - client-C12DAE7A5037->3f4de2de-7d09-498f-aead-42327df81d94: receive RaftClientReply:client-C12DAE7A5037->3f4de2de-7d09-498f-aead-42327df81d94@group-C7908E81CC6B, cid=3304, SUCCESS, logIndex=4731, commits[3f4de2de-7d09-498f-aead-42327df81d94:c4732]
2019-08-05 04:38:11,974 INFO  client.GrpcClientProtocolClient (GrpcClientProtocolClient.java:onNext(255)) - client-C12DAE7A5037->3f4de2de-7d09-498f-aead-42327df81d94: receive RaftClientReply:client-C12DAE7A5037->3f4de2de-7d09-498f-aead-42327df81d94@group-C7908E81CC6B, cid=3305, SUCCESS, logIndex=4734, commits[3f4de2de-7d09-498f-aead-42327df81d94:c4737]
2019-08-05 04:38:11,975 INFO  client.GrpcClientProtocolClient (GrpcClientProtocolClient.java:onNext(255)) - client-C12DAE7A5037->3f4de2de-7d09-498f-aead-42327df81d94: receive RaftClientReply:client-C12DAE7A5037->3f4de2de-7d09-498f-aead-42327df81d94@group-C7908E81CC6B, cid=3306, SUCCESS, logIndex=4735, commits[3f4de2de-7d09-498f-aead-42327df81d94:c4738]
2019-08-05 04:38:11,975 INFO  client.GrpcClientProtocolClient (GrpcClientProtocolClient.java:onNext(255)) - client-C12DAE7A5037->3f4de2de-7d09-498f-aead-42327df81d94: receive RaftClientReply:client-C12DAE7A5037->3f4de2de-7d09-498f-aead-42327df81d94@group-C7908E81CC6B, cid=3307, SUCCESS, logIndex=4736, commits[3f4de2de-7d09-498f-aead-42327df81d94:c4738]
2019-08-05 04:38:11,975 INFO  client.GrpcClientProtocolClient (GrpcClientProtocolClient.java:onNext(255)) - client-C12DAE7A5037->3f4de2de-7d09-498f-aead-42327df81d94: receive RaftClientReply:client-C12DAE7A5037->3f4de2de-7d09-498f-aead-42327df81d94@group-C7908E81CC6B, cid=3308, SUCCESS, logIndex=4737, commits[3f4de2de-7d09-498f-aead-42327df81d94:c4738]
2019-08-05 04:38:11,994 DEBUG block.SCMBlockDeletingService (SCMBlockDeletingService.java:call(138)) - Running DeletedBlockTransactionScanner
2019-08-05 04:38:11,994 INFO  client.GrpcClientProtocolClient (GrpcClientProtocolClient.java:onNext(255)) - client-C12DAE7A5037->3f4de2de-7d09-498f-aead-42327df81d94: receive RaftClientReply:client-C12DAE7A5037->3f4de2de-7d09-498f-aead-42327df81d94@group-C7908E81CC6B, cid=3309, SUCCESS, logIndex=4739, commits[3f4de2de-7d09-498f-aead-42327df81d94:c4740]
2019-08-05 04:38:11,994 DEBUG block.SCMBlockDeletingService (SCMBlockDeletingService.java:call(155)) - Scanned deleted blocks log and got 0 delTX to process.
2019-08-05 04:38:11,995 INFO  client.GrpcClientProtocolClient (GrpcClientProtocolClient.java:onNext(255)) - client-C12DAE7A5037->3f4de2de-7d09-498f-aead-42327df81d94: receive RaftClientReply:client-C12DAE7A5037->3f4de2de-7d09-498f-aead-42327df81d94@group-C7908E81CC6B, cid=3310, SUCCESS, logIndex=4740, commits[3f4de2de-7d09-498f-aead-42327df81d94:c4742]
2019-08-05 04:38:11,995 INFO  client.GrpcClientProtocolClient (GrpcClientProtocolClient.java:onNext(255)) - client-C12DAE7A5037->3f4de2de-7d09-498f-aead-42327df81d94: receive RaftClientReply:client-C12DAE7A5037->3f4de2de-7d09-498f-aead-42327df81d94@group-C7908E81CC6B, cid=3311, SUCCESS, logIndex=4741, commits[3f4de2de-7d09-498f-aead-42327df81d94:c4743]
2019-08-05 04:38:11,995 INFO  client.GrpcClientProtocolClient (GrpcClientProtocolClient.java:onNext(255)) - client-C12DAE7A5037->3f4de2de-7d09-498f-aead-42327df81d94: receive RaftClientReply:client-C12DAE7A5037->3f4de2de-7d09-498f-aead-42327df81d94@group-C7908E81CC6B, cid=3312, SUCCESS, logIndex=4742, commits[3f4de2de-7d09-498f-aead-42327df81d94:c4743]
2019-08-05 04:38:12,024 INFO  client.GrpcClientProtocolClient (GrpcClientProtocolClient.java:onNext(255)) - client-C12DAE7A5037->3f4de2de-7d09-498f-aead-42327df81d94: receive RaftClientReply:client-C12DAE7A5037->3f4de2de-7d09-498f-aead-42327df81d94@group-C7908E81CC6B, cid=3313, SUCCESS, logIndex=4745, commits[3f4de2de-7d09-498f-aead-42327df81d94:c4746]
2019-08-05 04:38:12,025 INFO  client.GrpcClientProtocolClient (GrpcClientProtocolClient.java:onNext(255)) - client-C12DAE7A5037->3f4de2de-7d09-498f-aead-42327df81d94: receive RaftClientReply:client-C12DAE7A5037->3f4de2de-7d09-498f-aead-42327df81d94@group-C7908E81CC6B, cid=3314, SUCCESS, logIndex=4746, commits[3f4de2de-7d09-498f-aead-42327df81d94:c4747]
2019-08-05 04:38:12,095 DEBUG block.SCMBlockDeletingService (SCMBlockDeletingService.java:call(138)) - Running DeletedBlockTransactionScanner
2019-08-05 04:38:12,095 DEBUG block.SCMBlockDeletingService (SCMBlockDeletingService.java:call(155)) - Scanned deleted blocks log and got 0 delTX to process.
2019-08-05 04:38:12,125 INFO  client.GrpcClientProtocolClient (GrpcClientProtocolClient.java:onNext(255)) - client-C12DAE7A5037->3f4de2de-7d09-498f-aead-42327df81d94: receive RaftClientReply:client-C12DAE7A5037->3f4de2de-7d09-498f-aead-42327df81d94@group-C7908E81CC6B, cid=3315, SUCCESS, logIndex=4748, commits[3f4de2de-7d09-498f-aead-42327df81d94:c4749]
2019-08-05 04:38:12,126 INFO  client.GrpcClientProtocolClient (GrpcClientProtocolClient.java:onNext(255)) - client-C12DAE7A5037->3f4de2de-7d09-498f-aead-42327df81d94: receive RaftClientReply:client-C12DAE7A5037->3f4de2de-7d09-498f-aead-42327df81d94@group-C7908E81CC6B, cid=3316, SUCCESS, logIndex=4749, commits[3f4de2de-7d09-498f-aead-42327df81d94:c4750]
2019-08-05 04:38:12,145 INFO  client.GrpcClientProtocolClient (GrpcClientProtocolClient.java:onNext(255)) - client-C12DAE7A5037->3f4de2de-7d09-498f-aead-42327df81d94: receive RaftClientReply:client-C12DAE7A5037->3f4de2de-7d09-498f-aead-42327df81d94@group-C7908E81CC6B, cid=3317, SUCCESS, logIndex=4751, commits[3f4de2de-7d09-498f-aead-42327df81d94:c4752]
2019-08-05 04:38:12,145 INFO  client.GrpcClientProtocolClient (GrpcClientProtocolClient.java:onNext(255)) - client-C12DAE7A5037->3f4de2de-7d09-498f-aead-42327df81d94: receive RaftClientReply:client-C12DAE7A5037->3f4de2de-7d09-498f-aead-42327df81d94@group-C7908E81CC6B, cid=3318, SUCCESS, logIndex=4752, commits[3f4de2de-7d09-498f-aead-42327df81d94:c4754]
2019-08-05 04:38:12,145 INFO  client.GrpcClientProtocolClient (GrpcClientProtocolClient.java:onNext(255)) - client-C12DAE7A5037->3f4de2de-7d09-498f-aead-42327df81d94: receive RaftClientReply:client-C12DAE7A5037->3f4de2de-7d09-498f-aead-42327df81d94@group-C7908E81CC6B, cid=3319, SUCCESS, logIndex=4753, commits[3f4de2de-7d09-498f-aead-42327df81d94:c4755]
2019-08-05 04:38:12,146 INFO  client.GrpcClientProtocolClient (GrpcClientProtocolClient.java:onNext(255)) - client-C12DAE7A5037->3f4de2de-7d09-498f-aead-42327df81d94: receive RaftClientReply:client-C12DAE7A5037->3f4de2de-7d09-498f-aead-42327df81d94@group-C7908E81CC6B, cid=3320, SUCCESS, logIndex=4754, commits[3f4de2de-7d09-498f-aead-42327df81d94:c4755]
2019-08-05 04:38:12,174 INFO  client.GrpcClientProtocolClient (GrpcClientProtocolClient.java:onNext(255)) - client-C12DAE7A5037->3f4de2de-7d09-498f-aead-42327df81d94: receive RaftClientReply:client-C12DAE7A5037->3f4de2de-7d09-498f-aead-42327df81d94@group-C7908E81CC6B, cid=3321, SUCCESS, logIndex=4757, commits[3f4de2de-7d09-498f-aead-42327df81d94:c4758]
2019-08-05 04:38:12,175 INFO  client.GrpcClientProtocolClient (GrpcClientProtocolClient.java:onNext(255)) - client-C12DAE7A5037->3f4de2de-7d09-498f-aead-42327df81d94: receive RaftClientReply:client-C12DAE7A5037->3f4de2de-7d09-498f-aead-42327df81d94@group-C7908E81CC6B, cid=3322, SUCCESS, logIndex=4758, commits[3f4de2de-7d09-498f-aead-42327df81d94:c4760]
2019-08-05 04:38:12,175 INFO  client.GrpcClientProtocolClient (GrpcClientProtocolClient.java:onNext(255)) - client-C12DAE7A5037->3f4de2de-7d09-498f-aead-42327df81d94: receive RaftClientReply:client-C12DAE7A5037->3f4de2de-7d09-498f-aead-42327df81d94@group-C7908E81CC6B, cid=3323, SUCCESS, logIndex=4759, commits[3f4de2de-7d09-498f-aead-42327df81d94:c4761]
2019-08-05 04:38:12,176 INFO  client.GrpcClientProtocolClient (GrpcClientProtocolClient.java:onNext(255)) - client-C12DAE7A5037->3f4de2de-7d09-498f-aead-42327df81d94: receive RaftClientReply:client-C12DAE7A5037->3f4de2de-7d09-498f-aead-42327df81d94@group-C7908E81CC6B, cid=3324, SUCCESS, logIndex=4760, commits[3f4de2de-7d09-498f-aead-42327df81d94:c4761]
2019-08-05 04:38:12,196 DEBUG block.SCMBlockDeletingService (SCMBlockDeletingService.java:call(138)) - Running DeletedBlockTransactionScanner
2019-08-05 04:38:12,196 DEBUG block.SCMBlockDeletingService (SCMBlockDeletingService.java:call(155)) - Scanned deleted blocks log and got 0 delTX to process.
2019-08-05 04:38:12,196 INFO  client.GrpcClientProtocolClient (GrpcClientProtocolClient.java:onNext(255)) - client-C12DAE7A5037->3f4de2de-7d09-498f-aead-42327df81d94: receive RaftClientReply:client-C12DAE7A5037->3f4de2de-7d09-498f-aead-42327df81d94@group-C7908E81CC6B, cid=3325, SUCCESS, logIndex=4763, commits[3f4de2de-7d09-498f-aead-42327df81d94:c4766]
2019-08-05 04:38:12,197 INFO  client.GrpcClientProtocolClient (GrpcClientProtocolClient.java:onNext(255)) - client-C12DAE7A5037->3f4de2de-7d09-498f-aead-42327df81d94: receive RaftClientReply:client-C12DAE7A5037->3f4de2de-7d09-498f-aead-42327df81d94@group-C7908E81CC6B, cid=3326, SUCCESS, logIndex=4764, commits[3f4de2de-7d09-498f-aead-42327df81d94:c4767]
2019-08-05 04:38:12,197 INFO  client.GrpcClientProtocolClient (GrpcClientProtocolClient.java:onNext(255)) - client-C12DAE7A5037->3f4de2de-7d09-498f-aead-42327df81d94: receive RaftClientReply:client-C12DAE7A5037->3f4de2de-7d09-498f-aead-42327df81d94@group-C7908E81CC6B, cid=3327, SUCCESS, logIndex=4765, commits[3f4de2de-7d09-498f-aead-42327df81d94:c4767]
2019-08-05 04:38:12,197 INFO  client.GrpcClientProtocolClient (GrpcClientProtocolClient.java:onNext(255)) - client-C12DAE7A5037->3f4de2de-7d09-498f-aead-42327df81d94: receive RaftClientReply:client-C12DAE7A5037->3f4de2de-7d09-498f-aead-42327df81d94@group-C7908E81CC6B, cid=3328, SUCCESS, logIndex=4766, commits[3f4de2de-7d09-498f-aead-42327df81d94:c4767]
2019-08-05 04:38:12,226 INFO  client.GrpcClientProtocolClient (GrpcClientProtocolClient.java:onNext(255)) - client-C12DAE7A5037->3f4de2de-7d09-498f-aead-42327df81d94: receive RaftClientReply:client-C12DAE7A5037->3f4de2de-7d09-498f-aead-42327df81d94@group-C7908E81CC6B, cid=3329, SUCCESS, logIndex=4768, commits[3f4de2de-7d09-498f-aead-42327df81d94:c4769]
2019-08-05 04:38:12,227 INFO  client.GrpcClientProtocolClient (GrpcClientProtocolClient.java:onNext(255)) - client-C12DAE7A5037->3f4de2de-7d09-498f-aead-42327df81d94: receive RaftClientReply:client-C12DAE7A5037->3f4de2de-7d09-498f-aead-42327df81d94@group-C7908E81CC6B, cid=3330, SUCCESS, logIndex=4769, commits[3f4de2de-7d09-498f-aead-42327df81d94:c4771]
2019-08-05 04:38:12,227 INFO  client.GrpcClientProtocolClient (GrpcClientProtocolClient.java:onNext(255)) - client-C12DAE7A5037->3f4de2de-7d09-498f-aead-42327df81d94: receive RaftClientReply:client-C12DAE7A5037->3f4de2de-7d09-498f-aead-42327df81d94@group-C7908E81CC6B, cid=3331, SUCCESS, logIndex=4770, commits[3f4de2de-7d09-498f-aead-42327df81d94:c4772]
2019-08-05 04:38:12,227 INFO  client.GrpcClientProtocolClient (GrpcClientProtocolClient.java:onNext(255)) - client-C12DAE7A5037->3f4de2de-7d09-498f-aead-42327df81d94: receive RaftClientReply:client-C12DAE7A5037->3f4de2de-7d09-498f-aead-42327df81d94@group-C7908E81CC6B, cid=3332, SUCCESS, logIndex=4771, commits[3f4de2de-7d09-498f-aead-42327df81d94:c4772]
2019-08-05 04:38:12,246 INFO  client.GrpcClientProtocolClient (GrpcClientProtocolClient.java:onNext(255)) - client-C12DAE7A5037->3f4de2de-7d09-498f-aead-42327df81d94: receive RaftClientReply:client-C12DAE7A5037->3f4de2de-7d09-498f-aead-42327df81d94@group-C7908E81CC6B, cid=3333, SUCCESS, logIndex=4774, commits[3f4de2de-7d09-498f-aead-42327df81d94:c4775]
2019-08-05 04:38:12,246 INFO  client.GrpcClientProtocolClient (GrpcClientProtocolClient.java:onNext(255)) - client-C12DAE7A5037->3f4de2de-7d09-498f-aead-42327df81d94: receive RaftClientReply:client-C12DAE7A5037->3f4de2de-7d09-498f-aead-42327df81d94@group-C7908E81CC6B, cid=3334, SUCCESS, logIndex=4775, commits[3f4de2de-7d09-498f-aead-42327df81d94:c4775]
2019-08-05 04:38:12,248 INFO  client.GrpcClientProtocolClient (GrpcClientProtocolClient.java:onNext(255)) - client-C12DAE7A5037->3f4de2de-7d09-498f-aead-42327df81d94: receive RaftClientReply:client-C12DAE7A5037->3f4de2de-7d09-498f-aead-42327df81d94@group-C7908E81CC6B, cid=3335, SUCCESS, logIndex=4776, commits[3f4de2de-7d09-498f-aead-42327df81d94:c4777]
2019-08-05 04:38:12,248 INFO  client.GrpcClientProtocolClient (GrpcClientProtocolClient.java:onNext(255)) - client-C12DAE7A5037->3f4de2de-7d09-498f-aead-42327df81d94: receive RaftClientReply:client-C12DAE7A5037->3f4de2de-7d09-498f-aead-42327df81d94@group-C7908E81CC6B, cid=3336, SUCCESS, logIndex=4777, commits[3f4de2de-7d09-498f-aead-42327df81d94:c4777]
2019-08-05 04:38:12,278 INFO  client.GrpcClientProtocolClient (GrpcClientProtocolClient.java:onNext(255)) - client-C12DAE7A5037->3f4de2de-7d09-498f-aead-42327df81d94: receive RaftClientReply:client-C12DAE7A5037->3f4de2de-7d09-498f-aead-42327df81d94@group-C7908E81CC6B, cid=3337, SUCCESS, logIndex=4780, commits[3f4de2de-7d09-498f-aead-42327df81d94:c4781]
2019-08-05 04:38:12,279 INFO  client.GrpcClientProtocolClient (GrpcClientProtocolClient.java:onNext(255)) - client-C12DAE7A5037->3f4de2de-7d09-498f-aead-42327df81d94: receive RaftClientReply:client-C12DAE7A5037->3f4de2de-7d09-498f-aead-42327df81d94@group-C7908E81CC6B, cid=3338, SUCCESS, logIndex=4781, commits[3f4de2de-7d09-498f-aead-42327df81d94:c4781]
2019-08-05 04:38:12,280 INFO  client.GrpcClientProtocolClient (GrpcClientProtocolClient.java:onNext(255)) - client-C12DAE7A5037->3f4de2de-7d09-498f-aead-42327df81d94: receive RaftClientReply:client-C12DAE7A5037->3f4de2de-7d09-498f-aead-42327df81d94@group-C7908E81CC6B, cid=3339, SUCCESS, logIndex=4782, commits[3f4de2de-7d09-498f-aead-42327df81d94:c4783]
2019-08-05 04:38:12,281 INFO  client.GrpcClientProtocolClient (GrpcClientProtocolClient.java:onNext(255)) - client-C12DAE7A5037->3f4de2de-7d09-498f-aead-42327df81d94: receive RaftClientReply:client-C12DAE7A5037->3f4de2de-7d09-498f-aead-42327df81d94@group-C7908E81CC6B, cid=3340, SUCCESS, logIndex=4783, commits[3f4de2de-7d09-498f-aead-42327df81d94:c4783]
2019-08-05 04:38:12,292 INFO  client.GrpcClientProtocolClient (GrpcClientProtocolClient.java:onNext(255)) - client-C12DAE7A5037->3f4de2de-7d09-498f-aead-42327df81d94: receive RaftClientReply:client-C12DAE7A5037->3f4de2de-7d09-498f-aead-42327df81d94@group-C7908E81CC6B, cid=3341, SUCCESS, logIndex=4786, commits[3f4de2de-7d09-498f-aead-42327df81d94:c4789]
2019-08-05 04:38:12,293 INFO  client.GrpcClientProtocolClient (GrpcClientProtocolClient.java:onNext(255)) - client-C12DAE7A5037->3f4de2de-7d09-498f-aead-42327df81d94: receive RaftClientReply:client-C12DAE7A5037->3f4de2de-7d09-498f-aead-42327df81d94@group-C7908E81CC6B, cid=3342, SUCCESS, logIndex=4787, commits[3f4de2de-7d09-498f-aead-42327df81d94:c4790]
2019-08-05 04:38:12,293 INFO  client.GrpcClientProtocolClient (GrpcClientProtocolClient.java:onNext(255)) - client-C12DAE7A5037->3f4de2de-7d09-498f-aead-42327df81d94: receive RaftClientReply:client-C12DAE7A5037->3f4de2de-7d09-498f-aead-42327df81d94@group-C7908E81CC6B, cid=3343, SUCCESS, logIndex=4788, commits[3f4de2de-7d09-498f-aead-42327df81d94:c4790]
2019-08-05 04:38:12,293 INFO  client.GrpcClientProtocolClient (GrpcClientProtocolClient.java:onNext(255)) - client-C12DAE7A5037->3f4de2de-7d09-498f-aead-42327df81d94: receive RaftClientReply:client-C12DAE7A5037->3f4de2de-7d09-498f-aead-42327df81d94@group-C7908E81CC6B, cid=3344, SUCCESS, logIndex=4789, commits[3f4de2de-7d09-498f-aead-42327df81d94:c4790]
2019-08-05 04:38:12,296 DEBUG block.SCMBlockDeletingService (SCMBlockDeletingService.java:call(138)) - Running DeletedBlockTransactionScanner
2019-08-05 04:38:12,296 DEBUG block.SCMBlockDeletingService (SCMBlockDeletingService.java:call(155)) - Scanned deleted blocks log and got 0 delTX to process.
2019-08-05 04:38:12,321 INFO  client.GrpcClientProtocolClient (GrpcClientProtocolClient.java:onNext(255)) - client-C12DAE7A5037->3f4de2de-7d09-498f-aead-42327df81d94: receive RaftClientReply:client-C12DAE7A5037->3f4de2de-7d09-498f-aead-42327df81d94@group-C7908E81CC6B, cid=3345, SUCCESS, logIndex=4791, commits[3f4de2de-7d09-498f-aead-42327df81d94:c4792]
2019-08-05 04:38:12,322 INFO  client.GrpcClientProtocolClient (GrpcClientProtocolClient.java:onNext(255)) - client-C12DAE7A5037->3f4de2de-7d09-498f-aead-42327df81d94: receive RaftClientReply:client-C12DAE7A5037->3f4de2de-7d09-498f-aead-42327df81d94@group-C7908E81CC6B, cid=3346, SUCCESS, logIndex=4792, commits[3f4de2de-7d09-498f-aead-42327df81d94:c4794]
2019-08-05 04:38:12,322 INFO  client.GrpcClientProtocolClient (GrpcClientProtocolClient.java:onNext(255)) - client-C12DAE7A5037->3f4de2de-7d09-498f-aead-42327df81d94: receive RaftClientReply:client-C12DAE7A5037->3f4de2de-7d09-498f-aead-42327df81d94@group-C7908E81CC6B, cid=3347, SUCCESS, logIndex=4793, commits[3f4de2de-7d09-498f-aead-42327df81d94:c4795]
2019-08-05 04:38:12,322 INFO  client.GrpcClientProtocolClient (GrpcClientProtocolClient.java:onNext(255)) - client-C12DAE7A5037->3f4de2de-7d09-498f-aead-42327df81d94: receive RaftClientReply:client-C12DAE7A5037->3f4de2de-7d09-498f-aead-42327df81d94@group-C7908E81CC6B, cid=3348, SUCCESS, logIndex=4794, commits[3f4de2de-7d09-498f-aead-42327df81d94:c4795]
2019-08-05 04:38:12,342 INFO  client.GrpcClientProtocolClient (GrpcClientProtocolClient.java:onNext(255)) - client-C12DAE7A5037->3f4de2de-7d09-498f-aead-42327df81d94: receive RaftClientReply:client-C12DAE7A5037->3f4de2de-7d09-498f-aead-42327df81d94@group-C7908E81CC6B, cid=3349, SUCCESS, logIndex=4797, commits[3f4de2de-7d09-498f-aead-42327df81d94:c4800]
2019-08-05 04:38:12,342 INFO  client.GrpcClientProtocolClient (GrpcClientProtocolClient.java:onNext(255)) - client-C12DAE7A5037->3f4de2de-7d09-498f-aead-42327df81d94: receive RaftClientReply:client-C12DAE7A5037->3f4de2de-7d09-498f-aead-42327df81d94@group-C7908E81CC6B, cid=3350, SUCCESS, logIndex=4798, commits[3f4de2de-7d09-498f-aead-42327df81d94:c4800]
2019-08-05 04:38:12,343 INFO  client.GrpcClientProtocolClient (GrpcClientProtocolClient.java:onNext(255)) - client-C12DAE7A5037->3f4de2de-7d09-498f-aead-42327df81d94: receive RaftClientReply:client-C12DAE7A5037->3f4de2de-7d09-498f-aead-42327df81d94@group-C7908E81CC6B, cid=3351, SUCCESS, logIndex=4799, commits[3f4de2de-7d09-498f-aead-42327df81d94:c4801]
2019-08-05 04:38:12,343 INFO  client.GrpcClientProtocolClient (GrpcClientProtocolClient.java:onNext(255)) - client-C12DAE7A5037->3f4de2de-7d09-498f-aead-42327df81d94: receive RaftClientReply:client-C12DAE7A5037->3f4de2de-7d09-498f-aead-42327df81d94@group-C7908E81CC6B, cid=3352, SUCCESS, logIndex=4800, commits[3f4de2de-7d09-498f-aead-42327df81d94:c4801]
2019-08-05 04:38:12,366 INFO  client.GrpcClientProtocolClient (GrpcClientProtocolClient.java:onNext(255)) - client-C12DAE7A5037->3f4de2de-7d09-498f-aead-42327df81d94: receive RaftClientReply:client-C12DAE7A5037->3f4de2de-7d09-498f-aead-42327df81d94@group-C7908E81CC6B, cid=3353, SUCCESS, logIndex=4802, commits[3f4de2de-7d09-498f-aead-42327df81d94:c4803]
2019-08-05 04:38:12,367 INFO  client.GrpcClientProtocolClient (GrpcClientProtocolClient.java:onNext(255)) - client-C12DAE7A5037->3f4de2de-7d09-498f-aead-42327df81d94: receive RaftClientReply:client-C12DAE7A5037->3f4de2de-7d09-498f-aead-42327df81d94@group-C7908E81CC6B, cid=3354, SUCCESS, logIndex=4803, commits[3f4de2de-7d09-498f-aead-42327df81d94:c4805]
2019-08-05 04:38:12,367 INFO  client.GrpcClientProtocolClient (GrpcClientProtocolClient.java:onNext(255)) - client-C12DAE7A5037->3f4de2de-7d09-498f-aead-42327df81d94: receive RaftClientReply:client-C12DAE7A5037->3f4de2de-7d09-498f-aead-42327df81d94@group-C7908E81CC6B, cid=3355, SUCCESS, logIndex=4804, commits[3f4de2de-7d09-498f-aead-42327df81d94:c4805]
2019-08-05 04:38:12,367 INFO  client.GrpcClientProtocolClient (GrpcClientProtocolClient.java:onNext(255)) - client-C12DAE7A5037->3f4de2de-7d09-498f-aead-42327df81d94: receive RaftClientReply:client-C12DAE7A5037->3f4de2de-7d09-498f-aead-42327df81d94@group-C7908E81CC6B, cid=3356, SUCCESS, logIndex=4805, commits[3f4de2de-7d09-498f-aead-42327df81d94:c4806]
2019-08-05 04:38:12,387 INFO  client.GrpcClientProtocolClient (GrpcClientProtocolClient.java:onNext(255)) - client-C12DAE7A5037->3f4de2de-7d09-498f-aead-42327df81d94: receive RaftClientReply:client-C12DAE7A5037->3f4de2de-7d09-498f-aead-42327df81d94@group-C7908E81CC6B, cid=3357, SUCCESS, logIndex=4808, commits[3f4de2de-7d09-498f-aead-42327df81d94:c4809]
2019-08-05 04:38:12,387 INFO  client.GrpcClientProtocolClient (GrpcClientProtocolClient.java:onNext(255)) - client-C12DAE7A5037->3f4de2de-7d09-498f-aead-42327df81d94: receive RaftClientReply:client-C12DAE7A5037->3f4de2de-7d09-498f-aead-42327df81d94@group-C7908E81CC6B, cid=3358, SUCCESS, logIndex=4809, commits[3f4de2de-7d09-498f-aead-42327df81d94:c4810]
2019-08-05 04:38:12,397 DEBUG block.SCMBlockDeletingService (SCMBlockDeletingService.java:call(138)) - Running DeletedBlockTransactionScanner
2019-08-05 04:38:12,397 DEBUG block.SCMBlockDeletingService (SCMBlockDeletingService.java:call(155)) - Scanned deleted blocks log and got 0 delTX to process.
2019-08-05 04:38:12,545 DEBUG block.SCMBlockDeletingService (SCMBlockDeletingService.java:call(138)) - Running DeletedBlockTransactionScanner
2019-08-05 04:38:12,546 DEBUG block.SCMBlockDeletingService (SCMBlockDeletingService.java:call(155)) - Scanned deleted blocks log and got 0 delTX to process.
2019-08-05 04:38:12,572 INFO  client.GrpcClientProtocolClient (GrpcClientProtocolClient.java:onNext(255)) - client-C12DAE7A5037->3f4de2de-7d09-498f-aead-42327df81d94: receive RaftClientReply:client-C12DAE7A5037->3f4de2de-7d09-498f-aead-42327df81d94@group-C7908E81CC6B, cid=3359, SUCCESS, logIndex=4811, commits[3f4de2de-7d09-498f-aead-42327df81d94:c4812]
2019-08-05 04:38:12,572 INFO  client.GrpcClientProtocolClient (GrpcClientProtocolClient.java:onNext(255)) - client-C12DAE7A5037->3f4de2de-7d09-498f-aead-42327df81d94: receive RaftClientReply:client-C12DAE7A5037->3f4de2de-7d09-498f-aead-42327df81d94@group-C7908E81CC6B, cid=3360, SUCCESS, logIndex=4812, commits[3f4de2de-7d09-498f-aead-42327df81d94:c4813]
2019-08-05 04:38:12,603 INFO  client.GrpcClientProtocolClient (GrpcClientProtocolClient.java:onNext(255)) - client-C12DAE7A5037->3f4de2de-7d09-498f-aead-42327df81d94: receive RaftClientReply:client-C12DAE7A5037->3f4de2de-7d09-498f-aead-42327df81d94@group-C7908E81CC6B, cid=3361, SUCCESS, logIndex=4814, commits[3f4de2de-7d09-498f-aead-42327df81d94:c4815]
2019-08-05 04:38:12,604 INFO  client.GrpcClientProtocolClient (GrpcClientProtocolClient.java:onNext(255)) - client-C12DAE7A5037->3f4de2de-7d09-498f-aead-42327df81d94: receive RaftClientReply:client-C12DAE7A5037->3f4de2de-7d09-498f-aead-42327df81d94@group-C7908E81CC6B, cid=3362, SUCCESS, logIndex=4815, commits[3f4de2de-7d09-498f-aead-42327df81d94:c4815]
2019-08-05 04:38:12,612 INFO  client.GrpcClientProtocolClient (GrpcClientProtocolClient.java:onNext(255)) - client-C12DAE7A5037->3f4de2de-7d09-498f-aead-42327df81d94: receive RaftClientReply:client-C12DAE7A5037->3f4de2de-7d09-498f-aead-42327df81d94@group-C7908E81CC6B, cid=3363, SUCCESS, logIndex=4816, commits[3f4de2de-7d09-498f-aead-42327df81d94:c4817]
2019-08-05 04:38:12,613 INFO  client.GrpcClientProtocolClient (GrpcClientProtocolClient.java:onNext(255)) - client-C12DAE7A5037->3f4de2de-7d09-498f-aead-42327df81d94: receive RaftClientReply:client-C12DAE7A5037->3f4de2de-7d09-498f-aead-42327df81d94@group-C7908E81CC6B, cid=3364, SUCCESS, logIndex=4817, commits[3f4de2de-7d09-498f-aead-42327df81d94:c4818]
2019-08-05 04:38:12,633 INFO  client.GrpcClientProtocolClient (GrpcClientProtocolClient.java:onNext(255)) - client-C12DAE7A5037->3f4de2de-7d09-498f-aead-42327df81d94: receive RaftClientReply:client-C12DAE7A5037->3f4de2de-7d09-498f-aead-42327df81d94@group-C7908E81CC6B, cid=3365, SUCCESS, logIndex=4820, commits[3f4de2de-7d09-498f-aead-42327df81d94:c4821]
2019-08-05 04:38:12,634 INFO  client.GrpcClientProtocolClient (GrpcClientProtocolClient.java:onNext(255)) - client-C12DAE7A5037->3f4de2de-7d09-498f-aead-42327df81d94: receive RaftClientReply:client-C12DAE7A5037->3f4de2de-7d09-498f-aead-42327df81d94@group-C7908E81CC6B, cid=3366, SUCCESS, logIndex=4821, commits[3f4de2de-7d09-498f-aead-42327df81d94:c4821]
2019-08-05 04:38:12,642 INFO  client.GrpcClientProtocolClient (GrpcClientProtocolClient.java:onNext(255)) - client-C12DAE7A5037->3f4de2de-7d09-498f-aead-42327df81d94: receive RaftClientReply:client-C12DAE7A5037->3f4de2de-7d09-498f-aead-42327df81d94@group-C7908E81CC6B, cid=3367, SUCCESS, logIndex=4822, commits[3f4de2de-7d09-498f-aead-42327df81d94:c4823]
2019-08-05 04:38:12,642 INFO  client.GrpcClientProtocolClient (GrpcClientProtocolClient.java:onNext(255)) - client-C12DAE7A5037->3f4de2de-7d09-498f-aead-42327df81d94: receive RaftClientReply:client-C12DAE7A5037->3f4de2de-7d09-498f-aead-42327df81d94@group-C7908E81CC6B, cid=3368, SUCCESS, logIndex=4823, commits[3f4de2de-7d09-498f-aead-42327df81d94:c4824]
2019-08-05 04:38:12,646 DEBUG block.SCMBlockDeletingService (SCMBlockDeletingService.java:call(138)) - Running DeletedBlockTransactionScanner
2019-08-05 04:38:12,646 DEBUG block.SCMBlockDeletingService (SCMBlockDeletingService.java:call(155)) - Scanned deleted blocks log and got 0 delTX to process.
2019-08-05 04:38:12,675 INFO  client.GrpcClientProtocolClient (GrpcClientProtocolClient.java:onNext(255)) - client-C12DAE7A5037->3f4de2de-7d09-498f-aead-42327df81d94: receive RaftClientReply:client-C12DAE7A5037->3f4de2de-7d09-498f-aead-42327df81d94@group-C7908E81CC6B, cid=3369, SUCCESS, logIndex=4826, commits[3f4de2de-7d09-498f-aead-42327df81d94:c4827]
2019-08-05 04:38:12,676 INFO  client.GrpcClientProtocolClient (GrpcClientProtocolClient.java:onNext(255)) - client-C12DAE7A5037->3f4de2de-7d09-498f-aead-42327df81d94: receive RaftClientReply:client-C12DAE7A5037->3f4de2de-7d09-498f-aead-42327df81d94@group-C7908E81CC6B, cid=3370, SUCCESS, logIndex=4827, commits[3f4de2de-7d09-498f-aead-42327df81d94:c4827]
2019-08-05 04:38:12,677 INFO  client.GrpcClientProtocolClient (GrpcClientProtocolClient.java:onNext(255)) - client-C12DAE7A5037->3f4de2de-7d09-498f-aead-42327df81d94: receive RaftClientReply:client-C12DAE7A5037->3f4de2de-7d09-498f-aead-42327df81d94@group-C7908E81CC6B, cid=3371, SUCCESS, logIndex=4828, commits[3f4de2de-7d09-498f-aead-42327df81d94:c4829]
2019-08-05 04:38:12,677 INFO  client.GrpcClientProtocolClient (GrpcClientProtocolClient.java:onNext(255)) - client-C12DAE7A5037->3f4de2de-7d09-498f-aead-42327df81d94: receive RaftClientReply:client-C12DAE7A5037->3f4de2de-7d09-498f-aead-42327df81d94@group-C7908E81CC6B, cid=3372, SUCCESS, logIndex=4829, commits[3f4de2de-7d09-498f-aead-42327df81d94:c4829]
2019-08-05 04:38:12,688 INFO  client.GrpcClientProtocolClient (GrpcClientProtocolClient.java:onNext(255)) - client-C12DAE7A5037->3f4de2de-7d09-498f-aead-42327df81d94: receive RaftClientReply:client-C12DAE7A5037->3f4de2de-7d09-498f-aead-42327df81d94@group-C7908E81CC6B, cid=3373, SUCCESS, logIndex=4832, commits[3f4de2de-7d09-498f-aead-42327df81d94:c4833]
2019-08-05 04:38:12,689 INFO  client.GrpcClientProtocolClient (GrpcClientProtocolClient.java:onNext(255)) - client-C12DAE7A5037->3f4de2de-7d09-498f-aead-42327df81d94: receive RaftClientReply:client-C12DAE7A5037->3f4de2de-7d09-498f-aead-42327df81d94@group-C7908E81CC6B, cid=3374, SUCCESS, logIndex=4833, commits[3f4de2de-7d09-498f-aead-42327df81d94:c4833]
2019-08-05 04:38:12,701 INFO  client.GrpcClientProtocolClient (GrpcClientProtocolClient.java:onNext(255)) - client-C12DAE7A5037->3f4de2de-7d09-498f-aead-42327df81d94: receive RaftClientReply:client-C12DAE7A5037->3f4de2de-7d09-498f-aead-42327df81d94@group-C7908E81CC6B, cid=3375, SUCCESS, logIndex=4834, commits[3f4de2de-7d09-498f-aead-42327df81d94:c4836]
2019-08-05 04:38:12,701 INFO  client.GrpcClientProtocolClient (GrpcClientProtocolClient.java:onNext(255)) - client-C12DAE7A5037->3f4de2de-7d09-498f-aead-42327df81d94: receive RaftClientReply:client-C12DAE7A5037->3f4de2de-7d09-498f-aead-42327df81d94@group-C7908E81CC6B, cid=3376, SUCCESS, logIndex=4835, commits[3f4de2de-7d09-498f-aead-42327df81d94:c4836]
2019-08-05 04:38:12,733 INFO  client.GrpcClientProtocolClient (GrpcClientProtocolClient.java:onNext(255)) - client-C12DAE7A5037->3f4de2de-7d09-498f-aead-42327df81d94: receive RaftClientReply:client-C12DAE7A5037->3f4de2de-7d09-498f-aead-42327df81d94@group-C7908E81CC6B, cid=3377, SUCCESS, logIndex=4837, commits[3f4de2de-7d09-498f-aead-42327df81d94:c4838]
2019-08-05 04:38:12,734 INFO  client.GrpcClientProtocolClient (GrpcClientProtocolClient.java:onNext(255)) - client-C12DAE7A5037->3f4de2de-7d09-498f-aead-42327df81d94: receive RaftClientReply:client-C12DAE7A5037->3f4de2de-7d09-498f-aead-42327df81d94@group-C7908E81CC6B, cid=3378, SUCCESS, logIndex=4838, commits[3f4de2de-7d09-498f-aead-42327df81d94:c4840]
2019-08-05 04:38:12,735 INFO  client.GrpcClientProtocolClient (GrpcClientProtocolClient.java:onNext(255)) - client-C12DAE7A5037->3f4de2de-7d09-498f-aead-42327df81d94: receive RaftClientReply:client-C12DAE7A5037->3f4de2de-7d09-498f-aead-42327df81d94@group-C7908E81CC6B, cid=3379, SUCCESS, logIndex=4839, commits[3f4de2de-7d09-498f-aead-42327df81d94:c4841]
2019-08-05 04:38:12,735 INFO  client.GrpcClientProtocolClient (GrpcClientProtocolClient.java:onNext(255)) - client-C12DAE7A5037->3f4de2de-7d09-498f-aead-42327df81d94: receive RaftClientReply:client-C12DAE7A5037->3f4de2de-7d09-498f-aead-42327df81d94@group-C7908E81CC6B, cid=3380, SUCCESS, logIndex=4840, commits[3f4de2de-7d09-498f-aead-42327df81d94:c4841]
2019-08-05 04:38:12,747 DEBUG block.SCMBlockDeletingService (SCMBlockDeletingService.java:call(138)) - Running DeletedBlockTransactionScanner
2019-08-05 04:38:12,747 DEBUG block.SCMBlockDeletingService (SCMBlockDeletingService.java:call(155)) - Scanned deleted blocks log and got 0 delTX to process.
2019-08-05 04:38:12,756 INFO  client.GrpcClientProtocolClient (GrpcClientProtocolClient.java:onNext(255)) - client-C12DAE7A5037->3f4de2de-7d09-498f-aead-42327df81d94: receive RaftClientReply:client-C12DAE7A5037->3f4de2de-7d09-498f-aead-42327df81d94@group-C7908E81CC6B, cid=3381, SUCCESS, logIndex=4843, commits[3f4de2de-7d09-498f-aead-42327df81d94:c4844]
2019-08-05 04:38:12,756 INFO  client.GrpcClientProtocolClient (GrpcClientProtocolClient.java:onNext(255)) - client-C12DAE7A5037->3f4de2de-7d09-498f-aead-42327df81d94: receive RaftClientReply:client-C12DAE7A5037->3f4de2de-7d09-498f-aead-42327df81d94@group-C7908E81CC6B, cid=3382, SUCCESS, logIndex=4844, commits[3f4de2de-7d09-498f-aead-42327df81d94:c4844]
2019-08-05 04:38:12,757 INFO  client.GrpcClientProtocolClient (GrpcClientProtocolClient.java:onNext(255)) - client-C12DAE7A5037->3f4de2de-7d09-498f-aead-42327df81d94: receive RaftClientReply:client-C12DAE7A5037->3f4de2de-7d09-498f-aead-42327df81d94@group-C7908E81CC6B, cid=3383, SUCCESS, logIndex=4845, commits[3f4de2de-7d09-498f-aead-42327df81d94:c4846]
2019-08-05 04:38:12,757 INFO  client.GrpcClientProtocolClient (GrpcClientProtocolClient.java:onNext(255)) - client-C12DAE7A5037->3f4de2de-7d09-498f-aead-42327df81d94: receive RaftClientReply:client-C12DAE7A5037->3f4de2de-7d09-498f-aead-42327df81d94@group-C7908E81CC6B, cid=3384, SUCCESS, logIndex=4846, commits[3f4de2de-7d09-498f-aead-42327df81d94:c4846]
2019-08-05 04:38:12,788 INFO  client.GrpcClientProtocolClient (GrpcClientProtocolClient.java:onNext(255)) - client-C12DAE7A5037->3f4de2de-7d09-498f-aead-42327df81d94: receive RaftClientReply:client-C12DAE7A5037->3f4de2de-7d09-498f-aead-42327df81d94@group-C7908E81CC6B, cid=3385, SUCCESS, logIndex=4849, commits[3f4de2de-7d09-498f-aead-42327df81d94:c4850]
2019-08-05 04:38:12,789 INFO  client.GrpcClientProtocolClient (GrpcClientProtocolClient.java:onNext(255)) - client-C12DAE7A5037->3f4de2de-7d09-498f-aead-42327df81d94: receive RaftClientReply:client-C12DAE7A5037->3f4de2de-7d09-498f-aead-42327df81d94@group-C7908E81CC6B, cid=3386, SUCCESS, logIndex=4850, commits[3f4de2de-7d09-498f-aead-42327df81d94:c4850]
2019-08-05 04:38:12,790 INFO  client.GrpcClientProtocolClient (GrpcClientProtocolClient.java:onNext(255)) - client-C12DAE7A5037->3f4de2de-7d09-498f-aead-42327df81d94: receive RaftClientReply:client-C12DAE7A5037->3f4de2de-7d09-498f-aead-42327df81d94@group-C7908E81CC6B, cid=3387, SUCCESS, logIndex=4851, commits[3f4de2de-7d09-498f-aead-42327df81d94:c4852]
2019-08-05 04:38:12,791 INFO  client.GrpcClientProtocolClient (GrpcClientProtocolClient.java:onNext(255)) - client-C12DAE7A5037->3f4de2de-7d09-498f-aead-42327df81d94: receive RaftClientReply:client-C12DAE7A5037->3f4de2de-7d09-498f-aead-42327df81d94@group-C7908E81CC6B, cid=3388, SUCCESS, logIndex=4852, commits[3f4de2de-7d09-498f-aead-42327df81d94:c4852]
2019-08-05 04:38:12,803 INFO  client.GrpcClientProtocolClient (GrpcClientProtocolClient.java:onNext(255)) - client-C12DAE7A5037->3f4de2de-7d09-498f-aead-42327df81d94: receive RaftClientReply:client-C12DAE7A5037->3f4de2de-7d09-498f-aead-42327df81d94@group-C7908E81CC6B, cid=3389, SUCCESS, logIndex=4855, commits[3f4de2de-7d09-498f-aead-42327df81d94:c4858]
2019-08-05 04:38:12,803 INFO  client.GrpcClientProtocolClient (GrpcClientProtocolClient.java:onNext(255)) - client-C12DAE7A5037->3f4de2de-7d09-498f-aead-42327df81d94: receive RaftClientReply:client-C12DAE7A5037->3f4de2de-7d09-498f-aead-42327df81d94@group-C7908E81CC6B, cid=3390, SUCCESS, logIndex=4856, commits[3f4de2de-7d09-498f-aead-42327df81d94:c4859]
2019-08-05 04:38:12,803 INFO  client.GrpcClientProtocolClient (GrpcClientProtocolClient.java:onNext(255)) - client-C12DAE7A5037->3f4de2de-7d09-498f-aead-42327df81d94: receive RaftClientReply:client-C12DAE7A5037->3f4de2de-7d09-498f-aead-42327df81d94@group-C7908E81CC6B, cid=3391, SUCCESS, logIndex=4857, commits[3f4de2de-7d09-498f-aead-42327df81d94:c4859]
2019-08-05 04:38:12,804 INFO  client.GrpcClientProtocolClient (GrpcClientProtocolClient.java:onNext(255)) - client-C12DAE7A5037->3f4de2de-7d09-498f-aead-42327df81d94: receive RaftClientReply:client-C12DAE7A5037->3f4de2de-7d09-498f-aead-42327df81d94@group-C7908E81CC6B, cid=3392, SUCCESS, logIndex=4858, commits[3f4de2de-7d09-498f-aead-42327df81d94:c4859]
2019-08-05 04:38:12,832 INFO  client.GrpcClientProtocolClient (GrpcClientProtocolClient.java:onNext(255)) - client-C12DAE7A5037->3f4de2de-7d09-498f-aead-42327df81d94: receive RaftClientReply:client-C12DAE7A5037->3f4de2de-7d09-498f-aead-42327df81d94@group-C7908E81CC6B, cid=3393, SUCCESS, logIndex=4860, commits[3f4de2de-7d09-498f-aead-42327df81d94:c4861]
2019-08-05 04:38:12,833 INFO  client.GrpcClientProtocolClient (GrpcClientProtocolClient.java:onNext(255)) - client-C12DAE7A5037->3f4de2de-7d09-498f-aead-42327df81d94: receive RaftClientReply:client-C12DAE7A5037->3f4de2de-7d09-498f-aead-42327df81d94@group-C7908E81CC6B, cid=3394, SUCCESS, logIndex=4861, commits[3f4de2de-7d09-498f-aead-42327df81d94:c4861]
2019-08-05 04:38:12,833 INFO  client.GrpcClientProtocolClient (GrpcClientProtocolClient.java:onNext(255)) - client-C12DAE7A5037->3f4de2de-7d09-498f-aead-42327df81d94: receive RaftClientReply:client-C12DAE7A5037->3f4de2de-7d09-498f-aead-42327df81d94@group-C7908E81CC6B, cid=3395, SUCCESS, logIndex=4862, commits[3f4de2de-7d09-498f-aead-42327df81d94:c4863]
2019-08-05 04:38:12,833 INFO  client.GrpcClientProtocolClient (GrpcClientProtocolClient.java:onNext(255)) - client-C12DAE7A5037->3f4de2de-7d09-498f-aead-42327df81d94: receive RaftClientReply:client-C12DAE7A5037->3f4de2de-7d09-498f-aead-42327df81d94@group-C7908E81CC6B, cid=3396, SUCCESS, logIndex=4863, commits[3f4de2de-7d09-498f-aead-42327df81d94:c4863]
2019-08-05 04:38:12,846 INFO  client.GrpcClientProtocolClient (GrpcClientProtocolClient.java:onNext(255)) - client-C12DAE7A5037->3f4de2de-7d09-498f-aead-42327df81d94: receive RaftClientReply:client-C12DAE7A5037->3f4de2de-7d09-498f-aead-42327df81d94@group-C7908E81CC6B, cid=3397, SUCCESS, logIndex=4866, commits[3f4de2de-7d09-498f-aead-42327df81d94:c4869]
2019-08-05 04:38:12,847 INFO  client.GrpcClientProtocolClient (GrpcClientProtocolClient.java:onNext(255)) - client-C12DAE7A5037->3f4de2de-7d09-498f-aead-42327df81d94: receive RaftClientReply:client-C12DAE7A5037->3f4de2de-7d09-498f-aead-42327df81d94@group-C7908E81CC6B, cid=3398, SUCCESS, logIndex=4867, commits[3f4de2de-7d09-498f-aead-42327df81d94:c4869]
2019-08-05 04:38:12,847 INFO  client.GrpcClientProtocolClient (GrpcClientProtocolClient.java:onNext(255)) - client-C12DAE7A5037->3f4de2de-7d09-498f-aead-42327df81d94: receive RaftClientReply:client-C12DAE7A5037->3f4de2de-7d09-498f-aead-42327df81d94@group-C7908E81CC6B, cid=3399, SUCCESS, logIndex=4868, commits[3f4de2de-7d09-498f-aead-42327df81d94:c4869]
2019-08-05 04:38:12,847 INFO  client.GrpcClientProtocolClient (GrpcClientProtocolClient.java:onNext(255)) - client-C12DAE7A5037->3f4de2de-7d09-498f-aead-42327df81d94: receive RaftClientReply:client-C12DAE7A5037->3f4de2de-7d09-498f-aead-42327df81d94@group-C7908E81CC6B, cid=3400, SUCCESS, logIndex=4869, commits[3f4de2de-7d09-498f-aead-42327df81d94:c4869]
2019-08-05 04:38:12,848 DEBUG block.SCMBlockDeletingService (SCMBlockDeletingService.java:call(138)) - Running DeletedBlockTransactionScanner
2019-08-05 04:38:12,848 DEBUG block.SCMBlockDeletingService (SCMBlockDeletingService.java:call(155)) - Scanned deleted blocks log and got 0 delTX to process.
2019-08-05 04:38:12,877 INFO  client.GrpcClientProtocolClient (GrpcClientProtocolClient.java:onNext(255)) - client-C12DAE7A5037->3f4de2de-7d09-498f-aead-42327df81d94: receive RaftClientReply:client-C12DAE7A5037->3f4de2de-7d09-498f-aead-42327df81d94@group-C7908E81CC6B, cid=3401, SUCCESS, logIndex=4871, commits[3f4de2de-7d09-498f-aead-42327df81d94:c4872]
2019-08-05 04:38:12,878 INFO  client.GrpcClientProtocolClient (GrpcClientProtocolClient.java:onNext(255)) - client-C12DAE7A5037->3f4de2de-7d09-498f-aead-42327df81d94: receive RaftClientReply:client-C12DAE7A5037->3f4de2de-7d09-498f-aead-42327df81d94@group-C7908E81CC6B, cid=3402, SUCCESS, logIndex=4872, commits[3f4de2de-7d09-498f-aead-42327df81d94:c4873]
2019-08-05 04:38:12,948 DEBUG block.SCMBlockDeletingService (SCMBlockDeletingService.java:call(138)) - Running DeletedBlockTransactionScanner
2019-08-05 04:38:12,949 DEBUG block.SCMBlockDeletingService (SCMBlockDeletingService.java:call(155)) - Scanned deleted blocks log and got 0 delTX to process.
2019-08-05 04:38:12,974 INFO  client.GrpcClientProtocolClient (GrpcClientProtocolClient.java:onNext(255)) - client-C12DAE7A5037->3f4de2de-7d09-498f-aead-42327df81d94: receive RaftClientReply:client-C12DAE7A5037->3f4de2de-7d09-498f-aead-42327df81d94@group-C7908E81CC6B, cid=3403, SUCCESS, logIndex=4874, commits[3f4de2de-7d09-498f-aead-42327df81d94:c4875]
2019-08-05 04:38:12,975 INFO  client.GrpcClientProtocolClient (GrpcClientProtocolClient.java:onNext(255)) - client-C12DAE7A5037->3f4de2de-7d09-498f-aead-42327df81d94: receive RaftClientReply:client-C12DAE7A5037->3f4de2de-7d09-498f-aead-42327df81d94@group-C7908E81CC6B, cid=3404, SUCCESS, logIndex=4875, commits[3f4de2de-7d09-498f-aead-42327df81d94:c4876]
2019-08-05 04:38:12,995 INFO  client.GrpcClientProtocolClient (GrpcClientProtocolClient.java:onNext(255)) - client-C12DAE7A5037->3f4de2de-7d09-498f-aead-42327df81d94: receive RaftClientReply:client-C12DAE7A5037->3f4de2de-7d09-498f-aead-42327df81d94@group-C7908E81CC6B, cid=3405, SUCCESS, logIndex=4877, commits[3f4de2de-7d09-498f-aead-42327df81d94:c4880]
2019-08-05 04:38:12,996 INFO  client.GrpcClientProtocolClient (GrpcClientProtocolClient.java:onNext(255)) - client-C12DAE7A5037->3f4de2de-7d09-498f-aead-42327df81d94: receive RaftClientReply:client-C12DAE7A5037->3f4de2de-7d09-498f-aead-42327df81d94@group-C7908E81CC6B, cid=3406, SUCCESS, logIndex=4878, commits[3f4de2de-7d09-498f-aead-42327df81d94:c4880]
2019-08-05 04:38:12,996 INFO  client.GrpcClientProtocolClient (GrpcClientProtocolClient.java:onNext(255)) - client-C12DAE7A5037->3f4de2de-7d09-498f-aead-42327df81d94: receive RaftClientReply:client-C12DAE7A5037->3f4de2de-7d09-498f-aead-42327df81d94@group-C7908E81CC6B, cid=3407, SUCCESS, logIndex=4879, commits[3f4de2de-7d09-498f-aead-42327df81d94:c4881]
2019-08-05 04:38:12,997 INFO  client.GrpcClientProtocolClient (GrpcClientProtocolClient.java:onNext(255)) - client-C12DAE7A5037->3f4de2de-7d09-498f-aead-42327df81d94: receive RaftClientReply:client-C12DAE7A5037->3f4de2de-7d09-498f-aead-42327df81d94@group-C7908E81CC6B, cid=3408, SUCCESS, logIndex=4880, commits[3f4de2de-7d09-498f-aead-42327df81d94:c4881]
2019-08-05 04:38:13,026 INFO  client.GrpcClientProtocolClient (GrpcClientProtocolClient.java:onNext(255)) - client-C12DAE7A5037->3f4de2de-7d09-498f-aead-42327df81d94: receive RaftClientReply:client-C12DAE7A5037->3f4de2de-7d09-498f-aead-42327df81d94@group-C7908E81CC6B, cid=3409, SUCCESS, logIndex=4882, commits[3f4de2de-7d09-498f-aead-42327df81d94:c4883]
2019-08-05 04:38:13,026 INFO  client.GrpcClientProtocolClient (GrpcClientProtocolClient.java:onNext(255)) - client-C12DAE7A5037->3f4de2de-7d09-498f-aead-42327df81d94: receive RaftClientReply:client-C12DAE7A5037->3f4de2de-7d09-498f-aead-42327df81d94@group-C7908E81CC6B, cid=3410, SUCCESS, logIndex=4883, commits[3f4de2de-7d09-498f-aead-42327df81d94:c4885]
2019-08-05 04:38:13,027 INFO  client.GrpcClientProtocolClient (GrpcClientProtocolClient.java:onNext(255)) - client-C12DAE7A5037->3f4de2de-7d09-498f-aead-42327df81d94: receive RaftClientReply:client-C12DAE7A5037->3f4de2de-7d09-498f-aead-42327df81d94@group-C7908E81CC6B, cid=3411, SUCCESS, logIndex=4884, commits[3f4de2de-7d09-498f-aead-42327df81d94:c4885]
2019-08-05 04:38:13,027 INFO  client.GrpcClientProtocolClient (GrpcClientProtocolClient.java:onNext(255)) - client-C12DAE7A5037->3f4de2de-7d09-498f-aead-42327df81d94: receive RaftClientReply:client-C12DAE7A5037->3f4de2de-7d09-498f-aead-42327df81d94@group-C7908E81CC6B, cid=3412, SUCCESS, logIndex=4885, commits[3f4de2de-7d09-498f-aead-42327df81d94:c4886]
2019-08-05 04:38:13,049 INFO  client.GrpcClientProtocolClient (GrpcClientProtocolClient.java:onNext(255)) - client-C12DAE7A5037->3f4de2de-7d09-498f-aead-42327df81d94: receive RaftClientReply:client-C12DAE7A5037->3f4de2de-7d09-498f-aead-42327df81d94@group-C7908E81CC6B, cid=3413, SUCCESS, logIndex=4888, commits[3f4de2de-7d09-498f-aead-42327df81d94:c4891]
2019-08-05 04:38:13,049 DEBUG block.SCMBlockDeletingService (SCMBlockDeletingService.java:call(138)) - Running DeletedBlockTransactionScanner
2019-08-05 04:38:13,049 INFO  client.GrpcClientProtocolClient (GrpcClientProtocolClient.java:onNext(255)) - client-C12DAE7A5037->3f4de2de-7d09-498f-aead-42327df81d94: receive RaftClientReply:client-C12DAE7A5037->3f4de2de-7d09-498f-aead-42327df81d94@group-C7908E81CC6B, cid=3414, SUCCESS, logIndex=4889, commits[3f4de2de-7d09-498f-aead-42327df81d94:c4892]
2019-08-05 04:38:13,049 DEBUG block.SCMBlockDeletingService (SCMBlockDeletingService.java:call(155)) - Scanned deleted blocks log and got 0 delTX to process.
2019-08-05 04:38:13,049 INFO  client.GrpcClientProtocolClient (GrpcClientProtocolClient.java:onNext(255)) - client-C12DAE7A5037->3f4de2de-7d09-498f-aead-42327df81d94: receive RaftClientReply:client-C12DAE7A5037->3f4de2de-7d09-498f-aead-42327df81d94@group-C7908E81CC6B, cid=3415, SUCCESS, logIndex=4890, commits[3f4de2de-7d09-498f-aead-42327df81d94:c4892]
2019-08-05 04:38:13,050 INFO  client.GrpcClientProtocolClient (GrpcClientProtocolClient.java:onNext(255)) - client-C12DAE7A5037->3f4de2de-7d09-498f-aead-42327df81d94: receive RaftClientReply:client-C12DAE7A5037->3f4de2de-7d09-498f-aead-42327df81d94@group-C7908E81CC6B, cid=3416, SUCCESS, logIndex=4891, commits[3f4de2de-7d09-498f-aead-42327df81d94:c4892]
2019-08-05 04:38:13,081 INFO  client.GrpcClientProtocolClient (GrpcClientProtocolClient.java:onNext(255)) - client-C12DAE7A5037->3f4de2de-7d09-498f-aead-42327df81d94: receive RaftClientReply:client-C12DAE7A5037->3f4de2de-7d09-498f-aead-42327df81d94@group-C7908E81CC6B, cid=3417, SUCCESS, logIndex=4893, commits[3f4de2de-7d09-498f-aead-42327df81d94:c4896]
2019-08-05 04:38:13,082 INFO  client.GrpcClientProtocolClient (GrpcClientProtocolClient.java:onNext(255)) - client-C12DAE7A5037->3f4de2de-7d09-498f-aead-42327df81d94: receive RaftClientReply:client-C12DAE7A5037->3f4de2de-7d09-498f-aead-42327df81d94@group-C7908E81CC6B, cid=3418, SUCCESS, logIndex=4894, commits[3f4de2de-7d09-498f-aead-42327df81d94:c4897]
2019-08-05 04:38:13,082 INFO  client.GrpcClientProtocolClient (GrpcClientProtocolClient.java:onNext(255)) - client-C12DAE7A5037->3f4de2de-7d09-498f-aead-42327df81d94: receive RaftClientReply:client-C12DAE7A5037->3f4de2de-7d09-498f-aead-42327df81d94@group-C7908E81CC6B, cid=3419, SUCCESS, logIndex=4895, commits[3f4de2de-7d09-498f-aead-42327df81d94:c4897]
2019-08-05 04:38:13,082 INFO  client.GrpcClientProtocolClient (GrpcClientProtocolClient.java:onNext(255)) - client-C12DAE7A5037->3f4de2de-7d09-498f-aead-42327df81d94: receive RaftClientReply:client-C12DAE7A5037->3f4de2de-7d09-498f-aead-42327df81d94@group-C7908E81CC6B, cid=3420, SUCCESS, logIndex=4896, commits[3f4de2de-7d09-498f-aead-42327df81d94:c4897]
2019-08-05 04:38:13,101 INFO  client.GrpcClientProtocolClient (GrpcClientProtocolClient.java:onNext(255)) - client-C12DAE7A5037->3f4de2de-7d09-498f-aead-42327df81d94: receive RaftClientReply:client-C12DAE7A5037->3f4de2de-7d09-498f-aead-42327df81d94@group-C7908E81CC6B, cid=3421, SUCCESS, logIndex=4898, commits[3f4de2de-7d09-498f-aead-42327df81d94:c4899]
2019-08-05 04:38:13,101 INFO  client.GrpcClientProtocolClient (GrpcClientProtocolClient.java:onNext(255)) - client-C12DAE7A5037->3f4de2de-7d09-498f-aead-42327df81d94: receive RaftClientReply:client-C12DAE7A5037->3f4de2de-7d09-498f-aead-42327df81d94@group-C7908E81CC6B, cid=3422, SUCCESS, logIndex=4899, commits[3f4de2de-7d09-498f-aead-42327df81d94:c4899]
2019-08-05 04:38:13,150 DEBUG block.SCMBlockDeletingService (SCMBlockDeletingService.java:call(138)) - Running DeletedBlockTransactionScanner
2019-08-05 04:38:13,150 DEBUG block.SCMBlockDeletingService (SCMBlockDeletingService.java:call(155)) - Scanned deleted blocks log and got 0 delTX to process.
2019-08-05 04:38:13,251 DEBUG block.SCMBlockDeletingService (SCMBlockDeletingService.java:call(138)) - Running DeletedBlockTransactionScanner
2019-08-05 04:38:13,251 DEBUG block.SCMBlockDeletingService (SCMBlockDeletingService.java:call(155)) - Scanned deleted blocks log and got 0 delTX to process.
2019-08-05 04:38:13,351 DEBUG block.SCMBlockDeletingService (SCMBlockDeletingService.java:call(138)) - Running DeletedBlockTransactionScanner
2019-08-05 04:38:13,351 DEBUG block.SCMBlockDeletingService (SCMBlockDeletingService.java:call(155)) - Scanned deleted blocks log and got 0 delTX to process.
2019-08-05 04:38:13,412 INFO  client.GrpcClientProtocolClient (GrpcClientProtocolClient.java:onNext(255)) - client-C12DAE7A5037->3f4de2de-7d09-498f-aead-42327df81d94: receive RaftClientReply:client-C12DAE7A5037->3f4de2de-7d09-498f-aead-42327df81d94@group-C7908E81CC6B, cid=3423, SUCCESS, logIndex=4900, commits[3f4de2de-7d09-498f-aead-42327df81d94:c4901]
2019-08-05 04:38:13,412 INFO  client.GrpcClientProtocolClient (GrpcClientProtocolClient.java:onNext(255)) - client-C12DAE7A5037->3f4de2de-7d09-498f-aead-42327df81d94: receive RaftClientReply:client-C12DAE7A5037->3f4de2de-7d09-498f-aead-42327df81d94@group-C7908E81CC6B, cid=3424, SUCCESS, logIndex=4901, commits[3f4de2de-7d09-498f-aead-42327df81d94:c4902]
2019-08-05 04:38:13,452 DEBUG block.SCMBlockDeletingService (SCMBlockDeletingService.java:call(138)) - Running DeletedBlockTransactionScanner
2019-08-05 04:38:13,452 DEBUG block.SCMBlockDeletingService (SCMBlockDeletingService.java:call(155)) - Scanned deleted blocks log and got 0 delTX to process.
2019-08-05 04:38:13,519 INFO  client.GrpcClientProtocolClient (GrpcClientProtocolClient.java:onNext(255)) - client-C12DAE7A5037->3f4de2de-7d09-498f-aead-42327df81d94: receive RaftClientReply:client-C12DAE7A5037->3f4de2de-7d09-498f-aead-42327df81d94@group-C7908E81CC6B, cid=3425, SUCCESS, logIndex=4904, commits[3f4de2de-7d09-498f-aead-42327df81d94:c4907]
2019-08-05 04:38:13,520 INFO  client.GrpcClientProtocolClient (GrpcClientProtocolClient.java:onNext(255)) - client-C12DAE7A5037->3f4de2de-7d09-498f-aead-42327df81d94: receive RaftClientReply:client-C12DAE7A5037->3f4de2de-7d09-498f-aead-42327df81d94@group-C7908E81CC6B, cid=3426, SUCCESS, logIndex=4905, commits[3f4de2de-7d09-498f-aead-42327df81d94:c4907]
2019-08-05 04:38:13,520 INFO  client.GrpcClientProtocolClient (GrpcClientProtocolClient.java:onNext(255)) - client-C12DAE7A5037->3f4de2de-7d09-498f-aead-42327df81d94: receive RaftClientReply:client-C12DAE7A5037->3f4de2de-7d09-498f-aead-42327df81d94@group-C7908E81CC6B, cid=3427, SUCCESS, logIndex=4906, commits[3f4de2de-7d09-498f-aead-42327df81d94:c4907]
2019-08-05 04:38:13,521 INFO  client.GrpcClientProtocolClient (GrpcClientProtocolClient.java:onNext(255)) - client-C12DAE7A5037->3f4de2de-7d09-498f-aead-42327df81d94: receive RaftClientReply:client-C12DAE7A5037->3f4de2de-7d09-498f-aead-42327df81d94@group-C7908E81CC6B, cid=3428, SUCCESS, logIndex=4907, commits[3f4de2de-7d09-498f-aead-42327df81d94:c4907]
2019-08-05 04:38:13,553 DEBUG block.SCMBlockDeletingService (SCMBlockDeletingService.java:call(138)) - Running DeletedBlockTransactionScanner
2019-08-05 04:38:13,553 DEBUG block.SCMBlockDeletingService (SCMBlockDeletingService.java:call(155)) - Scanned deleted blocks log and got 0 delTX to process.
2019-08-05 04:38:13,653 DEBUG block.SCMBlockDeletingService (SCMBlockDeletingService.java:call(138)) - Running DeletedBlockTransactionScanner
2019-08-05 04:38:13,653 DEBUG block.SCMBlockDeletingService (SCMBlockDeletingService.java:call(155)) - Scanned deleted blocks log and got 0 delTX to process.
2019-08-05 04:38:13,754 DEBUG block.SCMBlockDeletingService (SCMBlockDeletingService.java:call(138)) - Running DeletedBlockTransactionScanner
2019-08-05 04:38:13,754 DEBUG block.SCMBlockDeletingService (SCMBlockDeletingService.java:call(155)) - Scanned deleted blocks log and got 0 delTX to process.
2019-08-05 04:38:13,855 DEBUG block.SCMBlockDeletingService (SCMBlockDeletingService.java:call(138)) - Running DeletedBlockTransactionScanner
2019-08-05 04:38:13,855 DEBUG block.SCMBlockDeletingService (SCMBlockDeletingService.java:call(155)) - Scanned deleted blocks log and got 0 delTX to process.
2019-08-05 04:38:13,955 DEBUG block.SCMBlockDeletingService (SCMBlockDeletingService.java:call(138)) - Running DeletedBlockTransactionScanner
2019-08-05 04:38:13,955 DEBUG block.SCMBlockDeletingService (SCMBlockDeletingService.java:call(155)) - Scanned deleted blocks log and got 0 delTX to process.
2019-08-05 04:38:14,056 DEBUG block.SCMBlockDeletingService (SCMBlockDeletingService.java:call(138)) - Running DeletedBlockTransactionScanner
2019-08-05 04:38:14,056 DEBUG block.SCMBlockDeletingService (SCMBlockDeletingService.java:call(155)) - Scanned deleted blocks log and got 0 delTX to process.
2019-08-05 04:38:14,157 DEBUG block.SCMBlockDeletingService (SCMBlockDeletingService.java:call(138)) - Running DeletedBlockTransactionScanner
2019-08-05 04:38:14,157 DEBUG block.SCMBlockDeletingService (SCMBlockDeletingService.java:call(155)) - Scanned deleted blocks log and got 0 delTX to process.
2019-08-05 04:38:14,257 DEBUG block.SCMBlockDeletingService (SCMBlockDeletingService.java:call(138)) - Running DeletedBlockTransactionScanner
2019-08-05 04:38:14,258 DEBUG block.SCMBlockDeletingService (SCMBlockDeletingService.java:call(155)) - Scanned deleted blocks log and got 0 delTX to process.
2019-08-05 04:38:14,358 DEBUG block.SCMBlockDeletingService (SCMBlockDeletingService.java:call(138)) - Running DeletedBlockTransactionScanner
2019-08-05 04:38:14,358 DEBUG block.SCMBlockDeletingService (SCMBlockDeletingService.java:call(155)) - Scanned deleted blocks log and got 0 delTX to process.
2019-08-05 04:38:14,459 DEBUG block.SCMBlockDeletingService (SCMBlockDeletingService.java:call(138)) - Running DeletedBlockTransactionScanner
2019-08-05 04:38:14,459 DEBUG block.SCMBlockDeletingService (SCMBlockDeletingService.java:call(155)) - Scanned deleted blocks log and got 0 delTX to process.
2019-08-05 04:38:14,511 INFO  client.GrpcClientProtocolClient (GrpcClientProtocolClient.java:onNext(255)) - client-C12DAE7A5037->3f4de2de-7d09-498f-aead-42327df81d94: receive RaftClientReply:client-C12DAE7A5037->3f4de2de-7d09-498f-aead-42327df81d94@group-C7908E81CC6B, cid=3429, SUCCESS, logIndex=4909, commits[3f4de2de-7d09-498f-aead-42327df81d94:c4912]
2019-08-05 04:38:14,511 INFO  client.GrpcClientProtocolClient (GrpcClientProtocolClient.java:onNext(255)) - client-C12DAE7A5037->3f4de2de-7d09-498f-aead-42327df81d94: receive RaftClientReply:client-C12DAE7A5037->3f4de2de-7d09-498f-aead-42327df81d94@group-C7908E81CC6B, cid=3430, SUCCESS, logIndex=4910, commits[3f4de2de-7d09-498f-aead-42327df81d94:c4912]
2019-08-05 04:38:14,512 INFO  client.GrpcClientProtocolClient (GrpcClientProtocolClient.java:onNext(255)) - client-C12DAE7A5037->3f4de2de-7d09-498f-aead-42327df81d94: receive RaftClientReply:client-C12DAE7A5037->3f4de2de-7d09-498f-aead-42327df81d94@group-C7908E81CC6B, cid=3431, SUCCESS, logIndex=4911, commits[3f4de2de-7d09-498f-aead-42327df81d94:c4912]
2019-08-05 04:38:14,512 INFO  client.GrpcClientProtocolClient (GrpcClientProtocolClient.java:onNext(255)) - client-C12DAE7A5037->3f4de2de-7d09-498f-aead-42327df81d94: receive RaftClientReply:client-C12DAE7A5037->3f4de2de-7d09-498f-aead-42327df81d94@group-C7908E81CC6B, cid=3432, SUCCESS, logIndex=4912, commits[3f4de2de-7d09-498f-aead-42327df81d94:c4912]
2019-08-05 04:38:14,559 DEBUG block.SCMBlockDeletingService (SCMBlockDeletingService.java:call(138)) - Running DeletedBlockTransactionScanner
2019-08-05 04:38:14,560 DEBUG block.SCMBlockDeletingService (SCMBlockDeletingService.java:call(155)) - Scanned deleted blocks log and got 0 delTX to process.
2019-08-05 04:38:14,660 DEBUG block.SCMBlockDeletingService (SCMBlockDeletingService.java:call(138)) - Running DeletedBlockTransactionScanner
2019-08-05 04:38:14,660 DEBUG block.SCMBlockDeletingService (SCMBlockDeletingService.java:call(155)) - Scanned deleted blocks log and got 0 delTX to process.
2019-08-05 04:38:14,761 DEBUG block.SCMBlockDeletingService (SCMBlockDeletingService.java:call(138)) - Running DeletedBlockTransactionScanner
2019-08-05 04:38:14,761 DEBUG block.SCMBlockDeletingService (SCMBlockDeletingService.java:call(155)) - Scanned deleted blocks log and got 0 delTX to process.
2019-08-05 04:38:14,861 DEBUG block.SCMBlockDeletingService (SCMBlockDeletingService.java:call(138)) - Running DeletedBlockTransactionScanner
2019-08-05 04:38:14,862 DEBUG block.SCMBlockDeletingService (SCMBlockDeletingService.java:call(155)) - Scanned deleted blocks log and got 0 delTX to process.
2019-08-05 04:38:14,962 DEBUG block.SCMBlockDeletingService (SCMBlockDeletingService.java:call(138)) - Running DeletedBlockTransactionScanner
2019-08-05 04:38:14,962 DEBUG block.SCMBlockDeletingService (SCMBlockDeletingService.java:call(155)) - Scanned deleted blocks log and got 0 delTX to process.
2019-08-05 04:38:15,063 DEBUG block.SCMBlockDeletingService (SCMBlockDeletingService.java:call(138)) - Running DeletedBlockTransactionScanner
2019-08-05 04:38:15,063 DEBUG block.SCMBlockDeletingService (SCMBlockDeletingService.java:call(155)) - Scanned deleted blocks log and got 0 delTX to process.
2019-08-05 04:38:15,163 DEBUG block.SCMBlockDeletingService (SCMBlockDeletingService.java:call(138)) - Running DeletedBlockTransactionScanner
2019-08-05 04:38:15,164 DEBUG block.SCMBlockDeletingService (SCMBlockDeletingService.java:call(155)) - Scanned deleted blocks log and got 0 delTX to process.
2019-08-05 04:38:15,264 DEBUG block.SCMBlockDeletingService (SCMBlockDeletingService.java:call(138)) - Running DeletedBlockTransactionScanner
2019-08-05 04:38:15,264 DEBUG block.SCMBlockDeletingService (SCMBlockDeletingService.java:call(155)) - Scanned deleted blocks log and got 0 delTX to process.
2019-08-05 04:38:15,365 DEBUG block.SCMBlockDeletingService (SCMBlockDeletingService.java:call(138)) - Running DeletedBlockTransactionScanner
2019-08-05 04:38:15,365 DEBUG block.SCMBlockDeletingService (SCMBlockDeletingService.java:call(155)) - Scanned deleted blocks log and got 0 delTX to process.
2019-08-05 04:38:15,465 DEBUG block.SCMBlockDeletingService (SCMBlockDeletingService.java:call(138)) - Running DeletedBlockTransactionScanner
2019-08-05 04:38:15,466 DEBUG block.SCMBlockDeletingService (SCMBlockDeletingService.java:call(155)) - Scanned deleted blocks log and got 0 delTX to process.
2019-08-05 04:38:15,566 DEBUG block.SCMBlockDeletingService (SCMBlockDeletingService.java:call(138)) - Running DeletedBlockTransactionScanner
2019-08-05 04:38:15,566 DEBUG block.SCMBlockDeletingService (SCMBlockDeletingService.java:call(155)) - Scanned deleted blocks log and got 0 delTX to process.
2019-08-05 04:38:15,667 DEBUG block.SCMBlockDeletingService (SCMBlockDeletingService.java:call(138)) - Running DeletedBlockTransactionScanner
2019-08-05 04:38:15,667 DEBUG block.SCMBlockDeletingService (SCMBlockDeletingService.java:call(155)) - Scanned deleted blocks log and got 0 delTX to process.
2019-08-05 04:38:15,767 DEBUG block.SCMBlockDeletingService (SCMBlockDeletingService.java:call(138)) - Running DeletedBlockTransactionScanner
2019-08-05 04:38:15,768 DEBUG block.SCMBlockDeletingService (SCMBlockDeletingService.java:call(155)) - Scanned deleted blocks log and got 0 delTX to process.
2019-08-05 04:38:15,868 DEBUG block.SCMBlockDeletingService (SCMBlockDeletingService.java:call(138)) - Running DeletedBlockTransactionScanner
2019-08-05 04:38:15,868 DEBUG block.SCMBlockDeletingService (SCMBlockDeletingService.java:call(155)) - Scanned deleted blocks log and got 0 delTX to process.
2019-08-05 04:38:15,969 DEBUG block.SCMBlockDeletingService (SCMBlockDeletingService.java:call(138)) - Running DeletedBlockTransactionScanner
2019-08-05 04:38:15,969 DEBUG block.SCMBlockDeletingService (SCMBlockDeletingService.java:call(155)) - Scanned deleted blocks log and got 0 delTX to process.
2019-08-05 04:38:16,069 DEBUG block.SCMBlockDeletingService (SCMBlockDeletingService.java:call(138)) - Running DeletedBlockTransactionScanner
2019-08-05 04:38:16,069 DEBUG block.SCMBlockDeletingService (SCMBlockDeletingService.java:call(155)) - Scanned deleted blocks log and got 0 delTX to process.
2019-08-05 04:38:16,170 DEBUG block.SCMBlockDeletingService (SCMBlockDeletingService.java:call(138)) - Running DeletedBlockTransactionScanner
2019-08-05 04:38:16,170 DEBUG block.SCMBlockDeletingService (SCMBlockDeletingService.java:call(155)) - Scanned deleted blocks log and got 0 delTX to process.
2019-08-05 04:38:16,270 DEBUG block.SCMBlockDeletingService (SCMBlockDeletingService.java:call(138)) - Running DeletedBlockTransactionScanner
2019-08-05 04:38:16,271 DEBUG block.SCMBlockDeletingService (SCMBlockDeletingService.java:call(155)) - Scanned deleted blocks log and got 0 delTX to process.
2019-08-05 04:38:16,331 INFO  client.GrpcClientProtocolClient (GrpcClientProtocolClient.java:onNext(255)) - client-C12DAE7A5037->3f4de2de-7d09-498f-aead-42327df81d94: receive RaftClientReply:client-C12DAE7A5037->3f4de2de-7d09-498f-aead-42327df81d94@group-C7908E81CC6B, cid=3433, SUCCESS, logIndex=4914, commits[3f4de2de-7d09-498f-aead-42327df81d94:c4917]
2019-08-05 04:38:16,331 INFO  client.GrpcClientProtocolClient (GrpcClientProtocolClient.java:onNext(255)) - client-C12DAE7A5037->3f4de2de-7d09-498f-aead-42327df81d94: receive RaftClientReply:client-C12DAE7A5037->3f4de2de-7d09-498f-aead-42327df81d94@group-C7908E81CC6B, cid=3434, SUCCESS, logIndex=4915, commits[3f4de2de-7d09-498f-aead-42327df81d94:c4917]
2019-08-05 04:38:16,332 INFO  client.GrpcClientProtocolClient (GrpcClientProtocolClient.java:onNext(255)) - client-C12DAE7A5037->3f4de2de-7d09-498f-aead-42327df81d94: receive RaftClientReply:client-C12DAE7A5037->3f4de2de-7d09-498f-aead-42327df81d94@group-C7908E81CC6B, cid=3435, SUCCESS, logIndex=4916, commits[3f4de2de-7d09-498f-aead-42327df81d94:c4917]
2019-08-05 04:38:16,332 INFO  client.GrpcClientProtocolClient (GrpcClientProtocolClient.java:onNext(255)) - client-C12DAE7A5037->3f4de2de-7d09-498f-aead-42327df81d94: receive RaftClientReply:client-C12DAE7A5037->3f4de2de-7d09-498f-aead-42327df81d94@group-C7908E81CC6B, cid=3436, SUCCESS, logIndex=4917, commits[3f4de2de-7d09-498f-aead-42327df81d94:c4917]
2019-08-05 04:38:16,371 DEBUG block.SCMBlockDeletingService (SCMBlockDeletingService.java:call(138)) - Running DeletedBlockTransactionScanner
2019-08-05 04:38:16,371 DEBUG block.SCMBlockDeletingService (SCMBlockDeletingService.java:call(155)) - Scanned deleted blocks log and got 0 delTX to process.
2019-08-05 04:38:16,472 DEBUG block.SCMBlockDeletingService (SCMBlockDeletingService.java:call(138)) - Running DeletedBlockTransactionScanner
2019-08-05 04:38:16,472 DEBUG block.SCMBlockDeletingService (SCMBlockDeletingService.java:call(155)) - Scanned deleted blocks log and got 0 delTX to process.
2019-08-05 04:38:16,572 DEBUG block.SCMBlockDeletingService (SCMBlockDeletingService.java:call(138)) - Running DeletedBlockTransactionScanner
2019-08-05 04:38:16,573 DEBUG block.SCMBlockDeletingService (SCMBlockDeletingService.java:call(155)) - Scanned deleted blocks log and got 0 delTX to process.
2019-08-05 04:38:16,673 DEBUG block.SCMBlockDeletingService (SCMBlockDeletingService.java:call(138)) - Running DeletedBlockTransactionScanner
2019-08-05 04:38:16,673 DEBUG block.SCMBlockDeletingService (SCMBlockDeletingService.java:call(155)) - Scanned deleted blocks log and got 0 delTX to process.
2019-08-05 04:38:16,774 DEBUG block.SCMBlockDeletingService (SCMBlockDeletingService.java:call(138)) - Running DeletedBlockTransactionScanner
2019-08-05 04:38:16,774 DEBUG block.SCMBlockDeletingService (SCMBlockDeletingService.java:call(155)) - Scanned deleted blocks log and got 0 delTX to process.
2019-08-05 04:38:16,874 DEBUG block.SCMBlockDeletingService (SCMBlockDeletingService.java:call(138)) - Running DeletedBlockTransactionScanner
2019-08-05 04:38:16,875 DEBUG block.SCMBlockDeletingService (SCMBlockDeletingService.java:call(155)) - Scanned deleted blocks log and got 0 delTX to process.
2019-08-05 04:38:16,975 DEBUG block.SCMBlockDeletingService (SCMBlockDeletingService.java:call(138)) - Running DeletedBlockTransactionScanner
2019-08-05 04:38:16,975 DEBUG block.SCMBlockDeletingService (SCMBlockDeletingService.java:call(155)) - Scanned deleted blocks log and got 0 delTX to process.
2019-08-05 04:38:17,076 DEBUG block.SCMBlockDeletingService (SCMBlockDeletingService.java:call(138)) - Running DeletedBlockTransactionScanner
2019-08-05 04:38:17,076 DEBUG block.SCMBlockDeletingService (SCMBlockDeletingService.java:call(155)) - Scanned deleted blocks log and got 0 delTX to process.
2019-08-05 04:38:17,176 DEBUG block.SCMBlockDeletingService (SCMBlockDeletingService.java:call(138)) - Running DeletedBlockTransactionScanner
2019-08-05 04:38:17,177 DEBUG block.SCMBlockDeletingService (SCMBlockDeletingService.java:call(155)) - Scanned deleted blocks log and got 0 delTX to process.
2019-08-05 04:38:17,277 DEBUG block.SCMBlockDeletingService (SCMBlockDeletingService.java:call(138)) - Running DeletedBlockTransactionScanner
2019-08-05 04:38:17,277 DEBUG block.SCMBlockDeletingService (SCMBlockDeletingService.java:call(155)) - Scanned deleted blocks log and got 0 delTX to process.
2019-08-05 04:38:17,378 DEBUG block.SCMBlockDeletingService (SCMBlockDeletingService.java:call(138)) - Running DeletedBlockTransactionScanner
2019-08-05 04:38:17,378 DEBUG block.SCMBlockDeletingService (SCMBlockDeletingService.java:call(155)) - Scanned deleted blocks log and got 0 delTX to process.
2019-08-05 04:38:17,478 DEBUG block.SCMBlockDeletingService (SCMBlockDeletingService.java:call(138)) - Running DeletedBlockTransactionScanner
2019-08-05 04:38:17,478 DEBUG block.SCMBlockDeletingService (SCMBlockDeletingService.java:call(155)) - Scanned deleted blocks log and got 0 delTX to process.
2019-08-05 04:38:17,579 DEBUG block.SCMBlockDeletingService (SCMBlockDeletingService.java:call(138)) - Running DeletedBlockTransactionScanner
2019-08-05 04:38:17,579 DEBUG block.SCMBlockDeletingService (SCMBlockDeletingService.java:call(155)) - Scanned deleted blocks log and got 0 delTX to process.
2019-08-05 04:38:17,680 DEBUG block.SCMBlockDeletingService (SCMBlockDeletingService.java:call(138)) - Running DeletedBlockTransactionScanner
2019-08-05 04:38:17,680 DEBUG block.SCMBlockDeletingService (SCMBlockDeletingService.java:call(155)) - Scanned deleted blocks log and got 0 delTX to process.
2019-08-05 04:38:17,780 DEBUG block.SCMBlockDeletingService (SCMBlockDeletingService.java:call(138)) - Running DeletedBlockTransactionScanner
2019-08-05 04:38:17,780 DEBUG block.SCMBlockDeletingService (SCMBlockDeletingService.java:call(155)) - Scanned deleted blocks log and got 0 delTX to process.
2019-08-05 04:38:17,881 DEBUG block.SCMBlockDeletingService (SCMBlockDeletingService.java:call(138)) - Running DeletedBlockTransactionScanner
2019-08-05 04:38:17,881 DEBUG block.SCMBlockDeletingService (SCMBlockDeletingService.java:call(155)) - Scanned deleted blocks log and got 0 delTX to process.
2019-08-05 04:38:17,981 DEBUG block.SCMBlockDeletingService (SCMBlockDeletingService.java:call(138)) - Running DeletedBlockTransactionScanner
2019-08-05 04:38:17,982 DEBUG block.SCMBlockDeletingService (SCMBlockDeletingService.java:call(155)) - Scanned deleted blocks log and got 0 delTX to process.
2019-08-05 04:38:18,082 DEBUG block.SCMBlockDeletingService (SCMBlockDeletingService.java:call(138)) - Running DeletedBlockTransactionScanner
2019-08-05 04:38:18,082 DEBUG block.SCMBlockDeletingService (SCMBlockDeletingService.java:call(155)) - Scanned deleted blocks log and got 0 delTX to process.
2019-08-05 04:38:18,183 DEBUG block.SCMBlockDeletingService (SCMBlockDeletingService.java:call(138)) - Running DeletedBlockTransactionScanner
2019-08-05 04:38:18,183 DEBUG block.SCMBlockDeletingService (SCMBlockDeletingService.java:call(155)) - Scanned deleted blocks log and got 0 delTX to process.
2019-08-05 04:38:18,283 DEBUG block.SCMBlockDeletingService (SCMBlockDeletingService.java:call(138)) - Running DeletedBlockTransactionScanner
2019-08-05 04:38:18,284 DEBUG block.SCMBlockDeletingService (SCMBlockDeletingService.java:call(155)) - Scanned deleted blocks log and got 0 delTX to process.
2019-08-05 04:38:18,384 DEBUG block.SCMBlockDeletingService (SCMBlockDeletingService.java:call(138)) - Running DeletedBlockTransactionScanner
2019-08-05 04:38:18,384 DEBUG block.SCMBlockDeletingService (SCMBlockDeletingService.java:call(155)) - Scanned deleted blocks log and got 0 delTX to process.
2019-08-05 04:38:18,485 DEBUG block.SCMBlockDeletingService (SCMBlockDeletingService.java:call(138)) - Running DeletedBlockTransactionScanner
2019-08-05 04:38:18,485 DEBUG block.SCMBlockDeletingService (SCMBlockDeletingService.java:call(155)) - Scanned deleted blocks log and got 0 delTX to process.
2019-08-05 04:38:18,585 DEBUG block.SCMBlockDeletingService (SCMBlockDeletingService.java:call(138)) - Running DeletedBlockTransactionScanner
2019-08-05 04:38:18,586 DEBUG block.SCMBlockDeletingService (SCMBlockDeletingService.java:call(155)) - Scanned deleted blocks log and got 0 delTX to process.
2019-08-05 04:38:18,686 DEBUG block.SCMBlockDeletingService (SCMBlockDeletingService.java:call(138)) - Running DeletedBlockTransactionScanner
2019-08-05 04:38:18,686 DEBUG block.SCMBlockDeletingService (SCMBlockDeletingService.java:call(155)) - Scanned deleted blocks log and got 0 delTX to process.
2019-08-05 04:38:18,787 DEBUG block.SCMBlockDeletingService (SCMBlockDeletingService.java:call(138)) - Running DeletedBlockTransactionScanner
2019-08-05 04:38:18,787 DEBUG block.SCMBlockDeletingService (SCMBlockDeletingService.java:call(155)) - Scanned deleted blocks log and got 0 delTX to process.
2019-08-05 04:38:18,887 DEBUG block.SCMBlockDeletingService (SCMBlockDeletingService.java:call(138)) - Running DeletedBlockTransactionScanner
2019-08-05 04:38:18,888 DEBUG block.SCMBlockDeletingService (SCMBlockDeletingService.java:call(155)) - Scanned deleted blocks log and got 0 delTX to process.
2019-08-05 04:38:18,988 DEBUG block.SCMBlockDeletingService (SCMBlockDeletingService.java:call(138)) - Running DeletedBlockTransactionScanner
2019-08-05 04:38:18,988 DEBUG block.SCMBlockDeletingService (SCMBlockDeletingService.java:call(155)) - Scanned deleted blocks log and got 0 delTX to process.
2019-08-05 04:38:19,089 DEBUG block.SCMBlockDeletingService (SCMBlockDeletingService.java:call(138)) - Running DeletedBlockTransactionScanner
2019-08-05 04:38:19,089 DEBUG block.SCMBlockDeletingService (SCMBlockDeletingService.java:call(155)) - Scanned deleted blocks log and got 0 delTX to process.
2019-08-05 04:38:19,189 DEBUG block.SCMBlockDeletingService (SCMBlockDeletingService.java:call(138)) - Running DeletedBlockTransactionScanner
2019-08-05 04:38:19,189 DEBUG block.SCMBlockDeletingService (SCMBlockDeletingService.java:call(155)) - Scanned deleted blocks log and got 0 delTX to process.
2019-08-05 04:38:19,290 DEBUG block.SCMBlockDeletingService (SCMBlockDeletingService.java:call(138)) - Running DeletedBlockTransactionScanner
2019-08-05 04:38:19,290 DEBUG block.SCMBlockDeletingService (SCMBlockDeletingService.java:call(155)) - Scanned deleted blocks log and got 0 delTX to process.
2019-08-05 04:38:19,390 DEBUG block.SCMBlockDeletingService (SCMBlockDeletingService.java:call(138)) - Running DeletedBlockTransactionScanner
2019-08-05 04:38:19,391 DEBUG block.SCMBlockDeletingService (SCMBlockDeletingService.java:call(155)) - Scanned deleted blocks log and got 0 delTX to process.
2019-08-05 04:38:19,392 INFO  client.GrpcClientProtocolClient (GrpcClientProtocolClient.java:onNext(255)) - client-C12DAE7A5037->3f4de2de-7d09-498f-aead-42327df81d94: receive RaftClientReply:client-C12DAE7A5037->3f4de2de-7d09-498f-aead-42327df81d94@group-C7908E81CC6B, cid=3437, SUCCESS, logIndex=4919, commits[3f4de2de-7d09-498f-aead-42327df81d94:c4922]
2019-08-05 04:38:19,393 INFO  client.GrpcClientProtocolClient (GrpcClientProtocolClient.java:onNext(255)) - client-C12DAE7A5037->3f4de2de-7d09-498f-aead-42327df81d94: receive RaftClientReply:client-C12DAE7A5037->3f4de2de-7d09-498f-aead-42327df81d94@group-C7908E81CC6B, cid=3438, SUCCESS, logIndex=4920, commits[3f4de2de-7d09-498f-aead-42327df81d94:c4923]
2019-08-05 04:38:19,393 INFO  client.GrpcClientProtocolClient (GrpcClientProtocolClient.java:onNext(255)) - client-C12DAE7A5037->3f4de2de-7d09-498f-aead-42327df81d94: receive RaftClientReply:client-C12DAE7A5037->3f4de2de-7d09-498f-aead-42327df81d94@group-C7908E81CC6B, cid=3439, SUCCESS, logIndex=4921, commits[3f4de2de-7d09-498f-aead-42327df81d94:c4923]
2019-08-05 04:38:19,393 INFO  client.GrpcClientProtocolClient (GrpcClientProtocolClient.java:onNext(255)) - client-C12DAE7A5037->3f4de2de-7d09-498f-aead-42327df81d94: receive RaftClientReply:client-C12DAE7A5037->3f4de2de-7d09-498f-aead-42327df81d94@group-C7908E81CC6B, cid=3440, SUCCESS, logIndex=4922, commits[3f4de2de-7d09-498f-aead-42327df81d94:c4923]
2019-08-05 04:38:19,491 DEBUG block.SCMBlockDeletingService (SCMBlockDeletingService.java:call(138)) - Running DeletedBlockTransactionScanner
2019-08-05 04:38:19,491 DEBUG block.SCMBlockDeletingService (SCMBlockDeletingService.java:call(155)) - Scanned deleted blocks log and got 0 delTX to process.
2019-08-05 04:38:19,592 DEBUG block.SCMBlockDeletingService (SCMBlockDeletingService.java:call(138)) - Running DeletedBlockTransactionScanner
2019-08-05 04:38:19,592 DEBUG block.SCMBlockDeletingService (SCMBlockDeletingService.java:call(155)) - Scanned deleted blocks log and got 0 delTX to process.
2019-08-05 04:38:19,692 DEBUG block.SCMBlockDeletingService (SCMBlockDeletingService.java:call(138)) - Running DeletedBlockTransactionScanner
2019-08-05 04:38:19,693 DEBUG block.SCMBlockDeletingService (SCMBlockDeletingService.java:call(155)) - Scanned deleted blocks log and got 0 delTX to process.
2019-08-05 04:38:19,793 DEBUG block.SCMBlockDeletingService (SCMBlockDeletingService.java:call(138)) - Running DeletedBlockTransactionScanner
2019-08-05 04:38:19,793 DEBUG block.SCMBlockDeletingService (SCMBlockDeletingService.java:call(155)) - Scanned deleted blocks log and got 0 delTX to process.
2019-08-05 04:38:19,894 DEBUG block.SCMBlockDeletingService (SCMBlockDeletingService.java:call(138)) - Running DeletedBlockTransactionScanner
2019-08-05 04:38:19,894 DEBUG block.SCMBlockDeletingService (SCMBlockDeletingService.java:call(155)) - Scanned deleted blocks log and got 0 delTX to process.
2019-08-05 04:38:19,994 DEBUG block.SCMBlockDeletingService (SCMBlockDeletingService.java:call(138)) - Running DeletedBlockTransactionScanner
2019-08-05 04:38:19,994 DEBUG block.SCMBlockDeletingService (SCMBlockDeletingService.java:call(155)) - Scanned deleted blocks log and got 0 delTX to process.
2019-08-05 04:38:20,095 DEBUG block.SCMBlockDeletingService (SCMBlockDeletingService.java:call(138)) - Running DeletedBlockTransactionScanner
2019-08-05 04:38:20,095 DEBUG block.SCMBlockDeletingService (SCMBlockDeletingService.java:call(155)) - Scanned deleted blocks log and got 0 delTX to process.
2019-08-05 04:38:20,195 DEBUG block.SCMBlockDeletingService (SCMBlockDeletingService.java:call(138)) - Running DeletedBlockTransactionScanner
2019-08-05 04:38:20,196 DEBUG block.SCMBlockDeletingService (SCMBlockDeletingService.java:call(155)) - Scanned deleted blocks log and got 0 delTX to process.
2019-08-05 04:38:20,296 DEBUG block.SCMBlockDeletingService (SCMBlockDeletingService.java:call(138)) - Running DeletedBlockTransactionScanner
2019-08-05 04:38:20,296 DEBUG block.SCMBlockDeletingService (SCMBlockDeletingService.java:call(155)) - Scanned deleted blocks log and got 0 delTX to process.
2019-08-05 04:38:20,397 DEBUG block.SCMBlockDeletingService (SCMBlockDeletingService.java:call(138)) - Running DeletedBlockTransactionScanner
2019-08-05 04:38:20,397 DEBUG block.SCMBlockDeletingService (SCMBlockDeletingService.java:call(155)) - Scanned deleted blocks log and got 0 delTX to process.
2019-08-05 04:38:20,497 DEBUG block.SCMBlockDeletingService (SCMBlockDeletingService.java:call(138)) - Running DeletedBlockTransactionScanner
2019-08-05 04:38:20,498 DEBUG block.SCMBlockDeletingService (SCMBlockDeletingService.java:call(155)) - Scanned deleted blocks log and got 0 delTX to process.
2019-08-05 04:38:20,598 DEBUG block.SCMBlockDeletingService (SCMBlockDeletingService.java:call(138)) - Running DeletedBlockTransactionScanner
2019-08-05 04:38:20,598 DEBUG block.SCMBlockDeletingService (SCMBlockDeletingService.java:call(155)) - Scanned deleted blocks log and got 0 delTX to process.
2019-08-05 04:38:20,699 DEBUG block.SCMBlockDeletingService (SCMBlockDeletingService.java:call(138)) - Running DeletedBlockTransactionScanner
2019-08-05 04:38:20,699 DEBUG block.SCMBlockDeletingService (SCMBlockDeletingService.java:call(155)) - Scanned deleted blocks log and got 0 delTX to process.
2019-08-05 04:38:20,799 DEBUG block.SCMBlockDeletingService (SCMBlockDeletingService.java:call(138)) - Running DeletedBlockTransactionScanner
2019-08-05 04:38:20,799 DEBUG block.SCMBlockDeletingService (SCMBlockDeletingService.java:call(155)) - Scanned deleted blocks log and got 0 delTX to process.
2019-08-05 04:38:20,900 DEBUG block.SCMBlockDeletingService (SCMBlockDeletingService.java:call(138)) - Running DeletedBlockTransactionScanner
2019-08-05 04:38:20,900 DEBUG block.SCMBlockDeletingService (SCMBlockDeletingService.java:call(155)) - Scanned deleted blocks log and got 0 delTX to process.
2019-08-05 04:38:21,000 DEBUG block.SCMBlockDeletingService (SCMBlockDeletingService.java:call(138)) - Running DeletedBlockTransactionScanner
2019-08-05 04:38:21,001 DEBUG block.SCMBlockDeletingService (SCMBlockDeletingService.java:call(155)) - Scanned deleted blocks log and got 0 delTX to process.
2019-08-05 04:38:21,101 DEBUG block.SCMBlockDeletingService (SCMBlockDeletingService.java:call(138)) - Running DeletedBlockTransactionScanner
2019-08-05 04:38:21,102 DEBUG block.SCMBlockDeletingService (SCMBlockDeletingService.java:call(155)) - Scanned deleted blocks log and got 0 delTX to process.
2019-08-05 04:38:21,202 DEBUG block.SCMBlockDeletingService (SCMBlockDeletingService.java:call(138)) - Running DeletedBlockTransactionScanner
2019-08-05 04:38:21,202 DEBUG block.SCMBlockDeletingService (SCMBlockDeletingService.java:call(155)) - Scanned deleted blocks log and got 0 delTX to process.
2019-08-05 04:38:21,303 DEBUG block.SCMBlockDeletingService (SCMBlockDeletingService.java:call(138)) - Running DeletedBlockTransactionScanner
2019-08-05 04:38:21,303 DEBUG block.SCMBlockDeletingService (SCMBlockDeletingService.java:call(155)) - Scanned deleted blocks log and got 0 delTX to process.
2019-08-05 04:38:21,403 DEBUG block.SCMBlockDeletingService (SCMBlockDeletingService.java:call(138)) - Running DeletedBlockTransactionScanner
2019-08-05 04:38:21,403 DEBUG block.SCMBlockDeletingService (SCMBlockDeletingService.java:call(155)) - Scanned deleted blocks log and got 0 delTX to process.
2019-08-05 04:38:21,504 DEBUG block.SCMBlockDeletingService (SCMBlockDeletingService.java:call(138)) - Running DeletedBlockTransactionScanner
2019-08-05 04:38:21,504 DEBUG block.SCMBlockDeletingService (SCMBlockDeletingService.java:call(155)) - Scanned deleted blocks log and got 0 delTX to process.
2019-08-05 04:38:21,604 DEBUG block.SCMBlockDeletingService (SCMBlockDeletingService.java:call(138)) - Running DeletedBlockTransactionScanner
2019-08-05 04:38:21,605 DEBUG block.SCMBlockDeletingService (SCMBlockDeletingService.java:call(155)) - Scanned deleted blocks log and got 0 delTX to process.
2019-08-05 04:38:21,705 DEBUG block.SCMBlockDeletingService (SCMBlockDeletingService.java:call(138)) - Running DeletedBlockTransactionScanner
2019-08-05 04:38:21,705 DEBUG block.SCMBlockDeletingService (SCMBlockDeletingService.java:call(155)) - Scanned deleted blocks log and got 0 delTX to process.
2019-08-05 04:38:21,806 DEBUG block.SCMBlockDeletingService (SCMBlockDeletingService.java:call(138)) - Running DeletedBlockTransactionScanner
2019-08-05 04:38:21,806 DEBUG block.SCMBlockDeletingService (SCMBlockDeletingService.java:call(155)) - Scanned deleted blocks log and got 0 delTX to process.
2019-08-05 04:38:21,906 DEBUG block.SCMBlockDeletingService (SCMBlockDeletingService.java:call(138)) - Running DeletedBlockTransactionScanner
2019-08-05 04:38:21,907 DEBUG block.SCMBlockDeletingService (SCMBlockDeletingService.java:call(155)) - Scanned deleted blocks log and got 0 delTX to process.
2019-08-05 04:38:22,007 DEBUG block.SCMBlockDeletingService (SCMBlockDeletingService.java:call(138)) - Running DeletedBlockTransactionScanner
2019-08-05 04:38:22,007 DEBUG block.SCMBlockDeletingService (SCMBlockDeletingService.java:call(155)) - Scanned deleted blocks log and got 0 delTX to process.
2019-08-05 04:38:22,108 DEBUG block.SCMBlockDeletingService (SCMBlockDeletingService.java:call(138)) - Running DeletedBlockTransactionScanner
2019-08-05 04:38:22,108 DEBUG block.SCMBlockDeletingService (SCMBlockDeletingService.java:call(155)) - Scanned deleted blocks log and got 0 delTX to process.
2019-08-05 04:38:22,208 DEBUG block.SCMBlockDeletingService (SCMBlockDeletingService.java:call(138)) - Running DeletedBlockTransactionScanner
2019-08-05 04:38:22,209 DEBUG block.SCMBlockDeletingService (SCMBlockDeletingService.java:call(155)) - Scanned deleted blocks log and got 0 delTX to process.
2019-08-05 04:38:22,309 DEBUG block.SCMBlockDeletingService (SCMBlockDeletingService.java:call(138)) - Running DeletedBlockTransactionScanner
2019-08-05 04:38:22,309 DEBUG block.SCMBlockDeletingService (SCMBlockDeletingService.java:call(155)) - Scanned deleted blocks log and got 0 delTX to process.
2019-08-05 04:38:22,410 DEBUG block.SCMBlockDeletingService (SCMBlockDeletingService.java:call(138)) - Running DeletedBlockTransactionScanner
2019-08-05 04:38:22,410 DEBUG block.SCMBlockDeletingService (SCMBlockDeletingService.java:call(155)) - Scanned deleted blocks log and got 0 delTX to process.
2019-08-05 04:38:22,510 DEBUG block.SCMBlockDeletingService (SCMBlockDeletingService.java:call(138)) - Running DeletedBlockTransactionScanner
2019-08-05 04:38:22,510 DEBUG block.SCMBlockDeletingService (SCMBlockDeletingService.java:call(155)) - Scanned deleted blocks log and got 0 delTX to process.
2019-08-05 04:38:22,611 DEBUG block.SCMBlockDeletingService (SCMBlockDeletingService.java:call(138)) - Running DeletedBlockTransactionScanner
2019-08-05 04:38:22,611 DEBUG block.SCMBlockDeletingService (SCMBlockDeletingService.java:call(155)) - Scanned deleted blocks log and got 0 delTX to process.
2019-08-05 04:38:22,712 DEBUG block.SCMBlockDeletingService (SCMBlockDeletingService.java:call(138)) - Running DeletedBlockTransactionScanner
2019-08-05 04:38:22,712 DEBUG block.SCMBlockDeletingService (SCMBlockDeletingService.java:call(155)) - Scanned deleted blocks log and got 0 delTX to process.
2019-08-05 04:38:22,812 DEBUG block.SCMBlockDeletingService (SCMBlockDeletingService.java:call(138)) - Running DeletedBlockTransactionScanner
2019-08-05 04:38:22,812 DEBUG block.SCMBlockDeletingService (SCMBlockDeletingService.java:call(155)) - Scanned deleted blocks log and got 0 delTX to process.
2019-08-05 04:38:22,913 DEBUG block.SCMBlockDeletingService (SCMBlockDeletingService.java:call(138)) - Running DeletedBlockTransactionScanner
2019-08-05 04:38:22,913 DEBUG block.SCMBlockDeletingService (SCMBlockDeletingService.java:call(155)) - Scanned deleted blocks log and got 0 delTX to process.
2019-08-05 04:38:23,014 DEBUG block.SCMBlockDeletingService (SCMBlockDeletingService.java:call(138)) - Running DeletedBlockTransactionScanner
2019-08-05 04:38:23,014 DEBUG block.SCMBlockDeletingService (SCMBlockDeletingService.java:call(155)) - Scanned deleted blocks log and got 0 delTX to process.
2019-08-05 04:38:23,114 DEBUG block.SCMBlockDeletingService (SCMBlockDeletingService.java:call(138)) - Running DeletedBlockTransactionScanner
2019-08-05 04:38:23,114 DEBUG block.SCMBlockDeletingService (SCMBlockDeletingService.java:call(155)) - Scanned deleted blocks log and got 0 delTX to process.
2019-08-05 04:38:23,215 DEBUG block.SCMBlockDeletingService (SCMBlockDeletingService.java:call(138)) - Running DeletedBlockTransactionScanner
2019-08-05 04:38:23,215 DEBUG block.SCMBlockDeletingService (SCMBlockDeletingService.java:call(155)) - Scanned deleted blocks log and got 0 delTX to process.
2019-08-05 04:38:23,315 DEBUG block.SCMBlockDeletingService (SCMBlockDeletingService.java:call(138)) - Running DeletedBlockTransactionScanner
2019-08-05 04:38:23,316 DEBUG block.SCMBlockDeletingService (SCMBlockDeletingService.java:call(155)) - Scanned deleted blocks log and got 0 delTX to process.
2019-08-05 04:38:23,416 DEBUG block.SCMBlockDeletingService (SCMBlockDeletingService.java:call(138)) - Running DeletedBlockTransactionScanner
2019-08-05 04:38:23,416 DEBUG block.SCMBlockDeletingService (SCMBlockDeletingService.java:call(155)) - Scanned deleted blocks log and got 0 delTX to process.
2019-08-05 04:38:23,516 DEBUG block.SCMBlockDeletingService (SCMBlockDeletingService.java:call(138)) - Running DeletedBlockTransactionScanner
2019-08-05 04:38:23,517 DEBUG block.SCMBlockDeletingService (SCMBlockDeletingService.java:call(155)) - Scanned deleted blocks log and got 0 delTX to process.
2019-08-05 04:38:23,617 DEBUG block.SCMBlockDeletingService (SCMBlockDeletingService.java:call(138)) - Running DeletedBlockTransactionScanner
2019-08-05 04:38:23,617 DEBUG block.SCMBlockDeletingService (SCMBlockDeletingService.java:call(155)) - Scanned deleted blocks log and got 0 delTX to process.
2019-08-05 04:38:23,718 DEBUG block.SCMBlockDeletingService (SCMBlockDeletingService.java:call(138)) - Running DeletedBlockTransactionScanner
2019-08-05 04:38:23,718 DEBUG block.SCMBlockDeletingService (SCMBlockDeletingService.java:call(155)) - Scanned deleted blocks log and got 0 delTX to process.
2019-08-05 04:38:23,818 DEBUG block.SCMBlockDeletingService (SCMBlockDeletingService.java:call(138)) - Running DeletedBlockTransactionScanner
2019-08-05 04:38:23,819 DEBUG block.SCMBlockDeletingService (SCMBlockDeletingService.java:call(155)) - Scanned deleted blocks log and got 0 delTX to process.
2019-08-05 04:38:23,919 DEBUG block.SCMBlockDeletingService (SCMBlockDeletingService.java:call(138)) - Running DeletedBlockTransactionScanner
2019-08-05 04:38:23,919 DEBUG block.SCMBlockDeletingService (SCMBlockDeletingService.java:call(155)) - Scanned deleted blocks log and got 0 delTX to process.
2019-08-05 04:38:24,020 DEBUG block.SCMBlockDeletingService (SCMBlockDeletingService.java:call(138)) - Running DeletedBlockTransactionScanner
2019-08-05 04:38:24,020 DEBUG block.SCMBlockDeletingService (SCMBlockDeletingService.java:call(155)) - Scanned deleted blocks log and got 0 delTX to process.
2019-08-05 04:38:24,120 DEBUG block.SCMBlockDeletingService (SCMBlockDeletingService.java:call(138)) - Running DeletedBlockTransactionScanner
2019-08-05 04:38:24,121 DEBUG block.SCMBlockDeletingService (SCMBlockDeletingService.java:call(155)) - Scanned deleted blocks log and got 0 delTX to process.
2019-08-05 04:38:24,221 DEBUG block.SCMBlockDeletingService (SCMBlockDeletingService.java:call(138)) - Running DeletedBlockTransactionScanner
2019-08-05 04:38:24,221 DEBUG block.SCMBlockDeletingService (SCMBlockDeletingService.java:call(155)) - Scanned deleted blocks log and got 0 delTX to process.
2019-08-05 04:38:24,322 DEBUG block.SCMBlockDeletingService (SCMBlockDeletingService.java:call(138)) - Running DeletedBlockTransactionScanner
2019-08-05 04:38:24,322 DEBUG block.SCMBlockDeletingService (SCMBlockDeletingService.java:call(155)) - Scanned deleted blocks log and got 0 delTX to process.
2019-08-05 04:38:24,422 DEBUG block.SCMBlockDeletingService (SCMBlockDeletingService.java:call(138)) - Running DeletedBlockTransactionScanner
2019-08-05 04:38:24,423 DEBUG block.SCMBlockDeletingService (SCMBlockDeletingService.java:call(155)) - Scanned deleted blocks log and got 0 delTX to process.
2019-08-05 04:38:24,523 DEBUG block.SCMBlockDeletingService (SCMBlockDeletingService.java:call(138)) - Running DeletedBlockTransactionScanner
2019-08-05 04:38:24,523 DEBUG block.SCMBlockDeletingService (SCMBlockDeletingService.java:call(155)) - Scanned deleted blocks log and got 0 delTX to process.
2019-08-05 04:38:24,624 DEBUG block.SCMBlockDeletingService (SCMBlockDeletingService.java:call(138)) - Running DeletedBlockTransactionScanner
2019-08-05 04:38:24,624 DEBUG block.SCMBlockDeletingService (SCMBlockDeletingService.java:call(155)) - Scanned deleted blocks log and got 0 delTX to process.
2019-08-05 04:38:24,724 DEBUG block.SCMBlockDeletingService (SCMBlockDeletingService.java:call(138)) - Running DeletedBlockTransactionScanner
2019-08-05 04:38:24,725 DEBUG block.SCMBlockDeletingService (SCMBlockDeletingService.java:call(155)) - Scanned deleted blocks log and got 0 delTX to process.
2019-08-05 04:38:24,825 DEBUG block.SCMBlockDeletingService (SCMBlockDeletingService.java:call(138)) - Running DeletedBlockTransactionScanner
2019-08-05 04:38:24,825 DEBUG block.SCMBlockDeletingService (SCMBlockDeletingService.java:call(155)) - Scanned deleted blocks log and got 0 delTX to process.
2019-08-05 04:38:24,926 DEBUG block.SCMBlockDeletingService (SCMBlockDeletingService.java:call(138)) - Running DeletedBlockTransactionScanner
2019-08-05 04:38:24,926 DEBUG block.SCMBlockDeletingService (SCMBlockDeletingService.java:call(155)) - Scanned deleted blocks log and got 0 delTX to process.
2019-08-05 04:38:25,026 DEBUG block.SCMBlockDeletingService (SCMBlockDeletingService.java:call(138)) - Running DeletedBlockTransactionScanner
2019-08-05 04:38:25,026 DEBUG block.SCMBlockDeletingService (SCMBlockDeletingService.java:call(155)) - Scanned deleted blocks log and got 0 delTX to process.
2019-08-05 04:38:25,127 DEBUG block.SCMBlockDeletingService (SCMBlockDeletingService.java:call(138)) - Running DeletedBlockTransactionScanner
2019-08-05 04:38:25,127 DEBUG block.SCMBlockDeletingService (SCMBlockDeletingService.java:call(155)) - Scanned deleted blocks log and got 0 delTX to process.
2019-08-05 04:38:25,227 DEBUG block.SCMBlockDeletingService (SCMBlockDeletingService.java:call(138)) - Running DeletedBlockTransactionScanner
2019-08-05 04:38:25,228 DEBUG block.SCMBlockDeletingService (SCMBlockDeletingService.java:call(155)) - Scanned deleted blocks log and got 0 delTX to process.
2019-08-05 04:38:25,328 DEBUG block.SCMBlockDeletingService (SCMBlockDeletingService.java:call(138)) - Running DeletedBlockTransactionScanner
2019-08-05 04:38:25,328 DEBUG block.SCMBlockDeletingService (SCMBlockDeletingService.java:call(155)) - Scanned deleted blocks log and got 0 delTX to process.
2019-08-05 04:38:25,429 DEBUG block.SCMBlockDeletingService (SCMBlockDeletingService.java:call(138)) - Running DeletedBlockTransactionScanner
2019-08-05 04:38:25,429 DEBUG block.SCMBlockDeletingService (SCMBlockDeletingService.java:call(155)) - Scanned deleted blocks log and got 0 delTX to process.
2019-08-05 04:38:25,529 DEBUG block.SCMBlockDeletingService (SCMBlockDeletingService.java:call(138)) - Running DeletedBlockTransactionScanner
2019-08-05 04:38:25,530 DEBUG block.SCMBlockDeletingService (SCMBlockDeletingService.java:call(155)) - Scanned deleted blocks log and got 0 delTX to process.
2019-08-05 04:38:25,630 DEBUG block.SCMBlockDeletingService (SCMBlockDeletingService.java:call(138)) - Running DeletedBlockTransactionScanner
2019-08-05 04:38:25,630 DEBUG block.SCMBlockDeletingService (SCMBlockDeletingService.java:call(155)) - Scanned deleted blocks log and got 0 delTX to process.
2019-08-05 04:38:25,731 DEBUG block.SCMBlockDeletingService (SCMBlockDeletingService.java:call(138)) - Running DeletedBlockTransactionScanner
2019-08-05 04:38:25,731 DEBUG block.SCMBlockDeletingService (SCMBlockDeletingService.java:call(155)) - Scanned deleted blocks log and got 0 delTX to process.
2019-08-05 04:38:25,831 DEBUG block.SCMBlockDeletingService (SCMBlockDeletingService.java:call(138)) - Running DeletedBlockTransactionScanner
2019-08-05 04:38:25,832 DEBUG block.SCMBlockDeletingService (SCMBlockDeletingService.java:call(155)) - Scanned deleted blocks log and got 0 delTX to process.
2019-08-05 04:38:25,932 DEBUG block.SCMBlockDeletingService (SCMBlockDeletingService.java:call(138)) - Running DeletedBlockTransactionScanner
2019-08-05 04:38:25,932 DEBUG block.SCMBlockDeletingService (SCMBlockDeletingService.java:call(155)) - Scanned deleted blocks log and got 0 delTX to process.
2019-08-05 04:38:26,033 DEBUG block.SCMBlockDeletingService (SCMBlockDeletingService.java:call(138)) - Running DeletedBlockTransactionScanner
2019-08-05 04:38:26,033 DEBUG block.SCMBlockDeletingService (SCMBlockDeletingService.java:call(155)) - Scanned deleted blocks log and got 0 delTX to process.
2019-08-05 04:38:26,133 DEBUG block.SCMBlockDeletingService (SCMBlockDeletingService.java:call(138)) - Running DeletedBlockTransactionScanner
2019-08-05 04:38:26,133 DEBUG block.SCMBlockDeletingService (SCMBlockDeletingService.java:call(155)) - Scanned deleted blocks log and got 0 delTX to process.
2019-08-05 04:38:26,234 DEBUG block.SCMBlockDeletingService (SCMBlockDeletingService.java:call(138)) - Running DeletedBlockTransactionScanner
2019-08-05 04:38:26,234 DEBUG block.SCMBlockDeletingService (SCMBlockDeletingService.java:call(155)) - Scanned deleted blocks log and got 0 delTX to process.
2019-08-05 04:38:26,334 DEBUG block.SCMBlockDeletingService (SCMBlockDeletingService.java:call(138)) - Running DeletedBlockTransactionScanner
2019-08-05 04:38:26,335 DEBUG block.SCMBlockDeletingService (SCMBlockDeletingService.java:call(155)) - Scanned deleted blocks log and got 0 delTX to process.
2019-08-05 04:38:26,435 INFO  client.GrpcClientProtocolClient (GrpcClientProtocolClient.java:onNext(255)) - client-C12DAE7A5037->3f4de2de-7d09-498f-aead-42327df81d94: receive RaftClientReply:client-C12DAE7A5037->3f4de2de-7d09-498f-aead-42327df81d94@group-C7908E81CC6B, cid=3437, SUCCESS, logIndex=4919, commits[3f4de2de-7d09-498f-aead-42327df81d94:c4922]
2019-08-05 04:38:26,435 DEBUG block.SCMBlockDeletingService (SCMBlockDeletingService.java:call(138)) - Running DeletedBlockTransactionScanner
2019-08-05 04:38:26,435 DEBUG block.SCMBlockDeletingService (SCMBlockDeletingService.java:call(155)) - Scanned deleted blocks log and got 0 delTX to process.
2019-08-05 04:38:26,442 INFO  client.GrpcClientProtocolClient (GrpcClientProtocolClient.java:onNext(255)) - client-C12DAE7A5037->3f4de2de-7d09-498f-aead-42327df81d94: receive RaftClientReply:client-C12DAE7A5037->3f4de2de-7d09-498f-aead-42327df81d94@group-C7908E81CC6B, cid=3438, SUCCESS, logIndex=4920, commits[3f4de2de-7d09-498f-aead-42327df81d94:c4923]
2019-08-05 04:38:26,446 INFO  client.GrpcClientProtocolClient (GrpcClientProtocolClient.java:onNext(255)) - client-C12DAE7A5037->3f4de2de-7d09-498f-aead-42327df81d94: receive RaftClientReply:client-C12DAE7A5037->3f4de2de-7d09-498f-aead-42327df81d94@group-C7908E81CC6B, cid=3439, SUCCESS, logIndex=4921, commits[3f4de2de-7d09-498f-aead-42327df81d94:c4923]
2019-08-05 04:38:26,446 INFO  client.GrpcClientProtocolClient (GrpcClientProtocolClient.java:onNext(255)) - client-C12DAE7A5037->3f4de2de-7d09-498f-aead-42327df81d94: receive RaftClientReply:client-C12DAE7A5037->3f4de2de-7d09-498f-aead-42327df81d94@group-C7908E81CC6B, cid=3440, SUCCESS, logIndex=4922, commits[3f4de2de-7d09-498f-aead-42327df81d94:c4923]
2019-08-05 04:38:26,538 DEBUG block.SCMBlockDeletingService (SCMBlockDeletingService.java:call(138)) - Running DeletedBlockTransactionScanner
2019-08-05 04:38:26,538 DEBUG block.SCMBlockDeletingService (SCMBlockDeletingService.java:call(155)) - Scanned deleted blocks log and got 0 delTX to process.
2019-08-05 04:38:26,639 DEBUG block.SCMBlockDeletingService (SCMBlockDeletingService.java:call(138)) - Running DeletedBlockTransactionScanner
2019-08-05 04:38:26,639 DEBUG block.SCMBlockDeletingService (SCMBlockDeletingService.java:call(155)) - Scanned deleted blocks log and got 0 delTX to process.
2019-08-05 04:38:26,739 DEBUG block.SCMBlockDeletingService (SCMBlockDeletingService.java:call(138)) - Running DeletedBlockTransactionScanner
2019-08-05 04:38:26,739 DEBUG block.SCMBlockDeletingService (SCMBlockDeletingService.java:call(155)) - Scanned deleted blocks log and got 0 delTX to process.
2019-08-05 04:38:26,840 DEBUG block.SCMBlockDeletingService (SCMBlockDeletingService.java:call(138)) - Running DeletedBlockTransactionScanner
2019-08-05 04:38:26,840 DEBUG block.SCMBlockDeletingService (SCMBlockDeletingService.java:call(155)) - Scanned deleted blocks log and got 0 delTX to process.
2019-08-05 04:38:26,940 DEBUG block.SCMBlockDeletingService (SCMBlockDeletingService.java:call(138)) - Running DeletedBlockTransactionScanner
2019-08-05 04:38:26,941 DEBUG block.SCMBlockDeletingService (SCMBlockDeletingService.java:call(155)) - Scanned deleted blocks log and got 0 delTX to process.
2019-08-05 04:38:27,041 DEBUG block.SCMBlockDeletingService (SCMBlockDeletingService.java:call(138)) - Running DeletedBlockTransactionScanner
2019-08-05 04:38:27,041 DEBUG block.SCMBlockDeletingService (SCMBlockDeletingService.java:call(155)) - Scanned deleted blocks log and got 0 delTX to process.
2019-08-05 04:38:27,142 DEBUG block.SCMBlockDeletingService (SCMBlockDeletingService.java:call(138)) - Running DeletedBlockTransactionScanner
2019-08-05 04:38:27,142 DEBUG block.SCMBlockDeletingService (SCMBlockDeletingService.java:call(155)) - Scanned deleted blocks log and got 0 delTX to process.
2019-08-05 04:38:27,242 DEBUG block.SCMBlockDeletingService (SCMBlockDeletingService.java:call(138)) - Running DeletedBlockTransactionScanner
2019-08-05 04:38:27,243 DEBUG block.SCMBlockDeletingService (SCMBlockDeletingService.java:call(155)) - Scanned deleted blocks log and got 0 delTX to process.
2019-08-05 04:38:27,343 DEBUG block.SCMBlockDeletingService (SCMBlockDeletingService.java:call(138)) - Running DeletedBlockTransactionScanner
2019-08-05 04:38:27,343 DEBUG block.SCMBlockDeletingService (SCMBlockDeletingService.java:call(155)) - Scanned deleted blocks log and got 0 delTX to process.
2019-08-05 04:38:27,444 DEBUG block.SCMBlockDeletingService (SCMBlockDeletingService.java:call(138)) - Running DeletedBlockTransactionScanner
2019-08-05 04:38:27,444 DEBUG block.SCMBlockDeletingService (SCMBlockDeletingService.java:call(155)) - Scanned deleted blocks log and got 0 delTX to process.
2019-08-05 04:38:27,544 DEBUG block.SCMBlockDeletingService (SCMBlockDeletingService.java:call(138)) - Running DeletedBlockTransactionScanner
2019-08-05 04:38:27,544 DEBUG block.SCMBlockDeletingService (SCMBlockDeletingService.java:call(155)) - Scanned deleted blocks log and got 0 delTX to process.
2019-08-05 04:38:27,645 DEBUG block.SCMBlockDeletingService (SCMBlockDeletingService.java:call(138)) - Running DeletedBlockTransactionScanner
2019-08-05 04:38:27,645 DEBUG block.SCMBlockDeletingService (SCMBlockDeletingService.java:call(155)) - Scanned deleted blocks log and got 0 delTX to process.
2019-08-05 04:38:27,746 DEBUG block.SCMBlockDeletingService (SCMBlockDeletingService.java:call(138)) - Running DeletedBlockTransactionScanner
2019-08-05 04:38:27,746 DEBUG block.SCMBlockDeletingService (SCMBlockDeletingService.java:call(155)) - Scanned deleted blocks log and got 0 delTX to process.
2019-08-05 04:38:27,846 DEBUG block.SCMBlockDeletingService (SCMBlockDeletingService.java:call(138)) - Running DeletedBlockTransactionScanner
2019-08-05 04:38:27,846 DEBUG block.SCMBlockDeletingService (SCMBlockDeletingService.java:call(155)) - Scanned deleted blocks log and got 0 delTX to process.
2019-08-05 04:38:27,947 DEBUG block.SCMBlockDeletingService (SCMBlockDeletingService.java:call(138)) - Running DeletedBlockTransactionScanner
2019-08-05 04:38:27,947 DEBUG block.SCMBlockDeletingService (SCMBlockDeletingService.java:call(155)) - Scanned deleted blocks log and got 0 delTX to process.
2019-08-05 04:38:28,047 DEBUG block.SCMBlockDeletingService (SCMBlockDeletingService.java:call(138)) - Running DeletedBlockTransactionScanner
2019-08-05 04:38:28,048 DEBUG block.SCMBlockDeletingService (SCMBlockDeletingService.java:call(155)) - Scanned deleted blocks log and got 0 delTX to process.
2019-08-05 04:38:28,148 DEBUG block.SCMBlockDeletingService (SCMBlockDeletingService.java:call(138)) - Running DeletedBlockTransactionScanner
2019-08-05 04:38:28,148 DEBUG block.SCMBlockDeletingService (SCMBlockDeletingService.java:call(155)) - Scanned deleted blocks log and got 0 delTX to process.
2019-08-05 04:38:28,249 DEBUG block.SCMBlockDeletingService (SCMBlockDeletingService.java:call(138)) - Running DeletedBlockTransactionScanner
2019-08-05 04:38:28,249 DEBUG block.SCMBlockDeletingService (SCMBlockDeletingService.java:call(155)) - Scanned deleted blocks log and got 0 delTX to process.
2019-08-05 04:38:28,349 DEBUG block.SCMBlockDeletingService (SCMBlockDeletingService.java:call(138)) - Running DeletedBlockTransactionScanner
2019-08-05 04:38:28,350 DEBUG block.SCMBlockDeletingService (SCMBlockDeletingService.java:call(155)) - Scanned deleted blocks log and got 0 delTX to process.
2019-08-05 04:38:28,450 DEBUG block.SCMBlockDeletingService (SCMBlockDeletingService.java:call(138)) - Running DeletedBlockTransactionScanner
2019-08-05 04:38:28,450 DEBUG block.SCMBlockDeletingService (SCMBlockDeletingService.java:call(155)) - Scanned deleted blocks log and got 0 delTX to process.
2019-08-05 04:38:28,551 DEBUG block.SCMBlockDeletingService (SCMBlockDeletingService.java:call(138)) - Running DeletedBlockTransactionScanner
2019-08-05 04:38:28,551 DEBUG block.SCMBlockDeletingService (SCMBlockDeletingService.java:call(155)) - Scanned deleted blocks log and got 0 delTX to process.
2019-08-05 04:38:28,651 DEBUG block.SCMBlockDeletingService (SCMBlockDeletingService.java:call(138)) - Running DeletedBlockTransactionScanner
2019-08-05 04:38:28,651 DEBUG block.SCMBlockDeletingService (SCMBlockDeletingService.java:call(155)) - Scanned deleted blocks log and got 0 delTX to process.
2019-08-05 04:38:28,752 DEBUG block.SCMBlockDeletingService (SCMBlockDeletingService.java:call(138)) - Running DeletedBlockTransactionScanner
2019-08-05 04:38:28,752 DEBUG block.SCMBlockDeletingService (SCMBlockDeletingService.java:call(155)) - Scanned deleted blocks log and got 0 delTX to process.
2019-08-05 04:38:28,852 DEBUG block.SCMBlockDeletingService (SCMBlockDeletingService.java:call(138)) - Running DeletedBlockTransactionScanner
2019-08-05 04:38:28,853 DEBUG block.SCMBlockDeletingService (SCMBlockDeletingService.java:call(155)) - Scanned deleted blocks log and got 0 delTX to process.
2019-08-05 04:38:28,953 DEBUG block.SCMBlockDeletingService (SCMBlockDeletingService.java:call(138)) - Running DeletedBlockTransactionScanner
2019-08-05 04:38:28,953 DEBUG block.SCMBlockDeletingService (SCMBlockDeletingService.java:call(155)) - Scanned deleted blocks log and got 0 delTX to process.
2019-08-05 04:38:29,054 DEBUG block.SCMBlockDeletingService (SCMBlockDeletingService.java:call(138)) - Running DeletedBlockTransactionScanner
2019-08-05 04:38:29,054 DEBUG block.SCMBlockDeletingService (SCMBlockDeletingService.java:call(155)) - Scanned deleted blocks log and got 0 delTX to process.
2019-08-05 04:38:29,054 INFO  client.GrpcClientProtocolClient (GrpcClientProtocolClient.java:onNext(255)) - client-8CDCEDECFFE4->3f4de2de-7d09-498f-aead-42327df81d94: receive RaftClientReply:client-8CDCEDECFFE4->3f4de2de-7d09-498f-aead-42327df81d94@group-C7908E81CC6B, cid=3441, SUCCESS, logIndex=4924, commits[3f4de2de-7d09-498f-aead-42327df81d94:c4924]
2019-08-05 04:38:29,154 DEBUG block.SCMBlockDeletingService (SCMBlockDeletingService.java:call(138)) - Running DeletedBlockTransactionScanner
2019-08-05 04:38:29,155 DEBUG block.SCMBlockDeletingService (SCMBlockDeletingService.java:call(155)) - Scanned deleted blocks log and got 0 delTX to process.
2019-08-05 04:38:29,255 DEBUG block.SCMBlockDeletingService (SCMBlockDeletingService.java:call(138)) - Running DeletedBlockTransactionScanner
2019-08-05 04:38:29,255 DEBUG block.SCMBlockDeletingService (SCMBlockDeletingService.java:call(155)) - Scanned deleted blocks log and got 0 delTX to process.
2019-08-05 04:38:29,356 DEBUG block.SCMBlockDeletingService (SCMBlockDeletingService.java:call(138)) - Running DeletedBlockTransactionScanner
2019-08-05 04:38:29,356 DEBUG block.SCMBlockDeletingService (SCMBlockDeletingService.java:call(155)) - Scanned deleted blocks log and got 0 delTX to process.
2019-08-05 04:38:29,457 DEBUG block.SCMBlockDeletingService (SCMBlockDeletingService.java:call(138)) - Running DeletedBlockTransactionScanner
2019-08-05 04:38:29,457 DEBUG block.SCMBlockDeletingService (SCMBlockDeletingService.java:call(155)) - Scanned deleted blocks log and got 0 delTX to process.
2019-08-05 04:38:29,557 DEBUG block.SCMBlockDeletingService (SCMBlockDeletingService.java:call(138)) - Running DeletedBlockTransactionScanner
2019-08-05 04:38:29,558 DEBUG block.SCMBlockDeletingService (SCMBlockDeletingService.java:call(155)) - Scanned deleted blocks log and got 0 delTX to process.
2019-08-05 04:38:29,625 INFO  client.GrpcClientProtocolClient (GrpcClientProtocolClient.java:onNext(255)) - client-8CDCEDECFFE4->3f4de2de-7d09-498f-aead-42327df81d94: receive RaftClientReply:client-8CDCEDECFFE4->3f4de2de-7d09-498f-aead-42327df81d94@group-C7908E81CC6B, cid=3442, SUCCESS, logIndex=4926, commits[3f4de2de-7d09-498f-aead-42327df81d94:c4928]
2019-08-05 04:38:29,626 INFO  client.GrpcClientProtocolClient (GrpcClientProtocolClient.java:onNext(255)) - client-8CDCEDECFFE4->3f4de2de-7d09-498f-aead-42327df81d94: receive RaftClientReply:client-8CDCEDECFFE4->3f4de2de-7d09-498f-aead-42327df81d94@group-C7908E81CC6B, cid=3443, SUCCESS, logIndex=4927, commits[3f4de2de-7d09-498f-aead-42327df81d94:c4928]
2019-08-05 04:38:29,626 INFO  client.GrpcClientProtocolClient (GrpcClientProtocolClient.java:onNext(255)) - client-8CDCEDECFFE4->3f4de2de-7d09-498f-aead-42327df81d94: receive RaftClientReply:client-8CDCEDECFFE4->3f4de2de-7d09-498f-aead-42327df81d94@group-C7908E81CC6B, cid=3444, SUCCESS, logIndex=4928, commits[3f4de2de-7d09-498f-aead-42327df81d94:c4928]
2019-08-05 04:38:29,658 DEBUG block.SCMBlockDeletingService (SCMBlockDeletingService.java:call(138)) - Running DeletedBlockTransactionScanner
2019-08-05 04:38:29,658 DEBUG block.SCMBlockDeletingService (SCMBlockDeletingService.java:call(155)) - Scanned deleted blocks log and got 0 delTX to process.
2019-08-05 04:38:29,675 INFO  client.GrpcClientProtocolClient (GrpcClientProtocolClient.java:onNext(255)) - client-8CDCEDECFFE4->3f4de2de-7d09-498f-aead-42327df81d94: receive RaftClientReply:client-8CDCEDECFFE4->3f4de2de-7d09-498f-aead-42327df81d94@group-C7908E81CC6B, cid=3445, SUCCESS, logIndex=4930, commits[3f4de2de-7d09-498f-aead-42327df81d94:c4933]
2019-08-05 04:38:29,676 INFO  client.GrpcClientProtocolClient (GrpcClientProtocolClient.java:onNext(255)) - client-8CDCEDECFFE4->3f4de2de-7d09-498f-aead-42327df81d94: receive RaftClientReply:client-8CDCEDECFFE4->3f4de2de-7d09-498f-aead-42327df81d94@group-C7908E81CC6B, cid=3446, SUCCESS, logIndex=4931, commits[3f4de2de-7d09-498f-aead-42327df81d94:c4934]
2019-08-05 04:38:29,676 INFO  client.GrpcClientProtocolClient (GrpcClientProtocolClient.java:onNext(255)) - client-8CDCEDECFFE4->3f4de2de-7d09-498f-aead-42327df81d94: receive RaftClientReply:client-8CDCEDECFFE4->3f4de2de-7d09-498f-aead-42327df81d94@group-C7908E81CC6B, cid=3447, SUCCESS, logIndex=4932, commits[3f4de2de-7d09-498f-aead-42327df81d94:c4934]
2019-08-05 04:38:29,676 INFO  client.GrpcClientProtocolClient (GrpcClientProtocolClient.java:onNext(255)) - client-8CDCEDECFFE4->3f4de2de-7d09-498f-aead-42327df81d94: receive RaftClientReply:client-8CDCEDECFFE4->3f4de2de-7d09-498f-aead-42327df81d94@group-C7908E81CC6B, cid=3448, SUCCESS, logIndex=4933, commits[3f4de2de-7d09-498f-aead-42327df81d94:c4934]
2019-08-05 04:38:29,759 DEBUG block.SCMBlockDeletingService (SCMBlockDeletingService.java:call(138)) - Running DeletedBlockTransactionScanner
2019-08-05 04:38:29,759 DEBUG block.SCMBlockDeletingService (SCMBlockDeletingService.java:call(155)) - Scanned deleted blocks log and got 0 delTX to process.
2019-08-05 04:38:29,859 DEBUG block.SCMBlockDeletingService (SCMBlockDeletingService.java:call(138)) - Running DeletedBlockTransactionScanner
2019-08-05 04:38:29,860 DEBUG block.SCMBlockDeletingService (SCMBlockDeletingService.java:call(155)) - Scanned deleted blocks log and got 0 delTX to process.
2019-08-05 04:38:29,879 INFO  client.GrpcClientProtocolClient (GrpcClientProtocolClient.java:onNext(255)) - client-8CDCEDECFFE4->3f4de2de-7d09-498f-aead-42327df81d94: receive RaftClientReply:client-8CDCEDECFFE4->3f4de2de-7d09-498f-aead-42327df81d94@group-C7908E81CC6B, cid=3449, SUCCESS, logIndex=4935, commits[3f4de2de-7d09-498f-aead-42327df81d94:c4938]
2019-08-05 04:38:29,880 INFO  client.GrpcClientProtocolClient (GrpcClientProtocolClient.java:onNext(255)) - client-8CDCEDECFFE4->3f4de2de-7d09-498f-aead-42327df81d94: receive RaftClientReply:client-8CDCEDECFFE4->3f4de2de-7d09-498f-aead-42327df81d94@group-C7908E81CC6B, cid=3450, SUCCESS, logIndex=4936, commits[3f4de2de-7d09-498f-aead-42327df81d94:c4938]
2019-08-05 04:38:29,880 INFO  client.GrpcClientProtocolClient (GrpcClientProtocolClient.java:onNext(255)) - client-8CDCEDECFFE4->3f4de2de-7d09-498f-aead-42327df81d94: receive RaftClientReply:client-8CDCEDECFFE4->3f4de2de-7d09-498f-aead-42327df81d94@group-C7908E81CC6B, cid=3451, SUCCESS, logIndex=4937, commits[3f4de2de-7d09-498f-aead-42327df81d94:c4938]
2019-08-05 04:38:29,881 INFO  client.GrpcClientProtocolClient (GrpcClientProtocolClient.java:onNext(255)) - client-8CDCEDECFFE4->3f4de2de-7d09-498f-aead-42327df81d94: receive RaftClientReply:client-8CDCEDECFFE4->3f4de2de-7d09-498f-aead-42327df81d94@group-C7908E81CC6B, cid=3452, SUCCESS, logIndex=4938, commits[3f4de2de-7d09-498f-aead-42327df81d94:c4938]
2019-08-05 04:38:29,904 INFO  client.GrpcClientProtocolClient (GrpcClientProtocolClient.java:onNext(255)) - client-8CDCEDECFFE4->3f4de2de-7d09-498f-aead-42327df81d94: receive RaftClientReply:client-8CDCEDECFFE4->3f4de2de-7d09-498f-aead-42327df81d94@group-C7908E81CC6B, cid=3453, SUCCESS, logIndex=4940, commits[3f4de2de-7d09-498f-aead-42327df81d94:c4941]
2019-08-05 04:38:29,905 INFO  client.GrpcClientProtocolClient (GrpcClientProtocolClient.java:onNext(255)) - client-8CDCEDECFFE4->3f4de2de-7d09-498f-aead-42327df81d94: receive RaftClientReply:client-8CDCEDECFFE4->3f4de2de-7d09-498f-aead-42327df81d94@group-C7908E81CC6B, cid=3454, SUCCESS, logIndex=4941, commits[3f4de2de-7d09-498f-aead-42327df81d94:c4941]
2019-08-05 04:38:29,906 INFO  client.GrpcClientProtocolClient (GrpcClientProtocolClient.java:onNext(255)) - client-8CDCEDECFFE4->3f4de2de-7d09-498f-aead-42327df81d94: receive RaftClientReply:client-8CDCEDECFFE4->3f4de2de-7d09-498f-aead-42327df81d94@group-C7908E81CC6B, cid=3455, SUCCESS, logIndex=4942, commits[3f4de2de-7d09-498f-aead-42327df81d94:c4943]
2019-08-05 04:38:29,906 INFO  client.GrpcClientProtocolClient (GrpcClientProtocolClient.java:onNext(255)) - client-8CDCEDECFFE4->3f4de2de-7d09-498f-aead-42327df81d94: receive RaftClientReply:client-8CDCEDECFFE4->3f4de2de-7d09-498f-aead-42327df81d94@group-C7908E81CC6B, cid=3456, SUCCESS, logIndex=4943, commits[3f4de2de-7d09-498f-aead-42327df81d94:c4943]
2019-08-05 04:38:29,942 INFO  client.GrpcClientProtocolClient (GrpcClientProtocolClient.java:onNext(255)) - client-8CDCEDECFFE4->3f4de2de-7d09-498f-aead-42327df81d94: receive RaftClientReply:client-8CDCEDECFFE4->3f4de2de-7d09-498f-aead-42327df81d94@group-C7908E81CC6B, cid=3457, SUCCESS, logIndex=4946, commits[3f4de2de-7d09-498f-aead-42327df81d94:c4949]
2019-08-05 04:38:29,942 INFO  client.GrpcClientProtocolClient (GrpcClientProtocolClient.java:onNext(255)) - client-8CDCEDECFFE4->3f4de2de-7d09-498f-aead-42327df81d94: receive RaftClientReply:client-8CDCEDECFFE4->3f4de2de-7d09-498f-aead-42327df81d94@group-C7908E81CC6B, cid=3458, SUCCESS, logIndex=4947, commits[3f4de2de-7d09-498f-aead-42327df81d94:c4950]
2019-08-05 04:38:29,943 INFO  client.GrpcClientProtocolClient (GrpcClientProtocolClient.java:onNext(255)) - client-8CDCEDECFFE4->3f4de2de-7d09-498f-aead-42327df81d94: receive RaftClientReply:client-8CDCEDECFFE4->3f4de2de-7d09-498f-aead-42327df81d94@group-C7908E81CC6B, cid=3459, SUCCESS, logIndex=4948, commits[3f4de2de-7d09-498f-aead-42327df81d94:c4950]
2019-08-05 04:38:29,943 INFO  client.GrpcClientProtocolClient (GrpcClientProtocolClient.java:onNext(255)) - client-8CDCEDECFFE4->3f4de2de-7d09-498f-aead-42327df81d94: receive RaftClientReply:client-8CDCEDECFFE4->3f4de2de-7d09-498f-aead-42327df81d94@group-C7908E81CC6B, cid=3460, SUCCESS, logIndex=4949, commits[3f4de2de-7d09-498f-aead-42327df81d94:c4950]
2019-08-05 04:38:29,960 DEBUG block.SCMBlockDeletingService (SCMBlockDeletingService.java:call(138)) - Running DeletedBlockTransactionScanner
2019-08-05 04:38:29,960 DEBUG block.SCMBlockDeletingService (SCMBlockDeletingService.java:call(155)) - Scanned deleted blocks log and got 0 delTX to process.
2019-08-05 04:38:29,973 INFO  client.GrpcClientProtocolClient (GrpcClientProtocolClient.java:onNext(255)) - client-8CDCEDECFFE4->3f4de2de-7d09-498f-aead-42327df81d94: receive RaftClientReply:client-8CDCEDECFFE4->3f4de2de-7d09-498f-aead-42327df81d94@group-C7908E81CC6B, cid=3461, SUCCESS, logIndex=4951, commits[3f4de2de-7d09-498f-aead-42327df81d94:c4952]
2019-08-05 04:38:29,973 INFO  client.GrpcClientProtocolClient (GrpcClientProtocolClient.java:onNext(255)) - client-8CDCEDECFFE4->3f4de2de-7d09-498f-aead-42327df81d94: receive RaftClientReply:client-8CDCEDECFFE4->3f4de2de-7d09-498f-aead-42327df81d94@group-C7908E81CC6B, cid=3462, SUCCESS, logIndex=4952, commits[3f4de2de-7d09-498f-aead-42327df81d94:c4954]
2019-08-05 04:38:29,973 INFO  client.GrpcClientProtocolClient (GrpcClientProtocolClient.java:onNext(255)) - client-8CDCEDECFFE4->3f4de2de-7d09-498f-aead-42327df81d94: receive RaftClientReply:client-8CDCEDECFFE4->3f4de2de-7d09-498f-aead-42327df81d94@group-C7908E81CC6B, cid=3463, SUCCESS, logIndex=4953, commits[3f4de2de-7d09-498f-aead-42327df81d94:c4954]
2019-08-05 04:38:29,974 INFO  client.GrpcClientProtocolClient (GrpcClientProtocolClient.java:onNext(255)) - client-8CDCEDECFFE4->3f4de2de-7d09-498f-aead-42327df81d94: receive RaftClientReply:client-8CDCEDECFFE4->3f4de2de-7d09-498f-aead-42327df81d94@group-C7908E81CC6B, cid=3464, SUCCESS, logIndex=4954, commits[3f4de2de-7d09-498f-aead-42327df81d94:c4955]
2019-08-05 04:38:30,008 INFO  client.GrpcClientProtocolClient (GrpcClientProtocolClient.java:onNext(255)) - client-8CDCEDECFFE4->3f4de2de-7d09-498f-aead-42327df81d94: receive RaftClientReply:client-8CDCEDECFFE4->3f4de2de-7d09-498f-aead-42327df81d94@group-C7908E81CC6B, cid=3465, SUCCESS, logIndex=4957, commits[3f4de2de-7d09-498f-aead-42327df81d94:c4958]
2019-08-05 04:38:30,009 INFO  client.GrpcClientProtocolClient (GrpcClientProtocolClient.java:onNext(255)) - client-8CDCEDECFFE4->3f4de2de-7d09-498f-aead-42327df81d94: receive RaftClientReply:client-8CDCEDECFFE4->3f4de2de-7d09-498f-aead-42327df81d94@group-C7908E81CC6B, cid=3466, SUCCESS, logIndex=4958, commits[3f4de2de-7d09-498f-aead-42327df81d94:c4960]
2019-08-05 04:38:30,009 INFO  client.GrpcClientProtocolClient (GrpcClientProtocolClient.java:onNext(255)) - client-8CDCEDECFFE4->3f4de2de-7d09-498f-aead-42327df81d94: receive RaftClientReply:client-8CDCEDECFFE4->3f4de2de-7d09-498f-aead-42327df81d94@group-C7908E81CC6B, cid=3467, SUCCESS, logIndex=4959, commits[3f4de2de-7d09-498f-aead-42327df81d94:c4961]
2019-08-05 04:38:30,009 INFO  client.GrpcClientProtocolClient (GrpcClientProtocolClient.java:onNext(255)) - client-8CDCEDECFFE4->3f4de2de-7d09-498f-aead-42327df81d94: receive RaftClientReply:client-8CDCEDECFFE4->3f4de2de-7d09-498f-aead-42327df81d94@group-C7908E81CC6B, cid=3468, SUCCESS, logIndex=4960, commits[3f4de2de-7d09-498f-aead-42327df81d94:c4962]
2019-08-05 04:38:30,029 INFO  client.GrpcClientProtocolClient (GrpcClientProtocolClient.java:onNext(255)) - client-8CDCEDECFFE4->3f4de2de-7d09-498f-aead-42327df81d94: receive RaftClientReply:client-8CDCEDECFFE4->3f4de2de-7d09-498f-aead-42327df81d94@group-C7908E81CC6B, cid=3469, SUCCESS, logIndex=4963, commits[3f4de2de-7d09-498f-aead-42327df81d94:c4964]
2019-08-05 04:38:30,030 INFO  client.GrpcClientProtocolClient (GrpcClientProtocolClient.java:onNext(255)) - client-8CDCEDECFFE4->3f4de2de-7d09-498f-aead-42327df81d94: receive RaftClientReply:client-8CDCEDECFFE4->3f4de2de-7d09-498f-aead-42327df81d94@group-C7908E81CC6B, cid=3470, SUCCESS, logIndex=4964, commits[3f4de2de-7d09-498f-aead-42327df81d94:c4964]
2019-08-05 04:38:30,030 INFO  client.GrpcClientProtocolClient (GrpcClientProtocolClient.java:onNext(255)) - client-8CDCEDECFFE4->3f4de2de-7d09-498f-aead-42327df81d94: receive RaftClientReply:client-8CDCEDECFFE4->3f4de2de-7d09-498f-aead-42327df81d94@group-C7908E81CC6B, cid=3471, SUCCESS, logIndex=4965, commits[3f4de2de-7d09-498f-aead-42327df81d94:c4966]
2019-08-05 04:38:30,031 INFO  client.GrpcClientProtocolClient (GrpcClientProtocolClient.java:onNext(255)) - client-8CDCEDECFFE4->3f4de2de-7d09-498f-aead-42327df81d94: receive RaftClientReply:client-8CDCEDECFFE4->3f4de2de-7d09-498f-aead-42327df81d94@group-C7908E81CC6B, cid=3472, SUCCESS, logIndex=4966, commits[3f4de2de-7d09-498f-aead-42327df81d94:c4967]
2019-08-05 04:38:30,061 DEBUG block.SCMBlockDeletingService (SCMBlockDeletingService.java:call(138)) - Running DeletedBlockTransactionScanner
2019-08-05 04:38:30,061 DEBUG block.SCMBlockDeletingService (SCMBlockDeletingService.java:call(155)) - Scanned deleted blocks log and got 0 delTX to process.
2019-08-05 04:38:30,079 INFO  client.GrpcClientProtocolClient (GrpcClientProtocolClient.java:onNext(255)) - client-8CDCEDECFFE4->3f4de2de-7d09-498f-aead-42327df81d94: receive RaftClientReply:client-8CDCEDECFFE4->3f4de2de-7d09-498f-aead-42327df81d94@group-C7908E81CC6B, cid=3473, SUCCESS, logIndex=4969, commits[3f4de2de-7d09-498f-aead-42327df81d94:c4972]
2019-08-05 04:38:30,080 INFO  client.GrpcClientProtocolClient (GrpcClientProtocolClient.java:onNext(255)) - client-8CDCEDECFFE4->3f4de2de-7d09-498f-aead-42327df81d94: receive RaftClientReply:client-8CDCEDECFFE4->3f4de2de-7d09-498f-aead-42327df81d94@group-C7908E81CC6B, cid=3474, SUCCESS, logIndex=4970, commits[3f4de2de-7d09-498f-aead-42327df81d94:c4972]
2019-08-05 04:38:30,080 INFO  client.GrpcClientProtocolClient (GrpcClientProtocolClient.java:onNext(255)) - client-8CDCEDECFFE4->3f4de2de-7d09-498f-aead-42327df81d94: receive RaftClientReply:client-8CDCEDECFFE4->3f4de2de-7d09-498f-aead-42327df81d94@group-C7908E81CC6B, cid=3475, SUCCESS, logIndex=4971, commits[3f4de2de-7d09-498f-aead-42327df81d94:c4972]
2019-08-05 04:38:30,081 INFO  client.GrpcClientProtocolClient (GrpcClientProtocolClient.java:onNext(255)) - client-8CDCEDECFFE4->3f4de2de-7d09-498f-aead-42327df81d94: receive RaftClientReply:client-8CDCEDECFFE4->3f4de2de-7d09-498f-aead-42327df81d94@group-C7908E81CC6B, cid=3476, SUCCESS, logIndex=4972, commits[3f4de2de-7d09-498f-aead-42327df81d94:c4972]
2019-08-05 04:38:30,112 INFO  client.GrpcClientProtocolClient (GrpcClientProtocolClient.java:onNext(255)) - client-8CDCEDECFFE4->3f4de2de-7d09-498f-aead-42327df81d94: receive RaftClientReply:client-8CDCEDECFFE4->3f4de2de-7d09-498f-aead-42327df81d94@group-C7908E81CC6B, cid=3477, SUCCESS, logIndex=4974, commits[3f4de2de-7d09-498f-aead-42327df81d94:c4975]
2019-08-05 04:38:30,112 INFO  client.GrpcClientProtocolClient (GrpcClientProtocolClient.java:onNext(255)) - client-8CDCEDECFFE4->3f4de2de-7d09-498f-aead-42327df81d94: receive RaftClientReply:client-8CDCEDECFFE4->3f4de2de-7d09-498f-aead-42327df81d94@group-C7908E81CC6B, cid=3478, SUCCESS, logIndex=4975, commits[3f4de2de-7d09-498f-aead-42327df81d94:c4977]
2019-08-05 04:38:30,112 INFO  client.GrpcClientProtocolClient (GrpcClientProtocolClient.java:onNext(255)) - client-8CDCEDECFFE4->3f4de2de-7d09-498f-aead-42327df81d94: receive RaftClientReply:client-8CDCEDECFFE4->3f4de2de-7d09-498f-aead-42327df81d94@group-C7908E81CC6B, cid=3479, SUCCESS, logIndex=4976, commits[3f4de2de-7d09-498f-aead-42327df81d94:c4977]
2019-08-05 04:38:30,113 INFO  client.GrpcClientProtocolClient (GrpcClientProtocolClient.java:onNext(255)) - client-8CDCEDECFFE4->3f4de2de-7d09-498f-aead-42327df81d94: receive RaftClientReply:client-8CDCEDECFFE4->3f4de2de-7d09-498f-aead-42327df81d94@group-C7908E81CC6B, cid=3480, SUCCESS, logIndex=4977, commits[3f4de2de-7d09-498f-aead-42327df81d94:c4978]
2019-08-05 04:38:30,147 INFO  client.GrpcClientProtocolClient (GrpcClientProtocolClient.java:onNext(255)) - client-8CDCEDECFFE4->3f4de2de-7d09-498f-aead-42327df81d94: receive RaftClientReply:client-8CDCEDECFFE4->3f4de2de-7d09-498f-aead-42327df81d94@group-C7908E81CC6B, cid=3481, SUCCESS, logIndex=4980, commits[3f4de2de-7d09-498f-aead-42327df81d94:c4981]
2019-08-05 04:38:30,147 INFO  client.GrpcClientProtocolClient (GrpcClientProtocolClient.java:onNext(255)) - client-8CDCEDECFFE4->3f4de2de-7d09-498f-aead-42327df81d94: receive RaftClientReply:client-8CDCEDECFFE4->3f4de2de-7d09-498f-aead-42327df81d94@group-C7908E81CC6B, cid=3482, SUCCESS, logIndex=4981, commits[3f4de2de-7d09-498f-aead-42327df81d94:c4981]
2019-08-05 04:38:30,148 INFO  client.GrpcClientProtocolClient (GrpcClientProtocolClient.java:onNext(255)) - client-8CDCEDECFFE4->3f4de2de-7d09-498f-aead-42327df81d94: receive RaftClientReply:client-8CDCEDECFFE4->3f4de2de-7d09-498f-aead-42327df81d94@group-C7908E81CC6B, cid=3483, SUCCESS, logIndex=4982, commits[3f4de2de-7d09-498f-aead-42327df81d94:c4983]
2019-08-05 04:38:30,149 INFO  client.GrpcClientProtocolClient (GrpcClientProtocolClient.java:onNext(255)) - client-8CDCEDECFFE4->3f4de2de-7d09-498f-aead-42327df81d94: receive RaftClientReply:client-8CDCEDECFFE4->3f4de2de-7d09-498f-aead-42327df81d94@group-C7908E81CC6B, cid=3484, SUCCESS, logIndex=4983, commits[3f4de2de-7d09-498f-aead-42327df81d94:c4983]
2019-08-05 04:38:30,161 DEBUG block.SCMBlockDeletingService (SCMBlockDeletingService.java:call(138)) - Running DeletedBlockTransactionScanner
2019-08-05 04:38:30,162 DEBUG block.SCMBlockDeletingService (SCMBlockDeletingService.java:call(155)) - Scanned deleted blocks log and got 0 delTX to process.
2019-08-05 04:38:30,182 INFO  client.GrpcClientProtocolClient (GrpcClientProtocolClient.java:onNext(255)) - client-8CDCEDECFFE4->3f4de2de-7d09-498f-aead-42327df81d94: receive RaftClientReply:client-8CDCEDECFFE4->3f4de2de-7d09-498f-aead-42327df81d94@group-C7908E81CC6B, cid=3485, SUCCESS, logIndex=4986, commits[3f4de2de-7d09-498f-aead-42327df81d94:c4989]
2019-08-05 04:38:30,183 INFO  client.GrpcClientProtocolClient (GrpcClientProtocolClient.java:onNext(255)) - client-8CDCEDECFFE4->3f4de2de-7d09-498f-aead-42327df81d94: receive RaftClientReply:client-8CDCEDECFFE4->3f4de2de-7d09-498f-aead-42327df81d94@group-C7908E81CC6B, cid=3486, SUCCESS, logIndex=4987, commits[3f4de2de-7d09-498f-aead-42327df81d94:c4990]
2019-08-05 04:38:30,183 INFO  client.GrpcClientProtocolClient (GrpcClientProtocolClient.java:onNext(255)) - client-8CDCEDECFFE4->3f4de2de-7d09-498f-aead-42327df81d94: receive RaftClientReply:client-8CDCEDECFFE4->3f4de2de-7d09-498f-aead-42327df81d94@group-C7908E81CC6B, cid=3487, SUCCESS, logIndex=4988, commits[3f4de2de-7d09-498f-aead-42327df81d94:c4990]
2019-08-05 04:38:30,184 INFO  client.GrpcClientProtocolClient (GrpcClientProtocolClient.java:onNext(255)) - client-8CDCEDECFFE4->3f4de2de-7d09-498f-aead-42327df81d94: receive RaftClientReply:client-8CDCEDECFFE4->3f4de2de-7d09-498f-aead-42327df81d94@group-C7908E81CC6B, cid=3488, SUCCESS, logIndex=4989, commits[3f4de2de-7d09-498f-aead-42327df81d94:c4990]
2019-08-05 04:38:30,213 INFO  client.GrpcClientProtocolClient (GrpcClientProtocolClient.java:onNext(255)) - client-8CDCEDECFFE4->3f4de2de-7d09-498f-aead-42327df81d94: receive RaftClientReply:client-8CDCEDECFFE4->3f4de2de-7d09-498f-aead-42327df81d94@group-C7908E81CC6B, cid=3489, SUCCESS, logIndex=4991, commits[3f4de2de-7d09-498f-aead-42327df81d94:c4992]
2019-08-05 04:38:30,213 INFO  client.GrpcClientProtocolClient (GrpcClientProtocolClient.java:onNext(255)) - client-8CDCEDECFFE4->3f4de2de-7d09-498f-aead-42327df81d94: receive RaftClientReply:client-8CDCEDECFFE4->3f4de2de-7d09-498f-aead-42327df81d94@group-C7908E81CC6B, cid=3490, SUCCESS, logIndex=4992, commits[3f4de2de-7d09-498f-aead-42327df81d94:c4994]
2019-08-05 04:38:30,214 INFO  client.GrpcClientProtocolClient (GrpcClientProtocolClient.java:onNext(255)) - client-8CDCEDECFFE4->3f4de2de-7d09-498f-aead-42327df81d94: receive RaftClientReply:client-8CDCEDECFFE4->3f4de2de-7d09-498f-aead-42327df81d94@group-C7908E81CC6B, cid=3491, SUCCESS, logIndex=4993, commits[3f4de2de-7d09-498f-aead-42327df81d94:c4994]
2019-08-05 04:38:30,214 INFO  client.GrpcClientProtocolClient (GrpcClientProtocolClient.java:onNext(255)) - client-8CDCEDECFFE4->3f4de2de-7d09-498f-aead-42327df81d94: receive RaftClientReply:client-8CDCEDECFFE4->3f4de2de-7d09-498f-aead-42327df81d94@group-C7908E81CC6B, cid=3492, SUCCESS, logIndex=4994, commits[3f4de2de-7d09-498f-aead-42327df81d94:c4995]
2019-08-05 04:38:30,262 DEBUG block.SCMBlockDeletingService (SCMBlockDeletingService.java:call(138)) - Running DeletedBlockTransactionScanner
2019-08-05 04:38:30,262 DEBUG block.SCMBlockDeletingService (SCMBlockDeletingService.java:call(155)) - Scanned deleted blocks log and got 0 delTX to process.
2019-08-05 04:38:30,353 INFO  client.GrpcClientProtocolClient (GrpcClientProtocolClient.java:onNext(255)) - client-8CDCEDECFFE4->3f4de2de-7d09-498f-aead-42327df81d94: receive RaftClientReply:client-8CDCEDECFFE4->3f4de2de-7d09-498f-aead-42327df81d94@group-C7908E81CC6B, cid=3493, SUCCESS, logIndex=4997, commits[3f4de2de-7d09-498f-aead-42327df81d94:c5000]
2019-08-05 04:38:30,354 INFO  client.GrpcClientProtocolClient (GrpcClientProtocolClient.java:onNext(255)) - client-8CDCEDECFFE4->3f4de2de-7d09-498f-aead-42327df81d94: receive RaftClientReply:client-8CDCEDECFFE4->3f4de2de-7d09-498f-aead-42327df81d94@group-C7908E81CC6B, cid=3494, SUCCESS, logIndex=4998, commits[3f4de2de-7d09-498f-aead-42327df81d94:c5001]
2019-08-05 04:38:30,354 INFO  client.GrpcClientProtocolClient (GrpcClientProtocolClient.java:onNext(255)) - client-8CDCEDECFFE4->3f4de2de-7d09-498f-aead-42327df81d94: receive RaftClientReply:client-8CDCEDECFFE4->3f4de2de-7d09-498f-aead-42327df81d94@group-C7908E81CC6B, cid=3495, SUCCESS, logIndex=4999, commits[3f4de2de-7d09-498f-aead-42327df81d94:c5001]
2019-08-05 04:38:30,354 INFO  client.GrpcClientProtocolClient (GrpcClientProtocolClient.java:onNext(255)) - client-8CDCEDECFFE4->3f4de2de-7d09-498f-aead-42327df81d94: receive RaftClientReply:client-8CDCEDECFFE4->3f4de2de-7d09-498f-aead-42327df81d94@group-C7908E81CC6B, cid=3496, SUCCESS, logIndex=5000, commits[3f4de2de-7d09-498f-aead-42327df81d94:c5001]
2019-08-05 04:38:30,363 DEBUG block.SCMBlockDeletingService (SCMBlockDeletingService.java:call(138)) - Running DeletedBlockTransactionScanner
2019-08-05 04:38:30,363 DEBUG block.SCMBlockDeletingService (SCMBlockDeletingService.java:call(155)) - Scanned deleted blocks log and got 0 delTX to process.
2019-08-05 04:38:30,387 INFO  client.GrpcClientProtocolClient (GrpcClientProtocolClient.java:onNext(255)) - client-8CDCEDECFFE4->3f4de2de-7d09-498f-aead-42327df81d94: receive RaftClientReply:client-8CDCEDECFFE4->3f4de2de-7d09-498f-aead-42327df81d94@group-C7908E81CC6B, cid=3497, SUCCESS, logIndex=5002, commits[3f4de2de-7d09-498f-aead-42327df81d94:c5005]
2019-08-05 04:38:30,387 INFO  client.GrpcClientProtocolClient (GrpcClientProtocolClient.java:onNext(255)) - client-8CDCEDECFFE4->3f4de2de-7d09-498f-aead-42327df81d94: receive RaftClientReply:client-8CDCEDECFFE4->3f4de2de-7d09-498f-aead-42327df81d94@group-C7908E81CC6B, cid=3498, SUCCESS, logIndex=5003, commits[3f4de2de-7d09-498f-aead-42327df81d94:c5006]
2019-08-05 04:38:30,388 INFO  client.GrpcClientProtocolClient (GrpcClientProtocolClient.java:onNext(255)) - client-8CDCEDECFFE4->3f4de2de-7d09-498f-aead-42327df81d94: receive RaftClientReply:client-8CDCEDECFFE4->3f4de2de-7d09-498f-aead-42327df81d94@group-C7908E81CC6B, cid=3499, SUCCESS, logIndex=5004, commits[3f4de2de-7d09-498f-aead-42327df81d94:c5006]
2019-08-05 04:38:30,388 INFO  client.GrpcClientProtocolClient (GrpcClientProtocolClient.java:onNext(255)) - client-8CDCEDECFFE4->3f4de2de-7d09-498f-aead-42327df81d94: receive RaftClientReply:client-8CDCEDECFFE4->3f4de2de-7d09-498f-aead-42327df81d94@group-C7908E81CC6B, cid=3500, SUCCESS, logIndex=5005, commits[3f4de2de-7d09-498f-aead-42327df81d94:c5006]
2019-08-05 04:38:30,409 INFO  client.GrpcClientProtocolClient (GrpcClientProtocolClient.java:onNext(255)) - client-8CDCEDECFFE4->3f4de2de-7d09-498f-aead-42327df81d94: receive RaftClientReply:client-8CDCEDECFFE4->3f4de2de-7d09-498f-aead-42327df81d94@group-C7908E81CC6B, cid=3501, SUCCESS, logIndex=5007, commits[3f4de2de-7d09-498f-aead-42327df81d94:c5010]
2019-08-05 04:38:30,410 INFO  client.GrpcClientProtocolClient (GrpcClientProtocolClient.java:onNext(255)) - client-8CDCEDECFFE4->3f4de2de-7d09-498f-aead-42327df81d94: receive RaftClientReply:client-8CDCEDECFFE4->3f4de2de-7d09-498f-aead-42327df81d94@group-C7908E81CC6B, cid=3502, SUCCESS, logIndex=5008, commits[3f4de2de-7d09-498f-aead-42327df81d94:c5011]
2019-08-05 04:38:30,410 INFO  client.GrpcClientProtocolClient (GrpcClientProtocolClient.java:onNext(255)) - client-8CDCEDECFFE4->3f4de2de-7d09-498f-aead-42327df81d94: receive RaftClientReply:client-8CDCEDECFFE4->3f4de2de-7d09-498f-aead-42327df81d94@group-C7908E81CC6B, cid=3503, SUCCESS, logIndex=5009, commits[3f4de2de-7d09-498f-aead-42327df81d94:c5011]
2019-08-05 04:38:30,410 INFO  client.GrpcClientProtocolClient (GrpcClientProtocolClient.java:onNext(255)) - client-8CDCEDECFFE4->3f4de2de-7d09-498f-aead-42327df81d94: receive RaftClientReply:client-8CDCEDECFFE4->3f4de2de-7d09-498f-aead-42327df81d94@group-C7908E81CC6B, cid=3504, SUCCESS, logIndex=5010, commits[3f4de2de-7d09-498f-aead-42327df81d94:c5011]
2019-08-05 04:38:30,441 INFO  client.GrpcClientProtocolClient (GrpcClientProtocolClient.java:onNext(255)) - client-8CDCEDECFFE4->3f4de2de-7d09-498f-aead-42327df81d94: receive RaftClientReply:client-8CDCEDECFFE4->3f4de2de-7d09-498f-aead-42327df81d94@group-C7908E81CC6B, cid=3505, SUCCESS, logIndex=5012, commits[3f4de2de-7d09-498f-aead-42327df81d94:c5013]
2019-08-05 04:38:30,441 INFO  client.GrpcClientProtocolClient (GrpcClientProtocolClient.java:onNext(255)) - client-8CDCEDECFFE4->3f4de2de-7d09-498f-aead-42327df81d94: receive RaftClientReply:client-8CDCEDECFFE4->3f4de2de-7d09-498f-aead-42327df81d94@group-C7908E81CC6B, cid=3506, SUCCESS, logIndex=5013, commits[3f4de2de-7d09-498f-aead-42327df81d94:c5013]
2019-08-05 04:38:30,443 INFO  client.GrpcClientProtocolClient (GrpcClientProtocolClient.java:onNext(255)) - client-8CDCEDECFFE4->3f4de2de-7d09-498f-aead-42327df81d94: receive RaftClientReply:client-8CDCEDECFFE4->3f4de2de-7d09-498f-aead-42327df81d94@group-C7908E81CC6B, cid=3507, SUCCESS, logIndex=5014, commits[3f4de2de-7d09-498f-aead-42327df81d94:c5015]
2019-08-05 04:38:30,443 INFO  client.GrpcClientProtocolClient (GrpcClientProtocolClient.java:onNext(255)) - client-8CDCEDECFFE4->3f4de2de-7d09-498f-aead-42327df81d94: receive RaftClientReply:client-8CDCEDECFFE4->3f4de2de-7d09-498f-aead-42327df81d94@group-C7908E81CC6B, cid=3508, SUCCESS, logIndex=5015, commits[3f4de2de-7d09-498f-aead-42327df81d94:c5015]
2019-08-05 04:38:30,463 DEBUG block.SCMBlockDeletingService (SCMBlockDeletingService.java:call(138)) - Running DeletedBlockTransactionScanner
2019-08-05 04:38:30,464 DEBUG block.SCMBlockDeletingService (SCMBlockDeletingService.java:call(155)) - Scanned deleted blocks log and got 0 delTX to process.
2019-08-05 04:38:30,465 INFO  client.GrpcClientProtocolClient (GrpcClientProtocolClient.java:onNext(255)) - client-8CDCEDECFFE4->3f4de2de-7d09-498f-aead-42327df81d94: receive RaftClientReply:client-8CDCEDECFFE4->3f4de2de-7d09-498f-aead-42327df81d94@group-C7908E81CC6B, cid=3509, SUCCESS, logIndex=5018, commits[3f4de2de-7d09-498f-aead-42327df81d94:c5021]
2019-08-05 04:38:30,465 INFO  client.GrpcClientProtocolClient (GrpcClientProtocolClient.java:onNext(255)) - client-8CDCEDECFFE4->3f4de2de-7d09-498f-aead-42327df81d94: receive RaftClientReply:client-8CDCEDECFFE4->3f4de2de-7d09-498f-aead-42327df81d94@group-C7908E81CC6B, cid=3510, SUCCESS, logIndex=5019, commits[3f4de2de-7d09-498f-aead-42327df81d94:c5021]
2019-08-05 04:38:30,465 INFO  client.GrpcClientProtocolClient (GrpcClientProtocolClient.java:onNext(255)) - client-8CDCEDECFFE4->3f4de2de-7d09-498f-aead-42327df81d94: receive RaftClientReply:client-8CDCEDECFFE4->3f4de2de-7d09-498f-aead-42327df81d94@group-C7908E81CC6B, cid=3511, SUCCESS, logIndex=5020, commits[3f4de2de-7d09-498f-aead-42327df81d94:c5021]
2019-08-05 04:38:30,466 INFO  client.GrpcClientProtocolClient (GrpcClientProtocolClient.java:onNext(255)) - client-8CDCEDECFFE4->3f4de2de-7d09-498f-aead-42327df81d94: receive RaftClientReply:client-8CDCEDECFFE4->3f4de2de-7d09-498f-aead-42327df81d94@group-C7908E81CC6B, cid=3512, SUCCESS, logIndex=5021, commits[3f4de2de-7d09-498f-aead-42327df81d94:c5021]
2019-08-05 04:38:30,493 INFO  client.GrpcClientProtocolClient (GrpcClientProtocolClient.java:onNext(255)) - client-8CDCEDECFFE4->3f4de2de-7d09-498f-aead-42327df81d94: receive RaftClientReply:client-8CDCEDECFFE4->3f4de2de-7d09-498f-aead-42327df81d94@group-C7908E81CC6B, cid=3513, SUCCESS, logIndex=5023, commits[3f4de2de-7d09-498f-aead-42327df81d94:c5026]
2019-08-05 04:38:30,493 INFO  client.GrpcClientProtocolClient (GrpcClientProtocolClient.java:onNext(255)) - client-8CDCEDECFFE4->3f4de2de-7d09-498f-aead-42327df81d94: receive RaftClientReply:client-8CDCEDECFFE4->3f4de2de-7d09-498f-aead-42327df81d94@group-C7908E81CC6B, cid=3514, SUCCESS, logIndex=5024, commits[3f4de2de-7d09-498f-aead-42327df81d94:c5027]
2019-08-05 04:38:30,494 INFO  client.GrpcClientProtocolClient (GrpcClientProtocolClient.java:onNext(255)) - client-8CDCEDECFFE4->3f4de2de-7d09-498f-aead-42327df81d94: receive RaftClientReply:client-8CDCEDECFFE4->3f4de2de-7d09-498f-aead-42327df81d94@group-C7908E81CC6B, cid=3515, SUCCESS, logIndex=5025, commits[3f4de2de-7d09-498f-aead-42327df81d94:c5027]
2019-08-05 04:38:30,494 INFO  client.GrpcClientProtocolClient (GrpcClientProtocolClient.java:onNext(255)) - client-8CDCEDECFFE4->3f4de2de-7d09-498f-aead-42327df81d94: receive RaftClientReply:client-8CDCEDECFFE4->3f4de2de-7d09-498f-aead-42327df81d94@group-C7908E81CC6B, cid=3516, SUCCESS, logIndex=5026, commits[3f4de2de-7d09-498f-aead-42327df81d94:c5027]
2019-08-05 04:38:30,511 INFO  client.GrpcClientProtocolClient (GrpcClientProtocolClient.java:onNext(255)) - client-8CDCEDECFFE4->3f4de2de-7d09-498f-aead-42327df81d94: receive RaftClientReply:client-8CDCEDECFFE4->3f4de2de-7d09-498f-aead-42327df81d94@group-C7908E81CC6B, cid=3517, SUCCESS, logIndex=5028, commits[3f4de2de-7d09-498f-aead-42327df81d94:c5029]
2019-08-05 04:38:30,511 INFO  client.GrpcClientProtocolClient (GrpcClientProtocolClient.java:onNext(255)) - client-8CDCEDECFFE4->3f4de2de-7d09-498f-aead-42327df81d94: receive RaftClientReply:client-8CDCEDECFFE4->3f4de2de-7d09-498f-aead-42327df81d94@group-C7908E81CC6B, cid=3518, SUCCESS, logIndex=5029, commits[3f4de2de-7d09-498f-aead-42327df81d94:c5031]
2019-08-05 04:38:30,512 INFO  client.GrpcClientProtocolClient (GrpcClientProtocolClient.java:onNext(255)) - client-8CDCEDECFFE4->3f4de2de-7d09-498f-aead-42327df81d94: receive RaftClientReply:client-8CDCEDECFFE4->3f4de2de-7d09-498f-aead-42327df81d94@group-C7908E81CC6B, cid=3519, SUCCESS, logIndex=5030, commits[3f4de2de-7d09-498f-aead-42327df81d94:c5032]
2019-08-05 04:38:30,512 INFO  client.GrpcClientProtocolClient (GrpcClientProtocolClient.java:onNext(255)) - client-8CDCEDECFFE4->3f4de2de-7d09-498f-aead-42327df81d94: receive RaftClientReply:client-8CDCEDECFFE4->3f4de2de-7d09-498f-aead-42327df81d94@group-C7908E81CC6B, cid=3520, SUCCESS, logIndex=5031, commits[3f4de2de-7d09-498f-aead-42327df81d94:c5032]
2019-08-05 04:38:30,543 INFO  client.GrpcClientProtocolClient (GrpcClientProtocolClient.java:onNext(255)) - client-8CDCEDECFFE4->3f4de2de-7d09-498f-aead-42327df81d94: receive RaftClientReply:client-8CDCEDECFFE4->3f4de2de-7d09-498f-aead-42327df81d94@group-C7908E81CC6B, cid=3521, SUCCESS, logIndex=5034, commits[3f4de2de-7d09-498f-aead-42327df81d94:c5037]
2019-08-05 04:38:30,544 INFO  client.GrpcClientProtocolClient (GrpcClientProtocolClient.java:onNext(255)) - client-8CDCEDECFFE4->3f4de2de-7d09-498f-aead-42327df81d94: receive RaftClientReply:client-8CDCEDECFFE4->3f4de2de-7d09-498f-aead-42327df81d94@group-C7908E81CC6B, cid=3522, SUCCESS, logIndex=5035, commits[3f4de2de-7d09-498f-aead-42327df81d94:c5038]
2019-08-05 04:38:30,544 INFO  client.GrpcClientProtocolClient (GrpcClientProtocolClient.java:onNext(255)) - client-8CDCEDECFFE4->3f4de2de-7d09-498f-aead-42327df81d94: receive RaftClientReply:client-8CDCEDECFFE4->3f4de2de-7d09-498f-aead-42327df81d94@group-C7908E81CC6B, cid=3523, SUCCESS, logIndex=5036, commits[3f4de2de-7d09-498f-aead-42327df81d94:c5038]
2019-08-05 04:38:30,545 INFO  client.GrpcClientProtocolClient (GrpcClientProtocolClient.java:onNext(255)) - client-8CDCEDECFFE4->3f4de2de-7d09-498f-aead-42327df81d94: receive RaftClientReply:client-8CDCEDECFFE4->3f4de2de-7d09-498f-aead-42327df81d94@group-C7908E81CC6B, cid=3524, SUCCESS, logIndex=5037, commits[3f4de2de-7d09-498f-aead-42327df81d94:c5038]
2019-08-05 04:38:30,564 DEBUG block.SCMBlockDeletingService (SCMBlockDeletingService.java:call(138)) - Running DeletedBlockTransactionScanner
2019-08-05 04:38:30,564 DEBUG block.SCMBlockDeletingService (SCMBlockDeletingService.java:call(155)) - Scanned deleted blocks log and got 0 delTX to process.
2019-08-05 04:38:30,567 INFO  client.GrpcClientProtocolClient (GrpcClientProtocolClient.java:onNext(255)) - client-8CDCEDECFFE4->3f4de2de-7d09-498f-aead-42327df81d94: receive RaftClientReply:client-8CDCEDECFFE4->3f4de2de-7d09-498f-aead-42327df81d94@group-C7908E81CC6B, cid=3525, SUCCESS, logIndex=5039, commits[3f4de2de-7d09-498f-aead-42327df81d94:c5042]
2019-08-05 04:38:30,567 INFO  client.GrpcClientProtocolClient (GrpcClientProtocolClient.java:onNext(255)) - client-8CDCEDECFFE4->3f4de2de-7d09-498f-aead-42327df81d94: receive RaftClientReply:client-8CDCEDECFFE4->3f4de2de-7d09-498f-aead-42327df81d94@group-C7908E81CC6B, cid=3526, SUCCESS, logIndex=5040, commits[3f4de2de-7d09-498f-aead-42327df81d94:c5043]
2019-08-05 04:38:30,567 INFO  client.GrpcClientProtocolClient (GrpcClientProtocolClient.java:onNext(255)) - client-8CDCEDECFFE4->3f4de2de-7d09-498f-aead-42327df81d94: receive RaftClientReply:client-8CDCEDECFFE4->3f4de2de-7d09-498f-aead-42327df81d94@group-C7908E81CC6B, cid=3527, SUCCESS, logIndex=5041, commits[3f4de2de-7d09-498f-aead-42327df81d94:c5043]
2019-08-05 04:38:30,568 INFO  client.GrpcClientProtocolClient (GrpcClientProtocolClient.java:onNext(255)) - client-8CDCEDECFFE4->3f4de2de-7d09-498f-aead-42327df81d94: receive RaftClientReply:client-8CDCEDECFFE4->3f4de2de-7d09-498f-aead-42327df81d94@group-C7908E81CC6B, cid=3528, SUCCESS, logIndex=5042, commits[3f4de2de-7d09-498f-aead-42327df81d94:c5043]
2019-08-05 04:38:30,599 INFO  client.GrpcClientProtocolClient (GrpcClientProtocolClient.java:onNext(255)) - client-8CDCEDECFFE4->3f4de2de-7d09-498f-aead-42327df81d94: receive RaftClientReply:client-8CDCEDECFFE4->3f4de2de-7d09-498f-aead-42327df81d94@group-C7908E81CC6B, cid=3529, SUCCESS, logIndex=5044, commits[3f4de2de-7d09-498f-aead-42327df81d94:c5047]
2019-08-05 04:38:30,600 INFO  client.GrpcClientProtocolClient (GrpcClientProtocolClient.java:onNext(255)) - client-8CDCEDECFFE4->3f4de2de-7d09-498f-aead-42327df81d94: receive RaftClientReply:client-8CDCEDECFFE4->3f4de2de-7d09-498f-aead-42327df81d94@group-C7908E81CC6B, cid=3530, SUCCESS, logIndex=5045, commits[3f4de2de-7d09-498f-aead-42327df81d94:c5048]
2019-08-05 04:38:30,600 INFO  client.GrpcClientProtocolClient (GrpcClientProtocolClient.java:onNext(255)) - client-8CDCEDECFFE4->3f4de2de-7d09-498f-aead-42327df81d94: receive RaftClientReply:client-8CDCEDECFFE4->3f4de2de-7d09-498f-aead-42327df81d94@group-C7908E81CC6B, cid=3531, SUCCESS, logIndex=5046, commits[3f4de2de-7d09-498f-aead-42327df81d94:c5048]
2019-08-05 04:38:30,601 INFO  client.GrpcClientProtocolClient (GrpcClientProtocolClient.java:onNext(255)) - client-8CDCEDECFFE4->3f4de2de-7d09-498f-aead-42327df81d94: receive RaftClientReply:client-8CDCEDECFFE4->3f4de2de-7d09-498f-aead-42327df81d94@group-C7908E81CC6B, cid=3532, SUCCESS, logIndex=5047, commits[3f4de2de-7d09-498f-aead-42327df81d94:c5048]
2019-08-05 04:38:30,621 INFO  client.GrpcClientProtocolClient (GrpcClientProtocolClient.java:onNext(255)) - client-8CDCEDECFFE4->3f4de2de-7d09-498f-aead-42327df81d94: receive RaftClientReply:client-8CDCEDECFFE4->3f4de2de-7d09-498f-aead-42327df81d94@group-C7908E81CC6B, cid=3533, SUCCESS, logIndex=5049, commits[3f4de2de-7d09-498f-aead-42327df81d94:c5050]
2019-08-05 04:38:30,621 INFO  client.GrpcClientProtocolClient (GrpcClientProtocolClient.java:onNext(255)) - client-8CDCEDECFFE4->3f4de2de-7d09-498f-aead-42327df81d94: receive RaftClientReply:client-8CDCEDECFFE4->3f4de2de-7d09-498f-aead-42327df81d94@group-C7908E81CC6B, cid=3534, SUCCESS, logIndex=5050, commits[3f4de2de-7d09-498f-aead-42327df81d94:c5052]
2019-08-05 04:38:30,622 INFO  client.GrpcClientProtocolClient (GrpcClientProtocolClient.java:onNext(255)) - client-8CDCEDECFFE4->3f4de2de-7d09-498f-aead-42327df81d94: receive RaftClientReply:client-8CDCEDECFFE4->3f4de2de-7d09-498f-aead-42327df81d94@group-C7908E81CC6B, cid=3535, SUCCESS, logIndex=5051, commits[3f4de2de-7d09-498f-aead-42327df81d94:c5052]
2019-08-05 04:38:30,622 INFO  client.GrpcClientProtocolClient (GrpcClientProtocolClient.java:onNext(255)) - client-8CDCEDECFFE4->3f4de2de-7d09-498f-aead-42327df81d94: receive RaftClientReply:client-8CDCEDECFFE4->3f4de2de-7d09-498f-aead-42327df81d94@group-C7908E81CC6B, cid=3536, SUCCESS, logIndex=5052, commits[3f4de2de-7d09-498f-aead-42327df81d94:c5052]
2019-08-05 04:38:30,686 DEBUG block.SCMBlockDeletingService (SCMBlockDeletingService.java:call(138)) - Running DeletedBlockTransactionScanner
2019-08-05 04:38:30,687 DEBUG block.SCMBlockDeletingService (SCMBlockDeletingService.java:call(155)) - Scanned deleted blocks log and got 0 delTX to process.
2019-08-05 04:38:30,787 DEBUG block.SCMBlockDeletingService (SCMBlockDeletingService.java:call(138)) - Running DeletedBlockTransactionScanner
2019-08-05 04:38:30,787 DEBUG block.SCMBlockDeletingService (SCMBlockDeletingService.java:call(155)) - Scanned deleted blocks log and got 0 delTX to process.
2019-08-05 04:38:30,801 INFO  client.GrpcClientProtocolClient (GrpcClientProtocolClient.java:onNext(255)) - client-8CDCEDECFFE4->3f4de2de-7d09-498f-aead-42327df81d94: receive RaftClientReply:client-8CDCEDECFFE4->3f4de2de-7d09-498f-aead-42327df81d94@group-C7908E81CC6B, cid=3537, SUCCESS, logIndex=5055, commits[3f4de2de-7d09-498f-aead-42327df81d94:c5056]
2019-08-05 04:38:30,802 INFO  client.GrpcClientProtocolClient (GrpcClientProtocolClient.java:onNext(255)) - client-8CDCEDECFFE4->3f4de2de-7d09-498f-aead-42327df81d94: receive RaftClientReply:client-8CDCEDECFFE4->3f4de2de-7d09-498f-aead-42327df81d94@group-C7908E81CC6B, cid=3538, SUCCESS, logIndex=5056, commits[3f4de2de-7d09-498f-aead-42327df81d94:c5058]
2019-08-05 04:38:30,802 INFO  client.GrpcClientProtocolClient (GrpcClientProtocolClient.java:onNext(255)) - client-8CDCEDECFFE4->3f4de2de-7d09-498f-aead-42327df81d94: receive RaftClientReply:client-8CDCEDECFFE4->3f4de2de-7d09-498f-aead-42327df81d94@group-C7908E81CC6B, cid=3539, SUCCESS, logIndex=5057, commits[3f4de2de-7d09-498f-aead-42327df81d94:c5059]
2019-08-05 04:38:30,802 INFO  client.GrpcClientProtocolClient (GrpcClientProtocolClient.java:onNext(255)) - client-8CDCEDECFFE4->3f4de2de-7d09-498f-aead-42327df81d94: receive RaftClientReply:client-8CDCEDECFFE4->3f4de2de-7d09-498f-aead-42327df81d94@group-C7908E81CC6B, cid=3540, SUCCESS, logIndex=5058, commits[3f4de2de-7d09-498f-aead-42327df81d94:c5059]
2019-08-05 04:38:30,824 INFO  client.GrpcClientProtocolClient (GrpcClientProtocolClient.java:onNext(255)) - client-8CDCEDECFFE4->3f4de2de-7d09-498f-aead-42327df81d94: receive RaftClientReply:client-8CDCEDECFFE4->3f4de2de-7d09-498f-aead-42327df81d94@group-C7908E81CC6B, cid=3541, SUCCESS, logIndex=5061, commits[3f4de2de-7d09-498f-aead-42327df81d94:c5064]
2019-08-05 04:38:30,825 INFO  client.GrpcClientProtocolClient (GrpcClientProtocolClient.java:onNext(255)) - client-8CDCEDECFFE4->3f4de2de-7d09-498f-aead-42327df81d94: receive RaftClientReply:client-8CDCEDECFFE4->3f4de2de-7d09-498f-aead-42327df81d94@group-C7908E81CC6B, cid=3542, SUCCESS, logIndex=5062, commits[3f4de2de-7d09-498f-aead-42327df81d94:c5065]
2019-08-05 04:38:30,825 INFO  client.GrpcClientProtocolClient (GrpcClientProtocolClient.java:onNext(255)) - client-8CDCEDECFFE4->3f4de2de-7d09-498f-aead-42327df81d94: receive RaftClientReply:client-8CDCEDECFFE4->3f4de2de-7d09-498f-aead-42327df81d94@group-C7908E81CC6B, cid=3543, SUCCESS, logIndex=5063, commits[3f4de2de-7d09-498f-aead-42327df81d94:c5065]
2019-08-05 04:38:30,825 INFO  client.GrpcClientProtocolClient (GrpcClientProtocolClient.java:onNext(255)) - client-8CDCEDECFFE4->3f4de2de-7d09-498f-aead-42327df81d94: receive RaftClientReply:client-8CDCEDECFFE4->3f4de2de-7d09-498f-aead-42327df81d94@group-C7908E81CC6B, cid=3544, SUCCESS, logIndex=5064, commits[3f4de2de-7d09-498f-aead-42327df81d94:c5065]
2019-08-05 04:38:30,854 INFO  client.GrpcClientProtocolClient (GrpcClientProtocolClient.java:onNext(255)) - client-8CDCEDECFFE4->3f4de2de-7d09-498f-aead-42327df81d94: receive RaftClientReply:client-8CDCEDECFFE4->3f4de2de-7d09-498f-aead-42327df81d94@group-C7908E81CC6B, cid=3545, SUCCESS, logIndex=5066, commits[3f4de2de-7d09-498f-aead-42327df81d94:c5067]
2019-08-05 04:38:30,854 INFO  client.GrpcClientProtocolClient (GrpcClientProtocolClient.java:onNext(255)) - client-8CDCEDECFFE4->3f4de2de-7d09-498f-aead-42327df81d94: receive RaftClientReply:client-8CDCEDECFFE4->3f4de2de-7d09-498f-aead-42327df81d94@group-C7908E81CC6B, cid=3546, SUCCESS, logIndex=5067, commits[3f4de2de-7d09-498f-aead-42327df81d94:c5069]
2019-08-05 04:38:30,855 INFO  client.GrpcClientProtocolClient (GrpcClientProtocolClient.java:onNext(255)) - client-8CDCEDECFFE4->3f4de2de-7d09-498f-aead-42327df81d94: receive RaftClientReply:client-8CDCEDECFFE4->3f4de2de-7d09-498f-aead-42327df81d94@group-C7908E81CC6B, cid=3547, SUCCESS, logIndex=5068, commits[3f4de2de-7d09-498f-aead-42327df81d94:c5070]
2019-08-05 04:38:30,855 INFO  client.GrpcClientProtocolClient (GrpcClientProtocolClient.java:onNext(255)) - client-8CDCEDECFFE4->3f4de2de-7d09-498f-aead-42327df81d94: receive RaftClientReply:client-8CDCEDECFFE4->3f4de2de-7d09-498f-aead-42327df81d94@group-C7908E81CC6B, cid=3548, SUCCESS, logIndex=5069, commits[3f4de2de-7d09-498f-aead-42327df81d94:c5070]
2019-08-05 04:38:30,875 INFO  client.GrpcClientProtocolClient (GrpcClientProtocolClient.java:onNext(255)) - client-8CDCEDECFFE4->3f4de2de-7d09-498f-aead-42327df81d94: receive RaftClientReply:client-8CDCEDECFFE4->3f4de2de-7d09-498f-aead-42327df81d94@group-C7908E81CC6B, cid=3549, SUCCESS, logIndex=5072, commits[3f4de2de-7d09-498f-aead-42327df81d94:c5073]
2019-08-05 04:38:30,876 INFO  client.GrpcClientProtocolClient (GrpcClientProtocolClient.java:onNext(255)) - client-8CDCEDECFFE4->3f4de2de-7d09-498f-aead-42327df81d94: receive RaftClientReply:client-8CDCEDECFFE4->3f4de2de-7d09-498f-aead-42327df81d94@group-C7908E81CC6B, cid=3550, SUCCESS, logIndex=5073, commits[3f4de2de-7d09-498f-aead-42327df81d94:c5073]
2019-08-05 04:38:30,877 INFO  client.GrpcClientProtocolClient (GrpcClientProtocolClient.java:onNext(255)) - client-8CDCEDECFFE4->3f4de2de-7d09-498f-aead-42327df81d94: receive RaftClientReply:client-8CDCEDECFFE4->3f4de2de-7d09-498f-aead-42327df81d94@group-C7908E81CC6B, cid=3551, SUCCESS, logIndex=5074, commits[3f4de2de-7d09-498f-aead-42327df81d94:c5075]
2019-08-05 04:38:30,878 INFO  client.GrpcClientProtocolClient (GrpcClientProtocolClient.java:onNext(255)) - client-8CDCEDECFFE4->3f4de2de-7d09-498f-aead-42327df81d94: receive RaftClientReply:client-8CDCEDECFFE4->3f4de2de-7d09-498f-aead-42327df81d94@group-C7908E81CC6B, cid=3552, SUCCESS, logIndex=5075, commits[3f4de2de-7d09-498f-aead-42327df81d94:c5075]
2019-08-05 04:38:30,888 DEBUG block.SCMBlockDeletingService (SCMBlockDeletingService.java:call(138)) - Running DeletedBlockTransactionScanner
2019-08-05 04:38:30,888 DEBUG block.SCMBlockDeletingService (SCMBlockDeletingService.java:call(155)) - Scanned deleted blocks log and got 0 delTX to process.
2019-08-05 04:38:30,913 INFO  client.GrpcClientProtocolClient (GrpcClientProtocolClient.java:onNext(255)) - client-8CDCEDECFFE4->3f4de2de-7d09-498f-aead-42327df81d94: receive RaftClientReply:client-8CDCEDECFFE4->3f4de2de-7d09-498f-aead-42327df81d94@group-C7908E81CC6B, cid=3553, SUCCESS, logIndex=5078, commits[3f4de2de-7d09-498f-aead-42327df81d94:c5081]
2019-08-05 04:38:30,913 INFO  client.GrpcClientProtocolClient (GrpcClientProtocolClient.java:onNext(255)) - client-8CDCEDECFFE4->3f4de2de-7d09-498f-aead-42327df81d94: receive RaftClientReply:client-8CDCEDECFFE4->3f4de2de-7d09-498f-aead-42327df81d94@group-C7908E81CC6B, cid=3554, SUCCESS, logIndex=5079, commits[3f4de2de-7d09-498f-aead-42327df81d94:c5082]
2019-08-05 04:38:30,914 INFO  client.GrpcClientProtocolClient (GrpcClientProtocolClient.java:onNext(255)) - client-8CDCEDECFFE4->3f4de2de-7d09-498f-aead-42327df81d94: receive RaftClientReply:client-8CDCEDECFFE4->3f4de2de-7d09-498f-aead-42327df81d94@group-C7908E81CC6B, cid=3555, SUCCESS, logIndex=5080, commits[3f4de2de-7d09-498f-aead-42327df81d94:c5082]
2019-08-05 04:38:30,914 INFO  client.GrpcClientProtocolClient (GrpcClientProtocolClient.java:onNext(255)) - client-8CDCEDECFFE4->3f4de2de-7d09-498f-aead-42327df81d94: receive RaftClientReply:client-8CDCEDECFFE4->3f4de2de-7d09-498f-aead-42327df81d94@group-C7908E81CC6B, cid=3556, SUCCESS, logIndex=5081, commits[3f4de2de-7d09-498f-aead-42327df81d94:c5082]
2019-08-05 04:38:30,939 INFO  client.GrpcClientProtocolClient (GrpcClientProtocolClient.java:onNext(255)) - client-8CDCEDECFFE4->3f4de2de-7d09-498f-aead-42327df81d94: receive RaftClientReply:client-8CDCEDECFFE4->3f4de2de-7d09-498f-aead-42327df81d94@group-C7908E81CC6B, cid=3557, SUCCESS, logIndex=5083, commits[3f4de2de-7d09-498f-aead-42327df81d94:c5086]
2019-08-05 04:38:30,940 INFO  client.GrpcClientProtocolClient (GrpcClientProtocolClient.java:onNext(255)) - client-8CDCEDECFFE4->3f4de2de-7d09-498f-aead-42327df81d94: receive RaftClientReply:client-8CDCEDECFFE4->3f4de2de-7d09-498f-aead-42327df81d94@group-C7908E81CC6B, cid=3558, SUCCESS, logIndex=5084, commits[3f4de2de-7d09-498f-aead-42327df81d94:c5087]
2019-08-05 04:38:30,940 INFO  client.GrpcClientProtocolClient (GrpcClientProtocolClient.java:onNext(255)) - client-8CDCEDECFFE4->3f4de2de-7d09-498f-aead-42327df81d94: receive RaftClientReply:client-8CDCEDECFFE4->3f4de2de-7d09-498f-aead-42327df81d94@group-C7908E81CC6B, cid=3559, SUCCESS, logIndex=5085, commits[3f4de2de-7d09-498f-aead-42327df81d94:c5087]
2019-08-05 04:38:30,940 INFO  client.GrpcClientProtocolClient (GrpcClientProtocolClient.java:onNext(255)) - client-8CDCEDECFFE4->3f4de2de-7d09-498f-aead-42327df81d94: receive RaftClientReply:client-8CDCEDECFFE4->3f4de2de-7d09-498f-aead-42327df81d94@group-C7908E81CC6B, cid=3560, SUCCESS, logIndex=5086, commits[3f4de2de-7d09-498f-aead-42327df81d94:c5087]
2019-08-05 04:38:30,974 INFO  client.GrpcClientProtocolClient (GrpcClientProtocolClient.java:onNext(255)) - client-8CDCEDECFFE4->3f4de2de-7d09-498f-aead-42327df81d94: receive RaftClientReply:client-8CDCEDECFFE4->3f4de2de-7d09-498f-aead-42327df81d94@group-C7908E81CC6B, cid=3561, SUCCESS, logIndex=5088, commits[3f4de2de-7d09-498f-aead-42327df81d94:c5091]
2019-08-05 04:38:30,974 INFO  client.GrpcClientProtocolClient (GrpcClientProtocolClient.java:onNext(255)) - client-8CDCEDECFFE4->3f4de2de-7d09-498f-aead-42327df81d94: receive RaftClientReply:client-8CDCEDECFFE4->3f4de2de-7d09-498f-aead-42327df81d94@group-C7908E81CC6B, cid=3562, SUCCESS, logIndex=5089, commits[3f4de2de-7d09-498f-aead-42327df81d94:c5092]
2019-08-05 04:38:30,975 INFO  client.GrpcClientProtocolClient (GrpcClientProtocolClient.java:onNext(255)) - client-8CDCEDECFFE4->3f4de2de-7d09-498f-aead-42327df81d94: receive RaftClientReply:client-8CDCEDECFFE4->3f4de2de-7d09-498f-aead-42327df81d94@group-C7908E81CC6B, cid=3563, SUCCESS, logIndex=5090, commits[3f4de2de-7d09-498f-aead-42327df81d94:c5092]
2019-08-05 04:38:30,975 INFO  client.GrpcClientProtocolClient (GrpcClientProtocolClient.java:onNext(255)) - client-8CDCEDECFFE4->3f4de2de-7d09-498f-aead-42327df81d94: receive RaftClientReply:client-8CDCEDECFFE4->3f4de2de-7d09-498f-aead-42327df81d94@group-C7908E81CC6B, cid=3564, SUCCESS, logIndex=5091, commits[3f4de2de-7d09-498f-aead-42327df81d94:c5092]
2019-08-05 04:38:30,988 DEBUG block.SCMBlockDeletingService (SCMBlockDeletingService.java:call(138)) - Running DeletedBlockTransactionScanner
2019-08-05 04:38:30,989 DEBUG block.SCMBlockDeletingService (SCMBlockDeletingService.java:call(155)) - Scanned deleted blocks log and got 0 delTX to process.
2019-08-05 04:38:31,007 INFO  client.GrpcClientProtocolClient (GrpcClientProtocolClient.java:onNext(255)) - client-8CDCEDECFFE4->3f4de2de-7d09-498f-aead-42327df81d94: receive RaftClientReply:client-8CDCEDECFFE4->3f4de2de-7d09-498f-aead-42327df81d94@group-C7908E81CC6B, cid=3565, SUCCESS, logIndex=5093, commits[3f4de2de-7d09-498f-aead-42327df81d94:c5094]
2019-08-05 04:38:31,008 INFO  client.GrpcClientProtocolClient (GrpcClientProtocolClient.java:onNext(255)) - client-8CDCEDECFFE4->3f4de2de-7d09-498f-aead-42327df81d94: receive RaftClientReply:client-8CDCEDECFFE4->3f4de2de-7d09-498f-aead-42327df81d94@group-C7908E81CC6B, cid=3566, SUCCESS, logIndex=5094, commits[3f4de2de-7d09-498f-aead-42327df81d94:c5094]
2019-08-05 04:38:31,009 INFO  client.GrpcClientProtocolClient (GrpcClientProtocolClient.java:onNext(255)) - client-8CDCEDECFFE4->3f4de2de-7d09-498f-aead-42327df81d94: receive RaftClientReply:client-8CDCEDECFFE4->3f4de2de-7d09-498f-aead-42327df81d94@group-C7908E81CC6B, cid=3567, SUCCESS, logIndex=5095, commits[3f4de2de-7d09-498f-aead-42327df81d94:c5096]
2019-08-05 04:38:31,010 INFO  client.GrpcClientProtocolClient (GrpcClientProtocolClient.java:onNext(255)) - client-8CDCEDECFFE4->3f4de2de-7d09-498f-aead-42327df81d94: receive RaftClientReply:client-8CDCEDECFFE4->3f4de2de-7d09-498f-aead-42327df81d94@group-C7908E81CC6B, cid=3568, SUCCESS, logIndex=5096, commits[3f4de2de-7d09-498f-aead-42327df81d94:c5096]
2019-08-05 04:38:31,041 INFO  client.GrpcClientProtocolClient (GrpcClientProtocolClient.java:onNext(255)) - client-8CDCEDECFFE4->3f4de2de-7d09-498f-aead-42327df81d94: receive RaftClientReply:client-8CDCEDECFFE4->3f4de2de-7d09-498f-aead-42327df81d94@group-C7908E81CC6B, cid=3569, SUCCESS, logIndex=5099, commits[3f4de2de-7d09-498f-aead-42327df81d94:c5100]
2019-08-05 04:38:31,042 INFO  client.GrpcClientProtocolClient (GrpcClientProtocolClient.java:onNext(255)) - client-8CDCEDECFFE4->3f4de2de-7d09-498f-aead-42327df81d94: receive RaftClientReply:client-8CDCEDECFFE4->3f4de2de-7d09-498f-aead-42327df81d94@group-C7908E81CC6B, cid=3570, SUCCESS, logIndex=5100, commits[3f4de2de-7d09-498f-aead-42327df81d94:c5100]
2019-08-05 04:38:31,043 INFO  client.GrpcClientProtocolClient (GrpcClientProtocolClient.java:onNext(255)) - client-8CDCEDECFFE4->3f4de2de-7d09-498f-aead-42327df81d94: receive RaftClientReply:client-8CDCEDECFFE4->3f4de2de-7d09-498f-aead-42327df81d94@group-C7908E81CC6B, cid=3571, SUCCESS, logIndex=5101, commits[3f4de2de-7d09-498f-aead-42327df81d94:c5102]
2019-08-05 04:38:31,044 INFO  client.GrpcClientProtocolClient (GrpcClientProtocolClient.java:onNext(255)) - client-8CDCEDECFFE4->3f4de2de-7d09-498f-aead-42327df81d94: receive RaftClientReply:client-8CDCEDECFFE4->3f4de2de-7d09-498f-aead-42327df81d94@group-C7908E81CC6B, cid=3572, SUCCESS, logIndex=5102, commits[3f4de2de-7d09-498f-aead-42327df81d94:c5102]
2019-08-05 04:38:31,067 INFO  client.GrpcClientProtocolClient (GrpcClientProtocolClient.java:onNext(255)) - client-8CDCEDECFFE4->3f4de2de-7d09-498f-aead-42327df81d94: receive RaftClientReply:client-8CDCEDECFFE4->3f4de2de-7d09-498f-aead-42327df81d94@group-C7908E81CC6B, cid=3573, SUCCESS, logIndex=5105, commits[3f4de2de-7d09-498f-aead-42327df81d94:c5108]
2019-08-05 04:38:31,067 INFO  client.GrpcClientProtocolClient (GrpcClientProtocolClient.java:onNext(255)) - client-8CDCEDECFFE4->3f4de2de-7d09-498f-aead-42327df81d94: receive RaftClientReply:client-8CDCEDECFFE4->3f4de2de-7d09-498f-aead-42327df81d94@group-C7908E81CC6B, cid=3574, SUCCESS, logIndex=5106, commits[3f4de2de-7d09-498f-aead-42327df81d94:c5108]
2019-08-05 04:38:31,068 INFO  client.GrpcClientProtocolClient (GrpcClientProtocolClient.java:onNext(255)) - client-8CDCEDECFFE4->3f4de2de-7d09-498f-aead-42327df81d94: receive RaftClientReply:client-8CDCEDECFFE4->3f4de2de-7d09-498f-aead-42327df81d94@group-C7908E81CC6B, cid=3575, SUCCESS, logIndex=5107, commits[3f4de2de-7d09-498f-aead-42327df81d94:c5109]
2019-08-05 04:38:31,068 INFO  client.GrpcClientProtocolClient (GrpcClientProtocolClient.java:onNext(255)) - client-8CDCEDECFFE4->3f4de2de-7d09-498f-aead-42327df81d94: receive RaftClientReply:client-8CDCEDECFFE4->3f4de2de-7d09-498f-aead-42327df81d94@group-C7908E81CC6B, cid=3576, SUCCESS, logIndex=5108, commits[3f4de2de-7d09-498f-aead-42327df81d94:c5109]
2019-08-05 04:38:31,089 DEBUG block.SCMBlockDeletingService (SCMBlockDeletingService.java:call(138)) - Running DeletedBlockTransactionScanner
2019-08-05 04:38:31,089 DEBUG block.SCMBlockDeletingService (SCMBlockDeletingService.java:call(155)) - Scanned deleted blocks log and got 0 delTX to process.
2019-08-05 04:38:31,100 INFO  client.GrpcClientProtocolClient (GrpcClientProtocolClient.java:onNext(255)) - client-8CDCEDECFFE4->3f4de2de-7d09-498f-aead-42327df81d94: receive RaftClientReply:client-8CDCEDECFFE4->3f4de2de-7d09-498f-aead-42327df81d94@group-C7908E81CC6B, cid=3577, SUCCESS, logIndex=5110, commits[3f4de2de-7d09-498f-aead-42327df81d94:c5111]
2019-08-05 04:38:31,101 INFO  client.GrpcClientProtocolClient (GrpcClientProtocolClient.java:onNext(255)) - client-8CDCEDECFFE4->3f4de2de-7d09-498f-aead-42327df81d94: receive RaftClientReply:client-8CDCEDECFFE4->3f4de2de-7d09-498f-aead-42327df81d94@group-C7908E81CC6B, cid=3578, SUCCESS, logIndex=5111, commits[3f4de2de-7d09-498f-aead-42327df81d94:c5113]
2019-08-05 04:38:31,101 INFO  client.GrpcClientProtocolClient (GrpcClientProtocolClient.java:onNext(255)) - client-8CDCEDECFFE4->3f4de2de-7d09-498f-aead-42327df81d94: receive RaftClientReply:client-8CDCEDECFFE4->3f4de2de-7d09-498f-aead-42327df81d94@group-C7908E81CC6B, cid=3579, SUCCESS, logIndex=5112, commits[3f4de2de-7d09-498f-aead-42327df81d94:c5114]
2019-08-05 04:38:31,101 INFO  client.GrpcClientProtocolClient (GrpcClientProtocolClient.java:onNext(255)) - client-8CDCEDECFFE4->3f4de2de-7d09-498f-aead-42327df81d94: receive RaftClientReply:client-8CDCEDECFFE4->3f4de2de-7d09-498f-aead-42327df81d94@group-C7908E81CC6B, cid=3580, SUCCESS, logIndex=5113, commits[3f4de2de-7d09-498f-aead-42327df81d94:c5115]
2019-08-05 04:38:31,190 DEBUG block.SCMBlockDeletingService (SCMBlockDeletingService.java:call(138)) - Running DeletedBlockTransactionScanner
2019-08-05 04:38:31,190 DEBUG block.SCMBlockDeletingService (SCMBlockDeletingService.java:call(155)) - Scanned deleted blocks log and got 0 delTX to process.
2019-08-05 04:38:31,231 INFO  client.GrpcClientProtocolClient (GrpcClientProtocolClient.java:onNext(255)) - client-8CDCEDECFFE4->3f4de2de-7d09-498f-aead-42327df81d94: receive RaftClientReply:client-8CDCEDECFFE4->3f4de2de-7d09-498f-aead-42327df81d94@group-C7908E81CC6B, cid=3581, SUCCESS, logIndex=5116, commits[3f4de2de-7d09-498f-aead-42327df81d94:c5119]
2019-08-05 04:38:31,232 INFO  client.GrpcClientProtocolClient (GrpcClientProtocolClient.java:onNext(255)) - client-8CDCEDECFFE4->3f4de2de-7d09-498f-aead-42327df81d94: receive RaftClientReply:client-8CDCEDECFFE4->3f4de2de-7d09-498f-aead-42327df81d94@group-C7908E81CC6B, cid=3582, SUCCESS, logIndex=5117, commits[3f4de2de-7d09-498f-aead-42327df81d94:c5120]
2019-08-05 04:38:31,232 INFO  client.GrpcClientProtocolClient (GrpcClientProtocolClient.java:onNext(255)) - client-8CDCEDECFFE4->3f4de2de-7d09-498f-aead-42327df81d94: receive RaftClientReply:client-8CDCEDECFFE4->3f4de2de-7d09-498f-aead-42327df81d94@group-C7908E81CC6B, cid=3583, SUCCESS, logIndex=5118, commits[3f4de2de-7d09-498f-aead-42327df81d94:c5120]
2019-08-05 04:38:31,232 INFO  client.GrpcClientProtocolClient (GrpcClientProtocolClient.java:onNext(255)) - client-8CDCEDECFFE4->3f4de2de-7d09-498f-aead-42327df81d94: receive RaftClientReply:client-8CDCEDECFFE4->3f4de2de-7d09-498f-aead-42327df81d94@group-C7908E81CC6B, cid=3584, SUCCESS, logIndex=5119, commits[3f4de2de-7d09-498f-aead-42327df81d94:c5120]
2019-08-05 04:38:31,265 INFO  client.GrpcClientProtocolClient (GrpcClientProtocolClient.java:onNext(255)) - client-8CDCEDECFFE4->3f4de2de-7d09-498f-aead-42327df81d94: receive RaftClientReply:client-8CDCEDECFFE4->3f4de2de-7d09-498f-aead-42327df81d94@group-C7908E81CC6B, cid=3585, SUCCESS, logIndex=5121, commits[3f4de2de-7d09-498f-aead-42327df81d94:c5124]
2019-08-05 04:38:31,265 INFO  client.GrpcClientProtocolClient (GrpcClientProtocolClient.java:onNext(255)) - client-8CDCEDECFFE4->3f4de2de-7d09-498f-aead-42327df81d94: receive RaftClientReply:client-8CDCEDECFFE4->3f4de2de-7d09-498f-aead-42327df81d94@group-C7908E81CC6B, cid=3586, SUCCESS, logIndex=5122, commits[3f4de2de-7d09-498f-aead-42327df81d94:c5125]
2019-08-05 04:38:31,266 INFO  client.GrpcClientProtocolClient (GrpcClientProtocolClient.java:onNext(255)) - client-8CDCEDECFFE4->3f4de2de-7d09-498f-aead-42327df81d94: receive RaftClientReply:client-8CDCEDECFFE4->3f4de2de-7d09-498f-aead-42327df81d94@group-C7908E81CC6B, cid=3587, SUCCESS, logIndex=5123, commits[3f4de2de-7d09-498f-aead-42327df81d94:c5125]
2019-08-05 04:38:31,266 INFO  client.GrpcClientProtocolClient (GrpcClientProtocolClient.java:onNext(255)) - client-8CDCEDECFFE4->3f4de2de-7d09-498f-aead-42327df81d94: receive RaftClientReply:client-8CDCEDECFFE4->3f4de2de-7d09-498f-aead-42327df81d94@group-C7908E81CC6B, cid=3588, SUCCESS, logIndex=5124, commits[3f4de2de-7d09-498f-aead-42327df81d94:c5125]
2019-08-05 04:38:31,286 INFO  client.GrpcClientProtocolClient (GrpcClientProtocolClient.java:onNext(255)) - client-8CDCEDECFFE4->3f4de2de-7d09-498f-aead-42327df81d94: receive RaftClientReply:client-8CDCEDECFFE4->3f4de2de-7d09-498f-aead-42327df81d94@group-C7908E81CC6B, cid=3589, SUCCESS, logIndex=5126, commits[3f4de2de-7d09-498f-aead-42327df81d94:c5127]
2019-08-05 04:38:31,287 INFO  client.GrpcClientProtocolClient (GrpcClientProtocolClient.java:onNext(255)) - client-8CDCEDECFFE4->3f4de2de-7d09-498f-aead-42327df81d94: receive RaftClientReply:client-8CDCEDECFFE4->3f4de2de-7d09-498f-aead-42327df81d94@group-C7908E81CC6B, cid=3590, SUCCESS, logIndex=5127, commits[3f4de2de-7d09-498f-aead-42327df81d94:c5129]
2019-08-05 04:38:31,287 INFO  client.GrpcClientProtocolClient (GrpcClientProtocolClient.java:onNext(255)) - client-8CDCEDECFFE4->3f4de2de-7d09-498f-aead-42327df81d94: receive RaftClientReply:client-8CDCEDECFFE4->3f4de2de-7d09-498f-aead-42327df81d94@group-C7908E81CC6B, cid=3591, SUCCESS, logIndex=5128, commits[3f4de2de-7d09-498f-aead-42327df81d94:c5129]
2019-08-05 04:38:31,287 INFO  client.GrpcClientProtocolClient (GrpcClientProtocolClient.java:onNext(255)) - client-8CDCEDECFFE4->3f4de2de-7d09-498f-aead-42327df81d94: receive RaftClientReply:client-8CDCEDECFFE4->3f4de2de-7d09-498f-aead-42327df81d94@group-C7908E81CC6B, cid=3592, SUCCESS, logIndex=5129, commits[3f4de2de-7d09-498f-aead-42327df81d94:c5130]
2019-08-05 04:38:31,290 DEBUG block.SCMBlockDeletingService (SCMBlockDeletingService.java:call(138)) - Running DeletedBlockTransactionScanner
2019-08-05 04:38:31,291 DEBUG block.SCMBlockDeletingService (SCMBlockDeletingService.java:call(155)) - Scanned deleted blocks log and got 0 delTX to process.
2019-08-05 04:38:31,318 INFO  client.GrpcClientProtocolClient (GrpcClientProtocolClient.java:onNext(255)) - client-8CDCEDECFFE4->3f4de2de-7d09-498f-aead-42327df81d94: receive RaftClientReply:client-8CDCEDECFFE4->3f4de2de-7d09-498f-aead-42327df81d94@group-C7908E81CC6B, cid=3593, SUCCESS, logIndex=5132, commits[3f4de2de-7d09-498f-aead-42327df81d94:c5133]
2019-08-05 04:38:31,319 INFO  client.GrpcClientProtocolClient (GrpcClientProtocolClient.java:onNext(255)) - client-8CDCEDECFFE4->3f4de2de-7d09-498f-aead-42327df81d94: receive RaftClientReply:client-8CDCEDECFFE4->3f4de2de-7d09-498f-aead-42327df81d94@group-C7908E81CC6B, cid=3594, SUCCESS, logIndex=5133, commits[3f4de2de-7d09-498f-aead-42327df81d94:c5133]
2019-08-05 04:38:31,320 INFO  client.GrpcClientProtocolClient (GrpcClientProtocolClient.java:onNext(255)) - client-8CDCEDECFFE4->3f4de2de-7d09-498f-aead-42327df81d94: receive RaftClientReply:client-8CDCEDECFFE4->3f4de2de-7d09-498f-aead-42327df81d94@group-C7908E81CC6B, cid=3595, SUCCESS, logIndex=5134, commits[3f4de2de-7d09-498f-aead-42327df81d94:c5135]
2019-08-05 04:38:31,321 INFO  client.GrpcClientProtocolClient (GrpcClientProtocolClient.java:onNext(255)) - client-8CDCEDECFFE4->3f4de2de-7d09-498f-aead-42327df81d94: receive RaftClientReply:client-8CDCEDECFFE4->3f4de2de-7d09-498f-aead-42327df81d94@group-C7908E81CC6B, cid=3596, SUCCESS, logIndex=5135, commits[3f4de2de-7d09-498f-aead-42327df81d94:c5135]
2019-08-05 04:38:31,335 INFO  client.GrpcClientProtocolClient (GrpcClientProtocolClient.java:onNext(255)) - client-8CDCEDECFFE4->3f4de2de-7d09-498f-aead-42327df81d94: receive RaftClientReply:client-8CDCEDECFFE4->3f4de2de-7d09-498f-aead-42327df81d94@group-C7908E81CC6B, cid=3597, SUCCESS, logIndex=5138, commits[3f4de2de-7d09-498f-aead-42327df81d94:c5141]
2019-08-05 04:38:31,335 INFO  client.GrpcClientProtocolClient (GrpcClientProtocolClient.java:onNext(255)) - client-8CDCEDECFFE4->3f4de2de-7d09-498f-aead-42327df81d94: receive RaftClientReply:client-8CDCEDECFFE4->3f4de2de-7d09-498f-aead-42327df81d94@group-C7908E81CC6B, cid=3598, SUCCESS, logIndex=5139, commits[3f4de2de-7d09-498f-aead-42327df81d94:c5141]
2019-08-05 04:38:31,336 INFO  client.GrpcClientProtocolClient (GrpcClientProtocolClient.java:onNext(255)) - client-8CDCEDECFFE4->3f4de2de-7d09-498f-aead-42327df81d94: receive RaftClientReply:client-8CDCEDECFFE4->3f4de2de-7d09-498f-aead-42327df81d94@group-C7908E81CC6B, cid=3599, SUCCESS, logIndex=5140, commits[3f4de2de-7d09-498f-aead-42327df81d94:c5142]
2019-08-05 04:38:31,336 INFO  client.GrpcClientProtocolClient (GrpcClientProtocolClient.java:onNext(255)) - client-8CDCEDECFFE4->3f4de2de-7d09-498f-aead-42327df81d94: receive RaftClientReply:client-8CDCEDECFFE4->3f4de2de-7d09-498f-aead-42327df81d94@group-C7908E81CC6B, cid=3600, SUCCESS, logIndex=5141, commits[3f4de2de-7d09-498f-aead-42327df81d94:c5142]
2019-08-05 04:38:31,366 INFO  client.GrpcClientProtocolClient (GrpcClientProtocolClient.java:onNext(255)) - client-8CDCEDECFFE4->3f4de2de-7d09-498f-aead-42327df81d94: receive RaftClientReply:client-8CDCEDECFFE4->3f4de2de-7d09-498f-aead-42327df81d94@group-C7908E81CC6B, cid=3601, SUCCESS, logIndex=5143, commits[3f4de2de-7d09-498f-aead-42327df81d94:c5146]
2019-08-05 04:38:31,366 INFO  client.GrpcClientProtocolClient (GrpcClientProtocolClient.java:onNext(255)) - client-8CDCEDECFFE4->3f4de2de-7d09-498f-aead-42327df81d94: receive RaftClientReply:client-8CDCEDECFFE4->3f4de2de-7d09-498f-aead-42327df81d94@group-C7908E81CC6B, cid=3602, SUCCESS, logIndex=5144, commits[3f4de2de-7d09-498f-aead-42327df81d94:c5146]
2019-08-05 04:38:31,367 INFO  client.GrpcClientProtocolClient (GrpcClientProtocolClient.java:onNext(255)) - client-8CDCEDECFFE4->3f4de2de-7d09-498f-aead-42327df81d94: receive RaftClientReply:client-8CDCEDECFFE4->3f4de2de-7d09-498f-aead-42327df81d94@group-C7908E81CC6B, cid=3603, SUCCESS, logIndex=5145, commits[3f4de2de-7d09-498f-aead-42327df81d94:c5147]
2019-08-05 04:38:31,367 INFO  client.GrpcClientProtocolClient (GrpcClientProtocolClient.java:onNext(255)) - client-8CDCEDECFFE4->3f4de2de-7d09-498f-aead-42327df81d94: receive RaftClientReply:client-8CDCEDECFFE4->3f4de2de-7d09-498f-aead-42327df81d94@group-C7908E81CC6B, cid=3604, SUCCESS, logIndex=5146, commits[3f4de2de-7d09-498f-aead-42327df81d94:c5148]
2019-08-05 04:38:31,386 INFO  client.GrpcClientProtocolClient (GrpcClientProtocolClient.java:onNext(255)) - client-8CDCEDECFFE4->3f4de2de-7d09-498f-aead-42327df81d94: receive RaftClientReply:client-8CDCEDECFFE4->3f4de2de-7d09-498f-aead-42327df81d94@group-C7908E81CC6B, cid=3605, SUCCESS, logIndex=5149, commits[3f4de2de-7d09-498f-aead-42327df81d94:c5150]
2019-08-05 04:38:31,386 INFO  client.GrpcClientProtocolClient (GrpcClientProtocolClient.java:onNext(255)) - client-8CDCEDECFFE4->3f4de2de-7d09-498f-aead-42327df81d94: receive RaftClientReply:client-8CDCEDECFFE4->3f4de2de-7d09-498f-aead-42327df81d94@group-C7908E81CC6B, cid=3606, SUCCESS, logIndex=5150, commits[3f4de2de-7d09-498f-aead-42327df81d94:c5152]
2019-08-05 04:38:31,387 INFO  client.GrpcClientProtocolClient (GrpcClientProtocolClient.java:onNext(255)) - client-8CDCEDECFFE4->3f4de2de-7d09-498f-aead-42327df81d94: receive RaftClientReply:client-8CDCEDECFFE4->3f4de2de-7d09-498f-aead-42327df81d94@group-C7908E81CC6B, cid=3607, SUCCESS, logIndex=5151, commits[3f4de2de-7d09-498f-aead-42327df81d94:c5153]
2019-08-05 04:38:31,387 INFO  client.GrpcClientProtocolClient (GrpcClientProtocolClient.java:onNext(255)) - client-8CDCEDECFFE4->3f4de2de-7d09-498f-aead-42327df81d94: receive RaftClientReply:client-8CDCEDECFFE4->3f4de2de-7d09-498f-aead-42327df81d94@group-C7908E81CC6B, cid=3608, SUCCESS, logIndex=5152, commits[3f4de2de-7d09-498f-aead-42327df81d94:c5153]
2019-08-05 04:38:31,391 DEBUG block.SCMBlockDeletingService (SCMBlockDeletingService.java:call(138)) - Running DeletedBlockTransactionScanner
2019-08-05 04:38:31,391 DEBUG block.SCMBlockDeletingService (SCMBlockDeletingService.java:call(155)) - Scanned deleted blocks log and got 0 delTX to process.
2019-08-05 04:38:31,416 INFO  client.GrpcClientProtocolClient (GrpcClientProtocolClient.java:onNext(255)) - client-8CDCEDECFFE4->3f4de2de-7d09-498f-aead-42327df81d94: receive RaftClientReply:client-8CDCEDECFFE4->3f4de2de-7d09-498f-aead-42327df81d94@group-C7908E81CC6B, cid=3609, SUCCESS, logIndex=5155, commits[3f4de2de-7d09-498f-aead-42327df81d94:c5156]
2019-08-05 04:38:31,417 INFO  client.GrpcClientProtocolClient (GrpcClientProtocolClient.java:onNext(255)) - client-8CDCEDECFFE4->3f4de2de-7d09-498f-aead-42327df81d94: receive RaftClientReply:client-8CDCEDECFFE4->3f4de2de-7d09-498f-aead-42327df81d94@group-C7908E81CC6B, cid=3610, SUCCESS, logIndex=5156, commits[3f4de2de-7d09-498f-aead-42327df81d94:c5158]
2019-08-05 04:38:31,417 INFO  client.GrpcClientProtocolClient (GrpcClientProtocolClient.java:onNext(255)) - client-8CDCEDECFFE4->3f4de2de-7d09-498f-aead-42327df81d94: receive RaftClientReply:client-8CDCEDECFFE4->3f4de2de-7d09-498f-aead-42327df81d94@group-C7908E81CC6B, cid=3611, SUCCESS, logIndex=5157, commits[3f4de2de-7d09-498f-aead-42327df81d94:c5159]
2019-08-05 04:38:31,418 INFO  client.GrpcClientProtocolClient (GrpcClientProtocolClient.java:onNext(255)) - client-8CDCEDECFFE4->3f4de2de-7d09-498f-aead-42327df81d94: receive RaftClientReply:client-8CDCEDECFFE4->3f4de2de-7d09-498f-aead-42327df81d94@group-C7908E81CC6B, cid=3612, SUCCESS, logIndex=5158, commits[3f4de2de-7d09-498f-aead-42327df81d94:c5159]
2019-08-05 04:38:31,437 INFO  client.GrpcClientProtocolClient (GrpcClientProtocolClient.java:onNext(255)) - client-8CDCEDECFFE4->3f4de2de-7d09-498f-aead-42327df81d94: receive RaftClientReply:client-8CDCEDECFFE4->3f4de2de-7d09-498f-aead-42327df81d94@group-C7908E81CC6B, cid=3613, SUCCESS, logIndex=5161, commits[3f4de2de-7d09-498f-aead-42327df81d94:c5162]
2019-08-05 04:38:31,437 INFO  client.GrpcClientProtocolClient (GrpcClientProtocolClient.java:onNext(255)) - client-8CDCEDECFFE4->3f4de2de-7d09-498f-aead-42327df81d94: receive RaftClientReply:client-8CDCEDECFFE4->3f4de2de-7d09-498f-aead-42327df81d94@group-C7908E81CC6B, cid=3614, SUCCESS, logIndex=5162, commits[3f4de2de-7d09-498f-aead-42327df81d94:c5164]
2019-08-05 04:38:31,438 INFO  client.GrpcClientProtocolClient (GrpcClientProtocolClient.java:onNext(255)) - client-8CDCEDECFFE4->3f4de2de-7d09-498f-aead-42327df81d94: receive RaftClientReply:client-8CDCEDECFFE4->3f4de2de-7d09-498f-aead-42327df81d94@group-C7908E81CC6B, cid=3615, SUCCESS, logIndex=5163, commits[3f4de2de-7d09-498f-aead-42327df81d94:c5164]
2019-08-05 04:38:31,438 INFO  client.GrpcClientProtocolClient (GrpcClientProtocolClient.java:onNext(255)) - client-8CDCEDECFFE4->3f4de2de-7d09-498f-aead-42327df81d94: receive RaftClientReply:client-8CDCEDECFFE4->3f4de2de-7d09-498f-aead-42327df81d94@group-C7908E81CC6B, cid=3616, SUCCESS, logIndex=5164, commits[3f4de2de-7d09-498f-aead-42327df81d94:c5165]
2019-08-05 04:38:31,469 INFO  client.GrpcClientProtocolClient (GrpcClientProtocolClient.java:onNext(255)) - client-8CDCEDECFFE4->3f4de2de-7d09-498f-aead-42327df81d94: receive RaftClientReply:client-8CDCEDECFFE4->3f4de2de-7d09-498f-aead-42327df81d94@group-C7908E81CC6B, cid=3617, SUCCESS, logIndex=5167, commits[3f4de2de-7d09-498f-aead-42327df81d94:c5168]
2019-08-05 04:38:31,469 INFO  client.GrpcClientProtocolClient (GrpcClientProtocolClient.java:onNext(255)) - client-8CDCEDECFFE4->3f4de2de-7d09-498f-aead-42327df81d94: receive RaftClientReply:client-8CDCEDECFFE4->3f4de2de-7d09-498f-aead-42327df81d94@group-C7908E81CC6B, cid=3618, SUCCESS, logIndex=5168, commits[3f4de2de-7d09-498f-aead-42327df81d94:c5170]
2019-08-05 04:38:31,470 INFO  client.GrpcClientProtocolClient (GrpcClientProtocolClient.java:onNext(255)) - client-8CDCEDECFFE4->3f4de2de-7d09-498f-aead-42327df81d94: receive RaftClientReply:client-8CDCEDECFFE4->3f4de2de-7d09-498f-aead-42327df81d94@group-C7908E81CC6B, cid=3619, SUCCESS, logIndex=5169, commits[3f4de2de-7d09-498f-aead-42327df81d94:c5171]
2019-08-05 04:38:31,470 INFO  client.GrpcClientProtocolClient (GrpcClientProtocolClient.java:onNext(255)) - client-8CDCEDECFFE4->3f4de2de-7d09-498f-aead-42327df81d94: receive RaftClientReply:client-8CDCEDECFFE4->3f4de2de-7d09-498f-aead-42327df81d94@group-C7908E81CC6B, cid=3620, SUCCESS, logIndex=5170, commits[3f4de2de-7d09-498f-aead-42327df81d94:c5171]
2019-08-05 04:38:31,491 DEBUG block.SCMBlockDeletingService (SCMBlockDeletingService.java:call(138)) - Running DeletedBlockTransactionScanner
2019-08-05 04:38:31,492 DEBUG block.SCMBlockDeletingService (SCMBlockDeletingService.java:call(155)) - Scanned deleted blocks log and got 0 delTX to process.
2019-08-05 04:38:31,493 INFO  client.GrpcClientProtocolClient (GrpcClientProtocolClient.java:onNext(255)) - client-8CDCEDECFFE4->3f4de2de-7d09-498f-aead-42327df81d94: receive RaftClientReply:client-8CDCEDECFFE4->3f4de2de-7d09-498f-aead-42327df81d94@group-C7908E81CC6B, cid=3621, SUCCESS, logIndex=5173, commits[3f4de2de-7d09-498f-aead-42327df81d94:c5174]
2019-08-05 04:38:31,493 INFO  client.GrpcClientProtocolClient (GrpcClientProtocolClient.java:onNext(255)) - client-8CDCEDECFFE4->3f4de2de-7d09-498f-aead-42327df81d94: receive RaftClientReply:client-8CDCEDECFFE4->3f4de2de-7d09-498f-aead-42327df81d94@group-C7908E81CC6B, cid=3622, SUCCESS, logIndex=5174, commits[3f4de2de-7d09-498f-aead-42327df81d94:c5174]
2019-08-05 04:38:31,495 INFO  client.GrpcClientProtocolClient (GrpcClientProtocolClient.java:onNext(255)) - client-8CDCEDECFFE4->3f4de2de-7d09-498f-aead-42327df81d94: receive RaftClientReply:client-8CDCEDECFFE4->3f4de2de-7d09-498f-aead-42327df81d94@group-C7908E81CC6B, cid=3623, SUCCESS, logIndex=5175, commits[3f4de2de-7d09-498f-aead-42327df81d94:c5176]
2019-08-05 04:38:31,495 INFO  client.GrpcClientProtocolClient (GrpcClientProtocolClient.java:onNext(255)) - client-8CDCEDECFFE4->3f4de2de-7d09-498f-aead-42327df81d94: receive RaftClientReply:client-8CDCEDECFFE4->3f4de2de-7d09-498f-aead-42327df81d94@group-C7908E81CC6B, cid=3624, SUCCESS, logIndex=5176, commits[3f4de2de-7d09-498f-aead-42327df81d94:c5176]
2019-08-05 04:38:31,592 DEBUG block.SCMBlockDeletingService (SCMBlockDeletingService.java:call(138)) - Running DeletedBlockTransactionScanner
2019-08-05 04:38:31,592 DEBUG block.SCMBlockDeletingService (SCMBlockDeletingService.java:call(155)) - Scanned deleted blocks log and got 0 delTX to process.
2019-08-05 04:38:31,693 DEBUG block.SCMBlockDeletingService (SCMBlockDeletingService.java:call(138)) - Running DeletedBlockTransactionScanner
2019-08-05 04:38:31,693 DEBUG block.SCMBlockDeletingService (SCMBlockDeletingService.java:call(155)) - Scanned deleted blocks log and got 0 delTX to process.
2019-08-05 04:38:31,697 INFO  client.GrpcClientProtocolClient (GrpcClientProtocolClient.java:onNext(255)) - client-8CDCEDECFFE4->3f4de2de-7d09-498f-aead-42327df81d94: receive RaftClientReply:client-8CDCEDECFFE4->3f4de2de-7d09-498f-aead-42327df81d94@group-C7908E81CC6B, cid=3625, SUCCESS, logIndex=5179, commits[3f4de2de-7d09-498f-aead-42327df81d94:c5182]
2019-08-05 04:38:31,698 INFO  client.GrpcClientProtocolClient (GrpcClientProtocolClient.java:onNext(255)) - client-8CDCEDECFFE4->3f4de2de-7d09-498f-aead-42327df81d94: receive RaftClientReply:client-8CDCEDECFFE4->3f4de2de-7d09-498f-aead-42327df81d94@group-C7908E81CC6B, cid=3626, SUCCESS, logIndex=5180, commits[3f4de2de-7d09-498f-aead-42327df81d94:c5183]
2019-08-05 04:38:31,699 INFO  client.GrpcClientProtocolClient (GrpcClientProtocolClient.java:onNext(255)) - client-8CDCEDECFFE4->3f4de2de-7d09-498f-aead-42327df81d94: receive RaftClientReply:client-8CDCEDECFFE4->3f4de2de-7d09-498f-aead-42327df81d94@group-C7908E81CC6B, cid=3627, SUCCESS, logIndex=5181, commits[3f4de2de-7d09-498f-aead-42327df81d94:c5183]
2019-08-05 04:38:31,699 INFO  client.GrpcClientProtocolClient (GrpcClientProtocolClient.java:onNext(255)) - client-8CDCEDECFFE4->3f4de2de-7d09-498f-aead-42327df81d94: receive RaftClientReply:client-8CDCEDECFFE4->3f4de2de-7d09-498f-aead-42327df81d94@group-C7908E81CC6B, cid=3628, SUCCESS, logIndex=5182, commits[3f4de2de-7d09-498f-aead-42327df81d94:c5183]
2019-08-05 04:38:31,720 INFO  client.GrpcClientProtocolClient (GrpcClientProtocolClient.java:onNext(255)) - client-8CDCEDECFFE4->3f4de2de-7d09-498f-aead-42327df81d94: receive RaftClientReply:client-8CDCEDECFFE4->3f4de2de-7d09-498f-aead-42327df81d94@group-C7908E81CC6B, cid=3629, SUCCESS, logIndex=5184, commits[3f4de2de-7d09-498f-aead-42327df81d94:c5187]
2019-08-05 04:38:31,720 INFO  client.GrpcClientProtocolClient (GrpcClientProtocolClient.java:onNext(255)) - client-8CDCEDECFFE4->3f4de2de-7d09-498f-aead-42327df81d94: receive RaftClientReply:client-8CDCEDECFFE4->3f4de2de-7d09-498f-aead-42327df81d94@group-C7908E81CC6B, cid=3630, SUCCESS, logIndex=5185, commits[3f4de2de-7d09-498f-aead-42327df81d94:c5187]
2019-08-05 04:38:31,720 INFO  client.GrpcClientProtocolClient (GrpcClientProtocolClient.java:onNext(255)) - client-8CDCEDECFFE4->3f4de2de-7d09-498f-aead-42327df81d94: receive RaftClientReply:client-8CDCEDECFFE4->3f4de2de-7d09-498f-aead-42327df81d94@group-C7908E81CC6B, cid=3631, SUCCESS, logIndex=5186, commits[3f4de2de-7d09-498f-aead-42327df81d94:c5187]
2019-08-05 04:38:31,721 INFO  client.GrpcClientProtocolClient (GrpcClientProtocolClient.java:onNext(255)) - client-8CDCEDECFFE4->3f4de2de-7d09-498f-aead-42327df81d94: receive RaftClientReply:client-8CDCEDECFFE4->3f4de2de-7d09-498f-aead-42327df81d94@group-C7908E81CC6B, cid=3632, SUCCESS, logIndex=5187, commits[3f4de2de-7d09-498f-aead-42327df81d94:c5187]
2019-08-05 04:38:31,749 INFO  client.GrpcClientProtocolClient (GrpcClientProtocolClient.java:onNext(255)) - client-8CDCEDECFFE4->3f4de2de-7d09-498f-aead-42327df81d94: receive RaftClientReply:client-8CDCEDECFFE4->3f4de2de-7d09-498f-aead-42327df81d94@group-C7908E81CC6B, cid=3633, SUCCESS, logIndex=5189, commits[3f4de2de-7d09-498f-aead-42327df81d94:c5192]
2019-08-05 04:38:31,750 INFO  client.GrpcClientProtocolClient (GrpcClientProtocolClient.java:onNext(255)) - client-8CDCEDECFFE4->3f4de2de-7d09-498f-aead-42327df81d94: receive RaftClientReply:client-8CDCEDECFFE4->3f4de2de-7d09-498f-aead-42327df81d94@group-C7908E81CC6B, cid=3634, SUCCESS, logIndex=5190, commits[3f4de2de-7d09-498f-aead-42327df81d94:c5193]
2019-08-05 04:38:31,750 INFO  client.GrpcClientProtocolClient (GrpcClientProtocolClient.java:onNext(255)) - client-8CDCEDECFFE4->3f4de2de-7d09-498f-aead-42327df81d94: receive RaftClientReply:client-8CDCEDECFFE4->3f4de2de-7d09-498f-aead-42327df81d94@group-C7908E81CC6B, cid=3635, SUCCESS, logIndex=5191, commits[3f4de2de-7d09-498f-aead-42327df81d94:c5193]
2019-08-05 04:38:31,750 INFO  client.GrpcClientProtocolClient (GrpcClientProtocolClient.java:onNext(255)) - client-8CDCEDECFFE4->3f4de2de-7d09-498f-aead-42327df81d94: receive RaftClientReply:client-8CDCEDECFFE4->3f4de2de-7d09-498f-aead-42327df81d94@group-C7908E81CC6B, cid=3636, SUCCESS, logIndex=5192, commits[3f4de2de-7d09-498f-aead-42327df81d94:c5193]
2019-08-05 04:38:31,771 INFO  client.GrpcClientProtocolClient (GrpcClientProtocolClient.java:onNext(255)) - client-8CDCEDECFFE4->3f4de2de-7d09-498f-aead-42327df81d94: receive RaftClientReply:client-8CDCEDECFFE4->3f4de2de-7d09-498f-aead-42327df81d94@group-C7908E81CC6B, cid=3637, SUCCESS, logIndex=5194, commits[3f4de2de-7d09-498f-aead-42327df81d94:c5197]
2019-08-05 04:38:31,771 INFO  client.GrpcClientProtocolClient (GrpcClientProtocolClient.java:onNext(255)) - client-8CDCEDECFFE4->3f4de2de-7d09-498f-aead-42327df81d94: receive RaftClientReply:client-8CDCEDECFFE4->3f4de2de-7d09-498f-aead-42327df81d94@group-C7908E81CC6B, cid=3638, SUCCESS, logIndex=5195, commits[3f4de2de-7d09-498f-aead-42327df81d94:c5197]
2019-08-05 04:38:31,772 INFO  client.GrpcClientProtocolClient (GrpcClientProtocolClient.java:onNext(255)) - client-8CDCEDECFFE4->3f4de2de-7d09-498f-aead-42327df81d94: receive RaftClientReply:client-8CDCEDECFFE4->3f4de2de-7d09-498f-aead-42327df81d94@group-C7908E81CC6B, cid=3639, SUCCESS, logIndex=5196, commits[3f4de2de-7d09-498f-aead-42327df81d94:c5198]
2019-08-05 04:38:31,772 INFO  client.GrpcClientProtocolClient (GrpcClientProtocolClient.java:onNext(255)) - client-8CDCEDECFFE4->3f4de2de-7d09-498f-aead-42327df81d94: receive RaftClientReply:client-8CDCEDECFFE4->3f4de2de-7d09-498f-aead-42327df81d94@group-C7908E81CC6B, cid=3640, SUCCESS, logIndex=5197, commits[3f4de2de-7d09-498f-aead-42327df81d94:c5198]
2019-08-05 04:38:31,793 DEBUG block.SCMBlockDeletingService (SCMBlockDeletingService.java:call(138)) - Running DeletedBlockTransactionScanner
2019-08-05 04:38:31,793 DEBUG block.SCMBlockDeletingService (SCMBlockDeletingService.java:call(155)) - Scanned deleted blocks log and got 0 delTX to process.
2019-08-05 04:38:31,802 INFO  client.GrpcClientProtocolClient (GrpcClientProtocolClient.java:onNext(255)) - client-8CDCEDECFFE4->3f4de2de-7d09-498f-aead-42327df81d94: receive RaftClientReply:client-8CDCEDECFFE4->3f4de2de-7d09-498f-aead-42327df81d94@group-C7908E81CC6B, cid=3641, SUCCESS, logIndex=5199, commits[3f4de2de-7d09-498f-aead-42327df81d94:c5200]
2019-08-05 04:38:31,802 INFO  client.GrpcClientProtocolClient (GrpcClientProtocolClient.java:onNext(255)) - client-8CDCEDECFFE4->3f4de2de-7d09-498f-aead-42327df81d94: receive RaftClientReply:client-8CDCEDECFFE4->3f4de2de-7d09-498f-aead-42327df81d94@group-C7908E81CC6B, cid=3642, SUCCESS, logIndex=5200, commits[3f4de2de-7d09-498f-aead-42327df81d94:c5202]
2019-08-05 04:38:31,803 INFO  client.GrpcClientProtocolClient (GrpcClientProtocolClient.java:onNext(255)) - client-8CDCEDECFFE4->3f4de2de-7d09-498f-aead-42327df81d94: receive RaftClientReply:client-8CDCEDECFFE4->3f4de2de-7d09-498f-aead-42327df81d94@group-C7908E81CC6B, cid=3643, SUCCESS, logIndex=5201, commits[3f4de2de-7d09-498f-aead-42327df81d94:c5203]
2019-08-05 04:38:31,803 INFO  client.GrpcClientProtocolClient (GrpcClientProtocolClient.java:onNext(255)) - client-8CDCEDECFFE4->3f4de2de-7d09-498f-aead-42327df81d94: receive RaftClientReply:client-8CDCEDECFFE4->3f4de2de-7d09-498f-aead-42327df81d94@group-C7908E81CC6B, cid=3644, SUCCESS, logIndex=5202, commits[3f4de2de-7d09-498f-aead-42327df81d94:c5203]
2019-08-05 04:38:31,824 INFO  client.GrpcClientProtocolClient (GrpcClientProtocolClient.java:onNext(255)) - client-8CDCEDECFFE4->3f4de2de-7d09-498f-aead-42327df81d94: receive RaftClientReply:client-8CDCEDECFFE4->3f4de2de-7d09-498f-aead-42327df81d94@group-C7908E81CC6B, cid=3645, SUCCESS, logIndex=5205, commits[3f4de2de-7d09-498f-aead-42327df81d94:c5208]
2019-08-05 04:38:31,825 INFO  client.GrpcClientProtocolClient (GrpcClientProtocolClient.java:onNext(255)) - client-8CDCEDECFFE4->3f4de2de-7d09-498f-aead-42327df81d94: receive RaftClientReply:client-8CDCEDECFFE4->3f4de2de-7d09-498f-aead-42327df81d94@group-C7908E81CC6B, cid=3646, SUCCESS, logIndex=5206, commits[3f4de2de-7d09-498f-aead-42327df81d94:c5208]
2019-08-05 04:38:31,826 INFO  client.GrpcClientProtocolClient (GrpcClientProtocolClient.java:onNext(255)) - client-8CDCEDECFFE4->3f4de2de-7d09-498f-aead-42327df81d94: receive RaftClientReply:client-8CDCEDECFFE4->3f4de2de-7d09-498f-aead-42327df81d94@group-C7908E81CC6B, cid=3647, SUCCESS, logIndex=5207, commits[3f4de2de-7d09-498f-aead-42327df81d94:c5208]
2019-08-05 04:38:31,826 INFO  client.GrpcClientProtocolClient (GrpcClientProtocolClient.java:onNext(255)) - client-8CDCEDECFFE4->3f4de2de-7d09-498f-aead-42327df81d94: receive RaftClientReply:client-8CDCEDECFFE4->3f4de2de-7d09-498f-aead-42327df81d94@group-C7908E81CC6B, cid=3648, SUCCESS, logIndex=5208, commits[3f4de2de-7d09-498f-aead-42327df81d94:c5209]
2019-08-05 04:38:31,858 INFO  client.GrpcClientProtocolClient (GrpcClientProtocolClient.java:onNext(255)) - client-8CDCEDECFFE4->3f4de2de-7d09-498f-aead-42327df81d94: receive RaftClientReply:client-8CDCEDECFFE4->3f4de2de-7d09-498f-aead-42327df81d94@group-C7908E81CC6B, cid=3649, SUCCESS, logIndex=5210, commits[3f4de2de-7d09-498f-aead-42327df81d94:c5213]
2019-08-05 04:38:31,858 INFO  client.GrpcClientProtocolClient (GrpcClientProtocolClient.java:onNext(255)) - client-8CDCEDECFFE4->3f4de2de-7d09-498f-aead-42327df81d94: receive RaftClientReply:client-8CDCEDECFFE4->3f4de2de-7d09-498f-aead-42327df81d94@group-C7908E81CC6B, cid=3650, SUCCESS, logIndex=5211, commits[3f4de2de-7d09-498f-aead-42327df81d94:c5214]
2019-08-05 04:38:31,859 INFO  client.GrpcClientProtocolClient (GrpcClientProtocolClient.java:onNext(255)) - client-8CDCEDECFFE4->3f4de2de-7d09-498f-aead-42327df81d94: receive RaftClientReply:client-8CDCEDECFFE4->3f4de2de-7d09-498f-aead-42327df81d94@group-C7908E81CC6B, cid=3651, SUCCESS, logIndex=5212, commits[3f4de2de-7d09-498f-aead-42327df81d94:c5214]
2019-08-05 04:38:31,859 INFO  client.GrpcClientProtocolClient (GrpcClientProtocolClient.java:onNext(255)) - client-8CDCEDECFFE4->3f4de2de-7d09-498f-aead-42327df81d94: receive RaftClientReply:client-8CDCEDECFFE4->3f4de2de-7d09-498f-aead-42327df81d94@group-C7908E81CC6B, cid=3652, SUCCESS, logIndex=5213, commits[3f4de2de-7d09-498f-aead-42327df81d94:c5214]
2019-08-05 04:38:31,879 INFO  client.GrpcClientProtocolClient (GrpcClientProtocolClient.java:onNext(255)) - client-8CDCEDECFFE4->3f4de2de-7d09-498f-aead-42327df81d94: receive RaftClientReply:client-8CDCEDECFFE4->3f4de2de-7d09-498f-aead-42327df81d94@group-C7908E81CC6B, cid=3653, SUCCESS, logIndex=5215, commits[3f4de2de-7d09-498f-aead-42327df81d94:c5216]
2019-08-05 04:38:31,880 INFO  client.GrpcClientProtocolClient (GrpcClientProtocolClient.java:onNext(255)) - client-8CDCEDECFFE4->3f4de2de-7d09-498f-aead-42327df81d94: receive RaftClientReply:client-8CDCEDECFFE4->3f4de2de-7d09-498f-aead-42327df81d94@group-C7908E81CC6B, cid=3654, SUCCESS, logIndex=5216, commits[3f4de2de-7d09-498f-aead-42327df81d94:c5216]
2019-08-05 04:38:31,881 INFO  client.GrpcClientProtocolClient (GrpcClientProtocolClient.java:onNext(255)) - client-8CDCEDECFFE4->3f4de2de-7d09-498f-aead-42327df81d94: receive RaftClientReply:client-8CDCEDECFFE4->3f4de2de-7d09-498f-aead-42327df81d94@group-C7908E81CC6B, cid=3655, SUCCESS, logIndex=5217, commits[3f4de2de-7d09-498f-aead-42327df81d94:c5218]
2019-08-05 04:38:31,882 INFO  client.GrpcClientProtocolClient (GrpcClientProtocolClient.java:onNext(255)) - client-8CDCEDECFFE4->3f4de2de-7d09-498f-aead-42327df81d94: receive RaftClientReply:client-8CDCEDECFFE4->3f4de2de-7d09-498f-aead-42327df81d94@group-C7908E81CC6B, cid=3656, SUCCESS, logIndex=5218, commits[3f4de2de-7d09-498f-aead-42327df81d94:c5218]
2019-08-05 04:38:31,894 DEBUG block.SCMBlockDeletingService (SCMBlockDeletingService.java:call(138)) - Running DeletedBlockTransactionScanner
2019-08-05 04:38:31,894 DEBUG block.SCMBlockDeletingService (SCMBlockDeletingService.java:call(155)) - Scanned deleted blocks log and got 0 delTX to process.
2019-08-05 04:38:31,913 INFO  client.GrpcClientProtocolClient (GrpcClientProtocolClient.java:onNext(255)) - client-8CDCEDECFFE4->3f4de2de-7d09-498f-aead-42327df81d94: receive RaftClientReply:client-8CDCEDECFFE4->3f4de2de-7d09-498f-aead-42327df81d94@group-C7908E81CC6B, cid=3657, SUCCESS, logIndex=5221, commits[3f4de2de-7d09-498f-aead-42327df81d94:c5222]
2019-08-05 04:38:31,913 INFO  client.GrpcClientProtocolClient (GrpcClientProtocolClient.java:onNext(255)) - client-8CDCEDECFFE4->3f4de2de-7d09-498f-aead-42327df81d94: receive RaftClientReply:client-8CDCEDECFFE4->3f4de2de-7d09-498f-aead-42327df81d94@group-C7908E81CC6B, cid=3658, SUCCESS, logIndex=5222, commits[3f4de2de-7d09-498f-aead-42327df81d94:c5222]
2019-08-05 04:38:31,916 INFO  client.GrpcClientProtocolClient (GrpcClientProtocolClient.java:onNext(255)) - client-8CDCEDECFFE4->3f4de2de-7d09-498f-aead-42327df81d94: receive RaftClientReply:client-8CDCEDECFFE4->3f4de2de-7d09-498f-aead-42327df81d94@group-C7908E81CC6B, cid=3659, SUCCESS, logIndex=5223, commits[3f4de2de-7d09-498f-aead-42327df81d94:c5225]
2019-08-05 04:38:31,917 INFO  client.GrpcClientProtocolClient (GrpcClientProtocolClient.java:onNext(255)) - client-8CDCEDECFFE4->3f4de2de-7d09-498f-aead-42327df81d94: receive RaftClientReply:client-8CDCEDECFFE4->3f4de2de-7d09-498f-aead-42327df81d94@group-C7908E81CC6B, cid=3660, SUCCESS, logIndex=5224, commits[3f4de2de-7d09-498f-aead-42327df81d94:c5225]
2019-08-05 04:38:31,935 INFO  client.GrpcClientProtocolClient (GrpcClientProtocolClient.java:onNext(255)) - client-8CDCEDECFFE4->3f4de2de-7d09-498f-aead-42327df81d94: receive RaftClientReply:client-8CDCEDECFFE4->3f4de2de-7d09-498f-aead-42327df81d94@group-C7908E81CC6B, cid=3661, SUCCESS, logIndex=5226, commits[3f4de2de-7d09-498f-aead-42327df81d94:c5227]
2019-08-05 04:38:31,936 INFO  client.GrpcClientProtocolClient (GrpcClientProtocolClient.java:onNext(255)) - client-8CDCEDECFFE4->3f4de2de-7d09-498f-aead-42327df81d94: receive RaftClientReply:client-8CDCEDECFFE4->3f4de2de-7d09-498f-aead-42327df81d94@group-C7908E81CC6B, cid=3662, SUCCESS, logIndex=5227, commits[3f4de2de-7d09-498f-aead-42327df81d94:c5229]
2019-08-05 04:38:31,936 INFO  client.GrpcClientProtocolClient (GrpcClientProtocolClient.java:onNext(255)) - client-8CDCEDECFFE4->3f4de2de-7d09-498f-aead-42327df81d94: receive RaftClientReply:client-8CDCEDECFFE4->3f4de2de-7d09-498f-aead-42327df81d94@group-C7908E81CC6B, cid=3663, SUCCESS, logIndex=5228, commits[3f4de2de-7d09-498f-aead-42327df81d94:c5230]
2019-08-05 04:38:31,936 INFO  client.GrpcClientProtocolClient (GrpcClientProtocolClient.java:onNext(255)) - client-8CDCEDECFFE4->3f4de2de-7d09-498f-aead-42327df81d94: receive RaftClientReply:client-8CDCEDECFFE4->3f4de2de-7d09-498f-aead-42327df81d94@group-C7908E81CC6B, cid=3664, SUCCESS, logIndex=5229, commits[3f4de2de-7d09-498f-aead-42327df81d94:c5230]
2019-08-05 04:38:31,962 INFO  client.GrpcClientProtocolClient (GrpcClientProtocolClient.java:onNext(255)) - client-8CDCEDECFFE4->3f4de2de-7d09-498f-aead-42327df81d94: receive RaftClientReply:client-8CDCEDECFFE4->3f4de2de-7d09-498f-aead-42327df81d94@group-C7908E81CC6B, cid=3665, SUCCESS, logIndex=5232, commits[3f4de2de-7d09-498f-aead-42327df81d94:c5233]
2019-08-05 04:38:31,963 INFO  client.GrpcClientProtocolClient (GrpcClientProtocolClient.java:onNext(255)) - client-8CDCEDECFFE4->3f4de2de-7d09-498f-aead-42327df81d94: receive RaftClientReply:client-8CDCEDECFFE4->3f4de2de-7d09-498f-aead-42327df81d94@group-C7908E81CC6B, cid=3666, SUCCESS, logIndex=5233, commits[3f4de2de-7d09-498f-aead-42327df81d94:c5233]
2019-08-05 04:38:31,964 INFO  client.GrpcClientProtocolClient (GrpcClientProtocolClient.java:onNext(255)) - client-8CDCEDECFFE4->3f4de2de-7d09-498f-aead-42327df81d94: receive RaftClientReply:client-8CDCEDECFFE4->3f4de2de-7d09-498f-aead-42327df81d94@group-C7908E81CC6B, cid=3667, SUCCESS, logIndex=5234, commits[3f4de2de-7d09-498f-aead-42327df81d94:c5235]
2019-08-05 04:38:31,965 INFO  client.GrpcClientProtocolClient (GrpcClientProtocolClient.java:onNext(255)) - client-8CDCEDECFFE4->3f4de2de-7d09-498f-aead-42327df81d94: receive RaftClientReply:client-8CDCEDECFFE4->3f4de2de-7d09-498f-aead-42327df81d94@group-C7908E81CC6B, cid=3668, SUCCESS, logIndex=5235, commits[3f4de2de-7d09-498f-aead-42327df81d94:c5235]
2019-08-05 04:38:31,994 DEBUG block.SCMBlockDeletingService (SCMBlockDeletingService.java:call(138)) - Running DeletedBlockTransactionScanner
2019-08-05 04:38:31,995 DEBUG block.SCMBlockDeletingService (SCMBlockDeletingService.java:call(155)) - Scanned deleted blocks log and got 0 delTX to process.
2019-08-05 04:38:32,095 DEBUG block.SCMBlockDeletingService (SCMBlockDeletingService.java:call(138)) - Running DeletedBlockTransactionScanner
2019-08-05 04:38:32,096 DEBUG block.SCMBlockDeletingService (SCMBlockDeletingService.java:call(155)) - Scanned deleted blocks log and got 0 delTX to process.
2019-08-05 04:38:32,096 INFO  client.GrpcClientProtocolClient (GrpcClientProtocolClient.java:onNext(255)) - client-8CDCEDECFFE4->3f4de2de-7d09-498f-aead-42327df81d94: receive RaftClientReply:client-8CDCEDECFFE4->3f4de2de-7d09-498f-aead-42327df81d94@group-C7908E81CC6B, cid=3669, SUCCESS, logIndex=5238, commits[3f4de2de-7d09-498f-aead-42327df81d94:c5239]
2019-08-05 04:38:32,096 INFO  client.GrpcClientProtocolClient (GrpcClientProtocolClient.java:onNext(255)) - client-8CDCEDECFFE4->3f4de2de-7d09-498f-aead-42327df81d94: receive RaftClientReply:client-8CDCEDECFFE4->3f4de2de-7d09-498f-aead-42327df81d94@group-C7908E81CC6B, cid=3670, SUCCESS, logIndex=5239, commits[3f4de2de-7d09-498f-aead-42327df81d94:c5239]
2019-08-05 04:38:32,097 INFO  client.GrpcClientProtocolClient (GrpcClientProtocolClient.java:onNext(255)) - client-8CDCEDECFFE4->3f4de2de-7d09-498f-aead-42327df81d94: receive RaftClientReply:client-8CDCEDECFFE4->3f4de2de-7d09-498f-aead-42327df81d94@group-C7908E81CC6B, cid=3671, SUCCESS, logIndex=5240, commits[3f4de2de-7d09-498f-aead-42327df81d94:c5241]
2019-08-05 04:38:32,097 INFO  client.GrpcClientProtocolClient (GrpcClientProtocolClient.java:onNext(255)) - client-8CDCEDECFFE4->3f4de2de-7d09-498f-aead-42327df81d94: receive RaftClientReply:client-8CDCEDECFFE4->3f4de2de-7d09-498f-aead-42327df81d94@group-C7908E81CC6B, cid=3672, SUCCESS, logIndex=5241, commits[3f4de2de-7d09-498f-aead-42327df81d94:c5241]
2019-08-05 04:38:32,130 INFO  client.GrpcClientProtocolClient (GrpcClientProtocolClient.java:onNext(255)) - client-8CDCEDECFFE4->3f4de2de-7d09-498f-aead-42327df81d94: receive RaftClientReply:client-8CDCEDECFFE4->3f4de2de-7d09-498f-aead-42327df81d94@group-C7908E81CC6B, cid=3673, SUCCESS, logIndex=5244, commits[3f4de2de-7d09-498f-aead-42327df81d94:c5247]
2019-08-05 04:38:32,130 INFO  client.GrpcClientProtocolClient (GrpcClientProtocolClient.java:onNext(255)) - client-8CDCEDECFFE4->3f4de2de-7d09-498f-aead-42327df81d94: receive RaftClientReply:client-8CDCEDECFFE4->3f4de2de-7d09-498f-aead-42327df81d94@group-C7908E81CC6B, cid=3674, SUCCESS, logIndex=5245, commits[3f4de2de-7d09-498f-aead-42327df81d94:c5248]
2019-08-05 04:38:32,130 INFO  client.GrpcClientProtocolClient (GrpcClientProtocolClient.java:onNext(255)) - client-8CDCEDECFFE4->3f4de2de-7d09-498f-aead-42327df81d94: receive RaftClientReply:client-8CDCEDECFFE4->3f4de2de-7d09-498f-aead-42327df81d94@group-C7908E81CC6B, cid=3675, SUCCESS, logIndex=5246, commits[3f4de2de-7d09-498f-aead-42327df81d94:c5248]
2019-08-05 04:38:32,131 INFO  client.GrpcClientProtocolClient (GrpcClientProtocolClient.java:onNext(255)) - client-8CDCEDECFFE4->3f4de2de-7d09-498f-aead-42327df81d94: receive RaftClientReply:client-8CDCEDECFFE4->3f4de2de-7d09-498f-aead-42327df81d94@group-C7908E81CC6B, cid=3676, SUCCESS, logIndex=5247, commits[3f4de2de-7d09-498f-aead-42327df81d94:c5248]
2019-08-05 04:38:32,152 INFO  client.GrpcClientProtocolClient (GrpcClientProtocolClient.java:onNext(255)) - client-8CDCEDECFFE4->3f4de2de-7d09-498f-aead-42327df81d94: receive RaftClientReply:client-8CDCEDECFFE4->3f4de2de-7d09-498f-aead-42327df81d94@group-C7908E81CC6B, cid=3677, SUCCESS, logIndex=5249, commits[3f4de2de-7d09-498f-aead-42327df81d94:c5252]
2019-08-05 04:38:32,153 INFO  client.GrpcClientProtocolClient (GrpcClientProtocolClient.java:onNext(255)) - client-8CDCEDECFFE4->3f4de2de-7d09-498f-aead-42327df81d94: receive RaftClientReply:client-8CDCEDECFFE4->3f4de2de-7d09-498f-aead-42327df81d94@group-C7908E81CC6B, cid=3678, SUCCESS, logIndex=5250, commits[3f4de2de-7d09-498f-aead-42327df81d94:c5252]
2019-08-05 04:38:32,153 INFO  client.GrpcClientProtocolClient (GrpcClientProtocolClient.java:onNext(255)) - client-8CDCEDECFFE4->3f4de2de-7d09-498f-aead-42327df81d94: receive RaftClientReply:client-8CDCEDECFFE4->3f4de2de-7d09-498f-aead-42327df81d94@group-C7908E81CC6B, cid=3679, SUCCESS, logIndex=5251, commits[3f4de2de-7d09-498f-aead-42327df81d94:c5252]
2019-08-05 04:38:32,153 INFO  client.GrpcClientProtocolClient (GrpcClientProtocolClient.java:onNext(255)) - client-8CDCEDECFFE4->3f4de2de-7d09-498f-aead-42327df81d94: receive RaftClientReply:client-8CDCEDECFFE4->3f4de2de-7d09-498f-aead-42327df81d94@group-C7908E81CC6B, cid=3680, SUCCESS, logIndex=5252, commits[3f4de2de-7d09-498f-aead-42327df81d94:c5253]
2019-08-05 04:38:32,186 INFO  client.GrpcClientProtocolClient (GrpcClientProtocolClient.java:onNext(255)) - client-8CDCEDECFFE4->3f4de2de-7d09-498f-aead-42327df81d94: receive RaftClientReply:client-8CDCEDECFFE4->3f4de2de-7d09-498f-aead-42327df81d94@group-C7908E81CC6B, cid=3681, SUCCESS, logIndex=5254, commits[3f4de2de-7d09-498f-aead-42327df81d94:c5257]
2019-08-05 04:38:32,187 INFO  client.GrpcClientProtocolClient (GrpcClientProtocolClient.java:onNext(255)) - client-8CDCEDECFFE4->3f4de2de-7d09-498f-aead-42327df81d94: receive RaftClientReply:client-8CDCEDECFFE4->3f4de2de-7d09-498f-aead-42327df81d94@group-C7908E81CC6B, cid=3682, SUCCESS, logIndex=5255, commits[3f4de2de-7d09-498f-aead-42327df81d94:c5258]
2019-08-05 04:38:32,187 INFO  client.GrpcClientProtocolClient (GrpcClientProtocolClient.java:onNext(255)) - client-8CDCEDECFFE4->3f4de2de-7d09-498f-aead-42327df81d94: receive RaftClientReply:client-8CDCEDECFFE4->3f4de2de-7d09-498f-aead-42327df81d94@group-C7908E81CC6B, cid=3683, SUCCESS, logIndex=5256, commits[3f4de2de-7d09-498f-aead-42327df81d94:c5258]
2019-08-05 04:38:32,187 INFO  client.GrpcClientProtocolClient (GrpcClientProtocolClient.java:onNext(255)) - client-8CDCEDECFFE4->3f4de2de-7d09-498f-aead-42327df81d94: receive RaftClientReply:client-8CDCEDECFFE4->3f4de2de-7d09-498f-aead-42327df81d94@group-C7908E81CC6B, cid=3684, SUCCESS, logIndex=5257, commits[3f4de2de-7d09-498f-aead-42327df81d94:c5258]
2019-08-05 04:38:32,196 DEBUG block.SCMBlockDeletingService (SCMBlockDeletingService.java:call(138)) - Running DeletedBlockTransactionScanner
2019-08-05 04:38:32,196 DEBUG block.SCMBlockDeletingService (SCMBlockDeletingService.java:call(155)) - Scanned deleted blocks log and got 0 delTX to process.
2019-08-05 04:38:32,206 INFO  client.GrpcClientProtocolClient (GrpcClientProtocolClient.java:onNext(255)) - client-8CDCEDECFFE4->3f4de2de-7d09-498f-aead-42327df81d94: receive RaftClientReply:client-8CDCEDECFFE4->3f4de2de-7d09-498f-aead-42327df81d94@group-C7908E81CC6B, cid=3685, SUCCESS, logIndex=5259, commits[3f4de2de-7d09-498f-aead-42327df81d94:c5260]
2019-08-05 04:38:32,207 INFO  client.GrpcClientProtocolClient (GrpcClientProtocolClient.java:onNext(255)) - client-8CDCEDECFFE4->3f4de2de-7d09-498f-aead-42327df81d94: receive RaftClientReply:client-8CDCEDECFFE4->3f4de2de-7d09-498f-aead-42327df81d94@group-C7908E81CC6B, cid=3686, SUCCESS, logIndex=5260, commits[3f4de2de-7d09-498f-aead-42327df81d94:c5260]
2019-08-05 04:38:32,209 INFO  client.GrpcClientProtocolClient (GrpcClientProtocolClient.java:onNext(255)) - client-8CDCEDECFFE4->3f4de2de-7d09-498f-aead-42327df81d94: receive RaftClientReply:client-8CDCEDECFFE4->3f4de2de-7d09-498f-aead-42327df81d94@group-C7908E81CC6B, cid=3687, SUCCESS, logIndex=5261, commits[3f4de2de-7d09-498f-aead-42327df81d94:c5262]
2019-08-05 04:38:32,209 INFO  client.GrpcClientProtocolClient (GrpcClientProtocolClient.java:onNext(255)) - client-8CDCEDECFFE4->3f4de2de-7d09-498f-aead-42327df81d94: receive RaftClientReply:client-8CDCEDECFFE4->3f4de2de-7d09-498f-aead-42327df81d94@group-C7908E81CC6B, cid=3688, SUCCESS, logIndex=5262, commits[3f4de2de-7d09-498f-aead-42327df81d94:c5262]
2019-08-05 04:38:32,241 INFO  client.GrpcClientProtocolClient (GrpcClientProtocolClient.java:onNext(255)) - client-8CDCEDECFFE4->3f4de2de-7d09-498f-aead-42327df81d94: receive RaftClientReply:client-8CDCEDECFFE4->3f4de2de-7d09-498f-aead-42327df81d94@group-C7908E81CC6B, cid=3689, SUCCESS, logIndex=5265, commits[3f4de2de-7d09-498f-aead-42327df81d94:c5266]
2019-08-05 04:38:32,241 INFO  client.GrpcClientProtocolClient (GrpcClientProtocolClient.java:onNext(255)) - client-8CDCEDECFFE4->3f4de2de-7d09-498f-aead-42327df81d94: receive RaftClientReply:client-8CDCEDECFFE4->3f4de2de-7d09-498f-aead-42327df81d94@group-C7908E81CC6B, cid=3690, SUCCESS, logIndex=5266, commits[3f4de2de-7d09-498f-aead-42327df81d94:c5268]
2019-08-05 04:38:32,242 INFO  client.GrpcClientProtocolClient (GrpcClientProtocolClient.java:onNext(255)) - client-8CDCEDECFFE4->3f4de2de-7d09-498f-aead-42327df81d94: receive RaftClientReply:client-8CDCEDECFFE4->3f4de2de-7d09-498f-aead-42327df81d94@group-C7908E81CC6B, cid=3691, SUCCESS, logIndex=5267, commits[3f4de2de-7d09-498f-aead-42327df81d94:c5268]
2019-08-05 04:38:32,242 INFO  client.GrpcClientProtocolClient (GrpcClientProtocolClient.java:onNext(255)) - client-8CDCEDECFFE4->3f4de2de-7d09-498f-aead-42327df81d94: receive RaftClientReply:client-8CDCEDECFFE4->3f4de2de-7d09-498f-aead-42327df81d94@group-C7908E81CC6B, cid=3692, SUCCESS, logIndex=5268, commits[3f4de2de-7d09-498f-aead-42327df81d94:c5269]
2019-08-05 04:38:32,262 INFO  client.GrpcClientProtocolClient (GrpcClientProtocolClient.java:onNext(255)) - client-8CDCEDECFFE4->3f4de2de-7d09-498f-aead-42327df81d94: receive RaftClientReply:client-8CDCEDECFFE4->3f4de2de-7d09-498f-aead-42327df81d94@group-C7908E81CC6B, cid=3693, SUCCESS, logIndex=5271, commits[3f4de2de-7d09-498f-aead-42327df81d94:c5272]
2019-08-05 04:38:32,262 INFO  client.GrpcClientProtocolClient (GrpcClientProtocolClient.java:onNext(255)) - client-8CDCEDECFFE4->3f4de2de-7d09-498f-aead-42327df81d94: receive RaftClientReply:client-8CDCEDECFFE4->3f4de2de-7d09-498f-aead-42327df81d94@group-C7908E81CC6B, cid=3694, SUCCESS, logIndex=5272, commits[3f4de2de-7d09-498f-aead-42327df81d94:c5274]
2019-08-05 04:38:32,262 INFO  client.GrpcClientProtocolClient (GrpcClientProtocolClient.java:onNext(255)) - client-8CDCEDECFFE4->3f4de2de-7d09-498f-aead-42327df81d94: receive RaftClientReply:client-8CDCEDECFFE4->3f4de2de-7d09-498f-aead-42327df81d94@group-C7908E81CC6B, cid=3695, SUCCESS, logIndex=5273, commits[3f4de2de-7d09-498f-aead-42327df81d94:c5275]
2019-08-05 04:38:32,263 INFO  client.GrpcClientProtocolClient (GrpcClientProtocolClient.java:onNext(255)) - client-8CDCEDECFFE4->3f4de2de-7d09-498f-aead-42327df81d94: receive RaftClientReply:client-8CDCEDECFFE4->3f4de2de-7d09-498f-aead-42327df81d94@group-C7908E81CC6B, cid=3696, SUCCESS, logIndex=5274, commits[3f4de2de-7d09-498f-aead-42327df81d94:c5275]
2019-08-05 04:38:32,295 INFO  client.GrpcClientProtocolClient (GrpcClientProtocolClient.java:onNext(255)) - client-8CDCEDECFFE4->3f4de2de-7d09-498f-aead-42327df81d94: receive RaftClientReply:client-8CDCEDECFFE4->3f4de2de-7d09-498f-aead-42327df81d94@group-C7908E81CC6B, cid=3697, SUCCESS, logIndex=5277, commits[3f4de2de-7d09-498f-aead-42327df81d94:c5278]
2019-08-05 04:38:32,296 INFO  client.GrpcClientProtocolClient (GrpcClientProtocolClient.java:onNext(255)) - client-8CDCEDECFFE4->3f4de2de-7d09-498f-aead-42327df81d94: receive RaftClientReply:client-8CDCEDECFFE4->3f4de2de-7d09-498f-aead-42327df81d94@group-C7908E81CC6B, cid=3698, SUCCESS, logIndex=5278, commits[3f4de2de-7d09-498f-aead-42327df81d94:c5280]
2019-08-05 04:38:32,296 INFO  client.GrpcClientProtocolClient (GrpcClientProtocolClient.java:onNext(255)) - client-8CDCEDECFFE4->3f4de2de-7d09-498f-aead-42327df81d94: receive RaftClientReply:client-8CDCEDECFFE4->3f4de2de-7d09-498f-aead-42327df81d94@group-C7908E81CC6B, cid=3699, SUCCESS, logIndex=5279, commits[3f4de2de-7d09-498f-aead-42327df81d94:c5281]
2019-08-05 04:38:32,296 INFO  client.GrpcClientProtocolClient (GrpcClientProtocolClient.java:onNext(255)) - client-8CDCEDECFFE4->3f4de2de-7d09-498f-aead-42327df81d94: receive RaftClientReply:client-8CDCEDECFFE4->3f4de2de-7d09-498f-aead-42327df81d94@group-C7908E81CC6B, cid=3700, SUCCESS, logIndex=5280, commits[3f4de2de-7d09-498f-aead-42327df81d94:c5281]
2019-08-05 04:38:32,297 DEBUG block.SCMBlockDeletingService (SCMBlockDeletingService.java:call(138)) - Running DeletedBlockTransactionScanner
2019-08-05 04:38:32,297 DEBUG block.SCMBlockDeletingService (SCMBlockDeletingService.java:call(155)) - Scanned deleted blocks log and got 0 delTX to process.
2019-08-05 04:38:32,315 INFO  client.GrpcClientProtocolClient (GrpcClientProtocolClient.java:onNext(255)) - client-8CDCEDECFFE4->3f4de2de-7d09-498f-aead-42327df81d94: receive RaftClientReply:client-8CDCEDECFFE4->3f4de2de-7d09-498f-aead-42327df81d94@group-C7908E81CC6B, cid=3701, SUCCESS, logIndex=5283, commits[3f4de2de-7d09-498f-aead-42327df81d94:c5284]
2019-08-05 04:38:32,316 INFO  client.GrpcClientProtocolClient (GrpcClientProtocolClient.java:onNext(255)) - client-8CDCEDECFFE4->3f4de2de-7d09-498f-aead-42327df81d94: receive RaftClientReply:client-8CDCEDECFFE4->3f4de2de-7d09-498f-aead-42327df81d94@group-C7908E81CC6B, cid=3702, SUCCESS, logIndex=5284, commits[3f4de2de-7d09-498f-aead-42327df81d94:c5286]
2019-08-05 04:38:32,316 INFO  client.GrpcClientProtocolClient (GrpcClientProtocolClient.java:onNext(255)) - client-8CDCEDECFFE4->3f4de2de-7d09-498f-aead-42327df81d94: receive RaftClientReply:client-8CDCEDECFFE4->3f4de2de-7d09-498f-aead-42327df81d94@group-C7908E81CC6B, cid=3703, SUCCESS, logIndex=5285, commits[3f4de2de-7d09-498f-aead-42327df81d94:c5287]
2019-08-05 04:38:32,316 INFO  client.GrpcClientProtocolClient (GrpcClientProtocolClient.java:onNext(255)) - client-8CDCEDECFFE4->3f4de2de-7d09-498f-aead-42327df81d94: receive RaftClientReply:client-8CDCEDECFFE4->3f4de2de-7d09-498f-aead-42327df81d94@group-C7908E81CC6B, cid=3704, SUCCESS, logIndex=5286, commits[3f4de2de-7d09-498f-aead-42327df81d94:c5287]
2019-08-05 04:38:32,347 INFO  client.GrpcClientProtocolClient (GrpcClientProtocolClient.java:onNext(255)) - client-8CDCEDECFFE4->3f4de2de-7d09-498f-aead-42327df81d94: receive RaftClientReply:client-8CDCEDECFFE4->3f4de2de-7d09-498f-aead-42327df81d94@group-C7908E81CC6B, cid=3705, SUCCESS, logIndex=5289, commits[3f4de2de-7d09-498f-aead-42327df81d94:c5292]
2019-08-05 04:38:32,348 INFO  client.GrpcClientProtocolClient (GrpcClientProtocolClient.java:onNext(255)) - client-8CDCEDECFFE4->3f4de2de-7d09-498f-aead-42327df81d94: receive RaftClientReply:client-8CDCEDECFFE4->3f4de2de-7d09-498f-aead-42327df81d94@group-C7908E81CC6B, cid=3706, SUCCESS, logIndex=5290, commits[3f4de2de-7d09-498f-aead-42327df81d94:c5293]
2019-08-05 04:38:32,348 INFO  client.GrpcClientProtocolClient (GrpcClientProtocolClient.java:onNext(255)) - client-8CDCEDECFFE4->3f4de2de-7d09-498f-aead-42327df81d94: receive RaftClientReply:client-8CDCEDECFFE4->3f4de2de-7d09-498f-aead-42327df81d94@group-C7908E81CC6B, cid=3707, SUCCESS, logIndex=5291, commits[3f4de2de-7d09-498f-aead-42327df81d94:c5293]
2019-08-05 04:38:32,348 INFO  client.GrpcClientProtocolClient (GrpcClientProtocolClient.java:onNext(255)) - client-8CDCEDECFFE4->3f4de2de-7d09-498f-aead-42327df81d94: receive RaftClientReply:client-8CDCEDECFFE4->3f4de2de-7d09-498f-aead-42327df81d94@group-C7908E81CC6B, cid=3708, SUCCESS, logIndex=5292, commits[3f4de2de-7d09-498f-aead-42327df81d94:c5293]
2019-08-05 04:38:32,368 INFO  client.GrpcClientProtocolClient (GrpcClientProtocolClient.java:onNext(255)) - client-8CDCEDECFFE4->3f4de2de-7d09-498f-aead-42327df81d94: receive RaftClientReply:client-8CDCEDECFFE4->3f4de2de-7d09-498f-aead-42327df81d94@group-C7908E81CC6B, cid=3709, SUCCESS, logIndex=5294, commits[3f4de2de-7d09-498f-aead-42327df81d94:c5295]
2019-08-05 04:38:32,368 INFO  client.GrpcClientProtocolClient (GrpcClientProtocolClient.java:onNext(255)) - client-8CDCEDECFFE4->3f4de2de-7d09-498f-aead-42327df81d94: receive RaftClientReply:client-8CDCEDECFFE4->3f4de2de-7d09-498f-aead-42327df81d94@group-C7908E81CC6B, cid=3710, SUCCESS, logIndex=5295, commits[3f4de2de-7d09-498f-aead-42327df81d94:c5297]
2019-08-05 04:38:32,369 INFO  client.GrpcClientProtocolClient (GrpcClientProtocolClient.java:onNext(255)) - client-8CDCEDECFFE4->3f4de2de-7d09-498f-aead-42327df81d94: receive RaftClientReply:client-8CDCEDECFFE4->3f4de2de-7d09-498f-aead-42327df81d94@group-C7908E81CC6B, cid=3711, SUCCESS, logIndex=5296, commits[3f4de2de-7d09-498f-aead-42327df81d94:c5297]
2019-08-05 04:38:32,369 INFO  client.GrpcClientProtocolClient (GrpcClientProtocolClient.java:onNext(255)) - client-8CDCEDECFFE4->3f4de2de-7d09-498f-aead-42327df81d94: receive RaftClientReply:client-8CDCEDECFFE4->3f4de2de-7d09-498f-aead-42327df81d94@group-C7908E81CC6B, cid=3712, SUCCESS, logIndex=5297, commits[3f4de2de-7d09-498f-aead-42327df81d94:c5298]
2019-08-05 04:38:32,437 DEBUG block.SCMBlockDeletingService (SCMBlockDeletingService.java:call(138)) - Running DeletedBlockTransactionScanner
2019-08-05 04:38:32,437 DEBUG block.SCMBlockDeletingService (SCMBlockDeletingService.java:call(155)) - Scanned deleted blocks log and got 0 delTX to process.
2019-08-05 04:38:32,538 DEBUG block.SCMBlockDeletingService (SCMBlockDeletingService.java:call(138)) - Running DeletedBlockTransactionScanner
2019-08-05 04:38:32,538 DEBUG block.SCMBlockDeletingService (SCMBlockDeletingService.java:call(155)) - Scanned deleted blocks log and got 0 delTX to process.
2019-08-05 04:38:32,574 INFO  client.GrpcClientProtocolClient (GrpcClientProtocolClient.java:onNext(255)) - client-8CDCEDECFFE4->3f4de2de-7d09-498f-aead-42327df81d94: receive RaftClientReply:client-8CDCEDECFFE4->3f4de2de-7d09-498f-aead-42327df81d94@group-C7908E81CC6B, cid=3713, SUCCESS, logIndex=5300, commits[3f4de2de-7d09-498f-aead-42327df81d94:c5303]
2019-08-05 04:38:32,575 INFO  client.GrpcClientProtocolClient (GrpcClientProtocolClient.java:onNext(255)) - client-8CDCEDECFFE4->3f4de2de-7d09-498f-aead-42327df81d94: receive RaftClientReply:client-8CDCEDECFFE4->3f4de2de-7d09-498f-aead-42327df81d94@group-C7908E81CC6B, cid=3714, SUCCESS, logIndex=5301, commits[3f4de2de-7d09-498f-aead-42327df81d94:c5304]
2019-08-05 04:38:32,575 INFO  client.GrpcClientProtocolClient (GrpcClientProtocolClient.java:onNext(255)) - client-8CDCEDECFFE4->3f4de2de-7d09-498f-aead-42327df81d94: receive RaftClientReply:client-8CDCEDECFFE4->3f4de2de-7d09-498f-aead-42327df81d94@group-C7908E81CC6B, cid=3715, SUCCESS, logIndex=5302, commits[3f4de2de-7d09-498f-aead-42327df81d94:c5304]
2019-08-05 04:38:32,576 INFO  client.GrpcClientProtocolClient (GrpcClientProtocolClient.java:onNext(255)) - client-8CDCEDECFFE4->3f4de2de-7d09-498f-aead-42327df81d94: receive RaftClientReply:client-8CDCEDECFFE4->3f4de2de-7d09-498f-aead-42327df81d94@group-C7908E81CC6B, cid=3716, SUCCESS, logIndex=5303, commits[3f4de2de-7d09-498f-aead-42327df81d94:c5304]
2019-08-05 04:38:32,595 INFO  client.GrpcClientProtocolClient (GrpcClientProtocolClient.java:onNext(255)) - client-8CDCEDECFFE4->3f4de2de-7d09-498f-aead-42327df81d94: receive RaftClientReply:client-8CDCEDECFFE4->3f4de2de-7d09-498f-aead-42327df81d94@group-C7908E81CC6B, cid=3717, SUCCESS, logIndex=5305, commits[3f4de2de-7d09-498f-aead-42327df81d94:c5306]
2019-08-05 04:38:32,595 INFO  client.GrpcClientProtocolClient (GrpcClientProtocolClient.java:onNext(255)) - client-8CDCEDECFFE4->3f4de2de-7d09-498f-aead-42327df81d94: receive RaftClientReply:client-8CDCEDECFFE4->3f4de2de-7d09-498f-aead-42327df81d94@group-C7908E81CC6B, cid=3718, SUCCESS, logIndex=5306, commits[3f4de2de-7d09-498f-aead-42327df81d94:c5306]
2019-08-05 04:38:32,598 INFO  client.GrpcClientProtocolClient (GrpcClientProtocolClient.java:onNext(255)) - client-8CDCEDECFFE4->3f4de2de-7d09-498f-aead-42327df81d94: receive RaftClientReply:client-8CDCEDECFFE4->3f4de2de-7d09-498f-aead-42327df81d94@group-C7908E81CC6B, cid=3719, SUCCESS, logIndex=5307, commits[3f4de2de-7d09-498f-aead-42327df81d94:c5309]
2019-08-05 04:38:32,599 INFO  client.GrpcClientProtocolClient (GrpcClientProtocolClient.java:onNext(255)) - client-8CDCEDECFFE4->3f4de2de-7d09-498f-aead-42327df81d94: receive RaftClientReply:client-8CDCEDECFFE4->3f4de2de-7d09-498f-aead-42327df81d94@group-C7908E81CC6B, cid=3720, SUCCESS, logIndex=5308, commits[3f4de2de-7d09-498f-aead-42327df81d94:c5309]
2019-08-05 04:38:32,631 INFO  client.GrpcClientProtocolClient (GrpcClientProtocolClient.java:onNext(255)) - client-8CDCEDECFFE4->3f4de2de-7d09-498f-aead-42327df81d94: receive RaftClientReply:client-8CDCEDECFFE4->3f4de2de-7d09-498f-aead-42327df81d94@group-C7908E81CC6B, cid=3721, SUCCESS, logIndex=5310, commits[3f4de2de-7d09-498f-aead-42327df81d94:c5313]
2019-08-05 04:38:32,631 INFO  client.GrpcClientProtocolClient (GrpcClientProtocolClient.java:onNext(255)) - client-8CDCEDECFFE4->3f4de2de-7d09-498f-aead-42327df81d94: receive RaftClientReply:client-8CDCEDECFFE4->3f4de2de-7d09-498f-aead-42327df81d94@group-C7908E81CC6B, cid=3722, SUCCESS, logIndex=5311, commits[3f4de2de-7d09-498f-aead-42327df81d94:c5314]
2019-08-05 04:38:32,632 INFO  client.GrpcClientProtocolClient (GrpcClientProtocolClient.java:onNext(255)) - client-8CDCEDECFFE4->3f4de2de-7d09-498f-aead-42327df81d94: receive RaftClientReply:client-8CDCEDECFFE4->3f4de2de-7d09-498f-aead-42327df81d94@group-C7908E81CC6B, cid=3723, SUCCESS, logIndex=5312, commits[3f4de2de-7d09-498f-aead-42327df81d94:c5314]
2019-08-05 04:38:32,632 INFO  client.GrpcClientProtocolClient (GrpcClientProtocolClient.java:onNext(255)) - client-8CDCEDECFFE4->3f4de2de-7d09-498f-aead-42327df81d94: receive RaftClientReply:client-8CDCEDECFFE4->3f4de2de-7d09-498f-aead-42327df81d94@group-C7908E81CC6B, cid=3724, SUCCESS, logIndex=5313, commits[3f4de2de-7d09-498f-aead-42327df81d94:c5314]
2019-08-05 04:38:32,638 DEBUG block.SCMBlockDeletingService (SCMBlockDeletingService.java:call(138)) - Running DeletedBlockTransactionScanner
2019-08-05 04:38:32,639 DEBUG block.SCMBlockDeletingService (SCMBlockDeletingService.java:call(155)) - Scanned deleted blocks log and got 0 delTX to process.
2019-08-05 04:38:32,651 INFO  client.GrpcClientProtocolClient (GrpcClientProtocolClient.java:onNext(255)) - client-8CDCEDECFFE4->3f4de2de-7d09-498f-aead-42327df81d94: receive RaftClientReply:client-8CDCEDECFFE4->3f4de2de-7d09-498f-aead-42327df81d94@group-C7908E81CC6B, cid=3725, SUCCESS, logIndex=5315, commits[3f4de2de-7d09-498f-aead-42327df81d94:c5316]
2019-08-05 04:38:32,651 INFO  client.GrpcClientProtocolClient (GrpcClientProtocolClient.java:onNext(255)) - client-8CDCEDECFFE4->3f4de2de-7d09-498f-aead-42327df81d94: receive RaftClientReply:client-8CDCEDECFFE4->3f4de2de-7d09-498f-aead-42327df81d94@group-C7908E81CC6B, cid=3726, SUCCESS, logIndex=5316, commits[3f4de2de-7d09-498f-aead-42327df81d94:c5316]
2019-08-05 04:38:32,653 INFO  client.GrpcClientProtocolClient (GrpcClientProtocolClient.java:onNext(255)) - client-8CDCEDECFFE4->3f4de2de-7d09-498f-aead-42327df81d94: receive RaftClientReply:client-8CDCEDECFFE4->3f4de2de-7d09-498f-aead-42327df81d94@group-C7908E81CC6B, cid=3727, SUCCESS, logIndex=5317, commits[3f4de2de-7d09-498f-aead-42327df81d94:c5318]
2019-08-05 04:38:32,653 INFO  client.GrpcClientProtocolClient (GrpcClientProtocolClient.java:onNext(255)) - client-8CDCEDECFFE4->3f4de2de-7d09-498f-aead-42327df81d94: receive RaftClientReply:client-8CDCEDECFFE4->3f4de2de-7d09-498f-aead-42327df81d94@group-C7908E81CC6B, cid=3728, SUCCESS, logIndex=5318, commits[3f4de2de-7d09-498f-aead-42327df81d94:c5318]
2019-08-05 04:38:32,684 INFO  client.GrpcClientProtocolClient (GrpcClientProtocolClient.java:onNext(255)) - client-8CDCEDECFFE4->3f4de2de-7d09-498f-aead-42327df81d94: receive RaftClientReply:client-8CDCEDECFFE4->3f4de2de-7d09-498f-aead-42327df81d94@group-C7908E81CC6B, cid=3729, SUCCESS, logIndex=5321, commits[3f4de2de-7d09-498f-aead-42327df81d94:c5322]
2019-08-05 04:38:32,685 INFO  client.GrpcClientProtocolClient (GrpcClientProtocolClient.java:onNext(255)) - client-8CDCEDECFFE4->3f4de2de-7d09-498f-aead-42327df81d94: receive RaftClientReply:client-8CDCEDECFFE4->3f4de2de-7d09-498f-aead-42327df81d94@group-C7908E81CC6B, cid=3730, SUCCESS, logIndex=5322, commits[3f4de2de-7d09-498f-aead-42327df81d94:c5322]
2019-08-05 04:38:32,687 INFO  client.GrpcClientProtocolClient (GrpcClientProtocolClient.java:onNext(255)) - client-8CDCEDECFFE4->3f4de2de-7d09-498f-aead-42327df81d94: receive RaftClientReply:client-8CDCEDECFFE4->3f4de2de-7d09-498f-aead-42327df81d94@group-C7908E81CC6B, cid=3731, SUCCESS, logIndex=5323, commits[3f4de2de-7d09-498f-aead-42327df81d94:c5324]
2019-08-05 04:38:32,687 INFO  client.GrpcClientProtocolClient (GrpcClientProtocolClient.java:onNext(255)) - client-8CDCEDECFFE4->3f4de2de-7d09-498f-aead-42327df81d94: receive RaftClientReply:client-8CDCEDECFFE4->3f4de2de-7d09-498f-aead-42327df81d94@group-C7908E81CC6B, cid=3732, SUCCESS, logIndex=5324, commits[3f4de2de-7d09-498f-aead-42327df81d94:c5324]
2019-08-05 04:38:32,700 INFO  client.GrpcClientProtocolClient (GrpcClientProtocolClient.java:onNext(255)) - client-8CDCEDECFFE4->3f4de2de-7d09-498f-aead-42327df81d94: receive RaftClientReply:client-8CDCEDECFFE4->3f4de2de-7d09-498f-aead-42327df81d94@group-C7908E81CC6B, cid=3733, SUCCESS, logIndex=5327, commits[3f4de2de-7d09-498f-aead-42327df81d94:c5328]
2019-08-05 04:38:32,700 INFO  client.GrpcClientProtocolClient (GrpcClientProtocolClient.java:onNext(255)) - client-8CDCEDECFFE4->3f4de2de-7d09-498f-aead-42327df81d94: receive RaftClientReply:client-8CDCEDECFFE4->3f4de2de-7d09-498f-aead-42327df81d94@group-C7908E81CC6B, cid=3734, SUCCESS, logIndex=5328, commits[3f4de2de-7d09-498f-aead-42327df81d94:c5328]
2019-08-05 04:38:32,711 INFO  client.GrpcClientProtocolClient (GrpcClientProtocolClient.java:onNext(255)) - client-8CDCEDECFFE4->3f4de2de-7d09-498f-aead-42327df81d94: receive RaftClientReply:client-8CDCEDECFFE4->3f4de2de-7d09-498f-aead-42327df81d94@group-C7908E81CC6B, cid=3735, SUCCESS, logIndex=5329, commits[3f4de2de-7d09-498f-aead-42327df81d94:c5330]
2019-08-05 04:38:32,711 INFO  client.GrpcClientProtocolClient (GrpcClientProtocolClient.java:onNext(255)) - client-8CDCEDECFFE4->3f4de2de-7d09-498f-aead-42327df81d94: receive RaftClientReply:client-8CDCEDECFFE4->3f4de2de-7d09-498f-aead-42327df81d94@group-C7908E81CC6B, cid=3736, SUCCESS, logIndex=5330, commits[3f4de2de-7d09-498f-aead-42327df81d94:c5331]
2019-08-05 04:38:32,739 DEBUG block.SCMBlockDeletingService (SCMBlockDeletingService.java:call(138)) - Running DeletedBlockTransactionScanner
2019-08-05 04:38:32,739 DEBUG block.SCMBlockDeletingService (SCMBlockDeletingService.java:call(155)) - Scanned deleted blocks log and got 0 delTX to process.
2019-08-05 04:38:32,742 INFO  client.GrpcClientProtocolClient (GrpcClientProtocolClient.java:onNext(255)) - client-8CDCEDECFFE4->3f4de2de-7d09-498f-aead-42327df81d94: receive RaftClientReply:client-8CDCEDECFFE4->3f4de2de-7d09-498f-aead-42327df81d94@group-C7908E81CC6B, cid=3737, SUCCESS, logIndex=5333, commits[3f4de2de-7d09-498f-aead-42327df81d94:c5334]
2019-08-05 04:38:32,743 INFO  client.GrpcClientProtocolClient (GrpcClientProtocolClient.java:onNext(255)) - client-8CDCEDECFFE4->3f4de2de-7d09-498f-aead-42327df81d94: receive RaftClientReply:client-8CDCEDECFFE4->3f4de2de-7d09-498f-aead-42327df81d94@group-C7908E81CC6B, cid=3738, SUCCESS, logIndex=5334, commits[3f4de2de-7d09-498f-aead-42327df81d94:c5334]
2019-08-05 04:38:32,744 INFO  client.GrpcClientProtocolClient (GrpcClientProtocolClient.java:onNext(255)) - client-8CDCEDECFFE4->3f4de2de-7d09-498f-aead-42327df81d94: receive RaftClientReply:client-8CDCEDECFFE4->3f4de2de-7d09-498f-aead-42327df81d94@group-C7908E81CC6B, cid=3739, SUCCESS, logIndex=5335, commits[3f4de2de-7d09-498f-aead-42327df81d94:c5336]
2019-08-05 04:38:32,745 INFO  client.GrpcClientProtocolClient (GrpcClientProtocolClient.java:onNext(255)) - client-8CDCEDECFFE4->3f4de2de-7d09-498f-aead-42327df81d94: receive RaftClientReply:client-8CDCEDECFFE4->3f4de2de-7d09-498f-aead-42327df81d94@group-C7908E81CC6B, cid=3740, SUCCESS, logIndex=5336, commits[3f4de2de-7d09-498f-aead-42327df81d94:c5336]
2019-08-05 04:38:32,766 INFO  client.GrpcClientProtocolClient (GrpcClientProtocolClient.java:onNext(255)) - client-8CDCEDECFFE4->3f4de2de-7d09-498f-aead-42327df81d94: receive RaftClientReply:client-8CDCEDECFFE4->3f4de2de-7d09-498f-aead-42327df81d94@group-C7908E81CC6B, cid=3741, SUCCESS, logIndex=5339, commits[3f4de2de-7d09-498f-aead-42327df81d94:c5342]
2019-08-05 04:38:32,767 INFO  client.GrpcClientProtocolClient (GrpcClientProtocolClient.java:onNext(255)) - client-8CDCEDECFFE4->3f4de2de-7d09-498f-aead-42327df81d94: receive RaftClientReply:client-8CDCEDECFFE4->3f4de2de-7d09-498f-aead-42327df81d94@group-C7908E81CC6B, cid=3742, SUCCESS, logIndex=5340, commits[3f4de2de-7d09-498f-aead-42327df81d94:c5342]
2019-08-05 04:38:32,767 INFO  client.GrpcClientProtocolClient (GrpcClientProtocolClient.java:onNext(255)) - client-8CDCEDECFFE4->3f4de2de-7d09-498f-aead-42327df81d94: receive RaftClientReply:client-8CDCEDECFFE4->3f4de2de-7d09-498f-aead-42327df81d94@group-C7908E81CC6B, cid=3743, SUCCESS, logIndex=5341, commits[3f4de2de-7d09-498f-aead-42327df81d94:c5343]
2019-08-05 04:38:32,767 INFO  client.GrpcClientProtocolClient (GrpcClientProtocolClient.java:onNext(255)) - client-8CDCEDECFFE4->3f4de2de-7d09-498f-aead-42327df81d94: receive RaftClientReply:client-8CDCEDECFFE4->3f4de2de-7d09-498f-aead-42327df81d94@group-C7908E81CC6B, cid=3744, SUCCESS, logIndex=5342, commits[3f4de2de-7d09-498f-aead-42327df81d94:c5343]
2019-08-05 04:38:32,795 INFO  client.GrpcClientProtocolClient (GrpcClientProtocolClient.java:onNext(255)) - client-8CDCEDECFFE4->3f4de2de-7d09-498f-aead-42327df81d94: receive RaftClientReply:client-8CDCEDECFFE4->3f4de2de-7d09-498f-aead-42327df81d94@group-C7908E81CC6B, cid=3745, SUCCESS, logIndex=5344, commits[3f4de2de-7d09-498f-aead-42327df81d94:c5345]
2019-08-05 04:38:32,796 INFO  client.GrpcClientProtocolClient (GrpcClientProtocolClient.java:onNext(255)) - client-8CDCEDECFFE4->3f4de2de-7d09-498f-aead-42327df81d94: receive RaftClientReply:client-8CDCEDECFFE4->3f4de2de-7d09-498f-aead-42327df81d94@group-C7908E81CC6B, cid=3746, SUCCESS, logIndex=5345, commits[3f4de2de-7d09-498f-aead-42327df81d94:c5345]
2019-08-05 04:38:32,797 INFO  client.GrpcClientProtocolClient (GrpcClientProtocolClient.java:onNext(255)) - client-8CDCEDECFFE4->3f4de2de-7d09-498f-aead-42327df81d94: receive RaftClientReply:client-8CDCEDECFFE4->3f4de2de-7d09-498f-aead-42327df81d94@group-C7908E81CC6B, cid=3747, SUCCESS, logIndex=5346, commits[3f4de2de-7d09-498f-aead-42327df81d94:c5347]
2019-08-05 04:38:32,797 INFO  client.GrpcClientProtocolClient (GrpcClientProtocolClient.java:onNext(255)) - client-8CDCEDECFFE4->3f4de2de-7d09-498f-aead-42327df81d94: receive RaftClientReply:client-8CDCEDECFFE4->3f4de2de-7d09-498f-aead-42327df81d94@group-C7908E81CC6B, cid=3748, SUCCESS, logIndex=5347, commits[3f4de2de-7d09-498f-aead-42327df81d94:c5347]
2019-08-05 04:38:32,815 INFO  client.GrpcClientProtocolClient (GrpcClientProtocolClient.java:onNext(255)) - client-8CDCEDECFFE4->3f4de2de-7d09-498f-aead-42327df81d94: receive RaftClientReply:client-8CDCEDECFFE4->3f4de2de-7d09-498f-aead-42327df81d94@group-C7908E81CC6B, cid=3749, SUCCESS, logIndex=5350, commits[3f4de2de-7d09-498f-aead-42327df81d94:c5351]
2019-08-05 04:38:32,816 INFO  client.GrpcClientProtocolClient (GrpcClientProtocolClient.java:onNext(255)) - client-8CDCEDECFFE4->3f4de2de-7d09-498f-aead-42327df81d94: receive RaftClientReply:client-8CDCEDECFFE4->3f4de2de-7d09-498f-aead-42327df81d94@group-C7908E81CC6B, cid=3750, SUCCESS, logIndex=5351, commits[3f4de2de-7d09-498f-aead-42327df81d94:c5351]
2019-08-05 04:38:32,817 INFO  client.GrpcClientProtocolClient (GrpcClientProtocolClient.java:onNext(255)) - client-8CDCEDECFFE4->3f4de2de-7d09-498f-aead-42327df81d94: receive RaftClientReply:client-8CDCEDECFFE4->3f4de2de-7d09-498f-aead-42327df81d94@group-C7908E81CC6B, cid=3751, SUCCESS, logIndex=5352, commits[3f4de2de-7d09-498f-aead-42327df81d94:c5353]
2019-08-05 04:38:32,818 INFO  client.GrpcClientProtocolClient (GrpcClientProtocolClient.java:onNext(255)) - client-8CDCEDECFFE4->3f4de2de-7d09-498f-aead-42327df81d94: receive RaftClientReply:client-8CDCEDECFFE4->3f4de2de-7d09-498f-aead-42327df81d94@group-C7908E81CC6B, cid=3752, SUCCESS, logIndex=5353, commits[3f4de2de-7d09-498f-aead-42327df81d94:c5353]
2019-08-05 04:38:32,840 DEBUG block.SCMBlockDeletingService (SCMBlockDeletingService.java:call(138)) - Running DeletedBlockTransactionScanner
2019-08-05 04:38:32,840 DEBUG block.SCMBlockDeletingService (SCMBlockDeletingService.java:call(155)) - Scanned deleted blocks log and got 0 delTX to process.
2019-08-05 04:38:32,847 INFO  client.GrpcClientProtocolClient (GrpcClientProtocolClient.java:onNext(255)) - client-8CDCEDECFFE4->3f4de2de-7d09-498f-aead-42327df81d94: receive RaftClientReply:client-8CDCEDECFFE4->3f4de2de-7d09-498f-aead-42327df81d94@group-C7908E81CC6B, cid=3753, SUCCESS, logIndex=5356, commits[3f4de2de-7d09-498f-aead-42327df81d94:c5357]
2019-08-05 04:38:32,848 INFO  client.GrpcClientProtocolClient (GrpcClientProtocolClient.java:onNext(255)) - client-8CDCEDECFFE4->3f4de2de-7d09-498f-aead-42327df81d94: receive RaftClientReply:client-8CDCEDECFFE4->3f4de2de-7d09-498f-aead-42327df81d94@group-C7908E81CC6B, cid=3754, SUCCESS, logIndex=5357, commits[3f4de2de-7d09-498f-aead-42327df81d94:c5357]
2019-08-05 04:38:32,848 INFO  client.GrpcClientProtocolClient (GrpcClientProtocolClient.java:onNext(255)) - client-8CDCEDECFFE4->3f4de2de-7d09-498f-aead-42327df81d94: receive RaftClientReply:client-8CDCEDECFFE4->3f4de2de-7d09-498f-aead-42327df81d94@group-C7908E81CC6B, cid=3755, SUCCESS, logIndex=5358, commits[3f4de2de-7d09-498f-aead-42327df81d94:c5359]
2019-08-05 04:38:32,849 INFO  client.GrpcClientProtocolClient (GrpcClientProtocolClient.java:onNext(255)) - client-8CDCEDECFFE4->3f4de2de-7d09-498f-aead-42327df81d94: receive RaftClientReply:client-8CDCEDECFFE4->3f4de2de-7d09-498f-aead-42327df81d94@group-C7908E81CC6B, cid=3756, SUCCESS, logIndex=5359, commits[3f4de2de-7d09-498f-aead-42327df81d94:c5359]
2019-08-05 04:38:32,940 DEBUG block.SCMBlockDeletingService (SCMBlockDeletingService.java:call(138)) - Running DeletedBlockTransactionScanner
2019-08-05 04:38:32,940 DEBUG block.SCMBlockDeletingService (SCMBlockDeletingService.java:call(155)) - Scanned deleted blocks log and got 0 delTX to process.
2019-08-05 04:38:32,977 INFO  client.GrpcClientProtocolClient (GrpcClientProtocolClient.java:onNext(255)) - client-8CDCEDECFFE4->3f4de2de-7d09-498f-aead-42327df81d94: receive RaftClientReply:client-8CDCEDECFFE4->3f4de2de-7d09-498f-aead-42327df81d94@group-C7908E81CC6B, cid=3757, SUCCESS, logIndex=5362, commits[3f4de2de-7d09-498f-aead-42327df81d94:c5365]
2019-08-05 04:38:32,978 INFO  client.GrpcClientProtocolClient (GrpcClientProtocolClient.java:onNext(255)) - client-8CDCEDECFFE4->3f4de2de-7d09-498f-aead-42327df81d94: receive RaftClientReply:client-8CDCEDECFFE4->3f4de2de-7d09-498f-aead-42327df81d94@group-C7908E81CC6B, cid=3758, SUCCESS, logIndex=5363, commits[3f4de2de-7d09-498f-aead-42327df81d94:c5366]
2019-08-05 04:38:32,978 INFO  client.GrpcClientProtocolClient (GrpcClientProtocolClient.java:onNext(255)) - client-8CDCEDECFFE4->3f4de2de-7d09-498f-aead-42327df81d94: receive RaftClientReply:client-8CDCEDECFFE4->3f4de2de-7d09-498f-aead-42327df81d94@group-C7908E81CC6B, cid=3759, SUCCESS, logIndex=5364, commits[3f4de2de-7d09-498f-aead-42327df81d94:c5366]
2019-08-05 04:38:32,978 INFO  client.GrpcClientProtocolClient (GrpcClientProtocolClient.java:onNext(255)) - client-8CDCEDECFFE4->3f4de2de-7d09-498f-aead-42327df81d94: receive RaftClientReply:client-8CDCEDECFFE4->3f4de2de-7d09-498f-aead-42327df81d94@group-C7908E81CC6B, cid=3760, SUCCESS, logIndex=5365, commits[3f4de2de-7d09-498f-aead-42327df81d94:c5366]
2019-08-05 04:38:33,010 INFO  client.GrpcClientProtocolClient (GrpcClientProtocolClient.java:onNext(255)) - client-8CDCEDECFFE4->3f4de2de-7d09-498f-aead-42327df81d94: receive RaftClientReply:client-8CDCEDECFFE4->3f4de2de-7d09-498f-aead-42327df81d94@group-C7908E81CC6B, cid=3761, SUCCESS, logIndex=5367, commits[3f4de2de-7d09-498f-aead-42327df81d94:c5370]
2019-08-05 04:38:33,011 INFO  client.GrpcClientProtocolClient (GrpcClientProtocolClient.java:onNext(255)) - client-8CDCEDECFFE4->3f4de2de-7d09-498f-aead-42327df81d94: receive RaftClientReply:client-8CDCEDECFFE4->3f4de2de-7d09-498f-aead-42327df81d94@group-C7908E81CC6B, cid=3762, SUCCESS, logIndex=5368, commits[3f4de2de-7d09-498f-aead-42327df81d94:c5371]
2019-08-05 04:38:33,012 INFO  client.GrpcClientProtocolClient (GrpcClientProtocolClient.java:onNext(255)) - client-8CDCEDECFFE4->3f4de2de-7d09-498f-aead-42327df81d94: receive RaftClientReply:client-8CDCEDECFFE4->3f4de2de-7d09-498f-aead-42327df81d94@group-C7908E81CC6B, cid=3763, SUCCESS, logIndex=5369, commits[3f4de2de-7d09-498f-aead-42327df81d94:c5371]
2019-08-05 04:38:33,012 INFO  client.GrpcClientProtocolClient (GrpcClientProtocolClient.java:onNext(255)) - client-8CDCEDECFFE4->3f4de2de-7d09-498f-aead-42327df81d94: receive RaftClientReply:client-8CDCEDECFFE4->3f4de2de-7d09-498f-aead-42327df81d94@group-C7908E81CC6B, cid=3764, SUCCESS, logIndex=5370, commits[3f4de2de-7d09-498f-aead-42327df81d94:c5371]
2019-08-05 04:38:33,032 INFO  client.GrpcClientProtocolClient (GrpcClientProtocolClient.java:onNext(255)) - client-8CDCEDECFFE4->3f4de2de-7d09-498f-aead-42327df81d94: receive RaftClientReply:client-8CDCEDECFFE4->3f4de2de-7d09-498f-aead-42327df81d94@group-C7908E81CC6B, cid=3765, SUCCESS, logIndex=5372, commits[3f4de2de-7d09-498f-aead-42327df81d94:c5375]
2019-08-05 04:38:33,032 INFO  client.GrpcClientProtocolClient (GrpcClientProtocolClient.java:onNext(255)) - client-8CDCEDECFFE4->3f4de2de-7d09-498f-aead-42327df81d94: receive RaftClientReply:client-8CDCEDECFFE4->3f4de2de-7d09-498f-aead-42327df81d94@group-C7908E81CC6B, cid=3766, SUCCESS, logIndex=5373, commits[3f4de2de-7d09-498f-aead-42327df81d94:c5375]
2019-08-05 04:38:33,033 INFO  client.GrpcClientProtocolClient (GrpcClientProtocolClient.java:onNext(255)) - client-8CDCEDECFFE4->3f4de2de-7d09-498f-aead-42327df81d94: receive RaftClientReply:client-8CDCEDECFFE4->3f4de2de-7d09-498f-aead-42327df81d94@group-C7908E81CC6B, cid=3767, SUCCESS, logIndex=5374, commits[3f4de2de-7d09-498f-aead-42327df81d94:c5376]
2019-08-05 04:38:33,033 INFO  client.GrpcClientProtocolClient (GrpcClientProtocolClient.java:onNext(255)) - client-8CDCEDECFFE4->3f4de2de-7d09-498f-aead-42327df81d94: receive RaftClientReply:client-8CDCEDECFFE4->3f4de2de-7d09-498f-aead-42327df81d94@group-C7908E81CC6B, cid=3768, SUCCESS, logIndex=5375, commits[3f4de2de-7d09-498f-aead-42327df81d94:c5376]
2019-08-05 04:38:33,041 DEBUG block.SCMBlockDeletingService (SCMBlockDeletingService.java:call(138)) - Running DeletedBlockTransactionScanner
2019-08-05 04:38:33,041 DEBUG block.SCMBlockDeletingService (SCMBlockDeletingService.java:call(155)) - Scanned deleted blocks log and got 0 delTX to process.
2019-08-05 04:38:33,064 INFO  client.GrpcClientProtocolClient (GrpcClientProtocolClient.java:onNext(255)) - client-8CDCEDECFFE4->3f4de2de-7d09-498f-aead-42327df81d94: receive RaftClientReply:client-8CDCEDECFFE4->3f4de2de-7d09-498f-aead-42327df81d94@group-C7908E81CC6B, cid=3769, SUCCESS, logIndex=5377, commits[3f4de2de-7d09-498f-aead-42327df81d94:c5378]
2019-08-05 04:38:33,064 INFO  client.GrpcClientProtocolClient (GrpcClientProtocolClient.java:onNext(255)) - client-8CDCEDECFFE4->3f4de2de-7d09-498f-aead-42327df81d94: receive RaftClientReply:client-8CDCEDECFFE4->3f4de2de-7d09-498f-aead-42327df81d94@group-C7908E81CC6B, cid=3770, SUCCESS, logIndex=5378, commits[3f4de2de-7d09-498f-aead-42327df81d94:c5380]
2019-08-05 04:38:33,065 INFO  client.GrpcClientProtocolClient (GrpcClientProtocolClient.java:onNext(255)) - client-8CDCEDECFFE4->3f4de2de-7d09-498f-aead-42327df81d94: receive RaftClientReply:client-8CDCEDECFFE4->3f4de2de-7d09-498f-aead-42327df81d94@group-C7908E81CC6B, cid=3771, SUCCESS, logIndex=5379, commits[3f4de2de-7d09-498f-aead-42327df81d94:c5380]
2019-08-05 04:38:33,065 INFO  client.GrpcClientProtocolClient (GrpcClientProtocolClient.java:onNext(255)) - client-8CDCEDECFFE4->3f4de2de-7d09-498f-aead-42327df81d94: receive RaftClientReply:client-8CDCEDECFFE4->3f4de2de-7d09-498f-aead-42327df81d94@group-C7908E81CC6B, cid=3772, SUCCESS, logIndex=5380, commits[3f4de2de-7d09-498f-aead-42327df81d94:c5381]
2019-08-05 04:38:33,084 INFO  client.GrpcClientProtocolClient (GrpcClientProtocolClient.java:onNext(255)) - client-8CDCEDECFFE4->3f4de2de-7d09-498f-aead-42327df81d94: receive RaftClientReply:client-8CDCEDECFFE4->3f4de2de-7d09-498f-aead-42327df81d94@group-C7908E81CC6B, cid=3773, SUCCESS, logIndex=5383, commits[3f4de2de-7d09-498f-aead-42327df81d94:c5384]
2019-08-05 04:38:33,084 INFO  client.GrpcClientProtocolClient (GrpcClientProtocolClient.java:onNext(255)) - client-8CDCEDECFFE4->3f4de2de-7d09-498f-aead-42327df81d94: receive RaftClientReply:client-8CDCEDECFFE4->3f4de2de-7d09-498f-aead-42327df81d94@group-C7908E81CC6B, cid=3774, SUCCESS, logIndex=5384, commits[3f4de2de-7d09-498f-aead-42327df81d94:c5386]
2019-08-05 04:38:33,084 INFO  client.GrpcClientProtocolClient (GrpcClientProtocolClient.java:onNext(255)) - client-8CDCEDECFFE4->3f4de2de-7d09-498f-aead-42327df81d94: receive RaftClientReply:client-8CDCEDECFFE4->3f4de2de-7d09-498f-aead-42327df81d94@group-C7908E81CC6B, cid=3775, SUCCESS, logIndex=5385, commits[3f4de2de-7d09-498f-aead-42327df81d94:c5387]
2019-08-05 04:38:33,085 INFO  client.GrpcClientProtocolClient (GrpcClientProtocolClient.java:onNext(255)) - client-8CDCEDECFFE4->3f4de2de-7d09-498f-aead-42327df81d94: receive RaftClientReply:client-8CDCEDECFFE4->3f4de2de-7d09-498f-aead-42327df81d94@group-C7908E81CC6B, cid=3776, SUCCESS, logIndex=5386, commits[3f4de2de-7d09-498f-aead-42327df81d94:c5387]
2019-08-05 04:38:33,112 INFO  client.GrpcClientProtocolClient (GrpcClientProtocolClient.java:onNext(255)) - client-8CDCEDECFFE4->3f4de2de-7d09-498f-aead-42327df81d94: receive RaftClientReply:client-8CDCEDECFFE4->3f4de2de-7d09-498f-aead-42327df81d94@group-C7908E81CC6B, cid=3777, SUCCESS, logIndex=5389, commits[3f4de2de-7d09-498f-aead-42327df81d94:c5390]
2019-08-05 04:38:33,113 INFO  client.GrpcClientProtocolClient (GrpcClientProtocolClient.java:onNext(255)) - client-8CDCEDECFFE4->3f4de2de-7d09-498f-aead-42327df81d94: receive RaftClientReply:client-8CDCEDECFFE4->3f4de2de-7d09-498f-aead-42327df81d94@group-C7908E81CC6B, cid=3778, SUCCESS, logIndex=5390, commits[3f4de2de-7d09-498f-aead-42327df81d94:c5390]
2019-08-05 04:38:33,114 INFO  client.GrpcClientProtocolClient (GrpcClientProtocolClient.java:onNext(255)) - client-8CDCEDECFFE4->3f4de2de-7d09-498f-aead-42327df81d94: receive RaftClientReply:client-8CDCEDECFFE4->3f4de2de-7d09-498f-aead-42327df81d94@group-C7908E81CC6B, cid=3779, SUCCESS, logIndex=5391, commits[3f4de2de-7d09-498f-aead-42327df81d94:c5392]
2019-08-05 04:38:33,115 INFO  client.GrpcClientProtocolClient (GrpcClientProtocolClient.java:onNext(255)) - client-8CDCEDECFFE4->3f4de2de-7d09-498f-aead-42327df81d94: receive RaftClientReply:client-8CDCEDECFFE4->3f4de2de-7d09-498f-aead-42327df81d94@group-C7908E81CC6B, cid=3780, SUCCESS, logIndex=5392, commits[3f4de2de-7d09-498f-aead-42327df81d94:c5392]
2019-08-05 04:38:33,139 INFO  client.GrpcClientProtocolClient (GrpcClientProtocolClient.java:onNext(255)) - client-8CDCEDECFFE4->3f4de2de-7d09-498f-aead-42327df81d94: receive RaftClientReply:client-8CDCEDECFFE4->3f4de2de-7d09-498f-aead-42327df81d94@group-C7908E81CC6B, cid=3781, SUCCESS, logIndex=5395, commits[3f4de2de-7d09-498f-aead-42327df81d94:c5398]
2019-08-05 04:38:33,139 INFO  client.GrpcClientProtocolClient (GrpcClientProtocolClient.java:onNext(255)) - client-8CDCEDECFFE4->3f4de2de-7d09-498f-aead-42327df81d94: receive RaftClientReply:client-8CDCEDECFFE4->3f4de2de-7d09-498f-aead-42327df81d94@group-C7908E81CC6B, cid=3782, SUCCESS, logIndex=5396, commits[3f4de2de-7d09-498f-aead-42327df81d94:c5398]
2019-08-05 04:38:33,139 INFO  client.GrpcClientProtocolClient (GrpcClientProtocolClient.java:onNext(255)) - client-8CDCEDECFFE4->3f4de2de-7d09-498f-aead-42327df81d94: receive RaftClientReply:client-8CDCEDECFFE4->3f4de2de-7d09-498f-aead-42327df81d94@group-C7908E81CC6B, cid=3783, SUCCESS, logIndex=5397, commits[3f4de2de-7d09-498f-aead-42327df81d94:c5399]
2019-08-05 04:38:33,140 INFO  client.GrpcClientProtocolClient (GrpcClientProtocolClient.java:onNext(255)) - client-8CDCEDECFFE4->3f4de2de-7d09-498f-aead-42327df81d94: receive RaftClientReply:client-8CDCEDECFFE4->3f4de2de-7d09-498f-aead-42327df81d94@group-C7908E81CC6B, cid=3784, SUCCESS, logIndex=5398, commits[3f4de2de-7d09-498f-aead-42327df81d94:c5399]
2019-08-05 04:38:33,141 DEBUG block.SCMBlockDeletingService (SCMBlockDeletingService.java:call(138)) - Running DeletedBlockTransactionScanner
2019-08-05 04:38:33,142 DEBUG block.SCMBlockDeletingService (SCMBlockDeletingService.java:call(155)) - Scanned deleted blocks log and got 0 delTX to process.
2019-08-05 04:38:33,171 INFO  client.GrpcClientProtocolClient (GrpcClientProtocolClient.java:onNext(255)) - client-8CDCEDECFFE4->3f4de2de-7d09-498f-aead-42327df81d94: receive RaftClientReply:client-8CDCEDECFFE4->3f4de2de-7d09-498f-aead-42327df81d94@group-C7908E81CC6B, cid=3785, SUCCESS, logIndex=5400, commits[3f4de2de-7d09-498f-aead-42327df81d94:c5401]
2019-08-05 04:38:33,171 INFO  client.GrpcClientProtocolClient (GrpcClientProtocolClient.java:onNext(255)) - client-8CDCEDECFFE4->3f4de2de-7d09-498f-aead-42327df81d94: receive RaftClientReply:client-8CDCEDECFFE4->3f4de2de-7d09-498f-aead-42327df81d94@group-C7908E81CC6B, cid=3786, SUCCESS, logIndex=5401, commits[3f4de2de-7d09-498f-aead-42327df81d94:c5403]
2019-08-05 04:38:33,171 INFO  client.GrpcClientProtocolClient (GrpcClientProtocolClient.java:onNext(255)) - client-8CDCEDECFFE4->3f4de2de-7d09-498f-aead-42327df81d94: receive RaftClientReply:client-8CDCEDECFFE4->3f4de2de-7d09-498f-aead-42327df81d94@group-C7908E81CC6B, cid=3787, SUCCESS, logIndex=5402, commits[3f4de2de-7d09-498f-aead-42327df81d94:c5403]
2019-08-05 04:38:33,172 INFO  client.GrpcClientProtocolClient (GrpcClientProtocolClient.java:onNext(255)) - client-8CDCEDECFFE4->3f4de2de-7d09-498f-aead-42327df81d94: receive RaftClientReply:client-8CDCEDECFFE4->3f4de2de-7d09-498f-aead-42327df81d94@group-C7908E81CC6B, cid=3788, SUCCESS, logIndex=5403, commits[3f4de2de-7d09-498f-aead-42327df81d94:c5404]
2019-08-05 04:38:33,191 INFO  client.GrpcClientProtocolClient (GrpcClientProtocolClient.java:onNext(255)) - client-8CDCEDECFFE4->3f4de2de-7d09-498f-aead-42327df81d94: receive RaftClientReply:client-8CDCEDECFFE4->3f4de2de-7d09-498f-aead-42327df81d94@group-C7908E81CC6B, cid=3789, SUCCESS, logIndex=5406, commits[3f4de2de-7d09-498f-aead-42327df81d94:c5409]
2019-08-05 04:38:33,191 INFO  client.GrpcClientProtocolClient (GrpcClientProtocolClient.java:onNext(255)) - client-8CDCEDECFFE4->3f4de2de-7d09-498f-aead-42327df81d94: receive RaftClientReply:client-8CDCEDECFFE4->3f4de2de-7d09-498f-aead-42327df81d94@group-C7908E81CC6B, cid=3790, SUCCESS, logIndex=5407, commits[3f4de2de-7d09-498f-aead-42327df81d94:c5409]
2019-08-05 04:38:33,192 INFO  client.GrpcClientProtocolClient (GrpcClientProtocolClient.java:onNext(255)) - client-8CDCEDECFFE4->3f4de2de-7d09-498f-aead-42327df81d94: receive RaftClientReply:client-8CDCEDECFFE4->3f4de2de-7d09-498f-aead-42327df81d94@group-C7908E81CC6B, cid=3791, SUCCESS, logIndex=5408, commits[3f4de2de-7d09-498f-aead-42327df81d94:c5410]
2019-08-05 04:38:33,192 INFO  client.GrpcClientProtocolClient (GrpcClientProtocolClient.java:onNext(255)) - client-8CDCEDECFFE4->3f4de2de-7d09-498f-aead-42327df81d94: receive RaftClientReply:client-8CDCEDECFFE4->3f4de2de-7d09-498f-aead-42327df81d94@group-C7908E81CC6B, cid=3792, SUCCESS, logIndex=5409, commits[3f4de2de-7d09-498f-aead-42327df81d94:c5411]
2019-08-05 04:38:33,223 INFO  client.GrpcClientProtocolClient (GrpcClientProtocolClient.java:onNext(255)) - client-8CDCEDECFFE4->3f4de2de-7d09-498f-aead-42327df81d94: receive RaftClientReply:client-8CDCEDECFFE4->3f4de2de-7d09-498f-aead-42327df81d94@group-C7908E81CC6B, cid=3793, SUCCESS, logIndex=5412, commits[3f4de2de-7d09-498f-aead-42327df81d94:c5413]
2019-08-05 04:38:33,223 INFO  client.GrpcClientProtocolClient (GrpcClientProtocolClient.java:onNext(255)) - client-8CDCEDECFFE4->3f4de2de-7d09-498f-aead-42327df81d94: receive RaftClientReply:client-8CDCEDECFFE4->3f4de2de-7d09-498f-aead-42327df81d94@group-C7908E81CC6B, cid=3794, SUCCESS, logIndex=5413, commits[3f4de2de-7d09-498f-aead-42327df81d94:c5415]
2019-08-05 04:38:33,224 INFO  client.GrpcClientProtocolClient (GrpcClientProtocolClient.java:onNext(255)) - client-8CDCEDECFFE4->3f4de2de-7d09-498f-aead-42327df81d94: receive RaftClientReply:client-8CDCEDECFFE4->3f4de2de-7d09-498f-aead-42327df81d94@group-C7908E81CC6B, cid=3795, SUCCESS, logIndex=5414, commits[3f4de2de-7d09-498f-aead-42327df81d94:c5415]
2019-08-05 04:38:33,224 INFO  client.GrpcClientProtocolClient (GrpcClientProtocolClient.java:onNext(255)) - client-8CDCEDECFFE4->3f4de2de-7d09-498f-aead-42327df81d94: receive RaftClientReply:client-8CDCEDECFFE4->3f4de2de-7d09-498f-aead-42327df81d94@group-C7908E81CC6B, cid=3796, SUCCESS, logIndex=5415, commits[3f4de2de-7d09-498f-aead-42327df81d94:c5416]
2019-08-05 04:38:33,242 DEBUG block.SCMBlockDeletingService (SCMBlockDeletingService.java:call(138)) - Running DeletedBlockTransactionScanner
2019-08-05 04:38:33,242 DEBUG block.SCMBlockDeletingService (SCMBlockDeletingService.java:call(155)) - Scanned deleted blocks log and got 0 delTX to process.
2019-08-05 04:38:33,242 INFO  client.GrpcClientProtocolClient (GrpcClientProtocolClient.java:onNext(255)) - client-8CDCEDECFFE4->3f4de2de-7d09-498f-aead-42327df81d94: receive RaftClientReply:client-8CDCEDECFFE4->3f4de2de-7d09-498f-aead-42327df81d94@group-C7908E81CC6B, cid=3797, SUCCESS, logIndex=5418, commits[3f4de2de-7d09-498f-aead-42327df81d94:c5419]
2019-08-05 04:38:33,243 INFO  client.GrpcClientProtocolClient (GrpcClientProtocolClient.java:onNext(255)) - client-8CDCEDECFFE4->3f4de2de-7d09-498f-aead-42327df81d94: receive RaftClientReply:client-8CDCEDECFFE4->3f4de2de-7d09-498f-aead-42327df81d94@group-C7908E81CC6B, cid=3798, SUCCESS, logIndex=5419, commits[3f4de2de-7d09-498f-aead-42327df81d94:c5421]
2019-08-05 04:38:33,243 INFO  client.GrpcClientProtocolClient (GrpcClientProtocolClient.java:onNext(255)) - client-8CDCEDECFFE4->3f4de2de-7d09-498f-aead-42327df81d94: receive RaftClientReply:client-8CDCEDECFFE4->3f4de2de-7d09-498f-aead-42327df81d94@group-C7908E81CC6B, cid=3799, SUCCESS, logIndex=5420, commits[3f4de2de-7d09-498f-aead-42327df81d94:c5422]
2019-08-05 04:38:33,243 INFO  client.GrpcClientProtocolClient (GrpcClientProtocolClient.java:onNext(255)) - client-8CDCEDECFFE4->3f4de2de-7d09-498f-aead-42327df81d94: receive RaftClientReply:client-8CDCEDECFFE4->3f4de2de-7d09-498f-aead-42327df81d94@group-C7908E81CC6B, cid=3800, SUCCESS, logIndex=5421, commits[3f4de2de-7d09-498f-aead-42327df81d94:c5422]
2019-08-05 04:38:33,342 DEBUG block.SCMBlockDeletingService (SCMBlockDeletingService.java:call(138)) - Running DeletedBlockTransactionScanner
2019-08-05 04:38:33,343 DEBUG block.SCMBlockDeletingService (SCMBlockDeletingService.java:call(155)) - Scanned deleted blocks log and got 0 delTX to process.
2019-08-05 04:38:33,441 INFO  client.GrpcClientProtocolClient (GrpcClientProtocolClient.java:onNext(255)) - client-8CDCEDECFFE4->3f4de2de-7d09-498f-aead-42327df81d94: receive RaftClientReply:client-8CDCEDECFFE4->3f4de2de-7d09-498f-aead-42327df81d94@group-C7908E81CC6B, cid=3801, SUCCESS, logIndex=5424, commits[3f4de2de-7d09-498f-aead-42327df81d94:c5425]
2019-08-05 04:38:33,441 INFO  client.GrpcClientProtocolClient (GrpcClientProtocolClient.java:onNext(255)) - client-8CDCEDECFFE4->3f4de2de-7d09-498f-aead-42327df81d94: receive RaftClientReply:client-8CDCEDECFFE4->3f4de2de-7d09-498f-aead-42327df81d94@group-C7908E81CC6B, cid=3802, SUCCESS, logIndex=5425, commits[3f4de2de-7d09-498f-aead-42327df81d94:c5427]
2019-08-05 04:38:33,442 INFO  client.GrpcClientProtocolClient (GrpcClientProtocolClient.java:onNext(255)) - client-8CDCEDECFFE4->3f4de2de-7d09-498f-aead-42327df81d94: receive RaftClientReply:client-8CDCEDECFFE4->3f4de2de-7d09-498f-aead-42327df81d94@group-C7908E81CC6B, cid=3803, SUCCESS, logIndex=5426, commits[3f4de2de-7d09-498f-aead-42327df81d94:c5427]
2019-08-05 04:38:33,442 INFO  client.GrpcClientProtocolClient (GrpcClientProtocolClient.java:onNext(255)) - client-8CDCEDECFFE4->3f4de2de-7d09-498f-aead-42327df81d94: receive RaftClientReply:client-8CDCEDECFFE4->3f4de2de-7d09-498f-aead-42327df81d94@group-C7908E81CC6B, cid=3804, SUCCESS, logIndex=5427, commits[3f4de2de-7d09-498f-aead-42327df81d94:c5427]
2019-08-05 04:38:33,443 DEBUG block.SCMBlockDeletingService (SCMBlockDeletingService.java:call(138)) - Running DeletedBlockTransactionScanner
2019-08-05 04:38:33,443 DEBUG block.SCMBlockDeletingService (SCMBlockDeletingService.java:call(155)) - Scanned deleted blocks log and got 0 delTX to process.
2019-08-05 04:38:33,463 INFO  client.GrpcClientProtocolClient (GrpcClientProtocolClient.java:onNext(255)) - client-8CDCEDECFFE4->3f4de2de-7d09-498f-aead-42327df81d94: receive RaftClientReply:client-8CDCEDECFFE4->3f4de2de-7d09-498f-aead-42327df81d94@group-C7908E81CC6B, cid=3805, SUCCESS, logIndex=5430, commits[3f4de2de-7d09-498f-aead-42327df81d94:c5433]
2019-08-05 04:38:33,464 INFO  client.GrpcClientProtocolClient (GrpcClientProtocolClient.java:onNext(255)) - client-8CDCEDECFFE4->3f4de2de-7d09-498f-aead-42327df81d94: receive RaftClientReply:client-8CDCEDECFFE4->3f4de2de-7d09-498f-aead-42327df81d94@group-C7908E81CC6B, cid=3806, SUCCESS, logIndex=5431, commits[3f4de2de-7d09-498f-aead-42327df81d94:c5434]
2019-08-05 04:38:33,464 INFO  client.GrpcClientProtocolClient (GrpcClientProtocolClient.java:onNext(255)) - client-8CDCEDECFFE4->3f4de2de-7d09-498f-aead-42327df81d94: receive RaftClientReply:client-8CDCEDECFFE4->3f4de2de-7d09-498f-aead-42327df81d94@group-C7908E81CC6B, cid=3807, SUCCESS, logIndex=5432, commits[3f4de2de-7d09-498f-aead-42327df81d94:c5434]
2019-08-05 04:38:33,464 INFO  client.GrpcClientProtocolClient (GrpcClientProtocolClient.java:onNext(255)) - client-8CDCEDECFFE4->3f4de2de-7d09-498f-aead-42327df81d94: receive RaftClientReply:client-8CDCEDECFFE4->3f4de2de-7d09-498f-aead-42327df81d94@group-C7908E81CC6B, cid=3808, SUCCESS, logIndex=5433, commits[3f4de2de-7d09-498f-aead-42327df81d94:c5434]
2019-08-05 04:38:33,496 INFO  client.GrpcClientProtocolClient (GrpcClientProtocolClient.java:onNext(255)) - client-8CDCEDECFFE4->3f4de2de-7d09-498f-aead-42327df81d94: receive RaftClientReply:client-8CDCEDECFFE4->3f4de2de-7d09-498f-aead-42327df81d94@group-C7908E81CC6B, cid=3809, SUCCESS, logIndex=5435, commits[3f4de2de-7d09-498f-aead-42327df81d94:c5436]
2019-08-05 04:38:33,497 INFO  client.GrpcClientProtocolClient (GrpcClientProtocolClient.java:onNext(255)) - client-8CDCEDECFFE4->3f4de2de-7d09-498f-aead-42327df81d94: receive RaftClientReply:client-8CDCEDECFFE4->3f4de2de-7d09-498f-aead-42327df81d94@group-C7908E81CC6B, cid=3810, SUCCESS, logIndex=5436, commits[3f4de2de-7d09-498f-aead-42327df81d94:c5438]
2019-08-05 04:38:33,497 INFO  client.GrpcClientProtocolClient (GrpcClientProtocolClient.java:onNext(255)) - client-8CDCEDECFFE4->3f4de2de-7d09-498f-aead-42327df81d94: receive RaftClientReply:client-8CDCEDECFFE4->3f4de2de-7d09-498f-aead-42327df81d94@group-C7908E81CC6B, cid=3811, SUCCESS, logIndex=5437, commits[3f4de2de-7d09-498f-aead-42327df81d94:c5439]
2019-08-05 04:38:33,497 INFO  client.GrpcClientProtocolClient (GrpcClientProtocolClient.java:onNext(255)) - client-8CDCEDECFFE4->3f4de2de-7d09-498f-aead-42327df81d94: receive RaftClientReply:client-8CDCEDECFFE4->3f4de2de-7d09-498f-aead-42327df81d94@group-C7908E81CC6B, cid=3812, SUCCESS, logIndex=5438, commits[3f4de2de-7d09-498f-aead-42327df81d94:c5439]
2019-08-05 04:38:33,518 INFO  client.GrpcClientProtocolClient (GrpcClientProtocolClient.java:onNext(255)) - client-8CDCEDECFFE4->3f4de2de-7d09-498f-aead-42327df81d94: receive RaftClientReply:client-8CDCEDECFFE4->3f4de2de-7d09-498f-aead-42327df81d94@group-C7908E81CC6B, cid=3813, SUCCESS, logIndex=5441, commits[3f4de2de-7d09-498f-aead-42327df81d94:c5442]
2019-08-05 04:38:33,518 INFO  client.GrpcClientProtocolClient (GrpcClientProtocolClient.java:onNext(255)) - client-8CDCEDECFFE4->3f4de2de-7d09-498f-aead-42327df81d94: receive RaftClientReply:client-8CDCEDECFFE4->3f4de2de-7d09-498f-aead-42327df81d94@group-C7908E81CC6B, cid=3814, SUCCESS, logIndex=5442, commits[3f4de2de-7d09-498f-aead-42327df81d94:c5444]
2019-08-05 04:38:33,518 INFO  client.GrpcClientProtocolClient (GrpcClientProtocolClient.java:onNext(255)) - client-8CDCEDECFFE4->3f4de2de-7d09-498f-aead-42327df81d94: receive RaftClientReply:client-8CDCEDECFFE4->3f4de2de-7d09-498f-aead-42327df81d94@group-C7908E81CC6B, cid=3815, SUCCESS, logIndex=5443, commits[3f4de2de-7d09-498f-aead-42327df81d94:c5445]
2019-08-05 04:38:33,518 INFO  client.GrpcClientProtocolClient (GrpcClientProtocolClient.java:onNext(255)) - client-8CDCEDECFFE4->3f4de2de-7d09-498f-aead-42327df81d94: receive RaftClientReply:client-8CDCEDECFFE4->3f4de2de-7d09-498f-aead-42327df81d94@group-C7908E81CC6B, cid=3816, SUCCESS, logIndex=5444, commits[3f4de2de-7d09-498f-aead-42327df81d94:c5445]
2019-08-05 04:38:33,544 DEBUG block.SCMBlockDeletingService (SCMBlockDeletingService.java:call(138)) - Running DeletedBlockTransactionScanner
2019-08-05 04:38:33,544 DEBUG block.SCMBlockDeletingService (SCMBlockDeletingService.java:call(155)) - Scanned deleted blocks log and got 0 delTX to process.
2019-08-05 04:38:33,552 INFO  client.GrpcClientProtocolClient (GrpcClientProtocolClient.java:onNext(255)) - client-8CDCEDECFFE4->3f4de2de-7d09-498f-aead-42327df81d94: receive RaftClientReply:client-8CDCEDECFFE4->3f4de2de-7d09-498f-aead-42327df81d94@group-C7908E81CC6B, cid=3817, SUCCESS, logIndex=5447, commits[3f4de2de-7d09-498f-aead-42327df81d94:c5448]
2019-08-05 04:38:33,552 INFO  client.GrpcClientProtocolClient (GrpcClientProtocolClient.java:onNext(255)) - client-8CDCEDECFFE4->3f4de2de-7d09-498f-aead-42327df81d94: receive RaftClientReply:client-8CDCEDECFFE4->3f4de2de-7d09-498f-aead-42327df81d94@group-C7908E81CC6B, cid=3818, SUCCESS, logIndex=5448, commits[3f4de2de-7d09-498f-aead-42327df81d94:c5450]
2019-08-05 04:38:33,553 INFO  client.GrpcClientProtocolClient (GrpcClientProtocolClient.java:onNext(255)) - client-8CDCEDECFFE4->3f4de2de-7d09-498f-aead-42327df81d94: receive RaftClientReply:client-8CDCEDECFFE4->3f4de2de-7d09-498f-aead-42327df81d94@group-C7908E81CC6B, cid=3819, SUCCESS, logIndex=5449, commits[3f4de2de-7d09-498f-aead-42327df81d94:c5451]
2019-08-05 04:38:33,553 INFO  client.GrpcClientProtocolClient (GrpcClientProtocolClient.java:onNext(255)) - client-8CDCEDECFFE4->3f4de2de-7d09-498f-aead-42327df81d94: receive RaftClientReply:client-8CDCEDECFFE4->3f4de2de-7d09-498f-aead-42327df81d94@group-C7908E81CC6B, cid=3820, SUCCESS, logIndex=5450, commits[3f4de2de-7d09-498f-aead-42327df81d94:c5451]
2019-08-05 04:38:33,573 INFO  client.GrpcClientProtocolClient (GrpcClientProtocolClient.java:onNext(255)) - client-8CDCEDECFFE4->3f4de2de-7d09-498f-aead-42327df81d94: receive RaftClientReply:client-8CDCEDECFFE4->3f4de2de-7d09-498f-aead-42327df81d94@group-C7908E81CC6B, cid=3821, SUCCESS, logIndex=5453, commits[3f4de2de-7d09-498f-aead-42327df81d94:c5454]
2019-08-05 04:38:33,573 INFO  client.GrpcClientProtocolClient (GrpcClientProtocolClient.java:onNext(255)) - client-8CDCEDECFFE4->3f4de2de-7d09-498f-aead-42327df81d94: receive RaftClientReply:client-8CDCEDECFFE4->3f4de2de-7d09-498f-aead-42327df81d94@group-C7908E81CC6B, cid=3822, SUCCESS, logIndex=5454, commits[3f4de2de-7d09-498f-aead-42327df81d94:c5456]
2019-08-05 04:38:33,573 INFO  client.GrpcClientProtocolClient (GrpcClientProtocolClient.java:onNext(255)) - client-8CDCEDECFFE4->3f4de2de-7d09-498f-aead-42327df81d94: receive RaftClientReply:client-8CDCEDECFFE4->3f4de2de-7d09-498f-aead-42327df81d94@group-C7908E81CC6B, cid=3823, SUCCESS, logIndex=5455, commits[3f4de2de-7d09-498f-aead-42327df81d94:c5457]
2019-08-05 04:38:33,574 INFO  client.GrpcClientProtocolClient (GrpcClientProtocolClient.java:onNext(255)) - client-8CDCEDECFFE4->3f4de2de-7d09-498f-aead-42327df81d94: receive RaftClientReply:client-8CDCEDECFFE4->3f4de2de-7d09-498f-aead-42327df81d94@group-C7908E81CC6B, cid=3824, SUCCESS, logIndex=5456, commits[3f4de2de-7d09-498f-aead-42327df81d94:c5457]
2019-08-05 04:38:33,605 INFO  client.GrpcClientProtocolClient (GrpcClientProtocolClient.java:onNext(255)) - client-8CDCEDECFFE4->3f4de2de-7d09-498f-aead-42327df81d94: receive RaftClientReply:client-8CDCEDECFFE4->3f4de2de-7d09-498f-aead-42327df81d94@group-C7908E81CC6B, cid=3825, SUCCESS, logIndex=5459, commits[3f4de2de-7d09-498f-aead-42327df81d94:c5460]
2019-08-05 04:38:33,606 INFO  client.GrpcClientProtocolClient (GrpcClientProtocolClient.java:onNext(255)) - client-8CDCEDECFFE4->3f4de2de-7d09-498f-aead-42327df81d94: receive RaftClientReply:client-8CDCEDECFFE4->3f4de2de-7d09-498f-aead-42327df81d94@group-C7908E81CC6B, cid=3826, SUCCESS, logIndex=5460, commits[3f4de2de-7d09-498f-aead-42327df81d94:c5462]
2019-08-05 04:38:33,606 INFO  client.GrpcClientProtocolClient (GrpcClientProtocolClient.java:onNext(255)) - client-8CDCEDECFFE4->3f4de2de-7d09-498f-aead-42327df81d94: receive RaftClientReply:client-8CDCEDECFFE4->3f4de2de-7d09-498f-aead-42327df81d94@group-C7908E81CC6B, cid=3827, SUCCESS, logIndex=5461, commits[3f4de2de-7d09-498f-aead-42327df81d94:c5463]
2019-08-05 04:38:33,606 INFO  client.GrpcClientProtocolClient (GrpcClientProtocolClient.java:onNext(255)) - client-8CDCEDECFFE4->3f4de2de-7d09-498f-aead-42327df81d94: receive RaftClientReply:client-8CDCEDECFFE4->3f4de2de-7d09-498f-aead-42327df81d94@group-C7908E81CC6B, cid=3828, SUCCESS, logIndex=5462, commits[3f4de2de-7d09-498f-aead-42327df81d94:c5463]
2019-08-05 04:38:33,626 INFO  client.GrpcClientProtocolClient (GrpcClientProtocolClient.java:onNext(255)) - client-8CDCEDECFFE4->3f4de2de-7d09-498f-aead-42327df81d94: receive RaftClientReply:client-8CDCEDECFFE4->3f4de2de-7d09-498f-aead-42327df81d94@group-C7908E81CC6B, cid=3829, SUCCESS, logIndex=5465, commits[3f4de2de-7d09-498f-aead-42327df81d94:c5466]
2019-08-05 04:38:33,626 INFO  client.GrpcClientProtocolClient (GrpcClientProtocolClient.java:onNext(255)) - client-8CDCEDECFFE4->3f4de2de-7d09-498f-aead-42327df81d94: receive RaftClientReply:client-8CDCEDECFFE4->3f4de2de-7d09-498f-aead-42327df81d94@group-C7908E81CC6B, cid=3830, SUCCESS, logIndex=5466, commits[3f4de2de-7d09-498f-aead-42327df81d94:c5468]
2019-08-05 04:38:33,627 INFO  client.GrpcClientProtocolClient (GrpcClientProtocolClient.java:onNext(255)) - client-8CDCEDECFFE4->3f4de2de-7d09-498f-aead-42327df81d94: receive RaftClientReply:client-8CDCEDECFFE4->3f4de2de-7d09-498f-aead-42327df81d94@group-C7908E81CC6B, cid=3831, SUCCESS, logIndex=5467, commits[3f4de2de-7d09-498f-aead-42327df81d94:c5469]
2019-08-05 04:38:33,627 INFO  client.GrpcClientProtocolClient (GrpcClientProtocolClient.java:onNext(255)) - client-8CDCEDECFFE4->3f4de2de-7d09-498f-aead-42327df81d94: receive RaftClientReply:client-8CDCEDECFFE4->3f4de2de-7d09-498f-aead-42327df81d94@group-C7908E81CC6B, cid=3832, SUCCESS, logIndex=5468, commits[3f4de2de-7d09-498f-aead-42327df81d94:c5469]
2019-08-05 04:38:33,644 DEBUG block.SCMBlockDeletingService (SCMBlockDeletingService.java:call(138)) - Running DeletedBlockTransactionScanner
2019-08-05 04:38:33,645 DEBUG block.SCMBlockDeletingService (SCMBlockDeletingService.java:call(155)) - Scanned deleted blocks log and got 0 delTX to process.
2019-08-05 04:38:33,658 INFO  client.GrpcClientProtocolClient (GrpcClientProtocolClient.java:onNext(255)) - client-8CDCEDECFFE4->3f4de2de-7d09-498f-aead-42327df81d94: receive RaftClientReply:client-8CDCEDECFFE4->3f4de2de-7d09-498f-aead-42327df81d94@group-C7908E81CC6B, cid=3833, SUCCESS, logIndex=5471, commits[3f4de2de-7d09-498f-aead-42327df81d94:c5472]
2019-08-05 04:38:33,658 INFO  client.GrpcClientProtocolClient (GrpcClientProtocolClient.java:onNext(255)) - client-8CDCEDECFFE4->3f4de2de-7d09-498f-aead-42327df81d94: receive RaftClientReply:client-8CDCEDECFFE4->3f4de2de-7d09-498f-aead-42327df81d94@group-C7908E81CC6B, cid=3834, SUCCESS, logIndex=5472, commits[3f4de2de-7d09-498f-aead-42327df81d94:c5474]
2019-08-05 04:38:33,659 INFO  client.GrpcClientProtocolClient (GrpcClientProtocolClient.java:onNext(255)) - client-8CDCEDECFFE4->3f4de2de-7d09-498f-aead-42327df81d94: receive RaftClientReply:client-8CDCEDECFFE4->3f4de2de-7d09-498f-aead-42327df81d94@group-C7908E81CC6B, cid=3835, SUCCESS, logIndex=5473, commits[3f4de2de-7d09-498f-aead-42327df81d94:c5474]
2019-08-05 04:38:33,659 INFO  client.GrpcClientProtocolClient (GrpcClientProtocolClient.java:onNext(255)) - client-8CDCEDECFFE4->3f4de2de-7d09-498f-aead-42327df81d94: receive RaftClientReply:client-8CDCEDECFFE4->3f4de2de-7d09-498f-aead-42327df81d94@group-C7908E81CC6B, cid=3836, SUCCESS, logIndex=5474, commits[3f4de2de-7d09-498f-aead-42327df81d94:c5475]
2019-08-05 04:38:33,678 INFO  client.GrpcClientProtocolClient (GrpcClientProtocolClient.java:onNext(255)) - client-8CDCEDECFFE4->3f4de2de-7d09-498f-aead-42327df81d94: receive RaftClientReply:client-8CDCEDECFFE4->3f4de2de-7d09-498f-aead-42327df81d94@group-C7908E81CC6B, cid=3837, SUCCESS, logIndex=5477, commits[3f4de2de-7d09-498f-aead-42327df81d94:c5478]
2019-08-05 04:38:33,678 INFO  client.GrpcClientProtocolClient (GrpcClientProtocolClient.java:onNext(255)) - client-8CDCEDECFFE4->3f4de2de-7d09-498f-aead-42327df81d94: receive RaftClientReply:client-8CDCEDECFFE4->3f4de2de-7d09-498f-aead-42327df81d94@group-C7908E81CC6B, cid=3838, SUCCESS, logIndex=5478, commits[3f4de2de-7d09-498f-aead-42327df81d94:c5480]
2019-08-05 04:38:33,679 INFO  client.GrpcClientProtocolClient (GrpcClientProtocolClient.java:onNext(255)) - client-8CDCEDECFFE4->3f4de2de-7d09-498f-aead-42327df81d94: receive RaftClientReply:client-8CDCEDECFFE4->3f4de2de-7d09-498f-aead-42327df81d94@group-C7908E81CC6B, cid=3839, SUCCESS, logIndex=5479, commits[3f4de2de-7d09-498f-aead-42327df81d94:c5481]
2019-08-05 04:38:33,679 INFO  client.GrpcClientProtocolClient (GrpcClientProtocolClient.java:onNext(255)) - client-8CDCEDECFFE4->3f4de2de-7d09-498f-aead-42327df81d94: receive RaftClientReply:client-8CDCEDECFFE4->3f4de2de-7d09-498f-aead-42327df81d94@group-C7908E81CC6B, cid=3840, SUCCESS, logIndex=5480, commits[3f4de2de-7d09-498f-aead-42327df81d94:c5481]
2019-08-05 04:38:33,712 INFO  client.GrpcClientProtocolClient (GrpcClientProtocolClient.java:onNext(255)) - client-8CDCEDECFFE4->3f4de2de-7d09-498f-aead-42327df81d94: receive RaftClientReply:client-8CDCEDECFFE4->3f4de2de-7d09-498f-aead-42327df81d94@group-C7908E81CC6B, cid=3841, SUCCESS, logIndex=5483, commits[3f4de2de-7d09-498f-aead-42327df81d94:c5484]
2019-08-05 04:38:33,713 INFO  client.GrpcClientProtocolClient (GrpcClientProtocolClient.java:onNext(255)) - client-8CDCEDECFFE4->3f4de2de-7d09-498f-aead-42327df81d94: receive RaftClientReply:client-8CDCEDECFFE4->3f4de2de-7d09-498f-aead-42327df81d94@group-C7908E81CC6B, cid=3842, SUCCESS, logIndex=5484, commits[3f4de2de-7d09-498f-aead-42327df81d94:c5486]
2019-08-05 04:38:33,714 INFO  client.GrpcClientProtocolClient (GrpcClientProtocolClient.java:onNext(255)) - client-8CDCEDECFFE4->3f4de2de-7d09-498f-aead-42327df81d94: receive RaftClientReply:client-8CDCEDECFFE4->3f4de2de-7d09-498f-aead-42327df81d94@group-C7908E81CC6B, cid=3843, SUCCESS, logIndex=5485, commits[3f4de2de-7d09-498f-aead-42327df81d94:c5487]
2019-08-05 04:38:33,714 INFO  client.GrpcClientProtocolClient (GrpcClientProtocolClient.java:onNext(255)) - client-8CDCEDECFFE4->3f4de2de-7d09-498f-aead-42327df81d94: receive RaftClientReply:client-8CDCEDECFFE4->3f4de2de-7d09-498f-aead-42327df81d94@group-C7908E81CC6B, cid=3844, SUCCESS, logIndex=5486, commits[3f4de2de-7d09-498f-aead-42327df81d94:c5487]
2019-08-05 04:38:33,745 DEBUG block.SCMBlockDeletingService (SCMBlockDeletingService.java:call(138)) - Running DeletedBlockTransactionScanner
2019-08-05 04:38:33,745 DEBUG block.SCMBlockDeletingService (SCMBlockDeletingService.java:call(155)) - Scanned deleted blocks log and got 0 delTX to process.
2019-08-05 04:38:33,846 DEBUG block.SCMBlockDeletingService (SCMBlockDeletingService.java:call(138)) - Running DeletedBlockTransactionScanner
2019-08-05 04:38:33,846 DEBUG block.SCMBlockDeletingService (SCMBlockDeletingService.java:call(155)) - Scanned deleted blocks log and got 0 delTX to process.
2019-08-05 04:38:33,851 INFO  client.GrpcClientProtocolClient (GrpcClientProtocolClient.java:onNext(255)) - client-8CDCEDECFFE4->3f4de2de-7d09-498f-aead-42327df81d94: receive RaftClientReply:client-8CDCEDECFFE4->3f4de2de-7d09-498f-aead-42327df81d94@group-C7908E81CC6B, cid=3845, SUCCESS, logIndex=5489, commits[3f4de2de-7d09-498f-aead-42327df81d94:c5492]
2019-08-05 04:38:33,852 INFO  client.GrpcClientProtocolClient (GrpcClientProtocolClient.java:onNext(255)) - client-8CDCEDECFFE4->3f4de2de-7d09-498f-aead-42327df81d94: receive RaftClientReply:client-8CDCEDECFFE4->3f4de2de-7d09-498f-aead-42327df81d94@group-C7908E81CC6B, cid=3846, SUCCESS, logIndex=5490, commits[3f4de2de-7d09-498f-aead-42327df81d94:c5493]
2019-08-05 04:38:33,852 INFO  client.GrpcClientProtocolClient (GrpcClientProtocolClient.java:onNext(255)) - client-8CDCEDECFFE4->3f4de2de-7d09-498f-aead-42327df81d94: receive RaftClientReply:client-8CDCEDECFFE4->3f4de2de-7d09-498f-aead-42327df81d94@group-C7908E81CC6B, cid=3847, SUCCESS, logIndex=5491, commits[3f4de2de-7d09-498f-aead-42327df81d94:c5493]
2019-08-05 04:38:33,852 INFO  client.GrpcClientProtocolClient (GrpcClientProtocolClient.java:onNext(255)) - client-8CDCEDECFFE4->3f4de2de-7d09-498f-aead-42327df81d94: receive RaftClientReply:client-8CDCEDECFFE4->3f4de2de-7d09-498f-aead-42327df81d94@group-C7908E81CC6B, cid=3848, SUCCESS, logIndex=5492, commits[3f4de2de-7d09-498f-aead-42327df81d94:c5493]
2019-08-05 04:38:33,884 INFO  client.GrpcClientProtocolClient (GrpcClientProtocolClient.java:onNext(255)) - client-8CDCEDECFFE4->3f4de2de-7d09-498f-aead-42327df81d94: receive RaftClientReply:client-8CDCEDECFFE4->3f4de2de-7d09-498f-aead-42327df81d94@group-C7908E81CC6B, cid=3849, SUCCESS, logIndex=5494, commits[3f4de2de-7d09-498f-aead-42327df81d94:c5495]
2019-08-05 04:38:33,884 INFO  client.GrpcClientProtocolClient (GrpcClientProtocolClient.java:onNext(255)) - client-8CDCEDECFFE4->3f4de2de-7d09-498f-aead-42327df81d94: receive RaftClientReply:client-8CDCEDECFFE4->3f4de2de-7d09-498f-aead-42327df81d94@group-C7908E81CC6B, cid=3850, SUCCESS, logIndex=5495, commits[3f4de2de-7d09-498f-aead-42327df81d94:c5495]
2019-08-05 04:38:33,946 DEBUG block.SCMBlockDeletingService (SCMBlockDeletingService.java:call(138)) - Running DeletedBlockTransactionScanner
2019-08-05 04:38:33,946 DEBUG block.SCMBlockDeletingService (SCMBlockDeletingService.java:call(155)) - Scanned deleted blocks log and got 0 delTX to process.
2019-08-05 04:38:34,047 DEBUG block.SCMBlockDeletingService (SCMBlockDeletingService.java:call(138)) - Running DeletedBlockTransactionScanner
2019-08-05 04:38:34,047 DEBUG block.SCMBlockDeletingService (SCMBlockDeletingService.java:call(155)) - Scanned deleted blocks log and got 0 delTX to process.
2019-08-05 04:38:34,147 DEBUG block.SCMBlockDeletingService (SCMBlockDeletingService.java:call(138)) - Running DeletedBlockTransactionScanner
2019-08-05 04:38:34,147 DEBUG block.SCMBlockDeletingService (SCMBlockDeletingService.java:call(155)) - Scanned deleted blocks log and got 0 delTX to process.
2019-08-05 04:38:34,248 DEBUG block.SCMBlockDeletingService (SCMBlockDeletingService.java:call(138)) - Running DeletedBlockTransactionScanner
2019-08-05 04:38:34,248 DEBUG block.SCMBlockDeletingService (SCMBlockDeletingService.java:call(155)) - Scanned deleted blocks log and got 0 delTX to process.
2019-08-05 04:38:34,280 INFO  client.GrpcClientProtocolClient (GrpcClientProtocolClient.java:onNext(255)) - client-8CDCEDECFFE4->3f4de2de-7d09-498f-aead-42327df81d94: receive RaftClientReply:client-8CDCEDECFFE4->3f4de2de-7d09-498f-aead-42327df81d94@group-C7908E81CC6B, cid=3851, SUCCESS, logIndex=5496, commits[3f4de2de-7d09-498f-aead-42327df81d94:c5497]
2019-08-05 04:38:34,280 INFO  client.GrpcClientProtocolClient (GrpcClientProtocolClient.java:onNext(255)) - client-8CDCEDECFFE4->3f4de2de-7d09-498f-aead-42327df81d94: receive RaftClientReply:client-8CDCEDECFFE4->3f4de2de-7d09-498f-aead-42327df81d94@group-C7908E81CC6B, cid=3852, SUCCESS, logIndex=5497, commits[3f4de2de-7d09-498f-aead-42327df81d94:c5497]
2019-08-05 04:38:34,348 DEBUG block.SCMBlockDeletingService (SCMBlockDeletingService.java:call(138)) - Running DeletedBlockTransactionScanner
2019-08-05 04:38:34,349 DEBUG block.SCMBlockDeletingService (SCMBlockDeletingService.java:call(155)) - Scanned deleted blocks log and got 0 delTX to process.
2019-08-05 04:38:34,449 DEBUG block.SCMBlockDeletingService (SCMBlockDeletingService.java:call(138)) - Running DeletedBlockTransactionScanner
2019-08-05 04:38:34,449 DEBUG block.SCMBlockDeletingService (SCMBlockDeletingService.java:call(155)) - Scanned deleted blocks log and got 0 delTX to process.
2019-08-05 04:38:34,550 DEBUG block.SCMBlockDeletingService (SCMBlockDeletingService.java:call(138)) - Running DeletedBlockTransactionScanner
2019-08-05 04:38:34,550 DEBUG block.SCMBlockDeletingService (SCMBlockDeletingService.java:call(155)) - Scanned deleted blocks log and got 0 delTX to process.
2019-08-05 04:38:34,650 DEBUG block.SCMBlockDeletingService (SCMBlockDeletingService.java:call(138)) - Running DeletedBlockTransactionScanner
2019-08-05 04:38:34,650 DEBUG block.SCMBlockDeletingService (SCMBlockDeletingService.java:call(155)) - Scanned deleted blocks log and got 0 delTX to process.
2019-08-05 04:38:34,751 DEBUG block.SCMBlockDeletingService (SCMBlockDeletingService.java:call(138)) - Running DeletedBlockTransactionScanner
2019-08-05 04:38:34,751 DEBUG block.SCMBlockDeletingService (SCMBlockDeletingService.java:call(155)) - Scanned deleted blocks log and got 0 delTX to process.
2019-08-05 04:38:34,851 DEBUG block.SCMBlockDeletingService (SCMBlockDeletingService.java:call(138)) - Running DeletedBlockTransactionScanner
2019-08-05 04:38:34,851 DEBUG block.SCMBlockDeletingService (SCMBlockDeletingService.java:call(155)) - Scanned deleted blocks log and got 0 delTX to process.
2019-08-05 04:38:34,952 DEBUG block.SCMBlockDeletingService (SCMBlockDeletingService.java:call(138)) - Running DeletedBlockTransactionScanner
2019-08-05 04:38:34,952 DEBUG block.SCMBlockDeletingService (SCMBlockDeletingService.java:call(155)) - Scanned deleted blocks log and got 0 delTX to process.
2019-08-05 04:38:35,053 DEBUG block.SCMBlockDeletingService (SCMBlockDeletingService.java:call(138)) - Running DeletedBlockTransactionScanner
2019-08-05 04:38:35,053 DEBUG block.SCMBlockDeletingService (SCMBlockDeletingService.java:call(155)) - Scanned deleted blocks log and got 0 delTX to process.
2019-08-05 04:38:35,137 INFO  client.GrpcClientProtocolClient (GrpcClientProtocolClient.java:onNext(255)) - client-8CDCEDECFFE4->3f4de2de-7d09-498f-aead-42327df81d94: receive RaftClientReply:client-8CDCEDECFFE4->3f4de2de-7d09-498f-aead-42327df81d94@group-C7908E81CC6B, cid=3853, SUCCESS, logIndex=5500, commits[3f4de2de-7d09-498f-aead-42327df81d94:c5503]
2019-08-05 04:38:35,138 INFO  client.GrpcClientProtocolClient (GrpcClientProtocolClient.java:onNext(255)) - client-8CDCEDECFFE4->3f4de2de-7d09-498f-aead-42327df81d94: receive RaftClientReply:client-8CDCEDECFFE4->3f4de2de-7d09-498f-aead-42327df81d94@group-C7908E81CC6B, cid=3854, SUCCESS, logIndex=5501, commits[3f4de2de-7d09-498f-aead-42327df81d94:c5503]
2019-08-05 04:38:35,139 INFO  client.GrpcClientProtocolClient (GrpcClientProtocolClient.java:onNext(255)) - client-8CDCEDECFFE4->3f4de2de-7d09-498f-aead-42327df81d94: receive RaftClientReply:client-8CDCEDECFFE4->3f4de2de-7d09-498f-aead-42327df81d94@group-C7908E81CC6B, cid=3855, SUCCESS, logIndex=5502, commits[3f4de2de-7d09-498f-aead-42327df81d94:c5503]
2019-08-05 04:38:35,139 INFO  client.GrpcClientProtocolClient (GrpcClientProtocolClient.java:onNext(255)) - client-8CDCEDECFFE4->3f4de2de-7d09-498f-aead-42327df81d94: receive RaftClientReply:client-8CDCEDECFFE4->3f4de2de-7d09-498f-aead-42327df81d94@group-C7908E81CC6B, cid=3856, SUCCESS, logIndex=5503, commits[3f4de2de-7d09-498f-aead-42327df81d94:c5503]
2019-08-05 04:38:35,153 DEBUG block.SCMBlockDeletingService (SCMBlockDeletingService.java:call(138)) - Running DeletedBlockTransactionScanner
2019-08-05 04:38:35,154 DEBUG block.SCMBlockDeletingService (SCMBlockDeletingService.java:call(155)) - Scanned deleted blocks log and got 0 delTX to process.
2019-08-05 04:38:35,254 DEBUG block.SCMBlockDeletingService (SCMBlockDeletingService.java:call(138)) - Running DeletedBlockTransactionScanner
2019-08-05 04:38:35,254 DEBUG block.SCMBlockDeletingService (SCMBlockDeletingService.java:call(155)) - Scanned deleted blocks log and got 0 delTX to process.
2019-08-05 04:38:35,355 DEBUG block.SCMBlockDeletingService (SCMBlockDeletingService.java:call(138)) - Running DeletedBlockTransactionScanner
2019-08-05 04:38:35,356 DEBUG block.SCMBlockDeletingService (SCMBlockDeletingService.java:call(155)) - Scanned deleted blocks log and got 0 delTX to process.
2019-08-05 04:38:35,456 DEBUG block.SCMBlockDeletingService (SCMBlockDeletingService.java:call(138)) - Running DeletedBlockTransactionScanner
2019-08-05 04:38:35,457 DEBUG block.SCMBlockDeletingService (SCMBlockDeletingService.java:call(155)) - Scanned deleted blocks log and got 0 delTX to process.
2019-08-05 04:38:35,557 DEBUG block.SCMBlockDeletingService (SCMBlockDeletingService.java:call(138)) - Running DeletedBlockTransactionScanner
2019-08-05 04:38:35,557 DEBUG block.SCMBlockDeletingService (SCMBlockDeletingService.java:call(155)) - Scanned deleted blocks log and got 0 delTX to process.
2019-08-05 04:38:35,658 DEBUG block.SCMBlockDeletingService (SCMBlockDeletingService.java:call(138)) - Running DeletedBlockTransactionScanner
2019-08-05 04:38:35,658 DEBUG block.SCMBlockDeletingService (SCMBlockDeletingService.java:call(155)) - Scanned deleted blocks log and got 0 delTX to process.
2019-08-05 04:38:35,758 DEBUG block.SCMBlockDeletingService (SCMBlockDeletingService.java:call(138)) - Running DeletedBlockTransactionScanner
2019-08-05 04:38:35,758 DEBUG block.SCMBlockDeletingService (SCMBlockDeletingService.java:call(155)) - Scanned deleted blocks log and got 0 delTX to process.
2019-08-05 04:38:35,859 DEBUG block.SCMBlockDeletingService (SCMBlockDeletingService.java:call(138)) - Running DeletedBlockTransactionScanner
2019-08-05 04:38:35,859 DEBUG block.SCMBlockDeletingService (SCMBlockDeletingService.java:call(155)) - Scanned deleted blocks log and got 0 delTX to process.
2019-08-05 04:38:35,959 DEBUG block.SCMBlockDeletingService (SCMBlockDeletingService.java:call(138)) - Running DeletedBlockTransactionScanner
2019-08-05 04:38:35,960 DEBUG block.SCMBlockDeletingService (SCMBlockDeletingService.java:call(155)) - Scanned deleted blocks log and got 0 delTX to process.
2019-08-05 04:38:36,060 DEBUG block.SCMBlockDeletingService (SCMBlockDeletingService.java:call(138)) - Running DeletedBlockTransactionScanner
2019-08-05 04:38:36,060 DEBUG block.SCMBlockDeletingService (SCMBlockDeletingService.java:call(155)) - Scanned deleted blocks log and got 0 delTX to process.
2019-08-05 04:38:36,161 DEBUG block.SCMBlockDeletingService (SCMBlockDeletingService.java:call(138)) - Running DeletedBlockTransactionScanner
2019-08-05 04:38:36,161 DEBUG block.SCMBlockDeletingService (SCMBlockDeletingService.java:call(155)) - Scanned deleted blocks log and got 0 delTX to process.
2019-08-05 04:38:36,261 DEBUG block.SCMBlockDeletingService (SCMBlockDeletingService.java:call(138)) - Running DeletedBlockTransactionScanner
2019-08-05 04:38:36,261 DEBUG block.SCMBlockDeletingService (SCMBlockDeletingService.java:call(155)) - Scanned deleted blocks log and got 0 delTX to process.
2019-08-05 04:38:36,362 DEBUG block.SCMBlockDeletingService (SCMBlockDeletingService.java:call(138)) - Running DeletedBlockTransactionScanner
2019-08-05 04:38:36,362 DEBUG block.SCMBlockDeletingService (SCMBlockDeletingService.java:call(155)) - Scanned deleted blocks log and got 0 delTX to process.
2019-08-05 04:38:36,462 DEBUG block.SCMBlockDeletingService (SCMBlockDeletingService.java:call(138)) - Running DeletedBlockTransactionScanner
2019-08-05 04:38:36,463 DEBUG block.SCMBlockDeletingService (SCMBlockDeletingService.java:call(155)) - Scanned deleted blocks log and got 0 delTX to process.
2019-08-05 04:38:36,563 DEBUG block.SCMBlockDeletingService (SCMBlockDeletingService.java:call(138)) - Running DeletedBlockTransactionScanner
2019-08-05 04:38:36,563 DEBUG block.SCMBlockDeletingService (SCMBlockDeletingService.java:call(155)) - Scanned deleted blocks log and got 0 delTX to process.
2019-08-05 04:38:36,664 DEBUG block.SCMBlockDeletingService (SCMBlockDeletingService.java:call(138)) - Running DeletedBlockTransactionScanner
2019-08-05 04:38:36,664 DEBUG block.SCMBlockDeletingService (SCMBlockDeletingService.java:call(155)) - Scanned deleted blocks log and got 0 delTX to process.
2019-08-05 04:38:36,764 DEBUG block.SCMBlockDeletingService (SCMBlockDeletingService.java:call(138)) - Running DeletedBlockTransactionScanner
2019-08-05 04:38:36,764 DEBUG block.SCMBlockDeletingService (SCMBlockDeletingService.java:call(155)) - Scanned deleted blocks log and got 0 delTX to process.
2019-08-05 04:38:36,865 DEBUG block.SCMBlockDeletingService (SCMBlockDeletingService.java:call(138)) - Running DeletedBlockTransactionScanner
2019-08-05 04:38:36,865 DEBUG block.SCMBlockDeletingService (SCMBlockDeletingService.java:call(155)) - Scanned deleted blocks log and got 0 delTX to process.
2019-08-05 04:38:36,965 DEBUG block.SCMBlockDeletingService (SCMBlockDeletingService.java:call(138)) - Running DeletedBlockTransactionScanner
2019-08-05 04:38:36,966 DEBUG block.SCMBlockDeletingService (SCMBlockDeletingService.java:call(155)) - Scanned deleted blocks log and got 0 delTX to process.
2019-08-05 04:38:37,066 DEBUG block.SCMBlockDeletingService (SCMBlockDeletingService.java:call(138)) - Running DeletedBlockTransactionScanner
2019-08-05 04:38:37,066 DEBUG block.SCMBlockDeletingService (SCMBlockDeletingService.java:call(155)) - Scanned deleted blocks log and got 0 delTX to process.
2019-08-05 04:38:37,167 DEBUG block.SCMBlockDeletingService (SCMBlockDeletingService.java:call(138)) - Running DeletedBlockTransactionScanner
2019-08-05 04:38:37,167 DEBUG block.SCMBlockDeletingService (SCMBlockDeletingService.java:call(155)) - Scanned deleted blocks log and got 0 delTX to process.
2019-08-05 04:38:37,267 DEBUG block.SCMBlockDeletingService (SCMBlockDeletingService.java:call(138)) - Running DeletedBlockTransactionScanner
2019-08-05 04:38:37,268 DEBUG block.SCMBlockDeletingService (SCMBlockDeletingService.java:call(155)) - Scanned deleted blocks log and got 0 delTX to process.
2019-08-05 04:38:37,368 DEBUG block.SCMBlockDeletingService (SCMBlockDeletingService.java:call(138)) - Running DeletedBlockTransactionScanner
2019-08-05 04:38:37,368 DEBUG block.SCMBlockDeletingService (SCMBlockDeletingService.java:call(155)) - Scanned deleted blocks log and got 0 delTX to process.
2019-08-05 04:38:37,469 DEBUG block.SCMBlockDeletingService (SCMBlockDeletingService.java:call(138)) - Running DeletedBlockTransactionScanner
2019-08-05 04:38:37,469 DEBUG block.SCMBlockDeletingService (SCMBlockDeletingService.java:call(155)) - Scanned deleted blocks log and got 0 delTX to process.
2019-08-05 04:38:37,569 DEBUG block.SCMBlockDeletingService (SCMBlockDeletingService.java:call(138)) - Running DeletedBlockTransactionScanner
2019-08-05 04:38:37,570 DEBUG block.SCMBlockDeletingService (SCMBlockDeletingService.java:call(155)) - Scanned deleted blocks log and got 0 delTX to process.
2019-08-05 04:38:37,670 DEBUG block.SCMBlockDeletingService (SCMBlockDeletingService.java:call(138)) - Running DeletedBlockTransactionScanner
2019-08-05 04:38:37,670 DEBUG block.SCMBlockDeletingService (SCMBlockDeletingService.java:call(155)) - Scanned deleted blocks log and got 0 delTX to process.
2019-08-05 04:38:37,771 DEBUG block.SCMBlockDeletingService (SCMBlockDeletingService.java:call(138)) - Running DeletedBlockTransactionScanner
2019-08-05 04:38:37,771 DEBUG block.SCMBlockDeletingService (SCMBlockDeletingService.java:call(155)) - Scanned deleted blocks log and got 0 delTX to process.
2019-08-05 04:38:37,870 INFO  client.GrpcClientProtocolClient (GrpcClientProtocolClient.java:onNext(255)) - client-8CDCEDECFFE4->3f4de2de-7d09-498f-aead-42327df81d94: receive RaftClientReply:client-8CDCEDECFFE4->3f4de2de-7d09-498f-aead-42327df81d94@group-C7908E81CC6B, cid=3857, SUCCESS, logIndex=5505, commits[3f4de2de-7d09-498f-aead-42327df81d94:c5508]
2019-08-05 04:38:37,871 DEBUG block.SCMBlockDeletingService (SCMBlockDeletingService.java:call(138)) - Running DeletedBlockTransactionScanner
2019-08-05 04:38:37,871 DEBUG block.SCMBlockDeletingService (SCMBlockDeletingService.java:call(155)) - Scanned deleted blocks log and got 0 delTX to process.
2019-08-05 04:38:37,872 INFO  client.GrpcClientProtocolClient (GrpcClientProtocolClient.java:onNext(255)) - client-8CDCEDECFFE4->3f4de2de-7d09-498f-aead-42327df81d94: receive RaftClientReply:client-8CDCEDECFFE4->3f4de2de-7d09-498f-aead-42327df81d94@group-C7908E81CC6B, cid=3858, SUCCESS, logIndex=5506, commits[3f4de2de-7d09-498f-aead-42327df81d94:c5508]
2019-08-05 04:38:37,872 INFO  client.GrpcClientProtocolClient (GrpcClientProtocolClient.java:onNext(255)) - client-8CDCEDECFFE4->3f4de2de-7d09-498f-aead-42327df81d94: receive RaftClientReply:client-8CDCEDECFFE4->3f4de2de-7d09-498f-aead-42327df81d94@group-C7908E81CC6B, cid=3859, SUCCESS, logIndex=5507, commits[3f4de2de-7d09-498f-aead-42327df81d94:c5508]
2019-08-05 04:38:37,873 INFO  client.GrpcClientProtocolClient (GrpcClientProtocolClient.java:onNext(255)) - client-8CDCEDECFFE4->3f4de2de-7d09-498f-aead-42327df81d94: receive RaftClientReply:client-8CDCEDECFFE4->3f4de2de-7d09-498f-aead-42327df81d94@group-C7908E81CC6B, cid=3860, SUCCESS, logIndex=5508, commits[3f4de2de-7d09-498f-aead-42327df81d94:c5508]
2019-08-05 04:38:37,972 DEBUG block.SCMBlockDeletingService (SCMBlockDeletingService.java:call(138)) - Running DeletedBlockTransactionScanner
2019-08-05 04:38:37,972 DEBUG block.SCMBlockDeletingService (SCMBlockDeletingService.java:call(155)) - Scanned deleted blocks log and got 0 delTX to process.
2019-08-05 04:38:38,073 DEBUG block.SCMBlockDeletingService (SCMBlockDeletingService.java:call(138)) - Running DeletedBlockTransactionScanner
2019-08-05 04:38:38,073 DEBUG block.SCMBlockDeletingService (SCMBlockDeletingService.java:call(155)) - Scanned deleted blocks log and got 0 delTX to process.
2019-08-05 04:38:38,173 DEBUG block.SCMBlockDeletingService (SCMBlockDeletingService.java:call(138)) - Running DeletedBlockTransactionScanner
2019-08-05 04:38:38,173 DEBUG block.SCMBlockDeletingService (SCMBlockDeletingService.java:call(155)) - Scanned deleted blocks log and got 0 delTX to process.
2019-08-05 04:38:38,274 DEBUG block.SCMBlockDeletingService (SCMBlockDeletingService.java:call(138)) - Running DeletedBlockTransactionScanner
2019-08-05 04:38:38,274 DEBUG block.SCMBlockDeletingService (SCMBlockDeletingService.java:call(155)) - Scanned deleted blocks log and got 0 delTX to process.
2019-08-05 04:38:38,375 DEBUG block.SCMBlockDeletingService (SCMBlockDeletingService.java:call(138)) - Running DeletedBlockTransactionScanner
2019-08-05 04:38:38,375 DEBUG block.SCMBlockDeletingService (SCMBlockDeletingService.java:call(155)) - Scanned deleted blocks log and got 0 delTX to process.
2019-08-05 04:38:38,475 DEBUG block.SCMBlockDeletingService (SCMBlockDeletingService.java:call(138)) - Running DeletedBlockTransactionScanner
2019-08-05 04:38:38,475 DEBUG block.SCMBlockDeletingService (SCMBlockDeletingService.java:call(155)) - Scanned deleted blocks log and got 0 delTX to process.
2019-08-05 04:38:38,576 DEBUG block.SCMBlockDeletingService (SCMBlockDeletingService.java:call(138)) - Running DeletedBlockTransactionScanner
2019-08-05 04:38:38,576 DEBUG block.SCMBlockDeletingService (SCMBlockDeletingService.java:call(155)) - Scanned deleted blocks log and got 0 delTX to process.
2019-08-05 04:38:38,676 DEBUG block.SCMBlockDeletingService (SCMBlockDeletingService.java:call(138)) - Running DeletedBlockTransactionScanner
2019-08-05 04:38:38,677 DEBUG block.SCMBlockDeletingService (SCMBlockDeletingService.java:call(155)) - Scanned deleted blocks log and got 0 delTX to process.
2019-08-05 04:38:38,777 DEBUG block.SCMBlockDeletingService (SCMBlockDeletingService.java:call(138)) - Running DeletedBlockTransactionScanner
2019-08-05 04:38:38,777 DEBUG block.SCMBlockDeletingService (SCMBlockDeletingService.java:call(155)) - Scanned deleted blocks log and got 0 delTX to process.
2019-08-05 04:38:38,878 DEBUG block.SCMBlockDeletingService (SCMBlockDeletingService.java:call(138)) - Running DeletedBlockTransactionScanner
2019-08-05 04:38:38,878 DEBUG block.SCMBlockDeletingService (SCMBlockDeletingService.java:call(155)) - Scanned deleted blocks log and got 0 delTX to process.
2019-08-05 04:38:38,978 DEBUG block.SCMBlockDeletingService (SCMBlockDeletingService.java:call(138)) - Running DeletedBlockTransactionScanner
2019-08-05 04:38:38,979 DEBUG block.SCMBlockDeletingService (SCMBlockDeletingService.java:call(155)) - Scanned deleted blocks log and got 0 delTX to process.
2019-08-05 04:38:39,079 DEBUG block.SCMBlockDeletingService (SCMBlockDeletingService.java:call(138)) - Running DeletedBlockTransactionScanner
2019-08-05 04:38:39,079 DEBUG block.SCMBlockDeletingService (SCMBlockDeletingService.java:call(155)) - Scanned deleted blocks log and got 0 delTX to process.
2019-08-05 04:38:39,180 DEBUG block.SCMBlockDeletingService (SCMBlockDeletingService.java:call(138)) - Running DeletedBlockTransactionScanner
2019-08-05 04:38:39,180 DEBUG block.SCMBlockDeletingService (SCMBlockDeletingService.java:call(155)) - Scanned deleted blocks log and got 0 delTX to process.
2019-08-05 04:38:39,280 DEBUG block.SCMBlockDeletingService (SCMBlockDeletingService.java:call(138)) - Running DeletedBlockTransactionScanner
2019-08-05 04:38:39,281 DEBUG block.SCMBlockDeletingService (SCMBlockDeletingService.java:call(155)) - Scanned deleted blocks log and got 0 delTX to process.
2019-08-05 04:38:39,381 DEBUG block.SCMBlockDeletingService (SCMBlockDeletingService.java:call(138)) - Running DeletedBlockTransactionScanner
2019-08-05 04:38:39,381 DEBUG block.SCMBlockDeletingService (SCMBlockDeletingService.java:call(155)) - Scanned deleted blocks log and got 0 delTX to process.
2019-08-05 04:38:39,482 DEBUG block.SCMBlockDeletingService (SCMBlockDeletingService.java:call(138)) - Running DeletedBlockTransactionScanner
2019-08-05 04:38:39,482 DEBUG block.SCMBlockDeletingService (SCMBlockDeletingService.java:call(155)) - Scanned deleted blocks log and got 0 delTX to process.
2019-08-05 04:38:39,575 INFO  client.GrpcClientProtocolClient (GrpcClientProtocolClient.java:onNext(255)) - client-8CDCEDECFFE4->3f4de2de-7d09-498f-aead-42327df81d94: receive RaftClientReply:client-8CDCEDECFFE4->3f4de2de-7d09-498f-aead-42327df81d94@group-C7908E81CC6B, cid=3861, SUCCESS, logIndex=5510, commits[3f4de2de-7d09-498f-aead-42327df81d94:c5513]
2019-08-05 04:38:39,576 INFO  client.GrpcClientProtocolClient (GrpcClientProtocolClient.java:onNext(255)) - client-8CDCEDECFFE4->3f4de2de-7d09-498f-aead-42327df81d94: receive RaftClientReply:client-8CDCEDECFFE4->3f4de2de-7d09-498f-aead-42327df81d94@group-C7908E81CC6B, cid=3862, SUCCESS, logIndex=5511, commits[3f4de2de-7d09-498f-aead-42327df81d94:c5513]
2019-08-05 04:38:39,576 INFO  client.GrpcClientProtocolClient (GrpcClientProtocolClient.java:onNext(255)) - client-8CDCEDECFFE4->3f4de2de-7d09-498f-aead-42327df81d94: receive RaftClientReply:client-8CDCEDECFFE4->3f4de2de-7d09-498f-aead-42327df81d94@group-C7908E81CC6B, cid=3863, SUCCESS, logIndex=5512, commits[3f4de2de-7d09-498f-aead-42327df81d94:c5513]
2019-08-05 04:38:39,577 INFO  client.GrpcClientProtocolClient (GrpcClientProtocolClient.java:onNext(255)) - client-8CDCEDECFFE4->3f4de2de-7d09-498f-aead-42327df81d94: receive RaftClientReply:client-8CDCEDECFFE4->3f4de2de-7d09-498f-aead-42327df81d94@group-C7908E81CC6B, cid=3864, SUCCESS, logIndex=5513, commits[3f4de2de-7d09-498f-aead-42327df81d94:c5513]
2019-08-05 04:38:39,582 DEBUG block.SCMBlockDeletingService (SCMBlockDeletingService.java:call(138)) - Running DeletedBlockTransactionScanner
2019-08-05 04:38:39,583 DEBUG block.SCMBlockDeletingService (SCMBlockDeletingService.java:call(155)) - Scanned deleted blocks log and got 0 delTX to process.
2019-08-05 04:38:39,619 INFO  client.GrpcClientProtocolClient (GrpcClientProtocolClient.java:onNext(255)) - client-8CDCEDECFFE4->3f4de2de-7d09-498f-aead-42327df81d94: receive RaftClientReply:client-8CDCEDECFFE4->3f4de2de-7d09-498f-aead-42327df81d94@group-C7908E81CC6B, cid=3865, SUCCESS, logIndex=5515, commits[3f4de2de-7d09-498f-aead-42327df81d94:c5518]
2019-08-05 04:38:39,619 INFO  client.GrpcClientProtocolClient (GrpcClientProtocolClient.java:onNext(255)) - client-8CDCEDECFFE4->3f4de2de-7d09-498f-aead-42327df81d94: receive RaftClientReply:client-8CDCEDECFFE4->3f4de2de-7d09-498f-aead-42327df81d94@group-C7908E81CC6B, cid=3866, SUCCESS, logIndex=5516, commits[3f4de2de-7d09-498f-aead-42327df81d94:c5519]
2019-08-05 04:38:39,620 INFO  client.GrpcClientProtocolClient (GrpcClientProtocolClient.java:onNext(255)) - client-8CDCEDECFFE4->3f4de2de-7d09-498f-aead-42327df81d94: receive RaftClientReply:client-8CDCEDECFFE4->3f4de2de-7d09-498f-aead-42327df81d94@group-C7908E81CC6B, cid=3867, SUCCESS, logIndex=5517, commits[3f4de2de-7d09-498f-aead-42327df81d94:c5519]
2019-08-05 04:38:39,620 INFO  client.GrpcClientProtocolClient (GrpcClientProtocolClient.java:onNext(255)) - client-8CDCEDECFFE4->3f4de2de-7d09-498f-aead-42327df81d94: receive RaftClientReply:client-8CDCEDECFFE4->3f4de2de-7d09-498f-aead-42327df81d94@group-C7908E81CC6B, cid=3868, SUCCESS, logIndex=5518, commits[3f4de2de-7d09-498f-aead-42327df81d94:c5519]
2019-08-05 04:38:39,645 INFO  client.GrpcClientProtocolClient (GrpcClientProtocolClient.java:onNext(255)) - client-8CDCEDECFFE4->3f4de2de-7d09-498f-aead-42327df81d94: receive RaftClientReply:client-8CDCEDECFFE4->3f4de2de-7d09-498f-aead-42327df81d94@group-C7908E81CC6B, cid=3869, SUCCESS, logIndex=5520, commits[3f4de2de-7d09-498f-aead-42327df81d94:c5521]
2019-08-05 04:38:39,646 INFO  client.GrpcClientProtocolClient (GrpcClientProtocolClient.java:onNext(255)) - client-8CDCEDECFFE4->3f4de2de-7d09-498f-aead-42327df81d94: receive RaftClientReply:client-8CDCEDECFFE4->3f4de2de-7d09-498f-aead-42327df81d94@group-C7908E81CC6B, cid=3870, SUCCESS, logIndex=5521, commits[3f4de2de-7d09-498f-aead-42327df81d94:c5523]
2019-08-05 04:38:39,646 INFO  client.GrpcClientProtocolClient (GrpcClientProtocolClient.java:onNext(255)) - client-8CDCEDECFFE4->3f4de2de-7d09-498f-aead-42327df81d94: receive RaftClientReply:client-8CDCEDECFFE4->3f4de2de-7d09-498f-aead-42327df81d94@group-C7908E81CC6B, cid=3871, SUCCESS, logIndex=5522, commits[3f4de2de-7d09-498f-aead-42327df81d94:c5524]
2019-08-05 04:38:39,647 INFO  client.GrpcClientProtocolClient (GrpcClientProtocolClient.java:onNext(255)) - client-8CDCEDECFFE4->3f4de2de-7d09-498f-aead-42327df81d94: receive RaftClientReply:client-8CDCEDECFFE4->3f4de2de-7d09-498f-aead-42327df81d94@group-C7908E81CC6B, cid=3872, SUCCESS, logIndex=5523, commits[3f4de2de-7d09-498f-aead-42327df81d94:c5524]
2019-08-05 04:38:39,678 INFO  client.GrpcClientProtocolClient (GrpcClientProtocolClient.java:onNext(255)) - client-8CDCEDECFFE4->3f4de2de-7d09-498f-aead-42327df81d94: receive RaftClientReply:client-8CDCEDECFFE4->3f4de2de-7d09-498f-aead-42327df81d94@group-C7908E81CC6B, cid=3873, SUCCESS, logIndex=5526, commits[3f4de2de-7d09-498f-aead-42327df81d94:c5529]
2019-08-05 04:38:39,679 INFO  client.GrpcClientProtocolClient (GrpcClientProtocolClient.java:onNext(255)) - client-8CDCEDECFFE4->3f4de2de-7d09-498f-aead-42327df81d94: receive RaftClientReply:client-8CDCEDECFFE4->3f4de2de-7d09-498f-aead-42327df81d94@group-C7908E81CC6B, cid=3874, SUCCESS, logIndex=5527, commits[3f4de2de-7d09-498f-aead-42327df81d94:c5530]
2019-08-05 04:38:39,679 INFO  client.GrpcClientProtocolClient (GrpcClientProtocolClient.java:onNext(255)) - client-8CDCEDECFFE4->3f4de2de-7d09-498f-aead-42327df81d94: receive RaftClientReply:client-8CDCEDECFFE4->3f4de2de-7d09-498f-aead-42327df81d94@group-C7908E81CC6B, cid=3875, SUCCESS, logIndex=5528, commits[3f4de2de-7d09-498f-aead-42327df81d94:c5530]
2019-08-05 04:38:39,680 INFO  client.GrpcClientProtocolClient (GrpcClientProtocolClient.java:onNext(255)) - client-8CDCEDECFFE4->3f4de2de-7d09-498f-aead-42327df81d94: receive RaftClientReply:client-8CDCEDECFFE4->3f4de2de-7d09-498f-aead-42327df81d94@group-C7908E81CC6B, cid=3876, SUCCESS, logIndex=5529, commits[3f4de2de-7d09-498f-aead-42327df81d94:c5530]
2019-08-05 04:38:39,683 DEBUG block.SCMBlockDeletingService (SCMBlockDeletingService.java:call(138)) - Running DeletedBlockTransactionScanner
2019-08-05 04:38:39,683 DEBUG block.SCMBlockDeletingService (SCMBlockDeletingService.java:call(155)) - Scanned deleted blocks log and got 0 delTX to process.
2019-08-05 04:38:39,704 INFO  client.GrpcClientProtocolClient (GrpcClientProtocolClient.java:onNext(255)) - client-8CDCEDECFFE4->3f4de2de-7d09-498f-aead-42327df81d94: receive RaftClientReply:client-8CDCEDECFFE4->3f4de2de-7d09-498f-aead-42327df81d94@group-C7908E81CC6B, cid=3877, SUCCESS, logIndex=5531, commits[3f4de2de-7d09-498f-aead-42327df81d94:c5532]
2019-08-05 04:38:39,705 INFO  client.GrpcClientProtocolClient (GrpcClientProtocolClient.java:onNext(255)) - client-8CDCEDECFFE4->3f4de2de-7d09-498f-aead-42327df81d94: receive RaftClientReply:client-8CDCEDECFFE4->3f4de2de-7d09-498f-aead-42327df81d94@group-C7908E81CC6B, cid=3878, SUCCESS, logIndex=5532, commits[3f4de2de-7d09-498f-aead-42327df81d94:c5534]
2019-08-05 04:38:39,705 INFO  client.GrpcClientProtocolClient (GrpcClientProtocolClient.java:onNext(255)) - client-8CDCEDECFFE4->3f4de2de-7d09-498f-aead-42327df81d94: receive RaftClientReply:client-8CDCEDECFFE4->3f4de2de-7d09-498f-aead-42327df81d94@group-C7908E81CC6B, cid=3879, SUCCESS, logIndex=5533, commits[3f4de2de-7d09-498f-aead-42327df81d94:c5535]
2019-08-05 04:38:39,706 INFO  client.GrpcClientProtocolClient (GrpcClientProtocolClient.java:onNext(255)) - client-8CDCEDECFFE4->3f4de2de-7d09-498f-aead-42327df81d94: receive RaftClientReply:client-8CDCEDECFFE4->3f4de2de-7d09-498f-aead-42327df81d94@group-C7908E81CC6B, cid=3880, SUCCESS, logIndex=5534, commits[3f4de2de-7d09-498f-aead-42327df81d94:c5536]
2019-08-05 04:38:39,733 INFO  client.GrpcClientProtocolClient (GrpcClientProtocolClient.java:onNext(255)) - client-8CDCEDECFFE4->3f4de2de-7d09-498f-aead-42327df81d94: receive RaftClientReply:client-8CDCEDECFFE4->3f4de2de-7d09-498f-aead-42327df81d94@group-C7908E81CC6B, cid=3881, SUCCESS, logIndex=5537, commits[3f4de2de-7d09-498f-aead-42327df81d94:c5540]
2019-08-05 04:38:39,734 INFO  client.GrpcClientProtocolClient (GrpcClientProtocolClient.java:onNext(255)) - client-8CDCEDECFFE4->3f4de2de-7d09-498f-aead-42327df81d94: receive RaftClientReply:client-8CDCEDECFFE4->3f4de2de-7d09-498f-aead-42327df81d94@group-C7908E81CC6B, cid=3882, SUCCESS, logIndex=5538, commits[3f4de2de-7d09-498f-aead-42327df81d94:c5541]
2019-08-05 04:38:39,734 INFO  client.GrpcClientProtocolClient (GrpcClientProtocolClient.java:onNext(255)) - client-8CDCEDECFFE4->3f4de2de-7d09-498f-aead-42327df81d94: receive RaftClientReply:client-8CDCEDECFFE4->3f4de2de-7d09-498f-aead-42327df81d94@group-C7908E81CC6B, cid=3883, SUCCESS, logIndex=5539, commits[3f4de2de-7d09-498f-aead-42327df81d94:c5541]
2019-08-05 04:38:39,735 INFO  client.GrpcClientProtocolClient (GrpcClientProtocolClient.java:onNext(255)) - client-8CDCEDECFFE4->3f4de2de-7d09-498f-aead-42327df81d94: receive RaftClientReply:client-8CDCEDECFFE4->3f4de2de-7d09-498f-aead-42327df81d94@group-C7908E81CC6B, cid=3884, SUCCESS, logIndex=5540, commits[3f4de2de-7d09-498f-aead-42327df81d94:c5541]
2019-08-05 04:38:39,749 INFO  client.GrpcClientProtocolClient (GrpcClientProtocolClient.java:onNext(255)) - client-8CDCEDECFFE4->3f4de2de-7d09-498f-aead-42327df81d94: receive RaftClientReply:client-8CDCEDECFFE4->3f4de2de-7d09-498f-aead-42327df81d94@group-C7908E81CC6B, cid=3885, SUCCESS, logIndex=5542, commits[3f4de2de-7d09-498f-aead-42327df81d94:c5543]
2019-08-05 04:38:39,749 INFO  client.GrpcClientProtocolClient (GrpcClientProtocolClient.java:onNext(255)) - client-8CDCEDECFFE4->3f4de2de-7d09-498f-aead-42327df81d94: receive RaftClientReply:client-8CDCEDECFFE4->3f4de2de-7d09-498f-aead-42327df81d94@group-C7908E81CC6B, cid=3886, SUCCESS, logIndex=5543, commits[3f4de2de-7d09-498f-aead-42327df81d94:c5546]
2019-08-05 04:38:39,750 INFO  client.GrpcClientProtocolClient (GrpcClientProtocolClient.java:onNext(255)) - client-8CDCEDECFFE4->3f4de2de-7d09-498f-aead-42327df81d94: receive RaftClientReply:client-8CDCEDECFFE4->3f4de2de-7d09-498f-aead-42327df81d94@group-C7908E81CC6B, cid=3887, SUCCESS, logIndex=5544, commits[3f4de2de-7d09-498f-aead-42327df81d94:c5546]
2019-08-05 04:38:39,751 INFO  client.GrpcClientProtocolClient (GrpcClientProtocolClient.java:onNext(255)) - client-8CDCEDECFFE4->3f4de2de-7d09-498f-aead-42327df81d94: receive RaftClientReply:client-8CDCEDECFFE4->3f4de2de-7d09-498f-aead-42327df81d94@group-C7908E81CC6B, cid=3888, SUCCESS, logIndex=5545, commits[3f4de2de-7d09-498f-aead-42327df81d94:c5547]
2019-08-05 04:38:39,781 INFO  client.GrpcClientProtocolClient (GrpcClientProtocolClient.java:onNext(255)) - client-8CDCEDECFFE4->3f4de2de-7d09-498f-aead-42327df81d94: receive RaftClientReply:client-8CDCEDECFFE4->3f4de2de-7d09-498f-aead-42327df81d94@group-C7908E81CC6B, cid=3889, SUCCESS, logIndex=5548, commits[3f4de2de-7d09-498f-aead-42327df81d94:c5549]
2019-08-05 04:38:39,781 INFO  client.GrpcClientProtocolClient (GrpcClientProtocolClient.java:onNext(255)) - client-8CDCEDECFFE4->3f4de2de-7d09-498f-aead-42327df81d94: receive RaftClientReply:client-8CDCEDECFFE4->3f4de2de-7d09-498f-aead-42327df81d94@group-C7908E81CC6B, cid=3890, SUCCESS, logIndex=5549, commits[3f4de2de-7d09-498f-aead-42327df81d94:c5550]
2019-08-05 04:38:39,784 DEBUG block.SCMBlockDeletingService (SCMBlockDeletingService.java:call(138)) - Running DeletedBlockTransactionScanner
2019-08-05 04:38:39,784 DEBUG block.SCMBlockDeletingService (SCMBlockDeletingService.java:call(155)) - Scanned deleted blocks log and got 0 delTX to process.
2019-08-05 04:38:39,906 DEBUG block.SCMBlockDeletingService (SCMBlockDeletingService.java:call(138)) - Running DeletedBlockTransactionScanner
2019-08-05 04:38:39,907 DEBUG block.SCMBlockDeletingService (SCMBlockDeletingService.java:call(155)) - Scanned deleted blocks log and got 0 delTX to process.
2019-08-05 04:38:39,932 INFO  client.GrpcClientProtocolClient (GrpcClientProtocolClient.java:onNext(255)) - client-8CDCEDECFFE4->3f4de2de-7d09-498f-aead-42327df81d94: receive RaftClientReply:client-8CDCEDECFFE4->3f4de2de-7d09-498f-aead-42327df81d94@group-C7908E81CC6B, cid=3891, SUCCESS, logIndex=5551, commits[3f4de2de-7d09-498f-aead-42327df81d94:c5552]
2019-08-05 04:38:39,932 INFO  client.GrpcClientProtocolClient (GrpcClientProtocolClient.java:onNext(255)) - client-8CDCEDECFFE4->3f4de2de-7d09-498f-aead-42327df81d94: receive RaftClientReply:client-8CDCEDECFFE4->3f4de2de-7d09-498f-aead-42327df81d94@group-C7908E81CC6B, cid=3892, SUCCESS, logIndex=5552, commits[3f4de2de-7d09-498f-aead-42327df81d94:c5553]
2019-08-05 04:38:39,959 INFO  client.GrpcClientProtocolClient (GrpcClientProtocolClient.java:onNext(255)) - client-8CDCEDECFFE4->3f4de2de-7d09-498f-aead-42327df81d94: receive RaftClientReply:client-8CDCEDECFFE4->3f4de2de-7d09-498f-aead-42327df81d94@group-C7908E81CC6B, cid=3893, SUCCESS, logIndex=5554, commits[3f4de2de-7d09-498f-aead-42327df81d94:c5557]
2019-08-05 04:38:39,959 INFO  client.GrpcClientProtocolClient (GrpcClientProtocolClient.java:onNext(255)) - client-8CDCEDECFFE4->3f4de2de-7d09-498f-aead-42327df81d94: receive RaftClientReply:client-8CDCEDECFFE4->3f4de2de-7d09-498f-aead-42327df81d94@group-C7908E81CC6B, cid=3894, SUCCESS, logIndex=5555, commits[3f4de2de-7d09-498f-aead-42327df81d94:c5558]
2019-08-05 04:38:39,960 INFO  client.GrpcClientProtocolClient (GrpcClientProtocolClient.java:onNext(255)) - client-8CDCEDECFFE4->3f4de2de-7d09-498f-aead-42327df81d94: receive RaftClientReply:client-8CDCEDECFFE4->3f4de2de-7d09-498f-aead-42327df81d94@group-C7908E81CC6B, cid=3895, SUCCESS, logIndex=5556, commits[3f4de2de-7d09-498f-aead-42327df81d94:c5558]
2019-08-05 04:38:39,960 INFO  client.GrpcClientProtocolClient (GrpcClientProtocolClient.java:onNext(255)) - client-8CDCEDECFFE4->3f4de2de-7d09-498f-aead-42327df81d94: receive RaftClientReply:client-8CDCEDECFFE4->3f4de2de-7d09-498f-aead-42327df81d94@group-C7908E81CC6B, cid=3896, SUCCESS, logIndex=5557, commits[3f4de2de-7d09-498f-aead-42327df81d94:c5558]
2019-08-05 04:38:39,999 INFO  client.GrpcClientProtocolClient (GrpcClientProtocolClient.java:onNext(255)) - client-8CDCEDECFFE4->3f4de2de-7d09-498f-aead-42327df81d94: receive RaftClientReply:client-8CDCEDECFFE4->3f4de2de-7d09-498f-aead-42327df81d94@group-C7908E81CC6B, cid=3897, SUCCESS, logIndex=5559, commits[3f4de2de-7d09-498f-aead-42327df81d94:c5562]
2019-08-05 04:38:40,000 INFO  client.GrpcClientProtocolClient (GrpcClientProtocolClient.java:onNext(255)) - client-8CDCEDECFFE4->3f4de2de-7d09-498f-aead-42327df81d94: receive RaftClientReply:client-8CDCEDECFFE4->3f4de2de-7d09-498f-aead-42327df81d94@group-C7908E81CC6B, cid=3898, SUCCESS, logIndex=5560, commits[3f4de2de-7d09-498f-aead-42327df81d94:c5563]
2019-08-05 04:38:40,000 INFO  client.GrpcClientProtocolClient (GrpcClientProtocolClient.java:onNext(255)) - client-8CDCEDECFFE4->3f4de2de-7d09-498f-aead-42327df81d94: receive RaftClientReply:client-8CDCEDECFFE4->3f4de2de-7d09-498f-aead-42327df81d94@group-C7908E81CC6B, cid=3899, SUCCESS, logIndex=5561, commits[3f4de2de-7d09-498f-aead-42327df81d94:c5563]
2019-08-05 04:38:40,001 INFO  client.GrpcClientProtocolClient (GrpcClientProtocolClient.java:onNext(255)) - client-8CDCEDECFFE4->3f4de2de-7d09-498f-aead-42327df81d94: receive RaftClientReply:client-8CDCEDECFFE4->3f4de2de-7d09-498f-aead-42327df81d94@group-C7908E81CC6B, cid=3900, SUCCESS, logIndex=5562, commits[3f4de2de-7d09-498f-aead-42327df81d94:c5563]
2019-08-05 04:38:40,007 DEBUG block.SCMBlockDeletingService (SCMBlockDeletingService.java:call(138)) - Running DeletedBlockTransactionScanner
2019-08-05 04:38:40,007 DEBUG block.SCMBlockDeletingService (SCMBlockDeletingService.java:call(155)) - Scanned deleted blocks log and got 0 delTX to process.
2019-08-05 04:38:40,010 INFO  segmented.SegmentedRaftLogWorker (SegmentedRaftLogWorker.java:rollLogSegment(385)) - 3f4de2de-7d09-498f-aead-42327df81d94-SegmentedRaftLogWorker:Storage Directory /workdir/hadoop-ozone/integration-test/target/test-dir/MiniOzoneClusterImpl-af67ccff-b14d-4344-aca9-2553e8e333a6/datanode-0/data/ratis/25174f8a-9958-42d2-a9fa-c7908e81cc6b: Rolling segment log-0_5565 to index:5565
2019-08-05 04:38:40,020 INFO  client.GrpcClientProtocolClient (GrpcClientProtocolClient.java:onNext(255)) - client-8CDCEDECFFE4->3f4de2de-7d09-498f-aead-42327df81d94: receive RaftClientReply:client-8CDCEDECFFE4->3f4de2de-7d09-498f-aead-42327df81d94@group-C7908E81CC6B, cid=3901, SUCCESS, logIndex=5564, commits[3f4de2de-7d09-498f-aead-42327df81d94:c5565]
2019-08-05 04:38:40,021 INFO  client.GrpcClientProtocolClient (GrpcClientProtocolClient.java:onNext(255)) - client-8CDCEDECFFE4->3f4de2de-7d09-498f-aead-42327df81d94: receive RaftClientReply:client-8CDCEDECFFE4->3f4de2de-7d09-498f-aead-42327df81d94@group-C7908E81CC6B, cid=3902, SUCCESS, logIndex=5565, commits[3f4de2de-7d09-498f-aead-42327df81d94:c5565]
2019-08-05 04:38:40,021 INFO  segmented.SegmentedRaftLogWorker (SegmentedRaftLogWorker.java:execute(526)) - 3f4de2de-7d09-498f-aead-42327df81d94-SegmentedRaftLogWorker:Storage Directory /workdir/hadoop-ozone/integration-test/target/test-dir/MiniOzoneClusterImpl-af67ccff-b14d-4344-aca9-2553e8e333a6/datanode-0/data/ratis/25174f8a-9958-42d2-a9fa-c7908e81cc6b: Rolled log segment from /workdir/hadoop-ozone/integration-test/target/test-dir/MiniOzoneClusterImpl-af67ccff-b14d-4344-aca9-2553e8e333a6/datanode-0/data/ratis/25174f8a-9958-42d2-a9fa-c7908e81cc6b/current/log_inprogress_0 to /workdir/hadoop-ozone/integration-test/target/test-dir/MiniOzoneClusterImpl-af67ccff-b14d-4344-aca9-2553e8e333a6/datanode-0/data/ratis/25174f8a-9958-42d2-a9fa-c7908e81cc6b/current/log_0-5565
2019-08-05 04:38:40,053 INFO  segmented.SegmentedRaftLogWorker (SegmentedRaftLogWorker.java:execute(569)) - 3f4de2de-7d09-498f-aead-42327df81d94-SegmentedRaftLogWorker:Storage Directory /workdir/hadoop-ozone/integration-test/target/test-dir/MiniOzoneClusterImpl-af67ccff-b14d-4344-aca9-2553e8e333a6/datanode-0/data/ratis/25174f8a-9958-42d2-a9fa-c7908e81cc6b: created new log segment /workdir/hadoop-ozone/integration-test/target/test-dir/MiniOzoneClusterImpl-af67ccff-b14d-4344-aca9-2553e8e333a6/datanode-0/data/ratis/25174f8a-9958-42d2-a9fa-c7908e81cc6b/current/log_inprogress_5566
2019-08-05 04:38:40,066 INFO  client.GrpcClientProtocolClient (GrpcClientProtocolClient.java:onNext(255)) - client-8CDCEDECFFE4->3f4de2de-7d09-498f-aead-42327df81d94: receive RaftClientReply:client-8CDCEDECFFE4->3f4de2de-7d09-498f-aead-42327df81d94@group-C7908E81CC6B, cid=3903, SUCCESS, logIndex=5566, commits[3f4de2de-7d09-498f-aead-42327df81d94:c5568]
2019-08-05 04:38:40,068 INFO  client.GrpcClientProtocolClient (GrpcClientProtocolClient.java:onNext(255)) - client-8CDCEDECFFE4->3f4de2de-7d09-498f-aead-42327df81d94: receive RaftClientReply:client-8CDCEDECFFE4->3f4de2de-7d09-498f-aead-42327df81d94@group-C7908E81CC6B, cid=3904, SUCCESS, logIndex=5567, commits[3f4de2de-7d09-498f-aead-42327df81d94:c5568]
2019-08-05 04:38:40,095 INFO  client.GrpcClientProtocolClient (GrpcClientProtocolClient.java:onNext(255)) - client-8CDCEDECFFE4->3f4de2de-7d09-498f-aead-42327df81d94: receive RaftClientReply:client-8CDCEDECFFE4->3f4de2de-7d09-498f-aead-42327df81d94@group-C7908E81CC6B, cid=3905, SUCCESS, logIndex=5569, commits[3f4de2de-7d09-498f-aead-42327df81d94:c5572]
2019-08-05 04:38:40,096 INFO  client.GrpcClientProtocolClient (GrpcClientProtocolClient.java:onNext(255)) - client-8CDCEDECFFE4->3f4de2de-7d09-498f-aead-42327df81d94: receive RaftClientReply:client-8CDCEDECFFE4->3f4de2de-7d09-498f-aead-42327df81d94@group-C7908E81CC6B, cid=3906, SUCCESS, logIndex=5570, commits[3f4de2de-7d09-498f-aead-42327df81d94:c5572]
2019-08-05 04:38:40,097 INFO  client.GrpcClientProtocolClient (GrpcClientProtocolClient.java:onNext(255)) - client-8CDCEDECFFE4->3f4de2de-7d09-498f-aead-42327df81d94: receive RaftClientReply:client-8CDCEDECFFE4->3f4de2de-7d09-498f-aead-42327df81d94@group-C7908E81CC6B, cid=3907, SUCCESS, logIndex=5571, commits[3f4de2de-7d09-498f-aead-42327df81d94:c5573]
2019-08-05 04:38:40,097 INFO  client.GrpcClientProtocolClient (GrpcClientProtocolClient.java:onNext(255)) - client-8CDCEDECFFE4->3f4de2de-7d09-498f-aead-42327df81d94: receive RaftClientReply:client-8CDCEDECFFE4->3f4de2de-7d09-498f-aead-42327df81d94@group-C7908E81CC6B, cid=3908, SUCCESS, logIndex=5572, commits[3f4de2de-7d09-498f-aead-42327df81d94:c5574]
2019-08-05 04:38:40,107 DEBUG block.SCMBlockDeletingService (SCMBlockDeletingService.java:call(138)) - Running DeletedBlockTransactionScanner
2019-08-05 04:38:40,109 DEBUG block.SCMBlockDeletingService (SCMBlockDeletingService.java:call(155)) - Scanned deleted blocks log and got 0 delTX to process.
2019-08-05 04:38:40,121 INFO  client.GrpcClientProtocolClient (GrpcClientProtocolClient.java:onNext(255)) - client-8CDCEDECFFE4->3f4de2de-7d09-498f-aead-42327df81d94: receive RaftClientReply:client-8CDCEDECFFE4->3f4de2de-7d09-498f-aead-42327df81d94@group-C7908E81CC6B, cid=3909, SUCCESS, logIndex=5575, commits[3f4de2de-7d09-498f-aead-42327df81d94:c5578]
2019-08-05 04:38:40,122 INFO  client.GrpcClientProtocolClient (GrpcClientProtocolClient.java:onNext(255)) - client-8CDCEDECFFE4->3f4de2de-7d09-498f-aead-42327df81d94: receive RaftClientReply:client-8CDCEDECFFE4->3f4de2de-7d09-498f-aead-42327df81d94@group-C7908E81CC6B, cid=3910, SUCCESS, logIndex=5576, commits[3f4de2de-7d09-498f-aead-42327df81d94:c5579]
2019-08-05 04:38:40,122 INFO  client.GrpcClientProtocolClient (GrpcClientProtocolClient.java:onNext(255)) - client-8CDCEDECFFE4->3f4de2de-7d09-498f-aead-42327df81d94: receive RaftClientReply:client-8CDCEDECFFE4->3f4de2de-7d09-498f-aead-42327df81d94@group-C7908E81CC6B, cid=3911, SUCCESS, logIndex=5577, commits[3f4de2de-7d09-498f-aead-42327df81d94:c5579]
2019-08-05 04:38:40,122 INFO  client.GrpcClientProtocolClient (GrpcClientProtocolClient.java:onNext(255)) - client-8CDCEDECFFE4->3f4de2de-7d09-498f-aead-42327df81d94: receive RaftClientReply:client-8CDCEDECFFE4->3f4de2de-7d09-498f-aead-42327df81d94@group-C7908E81CC6B, cid=3912, SUCCESS, logIndex=5578, commits[3f4de2de-7d09-498f-aead-42327df81d94:c5579]
2019-08-05 04:38:40,158 INFO  client.GrpcClientProtocolClient (GrpcClientProtocolClient.java:onNext(255)) - client-8CDCEDECFFE4->3f4de2de-7d09-498f-aead-42327df81d94: receive RaftClientReply:client-8CDCEDECFFE4->3f4de2de-7d09-498f-aead-42327df81d94@group-C7908E81CC6B, cid=3913, SUCCESS, logIndex=5580, commits[3f4de2de-7d09-498f-aead-42327df81d94:c5583]
2019-08-05 04:38:40,159 INFO  client.GrpcClientProtocolClient (GrpcClientProtocolClient.java:onNext(255)) - client-8CDCEDECFFE4->3f4de2de-7d09-498f-aead-42327df81d94: receive RaftClientReply:client-8CDCEDECFFE4->3f4de2de-7d09-498f-aead-42327df81d94@group-C7908E81CC6B, cid=3914, SUCCESS, logIndex=5581, commits[3f4de2de-7d09-498f-aead-42327df81d94:c5584]
2019-08-05 04:38:40,159 INFO  client.GrpcClientProtocolClient (GrpcClientProtocolClient.java:onNext(255)) - client-8CDCEDECFFE4->3f4de2de-7d09-498f-aead-42327df81d94: receive RaftClientReply:client-8CDCEDECFFE4->3f4de2de-7d09-498f-aead-42327df81d94@group-C7908E81CC6B, cid=3915, SUCCESS, logIndex=5582, commits[3f4de2de-7d09-498f-aead-42327df81d94:c5584]
2019-08-05 04:38:40,159 INFO  client.GrpcClientProtocolClient (GrpcClientProtocolClient.java:onNext(255)) - client-8CDCEDECFFE4->3f4de2de-7d09-498f-aead-42327df81d94: receive RaftClientReply:client-8CDCEDECFFE4->3f4de2de-7d09-498f-aead-42327df81d94@group-C7908E81CC6B, cid=3916, SUCCESS, logIndex=5583, commits[3f4de2de-7d09-498f-aead-42327df81d94:c5584]
2019-08-05 04:38:40,182 INFO  client.GrpcClientProtocolClient (GrpcClientProtocolClient.java:onNext(255)) - client-8CDCEDECFFE4->3f4de2de-7d09-498f-aead-42327df81d94: receive RaftClientReply:client-8CDCEDECFFE4->3f4de2de-7d09-498f-aead-42327df81d94@group-C7908E81CC6B, cid=3917, SUCCESS, logIndex=5585, commits[3f4de2de-7d09-498f-aead-42327df81d94:c5588]
2019-08-05 04:38:40,183 INFO  client.GrpcClientProtocolClient (GrpcClientProtocolClient.java:onNext(255)) - client-8CDCEDECFFE4->3f4de2de-7d09-498f-aead-42327df81d94: receive RaftClientReply:client-8CDCEDECFFE4->3f4de2de-7d09-498f-aead-42327df81d94@group-C7908E81CC6B, cid=3918, SUCCESS, logIndex=5586, commits[3f4de2de-7d09-498f-aead-42327df81d94:c5589]
2019-08-05 04:38:40,183 INFO  client.GrpcClientProtocolClient (GrpcClientProtocolClient.java:onNext(255)) - client-8CDCEDECFFE4->3f4de2de-7d09-498f-aead-42327df81d94: receive RaftClientReply:client-8CDCEDECFFE4->3f4de2de-7d09-498f-aead-42327df81d94@group-C7908E81CC6B, cid=3919, SUCCESS, logIndex=5587, commits[3f4de2de-7d09-498f-aead-42327df81d94:c5589]
2019-08-05 04:38:40,183 INFO  client.GrpcClientProtocolClient (GrpcClientProtocolClient.java:onNext(255)) - client-8CDCEDECFFE4->3f4de2de-7d09-498f-aead-42327df81d94: receive RaftClientReply:client-8CDCEDECFFE4->3f4de2de-7d09-498f-aead-42327df81d94@group-C7908E81CC6B, cid=3920, SUCCESS, logIndex=5588, commits[3f4de2de-7d09-498f-aead-42327df81d94:c5589]
2019-08-05 04:38:40,210 DEBUG block.SCMBlockDeletingService (SCMBlockDeletingService.java:call(138)) - Running DeletedBlockTransactionScanner
2019-08-05 04:38:40,210 DEBUG block.SCMBlockDeletingService (SCMBlockDeletingService.java:call(155)) - Scanned deleted blocks log and got 0 delTX to process.
2019-08-05 04:38:40,217 INFO  client.GrpcClientProtocolClient (GrpcClientProtocolClient.java:onNext(255)) - client-8CDCEDECFFE4->3f4de2de-7d09-498f-aead-42327df81d94: receive RaftClientReply:client-8CDCEDECFFE4->3f4de2de-7d09-498f-aead-42327df81d94@group-C7908E81CC6B, cid=3921, SUCCESS, logIndex=5590, commits[3f4de2de-7d09-498f-aead-42327df81d94:c5591]
2019-08-05 04:38:40,218 INFO  client.GrpcClientProtocolClient (GrpcClientProtocolClient.java:onNext(255)) - client-8CDCEDECFFE4->3f4de2de-7d09-498f-aead-42327df81d94: receive RaftClientReply:client-8CDCEDECFFE4->3f4de2de-7d09-498f-aead-42327df81d94@group-C7908E81CC6B, cid=3922, SUCCESS, logIndex=5591, commits[3f4de2de-7d09-498f-aead-42327df81d94:c5593]
2019-08-05 04:38:40,218 INFO  client.GrpcClientProtocolClient (GrpcClientProtocolClient.java:onNext(255)) - client-8CDCEDECFFE4->3f4de2de-7d09-498f-aead-42327df81d94: receive RaftClientReply:client-8CDCEDECFFE4->3f4de2de-7d09-498f-aead-42327df81d94@group-C7908E81CC6B, cid=3923, SUCCESS, logIndex=5592, commits[3f4de2de-7d09-498f-aead-42327df81d94:c5594]
2019-08-05 04:38:40,219 INFO  client.GrpcClientProtocolClient (GrpcClientProtocolClient.java:onNext(255)) - client-8CDCEDECFFE4->3f4de2de-7d09-498f-aead-42327df81d94: receive RaftClientReply:client-8CDCEDECFFE4->3f4de2de-7d09-498f-aead-42327df81d94@group-C7908E81CC6B, cid=3924, SUCCESS, logIndex=5593, commits[3f4de2de-7d09-498f-aead-42327df81d94:c5594]
2019-08-05 04:38:40,242 INFO  client.GrpcClientProtocolClient (GrpcClientProtocolClient.java:onNext(255)) - client-8CDCEDECFFE4->3f4de2de-7d09-498f-aead-42327df81d94: receive RaftClientReply:client-8CDCEDECFFE4->3f4de2de-7d09-498f-aead-42327df81d94@group-C7908E81CC6B, cid=3925, SUCCESS, logIndex=5596, commits[3f4de2de-7d09-498f-aead-42327df81d94:c5599]
2019-08-05 04:38:40,243 INFO  client.GrpcClientProtocolClient (GrpcClientProtocolClient.java:onNext(255)) - client-8CDCEDECFFE4->3f4de2de-7d09-498f-aead-42327df81d94: receive RaftClientReply:client-8CDCEDECFFE4->3f4de2de-7d09-498f-aead-42327df81d94@group-C7908E81CC6B, cid=3926, SUCCESS, logIndex=5597, commits[3f4de2de-7d09-498f-aead-42327df81d94:c5600]
2019-08-05 04:38:40,243 INFO  client.GrpcClientProtocolClient (GrpcClientProtocolClient.java:onNext(255)) - client-8CDCEDECFFE4->3f4de2de-7d09-498f-aead-42327df81d94: receive RaftClientReply:client-8CDCEDECFFE4->3f4de2de-7d09-498f-aead-42327df81d94@group-C7908E81CC6B, cid=3927, SUCCESS, logIndex=5598, commits[3f4de2de-7d09-498f-aead-42327df81d94:c5600]
2019-08-05 04:38:40,243 INFO  client.GrpcClientProtocolClient (GrpcClientProtocolClient.java:onNext(255)) - client-8CDCEDECFFE4->3f4de2de-7d09-498f-aead-42327df81d94: receive RaftClientReply:client-8CDCEDECFFE4->3f4de2de-7d09-498f-aead-42327df81d94@group-C7908E81CC6B, cid=3928, SUCCESS, logIndex=5599, commits[3f4de2de-7d09-498f-aead-42327df81d94:c5600]
2019-08-05 04:38:40,279 INFO  client.GrpcClientProtocolClient (GrpcClientProtocolClient.java:onNext(255)) - client-8CDCEDECFFE4->3f4de2de-7d09-498f-aead-42327df81d94: receive RaftClientReply:client-8CDCEDECFFE4->3f4de2de-7d09-498f-aead-42327df81d94@group-C7908E81CC6B, cid=3929, SUCCESS, logIndex=5601, commits[3f4de2de-7d09-498f-aead-42327df81d94:c5604]
2019-08-05 04:38:40,280 INFO  client.GrpcClientProtocolClient (GrpcClientProtocolClient.java:onNext(255)) - client-8CDCEDECFFE4->3f4de2de-7d09-498f-aead-42327df81d94: receive RaftClientReply:client-8CDCEDECFFE4->3f4de2de-7d09-498f-aead-42327df81d94@group-C7908E81CC6B, cid=3930, SUCCESS, logIndex=5602, commits[3f4de2de-7d09-498f-aead-42327df81d94:c5605]
2019-08-05 04:38:40,281 INFO  client.GrpcClientProtocolClient (GrpcClientProtocolClient.java:onNext(255)) - client-8CDCEDECFFE4->3f4de2de-7d09-498f-aead-42327df81d94: receive RaftClientReply:client-8CDCEDECFFE4->3f4de2de-7d09-498f-aead-42327df81d94@group-C7908E81CC6B, cid=3931, SUCCESS, logIndex=5603, commits[3f4de2de-7d09-498f-aead-42327df81d94:c5605]
2019-08-05 04:38:40,281 INFO  client.GrpcClientProtocolClient (GrpcClientProtocolClient.java:onNext(255)) - client-8CDCEDECFFE4->3f4de2de-7d09-498f-aead-42327df81d94: receive RaftClientReply:client-8CDCEDECFFE4->3f4de2de-7d09-498f-aead-42327df81d94@group-C7908E81CC6B, cid=3932, SUCCESS, logIndex=5604, commits[3f4de2de-7d09-498f-aead-42327df81d94:c5605]
2019-08-05 04:38:40,303 INFO  client.GrpcClientProtocolClient (GrpcClientProtocolClient.java:onNext(255)) - client-8CDCEDECFFE4->3f4de2de-7d09-498f-aead-42327df81d94: receive RaftClientReply:client-8CDCEDECFFE4->3f4de2de-7d09-498f-aead-42327df81d94@group-C7908E81CC6B, cid=3933, SUCCESS, logIndex=5606, commits[3f4de2de-7d09-498f-aead-42327df81d94:c5607]
2019-08-05 04:38:40,304 INFO  client.GrpcClientProtocolClient (GrpcClientProtocolClient.java:onNext(255)) - client-8CDCEDECFFE4->3f4de2de-7d09-498f-aead-42327df81d94: receive RaftClientReply:client-8CDCEDECFFE4->3f4de2de-7d09-498f-aead-42327df81d94@group-C7908E81CC6B, cid=3934, SUCCESS, logIndex=5607, commits[3f4de2de-7d09-498f-aead-42327df81d94:c5608]
2019-08-05 04:38:40,310 DEBUG block.SCMBlockDeletingService (SCMBlockDeletingService.java:call(138)) - Running DeletedBlockTransactionScanner
2019-08-05 04:38:40,311 DEBUG block.SCMBlockDeletingService (SCMBlockDeletingService.java:call(155)) - Scanned deleted blocks log and got 0 delTX to process.
2019-08-05 04:38:40,400 INFO  client.GrpcClientProtocolClient (GrpcClientProtocolClient.java:onNext(255)) - client-8CDCEDECFFE4->3f4de2de-7d09-498f-aead-42327df81d94: receive RaftClientReply:client-8CDCEDECFFE4->3f4de2de-7d09-498f-aead-42327df81d94@group-C7908E81CC6B, cid=3935, SUCCESS, logIndex=5609, commits[3f4de2de-7d09-498f-aead-42327df81d94:c5610]
2019-08-05 04:38:40,400 INFO  client.GrpcClientProtocolClient (GrpcClientProtocolClient.java:onNext(255)) - client-8CDCEDECFFE4->3f4de2de-7d09-498f-aead-42327df81d94: receive RaftClientReply:client-8CDCEDECFFE4->3f4de2de-7d09-498f-aead-42327df81d94@group-C7908E81CC6B, cid=3936, SUCCESS, logIndex=5610, commits[3f4de2de-7d09-498f-aead-42327df81d94:c5611]
2019-08-05 04:38:40,411 DEBUG block.SCMBlockDeletingService (SCMBlockDeletingService.java:call(138)) - Running DeletedBlockTransactionScanner
2019-08-05 04:38:40,411 DEBUG block.SCMBlockDeletingService (SCMBlockDeletingService.java:call(155)) - Scanned deleted blocks log and got 0 delTX to process.
2019-08-05 04:38:40,432 INFO  client.GrpcClientProtocolClient (GrpcClientProtocolClient.java:onNext(255)) - client-8CDCEDECFFE4->3f4de2de-7d09-498f-aead-42327df81d94: receive RaftClientReply:client-8CDCEDECFFE4->3f4de2de-7d09-498f-aead-42327df81d94@group-C7908E81CC6B, cid=3937, SUCCESS, logIndex=5612, commits[3f4de2de-7d09-498f-aead-42327df81d94:c5615]
2019-08-05 04:38:40,433 INFO  client.GrpcClientProtocolClient (GrpcClientProtocolClient.java:onNext(255)) - client-8CDCEDECFFE4->3f4de2de-7d09-498f-aead-42327df81d94: receive RaftClientReply:client-8CDCEDECFFE4->3f4de2de-7d09-498f-aead-42327df81d94@group-C7908E81CC6B, cid=3938, SUCCESS, logIndex=5613, commits[3f4de2de-7d09-498f-aead-42327df81d94:c5615]
2019-08-05 04:38:40,433 INFO  client.GrpcClientProtocolClient (GrpcClientProtocolClient.java:onNext(255)) - client-8CDCEDECFFE4->3f4de2de-7d09-498f-aead-42327df81d94: receive RaftClientReply:client-8CDCEDECFFE4->3f4de2de-7d09-498f-aead-42327df81d94@group-C7908E81CC6B, cid=3939, SUCCESS, logIndex=5614, commits[3f4de2de-7d09-498f-aead-42327df81d94:c5615]
2019-08-05 04:38:40,434 INFO  client.GrpcClientProtocolClient (GrpcClientProtocolClient.java:onNext(255)) - client-8CDCEDECFFE4->3f4de2de-7d09-498f-aead-42327df81d94: receive RaftClientReply:client-8CDCEDECFFE4->3f4de2de-7d09-498f-aead-42327df81d94@group-C7908E81CC6B, cid=3940, SUCCESS, logIndex=5615, commits[3f4de2de-7d09-498f-aead-42327df81d94:c5615]
2019-08-05 04:38:40,455 INFO  client.GrpcClientProtocolClient (GrpcClientProtocolClient.java:onNext(255)) - client-8CDCEDECFFE4->3f4de2de-7d09-498f-aead-42327df81d94: receive RaftClientReply:client-8CDCEDECFFE4->3f4de2de-7d09-498f-aead-42327df81d94@group-C7908E81CC6B, cid=3941, SUCCESS, logIndex=5617, commits[3f4de2de-7d09-498f-aead-42327df81d94:c5620]
2019-08-05 04:38:40,456 INFO  client.GrpcClientProtocolClient (GrpcClientProtocolClient.java:onNext(255)) - client-8CDCEDECFFE4->3f4de2de-7d09-498f-aead-42327df81d94: receive RaftClientReply:client-8CDCEDECFFE4->3f4de2de-7d09-498f-aead-42327df81d94@group-C7908E81CC6B, cid=3942, SUCCESS, logIndex=5618, commits[3f4de2de-7d09-498f-aead-42327df81d94:c5620]
2019-08-05 04:38:40,456 INFO  client.GrpcClientProtocolClient (GrpcClientProtocolClient.java:onNext(255)) - client-8CDCEDECFFE4->3f4de2de-7d09-498f-aead-42327df81d94: receive RaftClientReply:client-8CDCEDECFFE4->3f4de2de-7d09-498f-aead-42327df81d94@group-C7908E81CC6B, cid=3943, SUCCESS, logIndex=5619, commits[3f4de2de-7d09-498f-aead-42327df81d94:c5621]
2019-08-05 04:38:40,456 INFO  client.GrpcClientProtocolClient (GrpcClientProtocolClient.java:onNext(255)) - client-8CDCEDECFFE4->3f4de2de-7d09-498f-aead-42327df81d94: receive RaftClientReply:client-8CDCEDECFFE4->3f4de2de-7d09-498f-aead-42327df81d94@group-C7908E81CC6B, cid=3944, SUCCESS, logIndex=5620, commits[3f4de2de-7d09-498f-aead-42327df81d94:c5621]
2019-08-05 04:38:40,488 INFO  client.GrpcClientProtocolClient (GrpcClientProtocolClient.java:onNext(255)) - client-8CDCEDECFFE4->3f4de2de-7d09-498f-aead-42327df81d94: receive RaftClientReply:client-8CDCEDECFFE4->3f4de2de-7d09-498f-aead-42327df81d94@group-C7908E81CC6B, cid=3945, SUCCESS, logIndex=5622, commits[3f4de2de-7d09-498f-aead-42327df81d94:c5625]
2019-08-05 04:38:40,489 INFO  client.GrpcClientProtocolClient (GrpcClientProtocolClient.java:onNext(255)) - client-8CDCEDECFFE4->3f4de2de-7d09-498f-aead-42327df81d94: receive RaftClientReply:client-8CDCEDECFFE4->3f4de2de-7d09-498f-aead-42327df81d94@group-C7908E81CC6B, cid=3946, SUCCESS, logIndex=5623, commits[3f4de2de-7d09-498f-aead-42327df81d94:c5626]
2019-08-05 04:38:40,489 INFO  client.GrpcClientProtocolClient (GrpcClientProtocolClient.java:onNext(255)) - client-8CDCEDECFFE4->3f4de2de-7d09-498f-aead-42327df81d94: receive RaftClientReply:client-8CDCEDECFFE4->3f4de2de-7d09-498f-aead-42327df81d94@group-C7908E81CC6B, cid=3947, SUCCESS, logIndex=5624, commits[3f4de2de-7d09-498f-aead-42327df81d94:c5626]
2019-08-05 04:38:40,490 INFO  client.GrpcClientProtocolClient (GrpcClientProtocolClient.java:onNext(255)) - client-8CDCEDECFFE4->3f4de2de-7d09-498f-aead-42327df81d94: receive RaftClientReply:client-8CDCEDECFFE4->3f4de2de-7d09-498f-aead-42327df81d94@group-C7908E81CC6B, cid=3948, SUCCESS, logIndex=5625, commits[3f4de2de-7d09-498f-aead-42327df81d94:c5626]
2019-08-05 04:38:40,511 DEBUG block.SCMBlockDeletingService (SCMBlockDeletingService.java:call(138)) - Running DeletedBlockTransactionScanner
2019-08-05 04:38:40,511 INFO  client.GrpcClientProtocolClient (GrpcClientProtocolClient.java:onNext(255)) - client-8CDCEDECFFE4->3f4de2de-7d09-498f-aead-42327df81d94: receive RaftClientReply:client-8CDCEDECFFE4->3f4de2de-7d09-498f-aead-42327df81d94@group-C7908E81CC6B, cid=3949, SUCCESS, logIndex=5627, commits[3f4de2de-7d09-498f-aead-42327df81d94:c5630]
2019-08-05 04:38:40,512 DEBUG block.SCMBlockDeletingService (SCMBlockDeletingService.java:call(155)) - Scanned deleted blocks log and got 0 delTX to process.
2019-08-05 04:38:40,512 INFO  client.GrpcClientProtocolClient (GrpcClientProtocolClient.java:onNext(255)) - client-8CDCEDECFFE4->3f4de2de-7d09-498f-aead-42327df81d94: receive RaftClientReply:client-8CDCEDECFFE4->3f4de2de-7d09-498f-aead-42327df81d94@group-C7908E81CC6B, cid=3950, SUCCESS, logIndex=5628, commits[3f4de2de-7d09-498f-aead-42327df81d94:c5631]
2019-08-05 04:38:40,512 INFO  client.GrpcClientProtocolClient (GrpcClientProtocolClient.java:onNext(255)) - client-8CDCEDECFFE4->3f4de2de-7d09-498f-aead-42327df81d94: receive RaftClientReply:client-8CDCEDECFFE4->3f4de2de-7d09-498f-aead-42327df81d94@group-C7908E81CC6B, cid=3951, SUCCESS, logIndex=5629, commits[3f4de2de-7d09-498f-aead-42327df81d94:c5631]
2019-08-05 04:38:40,513 INFO  client.GrpcClientProtocolClient (GrpcClientProtocolClient.java:onNext(255)) - client-8CDCEDECFFE4->3f4de2de-7d09-498f-aead-42327df81d94: receive RaftClientReply:client-8CDCEDECFFE4->3f4de2de-7d09-498f-aead-42327df81d94@group-C7908E81CC6B, cid=3952, SUCCESS, logIndex=5630, commits[3f4de2de-7d09-498f-aead-42327df81d94:c5631]
2019-08-05 04:38:40,544 INFO  client.GrpcClientProtocolClient (GrpcClientProtocolClient.java:onNext(255)) - client-8CDCEDECFFE4->3f4de2de-7d09-498f-aead-42327df81d94: receive RaftClientReply:client-8CDCEDECFFE4->3f4de2de-7d09-498f-aead-42327df81d94@group-C7908E81CC6B, cid=3953, SUCCESS, logIndex=5632, commits[3f4de2de-7d09-498f-aead-42327df81d94:c5633]
2019-08-05 04:38:40,545 INFO  client.GrpcClientProtocolClient (GrpcClientProtocolClient.java:onNext(255)) - client-8CDCEDECFFE4->3f4de2de-7d09-498f-aead-42327df81d94: receive RaftClientReply:client-8CDCEDECFFE4->3f4de2de-7d09-498f-aead-42327df81d94@group-C7908E81CC6B, cid=3954, SUCCESS, logIndex=5633, commits[3f4de2de-7d09-498f-aead-42327df81d94:c5635]
2019-08-05 04:38:40,545 INFO  client.GrpcClientProtocolClient (GrpcClientProtocolClient.java:onNext(255)) - client-8CDCEDECFFE4->3f4de2de-7d09-498f-aead-42327df81d94: receive RaftClientReply:client-8CDCEDECFFE4->3f4de2de-7d09-498f-aead-42327df81d94@group-C7908E81CC6B, cid=3955, SUCCESS, logIndex=5634, commits[3f4de2de-7d09-498f-aead-42327df81d94:c5636]
2019-08-05 04:38:40,546 INFO  client.GrpcClientProtocolClient (GrpcClientProtocolClient.java:onNext(255)) - client-8CDCEDECFFE4->3f4de2de-7d09-498f-aead-42327df81d94: receive RaftClientReply:client-8CDCEDECFFE4->3f4de2de-7d09-498f-aead-42327df81d94@group-C7908E81CC6B, cid=3956, SUCCESS, logIndex=5635, commits[3f4de2de-7d09-498f-aead-42327df81d94:c5636]
2019-08-05 04:38:40,568 INFO  client.GrpcClientProtocolClient (GrpcClientProtocolClient.java:onNext(255)) - client-8CDCEDECFFE4->3f4de2de-7d09-498f-aead-42327df81d94: receive RaftClientReply:client-8CDCEDECFFE4->3f4de2de-7d09-498f-aead-42327df81d94@group-C7908E81CC6B, cid=3957, SUCCESS, logIndex=5638, commits[3f4de2de-7d09-498f-aead-42327df81d94:c5641]
2019-08-05 04:38:40,568 INFO  client.GrpcClientProtocolClient (GrpcClientProtocolClient.java:onNext(255)) - client-8CDCEDECFFE4->3f4de2de-7d09-498f-aead-42327df81d94: receive RaftClientReply:client-8CDCEDECFFE4->3f4de2de-7d09-498f-aead-42327df81d94@group-C7908E81CC6B, cid=3958, SUCCESS, logIndex=5639, commits[3f4de2de-7d09-498f-aead-42327df81d94:c5641]
2019-08-05 04:38:40,569 INFO  client.GrpcClientProtocolClient (GrpcClientProtocolClient.java:onNext(255)) - client-8CDCEDECFFE4->3f4de2de-7d09-498f-aead-42327df81d94: receive RaftClientReply:client-8CDCEDECFFE4->3f4de2de-7d09-498f-aead-42327df81d94@group-C7908E81CC6B, cid=3959, SUCCESS, logIndex=5640, commits[3f4de2de-7d09-498f-aead-42327df81d94:c5642]
2019-08-05 04:38:40,569 INFO  client.GrpcClientProtocolClient (GrpcClientProtocolClient.java:onNext(255)) - client-8CDCEDECFFE4->3f4de2de-7d09-498f-aead-42327df81d94: receive RaftClientReply:client-8CDCEDECFFE4->3f4de2de-7d09-498f-aead-42327df81d94@group-C7908E81CC6B, cid=3960, SUCCESS, logIndex=5641, commits[3f4de2de-7d09-498f-aead-42327df81d94:c5642]
2019-08-05 04:38:40,612 DEBUG block.SCMBlockDeletingService (SCMBlockDeletingService.java:call(138)) - Running DeletedBlockTransactionScanner
2019-08-05 04:38:40,613 DEBUG block.SCMBlockDeletingService (SCMBlockDeletingService.java:call(155)) - Scanned deleted blocks log and got 0 delTX to process.
2019-08-05 04:38:40,617 INFO  client.GrpcClientProtocolClient (GrpcClientProtocolClient.java:onNext(255)) - client-8CDCEDECFFE4->3f4de2de-7d09-498f-aead-42327df81d94: receive RaftClientReply:client-8CDCEDECFFE4->3f4de2de-7d09-498f-aead-42327df81d94@group-C7908E81CC6B, cid=3961, SUCCESS, logIndex=5643, commits[3f4de2de-7d09-498f-aead-42327df81d94:c5646]
2019-08-05 04:38:40,618 INFO  client.GrpcClientProtocolClient (GrpcClientProtocolClient.java:onNext(255)) - client-8CDCEDECFFE4->3f4de2de-7d09-498f-aead-42327df81d94: receive RaftClientReply:client-8CDCEDECFFE4->3f4de2de-7d09-498f-aead-42327df81d94@group-C7908E81CC6B, cid=3962, SUCCESS, logIndex=5644, commits[3f4de2de-7d09-498f-aead-42327df81d94:c5647]
2019-08-05 04:38:40,618 INFO  client.GrpcClientProtocolClient (GrpcClientProtocolClient.java:onNext(255)) - client-8CDCEDECFFE4->3f4de2de-7d09-498f-aead-42327df81d94: receive RaftClientReply:client-8CDCEDECFFE4->3f4de2de-7d09-498f-aead-42327df81d94@group-C7908E81CC6B, cid=3963, SUCCESS, logIndex=5645, commits[3f4de2de-7d09-498f-aead-42327df81d94:c5647]
2019-08-05 04:38:40,619 INFO  client.GrpcClientProtocolClient (GrpcClientProtocolClient.java:onNext(255)) - client-8CDCEDECFFE4->3f4de2de-7d09-498f-aead-42327df81d94: receive RaftClientReply:client-8CDCEDECFFE4->3f4de2de-7d09-498f-aead-42327df81d94@group-C7908E81CC6B, cid=3964, SUCCESS, logIndex=5646, commits[3f4de2de-7d09-498f-aead-42327df81d94:c5647]
2019-08-05 04:38:40,640 INFO  client.GrpcClientProtocolClient (GrpcClientProtocolClient.java:onNext(255)) - client-8CDCEDECFFE4->3f4de2de-7d09-498f-aead-42327df81d94: receive RaftClientReply:client-8CDCEDECFFE4->3f4de2de-7d09-498f-aead-42327df81d94@group-C7908E81CC6B, cid=3965, SUCCESS, logIndex=5648, commits[3f4de2de-7d09-498f-aead-42327df81d94:c5649]
2019-08-05 04:38:40,641 INFO  client.GrpcClientProtocolClient (GrpcClientProtocolClient.java:onNext(255)) - client-8CDCEDECFFE4->3f4de2de-7d09-498f-aead-42327df81d94: receive RaftClientReply:client-8CDCEDECFFE4->3f4de2de-7d09-498f-aead-42327df81d94@group-C7908E81CC6B, cid=3966, SUCCESS, logIndex=5649, commits[3f4de2de-7d09-498f-aead-42327df81d94:c5649]
2019-08-05 04:38:40,642 INFO  client.GrpcClientProtocolClient (GrpcClientProtocolClient.java:onNext(255)) - client-8CDCEDECFFE4->3f4de2de-7d09-498f-aead-42327df81d94: receive RaftClientReply:client-8CDCEDECFFE4->3f4de2de-7d09-498f-aead-42327df81d94@group-C7908E81CC6B, cid=3967, SUCCESS, logIndex=5650, commits[3f4de2de-7d09-498f-aead-42327df81d94:c5651]
2019-08-05 04:38:40,642 INFO  client.GrpcClientProtocolClient (GrpcClientProtocolClient.java:onNext(255)) - client-8CDCEDECFFE4->3f4de2de-7d09-498f-aead-42327df81d94: receive RaftClientReply:client-8CDCEDECFFE4->3f4de2de-7d09-498f-aead-42327df81d94@group-C7908E81CC6B, cid=3968, SUCCESS, logIndex=5651, commits[3f4de2de-7d09-498f-aead-42327df81d94:c5651]
2019-08-05 04:38:40,677 INFO  client.GrpcClientProtocolClient (GrpcClientProtocolClient.java:onNext(255)) - client-8CDCEDECFFE4->3f4de2de-7d09-498f-aead-42327df81d94: receive RaftClientReply:client-8CDCEDECFFE4->3f4de2de-7d09-498f-aead-42327df81d94@group-C7908E81CC6B, cid=3969, SUCCESS, logIndex=5654, commits[3f4de2de-7d09-498f-aead-42327df81d94:c5655]
2019-08-05 04:38:40,677 INFO  client.GrpcClientProtocolClient (GrpcClientProtocolClient.java:onNext(255)) - client-8CDCEDECFFE4->3f4de2de-7d09-498f-aead-42327df81d94: receive RaftClientReply:client-8CDCEDECFFE4->3f4de2de-7d09-498f-aead-42327df81d94@group-C7908E81CC6B, cid=3970, SUCCESS, logIndex=5655, commits[3f4de2de-7d09-498f-aead-42327df81d94:c5657]
2019-08-05 04:38:40,678 INFO  client.GrpcClientProtocolClient (GrpcClientProtocolClient.java:onNext(255)) - client-8CDCEDECFFE4->3f4de2de-7d09-498f-aead-42327df81d94: receive RaftClientReply:client-8CDCEDECFFE4->3f4de2de-7d09-498f-aead-42327df81d94@group-C7908E81CC6B, cid=3971, SUCCESS, logIndex=5656, commits[3f4de2de-7d09-498f-aead-42327df81d94:c5658]
2019-08-05 04:38:40,678 INFO  client.GrpcClientProtocolClient (GrpcClientProtocolClient.java:onNext(255)) - client-8CDCEDECFFE4->3f4de2de-7d09-498f-aead-42327df81d94: receive RaftClientReply:client-8CDCEDECFFE4->3f4de2de-7d09-498f-aead-42327df81d94@group-C7908E81CC6B, cid=3972, SUCCESS, logIndex=5657, commits[3f4de2de-7d09-498f-aead-42327df81d94:c5658]
2019-08-05 04:38:40,701 INFO  client.GrpcClientProtocolClient (GrpcClientProtocolClient.java:onNext(255)) - client-8CDCEDECFFE4->3f4de2de-7d09-498f-aead-42327df81d94: receive RaftClientReply:client-8CDCEDECFFE4->3f4de2de-7d09-498f-aead-42327df81d94@group-C7908E81CC6B, cid=3973, SUCCESS, logIndex=5660, commits[3f4de2de-7d09-498f-aead-42327df81d94:c5663]
2019-08-05 04:38:40,701 INFO  client.GrpcClientProtocolClient (GrpcClientProtocolClient.java:onNext(255)) - client-8CDCEDECFFE4->3f4de2de-7d09-498f-aead-42327df81d94: receive RaftClientReply:client-8CDCEDECFFE4->3f4de2de-7d09-498f-aead-42327df81d94@group-C7908E81CC6B, cid=3974, SUCCESS, logIndex=5661, commits[3f4de2de-7d09-498f-aead-42327df81d94:c5664]
2019-08-05 04:38:40,702 INFO  client.GrpcClientProtocolClient (GrpcClientProtocolClient.java:onNext(255)) - client-8CDCEDECFFE4->3f4de2de-7d09-498f-aead-42327df81d94: receive RaftClientReply:client-8CDCEDECFFE4->3f4de2de-7d09-498f-aead-42327df81d94@group-C7908E81CC6B, cid=3975, SUCCESS, logIndex=5662, commits[3f4de2de-7d09-498f-aead-42327df81d94:c5664]
2019-08-05 04:38:40,702 INFO  client.GrpcClientProtocolClient (GrpcClientProtocolClient.java:onNext(255)) - client-8CDCEDECFFE4->3f4de2de-7d09-498f-aead-42327df81d94: receive RaftClientReply:client-8CDCEDECFFE4->3f4de2de-7d09-498f-aead-42327df81d94@group-C7908E81CC6B, cid=3976, SUCCESS, logIndex=5663, commits[3f4de2de-7d09-498f-aead-42327df81d94:c5664]
2019-08-05 04:38:40,713 DEBUG block.SCMBlockDeletingService (SCMBlockDeletingService.java:call(138)) - Running DeletedBlockTransactionScanner
2019-08-05 04:38:40,713 DEBUG block.SCMBlockDeletingService (SCMBlockDeletingService.java:call(155)) - Scanned deleted blocks log and got 0 delTX to process.
2019-08-05 04:38:40,736 INFO  client.GrpcClientProtocolClient (GrpcClientProtocolClient.java:onNext(255)) - client-8CDCEDECFFE4->3f4de2de-7d09-498f-aead-42327df81d94: receive RaftClientReply:client-8CDCEDECFFE4->3f4de2de-7d09-498f-aead-42327df81d94@group-C7908E81CC6B, cid=3977, SUCCESS, logIndex=5665, commits[3f4de2de-7d09-498f-aead-42327df81d94:c5666]
2019-08-05 04:38:40,737 INFO  client.GrpcClientProtocolClient (GrpcClientProtocolClient.java:onNext(255)) - client-8CDCEDECFFE4->3f4de2de-7d09-498f-aead-42327df81d94: receive RaftClientReply:client-8CDCEDECFFE4->3f4de2de-7d09-498f-aead-42327df81d94@group-C7908E81CC6B, cid=3978, SUCCESS, logIndex=5666, commits[3f4de2de-7d09-498f-aead-42327df81d94:c5667]
2019-08-05 04:38:40,814 DEBUG block.SCMBlockDeletingService (SCMBlockDeletingService.java:call(138)) - Running DeletedBlockTransactionScanner
2019-08-05 04:38:40,814 DEBUG block.SCMBlockDeletingService (SCMBlockDeletingService.java:call(155)) - Scanned deleted blocks log and got 0 delTX to process.
2019-08-05 04:38:40,835 INFO  client.GrpcClientProtocolClient (GrpcClientProtocolClient.java:onNext(255)) - client-8CDCEDECFFE4->3f4de2de-7d09-498f-aead-42327df81d94: receive RaftClientReply:client-8CDCEDECFFE4->3f4de2de-7d09-498f-aead-42327df81d94@group-C7908E81CC6B, cid=3979, SUCCESS, logIndex=5668, commits[3f4de2de-7d09-498f-aead-42327df81d94:c5669]
2019-08-05 04:38:40,836 INFO  client.GrpcClientProtocolClient (GrpcClientProtocolClient.java:onNext(255)) - client-8CDCEDECFFE4->3f4de2de-7d09-498f-aead-42327df81d94: receive RaftClientReply:client-8CDCEDECFFE4->3f4de2de-7d09-498f-aead-42327df81d94@group-C7908E81CC6B, cid=3980, SUCCESS, logIndex=5669, commits[3f4de2de-7d09-498f-aead-42327df81d94:c5669]
2019-08-05 04:38:40,849 INFO  client.GrpcClientProtocolClient (GrpcClientProtocolClient.java:onNext(255)) - client-8CDCEDECFFE4->3f4de2de-7d09-498f-aead-42327df81d94: receive RaftClientReply:client-8CDCEDECFFE4->3f4de2de-7d09-498f-aead-42327df81d94@group-C7908E81CC6B, cid=3981, SUCCESS, logIndex=5671, commits[3f4de2de-7d09-498f-aead-42327df81d94:c5674]
2019-08-05 04:38:40,850 INFO  client.GrpcClientProtocolClient (GrpcClientProtocolClient.java:onNext(255)) - client-8CDCEDECFFE4->3f4de2de-7d09-498f-aead-42327df81d94: receive RaftClientReply:client-8CDCEDECFFE4->3f4de2de-7d09-498f-aead-42327df81d94@group-C7908E81CC6B, cid=3982, SUCCESS, logIndex=5672, commits[3f4de2de-7d09-498f-aead-42327df81d94:c5674]
2019-08-05 04:38:40,850 INFO  client.GrpcClientProtocolClient (GrpcClientProtocolClient.java:onNext(255)) - client-8CDCEDECFFE4->3f4de2de-7d09-498f-aead-42327df81d94: receive RaftClientReply:client-8CDCEDECFFE4->3f4de2de-7d09-498f-aead-42327df81d94@group-C7908E81CC6B, cid=3983, SUCCESS, logIndex=5673, commits[3f4de2de-7d09-498f-aead-42327df81d94:c5674]
2019-08-05 04:38:40,851 INFO  client.GrpcClientProtocolClient (GrpcClientProtocolClient.java:onNext(255)) - client-8CDCEDECFFE4->3f4de2de-7d09-498f-aead-42327df81d94: receive RaftClientReply:client-8CDCEDECFFE4->3f4de2de-7d09-498f-aead-42327df81d94@group-C7908E81CC6B, cid=3984, SUCCESS, logIndex=5674, commits[3f4de2de-7d09-498f-aead-42327df81d94:c5674]
2019-08-05 04:38:40,937 DEBUG block.SCMBlockDeletingService (SCMBlockDeletingService.java:call(138)) - Running DeletedBlockTransactionScanner
2019-08-05 04:38:40,937 DEBUG block.SCMBlockDeletingService (SCMBlockDeletingService.java:call(155)) - Scanned deleted blocks log and got 0 delTX to process.
2019-08-05 04:38:40,952 INFO  client.GrpcClientProtocolClient (GrpcClientProtocolClient.java:onNext(255)) - client-8CDCEDECFFE4->3f4de2de-7d09-498f-aead-42327df81d94: receive RaftClientReply:client-8CDCEDECFFE4->3f4de2de-7d09-498f-aead-42327df81d94@group-C7908E81CC6B, cid=3985, SUCCESS, logIndex=5676, commits[3f4de2de-7d09-498f-aead-42327df81d94:c5677]
2019-08-05 04:38:40,953 INFO  client.GrpcClientProtocolClient (GrpcClientProtocolClient.java:onNext(255)) - client-8CDCEDECFFE4->3f4de2de-7d09-498f-aead-42327df81d94: receive RaftClientReply:client-8CDCEDECFFE4->3f4de2de-7d09-498f-aead-42327df81d94@group-C7908E81CC6B, cid=3986, SUCCESS, logIndex=5677, commits[3f4de2de-7d09-498f-aead-42327df81d94:c5679]
2019-08-05 04:38:40,953 INFO  client.GrpcClientProtocolClient (GrpcClientProtocolClient.java:onNext(255)) - client-8CDCEDECFFE4->3f4de2de-7d09-498f-aead-42327df81d94: receive RaftClientReply:client-8CDCEDECFFE4->3f4de2de-7d09-498f-aead-42327df81d94@group-C7908E81CC6B, cid=3987, SUCCESS, logIndex=5678, commits[3f4de2de-7d09-498f-aead-42327df81d94:c5680]
2019-08-05 04:38:40,954 INFO  client.GrpcClientProtocolClient (GrpcClientProtocolClient.java:onNext(255)) - client-8CDCEDECFFE4->3f4de2de-7d09-498f-aead-42327df81d94: receive RaftClientReply:client-8CDCEDECFFE4->3f4de2de-7d09-498f-aead-42327df81d94@group-C7908E81CC6B, cid=3988, SUCCESS, logIndex=5679, commits[3f4de2de-7d09-498f-aead-42327df81d94:c5680]
2019-08-05 04:38:40,974 INFO  client.GrpcClientProtocolClient (GrpcClientProtocolClient.java:onNext(255)) - client-8CDCEDECFFE4->3f4de2de-7d09-498f-aead-42327df81d94: receive RaftClientReply:client-8CDCEDECFFE4->3f4de2de-7d09-498f-aead-42327df81d94@group-C7908E81CC6B, cid=3989, SUCCESS, logIndex=5682, commits[3f4de2de-7d09-498f-aead-42327df81d94:c5683]
2019-08-05 04:38:40,975 INFO  client.GrpcClientProtocolClient (GrpcClientProtocolClient.java:onNext(255)) - client-8CDCEDECFFE4->3f4de2de-7d09-498f-aead-42327df81d94: receive RaftClientReply:client-8CDCEDECFFE4->3f4de2de-7d09-498f-aead-42327df81d94@group-C7908E81CC6B, cid=3990, SUCCESS, logIndex=5683, commits[3f4de2de-7d09-498f-aead-42327df81d94:c5683]
2019-08-05 04:38:40,977 INFO  client.GrpcClientProtocolClient (GrpcClientProtocolClient.java:onNext(255)) - client-8CDCEDECFFE4->3f4de2de-7d09-498f-aead-42327df81d94: receive RaftClientReply:client-8CDCEDECFFE4->3f4de2de-7d09-498f-aead-42327df81d94@group-C7908E81CC6B, cid=3991, SUCCESS, logIndex=5684, commits[3f4de2de-7d09-498f-aead-42327df81d94:c5685]
2019-08-05 04:38:40,977 INFO  client.GrpcClientProtocolClient (GrpcClientProtocolClient.java:onNext(255)) - client-8CDCEDECFFE4->3f4de2de-7d09-498f-aead-42327df81d94: receive RaftClientReply:client-8CDCEDECFFE4->3f4de2de-7d09-498f-aead-42327df81d94@group-C7908E81CC6B, cid=3992, SUCCESS, logIndex=5685, commits[3f4de2de-7d09-498f-aead-42327df81d94:c5685]
2019-08-05 04:38:41,015 INFO  client.GrpcClientProtocolClient (GrpcClientProtocolClient.java:onNext(255)) - client-8CDCEDECFFE4->3f4de2de-7d09-498f-aead-42327df81d94: receive RaftClientReply:client-8CDCEDECFFE4->3f4de2de-7d09-498f-aead-42327df81d94@group-C7908E81CC6B, cid=3993, SUCCESS, logIndex=5688, commits[3f4de2de-7d09-498f-aead-42327df81d94:c5689]
2019-08-05 04:38:41,016 INFO  client.GrpcClientProtocolClient (GrpcClientProtocolClient.java:onNext(255)) - client-8CDCEDECFFE4->3f4de2de-7d09-498f-aead-42327df81d94: receive RaftClientReply:client-8CDCEDECFFE4->3f4de2de-7d09-498f-aead-42327df81d94@group-C7908E81CC6B, cid=3994, SUCCESS, logIndex=5689, commits[3f4de2de-7d09-498f-aead-42327df81d94:c5689]
2019-08-05 04:38:41,023 INFO  client.GrpcClientProtocolClient (GrpcClientProtocolClient.java:onNext(255)) - client-8CDCEDECFFE4->3f4de2de-7d09-498f-aead-42327df81d94: receive RaftClientReply:client-8CDCEDECFFE4->3f4de2de-7d09-498f-aead-42327df81d94@group-C7908E81CC6B, cid=3995, SUCCESS, logIndex=5690, commits[3f4de2de-7d09-498f-aead-42327df81d94:c5691]
2019-08-05 04:38:41,024 INFO  client.GrpcClientProtocolClient (GrpcClientProtocolClient.java:onNext(255)) - client-8CDCEDECFFE4->3f4de2de-7d09-498f-aead-42327df81d94: receive RaftClientReply:client-8CDCEDECFFE4->3f4de2de-7d09-498f-aead-42327df81d94@group-C7908E81CC6B, cid=3996, SUCCESS, logIndex=5691, commits[3f4de2de-7d09-498f-aead-42327df81d94:c5691]
2019-08-05 04:38:41,038 DEBUG block.SCMBlockDeletingService (SCMBlockDeletingService.java:call(138)) - Running DeletedBlockTransactionScanner
2019-08-05 04:38:41,038 DEBUG block.SCMBlockDeletingService (SCMBlockDeletingService.java:call(155)) - Scanned deleted blocks log and got 0 delTX to process.
2019-08-05 04:38:41,050 INFO  client.GrpcClientProtocolClient (GrpcClientProtocolClient.java:onNext(255)) - client-8CDCEDECFFE4->3f4de2de-7d09-498f-aead-42327df81d94: receive RaftClientReply:client-8CDCEDECFFE4->3f4de2de-7d09-498f-aead-42327df81d94@group-C7908E81CC6B, cid=3997, SUCCESS, logIndex=5694, commits[3f4de2de-7d09-498f-aead-42327df81d94:c5697]
2019-08-05 04:38:41,050 INFO  client.GrpcClientProtocolClient (GrpcClientProtocolClient.java:onNext(255)) - client-8CDCEDECFFE4->3f4de2de-7d09-498f-aead-42327df81d94: receive RaftClientReply:client-8CDCEDECFFE4->3f4de2de-7d09-498f-aead-42327df81d94@group-C7908E81CC6B, cid=3998, SUCCESS, logIndex=5695, commits[3f4de2de-7d09-498f-aead-42327df81d94:c5697]
2019-08-05 04:38:41,050 INFO  client.GrpcClientProtocolClient (GrpcClientProtocolClient.java:onNext(255)) - client-8CDCEDECFFE4->3f4de2de-7d09-498f-aead-42327df81d94: receive RaftClientReply:client-8CDCEDECFFE4->3f4de2de-7d09-498f-aead-42327df81d94@group-C7908E81CC6B, cid=3999, SUCCESS, logIndex=5696, commits[3f4de2de-7d09-498f-aead-42327df81d94:c5697]
2019-08-05 04:38:41,051 INFO  client.GrpcClientProtocolClient (GrpcClientProtocolClient.java:onNext(255)) - client-8CDCEDECFFE4->3f4de2de-7d09-498f-aead-42327df81d94: receive RaftClientReply:client-8CDCEDECFFE4->3f4de2de-7d09-498f-aead-42327df81d94@group-C7908E81CC6B, cid=4000, SUCCESS, logIndex=5697, commits[3f4de2de-7d09-498f-aead-42327df81d94:c5698]
2019-08-05 04:38:41,087 INFO  client.GrpcClientProtocolClient (GrpcClientProtocolClient.java:onNext(255)) - client-8CDCEDECFFE4->3f4de2de-7d09-498f-aead-42327df81d94: receive RaftClientReply:client-8CDCEDECFFE4->3f4de2de-7d09-498f-aead-42327df81d94@group-C7908E81CC6B, cid=4001, SUCCESS, logIndex=5699, commits[3f4de2de-7d09-498f-aead-42327df81d94:c5702]
2019-08-05 04:38:41,088 INFO  client.GrpcClientProtocolClient (GrpcClientProtocolClient.java:onNext(255)) - client-8CDCEDECFFE4->3f4de2de-7d09-498f-aead-42327df81d94: receive RaftClientReply:client-8CDCEDECFFE4->3f4de2de-7d09-498f-aead-42327df81d94@group-C7908E81CC6B, cid=4002, SUCCESS, logIndex=5700, commits[3f4de2de-7d09-498f-aead-42327df81d94:c5702]
2019-08-05 04:38:41,088 INFO  client.GrpcClientProtocolClient (GrpcClientProtocolClient.java:onNext(255)) - client-8CDCEDECFFE4->3f4de2de-7d09-498f-aead-42327df81d94: receive RaftClientReply:client-8CDCEDECFFE4->3f4de2de-7d09-498f-aead-42327df81d94@group-C7908E81CC6B, cid=4003, SUCCESS, logIndex=5701, commits[3f4de2de-7d09-498f-aead-42327df81d94:c5703]
2019-08-05 04:38:41,088 INFO  client.GrpcClientProtocolClient (GrpcClientProtocolClient.java:onNext(255)) - client-8CDCEDECFFE4->3f4de2de-7d09-498f-aead-42327df81d94: receive RaftClientReply:client-8CDCEDECFFE4->3f4de2de-7d09-498f-aead-42327df81d94@group-C7908E81CC6B, cid=4004, SUCCESS, logIndex=5702, commits[3f4de2de-7d09-498f-aead-42327df81d94:c5704]
2019-08-05 04:38:41,123 INFO  client.GrpcClientProtocolClient (GrpcClientProtocolClient.java:onNext(255)) - client-8CDCEDECFFE4->3f4de2de-7d09-498f-aead-42327df81d94: receive RaftClientReply:client-8CDCEDECFFE4->3f4de2de-7d09-498f-aead-42327df81d94@group-C7908E81CC6B, cid=4005, SUCCESS, logIndex=5705, commits[3f4de2de-7d09-498f-aead-42327df81d94:c5708]
2019-08-05 04:38:41,123 INFO  client.GrpcClientProtocolClient (GrpcClientProtocolClient.java:onNext(255)) - client-8CDCEDECFFE4->3f4de2de-7d09-498f-aead-42327df81d94: receive RaftClientReply:client-8CDCEDECFFE4->3f4de2de-7d09-498f-aead-42327df81d94@group-C7908E81CC6B, cid=4006, SUCCESS, logIndex=5706, commits[3f4de2de-7d09-498f-aead-42327df81d94:c5708]
2019-08-05 04:38:41,123 INFO  client.GrpcClientProtocolClient (GrpcClientProtocolClient.java:onNext(255)) - client-8CDCEDECFFE4->3f4de2de-7d09-498f-aead-42327df81d94: receive RaftClientReply:client-8CDCEDECFFE4->3f4de2de-7d09-498f-aead-42327df81d94@group-C7908E81CC6B, cid=4007, SUCCESS, logIndex=5707, commits[3f4de2de-7d09-498f-aead-42327df81d94:c5708]
2019-08-05 04:38:41,124 INFO  client.GrpcClientProtocolClient (GrpcClientProtocolClient.java:onNext(255)) - client-8CDCEDECFFE4->3f4de2de-7d09-498f-aead-42327df81d94: receive RaftClientReply:client-8CDCEDECFFE4->3f4de2de-7d09-498f-aead-42327df81d94@group-C7908E81CC6B, cid=4008, SUCCESS, logIndex=5708, commits[3f4de2de-7d09-498f-aead-42327df81d94:c5708]
2019-08-05 04:38:41,139 DEBUG block.SCMBlockDeletingService (SCMBlockDeletingService.java:call(138)) - Running DeletedBlockTransactionScanner
2019-08-05 04:38:41,139 DEBUG block.SCMBlockDeletingService (SCMBlockDeletingService.java:call(155)) - Scanned deleted blocks log and got 0 delTX to process.
2019-08-05 04:38:41,161 INFO  client.GrpcClientProtocolClient (GrpcClientProtocolClient.java:onNext(255)) - client-8CDCEDECFFE4->3f4de2de-7d09-498f-aead-42327df81d94: receive RaftClientReply:client-8CDCEDECFFE4->3f4de2de-7d09-498f-aead-42327df81d94@group-C7908E81CC6B, cid=4009, SUCCESS, logIndex=5710, commits[3f4de2de-7d09-498f-aead-42327df81d94:c5713]
2019-08-05 04:38:41,162 INFO  client.GrpcClientProtocolClient (GrpcClientProtocolClient.java:onNext(255)) - client-8CDCEDECFFE4->3f4de2de-7d09-498f-aead-42327df81d94: receive RaftClientReply:client-8CDCEDECFFE4->3f4de2de-7d09-498f-aead-42327df81d94@group-C7908E81CC6B, cid=4010, SUCCESS, logIndex=5711, commits[3f4de2de-7d09-498f-aead-42327df81d94:c5714]
2019-08-05 04:38:41,163 INFO  client.GrpcClientProtocolClient (GrpcClientProtocolClient.java:onNext(255)) - client-8CDCEDECFFE4->3f4de2de-7d09-498f-aead-42327df81d94: receive RaftClientReply:client-8CDCEDECFFE4->3f4de2de-7d09-498f-aead-42327df81d94@group-C7908E81CC6B, cid=4011, SUCCESS, logIndex=5712, commits[3f4de2de-7d09-498f-aead-42327df81d94:c5714]
2019-08-05 04:38:41,163 INFO  client.GrpcClientProtocolClient (GrpcClientProtocolClient.java:onNext(255)) - client-8CDCEDECFFE4->3f4de2de-7d09-498f-aead-42327df81d94: receive RaftClientReply:client-8CDCEDECFFE4->3f4de2de-7d09-498f-aead-42327df81d94@group-C7908E81CC6B, cid=4012, SUCCESS, logIndex=5713, commits[3f4de2de-7d09-498f-aead-42327df81d94:c5714]
2019-08-05 04:38:41,184 INFO  client.GrpcClientProtocolClient (GrpcClientProtocolClient.java:onNext(255)) - client-8CDCEDECFFE4->3f4de2de-7d09-498f-aead-42327df81d94: receive RaftClientReply:client-8CDCEDECFFE4->3f4de2de-7d09-498f-aead-42327df81d94@group-C7908E81CC6B, cid=4013, SUCCESS, logIndex=5715, commits[3f4de2de-7d09-498f-aead-42327df81d94:c5718]
2019-08-05 04:38:41,184 INFO  client.GrpcClientProtocolClient (GrpcClientProtocolClient.java:onNext(255)) - client-8CDCEDECFFE4->3f4de2de-7d09-498f-aead-42327df81d94: receive RaftClientReply:client-8CDCEDECFFE4->3f4de2de-7d09-498f-aead-42327df81d94@group-C7908E81CC6B, cid=4014, SUCCESS, logIndex=5716, commits[3f4de2de-7d09-498f-aead-42327df81d94:c5718]
2019-08-05 04:38:41,185 INFO  client.GrpcClientProtocolClient (GrpcClientProtocolClient.java:onNext(255)) - client-8CDCEDECFFE4->3f4de2de-7d09-498f-aead-42327df81d94: receive RaftClientReply:client-8CDCEDECFFE4->3f4de2de-7d09-498f-aead-42327df81d94@group-C7908E81CC6B, cid=4015, SUCCESS, logIndex=5717, commits[3f4de2de-7d09-498f-aead-42327df81d94:c5719]
2019-08-05 04:38:41,185 INFO  client.GrpcClientProtocolClient (GrpcClientProtocolClient.java:onNext(255)) - client-8CDCEDECFFE4->3f4de2de-7d09-498f-aead-42327df81d94: receive RaftClientReply:client-8CDCEDECFFE4->3f4de2de-7d09-498f-aead-42327df81d94@group-C7908E81CC6B, cid=4016, SUCCESS, logIndex=5718, commits[3f4de2de-7d09-498f-aead-42327df81d94:c5719]
2019-08-05 04:38:41,218 INFO  client.GrpcClientProtocolClient (GrpcClientProtocolClient.java:onNext(255)) - client-8CDCEDECFFE4->3f4de2de-7d09-498f-aead-42327df81d94: receive RaftClientReply:client-8CDCEDECFFE4->3f4de2de-7d09-498f-aead-42327df81d94@group-C7908E81CC6B, cid=4017, SUCCESS, logIndex=5720, commits[3f4de2de-7d09-498f-aead-42327df81d94:c5723]
2019-08-05 04:38:41,218 INFO  client.GrpcClientProtocolClient (GrpcClientProtocolClient.java:onNext(255)) - client-8CDCEDECFFE4->3f4de2de-7d09-498f-aead-42327df81d94: receive RaftClientReply:client-8CDCEDECFFE4->3f4de2de-7d09-498f-aead-42327df81d94@group-C7908E81CC6B, cid=4018, SUCCESS, logIndex=5721, commits[3f4de2de-7d09-498f-aead-42327df81d94:c5724]
2019-08-05 04:38:41,219 INFO  client.GrpcClientProtocolClient (GrpcClientProtocolClient.java:onNext(255)) - client-8CDCEDECFFE4->3f4de2de-7d09-498f-aead-42327df81d94: receive RaftClientReply:client-8CDCEDECFFE4->3f4de2de-7d09-498f-aead-42327df81d94@group-C7908E81CC6B, cid=4019, SUCCESS, logIndex=5722, commits[3f4de2de-7d09-498f-aead-42327df81d94:c5724]
2019-08-05 04:38:41,219 INFO  client.GrpcClientProtocolClient (GrpcClientProtocolClient.java:onNext(255)) - client-8CDCEDECFFE4->3f4de2de-7d09-498f-aead-42327df81d94: receive RaftClientReply:client-8CDCEDECFFE4->3f4de2de-7d09-498f-aead-42327df81d94@group-C7908E81CC6B, cid=4020, SUCCESS, logIndex=5723, commits[3f4de2de-7d09-498f-aead-42327df81d94:c5724]
2019-08-05 04:38:41,239 INFO  client.GrpcClientProtocolClient (GrpcClientProtocolClient.java:onNext(255)) - client-8CDCEDECFFE4->3f4de2de-7d09-498f-aead-42327df81d94: receive RaftClientReply:client-8CDCEDECFFE4->3f4de2de-7d09-498f-aead-42327df81d94@group-C7908E81CC6B, cid=4021, SUCCESS, logIndex=5725, commits[3f4de2de-7d09-498f-aead-42327df81d94:c5726]
2019-08-05 04:38:41,239 INFO  client.GrpcClientProtocolClient (GrpcClientProtocolClient.java:onNext(255)) - client-8CDCEDECFFE4->3f4de2de-7d09-498f-aead-42327df81d94: receive RaftClientReply:client-8CDCEDECFFE4->3f4de2de-7d09-498f-aead-42327df81d94@group-C7908E81CC6B, cid=4022, SUCCESS, logIndex=5726, commits[3f4de2de-7d09-498f-aead-42327df81d94:c5727]
2019-08-05 04:38:41,239 DEBUG block.SCMBlockDeletingService (SCMBlockDeletingService.java:call(138)) - Running DeletedBlockTransactionScanner
2019-08-05 04:38:41,240 DEBUG block.SCMBlockDeletingService (SCMBlockDeletingService.java:call(155)) - Scanned deleted blocks log and got 0 delTX to process.
2019-08-05 04:38:41,340 DEBUG block.SCMBlockDeletingService (SCMBlockDeletingService.java:call(138)) - Running DeletedBlockTransactionScanner
2019-08-05 04:38:41,341 DEBUG block.SCMBlockDeletingService (SCMBlockDeletingService.java:call(155)) - Scanned deleted blocks log and got 0 delTX to process.
2019-08-05 04:38:41,345 INFO  client.GrpcClientProtocolClient (GrpcClientProtocolClient.java:onNext(255)) - client-8CDCEDECFFE4->3f4de2de-7d09-498f-aead-42327df81d94: receive RaftClientReply:client-8CDCEDECFFE4->3f4de2de-7d09-498f-aead-42327df81d94@group-C7908E81CC6B, cid=4023, SUCCESS, logIndex=5728, commits[3f4de2de-7d09-498f-aead-42327df81d94:c5729]
2019-08-05 04:38:41,346 INFO  client.GrpcClientProtocolClient (GrpcClientProtocolClient.java:onNext(255)) - client-8CDCEDECFFE4->3f4de2de-7d09-498f-aead-42327df81d94: receive RaftClientReply:client-8CDCEDECFFE4->3f4de2de-7d09-498f-aead-42327df81d94@group-C7908E81CC6B, cid=4024, SUCCESS, logIndex=5729, commits[3f4de2de-7d09-498f-aead-42327df81d94:c5729]
2019-08-05 04:38:41,386 INFO  client.GrpcClientProtocolClient (GrpcClientProtocolClient.java:onNext(255)) - client-8CDCEDECFFE4->3f4de2de-7d09-498f-aead-42327df81d94: receive RaftClientReply:client-8CDCEDECFFE4->3f4de2de-7d09-498f-aead-42327df81d94@group-C7908E81CC6B, cid=4025, SUCCESS, logIndex=5731, commits[3f4de2de-7d09-498f-aead-42327df81d94:c5732]
2019-08-05 04:38:41,387 INFO  client.GrpcClientProtocolClient (GrpcClientProtocolClient.java:onNext(255)) - client-8CDCEDECFFE4->3f4de2de-7d09-498f-aead-42327df81d94: receive RaftClientReply:client-8CDCEDECFFE4->3f4de2de-7d09-498f-aead-42327df81d94@group-C7908E81CC6B, cid=4026, SUCCESS, logIndex=5732, commits[3f4de2de-7d09-498f-aead-42327df81d94:c5732]
2019-08-05 04:38:41,387 INFO  client.GrpcClientProtocolClient (GrpcClientProtocolClient.java:onNext(255)) - client-8CDCEDECFFE4->3f4de2de-7d09-498f-aead-42327df81d94: receive RaftClientReply:client-8CDCEDECFFE4->3f4de2de-7d09-498f-aead-42327df81d94@group-C7908E81CC6B, cid=4027, SUCCESS, logIndex=5733, commits[3f4de2de-7d09-498f-aead-42327df81d94:c5734]
2019-08-05 04:38:41,387 INFO  client.GrpcClientProtocolClient (GrpcClientProtocolClient.java:onNext(255)) - client-8CDCEDECFFE4->3f4de2de-7d09-498f-aead-42327df81d94: receive RaftClientReply:client-8CDCEDECFFE4->3f4de2de-7d09-498f-aead-42327df81d94@group-C7908E81CC6B, cid=4028, SUCCESS, logIndex=5734, commits[3f4de2de-7d09-498f-aead-42327df81d94:c5735]
2019-08-05 04:38:41,405 INFO  client.GrpcClientProtocolClient (GrpcClientProtocolClient.java:onNext(255)) - client-8CDCEDECFFE4->3f4de2de-7d09-498f-aead-42327df81d94: receive RaftClientReply:client-8CDCEDECFFE4->3f4de2de-7d09-498f-aead-42327df81d94@group-C7908E81CC6B, cid=4029, SUCCESS, logIndex=5737, commits[3f4de2de-7d09-498f-aead-42327df81d94:c5738]
2019-08-05 04:38:41,405 INFO  client.GrpcClientProtocolClient (GrpcClientProtocolClient.java:onNext(255)) - client-8CDCEDECFFE4->3f4de2de-7d09-498f-aead-42327df81d94: receive RaftClientReply:client-8CDCEDECFFE4->3f4de2de-7d09-498f-aead-42327df81d94@group-C7908E81CC6B, cid=4030, SUCCESS, logIndex=5738, commits[3f4de2de-7d09-498f-aead-42327df81d94:c5738]
2019-08-05 04:38:41,407 INFO  client.GrpcClientProtocolClient (GrpcClientProtocolClient.java:onNext(255)) - client-8CDCEDECFFE4->3f4de2de-7d09-498f-aead-42327df81d94: receive RaftClientReply:client-8CDCEDECFFE4->3f4de2de-7d09-498f-aead-42327df81d94@group-C7908E81CC6B, cid=4031, SUCCESS, logIndex=5739, commits[3f4de2de-7d09-498f-aead-42327df81d94:c5740]
2019-08-05 04:38:41,407 INFO  client.GrpcClientProtocolClient (GrpcClientProtocolClient.java:onNext(255)) - client-8CDCEDECFFE4->3f4de2de-7d09-498f-aead-42327df81d94: receive RaftClientReply:client-8CDCEDECFFE4->3f4de2de-7d09-498f-aead-42327df81d94@group-C7908E81CC6B, cid=4032, SUCCESS, logIndex=5740, commits[3f4de2de-7d09-498f-aead-42327df81d94:c5740]
2019-08-05 04:38:41,441 INFO  client.GrpcClientProtocolClient (GrpcClientProtocolClient.java:onNext(255)) - client-8CDCEDECFFE4->3f4de2de-7d09-498f-aead-42327df81d94: receive RaftClientReply:client-8CDCEDECFFE4->3f4de2de-7d09-498f-aead-42327df81d94@group-C7908E81CC6B, cid=4033, SUCCESS, logIndex=5743, commits[3f4de2de-7d09-498f-aead-42327df81d94:c5744]
2019-08-05 04:38:41,441 INFO  client.GrpcClientProtocolClient (GrpcClientProtocolClient.java:onNext(255)) - client-8CDCEDECFFE4->3f4de2de-7d09-498f-aead-42327df81d94: receive RaftClientReply:client-8CDCEDECFFE4->3f4de2de-7d09-498f-aead-42327df81d94@group-C7908E81CC6B, cid=4034, SUCCESS, logIndex=5744, commits[3f4de2de-7d09-498f-aead-42327df81d94:c5744]
2019-08-05 04:38:41,442 DEBUG block.SCMBlockDeletingService (SCMBlockDeletingService.java:call(138)) - Running DeletedBlockTransactionScanner
2019-08-05 04:38:41,442 DEBUG block.SCMBlockDeletingService (SCMBlockDeletingService.java:call(155)) - Scanned deleted blocks log and got 0 delTX to process.
2019-08-05 04:38:41,442 INFO  client.GrpcClientProtocolClient (GrpcClientProtocolClient.java:onNext(255)) - client-8CDCEDECFFE4->3f4de2de-7d09-498f-aead-42327df81d94: receive RaftClientReply:client-8CDCEDECFFE4->3f4de2de-7d09-498f-aead-42327df81d94@group-C7908E81CC6B, cid=4035, SUCCESS, logIndex=5745, commits[3f4de2de-7d09-498f-aead-42327df81d94:c5746]
2019-08-05 04:38:41,443 INFO  client.GrpcClientProtocolClient (GrpcClientProtocolClient.java:onNext(255)) - client-8CDCEDECFFE4->3f4de2de-7d09-498f-aead-42327df81d94: receive RaftClientReply:client-8CDCEDECFFE4->3f4de2de-7d09-498f-aead-42327df81d94@group-C7908E81CC6B, cid=4036, SUCCESS, logIndex=5746, commits[3f4de2de-7d09-498f-aead-42327df81d94:c5746]
2019-08-05 04:38:41,465 INFO  client.GrpcClientProtocolClient (GrpcClientProtocolClient.java:onNext(255)) - client-8CDCEDECFFE4->3f4de2de-7d09-498f-aead-42327df81d94: receive RaftClientReply:client-8CDCEDECFFE4->3f4de2de-7d09-498f-aead-42327df81d94@group-C7908E81CC6B, cid=4037, SUCCESS, logIndex=5749, commits[3f4de2de-7d09-498f-aead-42327df81d94:c5752]
2019-08-05 04:38:41,465 INFO  client.GrpcClientProtocolClient (GrpcClientProtocolClient.java:onNext(255)) - client-8CDCEDECFFE4->3f4de2de-7d09-498f-aead-42327df81d94: receive RaftClientReply:client-8CDCEDECFFE4->3f4de2de-7d09-498f-aead-42327df81d94@group-C7908E81CC6B, cid=4038, SUCCESS, logIndex=5750, commits[3f4de2de-7d09-498f-aead-42327df81d94:c5752]
2019-08-05 04:38:41,465 INFO  client.GrpcClientProtocolClient (GrpcClientProtocolClient.java:onNext(255)) - client-8CDCEDECFFE4->3f4de2de-7d09-498f-aead-42327df81d94: receive RaftClientReply:client-8CDCEDECFFE4->3f4de2de-7d09-498f-aead-42327df81d94@group-C7908E81CC6B, cid=4039, SUCCESS, logIndex=5751, commits[3f4de2de-7d09-498f-aead-42327df81d94:c5753]
2019-08-05 04:38:41,466 INFO  client.GrpcClientProtocolClient (GrpcClientProtocolClient.java:onNext(255)) - client-8CDCEDECFFE4->3f4de2de-7d09-498f-aead-42327df81d94: receive RaftClientReply:client-8CDCEDECFFE4->3f4de2de-7d09-498f-aead-42327df81d94@group-C7908E81CC6B, cid=4040, SUCCESS, logIndex=5752, commits[3f4de2de-7d09-498f-aead-42327df81d94:c5753]
2019-08-05 04:38:41,497 INFO  client.GrpcClientProtocolClient (GrpcClientProtocolClient.java:onNext(255)) - client-8CDCEDECFFE4->3f4de2de-7d09-498f-aead-42327df81d94: receive RaftClientReply:client-8CDCEDECFFE4->3f4de2de-7d09-498f-aead-42327df81d94@group-C7908E81CC6B, cid=4041, SUCCESS, logIndex=5754, commits[3f4de2de-7d09-498f-aead-42327df81d94:c5755]
2019-08-05 04:38:41,498 INFO  client.GrpcClientProtocolClient (GrpcClientProtocolClient.java:onNext(255)) - client-8CDCEDECFFE4->3f4de2de-7d09-498f-aead-42327df81d94: receive RaftClientReply:client-8CDCEDECFFE4->3f4de2de-7d09-498f-aead-42327df81d94@group-C7908E81CC6B, cid=4042, SUCCESS, logIndex=5755, commits[3f4de2de-7d09-498f-aead-42327df81d94:c5757]
2019-08-05 04:38:41,498 INFO  client.GrpcClientProtocolClient (GrpcClientProtocolClient.java:onNext(255)) - client-8CDCEDECFFE4->3f4de2de-7d09-498f-aead-42327df81d94: receive RaftClientReply:client-8CDCEDECFFE4->3f4de2de-7d09-498f-aead-42327df81d94@group-C7908E81CC6B, cid=4043, SUCCESS, logIndex=5756, commits[3f4de2de-7d09-498f-aead-42327df81d94:c5758]
2019-08-05 04:38:41,498 INFO  client.GrpcClientProtocolClient (GrpcClientProtocolClient.java:onNext(255)) - client-8CDCEDECFFE4->3f4de2de-7d09-498f-aead-42327df81d94: receive RaftClientReply:client-8CDCEDECFFE4->3f4de2de-7d09-498f-aead-42327df81d94@group-C7908E81CC6B, cid=4044, SUCCESS, logIndex=5757, commits[3f4de2de-7d09-498f-aead-42327df81d94:c5758]
2019-08-05 04:38:41,517 INFO  client.GrpcClientProtocolClient (GrpcClientProtocolClient.java:onNext(255)) - client-8CDCEDECFFE4->3f4de2de-7d09-498f-aead-42327df81d94: receive RaftClientReply:client-8CDCEDECFFE4->3f4de2de-7d09-498f-aead-42327df81d94@group-C7908E81CC6B, cid=4045, SUCCESS, logIndex=5760, commits[3f4de2de-7d09-498f-aead-42327df81d94:c5761]
2019-08-05 04:38:41,518 INFO  client.GrpcClientProtocolClient (GrpcClientProtocolClient.java:onNext(255)) - client-8CDCEDECFFE4->3f4de2de-7d09-498f-aead-42327df81d94: receive RaftClientReply:client-8CDCEDECFFE4->3f4de2de-7d09-498f-aead-42327df81d94@group-C7908E81CC6B, cid=4046, SUCCESS, logIndex=5761, commits[3f4de2de-7d09-498f-aead-42327df81d94:c5763]
2019-08-05 04:38:41,518 INFO  client.GrpcClientProtocolClient (GrpcClientProtocolClient.java:onNext(255)) - client-8CDCEDECFFE4->3f4de2de-7d09-498f-aead-42327df81d94: receive RaftClientReply:client-8CDCEDECFFE4->3f4de2de-7d09-498f-aead-42327df81d94@group-C7908E81CC6B, cid=4047, SUCCESS, logIndex=5762, commits[3f4de2de-7d09-498f-aead-42327df81d94:c5763]
2019-08-05 04:38:41,518 INFO  client.GrpcClientProtocolClient (GrpcClientProtocolClient.java:onNext(255)) - client-8CDCEDECFFE4->3f4de2de-7d09-498f-aead-42327df81d94: receive RaftClientReply:client-8CDCEDECFFE4->3f4de2de-7d09-498f-aead-42327df81d94@group-C7908E81CC6B, cid=4048, SUCCESS, logIndex=5763, commits[3f4de2de-7d09-498f-aead-42327df81d94:c5763]
2019-08-05 04:38:41,542 DEBUG block.SCMBlockDeletingService (SCMBlockDeletingService.java:call(138)) - Running DeletedBlockTransactionScanner
2019-08-05 04:38:41,543 DEBUG block.SCMBlockDeletingService (SCMBlockDeletingService.java:call(155)) - Scanned deleted blocks log and got 0 delTX to process.
2019-08-05 04:38:41,551 INFO  client.GrpcClientProtocolClient (GrpcClientProtocolClient.java:onNext(255)) - client-8CDCEDECFFE4->3f4de2de-7d09-498f-aead-42327df81d94: receive RaftClientReply:client-8CDCEDECFFE4->3f4de2de-7d09-498f-aead-42327df81d94@group-C7908E81CC6B, cid=4049, SUCCESS, logIndex=5766, commits[3f4de2de-7d09-498f-aead-42327df81d94:c5769]
2019-08-05 04:38:41,551 INFO  client.GrpcClientProtocolClient (GrpcClientProtocolClient.java:onNext(255)) - client-8CDCEDECFFE4->3f4de2de-7d09-498f-aead-42327df81d94: receive RaftClientReply:client-8CDCEDECFFE4->3f4de2de-7d09-498f-aead-42327df81d94@group-C7908E81CC6B, cid=4050, SUCCESS, logIndex=5767, commits[3f4de2de-7d09-498f-aead-42327df81d94:c5770]
2019-08-05 04:38:41,552 INFO  client.GrpcClientProtocolClient (GrpcClientProtocolClient.java:onNext(255)) - client-8CDCEDECFFE4->3f4de2de-7d09-498f-aead-42327df81d94: receive RaftClientReply:client-8CDCEDECFFE4->3f4de2de-7d09-498f-aead-42327df81d94@group-C7908E81CC6B, cid=4051, SUCCESS, logIndex=5768, commits[3f4de2de-7d09-498f-aead-42327df81d94:c5770]
2019-08-05 04:38:41,552 INFO  client.GrpcClientProtocolClient (GrpcClientProtocolClient.java:onNext(255)) - client-8CDCEDECFFE4->3f4de2de-7d09-498f-aead-42327df81d94: receive RaftClientReply:client-8CDCEDECFFE4->3f4de2de-7d09-498f-aead-42327df81d94@group-C7908E81CC6B, cid=4052, SUCCESS, logIndex=5769, commits[3f4de2de-7d09-498f-aead-42327df81d94:c5770]
2019-08-05 04:38:41,573 INFO  client.GrpcClientProtocolClient (GrpcClientProtocolClient.java:onNext(255)) - client-8CDCEDECFFE4->3f4de2de-7d09-498f-aead-42327df81d94: receive RaftClientReply:client-8CDCEDECFFE4->3f4de2de-7d09-498f-aead-42327df81d94@group-C7908E81CC6B, cid=4053, SUCCESS, logIndex=5771, commits[3f4de2de-7d09-498f-aead-42327df81d94:c5774]
2019-08-05 04:38:41,574 INFO  client.GrpcClientProtocolClient (GrpcClientProtocolClient.java:onNext(255)) - client-8CDCEDECFFE4->3f4de2de-7d09-498f-aead-42327df81d94: receive RaftClientReply:client-8CDCEDECFFE4->3f4de2de-7d09-498f-aead-42327df81d94@group-C7908E81CC6B, cid=4054, SUCCESS, logIndex=5772, commits[3f4de2de-7d09-498f-aead-42327df81d94:c5774]
2019-08-05 04:38:41,574 INFO  client.GrpcClientProtocolClient (GrpcClientProtocolClient.java:onNext(255)) - client-8CDCEDECFFE4->3f4de2de-7d09-498f-aead-42327df81d94: receive RaftClientReply:client-8CDCEDECFFE4->3f4de2de-7d09-498f-aead-42327df81d94@group-C7908E81CC6B, cid=4055, SUCCESS, logIndex=5773, commits[3f4de2de-7d09-498f-aead-42327df81d94:c5774]
2019-08-05 04:38:41,574 INFO  client.GrpcClientProtocolClient (GrpcClientProtocolClient.java:onNext(255)) - client-8CDCEDECFFE4->3f4de2de-7d09-498f-aead-42327df81d94: receive RaftClientReply:client-8CDCEDECFFE4->3f4de2de-7d09-498f-aead-42327df81d94@group-C7908E81CC6B, cid=4056, SUCCESS, logIndex=5774, commits[3f4de2de-7d09-498f-aead-42327df81d94:c5774]
2019-08-05 04:38:41,606 INFO  client.GrpcClientProtocolClient (GrpcClientProtocolClient.java:onNext(255)) - client-8CDCEDECFFE4->3f4de2de-7d09-498f-aead-42327df81d94: receive RaftClientReply:client-8CDCEDECFFE4->3f4de2de-7d09-498f-aead-42327df81d94@group-C7908E81CC6B, cid=4057, SUCCESS, logIndex=5776, commits[3f4de2de-7d09-498f-aead-42327df81d94:c5779]
2019-08-05 04:38:41,607 INFO  client.GrpcClientProtocolClient (GrpcClientProtocolClient.java:onNext(255)) - client-8CDCEDECFFE4->3f4de2de-7d09-498f-aead-42327df81d94: receive RaftClientReply:client-8CDCEDECFFE4->3f4de2de-7d09-498f-aead-42327df81d94@group-C7908E81CC6B, cid=4058, SUCCESS, logIndex=5777, commits[3f4de2de-7d09-498f-aead-42327df81d94:c5779]
2019-08-05 04:38:41,607 INFO  client.GrpcClientProtocolClient (GrpcClientProtocolClient.java:onNext(255)) - client-8CDCEDECFFE4->3f4de2de-7d09-498f-aead-42327df81d94: receive RaftClientReply:client-8CDCEDECFFE4->3f4de2de-7d09-498f-aead-42327df81d94@group-C7908E81CC6B, cid=4059, SUCCESS, logIndex=5778, commits[3f4de2de-7d09-498f-aead-42327df81d94:c5780]
2019-08-05 04:38:41,607 INFO  client.GrpcClientProtocolClient (GrpcClientProtocolClient.java:onNext(255)) - client-8CDCEDECFFE4->3f4de2de-7d09-498f-aead-42327df81d94: receive RaftClientReply:client-8CDCEDECFFE4->3f4de2de-7d09-498f-aead-42327df81d94@group-C7908E81CC6B, cid=4060, SUCCESS, logIndex=5779, commits[3f4de2de-7d09-498f-aead-42327df81d94:c5780]
2019-08-05 04:38:41,629 INFO  client.GrpcClientProtocolClient (GrpcClientProtocolClient.java:onNext(255)) - client-8CDCEDECFFE4->3f4de2de-7d09-498f-aead-42327df81d94: receive RaftClientReply:client-8CDCEDECFFE4->3f4de2de-7d09-498f-aead-42327df81d94@group-C7908E81CC6B, cid=4061, SUCCESS, logIndex=5781, commits[3f4de2de-7d09-498f-aead-42327df81d94:c5784]
2019-08-05 04:38:41,629 INFO  client.GrpcClientProtocolClient (GrpcClientProtocolClient.java:onNext(255)) - client-8CDCEDECFFE4->3f4de2de-7d09-498f-aead-42327df81d94: receive RaftClientReply:client-8CDCEDECFFE4->3f4de2de-7d09-498f-aead-42327df81d94@group-C7908E81CC6B, cid=4062, SUCCESS, logIndex=5782, commits[3f4de2de-7d09-498f-aead-42327df81d94:c5784]
2019-08-05 04:38:41,629 INFO  client.GrpcClientProtocolClient (GrpcClientProtocolClient.java:onNext(255)) - client-8CDCEDECFFE4->3f4de2de-7d09-498f-aead-42327df81d94: receive RaftClientReply:client-8CDCEDECFFE4->3f4de2de-7d09-498f-aead-42327df81d94@group-C7908E81CC6B, cid=4063, SUCCESS, logIndex=5783, commits[3f4de2de-7d09-498f-aead-42327df81d94:c5784]
2019-08-05 04:38:41,630 INFO  client.GrpcClientProtocolClient (GrpcClientProtocolClient.java:onNext(255)) - client-8CDCEDECFFE4->3f4de2de-7d09-498f-aead-42327df81d94: receive RaftClientReply:client-8CDCEDECFFE4->3f4de2de-7d09-498f-aead-42327df81d94@group-C7908E81CC6B, cid=4064, SUCCESS, logIndex=5784, commits[3f4de2de-7d09-498f-aead-42327df81d94:c5784]
2019-08-05 04:38:41,643 DEBUG block.SCMBlockDeletingService (SCMBlockDeletingService.java:call(138)) - Running DeletedBlockTransactionScanner
2019-08-05 04:38:41,643 DEBUG block.SCMBlockDeletingService (SCMBlockDeletingService.java:call(155)) - Scanned deleted blocks log and got 0 delTX to process.
2019-08-05 04:38:41,663 INFO  client.GrpcClientProtocolClient (GrpcClientProtocolClient.java:onNext(255)) - client-8CDCEDECFFE4->3f4de2de-7d09-498f-aead-42327df81d94: receive RaftClientReply:client-8CDCEDECFFE4->3f4de2de-7d09-498f-aead-42327df81d94@group-C7908E81CC6B, cid=4065, SUCCESS, logIndex=5786, commits[3f4de2de-7d09-498f-aead-42327df81d94:c5787]
2019-08-05 04:38:41,664 INFO  client.GrpcClientProtocolClient (GrpcClientProtocolClient.java:onNext(255)) - client-8CDCEDECFFE4->3f4de2de-7d09-498f-aead-42327df81d94: receive RaftClientReply:client-8CDCEDECFFE4->3f4de2de-7d09-498f-aead-42327df81d94@group-C7908E81CC6B, cid=4066, SUCCESS, logIndex=5787, commits[3f4de2de-7d09-498f-aead-42327df81d94:c5788]
2019-08-05 04:38:41,743 DEBUG block.SCMBlockDeletingService (SCMBlockDeletingService.java:call(138)) - Running DeletedBlockTransactionScanner
2019-08-05 04:38:41,744 DEBUG block.SCMBlockDeletingService (SCMBlockDeletingService.java:call(155)) - Scanned deleted blocks log and got 0 delTX to process.
2019-08-05 04:38:41,787 INFO  client.GrpcClientProtocolClient (GrpcClientProtocolClient.java:onNext(255)) - client-8CDCEDECFFE4->3f4de2de-7d09-498f-aead-42327df81d94: receive RaftClientReply:client-8CDCEDECFFE4->3f4de2de-7d09-498f-aead-42327df81d94@group-C7908E81CC6B, cid=4067, SUCCESS, logIndex=5789, commits[3f4de2de-7d09-498f-aead-42327df81d94:c5790]
2019-08-05 04:38:41,788 INFO  client.GrpcClientProtocolClient (GrpcClientProtocolClient.java:onNext(255)) - client-8CDCEDECFFE4->3f4de2de-7d09-498f-aead-42327df81d94: receive RaftClientReply:client-8CDCEDECFFE4->3f4de2de-7d09-498f-aead-42327df81d94@group-C7908E81CC6B, cid=4068, SUCCESS, logIndex=5790, commits[3f4de2de-7d09-498f-aead-42327df81d94:c5791]
2019-08-05 04:38:41,807 INFO  client.GrpcClientProtocolClient (GrpcClientProtocolClient.java:onNext(255)) - client-8CDCEDECFFE4->3f4de2de-7d09-498f-aead-42327df81d94: receive RaftClientReply:client-8CDCEDECFFE4->3f4de2de-7d09-498f-aead-42327df81d94@group-C7908E81CC6B, cid=4069, SUCCESS, logIndex=5792, commits[3f4de2de-7d09-498f-aead-42327df81d94:c5793]
2019-08-05 04:38:41,808 INFO  client.GrpcClientProtocolClient (GrpcClientProtocolClient.java:onNext(255)) - client-8CDCEDECFFE4->3f4de2de-7d09-498f-aead-42327df81d94: receive RaftClientReply:client-8CDCEDECFFE4->3f4de2de-7d09-498f-aead-42327df81d94@group-C7908E81CC6B, cid=4070, SUCCESS, logIndex=5793, commits[3f4de2de-7d09-498f-aead-42327df81d94:c5793]
2019-08-05 04:38:41,810 INFO  client.GrpcClientProtocolClient (GrpcClientProtocolClient.java:onNext(255)) - client-8CDCEDECFFE4->3f4de2de-7d09-498f-aead-42327df81d94: receive RaftClientReply:client-8CDCEDECFFE4->3f4de2de-7d09-498f-aead-42327df81d94@group-C7908E81CC6B, cid=4071, SUCCESS, logIndex=5794, commits[3f4de2de-7d09-498f-aead-42327df81d94:c5795]
2019-08-05 04:38:41,810 INFO  client.GrpcClientProtocolClient (GrpcClientProtocolClient.java:onNext(255)) - client-8CDCEDECFFE4->3f4de2de-7d09-498f-aead-42327df81d94: receive RaftClientReply:client-8CDCEDECFFE4->3f4de2de-7d09-498f-aead-42327df81d94@group-C7908E81CC6B, cid=4072, SUCCESS, logIndex=5795, commits[3f4de2de-7d09-498f-aead-42327df81d94:c5795]
2019-08-05 04:38:41,843 INFO  client.GrpcClientProtocolClient (GrpcClientProtocolClient.java:onNext(255)) - client-8CDCEDECFFE4->3f4de2de-7d09-498f-aead-42327df81d94: receive RaftClientReply:client-8CDCEDECFFE4->3f4de2de-7d09-498f-aead-42327df81d94@group-C7908E81CC6B, cid=4073, SUCCESS, logIndex=5798, commits[3f4de2de-7d09-498f-aead-42327df81d94:c5801]
2019-08-05 04:38:41,843 INFO  client.GrpcClientProtocolClient (GrpcClientProtocolClient.java:onNext(255)) - client-8CDCEDECFFE4->3f4de2de-7d09-498f-aead-42327df81d94: receive RaftClientReply:client-8CDCEDECFFE4->3f4de2de-7d09-498f-aead-42327df81d94@group-C7908E81CC6B, cid=4074, SUCCESS, logIndex=5799, commits[3f4de2de-7d09-498f-aead-42327df81d94:c5802]
2019-08-05 04:38:41,844 INFO  client.GrpcClientProtocolClient (GrpcClientProtocolClient.java:onNext(255)) - client-8CDCEDECFFE4->3f4de2de-7d09-498f-aead-42327df81d94: receive RaftClientReply:client-8CDCEDECFFE4->3f4de2de-7d09-498f-aead-42327df81d94@group-C7908E81CC6B, cid=4075, SUCCESS, logIndex=5800, commits[3f4de2de-7d09-498f-aead-42327df81d94:c5802]
2019-08-05 04:38:41,844 INFO  client.GrpcClientProtocolClient (GrpcClientProtocolClient.java:onNext(255)) - client-8CDCEDECFFE4->3f4de2de-7d09-498f-aead-42327df81d94: receive RaftClientReply:client-8CDCEDECFFE4->3f4de2de-7d09-498f-aead-42327df81d94@group-C7908E81CC6B, cid=4076, SUCCESS, logIndex=5801, commits[3f4de2de-7d09-498f-aead-42327df81d94:c5802]
2019-08-05 04:38:41,844 DEBUG block.SCMBlockDeletingService (SCMBlockDeletingService.java:call(138)) - Running DeletedBlockTransactionScanner
2019-08-05 04:38:41,844 DEBUG block.SCMBlockDeletingService (SCMBlockDeletingService.java:call(155)) - Scanned deleted blocks log and got 0 delTX to process.
2019-08-05 04:38:41,865 INFO  client.GrpcClientProtocolClient (GrpcClientProtocolClient.java:onNext(255)) - client-8CDCEDECFFE4->3f4de2de-7d09-498f-aead-42327df81d94: receive RaftClientReply:client-8CDCEDECFFE4->3f4de2de-7d09-498f-aead-42327df81d94@group-C7908E81CC6B, cid=4077, SUCCESS, logIndex=5803, commits[3f4de2de-7d09-498f-aead-42327df81d94:c5806]
2019-08-05 04:38:41,866 INFO  client.GrpcClientProtocolClient (GrpcClientProtocolClient.java:onNext(255)) - client-8CDCEDECFFE4->3f4de2de-7d09-498f-aead-42327df81d94: receive RaftClientReply:client-8CDCEDECFFE4->3f4de2de-7d09-498f-aead-42327df81d94@group-C7908E81CC6B, cid=4078, SUCCESS, logIndex=5804, commits[3f4de2de-7d09-498f-aead-42327df81d94:c5806]
2019-08-05 04:38:41,866 INFO  client.GrpcClientProtocolClient (GrpcClientProtocolClient.java:onNext(255)) - client-8CDCEDECFFE4->3f4de2de-7d09-498f-aead-42327df81d94: receive RaftClientReply:client-8CDCEDECFFE4->3f4de2de-7d09-498f-aead-42327df81d94@group-C7908E81CC6B, cid=4079, SUCCESS, logIndex=5805, commits[3f4de2de-7d09-498f-aead-42327df81d94:c5807]
2019-08-05 04:38:41,867 INFO  client.GrpcClientProtocolClient (GrpcClientProtocolClient.java:onNext(255)) - client-8CDCEDECFFE4->3f4de2de-7d09-498f-aead-42327df81d94: receive RaftClientReply:client-8CDCEDECFFE4->3f4de2de-7d09-498f-aead-42327df81d94@group-C7908E81CC6B, cid=4080, SUCCESS, logIndex=5806, commits[3f4de2de-7d09-498f-aead-42327df81d94:c5807]
2019-08-05 04:38:41,899 INFO  client.GrpcClientProtocolClient (GrpcClientProtocolClient.java:onNext(255)) - client-8CDCEDECFFE4->3f4de2de-7d09-498f-aead-42327df81d94: receive RaftClientReply:client-8CDCEDECFFE4->3f4de2de-7d09-498f-aead-42327df81d94@group-C7908E81CC6B, cid=4081, SUCCESS, logIndex=5808, commits[3f4de2de-7d09-498f-aead-42327df81d94:c5811]
2019-08-05 04:38:41,900 INFO  client.GrpcClientProtocolClient (GrpcClientProtocolClient.java:onNext(255)) - client-8CDCEDECFFE4->3f4de2de-7d09-498f-aead-42327df81d94: receive RaftClientReply:client-8CDCEDECFFE4->3f4de2de-7d09-498f-aead-42327df81d94@group-C7908E81CC6B, cid=4082, SUCCESS, logIndex=5809, commits[3f4de2de-7d09-498f-aead-42327df81d94:c5811]
2019-08-05 04:38:41,900 INFO  client.GrpcClientProtocolClient (GrpcClientProtocolClient.java:onNext(255)) - client-8CDCEDECFFE4->3f4de2de-7d09-498f-aead-42327df81d94: receive RaftClientReply:client-8CDCEDECFFE4->3f4de2de-7d09-498f-aead-42327df81d94@group-C7908E81CC6B, cid=4083, SUCCESS, logIndex=5810, commits[3f4de2de-7d09-498f-aead-42327df81d94:c5812]
2019-08-05 04:38:41,900 INFO  client.GrpcClientProtocolClient (GrpcClientProtocolClient.java:onNext(255)) - client-8CDCEDECFFE4->3f4de2de-7d09-498f-aead-42327df81d94: receive RaftClientReply:client-8CDCEDECFFE4->3f4de2de-7d09-498f-aead-42327df81d94@group-C7908E81CC6B, cid=4084, SUCCESS, logIndex=5811, commits[3f4de2de-7d09-498f-aead-42327df81d94:c5812]
2019-08-05 04:38:41,923 INFO  client.GrpcClientProtocolClient (GrpcClientProtocolClient.java:onNext(255)) - client-8CDCEDECFFE4->3f4de2de-7d09-498f-aead-42327df81d94: receive RaftClientReply:client-8CDCEDECFFE4->3f4de2de-7d09-498f-aead-42327df81d94@group-C7908E81CC6B, cid=4085, SUCCESS, logIndex=5813, commits[3f4de2de-7d09-498f-aead-42327df81d94:c5816]
2019-08-05 04:38:41,923 INFO  client.GrpcClientProtocolClient (GrpcClientProtocolClient.java:onNext(255)) - client-8CDCEDECFFE4->3f4de2de-7d09-498f-aead-42327df81d94: receive RaftClientReply:client-8CDCEDECFFE4->3f4de2de-7d09-498f-aead-42327df81d94@group-C7908E81CC6B, cid=4086, SUCCESS, logIndex=5814, commits[3f4de2de-7d09-498f-aead-42327df81d94:c5817]
2019-08-05 04:38:41,924 INFO  client.GrpcClientProtocolClient (GrpcClientProtocolClient.java:onNext(255)) - client-8CDCEDECFFE4->3f4de2de-7d09-498f-aead-42327df81d94: receive RaftClientReply:client-8CDCEDECFFE4->3f4de2de-7d09-498f-aead-42327df81d94@group-C7908E81CC6B, cid=4087, SUCCESS, logIndex=5815, commits[3f4de2de-7d09-498f-aead-42327df81d94:c5817]
2019-08-05 04:38:41,924 INFO  client.GrpcClientProtocolClient (GrpcClientProtocolClient.java:onNext(255)) - client-8CDCEDECFFE4->3f4de2de-7d09-498f-aead-42327df81d94: receive RaftClientReply:client-8CDCEDECFFE4->3f4de2de-7d09-498f-aead-42327df81d94@group-C7908E81CC6B, cid=4088, SUCCESS, logIndex=5816, commits[3f4de2de-7d09-498f-aead-42327df81d94:c5817]
2019-08-05 04:38:42,011 DEBUG block.SCMBlockDeletingService (SCMBlockDeletingService.java:call(138)) - Running DeletedBlockTransactionScanner
2019-08-05 04:38:42,011 DEBUG block.SCMBlockDeletingService (SCMBlockDeletingService.java:call(155)) - Scanned deleted blocks log and got 0 delTX to process.
2019-08-05 04:38:42,028 INFO  client.GrpcClientProtocolClient (GrpcClientProtocolClient.java:onNext(255)) - client-8CDCEDECFFE4->3f4de2de-7d09-498f-aead-42327df81d94: receive RaftClientReply:client-8CDCEDECFFE4->3f4de2de-7d09-498f-aead-42327df81d94@group-C7908E81CC6B, cid=4089, SUCCESS, logIndex=5818, commits[3f4de2de-7d09-498f-aead-42327df81d94:c5821]
2019-08-05 04:38:42,029 INFO  client.GrpcClientProtocolClient (GrpcClientProtocolClient.java:onNext(255)) - client-8CDCEDECFFE4->3f4de2de-7d09-498f-aead-42327df81d94: receive RaftClientReply:client-8CDCEDECFFE4->3f4de2de-7d09-498f-aead-42327df81d94@group-C7908E81CC6B, cid=4090, SUCCESS, logIndex=5819, commits[3f4de2de-7d09-498f-aead-42327df81d94:c5821]
2019-08-05 04:38:42,029 INFO  client.GrpcClientProtocolClient (GrpcClientProtocolClient.java:onNext(255)) - client-8CDCEDECFFE4->3f4de2de-7d09-498f-aead-42327df81d94: receive RaftClientReply:client-8CDCEDECFFE4->3f4de2de-7d09-498f-aead-42327df81d94@group-C7908E81CC6B, cid=4091, SUCCESS, logIndex=5820, commits[3f4de2de-7d09-498f-aead-42327df81d94:c5822]
2019-08-05 04:38:42,030 INFO  client.GrpcClientProtocolClient (GrpcClientProtocolClient.java:onNext(255)) - client-8CDCEDECFFE4->3f4de2de-7d09-498f-aead-42327df81d94: receive RaftClientReply:client-8CDCEDECFFE4->3f4de2de-7d09-498f-aead-42327df81d94@group-C7908E81CC6B, cid=4092, SUCCESS, logIndex=5821, commits[3f4de2de-7d09-498f-aead-42327df81d94:c5822]
2019-08-05 04:38:42,049 INFO  client.GrpcClientProtocolClient (GrpcClientProtocolClient.java:onNext(255)) - client-8CDCEDECFFE4->3f4de2de-7d09-498f-aead-42327df81d94: receive RaftClientReply:client-8CDCEDECFFE4->3f4de2de-7d09-498f-aead-42327df81d94@group-C7908E81CC6B, cid=4093, SUCCESS, logIndex=5823, commits[3f4de2de-7d09-498f-aead-42327df81d94:c5824]
2019-08-05 04:38:42,050 INFO  client.GrpcClientProtocolClient (GrpcClientProtocolClient.java:onNext(255)) - client-8CDCEDECFFE4->3f4de2de-7d09-498f-aead-42327df81d94: receive RaftClientReply:client-8CDCEDECFFE4->3f4de2de-7d09-498f-aead-42327df81d94@group-C7908E81CC6B, cid=4094, SUCCESS, logIndex=5824, commits[3f4de2de-7d09-498f-aead-42327df81d94:c5826]
2019-08-05 04:38:42,050 INFO  client.GrpcClientProtocolClient (GrpcClientProtocolClient.java:onNext(255)) - client-8CDCEDECFFE4->3f4de2de-7d09-498f-aead-42327df81d94: receive RaftClientReply:client-8CDCEDECFFE4->3f4de2de-7d09-498f-aead-42327df81d94@group-C7908E81CC6B, cid=4095, SUCCESS, logIndex=5825, commits[3f4de2de-7d09-498f-aead-42327df81d94:c5826]
2019-08-05 04:38:42,050 INFO  client.GrpcClientProtocolClient (GrpcClientProtocolClient.java:onNext(255)) - client-8CDCEDECFFE4->3f4de2de-7d09-498f-aead-42327df81d94: receive RaftClientReply:client-8CDCEDECFFE4->3f4de2de-7d09-498f-aead-42327df81d94@group-C7908E81CC6B, cid=4096, SUCCESS, logIndex=5826, commits[3f4de2de-7d09-498f-aead-42327df81d94:c5827]
2019-08-05 04:38:42,095 INFO  client.GrpcClientProtocolClient (GrpcClientProtocolClient.java:onNext(255)) - client-8CDCEDECFFE4->3f4de2de-7d09-498f-aead-42327df81d94: receive RaftClientReply:client-8CDCEDECFFE4->3f4de2de-7d09-498f-aead-42327df81d94@group-C7908E81CC6B, cid=4097, SUCCESS, logIndex=5829, commits[3f4de2de-7d09-498f-aead-42327df81d94:c5832]
2019-08-05 04:38:42,095 INFO  client.GrpcClientProtocolClient (GrpcClientProtocolClient.java:onNext(255)) - client-8CDCEDECFFE4->3f4de2de-7d09-498f-aead-42327df81d94: receive RaftClientReply:client-8CDCEDECFFE4->3f4de2de-7d09-498f-aead-42327df81d94@group-C7908E81CC6B, cid=4098, SUCCESS, logIndex=5830, commits[3f4de2de-7d09-498f-aead-42327df81d94:c5832]
2019-08-05 04:38:42,096 INFO  client.GrpcClientProtocolClient (GrpcClientProtocolClient.java:onNext(255)) - client-8CDCEDECFFE4->3f4de2de-7d09-498f-aead-42327df81d94: receive RaftClientReply:client-8CDCEDECFFE4->3f4de2de-7d09-498f-aead-42327df81d94@group-C7908E81CC6B, cid=4099, SUCCESS, logIndex=5831, commits[3f4de2de-7d09-498f-aead-42327df81d94:c5833]
2019-08-05 04:38:42,096 INFO  client.GrpcClientProtocolClient (GrpcClientProtocolClient.java:onNext(255)) - client-8CDCEDECFFE4->3f4de2de-7d09-498f-aead-42327df81d94: receive RaftClientReply:client-8CDCEDECFFE4->3f4de2de-7d09-498f-aead-42327df81d94@group-C7908E81CC6B, cid=4100, SUCCESS, logIndex=5832, commits[3f4de2de-7d09-498f-aead-42327df81d94:c5833]
2019-08-05 04:38:42,112 DEBUG block.SCMBlockDeletingService (SCMBlockDeletingService.java:call(138)) - Running DeletedBlockTransactionScanner
2019-08-05 04:38:42,112 DEBUG block.SCMBlockDeletingService (SCMBlockDeletingService.java:call(155)) - Scanned deleted blocks log and got 0 delTX to process.
2019-08-05 04:38:42,115 INFO  client.GrpcClientProtocolClient (GrpcClientProtocolClient.java:onNext(255)) - client-8CDCEDECFFE4->3f4de2de-7d09-498f-aead-42327df81d94: receive RaftClientReply:client-8CDCEDECFFE4->3f4de2de-7d09-498f-aead-42327df81d94@group-C7908E81CC6B, cid=4101, SUCCESS, logIndex=5834, commits[3f4de2de-7d09-498f-aead-42327df81d94:c5835]
2019-08-05 04:38:42,116 INFO  client.GrpcClientProtocolClient (GrpcClientProtocolClient.java:onNext(255)) - client-8CDCEDECFFE4->3f4de2de-7d09-498f-aead-42327df81d94: receive RaftClientReply:client-8CDCEDECFFE4->3f4de2de-7d09-498f-aead-42327df81d94@group-C7908E81CC6B, cid=4102, SUCCESS, logIndex=5835, commits[3f4de2de-7d09-498f-aead-42327df81d94:c5835]
2019-08-05 04:38:42,118 INFO  client.GrpcClientProtocolClient (GrpcClientProtocolClient.java:onNext(255)) - client-8CDCEDECFFE4->3f4de2de-7d09-498f-aead-42327df81d94: receive RaftClientReply:client-8CDCEDECFFE4->3f4de2de-7d09-498f-aead-42327df81d94@group-C7908E81CC6B, cid=4103, SUCCESS, logIndex=5836, commits[3f4de2de-7d09-498f-aead-42327df81d94:c5837]
2019-08-05 04:38:42,118 INFO  client.GrpcClientProtocolClient (GrpcClientProtocolClient.java:onNext(255)) - client-8CDCEDECFFE4->3f4de2de-7d09-498f-aead-42327df81d94: receive RaftClientReply:client-8CDCEDECFFE4->3f4de2de-7d09-498f-aead-42327df81d94@group-C7908E81CC6B, cid=4104, SUCCESS, logIndex=5837, commits[3f4de2de-7d09-498f-aead-42327df81d94:c5837]
2019-08-05 04:38:42,146 INFO  client.GrpcClientProtocolClient (GrpcClientProtocolClient.java:onNext(255)) - client-8CDCEDECFFE4->3f4de2de-7d09-498f-aead-42327df81d94: receive RaftClientReply:client-8CDCEDECFFE4->3f4de2de-7d09-498f-aead-42327df81d94@group-C7908E81CC6B, cid=4105, SUCCESS, logIndex=5840, commits[3f4de2de-7d09-498f-aead-42327df81d94:c5841]
2019-08-05 04:38:42,147 INFO  client.GrpcClientProtocolClient (GrpcClientProtocolClient.java:onNext(255)) - client-8CDCEDECFFE4->3f4de2de-7d09-498f-aead-42327df81d94: receive RaftClientReply:client-8CDCEDECFFE4->3f4de2de-7d09-498f-aead-42327df81d94@group-C7908E81CC6B, cid=4106, SUCCESS, logIndex=5841, commits[3f4de2de-7d09-498f-aead-42327df81d94:c5843]
2019-08-05 04:38:42,147 INFO  client.GrpcClientProtocolClient (GrpcClientProtocolClient.java:onNext(255)) - client-8CDCEDECFFE4->3f4de2de-7d09-498f-aead-42327df81d94: receive RaftClientReply:client-8CDCEDECFFE4->3f4de2de-7d09-498f-aead-42327df81d94@group-C7908E81CC6B, cid=4107, SUCCESS, logIndex=5842, commits[3f4de2de-7d09-498f-aead-42327df81d94:c5844]
2019-08-05 04:38:42,148 INFO  client.GrpcClientProtocolClient (GrpcClientProtocolClient.java:onNext(255)) - client-8CDCEDECFFE4->3f4de2de-7d09-498f-aead-42327df81d94: receive RaftClientReply:client-8CDCEDECFFE4->3f4de2de-7d09-498f-aead-42327df81d94@group-C7908E81CC6B, cid=4108, SUCCESS, logIndex=5843, commits[3f4de2de-7d09-498f-aead-42327df81d94:c5844]
2019-08-05 04:38:42,168 INFO  client.GrpcClientProtocolClient (GrpcClientProtocolClient.java:onNext(255)) - client-8CDCEDECFFE4->3f4de2de-7d09-498f-aead-42327df81d94: receive RaftClientReply:client-8CDCEDECFFE4->3f4de2de-7d09-498f-aead-42327df81d94@group-C7908E81CC6B, cid=4109, SUCCESS, logIndex=5846, commits[3f4de2de-7d09-498f-aead-42327df81d94:c5847]
2019-08-05 04:38:42,168 INFO  client.GrpcClientProtocolClient (GrpcClientProtocolClient.java:onNext(255)) - client-8CDCEDECFFE4->3f4de2de-7d09-498f-aead-42327df81d94: receive RaftClientReply:client-8CDCEDECFFE4->3f4de2de-7d09-498f-aead-42327df81d94@group-C7908E81CC6B, cid=4110, SUCCESS, logIndex=5847, commits[3f4de2de-7d09-498f-aead-42327df81d94:c5847]
2019-08-05 04:38:42,212 DEBUG block.SCMBlockDeletingService (SCMBlockDeletingService.java:call(138)) - Running DeletedBlockTransactionScanner
2019-08-05 04:38:42,213 DEBUG block.SCMBlockDeletingService (SCMBlockDeletingService.java:call(155)) - Scanned deleted blocks log and got 0 delTX to process.
2019-08-05 04:38:42,286 INFO  client.GrpcClientProtocolClient (GrpcClientProtocolClient.java:onNext(255)) - client-8CDCEDECFFE4->3f4de2de-7d09-498f-aead-42327df81d94: receive RaftClientReply:client-8CDCEDECFFE4->3f4de2de-7d09-498f-aead-42327df81d94@group-C7908E81CC6B, cid=4111, SUCCESS, logIndex=5849, commits[3f4de2de-7d09-498f-aead-42327df81d94:c5850]
2019-08-05 04:38:42,286 INFO  client.GrpcClientProtocolClient (GrpcClientProtocolClient.java:onNext(255)) - client-8CDCEDECFFE4->3f4de2de-7d09-498f-aead-42327df81d94: receive RaftClientReply:client-8CDCEDECFFE4->3f4de2de-7d09-498f-aead-42327df81d94@group-C7908E81CC6B, cid=4112, SUCCESS, logIndex=5850, commits[3f4de2de-7d09-498f-aead-42327df81d94:c5851]
2019-08-05 04:38:42,313 DEBUG block.SCMBlockDeletingService (SCMBlockDeletingService.java:call(138)) - Running DeletedBlockTransactionScanner
2019-08-05 04:38:42,313 DEBUG block.SCMBlockDeletingService (SCMBlockDeletingService.java:call(155)) - Scanned deleted blocks log and got 0 delTX to process.
2019-08-05 04:38:42,317 INFO  client.GrpcClientProtocolClient (GrpcClientProtocolClient.java:onNext(255)) - client-8CDCEDECFFE4->3f4de2de-7d09-498f-aead-42327df81d94: receive RaftClientReply:client-8CDCEDECFFE4->3f4de2de-7d09-498f-aead-42327df81d94@group-C7908E81CC6B, cid=4113, SUCCESS, logIndex=5852, commits[3f4de2de-7d09-498f-aead-42327df81d94:c5855]
2019-08-05 04:38:42,317 INFO  client.GrpcClientProtocolClient (GrpcClientProtocolClient.java:onNext(255)) - client-8CDCEDECFFE4->3f4de2de-7d09-498f-aead-42327df81d94: receive RaftClientReply:client-8CDCEDECFFE4->3f4de2de-7d09-498f-aead-42327df81d94@group-C7908E81CC6B, cid=4114, SUCCESS, logIndex=5853, commits[3f4de2de-7d09-498f-aead-42327df81d94:c5855]
2019-08-05 04:38:42,318 INFO  client.GrpcClientProtocolClient (GrpcClientProtocolClient.java:onNext(255)) - client-8CDCEDECFFE4->3f4de2de-7d09-498f-aead-42327df81d94: receive RaftClientReply:client-8CDCEDECFFE4->3f4de2de-7d09-498f-aead-42327df81d94@group-C7908E81CC6B, cid=4115, SUCCESS, logIndex=5854, commits[3f4de2de-7d09-498f-aead-42327df81d94:c5856]
2019-08-05 04:38:42,318 INFO  client.GrpcClientProtocolClient (GrpcClientProtocolClient.java:onNext(255)) - client-8CDCEDECFFE4->3f4de2de-7d09-498f-aead-42327df81d94: receive RaftClientReply:client-8CDCEDECFFE4->3f4de2de-7d09-498f-aead-42327df81d94@group-C7908E81CC6B, cid=4116, SUCCESS, logIndex=5855, commits[3f4de2de-7d09-498f-aead-42327df81d94:c5857]
2019-08-05 04:38:42,338 INFO  client.GrpcClientProtocolClient (GrpcClientProtocolClient.java:onNext(255)) - client-8CDCEDECFFE4->3f4de2de-7d09-498f-aead-42327df81d94: receive RaftClientReply:client-8CDCEDECFFE4->3f4de2de-7d09-498f-aead-42327df81d94@group-C7908E81CC6B, cid=4117, SUCCESS, logIndex=5858, commits[3f4de2de-7d09-498f-aead-42327df81d94:c5859]
2019-08-05 04:38:42,338 INFO  client.GrpcClientProtocolClient (GrpcClientProtocolClient.java:onNext(255)) - client-8CDCEDECFFE4->3f4de2de-7d09-498f-aead-42327df81d94: receive RaftClientReply:client-8CDCEDECFFE4->3f4de2de-7d09-498f-aead-42327df81d94@group-C7908E81CC6B, cid=4118, SUCCESS, logIndex=5859, commits[3f4de2de-7d09-498f-aead-42327df81d94:c5861]
2019-08-05 04:38:42,338 INFO  client.GrpcClientProtocolClient (GrpcClientProtocolClient.java:onNext(255)) - client-8CDCEDECFFE4->3f4de2de-7d09-498f-aead-42327df81d94: receive RaftClientReply:client-8CDCEDECFFE4->3f4de2de-7d09-498f-aead-42327df81d94@group-C7908E81CC6B, cid=4119, SUCCESS, logIndex=5860, commits[3f4de2de-7d09-498f-aead-42327df81d94:c5862]
2019-08-05 04:38:42,338 INFO  client.GrpcClientProtocolClient (GrpcClientProtocolClient.java:onNext(255)) - client-8CDCEDECFFE4->3f4de2de-7d09-498f-aead-42327df81d94: receive RaftClientReply:client-8CDCEDECFFE4->3f4de2de-7d09-498f-aead-42327df81d94@group-C7908E81CC6B, cid=4120, SUCCESS, logIndex=5861, commits[3f4de2de-7d09-498f-aead-42327df81d94:c5862]
2019-08-05 04:38:42,371 INFO  client.GrpcClientProtocolClient (GrpcClientProtocolClient.java:onNext(255)) - client-8CDCEDECFFE4->3f4de2de-7d09-498f-aead-42327df81d94: receive RaftClientReply:client-8CDCEDECFFE4->3f4de2de-7d09-498f-aead-42327df81d94@group-C7908E81CC6B, cid=4121, SUCCESS, logIndex=5864, commits[3f4de2de-7d09-498f-aead-42327df81d94:c5865]
2019-08-05 04:38:42,371 INFO  client.GrpcClientProtocolClient (GrpcClientProtocolClient.java:onNext(255)) - client-8CDCEDECFFE4->3f4de2de-7d09-498f-aead-42327df81d94: receive RaftClientReply:client-8CDCEDECFFE4->3f4de2de-7d09-498f-aead-42327df81d94@group-C7908E81CC6B, cid=4122, SUCCESS, logIndex=5865, commits[3f4de2de-7d09-498f-aead-42327df81d94:c5867]
2019-08-05 04:38:42,372 INFO  client.GrpcClientProtocolClient (GrpcClientProtocolClient.java:onNext(255)) - client-8CDCEDECFFE4->3f4de2de-7d09-498f-aead-42327df81d94: receive RaftClientReply:client-8CDCEDECFFE4->3f4de2de-7d09-498f-aead-42327df81d94@group-C7908E81CC6B, cid=4123, SUCCESS, logIndex=5866, commits[3f4de2de-7d09-498f-aead-42327df81d94:c5868]
2019-08-05 04:38:42,372 INFO  client.GrpcClientProtocolClient (GrpcClientProtocolClient.java:onNext(255)) - client-8CDCEDECFFE4->3f4de2de-7d09-498f-aead-42327df81d94: receive RaftClientReply:client-8CDCEDECFFE4->3f4de2de-7d09-498f-aead-42327df81d94@group-C7908E81CC6B, cid=4124, SUCCESS, logIndex=5867, commits[3f4de2de-7d09-498f-aead-42327df81d94:c5869]
2019-08-05 04:38:42,403 INFO  client.GrpcClientProtocolClient (GrpcClientProtocolClient.java:onNext(255)) - client-8CDCEDECFFE4->3f4de2de-7d09-498f-aead-42327df81d94: receive RaftClientReply:client-8CDCEDECFFE4->3f4de2de-7d09-498f-aead-42327df81d94@group-C7908E81CC6B, cid=4125, SUCCESS, logIndex=5870, commits[3f4de2de-7d09-498f-aead-42327df81d94:c5871]
2019-08-05 04:38:42,403 INFO  client.GrpcClientProtocolClient (GrpcClientProtocolClient.java:onNext(255)) - client-8CDCEDECFFE4->3f4de2de-7d09-498f-aead-42327df81d94: receive RaftClientReply:client-8CDCEDECFFE4->3f4de2de-7d09-498f-aead-42327df81d94@group-C7908E81CC6B, cid=4126, SUCCESS, logIndex=5871, commits[3f4de2de-7d09-498f-aead-42327df81d94:c5873]
2019-08-05 04:38:42,404 INFO  client.GrpcClientProtocolClient (GrpcClientProtocolClient.java:onNext(255)) - client-8CDCEDECFFE4->3f4de2de-7d09-498f-aead-42327df81d94: receive RaftClientReply:client-8CDCEDECFFE4->3f4de2de-7d09-498f-aead-42327df81d94@group-C7908E81CC6B, cid=4127, SUCCESS, logIndex=5872, commits[3f4de2de-7d09-498f-aead-42327df81d94:c5874]
2019-08-05 04:38:42,404 INFO  client.GrpcClientProtocolClient (GrpcClientProtocolClient.java:onNext(255)) - client-8CDCEDECFFE4->3f4de2de-7d09-498f-aead-42327df81d94: receive RaftClientReply:client-8CDCEDECFFE4->3f4de2de-7d09-498f-aead-42327df81d94@group-C7908E81CC6B, cid=4128, SUCCESS, logIndex=5873, commits[3f4de2de-7d09-498f-aead-42327df81d94:c5874]
2019-08-05 04:38:42,414 DEBUG block.SCMBlockDeletingService (SCMBlockDeletingService.java:call(138)) - Running DeletedBlockTransactionScanner
2019-08-05 04:38:42,414 DEBUG block.SCMBlockDeletingService (SCMBlockDeletingService.java:call(155)) - Scanned deleted blocks log and got 0 delTX to process.
2019-08-05 04:38:42,438 INFO  client.GrpcClientProtocolClient (GrpcClientProtocolClient.java:onNext(255)) - client-8CDCEDECFFE4->3f4de2de-7d09-498f-aead-42327df81d94: receive RaftClientReply:client-8CDCEDECFFE4->3f4de2de-7d09-498f-aead-42327df81d94@group-C7908E81CC6B, cid=4129, SUCCESS, logIndex=5876, commits[3f4de2de-7d09-498f-aead-42327df81d94:c5879]
2019-08-05 04:38:42,439 INFO  client.GrpcClientProtocolClient (GrpcClientProtocolClient.java:onNext(255)) - client-8CDCEDECFFE4->3f4de2de-7d09-498f-aead-42327df81d94: receive RaftClientReply:client-8CDCEDECFFE4->3f4de2de-7d09-498f-aead-42327df81d94@group-C7908E81CC6B, cid=4130, SUCCESS, logIndex=5877, commits[3f4de2de-7d09-498f-aead-42327df81d94:c5879]
2019-08-05 04:38:42,439 INFO  client.GrpcClientProtocolClient (GrpcClientProtocolClient.java:onNext(255)) - client-8CDCEDECFFE4->3f4de2de-7d09-498f-aead-42327df81d94: receive RaftClientReply:client-8CDCEDECFFE4->3f4de2de-7d09-498f-aead-42327df81d94@group-C7908E81CC6B, cid=4131, SUCCESS, logIndex=5878, commits[3f4de2de-7d09-498f-aead-42327df81d94:c5880]
2019-08-05 04:38:42,440 INFO  client.GrpcClientProtocolClient (GrpcClientProtocolClient.java:onNext(255)) - client-8CDCEDECFFE4->3f4de2de-7d09-498f-aead-42327df81d94: receive RaftClientReply:client-8CDCEDECFFE4->3f4de2de-7d09-498f-aead-42327df81d94@group-C7908E81CC6B, cid=4132, SUCCESS, logIndex=5879, commits[3f4de2de-7d09-498f-aead-42327df81d94:c5880]
2019-08-05 04:38:42,460 INFO  client.GrpcClientProtocolClient (GrpcClientProtocolClient.java:onNext(255)) - client-8CDCEDECFFE4->3f4de2de-7d09-498f-aead-42327df81d94: receive RaftClientReply:client-8CDCEDECFFE4->3f4de2de-7d09-498f-aead-42327df81d94@group-C7908E81CC6B, cid=4133, SUCCESS, logIndex=5881, commits[3f4de2de-7d09-498f-aead-42327df81d94:c5884]
2019-08-05 04:38:42,460 INFO  client.GrpcClientProtocolClient (GrpcClientProtocolClient.java:onNext(255)) - client-8CDCEDECFFE4->3f4de2de-7d09-498f-aead-42327df81d94: receive RaftClientReply:client-8CDCEDECFFE4->3f4de2de-7d09-498f-aead-42327df81d94@group-C7908E81CC6B, cid=4134, SUCCESS, logIndex=5882, commits[3f4de2de-7d09-498f-aead-42327df81d94:c5885]
2019-08-05 04:38:42,461 INFO  client.GrpcClientProtocolClient (GrpcClientProtocolClient.java:onNext(255)) - client-8CDCEDECFFE4->3f4de2de-7d09-498f-aead-42327df81d94: receive RaftClientReply:client-8CDCEDECFFE4->3f4de2de-7d09-498f-aead-42327df81d94@group-C7908E81CC6B, cid=4135, SUCCESS, logIndex=5883, commits[3f4de2de-7d09-498f-aead-42327df81d94:c5885]
2019-08-05 04:38:42,461 INFO  client.GrpcClientProtocolClient (GrpcClientProtocolClient.java:onNext(255)) - client-8CDCEDECFFE4->3f4de2de-7d09-498f-aead-42327df81d94: receive RaftClientReply:client-8CDCEDECFFE4->3f4de2de-7d09-498f-aead-42327df81d94@group-C7908E81CC6B, cid=4136, SUCCESS, logIndex=5884, commits[3f4de2de-7d09-498f-aead-42327df81d94:c5885]
2019-08-05 04:38:42,492 INFO  client.GrpcClientProtocolClient (GrpcClientProtocolClient.java:onNext(255)) - client-8CDCEDECFFE4->3f4de2de-7d09-498f-aead-42327df81d94: receive RaftClientReply:client-8CDCEDECFFE4->3f4de2de-7d09-498f-aead-42327df81d94@group-C7908E81CC6B, cid=4137, SUCCESS, logIndex=5886, commits[3f4de2de-7d09-498f-aead-42327df81d94:c5887]
2019-08-05 04:38:42,492 INFO  client.GrpcClientProtocolClient (GrpcClientProtocolClient.java:onNext(255)) - client-8CDCEDECFFE4->3f4de2de-7d09-498f-aead-42327df81d94: receive RaftClientReply:client-8CDCEDECFFE4->3f4de2de-7d09-498f-aead-42327df81d94@group-C7908E81CC6B, cid=4138, SUCCESS, logIndex=5887, commits[3f4de2de-7d09-498f-aead-42327df81d94:c5889]
2019-08-05 04:38:42,493 INFO  client.GrpcClientProtocolClient (GrpcClientProtocolClient.java:onNext(255)) - client-8CDCEDECFFE4->3f4de2de-7d09-498f-aead-42327df81d94: receive RaftClientReply:client-8CDCEDECFFE4->3f4de2de-7d09-498f-aead-42327df81d94@group-C7908E81CC6B, cid=4139, SUCCESS, logIndex=5888, commits[3f4de2de-7d09-498f-aead-42327df81d94:c5890]
2019-08-05 04:38:42,493 INFO  client.GrpcClientProtocolClient (GrpcClientProtocolClient.java:onNext(255)) - client-8CDCEDECFFE4->3f4de2de-7d09-498f-aead-42327df81d94: receive RaftClientReply:client-8CDCEDECFFE4->3f4de2de-7d09-498f-aead-42327df81d94@group-C7908E81CC6B, cid=4140, SUCCESS, logIndex=5889, commits[3f4de2de-7d09-498f-aead-42327df81d94:c5890]
2019-08-05 04:38:42,511 INFO  client.GrpcClientProtocolClient (GrpcClientProtocolClient.java:onNext(255)) - client-8CDCEDECFFE4->3f4de2de-7d09-498f-aead-42327df81d94: receive RaftClientReply:client-8CDCEDECFFE4->3f4de2de-7d09-498f-aead-42327df81d94@group-C7908E81CC6B, cid=4141, SUCCESS, logIndex=5892, commits[3f4de2de-7d09-498f-aead-42327df81d94:c5893]
2019-08-05 04:38:42,511 INFO  client.GrpcClientProtocolClient (GrpcClientProtocolClient.java:onNext(255)) - client-8CDCEDECFFE4->3f4de2de-7d09-498f-aead-42327df81d94: receive RaftClientReply:client-8CDCEDECFFE4->3f4de2de-7d09-498f-aead-42327df81d94@group-C7908E81CC6B, cid=4142, SUCCESS, logIndex=5893, commits[3f4de2de-7d09-498f-aead-42327df81d94:c5895]
2019-08-05 04:38:42,512 INFO  client.GrpcClientProtocolClient (GrpcClientProtocolClient.java:onNext(255)) - client-8CDCEDECFFE4->3f4de2de-7d09-498f-aead-42327df81d94: receive RaftClientReply:client-8CDCEDECFFE4->3f4de2de-7d09-498f-aead-42327df81d94@group-C7908E81CC6B, cid=4143, SUCCESS, logIndex=5894, commits[3f4de2de-7d09-498f-aead-42327df81d94:c5896]
2019-08-05 04:38:42,512 INFO  client.GrpcClientProtocolClient (GrpcClientProtocolClient.java:onNext(255)) - client-8CDCEDECFFE4->3f4de2de-7d09-498f-aead-42327df81d94: receive RaftClientReply:client-8CDCEDECFFE4->3f4de2de-7d09-498f-aead-42327df81d94@group-C7908E81CC6B, cid=4144, SUCCESS, logIndex=5895, commits[3f4de2de-7d09-498f-aead-42327df81d94:c5896]
2019-08-05 04:38:42,514 DEBUG block.SCMBlockDeletingService (SCMBlockDeletingService.java:call(138)) - Running DeletedBlockTransactionScanner
2019-08-05 04:38:42,514 DEBUG block.SCMBlockDeletingService (SCMBlockDeletingService.java:call(155)) - Scanned deleted blocks log and got 0 delTX to process.
2019-08-05 04:38:42,547 INFO  client.GrpcClientProtocolClient (GrpcClientProtocolClient.java:onNext(255)) - client-8CDCEDECFFE4->3f4de2de-7d09-498f-aead-42327df81d94: receive RaftClientReply:client-8CDCEDECFFE4->3f4de2de-7d09-498f-aead-42327df81d94@group-C7908E81CC6B, cid=4145, SUCCESS, logIndex=5898, commits[3f4de2de-7d09-498f-aead-42327df81d94:c5901]
2019-08-05 04:38:42,548 INFO  client.GrpcClientProtocolClient (GrpcClientProtocolClient.java:onNext(255)) - client-8CDCEDECFFE4->3f4de2de-7d09-498f-aead-42327df81d94: receive RaftClientReply:client-8CDCEDECFFE4->3f4de2de-7d09-498f-aead-42327df81d94@group-C7908E81CC6B, cid=4146, SUCCESS, logIndex=5899, commits[3f4de2de-7d09-498f-aead-42327df81d94:c5901]
2019-08-05 04:38:42,548 INFO  client.GrpcClientProtocolClient (GrpcClientProtocolClient.java:onNext(255)) - client-8CDCEDECFFE4->3f4de2de-7d09-498f-aead-42327df81d94: receive RaftClientReply:client-8CDCEDECFFE4->3f4de2de-7d09-498f-aead-42327df81d94@group-C7908E81CC6B, cid=4147, SUCCESS, logIndex=5900, commits[3f4de2de-7d09-498f-aead-42327df81d94:c5902]
2019-08-05 04:38:42,549 INFO  client.GrpcClientProtocolClient (GrpcClientProtocolClient.java:onNext(255)) - client-8CDCEDECFFE4->3f4de2de-7d09-498f-aead-42327df81d94: receive RaftClientReply:client-8CDCEDECFFE4->3f4de2de-7d09-498f-aead-42327df81d94@group-C7908E81CC6B, cid=4148, SUCCESS, logIndex=5901, commits[3f4de2de-7d09-498f-aead-42327df81d94:c5902]
2019-08-05 04:38:42,566 INFO  client.GrpcClientProtocolClient (GrpcClientProtocolClient.java:onNext(255)) - client-8CDCEDECFFE4->3f4de2de-7d09-498f-aead-42327df81d94: receive RaftClientReply:client-8CDCEDECFFE4->3f4de2de-7d09-498f-aead-42327df81d94@group-C7908E81CC6B, cid=4149, SUCCESS, logIndex=5903, commits[3f4de2de-7d09-498f-aead-42327df81d94:c5904]
2019-08-05 04:38:42,566 INFO  client.GrpcClientProtocolClient (GrpcClientProtocolClient.java:onNext(255)) - client-8CDCEDECFFE4->3f4de2de-7d09-498f-aead-42327df81d94: receive RaftClientReply:client-8CDCEDECFFE4->3f4de2de-7d09-498f-aead-42327df81d94@group-C7908E81CC6B, cid=4150, SUCCESS, logIndex=5904, commits[3f4de2de-7d09-498f-aead-42327df81d94:c5904]
2019-08-05 04:38:42,567 INFO  client.GrpcClientProtocolClient (GrpcClientProtocolClient.java:onNext(255)) - client-8CDCEDECFFE4->3f4de2de-7d09-498f-aead-42327df81d94: receive RaftClientReply:client-8CDCEDECFFE4->3f4de2de-7d09-498f-aead-42327df81d94@group-C7908E81CC6B, cid=4151, SUCCESS, logIndex=5905, commits[3f4de2de-7d09-498f-aead-42327df81d94:c5906]
2019-08-05 04:38:42,567 INFO  client.GrpcClientProtocolClient (GrpcClientProtocolClient.java:onNext(255)) - client-8CDCEDECFFE4->3f4de2de-7d09-498f-aead-42327df81d94: receive RaftClientReply:client-8CDCEDECFFE4->3f4de2de-7d09-498f-aead-42327df81d94@group-C7908E81CC6B, cid=4152, SUCCESS, logIndex=5906, commits[3f4de2de-7d09-498f-aead-42327df81d94:c5907]
2019-08-05 04:38:42,598 INFO  client.GrpcClientProtocolClient (GrpcClientProtocolClient.java:onNext(255)) - client-8CDCEDECFFE4->3f4de2de-7d09-498f-aead-42327df81d94: receive RaftClientReply:client-8CDCEDECFFE4->3f4de2de-7d09-498f-aead-42327df81d94@group-C7908E81CC6B, cid=4153, SUCCESS, logIndex=5909, commits[3f4de2de-7d09-498f-aead-42327df81d94:c5910]
2019-08-05 04:38:42,598 INFO  client.GrpcClientProtocolClient (GrpcClientProtocolClient.java:onNext(255)) - client-8CDCEDECFFE4->3f4de2de-7d09-498f-aead-42327df81d94: receive RaftClientReply:client-8CDCEDECFFE4->3f4de2de-7d09-498f-aead-42327df81d94@group-C7908E81CC6B, cid=4154, SUCCESS, logIndex=5910, commits[3f4de2de-7d09-498f-aead-42327df81d94:c5911]
2019-08-05 04:38:42,615 DEBUG block.SCMBlockDeletingService (SCMBlockDeletingService.java:call(138)) - Running DeletedBlockTransactionScanner
2019-08-05 04:38:42,615 DEBUG block.SCMBlockDeletingService (SCMBlockDeletingService.java:call(155)) - Scanned deleted blocks log and got 0 delTX to process.
2019-08-05 04:38:42,675 INFO  client.GrpcClientProtocolClient (GrpcClientProtocolClient.java:onNext(255)) - client-8CDCEDECFFE4->3f4de2de-7d09-498f-aead-42327df81d94: receive RaftClientReply:client-8CDCEDECFFE4->3f4de2de-7d09-498f-aead-42327df81d94@group-C7908E81CC6B, cid=4155, SUCCESS, logIndex=5912, commits[3f4de2de-7d09-498f-aead-42327df81d94:c5913]
2019-08-05 04:38:42,675 INFO  client.GrpcClientProtocolClient (GrpcClientProtocolClient.java:onNext(255)) - client-8CDCEDECFFE4->3f4de2de-7d09-498f-aead-42327df81d94: receive RaftClientReply:client-8CDCEDECFFE4->3f4de2de-7d09-498f-aead-42327df81d94@group-C7908E81CC6B, cid=4156, SUCCESS, logIndex=5913, commits[3f4de2de-7d09-498f-aead-42327df81d94:c5914]
2019-08-05 04:38:42,694 INFO  client.GrpcClientProtocolClient (GrpcClientProtocolClient.java:onNext(255)) - client-8CDCEDECFFE4->3f4de2de-7d09-498f-aead-42327df81d94: receive RaftClientReply:client-8CDCEDECFFE4->3f4de2de-7d09-498f-aead-42327df81d94@group-C7908E81CC6B, cid=4157, SUCCESS, logIndex=5915, commits[3f4de2de-7d09-498f-aead-42327df81d94:c5916]
2019-08-05 04:38:42,694 INFO  client.GrpcClientProtocolClient (GrpcClientProtocolClient.java:onNext(255)) - client-8CDCEDECFFE4->3f4de2de-7d09-498f-aead-42327df81d94: receive RaftClientReply:client-8CDCEDECFFE4->3f4de2de-7d09-498f-aead-42327df81d94@group-C7908E81CC6B, cid=4158, SUCCESS, logIndex=5916, commits[3f4de2de-7d09-498f-aead-42327df81d94:c5918]
2019-08-05 04:38:42,694 INFO  client.GrpcClientProtocolClient (GrpcClientProtocolClient.java:onNext(255)) - client-8CDCEDECFFE4->3f4de2de-7d09-498f-aead-42327df81d94: receive RaftClientReply:client-8CDCEDECFFE4->3f4de2de-7d09-498f-aead-42327df81d94@group-C7908E81CC6B, cid=4159, SUCCESS, logIndex=5917, commits[3f4de2de-7d09-498f-aead-42327df81d94:c5918]
2019-08-05 04:38:42,695 INFO  client.GrpcClientProtocolClient (GrpcClientProtocolClient.java:onNext(255)) - client-8CDCEDECFFE4->3f4de2de-7d09-498f-aead-42327df81d94: receive RaftClientReply:client-8CDCEDECFFE4->3f4de2de-7d09-498f-aead-42327df81d94@group-C7908E81CC6B, cid=4160, SUCCESS, logIndex=5918, commits[3f4de2de-7d09-498f-aead-42327df81d94:c5918]
2019-08-05 04:38:42,715 DEBUG block.SCMBlockDeletingService (SCMBlockDeletingService.java:call(138)) - Running DeletedBlockTransactionScanner
2019-08-05 04:38:42,716 DEBUG block.SCMBlockDeletingService (SCMBlockDeletingService.java:call(155)) - Scanned deleted blocks log and got 0 delTX to process.
2019-08-05 04:38:42,725 INFO  client.GrpcClientProtocolClient (GrpcClientProtocolClient.java:onNext(255)) - client-8CDCEDECFFE4->3f4de2de-7d09-498f-aead-42327df81d94: receive RaftClientReply:client-8CDCEDECFFE4->3f4de2de-7d09-498f-aead-42327df81d94@group-C7908E81CC6B, cid=4161, SUCCESS, logIndex=5921, commits[3f4de2de-7d09-498f-aead-42327df81d94:c5924]
2019-08-05 04:38:42,726 INFO  client.GrpcClientProtocolClient (GrpcClientProtocolClient.java:onNext(255)) - client-8CDCEDECFFE4->3f4de2de-7d09-498f-aead-42327df81d94: receive RaftClientReply:client-8CDCEDECFFE4->3f4de2de-7d09-498f-aead-42327df81d94@group-C7908E81CC6B, cid=4162, SUCCESS, logIndex=5922, commits[3f4de2de-7d09-498f-aead-42327df81d94:c5925]
2019-08-05 04:38:42,726 INFO  client.GrpcClientProtocolClient (GrpcClientProtocolClient.java:onNext(255)) - client-8CDCEDECFFE4->3f4de2de-7d09-498f-aead-42327df81d94: receive RaftClientReply:client-8CDCEDECFFE4->3f4de2de-7d09-498f-aead-42327df81d94@group-C7908E81CC6B, cid=4163, SUCCESS, logIndex=5923, commits[3f4de2de-7d09-498f-aead-42327df81d94:c5925]
2019-08-05 04:38:42,726 INFO  client.GrpcClientProtocolClient (GrpcClientProtocolClient.java:onNext(255)) - client-8CDCEDECFFE4->3f4de2de-7d09-498f-aead-42327df81d94: receive RaftClientReply:client-8CDCEDECFFE4->3f4de2de-7d09-498f-aead-42327df81d94@group-C7908E81CC6B, cid=4164, SUCCESS, logIndex=5924, commits[3f4de2de-7d09-498f-aead-42327df81d94:c5925]
2019-08-05 04:38:42,744 INFO  client.GrpcClientProtocolClient (GrpcClientProtocolClient.java:onNext(255)) - client-8CDCEDECFFE4->3f4de2de-7d09-498f-aead-42327df81d94: receive RaftClientReply:client-8CDCEDECFFE4->3f4de2de-7d09-498f-aead-42327df81d94@group-C7908E81CC6B, cid=4165, SUCCESS, logIndex=5926, commits[3f4de2de-7d09-498f-aead-42327df81d94:c5929]
2019-08-05 04:38:42,745 INFO  client.GrpcClientProtocolClient (GrpcClientProtocolClient.java:onNext(255)) - client-8CDCEDECFFE4->3f4de2de-7d09-498f-aead-42327df81d94: receive RaftClientReply:client-8CDCEDECFFE4->3f4de2de-7d09-498f-aead-42327df81d94@group-C7908E81CC6B, cid=4166, SUCCESS, logIndex=5927, commits[3f4de2de-7d09-498f-aead-42327df81d94:c5929]
2019-08-05 04:38:42,745 INFO  client.GrpcClientProtocolClient (GrpcClientProtocolClient.java:onNext(255)) - client-8CDCEDECFFE4->3f4de2de-7d09-498f-aead-42327df81d94: receive RaftClientReply:client-8CDCEDECFFE4->3f4de2de-7d09-498f-aead-42327df81d94@group-C7908E81CC6B, cid=4167, SUCCESS, logIndex=5928, commits[3f4de2de-7d09-498f-aead-42327df81d94:c5930]
2019-08-05 04:38:42,746 INFO  client.GrpcClientProtocolClient (GrpcClientProtocolClient.java:onNext(255)) - client-8CDCEDECFFE4->3f4de2de-7d09-498f-aead-42327df81d94: receive RaftClientReply:client-8CDCEDECFFE4->3f4de2de-7d09-498f-aead-42327df81d94@group-C7908E81CC6B, cid=4168, SUCCESS, logIndex=5929, commits[3f4de2de-7d09-498f-aead-42327df81d94:c5930]
2019-08-05 04:38:42,776 INFO  client.GrpcClientProtocolClient (GrpcClientProtocolClient.java:onNext(255)) - client-8CDCEDECFFE4->3f4de2de-7d09-498f-aead-42327df81d94: receive RaftClientReply:client-8CDCEDECFFE4->3f4de2de-7d09-498f-aead-42327df81d94@group-C7908E81CC6B, cid=4169, SUCCESS, logIndex=5931, commits[3f4de2de-7d09-498f-aead-42327df81d94:c5932]
2019-08-05 04:38:42,776 INFO  client.GrpcClientProtocolClient (GrpcClientProtocolClient.java:onNext(255)) - client-8CDCEDECFFE4->3f4de2de-7d09-498f-aead-42327df81d94: receive RaftClientReply:client-8CDCEDECFFE4->3f4de2de-7d09-498f-aead-42327df81d94@group-C7908E81CC6B, cid=4170, SUCCESS, logIndex=5932, commits[3f4de2de-7d09-498f-aead-42327df81d94:c5934]
2019-08-05 04:38:42,777 INFO  client.GrpcClientProtocolClient (GrpcClientProtocolClient.java:onNext(255)) - client-8CDCEDECFFE4->3f4de2de-7d09-498f-aead-42327df81d94: receive RaftClientReply:client-8CDCEDECFFE4->3f4de2de-7d09-498f-aead-42327df81d94@group-C7908E81CC6B, cid=4171, SUCCESS, logIndex=5933, commits[3f4de2de-7d09-498f-aead-42327df81d94:c5935]
2019-08-05 04:38:42,777 INFO  client.GrpcClientProtocolClient (GrpcClientProtocolClient.java:onNext(255)) - client-8CDCEDECFFE4->3f4de2de-7d09-498f-aead-42327df81d94: receive RaftClientReply:client-8CDCEDECFFE4->3f4de2de-7d09-498f-aead-42327df81d94@group-C7908E81CC6B, cid=4172, SUCCESS, logIndex=5934, commits[3f4de2de-7d09-498f-aead-42327df81d94:c5935]
2019-08-05 04:38:42,795 INFO  client.GrpcClientProtocolClient (GrpcClientProtocolClient.java:onNext(255)) - client-8CDCEDECFFE4->3f4de2de-7d09-498f-aead-42327df81d94: receive RaftClientReply:client-8CDCEDECFFE4->3f4de2de-7d09-498f-aead-42327df81d94@group-C7908E81CC6B, cid=4173, SUCCESS, logIndex=5937, commits[3f4de2de-7d09-498f-aead-42327df81d94:c5938]
2019-08-05 04:38:42,796 INFO  client.GrpcClientProtocolClient (GrpcClientProtocolClient.java:onNext(255)) - client-8CDCEDECFFE4->3f4de2de-7d09-498f-aead-42327df81d94: receive RaftClientReply:client-8CDCEDECFFE4->3f4de2de-7d09-498f-aead-42327df81d94@group-C7908E81CC6B, cid=4174, SUCCESS, logIndex=5938, commits[3f4de2de-7d09-498f-aead-42327df81d94:c5940]
2019-08-05 04:38:42,796 INFO  client.GrpcClientProtocolClient (GrpcClientProtocolClient.java:onNext(255)) - client-8CDCEDECFFE4->3f4de2de-7d09-498f-aead-42327df81d94: receive RaftClientReply:client-8CDCEDECFFE4->3f4de2de-7d09-498f-aead-42327df81d94@group-C7908E81CC6B, cid=4175, SUCCESS, logIndex=5939, commits[3f4de2de-7d09-498f-aead-42327df81d94:c5940]
2019-08-05 04:38:42,796 INFO  client.GrpcClientProtocolClient (GrpcClientProtocolClient.java:onNext(255)) - client-8CDCEDECFFE4->3f4de2de-7d09-498f-aead-42327df81d94: receive RaftClientReply:client-8CDCEDECFFE4->3f4de2de-7d09-498f-aead-42327df81d94@group-C7908E81CC6B, cid=4176, SUCCESS, logIndex=5940, commits[3f4de2de-7d09-498f-aead-42327df81d94:c5941]
2019-08-05 04:38:42,816 DEBUG block.SCMBlockDeletingService (SCMBlockDeletingService.java:call(138)) - Running DeletedBlockTransactionScanner
2019-08-05 04:38:42,816 DEBUG block.SCMBlockDeletingService (SCMBlockDeletingService.java:call(155)) - Scanned deleted blocks log and got 0 delTX to process.
2019-08-05 04:38:42,826 INFO  client.GrpcClientProtocolClient (GrpcClientProtocolClient.java:onNext(255)) - client-8CDCEDECFFE4->3f4de2de-7d09-498f-aead-42327df81d94: receive RaftClientReply:client-8CDCEDECFFE4->3f4de2de-7d09-498f-aead-42327df81d94@group-C7908E81CC6B, cid=4177, SUCCESS, logIndex=5943, commits[3f4de2de-7d09-498f-aead-42327df81d94:c5944]
2019-08-05 04:38:42,826 INFO  client.GrpcClientProtocolClient (GrpcClientProtocolClient.java:onNext(255)) - client-8CDCEDECFFE4->3f4de2de-7d09-498f-aead-42327df81d94: receive RaftClientReply:client-8CDCEDECFFE4->3f4de2de-7d09-498f-aead-42327df81d94@group-C7908E81CC6B, cid=4178, SUCCESS, logIndex=5944, commits[3f4de2de-7d09-498f-aead-42327df81d94:c5944]
2019-08-05 04:38:42,828 INFO  client.GrpcClientProtocolClient (GrpcClientProtocolClient.java:onNext(255)) - client-8CDCEDECFFE4->3f4de2de-7d09-498f-aead-42327df81d94: receive RaftClientReply:client-8CDCEDECFFE4->3f4de2de-7d09-498f-aead-42327df81d94@group-C7908E81CC6B, cid=4179, SUCCESS, logIndex=5945, commits[3f4de2de-7d09-498f-aead-42327df81d94:c5946]
2019-08-05 04:38:42,828 INFO  client.GrpcClientProtocolClient (GrpcClientProtocolClient.java:onNext(255)) - client-8CDCEDECFFE4->3f4de2de-7d09-498f-aead-42327df81d94: receive RaftClientReply:client-8CDCEDECFFE4->3f4de2de-7d09-498f-aead-42327df81d94@group-C7908E81CC6B, cid=4180, SUCCESS, logIndex=5946, commits[3f4de2de-7d09-498f-aead-42327df81d94:c5946]
2019-08-05 04:38:42,839 INFO  client.GrpcClientProtocolClient (GrpcClientProtocolClient.java:onNext(255)) - client-8CDCEDECFFE4->3f4de2de-7d09-498f-aead-42327df81d94: receive RaftClientReply:client-8CDCEDECFFE4->3f4de2de-7d09-498f-aead-42327df81d94@group-C7908E81CC6B, cid=4181, SUCCESS, logIndex=5949, commits[3f4de2de-7d09-498f-aead-42327df81d94:c5952]
2019-08-05 04:38:42,839 INFO  client.GrpcClientProtocolClient (GrpcClientProtocolClient.java:onNext(255)) - client-8CDCEDECFFE4->3f4de2de-7d09-498f-aead-42327df81d94: receive RaftClientReply:client-8CDCEDECFFE4->3f4de2de-7d09-498f-aead-42327df81d94@group-C7908E81CC6B, cid=4182, SUCCESS, logIndex=5950, commits[3f4de2de-7d09-498f-aead-42327df81d94:c5953]
2019-08-05 04:38:42,840 INFO  client.GrpcClientProtocolClient (GrpcClientProtocolClient.java:onNext(255)) - client-8CDCEDECFFE4->3f4de2de-7d09-498f-aead-42327df81d94: receive RaftClientReply:client-8CDCEDECFFE4->3f4de2de-7d09-498f-aead-42327df81d94@group-C7908E81CC6B, cid=4183, SUCCESS, logIndex=5951, commits[3f4de2de-7d09-498f-aead-42327df81d94:c5953]
2019-08-05 04:38:42,840 INFO  client.GrpcClientProtocolClient (GrpcClientProtocolClient.java:onNext(255)) - client-8CDCEDECFFE4->3f4de2de-7d09-498f-aead-42327df81d94: receive RaftClientReply:client-8CDCEDECFFE4->3f4de2de-7d09-498f-aead-42327df81d94@group-C7908E81CC6B, cid=4184, SUCCESS, logIndex=5952, commits[3f4de2de-7d09-498f-aead-42327df81d94:c5953]
2019-08-05 04:38:42,874 INFO  client.GrpcClientProtocolClient (GrpcClientProtocolClient.java:onNext(255)) - client-8CDCEDECFFE4->3f4de2de-7d09-498f-aead-42327df81d94: receive RaftClientReply:client-8CDCEDECFFE4->3f4de2de-7d09-498f-aead-42327df81d94@group-C7908E81CC6B, cid=4185, SUCCESS, logIndex=5954, commits[3f4de2de-7d09-498f-aead-42327df81d94:c5955]
2019-08-05 04:38:42,875 INFO  client.GrpcClientProtocolClient (GrpcClientProtocolClient.java:onNext(255)) - client-8CDCEDECFFE4->3f4de2de-7d09-498f-aead-42327df81d94: receive RaftClientReply:client-8CDCEDECFFE4->3f4de2de-7d09-498f-aead-42327df81d94@group-C7908E81CC6B, cid=4186, SUCCESS, logIndex=5955, commits[3f4de2de-7d09-498f-aead-42327df81d94:c5957]
2019-08-05 04:38:42,875 INFO  client.GrpcClientProtocolClient (GrpcClientProtocolClient.java:onNext(255)) - client-8CDCEDECFFE4->3f4de2de-7d09-498f-aead-42327df81d94: receive RaftClientReply:client-8CDCEDECFFE4->3f4de2de-7d09-498f-aead-42327df81d94@group-C7908E81CC6B, cid=4187, SUCCESS, logIndex=5956, commits[3f4de2de-7d09-498f-aead-42327df81d94:c5958]
2019-08-05 04:38:42,875 INFO  client.GrpcClientProtocolClient (GrpcClientProtocolClient.java:onNext(255)) - client-8CDCEDECFFE4->3f4de2de-7d09-498f-aead-42327df81d94: receive RaftClientReply:client-8CDCEDECFFE4->3f4de2de-7d09-498f-aead-42327df81d94@group-C7908E81CC6B, cid=4188, SUCCESS, logIndex=5957, commits[3f4de2de-7d09-498f-aead-42327df81d94:c5958]
2019-08-05 04:38:42,894 INFO  client.GrpcClientProtocolClient (GrpcClientProtocolClient.java:onNext(255)) - client-8CDCEDECFFE4->3f4de2de-7d09-498f-aead-42327df81d94: receive RaftClientReply:client-8CDCEDECFFE4->3f4de2de-7d09-498f-aead-42327df81d94@group-C7908E81CC6B, cid=4189, SUCCESS, logIndex=5960, commits[3f4de2de-7d09-498f-aead-42327df81d94:c5961]
2019-08-05 04:38:42,895 INFO  client.GrpcClientProtocolClient (GrpcClientProtocolClient.java:onNext(255)) - client-8CDCEDECFFE4->3f4de2de-7d09-498f-aead-42327df81d94: receive RaftClientReply:client-8CDCEDECFFE4->3f4de2de-7d09-498f-aead-42327df81d94@group-C7908E81CC6B, cid=4190, SUCCESS, logIndex=5961, commits[3f4de2de-7d09-498f-aead-42327df81d94:c5963]
2019-08-05 04:38:42,895 INFO  client.GrpcClientProtocolClient (GrpcClientProtocolClient.java:onNext(255)) - client-8CDCEDECFFE4->3f4de2de-7d09-498f-aead-42327df81d94: receive RaftClientReply:client-8CDCEDECFFE4->3f4de2de-7d09-498f-aead-42327df81d94@group-C7908E81CC6B, cid=4191, SUCCESS, logIndex=5962, commits[3f4de2de-7d09-498f-aead-42327df81d94:c5964]
2019-08-05 04:38:42,895 INFO  client.GrpcClientProtocolClient (GrpcClientProtocolClient.java:onNext(255)) - client-8CDCEDECFFE4->3f4de2de-7d09-498f-aead-42327df81d94: receive RaftClientReply:client-8CDCEDECFFE4->3f4de2de-7d09-498f-aead-42327df81d94@group-C7908E81CC6B, cid=4192, SUCCESS, logIndex=5963, commits[3f4de2de-7d09-498f-aead-42327df81d94:c5964]
2019-08-05 04:38:42,917 DEBUG block.SCMBlockDeletingService (SCMBlockDeletingService.java:call(138)) - Running DeletedBlockTransactionScanner
2019-08-05 04:38:42,917 DEBUG block.SCMBlockDeletingService (SCMBlockDeletingService.java:call(155)) - Scanned deleted blocks log and got 0 delTX to process.
2019-08-05 04:38:42,924 INFO  client.GrpcClientProtocolClient (GrpcClientProtocolClient.java:onNext(255)) - client-8CDCEDECFFE4->3f4de2de-7d09-498f-aead-42327df81d94: receive RaftClientReply:client-8CDCEDECFFE4->3f4de2de-7d09-498f-aead-42327df81d94@group-C7908E81CC6B, cid=4193, SUCCESS, logIndex=5966, commits[3f4de2de-7d09-498f-aead-42327df81d94:c5967]
2019-08-05 04:38:42,925 INFO  client.GrpcClientProtocolClient (GrpcClientProtocolClient.java:onNext(255)) - client-8CDCEDECFFE4->3f4de2de-7d09-498f-aead-42327df81d94: receive RaftClientReply:client-8CDCEDECFFE4->3f4de2de-7d09-498f-aead-42327df81d94@group-C7908E81CC6B, cid=4194, SUCCESS, logIndex=5967, commits[3f4de2de-7d09-498f-aead-42327df81d94:c5969]
2019-08-05 04:38:42,925 INFO  client.GrpcClientProtocolClient (GrpcClientProtocolClient.java:onNext(255)) - client-8CDCEDECFFE4->3f4de2de-7d09-498f-aead-42327df81d94: receive RaftClientReply:client-8CDCEDECFFE4->3f4de2de-7d09-498f-aead-42327df81d94@group-C7908E81CC6B, cid=4195, SUCCESS, logIndex=5968, commits[3f4de2de-7d09-498f-aead-42327df81d94:c5970]
2019-08-05 04:38:42,925 INFO  client.GrpcClientProtocolClient (GrpcClientProtocolClient.java:onNext(255)) - client-8CDCEDECFFE4->3f4de2de-7d09-498f-aead-42327df81d94: receive RaftClientReply:client-8CDCEDECFFE4->3f4de2de-7d09-498f-aead-42327df81d94@group-C7908E81CC6B, cid=4196, SUCCESS, logIndex=5969, commits[3f4de2de-7d09-498f-aead-42327df81d94:c5970]
2019-08-05 04:38:43,010 INFO  client.GrpcClientProtocolClient (GrpcClientProtocolClient.java:onNext(255)) - client-8CDCEDECFFE4->3f4de2de-7d09-498f-aead-42327df81d94: receive RaftClientReply:client-8CDCEDECFFE4->3f4de2de-7d09-498f-aead-42327df81d94@group-C7908E81CC6B, cid=4197, SUCCESS, logIndex=5972, commits[3f4de2de-7d09-498f-aead-42327df81d94:c5973]
2019-08-05 04:38:43,010 INFO  client.GrpcClientProtocolClient (GrpcClientProtocolClient.java:onNext(255)) - client-8CDCEDECFFE4->3f4de2de-7d09-498f-aead-42327df81d94: receive RaftClientReply:client-8CDCEDECFFE4->3f4de2de-7d09-498f-aead-42327df81d94@group-C7908E81CC6B, cid=4198, SUCCESS, logIndex=5973, commits[3f4de2de-7d09-498f-aead-42327df81d94:c5974]
2019-08-05 04:38:43,017 DEBUG block.SCMBlockDeletingService (SCMBlockDeletingService.java:call(138)) - Running DeletedBlockTransactionScanner
2019-08-05 04:38:43,018 DEBUG block.SCMBlockDeletingService (SCMBlockDeletingService.java:call(155)) - Scanned deleted blocks log and got 0 delTX to process.
2019-08-05 04:38:43,118 DEBUG block.SCMBlockDeletingService (SCMBlockDeletingService.java:call(138)) - Running DeletedBlockTransactionScanner
2019-08-05 04:38:43,118 DEBUG block.SCMBlockDeletingService (SCMBlockDeletingService.java:call(155)) - Scanned deleted blocks log and got 0 delTX to process.
2019-08-05 04:38:43,127 INFO  client.GrpcClientProtocolClient (GrpcClientProtocolClient.java:onNext(255)) - client-8CDCEDECFFE4->3f4de2de-7d09-498f-aead-42327df81d94: receive RaftClientReply:client-8CDCEDECFFE4->3f4de2de-7d09-498f-aead-42327df81d94@group-C7908E81CC6B, cid=4199, SUCCESS, logIndex=5975, commits[3f4de2de-7d09-498f-aead-42327df81d94:c5976]
2019-08-05 04:38:43,127 INFO  client.GrpcClientProtocolClient (GrpcClientProtocolClient.java:onNext(255)) - client-8CDCEDECFFE4->3f4de2de-7d09-498f-aead-42327df81d94: receive RaftClientReply:client-8CDCEDECFFE4->3f4de2de-7d09-498f-aead-42327df81d94@group-C7908E81CC6B, cid=4200, SUCCESS, logIndex=5976, commits[3f4de2de-7d09-498f-aead-42327df81d94:c5977]
2019-08-05 04:38:43,160 INFO  client.GrpcClientProtocolClient (GrpcClientProtocolClient.java:onNext(255)) - client-8CDCEDECFFE4->3f4de2de-7d09-498f-aead-42327df81d94: receive RaftClientReply:client-8CDCEDECFFE4->3f4de2de-7d09-498f-aead-42327df81d94@group-C7908E81CC6B, cid=4201, SUCCESS, logIndex=5978, commits[3f4de2de-7d09-498f-aead-42327df81d94:c5979]
2019-08-05 04:38:43,160 INFO  client.GrpcClientProtocolClient (GrpcClientProtocolClient.java:onNext(255)) - client-8CDCEDECFFE4->3f4de2de-7d09-498f-aead-42327df81d94: receive RaftClientReply:client-8CDCEDECFFE4->3f4de2de-7d09-498f-aead-42327df81d94@group-C7908E81CC6B, cid=4202, SUCCESS, logIndex=5979, commits[3f4de2de-7d09-498f-aead-42327df81d94:c5979]
2019-08-05 04:38:43,162 INFO  client.GrpcClientProtocolClient (GrpcClientProtocolClient.java:onNext(255)) - client-8CDCEDECFFE4->3f4de2de-7d09-498f-aead-42327df81d94: receive RaftClientReply:client-8CDCEDECFFE4->3f4de2de-7d09-498f-aead-42327df81d94@group-C7908E81CC6B, cid=4203, SUCCESS, logIndex=5980, commits[3f4de2de-7d09-498f-aead-42327df81d94:c5981]
2019-08-05 04:38:43,163 INFO  client.GrpcClientProtocolClient (GrpcClientProtocolClient.java:onNext(255)) - client-8CDCEDECFFE4->3f4de2de-7d09-498f-aead-42327df81d94: receive RaftClientReply:client-8CDCEDECFFE4->3f4de2de-7d09-498f-aead-42327df81d94@group-C7908E81CC6B, cid=4204, SUCCESS, logIndex=5981, commits[3f4de2de-7d09-498f-aead-42327df81d94:c5981]
2019-08-05 04:38:43,187 INFO  client.GrpcClientProtocolClient (GrpcClientProtocolClient.java:onNext(255)) - client-8CDCEDECFFE4->3f4de2de-7d09-498f-aead-42327df81d94: receive RaftClientReply:client-8CDCEDECFFE4->3f4de2de-7d09-498f-aead-42327df81d94@group-C7908E81CC6B, cid=4205, SUCCESS, logIndex=5984, commits[3f4de2de-7d09-498f-aead-42327df81d94:c5987]
2019-08-05 04:38:43,187 INFO  client.GrpcClientProtocolClient (GrpcClientProtocolClient.java:onNext(255)) - client-8CDCEDECFFE4->3f4de2de-7d09-498f-aead-42327df81d94: receive RaftClientReply:client-8CDCEDECFFE4->3f4de2de-7d09-498f-aead-42327df81d94@group-C7908E81CC6B, cid=4206, SUCCESS, logIndex=5985, commits[3f4de2de-7d09-498f-aead-42327df81d94:c5988]
2019-08-05 04:38:43,188 INFO  client.GrpcClientProtocolClient (GrpcClientProtocolClient.java:onNext(255)) - client-8CDCEDECFFE4->3f4de2de-7d09-498f-aead-42327df81d94: receive RaftClientReply:client-8CDCEDECFFE4->3f4de2de-7d09-498f-aead-42327df81d94@group-C7908E81CC6B, cid=4207, SUCCESS, logIndex=5986, commits[3f4de2de-7d09-498f-aead-42327df81d94:c5988]
2019-08-05 04:38:43,188 INFO  client.GrpcClientProtocolClient (GrpcClientProtocolClient.java:onNext(255)) - client-8CDCEDECFFE4->3f4de2de-7d09-498f-aead-42327df81d94: receive RaftClientReply:client-8CDCEDECFFE4->3f4de2de-7d09-498f-aead-42327df81d94@group-C7908E81CC6B, cid=4208, SUCCESS, logIndex=5987, commits[3f4de2de-7d09-498f-aead-42327df81d94:c5988]
2019-08-05 04:38:43,219 DEBUG block.SCMBlockDeletingService (SCMBlockDeletingService.java:call(138)) - Running DeletedBlockTransactionScanner
2019-08-05 04:38:43,219 DEBUG block.SCMBlockDeletingService (SCMBlockDeletingService.java:call(155)) - Scanned deleted blocks log and got 0 delTX to process.
2019-08-05 04:38:43,222 INFO  client.GrpcClientProtocolClient (GrpcClientProtocolClient.java:onNext(255)) - client-8CDCEDECFFE4->3f4de2de-7d09-498f-aead-42327df81d94: receive RaftClientReply:client-8CDCEDECFFE4->3f4de2de-7d09-498f-aead-42327df81d94@group-C7908E81CC6B, cid=4209, SUCCESS, logIndex=5989, commits[3f4de2de-7d09-498f-aead-42327df81d94:c5990]
2019-08-05 04:38:43,222 INFO  client.GrpcClientProtocolClient (GrpcClientProtocolClient.java:onNext(255)) - client-8CDCEDECFFE4->3f4de2de-7d09-498f-aead-42327df81d94: receive RaftClientReply:client-8CDCEDECFFE4->3f4de2de-7d09-498f-aead-42327df81d94@group-C7908E81CC6B, cid=4210, SUCCESS, logIndex=5990, commits[3f4de2de-7d09-498f-aead-42327df81d94:c5992]
2019-08-05 04:38:43,223 INFO  client.GrpcClientProtocolClient (GrpcClientProtocolClient.java:onNext(255)) - client-8CDCEDECFFE4->3f4de2de-7d09-498f-aead-42327df81d94: receive RaftClientReply:client-8CDCEDECFFE4->3f4de2de-7d09-498f-aead-42327df81d94@group-C7908E81CC6B, cid=4211, SUCCESS, logIndex=5991, commits[3f4de2de-7d09-498f-aead-42327df81d94:c5993]
2019-08-05 04:38:43,223 INFO  client.GrpcClientProtocolClient (GrpcClientProtocolClient.java:onNext(255)) - client-8CDCEDECFFE4->3f4de2de-7d09-498f-aead-42327df81d94: receive RaftClientReply:client-8CDCEDECFFE4->3f4de2de-7d09-498f-aead-42327df81d94@group-C7908E81CC6B, cid=4212, SUCCESS, logIndex=5992, commits[3f4de2de-7d09-498f-aead-42327df81d94:c5993]
2019-08-05 04:38:43,243 INFO  client.GrpcClientProtocolClient (GrpcClientProtocolClient.java:onNext(255)) - client-8CDCEDECFFE4->3f4de2de-7d09-498f-aead-42327df81d94: receive RaftClientReply:client-8CDCEDECFFE4->3f4de2de-7d09-498f-aead-42327df81d94@group-C7908E81CC6B, cid=4213, SUCCESS, logIndex=5995, commits[3f4de2de-7d09-498f-aead-42327df81d94:c5996]
2019-08-05 04:38:43,243 INFO  client.GrpcClientProtocolClient (GrpcClientProtocolClient.java:onNext(255)) - client-8CDCEDECFFE4->3f4de2de-7d09-498f-aead-42327df81d94: receive RaftClientReply:client-8CDCEDECFFE4->3f4de2de-7d09-498f-aead-42327df81d94@group-C7908E81CC6B, cid=4214, SUCCESS, logIndex=5996, commits[3f4de2de-7d09-498f-aead-42327df81d94:c5996]
2019-08-05 04:38:43,245 INFO  client.GrpcClientProtocolClient (GrpcClientProtocolClient.java:onNext(255)) - client-8CDCEDECFFE4->3f4de2de-7d09-498f-aead-42327df81d94: receive RaftClientReply:client-8CDCEDECFFE4->3f4de2de-7d09-498f-aead-42327df81d94@group-C7908E81CC6B, cid=4215, SUCCESS, logIndex=5997, commits[3f4de2de-7d09-498f-aead-42327df81d94:c5998]
2019-08-05 04:38:43,245 INFO  client.GrpcClientProtocolClient (GrpcClientProtocolClient.java:onNext(255)) - client-8CDCEDECFFE4->3f4de2de-7d09-498f-aead-42327df81d94: receive RaftClientReply:client-8CDCEDECFFE4->3f4de2de-7d09-498f-aead-42327df81d94@group-C7908E81CC6B, cid=4216, SUCCESS, logIndex=5998, commits[3f4de2de-7d09-498f-aead-42327df81d94:c5998]
2019-08-05 04:38:43,280 INFO  client.GrpcClientProtocolClient (GrpcClientProtocolClient.java:onNext(255)) - client-8CDCEDECFFE4->3f4de2de-7d09-498f-aead-42327df81d94: receive RaftClientReply:client-8CDCEDECFFE4->3f4de2de-7d09-498f-aead-42327df81d94@group-C7908E81CC6B, cid=4217, SUCCESS, logIndex=6001, commits[3f4de2de-7d09-498f-aead-42327df81d94:c6002]
2019-08-05 04:38:43,280 INFO  client.GrpcClientProtocolClient (GrpcClientProtocolClient.java:onNext(255)) - client-8CDCEDECFFE4->3f4de2de-7d09-498f-aead-42327df81d94: receive RaftClientReply:client-8CDCEDECFFE4->3f4de2de-7d09-498f-aead-42327df81d94@group-C7908E81CC6B, cid=4218, SUCCESS, logIndex=6002, commits[3f4de2de-7d09-498f-aead-42327df81d94:c6004]
2019-08-05 04:38:43,281 INFO  client.GrpcClientProtocolClient (GrpcClientProtocolClient.java:onNext(255)) - client-8CDCEDECFFE4->3f4de2de-7d09-498f-aead-42327df81d94: receive RaftClientReply:client-8CDCEDECFFE4->3f4de2de-7d09-498f-aead-42327df81d94@group-C7908E81CC6B, cid=4219, SUCCESS, logIndex=6003, commits[3f4de2de-7d09-498f-aead-42327df81d94:c6005]
2019-08-05 04:38:43,281 INFO  client.GrpcClientProtocolClient (GrpcClientProtocolClient.java:onNext(255)) - client-8CDCEDECFFE4->3f4de2de-7d09-498f-aead-42327df81d94: receive RaftClientReply:client-8CDCEDECFFE4->3f4de2de-7d09-498f-aead-42327df81d94@group-C7908E81CC6B, cid=4220, SUCCESS, logIndex=6004, commits[3f4de2de-7d09-498f-aead-42327df81d94:c6006]
2019-08-05 04:38:43,310 INFO  client.GrpcClientProtocolClient (GrpcClientProtocolClient.java:onNext(255)) - client-8CDCEDECFFE4->3f4de2de-7d09-498f-aead-42327df81d94: receive RaftClientReply:client-8CDCEDECFFE4->3f4de2de-7d09-498f-aead-42327df81d94@group-C7908E81CC6B, cid=4221, SUCCESS, logIndex=6007, commits[3f4de2de-7d09-498f-aead-42327df81d94:c6008]
2019-08-05 04:38:43,310 INFO  client.GrpcClientProtocolClient (GrpcClientProtocolClient.java:onNext(255)) - client-8CDCEDECFFE4->3f4de2de-7d09-498f-aead-42327df81d94: receive RaftClientReply:client-8CDCEDECFFE4->3f4de2de-7d09-498f-aead-42327df81d94@group-C7908E81CC6B, cid=4222, SUCCESS, logIndex=6008, commits[3f4de2de-7d09-498f-aead-42327df81d94:c6010]
2019-08-05 04:38:43,310 INFO  client.GrpcClientProtocolClient (GrpcClientProtocolClient.java:onNext(255)) - client-8CDCEDECFFE4->3f4de2de-7d09-498f-aead-42327df81d94: receive RaftClientReply:client-8CDCEDECFFE4->3f4de2de-7d09-498f-aead-42327df81d94@group-C7908E81CC6B, cid=4223, SUCCESS, logIndex=6009, commits[3f4de2de-7d09-498f-aead-42327df81d94:c6010]
2019-08-05 04:38:43,311 INFO  client.GrpcClientProtocolClient (GrpcClientProtocolClient.java:onNext(255)) - client-8CDCEDECFFE4->3f4de2de-7d09-498f-aead-42327df81d94: receive RaftClientReply:client-8CDCEDECFFE4->3f4de2de-7d09-498f-aead-42327df81d94@group-C7908E81CC6B, cid=4224, SUCCESS, logIndex=6010, commits[3f4de2de-7d09-498f-aead-42327df81d94:c6011]
2019-08-05 04:38:43,319 DEBUG block.SCMBlockDeletingService (SCMBlockDeletingService.java:call(138)) - Running DeletedBlockTransactionScanner
2019-08-05 04:38:43,320 DEBUG block.SCMBlockDeletingService (SCMBlockDeletingService.java:call(155)) - Scanned deleted blocks log and got 0 delTX to process.
2019-08-05 04:38:43,344 INFO  client.GrpcClientProtocolClient (GrpcClientProtocolClient.java:onNext(255)) - client-8CDCEDECFFE4->3f4de2de-7d09-498f-aead-42327df81d94: receive RaftClientReply:client-8CDCEDECFFE4->3f4de2de-7d09-498f-aead-42327df81d94@group-C7908E81CC6B, cid=4225, SUCCESS, logIndex=6013, commits[3f4de2de-7d09-498f-aead-42327df81d94:c6014]
2019-08-05 04:38:43,344 INFO  client.GrpcClientProtocolClient (GrpcClientProtocolClient.java:onNext(255)) - client-8CDCEDECFFE4->3f4de2de-7d09-498f-aead-42327df81d94: receive RaftClientReply:client-8CDCEDECFFE4->3f4de2de-7d09-498f-aead-42327df81d94@group-C7908E81CC6B, cid=4226, SUCCESS, logIndex=6014, commits[3f4de2de-7d09-498f-aead-42327df81d94:c6016]
2019-08-05 04:38:43,345 INFO  client.GrpcClientProtocolClient (GrpcClientProtocolClient.java:onNext(255)) - client-8CDCEDECFFE4->3f4de2de-7d09-498f-aead-42327df81d94: receive RaftClientReply:client-8CDCEDECFFE4->3f4de2de-7d09-498f-aead-42327df81d94@group-C7908E81CC6B, cid=4227, SUCCESS, logIndex=6015, commits[3f4de2de-7d09-498f-aead-42327df81d94:c6017]
2019-08-05 04:38:43,345 INFO  client.GrpcClientProtocolClient (GrpcClientProtocolClient.java:onNext(255)) - client-8CDCEDECFFE4->3f4de2de-7d09-498f-aead-42327df81d94: receive RaftClientReply:client-8CDCEDECFFE4->3f4de2de-7d09-498f-aead-42327df81d94@group-C7908E81CC6B, cid=4228, SUCCESS, logIndex=6016, commits[3f4de2de-7d09-498f-aead-42327df81d94:c6017]
2019-08-05 04:38:43,364 INFO  client.GrpcClientProtocolClient (GrpcClientProtocolClient.java:onNext(255)) - client-8CDCEDECFFE4->3f4de2de-7d09-498f-aead-42327df81d94: receive RaftClientReply:client-8CDCEDECFFE4->3f4de2de-7d09-498f-aead-42327df81d94@group-C7908E81CC6B, cid=4229, SUCCESS, logIndex=6019, commits[3f4de2de-7d09-498f-aead-42327df81d94:c6020]
2019-08-05 04:38:43,364 INFO  client.GrpcClientProtocolClient (GrpcClientProtocolClient.java:onNext(255)) - client-8CDCEDECFFE4->3f4de2de-7d09-498f-aead-42327df81d94: receive RaftClientReply:client-8CDCEDECFFE4->3f4de2de-7d09-498f-aead-42327df81d94@group-C7908E81CC6B, cid=4230, SUCCESS, logIndex=6020, commits[3f4de2de-7d09-498f-aead-42327df81d94:c6022]
2019-08-05 04:38:43,365 INFO  client.GrpcClientProtocolClient (GrpcClientProtocolClient.java:onNext(255)) - client-8CDCEDECFFE4->3f4de2de-7d09-498f-aead-42327df81d94: receive RaftClientReply:client-8CDCEDECFFE4->3f4de2de-7d09-498f-aead-42327df81d94@group-C7908E81CC6B, cid=4231, SUCCESS, logIndex=6021, commits[3f4de2de-7d09-498f-aead-42327df81d94:c6023]
2019-08-05 04:38:43,365 INFO  client.GrpcClientProtocolClient (GrpcClientProtocolClient.java:onNext(255)) - client-8CDCEDECFFE4->3f4de2de-7d09-498f-aead-42327df81d94: receive RaftClientReply:client-8CDCEDECFFE4->3f4de2de-7d09-498f-aead-42327df81d94@group-C7908E81CC6B, cid=4232, SUCCESS, logIndex=6022, commits[3f4de2de-7d09-498f-aead-42327df81d94:c6023]
2019-08-05 04:38:43,398 INFO  client.GrpcClientProtocolClient (GrpcClientProtocolClient.java:onNext(255)) - client-8CDCEDECFFE4->3f4de2de-7d09-498f-aead-42327df81d94: receive RaftClientReply:client-8CDCEDECFFE4->3f4de2de-7d09-498f-aead-42327df81d94@group-C7908E81CC6B, cid=4233, SUCCESS, logIndex=6025, commits[3f4de2de-7d09-498f-aead-42327df81d94:c6028]
2019-08-05 04:38:43,398 INFO  client.GrpcClientProtocolClient (GrpcClientProtocolClient.java:onNext(255)) - client-8CDCEDECFFE4->3f4de2de-7d09-498f-aead-42327df81d94: receive RaftClientReply:client-8CDCEDECFFE4->3f4de2de-7d09-498f-aead-42327df81d94@group-C7908E81CC6B, cid=4234, SUCCESS, logIndex=6026, commits[3f4de2de-7d09-498f-aead-42327df81d94:c6029]
2019-08-05 04:38:43,399 INFO  client.GrpcClientProtocolClient (GrpcClientProtocolClient.java:onNext(255)) - client-8CDCEDECFFE4->3f4de2de-7d09-498f-aead-42327df81d94: receive RaftClientReply:client-8CDCEDECFFE4->3f4de2de-7d09-498f-aead-42327df81d94@group-C7908E81CC6B, cid=4235, SUCCESS, logIndex=6027, commits[3f4de2de-7d09-498f-aead-42327df81d94:c6029]
2019-08-05 04:38:43,399 INFO  client.GrpcClientProtocolClient (GrpcClientProtocolClient.java:onNext(255)) - client-8CDCEDECFFE4->3f4de2de-7d09-498f-aead-42327df81d94: receive RaftClientReply:client-8CDCEDECFFE4->3f4de2de-7d09-498f-aead-42327df81d94@group-C7908E81CC6B, cid=4236, SUCCESS, logIndex=6028, commits[3f4de2de-7d09-498f-aead-42327df81d94:c6029]
2019-08-05 04:38:43,420 INFO  client.GrpcClientProtocolClient (GrpcClientProtocolClient.java:onNext(255)) - client-8CDCEDECFFE4->3f4de2de-7d09-498f-aead-42327df81d94: receive RaftClientReply:client-8CDCEDECFFE4->3f4de2de-7d09-498f-aead-42327df81d94@group-C7908E81CC6B, cid=4237, SUCCESS, logIndex=6030, commits[3f4de2de-7d09-498f-aead-42327df81d94:c6033]
2019-08-05 04:38:43,420 DEBUG block.SCMBlockDeletingService (SCMBlockDeletingService.java:call(138)) - Running DeletedBlockTransactionScanner
2019-08-05 04:38:43,420 INFO  client.GrpcClientProtocolClient (GrpcClientProtocolClient.java:onNext(255)) - client-8CDCEDECFFE4->3f4de2de-7d09-498f-aead-42327df81d94: receive RaftClientReply:client-8CDCEDECFFE4->3f4de2de-7d09-498f-aead-42327df81d94@group-C7908E81CC6B, cid=4238, SUCCESS, logIndex=6031, commits[3f4de2de-7d09-498f-aead-42327df81d94:c6034]
2019-08-05 04:38:43,420 DEBUG block.SCMBlockDeletingService (SCMBlockDeletingService.java:call(155)) - Scanned deleted blocks log and got 0 delTX to process.
2019-08-05 04:38:43,421 INFO  client.GrpcClientProtocolClient (GrpcClientProtocolClient.java:onNext(255)) - client-8CDCEDECFFE4->3f4de2de-7d09-498f-aead-42327df81d94: receive RaftClientReply:client-8CDCEDECFFE4->3f4de2de-7d09-498f-aead-42327df81d94@group-C7908E81CC6B, cid=4239, SUCCESS, logIndex=6032, commits[3f4de2de-7d09-498f-aead-42327df81d94:c6034]
2019-08-05 04:38:43,421 INFO  client.GrpcClientProtocolClient (GrpcClientProtocolClient.java:onNext(255)) - client-8CDCEDECFFE4->3f4de2de-7d09-498f-aead-42327df81d94: receive RaftClientReply:client-8CDCEDECFFE4->3f4de2de-7d09-498f-aead-42327df81d94@group-C7908E81CC6B, cid=4240, SUCCESS, logIndex=6033, commits[3f4de2de-7d09-498f-aead-42327df81d94:c6034]
2019-08-05 04:38:43,452 INFO  client.GrpcClientProtocolClient (GrpcClientProtocolClient.java:onNext(255)) - client-8CDCEDECFFE4->3f4de2de-7d09-498f-aead-42327df81d94: receive RaftClientReply:client-8CDCEDECFFE4->3f4de2de-7d09-498f-aead-42327df81d94@group-C7908E81CC6B, cid=4241, SUCCESS, logIndex=6035, commits[3f4de2de-7d09-498f-aead-42327df81d94:c6036]
2019-08-05 04:38:43,453 INFO  client.GrpcClientProtocolClient (GrpcClientProtocolClient.java:onNext(255)) - client-8CDCEDECFFE4->3f4de2de-7d09-498f-aead-42327df81d94: receive RaftClientReply:client-8CDCEDECFFE4->3f4de2de-7d09-498f-aead-42327df81d94@group-C7908E81CC6B, cid=4242, SUCCESS, logIndex=6036, commits[3f4de2de-7d09-498f-aead-42327df81d94:c6037]
2019-08-05 04:38:43,521 DEBUG block.SCMBlockDeletingService (SCMBlockDeletingService.java:call(138)) - Running DeletedBlockTransactionScanner
2019-08-05 04:38:43,521 DEBUG block.SCMBlockDeletingService (SCMBlockDeletingService.java:call(155)) - Scanned deleted blocks log and got 0 delTX to process.
2019-08-05 04:38:43,539 INFO  client.GrpcClientProtocolClient (GrpcClientProtocolClient.java:onNext(255)) - client-8CDCEDECFFE4->3f4de2de-7d09-498f-aead-42327df81d94: receive RaftClientReply:client-8CDCEDECFFE4->3f4de2de-7d09-498f-aead-42327df81d94@group-C7908E81CC6B, cid=4243, SUCCESS, logIndex=6038, commits[3f4de2de-7d09-498f-aead-42327df81d94:c6039]
2019-08-05 04:38:43,540 INFO  client.GrpcClientProtocolClient (GrpcClientProtocolClient.java:onNext(255)) - client-8CDCEDECFFE4->3f4de2de-7d09-498f-aead-42327df81d94: receive RaftClientReply:client-8CDCEDECFFE4->3f4de2de-7d09-498f-aead-42327df81d94@group-C7908E81CC6B, cid=4244, SUCCESS, logIndex=6039, commits[3f4de2de-7d09-498f-aead-42327df81d94:c6040]
2019-08-05 04:38:43,559 INFO  client.GrpcClientProtocolClient (GrpcClientProtocolClient.java:onNext(255)) - client-8CDCEDECFFE4->3f4de2de-7d09-498f-aead-42327df81d94: receive RaftClientReply:client-8CDCEDECFFE4->3f4de2de-7d09-498f-aead-42327df81d94@group-C7908E81CC6B, cid=4245, SUCCESS, logIndex=6041, commits[3f4de2de-7d09-498f-aead-42327df81d94:c6044]
2019-08-05 04:38:43,560 INFO  client.GrpcClientProtocolClient (GrpcClientProtocolClient.java:onNext(255)) - client-8CDCEDECFFE4->3f4de2de-7d09-498f-aead-42327df81d94: receive RaftClientReply:client-8CDCEDECFFE4->3f4de2de-7d09-498f-aead-42327df81d94@group-C7908E81CC6B, cid=4246, SUCCESS, logIndex=6042, commits[3f4de2de-7d09-498f-aead-42327df81d94:c6044]
2019-08-05 04:38:43,560 INFO  client.GrpcClientProtocolClient (GrpcClientProtocolClient.java:onNext(255)) - client-8CDCEDECFFE4->3f4de2de-7d09-498f-aead-42327df81d94: receive RaftClientReply:client-8CDCEDECFFE4->3f4de2de-7d09-498f-aead-42327df81d94@group-C7908E81CC6B, cid=4247, SUCCESS, logIndex=6043, commits[3f4de2de-7d09-498f-aead-42327df81d94:c6045]
2019-08-05 04:38:43,560 INFO  client.GrpcClientProtocolClient (GrpcClientProtocolClient.java:onNext(255)) - client-8CDCEDECFFE4->3f4de2de-7d09-498f-aead-42327df81d94: receive RaftClientReply:client-8CDCEDECFFE4->3f4de2de-7d09-498f-aead-42327df81d94@group-C7908E81CC6B, cid=4248, SUCCESS, logIndex=6044, commits[3f4de2de-7d09-498f-aead-42327df81d94:c6045]
2019-08-05 04:38:43,593 INFO  client.GrpcClientProtocolClient (GrpcClientProtocolClient.java:onNext(255)) - client-8CDCEDECFFE4->3f4de2de-7d09-498f-aead-42327df81d94: receive RaftClientReply:client-8CDCEDECFFE4->3f4de2de-7d09-498f-aead-42327df81d94@group-C7908E81CC6B, cid=4249, SUCCESS, logIndex=6046, commits[3f4de2de-7d09-498f-aead-42327df81d94:c6049]
2019-08-05 04:38:43,593 INFO  client.GrpcClientProtocolClient (GrpcClientProtocolClient.java:onNext(255)) - client-8CDCEDECFFE4->3f4de2de-7d09-498f-aead-42327df81d94: receive RaftClientReply:client-8CDCEDECFFE4->3f4de2de-7d09-498f-aead-42327df81d94@group-C7908E81CC6B, cid=4250, SUCCESS, logIndex=6047, commits[3f4de2de-7d09-498f-aead-42327df81d94:c6050]
2019-08-05 04:38:43,594 INFO  client.GrpcClientProtocolClient (GrpcClientProtocolClient.java:onNext(255)) - client-8CDCEDECFFE4->3f4de2de-7d09-498f-aead-42327df81d94: receive RaftClientReply:client-8CDCEDECFFE4->3f4de2de-7d09-498f-aead-42327df81d94@group-C7908E81CC6B, cid=4251, SUCCESS, logIndex=6048, commits[3f4de2de-7d09-498f-aead-42327df81d94:c6050]
2019-08-05 04:38:43,594 INFO  client.GrpcClientProtocolClient (GrpcClientProtocolClient.java:onNext(255)) - client-8CDCEDECFFE4->3f4de2de-7d09-498f-aead-42327df81d94: receive RaftClientReply:client-8CDCEDECFFE4->3f4de2de-7d09-498f-aead-42327df81d94@group-C7908E81CC6B, cid=4252, SUCCESS, logIndex=6049, commits[3f4de2de-7d09-498f-aead-42327df81d94:c6050]
2019-08-05 04:38:43,622 DEBUG block.SCMBlockDeletingService (SCMBlockDeletingService.java:call(138)) - Running DeletedBlockTransactionScanner
2019-08-05 04:38:43,622 DEBUG block.SCMBlockDeletingService (SCMBlockDeletingService.java:call(155)) - Scanned deleted blocks log and got 0 delTX to process.
2019-08-05 04:38:43,671 INFO  client.GrpcClientProtocolClient (GrpcClientProtocolClient.java:onNext(255)) - client-8CDCEDECFFE4->3f4de2de-7d09-498f-aead-42327df81d94: receive RaftClientReply:client-8CDCEDECFFE4->3f4de2de-7d09-498f-aead-42327df81d94@group-C7908E81CC6B, cid=4253, SUCCESS, logIndex=6051, commits[3f4de2de-7d09-498f-aead-42327df81d94:c6054]
2019-08-05 04:38:43,672 INFO  client.GrpcClientProtocolClient (GrpcClientProtocolClient.java:onNext(255)) - client-8CDCEDECFFE4->3f4de2de-7d09-498f-aead-42327df81d94: receive RaftClientReply:client-8CDCEDECFFE4->3f4de2de-7d09-498f-aead-42327df81d94@group-C7908E81CC6B, cid=4254, SUCCESS, logIndex=6052, commits[3f4de2de-7d09-498f-aead-42327df81d94:c6055]
2019-08-05 04:38:43,672 INFO  client.GrpcClientProtocolClient (GrpcClientProtocolClient.java:onNext(255)) - client-8CDCEDECFFE4->3f4de2de-7d09-498f-aead-42327df81d94: receive RaftClientReply:client-8CDCEDECFFE4->3f4de2de-7d09-498f-aead-42327df81d94@group-C7908E81CC6B, cid=4255, SUCCESS, logIndex=6053, commits[3f4de2de-7d09-498f-aead-42327df81d94:c6055]
2019-08-05 04:38:43,672 INFO  client.GrpcClientProtocolClient (GrpcClientProtocolClient.java:onNext(255)) - client-8CDCEDECFFE4->3f4de2de-7d09-498f-aead-42327df81d94: receive RaftClientReply:client-8CDCEDECFFE4->3f4de2de-7d09-498f-aead-42327df81d94@group-C7908E81CC6B, cid=4256, SUCCESS, logIndex=6054, commits[3f4de2de-7d09-498f-aead-42327df81d94:c6055]
2019-08-05 04:38:43,706 INFO  client.GrpcClientProtocolClient (GrpcClientProtocolClient.java:onNext(255)) - client-8CDCEDECFFE4->3f4de2de-7d09-498f-aead-42327df81d94: receive RaftClientReply:client-8CDCEDECFFE4->3f4de2de-7d09-498f-aead-42327df81d94@group-C7908E81CC6B, cid=4257, SUCCESS, logIndex=6056, commits[3f4de2de-7d09-498f-aead-42327df81d94:c6057]
2019-08-05 04:38:43,707 INFO  client.GrpcClientProtocolClient (GrpcClientProtocolClient.java:onNext(255)) - client-8CDCEDECFFE4->3f4de2de-7d09-498f-aead-42327df81d94: receive RaftClientReply:client-8CDCEDECFFE4->3f4de2de-7d09-498f-aead-42327df81d94@group-C7908E81CC6B, cid=4258, SUCCESS, logIndex=6057, commits[3f4de2de-7d09-498f-aead-42327df81d94:c6059]
2019-08-05 04:38:43,708 INFO  client.GrpcClientProtocolClient (GrpcClientProtocolClient.java:onNext(255)) - client-8CDCEDECFFE4->3f4de2de-7d09-498f-aead-42327df81d94: receive RaftClientReply:client-8CDCEDECFFE4->3f4de2de-7d09-498f-aead-42327df81d94@group-C7908E81CC6B, cid=4259, SUCCESS, logIndex=6058, commits[3f4de2de-7d09-498f-aead-42327df81d94:c6060]
2019-08-05 04:38:43,708 INFO  client.GrpcClientProtocolClient (GrpcClientProtocolClient.java:onNext(255)) - client-8CDCEDECFFE4->3f4de2de-7d09-498f-aead-42327df81d94: receive RaftClientReply:client-8CDCEDECFFE4->3f4de2de-7d09-498f-aead-42327df81d94@group-C7908E81CC6B, cid=4260, SUCCESS, logIndex=6059, commits[3f4de2de-7d09-498f-aead-42327df81d94:c6061]
2019-08-05 04:38:43,722 DEBUG block.SCMBlockDeletingService (SCMBlockDeletingService.java:call(138)) - Running DeletedBlockTransactionScanner
2019-08-05 04:38:43,723 DEBUG block.SCMBlockDeletingService (SCMBlockDeletingService.java:call(155)) - Scanned deleted blocks log and got 0 delTX to process.
2019-08-05 04:38:43,728 INFO  client.GrpcClientProtocolClient (GrpcClientProtocolClient.java:onNext(255)) - client-8CDCEDECFFE4->3f4de2de-7d09-498f-aead-42327df81d94: receive RaftClientReply:client-8CDCEDECFFE4->3f4de2de-7d09-498f-aead-42327df81d94@group-C7908E81CC6B, cid=4261, SUCCESS, logIndex=6062, commits[3f4de2de-7d09-498f-aead-42327df81d94:c6063]
2019-08-05 04:38:43,729 INFO  client.GrpcClientProtocolClient (GrpcClientProtocolClient.java:onNext(255)) - client-8CDCEDECFFE4->3f4de2de-7d09-498f-aead-42327df81d94: receive RaftClientReply:client-8CDCEDECFFE4->3f4de2de-7d09-498f-aead-42327df81d94@group-C7908E81CC6B, cid=4262, SUCCESS, logIndex=6063, commits[3f4de2de-7d09-498f-aead-42327df81d94:c6063]
2019-08-05 04:38:43,730 INFO  client.GrpcClientProtocolClient (GrpcClientProtocolClient.java:onNext(255)) - client-8CDCEDECFFE4->3f4de2de-7d09-498f-aead-42327df81d94: receive RaftClientReply:client-8CDCEDECFFE4->3f4de2de-7d09-498f-aead-42327df81d94@group-C7908E81CC6B, cid=4263, SUCCESS, logIndex=6064, commits[3f4de2de-7d09-498f-aead-42327df81d94:c6065]
2019-08-05 04:38:43,731 INFO  client.GrpcClientProtocolClient (GrpcClientProtocolClient.java:onNext(255)) - client-8CDCEDECFFE4->3f4de2de-7d09-498f-aead-42327df81d94: receive RaftClientReply:client-8CDCEDECFFE4->3f4de2de-7d09-498f-aead-42327df81d94@group-C7908E81CC6B, cid=4264, SUCCESS, logIndex=6065, commits[3f4de2de-7d09-498f-aead-42327df81d94:c6065]
2019-08-05 04:38:43,765 INFO  client.GrpcClientProtocolClient (GrpcClientProtocolClient.java:onNext(255)) - client-8CDCEDECFFE4->3f4de2de-7d09-498f-aead-42327df81d94: receive RaftClientReply:client-8CDCEDECFFE4->3f4de2de-7d09-498f-aead-42327df81d94@group-C7908E81CC6B, cid=4265, SUCCESS, logIndex=6068, commits[3f4de2de-7d09-498f-aead-42327df81d94:c6071]
2019-08-05 04:38:43,766 INFO  client.GrpcClientProtocolClient (GrpcClientProtocolClient.java:onNext(255)) - client-8CDCEDECFFE4->3f4de2de-7d09-498f-aead-42327df81d94: receive RaftClientReply:client-8CDCEDECFFE4->3f4de2de-7d09-498f-aead-42327df81d94@group-C7908E81CC6B, cid=4266, SUCCESS, logIndex=6069, commits[3f4de2de-7d09-498f-aead-42327df81d94:c6071]
2019-08-05 04:38:43,766 INFO  client.GrpcClientProtocolClient (GrpcClientProtocolClient.java:onNext(255)) - client-8CDCEDECFFE4->3f4de2de-7d09-498f-aead-42327df81d94: receive RaftClientReply:client-8CDCEDECFFE4->3f4de2de-7d09-498f-aead-42327df81d94@group-C7908E81CC6B, cid=4267, SUCCESS, logIndex=6070, commits[3f4de2de-7d09-498f-aead-42327df81d94:c6072]
2019-08-05 04:38:43,766 INFO  client.GrpcClientProtocolClient (GrpcClientProtocolClient.java:onNext(255)) - client-8CDCEDECFFE4->3f4de2de-7d09-498f-aead-42327df81d94: receive RaftClientReply:client-8CDCEDECFFE4->3f4de2de-7d09-498f-aead-42327df81d94@group-C7908E81CC6B, cid=4268, SUCCESS, logIndex=6071, commits[3f4de2de-7d09-498f-aead-42327df81d94:c6073]
2019-08-05 04:38:43,789 INFO  client.GrpcClientProtocolClient (GrpcClientProtocolClient.java:onNext(255)) - client-8CDCEDECFFE4->3f4de2de-7d09-498f-aead-42327df81d94: receive RaftClientReply:client-8CDCEDECFFE4->3f4de2de-7d09-498f-aead-42327df81d94@group-C7908E81CC6B, cid=4269, SUCCESS, logIndex=6074, commits[3f4de2de-7d09-498f-aead-42327df81d94:c6075]
2019-08-05 04:38:43,789 INFO  client.GrpcClientProtocolClient (GrpcClientProtocolClient.java:onNext(255)) - client-8CDCEDECFFE4->3f4de2de-7d09-498f-aead-42327df81d94: receive RaftClientReply:client-8CDCEDECFFE4->3f4de2de-7d09-498f-aead-42327df81d94@group-C7908E81CC6B, cid=4270, SUCCESS, logIndex=6075, commits[3f4de2de-7d09-498f-aead-42327df81d94:c6077]
2019-08-05 04:38:43,789 INFO  client.GrpcClientProtocolClient (GrpcClientProtocolClient.java:onNext(255)) - client-8CDCEDECFFE4->3f4de2de-7d09-498f-aead-42327df81d94: receive RaftClientReply:client-8CDCEDECFFE4->3f4de2de-7d09-498f-aead-42327df81d94@group-C7908E81CC6B, cid=4271, SUCCESS, logIndex=6076, commits[3f4de2de-7d09-498f-aead-42327df81d94:c6078]
2019-08-05 04:38:43,790 INFO  client.GrpcClientProtocolClient (GrpcClientProtocolClient.java:onNext(255)) - client-8CDCEDECFFE4->3f4de2de-7d09-498f-aead-42327df81d94: receive RaftClientReply:client-8CDCEDECFFE4->3f4de2de-7d09-498f-aead-42327df81d94@group-C7908E81CC6B, cid=4272, SUCCESS, logIndex=6077, commits[3f4de2de-7d09-498f-aead-42327df81d94:c6078]
2019-08-05 04:38:43,822 INFO  client.GrpcClientProtocolClient (GrpcClientProtocolClient.java:onNext(255)) - client-8CDCEDECFFE4->3f4de2de-7d09-498f-aead-42327df81d94: receive RaftClientReply:client-8CDCEDECFFE4->3f4de2de-7d09-498f-aead-42327df81d94@group-C7908E81CC6B, cid=4273, SUCCESS, logIndex=6080, commits[3f4de2de-7d09-498f-aead-42327df81d94:c6081]
2019-08-05 04:38:43,823 INFO  client.GrpcClientProtocolClient (GrpcClientProtocolClient.java:onNext(255)) - client-8CDCEDECFFE4->3f4de2de-7d09-498f-aead-42327df81d94: receive RaftClientReply:client-8CDCEDECFFE4->3f4de2de-7d09-498f-aead-42327df81d94@group-C7908E81CC6B, cid=4274, SUCCESS, logIndex=6081, commits[3f4de2de-7d09-498f-aead-42327df81d94:c6081]
2019-08-05 04:38:43,823 DEBUG block.SCMBlockDeletingService (SCMBlockDeletingService.java:call(138)) - Running DeletedBlockTransactionScanner
2019-08-05 04:38:43,823 DEBUG block.SCMBlockDeletingService (SCMBlockDeletingService.java:call(155)) - Scanned deleted blocks log and got 0 delTX to process.
2019-08-05 04:38:43,824 INFO  client.GrpcClientProtocolClient (GrpcClientProtocolClient.java:onNext(255)) - client-8CDCEDECFFE4->3f4de2de-7d09-498f-aead-42327df81d94: receive RaftClientReply:client-8CDCEDECFFE4->3f4de2de-7d09-498f-aead-42327df81d94@group-C7908E81CC6B, cid=4275, SUCCESS, logIndex=6082, commits[3f4de2de-7d09-498f-aead-42327df81d94:c6083]
2019-08-05 04:38:43,824 INFO  client.GrpcClientProtocolClient (GrpcClientProtocolClient.java:onNext(255)) - client-8CDCEDECFFE4->3f4de2de-7d09-498f-aead-42327df81d94: receive RaftClientReply:client-8CDCEDECFFE4->3f4de2de-7d09-498f-aead-42327df81d94@group-C7908E81CC6B, cid=4276, SUCCESS, logIndex=6083, commits[3f4de2de-7d09-498f-aead-42327df81d94:c6083]
2019-08-05 04:38:43,837 INFO  client.GrpcClientProtocolClient (GrpcClientProtocolClient.java:onNext(255)) - client-8CDCEDECFFE4->3f4de2de-7d09-498f-aead-42327df81d94: receive RaftClientReply:client-8CDCEDECFFE4->3f4de2de-7d09-498f-aead-42327df81d94@group-C7908E81CC6B, cid=4277, SUCCESS, logIndex=6086, commits[3f4de2de-7d09-498f-aead-42327df81d94:c6089]
2019-08-05 04:38:43,838 INFO  client.GrpcClientProtocolClient (GrpcClientProtocolClient.java:onNext(255)) - client-8CDCEDECFFE4->3f4de2de-7d09-498f-aead-42327df81d94: receive RaftClientReply:client-8CDCEDECFFE4->3f4de2de-7d09-498f-aead-42327df81d94@group-C7908E81CC6B, cid=4278, SUCCESS, logIndex=6087, commits[3f4de2de-7d09-498f-aead-42327df81d94:c6089]
2019-08-05 04:38:43,838 INFO  client.GrpcClientProtocolClient (GrpcClientProtocolClient.java:onNext(255)) - client-8CDCEDECFFE4->3f4de2de-7d09-498f-aead-42327df81d94: receive RaftClientReply:client-8CDCEDECFFE4->3f4de2de-7d09-498f-aead-42327df81d94@group-C7908E81CC6B, cid=4279, SUCCESS, logIndex=6088, commits[3f4de2de-7d09-498f-aead-42327df81d94:c6089]
2019-08-05 04:38:43,838 INFO  client.GrpcClientProtocolClient (GrpcClientProtocolClient.java:onNext(255)) - client-8CDCEDECFFE4->3f4de2de-7d09-498f-aead-42327df81d94: receive RaftClientReply:client-8CDCEDECFFE4->3f4de2de-7d09-498f-aead-42327df81d94@group-C7908E81CC6B, cid=4280, SUCCESS, logIndex=6089, commits[3f4de2de-7d09-498f-aead-42327df81d94:c6089]
2019-08-05 04:38:43,871 INFO  client.GrpcClientProtocolClient (GrpcClientProtocolClient.java:onNext(255)) - client-8CDCEDECFFE4->3f4de2de-7d09-498f-aead-42327df81d94: receive RaftClientReply:client-8CDCEDECFFE4->3f4de2de-7d09-498f-aead-42327df81d94@group-C7908E81CC6B, cid=4281, SUCCESS, logIndex=6091, commits[3f4de2de-7d09-498f-aead-42327df81d94:c6094]
2019-08-05 04:38:43,871 INFO  client.GrpcClientProtocolClient (GrpcClientProtocolClient.java:onNext(255)) - client-8CDCEDECFFE4->3f4de2de-7d09-498f-aead-42327df81d94: receive RaftClientReply:client-8CDCEDECFFE4->3f4de2de-7d09-498f-aead-42327df81d94@group-C7908E81CC6B, cid=4282, SUCCESS, logIndex=6092, commits[3f4de2de-7d09-498f-aead-42327df81d94:c6094]
2019-08-05 04:38:43,872 INFO  client.GrpcClientProtocolClient (GrpcClientProtocolClient.java:onNext(255)) - client-8CDCEDECFFE4->3f4de2de-7d09-498f-aead-42327df81d94: receive RaftClientReply:client-8CDCEDECFFE4->3f4de2de-7d09-498f-aead-42327df81d94@group-C7908E81CC6B, cid=4283, SUCCESS, logIndex=6093, commits[3f4de2de-7d09-498f-aead-42327df81d94:c6095]
2019-08-05 04:38:43,872 INFO  client.GrpcClientProtocolClient (GrpcClientProtocolClient.java:onNext(255)) - client-8CDCEDECFFE4->3f4de2de-7d09-498f-aead-42327df81d94: receive RaftClientReply:client-8CDCEDECFFE4->3f4de2de-7d09-498f-aead-42327df81d94@group-C7908E81CC6B, cid=4284, SUCCESS, logIndex=6094, commits[3f4de2de-7d09-498f-aead-42327df81d94:c6095]
2019-08-05 04:38:43,932 DEBUG block.SCMBlockDeletingService (SCMBlockDeletingService.java:call(138)) - Running DeletedBlockTransactionScanner
2019-08-05 04:38:43,932 DEBUG block.SCMBlockDeletingService (SCMBlockDeletingService.java:call(155)) - Scanned deleted blocks log and got 0 delTX to process.
2019-08-05 04:38:43,949 INFO  client.GrpcClientProtocolClient (GrpcClientProtocolClient.java:onNext(255)) - client-8CDCEDECFFE4->3f4de2de-7d09-498f-aead-42327df81d94: receive RaftClientReply:client-8CDCEDECFFE4->3f4de2de-7d09-498f-aead-42327df81d94@group-C7908E81CC6B, cid=4285, SUCCESS, logIndex=6096, commits[3f4de2de-7d09-498f-aead-42327df81d94:c6097]
2019-08-05 04:38:43,949 INFO  client.GrpcClientProtocolClient (GrpcClientProtocolClient.java:onNext(255)) - client-8CDCEDECFFE4->3f4de2de-7d09-498f-aead-42327df81d94: receive RaftClientReply:client-8CDCEDECFFE4->3f4de2de-7d09-498f-aead-42327df81d94@group-C7908E81CC6B, cid=4286, SUCCESS, logIndex=6097, commits[3f4de2de-7d09-498f-aead-42327df81d94:c6098]
2019-08-05 04:38:44,032 DEBUG block.SCMBlockDeletingService (SCMBlockDeletingService.java:call(138)) - Running DeletedBlockTransactionScanner
2019-08-05 04:38:44,033 DEBUG block.SCMBlockDeletingService (SCMBlockDeletingService.java:call(155)) - Scanned deleted blocks log and got 0 delTX to process.
2019-08-05 04:38:44,036 INFO  client.GrpcClientProtocolClient (GrpcClientProtocolClient.java:onNext(255)) - client-8CDCEDECFFE4->3f4de2de-7d09-498f-aead-42327df81d94: receive RaftClientReply:client-8CDCEDECFFE4->3f4de2de-7d09-498f-aead-42327df81d94@group-C7908E81CC6B, cid=4287, SUCCESS, logIndex=6099, commits[3f4de2de-7d09-498f-aead-42327df81d94:c6100]
2019-08-05 04:38:44,036 INFO  client.GrpcClientProtocolClient (GrpcClientProtocolClient.java:onNext(255)) - client-8CDCEDECFFE4->3f4de2de-7d09-498f-aead-42327df81d94: receive RaftClientReply:client-8CDCEDECFFE4->3f4de2de-7d09-498f-aead-42327df81d94@group-C7908E81CC6B, cid=4288, SUCCESS, logIndex=6100, commits[3f4de2de-7d09-498f-aead-42327df81d94:c6101]
2019-08-05 04:38:44,066 INFO  client.GrpcClientProtocolClient (GrpcClientProtocolClient.java:onNext(255)) - client-8CDCEDECFFE4->3f4de2de-7d09-498f-aead-42327df81d94: receive RaftClientReply:client-8CDCEDECFFE4->3f4de2de-7d09-498f-aead-42327df81d94@group-C7908E81CC6B, cid=4289, SUCCESS, logIndex=6102, commits[3f4de2de-7d09-498f-aead-42327df81d94:c6105]
2019-08-05 04:38:44,066 INFO  client.GrpcClientProtocolClient (GrpcClientProtocolClient.java:onNext(255)) - client-8CDCEDECFFE4->3f4de2de-7d09-498f-aead-42327df81d94: receive RaftClientReply:client-8CDCEDECFFE4->3f4de2de-7d09-498f-aead-42327df81d94@group-C7908E81CC6B, cid=4290, SUCCESS, logIndex=6103, commits[3f4de2de-7d09-498f-aead-42327df81d94:c6106]
2019-08-05 04:38:44,067 INFO  client.GrpcClientProtocolClient (GrpcClientProtocolClient.java:onNext(255)) - client-8CDCEDECFFE4->3f4de2de-7d09-498f-aead-42327df81d94: receive RaftClientReply:client-8CDCEDECFFE4->3f4de2de-7d09-498f-aead-42327df81d94@group-C7908E81CC6B, cid=4291, SUCCESS, logIndex=6104, commits[3f4de2de-7d09-498f-aead-42327df81d94:c6106]
2019-08-05 04:38:44,067 INFO  client.GrpcClientProtocolClient (GrpcClientProtocolClient.java:onNext(255)) - client-8CDCEDECFFE4->3f4de2de-7d09-498f-aead-42327df81d94: receive RaftClientReply:client-8CDCEDECFFE4->3f4de2de-7d09-498f-aead-42327df81d94@group-C7908E81CC6B, cid=4292, SUCCESS, logIndex=6105, commits[3f4de2de-7d09-498f-aead-42327df81d94:c6106]
2019-08-05 04:38:44,087 INFO  client.GrpcClientProtocolClient (GrpcClientProtocolClient.java:onNext(255)) - client-8CDCEDECFFE4->3f4de2de-7d09-498f-aead-42327df81d94: receive RaftClientReply:client-8CDCEDECFFE4->3f4de2de-7d09-498f-aead-42327df81d94@group-C7908E81CC6B, cid=4293, SUCCESS, logIndex=6107, commits[3f4de2de-7d09-498f-aead-42327df81d94:c6110]
2019-08-05 04:38:44,087 INFO  client.GrpcClientProtocolClient (GrpcClientProtocolClient.java:onNext(255)) - client-8CDCEDECFFE4->3f4de2de-7d09-498f-aead-42327df81d94: receive RaftClientReply:client-8CDCEDECFFE4->3f4de2de-7d09-498f-aead-42327df81d94@group-C7908E81CC6B, cid=4294, SUCCESS, logIndex=6108, commits[3f4de2de-7d09-498f-aead-42327df81d94:c6110]
2019-08-05 04:38:44,087 INFO  client.GrpcClientProtocolClient (GrpcClientProtocolClient.java:onNext(255)) - client-8CDCEDECFFE4->3f4de2de-7d09-498f-aead-42327df81d94: receive RaftClientReply:client-8CDCEDECFFE4->3f4de2de-7d09-498f-aead-42327df81d94@group-C7908E81CC6B, cid=4295, SUCCESS, logIndex=6109, commits[3f4de2de-7d09-498f-aead-42327df81d94:c6111]
2019-08-05 04:38:44,087 INFO  client.GrpcClientProtocolClient (GrpcClientProtocolClient.java:onNext(255)) - client-8CDCEDECFFE4->3f4de2de-7d09-498f-aead-42327df81d94: receive RaftClientReply:client-8CDCEDECFFE4->3f4de2de-7d09-498f-aead-42327df81d94@group-C7908E81CC6B, cid=4296, SUCCESS, logIndex=6110, commits[3f4de2de-7d09-498f-aead-42327df81d94:c6111]
2019-08-05 04:38:44,121 INFO  client.GrpcClientProtocolClient (GrpcClientProtocolClient.java:onNext(255)) - client-8CDCEDECFFE4->3f4de2de-7d09-498f-aead-42327df81d94: receive RaftClientReply:client-8CDCEDECFFE4->3f4de2de-7d09-498f-aead-42327df81d94@group-C7908E81CC6B, cid=4297, SUCCESS, logIndex=6112, commits[3f4de2de-7d09-498f-aead-42327df81d94:c6113]
2019-08-05 04:38:44,122 INFO  client.GrpcClientProtocolClient (GrpcClientProtocolClient.java:onNext(255)) - client-8CDCEDECFFE4->3f4de2de-7d09-498f-aead-42327df81d94: receive RaftClientReply:client-8CDCEDECFFE4->3f4de2de-7d09-498f-aead-42327df81d94@group-C7908E81CC6B, cid=4298, SUCCESS, logIndex=6113, commits[3f4de2de-7d09-498f-aead-42327df81d94:c6113]
2019-08-05 04:38:44,123 INFO  client.GrpcClientProtocolClient (GrpcClientProtocolClient.java:onNext(255)) - client-8CDCEDECFFE4->3f4de2de-7d09-498f-aead-42327df81d94: receive RaftClientReply:client-8CDCEDECFFE4->3f4de2de-7d09-498f-aead-42327df81d94@group-C7908E81CC6B, cid=4299, SUCCESS, logIndex=6114, commits[3f4de2de-7d09-498f-aead-42327df81d94:c6115]
2019-08-05 04:38:44,124 INFO  client.GrpcClientProtocolClient (GrpcClientProtocolClient.java:onNext(255)) - client-8CDCEDECFFE4->3f4de2de-7d09-498f-aead-42327df81d94: receive RaftClientReply:client-8CDCEDECFFE4->3f4de2de-7d09-498f-aead-42327df81d94@group-C7908E81CC6B, cid=4300, SUCCESS, logIndex=6115, commits[3f4de2de-7d09-498f-aead-42327df81d94:c6115]
2019-08-05 04:38:44,133 DEBUG block.SCMBlockDeletingService (SCMBlockDeletingService.java:call(138)) - Running DeletedBlockTransactionScanner
2019-08-05 04:38:44,133 DEBUG block.SCMBlockDeletingService (SCMBlockDeletingService.java:call(155)) - Scanned deleted blocks log and got 0 delTX to process.
2019-08-05 04:38:44,137 INFO  client.GrpcClientProtocolClient (GrpcClientProtocolClient.java:onNext(255)) - client-8CDCEDECFFE4->3f4de2de-7d09-498f-aead-42327df81d94: receive RaftClientReply:client-8CDCEDECFFE4->3f4de2de-7d09-498f-aead-42327df81d94@group-C7908E81CC6B, cid=4301, SUCCESS, logIndex=6118, commits[3f4de2de-7d09-498f-aead-42327df81d94:c6121]
2019-08-05 04:38:44,137 INFO  client.GrpcClientProtocolClient (GrpcClientProtocolClient.java:onNext(255)) - client-8CDCEDECFFE4->3f4de2de-7d09-498f-aead-42327df81d94: receive RaftClientReply:client-8CDCEDECFFE4->3f4de2de-7d09-498f-aead-42327df81d94@group-C7908E81CC6B, cid=4302, SUCCESS, logIndex=6119, commits[3f4de2de-7d09-498f-aead-42327df81d94:c6121]
2019-08-05 04:38:44,137 INFO  client.GrpcClientProtocolClient (GrpcClientProtocolClient.java:onNext(255)) - client-8CDCEDECFFE4->3f4de2de-7d09-498f-aead-42327df81d94: receive RaftClientReply:client-8CDCEDECFFE4->3f4de2de-7d09-498f-aead-42327df81d94@group-C7908E81CC6B, cid=4303, SUCCESS, logIndex=6120, commits[3f4de2de-7d09-498f-aead-42327df81d94:c6121]
2019-08-05 04:38:44,138 INFO  client.GrpcClientProtocolClient (GrpcClientProtocolClient.java:onNext(255)) - client-8CDCEDECFFE4->3f4de2de-7d09-498f-aead-42327df81d94: receive RaftClientReply:client-8CDCEDECFFE4->3f4de2de-7d09-498f-aead-42327df81d94@group-C7908E81CC6B, cid=4304, SUCCESS, logIndex=6121, commits[3f4de2de-7d09-498f-aead-42327df81d94:c6121]
2019-08-05 04:38:44,170 INFO  client.GrpcClientProtocolClient (GrpcClientProtocolClient.java:onNext(255)) - client-8CDCEDECFFE4->3f4de2de-7d09-498f-aead-42327df81d94: receive RaftClientReply:client-8CDCEDECFFE4->3f4de2de-7d09-498f-aead-42327df81d94@group-C7908E81CC6B, cid=4305, SUCCESS, logIndex=6123, commits[3f4de2de-7d09-498f-aead-42327df81d94:c6124]
2019-08-05 04:38:44,171 INFO  client.GrpcClientProtocolClient (GrpcClientProtocolClient.java:onNext(255)) - client-8CDCEDECFFE4->3f4de2de-7d09-498f-aead-42327df81d94: receive RaftClientReply:client-8CDCEDECFFE4->3f4de2de-7d09-498f-aead-42327df81d94@group-C7908E81CC6B, cid=4306, SUCCESS, logIndex=6124, commits[3f4de2de-7d09-498f-aead-42327df81d94:c6124]
2019-08-05 04:38:44,172 INFO  client.GrpcClientProtocolClient (GrpcClientProtocolClient.java:onNext(255)) - client-8CDCEDECFFE4->3f4de2de-7d09-498f-aead-42327df81d94: receive RaftClientReply:client-8CDCEDECFFE4->3f4de2de-7d09-498f-aead-42327df81d94@group-C7908E81CC6B, cid=4307, SUCCESS, logIndex=6125, commits[3f4de2de-7d09-498f-aead-42327df81d94:c6126]
2019-08-05 04:38:44,173 INFO  client.GrpcClientProtocolClient (GrpcClientProtocolClient.java:onNext(255)) - client-8CDCEDECFFE4->3f4de2de-7d09-498f-aead-42327df81d94: receive RaftClientReply:client-8CDCEDECFFE4->3f4de2de-7d09-498f-aead-42327df81d94@group-C7908E81CC6B, cid=4308, SUCCESS, logIndex=6126, commits[3f4de2de-7d09-498f-aead-42327df81d94:c6126]
2019-08-05 04:38:44,195 INFO  client.GrpcClientProtocolClient (GrpcClientProtocolClient.java:onNext(255)) - client-8CDCEDECFFE4->3f4de2de-7d09-498f-aead-42327df81d94: receive RaftClientReply:client-8CDCEDECFFE4->3f4de2de-7d09-498f-aead-42327df81d94@group-C7908E81CC6B, cid=4309, SUCCESS, logIndex=6129, commits[3f4de2de-7d09-498f-aead-42327df81d94:c6132]
2019-08-05 04:38:44,195 INFO  client.GrpcClientProtocolClient (GrpcClientProtocolClient.java:onNext(255)) - client-8CDCEDECFFE4->3f4de2de-7d09-498f-aead-42327df81d94: receive RaftClientReply:client-8CDCEDECFFE4->3f4de2de-7d09-498f-aead-42327df81d94@group-C7908E81CC6B, cid=4310, SUCCESS, logIndex=6130, commits[3f4de2de-7d09-498f-aead-42327df81d94:c6133]
2019-08-05 04:38:44,196 INFO  client.GrpcClientProtocolClient (GrpcClientProtocolClient.java:onNext(255)) - client-8CDCEDECFFE4->3f4de2de-7d09-498f-aead-42327df81d94: receive RaftClientReply:client-8CDCEDECFFE4->3f4de2de-7d09-498f-aead-42327df81d94@group-C7908E81CC6B, cid=4311, SUCCESS, logIndex=6131, commits[3f4de2de-7d09-498f-aead-42327df81d94:c6133]
2019-08-05 04:38:44,196 INFO  client.GrpcClientProtocolClient (GrpcClientProtocolClient.java:onNext(255)) - client-8CDCEDECFFE4->3f4de2de-7d09-498f-aead-42327df81d94: receive RaftClientReply:client-8CDCEDECFFE4->3f4de2de-7d09-498f-aead-42327df81d94@group-C7908E81CC6B, cid=4312, SUCCESS, logIndex=6132, commits[3f4de2de-7d09-498f-aead-42327df81d94:c6133]
2019-08-05 04:38:44,234 DEBUG block.SCMBlockDeletingService (SCMBlockDeletingService.java:call(138)) - Running DeletedBlockTransactionScanner
2019-08-05 04:38:44,234 DEBUG block.SCMBlockDeletingService (SCMBlockDeletingService.java:call(155)) - Scanned deleted blocks log and got 0 delTX to process.
2019-08-05 04:38:44,334 DEBUG block.SCMBlockDeletingService (SCMBlockDeletingService.java:call(138)) - Running DeletedBlockTransactionScanner
2019-08-05 04:38:44,335 DEBUG block.SCMBlockDeletingService (SCMBlockDeletingService.java:call(155)) - Scanned deleted blocks log and got 0 delTX to process.
2019-08-05 04:38:44,435 DEBUG block.SCMBlockDeletingService (SCMBlockDeletingService.java:call(138)) - Running DeletedBlockTransactionScanner
2019-08-05 04:38:44,435 DEBUG block.SCMBlockDeletingService (SCMBlockDeletingService.java:call(155)) - Scanned deleted blocks log and got 0 delTX to process.
2019-08-05 04:38:44,536 DEBUG block.SCMBlockDeletingService (SCMBlockDeletingService.java:call(138)) - Running DeletedBlockTransactionScanner
2019-08-05 04:38:44,536 DEBUG block.SCMBlockDeletingService (SCMBlockDeletingService.java:call(155)) - Scanned deleted blocks log and got 0 delTX to process.
2019-08-05 04:38:44,636 DEBUG block.SCMBlockDeletingService (SCMBlockDeletingService.java:call(138)) - Running DeletedBlockTransactionScanner
2019-08-05 04:38:44,637 DEBUG block.SCMBlockDeletingService (SCMBlockDeletingService.java:call(155)) - Scanned deleted blocks log and got 0 delTX to process.
2019-08-05 04:38:44,737 DEBUG block.SCMBlockDeletingService (SCMBlockDeletingService.java:call(138)) - Running DeletedBlockTransactionScanner
2019-08-05 04:38:44,737 DEBUG block.SCMBlockDeletingService (SCMBlockDeletingService.java:call(155)) - Scanned deleted blocks log and got 0 delTX to process.
2019-08-05 04:38:44,837 DEBUG block.SCMBlockDeletingService (SCMBlockDeletingService.java:call(138)) - Running DeletedBlockTransactionScanner
2019-08-05 04:38:44,838 DEBUG block.SCMBlockDeletingService (SCMBlockDeletingService.java:call(155)) - Scanned deleted blocks log and got 0 delTX to process.
2019-08-05 04:38:44,938 DEBUG block.SCMBlockDeletingService (SCMBlockDeletingService.java:call(138)) - Running DeletedBlockTransactionScanner
2019-08-05 04:38:44,938 DEBUG block.SCMBlockDeletingService (SCMBlockDeletingService.java:call(155)) - Scanned deleted blocks log and got 0 delTX to process.
2019-08-05 04:38:45,039 DEBUG block.SCMBlockDeletingService (SCMBlockDeletingService.java:call(138)) - Running DeletedBlockTransactionScanner
2019-08-05 04:38:45,039 DEBUG block.SCMBlockDeletingService (SCMBlockDeletingService.java:call(155)) - Scanned deleted blocks log and got 0 delTX to process.
2019-08-05 04:38:45,139 DEBUG block.SCMBlockDeletingService (SCMBlockDeletingService.java:call(138)) - Running DeletedBlockTransactionScanner
2019-08-05 04:38:45,140 DEBUG block.SCMBlockDeletingService (SCMBlockDeletingService.java:call(155)) - Scanned deleted blocks log and got 0 delTX to process.
2019-08-05 04:38:45,240 DEBUG block.SCMBlockDeletingService (SCMBlockDeletingService.java:call(138)) - Running DeletedBlockTransactionScanner
2019-08-05 04:38:45,240 DEBUG block.SCMBlockDeletingService (SCMBlockDeletingService.java:call(155)) - Scanned deleted blocks log and got 0 delTX to process.
2019-08-05 04:38:45,341 DEBUG block.SCMBlockDeletingService (SCMBlockDeletingService.java:call(138)) - Running DeletedBlockTransactionScanner
2019-08-05 04:38:45,341 DEBUG block.SCMBlockDeletingService (SCMBlockDeletingService.java:call(155)) - Scanned deleted blocks log and got 0 delTX to process.
2019-08-05 04:38:45,441 DEBUG block.SCMBlockDeletingService (SCMBlockDeletingService.java:call(138)) - Running DeletedBlockTransactionScanner
2019-08-05 04:38:45,441 DEBUG block.SCMBlockDeletingService (SCMBlockDeletingService.java:call(155)) - Scanned deleted blocks log and got 0 delTX to process.
2019-08-05 04:38:45,483 INFO  client.GrpcClientProtocolClient (GrpcClientProtocolClient.java:onNext(255)) - client-8CDCEDECFFE4->3f4de2de-7d09-498f-aead-42327df81d94: receive RaftClientReply:client-8CDCEDECFFE4->3f4de2de-7d09-498f-aead-42327df81d94@group-C7908E81CC6B, cid=4313, SUCCESS, logIndex=6134, commits[3f4de2de-7d09-498f-aead-42327df81d94:c6135]
2019-08-05 04:38:45,484 INFO  client.GrpcClientProtocolClient (GrpcClientProtocolClient.java:onNext(255)) - client-8CDCEDECFFE4->3f4de2de-7d09-498f-aead-42327df81d94: receive RaftClientReply:client-8CDCEDECFFE4->3f4de2de-7d09-498f-aead-42327df81d94@group-C7908E81CC6B, cid=4314, SUCCESS, logIndex=6135, commits[3f4de2de-7d09-498f-aead-42327df81d94:c6135]
2019-08-05 04:38:45,542 DEBUG block.SCMBlockDeletingService (SCMBlockDeletingService.java:call(138)) - Running DeletedBlockTransactionScanner
2019-08-05 04:38:45,542 DEBUG block.SCMBlockDeletingService (SCMBlockDeletingService.java:call(155)) - Scanned deleted blocks log and got 0 delTX to process.
2019-08-05 04:38:45,643 DEBUG block.SCMBlockDeletingService (SCMBlockDeletingService.java:call(138)) - Running DeletedBlockTransactionScanner
2019-08-05 04:38:45,643 DEBUG block.SCMBlockDeletingService (SCMBlockDeletingService.java:call(155)) - Scanned deleted blocks log and got 0 delTX to process.
2019-08-05 04:38:45,743 DEBUG block.SCMBlockDeletingService (SCMBlockDeletingService.java:call(138)) - Running DeletedBlockTransactionScanner
2019-08-05 04:38:45,744 DEBUG block.SCMBlockDeletingService (SCMBlockDeletingService.java:call(155)) - Scanned deleted blocks log and got 0 delTX to process.
2019-08-05 04:38:45,844 DEBUG block.SCMBlockDeletingService (SCMBlockDeletingService.java:call(138)) - Running DeletedBlockTransactionScanner
2019-08-05 04:38:45,844 DEBUG block.SCMBlockDeletingService (SCMBlockDeletingService.java:call(155)) - Scanned deleted blocks log and got 0 delTX to process.
2019-08-05 04:38:45,945 DEBUG block.SCMBlockDeletingService (SCMBlockDeletingService.java:call(138)) - Running DeletedBlockTransactionScanner
2019-08-05 04:38:45,945 DEBUG block.SCMBlockDeletingService (SCMBlockDeletingService.java:call(155)) - Scanned deleted blocks log and got 0 delTX to process.
2019-08-05 04:38:46,045 DEBUG block.SCMBlockDeletingService (SCMBlockDeletingService.java:call(138)) - Running DeletedBlockTransactionScanner
2019-08-05 04:38:46,045 DEBUG block.SCMBlockDeletingService (SCMBlockDeletingService.java:call(155)) - Scanned deleted blocks log and got 0 delTX to process.
2019-08-05 04:38:46,146 DEBUG block.SCMBlockDeletingService (SCMBlockDeletingService.java:call(138)) - Running DeletedBlockTransactionScanner
2019-08-05 04:38:46,146 DEBUG block.SCMBlockDeletingService (SCMBlockDeletingService.java:call(155)) - Scanned deleted blocks log and got 0 delTX to process.
2019-08-05 04:38:46,246 DEBUG block.SCMBlockDeletingService (SCMBlockDeletingService.java:call(138)) - Running DeletedBlockTransactionScanner
2019-08-05 04:38:46,247 DEBUG block.SCMBlockDeletingService (SCMBlockDeletingService.java:call(155)) - Scanned deleted blocks log and got 0 delTX to process.
2019-08-05 04:38:46,345 INFO  client.GrpcClientProtocolClient (GrpcClientProtocolClient.java:onNext(255)) - client-8CDCEDECFFE4->3f4de2de-7d09-498f-aead-42327df81d94: receive RaftClientReply:client-8CDCEDECFFE4->3f4de2de-7d09-498f-aead-42327df81d94@group-C7908E81CC6B, cid=4315, SUCCESS, logIndex=6136, commits[3f4de2de-7d09-498f-aead-42327df81d94:c6137]
2019-08-05 04:38:46,346 INFO  client.GrpcClientProtocolClient (GrpcClientProtocolClient.java:onNext(255)) - client-8CDCEDECFFE4->3f4de2de-7d09-498f-aead-42327df81d94: receive RaftClientReply:client-8CDCEDECFFE4->3f4de2de-7d09-498f-aead-42327df81d94@group-C7908E81CC6B, cid=4316, SUCCESS, logIndex=6137, commits[3f4de2de-7d09-498f-aead-42327df81d94:c6139]
2019-08-05 04:38:46,347 DEBUG block.SCMBlockDeletingService (SCMBlockDeletingService.java:call(138)) - Running DeletedBlockTransactionScanner
2019-08-05 04:38:46,347 DEBUG block.SCMBlockDeletingService (SCMBlockDeletingService.java:call(155)) - Scanned deleted blocks log and got 0 delTX to process.
2019-08-05 04:38:46,369 INFO  client.GrpcClientProtocolClient (GrpcClientProtocolClient.java:onNext(255)) - client-8CDCEDECFFE4->3f4de2de-7d09-498f-aead-42327df81d94: receive RaftClientReply:client-8CDCEDECFFE4->3f4de2de-7d09-498f-aead-42327df81d94@group-C7908E81CC6B, cid=4317, SUCCESS, logIndex=6140, commits[3f4de2de-7d09-498f-aead-42327df81d94:c6141]
2019-08-05 04:38:46,370 INFO  client.GrpcClientProtocolClient (GrpcClientProtocolClient.java:onNext(255)) - client-8CDCEDECFFE4->3f4de2de-7d09-498f-aead-42327df81d94: receive RaftClientReply:client-8CDCEDECFFE4->3f4de2de-7d09-498f-aead-42327df81d94@group-C7908E81CC6B, cid=4318, SUCCESS, logIndex=6141, commits[3f4de2de-7d09-498f-aead-42327df81d94:c6143]
2019-08-05 04:38:46,370 INFO  client.GrpcClientProtocolClient (GrpcClientProtocolClient.java:onNext(255)) - client-8CDCEDECFFE4->3f4de2de-7d09-498f-aead-42327df81d94: receive RaftClientReply:client-8CDCEDECFFE4->3f4de2de-7d09-498f-aead-42327df81d94@group-C7908E81CC6B, cid=4319, SUCCESS, logIndex=6142, commits[3f4de2de-7d09-498f-aead-42327df81d94:c6144]
2019-08-05 04:38:46,370 INFO  client.GrpcClientProtocolClient (GrpcClientProtocolClient.java:onNext(255)) - client-8CDCEDECFFE4->3f4de2de-7d09-498f-aead-42327df81d94: receive RaftClientReply:client-8CDCEDECFFE4->3f4de2de-7d09-498f-aead-42327df81d94@group-C7908E81CC6B, cid=4320, SUCCESS, logIndex=6143, commits[3f4de2de-7d09-498f-aead-42327df81d94:c6144]
2019-08-05 04:38:46,398 INFO  client.GrpcClientProtocolClient (GrpcClientProtocolClient.java:onNext(255)) - client-8CDCEDECFFE4->3f4de2de-7d09-498f-aead-42327df81d94: receive RaftClientReply:client-8CDCEDECFFE4->3f4de2de-7d09-498f-aead-42327df81d94@group-C7908E81CC6B, cid=4321, SUCCESS, logIndex=6146, commits[3f4de2de-7d09-498f-aead-42327df81d94:c6147]
2019-08-05 04:38:46,399 INFO  client.GrpcClientProtocolClient (GrpcClientProtocolClient.java:onNext(255)) - client-8CDCEDECFFE4->3f4de2de-7d09-498f-aead-42327df81d94: receive RaftClientReply:client-8CDCEDECFFE4->3f4de2de-7d09-498f-aead-42327df81d94@group-C7908E81CC6B, cid=4322, SUCCESS, logIndex=6147, commits[3f4de2de-7d09-498f-aead-42327df81d94:c6149]
2019-08-05 04:38:46,399 INFO  client.GrpcClientProtocolClient (GrpcClientProtocolClient.java:onNext(255)) - client-8CDCEDECFFE4->3f4de2de-7d09-498f-aead-42327df81d94: receive RaftClientReply:client-8CDCEDECFFE4->3f4de2de-7d09-498f-aead-42327df81d94@group-C7908E81CC6B, cid=4323, SUCCESS, logIndex=6148, commits[3f4de2de-7d09-498f-aead-42327df81d94:c6150]
2019-08-05 04:38:46,400 INFO  client.GrpcClientProtocolClient (GrpcClientProtocolClient.java:onNext(255)) - client-8CDCEDECFFE4->3f4de2de-7d09-498f-aead-42327df81d94: receive RaftClientReply:client-8CDCEDECFFE4->3f4de2de-7d09-498f-aead-42327df81d94@group-C7908E81CC6B, cid=4324, SUCCESS, logIndex=6149, commits[3f4de2de-7d09-498f-aead-42327df81d94:c6150]
2019-08-05 04:38:46,426 INFO  client.GrpcClientProtocolClient (GrpcClientProtocolClient.java:onNext(255)) - client-8CDCEDECFFE4->3f4de2de-7d09-498f-aead-42327df81d94: receive RaftClientReply:client-8CDCEDECFFE4->3f4de2de-7d09-498f-aead-42327df81d94@group-C7908E81CC6B, cid=4325, SUCCESS, logIndex=6152, commits[3f4de2de-7d09-498f-aead-42327df81d94:c6153]
2019-08-05 04:38:46,427 INFO  client.GrpcClientProtocolClient (GrpcClientProtocolClient.java:onNext(255)) - client-8CDCEDECFFE4->3f4de2de-7d09-498f-aead-42327df81d94: receive RaftClientReply:client-8CDCEDECFFE4->3f4de2de-7d09-498f-aead-42327df81d94@group-C7908E81CC6B, cid=4326, SUCCESS, logIndex=6153, commits[3f4de2de-7d09-498f-aead-42327df81d94:c6153]
2019-08-05 04:38:46,427 INFO  client.GrpcClientProtocolClient (GrpcClientProtocolClient.java:onNext(255)) - client-8CDCEDECFFE4->3f4de2de-7d09-498f-aead-42327df81d94: receive RaftClientReply:client-8CDCEDECFFE4->3f4de2de-7d09-498f-aead-42327df81d94@group-C7908E81CC6B, cid=4327, SUCCESS, logIndex=6154, commits[3f4de2de-7d09-498f-aead-42327df81d94:c6155]
2019-08-05 04:38:46,427 INFO  client.GrpcClientProtocolClient (GrpcClientProtocolClient.java:onNext(255)) - client-8CDCEDECFFE4->3f4de2de-7d09-498f-aead-42327df81d94: receive RaftClientReply:client-8CDCEDECFFE4->3f4de2de-7d09-498f-aead-42327df81d94@group-C7908E81CC6B, cid=4328, SUCCESS, logIndex=6155, commits[3f4de2de-7d09-498f-aead-42327df81d94:c6155]
2019-08-05 04:38:46,448 DEBUG block.SCMBlockDeletingService (SCMBlockDeletingService.java:call(138)) - Running DeletedBlockTransactionScanner
2019-08-05 04:38:46,448 DEBUG block.SCMBlockDeletingService (SCMBlockDeletingService.java:call(155)) - Scanned deleted blocks log and got 0 delTX to process.
2019-08-05 04:38:46,472 INFO  client.GrpcClientProtocolClient (GrpcClientProtocolClient.java:onNext(255)) - client-8CDCEDECFFE4->3f4de2de-7d09-498f-aead-42327df81d94: receive RaftClientReply:client-8CDCEDECFFE4->3f4de2de-7d09-498f-aead-42327df81d94@group-C7908E81CC6B, cid=4329, SUCCESS, logIndex=6158, commits[3f4de2de-7d09-498f-aead-42327df81d94:c6161]
2019-08-05 04:38:46,473 INFO  client.GrpcClientProtocolClient (GrpcClientProtocolClient.java:onNext(255)) - client-8CDCEDECFFE4->3f4de2de-7d09-498f-aead-42327df81d94: receive RaftClientReply:client-8CDCEDECFFE4->3f4de2de-7d09-498f-aead-42327df81d94@group-C7908E81CC6B, cid=4330, SUCCESS, logIndex=6159, commits[3f4de2de-7d09-498f-aead-42327df81d94:c6161]
2019-08-05 04:38:46,473 INFO  client.GrpcClientProtocolClient (GrpcClientProtocolClient.java:onNext(255)) - client-8CDCEDECFFE4->3f4de2de-7d09-498f-aead-42327df81d94: receive RaftClientReply:client-8CDCEDECFFE4->3f4de2de-7d09-498f-aead-42327df81d94@group-C7908E81CC6B, cid=4331, SUCCESS, logIndex=6160, commits[3f4de2de-7d09-498f-aead-42327df81d94:c6162]
2019-08-05 04:38:46,474 INFO  client.GrpcClientProtocolClient (GrpcClientProtocolClient.java:onNext(255)) - client-8CDCEDECFFE4->3f4de2de-7d09-498f-aead-42327df81d94: receive RaftClientReply:client-8CDCEDECFFE4->3f4de2de-7d09-498f-aead-42327df81d94@group-C7908E81CC6B, cid=4332, SUCCESS, logIndex=6161, commits[3f4de2de-7d09-498f-aead-42327df81d94:c6163]
2019-08-05 04:38:46,549 DEBUG block.SCMBlockDeletingService (SCMBlockDeletingService.java:call(138)) - Running DeletedBlockTransactionScanner
2019-08-05 04:38:46,549 DEBUG block.SCMBlockDeletingService (SCMBlockDeletingService.java:call(155)) - Scanned deleted blocks log and got 0 delTX to process.
2019-08-05 04:38:46,611 INFO  client.GrpcClientProtocolClient (GrpcClientProtocolClient.java:onNext(255)) - client-8CDCEDECFFE4->3f4de2de-7d09-498f-aead-42327df81d94: receive RaftClientReply:client-8CDCEDECFFE4->3f4de2de-7d09-498f-aead-42327df81d94@group-C7908E81CC6B, cid=4333, SUCCESS, logIndex=6164, commits[3f4de2de-7d09-498f-aead-42327df81d94:c6165]
2019-08-05 04:38:46,611 INFO  client.GrpcClientProtocolClient (GrpcClientProtocolClient.java:onNext(255)) - client-8CDCEDECFFE4->3f4de2de-7d09-498f-aead-42327df81d94: receive RaftClientReply:client-8CDCEDECFFE4->3f4de2de-7d09-498f-aead-42327df81d94@group-C7908E81CC6B, cid=4334, SUCCESS, logIndex=6165, commits[3f4de2de-7d09-498f-aead-42327df81d94:c6167]
2019-08-05 04:38:46,612 INFO  client.GrpcClientProtocolClient (GrpcClientProtocolClient.java:onNext(255)) - client-8CDCEDECFFE4->3f4de2de-7d09-498f-aead-42327df81d94: receive RaftClientReply:client-8CDCEDECFFE4->3f4de2de-7d09-498f-aead-42327df81d94@group-C7908E81CC6B, cid=4335, SUCCESS, logIndex=6166, commits[3f4de2de-7d09-498f-aead-42327df81d94:c6168]
2019-08-05 04:38:46,612 INFO  client.GrpcClientProtocolClient (GrpcClientProtocolClient.java:onNext(255)) - client-8CDCEDECFFE4->3f4de2de-7d09-498f-aead-42327df81d94: receive RaftClientReply:client-8CDCEDECFFE4->3f4de2de-7d09-498f-aead-42327df81d94@group-C7908E81CC6B, cid=4336, SUCCESS, logIndex=6167, commits[3f4de2de-7d09-498f-aead-42327df81d94:c6168]
2019-08-05 04:38:46,644 INFO  client.GrpcClientProtocolClient (GrpcClientProtocolClient.java:onNext(255)) - client-8CDCEDECFFE4->3f4de2de-7d09-498f-aead-42327df81d94: receive RaftClientReply:client-8CDCEDECFFE4->3f4de2de-7d09-498f-aead-42327df81d94@group-C7908E81CC6B, cid=4337, SUCCESS, logIndex=6170, commits[3f4de2de-7d09-498f-aead-42327df81d94:c6171]
2019-08-05 04:38:46,644 INFO  client.GrpcClientProtocolClient (GrpcClientProtocolClient.java:onNext(255)) - client-8CDCEDECFFE4->3f4de2de-7d09-498f-aead-42327df81d94: receive RaftClientReply:client-8CDCEDECFFE4->3f4de2de-7d09-498f-aead-42327df81d94@group-C7908E81CC6B, cid=4338, SUCCESS, logIndex=6171, commits[3f4de2de-7d09-498f-aead-42327df81d94:c6171]
2019-08-05 04:38:46,646 INFO  client.GrpcClientProtocolClient (GrpcClientProtocolClient.java:onNext(255)) - client-8CDCEDECFFE4->3f4de2de-7d09-498f-aead-42327df81d94: receive RaftClientReply:client-8CDCEDECFFE4->3f4de2de-7d09-498f-aead-42327df81d94@group-C7908E81CC6B, cid=4339, SUCCESS, logIndex=6172, commits[3f4de2de-7d09-498f-aead-42327df81d94:c6173]
2019-08-05 04:38:46,647 INFO  client.GrpcClientProtocolClient (GrpcClientProtocolClient.java:onNext(255)) - client-8CDCEDECFFE4->3f4de2de-7d09-498f-aead-42327df81d94: receive RaftClientReply:client-8CDCEDECFFE4->3f4de2de-7d09-498f-aead-42327df81d94@group-C7908E81CC6B, cid=4340, SUCCESS, logIndex=6173, commits[3f4de2de-7d09-498f-aead-42327df81d94:c6173]
2019-08-05 04:38:46,649 DEBUG block.SCMBlockDeletingService (SCMBlockDeletingService.java:call(138)) - Running DeletedBlockTransactionScanner
2019-08-05 04:38:46,649 DEBUG block.SCMBlockDeletingService (SCMBlockDeletingService.java:call(155)) - Scanned deleted blocks log and got 0 delTX to process.
2019-08-05 04:38:46,659 INFO  client.GrpcClientProtocolClient (GrpcClientProtocolClient.java:onNext(255)) - client-8CDCEDECFFE4->3f4de2de-7d09-498f-aead-42327df81d94: receive RaftClientReply:client-8CDCEDECFFE4->3f4de2de-7d09-498f-aead-42327df81d94@group-C7908E81CC6B, cid=4341, SUCCESS, logIndex=6176, commits[3f4de2de-7d09-498f-aead-42327df81d94:c6179]
2019-08-05 04:38:46,660 INFO  client.GrpcClientProtocolClient (GrpcClientProtocolClient.java:onNext(255)) - client-8CDCEDECFFE4->3f4de2de-7d09-498f-aead-42327df81d94: receive RaftClientReply:client-8CDCEDECFFE4->3f4de2de-7d09-498f-aead-42327df81d94@group-C7908E81CC6B, cid=4342, SUCCESS, logIndex=6177, commits[3f4de2de-7d09-498f-aead-42327df81d94:c6179]
2019-08-05 04:38:46,660 INFO  client.GrpcClientProtocolClient (GrpcClientProtocolClient.java:onNext(255)) - client-8CDCEDECFFE4->3f4de2de-7d09-498f-aead-42327df81d94: receive RaftClientReply:client-8CDCEDECFFE4->3f4de2de-7d09-498f-aead-42327df81d94@group-C7908E81CC6B, cid=4343, SUCCESS, logIndex=6178, commits[3f4de2de-7d09-498f-aead-42327df81d94:c6179]
2019-08-05 04:38:46,661 INFO  client.GrpcClientProtocolClient (GrpcClientProtocolClient.java:onNext(255)) - client-8CDCEDECFFE4->3f4de2de-7d09-498f-aead-42327df81d94: receive RaftClientReply:client-8CDCEDECFFE4->3f4de2de-7d09-498f-aead-42327df81d94@group-C7908E81CC6B, cid=4344, SUCCESS, logIndex=6179, commits[3f4de2de-7d09-498f-aead-42327df81d94:c6179]
2019-08-05 04:38:46,699 INFO  client.GrpcClientProtocolClient (GrpcClientProtocolClient.java:onNext(255)) - client-8CDCEDECFFE4->3f4de2de-7d09-498f-aead-42327df81d94: receive RaftClientReply:client-8CDCEDECFFE4->3f4de2de-7d09-498f-aead-42327df81d94@group-C7908E81CC6B, cid=4345, SUCCESS, logIndex=6181, commits[3f4de2de-7d09-498f-aead-42327df81d94:c6182]
2019-08-05 04:38:46,699 INFO  client.GrpcClientProtocolClient (GrpcClientProtocolClient.java:onNext(255)) - client-8CDCEDECFFE4->3f4de2de-7d09-498f-aead-42327df81d94: receive RaftClientReply:client-8CDCEDECFFE4->3f4de2de-7d09-498f-aead-42327df81d94@group-C7908E81CC6B, cid=4346, SUCCESS, logIndex=6182, commits[3f4de2de-7d09-498f-aead-42327df81d94:c6184]
2019-08-05 04:38:46,700 INFO  client.GrpcClientProtocolClient (GrpcClientProtocolClient.java:onNext(255)) - client-8CDCEDECFFE4->3f4de2de-7d09-498f-aead-42327df81d94: receive RaftClientReply:client-8CDCEDECFFE4->3f4de2de-7d09-498f-aead-42327df81d94@group-C7908E81CC6B, cid=4347, SUCCESS, logIndex=6183, commits[3f4de2de-7d09-498f-aead-42327df81d94:c6185]
2019-08-05 04:38:46,700 INFO  client.GrpcClientProtocolClient (GrpcClientProtocolClient.java:onNext(255)) - client-8CDCEDECFFE4->3f4de2de-7d09-498f-aead-42327df81d94: receive RaftClientReply:client-8CDCEDECFFE4->3f4de2de-7d09-498f-aead-42327df81d94@group-C7908E81CC6B, cid=4348, SUCCESS, logIndex=6184, commits[3f4de2de-7d09-498f-aead-42327df81d94:c6185]
2019-08-05 04:38:46,725 INFO  client.GrpcClientProtocolClient (GrpcClientProtocolClient.java:onNext(255)) - client-8CDCEDECFFE4->3f4de2de-7d09-498f-aead-42327df81d94: receive RaftClientReply:client-8CDCEDECFFE4->3f4de2de-7d09-498f-aead-42327df81d94@group-C7908E81CC6B, cid=4349, SUCCESS, logIndex=6187, commits[3f4de2de-7d09-498f-aead-42327df81d94:c6188]
2019-08-05 04:38:46,726 INFO  client.GrpcClientProtocolClient (GrpcClientProtocolClient.java:onNext(255)) - client-8CDCEDECFFE4->3f4de2de-7d09-498f-aead-42327df81d94: receive RaftClientReply:client-8CDCEDECFFE4->3f4de2de-7d09-498f-aead-42327df81d94@group-C7908E81CC6B, cid=4350, SUCCESS, logIndex=6188, commits[3f4de2de-7d09-498f-aead-42327df81d94:c6188]
2019-08-05 04:38:46,727 INFO  client.GrpcClientProtocolClient (GrpcClientProtocolClient.java:onNext(255)) - client-8CDCEDECFFE4->3f4de2de-7d09-498f-aead-42327df81d94: receive RaftClientReply:client-8CDCEDECFFE4->3f4de2de-7d09-498f-aead-42327df81d94@group-C7908E81CC6B, cid=4351, SUCCESS, logIndex=6189, commits[3f4de2de-7d09-498f-aead-42327df81d94:c6190]
2019-08-05 04:38:46,728 INFO  client.GrpcClientProtocolClient (GrpcClientProtocolClient.java:onNext(255)) - client-8CDCEDECFFE4->3f4de2de-7d09-498f-aead-42327df81d94: receive RaftClientReply:client-8CDCEDECFFE4->3f4de2de-7d09-498f-aead-42327df81d94@group-C7908E81CC6B, cid=4352, SUCCESS, logIndex=6190, commits[3f4de2de-7d09-498f-aead-42327df81d94:c6190]
2019-08-05 04:38:46,750 DEBUG block.SCMBlockDeletingService (SCMBlockDeletingService.java:call(138)) - Running DeletedBlockTransactionScanner
2019-08-05 04:38:46,750 DEBUG block.SCMBlockDeletingService (SCMBlockDeletingService.java:call(155)) - Scanned deleted blocks log and got 0 delTX to process.
2019-08-05 04:38:46,759 INFO  client.GrpcClientProtocolClient (GrpcClientProtocolClient.java:onNext(255)) - client-8CDCEDECFFE4->3f4de2de-7d09-498f-aead-42327df81d94: receive RaftClientReply:client-8CDCEDECFFE4->3f4de2de-7d09-498f-aead-42327df81d94@group-C7908E81CC6B, cid=4353, SUCCESS, logIndex=6193, commits[3f4de2de-7d09-498f-aead-42327df81d94:c6194]
2019-08-05 04:38:46,760 INFO  client.GrpcClientProtocolClient (GrpcClientProtocolClient.java:onNext(255)) - client-8CDCEDECFFE4->3f4de2de-7d09-498f-aead-42327df81d94: receive RaftClientReply:client-8CDCEDECFFE4->3f4de2de-7d09-498f-aead-42327df81d94@group-C7908E81CC6B, cid=4354, SUCCESS, logIndex=6194, commits[3f4de2de-7d09-498f-aead-42327df81d94:c6194]
2019-08-05 04:38:46,761 INFO  client.GrpcClientProtocolClient (GrpcClientProtocolClient.java:onNext(255)) - client-8CDCEDECFFE4->3f4de2de-7d09-498f-aead-42327df81d94: receive RaftClientReply:client-8CDCEDECFFE4->3f4de2de-7d09-498f-aead-42327df81d94@group-C7908E81CC6B, cid=4355, SUCCESS, logIndex=6195, commits[3f4de2de-7d09-498f-aead-42327df81d94:c6196]
2019-08-05 04:38:46,762 INFO  client.GrpcClientProtocolClient (GrpcClientProtocolClient.java:onNext(255)) - client-8CDCEDECFFE4->3f4de2de-7d09-498f-aead-42327df81d94: receive RaftClientReply:client-8CDCEDECFFE4->3f4de2de-7d09-498f-aead-42327df81d94@group-C7908E81CC6B, cid=4356, SUCCESS, logIndex=6196, commits[3f4de2de-7d09-498f-aead-42327df81d94:c6196]
2019-08-05 04:38:46,784 INFO  client.GrpcClientProtocolClient (GrpcClientProtocolClient.java:onNext(255)) - client-8CDCEDECFFE4->3f4de2de-7d09-498f-aead-42327df81d94: receive RaftClientReply:client-8CDCEDECFFE4->3f4de2de-7d09-498f-aead-42327df81d94@group-C7908E81CC6B, cid=4357, SUCCESS, logIndex=6199, commits[3f4de2de-7d09-498f-aead-42327df81d94:c6202]
2019-08-05 04:38:46,785 INFO  client.GrpcClientProtocolClient (GrpcClientProtocolClient.java:onNext(255)) - client-8CDCEDECFFE4->3f4de2de-7d09-498f-aead-42327df81d94: receive RaftClientReply:client-8CDCEDECFFE4->3f4de2de-7d09-498f-aead-42327df81d94@group-C7908E81CC6B, cid=4358, SUCCESS, logIndex=6200, commits[3f4de2de-7d09-498f-aead-42327df81d94:c6203]
2019-08-05 04:38:46,786 INFO  client.GrpcClientProtocolClient (GrpcClientProtocolClient.java:onNext(255)) - client-8CDCEDECFFE4->3f4de2de-7d09-498f-aead-42327df81d94: receive RaftClientReply:client-8CDCEDECFFE4->3f4de2de-7d09-498f-aead-42327df81d94@group-C7908E81CC6B, cid=4359, SUCCESS, logIndex=6201, commits[3f4de2de-7d09-498f-aead-42327df81d94:c6203]
2019-08-05 04:38:46,786 INFO  client.GrpcClientProtocolClient (GrpcClientProtocolClient.java:onNext(255)) - client-8CDCEDECFFE4->3f4de2de-7d09-498f-aead-42327df81d94: receive RaftClientReply:client-8CDCEDECFFE4->3f4de2de-7d09-498f-aead-42327df81d94@group-C7908E81CC6B, cid=4360, SUCCESS, logIndex=6202, commits[3f4de2de-7d09-498f-aead-42327df81d94:c6203]
2019-08-05 04:38:46,817 INFO  client.GrpcClientProtocolClient (GrpcClientProtocolClient.java:onNext(255)) - client-8CDCEDECFFE4->3f4de2de-7d09-498f-aead-42327df81d94: receive RaftClientReply:client-8CDCEDECFFE4->3f4de2de-7d09-498f-aead-42327df81d94@group-C7908E81CC6B, cid=4361, SUCCESS, logIndex=6204, commits[3f4de2de-7d09-498f-aead-42327df81d94:c6205]
2019-08-05 04:38:46,818 INFO  client.GrpcClientProtocolClient (GrpcClientProtocolClient.java:onNext(255)) - client-8CDCEDECFFE4->3f4de2de-7d09-498f-aead-42327df81d94: receive RaftClientReply:client-8CDCEDECFFE4->3f4de2de-7d09-498f-aead-42327df81d94@group-C7908E81CC6B, cid=4362, SUCCESS, logIndex=6205, commits[3f4de2de-7d09-498f-aead-42327df81d94:c6207]
2019-08-05 04:38:46,818 INFO  client.GrpcClientProtocolClient (GrpcClientProtocolClient.java:onNext(255)) - client-8CDCEDECFFE4->3f4de2de-7d09-498f-aead-42327df81d94: receive RaftClientReply:client-8CDCEDECFFE4->3f4de2de-7d09-498f-aead-42327df81d94@group-C7908E81CC6B, cid=4363, SUCCESS, logIndex=6206, commits[3f4de2de-7d09-498f-aead-42327df81d94:c6208]
2019-08-05 04:38:46,818 INFO  client.GrpcClientProtocolClient (GrpcClientProtocolClient.java:onNext(255)) - client-8CDCEDECFFE4->3f4de2de-7d09-498f-aead-42327df81d94: receive RaftClientReply:client-8CDCEDECFFE4->3f4de2de-7d09-498f-aead-42327df81d94@group-C7908E81CC6B, cid=4364, SUCCESS, logIndex=6207, commits[3f4de2de-7d09-498f-aead-42327df81d94:c6208]
2019-08-05 04:38:46,837 INFO  client.GrpcClientProtocolClient (GrpcClientProtocolClient.java:onNext(255)) - client-8CDCEDECFFE4->3f4de2de-7d09-498f-aead-42327df81d94: receive RaftClientReply:client-8CDCEDECFFE4->3f4de2de-7d09-498f-aead-42327df81d94@group-C7908E81CC6B, cid=4365, SUCCESS, logIndex=6210, commits[3f4de2de-7d09-498f-aead-42327df81d94:c6211]
2019-08-05 04:38:46,837 INFO  client.GrpcClientProtocolClient (GrpcClientProtocolClient.java:onNext(255)) - client-8CDCEDECFFE4->3f4de2de-7d09-498f-aead-42327df81d94: receive RaftClientReply:client-8CDCEDECFFE4->3f4de2de-7d09-498f-aead-42327df81d94@group-C7908E81CC6B, cid=4366, SUCCESS, logIndex=6211, commits[3f4de2de-7d09-498f-aead-42327df81d94:c6213]
2019-08-05 04:38:46,837 INFO  client.GrpcClientProtocolClient (GrpcClientProtocolClient.java:onNext(255)) - client-8CDCEDECFFE4->3f4de2de-7d09-498f-aead-42327df81d94: receive RaftClientReply:client-8CDCEDECFFE4->3f4de2de-7d09-498f-aead-42327df81d94@group-C7908E81CC6B, cid=4367, SUCCESS, logIndex=6212, commits[3f4de2de-7d09-498f-aead-42327df81d94:c6214]
2019-08-05 04:38:46,838 INFO  client.GrpcClientProtocolClient (GrpcClientProtocolClient.java:onNext(255)) - client-8CDCEDECFFE4->3f4de2de-7d09-498f-aead-42327df81d94: receive RaftClientReply:client-8CDCEDECFFE4->3f4de2de-7d09-498f-aead-42327df81d94@group-C7908E81CC6B, cid=4368, SUCCESS, logIndex=6213, commits[3f4de2de-7d09-498f-aead-42327df81d94:c6214]
2019-08-05 04:38:46,850 DEBUG block.SCMBlockDeletingService (SCMBlockDeletingService.java:call(138)) - Running DeletedBlockTransactionScanner
2019-08-05 04:38:46,851 DEBUG block.SCMBlockDeletingService (SCMBlockDeletingService.java:call(155)) - Scanned deleted blocks log and got 0 delTX to process.
2019-08-05 04:38:46,868 INFO  client.GrpcClientProtocolClient (GrpcClientProtocolClient.java:onNext(255)) - client-8CDCEDECFFE4->3f4de2de-7d09-498f-aead-42327df81d94: receive RaftClientReply:client-8CDCEDECFFE4->3f4de2de-7d09-498f-aead-42327df81d94@group-C7908E81CC6B, cid=4369, SUCCESS, logIndex=6216, commits[3f4de2de-7d09-498f-aead-42327df81d94:c6217]
2019-08-05 04:38:46,869 INFO  client.GrpcClientProtocolClient (GrpcClientProtocolClient.java:onNext(255)) - client-8CDCEDECFFE4->3f4de2de-7d09-498f-aead-42327df81d94: receive RaftClientReply:client-8CDCEDECFFE4->3f4de2de-7d09-498f-aead-42327df81d94@group-C7908E81CC6B, cid=4370, SUCCESS, logIndex=6217, commits[3f4de2de-7d09-498f-aead-42327df81d94:c6219]
2019-08-05 04:38:46,869 INFO  client.GrpcClientProtocolClient (GrpcClientProtocolClient.java:onNext(255)) - client-8CDCEDECFFE4->3f4de2de-7d09-498f-aead-42327df81d94: receive RaftClientReply:client-8CDCEDECFFE4->3f4de2de-7d09-498f-aead-42327df81d94@group-C7908E81CC6B, cid=4371, SUCCESS, logIndex=6218, commits[3f4de2de-7d09-498f-aead-42327df81d94:c6220]
2019-08-05 04:38:46,869 INFO  client.GrpcClientProtocolClient (GrpcClientProtocolClient.java:onNext(255)) - client-8CDCEDECFFE4->3f4de2de-7d09-498f-aead-42327df81d94: receive RaftClientReply:client-8CDCEDECFFE4->3f4de2de-7d09-498f-aead-42327df81d94@group-C7908E81CC6B, cid=4372, SUCCESS, logIndex=6219, commits[3f4de2de-7d09-498f-aead-42327df81d94:c6220]
2019-08-05 04:38:46,890 INFO  client.GrpcClientProtocolClient (GrpcClientProtocolClient.java:onNext(255)) - client-8CDCEDECFFE4->3f4de2de-7d09-498f-aead-42327df81d94: receive RaftClientReply:client-8CDCEDECFFE4->3f4de2de-7d09-498f-aead-42327df81d94@group-C7908E81CC6B, cid=4373, SUCCESS, logIndex=6222, commits[3f4de2de-7d09-498f-aead-42327df81d94:c6225]
2019-08-05 04:38:46,890 INFO  client.GrpcClientProtocolClient (GrpcClientProtocolClient.java:onNext(255)) - client-8CDCEDECFFE4->3f4de2de-7d09-498f-aead-42327df81d94: receive RaftClientReply:client-8CDCEDECFFE4->3f4de2de-7d09-498f-aead-42327df81d94@group-C7908E81CC6B, cid=4374, SUCCESS, logIndex=6223, commits[3f4de2de-7d09-498f-aead-42327df81d94:c6225]
2019-08-05 04:38:46,891 INFO  client.GrpcClientProtocolClient (GrpcClientProtocolClient.java:onNext(255)) - client-8CDCEDECFFE4->3f4de2de-7d09-498f-aead-42327df81d94: receive RaftClientReply:client-8CDCEDECFFE4->3f4de2de-7d09-498f-aead-42327df81d94@group-C7908E81CC6B, cid=4375, SUCCESS, logIndex=6224, commits[3f4de2de-7d09-498f-aead-42327df81d94:c6226]
2019-08-05 04:38:46,891 INFO  client.GrpcClientProtocolClient (GrpcClientProtocolClient.java:onNext(255)) - client-8CDCEDECFFE4->3f4de2de-7d09-498f-aead-42327df81d94: receive RaftClientReply:client-8CDCEDECFFE4->3f4de2de-7d09-498f-aead-42327df81d94@group-C7908E81CC6B, cid=4376, SUCCESS, logIndex=6225, commits[3f4de2de-7d09-498f-aead-42327df81d94:c6226]
2019-08-05 04:38:46,959 DEBUG block.SCMBlockDeletingService (SCMBlockDeletingService.java:call(138)) - Running DeletedBlockTransactionScanner
2019-08-05 04:38:46,959 DEBUG block.SCMBlockDeletingService (SCMBlockDeletingService.java:call(155)) - Scanned deleted blocks log and got 0 delTX to process.
2019-08-05 04:38:47,060 DEBUG block.SCMBlockDeletingService (SCMBlockDeletingService.java:call(138)) - Running DeletedBlockTransactionScanner
2019-08-05 04:38:47,060 DEBUG block.SCMBlockDeletingService (SCMBlockDeletingService.java:call(155)) - Scanned deleted blocks log and got 0 delTX to process.
2019-08-05 04:38:47,082 INFO  client.GrpcClientProtocolClient (GrpcClientProtocolClient.java:onNext(255)) - client-8CDCEDECFFE4->3f4de2de-7d09-498f-aead-42327df81d94: receive RaftClientReply:client-8CDCEDECFFE4->3f4de2de-7d09-498f-aead-42327df81d94@group-C7908E81CC6B, cid=4377, SUCCESS, logIndex=6227, commits[3f4de2de-7d09-498f-aead-42327df81d94:c6230]
2019-08-05 04:38:47,082 INFO  client.GrpcClientProtocolClient (GrpcClientProtocolClient.java:onNext(255)) - client-8CDCEDECFFE4->3f4de2de-7d09-498f-aead-42327df81d94: receive RaftClientReply:client-8CDCEDECFFE4->3f4de2de-7d09-498f-aead-42327df81d94@group-C7908E81CC6B, cid=4378, SUCCESS, logIndex=6228, commits[3f4de2de-7d09-498f-aead-42327df81d94:c6231]
2019-08-05 04:38:47,083 INFO  client.GrpcClientProtocolClient (GrpcClientProtocolClient.java:onNext(255)) - client-8CDCEDECFFE4->3f4de2de-7d09-498f-aead-42327df81d94: receive RaftClientReply:client-8CDCEDECFFE4->3f4de2de-7d09-498f-aead-42327df81d94@group-C7908E81CC6B, cid=4379, SUCCESS, logIndex=6229, commits[3f4de2de-7d09-498f-aead-42327df81d94:c6231]
2019-08-05 04:38:47,083 INFO  client.GrpcClientProtocolClient (GrpcClientProtocolClient.java:onNext(255)) - client-8CDCEDECFFE4->3f4de2de-7d09-498f-aead-42327df81d94: receive RaftClientReply:client-8CDCEDECFFE4->3f4de2de-7d09-498f-aead-42327df81d94@group-C7908E81CC6B, cid=4380, SUCCESS, logIndex=6230, commits[3f4de2de-7d09-498f-aead-42327df81d94:c6231]
2019-08-05 04:38:47,102 INFO  client.GrpcClientProtocolClient (GrpcClientProtocolClient.java:onNext(255)) - client-8CDCEDECFFE4->3f4de2de-7d09-498f-aead-42327df81d94: receive RaftClientReply:client-8CDCEDECFFE4->3f4de2de-7d09-498f-aead-42327df81d94@group-C7908E81CC6B, cid=4381, SUCCESS, logIndex=6232, commits[3f4de2de-7d09-498f-aead-42327df81d94:c6233]
2019-08-05 04:38:47,102 INFO  client.GrpcClientProtocolClient (GrpcClientProtocolClient.java:onNext(255)) - client-8CDCEDECFFE4->3f4de2de-7d09-498f-aead-42327df81d94: receive RaftClientReply:client-8CDCEDECFFE4->3f4de2de-7d09-498f-aead-42327df81d94@group-C7908E81CC6B, cid=4382, SUCCESS, logIndex=6233, commits[3f4de2de-7d09-498f-aead-42327df81d94:c6235]
2019-08-05 04:38:47,102 INFO  client.GrpcClientProtocolClient (GrpcClientProtocolClient.java:onNext(255)) - client-8CDCEDECFFE4->3f4de2de-7d09-498f-aead-42327df81d94: receive RaftClientReply:client-8CDCEDECFFE4->3f4de2de-7d09-498f-aead-42327df81d94@group-C7908E81CC6B, cid=4383, SUCCESS, logIndex=6234, commits[3f4de2de-7d09-498f-aead-42327df81d94:c6236]
2019-08-05 04:38:47,103 INFO  client.GrpcClientProtocolClient (GrpcClientProtocolClient.java:onNext(255)) - client-8CDCEDECFFE4->3f4de2de-7d09-498f-aead-42327df81d94: receive RaftClientReply:client-8CDCEDECFFE4->3f4de2de-7d09-498f-aead-42327df81d94@group-C7908E81CC6B, cid=4384, SUCCESS, logIndex=6235, commits[3f4de2de-7d09-498f-aead-42327df81d94:c6236]
2019-08-05 04:38:47,134 INFO  client.GrpcClientProtocolClient (GrpcClientProtocolClient.java:onNext(255)) - client-8CDCEDECFFE4->3f4de2de-7d09-498f-aead-42327df81d94: receive RaftClientReply:client-8CDCEDECFFE4->3f4de2de-7d09-498f-aead-42327df81d94@group-C7908E81CC6B, cid=4385, SUCCESS, logIndex=6238, commits[3f4de2de-7d09-498f-aead-42327df81d94:c6239]
2019-08-05 04:38:47,134 INFO  client.GrpcClientProtocolClient (GrpcClientProtocolClient.java:onNext(255)) - client-8CDCEDECFFE4->3f4de2de-7d09-498f-aead-42327df81d94: receive RaftClientReply:client-8CDCEDECFFE4->3f4de2de-7d09-498f-aead-42327df81d94@group-C7908E81CC6B, cid=4386, SUCCESS, logIndex=6239, commits[3f4de2de-7d09-498f-aead-42327df81d94:c6241]
2019-08-05 04:38:47,135 INFO  client.GrpcClientProtocolClient (GrpcClientProtocolClient.java:onNext(255)) - client-8CDCEDECFFE4->3f4de2de-7d09-498f-aead-42327df81d94: receive RaftClientReply:client-8CDCEDECFFE4->3f4de2de-7d09-498f-aead-42327df81d94@group-C7908E81CC6B, cid=4387, SUCCESS, logIndex=6240, commits[3f4de2de-7d09-498f-aead-42327df81d94:c6242]
2019-08-05 04:38:47,135 INFO  client.GrpcClientProtocolClient (GrpcClientProtocolClient.java:onNext(255)) - client-8CDCEDECFFE4->3f4de2de-7d09-498f-aead-42327df81d94: receive RaftClientReply:client-8CDCEDECFFE4->3f4de2de-7d09-498f-aead-42327df81d94@group-C7908E81CC6B, cid=4388, SUCCESS, logIndex=6241, commits[3f4de2de-7d09-498f-aead-42327df81d94:c6242]
2019-08-05 04:38:47,160 DEBUG block.SCMBlockDeletingService (SCMBlockDeletingService.java:call(138)) - Running DeletedBlockTransactionScanner
2019-08-05 04:38:47,160 DEBUG block.SCMBlockDeletingService (SCMBlockDeletingService.java:call(155)) - Scanned deleted blocks log and got 0 delTX to process.
2019-08-05 04:38:47,166 INFO  client.GrpcClientProtocolClient (GrpcClientProtocolClient.java:onNext(255)) - client-8CDCEDECFFE4->3f4de2de-7d09-498f-aead-42327df81d94: receive RaftClientReply:client-8CDCEDECFFE4->3f4de2de-7d09-498f-aead-42327df81d94@group-C7908E81CC6B, cid=4389, SUCCESS, logIndex=6244, commits[3f4de2de-7d09-498f-aead-42327df81d94:c6245]
2019-08-05 04:38:47,166 INFO  client.GrpcClientProtocolClient (GrpcClientProtocolClient.java:onNext(255)) - client-8CDCEDECFFE4->3f4de2de-7d09-498f-aead-42327df81d94: receive RaftClientReply:client-8CDCEDECFFE4->3f4de2de-7d09-498f-aead-42327df81d94@group-C7908E81CC6B, cid=4390, SUCCESS, logIndex=6245, commits[3f4de2de-7d09-498f-aead-42327df81d94:c6245]
2019-08-05 04:38:47,178 INFO  client.GrpcClientProtocolClient (GrpcClientProtocolClient.java:onNext(255)) - client-8CDCEDECFFE4->3f4de2de-7d09-498f-aead-42327df81d94: receive RaftClientReply:client-8CDCEDECFFE4->3f4de2de-7d09-498f-aead-42327df81d94@group-C7908E81CC6B, cid=4391, SUCCESS, logIndex=6246, commits[3f4de2de-7d09-498f-aead-42327df81d94:c6248]
2019-08-05 04:38:47,178 INFO  client.GrpcClientProtocolClient (GrpcClientProtocolClient.java:onNext(255)) - client-8CDCEDECFFE4->3f4de2de-7d09-498f-aead-42327df81d94: receive RaftClientReply:client-8CDCEDECFFE4->3f4de2de-7d09-498f-aead-42327df81d94@group-C7908E81CC6B, cid=4392, SUCCESS, logIndex=6247, commits[3f4de2de-7d09-498f-aead-42327df81d94:c6248]
2019-08-05 04:38:47,211 INFO  client.GrpcClientProtocolClient (GrpcClientProtocolClient.java:onNext(255)) - client-8CDCEDECFFE4->3f4de2de-7d09-498f-aead-42327df81d94: receive RaftClientReply:client-8CDCEDECFFE4->3f4de2de-7d09-498f-aead-42327df81d94@group-C7908E81CC6B, cid=4393, SUCCESS, logIndex=6249, commits[3f4de2de-7d09-498f-aead-42327df81d94:c6250]
2019-08-05 04:38:47,211 INFO  client.GrpcClientProtocolClient (GrpcClientProtocolClient.java:onNext(255)) - client-8CDCEDECFFE4->3f4de2de-7d09-498f-aead-42327df81d94: receive RaftClientReply:client-8CDCEDECFFE4->3f4de2de-7d09-498f-aead-42327df81d94@group-C7908E81CC6B, cid=4394, SUCCESS, logIndex=6250, commits[3f4de2de-7d09-498f-aead-42327df81d94:c6250]
2019-08-05 04:38:47,220 INFO  client.GrpcClientProtocolClient (GrpcClientProtocolClient.java:onNext(255)) - client-8CDCEDECFFE4->3f4de2de-7d09-498f-aead-42327df81d94: receive RaftClientReply:client-8CDCEDECFFE4->3f4de2de-7d09-498f-aead-42327df81d94@group-C7908E81CC6B, cid=4395, SUCCESS, logIndex=6251, commits[3f4de2de-7d09-498f-aead-42327df81d94:c6252]
2019-08-05 04:38:47,220 INFO  client.GrpcClientProtocolClient (GrpcClientProtocolClient.java:onNext(255)) - client-8CDCEDECFFE4->3f4de2de-7d09-498f-aead-42327df81d94: receive RaftClientReply:client-8CDCEDECFFE4->3f4de2de-7d09-498f-aead-42327df81d94@group-C7908E81CC6B, cid=4396, SUCCESS, logIndex=6252, commits[3f4de2de-7d09-498f-aead-42327df81d94:c6253]
2019-08-05 04:38:47,239 INFO  client.GrpcClientProtocolClient (GrpcClientProtocolClient.java:onNext(255)) - client-8CDCEDECFFE4->3f4de2de-7d09-498f-aead-42327df81d94: receive RaftClientReply:client-8CDCEDECFFE4->3f4de2de-7d09-498f-aead-42327df81d94@group-C7908E81CC6B, cid=4397, SUCCESS, logIndex=6255, commits[3f4de2de-7d09-498f-aead-42327df81d94:c6256]
2019-08-05 04:38:47,239 INFO  client.GrpcClientProtocolClient (GrpcClientProtocolClient.java:onNext(255)) - client-8CDCEDECFFE4->3f4de2de-7d09-498f-aead-42327df81d94: receive RaftClientReply:client-8CDCEDECFFE4->3f4de2de-7d09-498f-aead-42327df81d94@group-C7908E81CC6B, cid=4398, SUCCESS, logIndex=6256, commits[3f4de2de-7d09-498f-aead-42327df81d94:c6256]
2019-08-05 04:38:47,248 INFO  client.GrpcClientProtocolClient (GrpcClientProtocolClient.java:onNext(255)) - client-8CDCEDECFFE4->3f4de2de-7d09-498f-aead-42327df81d94: receive RaftClientReply:client-8CDCEDECFFE4->3f4de2de-7d09-498f-aead-42327df81d94@group-C7908E81CC6B, cid=4399, SUCCESS, logIndex=6257, commits[3f4de2de-7d09-498f-aead-42327df81d94:c6258]
2019-08-05 04:38:47,248 INFO  client.GrpcClientProtocolClient (GrpcClientProtocolClient.java:onNext(255)) - client-8CDCEDECFFE4->3f4de2de-7d09-498f-aead-42327df81d94: receive RaftClientReply:client-8CDCEDECFFE4->3f4de2de-7d09-498f-aead-42327df81d94@group-C7908E81CC6B, cid=4400, SUCCESS, logIndex=6258, commits[3f4de2de-7d09-498f-aead-42327df81d94:c6259]
2019-08-05 04:38:47,261 DEBUG block.SCMBlockDeletingService (SCMBlockDeletingService.java:call(138)) - Running DeletedBlockTransactionScanner
2019-08-05 04:38:47,261 DEBUG block.SCMBlockDeletingService (SCMBlockDeletingService.java:call(155)) - Scanned deleted blocks log and got 0 delTX to process.
2019-08-05 04:38:47,280 INFO  client.GrpcClientProtocolClient (GrpcClientProtocolClient.java:onNext(255)) - client-8CDCEDECFFE4->3f4de2de-7d09-498f-aead-42327df81d94: receive RaftClientReply:client-8CDCEDECFFE4->3f4de2de-7d09-498f-aead-42327df81d94@group-C7908E81CC6B, cid=4401, SUCCESS, logIndex=6261, commits[3f4de2de-7d09-498f-aead-42327df81d94:c6262]
2019-08-05 04:38:47,280 INFO  client.GrpcClientProtocolClient (GrpcClientProtocolClient.java:onNext(255)) - client-8CDCEDECFFE4->3f4de2de-7d09-498f-aead-42327df81d94: receive RaftClientReply:client-8CDCEDECFFE4->3f4de2de-7d09-498f-aead-42327df81d94@group-C7908E81CC6B, cid=4402, SUCCESS, logIndex=6262, commits[3f4de2de-7d09-498f-aead-42327df81d94:c6262]
2019-08-05 04:38:47,282 INFO  client.GrpcClientProtocolClient (GrpcClientProtocolClient.java:onNext(255)) - client-8CDCEDECFFE4->3f4de2de-7d09-498f-aead-42327df81d94: receive RaftClientReply:client-8CDCEDECFFE4->3f4de2de-7d09-498f-aead-42327df81d94@group-C7908E81CC6B, cid=4403, SUCCESS, logIndex=6263, commits[3f4de2de-7d09-498f-aead-42327df81d94:c6264]
2019-08-05 04:38:47,282 INFO  client.GrpcClientProtocolClient (GrpcClientProtocolClient.java:onNext(255)) - client-8CDCEDECFFE4->3f4de2de-7d09-498f-aead-42327df81d94: receive RaftClientReply:client-8CDCEDECFFE4->3f4de2de-7d09-498f-aead-42327df81d94@group-C7908E81CC6B, cid=4404, SUCCESS, logIndex=6264, commits[3f4de2de-7d09-498f-aead-42327df81d94:c6264]
2019-08-05 04:38:47,293 INFO  client.GrpcClientProtocolClient (GrpcClientProtocolClient.java:onNext(255)) - client-8CDCEDECFFE4->3f4de2de-7d09-498f-aead-42327df81d94: receive RaftClientReply:client-8CDCEDECFFE4->3f4de2de-7d09-498f-aead-42327df81d94@group-C7908E81CC6B, cid=4405, SUCCESS, logIndex=6267, commits[3f4de2de-7d09-498f-aead-42327df81d94:c6270]
2019-08-05 04:38:47,294 INFO  client.GrpcClientProtocolClient (GrpcClientProtocolClient.java:onNext(255)) - client-8CDCEDECFFE4->3f4de2de-7d09-498f-aead-42327df81d94: receive RaftClientReply:client-8CDCEDECFFE4->3f4de2de-7d09-498f-aead-42327df81d94@group-C7908E81CC6B, cid=4406, SUCCESS, logIndex=6268, commits[3f4de2de-7d09-498f-aead-42327df81d94:c6271]
2019-08-05 04:38:47,294 INFO  client.GrpcClientProtocolClient (GrpcClientProtocolClient.java:onNext(255)) - client-8CDCEDECFFE4->3f4de2de-7d09-498f-aead-42327df81d94: receive RaftClientReply:client-8CDCEDECFFE4->3f4de2de-7d09-498f-aead-42327df81d94@group-C7908E81CC6B, cid=4407, SUCCESS, logIndex=6269, commits[3f4de2de-7d09-498f-aead-42327df81d94:c6271]
2019-08-05 04:38:47,294 INFO  client.GrpcClientProtocolClient (GrpcClientProtocolClient.java:onNext(255)) - client-8CDCEDECFFE4->3f4de2de-7d09-498f-aead-42327df81d94: receive RaftClientReply:client-8CDCEDECFFE4->3f4de2de-7d09-498f-aead-42327df81d94@group-C7908E81CC6B, cid=4408, SUCCESS, logIndex=6270, commits[3f4de2de-7d09-498f-aead-42327df81d94:c6271]
2019-08-05 04:38:47,326 INFO  client.GrpcClientProtocolClient (GrpcClientProtocolClient.java:onNext(255)) - client-8CDCEDECFFE4->3f4de2de-7d09-498f-aead-42327df81d94: receive RaftClientReply:client-8CDCEDECFFE4->3f4de2de-7d09-498f-aead-42327df81d94@group-C7908E81CC6B, cid=4409, SUCCESS, logIndex=6272, commits[3f4de2de-7d09-498f-aead-42327df81d94:c6273]
2019-08-05 04:38:47,326 INFO  client.GrpcClientProtocolClient (GrpcClientProtocolClient.java:onNext(255)) - client-8CDCEDECFFE4->3f4de2de-7d09-498f-aead-42327df81d94: receive RaftClientReply:client-8CDCEDECFFE4->3f4de2de-7d09-498f-aead-42327df81d94@group-C7908E81CC6B, cid=4410, SUCCESS, logIndex=6273, commits[3f4de2de-7d09-498f-aead-42327df81d94:c6275]
2019-08-05 04:38:47,327 INFO  client.GrpcClientProtocolClient (GrpcClientProtocolClient.java:onNext(255)) - client-8CDCEDECFFE4->3f4de2de-7d09-498f-aead-42327df81d94: receive RaftClientReply:client-8CDCEDECFFE4->3f4de2de-7d09-498f-aead-42327df81d94@group-C7908E81CC6B, cid=4411, SUCCESS, logIndex=6274, commits[3f4de2de-7d09-498f-aead-42327df81d94:c6275]
2019-08-05 04:38:47,327 INFO  client.GrpcClientProtocolClient (GrpcClientProtocolClient.java:onNext(255)) - client-8CDCEDECFFE4->3f4de2de-7d09-498f-aead-42327df81d94: receive RaftClientReply:client-8CDCEDECFFE4->3f4de2de-7d09-498f-aead-42327df81d94@group-C7908E81CC6B, cid=4412, SUCCESS, logIndex=6275, commits[3f4de2de-7d09-498f-aead-42327df81d94:c6276]
2019-08-05 04:38:47,346 INFO  client.GrpcClientProtocolClient (GrpcClientProtocolClient.java:onNext(255)) - client-8CDCEDECFFE4->3f4de2de-7d09-498f-aead-42327df81d94: receive RaftClientReply:client-8CDCEDECFFE4->3f4de2de-7d09-498f-aead-42327df81d94@group-C7908E81CC6B, cid=4413, SUCCESS, logIndex=6278, commits[3f4de2de-7d09-498f-aead-42327df81d94:c6279]
2019-08-05 04:38:47,346 INFO  client.GrpcClientProtocolClient (GrpcClientProtocolClient.java:onNext(255)) - client-8CDCEDECFFE4->3f4de2de-7d09-498f-aead-42327df81d94: receive RaftClientReply:client-8CDCEDECFFE4->3f4de2de-7d09-498f-aead-42327df81d94@group-C7908E81CC6B, cid=4414, SUCCESS, logIndex=6279, commits[3f4de2de-7d09-498f-aead-42327df81d94:c6281]
2019-08-05 04:38:47,346 INFO  client.GrpcClientProtocolClient (GrpcClientProtocolClient.java:onNext(255)) - client-8CDCEDECFFE4->3f4de2de-7d09-498f-aead-42327df81d94: receive RaftClientReply:client-8CDCEDECFFE4->3f4de2de-7d09-498f-aead-42327df81d94@group-C7908E81CC6B, cid=4415, SUCCESS, logIndex=6280, commits[3f4de2de-7d09-498f-aead-42327df81d94:c6281]
2019-08-05 04:38:47,347 INFO  client.GrpcClientProtocolClient (GrpcClientProtocolClient.java:onNext(255)) - client-8CDCEDECFFE4->3f4de2de-7d09-498f-aead-42327df81d94: receive RaftClientReply:client-8CDCEDECFFE4->3f4de2de-7d09-498f-aead-42327df81d94@group-C7908E81CC6B, cid=4416, SUCCESS, logIndex=6281, commits[3f4de2de-7d09-498f-aead-42327df81d94:c6282]
2019-08-05 04:38:47,361 DEBUG block.SCMBlockDeletingService (SCMBlockDeletingService.java:call(138)) - Running DeletedBlockTransactionScanner
2019-08-05 04:38:47,362 DEBUG block.SCMBlockDeletingService (SCMBlockDeletingService.java:call(155)) - Scanned deleted blocks log and got 0 delTX to process.
2019-08-05 04:38:47,379 INFO  client.GrpcClientProtocolClient (GrpcClientProtocolClient.java:onNext(255)) - client-8CDCEDECFFE4->3f4de2de-7d09-498f-aead-42327df81d94: receive RaftClientReply:client-8CDCEDECFFE4->3f4de2de-7d09-498f-aead-42327df81d94@group-C7908E81CC6B, cid=4417, SUCCESS, logIndex=6284, commits[3f4de2de-7d09-498f-aead-42327df81d94:c6285]
2019-08-05 04:38:47,379 INFO  client.GrpcClientProtocolClient (GrpcClientProtocolClient.java:onNext(255)) - client-8CDCEDECFFE4->3f4de2de-7d09-498f-aead-42327df81d94: receive RaftClientReply:client-8CDCEDECFFE4->3f4de2de-7d09-498f-aead-42327df81d94@group-C7908E81CC6B, cid=4418, SUCCESS, logIndex=6285, commits[3f4de2de-7d09-498f-aead-42327df81d94:c6287]
2019-08-05 04:38:47,380 INFO  client.GrpcClientProtocolClient (GrpcClientProtocolClient.java:onNext(255)) - client-8CDCEDECFFE4->3f4de2de-7d09-498f-aead-42327df81d94: receive RaftClientReply:client-8CDCEDECFFE4->3f4de2de-7d09-498f-aead-42327df81d94@group-C7908E81CC6B, cid=4419, SUCCESS, logIndex=6286, commits[3f4de2de-7d09-498f-aead-42327df81d94:c6288]
2019-08-05 04:38:47,380 INFO  client.GrpcClientProtocolClient (GrpcClientProtocolClient.java:onNext(255)) - client-8CDCEDECFFE4->3f4de2de-7d09-498f-aead-42327df81d94: receive RaftClientReply:client-8CDCEDECFFE4->3f4de2de-7d09-498f-aead-42327df81d94@group-C7908E81CC6B, cid=4420, SUCCESS, logIndex=6287, commits[3f4de2de-7d09-498f-aead-42327df81d94:c6288]
2019-08-05 04:38:47,395 INFO  client.GrpcClientProtocolClient (GrpcClientProtocolClient.java:onNext(255)) - client-8CDCEDECFFE4->3f4de2de-7d09-498f-aead-42327df81d94: receive RaftClientReply:client-8CDCEDECFFE4->3f4de2de-7d09-498f-aead-42327df81d94@group-C7908E81CC6B, cid=4421, SUCCESS, logIndex=6290, commits[3f4de2de-7d09-498f-aead-42327df81d94:c6291]
2019-08-05 04:38:47,395 INFO  client.GrpcClientProtocolClient (GrpcClientProtocolClient.java:onNext(255)) - client-8CDCEDECFFE4->3f4de2de-7d09-498f-aead-42327df81d94: receive RaftClientReply:client-8CDCEDECFFE4->3f4de2de-7d09-498f-aead-42327df81d94@group-C7908E81CC6B, cid=4422, SUCCESS, logIndex=6291, commits[3f4de2de-7d09-498f-aead-42327df81d94:c6291]
2019-08-05 04:38:47,462 DEBUG block.SCMBlockDeletingService (SCMBlockDeletingService.java:call(138)) - Running DeletedBlockTransactionScanner
2019-08-05 04:38:47,462 DEBUG block.SCMBlockDeletingService (SCMBlockDeletingService.java:call(155)) - Scanned deleted blocks log and got 0 delTX to process.
2019-08-05 04:38:47,563 DEBUG block.SCMBlockDeletingService (SCMBlockDeletingService.java:call(138)) - Running DeletedBlockTransactionScanner
2019-08-05 04:38:47,563 DEBUG block.SCMBlockDeletingService (SCMBlockDeletingService.java:call(155)) - Scanned deleted blocks log and got 0 delTX to process.
2019-08-05 04:38:47,663 DEBUG block.SCMBlockDeletingService (SCMBlockDeletingService.java:call(138)) - Running DeletedBlockTransactionScanner
2019-08-05 04:38:47,663 DEBUG block.SCMBlockDeletingService (SCMBlockDeletingService.java:call(155)) - Scanned deleted blocks log and got 0 delTX to process.
2019-08-05 04:38:47,764 DEBUG block.SCMBlockDeletingService (SCMBlockDeletingService.java:call(138)) - Running DeletedBlockTransactionScanner
2019-08-05 04:38:47,764 DEBUG block.SCMBlockDeletingService (SCMBlockDeletingService.java:call(155)) - Scanned deleted blocks log and got 0 delTX to process.
2019-08-05 04:38:47,864 DEBUG block.SCMBlockDeletingService (SCMBlockDeletingService.java:call(138)) - Running DeletedBlockTransactionScanner
2019-08-05 04:38:47,864 DEBUG block.SCMBlockDeletingService (SCMBlockDeletingService.java:call(155)) - Scanned deleted blocks log and got 0 delTX to process.
2019-08-05 04:38:47,888 INFO  server.SCMBlockProtocolServer (SCMBlockProtocolServer.java:deleteKeyBlocks(205)) - SCM is informed by OM to delete 1 blocks
2019-08-05 04:38:47,889 INFO  block.BlockManagerImpl (BlockManagerImpl.java:deleteBlocks(269)) - Deleting blocks conID: 1 locID: 102562519613767681 bcsId: 0,conID: 2 locID: 102562519614095362 bcsId: 0,conID: 3 locID: 102562519614095363 bcsId: 0,conID: 1 locID: 102562519614291972 bcsId: 0,conID: 2 locID: 102562519614291973 bcsId: 0,conID: 3 locID: 102562519614291974 bcsId: 0,conID: 1 locID: 102562520004820999 bcsId: 0,conID: 2 locID: 102562520010326024 bcsId: 0,conID: 3 locID: 102562520014913545 bcsId: 0,conID: 1 locID: 102562520019763210 bcsId: 0,conID: 2 locID: 102562520023957515 bcsId: 0,conID: 3 locID: 102562520028872716 bcsId: 0,conID: 1 locID: 102562520047288333 bcsId: 0,conID: 2 locID: 102562520051220494 bcsId: 0,conID: 3 locID: 102562520055349263 bcsId: 0,conID: 1 locID: 102562520059412496 bcsId: 0,conID: 2 locID: 102562520063279121 bcsId: 0,conID: 3 locID: 102562520073895954 bcsId: 0,conID: 1 locID: 102562520077434899 bcsId: 0,conID: 2 locID: 102562520082743316 bcsId: 0,conID: 3 locID: 102562520087068693 bcsId: 0,conID: 1 locID: 102562520090935318 bcsId: 0,conID: 2 locID: 102562520094605335 bcsId: 0,conID: 3 locID: 102562520105025560 bcsId: 0,conID: 1 locID: 102562520109023257 bcsId: 0,conID: 2 locID: 102562520112693274 bcsId: 0,conID: 3 locID: 102562520116690971 bcsId: 0,conID: 1 locID: 102562520121081884 bcsId: 0,conID: 2 locID: 102562520139104285 bcsId: 0,conID: 3 locID: 102562520143364126 bcsId: 0,conID: 1 locID: 102562520147230751 bcsId: 0,conID: 2 locID: 102562520151228448 bcsId: 0,conID: 3 locID: 102562520154767393 bcsId: 0,conID: 1 locID: 102562520159158306 bcsId: 0,conID: 2 locID: 102562520170102819 bcsId: 0,conID: 3 locID: 102562520173903908 bcsId: 0,conID: 1 locID: 102562520177770533 bcsId: 0,conID: 2 locID: 102562520181309478 bcsId: 0,conID: 3 locID: 102562520184848423 bcsId: 0,conID: 1 locID: 102562520195268648 bcsId: 0,conID: 2 locID: 102562520198873129 bcsId: 0,conID: 3 locID: 102562520202281002 bcsId: 0,conID: 1 locID: 102562520205623339 bcsId: 0,conID: 2 locID: 102562520209293356 bcsId: 0,conID: 3 locID: 102562520212766765 bcsId: 0,conID: 1 locID: 102562520223776814 bcsId: 0,conID: 2 locID: 102562520227381295 bcsId: 0,conID: 3 locID: 102562520237670448 bcsId: 0,conID: 1 locID: 102562520241340465 bcsId: 0,conID: 2 locID: 102562520244486194 bcsId: 0,conID: 3 locID: 102562520254251059 bcsId: 0,conID: 1 locID: 102562520257527860 bcsId: 0,conID: 2 locID: 102562520260804661 bcsId: 0,conID: 3 locID: 102562520264212534 bcsId: 0,conID: 1 locID: 102562520267489335 bcsId: 0,conID: 2 locID: 102562520271224888 bcsId: 0,conID: 3 locID: 102562520287215673 bcsId: 0,conID: 1 locID: 102562520291147834 bcsId: 0,conID: 2 locID: 102562520296718395 bcsId: 0,conID: 3 locID: 102562520300191804 bcsId: 0,conID: 1 locID: 102562520303599677 bcsId: 0,conID: 2 locID: 102562520313823294 bcsId: 0,conID: 3 locID: 102562520317362239 bcsId: 0,conID: 1 locID: 102562520320835648 bcsId: 0,conID: 2 locID: 102562520324505665 bcsId: 0,conID: 3 locID: 102562520332894274 bcsId: 0,conID: 1 locID: 102562520336498755 bcsId: 0,conID: 2 locID: 102562520346984516 bcsId: 0,conID: 3 locID: 102562520350851141 bcsId: 0,conID: 1 locID: 102562520354390086 bcsId: 0,conID: 2 locID: 102562520357666887 bcsId: 0,conID: 3 locID: 102562520360878152 bcsId: 0,conID: 1 locID: 102562520370839625 bcsId: 0,conID: 2 locID: 102562520379293770 bcsId: 0,conID: 3 locID: 102562520382963787 bcsId: 0,conID: 1 locID: 102562520386371660 bcsId: 0,conID: 2 locID: 102562520389845069 bcsId: 0,conID: 3 locID: 102562520393384014 bcsId: 0,conID: 1 locID: 102562520405180495 bcsId: 0,conID: 2 locID: 102562520408522832 bcsId: 0,conID: 3 locID: 102562520411471953 bcsId: 0,conID: 1 locID: 102562520414748754 bcsId: 0,conID: 2 locID: 102562520417960019 bcsId: 0,conID: 3 locID: 102562520433164372 bcsId: 0,conID: 1 locID: 102562520437162069 bcsId: 0,conID: 2 locID: 102562520440373334 bcsId: 0,conID: 3 locID: 102562520443519063 bcsId: 0,conID: 1 locID: 102562520446795864 bcsId: 0,conID: 2 locID: 102562520449941593 bcsId: 0,conID: 3 locID: 102562520459051098 bcsId: 0,conID: 1 locID: 102562520462524507 bcsId: 0,conID: 2 locID: 102562520470519900 bcsId: 0,conID: 3 locID: 102562520474124381 bcsId: 0,conID: 1 locID: 102562520478253150 bcsId: 0,conID: 2 locID: 102562520489459807 bcsId: 0,conID: 3 locID: 102562520492933216 bcsId: 0,conID: 1 locID: 102562520497520737 bcsId: 0,conID: 2 locID: 102562520501256290 bcsId: 0,conID: 3 locID: 102562520504664163 bcsId: 0,conID: 1 locID: 102562520508006500 bcsId: 0,conID: 2 locID: 102562520524783717 bcsId: 0,conID: 3 locID: 102562520528257126 bcsId: 0,conID: 1 locID: 102562520532779111 bcsId: 0,conID: 2 locID: 102562520536776808 bcsId: 0,conID: 3 locID: 102562520540119145 bcsId: 0,conID: 1 locID: 102562520549490794 bcsId: 0,conID: 2 locID: 102562520552767595 bcsId: 0,conID: 3 locID: 102562520556044396 bcsId: 0,conID: 1 locID: 102562520559976557 bcsId: 0,conID: 2 locID: 102562520567251054 bcsId: 0,conID: 3 locID: 102562520570986607 bcsId: 0,conID: 1 locID: 102562520581537904 bcsId: 0,conID: 2 locID: 102562520584749169 bcsId: 0,conID: 3 locID: 102562520587894898 bcsId: 0,conID: 1 locID: 102562520592023667 bcsId: 0,conID: 2 locID: 102562520595234932 bcsId: 0,conID: 3 locID: 102562520598249589 bcsId: 0,conID: 1 locID: 102562520613126262 bcsId: 0,conID: 2 locID: 102562520615878775 bcsId: 0,conID: 3 locID: 102562520618565752 bcsId: 0,conID: 1 locID: 102562520620662905 bcsId: 0,conID: 2 locID: 102562520623218810 bcsId: 0,conID: 3 locID: 102562520633180283 bcsId: 0,conID: 1 locID: 102562520636915836 bcsId: 0,conID: 2 locID: 102562520640585853 bcsId: 0,conID: 3 locID: 102562520644059262 bcsId: 0,conID: 1 locID: 102562520647467135 bcsId: 0,conID: 2 locID: 102562520651137152 bcsId: 0,conID: 3 locID: 102562520667127937 bcsId: 0,conID: 1 locID: 102562520670404738 bcsId: 0,conID: 2 locID: 102562520674336899 bcsId: 0,conID: 3 locID: 102562520677941380 bcsId: 0,conID: 1 locID: 102562520682266757 bcsId: 0,conID: 2 locID: 102562520691507334 bcsId: 0,conID: 3 locID: 102562520695373959 bcsId: 0,conID: 1 locID: 102562520703697032 bcsId: 0,conID: 2 locID: 102562520707367049 bcsId: 0,conID: 3 locID: 102562520710709386 bcsId: 0,conID: 1 locID: 102562520714182795 bcsId: 0,conID: 2 locID: 102562520725061772 bcsId: 0,conID: 3 locID: 102562520728666253 bcsId: 0,conID: 1 locID: 102562520732139662 bcsId: 0,conID: 2 locID: 102562520735285391 bcsId: 0,conID: 3 locID: 102562520738365584 bcsId: 0,conID: 1 locID: 102562520750555281 bcsId: 0,conID: 2 locID: 102562520753897618 bcsId: 0,conID: 3 locID: 102562520756977811 bcsId: 0,conID: 1 locID: 102562520764317844 bcsId: 0,conID: 2 locID: 102562520767791253 bcsId: 0,conID: 3 locID: 102562520771068054 bcsId: 0,conID: 1 locID: 102562520781488279 bcsId: 0,conID: 2 locID: 102562520785813656 bcsId: 0,conID: 3 locID: 102562520789483673 bcsId: 0,conID: 1 locID: 102562520797216922 bcsId: 0,conID: 2 locID: 102562520800886939 bcsId: 0,conID: 3 locID: 102562520810651804 bcsId: 0,conID: 1 locID: 102562520813731997 bcsId: 0,conID: 2 locID: 102562520816943262 bcsId: 0,conID: 3 locID: 102562520820154527 bcsId: 0,conID: 1 locID: 102562520823431328 bcsId: 0,conID: 2 locID: 102562520826708129 bcsId: 0,conID: 3 locID: 102562520839946402 bcsId: 0,conID: 1 locID: 102562520843223203 bcsId: 0,conID: 2 locID: 102562520846696612 bcsId: 0,conID: 3 locID: 102562520849580197 bcsId: 0,conID: 1 locID: 102562520852856998 bcsId: 0,conID: 2 locID: 102562520863080615 bcsId: 0,conID: 3 locID: 102562520866226344 bcsId: 0,conID: 1 locID: 102562520869634217 bcsId: 0,conID: 2 locID: 102562520873762986 bcsId: 0,conID: 3 locID: 102562520877367467 bcsId: 0,conID: 1 locID: 102562520885428396 bcsId: 0,conID: 2 locID: 102562520896372909 bcsId: 0,conID: 3 locID: 102562520899584174 bcsId: 0,conID: 1 locID: 102562520902860975 bcsId: 0,conID: 2 locID: 102562520906399920 bcsId: 0,conID: 3 locID: 102562520909873329 bcsId: 0,conID: 1 locID: 102562520919376050 bcsId: 0,conID: 2 locID: 102562520922128563 bcsId: 0,conID: 3 locID: 102562520929730740 bcsId: 0,conID: 1 locID: 102562520933007541 bcsId: 0,conID: 2 locID: 102562520936153270 bcsId: 0,conID: 3 locID: 102562520939430071 bcsId: 0,conID: 1 locID: 102562520949850296 bcsId: 0,conID: 2 locID: 102562520952996025 bcsId: 0,conID: 3 locID: 102562520956272826 bcsId: 0,conID: 1 locID: 102562520959418555 bcsId: 0,conID: 2 locID: 102562520962957500 bcsId: 0,conID: 3 locID: 102562520994480317 bcsId: 0,conID: 1 locID: 102562520997626046 bcsId: 0,conID: 2 locID: 102562521001033919 bcsId: 0,conID: 3 locID: 102562521004441792 bcsId: 0,conID: 1 locID: 102562521007718593 bcsId: 0,conID: 2 locID: 102562521011060930 bcsId: 0,conID: 3 locID: 102562521023250627 bcsId: 0,conID: 1 locID: 102562521026724036 bcsId: 0,conID: 2 locID: 102562521030197445 bcsId: 0,conID: 3 locID: 102562521036619974 bcsId: 0,conID: 1 locID: 102562521040093383 bcsId: 0,conID: 2 locID: 102562521049727176 bcsId: 0,conID: 3 locID: 102562521053003977 bcsId: 0,conID: 1 locID: 102562521056280778 bcsId: 0,conID: 2 locID: 102562521059295435 bcsId: 0,conID: 3 locID: 102562521062310092 bcsId: 0,conID: 1 locID: 102562521065586893 bcsId: 0,conID: 2 locID: 102562521077252302 bcsId: 0,conID: 3 locID: 102562521080594639 bcsId: 0,conID: 1 locID: 102562521083740368 bcsId: 0,conID: 2 locID: 102562521086886097 bcsId: 0,conID: 3 locID: 102562521089966290 bcsId: 0,conID: 1 locID: 102562521099010259 bcsId: 0,conID: 2 locID: 102562521105826004 bcsId: 0,conID: 3 locID: 102562521109430485 bcsId: 0,conID: 1 locID: 102562521112510678 bcsId: 0,conID: 2 locID: 102562521116442839 bcsId: 0,conID: 3 locID: 102562521119654104 bcsId: 0,conID: 1 locID: 102562521134989529 bcsId: 0,conID: 2 locID: 102562521138528474 bcsId: 0,conID: 3 locID: 102562521142264027 bcsId: 0,conID: 1 locID: 102562521145606364 bcsId: 0,conID: 2 locID: 102562521148948701 bcsId: 0,conID: 3 locID: 102562521152356574 bcsId: 0,conID: 1 locID: 102562521161990367 bcsId: 0,conID: 2 locID: 102562521165332704 bcsId: 0,conID: 3 locID: 102562521169395937 bcsId: 0,conID: 1 locID: 102562521174114530 bcsId: 0,conID: 2 locID: 102562521177325795 bcsId: 0,conID: 3 locID: 102562521192726756 bcsId: 0,conID: 1 locID: 102562521195806949 bcsId: 0,conID: 2 locID: 102562521199280358 bcsId: 0,conID: 3 locID: 102562521202950375 bcsId: 0,conID: 1 locID: 102562521206227176 bcsId: 0,conID: 2 locID: 102562521209372905 bcsId: 0,conID: 3 locID: 102562521220055274 bcsId: 0,conID: 1 locID: 102562521223594219 bcsId: 0,conID: 2 locID: 102562521227133164 bcsId: 0,conID: 3 locID: 102562521230868717 bcsId: 0,conID: 1 locID: 102562521234669806 bcsId: 0,conID: 2 locID: 102562521251774703 bcsId: 0,conID: 3 locID: 102562521255051504 bcsId: 0,conID: 1 locID: 102562521258655985 bcsId: 0,conID: 2 locID: 102562521262391538 bcsId: 0,conID: 3 locID: 102562521266127091 bcsId: 0,conID: 1 locID: 102562521269731572 bcsId: 0,conID: 2 locID: 102562521279496437 bcsId: 0,conID: 3 locID: 102562521282838774 bcsId: 0,conID: 1 locID: 102562521286246647 bcsId: 0,conID: 2 locID: 102562521289720056 bcsId: 0,conID: 3 locID: 102562521293193465 bcsId: 0,conID: 1 locID: 102562521309446394 bcsId: 0,conID: 2 locID: 102562521313247483 bcsId: 0,conID: 3 locID: 102562521316524284 bcsId: 0,conID: 1 locID: 102562521319801085 bcsId: 0,conID: 2 locID: 102562521323208958 bcsId: 0,conID: 3 locID: 102562521326616831 bcsId: 0,conID: 1 locID: 102562521335988480 bcsId: 0,conID: 2 locID: 102562521339330817 bcsId: 0,conID: 3 locID: 102562521342738690 bcsId: 0,conID: 1 locID: 102562521346146563 bcsId: 0,conID: 2 locID: 102562521350013188 bcsId: 0,conID: 3 locID: 102562521366659333 bcsId: 0,conID: 1 locID: 102562521369542918 bcsId: 0,conID: 2 locID: 102562521372688647 bcsId: 0,conID: 3 locID: 102562521376686344 bcsId: 0,conID: 1 locID: 102562521380356361 bcsId: 0,conID: 2 locID: 102562521383960842 bcsId: 0,conID: 3 locID: 102562521394315531 bcsId: 0,conID: 1 locID: 102562521397985548 bcsId: 0,conID: 2 locID: 102562521401327885 bcsId: 0,conID: 3 locID: 102562521404342542 bcsId: 0,conID: 1 locID: 102562521407226127 bcsId: 0,conID: 2 locID: 102562521422561552 bcsId: 0,conID: 3 locID: 102562521426034961 bcsId: 0,conID: 1 locID: 102562521429639442 bcsId: 0,conID: 2 locID: 102562521433571603 bcsId: 0,conID: 3 locID: 102562521437176084 bcsId: 0,conID: 1 locID: 102562521440518421 bcsId: 0,conID: 2 locID: 102562521452249366 bcsId: 0,conID: 3 locID: 102562521456705815 bcsId: 0,conID: 1 locID: 102562521460506904 bcsId: 0,conID: 2 locID: 102562521464766745 bcsId: 0,conID: 3 locID: 102562521469026586 bcsId: 0,conID: 1 locID: 102562521484886299 bcsId: 0,conID: 2 locID: 102562521488621852 bcsId: 0,conID: 3 locID: 102562521492291869 bcsId: 0,conID: 1 locID: 102562521495568670 bcsId: 0,conID: 2 locID: 102562521498779935 bcsId: 0,conID: 3 locID: 102562521501860128 bcsId: 0,conID: 1 locID: 102562521511166241 bcsId: 0,conID: 2 locID: 102562521514377506 bcsId: 0,conID: 3 locID: 102562521517850915 bcsId: 0,conID: 1 locID: 102562521521193252 bcsId: 0,conID: 2 locID: 102562521524011301 bcsId: 0,conID: 3 locID: 102562521533382950 bcsId: 0,conID: 1 locID: 102562521541640487 bcsId: 0,conID: 2 locID: 102562521544524072 bcsId: 0,conID: 3 locID: 102562521546948905 bcsId: 0,conID: 1 locID: 102562521549832490 bcsId: 0,conID: 2 locID: 102562521553436971 bcsId: 0,conID: 3 locID: 102562521563463980 bcsId: 0,conID: 1 locID: 102562521567133997 bcsId: 0,conID: 2 locID: 102562521570148654 bcsId: 0,conID: 3 locID: 102562521573818671 bcsId: 0,conID: 1 locID: 102562521577357616 bcsId: 0,conID: 2 locID: 102562521587908913 bcsId: 0,conID: 3 locID: 102562521591972146 bcsId: 0,conID: 1 locID: 102562521595773235 bcsId: 0,conID: 2 locID: 102562521604817204 bcsId: 0,conID: 3 locID: 102562521608552757 bcsId: 0,conID: 1 locID: 102562521611567414 bcsId: 0,conID: 2 locID: 102562521622315319 bcsId: 0,conID: 3 locID: 102562521625657656 bcsId: 0,conID: 1 locID: 102562521629327673 bcsId: 0,conID: 2 locID: 102562521634701626 bcsId: 0,conID: 3 locID: 102562521638437179 bcsId: 0,conID: 1 locID: 102562521649774908 bcsId: 0,conID: 2 locID: 102562521653313853 bcsId: 0,conID: 3 locID: 102562521656197438 bcsId: 0,conID: 1 locID: 102562521659801919 bcsId: 0,conID: 2 locID: 102562521663078720 bcsId: 0,conID: 3 locID: 102562521674547521 bcsId: 0,conID: 1 locID: 102562521686344002 bcsId: 0,conID: 2 locID: 102562521689817411 bcsId: 0,conID: 3 locID: 102562521694077252 bcsId: 0,conID: 1 locID: 102562521698468165 bcsId: 0,conID: 2 locID: 102562521702072646 bcsId: 0,conID: 3 locID: 102562521706201415 bcsId: 0,conID: 1 locID: 102562521717342536 bcsId: 0,conID: 2 locID: 102562521721209161 bcsId: 0,conID: 3 locID: 102562521724813642 bcsId: 0,conID: 1 locID: 102562521728614731 bcsId: 0,conID: 2 locID: 102562521732350284 bcsId: 0,conID: 3 locID: 102562521749389645 bcsId: 0,conID: 1 locID: 102562521753125198 bcsId: 0,conID: 2 locID: 102562521757974863 bcsId: 0,conID: 3 locID: 102562521761644880 bcsId: 0,conID: 1 locID: 102562521765249361 bcsId: 0,conID: 2 locID: 102562521768067410 bcsId: 0,conID: 3 locID: 102562521779994963 bcsId: 0,conID: 1 locID: 102562521784058196 bcsId: 0,conID: 2 locID: 102562521786941781 bcsId: 0,conID: 3 locID: 102562521790546262 bcsId: 0,conID: 1 locID: 102562521793560919 bcsId: 0,conID: 2 locID: 102562521809355096 bcsId: 0,conID: 3 locID: 102562521813090649 bcsId: 0,conID: 1 locID: 102562521816498522 bcsId: 0,conID: 2 locID: 102562521819906395 bcsId: 0,conID: 3 locID: 102562521823379804 bcsId: 0,conID: 1 locID: 102562521826591069 bcsId: 0,conID: 2 locID: 102562521837535582 bcsId: 0,conID: 3 locID: 102562521840943455 bcsId: 0,conID: 1 locID: 102562521845268832 bcsId: 0,conID: 2 locID: 102562521848938849 bcsId: 0,conID: 3 locID: 102562521852084578 bcsId: 0,conID: 1 locID: 102562521866961251 bcsId: 0,conID: 2 locID: 102562521870893412 bcsId: 0,conID: 3 locID: 102562521874301285 bcsId: 0,conID: 1 locID: 102562521876988262 bcsId: 0,conID: 2 locID: 102562521880265063 bcsId: 0,conID: 3 locID: 102562521883214184 bcsId: 0,conID: 1 locID: 102562521894355305 bcsId: 0,conID: 2 locID: 102562521898025322 bcsId: 0,conID: 3 locID: 102562521901498731 bcsId: 0,conID: 1 locID: 102562521904972140 bcsId: 0,conID: 2 locID: 102562521908511085 bcsId: 0,conID: 3 locID: 102562521925419374 bcsId: 0,conID: 1 locID: 102562521929351535 bcsId: 0,conID: 2 locID: 102562521933480304 bcsId: 0,conID: 3 locID: 102562521937084785 bcsId: 0,conID: 1 locID: 102562521940623730 bcsId: 0,conID: 2 locID: 102562521944490355 bcsId: 0,conID: 3 locID: 102562521956090228 bcsId: 0,conID: 1 locID: 102562521959825781 bcsId: 0,conID: 2 locID: 102562521963430262 bcsId: 0,conID: 3 locID: 102562521968279927 bcsId: 0,conID: 1 locID: 102562521972081016 bcsId: 0,conID: 2 locID: 102562521989448057 bcsId: 0,conID: 3 locID: 102562521993511290 bcsId: 0,conID: 1 locID: 102562521997508987 bcsId: 0,conID: 2 locID: 102562522001375612 bcsId: 0,conID: 3 locID: 102562522005111165 bcsId: 0,conID: 1 locID: 102562522009305470 bcsId: 0,conID: 2 locID: 102562522020118911 bcsId: 0,conID: 3 locID: 102562522023330176 bcsId: 0,conID: 1 locID: 102562522026344833 bcsId: 0,conID: 2 locID: 102562522029687170 bcsId: 0,conID: 3 locID: 102562522032963971 bcsId: 0,conID: 1 locID: 102562522064290180 bcsId: 0,conID: 2 locID: 102562522067239301 bcsId: 0,conID: 3 locID: 102562522070778246 bcsId: 0,conID: 1 locID: 102562522074120583 bcsId: 0,conID: 2 locID: 102562522077659528 bcsId: 0,conID: 3 locID: 102562522081067401 bcsId: 0,conID: 1 locID: 102562522091487626 bcsId: 0,conID: 2 locID: 102562522095157643 bcsId: 0,conID: 3 locID: 102562522099876236 bcsId: 0,conID: 1 locID: 102562522103677325 bcsId: 0,conID: 2 locID: 102562522107412878 bcsId: 0,conID: 3 locID: 102562522122420623 bcsId: 0,conID: 1 locID: 102562522126090640 bcsId: 0,conID: 2 locID: 102562522130153873 bcsId: 0,conID: 3 locID: 102562522133954962 bcsId: 0,conID: 1 locID: 102562522137428371 bcsId: 0,conID: 2 locID: 102562522141032852 bcsId: 0,conID: 3 locID: 102562522154205589 bcsId: 0,conID: 1 locID: 102562522158530966 bcsId: 0,conID: 2 locID: 102562522162397591 bcsId: 0,conID: 3 locID: 102562522166067608 bcsId: 0,conID: 1 locID: 102562522168951193 bcsId: 0,conID: 2 locID: 102562522184221082 bcsId: 0,conID: 3 locID: 102562522187956635 bcsId: 0,conID: 1 locID: 102562522191823260 bcsId: 0,conID: 2 locID: 102562522194968989 bcsId: 0,conID: 3 locID: 102562522198573470 bcsId: 0,conID: 1 locID: 102562522202177951 bcsId: 0,conID: 2 locID: 102562522212008352 bcsId: 0,conID: 3 locID: 102562522215416225 bcsId: 0,conID: 1 locID: 102562522218824098 bcsId: 0,conID: 2 locID: 102562522221707683 bcsId: 0,conID: 3 locID: 102562522224918948 bcsId: 0,conID: 1 locID: 102562522240057765 bcsId: 0,conID: 2 locID: 102562522244645286 bcsId: 0,conID: 3 locID: 102562522248446375 bcsId: 0,conID: 1 locID: 102562522252116392 bcsId: 0,conID: 2 locID: 102562522255196585 bcsId: 0,conID: 3 locID: 102562522258014634 bcsId: 0,conID: 1 locID: 102562522267845035 bcsId: 0,conID: 2 locID: 102562522271318444 bcsId: 0,conID: 3 locID: 102562522295370157 bcsId: 0,conID: 1 locID: 102562522367197614 bcsId: 0,conID: 2 locID: 102562523150156207 bcsId: 0,conID: 3 locID: 102562523361051056 bcsId: 0,conID: 1 locID: 102562523375993265 bcsId: 0,conID: 2 locID: 102562523380449714 bcsId: 0,conID: 3 locID: 102562523384185267 bcsId: 0,conID: 1 locID: 102562523389559220 bcsId: 0,conID: 2 locID: 102562523394212277 bcsId: 0,conID: 3 locID: 102562523405353398 bcsId: 0,conID: 1 locID: 102562523409023415 bcsId: 0,conID: 2 locID: 102562523412693432 bcsId: 0,conID: 3 locID: 102562523415642553 bcsId: 0,conID: 1 locID: 102562523419312570 bcsId: 0,conID: 2 locID: 102562523422917051 bcsId: 0,conID: 3 locID: 102562523436155324 bcsId: 0,conID: 1 locID: 102562523439694269 bcsId: 0,conID: 2 locID: 102562523443757502 bcsId: 0,conID: 3 locID: 102562523448345023 bcsId: 0,conID: 1 locID: 102562523452146112 bcsId: 0,conID: 2 locID: 102562523462959553 bcsId: 0,conID: 3 locID: 102562523466564034 bcsId: 0,conID: 1 locID: 102562523469709763 bcsId: 0,conID: 2 locID: 102562523472986564 bcsId: 0,conID: 3 locID: 102562523476459973 bcsId: 0,conID: 1 locID: 102562523480064454 bcsId: 0,conID: 2 locID: 102562523494810055 bcsId: 0,conID: 3 locID: 102562523498283464 bcsId: 0,conID: 1 locID: 102562523501822409 bcsId: 0,conID: 2 locID: 102562523505492426 bcsId: 0,conID: 3 locID: 102562523508900299 bcsId: 0,conID: 1 locID: 102562523519648204 bcsId: 0,conID: 2 locID: 102562523523318221 bcsId: 0,conID: 3 locID: 102562523526922702 bcsId: 0,conID: 1 locID: 102562523530461647 bcsId: 0,conID: 2 locID: 102562523533935056 bcsId: 0,conID: 3 locID: 102562523537408465 bcsId: 0,conID: 1 locID: 102562523552481746 bcsId: 0,conID: 2 locID: 102562523556020691 bcsId: 0,conID: 3 locID: 102562523559821780 bcsId: 0,conID: 1 locID: 102562523563491797 bcsId: 0,conID: 2 locID: 102562523566834134 bcsId: 0,conID: 3 locID: 102562523577385431 bcsId: 0,conID: 1 locID: 102562523580924376 bcsId: 0,conID: 2 locID: 102562523584201177 bcsId: 0,conID: 3 locID: 102562523587871194 bcsId: 0,conID: 1 locID: 102562523591410139 bcsId: 0,conID: 2 locID: 102562523594818012 bcsId: 0,conID: 3 locID: 102562523609235933 bcsId: 0,conID: 1 locID: 102562523612709342 bcsId: 0,conID: 2 locID: 102562523616379359 bcsId: 0,conID: 3 locID: 102562523619852768 bcsId: 0,conID: 1 locID: 102562523623326177 bcsId: 0,conID: 2 locID: 102562523634663906 bcsId: 0,conID: 3 locID: 102562523719336419 bcsId: 0,conID: 1 locID: 102562524009988580 bcsId: 0,conID: 2 locID: 102562524014445029 bcsId: 0,conID: 3 locID: 102562524018246118 bcsId: 0,conID: 1 locID: 102562524021129703 bcsId: 0,conID: 2 locID: 102562524035285480 bcsId: 0,conID: 3 locID: 102562524042035689 bcsId: 0,conID: 1 locID: 102562524045574634 bcsId: 0,conID: 2 locID: 102562524049637867 bcsId: 0,conID: 3 locID: 102562524053504492 bcsId: 0,conID: 1 locID: 102562524063662573 bcsId: 0,conID: 2 locID: 102562524067398126 bcsId: 0,conID: 3 locID: 102562524071133679 bcsId: 0,conID: 1 locID: 102562524074869232 bcsId: 0,conID: 2 locID: 102562524079718897 bcsId: 0,conID: 3 locID: 102562524083651058 bcsId: 0,conID: 1 locID: 102562524093219315 bcsId: 0,conID: 2 locID: 102562524101673460 bcsId: 0,conID: 3 locID: 102562524106523125 bcsId: 0,conID: 1 locID: 102562524111176182 bcsId: 0,conID: 2 locID: 102562524115173879 bcsId: 0,conID: 3 locID: 102562524125987320 bcsId: 0,conID: 1 locID: 102562524129788409 bcsId: 0,conID: 2 locID: 102562524133589498 bcsId: 0,conID: 3 locID: 102562524137062907 bcsId: 0,conID: 1 locID: 102562524140732924 bcsId: 0,conID: 2 locID: 102562524144337405 bcsId: 0,conID: 3 locID: 102562524156199422 bcsId: 0,conID: 1 locID: 102562524159869439 bcsId: 0,conID: 2 locID: 102562524163736064 bcsId: 0,conID: 3 locID: 102562524171928065 bcsId: 0,conID: 1 locID: 102562524176253442 bcsId: 0,conID: 2 locID: 102562524187394563 bcsId: 0,conID: 3 locID: 102562524190867972 bcsId: 0,conID: 1 locID: 102562524195193349 bcsId: 0,conID: 2 locID: 102562524198863366 bcsId: 0,conID: 3 locID: 102562524202205703 bcsId: 0,conID: 1 locID: 102562524205810184 bcsId: 0,conID: 2 locID: 102562524214133257 bcsId: 0,conID: 3 locID: 102562524217475594 bcsId: 0,conID: 1 locID: 102562524220752395 bcsId: 0,conID: 2 locID: 102562524223898124 bcsId: 0,conID: 3 locID: 102562524227174925 bcsId: 0,conID: 1 locID: 102562524242510350 bcsId: 0,conID: 2 locID: 102562524246573583 bcsId: 0,conID: 3 locID: 102562524250309136 bcsId: 0,conID: 1 locID: 102562524254568977 bcsId: 0,conID: 2 locID: 102562524258042386 bcsId: 0,conID: 3 locID: 102562524261712403 bcsId: 0,conID: 1 locID: 102562524270887444 bcsId: 0,conID: 2 locID: 102562524278293013 bcsId: 0,conID: 3 locID: 102562524282094102 bcsId: 0,conID: 1 locID: 102562524285960727 bcsId: 0,conID: 2 locID: 102562524289106456 bcsId: 0,conID: 3 locID: 102562524302017049 bcsId: 0,conID: 1 locID: 102562524305621530 bcsId: 0,conID: 2 locID: 102562524308767259 bcsId: 0,conID: 3 locID: 102562524312568348 bcsId: 0,conID: 1 locID: 102562524455043613 bcsId: 0,conID: 2 locID: 102562524458844702 bcsId: 0,conID: 3 locID: 102562524470903327 bcsId: 0,conID: 1 locID: 102562524474049056 bcsId: 0,conID: 2 locID: 102562524478439969 bcsId: 0,conID: 3 locID: 102562524482306594 bcsId: 0,conID: 1 locID: 102562524485648931 bcsId: 0,conID: 2 locID: 102562524489187876 bcsId: 0,conID: 3 locID: 102562524503081509 bcsId: 0,conID: 1 locID: 102562524508062246 bcsId: 0,conID: 2 locID: 102562524512584231 bcsId: 0,conID: 3 locID: 102562524515598888 bcsId: 0,conID: 1 locID: 102562524519072297 bcsId: 0
2019-08-05 04:38:47,965 DEBUG block.SCMBlockDeletingService (SCMBlockDeletingService.java:call(138)) - Running DeletedBlockTransactionScanner
2019-08-05 04:38:47,966 DEBUG block.SCMBlockDeletingService (SCMBlockDeletingService.java:call(155)) - Scanned deleted blocks log and got 0 delTX to process.
2019-08-05 04:38:48,066 DEBUG block.SCMBlockDeletingService (SCMBlockDeletingService.java:call(138)) - Running DeletedBlockTransactionScanner
2019-08-05 04:38:48,067 DEBUG block.SCMBlockDeletingService (SCMBlockDeletingService.java:call(155)) - Scanned deleted blocks log and got 0 delTX to process.
2019-08-05 04:38:48,167 DEBUG block.SCMBlockDeletingService (SCMBlockDeletingService.java:call(138)) - Running DeletedBlockTransactionScanner
2019-08-05 04:38:48,168 DEBUG block.SCMBlockDeletingService (SCMBlockDeletingService.java:call(155)) - Scanned deleted blocks log and got 0 delTX to process.
2019-08-05 04:38:48,268 DEBUG block.SCMBlockDeletingService (SCMBlockDeletingService.java:call(138)) - Running DeletedBlockTransactionScanner
2019-08-05 04:38:48,269 DEBUG block.SCMBlockDeletingService (SCMBlockDeletingService.java:call(155)) - Scanned deleted blocks log and got 0 delTX to process.
2019-08-05 04:38:48,369 DEBUG block.SCMBlockDeletingService (SCMBlockDeletingService.java:call(138)) - Running DeletedBlockTransactionScanner
2019-08-05 04:38:48,370 DEBUG block.SCMBlockDeletingService (SCMBlockDeletingService.java:call(155)) - Scanned deleted blocks log and got 0 delTX to process.
2019-08-05 04:38:48,470 DEBUG block.SCMBlockDeletingService (SCMBlockDeletingService.java:call(138)) - Running DeletedBlockTransactionScanner
2019-08-05 04:38:48,471 DEBUG block.SCMBlockDeletingService (SCMBlockDeletingService.java:call(155)) - Scanned deleted blocks log and got 0 delTX to process.
2019-08-05 04:38:48,571 DEBUG block.SCMBlockDeletingService (SCMBlockDeletingService.java:call(138)) - Running DeletedBlockTransactionScanner
2019-08-05 04:38:48,572 DEBUG block.SCMBlockDeletingService (SCMBlockDeletingService.java:call(155)) - Scanned deleted blocks log and got 0 delTX to process.
2019-08-05 04:38:48,672 DEBUG block.SCMBlockDeletingService (SCMBlockDeletingService.java:call(138)) - Running DeletedBlockTransactionScanner
2019-08-05 04:38:48,673 DEBUG block.SCMBlockDeletingService (SCMBlockDeletingService.java:call(155)) - Scanned deleted blocks log and got 0 delTX to process.
2019-08-05 04:38:48,773 DEBUG block.SCMBlockDeletingService (SCMBlockDeletingService.java:call(138)) - Running DeletedBlockTransactionScanner
2019-08-05 04:38:48,774 DEBUG block.SCMBlockDeletingService (SCMBlockDeletingService.java:call(155)) - Scanned deleted blocks log and got 0 delTX to process.
2019-08-05 04:38:48,874 DEBUG block.SCMBlockDeletingService (SCMBlockDeletingService.java:call(138)) - Running DeletedBlockTransactionScanner
2019-08-05 04:38:48,875 DEBUG block.SCMBlockDeletingService (SCMBlockDeletingService.java:call(155)) - Scanned deleted blocks log and got 0 delTX to process.
2019-08-05 04:38:48,975 DEBUG block.SCMBlockDeletingService (SCMBlockDeletingService.java:call(138)) - Running DeletedBlockTransactionScanner
2019-08-05 04:38:48,976 DEBUG block.SCMBlockDeletingService (SCMBlockDeletingService.java:call(155)) - Scanned deleted blocks log and got 0 delTX to process.
2019-08-05 04:38:49,076 DEBUG block.SCMBlockDeletingService (SCMBlockDeletingService.java:call(138)) - Running DeletedBlockTransactionScanner
2019-08-05 04:38:49,077 DEBUG block.SCMBlockDeletingService (SCMBlockDeletingService.java:call(155)) - Scanned deleted blocks log and got 0 delTX to process.
2019-08-05 04:38:49,177 DEBUG block.SCMBlockDeletingService (SCMBlockDeletingService.java:call(138)) - Running DeletedBlockTransactionScanner
2019-08-05 04:38:49,178 DEBUG block.SCMBlockDeletingService (SCMBlockDeletingService.java:call(155)) - Scanned deleted blocks log and got 0 delTX to process.
2019-08-05 04:38:49,278 DEBUG block.SCMBlockDeletingService (SCMBlockDeletingService.java:call(138)) - Running DeletedBlockTransactionScanner
2019-08-05 04:38:49,279 DEBUG block.SCMBlockDeletingService (SCMBlockDeletingService.java:call(155)) - Scanned deleted blocks log and got 0 delTX to process.
2019-08-05 04:38:49,379 DEBUG block.SCMBlockDeletingService (SCMBlockDeletingService.java:call(138)) - Running DeletedBlockTransactionScanner
2019-08-05 04:38:49,379 DEBUG block.SCMBlockDeletingService (SCMBlockDeletingService.java:call(155)) - Scanned deleted blocks log and got 0 delTX to process.
2019-08-05 04:38:49,480 DEBUG block.SCMBlockDeletingService (SCMBlockDeletingService.java:call(138)) - Running DeletedBlockTransactionScanner
2019-08-05 04:38:49,480 DEBUG block.SCMBlockDeletingService (SCMBlockDeletingService.java:call(155)) - Scanned deleted blocks log and got 0 delTX to process.
2019-08-05 04:38:49,581 DEBUG block.SCMBlockDeletingService (SCMBlockDeletingService.java:call(138)) - Running DeletedBlockTransactionScanner
2019-08-05 04:38:49,582 DEBUG block.SCMBlockDeletingService (SCMBlockDeletingService.java:call(155)) - Scanned deleted blocks log and got 0 delTX to process.
2019-08-05 04:38:49,682 DEBUG block.SCMBlockDeletingService (SCMBlockDeletingService.java:call(138)) - Running DeletedBlockTransactionScanner
2019-08-05 04:38:49,683 DEBUG block.SCMBlockDeletingService (SCMBlockDeletingService.java:call(155)) - Scanned deleted blocks log and got 0 delTX to process.
2019-08-05 04:38:49,783 DEBUG block.SCMBlockDeletingService (SCMBlockDeletingService.java:call(138)) - Running DeletedBlockTransactionScanner
2019-08-05 04:38:49,784 DEBUG block.SCMBlockDeletingService (SCMBlockDeletingService.java:call(155)) - Scanned deleted blocks log and got 0 delTX to process.
2019-08-05 04:38:49,885 DEBUG block.SCMBlockDeletingService (SCMBlockDeletingService.java:call(138)) - Running DeletedBlockTransactionScanner
2019-08-05 04:38:49,885 DEBUG block.SCMBlockDeletingService (SCMBlockDeletingService.java:call(155)) - Scanned deleted blocks log and got 0 delTX to process.
2019-08-05 04:38:49,986 DEBUG block.SCMBlockDeletingService (SCMBlockDeletingService.java:call(138)) - Running DeletedBlockTransactionScanner
2019-08-05 04:38:49,986 DEBUG block.SCMBlockDeletingService (SCMBlockDeletingService.java:call(155)) - Scanned deleted blocks log and got 0 delTX to process.
2019-08-05 04:38:50,087 DEBUG block.SCMBlockDeletingService (SCMBlockDeletingService.java:call(138)) - Running DeletedBlockTransactionScanner
2019-08-05 04:38:50,087 DEBUG block.SCMBlockDeletingService (SCMBlockDeletingService.java:call(155)) - Scanned deleted blocks log and got 0 delTX to process.
2019-08-05 04:38:50,188 DEBUG block.SCMBlockDeletingService (SCMBlockDeletingService.java:call(138)) - Running DeletedBlockTransactionScanner
2019-08-05 04:38:50,188 DEBUG block.SCMBlockDeletingService (SCMBlockDeletingService.java:call(155)) - Scanned deleted blocks log and got 0 delTX to process.
2019-08-05 04:38:50,289 DEBUG block.SCMBlockDeletingService (SCMBlockDeletingService.java:call(138)) - Running DeletedBlockTransactionScanner
2019-08-05 04:38:50,289 DEBUG block.SCMBlockDeletingService (SCMBlockDeletingService.java:call(155)) - Scanned deleted blocks log and got 0 delTX to process.
2019-08-05 04:38:50,390 DEBUG block.SCMBlockDeletingService (SCMBlockDeletingService.java:call(138)) - Running DeletedBlockTransactionScanner
2019-08-05 04:38:50,390 DEBUG block.SCMBlockDeletingService (SCMBlockDeletingService.java:call(155)) - Scanned deleted blocks log and got 0 delTX to process.
2019-08-05 04:38:50,491 DEBUG block.SCMBlockDeletingService (SCMBlockDeletingService.java:call(138)) - Running DeletedBlockTransactionScanner
2019-08-05 04:38:50,491 DEBUG block.SCMBlockDeletingService (SCMBlockDeletingService.java:call(155)) - Scanned deleted blocks log and got 0 delTX to process.
2019-08-05 04:38:50,592 DEBUG block.SCMBlockDeletingService (SCMBlockDeletingService.java:call(138)) - Running DeletedBlockTransactionScanner
2019-08-05 04:38:50,592 DEBUG block.SCMBlockDeletingService (SCMBlockDeletingService.java:call(155)) - Scanned deleted blocks log and got 0 delTX to process.
2019-08-05 04:38:50,693 DEBUG block.SCMBlockDeletingService (SCMBlockDeletingService.java:call(138)) - Running DeletedBlockTransactionScanner
2019-08-05 04:38:50,693 DEBUG block.SCMBlockDeletingService (SCMBlockDeletingService.java:call(155)) - Scanned deleted blocks log and got 0 delTX to process.
2019-08-05 04:38:50,794 DEBUG block.SCMBlockDeletingService (SCMBlockDeletingService.java:call(138)) - Running DeletedBlockTransactionScanner
2019-08-05 04:38:50,794 DEBUG block.SCMBlockDeletingService (SCMBlockDeletingService.java:call(155)) - Scanned deleted blocks log and got 0 delTX to process.
2019-08-05 04:38:50,895 DEBUG block.SCMBlockDeletingService (SCMBlockDeletingService.java:call(138)) - Running DeletedBlockTransactionScanner
2019-08-05 04:38:50,895 DEBUG block.SCMBlockDeletingService (SCMBlockDeletingService.java:call(155)) - Scanned deleted blocks log and got 0 delTX to process.
2019-08-05 04:38:50,996 DEBUG block.SCMBlockDeletingService (SCMBlockDeletingService.java:call(138)) - Running DeletedBlockTransactionScanner
2019-08-05 04:38:50,996 DEBUG block.SCMBlockDeletingService (SCMBlockDeletingService.java:call(155)) - Scanned deleted blocks log and got 0 delTX to process.
2019-08-05 04:38:51,097 DEBUG block.SCMBlockDeletingService (SCMBlockDeletingService.java:call(138)) - Running DeletedBlockTransactionScanner
2019-08-05 04:38:51,097 DEBUG block.SCMBlockDeletingService (SCMBlockDeletingService.java:call(155)) - Scanned deleted blocks log and got 0 delTX to process.
2019-08-05 04:38:51,198 DEBUG block.SCMBlockDeletingService (SCMBlockDeletingService.java:call(138)) - Running DeletedBlockTransactionScanner
2019-08-05 04:38:51,199 DEBUG block.SCMBlockDeletingService (SCMBlockDeletingService.java:call(155)) - Scanned deleted blocks log and got 0 delTX to process.
2019-08-05 04:38:51,299 DEBUG block.SCMBlockDeletingService (SCMBlockDeletingService.java:call(138)) - Running DeletedBlockTransactionScanner
2019-08-05 04:38:51,300 DEBUG block.SCMBlockDeletingService (SCMBlockDeletingService.java:call(155)) - Scanned deleted blocks log and got 0 delTX to process.
2019-08-05 04:38:51,400 DEBUG block.SCMBlockDeletingService (SCMBlockDeletingService.java:call(138)) - Running DeletedBlockTransactionScanner
2019-08-05 04:38:51,401 DEBUG block.SCMBlockDeletingService (SCMBlockDeletingService.java:call(155)) - Scanned deleted blocks log and got 0 delTX to process.
2019-08-05 04:38:51,501 DEBUG block.SCMBlockDeletingService (SCMBlockDeletingService.java:call(138)) - Running DeletedBlockTransactionScanner
2019-08-05 04:38:51,502 DEBUG block.SCMBlockDeletingService (SCMBlockDeletingService.java:call(155)) - Scanned deleted blocks log and got 0 delTX to process.
2019-08-05 04:38:51,602 DEBUG block.SCMBlockDeletingService (SCMBlockDeletingService.java:call(138)) - Running DeletedBlockTransactionScanner
2019-08-05 04:38:51,603 DEBUG block.SCMBlockDeletingService (SCMBlockDeletingService.java:call(155)) - Scanned deleted blocks log and got 0 delTX to process.
2019-08-05 04:38:51,703 DEBUG block.SCMBlockDeletingService (SCMBlockDeletingService.java:call(138)) - Running DeletedBlockTransactionScanner
2019-08-05 04:38:51,705 DEBUG block.SCMBlockDeletingService (SCMBlockDeletingService.java:call(155)) - Scanned deleted blocks log and got 0 delTX to process.
2019-08-05 04:38:51,805 DEBUG block.SCMBlockDeletingService (SCMBlockDeletingService.java:call(138)) - Running DeletedBlockTransactionScanner
2019-08-05 04:38:51,806 DEBUG block.SCMBlockDeletingService (SCMBlockDeletingService.java:call(155)) - Scanned deleted blocks log and got 0 delTX to process.
2019-08-05 04:38:51,906 DEBUG block.SCMBlockDeletingService (SCMBlockDeletingService.java:call(138)) - Running DeletedBlockTransactionScanner
2019-08-05 04:38:51,907 DEBUG block.SCMBlockDeletingService (SCMBlockDeletingService.java:call(155)) - Scanned deleted blocks log and got 0 delTX to process.
2019-08-05 04:38:52,007 DEBUG block.SCMBlockDeletingService (SCMBlockDeletingService.java:call(138)) - Running DeletedBlockTransactionScanner
2019-08-05 04:38:52,007 DEBUG block.SCMBlockDeletingService (SCMBlockDeletingService.java:call(155)) - Scanned deleted blocks log and got 0 delTX to process.
2019-08-05 04:38:52,108 DEBUG block.SCMBlockDeletingService (SCMBlockDeletingService.java:call(138)) - Running DeletedBlockTransactionScanner
2019-08-05 04:38:52,108 DEBUG block.SCMBlockDeletingService (SCMBlockDeletingService.java:call(155)) - Scanned deleted blocks log and got 0 delTX to process.
2019-08-05 04:38:52,209 DEBUG block.SCMBlockDeletingService (SCMBlockDeletingService.java:call(138)) - Running DeletedBlockTransactionScanner
2019-08-05 04:38:52,209 DEBUG block.SCMBlockDeletingService (SCMBlockDeletingService.java:call(155)) - Scanned deleted blocks log and got 0 delTX to process.
2019-08-05 04:38:52,310 DEBUG block.SCMBlockDeletingService (SCMBlockDeletingService.java:call(138)) - Running DeletedBlockTransactionScanner
2019-08-05 04:38:52,310 DEBUG block.SCMBlockDeletingService (SCMBlockDeletingService.java:call(155)) - Scanned deleted blocks log and got 0 delTX to process.
2019-08-05 04:38:52,411 DEBUG block.SCMBlockDeletingService (SCMBlockDeletingService.java:call(138)) - Running DeletedBlockTransactionScanner
2019-08-05 04:38:52,411 DEBUG block.SCMBlockDeletingService (SCMBlockDeletingService.java:call(155)) - Scanned deleted blocks log and got 0 delTX to process.
2019-08-05 04:38:52,512 DEBUG block.SCMBlockDeletingService (SCMBlockDeletingService.java:call(138)) - Running DeletedBlockTransactionScanner
2019-08-05 04:38:52,512 DEBUG block.SCMBlockDeletingService (SCMBlockDeletingService.java:call(155)) - Scanned deleted blocks log and got 0 delTX to process.
2019-08-05 04:38:52,613 DEBUG block.SCMBlockDeletingService (SCMBlockDeletingService.java:call(138)) - Running DeletedBlockTransactionScanner
2019-08-05 04:38:52,615 DEBUG block.SCMBlockDeletingService (SCMBlockDeletingService.java:call(155)) - Scanned deleted blocks log and got 0 delTX to process.
2019-08-05 04:38:52,715 DEBUG block.SCMBlockDeletingService (SCMBlockDeletingService.java:call(138)) - Running DeletedBlockTransactionScanner
2019-08-05 04:38:52,715 DEBUG block.SCMBlockDeletingService (SCMBlockDeletingService.java:call(155)) - Scanned deleted blocks log and got 0 delTX to process.
2019-08-05 04:38:52,816 DEBUG block.SCMBlockDeletingService (SCMBlockDeletingService.java:call(138)) - Running DeletedBlockTransactionScanner
2019-08-05 04:38:52,816 DEBUG block.SCMBlockDeletingService (SCMBlockDeletingService.java:call(155)) - Scanned deleted blocks log and got 0 delTX to process.
2019-08-05 04:38:52,849 INFO  datanode.ObjectStoreHandler (ObjectStoreHandler.java:close(155)) - Closing ObjectStoreHandler.
2019-08-05 04:38:52,851 INFO  ozone.HddsDatanodeService (HddsDatanodeService.java:stop(451)) - Stopped plug-in org.apache.hadoop.ozone.web.OzoneHddsDatanodeService@3f8dfe74
2019-08-05 04:38:52,917 DEBUG block.SCMBlockDeletingService (SCMBlockDeletingService.java:call(138)) - Running DeletedBlockTransactionScanner
2019-08-05 04:38:52,920 DEBUG block.SCMBlockDeletingService (SCMBlockDeletingService.java:call(155)) - Scanned deleted blocks log and got 3 delTX to process.
2019-08-05 04:38:52,927 DEBUG block.SCMBlockDeletingService (SCMBlockDeletingService.java:call(171)) - Added delete block command for datanode 3f4de2de-7d09-498f-aead-42327df81d94 in the queue, number of delete block transactions: 3, TxID list: 1,2,3
2019-08-05 04:38:52,928 INFO  block.SCMBlockDeletingService (SCMBlockDeletingService.java:call(182)) - Totally added 3 delete blocks command for 1 datanodes, task elapsed time: 12ms
2019-08-05 04:38:53,028 DEBUG block.SCMBlockDeletingService (SCMBlockDeletingService.java:call(138)) - Running DeletedBlockTransactionScanner
2019-08-05 04:38:53,029 DEBUG block.SCMBlockDeletingService (SCMBlockDeletingService.java:call(155)) - Scanned deleted blocks log and got 3 delTX to process.
2019-08-05 04:38:53,029 DEBUG block.SCMBlockDeletingService (SCMBlockDeletingService.java:call(171)) - Added delete block command for datanode 3f4de2de-7d09-498f-aead-42327df81d94 in the queue, number of delete block transactions: 3, TxID list: 1,2,3
2019-08-05 04:38:53,030 INFO  block.SCMBlockDeletingService (SCMBlockDeletingService.java:call(182)) - Totally added 3 delete blocks command for 1 datanodes, task elapsed time: 1ms
2019-08-05 04:38:53,049 INFO  statemachine.DatanodeStateMachine (DatanodeStateMachine.java:lambda$startDaemon$0(350)) - Ozone container server started.
2019-08-05 04:38:53,130 DEBUG block.SCMBlockDeletingService (SCMBlockDeletingService.java:call(138)) - Running DeletedBlockTransactionScanner
2019-08-05 04:38:53,131 DEBUG block.SCMBlockDeletingService (SCMBlockDeletingService.java:call(155)) - Scanned deleted blocks log and got 3 delTX to process.
2019-08-05 04:38:53,131 DEBUG block.SCMBlockDeletingService (SCMBlockDeletingService.java:call(171)) - Added delete block command for datanode 3f4de2de-7d09-498f-aead-42327df81d94 in the queue, number of delete block transactions: 3, TxID list: 1,2,3
2019-08-05 04:38:53,131 INFO  block.SCMBlockDeletingService (SCMBlockDeletingService.java:call(182)) - Totally added 3 delete blocks command for 1 datanodes, task elapsed time: 1ms
2019-08-05 04:38:53,232 DEBUG block.SCMBlockDeletingService (SCMBlockDeletingService.java:call(138)) - Running DeletedBlockTransactionScanner
2019-08-05 04:38:53,232 DEBUG block.SCMBlockDeletingService (SCMBlockDeletingService.java:call(155)) - Scanned deleted blocks log and got 3 delTX to process.
2019-08-05 04:38:53,233 DEBUG block.SCMBlockDeletingService (SCMBlockDeletingService.java:call(171)) - Added delete block command for datanode 3f4de2de-7d09-498f-aead-42327df81d94 in the queue, number of delete block transactions: 3, TxID list: 1,2,3
2019-08-05 04:38:53,233 INFO  block.SCMBlockDeletingService (SCMBlockDeletingService.java:call(182)) - Totally added 3 delete blocks command for 1 datanodes, task elapsed time: 2ms
2019-08-05 04:38:53,333 DEBUG block.SCMBlockDeletingService (SCMBlockDeletingService.java:call(138)) - Running DeletedBlockTransactionScanner
2019-08-05 04:38:53,334 DEBUG block.SCMBlockDeletingService (SCMBlockDeletingService.java:call(155)) - Scanned deleted blocks log and got 3 delTX to process.
2019-08-05 04:38:53,334 DEBUG block.SCMBlockDeletingService (SCMBlockDeletingService.java:call(171)) - Added delete block command for datanode 3f4de2de-7d09-498f-aead-42327df81d94 in the queue, number of delete block transactions: 3, TxID list: 1,2,3
2019-08-05 04:38:53,334 INFO  block.SCMBlockDeletingService (SCMBlockDeletingService.java:call(182)) - Totally added 3 delete blocks command for 1 datanodes, task elapsed time: 1ms
2019-08-05 04:38:53,435 DEBUG block.SCMBlockDeletingService (SCMBlockDeletingService.java:call(138)) - Running DeletedBlockTransactionScanner
2019-08-05 04:38:53,435 DEBUG block.SCMBlockDeletingService (SCMBlockDeletingService.java:call(155)) - Scanned deleted blocks log and got 3 delTX to process.
2019-08-05 04:38:53,436 DEBUG block.SCMBlockDeletingService (SCMBlockDeletingService.java:call(171)) - Added delete block command for datanode 3f4de2de-7d09-498f-aead-42327df81d94 in the queue, number of delete block transactions: 3, TxID list: 1,2,3
2019-08-05 04:38:53,436 INFO  block.SCMBlockDeletingService (SCMBlockDeletingService.java:call(182)) - Totally added 3 delete blocks command for 1 datanodes, task elapsed time: 1ms
2019-08-05 04:38:53,536 DEBUG block.SCMBlockDeletingService (SCMBlockDeletingService.java:call(138)) - Running DeletedBlockTransactionScanner
2019-08-05 04:38:53,537 DEBUG block.SCMBlockDeletingService (SCMBlockDeletingService.java:call(155)) - Scanned deleted blocks log and got 3 delTX to process.
2019-08-05 04:38:53,537 DEBUG block.SCMBlockDeletingService (SCMBlockDeletingService.java:call(171)) - Added delete block command for datanode 3f4de2de-7d09-498f-aead-42327df81d94 in the queue, number of delete block transactions: 3, TxID list: 1,2,3
2019-08-05 04:38:53,538 INFO  block.SCMBlockDeletingService (SCMBlockDeletingService.java:call(182)) - Totally added 3 delete blocks command for 1 datanodes, task elapsed time: 1ms
2019-08-05 04:38:53,638 DEBUG block.SCMBlockDeletingService (SCMBlockDeletingService.java:call(138)) - Running DeletedBlockTransactionScanner
2019-08-05 04:38:53,639 DEBUG block.SCMBlockDeletingService (SCMBlockDeletingService.java:call(155)) - Scanned deleted blocks log and got 3 delTX to process.
2019-08-05 04:38:53,639 DEBUG block.SCMBlockDeletingService (SCMBlockDeletingService.java:call(171)) - Added delete block command for datanode 3f4de2de-7d09-498f-aead-42327df81d94 in the queue, number of delete block transactions: 3, TxID list: 1,2,3
2019-08-05 04:38:53,640 INFO  block.SCMBlockDeletingService (SCMBlockDeletingService.java:call(182)) - Totally added 3 delete blocks command for 1 datanodes, task elapsed time: 1ms
2019-08-05 04:38:53,740 DEBUG block.SCMBlockDeletingService (SCMBlockDeletingService.java:call(138)) - Running DeletedBlockTransactionScanner
2019-08-05 04:38:53,741 DEBUG block.SCMBlockDeletingService (SCMBlockDeletingService.java:call(155)) - Scanned deleted blocks log and got 3 delTX to process.
2019-08-05 04:38:53,741 DEBUG block.SCMBlockDeletingService (SCMBlockDeletingService.java:call(171)) - Added delete block command for datanode 3f4de2de-7d09-498f-aead-42327df81d94 in the queue, number of delete block transactions: 3, TxID list: 1,2,3
2019-08-05 04:38:53,741 INFO  block.SCMBlockDeletingService (SCMBlockDeletingService.java:call(182)) - Totally added 3 delete blocks command for 1 datanodes, task elapsed time: 1ms
2019-08-05 04:38:53,842 DEBUG block.SCMBlockDeletingService (SCMBlockDeletingService.java:call(138)) - Running DeletedBlockTransactionScanner
2019-08-05 04:38:53,842 DEBUG block.SCMBlockDeletingService (SCMBlockDeletingService.java:call(155)) - Scanned deleted blocks log and got 3 delTX to process.
2019-08-05 04:38:53,842 DEBUG block.SCMBlockDeletingService (SCMBlockDeletingService.java:call(171)) - Added delete block command for datanode 3f4de2de-7d09-498f-aead-42327df81d94 in the queue, number of delete block transactions: 3, TxID list: 1,2,3
2019-08-05 04:38:53,843 INFO  block.SCMBlockDeletingService (SCMBlockDeletingService.java:call(182)) - Totally added 3 delete blocks command for 1 datanodes, task elapsed time: 1ms
2019-08-05 04:38:53,929 INFO  commands.RetriableDatanodeEventWatcher (RetriableDatanodeEventWatcher.java:onTimeout(47)) - RetriableDatanodeCommand type=deleteBlocksCommand with id=1564979932925 timed out. Retrying.
2019-08-05 04:38:53,943 DEBUG block.SCMBlockDeletingService (SCMBlockDeletingService.java:call(138)) - Running DeletedBlockTransactionScanner
2019-08-05 04:38:53,944 DEBUG block.SCMBlockDeletingService (SCMBlockDeletingService.java:call(155)) - Scanned deleted blocks log and got 3 delTX to process.
2019-08-05 04:38:53,944 DEBUG block.SCMBlockDeletingService (SCMBlockDeletingService.java:call(171)) - Added delete block command for datanode 3f4de2de-7d09-498f-aead-42327df81d94 in the queue, number of delete block transactions: 3, TxID list: 1,2,3
2019-08-05 04:38:53,944 INFO  block.SCMBlockDeletingService (SCMBlockDeletingService.java:call(182)) - Totally added 3 delete blocks command for 1 datanodes, task elapsed time: 1ms
2019-08-05 04:38:54,029 INFO  commands.RetriableDatanodeEventWatcher (RetriableDatanodeEventWatcher.java:onTimeout(47)) - RetriableDatanodeCommand type=deleteBlocksCommand with id=1564979932926 timed out. Retrying.
2019-08-05 04:38:54,045 DEBUG block.SCMBlockDeletingService (SCMBlockDeletingService.java:call(138)) - Running DeletedBlockTransactionScanner
2019-08-05 04:38:54,045 DEBUG block.SCMBlockDeletingService (SCMBlockDeletingService.java:call(155)) - Scanned deleted blocks log and got 3 delTX to process.
2019-08-05 04:38:54,045 DEBUG block.SCMBlockDeletingService (SCMBlockDeletingService.java:call(171)) - Added delete block command for datanode 3f4de2de-7d09-498f-aead-42327df81d94 in the queue, number of delete block transactions: 3, TxID list: 1,2,3
2019-08-05 04:38:54,046 INFO  block.SCMBlockDeletingService (SCMBlockDeletingService.java:call(182)) - Totally added 3 delete blocks command for 1 datanodes, task elapsed time: 1ms
2019-08-05 04:38:54,131 INFO  commands.RetriableDatanodeEventWatcher (RetriableDatanodeEventWatcher.java:onTimeout(47)) - RetriableDatanodeCommand type=deleteBlocksCommand with id=1564979932927 timed out. Retrying.
2019-08-05 04:38:54,146 DEBUG block.SCMBlockDeletingService (SCMBlockDeletingService.java:call(138)) - Running DeletedBlockTransactionScanner
2019-08-05 04:38:54,147 DEBUG block.SCMBlockDeletingService (SCMBlockDeletingService.java:call(155)) - Scanned deleted blocks log and got 3 delTX to process.
2019-08-05 04:38:54,147 DEBUG block.SCMBlockDeletingService (SCMBlockDeletingService.java:call(171)) - Added delete block command for datanode 3f4de2de-7d09-498f-aead-42327df81d94 in the queue, number of delete block transactions: 3, TxID list: 1,2,3
2019-08-05 04:38:54,147 INFO  block.SCMBlockDeletingService (SCMBlockDeletingService.java:call(182)) - Totally added 3 delete blocks command for 1 datanodes, task elapsed time: 1ms
2019-08-05 04:38:54,232 INFO  commands.RetriableDatanodeEventWatcher (RetriableDatanodeEventWatcher.java:onTimeout(47)) - RetriableDatanodeCommand type=deleteBlocksCommand with id=1564979932928 timed out. Retrying.
2019-08-05 04:38:54,248 DEBUG block.SCMBlockDeletingService (SCMBlockDeletingService.java:call(138)) - Running DeletedBlockTransactionScanner
2019-08-05 04:38:54,248 DEBUG block.SCMBlockDeletingService (SCMBlockDeletingService.java:call(155)) - Scanned deleted blocks log and got 3 delTX to process.
2019-08-05 04:38:54,249 DEBUG block.SCMBlockDeletingService (SCMBlockDeletingService.java:call(171)) - Added delete block command for datanode 3f4de2de-7d09-498f-aead-42327df81d94 in the queue, number of delete block transactions: 3, TxID list: 1,2,3
2019-08-05 04:38:54,249 INFO  block.SCMBlockDeletingService (SCMBlockDeletingService.java:call(182)) - Totally added 3 delete blocks command for 1 datanodes, task elapsed time: 2ms
2019-08-05 04:38:54,335 INFO  commands.RetriableDatanodeEventWatcher (RetriableDatanodeEventWatcher.java:onTimeout(47)) - RetriableDatanodeCommand type=deleteBlocksCommand with id=1564979932929 timed out. Retrying.
2019-08-05 04:38:54,349 DEBUG block.SCMBlockDeletingService (SCMBlockDeletingService.java:call(138)) - Running DeletedBlockTransactionScanner
2019-08-05 04:38:54,350 DEBUG block.SCMBlockDeletingService (SCMBlockDeletingService.java:call(155)) - Scanned deleted blocks log and got 3 delTX to process.
2019-08-05 04:38:54,350 DEBUG block.SCMBlockDeletingService (SCMBlockDeletingService.java:call(171)) - Added delete block command for datanode 3f4de2de-7d09-498f-aead-42327df81d94 in the queue, number of delete block transactions: 3, TxID list: 1,2,3
2019-08-05 04:38:54,351 INFO  block.SCMBlockDeletingService (SCMBlockDeletingService.java:call(182)) - Totally added 3 delete blocks command for 1 datanodes, task elapsed time: 1ms
2019-08-05 04:38:54,436 INFO  commands.RetriableDatanodeEventWatcher (RetriableDatanodeEventWatcher.java:onTimeout(47)) - RetriableDatanodeCommand type=deleteBlocksCommand with id=1564979932930 timed out. Retrying.
2019-08-05 04:38:54,451 DEBUG block.SCMBlockDeletingService (SCMBlockDeletingService.java:call(138)) - Running DeletedBlockTransactionScanner
2019-08-05 04:38:54,451 DEBUG block.SCMBlockDeletingService (SCMBlockDeletingService.java:call(155)) - Scanned deleted blocks log and got 3 delTX to process.
2019-08-05 04:38:54,452 DEBUG block.SCMBlockDeletingService (SCMBlockDeletingService.java:call(171)) - Added delete block command for datanode 3f4de2de-7d09-498f-aead-42327df81d94 in the queue, number of delete block transactions: 3, TxID list: 1,2,3
2019-08-05 04:38:54,452 INFO  block.SCMBlockDeletingService (SCMBlockDeletingService.java:call(182)) - Totally added 3 delete blocks command for 1 datanodes, task elapsed time: 1ms
2019-08-05 04:38:54,537 INFO  commands.RetriableDatanodeEventWatcher (RetriableDatanodeEventWatcher.java:onTimeout(47)) - RetriableDatanodeCommand type=deleteBlocksCommand with id=1564979932931 timed out. Retrying.
2019-08-05 04:38:54,553 DEBUG block.SCMBlockDeletingService (SCMBlockDeletingService.java:call(138)) - Running DeletedBlockTransactionScanner
2019-08-05 04:38:54,553 DEBUG block.SCMBlockDeletingService (SCMBlockDeletingService.java:call(155)) - Scanned deleted blocks log and got 3 delTX to process.
2019-08-05 04:38:54,553 DEBUG block.SCMBlockDeletingService (SCMBlockDeletingService.java:call(171)) - Added delete block command for datanode 3f4de2de-7d09-498f-aead-42327df81d94 in the queue, number of delete block transactions: 3, TxID list: 1,2,3
2019-08-05 04:38:54,554 INFO  block.SCMBlockDeletingService (SCMBlockDeletingService.java:call(182)) - Totally added 3 delete blocks command for 1 datanodes, task elapsed time: 1ms
2019-08-05 04:38:54,640 INFO  commands.RetriableDatanodeEventWatcher (RetriableDatanodeEventWatcher.java:onTimeout(47)) - RetriableDatanodeCommand type=deleteBlocksCommand with id=1564979932932 timed out. Retrying.
2019-08-05 04:38:54,654 DEBUG block.SCMBlockDeletingService (SCMBlockDeletingService.java:call(138)) - Running DeletedBlockTransactionScanner
2019-08-05 04:38:54,654 DEBUG block.SCMBlockDeletingService (SCMBlockDeletingService.java:call(155)) - Scanned deleted blocks log and got 3 delTX to process.
2019-08-05 04:38:54,655 DEBUG block.SCMBlockDeletingService (SCMBlockDeletingService.java:call(171)) - Added delete block command for datanode 3f4de2de-7d09-498f-aead-42327df81d94 in the queue, number of delete block transactions: 3, TxID list: 1,2,3
2019-08-05 04:38:54,655 INFO  block.SCMBlockDeletingService (SCMBlockDeletingService.java:call(182)) - Totally added 3 delete blocks command for 1 datanodes, task elapsed time: 1ms
2019-08-05 04:38:54,740 INFO  commands.RetriableDatanodeEventWatcher (RetriableDatanodeEventWatcher.java:onTimeout(47)) - RetriableDatanodeCommand type=deleteBlocksCommand with id=1564979932933 timed out. Retrying.
2019-08-05 04:38:54,756 DEBUG block.SCMBlockDeletingService (SCMBlockDeletingService.java:call(138)) - Running DeletedBlockTransactionScanner
2019-08-05 04:38:54,756 DEBUG block.SCMBlockDeletingService (SCMBlockDeletingService.java:call(155)) - Scanned deleted blocks log and got 3 delTX to process.
2019-08-05 04:38:54,756 DEBUG block.SCMBlockDeletingService (SCMBlockDeletingService.java:call(171)) - Added delete block command for datanode 3f4de2de-7d09-498f-aead-42327df81d94 in the queue, number of delete block transactions: 3, TxID list: 1,2,3
2019-08-05 04:38:54,757 INFO  block.SCMBlockDeletingService (SCMBlockDeletingService.java:call(182)) - Totally added 3 delete blocks command for 1 datanodes, task elapsed time: 1ms
2019-08-05 04:38:54,843 INFO  commands.RetriableDatanodeEventWatcher (RetriableDatanodeEventWatcher.java:onTimeout(47)) - RetriableDatanodeCommand type=deleteBlocksCommand with id=1564979932934 timed out. Retrying.
2019-08-05 04:38:54,857 DEBUG block.SCMBlockDeletingService (SCMBlockDeletingService.java:call(138)) - Running DeletedBlockTransactionScanner
2019-08-05 04:38:54,858 DEBUG block.SCMBlockDeletingService (SCMBlockDeletingService.java:call(155)) - Scanned deleted blocks log and got 3 delTX to process.
2019-08-05 04:38:54,858 DEBUG block.SCMBlockDeletingService (SCMBlockDeletingService.java:call(171)) - Added delete block command for datanode 3f4de2de-7d09-498f-aead-42327df81d94 in the queue, number of delete block transactions: 3, TxID list: 1,2,3
2019-08-05 04:38:54,858 INFO  block.SCMBlockDeletingService (SCMBlockDeletingService.java:call(182)) - Totally added 3 delete blocks command for 1 datanodes, task elapsed time: 1ms
2019-08-05 04:38:54,929 INFO  commands.RetriableDatanodeEventWatcher (RetriableDatanodeEventWatcher.java:onTimeout(47)) - RetriableDatanodeCommand type=deleteBlocksCommand with id=1564979932925 timed out. Retrying.
2019-08-05 04:38:54,945 INFO  commands.RetriableDatanodeEventWatcher (RetriableDatanodeEventWatcher.java:onTimeout(47)) - RetriableDatanodeCommand type=deleteBlocksCommand with id=1564979932935 timed out. Retrying.
2019-08-05 04:38:54,959 DEBUG block.SCMBlockDeletingService (SCMBlockDeletingService.java:call(138)) - Running DeletedBlockTransactionScanner
2019-08-05 04:38:54,959 DEBUG block.SCMBlockDeletingService (SCMBlockDeletingService.java:call(155)) - Scanned deleted blocks log and got 3 delTX to process.
2019-08-05 04:38:54,959 DEBUG block.SCMBlockDeletingService (SCMBlockDeletingService.java:call(171)) - Added delete block command for datanode 3f4de2de-7d09-498f-aead-42327df81d94 in the queue, number of delete block transactions: 3, TxID list: 1,2,3
2019-08-05 04:38:54,960 INFO  block.SCMBlockDeletingService (SCMBlockDeletingService.java:call(182)) - Totally added 3 delete blocks command for 1 datanodes, task elapsed time: 1ms
2019-08-05 04:38:55,030 INFO  commands.RetriableDatanodeEventWatcher (RetriableDatanodeEventWatcher.java:onTimeout(47)) - RetriableDatanodeCommand type=deleteBlocksCommand with id=1564979932926 timed out. Retrying.
2019-08-05 04:38:55,045 INFO  commands.RetriableDatanodeEventWatcher (RetriableDatanodeEventWatcher.java:onTimeout(47)) - RetriableDatanodeCommand type=deleteBlocksCommand with id=1564979932936 timed out. Retrying.
2019-08-05 04:38:55,060 DEBUG block.SCMBlockDeletingService (SCMBlockDeletingService.java:call(138)) - Running DeletedBlockTransactionScanner
2019-08-05 04:38:55,061 DEBUG block.SCMBlockDeletingService (SCMBlockDeletingService.java:call(155)) - Scanned deleted blocks log and got 3 delTX to process.
2019-08-05 04:38:55,061 DEBUG block.SCMBlockDeletingService (SCMBlockDeletingService.java:call(171)) - Added delete block command for datanode 3f4de2de-7d09-498f-aead-42327df81d94 in the queue, number of delete block transactions: 3, TxID list: 1,2,3
2019-08-05 04:38:55,061 INFO  block.SCMBlockDeletingService (SCMBlockDeletingService.java:call(182)) - Totally added 3 delete blocks command for 1 datanodes, task elapsed time: 1ms
2019-08-05 04:38:55,131 INFO  commands.RetriableDatanodeEventWatcher (RetriableDatanodeEventWatcher.java:onTimeout(47)) - RetriableDatanodeCommand type=deleteBlocksCommand with id=1564979932927 timed out. Retrying.
2019-08-05 04:38:55,148 INFO  commands.RetriableDatanodeEventWatcher (RetriableDatanodeEventWatcher.java:onTimeout(47)) - RetriableDatanodeCommand type=deleteBlocksCommand with id=1564979932937 timed out. Retrying.
2019-08-05 04:38:55,162 DEBUG block.SCMBlockDeletingService (SCMBlockDeletingService.java:call(138)) - Running DeletedBlockTransactionScanner
2019-08-05 04:38:55,162 DEBUG block.SCMBlockDeletingService (SCMBlockDeletingService.java:call(155)) - Scanned deleted blocks log and got 3 delTX to process.
2019-08-05 04:38:55,162 DEBUG block.SCMBlockDeletingService (SCMBlockDeletingService.java:call(171)) - Added delete block command for datanode 3f4de2de-7d09-498f-aead-42327df81d94 in the queue, number of delete block transactions: 3, TxID list: 1,2,3
2019-08-05 04:38:55,163 INFO  block.SCMBlockDeletingService (SCMBlockDeletingService.java:call(182)) - Totally added 3 delete blocks command for 1 datanodes, task elapsed time: 1ms
2019-08-05 04:38:55,233 INFO  commands.RetriableDatanodeEventWatcher (RetriableDatanodeEventWatcher.java:onTimeout(47)) - RetriableDatanodeCommand type=deleteBlocksCommand with id=1564979932928 timed out. Retrying.
2019-08-05 04:38:55,248 INFO  commands.RetriableDatanodeEventWatcher (RetriableDatanodeEventWatcher.java:onTimeout(47)) - RetriableDatanodeCommand type=deleteBlocksCommand with id=1564979932938 timed out. Retrying.
2019-08-05 04:38:55,263 DEBUG block.SCMBlockDeletingService (SCMBlockDeletingService.java:call(138)) - Running DeletedBlockTransactionScanner
2019-08-05 04:38:55,264 DEBUG block.SCMBlockDeletingService (SCMBlockDeletingService.java:call(155)) - Scanned deleted blocks log and got 3 delTX to process.
2019-08-05 04:38:55,264 DEBUG block.SCMBlockDeletingService (SCMBlockDeletingService.java:call(171)) - Added delete block command for datanode 3f4de2de-7d09-498f-aead-42327df81d94 in the queue, number of delete block transactions: 3, TxID list: 1,2,3
2019-08-05 04:38:55,264 INFO  block.SCMBlockDeletingService (SCMBlockDeletingService.java:call(182)) - Totally added 3 delete blocks command for 1 datanodes, task elapsed time: 1ms
2019-08-05 04:38:55,335 INFO  commands.RetriableDatanodeEventWatcher (RetriableDatanodeEventWatcher.java:onTimeout(47)) - RetriableDatanodeCommand type=deleteBlocksCommand with id=1564979932929 timed out. Retrying.
2019-08-05 04:38:55,351 INFO  commands.RetriableDatanodeEventWatcher (RetriableDatanodeEventWatcher.java:onTimeout(47)) - RetriableDatanodeCommand type=deleteBlocksCommand with id=1564979932939 timed out. Retrying.
2019-08-05 04:38:55,365 DEBUG block.SCMBlockDeletingService (SCMBlockDeletingService.java:call(138)) - Running DeletedBlockTransactionScanner
2019-08-05 04:38:55,365 DEBUG block.SCMBlockDeletingService (SCMBlockDeletingService.java:call(155)) - Scanned deleted blocks log and got 3 delTX to process.
2019-08-05 04:38:55,365 DEBUG block.SCMBlockDeletingService (SCMBlockDeletingService.java:call(171)) - Added delete block command for datanode 3f4de2de-7d09-498f-aead-42327df81d94 in the queue, number of delete block transactions: 3, TxID list: 1,2,3
2019-08-05 04:38:55,366 INFO  block.SCMBlockDeletingService (SCMBlockDeletingService.java:call(182)) - Totally added 3 delete blocks command for 1 datanodes, task elapsed time: 1ms
2019-08-05 04:38:55,436 INFO  commands.RetriableDatanodeEventWatcher (RetriableDatanodeEventWatcher.java:onTimeout(47)) - RetriableDatanodeCommand type=deleteBlocksCommand with id=1564979932930 timed out. Retrying.
2019-08-05 04:38:55,451 INFO  commands.RetriableDatanodeEventWatcher (RetriableDatanodeEventWatcher.java:onTimeout(47)) - RetriableDatanodeCommand type=deleteBlocksCommand with id=1564979932940 timed out. Retrying.
2019-08-05 04:38:55,466 DEBUG block.SCMBlockDeletingService (SCMBlockDeletingService.java:call(138)) - Running DeletedBlockTransactionScanner
2019-08-05 04:38:55,467 DEBUG block.SCMBlockDeletingService (SCMBlockDeletingService.java:call(155)) - Scanned deleted blocks log and got 3 delTX to process.
2019-08-05 04:38:55,467 DEBUG block.SCMBlockDeletingService (SCMBlockDeletingService.java:call(171)) - Added delete block command for datanode 3f4de2de-7d09-498f-aead-42327df81d94 in the queue, number of delete block transactions: 3, TxID list: 1,2,3
2019-08-05 04:38:55,467 INFO  block.SCMBlockDeletingService (SCMBlockDeletingService.java:call(182)) - Totally added 3 delete blocks command for 1 datanodes, task elapsed time: 1ms
2019-08-05 04:38:55,537 INFO  commands.RetriableDatanodeEventWatcher (RetriableDatanodeEventWatcher.java:onTimeout(47)) - RetriableDatanodeCommand type=deleteBlocksCommand with id=1564979932931 timed out. Retrying.
2019-08-05 04:38:55,553 INFO  commands.RetriableDatanodeEventWatcher (RetriableDatanodeEventWatcher.java:onTimeout(47)) - RetriableDatanodeCommand type=deleteBlocksCommand with id=1564979932941 timed out. Retrying.
2019-08-05 04:38:55,568 DEBUG block.SCMBlockDeletingService (SCMBlockDeletingService.java:call(138)) - Running DeletedBlockTransactionScanner
2019-08-05 04:38:55,568 DEBUG block.SCMBlockDeletingService (SCMBlockDeletingService.java:call(155)) - Scanned deleted blocks log and got 3 delTX to process.
2019-08-05 04:38:55,569 DEBUG block.SCMBlockDeletingService (SCMBlockDeletingService.java:call(171)) - Added delete block command for datanode 3f4de2de-7d09-498f-aead-42327df81d94 in the queue, number of delete block transactions: 3, TxID list: 1,2,3
2019-08-05 04:38:55,569 INFO  block.SCMBlockDeletingService (SCMBlockDeletingService.java:call(182)) - Totally added 3 delete blocks command for 1 datanodes, task elapsed time: 2ms
2019-08-05 04:38:55,641 INFO  commands.RetriableDatanodeEventWatcher (RetriableDatanodeEventWatcher.java:onTimeout(47)) - RetriableDatanodeCommand type=deleteBlocksCommand with id=1564979932932 timed out. Retrying.
2019-08-05 04:38:55,655 INFO  commands.RetriableDatanodeEventWatcher (RetriableDatanodeEventWatcher.java:onTimeout(47)) - RetriableDatanodeCommand type=deleteBlocksCommand with id=1564979932942 timed out. Retrying.
2019-08-05 04:38:55,670 DEBUG block.SCMBlockDeletingService (SCMBlockDeletingService.java:call(138)) - Running DeletedBlockTransactionScanner
2019-08-05 04:38:55,670 DEBUG block.SCMBlockDeletingService (SCMBlockDeletingService.java:call(155)) - Scanned deleted blocks log and got 3 delTX to process.
2019-08-05 04:38:55,671 DEBUG block.SCMBlockDeletingService (SCMBlockDeletingService.java:call(171)) - Added delete block command for datanode 3f4de2de-7d09-498f-aead-42327df81d94 in the queue, number of delete block transactions: 3, TxID list: 1,2,3
2019-08-05 04:38:55,671 INFO  block.SCMBlockDeletingService (SCMBlockDeletingService.java:call(182)) - Totally added 3 delete blocks command for 1 datanodes, task elapsed time: 2ms
2019-08-05 04:38:55,741 INFO  commands.RetriableDatanodeEventWatcher (RetriableDatanodeEventWatcher.java:onTimeout(47)) - RetriableDatanodeCommand type=deleteBlocksCommand with id=1564979932933 timed out. Retrying.
2019-08-05 04:38:55,757 INFO  commands.RetriableDatanodeEventWatcher (RetriableDatanodeEventWatcher.java:onTimeout(47)) - RetriableDatanodeCommand type=deleteBlocksCommand with id=1564979932943 timed out. Retrying.
2019-08-05 04:38:55,772 DEBUG block.SCMBlockDeletingService (SCMBlockDeletingService.java:call(138)) - Running DeletedBlockTransactionScanner
2019-08-05 04:38:55,772 DEBUG block.SCMBlockDeletingService (SCMBlockDeletingService.java:call(155)) - Scanned deleted blocks log and got 3 delTX to process.
2019-08-05 04:38:55,772 DEBUG block.SCMBlockDeletingService (SCMBlockDeletingService.java:call(171)) - Added delete block command for datanode 3f4de2de-7d09-498f-aead-42327df81d94 in the queue, number of delete block transactions: 3, TxID list: 1,2,3
2019-08-05 04:38:55,773 INFO  block.SCMBlockDeletingService (SCMBlockDeletingService.java:call(182)) - Totally added 3 delete blocks command for 1 datanodes, task elapsed time: 2ms
2019-08-05 04:38:55,844 INFO  commands.RetriableDatanodeEventWatcher (RetriableDatanodeEventWatcher.java:onTimeout(47)) - RetriableDatanodeCommand type=deleteBlocksCommand with id=1564979932934 timed out. Retrying.
2019-08-05 04:38:55,859 INFO  commands.RetriableDatanodeEventWatcher (RetriableDatanodeEventWatcher.java:onTimeout(47)) - RetriableDatanodeCommand type=deleteBlocksCommand with id=1564979932944 timed out. Retrying.
2019-08-05 04:38:55,874 DEBUG block.SCMBlockDeletingService (SCMBlockDeletingService.java:call(138)) - Running DeletedBlockTransactionScanner
2019-08-05 04:38:55,874 DEBUG block.SCMBlockDeletingService (SCMBlockDeletingService.java:call(155)) - Scanned deleted blocks log and got 3 delTX to process.
2019-08-05 04:38:55,874 DEBUG block.SCMBlockDeletingService (SCMBlockDeletingService.java:call(171)) - Added delete block command for datanode 3f4de2de-7d09-498f-aead-42327df81d94 in the queue, number of delete block transactions: 3, TxID list: 1,2,3
2019-08-05 04:38:55,875 INFO  node.StaleNodeHandler (StaleNodeHandler.java:onMessage(58)) - Datanode 3f4de2de-7d09-498f-aead-42327df81d94{ip: 192.168.157.247, host: byscane-nightly-228d8-4024241517, networkLocation: /default-rack, certSerialId: null} moved to stale state. Finalizing its pipelines [PipelineID=25174f8a-9958-42d2-a9fa-c7908e81cc6b]
2019-08-05 04:38:55,875 INFO  block.SCMBlockDeletingService (SCMBlockDeletingService.java:call(182)) - Totally added 3 delete blocks command for 1 datanodes, task elapsed time: 1ms
2019-08-05 04:38:55,875 INFO  pipeline.SCMPipelineManager (SCMPipelineManager.java:finalizeAndDestroyPipeline(309)) - destroying pipeline:Pipeline[ Id: 25174f8a-9958-42d2-a9fa-c7908e81cc6b, Nodes: 3f4de2de-7d09-498f-aead-42327df81d94{ip: 192.168.157.247, host: byscane-nightly-228d8-4024241517, networkLocation: /default-rack, certSerialId: null}, Type:RATIS, Factor:ONE, State:OPEN]
2019-08-05 04:38:55,879 INFO  pipeline.PipelineStateManager (PipelineStateManager.java:finalizePipeline(123)) - Pipeline Pipeline[ Id: 25174f8a-9958-42d2-a9fa-c7908e81cc6b, Nodes: 3f4de2de-7d09-498f-aead-42327df81d94{ip: 192.168.157.247, host: byscane-nightly-228d8-4024241517, networkLocation: /default-rack, certSerialId: null}, Type:RATIS, Factor:ONE, State:CLOSED] moved to CLOSED state
2019-08-05 04:38:55,930 INFO  commands.RetriableDatanodeEventWatcher (RetriableDatanodeEventWatcher.java:onTimeout(47)) - RetriableDatanodeCommand type=deleteBlocksCommand with id=1564979932925 timed out. Retrying.
2019-08-05 04:38:55,945 INFO  commands.RetriableDatanodeEventWatcher (RetriableDatanodeEventWatcher.java:onTimeout(47)) - RetriableDatanodeCommand type=deleteBlocksCommand with id=1564979932935 timed out. Retrying.
2019-08-05 04:38:55,960 INFO  commands.RetriableDatanodeEventWatcher (RetriableDatanodeEventWatcher.java:onTimeout(47)) - RetriableDatanodeCommand type=deleteBlocksCommand with id=1564979932945 timed out. Retrying.
2019-08-05 04:38:55,975 DEBUG block.SCMBlockDeletingService (SCMBlockDeletingService.java:call(138)) - Running DeletedBlockTransactionScanner
2019-08-05 04:38:55,976 DEBUG block.SCMBlockDeletingService (SCMBlockDeletingService.java:call(155)) - Scanned deleted blocks log and got 3 delTX to process.
2019-08-05 04:38:55,976 DEBUG block.SCMBlockDeletingService (SCMBlockDeletingService.java:call(171)) - Added delete block command for datanode 3f4de2de-7d09-498f-aead-42327df81d94 in the queue, number of delete block transactions: 3, TxID list: 1,2,3
2019-08-05 04:38:55,976 INFO  block.SCMBlockDeletingService (SCMBlockDeletingService.java:call(182)) - Totally added 3 delete blocks command for 1 datanodes, task elapsed time: 1ms
2019-08-05 04:38:56,030 INFO  commands.RetriableDatanodeEventWatcher (RetriableDatanodeEventWatcher.java:onTimeout(47)) - RetriableDatanodeCommand type=deleteBlocksCommand with id=1564979932926 timed out. Retrying.
2019-08-05 04:38:56,046 INFO  commands.RetriableDatanodeEventWatcher (RetriableDatanodeEventWatcher.java:onTimeout(47)) - RetriableDatanodeCommand type=deleteBlocksCommand with id=1564979932936 timed out. Retrying.
2019-08-05 04:38:56,062 INFO  commands.RetriableDatanodeEventWatcher (RetriableDatanodeEventWatcher.java:onTimeout(47)) - RetriableDatanodeCommand type=deleteBlocksCommand with id=1564979932946 timed out. Retrying.
2019-08-05 04:38:56,077 DEBUG block.SCMBlockDeletingService (SCMBlockDeletingService.java:call(138)) - Running DeletedBlockTransactionScanner
2019-08-05 04:38:56,077 DEBUG block.SCMBlockDeletingService (SCMBlockDeletingService.java:call(155)) - Scanned deleted blocks log and got 3 delTX to process.
2019-08-05 04:38:56,077 DEBUG block.SCMBlockDeletingService (SCMBlockDeletingService.java:call(171)) - Added delete block command for datanode 3f4de2de-7d09-498f-aead-42327df81d94 in the queue, number of delete block transactions: 3, TxID list: 1,2,3
2019-08-05 04:38:56,078 INFO  block.SCMBlockDeletingService (SCMBlockDeletingService.java:call(182)) - Totally added 3 delete blocks command for 1 datanodes, task elapsed time: 2ms
2019-08-05 04:38:56,132 INFO  commands.RetriableDatanodeEventWatcher (RetriableDatanodeEventWatcher.java:onTimeout(47)) - RetriableDatanodeCommand type=deleteBlocksCommand with id=1564979932927 timed out. Retrying.
2019-08-05 04:38:56,148 INFO  commands.RetriableDatanodeEventWatcher (RetriableDatanodeEventWatcher.java:onTimeout(47)) - RetriableDatanodeCommand type=deleteBlocksCommand with id=1564979932937 timed out. Retrying.
2019-08-05 04:38:56,162 INFO  commands.RetriableDatanodeEventWatcher (RetriableDatanodeEventWatcher.java:onTimeout(47)) - RetriableDatanodeCommand type=deleteBlocksCommand with id=1564979932947 timed out. Retrying.
2019-08-05 04:38:56,178 DEBUG block.SCMBlockDeletingService (SCMBlockDeletingService.java:call(138)) - Running DeletedBlockTransactionScanner
2019-08-05 04:38:56,179 DEBUG block.SCMBlockDeletingService (SCMBlockDeletingService.java:call(155)) - Scanned deleted blocks log and got 3 delTX to process.
2019-08-05 04:38:56,179 DEBUG block.SCMBlockDeletingService (SCMBlockDeletingService.java:call(171)) - Added delete block command for datanode 3f4de2de-7d09-498f-aead-42327df81d94 in the queue, number of delete block transactions: 3, TxID list: 1,2,3
2019-08-05 04:38:56,180 INFO  block.SCMBlockDeletingService (SCMBlockDeletingService.java:call(182)) - Totally added 3 delete blocks command for 1 datanodes, task elapsed time: 1ms
2019-08-05 04:38:56,234 INFO  commands.RetriableDatanodeEventWatcher (RetriableDatanodeEventWatcher.java:onTimeout(47)) - RetriableDatanodeCommand type=deleteBlocksCommand with id=1564979932928 timed out. Retrying.
2019-08-05 04:38:56,248 INFO  commands.RetriableDatanodeEventWatcher (RetriableDatanodeEventWatcher.java:onTimeout(47)) - RetriableDatanodeCommand type=deleteBlocksCommand with id=1564979932938 timed out. Retrying.
2019-08-05 04:38:56,265 INFO  commands.RetriableDatanodeEventWatcher (RetriableDatanodeEventWatcher.java:onTimeout(47)) - RetriableDatanodeCommand type=deleteBlocksCommand with id=1564979932948 timed out. Retrying.
2019-08-05 04:38:56,280 DEBUG block.SCMBlockDeletingService (SCMBlockDeletingService.java:call(138)) - Running DeletedBlockTransactionScanner
2019-08-05 04:38:56,280 DEBUG block.SCMBlockDeletingService (SCMBlockDeletingService.java:call(155)) - Scanned deleted blocks log and got 3 delTX to process.
2019-08-05 04:38:56,281 DEBUG block.SCMBlockDeletingService (SCMBlockDeletingService.java:call(171)) - Added delete block command for datanode 3f4de2de-7d09-498f-aead-42327df81d94 in the queue, number of delete block transactions: 3, TxID list: 1,2,3
2019-08-05 04:38:56,281 INFO  block.SCMBlockDeletingService (SCMBlockDeletingService.java:call(182)) - Totally added 3 delete blocks command for 1 datanodes, task elapsed time: 1ms
2019-08-05 04:38:56,335 INFO  commands.RetriableDatanodeEventWatcher (RetriableDatanodeEventWatcher.java:onTimeout(47)) - RetriableDatanodeCommand type=deleteBlocksCommand with id=1564979932929 timed out. Retrying.
2019-08-05 04:38:56,352 INFO  commands.RetriableDatanodeEventWatcher (RetriableDatanodeEventWatcher.java:onTimeout(47)) - RetriableDatanodeCommand type=deleteBlocksCommand with id=1564979932939 timed out. Retrying.
2019-08-05 04:38:56,366 INFO  commands.RetriableDatanodeEventWatcher (RetriableDatanodeEventWatcher.java:onTimeout(47)) - RetriableDatanodeCommand type=deleteBlocksCommand with id=1564979932949 timed out. Retrying.
2019-08-05 04:38:56,382 DEBUG block.SCMBlockDeletingService (SCMBlockDeletingService.java:call(138)) - Running DeletedBlockTransactionScanner
2019-08-05 04:38:56,382 DEBUG block.SCMBlockDeletingService (SCMBlockDeletingService.java:call(155)) - Scanned deleted blocks log and got 3 delTX to process.
2019-08-05 04:38:56,382 DEBUG block.SCMBlockDeletingService (SCMBlockDeletingService.java:call(171)) - Added delete block command for datanode 3f4de2de-7d09-498f-aead-42327df81d94 in the queue, number of delete block transactions: 3, TxID list: 1,2,3
2019-08-05 04:38:56,383 INFO  block.SCMBlockDeletingService (SCMBlockDeletingService.java:call(182)) - Totally added 3 delete blocks command for 1 datanodes, task elapsed time: 2ms
2019-08-05 04:38:56,437 INFO  commands.RetriableDatanodeEventWatcher (RetriableDatanodeEventWatcher.java:onTimeout(47)) - RetriableDatanodeCommand type=deleteBlocksCommand with id=1564979932930 timed out. Retrying.
2019-08-05 04:38:56,452 INFO  commands.RetriableDatanodeEventWatcher (RetriableDatanodeEventWatcher.java:onTimeout(47)) - RetriableDatanodeCommand type=deleteBlocksCommand with id=1564979932940 timed out. Retrying.
2019-08-05 04:38:56,468 INFO  commands.RetriableDatanodeEventWatcher (RetriableDatanodeEventWatcher.java:onTimeout(47)) - RetriableDatanodeCommand type=deleteBlocksCommand with id=1564979932950 timed out. Retrying.
2019-08-05 04:38:56,483 DEBUG block.SCMBlockDeletingService (SCMBlockDeletingService.java:call(138)) - Running DeletedBlockTransactionScanner
2019-08-05 04:38:56,484 DEBUG block.SCMBlockDeletingService (SCMBlockDeletingService.java:call(155)) - Scanned deleted blocks log and got 3 delTX to process.
2019-08-05 04:38:56,484 DEBUG block.SCMBlockDeletingService (SCMBlockDeletingService.java:call(171)) - Added delete block command for datanode 3f4de2de-7d09-498f-aead-42327df81d94 in the queue, number of delete block transactions: 3, TxID list: 1,2,3
2019-08-05 04:38:56,485 INFO  block.SCMBlockDeletingService (SCMBlockDeletingService.java:call(182)) - Totally added 3 delete blocks command for 1 datanodes, task elapsed time: 1ms
2019-08-05 04:38:56,538 INFO  commands.RetriableDatanodeEventWatcher (RetriableDatanodeEventWatcher.java:onTimeout(47)) - RetriableDatanodeCommand type=deleteBlocksCommand with id=1564979932931 timed out. Retrying.
2019-08-05 04:38:56,553 INFO  commands.RetriableDatanodeEventWatcher (RetriableDatanodeEventWatcher.java:onTimeout(47)) - RetriableDatanodeCommand type=deleteBlocksCommand with id=1564979932941 timed out. Retrying.
2019-08-05 04:38:56,569 INFO  commands.RetriableDatanodeEventWatcher (RetriableDatanodeEventWatcher.java:onTimeout(47)) - RetriableDatanodeCommand type=deleteBlocksCommand with id=1564979932951 timed out. Retrying.
2019-08-05 04:38:56,585 DEBUG block.SCMBlockDeletingService (SCMBlockDeletingService.java:call(138)) - Running DeletedBlockTransactionScanner
2019-08-05 04:38:56,586 DEBUG block.SCMBlockDeletingService (SCMBlockDeletingService.java:call(155)) - Scanned deleted blocks log and got 3 delTX to process.
2019-08-05 04:38:56,586 DEBUG block.SCMBlockDeletingService (SCMBlockDeletingService.java:call(171)) - Added delete block command for datanode 3f4de2de-7d09-498f-aead-42327df81d94 in the queue, number of delete block transactions: 3, TxID list: 1,2,3
2019-08-05 04:38:56,586 INFO  block.SCMBlockDeletingService (SCMBlockDeletingService.java:call(182)) - Totally added 3 delete blocks command for 1 datanodes, task elapsed time: 1ms
2019-08-05 04:38:56,641 INFO  commands.RetriableDatanodeEventWatcher (RetriableDatanodeEventWatcher.java:onTimeout(47)) - RetriableDatanodeCommand type=deleteBlocksCommand with id=1564979932932 timed out. Retrying.
2019-08-05 04:38:56,656 INFO  commands.RetriableDatanodeEventWatcher (RetriableDatanodeEventWatcher.java:onTimeout(47)) - RetriableDatanodeCommand type=deleteBlocksCommand with id=1564979932942 timed out. Retrying.
2019-08-05 04:38:56,671 INFO  commands.RetriableDatanodeEventWatcher (RetriableDatanodeEventWatcher.java:onTimeout(47)) - RetriableDatanodeCommand type=deleteBlocksCommand with id=1564979932952 timed out. Retrying.
2019-08-05 04:38:56,687 DEBUG block.SCMBlockDeletingService (SCMBlockDeletingService.java:call(138)) - Running DeletedBlockTransactionScanner
2019-08-05 04:38:56,687 DEBUG block.SCMBlockDeletingService (SCMBlockDeletingService.java:call(155)) - Scanned deleted blocks log and got 3 delTX to process.
2019-08-05 04:38:56,688 DEBUG block.SCMBlockDeletingService (SCMBlockDeletingService.java:call(171)) - Added delete block command for datanode 3f4de2de-7d09-498f-aead-42327df81d94 in the queue, number of delete block transactions: 3, TxID list: 1,2,3
2019-08-05 04:38:56,688 INFO  block.SCMBlockDeletingService (SCMBlockDeletingService.java:call(182)) - Totally added 3 delete blocks command for 1 datanodes, task elapsed time: 1ms
2019-08-05 04:38:56,742 INFO  commands.RetriableDatanodeEventWatcher (RetriableDatanodeEventWatcher.java:onTimeout(47)) - RetriableDatanodeCommand type=deleteBlocksCommand with id=1564979932933 timed out. Retrying.
2019-08-05 04:38:56,758 INFO  commands.RetriableDatanodeEventWatcher (RetriableDatanodeEventWatcher.java:onTimeout(47)) - RetriableDatanodeCommand type=deleteBlocksCommand with id=1564979932943 timed out. Retrying.
2019-08-05 04:38:56,772 INFO  commands.RetriableDatanodeEventWatcher (RetriableDatanodeEventWatcher.java:onTimeout(47)) - RetriableDatanodeCommand type=deleteBlocksCommand with id=1564979932953 timed out. Retrying.
2019-08-05 04:38:56,789 DEBUG block.SCMBlockDeletingService (SCMBlockDeletingService.java:call(138)) - Running DeletedBlockTransactionScanner
2019-08-05 04:38:56,789 DEBUG block.SCMBlockDeletingService (SCMBlockDeletingService.java:call(155)) - Scanned deleted blocks log and got 3 delTX to process.
2019-08-05 04:38:56,789 DEBUG block.SCMBlockDeletingService (SCMBlockDeletingService.java:call(171)) - Added delete block command for datanode 3f4de2de-7d09-498f-aead-42327df81d94 in the queue, number of delete block transactions: 3, TxID list: 1,2,3
2019-08-05 04:38:56,790 INFO  block.SCMBlockDeletingService (SCMBlockDeletingService.java:call(182)) - Totally added 3 delete blocks command for 1 datanodes, task elapsed time: 1ms
2019-08-05 04:38:56,845 INFO  commands.RetriableDatanodeEventWatcher (RetriableDatanodeEventWatcher.java:onTimeout(47)) - RetriableDatanodeCommand type=deleteBlocksCommand with id=1564979932934 timed out. Retrying.
2019-08-05 04:38:56,858 INFO  commands.RetriableDatanodeEventWatcher (RetriableDatanodeEventWatcher.java:onTimeout(47)) - RetriableDatanodeCommand type=deleteBlocksCommand with id=1564979932944 timed out. Retrying.
2019-08-05 04:38:56,875 INFO  commands.RetriableDatanodeEventWatcher (RetriableDatanodeEventWatcher.java:onTimeout(47)) - RetriableDatanodeCommand type=deleteBlocksCommand with id=1564979932954 timed out. Retrying.
2019-08-05 04:38:56,890 DEBUG block.SCMBlockDeletingService (SCMBlockDeletingService.java:call(138)) - Running DeletedBlockTransactionScanner
2019-08-05 04:38:56,890 DEBUG block.SCMBlockDeletingService (SCMBlockDeletingService.java:call(155)) - Scanned deleted blocks log and got 3 delTX to process.
2019-08-05 04:38:56,891 DEBUG block.SCMBlockDeletingService (SCMBlockDeletingService.java:call(171)) - Added delete block command for datanode 3f4de2de-7d09-498f-aead-42327df81d94 in the queue, number of delete block transactions: 3, TxID list: 1,2,3
2019-08-05 04:38:56,891 INFO  block.SCMBlockDeletingService (SCMBlockDeletingService.java:call(182)) - Totally added 3 delete blocks command for 1 datanodes, task elapsed time: 1ms
2019-08-05 04:38:56,931 INFO  commands.RetriableDatanodeEventWatcher (RetriableDatanodeEventWatcher.java:onTimeout(47)) - RetriableDatanodeCommand type=deleteBlocksCommand with id=1564979932925 timed out. Retrying.
2019-08-05 04:38:56,946 INFO  commands.RetriableDatanodeEventWatcher (RetriableDatanodeEventWatcher.java:onTimeout(47)) - RetriableDatanodeCommand type=deleteBlocksCommand with id=1564979932935 timed out. Retrying.
2019-08-05 04:38:56,960 INFO  commands.RetriableDatanodeEventWatcher (RetriableDatanodeEventWatcher.java:onTimeout(47)) - RetriableDatanodeCommand type=deleteBlocksCommand with id=1564979932945 timed out. Retrying.
2019-08-05 04:38:56,977 INFO  commands.RetriableDatanodeEventWatcher (RetriableDatanodeEventWatcher.java:onTimeout(47)) - RetriableDatanodeCommand type=deleteBlocksCommand with id=1564979932955 timed out. Retrying.
2019-08-05 04:38:56,991 DEBUG block.SCMBlockDeletingService (SCMBlockDeletingService.java:call(138)) - Running DeletedBlockTransactionScanner
2019-08-05 04:38:56,992 DEBUG block.SCMBlockDeletingService (SCMBlockDeletingService.java:call(155)) - Scanned deleted blocks log and got 3 delTX to process.
2019-08-05 04:38:56,992 DEBUG block.SCMBlockDeletingService (SCMBlockDeletingService.java:call(171)) - Added delete block command for datanode 3f4de2de-7d09-498f-aead-42327df81d94 in the queue, number of delete block transactions: 3, TxID list: 1,2,3
2019-08-05 04:38:56,992 INFO  block.SCMBlockDeletingService (SCMBlockDeletingService.java:call(182)) - Totally added 3 delete blocks command for 1 datanodes, task elapsed time: 1ms
2019-08-05 04:38:57,030 INFO  commands.RetriableDatanodeEventWatcher (RetriableDatanodeEventWatcher.java:onTimeout(47)) - RetriableDatanodeCommand type=deleteBlocksCommand with id=1564979932926 timed out. Retrying.
2019-08-05 04:38:57,047 INFO  commands.RetriableDatanodeEventWatcher (RetriableDatanodeEventWatcher.java:onTimeout(47)) - RetriableDatanodeCommand type=deleteBlocksCommand with id=1564979932936 timed out. Retrying.
2019-08-05 04:38:57,063 INFO  commands.RetriableDatanodeEventWatcher (RetriableDatanodeEventWatcher.java:onTimeout(47)) - RetriableDatanodeCommand type=deleteBlocksCommand with id=1564979932946 timed out. Retrying.
2019-08-05 04:38:57,077 INFO  commands.RetriableDatanodeEventWatcher (RetriableDatanodeEventWatcher.java:onTimeout(47)) - RetriableDatanodeCommand type=deleteBlocksCommand with id=1564979932956 timed out. Retrying.
2019-08-05 04:38:57,093 DEBUG block.SCMBlockDeletingService (SCMBlockDeletingService.java:call(138)) - Running DeletedBlockTransactionScanner
2019-08-05 04:38:57,093 DEBUG block.SCMBlockDeletingService (SCMBlockDeletingService.java:call(155)) - Scanned deleted blocks log and got 3 delTX to process.
2019-08-05 04:38:57,094 DEBUG block.SCMBlockDeletingService (SCMBlockDeletingService.java:call(171)) - Added delete block command for datanode 3f4de2de-7d09-498f-aead-42327df81d94 in the queue, number of delete block transactions: 3, TxID list: 1,2,3
2019-08-05 04:38:57,094 INFO  block.SCMBlockDeletingService (SCMBlockDeletingService.java:call(182)) - Totally added 3 delete blocks command for 1 datanodes, task elapsed time: 2ms
2019-08-05 04:38:57,133 INFO  commands.RetriableDatanodeEventWatcher (RetriableDatanodeEventWatcher.java:onTimeout(47)) - RetriableDatanodeCommand type=deleteBlocksCommand with id=1564979932927 timed out. Retrying.
2019-08-05 04:38:57,149 INFO  commands.RetriableDatanodeEventWatcher (RetriableDatanodeEventWatcher.java:onTimeout(47)) - RetriableDatanodeCommand type=deleteBlocksCommand with id=1564979932937 timed out. Retrying.
2019-08-05 04:38:57,162 INFO  commands.RetriableDatanodeEventWatcher (RetriableDatanodeEventWatcher.java:onTimeout(47)) - RetriableDatanodeCommand type=deleteBlocksCommand with id=1564979932947 timed out. Retrying.
2019-08-05 04:38:57,180 INFO  commands.RetriableDatanodeEventWatcher (RetriableDatanodeEventWatcher.java:onTimeout(47)) - RetriableDatanodeCommand type=deleteBlocksCommand with id=1564979932957 timed out. Retrying.
2019-08-05 04:38:57,194 DEBUG block.SCMBlockDeletingService (SCMBlockDeletingService.java:call(138)) - Running DeletedBlockTransactionScanner
2019-08-05 04:38:57,195 DEBUG block.SCMBlockDeletingService (SCMBlockDeletingService.java:call(155)) - Scanned deleted blocks log and got 3 delTX to process.
2019-08-05 04:38:57,195 DEBUG block.SCMBlockDeletingService (SCMBlockDeletingService.java:call(171)) - Added delete block command for datanode 3f4de2de-7d09-498f-aead-42327df81d94 in the queue, number of delete block transactions: 3, TxID list: 1,2,3
2019-08-05 04:38:57,196 INFO  block.SCMBlockDeletingService (SCMBlockDeletingService.java:call(182)) - Totally added 3 delete blocks command for 1 datanodes, task elapsed time: 1ms
2019-08-05 04:38:57,235 INFO  commands.RetriableDatanodeEventWatcher (RetriableDatanodeEventWatcher.java:onTimeout(47)) - RetriableDatanodeCommand type=deleteBlocksCommand with id=1564979932928 timed out. Retrying.
2019-08-05 04:38:57,248 INFO  commands.RetriableDatanodeEventWatcher (RetriableDatanodeEventWatcher.java:onTimeout(47)) - RetriableDatanodeCommand type=deleteBlocksCommand with id=1564979932938 timed out. Retrying.
2019-08-05 04:38:57,266 INFO  commands.RetriableDatanodeEventWatcher (RetriableDatanodeEventWatcher.java:onTimeout(47)) - RetriableDatanodeCommand type=deleteBlocksCommand with id=1564979932948 timed out. Retrying.
2019-08-05 04:38:57,281 INFO  commands.RetriableDatanodeEventWatcher (RetriableDatanodeEventWatcher.java:onTimeout(47)) - RetriableDatanodeCommand type=deleteBlocksCommand with id=1564979932958 timed out. Retrying.
2019-08-05 04:38:57,296 DEBUG block.SCMBlockDeletingService (SCMBlockDeletingService.java:call(138)) - Running DeletedBlockTransactionScanner
2019-08-05 04:38:57,297 DEBUG block.SCMBlockDeletingService (SCMBlockDeletingService.java:call(155)) - Scanned deleted blocks log and got 3 delTX to process.
2019-08-05 04:38:57,297 DEBUG block.SCMBlockDeletingService (SCMBlockDeletingService.java:call(171)) - Added delete block command for datanode 3f4de2de-7d09-498f-aead-42327df81d94 in the queue, number of delete block transactions: 3, TxID list: 1,2,3
2019-08-05 04:38:57,297 INFO  block.SCMBlockDeletingService (SCMBlockDeletingService.java:call(182)) - Totally added 3 delete blocks command for 1 datanodes, task elapsed time: 1ms
2019-08-05 04:38:57,335 INFO  commands.RetriableDatanodeEventWatcher (RetriableDatanodeEventWatcher.java:onTimeout(47)) - RetriableDatanodeCommand type=deleteBlocksCommand with id=1564979932929 timed out. Retrying.
2019-08-05 04:38:57,353 INFO  commands.RetriableDatanodeEventWatcher (RetriableDatanodeEventWatcher.java:onTimeout(47)) - RetriableDatanodeCommand type=deleteBlocksCommand with id=1564979932939 timed out. Retrying.
2019-08-05 04:38:57,367 INFO  commands.RetriableDatanodeEventWatcher (RetriableDatanodeEventWatcher.java:onTimeout(47)) - RetriableDatanodeCommand type=deleteBlocksCommand with id=1564979932949 timed out. Retrying.
2019-08-05 04:38:57,382 INFO  commands.RetriableDatanodeEventWatcher (RetriableDatanodeEventWatcher.java:onTimeout(47)) - RetriableDatanodeCommand type=deleteBlocksCommand with id=1564979932959 timed out. Retrying.
2019-08-05 04:38:57,398 DEBUG block.SCMBlockDeletingService (SCMBlockDeletingService.java:call(138)) - Running DeletedBlockTransactionScanner
2019-08-05 04:38:57,398 DEBUG block.SCMBlockDeletingService (SCMBlockDeletingService.java:call(155)) - Scanned deleted blocks log and got 3 delTX to process.
2019-08-05 04:38:57,398 DEBUG block.SCMBlockDeletingService (SCMBlockDeletingService.java:call(171)) - Added delete block command for datanode 3f4de2de-7d09-498f-aead-42327df81d94 in the queue, number of delete block transactions: 3, TxID list: 1,2,3
2019-08-05 04:38:57,399 INFO  block.SCMBlockDeletingService (SCMBlockDeletingService.java:call(182)) - Totally added 3 delete blocks command for 1 datanodes, task elapsed time: 1ms
2019-08-05 04:38:57,438 INFO  commands.RetriableDatanodeEventWatcher (RetriableDatanodeEventWatcher.java:onTimeout(47)) - RetriableDatanodeCommand type=deleteBlocksCommand with id=1564979932930 timed out. Retrying.
2019-08-05 04:38:57,452 INFO  commands.RetriableDatanodeEventWatcher (RetriableDatanodeEventWatcher.java:onTimeout(47)) - RetriableDatanodeCommand type=deleteBlocksCommand with id=1564979932940 timed out. Retrying.
2019-08-05 04:38:57,468 INFO  commands.RetriableDatanodeEventWatcher (RetriableDatanodeEventWatcher.java:onTimeout(47)) - RetriableDatanodeCommand type=deleteBlocksCommand with id=1564979932950 timed out. Retrying.
2019-08-05 04:38:57,485 INFO  commands.RetriableDatanodeEventWatcher (RetriableDatanodeEventWatcher.java:onTimeout(47)) - RetriableDatanodeCommand type=deleteBlocksCommand with id=1564979932960 timed out. Retrying.
2019-08-05 04:38:57,499 DEBUG block.SCMBlockDeletingService (SCMBlockDeletingService.java:call(138)) - Running DeletedBlockTransactionScanner
2019-08-05 04:38:57,500 DEBUG block.SCMBlockDeletingService (SCMBlockDeletingService.java:call(155)) - Scanned deleted blocks log and got 3 delTX to process.
2019-08-05 04:38:57,500 DEBUG block.SCMBlockDeletingService (SCMBlockDeletingService.java:call(171)) - Added delete block command for datanode 3f4de2de-7d09-498f-aead-42327df81d94 in the queue, number of delete block transactions: 3, TxID list: 1,2,3
2019-08-05 04:38:57,500 INFO  block.SCMBlockDeletingService (SCMBlockDeletingService.java:call(182)) - Totally added 3 delete blocks command for 1 datanodes, task elapsed time: 1ms
2019-08-05 04:38:57,537 INFO  commands.RetriableDatanodeEventWatcher (RetriableDatanodeEventWatcher.java:onTimeout(47)) - RetriableDatanodeCommand type=deleteBlocksCommand with id=1564979932931 timed out. Retrying.
2019-08-05 04:38:57,554 INFO  commands.RetriableDatanodeEventWatcher (RetriableDatanodeEventWatcher.java:onTimeout(47)) - RetriableDatanodeCommand type=deleteBlocksCommand with id=1564979932941 timed out. Retrying.
2019-08-05 04:38:57,570 INFO  commands.RetriableDatanodeEventWatcher (RetriableDatanodeEventWatcher.java:onTimeout(47)) - RetriableDatanodeCommand type=deleteBlocksCommand with id=1564979932951 timed out. Retrying.
2019-08-05 04:38:57,586 INFO  commands.RetriableDatanodeEventWatcher (RetriableDatanodeEventWatcher.java:onTimeout(47)) - RetriableDatanodeCommand type=deleteBlocksCommand with id=1564979932961 timed out. Retrying.
2019-08-05 04:38:57,601 DEBUG block.SCMBlockDeletingService (SCMBlockDeletingService.java:call(138)) - Running DeletedBlockTransactionScanner
2019-08-05 04:38:57,601 DEBUG block.SCMBlockDeletingService (SCMBlockDeletingService.java:call(155)) - Scanned deleted blocks log and got 3 delTX to process.
2019-08-05 04:38:57,601 DEBUG block.SCMBlockDeletingService (SCMBlockDeletingService.java:call(171)) - Added delete block command for datanode 3f4de2de-7d09-498f-aead-42327df81d94 in the queue, number of delete block transactions: 3, TxID list: 1,2,3
2019-08-05 04:38:57,602 INFO  block.SCMBlockDeletingService (SCMBlockDeletingService.java:call(182)) - Totally added 3 delete blocks command for 1 datanodes, task elapsed time: 1ms
2019-08-05 04:38:57,642 INFO  commands.RetriableDatanodeEventWatcher (RetriableDatanodeEventWatcher.java:onTimeout(47)) - RetriableDatanodeCommand type=deleteBlocksCommand with id=1564979932932 timed out. Retrying.
2019-08-05 04:38:57,656 INFO  commands.RetriableDatanodeEventWatcher (RetriableDatanodeEventWatcher.java:onTimeout(47)) - RetriableDatanodeCommand type=deleteBlocksCommand with id=1564979932942 timed out. Retrying.
2019-08-05 04:38:57,671 INFO  commands.RetriableDatanodeEventWatcher (RetriableDatanodeEventWatcher.java:onTimeout(47)) - RetriableDatanodeCommand type=deleteBlocksCommand with id=1564979932952 timed out. Retrying.
2019-08-05 04:38:57,688 INFO  commands.RetriableDatanodeEventWatcher (RetriableDatanodeEventWatcher.java:onTimeout(47)) - RetriableDatanodeCommand type=deleteBlocksCommand with id=1564979932962 timed out. Retrying.
2019-08-05 04:38:57,702 DEBUG block.SCMBlockDeletingService (SCMBlockDeletingService.java:call(138)) - Running DeletedBlockTransactionScanner
2019-08-05 04:38:57,703 DEBUG block.SCMBlockDeletingService (SCMBlockDeletingService.java:call(155)) - Scanned deleted blocks log and got 3 delTX to process.
2019-08-05 04:38:57,703 DEBUG block.SCMBlockDeletingService (SCMBlockDeletingService.java:call(171)) - Added delete block command for datanode 3f4de2de-7d09-498f-aead-42327df81d94 in the queue, number of delete block transactions: 3, TxID list: 1,2,3
2019-08-05 04:38:57,703 INFO  block.SCMBlockDeletingService (SCMBlockDeletingService.java:call(182)) - Totally added 3 delete blocks command for 1 datanodes, task elapsed time: 1ms
2019-08-05 04:38:57,742 INFO  commands.RetriableDatanodeEventWatcher (RetriableDatanodeEventWatcher.java:onTimeout(47)) - RetriableDatanodeCommand type=deleteBlocksCommand with id=1564979932933 timed out. Retrying.
2019-08-05 04:38:57,759 INFO  commands.RetriableDatanodeEventWatcher (RetriableDatanodeEventWatcher.java:onTimeout(47)) - RetriableDatanodeCommand type=deleteBlocksCommand with id=1564979932943 timed out. Retrying.
2019-08-05 04:38:57,773 INFO  commands.RetriableDatanodeEventWatcher (RetriableDatanodeEventWatcher.java:onTimeout(47)) - RetriableDatanodeCommand type=deleteBlocksCommand with id=1564979932953 timed out. Retrying.
2019-08-05 04:38:57,789 INFO  commands.RetriableDatanodeEventWatcher (RetriableDatanodeEventWatcher.java:onTimeout(47)) - RetriableDatanodeCommand type=deleteBlocksCommand with id=1564979932963 timed out. Retrying.
2019-08-05 04:38:57,804 DEBUG block.SCMBlockDeletingService (SCMBlockDeletingService.java:call(138)) - Running DeletedBlockTransactionScanner
2019-08-05 04:38:57,804 DEBUG block.SCMBlockDeletingService (SCMBlockDeletingService.java:call(155)) - Scanned deleted blocks log and got 3 delTX to process.
2019-08-05 04:38:57,804 DEBUG block.SCMBlockDeletingService (SCMBlockDeletingService.java:call(171)) - Added delete block command for datanode 3f4de2de-7d09-498f-aead-42327df81d94 in the queue, number of delete block transactions: 3, TxID list: 1,2,3
2019-08-05 04:38:57,805 INFO  block.SCMBlockDeletingService (SCMBlockDeletingService.java:call(182)) - Totally added 3 delete blocks command for 1 datanodes, task elapsed time: 1ms
2019-08-05 04:38:57,845 INFO  commands.RetriableDatanodeEventWatcher (RetriableDatanodeEventWatcher.java:onTimeout(47)) - RetriableDatanodeCommand type=deleteBlocksCommand with id=1564979932934 timed out. Retrying.
2019-08-05 04:38:57,854 INFO  ozoneimpl.OzoneContainer (OzoneContainer.java:stop(199)) - Attempting to stop container services.
2019-08-05 04:38:57,857 INFO  impl.RaftServerProxy (RaftServerProxy.java:lambda$close$4(314)) - 3f4de2de-7d09-498f-aead-42327df81d94: close
2019-08-05 04:38:57,859 INFO  commands.RetriableDatanodeEventWatcher (RetriableDatanodeEventWatcher.java:onTimeout(47)) - RetriableDatanodeCommand type=deleteBlocksCommand with id=1564979932944 timed out. Retrying.
2019-08-05 04:38:57,860 INFO  impl.RaftServerImpl (RaftServerImpl.java:lambda$shutdown$3(245)) - 3f4de2de-7d09-498f-aead-42327df81d94: shutdown group-C7908E81CC6B
2019-08-05 04:38:57,860 INFO  util.JmxRegister (JmxRegister.java:unregister(73)) - Successfully un-registered JMX Bean with object name Ratis:service=RaftServer,group=group-C7908E81CC6B,id=3f4de2de-7d09-498f-aead-42327df81d94
2019-08-05 04:38:57,861 INFO  impl.RoleInfo (RoleInfo.java:shutdownLeaderState(104)) - 3f4de2de-7d09-498f-aead-42327df81d94: shutdown LeaderState
2019-08-05 04:38:57,863 INFO  impl.PendingRequests (PendingRequests.java:sendNotLeaderResponses(202)) - 3f4de2de-7d09-498f-aead-42327df81d94-PendingRequests: sendNotLeaderResponses
2019-08-05 04:38:57,873 INFO  impl.StateMachineUpdater (StateMachineUpdater.java:stopAndJoin(115)) - StateMachineUpdater:3f4de2de-7d09-498f-aead-42327df81d94:group-C7908E81CC6B: set stopIndex = 6292
2019-08-05 04:38:57,874 INFO  ratis.ContainerStateMachine (ContainerStateMachine.java:takeSnapshot(262)) - group-C7908E81CC6B: Taking a snapshot at:(t:1, i:6291) file /workdir/hadoop-ozone/integration-test/target/test-dir/MiniOzoneClusterImpl-af67ccff-b14d-4344-aca9-2553e8e333a6/datanode-0/data/ratis/25174f8a-9958-42d2-a9fa-c7908e81cc6b/sm/snapshot.1_6291
2019-08-05 04:38:57,875 INFO  commands.RetriableDatanodeEventWatcher (RetriableDatanodeEventWatcher.java:onTimeout(47)) - RetriableDatanodeCommand type=deleteBlocksCommand with id=1564979932954 timed out. Retrying.
2019-08-05 04:38:57,890 INFO  commands.RetriableDatanodeEventWatcher (RetriableDatanodeEventWatcher.java:onTimeout(47)) - RetriableDatanodeCommand type=deleteBlocksCommand with id=1564979932964 timed out. Retrying.
2019-08-05 04:38:57,905 DEBUG block.SCMBlockDeletingService (SCMBlockDeletingService.java:call(138)) - Running DeletedBlockTransactionScanner
2019-08-05 04:38:57,906 DEBUG block.SCMBlockDeletingService (SCMBlockDeletingService.java:call(155)) - Scanned deleted blocks log and got 3 delTX to process.
2019-08-05 04:38:57,906 DEBUG block.SCMBlockDeletingService (SCMBlockDeletingService.java:call(171)) - Added delete block command for datanode 3f4de2de-7d09-498f-aead-42327df81d94 in the queue, number of delete block transactions: 3, TxID list: 1,2,3
2019-08-05 04:38:57,907 INFO  block.SCMBlockDeletingService (SCMBlockDeletingService.java:call(182)) - Totally added 3 delete blocks command for 1 datanodes, task elapsed time: 1ms
2019-08-05 04:38:57,908 INFO  ratis.ContainerStateMachine (ContainerStateMachine.java:takeSnapshot(273)) - group-C7908E81CC6B: Finished taking a snapshot at:(t:1, i:6291) file:/workdir/hadoop-ozone/integration-test/target/test-dir/MiniOzoneClusterImpl-af67ccff-b14d-4344-aca9-2553e8e333a6/datanode-0/data/ratis/25174f8a-9958-42d2-a9fa-c7908e81cc6b/sm/snapshot.1_6291 time:35
2019-08-05 04:38:57,908 INFO  impl.StateMachineUpdater (StateMachineUpdater.java:takeSnapshot(242)) - StateMachineUpdater:3f4de2de-7d09-498f-aead-42327df81d94:group-C7908E81CC6B: Took a snapshot at index 6291
2019-08-05 04:38:57,910 INFO  impl.StateMachineUpdater (StateMachineUpdater.java:lambda$new$0(80)) - StateMachineUpdater:3f4de2de-7d09-498f-aead-42327df81d94:group-C7908E81CC6B: snapshotIndex: updateIncreasingly -1 -> 6291
2019-08-05 04:38:57,919 INFO  impl.RaftServerImpl (ServerState.java:close(394)) - 3f4de2de-7d09-498f-aead-42327df81d94:group-C7908E81CC6B closes. The last applied log index is 6292
2019-08-05 04:38:57,922 INFO  segmented.SegmentedRaftLogWorker (SegmentedRaftLogWorker.java:run(313)) - 3f4de2de-7d09-498f-aead-42327df81d94-SegmentedRaftLogWorker:Storage Directory /workdir/hadoop-ozone/integration-test/target/test-dir/MiniOzoneClusterImpl-af67ccff-b14d-4344-aca9-2553e8e333a6/datanode-0/data/ratis/25174f8a-9958-42d2-a9fa-c7908e81cc6b was interrupted, exiting. There are 0 tasks remaining in the queue.
2019-08-05 04:38:57,923 INFO  segmented.SegmentedRaftLogWorker (SegmentedRaftLogWorker.java:close(228)) - 3f4de2de-7d09-498f-aead-42327df81d94-SegmentedRaftLogWorker:Storage Directory /workdir/hadoop-ozone/integration-test/target/test-dir/MiniOzoneClusterImpl-af67ccff-b14d-4344-aca9-2553e8e333a6/datanode-0/data/ratis/25174f8a-9958-42d2-a9fa-c7908e81cc6b close()
2019-08-05 04:38:57,926 INFO  server.GrpcService (GrpcService.java:closeImpl(155)) - 3f4de2de-7d09-498f-aead-42327df81d94: shutdown server with port 41860 now
2019-08-05 04:38:57,929 INFO  server.GrpcService (GrpcService.java:closeImpl(163)) - 3f4de2de-7d09-498f-aead-42327df81d94: shutdown server with port 41860 successfully
2019-08-05 04:38:57,931 INFO  commands.RetriableDatanodeEventWatcher (RetriableDatanodeEventWatcher.java:onTimeout(47)) - RetriableDatanodeCommand type=deleteBlocksCommand with id=1564979932925 timed out. Retrying.
2019-08-05 04:38:57,932 INFO  utils.BackgroundService (BackgroundService.java:shutdown(148)) - Shutting down service BlockDeletingService
2019-08-05 04:38:57,940 WARN  fs.CachingGetSpaceUsed (CachingGetSpaceUsed.java:run(183)) - Thread Interrupted waiting to refresh disk information: sleep interrupted
2019-08-05 04:38:57,946 INFO  commands.RetriableDatanodeEventWatcher (RetriableDatanodeEventWatcher.java:onTimeout(47)) - RetriableDatanodeCommand type=deleteBlocksCommand with id=1564979932935 timed out. Retrying.
2019-08-05 04:38:57,959 INFO  statemachine.DatanodeStateMachine (DatanodeStateMachine.java:stopDaemon(395)) - Ozone container server stopped.
2019-08-05 04:38:57,962 INFO  commands.RetriableDatanodeEventWatcher (RetriableDatanodeEventWatcher.java:onTimeout(47)) - RetriableDatanodeCommand type=deleteBlocksCommand with id=1564979932945 timed out. Retrying.
2019-08-05 04:38:57,968 INFO  handler.ContextHandler (ContextHandler.java:doStop(910)) - Stopped o.e.j.w.WebAppContext@302edb74{/,null,UNAVAILABLE}{/hddsDatanode}
2019-08-05 04:38:57,976 INFO  server.AbstractConnector (AbstractConnector.java:doStop(318)) - Stopped ServerConnector@7efd28bd{HTTP/1.1,[http/1.1]}{0.0.0.0:0}
2019-08-05 04:38:57,976 INFO  handler.ContextHandler (ContextHandler.java:doStop(910)) - Stopped o.e.j.s.ServletContextHandler@4ee6291f{/static,jar:file:/home/user/.m2/repository/org/apache/hadoop/hadoop-hdds-container-service/0.4.1-SNAPSHOT/hadoop-hdds-container-service-0.4.1-SNAPSHOT.jar!/webapps/static,UNAVAILABLE}
2019-08-05 04:38:57,976 INFO  handler.ContextHandler (ContextHandler.java:doStop(910)) - Stopped o.e.j.s.ServletContextHandler@5c080ef3{/logs,file:///workdir/hadoop-ozone/integration-test/target/log,UNAVAILABLE}
2019-08-05 04:38:57,977 INFO  commands.RetriableDatanodeEventWatcher (RetriableDatanodeEventWatcher.java:onTimeout(47)) - RetriableDatanodeCommand type=deleteBlocksCommand with id=1564979932955 timed out. Retrying.
2019-08-05 04:38:57,993 INFO  commands.RetriableDatanodeEventWatcher (RetriableDatanodeEventWatcher.java:onTimeout(47)) - RetriableDatanodeCommand type=deleteBlocksCommand with id=1564979932965 timed out. Retrying.
2019-08-05 04:38:58,007 DEBUG block.SCMBlockDeletingService (SCMBlockDeletingService.java:call(138)) - Running DeletedBlockTransactionScanner
2019-08-05 04:38:58,008 DEBUG block.SCMBlockDeletingService (SCMBlockDeletingService.java:call(155)) - Scanned deleted blocks log and got 3 delTX to process.
2019-08-05 04:38:58,008 DEBUG block.SCMBlockDeletingService (SCMBlockDeletingService.java:call(171)) - Added delete block command for datanode 3f4de2de-7d09-498f-aead-42327df81d94 in the queue, number of delete block transactions: 3, TxID list: 1,2,3
2019-08-05 04:38:58,008 INFO  block.SCMBlockDeletingService (SCMBlockDeletingService.java:call(182)) - Totally added 3 delete blocks command for 1 datanodes, task elapsed time: 1ms
2019-08-05 04:38:58,031 INFO  commands.RetriableDatanodeEventWatcher (RetriableDatanodeEventWatcher.java:onTimeout(47)) - RetriableDatanodeCommand type=deleteBlocksCommand with id=1564979932926 timed out. Retrying.
2019-08-05 04:38:58,048 INFO  commands.RetriableDatanodeEventWatcher (RetriableDatanodeEventWatcher.java:onTimeout(47)) - RetriableDatanodeCommand type=deleteBlocksCommand with id=1564979932936 timed out. Retrying.
2019-08-05 04:38:58,063 INFO  commands.RetriableDatanodeEventWatcher (RetriableDatanodeEventWatcher.java:onTimeout(47)) - RetriableDatanodeCommand type=deleteBlocksCommand with id=1564979932946 timed out. Retrying.
2019-08-05 04:38:58,077 INFO  commands.RetriableDatanodeEventWatcher (RetriableDatanodeEventWatcher.java:onTimeout(47)) - RetriableDatanodeCommand type=deleteBlocksCommand with id=1564979932956 timed out. Retrying.
2019-08-05 04:38:58,094 INFO  commands.RetriableDatanodeEventWatcher (RetriableDatanodeEventWatcher.java:onTimeout(47)) - RetriableDatanodeCommand type=deleteBlocksCommand with id=1564979932966 timed out. Retrying.
2019-08-05 04:38:58,109 DEBUG block.SCMBlockDeletingService (SCMBlockDeletingService.java:call(138)) - Running DeletedBlockTransactionScanner
2019-08-05 04:38:58,109 DEBUG block.SCMBlockDeletingService (SCMBlockDeletingService.java:call(155)) - Scanned deleted blocks log and got 3 delTX to process.
2019-08-05 04:38:58,109 DEBUG block.SCMBlockDeletingService (SCMBlockDeletingService.java:call(171)) - Added delete block command for datanode 3f4de2de-7d09-498f-aead-42327df81d94 in the queue, number of delete block transactions: 3, TxID list: 1,2,3
2019-08-05 04:38:58,110 INFO  block.SCMBlockDeletingService (SCMBlockDeletingService.java:call(182)) - Totally added 3 delete blocks command for 1 datanodes, task elapsed time: 1ms
2019-08-05 04:38:58,134 INFO  commands.RetriableDatanodeEventWatcher (RetriableDatanodeEventWatcher.java:onTimeout(47)) - RetriableDatanodeCommand type=deleteBlocksCommand with id=1564979932927 timed out. Retrying.
2019-08-05 04:38:58,148 INFO  commands.RetriableDatanodeEventWatcher (RetriableDatanodeEventWatcher.java:onTimeout(47)) - RetriableDatanodeCommand type=deleteBlocksCommand with id=1564979932937 timed out. Retrying.
2019-08-05 04:38:58,163 INFO  commands.RetriableDatanodeEventWatcher (RetriableDatanodeEventWatcher.java:onTimeout(47)) - RetriableDatanodeCommand type=deleteBlocksCommand with id=1564979932947 timed out. Retrying.
2019-08-05 04:38:58,181 INFO  commands.RetriableDatanodeEventWatcher (RetriableDatanodeEventWatcher.java:onTimeout(47)) - RetriableDatanodeCommand type=deleteBlocksCommand with id=1564979932957 timed out. Retrying.
2019-08-05 04:38:58,195 INFO  commands.RetriableDatanodeEventWatcher (RetriableDatanodeEventWatcher.java:onTimeout(47)) - RetriableDatanodeCommand type=deleteBlocksCommand with id=1564979932967 timed out. Retrying.
2019-08-05 04:38:58,210 DEBUG block.SCMBlockDeletingService (SCMBlockDeletingService.java:call(138)) - Running DeletedBlockTransactionScanner
2019-08-05 04:38:58,211 DEBUG block.SCMBlockDeletingService (SCMBlockDeletingService.java:call(155)) - Scanned deleted blocks log and got 3 delTX to process.
2019-08-05 04:38:58,211 DEBUG block.SCMBlockDeletingService (SCMBlockDeletingService.java:call(171)) - Added delete block command for datanode 3f4de2de-7d09-498f-aead-42327df81d94 in the queue, number of delete block transactions: 3, TxID list: 1,2,3
2019-08-05 04:38:58,211 INFO  block.SCMBlockDeletingService (SCMBlockDeletingService.java:call(182)) - Totally added 3 delete blocks command for 1 datanodes, task elapsed time: 1ms
2019-08-05 04:38:58,234 INFO  commands.RetriableDatanodeEventWatcher (RetriableDatanodeEventWatcher.java:onTimeout(47)) - RetriableDatanodeCommand type=deleteBlocksCommand with id=1564979932928 timed out. Retrying.
2019-08-05 04:38:58,249 INFO  commands.RetriableDatanodeEventWatcher (RetriableDatanodeEventWatcher.java:onTimeout(47)) - RetriableDatanodeCommand type=deleteBlocksCommand with id=1564979932938 timed out. Retrying.
2019-08-05 04:38:58,267 INFO  commands.RetriableDatanodeEventWatcher (RetriableDatanodeEventWatcher.java:onTimeout(47)) - RetriableDatanodeCommand type=deleteBlocksCommand with id=1564979932948 timed out. Retrying.
2019-08-05 04:38:58,280 INFO  commands.RetriableDatanodeEventWatcher (RetriableDatanodeEventWatcher.java:onTimeout(47)) - RetriableDatanodeCommand type=deleteBlocksCommand with id=1564979932958 timed out. Retrying.
2019-08-05 04:38:58,298 INFO  commands.RetriableDatanodeEventWatcher (RetriableDatanodeEventWatcher.java:onTimeout(47)) - RetriableDatanodeCommand type=deleteBlocksCommand with id=1564979932968 timed out. Retrying.
2019-08-05 04:38:58,312 DEBUG block.SCMBlockDeletingService (SCMBlockDeletingService.java:call(138)) - Running DeletedBlockTransactionScanner
2019-08-05 04:38:58,312 DEBUG block.SCMBlockDeletingService (SCMBlockDeletingService.java:call(155)) - Scanned deleted blocks log and got 3 delTX to process.
2019-08-05 04:38:58,313 DEBUG block.SCMBlockDeletingService (SCMBlockDeletingService.java:call(171)) - Added delete block command for datanode 3f4de2de-7d09-498f-aead-42327df81d94 in the queue, number of delete block transactions: 3, TxID list: 1,2,3
2019-08-05 04:38:58,313 INFO  block.SCMBlockDeletingService (SCMBlockDeletingService.java:call(182)) - Totally added 3 delete blocks command for 1 datanodes, task elapsed time: 2ms
2019-08-05 04:38:58,336 INFO  commands.RetriableDatanodeEventWatcher (RetriableDatanodeEventWatcher.java:onTimeout(47)) - RetriableDatanodeCommand type=deleteBlocksCommand with id=1564979932929 timed out. Retrying.
2019-08-05 04:38:58,354 INFO  commands.RetriableDatanodeEventWatcher (RetriableDatanodeEventWatcher.java:onTimeout(47)) - RetriableDatanodeCommand type=deleteBlocksCommand with id=1564979932939 timed out. Retrying.
2019-08-05 04:38:58,366 INFO  commands.RetriableDatanodeEventWatcher (RetriableDatanodeEventWatcher.java:onTimeout(47)) - RetriableDatanodeCommand type=deleteBlocksCommand with id=1564979932949 timed out. Retrying.
2019-08-05 04:38:58,383 INFO  commands.RetriableDatanodeEventWatcher (RetriableDatanodeEventWatcher.java:onTimeout(47)) - RetriableDatanodeCommand type=deleteBlocksCommand with id=1564979932959 timed out. Retrying.
2019-08-05 04:38:58,399 INFO  commands.RetriableDatanodeEventWatcher (RetriableDatanodeEventWatcher.java:onTimeout(47)) - RetriableDatanodeCommand type=deleteBlocksCommand with id=1564979932969 timed out. Retrying.
2019-08-05 04:38:58,413 DEBUG block.SCMBlockDeletingService (SCMBlockDeletingService.java:call(138)) - Running DeletedBlockTransactionScanner
2019-08-05 04:38:58,414 DEBUG block.SCMBlockDeletingService (SCMBlockDeletingService.java:call(155)) - Scanned deleted blocks log and got 3 delTX to process.
2019-08-05 04:38:58,414 DEBUG block.SCMBlockDeletingService (SCMBlockDeletingService.java:call(171)) - Added delete block command for datanode 3f4de2de-7d09-498f-aead-42327df81d94 in the queue, number of delete block transactions: 3, TxID list: 1,2,3
2019-08-05 04:38:58,414 INFO  block.SCMBlockDeletingService (SCMBlockDeletingService.java:call(182)) - Totally added 3 delete blocks command for 1 datanodes, task elapsed time: 1ms
2019-08-05 04:38:58,439 INFO  commands.RetriableDatanodeEventWatcher (RetriableDatanodeEventWatcher.java:onTimeout(47)) - RetriableDatanodeCommand type=deleteBlocksCommand with id=1564979932930 timed out. Retrying.
2019-08-05 04:38:58,451 INFO  commands.RetriableDatanodeEventWatcher (RetriableDatanodeEventWatcher.java:onTimeout(47)) - RetriableDatanodeCommand type=deleteBlocksCommand with id=1564979932940 timed out. Retrying.
2019-08-05 04:38:58,469 INFO  commands.RetriableDatanodeEventWatcher (RetriableDatanodeEventWatcher.java:onTimeout(47)) - RetriableDatanodeCommand type=deleteBlocksCommand with id=1564979932950 timed out. Retrying.
2019-08-05 04:38:58,480 INFO  ozone.MiniOzoneClusterImpl (MiniOzoneClusterImpl.java:lambda$waitForClusterToBeReady$0(142)) - Cluster is ready. Got 0 of 0 DN Heartbeats.
2019-08-05 04:38:58,485 INFO  impl.MetricsSystemImpl (MetricsSystemImpl.java:init(158)) - HddsDatanode metrics system started (again)
2019-08-05 04:38:58,486 INFO  commands.RetriableDatanodeEventWatcher (RetriableDatanodeEventWatcher.java:onTimeout(47)) - RetriableDatanodeCommand type=deleteBlocksCommand with id=1564979932960 timed out. Retrying.
2019-08-05 04:38:58,500 INFO  commands.RetriableDatanodeEventWatcher (RetriableDatanodeEventWatcher.java:onTimeout(47)) - RetriableDatanodeCommand type=deleteBlocksCommand with id=1564979932970 timed out. Retrying.
2019-08-05 04:38:58,515 DEBUG block.SCMBlockDeletingService (SCMBlockDeletingService.java:call(138)) - Running DeletedBlockTransactionScanner
2019-08-05 04:38:58,515 DEBUG block.SCMBlockDeletingService (SCMBlockDeletingService.java:call(155)) - Scanned deleted blocks log and got 3 delTX to process.
2019-08-05 04:38:58,516 DEBUG block.SCMBlockDeletingService (SCMBlockDeletingService.java:call(171)) - Added delete block command for datanode 3f4de2de-7d09-498f-aead-42327df81d94 in the queue, number of delete block transactions: 3, TxID list: 1,2,3
2019-08-05 04:38:58,516 INFO  block.SCMBlockDeletingService (SCMBlockDeletingService.java:call(182)) - Totally added 3 delete blocks command for 1 datanodes, task elapsed time: 1ms
2019-08-05 04:38:58,539 INFO  commands.RetriableDatanodeEventWatcher (RetriableDatanodeEventWatcher.java:onTimeout(47)) - RetriableDatanodeCommand type=deleteBlocksCommand with id=1564979932931 timed out. Retrying.
2019-08-05 04:38:58,540 INFO  ozone.HddsDatanodeService (HddsDatanodeService.java:start(184)) - HddsDatanodeService host:byscane-nightly-228d8-4024241517 ip:192.168.157.247
2019-08-05 04:38:58,545 INFO  volume.VolumeUsage (VolumeUsage.java:loadScmUsed(144)) - Cached ScmUsed found for /workdir/hadoop-ozone/integration-test/target/test-dir/MiniOzoneClusterImpl-af67ccff-b14d-4344-aca9-2553e8e333a6/datanode-0/data/containers : 4096 
2019-08-05 04:38:58,546 INFO  volume.HddsVolume (HddsVolume.java:<init>(176)) - Creating Volume: /workdir/hadoop-ozone/integration-test/target/test-dir/MiniOzoneClusterImpl-af67ccff-b14d-4344-aca9-2553e8e333a6/datanode-0/data/containers/hdds of  storage type : DISK and capacity : 52710309888
2019-08-05 04:38:58,547 INFO  volume.VolumeSet (VolumeSet.java:initializeVolumeSet(170)) - Added Volume : /workdir/hadoop-ozone/integration-test/target/test-dir/MiniOzoneClusterImpl-af67ccff-b14d-4344-aca9-2553e8e333a6/datanode-0/data/containers/hdds to VolumeSet
2019-08-05 04:38:58,547 INFO  volume.ThrottledAsyncChecker (ThrottledAsyncChecker.java:schedule(140)) - Scheduling a check for org.apache.hadoop.ozone.container.common.volume.HddsVolume@26d5a317
2019-08-05 04:38:58,549 INFO  volume.HddsVolumeChecker (HddsVolumeChecker.java:checkAllVolumes(203)) - Scheduled health check for volume org.apache.hadoop.ozone.container.common.volume.HddsVolume@26d5a317
2019-08-05 04:38:58,555 INFO  commands.RetriableDatanodeEventWatcher (RetriableDatanodeEventWatcher.java:onTimeout(47)) - RetriableDatanodeCommand type=deleteBlocksCommand with id=1564979932941 timed out. Retrying.
2019-08-05 04:38:58,569 INFO  commands.RetriableDatanodeEventWatcher (RetriableDatanodeEventWatcher.java:onTimeout(47)) - RetriableDatanodeCommand type=deleteBlocksCommand with id=1564979932951 timed out. Retrying.
2019-08-05 04:38:58,587 INFO  commands.RetriableDatanodeEventWatcher (RetriableDatanodeEventWatcher.java:onTimeout(47)) - RetriableDatanodeCommand type=deleteBlocksCommand with id=1564979932961 timed out. Retrying.
2019-08-05 04:38:58,602 INFO  commands.RetriableDatanodeEventWatcher (RetriableDatanodeEventWatcher.java:onTimeout(47)) - RetriableDatanodeCommand type=deleteBlocksCommand with id=1564979932971 timed out. Retrying.
2019-08-05 04:38:58,617 DEBUG block.SCMBlockDeletingService (SCMBlockDeletingService.java:call(138)) - Running DeletedBlockTransactionScanner
2019-08-05 04:38:58,617 DEBUG block.SCMBlockDeletingService (SCMBlockDeletingService.java:call(155)) - Scanned deleted blocks log and got 3 delTX to process.
2019-08-05 04:38:58,617 DEBUG block.SCMBlockDeletingService (SCMBlockDeletingService.java:call(171)) - Added delete block command for datanode 3f4de2de-7d09-498f-aead-42327df81d94 in the queue, number of delete block transactions: 3, TxID list: 1,2,3
2019-08-05 04:38:58,618 INFO  block.SCMBlockDeletingService (SCMBlockDeletingService.java:call(182)) - Totally added 3 delete blocks command for 1 datanodes, task elapsed time: 1ms
2019-08-05 04:38:58,643 INFO  commands.RetriableDatanodeEventWatcher (RetriableDatanodeEventWatcher.java:onTimeout(47)) - RetriableDatanodeCommand type=deleteBlocksCommand with id=1564979932932 timed out. Retrying.
2019-08-05 04:38:58,654 INFO  impl.RaftServerProxy (ConfUtils.java:logGet(43)) - raft.rpc.type = GRPC (default)
2019-08-05 04:38:58,655 INFO  grpc.GrpcFactory (GrpcFactory.java:checkPooledByteBufAllocatorUseCacheForAllThreads(45)) - PERFORMANCE WARNING: useCacheForAllThreads is true that may cause Netty to create a lot garbage objects and, as a result, trigger GC.
	It is recommended to disable useCacheForAllThreads by setting -Dorg.apache.ratis.thirdparty.io.netty.allocator.useCacheForAllThreads=false in command line.
2019-08-05 04:38:58,655 INFO  grpc.GrpcConfigKeys$Server (ConfUtils.java:logGet(43)) - raft.grpc.server.port = 41860 (custom)
2019-08-05 04:38:58,656 INFO  server.GrpcService (ConfUtils.java:logGet(43)) - raft.grpc.message.size.max = 33570816 (custom)
2019-08-05 04:38:58,656 INFO  commands.RetriableDatanodeEventWatcher (ConfUtils.java:logGet(43)) - raft.server.log.appender.buffer.byte-limit = 33554432 (custom)
2019-08-05 04:38:58,656 INFO  server.GrpcService (RetriableDatanodeEventWatcher.java:onTimeout(47)) - RetriableDatanodeCommand type=deleteBlocksCommand with id=1564979932942 timed out. Retrying.
ConfUtils.java:logGet(43)) - raft.grpc.flow.control.window = 1MB (=1048576) (default)
2019-08-05 04:38:58,656 INFO  commands.RetriableDatanodeEventWatcher (RetriableDatanodeEventWatcher.java:onTimeout(47)) - RetriableDatanodeCommand type=deleteBlocksCommand with id=1564979932942 timed out. Retrying.
2019-08-05 04:38:58,657 INFO  server.RaftServerConfigKeys (ConfUtils.java:logGet(43)) - raft.server.rpc.request.timeout = 3000ms (default)
2019-08-05 04:38:58,658 INFO  server.RaftServerConfigKeys (ConfUtils.java:logGet(43)) - raft.server.storage.dir = [/workdir/hadoop-ozone/integration-test/target/test-dir/MiniOzoneClusterImpl-af67ccff-b14d-4344-aca9-2553e8e333a6/datanode-0/data/ratis] (custom)
2019-08-05 04:38:58,658 INFO  impl.RaftServerProxy (RaftServerProxy.java:lambda$null$0(191)) - 3f4de2de-7d09-498f-aead-42327df81d94: found a subdirectory /workdir/hadoop-ozone/integration-test/target/test-dir/MiniOzoneClusterImpl-af67ccff-b14d-4344-aca9-2553e8e333a6/datanode-0/data/ratis/25174f8a-9958-42d2-a9fa-c7908e81cc6b
2019-08-05 04:38:58,660 INFO  impl.RaftServerProxy (RaftServerProxy.java:addNew(89)) - 3f4de2de-7d09-498f-aead-42327df81d94: addNew group-C7908E81CC6B:[] returns group-C7908E81CC6B:java.util.concurrent.CompletableFuture@586495f1[Not completed]
2019-08-05 04:38:58,662 INFO  replication.SimpleContainerDownloader (SimpleContainerDownloader.java:<init>(72)) - Starting container downloader service to copy containers to replicate.
2019-08-05 04:38:58,673 INFO  hdfs.DFSUtil (RetriableDatanodeEventWatcher.java:onTimeout(47)) - RetriableDatanodeCommand type=deleteBlocksCommand with id=1564979932952 timed out. Retrying.
DFSUtil.java:httpServerTemplateForNNAndJN(1641)) - Starting Web-server for hddsDatanode at: http://0.0.0.0:35030
2019-08-05 04:38:58,671 INFO  commands.RetriableDatanodeEventWatcher (RetriableDatanodeEventWatcher.java:onTimeout(47)) - RetriableDatanodeCommand type=deleteBlocksCommand with id=1564979932952 timed out. Retrying.
2019-08-05 04:38:58,685 INFO  impl.RaftServerImpl (RaftServerImpl.java:<init>(93)) - 3f4de2de-7d09-498f-aead-42327df81d94: new RaftServerImpl for group-C7908E81CC6B:[] with ContainerStateMachine:uninitialized
2019-08-05 04:38:58,686 INFO  server.RaftServerConfigKeys (ConfUtils.java:logGet(43)) - raft.server.rpc.timeout.min = 5s (custom)
2019-08-05 04:38:58,686 INFO  server.RaftServerConfigKeys (ConfUtils.java:logGet(43)) - raft.server.rpc.timeout.max = 5200ms (custom)
2019-08-05 04:38:58,686 INFO  server.RaftServerConfigKeys (ConfUtils.java:logGet(43)) - raft.server.rpcslowness.timeout = 120s (custom)
2019-08-05 04:38:58,687 INFO  server.RaftServerConfigKeys (ConfUtils.java:logGet(43)) - raft.server.sleep.deviation.threshold = 300 (default)
2019-08-05 04:38:58,687 INFO  server.RaftServerConfigKeys (ConfUtils.java:logGet(43)) - raft.server.log.appender.install.snapshot.enabled = false (custom)
2019-08-05 04:38:58,687 INFO  impl.RaftServerImpl (ServerState.java:<init>(105)) - 3f4de2de-7d09-498f-aead-42327df81d94:group-C7908E81CC6B ConfigurationManager, init=-1: [], old=null, confs=<EMPTY_MAP>
2019-08-05 04:38:58,687 INFO  server.RaftServerConfigKeys (ConfUtils.java:logGet(43)) - raft.server.storage.dir = [/workdir/hadoop-ozone/integration-test/target/test-dir/MiniOzoneClusterImpl-af67ccff-b14d-4344-aca9-2553e8e333a6/datanode-0/data/ratis] (custom)
2019-08-05 04:38:58,687 INFO  server.AuthenticationFilter (AuthenticationFilter.java:constructSecretProvider(240)) - Unable to initialize FileSignerSecretProvider, falling back to use random secrets.
2019-08-05 04:38:58,688 WARN  http.HttpRequestLog (HttpRequestLog.java:getRequestLog(97)) - Jetty request log can only be enabled using Log4j
2019-08-05 04:38:58,689 INFO  commands.RetriableDatanodeEventWatcher (RetriableDatanodeEventWatcher.java:onTimeout(47)) - RetriableDatanodeCommand type=deleteBlocksCommand with id=1564979932962 timed out. Retrying.
2019-08-05 04:38:58,691 INFO  http.HttpServer2 (HttpServer2.java:addGlobalFilter(975)) - Added global filter 'safety' (class=org.apache.hadoop.http.HttpServer2$QuotingInputFilter)
2019-08-05 04:38:58,692 INFO  http.HttpServer2 (HttpServer2.java:addFilter(948)) - Added filter static_user_filter (class=org.apache.hadoop.http.lib.StaticUserWebFilter$StaticUserFilter) to context hddsDatanode
2019-08-05 04:38:58,692 INFO  http.HttpServer2 (HttpServer2.java:addFilter(958)) - Added filter static_user_filter (class=org.apache.hadoop.http.lib.StaticUserWebFilter$StaticUserFilter) to context static
2019-08-05 04:38:58,692 INFO  http.HttpServer2 (HttpServer2.java:addFilter(958)) - Added filter static_user_filter (class=org.apache.hadoop.http.lib.StaticUserWebFilter$StaticUserFilter) to context logs
2019-08-05 04:38:58,694 INFO  http.HttpServer2 (HttpServer2.java:bindListener(1191)) - Jetty bound to port 35030
2019-08-05 04:38:58,694 INFO  server.Server (Server.java:doStart(351)) - jetty-9.3.24.v20180605, build timestamp: 2018-06-05T17:11:56Z, git hash: 84205aa28f11a4f31f2a3b86d1bba2cc8ab69827
2019-08-05 04:38:58,697 INFO  handler.ContextHandler (ContextHandler.java:doStart(781)) - Started o.e.j.s.ServletContextHandler@6070775e{/logs,file:///workdir/hadoop-ozone/integration-test/target/log,AVAILABLE}
2019-08-05 04:38:58,698 INFO  handler.ContextHandler (ContextHandler.java:doStart(781)) - Started o.e.j.s.ServletContextHandler@224c7de4{/static,jar:file:/home/user/.m2/repository/org/apache/hadoop/hadoop-hdds-container-service/0.4.1-SNAPSHOT/hadoop-hdds-container-service-0.4.1-SNAPSHOT.jar!/webapps/static,AVAILABLE}
2019-08-05 04:38:58,703 INFO  commands.RetriableDatanodeEventWatcher (RetriableDatanodeEventWatcher.java:onTimeout(47)) - RetriableDatanodeCommand type=deleteBlocksCommand with id=1564979932972 timed out. Retrying.
2019-08-05 04:38:58,712 INFO  storage.RaftStorageDirectory (RaftStorageDirectory.java:tryLock(328)) - Lock on /workdir/hadoop-ozone/integration-test/target/test-dir/MiniOzoneClusterImpl-af67ccff-b14d-4344-aca9-2553e8e333a6/datanode-0/data/ratis/25174f8a-9958-42d2-a9fa-c7908e81cc6b/in_use.lock acquired by nodename 31478@byscane-nightly-228d8-4024241517
2019-08-05 04:38:58,718 INFO  ratis.ContainerStateMachine (ContainerStateMachine.java:loadSnapshot(222)) - group-C7908E81CC6B: Setting the last applied index to (t:1, i:6291)
2019-08-05 04:38:58,718 DEBUG block.SCMBlockDeletingService (SCMBlockDeletingService.java:call(138)) - Running DeletedBlockTransactionScanner
2019-08-05 04:38:58,719 DEBUG block.SCMBlockDeletingService (SCMBlockDeletingService.java:call(155)) - Scanned deleted blocks log and got 3 delTX to process.
2019-08-05 04:38:58,719 DEBUG block.SCMBlockDeletingService (SCMBlockDeletingService.java:call(171)) - Added delete block command for datanode 3f4de2de-7d09-498f-aead-42327df81d94 in the queue, number of delete block transactions: 3, TxID list: 1,2,3
2019-08-05 04:38:58,719 INFO  block.SCMBlockDeletingService (SCMBlockDeletingService.java:call(182)) - Totally added 3 delete blocks command for 1 datanodes, task elapsed time: 1ms
2019-08-05 04:38:58,723 INFO  impl.RaftServerImpl (ServerState.java:setRaftConf(361)) - 3f4de2de-7d09-498f-aead-42327df81d94:group-C7908E81CC6B set configuration 0: [3f4de2de-7d09-498f-aead-42327df81d94:192.168.157.247:41860], old=null at 0
2019-08-05 04:38:58,723 INFO  server.RaftServerConfigKeys (ConfUtils.java:logGet(43)) - raft.server.leader.election.timeout = 120s (custom)
2019-08-05 04:38:58,723 INFO  server.RaftServerConfigKeys (ConfUtils.java:logGet(43)) - raft.server.log.use.memory = false (default)
2019-08-05 04:38:58,723 INFO  server.RaftServerConfigKeys (ConfUtils.java:logGet(43)) - raft.server.log.purge.gap = 1000000000 (custom)
2019-08-05 04:38:58,723 INFO  server.RaftServerConfigKeys (ConfUtils.java:logGet(43)) - raft.server.log.appender.buffer.byte-limit = 33554432 (custom)
2019-08-05 04:38:58,724 INFO  server.RaftServerConfigKeys (ConfUtils.java:logGet(43)) - raft.server.log.segment.size.max = 1048576 (custom)
2019-08-05 04:38:58,724 INFO  server.RaftServerConfigKeys (ConfUtils.java:logGet(43)) - raft.server.log.segment.cache.num.max = 2 (custom)
2019-08-05 04:38:58,724 INFO  segmented.SegmentedRaftLogWorker (SegmentedRaftLogWorker.java:<init>(172)) - new 3f4de2de-7d09-498f-aead-42327df81d94-SegmentedRaftLogWorker:Storage Directory /workdir/hadoop-ozone/integration-test/target/test-dir/MiniOzoneClusterImpl-af67ccff-b14d-4344-aca9-2553e8e333a6/datanode-0/data/ratis/25174f8a-9958-42d2-a9fa-c7908e81cc6b for RaftStorage:Storage Directory /workdir/hadoop-ozone/integration-test/target/test-dir/MiniOzoneClusterImpl-af67ccff-b14d-4344-aca9-2553e8e333a6/datanode-0/data/ratis/25174f8a-9958-42d2-a9fa-c7908e81cc6b
2019-08-05 04:38:58,724 INFO  server.RaftServerConfigKeys (ConfUtils.java:logGet(43)) - raft.server.log.queue.byte-limit = 2147483647 (custom)
2019-08-05 04:38:58,724 INFO  server.RaftServerConfigKeys (ConfUtils.java:logGet(43)) - raft.server.log.queue.element-limit = 1024 (custom)
2019-08-05 04:38:58,725 INFO  server.RaftServerConfigKeys (ConfUtils.java:logGet(43)) - raft.server.log.segment.size.max = 1048576 (custom)
2019-08-05 04:38:58,725 INFO  server.RaftServerConfigKeys (ConfUtils.java:logGet(43)) - raft.server.log.preallocated.size = 16384 (custom)
2019-08-05 04:38:58,725 INFO  server.RaftServerConfigKeys (ConfUtils.java:logGet(43)) - raft.server.log.write.buffer.size = 33554432 (custom)
2019-08-05 04:38:58,725 INFO  server.RaftServerConfigKeys (ConfUtils.java:logGet(43)) - raft.server.log.force.sync.num = 128 (default)
2019-08-05 04:38:58,725 INFO  server.RaftServerConfigKeys (ConfUtils.java:logGet(43)) - raft.server.log.statemachine.data.sync = true (default)
2019-08-05 04:38:58,725 INFO  server.RaftServerConfigKeys (ConfUtils.java:logGet(43)) - raft.server.log.statemachine.data.sync.timeout = 10s (default)
2019-08-05 04:38:58,726 INFO  server.RaftServerConfigKeys (ConfUtils.java:logGet(43)) - raft.server.log.statemachine.data.sync.timeout.retry = -1 (default)
2019-08-05 04:38:58,726 INFO  server.RaftServerConfigKeys (ConfUtils.java:logGet(43)) - raft.server.log.statemachine.data.caching.enabled = true (custom)
2019-08-05 04:38:58,734 INFO  impl.RaftServerImpl (ServerState.java:setRaftConf(361)) - 3f4de2de-7d09-498f-aead-42327df81d94:group-C7908E81CC6B set configuration 0: [3f4de2de-7d09-498f-aead-42327df81d94:192.168.157.247:41860], old=null at 0
2019-08-05 04:38:58,742 INFO  commands.RetriableDatanodeEventWatcher (RetriableDatanodeEventWatcher.java:onTimeout(47)) - RetriableDatanodeCommand type=deleteBlocksCommand with id=1564979932933 timed out. Retrying.
2019-08-05 04:38:58,744 INFO  handler.ContextHandler (ContextHandler.java:doStart(781)) - Started o.e.j.w.WebAppContext@28a6e171{/,file:///tmp/jetty-0.0.0.0-35030-hddsDatanode-_-any-6829412218931960091.dir/webapp/,AVAILABLE}{/hddsDatanode}
2019-08-05 04:38:58,744 INFO  server.AbstractConnector (AbstractConnector.java:doStart(278)) - Started ServerConnector@23444a36{HTTP/1.1,[http/1.1]}{0.0.0.0:35030}
2019-08-05 04:38:58,745 INFO  server.Server (Server.java:doStart(419)) - Started @100094ms
2019-08-05 04:38:58,747 INFO  server.BaseHttpServer (BaseHttpServer.java:updateConnectorAddress(207)) - HTTP server of HDDSDATANODE is listening at http://0.0.0.0:35030
2019-08-05 04:38:58,760 INFO  commands.RetriableDatanodeEventWatcher (RetriableDatanodeEventWatcher.java:onTimeout(47)) - RetriableDatanodeCommand type=deleteBlocksCommand with id=1564979932943 timed out. Retrying.
2019-08-05 04:38:58,773 INFO  commands.RetriableDatanodeEventWatcher (RetriableDatanodeEventWatcher.java:onTimeout(47)) - RetriableDatanodeCommand type=deleteBlocksCommand with id=1564979932953 timed out. Retrying.
2019-08-05 04:38:58,782 INFO  segmented.LogSegment (LogSegment.java:loadSegment(145)) - Successfully read 5566 entries from segment file /workdir/hadoop-ozone/integration-test/target/test-dir/MiniOzoneClusterImpl-af67ccff-b14d-4344-aca9-2553e8e333a6/datanode-0/data/ratis/25174f8a-9958-42d2-a9fa-c7908e81cc6b/current/log_0-5565
2019-08-05 04:38:58,785 INFO  segmented.LogSegment (LogSegment.java:loadSegment(145)) - Successfully read 727 entries from segment file /workdir/hadoop-ozone/integration-test/target/test-dir/MiniOzoneClusterImpl-af67ccff-b14d-4344-aca9-2553e8e333a6/datanode-0/data/ratis/25174f8a-9958-42d2-a9fa-c7908e81cc6b/current/log_inprogress_5566
2019-08-05 04:38:58,785 INFO  segmented.SegmentedRaftLogWorker (SegmentedRaftLogWorker.java:lambda$new$0(132)) - 3f4de2de-7d09-498f-aead-42327df81d94-SegmentedRaftLogWorker:Storage Directory /workdir/hadoop-ozone/integration-test/target/test-dir/MiniOzoneClusterImpl-af67ccff-b14d-4344-aca9-2553e8e333a6/datanode-0/data/ratis/25174f8a-9958-42d2-a9fa-c7908e81cc6b: flushIndex: setUnconditionally 0 -> 6292
2019-08-05 04:38:58,790 INFO  commands.RetriableDatanodeEventWatcher (RetriableDatanodeEventWatcher.java:onTimeout(47)) - RetriableDatanodeCommand type=deleteBlocksCommand with id=1564979932963 timed out. Retrying.
2019-08-05 04:38:58,801 INFO  raftlog.RaftLog (RaftLog.java:lambda$new$0(62)) - 3f4de2de-7d09-498f-aead-42327df81d94: commitIndex: updateToMax old=6291, new=6291, updated? false
2019-08-05 04:38:58,801 INFO  server.RaftServerConfigKeys (ConfUtils.java:logGet(43)) - raft.server.snapshot.auto.trigger.enabled = true (custom)
2019-08-05 04:38:58,801 INFO  server.RaftServerConfigKeys (ConfUtils.java:logGet(43)) - raft.server.snapshot.auto.trigger.threshold = 10000 (custom)
2019-08-05 04:38:58,801 INFO  server.RaftServerConfigKeys (ConfUtils.java:logGet(43)) - raft.server.retrycache.expirytime = 600000ms (custom)
2019-08-05 04:38:58,805 INFO  commands.RetriableDatanodeEventWatcher (RetriableDatanodeEventWatcher.java:onTimeout(47)) - RetriableDatanodeCommand type=deleteBlocksCommand with id=1564979932973 timed out. Retrying.
2019-08-05 04:38:58,820 DEBUG block.SCMBlockDeletingService (SCMBlockDeletingService.java:call(138)) - Running DeletedBlockTransactionScanner
2019-08-05 04:38:58,820 DEBUG block.SCMBlockDeletingService (SCMBlockDeletingService.java:call(155)) - Scanned deleted blocks log and got 3 delTX to process.
2019-08-05 04:38:58,821 DEBUG block.SCMBlockDeletingService (SCMBlockDeletingService.java:call(171)) - Added delete block command for datanode 3f4de2de-7d09-498f-aead-42327df81d94 in the queue, number of delete block transactions: 3, TxID list: 1,2,3
2019-08-05 04:38:58,821 INFO  block.SCMBlockDeletingService (SCMBlockDeletingService.java:call(182)) - Totally added 3 delete blocks command for 1 datanodes, task elapsed time: 2ms
2019-08-05 04:38:58,846 INFO  commands.RetriableDatanodeEventWatcher (RetriableDatanodeEventWatcher.java:onTimeout(47)) - RetriableDatanodeCommand type=deleteBlocksCommand with id=1564979932934 timed out. Retrying.
2019-08-05 04:38:58,858 INFO  commands.RetriableDatanodeEventWatcher (RetriableDatanodeEventWatcher.java:onTimeout(47)) - RetriableDatanodeCommand type=deleteBlocksCommand with id=1564979932944 timed out. Retrying.
2019-08-05 04:38:58,876 INFO  commands.RetriableDatanodeEventWatcher (RetriableDatanodeEventWatcher.java:onTimeout(47)) - RetriableDatanodeCommand type=deleteBlocksCommand with id=1564979932954 timed out. Retrying.
2019-08-05 04:38:58,891 INFO  commands.RetriableDatanodeEventWatcher (RetriableDatanodeEventWatcher.java:onTimeout(47)) - RetriableDatanodeCommand type=deleteBlocksCommand with id=1564979932964 timed out. Retrying.
2019-08-05 04:38:58,906 INFO  commands.RetriableDatanodeEventWatcher (RetriableDatanodeEventWatcher.java:onTimeout(47)) - RetriableDatanodeCommand type=deleteBlocksCommand with id=1564979932974 timed out. Retrying.
2019-08-05 04:38:58,916 INFO  ozone.HddsDatanodeService (HddsDatanodeService.java:startPlugins(395)) - Started plug-in org.apache.hadoop.ozone.web.OzoneHddsDatanodeService@2f2e4bde
2019-08-05 04:38:58,916 INFO  ozone.MiniOzoneClusterImpl (MiniOzoneClusterImpl.java:lambda$waitForClusterToBeReady$0(142)) - Waiting for cluster to be ready. Got 0 of 1 DN Heartbeats.
2019-08-05 04:38:58,918 INFO  util.JvmPauseMonitor (JvmPauseMonitor.java:run(188)) - Starting JVM pause monitor
2019-08-05 04:38:58,921 DEBUG block.SCMBlockDeletingService (SCMBlockDeletingService.java:call(138)) - Running DeletedBlockTransactionScanner
2019-08-05 04:38:58,922 DEBUG block.SCMBlockDeletingService (SCMBlockDeletingService.java:call(155)) - Scanned deleted blocks log and got 3 delTX to process.
2019-08-05 04:38:58,922 DEBUG block.SCMBlockDeletingService (SCMBlockDeletingService.java:call(171)) - Added delete block command for datanode 3f4de2de-7d09-498f-aead-42327df81d94 in the queue, number of delete block transactions: 3, TxID list: 1,2,3
2019-08-05 04:38:58,923 INFO  block.SCMBlockDeletingService (SCMBlockDeletingService.java:call(182)) - Totally added 3 delete blocks command for 1 datanodes, task elapsed time: 1ms
2019-08-05 04:38:58,931 INFO  commands.RetriableDatanodeEventWatcher (RetriableDatanodeEventWatcher.java:onTimeout(47)) - RetriableDatanodeCommand type=deleteBlocksCommand with id=1564979932925 timed out. Retrying.
2019-08-05 04:38:58,947 INFO  commands.RetriableDatanodeEventWatcher (RetriableDatanodeEventWatcher.java:onTimeout(47)) - RetriableDatanodeCommand type=deleteBlocksCommand with id=1564979932935 timed out. Retrying.
2019-08-05 04:38:58,963 INFO  commands.RetriableDatanodeEventWatcher (RetriableDatanodeEventWatcher.java:onTimeout(47)) - RetriableDatanodeCommand type=deleteBlocksCommand with id=1564979932945 timed out. Retrying.
2019-08-05 04:38:58,977 INFO  commands.RetriableDatanodeEventWatcher (RetriableDatanodeEventWatcher.java:onTimeout(47)) - RetriableDatanodeCommand type=deleteBlocksCommand with id=1564979932955 timed out. Retrying.
2019-08-05 04:38:58,996 INFO  commands.RetriableDatanodeEventWatcher (RetriableDatanodeEventWatcher.java:onTimeout(47)) - RetriableDatanodeCommand type=deleteBlocksCommand with id=1564979932965 timed out. Retrying.
2019-08-05 04:38:59,007 INFO  commands.RetriableDatanodeEventWatcher (RetriableDatanodeEventWatcher.java:onTimeout(47)) - RetriableDatanodeCommand type=deleteBlocksCommand with id=1564979932975 timed out. Retrying.
2019-08-05 04:38:59,023 DEBUG block.SCMBlockDeletingService (SCMBlockDeletingService.java:call(138)) - Running DeletedBlockTransactionScanner
2019-08-05 04:38:59,023 DEBUG block.SCMBlockDeletingService (SCMBlockDeletingService.java:call(155)) - Scanned deleted blocks log and got 3 delTX to process.
2019-08-05 04:38:59,024 DEBUG block.SCMBlockDeletingService (SCMBlockDeletingService.java:call(171)) - Added delete block command for datanode 3f4de2de-7d09-498f-aead-42327df81d94 in the queue, number of delete block transactions: 3, TxID list: 1,2,3
2019-08-05 04:38:59,024 INFO  block.SCMBlockDeletingService (SCMBlockDeletingService.java:call(182)) - Totally added 3 delete blocks command for 1 datanodes, task elapsed time: 1ms
2019-08-05 04:38:59,032 INFO  commands.RetriableDatanodeEventWatcher (RetriableDatanodeEventWatcher.java:onTimeout(47)) - RetriableDatanodeCommand type=deleteBlocksCommand with id=1564979932926 timed out. Retrying.
2019-08-05 04:38:59,049 INFO  commands.RetriableDatanodeEventWatcher (RetriableDatanodeEventWatcher.java:onTimeout(47)) - RetriableDatanodeCommand type=deleteBlocksCommand with id=1564979932936 timed out. Retrying.
2019-08-05 04:38:59,063 INFO  commands.RetriableDatanodeEventWatcher (RetriableDatanodeEventWatcher.java:onTimeout(47)) - RetriableDatanodeCommand type=deleteBlocksCommand with id=1564979932946 timed out. Retrying.
2019-08-05 04:38:59,078 INFO  commands.RetriableDatanodeEventWatcher (RetriableDatanodeEventWatcher.java:onTimeout(47)) - RetriableDatanodeCommand type=deleteBlocksCommand with id=1564979932956 timed out. Retrying.
2019-08-05 04:38:59,094 INFO  commands.RetriableDatanodeEventWatcher (RetriableDatanodeEventWatcher.java:onTimeout(47)) - RetriableDatanodeCommand type=deleteBlocksCommand with id=1564979932966 timed out. Retrying.
2019-08-05 04:38:59,110 INFO  commands.RetriableDatanodeEventWatcher (RetriableDatanodeEventWatcher.java:onTimeout(47)) - RetriableDatanodeCommand type=deleteBlocksCommand with id=1564979932976 timed out. Retrying.
2019-08-05 04:38:59,124 DEBUG block.SCMBlockDeletingService (SCMBlockDeletingService.java:call(138)) - Running DeletedBlockTransactionScanner
2019-08-05 04:38:59,125 DEBUG block.SCMBlockDeletingService (SCMBlockDeletingService.java:call(155)) - Scanned deleted blocks log and got 3 delTX to process.
2019-08-05 04:38:59,125 DEBUG block.SCMBlockDeletingService (SCMBlockDeletingService.java:call(171)) - Added delete block command for datanode 3f4de2de-7d09-498f-aead-42327df81d94 in the queue, number of delete block transactions: 3, TxID list: 1,2,3
2019-08-05 04:38:59,126 INFO  block.SCMBlockDeletingService (SCMBlockDeletingService.java:call(182)) - Totally added 3 delete blocks command for 1 datanodes, task elapsed time: 1ms
2019-08-05 04:38:59,134 INFO  commands.RetriableDatanodeEventWatcher (RetriableDatanodeEventWatcher.java:onTimeout(47)) - RetriableDatanodeCommand type=deleteBlocksCommand with id=1564979932927 timed out. Retrying.
2019-08-05 04:38:59,149 INFO  commands.RetriableDatanodeEventWatcher (RetriableDatanodeEventWatcher.java:onTimeout(47)) - RetriableDatanodeCommand type=deleteBlocksCommand with id=1564979932937 timed out. Retrying.
2019-08-05 04:38:59,164 INFO  commands.RetriableDatanodeEventWatcher (RetriableDatanodeEventWatcher.java:onTimeout(47)) - RetriableDatanodeCommand type=deleteBlocksCommand with id=1564979932947 timed out. Retrying.
2019-08-05 04:38:59,181 INFO  commands.RetriableDatanodeEventWatcher (RetriableDatanodeEventWatcher.java:onTimeout(47)) - RetriableDatanodeCommand type=deleteBlocksCommand with id=1564979932957 timed out. Retrying.
2019-08-05 04:38:59,196 INFO  commands.RetriableDatanodeEventWatcher (RetriableDatanodeEventWatcher.java:onTimeout(47)) - RetriableDatanodeCommand type=deleteBlocksCommand with id=1564979932967 timed out. Retrying.
2019-08-05 04:38:59,211 INFO  commands.RetriableDatanodeEventWatcher (RetriableDatanodeEventWatcher.java:onTimeout(47)) - RetriableDatanodeCommand type=deleteBlocksCommand with id=1564979932977 timed out. Retrying.
2019-08-05 04:38:59,226 DEBUG block.SCMBlockDeletingService (SCMBlockDeletingService.java:call(138)) - Running DeletedBlockTransactionScanner
2019-08-05 04:38:59,226 DEBUG block.SCMBlockDeletingService (SCMBlockDeletingService.java:call(155)) - Scanned deleted blocks log and got 3 delTX to process.
2019-08-05 04:38:59,227 DEBUG block.SCMBlockDeletingService (SCMBlockDeletingService.java:call(171)) - Added delete block command for datanode 3f4de2de-7d09-498f-aead-42327df81d94 in the queue, number of delete block transactions: 3, TxID list: 1,2,3
2019-08-05 04:38:59,227 INFO  block.SCMBlockDeletingService (SCMBlockDeletingService.java:call(182)) - Totally added 3 delete blocks command for 1 datanodes, task elapsed time: 1ms
2019-08-05 04:38:59,235 INFO  commands.RetriableDatanodeEventWatcher (RetriableDatanodeEventWatcher.java:onTimeout(47)) - RetriableDatanodeCommand type=deleteBlocksCommand with id=1564979932928 timed out. Retrying.
2019-08-05 04:38:59,250 INFO  commands.RetriableDatanodeEventWatcher (RetriableDatanodeEventWatcher.java:onTimeout(47)) - RetriableDatanodeCommand type=deleteBlocksCommand with id=1564979932938 timed out. Retrying.
2019-08-05 04:38:59,267 INFO  commands.RetriableDatanodeEventWatcher (RetriableDatanodeEventWatcher.java:onTimeout(47)) - RetriableDatanodeCommand type=deleteBlocksCommand with id=1564979932948 timed out. Retrying.
2019-08-05 04:38:59,281 INFO  commands.RetriableDatanodeEventWatcher (RetriableDatanodeEventWatcher.java:onTimeout(47)) - RetriableDatanodeCommand type=deleteBlocksCommand with id=1564979932958 timed out. Retrying.
2019-08-05 04:38:59,298 INFO  commands.RetriableDatanodeEventWatcher (RetriableDatanodeEventWatcher.java:onTimeout(47)) - RetriableDatanodeCommand type=deleteBlocksCommand with id=1564979932968 timed out. Retrying.
2019-08-05 04:38:59,313 INFO  commands.RetriableDatanodeEventWatcher (RetriableDatanodeEventWatcher.java:onTimeout(47)) - RetriableDatanodeCommand type=deleteBlocksCommand with id=1564979932978 timed out. Retrying.
2019-08-05 04:38:59,327 DEBUG block.SCMBlockDeletingService (SCMBlockDeletingService.java:call(138)) - Running DeletedBlockTransactionScanner
2019-08-05 04:38:59,328 DEBUG block.SCMBlockDeletingService (SCMBlockDeletingService.java:call(155)) - Scanned deleted blocks log and got 3 delTX to process.
2019-08-05 04:38:59,328 DEBUG block.SCMBlockDeletingService (SCMBlockDeletingService.java:call(171)) - Added delete block command for datanode 3f4de2de-7d09-498f-aead-42327df81d94 in the queue, number of delete block transactions: 3, TxID list: 1,2,3
2019-08-05 04:38:59,329 INFO  block.SCMBlockDeletingService (SCMBlockDeletingService.java:call(182)) - Totally added 3 delete blocks command for 1 datanodes, task elapsed time: 1ms
2019-08-05 04:38:59,337 INFO  commands.RetriableDatanodeEventWatcher (RetriableDatanodeEventWatcher.java:onTimeout(47)) - RetriableDatanodeCommand type=deleteBlocksCommand with id=1564979932929 timed out. Retrying.
2019-08-05 04:38:59,354 INFO  commands.RetriableDatanodeEventWatcher (RetriableDatanodeEventWatcher.java:onTimeout(47)) - RetriableDatanodeCommand type=deleteBlocksCommand with id=1564979932939 timed out. Retrying.
2019-08-05 04:38:59,367 INFO  commands.RetriableDatanodeEventWatcher (RetriableDatanodeEventWatcher.java:onTimeout(47)) - RetriableDatanodeCommand type=deleteBlocksCommand with id=1564979932949 timed out. Retrying.
2019-08-05 04:38:59,383 INFO  commands.RetriableDatanodeEventWatcher (RetriableDatanodeEventWatcher.java:onTimeout(47)) - RetriableDatanodeCommand type=deleteBlocksCommand with id=1564979932959 timed out. Retrying.
2019-08-05 04:38:59,399 INFO  commands.RetriableDatanodeEventWatcher (RetriableDatanodeEventWatcher.java:onTimeout(47)) - RetriableDatanodeCommand type=deleteBlocksCommand with id=1564979932969 timed out. Retrying.
2019-08-05 04:38:59,415 INFO  commands.RetriableDatanodeEventWatcher (RetriableDatanodeEventWatcher.java:onTimeout(47)) - RetriableDatanodeCommand type=deleteBlocksCommand with id=1564979932979 timed out. Retrying.
2019-08-05 04:38:59,429 DEBUG block.SCMBlockDeletingService (SCMBlockDeletingService.java:call(138)) - Running DeletedBlockTransactionScanner
2019-08-05 04:38:59,430 DEBUG block.SCMBlockDeletingService (SCMBlockDeletingService.java:call(155)) - Scanned deleted blocks log and got 3 delTX to process.
2019-08-05 04:38:59,430 DEBUG block.SCMBlockDeletingService (SCMBlockDeletingService.java:call(171)) - Added delete block command for datanode 3f4de2de-7d09-498f-aead-42327df81d94 in the queue, number of delete block transactions: 3, TxID list: 1,2,3
2019-08-05 04:38:59,430 INFO  block.SCMBlockDeletingService (SCMBlockDeletingService.java:call(182)) - Totally added 3 delete blocks command for 1 datanodes, task elapsed time: 1ms
2019-08-05 04:38:59,438 INFO  commands.RetriableDatanodeEventWatcher (RetriableDatanodeEventWatcher.java:onTimeout(47)) - RetriableDatanodeCommand type=deleteBlocksCommand with id=1564979932930 timed out. Retrying.
2019-08-05 04:38:59,452 INFO  commands.RetriableDatanodeEventWatcher (RetriableDatanodeEventWatcher.java:onTimeout(47)) - RetriableDatanodeCommand type=deleteBlocksCommand with id=1564979932940 timed out. Retrying.
2019-08-05 04:38:59,469 INFO  commands.RetriableDatanodeEventWatcher (RetriableDatanodeEventWatcher.java:onTimeout(47)) - RetriableDatanodeCommand type=deleteBlocksCommand with id=1564979932950 timed out. Retrying.
2019-08-05 04:38:59,486 INFO  commands.RetriableDatanodeEventWatcher (RetriableDatanodeEventWatcher.java:onTimeout(47)) - RetriableDatanodeCommand type=deleteBlocksCommand with id=1564979932960 timed out. Retrying.
2019-08-05 04:38:59,501 INFO  commands.RetriableDatanodeEventWatcher (RetriableDatanodeEventWatcher.java:onTimeout(47)) - RetriableDatanodeCommand type=deleteBlocksCommand with id=1564979932970 timed out. Retrying.
2019-08-05 04:38:59,516 INFO  commands.RetriableDatanodeEventWatcher (RetriableDatanodeEventWatcher.java:onTimeout(47)) - RetriableDatanodeCommand type=deleteBlocksCommand with id=1564979932980 timed out. Retrying.
2019-08-05 04:38:59,531 DEBUG block.SCMBlockDeletingService (SCMBlockDeletingService.java:call(138)) - Running DeletedBlockTransactionScanner
2019-08-05 04:38:59,531 DEBUG block.SCMBlockDeletingService (SCMBlockDeletingService.java:call(155)) - Scanned deleted blocks log and got 3 delTX to process.
2019-08-05 04:38:59,531 DEBUG block.SCMBlockDeletingService (SCMBlockDeletingService.java:call(171)) - Added delete block command for datanode 3f4de2de-7d09-498f-aead-42327df81d94 in the queue, number of delete block transactions: 3, TxID list: 1,2,3
2019-08-05 04:38:59,532 INFO  block.SCMBlockDeletingService (SCMBlockDeletingService.java:call(182)) - Totally added 3 delete blocks command for 1 datanodes, task elapsed time: 1ms
2019-08-05 04:38:59,540 INFO  commands.RetriableDatanodeEventWatcher (RetriableDatanodeEventWatcher.java:onTimeout(47)) - RetriableDatanodeCommand type=deleteBlocksCommand with id=1564979932931 timed out. Retrying.
2019-08-05 04:38:59,555 INFO  commands.RetriableDatanodeEventWatcher (RetriableDatanodeEventWatcher.java:onTimeout(47)) - RetriableDatanodeCommand type=deleteBlocksCommand with id=1564979932941 timed out. Retrying.
2019-08-05 04:38:59,570 INFO  commands.RetriableDatanodeEventWatcher (RetriableDatanodeEventWatcher.java:onTimeout(47)) - RetriableDatanodeCommand type=deleteBlocksCommand with id=1564979932951 timed out. Retrying.
2019-08-05 04:38:59,588 INFO  commands.RetriableDatanodeEventWatcher (RetriableDatanodeEventWatcher.java:onTimeout(47)) - RetriableDatanodeCommand type=deleteBlocksCommand with id=1564979932961 timed out. Retrying.
2019-08-05 04:38:59,602 INFO  commands.RetriableDatanodeEventWatcher (RetriableDatanodeEventWatcher.java:onTimeout(47)) - RetriableDatanodeCommand type=deleteBlocksCommand with id=1564979932971 timed out. Retrying.
2019-08-05 04:38:59,618 INFO  commands.RetriableDatanodeEventWatcher (RetriableDatanodeEventWatcher.java:onTimeout(47)) - RetriableDatanodeCommand type=deleteBlocksCommand with id=1564979932981 timed out. Retrying.
2019-08-05 04:38:59,632 DEBUG block.SCMBlockDeletingService (SCMBlockDeletingService.java:call(138)) - Running DeletedBlockTransactionScanner
2019-08-05 04:38:59,633 DEBUG block.SCMBlockDeletingService (SCMBlockDeletingService.java:call(155)) - Scanned deleted blocks log and got 3 delTX to process.
2019-08-05 04:38:59,633 DEBUG block.SCMBlockDeletingService (SCMBlockDeletingService.java:call(171)) - Added delete block command for datanode 3f4de2de-7d09-498f-aead-42327df81d94 in the queue, number of delete block transactions: 3, TxID list: 1,2,3
2019-08-05 04:38:59,633 INFO  block.SCMBlockDeletingService (SCMBlockDeletingService.java:call(182)) - Totally added 3 delete blocks command for 1 datanodes, task elapsed time: 1ms
2019-08-05 04:38:59,643 INFO  commands.RetriableDatanodeEventWatcher (RetriableDatanodeEventWatcher.java:onTimeout(47)) - RetriableDatanodeCommand type=deleteBlocksCommand with id=1564979932932 timed out. Retrying.
2019-08-05 04:38:59,657 INFO  commands.RetriableDatanodeEventWatcher (RetriableDatanodeEventWatcher.java:onTimeout(47)) - RetriableDatanodeCommand type=deleteBlocksCommand with id=1564979932942 timed out. Retrying.
2019-08-05 04:38:59,683 INFO  commands.RetriableDatanodeEventWatcher (RetriableDatanodeEventWatcher.java:onTimeout(47)) - RetriableDatanodeCommand type=deleteBlocksCommand with id=1564979932952 timed out. Retrying.
2019-08-05 04:38:59,690 INFO  commands.RetriableDatanodeEventWatcher (RetriableDatanodeEventWatcher.java:onTimeout(47)) - RetriableDatanodeCommand type=deleteBlocksCommand with id=1564979932962 timed out. Retrying.
2019-08-05 04:38:59,703 INFO  commands.RetriableDatanodeEventWatcher (RetriableDatanodeEventWatcher.java:onTimeout(47)) - RetriableDatanodeCommand type=deleteBlocksCommand with id=1564979932972 timed out. Retrying.
2019-08-05 04:38:59,720 INFO  commands.RetriableDatanodeEventWatcher (RetriableDatanodeEventWatcher.java:onTimeout(47)) - RetriableDatanodeCommand type=deleteBlocksCommand with id=1564979932982 timed out. Retrying.
2019-08-05 04:38:59,734 DEBUG block.SCMBlockDeletingService (SCMBlockDeletingService.java:call(138)) - Running DeletedBlockTransactionScanner
2019-08-05 04:38:59,734 DEBUG block.SCMBlockDeletingService (SCMBlockDeletingService.java:call(155)) - Scanned deleted blocks log and got 3 delTX to process.
2019-08-05 04:38:59,735 DEBUG block.SCMBlockDeletingService (SCMBlockDeletingService.java:call(171)) - Added delete block command for datanode 3f4de2de-7d09-498f-aead-42327df81d94 in the queue, number of delete block transactions: 3, TxID list: 1,2,3
2019-08-05 04:38:59,735 INFO  block.SCMBlockDeletingService (SCMBlockDeletingService.java:call(182)) - Totally added 3 delete blocks command for 1 datanodes, task elapsed time: 2ms
2019-08-05 04:38:59,744 INFO  commands.RetriableDatanodeEventWatcher (RetriableDatanodeEventWatcher.java:onTimeout(47)) - RetriableDatanodeCommand type=deleteBlocksCommand with id=1564979932933 timed out. Retrying.
2019-08-05 04:38:59,761 INFO  commands.RetriableDatanodeEventWatcher (RetriableDatanodeEventWatcher.java:onTimeout(47)) - RetriableDatanodeCommand type=deleteBlocksCommand with id=1564979932943 timed out. Retrying.
2019-08-05 04:38:59,774 INFO  commands.RetriableDatanodeEventWatcher (RetriableDatanodeEventWatcher.java:onTimeout(47)) - RetriableDatanodeCommand type=deleteBlocksCommand with id=1564979932953 timed out. Retrying.
2019-08-05 04:38:59,790 INFO  commands.RetriableDatanodeEventWatcher (RetriableDatanodeEventWatcher.java:onTimeout(47)) - RetriableDatanodeCommand type=deleteBlocksCommand with id=1564979932963 timed out. Retrying.
2019-08-05 04:38:59,806 INFO  commands.RetriableDatanodeEventWatcher (RetriableDatanodeEventWatcher.java:onTimeout(47)) - RetriableDatanodeCommand type=deleteBlocksCommand with id=1564979932973 timed out. Retrying.
2019-08-05 04:38:59,820 INFO  commands.RetriableDatanodeEventWatcher (RetriableDatanodeEventWatcher.java:onTimeout(47)) - RetriableDatanodeCommand type=deleteBlocksCommand with id=1564979932983 timed out. Retrying.
2019-08-05 04:38:59,836 DEBUG block.SCMBlockDeletingService (SCMBlockDeletingService.java:call(138)) - Running DeletedBlockTransactionScanner
2019-08-05 04:38:59,836 DEBUG block.SCMBlockDeletingService (SCMBlockDeletingService.java:call(155)) - Scanned deleted blocks log and got 3 delTX to process.
2019-08-05 04:38:59,837 DEBUG block.SCMBlockDeletingService (SCMBlockDeletingService.java:call(171)) - Added delete block command for datanode 3f4de2de-7d09-498f-aead-42327df81d94 in the queue, number of delete block transactions: 3, TxID list: 1,2,3
2019-08-05 04:38:59,837 INFO  block.SCMBlockDeletingService (SCMBlockDeletingService.java:call(182)) - Totally added 3 delete blocks command for 1 datanodes, task elapsed time: 2ms
2019-08-05 04:38:59,847 INFO  commands.RetriableDatanodeEventWatcher (RetriableDatanodeEventWatcher.java:onTimeout(47)) - RetriableDatanodeCommand type=deleteBlocksCommand with id=1564979932934 timed out. Retrying.
2019-08-05 04:38:59,859 INFO  commands.RetriableDatanodeEventWatcher (RetriableDatanodeEventWatcher.java:onTimeout(47)) - RetriableDatanodeCommand type=deleteBlocksCommand with id=1564979932944 timed out. Retrying.
2019-08-05 04:38:59,876 INFO  commands.RetriableDatanodeEventWatcher (RetriableDatanodeEventWatcher.java:onTimeout(47)) - RetriableDatanodeCommand type=deleteBlocksCommand with id=1564979932954 timed out. Retrying.
2019-08-05 04:38:59,892 INFO  commands.RetriableDatanodeEventWatcher (RetriableDatanodeEventWatcher.java:onTimeout(47)) - RetriableDatanodeCommand type=deleteBlocksCommand with id=1564979932964 timed out. Retrying.
2019-08-05 04:38:59,906 INFO  commands.RetriableDatanodeEventWatcher (RetriableDatanodeEventWatcher.java:onTimeout(47)) - RetriableDatanodeCommand type=deleteBlocksCommand with id=1564979932974 timed out. Retrying.
2019-08-05 04:38:59,916 INFO  ozone.MiniOzoneClusterImpl (MiniOzoneClusterImpl.java:lambda$waitForClusterToBeReady$0(142)) - Waiting for cluster to be ready. Got 0 of 1 DN Heartbeats.
2019-08-05 04:38:59,923 INFO  commands.RetriableDatanodeEventWatcher (RetriableDatanodeEventWatcher.java:onTimeout(47)) - RetriableDatanodeCommand type=deleteBlocksCommand with id=1564979932984 timed out. Retrying.
2019-08-05 04:38:59,932 INFO  commands.RetriableDatanodeEventWatcher (RetriableDatanodeEventWatcher.java:onTimeout(47)) - RetriableDatanodeCommand type=deleteBlocksCommand with id=1564979932925 timed out. Retrying.
2019-08-05 04:38:59,937 DEBUG block.SCMBlockDeletingService (SCMBlockDeletingService.java:call(138)) - Running DeletedBlockTransactionScanner
2019-08-05 04:38:59,938 DEBUG block.SCMBlockDeletingService (SCMBlockDeletingService.java:call(155)) - Scanned deleted blocks log and got 3 delTX to process.
2019-08-05 04:38:59,938 DEBUG block.SCMBlockDeletingService (SCMBlockDeletingService.java:call(171)) - Added delete block command for datanode 3f4de2de-7d09-498f-aead-42327df81d94 in the queue, number of delete block transactions: 3, TxID list: 1,2,3
2019-08-05 04:38:59,939 INFO  block.SCMBlockDeletingService (SCMBlockDeletingService.java:call(182)) - Totally added 3 delete blocks command for 1 datanodes, task elapsed time: 1ms
2019-08-05 04:38:59,948 INFO  commands.RetriableDatanodeEventWatcher (RetriableDatanodeEventWatcher.java:onTimeout(47)) - RetriableDatanodeCommand type=deleteBlocksCommand with id=1564979932935 timed out. Retrying.
2019-08-05 04:38:59,962 INFO  commands.RetriableDatanodeEventWatcher (RetriableDatanodeEventWatcher.java:onTimeout(47)) - RetriableDatanodeCommand type=deleteBlocksCommand with id=1564979932945 timed out. Retrying.
2019-08-05 04:38:59,978 INFO  commands.RetriableDatanodeEventWatcher (RetriableDatanodeEventWatcher.java:onTimeout(47)) - RetriableDatanodeCommand type=deleteBlocksCommand with id=1564979932955 timed out. Retrying.
2019-08-05 04:38:59,996 INFO  commands.RetriableDatanodeEventWatcher (RetriableDatanodeEventWatcher.java:onTimeout(47)) - RetriableDatanodeCommand type=deleteBlocksCommand with id=1564979932965 timed out. Retrying.
2019-08-05 04:39:00,007 INFO  commands.RetriableDatanodeEventWatcher (RetriableDatanodeEventWatcher.java:onTimeout(47)) - RetriableDatanodeCommand type=deleteBlocksCommand with id=1564979932975 timed out. Retrying.
2019-08-05 04:39:00,024 INFO  commands.RetriableDatanodeEventWatcher (RetriableDatanodeEventWatcher.java:onTimeout(47)) - RetriableDatanodeCommand type=deleteBlocksCommand with id=1564979932985 timed out. Retrying.
2019-08-05 04:39:00,032 INFO  commands.RetriableDatanodeEventWatcher (RetriableDatanodeEventWatcher.java:onTimeout(47)) - RetriableDatanodeCommand type=deleteBlocksCommand with id=1564979932926 timed out. Retrying.
2019-08-05 04:39:00,039 DEBUG block.SCMBlockDeletingService (SCMBlockDeletingService.java:call(138)) - Running DeletedBlockTransactionScanner
2019-08-05 04:39:00,040 DEBUG block.SCMBlockDeletingService (SCMBlockDeletingService.java:call(155)) - Scanned deleted blocks log and got 3 delTX to process.
2019-08-05 04:39:00,040 DEBUG block.SCMBlockDeletingService (SCMBlockDeletingService.java:call(171)) - Added delete block command for datanode 3f4de2de-7d09-498f-aead-42327df81d94 in the queue, number of delete block transactions: 3, TxID list: 1,2,3
2019-08-05 04:39:00,040 INFO  block.SCMBlockDeletingService (SCMBlockDeletingService.java:call(182)) - Totally added 3 delete blocks command for 1 datanodes, task elapsed time: 1ms
2019-08-05 04:39:00,048 INFO  commands.RetriableDatanodeEventWatcher (RetriableDatanodeEventWatcher.java:onTimeout(47)) - RetriableDatanodeCommand type=deleteBlocksCommand with id=1564979932936 timed out. Retrying.
2019-08-05 04:39:00,064 INFO  commands.RetriableDatanodeEventWatcher (RetriableDatanodeEventWatcher.java:onTimeout(47)) - RetriableDatanodeCommand type=deleteBlocksCommand with id=1564979932946 timed out. Retrying.
2019-08-05 04:39:00,077 INFO  commands.RetriableDatanodeEventWatcher (RetriableDatanodeEventWatcher.java:onTimeout(47)) - RetriableDatanodeCommand type=deleteBlocksCommand with id=1564979932956 timed out. Retrying.
2019-08-05 04:39:00,095 INFO  commands.RetriableDatanodeEventWatcher (RetriableDatanodeEventWatcher.java:onTimeout(47)) - RetriableDatanodeCommand type=deleteBlocksCommand with id=1564979932966 timed out. Retrying.
2019-08-05 04:39:00,111 INFO  commands.RetriableDatanodeEventWatcher (RetriableDatanodeEventWatcher.java:onTimeout(47)) - RetriableDatanodeCommand type=deleteBlocksCommand with id=1564979932976 timed out. Retrying.
2019-08-05 04:39:00,125 INFO  commands.RetriableDatanodeEventWatcher (RetriableDatanodeEventWatcher.java:onTimeout(47)) - RetriableDatanodeCommand type=deleteBlocksCommand with id=1564979932986 timed out. Retrying.
2019-08-05 04:39:00,135 INFO  commands.RetriableDatanodeEventWatcher (RetriableDatanodeEventWatcher.java:onTimeout(47)) - RetriableDatanodeCommand type=deleteBlocksCommand with id=1564979932927 timed out. Retrying.
2019-08-05 04:39:00,141 DEBUG block.SCMBlockDeletingService (SCMBlockDeletingService.java:call(138)) - Running DeletedBlockTransactionScanner
2019-08-05 04:39:00,141 DEBUG block.SCMBlockDeletingService (SCMBlockDeletingService.java:call(155)) - Scanned deleted blocks log and got 3 delTX to process.
2019-08-05 04:39:00,141 DEBUG block.SCMBlockDeletingService (SCMBlockDeletingService.java:call(171)) - Added delete block command for datanode 3f4de2de-7d09-498f-aead-42327df81d94 in the queue, number of delete block transactions: 3, TxID list: 1,2,3
2019-08-05 04:39:00,142 INFO  block.SCMBlockDeletingService (SCMBlockDeletingService.java:call(182)) - Totally added 3 delete blocks command for 1 datanodes, task elapsed time: 1ms
2019-08-05 04:39:00,150 INFO  commands.RetriableDatanodeEventWatcher (RetriableDatanodeEventWatcher.java:onTimeout(47)) - RetriableDatanodeCommand type=deleteBlocksCommand with id=1564979932937 timed out. Retrying.
2019-08-05 04:39:00,163 INFO  commands.RetriableDatanodeEventWatcher (RetriableDatanodeEventWatcher.java:onTimeout(47)) - RetriableDatanodeCommand type=deleteBlocksCommand with id=1564979932947 timed out. Retrying.
2019-08-05 04:39:00,182 INFO  commands.RetriableDatanodeEventWatcher (RetriableDatanodeEventWatcher.java:onTimeout(47)) - RetriableDatanodeCommand type=deleteBlocksCommand with id=1564979932957 timed out. Retrying.
2019-08-05 04:39:00,197 INFO  commands.RetriableDatanodeEventWatcher (RetriableDatanodeEventWatcher.java:onTimeout(47)) - RetriableDatanodeCommand type=deleteBlocksCommand with id=1564979932967 timed out. Retrying.
2019-08-05 04:39:00,211 INFO  commands.RetriableDatanodeEventWatcher (RetriableDatanodeEventWatcher.java:onTimeout(47)) - RetriableDatanodeCommand type=deleteBlocksCommand with id=1564979932977 timed out. Retrying.
2019-08-05 04:39:00,227 INFO  commands.RetriableDatanodeEventWatcher (RetriableDatanodeEventWatcher.java:onTimeout(47)) - RetriableDatanodeCommand type=deleteBlocksCommand with id=1564979932987 timed out. Retrying.
2019-08-05 04:39:00,235 INFO  commands.RetriableDatanodeEventWatcher (RetriableDatanodeEventWatcher.java:onTimeout(47)) - RetriableDatanodeCommand type=deleteBlocksCommand with id=1564979932928 timed out. Retrying.
2019-08-05 04:39:00,242 DEBUG block.SCMBlockDeletingService (SCMBlockDeletingService.java:call(138)) - Running DeletedBlockTransactionScanner
2019-08-05 04:39:00,243 DEBUG block.SCMBlockDeletingService (SCMBlockDeletingService.java:call(155)) - Scanned deleted blocks log and got 3 delTX to process.
2019-08-05 04:39:00,243 DEBUG block.SCMBlockDeletingService (SCMBlockDeletingService.java:call(171)) - Added delete block command for datanode 3f4de2de-7d09-498f-aead-42327df81d94 in the queue, number of delete block transactions: 3, TxID list: 1,2,3
2019-08-05 04:39:00,243 INFO  block.SCMBlockDeletingService (SCMBlockDeletingService.java:call(182)) - Totally added 3 delete blocks command for 1 datanodes, task elapsed time: 1ms
2019-08-05 04:39:00,250 INFO  commands.RetriableDatanodeEventWatcher (RetriableDatanodeEventWatcher.java:onTimeout(47)) - RetriableDatanodeCommand type=deleteBlocksCommand with id=1564979932938 timed out. Retrying.
2019-08-05 04:39:00,268 INFO  commands.RetriableDatanodeEventWatcher (RetriableDatanodeEventWatcher.java:onTimeout(47)) - RetriableDatanodeCommand type=deleteBlocksCommand with id=1564979932948 timed out. Retrying.
2019-08-05 04:39:00,282 INFO  commands.RetriableDatanodeEventWatcher (RetriableDatanodeEventWatcher.java:onTimeout(47)) - RetriableDatanodeCommand type=deleteBlocksCommand with id=1564979932958 timed out. Retrying.
2019-08-05 04:39:00,299 INFO  commands.RetriableDatanodeEventWatcher (RetriableDatanodeEventWatcher.java:onTimeout(47)) - RetriableDatanodeCommand type=deleteBlocksCommand with id=1564979932968 timed out. Retrying.
2019-08-05 04:39:00,314 INFO  commands.RetriableDatanodeEventWatcher (RetriableDatanodeEventWatcher.java:onTimeout(47)) - RetriableDatanodeCommand type=deleteBlocksCommand with id=1564979932978 timed out. Retrying.
2019-08-05 04:39:00,328 INFO  commands.RetriableDatanodeEventWatcher (RetriableDatanodeEventWatcher.java:onTimeout(47)) - RetriableDatanodeCommand type=deleteBlocksCommand with id=1564979932988 timed out. Retrying.
2019-08-05 04:39:00,337 INFO  commands.RetriableDatanodeEventWatcher (RetriableDatanodeEventWatcher.java:onTimeout(47)) - RetriableDatanodeCommand type=deleteBlocksCommand with id=1564979932929 timed out. Retrying.
2019-08-05 04:39:00,344 DEBUG block.SCMBlockDeletingService (SCMBlockDeletingService.java:call(138)) - Running DeletedBlockTransactionScanner
2019-08-05 04:39:00,345 DEBUG block.SCMBlockDeletingService (SCMBlockDeletingService.java:call(155)) - Scanned deleted blocks log and got 3 delTX to process.
2019-08-05 04:39:00,345 DEBUG block.SCMBlockDeletingService (SCMBlockDeletingService.java:call(171)) - Added delete block command for datanode 3f4de2de-7d09-498f-aead-42327df81d94 in the queue, number of delete block transactions: 3, TxID list: 1,2,3
2019-08-05 04:39:00,346 INFO  block.SCMBlockDeletingService (SCMBlockDeletingService.java:call(182)) - Totally added 3 delete blocks command for 1 datanodes, task elapsed time: 2ms
2019-08-05 04:39:00,355 INFO  commands.RetriableDatanodeEventWatcher (RetriableDatanodeEventWatcher.java:onTimeout(47)) - RetriableDatanodeCommand type=deleteBlocksCommand with id=1564979932939 timed out. Retrying.
2019-08-05 04:39:00,367 INFO  commands.RetriableDatanodeEventWatcher (RetriableDatanodeEventWatcher.java:onTimeout(47)) - RetriableDatanodeCommand type=deleteBlocksCommand with id=1564979932949 timed out. Retrying.
2019-08-05 04:39:00,384 INFO  commands.RetriableDatanodeEventWatcher (RetriableDatanodeEventWatcher.java:onTimeout(47)) - RetriableDatanodeCommand type=deleteBlocksCommand with id=1564979932959 timed out. Retrying.
2019-08-05 04:39:00,399 INFO  commands.RetriableDatanodeEventWatcher (RetriableDatanodeEventWatcher.java:onTimeout(47)) - RetriableDatanodeCommand type=deleteBlocksCommand with id=1564979932969 timed out. Retrying.
2019-08-05 04:39:00,416 INFO  commands.RetriableDatanodeEventWatcher (RetriableDatanodeEventWatcher.java:onTimeout(47)) - RetriableDatanodeCommand type=deleteBlocksCommand with id=1564979932979 timed out. Retrying.
2019-08-05 04:39:00,431 INFO  commands.RetriableDatanodeEventWatcher (RetriableDatanodeEventWatcher.java:onTimeout(47)) - RetriableDatanodeCommand type=deleteBlocksCommand with id=1564979932989 timed out. Retrying.
2019-08-05 04:39:00,438 INFO  commands.RetriableDatanodeEventWatcher (RetriableDatanodeEventWatcher.java:onTimeout(47)) - RetriableDatanodeCommand type=deleteBlocksCommand with id=1564979932930 timed out. Retrying.
2019-08-05 04:39:00,446 DEBUG block.SCMBlockDeletingService (SCMBlockDeletingService.java:call(138)) - Running DeletedBlockTransactionScanner
2019-08-05 04:39:00,447 DEBUG block.SCMBlockDeletingService (SCMBlockDeletingService.java:call(155)) - Scanned deleted blocks log and got 3 delTX to process.
2019-08-05 04:39:00,447 DEBUG block.SCMBlockDeletingService (SCMBlockDeletingService.java:call(171)) - Added delete block command for datanode 3f4de2de-7d09-498f-aead-42327df81d94 in the queue, number of delete block transactions: 3, TxID list: 1,2,3
2019-08-05 04:39:00,447 INFO  block.SCMBlockDeletingService (SCMBlockDeletingService.java:call(182)) - Totally added 3 delete blocks command for 1 datanodes, task elapsed time: 1ms
2019-08-05 04:39:00,453 INFO  commands.RetriableDatanodeEventWatcher (RetriableDatanodeEventWatcher.java:onTimeout(47)) - RetriableDatanodeCommand type=deleteBlocksCommand with id=1564979932940 timed out. Retrying.
2019-08-05 04:39:00,469 INFO  commands.RetriableDatanodeEventWatcher (RetriableDatanodeEventWatcher.java:onTimeout(47)) - RetriableDatanodeCommand type=deleteBlocksCommand with id=1564979932950 timed out. Retrying.
2019-08-05 04:39:00,487 INFO  commands.RetriableDatanodeEventWatcher (RetriableDatanodeEventWatcher.java:onTimeout(47)) - RetriableDatanodeCommand type=deleteBlocksCommand with id=1564979932960 timed out. Retrying.
2019-08-05 04:39:00,500 INFO  commands.RetriableDatanodeEventWatcher (RetriableDatanodeEventWatcher.java:onTimeout(47)) - RetriableDatanodeCommand type=deleteBlocksCommand with id=1564979932970 timed out. Retrying.
2019-08-05 04:39:00,517 INFO  commands.RetriableDatanodeEventWatcher (RetriableDatanodeEventWatcher.java:onTimeout(47)) - RetriableDatanodeCommand type=deleteBlocksCommand with id=1564979932980 timed out. Retrying.
2019-08-05 04:39:00,532 INFO  commands.RetriableDatanodeEventWatcher (RetriableDatanodeEventWatcher.java:onTimeout(47)) - RetriableDatanodeCommand type=deleteBlocksCommand with id=1564979932990 timed out. Retrying.
2019-08-05 04:39:00,540 INFO  commands.RetriableDatanodeEventWatcher (RetriableDatanodeEventWatcher.java:onTimeout(47)) - RetriableDatanodeCommand type=deleteBlocksCommand with id=1564979932931 timed out. Retrying.
2019-08-05 04:39:00,548 DEBUG block.SCMBlockDeletingService (SCMBlockDeletingService.java:call(138)) - Running DeletedBlockTransactionScanner
2019-08-05 04:39:00,548 DEBUG block.SCMBlockDeletingService (SCMBlockDeletingService.java:call(155)) - Scanned deleted blocks log and got 3 delTX to process.
2019-08-05 04:39:00,549 DEBUG block.SCMBlockDeletingService (SCMBlockDeletingService.java:call(171)) - Added delete block command for datanode 3f4de2de-7d09-498f-aead-42327df81d94 in the queue, number of delete block transactions: 3, TxID list: 1,2,3
2019-08-05 04:39:00,549 INFO  block.SCMBlockDeletingService (SCMBlockDeletingService.java:call(182)) - Totally added 3 delete blocks command for 1 datanodes, task elapsed time: 1ms
2019-08-05 04:39:00,556 INFO  commands.RetriableDatanodeEventWatcher (RetriableDatanodeEventWatcher.java:onTimeout(47)) - RetriableDatanodeCommand type=deleteBlocksCommand with id=1564979932941 timed out. Retrying.
2019-08-05 04:39:00,571 INFO  commands.RetriableDatanodeEventWatcher (RetriableDatanodeEventWatcher.java:onTimeout(47)) - RetriableDatanodeCommand type=deleteBlocksCommand with id=1564979932951 timed out. Retrying.
2019-08-05 04:39:00,587 INFO  commands.RetriableDatanodeEventWatcher (RetriableDatanodeEventWatcher.java:onTimeout(47)) - RetriableDatanodeCommand type=deleteBlocksCommand with id=1564979932961 timed out. Retrying.
2019-08-05 04:39:00,603 INFO  commands.RetriableDatanodeEventWatcher (RetriableDatanodeEventWatcher.java:onTimeout(47)) - RetriableDatanodeCommand type=deleteBlocksCommand with id=1564979932971 timed out. Retrying.
2019-08-05 04:39:00,619 INFO  commands.RetriableDatanodeEventWatcher (RetriableDatanodeEventWatcher.java:onTimeout(47)) - RetriableDatanodeCommand type=deleteBlocksCommand with id=1564979932981 timed out. Retrying.
2019-08-05 04:39:00,633 INFO  commands.RetriableDatanodeEventWatcher (RetriableDatanodeEventWatcher.java:onTimeout(47)) - RetriableDatanodeCommand type=deleteBlocksCommand with id=1564979932991 timed out. Retrying.
2019-08-05 04:39:00,644 INFO  commands.RetriableDatanodeEventWatcher (RetriableDatanodeEventWatcher.java:onTimeout(47)) - RetriableDatanodeCommand type=deleteBlocksCommand with id=1564979932932 timed out. Retrying.
2019-08-05 04:39:00,649 DEBUG block.SCMBlockDeletingService (SCMBlockDeletingService.java:call(138)) - Running DeletedBlockTransactionScanner
2019-08-05 04:39:00,651 DEBUG block.SCMBlockDeletingService (SCMBlockDeletingService.java:call(155)) - Scanned deleted blocks log and got 3 delTX to process.
2019-08-05 04:39:00,651 DEBUG block.SCMBlockDeletingService (SCMBlockDeletingService.java:call(171)) - Added delete block command for datanode 3f4de2de-7d09-498f-aead-42327df81d94 in the queue, number of delete block transactions: 3, TxID list: 1,2,3
2019-08-05 04:39:00,651 INFO  block.SCMBlockDeletingService (SCMBlockDeletingService.java:call(182)) - Totally added 3 delete blocks command for 1 datanodes, task elapsed time: 2ms
2019-08-05 04:39:00,657 INFO  commands.RetriableDatanodeEventWatcher (RetriableDatanodeEventWatcher.java:onTimeout(47)) - RetriableDatanodeCommand type=deleteBlocksCommand with id=1564979932942 timed out. Retrying.
2019-08-05 04:39:00,684 INFO  commands.RetriableDatanodeEventWatcher (RetriableDatanodeEventWatcher.java:onTimeout(47)) - RetriableDatanodeCommand type=deleteBlocksCommand with id=1564979932952 timed out. Retrying.
2019-08-05 04:39:00,690 INFO  commands.RetriableDatanodeEventWatcher (RetriableDatanodeEventWatcher.java:onTimeout(47)) - RetriableDatanodeCommand type=deleteBlocksCommand with id=1564979932962 timed out. Retrying.
2019-08-05 04:39:00,704 INFO  commands.RetriableDatanodeEventWatcher (RetriableDatanodeEventWatcher.java:onTimeout(47)) - RetriableDatanodeCommand type=deleteBlocksCommand with id=1564979932972 timed out. Retrying.
2019-08-05 04:39:00,721 INFO  commands.RetriableDatanodeEventWatcher (RetriableDatanodeEventWatcher.java:onTimeout(47)) - RetriableDatanodeCommand type=deleteBlocksCommand with id=1564979932982 timed out. Retrying.
2019-08-05 04:39:00,734 INFO  commands.RetriableDatanodeEventWatcher (RetriableDatanodeEventWatcher.java:onTimeout(47)) - RetriableDatanodeCommand type=deleteBlocksCommand with id=1564979932992 timed out. Retrying.
2019-08-05 04:39:00,745 INFO  commands.RetriableDatanodeEventWatcher (RetriableDatanodeEventWatcher.java:onTimeout(47)) - RetriableDatanodeCommand type=deleteBlocksCommand with id=1564979932933 timed out. Retrying.
2019-08-05 04:39:00,752 DEBUG block.SCMBlockDeletingService (SCMBlockDeletingService.java:call(138)) - Running DeletedBlockTransactionScanner
2019-08-05 04:39:00,752 DEBUG block.SCMBlockDeletingService (SCMBlockDeletingService.java:call(155)) - Scanned deleted blocks log and got 3 delTX to process.
2019-08-05 04:39:00,753 DEBUG block.SCMBlockDeletingService (SCMBlockDeletingService.java:call(171)) - Added delete block command for datanode 3f4de2de-7d09-498f-aead-42327df81d94 in the queue, number of delete block transactions: 3, TxID list: 1,2,3
2019-08-05 04:39:00,753 INFO  block.SCMBlockDeletingService (SCMBlockDeletingService.java:call(182)) - Totally added 3 delete blocks command for 1 datanodes, task elapsed time: 2ms
2019-08-05 04:39:00,762 INFO  commands.RetriableDatanodeEventWatcher (RetriableDatanodeEventWatcher.java:onTimeout(47)) - RetriableDatanodeCommand type=deleteBlocksCommand with id=1564979932943 timed out. Retrying.
2019-08-05 04:39:00,773 INFO  commands.RetriableDatanodeEventWatcher (RetriableDatanodeEventWatcher.java:onTimeout(47)) - RetriableDatanodeCommand type=deleteBlocksCommand with id=1564979932953 timed out. Retrying.
2019-08-05 04:39:00,791 INFO  commands.RetriableDatanodeEventWatcher (RetriableDatanodeEventWatcher.java:onTimeout(47)) - RetriableDatanodeCommand type=deleteBlocksCommand with id=1564979932963 timed out. Retrying.
2019-08-05 04:39:00,806 INFO  commands.RetriableDatanodeEventWatcher (RetriableDatanodeEventWatcher.java:onTimeout(47)) - RetriableDatanodeCommand type=deleteBlocksCommand with id=1564979932973 timed out. Retrying.
2019-08-05 04:39:00,821 INFO  commands.RetriableDatanodeEventWatcher (RetriableDatanodeEventWatcher.java:onTimeout(47)) - RetriableDatanodeCommand type=deleteBlocksCommand with id=1564979932983 timed out. Retrying.
2019-08-05 04:39:00,836 INFO  commands.RetriableDatanodeEventWatcher (RetriableDatanodeEventWatcher.java:onTimeout(47)) - RetriableDatanodeCommand type=deleteBlocksCommand with id=1564979932993 timed out. Retrying.
2019-08-05 04:39:00,848 INFO  commands.RetriableDatanodeEventWatcher (RetriableDatanodeEventWatcher.java:onTimeout(47)) - RetriableDatanodeCommand type=deleteBlocksCommand with id=1564979932934 timed out. Retrying.
2019-08-05 04:39:00,853 DEBUG block.SCMBlockDeletingService (SCMBlockDeletingService.java:call(138)) - Running DeletedBlockTransactionScanner
2019-08-05 04:39:00,854 DEBUG block.SCMBlockDeletingService (SCMBlockDeletingService.java:call(155)) - Scanned deleted blocks log and got 3 delTX to process.
2019-08-05 04:39:00,855 DEBUG block.SCMBlockDeletingService (SCMBlockDeletingService.java:call(171)) - Added delete block command for datanode 3f4de2de-7d09-498f-aead-42327df81d94 in the queue, number of delete block transactions: 3, TxID list: 1,2,3
2019-08-05 04:39:00,855 INFO  block.SCMBlockDeletingService (SCMBlockDeletingService.java:call(182)) - Totally added 3 delete blocks command for 1 datanodes, task elapsed time: 2ms
2019-08-05 04:39:00,859 INFO  commands.RetriableDatanodeEventWatcher (RetriableDatanodeEventWatcher.java:onTimeout(47)) - RetriableDatanodeCommand type=deleteBlocksCommand with id=1564979932944 timed out. Retrying.
2019-08-05 04:39:00,877 INFO  commands.RetriableDatanodeEventWatcher (RetriableDatanodeEventWatcher.java:onTimeout(47)) - RetriableDatanodeCommand type=deleteBlocksCommand with id=1564979932954 timed out. Retrying.
2019-08-05 04:39:00,892 INFO  commands.RetriableDatanodeEventWatcher (RetriableDatanodeEventWatcher.java:onTimeout(47)) - RetriableDatanodeCommand type=deleteBlocksCommand with id=1564979932964 timed out. Retrying.
2019-08-05 04:39:00,907 INFO  commands.RetriableDatanodeEventWatcher (RetriableDatanodeEventWatcher.java:onTimeout(47)) - RetriableDatanodeCommand type=deleteBlocksCommand with id=1564979932974 timed out. Retrying.
2019-08-05 04:39:00,917 INFO  ozone.MiniOzoneClusterImpl (MiniOzoneClusterImpl.java:lambda$waitForClusterToBeReady$0(142)) - Waiting for cluster to be ready. Got 0 of 1 DN Heartbeats.
2019-08-05 04:39:00,922 INFO  ozoneimpl.OzoneContainer (OzoneContainer.java:start(186)) - Attempting to start container services.
2019-08-05 04:39:00,923 INFO  ozoneimpl.OzoneContainer (OzoneContainer.java:startContainerScrub(160)) - Background container scrubber has been disabled by hdds.containerscrub.enabled
2019-08-05 04:39:00,924 INFO  commands.RetriableDatanodeEventWatcher (XceiverServerRatis.java:start(404)) - Starting XceiverServerRatis 3f4de2de-7d09-498f-aead-42327df81d94 at port 41860
2019-08-05 04:39:00,924 INFO  commands.RetriableDatanodeEventWatcher (RetriableDatanodeEventWatcher.java:onTimeout(47)) - RetriableDatanodeCommand type=deleteBlocksCommand with id=1564979932984 timed out. Retrying.
2019-08-05 04:39:00,932 INFO  commands.RetriableDatanodeEventWatcher (RetriableDatanodeEventWatcher.java:onTimeout(47)) - RetriableDatanodeCommand type=deleteBlocksCommand with id=1564979932925 timed out. Retrying.
2019-08-05 04:39:00,935 INFO  impl.RaftServerImpl (RaftServerImpl.java:start(180)) - 3f4de2de-7d09-498f-aead-42327df81d94: start group-C7908E81CC6B
2019-08-05 04:39:00,936 INFO  impl.RaftServerImpl (RaftServerImpl.java:setRole(171)) - 3f4de2de-7d09-498f-aead-42327df81d94:group-C7908E81CC6B changes role from null to FOLLOWER at term 1 for startAsFollower
2019-08-05 04:39:00,936 INFO  impl.RoleInfo (RoleInfo.java:updateAndGet(143)) - 3f4de2de-7d09-498f-aead-42327df81d94: start FollowerState
2019-08-05 04:39:00,937 INFO  util.JmxRegister (JmxRegister.java:tryRegister(44)) - Successfully registered JMX Bean with object name Ratis:service=RaftServer,group=group-C7908E81CC6B,id=3f4de2de-7d09-498f-aead-42327df81d94
2019-08-05 04:39:00,938 INFO  impl.RaftServerProxy (RetriableDatanodeEventWatcher.java:onTimeout(47)) - RetriableDatanodeCommand type=deleteBlocksCommand with id=1564979932994 timed out. Retrying.
RaftServerProxy.java:lambda$start$3(299)) - 3f4de2de-7d09-498f-aead-42327df81d94: start RPC server
2019-08-05 04:39:00,938 INFO  commands.RetriableDatanodeEventWatcher (RetriableDatanodeEventWatcher.java:onTimeout(47)) - RetriableDatanodeCommand type=deleteBlocksCommand with id=1564979932994 timed out. Retrying.
2019-08-05 04:39:00,942 INFO  server.GrpcService (GrpcService.java:startImpl(149)) - 3f4de2de-7d09-498f-aead-42327df81d94: GrpcService started, listening on 0.0.0.0/0.0.0.0:41860
2019-08-05 04:39:00,949 INFO  commands.RetriableDatanodeEventWatcher (RetriableDatanodeEventWatcher.java:onTimeout(47)) - RetriableDatanodeCommand type=deleteBlocksCommand with id=1564979932935 timed out. Retrying.
2019-08-05 04:39:00,956 DEBUG block.SCMBlockDeletingService (SCMBlockDeletingService.java:call(138)) - Running DeletedBlockTransactionScanner
2019-08-05 04:39:00,956 DEBUG block.SCMBlockDeletingService (SCMBlockDeletingService.java:call(155)) - Scanned deleted blocks log and got 3 delTX to process.
2019-08-05 04:39:00,957 DEBUG block.SCMBlockDeletingService (SCMBlockDeletingService.java:call(171)) - Added delete block command for datanode 3f4de2de-7d09-498f-aead-42327df81d94 in the queue, number of delete block transactions: 3, TxID list: 1,2,3
2019-08-05 04:39:00,957 INFO  block.SCMBlockDeletingService (SCMBlockDeletingService.java:call(182)) - Totally added 3 delete blocks command for 1 datanodes, task elapsed time: 2ms
2019-08-05 04:39:00,963 INFO  commands.RetriableDatanodeEventWatcher (RetriableDatanodeEventWatcher.java:onTimeout(47)) - RetriableDatanodeCommand type=deleteBlocksCommand with id=1564979932945 timed out. Retrying.
2019-08-05 04:39:00,979 INFO  commands.RetriableDatanodeEventWatcher (RetriableDatanodeEventWatcher.java:onTimeout(47)) - RetriableDatanodeCommand type=deleteBlocksCommand with id=1564979932955 timed out. Retrying.
2019-08-05 04:39:00,996 INFO  commands.RetriableDatanodeEventWatcher (RetriableDatanodeEventWatcher.java:onTimeout(47)) - RetriableDatanodeCommand type=deleteBlocksCommand with id=1564979932965 timed out. Retrying.
2019-08-05 04:39:01,008 INFO  commands.RetriableDatanodeEventWatcher (RetriableDatanodeEventWatcher.java:onTimeout(47)) - RetriableDatanodeCommand type=deleteBlocksCommand with id=1564979932975 timed out. Retrying.
2019-08-05 04:39:01,024 INFO  commands.RetriableDatanodeEventWatcher (RetriableDatanodeEventWatcher.java:onTimeout(47)) - RetriableDatanodeCommand type=deleteBlocksCommand with id=1564979932985 timed out. Retrying.
2019-08-05 04:39:01,033 INFO  commands.RetriableDatanodeEventWatcher (RetriableDatanodeEventWatcher.java:onTimeout(47)) - RetriableDatanodeCommand type=deleteBlocksCommand with id=1564979932926 timed out. Retrying.
2019-08-05 04:39:01,040 INFO  commands.RetriableDatanodeEventWatcher (RetriableDatanodeEventWatcher.java:onTimeout(47)) - RetriableDatanodeCommand type=deleteBlocksCommand with id=1564979932995 timed out. Retrying.
2019-08-05 04:39:01,048 INFO  commands.RetriableDatanodeEventWatcher (RetriableDatanodeEventWatcher.java:onTimeout(47)) - RetriableDatanodeCommand type=deleteBlocksCommand with id=1564979932936 timed out. Retrying.
2019-08-05 04:39:01,057 DEBUG block.SCMBlockDeletingService (SCMBlockDeletingService.java:call(138)) - Running DeletedBlockTransactionScanner
2019-08-05 04:39:01,058 DEBUG block.SCMBlockDeletingService (SCMBlockDeletingService.java:call(155)) - Scanned deleted blocks log and got 3 delTX to process.
2019-08-05 04:39:01,058 DEBUG block.SCMBlockDeletingService (SCMBlockDeletingService.java:call(171)) - Added delete block command for datanode 3f4de2de-7d09-498f-aead-42327df81d94 in the queue, number of delete block transactions: 3, TxID list: 1,2,3
2019-08-05 04:39:01,059 INFO  block.SCMBlockDeletingService (SCMBlockDeletingService.java:call(182)) - Totally added 3 delete blocks command for 1 datanodes, task elapsed time: 1ms
2019-08-05 04:39:01,065 INFO  commands.RetriableDatanodeEventWatcher (RetriableDatanodeEventWatcher.java:onTimeout(47)) - RetriableDatanodeCommand type=deleteBlocksCommand with id=1564979932946 timed out. Retrying.
2019-08-05 04:39:01,077 INFO  commands.RetriableDatanodeEventWatcher (RetriableDatanodeEventWatcher.java:onTimeout(47)) - RetriableDatanodeCommand type=deleteBlocksCommand with id=1564979932956 timed out. Retrying.
2019-08-05 04:39:01,096 INFO  commands.RetriableDatanodeEventWatcher (RetriableDatanodeEventWatcher.java:onTimeout(47)) - RetriableDatanodeCommand type=deleteBlocksCommand with id=1564979932966 timed out. Retrying.
2019-08-05 04:39:01,110 INFO  commands.RetriableDatanodeEventWatcher (RetriableDatanodeEventWatcher.java:onTimeout(47)) - RetriableDatanodeCommand type=deleteBlocksCommand with id=1564979932976 timed out. Retrying.
2019-08-05 04:39:01,126 INFO  commands.RetriableDatanodeEventWatcher (RetriableDatanodeEventWatcher.java:onTimeout(47)) - RetriableDatanodeCommand type=deleteBlocksCommand with id=1564979932986 timed out. Retrying.
2019-08-05 04:39:01,135 INFO  commands.RetriableDatanodeEventWatcher (RetriableDatanodeEventWatcher.java:onTimeout(47)) - RetriableDatanodeCommand type=deleteBlocksCommand with id=1564979932927 timed out. Retrying.
2019-08-05 04:39:01,142 INFO  commands.RetriableDatanodeEventWatcher (RetriableDatanodeEventWatcher.java:onTimeout(47)) - RetriableDatanodeCommand type=deleteBlocksCommand with id=1564979932996 timed out. Retrying.
2019-08-05 04:39:01,150 INFO  commands.RetriableDatanodeEventWatcher (RetriableDatanodeEventWatcher.java:onTimeout(47)) - RetriableDatanodeCommand type=deleteBlocksCommand with id=1564979932937 timed out. Retrying.
2019-08-05 04:39:01,159 DEBUG block.SCMBlockDeletingService (SCMBlockDeletingService.java:call(138)) - Running DeletedBlockTransactionScanner
2019-08-05 04:39:01,159 DEBUG block.SCMBlockDeletingService (SCMBlockDeletingService.java:call(155)) - Scanned deleted blocks log and got 3 delTX to process.
2019-08-05 04:39:01,160 DEBUG block.SCMBlockDeletingService (SCMBlockDeletingService.java:call(171)) - Added delete block command for datanode 3f4de2de-7d09-498f-aead-42327df81d94 in the queue, number of delete block transactions: 3, TxID list: 1,2,3
2019-08-05 04:39:01,160 INFO  block.SCMBlockDeletingService (SCMBlockDeletingService.java:call(182)) - Totally added 3 delete blocks command for 1 datanodes, task elapsed time: 1ms
2019-08-05 04:39:01,164 INFO  commands.RetriableDatanodeEventWatcher (RetriableDatanodeEventWatcher.java:onTimeout(47)) - RetriableDatanodeCommand type=deleteBlocksCommand with id=1564979932947 timed out. Retrying.
2019-08-05 04:39:01,183 INFO  commands.RetriableDatanodeEventWatcher (RetriableDatanodeEventWatcher.java:onTimeout(47)) - RetriableDatanodeCommand type=deleteBlocksCommand with id=1564979932957 timed out. Retrying.
2019-08-05 04:39:01,196 INFO  commands.RetriableDatanodeEventWatcher (RetriableDatanodeEventWatcher.java:onTimeout(47)) - RetriableDatanodeCommand type=deleteBlocksCommand with id=1564979932967 timed out. Retrying.
2019-08-05 04:39:01,212 INFO  commands.RetriableDatanodeEventWatcher (RetriableDatanodeEventWatcher.java:onTimeout(47)) - RetriableDatanodeCommand type=deleteBlocksCommand with id=1564979932977 timed out. Retrying.
2019-08-05 04:39:01,227 INFO  commands.RetriableDatanodeEventWatcher (RetriableDatanodeEventWatcher.java:onTimeout(47)) - RetriableDatanodeCommand type=deleteBlocksCommand with id=1564979932987 timed out. Retrying.
2019-08-05 04:39:01,236 INFO  commands.RetriableDatanodeEventWatcher (RetriableDatanodeEventWatcher.java:onTimeout(47)) - RetriableDatanodeCommand type=deleteBlocksCommand with id=1564979932928 timed out. Retrying.
2019-08-05 04:39:01,244 INFO  commands.RetriableDatanodeEventWatcher (RetriableDatanodeEventWatcher.java:onTimeout(47)) - RetriableDatanodeCommand type=deleteBlocksCommand with id=1564979932997 timed out. Retrying.
2019-08-05 04:39:01,250 INFO  commands.RetriableDatanodeEventWatcher (RetriableDatanodeEventWatcher.java:onTimeout(47)) - RetriableDatanodeCommand type=deleteBlocksCommand with id=1564979932938 timed out. Retrying.
2019-08-05 04:39:01,261 DEBUG block.SCMBlockDeletingService (SCMBlockDeletingService.java:call(138)) - Running DeletedBlockTransactionScanner
2019-08-05 04:39:01,261 DEBUG block.SCMBlockDeletingService (SCMBlockDeletingService.java:call(155)) - Scanned deleted blocks log and got 3 delTX to process.
2019-08-05 04:39:01,261 DEBUG block.SCMBlockDeletingService (SCMBlockDeletingService.java:call(171)) - Added delete block command for datanode 3f4de2de-7d09-498f-aead-42327df81d94 in the queue, number of delete block transactions: 3, TxID list: 1,2,3
2019-08-05 04:39:01,262 INFO  block.SCMBlockDeletingService (SCMBlockDeletingService.java:call(182)) - Totally added 3 delete blocks command for 1 datanodes, task elapsed time: 1ms
2019-08-05 04:39:01,269 INFO  commands.RetriableDatanodeEventWatcher (RetriableDatanodeEventWatcher.java:onTimeout(47)) - RetriableDatanodeCommand type=deleteBlocksCommand with id=1564979932948 timed out. Retrying.
2019-08-05 04:39:01,282 INFO  commands.RetriableDatanodeEventWatcher (RetriableDatanodeEventWatcher.java:onTimeout(47)) - RetriableDatanodeCommand type=deleteBlocksCommand with id=1564979932958 timed out. Retrying.
2019-08-05 04:39:01,301 INFO  commands.RetriableDatanodeEventWatcher (RetriableDatanodeEventWatcher.java:onTimeout(47)) - RetriableDatanodeCommand type=deleteBlocksCommand with id=1564979932968 timed out. Retrying.
2019-08-05 04:39:01,314 INFO  commands.RetriableDatanodeEventWatcher (RetriableDatanodeEventWatcher.java:onTimeout(47)) - RetriableDatanodeCommand type=deleteBlocksCommand with id=1564979932978 timed out. Retrying.
2019-08-05 04:39:01,328 INFO  commands.RetriableDatanodeEventWatcher (RetriableDatanodeEventWatcher.java:onTimeout(47)) - RetriableDatanodeCommand type=deleteBlocksCommand with id=1564979932988 timed out. Retrying.
2019-08-05 04:39:01,338 INFO  commands.RetriableDatanodeEventWatcher (RetriableDatanodeEventWatcher.java:onTimeout(47)) - RetriableDatanodeCommand type=deleteBlocksCommand with id=1564979932929 timed out. Retrying.
2019-08-05 04:39:01,345 INFO  commands.RetriableDatanodeEventWatcher (RetriableDatanodeEventWatcher.java:onTimeout(47)) - RetriableDatanodeCommand type=deleteBlocksCommand with id=1564979932998 timed out. Retrying.
2019-08-05 04:39:01,355 INFO  commands.RetriableDatanodeEventWatcher (RetriableDatanodeEventWatcher.java:onTimeout(47)) - RetriableDatanodeCommand type=deleteBlocksCommand with id=1564979932939 timed out. Retrying.
2019-08-05 04:39:01,362 DEBUG block.SCMBlockDeletingService (SCMBlockDeletingService.java:call(138)) - Running DeletedBlockTransactionScanner
2019-08-05 04:39:01,362 DEBUG block.SCMBlockDeletingService (SCMBlockDeletingService.java:call(155)) - Scanned deleted blocks log and got 3 delTX to process.
2019-08-05 04:39:01,363 DEBUG block.SCMBlockDeletingService (SCMBlockDeletingService.java:call(171)) - Added delete block command for datanode 3f4de2de-7d09-498f-aead-42327df81d94 in the queue, number of delete block transactions: 3, TxID list: 1,2,3
2019-08-05 04:39:01,363 INFO  block.SCMBlockDeletingService (SCMBlockDeletingService.java:call(182)) - Totally added 3 delete blocks command for 1 datanodes, task elapsed time: 1ms
2019-08-05 04:39:01,368 INFO  commands.RetriableDatanodeEventWatcher (RetriableDatanodeEventWatcher.java:onTimeout(47)) - RetriableDatanodeCommand type=deleteBlocksCommand with id=1564979932949 timed out. Retrying.
2019-08-05 04:39:01,385 INFO  commands.RetriableDatanodeEventWatcher (RetriableDatanodeEventWatcher.java:onTimeout(47)) - RetriableDatanodeCommand type=deleteBlocksCommand with id=1564979932959 timed out. Retrying.
2019-08-05 04:39:01,399 INFO  commands.RetriableDatanodeEventWatcher (RetriableDatanodeEventWatcher.java:onTimeout(47)) - RetriableDatanodeCommand type=deleteBlocksCommand with id=1564979932969 timed out. Retrying.
2019-08-05 04:39:01,417 INFO  commands.RetriableDatanodeEventWatcher (RetriableDatanodeEventWatcher.java:onTimeout(47)) - RetriableDatanodeCommand type=deleteBlocksCommand with id=1564979932979 timed out. Retrying.
2019-08-05 04:39:01,432 INFO  commands.RetriableDatanodeEventWatcher (RetriableDatanodeEventWatcher.java:onTimeout(47)) - RetriableDatanodeCommand type=deleteBlocksCommand with id=1564979932989 timed out. Retrying.
2019-08-05 04:39:01,438 INFO  commands.RetriableDatanodeEventWatcher (RetriableDatanodeEventWatcher.java:onTimeout(47)) - RetriableDatanodeCommand type=deleteBlocksCommand with id=1564979932930 timed out. Retrying.
2019-08-05 04:39:01,448 INFO  commands.RetriableDatanodeEventWatcher (RetriableDatanodeEventWatcher.java:onTimeout(47)) - RetriableDatanodeCommand type=deleteBlocksCommand with id=1564979932999 timed out. Retrying.
2019-08-05 04:39:01,452 INFO  commands.RetriableDatanodeEventWatcher (RetriableDatanodeEventWatcher.java:onTimeout(47)) - RetriableDatanodeCommand type=deleteBlocksCommand with id=1564979932940 timed out. Retrying.
2019-08-05 04:39:01,464 DEBUG block.SCMBlockDeletingService (SCMBlockDeletingService.java:call(138)) - Running DeletedBlockTransactionScanner
2019-08-05 04:39:01,464 DEBUG block.SCMBlockDeletingService (SCMBlockDeletingService.java:call(155)) - Scanned deleted blocks log and got 3 delTX to process.
2019-08-05 04:39:01,464 DEBUG block.SCMBlockDeletingService (SCMBlockDeletingService.java:call(171)) - Added delete block command for datanode 3f4de2de-7d09-498f-aead-42327df81d94 in the queue, number of delete block transactions: 3, TxID list: 1,2,3
2019-08-05 04:39:01,465 INFO  block.SCMBlockDeletingService (SCMBlockDeletingService.java:call(182)) - Totally added 3 delete blocks command for 1 datanodes, task elapsed time: 1ms
2019-08-05 04:39:01,470 INFO  commands.RetriableDatanodeEventWatcher (RetriableDatanodeEventWatcher.java:onTimeout(47)) - RetriableDatanodeCommand type=deleteBlocksCommand with id=1564979932950 timed out. Retrying.
2019-08-05 04:39:01,487 INFO  commands.RetriableDatanodeEventWatcher (RetriableDatanodeEventWatcher.java:onTimeout(47)) - RetriableDatanodeCommand type=deleteBlocksCommand with id=1564979932960 timed out. Retrying.
2019-08-05 04:39:01,501 INFO  commands.RetriableDatanodeEventWatcher (RetriableDatanodeEventWatcher.java:onTimeout(47)) - RetriableDatanodeCommand type=deleteBlocksCommand with id=1564979932970 timed out. Retrying.
2019-08-05 04:39:01,518 INFO  commands.RetriableDatanodeEventWatcher (RetriableDatanodeEventWatcher.java:onTimeout(47)) - RetriableDatanodeCommand type=deleteBlocksCommand with id=1564979932980 timed out. Retrying.
2019-08-05 04:39:01,532 INFO  commands.RetriableDatanodeEventWatcher (RetriableDatanodeEventWatcher.java:onTimeout(47)) - RetriableDatanodeCommand type=deleteBlocksCommand with id=1564979932990 timed out. Retrying.
2019-08-05 04:39:01,541 INFO  commands.RetriableDatanodeEventWatcher (RetriableDatanodeEventWatcher.java:onTimeout(47)) - RetriableDatanodeCommand type=deleteBlocksCommand with id=1564979932931 timed out. Retrying.
2019-08-05 04:39:01,548 INFO  commands.RetriableDatanodeEventWatcher (RetriableDatanodeEventWatcher.java:onTimeout(47)) - RetriableDatanodeCommand type=deleteBlocksCommand with id=1564979933000 timed out. Retrying.
2019-08-05 04:39:01,557 INFO  commands.RetriableDatanodeEventWatcher (RetriableDatanodeEventWatcher.java:onTimeout(47)) - RetriableDatanodeCommand type=deleteBlocksCommand with id=1564979932941 timed out. Retrying.
2019-08-05 04:39:01,565 DEBUG block.SCMBlockDeletingService (SCMBlockDeletingService.java:call(138)) - Running DeletedBlockTransactionScanner
2019-08-05 04:39:01,566 DEBUG block.SCMBlockDeletingService (SCMBlockDeletingService.java:call(155)) - Scanned deleted blocks log and got 3 delTX to process.
2019-08-05 04:39:01,566 DEBUG block.SCMBlockDeletingService (SCMBlockDeletingService.java:call(171)) - Added delete block command for datanode 3f4de2de-7d09-498f-aead-42327df81d94 in the queue, number of delete block transactions: 3, TxID list: 1,2,3
2019-08-05 04:39:01,566 INFO  block.SCMBlockDeletingService (SCMBlockDeletingService.java:call(182)) - Totally added 3 delete blocks command for 1 datanodes, task elapsed time: 1ms
2019-08-05 04:39:01,571 INFO  commands.RetriableDatanodeEventWatcher (RetriableDatanodeEventWatcher.java:onTimeout(47)) - RetriableDatanodeCommand type=deleteBlocksCommand with id=1564979932951 timed out. Retrying.
2019-08-05 04:39:01,588 INFO  commands.RetriableDatanodeEventWatcher (RetriableDatanodeEventWatcher.java:onTimeout(47)) - RetriableDatanodeCommand type=deleteBlocksCommand with id=1564979932961 timed out. Retrying.
2019-08-05 04:39:01,604 INFO  commands.RetriableDatanodeEventWatcher (RetriableDatanodeEventWatcher.java:onTimeout(47)) - RetriableDatanodeCommand type=deleteBlocksCommand with id=1564979932971 timed out. Retrying.
2019-08-05 04:39:01,619 INFO  commands.RetriableDatanodeEventWatcher (RetriableDatanodeEventWatcher.java:onTimeout(47)) - RetriableDatanodeCommand type=deleteBlocksCommand with id=1564979932981 timed out. Retrying.
2019-08-05 04:39:01,634 INFO  commands.RetriableDatanodeEventWatcher (RetriableDatanodeEventWatcher.java:onTimeout(47)) - RetriableDatanodeCommand type=deleteBlocksCommand with id=1564979932991 timed out. Retrying.
2019-08-05 04:39:01,645 INFO  commands.RetriableDatanodeEventWatcher (RetriableDatanodeEventWatcher.java:onTimeout(47)) - RetriableDatanodeCommand type=deleteBlocksCommand with id=1564979932932 timed out. Retrying.
2019-08-05 04:39:01,651 INFO  commands.RetriableDatanodeEventWatcher (RetriableDatanodeEventWatcher.java:onTimeout(47)) - RetriableDatanodeCommand type=deleteBlocksCommand with id=1564979933001 timed out. Retrying.
2019-08-05 04:39:01,658 INFO  commands.RetriableDatanodeEventWatcher (RetriableDatanodeEventWatcher.java:onTimeout(47)) - RetriableDatanodeCommand type=deleteBlocksCommand with id=1564979932942 timed out. Retrying.
2019-08-05 04:39:01,667 DEBUG block.SCMBlockDeletingService (SCMBlockDeletingService.java:call(138)) - Running DeletedBlockTransactionScanner
2019-08-05 04:39:01,667 DEBUG block.SCMBlockDeletingService (SCMBlockDeletingService.java:call(155)) - Scanned deleted blocks log and got 3 delTX to process.
2019-08-05 04:39:01,668 DEBUG block.SCMBlockDeletingService (SCMBlockDeletingService.java:call(171)) - Added delete block command for datanode 3f4de2de-7d09-498f-aead-42327df81d94 in the queue, number of delete block transactions: 3, TxID list: 1,2,3
2019-08-05 04:39:01,668 INFO  block.SCMBlockDeletingService (SCMBlockDeletingService.java:call(182)) - Totally added 3 delete blocks command for 1 datanodes, task elapsed time: 2ms
2019-08-05 04:39:01,685 INFO  commands.RetriableDatanodeEventWatcher (RetriableDatanodeEventWatcher.java:onTimeout(47)) - RetriableDatanodeCommand type=deleteBlocksCommand with id=1564979932952 timed out. Retrying.
2019-08-05 04:39:01,691 INFO  commands.RetriableDatanodeEventWatcher (RetriableDatanodeEventWatcher.java:onTimeout(47)) - RetriableDatanodeCommand type=deleteBlocksCommand with id=1564979932962 timed out. Retrying.
2019-08-05 04:39:01,704 INFO  commands.RetriableDatanodeEventWatcher (RetriableDatanodeEventWatcher.java:onTimeout(47)) - RetriableDatanodeCommand type=deleteBlocksCommand with id=1564979932972 timed out. Retrying.
2019-08-05 04:39:01,722 INFO  commands.RetriableDatanodeEventWatcher (RetriableDatanodeEventWatcher.java:onTimeout(47)) - RetriableDatanodeCommand type=deleteBlocksCommand with id=1564979932982 timed out. Retrying.
2019-08-05 04:39:01,734 INFO  commands.RetriableDatanodeEventWatcher (RetriableDatanodeEventWatcher.java:onTimeout(47)) - RetriableDatanodeCommand type=deleteBlocksCommand with id=1564979932992 timed out. Retrying.
2019-08-05 04:39:01,746 INFO  commands.RetriableDatanodeEventWatcher (RetriableDatanodeEventWatcher.java:onTimeout(47)) - RetriableDatanodeCommand type=deleteBlocksCommand with id=1564979932933 timed out. Retrying.
2019-08-05 04:39:01,753 INFO  commands.RetriableDatanodeEventWatcher (RetriableDatanodeEventWatcher.java:onTimeout(47)) - RetriableDatanodeCommand type=deleteBlocksCommand with id=1564979933002 timed out. Retrying.
2019-08-05 04:39:01,762 INFO  commands.RetriableDatanodeEventWatcher (RetriableDatanodeEventWatcher.java:onTimeout(47)) - RetriableDatanodeCommand type=deleteBlocksCommand with id=1564979932943 timed out. Retrying.
2019-08-05 04:39:01,769 DEBUG block.SCMBlockDeletingService (SCMBlockDeletingService.java:call(138)) - Running DeletedBlockTransactionScanner
2019-08-05 04:39:01,769 DEBUG block.SCMBlockDeletingService (SCMBlockDeletingService.java:call(155)) - Scanned deleted blocks log and got 3 delTX to process.
2019-08-05 04:39:01,770 DEBUG block.SCMBlockDeletingService (SCMBlockDeletingService.java:call(171)) - Added delete block command for datanode 3f4de2de-7d09-498f-aead-42327df81d94 in the queue, number of delete block transactions: 3, TxID list: 1,2,3
2019-08-05 04:39:01,770 INFO  block.SCMBlockDeletingService (SCMBlockDeletingService.java:call(182)) - Totally added 3 delete blocks command for 1 datanodes, task elapsed time: 2ms
2019-08-05 04:39:01,774 INFO  commands.RetriableDatanodeEventWatcher (RetriableDatanodeEventWatcher.java:onTimeout(47)) - RetriableDatanodeCommand type=deleteBlocksCommand with id=1564979932953 timed out. Retrying.
2019-08-05 04:39:01,791 INFO  commands.RetriableDatanodeEventWatcher (RetriableDatanodeEventWatcher.java:onTimeout(47)) - RetriableDatanodeCommand type=deleteBlocksCommand with id=1564979932963 timed out. Retrying.
2019-08-05 04:39:01,807 INFO  commands.RetriableDatanodeEventWatcher (RetriableDatanodeEventWatcher.java:onTimeout(47)) - RetriableDatanodeCommand type=deleteBlocksCommand with id=1564979932973 timed out. Retrying.
2019-08-05 04:39:01,822 INFO  commands.RetriableDatanodeEventWatcher (RetriableDatanodeEventWatcher.java:onTimeout(47)) - RetriableDatanodeCommand type=deleteBlocksCommand with id=1564979932983 timed out. Retrying.
2019-08-05 04:39:01,836 INFO  commands.RetriableDatanodeEventWatcher (RetriableDatanodeEventWatcher.java:onTimeout(47)) - RetriableDatanodeCommand type=deleteBlocksCommand with id=1564979932993 timed out. Retrying.
2019-08-05 04:39:01,849 INFO  commands.RetriableDatanodeEventWatcher (RetriableDatanodeEventWatcher.java:onTimeout(47)) - RetriableDatanodeCommand type=deleteBlocksCommand with id=1564979932934 timed out. Retrying.
2019-08-05 04:39:01,854 INFO  commands.RetriableDatanodeEventWatcher (RetriableDatanodeEventWatcher.java:onTimeout(47)) - RetriableDatanodeCommand type=deleteBlocksCommand with id=1564979933003 timed out. Retrying.
2019-08-05 04:39:01,860 INFO  commands.RetriableDatanodeEventWatcher (RetriableDatanodeEventWatcher.java:onTimeout(47)) - RetriableDatanodeCommand type=deleteBlocksCommand with id=1564979932944 timed out. Retrying.
2019-08-05 04:39:01,870 DEBUG block.SCMBlockDeletingService (SCMBlockDeletingService.java:call(138)) - Running DeletedBlockTransactionScanner
2019-08-05 04:39:01,871 DEBUG block.SCMBlockDeletingService (SCMBlockDeletingService.java:call(155)) - Scanned deleted blocks log and got 3 delTX to process.
2019-08-05 04:39:01,871 DEBUG block.SCMBlockDeletingService (SCMBlockDeletingService.java:call(171)) - Added delete block command for datanode 3f4de2de-7d09-498f-aead-42327df81d94 in the queue, number of delete block transactions: 3, TxID list: 1,2,3
2019-08-05 04:39:01,871 INFO  block.SCMBlockDeletingService (SCMBlockDeletingService.java:call(182)) - Totally added 3 delete blocks command for 1 datanodes, task elapsed time: 1ms
2019-08-05 04:39:01,876 INFO  commands.RetriableDatanodeEventWatcher (RetriableDatanodeEventWatcher.java:onTimeout(47)) - RetriableDatanodeCommand type=deleteBlocksCommand with id=1564979932954 timed out. Retrying.
2019-08-05 04:39:01,893 INFO  commands.RetriableDatanodeEventWatcher (RetriableDatanodeEventWatcher.java:onTimeout(47)) - RetriableDatanodeCommand type=deleteBlocksCommand with id=1564979932964 timed out. Retrying.
2019-08-05 04:39:01,907 INFO  commands.RetriableDatanodeEventWatcher (RetriableDatanodeEventWatcher.java:onTimeout(47)) - RetriableDatanodeCommand type=deleteBlocksCommand with id=1564979932974 timed out. Retrying.
2019-08-05 04:39:01,918 INFO  ozone.MiniOzoneClusterImpl (MiniOzoneClusterImpl.java:lambda$waitForClusterToBeReady$0(142)) - Waiting for cluster to be ready. Got 0 of 1 DN Heartbeats.
2019-08-05 04:39:01,925 INFO  commands.RetriableDatanodeEventWatcher (RetriableDatanodeEventWatcher.java:onTimeout(47)) - RetriableDatanodeCommand type=deleteBlocksCommand with id=1564979932984 timed out. Retrying.
2019-08-05 04:39:01,931 INFO  commands.RetriableDatanodeEventWatcher (RetriableDatanodeEventWatcher.java:onTimeout(47)) - RetriableDatanodeCommand type=deleteBlocksCommand with id=1564979932925 timed out. Retrying.
2019-08-05 04:39:01,939 INFO  commands.RetriableDatanodeEventWatcher (RetriableDatanodeEventWatcher.java:onTimeout(47)) - RetriableDatanodeCommand type=deleteBlocksCommand with id=1564979932994 timed out. Retrying.
2019-08-05 04:39:01,949 INFO  commands.RetriableDatanodeEventWatcher (RetriableDatanodeEventWatcher.java:onTimeout(47)) - RetriableDatanodeCommand type=deleteBlocksCommand with id=1564979932935 timed out. Retrying.
2019-08-05 04:39:01,957 INFO  commands.RetriableDatanodeEventWatcher (RetriableDatanodeEventWatcher.java:onTimeout(47)) - RetriableDatanodeCommand type=deleteBlocksCommand with id=1564979933004 timed out. Retrying.
2019-08-05 04:39:01,963 INFO  commands.RetriableDatanodeEventWatcher (RetriableDatanodeEventWatcher.java:onTimeout(47)) - RetriableDatanodeCommand type=deleteBlocksCommand with id=1564979932945 timed out. Retrying.
2019-08-05 04:39:01,972 DEBUG block.SCMBlockDeletingService (SCMBlockDeletingService.java:call(138)) - Running DeletedBlockTransactionScanner
2019-08-05 04:39:01,972 DEBUG block.SCMBlockDeletingService (SCMBlockDeletingService.java:call(155)) - Scanned deleted blocks log and got 3 delTX to process.
2019-08-05 04:39:01,973 DEBUG block.SCMBlockDeletingService (SCMBlockDeletingService.java:call(171)) - Added delete block command for datanode 3f4de2de-7d09-498f-aead-42327df81d94 in the queue, number of delete block transactions: 3, TxID list: 1,2,3
2019-08-05 04:39:01,973 INFO  block.SCMBlockDeletingService (SCMBlockDeletingService.java:call(182)) - Totally added 3 delete blocks command for 1 datanodes, task elapsed time: 1ms
2019-08-05 04:39:01,979 INFO  commands.RetriableDatanodeEventWatcher (RetriableDatanodeEventWatcher.java:onTimeout(47)) - RetriableDatanodeCommand type=deleteBlocksCommand with id=1564979932955 timed out. Retrying.
2019-08-05 04:39:01,996 INFO  commands.RetriableDatanodeEventWatcher (RetriableDatanodeEventWatcher.java:onTimeout(47)) - RetriableDatanodeCommand type=deleteBlocksCommand with id=1564979932965 timed out. Retrying.
2019-08-05 04:39:02,009 INFO  commands.RetriableDatanodeEventWatcher (RetriableDatanodeEventWatcher.java:onTimeout(47)) - RetriableDatanodeCommand type=deleteBlocksCommand with id=1564979932975 timed out. Retrying.
2019-08-05 04:39:02,025 INFO  commands.RetriableDatanodeEventWatcher (RetriableDatanodeEventWatcher.java:onTimeout(47)) - RetriableDatanodeCommand type=deleteBlocksCommand with id=1564979932985 timed out. Retrying.
2019-08-05 04:39:02,034 INFO  commands.RetriableDatanodeEventWatcher (RetriableDatanodeEventWatcher.java:onTimeout(47)) - RetriableDatanodeCommand type=deleteBlocksCommand with id=1564979932926 timed out. Retrying.
2019-08-05 04:39:02,041 INFO  commands.RetriableDatanodeEventWatcher (RetriableDatanodeEventWatcher.java:onTimeout(47)) - RetriableDatanodeCommand type=deleteBlocksCommand with id=1564979932995 timed out. Retrying.
2019-08-05 04:39:02,049 INFO  commands.RetriableDatanodeEventWatcher (RetriableDatanodeEventWatcher.java:onTimeout(47)) - RetriableDatanodeCommand type=deleteBlocksCommand with id=1564979932936 timed out. Retrying.
2019-08-05 04:39:02,059 INFO  commands.RetriableDatanodeEventWatcher (RetriableDatanodeEventWatcher.java:onTimeout(47)) - RetriableDatanodeCommand type=deleteBlocksCommand with id=1564979933005 timed out. Retrying.
2019-08-05 04:39:02,065 INFO  commands.RetriableDatanodeEventWatcher (RetriableDatanodeEventWatcher.java:onTimeout(47)) - RetriableDatanodeCommand type=deleteBlocksCommand with id=1564979932946 timed out. Retrying.
2019-08-05 04:39:02,073 DEBUG block.SCMBlockDeletingService (SCMBlockDeletingService.java:call(138)) - Running DeletedBlockTransactionScanner
2019-08-05 04:39:02,074 DEBUG block.SCMBlockDeletingService (SCMBlockDeletingService.java:call(155)) - Scanned deleted blocks log and got 3 delTX to process.
2019-08-05 04:39:02,074 DEBUG block.SCMBlockDeletingService (SCMBlockDeletingService.java:call(171)) - Added delete block command for datanode 3f4de2de-7d09-498f-aead-42327df81d94 in the queue, number of delete block transactions: 3, TxID list: 1,2,3
2019-08-05 04:39:02,075 INFO  block.SCMBlockDeletingService (SCMBlockDeletingService.java:call(182)) - Totally added 3 delete blocks command for 1 datanodes, task elapsed time: 1ms
2019-08-05 04:39:02,077 INFO  commands.RetriableDatanodeEventWatcher (RetriableDatanodeEventWatcher.java:onTimeout(47)) - RetriableDatanodeCommand type=deleteBlocksCommand with id=1564979932956 timed out. Retrying.
2019-08-05 04:39:02,097 INFO  commands.RetriableDatanodeEventWatcher (RetriableDatanodeEventWatcher.java:onTimeout(47)) - RetriableDatanodeCommand type=deleteBlocksCommand with id=1564979932966 timed out. Retrying.
2019-08-05 04:39:02,111 INFO  commands.RetriableDatanodeEventWatcher (RetriableDatanodeEventWatcher.java:onTimeout(47)) - RetriableDatanodeCommand type=deleteBlocksCommand with id=1564979932976 timed out. Retrying.
2019-08-05 04:39:02,127 INFO  commands.RetriableDatanodeEventWatcher (RetriableDatanodeEventWatcher.java:onTimeout(47)) - RetriableDatanodeCommand type=deleteBlocksCommand with id=1564979932986 timed out. Retrying.
2019-08-05 04:39:02,136 INFO  commands.RetriableDatanodeEventWatcher (RetriableDatanodeEventWatcher.java:onTimeout(47)) - RetriableDatanodeCommand type=deleteBlocksCommand with id=1564979932927 timed out. Retrying.
2019-08-05 04:39:02,142 INFO  commands.RetriableDatanodeEventWatcher (RetriableDatanodeEventWatcher.java:onTimeout(47)) - RetriableDatanodeCommand type=deleteBlocksCommand with id=1564979932996 timed out. Retrying.
2019-08-05 04:39:02,151 INFO  commands.RetriableDatanodeEventWatcher (RetriableDatanodeEventWatcher.java:onTimeout(47)) - RetriableDatanodeCommand type=deleteBlocksCommand with id=1564979932937 timed out. Retrying.
2019-08-05 04:39:02,159 INFO  commands.RetriableDatanodeEventWatcher (RetriableDatanodeEventWatcher.java:onTimeout(47)) - RetriableDatanodeCommand type=deleteBlocksCommand with id=1564979933006 timed out. Retrying.
2019-08-05 04:39:02,165 INFO  commands.RetriableDatanodeEventWatcher (RetriableDatanodeEventWatcher.java:onTimeout(47)) - RetriableDatanodeCommand type=deleteBlocksCommand with id=1564979932947 timed out. Retrying.
2019-08-05 04:39:02,175 DEBUG block.SCMBlockDeletingService (SCMBlockDeletingService.java:call(138)) - Running DeletedBlockTransactionScanner
2019-08-05 04:39:02,175 DEBUG block.SCMBlockDeletingService (SCMBlockDeletingService.java:call(155)) - Scanned deleted blocks log and got 3 delTX to process.
2019-08-05 04:39:02,176 DEBUG block.SCMBlockDeletingService (SCMBlockDeletingService.java:call(171)) - Added delete block command for datanode 3f4de2de-7d09-498f-aead-42327df81d94 in the queue, number of delete block transactions: 3, TxID list: 1,2,3
2019-08-05 04:39:02,176 INFO  block.SCMBlockDeletingService (SCMBlockDeletingService.java:call(182)) - Totally added 3 delete blocks command for 1 datanodes, task elapsed time: 1ms
2019-08-05 04:39:02,184 INFO  commands.RetriableDatanodeEventWatcher (RetriableDatanodeEventWatcher.java:onTimeout(47)) - RetriableDatanodeCommand type=deleteBlocksCommand with id=1564979932957 timed out. Retrying.
2019-08-05 04:39:02,197 INFO  commands.RetriableDatanodeEventWatcher (RetriableDatanodeEventWatcher.java:onTimeout(47)) - RetriableDatanodeCommand type=deleteBlocksCommand with id=1564979932967 timed out. Retrying.
2019-08-05 04:39:02,213 INFO  commands.RetriableDatanodeEventWatcher (RetriableDatanodeEventWatcher.java:onTimeout(47)) - RetriableDatanodeCommand type=deleteBlocksCommand with id=1564979932977 timed out. Retrying.
2019-08-05 04:39:02,228 INFO  commands.RetriableDatanodeEventWatcher (RetriableDatanodeEventWatcher.java:onTimeout(47)) - RetriableDatanodeCommand type=deleteBlocksCommand with id=1564979932987 timed out. Retrying.
2019-08-05 04:39:02,236 INFO  commands.RetriableDatanodeEventWatcher (RetriableDatanodeEventWatcher.java:onTimeout(47)) - RetriableDatanodeCommand type=deleteBlocksCommand with id=1564979932928 timed out. Retrying.
2019-08-05 04:39:02,245 INFO  commands.RetriableDatanodeEventWatcher (RetriableDatanodeEventWatcher.java:onTimeout(47)) - RetriableDatanodeCommand type=deleteBlocksCommand with id=1564979932997 timed out. Retrying.
2019-08-05 04:39:02,250 INFO  commands.RetriableDatanodeEventWatcher (RetriableDatanodeEventWatcher.java:onTimeout(47)) - RetriableDatanodeCommand type=deleteBlocksCommand with id=1564979932938 timed out. Retrying.
2019-08-05 04:39:02,262 INFO  commands.RetriableDatanodeEventWatcher (RetriableDatanodeEventWatcher.java:onTimeout(47)) - RetriableDatanodeCommand type=deleteBlocksCommand with id=1564979933007 timed out. Retrying.
2019-08-05 04:39:02,269 INFO  commands.RetriableDatanodeEventWatcher (RetriableDatanodeEventWatcher.java:onTimeout(47)) - RetriableDatanodeCommand type=deleteBlocksCommand with id=1564979932948 timed out. Retrying.
2019-08-05 04:39:02,276 DEBUG block.SCMBlockDeletingService (SCMBlockDeletingService.java:call(138)) - Running DeletedBlockTransactionScanner
2019-08-05 04:39:02,277 DEBUG block.SCMBlockDeletingService (SCMBlockDeletingService.java:call(155)) - Scanned deleted blocks log and got 3 delTX to process.
2019-08-05 04:39:02,277 DEBUG block.SCMBlockDeletingService (SCMBlockDeletingService.java:call(171)) - Added delete block command for datanode 3f4de2de-7d09-498f-aead-42327df81d94 in the queue, number of delete block transactions: 3, TxID list: 1,2,3
2019-08-05 04:39:02,277 INFO  block.SCMBlockDeletingService (SCMBlockDeletingService.java:call(182)) - Totally added 3 delete blocks command for 1 datanodes, task elapsed time: 1ms
2019-08-05 04:39:02,282 INFO  commands.RetriableDatanodeEventWatcher (RetriableDatanodeEventWatcher.java:onTimeout(47)) - RetriableDatanodeCommand type=deleteBlocksCommand with id=1564979932958 timed out. Retrying.
2019-08-05 04:39:02,302 INFO  commands.RetriableDatanodeEventWatcher (RetriableDatanodeEventWatcher.java:onTimeout(47)) - RetriableDatanodeCommand type=deleteBlocksCommand with id=1564979932968 timed out. Retrying.
2019-08-05 04:39:02,314 INFO  commands.RetriableDatanodeEventWatcher (RetriableDatanodeEventWatcher.java:onTimeout(47)) - RetriableDatanodeCommand type=deleteBlocksCommand with id=1564979932978 timed out. Retrying.
2019-08-05 04:39:02,328 INFO  commands.RetriableDatanodeEventWatcher (RetriableDatanodeEventWatcher.java:onTimeout(47)) - RetriableDatanodeCommand type=deleteBlocksCommand with id=1564979932988 timed out. Retrying.
2019-08-05 04:39:02,339 INFO  commands.RetriableDatanodeEventWatcher (RetriableDatanodeEventWatcher.java:onTimeout(47)) - RetriableDatanodeCommand type=deleteBlocksCommand with id=1564979932929 timed out. Retrying.
2019-08-05 04:39:02,346 INFO  commands.RetriableDatanodeEventWatcher (RetriableDatanodeEventWatcher.java:onTimeout(47)) - RetriableDatanodeCommand type=deleteBlocksCommand with id=1564979932998 timed out. Retrying.
2019-08-05 04:39:02,355 INFO  commands.RetriableDatanodeEventWatcher (RetriableDatanodeEventWatcher.java:onTimeout(47)) - RetriableDatanodeCommand type=deleteBlocksCommand with id=1564979932939 timed out. Retrying.
2019-08-05 04:39:02,363 INFO  commands.RetriableDatanodeEventWatcher (RetriableDatanodeEventWatcher.java:onTimeout(47)) - RetriableDatanodeCommand type=deleteBlocksCommand with id=1564979933008 timed out. Retrying.
2019-08-05 04:39:02,368 INFO  commands.RetriableDatanodeEventWatcher (RetriableDatanodeEventWatcher.java:onTimeout(47)) - RetriableDatanodeCommand type=deleteBlocksCommand with id=1564979932949 timed out. Retrying.
2019-08-05 04:39:02,378 DEBUG block.SCMBlockDeletingService (SCMBlockDeletingService.java:call(138)) - Running DeletedBlockTransactionScanner
2019-08-05 04:39:02,378 DEBUG block.SCMBlockDeletingService (SCMBlockDeletingService.java:call(155)) - Scanned deleted blocks log and got 3 delTX to process.
2019-08-05 04:39:02,379 DEBUG block.SCMBlockDeletingService (SCMBlockDeletingService.java:call(171)) - Added delete block command for datanode 3f4de2de-7d09-498f-aead-42327df81d94 in the queue, number of delete block transactions: 3, TxID list: 1,2,3
2019-08-05 04:39:02,379 INFO  block.SCMBlockDeletingService (SCMBlockDeletingService.java:call(182)) - Totally added 3 delete blocks command for 1 datanodes, task elapsed time: 2ms
2019-08-05 04:39:02,386 INFO  commands.RetriableDatanodeEventWatcher (RetriableDatanodeEventWatcher.java:onTimeout(47)) - RetriableDatanodeCommand type=deleteBlocksCommand with id=1564979932959 timed out. Retrying.
2019-08-05 04:39:02,400 INFO  commands.RetriableDatanodeEventWatcher (RetriableDatanodeEventWatcher.java:onTimeout(47)) - RetriableDatanodeCommand type=deleteBlocksCommand with id=1564979932969 timed out. Retrying.
2019-08-05 04:39:02,417 INFO  commands.RetriableDatanodeEventWatcher (RetriableDatanodeEventWatcher.java:onTimeout(47)) - RetriableDatanodeCommand type=deleteBlocksCommand with id=1564979932979 timed out. Retrying.
2019-08-05 04:39:02,433 INFO  commands.RetriableDatanodeEventWatcher (RetriableDatanodeEventWatcher.java:onTimeout(47)) - RetriableDatanodeCommand type=deleteBlocksCommand with id=1564979932989 timed out. Retrying.
2019-08-05 04:39:02,438 INFO  commands.RetriableDatanodeEventWatcher (RetriableDatanodeEventWatcher.java:onTimeout(47)) - RetriableDatanodeCommand type=deleteBlocksCommand with id=1564979932930 timed out. Retrying.
2019-08-05 04:39:02,449 INFO  commands.RetriableDatanodeEventWatcher (RetriableDatanodeEventWatcher.java:onTimeout(47)) - RetriableDatanodeCommand type=deleteBlocksCommand with id=1564979932999 timed out. Retrying.
2019-08-05 04:39:02,452 INFO  commands.RetriableDatanodeEventWatcher (RetriableDatanodeEventWatcher.java:onTimeout(47)) - RetriableDatanodeCommand type=deleteBlocksCommand with id=1564979932940 timed out. Retrying.
2019-08-05 04:39:02,465 INFO  commands.RetriableDatanodeEventWatcher (RetriableDatanodeEventWatcher.java:onTimeout(47)) - RetriableDatanodeCommand type=deleteBlocksCommand with id=1564979933009 timed out. Retrying.
2019-08-05 04:39:02,471 INFO  commands.RetriableDatanodeEventWatcher (RetriableDatanodeEventWatcher.java:onTimeout(47)) - RetriableDatanodeCommand type=deleteBlocksCommand with id=1564979932950 timed out. Retrying.
2019-08-05 04:39:02,479 DEBUG block.SCMBlockDeletingService (SCMBlockDeletingService.java:call(138)) - Running DeletedBlockTransactionScanner
2019-08-05 04:39:02,480 DEBUG block.SCMBlockDeletingService (SCMBlockDeletingService.java:call(155)) - Scanned deleted blocks log and got 3 delTX to process.
2019-08-05 04:39:02,480 DEBUG block.SCMBlockDeletingService (SCMBlockDeletingService.java:call(171)) - Added delete block command for datanode 3f4de2de-7d09-498f-aead-42327df81d94 in the queue, number of delete block transactions: 3, TxID list: 1,2,3
2019-08-05 04:39:02,480 INFO  block.SCMBlockDeletingService (SCMBlockDeletingService.java:call(182)) - Totally added 3 delete blocks command for 1 datanodes, task elapsed time: 1ms
2019-08-05 04:39:02,487 INFO  commands.RetriableDatanodeEventWatcher (RetriableDatanodeEventWatcher.java:onTimeout(47)) - RetriableDatanodeCommand type=deleteBlocksCommand with id=1564979932960 timed out. Retrying.
2019-08-05 04:39:02,502 INFO  commands.RetriableDatanodeEventWatcher (RetriableDatanodeEventWatcher.java:onTimeout(47)) - RetriableDatanodeCommand type=deleteBlocksCommand with id=1564979932970 timed out. Retrying.
2019-08-05 04:39:02,518 INFO  commands.RetriableDatanodeEventWatcher (RetriableDatanodeEventWatcher.java:onTimeout(47)) - RetriableDatanodeCommand type=deleteBlocksCommand with id=1564979932980 timed out. Retrying.
2019-08-05 04:39:02,532 INFO  commands.RetriableDatanodeEventWatcher (RetriableDatanodeEventWatcher.java:onTimeout(47)) - RetriableDatanodeCommand type=deleteBlocksCommand with id=1564979932990 timed out. Retrying.
2019-08-05 04:39:02,542 INFO  commands.RetriableDatanodeEventWatcher (RetriableDatanodeEventWatcher.java:onTimeout(47)) - RetriableDatanodeCommand type=deleteBlocksCommand with id=1564979932931 timed out. Retrying.
2019-08-05 04:39:02,549 INFO  commands.RetriableDatanodeEventWatcher (RetriableDatanodeEventWatcher.java:onTimeout(47)) - RetriableDatanodeCommand type=deleteBlocksCommand with id=1564979933000 timed out. Retrying.
2019-08-05 04:39:02,557 INFO  commands.RetriableDatanodeEventWatcher (RetriableDatanodeEventWatcher.java:onTimeout(47)) - RetriableDatanodeCommand type=deleteBlocksCommand with id=1564979932941 timed out. Retrying.
2019-08-05 04:39:02,566 INFO  commands.RetriableDatanodeEventWatcher (RetriableDatanodeEventWatcher.java:onTimeout(47)) - RetriableDatanodeCommand type=deleteBlocksCommand with id=1564979933010 timed out. Retrying.
2019-08-05 04:39:02,571 INFO  commands.RetriableDatanodeEventWatcher (RetriableDatanodeEventWatcher.java:onTimeout(47)) - RetriableDatanodeCommand type=deleteBlocksCommand with id=1564979932951 timed out. Retrying.
2019-08-05 04:39:02,581 DEBUG block.SCMBlockDeletingService (SCMBlockDeletingService.java:call(138)) - Running DeletedBlockTransactionScanner
2019-08-05 04:39:02,581 DEBUG block.SCMBlockDeletingService (SCMBlockDeletingService.java:call(155)) - Scanned deleted blocks log and got 3 delTX to process.
2019-08-05 04:39:02,582 DEBUG block.SCMBlockDeletingService (SCMBlockDeletingService.java:call(171)) - Added delete block command for datanode 3f4de2de-7d09-498f-aead-42327df81d94 in the queue, number of delete block transactions: 3, TxID list: 1,2,3
2019-08-05 04:39:02,582 INFO  block.SCMBlockDeletingService (SCMBlockDeletingService.java:call(182)) - Totally added 3 delete blocks command for 1 datanodes, task elapsed time: 1ms
2019-08-05 04:39:02,588 INFO  commands.RetriableDatanodeEventWatcher (RetriableDatanodeEventWatcher.java:onTimeout(47)) - RetriableDatanodeCommand type=deleteBlocksCommand with id=1564979932961 timed out. Retrying.
2019-08-05 04:39:02,604 INFO  commands.RetriableDatanodeEventWatcher (RetriableDatanodeEventWatcher.java:onTimeout(47)) - RetriableDatanodeCommand type=deleteBlocksCommand with id=1564979932971 timed out. Retrying.
2019-08-05 04:39:02,619 INFO  commands.RetriableDatanodeEventWatcher (RetriableDatanodeEventWatcher.java:onTimeout(47)) - RetriableDatanodeCommand type=deleteBlocksCommand with id=1564979932981 timed out. Retrying.
2019-08-05 04:39:02,635 INFO  commands.RetriableDatanodeEventWatcher (RetriableDatanodeEventWatcher.java:onTimeout(47)) - RetriableDatanodeCommand type=deleteBlocksCommand with id=1564979932991 timed out. Retrying.
2019-08-05 04:39:02,645 INFO  commands.RetriableDatanodeEventWatcher (RetriableDatanodeEventWatcher.java:onTimeout(47)) - RetriableDatanodeCommand type=deleteBlocksCommand with id=1564979932932 timed out. Retrying.
2019-08-05 04:39:02,651 INFO  commands.RetriableDatanodeEventWatcher (RetriableDatanodeEventWatcher.java:onTimeout(47)) - RetriableDatanodeCommand type=deleteBlocksCommand with id=1564979933001 timed out. Retrying.
2019-08-05 04:39:02,658 INFO  commands.RetriableDatanodeEventWatcher (RetriableDatanodeEventWatcher.java:onTimeout(47)) - RetriableDatanodeCommand type=deleteBlocksCommand with id=1564979932942 timed out. Retrying.
2019-08-05 04:39:02,668 INFO  commands.RetriableDatanodeEventWatcher (RetriableDatanodeEventWatcher.java:onTimeout(47)) - RetriableDatanodeCommand type=deleteBlocksCommand with id=1564979933011 timed out. Retrying.
2019-08-05 04:39:02,682 DEBUG block.SCMBlockDeletingService (SCMBlockDeletingService.java:call(138)) - Running DeletedBlockTransactionScanner
2019-08-05 04:39:02,683 DEBUG block.SCMBlockDeletingService (SCMBlockDeletingService.java:call(155)) - Scanned deleted blocks log and got 3 delTX to process.
2019-08-05 04:39:02,683 DEBUG block.SCMBlockDeletingService (SCMBlockDeletingService.java:call(171)) - Added delete block command for datanode 3f4de2de-7d09-498f-aead-42327df81d94 in the queue, number of delete block transactions: 3, TxID list: 1,2,3
2019-08-05 04:39:02,684 INFO  block.SCMBlockDeletingService (SCMBlockDeletingService.java:call(182)) - Totally added 3 delete blocks command for 1 datanodes, task elapsed time: 1ms
2019-08-05 04:39:02,686 INFO  commands.RetriableDatanodeEventWatcher (RetriableDatanodeEventWatcher.java:onTimeout(47)) - RetriableDatanodeCommand type=deleteBlocksCommand with id=1564979932952 timed out. Retrying.
2019-08-05 04:39:02,690 INFO  commands.RetriableDatanodeEventWatcher (RetriableDatanodeEventWatcher.java:onTimeout(47)) - RetriableDatanodeCommand type=deleteBlocksCommand with id=1564979932962 timed out. Retrying.
2019-08-05 04:39:02,705 INFO  commands.RetriableDatanodeEventWatcher (RetriableDatanodeEventWatcher.java:onTimeout(47)) - RetriableDatanodeCommand type=deleteBlocksCommand with id=1564979932972 timed out. Retrying.
2019-08-05 04:39:02,723 INFO  commands.RetriableDatanodeEventWatcher (RetriableDatanodeEventWatcher.java:onTimeout(47)) - RetriableDatanodeCommand type=deleteBlocksCommand with id=1564979932982 timed out. Retrying.
2019-08-05 04:39:02,734 INFO  commands.RetriableDatanodeEventWatcher (RetriableDatanodeEventWatcher.java:onTimeout(47)) - RetriableDatanodeCommand type=deleteBlocksCommand with id=1564979932992 timed out. Retrying.
2019-08-05 04:39:02,747 INFO  commands.RetriableDatanodeEventWatcher (RetriableDatanodeEventWatcher.java:onTimeout(47)) - RetriableDatanodeCommand type=deleteBlocksCommand with id=1564979932933 timed out. Retrying.
2019-08-05 04:39:02,752 INFO  commands.RetriableDatanodeEventWatcher (RetriableDatanodeEventWatcher.java:onTimeout(47)) - RetriableDatanodeCommand type=deleteBlocksCommand with id=1564979933002 timed out. Retrying.
2019-08-05 04:39:02,763 INFO  commands.RetriableDatanodeEventWatcher (RetriableDatanodeEventWatcher.java:onTimeout(47)) - RetriableDatanodeCommand type=deleteBlocksCommand with id=1564979932943 timed out. Retrying.
2019-08-05 04:39:02,769 INFO  commands.RetriableDatanodeEventWatcher (RetriableDatanodeEventWatcher.java:onTimeout(47)) - RetriableDatanodeCommand type=deleteBlocksCommand with id=1564979933012 timed out. Retrying.
2019-08-05 04:39:02,775 INFO  commands.RetriableDatanodeEventWatcher (RetriableDatanodeEventWatcher.java:onTimeout(47)) - RetriableDatanodeCommand type=deleteBlocksCommand with id=1564979932953 timed out. Retrying.
2019-08-05 04:39:02,784 DEBUG block.SCMBlockDeletingService (SCMBlockDeletingService.java:call(138)) - Running DeletedBlockTransactionScanner
2019-08-05 04:39:02,785 DEBUG block.SCMBlockDeletingService (SCMBlockDeletingService.java:call(155)) - Scanned deleted blocks log and got 3 delTX to process.
2019-08-05 04:39:02,785 DEBUG block.SCMBlockDeletingService (SCMBlockDeletingService.java:call(171)) - Added delete block command for datanode 3f4de2de-7d09-498f-aead-42327df81d94 in the queue, number of delete block transactions: 3, TxID list: 1,2,3
2019-08-05 04:39:02,785 INFO  block.SCMBlockDeletingService (SCMBlockDeletingService.java:call(182)) - Totally added 3 delete blocks command for 1 datanodes, task elapsed time: 1ms
2019-08-05 04:39:02,791 INFO  commands.RetriableDatanodeEventWatcher (RetriableDatanodeEventWatcher.java:onTimeout(47)) - RetriableDatanodeCommand type=deleteBlocksCommand with id=1564979932963 timed out. Retrying.
2019-08-05 04:39:02,808 INFO  commands.RetriableDatanodeEventWatcher (RetriableDatanodeEventWatcher.java:onTimeout(47)) - RetriableDatanodeCommand type=deleteBlocksCommand with id=1564979932973 timed out. Retrying.
2019-08-05 04:39:02,821 INFO  commands.RetriableDatanodeEventWatcher (RetriableDatanodeEventWatcher.java:onTimeout(47)) - RetriableDatanodeCommand type=deleteBlocksCommand with id=1564979932983 timed out. Retrying.
2019-08-05 04:39:02,837 INFO  commands.RetriableDatanodeEventWatcher (RetriableDatanodeEventWatcher.java:onTimeout(47)) - RetriableDatanodeCommand type=deleteBlocksCommand with id=1564979932993 timed out. Retrying.
2019-08-05 04:39:02,848 INFO  commands.RetriableDatanodeEventWatcher (RetriableDatanodeEventWatcher.java:onTimeout(47)) - RetriableDatanodeCommand type=deleteBlocksCommand with id=1564979932934 timed out. Retrying.
2019-08-05 04:39:02,854 INFO  commands.RetriableDatanodeEventWatcher (RetriableDatanodeEventWatcher.java:onTimeout(47)) - RetriableDatanodeCommand type=deleteBlocksCommand with id=1564979933003 timed out. Retrying.
2019-08-05 04:39:02,860 INFO  commands.RetriableDatanodeEventWatcher (RetriableDatanodeEventWatcher.java:onTimeout(47)) - RetriableDatanodeCommand type=deleteBlocksCommand with id=1564979932944 timed out. Retrying.
2019-08-05 04:39:02,871 INFO  commands.RetriableDatanodeEventWatcher (RetriableDatanodeEventWatcher.java:onTimeout(47)) - RetriableDatanodeCommand type=deleteBlocksCommand with id=1564979933013 timed out. Retrying.
2019-08-05 04:39:02,877 INFO  commands.RetriableDatanodeEventWatcher (RetriableDatanodeEventWatcher.java:onTimeout(47)) - RetriableDatanodeCommand type=deleteBlocksCommand with id=1564979932954 timed out. Retrying.
2019-08-05 04:39:02,886 DEBUG block.SCMBlockDeletingService (SCMBlockDeletingService.java:call(138)) - Running DeletedBlockTransactionScanner
2019-08-05 04:39:02,886 DEBUG block.SCMBlockDeletingService (SCMBlockDeletingService.java:call(155)) - Scanned deleted blocks log and got 3 delTX to process.
2019-08-05 04:39:02,886 DEBUG block.SCMBlockDeletingService (SCMBlockDeletingService.java:call(171)) - Added delete block command for datanode 3f4de2de-7d09-498f-aead-42327df81d94 in the queue, number of delete block transactions: 3, TxID list: 1,2,3
2019-08-05 04:39:02,887 INFO  block.SCMBlockDeletingService (SCMBlockDeletingService.java:call(182)) - Totally added 3 delete blocks command for 1 datanodes, task elapsed time: 1ms
2019-08-05 04:39:02,894 INFO  commands.RetriableDatanodeEventWatcher (RetriableDatanodeEventWatcher.java:onTimeout(47)) - RetriableDatanodeCommand type=deleteBlocksCommand with id=1564979932964 timed out. Retrying.
2019-08-05 04:39:02,907 INFO  commands.RetriableDatanodeEventWatcher (RetriableDatanodeEventWatcher.java:onTimeout(47)) - RetriableDatanodeCommand type=deleteBlocksCommand with id=1564979932974 timed out. Retrying.
2019-08-05 04:39:02,918 INFO  ozone.MiniOzoneClusterImpl (MiniOzoneClusterImpl.java:lambda$waitForClusterToBeReady$0(142)) - Waiting for cluster to be ready. Got 0 of 1 DN Heartbeats.
2019-08-05 04:39:02,922 INFO  block.SCMBlockDeletingService (SCMBlockDeletingService.java:handlePendingDeletes(115)) - Block deletion txnID mismatch in datanode 3f4de2de-7d09-498f-aead-42327df81d94 for containerID 1. Datanode delete txnID: 0, SCM txnID: 1
2019-08-05 04:39:02,922 INFO  block.SCMBlockDeletingService (SCMBlockDeletingService.java:handlePendingDeletes(115)) - Block deletion txnID mismatch in datanode 3f4de2de-7d09-498f-aead-42327df81d94 for containerID 2. Datanode delete txnID: 0, SCM txnID: 2
2019-08-05 04:39:02,923 INFO  block.SCMBlockDeletingService (SCMBlockDeletingService.java:handlePendingDeletes(115)) - Block deletion txnID mismatch in datanode 3f4de2de-7d09-498f-aead-42327df81d94 for containerID 3. Datanode delete txnID: 0, SCM txnID: 3
2019-08-05 04:39:02,926 INFO  commands.RetriableDatanodeEventWatcher (RetriableDatanodeEventWatcher.java:onTimeout(47)) - RetriableDatanodeCommand type=deleteBlocksCommand with id=1564979932984 timed out. Retrying.
2019-08-05 04:39:02,931 INFO  commands.RetriableDatanodeEventWatcher (RetriableDatanodeEventWatcher.java:onTimeout(47)) - RetriableDatanodeCommand type=deleteBlocksCommand with id=1564979932925 timed out. Retrying.
2019-08-05 04:39:02,940 INFO  commands.RetriableDatanodeEventWatcher (RetriableDatanodeEventWatcher.java:onTimeout(47)) - RetriableDatanodeCommand type=deleteBlocksCommand with id=1564979932994 timed out. Retrying.
2019-08-05 04:39:02,950 INFO  commands.RetriableDatanodeEventWatcher (RetriableDatanodeEventWatcher.java:onTimeout(47)) - RetriableDatanodeCommand type=deleteBlocksCommand with id=1564979932935 timed out. Retrying.
2019-08-05 04:39:02,957 INFO  commands.RetriableDatanodeEventWatcher (RetriableDatanodeEventWatcher.java:onTimeout(47)) - RetriableDatanodeCommand type=deleteBlocksCommand with id=1564979933004 timed out. Retrying.
2019-08-05 04:39:02,964 INFO  commands.RetriableDatanodeEventWatcher (RetriableDatanodeEventWatcher.java:onTimeout(47)) - RetriableDatanodeCommand type=deleteBlocksCommand with id=1564979932945 timed out. Retrying.
2019-08-05 04:39:02,972 INFO  commands.RetriableDatanodeEventWatcher (RetriableDatanodeEventWatcher.java:onTimeout(47)) - RetriableDatanodeCommand type=deleteBlocksCommand with id=1564979933014 timed out. Retrying.
2019-08-05 04:39:02,980 INFO  commands.RetriableDatanodeEventWatcher (RetriableDatanodeEventWatcher.java:onTimeout(47)) - RetriableDatanodeCommand type=deleteBlocksCommand with id=1564979932955 timed out. Retrying.
2019-08-05 04:39:02,987 DEBUG block.SCMBlockDeletingService (SCMBlockDeletingService.java:call(138)) - Running DeletedBlockTransactionScanner
2019-08-05 04:39:02,988 DEBUG block.SCMBlockDeletingService (SCMBlockDeletingService.java:call(155)) - Scanned deleted blocks log and got 3 delTX to process.
2019-08-05 04:39:02,988 DEBUG block.SCMBlockDeletingService (SCMBlockDeletingService.java:call(171)) - Added delete block command for datanode 3f4de2de-7d09-498f-aead-42327df81d94 in the queue, number of delete block transactions: 3, TxID list: 1,2,3
2019-08-05 04:39:02,988 INFO  block.SCMBlockDeletingService (SCMBlockDeletingService.java:call(182)) - Totally added 3 delete blocks command for 1 datanodes, task elapsed time: 1ms
2019-08-05 04:39:02,996 INFO  commands.RetriableDatanodeEventWatcher (RetriableDatanodeEventWatcher.java:onTimeout(47)) - RetriableDatanodeCommand type=deleteBlocksCommand with id=1564979932965 timed out. Retrying.
2019-08-05 04:39:03,010 INFO  commands.RetriableDatanodeEventWatcher (RetriableDatanodeEventWatcher.java:onTimeout(47)) - RetriableDatanodeCommand type=deleteBlocksCommand with id=1564979932975 timed out. Retrying.
2019-08-05 04:39:03,025 INFO  commands.RetriableDatanodeEventWatcher (RetriableDatanodeEventWatcher.java:onTimeout(47)) - RetriableDatanodeCommand type=deleteBlocksCommand with id=1564979932985 timed out. Retrying.
2019-08-05 04:39:03,034 INFO  commands.RetriableDatanodeEventWatcher (RetriableDatanodeEventWatcher.java:onTimeout(47)) - RetriableDatanodeCommand type=deleteBlocksCommand with id=1564979932926 timed out. Retrying.
2019-08-05 04:39:03,041 INFO  commands.RetriableDatanodeEventWatcher (RetriableDatanodeEventWatcher.java:onTimeout(47)) - RetriableDatanodeCommand type=deleteBlocksCommand with id=1564979932995 timed out. Retrying.
2019-08-05 04:39:03,049 INFO  commands.RetriableDatanodeEventWatcher (RetriableDatanodeEventWatcher.java:onTimeout(47)) - RetriableDatanodeCommand type=deleteBlocksCommand with id=1564979932936 timed out. Retrying.
2019-08-05 04:39:03,059 INFO  commands.RetriableDatanodeEventWatcher (RetriableDatanodeEventWatcher.java:onTimeout(47)) - RetriableDatanodeCommand type=deleteBlocksCommand with id=1564979933005 timed out. Retrying.
2019-08-05 04:39:03,065 INFO  commands.RetriableDatanodeEventWatcher (RetriableDatanodeEventWatcher.java:onTimeout(47)) - RetriableDatanodeCommand type=deleteBlocksCommand with id=1564979932946 timed out. Retrying.
2019-08-05 04:39:03,075 INFO  commands.RetriableDatanodeEventWatcher (RetriableDatanodeEventWatcher.java:onTimeout(47)) - RetriableDatanodeCommand type=deleteBlocksCommand with id=1564979933015 timed out. Retrying.
2019-08-05 04:39:03,078 INFO  commands.RetriableDatanodeEventWatcher (RetriableDatanodeEventWatcher.java:onTimeout(47)) - RetriableDatanodeCommand type=deleteBlocksCommand with id=1564979932956 timed out. Retrying.
2019-08-05 04:39:03,089 DEBUG block.SCMBlockDeletingService (SCMBlockDeletingService.java:call(138)) - Running DeletedBlockTransactionScanner
2019-08-05 04:39:03,089 DEBUG block.SCMBlockDeletingService (SCMBlockDeletingService.java:call(155)) - Scanned deleted blocks log and got 3 delTX to process.
2019-08-05 04:39:03,089 DEBUG block.SCMBlockDeletingService (SCMBlockDeletingService.java:call(171)) - Added delete block command for datanode 3f4de2de-7d09-498f-aead-42327df81d94 in the queue, number of delete block transactions: 3, TxID list: 1,2,3
2019-08-05 04:39:03,090 INFO  block.SCMBlockDeletingService (SCMBlockDeletingService.java:call(182)) - Totally added 3 delete blocks command for 1 datanodes, task elapsed time: 1ms
2019-08-05 04:39:03,098 INFO  commands.RetriableDatanodeEventWatcher (RetriableDatanodeEventWatcher.java:onTimeout(47)) - RetriableDatanodeCommand type=deleteBlocksCommand with id=1564979932966 timed out. Retrying.
2019-08-05 04:39:03,110 INFO  commands.RetriableDatanodeEventWatcher (RetriableDatanodeEventWatcher.java:onTimeout(47)) - RetriableDatanodeCommand type=deleteBlocksCommand with id=1564979932976 timed out. Retrying.
2019-08-05 04:39:03,128 INFO  commands.RetriableDatanodeEventWatcher (RetriableDatanodeEventWatcher.java:onTimeout(47)) - RetriableDatanodeCommand type=deleteBlocksCommand with id=1564979932986 timed out. Retrying.
2019-08-05 04:39:03,137 INFO  commands.RetriableDatanodeEventWatcher (RetriableDatanodeEventWatcher.java:onTimeout(47)) - RetriableDatanodeCommand type=deleteBlocksCommand with id=1564979932927 timed out. Retrying.
2019-08-05 04:39:03,142 INFO  commands.RetriableDatanodeEventWatcher (RetriableDatanodeEventWatcher.java:onTimeout(47)) - RetriableDatanodeCommand type=deleteBlocksCommand with id=1564979932996 timed out. Retrying.
2019-08-05 04:39:03,152 INFO  commands.RetriableDatanodeEventWatcher (RetriableDatanodeEventWatcher.java:onTimeout(47)) - RetriableDatanodeCommand type=deleteBlocksCommand with id=1564979932937 timed out. Retrying.
2019-08-05 04:39:03,159 INFO  commands.RetriableDatanodeEventWatcher (RetriableDatanodeEventWatcher.java:onTimeout(47)) - RetriableDatanodeCommand type=deleteBlocksCommand with id=1564979933006 timed out. Retrying.
2019-08-05 04:39:03,166 INFO  commands.RetriableDatanodeEventWatcher (RetriableDatanodeEventWatcher.java:onTimeout(47)) - RetriableDatanodeCommand type=deleteBlocksCommand with id=1564979932947 timed out. Retrying.
2019-08-05 04:39:03,175 INFO  commands.RetriableDatanodeEventWatcher (RetriableDatanodeEventWatcher.java:onTimeout(47)) - RetriableDatanodeCommand type=deleteBlocksCommand with id=1564979933016 timed out. Retrying.
2019-08-05 04:39:03,185 INFO  commands.RetriableDatanodeEventWatcher (RetriableDatanodeEventWatcher.java:onTimeout(47)) - RetriableDatanodeCommand type=deleteBlocksCommand with id=1564979932957 timed out. Retrying.
2019-08-05 04:39:03,190 DEBUG block.SCMBlockDeletingService (SCMBlockDeletingService.java:call(138)) - Running DeletedBlockTransactionScanner
2019-08-05 04:39:03,191 DEBUG block.SCMBlockDeletingService (SCMBlockDeletingService.java:call(155)) - Scanned deleted blocks log and got 3 delTX to process.
2019-08-05 04:39:03,191 DEBUG block.SCMBlockDeletingService (SCMBlockDeletingService.java:call(171)) - Added delete block command for datanode 3f4de2de-7d09-498f-aead-42327df81d94 in the queue, number of delete block transactions: 3, TxID list: 1,2,3
2019-08-05 04:39:03,191 INFO  block.SCMBlockDeletingService (SCMBlockDeletingService.java:call(182)) - Totally added 3 delete blocks command for 1 datanodes, task elapsed time: 1ms
2019-08-05 04:39:03,196 INFO  commands.RetriableDatanodeEventWatcher (RetriableDatanodeEventWatcher.java:onTimeout(47)) - RetriableDatanodeCommand type=deleteBlocksCommand with id=1564979932967 timed out. Retrying.
2019-08-05 04:39:03,214 INFO  commands.RetriableDatanodeEventWatcher (RetriableDatanodeEventWatcher.java:onTimeout(47)) - RetriableDatanodeCommand type=deleteBlocksCommand with id=1564979932977 timed out. Retrying.
2019-08-05 04:39:03,229 INFO  commands.RetriableDatanodeEventWatcher (RetriableDatanodeEventWatcher.java:onTimeout(47)) - RetriableDatanodeCommand type=deleteBlocksCommand with id=1564979932987 timed out. Retrying.
2019-08-05 04:39:03,236 INFO  commands.RetriableDatanodeEventWatcher (RetriableDatanodeEventWatcher.java:onTimeout(47)) - RetriableDatanodeCommand type=deleteBlocksCommand with id=1564979932928 timed out. Retrying.
2019-08-05 04:39:03,246 INFO  commands.RetriableDatanodeEventWatcher (RetriableDatanodeEventWatcher.java:onTimeout(47)) - RetriableDatanodeCommand type=deleteBlocksCommand with id=1564979932997 timed out. Retrying.
2019-08-05 04:39:03,250 INFO  commands.RetriableDatanodeEventWatcher (RetriableDatanodeEventWatcher.java:onTimeout(47)) - RetriableDatanodeCommand type=deleteBlocksCommand with id=1564979932938 timed out. Retrying.
2019-08-05 04:39:03,263 INFO  commands.RetriableDatanodeEventWatcher (RetriableDatanodeEventWatcher.java:onTimeout(47)) - RetriableDatanodeCommand type=deleteBlocksCommand with id=1564979933007 timed out. Retrying.
2019-08-05 04:39:03,269 INFO  commands.RetriableDatanodeEventWatcher (RetriableDatanodeEventWatcher.java:onTimeout(47)) - RetriableDatanodeCommand type=deleteBlocksCommand with id=1564979932948 timed out. Retrying.
2019-08-05 04:39:03,278 INFO  commands.RetriableDatanodeEventWatcher (RetriableDatanodeEventWatcher.java:onTimeout(47)) - RetriableDatanodeCommand type=deleteBlocksCommand with id=1564979933017 timed out. Retrying.
2019-08-05 04:39:03,282 INFO  commands.RetriableDatanodeEventWatcher (RetriableDatanodeEventWatcher.java:onTimeout(47)) - RetriableDatanodeCommand type=deleteBlocksCommand with id=1564979932958 timed out. Retrying.
2019-08-05 04:39:03,292 DEBUG block.SCMBlockDeletingService (SCMBlockDeletingService.java:call(138)) - Running DeletedBlockTransactionScanner
2019-08-05 04:39:03,292 DEBUG block.SCMBlockDeletingService (SCMBlockDeletingService.java:call(155)) - Scanned deleted blocks log and got 3 delTX to process.
2019-08-05 04:39:03,292 DEBUG block.SCMBlockDeletingService (SCMBlockDeletingService.java:call(171)) - Added delete block command for datanode 3f4de2de-7d09-498f-aead-42327df81d94 in the queue, number of delete block transactions: 3, TxID list: 1,2,3
2019-08-05 04:39:03,293 INFO  block.SCMBlockDeletingService (SCMBlockDeletingService.java:call(182)) - Totally added 3 delete blocks command for 1 datanodes, task elapsed time: 1ms
2019-08-05 04:39:03,303 INFO  commands.RetriableDatanodeEventWatcher (RetriableDatanodeEventWatcher.java:onTimeout(47)) - RetriableDatanodeCommand type=deleteBlocksCommand with id=1564979932968 timed out. Retrying.
2019-08-05 04:39:03,315 INFO  commands.RetriableDatanodeEventWatcher (RetriableDatanodeEventWatcher.java:onTimeout(47)) - RetriableDatanodeCommand type=deleteBlocksCommand with id=1564979932978 timed out. Retrying.
2019-08-05 04:39:03,328 INFO  commands.RetriableDatanodeEventWatcher (RetriableDatanodeEventWatcher.java:onTimeout(47)) - RetriableDatanodeCommand type=deleteBlocksCommand with id=1564979932988 timed out. Retrying.
2019-08-05 04:39:03,340 INFO  commands.RetriableDatanodeEventWatcher (RetriableDatanodeEventWatcher.java:onTimeout(47)) - RetriableDatanodeCommand type=deleteBlocksCommand with id=1564979932929 timed out. Retrying.
2019-08-05 04:39:03,345 INFO  commands.RetriableDatanodeEventWatcher (RetriableDatanodeEventWatcher.java:onTimeout(47)) - RetriableDatanodeCommand type=deleteBlocksCommand with id=1564979932998 timed out. Retrying.
2019-08-05 04:39:03,356 INFO  commands.RetriableDatanodeEventWatcher (RetriableDatanodeEventWatcher.java:onTimeout(47)) - RetriableDatanodeCommand type=deleteBlocksCommand with id=1564979932939 timed out. Retrying.
2019-08-05 04:39:03,363 INFO  commands.RetriableDatanodeEventWatcher (RetriableDatanodeEventWatcher.java:onTimeout(47)) - RetriableDatanodeCommand type=deleteBlocksCommand with id=1564979933008 timed out. Retrying.
2019-08-05 04:39:03,369 INFO  commands.RetriableDatanodeEventWatcher (RetriableDatanodeEventWatcher.java:onTimeout(47)) - RetriableDatanodeCommand type=deleteBlocksCommand with id=1564979932949 timed out. Retrying.
2019-08-05 04:39:03,379 INFO  commands.RetriableDatanodeEventWatcher (RetriableDatanodeEventWatcher.java:onTimeout(47)) - RetriableDatanodeCommand type=deleteBlocksCommand with id=1564979933018 timed out. Retrying.
2019-08-05 04:39:03,386 INFO  commands.RetriableDatanodeEventWatcher (RetriableDatanodeEventWatcher.java:onTimeout(47)) - RetriableDatanodeCommand type=deleteBlocksCommand with id=1564979932959 timed out. Retrying.
2019-08-05 04:39:03,393 DEBUG block.SCMBlockDeletingService (SCMBlockDeletingService.java:call(138)) - Running DeletedBlockTransactionScanner
2019-08-05 04:39:03,394 DEBUG block.SCMBlockDeletingService (SCMBlockDeletingService.java:call(155)) - Scanned deleted blocks log and got 3 delTX to process.
2019-08-05 04:39:03,394 DEBUG block.SCMBlockDeletingService (SCMBlockDeletingService.java:call(171)) - Added delete block command for datanode 3f4de2de-7d09-498f-aead-42327df81d94 in the queue, number of delete block transactions: 3, TxID list: 1,2,3
2019-08-05 04:39:03,394 INFO  block.SCMBlockDeletingService (SCMBlockDeletingService.java:call(182)) - Totally added 3 delete blocks command for 1 datanodes, task elapsed time: 1ms
2019-08-05 04:39:03,399 INFO  commands.RetriableDatanodeEventWatcher (RetriableDatanodeEventWatcher.java:onTimeout(47)) - RetriableDatanodeCommand type=deleteBlocksCommand with id=1564979932969 timed out. Retrying.
2019-08-05 04:39:03,418 INFO  commands.RetriableDatanodeEventWatcher (RetriableDatanodeEventWatcher.java:onTimeout(47)) - RetriableDatanodeCommand type=deleteBlocksCommand with id=1564979932979 timed out. Retrying.
2019-08-05 04:39:03,433 INFO  commands.RetriableDatanodeEventWatcher (RetriableDatanodeEventWatcher.java:onTimeout(47)) - RetriableDatanodeCommand type=deleteBlocksCommand with id=1564979932989 timed out. Retrying.
2019-08-05 04:39:03,439 INFO  commands.RetriableDatanodeEventWatcher (RetriableDatanodeEventWatcher.java:onTimeout(47)) - RetriableDatanodeCommand type=deleteBlocksCommand with id=1564979932930 timed out. Retrying.
2019-08-05 04:39:03,450 INFO  commands.RetriableDatanodeEventWatcher (RetriableDatanodeEventWatcher.java:onTimeout(47)) - RetriableDatanodeCommand type=deleteBlocksCommand with id=1564979932999 timed out. Retrying.
2019-08-05 04:39:03,452 INFO  commands.RetriableDatanodeEventWatcher (RetriableDatanodeEventWatcher.java:onTimeout(47)) - RetriableDatanodeCommand type=deleteBlocksCommand with id=1564979932940 timed out. Retrying.
2019-08-05 04:39:03,466 INFO  commands.RetriableDatanodeEventWatcher (RetriableDatanodeEventWatcher.java:onTimeout(47)) - RetriableDatanodeCommand type=deleteBlocksCommand with id=1564979933009 timed out. Retrying.
2019-08-05 04:39:03,470 INFO  commands.RetriableDatanodeEventWatcher (RetriableDatanodeEventWatcher.java:onTimeout(47)) - RetriableDatanodeCommand type=deleteBlocksCommand with id=1564979932950 timed out. Retrying.
2019-08-05 04:39:03,481 INFO  commands.RetriableDatanodeEventWatcher (RetriableDatanodeEventWatcher.java:onTimeout(47)) - RetriableDatanodeCommand type=deleteBlocksCommand with id=1564979933019 timed out. Retrying.
2019-08-05 04:39:03,488 INFO  commands.RetriableDatanodeEventWatcher (RetriableDatanodeEventWatcher.java:onTimeout(47)) - RetriableDatanodeCommand type=deleteBlocksCommand with id=1564979932960 timed out. Retrying.
2019-08-05 04:39:03,495 DEBUG block.SCMBlockDeletingService (SCMBlockDeletingService.java:call(138)) - Running DeletedBlockTransactionScanner
2019-08-05 04:39:03,495 DEBUG block.SCMBlockDeletingService (SCMBlockDeletingService.java:call(155)) - Scanned deleted blocks log and got 3 delTX to process.
2019-08-05 04:39:03,496 DEBUG block.SCMBlockDeletingService (SCMBlockDeletingService.java:call(171)) - Added delete block command for datanode 3f4de2de-7d09-498f-aead-42327df81d94 in the queue, number of delete block transactions: 3, TxID list: 1,2,3
2019-08-05 04:39:03,496 INFO  block.SCMBlockDeletingService (SCMBlockDeletingService.java:call(182)) - Totally added 3 delete blocks command for 1 datanodes, task elapsed time: 1ms
2019-08-05 04:39:03,503 INFO  commands.RetriableDatanodeEventWatcher (RetriableDatanodeEventWatcher.java:onTimeout(47)) - RetriableDatanodeCommand type=deleteBlocksCommand with id=1564979932970 timed out. Retrying.
2019-08-05 04:39:03,519 INFO  commands.RetriableDatanodeEventWatcher (RetriableDatanodeEventWatcher.java:onTimeout(47)) - RetriableDatanodeCommand type=deleteBlocksCommand with id=1564979932980 timed out. Retrying.
2019-08-05 04:39:03,532 INFO  commands.RetriableDatanodeEventWatcher (RetriableDatanodeEventWatcher.java:onTimeout(47)) - RetriableDatanodeCommand type=deleteBlocksCommand with id=1564979932990 timed out. Retrying.
2019-08-05 04:39:03,543 INFO  commands.RetriableDatanodeEventWatcher (RetriableDatanodeEventWatcher.java:onTimeout(47)) - RetriableDatanodeCommand type=deleteBlocksCommand with id=1564979932931 timed out. Retrying.
2019-08-05 04:39:03,548 INFO  commands.RetriableDatanodeEventWatcher (RetriableDatanodeEventWatcher.java:onTimeout(47)) - RetriableDatanodeCommand type=deleteBlocksCommand with id=1564979933000 timed out. Retrying.
2019-08-05 04:39:03,558 INFO  commands.RetriableDatanodeEventWatcher (RetriableDatanodeEventWatcher.java:onTimeout(47)) - RetriableDatanodeCommand type=deleteBlocksCommand with id=1564979932941 timed out. Retrying.
2019-08-05 04:39:03,566 INFO  commands.RetriableDatanodeEventWatcher (RetriableDatanodeEventWatcher.java:onTimeout(47)) - RetriableDatanodeCommand type=deleteBlocksCommand with id=1564979933010 timed out. Retrying.
2019-08-05 04:39:03,572 INFO  commands.RetriableDatanodeEventWatcher (RetriableDatanodeEventWatcher.java:onTimeout(47)) - RetriableDatanodeCommand type=deleteBlocksCommand with id=1564979932951 timed out. Retrying.
2019-08-05 04:39:03,582 INFO  commands.RetriableDatanodeEventWatcher (RetriableDatanodeEventWatcher.java:onTimeout(47)) - RetriableDatanodeCommand type=deleteBlocksCommand with id=1564979933020 timed out. Retrying.
2019-08-05 04:39:03,588 INFO  commands.RetriableDatanodeEventWatcher (RetriableDatanodeEventWatcher.java:onTimeout(47)) - RetriableDatanodeCommand type=deleteBlocksCommand with id=1564979932961 timed out. Retrying.
2019-08-05 04:39:03,597 DEBUG block.SCMBlockDeletingService (SCMBlockDeletingService.java:call(138)) - Running DeletedBlockTransactionScanner
2019-08-05 04:39:03,597 DEBUG block.SCMBlockDeletingService (SCMBlockDeletingService.java:call(155)) - Scanned deleted blocks log and got 3 delTX to process.
2019-08-05 04:39:03,597 DEBUG block.SCMBlockDeletingService (SCMBlockDeletingService.java:call(171)) - Added delete block command for datanode 3f4de2de-7d09-498f-aead-42327df81d94 in the queue, number of delete block transactions: 3, TxID list: 1,2,3
2019-08-05 04:39:03,598 INFO  block.SCMBlockDeletingService (SCMBlockDeletingService.java:call(182)) - Totally added 3 delete blocks command for 1 datanodes, task elapsed time: 1ms
2019-08-05 04:39:03,605 INFO  commands.RetriableDatanodeEventWatcher (RetriableDatanodeEventWatcher.java:onTimeout(47)) - RetriableDatanodeCommand type=deleteBlocksCommand with id=1564979932971 timed out. Retrying.
2019-08-05 04:39:03,619 INFO  commands.RetriableDatanodeEventWatcher (RetriableDatanodeEventWatcher.java:onTimeout(47)) - RetriableDatanodeCommand type=deleteBlocksCommand with id=1564979932981 timed out. Retrying.
2019-08-05 04:39:03,636 INFO  commands.RetriableDatanodeEventWatcher (RetriableDatanodeEventWatcher.java:onTimeout(47)) - RetriableDatanodeCommand type=deleteBlocksCommand with id=1564979932991 timed out. Retrying.
2019-08-05 04:39:03,645 INFO  commands.RetriableDatanodeEventWatcher (RetriableDatanodeEventWatcher.java:onTimeout(47)) - RetriableDatanodeCommand type=deleteBlocksCommand with id=1564979932932 timed out. Retrying.
2019-08-05 04:39:03,652 INFO  commands.RetriableDatanodeEventWatcher (RetriableDatanodeEventWatcher.java:onTimeout(47)) - RetriableDatanodeCommand type=deleteBlocksCommand with id=1564979933001 timed out. Retrying.
2019-08-05 04:39:03,658 INFO  commands.RetriableDatanodeEventWatcher (RetriableDatanodeEventWatcher.java:onTimeout(47)) - RetriableDatanodeCommand type=deleteBlocksCommand with id=1564979932942 timed out. Retrying.
2019-08-05 04:39:03,669 INFO  commands.RetriableDatanodeEventWatcher (RetriableDatanodeEventWatcher.java:onTimeout(47)) - RetriableDatanodeCommand type=deleteBlocksCommand with id=1564979933011 timed out. Retrying.
2019-08-05 04:39:03,683 INFO  commands.RetriableDatanodeEventWatcher (RetriableDatanodeEventWatcher.java:onTimeout(47)) - RetriableDatanodeCommand type=deleteBlocksCommand with id=1564979933021 timed out. Retrying.
2019-08-05 04:39:03,687 INFO  commands.RetriableDatanodeEventWatcher (RetriableDatanodeEventWatcher.java:onTimeout(47)) - RetriableDatanodeCommand type=deleteBlocksCommand with id=1564979932952 timed out. Retrying.
2019-08-05 04:39:03,690 INFO  commands.RetriableDatanodeEventWatcher (RetriableDatanodeEventWatcher.java:onTimeout(47)) - RetriableDatanodeCommand type=deleteBlocksCommand with id=1564979932962 timed out. Retrying.
2019-08-05 04:39:03,698 DEBUG block.SCMBlockDeletingService (SCMBlockDeletingService.java:call(138)) - Running DeletedBlockTransactionScanner
2019-08-05 04:39:03,699 DEBUG block.SCMBlockDeletingService (SCMBlockDeletingService.java:call(155)) - Scanned deleted blocks log and got 3 delTX to process.
2019-08-05 04:39:03,699 DEBUG block.SCMBlockDeletingService (SCMBlockDeletingService.java:call(171)) - Added delete block command for datanode 3f4de2de-7d09-498f-aead-42327df81d94 in the queue, number of delete block transactions: 3, TxID list: 1,2,3
2019-08-05 04:39:03,699 INFO  block.SCMBlockDeletingService (SCMBlockDeletingService.java:call(182)) - Totally added 3 delete blocks command for 1 datanodes, task elapsed time: 1ms
2019-08-05 04:39:03,705 INFO  commands.RetriableDatanodeEventWatcher (RetriableDatanodeEventWatcher.java:onTimeout(47)) - RetriableDatanodeCommand type=deleteBlocksCommand with id=1564979932972 timed out. Retrying.
2019-08-05 04:39:03,723 INFO  commands.RetriableDatanodeEventWatcher (RetriableDatanodeEventWatcher.java:onTimeout(47)) - RetriableDatanodeCommand type=deleteBlocksCommand with id=1564979932982 timed out. Retrying.
2019-08-05 04:39:03,734 INFO  commands.RetriableDatanodeEventWatcher (RetriableDatanodeEventWatcher.java:onTimeout(47)) - RetriableDatanodeCommand type=deleteBlocksCommand with id=1564979932992 timed out. Retrying.
2019-08-05 04:39:03,748 INFO  commands.RetriableDatanodeEventWatcher (RetriableDatanodeEventWatcher.java:onTimeout(47)) - RetriableDatanodeCommand type=deleteBlocksCommand with id=1564979932933 timed out. Retrying.
2019-08-05 04:39:03,752 INFO  commands.RetriableDatanodeEventWatcher (RetriableDatanodeEventWatcher.java:onTimeout(47)) - RetriableDatanodeCommand type=deleteBlocksCommand with id=1564979933002 timed out. Retrying.
2019-08-05 04:39:03,764 INFO  commands.RetriableDatanodeEventWatcher (RetriableDatanodeEventWatcher.java:onTimeout(47)) - RetriableDatanodeCommand type=deleteBlocksCommand with id=1564979932943 timed out. Retrying.
2019-08-05 04:39:03,769 INFO  commands.RetriableDatanodeEventWatcher (RetriableDatanodeEventWatcher.java:onTimeout(47)) - RetriableDatanodeCommand type=deleteBlocksCommand with id=1564979933012 timed out. Retrying.
2019-08-05 04:39:03,776 INFO  commands.RetriableDatanodeEventWatcher (RetriableDatanodeEventWatcher.java:onTimeout(47)) - RetriableDatanodeCommand type=deleteBlocksCommand with id=1564979932953 timed out. Retrying.
2019-08-05 04:39:03,784 INFO  commands.RetriableDatanodeEventWatcher (RetriableDatanodeEventWatcher.java:onTimeout(47)) - RetriableDatanodeCommand type=deleteBlocksCommand with id=1564979933022 timed out. Retrying.
2019-08-05 04:39:03,792 INFO  commands.RetriableDatanodeEventWatcher (RetriableDatanodeEventWatcher.java:onTimeout(47)) - RetriableDatanodeCommand type=deleteBlocksCommand with id=1564979932963 timed out. Retrying.
2019-08-05 04:39:03,800 DEBUG block.SCMBlockDeletingService (SCMBlockDeletingService.java:call(138)) - Running DeletedBlockTransactionScanner
2019-08-05 04:39:03,800 DEBUG block.SCMBlockDeletingService (SCMBlockDeletingService.java:call(155)) - Scanned deleted blocks log and got 3 delTX to process.
2019-08-05 04:39:03,800 DEBUG block.SCMBlockDeletingService (SCMBlockDeletingService.java:call(171)) - Added delete block command for datanode 3f4de2de-7d09-498f-aead-42327df81d94 in the queue, number of delete block transactions: 3, TxID list: 1,2,3
2019-08-05 04:39:03,801 INFO  block.SCMBlockDeletingService (SCMBlockDeletingService.java:call(182)) - Totally added 3 delete blocks command for 1 datanodes, task elapsed time: 2ms
2019-08-05 04:39:03,809 INFO  commands.RetriableDatanodeEventWatcher (RetriableDatanodeEventWatcher.java:onTimeout(47)) - RetriableDatanodeCommand type=deleteBlocksCommand with id=1564979932973 timed out. Retrying.
2019-08-05 04:39:03,821 INFO  commands.RetriableDatanodeEventWatcher (RetriableDatanodeEventWatcher.java:onTimeout(47)) - RetriableDatanodeCommand type=deleteBlocksCommand with id=1564979932983 timed out. Retrying.
2019-08-05 04:39:03,838 INFO  commands.RetriableDatanodeEventWatcher (RetriableDatanodeEventWatcher.java:onTimeout(47)) - RetriableDatanodeCommand type=deleteBlocksCommand with id=1564979932993 timed out. Retrying.
2019-08-05 04:39:03,848 INFO  commands.RetriableDatanodeEventWatcher (RetriableDatanodeEventWatcher.java:onTimeout(47)) - RetriableDatanodeCommand type=deleteBlocksCommand with id=1564979932934 timed out. Retrying.
2019-08-05 04:39:03,855 INFO  commands.RetriableDatanodeEventWatcher (RetriableDatanodeEventWatcher.java:onTimeout(47)) - RetriableDatanodeCommand type=deleteBlocksCommand with id=1564979933003 timed out. Retrying.
2019-08-05 04:39:03,859 INFO  commands.RetriableDatanodeEventWatcher (RetriableDatanodeEventWatcher.java:onTimeout(47)) - RetriableDatanodeCommand type=deleteBlocksCommand with id=1564979932944 timed out. Retrying.
2019-08-05 04:39:03,872 INFO  commands.RetriableDatanodeEventWatcher (RetriableDatanodeEventWatcher.java:onTimeout(47)) - RetriableDatanodeCommand type=deleteBlocksCommand with id=1564979933013 timed out. Retrying.
2019-08-05 04:39:03,877 INFO  commands.RetriableDatanodeEventWatcher (RetriableDatanodeEventWatcher.java:onTimeout(47)) - RetriableDatanodeCommand type=deleteBlocksCommand with id=1564979932954 timed out. Retrying.
2019-08-05 04:39:03,887 INFO  commands.RetriableDatanodeEventWatcher (RetriableDatanodeEventWatcher.java:onTimeout(47)) - RetriableDatanodeCommand type=deleteBlocksCommand with id=1564979933023 timed out. Retrying.
2019-08-05 04:39:03,894 INFO  commands.RetriableDatanodeEventWatcher (RetriableDatanodeEventWatcher.java:onTimeout(47)) - RetriableDatanodeCommand type=deleteBlocksCommand with id=1564979932964 timed out. Retrying.
2019-08-05 04:39:03,901 DEBUG block.SCMBlockDeletingService (SCMBlockDeletingService.java:call(138)) - Running DeletedBlockTransactionScanner
2019-08-05 04:39:03,902 DEBUG block.SCMBlockDeletingService (SCMBlockDeletingService.java:call(155)) - Scanned deleted blocks log and got 3 delTX to process.
2019-08-05 04:39:03,902 DEBUG block.SCMBlockDeletingService (SCMBlockDeletingService.java:call(171)) - Added delete block command for datanode 3f4de2de-7d09-498f-aead-42327df81d94 in the queue, number of delete block transactions: 3, TxID list: 1,2,3
2019-08-05 04:39:03,903 INFO  block.SCMBlockDeletingService (SCMBlockDeletingService.java:call(182)) - Totally added 3 delete blocks command for 1 datanodes, task elapsed time: 1ms
2019-08-05 04:39:03,907 INFO  commands.RetriableDatanodeEventWatcher (RetriableDatanodeEventWatcher.java:onTimeout(47)) - RetriableDatanodeCommand type=deleteBlocksCommand with id=1564979932974 timed out. Retrying.
2019-08-05 04:39:03,919 INFO  ozone.MiniOzoneClusterImpl (MiniOzoneClusterImpl.java:lambda$waitForClusterToBeReady$0(142)) - Waiting for cluster to be ready. Got 0 of 1 DN Heartbeats.
2019-08-05 04:39:03,927 INFO  commands.RetriableDatanodeEventWatcher (RetriableDatanodeEventWatcher.java:onTimeout(47)) - RetriableDatanodeCommand type=deleteBlocksCommand with id=1564979932984 timed out. Retrying.
2019-08-05 04:39:03,931 INFO  commands.RetriableDatanodeEventWatcher (RetriableDatanodeEventWatcher.java:onTimeout(47)) - RetriableDatanodeCommand type=deleteBlocksCommand with id=1564979932925 timed out. Retrying.
2019-08-05 04:39:03,941 INFO  commands.RetriableDatanodeEventWatcher (RetriableDatanodeEventWatcher.java:onTimeout(47)) - RetriableDatanodeCommand type=deleteBlocksCommand with id=1564979932994 timed out. Retrying.
2019-08-05 04:39:03,950 INFO  commands.RetriableDatanodeEventWatcher (RetriableDatanodeEventWatcher.java:onTimeout(47)) - RetriableDatanodeCommand type=deleteBlocksCommand with id=1564979932935 timed out. Retrying.
2019-08-05 04:39:03,958 INFO  commands.RetriableDatanodeEventWatcher (RetriableDatanodeEventWatcher.java:onTimeout(47)) - RetriableDatanodeCommand type=deleteBlocksCommand with id=1564979933004 timed out. Retrying.
2019-08-05 04:39:03,964 INFO  commands.RetriableDatanodeEventWatcher (RetriableDatanodeEventWatcher.java:onTimeout(47)) - RetriableDatanodeCommand type=deleteBlocksCommand with id=1564979932945 timed out. Retrying.
2019-08-05 04:39:03,973 INFO  commands.RetriableDatanodeEventWatcher (RetriableDatanodeEventWatcher.java:onTimeout(47)) - RetriableDatanodeCommand type=deleteBlocksCommand with id=1564979933014 timed out. Retrying.
2019-08-05 04:39:03,980 INFO  commands.RetriableDatanodeEventWatcher (RetriableDatanodeEventWatcher.java:onTimeout(47)) - RetriableDatanodeCommand type=deleteBlocksCommand with id=1564979932955 timed out. Retrying.
2019-08-05 04:39:03,989 INFO  commands.RetriableDatanodeEventWatcher (RetriableDatanodeEventWatcher.java:onTimeout(47)) - RetriableDatanodeCommand type=deleteBlocksCommand with id=1564979933024 timed out. Retrying.
2019-08-05 04:39:03,996 INFO  commands.RetriableDatanodeEventWatcher (RetriableDatanodeEventWatcher.java:onTimeout(47)) - RetriableDatanodeCommand type=deleteBlocksCommand with id=1564979932965 timed out. Retrying.
2019-08-05 04:39:04,003 DEBUG block.SCMBlockDeletingService (SCMBlockDeletingService.java:call(138)) - Running DeletedBlockTransactionScanner
2019-08-05 04:39:04,003 DEBUG block.SCMBlockDeletingService (SCMBlockDeletingService.java:call(155)) - Scanned deleted blocks log and got 3 delTX to process.
2019-08-05 04:39:04,004 DEBUG block.SCMBlockDeletingService (SCMBlockDeletingService.java:call(171)) - Added delete block command for datanode 3f4de2de-7d09-498f-aead-42327df81d94 in the queue, number of delete block transactions: 3, TxID list: 1,2,3
2019-08-05 04:39:04,004 INFO  block.SCMBlockDeletingService (SCMBlockDeletingService.java:call(182)) - Totally added 3 delete blocks command for 1 datanodes, task elapsed time: 1ms
2019-08-05 04:39:04,011 INFO  commands.RetriableDatanodeEventWatcher (RetriableDatanodeEventWatcher.java:onTimeout(47)) - RetriableDatanodeCommand type=deleteBlocksCommand with id=1564979932975 timed out. Retrying.
2019-08-05 04:39:04,025 INFO  commands.RetriableDatanodeEventWatcher (RetriableDatanodeEventWatcher.java:onTimeout(47)) - RetriableDatanodeCommand type=deleteBlocksCommand with id=1564979932985 timed out. Retrying.
2019-08-05 04:39:04,035 INFO  commands.RetriableDatanodeEventWatcher (RetriableDatanodeEventWatcher.java:onTimeout(47)) - RetriableDatanodeCommand type=deleteBlocksCommand with id=1564979932926 timed out. Retrying.
2019-08-05 04:39:04,041 INFO  commands.RetriableDatanodeEventWatcher (RetriableDatanodeEventWatcher.java:onTimeout(47)) - RetriableDatanodeCommand type=deleteBlocksCommand with id=1564979932995 timed out. Retrying.
2019-08-05 04:39:04,050 INFO  commands.RetriableDatanodeEventWatcher (RetriableDatanodeEventWatcher.java:onTimeout(47)) - RetriableDatanodeCommand type=deleteBlocksCommand with id=1564979932936 timed out. Retrying.
2019-08-05 04:39:04,059 INFO  commands.RetriableDatanodeEventWatcher (RetriableDatanodeEventWatcher.java:onTimeout(47)) - RetriableDatanodeCommand type=deleteBlocksCommand with id=1564979933005 timed out. Retrying.
2019-08-05 04:39:04,066 INFO  commands.RetriableDatanodeEventWatcher (RetriableDatanodeEventWatcher.java:onTimeout(47)) - RetriableDatanodeCommand type=deleteBlocksCommand with id=1564979932946 timed out. Retrying.
2019-08-05 04:39:04,075 INFO  commands.RetriableDatanodeEventWatcher (RetriableDatanodeEventWatcher.java:onTimeout(47)) - RetriableDatanodeCommand type=deleteBlocksCommand with id=1564979933015 timed out. Retrying.
2019-08-05 04:39:04,079 INFO  commands.RetriableDatanodeEventWatcher (RetriableDatanodeEventWatcher.java:onTimeout(47)) - RetriableDatanodeCommand type=deleteBlocksCommand with id=1564979932956 timed out. Retrying.
2019-08-05 04:39:04,089 INFO  commands.RetriableDatanodeEventWatcher (RetriableDatanodeEventWatcher.java:onTimeout(47)) - RetriableDatanodeCommand type=deleteBlocksCommand with id=1564979933025 timed out. Retrying.
2019-08-05 04:39:04,099 INFO  commands.RetriableDatanodeEventWatcher (RetriableDatanodeEventWatcher.java:onTimeout(47)) - RetriableDatanodeCommand type=deleteBlocksCommand with id=1564979932966 timed out. Retrying.
2019-08-05 04:39:04,104 DEBUG block.SCMBlockDeletingService (SCMBlockDeletingService.java:call(138)) - Running DeletedBlockTransactionScanner
2019-08-05 04:39:04,105 DEBUG block.SCMBlockDeletingService (SCMBlockDeletingService.java:call(155)) - Scanned deleted blocks log and got 3 delTX to process.
2019-08-05 04:39:04,105 DEBUG block.SCMBlockDeletingService (SCMBlockDeletingService.java:call(171)) - Added delete block command for datanode 3f4de2de-7d09-498f-aead-42327df81d94 in the queue, number of delete block transactions: 3, TxID list: 1,2,3
2019-08-05 04:39:04,105 INFO  block.SCMBlockDeletingService (SCMBlockDeletingService.java:call(182)) - Totally added 3 delete blocks command for 1 datanodes, task elapsed time: 1ms
2019-08-05 04:39:04,110 INFO  commands.RetriableDatanodeEventWatcher (RetriableDatanodeEventWatcher.java:onTimeout(47)) - RetriableDatanodeCommand type=deleteBlocksCommand with id=1564979932976 timed out. Retrying.
2019-08-05 04:39:04,129 INFO  commands.RetriableDatanodeEventWatcher (RetriableDatanodeEventWatcher.java:onTimeout(47)) - RetriableDatanodeCommand type=deleteBlocksCommand with id=1564979932986 timed out. Retrying.
2019-08-05 04:39:04,136 INFO  commands.RetriableDatanodeEventWatcher (RetriableDatanodeEventWatcher.java:onTimeout(47)) - RetriableDatanodeCommand type=deleteBlocksCommand with id=1564979932927 timed out. Retrying.
2019-08-05 04:39:04,143 INFO  commands.RetriableDatanodeEventWatcher (RetriableDatanodeEventWatcher.java:onTimeout(47)) - RetriableDatanodeCommand type=deleteBlocksCommand with id=1564979932996 timed out. Retrying.
2019-08-05 04:39:04,152 INFO  commands.RetriableDatanodeEventWatcher (RetriableDatanodeEventWatcher.java:onTimeout(47)) - RetriableDatanodeCommand type=deleteBlocksCommand with id=1564979932937 timed out. Retrying.
2019-08-05 04:39:04,160 INFO  commands.RetriableDatanodeEventWatcher (RetriableDatanodeEventWatcher.java:onTimeout(47)) - RetriableDatanodeCommand type=deleteBlocksCommand with id=1564979933006 timed out. Retrying.
2019-08-05 04:39:04,166 INFO  commands.RetriableDatanodeEventWatcher (RetriableDatanodeEventWatcher.java:onTimeout(47)) - RetriableDatanodeCommand type=deleteBlocksCommand with id=1564979932947 timed out. Retrying.
2019-08-05 04:39:04,176 INFO  commands.RetriableDatanodeEventWatcher (RetriableDatanodeEventWatcher.java:onTimeout(47)) - RetriableDatanodeCommand type=deleteBlocksCommand with id=1564979933016 timed out. Retrying.
2019-08-05 04:39:04,185 INFO  commands.RetriableDatanodeEventWatcher (RetriableDatanodeEventWatcher.java:onTimeout(47)) - RetriableDatanodeCommand type=deleteBlocksCommand with id=1564979932957 timed out. Retrying.
2019-08-05 04:39:04,192 INFO  commands.RetriableDatanodeEventWatcher (RetriableDatanodeEventWatcher.java:onTimeout(47)) - RetriableDatanodeCommand type=deleteBlocksCommand with id=1564979933026 timed out. Retrying.
2019-08-05 04:39:04,196 INFO  commands.RetriableDatanodeEventWatcher (RetriableDatanodeEventWatcher.java:onTimeout(47)) - RetriableDatanodeCommand type=deleteBlocksCommand with id=1564979932967 timed out. Retrying.
2019-08-05 04:39:04,206 DEBUG block.SCMBlockDeletingService (SCMBlockDeletingService.java:call(138)) - Running DeletedBlockTransactionScanner
2019-08-05 04:39:04,206 DEBUG block.SCMBlockDeletingService (SCMBlockDeletingService.java:call(155)) - Scanned deleted blocks log and got 3 delTX to process.
2019-08-05 04:39:04,207 DEBUG block.SCMBlockDeletingService (SCMBlockDeletingService.java:call(171)) - Added delete block command for datanode 3f4de2de-7d09-498f-aead-42327df81d94 in the queue, number of delete block transactions: 3, TxID list: 1,2,3
2019-08-05 04:39:04,207 INFO  block.SCMBlockDeletingService (SCMBlockDeletingService.java:call(182)) - Totally added 3 delete blocks command for 1 datanodes, task elapsed time: 1ms
2019-08-05 04:39:04,215 INFO  commands.RetriableDatanodeEventWatcher (RetriableDatanodeEventWatcher.java:onTimeout(47)) - RetriableDatanodeCommand type=deleteBlocksCommand with id=1564979932977 timed out. Retrying.
2019-08-05 04:39:04,228 INFO  commands.RetriableDatanodeEventWatcher (RetriableDatanodeEventWatcher.java:onTimeout(47)) - RetriableDatanodeCommand type=deleteBlocksCommand with id=1564979932987 timed out. Retrying.
2019-08-05 04:39:04,237 INFO  commands.RetriableDatanodeEventWatcher (RetriableDatanodeEventWatcher.java:onTimeout(47)) - RetriableDatanodeCommand type=deleteBlocksCommand with id=1564979932928 timed out. Retrying.
2019-08-05 04:39:04,246 INFO  commands.RetriableDatanodeEventWatcher (RetriableDatanodeEventWatcher.java:onTimeout(47)) - RetriableDatanodeCommand type=deleteBlocksCommand with id=1564979932997 timed out. Retrying.
2019-08-05 04:39:04,251 INFO  commands.RetriableDatanodeEventWatcher (RetriableDatanodeEventWatcher.java:onTimeout(47)) - RetriableDatanodeCommand type=deleteBlocksCommand with id=1564979932938 timed out. Retrying.
2019-08-05 04:39:04,264 INFO  commands.RetriableDatanodeEventWatcher (RetriableDatanodeEventWatcher.java:onTimeout(47)) - RetriableDatanodeCommand type=deleteBlocksCommand with id=1564979933007 timed out. Retrying.
2019-08-05 04:39:04,270 INFO  commands.RetriableDatanodeEventWatcher (RetriableDatanodeEventWatcher.java:onTimeout(47)) - RetriableDatanodeCommand type=deleteBlocksCommand with id=1564979932948 timed out. Retrying.
2019-08-05 04:39:04,278 INFO  commands.RetriableDatanodeEventWatcher (RetriableDatanodeEventWatcher.java:onTimeout(47)) - RetriableDatanodeCommand type=deleteBlocksCommand with id=1564979933017 timed out. Retrying.
2019-08-05 04:39:04,283 INFO  commands.RetriableDatanodeEventWatcher (RetriableDatanodeEventWatcher.java:onTimeout(47)) - RetriableDatanodeCommand type=deleteBlocksCommand with id=1564979932958 timed out. Retrying.
2019-08-05 04:39:04,292 INFO  commands.RetriableDatanodeEventWatcher (RetriableDatanodeEventWatcher.java:onTimeout(47)) - RetriableDatanodeCommand type=deleteBlocksCommand with id=1564979933027 timed out. Retrying.
2019-08-05 04:39:04,304 INFO  commands.RetriableDatanodeEventWatcher (RetriableDatanodeEventWatcher.java:onTimeout(47)) - RetriableDatanodeCommand type=deleteBlocksCommand with id=1564979932968 timed out. Retrying.
2019-08-05 04:39:04,307 DEBUG block.SCMBlockDeletingService (SCMBlockDeletingService.java:call(138)) - Running DeletedBlockTransactionScanner
2019-08-05 04:39:04,308 DEBUG block.SCMBlockDeletingService (SCMBlockDeletingService.java:call(155)) - Scanned deleted blocks log and got 3 delTX to process.
2019-08-05 04:39:04,308 DEBUG block.SCMBlockDeletingService (SCMBlockDeletingService.java:call(171)) - Added delete block command for datanode 3f4de2de-7d09-498f-aead-42327df81d94 in the queue, number of delete block transactions: 3, TxID list: 1,2,3
2019-08-05 04:39:04,309 INFO  block.SCMBlockDeletingService (SCMBlockDeletingService.java:call(182)) - Totally added 3 delete blocks command for 1 datanodes, task elapsed time: 2ms
2019-08-05 04:39:04,314 INFO  commands.RetriableDatanodeEventWatcher (RetriableDatanodeEventWatcher.java:onTimeout(47)) - RetriableDatanodeCommand type=deleteBlocksCommand with id=1564979932978 timed out. Retrying.
2019-08-05 04:39:04,329 INFO  commands.RetriableDatanodeEventWatcher (RetriableDatanodeEventWatcher.java:onTimeout(47)) - RetriableDatanodeCommand type=deleteBlocksCommand with id=1564979932988 timed out. Retrying.
2019-08-05 04:39:04,341 INFO  commands.RetriableDatanodeEventWatcher (RetriableDatanodeEventWatcher.java:onTimeout(47)) - RetriableDatanodeCommand type=deleteBlocksCommand with id=1564979932929 timed out. Retrying.
2019-08-05 04:39:04,345 INFO  commands.RetriableDatanodeEventWatcher (RetriableDatanodeEventWatcher.java:onTimeout(47)) - RetriableDatanodeCommand type=deleteBlocksCommand with id=1564979932998 timed out. Retrying.
2019-08-05 04:39:04,356 INFO  commands.RetriableDatanodeEventWatcher (RetriableDatanodeEventWatcher.java:onTimeout(47)) - RetriableDatanodeCommand type=deleteBlocksCommand with id=1564979932939 timed out. Retrying.
2019-08-05 04:39:04,364 INFO  commands.RetriableDatanodeEventWatcher (RetriableDatanodeEventWatcher.java:onTimeout(47)) - RetriableDatanodeCommand type=deleteBlocksCommand with id=1564979933008 timed out. Retrying.
2019-08-05 04:39:04,369 INFO  commands.RetriableDatanodeEventWatcher (RetriableDatanodeEventWatcher.java:onTimeout(47)) - RetriableDatanodeCommand type=deleteBlocksCommand with id=1564979932949 timed out. Retrying.
2019-08-05 04:39:04,379 INFO  commands.RetriableDatanodeEventWatcher (RetriableDatanodeEventWatcher.java:onTimeout(47)) - RetriableDatanodeCommand type=deleteBlocksCommand with id=1564979933018 timed out. Retrying.
2019-08-05 04:39:04,386 INFO  commands.RetriableDatanodeEventWatcher (RetriableDatanodeEventWatcher.java:onTimeout(47)) - RetriableDatanodeCommand type=deleteBlocksCommand with id=1564979932959 timed out. Retrying.
2019-08-05 04:39:04,395 INFO  commands.RetriableDatanodeEventWatcher (RetriableDatanodeEventWatcher.java:onTimeout(47)) - RetriableDatanodeCommand type=deleteBlocksCommand with id=1564979933028 timed out. Retrying.
2019-08-05 04:39:04,399 INFO  commands.RetriableDatanodeEventWatcher (RetriableDatanodeEventWatcher.java:onTimeout(47)) - RetriableDatanodeCommand type=deleteBlocksCommand with id=1564979932969 timed out. Retrying.
2019-08-05 04:39:04,409 DEBUG block.SCMBlockDeletingService (SCMBlockDeletingService.java:call(138)) - Running DeletedBlockTransactionScanner
2019-08-05 04:39:04,410 DEBUG block.SCMBlockDeletingService (SCMBlockDeletingService.java:call(155)) - Scanned deleted blocks log and got 3 delTX to process.
2019-08-05 04:39:04,410 DEBUG block.SCMBlockDeletingService (SCMBlockDeletingService.java:call(171)) - Added delete block command for datanode 3f4de2de-7d09-498f-aead-42327df81d94 in the queue, number of delete block transactions: 3, TxID list: 1,2,3
2019-08-05 04:39:04,410 INFO  block.SCMBlockDeletingService (SCMBlockDeletingService.java:call(182)) - Totally added 3 delete blocks command for 1 datanodes, task elapsed time: 1ms
2019-08-05 04:39:04,418 INFO  commands.RetriableDatanodeEventWatcher (RetriableDatanodeEventWatcher.java:onTimeout(47)) - RetriableDatanodeCommand type=deleteBlocksCommand with id=1564979932979 timed out. Retrying.
2019-08-05 04:39:04,434 INFO  commands.RetriableDatanodeEventWatcher (RetriableDatanodeEventWatcher.java:onTimeout(47)) - RetriableDatanodeCommand type=deleteBlocksCommand with id=1564979932989 timed out. Retrying.
2019-08-05 04:39:04,440 INFO  commands.RetriableDatanodeEventWatcher (RetriableDatanodeEventWatcher.java:onTimeout(47)) - RetriableDatanodeCommand type=deleteBlocksCommand with id=1564979932930 timed out. Retrying.
2019-08-05 04:39:04,450 INFO  commands.RetriableDatanodeEventWatcher (RetriableDatanodeEventWatcher.java:onTimeout(47)) - RetriableDatanodeCommand type=deleteBlocksCommand with id=1564979932999 timed out. Retrying.
2019-08-05 04:39:04,453 INFO  commands.RetriableDatanodeEventWatcher (RetriableDatanodeEventWatcher.java:onTimeout(47)) - RetriableDatanodeCommand type=deleteBlocksCommand with id=1564979932940 timed out. Retrying.
2019-08-05 04:39:04,466 INFO  commands.RetriableDatanodeEventWatcher (RetriableDatanodeEventWatcher.java:onTimeout(47)) - RetriableDatanodeCommand type=deleteBlocksCommand with id=1564979933009 timed out. Retrying.
2019-08-05 04:39:04,471 INFO  commands.RetriableDatanodeEventWatcher (RetriableDatanodeEventWatcher.java:onTimeout(47)) - RetriableDatanodeCommand type=deleteBlocksCommand with id=1564979932950 timed out. Retrying.
2019-08-05 04:39:04,481 INFO  commands.RetriableDatanodeEventWatcher (RetriableDatanodeEventWatcher.java:onTimeout(47)) - RetriableDatanodeCommand type=deleteBlocksCommand with id=1564979933019 timed out. Retrying.
2019-08-05 04:39:04,488 INFO  commands.RetriableDatanodeEventWatcher (RetriableDatanodeEventWatcher.java:onTimeout(47)) - RetriableDatanodeCommand type=deleteBlocksCommand with id=1564979932960 timed out. Retrying.
2019-08-05 04:39:04,496 INFO  commands.RetriableDatanodeEventWatcher (RetriableDatanodeEventWatcher.java:onTimeout(47)) - RetriableDatanodeCommand type=deleteBlocksCommand with id=1564979933029 timed out. Retrying.
2019-08-05 04:39:04,503 INFO  commands.RetriableDatanodeEventWatcher (RetriableDatanodeEventWatcher.java:onTimeout(47)) - RetriableDatanodeCommand type=deleteBlocksCommand with id=1564979932970 timed out. Retrying.
2019-08-05 04:39:04,511 DEBUG block.SCMBlockDeletingService (SCMBlockDeletingService.java:call(138)) - Running DeletedBlockTransactionScanner
2019-08-05 04:39:04,511 DEBUG block.SCMBlockDeletingService (SCMBlockDeletingService.java:call(155)) - Scanned deleted blocks log and got 3 delTX to process.
2019-08-05 04:39:04,512 DEBUG block.SCMBlockDeletingService (SCMBlockDeletingService.java:call(171)) - Added delete block command for datanode 3f4de2de-7d09-498f-aead-42327df81d94 in the queue, number of delete block transactions: 3, TxID list: 1,2,3
2019-08-05 04:39:04,512 INFO  block.SCMBlockDeletingService (SCMBlockDeletingService.java:call(182)) - Totally added 3 delete blocks command for 1 datanodes, task elapsed time: 2ms
2019-08-05 04:39:04,519 INFO  commands.RetriableDatanodeEventWatcher (RetriableDatanodeEventWatcher.java:onTimeout(47)) - RetriableDatanodeCommand type=deleteBlocksCommand with id=1564979932980 timed out. Retrying.
2019-08-05 04:39:04,532 INFO  commands.RetriableDatanodeEventWatcher (RetriableDatanodeEventWatcher.java:onTimeout(47)) - RetriableDatanodeCommand type=deleteBlocksCommand with id=1564979932990 timed out. Retrying.
2019-08-05 04:39:04,544 INFO  commands.RetriableDatanodeEventWatcher (RetriableDatanodeEventWatcher.java:onTimeout(47)) - RetriableDatanodeCommand type=deleteBlocksCommand with id=1564979932931 timed out. Retrying.
2019-08-05 04:39:04,549 INFO  commands.RetriableDatanodeEventWatcher (RetriableDatanodeEventWatcher.java:onTimeout(47)) - RetriableDatanodeCommand type=deleteBlocksCommand with id=1564979933000 timed out. Retrying.
2019-08-05 04:39:04,558 INFO  commands.RetriableDatanodeEventWatcher (RetriableDatanodeEventWatcher.java:onTimeout(47)) - RetriableDatanodeCommand type=deleteBlocksCommand with id=1564979932941 timed out. Retrying.
2019-08-05 04:39:04,567 INFO  commands.RetriableDatanodeEventWatcher (RetriableDatanodeEventWatcher.java:onTimeout(47)) - RetriableDatanodeCommand type=deleteBlocksCommand with id=1564979933010 timed out. Retrying.
2019-08-05 04:39:04,572 INFO  commands.RetriableDatanodeEventWatcher (RetriableDatanodeEventWatcher.java:onTimeout(47)) - RetriableDatanodeCommand type=deleteBlocksCommand with id=1564979932951 timed out. Retrying.
2019-08-05 04:39:04,582 INFO  commands.RetriableDatanodeEventWatcher (RetriableDatanodeEventWatcher.java:onTimeout(47)) - RetriableDatanodeCommand type=deleteBlocksCommand with id=1564979933020 timed out. Retrying.
2019-08-05 04:39:04,588 INFO  commands.RetriableDatanodeEventWatcher (RetriableDatanodeEventWatcher.java:onTimeout(47)) - RetriableDatanodeCommand type=deleteBlocksCommand with id=1564979932961 timed out. Retrying.
2019-08-05 04:39:04,597 INFO  commands.RetriableDatanodeEventWatcher (RetriableDatanodeEventWatcher.java:onTimeout(47)) - RetriableDatanodeCommand type=deleteBlocksCommand with id=1564979933030 timed out. Retrying.
2019-08-05 04:39:04,605 INFO  commands.RetriableDatanodeEventWatcher (RetriableDatanodeEventWatcher.java:onTimeout(47)) - RetriableDatanodeCommand type=deleteBlocksCommand with id=1564979932971 timed out. Retrying.
2019-08-05 04:39:04,613 DEBUG block.SCMBlockDeletingService (SCMBlockDeletingService.java:call(138)) - Running DeletedBlockTransactionScanner
2019-08-05 04:39:04,613 DEBUG block.SCMBlockDeletingService (SCMBlockDeletingService.java:call(155)) - Scanned deleted blocks log and got 3 delTX to process.
2019-08-05 04:39:04,613 DEBUG block.SCMBlockDeletingService (SCMBlockDeletingService.java:call(171)) - Added delete block command for datanode 3f4de2de-7d09-498f-aead-42327df81d94 in the queue, number of delete block transactions: 3, TxID list: 1,2,3
2019-08-05 04:39:04,614 INFO  block.SCMBlockDeletingService (SCMBlockDeletingService.java:call(182)) - Totally added 3 delete blocks command for 1 datanodes, task elapsed time: 1ms
2019-08-05 04:39:04,619 INFO  commands.RetriableDatanodeEventWatcher (RetriableDatanodeEventWatcher.java:onTimeout(47)) - RetriableDatanodeCommand type=deleteBlocksCommand with id=1564979932981 timed out. Retrying.
2019-08-05 04:39:04,637 INFO  commands.RetriableDatanodeEventWatcher (RetriableDatanodeEventWatcher.java:onTimeout(47)) - RetriableDatanodeCommand type=deleteBlocksCommand with id=1564979932991 timed out. Retrying.
2019-08-05 04:39:04,645 INFO  commands.RetriableDatanodeEventWatcher (RetriableDatanodeEventWatcher.java:onTimeout(47)) - RetriableDatanodeCommand type=deleteBlocksCommand with id=1564979932932 timed out. Retrying.
2019-08-05 04:39:04,653 INFO  commands.RetriableDatanodeEventWatcher (RetriableDatanodeEventWatcher.java:onTimeout(47)) - RetriableDatanodeCommand type=deleteBlocksCommand with id=1564979933001 timed out. Retrying.
2019-08-05 04:39:04,659 INFO  commands.RetriableDatanodeEventWatcher (RetriableDatanodeEventWatcher.java:onTimeout(47)) - RetriableDatanodeCommand type=deleteBlocksCommand with id=1564979932942 timed out. Retrying.
2019-08-05 04:39:04,669 INFO  commands.RetriableDatanodeEventWatcher (RetriableDatanodeEventWatcher.java:onTimeout(47)) - RetriableDatanodeCommand type=deleteBlocksCommand with id=1564979933011 timed out. Retrying.
2019-08-05 04:39:04,684 INFO  commands.RetriableDatanodeEventWatcher (RetriableDatanodeEventWatcher.java:onTimeout(47)) - RetriableDatanodeCommand type=deleteBlocksCommand with id=1564979933021 timed out. Retrying.
2019-08-05 04:39:04,687 INFO  commands.RetriableDatanodeEventWatcher (RetriableDatanodeEventWatcher.java:onTimeout(47)) - RetriableDatanodeCommand type=deleteBlocksCommand with id=1564979932952 timed out. Retrying.
2019-08-05 04:39:04,691 INFO  commands.RetriableDatanodeEventWatcher (RetriableDatanodeEventWatcher.java:onTimeout(47)) - RetriableDatanodeCommand type=deleteBlocksCommand with id=1564979932962 timed out. Retrying.
2019-08-05 04:39:04,699 INFO  commands.RetriableDatanodeEventWatcher (RetriableDatanodeEventWatcher.java:onTimeout(47)) - RetriableDatanodeCommand type=deleteBlocksCommand with id=1564979933031 timed out. Retrying.
2019-08-05 04:39:04,705 INFO  commands.RetriableDatanodeEventWatcher (RetriableDatanodeEventWatcher.java:onTimeout(47)) - RetriableDatanodeCommand type=deleteBlocksCommand with id=1564979932972 timed out. Retrying.
2019-08-05 04:39:04,714 DEBUG block.SCMBlockDeletingService (SCMBlockDeletingService.java:call(138)) - Running DeletedBlockTransactionScanner
2019-08-05 04:39:04,714 DEBUG block.SCMBlockDeletingService (SCMBlockDeletingService.java:call(155)) - Scanned deleted blocks log and got 3 delTX to process.
2019-08-05 04:39:04,715 DEBUG block.SCMBlockDeletingService (SCMBlockDeletingService.java:call(171)) - Added delete block command for datanode 3f4de2de-7d09-498f-aead-42327df81d94 in the queue, number of delete block transactions: 3, TxID list: 1,2,3
2019-08-05 04:39:04,715 INFO  block.SCMBlockDeletingService (SCMBlockDeletingService.java:call(182)) - Totally added 3 delete blocks command for 1 datanodes, task elapsed time: 1ms
2019-08-05 04:39:04,724 INFO  commands.RetriableDatanodeEventWatcher (RetriableDatanodeEventWatcher.java:onTimeout(47)) - RetriableDatanodeCommand type=deleteBlocksCommand with id=1564979932982 timed out. Retrying.
2019-08-05 04:39:04,734 INFO  commands.RetriableDatanodeEventWatcher (RetriableDatanodeEventWatcher.java:onTimeout(47)) - RetriableDatanodeCommand type=deleteBlocksCommand with id=1564979932992 timed out. Retrying.
2019-08-05 04:39:04,748 INFO  commands.RetriableDatanodeEventWatcher (RetriableDatanodeEventWatcher.java:onTimeout(47)) - RetriableDatanodeCommand type=deleteBlocksCommand with id=1564979932933 timed out. Retrying.
2019-08-05 04:39:04,753 INFO  commands.RetriableDatanodeEventWatcher (RetriableDatanodeEventWatcher.java:onTimeout(47)) - RetriableDatanodeCommand type=deleteBlocksCommand with id=1564979933002 timed out. Retrying.
2019-08-05 04:39:04,763 INFO  commands.RetriableDatanodeEventWatcher (RetriableDatanodeEventWatcher.java:onTimeout(47)) - RetriableDatanodeCommand type=deleteBlocksCommand with id=1564979932943 timed out. Retrying.
2019-08-05 04:39:04,770 INFO  commands.RetriableDatanodeEventWatcher (RetriableDatanodeEventWatcher.java:onTimeout(47)) - RetriableDatanodeCommand type=deleteBlocksCommand with id=1564979933012 timed out. Retrying.
2019-08-05 04:39:04,776 INFO  commands.RetriableDatanodeEventWatcher (RetriableDatanodeEventWatcher.java:onTimeout(47)) - RetriableDatanodeCommand type=deleteBlocksCommand with id=1564979932953 timed out. Retrying.
2019-08-05 04:39:04,784 INFO  commands.RetriableDatanodeEventWatcher (RetriableDatanodeEventWatcher.java:onTimeout(47)) - RetriableDatanodeCommand type=deleteBlocksCommand with id=1564979933022 timed out. Retrying.
2019-08-05 04:39:04,792 INFO  commands.RetriableDatanodeEventWatcher (RetriableDatanodeEventWatcher.java:onTimeout(47)) - RetriableDatanodeCommand type=deleteBlocksCommand with id=1564979932963 timed out. Retrying.
2019-08-05 04:39:04,800 INFO  commands.RetriableDatanodeEventWatcher (RetriableDatanodeEventWatcher.java:onTimeout(47)) - RetriableDatanodeCommand type=deleteBlocksCommand with id=1564979933032 timed out. Retrying.
2019-08-05 04:39:04,810 INFO  commands.RetriableDatanodeEventWatcher (RetriableDatanodeEventWatcher.java:onTimeout(47)) - RetriableDatanodeCommand type=deleteBlocksCommand with id=1564979932973 timed out. Retrying.
2019-08-05 04:39:04,815 DEBUG block.SCMBlockDeletingService (SCMBlockDeletingService.java:call(138)) - Running DeletedBlockTransactionScanner
2019-08-05 04:39:04,816 DEBUG block.SCMBlockDeletingService (SCMBlockDeletingService.java:call(155)) - Scanned deleted blocks log and got 3 delTX to process.
2019-08-05 04:39:04,816 DEBUG block.SCMBlockDeletingService (SCMBlockDeletingService.java:call(171)) - Added delete block command for datanode 3f4de2de-7d09-498f-aead-42327df81d94 in the queue, number of delete block transactions: 3, TxID list: 1,2,3
2019-08-05 04:39:04,816 INFO  block.SCMBlockDeletingService (SCMBlockDeletingService.java:call(182)) - Totally added 3 delete blocks command for 1 datanodes, task elapsed time: 1ms
2019-08-05 04:39:04,821 INFO  commands.RetriableDatanodeEventWatcher (RetriableDatanodeEventWatcher.java:onTimeout(47)) - RetriableDatanodeCommand type=deleteBlocksCommand with id=1564979932983 timed out. Retrying.
2019-08-05 04:39:04,839 INFO  commands.RetriableDatanodeEventWatcher (RetriableDatanodeEventWatcher.java:onTimeout(47)) - RetriableDatanodeCommand type=deleteBlocksCommand with id=1564979932993 timed out. Retrying.
2019-08-05 04:39:04,848 INFO  commands.RetriableDatanodeEventWatcher (RetriableDatanodeEventWatcher.java:onTimeout(47)) - RetriableDatanodeCommand type=deleteBlocksCommand with id=1564979932934 timed out. Retrying.
2019-08-05 04:39:04,856 INFO  commands.RetriableDatanodeEventWatcher (RetriableDatanodeEventWatcher.java:onTimeout(47)) - RetriableDatanodeCommand type=deleteBlocksCommand with id=1564979933003 timed out. Retrying.
2019-08-05 04:39:04,859 INFO  commands.RetriableDatanodeEventWatcher (RetriableDatanodeEventWatcher.java:onTimeout(47)) - RetriableDatanodeCommand type=deleteBlocksCommand with id=1564979932944 timed out. Retrying.
2019-08-05 04:39:04,873 INFO  commands.RetriableDatanodeEventWatcher (RetriableDatanodeEventWatcher.java:onTimeout(47)) - RetriableDatanodeCommand type=deleteBlocksCommand with id=1564979933013 timed out. Retrying.
2019-08-05 04:39:04,877 INFO  commands.RetriableDatanodeEventWatcher (RetriableDatanodeEventWatcher.java:onTimeout(47)) - RetriableDatanodeCommand type=deleteBlocksCommand with id=1564979932954 timed out. Retrying.
2019-08-05 04:39:04,888 INFO  commands.RetriableDatanodeEventWatcher (RetriableDatanodeEventWatcher.java:onTimeout(47)) - RetriableDatanodeCommand type=deleteBlocksCommand with id=1564979933023 timed out. Retrying.
2019-08-05 04:39:04,894 INFO  commands.RetriableDatanodeEventWatcher (RetriableDatanodeEventWatcher.java:onTimeout(47)) - RetriableDatanodeCommand type=deleteBlocksCommand with id=1564979932964 timed out. Retrying.
2019-08-05 04:39:04,903 INFO  commands.RetriableDatanodeEventWatcher (RetriableDatanodeEventWatcher.java:onTimeout(47)) - RetriableDatanodeCommand type=deleteBlocksCommand with id=1564979933033 timed out. Retrying.
2019-08-05 04:39:04,907 INFO  commands.RetriableDatanodeEventWatcher (RetriableDatanodeEventWatcher.java:onTimeout(47)) - RetriableDatanodeCommand type=deleteBlocksCommand with id=1564979932974 timed out. Retrying.
2019-08-05 04:39:04,916 DEBUG block.SCMBlockDeletingService (SCMBlockDeletingService.java:call(138)) - Running DeletedBlockTransactionScanner
2019-08-05 04:39:04,917 DEBUG block.SCMBlockDeletingService (SCMBlockDeletingService.java:call(155)) - Scanned deleted blocks log and got 3 delTX to process.
2019-08-05 04:39:04,917 DEBUG block.SCMBlockDeletingService (SCMBlockDeletingService.java:call(171)) - Added delete block command for datanode 3f4de2de-7d09-498f-aead-42327df81d94 in the queue, number of delete block transactions: 3, TxID list: 1,2,3
2019-08-05 04:39:04,918 INFO  block.SCMBlockDeletingService (SCMBlockDeletingService.java:call(182)) - Totally added 3 delete blocks command for 1 datanodes, task elapsed time: 1ms
2019-08-05 04:39:04,919 INFO  ozone.MiniOzoneClusterImpl (MiniOzoneClusterImpl.java:lambda$waitForClusterToBeReady$0(142)) - Waiting for cluster to be ready. Got 0 of 1 DN Heartbeats.
2019-08-05 04:39:04,919 INFO  block.SCMBlockDeletingService (SCMBlockDeletingService.java:handlePendingDeletes(115)) - Block deletion txnID mismatch in datanode 3f4de2de-7d09-498f-aead-42327df81d94 for containerID 1. Datanode delete txnID: 0, SCM txnID: 1
2019-08-05 04:39:04,920 INFO  block.SCMBlockDeletingService (SCMBlockDeletingService.java:handlePendingDeletes(115)) - Block deletion txnID mismatch in datanode 3f4de2de-7d09-498f-aead-42327df81d94 for containerID 2. Datanode delete txnID: 0, SCM txnID: 2
2019-08-05 04:39:04,920 INFO  block.SCMBlockDeletingService (SCMBlockDeletingService.java:handlePendingDeletes(115)) - Block deletion txnID mismatch in datanode 3f4de2de-7d09-498f-aead-42327df81d94 for containerID 3. Datanode delete txnID: 0, SCM txnID: 3
2019-08-05 04:39:04,927 INFO  commands.RetriableDatanodeEventWatcher (RetriableDatanodeEventWatcher.java:onTimeout(47)) - RetriableDatanodeCommand type=deleteBlocksCommand with id=1564979932984 timed out. Retrying.
2019-08-05 04:39:04,932 INFO  commands.RetriableDatanodeEventWatcher (RetriableDatanodeEventWatcher.java:onTimeout(47)) - RetriableDatanodeCommand type=deleteBlocksCommand with id=1564979932925 timed out. Retrying.
2019-08-05 04:39:04,942 INFO  commands.RetriableDatanodeEventWatcher (RetriableDatanodeEventWatcher.java:onTimeout(47)) - RetriableDatanodeCommand type=deleteBlocksCommand with id=1564979932994 timed out. Retrying.
2019-08-05 04:39:04,951 INFO  commands.RetriableDatanodeEventWatcher (RetriableDatanodeEventWatcher.java:onTimeout(47)) - RetriableDatanodeCommand type=deleteBlocksCommand with id=1564979932935 timed out. Retrying.
2019-08-05 04:39:04,959 INFO  commands.RetriableDatanodeEventWatcher (RetriableDatanodeEventWatcher.java:onTimeout(47)) - RetriableDatanodeCommand type=deleteBlocksCommand with id=1564979933004 timed out. Retrying.
2019-08-05 04:39:04,964 INFO  commands.RetriableDatanodeEventWatcher (RetriableDatanodeEventWatcher.java:onTimeout(47)) - RetriableDatanodeCommand type=deleteBlocksCommand with id=1564979932945 timed out. Retrying.
2019-08-05 04:39:04,974 INFO  commands.RetriableDatanodeEventWatcher (RetriableDatanodeEventWatcher.java:onTimeout(47)) - RetriableDatanodeCommand type=deleteBlocksCommand with id=1564979933014 timed out. Retrying.
2019-08-05 04:39:04,980 INFO  commands.RetriableDatanodeEventWatcher (RetriableDatanodeEventWatcher.java:onTimeout(47)) - RetriableDatanodeCommand type=deleteBlocksCommand with id=1564979932955 timed out. Retrying.
2019-08-05 04:39:04,990 INFO  commands.RetriableDatanodeEventWatcher (RetriableDatanodeEventWatcher.java:onTimeout(47)) - RetriableDatanodeCommand type=deleteBlocksCommand with id=1564979933024 timed out. Retrying.
2019-08-05 04:39:04,996 INFO  commands.RetriableDatanodeEventWatcher (RetriableDatanodeEventWatcher.java:onTimeout(47)) - RetriableDatanodeCommand type=deleteBlocksCommand with id=1564979932965 timed out. Retrying.
2019-08-05 04:39:05,004 INFO  commands.RetriableDatanodeEventWatcher (RetriableDatanodeEventWatcher.java:onTimeout(47)) - RetriableDatanodeCommand type=deleteBlocksCommand with id=1564979933034 timed out. Retrying.
2019-08-05 04:39:05,008 INFO  impl.RaftServerProxy (RaftServerProxy.java:addNew(89)) - 3f4de2de-7d09-498f-aead-42327df81d94: addNew group-EDC2723D9CBD:[3f4de2de-7d09-498f-aead-42327df81d94:192.168.157.247:41860] returns group-EDC2723D9CBD:java.util.concurrent.CompletableFuture@38d0378[Not completed]
2019-08-05 04:39:05,011 INFO  commands.RetriableDatanodeEventWatcher (RaftServerImpl.java:<init>(93)) - 3f4de2de-7d09-498f-aead-42327df81d94: new RaftServerImpl for group-EDC2723D9CBD:[3f4de2de-7d09-498f-aead-42327df81d94:192.168.157.247:41860] with ContainerStateMachine:uninitialized
2019-08-05 04:39:05,011 INFO  commands.RetriableDatanodeEventWatcher (RetriableDatanodeEventWatcher.java:onTimeout(47)) - RetriableDatanodeCommand type=deleteBlocksCommand with id=1564979932975 timed out. Retrying.
2019-08-05 04:39:05,011 INFO  server.RaftServerConfigKeys (ConfUtils.java:logGet(43)) - raft.server.rpc.timeout.min = 5s (custom)
2019-08-05 04:39:05,011 INFO  server.RaftServerConfigKeys (ConfUtils.java:logGet(43)) - raft.server.rpc.timeout.max = 5200ms (custom)
2019-08-05 04:39:05,012 INFO  server.RaftServerConfigKeys (ConfUtils.java:logGet(43)) - raft.server.rpcslowness.timeout = 120s (custom)
2019-08-05 04:39:05,012 INFO  server.RaftServerConfigKeys (ConfUtils.java:logGet(43)) - raft.server.sleep.deviation.threshold = 300 (default)
2019-08-05 04:39:05,012 INFO  server.RaftServerConfigKeys (ConfUtils.java:logGet(43)) - raft.server.log.appender.install.snapshot.enabled = false (custom)
2019-08-05 04:39:05,012 INFO  impl.RaftServerImpl (ServerState.java:<init>(105)) - 3f4de2de-7d09-498f-aead-42327df81d94:group-EDC2723D9CBD ConfigurationManager, init=-1: [3f4de2de-7d09-498f-aead-42327df81d94:192.168.157.247:41860], old=null, confs=<EMPTY_MAP>
2019-08-05 04:39:05,012 INFO  server.RaftServerConfigKeys (ConfUtils.java:logGet(43)) - raft.server.storage.dir = [/workdir/hadoop-ozone/integration-test/target/test-dir/MiniOzoneClusterImpl-af67ccff-b14d-4344-aca9-2553e8e333a6/datanode-0/data/ratis] (custom)
2019-08-05 04:39:05,013 INFO  storage.RaftStorageDirectory (RaftStorageDirectory.java:analyzeStorage(246)) - The storage directory /workdir/hadoop-ozone/integration-test/target/test-dir/MiniOzoneClusterImpl-af67ccff-b14d-4344-aca9-2553e8e333a6/datanode-0/data/ratis/72c5429b-3af8-4779-809f-edc2723d9cbd does not exist. Creating ...
2019-08-05 04:39:05,018 DEBUG block.SCMBlockDeletingService (SCMBlockDeletingService.java:call(138)) - Running DeletedBlockTransactionScanner
2019-08-05 04:39:05,019 DEBUG block.SCMBlockDeletingService (SCMBlockDeletingService.java:call(155)) - Scanned deleted blocks log and got 3 delTX to process.
2019-08-05 04:39:05,019 DEBUG block.SCMBlockDeletingService (SCMBlockDeletingService.java:call(171)) - Added delete block command for datanode 3f4de2de-7d09-498f-aead-42327df81d94 in the queue, number of delete block transactions: 3, TxID list: 1,2,3
2019-08-05 04:39:05,019 INFO  block.SCMBlockDeletingService (SCMBlockDeletingService.java:call(182)) - Totally added 3 delete blocks command for 1 datanodes, task elapsed time: 1ms
2019-08-05 04:39:05,025 INFO  commands.RetriableDatanodeEventWatcher (RetriableDatanodeEventWatcher.java:onTimeout(47)) - RetriableDatanodeCommand type=deleteBlocksCommand with id=1564979932985 timed out. Retrying.
2019-08-05 04:39:05,027 INFO  storage.RaftStorageDirectory (RaftStorageDirectory.java:tryLock(328)) - Lock on /workdir/hadoop-ozone/integration-test/target/test-dir/MiniOzoneClusterImpl-af67ccff-b14d-4344-aca9-2553e8e333a6/datanode-0/data/ratis/72c5429b-3af8-4779-809f-edc2723d9cbd/in_use.lock acquired by nodename 31478@byscane-nightly-228d8-4024241517
2019-08-05 04:39:05,035 INFO  commands.RetriableDatanodeEventWatcher (RetriableDatanodeEventWatcher.java:onTimeout(47)) - RetriableDatanodeCommand type=deleteBlocksCommand with id=1564979932926 timed out. Retrying.
2019-08-05 04:39:05,042 INFO  commands.RetriableDatanodeEventWatcher (RaftStorage.java:format(72)) - Storage directory /workdir/hadoop-ozone/integration-test/target/test-dir/MiniOzoneClusterImpl-af67ccff-b14d-4344-aca9-2553e8e333a6/datanode-0/data/ratis/72c5429b-3af8-4779-809f-edc2723d9cbd has been successfully formatted.
2019-08-05 04:39:05,042 INFO  commands.RetriableDatanodeEventWatcher (RetriableDatanodeEventWatcher.java:onTimeout(47)) - RetriableDatanodeCommand type=deleteBlocksCommand with id=1564979932995 timed out. Retrying.
2019-08-05 04:39:05,043 INFO  ratis.ContainerStateMachine (ContainerStateMachine.java:loadSnapshot(213)) - group-EDC2723D9CBD: The snapshot info is null. Setting the last applied indexto:(t:0, i:~)
2019-08-05 04:39:05,043 INFO  server.RaftServerConfigKeys (ConfUtils.java:logGet(43)) - raft.server.leader.election.timeout = 120s (custom)
2019-08-05 04:39:05,043 INFO  server.RaftServerConfigKeys (ConfUtils.java:logGet(43)) - raft.server.log.use.memory = false (default)
2019-08-05 04:39:05,043 INFO  server.RaftServerConfigKeys (ConfUtils.java:logGet(43)) - raft.server.log.purge.gap = 1000000000 (custom)
2019-08-05 04:39:05,044 INFO  server.RaftServerConfigKeys (ConfUtils.java:logGet(43)) - raft.server.log.appender.buffer.byte-limit = 33554432 (custom)
2019-08-05 04:39:05,044 INFO  server.RaftServerConfigKeys (ConfUtils.java:logGet(43)) - raft.server.log.segment.size.max = 1048576 (custom)
2019-08-05 04:39:05,044 INFO  server.RaftServerConfigKeys (ConfUtils.java:logGet(43)) - raft.server.log.segment.cache.num.max = 2 (custom)
2019-08-05 04:39:05,044 INFO  segmented.SegmentedRaftLogWorker (SegmentedRaftLogWorker.java:<init>(172)) - new 3f4de2de-7d09-498f-aead-42327df81d94-SegmentedRaftLogWorker:Storage Directory /workdir/hadoop-ozone/integration-test/target/test-dir/MiniOzoneClusterImpl-af67ccff-b14d-4344-aca9-2553e8e333a6/datanode-0/data/ratis/72c5429b-3af8-4779-809f-edc2723d9cbd for RaftStorage:Storage Directory /workdir/hadoop-ozone/integration-test/target/test-dir/MiniOzoneClusterImpl-af67ccff-b14d-4344-aca9-2553e8e333a6/datanode-0/data/ratis/72c5429b-3af8-4779-809f-edc2723d9cbd
2019-08-05 04:39:05,044 INFO  server.RaftServerConfigKeys (ConfUtils.java:logGet(43)) - raft.server.log.queue.byte-limit = 2147483647 (custom)
2019-08-05 04:39:05,045 INFO  server.RaftServerConfigKeys (ConfUtils.java:logGet(43)) - raft.server.log.queue.element-limit = 1024 (custom)
2019-08-05 04:39:05,045 INFO  server.RaftServerConfigKeys (ConfUtils.java:logGet(43)) - raft.server.log.segment.size.max = 1048576 (custom)
2019-08-05 04:39:05,045 INFO  server.RaftServerConfigKeys (ConfUtils.java:logGet(43)) - raft.server.log.preallocated.size = 16384 (custom)
2019-08-05 04:39:05,045 INFO  server.RaftServerConfigKeys (ConfUtils.java:logGet(43)) - raft.server.log.write.buffer.size = 33554432 (custom)
2019-08-05 04:39:05,045 INFO  server.RaftServerConfigKeys (ConfUtils.java:logGet(43)) - raft.server.log.force.sync.num = 128 (default)
2019-08-05 04:39:05,045 INFO  server.RaftServerConfigKeys (ConfUtils.java:logGet(43)) - raft.server.log.statemachine.data.sync = true (default)
2019-08-05 04:39:05,046 INFO  server.RaftServerConfigKeys (ConfUtils.java:logGet(43)) - raft.server.log.statemachine.data.sync.timeout = 10s (default)
2019-08-05 04:39:05,046 INFO  server.RaftServerConfigKeys (ConfUtils.java:logGet(43)) - raft.server.log.statemachine.data.sync.timeout.retry = -1 (default)
2019-08-05 04:39:05,046 INFO  server.RaftServerConfigKeys (ConfUtils.java:logGet(43)) - raft.server.log.statemachine.data.caching.enabled = true (custom)
2019-08-05 04:39:05,046 INFO  segmented.SegmentedRaftLogWorker (SegmentedRaftLogWorker.java:lambda$new$0(132)) - 3f4de2de-7d09-498f-aead-42327df81d94-SegmentedRaftLogWorker:Storage Directory /workdir/hadoop-ozone/integration-test/target/test-dir/MiniOzoneClusterImpl-af67ccff-b14d-4344-aca9-2553e8e333a6/datanode-0/data/ratis/72c5429b-3af8-4779-809f-edc2723d9cbd: flushIndex: setUnconditionally 0 -> -1
2019-08-05 04:39:05,047 INFO  server.RaftServerConfigKeys (ConfUtils.java:logGet(43)) - raft.server.snapshot.auto.trigger.enabled = true (custom)
2019-08-05 04:39:05,047 INFO  server.RaftServerConfigKeys (ConfUtils.java:logGet(43)) - raft.server.snapshot.auto.trigger.threshold = 10000 (custom)
2019-08-05 04:39:05,047 INFO  server.RaftServerConfigKeys (ConfUtils.java:logGet(43)) - raft.server.retrycache.expirytime = 600000ms (custom)
2019-08-05 04:39:05,047 INFO  impl.RaftServerImpl (RaftServerImpl.java:start(180)) - 3f4de2de-7d09-498f-aead-42327df81d94: start group-EDC2723D9CBD
2019-08-05 04:39:05,047 INFO  impl.RaftServerImpl (RaftServerImpl.java:setRole(171)) - 3f4de2de-7d09-498f-aead-42327df81d94:group-EDC2723D9CBD changes role from null to FOLLOWER at term 0 for startAsFollower
2019-08-05 04:39:05,047 INFO  impl.RoleInfo (RoleInfo.java:updateAndGet(143)) - 3f4de2de-7d09-498f-aead-42327df81d94: start FollowerState
2019-08-05 04:39:05,048 INFO  util.JmxRegister (JmxRegister.java:tryRegister(44)) - Successfully registered JMX Bean with object name Ratis:service=RaftServer,group=group-EDC2723D9CBD,id=3f4de2de-7d09-498f-aead-42327df81d94
2019-08-05 04:39:05,051 INFO  commands.RetriableDatanodeEventWatcher (RetriableDatanodeEventWatcher.java:onTimeout(47)) - RetriableDatanodeCommand type=deleteBlocksCommand with id=1564979932936 timed out. Retrying.
2019-08-05 04:39:05,060 INFO  commands.RetriableDatanodeEventWatcher (RetriableDatanodeEventWatcher.java:onTimeout(47)) - RetriableDatanodeCommand type=deleteBlocksCommand with id=1564979933005 timed out. Retrying.
2019-08-05 04:39:05,062 INFO  pipeline.PipelineStateManager (PipelineStateManager.java:addPipeline(56)) - Created pipeline Pipeline[ Id: 72c5429b-3af8-4779-809f-edc2723d9cbd, Nodes: 3f4de2de-7d09-498f-aead-42327df81d94{ip: 192.168.157.247, host: byscane-nightly-228d8-4024241517, networkLocation: /default-rack, certSerialId: null}, Type:RATIS, Factor:ONE, State:OPEN]
2019-08-05 04:39:05,066 INFO  commands.RetriableDatanodeEventWatcher (RetriableDatanodeEventWatcher.java:onTimeout(47)) - RetriableDatanodeCommand type=deleteBlocksCommand with id=1564979932946 timed out. Retrying.
2019-08-05 04:39:05,076 INFO  commands.RetriableDatanodeEventWatcher (RetriableDatanodeEventWatcher.java:onTimeout(47)) - RetriableDatanodeCommand type=deleteBlocksCommand with id=1564979933015 timed out. Retrying.
2019-08-05 04:39:05,079 INFO  commands.RetriableDatanodeEventWatcher (RetriableDatanodeEventWatcher.java:onTimeout(47)) - RetriableDatanodeCommand type=deleteBlocksCommand with id=1564979932956 timed out. Retrying.
2019-08-05 04:39:05,090 INFO  commands.RetriableDatanodeEventWatcher (RetriableDatanodeEventWatcher.java:onTimeout(47)) - RetriableDatanodeCommand type=deleteBlocksCommand with id=1564979933025 timed out. Retrying.
2019-08-05 04:39:05,100 INFO  commands.RetriableDatanodeEventWatcher (RetriableDatanodeEventWatcher.java:onTimeout(47)) - RetriableDatanodeCommand type=deleteBlocksCommand with id=1564979932966 timed out. Retrying.
2019-08-05 04:39:05,105 INFO  commands.RetriableDatanodeEventWatcher (RetriableDatanodeEventWatcher.java:onTimeout(47)) - RetriableDatanodeCommand type=deleteBlocksCommand with id=1564979933035 timed out. Retrying.
2019-08-05 04:39:05,111 INFO  commands.RetriableDatanodeEventWatcher (RetriableDatanodeEventWatcher.java:onTimeout(47)) - RetriableDatanodeCommand type=deleteBlocksCommand with id=1564979932976 timed out. Retrying.
2019-08-05 04:39:05,120 DEBUG block.SCMBlockDeletingService (SCMBlockDeletingService.java:call(138)) - Running DeletedBlockTransactionScanner
2019-08-05 04:39:05,121 DEBUG block.SCMBlockDeletingService (SCMBlockDeletingService.java:call(155)) - Scanned deleted blocks log and got 3 delTX to process.
2019-08-05 04:39:05,121 DEBUG block.SCMBlockDeletingService (SCMBlockDeletingService.java:call(171)) - Added delete block command for datanode 3f4de2de-7d09-498f-aead-42327df81d94 in the queue, number of delete block transactions: 3, TxID list: 1,2,3
2019-08-05 04:39:05,121 INFO  block.SCMBlockDeletingService (SCMBlockDeletingService.java:call(182)) - Totally added 3 delete blocks command for 1 datanodes, task elapsed time: 2ms
2019-08-05 04:39:05,130 INFO  commands.RetriableDatanodeEventWatcher (RetriableDatanodeEventWatcher.java:onTimeout(47)) - RetriableDatanodeCommand type=deleteBlocksCommand with id=1564979932986 timed out. Retrying.
2019-08-05 04:39:05,137 INFO  commands.RetriableDatanodeEventWatcher (RetriableDatanodeEventWatcher.java:onTimeout(47)) - RetriableDatanodeCommand type=deleteBlocksCommand with id=1564979932927 timed out. Retrying.
2019-08-05 04:39:05,143 INFO  commands.RetriableDatanodeEventWatcher (RetriableDatanodeEventWatcher.java:onTimeout(47)) - RetriableDatanodeCommand type=deleteBlocksCommand with id=1564979932996 timed out. Retrying.
2019-08-05 04:39:05,152 INFO  commands.RetriableDatanodeEventWatcher (RetriableDatanodeEventWatcher.java:onTimeout(47)) - RetriableDatanodeCommand type=deleteBlocksCommand with id=1564979932937 timed out. Retrying.
2019-08-05 04:39:05,161 INFO  commands.RetriableDatanodeEventWatcher (RetriableDatanodeEventWatcher.java:onTimeout(47)) - RetriableDatanodeCommand type=deleteBlocksCommand with id=1564979933006 timed out. Retrying.
2019-08-05 04:39:05,166 INFO  commands.RetriableDatanodeEventWatcher (RetriableDatanodeEventWatcher.java:onTimeout(47)) - RetriableDatanodeCommand type=deleteBlocksCommand with id=1564979932947 timed out. Retrying.
2019-08-05 04:39:05,177 INFO  commands.RetriableDatanodeEventWatcher (RetriableDatanodeEventWatcher.java:onTimeout(47)) - RetriableDatanodeCommand type=deleteBlocksCommand with id=1564979933016 timed out. Retrying.
2019-08-05 04:39:05,185 INFO  commands.RetriableDatanodeEventWatcher (RetriableDatanodeEventWatcher.java:onTimeout(47)) - RetriableDatanodeCommand type=deleteBlocksCommand with id=1564979932957 timed out. Retrying.
2019-08-05 04:39:05,193 INFO  commands.RetriableDatanodeEventWatcher (RetriableDatanodeEventWatcher.java:onTimeout(47)) - RetriableDatanodeCommand type=deleteBlocksCommand with id=1564979933026 timed out. Retrying.
2019-08-05 04:39:05,197 INFO  commands.RetriableDatanodeEventWatcher (RetriableDatanodeEventWatcher.java:onTimeout(47)) - RetriableDatanodeCommand type=deleteBlocksCommand with id=1564979932967 timed out. Retrying.
2019-08-05 04:39:05,248 DEBUG block.SCMBlockDeletingService (RetriableDatanodeEventWatcher.java:onTimeout(47)) - RetriableDatanodeCommand type=deleteBlocksCommand with id=1564979933036 timed out. Retrying.
SCMBlockDeletingService.java:call(138)) - Running DeletedBlockTransactionScanner
2019-08-05 04:39:05,248 INFO  commands.RetriableDatanodeEventWatcher (RetriableDatanodeEventWatcher.java:onTimeout(47)) - RetriableDatanodeCommand type=deleteBlocksCommand with id=1564979933036 timed out. Retrying.
2019-08-05 04:39:05,250 INFO  commands.RetriableDatanodeEventWatcher (RetriableDatanodeEventWatcher.java:onTimeout(47)) - RetriableDatanodeCommand type=deleteBlocksCommand with id=1564979932987 timed out. Retrying.
2019-08-05 04:39:05,250 INFO  commands.RetriableDatanodeEventWatcher (SCMBlockDeletingService.java:call(155)) - Scanned deleted blocks log and got 3 delTX to process.
2019-08-05 04:39:05,250 INFO  commands.RetriableDatanodeEventWatcher (RetriableDatanodeEventWatcher.java:onTimeout(47)) - RetriableDatanodeCommand type=deleteBlocksCommand with id=1564979932997 timed out. Retrying.
2019-08-05 04:39:05,250 DEBUG block.SCMBlockDeletingService (RetriableDatanodeEventWatcher.java:onTimeout(47)) - RetriableDatanodeCommand type=deleteBlocksCommand with id=1564979932928 timed out. Retrying.
SCMBlockDeletingService.java:call(171)) - Added delete block command for datanode 3f4de2de-7d09-498f-aead-42327df81d94 in the queue, number of delete block transactions: 3, TxID list: 1,2,3
2019-08-05 04:39:05,250 INFO  commands.RetriableDatanodeEventWatcher (RetriableDatanodeEventWatcher.java:onTimeout(47)) - RetriableDatanodeCommand type=deleteBlocksCommand with id=1564979932928 timed out. Retrying.
2019-08-05 04:39:05,253 INFO  commands.RetriableDatanodeEventWatcher (RetriableDatanodeEventWatcher.java:onTimeout(47)) - RetriableDatanodeCommand type=deleteBlocksCommand with id=1564979932977 timed out. Retrying.
2019-08-05 04:39:05,254 INFO  commands.RetriableDatanodeEventWatcher (SCMBlockDeletingService.java:call(182)) - Totally added 3 delete blocks command for 1 datanodes, task elapsed time: 5ms
2019-08-05 04:39:05,254 INFO  commands.RetriableDatanodeEventWatcher (RetriableDatanodeEventWatcher.java:onTimeout(47)) - RetriableDatanodeCommand type=deleteBlocksCommand with id=1564979932938 timed out. Retrying.
2019-08-05 04:39:05,265 INFO  commands.RetriableDatanodeEventWatcher (RetriableDatanodeEventWatcher.java:onTimeout(47)) - RetriableDatanodeCommand type=deleteBlocksCommand with id=1564979933007 timed out. Retrying.
2019-08-05 04:39:05,271 INFO  commands.RetriableDatanodeEventWatcher (RetriableDatanodeEventWatcher.java:onTimeout(47)) - RetriableDatanodeCommand type=deleteBlocksCommand with id=1564979932948 timed out. Retrying.
2019-08-05 04:39:05,278 INFO  commands.RetriableDatanodeEventWatcher (RetriableDatanodeEventWatcher.java:onTimeout(47)) - RetriableDatanodeCommand type=deleteBlocksCommand with id=1564979933017 timed out. Retrying.
2019-08-05 04:39:05,284 INFO  commands.RetriableDatanodeEventWatcher (RetriableDatanodeEventWatcher.java:onTimeout(47)) - RetriableDatanodeCommand type=deleteBlocksCommand with id=1564979932958 timed out. Retrying.
2019-08-05 04:39:05,292 INFO  commands.RetriableDatanodeEventWatcher (RetriableDatanodeEventWatcher.java:onTimeout(47)) - RetriableDatanodeCommand type=deleteBlocksCommand with id=1564979933027 timed out. Retrying.
2019-08-05 04:39:05,305 INFO  commands.RetriableDatanodeEventWatcher (RetriableDatanodeEventWatcher.java:onTimeout(47)) - RetriableDatanodeCommand type=deleteBlocksCommand with id=1564979932968 timed out. Retrying.
2019-08-05 04:39:05,308 INFO  commands.RetriableDatanodeEventWatcher (RetriableDatanodeEventWatcher.java:onTimeout(47)) - RetriableDatanodeCommand type=deleteBlocksCommand with id=1564979933037 timed out. Retrying.
2019-08-05 04:39:05,315 INFO  commands.RetriableDatanodeEventWatcher (RetriableDatanodeEventWatcher.java:onTimeout(47)) - RetriableDatanodeCommand type=deleteBlocksCommand with id=1564979932978 timed out. Retrying.
2019-08-05 04:39:05,330 INFO  commands.RetriableDatanodeEventWatcher (RetriableDatanodeEventWatcher.java:onTimeout(47)) - RetriableDatanodeCommand type=deleteBlocksCommand with id=1564979932988 timed out. Retrying.
2019-08-05 04:39:05,340 INFO  commands.RetriableDatanodeEventWatcher (RetriableDatanodeEventWatcher.java:onTimeout(47)) - RetriableDatanodeCommand type=deleteBlocksCommand with id=1564979932929 timed out. Retrying.
2019-08-05 04:39:05,346 INFO  commands.RetriableDatanodeEventWatcher (RetriableDatanodeEventWatcher.java:onTimeout(47)) - RetriableDatanodeCommand type=deleteBlocksCommand with id=1564979932998 timed out. Retrying.
2019-08-05 04:39:05,354 DEBUG block.SCMBlockDeletingService (SCMBlockDeletingService.java:call(138)) - Running DeletedBlockTransactionScanner
2019-08-05 04:39:05,355 DEBUG block.SCMBlockDeletingService (SCMBlockDeletingService.java:call(155)) - Scanned deleted blocks log and got 3 delTX to process.
2019-08-05 04:39:05,355 DEBUG block.SCMBlockDeletingService (SCMBlockDeletingService.java:call(171)) - Added delete block command for datanode 3f4de2de-7d09-498f-aead-42327df81d94 in the queue, number of delete block transactions: 3, TxID list: 1,2,3
2019-08-05 04:39:05,355 INFO  block.SCMBlockDeletingService (SCMBlockDeletingService.java:call(182)) - Totally added 3 delete blocks command for 1 datanodes, task elapsed time: 1ms
2019-08-05 04:39:05,356 INFO  commands.RetriableDatanodeEventWatcher (RetriableDatanodeEventWatcher.java:onTimeout(47)) - RetriableDatanodeCommand type=deleteBlocksCommand with id=1564979932939 timed out. Retrying.
2019-08-05 04:39:05,365 INFO  commands.RetriableDatanodeEventWatcher (RetriableDatanodeEventWatcher.java:onTimeout(47)) - RetriableDatanodeCommand type=deleteBlocksCommand with id=1564979933008 timed out. Retrying.
2019-08-05 04:39:05,370 INFO  commands.RetriableDatanodeEventWatcher (RetriableDatanodeEventWatcher.java:onTimeout(47)) - RetriableDatanodeCommand type=deleteBlocksCommand with id=1564979932949 timed out. Retrying.
2019-08-05 04:39:05,379 INFO  commands.RetriableDatanodeEventWatcher (RetriableDatanodeEventWatcher.java:onTimeout(47)) - RetriableDatanodeCommand type=deleteBlocksCommand with id=1564979933018 timed out. Retrying.
2019-08-05 04:39:05,387 INFO  commands.RetriableDatanodeEventWatcher (RetriableDatanodeEventWatcher.java:onTimeout(47)) - RetriableDatanodeCommand type=deleteBlocksCommand with id=1564979932959 timed out. Retrying.
2019-08-05 04:39:05,395 INFO  commands.RetriableDatanodeEventWatcher (RetriableDatanodeEventWatcher.java:onTimeout(47)) - RetriableDatanodeCommand type=deleteBlocksCommand with id=1564979933028 timed out. Retrying.
2019-08-05 04:39:05,400 INFO  commands.RetriableDatanodeEventWatcher (RetriableDatanodeEventWatcher.java:onTimeout(47)) - RetriableDatanodeCommand type=deleteBlocksCommand with id=1564979932969 timed out. Retrying.
2019-08-05 04:39:05,410 INFO  commands.RetriableDatanodeEventWatcher (RetriableDatanodeEventWatcher.java:onTimeout(47)) - RetriableDatanodeCommand type=deleteBlocksCommand with id=1564979933038 timed out. Retrying.
2019-08-05 04:39:05,418 INFO  commands.RetriableDatanodeEventWatcher (RetriableDatanodeEventWatcher.java:onTimeout(47)) - RetriableDatanodeCommand type=deleteBlocksCommand with id=1564979932979 timed out. Retrying.
2019-08-05 04:39:05,434 INFO  commands.RetriableDatanodeEventWatcher (RetriableDatanodeEventWatcher.java:onTimeout(47)) - RetriableDatanodeCommand type=deleteBlocksCommand with id=1564979932989 timed out. Retrying.
2019-08-05 04:39:05,440 INFO  commands.RetriableDatanodeEventWatcher (RetriableDatanodeEventWatcher.java:onTimeout(47)) - RetriableDatanodeCommand type=deleteBlocksCommand with id=1564979932930 timed out. Retrying.
2019-08-05 04:39:05,451 INFO  commands.RetriableDatanodeEventWatcher (RetriableDatanodeEventWatcher.java:onTimeout(47)) - RetriableDatanodeCommand type=deleteBlocksCommand with id=1564979932999 timed out. Retrying.
2019-08-05 04:39:05,453 INFO  commands.RetriableDatanodeEventWatcher (RetriableDatanodeEventWatcher.java:onTimeout(47)) - RetriableDatanodeCommand type=deleteBlocksCommand with id=1564979932940 timed out. Retrying.
2019-08-05 04:39:05,456 DEBUG block.SCMBlockDeletingService (SCMBlockDeletingService.java:call(138)) - Running DeletedBlockTransactionScanner
2019-08-05 04:39:05,456 DEBUG block.SCMBlockDeletingService (SCMBlockDeletingService.java:call(155)) - Scanned deleted blocks log and got 3 delTX to process.
2019-08-05 04:39:05,457 DEBUG block.SCMBlockDeletingService (SCMBlockDeletingService.java:call(171)) - Added delete block command for datanode 3f4de2de-7d09-498f-aead-42327df81d94 in the queue, number of delete block transactions: 3, TxID list: 1,2,3
2019-08-05 04:39:05,457 INFO  block.SCMBlockDeletingService (SCMBlockDeletingService.java:call(182)) - Totally added 3 delete blocks command for 1 datanodes, task elapsed time: 1ms
2019-08-05 04:39:05,467 INFO  commands.RetriableDatanodeEventWatcher (RetriableDatanodeEventWatcher.java:onTimeout(47)) - RetriableDatanodeCommand type=deleteBlocksCommand with id=1564979933009 timed out. Retrying.
2019-08-05 04:39:05,471 INFO  commands.RetriableDatanodeEventWatcher (RetriableDatanodeEventWatcher.java:onTimeout(47)) - RetriableDatanodeCommand type=deleteBlocksCommand with id=1564979932950 timed out. Retrying.
2019-08-05 04:39:05,482 INFO  commands.RetriableDatanodeEventWatcher (RetriableDatanodeEventWatcher.java:onTimeout(47)) - RetriableDatanodeCommand type=deleteBlocksCommand with id=1564979933019 timed out. Retrying.
2019-08-05 04:39:05,488 INFO  commands.RetriableDatanodeEventWatcher (RetriableDatanodeEventWatcher.java:onTimeout(47)) - RetriableDatanodeCommand type=deleteBlocksCommand with id=1564979932960 timed out. Retrying.
2019-08-05 04:39:05,496 INFO  commands.RetriableDatanodeEventWatcher (RetriableDatanodeEventWatcher.java:onTimeout(47)) - RetriableDatanodeCommand type=deleteBlocksCommand with id=1564979933029 timed out. Retrying.
2019-08-05 04:39:05,504 INFO  commands.RetriableDatanodeEventWatcher (RetriableDatanodeEventWatcher.java:onTimeout(47)) - RetriableDatanodeCommand type=deleteBlocksCommand with id=1564979932970 timed out. Retrying.
2019-08-05 04:39:05,511 INFO  commands.RetriableDatanodeEventWatcher (RetriableDatanodeEventWatcher.java:onTimeout(47)) - RetriableDatanodeCommand type=deleteBlocksCommand with id=1564979933039 timed out. Retrying.
2019-08-05 04:39:05,520 INFO  commands.RetriableDatanodeEventWatcher (RetriableDatanodeEventWatcher.java:onTimeout(47)) - RetriableDatanodeCommand type=deleteBlocksCommand with id=1564979932980 timed out. Retrying.
2019-08-05 04:39:05,532 INFO  commands.RetriableDatanodeEventWatcher (RetriableDatanodeEventWatcher.java:onTimeout(47)) - RetriableDatanodeCommand type=deleteBlocksCommand with id=1564979932990 timed out. Retrying.
2019-08-05 04:39:05,543 INFO  commands.RetriableDatanodeEventWatcher (RetriableDatanodeEventWatcher.java:onTimeout(47)) - RetriableDatanodeCommand type=deleteBlocksCommand with id=1564979932931 timed out. Retrying.
2019-08-05 04:39:05,550 INFO  commands.RetriableDatanodeEventWatcher (RetriableDatanodeEventWatcher.java:onTimeout(47)) - RetriableDatanodeCommand type=deleteBlocksCommand with id=1564979933000 timed out. Retrying.
2019-08-05 04:39:05,558 DEBUG block.SCMBlockDeletingService (SCMBlockDeletingService.java:call(138)) - Running DeletedBlockTransactionScanner
2019-08-05 04:39:05,558 INFO  commands.RetriableDatanodeEventWatcher (RetriableDatanodeEventWatcher.java:onTimeout(47)) - RetriableDatanodeCommand type=deleteBlocksCommand with id=1564979932941 timed out. Retrying.
SCMBlockDeletingService.java:call(155)) - Scanned deleted blocks log and got 3 delTX to process.
2019-08-05 04:39:05,558 INFO  commands.RetriableDatanodeEventWatcher (RetriableDatanodeEventWatcher.java:onTimeout(47)) - RetriableDatanodeCommand type=deleteBlocksCommand with id=1564979932941 timed out. Retrying.
2019-08-05 04:39:05,558 DEBUG block.SCMBlockDeletingService (SCMBlockDeletingService.java:call(171)) - Added delete block command for datanode 3f4de2de-7d09-498f-aead-42327df81d94 in the queue, number of delete block transactions: 3, TxID list: 1,2,3
2019-08-05 04:39:05,559 INFO  block.SCMBlockDeletingService (SCMBlockDeletingService.java:call(182)) - Totally added 3 delete blocks command for 1 datanodes, task elapsed time: 1ms
2019-08-05 04:39:05,568 INFO  commands.RetriableDatanodeEventWatcher (RetriableDatanodeEventWatcher.java:onTimeout(47)) - RetriableDatanodeCommand type=deleteBlocksCommand with id=1564979933010 timed out. Retrying.
2019-08-05 04:39:05,573 INFO  commands.RetriableDatanodeEventWatcher (RetriableDatanodeEventWatcher.java:onTimeout(47)) - RetriableDatanodeCommand type=deleteBlocksCommand with id=1564979932951 timed out. Retrying.
2019-08-05 04:39:05,581 INFO  commands.RetriableDatanodeEventWatcher (RetriableDatanodeEventWatcher.java:onTimeout(47)) - RetriableDatanodeCommand type=deleteBlocksCommand with id=1564979933020 timed out. Retrying.
2019-08-05 04:39:05,589 INFO  commands.RetriableDatanodeEventWatcher (RetriableDatanodeEventWatcher.java:onTimeout(47)) - RetriableDatanodeCommand type=deleteBlocksCommand with id=1564979932961 timed out. Retrying.
2019-08-05 04:39:05,597 INFO  commands.RetriableDatanodeEventWatcher (RetriableDatanodeEventWatcher.java:onTimeout(47)) - RetriableDatanodeCommand type=deleteBlocksCommand with id=1564979933030 timed out. Retrying.
2019-08-05 04:39:05,606 INFO  commands.RetriableDatanodeEventWatcher (RetriableDatanodeEventWatcher.java:onTimeout(47)) - RetriableDatanodeCommand type=deleteBlocksCommand with id=1564979932971 timed out. Retrying.
2019-08-05 04:39:05,613 INFO  commands.RetriableDatanodeEventWatcher (RetriableDatanodeEventWatcher.java:onTimeout(47)) - RetriableDatanodeCommand type=deleteBlocksCommand with id=1564979933040 timed out. Retrying.
2019-08-05 04:39:05,620 INFO  commands.RetriableDatanodeEventWatcher (RetriableDatanodeEventWatcher.java:onTimeout(47)) - RetriableDatanodeCommand type=deleteBlocksCommand with id=1564979932981 timed out. Retrying.
2019-08-05 04:39:05,637 INFO  commands.RetriableDatanodeEventWatcher (RetriableDatanodeEventWatcher.java:onTimeout(47)) - RetriableDatanodeCommand type=deleteBlocksCommand with id=1564979932991 timed out. Retrying.
2019-08-05 04:39:05,646 INFO  commands.RetriableDatanodeEventWatcher (RetriableDatanodeEventWatcher.java:onTimeout(47)) - RetriableDatanodeCommand type=deleteBlocksCommand with id=1564979932932 timed out. Retrying.
2019-08-05 04:39:05,652 INFO  commands.RetriableDatanodeEventWatcher (RetriableDatanodeEventWatcher.java:onTimeout(47)) - RetriableDatanodeCommand type=deleteBlocksCommand with id=1564979933001 timed out. Retrying.
2019-08-05 04:39:05,659 DEBUG block.SCMBlockDeletingService (SCMBlockDeletingService.java:call(138)) - Running DeletedBlockTransactionScanner
2019-08-05 04:39:05,660 DEBUG block.SCMBlockDeletingService (RetriableDatanodeEventWatcher.java:onTimeout(47)) - RetriableDatanodeCommand type=deleteBlocksCommand with id=1564979932942 timed out. Retrying.
SCMBlockDeletingService.java:call(155)) - Scanned deleted blocks log and got 3 delTX to process.
2019-08-05 04:39:05,660 INFO  commands.RetriableDatanodeEventWatcher (RetriableDatanodeEventWatcher.java:onTimeout(47)) - RetriableDatanodeCommand type=deleteBlocksCommand with id=1564979932942 timed out. Retrying.
2019-08-05 04:39:05,660 DEBUG block.SCMBlockDeletingService (SCMBlockDeletingService.java:call(171)) - Added delete block command for datanode 3f4de2de-7d09-498f-aead-42327df81d94 in the queue, number of delete block transactions: 3, TxID list: 1,2,3
2019-08-05 04:39:05,660 INFO  block.SCMBlockDeletingService (SCMBlockDeletingService.java:call(182)) - Totally added 3 delete blocks command for 1 datanodes, task elapsed time: 1ms
2019-08-05 04:39:05,669 INFO  commands.RetriableDatanodeEventWatcher (RetriableDatanodeEventWatcher.java:onTimeout(47)) - RetriableDatanodeCommand type=deleteBlocksCommand with id=1564979933011 timed out. Retrying.
2019-08-05 04:39:05,685 INFO  commands.RetriableDatanodeEventWatcher (RetriableDatanodeEventWatcher.java:onTimeout(47)) - RetriableDatanodeCommand type=deleteBlocksCommand with id=1564979933021 timed out. Retrying.
2019-08-05 04:39:05,687 INFO  commands.RetriableDatanodeEventWatcher (RetriableDatanodeEventWatcher.java:onTimeout(47)) - RetriableDatanodeCommand type=deleteBlocksCommand with id=1564979932952 timed out. Retrying.
2019-08-05 04:39:05,691 INFO  commands.RetriableDatanodeEventWatcher (RetriableDatanodeEventWatcher.java:onTimeout(47)) - RetriableDatanodeCommand type=deleteBlocksCommand with id=1564979932962 timed out. Retrying.
2019-08-05 04:39:05,699 INFO  commands.RetriableDatanodeEventWatcher (RetriableDatanodeEventWatcher.java:onTimeout(47)) - RetriableDatanodeCommand type=deleteBlocksCommand with id=1564979933031 timed out. Retrying.
2019-08-05 04:39:05,706 INFO  commands.RetriableDatanodeEventWatcher (RetriableDatanodeEventWatcher.java:onTimeout(47)) - RetriableDatanodeCommand type=deleteBlocksCommand with id=1564979932972 timed out. Retrying.
2019-08-05 04:39:05,714 INFO  commands.RetriableDatanodeEventWatcher (RetriableDatanodeEventWatcher.java:onTimeout(47)) - RetriableDatanodeCommand type=deleteBlocksCommand with id=1564979933041 timed out. Retrying.
2019-08-05 04:39:05,725 INFO  commands.RetriableDatanodeEventWatcher (RetriableDatanodeEventWatcher.java:onTimeout(47)) - RetriableDatanodeCommand type=deleteBlocksCommand with id=1564979932982 timed out. Retrying.
2019-08-05 04:39:05,735 INFO  commands.RetriableDatanodeEventWatcher (RetriableDatanodeEventWatcher.java:onTimeout(47)) - RetriableDatanodeCommand type=deleteBlocksCommand with id=1564979932992 timed out. Retrying.
2019-08-05 04:39:05,749 INFO  commands.RetriableDatanodeEventWatcher (RetriableDatanodeEventWatcher.java:onTimeout(47)) - RetriableDatanodeCommand type=deleteBlocksCommand with id=1564979932933 timed out. Retrying.
2019-08-05 04:39:05,753 INFO  commands.RetriableDatanodeEventWatcher (RetriableDatanodeEventWatcher.java:onTimeout(47)) - RetriableDatanodeCommand type=deleteBlocksCommand with id=1564979933002 timed out. Retrying.
2019-08-05 04:39:05,761 DEBUG block.SCMBlockDeletingService (SCMBlockDeletingService.java:call(138)) - Running DeletedBlockTransactionScanner
2019-08-05 04:39:05,761 DEBUG block.SCMBlockDeletingService (SCMBlockDeletingService.java:call(155)) - Scanned deleted blocks log and got 3 delTX to process.
2019-08-05 04:39:05,762 DEBUG block.SCMBlockDeletingService (SCMBlockDeletingService.java:call(171)) - Added delete block command for datanode 3f4de2de-7d09-498f-aead-42327df81d94 in the queue, number of delete block transactions: 3, TxID list: 1,2,3
2019-08-05 04:39:05,762 INFO  block.SCMBlockDeletingService (SCMBlockDeletingService.java:call(182)) - Totally added 3 delete blocks command for 1 datanodes, task elapsed time: 2ms
2019-08-05 04:39:05,764 INFO  commands.RetriableDatanodeEventWatcher (RetriableDatanodeEventWatcher.java:onTimeout(47)) - RetriableDatanodeCommand type=deleteBlocksCommand with id=1564979932943 timed out. Retrying.
2019-08-05 04:39:05,809 INFO  commands.RetriableDatanodeEventWatcher (RetriableDatanodeEventWatcher.java:onTimeout(47)) - RetriableDatanodeCommand type=deleteBlocksCommand with id=1564979933032 timed out. Retrying.
2019-08-05 04:39:05,809 INFO  commands.RetriableDatanodeEventWatcher (RetriableDatanodeEventWatcher.java:onTimeout(47)) - RetriableDatanodeCommand type=deleteBlocksCommand with id=1564979933022 timed out. Retrying.
2019-08-05 04:39:05,810 INFO  commands.RetriableDatanodeEventWatcher (RetriableDatanodeEventWatcher.java:onTimeout(47)) - RetriableDatanodeCommand type=deleteBlocksCommand with id=1564979933012 timed out. Retrying.
2019-08-05 04:39:05,810 INFO  commands.RetriableDatanodeEventWatcher (RetriableDatanodeEventWatcher.java:onTimeout(47)) - RetriableDatanodeCommand type=deleteBlocksCommand with id=1564979932963 timed out. Retrying.
2019-08-05 04:39:05,810 INFO  commands.RetriableDatanodeEventWatcher (RetriableDatanodeEventWatcher.java:onTimeout(47)) - RetriableDatanodeCommand type=deleteBlocksCommand with id=1564979932953 timed out. Retrying.
2019-08-05 04:39:05,810 INFO  commands.RetriableDatanodeEventWatcher (RetriableDatanodeEventWatcher.java:onTimeout(47)) - RetriableDatanodeCommand type=deleteBlocksCommand with id=1564979932973 timed out. Retrying.
2019-08-05 04:39:05,816 INFO  commands.RetriableDatanodeEventWatcher (RetriableDatanodeEventWatcher.java:onTimeout(47)) - RetriableDatanodeCommand type=deleteBlocksCommand with id=1564979933042 timed out. Retrying.
2019-08-05 04:39:05,822 INFO  commands.RetriableDatanodeEventWatcher (RetriableDatanodeEventWatcher.java:onTimeout(47)) - RetriableDatanodeCommand type=deleteBlocksCommand with id=1564979932983 timed out. Retrying.
2019-08-05 04:39:05,839 INFO  commands.RetriableDatanodeEventWatcher (RetriableDatanodeEventWatcher.java:onTimeout(47)) - RetriableDatanodeCommand type=deleteBlocksCommand with id=1564979932993 timed out. Retrying.
2019-08-05 04:39:05,848 INFO  commands.RetriableDatanodeEventWatcher (RetriableDatanodeEventWatcher.java:onTimeout(47)) - RetriableDatanodeCommand type=deleteBlocksCommand with id=1564979932934 timed out. Retrying.
2019-08-05 04:39:05,856 INFO  commands.RetriableDatanodeEventWatcher (RetriableDatanodeEventWatcher.java:onTimeout(47)) - RetriableDatanodeCommand type=deleteBlocksCommand with id=1564979933003 timed out. Retrying.
2019-08-05 04:39:05,860 INFO  commands.RetriableDatanodeEventWatcher (RetriableDatanodeEventWatcher.java:onTimeout(47)) - RetriableDatanodeCommand type=deleteBlocksCommand with id=1564979932944 timed out. Retrying.
2019-08-05 04:39:05,863 DEBUG block.SCMBlockDeletingService (SCMBlockDeletingService.java:call(138)) - Running DeletedBlockTransactionScanner
2019-08-05 04:39:05,864 DEBUG block.SCMBlockDeletingService (SCMBlockDeletingService.java:call(155)) - Scanned deleted blocks log and got 3 delTX to process.
2019-08-05 04:39:05,864 DEBUG block.SCMBlockDeletingService (SCMBlockDeletingService.java:call(171)) - Added delete block command for datanode 3f4de2de-7d09-498f-aead-42327df81d94 in the queue, number of delete block transactions: 3, TxID list: 1,2,3
2019-08-05 04:39:05,865 INFO  block.SCMBlockDeletingService (SCMBlockDeletingService.java:call(182)) - Totally added 3 delete blocks command for 1 datanodes, task elapsed time: 3ms
2019-08-05 04:39:05,873 INFO  commands.RetriableDatanodeEventWatcher (RetriableDatanodeEventWatcher.java:onTimeout(47)) - RetriableDatanodeCommand type=deleteBlocksCommand with id=1564979933013 timed out. Retrying.
2019-08-05 04:39:05,878 INFO  commands.RetriableDatanodeEventWatcher (RetriableDatanodeEventWatcher.java:onTimeout(47)) - RetriableDatanodeCommand type=deleteBlocksCommand with id=1564979932954 timed out. Retrying.
2019-08-05 04:39:05,888 INFO  commands.RetriableDatanodeEventWatcher (RetriableDatanodeEventWatcher.java:onTimeout(47)) - RetriableDatanodeCommand type=deleteBlocksCommand with id=1564979933023 timed out. Retrying.
2019-08-05 04:39:05,894 INFO  commands.RetriableDatanodeEventWatcher (RetriableDatanodeEventWatcher.java:onTimeout(47)) - RetriableDatanodeCommand type=deleteBlocksCommand with id=1564979932964 timed out. Retrying.
2019-08-05 04:39:05,903 INFO  commands.RetriableDatanodeEventWatcher (RetriableDatanodeEventWatcher.java:onTimeout(47)) - RetriableDatanodeCommand type=deleteBlocksCommand with id=1564979933033 timed out. Retrying.
2019-08-05 04:39:05,907 INFO  commands.RetriableDatanodeEventWatcher (RetriableDatanodeEventWatcher.java:onTimeout(47)) - RetriableDatanodeCommand type=deleteBlocksCommand with id=1564979932974 timed out. Retrying.
2019-08-05 04:39:05,918 INFO  commands.RetriableDatanodeEventWatcher (RetriableDatanodeEventWatcher.java:onTimeout(47)) - RetriableDatanodeCommand type=deleteBlocksCommand with id=1564979933043 timed out. Retrying.
2019-08-05 04:39:05,920 INFO  ozone.MiniOzoneClusterImpl (MiniOzoneClusterImpl.java:lambda$waitForClusterToBeReady$0(142)) - Cluster is ready. Got 1 of 1 DN Heartbeats.
2019-08-05 04:39:05,927 INFO  commands.RetriableDatanodeEventWatcher (RetriableDatanodeEventWatcher.java:onTimeout(47)) - RetriableDatanodeCommand type=deleteBlocksCommand with id=1564979932984 timed out. Retrying.
2019-08-05 04:39:05,928 ERROR statemachine.EndpointStateMachine (EndpointStateMachine.java:logIfNeeded(204)) - Unable to communicate to SCM server at 0.0.0.0:38550 for past 0 seconds.
java.net.SocketTimeoutException: Call From byscane-nightly-228d8-4024241517/192.168.157.247 to 0.0.0.0:38550 failed on socket timeout exception: java.net.SocketTimeoutException: 1000 millis timeout while waiting for channel to be ready for read. ch : java.nio.channels.SocketChannel[connected local=/192.168.157.247:53294 remote=/0.0.0.0:38550]; For more details see:  http://wiki.apache.org/hadoop/SocketTimeout
	at sun.reflect.NativeConstructorAccessorImpl.newInstance0(Native Method)
	at sun.reflect.NativeConstructorAccessorImpl.newInstance(NativeConstructorAccessorImpl.java:62)
	at sun.reflect.DelegatingConstructorAccessorImpl.newInstance(DelegatingConstructorAccessorImpl.java:45)
	at java.lang.reflect.Constructor.newInstance(Constructor.java:423)
	at org.apache.hadoop.net.NetUtils.wrapWithMessage(NetUtils.java:831)
	at org.apache.hadoop.net.NetUtils.wrapException(NetUtils.java:775)
	at org.apache.hadoop.ipc.Client.getRpcResponse(Client.java:1515)
	at org.apache.hadoop.ipc.Client.call(Client.java:1457)
	at org.apache.hadoop.ipc.Client.call(Client.java:1367)
	at org.apache.hadoop.ipc.ProtobufRpcEngine$Invoker.invoke(ProtobufRpcEngine.java:228)
	at org.apache.hadoop.ipc.ProtobufRpcEngine$Invoker.invoke(ProtobufRpcEngine.java:116)
	at com.sun.proxy.$Proxy83.sendHeartbeat(Unknown Source)
	at org.apache.hadoop.ozone.protocolPB.StorageContainerDatanodeProtocolClientSideTranslatorPB.sendHeartbeat(StorageContainerDatanodeProtocolClientSideTranslatorPB.java:131)
	at org.apache.hadoop.ozone.container.common.states.endpoint.HeartbeatEndpointTask.call(HeartbeatEndpointTask.java:143)
	at org.apache.hadoop.ozone.container.common.states.endpoint.HeartbeatEndpointTask.call(HeartbeatEndpointTask.java:74)
	at java.util.concurrent.FutureTask.run(FutureTask.java:266)
	at java.util.concurrent.Executors$RunnableAdapter.call(Executors.java:511)
	at java.util.concurrent.FutureTask.run(FutureTask.java:266)
	at java.util.concurrent.ThreadPoolExecutor.runWorker(ThreadPoolExecutor.java:1149)
	at java.util.concurrent.ThreadPoolExecutor$Worker.run(ThreadPoolExecutor.java:624)
	at java.lang.Thread.run(Thread.java:748)
Caused by: java.net.SocketTimeoutException: 1000 millis timeout while waiting for channel to be ready for read. ch : java.nio.channels.SocketChannel[connected local=/192.168.157.247:53294 remote=/0.0.0.0:38550]
	at org.apache.hadoop.net.SocketIOWithTimeout.doIO(SocketIOWithTimeout.java:164)
	at org.apache.hadoop.net.SocketInputStream.read(SocketInputStream.java:161)
	at org.apache.hadoop.net.SocketInputStream.read(SocketInputStream.java:131)
	at java.io.FilterInputStream.read(FilterInputStream.java:133)
	at java.io.BufferedInputStream.fill(BufferedInputStream.java:246)
	at java.io.BufferedInputStream.read(BufferedInputStream.java:265)
	at java.io.FilterInputStream.read(FilterInputStream.java:83)
	at java.io.FilterInputStream.read(FilterInputStream.java:83)
	at org.apache.hadoop.ipc.Client$Connection$PingInputStream.read(Client.java:557)
	at java.io.DataInputStream.readInt(DataInputStream.java:387)
	at org.apache.hadoop.ipc.Client$IpcStreams.readResponse(Client.java:1816)
	at org.apache.hadoop.ipc.Client$Connection.receiveRpcResponse(Client.java:1173)
	at org.apache.hadoop.ipc.Client$Connection.run(Client.java:1069)
2019-08-05 04:39:05,934 INFO  commands.RetriableDatanodeEventWatcher (RetriableDatanodeEventWatcher.java:onTimeout(47)) - RetriableDatanodeCommand type=deleteBlocksCommand with id=1564979932925 timed out. Retrying.
2019-08-05 04:39:05,942 INFO  block.SCMBlockDeletingService (RetriableDatanodeEventWatcher.java:onTimeout(47)) - RetriableDatanodeCommand type=deleteBlocksCommand with id=1564979932994 timed out. Retrying.
SCMBlockDeletingService.java:handlePendingDeletes(115)) - Block deletion txnID mismatch in datanode 3f4de2de-7d09-498f-aead-42327df81d94 for containerID 1. Datanode delete txnID: 0, SCM txnID: 1
2019-08-05 04:39:05,942 INFO  commands.RetriableDatanodeEventWatcher (RetriableDatanodeEventWatcher.java:onTimeout(47)) - RetriableDatanodeCommand type=deleteBlocksCommand with id=1564979932994 timed out. Retrying.
2019-08-05 04:39:05,942 INFO  block.SCMBlockDeletingService (SCMBlockDeletingService.java:handlePendingDeletes(115)) - Block deletion txnID mismatch in datanode 3f4de2de-7d09-498f-aead-42327df81d94 for containerID 2. Datanode delete txnID: 0, SCM txnID: 2
2019-08-05 04:39:05,942 INFO  block.SCMBlockDeletingService (SCMBlockDeletingService.java:handlePendingDeletes(115)) - Block deletion txnID mismatch in datanode 3f4de2de-7d09-498f-aead-42327df81d94 for containerID 3. Datanode delete txnID: 0, SCM txnID: 3
2019-08-05 04:39:05,952 INFO  commands.RetriableDatanodeEventWatcher (RetriableDatanodeEventWatcher.java:onTimeout(47)) - RetriableDatanodeCommand type=deleteBlocksCommand with id=1564979932935 timed out. Retrying.
2019-08-05 04:39:05,959 INFO  commands.RetriableDatanodeEventWatcher (RetriableDatanodeEventWatcher.java:onTimeout(47)) - RetriableDatanodeCommand type=deleteBlocksCommand with id=1564979933004 timed out. Retrying.
2019-08-05 04:39:05,964 INFO  commands.RetriableDatanodeEventWatcher (RetriableDatanodeEventWatcher.java:onTimeout(47)) - RetriableDatanodeCommand type=deleteBlocksCommand with id=1564979932945 timed out. Retrying.
2019-08-05 04:39:05,966 DEBUG block.SCMBlockDeletingService (SCMBlockDeletingService.java:call(138)) - Running DeletedBlockTransactionScanner
2019-08-05 04:39:05,966 DEBUG block.SCMBlockDeletingService (SCMBlockDeletingService.java:call(155)) - Scanned deleted blocks log and got 3 delTX to process.
2019-08-05 04:39:05,966 DEBUG block.SCMBlockDeletingService (SCMBlockDeletingService.java:call(171)) - Added delete block command for datanode 3f4de2de-7d09-498f-aead-42327df81d94 in the queue, number of delete block transactions: 3, TxID list: 1,2,3
2019-08-05 04:39:05,967 INFO  block.SCMBlockDeletingService (SCMBlockDeletingService.java:call(182)) - Totally added 3 delete blocks command for 1 datanodes, task elapsed time: 1ms
2019-08-05 04:39:05,974 INFO  commands.RetriableDatanodeEventWatcher (RetriableDatanodeEventWatcher.java:onTimeout(47)) - RetriableDatanodeCommand type=deleteBlocksCommand with id=1564979933014 timed out. Retrying.
2019-08-05 04:39:05,981 INFO  commands.RetriableDatanodeEventWatcher (RetriableDatanodeEventWatcher.java:onTimeout(47)) - RetriableDatanodeCommand type=deleteBlocksCommand with id=1564979932955 timed out. Retrying.
2019-08-05 04:39:05,990 INFO  commands.RetriableDatanodeEventWatcher (RetriableDatanodeEventWatcher.java:onTimeout(47)) - RetriableDatanodeCommand type=deleteBlocksCommand with id=1564979933024 timed out. Retrying.
2019-08-05 04:39:05,997 INFO  commands.RetriableDatanodeEventWatcher (RetriableDatanodeEventWatcher.java:onTimeout(47)) - RetriableDatanodeCommand type=deleteBlocksCommand with id=1564979932965 timed out. Retrying.
2019-08-05 04:39:06,004 INFO  commands.RetriableDatanodeEventWatcher (RetriableDatanodeEventWatcher.java:onTimeout(47)) - RetriableDatanodeCommand type=deleteBlocksCommand with id=1564979933034 timed out. Retrying.
2019-08-05 04:39:06,011 INFO  commands.RetriableDatanodeEventWatcher (RetriableDatanodeEventWatcher.java:onTimeout(47)) - RetriableDatanodeCommand type=deleteBlocksCommand with id=1564979932975 timed out. Retrying.
2019-08-05 04:39:06,019 INFO  commands.RetriableDatanodeEventWatcher (RetriableDatanodeEventWatcher.java:onTimeout(47)) - RetriableDatanodeCommand type=deleteBlocksCommand with id=1564979933044 timed out. Retrying.
2019-08-05 04:39:06,025 INFO  commands.RetriableDatanodeEventWatcher (RetriableDatanodeEventWatcher.java:onTimeout(47)) - RetriableDatanodeCommand type=deleteBlocksCommand with id=1564979932985 timed out. Retrying.
2019-08-05 04:39:06,035 INFO  commands.RetriableDatanodeEventWatcher (RetriableDatanodeEventWatcher.java:onTimeout(47)) - RetriableDatanodeCommand type=deleteBlocksCommand with id=1564979932926 timed out. Retrying.
2019-08-05 04:39:06,043 INFO  commands.RetriableDatanodeEventWatcher (RetriableDatanodeEventWatcher.java:onTimeout(47)) - RetriableDatanodeCommand type=deleteBlocksCommand with id=1564979932995 timed out. Retrying.
2019-08-05 04:39:06,052 INFO  commands.RetriableDatanodeEventWatcher (RetriableDatanodeEventWatcher.java:onTimeout(47)) - RetriableDatanodeCommand type=deleteBlocksCommand with id=1564979932936 timed out. Retrying.
2019-08-05 04:39:06,061 INFO  commands.RetriableDatanodeEventWatcher (RetriableDatanodeEventWatcher.java:onTimeout(47)) - RetriableDatanodeCommand type=deleteBlocksCommand with id=1564979933005 timed out. Retrying.
2019-08-05 04:39:06,067 INFO  commands.RetriableDatanodeEventWatcher (RetriableDatanodeEventWatcher.java:onTimeout(47)) - RetriableDatanodeCommand type=deleteBlocksCommand with id=1564979932946 timed out. Retrying.
2019-08-05 04:39:06,067 DEBUG block.SCMBlockDeletingService (SCMBlockDeletingService.java:call(138)) - Running DeletedBlockTransactionScanner
2019-08-05 04:39:06,068 DEBUG block.SCMBlockDeletingService (SCMBlockDeletingService.java:call(155)) - Scanned deleted blocks log and got 3 delTX to process.
2019-08-05 04:39:06,068 DEBUG block.SCMBlockDeletingService (SCMBlockDeletingService.java:call(171)) - Added delete block command for datanode 3f4de2de-7d09-498f-aead-42327df81d94 in the queue, number of delete block transactions: 3, TxID list: 1,2,3
2019-08-05 04:39:06,069 INFO  block.SCMBlockDeletingService (SCMBlockDeletingService.java:call(182)) - Totally added 3 delete blocks command for 1 datanodes, task elapsed time: 1ms
2019-08-05 04:39:06,076 INFO  commands.RetriableDatanodeEventWatcher (RetriableDatanodeEventWatcher.java:onTimeout(47)) - RetriableDatanodeCommand type=deleteBlocksCommand with id=1564979933015 timed out. Retrying.
2019-08-05 04:39:06,080 INFO  commands.RetriableDatanodeEventWatcher (RetriableDatanodeEventWatcher.java:onTimeout(47)) - RetriableDatanodeCommand type=deleteBlocksCommand with id=1564979932956 timed out. Retrying.
2019-08-05 04:39:06,090 INFO  commands.RetriableDatanodeEventWatcher (RetriableDatanodeEventWatcher.java:onTimeout(47)) - RetriableDatanodeCommand type=deleteBlocksCommand with id=1564979933025 timed out. Retrying.
2019-08-05 04:39:06,098 INFO  impl.FollowerState (FollowerState.java:run(106)) - 3f4de2de-7d09-498f-aead-42327df81d94:group-C7908E81CC6B changes to CANDIDATE, lastRpcTime:5161, electionTimeout:5161ms
2019-08-05 04:39:06,099 INFO  impl.RoleInfo (RoleInfo.java:shutdownFollowerState(121)) - 3f4de2de-7d09-498f-aead-42327df81d94: shutdown FollowerState
2019-08-05 04:39:06,100 INFO  impl.RaftServerImpl (RaftServerImpl.java:setRole(171)) - 3f4de2de-7d09-498f-aead-42327df81d94:group-C7908E81CC6B changes role from FOLLOWER to CANDIDATE at term 1 for changeToCandidate
2019-08-05 04:39:06,100 INFO  impl.RoleInfo (RoleInfo.java:updateAndGet(143)) - 3f4de2de-7d09-498f-aead-42327df81d94: start LeaderElection
2019-08-05 04:39:06,100 INFO  commands.RetriableDatanodeEventWatcher (RetriableDatanodeEventWatcher.java:onTimeout(47)) - RetriableDatanodeCommand type=deleteBlocksCommand with id=1564979932966 timed out. Retrying.
2019-08-05 04:39:06,105 INFO  commands.RetriableDatanodeEventWatcher (RetriableDatanodeEventWatcher.java:onTimeout(47)) - RetriableDatanodeCommand type=deleteBlocksCommand with id=1564979933035 timed out. Retrying.
2019-08-05 04:39:06,112 INFO  commands.RetriableDatanodeEventWatcher (RetriableDatanodeEventWatcher.java:onTimeout(47)) - RetriableDatanodeCommand type=deleteBlocksCommand with id=1564979932976 timed out. Retrying.
2019-08-05 04:39:06,116 INFO  impl.LeaderElection (LeaderElection.java:askForVotes(181)) - 3f4de2de-7d09-498f-aead-42327df81d94:group-C7908E81CC6B:LeaderElection2: begin an election at term 2 for 0: [3f4de2de-7d09-498f-aead-42327df81d94:192.168.157.247:41860], old=null
2019-08-05 04:39:06,118 INFO  impl.RoleInfo (RoleInfo.java:shutdownLeaderElection(134)) - 3f4de2de-7d09-498f-aead-42327df81d94: shutdown LeaderElection
2019-08-05 04:39:06,118 INFO  impl.RaftServerImpl (RaftServerImpl.java:setRole(171)) - 3f4de2de-7d09-498f-aead-42327df81d94:group-C7908E81CC6B changes role from CANDIDATE to LEADER at term 2 for changeToLeader
2019-08-05 04:39:06,118 INFO  impl.RaftServerImpl (ServerState.java:setLeader(263)) - 3f4de2de-7d09-498f-aead-42327df81d94:group-C7908E81CC6B change Leader from null to 3f4de2de-7d09-498f-aead-42327df81d94 at term 2 for becomeLeader, leader elected after 7395ms
2019-08-05 04:39:06,118 INFO  server.RaftServerConfigKeys (ConfUtils.java:logGet(43)) - raft.server.staging.catchup.gap = 1000 (default)
2019-08-05 04:39:06,118 INFO  server.RaftServerConfigKeys (ConfUtils.java:logGet(43)) - raft.server.rpc.sleep.time = 25ms (default)
2019-08-05 04:39:06,119 INFO  server.RaftServerConfigKeys (ConfUtils.java:logGet(43)) - raft.server.write.element-limit = 4096 (default)
2019-08-05 04:39:06,119 INFO  server.RaftServerConfigKeys (ConfUtils.java:logGet(43)) - raft.server.watch.timeout = 10s (default)
2019-08-05 04:39:06,119 INFO  server.RaftServerConfigKeys (ConfUtils.java:logGet(43)) - raft.server.watch.timeout.denomination = 1s (default)
2019-08-05 04:39:06,119 INFO  server.RaftServerConfigKeys (ConfUtils.java:logGet(43)) - raft.server.watch.element-limit = 65536 (default)
2019-08-05 04:39:06,120 INFO  impl.RoleInfo (RoleInfo.java:updateAndGet(143)) - 3f4de2de-7d09-498f-aead-42327df81d94: start LeaderState
2019-08-05 04:39:06,120 INFO  commands.RetriableDatanodeEventWatcher (RetriableDatanodeEventWatcher.java:onTimeout(47)) - RetriableDatanodeCommand type=deleteBlocksCommand with id=1564979933045 timed out. Retrying.
2019-08-05 04:39:06,121 INFO  segmented.SegmentedRaftLogWorker (SegmentedRaftLogWorker.java:rollLogSegment(385)) - 3f4de2de-7d09-498f-aead-42327df81d94-SegmentedRaftLogWorker:Storage Directory /workdir/hadoop-ozone/integration-test/target/test-dir/MiniOzoneClusterImpl-af67ccff-b14d-4344-aca9-2553e8e333a6/datanode-0/data/ratis/25174f8a-9958-42d2-a9fa-c7908e81cc6b: Rolling segment log-5566_6292 to index:6292
2019-08-05 04:39:06,124 INFO  impl.RaftServerImpl (ServerState.java:setRaftConf(361)) - 3f4de2de-7d09-498f-aead-42327df81d94:group-C7908E81CC6B set configuration 6293: [3f4de2de-7d09-498f-aead-42327df81d94:192.168.157.247:41860], old=null at 6293
2019-08-05 04:39:06,124 INFO  segmented.SegmentedRaftLogWorker (SegmentedRaftLogWorker.java:execute(526)) - 3f4de2de-7d09-498f-aead-42327df81d94-SegmentedRaftLogWorker:Storage Directory /workdir/hadoop-ozone/integration-test/target/test-dir/MiniOzoneClusterImpl-af67ccff-b14d-4344-aca9-2553e8e333a6/datanode-0/data/ratis/25174f8a-9958-42d2-a9fa-c7908e81cc6b: Rolled log segment from /workdir/hadoop-ozone/integration-test/target/test-dir/MiniOzoneClusterImpl-af67ccff-b14d-4344-aca9-2553e8e333a6/datanode-0/data/ratis/25174f8a-9958-42d2-a9fa-c7908e81cc6b/current/log_inprogress_5566 to /workdir/hadoop-ozone/integration-test/target/test-dir/MiniOzoneClusterImpl-af67ccff-b14d-4344-aca9-2553e8e333a6/datanode-0/data/ratis/25174f8a-9958-42d2-a9fa-c7908e81cc6b/current/log_5566-6292
2019-08-05 04:39:06,131 INFO  commands.RetriableDatanodeEventWatcher (RetriableDatanodeEventWatcher.java:onTimeout(47)) - RetriableDatanodeCommand type=deleteBlocksCommand with id=1564979932986 timed out. Retrying.
2019-08-05 04:39:06,137 INFO  commands.RetriableDatanodeEventWatcher (RetriableDatanodeEventWatcher.java:onTimeout(47)) - RetriableDatanodeCommand type=deleteBlocksCommand with id=1564979932927 timed out. Retrying.
2019-08-05 04:39:06,143 INFO  commands.RetriableDatanodeEventWatcher (RetriableDatanodeEventWatcher.java:onTimeout(47)) - RetriableDatanodeCommand type=deleteBlocksCommand with id=1564979932996 timed out. Retrying.
2019-08-05 04:39:06,150 INFO  block.SCMBlockDeletingService (SCMBlockDeletingService.java:handlePendingDeletes(115)) - Block deletion txnID mismatch in datanode 3f4de2de-7d09-498f-aead-42327df81d94 for containerID 1. Datanode delete txnID: 0, SCM txnID: 1
2019-08-05 04:39:06,151 INFO  block.SCMBlockDeletingService (SCMBlockDeletingService.java:handlePendingDeletes(115)) - Block deletion txnID mismatch in datanode 3f4de2de-7d09-498f-aead-42327df81d94 for containerID 2. Datanode delete txnID: 0, SCM txnID: 2
2019-08-05 04:39:06,151 INFO  block.SCMBlockDeletingService (SCMBlockDeletingService.java:handlePendingDeletes(115)) - Block deletion txnID mismatch in datanode 3f4de2de-7d09-498f-aead-42327df81d94 for containerID 3. Datanode delete txnID: 0, SCM txnID: 3
2019-08-05 04:39:06,153 INFO  commands.RetriableDatanodeEventWatcher (RetriableDatanodeEventWatcher.java:onTimeout(47)) - RetriableDatanodeCommand type=deleteBlocksCommand with id=1564979932937 timed out. Retrying.
2019-08-05 04:39:06,155 INFO  segmented.SegmentedRaftLogWorker (SegmentedRaftLogWorker.java:execute(569)) - 3f4de2de-7d09-498f-aead-42327df81d94-SegmentedRaftLogWorker:Storage Directory /workdir/hadoop-ozone/integration-test/target/test-dir/MiniOzoneClusterImpl-af67ccff-b14d-4344-aca9-2553e8e333a6/datanode-0/data/ratis/25174f8a-9958-42d2-a9fa-c7908e81cc6b: created new log segment /workdir/hadoop-ozone/integration-test/target/test-dir/MiniOzoneClusterImpl-af67ccff-b14d-4344-aca9-2553e8e333a6/datanode-0/data/ratis/25174f8a-9958-42d2-a9fa-c7908e81cc6b/current/log_inprogress_6293
2019-08-05 04:39:06,161 INFO  commands.RetriableDatanodeEventWatcher (RetriableDatanodeEventWatcher.java:onTimeout(47)) - RetriableDatanodeCommand type=deleteBlocksCommand with id=1564979933006 timed out. Retrying.
2019-08-05 04:39:06,166 INFO  commands.RetriableDatanodeEventWatcher (RetriableDatanodeEventWatcher.java:onTimeout(47)) - RetriableDatanodeCommand type=deleteBlocksCommand with id=1564979932947 timed out. Retrying.
2019-08-05 04:39:06,169 DEBUG block.SCMBlockDeletingService (SCMBlockDeletingService.java:call(138)) - Running DeletedBlockTransactionScanner
2019-08-05 04:39:06,170 DEBUG block.SCMBlockDeletingService (SCMBlockDeletingService.java:call(155)) - Scanned deleted blocks log and got 3 delTX to process.
2019-08-05 04:39:06,170 DEBUG block.SCMBlockDeletingService (SCMBlockDeletingService.java:call(171)) - Added delete block command for datanode 3f4de2de-7d09-498f-aead-42327df81d94 in the queue, number of delete block transactions: 3, TxID list: 1,2,3
2019-08-05 04:39:06,171 INFO  block.SCMBlockDeletingService (SCMBlockDeletingService.java:call(182)) - Totally added 3 delete blocks command for 1 datanodes, task elapsed time: 1ms
2019-08-05 04:39:06,178 INFO  commands.RetriableDatanodeEventWatcher (RetriableDatanodeEventWatcher.java:onTimeout(47)) - RetriableDatanodeCommand type=deleteBlocksCommand with id=1564979933016 timed out. Retrying.
2019-08-05 04:39:06,186 INFO  commands.RetriableDatanodeEventWatcher (RetriableDatanodeEventWatcher.java:onTimeout(47)) - RetriableDatanodeCommand type=deleteBlocksCommand with id=1564979932957 timed out. Retrying.
2019-08-05 04:39:06,192 INFO  commands.RetriableDatanodeEventWatcher (RetriableDatanodeEventWatcher.java:onTimeout(47)) - RetriableDatanodeCommand type=deleteBlocksCommand with id=1564979933026 timed out. Retrying.
2019-08-05 04:39:06,198 INFO  commands.RetriableDatanodeEventWatcher (RetriableDatanodeEventWatcher.java:onTimeout(47)) - RetriableDatanodeCommand type=deleteBlocksCommand with id=1564979932967 timed out. Retrying.
2019-08-05 04:39:06,208 INFO  block.SCMBlockDeletingService (SCMBlockDeletingService.java:handlePendingDeletes(115)) - Block deletion txnID mismatch in datanode 3f4de2de-7d09-498f-aead-42327df81d94 for containerID 1. Datanode delete txnID: 0, SCM txnID: 1
2019-08-05 04:39:06,209 INFO  block.SCMBlockDeletingService (SCMBlockDeletingService.java:handlePendingDeletes(115)) - Block deletion txnID mismatch in datanode 3f4de2de-7d09-498f-aead-42327df81d94 for containerID 2. Datanode delete txnID: 0, SCM txnID: 2
2019-08-05 04:39:06,209 INFO  block.SCMBlockDeletingService (SCMBlockDeletingService.java:handlePendingDeletes(115)) - Block deletion txnID mismatch in datanode 3f4de2de-7d09-498f-aead-42327df81d94 for containerID 3. Datanode delete txnID: 0, SCM txnID: 3
2019-08-05 04:39:06,271 INFO  commands.RetriableDatanodeEventWatcher (RetriableDatanodeEventWatcher.java:onTimeout(47)) - RetriableDatanodeCommand type=deleteBlocksCommand with id=1564979933046 timed out. Retrying.
2019-08-05 04:39:06,271 INFO  commands.RetriableDatanodeEventWatcher (SCMBlockDeletingService.java:call(138)) - Running DeletedBlockTransactionScanner
2019-08-05 04:39:06,271 INFO  commands.RetriableDatanodeEventWatcher (RetriableDatanodeEventWatcher.java:onTimeout(47)) - RetriableDatanodeCommand type=deleteBlocksCommand with id=1564979932977 timed out. Retrying.
2019-08-05 04:39:06,271 INFO  commands.RetriableDatanodeEventWatcher (RetriableDatanodeEventWatcher.java:onTimeout(47)) - RetriableDatanodeCommand type=deleteBlocksCommand with id=1564979932928 timed out. Retrying.
2019-08-05 04:39:06,272 INFO  commands.RetriableDatanodeEventWatcher (RetriableDatanodeEventWatcher.java:onTimeout(47)) - RetriableDatanodeCommand type=deleteBlocksCommand with id=1564979932948 timed out. Retrying.
SCMBlockDeletingService.java:call(155)) - Scanned deleted blocks log and got 3 delTX to process.
2019-08-05 04:39:06,272 INFO  commands.RetriableDatanodeEventWatcher (RetriableDatanodeEventWatcher.java:onTimeout(47)) - RetriableDatanodeCommand type=deleteBlocksCommand with id=1564979932948 timed out. Retrying.
2019-08-05 04:39:06,272 INFO  commands.RetriableDatanodeEventWatcher (RetriableDatanodeEventWatcher.java:onTimeout(47)) - RetriableDatanodeCommand type=deleteBlocksCommand with id=1564979932938 timed out. Retrying.
SCMBlockDeletingService.java:call(171)) - Added delete block command for datanode 3f4de2de-7d09-498f-aead-42327df81d94 in the queue, number of delete block transactions: 3, TxID list: 1,2,3
2019-08-05 04:39:06,272 INFO  commands.RetriableDatanodeEventWatcher (RetriableDatanodeEventWatcher.java:onTimeout(47)) - RetriableDatanodeCommand type=deleteBlocksCommand with id=1564979932938 timed out. Retrying.
2019-08-05 04:39:06,272 INFO  commands.RetriableDatanodeEventWatcher (RetriableDatanodeEventWatcher.java:onTimeout(47)) - RetriableDatanodeCommand type=deleteBlocksCommand with id=1564979933036 timed out. Retrying.
2019-08-05 04:39:06,273 INFO  commands.RetriableDatanodeEventWatcher (SCMBlockDeletingService.java:call(182)) - Totally added 3 delete blocks command for 1 datanodes, task elapsed time: 1ms
2019-08-05 04:39:06,273 INFO  commands.RetriableDatanodeEventWatcher (RetriableDatanodeEventWatcher.java:onTimeout(47)) - RetriableDatanodeCommand type=deleteBlocksCommand with id=1564979932987 timed out. Retrying.
2019-08-05 04:39:06,273 INFO  commands.RetriableDatanodeEventWatcher (RetriableDatanodeEventWatcher.java:onTimeout(47)) - RetriableDatanodeCommand type=deleteBlocksCommand with id=1564979932997 timed out. Retrying.
2019-08-05 04:39:06,273 INFO  commands.RetriableDatanodeEventWatcher (RetriableDatanodeEventWatcher.java:onTimeout(47)) - RetriableDatanodeCommand type=deleteBlocksCommand with id=1564979933007 timed out. Retrying.
2019-08-05 04:39:06,278 INFO  commands.RetriableDatanodeEventWatcher (RetriableDatanodeEventWatcher.java:onTimeout(47)) - RetriableDatanodeCommand type=deleteBlocksCommand with id=1564979933017 timed out. Retrying.
2019-08-05 04:39:06,285 INFO  commands.RetriableDatanodeEventWatcher (RetriableDatanodeEventWatcher.java:onTimeout(47)) - RetriableDatanodeCommand type=deleteBlocksCommand with id=1564979932958 timed out. Retrying.
2019-08-05 04:39:06,293 INFO  commands.RetriableDatanodeEventWatcher (RetriableDatanodeEventWatcher.java:onTimeout(47)) - RetriableDatanodeCommand type=deleteBlocksCommand with id=1564979933027 timed out. Retrying.
2019-08-05 04:39:06,305 INFO  commands.RetriableDatanodeEventWatcher (RetriableDatanodeEventWatcher.java:onTimeout(47)) - RetriableDatanodeCommand type=deleteBlocksCommand with id=1564979932968 timed out. Retrying.
2019-08-05 04:39:06,309 INFO  commands.RetriableDatanodeEventWatcher (RetriableDatanodeEventWatcher.java:onTimeout(47)) - RetriableDatanodeCommand type=deleteBlocksCommand with id=1564979933037 timed out. Retrying.
2019-08-05 04:39:06,314 INFO  commands.RetriableDatanodeEventWatcher (RetriableDatanodeEventWatcher.java:onTimeout(47)) - RetriableDatanodeCommand type=deleteBlocksCommand with id=1564979932978 timed out. Retrying.
2019-08-05 04:39:06,330 INFO  commands.RetriableDatanodeEventWatcher (RetriableDatanodeEventWatcher.java:onTimeout(47)) - RetriableDatanodeCommand type=deleteBlocksCommand with id=1564979932988 timed out. Retrying.
2019-08-05 04:39:06,341 INFO  commands.RetriableDatanodeEventWatcher (RetriableDatanodeEventWatcher.java:onTimeout(47)) - RetriableDatanodeCommand type=deleteBlocksCommand with id=1564979932929 timed out. Retrying.
2019-08-05 04:39:06,346 INFO  commands.RetriableDatanodeEventWatcher (RetriableDatanodeEventWatcher.java:onTimeout(47)) - RetriableDatanodeCommand type=deleteBlocksCommand with id=1564979932998 timed out. Retrying.
2019-08-05 04:39:06,356 INFO  commands.RetriableDatanodeEventWatcher (RetriableDatanodeEventWatcher.java:onTimeout(47)) - RetriableDatanodeCommand type=deleteBlocksCommand with id=1564979933047 timed out. Retrying.
2019-08-05 04:39:06,356 INFO  commands.RetriableDatanodeEventWatcher (RetriableDatanodeEventWatcher.java:onTimeout(47)) - RetriableDatanodeCommand type=deleteBlocksCommand with id=1564979932939 timed out. Retrying.
2019-08-05 04:39:06,364 WARN  ipc.Server (Server.java:setupResponse(2950)) - Large response size 4307230 for call Call#2067 Retry#0 org.apache.hadoop.ozone.protocol.StorageContainerDatanodeProtocol.sendHeartbeat from 192.168.157.247:53294
2019-08-05 04:39:06,365 INFO  commands.RetriableDatanodeEventWatcher (Server.java:processResponse(1523)) - IPC Server handler 1 on 38550, call Call#2067 Retry#0 org.apache.hadoop.ozone.protocol.StorageContainerDatanodeProtocol.sendHeartbeat from 192.168.157.247:53294: output error
2019-08-05 04:39:06,365 INFO  commands.RetriableDatanodeEventWatcher (RetriableDatanodeEventWatcher.java:onTimeout(47)) - RetriableDatanodeCommand type=deleteBlocksCommand with id=1564979933008 timed out. Retrying.
2019-08-05 04:39:06,365 INFO  ipc.Server (Server.java:run(2695)) - IPC Server handler 1 on 38550 caught an exception
java.nio.channels.ClosedChannelException
	at sun.nio.ch.SocketChannelImpl.ensureWriteOpen(SocketChannelImpl.java:270)
	at sun.nio.ch.SocketChannelImpl.write(SocketChannelImpl.java:461)
	at org.apache.hadoop.ipc.Server.channelIO(Server.java:3298)
	at org.apache.hadoop.ipc.Server.channelWrite(Server.java:3250)
	at org.apache.hadoop.ipc.Server.access$1700(Server.java:137)
	at org.apache.hadoop.ipc.Server$Responder.processResponse(Server.java:1473)
	at org.apache.hadoop.ipc.Server$Responder.doRespond(Server.java:1543)
	at org.apache.hadoop.ipc.Server$Connection.sendResponse(Server.java:2593)
	at org.apache.hadoop.ipc.Server$Connection.access$300(Server.java:1615)
	at org.apache.hadoop.ipc.Server$RpcCall.doResponse(Server.java:940)
	at org.apache.hadoop.ipc.Server$Call.sendResponse(Server.java:774)
	at org.apache.hadoop.ipc.Server$RpcCall.run(Server.java:885)
	at org.apache.hadoop.ipc.Server$RpcCall.run(Server.java:822)
	at java.security.AccessController.doPrivileged(Native Method)
	at javax.security.auth.Subject.doAs(Subject.java:422)
	at org.apache.hadoop.security.UserGroupInformation.doAs(UserGroupInformation.java:1730)
	at org.apache.hadoop.ipc.Server$Handler.run(Server.java:2682)
2019-08-05 04:39:06,370 INFO  commands.RetriableDatanodeEventWatcher (RetriableDatanodeEventWatcher.java:onTimeout(47)) - RetriableDatanodeCommand type=deleteBlocksCommand with id=1564979932949 timed out. Retrying.
2019-08-05 04:39:06,373 DEBUG block.SCMBlockDeletingService (SCMBlockDeletingService.java:call(138)) - Running DeletedBlockTransactionScanner
2019-08-05 04:39:06,373 DEBUG block.SCMBlockDeletingService (SCMBlockDeletingService.java:call(155)) - Scanned deleted blocks log and got 3 delTX to process.
2019-08-05 04:39:06,374 DEBUG block.SCMBlockDeletingService (SCMBlockDeletingService.java:call(171)) - Added delete block command for datanode 3f4de2de-7d09-498f-aead-42327df81d94 in the queue, number of delete block transactions: 3, TxID list: 1,2,3
2019-08-05 04:39:06,374 INFO  block.SCMBlockDeletingService (SCMBlockDeletingService.java:call(182)) - Totally added 3 delete blocks command for 1 datanodes, task elapsed time: 1ms
2019-08-05 04:39:06,380 INFO  commands.RetriableDatanodeEventWatcher (RetriableDatanodeEventWatcher.java:onTimeout(47)) - RetriableDatanodeCommand type=deleteBlocksCommand with id=1564979933018 timed out. Retrying.
2019-08-05 04:39:06,387 INFO  commands.RetriableDatanodeEventWatcher (RetriableDatanodeEventWatcher.java:onTimeout(47)) - RetriableDatanodeCommand type=deleteBlocksCommand with id=1564979932959 timed out. Retrying.
2019-08-05 04:39:06,396 INFO  commands.RetriableDatanodeEventWatcher (RetriableDatanodeEventWatcher.java:onTimeout(47)) - RetriableDatanodeCommand type=deleteBlocksCommand with id=1564979933028 timed out. Retrying.
2019-08-05 04:39:06,400 INFO  commands.RetriableDatanodeEventWatcher (RetriableDatanodeEventWatcher.java:onTimeout(47)) - RetriableDatanodeCommand type=deleteBlocksCommand with id=1564979932969 timed out. Retrying.
2019-08-05 04:39:06,410 INFO  commands.RetriableDatanodeEventWatcher (RetriableDatanodeEventWatcher.java:onTimeout(47)) - RetriableDatanodeCommand type=deleteBlocksCommand with id=1564979933038 timed out. Retrying.
2019-08-05 04:39:06,419 INFO  commands.RetriableDatanodeEventWatcher (RetriableDatanodeEventWatcher.java:onTimeout(47)) - RetriableDatanodeCommand type=deleteBlocksCommand with id=1564979932979 timed out. Retrying.
2019-08-05 04:39:06,433 INFO  commands.RetriableDatanodeEventWatcher (RetriableDatanodeEventWatcher.java:onTimeout(47)) - RetriableDatanodeCommand type=deleteBlocksCommand with id=1564979932989 timed out. Retrying.
2019-08-05 04:39:06,441 INFO  commands.RetriableDatanodeEventWatcher (RetriableDatanodeEventWatcher.java:onTimeout(47)) - RetriableDatanodeCommand type=deleteBlocksCommand with id=1564979932930 timed out. Retrying.
2019-08-05 04:39:06,450 INFO  commands.RetriableDatanodeEventWatcher (RetriableDatanodeEventWatcher.java:onTimeout(47)) - RetriableDatanodeCommand type=deleteBlocksCommand with id=1564979932999 timed out. Retrying.
2019-08-05 04:39:06,454 INFO  commands.RetriableDatanodeEventWatcher (RetriableDatanodeEventWatcher.java:onTimeout(47)) - RetriableDatanodeCommand type=deleteBlocksCommand with id=1564979932940 timed out. Retrying.
2019-08-05 04:39:06,456 INFO  commands.RetriableDatanodeEventWatcher (RetriableDatanodeEventWatcher.java:onTimeout(47)) - RetriableDatanodeCommand type=deleteBlocksCommand with id=1564979933048 timed out. Retrying.
2019-08-05 04:39:06,468 INFO  commands.RetriableDatanodeEventWatcher (RetriableDatanodeEventWatcher.java:onTimeout(47)) - RetriableDatanodeCommand type=deleteBlocksCommand with id=1564979933009 timed out. Retrying.
2019-08-05 04:39:06,471 INFO  commands.RetriableDatanodeEventWatcher (RetriableDatanodeEventWatcher.java:onTimeout(47)) - RetriableDatanodeCommand type=deleteBlocksCommand with id=1564979932950 timed out. Retrying.
2019-08-05 04:39:06,475 DEBUG block.SCMBlockDeletingService (SCMBlockDeletingService.java:call(138)) - Running DeletedBlockTransactionScanner
2019-08-05 04:39:06,475 DEBUG block.SCMBlockDeletingService (SCMBlockDeletingService.java:call(155)) - Scanned deleted blocks log and got 3 delTX to process.
2019-08-05 04:39:06,475 DEBUG block.SCMBlockDeletingService (SCMBlockDeletingService.java:call(171)) - Added delete block command for datanode 3f4de2de-7d09-498f-aead-42327df81d94 in the queue, number of delete block transactions: 3, TxID list: 1,2,3
2019-08-05 04:39:06,476 INFO  block.SCMBlockDeletingService (SCMBlockDeletingService.java:call(182)) - Totally added 3 delete blocks command for 1 datanodes, task elapsed time: 1ms
2019-08-05 04:39:06,482 INFO  commands.RetriableDatanodeEventWatcher (RetriableDatanodeEventWatcher.java:onTimeout(47)) - RetriableDatanodeCommand type=deleteBlocksCommand with id=1564979933019 timed out. Retrying.
2019-08-05 04:39:06,488 INFO  commands.RetriableDatanodeEventWatcher (RetriableDatanodeEventWatcher.java:onTimeout(47)) - RetriableDatanodeCommand type=deleteBlocksCommand with id=1564979932960 timed out. Retrying.
2019-08-05 04:39:06,497 INFO  commands.RetriableDatanodeEventWatcher (RetriableDatanodeEventWatcher.java:onTimeout(47)) - RetriableDatanodeCommand type=deleteBlocksCommand with id=1564979933029 timed out. Retrying.
2019-08-05 04:39:06,504 INFO  commands.RetriableDatanodeEventWatcher (RetriableDatanodeEventWatcher.java:onTimeout(47)) - RetriableDatanodeCommand type=deleteBlocksCommand with id=1564979932970 timed out. Retrying.
2019-08-05 04:39:06,512 INFO  commands.RetriableDatanodeEventWatcher (RetriableDatanodeEventWatcher.java:onTimeout(47)) - RetriableDatanodeCommand type=deleteBlocksCommand with id=1564979933039 timed out. Retrying.
2019-08-05 04:39:06,519 INFO  commands.RetriableDatanodeEventWatcher (RetriableDatanodeEventWatcher.java:onTimeout(47)) - RetriableDatanodeCommand type=deleteBlocksCommand with id=1564979932980 timed out. Retrying.
2019-08-05 04:39:06,533 INFO  commands.RetriableDatanodeEventWatcher (RetriableDatanodeEventWatcher.java:onTimeout(47)) - RetriableDatanodeCommand type=deleteBlocksCommand with id=1564979932990 timed out. Retrying.
2019-08-05 04:39:06,543 INFO  commands.RetriableDatanodeEventWatcher (RetriableDatanodeEventWatcher.java:onTimeout(47)) - RetriableDatanodeCommand type=deleteBlocksCommand with id=1564979932931 timed out. Retrying.
2019-08-05 04:39:06,551 INFO  commands.RetriableDatanodeEventWatcher (RetriableDatanodeEventWatcher.java:onTimeout(47)) - RetriableDatanodeCommand type=deleteBlocksCommand with id=1564979933000 timed out. Retrying.
2019-08-05 04:39:06,559 INFO  commands.RetriableDatanodeEventWatcher (RetriableDatanodeEventWatcher.java:onTimeout(47)) - RetriableDatanodeCommand type=deleteBlocksCommand with id=1564979933049 timed out. Retrying.
2019-08-05 04:39:06,559 INFO  commands.RetriableDatanodeEventWatcher (RetriableDatanodeEventWatcher.java:onTimeout(47)) - RetriableDatanodeCommand type=deleteBlocksCommand with id=1564979932941 timed out. Retrying.
2019-08-05 04:39:06,567 INFO  commands.RetriableDatanodeEventWatcher (RetriableDatanodeEventWatcher.java:onTimeout(47)) - RetriableDatanodeCommand type=deleteBlocksCommand with id=1564979933010 timed out. Retrying.
2019-08-05 04:39:06,574 INFO  commands.RetriableDatanodeEventWatcher (RetriableDatanodeEventWatcher.java:onTimeout(47)) - RetriableDatanodeCommand type=deleteBlocksCommand with id=1564979932951 timed out. Retrying.
2019-08-05 04:39:06,576 DEBUG block.SCMBlockDeletingService (SCMBlockDeletingService.java:call(138)) - Running DeletedBlockTransactionScanner
2019-08-05 04:39:06,576 DEBUG block.SCMBlockDeletingService (SCMBlockDeletingService.java:call(155)) - Scanned deleted blocks log and got 3 delTX to process.
2019-08-05 04:39:06,577 DEBUG block.SCMBlockDeletingService (SCMBlockDeletingService.java:call(171)) - Added delete block command for datanode 3f4de2de-7d09-498f-aead-42327df81d94 in the queue, number of delete block transactions: 3, TxID list: 1,2,3
2019-08-05 04:39:06,577 INFO  block.SCMBlockDeletingService (SCMBlockDeletingService.java:call(182)) - Totally added 3 delete blocks command for 1 datanodes, task elapsed time: 1ms
2019-08-05 04:39:06,582 INFO  commands.RetriableDatanodeEventWatcher (RetriableDatanodeEventWatcher.java:onTimeout(47)) - RetriableDatanodeCommand type=deleteBlocksCommand with id=1564979933020 timed out. Retrying.
2019-08-05 04:39:06,589 INFO  commands.RetriableDatanodeEventWatcher (RetriableDatanodeEventWatcher.java:onTimeout(47)) - RetriableDatanodeCommand type=deleteBlocksCommand with id=1564979932961 timed out. Retrying.
2019-08-05 04:39:06,598 INFO  commands.RetriableDatanodeEventWatcher (RetriableDatanodeEventWatcher.java:onTimeout(47)) - RetriableDatanodeCommand type=deleteBlocksCommand with id=1564979933030 timed out. Retrying.
2019-08-05 04:39:06,606 INFO  commands.RetriableDatanodeEventWatcher (RetriableDatanodeEventWatcher.java:onTimeout(47)) - RetriableDatanodeCommand type=deleteBlocksCommand with id=1564979932971 timed out. Retrying.
2019-08-05 04:39:06,613 INFO  commands.RetriableDatanodeEventWatcher (RetriableDatanodeEventWatcher.java:onTimeout(47)) - RetriableDatanodeCommand type=deleteBlocksCommand with id=1564979933040 timed out. Retrying.
2019-08-05 04:39:06,620 INFO  commands.RetriableDatanodeEventWatcher (RetriableDatanodeEventWatcher.java:onTimeout(47)) - RetriableDatanodeCommand type=deleteBlocksCommand with id=1564979932981 timed out. Retrying.
2019-08-05 04:39:06,637 INFO  commands.RetriableDatanodeEventWatcher (RetriableDatanodeEventWatcher.java:onTimeout(47)) - RetriableDatanodeCommand type=deleteBlocksCommand with id=1564979932991 timed out. Retrying.
2019-08-05 04:39:06,646 INFO  commands.RetriableDatanodeEventWatcher (RetriableDatanodeEventWatcher.java:onTimeout(47)) - RetriableDatanodeCommand type=deleteBlocksCommand with id=1564979932932 timed out. Retrying.
2019-08-05 04:39:06,653 INFO  commands.RetriableDatanodeEventWatcher (RetriableDatanodeEventWatcher.java:onTimeout(47)) - RetriableDatanodeCommand type=deleteBlocksCommand with id=1564979933001 timed out. Retrying.
2019-08-05 04:39:06,660 INFO  commands.RetriableDatanodeEventWatcher (RetriableDatanodeEventWatcher.java:onTimeout(47)) - RetriableDatanodeCommand type=deleteBlocksCommand with id=1564979933050 timed out. Retrying.
2019-08-05 04:39:06,660 INFO  commands.RetriableDatanodeEventWatcher (RetriableDatanodeEventWatcher.java:onTimeout(47)) - RetriableDatanodeCommand type=deleteBlocksCommand with id=1564979932942 timed out. Retrying.
2019-08-05 04:39:06,670 INFO  commands.RetriableDatanodeEventWatcher (RetriableDatanodeEventWatcher.java:onTimeout(47)) - RetriableDatanodeCommand type=deleteBlocksCommand with id=1564979933011 timed out. Retrying.
2019-08-05 04:39:06,677 DEBUG block.SCMBlockDeletingService (SCMBlockDeletingService.java:call(138)) - Running DeletedBlockTransactionScanner
2019-08-05 04:39:06,678 DEBUG block.SCMBlockDeletingService (SCMBlockDeletingService.java:call(155)) - Scanned deleted blocks log and got 3 delTX to process.
2019-08-05 04:39:06,678 DEBUG block.SCMBlockDeletingService (SCMBlockDeletingService.java:call(171)) - Added delete block command for datanode 3f4de2de-7d09-498f-aead-42327df81d94 in the queue, number of delete block transactions: 3, TxID list: 1,2,3
2019-08-05 04:39:06,678 INFO  block.SCMBlockDeletingService (SCMBlockDeletingService.java:call(182)) - Totally added 3 delete blocks command for 1 datanodes, task elapsed time: 1ms
2019-08-05 04:39:06,685 INFO  commands.RetriableDatanodeEventWatcher (RetriableDatanodeEventWatcher.java:onTimeout(47)) - RetriableDatanodeCommand type=deleteBlocksCommand with id=1564979933021 timed out. Retrying.
2019-08-05 04:39:06,688 INFO  commands.RetriableDatanodeEventWatcher (RetriableDatanodeEventWatcher.java:onTimeout(47)) - RetriableDatanodeCommand type=deleteBlocksCommand with id=1564979932952 timed out. Retrying.
2019-08-05 04:39:06,692 INFO  commands.RetriableDatanodeEventWatcher (RetriableDatanodeEventWatcher.java:onTimeout(47)) - RetriableDatanodeCommand type=deleteBlocksCommand with id=1564979932962 timed out. Retrying.
2019-08-05 04:39:06,699 INFO  commands.RetriableDatanodeEventWatcher (RetriableDatanodeEventWatcher.java:onTimeout(47)) - RetriableDatanodeCommand type=deleteBlocksCommand with id=1564979933031 timed out. Retrying.
2019-08-05 04:39:06,707 INFO  commands.RetriableDatanodeEventWatcher (RetriableDatanodeEventWatcher.java:onTimeout(47)) - RetriableDatanodeCommand type=deleteBlocksCommand with id=1564979932972 timed out. Retrying.
2019-08-05 04:39:06,714 INFO  commands.RetriableDatanodeEventWatcher (RetriableDatanodeEventWatcher.java:onTimeout(47)) - RetriableDatanodeCommand type=deleteBlocksCommand with id=1564979933041 timed out. Retrying.
2019-08-05 04:39:06,722 INFO  block.SCMBlockDeletingService (SCMBlockDeletingService.java:handlePendingDeletes(115)) - Block deletion txnID mismatch in datanode 3f4de2de-7d09-498f-aead-42327df81d94 for containerID 1. Datanode delete txnID: 0, SCM txnID: 1
2019-08-05 04:39:06,722 INFO  block.SCMBlockDeletingService (SCMBlockDeletingService.java:handlePendingDeletes(115)) - Block deletion txnID mismatch in datanode 3f4de2de-7d09-498f-aead-42327df81d94 for containerID 2. Datanode delete txnID: 0, SCM txnID: 2
2019-08-05 04:39:06,722 INFO  block.SCMBlockDeletingService (SCMBlockDeletingService.java:handlePendingDeletes(115)) - Block deletion txnID mismatch in datanode 3f4de2de-7d09-498f-aead-42327df81d94 for containerID 3. Datanode delete txnID: 0, SCM txnID: 3
2019-08-05 04:39:06,725 INFO  commands.RetriableDatanodeEventWatcher (RetriableDatanodeEventWatcher.java:onTimeout(47)) - RetriableDatanodeCommand type=deleteBlocksCommand with id=1564979932982 timed out. Retrying.
2019-08-05 04:39:06,735 INFO  commands.RetriableDatanodeEventWatcher (RetriableDatanodeEventWatcher.java:onTimeout(47)) - RetriableDatanodeCommand type=deleteBlocksCommand with id=1564979932992 timed out. Retrying.
2019-08-05 04:39:06,750 INFO  commands.RetriableDatanodeEventWatcher (RetriableDatanodeEventWatcher.java:onTimeout(47)) - RetriableDatanodeCommand type=deleteBlocksCommand with id=1564979932933 timed out. Retrying.
2019-08-05 04:39:06,753 INFO  commands.RetriableDatanodeEventWatcher (RetriableDatanodeEventWatcher.java:onTimeout(47)) - RetriableDatanodeCommand type=deleteBlocksCommand with id=1564979933002 timed out. Retrying.
2019-08-05 04:39:06,762 INFO  commands.RetriableDatanodeEventWatcher (RetriableDatanodeEventWatcher.java:onTimeout(47)) - RetriableDatanodeCommand type=deleteBlocksCommand with id=1564979933051 timed out. Retrying.
2019-08-05 04:39:06,764 INFO  commands.RetriableDatanodeEventWatcher (RetriableDatanodeEventWatcher.java:onTimeout(47)) - RetriableDatanodeCommand type=deleteBlocksCommand with id=1564979932943 timed out. Retrying.
2019-08-05 04:39:06,779 DEBUG block.SCMBlockDeletingService (SCMBlockDeletingService.java:call(138)) - Running DeletedBlockTransactionScanner
2019-08-05 04:39:06,779 DEBUG block.SCMBlockDeletingService (SCMBlockDeletingService.java:call(155)) - Scanned deleted blocks log and got 3 delTX to process.
2019-08-05 04:39:06,780 DEBUG block.SCMBlockDeletingService (SCMBlockDeletingService.java:call(171)) - Added delete block command for datanode 3f4de2de-7d09-498f-aead-42327df81d94 in the queue, number of delete block transactions: 3, TxID list: 1,2,3
2019-08-05 04:39:06,780 INFO  block.SCMBlockDeletingService (SCMBlockDeletingService.java:call(182)) - Totally added 3 delete blocks command for 1 datanodes, task elapsed time: 2ms
2019-08-05 04:39:06,810 INFO  commands.RetriableDatanodeEventWatcher (RetriableDatanodeEventWatcher.java:onTimeout(47)) - RetriableDatanodeCommand type=deleteBlocksCommand with id=1564979933032 timed out. Retrying.
2019-08-05 04:39:06,810 INFO  commands.RetriableDatanodeEventWatcher (RetriableDatanodeEventWatcher.java:onTimeout(47)) - RetriableDatanodeCommand type=deleteBlocksCommand with id=1564979932973 timed out. Retrying.
2019-08-05 04:39:06,810 INFO  commands.RetriableDatanodeEventWatcher (RetriableDatanodeEventWatcher.java:onTimeout(47)) - RetriableDatanodeCommand type=deleteBlocksCommand with id=1564979933012 timed out. Retrying.
2019-08-05 04:39:06,811 INFO  commands.RetriableDatanodeEventWatcher (RetriableDatanodeEventWatcher.java:onTimeout(47)) - RetriableDatanodeCommand type=deleteBlocksCommand with id=1564979932953 timed out. Retrying.
2019-08-05 04:39:06,811 INFO  commands.RetriableDatanodeEventWatcher (RetriableDatanodeEventWatcher.java:onTimeout(47)) - RetriableDatanodeCommand type=deleteBlocksCommand with id=1564979932963 timed out. Retrying.
2019-08-05 04:39:06,811 INFO  commands.RetriableDatanodeEventWatcher (RetriableDatanodeEventWatcher.java:onTimeout(47)) - RetriableDatanodeCommand type=deleteBlocksCommand with id=1564979933022 timed out. Retrying.
2019-08-05 04:39:06,816 INFO  commands.RetriableDatanodeEventWatcher (RetriableDatanodeEventWatcher.java:onTimeout(47)) - RetriableDatanodeCommand type=deleteBlocksCommand with id=1564979933042 timed out. Retrying.
2019-08-05 04:39:06,822 INFO  commands.RetriableDatanodeEventWatcher (RetriableDatanodeEventWatcher.java:onTimeout(47)) - RetriableDatanodeCommand type=deleteBlocksCommand with id=1564979932983 timed out. Retrying.
2019-08-05 04:39:06,841 INFO  commands.RetriableDatanodeEventWatcher (RetriableDatanodeEventWatcher.java:onTimeout(47)) - RetriableDatanodeCommand type=deleteBlocksCommand with id=1564979932993 timed out. Retrying.
2019-08-05 04:39:06,848 INFO  commands.RetriableDatanodeEventWatcher (RetriableDatanodeEventWatcher.java:onTimeout(47)) - RetriableDatanodeCommand type=deleteBlocksCommand with id=1564979932934 timed out. Retrying.
2019-08-05 04:39:06,857 INFO  commands.RetriableDatanodeEventWatcher (RetriableDatanodeEventWatcher.java:onTimeout(47)) - RetriableDatanodeCommand type=deleteBlocksCommand with id=1564979933003 timed out. Retrying.
2019-08-05 04:39:06,859 INFO  commands.RetriableDatanodeEventWatcher (RetriableDatanodeEventWatcher.java:onTimeout(47)) - RetriableDatanodeCommand type=deleteBlocksCommand with id=1564979932944 timed out. Retrying.
2019-08-05 04:39:06,865 INFO  commands.RetriableDatanodeEventWatcher (RetriableDatanodeEventWatcher.java:onTimeout(47)) - RetriableDatanodeCommand type=deleteBlocksCommand with id=1564979933052 timed out. Retrying.
2019-08-05 04:39:06,874 INFO  commands.RetriableDatanodeEventWatcher (RetriableDatanodeEventWatcher.java:onTimeout(47)) - RetriableDatanodeCommand type=deleteBlocksCommand with id=1564979933013 timed out. Retrying.
2019-08-05 04:39:06,878 INFO  commands.RetriableDatanodeEventWatcher (RetriableDatanodeEventWatcher.java:onTimeout(47)) - RetriableDatanodeCommand type=deleteBlocksCommand with id=1564979932954 timed out. Retrying.
2019-08-05 04:39:06,881 DEBUG block.SCMBlockDeletingService (SCMBlockDeletingService.java:call(138)) - Running DeletedBlockTransactionScanner
2019-08-05 04:39:06,881 DEBUG block.SCMBlockDeletingService (SCMBlockDeletingService.java:call(155)) - Scanned deleted blocks log and got 3 delTX to process.
2019-08-05 04:39:06,881 DEBUG block.SCMBlockDeletingService (SCMBlockDeletingService.java:call(171)) - Added delete block command for datanode 3f4de2de-7d09-498f-aead-42327df81d94 in the queue, number of delete block transactions: 3, TxID list: 1,2,3
2019-08-05 04:39:06,881 INFO  block.SCMBlockDeletingService (SCMBlockDeletingService.java:call(182)) - Totally added 3 delete blocks command for 1 datanodes, task elapsed time: 1ms
2019-08-05 04:39:06,888 INFO  commands.RetriableDatanodeEventWatcher (RetriableDatanodeEventWatcher.java:onTimeout(47)) - RetriableDatanodeCommand type=deleteBlocksCommand with id=1564979933023 timed out. Retrying.
2019-08-05 04:39:06,894 INFO  commands.RetriableDatanodeEventWatcher (RetriableDatanodeEventWatcher.java:onTimeout(47)) - RetriableDatanodeCommand type=deleteBlocksCommand with id=1564979932964 timed out. Retrying.
2019-08-05 04:39:06,903 INFO  commands.RetriableDatanodeEventWatcher (RetriableDatanodeEventWatcher.java:onTimeout(47)) - RetriableDatanodeCommand type=deleteBlocksCommand with id=1564979933033 timed out. Retrying.
2019-08-05 04:39:06,907 INFO  commands.RetriableDatanodeEventWatcher (RetriableDatanodeEventWatcher.java:onTimeout(47)) - RetriableDatanodeCommand type=deleteBlocksCommand with id=1564979932974 timed out. Retrying.
2019-08-05 04:39:06,918 INFO  commands.RetriableDatanodeEventWatcher (RetriableDatanodeEventWatcher.java:onTimeout(47)) - RetriableDatanodeCommand type=deleteBlocksCommand with id=1564979933043 timed out. Retrying.
2019-08-05 04:39:06,922 INFO  block.SCMBlockDeletingService (SCMBlockDeletingService.java:handlePendingDeletes(115)) - Block deletion txnID mismatch in datanode 3f4de2de-7d09-498f-aead-42327df81d94 for containerID 1. Datanode delete txnID: 0, SCM txnID: 1
2019-08-05 04:39:06,922 INFO  block.SCMBlockDeletingService (SCMBlockDeletingService.java:handlePendingDeletes(115)) - Block deletion txnID mismatch in datanode 3f4de2de-7d09-498f-aead-42327df81d94 for containerID 2. Datanode delete txnID: 0, SCM txnID: 2
2019-08-05 04:39:06,922 INFO  block.SCMBlockDeletingService (SCMBlockDeletingService.java:handlePendingDeletes(115)) - Block deletion txnID mismatch in datanode 3f4de2de-7d09-498f-aead-42327df81d94 for containerID 3. Datanode delete txnID: 0, SCM txnID: 3
2019-08-05 04:39:06,923 INFO  commandhandler.DeleteBlocksCommandHandler (DeleteBlocksCommandHandler.java:handle(106)) - Start to delete container blocks, TXIDs=[1(0),2(0),3(0)], numOfContainers=3, numOfBlocks=553
2019-08-05 04:39:06,927 INFO  commands.RetriableDatanodeEventWatcher (RetriableDatanodeEventWatcher.java:onTimeout(47)) - RetriableDatanodeCommand type=deleteBlocksCommand with id=1564979932984 timed out. Retrying.
2019-08-05 04:39:06,935 INFO  commands.RetriableDatanodeEventWatcher (RetriableDatanodeEventWatcher.java:onTimeout(47)) - RetriableDatanodeCommand type=deleteBlocksCommand with id=1564979932925 timed out. Retrying.
2019-08-05 04:39:06,942 INFO  commands.RetriableDatanodeEventWatcher (RetriableDatanodeEventWatcher.java:onTimeout(47)) - RetriableDatanodeCommand type=deleteBlocksCommand with id=1564979932994 timed out. Retrying.
2019-08-05 04:39:06,952 INFO  commands.RetriableDatanodeEventWatcher (RetriableDatanodeEventWatcher.java:onTimeout(47)) - RetriableDatanodeCommand type=deleteBlocksCommand with id=1564979932935 timed out. Retrying.
2019-08-05 04:39:06,959 INFO  commands.RetriableDatanodeEventWatcher (RetriableDatanodeEventWatcher.java:onTimeout(47)) - RetriableDatanodeCommand type=deleteBlocksCommand with id=1564979933004 timed out. Retrying.
2019-08-05 04:39:06,965 INFO  commands.RetriableDatanodeEventWatcher (RetriableDatanodeEventWatcher.java:onTimeout(47)) - RetriableDatanodeCommand type=deleteBlocksCommand with id=1564979932945 timed out. Retrying.
2019-08-05 04:39:06,966 INFO  commands.RetriableDatanodeEventWatcher (RetriableDatanodeEventWatcher.java:onTimeout(47)) - RetriableDatanodeCommand type=deleteBlocksCommand with id=1564979933053 timed out. Retrying.
2019-08-05 04:39:06,972 INFO  background.BlockDeletingService (BlockDeletingService.java:getTasks(123)) - Plan to choose 10 containers for block deletion, actually returns 2 valid containers.
2019-08-05 04:39:06,974 INFO  commands.RetriableDatanodeEventWatcher (RetriableDatanodeEventWatcher.java:onTimeout(47)) - RetriableDatanodeCommand type=deleteBlocksCommand with id=1564979933014 timed out. Retrying.
2019-08-05 04:39:06,981 INFO  commands.RetriableDatanodeEventWatcher (RetriableDatanodeEventWatcher.java:onTimeout(47)) - RetriableDatanodeCommand type=deleteBlocksCommand with id=1564979932955 timed out. Retrying.
2019-08-05 04:39:06,982 DEBUG block.SCMBlockDeletingService (SCMBlockDeletingService.java:call(138)) - Running DeletedBlockTransactionScanner
2019-08-05 04:39:06,982 DEBUG block.SCMBlockDeletingService (SCMBlockDeletingService.java:call(155)) - Scanned deleted blocks log and got 3 delTX to process.
2019-08-05 04:39:06,983 DEBUG block.SCMBlockDeletingService (SCMBlockDeletingService.java:call(171)) - Added delete block command for datanode 3f4de2de-7d09-498f-aead-42327df81d94 in the queue, number of delete block transactions: 3, TxID list: 1,2,3
2019-08-05 04:39:06,983 INFO  commandhandler.DeleteBlocksCommandHandler (DeleteBlocksCommandHandler.java:handle(106)) - Start to delete container blocks, TXIDs=[1(0),2(0),3(0)], numOfContainers=3, numOfBlocks=553
2019-08-05 04:39:06,983 INFO  block.SCMBlockDeletingService (SCMBlockDeletingService.java:call(182)) - Totally added 3 delete blocks command for 1 datanodes, task elapsed time: 2ms
2019-08-05 04:39:06,985 INFO  commandhandler.DeleteBlocksCommandHandler (DeleteBlocksCommandHandler.java:handle(106)) - Start to delete container blocks, TXIDs=[1(0),2(0),3(0)], numOfContainers=3, numOfBlocks=553
2019-08-05 04:39:06,988 INFO  commandhandler.DeleteBlocksCommandHandler (DeleteBlocksCommandHandler.java:handle(106)) - Start to delete container blocks, TXIDs=[1(0),2(0),3(0)], numOfContainers=3, numOfBlocks=553
2019-08-05 04:39:06,990 INFO  commandhandler.DeleteBlocksCommandHandler (DeleteBlocksCommandHandler.java:handle(106)) - Start to delete container blocks, TXIDs=[1(0),2(0),3(0)], numOfContainers=3, numOfBlocks=553
2019-08-05 04:39:06,991 INFO  commands.RetriableDatanodeEventWatcher (RetriableDatanodeEventWatcher.java:onTimeout(47)) - RetriableDatanodeCommand type=deleteBlocksCommand with id=1564979933024 timed out. Retrying.
2019-08-05 04:39:06,992 INFO  commandhandler.DeleteBlocksCommandHandler (DeleteBlocksCommandHandler.java:handle(106)) - Start to delete container blocks, TXIDs=[1(0),2(0),3(0)], numOfContainers=3, numOfBlocks=553
2019-08-05 04:39:06,993 INFO  commandhandler.DeleteBlocksCommandHandler (DeleteBlocksCommandHandler.java:handle(106)) - Start to delete container blocks, TXIDs=[1(0),2(0),3(0)], numOfContainers=3, numOfBlocks=553
2019-08-05 04:39:06,995 INFO  commandhandler.DeleteBlocksCommandHandler (DeleteBlocksCommandHandler.java:handle(106)) - Start to delete container blocks, TXIDs=[1(0),2(0),3(0)], numOfContainers=3, numOfBlocks=553
2019-08-05 04:39:06,996 INFO  commandhandler.DeleteBlocksCommandHandler (DeleteBlocksCommandHandler.java:handle(106)) - Start to delete container blocks, TXIDs=[1(0),2(0),3(0)], numOfContainers=3, numOfBlocks=553
2019-08-05 04:39:06,996 INFO  commands.RetriableDatanodeEventWatcher (RetriableDatanodeEventWatcher.java:onTimeout(47)) - RetriableDatanodeCommand type=deleteBlocksCommand with id=1564979932965 timed out. Retrying.
2019-08-05 04:39:06,997 INFO  commandhandler.DeleteBlocksCommandHandler (DeleteBlocksCommandHandler.java:handle(106)) - Start to delete container blocks, TXIDs=[1(0),2(0),3(0)], numOfContainers=3, numOfBlocks=553
2019-08-05 04:39:06,999 INFO  commandhandler.DeleteBlocksCommandHandler (DeleteBlocksCommandHandler.java:handle(106)) - Start to delete container blocks, TXIDs=[1(0),2(0),3(0)], numOfContainers=3, numOfBlocks=553
2019-08-05 04:39:07,000 INFO  commandhandler.DeleteBlocksCommandHandler (DeleteBlocksCommandHandler.java:handle(106)) - Start to delete container blocks, TXIDs=[1(0),2(0),3(0)], numOfContainers=3, numOfBlocks=553
2019-08-05 04:39:07,001 INFO  commandhandler.DeleteBlocksCommandHandler (DeleteBlocksCommandHandler.java:handle(106)) - Start to delete container blocks, TXIDs=[1(193),2(193),3(193)], numOfContainers=3, numOfBlocks=553
2019-08-05 04:39:07,002 INFO  commandhandler.DeleteBlocksCommandHandler (DeleteBlocksCommandHandler.java:handle(106)) - Start to delete container blocks, TXIDs=[1(0),2(0),3(0)], numOfContainers=3, numOfBlocks=553
2019-08-05 04:39:07,004 INFO  commandhandler.DeleteBlocksCommandHandler (DeleteBlocksCommandHandler.java:handle(106)) - Start to delete container blocks, TXIDs=[1(0),2(0),3(0)], numOfContainers=3, numOfBlocks=553
2019-08-05 04:39:07,005 INFO  commands.RetriableDatanodeEventWatcher (RetriableDatanodeEventWatcher.java:onTimeout(47)) - RetriableDatanodeCommand type=deleteBlocksCommand with id=1564979933034 timed out. Retrying.
2019-08-05 04:39:07,005 INFO  commandhandler.DeleteBlocksCommandHandler (DeleteBlocksCommandHandler.java:handle(106)) - Start to delete container blocks, TXIDs=[1(0),2(0),3(0)], numOfContainers=3, numOfBlocks=553
2019-08-05 04:39:07,006 INFO  commandhandler.DeleteBlocksCommandHandler (DeleteBlocksCommandHandler.java:handle(106)) - Start to delete container blocks, TXIDs=[1(0),2(0),3(0)], numOfContainers=3, numOfBlocks=553
2019-08-05 04:39:07,008 INFO  commandhandler.DeleteBlocksCommandHandler (DeleteBlocksCommandHandler.java:handle(106)) - Start to delete container blocks, TXIDs=[1(0),2(0),3(0)], numOfContainers=3, numOfBlocks=553
2019-08-05 04:39:07,009 INFO  commandhandler.DeleteBlocksCommandHandler (DeleteBlocksCommandHandler.java:handle(106)) - Start to delete container blocks, TXIDs=[1(0),2(0),3(0)], numOfContainers=3, numOfBlocks=553
2019-08-05 04:39:07,010 INFO  commandhandler.DeleteBlocksCommandHandler (DeleteBlocksCommandHandler.java:handle(106)) - Start to delete container blocks, TXIDs=[1(0),2(0),3(0)], numOfContainers=3, numOfBlocks=553
2019-08-05 04:39:07,011 INFO  commandhandler.DeleteBlocksCommandHandler (DeleteBlocksCommandHandler.java:handle(106)) - Start to delete container blocks, TXIDs=[1(0),2(0),3(0)], numOfContainers=3, numOfBlocks=553
2019-08-05 04:39:07,011 INFO  commands.RetriableDatanodeEventWatcher (RetriableDatanodeEventWatcher.java:onTimeout(47)) - RetriableDatanodeCommand type=deleteBlocksCommand with id=1564979932975 timed out. Retrying.
2019-08-05 04:39:07,013 INFO  commandhandler.DeleteBlocksCommandHandler (DeleteBlocksCommandHandler.java:handle(106)) - Start to delete container blocks, TXIDs=[1(0),2(0),3(0)], numOfContainers=3, numOfBlocks=553
2019-08-05 04:39:07,014 INFO  commandhandler.DeleteBlocksCommandHandler (DeleteBlocksCommandHandler.java:handle(106)) - Start to delete container blocks, TXIDs=[1(0),2(0),3(0)], numOfContainers=3, numOfBlocks=553
2019-08-05 04:39:07,015 INFO  commandhandler.DeleteBlocksCommandHandler (DeleteBlocksCommandHandler.java:handle(106)) - Start to delete container blocks, TXIDs=[1(0),2(0),3(0)], numOfContainers=3, numOfBlocks=553
2019-08-05 04:39:07,016 INFO  commandhandler.DeleteBlocksCommandHandler (DeleteBlocksCommandHandler.java:handle(106)) - Start to delete container blocks, TXIDs=[1(0),2(0),3(0)], numOfContainers=3, numOfBlocks=553
2019-08-05 04:39:07,018 INFO  commandhandler.DeleteBlocksCommandHandler (DeleteBlocksCommandHandler.java:handle(106)) - Start to delete container blocks, TXIDs=[1(493),2(493),3(493)], numOfContainers=3, numOfBlocks=553
2019-08-05 04:39:07,019 INFO  commandhandler.DeleteBlocksCommandHandler (DeleteBlocksCommandHandler.java:handle(106)) - Start to delete container blocks, TXIDs=[1(0),2(0),3(0)], numOfContainers=3, numOfBlocks=553
2019-08-05 04:39:07,020 INFO  commands.RetriableDatanodeEventWatcher (RetriableDatanodeEventWatcher.java:onTimeout(47)) - RetriableDatanodeCommand type=deleteBlocksCommand with id=1564979933044 timed out. Retrying.
2019-08-05 04:39:07,020 INFO  commandhandler.DeleteBlocksCommandHandler (DeleteBlocksCommandHandler.java:handle(106)) - Start to delete container blocks, TXIDs=[1(0),2(0),3(0)], numOfContainers=3, numOfBlocks=553
2019-08-05 04:39:07,021 INFO  commandhandler.DeleteBlocksCommandHandler (DeleteBlocksCommandHandler.java:handle(106)) - Start to delete container blocks, TXIDs=[1(0),2(0),3(0)], numOfContainers=3, numOfBlocks=553
2019-08-05 04:39:07,022 INFO  commandhandler.DeleteBlocksCommandHandler (DeleteBlocksCommandHandler.java:handle(106)) - Start to delete container blocks, TXIDs=[1(0),2(0),3(0)], numOfContainers=3, numOfBlocks=553
2019-08-05 04:39:07,024 INFO  commandhandler.DeleteBlocksCommandHandler (DeleteBlocksCommandHandler.java:handle(106)) - Start to delete container blocks, TXIDs=[1(0),2(0),3(0)], numOfContainers=3, numOfBlocks=553
2019-08-05 04:39:07,025 INFO  commandhandler.DeleteBlocksCommandHandler (DeleteBlocksCommandHandler.java:handle(106)) - Start to delete container blocks, TXIDs=[1(0),2(0),3(0)], numOfContainers=3, numOfBlocks=553
2019-08-05 04:39:07,025 INFO  commands.RetriableDatanodeEventWatcher (RetriableDatanodeEventWatcher.java:onTimeout(47)) - RetriableDatanodeCommand type=deleteBlocksCommand with id=1564979932985 timed out. Retrying.
2019-08-05 04:39:07,026 INFO  commandhandler.DeleteBlocksCommandHandler (DeleteBlocksCommandHandler.java:handle(106)) - Start to delete container blocks, TXIDs=[1(0),2(0),3(0)], numOfContainers=3, numOfBlocks=553
2019-08-05 04:39:07,027 INFO  commandhandler.DeleteBlocksCommandHandler (DeleteBlocksCommandHandler.java:handle(106)) - Start to delete container blocks, TXIDs=[1(0),2(0),3(0)], numOfContainers=3, numOfBlocks=553
2019-08-05 04:39:07,028 INFO  commandhandler.DeleteBlocksCommandHandler (DeleteBlocksCommandHandler.java:handle(106)) - Start to delete container blocks, TXIDs=[1(0),2(0),3(0)], numOfContainers=3, numOfBlocks=553
2019-08-05 04:39:07,030 INFO  commandhandler.DeleteBlocksCommandHandler (DeleteBlocksCommandHandler.java:handle(106)) - Start to delete container blocks, TXIDs=[1(0),2(0),3(0)], numOfContainers=3, numOfBlocks=553
2019-08-05 04:39:07,031 INFO  commandhandler.DeleteBlocksCommandHandler (DeleteBlocksCommandHandler.java:handle(106)) - Start to delete container blocks, TXIDs=[1(0),2(0),3(0)], numOfContainers=3, numOfBlocks=553
2019-08-05 04:39:07,032 INFO  commandhandler.DeleteBlocksCommandHandler (DeleteBlocksCommandHandler.java:handle(106)) - Start to delete container blocks, TXIDs=[1(0),2(0),3(0)], numOfContainers=3, numOfBlocks=553
2019-08-05 04:39:07,033 INFO  commandhandler.DeleteBlocksCommandHandler (DeleteBlocksCommandHandler.java:handle(106)) - Start to delete container blocks, TXIDs=[1(773),2(773),3(773)], numOfContainers=3, numOfBlocks=553
2019-08-05 04:39:07,034 INFO  commandhandler.DeleteBlocksCommandHandler (DeleteBlocksCommandHandler.java:handle(106)) - Start to delete container blocks, TXIDs=[1(0),2(0),3(0)], numOfContainers=3, numOfBlocks=553
2019-08-05 04:39:07,035 INFO  commandhandler.DeleteBlocksCommandHandler (DeleteBlocksCommandHandler.java:handle(106)) - Start to delete container blocks, TXIDs=[1(0),2(0),3(0)], numOfContainers=3, numOfBlocks=553
2019-08-05 04:39:07,036 INFO  commands.RetriableDatanodeEventWatcher (RetriableDatanodeEventWatcher.java:onTimeout(47)) - RetriableDatanodeCommand type=deleteBlocksCommand with id=1564979932926 timed out. Retrying.
2019-08-05 04:39:07,036 INFO  commandhandler.DeleteBlocksCommandHandler (DeleteBlocksCommandHandler.java:handle(106)) - Start to delete container blocks, TXIDs=[1(0),2(0),3(0)], numOfContainers=3, numOfBlocks=553
2019-08-05 04:39:07,037 INFO  commandhandler.DeleteBlocksCommandHandler (DeleteBlocksCommandHandler.java:handle(106)) - Start to delete container blocks, TXIDs=[1(0),2(0),3(0)], numOfContainers=3, numOfBlocks=553
2019-08-05 04:39:07,039 INFO  commandhandler.DeleteBlocksCommandHandler (DeleteBlocksCommandHandler.java:handle(106)) - Start to delete container blocks, TXIDs=[1(0),2(0),3(0)], numOfContainers=3, numOfBlocks=553
2019-08-05 04:39:07,040 INFO  commandhandler.DeleteBlocksCommandHandler (DeleteBlocksCommandHandler.java:handle(106)) - Start to delete container blocks, TXIDs=[1(0),2(0),3(0)], numOfContainers=3, numOfBlocks=553
2019-08-05 04:39:07,041 INFO  commandhandler.DeleteBlocksCommandHandler (DeleteBlocksCommandHandler.java:handle(106)) - Start to delete container blocks, TXIDs=[1(0),2(0),3(0)], numOfContainers=3, numOfBlocks=553
2019-08-05 04:39:07,042 INFO  commandhandler.DeleteBlocksCommandHandler (DeleteBlocksCommandHandler.java:handle(106)) - Start to delete container blocks, TXIDs=[1(0),2(0),3(0)], numOfContainers=3, numOfBlocks=553
2019-08-05 04:39:07,043 INFO  commandhandler.DeleteBlocksCommandHandler (DeleteBlocksCommandHandler.java:handle(106)) - Start to delete container blocks, TXIDs=[1(0),2(0),3(0)], numOfContainers=3, numOfBlocks=553
2019-08-05 04:39:07,044 INFO  commandhandler.DeleteBlocksCommandHandler (DeleteBlocksCommandHandler.java:handle(106)) - Start to delete container blocks, TXIDs=[1(0),2(0),3(0)], numOfContainers=3, numOfBlocks=553
2019-08-05 04:39:07,044 INFO  commands.RetriableDatanodeEventWatcher (RetriableDatanodeEventWatcher.java:onTimeout(47)) - RetriableDatanodeCommand type=deleteBlocksCommand with id=1564979932995 timed out. Retrying.
2019-08-05 04:39:07,045 INFO  commandhandler.DeleteBlocksCommandHandler (DeleteBlocksCommandHandler.java:handle(106)) - Start to delete container blocks, TXIDs=[1(0),2(0),3(0)], numOfContainers=3, numOfBlocks=553
2019-08-05 04:39:07,046 INFO  commandhandler.DeleteBlocksCommandHandler (DeleteBlocksCommandHandler.java:handle(106)) - Start to delete container blocks, TXIDs=[1(0),2(0),3(0)], numOfContainers=3, numOfBlocks=553
2019-08-05 04:39:07,047 INFO  commandhandler.DeleteBlocksCommandHandler (DeleteBlocksCommandHandler.java:handle(106)) - Start to delete container blocks, TXIDs=[1(0),2(0),3(0)], numOfContainers=3, numOfBlocks=553
2019-08-05 04:39:07,048 INFO  commandhandler.DeleteBlocksCommandHandler (DeleteBlocksCommandHandler.java:handle(106)) - Start to delete container blocks, TXIDs=[1(0),2(0),3(0)], numOfContainers=3, numOfBlocks=553
2019-08-05 04:39:07,050 INFO  commandhandler.DeleteBlocksCommandHandler (DeleteBlocksCommandHandler.java:handle(106)) - Start to delete container blocks, TXIDs=[1(0),2(0),3(0)], numOfContainers=3, numOfBlocks=553
2019-08-05 04:39:07,052 INFO  commandhandler.DeleteBlocksCommandHandler (DeleteBlocksCommandHandler.java:handle(106)) - Start to delete container blocks, TXIDs=[1(773),2(773),3(773)], numOfContainers=3, numOfBlocks=553
2019-08-05 04:39:07,052 INFO  commands.RetriableDatanodeEventWatcher (RetriableDatanodeEventWatcher.java:onTimeout(47)) - RetriableDatanodeCommand type=deleteBlocksCommand with id=1564979932936 timed out. Retrying.
2019-08-05 04:39:07,054 INFO  commandhandler.DeleteBlocksCommandHandler (DeleteBlocksCommandHandler.java:handle(106)) - Start to delete container blocks, TXIDs=[1(0),2(0),3(0)], numOfContainers=3, numOfBlocks=553
2019-08-05 04:39:07,055 INFO  commandhandler.DeleteBlocksCommandHandler (DeleteBlocksCommandHandler.java:handle(106)) - Start to delete container blocks, TXIDs=[1(0),2(0),3(0)], numOfContainers=3, numOfBlocks=553
2019-08-05 04:39:07,057 INFO  commandhandler.DeleteBlocksCommandHandler (DeleteBlocksCommandHandler.java:handle(106)) - Start to delete container blocks, TXIDs=[1(0),2(0),3(0)], numOfContainers=3, numOfBlocks=553
2019-08-05 04:39:07,058 INFO  commandhandler.DeleteBlocksCommandHandler (DeleteBlocksCommandHandler.java:handle(106)) - Start to delete container blocks, TXIDs=[1(0),2(0),3(0)], numOfContainers=3, numOfBlocks=553
2019-08-05 04:39:07,060 INFO  commandhandler.DeleteBlocksCommandHandler (DeleteBlocksCommandHandler.java:handle(106)) - Start to delete container blocks, TXIDs=[1(0),2(0),3(0)], numOfContainers=3, numOfBlocks=553
2019-08-05 04:39:07,061 INFO  commandhandler.DeleteBlocksCommandHandler (DeleteBlocksCommandHandler.java:handle(106)) - Start to delete container blocks, TXIDs=[1(0),2(0),3(0)], numOfContainers=3, numOfBlocks=553
2019-08-05 04:39:07,062 INFO  commands.RetriableDatanodeEventWatcher (RetriableDatanodeEventWatcher.java:onTimeout(47)) - RetriableDatanodeCommand type=deleteBlocksCommand with id=1564979933005 timed out. Retrying.
2019-08-05 04:39:07,063 INFO  commandhandler.DeleteBlocksCommandHandler (DeleteBlocksCommandHandler.java:handle(106)) - Start to delete container blocks, TXIDs=[1(0),2(0),3(0)], numOfContainers=3, numOfBlocks=553
2019-08-05 04:39:07,064 INFO  commandhandler.DeleteBlocksCommandHandler (DeleteBlocksCommandHandler.java:handle(106)) - Start to delete container blocks, TXIDs=[1(0),2(0),3(0)], numOfContainers=3, numOfBlocks=553
2019-08-05 04:39:07,066 INFO  commandhandler.DeleteBlocksCommandHandler (DeleteBlocksCommandHandler.java:handle(106)) - Start to delete container blocks, TXIDs=[1(0),2(0),3(0)], numOfContainers=3, numOfBlocks=553
2019-08-05 04:39:07,067 INFO  commands.RetriableDatanodeEventWatcher (RetriableDatanodeEventWatcher.java:onTimeout(47)) - RetriableDatanodeCommand type=deleteBlocksCommand with id=1564979932946 timed out. Retrying.
2019-08-05 04:39:07,067 INFO  commandhandler.DeleteBlocksCommandHandler (DeleteBlocksCommandHandler.java:handle(106)) - Start to delete container blocks, TXIDs=[1(0),2(0),3(0)], numOfContainers=3, numOfBlocks=553
2019-08-05 04:39:07,068 INFO  commands.RetriableDatanodeEventWatcher (RetriableDatanodeEventWatcher.java:onTimeout(47)) - RetriableDatanodeCommand type=deleteBlocksCommand with id=1564979933054 timed out. Retrying.
2019-08-05 04:39:07,069 INFO  commandhandler.DeleteBlocksCommandHandler (DeleteBlocksCommandHandler.java:handle(106)) - Start to delete container blocks, TXIDs=[1(0),2(0),3(0)], numOfContainers=3, numOfBlocks=553
2019-08-05 04:39:07,070 INFO  commandhandler.DeleteBlocksCommandHandler (DeleteBlocksCommandHandler.java:handle(106)) - Start to delete container blocks, TXIDs=[1(0),2(0),3(0)], numOfContainers=3, numOfBlocks=553
2019-08-05 04:39:07,071 INFO  commandhandler.DeleteBlocksCommandHandler (DeleteBlocksCommandHandler.java:handle(106)) - Start to delete container blocks, TXIDs=[1(0),2(0),3(0)], numOfContainers=3, numOfBlocks=553
2019-08-05 04:39:07,073 INFO  commandhandler.DeleteBlocksCommandHandler (DeleteBlocksCommandHandler.java:handle(106)) - Start to delete container blocks, TXIDs=[1(773),2(773),3(773)], numOfContainers=3, numOfBlocks=553
2019-08-05 04:39:07,074 INFO  commandhandler.DeleteBlocksCommandHandler (DeleteBlocksCommandHandler.java:handle(106)) - Start to delete container blocks, TXIDs=[1(0),2(0),3(0)], numOfContainers=3, numOfBlocks=553
2019-08-05 04:39:07,075 INFO  commandhandler.DeleteBlocksCommandHandler (DeleteBlocksCommandHandler.java:handle(106)) - Start to delete container blocks, TXIDs=[1(0),2(0),3(0)], numOfContainers=3, numOfBlocks=553
2019-08-05 04:39:07,077 INFO  commandhandler.DeleteBlocksCommandHandler (DeleteBlocksCommandHandler.java:handle(106)) - Start to delete container blocks, TXIDs=[1(0),2(0),3(0)], numOfContainers=3, numOfBlocks=553
2019-08-05 04:39:07,077 INFO  commands.RetriableDatanodeEventWatcher (RetriableDatanodeEventWatcher.java:onTimeout(47)) - RetriableDatanodeCommand type=deleteBlocksCommand with id=1564979933015 timed out. Retrying.
2019-08-05 04:39:07,078 INFO  commandhandler.DeleteBlocksCommandHandler (DeleteBlocksCommandHandler.java:handle(106)) - Start to delete container blocks, TXIDs=[1(0),2(0),3(0)], numOfContainers=3, numOfBlocks=553
2019-08-05 04:39:07,079 INFO  commands.RetriableDatanodeEventWatcher (RetriableDatanodeEventWatcher.java:onTimeout(47)) - RetriableDatanodeCommand type=deleteBlocksCommand with id=1564979932956 timed out. Retrying.
2019-08-05 04:39:07,079 INFO  commandhandler.DeleteBlocksCommandHandler (DeleteBlocksCommandHandler.java:handle(106)) - Start to delete container blocks, TXIDs=[1(0),2(0),3(0)], numOfContainers=3, numOfBlocks=553
2019-08-05 04:39:07,081 INFO  commandhandler.DeleteBlocksCommandHandler (DeleteBlocksCommandHandler.java:handle(106)) - Start to delete container blocks, TXIDs=[1(0),2(0),3(0)], numOfContainers=3, numOfBlocks=553
2019-08-05 04:39:07,082 INFO  commandhandler.DeleteBlocksCommandHandler (DeleteBlocksCommandHandler.java:handle(106)) - Start to delete container blocks, TXIDs=[1(0),2(0),3(0)], numOfContainers=3, numOfBlocks=553
2019-08-05 04:39:07,083 INFO  commandhandler.DeleteBlocksCommandHandler (DeleteBlocksCommandHandler.java:handle(106)) - Start to delete container blocks, TXIDs=[1(0),2(0),3(0)], numOfContainers=3, numOfBlocks=553
SCMBlockDeletingService.java:call(138)) - Running DeletedBlockTransactionScanner
2019-08-05 04:39:07,083 INFO  commandhandler.DeleteBlocksCommandHandler (DeleteBlocksCommandHandler.java:handle(106)) - Start to delete container blocks, TXIDs=[1(0),2(0),3(0)], numOfContainers=3, numOfBlocks=553
2019-08-05 04:39:07,084 DEBUG block.SCMBlockDeletingService (SCMBlockDeletingService.java:call(155)) - Scanned deleted blocks log and got 3 delTX to process.
2019-08-05 04:39:07,084 DEBUG block.SCMBlockDeletingService (SCMBlockDeletingService.java:call(171)) - Added delete block command for datanode 3f4de2de-7d09-498f-aead-42327df81d94 in the queue, number of delete block transactions: 3, TxID list: 1,2,3
2019-08-05 04:39:07,084 INFO  block.SCMBlockDeletingService (SCMBlockDeletingService.java:call(182)) - Totally added 3 delete blocks command for 1 datanodes, task elapsed time: 1ms
2019-08-05 04:39:07,085 INFO  commandhandler.DeleteBlocksCommandHandler (DeleteBlocksCommandHandler.java:handle(106)) - Start to delete container blocks, TXIDs=[1(0),2(0),3(0)], numOfContainers=3, numOfBlocks=553
2019-08-05 04:39:07,086 INFO  commandhandler.DeleteBlocksCommandHandler (DeleteBlocksCommandHandler.java:handle(106)) - Start to delete container blocks, TXIDs=[1(0),2(0),3(0)], numOfContainers=3, numOfBlocks=553
2019-08-05 04:39:07,087 INFO  commandhandler.DeleteBlocksCommandHandler (DeleteBlocksCommandHandler.java:handle(106)) - Start to delete container blocks, TXIDs=[1(0),2(0),3(0)], numOfContainers=3, numOfBlocks=553
2019-08-05 04:39:07,089 INFO  commandhandler.DeleteBlocksCommandHandler (DeleteBlocksCommandHandler.java:handle(106)) - Start to delete container blocks, TXIDs=[1(0),2(0),3(0)], numOfContainers=3, numOfBlocks=553
2019-08-05 04:39:07,090 INFO  commandhandler.DeleteBlocksCommandHandler (DeleteBlocksCommandHandler.java:handle(106)) - Start to delete container blocks, TXIDs=[1(773),2(773),3(773)], numOfContainers=3, numOfBlocks=553
2019-08-05 04:39:07,090 INFO  commands.RetriableDatanodeEventWatcher (RetriableDatanodeEventWatcher.java:onTimeout(47)) - RetriableDatanodeCommand type=deleteBlocksCommand with id=1564979933025 timed out. Retrying.
2019-08-05 04:39:07,091 INFO  commandhandler.DeleteBlocksCommandHandler (DeleteBlocksCommandHandler.java:handle(106)) - Start to delete container blocks, TXIDs=[1(0),2(0),3(0)], numOfContainers=3, numOfBlocks=553
2019-08-05 04:39:07,092 INFO  commandhandler.DeleteBlocksCommandHandler (DeleteBlocksCommandHandler.java:handle(106)) - Start to delete container blocks, TXIDs=[1(0),2(0),3(0)], numOfContainers=3, numOfBlocks=553
2019-08-05 04:39:07,094 INFO  commandhandler.DeleteBlocksCommandHandler (DeleteBlocksCommandHandler.java:handle(106)) - Start to delete container blocks, TXIDs=[1(0),2(0),3(0)], numOfContainers=3, numOfBlocks=553
2019-08-05 04:39:07,095 INFO  commandhandler.DeleteBlocksCommandHandler (DeleteBlocksCommandHandler.java:handle(106)) - Start to delete container blocks, TXIDs=[1(0),2(0),3(0)], numOfContainers=3, numOfBlocks=553
2019-08-05 04:39:07,096 INFO  commandhandler.DeleteBlocksCommandHandler (DeleteBlocksCommandHandler.java:handle(106)) - Start to delete container blocks, TXIDs=[1(0),2(0),3(0)], numOfContainers=3, numOfBlocks=553
2019-08-05 04:39:07,097 INFO  commandhandler.DeleteBlocksCommandHandler (DeleteBlocksCommandHandler.java:handle(106)) - Start to delete container blocks, TXIDs=[1(0),2(0),3(0)], numOfContainers=3, numOfBlocks=553
2019-08-05 04:39:07,099 INFO  commandhandler.DeleteBlocksCommandHandler (DeleteBlocksCommandHandler.java:handle(106)) - Start to delete container blocks, TXIDs=[1(0),2(0),3(0)], numOfContainers=3, numOfBlocks=553
2019-08-05 04:39:07,100 INFO  commandhandler.DeleteBlocksCommandHandler (DeleteBlocksCommandHandler.java:handle(106)) - Start to delete container blocks, TXIDs=[1(0),2(0),3(0)], numOfContainers=3, numOfBlocks=553
2019-08-05 04:39:07,101 INFO  commandhandler.DeleteBlocksCommandHandler (DeleteBlocksCommandHandler.java:handle(106)) - Start to delete container blocks, TXIDs=[1(0),2(0),3(0)], numOfContainers=3, numOfBlocks=553
2019-08-05 04:39:07,102 INFO  commands.RetriableDatanodeEventWatcher (RetriableDatanodeEventWatcher.java:onTimeout(47)) - RetriableDatanodeCommand type=deleteBlocksCommand with id=1564979932966 timed out. Retrying.
2019-08-05 04:39:07,102 INFO  commandhandler.DeleteBlocksCommandHandler (DeleteBlocksCommandHandler.java:handle(106)) - Start to delete container blocks, TXIDs=[1(0),2(0),3(0)], numOfContainers=3, numOfBlocks=553
2019-08-05 04:39:07,103 INFO  commandhandler.DeleteBlocksCommandHandler (DeleteBlocksCommandHandler.java:handle(106)) - Start to delete container blocks, TXIDs=[1(0),2(0),3(0)], numOfContainers=3, numOfBlocks=553
2019-08-05 04:39:07,104 INFO  commandhandler.DeleteBlocksCommandHandler (DeleteBlocksCommandHandler.java:handle(106)) - Start to delete container blocks, TXIDs=[1(773),2(773),3(773)], numOfContainers=3, numOfBlocks=553
2019-08-05 04:39:07,106 INFO  commandhandler.DeleteBlocksCommandHandler (DeleteBlocksCommandHandler.java:handle(106)) - Start to delete container blocks, TXIDs=[1(0),2(0),3(0)], numOfContainers=3, numOfBlocks=553
2019-08-05 04:39:07,106 INFO  commands.RetriableDatanodeEventWatcher (RetriableDatanodeEventWatcher.java:onTimeout(47)) - RetriableDatanodeCommand type=deleteBlocksCommand with id=1564979933035 timed out. Retrying.
2019-08-05 04:39:07,107 INFO  commandhandler.DeleteBlocksCommandHandler (DeleteBlocksCommandHandler.java:handle(106)) - Start to delete container blocks, TXIDs=[1(0),2(0),3(0)], numOfContainers=3, numOfBlocks=553
2019-08-05 04:39:07,108 INFO  commandhandler.DeleteBlocksCommandHandler (DeleteBlocksCommandHandler.java:handle(106)) - Start to delete container blocks, TXIDs=[1(0),2(0),3(0)], numOfContainers=3, numOfBlocks=553
2019-08-05 04:39:07,109 INFO  commandhandler.DeleteBlocksCommandHandler (DeleteBlocksCommandHandler.java:handle(106)) - Start to delete container blocks, TXIDs=[1(0),2(0),3(0)], numOfContainers=3, numOfBlocks=553
2019-08-05 04:39:07,110 INFO  commandhandler.DeleteBlocksCommandHandler (DeleteBlocksCommandHandler.java:handle(106)) - Start to delete container blocks, TXIDs=[1(0),2(0),3(0)], numOfContainers=3, numOfBlocks=553
2019-08-05 04:39:07,111 INFO  commandhandler.DeleteBlocksCommandHandler (DeleteBlocksCommandHandler.java:handle(106)) - Start to delete container blocks, TXIDs=[1(0),2(0),3(0)], numOfContainers=3, numOfBlocks=553
2019-08-05 04:39:07,112 INFO  commandhandler.DeleteBlocksCommandHandler (DeleteBlocksCommandHandler.java:handle(106)) - Start to delete container blocks, TXIDs=[1(0),2(0),3(0)], numOfContainers=3, numOfBlocks=553
2019-08-05 04:39:07,112 INFO  commands.RetriableDatanodeEventWatcher (RetriableDatanodeEventWatcher.java:onTimeout(47)) - RetriableDatanodeCommand type=deleteBlocksCommand with id=1564979932976 timed out. Retrying.
2019-08-05 04:39:07,113 INFO  commandhandler.DeleteBlocksCommandHandler (DeleteBlocksCommandHandler.java:handle(106)) - Start to delete container blocks, TXIDs=[1(0),2(0),3(0)], numOfContainers=3, numOfBlocks=553
2019-08-05 04:39:07,114 INFO  commandhandler.DeleteBlocksCommandHandler (DeleteBlocksCommandHandler.java:handle(106)) - Start to delete container blocks, TXIDs=[1(0),2(0),3(0)], numOfContainers=3, numOfBlocks=553
2019-08-05 04:39:07,115 INFO  commandhandler.DeleteBlocksCommandHandler (DeleteBlocksCommandHandler.java:handle(106)) - Start to delete container blocks, TXIDs=[1(0),2(0),3(0)], numOfContainers=3, numOfBlocks=553
2019-08-05 04:39:07,116 INFO  commandhandler.DeleteBlocksCommandHandler (DeleteBlocksCommandHandler.java:handle(106)) - Start to delete container blocks, TXIDs=[1(0),2(0),3(0)], numOfContainers=3, numOfBlocks=553
2019-08-05 04:39:07,117 INFO  commandhandler.DeleteBlocksCommandHandler (DeleteBlocksCommandHandler.java:handle(106)) - Start to delete container blocks, TXIDs=[1(0),2(0),3(0)], numOfContainers=3, numOfBlocks=553
2019-08-05 04:39:07,117 INFO  commandhandler.DeleteBlocksCommandHandler (DeleteBlocksCommandHandler.java:handle(106)) - Start to delete container blocks, TXIDs=[1(773),2(773),3(773)], numOfContainers=3, numOfBlocks=553
2019-08-05 04:39:07,118 INFO  commandhandler.DeleteBlocksCommandHandler (DeleteBlocksCommandHandler.java:handle(106)) - Start to delete container blocks, TXIDs=[1(0),2(0),3(0)], numOfContainers=3, numOfBlocks=553
2019-08-05 04:39:07,119 INFO  commandhandler.DeleteBlocksCommandHandler (DeleteBlocksCommandHandler.java:handle(106)) - Start to delete container blocks, TXIDs=[1(0),2(0),3(0)], numOfContainers=3, numOfBlocks=553
2019-08-05 04:39:07,120 INFO  commandhandler.DeleteBlocksCommandHandler (DeleteBlocksCommandHandler.java:handle(106)) - Start to delete container blocks, TXIDs=[1(0),2(0),3(0)], numOfContainers=3, numOfBlocks=553
2019-08-05 04:39:07,121 INFO  commands.RetriableDatanodeEventWatcher (RetriableDatanodeEventWatcher.java:onTimeout(47)) - RetriableDatanodeCommand type=deleteBlocksCommand with id=1564979933045 timed out. Retrying.
2019-08-05 04:39:07,121 INFO  commandhandler.DeleteBlocksCommandHandler (DeleteBlocksCommandHandler.java:handle(106)) - Start to delete container blocks, TXIDs=[1(0),2(0),3(0)], numOfContainers=3, numOfBlocks=553
2019-08-05 04:39:07,122 INFO  commandhandler.DeleteBlocksCommandHandler (DeleteBlocksCommandHandler.java:handle(106)) - Start to delete container blocks, TXIDs=[1(0),2(0),3(0)], numOfContainers=3, numOfBlocks=553
2019-08-05 04:39:07,123 INFO  commandhandler.DeleteBlocksCommandHandler (DeleteBlocksCommandHandler.java:handle(106)) - Start to delete container blocks, TXIDs=[1(0),2(0),3(0)], numOfContainers=3, numOfBlocks=553
2019-08-05 04:39:07,124 INFO  commandhandler.DeleteBlocksCommandHandler (DeleteBlocksCommandHandler.java:handle(106)) - Start to delete container blocks, TXIDs=[1(0),2(0),3(0)], numOfContainers=3, numOfBlocks=553
2019-08-05 04:39:07,125 INFO  commandhandler.DeleteBlocksCommandHandler (DeleteBlocksCommandHandler.java:handle(106)) - Start to delete container blocks, TXIDs=[1(0),2(0),3(0)], numOfContainers=3, numOfBlocks=553
2019-08-05 04:39:07,126 INFO  commandhandler.DeleteBlocksCommandHandler (DeleteBlocksCommandHandler.java:handle(106)) - Start to delete container blocks, TXIDs=[1(0),2(0),3(0)], numOfContainers=3, numOfBlocks=553
2019-08-05 04:39:07,127 INFO  commandhandler.DeleteBlocksCommandHandler (DeleteBlocksCommandHandler.java:handle(106)) - Start to delete container blocks, TXIDs=[1(0),2(0),3(0)], numOfContainers=3, numOfBlocks=553
2019-08-05 04:39:07,128 INFO  commandhandler.DeleteBlocksCommandHandler (DeleteBlocksCommandHandler.java:handle(106)) - Start to delete container blocks, TXIDs=[1(0),2(0),3(0)], numOfContainers=3, numOfBlocks=553
2019-08-05 04:39:07,129 INFO  commandhandler.DeleteBlocksCommandHandler (DeleteBlocksCommandHandler.java:handle(106)) - Start to delete container blocks, TXIDs=[1(0),2(0),3(0)], numOfContainers=3, numOfBlocks=553
2019-08-05 04:39:07,130 INFO  commandhandler.DeleteBlocksCommandHandler (DeleteBlocksCommandHandler.java:handle(106)) - Start to delete container blocks, TXIDs=[1(0),2(0),3(0)], numOfContainers=3, numOfBlocks=553
2019-08-05 04:39:07,130 INFO  commands.RetriableDatanodeEventWatcher (RetriableDatanodeEventWatcher.java:onTimeout(47)) - RetriableDatanodeCommand type=deleteBlocksCommand with id=1564979932986 timed out. Retrying.
2019-08-05 04:39:07,130 INFO  commandhandler.DeleteBlocksCommandHandler (DeleteBlocksCommandHandler.java:handle(106)) - Start to delete container blocks, TXIDs=[1(773),2(773),3(773)], numOfContainers=3, numOfBlocks=553
2019-08-05 04:39:07,131 INFO  commandhandler.DeleteBlocksCommandHandler (DeleteBlocksCommandHandler.java:handle(106)) - Start to delete container blocks, TXIDs=[1(0),2(0),3(0)], numOfContainers=3, numOfBlocks=553
2019-08-05 04:39:07,132 INFO  commandhandler.DeleteBlocksCommandHandler (DeleteBlocksCommandHandler.java:handle(106)) - Start to delete container blocks, TXIDs=[1(0),2(0),3(0)], numOfContainers=3, numOfBlocks=553
2019-08-05 04:39:07,133 INFO  commandhandler.DeleteBlocksCommandHandler (DeleteBlocksCommandHandler.java:handle(106)) - Start to delete container blocks, TXIDs=[1(0),2(0),3(0)], numOfContainers=3, numOfBlocks=553
2019-08-05 04:39:07,134 INFO  commandhandler.DeleteBlocksCommandHandler (DeleteBlocksCommandHandler.java:handle(106)) - Start to delete container blocks, TXIDs=[1(0),2(0),3(0)], numOfContainers=3, numOfBlocks=553
2019-08-05 04:39:07,135 INFO  commandhandler.DeleteBlocksCommandHandler (DeleteBlocksCommandHandler.java:handle(106)) - Start to delete container blocks, TXIDs=[1(0),2(0),3(0)], numOfContainers=3, numOfBlocks=553
2019-08-05 04:39:07,136 INFO  commandhandler.DeleteBlocksCommandHandler (DeleteBlocksCommandHandler.java:handle(106)) - Start to delete container blocks, TXIDs=[1(0),2(0),3(0)], numOfContainers=3, numOfBlocks=553
2019-08-05 04:39:07,137 INFO  commandhandler.DeleteBlocksCommandHandler (DeleteBlocksCommandHandler.java:handle(106)) - Start to delete container blocks, TXIDs=[1(0),2(0),3(0)], numOfContainers=3, numOfBlocks=553
2019-08-05 04:39:07,137 INFO  commands.RetriableDatanodeEventWatcher (RetriableDatanodeEventWatcher.java:onTimeout(47)) - RetriableDatanodeCommand type=deleteBlocksCommand with id=1564979932927 timed out. Retrying.
2019-08-05 04:39:07,138 INFO  commandhandler.DeleteBlocksCommandHandler (DeleteBlocksCommandHandler.java:handle(106)) - Start to delete container blocks, TXIDs=[1(0),2(0),3(0)], numOfContainers=3, numOfBlocks=553
2019-08-05 04:39:07,139 INFO  commandhandler.DeleteBlocksCommandHandler (DeleteBlocksCommandHandler.java:handle(106)) - Start to delete container blocks, TXIDs=[1(0),2(0),3(0)], numOfContainers=3, numOfBlocks=553
2019-08-05 04:39:07,140 INFO  commandhandler.DeleteBlocksCommandHandler (DeleteBlocksCommandHandler.java:handle(106)) - Start to delete container blocks, TXIDs=[1(0),2(0),3(0)], numOfContainers=3, numOfBlocks=553
2019-08-05 04:39:07,140 INFO  commandhandler.DeleteBlocksCommandHandler (DeleteBlocksCommandHandler.java:handle(106)) - Start to delete container blocks, TXIDs=[1(0),2(0),3(0)], numOfContainers=3, numOfBlocks=553
2019-08-05 04:39:07,141 INFO  commandhandler.DeleteBlocksCommandHandler (DeleteBlocksCommandHandler.java:handle(106)) - Start to delete container blocks, TXIDs=[1(0),2(0),3(0)], numOfContainers=3, numOfBlocks=553
2019-08-05 04:39:07,142 INFO  commandhandler.DeleteBlocksCommandHandler (DeleteBlocksCommandHandler.java:handle(106)) - Start to delete container blocks, TXIDs=[1(0),2(0),3(0)], numOfContainers=3, numOfBlocks=553
2019-08-05 04:39:07,143 INFO  commandhandler.DeleteBlocksCommandHandler (DeleteBlocksCommandHandler.java:handle(106)) - Start to delete container blocks, TXIDs=[1(855),2(855),3(855)], numOfContainers=3, numOfBlocks=553
2019-08-05 04:39:07,144 INFO  commandhandler.DeleteBlocksCommandHandler (DeleteBlocksCommandHandler.java:handle(106)) - Start to delete container blocks, TXIDs=[1(0),2(0),3(0)], numOfContainers=3, numOfBlocks=553
2019-08-05 04:39:07,144 INFO  commands.RetriableDatanodeEventWatcher (RetriableDatanodeEventWatcher.java:onTimeout(47)) - RetriableDatanodeCommand type=deleteBlocksCommand with id=1564979932996 timed out. Retrying.
2019-08-05 04:39:07,145 INFO  commandhandler.DeleteBlocksCommandHandler (DeleteBlocksCommandHandler.java:handle(106)) - Start to delete container blocks, TXIDs=[1(0),2(0),3(0)], numOfContainers=3, numOfBlocks=553
2019-08-05 04:39:07,146 INFO  commandhandler.DeleteBlocksCommandHandler (DeleteBlocksCommandHandler.java:handle(106)) - Start to delete container blocks, TXIDs=[1(0),2(0),3(0)], numOfContainers=3, numOfBlocks=553
2019-08-05 04:39:07,147 INFO  commandhandler.DeleteBlocksCommandHandler (DeleteBlocksCommandHandler.java:handle(106)) - Start to delete container blocks, TXIDs=[1(0),2(0),3(0)], numOfContainers=3, numOfBlocks=553
2019-08-05 04:39:07,148 INFO  commandhandler.DeleteBlocksCommandHandler (DeleteBlocksCommandHandler.java:handle(106)) - Start to delete container blocks, TXIDs=[1(0),2(0),3(0)], numOfContainers=3, numOfBlocks=553
2019-08-05 04:39:07,148 INFO  commandhandler.DeleteBlocksCommandHandler (DeleteBlocksCommandHandler.java:handle(106)) - Start to delete container blocks, TXIDs=[1(0),2(0),3(0)], numOfContainers=3, numOfBlocks=553
2019-08-05 04:39:07,149 INFO  commandhandler.DeleteBlocksCommandHandler (DeleteBlocksCommandHandler.java:handle(106)) - Start to delete container blocks, TXIDs=[1(193),2(193),3(193)], numOfContainers=3, numOfBlocks=553
2019-08-05 04:39:07,150 INFO  commandhandler.DeleteBlocksCommandHandler (DeleteBlocksCommandHandler.java:handle(106)) - Start to delete container blocks, TXIDs=[1(0),2(0),3(0)], numOfContainers=3, numOfBlocks=553
2019-08-05 04:39:07,151 INFO  commandhandler.DeleteBlocksCommandHandler (DeleteBlocksCommandHandler.java:handle(106)) - Start to delete container blocks, TXIDs=[1(0),2(0),3(0)], numOfContainers=3, numOfBlocks=553
2019-08-05 04:39:07,152 INFO  commandhandler.DeleteBlocksCommandHandler (DeleteBlocksCommandHandler.java:handle(106)) - Start to delete container blocks, TXIDs=[1(0),2(0),3(0)], numOfContainers=3, numOfBlocks=553
2019-08-05 04:39:07,153 INFO  commandhandler.DeleteBlocksCommandHandler (DeleteBlocksCommandHandler.java:handle(106)) - Start to delete container blocks, TXIDs=[1(0),2(0),3(0)], numOfContainers=3, numOfBlocks=553
2019-08-05 04:39:07,153 INFO  commands.RetriableDatanodeEventWatcher (RetriableDatanodeEventWatcher.java:onTimeout(47)) - RetriableDatanodeCommand type=deleteBlocksCommand with id=1564979932937 timed out. Retrying.
2019-08-05 04:39:07,154 INFO  commandhandler.DeleteBlocksCommandHandler (DeleteBlocksCommandHandler.java:handle(106)) - Start to delete container blocks, TXIDs=[1(0),2(0),3(0)], numOfContainers=3, numOfBlocks=553
2019-08-05 04:39:07,154 INFO  commandhandler.DeleteBlocksCommandHandler (DeleteBlocksCommandHandler.java:handle(106)) - Start to delete container blocks, TXIDs=[1(0),2(0),3(0)], numOfContainers=3, numOfBlocks=553
2019-08-05 04:39:07,155 INFO  commandhandler.DeleteBlocksCommandHandler (DeleteBlocksCommandHandler.java:handle(106)) - Start to delete container blocks, TXIDs=[1(903),2(903),3(903)], numOfContainers=3, numOfBlocks=553
2019-08-05 04:39:07,156 INFO  commandhandler.DeleteBlocksCommandHandler (DeleteBlocksCommandHandler.java:handle(106)) - Start to delete container blocks, TXIDs=[1(0),2(0),3(0)], numOfContainers=3, numOfBlocks=553
2019-08-05 04:39:07,157 INFO  commandhandler.DeleteBlocksCommandHandler (DeleteBlocksCommandHandler.java:handle(106)) - Start to delete container blocks, TXIDs=[1(0),2(0),3(0)], numOfContainers=3, numOfBlocks=553
2019-08-05 04:39:07,158 INFO  commandhandler.DeleteBlocksCommandHandler (DeleteBlocksCommandHandler.java:handle(106)) - Start to delete container blocks, TXIDs=[1(0),2(0),3(0)], numOfContainers=3, numOfBlocks=553
2019-08-05 04:39:07,159 INFO  commandhandler.DeleteBlocksCommandHandler (DeleteBlocksCommandHandler.java:handle(106)) - Start to delete container blocks, TXIDs=[1(0),2(0),3(0)], numOfContainers=3, numOfBlocks=553
2019-08-05 04:39:07,159 INFO  commandhandler.DeleteBlocksCommandHandler (DeleteBlocksCommandHandler.java:handle(106)) - Start to delete container blocks, TXIDs=[1(0),2(0),3(0)], numOfContainers=3, numOfBlocks=553
2019-08-05 04:39:07,160 INFO  commandhandler.DeleteBlocksCommandHandler (DeleteBlocksCommandHandler.java:handle(106)) - Start to delete container blocks, TXIDs=[1(0),2(0),3(0)], numOfContainers=3, numOfBlocks=553
2019-08-05 04:39:07,161 INFO  commandhandler.DeleteBlocksCommandHandler (DeleteBlocksCommandHandler.java:handle(106)) - Start to delete container blocks, TXIDs=[1(493),2(493),3(493)], numOfContainers=3, numOfBlocks=553
2019-08-05 04:39:07,162 INFO  commands.RetriableDatanodeEventWatcher (RetriableDatanodeEventWatcher.java:onTimeout(47)) - RetriableDatanodeCommand type=deleteBlocksCommand with id=1564979933006 timed out. Retrying.
2019-08-05 04:39:07,162 INFO  commandhandler.DeleteBlocksCommandHandler (DeleteBlocksCommandHandler.java:handle(106)) - Start to delete container blocks, TXIDs=[1(0),2(0),3(0)], numOfContainers=3, numOfBlocks=553
2019-08-05 04:39:07,163 INFO  commandhandler.DeleteBlocksCommandHandler (DeleteBlocksCommandHandler.java:handle(106)) - Start to delete container blocks, TXIDs=[1(0),2(0),3(0)], numOfContainers=3, numOfBlocks=553
2019-08-05 04:39:07,164 INFO  commandhandler.DeleteBlocksCommandHandler (DeleteBlocksCommandHandler.java:handle(106)) - Start to delete container blocks, TXIDs=[1(0),2(0),3(0)], numOfContainers=3, numOfBlocks=553
2019-08-05 04:39:07,165 INFO  commandhandler.DeleteBlocksCommandHandler (DeleteBlocksCommandHandler.java:handle(106)) - Start to delete container blocks, TXIDs=[1(0),2(0),3(0)], numOfContainers=3, numOfBlocks=553
2019-08-05 04:39:07,166 INFO  commandhandler.DeleteBlocksCommandHandler (DeleteBlocksCommandHandler.java:handle(106)) - Start to delete container blocks, TXIDs=[1(0),2(0),3(0)], numOfContainers=3, numOfBlocks=553
2019-08-05 04:39:07,166 INFO  commands.RetriableDatanodeEventWatcher (RetriableDatanodeEventWatcher.java:onTimeout(47)) - RetriableDatanodeCommand type=deleteBlocksCommand with id=1564979932947 timed out. Retrying.
2019-08-05 04:39:07,167 INFO  commandhandler.DeleteBlocksCommandHandler (DeleteBlocksCommandHandler.java:handle(106)) - Start to delete container blocks, TXIDs=[1(0),2(0),3(0)], numOfContainers=3, numOfBlocks=553
2019-08-05 04:39:07,167 INFO  commandhandler.DeleteBlocksCommandHandler (DeleteBlocksCommandHandler.java:handle(106)) - Start to delete container blocks, TXIDs=[1(932),2(932),3(932)], numOfContainers=3, numOfBlocks=553
2019-08-05 04:39:07,168 INFO  commandhandler.DeleteBlocksCommandHandler (DeleteBlocksCommandHandler.java:handle(106)) - Start to delete container blocks, TXIDs=[1(0),2(0),3(0)], numOfContainers=3, numOfBlocks=553
2019-08-05 04:39:07,169 INFO  commandhandler.DeleteBlocksCommandHandler (DeleteBlocksCommandHandler.java:handle(106)) - Start to delete container blocks, TXIDs=[1(0),2(0),3(0)], numOfContainers=3, numOfBlocks=553
2019-08-05 04:39:07,170 INFO  commandhandler.DeleteBlocksCommandHandler (DeleteBlocksCommandHandler.java:handle(106)) - Start to delete container blocks, TXIDs=[1(0),2(0),3(0)], numOfContainers=3, numOfBlocks=553
2019-08-05 04:39:07,171 INFO  commands.RetriableDatanodeEventWatcher (RetriableDatanodeEventWatcher.java:onTimeout(47)) - RetriableDatanodeCommand type=deleteBlocksCommand with id=1564979933055 timed out. Retrying.
2019-08-05 04:39:07,171 INFO  commandhandler.DeleteBlocksCommandHandler (DeleteBlocksCommandHandler.java:handle(106)) - Start to delete container blocks, TXIDs=[1(0),2(0),3(0)], numOfContainers=3, numOfBlocks=553
2019-08-05 04:39:07,172 INFO  commandhandler.DeleteBlocksCommandHandler (DeleteBlocksCommandHandler.java:handle(106)) - Start to delete container blocks, TXIDs=[1(773),2(773),3(773)], numOfContainers=3, numOfBlocks=553
2019-08-05 04:39:07,173 INFO  commandhandler.DeleteBlocksCommandHandler (DeleteBlocksCommandHandler.java:handle(106)) - Start to delete container blocks, TXIDs=[1(0),2(0),3(0)], numOfContainers=3, numOfBlocks=553
2019-08-05 04:39:07,174 INFO  commandhandler.DeleteBlocksCommandHandler (DeleteBlocksCommandHandler.java:handle(106)) - Start to delete container blocks, TXIDs=[1(0),2(0),3(0)], numOfContainers=3, numOfBlocks=553
2019-08-05 04:39:07,174 INFO  commandhandler.DeleteBlocksCommandHandler (DeleteBlocksCommandHandler.java:handle(106)) - Start to delete container blocks, TXIDs=[1(0),2(0),3(0)], numOfContainers=3, numOfBlocks=553
2019-08-05 04:39:07,175 INFO  commandhandler.DeleteBlocksCommandHandler (DeleteBlocksCommandHandler.java:handle(106)) - Start to delete container blocks, TXIDs=[1(940),2(940),3(940)], numOfContainers=3, numOfBlocks=553
2019-08-05 04:39:07,176 INFO  commandhandler.DeleteBlocksCommandHandler (DeleteBlocksCommandHandler.java:handle(106)) - Start to delete container blocks, TXIDs=[1(0),2(0),3(0)], numOfContainers=3, numOfBlocks=553
2019-08-05 04:39:07,177 commands.RetriableDatanodeEventWatcher (INFO  commandhandler.DeleteBlocksCommandHandler (DeleteBlocksCommandHandler.java:handle(106)) - Start to delete container blocks, TXIDs=[1(0),2(0),3(0)], numOfContainers=3, numOfBlocks=553
2019-08-05 04:39:07,177 INFO  commands.RetriableDatanodeEventWatcher (RetriableDatanodeEventWatcher.java:onTimeout(47)) - RetriableDatanodeCommand type=deleteBlocksCommand with id=1564979933016 timed out. Retrying.
2019-08-05 04:39:07,178 INFO  commandhandler.DeleteBlocksCommandHandler (DeleteBlocksCommandHandler.java:handle(106)) - Start to delete container blocks, TXIDs=[1(0),2(0),3(0)], numOfContainers=3, numOfBlocks=553
2019-08-05 04:39:07,179 INFO  commandhandler.DeleteBlocksCommandHandler (DeleteBlocksCommandHandler.java:handle(106)) - Start to delete container blocks, TXIDs=[1(0),2(0),3(0)], numOfContainers=3, numOfBlocks=553
2019-08-05 04:39:07,180 INFO  commandhandler.DeleteBlocksCommandHandler (DeleteBlocksCommandHandler.java:handle(106)) - Start to delete container blocks, TXIDs=[1(0),2(0),3(0)], numOfContainers=3, numOfBlocks=553
2019-08-05 04:39:07,181 INFO  commandhandler.DeleteBlocksCommandHandler (DeleteBlocksCommandHandler.java:handle(106)) - Start to delete container blocks, TXIDs=[1(0),2(0),3(0)], numOfContainers=3, numOfBlocks=553
2019-08-05 04:39:07,181 INFO  commandhandler.DeleteBlocksCommandHandler (DeleteBlocksCommandHandler.java:handle(106)) - Start to delete container blocks, TXIDs=[1(0),2(0),3(0)], numOfContainers=3, numOfBlocks=553
2019-08-05 04:39:07,182 INFO  commandhandler.DeleteBlocksCommandHandler (DeleteBlocksCommandHandler.java:handle(106)) - Start to delete container blocks, TXIDs=[1(0),2(0),3(0)], numOfContainers=3, numOfBlocks=553
2019-08-05 04:39:07,183 INFO  commandhandler.DeleteBlocksCommandHandler (DeleteBlocksCommandHandler.java:handle(106)) - Start to delete container blocks, TXIDs=[1(0),2(0),3(0)], numOfContainers=3, numOfBlocks=553
2019-08-05 04:39:07,184 INFO  commandhandler.DeleteBlocksCommandHandler (DeleteBlocksCommandHandler.java:handle(106)) - Start to delete container blocks, TXIDs=[1(0),2(0),3(0)], numOfContainers=3, numOfBlocks=553
2019-08-05 04:39:07,185 INFO  commandhandler.DeleteBlocksCommandHandler (DeleteBlocksCommandHandler.java:handle(106)) - Start to delete container blocks, TXIDs=[1(0),2(0),3(0)], numOfContainers=3, numOfBlocks=553
SCMBlockDeletingService.java:call(138)) - Running DeletedBlockTransactionScanner
2019-08-05 04:39:07,185 INFO  commandhandler.DeleteBlocksCommandHandler (DeleteBlocksCommandHandler.java:handle(106)) - Start to delete container blocks, TXIDs=[1(0),2(0),3(0)], numOfContainers=3, numOfBlocks=553
2019-08-05 04:39:07,185 DEBUG block.SCMBlockDeletingService (SCMBlockDeletingService.java:call(155)) - Scanned deleted blocks log and got 3 delTX to process.
2019-08-05 04:39:07,185 DEBUG block.SCMBlockDeletingService (SCMBlockDeletingService.java:call(171)) - Added delete block command for datanode 3f4de2de-7d09-498f-aead-42327df81d94 in the queue, number of delete block transactions: 3, TxID list: 1,2,3
2019-08-05 04:39:07,186 INFO  commandhandler.DeleteBlocksCommandHandler (DeleteBlocksCommandHandler.java:handle(106)) - Start to delete container blocks, TXIDs=[1(0),2(0),3(0)], numOfContainers=3, numOfBlocks=553
SCMBlockDeletingService.java:call(182)) - Totally added 3 delete blocks command for 1 datanodes, task elapsed time: 1ms
2019-08-05 04:39:07,186 INFO  commandhandler.DeleteBlocksCommandHandler (DeleteBlocksCommandHandler.java:handle(106)) - Start to delete container blocks, TXIDs=[1(0),2(0),3(0)], numOfContainers=3, numOfBlocks=553
2019-08-05 04:39:07,187 INFO  commands.RetriableDatanodeEventWatcher (RetriableDatanodeEventWatcher.java:onTimeout(47)) - RetriableDatanodeCommand type=deleteBlocksCommand with id=1564979932957 timed out. Retrying.
2019-08-05 04:39:07,187 INFO  commandhandler.DeleteBlocksCommandHandler (DeleteBlocksCommandHandler.java:handle(106)) - Start to delete container blocks, TXIDs=[1(0),2(0),3(0)], numOfContainers=3, numOfBlocks=553
2019-08-05 04:39:07,188 INFO  commandhandler.DeleteBlocksCommandHandler (DeleteBlocksCommandHandler.java:handle(106)) - Start to delete container blocks, TXIDs=[1(0),2(0),3(0)], numOfContainers=3, numOfBlocks=553
2019-08-05 04:39:07,189 INFO  commandhandler.DeleteBlocksCommandHandler (DeleteBlocksCommandHandler.java:handle(106)) - Start to delete container blocks, TXIDs=[1(773),2(773),3(773)], numOfContainers=3, numOfBlocks=553
2019-08-05 04:39:07,189 INFO  commandhandler.DeleteBlocksCommandHandler (DeleteBlocksCommandHandler.java:handle(106)) - Start to delete container blocks, TXIDs=[1(0),2(0),3(0)], numOfContainers=3, numOfBlocks=553
2019-08-05 04:39:07,190 INFO  commandhandler.DeleteBlocksCommandHandler (DeleteBlocksCommandHandler.java:handle(106)) - Start to delete container blocks, TXIDs=[1(0),2(0),3(0)], numOfContainers=3, numOfBlocks=553
2019-08-05 04:39:07,191 INFO  commandhandler.DeleteBlocksCommandHandler (DeleteBlocksCommandHandler.java:handle(106)) - Start to delete container blocks, TXIDs=[1(0),2(0),3(0)], numOfContainers=3, numOfBlocks=553
2019-08-05 04:39:07,192 INFO  commandhandler.DeleteBlocksCommandHandler (DeleteBlocksCommandHandler.java:handle(106)) - Start to delete container blocks, TXIDs=[1(956),2(956),3(956)], numOfContainers=3, numOfBlocks=553
2019-08-05 04:39:07,192 INFO  commands.RetriableDatanodeEventWatcher (RetriableDatanodeEventWatcher.java:onTimeout(47)) - RetriableDatanodeCommand type=deleteBlocksCommand with id=1564979933026 timed out. Retrying.
2019-08-05 04:39:07,193 INFO  commandhandler.DeleteBlocksCommandHandler (DeleteBlocksCommandHandler.java:handle(106)) - Start to delete container blocks, TXIDs=[1(0),2(0),3(0)], numOfContainers=3, numOfBlocks=553
2019-08-05 04:39:07,194 INFO  commandhandler.DeleteBlocksCommandHandler (DeleteBlocksCommandHandler.java:handle(106)) - Start to delete container blocks, TXIDs=[1(0),2(0),3(0)], numOfContainers=3, numOfBlocks=553
2019-08-05 04:39:07,194 INFO  commandhandler.DeleteBlocksCommandHandler (DeleteBlocksCommandHandler.java:handle(106)) - Start to delete container blocks, TXIDs=[1(0),2(0),3(0)], numOfContainers=3, numOfBlocks=553
2019-08-05 04:39:07,195 INFO  commandhandler.DeleteBlocksCommandHandler (DeleteBlocksCommandHandler.java:handle(106)) - Start to delete container blocks, TXIDs=[1(0),2(0),3(0)], numOfContainers=3, numOfBlocks=553
2019-08-05 04:39:07,196 INFO  commandhandler.DeleteBlocksCommandHandler (DeleteBlocksCommandHandler.java:handle(106)) - Start to delete container blocks, TXIDs=[1(0),2(0),3(0)], numOfContainers=3, numOfBlocks=553
2019-08-05 04:39:07,197 INFO  commandhandler.DeleteBlocksCommandHandler (DeleteBlocksCommandHandler.java:handle(106)) - Start to delete container blocks, TXIDs=[1(0),2(0),3(0)], numOfContainers=3, numOfBlocks=553
2019-08-05 04:39:07,198 INFO  commands.RetriableDatanodeEventWatcher (RetriableDatanodeEventWatcher.java:onTimeout(47)) - RetriableDatanodeCommand type=deleteBlocksCommand with id=1564979932967 timed out. Retrying.
2019-08-05 04:39:07,198 INFO  commandhandler.DeleteBlocksCommandHandler (DeleteBlocksCommandHandler.java:handle(106)) - Start to delete container blocks, TXIDs=[1(0),2(0),3(0)], numOfContainers=3, numOfBlocks=553
2019-08-05 04:39:07,199 INFO  commandhandler.DeleteBlocksCommandHandler (DeleteBlocksCommandHandler.java:handle(106)) - Start to delete container blocks, TXIDs=[1(0),2(0),3(0)], numOfContainers=3, numOfBlocks=553
2019-08-05 04:39:07,200 INFO  commandhandler.DeleteBlocksCommandHandler (DeleteBlocksCommandHandler.java:handle(106)) - Start to delete container blocks, TXIDs=[1(0),2(0),3(0)], numOfContainers=3, numOfBlocks=553
2019-08-05 04:39:07,200 INFO  commandhandler.DeleteBlocksCommandHandler (DeleteBlocksCommandHandler.java:handle(106)) - Start to delete container blocks, TXIDs=[1(0),2(0),3(0)], numOfContainers=3, numOfBlocks=553
2019-08-05 04:39:07,201 INFO  commandhandler.DeleteBlocksCommandHandler (DeleteBlocksCommandHandler.java:handle(106)) - Start to delete container blocks, TXIDs=[1(773),2(773),3(773)], numOfContainers=3, numOfBlocks=553
2019-08-05 04:39:07,202 INFO  commandhandler.DeleteBlocksCommandHandler (DeleteBlocksCommandHandler.java:handle(106)) - Start to delete container blocks, TXIDs=[1(0),2(0),3(0)], numOfContainers=3, numOfBlocks=553
2019-08-05 04:39:07,203 INFO  commandhandler.DeleteBlocksCommandHandler (DeleteBlocksCommandHandler.java:handle(106)) - Start to delete container blocks, TXIDs=[1(0),2(0),3(0)], numOfContainers=3, numOfBlocks=553
2019-08-05 04:39:07,204 INFO  commandhandler.DeleteBlocksCommandHandler (DeleteBlocksCommandHandler.java:handle(106)) - Start to delete container blocks, TXIDs=[1(956),2(956),3(956)], numOfContainers=3, numOfBlocks=553
2019-08-05 04:39:07,205 INFO  commandhandler.DeleteBlocksCommandHandler (DeleteBlocksCommandHandler.java:handle(106)) - Start to delete container blocks, TXIDs=[1(0),2(0),3(0)], numOfContainers=3, numOfBlocks=553
2019-08-05 04:39:07,205 INFO  commandhandler.DeleteBlocksCommandHandler (DeleteBlocksCommandHandler.java:handle(106)) - Start to delete container blocks, TXIDs=[1(0),2(0),3(0)], numOfContainers=3, numOfBlocks=553
2019-08-05 04:39:07,206 INFO  commandhandler.DeleteBlocksCommandHandler (DeleteBlocksCommandHandler.java:handle(106)) - Start to delete container blocks, TXIDs=[1(0),2(0),3(0)], numOfContainers=3, numOfBlocks=553
2019-08-05 04:39:07,207 INFO  commandhandler.DeleteBlocksCommandHandler (DeleteBlocksCommandHandler.java:handle(106)) - Start to delete container blocks, TXIDs=[1(0),2(0),3(0)], numOfContainers=3, numOfBlocks=553
2019-08-05 04:39:07,208 INFO  commandhandler.DeleteBlocksCommandHandler (DeleteBlocksCommandHandler.java:handle(106)) - Start to delete container blocks, TXIDs=[1(0),2(0),3(0)], numOfContainers=3, numOfBlocks=553
2019-08-05 04:39:07,209 INFO  commandhandler.DeleteBlocksCommandHandler (DeleteBlocksCommandHandler.java:handle(106)) - Start to delete container blocks, TXIDs=[1(0),2(0),3(0)], numOfContainers=3, numOfBlocks=553
2019-08-05 04:39:07,210 INFO  commandhandler.DeleteBlocksCommandHandler (DeleteBlocksCommandHandler.java:handle(106)) - Start to delete container blocks, TXIDs=[1(0),2(0),3(0)], numOfContainers=3, numOfBlocks=553
2019-08-05 04:39:07,210 INFO  commandhandler.DeleteBlocksCommandHandler (DeleteBlocksCommandHandler.java:handle(106)) - Start to delete container blocks, TXIDs=[1(0),2(0),3(0)], numOfContainers=3, numOfBlocks=553
2019-08-05 04:39:07,211 INFO  commandhandler.DeleteBlocksCommandHandler (DeleteBlocksCommandHandler.java:handle(106)) - Start to delete container blocks, TXIDs=[1(0),2(0),3(0)], numOfContainers=3, numOfBlocks=553
2019-08-05 04:39:07,212 INFO  commandhandler.DeleteBlocksCommandHandler (DeleteBlocksCommandHandler.java:handle(106)) - Start to delete container blocks, TXIDs=[1(773),2(773),3(773)], numOfContainers=3, numOfBlocks=553
2019-08-05 04:39:07,213 INFO  commandhandler.DeleteBlocksCommandHandler (DeleteBlocksCommandHandler.java:handle(106)) - Start to delete container blocks, TXIDs=[1(0),2(0),3(0)], numOfContainers=3, numOfBlocks=553
2019-08-05 04:39:07,214 INFO  commandhandler.DeleteBlocksCommandHandler (DeleteBlocksCommandHandler.java:handle(106)) - Start to delete container blocks, TXIDs=[1(0),2(0),3(0)], numOfContainers=3, numOfBlocks=553
2019-08-05 04:39:07,215 INFO  commandhandler.DeleteBlocksCommandHandler (DeleteBlocksCommandHandler.java:handle(106)) - Start to delete container blocks, TXIDs=[1(0),2(0),3(0)], numOfContainers=3, numOfBlocks=553
2019-08-05 04:39:07,216 INFO  commandhandler.DeleteBlocksCommandHandler (DeleteBlocksCommandHandler.java:handle(106)) - Start to delete container blocks, TXIDs=[1(984),2(984),3(984)], numOfContainers=3, numOfBlocks=553
2019-08-05 04:39:07,216 INFO  commandhandler.DeleteBlocksCommandHandler (DeleteBlocksCommandHandler.java:handle(106)) - Start to delete container blocks, TXIDs=[1(0),2(0),3(0)], numOfContainers=3, numOfBlocks=553
2019-08-05 04:39:07,217 INFO  commandhandler.DeleteBlocksCommandHandler (DeleteBlocksCommandHandler.java:handle(106)) - Start to delete container blocks, TXIDs=[1(0),2(0),3(0)], numOfContainers=3, numOfBlocks=553
2019-08-05 04:39:07,218 INFO  commandhandler.DeleteBlocksCommandHandler (DeleteBlocksCommandHandler.java:handle(106)) - Start to delete container blocks, TXIDs=[1(0),2(0),3(0)], numOfContainers=3, numOfBlocks=553
2019-08-05 04:39:07,219 INFO  commandhandler.DeleteBlocksCommandHandler (DeleteBlocksCommandHandler.java:handle(106)) - Start to delete container blocks, TXIDs=[1(0),2(0),3(0)], numOfContainers=3, numOfBlocks=553
2019-08-05 04:39:07,220 INFO  commandhandler.DeleteBlocksCommandHandler (DeleteBlocksCommandHandler.java:handle(106)) - Start to delete container blocks, TXIDs=[1(0),2(0),3(0)], numOfContainers=3, numOfBlocks=553
2019-08-05 04:39:07,221 INFO  commandhandler.DeleteBlocksCommandHandler (DeleteBlocksCommandHandler.java:handle(106)) - Start to delete container blocks, TXIDs=[1(0),2(0),3(0)], numOfContainers=3, numOfBlocks=553
2019-08-05 04:39:07,221 INFO  commandhandler.DeleteBlocksCommandHandler (DeleteBlocksCommandHandler.java:handle(106)) - Start to delete container blocks, TXIDs=[1(0),2(0),3(0)], numOfContainers=3, numOfBlocks=553
2019-08-05 04:39:07,222 INFO  commandhandler.DeleteBlocksCommandHandler (DeleteBlocksCommandHandler.java:handle(106)) - Start to delete container blocks, TXIDs=[1(0),2(0),3(0)], numOfContainers=3, numOfBlocks=553
2019-08-05 04:39:07,223 INFO  commandhandler.DeleteBlocksCommandHandler (DeleteBlocksCommandHandler.java:handle(106)) - Start to delete container blocks, TXIDs=[1(0),2(0),3(0)], numOfContainers=3, numOfBlocks=553
2019-08-05 04:39:07,224 INFO  commandhandler.DeleteBlocksCommandHandler (DeleteBlocksCommandHandler.java:handle(106)) - Start to delete container blocks, TXIDs=[1(773),2(773),3(773)], numOfContainers=3, numOfBlocks=553
2019-08-05 04:39:07,225 INFO  commandhandler.DeleteBlocksCommandHandler (DeleteBlocksCommandHandler.java:handle(106)) - Start to delete container blocks, TXIDs=[1(0),2(0),3(0)], numOfContainers=3, numOfBlocks=553
2019-08-05 04:39:07,226 INFO  commandhandler.DeleteBlocksCommandHandler (DeleteBlocksCommandHandler.java:handle(106)) - Start to delete container blocks, TXIDs=[1(0),2(0),3(0)], numOfContainers=3, numOfBlocks=553
2019-08-05 04:39:07,226 INFO  commandhandler.DeleteBlocksCommandHandler (DeleteBlocksCommandHandler.java:handle(106)) - Start to delete container blocks, TXIDs=[1(984),2(984),3(984)], numOfContainers=3, numOfBlocks=553
2019-08-05 04:39:07,227 INFO  commandhandler.DeleteBlocksCommandHandler (DeleteBlocksCommandHandler.java:handle(106)) - Start to delete container blocks, TXIDs=[1(0),2(0),3(0)], numOfContainers=3, numOfBlocks=553
2019-08-05 04:39:07,228 INFO  commandhandler.DeleteBlocksCommandHandler (DeleteBlocksCommandHandler.java:handle(106)) - Start to delete container blocks, TXIDs=[1(0),2(0),3(0)], numOfContainers=3, numOfBlocks=553
2019-08-05 04:39:07,229 INFO  commandhandler.DeleteBlocksCommandHandler (DeleteBlocksCommandHandler.java:handle(106)) - Start to delete container blocks, TXIDs=[1(0),2(0),3(0)], numOfContainers=3, numOfBlocks=553
2019-08-05 04:39:07,230 INFO  commandhandler.DeleteBlocksCommandHandler (DeleteBlocksCommandHandler.java:handle(106)) - Start to delete container blocks, TXIDs=[1(0),2(0),3(0)], numOfContainers=3, numOfBlocks=553
2019-08-05 04:39:07,231 INFO  commandhandler.DeleteBlocksCommandHandler (DeleteBlocksCommandHandler.java:handle(106)) - Start to delete container blocks, TXIDs=[1(0),2(0),3(0)], numOfContainers=3, numOfBlocks=553
2019-08-05 04:39:07,231 INFO  commandhandler.DeleteBlocksCommandHandler (DeleteBlocksCommandHandler.java:handle(106)) - Start to delete container blocks, TXIDs=[1(0),2(0),3(0)], numOfContainers=3, numOfBlocks=553
2019-08-05 04:39:07,232 INFO  commandhandler.DeleteBlocksCommandHandler (DeleteBlocksCommandHandler.java:handle(106)) - Start to delete container blocks, TXIDs=[1(0),2(0),3(0)], numOfContainers=3, numOfBlocks=553
2019-08-05 04:39:07,233 INFO  commandhandler.DeleteBlocksCommandHandler (DeleteBlocksCommandHandler.java:handle(106)) - Start to delete container blocks, TXIDs=[1(0),2(0),3(0)], numOfContainers=3, numOfBlocks=553
2019-08-05 04:39:07,234 INFO  commandhandler.DeleteBlocksCommandHandler (DeleteBlocksCommandHandler.java:handle(106)) - Start to delete container blocks, TXIDs=[1(0),2(0),3(0)], numOfContainers=3, numOfBlocks=553
2019-08-05 04:39:07,235 INFO  commandhandler.DeleteBlocksCommandHandler (DeleteBlocksCommandHandler.java:handle(106)) - Start to delete container blocks, TXIDs=[1(0),2(0),3(0)], numOfContainers=3, numOfBlocks=553
2019-08-05 04:39:07,236 INFO  commandhandler.DeleteBlocksCommandHandler (DeleteBlocksCommandHandler.java:handle(106)) - Start to delete container blocks, TXIDs=[1(773),2(773),3(773)], numOfContainers=3, numOfBlocks=553
2019-08-05 04:39:07,236 INFO  commandhandler.DeleteBlocksCommandHandler (DeleteBlocksCommandHandler.java:handle(106)) - Start to delete container blocks, TXIDs=[1(0),2(0),3(0)], numOfContainers=3, numOfBlocks=553
2019-08-05 04:39:07,237 INFO  commandhandler.DeleteBlocksCommandHandler (DeleteBlocksCommandHandler.java:handle(106)) - Start to delete container blocks, TXIDs=[1(1011),2(1011),3(1011)], numOfContainers=3, numOfBlocks=553
2019-08-05 04:39:07,238 INFO  commandhandler.DeleteBlocksCommandHandler (DeleteBlocksCommandHandler.java:handle(106)) - Start to delete container blocks, TXIDs=[1(0),2(0),3(0)], numOfContainers=3, numOfBlocks=553
2019-08-05 04:39:07,239 INFO  commandhandler.DeleteBlocksCommandHandler (DeleteBlocksCommandHandler.java:handle(106)) - Start to delete container blocks, TXIDs=[1(0),2(0),3(0)], numOfContainers=3, numOfBlocks=553
2019-08-05 04:39:07,240 INFO  commandhandler.DeleteBlocksCommandHandler (DeleteBlocksCommandHandler.java:handle(106)) - Start to delete container blocks, TXIDs=[1(0),2(0),3(0)], numOfContainers=3, numOfBlocks=553
2019-08-05 04:39:07,241 INFO  commandhandler.DeleteBlocksCommandHandler (DeleteBlocksCommandHandler.java:handle(106)) - Start to delete container blocks, TXIDs=[1(0),2(0),3(0)], numOfContainers=3, numOfBlocks=553
2019-08-05 04:39:07,241 INFO  commandhandler.DeleteBlocksCommandHandler (DeleteBlocksCommandHandler.java:handle(106)) - Start to delete container blocks, TXIDs=[1(0),2(0),3(0)], numOfContainers=3, numOfBlocks=553
2019-08-05 04:39:07,242 INFO  commandhandler.DeleteBlocksCommandHandler (DeleteBlocksCommandHandler.java:handle(106)) - Start to delete container blocks, TXIDs=[1(0),2(0),3(0)], numOfContainers=3, numOfBlocks=553
2019-08-05 04:39:07,243 INFO  commandhandler.DeleteBlocksCommandHandler (DeleteBlocksCommandHandler.java:handle(106)) - Start to delete container blocks, TXIDs=[1(0),2(0),3(0)], numOfContainers=3, numOfBlocks=553
2019-08-05 04:39:07,244 INFO  commandhandler.DeleteBlocksCommandHandler (DeleteBlocksCommandHandler.java:handle(106)) - Start to delete container blocks, TXIDs=[1(0),2(0),3(0)], numOfContainers=3, numOfBlocks=553
2019-08-05 04:39:07,245 INFO  commandhandler.DeleteBlocksCommandHandler (DeleteBlocksCommandHandler.java:handle(106)) - Start to delete container blocks, TXIDs=[1(0),2(0),3(0)], numOfContainers=3, numOfBlocks=553
2019-08-05 04:39:07,245 INFO  commandhandler.DeleteBlocksCommandHandler (DeleteBlocksCommandHandler.java:handle(106)) - Start to delete container blocks, TXIDs=[1(0),2(0),3(0)], numOfContainers=3, numOfBlocks=553
2019-08-05 04:39:07,246 INFO  commandhandler.DeleteBlocksCommandHandler (DeleteBlocksCommandHandler.java:handle(106)) - Start to delete container blocks, TXIDs=[1(0),2(0),3(0)], numOfContainers=3, numOfBlocks=553
2019-08-05 04:39:07,247 INFO  commandhandler.DeleteBlocksCommandHandler (DeleteBlocksCommandHandler.java:handle(106)) - Start to delete container blocks, TXIDs=[1(0),2(0),3(0)], numOfContainers=3, numOfBlocks=553
2019-08-05 04:39:07,248 INFO  commandhandler.DeleteBlocksCommandHandler (DeleteBlocksCommandHandler.java:handle(106)) - Start to delete container blocks, TXIDs=[1(773),2(773),3(773)], numOfContainers=3, numOfBlocks=553
2019-08-05 04:39:07,249 INFO  commandhandler.DeleteBlocksCommandHandler (DeleteBlocksCommandHandler.java:handle(106)) - Start to delete container blocks, TXIDs=[1(0),2(0),3(0)], numOfContainers=3, numOfBlocks=553
2019-08-05 04:39:07,250 INFO  commandhandler.DeleteBlocksCommandHandler (DeleteBlocksCommandHandler.java:handle(106)) - Start to delete container blocks, TXIDs=[1(0),2(0),3(0)], numOfContainers=3, numOfBlocks=553
2019-08-05 04:39:07,250 INFO  commandhandler.DeleteBlocksCommandHandler (DeleteBlocksCommandHandler.java:handle(106)) - Start to delete container blocks, TXIDs=[1(1011),2(1011),3(1011)], numOfContainers=3, numOfBlocks=553
2019-08-05 04:39:07,251 INFO  commandhandler.DeleteBlocksCommandHandler (DeleteBlocksCommandHandler.java:handle(106)) - Start to delete container blocks, TXIDs=[1(0),2(0),3(0)], numOfContainers=3, numOfBlocks=553
2019-08-05 04:39:07,252 INFO  commandhandler.DeleteBlocksCommandHandler (DeleteBlocksCommandHandler.java:handle(106)) - Start to delete container blocks, TXIDs=[1(0),2(0),3(0)], numOfContainers=3, numOfBlocks=553
2019-08-05 04:39:07,253 INFO  commandhandler.DeleteBlocksCommandHandler (DeleteBlocksCommandHandler.java:handle(106)) - Start to delete container blocks, TXIDs=[1(0),2(0),3(0)], numOfContainers=3, numOfBlocks=553
2019-08-05 04:39:07,254 INFO  commandhandler.DeleteBlocksCommandHandler (DeleteBlocksCommandHandler.java:handle(106)) - Start to delete container blocks, TXIDs=[1(0),2(0),3(0)], numOfContainers=3, numOfBlocks=553
2019-08-05 04:39:07,254 INFO  commandhandler.DeleteBlocksCommandHandler (DeleteBlocksCommandHandler.java:handle(106)) - Start to delete container blocks, TXIDs=[1(0),2(0),3(0)], numOfContainers=3, numOfBlocks=553
2019-08-05 04:39:07,255 INFO  commandhandler.DeleteBlocksCommandHandler (DeleteBlocksCommandHandler.java:handle(106)) - Start to delete container blocks, TXIDs=[1(0),2(0),3(0)], numOfContainers=3, numOfBlocks=553
2019-08-05 04:39:07,256 INFO  commandhandler.DeleteBlocksCommandHandler (DeleteBlocksCommandHandler.java:handle(106)) - Start to delete container blocks, TXIDs=[1(0),2(0),3(0)], numOfContainers=3, numOfBlocks=553
2019-08-05 04:39:07,257 INFO  commandhandler.DeleteBlocksCommandHandler (DeleteBlocksCommandHandler.java:handle(106)) - Start to delete container blocks, TXIDs=[1(0),2(0),3(0)], numOfContainers=3, numOfBlocks=553
2019-08-05 04:39:07,258 INFO  commandhandler.DeleteBlocksCommandHandler (DeleteBlocksCommandHandler.java:handle(106)) - Start to delete container blocks, TXIDs=[1(0),2(0),3(0)], numOfContainers=3, numOfBlocks=553
2019-08-05 04:39:07,258 INFO  commandhandler.DeleteBlocksCommandHandler (DeleteBlocksCommandHandler.java:handle(106)) - Start to delete container blocks, TXIDs=[1(0),2(0),3(0)], numOfContainers=3, numOfBlocks=553
2019-08-05 04:39:07,259 INFO  commandhandler.DeleteBlocksCommandHandler (DeleteBlocksCommandHandler.java:handle(106)) - Start to delete container blocks, TXIDs=[1(0),2(0),3(0)], numOfContainers=3, numOfBlocks=553
2019-08-05 04:39:07,260 INFO  commandhandler.DeleteBlocksCommandHandler (DeleteBlocksCommandHandler.java:handle(106)) - Start to delete container blocks, TXIDs=[1(855),2(855),3(855)], numOfContainers=3, numOfBlocks=553
2019-08-05 04:39:07,261 INFO  commandhandler.DeleteBlocksCommandHandler (DeleteBlocksCommandHandler.java:handle(106)) - Start to delete container blocks, TXIDs=[1(0),2(0),3(0)], numOfContainers=3, numOfBlocks=553
2019-08-05 04:39:07,261 INFO  commandhandler.DeleteBlocksCommandHandler (DeleteBlocksCommandHandler.java:handle(106)) - Start to delete container blocks, TXIDs=[1(0),2(0),3(0)], numOfContainers=3, numOfBlocks=553
2019-08-05 04:39:07,262 INFO  commandhandler.DeleteBlocksCommandHandler (DeleteBlocksCommandHandler.java:handle(106)) - Start to delete container blocks, TXIDs=[1(1039),2(1039),3(1039)], numOfContainers=3, numOfBlocks=553
2019-08-05 04:39:07,263 INFO  commandhandler.DeleteBlocksCommandHandler (DeleteBlocksCommandHandler.java:handle(106)) - Start to delete container blocks, TXIDs=[1(0),2(0),3(0)], numOfContainers=3, numOfBlocks=553
2019-08-05 04:39:07,264 INFO  commandhandler.DeleteBlocksCommandHandler (DeleteBlocksCommandHandler.java:handle(106)) - Start to delete container blocks, TXIDs=[1(0),2(0),3(0)], numOfContainers=3, numOfBlocks=553
2019-08-05 04:39:07,264 INFO  commandhandler.DeleteBlocksCommandHandler (DeleteBlocksCommandHandler.java:handle(106)) - Start to delete container blocks, TXIDs=[1(0),2(0),3(0)], numOfContainers=3, numOfBlocks=553
2019-08-05 04:39:07,265 INFO  commandhandler.DeleteBlocksCommandHandler (DeleteBlocksCommandHandler.java:handle(106)) - Start to delete container blocks, TXIDs=[1(0),2(0),3(0)], numOfContainers=3, numOfBlocks=553
2019-08-05 04:39:07,266 INFO  commandhandler.DeleteBlocksCommandHandler (DeleteBlocksCommandHandler.java:handle(106)) - Start to delete container blocks, TXIDs=[1(193),2(193),3(193)], numOfContainers=3, numOfBlocks=553
2019-08-05 04:39:07,267 INFO  commandhandler.DeleteBlocksCommandHandler (DeleteBlocksCommandHandler.java:handle(106)) - Start to delete container blocks, TXIDs=[1(0),2(0),3(0)], numOfContainers=3, numOfBlocks=553
2019-08-05 04:39:07,268 INFO  commandhandler.DeleteBlocksCommandHandler (DeleteBlocksCommandHandler.java:handle(106)) - Start to delete container blocks, TXIDs=[1(0),2(0),3(0)], numOfContainers=3, numOfBlocks=553
2019-08-05 04:39:07,268 INFO  commandhandler.DeleteBlocksCommandHandler (DeleteBlocksCommandHandler.java:handle(106)) - Start to delete container blocks, TXIDs=[1(0),2(0),3(0)], numOfContainers=3, numOfBlocks=553
2019-08-05 04:39:07,269 INFO  commandhandler.DeleteBlocksCommandHandler (DeleteBlocksCommandHandler.java:handle(106)) - Start to delete container blocks, TXIDs=[1(0),2(0),3(0)], numOfContainers=3, numOfBlocks=553
2019-08-05 04:39:07,270 INFO  commandhandler.DeleteBlocksCommandHandler (DeleteBlocksCommandHandler.java:handle(106)) - Start to delete container blocks, TXIDs=[1(0),2(0),3(0)], numOfContainers=3, numOfBlocks=553
2019-08-05 04:39:07,271 INFO  commandhandler.DeleteBlocksCommandHandler (DeleteBlocksCommandHandler.java:handle(106)) - Start to delete container blocks, TXIDs=[1(0),2(0),3(0)], numOfContainers=3, numOfBlocks=553
2019-08-05 04:39:07,271 INFO  commandhandler.DeleteBlocksCommandHandler (DeleteBlocksCommandHandler.java:handle(106)) - Start to delete container blocks, TXIDs=[1(903),2(903),3(903)], numOfContainers=3, numOfBlocks=553
2019-08-05 04:39:07,272 INFO  commandhandler.DeleteBlocksCommandHandler (DeleteBlocksCommandHandler.java:handle(106)) - Start to delete container blocks, TXIDs=[1(0),2(0),3(0)], numOfContainers=3, numOfBlocks=553
2019-08-05 04:39:07,273 INFO  commandhandler.DeleteBlocksCommandHandler (DeleteBlocksCommandHandler.java:handle(106)) - Start to delete container blocks, TXIDs=[1(0),2(0),3(0)], numOfContainers=3, numOfBlocks=553
2019-08-05 04:39:07,273 INFO  commands.RetriableDatanodeEventWatcher (RetriableDatanodeEventWatcher.java:onTimeout(47)) - RetriableDatanodeCommand type=deleteBlocksCommand with id=1564979933036 timed out. Retrying.
2019-08-05 04:39:07,273 INFO  commands.RetriableDatanodeEventWatcher (RetriableDatanodeEventWatcher.java:onTimeout(47)) - RetriableDatanodeCommand type=deleteBlocksCommand with id=1564979933007 timed out. Retrying.
2019-08-05 04:39:07,273 INFO  commands.RetriableDatanodeEventWatcher (RetriableDatanodeEventWatcher.java:onTimeout(47)) - RetriableDatanodeCommand type=deleteBlocksCommand with id=1564979932928 timed out. Retrying.
2019-08-05 04:39:07,274 INFO  commands.RetriableDatanodeEventWatcher (RetriableDatanodeEventWatcher.java:onTimeout(47)) - RetriableDatanodeCommand type=deleteBlocksCommand with id=1564979933056 timed out. Retrying.
2019-08-05 04:39:07,274 INFO  commandhandler.DeleteBlocksCommandHandler (DeleteBlocksCommandHandler.java:handle(106)) - Start to delete container blocks, TXIDs=[1(1039),2(1039),3(1039)], numOfContainers=3, numOfBlocks=553
2019-08-05 04:39:07,274 INFO  commands.RetriableDatanodeEventWatcher (RetriableDatanodeEventWatcher.java:onTimeout(47)) - RetriableDatanodeCommand type=deleteBlocksCommand with id=1564979932987 timed out. Retrying.
2019-08-05 04:39:07,274 INFO  commands.RetriableDatanodeEventWatcher (RetriableDatanodeEventWatcher.java:onTimeout(47)) - RetriableDatanodeCommand type=deleteBlocksCommand with id=1564979932948 timed out. Retrying.
2019-08-05 04:39:07,274 INFO  commands.RetriableDatanodeEventWatcher (RetriableDatanodeEventWatcher.java:onTimeout(47)) - RetriableDatanodeCommand type=deleteBlocksCommand with id=1564979932997 timed out. Retrying.
2019-08-05 04:39:07,274 INFO  commands.RetriableDatanodeEventWatcher (RetriableDatanodeEventWatcher.java:onTimeout(47)) - RetriableDatanodeCommand type=deleteBlocksCommand with id=1564979932977 timed out. Retrying.
2019-08-05 04:39:07,275 INFO  commandhandler.DeleteBlocksCommandHandler (DeleteBlocksCommandHandler.java:handle(106)) - Start to delete container blocks, TXIDs=[1(0),2(0),3(0)], numOfContainers=3, numOfBlocks=553
2019-08-05 04:39:07,275 INFO  commands.RetriableDatanodeEventWatcher (RetriableDatanodeEventWatcher.java:onTimeout(47)) - RetriableDatanodeCommand type=deleteBlocksCommand with id=1564979932938 timed out. Retrying.
2019-08-05 04:39:07,275 INFO  commands.RetriableDatanodeEventWatcher (RetriableDatanodeEventWatcher.java:onTimeout(47)) - RetriableDatanodeCommand type=deleteBlocksCommand with id=1564979933046 timed out. Retrying.
2019-08-05 04:39:07,275 INFO  commandhandler.DeleteBlocksCommandHandler (DeleteBlocksCommandHandler.java:handle(106)) - Start to delete container blocks, TXIDs=[1(0),2(0),3(0)], numOfContainers=3, numOfBlocks=553
2019-08-05 04:39:07,276 INFO  commandhandler.DeleteBlocksCommandHandler (DeleteBlocksCommandHandler.java:handle(106)) - Start to delete container blocks, TXIDs=[1(0),2(0),3(0)], numOfContainers=3, numOfBlocks=553
2019-08-05 04:39:07,277 INFO  commandhandler.DeleteBlocksCommandHandler (DeleteBlocksCommandHandler.java:handle(106)) - Start to delete container blocks, TXIDs=[1(0),2(0),3(0)], numOfContainers=3, numOfBlocks=553
2019-08-05 04:39:07,278 INFO  commandhandler.DeleteBlocksCommandHandler (DeleteBlocksCommandHandler.java:handle(106)) - Start to delete container blocks, TXIDs=[1(493),2(493),3(493)], numOfContainers=3, numOfBlocks=553
2019-08-05 04:39:07,278 INFO  commands.RetriableDatanodeEventWatcher (RetriableDatanodeEventWatcher.java:onTimeout(47)) - RetriableDatanodeCommand type=deleteBlocksCommand with id=1564979933017 timed out. Retrying.
2019-08-05 04:39:07,286 INFO  commands.RetriableDatanodeEventWatcher (RetriableDatanodeEventWatcher.java:onTimeout(47)) - RetriableDatanodeCommand type=deleteBlocksCommand with id=1564979932958 timed out. Retrying.
2019-08-05 04:39:07,286 DEBUG block.SCMBlockDeletingService (SCMBlockDeletingService.java:call(138)) - Running DeletedBlockTransactionScanner
2019-08-05 04:39:07,287 DEBUG block.SCMBlockDeletingService (SCMBlockDeletingService.java:call(155)) - Scanned deleted blocks log and got 3 delTX to process.
2019-08-05 04:39:07,287 DEBUG block.SCMBlockDeletingService (SCMBlockDeletingService.java:call(171)) - Added delete block command for datanode 3f4de2de-7d09-498f-aead-42327df81d94 in the queue, number of delete block transactions: 3, TxID list: 1,2,3
2019-08-05 04:39:07,287 INFO  block.SCMBlockDeletingService (SCMBlockDeletingService.java:call(182)) - Totally added 3 delete blocks command for 1 datanodes, task elapsed time: 1ms
2019-08-05 04:39:07,294 INFO  commands.RetriableDatanodeEventWatcher (RetriableDatanodeEventWatcher.java:onTimeout(47)) - RetriableDatanodeCommand type=deleteBlocksCommand with id=1564979933027 timed out. Retrying.
2019-08-05 04:39:07,306 INFO  commands.RetriableDatanodeEventWatcher (RetriableDatanodeEventWatcher.java:onTimeout(47)) - RetriableDatanodeCommand type=deleteBlocksCommand with id=1564979932968 timed out. Retrying.
2019-08-05 04:39:07,310 INFO  commands.RetriableDatanodeEventWatcher (RetriableDatanodeEventWatcher.java:onTimeout(47)) - RetriableDatanodeCommand type=deleteBlocksCommand with id=1564979933037 timed out. Retrying.
2019-08-05 04:39:07,314 INFO  commands.RetriableDatanodeEventWatcher (RetriableDatanodeEventWatcher.java:onTimeout(47)) - RetriableDatanodeCommand type=deleteBlocksCommand with id=1564979932978 timed out. Retrying.
2019-08-05 04:39:07,331 INFO  commands.RetriableDatanodeEventWatcher (RetriableDatanodeEventWatcher.java:onTimeout(47)) - RetriableDatanodeCommand type=deleteBlocksCommand with id=1564979932988 timed out. Retrying.
2019-08-05 04:39:07,331 DEBUG block.DeletedBlockLogImpl (DeletedBlockLogImpl.java:isTransactionFailed(245)) - Got block deletion ACK from datanode, TXIDs=1, success=true
2019-08-05 04:39:07,333 DEBUG block.DeletedBlockLogImpl (DeletedBlockLogImpl.java:commitTransactions(227)) - Purging txId=1 from block deletion log
2019-08-05 04:39:07,333 DEBUG block.DeletedBlockLogImpl (DeletedBlockLogImpl.java:commitTransactions(231)) - Datanode txId=1 containerId=#1 committed by dnId=3f4de2de-7d09-498f-aead-42327df81d94
2019-08-05 04:39:07,333 DEBUG block.DeletedBlockLogImpl (DeletedBlockLogImpl.java:isTransactionFailed(245)) - Got block deletion ACK from datanode, TXIDs=2, success=true
2019-08-05 04:39:07,333 DEBUG block.DeletedBlockLogImpl (DeletedBlockLogImpl.java:commitTransactions(227)) - Purging txId=2 from block deletion log
2019-08-05 04:39:07,334 DEBUG block.DeletedBlockLogImpl (DeletedBlockLogImpl.java:commitTransactions(231)) - Datanode txId=2 containerId=#2 committed by dnId=3f4de2de-7d09-498f-aead-42327df81d94
2019-08-05 04:39:07,334 DEBUG block.DeletedBlockLogImpl (DeletedBlockLogImpl.java:isTransactionFailed(245)) - Got block deletion ACK from datanode, TXIDs=3, success=true
2019-08-05 04:39:07,334 DEBUG block.DeletedBlockLogImpl (DeletedBlockLogImpl.java:commitTransactions(227)) - Purging txId=3 from block deletion log
2019-08-05 04:39:07,334 DEBUG block.DeletedBlockLogImpl (DeletedBlockLogImpl.java:commitTransactions(231)) - Datanode txId=3 containerId=#3 committed by dnId=3f4de2de-7d09-498f-aead-42327df81d94
2019-08-05 04:39:07,334 DEBUG block.DeletedBlockLogImpl (DeletedBlockLogImpl.java:isTransactionFailed(245)) - Got block deletion ACK from datanode, TXIDs=1, success=true
2019-08-05 04:39:07,334 WARN  block.DeletedBlockLogImpl (DeletedBlockLogImpl.java:commitTransactions(205)) - Transaction txId=1 commit by dnId=3f4de2de-7d09-498f-aead-42327df81d94 for containerID=#1 failed. Corresponding entry not found.
2019-08-05 04:39:07,334 DEBUG block.DeletedBlockLogImpl (DeletedBlockLogImpl.java:isTransactionFailed(245)) - Got block deletion ACK from datanode, TXIDs=1, success=true
2019-08-05 04:39:07,335 WARN  block.DeletedBlockLogImpl (DeletedBlockLogImpl.java:commitTransactions(205)) - Transaction txId=1 commit by dnId=3f4de2de-7d09-498f-aead-42327df81d94 for containerID=#1 failed. Corresponding entry not found.
2019-08-05 04:39:07,335 DEBUG block.DeletedBlockLogImpl (DeletedBlockLogImpl.java:isTransactionFailed(245)) - Got block deletion ACK from datanode, TXIDs=1, success=true
2019-08-05 04:39:07,335 WARN  block.DeletedBlockLogImpl (DeletedBlockLogImpl.java:commitTransactions(205)) - Transaction txId=1 commit by dnId=3f4de2de-7d09-498f-aead-42327df81d94 for containerID=#1 failed. Corresponding entry not found.
2019-08-05 04:39:07,335 DEBUG block.DeletedBlockLogImpl (DeletedBlockLogImpl.java:isTransactionFailed(245)) - Got block deletion ACK from datanode, TXIDs=1, success=true
2019-08-05 04:39:07,335 WARN  block.DeletedBlockLogImpl (DeletedBlockLogImpl.java:commitTransactions(205)) - Transaction txId=1 commit by dnId=3f4de2de-7d09-498f-aead-42327df81d94 for containerID=#1 failed. Corresponding entry not found.
2019-08-05 04:39:07,335 DEBUG block.DeletedBlockLogImpl (DeletedBlockLogImpl.java:isTransactionFailed(245)) - Got block deletion ACK from datanode, TXIDs=1, success=true
2019-08-05 04:39:07,335 WARN  block.DeletedBlockLogImpl (DeletedBlockLogImpl.java:commitTransactions(205)) - Transaction txId=1 commit by dnId=3f4de2de-7d09-498f-aead-42327df81d94 for containerID=#1 failed. Corresponding entry not found.
2019-08-05 04:39:07,335 DEBUG block.DeletedBlockLogImpl (DeletedBlockLogImpl.java:isTransactionFailed(245)) - Got block deletion ACK from datanode, TXIDs=1, success=true
2019-08-05 04:39:07,335 WARN  block.DeletedBlockLogImpl (DeletedBlockLogImpl.java:commitTransactions(205)) - Transaction txId=1 commit by dnId=3f4de2de-7d09-498f-aead-42327df81d94 for containerID=#1 failed. Corresponding entry not found.
2019-08-05 04:39:07,335 DEBUG block.DeletedBlockLogImpl (DeletedBlockLogImpl.java:isTransactionFailed(245)) - Got block deletion ACK from datanode, TXIDs=1, success=true
2019-08-05 04:39:07,336 WARN  block.DeletedBlockLogImpl (DeletedBlockLogImpl.java:commitTransactions(205)) - Transaction txId=1 commit by dnId=3f4de2de-7d09-498f-aead-42327df81d94 for containerID=#1 failed. Corresponding entry not found.
2019-08-05 04:39:07,336 DEBUG block.DeletedBlockLogImpl (DeletedBlockLogImpl.java:isTransactionFailed(245)) - Got block deletion ACK from datanode, TXIDs=1, success=true
2019-08-05 04:39:07,336 WARN  block.DeletedBlockLogImpl (DeletedBlockLogImpl.java:commitTransactions(205)) - Transaction txId=1 commit by dnId=3f4de2de-7d09-498f-aead-42327df81d94 for containerID=#1 failed. Corresponding entry not found.
2019-08-05 04:39:07,336 DEBUG block.DeletedBlockLogImpl (DeletedBlockLogImpl.java:isTransactionFailed(245)) - Got block deletion ACK from datanode, TXIDs=1, success=true
2019-08-05 04:39:07,336 WARN  block.DeletedBlockLogImpl (DeletedBlockLogImpl.java:commitTransactions(205)) - Transaction txId=1 commit by dnId=3f4de2de-7d09-498f-aead-42327df81d94 for containerID=#1 failed. Corresponding entry not found.
2019-08-05 04:39:07,336 DEBUG block.DeletedBlockLogImpl (DeletedBlockLogImpl.java:isTransactionFailed(245)) - Got block deletion ACK from datanode, TXIDs=1, success=true
2019-08-05 04:39:07,336 WARN  block.DeletedBlockLogImpl (DeletedBlockLogImpl.java:commitTransactions(205)) - Transaction txId=1 commit by dnId=3f4de2de-7d09-498f-aead-42327df81d94 for containerID=#1 failed. Corresponding entry not found.
2019-08-05 04:39:07,336 DEBUG block.DeletedBlockLogImpl (DeletedBlockLogImpl.java:isTransactionFailed(245)) - Got block deletion ACK from datanode, TXIDs=1, success=true
2019-08-05 04:39:07,336 WARN  block.DeletedBlockLogImpl (DeletedBlockLogImpl.java:commitTransactions(205)) - Transaction txId=1 commit by dnId=3f4de2de-7d09-498f-aead-42327df81d94 for containerID=#1 failed. Corresponding entry not found.
2019-08-05 04:39:07,337 DEBUG block.DeletedBlockLogImpl (DeletedBlockLogImpl.java:isTransactionFailed(245)) - Got block deletion ACK from datanode, TXIDs=1, success=true
2019-08-05 04:39:07,337 WARN  block.DeletedBlockLogImpl (DeletedBlockLogImpl.java:commitTransactions(205)) - Transaction txId=1 commit by dnId=3f4de2de-7d09-498f-aead-42327df81d94 for containerID=#1 failed. Corresponding entry not found.
2019-08-05 04:39:07,337 DEBUG block.DeletedBlockLogImpl (DeletedBlockLogImpl.java:isTransactionFailed(245)) - Got block deletion ACK from datanode, TXIDs=1, success=true
2019-08-05 04:39:07,337 WARN  block.DeletedBlockLogImpl (DeletedBlockLogImpl.java:commitTransactions(205)) - Transaction txId=1 commit by dnId=3f4de2de-7d09-498f-aead-42327df81d94 for containerID=#1 failed. Corresponding entry not found.
2019-08-05 04:39:07,337 DEBUG block.DeletedBlockLogImpl (DeletedBlockLogImpl.java:isTransactionFailed(245)) - Got block deletion ACK from datanode, TXIDs=1, success=true
2019-08-05 04:39:07,337 WARN  block.DeletedBlockLogImpl (DeletedBlockLogImpl.java:commitTransactions(205)) - Transaction txId=1 commit by dnId=3f4de2de-7d09-498f-aead-42327df81d94 for containerID=#1 failed. Corresponding entry not found.
2019-08-05 04:39:07,337 DEBUG block.DeletedBlockLogImpl (DeletedBlockLogImpl.java:isTransactionFailed(245)) - Got block deletion ACK from datanode, TXIDs=1, success=true
2019-08-05 04:39:07,337 WARN  block.DeletedBlockLogImpl (DeletedBlockLogImpl.java:commitTransactions(205)) - Transaction txId=1 commit by dnId=3f4de2de-7d09-498f-aead-42327df81d94 for containerID=#1 failed. Corresponding entry not found.
2019-08-05 04:39:07,337 DEBUG block.DeletedBlockLogImpl (DeletedBlockLogImpl.java:isTransactionFailed(245)) - Got block deletion ACK from datanode, TXIDs=1, success=true
2019-08-05 04:39:07,337 WARN  block.DeletedBlockLogImpl (DeletedBlockLogImpl.java:commitTransactions(205)) - Transaction txId=1 commit by dnId=3f4de2de-7d09-498f-aead-42327df81d94 for containerID=#1 failed. Corresponding entry not found.
2019-08-05 04:39:07,338 DEBUG block.DeletedBlockLogImpl (DeletedBlockLogImpl.java:isTransactionFailed(245)) - Got block deletion ACK from datanode, TXIDs=1, success=true
2019-08-05 04:39:07,338 WARN  block.DeletedBlockLogImpl (DeletedBlockLogImpl.java:commitTransactions(205)) - Transaction txId=1 commit by dnId=3f4de2de-7d09-498f-aead-42327df81d94 for containerID=#1 failed. Corresponding entry not found.
2019-08-05 04:39:07,338 DEBUG block.DeletedBlockLogImpl (DeletedBlockLogImpl.java:isTransactionFailed(245)) - Got block deletion ACK from datanode, TXIDs=1, success=true
2019-08-05 04:39:07,338 WARN  block.DeletedBlockLogImpl (DeletedBlockLogImpl.java:commitTransactions(205)) - Transaction txId=1 commit by dnId=3f4de2de-7d09-498f-aead-42327df81d94 for containerID=#1 failed. Corresponding entry not found.
2019-08-05 04:39:07,338 DEBUG block.DeletedBlockLogImpl (DeletedBlockLogImpl.java:isTransactionFailed(245)) - Got block deletion ACK from datanode, TXIDs=1, success=true
2019-08-05 04:39:07,338 WARN  block.DeletedBlockLogImpl (DeletedBlockLogImpl.java:commitTransactions(205)) - Transaction txId=1 commit by dnId=3f4de2de-7d09-498f-aead-42327df81d94 for containerID=#1 failed. Corresponding entry not found.
2019-08-05 04:39:07,338 DEBUG block.DeletedBlockLogImpl (DeletedBlockLogImpl.java:isTransactionFailed(245)) - Got block deletion ACK from datanode, TXIDs=1, success=true
2019-08-05 04:39:07,338 WARN  block.DeletedBlockLogImpl (DeletedBlockLogImpl.java:commitTransactions(205)) - Transaction txId=1 commit by dnId=3f4de2de-7d09-498f-aead-42327df81d94 for containerID=#1 failed. Corresponding entry not found.
2019-08-05 04:39:07,338 DEBUG block.DeletedBlockLogImpl (DeletedBlockLogImpl.java:isTransactionFailed(245)) - Got block deletion ACK from datanode, TXIDs=1, success=true
2019-08-05 04:39:07,338 WARN  block.DeletedBlockLogImpl (DeletedBlockLogImpl.java:commitTransactions(205)) - Transaction txId=1 commit by dnId=3f4de2de-7d09-498f-aead-42327df81d94 for containerID=#1 failed. Corresponding entry not found.
2019-08-05 04:39:07,339 DEBUG block.DeletedBlockLogImpl (DeletedBlockLogImpl.java:isTransactionFailed(245)) - Got block deletion ACK from datanode, TXIDs=1, success=true
2019-08-05 04:39:07,339 WARN  block.DeletedBlockLogImpl (DeletedBlockLogImpl.java:commitTransactions(205)) - Transaction txId=1 commit by dnId=3f4de2de-7d09-498f-aead-42327df81d94 for containerID=#1 failed. Corresponding entry not found.
2019-08-05 04:39:07,339 DEBUG block.DeletedBlockLogImpl (DeletedBlockLogImpl.java:isTransactionFailed(245)) - Got block deletion ACK from datanode, TXIDs=1, success=true
2019-08-05 04:39:07,339 WARN  block.DeletedBlockLogImpl (DeletedBlockLogImpl.java:commitTransactions(205)) - Transaction txId=1 commit by dnId=3f4de2de-7d09-498f-aead-42327df81d94 for containerID=#1 failed. Corresponding entry not found.
2019-08-05 04:39:07,339 DEBUG block.DeletedBlockLogImpl (DeletedBlockLogImpl.java:isTransactionFailed(245)) - Got block deletion ACK from datanode, TXIDs=1, success=true
2019-08-05 04:39:07,339 WARN  block.DeletedBlockLogImpl (DeletedBlockLogImpl.java:commitTransactions(205)) - Transaction txId=1 commit by dnId=3f4de2de-7d09-498f-aead-42327df81d94 for containerID=#1 failed. Corresponding entry not found.
2019-08-05 04:39:07,339 DEBUG block.DeletedBlockLogImpl (DeletedBlockLogImpl.java:isTransactionFailed(245)) - Got block deletion ACK from datanode, TXIDs=1, success=true
2019-08-05 04:39:07,339 WARN  block.DeletedBlockLogImpl (DeletedBlockLogImpl.java:commitTransactions(205)) - Transaction txId=1 commit by dnId=3f4de2de-7d09-498f-aead-42327df81d94 for containerID=#1 failed. Corresponding entry not found.
2019-08-05 04:39:07,339 DEBUG block.DeletedBlockLogImpl (DeletedBlockLogImpl.java:isTransactionFailed(245)) - Got block deletion ACK from datanode, TXIDs=1, success=true
2019-08-05 04:39:07,340 WARN  block.DeletedBlockLogImpl (DeletedBlockLogImpl.java:commitTransactions(205)) - Transaction txId=1 commit by dnId=3f4de2de-7d09-498f-aead-42327df81d94 for containerID=#1 failed. Corresponding entry not found.
2019-08-05 04:39:07,340 DEBUG block.DeletedBlockLogImpl (DeletedBlockLogImpl.java:isTransactionFailed(245)) - Got block deletion ACK from datanode, TXIDs=1, success=true
2019-08-05 04:39:07,340 WARN  block.DeletedBlockLogImpl (DeletedBlockLogImpl.java:commitTransactions(205)) - Transaction txId=1 commit by dnId=3f4de2de-7d09-498f-aead-42327df81d94 for containerID=#1 failed. Corresponding entry not found.
2019-08-05 04:39:07,340 DEBUG block.DeletedBlockLogImpl (DeletedBlockLogImpl.java:isTransactionFailed(245)) - Got block deletion ACK from datanode, TXIDs=1, success=true
2019-08-05 04:39:07,340 WARN  block.DeletedBlockLogImpl (DeletedBlockLogImpl.java:commitTransactions(205)) - Transaction txId=1 commit by dnId=3f4de2de-7d09-498f-aead-42327df81d94 for containerID=#1 failed. Corresponding entry not found.
2019-08-05 04:39:07,340 DEBUG block.DeletedBlockLogImpl (DeletedBlockLogImpl.java:isTransactionFailed(245)) - Got block deletion ACK from datanode, TXIDs=1, success=true
2019-08-05 04:39:07,340 WARN  block.DeletedBlockLogImpl (DeletedBlockLogImpl.java:commitTransactions(205)) - Transaction txId=1 commit by dnId=3f4de2de-7d09-498f-aead-42327df81d94 for containerID=#1 failed. Corresponding entry not found.
2019-08-05 04:39:07,340 DEBUG block.DeletedBlockLogImpl (DeletedBlockLogImpl.java:isTransactionFailed(245)) - Got block deletion ACK from datanode, TXIDs=1, success=true
2019-08-05 04:39:07,340 WARN  block.DeletedBlockLogImpl (DeletedBlockLogImpl.java:commitTransactions(205)) - Transaction txId=1 commit by dnId=3f4de2de-7d09-498f-aead-42327df81d94 for containerID=#1 failed. Corresponding entry not found.
2019-08-05 04:39:07,340 DEBUG block.DeletedBlockLogImpl (DeletedBlockLogImpl.java:isTransactionFailed(245)) - Got block deletion ACK from datanode, TXIDs=1, success=true
2019-08-05 04:39:07,341 WARN  block.DeletedBlockLogImpl (DeletedBlockLogImpl.java:commitTransactions(205)) - Transaction txId=1 commit by dnId=3f4de2de-7d09-498f-aead-42327df81d94 for containerID=#1 failed. Corresponding entry not found.
2019-08-05 04:39:07,341 DEBUG block.DeletedBlockLogImpl (DeletedBlockLogImpl.java:isTransactionFailed(245)) - Got block deletion ACK from datanode, TXIDs=1, success=true
2019-08-05 04:39:07,341 WARN  block.DeletedBlockLogImpl (DeletedBlockLogImpl.java:commitTransactions(205)) - Transaction txId=1 commit by dnId=3f4de2de-7d09-498f-aead-42327df81d94 for containerID=#1 failed. Corresponding entry not found.
2019-08-05 04:39:07,341 DEBUG block.DeletedBlockLogImpl (DeletedBlockLogImpl.java:isTransactionFailed(245)) - Got block deletion ACK from datanode, TXIDs=1, success=true
2019-08-05 04:39:07,341 WARN  block.DeletedBlockLogImpl (DeletedBlockLogImpl.java:commitTransactions(205)) - Transaction txId=1 commit by dnId=3f4de2de-7d09-498f-aead-42327df81d94 for containerID=#1 failed. Corresponding entry not found.
2019-08-05 04:39:07,341 DEBUG block.DeletedBlockLogImpl (DeletedBlockLogImpl.java:isTransactionFailed(245)) - Got block deletion ACK from datanode, TXIDs=1, success=true
2019-08-05 04:39:07,341 WARN  block.DeletedBlockLogImpl (DeletedBlockLogImpl.java:commitTransactions(205)) - Transaction txId=1 commit by dnId=3f4de2de-7d09-498f-aead-42327df81d94 for containerID=#1 failed. Corresponding entry not found.
2019-08-05 04:39:07,341 DEBUG block.DeletedBlockLogImpl (DeletedBlockLogImpl.java:isTransactionFailed(245)) - Got block deletion ACK from datanode, TXIDs=1, success=true
2019-08-05 04:39:07,341 WARN  block.DeletedBlockLogImpl (DeletedBlockLogImpl.java:commitTransactions(205)) - Transaction txId=1 commit by dnId=3f4de2de-7d09-498f-aead-42327df81d94 for containerID=#1 failed. Corresponding entry not found.
2019-08-05 04:39:07,341 DEBUG block.DeletedBlockLogImpl (DeletedBlockLogImpl.java:isTransactionFailed(245)) - Got block deletion ACK from datanode, TXIDs=1, success=true
2019-08-05 04:39:07,342 WARN  block.DeletedBlockLogImpl (DeletedBlockLogImpl.java:commitTransactions(205)) - Transaction txId=1 commit by dnId=3f4de2de-7d09-498f-aead-42327df81d94 for containerID=#1 failed. Corresponding entry not found.
2019-08-05 04:39:07,342 DEBUG block.DeletedBlockLogImpl (DeletedBlockLogImpl.java:isTransactionFailed(245)) - Got block deletion ACK from datanode, TXIDs=1, success=true
2019-08-05 04:39:07,342 WARN  block.DeletedBlockLogImpl (DeletedBlockLogImpl.java:commitTransactions(205)) - Transaction txId=1 commit by dnId=3f4de2de-7d09-498f-aead-42327df81d94 for containerID=#1 failed. Corresponding entry not found.
2019-08-05 04:39:07,342 DEBUG block.DeletedBlockLogImpl (DeletedBlockLogImpl.java:isTransactionFailed(245)) - Got block deletion ACK from datanode, TXIDs=1, success=true
2019-08-05 04:39:07,342 WARN  block.DeletedBlockLogImpl (DeletedBlockLogImpl.java:commitTransactions(205)) - Transaction txId=1 commit by dnId=3f4de2de-7d09-498f-aead-42327df81d94 for containerID=#1 failed. Corresponding entry not found.
2019-08-05 04:39:07,342 DEBUG block.DeletedBlockLogImpl (DeletedBlockLogImpl.java:isTransactionFailed(245)) - Got block deletion ACK from datanode, TXIDs=1, success=true
2019-08-05 04:39:07,342 WARN  block.DeletedBlockLogImpl (DeletedBlockLogImpl.java:commitTransactions(205)) - Transaction txId=1 commit by dnId=3f4de2de-7d09-498f-aead-42327df81d94 for containerID=#1 failed. Corresponding entry not found.
2019-08-05 04:39:07,342 DEBUG block.DeletedBlockLogImpl (DeletedBlockLogImpl.java:isTransactionFailed(245)) - Got block deletion ACK from datanode, TXIDs=1, success=true
2019-08-05 04:39:07,342 WARN  block.DeletedBlockLogImpl (DeletedBlockLogImpl.java:commitTransactions(205)) - Transaction txId=1 commit by dnId=3f4de2de-7d09-498f-aead-42327df81d94 for containerID=#1 failed. Corresponding entry not found.
2019-08-05 04:39:07,342 DEBUG block.DeletedBlockLogImpl (DeletedBlockLogImpl.java:isTransactionFailed(245)) - Got block deletion ACK from datanode, TXIDs=1, success=true
2019-08-05 04:39:07,342 WARN  block.DeletedBlockLogImpl (DeletedBlockLogImpl.java:commitTransactions(205)) - Transaction txId=1 commit by dnId=3f4de2de-7d09-498f-aead-42327df81d94 for containerID=#1 failed. Corresponding entry not found.
2019-08-05 04:39:07,343 DEBUG block.DeletedBlockLogImpl (DeletedBlockLogImpl.java:isTransactionFailed(245)) - Got block deletion ACK from datanode, TXIDs=1, success=true
2019-08-05 04:39:07,343 WARN  block.DeletedBlockLogImpl (DeletedBlockLogImpl.java:commitTransactions(205)) - Transaction txId=1 commit by dnId=3f4de2de-7d09-498f-aead-42327df81d94 for containerID=#1 failed. Corresponding entry not found.
2019-08-05 04:39:07,343 DEBUG block.DeletedBlockLogImpl (DeletedBlockLogImpl.java:isTransactionFailed(245)) - Got block deletion ACK from datanode, TXIDs=1, success=true
2019-08-05 04:39:07,343 WARN  block.DeletedBlockLogImpl (DeletedBlockLogImpl.java:commitTransactions(205)) - Transaction txId=1 commit by dnId=3f4de2de-7d09-498f-aead-42327df81d94 for containerID=#1 failed. Corresponding entry not found.
2019-08-05 04:39:07,343 DEBUG block.DeletedBlockLogImpl (DeletedBlockLogImpl.java:isTransactionFailed(245)) - Got block deletion ACK from datanode, TXIDs=1, success=true
2019-08-05 04:39:07,343 WARN  block.DeletedBlockLogImpl (DeletedBlockLogImpl.java:commitTransactions(205)) - Transaction txId=1 commit by dnId=3f4de2de-7d09-498f-aead-42327df81d94 for containerID=#1 failed. Corresponding entry not found.
2019-08-05 04:39:07,343 DEBUG block.DeletedBlockLogImpl (DeletedBlockLogImpl.java:isTransactionFailed(245)) - Got block deletion ACK from datanode, TXIDs=1, success=true
2019-08-05 04:39:07,343 WARN  block.DeletedBlockLogImpl (DeletedBlockLogImpl.java:commitTransactions(205)) - Transaction txId=1 commit by dnId=3f4de2de-7d09-498f-aead-42327df81d94 for containerID=#1 failed. Corresponding entry not found.
2019-08-05 04:39:07,343 DEBUG block.DeletedBlockLogImpl (DeletedBlockLogImpl.java:isTransactionFailed(245)) - Got block deletion ACK from datanode, TXIDs=1, success=true
2019-08-05 04:39:07,343 WARN  block.DeletedBlockLogImpl (DeletedBlockLogImpl.java:commitTransactions(205)) - Transaction txId=1 commit by dnId=3f4de2de-7d09-498f-aead-42327df81d94 for containerID=#1 failed. Corresponding entry not found.
2019-08-05 04:39:07,344 DEBUG block.DeletedBlockLogImpl (DeletedBlockLogImpl.java:isTransactionFailed(245)) - Got block deletion ACK from datanode, TXIDs=1, success=true
2019-08-05 04:39:07,344 WARN  block.DeletedBlockLogImpl (DeletedBlockLogImpl.java:commitTransactions(205)) - Transaction txId=1 commit by dnId=3f4de2de-7d09-498f-aead-42327df81d94 for containerID=#1 failed. Corresponding entry not found.
2019-08-05 04:39:07,344 DEBUG block.DeletedBlockLogImpl (DeletedBlockLogImpl.java:isTransactionFailed(245)) - Got block deletion ACK from datanode, TXIDs=1, success=true
2019-08-05 04:39:07,344 WARN  block.DeletedBlockLogImpl (DeletedBlockLogImpl.java:commitTransactions(205)) - Transaction txId=1 commit by dnId=3f4de2de-7d09-498f-aead-42327df81d94 for containerID=#1 failed. Corresponding entry not found.
2019-08-05 04:39:07,344 DEBUG block.DeletedBlockLogImpl (DeletedBlockLogImpl.java:isTransactionFailed(245)) - Got block deletion ACK from datanode, TXIDs=1, success=true
2019-08-05 04:39:07,344 WARN  block.DeletedBlockLogImpl (DeletedBlockLogImpl.java:commitTransactions(205)) - Transaction txId=1 commit by dnId=3f4de2de-7d09-498f-aead-42327df81d94 for containerID=#1 failed. Corresponding entry not found.
2019-08-05 04:39:07,344 DEBUG block.DeletedBlockLogImpl (DeletedBlockLogImpl.java:isTransactionFailed(245)) - Got block deletion ACK from datanode, TXIDs=1, success=true
2019-08-05 04:39:07,344 WARN  block.DeletedBlockLogImpl (DeletedBlockLogImpl.java:commitTransactions(205)) - Transaction txId=1 commit by dnId=3f4de2de-7d09-498f-aead-42327df81d94 for containerID=#1 failed. Corresponding entry not found.
2019-08-05 04:39:07,344 DEBUG block.DeletedBlockLogImpl (DeletedBlockLogImpl.java:isTransactionFailed(245)) - Got block deletion ACK from datanode, TXIDs=1, success=true
2019-08-05 04:39:07,344 WARN  block.DeletedBlockLogImpl (DeletedBlockLogImpl.java:commitTransactions(205)) - Transaction txId=1 commit by dnId=3f4de2de-7d09-498f-aead-42327df81d94 for containerID=#1 failed. Corresponding entry not found.
2019-08-05 04:39:07,344 DEBUG block.DeletedBlockLogImpl (DeletedBlockLogImpl.java:isTransactionFailed(245)) - Got block deletion ACK from datanode, TXIDs=1, success=true
2019-08-05 04:39:07,345 WARN  block.DeletedBlockLogImpl (DeletedBlockLogImpl.java:commitTransactions(205)) - Transaction txId=1 commit by dnId=3f4de2de-7d09-498f-aead-42327df81d94 for containerID=#1 failed. Corresponding entry not found.
2019-08-05 04:39:07,345 DEBUG block.DeletedBlockLogImpl (DeletedBlockLogImpl.java:isTransactionFailed(245)) - Got block deletion ACK from datanode, TXIDs=1, success=true
2019-08-05 04:39:07,345 WARN  block.DeletedBlockLogImpl (DeletedBlockLogImpl.java:commitTransactions(205)) - Transaction txId=1 commit by dnId=3f4de2de-7d09-498f-aead-42327df81d94 for containerID=#1 failed. Corresponding entry not found.
2019-08-05 04:39:07,345 DEBUG block.DeletedBlockLogImpl (DeletedBlockLogImpl.java:isTransactionFailed(245)) - Got block deletion ACK from datanode, TXIDs=1, success=true
2019-08-05 04:39:07,345 WARN  block.DeletedBlockLogImpl (DeletedBlockLogImpl.java:commitTransactions(205)) - Transaction txId=1 commit by dnId=3f4de2de-7d09-498f-aead-42327df81d94 for containerID=#1 failed. Corresponding entry not found.
2019-08-05 04:39:07,345 DEBUG block.DeletedBlockLogImpl (DeletedBlockLogImpl.java:isTransactionFailed(245)) - Got block deletion ACK from datanode, TXIDs=1, success=true
2019-08-05 04:39:07,345 WARN  block.DeletedBlockLogImpl (DeletedBlockLogImpl.java:commitTransactions(205)) - Transaction txId=1 commit by dnId=3f4de2de-7d09-498f-aead-42327df81d94 for containerID=#1 failed. Corresponding entry not found.
2019-08-05 04:39:07,345 DEBUG block.DeletedBlockLogImpl (DeletedBlockLogImpl.java:isTransactionFailed(245)) - Got block deletion ACK from datanode, TXIDs=1, success=true
2019-08-05 04:39:07,345 WARN  block.DeletedBlockLogImpl (DeletedBlockLogImpl.java:commitTransactions(205)) - Transaction txId=1 commit by dnId=3f4de2de-7d09-498f-aead-42327df81d94 for containerID=#1 failed. Corresponding entry not found.
2019-08-05 04:39:07,345 DEBUG block.DeletedBlockLogImpl (DeletedBlockLogImpl.java:isTransactionFailed(245)) - Got block deletion ACK from datanode, TXIDs=1, success=true
2019-08-05 04:39:07,346 WARN  block.DeletedBlockLogImpl (DeletedBlockLogImpl.java:commitTransactions(205)) - Transaction txId=1 commit by dnId=3f4de2de-7d09-498f-aead-42327df81d94 for containerID=#1 failed. Corresponding entry not found.
2019-08-05 04:39:07,346 DEBUG block.DeletedBlockLogImpl (DeletedBlockLogImpl.java:isTransactionFailed(245)) - Got block deletion ACK from datanode, TXIDs=1, success=true
2019-08-05 04:39:07,346 WARN  block.DeletedBlockLogImpl (DeletedBlockLogImpl.java:commitTransactions(205)) - Transaction txId=1 commit by dnId=3f4de2de-7d09-498f-aead-42327df81d94 for containerID=#1 failed. Corresponding entry not found.
2019-08-05 04:39:07,346 DEBUG block.DeletedBlockLogImpl (DeletedBlockLogImpl.java:isTransactionFailed(245)) - Got block deletion ACK from datanode, TXIDs=1, success=true
2019-08-05 04:39:07,346 WARN  block.DeletedBlockLogImpl (DeletedBlockLogImpl.java:commitTransactions(205)) - Transaction txId=1 commit by dnId=3f4de2de-7d09-498f-aead-42327df81d94 for containerID=#1 failed. Corresponding entry not found.
2019-08-05 04:39:07,346 DEBUG block.DeletedBlockLogImpl (DeletedBlockLogImpl.java:isTransactionFailed(245)) - Got block deletion ACK from datanode, TXIDs=1, success=true
2019-08-05 04:39:07,346 WARN  block.DeletedBlockLogImpl (DeletedBlockLogImpl.java:commitTransactions(205)) - Transaction txId=1 commit by dnId=3f4de2de-7d09-498f-aead-42327df81d94 for containerID=#1 failed. Corresponding entry not found.
2019-08-05 04:39:07,346 DEBUG block.DeletedBlockLogImpl (DeletedBlockLogImpl.java:isTransactionFailed(245)) - Got block deletion ACK from datanode, TXIDs=1, success=true
2019-08-05 04:39:07,346 WARN  block.DeletedBlockLogImpl (DeletedBlockLogImpl.java:commitTransactions(205)) - Transaction txId=1 commit by dnId=3f4de2de-7d09-498f-aead-42327df81d94 for containerID=#1 failed. Corresponding entry not found.
2019-08-05 04:39:07,346 DEBUG block.DeletedBlockLogImpl (DeletedBlockLogImpl.java:isTransactionFailed(245)) - Got block deletion ACK from datanode, TXIDs=1, success=true
2019-08-05 04:39:07,346 WARN  block.DeletedBlockLogImpl (DeletedBlockLogImpl.java:commitTransactions(205)) - Transaction txId=1 commit by dnId=3f4de2de-7d09-498f-aead-42327df81d94 for containerID=#1 failed. Corresponding entry not found.
2019-08-05 04:39:07,347 DEBUG block.DeletedBlockLogImpl (DeletedBlockLogImpl.java:isTransactionFailed(245)) - Got block deletion ACK from datanode, TXIDs=1, success=true
2019-08-05 04:39:07,347 WARN  block.DeletedBlockLogImpl (DeletedBlockLogImpl.java:commitTransactions(205)) - Transaction txId=1 commit by dnId=3f4de2de-7d09-498f-aead-42327df81d94 for containerID=#1 failed. Corresponding entry not found.
2019-08-05 04:39:07,347 DEBUG block.DeletedBlockLogImpl (DeletedBlockLogImpl.java:isTransactionFailed(245)) - Got block deletion ACK from datanode, TXIDs=1, success=true
2019-08-05 04:39:07,347 WARN  block.DeletedBlockLogImpl (DeletedBlockLogImpl.java:commitTransactions(205)) - Transaction txId=1 commit by dnId=3f4de2de-7d09-498f-aead-42327df81d94 for containerID=#1 failed. Corresponding entry not found.
2019-08-05 04:39:07,347 DEBUG block.DeletedBlockLogImpl (DeletedBlockLogImpl.java:isTransactionFailed(245)) - Got block deletion ACK from datanode, TXIDs=1, success=true
2019-08-05 04:39:07,347 WARN  block.DeletedBlockLogImpl (DeletedBlockLogImpl.java:commitTransactions(205)) - Transaction txId=1 commit by dnId=3f4de2de-7d09-498f-aead-42327df81d94 for containerID=#1 failed. Corresponding entry not found.
2019-08-05 04:39:07,347 DEBUG block.DeletedBlockLogImpl (DeletedBlockLogImpl.java:isTransactionFailed(245)) - Got block deletion ACK from datanode, TXIDs=1, success=true
2019-08-05 04:39:07,347 WARN  block.DeletedBlockLogImpl (DeletedBlockLogImpl.java:commitTransactions(205)) - Transaction txId=1 commit by dnId=3f4de2de-7d09-498f-aead-42327df81d94 for containerID=#1 failed. Corresponding entry not found.
2019-08-05 04:39:07,347 DEBUG block.DeletedBlockLogImpl (DeletedBlockLogImpl.java:isTransactionFailed(245)) - Got block deletion ACK from datanode, TXIDs=1, success=true
2019-08-05 04:39:07,347 WARN  block.DeletedBlockLogImpl (DeletedBlockLogImpl.java:commitTransactions(205)) - Transaction txId=1 commit by dnId=3f4de2de-7d09-498f-aead-42327df81d94 for containerID=#1 failed. Corresponding entry not found.
2019-08-05 04:39:07,348 DEBUG block.DeletedBlockLogImpl (DeletedBlockLogImpl.java:isTransactionFailed(245)) - Got block deletion ACK from datanode, TXIDs=1, success=true
2019-08-05 04:39:07,348 WARN  block.DeletedBlockLogImpl (DeletedBlockLogImpl.java:commitTransactions(205)) - Transaction txId=1 commit by dnId=3f4de2de-7d09-498f-aead-42327df81d94 for containerID=#1 failed. Corresponding entry not found.
2019-08-05 04:39:07,348 DEBUG block.DeletedBlockLogImpl (DeletedBlockLogImpl.java:isTransactionFailed(245)) - Got block deletion ACK from datanode, TXIDs=1, success=true
2019-08-05 04:39:07,348 WARN  block.DeletedBlockLogImpl (DeletedBlockLogImpl.java:commitTransactions(205)) - Transaction txId=1 commit by dnId=3f4de2de-7d09-498f-aead-42327df81d94 for containerID=#1 failed. Corresponding entry not found.
2019-08-05 04:39:07,348 DEBUG block.DeletedBlockLogImpl (DeletedBlockLogImpl.java:isTransactionFailed(245)) - Got block deletion ACK from datanode, TXIDs=1, success=true
2019-08-05 04:39:07,348 WARN  block.DeletedBlockLogImpl (DeletedBlockLogImpl.java:commitTransactions(205)) - Transaction txId=1 commit by dnId=3f4de2de-7d09-498f-aead-42327df81d94 for containerID=#1 failed. Corresponding entry not found.
2019-08-05 04:39:07,348 DEBUG block.DeletedBlockLogImpl (DeletedBlockLogImpl.java:isTransactionFailed(245)) - Got block deletion ACK from datanode, TXIDs=1, success=true
2019-08-05 04:39:07,348 WARN  block.DeletedBlockLogImpl (DeletedBlockLogImpl.java:commitTransactions(205)) - Transaction txId=1 commit by dnId=3f4de2de-7d09-498f-aead-42327df81d94 for containerID=#1 failed. Corresponding entry not found.
2019-08-05 04:39:07,348 DEBUG block.DeletedBlockLogImpl (DeletedBlockLogImpl.java:isTransactionFailed(245)) - Got block deletion ACK from datanode, TXIDs=1, success=true
2019-08-05 04:39:07,348 WARN  block.DeletedBlockLogImpl (DeletedBlockLogImpl.java:commitTransactions(205)) - Transaction txId=1 commit by dnId=3f4de2de-7d09-498f-aead-42327df81d94 for containerID=#1 failed. Corresponding entry not found.
2019-08-05 04:39:07,349 DEBUG block.DeletedBlockLogImpl (DeletedBlockLogImpl.java:isTransactionFailed(245)) - Got block deletion ACK from datanode, TXIDs=1, success=true
2019-08-05 04:39:07,349 WARN  block.DeletedBlockLogImpl (DeletedBlockLogImpl.java:commitTransactions(205)) - Transaction txId=1 commit by dnId=3f4de2de-7d09-498f-aead-42327df81d94 for containerID=#1 failed. Corresponding entry not found.
2019-08-05 04:39:07,349 DEBUG block.DeletedBlockLogImpl (DeletedBlockLogImpl.java:isTransactionFailed(245)) - Got block deletion ACK from datanode, TXIDs=1, success=true
2019-08-05 04:39:07,349 WARN  block.DeletedBlockLogImpl (DeletedBlockLogImpl.java:commitTransactions(205)) - Transaction txId=1 commit by dnId=3f4de2de-7d09-498f-aead-42327df81d94 for containerID=#1 failed. Corresponding entry not found.
2019-08-05 04:39:07,349 DEBUG block.DeletedBlockLogImpl (DeletedBlockLogImpl.java:isTransactionFailed(245)) - Got block deletion ACK from datanode, TXIDs=1, success=true
2019-08-05 04:39:07,349 WARN  block.DeletedBlockLogImpl (DeletedBlockLogImpl.java:commitTransactions(205)) - Transaction txId=1 commit by dnId=3f4de2de-7d09-498f-aead-42327df81d94 for containerID=#1 failed. Corresponding entry not found.
2019-08-05 04:39:07,349 DEBUG block.DeletedBlockLogImpl (DeletedBlockLogImpl.java:isTransactionFailed(245)) - Got block deletion ACK from datanode, TXIDs=1, success=true
2019-08-05 04:39:07,349 WARN  block.DeletedBlockLogImpl (DeletedBlockLogImpl.java:commitTransactions(205)) - Transaction txId=1 commit by dnId=3f4de2de-7d09-498f-aead-42327df81d94 for containerID=#1 failed. Corresponding entry not found.
2019-08-05 04:39:07,349 DEBUG block.DeletedBlockLogImpl (DeletedBlockLogImpl.java:isTransactionFailed(245)) - Got block deletion ACK from datanode, TXIDs=1, success=true
2019-08-05 04:39:07,349 WARN  block.DeletedBlockLogImpl (DeletedBlockLogImpl.java:commitTransactions(205)) - Transaction txId=1 commit by dnId=3f4de2de-7d09-498f-aead-42327df81d94 for containerID=#1 failed. Corresponding entry not found.
2019-08-05 04:39:07,349 DEBUG block.DeletedBlockLogImpl (DeletedBlockLogImpl.java:isTransactionFailed(245)) - Got block deletion ACK from datanode, TXIDs=1, success=true
2019-08-05 04:39:07,350 WARN  block.DeletedBlockLogImpl (DeletedBlockLogImpl.java:commitTransactions(205)) - Transaction txId=1 commit by dnId=3f4de2de-7d09-498f-aead-42327df81d94 for containerID=#1 failed. Corresponding entry not found.
2019-08-05 04:39:07,350 DEBUG block.DeletedBlockLogImpl (DeletedBlockLogImpl.java:isTransactionFailed(245)) - Got block deletion ACK from datanode, TXIDs=1, success=true
2019-08-05 04:39:07,350 WARN  block.DeletedBlockLogImpl (DeletedBlockLogImpl.java:commitTransactions(205)) - Transaction txId=1 commit by dnId=3f4de2de-7d09-498f-aead-42327df81d94 for containerID=#1 failed. Corresponding entry not found.
2019-08-05 04:39:07,350 DEBUG block.DeletedBlockLogImpl (DeletedBlockLogImpl.java:isTransactionFailed(245)) - Got block deletion ACK from datanode, TXIDs=1, success=true
2019-08-05 04:39:07,350 WARN  block.DeletedBlockLogImpl (DeletedBlockLogImpl.java:commitTransactions(205)) - Transaction txId=1 commit by dnId=3f4de2de-7d09-498f-aead-42327df81d94 for containerID=#1 failed. Corresponding entry not found.
2019-08-05 04:39:07,350 DEBUG block.DeletedBlockLogImpl (DeletedBlockLogImpl.java:isTransactionFailed(245)) - Got block deletion ACK from datanode, TXIDs=1, success=true
2019-08-05 04:39:07,350 WARN  block.DeletedBlockLogImpl (DeletedBlockLogImpl.java:commitTransactions(205)) - Transaction txId=1 commit by dnId=3f4de2de-7d09-498f-aead-42327df81d94 for containerID=#1 failed. Corresponding entry not found.
2019-08-05 04:39:07,350 DEBUG block.DeletedBlockLogImpl (DeletedBlockLogImpl.java:isTransactionFailed(245)) - Got block deletion ACK from datanode, TXIDs=1, success=true
2019-08-05 04:39:07,350 WARN  block.DeletedBlockLogImpl (DeletedBlockLogImpl.java:commitTransactions(205)) - Transaction txId=1 commit by dnId=3f4de2de-7d09-498f-aead-42327df81d94 for containerID=#1 failed. Corresponding entry not found.
2019-08-05 04:39:07,350 DEBUG block.DeletedBlockLogImpl (DeletedBlockLogImpl.java:isTransactionFailed(245)) - Got block deletion ACK from datanode, TXIDs=1, success=true
2019-08-05 04:39:07,351 WARN  block.DeletedBlockLogImpl (DeletedBlockLogImpl.java:commitTransactions(205)) - Transaction txId=1 commit by dnId=3f4de2de-7d09-498f-aead-42327df81d94 for containerID=#1 failed. Corresponding entry not found.
2019-08-05 04:39:07,351 DEBUG block.DeletedBlockLogImpl (DeletedBlockLogImpl.java:isTransactionFailed(245)) - Got block deletion ACK from datanode, TXIDs=1, success=true
2019-08-05 04:39:07,351 WARN  block.DeletedBlockLogImpl (DeletedBlockLogImpl.java:commitTransactions(205)) - Transaction txId=1 commit by dnId=3f4de2de-7d09-498f-aead-42327df81d94 for containerID=#1 failed. Corresponding entry not found.
2019-08-05 04:39:07,351 DEBUG block.DeletedBlockLogImpl (DeletedBlockLogImpl.java:isTransactionFailed(245)) - Got block deletion ACK from datanode, TXIDs=1, success=true
2019-08-05 04:39:07,351 WARN  block.DeletedBlockLogImpl (DeletedBlockLogImpl.java:commitTransactions(205)) - Transaction txId=1 commit by dnId=3f4de2de-7d09-498f-aead-42327df81d94 for containerID=#1 failed. Corresponding entry not found.
2019-08-05 04:39:07,351 DEBUG block.DeletedBlockLogImpl (DeletedBlockLogImpl.java:isTransactionFailed(245)) - Got block deletion ACK from datanode, TXIDs=1, success=true
2019-08-05 04:39:07,351 WARN  block.DeletedBlockLogImpl (DeletedBlockLogImpl.java:commitTransactions(205)) - Transaction txId=1 commit by dnId=3f4de2de-7d09-498f-aead-42327df81d94 for containerID=#1 failed. Corresponding entry not found.
2019-08-05 04:39:07,351 DEBUG block.DeletedBlockLogImpl (DeletedBlockLogImpl.java:isTransactionFailed(245)) - Got block deletion ACK from datanode, TXIDs=1, success=true
2019-08-05 04:39:07,351 WARN  block.DeletedBlockLogImpl (DeletedBlockLogImpl.java:commitTransactions(205)) - Transaction txId=1 commit by dnId=3f4de2de-7d09-498f-aead-42327df81d94 for containerID=#1 failed. Corresponding entry not found.
2019-08-05 04:39:07,351 DEBUG block.DeletedBlockLogImpl (DeletedBlockLogImpl.java:isTransactionFailed(245)) - Got block deletion ACK from datanode, TXIDs=1, success=true
2019-08-05 04:39:07,351 WARN  block.DeletedBlockLogImpl (DeletedBlockLogImpl.java:commitTransactions(205)) - Transaction txId=1 commit by dnId=3f4de2de-7d09-498f-aead-42327df81d94 for containerID=#1 failed. Corresponding entry not found.
2019-08-05 04:39:07,352 DEBUG block.DeletedBlockLogImpl (DeletedBlockLogImpl.java:isTransactionFailed(245)) - Got block deletion ACK from datanode, TXIDs=1, success=true
2019-08-05 04:39:07,352 WARN  block.DeletedBlockLogImpl (DeletedBlockLogImpl.java:commitTransactions(205)) - Transaction txId=1 commit by dnId=3f4de2de-7d09-498f-aead-42327df81d94 for containerID=#1 failed. Corresponding entry not found.
2019-08-05 04:39:07,352 DEBUG block.DeletedBlockLogImpl (DeletedBlockLogImpl.java:isTransactionFailed(245)) - Got block deletion ACK from datanode, TXIDs=1, success=true
2019-08-05 04:39:07,352 WARN  block.DeletedBlockLogImpl (DeletedBlockLogImpl.java:commitTransactions(205)) - Transaction txId=1 commit by dnId=3f4de2de-7d09-498f-aead-42327df81d94 for containerID=#1 failed. Corresponding entry not found.
2019-08-05 04:39:07,352 DEBUG block.DeletedBlockLogImpl (DeletedBlockLogImpl.java:isTransactionFailed(245)) - Got block deletion ACK from datanode, TXIDs=1, success=true
2019-08-05 04:39:07,352 WARN  block.DeletedBlockLogImpl (DeletedBlockLogImpl.java:commitTransactions(205)) - Transaction txId=1 commit by dnId=3f4de2de-7d09-498f-aead-42327df81d94 for containerID=#1 failed. Corresponding entry not found.
2019-08-05 04:39:07,352 DEBUG block.DeletedBlockLogImpl (DeletedBlockLogImpl.java:isTransactionFailed(245)) - Got block deletion ACK from datanode, TXIDs=1, success=true
2019-08-05 04:39:07,352 WARN  block.DeletedBlockLogImpl (DeletedBlockLogImpl.java:commitTransactions(205)) - Transaction txId=1 commit by dnId=3f4de2de-7d09-498f-aead-42327df81d94 for containerID=#1 failed. Corresponding entry not found.
2019-08-05 04:39:07,352 DEBUG block.DeletedBlockLogImpl (DeletedBlockLogImpl.java:isTransactionFailed(245)) - Got block deletion ACK from datanode, TXIDs=1, success=true
2019-08-05 04:39:07,352 WARN  block.DeletedBlockLogImpl (DeletedBlockLogImpl.java:commitTransactions(205)) - Transaction txId=1 commit by dnId=3f4de2de-7d09-498f-aead-42327df81d94 for containerID=#1 failed. Corresponding entry not found.
2019-08-05 04:39:07,353 DEBUG block.DeletedBlockLogImpl (DeletedBlockLogImpl.java:isTransactionFailed(245)) - Got block deletion ACK from datanode, TXIDs=1, success=true
2019-08-05 04:39:07,353 WARN  block.DeletedBlockLogImpl (DeletedBlockLogImpl.java:commitTransactions(205)) - Transaction txId=1 commit by dnId=3f4de2de-7d09-498f-aead-42327df81d94 for containerID=#1 failed. Corresponding entry not found.
2019-08-05 04:39:07,353 DEBUG block.DeletedBlockLogImpl (DeletedBlockLogImpl.java:isTransactionFailed(245)) - Got block deletion ACK from datanode, TXIDs=1, success=true
2019-08-05 04:39:07,353 WARN  block.DeletedBlockLogImpl (DeletedBlockLogImpl.java:commitTransactions(205)) - Transaction txId=1 commit by dnId=3f4de2de-7d09-498f-aead-42327df81d94 for containerID=#1 failed. Corresponding entry not found.
2019-08-05 04:39:07,353 DEBUG block.DeletedBlockLogImpl (DeletedBlockLogImpl.java:isTransactionFailed(245)) - Got block deletion ACK from datanode, TXIDs=1, success=true
2019-08-05 04:39:07,353 WARN  block.DeletedBlockLogImpl (DeletedBlockLogImpl.java:commitTransactions(205)) - Transaction txId=1 commit by dnId=3f4de2de-7d09-498f-aead-42327df81d94 for containerID=#1 failed. Corresponding entry not found.
2019-08-05 04:39:07,353 DEBUG block.DeletedBlockLogImpl (DeletedBlockLogImpl.java:isTransactionFailed(245)) - Got block deletion ACK from datanode, TXIDs=1, success=true
2019-08-05 04:39:07,353 WARN  block.DeletedBlockLogImpl (DeletedBlockLogImpl.java:commitTransactions(205)) - Transaction txId=1 commit by dnId=3f4de2de-7d09-498f-aead-42327df81d94 for containerID=#1 failed. Corresponding entry not found.
2019-08-05 04:39:07,353 DEBUG block.DeletedBlockLogImpl (DeletedBlockLogImpl.java:isTransactionFailed(245)) - Got block deletion ACK from datanode, TXIDs=1, success=true
2019-08-05 04:39:07,353 WARN  block.DeletedBlockLogImpl (DeletedBlockLogImpl.java:commitTransactions(205)) - Transaction txId=1 commit by dnId=3f4de2de-7d09-498f-aead-42327df81d94 for containerID=#1 failed. Corresponding entry not found.
2019-08-05 04:39:07,353 DEBUG block.DeletedBlockLogImpl (DeletedBlockLogImpl.java:isTransactionFailed(245)) - Got block deletion ACK from datanode, TXIDs=1, success=true
2019-08-05 04:39:07,353 WARN  block.DeletedBlockLogImpl (DeletedBlockLogImpl.java:commitTransactions(205)) - Transaction txId=1 commit by dnId=3f4de2de-7d09-498f-aead-42327df81d94 for containerID=#1 failed. Corresponding entry not found.
2019-08-05 04:39:07,354 DEBUG block.DeletedBlockLogImpl (DeletedBlockLogImpl.java:isTransactionFailed(245)) - Got block deletion ACK from datanode, TXIDs=1, success=true
2019-08-05 04:39:07,354 WARN  block.DeletedBlockLogImpl (DeletedBlockLogImpl.java:commitTransactions(205)) - Transaction txId=1 commit by dnId=3f4de2de-7d09-498f-aead-42327df81d94 for containerID=#1 failed. Corresponding entry not found.
2019-08-05 04:39:07,354 DEBUG block.DeletedBlockLogImpl (DeletedBlockLogImpl.java:isTransactionFailed(245)) - Got block deletion ACK from datanode, TXIDs=1, success=true
2019-08-05 04:39:07,354 WARN  block.DeletedBlockLogImpl (DeletedBlockLogImpl.java:commitTransactions(205)) - Transaction txId=1 commit by dnId=3f4de2de-7d09-498f-aead-42327df81d94 for containerID=#1 failed. Corresponding entry not found.
2019-08-05 04:39:07,354 DEBUG block.DeletedBlockLogImpl (DeletedBlockLogImpl.java:isTransactionFailed(245)) - Got block deletion ACK from datanode, TXIDs=1, success=true
2019-08-05 04:39:07,354 WARN  block.DeletedBlockLogImpl (DeletedBlockLogImpl.java:commitTransactions(205)) - Transaction txId=1 commit by dnId=3f4de2de-7d09-498f-aead-42327df81d94 for containerID=#1 failed. Corresponding entry not found.
2019-08-05 04:39:07,354 DEBUG block.DeletedBlockLogImpl (DeletedBlockLogImpl.java:isTransactionFailed(245)) - Got block deletion ACK from datanode, TXIDs=1, success=true
2019-08-05 04:39:07,354 WARN  block.DeletedBlockLogImpl (DeletedBlockLogImpl.java:commitTransactions(205)) - Transaction txId=1 commit by dnId=3f4de2de-7d09-498f-aead-42327df81d94 for containerID=#1 failed. Corresponding entry not found.
2019-08-05 04:39:07,354 DEBUG block.DeletedBlockLogImpl (DeletedBlockLogImpl.java:isTransactionFailed(245)) - Got block deletion ACK from datanode, TXIDs=1, success=true
2019-08-05 04:39:07,354 WARN  block.DeletedBlockLogImpl (DeletedBlockLogImpl.java:commitTransactions(205)) - Transaction txId=1 commit by dnId=3f4de2de-7d09-498f-aead-42327df81d94 for containerID=#1 failed. Corresponding entry not found.
2019-08-05 04:39:07,354 DEBUG block.DeletedBlockLogImpl (DeletedBlockLogImpl.java:isTransactionFailed(245)) - Got block deletion ACK from datanode, TXIDs=1, success=true
2019-08-05 04:39:07,355 WARN  block.DeletedBlockLogImpl (DeletedBlockLogImpl.java:commitTransactions(205)) - Transaction txId=1 commit by dnId=3f4de2de-7d09-498f-aead-42327df81d94 for containerID=#1 failed. Corresponding entry not found.
2019-08-05 04:39:07,355 DEBUG block.DeletedBlockLogImpl (DeletedBlockLogImpl.java:isTransactionFailed(245)) - Got block deletion ACK from datanode, TXIDs=1, success=true
2019-08-05 04:39:07,355 WARN  block.DeletedBlockLogImpl (DeletedBlockLogImpl.java:commitTransactions(205)) - Transaction txId=1 commit by dnId=3f4de2de-7d09-498f-aead-42327df81d94 for containerID=#1 failed. Corresponding entry not found.
2019-08-05 04:39:07,355 DEBUG block.DeletedBlockLogImpl (DeletedBlockLogImpl.java:isTransactionFailed(245)) - Got block deletion ACK from datanode, TXIDs=1, success=true
2019-08-05 04:39:07,355 WARN  block.DeletedBlockLogImpl (DeletedBlockLogImpl.java:commitTransactions(205)) - Transaction txId=1 commit by dnId=3f4de2de-7d09-498f-aead-42327df81d94 for containerID=#1 failed. Corresponding entry not found.
2019-08-05 04:39:07,355 DEBUG block.DeletedBlockLogImpl (DeletedBlockLogImpl.java:isTransactionFailed(245)) - Got block deletion ACK from datanode, TXIDs=1, success=true
2019-08-05 04:39:07,355 WARN  block.DeletedBlockLogImpl (DeletedBlockLogImpl.java:commitTransactions(205)) - Transaction txId=1 commit by dnId=3f4de2de-7d09-498f-aead-42327df81d94 for containerID=#1 failed. Corresponding entry not found.
2019-08-05 04:39:07,355 DEBUG block.DeletedBlockLogImpl (DeletedBlockLogImpl.java:isTransactionFailed(245)) - Got block deletion ACK from datanode, TXIDs=1, success=true
2019-08-05 04:39:07,355 WARN  block.DeletedBlockLogImpl (DeletedBlockLogImpl.java:commitTransactions(205)) - Transaction txId=1 commit by dnId=3f4de2de-7d09-498f-aead-42327df81d94 for containerID=#1 failed. Corresponding entry not found.
2019-08-05 04:39:07,355 DEBUG block.DeletedBlockLogImpl (DeletedBlockLogImpl.java:isTransactionFailed(245)) - Got block deletion ACK from datanode, TXIDs=1, success=true
2019-08-05 04:39:07,355 WARN  block.DeletedBlockLogImpl (DeletedBlockLogImpl.java:commitTransactions(205)) - Transaction txId=1 commit by dnId=3f4de2de-7d09-498f-aead-42327df81d94 for containerID=#1 failed. Corresponding entry not found.
2019-08-05 04:39:07,356 DEBUG block.DeletedBlockLogImpl (DeletedBlockLogImpl.java:isTransactionFailed(245)) - Got block deletion ACK from datanode, TXIDs=1, success=true
2019-08-05 04:39:07,356 WARN  block.DeletedBlockLogImpl (DeletedBlockLogImpl.java:commitTransactions(205)) - Transaction txId=1 commit by dnId=3f4de2de-7d09-498f-aead-42327df81d94 for containerID=#1 failed. Corresponding entry not found.
2019-08-05 04:39:07,356 DEBUG block.DeletedBlockLogImpl (DeletedBlockLogImpl.java:isTransactionFailed(245)) - Got block deletion ACK from datanode, TXIDs=1, success=true
2019-08-05 04:39:07,356 WARN  block.DeletedBlockLogImpl (DeletedBlockLogImpl.java:commitTransactions(205)) - Transaction txId=1 commit by dnId=3f4de2de-7d09-498f-aead-42327df81d94 for containerID=#1 failed. Corresponding entry not found.
2019-08-05 04:39:07,356 DEBUG block.DeletedBlockLogImpl (DeletedBlockLogImpl.java:isTransactionFailed(245)) - Got block deletion ACK from datanode, TXIDs=1, success=true
2019-08-05 04:39:07,356 WARN  block.DeletedBlockLogImpl (DeletedBlockLogImpl.java:commitTransactions(205)) - Transaction txId=1 commit by dnId=3f4de2de-7d09-498f-aead-42327df81d94 for containerID=#1 failed. Corresponding entry not found.
2019-08-05 04:39:07,356 DEBUG block.DeletedBlockLogImpl (DeletedBlockLogImpl.java:isTransactionFailed(245)) - Got block deletion ACK from datanode, TXIDs=1, success=true
2019-08-05 04:39:07,356 WARN  block.DeletedBlockLogImpl (DeletedBlockLogImpl.java:commitTransactions(205)) - Transaction txId=1 commit by dnId=3f4de2de-7d09-498f-aead-42327df81d94 for containerID=#1 failed. Corresponding entry not found.
2019-08-05 04:39:07,356 DEBUG block.DeletedBlockLogImpl (DeletedBlockLogImpl.java:isTransactionFailed(245)) - Got block deletion ACK from datanode, TXIDs=1, success=true
2019-08-05 04:39:07,356 WARN  block.DeletedBlockLogImpl (DeletedBlockLogImpl.java:commitTransactions(205)) - Transaction txId=1 commit by dnId=3f4de2de-7d09-498f-aead-42327df81d94 for containerID=#1 failed. Corresponding entry not found.
2019-08-05 04:39:07,356 DEBUG block.DeletedBlockLogImpl (DeletedBlockLogImpl.java:isTransactionFailed(245)) - Got block deletion ACK from datanode, TXIDs=1, success=true
2019-08-05 04:39:07,356 WARN  block.DeletedBlockLogImpl (DeletedBlockLogImpl.java:commitTransactions(205)) - Transaction txId=1 commit by dnId=3f4de2de-7d09-498f-aead-42327df81d94 for containerID=#1 failed. Corresponding entry not found.
2019-08-05 04:39:07,357 DEBUG block.DeletedBlockLogImpl (DeletedBlockLogImpl.java:isTransactionFailed(245)) - Got block deletion ACK from datanode, TXIDs=1, success=true
2019-08-05 04:39:07,357 WARN  block.DeletedBlockLogImpl (DeletedBlockLogImpl.java:commitTransactions(205)) - Transaction txId=1 commit by dnId=3f4de2de-7d09-498f-aead-42327df81d94 for containerID=#1 failed. Corresponding entry not found.
2019-08-05 04:39:07,357 DEBUG block.DeletedBlockLogImpl (DeletedBlockLogImpl.java:isTransactionFailed(245)) - Got block deletion ACK from datanode, TXIDs=1, success=true
2019-08-05 04:39:07,357 WARN  block.DeletedBlockLogImpl (DeletedBlockLogImpl.java:commitTransactions(205)) - Transaction txId=1 commit by dnId=3f4de2de-7d09-498f-aead-42327df81d94 for containerID=#1 failed. Corresponding entry not found.
2019-08-05 04:39:07,357 DEBUG block.DeletedBlockLogImpl (DeletedBlockLogImpl.java:isTransactionFailed(245)) - Got block deletion ACK from datanode, TXIDs=1, success=true
2019-08-05 04:39:07,357 WARN  block.DeletedBlockLogImpl (DeletedBlockLogImpl.java:commitTransactions(205)) - Transaction txId=1 commit by dnId=3f4de2de-7d09-498f-aead-42327df81d94 for containerID=#1 failed. Corresponding entry not found.
2019-08-05 04:39:07,357 WARN  block.DeletedBlockLogImpl (DeletedBlockLogImpl.java:incrementCount(141)) - Deleted TXID not found.
2019-08-05 04:39:07,357 WARN  block.DeletedBlockLogImpl (DeletedBlockLogImpl.java:incrementCount(141)) - Deleted TXID not found.
2019-08-05 04:39:07,358 WARN  block.DeletedBlockLogImpl (DeletedBlockLogImpl.java:incrementCount(141)) - Deleted TXID not found.
2019-08-05 04:39:07,358 WARN  block.DeletedBlockLogImpl (DeletedBlockLogImpl.java:incrementCount(141)) - Deleted TXID not found.
2019-08-05 04:39:07,358 WARN  block.DeletedBlockLogImpl (DeletedBlockLogImpl.java:incrementCount(141)) - Deleted TXID not found.
2019-08-05 04:39:07,358 WARN  block.DeletedBlockLogImpl (DeletedBlockLogImpl.java:incrementCount(141)) - Deleted TXID not found.
2019-08-05 04:39:07,358 WARN  block.DeletedBlockLogImpl (DeletedBlockLogImpl.java:incrementCount(141)) - Deleted TXID not found.
2019-08-05 04:39:07,358 WARN  block.DeletedBlockLogImpl (DeletedBlockLogImpl.java:incrementCount(141)) - Deleted TXID not found.
2019-08-05 04:39:07,358 WARN  block.DeletedBlockLogImpl (DeletedBlockLogImpl.java:incrementCount(141)) - Deleted TXID not found.
2019-08-05 04:39:07,359 WARN  block.DeletedBlockLogImpl (DeletedBlockLogImpl.java:incrementCount(141)) - Deleted TXID not found.
2019-08-05 04:39:07,359 WARN  block.DeletedBlockLogImpl (DeletedBlockLogImpl.java:incrementCount(141)) - Deleted TXID not found.
2019-08-05 04:39:07,359 WARN  block.DeletedBlockLogImpl (DeletedBlockLogImpl.java:incrementCount(141)) - Deleted TXID not found.
2019-08-05 04:39:07,359 WARN  block.DeletedBlockLogImpl (DeletedBlockLogImpl.java:incrementCount(141)) - Deleted TXID not found.
2019-08-05 04:39:07,359 WARN  block.DeletedBlockLogImpl (DeletedBlockLogImpl.java:incrementCount(141)) - Deleted TXID not found.
2019-08-05 04:39:07,359 WARN  block.DeletedBlockLogImpl (DeletedBlockLogImpl.java:incrementCount(141)) - Deleted TXID not found.
2019-08-05 04:39:07,359 WARN  block.DeletedBlockLogImpl (DeletedBlockLogImpl.java:incrementCount(141)) - Deleted TXID not found.
2019-08-05 04:39:07,359 WARN  block.DeletedBlockLogImpl (DeletedBlockLogImpl.java:incrementCount(141)) - Deleted TXID not found.
2019-08-05 04:39:07,360 WARN  block.DeletedBlockLogImpl (DeletedBlockLogImpl.java:incrementCount(141)) - Deleted TXID not found.
2019-08-05 04:39:07,360 WARN  block.DeletedBlockLogImpl (DeletedBlockLogImpl.java:incrementCount(141)) - Deleted TXID not found.
2019-08-05 04:39:07,360 WARN  block.DeletedBlockLogImpl (DeletedBlockLogImpl.java:incrementCount(141)) - Deleted TXID not found.
2019-08-05 04:39:07,360 WARN  block.DeletedBlockLogImpl (DeletedBlockLogImpl.java:incrementCount(141)) - Deleted TXID not found.
2019-08-05 04:39:07,360 WARN  block.DeletedBlockLogImpl (DeletedBlockLogImpl.java:incrementCount(141)) - Deleted TXID not found.
2019-08-05 04:39:07,360 WARN  block.DeletedBlockLogImpl (DeletedBlockLogImpl.java:incrementCount(141)) - Deleted TXID not found.
2019-08-05 04:39:07,360 WARN  block.DeletedBlockLogImpl (DeletedBlockLogImpl.java:incrementCount(141)) - Deleted TXID not found.
2019-08-05 04:39:07,361 WARN  block.DeletedBlockLogImpl (DeletedBlockLogImpl.java:incrementCount(141)) - Deleted TXID not found.
2019-08-05 04:39:07,361 WARN  block.DeletedBlockLogImpl (DeletedBlockLogImpl.java:incrementCount(141)) - Deleted TXID not found.
2019-08-05 04:39:07,361 WARN  block.DeletedBlockLogImpl (DeletedBlockLogImpl.java:incrementCount(141)) - Deleted TXID not found.
2019-08-05 04:39:07,361 WARN  block.DeletedBlockLogImpl (DeletedBlockLogImpl.java:incrementCount(141)) - Deleted TXID not found.
2019-08-05 04:39:07,361 WARN  block.DeletedBlockLogImpl (DeletedBlockLogImpl.java:incrementCount(141)) - Deleted TXID not found.
2019-08-05 04:39:07,361 WARN  block.DeletedBlockLogImpl (DeletedBlockLogImpl.java:incrementCount(141)) - Deleted TXID not found.
2019-08-05 04:39:07,361 WARN  block.DeletedBlockLogImpl (DeletedBlockLogImpl.java:incrementCount(141)) - Deleted TXID not found.
2019-08-05 04:39:07,361 WARN  block.DeletedBlockLogImpl (DeletedBlockLogImpl.java:incrementCount(141)) - Deleted TXID not found.
2019-08-05 04:39:07,362 WARN  block.DeletedBlockLogImpl (DeletedBlockLogImpl.java:incrementCount(141)) - Deleted TXID not found.
2019-08-05 04:39:07,362 WARN  block.DeletedBlockLogImpl (DeletedBlockLogImpl.java:incrementCount(141)) - Deleted TXID not found.
2019-08-05 04:39:07,362 WARN  block.DeletedBlockLogImpl (DeletedBlockLogImpl.java:incrementCount(141)) - Deleted TXID not found.
2019-08-05 04:39:07,362 WARN  block.DeletedBlockLogImpl (DeletedBlockLogImpl.java:incrementCount(141)) - Deleted TXID not found.
2019-08-05 04:39:07,362 WARN  block.DeletedBlockLogImpl (DeletedBlockLogImpl.java:incrementCount(141)) - Deleted TXID not found.
2019-08-05 04:39:07,362 WARN  block.DeletedBlockLogImpl (DeletedBlockLogImpl.java:incrementCount(141)) - Deleted TXID not found.
2019-08-05 04:39:07,362 WARN  block.DeletedBlockLogImpl (DeletedBlockLogImpl.java:incrementCount(141)) - Deleted TXID not found.
2019-08-05 04:39:07,363 WARN  block.DeletedBlockLogImpl (DeletedBlockLogImpl.java:incrementCount(141)) - Deleted TXID not found.
2019-08-05 04:39:07,363 WARN  block.DeletedBlockLogImpl (DeletedBlockLogImpl.java:incrementCount(141)) - Deleted TXID not found.
2019-08-05 04:39:07,363 WARN  block.DeletedBlockLogImpl (DeletedBlockLogImpl.java:incrementCount(141)) - Deleted TXID not found.
2019-08-05 04:39:07,363 WARN  block.DeletedBlockLogImpl (DeletedBlockLogImpl.java:incrementCount(141)) - Deleted TXID not found.
2019-08-05 04:39:07,363 WARN  block.DeletedBlockLogImpl (DeletedBlockLogImpl.java:incrementCount(141)) - Deleted TXID not found.
2019-08-05 04:39:07,363 WARN  block.DeletedBlockLogImpl (DeletedBlockLogImpl.java:incrementCount(141)) - Deleted TXID not found.
2019-08-05 04:39:07,363 WARN  block.DeletedBlockLogImpl (DeletedBlockLogImpl.java:incrementCount(141)) - Deleted TXID not found.
2019-08-05 04:39:07,364 WARN  block.DeletedBlockLogImpl (DeletedBlockLogImpl.java:incrementCount(141)) - Deleted TXID not found.
2019-08-05 04:39:07,364 WARN  block.DeletedBlockLogImpl (DeletedBlockLogImpl.java:incrementCount(141)) - Deleted TXID not found.
2019-08-05 04:39:07,364 WARN  block.DeletedBlockLogImpl (DeletedBlockLogImpl.java:incrementCount(141)) - Deleted TXID not found.
2019-08-05 04:39:07,364 WARN  block.DeletedBlockLogImpl (DeletedBlockLogImpl.java:incrementCount(141)) - Deleted TXID not found.
2019-08-05 04:39:07,364 WARN  block.DeletedBlockLogImpl (DeletedBlockLogImpl.java:incrementCount(141)) - Deleted TXID not found.
2019-08-05 04:39:07,364 WARN  block.DeletedBlockLogImpl (DeletedBlockLogImpl.java:incrementCount(141)) - Deleted TXID not found.
2019-08-05 04:39:07,364 WARN  block.DeletedBlockLogImpl (DeletedBlockLogImpl.java:incrementCount(141)) - Deleted TXID not found.
2019-08-05 04:39:07,364 WARN  block.DeletedBlockLogImpl (DeletedBlockLogImpl.java:incrementCount(141)) - Deleted TXID not found.
2019-08-05 04:39:07,365 WARN  block.DeletedBlockLogImpl (DeletedBlockLogImpl.java:incrementCount(141)) - Deleted TXID not found.
2019-08-05 04:39:07,365 WARN  block.DeletedBlockLogImpl (DeletedBlockLogImpl.java:incrementCount(141)) - Deleted TXID not found.
2019-08-05 04:39:07,365 WARN  block.DeletedBlockLogImpl (DeletedBlockLogImpl.java:incrementCount(141)) - Deleted TXID not found.
2019-08-05 04:39:07,365 WARN  block.DeletedBlockLogImpl (DeletedBlockLogImpl.java:incrementCount(141)) - Deleted TXID not found.
2019-08-05 04:39:07,365 WARN  block.DeletedBlockLogImpl (DeletedBlockLogImpl.java:incrementCount(141)) - Deleted TXID not found.
2019-08-05 04:39:07,365 WARN  block.DeletedBlockLogImpl (DeletedBlockLogImpl.java:incrementCount(141)) - Deleted TXID not found.
2019-08-05 04:39:07,365 WARN  block.DeletedBlockLogImpl (DeletedBlockLogImpl.java:incrementCount(141)) - Deleted TXID not found.
2019-08-05 04:39:07,366 WARN  block.DeletedBlockLogImpl (DeletedBlockLogImpl.java:incrementCount(141)) - Deleted TXID not found.
2019-08-05 04:39:07,366 WARN  block.DeletedBlockLogImpl (DeletedBlockLogImpl.java:incrementCount(141)) - Deleted TXID not found.
2019-08-05 04:39:07,366 WARN  block.DeletedBlockLogImpl (DeletedBlockLogImpl.java:incrementCount(141)) - Deleted TXID not found.
2019-08-05 04:39:07,366 WARN  block.DeletedBlockLogImpl (DeletedBlockLogImpl.java:incrementCount(141)) - Deleted TXID not found.
2019-08-05 04:39:07,366 WARN  block.DeletedBlockLogImpl (DeletedBlockLogImpl.java:incrementCount(141)) - Deleted TXID not found.
2019-08-05 04:39:07,366 WARN  block.DeletedBlockLogImpl (DeletedBlockLogImpl.java:incrementCount(141)) - Deleted TXID not found.
2019-08-05 04:39:07,366 WARN  block.DeletedBlockLogImpl (DeletedBlockLogImpl.java:incrementCount(141)) - Deleted TXID not found.
2019-08-05 04:39:07,366 WARN  block.DeletedBlockLogImpl (DeletedBlockLogImpl.java:incrementCount(141)) - Deleted TXID not found.
2019-08-05 04:39:07,374 INFO  commands.RetriableDatanodeEventWatcher (RetriableDatanodeEventWatcher.java:onTimeout(47)) - RetriableDatanodeCommand type=deleteBlocksCommand with id=1564979933057 timed out. Retrying.
2019-08-05 04:39:07,387 DEBUG block.SCMBlockDeletingService (SCMBlockDeletingService.java:call(138)) - Running DeletedBlockTransactionScanner
2019-08-05 04:39:07,388 DEBUG block.SCMBlockDeletingService (SCMBlockDeletingService.java:call(155)) - Scanned deleted blocks log and got 0 delTX to process.
2019-08-05 04:39:07,476 INFO  commands.RetriableDatanodeEventWatcher (RetriableDatanodeEventWatcher.java:onTimeout(47)) - RetriableDatanodeCommand type=deleteBlocksCommand with id=1564979933058 timed out. Retrying.
2019-08-05 04:39:07,488 DEBUG block.SCMBlockDeletingService (SCMBlockDeletingService.java:call(138)) - Running DeletedBlockTransactionScanner
2019-08-05 04:39:07,489 DEBUG block.SCMBlockDeletingService (SCMBlockDeletingService.java:call(155)) - Scanned deleted blocks log and got 0 delTX to process.
2019-08-05 04:39:07,523 WARN  block.DeletedBlockLogImpl (DeletedBlockLogImpl.java:incrementCount(141)) - Deleted TXID not found.
2019-08-05 04:39:07,523 WARN  block.DeletedBlockLogImpl (DeletedBlockLogImpl.java:incrementCount(141)) - Deleted TXID not found.
2019-08-05 04:39:07,523 WARN  block.DeletedBlockLogImpl (DeletedBlockLogImpl.java:incrementCount(141)) - Deleted TXID not found.
2019-08-05 04:39:07,523 DEBUG block.DeletedBlockLogImpl (DeletedBlockLogImpl.java:isTransactionFailed(245)) - Got block deletion ACK from datanode, TXIDs=1, success=true
2019-08-05 04:39:07,523 WARN  events.EventWatcher (EventWatcher.java:lambda$start$0(110)) - Completion event without active lease. Id=1564979933044
2019-08-05 04:39:07,523 WARN  block.DeletedBlockLogImpl (DeletedBlockLogImpl.java:commitTransactions(205)) - Transaction txId=1 commit by dnId=3f4de2de-7d09-498f-aead-42327df81d94 for containerID=#1 failed. Corresponding entry not found.
2019-08-05 04:39:07,524 WARN  events.EventWatcher (EventWatcher.java:lambda$start$0(110)) - Completion event without active lease. Id=1564979933045
2019-08-05 04:39:07,524 DEBUG block.DeletedBlockLogImpl (DeletedBlockLogImpl.java:isTransactionFailed(245)) - Got block deletion ACK from datanode, TXIDs=1, success=true
2019-08-05 04:39:07,524 WARN  block.DeletedBlockLogImpl (DeletedBlockLogImpl.java:commitTransactions(205)) - Transaction txId=1 commit by dnId=3f4de2de-7d09-498f-aead-42327df81d94 for containerID=#1 failed. Corresponding entry not found.
2019-08-05 04:39:07,524 WARN  events.EventWatcher (EventWatcher.java:lambda$start$0(110)) - Completion event without active lease. Id=1564979933034
2019-08-05 04:39:07,524 WARN  block.DeletedBlockLogImpl (DeletedBlockLogImpl.java:incrementCount(141)) - Deleted TXID not found.
2019-08-05 04:39:07,525 WARN  block.DeletedBlockLogImpl (DeletedBlockLogImpl.java:incrementCount(141)) - Deleted TXID not found.
2019-08-05 04:39:07,525 WARN  block.DeletedBlockLogImpl (DeletedBlockLogImpl.java:incrementCount(141)) - Deleted TXID not found.
2019-08-05 04:39:07,525 WARN  events.EventWatcher (EventWatcher.java:lambda$start$0(110)) - Completion event without active lease. Id=1564979933035
2019-08-05 04:39:07,525 DEBUG block.DeletedBlockLogImpl (DeletedBlockLogImpl.java:isTransactionFailed(245)) - Got block deletion ACK from datanode, TXIDs=1, success=true
2019-08-05 04:39:07,525 WARN  events.EventWatcher (EventWatcher.java:lambda$start$0(110)) - Completion event without active lease. Id=1564979933024
2019-08-05 04:39:07,525 WARN  block.DeletedBlockLogImpl (DeletedBlockLogImpl.java:commitTransactions(205)) - Transaction txId=1 commit by dnId=3f4de2de-7d09-498f-aead-42327df81d94 for containerID=#1 failed. Corresponding entry not found.
2019-08-05 04:39:07,526 WARN  events.EventWatcher (EventWatcher.java:lambda$start$0(110)) - Completion event without active lease. Id=1564979933025
2019-08-05 04:39:07,526 WARN  block.DeletedBlockLogImpl (DeletedBlockLogImpl.java:incrementCount(141)) - Deleted TXID not found.
2019-08-05 04:39:07,526 WARN  block.DeletedBlockLogImpl (DeletedBlockLogImpl.java:incrementCount(141)) - Deleted TXID not found.
2019-08-05 04:39:07,526 WARN  block.DeletedBlockLogImpl (DeletedBlockLogImpl.java:incrementCount(141)) - Deleted TXID not found.
2019-08-05 04:39:07,526 WARN  events.EventWatcher (EventWatcher.java:lambda$start$0(110)) - Completion event without active lease. Id=1564979933014
2019-08-05 04:39:07,526 DEBUG block.DeletedBlockLogImpl (DeletedBlockLogImpl.java:isTransactionFailed(245)) - Got block deletion ACK from datanode, TXIDs=1, success=true
2019-08-05 04:39:07,527 WARN  events.EventWatcher (EventWatcher.java:lambda$start$0(110)) - Completion event without active lease. Id=1564979933015
2019-08-05 04:39:07,527 WARN  block.DeletedBlockLogImpl (DeletedBlockLogImpl.java:commitTransactions(205)) - Transaction txId=1 commit by dnId=3f4de2de-7d09-498f-aead-42327df81d94 for containerID=#1 failed. Corresponding entry not found.
2019-08-05 04:39:07,527 WARN  events.EventWatcher (EventWatcher.java:lambda$start$0(110)) - Completion event without active lease. Id=1564979933004
2019-08-05 04:39:07,527 DEBUG block.DeletedBlockLogImpl (DeletedBlockLogImpl.java:isTransactionFailed(245)) - Got block deletion ACK from datanode, TXIDs=1, success=true
2019-08-05 04:39:07,527 WARN  block.DeletedBlockLogImpl (DeletedBlockLogImpl.java:commitTransactions(205)) - Transaction txId=1 commit by dnId=3f4de2de-7d09-498f-aead-42327df81d94 for containerID=#1 failed. Corresponding entry not found.
2019-08-05 04:39:07,527 WARN  events.EventWatcher (EventWatcher.java:lambda$start$0(110)) - Completion event without active lease. Id=1564979933005
2019-08-05 04:39:07,528 DEBUG block.DeletedBlockLogImpl (DeletedBlockLogImpl.java:isTransactionFailed(245)) - Got block deletion ACK from datanode, TXIDs=1, success=true
2019-08-05 04:39:07,528 WARN  events.EventWatcher (EventWatcher.java:lambda$start$0(110)) - Completion event without active lease. Id=1564979932994
2019-08-05 04:39:07,528 WARN  block.DeletedBlockLogImpl (DeletedBlockLogImpl.java:commitTransactions(205)) - Transaction txId=1 commit by dnId=3f4de2de-7d09-498f-aead-42327df81d94 for containerID=#1 failed. Corresponding entry not found.
2019-08-05 04:39:07,528 WARN  events.EventWatcher (EventWatcher.java:lambda$start$0(110)) - Completion event without active lease. Id=1564979932995
2019-08-05 04:39:07,528 DEBUG block.DeletedBlockLogImpl (DeletedBlockLogImpl.java:isTransactionFailed(245)) - Got block deletion ACK from datanode, TXIDs=1, success=true
2019-08-05 04:39:07,529 WARN  block.DeletedBlockLogImpl (DeletedBlockLogImpl.java:commitTransactions(205)) - Transaction txId=1 commit by dnId=3f4de2de-7d09-498f-aead-42327df81d94 for containerID=#1 failed. Corresponding entry not found.
2019-08-05 04:39:07,529 WARN  events.EventWatcher (EventWatcher.java:lambda$start$0(110)) - Completion event without active lease. Id=1564979932984
2019-08-05 04:39:07,529 DEBUG block.DeletedBlockLogImpl (DeletedBlockLogImpl.java:isTransactionFailed(245)) - Got block deletion ACK from datanode, TXIDs=1, success=true
2019-08-05 04:39:07,529 WARN  block.DeletedBlockLogImpl (DeletedBlockLogImpl.java:commitTransactions(205)) - Transaction txId=1 commit by dnId=3f4de2de-7d09-498f-aead-42327df81d94 for containerID=#1 failed. Corresponding entry not found.
2019-08-05 04:39:07,529 WARN  events.EventWatcher (EventWatcher.java:lambda$start$0(110)) - Completion event without active lease. Id=1564979932985
2019-08-05 04:39:07,529 DEBUG block.DeletedBlockLogImpl (DeletedBlockLogImpl.java:isTransactionFailed(245)) - Got block deletion ACK from datanode, TXIDs=1, success=true
2019-08-05 04:39:07,529 WARN  events.EventWatcher (EventWatcher.java:lambda$start$0(110)) - Completion event without active lease. Id=1564979932976
2019-08-05 04:39:07,530 WARN  block.DeletedBlockLogImpl (DeletedBlockLogImpl.java:commitTransactions(205)) - Transaction txId=1 commit by dnId=3f4de2de-7d09-498f-aead-42327df81d94 for containerID=#1 failed. Corresponding entry not found.
2019-08-05 04:39:07,530 WARN  events.EventWatcher (EventWatcher.java:lambda$start$0(110)) - Completion event without active lease. Id=1564979932975
2019-08-05 04:39:07,530 DEBUG block.DeletedBlockLogImpl (DeletedBlockLogImpl.java:isTransactionFailed(245)) - Got block deletion ACK from datanode, TXIDs=1, success=true
2019-08-05 04:39:07,530 WARN  block.DeletedBlockLogImpl (DeletedBlockLogImpl.java:commitTransactions(205)) - Transaction txId=1 commit by dnId=3f4de2de-7d09-498f-aead-42327df81d94 for containerID=#1 failed. Corresponding entry not found.
2019-08-05 04:39:07,530 DEBUG block.DeletedBlockLogImpl (DeletedBlockLogImpl.java:isTransactionFailed(245)) - Got block deletion ACK from datanode, TXIDs=1, success=true
2019-08-05 04:39:07,530 WARN  block.DeletedBlockLogImpl (DeletedBlockLogImpl.java:commitTransactions(205)) - Transaction txId=1 commit by dnId=3f4de2de-7d09-498f-aead-42327df81d94 for containerID=#1 failed. Corresponding entry not found.
2019-08-05 04:39:07,531 DEBUG block.DeletedBlockLogImpl (DeletedBlockLogImpl.java:isTransactionFailed(245)) - Got block deletion ACK from datanode, TXIDs=1, success=true
2019-08-05 04:39:07,531 WARN  block.DeletedBlockLogImpl (DeletedBlockLogImpl.java:commitTransactions(205)) - Transaction txId=1 commit by dnId=3f4de2de-7d09-498f-aead-42327df81d94 for containerID=#1 failed. Corresponding entry not found.
2019-08-05 04:39:07,531 DEBUG block.DeletedBlockLogImpl (DeletedBlockLogImpl.java:isTransactionFailed(245)) - Got block deletion ACK from datanode, TXIDs=1, success=true
2019-08-05 04:39:07,531 WARN  block.DeletedBlockLogImpl (DeletedBlockLogImpl.java:commitTransactions(205)) - Transaction txId=1 commit by dnId=3f4de2de-7d09-498f-aead-42327df81d94 for containerID=#1 failed. Corresponding entry not found.
2019-08-05 04:39:07,531 DEBUG block.DeletedBlockLogImpl (DeletedBlockLogImpl.java:isTransactionFailed(245)) - Got block deletion ACK from datanode, TXIDs=1, success=true
2019-08-05 04:39:07,531 WARN  block.DeletedBlockLogImpl (DeletedBlockLogImpl.java:commitTransactions(205)) - Transaction txId=1 commit by dnId=3f4de2de-7d09-498f-aead-42327df81d94 for containerID=#1 failed. Corresponding entry not found.
2019-08-05 04:39:07,531 DEBUG block.DeletedBlockLogImpl (DeletedBlockLogImpl.java:isTransactionFailed(245)) - Got block deletion ACK from datanode, TXIDs=1, success=true
2019-08-05 04:39:07,531 WARN  block.DeletedBlockLogImpl (DeletedBlockLogImpl.java:commitTransactions(205)) - Transaction txId=1 commit by dnId=3f4de2de-7d09-498f-aead-42327df81d94 for containerID=#1 failed. Corresponding entry not found.
2019-08-05 04:39:07,532 DEBUG block.DeletedBlockLogImpl (DeletedBlockLogImpl.java:isTransactionFailed(245)) - Got block deletion ACK from datanode, TXIDs=1, success=true
2019-08-05 04:39:07,532 WARN  block.DeletedBlockLogImpl (DeletedBlockLogImpl.java:commitTransactions(205)) - Transaction txId=1 commit by dnId=3f4de2de-7d09-498f-aead-42327df81d94 for containerID=#1 failed. Corresponding entry not found.
2019-08-05 04:39:07,532 DEBUG block.DeletedBlockLogImpl (DeletedBlockLogImpl.java:isTransactionFailed(245)) - Got block deletion ACK from datanode, TXIDs=1, success=true
2019-08-05 04:39:07,532 WARN  block.DeletedBlockLogImpl (DeletedBlockLogImpl.java:commitTransactions(205)) - Transaction txId=1 commit by dnId=3f4de2de-7d09-498f-aead-42327df81d94 for containerID=#1 failed. Corresponding entry not found.
2019-08-05 04:39:07,532 DEBUG block.DeletedBlockLogImpl (DeletedBlockLogImpl.java:isTransactionFailed(245)) - Got block deletion ACK from datanode, TXIDs=1, success=true
2019-08-05 04:39:07,532 WARN  block.DeletedBlockLogImpl (DeletedBlockLogImpl.java:commitTransactions(205)) - Transaction txId=1 commit by dnId=3f4de2de-7d09-498f-aead-42327df81d94 for containerID=#1 failed. Corresponding entry not found.
2019-08-05 04:39:07,532 DEBUG block.DeletedBlockLogImpl (DeletedBlockLogImpl.java:isTransactionFailed(245)) - Got block deletion ACK from datanode, TXIDs=1, success=true
2019-08-05 04:39:07,532 WARN  block.DeletedBlockLogImpl (DeletedBlockLogImpl.java:commitTransactions(205)) - Transaction txId=1 commit by dnId=3f4de2de-7d09-498f-aead-42327df81d94 for containerID=#1 failed. Corresponding entry not found.
2019-08-05 04:39:07,533 DEBUG block.DeletedBlockLogImpl (DeletedBlockLogImpl.java:isTransactionFailed(245)) - Got block deletion ACK from datanode, TXIDs=1, success=true
2019-08-05 04:39:07,533 WARN  block.DeletedBlockLogImpl (DeletedBlockLogImpl.java:commitTransactions(205)) - Transaction txId=1 commit by dnId=3f4de2de-7d09-498f-aead-42327df81d94 for containerID=#1 failed. Corresponding entry not found.
2019-08-05 04:39:07,530 WARN  events.EventWatcher (EventWatcher.java:lambda$start$0(110)) - Completion event without active lease. Id=1564979932966
2019-08-05 04:39:07,533 DEBUG block.DeletedBlockLogImpl (DeletedBlockLogImpl.java:isTransactionFailed(245)) - Got block deletion ACK from datanode, TXIDs=1, success=true
2019-08-05 04:39:07,533 WARN  events.EventWatcher (EventWatcher.java:lambda$start$0(110)) - Completion event without active lease. Id=1564979932965
2019-08-05 04:39:07,533 WARN  block.DeletedBlockLogImpl (DeletedBlockLogImpl.java:commitTransactions(205)) - Transaction txId=1 commit by dnId=3f4de2de-7d09-498f-aead-42327df81d94 for containerID=#1 failed. Corresponding entry not found.
2019-08-05 04:39:07,533 WARN  events.EventWatcher (EventWatcher.java:lambda$start$0(110)) - Completion event without active lease. Id=1564979932956
2019-08-05 04:39:07,534 DEBUG block.DeletedBlockLogImpl (DeletedBlockLogImpl.java:isTransactionFailed(245)) - Got block deletion ACK from datanode, TXIDs=1, success=true
2019-08-05 04:39:07,534 WARN  block.DeletedBlockLogImpl (DeletedBlockLogImpl.java:commitTransactions(205)) - Transaction txId=1 commit by dnId=3f4de2de-7d09-498f-aead-42327df81d94 for containerID=#1 failed. Corresponding entry not found.
2019-08-05 04:39:07,534 WARN  events.EventWatcher (EventWatcher.java:lambda$start$0(110)) - Completion event without active lease. Id=1564979932955
2019-08-05 04:39:07,534 DEBUG block.DeletedBlockLogImpl (DeletedBlockLogImpl.java:isTransactionFailed(245)) - Got block deletion ACK from datanode, TXIDs=1, success=true
2019-08-05 04:39:07,534 WARN  events.EventWatcher (EventWatcher.java:lambda$start$0(110)) - Completion event without active lease. Id=1564979932946
2019-08-05 04:39:07,534 WARN  block.DeletedBlockLogImpl (DeletedBlockLogImpl.java:commitTransactions(205)) - Transaction txId=1 commit by dnId=3f4de2de-7d09-498f-aead-42327df81d94 for containerID=#1 failed. Corresponding entry not found.
2019-08-05 04:39:07,534 WARN  events.EventWatcher (EventWatcher.java:lambda$start$0(110)) - Completion event without active lease. Id=1564979932945
2019-08-05 04:39:07,535 DEBUG block.DeletedBlockLogImpl (DeletedBlockLogImpl.java:isTransactionFailed(245)) - Got block deletion ACK from datanode, TXIDs=1, success=true
2019-08-05 04:39:07,535 WARN  block.DeletedBlockLogImpl (DeletedBlockLogImpl.java:commitTransactions(205)) - Transaction txId=1 commit by dnId=3f4de2de-7d09-498f-aead-42327df81d94 for containerID=#1 failed. Corresponding entry not found.
2019-08-05 04:39:07,535 WARN  events.EventWatcher (EventWatcher.java:lambda$start$0(110)) - Completion event without active lease. Id=1564979932936
2019-08-05 04:39:07,535 DEBUG block.DeletedBlockLogImpl (DeletedBlockLogImpl.java:isTransactionFailed(245)) - Got block deletion ACK from datanode, TXIDs=1, success=true
2019-08-05 04:39:07,535 WARN  block.DeletedBlockLogImpl (DeletedBlockLogImpl.java:commitTransactions(205)) - Transaction txId=1 commit by dnId=3f4de2de-7d09-498f-aead-42327df81d94 for containerID=#1 failed. Corresponding entry not found.
2019-08-05 04:39:07,535 DEBUG block.DeletedBlockLogImpl (DeletedBlockLogImpl.java:isTransactionFailed(245)) - Got block deletion ACK from datanode, TXIDs=1, success=true
2019-08-05 04:39:07,536 WARN  block.DeletedBlockLogImpl (DeletedBlockLogImpl.java:commitTransactions(205)) - Transaction txId=1 commit by dnId=3f4de2de-7d09-498f-aead-42327df81d94 for containerID=#1 failed. Corresponding entry not found.
2019-08-05 04:39:07,536 DEBUG block.DeletedBlockLogImpl (DeletedBlockLogImpl.java:isTransactionFailed(245)) - Got block deletion ACK from datanode, TXIDs=1, success=true
2019-08-05 04:39:07,536 WARN  block.DeletedBlockLogImpl (DeletedBlockLogImpl.java:commitTransactions(205)) - Transaction txId=1 commit by dnId=3f4de2de-7d09-498f-aead-42327df81d94 for containerID=#1 failed. Corresponding entry not found.
2019-08-05 04:39:07,536 DEBUG block.DeletedBlockLogImpl (DeletedBlockLogImpl.java:isTransactionFailed(245)) - Got block deletion ACK from datanode, TXIDs=1, success=true
2019-08-05 04:39:07,536 WARN  block.DeletedBlockLogImpl (DeletedBlockLogImpl.java:commitTransactions(205)) - Transaction txId=1 commit by dnId=3f4de2de-7d09-498f-aead-42327df81d94 for containerID=#1 failed. Corresponding entry not found.
2019-08-05 04:39:07,536 DEBUG block.DeletedBlockLogImpl (DeletedBlockLogImpl.java:isTransactionFailed(245)) - Got block deletion ACK from datanode, TXIDs=1, success=true
2019-08-05 04:39:07,536 WARN  block.DeletedBlockLogImpl (DeletedBlockLogImpl.java:commitTransactions(205)) - Transaction txId=1 commit by dnId=3f4de2de-7d09-498f-aead-42327df81d94 for containerID=#1 failed. Corresponding entry not found.
2019-08-05 04:39:07,536 DEBUG block.DeletedBlockLogImpl (DeletedBlockLogImpl.java:isTransactionFailed(245)) - Got block deletion ACK from datanode, TXIDs=1, success=true
2019-08-05 04:39:07,536 WARN  block.DeletedBlockLogImpl (DeletedBlockLogImpl.java:commitTransactions(205)) - Transaction txId=1 commit by dnId=3f4de2de-7d09-498f-aead-42327df81d94 for containerID=#1 failed. Corresponding entry not found.
2019-08-05 04:39:07,535 WARN  events.EventWatcher (EventWatcher.java:lambda$start$0(110)) - Completion event without active lease. Id=1564979932935
2019-08-05 04:39:07,537 DEBUG block.DeletedBlockLogImpl (DeletedBlockLogImpl.java:isTransactionFailed(245)) - Got block deletion ACK from datanode, TXIDs=1, success=true
2019-08-05 04:39:07,537 WARN  events.EventWatcher (EventWatcher.java:lambda$start$0(110)) - Completion event without active lease. Id=1564979932926
2019-08-05 04:39:07,537 WARN  block.DeletedBlockLogImpl (DeletedBlockLogImpl.java:commitTransactions(205)) - Transaction txId=1 commit by dnId=3f4de2de-7d09-498f-aead-42327df81d94 for containerID=#1 failed. Corresponding entry not found.
2019-08-05 04:39:07,537 WARN  events.EventWatcher (EventWatcher.java:lambda$start$0(110)) - Completion event without active lease. Id=1564979932925
2019-08-05 04:39:07,537 DEBUG block.DeletedBlockLogImpl (DeletedBlockLogImpl.java:isTransactionFailed(245)) - Got block deletion ACK from datanode, TXIDs=1, success=true
2019-08-05 04:39:07,537 WARN  block.DeletedBlockLogImpl (DeletedBlockLogImpl.java:commitTransactions(205)) - Transaction txId=1 commit by dnId=3f4de2de-7d09-498f-aead-42327df81d94 for containerID=#1 failed. Corresponding entry not found.
2019-08-05 04:39:07,537 DEBUG block.DeletedBlockLogImpl (DeletedBlockLogImpl.java:isTransactionFailed(245)) - Got block deletion ACK from datanode, TXIDs=1, success=true
2019-08-05 04:39:07,537 WARN  block.DeletedBlockLogImpl (DeletedBlockLogImpl.java:commitTransactions(205)) - Transaction txId=1 commit by dnId=3f4de2de-7d09-498f-aead-42327df81d94 for containerID=#1 failed. Corresponding entry not found.
2019-08-05 04:39:07,538 DEBUG block.DeletedBlockLogImpl (DeletedBlockLogImpl.java:isTransactionFailed(245)) - Got block deletion ACK from datanode, TXIDs=1, success=true
2019-08-05 04:39:07,538 WARN  block.DeletedBlockLogImpl (DeletedBlockLogImpl.java:commitTransactions(205)) - Transaction txId=1 commit by dnId=3f4de2de-7d09-498f-aead-42327df81d94 for containerID=#1 failed. Corresponding entry not found.
2019-08-05 04:39:07,538 DEBUG block.DeletedBlockLogImpl (DeletedBlockLogImpl.java:isTransactionFailed(245)) - Got block deletion ACK from datanode, TXIDs=1, success=true
2019-08-05 04:39:07,538 WARN  block.DeletedBlockLogImpl (DeletedBlockLogImpl.java:commitTransactions(205)) - Transaction txId=1 commit by dnId=3f4de2de-7d09-498f-aead-42327df81d94 for containerID=#1 failed. Corresponding entry not found.
2019-08-05 04:39:07,538 DEBUG block.DeletedBlockLogImpl (DeletedBlockLogImpl.java:isTransactionFailed(245)) - Got block deletion ACK from datanode, TXIDs=1, success=true
2019-08-05 04:39:07,538 WARN  block.DeletedBlockLogImpl (DeletedBlockLogImpl.java:commitTransactions(205)) - Transaction txId=1 commit by dnId=3f4de2de-7d09-498f-aead-42327df81d94 for containerID=#1 failed. Corresponding entry not found.
2019-08-05 04:39:07,538 DEBUG block.DeletedBlockLogImpl (DeletedBlockLogImpl.java:isTransactionFailed(245)) - Got block deletion ACK from datanode, TXIDs=1, success=true
2019-08-05 04:39:07,538 WARN  block.DeletedBlockLogImpl (DeletedBlockLogImpl.java:commitTransactions(205)) - Transaction txId=1 commit by dnId=3f4de2de-7d09-498f-aead-42327df81d94 for containerID=#1 failed. Corresponding entry not found.
2019-08-05 04:39:07,538 DEBUG block.DeletedBlockLogImpl (DeletedBlockLogImpl.java:isTransactionFailed(245)) - Got block deletion ACK from datanode, TXIDs=1, success=true
2019-08-05 04:39:07,538 WARN  block.DeletedBlockLogImpl (DeletedBlockLogImpl.java:commitTransactions(205)) - Transaction txId=1 commit by dnId=3f4de2de-7d09-498f-aead-42327df81d94 for containerID=#1 failed. Corresponding entry not found.
2019-08-05 04:39:07,539 DEBUG block.DeletedBlockLogImpl (DeletedBlockLogImpl.java:isTransactionFailed(245)) - Got block deletion ACK from datanode, TXIDs=1, success=true
2019-08-05 04:39:07,539 WARN  block.DeletedBlockLogImpl (DeletedBlockLogImpl.java:commitTransactions(205)) - Transaction txId=1 commit by dnId=3f4de2de-7d09-498f-aead-42327df81d94 for containerID=#1 failed. Corresponding entry not found.
2019-08-05 04:39:07,539 DEBUG block.DeletedBlockLogImpl (DeletedBlockLogImpl.java:isTransactionFailed(245)) - Got block deletion ACK from datanode, TXIDs=1, success=true
2019-08-05 04:39:07,539 WARN  block.DeletedBlockLogImpl (DeletedBlockLogImpl.java:commitTransactions(205)) - Transaction txId=1 commit by dnId=3f4de2de-7d09-498f-aead-42327df81d94 for containerID=#1 failed. Corresponding entry not found.
2019-08-05 04:39:07,539 DEBUG block.DeletedBlockLogImpl (DeletedBlockLogImpl.java:isTransactionFailed(245)) - Got block deletion ACK from datanode, TXIDs=1, success=true
2019-08-05 04:39:07,539 WARN  block.DeletedBlockLogImpl (DeletedBlockLogImpl.java:commitTransactions(205)) - Transaction txId=1 commit by dnId=3f4de2de-7d09-498f-aead-42327df81d94 for containerID=#1 failed. Corresponding entry not found.
2019-08-05 04:39:07,539 DEBUG block.DeletedBlockLogImpl (DeletedBlockLogImpl.java:isTransactionFailed(245)) - Got block deletion ACK from datanode, TXIDs=1, success=true
2019-08-05 04:39:07,539 WARN  block.DeletedBlockLogImpl (DeletedBlockLogImpl.java:commitTransactions(205)) - Transaction txId=1 commit by dnId=3f4de2de-7d09-498f-aead-42327df81d94 for containerID=#1 failed. Corresponding entry not found.
2019-08-05 04:39:07,539 DEBUG block.DeletedBlockLogImpl (DeletedBlockLogImpl.java:isTransactionFailed(245)) - Got block deletion ACK from datanode, TXIDs=1, success=true
2019-08-05 04:39:07,539 WARN  block.DeletedBlockLogImpl (DeletedBlockLogImpl.java:commitTransactions(205)) - Transaction txId=1 commit by dnId=3f4de2de-7d09-498f-aead-42327df81d94 for containerID=#1 failed. Corresponding entry not found.
2019-08-05 04:39:07,540 DEBUG block.DeletedBlockLogImpl (DeletedBlockLogImpl.java:isTransactionFailed(245)) - Got block deletion ACK from datanode, TXIDs=1, success=true
2019-08-05 04:39:07,540 WARN  block.DeletedBlockLogImpl (DeletedBlockLogImpl.java:commitTransactions(205)) - Transaction txId=1 commit by dnId=3f4de2de-7d09-498f-aead-42327df81d94 for containerID=#1 failed. Corresponding entry not found.
2019-08-05 04:39:07,540 DEBUG block.DeletedBlockLogImpl (DeletedBlockLogImpl.java:isTransactionFailed(245)) - Got block deletion ACK from datanode, TXIDs=1, success=true
2019-08-05 04:39:07,540 WARN  block.DeletedBlockLogImpl (DeletedBlockLogImpl.java:commitTransactions(205)) - Transaction txId=1 commit by dnId=3f4de2de-7d09-498f-aead-42327df81d94 for containerID=#1 failed. Corresponding entry not found.
2019-08-05 04:39:07,540 DEBUG block.DeletedBlockLogImpl (DeletedBlockLogImpl.java:isTransactionFailed(245)) - Got block deletion ACK from datanode, TXIDs=1, success=true
2019-08-05 04:39:07,540 WARN  block.DeletedBlockLogImpl (DeletedBlockLogImpl.java:commitTransactions(205)) - Transaction txId=1 commit by dnId=3f4de2de-7d09-498f-aead-42327df81d94 for containerID=#1 failed. Corresponding entry not found.
2019-08-05 04:39:07,589 DEBUG block.SCMBlockDeletingService (SCMBlockDeletingService.java:call(138)) - Running DeletedBlockTransactionScanner
2019-08-05 04:39:07,589 DEBUG block.SCMBlockDeletingService (SCMBlockDeletingService.java:call(155)) - Scanned deleted blocks log and got 0 delTX to process.
2019-08-05 04:39:07,689 DEBUG block.SCMBlockDeletingService (SCMBlockDeletingService.java:call(138)) - Running DeletedBlockTransactionScanner
2019-08-05 04:39:07,690 DEBUG block.SCMBlockDeletingService (SCMBlockDeletingService.java:call(155)) - Scanned deleted blocks log and got 0 delTX to process.
2019-08-05 04:39:07,790 DEBUG block.SCMBlockDeletingService (SCMBlockDeletingService.java:call(138)) - Running DeletedBlockTransactionScanner
2019-08-05 04:39:07,790 DEBUG block.SCMBlockDeletingService (SCMBlockDeletingService.java:call(155)) - Scanned deleted blocks log and got 0 delTX to process.
2019-08-05 04:39:07,891 DEBUG block.SCMBlockDeletingService (SCMBlockDeletingService.java:call(138)) - Running DeletedBlockTransactionScanner
2019-08-05 04:39:07,891 DEBUG block.SCMBlockDeletingService (SCMBlockDeletingService.java:call(155)) - Scanned deleted blocks log and got 0 delTX to process.
2019-08-05 04:39:07,991 DEBUG block.SCMBlockDeletingService (SCMBlockDeletingService.java:call(138)) - Running DeletedBlockTransactionScanner
2019-08-05 04:39:07,992 DEBUG block.SCMBlockDeletingService (SCMBlockDeletingService.java:call(155)) - Scanned deleted blocks log and got 0 delTX to process.
2019-08-05 04:39:08,002 INFO  background.BlockDeletingService (BlockDeletingService.java:call(246)) - Container: 1, deleted blocks: 185, task elapsed time: 1024ms
2019-08-05 04:39:08,092 DEBUG block.SCMBlockDeletingService (SCMBlockDeletingService.java:call(138)) - Running DeletedBlockTransactionScanner
2019-08-05 04:39:08,092 DEBUG block.SCMBlockDeletingService (SCMBlockDeletingService.java:call(155)) - Scanned deleted blocks log and got 0 delTX to process.
2019-08-05 04:39:08,127 INFO  background.BlockDeletingService (BlockDeletingService.java:call(246)) - Container: 2, deleted blocks: 184, task elapsed time: 1149ms
2019-08-05 04:39:08,186 INFO  commands.RetriableDatanodeEventWatcher (RetriableDatanodeEventWatcher.java:onTimeout(47)) - RetriableDatanodeCommand type=deleteBlocksCommand with id=1564979933065 timed out. Retrying.
2019-08-05 04:39:08,193 DEBUG block.SCMBlockDeletingService (SCMBlockDeletingService.java:call(138)) - Running DeletedBlockTransactionScanner
2019-08-05 04:39:08,193 DEBUG block.SCMBlockDeletingService (SCMBlockDeletingService.java:call(155)) - Scanned deleted blocks log and got 0 delTX to process.
2019-08-05 04:39:08,228 INFO  background.BlockDeletingService (BlockDeletingService.java:getTasks(123)) - Plan to choose 10 containers for block deletion, actually returns 1 valid containers.
2019-08-05 04:39:08,286 INFO  commands.RetriableDatanodeEventWatcher (RetriableDatanodeEventWatcher.java:onTimeout(47)) - RetriableDatanodeCommand type=deleteBlocksCommand with id=1564979933066 timed out. Retrying.
2019-08-05 04:39:08,293 DEBUG block.SCMBlockDeletingService (SCMBlockDeletingService.java:call(138)) - Running DeletedBlockTransactionScanner
2019-08-05 04:39:08,294 DEBUG block.SCMBlockDeletingService (SCMBlockDeletingService.java:call(155)) - Scanned deleted blocks log and got 0 delTX to process.
2019-08-05 04:39:08,321 INFO  commandhandler.DeleteBlocksCommandHandler (DeleteBlocksCommandHandler.java:handle(106)) - Start to delete container blocks, TXIDs=[1(0),2(0),3(0)], numOfContainers=3, numOfBlocks=553
2019-08-05 04:39:08,322 WARN  block.DeletedBlockLogImpl (DeletedBlockLogImpl.java:incrementCount(141)) - Deleted TXID not found.
2019-08-05 04:39:08,322 WARN  block.DeletedBlockLogImpl (DeletedBlockLogImpl.java:incrementCount(141)) - Deleted TXID not found.
2019-08-05 04:39:08,322 WARN  block.DeletedBlockLogImpl (DeletedBlockLogImpl.java:incrementCount(141)) - Deleted TXID not found.
2019-08-05 04:39:08,323 WARN  block.DeletedBlockLogImpl (DeletedBlockLogImpl.java:incrementCount(141)) - Deleted TXID not found.
2019-08-05 04:39:08,323 WARN  block.DeletedBlockLogImpl (DeletedBlockLogImpl.java:incrementCount(141)) - Deleted TXID not found.
2019-08-05 04:39:08,323 WARN  block.DeletedBlockLogImpl (DeletedBlockLogImpl.java:incrementCount(141)) - Deleted TXID not found.
2019-08-05 04:39:08,323 INFO  commandhandler.DeleteBlocksCommandHandler (DeleteBlocksCommandHandler.java:handle(106)) - Start to delete container blocks, TXIDs=[1(0),2(0),3(0)], numOfContainers=3, numOfBlocks=553
2019-08-05 04:39:08,324 INFO  commandhandler.DeleteBlocksCommandHandler (DeleteBlocksCommandHandler.java:handle(106)) - Start to delete container blocks, TXIDs=[1(0),2(0),3(0)], numOfContainers=3, numOfBlocks=553
2019-08-05 04:39:08,326 INFO  commandhandler.DeleteBlocksCommandHandler (DeleteBlocksCommandHandler.java:handle(106)) - Start to delete container blocks, TXIDs=[1(0),2(0),3(0)], numOfContainers=3, numOfBlocks=553
2019-08-05 04:39:08,327 INFO  commandhandler.DeleteBlocksCommandHandler (DeleteBlocksCommandHandler.java:handle(106)) - Start to delete container blocks, TXIDs=[1(0),2(0),3(0)], numOfContainers=3, numOfBlocks=553
2019-08-05 04:39:08,329 INFO  commandhandler.DeleteBlocksCommandHandler (DeleteBlocksCommandHandler.java:handle(106)) - Start to delete container blocks, TXIDs=[1(0),2(0),3(0)], numOfContainers=3, numOfBlocks=553
2019-08-05 04:39:08,330 INFO  commandhandler.DeleteBlocksCommandHandler (DeleteBlocksCommandHandler.java:handle(106)) - Start to delete container blocks, TXIDs=[1(932),2(932),3(932)], numOfContainers=3, numOfBlocks=553
2019-08-05 04:39:08,332 INFO  commandhandler.DeleteBlocksCommandHandler (DeleteBlocksCommandHandler.java:handle(106)) - Start to delete container blocks, TXIDs=[1(0),2(0),3(0)], numOfContainers=3, numOfBlocks=553
2019-08-05 04:39:08,333 INFO  commandhandler.DeleteBlocksCommandHandler (DeleteBlocksCommandHandler.java:handle(106)) - Start to delete container blocks, TXIDs=[1(1069),2(1069),3(1069)], numOfContainers=3, numOfBlocks=553
2019-08-05 04:39:08,335 INFO  commandhandler.DeleteBlocksCommandHandler (DeleteBlocksCommandHandler.java:handle(106)) - Start to delete container blocks, TXIDs=[1(0),2(0),3(0)], numOfContainers=3, numOfBlocks=553
2019-08-05 04:39:08,336 INFO  commandhandler.DeleteBlocksCommandHandler (DeleteBlocksCommandHandler.java:handle(106)) - Start to delete container blocks, TXIDs=[1(0),2(0),3(0)], numOfContainers=3, numOfBlocks=553
2019-08-05 04:39:08,337 INFO  commandhandler.DeleteBlocksCommandHandler (DeleteBlocksCommandHandler.java:handle(106)) - Start to delete container blocks, TXIDs=[1(0),2(0),3(0)], numOfContainers=3, numOfBlocks=553
2019-08-05 04:39:08,339 INFO  commandhandler.DeleteBlocksCommandHandler (DeleteBlocksCommandHandler.java:handle(106)) - Start to delete container blocks, TXIDs=[1(0),2(0),3(0)], numOfContainers=3, numOfBlocks=553
2019-08-05 04:39:08,340 INFO  commandhandler.DeleteBlocksCommandHandler (DeleteBlocksCommandHandler.java:handle(106)) - Start to delete container blocks, TXIDs=[1(0),2(0),3(0)], numOfContainers=3, numOfBlocks=553
2019-08-05 04:39:08,341 INFO  commandhandler.DeleteBlocksCommandHandler (DeleteBlocksCommandHandler.java:handle(106)) - Start to delete container blocks, TXIDs=[1(0),2(0),3(0)], numOfContainers=3, numOfBlocks=553
2019-08-05 04:39:08,343 INFO  commandhandler.DeleteBlocksCommandHandler (DeleteBlocksCommandHandler.java:handle(106)) - Start to delete container blocks, TXIDs=[1(940),2(940),3(940)], numOfContainers=3, numOfBlocks=553
2019-08-05 04:39:08,344 INFO  commandhandler.DeleteBlocksCommandHandler (DeleteBlocksCommandHandler.java:handle(106)) - Start to delete container blocks, TXIDs=[1(0),2(0),3(0)], numOfContainers=3, numOfBlocks=553
2019-08-05 04:39:08,345 INFO  commandhandler.DeleteBlocksCommandHandler (DeleteBlocksCommandHandler.java:handle(106)) - Start to delete container blocks, TXIDs=[1(0),2(0),3(0)], numOfContainers=3, numOfBlocks=553
2019-08-05 04:39:08,346 INFO  commandhandler.DeleteBlocksCommandHandler (DeleteBlocksCommandHandler.java:handle(106)) - Start to delete container blocks, TXIDs=[1(0),2(0),3(0)], numOfContainers=3, numOfBlocks=553
2019-08-05 04:39:08,347 INFO  commandhandler.DeleteBlocksCommandHandler (DeleteBlocksCommandHandler.java:handle(106)) - Start to delete container blocks, TXIDs=[1(0),2(0),3(0)], numOfContainers=3, numOfBlocks=553
2019-08-05 04:39:08,349 INFO  commandhandler.DeleteBlocksCommandHandler (DeleteBlocksCommandHandler.java:handle(106)) - Start to delete container blocks, TXIDs=[1(0),2(0),3(0)], numOfContainers=3, numOfBlocks=553
2019-08-05 04:39:08,350 INFO  commandhandler.DeleteBlocksCommandHandler (DeleteBlocksCommandHandler.java:handle(106)) - Start to delete container blocks, TXIDs=[1(773),2(773),3(773)], numOfContainers=3, numOfBlocks=553
2019-08-05 04:39:08,351 INFO  commandhandler.DeleteBlocksCommandHandler (DeleteBlocksCommandHandler.java:handle(106)) - Start to delete container blocks, TXIDs=[1(0),2(0),3(0)], numOfContainers=3, numOfBlocks=553
2019-08-05 04:39:08,352 INFO  commandhandler.DeleteBlocksCommandHandler (DeleteBlocksCommandHandler.java:handle(106)) - Start to delete container blocks, TXIDs=[1(0),2(0),3(0)], numOfContainers=3, numOfBlocks=553
2019-08-05 04:39:08,354 INFO  commandhandler.DeleteBlocksCommandHandler (DeleteBlocksCommandHandler.java:handle(106)) - Start to delete container blocks, TXIDs=[1(1069),2(1069),3(1069)], numOfContainers=3, numOfBlocks=553
2019-08-05 04:39:08,355 INFO  commandhandler.DeleteBlocksCommandHandler (DeleteBlocksCommandHandler.java:handle(106)) - Start to delete container blocks, TXIDs=[1(0),2(0),3(0)], numOfContainers=3, numOfBlocks=553
2019-08-05 04:39:08,356 INFO  commandhandler.DeleteBlocksCommandHandler (DeleteBlocksCommandHandler.java:handle(106)) - Start to delete container blocks, TXIDs=[1(0),2(0),3(0)], numOfContainers=3, numOfBlocks=553
2019-08-05 04:39:08,357 INFO  commandhandler.DeleteBlocksCommandHandler (DeleteBlocksCommandHandler.java:handle(106)) - Start to delete container blocks, TXIDs=[1(0),2(0),3(0)], numOfContainers=3, numOfBlocks=553
2019-08-05 04:39:08,358 INFO  commandhandler.DeleteBlocksCommandHandler (DeleteBlocksCommandHandler.java:handle(106)) - Start to delete container blocks, TXIDs=[1(0),2(0),3(0)], numOfContainers=3, numOfBlocks=553
2019-08-05 04:39:08,360 INFO  commandhandler.DeleteBlocksCommandHandler (DeleteBlocksCommandHandler.java:handle(106)) - Start to delete container blocks, TXIDs=[1(0),2(0),3(0)], numOfContainers=3, numOfBlocks=553
2019-08-05 04:39:08,361 INFO  commandhandler.DeleteBlocksCommandHandler (DeleteBlocksCommandHandler.java:handle(106)) - Start to delete container blocks, TXIDs=[1(956),2(956),3(956)], numOfContainers=3, numOfBlocks=553
2019-08-05 04:39:08,362 INFO  commandhandler.DeleteBlocksCommandHandler (DeleteBlocksCommandHandler.java:handle(106)) - Start to delete container blocks, TXIDs=[1(956),2(956),3(956)], numOfContainers=3, numOfBlocks=553
2019-08-05 04:39:08,363 INFO  commandhandler.DeleteBlocksCommandHandler (DeleteBlocksCommandHandler.java:handle(106)) - Start to delete container blocks, TXIDs=[1(1069),2(1069),3(1069)], numOfContainers=3, numOfBlocks=553
2019-08-05 04:39:08,364 INFO  commandhandler.DeleteBlocksCommandHandler (DeleteBlocksCommandHandler.java:handle(106)) - Start to delete container blocks, TXIDs=[1(1069),2(1069),3(1069)], numOfContainers=3, numOfBlocks=553
2019-08-05 04:39:08,394 DEBUG block.SCMBlockDeletingService (SCMBlockDeletingService.java:call(138)) - Running DeletedBlockTransactionScanner
2019-08-05 04:39:08,394 DEBUG block.SCMBlockDeletingService (SCMBlockDeletingService.java:call(155)) - Scanned deleted blocks log and got 0 delTX to process.
2019-08-05 04:39:08,432 INFO  background.BlockDeletingService (BlockDeletingService.java:call(246)) - Container: 3, deleted blocks: 184, task elapsed time: 204ms
]]></system-out>
    <system-err><![CDATA[ERROR StatusLogger No Log4j 2 configuration file found. Using default configuration (logging only errors to the console), or user programmatically provided configurations. Set system property 'log4j2.debug' to show Log4j 2 internal initialization logging. See https://logging.apache.org/log4j/2.x/manual/configuration.html for instructions on how to configure Log4j 2
Aug 05, 2019 4:37:24 AM com.sun.jersey.server.impl.application.WebApplicationImpl _initiate
INFO: Initiating Jersey application, version 'Jersey: 1.19 02/11/2015 03:25 AM'
Aug 05, 2019 4:38:58 AM com.sun.jersey.server.impl.application.WebApplicationImpl _initiate
INFO: Initiating Jersey application, version 'Jersey: 1.19 02/11/2015 03:25 AM'
]]></system-err>
  </testcase>
</testsuite>