<?xml version="1.0" encoding="UTF-8"?>
<testsuite xmlns:xsi="http://www.w3.org/2001/XMLSchema-instance" xsi:noNamespaceSchemaLocation="https://maven.apache.org/surefire/maven-surefire-plugin/xsd/surefire-test-report.xsd" name="org.apache.hadoop.ozone.TestStorageContainerManager" time="107.594" tests="9" errors="2" skipped="0" failures="1">
  <properties>
    <property name="awt.toolkit" value="sun.awt.X11.XToolkit"/>
    <property name="file.encoding.pkg" value="sun.io"/>
    <property name="java.specification.version" value="1.8"/>
    <property name="sun.cpu.isalist" value=""/>
    <property name="sun.jnu.encoding" value="UTF-8"/>
    <property name="java.class.path" value="/workdir/hadoop-ozone/integration-test/target/test-classes:/workdir/hadoop-ozone/integration-test/target/classes:/home/user/.m2/repository/org/apache/hadoop/hadoop-ozone-common/0.4.1-SNAPSHOT/hadoop-ozone-common-0.4.1-SNAPSHOT.jar:/home/user/.m2/repository/org/apache/commons/commons-compress/1.4.1/commons-compress-1.4.1.jar:/home/user/.m2/repository/org/tukaani/xz/1.0/xz-1.0.jar:/home/user/.m2/repository/org/apache/hadoop/hadoop-common/3.2.0/hadoop-common-3.2.0.jar:/home/user/.m2/repository/org/apache/hadoop/hadoop-hdfs/3.2.0/hadoop-hdfs-3.2.0.jar:/home/user/.m2/repository/org/apache/hadoop/hadoop-hdfs-client/3.2.0/hadoop-hdfs-client-3.2.0.jar:/home/user/.m2/repository/com/fasterxml/jackson/core/jackson-annotations/2.9.5/jackson-annotations-2.9.5.jar:/home/user/.m2/repository/org/apache/hadoop/hadoop-hdds-common/0.4.1-SNAPSHOT/hadoop-hdds-common-0.4.1-SNAPSHOT.jar:/home/user/.m2/repository/javax/annotation/javax.annotation-api/1.2/javax.annotation-api-1.2.jar:/home/user/.m2/repository/org/apache/ratis/ratis-server/0.4.0-2337318-SNAPSHOT/ratis-server-0.4.0-2337318-SNAPSHOT.jar:/home/user/.m2/repository/org/apache/ratis/ratis-thirdparty-misc/0.2.0/ratis-thirdparty-misc-0.2.0.jar:/home/user/.m2/repository/org/apache/ratis/ratis-proto/0.4.0-2337318-SNAPSHOT/ratis-proto-0.4.0-2337318-SNAPSHOT.jar:/home/user/.m2/repository/org/apache/ratis/ratis-common/0.4.0-2337318-SNAPSHOT/ratis-common-0.4.0-2337318-SNAPSHOT.jar:/home/user/.m2/repository/org/apache/ratis/ratis-client/0.4.0-2337318-SNAPSHOT/ratis-client-0.4.0-2337318-SNAPSHOT.jar:/home/user/.m2/repository/org/apache/ratis/ratis-metrics/0.4.0-2337318-SNAPSHOT/ratis-metrics-0.4.0-2337318-SNAPSHOT.jar:/home/user/.m2/repository/org/apache/ratis/ratis-netty/0.4.0-2337318-SNAPSHOT/ratis-netty-0.4.0-2337318-SNAPSHOT.jar:/home/user/.m2/repository/org/apache/ratis/ratis-grpc/0.4.0-2337318-SNAPSHOT/ratis-grpc-0.4.0-2337318-SNAPSHOT.jar:/home/user/.m2/repository/org/rocksdb/rocksdbjni/6.0.1/rocksdbjni-6.0.1.jar:/home/user/.m2/repository/org/apache/logging/log4j/log4j-api/2.11.0/log4j-api-2.11.0.jar:/home/user/.m2/repository/org/apache/logging/log4j/log4j-core/2.11.0/log4j-core-2.11.0.jar:/home/user/.m2/repository/com/lmax/disruptor/3.4.2/disruptor-3.4.2.jar:/home/user/.m2/repository/org/apache/commons/commons-pool2/2.6.0/commons-pool2-2.6.0.jar:/home/user/.m2/repository/org/bouncycastle/bcpkix-jdk15on/1.60/bcpkix-jdk15on-1.60.jar:/home/user/.m2/repository/commons-validator/commons-validator/1.6/commons-validator-1.6.jar:/home/user/.m2/repository/commons-digester/commons-digester/1.8.1/commons-digester-1.8.1.jar:/home/user/.m2/repository/io/jaegertracing/jaeger-client/0.33.1/jaeger-client-0.33.1.jar:/home/user/.m2/repository/io/jaegertracing/jaeger-thrift/0.33.1/jaeger-thrift-0.33.1.jar:/home/user/.m2/repository/org/apache/thrift/libthrift/0.11.0/libthrift-0.11.0.jar:/home/user/.m2/repository/com/squareup/okhttp3/okhttp/3.9.0/okhttp-3.9.0.jar:/home/user/.m2/repository/com/squareup/okio/okio/1.13.0/okio-1.13.0.jar:/home/user/.m2/repository/io/jaegertracing/jaeger-core/0.33.1/jaeger-core-0.33.1.jar:/home/user/.m2/repository/io/jaegertracing/jaeger-tracerresolver/0.33.1/jaeger-tracerresolver-0.33.1.jar:/home/user/.m2/repository/io/opentracing/contrib/opentracing-tracerresolver/0.1.5/opentracing-tracerresolver-0.1.5.jar:/home/user/.m2/repository/io/opentracing/opentracing-util/0.31.0/opentracing-util-0.31.0.jar:/home/user/.m2/repository/io/opentracing/opentracing-api/0.31.0/opentracing-api-0.31.0.jar:/home/user/.m2/repository/io/opentracing/opentracing-noop/0.31.0/opentracing-noop-0.31.0.jar:/home/user/.m2/repository/org/apache/hadoop/hadoop-hdds-server-framework/0.4.1-SNAPSHOT/hadoop-hdds-server-framework-0.4.1-SNAPSHOT.jar:/home/user/.m2/repository/org/apache/hadoop/hadoop-hdds-container-service/0.4.1-SNAPSHOT/hadoop-hdds-container-service-0.4.1-SNAPSHOT.jar:/home/user/.m2/repository/org/apache/hadoop/hadoop-hdds-client/0.4.1-SNAPSHOT/hadoop-hdds-client-0.4.1-SNAPSHOT.jar:/home/user/.m2/repository/org/apache/hadoop/hadoop-hdds-tools/0.4.1-SNAPSHOT/hadoop-hdds-tools-0.4.1-SNAPSHOT.jar:/home/user/.m2/repository/org/apache/hadoop/hadoop-hdds-server-scm/0.4.1-SNAPSHOT/hadoop-hdds-server-scm-0.4.1-SNAPSHOT.jar:/home/user/.m2/repository/org/apache/hadoop/hadoop-hdds-docs/0.4.1-SNAPSHOT/hadoop-hdds-docs-0.4.1-SNAPSHOT.jar:/home/user/.m2/repository/io/dropwizard/metrics/metrics-core/3.2.4/metrics-core-3.2.4.jar:/home/user/.m2/repository/org/hamcrest/hamcrest-all/1.3/hamcrest-all-1.3.jar:/home/user/.m2/repository/org/bouncycastle/bcprov-jdk15on/1.60/bcprov-jdk15on-1.60.jar:/home/user/.m2/repository/info/picocli/picocli/3.9.6/picocli-3.9.6.jar:/home/user/.m2/repository/com/google/protobuf/protobuf-java/2.5.0/protobuf-java-2.5.0.jar:/home/user/.m2/repository/com/google/guava/guava/11.0.2/guava-11.0.2.jar:/home/user/.m2/repository/org/apache/hadoop/hadoop-ozone-ozone-manager/0.4.1-SNAPSHOT/hadoop-ozone-ozone-manager-0.4.1-SNAPSHOT.jar:/home/user/.m2/repository/org/apache/hadoop/hadoop-minikdc/3.2.0/hadoop-minikdc-3.2.0.jar:/home/user/.m2/repository/commons-io/commons-io/2.5/commons-io-2.5.jar:/home/user/.m2/repository/org/apache/kerby/kerb-simplekdc/1.0.1/kerb-simplekdc-1.0.1.jar:/home/user/.m2/repository/org/apache/kerby/kerb-client/1.0.1/kerb-client-1.0.1.jar:/home/user/.m2/repository/org/apache/kerby/kerby-config/1.0.1/kerby-config-1.0.1.jar:/home/user/.m2/repository/org/apache/kerby/kerb-core/1.0.1/kerb-core-1.0.1.jar:/home/user/.m2/repository/org/apache/kerby/kerby-pkix/1.0.1/kerby-pkix-1.0.1.jar:/home/user/.m2/repository/org/apache/kerby/kerby-asn1/1.0.1/kerby-asn1-1.0.1.jar:/home/user/.m2/repository/org/apache/kerby/kerby-util/1.0.1/kerby-util-1.0.1.jar:/home/user/.m2/repository/org/apache/kerby/kerb-common/1.0.1/kerb-common-1.0.1.jar:/home/user/.m2/repository/org/apache/kerby/kerb-crypto/1.0.1/kerb-crypto-1.0.1.jar:/home/user/.m2/repository/org/apache/kerby/kerb-util/1.0.1/kerb-util-1.0.1.jar:/home/user/.m2/repository/org/apache/kerby/token-provider/1.0.1/token-provider-1.0.1.jar:/home/user/.m2/repository/org/apache/kerby/kerb-admin/1.0.1/kerb-admin-1.0.1.jar:/home/user/.m2/repository/org/apache/kerby/kerb-server/1.0.1/kerb-server-1.0.1.jar:/home/user/.m2/repository/org/apache/kerby/kerb-identity/1.0.1/kerb-identity-1.0.1.jar:/home/user/.m2/repository/org/apache/kerby/kerby-xdr/1.0.1/kerby-xdr-1.0.1.jar:/home/user/.m2/repository/org/slf4j/slf4j-log4j12/1.7.25/slf4j-log4j12-1.7.25.jar:/home/user/.m2/repository/org/apache/hadoop/hadoop-ozone-objectstore-service/0.4.1-SNAPSHOT/hadoop-ozone-objectstore-service-0.4.1-SNAPSHOT.jar:/home/user/.m2/repository/org/apache/hadoop/hadoop-ozone-s3gateway/0.4.1-SNAPSHOT/hadoop-ozone-s3gateway-0.4.1-SNAPSHOT.jar:/home/user/.m2/repository/org/jboss/weld/servlet/weld-servlet/2.4.7.Final/weld-servlet-2.4.7.Final.jar:/home/user/.m2/repository/org/glassfish/jersey/containers/jersey-container-servlet-core/2.27/jersey-container-servlet-core-2.27.jar:/home/user/.m2/repository/org/glassfish/hk2/external/javax.inject/2.5.0-b42/javax.inject-2.5.0-b42.jar:/home/user/.m2/repository/org/glassfish/jersey/core/jersey-common/2.27/jersey-common-2.27.jar:/home/user/.m2/repository/org/glassfish/hk2/osgi-resource-locator/1.0.1/osgi-resource-locator-1.0.1.jar:/home/user/.m2/repository/javax/ws/rs/javax.ws.rs-api/2.1/javax.ws.rs-api-2.1.jar:/home/user/.m2/repository/org/glassfish/jersey/ext/cdi/jersey-cdi1x/2.27/jersey-cdi1x-2.27.jar:/home/user/.m2/repository/org/glassfish/jersey/inject/jersey-hk2/2.27/jersey-hk2-2.27.jar:/home/user/.m2/repository/org/glassfish/hk2/hk2-locator/2.5.0-b42/hk2-locator-2.5.0-b42.jar:/home/user/.m2/repository/org/javassist/javassist/3.22.0-CR2/javassist-3.22.0-CR2.jar:/home/user/.m2/repository/org/glassfish/hk2/hk2-api/2.5.0/hk2-api-2.5.0.jar:/home/user/.m2/repository/org/glassfish/hk2/external/jakarta.inject/2.5.0/jakarta.inject-2.5.0.jar:/home/user/.m2/repository/org/glassfish/hk2/hk2-utils/2.5.0/hk2-utils-2.5.0.jar:/home/user/.m2/repository/jakarta/annotation/jakarta.annotation-api/1.3.4/jakarta.annotation-api-1.3.4.jar:/home/user/.m2/repository/org/glassfish/hk2/external/aopalliance-repackaged/2.5.0/aopalliance-repackaged-2.5.0.jar:/home/user/.m2/repository/com/fasterxml/jackson/dataformat/jackson-dataformat-xml/2.9.0/jackson-dataformat-xml-2.9.0.jar:/home/user/.m2/repository/com/fasterxml/jackson/core/jackson-core/2.9.5/jackson-core-2.9.5.jar:/home/user/.m2/repository/com/fasterxml/jackson/module/jackson-module-jaxb-annotations/2.9.5/jackson-module-jaxb-annotations-2.9.5.jar:/home/user/.m2/repository/javax/enterprise/cdi-api/1.2/cdi-api-1.2.jar:/home/user/.m2/repository/javax/el/javax.el-api/3.0.0/javax.el-api-3.0.0.jar:/home/user/.m2/repository/javax/interceptor/javax.interceptor-api/1.2/javax.interceptor-api-1.2.jar:/home/user/.m2/repository/javax/inject/javax.inject/1/javax.inject-1.jar:/home/user/.m2/repository/com/sun/xml/bind/jaxb-impl/2.3.0.1/jaxb-impl-2.3.0.1.jar:/home/user/.m2/repository/com/sun/xml/bind/jaxb-core/2.3.0.1/jaxb-core-2.3.0.1.jar:/home/user/.m2/repository/javax/xml/bind/jaxb-api/2.3.0/jaxb-api-2.3.0.jar:/home/user/.m2/repository/javax/activation/activation/1.1.1/activation-1.1.1.jar:/home/user/.m2/repository/org/apache/hadoop/hadoop-ozone-csi/0.4.1-SNAPSHOT/hadoop-ozone-csi-0.4.1-SNAPSHOT.jar:/home/user/.m2/repository/com/google/protobuf/protobuf-java-util/3.5.1/protobuf-java-util-3.5.1.jar:/home/user/.m2/repository/org/apache/hadoop/hadoop-hdds-config/0.4.1-SNAPSHOT/hadoop-hdds-config-0.4.1-SNAPSHOT.jar:/home/user/.m2/repository/io/grpc/grpc-netty/1.17.1/grpc-netty-1.17.1.jar:/home/user/.m2/repository/io/grpc/grpc-core/1.17.1/grpc-core-1.17.1.jar:/home/user/.m2/repository/io/grpc/grpc-context/1.17.1/grpc-context-1.17.1.jar:/home/user/.m2/repository/com/google/errorprone/error_prone_annotations/2.2.0/error_prone_annotations-2.2.0.jar:/home/user/.m2/repository/org/codehaus/mojo/animal-sniffer-annotations/1.17/animal-sniffer-annotations-1.17.jar:/home/user/.m2/repository/io/opencensus/opencensus-api/0.17.0/opencensus-api-0.17.0.jar:/home/user/.m2/repository/io/opencensus/opencensus-contrib-grpc-metrics/0.17.0/opencensus-contrib-grpc-metrics-0.17.0.jar:/home/user/.m2/repository/io/netty/netty-codec-http2/4.1.30.Final/netty-codec-http2-4.1.30.Final.jar:/home/user/.m2/repository/io/netty/netty-codec-http/4.1.30.Final/netty-codec-http-4.1.30.Final.jar:/home/user/.m2/repository/io/netty/netty-codec/4.1.30.Final/netty-codec-4.1.30.Final.jar:/home/user/.m2/repository/io/netty/netty-handler/4.1.30.Final/netty-handler-4.1.30.Final.jar:/home/user/.m2/repository/io/netty/netty-handler-proxy/4.1.30.Final/netty-handler-proxy-4.1.30.Final.jar:/home/user/.m2/repository/io/netty/netty-codec-socks/4.1.30.Final/netty-codec-socks-4.1.30.Final.jar:/home/user/.m2/repository/io/netty/netty-transport-native-epoll/4.1.30.Final/netty-transport-native-epoll-4.1.30.Final.jar:/home/user/.m2/repository/io/netty/netty-common/4.1.30.Final/netty-common-4.1.30.Final.jar:/home/user/.m2/repository/io/netty/netty-buffer/4.1.30.Final/netty-buffer-4.1.30.Final.jar:/home/user/.m2/repository/io/netty/netty-transport/4.1.30.Final/netty-transport-4.1.30.Final.jar:/home/user/.m2/repository/io/netty/netty-resolver/4.1.30.Final/netty-resolver-4.1.30.Final.jar:/home/user/.m2/repository/io/netty/netty-transport-native-unix-common/4.1.30.Final/netty-transport-native-unix-common-4.1.30.Final.jar:/home/user/.m2/repository/io/grpc/grpc-protobuf/1.17.1/grpc-protobuf-1.17.1.jar:/home/user/.m2/repository/com/google/api/grpc/proto-google-common-protos/1.0.0/proto-google-common-protos-1.0.0.jar:/home/user/.m2/repository/io/grpc/grpc-protobuf-lite/1.17.1/grpc-protobuf-lite-1.17.1.jar:/home/user/.m2/repository/io/grpc/grpc-stub/1.17.1/grpc-stub-1.17.1.jar:/home/user/.m2/repository/org/apache/hadoop/hadoop-ozone-recon/0.4.1-SNAPSHOT/hadoop-ozone-recon-0.4.1-SNAPSHOT.jar:/home/user/.m2/repository/org/apache/hadoop/hadoop-ozone-reconcodegen/0.4.1-SNAPSHOT/hadoop-ozone-reconcodegen-0.4.1-SNAPSHOT.jar:/home/user/.m2/repository/com/google/inject/extensions/guice-multibindings/4.0/guice-multibindings-4.0.jar:/home/user/.m2/repository/com/google/inject/guice/4.0/guice-4.0.jar:/home/user/.m2/repository/aopalliance/aopalliance/1.0/aopalliance-1.0.jar:/home/user/.m2/repository/com/google/inject/extensions/guice-servlet/4.0/guice-servlet-4.0.jar:/home/user/.m2/repository/org/glassfish/jersey/containers/jersey-container-servlet/2.27/jersey-container-servlet-2.27.jar:/home/user/.m2/repository/org/glassfish/hk2/guice-bridge/2.5.0/guice-bridge-2.5.0.jar:/home/user/.m2/repository/org/glassfish/jersey/core/jersey-server/2.27/jersey-server-2.27.jar:/home/user/.m2/repository/org/glassfish/jersey/core/jersey-client/2.27/jersey-client-2.27.jar:/home/user/.m2/repository/org/glassfish/jersey/media/jersey-media-jaxb/2.27/jersey-media-jaxb-2.27.jar:/home/user/.m2/repository/javax/validation/validation-api/1.1.0.Final/validation-api-1.1.0.Final.jar:/home/user/.m2/repository/org/glassfish/jersey/media/jersey-media-json-jackson/2.27/jersey-media-json-jackson-2.27.jar:/home/user/.m2/repository/org/glassfish/jersey/ext/jersey-entity-filtering/2.27/jersey-entity-filtering-2.27.jar:/home/user/.m2/repository/com/google/inject/extensions/guice-assistedinject/4.0/guice-assistedinject-4.0.jar:/home/user/.m2/repository/org/jooq/jooq/3.11.10/jooq-3.11.10.jar:/home/user/.m2/repository/org/jooq/jooq-meta/3.11.10/jooq-meta-3.11.10.jar:/home/user/.m2/repository/org/jooq/jooq-codegen/3.11.10/jooq-codegen-3.11.10.jar:/home/user/.m2/repository/com/jolbox/bonecp/0.8.0.RELEASE/bonecp-0.8.0.RELEASE.jar:/home/user/.m2/repository/org/xerial/sqlite-jdbc/3.25.2/sqlite-jdbc-3.25.2.jar:/home/user/.m2/repository/org/springframework/spring-jdbc/5.1.3.RELEASE/spring-jdbc-5.1.3.RELEASE.jar:/home/user/.m2/repository/org/springframework/spring-beans/5.1.3.RELEASE/spring-beans-5.1.3.RELEASE.jar:/home/user/.m2/repository/org/springframework/spring-core/5.1.3.RELEASE/spring-core-5.1.3.RELEASE.jar:/home/user/.m2/repository/org/springframework/spring-jcl/5.1.3.RELEASE/spring-jcl-5.1.3.RELEASE.jar:/home/user/.m2/repository/org/springframework/spring-tx/5.1.3.RELEASE/spring-tx-5.1.3.RELEASE.jar:/home/user/.m2/repository/org/apache/hadoop/hadoop-ozone-client/0.4.1-SNAPSHOT/hadoop-ozone-client-0.4.1-SNAPSHOT.jar:/home/user/.m2/repository/commons-lang/commons-lang/2.6/commons-lang-2.6.jar:/home/user/.m2/repository/org/apache/hadoop/hadoop-ozone-ozone-manager/0.4.1-SNAPSHOT/hadoop-ozone-ozone-manager-0.4.1-SNAPSHOT-tests.jar:/home/user/.m2/repository/junit/junit/4.11/junit-4.11.jar:/home/user/.m2/repository/org/hamcrest/hamcrest-core/1.3/hamcrest-core-1.3.jar:/home/user/.m2/repository/org/openjdk/jmh/jmh-core/1.19/jmh-core-1.19.jar:/home/user/.m2/repository/net/sf/jopt-simple/jopt-simple/4.6/jopt-simple-4.6.jar:/home/user/.m2/repository/org/apache/commons/commons-math3/3.1.1/commons-math3-3.1.1.jar:/home/user/.m2/repository/org/openjdk/jmh/jmh-generator-annprocess/1.19/jmh-generator-annprocess-1.19.jar:/home/user/.m2/repository/org/mockito/mockito-all/1.8.5/mockito-all-1.8.5.jar:/home/user/.m2/repository/org/apache/hadoop/hadoop-kms/3.2.0/hadoop-kms-3.2.0.jar:/home/user/.m2/repository/org/apache/hadoop/hadoop-auth/3.2.0/hadoop-auth-3.2.0.jar:/home/user/.m2/repository/com/nimbusds/nimbus-jose-jwt/4.41.1/nimbus-jose-jwt-4.41.1.jar:/home/user/.m2/repository/com/github/stephenc/jcip/jcip-annotations/1.0-1/jcip-annotations-1.0-1.jar:/home/user/.m2/repository/net/minidev/json-smart/2.3/json-smart-2.3.jar:/home/user/.m2/repository/net/minidev/accessors-smart/1.2/accessors-smart-1.2.jar:/home/user/.m2/repository/org/ow2/asm/asm/5.0.4/asm-5.0.4.jar:/home/user/.m2/repository/org/apache/curator/curator-framework/2.12.0/curator-framework-2.12.0.jar:/home/user/.m2/repository/com/sun/jersey/jersey-core/1.19/jersey-core-1.19.jar:/home/user/.m2/repository/javax/ws/rs/jsr311-api/1.1.1/jsr311-api-1.1.1.jar:/home/user/.m2/repository/com/sun/jersey/jersey-server/1.19/jersey-server-1.19.jar:/home/user/.m2/repository/javax/servlet/javax.servlet-api/3.1.0/javax.servlet-api-3.1.0.jar:/home/user/.m2/repository/org/eclipse/jetty/jetty-server/9.3.24.v20180605/jetty-server-9.3.24.v20180605.jar:/home/user/.m2/repository/org/eclipse/jetty/jetty-http/9.3.24.v20180605/jetty-http-9.3.24.v20180605.jar:/home/user/.m2/repository/org/eclipse/jetty/jetty-io/9.3.24.v20180605/jetty-io-9.3.24.v20180605.jar:/home/user/.m2/repository/org/eclipse/jetty/jetty-webapp/9.3.24.v20180605/jetty-webapp-9.3.24.v20180605.jar:/home/user/.m2/repository/org/eclipse/jetty/jetty-xml/9.3.24.v20180605/jetty-xml-9.3.24.v20180605.jar:/home/user/.m2/repository/log4j/log4j/1.2.17/log4j-1.2.17.jar:/home/user/.m2/repository/org/slf4j/slf4j-api/1.7.25/slf4j-api-1.7.25.jar:/home/user/.m2/repository/org/slf4j/jul-to-slf4j/1.7.25/jul-to-slf4j-1.7.25.jar:/home/user/.m2/repository/org/eclipse/jetty/jetty-util/9.3.24.v20180605/jetty-util-9.3.24.v20180605.jar:/home/user/.m2/repository/com/fasterxml/jackson/core/jackson-databind/2.9.5/jackson-databind-2.9.5.jar:/home/user/.m2/repository/org/apache/hadoop/hadoop-kms/3.2.0/hadoop-kms-3.2.0-tests.jar:/home/user/.m2/repository/org/apache/hadoop/hadoop-hdds-server-scm/0.4.1-SNAPSHOT/hadoop-hdds-server-scm-0.4.1-SNAPSHOT-tests.jar:/home/user/.m2/repository/org/apache/hadoop/hadoop-hdds-container-service/0.4.1-SNAPSHOT/hadoop-hdds-container-service-0.4.1-SNAPSHOT-tests.jar:/home/user/.m2/repository/org/yaml/snakeyaml/1.16/snakeyaml-1.16.jar:/home/user/.m2/repository/org/apache/hadoop/hadoop-common/3.2.0/hadoop-common-3.2.0-tests.jar:/home/user/.m2/repository/org/apache/hadoop/hadoop-annotations/3.2.0/hadoop-annotations-3.2.0.jar:/usr/lib/jvm/java-1.8-openjdk/jre/../lib/tools.jar:/home/user/.m2/repository/commons-cli/commons-cli/1.2/commons-cli-1.2.jar:/home/user/.m2/repository/org/apache/httpcomponents/httpclient/4.5.2/httpclient-4.5.2.jar:/home/user/.m2/repository/org/apache/httpcomponents/httpcore/4.4.4/httpcore-4.4.4.jar:/home/user/.m2/repository/commons-codec/commons-codec/1.11/commons-codec-1.11.jar:/home/user/.m2/repository/commons-net/commons-net/3.6/commons-net-3.6.jar:/home/user/.m2/repository/commons-collections/commons-collections/3.2.2/commons-collections-3.2.2.jar:/home/user/.m2/repository/org/eclipse/jetty/jetty-servlet/9.3.24.v20180605/jetty-servlet-9.3.24.v20180605.jar:/home/user/.m2/repository/org/eclipse/jetty/jetty-security/9.3.24.v20180605/jetty-security-9.3.24.v20180605.jar:/home/user/.m2/repository/javax/servlet/jsp/jsp-api/2.1/jsp-api-2.1.jar:/home/user/.m2/repository/com/sun/jersey/jersey-servlet/1.19/jersey-servlet-1.19.jar:/home/user/.m2/repository/com/sun/jersey/jersey-json/1.19/jersey-json-1.19.jar:/home/user/.m2/repository/org/codehaus/jettison/jettison/1.1/jettison-1.1.jar:/home/user/.m2/repository/org/codehaus/jackson/jackson-core-asl/1.9.13/jackson-core-asl-1.9.13.jar:/home/user/.m2/repository/org/codehaus/jackson/jackson-mapper-asl/1.9.13/jackson-mapper-asl-1.9.13.jar:/home/user/.m2/repository/org/codehaus/jackson/jackson-jaxrs/1.9.13/jackson-jaxrs-1.9.13.jar:/home/user/.m2/repository/org/codehaus/jackson/jackson-xc/1.9.13/jackson-xc-1.9.13.jar:/home/user/.m2/repository/commons-logging/commons-logging/1.1.3/commons-logging-1.1.3.jar:/home/user/.m2/repository/commons-beanutils/commons-beanutils/1.9.3/commons-beanutils-1.9.3.jar:/home/user/.m2/repository/org/apache/commons/commons-configuration2/2.1.1/commons-configuration2-2.1.1.jar:/home/user/.m2/repository/org/apache/commons/commons-lang3/3.7/commons-lang3-3.7.jar:/home/user/.m2/repository/org/apache/commons/commons-text/1.4/commons-text-1.4.jar:/home/user/.m2/repository/org/apache/avro/avro/1.7.7/avro-1.7.7.jar:/home/user/.m2/repository/com/thoughtworks/paranamer/paranamer/2.3/paranamer-2.3.jar:/home/user/.m2/repository/org/xerial/snappy/snappy-java/1.0.5/snappy-java-1.0.5.jar:/home/user/.m2/repository/com/google/re2j/re2j/1.1/re2j-1.1.jar:/home/user/.m2/repository/com/google/code/gson/gson/2.2.4/gson-2.2.4.jar:/home/user/.m2/repository/com/jcraft/jsch/0.1.54/jsch-0.1.54.jar:/home/user/.m2/repository/org/apache/curator/curator-client/2.12.0/curator-client-2.12.0.jar:/home/user/.m2/repository/org/apache/curator/curator-recipes/2.12.0/curator-recipes-2.12.0.jar:/home/user/.m2/repository/com/google/code/findbugs/jsr305/3.0.0/jsr305-3.0.0.jar:/home/user/.m2/repository/org/apache/htrace/htrace-core4/4.1.0-incubating/htrace-core4-4.1.0-incubating.jar:/home/user/.m2/repository/org/apache/zookeeper/zookeeper/3.4.13/zookeeper-3.4.13.jar:/home/user/.m2/repository/org/apache/yetus/audience-annotations/0.5.0/audience-annotations-0.5.0.jar:/home/user/.m2/repository/org/codehaus/woodstox/stax2-api/3.1.4/stax2-api-3.1.4.jar:/home/user/.m2/repository/com/fasterxml/woodstox/woodstox-core/5.0.3/woodstox-core-5.0.3.jar:/home/user/.m2/repository/dnsjava/dnsjava/2.1.7/dnsjava-2.1.7.jar:/home/user/.m2/repository/org/apache/hadoop/hadoop-hdfs/3.2.0/hadoop-hdfs-3.2.0-tests.jar:/home/user/.m2/repository/org/eclipse/jetty/jetty-util-ajax/9.3.24.v20180605/jetty-util-ajax-9.3.24.v20180605.jar:/home/user/.m2/repository/commons-daemon/commons-daemon/1.0.13/commons-daemon-1.0.13.jar:/home/user/.m2/repository/io/netty/netty/3.10.5.Final/netty-3.10.5.Final.jar:/home/user/.m2/repository/io/netty/netty-all/4.0.52.Final/netty-all-4.0.52.Final.jar:/home/user/.m2/repository/org/fusesource/leveldbjni/leveldbjni-all/1.8/leveldbjni-all-1.8.jar:"/>
    <property name="java.vm.vendor" value="IcedTea"/>
    <property name="sun.arch.data.model" value="64"/>
    <property name="test.build.dir" value="/workdir/hadoop-ozone/integration-test/target/test-dir"/>
    <property name="test.cache.data" value=""/>
    <property name="java.vendor.url" value="https://icedtea.classpath.org"/>
    <property name="user.timezone" value=""/>
    <property name="java.vm.specification.version" value="1.8"/>
    <property name="os.name" value="Linux"/>
    <property name="test.build.data" value="/workdir/hadoop-ozone/integration-test/target/test-dir"/>
    <property name="user.country" value="US"/>
    <property name="sun.java.launcher" value="SUN_STANDARD"/>
    <property name="sun.boot.library.path" value="/usr/lib/jvm/java-1.8-openjdk/jre/lib/amd64"/>
    <property name="sun.java.command" value="/workdir/hadoop-ozone/integration-test/target/surefire/surefirebooter9067024976684383868.jar /workdir/hadoop-ozone/integration-test/target/surefire 2019-08-05T03-13-02_549-jvmRun1 surefire331821811033079647tmp surefire_784486057605267210101tmp"/>
    <property name="surefire.test.class.path" value="/workdir/hadoop-ozone/integration-test/target/test-classes:/workdir/hadoop-ozone/integration-test/target/classes:/home/user/.m2/repository/org/apache/hadoop/hadoop-ozone-common/0.4.1-SNAPSHOT/hadoop-ozone-common-0.4.1-SNAPSHOT.jar:/home/user/.m2/repository/org/apache/commons/commons-compress/1.4.1/commons-compress-1.4.1.jar:/home/user/.m2/repository/org/tukaani/xz/1.0/xz-1.0.jar:/home/user/.m2/repository/org/apache/hadoop/hadoop-common/3.2.0/hadoop-common-3.2.0.jar:/home/user/.m2/repository/org/apache/hadoop/hadoop-hdfs/3.2.0/hadoop-hdfs-3.2.0.jar:/home/user/.m2/repository/org/apache/hadoop/hadoop-hdfs-client/3.2.0/hadoop-hdfs-client-3.2.0.jar:/home/user/.m2/repository/com/fasterxml/jackson/core/jackson-annotations/2.9.5/jackson-annotations-2.9.5.jar:/home/user/.m2/repository/org/apache/hadoop/hadoop-hdds-common/0.4.1-SNAPSHOT/hadoop-hdds-common-0.4.1-SNAPSHOT.jar:/home/user/.m2/repository/javax/annotation/javax.annotation-api/1.2/javax.annotation-api-1.2.jar:/home/user/.m2/repository/org/apache/ratis/ratis-server/0.4.0-2337318-SNAPSHOT/ratis-server-0.4.0-2337318-SNAPSHOT.jar:/home/user/.m2/repository/org/apache/ratis/ratis-thirdparty-misc/0.2.0/ratis-thirdparty-misc-0.2.0.jar:/home/user/.m2/repository/org/apache/ratis/ratis-proto/0.4.0-2337318-SNAPSHOT/ratis-proto-0.4.0-2337318-SNAPSHOT.jar:/home/user/.m2/repository/org/apache/ratis/ratis-common/0.4.0-2337318-SNAPSHOT/ratis-common-0.4.0-2337318-SNAPSHOT.jar:/home/user/.m2/repository/org/apache/ratis/ratis-client/0.4.0-2337318-SNAPSHOT/ratis-client-0.4.0-2337318-SNAPSHOT.jar:/home/user/.m2/repository/org/apache/ratis/ratis-metrics/0.4.0-2337318-SNAPSHOT/ratis-metrics-0.4.0-2337318-SNAPSHOT.jar:/home/user/.m2/repository/org/apache/ratis/ratis-netty/0.4.0-2337318-SNAPSHOT/ratis-netty-0.4.0-2337318-SNAPSHOT.jar:/home/user/.m2/repository/org/apache/ratis/ratis-grpc/0.4.0-2337318-SNAPSHOT/ratis-grpc-0.4.0-2337318-SNAPSHOT.jar:/home/user/.m2/repository/org/rocksdb/rocksdbjni/6.0.1/rocksdbjni-6.0.1.jar:/home/user/.m2/repository/org/apache/logging/log4j/log4j-api/2.11.0/log4j-api-2.11.0.jar:/home/user/.m2/repository/org/apache/logging/log4j/log4j-core/2.11.0/log4j-core-2.11.0.jar:/home/user/.m2/repository/com/lmax/disruptor/3.4.2/disruptor-3.4.2.jar:/home/user/.m2/repository/org/apache/commons/commons-pool2/2.6.0/commons-pool2-2.6.0.jar:/home/user/.m2/repository/org/bouncycastle/bcpkix-jdk15on/1.60/bcpkix-jdk15on-1.60.jar:/home/user/.m2/repository/commons-validator/commons-validator/1.6/commons-validator-1.6.jar:/home/user/.m2/repository/commons-digester/commons-digester/1.8.1/commons-digester-1.8.1.jar:/home/user/.m2/repository/io/jaegertracing/jaeger-client/0.33.1/jaeger-client-0.33.1.jar:/home/user/.m2/repository/io/jaegertracing/jaeger-thrift/0.33.1/jaeger-thrift-0.33.1.jar:/home/user/.m2/repository/org/apache/thrift/libthrift/0.11.0/libthrift-0.11.0.jar:/home/user/.m2/repository/com/squareup/okhttp3/okhttp/3.9.0/okhttp-3.9.0.jar:/home/user/.m2/repository/com/squareup/okio/okio/1.13.0/okio-1.13.0.jar:/home/user/.m2/repository/io/jaegertracing/jaeger-core/0.33.1/jaeger-core-0.33.1.jar:/home/user/.m2/repository/io/jaegertracing/jaeger-tracerresolver/0.33.1/jaeger-tracerresolver-0.33.1.jar:/home/user/.m2/repository/io/opentracing/contrib/opentracing-tracerresolver/0.1.5/opentracing-tracerresolver-0.1.5.jar:/home/user/.m2/repository/io/opentracing/opentracing-util/0.31.0/opentracing-util-0.31.0.jar:/home/user/.m2/repository/io/opentracing/opentracing-api/0.31.0/opentracing-api-0.31.0.jar:/home/user/.m2/repository/io/opentracing/opentracing-noop/0.31.0/opentracing-noop-0.31.0.jar:/home/user/.m2/repository/org/apache/hadoop/hadoop-hdds-server-framework/0.4.1-SNAPSHOT/hadoop-hdds-server-framework-0.4.1-SNAPSHOT.jar:/home/user/.m2/repository/org/apache/hadoop/hadoop-hdds-container-service/0.4.1-SNAPSHOT/hadoop-hdds-container-service-0.4.1-SNAPSHOT.jar:/home/user/.m2/repository/org/apache/hadoop/hadoop-hdds-client/0.4.1-SNAPSHOT/hadoop-hdds-client-0.4.1-SNAPSHOT.jar:/home/user/.m2/repository/org/apache/hadoop/hadoop-hdds-tools/0.4.1-SNAPSHOT/hadoop-hdds-tools-0.4.1-SNAPSHOT.jar:/home/user/.m2/repository/org/apache/hadoop/hadoop-hdds-server-scm/0.4.1-SNAPSHOT/hadoop-hdds-server-scm-0.4.1-SNAPSHOT.jar:/home/user/.m2/repository/org/apache/hadoop/hadoop-hdds-docs/0.4.1-SNAPSHOT/hadoop-hdds-docs-0.4.1-SNAPSHOT.jar:/home/user/.m2/repository/io/dropwizard/metrics/metrics-core/3.2.4/metrics-core-3.2.4.jar:/home/user/.m2/repository/org/hamcrest/hamcrest-all/1.3/hamcrest-all-1.3.jar:/home/user/.m2/repository/org/bouncycastle/bcprov-jdk15on/1.60/bcprov-jdk15on-1.60.jar:/home/user/.m2/repository/info/picocli/picocli/3.9.6/picocli-3.9.6.jar:/home/user/.m2/repository/com/google/protobuf/protobuf-java/2.5.0/protobuf-java-2.5.0.jar:/home/user/.m2/repository/com/google/guava/guava/11.0.2/guava-11.0.2.jar:/home/user/.m2/repository/org/apache/hadoop/hadoop-ozone-ozone-manager/0.4.1-SNAPSHOT/hadoop-ozone-ozone-manager-0.4.1-SNAPSHOT.jar:/home/user/.m2/repository/org/apache/hadoop/hadoop-minikdc/3.2.0/hadoop-minikdc-3.2.0.jar:/home/user/.m2/repository/commons-io/commons-io/2.5/commons-io-2.5.jar:/home/user/.m2/repository/org/apache/kerby/kerb-simplekdc/1.0.1/kerb-simplekdc-1.0.1.jar:/home/user/.m2/repository/org/apache/kerby/kerb-client/1.0.1/kerb-client-1.0.1.jar:/home/user/.m2/repository/org/apache/kerby/kerby-config/1.0.1/kerby-config-1.0.1.jar:/home/user/.m2/repository/org/apache/kerby/kerb-core/1.0.1/kerb-core-1.0.1.jar:/home/user/.m2/repository/org/apache/kerby/kerby-pkix/1.0.1/kerby-pkix-1.0.1.jar:/home/user/.m2/repository/org/apache/kerby/kerby-asn1/1.0.1/kerby-asn1-1.0.1.jar:/home/user/.m2/repository/org/apache/kerby/kerby-util/1.0.1/kerby-util-1.0.1.jar:/home/user/.m2/repository/org/apache/kerby/kerb-common/1.0.1/kerb-common-1.0.1.jar:/home/user/.m2/repository/org/apache/kerby/kerb-crypto/1.0.1/kerb-crypto-1.0.1.jar:/home/user/.m2/repository/org/apache/kerby/kerb-util/1.0.1/kerb-util-1.0.1.jar:/home/user/.m2/repository/org/apache/kerby/token-provider/1.0.1/token-provider-1.0.1.jar:/home/user/.m2/repository/org/apache/kerby/kerb-admin/1.0.1/kerb-admin-1.0.1.jar:/home/user/.m2/repository/org/apache/kerby/kerb-server/1.0.1/kerb-server-1.0.1.jar:/home/user/.m2/repository/org/apache/kerby/kerb-identity/1.0.1/kerb-identity-1.0.1.jar:/home/user/.m2/repository/org/apache/kerby/kerby-xdr/1.0.1/kerby-xdr-1.0.1.jar:/home/user/.m2/repository/org/slf4j/slf4j-log4j12/1.7.25/slf4j-log4j12-1.7.25.jar:/home/user/.m2/repository/org/apache/hadoop/hadoop-ozone-objectstore-service/0.4.1-SNAPSHOT/hadoop-ozone-objectstore-service-0.4.1-SNAPSHOT.jar:/home/user/.m2/repository/org/apache/hadoop/hadoop-ozone-s3gateway/0.4.1-SNAPSHOT/hadoop-ozone-s3gateway-0.4.1-SNAPSHOT.jar:/home/user/.m2/repository/org/jboss/weld/servlet/weld-servlet/2.4.7.Final/weld-servlet-2.4.7.Final.jar:/home/user/.m2/repository/org/glassfish/jersey/containers/jersey-container-servlet-core/2.27/jersey-container-servlet-core-2.27.jar:/home/user/.m2/repository/org/glassfish/hk2/external/javax.inject/2.5.0-b42/javax.inject-2.5.0-b42.jar:/home/user/.m2/repository/org/glassfish/jersey/core/jersey-common/2.27/jersey-common-2.27.jar:/home/user/.m2/repository/org/glassfish/hk2/osgi-resource-locator/1.0.1/osgi-resource-locator-1.0.1.jar:/home/user/.m2/repository/javax/ws/rs/javax.ws.rs-api/2.1/javax.ws.rs-api-2.1.jar:/home/user/.m2/repository/org/glassfish/jersey/ext/cdi/jersey-cdi1x/2.27/jersey-cdi1x-2.27.jar:/home/user/.m2/repository/org/glassfish/jersey/inject/jersey-hk2/2.27/jersey-hk2-2.27.jar:/home/user/.m2/repository/org/glassfish/hk2/hk2-locator/2.5.0-b42/hk2-locator-2.5.0-b42.jar:/home/user/.m2/repository/org/javassist/javassist/3.22.0-CR2/javassist-3.22.0-CR2.jar:/home/user/.m2/repository/org/glassfish/hk2/hk2-api/2.5.0/hk2-api-2.5.0.jar:/home/user/.m2/repository/org/glassfish/hk2/external/jakarta.inject/2.5.0/jakarta.inject-2.5.0.jar:/home/user/.m2/repository/org/glassfish/hk2/hk2-utils/2.5.0/hk2-utils-2.5.0.jar:/home/user/.m2/repository/jakarta/annotation/jakarta.annotation-api/1.3.4/jakarta.annotation-api-1.3.4.jar:/home/user/.m2/repository/org/glassfish/hk2/external/aopalliance-repackaged/2.5.0/aopalliance-repackaged-2.5.0.jar:/home/user/.m2/repository/com/fasterxml/jackson/dataformat/jackson-dataformat-xml/2.9.0/jackson-dataformat-xml-2.9.0.jar:/home/user/.m2/repository/com/fasterxml/jackson/core/jackson-core/2.9.5/jackson-core-2.9.5.jar:/home/user/.m2/repository/com/fasterxml/jackson/module/jackson-module-jaxb-annotations/2.9.5/jackson-module-jaxb-annotations-2.9.5.jar:/home/user/.m2/repository/javax/enterprise/cdi-api/1.2/cdi-api-1.2.jar:/home/user/.m2/repository/javax/el/javax.el-api/3.0.0/javax.el-api-3.0.0.jar:/home/user/.m2/repository/javax/interceptor/javax.interceptor-api/1.2/javax.interceptor-api-1.2.jar:/home/user/.m2/repository/javax/inject/javax.inject/1/javax.inject-1.jar:/home/user/.m2/repository/com/sun/xml/bind/jaxb-impl/2.3.0.1/jaxb-impl-2.3.0.1.jar:/home/user/.m2/repository/com/sun/xml/bind/jaxb-core/2.3.0.1/jaxb-core-2.3.0.1.jar:/home/user/.m2/repository/javax/xml/bind/jaxb-api/2.3.0/jaxb-api-2.3.0.jar:/home/user/.m2/repository/javax/activation/activation/1.1.1/activation-1.1.1.jar:/home/user/.m2/repository/org/apache/hadoop/hadoop-ozone-csi/0.4.1-SNAPSHOT/hadoop-ozone-csi-0.4.1-SNAPSHOT.jar:/home/user/.m2/repository/com/google/protobuf/protobuf-java-util/3.5.1/protobuf-java-util-3.5.1.jar:/home/user/.m2/repository/org/apache/hadoop/hadoop-hdds-config/0.4.1-SNAPSHOT/hadoop-hdds-config-0.4.1-SNAPSHOT.jar:/home/user/.m2/repository/io/grpc/grpc-netty/1.17.1/grpc-netty-1.17.1.jar:/home/user/.m2/repository/io/grpc/grpc-core/1.17.1/grpc-core-1.17.1.jar:/home/user/.m2/repository/io/grpc/grpc-context/1.17.1/grpc-context-1.17.1.jar:/home/user/.m2/repository/com/google/errorprone/error_prone_annotations/2.2.0/error_prone_annotations-2.2.0.jar:/home/user/.m2/repository/org/codehaus/mojo/animal-sniffer-annotations/1.17/animal-sniffer-annotations-1.17.jar:/home/user/.m2/repository/io/opencensus/opencensus-api/0.17.0/opencensus-api-0.17.0.jar:/home/user/.m2/repository/io/opencensus/opencensus-contrib-grpc-metrics/0.17.0/opencensus-contrib-grpc-metrics-0.17.0.jar:/home/user/.m2/repository/io/netty/netty-codec-http2/4.1.30.Final/netty-codec-http2-4.1.30.Final.jar:/home/user/.m2/repository/io/netty/netty-codec-http/4.1.30.Final/netty-codec-http-4.1.30.Final.jar:/home/user/.m2/repository/io/netty/netty-codec/4.1.30.Final/netty-codec-4.1.30.Final.jar:/home/user/.m2/repository/io/netty/netty-handler/4.1.30.Final/netty-handler-4.1.30.Final.jar:/home/user/.m2/repository/io/netty/netty-handler-proxy/4.1.30.Final/netty-handler-proxy-4.1.30.Final.jar:/home/user/.m2/repository/io/netty/netty-codec-socks/4.1.30.Final/netty-codec-socks-4.1.30.Final.jar:/home/user/.m2/repository/io/netty/netty-transport-native-epoll/4.1.30.Final/netty-transport-native-epoll-4.1.30.Final.jar:/home/user/.m2/repository/io/netty/netty-common/4.1.30.Final/netty-common-4.1.30.Final.jar:/home/user/.m2/repository/io/netty/netty-buffer/4.1.30.Final/netty-buffer-4.1.30.Final.jar:/home/user/.m2/repository/io/netty/netty-transport/4.1.30.Final/netty-transport-4.1.30.Final.jar:/home/user/.m2/repository/io/netty/netty-resolver/4.1.30.Final/netty-resolver-4.1.30.Final.jar:/home/user/.m2/repository/io/netty/netty-transport-native-unix-common/4.1.30.Final/netty-transport-native-unix-common-4.1.30.Final.jar:/home/user/.m2/repository/io/grpc/grpc-protobuf/1.17.1/grpc-protobuf-1.17.1.jar:/home/user/.m2/repository/com/google/api/grpc/proto-google-common-protos/1.0.0/proto-google-common-protos-1.0.0.jar:/home/user/.m2/repository/io/grpc/grpc-protobuf-lite/1.17.1/grpc-protobuf-lite-1.17.1.jar:/home/user/.m2/repository/io/grpc/grpc-stub/1.17.1/grpc-stub-1.17.1.jar:/home/user/.m2/repository/org/apache/hadoop/hadoop-ozone-recon/0.4.1-SNAPSHOT/hadoop-ozone-recon-0.4.1-SNAPSHOT.jar:/home/user/.m2/repository/org/apache/hadoop/hadoop-ozone-reconcodegen/0.4.1-SNAPSHOT/hadoop-ozone-reconcodegen-0.4.1-SNAPSHOT.jar:/home/user/.m2/repository/com/google/inject/extensions/guice-multibindings/4.0/guice-multibindings-4.0.jar:/home/user/.m2/repository/com/google/inject/guice/4.0/guice-4.0.jar:/home/user/.m2/repository/aopalliance/aopalliance/1.0/aopalliance-1.0.jar:/home/user/.m2/repository/com/google/inject/extensions/guice-servlet/4.0/guice-servlet-4.0.jar:/home/user/.m2/repository/org/glassfish/jersey/containers/jersey-container-servlet/2.27/jersey-container-servlet-2.27.jar:/home/user/.m2/repository/org/glassfish/hk2/guice-bridge/2.5.0/guice-bridge-2.5.0.jar:/home/user/.m2/repository/org/glassfish/jersey/core/jersey-server/2.27/jersey-server-2.27.jar:/home/user/.m2/repository/org/glassfish/jersey/core/jersey-client/2.27/jersey-client-2.27.jar:/home/user/.m2/repository/org/glassfish/jersey/media/jersey-media-jaxb/2.27/jersey-media-jaxb-2.27.jar:/home/user/.m2/repository/javax/validation/validation-api/1.1.0.Final/validation-api-1.1.0.Final.jar:/home/user/.m2/repository/org/glassfish/jersey/media/jersey-media-json-jackson/2.27/jersey-media-json-jackson-2.27.jar:/home/user/.m2/repository/org/glassfish/jersey/ext/jersey-entity-filtering/2.27/jersey-entity-filtering-2.27.jar:/home/user/.m2/repository/com/google/inject/extensions/guice-assistedinject/4.0/guice-assistedinject-4.0.jar:/home/user/.m2/repository/org/jooq/jooq/3.11.10/jooq-3.11.10.jar:/home/user/.m2/repository/org/jooq/jooq-meta/3.11.10/jooq-meta-3.11.10.jar:/home/user/.m2/repository/org/jooq/jooq-codegen/3.11.10/jooq-codegen-3.11.10.jar:/home/user/.m2/repository/com/jolbox/bonecp/0.8.0.RELEASE/bonecp-0.8.0.RELEASE.jar:/home/user/.m2/repository/org/xerial/sqlite-jdbc/3.25.2/sqlite-jdbc-3.25.2.jar:/home/user/.m2/repository/org/springframework/spring-jdbc/5.1.3.RELEASE/spring-jdbc-5.1.3.RELEASE.jar:/home/user/.m2/repository/org/springframework/spring-beans/5.1.3.RELEASE/spring-beans-5.1.3.RELEASE.jar:/home/user/.m2/repository/org/springframework/spring-core/5.1.3.RELEASE/spring-core-5.1.3.RELEASE.jar:/home/user/.m2/repository/org/springframework/spring-jcl/5.1.3.RELEASE/spring-jcl-5.1.3.RELEASE.jar:/home/user/.m2/repository/org/springframework/spring-tx/5.1.3.RELEASE/spring-tx-5.1.3.RELEASE.jar:/home/user/.m2/repository/org/apache/hadoop/hadoop-ozone-client/0.4.1-SNAPSHOT/hadoop-ozone-client-0.4.1-SNAPSHOT.jar:/home/user/.m2/repository/commons-lang/commons-lang/2.6/commons-lang-2.6.jar:/home/user/.m2/repository/org/apache/hadoop/hadoop-ozone-ozone-manager/0.4.1-SNAPSHOT/hadoop-ozone-ozone-manager-0.4.1-SNAPSHOT-tests.jar:/home/user/.m2/repository/junit/junit/4.11/junit-4.11.jar:/home/user/.m2/repository/org/hamcrest/hamcrest-core/1.3/hamcrest-core-1.3.jar:/home/user/.m2/repository/org/openjdk/jmh/jmh-core/1.19/jmh-core-1.19.jar:/home/user/.m2/repository/net/sf/jopt-simple/jopt-simple/4.6/jopt-simple-4.6.jar:/home/user/.m2/repository/org/apache/commons/commons-math3/3.1.1/commons-math3-3.1.1.jar:/home/user/.m2/repository/org/openjdk/jmh/jmh-generator-annprocess/1.19/jmh-generator-annprocess-1.19.jar:/home/user/.m2/repository/org/mockito/mockito-all/1.8.5/mockito-all-1.8.5.jar:/home/user/.m2/repository/org/apache/hadoop/hadoop-kms/3.2.0/hadoop-kms-3.2.0.jar:/home/user/.m2/repository/org/apache/hadoop/hadoop-auth/3.2.0/hadoop-auth-3.2.0.jar:/home/user/.m2/repository/com/nimbusds/nimbus-jose-jwt/4.41.1/nimbus-jose-jwt-4.41.1.jar:/home/user/.m2/repository/com/github/stephenc/jcip/jcip-annotations/1.0-1/jcip-annotations-1.0-1.jar:/home/user/.m2/repository/net/minidev/json-smart/2.3/json-smart-2.3.jar:/home/user/.m2/repository/net/minidev/accessors-smart/1.2/accessors-smart-1.2.jar:/home/user/.m2/repository/org/ow2/asm/asm/5.0.4/asm-5.0.4.jar:/home/user/.m2/repository/org/apache/curator/curator-framework/2.12.0/curator-framework-2.12.0.jar:/home/user/.m2/repository/com/sun/jersey/jersey-core/1.19/jersey-core-1.19.jar:/home/user/.m2/repository/javax/ws/rs/jsr311-api/1.1.1/jsr311-api-1.1.1.jar:/home/user/.m2/repository/com/sun/jersey/jersey-server/1.19/jersey-server-1.19.jar:/home/user/.m2/repository/javax/servlet/javax.servlet-api/3.1.0/javax.servlet-api-3.1.0.jar:/home/user/.m2/repository/org/eclipse/jetty/jetty-server/9.3.24.v20180605/jetty-server-9.3.24.v20180605.jar:/home/user/.m2/repository/org/eclipse/jetty/jetty-http/9.3.24.v20180605/jetty-http-9.3.24.v20180605.jar:/home/user/.m2/repository/org/eclipse/jetty/jetty-io/9.3.24.v20180605/jetty-io-9.3.24.v20180605.jar:/home/user/.m2/repository/org/eclipse/jetty/jetty-webapp/9.3.24.v20180605/jetty-webapp-9.3.24.v20180605.jar:/home/user/.m2/repository/org/eclipse/jetty/jetty-xml/9.3.24.v20180605/jetty-xml-9.3.24.v20180605.jar:/home/user/.m2/repository/log4j/log4j/1.2.17/log4j-1.2.17.jar:/home/user/.m2/repository/org/slf4j/slf4j-api/1.7.25/slf4j-api-1.7.25.jar:/home/user/.m2/repository/org/slf4j/jul-to-slf4j/1.7.25/jul-to-slf4j-1.7.25.jar:/home/user/.m2/repository/org/eclipse/jetty/jetty-util/9.3.24.v20180605/jetty-util-9.3.24.v20180605.jar:/home/user/.m2/repository/com/fasterxml/jackson/core/jackson-databind/2.9.5/jackson-databind-2.9.5.jar:/home/user/.m2/repository/org/apache/hadoop/hadoop-kms/3.2.0/hadoop-kms-3.2.0-tests.jar:/home/user/.m2/repository/org/apache/hadoop/hadoop-hdds-server-scm/0.4.1-SNAPSHOT/hadoop-hdds-server-scm-0.4.1-SNAPSHOT-tests.jar:/home/user/.m2/repository/org/apache/hadoop/hadoop-hdds-container-service/0.4.1-SNAPSHOT/hadoop-hdds-container-service-0.4.1-SNAPSHOT-tests.jar:/home/user/.m2/repository/org/yaml/snakeyaml/1.16/snakeyaml-1.16.jar:/home/user/.m2/repository/org/apache/hadoop/hadoop-common/3.2.0/hadoop-common-3.2.0-tests.jar:/home/user/.m2/repository/org/apache/hadoop/hadoop-annotations/3.2.0/hadoop-annotations-3.2.0.jar:/usr/lib/jvm/java-1.8-openjdk/jre/../lib/tools.jar:/home/user/.m2/repository/commons-cli/commons-cli/1.2/commons-cli-1.2.jar:/home/user/.m2/repository/org/apache/httpcomponents/httpclient/4.5.2/httpclient-4.5.2.jar:/home/user/.m2/repository/org/apache/httpcomponents/httpcore/4.4.4/httpcore-4.4.4.jar:/home/user/.m2/repository/commons-codec/commons-codec/1.11/commons-codec-1.11.jar:/home/user/.m2/repository/commons-net/commons-net/3.6/commons-net-3.6.jar:/home/user/.m2/repository/commons-collections/commons-collections/3.2.2/commons-collections-3.2.2.jar:/home/user/.m2/repository/org/eclipse/jetty/jetty-servlet/9.3.24.v20180605/jetty-servlet-9.3.24.v20180605.jar:/home/user/.m2/repository/org/eclipse/jetty/jetty-security/9.3.24.v20180605/jetty-security-9.3.24.v20180605.jar:/home/user/.m2/repository/javax/servlet/jsp/jsp-api/2.1/jsp-api-2.1.jar:/home/user/.m2/repository/com/sun/jersey/jersey-servlet/1.19/jersey-servlet-1.19.jar:/home/user/.m2/repository/com/sun/jersey/jersey-json/1.19/jersey-json-1.19.jar:/home/user/.m2/repository/org/codehaus/jettison/jettison/1.1/jettison-1.1.jar:/home/user/.m2/repository/org/codehaus/jackson/jackson-core-asl/1.9.13/jackson-core-asl-1.9.13.jar:/home/user/.m2/repository/org/codehaus/jackson/jackson-mapper-asl/1.9.13/jackson-mapper-asl-1.9.13.jar:/home/user/.m2/repository/org/codehaus/jackson/jackson-jaxrs/1.9.13/jackson-jaxrs-1.9.13.jar:/home/user/.m2/repository/org/codehaus/jackson/jackson-xc/1.9.13/jackson-xc-1.9.13.jar:/home/user/.m2/repository/commons-logging/commons-logging/1.1.3/commons-logging-1.1.3.jar:/home/user/.m2/repository/commons-beanutils/commons-beanutils/1.9.3/commons-beanutils-1.9.3.jar:/home/user/.m2/repository/org/apache/commons/commons-configuration2/2.1.1/commons-configuration2-2.1.1.jar:/home/user/.m2/repository/org/apache/commons/commons-lang3/3.7/commons-lang3-3.7.jar:/home/user/.m2/repository/org/apache/commons/commons-text/1.4/commons-text-1.4.jar:/home/user/.m2/repository/org/apache/avro/avro/1.7.7/avro-1.7.7.jar:/home/user/.m2/repository/com/thoughtworks/paranamer/paranamer/2.3/paranamer-2.3.jar:/home/user/.m2/repository/org/xerial/snappy/snappy-java/1.0.5/snappy-java-1.0.5.jar:/home/user/.m2/repository/com/google/re2j/re2j/1.1/re2j-1.1.jar:/home/user/.m2/repository/com/google/code/gson/gson/2.2.4/gson-2.2.4.jar:/home/user/.m2/repository/com/jcraft/jsch/0.1.54/jsch-0.1.54.jar:/home/user/.m2/repository/org/apache/curator/curator-client/2.12.0/curator-client-2.12.0.jar:/home/user/.m2/repository/org/apache/curator/curator-recipes/2.12.0/curator-recipes-2.12.0.jar:/home/user/.m2/repository/com/google/code/findbugs/jsr305/3.0.0/jsr305-3.0.0.jar:/home/user/.m2/repository/org/apache/htrace/htrace-core4/4.1.0-incubating/htrace-core4-4.1.0-incubating.jar:/home/user/.m2/repository/org/apache/zookeeper/zookeeper/3.4.13/zookeeper-3.4.13.jar:/home/user/.m2/repository/org/apache/yetus/audience-annotations/0.5.0/audience-annotations-0.5.0.jar:/home/user/.m2/repository/org/codehaus/woodstox/stax2-api/3.1.4/stax2-api-3.1.4.jar:/home/user/.m2/repository/com/fasterxml/woodstox/woodstox-core/5.0.3/woodstox-core-5.0.3.jar:/home/user/.m2/repository/dnsjava/dnsjava/2.1.7/dnsjava-2.1.7.jar:/home/user/.m2/repository/org/apache/hadoop/hadoop-hdfs/3.2.0/hadoop-hdfs-3.2.0-tests.jar:/home/user/.m2/repository/org/eclipse/jetty/jetty-util-ajax/9.3.24.v20180605/jetty-util-ajax-9.3.24.v20180605.jar:/home/user/.m2/repository/commons-daemon/commons-daemon/1.0.13/commons-daemon-1.0.13.jar:/home/user/.m2/repository/io/netty/netty/3.10.5.Final/netty-3.10.5.Final.jar:/home/user/.m2/repository/io/netty/netty-all/4.0.52.Final/netty-all-4.0.52.Final.jar:/home/user/.m2/repository/org/fusesource/leveldbjni/leveldbjni-all/1.8/leveldbjni-all-1.8.jar:"/>
    <property name="sun.cpu.endian" value="little"/>
    <property name="user.home" value="/home/user"/>
    <property name="user.language" value="en"/>
    <property name="java.specification.vendor" value="Oracle Corporation"/>
    <property name="java.home" value="/usr/lib/jvm/java-1.8-openjdk/jre"/>
    <property name="java.security.krb5.conf" value="/workdir/hadoop-ozone/integration-test/target/test-classes/krb5.conf"/>
    <property name="basedir" value="/workdir/hadoop-ozone/integration-test"/>
    <property name="file.separator" value="/"/>
    <property name="line.separator" value="&#10;"/>
    <property name="java.vm.specification.vendor" value="Oracle Corporation"/>
    <property name="java.specification.name" value="Java Platform API Specification"/>
    <property name="java.awt.graphicsenv" value="sun.awt.X11GraphicsEnvironment"/>
    <property name="surefire.real.class.path" value="/workdir/hadoop-ozone/integration-test/target/surefire/surefirebooter9067024976684383868.jar"/>
    <property name="hadoop.log.dir" value="/workdir/hadoop-ozone/integration-test/target/log"/>
    <property name="sun.boot.class.path" value="/usr/lib/jvm/java-1.8-openjdk/jre/lib/resources.jar:/usr/lib/jvm/java-1.8-openjdk/jre/lib/rt.jar:/usr/lib/jvm/java-1.8-openjdk/jre/lib/sunrsasign.jar:/usr/lib/jvm/java-1.8-openjdk/jre/lib/jsse.jar:/usr/lib/jvm/java-1.8-openjdk/jre/lib/jce.jar:/usr/lib/jvm/java-1.8-openjdk/jre/lib/charsets.jar:/usr/lib/jvm/java-1.8-openjdk/jre/lib/jfr.jar:/usr/lib/jvm/java-1.8-openjdk/jre/classes"/>
    <property name="sun.management.compiler" value="HotSpot 64-Bit Tiered Compilers"/>
    <property name="java.runtime.version" value="1.8.0_212-b04"/>
    <property name="java.net.preferIPv4Stack" value="true"/>
    <property name="user.name" value="jenkins1000"/>
    <property name="path.separator" value=":"/>
    <property name="java.security.egd" value="file:///dev/urandom"/>
    <property name="os.version" value="3.10.0-957.12.2.el7.x86_64"/>
    <property name="java.endorsed.dirs" value="/usr/lib/jvm/java-1.8-openjdk/jre/lib/endorsed"/>
    <property name="java.runtime.name" value="OpenJDK Runtime Environment"/>
    <property name="file.encoding" value="UTF-8"/>
    <property name="java.vm.name" value="OpenJDK 64-Bit Server VM"/>
    <property name="test.build.webapps" value=""/>
    <property name="localRepository" value="/home/user/.m2/repository"/>
    <property name="java.vendor.url.bug" value="https://icedtea.classpath.org/bugzilla"/>
    <property name="java.io.tmpdir" value="/tmp"/>
    <property name="require.test.libhadoop" value=""/>
    <property name="java.version" value="1.8.0_212"/>
    <property name="user.dir" value="/workdir/hadoop-ozone/integration-test"/>
    <property name="os.arch" value="amd64"/>
    <property name="java.vm.specification.name" value="Java Virtual Machine Specification"/>
    <property name="test.build.classes" value="/workdir/hadoop-ozone/integration-test/target/test-classes"/>
    <property name="java.awt.printerjob" value="sun.print.PSPrinterJob"/>
    <property name="sun.os.patch.level" value="unknown"/>
    <property name="hadoop.tmp.dir" value="/workdir/hadoop-ozone/integration-test/target/tmp"/>
    <property name="java.library.path" value="/usr/lib/jvm/java-1.8-openjdk/jre/lib/amd64/server:/usr/lib/jvm/java-1.8-openjdk/jre/lib/amd64:/usr/lib/jvm/java-1.8-openjdk/jre/../lib/amd64:/workdir/hadoop-ozone/integration-test/target/native/target/usr/local/lib:/workdir/hadoop-ozone/integration-test/../../hadoop-common-project/hadoop-common/target/native/target/usr/local/lib:/usr/java/packages/lib/amd64:/usr/lib64:/lib64:/lib:/usr/lib"/>
    <property name="java.vm.info" value="mixed mode"/>
    <property name="java.vendor" value="IcedTea"/>
    <property name="java.vm.version" value="25.212-b04"/>
    <property name="java.ext.dirs" value="/usr/lib/jvm/java-1.8-openjdk/jre/lib/ext:/usr/java/packages/lib/ext"/>
    <property name="sun.io.unicode.encoding" value="UnicodeLittle"/>
    <property name="java.class.version" value="52.0"/>
  </properties>
  <testcase name="testBlockDeletionTransactions" classname="org.apache.hadoop.ozone.TestStorageContainerManager" time="20.085"/>
  <testcase name="testBlockDeletingThrottling" classname="org.apache.hadoop.ozone.TestStorageContainerManager" time="7.248">
    <error message="Unexpected Storage Container Exception: org.apache.hadoop.hdds.scm.container.common.helpers.StorageContainerException: ContainerID 6 creation failed" type="java.io.IOException">java.io.IOException: Unexpected Storage Container Exception: org.apache.hadoop.hdds.scm.container.common.helpers.StorageContainerException: ContainerID 6 creation failed
	at org.apache.hadoop.hdds.scm.storage.BlockOutputStream.setIoException(BlockOutputStream.java:541)
	at org.apache.hadoop.hdds.scm.storage.BlockOutputStream.validateResponse(BlockOutputStream.java:532)
	at org.apache.hadoop.hdds.scm.storage.BlockOutputStream.lambda$writeChunkToContainer$2(BlockOutputStream.java:606)
	at java.util.concurrent.CompletableFuture.uniApply(CompletableFuture.java:602)
	at java.util.concurrent.CompletableFuture$UniApply.tryFire(CompletableFuture.java:577)
	at java.util.concurrent.CompletableFuture$Completion.run(CompletableFuture.java:442)
	at java.util.concurrent.ThreadPoolExecutor.runWorker(ThreadPoolExecutor.java:1149)
	at java.util.concurrent.ThreadPoolExecutor$Worker.run(ThreadPoolExecutor.java:624)
	at java.lang.Thread.run(Thread.java:748)
Caused by: org.apache.hadoop.hdds.scm.container.common.helpers.StorageContainerException: ContainerID 6 creation failed
	at org.apache.hadoop.hdds.scm.storage.ContainerProtocolCalls.validateContainerResponse(ContainerProtocolCalls.java:536)
	at org.apache.hadoop.hdds.scm.storage.BlockOutputStream.validateResponse(BlockOutputStream.java:529)
	... 7 more
</error>
    <system-out><![CDATA[2019-08-05 04:33:03,331 WARN  server.ServerUtils (ServerUtils.java:getScmDbDir(145)) - ozone.scm.db.dirs is not configured. We recommend adding this setting. Falling back to ozone.metadata.dirs instead.
2019-08-05 04:33:03,349 WARN  server.ServerUtils (ServerUtils.java:getScmDbDir(145)) - ozone.scm.db.dirs is not configured. We recommend adding this setting. Falling back to ozone.metadata.dirs instead.
2019-08-05 04:33:03,349 WARN  server.ServerUtils (ServerUtils.java:getScmDbDir(145)) - ozone.scm.db.dirs is not configured. We recommend adding this setting. Falling back to ozone.metadata.dirs instead.
2019-08-05 04:33:03,350 INFO  db.DBStoreBuilder (DBStoreBuilder.java:addTable(110)) - using custom profile for table: deletedBlocks
2019-08-05 04:33:03,350 INFO  db.DBStoreBuilder (DBStoreBuilder.java:processTables(161)) - Using default column profile:DBProfile.DISK for Table:deletedBlocks
2019-08-05 04:33:03,351 INFO  db.DBStoreBuilder (DBStoreBuilder.java:addTable(110)) - using custom profile for table: validCerts
2019-08-05 04:33:03,351 INFO  db.DBStoreBuilder (DBStoreBuilder.java:processTables(161)) - Using default column profile:DBProfile.DISK for Table:validCerts
2019-08-05 04:33:03,351 INFO  db.DBStoreBuilder (DBStoreBuilder.java:addTable(110)) - using custom profile for table: revokedCerts
2019-08-05 04:33:03,351 INFO  db.DBStoreBuilder (DBStoreBuilder.java:processTables(161)) - Using default column profile:DBProfile.DISK for Table:revokedCerts
2019-08-05 04:33:03,352 INFO  db.DBStoreBuilder (DBStoreBuilder.java:addTable(110)) - using custom profile for table: default
2019-08-05 04:33:03,352 INFO  db.DBStoreBuilder (DBStoreBuilder.java:processTables(167)) - Using default column profile:DBProfile.DISK for Table:default
2019-08-05 04:33:03,352 INFO  db.DBStoreBuilder (DBStoreBuilder.java:getDbProfile(198)) - Using default options. DBProfile.DISK
2019-08-05 04:33:03,504 INFO  net.NodeSchemaLoader (NodeSchemaLoader.java:loadSchemaFromFile(125)) - Loading file from sun.misc.CompoundEnumeration@2d782779
2019-08-05 04:33:03,505 INFO  net.NodeSchemaLoader (NodeSchemaLoader.java:loadSchema(171)) - Loading network topology layer schema file
2019-08-05 04:33:03,511 INFO  node.SCMNodeManager (SCMNodeManager.java:<init>(121)) - Entering startup safe mode.
2019-08-05 04:33:03,512 WARN  server.ServerUtils (ServerUtils.java:getScmDbDir(145)) - ozone.scm.db.dirs is not configured. We recommend adding this setting. Falling back to ozone.metadata.dirs instead.
2019-08-05 04:33:03,564 INFO  pipeline.SCMPipelineManager (SCMPipelineManager.java:initializePipelineState(126)) - No pipeline exists in current db
2019-08-05 04:33:03,564 WARN  server.ServerUtils (ServerUtils.java:getScmDbDir(145)) - ozone.scm.db.dirs is not configured. We recommend adding this setting. Falling back to ozone.metadata.dirs instead.
2019-08-05 04:33:03,612 WARN  events.EventQueue (EventQueue.java:fireEvent(175)) - No event handler registered for event TypedEvent{payloadType=SafeModeStatus, name='SafeModeStatus'}
2019-08-05 04:33:03,613 INFO  ipc.CallQueueManager (CallQueueManager.java:<init>(84)) - Using callQueue: class java.util.concurrent.LinkedBlockingQueue, queueCapacity: 2000, scheduler: class org.apache.hadoop.ipc.DefaultRpcScheduler, ipcBackoff: false.
2019-08-05 04:33:03,615 INFO  ipc.Server (Server.java:run(1074)) - Starting Socket Reader #1 for port 44662
2019-08-05 04:33:03,617 INFO  ipc.CallQueueManager (CallQueueManager.java:<init>(84)) - Using callQueue: class java.util.concurrent.LinkedBlockingQueue, queueCapacity: 2000, scheduler: class org.apache.hadoop.ipc.DefaultRpcScheduler, ipcBackoff: false.
2019-08-05 04:33:03,618 INFO  ipc.Server (Server.java:run(1074)) - Starting Socket Reader #1 for port 35611
2019-08-05 04:33:03,620 INFO  ipc.CallQueueManager (CallQueueManager.java:<init>(84)) - Using callQueue: class java.util.concurrent.LinkedBlockingQueue, queueCapacity: 2000, scheduler: class org.apache.hadoop.ipc.DefaultRpcScheduler, ipcBackoff: false.
2019-08-05 04:33:03,621 INFO  ipc.Server (Server.java:run(1074)) - Starting Socket Reader #1 for port 38598
2019-08-05 04:33:03,624 INFO  hdfs.DFSUtil (DFSUtil.java:httpServerTemplateForNNAndJN(1641)) - Starting Web-server for scm at: http://0.0.0.0:0
2019-08-05 04:33:03,627 INFO  server.AuthenticationFilter (AuthenticationFilter.java:constructSecretProvider(240)) - Unable to initialize FileSignerSecretProvider, falling back to use random secrets.
2019-08-05 04:33:03,628 WARN  http.HttpRequestLog (HttpRequestLog.java:getRequestLog(97)) - Jetty request log can only be enabled using Log4j
2019-08-05 04:33:03,631 INFO  http.HttpServer2 (HttpServer2.java:addGlobalFilter(975)) - Added global filter 'safety' (class=org.apache.hadoop.http.HttpServer2$QuotingInputFilter)
2019-08-05 04:33:03,632 INFO  http.HttpServer2 (HttpServer2.java:addFilter(948)) - Added filter static_user_filter (class=org.apache.hadoop.http.lib.StaticUserWebFilter$StaticUserFilter) to context scm
2019-08-05 04:33:03,632 INFO  http.HttpServer2 (HttpServer2.java:addFilter(958)) - Added filter static_user_filter (class=org.apache.hadoop.http.lib.StaticUserWebFilter$StaticUserFilter) to context logs
2019-08-05 04:33:03,632 INFO  http.HttpServer2 (HttpServer2.java:addFilter(958)) - Added filter static_user_filter (class=org.apache.hadoop.http.lib.StaticUserWebFilter$StaticUserFilter) to context static
2019-08-05 04:33:03,636 INFO  server.StorageContainerManager (StorageContainerManager.java:start(758)) - StorageContainerLocationProtocol RPC server is listening at /0.0.0.0:38598
2019-08-05 04:33:03,638 WARN  impl.MetricsConfig (MetricsConfig.java:loadFirst(134)) - Cannot locate configuration: tried hadoop-metrics2-storagecontainermanager.properties,hadoop-metrics2.properties
2019-08-05 04:33:03,640 INFO  impl.MetricsSystemImpl (MetricsSystemImpl.java:startTimer(374)) - Scheduled Metric snapshot period at 10 second(s).
2019-08-05 04:33:03,640 INFO  impl.MetricsSystemImpl (MetricsSystemImpl.java:start(191)) - StorageContainerManager metrics system started
2019-08-05 04:33:03,672 INFO  server.SCMClientProtocolServer (SCMClientProtocolServer.java:start(151)) - RPC server for Client  is listening at /0.0.0.0:38598
2019-08-05 04:33:03,672 INFO  ipc.Server (Server.java:run(1314)) - IPC Server Responder: starting
2019-08-05 04:33:03,673 INFO  ipc.Server (Server.java:run(1153)) - IPC Server listener on 38598: starting
2019-08-05 04:33:03,676 INFO  server.StorageContainerManager (StorageContainerManager.java:start(768)) - ScmBlockLocationProtocol RPC server is listening at /0.0.0.0:35611
2019-08-05 04:33:03,677 INFO  server.SCMBlockProtocolServer (SCMBlockProtocolServer.java:start(140)) - RPC server for Block Protocol is listening at /0.0.0.0:35611
2019-08-05 04:33:03,677 INFO  ipc.Server (Server.java:run(1314)) - IPC Server Responder: starting
2019-08-05 04:33:03,677 INFO  ipc.Server (Server.java:run(1153)) - IPC Server listener on 35611: starting
2019-08-05 04:33:03,681 INFO  server.StorageContainerManager (StorageContainerManager.java:start(772)) - ScmDatanodeProtocl RPC server is listening at /0.0.0.0:44662
2019-08-05 04:33:03,681 INFO  server.SCMDatanodeProtocolServer (SCMDatanodeProtocolServer.java:start(191)) - RPC server for DataNodes is listening at /0.0.0.0:44662
2019-08-05 04:33:03,682 INFO  ipc.Server (Server.java:run(1314)) - IPC Server Responder: starting
2019-08-05 04:33:03,682 INFO  ipc.Server (Server.java:run(1153)) - IPC Server listener on 44662: starting
2019-08-05 04:33:03,686 INFO  http.HttpServer2 (HttpServer2.java:bindListener(1191)) - Jetty bound to port 45025
2019-08-05 04:33:03,686 INFO  server.Server (Server.java:doStart(351)) - jetty-9.3.24.v20180605, build timestamp: 2018-06-05T17:11:56Z, git hash: 84205aa28f11a4f31f2a3b86d1bba2cc8ab69827
2019-08-05 04:33:03,689 INFO  handler.ContextHandler (ContextHandler.java:doStart(781)) - Started o.e.j.s.ServletContextHandler@3b93f4c3{/logs,file:///workdir/hadoop-ozone/integration-test/target/log,AVAILABLE}
2019-08-05 04:33:03,690 INFO  handler.ContextHandler (ContextHandler.java:doStart(781)) - Started o.e.j.s.ServletContextHandler@6a40a13e{/static,file:///workdir/hadoop-ozone/integration-test/target/test-classes/webapps/static,AVAILABLE}
2019-08-05 04:33:03,696 INFO  handler.ContextHandler (ContextHandler.java:doStart(781)) - Started o.e.j.w.WebAppContext@5db3ac23{/,file:///workdir/hadoop-ozone/integration-test/target/test-classes/webapps/scm/,AVAILABLE}{/scm}
2019-08-05 04:33:03,697 INFO  server.AbstractConnector (AbstractConnector.java:doStart(278)) - Started ServerConnector@609ccfd1{HTTP/1.1,[http/1.1]}{0.0.0.0:45025}
2019-08-05 04:33:03,697 INFO  server.Server (Server.java:doStart(419)) - Started @21245ms
2019-08-05 04:33:03,698 INFO  server.BaseHttpServer (BaseHttpServer.java:updateConnectorAddress(207)) - HTTP server of SCM is listening at http://0.0.0.0:45025
2019-08-05 04:33:03,699 WARN  server.ServerUtils (ServerUtils.java:getDBPath(222)) - ozone.om.db.dirs is not configured. We recommend adding this setting. Falling back to ozone.metadata.dirs instead.
2019-08-05 04:33:03,699 INFO  util.JvmPauseMonitor (JvmPauseMonitor.java:run(188)) - Starting JVM pause monitor
2019-08-05 04:33:03,713 WARN  server.ServerUtils (ServerUtils.java:getDBPath(222)) - ozone.om.db.dirs is not configured. We recommend adding this setting. Falling back to ozone.metadata.dirs instead.
2019-08-05 04:33:03,713 WARN  server.ServerUtils (ServerUtils.java:getDBPath(222)) - ozone.om.db.dirs is not configured. We recommend adding this setting. Falling back to ozone.metadata.dirs instead.
2019-08-05 04:33:03,713 INFO  om.OzoneManager (OzoneManager.java:setOMNodeDetails(644)) - OM Service ID is not set. Setting it to the default ID: omServiceIdDefault
2019-08-05 04:33:03,714 INFO  om.OzoneManager (OzoneManager.java:setOMNodeDetails(650)) - OM Node ID is not set. Setting it to the OmStorage's OmID: 72b6928c-ac54-45d3-b9f9-30493630d429
2019-08-05 04:33:03,714 INFO  om.OzoneManager (OzoneManager.java:loadOMHAConfigs(601)) - Found matching OM address with OMServiceId: null, OMNodeId: null, RPC Address: localhost:0 and Ratis port: 9872
2019-08-05 04:33:03,721 WARN  server.ServerUtils (ServerUtils.java:getDBPath(222)) - ozone.om.db.dirs is not configured. We recommend adding this setting. Falling back to ozone.metadata.dirs instead.
2019-08-05 04:33:03,722 INFO  db.DBStoreBuilder (DBStoreBuilder.java:addTable(110)) - using custom profile for table: userTable
2019-08-05 04:33:03,722 INFO  db.DBStoreBuilder (DBStoreBuilder.java:processTables(161)) - Using default column profile:DBProfile.DISK for Table:userTable
2019-08-05 04:33:03,722 INFO  db.DBStoreBuilder (DBStoreBuilder.java:addTable(110)) - using custom profile for table: volumeTable
2019-08-05 04:33:03,722 INFO  db.DBStoreBuilder (DBStoreBuilder.java:processTables(161)) - Using default column profile:DBProfile.DISK for Table:volumeTable
2019-08-05 04:33:03,723 INFO  db.DBStoreBuilder (DBStoreBuilder.java:addTable(110)) - using custom profile for table: bucketTable
2019-08-05 04:33:03,723 INFO  db.DBStoreBuilder (DBStoreBuilder.java:processTables(161)) - Using default column profile:DBProfile.DISK for Table:bucketTable
2019-08-05 04:33:03,723 INFO  db.DBStoreBuilder (DBStoreBuilder.java:addTable(110)) - using custom profile for table: keyTable
2019-08-05 04:33:03,723 INFO  db.DBStoreBuilder (DBStoreBuilder.java:processTables(161)) - Using default column profile:DBProfile.DISK for Table:keyTable
2019-08-05 04:33:03,723 INFO  db.DBStoreBuilder (DBStoreBuilder.java:addTable(110)) - using custom profile for table: deletedTable
2019-08-05 04:33:03,724 INFO  db.DBStoreBuilder (DBStoreBuilder.java:processTables(161)) - Using default column profile:DBProfile.DISK for Table:deletedTable
2019-08-05 04:33:03,724 INFO  db.DBStoreBuilder (DBStoreBuilder.java:addTable(110)) - using custom profile for table: openKeyTable
2019-08-05 04:33:03,724 INFO  db.DBStoreBuilder (DBStoreBuilder.java:processTables(161)) - Using default column profile:DBProfile.DISK for Table:openKeyTable
2019-08-05 04:33:03,724 INFO  db.DBStoreBuilder (DBStoreBuilder.java:addTable(110)) - using custom profile for table: s3Table
2019-08-05 04:33:03,724 INFO  db.DBStoreBuilder (DBStoreBuilder.java:processTables(161)) - Using default column profile:DBProfile.DISK for Table:s3Table
2019-08-05 04:33:03,725 INFO  db.DBStoreBuilder (DBStoreBuilder.java:addTable(110)) - using custom profile for table: multipartInfoTable
2019-08-05 04:33:03,725 INFO  db.DBStoreBuilder (DBStoreBuilder.java:processTables(161)) - Using default column profile:DBProfile.DISK for Table:multipartInfoTable
2019-08-05 04:33:03,725 INFO  db.DBStoreBuilder (DBStoreBuilder.java:addTable(110)) - using custom profile for table: dTokenTable
2019-08-05 04:33:03,725 INFO  db.DBStoreBuilder (DBStoreBuilder.java:processTables(161)) - Using default column profile:DBProfile.DISK for Table:dTokenTable
2019-08-05 04:33:03,725 INFO  db.DBStoreBuilder (DBStoreBuilder.java:addTable(110)) - using custom profile for table: s3SecretTable
2019-08-05 04:33:03,725 INFO  db.DBStoreBuilder (DBStoreBuilder.java:processTables(161)) - Using default column profile:DBProfile.DISK for Table:s3SecretTable
2019-08-05 04:33:03,726 INFO  db.DBStoreBuilder (DBStoreBuilder.java:addTable(110)) - using custom profile for table: prefixTable
2019-08-05 04:33:03,726 INFO  db.DBStoreBuilder (DBStoreBuilder.java:processTables(161)) - Using default column profile:DBProfile.DISK for Table:prefixTable
2019-08-05 04:33:03,726 INFO  db.DBStoreBuilder (DBStoreBuilder.java:addTable(110)) - using custom profile for table: default
2019-08-05 04:33:03,726 INFO  db.DBStoreBuilder (DBStoreBuilder.java:processTables(167)) - Using default column profile:DBProfile.DISK for Table:default
2019-08-05 04:33:03,726 INFO  db.DBStoreBuilder (DBStoreBuilder.java:getDbProfile(198)) - Using default options. DBProfile.DISK
2019-08-05 04:33:04,266 INFO  ipc.CallQueueManager (CallQueueManager.java:<init>(84)) - Using callQueue: class java.util.concurrent.LinkedBlockingQueue, queueCapacity: 2000, scheduler: class org.apache.hadoop.ipc.DefaultRpcScheduler, ipcBackoff: false.
2019-08-05 04:33:04,267 INFO  ipc.Server (Server.java:run(1074)) - Starting Socket Reader #1 for port 34367
2019-08-05 04:33:04,289 INFO  om.OzoneManager (OzoneManager.java:start(1255)) - OzoneManager RPC server is listening at localhost/127.0.0.1:34367
2019-08-05 04:33:04,289 INFO  impl.MetricsSystemImpl (MetricsSystemImpl.java:init(158)) - OzoneManager metrics system started (again)
2019-08-05 04:33:04,290 INFO  ipc.Server (Server.java:run(1314)) - IPC Server Responder: starting
2019-08-05 04:33:04,290 INFO  ipc.Server (Server.java:run(1153)) - IPC Server listener on 34367: starting
2019-08-05 04:33:04,296 INFO  hdfs.DFSUtil (DFSUtil.java:httpServerTemplateForNNAndJN(1641)) - Starting Web-server for ozoneManager at: http://0.0.0.0:0
2019-08-05 04:33:04,298 INFO  server.AuthenticationFilter (AuthenticationFilter.java:constructSecretProvider(240)) - Unable to initialize FileSignerSecretProvider, falling back to use random secrets.
2019-08-05 04:33:04,299 WARN  http.HttpRequestLog (HttpRequestLog.java:getRequestLog(97)) - Jetty request log can only be enabled using Log4j
2019-08-05 04:33:04,301 INFO  http.HttpServer2 (HttpServer2.java:addGlobalFilter(975)) - Added global filter 'safety' (class=org.apache.hadoop.http.HttpServer2$QuotingInputFilter)
2019-08-05 04:33:04,302 INFO  http.HttpServer2 (HttpServer2.java:addFilter(948)) - Added filter static_user_filter (class=org.apache.hadoop.http.lib.StaticUserWebFilter$StaticUserFilter) to context ozoneManager
2019-08-05 04:33:04,302 INFO  http.HttpServer2 (HttpServer2.java:addFilter(958)) - Added filter static_user_filter (class=org.apache.hadoop.http.lib.StaticUserWebFilter$StaticUserFilter) to context static
2019-08-05 04:33:04,303 INFO  http.HttpServer2 (HttpServer2.java:addFilter(958)) - Added filter static_user_filter (class=org.apache.hadoop.http.lib.StaticUserWebFilter$StaticUserFilter) to context logs
2019-08-05 04:33:04,304 INFO  http.HttpServer2 (HttpServer2.java:bindListener(1191)) - Jetty bound to port 34671
2019-08-05 04:33:04,304 INFO  server.Server (Server.java:doStart(351)) - jetty-9.3.24.v20180605, build timestamp: 2018-06-05T17:11:56Z, git hash: 84205aa28f11a4f31f2a3b86d1bba2cc8ab69827
2019-08-05 04:33:04,306 INFO  handler.ContextHandler (ContextHandler.java:doStart(781)) - Started o.e.j.s.ServletContextHandler@790f0658{/logs,file:///workdir/hadoop-ozone/integration-test/target/log,AVAILABLE}
2019-08-05 04:33:04,307 INFO  handler.ContextHandler (ContextHandler.java:doStart(781)) - Started o.e.j.s.ServletContextHandler@7fc74ad1{/static,file:///workdir/hadoop-ozone/integration-test/target/test-classes/webapps/static,AVAILABLE}
2019-08-05 04:33:04,314 INFO  handler.ContextHandler (ContextHandler.java:doStart(781)) - Started o.e.j.w.WebAppContext@5c293795{/,file:///workdir/hadoop-ozone/integration-test/target/test-classes/webapps/ozoneManager/,AVAILABLE}{/ozoneManager}
2019-08-05 04:33:04,315 INFO  server.AbstractConnector (AbstractConnector.java:doStart(278)) - Started ServerConnector@65d8053a{HTTP/1.1,[http/1.1]}{0.0.0.0:34671}
2019-08-05 04:33:04,316 INFO  server.Server (Server.java:doStart(419)) - Started @21863ms
2019-08-05 04:33:04,317 INFO  server.BaseHttpServer (BaseHttpServer.java:updateConnectorAddress(207)) - HTTP server of OZONEMANAGER is listening at http://0.0.0.0:34671
2019-08-05 04:33:04,322 INFO  impl.MetricsSystemImpl (MetricsSystemImpl.java:init(158)) - HddsDatanode metrics system started (again)
2019-08-05 04:33:04,325 INFO  ozone.HddsDatanodeService (HddsDatanodeService.java:start(184)) - HddsDatanodeService host:byscane-nightly-228d8-4024241517 ip:192.168.157.247
2019-08-05 04:33:04,335 INFO  volume.HddsVolume (HddsVolume.java:<init>(176)) - Creating Volume: /workdir/hadoop-ozone/integration-test/target/test-dir/MiniOzoneClusterImpl-329af983-9263-471a-a21f-4499141246e7/datanode-0/data/containers/hdds of  storage type : DISK and capacity : 52710309888
2019-08-05 04:33:04,336 INFO  volume.VolumeSet (VolumeSet.java:initializeVolumeSet(170)) - Added Volume : /workdir/hadoop-ozone/integration-test/target/test-dir/MiniOzoneClusterImpl-329af983-9263-471a-a21f-4499141246e7/datanode-0/data/containers/hdds to VolumeSet
2019-08-05 04:33:04,336 INFO  volume.ThrottledAsyncChecker (ThrottledAsyncChecker.java:schedule(140)) - Scheduling a check for org.apache.hadoop.ozone.container.common.volume.HddsVolume@255d253c
2019-08-05 04:33:04,337 INFO  volume.HddsVolumeChecker (HddsVolumeChecker.java:checkAllVolumes(203)) - Scheduled health check for volume org.apache.hadoop.ozone.container.common.volume.HddsVolume@255d253c
2019-08-05 04:33:04,357 INFO  impl.RaftServerProxy (ConfUtils.java:logGet(43)) - raft.rpc.type = GRPC (default)
2019-08-05 04:33:04,358 INFO  grpc.GrpcFactory (GrpcFactory.java:checkPooledByteBufAllocatorUseCacheForAllThreads(45)) - PERFORMANCE WARNING: useCacheForAllThreads is true that may cause Netty to create a lot garbage objects and, as a result, trigger GC.
	It is recommended to disable useCacheForAllThreads by setting -Dorg.apache.ratis.thirdparty.io.netty.allocator.useCacheForAllThreads=false in command line.
2019-08-05 04:33:04,360 INFO  grpc.GrpcConfigKeys$Server (ConfUtils.java:logGet(43)) - raft.grpc.server.port = 0 (default)
2019-08-05 04:33:04,360 INFO  server.GrpcService (ConfUtils.java:logGet(43)) - raft.grpc.message.size.max = 33570816 (custom)
2019-08-05 04:33:04,360 INFO  server.RaftServerConfigKeys (ConfUtils.java:logGet(43)) - raft.server.log.appender.buffer.byte-limit = 33554432 (custom)
2019-08-05 04:33:04,360 INFO  server.GrpcService (ConfUtils.java:logGet(43)) - raft.grpc.flow.control.window = 1MB (=1048576) (default)
2019-08-05 04:33:04,361 INFO  server.RaftServerConfigKeys (ConfUtils.java:logGet(43)) - raft.server.rpc.request.timeout = 3000ms (default)
2019-08-05 04:33:04,361 INFO  server.RaftServerConfigKeys (ConfUtils.java:logGet(43)) - raft.server.storage.dir = [/workdir/hadoop-ozone/integration-test/target/test-dir/MiniOzoneClusterImpl-329af983-9263-471a-a21f-4499141246e7/datanode-0/data/ratis] (custom)
2019-08-05 04:33:04,362 INFO  replication.SimpleContainerDownloader (SimpleContainerDownloader.java:<init>(72)) - Starting container downloader service to copy containers to replicate.
2019-08-05 04:33:04,364 INFO  hdfs.DFSUtil (DFSUtil.java:httpServerTemplateForNNAndJN(1641)) - Starting Web-server for hddsDatanode at: http://0.0.0.0:0
2019-08-05 04:33:04,366 INFO  server.AuthenticationFilter (AuthenticationFilter.java:constructSecretProvider(240)) - Unable to initialize FileSignerSecretProvider, falling back to use random secrets.
2019-08-05 04:33:04,366 WARN  http.HttpRequestLog (HttpRequestLog.java:getRequestLog(97)) - Jetty request log can only be enabled using Log4j
2019-08-05 04:33:04,369 INFO  http.HttpServer2 (HttpServer2.java:addGlobalFilter(975)) - Added global filter 'safety' (class=org.apache.hadoop.http.HttpServer2$QuotingInputFilter)
2019-08-05 04:33:04,370 INFO  http.HttpServer2 (HttpServer2.java:addFilter(948)) - Added filter static_user_filter (class=org.apache.hadoop.http.lib.StaticUserWebFilter$StaticUserFilter) to context hddsDatanode
2019-08-05 04:33:04,370 INFO  http.HttpServer2 (HttpServer2.java:addFilter(958)) - Added filter static_user_filter (class=org.apache.hadoop.http.lib.StaticUserWebFilter$StaticUserFilter) to context logs
2019-08-05 04:33:04,370 INFO  http.HttpServer2 (HttpServer2.java:addFilter(958)) - Added filter static_user_filter (class=org.apache.hadoop.http.lib.StaticUserWebFilter$StaticUserFilter) to context static
2019-08-05 04:33:04,371 INFO  http.HttpServer2 (HttpServer2.java:bindListener(1191)) - Jetty bound to port 45751
2019-08-05 04:33:04,372 INFO  server.Server (Server.java:doStart(351)) - jetty-9.3.24.v20180605, build timestamp: 2018-06-05T17:11:56Z, git hash: 84205aa28f11a4f31f2a3b86d1bba2cc8ab69827
2019-08-05 04:33:04,374 INFO  handler.ContextHandler (ContextHandler.java:doStart(781)) - Started o.e.j.s.ServletContextHandler@17477925{/logs,file:///workdir/hadoop-ozone/integration-test/target/log,AVAILABLE}
2019-08-05 04:33:04,375 INFO  handler.ContextHandler (ContextHandler.java:doStart(781)) - Started o.e.j.s.ServletContextHandler@2a43098a{/static,jar:file:/home/user/.m2/repository/org/apache/hadoop/hadoop-hdds-container-service/0.4.1-SNAPSHOT/hadoop-hdds-container-service-0.4.1-SNAPSHOT.jar!/webapps/static,AVAILABLE}
2019-08-05 04:33:04,420 INFO  handler.ContextHandler (ContextHandler.java:doStart(781)) - Started o.e.j.w.WebAppContext@6eb9b162{/,file:///tmp/jetty-0.0.0.0-45751-hddsDatanode-_-any-6435080756621747918.dir/webapp/,AVAILABLE}{/hddsDatanode}
2019-08-05 04:33:04,421 INFO  server.AbstractConnector (AbstractConnector.java:doStart(278)) - Started ServerConnector@2a752584{HTTP/1.1,[http/1.1]}{0.0.0.0:45751}
2019-08-05 04:33:04,421 INFO  server.Server (Server.java:doStart(419)) - Started @21969ms
2019-08-05 04:33:04,422 INFO  server.BaseHttpServer (BaseHttpServer.java:updateConnectorAddress(207)) - HTTP server of HDDSDATANODE is listening at http://0.0.0.0:45751
2019-08-05 04:33:04,566 INFO  ozone.HddsDatanodeService (HddsDatanodeService.java:startPlugins(395)) - Started plug-in org.apache.hadoop.ozone.web.OzoneHddsDatanodeService@4e4b3a2a
2019-08-05 04:33:04,566 INFO  ozone.MiniOzoneClusterImpl (MiniOzoneClusterImpl.java:lambda$waitForClusterToBeReady$0(142)) - Waiting for cluster to be ready. Got 0 of 1 DN Heartbeats.
2019-08-05 04:33:04,569 INFO  util.JvmPauseMonitor (JvmPauseMonitor.java:run(188)) - Starting JVM pause monitor
2019-08-05 04:33:04,575 INFO  datanode.InitDatanodeState (InitDatanodeState.java:persistContainerDatanodeDetails(140)) - DatanodeDetails is persisted to /workdir/hadoop-ozone/integration-test/target/test-dir/MiniOzoneClusterImpl-329af983-9263-471a-a21f-4499141246e7/datanode-0/meta/datanode.id
2019-08-05 04:33:05,566 INFO  ozone.MiniOzoneClusterImpl (MiniOzoneClusterImpl.java:lambda$waitForClusterToBeReady$0(142)) - Waiting for cluster to be ready. Got 0 of 1 DN Heartbeats.
2019-08-05 04:33:06,567 INFO  ozone.MiniOzoneClusterImpl (MiniOzoneClusterImpl.java:lambda$waitForClusterToBeReady$0(142)) - Waiting for cluster to be ready. Got 0 of 1 DN Heartbeats.
2019-08-05 04:33:06,588 INFO  ozoneimpl.OzoneContainer (OzoneContainer.java:start(186)) - Attempting to start container services.
2019-08-05 04:33:06,589 INFO  ozoneimpl.OzoneContainer (OzoneContainer.java:startContainerScrub(160)) - Background container scrubber has been disabled by hdds.containerscrub.enabled
2019-08-05 04:33:06,590 INFO  ratis.XceiverServerRatis (XceiverServerRatis.java:start(404)) - Starting XceiverServerRatis 64291284-5709-4c72-9131-0169d3f14368 at port 0
2019-08-05 04:33:06,599 INFO  impl.RaftServerProxy (RaftServerProxy.java:lambda$start$3(299)) - 64291284-5709-4c72-9131-0169d3f14368: start RPC server
2019-08-05 04:33:06,602 INFO  server.GrpcService (GrpcService.java:startImpl(149)) - 64291284-5709-4c72-9131-0169d3f14368: GrpcService started, listening on 0.0.0.0/0.0.0.0:42322
2019-08-05 04:33:06,602 INFO  ratis.XceiverServerRatis (XceiverServerRatis.java:start(414)) - XceiverServerRatis 64291284-5709-4c72-9131-0169d3f14368 is started using port 42322
2019-08-05 04:33:06,604 INFO  server.XceiverServerGrpc (XceiverServerGrpc.java:start(161)) - XceiverServerGrpc 64291284-5709-4c72-9131-0169d3f14368 is started using port 44230
2019-08-05 04:33:07,568 INFO  ozone.MiniOzoneClusterImpl (MiniOzoneClusterImpl.java:lambda$waitForClusterToBeReady$0(142)) - Waiting for cluster to be ready. Got 0 of 1 DN Heartbeats.
2019-08-05 04:33:08,568 INFO  ozone.MiniOzoneClusterImpl (MiniOzoneClusterImpl.java:lambda$waitForClusterToBeReady$0(142)) - Waiting for cluster to be ready. Got 0 of 1 DN Heartbeats.
2019-08-05 04:33:08,572 INFO  net.NetworkTopology (NetworkTopologyImpl.java:add(110)) - Added a new node: /default-rack/64291284-5709-4c72-9131-0169d3f14368
2019-08-05 04:33:08,573 INFO  node.SCMNodeManager (SCMNodeManager.java:register(273)) - Registered Data node : 64291284-5709-4c72-9131-0169d3f14368{ip: 192.168.157.247, host: byscane-nightly-228d8-4024241517, networkLocation: /default-rack, certSerialId: null}
2019-08-05 04:33:08,576 INFO  safemode.SCMSafeModeManager (DataNodeSafeModeRule.java:process(71)) - SCM in safe mode. 1 DataNodes registered, 1 required.
2019-08-05 04:33:08,577 INFO  safemode.SCMSafeModeManager (SCMSafeModeManager.java:validateSafeModeExitRules(177)) - ScmSafeModeManager, all rules are successfully validated
2019-08-05 04:33:08,577 INFO  safemode.SCMSafeModeManager (SCMSafeModeManager.java:exitSafeMode(193)) - SCM exiting safe mode.
2019-08-05 04:33:08,593 INFO  impl.RaftServerProxy (RaftServerProxy.java:addNew(89)) - 64291284-5709-4c72-9131-0169d3f14368: addNew group-6296B9E5A866:[64291284-5709-4c72-9131-0169d3f14368:192.168.157.247:42322] returns group-6296B9E5A866:java.util.concurrent.CompletableFuture@660a270e[Not completed]
2019-08-05 04:33:08,595 INFO  impl.RaftServerImpl (RaftServerImpl.java:<init>(93)) - 64291284-5709-4c72-9131-0169d3f14368: new RaftServerImpl for group-6296B9E5A866:[64291284-5709-4c72-9131-0169d3f14368:192.168.157.247:42322] with ContainerStateMachine:uninitialized
2019-08-05 04:33:08,596 INFO  server.RaftServerConfigKeys (ConfUtils.java:logGet(43)) - raft.server.rpc.timeout.min = 5s (custom)
2019-08-05 04:33:08,596 INFO  server.RaftServerConfigKeys (ConfUtils.java:logGet(43)) - raft.server.rpc.timeout.max = 5200ms (custom)
2019-08-05 04:33:08,596 INFO  server.RaftServerConfigKeys (ConfUtils.java:logGet(43)) - raft.server.rpcslowness.timeout = 120s (custom)
2019-08-05 04:33:08,597 INFO  server.RaftServerConfigKeys (ConfUtils.java:logGet(43)) - raft.server.sleep.deviation.threshold = 300 (default)
2019-08-05 04:33:08,597 INFO  server.RaftServerConfigKeys (ConfUtils.java:logGet(43)) - raft.server.log.appender.install.snapshot.enabled = false (custom)
2019-08-05 04:33:08,597 INFO  impl.RaftServerImpl (ServerState.java:<init>(105)) - 64291284-5709-4c72-9131-0169d3f14368:group-6296B9E5A866 ConfigurationManager, init=-1: [64291284-5709-4c72-9131-0169d3f14368:192.168.157.247:42322], old=null, confs=<EMPTY_MAP>
2019-08-05 04:33:08,598 INFO  server.RaftServerConfigKeys (ConfUtils.java:logGet(43)) - raft.server.storage.dir = [/workdir/hadoop-ozone/integration-test/target/test-dir/MiniOzoneClusterImpl-329af983-9263-471a-a21f-4499141246e7/datanode-0/data/ratis] (custom)
2019-08-05 04:33:08,598 INFO  storage.RaftStorageDirectory (RaftStorageDirectory.java:analyzeStorage(246)) - The storage directory /workdir/hadoop-ozone/integration-test/target/test-dir/MiniOzoneClusterImpl-329af983-9263-471a-a21f-4499141246e7/datanode-0/data/ratis/62428ee3-e85f-478b-b478-6296b9e5a866 does not exist. Creating ...
2019-08-05 04:33:08,612 INFO  storage.RaftStorageDirectory (RaftStorageDirectory.java:tryLock(328)) - Lock on /workdir/hadoop-ozone/integration-test/target/test-dir/MiniOzoneClusterImpl-329af983-9263-471a-a21f-4499141246e7/datanode-0/data/ratis/62428ee3-e85f-478b-b478-6296b9e5a866/in_use.lock acquired by nodename 22225@byscane-nightly-228d8-4024241517
2019-08-05 04:33:08,625 INFO  storage.RaftStorage (RaftStorage.java:format(72)) - Storage directory /workdir/hadoop-ozone/integration-test/target/test-dir/MiniOzoneClusterImpl-329af983-9263-471a-a21f-4499141246e7/datanode-0/data/ratis/62428ee3-e85f-478b-b478-6296b9e5a866 has been successfully formatted.
2019-08-05 04:33:08,625 INFO  ratis.ContainerStateMachine (ContainerStateMachine.java:loadSnapshot(213)) - group-6296B9E5A866: The snapshot info is null. Setting the last applied indexto:(t:0, i:~)
2019-08-05 04:33:08,626 INFO  server.RaftServerConfigKeys (ConfUtils.java:logGet(43)) - raft.server.leader.election.timeout = 120s (custom)
2019-08-05 04:33:08,626 INFO  server.RaftServerConfigKeys (ConfUtils.java:logGet(43)) - raft.server.log.use.memory = false (default)
2019-08-05 04:33:08,626 INFO  server.RaftServerConfigKeys (ConfUtils.java:logGet(43)) - raft.server.log.purge.gap = 1000000000 (custom)
2019-08-05 04:33:08,626 INFO  server.RaftServerConfigKeys (ConfUtils.java:logGet(43)) - raft.server.log.appender.buffer.byte-limit = 33554432 (custom)
2019-08-05 04:33:08,626 INFO  server.RaftServerConfigKeys (ConfUtils.java:logGet(43)) - raft.server.log.segment.size.max = 1048576 (custom)
2019-08-05 04:33:08,627 INFO  server.RaftServerConfigKeys (ConfUtils.java:logGet(43)) - raft.server.log.segment.cache.num.max = 2 (custom)
2019-08-05 04:33:08,627 INFO  segmented.SegmentedRaftLogWorker (SegmentedRaftLogWorker.java:<init>(172)) - new 64291284-5709-4c72-9131-0169d3f14368-SegmentedRaftLogWorker:Storage Directory /workdir/hadoop-ozone/integration-test/target/test-dir/MiniOzoneClusterImpl-329af983-9263-471a-a21f-4499141246e7/datanode-0/data/ratis/62428ee3-e85f-478b-b478-6296b9e5a866 for RaftStorage:Storage Directory /workdir/hadoop-ozone/integration-test/target/test-dir/MiniOzoneClusterImpl-329af983-9263-471a-a21f-4499141246e7/datanode-0/data/ratis/62428ee3-e85f-478b-b478-6296b9e5a866
2019-08-05 04:33:08,627 INFO  server.RaftServerConfigKeys (ConfUtils.java:logGet(43)) - raft.server.log.queue.byte-limit = 2147483647 (custom)
2019-08-05 04:33:08,627 INFO  server.RaftServerConfigKeys (ConfUtils.java:logGet(43)) - raft.server.log.queue.element-limit = 1024 (custom)
2019-08-05 04:33:08,628 INFO  server.RaftServerConfigKeys (ConfUtils.java:logGet(43)) - raft.server.log.segment.size.max = 1048576 (custom)
2019-08-05 04:33:08,628 INFO  server.RaftServerConfigKeys (ConfUtils.java:logGet(43)) - raft.server.log.preallocated.size = 16384 (custom)
2019-08-05 04:33:08,628 INFO  server.RaftServerConfigKeys (ConfUtils.java:logGet(43)) - raft.server.log.write.buffer.size = 33554432 (custom)
2019-08-05 04:33:08,628 INFO  server.RaftServerConfigKeys (ConfUtils.java:logGet(43)) - raft.server.log.force.sync.num = 128 (default)
2019-08-05 04:33:08,628 INFO  server.RaftServerConfigKeys (ConfUtils.java:logGet(43)) - raft.server.log.statemachine.data.sync = true (default)
2019-08-05 04:33:08,629 INFO  server.RaftServerConfigKeys (ConfUtils.java:logGet(43)) - raft.server.log.statemachine.data.sync.timeout = 10s (default)
2019-08-05 04:33:08,629 INFO  server.RaftServerConfigKeys (ConfUtils.java:logGet(43)) - raft.server.log.statemachine.data.sync.timeout.retry = -1 (default)
2019-08-05 04:33:08,629 INFO  server.RaftServerConfigKeys (ConfUtils.java:logGet(43)) - raft.server.log.statemachine.data.caching.enabled = true (custom)
2019-08-05 04:33:08,630 INFO  segmented.SegmentedRaftLogWorker (SegmentedRaftLogWorker.java:lambda$new$0(132)) - 64291284-5709-4c72-9131-0169d3f14368-SegmentedRaftLogWorker:Storage Directory /workdir/hadoop-ozone/integration-test/target/test-dir/MiniOzoneClusterImpl-329af983-9263-471a-a21f-4499141246e7/datanode-0/data/ratis/62428ee3-e85f-478b-b478-6296b9e5a866: flushIndex: setUnconditionally 0 -> -1
2019-08-05 04:33:08,630 INFO  server.RaftServerConfigKeys (ConfUtils.java:logGet(43)) - raft.server.snapshot.auto.trigger.enabled = true (custom)
2019-08-05 04:33:08,630 INFO  server.RaftServerConfigKeys (ConfUtils.java:logGet(43)) - raft.server.snapshot.auto.trigger.threshold = 10000 (custom)
2019-08-05 04:33:08,631 INFO  server.RaftServerConfigKeys (ConfUtils.java:logGet(43)) - raft.server.retrycache.expirytime = 600000ms (custom)
2019-08-05 04:33:08,631 INFO  impl.RaftServerImpl (RaftServerImpl.java:start(180)) - 64291284-5709-4c72-9131-0169d3f14368: start group-6296B9E5A866
2019-08-05 04:33:08,631 INFO  impl.RaftServerImpl (RaftServerImpl.java:setRole(171)) - 64291284-5709-4c72-9131-0169d3f14368:group-6296B9E5A866 changes role from null to FOLLOWER at term 0 for startAsFollower
2019-08-05 04:33:08,631 INFO  impl.RoleInfo (RoleInfo.java:updateAndGet(143)) - 64291284-5709-4c72-9131-0169d3f14368: start FollowerState
2019-08-05 04:33:08,632 INFO  util.JmxRegister (JmxRegister.java:tryRegister(44)) - Successfully registered JMX Bean with object name Ratis:service=RaftServer,group=group-6296B9E5A866,id=64291284-5709-4c72-9131-0169d3f14368
2019-08-05 04:33:08,642 INFO  pipeline.PipelineStateManager (PipelineStateManager.java:addPipeline(56)) - Created pipeline Pipeline[ Id: 62428ee3-e85f-478b-b478-6296b9e5a866, Nodes: 64291284-5709-4c72-9131-0169d3f14368{ip: 192.168.157.247, host: byscane-nightly-228d8-4024241517, networkLocation: /default-rack, certSerialId: null}, Type:RATIS, Factor:ONE, State:OPEN]
2019-08-05 04:33:09,569 INFO  ozone.MiniOzoneClusterImpl (MiniOzoneClusterImpl.java:lambda$waitForClusterToBeReady$0(142)) - Cluster is ready. Got 1 of 1 DN Heartbeats.
2019-08-05 04:33:09,733 INFO  pipeline.PipelineStateManager (PipelineStateManager.java:addPipeline(56)) - Created pipeline Pipeline[ Id: 314fb75e-fa94-42dd-b9a9-ce0a58fe93cd, Nodes: 64291284-5709-4c72-9131-0169d3f14368{ip: 192.168.157.247, host: byscane-nightly-228d8-4024241517, networkLocation: /default-rack, certSerialId: null}, Type:STAND_ALONE, Factor:ONE, State:OPEN]
2019-08-05 04:33:10,518 INFO  keyvalue.KeyValueHandler (ContainerUtils.java:logAndReturnError(146)) - Operation: CreateContainer : Trace ID: 1c9988e2d609a588:1c9988e2d609a588:0:0 : Message: Container creation failed, due to disk out of space : Result: DISK_OUT_OF_SPACE
04:33:10.520 [grpc-default-executor-0] ERROR DNAudit - user=null | ip=null | op=WRITE_CHUNK {blockData=conID: 6 locID: 102562502437502997 bcsId: 0} | ret=FAILURE
org.apache.hadoop.hdds.scm.container.common.helpers.StorageContainerException: ContainerID 6 creation failed
	at org.apache.hadoop.ozone.container.common.impl.HddsDispatcher.dispatchRequest(HddsDispatcher.java:227) [hadoop-hdds-container-service-0.4.1-SNAPSHOT.jar:?]
	at org.apache.hadoop.ozone.container.common.impl.HddsDispatcher.dispatch(HddsDispatcher.java:148) [hadoop-hdds-container-service-0.4.1-SNAPSHOT.jar:?]
	at org.apache.hadoop.ozone.container.common.transport.server.GrpcXceiverService$1.onNext(GrpcXceiverService.java:73) [hadoop-hdds-container-service-0.4.1-SNAPSHOT.jar:?]
	at org.apache.hadoop.ozone.container.common.transport.server.GrpcXceiverService$1.onNext(GrpcXceiverService.java:61) [hadoop-hdds-container-service-0.4.1-SNAPSHOT.jar:?]
	at org.apache.ratis.thirdparty.io.grpc.stub.ServerCalls$StreamingServerCallHandler$StreamingServerCallListener.onMessage(ServerCalls.java:248) [ratis-thirdparty-misc-0.2.0.jar:0.2.0]
	at org.apache.ratis.thirdparty.io.grpc.ForwardingServerCallListener.onMessage(ForwardingServerCallListener.java:33) [ratis-thirdparty-misc-0.2.0.jar:0.2.0]
	at org.apache.ratis.thirdparty.io.grpc.Contexts$ContextualizedServerCallListener.onMessage(Contexts.java:76) [ratis-thirdparty-misc-0.2.0.jar:0.2.0]
	at org.apache.ratis.thirdparty.io.grpc.ForwardingServerCallListener.onMessage(ForwardingServerCallListener.java:33) [ratis-thirdparty-misc-0.2.0.jar:0.2.0]
	at org.apache.hadoop.hdds.tracing.GrpcServerInterceptor$1.onMessage(GrpcServerInterceptor.java:46) [hadoop-hdds-common-0.4.1-SNAPSHOT.jar:?]
	at org.apache.ratis.thirdparty.io.grpc.internal.ServerCallImpl$ServerStreamListenerImpl.messagesAvailable(ServerCallImpl.java:263) [ratis-thirdparty-misc-0.2.0.jar:0.2.0]
	at org.apache.ratis.thirdparty.io.grpc.internal.ServerImpl$JumpToApplicationThreadServerStreamListener$1MessagesAvailable.runInContext(ServerImpl.java:686) [ratis-thirdparty-misc-0.2.0.jar:0.2.0]
	at org.apache.ratis.thirdparty.io.grpc.internal.ContextRunnable.run(ContextRunnable.java:37) [ratis-thirdparty-misc-0.2.0.jar:0.2.0]
	at org.apache.ratis.thirdparty.io.grpc.internal.SerializingExecutor.run(SerializingExecutor.java:123) [ratis-thirdparty-misc-0.2.0.jar:0.2.0]
	at java.util.concurrent.ThreadPoolExecutor.runWorker(ThreadPoolExecutor.java:1149) [?:1.8.0_212]
	at java.util.concurrent.ThreadPoolExecutor$Worker.run(ThreadPoolExecutor.java:624) [?:1.8.0_212]
	at java.lang.Thread.run(Thread.java:748) [?:1.8.0_212]
2019-08-05 04:33:10,531 INFO  impl.HddsDispatcher (ContainerUtils.java:logAndReturnError(146)) - Operation: WriteChunk : Trace ID: 1c9988e2d609a588:1c9988e2d609a588:0:0 : Message: ContainerID 6 creation failed : Result: DISK_OUT_OF_SPACE
2019-08-05 04:33:10,535 ERROR storage.BlockOutputStream (BlockOutputStream.java:validateResponse(531)) - Unexpected Storage Container Exception: 
org.apache.hadoop.hdds.scm.container.common.helpers.StorageContainerException: ContainerID 6 creation failed
	at org.apache.hadoop.hdds.scm.storage.ContainerProtocolCalls.validateContainerResponse(ContainerProtocolCalls.java:536)
	at org.apache.hadoop.hdds.scm.storage.BlockOutputStream.validateResponse(BlockOutputStream.java:529)
	at org.apache.hadoop.hdds.scm.storage.BlockOutputStream.lambda$writeChunkToContainer$2(BlockOutputStream.java:606)
	at java.util.concurrent.CompletableFuture.uniApply(CompletableFuture.java:602)
	at java.util.concurrent.CompletableFuture$UniApply.tryFire(CompletableFuture.java:577)
	at java.util.concurrent.CompletableFuture$Completion.run(CompletableFuture.java:442)
	at java.util.concurrent.ThreadPoolExecutor.runWorker(ThreadPoolExecutor.java:1149)
	at java.util.concurrent.ThreadPoolExecutor$Worker.run(ThreadPoolExecutor.java:624)
	at java.lang.Thread.run(Thread.java:748)
04:33:10.537 [grpc-default-executor-0] ERROR DNAudit - user=null | ip=null | op=PUT_BLOCK {blockData=[blockId=conID: 6 locID: 102562502437502997 bcsId: 0,size=5]} | ret=FAILURE
org.apache.hadoop.hdds.scm.container.common.helpers.StorageContainerException: ContainerID 6 does not exist
	at org.apache.hadoop.ozone.container.common.impl.HddsDispatcher.dispatchRequest(HddsDispatcher.java:242) [hadoop-hdds-container-service-0.4.1-SNAPSHOT.jar:?]
	at org.apache.hadoop.ozone.container.common.impl.HddsDispatcher.dispatch(HddsDispatcher.java:148) [hadoop-hdds-container-service-0.4.1-SNAPSHOT.jar:?]
	at org.apache.hadoop.ozone.container.common.transport.server.GrpcXceiverService$1.onNext(GrpcXceiverService.java:73) [hadoop-hdds-container-service-0.4.1-SNAPSHOT.jar:?]
	at org.apache.hadoop.ozone.container.common.transport.server.GrpcXceiverService$1.onNext(GrpcXceiverService.java:61) [hadoop-hdds-container-service-0.4.1-SNAPSHOT.jar:?]
	at org.apache.ratis.thirdparty.io.grpc.stub.ServerCalls$StreamingServerCallHandler$StreamingServerCallListener.onMessage(ServerCalls.java:248) [ratis-thirdparty-misc-0.2.0.jar:0.2.0]
	at org.apache.ratis.thirdparty.io.grpc.ForwardingServerCallListener.onMessage(ForwardingServerCallListener.java:33) [ratis-thirdparty-misc-0.2.0.jar:0.2.0]
	at org.apache.ratis.thirdparty.io.grpc.Contexts$ContextualizedServerCallListener.onMessage(Contexts.java:76) [ratis-thirdparty-misc-0.2.0.jar:0.2.0]
	at org.apache.ratis.thirdparty.io.grpc.ForwardingServerCallListener.onMessage(ForwardingServerCallListener.java:33) [ratis-thirdparty-misc-0.2.0.jar:0.2.0]
	at org.apache.hadoop.hdds.tracing.GrpcServerInterceptor$1.onMessage(GrpcServerInterceptor.java:46) [hadoop-hdds-common-0.4.1-SNAPSHOT.jar:?]
	at org.apache.ratis.thirdparty.io.grpc.internal.ServerCallImpl$ServerStreamListenerImpl.messagesAvailable(ServerCallImpl.java:263) [ratis-thirdparty-misc-0.2.0.jar:0.2.0]
	at org.apache.ratis.thirdparty.io.grpc.internal.ServerImpl$JumpToApplicationThreadServerStreamListener$1MessagesAvailable.runInContext(ServerImpl.java:686) [ratis-thirdparty-misc-0.2.0.jar:0.2.0]
	at org.apache.ratis.thirdparty.io.grpc.internal.ContextRunnable.run(ContextRunnable.java:37) [ratis-thirdparty-misc-0.2.0.jar:0.2.0]
	at org.apache.ratis.thirdparty.io.grpc.internal.SerializingExecutor.run(SerializingExecutor.java:123) [ratis-thirdparty-misc-0.2.0.jar:0.2.0]
	at java.util.concurrent.ThreadPoolExecutor.runWorker(ThreadPoolExecutor.java:1149) [?:1.8.0_212]
	at java.util.concurrent.ThreadPoolExecutor$Worker.run(ThreadPoolExecutor.java:624) [?:1.8.0_212]
	at java.lang.Thread.run(Thread.java:748) [?:1.8.0_212]
2019-08-05 04:33:10,537 INFO  impl.HddsDispatcher (ContainerUtils.java:logAndReturnError(146)) - Operation: PutBlock : Trace ID: f6d1ef3cb9c66bf3:f6d1ef3cb9c66bf3:0:0 : Message: ContainerID 6 does not exist : Result: CONTAINER_NOT_FOUND
]]></system-out>
    <system-err><![CDATA[Aug 05, 2019 4:33:04 AM com.sun.jersey.server.impl.application.WebApplicationImpl _initiate
INFO: Initiating Jersey application, version 'Jersey: 1.19 02/11/2015 03:25 AM'
Aug 05, 2019 4:33:09 AM com.sun.jersey.server.impl.application.WebApplicationImpl _initiate
INFO: Initiating Jersey application, version 'Jersey: 1.19 02/11/2015 03:25 AM'
]]></system-err>
  </testcase>
  <testcase name="testSCMReinitialization" classname="org.apache.hadoop.ozone.TestStorageContainerManager" time="10.499"/>
  <testcase name="testCloseContainerCommandOnRestart" classname="org.apache.hadoop.ozone.TestStorageContainerManager" time="7.439">
    <error message="Unexpected Storage Container Exception: org.apache.hadoop.hdds.scm.container.common.helpers.StorageContainerException: ContainerID 6 creation failed" type="java.io.IOException">java.io.IOException: Unexpected Storage Container Exception: org.apache.hadoop.hdds.scm.container.common.helpers.StorageContainerException: ContainerID 6 creation failed
	at org.apache.hadoop.hdds.scm.storage.BlockOutputStream.setIoException(BlockOutputStream.java:541)
	at org.apache.hadoop.hdds.scm.storage.BlockOutputStream.validateResponse(BlockOutputStream.java:532)
	at org.apache.hadoop.hdds.scm.storage.BlockOutputStream.lambda$writeChunkToContainer$2(BlockOutputStream.java:606)
	at java.util.concurrent.CompletableFuture.uniApply(CompletableFuture.java:602)
	at java.util.concurrent.CompletableFuture$UniApply.tryFire(CompletableFuture.java:577)
	at java.util.concurrent.CompletableFuture$Completion.run(CompletableFuture.java:442)
	at java.util.concurrent.ThreadPoolExecutor.runWorker(ThreadPoolExecutor.java:1149)
	at java.util.concurrent.ThreadPoolExecutor$Worker.run(ThreadPoolExecutor.java:624)
	at java.lang.Thread.run(Thread.java:748)
Caused by: org.apache.hadoop.hdds.scm.container.common.helpers.StorageContainerException: ContainerID 6 creation failed
	at org.apache.hadoop.hdds.scm.storage.ContainerProtocolCalls.validateContainerResponse(ContainerProtocolCalls.java:536)
	at org.apache.hadoop.hdds.scm.storage.BlockOutputStream.validateResponse(BlockOutputStream.java:529)
	... 7 more
</error>
    <system-out><![CDATA[2019-08-05 04:33:21,077 WARN  server.ServerUtils (ServerUtils.java:getScmDbDir(145)) - ozone.scm.db.dirs is not configured. We recommend adding this setting. Falling back to ozone.metadata.dirs instead.
2019-08-05 04:33:21,093 WARN  server.ServerUtils (ServerUtils.java:getScmDbDir(145)) - ozone.scm.db.dirs is not configured. We recommend adding this setting. Falling back to ozone.metadata.dirs instead.
2019-08-05 04:33:21,094 WARN  server.ServerUtils (ServerUtils.java:getScmDbDir(145)) - ozone.scm.db.dirs is not configured. We recommend adding this setting. Falling back to ozone.metadata.dirs instead.
2019-08-05 04:33:21,094 INFO  db.DBStoreBuilder (DBStoreBuilder.java:addTable(110)) - using custom profile for table: deletedBlocks
2019-08-05 04:33:21,094 INFO  db.DBStoreBuilder (DBStoreBuilder.java:processTables(161)) - Using default column profile:DBProfile.DISK for Table:deletedBlocks
2019-08-05 04:33:21,095 INFO  db.DBStoreBuilder (DBStoreBuilder.java:addTable(110)) - using custom profile for table: validCerts
2019-08-05 04:33:21,095 INFO  db.DBStoreBuilder (DBStoreBuilder.java:processTables(161)) - Using default column profile:DBProfile.DISK for Table:validCerts
2019-08-05 04:33:21,095 INFO  db.DBStoreBuilder (DBStoreBuilder.java:addTable(110)) - using custom profile for table: revokedCerts
2019-08-05 04:33:21,096 INFO  db.DBStoreBuilder (DBStoreBuilder.java:processTables(161)) - Using default column profile:DBProfile.DISK for Table:revokedCerts
2019-08-05 04:33:21,096 INFO  db.DBStoreBuilder (DBStoreBuilder.java:addTable(110)) - using custom profile for table: default
2019-08-05 04:33:21,096 INFO  db.DBStoreBuilder (DBStoreBuilder.java:processTables(167)) - Using default column profile:DBProfile.DISK for Table:default
2019-08-05 04:33:21,096 INFO  db.DBStoreBuilder (DBStoreBuilder.java:getDbProfile(198)) - Using default options. DBProfile.DISK
2019-08-05 04:33:21,283 INFO  net.NodeSchemaLoader (NodeSchemaLoader.java:loadSchemaFromFile(125)) - Loading file from sun.misc.CompoundEnumeration@12315865
2019-08-05 04:33:21,284 INFO  net.NodeSchemaLoader (NodeSchemaLoader.java:loadSchema(171)) - Loading network topology layer schema file
2019-08-05 04:33:21,289 INFO  node.SCMNodeManager (SCMNodeManager.java:<init>(121)) - Entering startup safe mode.
2019-08-05 04:33:21,290 WARN  server.ServerUtils (ServerUtils.java:getScmDbDir(145)) - ozone.scm.db.dirs is not configured. We recommend adding this setting. Falling back to ozone.metadata.dirs instead.
2019-08-05 04:33:21,345 INFO  pipeline.SCMPipelineManager (SCMPipelineManager.java:initializePipelineState(126)) - No pipeline exists in current db
2019-08-05 04:33:21,345 WARN  server.ServerUtils (ServerUtils.java:getScmDbDir(145)) - ozone.scm.db.dirs is not configured. We recommend adding this setting. Falling back to ozone.metadata.dirs instead.
2019-08-05 04:33:21,399 WARN  events.EventQueue (EventQueue.java:fireEvent(175)) - No event handler registered for event TypedEvent{payloadType=SafeModeStatus, name='SafeModeStatus'}
2019-08-05 04:33:21,401 INFO  ipc.CallQueueManager (CallQueueManager.java:<init>(84)) - Using callQueue: class java.util.concurrent.LinkedBlockingQueue, queueCapacity: 2000, scheduler: class org.apache.hadoop.ipc.DefaultRpcScheduler, ipcBackoff: false.
2019-08-05 04:33:21,402 INFO  ipc.Server (Server.java:run(1074)) - Starting Socket Reader #1 for port 35513
2019-08-05 04:33:21,404 INFO  ipc.CallQueueManager (CallQueueManager.java:<init>(84)) - Using callQueue: class java.util.concurrent.LinkedBlockingQueue, queueCapacity: 2000, scheduler: class org.apache.hadoop.ipc.DefaultRpcScheduler, ipcBackoff: false.
2019-08-05 04:33:21,405 INFO  ipc.Server (Server.java:run(1074)) - Starting Socket Reader #1 for port 39990
2019-08-05 04:33:21,407 INFO  ipc.CallQueueManager (CallQueueManager.java:<init>(84)) - Using callQueue: class java.util.concurrent.LinkedBlockingQueue, queueCapacity: 2000, scheduler: class org.apache.hadoop.ipc.DefaultRpcScheduler, ipcBackoff: false.
2019-08-05 04:33:21,407 INFO  ipc.Server (Server.java:run(1074)) - Starting Socket Reader #1 for port 40263
2019-08-05 04:33:21,413 INFO  hdfs.DFSUtil (DFSUtil.java:httpServerTemplateForNNAndJN(1641)) - Starting Web-server for scm at: http://0.0.0.0:0
2019-08-05 04:33:21,418 INFO  server.AuthenticationFilter (AuthenticationFilter.java:constructSecretProvider(240)) - Unable to initialize FileSignerSecretProvider, falling back to use random secrets.
2019-08-05 04:33:21,420 WARN  http.HttpRequestLog (HttpRequestLog.java:getRequestLog(97)) - Jetty request log can only be enabled using Log4j
2019-08-05 04:33:21,423 INFO  http.HttpServer2 (HttpServer2.java:addGlobalFilter(975)) - Added global filter 'safety' (class=org.apache.hadoop.http.HttpServer2$QuotingInputFilter)
2019-08-05 04:33:21,424 INFO  http.HttpServer2 (HttpServer2.java:addFilter(948)) - Added filter static_user_filter (class=org.apache.hadoop.http.lib.StaticUserWebFilter$StaticUserFilter) to context scm
2019-08-05 04:33:21,424 INFO  http.HttpServer2 (HttpServer2.java:addFilter(958)) - Added filter static_user_filter (class=org.apache.hadoop.http.lib.StaticUserWebFilter$StaticUserFilter) to context logs
2019-08-05 04:33:21,424 INFO  http.HttpServer2 (HttpServer2.java:addFilter(958)) - Added filter static_user_filter (class=org.apache.hadoop.http.lib.StaticUserWebFilter$StaticUserFilter) to context static
2019-08-05 04:33:21,429 INFO  server.StorageContainerManager (StorageContainerManager.java:start(758)) - StorageContainerLocationProtocol RPC server is listening at /0.0.0.0:40263
2019-08-05 04:33:21,431 WARN  impl.MetricsConfig (MetricsConfig.java:loadFirst(134)) - Cannot locate configuration: tried hadoop-metrics2-storagecontainermanager.properties,hadoop-metrics2.properties
2019-08-05 04:33:21,433 INFO  impl.MetricsSystemImpl (MetricsSystemImpl.java:startTimer(374)) - Scheduled Metric snapshot period at 10 second(s).
2019-08-05 04:33:21,433 INFO  impl.MetricsSystemImpl (MetricsSystemImpl.java:start(191)) - StorageContainerManager metrics system started
2019-08-05 04:33:21,542 INFO  server.SCMClientProtocolServer (SCMClientProtocolServer.java:start(151)) - RPC server for Client  is listening at /0.0.0.0:40263
2019-08-05 04:33:21,543 INFO  ipc.Server (Server.java:run(1314)) - IPC Server Responder: starting
2019-08-05 04:33:21,543 INFO  ipc.Server (Server.java:run(1153)) - IPC Server listener on 40263: starting
2019-08-05 04:33:21,549 INFO  server.StorageContainerManager (StorageContainerManager.java:start(768)) - ScmBlockLocationProtocol RPC server is listening at /0.0.0.0:39990
2019-08-05 04:33:21,549 INFO  server.SCMBlockProtocolServer (SCMBlockProtocolServer.java:start(140)) - RPC server for Block Protocol is listening at /0.0.0.0:39990
2019-08-05 04:33:21,549 INFO  ipc.Server (Server.java:run(1314)) - IPC Server Responder: starting
2019-08-05 04:33:21,549 INFO  ipc.Server (Server.java:run(1153)) - IPC Server listener on 39990: starting
2019-08-05 04:33:21,555 INFO  server.StorageContainerManager (StorageContainerManager.java:start(772)) - ScmDatanodeProtocl RPC server is listening at /0.0.0.0:35513
2019-08-05 04:33:21,555 INFO  server.SCMDatanodeProtocolServer (SCMDatanodeProtocolServer.java:start(191)) - RPC server for DataNodes is listening at /0.0.0.0:35513
2019-08-05 04:33:21,556 INFO  ipc.Server (Server.java:run(1314)) - IPC Server Responder: starting
2019-08-05 04:33:21,557 INFO  ipc.Server (Server.java:run(1153)) - IPC Server listener on 35513: starting
2019-08-05 04:33:21,562 INFO  http.HttpServer2 (HttpServer2.java:bindListener(1191)) - Jetty bound to port 33133
2019-08-05 04:33:21,562 INFO  server.Server (Server.java:doStart(351)) - jetty-9.3.24.v20180605, build timestamp: 2018-06-05T17:11:56Z, git hash: 84205aa28f11a4f31f2a3b86d1bba2cc8ab69827
2019-08-05 04:33:21,565 INFO  handler.ContextHandler (ContextHandler.java:doStart(781)) - Started o.e.j.s.ServletContextHandler@80488b1{/logs,file:///workdir/hadoop-ozone/integration-test/target/log,AVAILABLE}
2019-08-05 04:33:21,565 INFO  handler.ContextHandler (ContextHandler.java:doStart(781)) - Started o.e.j.s.ServletContextHandler@425ef827{/static,file:///workdir/hadoop-ozone/integration-test/target/test-classes/webapps/static,AVAILABLE}
2019-08-05 04:33:21,571 INFO  handler.ContextHandler (ContextHandler.java:doStart(781)) - Started o.e.j.w.WebAppContext@7e4144c3{/,file:///workdir/hadoop-ozone/integration-test/target/test-classes/webapps/scm/,AVAILABLE}{/scm}
2019-08-05 04:33:21,572 INFO  server.AbstractConnector (AbstractConnector.java:doStart(278)) - Started ServerConnector@a6d3e16{HTTP/1.1,[http/1.1]}{0.0.0.0:33133}
2019-08-05 04:33:21,573 INFO  server.Server (Server.java:doStart(419)) - Started @39120ms
2019-08-05 04:33:21,574 INFO  server.BaseHttpServer (BaseHttpServer.java:updateConnectorAddress(207)) - HTTP server of SCM is listening at http://0.0.0.0:33133
2019-08-05 04:33:21,576 WARN  server.ServerUtils (ServerUtils.java:getDBPath(222)) - ozone.om.db.dirs is not configured. We recommend adding this setting. Falling back to ozone.metadata.dirs instead.
2019-08-05 04:33:21,576 INFO  util.JvmPauseMonitor (JvmPauseMonitor.java:run(188)) - Starting JVM pause monitor
2019-08-05 04:33:21,589 WARN  server.ServerUtils (ServerUtils.java:getDBPath(222)) - ozone.om.db.dirs is not configured. We recommend adding this setting. Falling back to ozone.metadata.dirs instead.
2019-08-05 04:33:21,590 WARN  server.ServerUtils (ServerUtils.java:getDBPath(222)) - ozone.om.db.dirs is not configured. We recommend adding this setting. Falling back to ozone.metadata.dirs instead.
2019-08-05 04:33:21,590 INFO  om.OzoneManager (OzoneManager.java:setOMNodeDetails(644)) - OM Service ID is not set. Setting it to the default ID: omServiceIdDefault
2019-08-05 04:33:21,590 INFO  om.OzoneManager (OzoneManager.java:setOMNodeDetails(650)) - OM Node ID is not set. Setting it to the OmStorage's OmID: 894efd0d-383f-4fe7-aabf-1a673c216794
2019-08-05 04:33:21,591 INFO  om.OzoneManager (OzoneManager.java:loadOMHAConfigs(601)) - Found matching OM address with OMServiceId: null, OMNodeId: null, RPC Address: localhost:0 and Ratis port: 9872
2019-08-05 04:33:21,600 WARN  server.ServerUtils (ServerUtils.java:getDBPath(222)) - ozone.om.db.dirs is not configured. We recommend adding this setting. Falling back to ozone.metadata.dirs instead.
2019-08-05 04:33:21,600 INFO  db.DBStoreBuilder (DBStoreBuilder.java:addTable(110)) - using custom profile for table: userTable
2019-08-05 04:33:21,601 INFO  db.DBStoreBuilder (DBStoreBuilder.java:processTables(161)) - Using default column profile:DBProfile.DISK for Table:userTable
2019-08-05 04:33:21,601 INFO  db.DBStoreBuilder (DBStoreBuilder.java:addTable(110)) - using custom profile for table: volumeTable
2019-08-05 04:33:21,601 INFO  db.DBStoreBuilder (DBStoreBuilder.java:processTables(161)) - Using default column profile:DBProfile.DISK for Table:volumeTable
2019-08-05 04:33:21,601 INFO  db.DBStoreBuilder (DBStoreBuilder.java:addTable(110)) - using custom profile for table: bucketTable
2019-08-05 04:33:21,601 INFO  db.DBStoreBuilder (DBStoreBuilder.java:processTables(161)) - Using default column profile:DBProfile.DISK for Table:bucketTable
2019-08-05 04:33:21,601 INFO  db.DBStoreBuilder (DBStoreBuilder.java:addTable(110)) - using custom profile for table: keyTable
2019-08-05 04:33:21,602 INFO  db.DBStoreBuilder (DBStoreBuilder.java:processTables(161)) - Using default column profile:DBProfile.DISK for Table:keyTable
2019-08-05 04:33:21,602 INFO  db.DBStoreBuilder (DBStoreBuilder.java:addTable(110)) - using custom profile for table: deletedTable
2019-08-05 04:33:21,602 INFO  db.DBStoreBuilder (DBStoreBuilder.java:processTables(161)) - Using default column profile:DBProfile.DISK for Table:deletedTable
2019-08-05 04:33:21,602 INFO  db.DBStoreBuilder (DBStoreBuilder.java:addTable(110)) - using custom profile for table: openKeyTable
2019-08-05 04:33:21,602 INFO  db.DBStoreBuilder (DBStoreBuilder.java:processTables(161)) - Using default column profile:DBProfile.DISK for Table:openKeyTable
2019-08-05 04:33:21,602 INFO  db.DBStoreBuilder (DBStoreBuilder.java:addTable(110)) - using custom profile for table: s3Table
2019-08-05 04:33:21,603 INFO  db.DBStoreBuilder (DBStoreBuilder.java:processTables(161)) - Using default column profile:DBProfile.DISK for Table:s3Table
2019-08-05 04:33:21,603 INFO  db.DBStoreBuilder (DBStoreBuilder.java:addTable(110)) - using custom profile for table: multipartInfoTable
2019-08-05 04:33:21,603 INFO  db.DBStoreBuilder (DBStoreBuilder.java:processTables(161)) - Using default column profile:DBProfile.DISK for Table:multipartInfoTable
2019-08-05 04:33:21,603 INFO  db.DBStoreBuilder (DBStoreBuilder.java:addTable(110)) - using custom profile for table: dTokenTable
2019-08-05 04:33:21,603 INFO  db.DBStoreBuilder (DBStoreBuilder.java:processTables(161)) - Using default column profile:DBProfile.DISK for Table:dTokenTable
2019-08-05 04:33:21,603 INFO  db.DBStoreBuilder (DBStoreBuilder.java:addTable(110)) - using custom profile for table: s3SecretTable
2019-08-05 04:33:21,604 INFO  db.DBStoreBuilder (DBStoreBuilder.java:processTables(161)) - Using default column profile:DBProfile.DISK for Table:s3SecretTable
2019-08-05 04:33:21,604 INFO  db.DBStoreBuilder (DBStoreBuilder.java:addTable(110)) - using custom profile for table: prefixTable
2019-08-05 04:33:21,604 INFO  db.DBStoreBuilder (DBStoreBuilder.java:processTables(161)) - Using default column profile:DBProfile.DISK for Table:prefixTable
2019-08-05 04:33:21,604 INFO  db.DBStoreBuilder (DBStoreBuilder.java:addTable(110)) - using custom profile for table: default
2019-08-05 04:33:21,604 INFO  db.DBStoreBuilder (DBStoreBuilder.java:processTables(167)) - Using default column profile:DBProfile.DISK for Table:default
2019-08-05 04:33:21,604 INFO  db.DBStoreBuilder (DBStoreBuilder.java:getDbProfile(198)) - Using default options. DBProfile.DISK
2019-08-05 04:33:22,136 INFO  ipc.CallQueueManager (CallQueueManager.java:<init>(84)) - Using callQueue: class java.util.concurrent.LinkedBlockingQueue, queueCapacity: 2000, scheduler: class org.apache.hadoop.ipc.DefaultRpcScheduler, ipcBackoff: false.
2019-08-05 04:33:22,138 INFO  ipc.Server (Server.java:run(1074)) - Starting Socket Reader #1 for port 42877
2019-08-05 04:33:22,160 INFO  om.OzoneManager (OzoneManager.java:start(1255)) - OzoneManager RPC server is listening at localhost/127.0.0.1:42877
2019-08-05 04:33:22,161 INFO  impl.MetricsSystemImpl (MetricsSystemImpl.java:init(158)) - OzoneManager metrics system started (again)
2019-08-05 04:33:22,162 INFO  ipc.Server (Server.java:run(1153)) - IPC Server listener on 42877: starting
2019-08-05 04:33:22,162 INFO  ipc.Server (Server.java:run(1314)) - IPC Server Responder: starting
2019-08-05 04:33:22,171 INFO  hdfs.DFSUtil (DFSUtil.java:httpServerTemplateForNNAndJN(1641)) - Starting Web-server for ozoneManager at: http://0.0.0.0:0
2019-08-05 04:33:22,173 INFO  server.AuthenticationFilter (AuthenticationFilter.java:constructSecretProvider(240)) - Unable to initialize FileSignerSecretProvider, falling back to use random secrets.
2019-08-05 04:33:22,173 WARN  http.HttpRequestLog (HttpRequestLog.java:getRequestLog(97)) - Jetty request log can only be enabled using Log4j
2019-08-05 04:33:22,175 INFO  http.HttpServer2 (HttpServer2.java:addGlobalFilter(975)) - Added global filter 'safety' (class=org.apache.hadoop.http.HttpServer2$QuotingInputFilter)
2019-08-05 04:33:22,176 INFO  http.HttpServer2 (HttpServer2.java:addFilter(948)) - Added filter static_user_filter (class=org.apache.hadoop.http.lib.StaticUserWebFilter$StaticUserFilter) to context ozoneManager
2019-08-05 04:33:22,176 INFO  http.HttpServer2 (HttpServer2.java:addFilter(958)) - Added filter static_user_filter (class=org.apache.hadoop.http.lib.StaticUserWebFilter$StaticUserFilter) to context logs
2019-08-05 04:33:22,176 INFO  http.HttpServer2 (HttpServer2.java:addFilter(958)) - Added filter static_user_filter (class=org.apache.hadoop.http.lib.StaticUserWebFilter$StaticUserFilter) to context static
2019-08-05 04:33:22,177 INFO  http.HttpServer2 (HttpServer2.java:bindListener(1191)) - Jetty bound to port 43084
2019-08-05 04:33:22,177 INFO  server.Server (Server.java:doStart(351)) - jetty-9.3.24.v20180605, build timestamp: 2018-06-05T17:11:56Z, git hash: 84205aa28f11a4f31f2a3b86d1bba2cc8ab69827
2019-08-05 04:33:22,179 INFO  handler.ContextHandler (ContextHandler.java:doStart(781)) - Started o.e.j.s.ServletContextHandler@1fb9248a{/logs,file:///workdir/hadoop-ozone/integration-test/target/log,AVAILABLE}
2019-08-05 04:33:22,181 INFO  handler.ContextHandler (ContextHandler.java:doStart(781)) - Started o.e.j.s.ServletContextHandler@3495f16f{/static,file:///workdir/hadoop-ozone/integration-test/target/test-classes/webapps/static,AVAILABLE}
2019-08-05 04:33:22,186 INFO  handler.ContextHandler (ContextHandler.java:doStart(781)) - Started o.e.j.w.WebAppContext@3ec48c5f{/,file:///workdir/hadoop-ozone/integration-test/target/test-classes/webapps/ozoneManager/,AVAILABLE}{/ozoneManager}
2019-08-05 04:33:22,187 INFO  server.AbstractConnector (AbstractConnector.java:doStart(278)) - Started ServerConnector@2f58909e{HTTP/1.1,[http/1.1]}{0.0.0.0:43084}
2019-08-05 04:33:22,188 INFO  server.Server (Server.java:doStart(419)) - Started @39736ms
2019-08-05 04:33:22,189 INFO  server.BaseHttpServer (BaseHttpServer.java:updateConnectorAddress(207)) - HTTP server of OZONEMANAGER is listening at http://0.0.0.0:43084
2019-08-05 04:33:22,195 INFO  impl.MetricsSystemImpl (MetricsSystemImpl.java:init(158)) - HddsDatanode metrics system started (again)
2019-08-05 04:33:22,201 INFO  ozone.HddsDatanodeService (HddsDatanodeService.java:start(184)) - HddsDatanodeService host:byscane-nightly-228d8-4024241517 ip:192.168.157.247
2019-08-05 04:33:22,211 INFO  volume.HddsVolume (HddsVolume.java:<init>(176)) - Creating Volume: /workdir/hadoop-ozone/integration-test/target/test-dir/MiniOzoneClusterImpl-89f8efca-c349-4d1d-8ca9-48596d36c7e0/datanode-0/data/containers/hdds of  storage type : DISK and capacity : 52710309888
2019-08-05 04:33:22,212 INFO  volume.VolumeSet (VolumeSet.java:initializeVolumeSet(170)) - Added Volume : /workdir/hadoop-ozone/integration-test/target/test-dir/MiniOzoneClusterImpl-89f8efca-c349-4d1d-8ca9-48596d36c7e0/datanode-0/data/containers/hdds to VolumeSet
2019-08-05 04:33:22,212 INFO  volume.ThrottledAsyncChecker (ThrottledAsyncChecker.java:schedule(140)) - Scheduling a check for org.apache.hadoop.ozone.container.common.volume.HddsVolume@1982762c
2019-08-05 04:33:22,213 INFO  volume.HddsVolumeChecker (HddsVolumeChecker.java:checkAllVolumes(203)) - Scheduled health check for volume org.apache.hadoop.ozone.container.common.volume.HddsVolume@1982762c
2019-08-05 04:33:22,236 INFO  impl.RaftServerProxy (ConfUtils.java:logGet(43)) - raft.rpc.type = GRPC (default)
2019-08-05 04:33:22,236 INFO  grpc.GrpcFactory (GrpcFactory.java:checkPooledByteBufAllocatorUseCacheForAllThreads(45)) - PERFORMANCE WARNING: useCacheForAllThreads is true that may cause Netty to create a lot garbage objects and, as a result, trigger GC.
	It is recommended to disable useCacheForAllThreads by setting -Dorg.apache.ratis.thirdparty.io.netty.allocator.useCacheForAllThreads=false in command line.
2019-08-05 04:33:22,238 INFO  grpc.GrpcConfigKeys$Server (ConfUtils.java:logGet(43)) - raft.grpc.server.port = 0 (default)
2019-08-05 04:33:22,239 INFO  server.GrpcService (ConfUtils.java:logGet(43)) - raft.grpc.message.size.max = 33570816 (custom)
2019-08-05 04:33:22,239 INFO  server.RaftServerConfigKeys (ConfUtils.java:logGet(43)) - raft.server.log.appender.buffer.byte-limit = 33554432 (custom)
2019-08-05 04:33:22,239 INFO  server.GrpcService (ConfUtils.java:logGet(43)) - raft.grpc.flow.control.window = 1MB (=1048576) (default)
2019-08-05 04:33:22,240 INFO  server.RaftServerConfigKeys (ConfUtils.java:logGet(43)) - raft.server.rpc.request.timeout = 3000ms (default)
2019-08-05 04:33:22,241 INFO  server.RaftServerConfigKeys (ConfUtils.java:logGet(43)) - raft.server.storage.dir = [/workdir/hadoop-ozone/integration-test/target/test-dir/MiniOzoneClusterImpl-89f8efca-c349-4d1d-8ca9-48596d36c7e0/datanode-0/data/ratis] (custom)
2019-08-05 04:33:22,241 INFO  replication.SimpleContainerDownloader (SimpleContainerDownloader.java:<init>(72)) - Starting container downloader service to copy containers to replicate.
2019-08-05 04:33:22,244 INFO  hdfs.DFSUtil (DFSUtil.java:httpServerTemplateForNNAndJN(1641)) - Starting Web-server for hddsDatanode at: http://0.0.0.0:0
2019-08-05 04:33:22,246 INFO  server.AuthenticationFilter (AuthenticationFilter.java:constructSecretProvider(240)) - Unable to initialize FileSignerSecretProvider, falling back to use random secrets.
2019-08-05 04:33:22,246 WARN  http.HttpRequestLog (HttpRequestLog.java:getRequestLog(97)) - Jetty request log can only be enabled using Log4j
2019-08-05 04:33:22,248 INFO  http.HttpServer2 (HttpServer2.java:addGlobalFilter(975)) - Added global filter 'safety' (class=org.apache.hadoop.http.HttpServer2$QuotingInputFilter)
2019-08-05 04:33:22,249 INFO  http.HttpServer2 (HttpServer2.java:addFilter(948)) - Added filter static_user_filter (class=org.apache.hadoop.http.lib.StaticUserWebFilter$StaticUserFilter) to context hddsDatanode
2019-08-05 04:33:22,249 INFO  http.HttpServer2 (HttpServer2.java:addFilter(958)) - Added filter static_user_filter (class=org.apache.hadoop.http.lib.StaticUserWebFilter$StaticUserFilter) to context static
2019-08-05 04:33:22,249 INFO  http.HttpServer2 (HttpServer2.java:addFilter(958)) - Added filter static_user_filter (class=org.apache.hadoop.http.lib.StaticUserWebFilter$StaticUserFilter) to context logs
2019-08-05 04:33:22,250 INFO  http.HttpServer2 (HttpServer2.java:bindListener(1191)) - Jetty bound to port 44443
2019-08-05 04:33:22,250 INFO  server.Server (Server.java:doStart(351)) - jetty-9.3.24.v20180605, build timestamp: 2018-06-05T17:11:56Z, git hash: 84205aa28f11a4f31f2a3b86d1bba2cc8ab69827
2019-08-05 04:33:22,252 INFO  handler.ContextHandler (ContextHandler.java:doStart(781)) - Started o.e.j.s.ServletContextHandler@1d4fe7cd{/logs,file:///workdir/hadoop-ozone/integration-test/target/log,AVAILABLE}
2019-08-05 04:33:22,253 INFO  handler.ContextHandler (ContextHandler.java:doStart(781)) - Started o.e.j.s.ServletContextHandler@1149bcd8{/static,jar:file:/home/user/.m2/repository/org/apache/hadoop/hadoop-hdds-container-service/0.4.1-SNAPSHOT/hadoop-hdds-container-service-0.4.1-SNAPSHOT.jar!/webapps/static,AVAILABLE}
2019-08-05 04:33:22,289 INFO  handler.ContextHandler (ContextHandler.java:doStart(781)) - Started o.e.j.w.WebAppContext@610d38a4{/,file:///tmp/jetty-0.0.0.0-44443-hddsDatanode-_-any-7630808409563053612.dir/webapp/,AVAILABLE}{/hddsDatanode}
2019-08-05 04:33:22,290 INFO  server.AbstractConnector (AbstractConnector.java:doStart(278)) - Started ServerConnector@451fc641{HTTP/1.1,[http/1.1]}{0.0.0.0:44443}
2019-08-05 04:33:22,292 INFO  server.Server (Server.java:doStart(419)) - Started @39839ms
2019-08-05 04:33:22,293 INFO  server.BaseHttpServer (BaseHttpServer.java:updateConnectorAddress(207)) - HTTP server of HDDSDATANODE is listening at http://0.0.0.0:44443
2019-08-05 04:33:22,455 INFO  ozone.HddsDatanodeService (HddsDatanodeService.java:startPlugins(395)) - Started plug-in org.apache.hadoop.ozone.web.OzoneHddsDatanodeService@7240a331
2019-08-05 04:33:22,455 INFO  ozone.MiniOzoneClusterImpl (MiniOzoneClusterImpl.java:lambda$waitForClusterToBeReady$0(142)) - Waiting for cluster to be ready. Got 0 of 1 DN Heartbeats.
2019-08-05 04:33:22,460 INFO  util.JvmPauseMonitor (JvmPauseMonitor.java:run(188)) - Starting JVM pause monitor
2019-08-05 04:33:22,463 INFO  datanode.InitDatanodeState (InitDatanodeState.java:persistContainerDatanodeDetails(140)) - DatanodeDetails is persisted to /workdir/hadoop-ozone/integration-test/target/test-dir/MiniOzoneClusterImpl-89f8efca-c349-4d1d-8ca9-48596d36c7e0/datanode-0/meta/datanode.id
2019-08-05 04:33:23,459 INFO  ozone.MiniOzoneClusterImpl (MiniOzoneClusterImpl.java:lambda$waitForClusterToBeReady$0(142)) - Waiting for cluster to be ready. Got 0 of 1 DN Heartbeats.
2019-08-05 04:33:24,459 INFO  ozone.MiniOzoneClusterImpl (MiniOzoneClusterImpl.java:lambda$waitForClusterToBeReady$0(142)) - Waiting for cluster to be ready. Got 0 of 1 DN Heartbeats.
2019-08-05 04:33:24,482 INFO  ozoneimpl.OzoneContainer (OzoneContainer.java:start(186)) - Attempting to start container services.
2019-08-05 04:33:24,485 INFO  ozoneimpl.OzoneContainer (OzoneContainer.java:startContainerScrub(160)) - Background container scrubber has been disabled by hdds.containerscrub.enabled
2019-08-05 04:33:24,485 INFO  ratis.XceiverServerRatis (XceiverServerRatis.java:start(404)) - Starting XceiverServerRatis fe0618c2-608f-4f0e-96fd-49803d278192 at port 0
2019-08-05 04:33:24,496 INFO  impl.RaftServerProxy (RaftServerProxy.java:lambda$start$3(299)) - fe0618c2-608f-4f0e-96fd-49803d278192: start RPC server
2019-08-05 04:33:24,501 INFO  server.GrpcService (GrpcService.java:startImpl(149)) - fe0618c2-608f-4f0e-96fd-49803d278192: GrpcService started, listening on 0.0.0.0/0.0.0.0:34852
2019-08-05 04:33:24,501 INFO  ratis.XceiverServerRatis (XceiverServerRatis.java:start(414)) - XceiverServerRatis fe0618c2-608f-4f0e-96fd-49803d278192 is started using port 34852
2019-08-05 04:33:24,504 INFO  server.XceiverServerGrpc (XceiverServerGrpc.java:start(161)) - XceiverServerGrpc fe0618c2-608f-4f0e-96fd-49803d278192 is started using port 39123
2019-08-05 04:33:25,460 INFO  ozone.MiniOzoneClusterImpl (MiniOzoneClusterImpl.java:lambda$waitForClusterToBeReady$0(142)) - Waiting for cluster to be ready. Got 0 of 1 DN Heartbeats.
2019-08-05 04:33:26,460 INFO  ozone.MiniOzoneClusterImpl (MiniOzoneClusterImpl.java:lambda$waitForClusterToBeReady$0(142)) - Waiting for cluster to be ready. Got 0 of 1 DN Heartbeats.
2019-08-05 04:33:26,464 INFO  net.NetworkTopology (NetworkTopologyImpl.java:add(110)) - Added a new node: /default-rack/fe0618c2-608f-4f0e-96fd-49803d278192
2019-08-05 04:33:26,465 INFO  node.SCMNodeManager (SCMNodeManager.java:register(273)) - Registered Data node : fe0618c2-608f-4f0e-96fd-49803d278192{ip: 192.168.157.247, host: byscane-nightly-228d8-4024241517, networkLocation: /default-rack, certSerialId: null}
2019-08-05 04:33:26,469 INFO  safemode.SCMSafeModeManager (DataNodeSafeModeRule.java:process(71)) - SCM in safe mode. 1 DataNodes registered, 1 required.
2019-08-05 04:33:26,471 INFO  safemode.SCMSafeModeManager (SCMSafeModeManager.java:validateSafeModeExitRules(177)) - ScmSafeModeManager, all rules are successfully validated
2019-08-05 04:33:26,471 INFO  safemode.SCMSafeModeManager (SCMSafeModeManager.java:exitSafeMode(193)) - SCM exiting safe mode.
2019-08-05 04:33:26,498 INFO  impl.RaftServerProxy (RaftServerProxy.java:addNew(89)) - fe0618c2-608f-4f0e-96fd-49803d278192: addNew group-5A0754673D46:[fe0618c2-608f-4f0e-96fd-49803d278192:192.168.157.247:34852] returns group-5A0754673D46:java.util.concurrent.CompletableFuture@612cbc2c[Not completed]
2019-08-05 04:33:26,500 INFO  impl.RaftServerImpl (RaftServerImpl.java:<init>(93)) - fe0618c2-608f-4f0e-96fd-49803d278192: new RaftServerImpl for group-5A0754673D46:[fe0618c2-608f-4f0e-96fd-49803d278192:192.168.157.247:34852] with ContainerStateMachine:uninitialized
2019-08-05 04:33:26,502 INFO  server.RaftServerConfigKeys (ConfUtils.java:logGet(43)) - raft.server.rpc.timeout.min = 5s (custom)
2019-08-05 04:33:26,502 INFO  server.RaftServerConfigKeys (ConfUtils.java:logGet(43)) - raft.server.rpc.timeout.max = 5200ms (custom)
2019-08-05 04:33:26,502 INFO  server.RaftServerConfigKeys (ConfUtils.java:logGet(43)) - raft.server.rpcslowness.timeout = 120s (custom)
2019-08-05 04:33:26,502 INFO  server.RaftServerConfigKeys (ConfUtils.java:logGet(43)) - raft.server.sleep.deviation.threshold = 300 (default)
2019-08-05 04:33:26,502 INFO  server.RaftServerConfigKeys (ConfUtils.java:logGet(43)) - raft.server.log.appender.install.snapshot.enabled = false (custom)
2019-08-05 04:33:26,503 INFO  impl.RaftServerImpl (ServerState.java:<init>(105)) - fe0618c2-608f-4f0e-96fd-49803d278192:group-5A0754673D46 ConfigurationManager, init=-1: [fe0618c2-608f-4f0e-96fd-49803d278192:192.168.157.247:34852], old=null, confs=<EMPTY_MAP>
2019-08-05 04:33:26,503 INFO  server.RaftServerConfigKeys (ConfUtils.java:logGet(43)) - raft.server.storage.dir = [/workdir/hadoop-ozone/integration-test/target/test-dir/MiniOzoneClusterImpl-89f8efca-c349-4d1d-8ca9-48596d36c7e0/datanode-0/data/ratis] (custom)
2019-08-05 04:33:26,504 INFO  storage.RaftStorageDirectory (RaftStorageDirectory.java:analyzeStorage(246)) - The storage directory /workdir/hadoop-ozone/integration-test/target/test-dir/MiniOzoneClusterImpl-89f8efca-c349-4d1d-8ca9-48596d36c7e0/datanode-0/data/ratis/b1997be8-e077-482c-8288-5a0754673d46 does not exist. Creating ...
2019-08-05 04:33:26,517 INFO  storage.RaftStorageDirectory (RaftStorageDirectory.java:tryLock(328)) - Lock on /workdir/hadoop-ozone/integration-test/target/test-dir/MiniOzoneClusterImpl-89f8efca-c349-4d1d-8ca9-48596d36c7e0/datanode-0/data/ratis/b1997be8-e077-482c-8288-5a0754673d46/in_use.lock acquired by nodename 22225@byscane-nightly-228d8-4024241517
2019-08-05 04:33:26,530 INFO  storage.RaftStorage (RaftStorage.java:format(72)) - Storage directory /workdir/hadoop-ozone/integration-test/target/test-dir/MiniOzoneClusterImpl-89f8efca-c349-4d1d-8ca9-48596d36c7e0/datanode-0/data/ratis/b1997be8-e077-482c-8288-5a0754673d46 has been successfully formatted.
2019-08-05 04:33:26,531 INFO  ratis.ContainerStateMachine (ContainerStateMachine.java:loadSnapshot(213)) - group-5A0754673D46: The snapshot info is null. Setting the last applied indexto:(t:0, i:~)
2019-08-05 04:33:26,531 INFO  server.RaftServerConfigKeys (ConfUtils.java:logGet(43)) - raft.server.leader.election.timeout = 120s (custom)
2019-08-05 04:33:26,531 INFO  server.RaftServerConfigKeys (ConfUtils.java:logGet(43)) - raft.server.log.use.memory = false (default)
2019-08-05 04:33:26,532 INFO  server.RaftServerConfigKeys (ConfUtils.java:logGet(43)) - raft.server.log.purge.gap = 1000000000 (custom)
2019-08-05 04:33:26,532 INFO  server.RaftServerConfigKeys (ConfUtils.java:logGet(43)) - raft.server.log.appender.buffer.byte-limit = 33554432 (custom)
2019-08-05 04:33:26,532 INFO  server.RaftServerConfigKeys (ConfUtils.java:logGet(43)) - raft.server.log.segment.size.max = 1048576 (custom)
2019-08-05 04:33:26,532 INFO  server.RaftServerConfigKeys (ConfUtils.java:logGet(43)) - raft.server.log.segment.cache.num.max = 2 (custom)
2019-08-05 04:33:26,533 INFO  segmented.SegmentedRaftLogWorker (SegmentedRaftLogWorker.java:<init>(172)) - new fe0618c2-608f-4f0e-96fd-49803d278192-SegmentedRaftLogWorker:Storage Directory /workdir/hadoop-ozone/integration-test/target/test-dir/MiniOzoneClusterImpl-89f8efca-c349-4d1d-8ca9-48596d36c7e0/datanode-0/data/ratis/b1997be8-e077-482c-8288-5a0754673d46 for RaftStorage:Storage Directory /workdir/hadoop-ozone/integration-test/target/test-dir/MiniOzoneClusterImpl-89f8efca-c349-4d1d-8ca9-48596d36c7e0/datanode-0/data/ratis/b1997be8-e077-482c-8288-5a0754673d46
2019-08-05 04:33:26,533 INFO  server.RaftServerConfigKeys (ConfUtils.java:logGet(43)) - raft.server.log.queue.byte-limit = 2147483647 (custom)
2019-08-05 04:33:26,533 INFO  server.RaftServerConfigKeys (ConfUtils.java:logGet(43)) - raft.server.log.queue.element-limit = 1024 (custom)
2019-08-05 04:33:26,533 INFO  server.RaftServerConfigKeys (ConfUtils.java:logGet(43)) - raft.server.log.segment.size.max = 1048576 (custom)
2019-08-05 04:33:26,534 INFO  server.RaftServerConfigKeys (ConfUtils.java:logGet(43)) - raft.server.log.preallocated.size = 16384 (custom)
2019-08-05 04:33:26,534 INFO  server.RaftServerConfigKeys (ConfUtils.java:logGet(43)) - raft.server.log.write.buffer.size = 33554432 (custom)
2019-08-05 04:33:26,534 INFO  server.RaftServerConfigKeys (ConfUtils.java:logGet(43)) - raft.server.log.force.sync.num = 128 (default)
2019-08-05 04:33:26,534 INFO  server.RaftServerConfigKeys (ConfUtils.java:logGet(43)) - raft.server.log.statemachine.data.sync = true (default)
2019-08-05 04:33:26,534 INFO  server.RaftServerConfigKeys (ConfUtils.java:logGet(43)) - raft.server.log.statemachine.data.sync.timeout = 10s (default)
2019-08-05 04:33:26,535 INFO  server.RaftServerConfigKeys (ConfUtils.java:logGet(43)) - raft.server.log.statemachine.data.sync.timeout.retry = -1 (default)
2019-08-05 04:33:26,535 INFO  server.RaftServerConfigKeys (ConfUtils.java:logGet(43)) - raft.server.log.statemachine.data.caching.enabled = true (custom)
2019-08-05 04:33:26,535 INFO  segmented.SegmentedRaftLogWorker (SegmentedRaftLogWorker.java:lambda$new$0(132)) - fe0618c2-608f-4f0e-96fd-49803d278192-SegmentedRaftLogWorker:Storage Directory /workdir/hadoop-ozone/integration-test/target/test-dir/MiniOzoneClusterImpl-89f8efca-c349-4d1d-8ca9-48596d36c7e0/datanode-0/data/ratis/b1997be8-e077-482c-8288-5a0754673d46: flushIndex: setUnconditionally 0 -> -1
2019-08-05 04:33:26,536 INFO  server.RaftServerConfigKeys (ConfUtils.java:logGet(43)) - raft.server.snapshot.auto.trigger.enabled = true (custom)
2019-08-05 04:33:26,536 INFO  server.RaftServerConfigKeys (ConfUtils.java:logGet(43)) - raft.server.snapshot.auto.trigger.threshold = 10000 (custom)
2019-08-05 04:33:26,536 INFO  server.RaftServerConfigKeys (ConfUtils.java:logGet(43)) - raft.server.retrycache.expirytime = 600000ms (custom)
2019-08-05 04:33:26,537 INFO  impl.RaftServerImpl (RaftServerImpl.java:start(180)) - fe0618c2-608f-4f0e-96fd-49803d278192: start group-5A0754673D46
2019-08-05 04:33:26,537 INFO  impl.RaftServerImpl (RaftServerImpl.java:setRole(171)) - fe0618c2-608f-4f0e-96fd-49803d278192:group-5A0754673D46 changes role from null to FOLLOWER at term 0 for startAsFollower
2019-08-05 04:33:26,537 INFO  impl.RoleInfo (RoleInfo.java:updateAndGet(143)) - fe0618c2-608f-4f0e-96fd-49803d278192: start FollowerState
2019-08-05 04:33:26,538 INFO  util.JmxRegister (JmxRegister.java:tryRegister(44)) - Successfully registered JMX Bean with object name Ratis:service=RaftServer,group=group-5A0754673D46,id=fe0618c2-608f-4f0e-96fd-49803d278192
2019-08-05 04:33:26,548 INFO  pipeline.PipelineStateManager (PipelineStateManager.java:addPipeline(56)) - Created pipeline Pipeline[ Id: b1997be8-e077-482c-8288-5a0754673d46, Nodes: fe0618c2-608f-4f0e-96fd-49803d278192{ip: 192.168.157.247, host: byscane-nightly-228d8-4024241517, networkLocation: /default-rack, certSerialId: null}, Type:RATIS, Factor:ONE, State:OPEN]
2019-08-05 04:33:27,461 INFO  ozone.MiniOzoneClusterImpl (MiniOzoneClusterImpl.java:lambda$waitForClusterToBeReady$0(142)) - Cluster is ready. Got 1 of 1 DN Heartbeats.
2019-08-05 04:33:27,742 INFO  pipeline.PipelineStateManager (PipelineStateManager.java:addPipeline(56)) - Created pipeline Pipeline[ Id: 02ddce29-2ca4-4258-bb0d-73d2ed748d18, Nodes: fe0618c2-608f-4f0e-96fd-49803d278192{ip: 192.168.157.247, host: byscane-nightly-228d8-4024241517, networkLocation: /default-rack, certSerialId: null}, Type:STAND_ALONE, Factor:ONE, State:OPEN]
2019-08-05 04:33:28,477 INFO  keyvalue.KeyValueHandler (ContainerUtils.java:logAndReturnError(146)) - Operation: CreateContainer : Trace ID: 51e2151c9613c299:51e2151c9613c299:0:0 : Message: Container creation failed, due to disk out of space : Result: DISK_OUT_OF_SPACE
04:33:28.478 [grpc-default-executor-0] ERROR DNAudit - user=null | ip=null | op=WRITE_CHUNK {blockData=conID: 6 locID: 102562503620755489 bcsId: 0} | ret=FAILURE
org.apache.hadoop.hdds.scm.container.common.helpers.StorageContainerException: ContainerID 6 creation failed
	at org.apache.hadoop.ozone.container.common.impl.HddsDispatcher.dispatchRequest(HddsDispatcher.java:227) [hadoop-hdds-container-service-0.4.1-SNAPSHOT.jar:?]
	at org.apache.hadoop.ozone.container.common.impl.HddsDispatcher.dispatch(HddsDispatcher.java:148) [hadoop-hdds-container-service-0.4.1-SNAPSHOT.jar:?]
	at org.apache.hadoop.ozone.container.common.transport.server.GrpcXceiverService$1.onNext(GrpcXceiverService.java:73) [hadoop-hdds-container-service-0.4.1-SNAPSHOT.jar:?]
	at org.apache.hadoop.ozone.container.common.transport.server.GrpcXceiverService$1.onNext(GrpcXceiverService.java:61) [hadoop-hdds-container-service-0.4.1-SNAPSHOT.jar:?]
	at org.apache.ratis.thirdparty.io.grpc.stub.ServerCalls$StreamingServerCallHandler$StreamingServerCallListener.onMessage(ServerCalls.java:248) [ratis-thirdparty-misc-0.2.0.jar:0.2.0]
	at org.apache.ratis.thirdparty.io.grpc.ForwardingServerCallListener.onMessage(ForwardingServerCallListener.java:33) [ratis-thirdparty-misc-0.2.0.jar:0.2.0]
	at org.apache.ratis.thirdparty.io.grpc.Contexts$ContextualizedServerCallListener.onMessage(Contexts.java:76) [ratis-thirdparty-misc-0.2.0.jar:0.2.0]
	at org.apache.ratis.thirdparty.io.grpc.ForwardingServerCallListener.onMessage(ForwardingServerCallListener.java:33) [ratis-thirdparty-misc-0.2.0.jar:0.2.0]
	at org.apache.hadoop.hdds.tracing.GrpcServerInterceptor$1.onMessage(GrpcServerInterceptor.java:46) [hadoop-hdds-common-0.4.1-SNAPSHOT.jar:?]
	at org.apache.ratis.thirdparty.io.grpc.internal.ServerCallImpl$ServerStreamListenerImpl.messagesAvailable(ServerCallImpl.java:263) [ratis-thirdparty-misc-0.2.0.jar:0.2.0]
	at org.apache.ratis.thirdparty.io.grpc.internal.ServerImpl$JumpToApplicationThreadServerStreamListener$1MessagesAvailable.runInContext(ServerImpl.java:686) [ratis-thirdparty-misc-0.2.0.jar:0.2.0]
	at org.apache.ratis.thirdparty.io.grpc.internal.ContextRunnable.run(ContextRunnable.java:37) [ratis-thirdparty-misc-0.2.0.jar:0.2.0]
	at org.apache.ratis.thirdparty.io.grpc.internal.SerializingExecutor.run(SerializingExecutor.java:123) [ratis-thirdparty-misc-0.2.0.jar:0.2.0]
	at java.util.concurrent.ThreadPoolExecutor.runWorker(ThreadPoolExecutor.java:1149) [?:1.8.0_212]
	at java.util.concurrent.ThreadPoolExecutor$Worker.run(ThreadPoolExecutor.java:624) [?:1.8.0_212]
	at java.lang.Thread.run(Thread.java:748) [?:1.8.0_212]
2019-08-05 04:33:28,479 INFO  impl.HddsDispatcher (ContainerUtils.java:logAndReturnError(146)) - Operation: WriteChunk : Trace ID: 51e2151c9613c299:51e2151c9613c299:0:0 : Message: ContainerID 6 creation failed : Result: DISK_OUT_OF_SPACE
2019-08-05 04:33:28,481 ERROR storage.BlockOutputStream (BlockOutputStream.java:validateResponse(531)) - Unexpected Storage Container Exception: 
org.apache.hadoop.hdds.scm.container.common.helpers.StorageContainerException: ContainerID 6 creation failed
	at org.apache.hadoop.hdds.scm.storage.ContainerProtocolCalls.validateContainerResponse(ContainerProtocolCalls.java:536)
	at org.apache.hadoop.hdds.scm.storage.BlockOutputStream.validateResponse(BlockOutputStream.java:529)
	at org.apache.hadoop.hdds.scm.storage.BlockOutputStream.lambda$writeChunkToContainer$2(BlockOutputStream.java:606)
	at java.util.concurrent.CompletableFuture.uniApply(CompletableFuture.java:602)
	at java.util.concurrent.CompletableFuture$UniApply.tryFire(CompletableFuture.java:577)
	at java.util.concurrent.CompletableFuture$Completion.run(CompletableFuture.java:442)
	at java.util.concurrent.ThreadPoolExecutor.runWorker(ThreadPoolExecutor.java:1149)
	at java.util.concurrent.ThreadPoolExecutor$Worker.run(ThreadPoolExecutor.java:624)
	at java.lang.Thread.run(Thread.java:748)
04:33:28.486 [grpc-default-executor-0] ERROR DNAudit - user=null | ip=null | op=PUT_BLOCK {blockData=[blockId=conID: 6 locID: 102562503620755489 bcsId: 0,size=5]} | ret=FAILURE
org.apache.hadoop.hdds.scm.container.common.helpers.StorageContainerException: ContainerID 6 does not exist
	at org.apache.hadoop.ozone.container.common.impl.HddsDispatcher.dispatchRequest(HddsDispatcher.java:242) [hadoop-hdds-container-service-0.4.1-SNAPSHOT.jar:?]
	at org.apache.hadoop.ozone.container.common.impl.HddsDispatcher.dispatch(HddsDispatcher.java:148) [hadoop-hdds-container-service-0.4.1-SNAPSHOT.jar:?]
	at org.apache.hadoop.ozone.container.common.transport.server.GrpcXceiverService$1.onNext(GrpcXceiverService.java:73) [hadoop-hdds-container-service-0.4.1-SNAPSHOT.jar:?]
	at org.apache.hadoop.ozone.container.common.transport.server.GrpcXceiverService$1.onNext(GrpcXceiverService.java:61) [hadoop-hdds-container-service-0.4.1-SNAPSHOT.jar:?]
	at org.apache.ratis.thirdparty.io.grpc.stub.ServerCalls$StreamingServerCallHandler$StreamingServerCallListener.onMessage(ServerCalls.java:248) [ratis-thirdparty-misc-0.2.0.jar:0.2.0]
	at org.apache.ratis.thirdparty.io.grpc.ForwardingServerCallListener.onMessage(ForwardingServerCallListener.java:33) [ratis-thirdparty-misc-0.2.0.jar:0.2.0]
	at org.apache.ratis.thirdparty.io.grpc.Contexts$ContextualizedServerCallListener.onMessage(Contexts.java:76) [ratis-thirdparty-misc-0.2.0.jar:0.2.0]
	at org.apache.ratis.thirdparty.io.grpc.ForwardingServerCallListener.onMessage(ForwardingServerCallListener.java:33) [ratis-thirdparty-misc-0.2.0.jar:0.2.0]
	at org.apache.hadoop.hdds.tracing.GrpcServerInterceptor$1.onMessage(GrpcServerInterceptor.java:46) [hadoop-hdds-common-0.4.1-SNAPSHOT.jar:?]
	at org.apache.ratis.thirdparty.io.grpc.internal.ServerCallImpl$ServerStreamListenerImpl.messagesAvailable(ServerCallImpl.java:263) [ratis-thirdparty-misc-0.2.0.jar:0.2.0]
	at org.apache.ratis.thirdparty.io.grpc.internal.ServerImpl$JumpToApplicationThreadServerStreamListener$1MessagesAvailable.runInContext(ServerImpl.java:686) [ratis-thirdparty-misc-0.2.0.jar:0.2.0]
	at org.apache.ratis.thirdparty.io.grpc.internal.ContextRunnable.run(ContextRunnable.java:37) [ratis-thirdparty-misc-0.2.0.jar:0.2.0]
	at org.apache.ratis.thirdparty.io.grpc.internal.SerializingExecutor.run(SerializingExecutor.java:123) [ratis-thirdparty-misc-0.2.0.jar:0.2.0]
	at java.util.concurrent.ThreadPoolExecutor.runWorker(ThreadPoolExecutor.java:1149) [?:1.8.0_212]
	at java.util.concurrent.ThreadPoolExecutor$Worker.run(ThreadPoolExecutor.java:624) [?:1.8.0_212]
	at java.lang.Thread.run(Thread.java:748) [?:1.8.0_212]
2019-08-05 04:33:28,486 INFO  impl.HddsDispatcher (ContainerUtils.java:logAndReturnError(146)) - Operation: PutBlock : Trace ID: fa232c5d4b9b5a33:fa232c5d4b9b5a33:0:0 : Message: ContainerID 6 does not exist : Result: CONTAINER_NOT_FOUND
]]></system-out>
    <system-err><![CDATA[Aug 05, 2019 4:33:22 AM com.sun.jersey.server.impl.application.WebApplicationImpl _initiate
INFO: Initiating Jersey application, version 'Jersey: 1.19 02/11/2015 03:25 AM'
Aug 05, 2019 4:33:27 AM com.sun.jersey.server.impl.application.WebApplicationImpl _initiate
INFO: Initiating Jersey application, version 'Jersey: 1.19 02/11/2015 03:25 AM'
Aug 05, 2019 4:33:27 AM org.apache.ratis.thirdparty.io.grpc.internal.ManagedChannelOrphanWrapper$ManagedChannelReference cleanQueue
SEVERE: *~*~*~ Channel ManagedChannelImpl{logId=28, target=192.168.157.247:44230} was not shutdown properly!!! ~*~*~*
    Make sure to call shutdown()/shutdownNow() and wait until awaitTermination() returns true.
java.lang.RuntimeException: ManagedChannel allocation site
	at org.apache.ratis.thirdparty.io.grpc.internal.ManagedChannelOrphanWrapper$ManagedChannelReference.<init>(ManagedChannelOrphanWrapper.java:103)
	at org.apache.ratis.thirdparty.io.grpc.internal.ManagedChannelOrphanWrapper.<init>(ManagedChannelOrphanWrapper.java:53)
	at org.apache.ratis.thirdparty.io.grpc.internal.ManagedChannelOrphanWrapper.<init>(ManagedChannelOrphanWrapper.java:44)
	at org.apache.ratis.thirdparty.io.grpc.internal.AbstractManagedChannelImplBuilder.build(AbstractManagedChannelImplBuilder.java:411)
	at org.apache.hadoop.hdds.scm.XceiverClientGrpc.connectToDatanode(XceiverClientGrpc.java:174)
	at org.apache.hadoop.hdds.scm.XceiverClientGrpc.reconnect(XceiverClientGrpc.java:422)
	at org.apache.hadoop.hdds.scm.XceiverClientGrpc.sendCommandAsync(XceiverClientGrpc.java:371)
	at org.apache.hadoop.hdds.scm.XceiverClientGrpc.sendCommandAsync(XceiverClientGrpc.java:346)
	at org.apache.hadoop.hdds.scm.storage.ContainerProtocolCalls.writeChunkAsync(ContainerProtocolCalls.java:310)
	at org.apache.hadoop.hdds.scm.storage.BlockOutputStream.writeChunkToContainer(BlockOutputStream.java:601)
	at org.apache.hadoop.hdds.scm.storage.BlockOutputStream.writeChunk(BlockOutputStream.java:459)
	at org.apache.hadoop.hdds.scm.storage.BlockOutputStream.handleFlush(BlockOutputStream.java:470)
	at org.apache.hadoop.hdds.scm.storage.BlockOutputStream.close(BlockOutputStream.java:493)
	at org.apache.hadoop.ozone.client.io.BlockOutputStreamEntry.close(BlockOutputStreamEntry.java:143)
	at org.apache.hadoop.ozone.client.io.KeyOutputStream.handleFlushOrClose(KeyOutputStream.java:434)
	at org.apache.hadoop.ozone.client.io.KeyOutputStream.close(KeyOutputStream.java:472)
	at org.apache.hadoop.ozone.client.io.OzoneOutputStream.close(OzoneOutputStream.java:60)
	at org.apache.hadoop.ozone.TestStorageContainerManagerHelper.createKeys(TestStorageContainerManagerHelper.java:102)
	at org.apache.hadoop.ozone.TestStorageContainerManager.testBlockDeletingThrottling(TestStorageContainerManager.java:338)
	at sun.reflect.NativeMethodAccessorImpl.invoke0(Native Method)
	at sun.reflect.NativeMethodAccessorImpl.invoke(NativeMethodAccessorImpl.java:62)
	at sun.reflect.DelegatingMethodAccessorImpl.invoke(DelegatingMethodAccessorImpl.java:43)
	at java.lang.reflect.Method.invoke(Method.java:498)
	at org.junit.runners.model.FrameworkMethod$1.runReflectiveCall(FrameworkMethod.java:47)
	at org.junit.internal.runners.model.ReflectiveCallable.run(ReflectiveCallable.java:12)
	at org.junit.runners.model.FrameworkMethod.invokeExplosively(FrameworkMethod.java:44)
	at org.junit.internal.runners.statements.InvokeMethod.evaluate(InvokeMethod.java:17)
	at org.junit.internal.runners.statements.FailOnTimeout$StatementThread.run(FailOnTimeout.java:74)

Aug 05, 2019 4:33:27 AM org.apache.ratis.thirdparty.io.grpc.internal.ManagedChannelOrphanWrapper$ManagedChannelReference cleanQueue
SEVERE: *~*~*~ Channel ManagedChannelImpl{logId=12, target=192.168.157.247:46405} was not shutdown properly!!! ~*~*~*
    Make sure to call shutdown()/shutdownNow() and wait until awaitTermination() returns true.
java.lang.RuntimeException: ManagedChannel allocation site
	at org.apache.ratis.thirdparty.io.grpc.internal.ManagedChannelOrphanWrapper$ManagedChannelReference.<init>(ManagedChannelOrphanWrapper.java:103)
	at org.apache.ratis.thirdparty.io.grpc.internal.ManagedChannelOrphanWrapper.<init>(ManagedChannelOrphanWrapper.java:53)
	at org.apache.ratis.thirdparty.io.grpc.internal.ManagedChannelOrphanWrapper.<init>(ManagedChannelOrphanWrapper.java:44)
	at org.apache.ratis.thirdparty.io.grpc.internal.AbstractManagedChannelImplBuilder.build(AbstractManagedChannelImplBuilder.java:411)
	at org.apache.hadoop.hdds.scm.XceiverClientGrpc.connectToDatanode(XceiverClientGrpc.java:174)
	at org.apache.hadoop.hdds.scm.XceiverClientGrpc.reconnect(XceiverClientGrpc.java:422)
	at org.apache.hadoop.hdds.scm.XceiverClientGrpc.sendCommandAsync(XceiverClientGrpc.java:371)
	at org.apache.hadoop.hdds.scm.XceiverClientGrpc.sendCommandAsync(XceiverClientGrpc.java:346)
	at org.apache.hadoop.hdds.scm.storage.ContainerProtocolCalls.writeChunkAsync(ContainerProtocolCalls.java:310)
	at org.apache.hadoop.hdds.scm.storage.BlockOutputStream.writeChunkToContainer(BlockOutputStream.java:601)
	at org.apache.hadoop.hdds.scm.storage.BlockOutputStream.writeChunk(BlockOutputStream.java:459)
	at org.apache.hadoop.hdds.scm.storage.BlockOutputStream.handleFlush(BlockOutputStream.java:470)
	at org.apache.hadoop.hdds.scm.storage.BlockOutputStream.close(BlockOutputStream.java:493)
	at org.apache.hadoop.ozone.client.io.BlockOutputStreamEntry.close(BlockOutputStreamEntry.java:143)
	at org.apache.hadoop.ozone.client.io.KeyOutputStream.handleFlushOrClose(KeyOutputStream.java:434)
	at org.apache.hadoop.ozone.client.io.KeyOutputStream.close(KeyOutputStream.java:472)
	at org.apache.hadoop.ozone.client.io.OzoneOutputStream.close(OzoneOutputStream.java:60)
	at org.apache.hadoop.ozone.TestStorageContainerManagerHelper.createKeys(TestStorageContainerManagerHelper.java:102)
	at org.apache.hadoop.ozone.TestStorageContainerManager.testBlockDeletionTransactions(TestStorageContainerManager.java:249)
	at sun.reflect.NativeMethodAccessorImpl.invoke0(Native Method)
	at sun.reflect.NativeMethodAccessorImpl.invoke(NativeMethodAccessorImpl.java:62)
	at sun.reflect.DelegatingMethodAccessorImpl.invoke(DelegatingMethodAccessorImpl.java:43)
	at java.lang.reflect.Method.invoke(Method.java:498)
	at org.junit.runners.model.FrameworkMethod$1.runReflectiveCall(FrameworkMethod.java:47)
	at org.junit.internal.runners.model.ReflectiveCallable.run(ReflectiveCallable.java:12)
	at org.junit.runners.model.FrameworkMethod.invokeExplosively(FrameworkMethod.java:44)
	at org.junit.internal.runners.statements.InvokeMethod.evaluate(InvokeMethod.java:17)
	at org.junit.internal.runners.statements.FailOnTimeout$StatementThread.run(FailOnTimeout.java:74)

]]></system-err>
  </testcase>
  <testcase name="testRpcPermission" classname="org.apache.hadoop.ozone.TestStorageContainerManager" time="32.518"/>
  <testcase name="testSCMInitializationFailure" classname="org.apache.hadoop.ozone.TestStorageContainerManager" time="0.031"/>
  <testcase name="testSCMInitialization" classname="org.apache.hadoop.ozone.TestStorageContainerManager" time="0.03"/>
  <testcase name="testScmProcessDatanodeHeartbeat" classname="org.apache.hadoop.ozone.TestStorageContainerManager" time="29.016">
    <failure type="java.lang.AssertionError">java.lang.AssertionError
	at org.junit.Assert.fail(Assert.java:86)
	at org.junit.Assert.assertTrue(Assert.java:41)
	at org.junit.Assert.assertTrue(Assert.java:52)
	at org.apache.hadoop.ozone.TestStorageContainerManager.testScmProcessDatanodeHeartbeat(TestStorageContainerManager.java:531)
	at sun.reflect.NativeMethodAccessorImpl.invoke0(Native Method)
	at sun.reflect.NativeMethodAccessorImpl.invoke(NativeMethodAccessorImpl.java:62)
	at sun.reflect.DelegatingMethodAccessorImpl.invoke(DelegatingMethodAccessorImpl.java:43)
	at java.lang.reflect.Method.invoke(Method.java:498)
	at org.junit.runners.model.FrameworkMethod$1.runReflectiveCall(FrameworkMethod.java:47)
	at org.junit.internal.runners.model.ReflectiveCallable.run(ReflectiveCallable.java:12)
	at org.junit.runners.model.FrameworkMethod.invokeExplosively(FrameworkMethod.java:44)
	at org.junit.internal.runners.statements.InvokeMethod.evaluate(InvokeMethod.java:17)
	at org.junit.internal.runners.statements.FailOnTimeout$StatementThread.run(FailOnTimeout.java:74)
</failure>
    <system-out><![CDATA[2019-08-05 04:34:01,092 WARN  server.ServerUtils (ServerUtils.java:getScmDbDir(145)) - ozone.scm.db.dirs is not configured. We recommend adding this setting. Falling back to ozone.metadata.dirs instead.
2019-08-05 04:34:01,119 WARN  server.ServerUtils (ServerUtils.java:getScmDbDir(145)) - ozone.scm.db.dirs is not configured. We recommend adding this setting. Falling back to ozone.metadata.dirs instead.
2019-08-05 04:34:01,119 WARN  server.ServerUtils (ServerUtils.java:getScmDbDir(145)) - ozone.scm.db.dirs is not configured. We recommend adding this setting. Falling back to ozone.metadata.dirs instead.
2019-08-05 04:34:01,120 INFO  db.DBStoreBuilder (DBStoreBuilder.java:addTable(110)) - using custom profile for table: deletedBlocks
2019-08-05 04:34:01,120 INFO  db.DBStoreBuilder (DBStoreBuilder.java:processTables(161)) - Using default column profile:DBProfile.DISK for Table:deletedBlocks
2019-08-05 04:34:01,120 INFO  db.DBStoreBuilder (DBStoreBuilder.java:addTable(110)) - using custom profile for table: validCerts
2019-08-05 04:34:01,121 INFO  db.DBStoreBuilder (DBStoreBuilder.java:processTables(161)) - Using default column profile:DBProfile.DISK for Table:validCerts
2019-08-05 04:34:01,121 INFO  db.DBStoreBuilder (DBStoreBuilder.java:addTable(110)) - using custom profile for table: revokedCerts
2019-08-05 04:34:01,121 INFO  db.DBStoreBuilder (DBStoreBuilder.java:processTables(161)) - Using default column profile:DBProfile.DISK for Table:revokedCerts
2019-08-05 04:34:01,121 INFO  db.DBStoreBuilder (DBStoreBuilder.java:addTable(110)) - using custom profile for table: default
2019-08-05 04:34:01,121 INFO  db.DBStoreBuilder (DBStoreBuilder.java:processTables(167)) - Using default column profile:DBProfile.DISK for Table:default
2019-08-05 04:34:01,122 INFO  db.DBStoreBuilder (DBStoreBuilder.java:getDbProfile(198)) - Using default options. DBProfile.DISK
2019-08-05 04:34:01,280 INFO  net.NodeSchemaLoader (NodeSchemaLoader.java:loadSchemaFromFile(125)) - Loading file from sun.misc.CompoundEnumeration@7137c325
2019-08-05 04:34:01,280 INFO  net.NodeSchemaLoader (NodeSchemaLoader.java:loadSchema(171)) - Loading network topology layer schema file
2019-08-05 04:34:01,284 WARN  server.ServerUtils (ServerUtils.java:sanitizeUserArgs(70)) - ozone.scm.stale.node.interval value = 300000 is larger than max = 100000 based on the key value of ozone.scm.heartbeat.thread.interval, reset to the max value 100000.
2019-08-05 04:34:01,284 WARN  server.ServerUtils (ServerUtils.java:sanitizeUserArgs(70)) - ozone.scm.stale.node.interval value = 300000 is larger than max = 100000 based on the key value of ozone.scm.heartbeat.thread.interval, reset to the max value 100000.
2019-08-05 04:34:01,285 INFO  node.SCMNodeManager (SCMNodeManager.java:<init>(121)) - Entering startup safe mode.
2019-08-05 04:34:01,286 INFO  Configuration.deprecation (Configuration.java:logDeprecation(1394)) - hadoop.configured.node.mapping is deprecated. Instead, use net.topology.configured.node.mapping
2019-08-05 04:34:01,286 WARN  server.ServerUtils (ServerUtils.java:getScmDbDir(145)) - ozone.scm.db.dirs is not configured. We recommend adding this setting. Falling back to ozone.metadata.dirs instead.
2019-08-05 04:34:01,343 INFO  pipeline.SCMPipelineManager (SCMPipelineManager.java:initializePipelineState(126)) - No pipeline exists in current db
2019-08-05 04:34:01,344 WARN  server.ServerUtils (ServerUtils.java:getScmDbDir(145)) - ozone.scm.db.dirs is not configured. We recommend adding this setting. Falling back to ozone.metadata.dirs instead.
2019-08-05 04:34:01,407 WARN  events.EventQueue (EventQueue.java:fireEvent(175)) - No event handler registered for event TypedEvent{payloadType=SafeModeStatus, name='SafeModeStatus'}
2019-08-05 04:34:01,408 INFO  ipc.CallQueueManager (CallQueueManager.java:<init>(84)) - Using callQueue: class java.util.concurrent.LinkedBlockingQueue, queueCapacity: 2000, scheduler: class org.apache.hadoop.ipc.DefaultRpcScheduler, ipcBackoff: false.
2019-08-05 04:34:01,409 INFO  ipc.Server (Server.java:run(1074)) - Starting Socket Reader #1 for port 37046
2019-08-05 04:34:01,412 INFO  ipc.CallQueueManager (CallQueueManager.java:<init>(84)) - Using callQueue: class java.util.concurrent.LinkedBlockingQueue, queueCapacity: 2000, scheduler: class org.apache.hadoop.ipc.DefaultRpcScheduler, ipcBackoff: false.
2019-08-05 04:34:01,413 INFO  ipc.Server (Server.java:run(1074)) - Starting Socket Reader #1 for port 38804
2019-08-05 04:34:01,417 INFO  ipc.CallQueueManager (CallQueueManager.java:<init>(84)) - Using callQueue: class java.util.concurrent.LinkedBlockingQueue, queueCapacity: 2000, scheduler: class org.apache.hadoop.ipc.DefaultRpcScheduler, ipcBackoff: false.
2019-08-05 04:34:01,418 INFO  ipc.Server (Server.java:run(1074)) - Starting Socket Reader #1 for port 42745
2019-08-05 04:34:01,422 INFO  hdfs.DFSUtil (DFSUtil.java:httpServerTemplateForNNAndJN(1641)) - Starting Web-server for scm at: http://0.0.0.0:0
2019-08-05 04:34:01,424 INFO  server.AuthenticationFilter (AuthenticationFilter.java:constructSecretProvider(240)) - Unable to initialize FileSignerSecretProvider, falling back to use random secrets.
2019-08-05 04:34:01,425 WARN  http.HttpRequestLog (HttpRequestLog.java:getRequestLog(97)) - Jetty request log can only be enabled using Log4j
2019-08-05 04:34:01,427 INFO  http.HttpServer2 (HttpServer2.java:addGlobalFilter(975)) - Added global filter 'safety' (class=org.apache.hadoop.http.HttpServer2$QuotingInputFilter)
2019-08-05 04:34:01,428 INFO  http.HttpServer2 (HttpServer2.java:addFilter(948)) - Added filter static_user_filter (class=org.apache.hadoop.http.lib.StaticUserWebFilter$StaticUserFilter) to context scm
2019-08-05 04:34:01,428 INFO  http.HttpServer2 (HttpServer2.java:addFilter(958)) - Added filter static_user_filter (class=org.apache.hadoop.http.lib.StaticUserWebFilter$StaticUserFilter) to context logs
2019-08-05 04:34:01,428 INFO  http.HttpServer2 (HttpServer2.java:addFilter(958)) - Added filter static_user_filter (class=org.apache.hadoop.http.lib.StaticUserWebFilter$StaticUserFilter) to context static
2019-08-05 04:34:01,430 INFO  server.StorageContainerManager (StorageContainerManager.java:start(758)) - StorageContainerLocationProtocol RPC server is listening at /0.0.0.0:42745
2019-08-05 04:34:01,433 WARN  impl.MetricsConfig (MetricsConfig.java:loadFirst(134)) - Cannot locate configuration: tried hadoop-metrics2-storagecontainermanager.properties,hadoop-metrics2.properties
2019-08-05 04:34:01,434 INFO  impl.MetricsSystemImpl (MetricsSystemImpl.java:startTimer(374)) - Scheduled Metric snapshot period at 10 second(s).
2019-08-05 04:34:01,434 INFO  impl.MetricsSystemImpl (MetricsSystemImpl.java:start(191)) - StorageContainerManager metrics system started
2019-08-05 04:34:01,576 INFO  server.SCMClientProtocolServer (SCMClientProtocolServer.java:start(151)) - RPC server for Client  is listening at /0.0.0.0:42745
2019-08-05 04:34:01,577 INFO  ipc.Server (Server.java:run(1314)) - IPC Server Responder: starting
2019-08-05 04:34:01,578 INFO  ipc.Server (Server.java:run(1153)) - IPC Server listener on 42745: starting
2019-08-05 04:34:01,584 INFO  server.StorageContainerManager (StorageContainerManager.java:start(768)) - ScmBlockLocationProtocol RPC server is listening at /0.0.0.0:38804
2019-08-05 04:34:01,584 INFO  server.SCMBlockProtocolServer (SCMBlockProtocolServer.java:start(140)) - RPC server for Block Protocol is listening at /0.0.0.0:38804
2019-08-05 04:34:01,584 INFO  ipc.Server (Server.java:run(1314)) - IPC Server Responder: starting
2019-08-05 04:34:01,584 INFO  ipc.Server (Server.java:run(1153)) - IPC Server listener on 38804: starting
2019-08-05 04:34:01,590 INFO  server.StorageContainerManager (StorageContainerManager.java:start(772)) - ScmDatanodeProtocl RPC server is listening at /0.0.0.0:37046
2019-08-05 04:34:01,590 INFO  server.SCMDatanodeProtocolServer (SCMDatanodeProtocolServer.java:start(191)) - RPC server for DataNodes is listening at /0.0.0.0:37046
2019-08-05 04:34:01,590 INFO  ipc.Server (Server.java:run(1314)) - IPC Server Responder: starting
2019-08-05 04:34:01,592 INFO  ipc.Server (Server.java:run(1153)) - IPC Server listener on 37046: starting
2019-08-05 04:34:01,596 INFO  http.HttpServer2 (HttpServer2.java:bindListener(1191)) - Jetty bound to port 41695
2019-08-05 04:34:01,596 INFO  server.Server (Server.java:doStart(351)) - jetty-9.3.24.v20180605, build timestamp: 2018-06-05T17:11:56Z, git hash: 84205aa28f11a4f31f2a3b86d1bba2cc8ab69827
2019-08-05 04:34:01,598 INFO  handler.ContextHandler (ContextHandler.java:doStart(781)) - Started o.e.j.s.ServletContextHandler@20bb32f7{/logs,file:///workdir/hadoop-ozone/integration-test/target/log,AVAILABLE}
2019-08-05 04:34:01,599 INFO  handler.ContextHandler (ContextHandler.java:doStart(781)) - Started o.e.j.s.ServletContextHandler@18f68c79{/static,file:///workdir/hadoop-ozone/integration-test/target/test-classes/webapps/static,AVAILABLE}
2019-08-05 04:34:01,604 INFO  handler.ContextHandler (ContextHandler.java:doStart(781)) - Started o.e.j.w.WebAppContext@33e94cf4{/,file:///workdir/hadoop-ozone/integration-test/target/test-classes/webapps/scm/,AVAILABLE}{/scm}
2019-08-05 04:34:01,604 INFO  server.AbstractConnector (AbstractConnector.java:doStart(278)) - Started ServerConnector@739703aa{HTTP/1.1,[http/1.1]}{0.0.0.0:41695}
2019-08-05 04:34:01,605 INFO  server.Server (Server.java:doStart(419)) - Started @79153ms
2019-08-05 04:34:01,606 INFO  server.BaseHttpServer (BaseHttpServer.java:updateConnectorAddress(207)) - HTTP server of SCM is listening at http://0.0.0.0:41695
2019-08-05 04:34:01,606 WARN  server.ServerUtils (ServerUtils.java:getDBPath(222)) - ozone.om.db.dirs is not configured. We recommend adding this setting. Falling back to ozone.metadata.dirs instead.
2019-08-05 04:34:01,612 INFO  util.JvmPauseMonitor (JvmPauseMonitor.java:run(188)) - Starting JVM pause monitor
2019-08-05 04:34:01,625 WARN  server.ServerUtils (ServerUtils.java:getDBPath(222)) - ozone.om.db.dirs is not configured. We recommend adding this setting. Falling back to ozone.metadata.dirs instead.
2019-08-05 04:34:01,625 WARN  server.ServerUtils (ServerUtils.java:getDBPath(222)) - ozone.om.db.dirs is not configured. We recommend adding this setting. Falling back to ozone.metadata.dirs instead.
2019-08-05 04:34:01,626 INFO  om.OzoneManager (OzoneManager.java:setOMNodeDetails(644)) - OM Service ID is not set. Setting it to the default ID: omServiceIdDefault
2019-08-05 04:34:01,626 INFO  om.OzoneManager (OzoneManager.java:setOMNodeDetails(650)) - OM Node ID is not set. Setting it to the OmStorage's OmID: 1e766706-3d1b-465c-b011-501c51c1b419
2019-08-05 04:34:01,626 INFO  om.OzoneManager (OzoneManager.java:loadOMHAConfigs(601)) - Found matching OM address with OMServiceId: null, OMNodeId: null, RPC Address: localhost:0 and Ratis port: 9872
2019-08-05 04:34:01,634 WARN  server.ServerUtils (ServerUtils.java:getDBPath(222)) - ozone.om.db.dirs is not configured. We recommend adding this setting. Falling back to ozone.metadata.dirs instead.
2019-08-05 04:34:01,635 INFO  db.DBStoreBuilder (DBStoreBuilder.java:addTable(110)) - using custom profile for table: userTable
2019-08-05 04:34:01,635 INFO  db.DBStoreBuilder (DBStoreBuilder.java:processTables(161)) - Using default column profile:DBProfile.DISK for Table:userTable
2019-08-05 04:34:01,635 INFO  db.DBStoreBuilder (DBStoreBuilder.java:addTable(110)) - using custom profile for table: volumeTable
2019-08-05 04:34:01,635 INFO  db.DBStoreBuilder (DBStoreBuilder.java:processTables(161)) - Using default column profile:DBProfile.DISK for Table:volumeTable
2019-08-05 04:34:01,635 INFO  db.DBStoreBuilder (DBStoreBuilder.java:addTable(110)) - using custom profile for table: bucketTable
2019-08-05 04:34:01,635 INFO  db.DBStoreBuilder (DBStoreBuilder.java:processTables(161)) - Using default column profile:DBProfile.DISK for Table:bucketTable
2019-08-05 04:34:01,635 INFO  db.DBStoreBuilder (DBStoreBuilder.java:addTable(110)) - using custom profile for table: keyTable
2019-08-05 04:34:01,636 INFO  db.DBStoreBuilder (DBStoreBuilder.java:processTables(161)) - Using default column profile:DBProfile.DISK for Table:keyTable
2019-08-05 04:34:01,636 INFO  db.DBStoreBuilder (DBStoreBuilder.java:addTable(110)) - using custom profile for table: deletedTable
2019-08-05 04:34:01,636 INFO  db.DBStoreBuilder (DBStoreBuilder.java:processTables(161)) - Using default column profile:DBProfile.DISK for Table:deletedTable
2019-08-05 04:34:01,636 INFO  db.DBStoreBuilder (DBStoreBuilder.java:addTable(110)) - using custom profile for table: openKeyTable
2019-08-05 04:34:01,636 INFO  db.DBStoreBuilder (DBStoreBuilder.java:processTables(161)) - Using default column profile:DBProfile.DISK for Table:openKeyTable
2019-08-05 04:34:01,636 INFO  db.DBStoreBuilder (DBStoreBuilder.java:addTable(110)) - using custom profile for table: s3Table
2019-08-05 04:34:01,636 INFO  db.DBStoreBuilder (DBStoreBuilder.java:processTables(161)) - Using default column profile:DBProfile.DISK for Table:s3Table
2019-08-05 04:34:01,636 INFO  db.DBStoreBuilder (DBStoreBuilder.java:addTable(110)) - using custom profile for table: multipartInfoTable
2019-08-05 04:34:01,637 INFO  db.DBStoreBuilder (DBStoreBuilder.java:processTables(161)) - Using default column profile:DBProfile.DISK for Table:multipartInfoTable
2019-08-05 04:34:01,637 INFO  db.DBStoreBuilder (DBStoreBuilder.java:addTable(110)) - using custom profile for table: dTokenTable
2019-08-05 04:34:01,637 INFO  db.DBStoreBuilder (DBStoreBuilder.java:processTables(161)) - Using default column profile:DBProfile.DISK for Table:dTokenTable
2019-08-05 04:34:01,637 INFO  db.DBStoreBuilder (DBStoreBuilder.java:addTable(110)) - using custom profile for table: s3SecretTable
2019-08-05 04:34:01,637 INFO  db.DBStoreBuilder (DBStoreBuilder.java:processTables(161)) - Using default column profile:DBProfile.DISK for Table:s3SecretTable
2019-08-05 04:34:01,637 INFO  db.DBStoreBuilder (DBStoreBuilder.java:addTable(110)) - using custom profile for table: prefixTable
2019-08-05 04:34:01,637 INFO  db.DBStoreBuilder (DBStoreBuilder.java:processTables(161)) - Using default column profile:DBProfile.DISK for Table:prefixTable
2019-08-05 04:34:01,637 INFO  db.DBStoreBuilder (DBStoreBuilder.java:addTable(110)) - using custom profile for table: default
2019-08-05 04:34:01,638 INFO  db.DBStoreBuilder (DBStoreBuilder.java:processTables(167)) - Using default column profile:DBProfile.DISK for Table:default
2019-08-05 04:34:01,638 INFO  db.DBStoreBuilder (DBStoreBuilder.java:getDbProfile(198)) - Using default options. DBProfile.DISK
2019-08-05 04:34:02,059 INFO  ipc.CallQueueManager (CallQueueManager.java:<init>(84)) - Using callQueue: class java.util.concurrent.LinkedBlockingQueue, queueCapacity: 2000, scheduler: class org.apache.hadoop.ipc.DefaultRpcScheduler, ipcBackoff: false.
2019-08-05 04:34:02,061 INFO  ipc.Server (Server.java:run(1074)) - Starting Socket Reader #1 for port 37126
2019-08-05 04:34:02,091 INFO  om.OzoneManager (OzoneManager.java:start(1255)) - OzoneManager RPC server is listening at localhost/127.0.0.1:37126
2019-08-05 04:34:02,091 INFO  impl.MetricsSystemImpl (MetricsSystemImpl.java:init(158)) - OzoneManager metrics system started (again)
2019-08-05 04:34:02,092 INFO  ipc.Server (Server.java:run(1314)) - IPC Server Responder: starting
2019-08-05 04:34:02,092 INFO  ipc.Server (Server.java:run(1153)) - IPC Server listener on 37126: starting
2019-08-05 04:34:02,102 INFO  hdfs.DFSUtil (DFSUtil.java:httpServerTemplateForNNAndJN(1641)) - Starting Web-server for ozoneManager at: http://0.0.0.0:0
2019-08-05 04:34:02,104 INFO  server.AuthenticationFilter (AuthenticationFilter.java:constructSecretProvider(240)) - Unable to initialize FileSignerSecretProvider, falling back to use random secrets.
2019-08-05 04:34:02,105 WARN  http.HttpRequestLog (HttpRequestLog.java:getRequestLog(97)) - Jetty request log can only be enabled using Log4j
2019-08-05 04:34:02,107 INFO  http.HttpServer2 (HttpServer2.java:addGlobalFilter(975)) - Added global filter 'safety' (class=org.apache.hadoop.http.HttpServer2$QuotingInputFilter)
2019-08-05 04:34:02,107 INFO  http.HttpServer2 (HttpServer2.java:addFilter(948)) - Added filter static_user_filter (class=org.apache.hadoop.http.lib.StaticUserWebFilter$StaticUserFilter) to context ozoneManager
2019-08-05 04:34:02,108 INFO  http.HttpServer2 (HttpServer2.java:addFilter(958)) - Added filter static_user_filter (class=org.apache.hadoop.http.lib.StaticUserWebFilter$StaticUserFilter) to context static
2019-08-05 04:34:02,108 INFO  http.HttpServer2 (HttpServer2.java:addFilter(958)) - Added filter static_user_filter (class=org.apache.hadoop.http.lib.StaticUserWebFilter$StaticUserFilter) to context logs
2019-08-05 04:34:02,109 INFO  http.HttpServer2 (HttpServer2.java:bindListener(1191)) - Jetty bound to port 38920
2019-08-05 04:34:02,109 INFO  server.Server (Server.java:doStart(351)) - jetty-9.3.24.v20180605, build timestamp: 2018-06-05T17:11:56Z, git hash: 84205aa28f11a4f31f2a3b86d1bba2cc8ab69827
2019-08-05 04:34:02,112 INFO  handler.ContextHandler (ContextHandler.java:doStart(781)) - Started o.e.j.s.ServletContextHandler@36e788fd{/logs,file:///workdir/hadoop-ozone/integration-test/target/log,AVAILABLE}
2019-08-05 04:34:02,113 INFO  handler.ContextHandler (ContextHandler.java:doStart(781)) - Started o.e.j.s.ServletContextHandler@2897ad95{/static,file:///workdir/hadoop-ozone/integration-test/target/test-classes/webapps/static,AVAILABLE}
2019-08-05 04:34:02,118 INFO  handler.ContextHandler (ContextHandler.java:doStart(781)) - Started o.e.j.w.WebAppContext@ab8427d{/,file:///workdir/hadoop-ozone/integration-test/target/test-classes/webapps/ozoneManager/,AVAILABLE}{/ozoneManager}
2019-08-05 04:34:02,118 INFO  server.AbstractConnector (AbstractConnector.java:doStart(278)) - Started ServerConnector@2ca2ac66{HTTP/1.1,[http/1.1]}{0.0.0.0:38920}
2019-08-05 04:34:02,120 INFO  server.Server (Server.java:doStart(419)) - Started @79668ms
2019-08-05 04:34:02,121 INFO  server.BaseHttpServer (BaseHttpServer.java:updateConnectorAddress(207)) - HTTP server of OZONEMANAGER is listening at http://0.0.0.0:38920
2019-08-05 04:34:02,130 INFO  impl.MetricsSystemImpl (MetricsSystemImpl.java:init(158)) - HddsDatanode metrics system started (again)
2019-08-05 04:34:02,140 INFO  ozone.HddsDatanodeService (HddsDatanodeService.java:start(184)) - HddsDatanodeService host:byscane-nightly-228d8-4024241517 ip:192.168.157.247
2019-08-05 04:34:02,149 INFO  volume.HddsVolume (HddsVolume.java:<init>(176)) - Creating Volume: /workdir/hadoop-ozone/integration-test/target/test-dir/MiniOzoneClusterImpl-609185ad-7803-4350-a04a-4469831e28aa/datanode-0/data/containers/hdds of  storage type : DISK and capacity : 52710309888
2019-08-05 04:34:02,150 INFO  volume.VolumeSet (VolumeSet.java:initializeVolumeSet(170)) - Added Volume : /workdir/hadoop-ozone/integration-test/target/test-dir/MiniOzoneClusterImpl-609185ad-7803-4350-a04a-4469831e28aa/datanode-0/data/containers/hdds to VolumeSet
2019-08-05 04:34:02,150 INFO  volume.ThrottledAsyncChecker (ThrottledAsyncChecker.java:schedule(140)) - Scheduling a check for org.apache.hadoop.ozone.container.common.volume.HddsVolume@602880c3
2019-08-05 04:34:02,150 INFO  volume.HddsVolumeChecker (HddsVolumeChecker.java:checkAllVolumes(203)) - Scheduled health check for volume org.apache.hadoop.ozone.container.common.volume.HddsVolume@602880c3
2019-08-05 04:34:02,168 INFO  impl.RaftServerProxy (ConfUtils.java:logGet(43)) - raft.rpc.type = GRPC (default)
2019-08-05 04:34:02,169 INFO  grpc.GrpcFactory (GrpcFactory.java:checkPooledByteBufAllocatorUseCacheForAllThreads(45)) - PERFORMANCE WARNING: useCacheForAllThreads is true that may cause Netty to create a lot garbage objects and, as a result, trigger GC.
	It is recommended to disable useCacheForAllThreads by setting -Dorg.apache.ratis.thirdparty.io.netty.allocator.useCacheForAllThreads=false in command line.
2019-08-05 04:34:02,169 INFO  grpc.GrpcConfigKeys$Server (ConfUtils.java:logGet(43)) - raft.grpc.server.port = 0 (default)
2019-08-05 04:34:02,169 INFO  server.GrpcService (ConfUtils.java:logGet(43)) - raft.grpc.message.size.max = 33570816 (custom)
2019-08-05 04:34:02,169 INFO  server.RaftServerConfigKeys (ConfUtils.java:logGet(43)) - raft.server.log.appender.buffer.byte-limit = 33554432 (custom)
2019-08-05 04:34:02,169 INFO  server.GrpcService (ConfUtils.java:logGet(43)) - raft.grpc.flow.control.window = 1MB (=1048576) (default)
2019-08-05 04:34:02,170 INFO  server.RaftServerConfigKeys (ConfUtils.java:logGet(43)) - raft.server.rpc.request.timeout = 3000ms (default)
2019-08-05 04:34:02,170 INFO  server.RaftServerConfigKeys (ConfUtils.java:logGet(43)) - raft.server.storage.dir = [/workdir/hadoop-ozone/integration-test/target/test-dir/MiniOzoneClusterImpl-609185ad-7803-4350-a04a-4469831e28aa/datanode-0/data/ratis] (custom)
2019-08-05 04:34:02,171 INFO  replication.SimpleContainerDownloader (SimpleContainerDownloader.java:<init>(72)) - Starting container downloader service to copy containers to replicate.
2019-08-05 04:34:02,172 INFO  hdfs.DFSUtil (DFSUtil.java:httpServerTemplateForNNAndJN(1641)) - Starting Web-server for hddsDatanode at: http://0.0.0.0:0
2019-08-05 04:34:02,173 INFO  server.AuthenticationFilter (AuthenticationFilter.java:constructSecretProvider(240)) - Unable to initialize FileSignerSecretProvider, falling back to use random secrets.
2019-08-05 04:34:02,173 WARN  http.HttpRequestLog (HttpRequestLog.java:getRequestLog(97)) - Jetty request log can only be enabled using Log4j
2019-08-05 04:34:02,175 INFO  http.HttpServer2 (HttpServer2.java:addGlobalFilter(975)) - Added global filter 'safety' (class=org.apache.hadoop.http.HttpServer2$QuotingInputFilter)
2019-08-05 04:34:02,175 INFO  http.HttpServer2 (HttpServer2.java:addFilter(948)) - Added filter static_user_filter (class=org.apache.hadoop.http.lib.StaticUserWebFilter$StaticUserFilter) to context hddsDatanode
2019-08-05 04:34:02,175 INFO  http.HttpServer2 (HttpServer2.java:addFilter(958)) - Added filter static_user_filter (class=org.apache.hadoop.http.lib.StaticUserWebFilter$StaticUserFilter) to context logs
2019-08-05 04:34:02,175 INFO  http.HttpServer2 (HttpServer2.java:addFilter(958)) - Added filter static_user_filter (class=org.apache.hadoop.http.lib.StaticUserWebFilter$StaticUserFilter) to context static
2019-08-05 04:34:02,176 INFO  http.HttpServer2 (HttpServer2.java:bindListener(1191)) - Jetty bound to port 33065
2019-08-05 04:34:02,176 INFO  server.Server (Server.java:doStart(351)) - jetty-9.3.24.v20180605, build timestamp: 2018-06-05T17:11:56Z, git hash: 84205aa28f11a4f31f2a3b86d1bba2cc8ab69827
2019-08-05 04:34:02,179 INFO  handler.ContextHandler (ContextHandler.java:doStart(781)) - Started o.e.j.s.ServletContextHandler@159794e0{/logs,file:///workdir/hadoop-ozone/integration-test/target/log,AVAILABLE}
2019-08-05 04:34:02,179 INFO  handler.ContextHandler (ContextHandler.java:doStart(781)) - Started o.e.j.s.ServletContextHandler@41d85801{/static,jar:file:/home/user/.m2/repository/org/apache/hadoop/hadoop-hdds-container-service/0.4.1-SNAPSHOT/hadoop-hdds-container-service-0.4.1-SNAPSHOT.jar!/webapps/static,AVAILABLE}
2019-08-05 04:34:02,208 INFO  handler.ContextHandler (ContextHandler.java:doStart(781)) - Started o.e.j.w.WebAppContext@3d48a83a{/,file:///tmp/jetty-0.0.0.0-33065-hddsDatanode-_-any-2335112591661413657.dir/webapp/,AVAILABLE}{/hddsDatanode}
2019-08-05 04:34:02,208 INFO  server.AbstractConnector (AbstractConnector.java:doStart(278)) - Started ServerConnector@52276cca{HTTP/1.1,[http/1.1]}{0.0.0.0:33065}
2019-08-05 04:34:02,210 INFO  server.Server (Server.java:doStart(419)) - Started @79757ms
2019-08-05 04:34:02,211 INFO  server.BaseHttpServer (BaseHttpServer.java:updateConnectorAddress(207)) - HTTP server of HDDSDATANODE is listening at http://0.0.0.0:33065
2019-08-05 04:34:02,319 INFO  ozone.HddsDatanodeService (HddsDatanodeService.java:startPlugins(395)) - Started plug-in org.apache.hadoop.ozone.web.OzoneHddsDatanodeService@334513d4
2019-08-05 04:34:02,320 INFO  impl.MetricsSystemImpl (MetricsSystemImpl.java:init(158)) - HddsDatanode metrics system started (again)
2019-08-05 04:34:02,328 INFO  util.JvmPauseMonitor (JvmPauseMonitor.java:run(188)) - Starting JVM pause monitor
2019-08-05 04:34:02,328 INFO  ozone.HddsDatanodeService (HddsDatanodeService.java:start(184)) - HddsDatanodeService host:byscane-nightly-228d8-4024241517 ip:192.168.157.247
2019-08-05 04:34:02,330 INFO  datanode.InitDatanodeState (InitDatanodeState.java:persistContainerDatanodeDetails(140)) - DatanodeDetails is persisted to /workdir/hadoop-ozone/integration-test/target/test-dir/MiniOzoneClusterImpl-609185ad-7803-4350-a04a-4469831e28aa/datanode-0/meta/datanode.id
2019-08-05 04:34:02,337 INFO  volume.HddsVolume (HddsVolume.java:<init>(176)) - Creating Volume: /workdir/hadoop-ozone/integration-test/target/test-dir/MiniOzoneClusterImpl-609185ad-7803-4350-a04a-4469831e28aa/datanode-1/data/containers/hdds of  storage type : DISK and capacity : 52710309888
2019-08-05 04:34:02,337 INFO  volume.VolumeSet (VolumeSet.java:initializeVolumeSet(170)) - Added Volume : /workdir/hadoop-ozone/integration-test/target/test-dir/MiniOzoneClusterImpl-609185ad-7803-4350-a04a-4469831e28aa/datanode-1/data/containers/hdds to VolumeSet
2019-08-05 04:34:02,337 INFO  volume.ThrottledAsyncChecker (ThrottledAsyncChecker.java:schedule(140)) - Scheduling a check for org.apache.hadoop.ozone.container.common.volume.HddsVolume@6da4e543
2019-08-05 04:34:02,338 INFO  volume.HddsVolumeChecker (HddsVolumeChecker.java:checkAllVolumes(203)) - Scheduled health check for volume org.apache.hadoop.ozone.container.common.volume.HddsVolume@6da4e543
2019-08-05 04:34:02,361 INFO  impl.RaftServerProxy (ConfUtils.java:logGet(43)) - raft.rpc.type = GRPC (default)
2019-08-05 04:34:02,362 INFO  grpc.GrpcFactory (GrpcFactory.java:checkPooledByteBufAllocatorUseCacheForAllThreads(45)) - PERFORMANCE WARNING: useCacheForAllThreads is true that may cause Netty to create a lot garbage objects and, as a result, trigger GC.
	It is recommended to disable useCacheForAllThreads by setting -Dorg.apache.ratis.thirdparty.io.netty.allocator.useCacheForAllThreads=false in command line.
2019-08-05 04:34:02,363 INFO  grpc.GrpcConfigKeys$Server (ConfUtils.java:logGet(43)) - raft.grpc.server.port = 0 (default)
2019-08-05 04:34:02,363 INFO  server.GrpcService (ConfUtils.java:logGet(43)) - raft.grpc.message.size.max = 33570816 (custom)
2019-08-05 04:34:02,363 INFO  server.RaftServerConfigKeys (ConfUtils.java:logGet(43)) - raft.server.log.appender.buffer.byte-limit = 33554432 (custom)
2019-08-05 04:34:02,363 INFO  server.GrpcService (ConfUtils.java:logGet(43)) - raft.grpc.flow.control.window = 1MB (=1048576) (default)
2019-08-05 04:34:02,363 INFO  server.RaftServerConfigKeys (ConfUtils.java:logGet(43)) - raft.server.rpc.request.timeout = 3000ms (default)
2019-08-05 04:34:02,364 INFO  server.RaftServerConfigKeys (ConfUtils.java:logGet(43)) - raft.server.storage.dir = [/workdir/hadoop-ozone/integration-test/target/test-dir/MiniOzoneClusterImpl-609185ad-7803-4350-a04a-4469831e28aa/datanode-1/data/ratis] (custom)
2019-08-05 04:34:02,365 INFO  replication.SimpleContainerDownloader (SimpleContainerDownloader.java:<init>(72)) - Starting container downloader service to copy containers to replicate.
2019-08-05 04:34:02,366 INFO  hdfs.DFSUtil (DFSUtil.java:httpServerTemplateForNNAndJN(1641)) - Starting Web-server for hddsDatanode at: http://0.0.0.0:0
2019-08-05 04:34:02,367 INFO  server.AuthenticationFilter (AuthenticationFilter.java:constructSecretProvider(240)) - Unable to initialize FileSignerSecretProvider, falling back to use random secrets.
2019-08-05 04:34:02,368 WARN  http.HttpRequestLog (HttpRequestLog.java:getRequestLog(97)) - Jetty request log can only be enabled using Log4j
2019-08-05 04:34:02,369 INFO  http.HttpServer2 (HttpServer2.java:addGlobalFilter(975)) - Added global filter 'safety' (class=org.apache.hadoop.http.HttpServer2$QuotingInputFilter)
2019-08-05 04:34:02,370 INFO  http.HttpServer2 (HttpServer2.java:addFilter(948)) - Added filter static_user_filter (class=org.apache.hadoop.http.lib.StaticUserWebFilter$StaticUserFilter) to context hddsDatanode
2019-08-05 04:34:02,370 INFO  http.HttpServer2 (HttpServer2.java:addFilter(958)) - Added filter static_user_filter (class=org.apache.hadoop.http.lib.StaticUserWebFilter$StaticUserFilter) to context static
2019-08-05 04:34:02,370 INFO  http.HttpServer2 (HttpServer2.java:addFilter(958)) - Added filter static_user_filter (class=org.apache.hadoop.http.lib.StaticUserWebFilter$StaticUserFilter) to context logs
2019-08-05 04:34:02,371 INFO  http.HttpServer2 (HttpServer2.java:bindListener(1191)) - Jetty bound to port 38433
2019-08-05 04:34:02,371 INFO  server.Server (Server.java:doStart(351)) - jetty-9.3.24.v20180605, build timestamp: 2018-06-05T17:11:56Z, git hash: 84205aa28f11a4f31f2a3b86d1bba2cc8ab69827
2019-08-05 04:34:02,374 INFO  handler.ContextHandler (ContextHandler.java:doStart(781)) - Started o.e.j.s.ServletContextHandler@34b183c8{/logs,file:///workdir/hadoop-ozone/integration-test/target/log,AVAILABLE}
2019-08-05 04:34:02,374 INFO  handler.ContextHandler (ContextHandler.java:doStart(781)) - Started o.e.j.s.ServletContextHandler@3e614aa5{/static,jar:file:/home/user/.m2/repository/org/apache/hadoop/hadoop-hdds-container-service/0.4.1-SNAPSHOT/hadoop-hdds-container-service-0.4.1-SNAPSHOT.jar!/webapps/static,AVAILABLE}
2019-08-05 04:34:02,409 INFO  handler.ContextHandler (ContextHandler.java:doStart(781)) - Started o.e.j.w.WebAppContext@4dde85ae{/,file:///tmp/jetty-0.0.0.0-38433-hddsDatanode-_-any-2870064627168997294.dir/webapp/,AVAILABLE}{/hddsDatanode}
2019-08-05 04:34:02,409 INFO  server.AbstractConnector (AbstractConnector.java:doStart(278)) - Started ServerConnector@16eb5dc7{HTTP/1.1,[http/1.1]}{0.0.0.0:38433}
2019-08-05 04:34:02,412 INFO  server.Server (Server.java:doStart(419)) - Started @79959ms
2019-08-05 04:34:02,413 INFO  server.BaseHttpServer (BaseHttpServer.java:updateConnectorAddress(207)) - HTTP server of HDDSDATANODE is listening at http://0.0.0.0:38433
2019-08-05 04:34:02,523 INFO  ozone.HddsDatanodeService (HddsDatanodeService.java:startPlugins(395)) - Started plug-in org.apache.hadoop.ozone.web.OzoneHddsDatanodeService@17585bbc
2019-08-05 04:34:02,523 INFO  impl.MetricsSystemImpl (MetricsSystemImpl.java:init(158)) - HddsDatanode metrics system started (again)
2019-08-05 04:34:02,531 INFO  util.JvmPauseMonitor (JvmPauseMonitor.java:run(188)) - Starting JVM pause monitor
2019-08-05 04:34:02,532 INFO  ozone.HddsDatanodeService (HddsDatanodeService.java:start(184)) - HddsDatanodeService host:byscane-nightly-228d8-4024241517 ip:192.168.157.247
2019-08-05 04:34:02,533 INFO  datanode.InitDatanodeState (InitDatanodeState.java:persistContainerDatanodeDetails(140)) - DatanodeDetails is persisted to /workdir/hadoop-ozone/integration-test/target/test-dir/MiniOzoneClusterImpl-609185ad-7803-4350-a04a-4469831e28aa/datanode-1/meta/datanode.id
2019-08-05 04:34:02,542 INFO  volume.HddsVolume (HddsVolume.java:<init>(176)) - Creating Volume: /workdir/hadoop-ozone/integration-test/target/test-dir/MiniOzoneClusterImpl-609185ad-7803-4350-a04a-4469831e28aa/datanode-2/data/containers/hdds of  storage type : DISK and capacity : 52710309888
2019-08-05 04:34:02,542 INFO  volume.VolumeSet (VolumeSet.java:initializeVolumeSet(170)) - Added Volume : /workdir/hadoop-ozone/integration-test/target/test-dir/MiniOzoneClusterImpl-609185ad-7803-4350-a04a-4469831e28aa/datanode-2/data/containers/hdds to VolumeSet
2019-08-05 04:34:02,542 INFO  volume.ThrottledAsyncChecker (ThrottledAsyncChecker.java:schedule(140)) - Scheduling a check for org.apache.hadoop.ozone.container.common.volume.HddsVolume@2ae39003
2019-08-05 04:34:02,543 INFO  volume.HddsVolumeChecker (HddsVolumeChecker.java:checkAllVolumes(203)) - Scheduled health check for volume org.apache.hadoop.ozone.container.common.volume.HddsVolume@2ae39003
2019-08-05 04:34:02,559 INFO  impl.RaftServerProxy (ConfUtils.java:logGet(43)) - raft.rpc.type = GRPC (default)
2019-08-05 04:34:02,559 INFO  grpc.GrpcFactory (GrpcFactory.java:checkPooledByteBufAllocatorUseCacheForAllThreads(45)) - PERFORMANCE WARNING: useCacheForAllThreads is true that may cause Netty to create a lot garbage objects and, as a result, trigger GC.
	It is recommended to disable useCacheForAllThreads by setting -Dorg.apache.ratis.thirdparty.io.netty.allocator.useCacheForAllThreads=false in command line.
2019-08-05 04:34:02,559 INFO  grpc.GrpcConfigKeys$Server (ConfUtils.java:logGet(43)) - raft.grpc.server.port = 0 (default)
2019-08-05 04:34:02,559 INFO  server.GrpcService (ConfUtils.java:logGet(43)) - raft.grpc.message.size.max = 33570816 (custom)
2019-08-05 04:34:02,560 INFO  server.RaftServerConfigKeys (ConfUtils.java:logGet(43)) - raft.server.log.appender.buffer.byte-limit = 33554432 (custom)
2019-08-05 04:34:02,560 INFO  server.GrpcService (ConfUtils.java:logGet(43)) - raft.grpc.flow.control.window = 1MB (=1048576) (default)
2019-08-05 04:34:02,560 INFO  server.RaftServerConfigKeys (ConfUtils.java:logGet(43)) - raft.server.rpc.request.timeout = 3000ms (default)
2019-08-05 04:34:02,560 INFO  server.RaftServerConfigKeys (ConfUtils.java:logGet(43)) - raft.server.storage.dir = [/workdir/hadoop-ozone/integration-test/target/test-dir/MiniOzoneClusterImpl-609185ad-7803-4350-a04a-4469831e28aa/datanode-2/data/ratis] (custom)
2019-08-05 04:34:02,561 INFO  replication.SimpleContainerDownloader (SimpleContainerDownloader.java:<init>(72)) - Starting container downloader service to copy containers to replicate.
2019-08-05 04:34:02,562 INFO  hdfs.DFSUtil (DFSUtil.java:httpServerTemplateForNNAndJN(1641)) - Starting Web-server for hddsDatanode at: http://0.0.0.0:0
2019-08-05 04:34:02,563 INFO  server.AuthenticationFilter (AuthenticationFilter.java:constructSecretProvider(240)) - Unable to initialize FileSignerSecretProvider, falling back to use random secrets.
2019-08-05 04:34:02,563 WARN  http.HttpRequestLog (HttpRequestLog.java:getRequestLog(97)) - Jetty request log can only be enabled using Log4j
2019-08-05 04:34:02,564 INFO  http.HttpServer2 (HttpServer2.java:addGlobalFilter(975)) - Added global filter 'safety' (class=org.apache.hadoop.http.HttpServer2$QuotingInputFilter)
2019-08-05 04:34:02,565 INFO  http.HttpServer2 (HttpServer2.java:addFilter(948)) - Added filter static_user_filter (class=org.apache.hadoop.http.lib.StaticUserWebFilter$StaticUserFilter) to context hddsDatanode
2019-08-05 04:34:02,565 INFO  http.HttpServer2 (HttpServer2.java:addFilter(958)) - Added filter static_user_filter (class=org.apache.hadoop.http.lib.StaticUserWebFilter$StaticUserFilter) to context static
2019-08-05 04:34:02,565 INFO  http.HttpServer2 (HttpServer2.java:addFilter(958)) - Added filter static_user_filter (class=org.apache.hadoop.http.lib.StaticUserWebFilter$StaticUserFilter) to context logs
2019-08-05 04:34:02,566 INFO  http.HttpServer2 (HttpServer2.java:bindListener(1191)) - Jetty bound to port 35503
2019-08-05 04:34:02,566 INFO  server.Server (Server.java:doStart(351)) - jetty-9.3.24.v20180605, build timestamp: 2018-06-05T17:11:56Z, git hash: 84205aa28f11a4f31f2a3b86d1bba2cc8ab69827
2019-08-05 04:34:02,568 INFO  handler.ContextHandler (ContextHandler.java:doStart(781)) - Started o.e.j.s.ServletContextHandler@741c6275{/logs,file:///workdir/hadoop-ozone/integration-test/target/log,AVAILABLE}
2019-08-05 04:34:02,568 INFO  handler.ContextHandler (ContextHandler.java:doStart(781)) - Started o.e.j.s.ServletContextHandler@1d2cd59d{/static,jar:file:/home/user/.m2/repository/org/apache/hadoop/hadoop-hdds-container-service/0.4.1-SNAPSHOT/hadoop-hdds-container-service-0.4.1-SNAPSHOT.jar!/webapps/static,AVAILABLE}
2019-08-05 04:34:02,608 INFO  handler.ContextHandler (ContextHandler.java:doStart(781)) - Started o.e.j.w.WebAppContext@6eb1705e{/,file:///tmp/jetty-0.0.0.0-35503-hddsDatanode-_-any-3316068304258825092.dir/webapp/,AVAILABLE}{/hddsDatanode}
2019-08-05 04:34:02,608 INFO  server.AbstractConnector (AbstractConnector.java:doStart(278)) - Started ServerConnector@5336d819{HTTP/1.1,[http/1.1]}{0.0.0.0:35503}
2019-08-05 04:34:02,610 INFO  server.Server (Server.java:doStart(419)) - Started @80158ms
2019-08-05 04:34:02,611 INFO  server.BaseHttpServer (BaseHttpServer.java:updateConnectorAddress(207)) - HTTP server of HDDSDATANODE is listening at http://0.0.0.0:35503
2019-08-05 04:34:02,768 INFO  ozone.HddsDatanodeService (HddsDatanodeService.java:startPlugins(395)) - Started plug-in org.apache.hadoop.ozone.web.OzoneHddsDatanodeService@68955875
2019-08-05 04:34:02,769 INFO  ozone.MiniOzoneClusterImpl (MiniOzoneClusterImpl.java:lambda$waitForClusterToBeReady$0(142)) - Waiting for cluster to be ready. Got 0 of 3 DN Heartbeats.
2019-08-05 04:34:02,770 INFO  util.JvmPauseMonitor (JvmPauseMonitor.java:run(188)) - Starting JVM pause monitor
2019-08-05 04:34:02,772 INFO  datanode.InitDatanodeState (InitDatanodeState.java:persistContainerDatanodeDetails(140)) - DatanodeDetails is persisted to /workdir/hadoop-ozone/integration-test/target/test-dir/MiniOzoneClusterImpl-609185ad-7803-4350-a04a-4469831e28aa/datanode-2/meta/datanode.id
2019-08-05 04:34:03,769 INFO  ozone.MiniOzoneClusterImpl (MiniOzoneClusterImpl.java:lambda$waitForClusterToBeReady$0(142)) - Waiting for cluster to be ready. Got 0 of 3 DN Heartbeats.
2019-08-05 04:34:04,351 INFO  ozoneimpl.OzoneContainer (OzoneContainer.java:start(186)) - Attempting to start container services.
2019-08-05 04:34:04,351 INFO  ozoneimpl.OzoneContainer (OzoneContainer.java:startContainerScrub(160)) - Background container scrubber has been disabled by hdds.containerscrub.enabled
2019-08-05 04:34:04,352 INFO  ratis.XceiverServerRatis (XceiverServerRatis.java:start(404)) - Starting XceiverServerRatis 388e2d51-17a6-4e34-8030-41d11e59d2e1 at port 0
2019-08-05 04:34:04,362 INFO  impl.RaftServerProxy (RaftServerProxy.java:lambda$start$3(299)) - 388e2d51-17a6-4e34-8030-41d11e59d2e1: start RPC server
2019-08-05 04:34:04,365 INFO  server.GrpcService (GrpcService.java:startImpl(149)) - 388e2d51-17a6-4e34-8030-41d11e59d2e1: GrpcService started, listening on 0.0.0.0/0.0.0.0:34744
2019-08-05 04:34:04,365 INFO  ratis.XceiverServerRatis (XceiverServerRatis.java:start(414)) - XceiverServerRatis 388e2d51-17a6-4e34-8030-41d11e59d2e1 is started using port 34744
2019-08-05 04:34:04,380 INFO  server.XceiverServerGrpc (XceiverServerGrpc.java:start(161)) - XceiverServerGrpc 388e2d51-17a6-4e34-8030-41d11e59d2e1 is started using port 46363
2019-08-05 04:34:04,550 INFO  ozoneimpl.OzoneContainer (OzoneContainer.java:start(186)) - Attempting to start container services.
2019-08-05 04:34:04,550 INFO  ozoneimpl.OzoneContainer (OzoneContainer.java:startContainerScrub(160)) - Background container scrubber has been disabled by hdds.containerscrub.enabled
2019-08-05 04:34:04,550 INFO  ratis.XceiverServerRatis (XceiverServerRatis.java:start(404)) - Starting XceiverServerRatis 6cd1f707-4561-4075-9a21-74d3de3692c2 at port 0
2019-08-05 04:34:04,560 INFO  impl.RaftServerProxy (RaftServerProxy.java:lambda$start$3(299)) - 6cd1f707-4561-4075-9a21-74d3de3692c2: start RPC server
2019-08-05 04:34:04,565 INFO  server.GrpcService (GrpcService.java:startImpl(149)) - 6cd1f707-4561-4075-9a21-74d3de3692c2: GrpcService started, listening on 0.0.0.0/0.0.0.0:40509
2019-08-05 04:34:04,566 INFO  ratis.XceiverServerRatis (XceiverServerRatis.java:start(414)) - XceiverServerRatis 6cd1f707-4561-4075-9a21-74d3de3692c2 is started using port 40509
2019-08-05 04:34:04,569 INFO  server.XceiverServerGrpc (XceiverServerGrpc.java:start(161)) - XceiverServerGrpc 6cd1f707-4561-4075-9a21-74d3de3692c2 is started using port 36663
2019-08-05 04:34:04,769 INFO  ozone.MiniOzoneClusterImpl (MiniOzoneClusterImpl.java:lambda$waitForClusterToBeReady$0(142)) - Waiting for cluster to be ready. Got 0 of 3 DN Heartbeats.
2019-08-05 04:34:04,785 INFO  ozoneimpl.OzoneContainer (OzoneContainer.java:start(186)) - Attempting to start container services.
2019-08-05 04:34:04,786 INFO  ozoneimpl.OzoneContainer (OzoneContainer.java:startContainerScrub(160)) - Background container scrubber has been disabled by hdds.containerscrub.enabled
2019-08-05 04:34:04,786 INFO  ratis.XceiverServerRatis (XceiverServerRatis.java:start(404)) - Starting XceiverServerRatis bc2f0381-97d5-4966-b58a-e7dece24dbbe at port 0
2019-08-05 04:34:04,796 INFO  impl.RaftServerProxy (RaftServerProxy.java:lambda$start$3(299)) - bc2f0381-97d5-4966-b58a-e7dece24dbbe: start RPC server
2019-08-05 04:34:04,801 INFO  server.GrpcService (GrpcService.java:startImpl(149)) - bc2f0381-97d5-4966-b58a-e7dece24dbbe: GrpcService started, listening on 0.0.0.0/0.0.0.0:40887
2019-08-05 04:34:04,801 INFO  ratis.XceiverServerRatis (XceiverServerRatis.java:start(414)) - XceiverServerRatis bc2f0381-97d5-4966-b58a-e7dece24dbbe is started using port 40887
2019-08-05 04:34:04,816 INFO  server.XceiverServerGrpc (XceiverServerGrpc.java:start(161)) - XceiverServerGrpc bc2f0381-97d5-4966-b58a-e7dece24dbbe is started using port 46357
2019-08-05 04:34:05,770 INFO  ozone.MiniOzoneClusterImpl (MiniOzoneClusterImpl.java:lambda$waitForClusterToBeReady$0(142)) - Waiting for cluster to be ready. Got 0 of 3 DN Heartbeats.
2019-08-05 04:34:06,336 INFO  net.NetworkTopology (NetworkTopologyImpl.java:add(110)) - Added a new node: /default-rack/388e2d51-17a6-4e34-8030-41d11e59d2e1
2019-08-05 04:34:06,339 INFO  node.SCMNodeManager (SCMNodeManager.java:register(273)) - Registered Data node : 388e2d51-17a6-4e34-8030-41d11e59d2e1{ip: 192.168.157.247, host: byscane-nightly-228d8-4024241517, networkLocation: /default-rack, certSerialId: null}
2019-08-05 04:34:06,340 INFO  safemode.SCMSafeModeManager (DataNodeSafeModeRule.java:process(71)) - SCM in safe mode. 1 DataNodes registered, 1 required.
2019-08-05 04:34:06,343 INFO  safemode.SCMSafeModeManager (SCMSafeModeManager.java:validateSafeModeExitRules(177)) - ScmSafeModeManager, all rules are successfully validated
2019-08-05 04:34:06,343 INFO  safemode.SCMSafeModeManager (SCMSafeModeManager.java:exitSafeMode(193)) - SCM exiting safe mode.
2019-08-05 04:34:06,364 INFO  impl.RaftServerProxy (RaftServerProxy.java:addNew(89)) - 388e2d51-17a6-4e34-8030-41d11e59d2e1: addNew group-9F40A1D956D1:[388e2d51-17a6-4e34-8030-41d11e59d2e1:192.168.157.247:34744] returns group-9F40A1D956D1:java.util.concurrent.CompletableFuture@2e72dd64[Not completed]
2019-08-05 04:34:06,366 INFO  impl.RaftServerImpl (RaftServerImpl.java:<init>(93)) - 388e2d51-17a6-4e34-8030-41d11e59d2e1: new RaftServerImpl for group-9F40A1D956D1:[388e2d51-17a6-4e34-8030-41d11e59d2e1:192.168.157.247:34744] with ContainerStateMachine:uninitialized
2019-08-05 04:34:06,366 INFO  server.RaftServerConfigKeys (ConfUtils.java:logGet(43)) - raft.server.rpc.timeout.min = 5s (custom)
2019-08-05 04:34:06,366 INFO  server.RaftServerConfigKeys (ConfUtils.java:logGet(43)) - raft.server.rpc.timeout.max = 5200ms (custom)
2019-08-05 04:34:06,366 INFO  server.RaftServerConfigKeys (ConfUtils.java:logGet(43)) - raft.server.rpcslowness.timeout = 120s (custom)
2019-08-05 04:34:06,366 INFO  server.RaftServerConfigKeys (ConfUtils.java:logGet(43)) - raft.server.sleep.deviation.threshold = 300 (default)
2019-08-05 04:34:06,367 INFO  server.RaftServerConfigKeys (ConfUtils.java:logGet(43)) - raft.server.log.appender.install.snapshot.enabled = false (custom)
2019-08-05 04:34:06,367 INFO  impl.RaftServerImpl (ServerState.java:<init>(105)) - 388e2d51-17a6-4e34-8030-41d11e59d2e1:group-9F40A1D956D1 ConfigurationManager, init=-1: [388e2d51-17a6-4e34-8030-41d11e59d2e1:192.168.157.247:34744], old=null, confs=<EMPTY_MAP>
2019-08-05 04:34:06,367 INFO  server.RaftServerConfigKeys (ConfUtils.java:logGet(43)) - raft.server.storage.dir = [/workdir/hadoop-ozone/integration-test/target/test-dir/MiniOzoneClusterImpl-609185ad-7803-4350-a04a-4469831e28aa/datanode-0/data/ratis] (custom)
2019-08-05 04:34:06,367 INFO  storage.RaftStorageDirectory (RaftStorageDirectory.java:analyzeStorage(246)) - The storage directory /workdir/hadoop-ozone/integration-test/target/test-dir/MiniOzoneClusterImpl-609185ad-7803-4350-a04a-4469831e28aa/datanode-0/data/ratis/44bb8a05-f2ab-4ce9-bda5-9f40a1d956d1 does not exist. Creating ...
2019-08-05 04:34:06,381 INFO  storage.RaftStorageDirectory (RaftStorageDirectory.java:tryLock(328)) - Lock on /workdir/hadoop-ozone/integration-test/target/test-dir/MiniOzoneClusterImpl-609185ad-7803-4350-a04a-4469831e28aa/datanode-0/data/ratis/44bb8a05-f2ab-4ce9-bda5-9f40a1d956d1/in_use.lock acquired by nodename 22225@byscane-nightly-228d8-4024241517
2019-08-05 04:34:06,394 INFO  storage.RaftStorage (RaftStorage.java:format(72)) - Storage directory /workdir/hadoop-ozone/integration-test/target/test-dir/MiniOzoneClusterImpl-609185ad-7803-4350-a04a-4469831e28aa/datanode-0/data/ratis/44bb8a05-f2ab-4ce9-bda5-9f40a1d956d1 has been successfully formatted.
2019-08-05 04:34:06,394 INFO  ratis.ContainerStateMachine (ContainerStateMachine.java:loadSnapshot(213)) - group-9F40A1D956D1: The snapshot info is null. Setting the last applied indexto:(t:0, i:~)
2019-08-05 04:34:06,395 INFO  server.RaftServerConfigKeys (ConfUtils.java:logGet(43)) - raft.server.leader.election.timeout = 120s (custom)
2019-08-05 04:34:06,396 INFO  server.RaftServerConfigKeys (ConfUtils.java:logGet(43)) - raft.server.log.use.memory = false (default)
2019-08-05 04:34:06,396 INFO  server.RaftServerConfigKeys (ConfUtils.java:logGet(43)) - raft.server.log.purge.gap = 1000000000 (custom)
2019-08-05 04:34:06,396 INFO  server.RaftServerConfigKeys (ConfUtils.java:logGet(43)) - raft.server.log.appender.buffer.byte-limit = 33554432 (custom)
2019-08-05 04:34:06,396 INFO  server.RaftServerConfigKeys (ConfUtils.java:logGet(43)) - raft.server.log.segment.size.max = 1048576 (custom)
2019-08-05 04:34:06,396 INFO  server.RaftServerConfigKeys (ConfUtils.java:logGet(43)) - raft.server.log.segment.cache.num.max = 2 (custom)
2019-08-05 04:34:06,397 INFO  segmented.SegmentedRaftLogWorker (SegmentedRaftLogWorker.java:<init>(172)) - new 388e2d51-17a6-4e34-8030-41d11e59d2e1-SegmentedRaftLogWorker:Storage Directory /workdir/hadoop-ozone/integration-test/target/test-dir/MiniOzoneClusterImpl-609185ad-7803-4350-a04a-4469831e28aa/datanode-0/data/ratis/44bb8a05-f2ab-4ce9-bda5-9f40a1d956d1 for RaftStorage:Storage Directory /workdir/hadoop-ozone/integration-test/target/test-dir/MiniOzoneClusterImpl-609185ad-7803-4350-a04a-4469831e28aa/datanode-0/data/ratis/44bb8a05-f2ab-4ce9-bda5-9f40a1d956d1
2019-08-05 04:34:06,397 INFO  server.RaftServerConfigKeys (ConfUtils.java:logGet(43)) - raft.server.log.queue.byte-limit = 2147483647 (custom)
2019-08-05 04:34:06,397 INFO  server.RaftServerConfigKeys (ConfUtils.java:logGet(43)) - raft.server.log.queue.element-limit = 1024 (custom)
2019-08-05 04:34:06,397 INFO  server.RaftServerConfigKeys (ConfUtils.java:logGet(43)) - raft.server.log.segment.size.max = 1048576 (custom)
2019-08-05 04:34:06,398 INFO  server.RaftServerConfigKeys (ConfUtils.java:logGet(43)) - raft.server.log.preallocated.size = 16384 (custom)
2019-08-05 04:34:06,398 INFO  server.RaftServerConfigKeys (ConfUtils.java:logGet(43)) - raft.server.log.write.buffer.size = 33554432 (custom)
2019-08-05 04:34:06,398 INFO  server.RaftServerConfigKeys (ConfUtils.java:logGet(43)) - raft.server.log.force.sync.num = 128 (default)
2019-08-05 04:34:06,398 INFO  server.RaftServerConfigKeys (ConfUtils.java:logGet(43)) - raft.server.log.statemachine.data.sync = true (default)
2019-08-05 04:34:06,398 INFO  server.RaftServerConfigKeys (ConfUtils.java:logGet(43)) - raft.server.log.statemachine.data.sync.timeout = 10s (default)
2019-08-05 04:34:06,399 INFO  server.RaftServerConfigKeys (ConfUtils.java:logGet(43)) - raft.server.log.statemachine.data.sync.timeout.retry = -1 (default)
2019-08-05 04:34:06,399 INFO  server.RaftServerConfigKeys (ConfUtils.java:logGet(43)) - raft.server.log.statemachine.data.caching.enabled = true (custom)
2019-08-05 04:34:06,400 INFO  segmented.SegmentedRaftLogWorker (SegmentedRaftLogWorker.java:lambda$new$0(132)) - 388e2d51-17a6-4e34-8030-41d11e59d2e1-SegmentedRaftLogWorker:Storage Directory /workdir/hadoop-ozone/integration-test/target/test-dir/MiniOzoneClusterImpl-609185ad-7803-4350-a04a-4469831e28aa/datanode-0/data/ratis/44bb8a05-f2ab-4ce9-bda5-9f40a1d956d1: flushIndex: setUnconditionally 0 -> -1
2019-08-05 04:34:06,400 INFO  server.RaftServerConfigKeys (ConfUtils.java:logGet(43)) - raft.server.snapshot.auto.trigger.enabled = true (custom)
2019-08-05 04:34:06,400 INFO  server.RaftServerConfigKeys (ConfUtils.java:logGet(43)) - raft.server.snapshot.auto.trigger.threshold = 10000 (custom)
2019-08-05 04:34:06,400 INFO  server.RaftServerConfigKeys (ConfUtils.java:logGet(43)) - raft.server.retrycache.expirytime = 600000ms (custom)
2019-08-05 04:34:06,401 INFO  impl.RaftServerImpl (RaftServerImpl.java:start(180)) - 388e2d51-17a6-4e34-8030-41d11e59d2e1: start group-9F40A1D956D1
2019-08-05 04:34:06,401 INFO  impl.RaftServerImpl (RaftServerImpl.java:setRole(171)) - 388e2d51-17a6-4e34-8030-41d11e59d2e1:group-9F40A1D956D1 changes role from null to FOLLOWER at term 0 for startAsFollower
2019-08-05 04:34:06,401 INFO  impl.RoleInfo (RoleInfo.java:updateAndGet(143)) - 388e2d51-17a6-4e34-8030-41d11e59d2e1: start FollowerState
2019-08-05 04:34:06,402 INFO  util.JmxRegister (JmxRegister.java:tryRegister(44)) - Successfully registered JMX Bean with object name Ratis:service=RaftServer,group=group-9F40A1D956D1,id=388e2d51-17a6-4e34-8030-41d11e59d2e1
2019-08-05 04:34:06,419 INFO  pipeline.PipelineStateManager (PipelineStateManager.java:addPipeline(56)) - Created pipeline Pipeline[ Id: 44bb8a05-f2ab-4ce9-bda5-9f40a1d956d1, Nodes: 388e2d51-17a6-4e34-8030-41d11e59d2e1{ip: 192.168.157.247, host: byscane-nightly-228d8-4024241517, networkLocation: /default-rack, certSerialId: null}, Type:RATIS, Factor:ONE, State:OPEN]
2019-08-05 04:34:06,534 INFO  net.NetworkTopology (NetworkTopologyImpl.java:add(110)) - Added a new node: /default-rack/6cd1f707-4561-4075-9a21-74d3de3692c2
2019-08-05 04:34:06,534 INFO  node.SCMNodeManager (SCMNodeManager.java:register(273)) - Registered Data node : 6cd1f707-4561-4075-9a21-74d3de3692c2{ip: 192.168.157.247, host: byscane-nightly-228d8-4024241517, networkLocation: /default-rack, certSerialId: null}
2019-08-05 04:34:06,558 INFO  impl.RaftServerProxy (RaftServerProxy.java:addNew(89)) - 6cd1f707-4561-4075-9a21-74d3de3692c2: addNew group-9F62A0F4ABC7:[6cd1f707-4561-4075-9a21-74d3de3692c2:192.168.157.247:40509] returns group-9F62A0F4ABC7:java.util.concurrent.CompletableFuture@370f2446[Not completed]
2019-08-05 04:34:06,559 INFO  impl.RaftServerImpl (RaftServerImpl.java:<init>(93)) - 6cd1f707-4561-4075-9a21-74d3de3692c2: new RaftServerImpl for group-9F62A0F4ABC7:[6cd1f707-4561-4075-9a21-74d3de3692c2:192.168.157.247:40509] with ContainerStateMachine:uninitialized
2019-08-05 04:34:06,559 INFO  server.RaftServerConfigKeys (ConfUtils.java:logGet(43)) - raft.server.rpc.timeout.min = 5s (custom)
2019-08-05 04:34:06,559 INFO  server.RaftServerConfigKeys (ConfUtils.java:logGet(43)) - raft.server.rpc.timeout.max = 5200ms (custom)
2019-08-05 04:34:06,560 INFO  server.RaftServerConfigKeys (ConfUtils.java:logGet(43)) - raft.server.rpcslowness.timeout = 120s (custom)
2019-08-05 04:34:06,560 INFO  server.RaftServerConfigKeys (ConfUtils.java:logGet(43)) - raft.server.sleep.deviation.threshold = 300 (default)
2019-08-05 04:34:06,560 INFO  server.RaftServerConfigKeys (ConfUtils.java:logGet(43)) - raft.server.log.appender.install.snapshot.enabled = false (custom)
2019-08-05 04:34:06,560 INFO  impl.RaftServerImpl (ServerState.java:<init>(105)) - 6cd1f707-4561-4075-9a21-74d3de3692c2:group-9F62A0F4ABC7 ConfigurationManager, init=-1: [6cd1f707-4561-4075-9a21-74d3de3692c2:192.168.157.247:40509], old=null, confs=<EMPTY_MAP>
2019-08-05 04:34:06,560 INFO  server.RaftServerConfigKeys (ConfUtils.java:logGet(43)) - raft.server.storage.dir = [/workdir/hadoop-ozone/integration-test/target/test-dir/MiniOzoneClusterImpl-609185ad-7803-4350-a04a-4469831e28aa/datanode-1/data/ratis] (custom)
2019-08-05 04:34:06,561 INFO  storage.RaftStorageDirectory (RaftStorageDirectory.java:analyzeStorage(246)) - The storage directory /workdir/hadoop-ozone/integration-test/target/test-dir/MiniOzoneClusterImpl-609185ad-7803-4350-a04a-4469831e28aa/datanode-1/data/ratis/ec2e72e3-6d4e-4d03-ba5a-9f62a0f4abc7 does not exist. Creating ...
2019-08-05 04:34:06,574 INFO  storage.RaftStorageDirectory (RaftStorageDirectory.java:tryLock(328)) - Lock on /workdir/hadoop-ozone/integration-test/target/test-dir/MiniOzoneClusterImpl-609185ad-7803-4350-a04a-4469831e28aa/datanode-1/data/ratis/ec2e72e3-6d4e-4d03-ba5a-9f62a0f4abc7/in_use.lock acquired by nodename 22225@byscane-nightly-228d8-4024241517
2019-08-05 04:34:06,588 INFO  storage.RaftStorage (RaftStorage.java:format(72)) - Storage directory /workdir/hadoop-ozone/integration-test/target/test-dir/MiniOzoneClusterImpl-609185ad-7803-4350-a04a-4469831e28aa/datanode-1/data/ratis/ec2e72e3-6d4e-4d03-ba5a-9f62a0f4abc7 has been successfully formatted.
2019-08-05 04:34:06,588 INFO  ratis.ContainerStateMachine (ContainerStateMachine.java:loadSnapshot(213)) - group-9F62A0F4ABC7: The snapshot info is null. Setting the last applied indexto:(t:0, i:~)
2019-08-05 04:34:06,588 INFO  server.RaftServerConfigKeys (ConfUtils.java:logGet(43)) - raft.server.leader.election.timeout = 120s (custom)
2019-08-05 04:34:06,589 INFO  server.RaftServerConfigKeys (ConfUtils.java:logGet(43)) - raft.server.log.use.memory = false (default)
2019-08-05 04:34:06,589 INFO  server.RaftServerConfigKeys (ConfUtils.java:logGet(43)) - raft.server.log.purge.gap = 1000000000 (custom)
2019-08-05 04:34:06,589 INFO  server.RaftServerConfigKeys (ConfUtils.java:logGet(43)) - raft.server.log.appender.buffer.byte-limit = 33554432 (custom)
2019-08-05 04:34:06,589 INFO  server.RaftServerConfigKeys (ConfUtils.java:logGet(43)) - raft.server.log.segment.size.max = 1048576 (custom)
2019-08-05 04:34:06,589 INFO  server.RaftServerConfigKeys (ConfUtils.java:logGet(43)) - raft.server.log.segment.cache.num.max = 2 (custom)
2019-08-05 04:34:06,590 INFO  segmented.SegmentedRaftLogWorker (SegmentedRaftLogWorker.java:<init>(172)) - new 6cd1f707-4561-4075-9a21-74d3de3692c2-SegmentedRaftLogWorker:Storage Directory /workdir/hadoop-ozone/integration-test/target/test-dir/MiniOzoneClusterImpl-609185ad-7803-4350-a04a-4469831e28aa/datanode-1/data/ratis/ec2e72e3-6d4e-4d03-ba5a-9f62a0f4abc7 for RaftStorage:Storage Directory /workdir/hadoop-ozone/integration-test/target/test-dir/MiniOzoneClusterImpl-609185ad-7803-4350-a04a-4469831e28aa/datanode-1/data/ratis/ec2e72e3-6d4e-4d03-ba5a-9f62a0f4abc7
2019-08-05 04:34:06,590 INFO  server.RaftServerConfigKeys (ConfUtils.java:logGet(43)) - raft.server.log.queue.byte-limit = 2147483647 (custom)
2019-08-05 04:34:06,590 INFO  server.RaftServerConfigKeys (ConfUtils.java:logGet(43)) - raft.server.log.queue.element-limit = 1024 (custom)
2019-08-05 04:34:06,591 INFO  server.RaftServerConfigKeys (ConfUtils.java:logGet(43)) - raft.server.log.segment.size.max = 1048576 (custom)
2019-08-05 04:34:06,591 INFO  server.RaftServerConfigKeys (ConfUtils.java:logGet(43)) - raft.server.log.preallocated.size = 16384 (custom)
2019-08-05 04:34:06,591 INFO  server.RaftServerConfigKeys (ConfUtils.java:logGet(43)) - raft.server.log.write.buffer.size = 33554432 (custom)
2019-08-05 04:34:06,591 INFO  server.RaftServerConfigKeys (ConfUtils.java:logGet(43)) - raft.server.log.force.sync.num = 128 (default)
2019-08-05 04:34:06,591 INFO  server.RaftServerConfigKeys (ConfUtils.java:logGet(43)) - raft.server.log.statemachine.data.sync = true (default)
2019-08-05 04:34:06,592 INFO  server.RaftServerConfigKeys (ConfUtils.java:logGet(43)) - raft.server.log.statemachine.data.sync.timeout = 10s (default)
2019-08-05 04:34:06,592 INFO  server.RaftServerConfigKeys (ConfUtils.java:logGet(43)) - raft.server.log.statemachine.data.sync.timeout.retry = -1 (default)
2019-08-05 04:34:06,592 INFO  server.RaftServerConfigKeys (ConfUtils.java:logGet(43)) - raft.server.log.statemachine.data.caching.enabled = true (custom)
2019-08-05 04:34:06,592 INFO  segmented.SegmentedRaftLogWorker (SegmentedRaftLogWorker.java:lambda$new$0(132)) - 6cd1f707-4561-4075-9a21-74d3de3692c2-SegmentedRaftLogWorker:Storage Directory /workdir/hadoop-ozone/integration-test/target/test-dir/MiniOzoneClusterImpl-609185ad-7803-4350-a04a-4469831e28aa/datanode-1/data/ratis/ec2e72e3-6d4e-4d03-ba5a-9f62a0f4abc7: flushIndex: setUnconditionally 0 -> -1
2019-08-05 04:34:06,593 INFO  server.RaftServerConfigKeys (ConfUtils.java:logGet(43)) - raft.server.snapshot.auto.trigger.enabled = true (custom)
2019-08-05 04:34:06,593 INFO  server.RaftServerConfigKeys (ConfUtils.java:logGet(43)) - raft.server.snapshot.auto.trigger.threshold = 10000 (custom)
2019-08-05 04:34:06,593 INFO  server.RaftServerConfigKeys (ConfUtils.java:logGet(43)) - raft.server.retrycache.expirytime = 600000ms (custom)
2019-08-05 04:34:06,594 INFO  impl.RaftServerImpl (RaftServerImpl.java:start(180)) - 6cd1f707-4561-4075-9a21-74d3de3692c2: start group-9F62A0F4ABC7
2019-08-05 04:34:06,595 INFO  impl.RaftServerImpl (RaftServerImpl.java:setRole(171)) - 6cd1f707-4561-4075-9a21-74d3de3692c2:group-9F62A0F4ABC7 changes role from null to FOLLOWER at term 0 for startAsFollower
2019-08-05 04:34:06,595 INFO  impl.RoleInfo (RoleInfo.java:updateAndGet(143)) - 6cd1f707-4561-4075-9a21-74d3de3692c2: start FollowerState
2019-08-05 04:34:06,596 INFO  util.JmxRegister (JmxRegister.java:tryRegister(44)) - Successfully registered JMX Bean with object name Ratis:service=RaftServer,group=group-9F62A0F4ABC7,id=6cd1f707-4561-4075-9a21-74d3de3692c2
2019-08-05 04:34:06,608 INFO  pipeline.PipelineStateManager (PipelineStateManager.java:addPipeline(56)) - Created pipeline Pipeline[ Id: ec2e72e3-6d4e-4d03-ba5a-9f62a0f4abc7, Nodes: 6cd1f707-4561-4075-9a21-74d3de3692c2{ip: 192.168.157.247, host: byscane-nightly-228d8-4024241517, networkLocation: /default-rack, certSerialId: null}, Type:RATIS, Factor:ONE, State:OPEN]
2019-08-05 04:34:06,770 INFO  ozone.MiniOzoneClusterImpl (MiniOzoneClusterImpl.java:lambda$waitForClusterToBeReady$0(142)) - Waiting for cluster to be ready. Got 2 of 3 DN Heartbeats.
2019-08-05 04:34:06,772 INFO  net.NetworkTopology (NetworkTopologyImpl.java:add(110)) - Added a new node: /default-rack/bc2f0381-97d5-4966-b58a-e7dece24dbbe
2019-08-05 04:34:06,772 INFO  node.SCMNodeManager (SCMNodeManager.java:register(273)) - Registered Data node : bc2f0381-97d5-4966-b58a-e7dece24dbbe{ip: 192.168.157.247, host: byscane-nightly-228d8-4024241517, networkLocation: /default-rack, certSerialId: null}
2019-08-05 04:34:06,795 INFO  impl.RaftServerProxy (RaftServerProxy.java:addNew(89)) - bc2f0381-97d5-4966-b58a-e7dece24dbbe: addNew group-A4EEA00F3538:[bc2f0381-97d5-4966-b58a-e7dece24dbbe:192.168.157.247:40887] returns group-A4EEA00F3538:java.util.concurrent.CompletableFuture@4124f730[Not completed]
2019-08-05 04:34:06,796 INFO  impl.RaftServerImpl (RaftServerImpl.java:<init>(93)) - bc2f0381-97d5-4966-b58a-e7dece24dbbe: new RaftServerImpl for group-A4EEA00F3538:[bc2f0381-97d5-4966-b58a-e7dece24dbbe:192.168.157.247:40887] with ContainerStateMachine:uninitialized
2019-08-05 04:34:06,796 INFO  server.RaftServerConfigKeys (ConfUtils.java:logGet(43)) - raft.server.rpc.timeout.min = 5s (custom)
2019-08-05 04:34:06,796 INFO  server.RaftServerConfigKeys (ConfUtils.java:logGet(43)) - raft.server.rpc.timeout.max = 5200ms (custom)
2019-08-05 04:34:06,797 INFO  server.RaftServerConfigKeys (ConfUtils.java:logGet(43)) - raft.server.rpcslowness.timeout = 120s (custom)
2019-08-05 04:34:06,797 INFO  server.RaftServerConfigKeys (ConfUtils.java:logGet(43)) - raft.server.sleep.deviation.threshold = 300 (default)
2019-08-05 04:34:06,797 INFO  server.RaftServerConfigKeys (ConfUtils.java:logGet(43)) - raft.server.log.appender.install.snapshot.enabled = false (custom)
2019-08-05 04:34:06,797 INFO  impl.RaftServerImpl (ServerState.java:<init>(105)) - bc2f0381-97d5-4966-b58a-e7dece24dbbe:group-A4EEA00F3538 ConfigurationManager, init=-1: [bc2f0381-97d5-4966-b58a-e7dece24dbbe:192.168.157.247:40887], old=null, confs=<EMPTY_MAP>
2019-08-05 04:34:06,797 INFO  server.RaftServerConfigKeys (ConfUtils.java:logGet(43)) - raft.server.storage.dir = [/workdir/hadoop-ozone/integration-test/target/test-dir/MiniOzoneClusterImpl-609185ad-7803-4350-a04a-4469831e28aa/datanode-2/data/ratis] (custom)
2019-08-05 04:34:06,798 INFO  storage.RaftStorageDirectory (RaftStorageDirectory.java:analyzeStorage(246)) - The storage directory /workdir/hadoop-ozone/integration-test/target/test-dir/MiniOzoneClusterImpl-609185ad-7803-4350-a04a-4469831e28aa/datanode-2/data/ratis/7958b923-950d-45c1-8abe-a4eea00f3538 does not exist. Creating ...
2019-08-05 04:34:06,811 INFO  storage.RaftStorageDirectory (RaftStorageDirectory.java:tryLock(328)) - Lock on /workdir/hadoop-ozone/integration-test/target/test-dir/MiniOzoneClusterImpl-609185ad-7803-4350-a04a-4469831e28aa/datanode-2/data/ratis/7958b923-950d-45c1-8abe-a4eea00f3538/in_use.lock acquired by nodename 22225@byscane-nightly-228d8-4024241517
2019-08-05 04:34:06,824 INFO  storage.RaftStorage (RaftStorage.java:format(72)) - Storage directory /workdir/hadoop-ozone/integration-test/target/test-dir/MiniOzoneClusterImpl-609185ad-7803-4350-a04a-4469831e28aa/datanode-2/data/ratis/7958b923-950d-45c1-8abe-a4eea00f3538 has been successfully formatted.
2019-08-05 04:34:06,825 INFO  ratis.ContainerStateMachine (ContainerStateMachine.java:loadSnapshot(213)) - group-A4EEA00F3538: The snapshot info is null. Setting the last applied indexto:(t:0, i:~)
2019-08-05 04:34:06,825 INFO  server.RaftServerConfigKeys (ConfUtils.java:logGet(43)) - raft.server.leader.election.timeout = 120s (custom)
2019-08-05 04:34:06,825 INFO  server.RaftServerConfigKeys (ConfUtils.java:logGet(43)) - raft.server.log.use.memory = false (default)
2019-08-05 04:34:06,825 INFO  server.RaftServerConfigKeys (ConfUtils.java:logGet(43)) - raft.server.log.purge.gap = 1000000000 (custom)
2019-08-05 04:34:06,826 INFO  server.RaftServerConfigKeys (ConfUtils.java:logGet(43)) - raft.server.log.appender.buffer.byte-limit = 33554432 (custom)
2019-08-05 04:34:06,826 INFO  server.RaftServerConfigKeys (ConfUtils.java:logGet(43)) - raft.server.log.segment.size.max = 1048576 (custom)
2019-08-05 04:34:06,826 INFO  server.RaftServerConfigKeys (ConfUtils.java:logGet(43)) - raft.server.log.segment.cache.num.max = 2 (custom)
2019-08-05 04:34:06,826 INFO  segmented.SegmentedRaftLogWorker (SegmentedRaftLogWorker.java:<init>(172)) - new bc2f0381-97d5-4966-b58a-e7dece24dbbe-SegmentedRaftLogWorker:Storage Directory /workdir/hadoop-ozone/integration-test/target/test-dir/MiniOzoneClusterImpl-609185ad-7803-4350-a04a-4469831e28aa/datanode-2/data/ratis/7958b923-950d-45c1-8abe-a4eea00f3538 for RaftStorage:Storage Directory /workdir/hadoop-ozone/integration-test/target/test-dir/MiniOzoneClusterImpl-609185ad-7803-4350-a04a-4469831e28aa/datanode-2/data/ratis/7958b923-950d-45c1-8abe-a4eea00f3538
2019-08-05 04:34:06,826 INFO  server.RaftServerConfigKeys (ConfUtils.java:logGet(43)) - raft.server.log.queue.byte-limit = 2147483647 (custom)
2019-08-05 04:34:06,827 INFO  server.RaftServerConfigKeys (ConfUtils.java:logGet(43)) - raft.server.log.queue.element-limit = 1024 (custom)
2019-08-05 04:34:06,827 INFO  server.RaftServerConfigKeys (ConfUtils.java:logGet(43)) - raft.server.log.segment.size.max = 1048576 (custom)
2019-08-05 04:34:06,827 INFO  server.RaftServerConfigKeys (ConfUtils.java:logGet(43)) - raft.server.log.preallocated.size = 16384 (custom)
2019-08-05 04:34:06,827 INFO  server.RaftServerConfigKeys (ConfUtils.java:logGet(43)) - raft.server.log.write.buffer.size = 33554432 (custom)
2019-08-05 04:34:06,827 INFO  server.RaftServerConfigKeys (ConfUtils.java:logGet(43)) - raft.server.log.force.sync.num = 128 (default)
2019-08-05 04:34:06,828 INFO  server.RaftServerConfigKeys (ConfUtils.java:logGet(43)) - raft.server.log.statemachine.data.sync = true (default)
2019-08-05 04:34:06,828 INFO  server.RaftServerConfigKeys (ConfUtils.java:logGet(43)) - raft.server.log.statemachine.data.sync.timeout = 10s (default)
2019-08-05 04:34:06,828 INFO  server.RaftServerConfigKeys (ConfUtils.java:logGet(43)) - raft.server.log.statemachine.data.sync.timeout.retry = -1 (default)
2019-08-05 04:34:06,828 INFO  server.RaftServerConfigKeys (ConfUtils.java:logGet(43)) - raft.server.log.statemachine.data.caching.enabled = true (custom)
2019-08-05 04:34:06,829 INFO  segmented.SegmentedRaftLogWorker (SegmentedRaftLogWorker.java:lambda$new$0(132)) - bc2f0381-97d5-4966-b58a-e7dece24dbbe-SegmentedRaftLogWorker:Storage Directory /workdir/hadoop-ozone/integration-test/target/test-dir/MiniOzoneClusterImpl-609185ad-7803-4350-a04a-4469831e28aa/datanode-2/data/ratis/7958b923-950d-45c1-8abe-a4eea00f3538: flushIndex: setUnconditionally 0 -> -1
2019-08-05 04:34:06,829 INFO  server.RaftServerConfigKeys (ConfUtils.java:logGet(43)) - raft.server.snapshot.auto.trigger.enabled = true (custom)
2019-08-05 04:34:06,829 INFO  server.RaftServerConfigKeys (ConfUtils.java:logGet(43)) - raft.server.snapshot.auto.trigger.threshold = 10000 (custom)
2019-08-05 04:34:06,830 INFO  server.RaftServerConfigKeys (ConfUtils.java:logGet(43)) - raft.server.retrycache.expirytime = 600000ms (custom)
2019-08-05 04:34:06,830 INFO  impl.RaftServerImpl (RaftServerImpl.java:start(180)) - bc2f0381-97d5-4966-b58a-e7dece24dbbe: start group-A4EEA00F3538
2019-08-05 04:34:06,830 INFO  impl.RaftServerImpl (RaftServerImpl.java:setRole(171)) - bc2f0381-97d5-4966-b58a-e7dece24dbbe:group-A4EEA00F3538 changes role from null to FOLLOWER at term 0 for startAsFollower
2019-08-05 04:34:06,830 INFO  impl.RoleInfo (RoleInfo.java:updateAndGet(143)) - bc2f0381-97d5-4966-b58a-e7dece24dbbe: start FollowerState
2019-08-05 04:34:06,831 INFO  util.JmxRegister (JmxRegister.java:tryRegister(44)) - Successfully registered JMX Bean with object name Ratis:service=RaftServer,group=group-A4EEA00F3538,id=bc2f0381-97d5-4966-b58a-e7dece24dbbe
2019-08-05 04:34:06,845 INFO  pipeline.PipelineStateManager (PipelineStateManager.java:addPipeline(56)) - Created pipeline Pipeline[ Id: 7958b923-950d-45c1-8abe-a4eea00f3538, Nodes: bc2f0381-97d5-4966-b58a-e7dece24dbbe{ip: 192.168.157.247, host: byscane-nightly-228d8-4024241517, networkLocation: /default-rack, certSerialId: null}, Type:RATIS, Factor:ONE, State:OPEN]
2019-08-05 04:34:06,888 INFO  impl.RaftServerProxy (RaftServerProxy.java:addNew(89)) - bc2f0381-97d5-4966-b58a-e7dece24dbbe: addNew group-962C3D3F17D6:[6cd1f707-4561-4075-9a21-74d3de3692c2:192.168.157.247:40509, bc2f0381-97d5-4966-b58a-e7dece24dbbe:192.168.157.247:40887, 388e2d51-17a6-4e34-8030-41d11e59d2e1:192.168.157.247:34744] returns group-962C3D3F17D6:java.util.concurrent.CompletableFuture@39196fae[Not completed]
2019-08-05 04:34:06,889 INFO  impl.RaftServerProxy (RaftServerProxy.java:addNew(89)) - 388e2d51-17a6-4e34-8030-41d11e59d2e1: addNew group-962C3D3F17D6:[6cd1f707-4561-4075-9a21-74d3de3692c2:192.168.157.247:40509, bc2f0381-97d5-4966-b58a-e7dece24dbbe:192.168.157.247:40887, 388e2d51-17a6-4e34-8030-41d11e59d2e1:192.168.157.247:34744] returns group-962C3D3F17D6:java.util.concurrent.CompletableFuture@277bf603[Not completed]
2019-08-05 04:34:06,889 INFO  impl.RaftServerImpl (RaftServerImpl.java:<init>(93)) - bc2f0381-97d5-4966-b58a-e7dece24dbbe: new RaftServerImpl for group-962C3D3F17D6:[6cd1f707-4561-4075-9a21-74d3de3692c2:192.168.157.247:40509, bc2f0381-97d5-4966-b58a-e7dece24dbbe:192.168.157.247:40887, 388e2d51-17a6-4e34-8030-41d11e59d2e1:192.168.157.247:34744] with ContainerStateMachine:uninitialized
2019-08-05 04:34:06,890 INFO  server.RaftServerConfigKeys (ConfUtils.java:logGet(43)) - raft.server.rpc.timeout.min = 5s (custom)
2019-08-05 04:34:06,890 INFO  server.RaftServerConfigKeys (ConfUtils.java:logGet(43)) - raft.server.rpc.timeout.max = 5200ms (custom)
2019-08-05 04:34:06,892 INFO  impl.RaftServerImpl (RaftServerImpl.java:<init>(93)) - 388e2d51-17a6-4e34-8030-41d11e59d2e1: new RaftServerImpl for group-962C3D3F17D6:[6cd1f707-4561-4075-9a21-74d3de3692c2:192.168.157.247:40509, bc2f0381-97d5-4966-b58a-e7dece24dbbe:192.168.157.247:40887, 388e2d51-17a6-4e34-8030-41d11e59d2e1:192.168.157.247:34744] with ContainerStateMachine:uninitialized
2019-08-05 04:34:06,892 INFO  server.RaftServerConfigKeys (ConfUtils.java:logGet(43)) - raft.server.rpcslowness.timeout = 120s (custom)
2019-08-05 04:34:06,892 INFO  server.RaftServerConfigKeys (ConfUtils.java:logGet(43)) - raft.server.rpc.timeout.min = 5s (custom)
2019-08-05 04:34:06,892 INFO  impl.RaftServerProxy (RaftServerProxy.java:addNew(89)) - 6cd1f707-4561-4075-9a21-74d3de3692c2: addNew group-962C3D3F17D6:[6cd1f707-4561-4075-9a21-74d3de3692c2:192.168.157.247:40509, bc2f0381-97d5-4966-b58a-e7dece24dbbe:192.168.157.247:40887, 388e2d51-17a6-4e34-8030-41d11e59d2e1:192.168.157.247:34744] returns group-962C3D3F17D6:java.util.concurrent.CompletableFuture@a2a8429[Not completed]
2019-08-05 04:34:06,892 INFO  server.RaftServerConfigKeys (ConfUtils.java:logGet(43)) - raft.server.sleep.deviation.threshold = 300 (default)
2019-08-05 04:34:06,892 INFO  server.RaftServerConfigKeys (ConfUtils.java:logGet(43)) - raft.server.rpc.timeout.max = 5200ms (custom)
2019-08-05 04:34:06,893 INFO  server.RaftServerConfigKeys (ConfUtils.java:logGet(43)) - raft.server.log.appender.install.snapshot.enabled = false (custom)
2019-08-05 04:34:06,893 INFO  server.RaftServerConfigKeys (ConfUtils.java:logGet(43)) - raft.server.rpcslowness.timeout = 120s (custom)
2019-08-05 04:34:06,893 INFO  impl.RaftServerImpl (RaftServerImpl.java:<init>(93)) - 6cd1f707-4561-4075-9a21-74d3de3692c2: new RaftServerImpl for group-962C3D3F17D6:[6cd1f707-4561-4075-9a21-74d3de3692c2:192.168.157.247:40509, bc2f0381-97d5-4966-b58a-e7dece24dbbe:192.168.157.247:40887, 388e2d51-17a6-4e34-8030-41d11e59d2e1:192.168.157.247:34744] with ContainerStateMachine:uninitialized
2019-08-05 04:34:06,893 INFO  server.RaftServerConfigKeys (ConfUtils.java:logGet(43)) - raft.server.sleep.deviation.threshold = 300 (default)
2019-08-05 04:34:06,893 INFO  impl.RaftServerImpl (ServerState.java:<init>(105)) - bc2f0381-97d5-4966-b58a-e7dece24dbbe:group-962C3D3F17D6 ConfigurationManager, init=-1: [6cd1f707-4561-4075-9a21-74d3de3692c2:192.168.157.247:40509, bc2f0381-97d5-4966-b58a-e7dece24dbbe:192.168.157.247:40887, 388e2d51-17a6-4e34-8030-41d11e59d2e1:192.168.157.247:34744], old=null, confs=<EMPTY_MAP>
2019-08-05 04:34:06,893 INFO  server.RaftServerConfigKeys (ConfUtils.java:logGet(43)) - raft.server.log.appender.install.snapshot.enabled = false (custom)
2019-08-05 04:34:06,893 INFO  server.RaftServerConfigKeys (ConfUtils.java:logGet(43)) - raft.server.rpc.timeout.min = 5s (custom)
2019-08-05 04:34:06,894 INFO  impl.RaftServerImpl (ServerState.java:<init>(105)) - 388e2d51-17a6-4e34-8030-41d11e59d2e1:group-962C3D3F17D6 ConfigurationManager, init=-1: [6cd1f707-4561-4075-9a21-74d3de3692c2:192.168.157.247:40509, bc2f0381-97d5-4966-b58a-e7dece24dbbe:192.168.157.247:40887, 388e2d51-17a6-4e34-8030-41d11e59d2e1:192.168.157.247:34744], old=null, confs=<EMPTY_MAP>
2019-08-05 04:34:06,894 INFO  server.RaftServerConfigKeys (ConfUtils.java:logGet(43)) - raft.server.storage.dir = [/workdir/hadoop-ozone/integration-test/target/test-dir/MiniOzoneClusterImpl-609185ad-7803-4350-a04a-4469831e28aa/datanode-2/data/ratis] (custom)
2019-08-05 04:34:06,894 INFO  server.RaftServerConfigKeys (ConfUtils.java:logGet(43)) - raft.server.storage.dir = [/workdir/hadoop-ozone/integration-test/target/test-dir/MiniOzoneClusterImpl-609185ad-7803-4350-a04a-4469831e28aa/datanode-0/data/ratis] (custom)
2019-08-05 04:34:06,894 INFO  server.RaftServerConfigKeys (ConfUtils.java:logGet(43)) - raft.server.rpc.timeout.max = 5200ms (custom)
2019-08-05 04:34:06,894 INFO  server.RaftServerConfigKeys (ConfUtils.java:logGet(43)) - raft.server.rpcslowness.timeout = 120s (custom)
2019-08-05 04:34:06,894 INFO  storage.RaftStorageDirectory (RaftStorageDirectory.java:analyzeStorage(246)) - The storage directory /workdir/hadoop-ozone/integration-test/target/test-dir/MiniOzoneClusterImpl-609185ad-7803-4350-a04a-4469831e28aa/datanode-2/data/ratis/194471db-298a-46fe-b1e8-962c3d3f17d6 does not exist. Creating ...
2019-08-05 04:34:06,894 INFO  storage.RaftStorageDirectory (RaftStorageDirectory.java:analyzeStorage(246)) - The storage directory /workdir/hadoop-ozone/integration-test/target/test-dir/MiniOzoneClusterImpl-609185ad-7803-4350-a04a-4469831e28aa/datanode-0/data/ratis/194471db-298a-46fe-b1e8-962c3d3f17d6 does not exist. Creating ...
2019-08-05 04:34:06,894 INFO  server.RaftServerConfigKeys (ConfUtils.java:logGet(43)) - raft.server.sleep.deviation.threshold = 300 (default)
2019-08-05 04:34:06,895 INFO  server.RaftServerConfigKeys (ConfUtils.java:logGet(43)) - raft.server.log.appender.install.snapshot.enabled = false (custom)
2019-08-05 04:34:06,895 INFO  impl.RaftServerImpl (ServerState.java:<init>(105)) - 6cd1f707-4561-4075-9a21-74d3de3692c2:group-962C3D3F17D6 ConfigurationManager, init=-1: [6cd1f707-4561-4075-9a21-74d3de3692c2:192.168.157.247:40509, bc2f0381-97d5-4966-b58a-e7dece24dbbe:192.168.157.247:40887, 388e2d51-17a6-4e34-8030-41d11e59d2e1:192.168.157.247:34744], old=null, confs=<EMPTY_MAP>
2019-08-05 04:34:06,895 INFO  server.RaftServerConfigKeys (ConfUtils.java:logGet(43)) - raft.server.storage.dir = [/workdir/hadoop-ozone/integration-test/target/test-dir/MiniOzoneClusterImpl-609185ad-7803-4350-a04a-4469831e28aa/datanode-1/data/ratis] (custom)
2019-08-05 04:34:06,895 INFO  storage.RaftStorageDirectory (RaftStorageDirectory.java:analyzeStorage(246)) - The storage directory /workdir/hadoop-ozone/integration-test/target/test-dir/MiniOzoneClusterImpl-609185ad-7803-4350-a04a-4469831e28aa/datanode-1/data/ratis/194471db-298a-46fe-b1e8-962c3d3f17d6 does not exist. Creating ...
2019-08-05 04:34:06,908 INFO  storage.RaftStorageDirectory (RaftStorageDirectory.java:tryLock(328)) - Lock on /workdir/hadoop-ozone/integration-test/target/test-dir/MiniOzoneClusterImpl-609185ad-7803-4350-a04a-4469831e28aa/datanode-1/data/ratis/194471db-298a-46fe-b1e8-962c3d3f17d6/in_use.lock acquired by nodename 22225@byscane-nightly-228d8-4024241517
2019-08-05 04:34:06,908 INFO  storage.RaftStorageDirectory (RaftStorageDirectory.java:tryLock(328)) - Lock on /workdir/hadoop-ozone/integration-test/target/test-dir/MiniOzoneClusterImpl-609185ad-7803-4350-a04a-4469831e28aa/datanode-2/data/ratis/194471db-298a-46fe-b1e8-962c3d3f17d6/in_use.lock acquired by nodename 22225@byscane-nightly-228d8-4024241517
2019-08-05 04:34:06,908 INFO  storage.RaftStorageDirectory (RaftStorageDirectory.java:tryLock(328)) - Lock on /workdir/hadoop-ozone/integration-test/target/test-dir/MiniOzoneClusterImpl-609185ad-7803-4350-a04a-4469831e28aa/datanode-0/data/ratis/194471db-298a-46fe-b1e8-962c3d3f17d6/in_use.lock acquired by nodename 22225@byscane-nightly-228d8-4024241517
2019-08-05 04:34:06,924 INFO  storage.RaftStorage (RaftStorage.java:format(72)) - Storage directory /workdir/hadoop-ozone/integration-test/target/test-dir/MiniOzoneClusterImpl-609185ad-7803-4350-a04a-4469831e28aa/datanode-2/data/ratis/194471db-298a-46fe-b1e8-962c3d3f17d6 has been successfully formatted.
2019-08-05 04:34:06,924 INFO  storage.RaftStorage (RaftStorage.java:format(72)) - Storage directory /workdir/hadoop-ozone/integration-test/target/test-dir/MiniOzoneClusterImpl-609185ad-7803-4350-a04a-4469831e28aa/datanode-0/data/ratis/194471db-298a-46fe-b1e8-962c3d3f17d6 has been successfully formatted.
2019-08-05 04:34:06,924 INFO  ratis.ContainerStateMachine (ContainerStateMachine.java:loadSnapshot(213)) - group-962C3D3F17D6: The snapshot info is null. Setting the last applied indexto:(t:0, i:~)
2019-08-05 04:34:06,924 INFO  storage.RaftStorage (RaftStorage.java:format(72)) - Storage directory /workdir/hadoop-ozone/integration-test/target/test-dir/MiniOzoneClusterImpl-609185ad-7803-4350-a04a-4469831e28aa/datanode-1/data/ratis/194471db-298a-46fe-b1e8-962c3d3f17d6 has been successfully formatted.
2019-08-05 04:34:06,924 INFO  server.RaftServerConfigKeys (ConfUtils.java:logGet(43)) - raft.server.leader.election.timeout = 120s (custom)
2019-08-05 04:34:06,924 INFO  ratis.ContainerStateMachine (ContainerStateMachine.java:loadSnapshot(213)) - group-962C3D3F17D6: The snapshot info is null. Setting the last applied indexto:(t:0, i:~)
2019-08-05 04:34:06,925 INFO  server.RaftServerConfigKeys (ConfUtils.java:logGet(43)) - raft.server.log.use.memory = false (default)
2019-08-05 04:34:06,925 INFO  ratis.ContainerStateMachine (ContainerStateMachine.java:loadSnapshot(213)) - group-962C3D3F17D6: The snapshot info is null. Setting the last applied indexto:(t:0, i:~)
2019-08-05 04:34:06,925 INFO  server.RaftServerConfigKeys (ConfUtils.java:logGet(43)) - raft.server.log.purge.gap = 1000000000 (custom)
2019-08-05 04:34:06,925 INFO  server.RaftServerConfigKeys (ConfUtils.java:logGet(43)) - raft.server.leader.election.timeout = 120s (custom)
2019-08-05 04:34:06,925 INFO  server.RaftServerConfigKeys (ConfUtils.java:logGet(43)) - raft.server.log.appender.buffer.byte-limit = 33554432 (custom)
2019-08-05 04:34:06,925 INFO  server.RaftServerConfigKeys (ConfUtils.java:logGet(43)) - raft.server.leader.election.timeout = 120s (custom)
2019-08-05 04:34:06,926 INFO  server.RaftServerConfigKeys (ConfUtils.java:logGet(43)) - raft.server.log.segment.size.max = 1048576 (custom)
2019-08-05 04:34:06,925 INFO  server.RaftServerConfigKeys (ConfUtils.java:logGet(43)) - raft.server.log.use.memory = false (default)
2019-08-05 04:34:06,926 INFO  server.RaftServerConfigKeys (ConfUtils.java:logGet(43)) - raft.server.log.segment.cache.num.max = 2 (custom)
2019-08-05 04:34:06,926 INFO  server.RaftServerConfigKeys (ConfUtils.java:logGet(43)) - raft.server.log.use.memory = false (default)
2019-08-05 04:34:06,926 INFO  segmented.SegmentedRaftLogWorker (SegmentedRaftLogWorker.java:<init>(172)) - new bc2f0381-97d5-4966-b58a-e7dece24dbbe-SegmentedRaftLogWorker:Storage Directory /workdir/hadoop-ozone/integration-test/target/test-dir/MiniOzoneClusterImpl-609185ad-7803-4350-a04a-4469831e28aa/datanode-2/data/ratis/194471db-298a-46fe-b1e8-962c3d3f17d6 for RaftStorage:Storage Directory /workdir/hadoop-ozone/integration-test/target/test-dir/MiniOzoneClusterImpl-609185ad-7803-4350-a04a-4469831e28aa/datanode-2/data/ratis/194471db-298a-46fe-b1e8-962c3d3f17d6
2019-08-05 04:34:06,926 INFO  server.RaftServerConfigKeys (ConfUtils.java:logGet(43)) - raft.server.log.purge.gap = 1000000000 (custom)
2019-08-05 04:34:06,927 INFO  server.RaftServerConfigKeys (ConfUtils.java:logGet(43)) - raft.server.log.queue.byte-limit = 2147483647 (custom)
2019-08-05 04:34:06,926 INFO  server.RaftServerConfigKeys (ConfUtils.java:logGet(43)) - raft.server.log.purge.gap = 1000000000 (custom)
2019-08-05 04:34:06,929 INFO  server.RaftServerConfigKeys (ConfUtils.java:logGet(43)) - raft.server.log.queue.element-limit = 1024 (custom)
2019-08-05 04:34:06,927 INFO  server.RaftServerConfigKeys (ConfUtils.java:logGet(43)) - raft.server.log.appender.buffer.byte-limit = 33554432 (custom)
2019-08-05 04:34:06,930 INFO  server.RaftServerConfigKeys (ConfUtils.java:logGet(43)) - raft.server.log.segment.size.max = 1048576 (custom)
2019-08-05 04:34:06,930 INFO  server.RaftServerConfigKeys (ConfUtils.java:logGet(43)) - raft.server.log.preallocated.size = 16384 (custom)
2019-08-05 04:34:06,930 INFO  server.RaftServerConfigKeys (ConfUtils.java:logGet(43)) - raft.server.log.appender.buffer.byte-limit = 33554432 (custom)
2019-08-05 04:34:06,930 INFO  server.RaftServerConfigKeys (ConfUtils.java:logGet(43)) - raft.server.log.write.buffer.size = 33554432 (custom)
2019-08-05 04:34:06,930 INFO  server.RaftServerConfigKeys (ConfUtils.java:logGet(43)) - raft.server.log.segment.size.max = 1048576 (custom)
2019-08-05 04:34:06,931 INFO  server.RaftServerConfigKeys (ConfUtils.java:logGet(43)) - raft.server.log.force.sync.num = 128 (default)
2019-08-05 04:34:06,931 INFO  server.RaftServerConfigKeys (ConfUtils.java:logGet(43)) - raft.server.log.segment.size.max = 1048576 (custom)
2019-08-05 04:34:06,931 INFO  server.RaftServerConfigKeys (ConfUtils.java:logGet(43)) - raft.server.log.statemachine.data.sync = true (default)
2019-08-05 04:34:06,931 INFO  server.RaftServerConfigKeys (ConfUtils.java:logGet(43)) - raft.server.log.segment.cache.num.max = 2 (custom)
2019-08-05 04:34:06,931 INFO  server.RaftServerConfigKeys (ConfUtils.java:logGet(43)) - raft.server.log.statemachine.data.sync.timeout = 10s (default)
2019-08-05 04:34:06,931 INFO  server.RaftServerConfigKeys (ConfUtils.java:logGet(43)) - raft.server.log.segment.cache.num.max = 2 (custom)
2019-08-05 04:34:06,932 INFO  server.RaftServerConfigKeys (ConfUtils.java:logGet(43)) - raft.server.log.statemachine.data.sync.timeout.retry = -1 (default)
2019-08-05 04:34:06,932 INFO  segmented.SegmentedRaftLogWorker (SegmentedRaftLogWorker.java:<init>(172)) - new 388e2d51-17a6-4e34-8030-41d11e59d2e1-SegmentedRaftLogWorker:Storage Directory /workdir/hadoop-ozone/integration-test/target/test-dir/MiniOzoneClusterImpl-609185ad-7803-4350-a04a-4469831e28aa/datanode-0/data/ratis/194471db-298a-46fe-b1e8-962c3d3f17d6 for RaftStorage:Storage Directory /workdir/hadoop-ozone/integration-test/target/test-dir/MiniOzoneClusterImpl-609185ad-7803-4350-a04a-4469831e28aa/datanode-0/data/ratis/194471db-298a-46fe-b1e8-962c3d3f17d6
2019-08-05 04:34:06,932 INFO  server.RaftServerConfigKeys (ConfUtils.java:logGet(43)) - raft.server.log.statemachine.data.caching.enabled = true (custom)
2019-08-05 04:34:06,932 INFO  segmented.SegmentedRaftLogWorker (SegmentedRaftLogWorker.java:<init>(172)) - new 6cd1f707-4561-4075-9a21-74d3de3692c2-SegmentedRaftLogWorker:Storage Directory /workdir/hadoop-ozone/integration-test/target/test-dir/MiniOzoneClusterImpl-609185ad-7803-4350-a04a-4469831e28aa/datanode-1/data/ratis/194471db-298a-46fe-b1e8-962c3d3f17d6 for RaftStorage:Storage Directory /workdir/hadoop-ozone/integration-test/target/test-dir/MiniOzoneClusterImpl-609185ad-7803-4350-a04a-4469831e28aa/datanode-1/data/ratis/194471db-298a-46fe-b1e8-962c3d3f17d6
2019-08-05 04:34:06,932 INFO  server.RaftServerConfigKeys (ConfUtils.java:logGet(43)) - raft.server.log.queue.byte-limit = 2147483647 (custom)
2019-08-05 04:34:06,935 INFO  server.RaftServerConfigKeys (ConfUtils.java:logGet(43)) - raft.server.log.queue.byte-limit = 2147483647 (custom)
2019-08-05 04:34:06,935 INFO  segmented.SegmentedRaftLogWorker (SegmentedRaftLogWorker.java:lambda$new$0(132)) - bc2f0381-97d5-4966-b58a-e7dece24dbbe-SegmentedRaftLogWorker:Storage Directory /workdir/hadoop-ozone/integration-test/target/test-dir/MiniOzoneClusterImpl-609185ad-7803-4350-a04a-4469831e28aa/datanode-2/data/ratis/194471db-298a-46fe-b1e8-962c3d3f17d6: flushIndex: setUnconditionally 0 -> -1
2019-08-05 04:34:06,937 INFO  server.RaftServerConfigKeys (ConfUtils.java:logGet(43)) - raft.server.log.queue.element-limit = 1024 (custom)
2019-08-05 04:34:06,935 INFO  server.RaftServerConfigKeys (ConfUtils.java:logGet(43)) - raft.server.log.queue.element-limit = 1024 (custom)
2019-08-05 04:34:06,938 INFO  server.RaftServerConfigKeys (ConfUtils.java:logGet(43)) - raft.server.snapshot.auto.trigger.enabled = true (custom)
2019-08-05 04:34:06,938 INFO  server.RaftServerConfigKeys (ConfUtils.java:logGet(43)) - raft.server.snapshot.auto.trigger.threshold = 10000 (custom)
2019-08-05 04:34:06,938 INFO  server.RaftServerConfigKeys (ConfUtils.java:logGet(43)) - raft.server.log.segment.size.max = 1048576 (custom)
2019-08-05 04:34:06,938 INFO  server.RaftServerConfigKeys (ConfUtils.java:logGet(43)) - raft.server.retrycache.expirytime = 600000ms (custom)
2019-08-05 04:34:06,938 INFO  server.RaftServerConfigKeys (ConfUtils.java:logGet(43)) - raft.server.log.segment.size.max = 1048576 (custom)
2019-08-05 04:34:06,939 INFO  impl.RaftServerImpl (RaftServerImpl.java:start(180)) - bc2f0381-97d5-4966-b58a-e7dece24dbbe: start group-962C3D3F17D6
2019-08-05 04:34:06,939 INFO  impl.RaftServerImpl (RaftServerImpl.java:setRole(171)) - bc2f0381-97d5-4966-b58a-e7dece24dbbe:group-962C3D3F17D6 changes role from null to FOLLOWER at term 0 for startAsFollower
2019-08-05 04:34:06,939 INFO  server.RaftServerConfigKeys (ConfUtils.java:logGet(43)) - raft.server.log.preallocated.size = 16384 (custom)
2019-08-05 04:34:06,939 INFO  impl.RoleInfo (RoleInfo.java:updateAndGet(143)) - bc2f0381-97d5-4966-b58a-e7dece24dbbe: start FollowerState
2019-08-05 04:34:06,939 INFO  server.RaftServerConfigKeys (ConfUtils.java:logGet(43)) - raft.server.log.preallocated.size = 16384 (custom)
2019-08-05 04:34:06,939 INFO  server.RaftServerConfigKeys (ConfUtils.java:logGet(43)) - raft.server.log.write.buffer.size = 33554432 (custom)
2019-08-05 04:34:06,940 INFO  util.JmxRegister (JmxRegister.java:tryRegister(44)) - Successfully registered JMX Bean with object name Ratis:service=RaftServer,group=group-962C3D3F17D6,id=bc2f0381-97d5-4966-b58a-e7dece24dbbe
2019-08-05 04:34:06,940 INFO  server.RaftServerConfigKeys (ConfUtils.java:logGet(43)) - raft.server.log.write.buffer.size = 33554432 (custom)
2019-08-05 04:34:06,940 INFO  server.RaftServerConfigKeys (ConfUtils.java:logGet(43)) - raft.server.log.force.sync.num = 128 (default)
2019-08-05 04:34:06,940 INFO  server.RaftServerConfigKeys (ConfUtils.java:logGet(43)) - raft.server.log.force.sync.num = 128 (default)
2019-08-05 04:34:06,940 INFO  server.RaftServerConfigKeys (ConfUtils.java:logGet(43)) - raft.server.log.statemachine.data.sync = true (default)
2019-08-05 04:34:06,940 INFO  server.RaftServerConfigKeys (ConfUtils.java:logGet(43)) - raft.server.log.statemachine.data.sync = true (default)
2019-08-05 04:34:06,941 INFO  server.RaftServerConfigKeys (ConfUtils.java:logGet(43)) - raft.server.log.statemachine.data.sync.timeout = 10s (default)
2019-08-05 04:34:06,941 INFO  server.RaftServerConfigKeys (ConfUtils.java:logGet(43)) - raft.server.log.statemachine.data.sync.timeout = 10s (default)
2019-08-05 04:34:06,941 INFO  server.RaftServerConfigKeys (ConfUtils.java:logGet(43)) - raft.server.log.statemachine.data.sync.timeout.retry = -1 (default)
2019-08-05 04:34:06,941 INFO  server.RaftServerConfigKeys (ConfUtils.java:logGet(43)) - raft.server.log.statemachine.data.sync.timeout.retry = -1 (default)
2019-08-05 04:34:06,941 INFO  server.RaftServerConfigKeys (ConfUtils.java:logGet(43)) - raft.server.log.statemachine.data.caching.enabled = true (custom)
2019-08-05 04:34:06,942 INFO  server.RaftServerConfigKeys (ConfUtils.java:logGet(43)) - raft.server.log.statemachine.data.caching.enabled = true (custom)
2019-08-05 04:34:06,944 INFO  segmented.SegmentedRaftLogWorker (SegmentedRaftLogWorker.java:lambda$new$0(132)) - 6cd1f707-4561-4075-9a21-74d3de3692c2-SegmentedRaftLogWorker:Storage Directory /workdir/hadoop-ozone/integration-test/target/test-dir/MiniOzoneClusterImpl-609185ad-7803-4350-a04a-4469831e28aa/datanode-1/data/ratis/194471db-298a-46fe-b1e8-962c3d3f17d6: flushIndex: setUnconditionally 0 -> -1
2019-08-05 04:34:06,945 INFO  segmented.SegmentedRaftLogWorker (SegmentedRaftLogWorker.java:lambda$new$0(132)) - 388e2d51-17a6-4e34-8030-41d11e59d2e1-SegmentedRaftLogWorker:Storage Directory /workdir/hadoop-ozone/integration-test/target/test-dir/MiniOzoneClusterImpl-609185ad-7803-4350-a04a-4469831e28aa/datanode-0/data/ratis/194471db-298a-46fe-b1e8-962c3d3f17d6: flushIndex: setUnconditionally 0 -> -1
2019-08-05 04:34:06,945 INFO  server.RaftServerConfigKeys (ConfUtils.java:logGet(43)) - raft.server.snapshot.auto.trigger.enabled = true (custom)
2019-08-05 04:34:06,950 INFO  server.RaftServerConfigKeys (ConfUtils.java:logGet(43)) - raft.server.snapshot.auto.trigger.enabled = true (custom)
2019-08-05 04:34:06,951 INFO  server.RaftServerConfigKeys (ConfUtils.java:logGet(43)) - raft.server.snapshot.auto.trigger.threshold = 10000 (custom)
2019-08-05 04:34:06,951 INFO  server.RaftServerConfigKeys (ConfUtils.java:logGet(43)) - raft.server.snapshot.auto.trigger.threshold = 10000 (custom)
2019-08-05 04:34:06,954 INFO  server.RaftServerConfigKeys (ConfUtils.java:logGet(43)) - raft.server.retrycache.expirytime = 600000ms (custom)
2019-08-05 04:34:06,954 INFO  server.RaftServerConfigKeys (ConfUtils.java:logGet(43)) - raft.server.retrycache.expirytime = 600000ms (custom)
2019-08-05 04:34:06,954 INFO  impl.RaftServerImpl (RaftServerImpl.java:start(180)) - 6cd1f707-4561-4075-9a21-74d3de3692c2: start group-962C3D3F17D6
2019-08-05 04:34:06,954 INFO  impl.RaftServerImpl (RaftServerImpl.java:start(180)) - 388e2d51-17a6-4e34-8030-41d11e59d2e1: start group-962C3D3F17D6
2019-08-05 04:34:06,954 INFO  impl.RaftServerImpl (RaftServerImpl.java:setRole(171)) - 6cd1f707-4561-4075-9a21-74d3de3692c2:group-962C3D3F17D6 changes role from null to FOLLOWER at term 0 for startAsFollower
2019-08-05 04:34:06,954 INFO  impl.RaftServerImpl (RaftServerImpl.java:setRole(171)) - 388e2d51-17a6-4e34-8030-41d11e59d2e1:group-962C3D3F17D6 changes role from null to FOLLOWER at term 0 for startAsFollower
2019-08-05 04:34:06,955 INFO  impl.RoleInfo (RoleInfo.java:updateAndGet(143)) - 6cd1f707-4561-4075-9a21-74d3de3692c2: start FollowerState
2019-08-05 04:34:06,955 INFO  impl.RoleInfo (RoleInfo.java:updateAndGet(143)) - 388e2d51-17a6-4e34-8030-41d11e59d2e1: start FollowerState
2019-08-05 04:34:06,955 INFO  util.JmxRegister (JmxRegister.java:tryRegister(44)) - Successfully registered JMX Bean with object name Ratis:service=RaftServer,group=group-962C3D3F17D6,id=6cd1f707-4561-4075-9a21-74d3de3692c2
2019-08-05 04:34:06,955 INFO  util.JmxRegister (JmxRegister.java:tryRegister(44)) - Successfully registered JMX Bean with object name Ratis:service=RaftServer,group=group-962C3D3F17D6,id=388e2d51-17a6-4e34-8030-41d11e59d2e1
2019-08-05 04:34:06,975 INFO  pipeline.PipelineStateManager (PipelineStateManager.java:addPipeline(56)) - Created pipeline Pipeline[ Id: 194471db-298a-46fe-b1e8-962c3d3f17d6, Nodes: bc2f0381-97d5-4966-b58a-e7dece24dbbe{ip: 192.168.157.247, host: byscane-nightly-228d8-4024241517, networkLocation: /default-rack, certSerialId: null}388e2d51-17a6-4e34-8030-41d11e59d2e1{ip: 192.168.157.247, host: byscane-nightly-228d8-4024241517, networkLocation: /default-rack, certSerialId: null}6cd1f707-4561-4075-9a21-74d3de3692c2{ip: 192.168.157.247, host: byscane-nightly-228d8-4024241517, networkLocation: /default-rack, certSerialId: null}, Type:RATIS, Factor:THREE, State:OPEN]
2019-08-05 04:34:07,771 INFO  ozone.MiniOzoneClusterImpl (MiniOzoneClusterImpl.java:lambda$waitForClusterToBeReady$0(142)) - Cluster is ready. Got 3 of 3 DN Heartbeats.
2019-08-05 04:34:09,344 INFO  container.ReplicationManager (ReplicationManager.java:start(155)) - Starting Replication Monitor Thread.
2019-08-05 04:34:09,351 INFO  container.ReplicationManager (ReplicationManager.java:run(207)) - Replication Monitor Thread took 0 milliseconds for processing 0 containers.
2019-08-05 04:34:11,418 INFO  impl.FollowerState (FollowerState.java:run(106)) - 388e2d51-17a6-4e34-8030-41d11e59d2e1:group-9F40A1D956D1 changes to CANDIDATE, lastRpcTime:5016, electionTimeout:5016ms
2019-08-05 04:34:11,418 INFO  impl.RoleInfo (RoleInfo.java:shutdownFollowerState(121)) - 388e2d51-17a6-4e34-8030-41d11e59d2e1: shutdown FollowerState
2019-08-05 04:34:11,418 INFO  impl.RaftServerImpl (RaftServerImpl.java:setRole(171)) - 388e2d51-17a6-4e34-8030-41d11e59d2e1:group-9F40A1D956D1 changes role from FOLLOWER to CANDIDATE at term 0 for changeToCandidate
2019-08-05 04:34:11,419 INFO  impl.RoleInfo (RoleInfo.java:updateAndGet(143)) - 388e2d51-17a6-4e34-8030-41d11e59d2e1: start LeaderElection
2019-08-05 04:34:11,441 INFO  impl.LeaderElection (LeaderElection.java:askForVotes(181)) - 388e2d51-17a6-4e34-8030-41d11e59d2e1:group-9F40A1D956D1:LeaderElection7: begin an election at term 1 for -1: [388e2d51-17a6-4e34-8030-41d11e59d2e1:192.168.157.247:34744], old=null
2019-08-05 04:34:11,442 INFO  impl.RoleInfo (RoleInfo.java:shutdownLeaderElection(134)) - 388e2d51-17a6-4e34-8030-41d11e59d2e1: shutdown LeaderElection
2019-08-05 04:34:11,442 INFO  impl.RaftServerImpl (RaftServerImpl.java:setRole(171)) - 388e2d51-17a6-4e34-8030-41d11e59d2e1:group-9F40A1D956D1 changes role from CANDIDATE to LEADER at term 1 for changeToLeader
2019-08-05 04:34:11,442 INFO  impl.RaftServerImpl (ServerState.java:setLeader(263)) - 388e2d51-17a6-4e34-8030-41d11e59d2e1:group-9F40A1D956D1 change Leader from null to 388e2d51-17a6-4e34-8030-41d11e59d2e1 at term 1 for becomeLeader, leader elected after 5046ms
2019-08-05 04:34:11,443 INFO  server.RaftServerConfigKeys (ConfUtils.java:logGet(43)) - raft.server.staging.catchup.gap = 1000 (default)
2019-08-05 04:34:11,443 INFO  server.RaftServerConfigKeys (ConfUtils.java:logGet(43)) - raft.server.rpc.sleep.time = 25ms (default)
2019-08-05 04:34:11,443 INFO  server.RaftServerConfigKeys (ConfUtils.java:logGet(43)) - raft.server.write.element-limit = 4096 (default)
2019-08-05 04:34:11,443 INFO  server.RaftServerConfigKeys (ConfUtils.java:logGet(43)) - raft.server.watch.timeout = 10s (default)
2019-08-05 04:34:11,443 INFO  server.RaftServerConfigKeys (ConfUtils.java:logGet(43)) - raft.server.watch.timeout.denomination = 1s (default)
2019-08-05 04:34:11,444 INFO  server.RaftServerConfigKeys (ConfUtils.java:logGet(43)) - raft.server.watch.element-limit = 65536 (default)
2019-08-05 04:34:11,444 INFO  impl.RoleInfo (RoleInfo.java:updateAndGet(143)) - 388e2d51-17a6-4e34-8030-41d11e59d2e1: start LeaderState
2019-08-05 04:34:11,445 INFO  segmented.SegmentedRaftLogWorker (SegmentedRaftLogWorker.java:startLogSegment(380)) - 388e2d51-17a6-4e34-8030-41d11e59d2e1-SegmentedRaftLogWorker:Storage Directory /workdir/hadoop-ozone/integration-test/target/test-dir/MiniOzoneClusterImpl-609185ad-7803-4350-a04a-4469831e28aa/datanode-0/data/ratis/44bb8a05-f2ab-4ce9-bda5-9f40a1d956d1: Starting segment from index:0
2019-08-05 04:34:11,446 INFO  impl.RaftServerImpl (ServerState.java:setRaftConf(361)) - 388e2d51-17a6-4e34-8030-41d11e59d2e1:group-9F40A1D956D1 set configuration 0: [388e2d51-17a6-4e34-8030-41d11e59d2e1:192.168.157.247:34744], old=null at 0
2019-08-05 04:34:11,479 INFO  segmented.SegmentedRaftLogWorker (SegmentedRaftLogWorker.java:execute(569)) - 388e2d51-17a6-4e34-8030-41d11e59d2e1-SegmentedRaftLogWorker:Storage Directory /workdir/hadoop-ozone/integration-test/target/test-dir/MiniOzoneClusterImpl-609185ad-7803-4350-a04a-4469831e28aa/datanode-0/data/ratis/44bb8a05-f2ab-4ce9-bda5-9f40a1d956d1: created new log segment /workdir/hadoop-ozone/integration-test/target/test-dir/MiniOzoneClusterImpl-609185ad-7803-4350-a04a-4469831e28aa/datanode-0/data/ratis/44bb8a05-f2ab-4ce9-bda5-9f40a1d956d1/current/log_inprogress_0
2019-08-05 04:34:11,685 INFO  impl.FollowerState (FollowerState.java:run(106)) - 6cd1f707-4561-4075-9a21-74d3de3692c2:group-9F62A0F4ABC7 changes to CANDIDATE, lastRpcTime:5089, electionTimeout:5089ms
2019-08-05 04:34:11,685 INFO  impl.RoleInfo (RoleInfo.java:shutdownFollowerState(121)) - 6cd1f707-4561-4075-9a21-74d3de3692c2: shutdown FollowerState
2019-08-05 04:34:11,685 INFO  impl.RaftServerImpl (RaftServerImpl.java:setRole(171)) - 6cd1f707-4561-4075-9a21-74d3de3692c2:group-9F62A0F4ABC7 changes role from FOLLOWER to CANDIDATE at term 0 for changeToCandidate
2019-08-05 04:34:11,685 INFO  impl.RoleInfo (RoleInfo.java:updateAndGet(143)) - 6cd1f707-4561-4075-9a21-74d3de3692c2: start LeaderElection
2019-08-05 04:34:11,706 INFO  impl.LeaderElection (LeaderElection.java:askForVotes(181)) - 6cd1f707-4561-4075-9a21-74d3de3692c2:group-9F62A0F4ABC7:LeaderElection8: begin an election at term 1 for -1: [6cd1f707-4561-4075-9a21-74d3de3692c2:192.168.157.247:40509], old=null
2019-08-05 04:34:11,721 INFO  impl.RoleInfo (RoleInfo.java:shutdownLeaderElection(134)) - 6cd1f707-4561-4075-9a21-74d3de3692c2: shutdown LeaderElection
2019-08-05 04:34:11,721 INFO  impl.RaftServerImpl (RaftServerImpl.java:setRole(171)) - 6cd1f707-4561-4075-9a21-74d3de3692c2:group-9F62A0F4ABC7 changes role from CANDIDATE to LEADER at term 1 for changeToLeader
2019-08-05 04:34:11,721 INFO  impl.RaftServerImpl (ServerState.java:setLeader(263)) - 6cd1f707-4561-4075-9a21-74d3de3692c2:group-9F62A0F4ABC7 change Leader from null to 6cd1f707-4561-4075-9a21-74d3de3692c2 at term 1 for becomeLeader, leader elected after 5133ms
2019-08-05 04:34:11,722 INFO  server.RaftServerConfigKeys (ConfUtils.java:logGet(43)) - raft.server.staging.catchup.gap = 1000 (default)
2019-08-05 04:34:11,722 INFO  server.RaftServerConfigKeys (ConfUtils.java:logGet(43)) - raft.server.rpc.sleep.time = 25ms (default)
2019-08-05 04:34:11,722 INFO  server.RaftServerConfigKeys (ConfUtils.java:logGet(43)) - raft.server.write.element-limit = 4096 (default)
2019-08-05 04:34:11,722 INFO  server.RaftServerConfigKeys (ConfUtils.java:logGet(43)) - raft.server.watch.timeout = 10s (default)
2019-08-05 04:34:11,722 INFO  server.RaftServerConfigKeys (ConfUtils.java:logGet(43)) - raft.server.watch.timeout.denomination = 1s (default)
2019-08-05 04:34:11,723 INFO  server.RaftServerConfigKeys (ConfUtils.java:logGet(43)) - raft.server.watch.element-limit = 65536 (default)
2019-08-05 04:34:11,723 INFO  impl.RoleInfo (RoleInfo.java:updateAndGet(143)) - 6cd1f707-4561-4075-9a21-74d3de3692c2: start LeaderState
2019-08-05 04:34:11,723 INFO  segmented.SegmentedRaftLogWorker (SegmentedRaftLogWorker.java:startLogSegment(380)) - 6cd1f707-4561-4075-9a21-74d3de3692c2-SegmentedRaftLogWorker:Storage Directory /workdir/hadoop-ozone/integration-test/target/test-dir/MiniOzoneClusterImpl-609185ad-7803-4350-a04a-4469831e28aa/datanode-1/data/ratis/ec2e72e3-6d4e-4d03-ba5a-9f62a0f4abc7: Starting segment from index:0
2019-08-05 04:34:11,724 INFO  impl.RaftServerImpl (ServerState.java:setRaftConf(361)) - 6cd1f707-4561-4075-9a21-74d3de3692c2:group-9F62A0F4ABC7 set configuration 0: [6cd1f707-4561-4075-9a21-74d3de3692c2:192.168.157.247:40509], old=null at 0
2019-08-05 04:34:11,757 INFO  segmented.SegmentedRaftLogWorker (SegmentedRaftLogWorker.java:execute(569)) - 6cd1f707-4561-4075-9a21-74d3de3692c2-SegmentedRaftLogWorker:Storage Directory /workdir/hadoop-ozone/integration-test/target/test-dir/MiniOzoneClusterImpl-609185ad-7803-4350-a04a-4469831e28aa/datanode-1/data/ratis/ec2e72e3-6d4e-4d03-ba5a-9f62a0f4abc7: created new log segment /workdir/hadoop-ozone/integration-test/target/test-dir/MiniOzoneClusterImpl-609185ad-7803-4350-a04a-4469831e28aa/datanode-1/data/ratis/ec2e72e3-6d4e-4d03-ba5a-9f62a0f4abc7/current/log_inprogress_0
2019-08-05 04:34:11,994 INFO  impl.FollowerState (FollowerState.java:run(106)) - bc2f0381-97d5-4966-b58a-e7dece24dbbe:group-A4EEA00F3538 changes to CANDIDATE, lastRpcTime:5163, electionTimeout:5163ms
2019-08-05 04:34:11,994 INFO  impl.RoleInfo (RoleInfo.java:shutdownFollowerState(121)) - bc2f0381-97d5-4966-b58a-e7dece24dbbe: shutdown FollowerState
2019-08-05 04:34:11,994 INFO  impl.RaftServerImpl (RaftServerImpl.java:setRole(171)) - bc2f0381-97d5-4966-b58a-e7dece24dbbe:group-A4EEA00F3538 changes role from FOLLOWER to CANDIDATE at term 0 for changeToCandidate
2019-08-05 04:34:11,994 INFO  impl.RoleInfo (RoleInfo.java:updateAndGet(143)) - bc2f0381-97d5-4966-b58a-e7dece24dbbe: start LeaderElection
2019-08-05 04:34:12,015 INFO  impl.LeaderElection (LeaderElection.java:askForVotes(181)) - bc2f0381-97d5-4966-b58a-e7dece24dbbe:group-A4EEA00F3538:LeaderElection9: begin an election at term 1 for -1: [bc2f0381-97d5-4966-b58a-e7dece24dbbe:192.168.157.247:40887], old=null
2019-08-05 04:34:12,017 INFO  impl.RoleInfo (RoleInfo.java:shutdownLeaderElection(134)) - bc2f0381-97d5-4966-b58a-e7dece24dbbe: shutdown LeaderElection
2019-08-05 04:34:12,017 INFO  impl.RaftServerImpl (RaftServerImpl.java:setRole(171)) - bc2f0381-97d5-4966-b58a-e7dece24dbbe:group-A4EEA00F3538 changes role from CANDIDATE to LEADER at term 1 for changeToLeader
2019-08-05 04:34:12,017 INFO  impl.RaftServerImpl (ServerState.java:setLeader(263)) - bc2f0381-97d5-4966-b58a-e7dece24dbbe:group-A4EEA00F3538 change Leader from null to bc2f0381-97d5-4966-b58a-e7dece24dbbe at term 1 for becomeLeader, leader elected after 5192ms
2019-08-05 04:34:12,018 INFO  server.RaftServerConfigKeys (ConfUtils.java:logGet(43)) - raft.server.staging.catchup.gap = 1000 (default)
2019-08-05 04:34:12,018 INFO  server.RaftServerConfigKeys (ConfUtils.java:logGet(43)) - raft.server.rpc.sleep.time = 25ms (default)
2019-08-05 04:34:12,018 INFO  server.RaftServerConfigKeys (ConfUtils.java:logGet(43)) - raft.server.write.element-limit = 4096 (default)
2019-08-05 04:34:12,018 INFO  server.RaftServerConfigKeys (ConfUtils.java:logGet(43)) - raft.server.watch.timeout = 10s (default)
2019-08-05 04:34:12,018 INFO  server.RaftServerConfigKeys (ConfUtils.java:logGet(43)) - raft.server.watch.timeout.denomination = 1s (default)
2019-08-05 04:34:12,019 INFO  server.RaftServerConfigKeys (ConfUtils.java:logGet(43)) - raft.server.watch.element-limit = 65536 (default)
2019-08-05 04:34:12,019 INFO  impl.RoleInfo (RoleInfo.java:updateAndGet(143)) - bc2f0381-97d5-4966-b58a-e7dece24dbbe: start LeaderState
2019-08-05 04:34:12,019 INFO  segmented.SegmentedRaftLogWorker (SegmentedRaftLogWorker.java:startLogSegment(380)) - bc2f0381-97d5-4966-b58a-e7dece24dbbe-SegmentedRaftLogWorker:Storage Directory /workdir/hadoop-ozone/integration-test/target/test-dir/MiniOzoneClusterImpl-609185ad-7803-4350-a04a-4469831e28aa/datanode-2/data/ratis/7958b923-950d-45c1-8abe-a4eea00f3538: Starting segment from index:0
2019-08-05 04:34:12,020 INFO  impl.RaftServerImpl (ServerState.java:setRaftConf(361)) - bc2f0381-97d5-4966-b58a-e7dece24dbbe:group-A4EEA00F3538 set configuration 0: [bc2f0381-97d5-4966-b58a-e7dece24dbbe:192.168.157.247:40887], old=null at 0
2019-08-05 04:34:12,041 INFO  impl.FollowerState (FollowerState.java:run(106)) - bc2f0381-97d5-4966-b58a-e7dece24dbbe:group-962C3D3F17D6 changes to CANDIDATE, lastRpcTime:5101, electionTimeout:5096ms
2019-08-05 04:34:12,041 INFO  impl.RoleInfo (RoleInfo.java:shutdownFollowerState(121)) - bc2f0381-97d5-4966-b58a-e7dece24dbbe: shutdown FollowerState
2019-08-05 04:34:12,041 INFO  impl.FollowerState (FollowerState.java:run(106)) - 388e2d51-17a6-4e34-8030-41d11e59d2e1:group-962C3D3F17D6 changes to CANDIDATE, lastRpcTime:5086, electionTimeout:5066ms
2019-08-05 04:34:12,041 INFO  impl.RaftServerImpl (RaftServerImpl.java:setRole(171)) - bc2f0381-97d5-4966-b58a-e7dece24dbbe:group-962C3D3F17D6 changes role from FOLLOWER to CANDIDATE at term 0 for changeToCandidate
2019-08-05 04:34:12,041 INFO  impl.RoleInfo (RoleInfo.java:shutdownFollowerState(121)) - 388e2d51-17a6-4e34-8030-41d11e59d2e1: shutdown FollowerState
2019-08-05 04:34:12,041 INFO  impl.RaftServerImpl (RaftServerImpl.java:setRole(171)) - 388e2d51-17a6-4e34-8030-41d11e59d2e1:group-962C3D3F17D6 changes role from FOLLOWER to CANDIDATE at term 0 for changeToCandidate
2019-08-05 04:34:12,041 INFO  impl.RoleInfo (RoleInfo.java:updateAndGet(143)) - bc2f0381-97d5-4966-b58a-e7dece24dbbe: start LeaderElection
2019-08-05 04:34:12,042 INFO  impl.RoleInfo (RoleInfo.java:updateAndGet(143)) - 388e2d51-17a6-4e34-8030-41d11e59d2e1: start LeaderElection
2019-08-05 04:34:12,054 INFO  segmented.SegmentedRaftLogWorker (SegmentedRaftLogWorker.java:execute(569)) - bc2f0381-97d5-4966-b58a-e7dece24dbbe-SegmentedRaftLogWorker:Storage Directory /workdir/hadoop-ozone/integration-test/target/test-dir/MiniOzoneClusterImpl-609185ad-7803-4350-a04a-4469831e28aa/datanode-2/data/ratis/7958b923-950d-45c1-8abe-a4eea00f3538: created new log segment /workdir/hadoop-ozone/integration-test/target/test-dir/MiniOzoneClusterImpl-609185ad-7803-4350-a04a-4469831e28aa/datanode-2/data/ratis/7958b923-950d-45c1-8abe-a4eea00f3538/current/log_inprogress_0
2019-08-05 04:34:12,057 INFO  impl.LeaderElection (LeaderElection.java:askForVotes(181)) - 388e2d51-17a6-4e34-8030-41d11e59d2e1:group-962C3D3F17D6:LeaderElection11: begin an election at term 1 for -1: [6cd1f707-4561-4075-9a21-74d3de3692c2:192.168.157.247:40509, bc2f0381-97d5-4966-b58a-e7dece24dbbe:192.168.157.247:40887, 388e2d51-17a6-4e34-8030-41d11e59d2e1:192.168.157.247:34744], old=null
2019-08-05 04:34:12,057 INFO  impl.LeaderElection (LeaderElection.java:askForVotes(181)) - bc2f0381-97d5-4966-b58a-e7dece24dbbe:group-962C3D3F17D6:LeaderElection10: begin an election at term 1 for -1: [6cd1f707-4561-4075-9a21-74d3de3692c2:192.168.157.247:40509, bc2f0381-97d5-4966-b58a-e7dece24dbbe:192.168.157.247:40887, 388e2d51-17a6-4e34-8030-41d11e59d2e1:192.168.157.247:34744], old=null
2019-08-05 04:34:12,104 INFO  impl.FollowerState (FollowerState.java:run(106)) - 6cd1f707-4561-4075-9a21-74d3de3692c2:group-962C3D3F17D6 changes to CANDIDATE, lastRpcTime:5149, electionTimeout:5148ms
2019-08-05 04:34:12,104 INFO  impl.RoleInfo (RoleInfo.java:shutdownFollowerState(121)) - 6cd1f707-4561-4075-9a21-74d3de3692c2: shutdown FollowerState
2019-08-05 04:34:12,104 INFO  impl.RaftServerImpl (RaftServerImpl.java:setRole(171)) - 6cd1f707-4561-4075-9a21-74d3de3692c2:group-962C3D3F17D6 changes role from FOLLOWER to CANDIDATE at term 0 for changeToCandidate
2019-08-05 04:34:12,105 INFO  impl.RoleInfo (RoleInfo.java:updateAndGet(143)) - 6cd1f707-4561-4075-9a21-74d3de3692c2: start LeaderElection
2019-08-05 04:34:12,125 INFO  impl.LeaderElection (LeaderElection.java:askForVotes(181)) - 6cd1f707-4561-4075-9a21-74d3de3692c2:group-962C3D3F17D6:LeaderElection12: begin an election at term 1 for -1: [6cd1f707-4561-4075-9a21-74d3de3692c2:192.168.157.247:40509, bc2f0381-97d5-4966-b58a-e7dece24dbbe:192.168.157.247:40887, 388e2d51-17a6-4e34-8030-41d11e59d2e1:192.168.157.247:34744], old=null
2019-08-05 04:34:12,170 INFO  impl.LeaderElection (LeaderElection.java:logAndReturn(56)) - bc2f0381-97d5-4966-b58a-e7dece24dbbe:group-962C3D3F17D6:LeaderElection10: Election REJECTED; received 2 response(s) [bc2f0381-97d5-4966-b58a-e7dece24dbbe<-6cd1f707-4561-4075-9a21-74d3de3692c2#0:FAIL-t1, bc2f0381-97d5-4966-b58a-e7dece24dbbe<-388e2d51-17a6-4e34-8030-41d11e59d2e1#0:FAIL-t1] and 0 exception(s); bc2f0381-97d5-4966-b58a-e7dece24dbbe:t1, leader=null, voted=bc2f0381-97d5-4966-b58a-e7dece24dbbe, raftlog=bc2f0381-97d5-4966-b58a-e7dece24dbbe-SegmentedRaftLog:OPENED:c-1,f-1,i0, conf=-1: [6cd1f707-4561-4075-9a21-74d3de3692c2:192.168.157.247:40509, bc2f0381-97d5-4966-b58a-e7dece24dbbe:192.168.157.247:40887, 388e2d51-17a6-4e34-8030-41d11e59d2e1:192.168.157.247:34744], old=null
2019-08-05 04:34:12,175 INFO  impl.LeaderElection (LeaderElection.java:logAndReturn(56)) - 388e2d51-17a6-4e34-8030-41d11e59d2e1:group-962C3D3F17D6:LeaderElection11: Election REJECTED; received 2 response(s) [388e2d51-17a6-4e34-8030-41d11e59d2e1<-6cd1f707-4561-4075-9a21-74d3de3692c2#0:FAIL-t1, 388e2d51-17a6-4e34-8030-41d11e59d2e1<-bc2f0381-97d5-4966-b58a-e7dece24dbbe#0:FAIL-t1] and 0 exception(s); 388e2d51-17a6-4e34-8030-41d11e59d2e1:t1, leader=null, voted=388e2d51-17a6-4e34-8030-41d11e59d2e1, raftlog=388e2d51-17a6-4e34-8030-41d11e59d2e1-SegmentedRaftLog:OPENED:c-1,f-1,i0, conf=-1: [6cd1f707-4561-4075-9a21-74d3de3692c2:192.168.157.247:40509, bc2f0381-97d5-4966-b58a-e7dece24dbbe:192.168.157.247:40887, 388e2d51-17a6-4e34-8030-41d11e59d2e1:192.168.157.247:34744], old=null
2019-08-05 04:34:12,178 INFO  impl.RaftServerImpl (RaftServerImpl.java:setRole(171)) - bc2f0381-97d5-4966-b58a-e7dece24dbbe:group-962C3D3F17D6 changes role from CANDIDATE to FOLLOWER at term 1 for DISCOVERED_A_NEW_TERM
2019-08-05 04:34:12,180 INFO  impl.RoleInfo (RoleInfo.java:shutdownLeaderElection(134)) - bc2f0381-97d5-4966-b58a-e7dece24dbbe: shutdown LeaderElection
2019-08-05 04:34:12,180 INFO  impl.RoleInfo (RoleInfo.java:updateAndGet(143)) - bc2f0381-97d5-4966-b58a-e7dece24dbbe: start FollowerState
2019-08-05 04:34:12,180 INFO  impl.RaftServerImpl (RaftServerImpl.java:setRole(171)) - 388e2d51-17a6-4e34-8030-41d11e59d2e1:group-962C3D3F17D6 changes role from CANDIDATE to FOLLOWER at term 1 for DISCOVERED_A_NEW_TERM
2019-08-05 04:34:12,184 INFO  impl.RoleInfo (RoleInfo.java:shutdownLeaderElection(134)) - 388e2d51-17a6-4e34-8030-41d11e59d2e1: shutdown LeaderElection
2019-08-05 04:34:12,184 INFO  impl.RoleInfo (RoleInfo.java:updateAndGet(143)) - 388e2d51-17a6-4e34-8030-41d11e59d2e1: start FollowerState
2019-08-05 04:34:12,197 INFO  impl.LeaderElection (LeaderElection.java:logAndReturn(56)) - 6cd1f707-4561-4075-9a21-74d3de3692c2:group-962C3D3F17D6:LeaderElection12: Election REJECTED; received 2 response(s) [6cd1f707-4561-4075-9a21-74d3de3692c2<-bc2f0381-97d5-4966-b58a-e7dece24dbbe#0:FAIL-t1, 6cd1f707-4561-4075-9a21-74d3de3692c2<-388e2d51-17a6-4e34-8030-41d11e59d2e1#0:FAIL-t1] and 0 exception(s); 6cd1f707-4561-4075-9a21-74d3de3692c2:t1, leader=null, voted=6cd1f707-4561-4075-9a21-74d3de3692c2, raftlog=6cd1f707-4561-4075-9a21-74d3de3692c2-SegmentedRaftLog:OPENED:c-1,f-1,i0, conf=-1: [6cd1f707-4561-4075-9a21-74d3de3692c2:192.168.157.247:40509, bc2f0381-97d5-4966-b58a-e7dece24dbbe:192.168.157.247:40887, 388e2d51-17a6-4e34-8030-41d11e59d2e1:192.168.157.247:34744], old=null
2019-08-05 04:34:12,198 INFO  impl.RaftServerImpl (RaftServerImpl.java:setRole(171)) - 6cd1f707-4561-4075-9a21-74d3de3692c2:group-962C3D3F17D6 changes role from CANDIDATE to FOLLOWER at term 1 for DISCOVERED_A_NEW_TERM
2019-08-05 04:34:12,198 INFO  impl.RoleInfo (RoleInfo.java:shutdownLeaderElection(134)) - 6cd1f707-4561-4075-9a21-74d3de3692c2: shutdown LeaderElection
2019-08-05 04:34:12,198 INFO  impl.RoleInfo (RoleInfo.java:updateAndGet(143)) - 6cd1f707-4561-4075-9a21-74d3de3692c2: start FollowerState
2019-08-05 04:34:17,225 INFO  impl.FollowerState (FollowerState.java:run(106)) - 6cd1f707-4561-4075-9a21-74d3de3692c2:group-962C3D3F17D6 changes to CANDIDATE, lastRpcTime:5026, electionTimeout:5026ms
2019-08-05 04:34:17,229 INFO  impl.RoleInfo (RoleInfo.java:shutdownFollowerState(121)) - 6cd1f707-4561-4075-9a21-74d3de3692c2: shutdown FollowerState
2019-08-05 04:34:17,228 INFO  impl.FollowerState (FollowerState.java:run(106)) - 388e2d51-17a6-4e34-8030-41d11e59d2e1:group-962C3D3F17D6 changes to CANDIDATE, lastRpcTime:5043, electionTimeout:5036ms
2019-08-05 04:34:17,229 INFO  impl.RoleInfo (RoleInfo.java:shutdownFollowerState(121)) - 388e2d51-17a6-4e34-8030-41d11e59d2e1: shutdown FollowerState
2019-08-05 04:34:17,229 INFO  impl.RaftServerImpl (RaftServerImpl.java:setRole(171)) - 388e2d51-17a6-4e34-8030-41d11e59d2e1:group-962C3D3F17D6 changes role from FOLLOWER to CANDIDATE at term 1 for changeToCandidate
2019-08-05 04:34:17,229 INFO  impl.RaftServerImpl (RaftServerImpl.java:setRole(171)) - 6cd1f707-4561-4075-9a21-74d3de3692c2:group-962C3D3F17D6 changes role from FOLLOWER to CANDIDATE at term 1 for changeToCandidate
2019-08-05 04:34:17,230 INFO  impl.RoleInfo (RoleInfo.java:updateAndGet(143)) - 388e2d51-17a6-4e34-8030-41d11e59d2e1: start LeaderElection
2019-08-05 04:34:17,230 INFO  impl.RoleInfo (RoleInfo.java:updateAndGet(143)) - 6cd1f707-4561-4075-9a21-74d3de3692c2: start LeaderElection
2019-08-05 04:34:17,248 INFO  impl.FollowerState (FollowerState.java:run(106)) - bc2f0381-97d5-4966-b58a-e7dece24dbbe:group-962C3D3F17D6 changes to CANDIDATE, lastRpcTime:5068, electionTimeout:5064ms
2019-08-05 04:34:17,248 INFO  impl.RoleInfo (RoleInfo.java:shutdownFollowerState(121)) - bc2f0381-97d5-4966-b58a-e7dece24dbbe: shutdown FollowerState
2019-08-05 04:34:17,248 INFO  impl.RaftServerImpl (RaftServerImpl.java:setRole(171)) - bc2f0381-97d5-4966-b58a-e7dece24dbbe:group-962C3D3F17D6 changes role from FOLLOWER to CANDIDATE at term 1 for changeToCandidate
2019-08-05 04:34:17,249 INFO  impl.RoleInfo (RoleInfo.java:updateAndGet(143)) - bc2f0381-97d5-4966-b58a-e7dece24dbbe: start LeaderElection
2019-08-05 04:34:17,252 INFO  impl.LeaderElection (LeaderElection.java:askForVotes(181)) - 6cd1f707-4561-4075-9a21-74d3de3692c2:group-962C3D3F17D6:LeaderElection14: begin an election at term 2 for -1: [6cd1f707-4561-4075-9a21-74d3de3692c2:192.168.157.247:40509, bc2f0381-97d5-4966-b58a-e7dece24dbbe:192.168.157.247:40887, 388e2d51-17a6-4e34-8030-41d11e59d2e1:192.168.157.247:34744], old=null
2019-08-05 04:34:17,252 INFO  impl.LeaderElection (LeaderElection.java:askForVotes(181)) - 388e2d51-17a6-4e34-8030-41d11e59d2e1:group-962C3D3F17D6:LeaderElection13: begin an election at term 2 for -1: [6cd1f707-4561-4075-9a21-74d3de3692c2:192.168.157.247:40509, bc2f0381-97d5-4966-b58a-e7dece24dbbe:192.168.157.247:40887, 388e2d51-17a6-4e34-8030-41d11e59d2e1:192.168.157.247:34744], old=null
2019-08-05 04:34:17,272 INFO  impl.LeaderElection (LeaderElection.java:askForVotes(181)) - bc2f0381-97d5-4966-b58a-e7dece24dbbe:group-962C3D3F17D6:LeaderElection15: begin an election at term 2 for -1: [6cd1f707-4561-4075-9a21-74d3de3692c2:192.168.157.247:40509, bc2f0381-97d5-4966-b58a-e7dece24dbbe:192.168.157.247:40887, 388e2d51-17a6-4e34-8030-41d11e59d2e1:192.168.157.247:34744], old=null
2019-08-05 04:34:17,283 INFO  impl.LeaderElection (LeaderElection.java:logAndReturn(56)) - 6cd1f707-4561-4075-9a21-74d3de3692c2:group-962C3D3F17D6:LeaderElection14: Election REJECTED; received 2 response(s) [6cd1f707-4561-4075-9a21-74d3de3692c2<-bc2f0381-97d5-4966-b58a-e7dece24dbbe#0:FAIL-t2, 6cd1f707-4561-4075-9a21-74d3de3692c2<-388e2d51-17a6-4e34-8030-41d11e59d2e1#0:FAIL-t2] and 0 exception(s); 6cd1f707-4561-4075-9a21-74d3de3692c2:t2, leader=null, voted=6cd1f707-4561-4075-9a21-74d3de3692c2, raftlog=6cd1f707-4561-4075-9a21-74d3de3692c2-SegmentedRaftLog:OPENED:c-1,f-1,i0, conf=-1: [6cd1f707-4561-4075-9a21-74d3de3692c2:192.168.157.247:40509, bc2f0381-97d5-4966-b58a-e7dece24dbbe:192.168.157.247:40887, 388e2d51-17a6-4e34-8030-41d11e59d2e1:192.168.157.247:34744], old=null
2019-08-05 04:34:17,283 INFO  impl.RaftServerImpl (RaftServerImpl.java:setRole(171)) - 6cd1f707-4561-4075-9a21-74d3de3692c2:group-962C3D3F17D6 changes role from CANDIDATE to FOLLOWER at term 2 for DISCOVERED_A_NEW_TERM
2019-08-05 04:34:17,286 INFO  impl.RoleInfo (RoleInfo.java:shutdownLeaderElection(134)) - 6cd1f707-4561-4075-9a21-74d3de3692c2: shutdown LeaderElection
2019-08-05 04:34:17,286 INFO  impl.RoleInfo (RoleInfo.java:updateAndGet(143)) - 6cd1f707-4561-4075-9a21-74d3de3692c2: start FollowerState
2019-08-05 04:34:17,294 INFO  impl.LeaderElection (LeaderElection.java:logAndReturn(56)) - 388e2d51-17a6-4e34-8030-41d11e59d2e1:group-962C3D3F17D6:LeaderElection13: Election REJECTED; received 2 response(s) [388e2d51-17a6-4e34-8030-41d11e59d2e1<-6cd1f707-4561-4075-9a21-74d3de3692c2#0:FAIL-t2, 388e2d51-17a6-4e34-8030-41d11e59d2e1<-bc2f0381-97d5-4966-b58a-e7dece24dbbe#0:FAIL-t2] and 0 exception(s); 388e2d51-17a6-4e34-8030-41d11e59d2e1:t2, leader=null, voted=388e2d51-17a6-4e34-8030-41d11e59d2e1, raftlog=388e2d51-17a6-4e34-8030-41d11e59d2e1-SegmentedRaftLog:OPENED:c-1,f-1,i0, conf=-1: [6cd1f707-4561-4075-9a21-74d3de3692c2:192.168.157.247:40509, bc2f0381-97d5-4966-b58a-e7dece24dbbe:192.168.157.247:40887, 388e2d51-17a6-4e34-8030-41d11e59d2e1:192.168.157.247:34744], old=null
2019-08-05 04:34:17,297 INFO  impl.RaftServerImpl (RaftServerImpl.java:setRole(171)) - 388e2d51-17a6-4e34-8030-41d11e59d2e1:group-962C3D3F17D6 changes role from CANDIDATE to FOLLOWER at term 2 for DISCOVERED_A_NEW_TERM
2019-08-05 04:34:17,299 INFO  impl.RoleInfo (RoleInfo.java:shutdownLeaderElection(134)) - 388e2d51-17a6-4e34-8030-41d11e59d2e1: shutdown LeaderElection
2019-08-05 04:34:17,300 INFO  impl.RoleInfo (RoleInfo.java:updateAndGet(143)) - 388e2d51-17a6-4e34-8030-41d11e59d2e1: start FollowerState
2019-08-05 04:34:17,303 INFO  impl.LeaderElection (LeaderElection.java:logAndReturn(56)) - bc2f0381-97d5-4966-b58a-e7dece24dbbe:group-962C3D3F17D6:LeaderElection15: Election REJECTED; received 2 response(s) [bc2f0381-97d5-4966-b58a-e7dece24dbbe<-6cd1f707-4561-4075-9a21-74d3de3692c2#0:FAIL-t2, bc2f0381-97d5-4966-b58a-e7dece24dbbe<-388e2d51-17a6-4e34-8030-41d11e59d2e1#0:FAIL-t2] and 0 exception(s); bc2f0381-97d5-4966-b58a-e7dece24dbbe:t2, leader=null, voted=bc2f0381-97d5-4966-b58a-e7dece24dbbe, raftlog=bc2f0381-97d5-4966-b58a-e7dece24dbbe-SegmentedRaftLog:OPENED:c-1,f-1,i0, conf=-1: [6cd1f707-4561-4075-9a21-74d3de3692c2:192.168.157.247:40509, bc2f0381-97d5-4966-b58a-e7dece24dbbe:192.168.157.247:40887, 388e2d51-17a6-4e34-8030-41d11e59d2e1:192.168.157.247:34744], old=null
2019-08-05 04:34:17,305 INFO  impl.RaftServerImpl (RaftServerImpl.java:setRole(171)) - bc2f0381-97d5-4966-b58a-e7dece24dbbe:group-962C3D3F17D6 changes role from CANDIDATE to FOLLOWER at term 2 for DISCOVERED_A_NEW_TERM
2019-08-05 04:34:17,307 INFO  impl.RoleInfo (RoleInfo.java:shutdownLeaderElection(134)) - bc2f0381-97d5-4966-b58a-e7dece24dbbe: shutdown LeaderElection
2019-08-05 04:34:17,308 INFO  impl.RoleInfo (RoleInfo.java:updateAndGet(143)) - bc2f0381-97d5-4966-b58a-e7dece24dbbe: start FollowerState
2019-08-05 04:34:19,774 INFO  ozone.MiniOzoneClusterImpl (MiniOzoneClusterImpl.java:shutdown(321)) - Shutting down the Mini Ozone Cluster
2019-08-05 04:34:19,777 INFO  ozone.MiniOzoneClusterImpl (MiniOzoneClusterImpl.java:stop(336)) - Stopping the Mini Ozone Cluster
2019-08-05 04:34:19,778 INFO  ozone.MiniOzoneClusterImpl (MiniOzoneClusterImpl.java:stop(338)) - Stopping the OzoneManager
2019-08-05 04:34:19,778 INFO  ipc.Server (Server.java:stop(3082)) - Stopping server on 37126
2019-08-05 04:34:19,794 INFO  ipc.Server (Server.java:run(1185)) - Stopping IPC Server listener on 37126
2019-08-05 04:34:19,794 INFO  utils.BackgroundService (BackgroundService.java:shutdown(148)) - Shutting down service KeyDeletingService
2019-08-05 04:34:19,794 INFO  ipc.Server (Server.java:run(1319)) - Stopping IPC Server Responder
2019-08-05 04:34:19,799 INFO  handler.ContextHandler (ContextHandler.java:doStop(910)) - Stopped o.e.j.w.WebAppContext@ab8427d{/,null,UNAVAILABLE}{/ozoneManager}
2019-08-05 04:34:19,799 INFO  server.AbstractConnector (AbstractConnector.java:doStop(318)) - Stopped ServerConnector@2ca2ac66{HTTP/1.1,[http/1.1]}{0.0.0.0:0}
2019-08-05 04:34:19,800 INFO  handler.ContextHandler (ContextHandler.java:doStop(910)) - Stopped o.e.j.s.ServletContextHandler@2897ad95{/static,file:///workdir/hadoop-ozone/integration-test/target/test-classes/webapps/static,UNAVAILABLE}
2019-08-05 04:34:19,800 INFO  handler.ContextHandler (ContextHandler.java:doStop(910)) - Stopped o.e.j.s.ServletContextHandler@36e788fd{/logs,file:///workdir/hadoop-ozone/integration-test/target/log,UNAVAILABLE}
2019-08-05 04:34:19,803 INFO  ozone.MiniOzoneClusterImpl (MiniOzoneClusterImpl.java:stop(344)) - Shutting the HddsDatanodes
2019-08-05 04:34:19,803 INFO  datanode.ObjectStoreHandler (ObjectStoreHandler.java:close(155)) - Closing ObjectStoreHandler.
2019-08-05 04:34:19,803 INFO  datanode.ObjectStoreHandler (ObjectStoreHandler.java:close(155)) - Closing ObjectStoreHandler.
2019-08-05 04:34:19,804 INFO  ozone.HddsDatanodeService (HddsDatanodeService.java:stop(451)) - Stopped plug-in org.apache.hadoop.ozone.web.OzoneHddsDatanodeService@17585bbc
2019-08-05 04:34:19,804 INFO  ozone.HddsDatanodeService (HddsDatanodeService.java:stop(451)) - Stopped plug-in org.apache.hadoop.ozone.web.OzoneHddsDatanodeService@334513d4
2019-08-05 04:34:20,327 INFO  statemachine.DatanodeStateMachine (DatanodeStateMachine.java:lambda$startDaemon$0(350)) - Ozone container server started.
2019-08-05 04:34:20,533 INFO  statemachine.DatanodeStateMachine (DatanodeStateMachine.java:lambda$startDaemon$0(350)) - Ozone container server started.
2019-08-05 04:34:22,401 INFO  impl.FollowerState (FollowerState.java:run(106)) - bc2f0381-97d5-4966-b58a-e7dece24dbbe:group-962C3D3F17D6 changes to CANDIDATE, lastRpcTime:5093, electionTimeout:5091ms
2019-08-05 04:34:22,402 INFO  impl.RoleInfo (RoleInfo.java:shutdownFollowerState(121)) - bc2f0381-97d5-4966-b58a-e7dece24dbbe: shutdown FollowerState
2019-08-05 04:34:22,402 INFO  impl.RaftServerImpl (RaftServerImpl.java:setRole(171)) - bc2f0381-97d5-4966-b58a-e7dece24dbbe:group-962C3D3F17D6 changes role from FOLLOWER to CANDIDATE at term 2 for changeToCandidate
2019-08-05 04:34:22,402 INFO  impl.RoleInfo (RoleInfo.java:updateAndGet(143)) - bc2f0381-97d5-4966-b58a-e7dece24dbbe: start LeaderElection
2019-08-05 04:34:22,408 INFO  impl.FollowerState (FollowerState.java:run(106)) - 6cd1f707-4561-4075-9a21-74d3de3692c2:group-962C3D3F17D6 changes to CANDIDATE, lastRpcTime:5122, electionTimeout:5117ms
2019-08-05 04:34:22,409 INFO  impl.RoleInfo (RoleInfo.java:shutdownFollowerState(121)) - 6cd1f707-4561-4075-9a21-74d3de3692c2: shutdown FollowerState
2019-08-05 04:34:22,409 INFO  impl.RaftServerImpl (RaftServerImpl.java:setRole(171)) - 6cd1f707-4561-4075-9a21-74d3de3692c2:group-962C3D3F17D6 changes role from FOLLOWER to CANDIDATE at term 2 for changeToCandidate
2019-08-05 04:34:22,409 INFO  impl.RoleInfo (RoleInfo.java:updateAndGet(143)) - 6cd1f707-4561-4075-9a21-74d3de3692c2: start LeaderElection
2019-08-05 04:34:22,422 INFO  impl.LeaderElection (LeaderElection.java:askForVotes(181)) - 6cd1f707-4561-4075-9a21-74d3de3692c2:group-962C3D3F17D6:LeaderElection17: begin an election at term 3 for -1: [6cd1f707-4561-4075-9a21-74d3de3692c2:192.168.157.247:40509, bc2f0381-97d5-4966-b58a-e7dece24dbbe:192.168.157.247:40887, 388e2d51-17a6-4e34-8030-41d11e59d2e1:192.168.157.247:34744], old=null
2019-08-05 04:34:22,422 INFO  impl.LeaderElection (LeaderElection.java:askForVotes(181)) - bc2f0381-97d5-4966-b58a-e7dece24dbbe:group-962C3D3F17D6:LeaderElection16: begin an election at term 3 for -1: [6cd1f707-4561-4075-9a21-74d3de3692c2:192.168.157.247:40509, bc2f0381-97d5-4966-b58a-e7dece24dbbe:192.168.157.247:40887, 388e2d51-17a6-4e34-8030-41d11e59d2e1:192.168.157.247:34744], old=null
2019-08-05 04:34:22,433 INFO  impl.RaftServerImpl (RaftServerImpl.java:setRole(171)) - 388e2d51-17a6-4e34-8030-41d11e59d2e1:group-962C3D3F17D6 changes role from FOLLOWER to FOLLOWER at term 3 for recognizeCandidate:6cd1f707-4561-4075-9a21-74d3de3692c2
2019-08-05 04:34:22,433 INFO  impl.RoleInfo (RoleInfo.java:shutdownFollowerState(121)) - 388e2d51-17a6-4e34-8030-41d11e59d2e1: shutdown FollowerState
2019-08-05 04:34:22,434 INFO  impl.RoleInfo (RoleInfo.java:updateAndGet(143)) - 388e2d51-17a6-4e34-8030-41d11e59d2e1: start FollowerState
2019-08-05 04:34:22,436 INFO  impl.FollowerState (FollowerState.java:run(114)) - 388e2d51-17a6-4e34-8030-41d11e59d2e1: FollowerState was interrupted: java.lang.InterruptedException: sleep interrupted
2019-08-05 04:34:22,456 INFO  impl.LeaderElection (LeaderElection.java:logAndReturn(56)) - bc2f0381-97d5-4966-b58a-e7dece24dbbe:group-962C3D3F17D6:LeaderElection16: Election REJECTED; received 2 response(s) [bc2f0381-97d5-4966-b58a-e7dece24dbbe<-6cd1f707-4561-4075-9a21-74d3de3692c2#0:FAIL-t3, bc2f0381-97d5-4966-b58a-e7dece24dbbe<-388e2d51-17a6-4e34-8030-41d11e59d2e1#0:FAIL-t3] and 0 exception(s); bc2f0381-97d5-4966-b58a-e7dece24dbbe:t3, leader=null, voted=bc2f0381-97d5-4966-b58a-e7dece24dbbe, raftlog=bc2f0381-97d5-4966-b58a-e7dece24dbbe-SegmentedRaftLog:OPENED:c-1,f-1,i0, conf=-1: [6cd1f707-4561-4075-9a21-74d3de3692c2:192.168.157.247:40509, bc2f0381-97d5-4966-b58a-e7dece24dbbe:192.168.157.247:40887, 388e2d51-17a6-4e34-8030-41d11e59d2e1:192.168.157.247:34744], old=null
2019-08-05 04:34:22,456 INFO  impl.RaftServerImpl (RaftServerImpl.java:setRole(171)) - bc2f0381-97d5-4966-b58a-e7dece24dbbe:group-962C3D3F17D6 changes role from CANDIDATE to FOLLOWER at term 3 for DISCOVERED_A_NEW_TERM
2019-08-05 04:34:22,456 INFO  impl.LeaderElection (LeaderElection.java:logAndReturn(56)) - 6cd1f707-4561-4075-9a21-74d3de3692c2:group-962C3D3F17D6:LeaderElection17: Election PASSED; received 2 response(s) [6cd1f707-4561-4075-9a21-74d3de3692c2<-bc2f0381-97d5-4966-b58a-e7dece24dbbe#0:FAIL-t3, 6cd1f707-4561-4075-9a21-74d3de3692c2<-388e2d51-17a6-4e34-8030-41d11e59d2e1#0:OK-t3] and 0 exception(s); 6cd1f707-4561-4075-9a21-74d3de3692c2:t3, leader=null, voted=6cd1f707-4561-4075-9a21-74d3de3692c2, raftlog=6cd1f707-4561-4075-9a21-74d3de3692c2-SegmentedRaftLog:OPENED:c-1,f-1,i0, conf=-1: [6cd1f707-4561-4075-9a21-74d3de3692c2:192.168.157.247:40509, bc2f0381-97d5-4966-b58a-e7dece24dbbe:192.168.157.247:40887, 388e2d51-17a6-4e34-8030-41d11e59d2e1:192.168.157.247:34744], old=null
2019-08-05 04:34:22,461 INFO  impl.RoleInfo (RoleInfo.java:shutdownLeaderElection(134)) - bc2f0381-97d5-4966-b58a-e7dece24dbbe: shutdown LeaderElection
2019-08-05 04:34:22,461 INFO  impl.RoleInfo (RoleInfo.java:shutdownLeaderElection(134)) - 6cd1f707-4561-4075-9a21-74d3de3692c2: shutdown LeaderElection
2019-08-05 04:34:22,465 INFO  impl.RoleInfo (RoleInfo.java:updateAndGet(143)) - bc2f0381-97d5-4966-b58a-e7dece24dbbe: start FollowerState
2019-08-05 04:34:22,465 INFO  impl.RaftServerImpl (RaftServerImpl.java:setRole(171)) - 6cd1f707-4561-4075-9a21-74d3de3692c2:group-962C3D3F17D6 changes role from CANDIDATE to LEADER at term 3 for changeToLeader
2019-08-05 04:34:22,465 INFO  impl.RaftServerImpl (ServerState.java:setLeader(263)) - 6cd1f707-4561-4075-9a21-74d3de3692c2:group-962C3D3F17D6 change Leader from null to 6cd1f707-4561-4075-9a21-74d3de3692c2 at term 3 for becomeLeader, leader elected after 15540ms
2019-08-05 04:34:22,468 INFO  server.RaftServerConfigKeys (ConfUtils.java:logGet(43)) - raft.server.staging.catchup.gap = 1000 (default)
2019-08-05 04:34:22,468 INFO  server.RaftServerConfigKeys (ConfUtils.java:logGet(43)) - raft.server.rpc.sleep.time = 25ms (default)
2019-08-05 04:34:22,468 INFO  server.RaftServerConfigKeys (ConfUtils.java:logGet(43)) - raft.server.write.element-limit = 4096 (default)
2019-08-05 04:34:22,468 INFO  server.RaftServerConfigKeys (ConfUtils.java:logGet(43)) - raft.server.watch.timeout = 10s (default)
2019-08-05 04:34:22,468 INFO  server.RaftServerConfigKeys (ConfUtils.java:logGet(43)) - raft.server.watch.timeout.denomination = 1s (default)
2019-08-05 04:34:22,469 INFO  server.RaftServerConfigKeys (ConfUtils.java:logGet(43)) - raft.server.watch.element-limit = 65536 (default)
2019-08-05 04:34:22,472 INFO  server.RaftServerConfigKeys (ConfUtils.java:logGet(43)) - raft.server.log.appender.snapshot.chunk.size.max = 16MB (=16777216) (default)
2019-08-05 04:34:22,472 INFO  server.RaftServerConfigKeys (ConfUtils.java:logGet(43)) - raft.server.log.appender.buffer.byte-limit = 33554432 (custom)
2019-08-05 04:34:22,473 INFO  server.RaftServerConfigKeys (ConfUtils.java:logGet(43)) - raft.server.log.appender.buffer.element-limit = 1 (custom)
2019-08-05 04:34:22,477 INFO  grpc.GrpcConfigKeys$Server (ConfUtils.java:logGet(43)) - raft.grpc.server.leader.outstanding.appends.max = 128 (default)
2019-08-05 04:34:22,478 INFO  server.RaftServerConfigKeys (ConfUtils.java:logGet(43)) - raft.server.rpc.request.timeout = 3000ms (default)
2019-08-05 04:34:22,478 INFO  server.RaftServerConfigKeys (ConfUtils.java:logGet(43)) - raft.server.log.appender.install.snapshot.enabled = false (custom)
2019-08-05 04:34:22,478 INFO  server.RaftServerConfigKeys (ConfUtils.java:logGet(43)) - raft.server.log.appender.snapshot.chunk.size.max = 16MB (=16777216) (default)
2019-08-05 04:34:22,478 INFO  server.RaftServerConfigKeys (ConfUtils.java:logGet(43)) - raft.server.log.appender.buffer.byte-limit = 33554432 (custom)
2019-08-05 04:34:22,479 INFO  server.RaftServerConfigKeys (ConfUtils.java:logGet(43)) - raft.server.log.appender.buffer.element-limit = 1 (custom)
2019-08-05 04:34:22,479 INFO  grpc.GrpcConfigKeys$Server (ConfUtils.java:logGet(43)) - raft.grpc.server.leader.outstanding.appends.max = 128 (default)
2019-08-05 04:34:22,479 INFO  server.RaftServerConfigKeys (ConfUtils.java:logGet(43)) - raft.server.rpc.request.timeout = 3000ms (default)
2019-08-05 04:34:22,479 INFO  server.RaftServerConfigKeys (ConfUtils.java:logGet(43)) - raft.server.log.appender.install.snapshot.enabled = false (custom)
2019-08-05 04:34:22,484 INFO  impl.RoleInfo (RoleInfo.java:updateAndGet(143)) - 6cd1f707-4561-4075-9a21-74d3de3692c2: start LeaderState
2019-08-05 04:34:22,484 INFO  segmented.SegmentedRaftLogWorker (SegmentedRaftLogWorker.java:startLogSegment(380)) - 6cd1f707-4561-4075-9a21-74d3de3692c2-SegmentedRaftLogWorker:Storage Directory /workdir/hadoop-ozone/integration-test/target/test-dir/MiniOzoneClusterImpl-609185ad-7803-4350-a04a-4469831e28aa/datanode-1/data/ratis/194471db-298a-46fe-b1e8-962c3d3f17d6: Starting segment from index:0
2019-08-05 04:34:22,485 INFO  impl.RaftServerImpl (ServerState.java:setRaftConf(361)) - 6cd1f707-4561-4075-9a21-74d3de3692c2:group-962C3D3F17D6 set configuration 0: [6cd1f707-4561-4075-9a21-74d3de3692c2:192.168.157.247:40509, bc2f0381-97d5-4966-b58a-e7dece24dbbe:192.168.157.247:40887, 388e2d51-17a6-4e34-8030-41d11e59d2e1:192.168.157.247:34744], old=null at 0
2019-08-05 04:34:22,518 INFO  segmented.SegmentedRaftLogWorker (SegmentedRaftLogWorker.java:execute(569)) - 6cd1f707-4561-4075-9a21-74d3de3692c2-SegmentedRaftLogWorker:Storage Directory /workdir/hadoop-ozone/integration-test/target/test-dir/MiniOzoneClusterImpl-609185ad-7803-4350-a04a-4469831e28aa/datanode-1/data/ratis/194471db-298a-46fe-b1e8-962c3d3f17d6: created new log segment /workdir/hadoop-ozone/integration-test/target/test-dir/MiniOzoneClusterImpl-609185ad-7803-4350-a04a-4469831e28aa/datanode-1/data/ratis/194471db-298a-46fe-b1e8-962c3d3f17d6/current/log_inprogress_0
2019-08-05 04:34:22,533 INFO  impl.RaftServerImpl (ServerState.java:setLeader(263)) - bc2f0381-97d5-4966-b58a-e7dece24dbbe:group-962C3D3F17D6 change Leader from null to 6cd1f707-4561-4075-9a21-74d3de3692c2 at term 3 for appendEntries, leader elected after 15608ms
2019-08-05 04:34:22,533 INFO  impl.RaftServerImpl (ServerState.java:setLeader(263)) - 388e2d51-17a6-4e34-8030-41d11e59d2e1:group-962C3D3F17D6 change Leader from null to 6cd1f707-4561-4075-9a21-74d3de3692c2 at term 3 for appendEntries, leader elected after 15608ms
2019-08-05 04:34:22,577 INFO  impl.RaftServerImpl (ServerState.java:setRaftConf(361)) - bc2f0381-97d5-4966-b58a-e7dece24dbbe:group-962C3D3F17D6 set configuration 0: [6cd1f707-4561-4075-9a21-74d3de3692c2:192.168.157.247:40509, bc2f0381-97d5-4966-b58a-e7dece24dbbe:192.168.157.247:40887, 388e2d51-17a6-4e34-8030-41d11e59d2e1:192.168.157.247:34744], old=null at 0
2019-08-05 04:34:22,577 INFO  impl.RaftServerImpl (ServerState.java:setRaftConf(361)) - 388e2d51-17a6-4e34-8030-41d11e59d2e1:group-962C3D3F17D6 set configuration 0: [6cd1f707-4561-4075-9a21-74d3de3692c2:192.168.157.247:40509, bc2f0381-97d5-4966-b58a-e7dece24dbbe:192.168.157.247:40887, 388e2d51-17a6-4e34-8030-41d11e59d2e1:192.168.157.247:34744], old=null at 0
2019-08-05 04:34:22,577 INFO  segmented.SegmentedRaftLogWorker (SegmentedRaftLogWorker.java:startLogSegment(380)) - bc2f0381-97d5-4966-b58a-e7dece24dbbe-SegmentedRaftLogWorker:Storage Directory /workdir/hadoop-ozone/integration-test/target/test-dir/MiniOzoneClusterImpl-609185ad-7803-4350-a04a-4469831e28aa/datanode-2/data/ratis/194471db-298a-46fe-b1e8-962c3d3f17d6: Starting segment from index:0
2019-08-05 04:34:22,577 INFO  segmented.SegmentedRaftLogWorker (SegmentedRaftLogWorker.java:startLogSegment(380)) - 388e2d51-17a6-4e34-8030-41d11e59d2e1-SegmentedRaftLogWorker:Storage Directory /workdir/hadoop-ozone/integration-test/target/test-dir/MiniOzoneClusterImpl-609185ad-7803-4350-a04a-4469831e28aa/datanode-0/data/ratis/194471db-298a-46fe-b1e8-962c3d3f17d6: Starting segment from index:0
2019-08-05 04:34:22,607 INFO  segmented.SegmentedRaftLogWorker (SegmentedRaftLogWorker.java:execute(569)) - bc2f0381-97d5-4966-b58a-e7dece24dbbe-SegmentedRaftLogWorker:Storage Directory /workdir/hadoop-ozone/integration-test/target/test-dir/MiniOzoneClusterImpl-609185ad-7803-4350-a04a-4469831e28aa/datanode-2/data/ratis/194471db-298a-46fe-b1e8-962c3d3f17d6: created new log segment /workdir/hadoop-ozone/integration-test/target/test-dir/MiniOzoneClusterImpl-609185ad-7803-4350-a04a-4469831e28aa/datanode-2/data/ratis/194471db-298a-46fe-b1e8-962c3d3f17d6/current/log_inprogress_0
2019-08-05 04:34:22,607 INFO  segmented.SegmentedRaftLogWorker (SegmentedRaftLogWorker.java:execute(569)) - 388e2d51-17a6-4e34-8030-41d11e59d2e1-SegmentedRaftLogWorker:Storage Directory /workdir/hadoop-ozone/integration-test/target/test-dir/MiniOzoneClusterImpl-609185ad-7803-4350-a04a-4469831e28aa/datanode-0/data/ratis/194471db-298a-46fe-b1e8-962c3d3f17d6: created new log segment /workdir/hadoop-ozone/integration-test/target/test-dir/MiniOzoneClusterImpl-609185ad-7803-4350-a04a-4469831e28aa/datanode-0/data/ratis/194471db-298a-46fe-b1e8-962c3d3f17d6/current/log_inprogress_0
2019-08-05 04:34:24,805 INFO  ozoneimpl.OzoneContainer (OzoneContainer.java:stop(199)) - Attempting to stop container services.
2019-08-05 04:34:24,805 INFO  ozoneimpl.OzoneContainer (OzoneContainer.java:stop(199)) - Attempting to stop container services.
2019-08-05 04:34:24,812 INFO  impl.RaftServerProxy (RaftServerProxy.java:lambda$close$4(314)) - 388e2d51-17a6-4e34-8030-41d11e59d2e1: close
2019-08-05 04:34:24,812 INFO  impl.RaftServerProxy (RaftServerProxy.java:lambda$close$4(314)) - 6cd1f707-4561-4075-9a21-74d3de3692c2: close
2019-08-05 04:34:24,812 INFO  impl.RaftServerImpl (RaftServerImpl.java:lambda$shutdown$3(245)) - 388e2d51-17a6-4e34-8030-41d11e59d2e1: shutdown group-9F40A1D956D1
2019-08-05 04:34:24,813 INFO  impl.RaftServerImpl (RaftServerImpl.java:lambda$shutdown$3(245)) - 6cd1f707-4561-4075-9a21-74d3de3692c2: shutdown group-962C3D3F17D6
2019-08-05 04:34:24,813 INFO  util.JmxRegister (JmxRegister.java:unregister(73)) - Successfully un-registered JMX Bean with object name Ratis:service=RaftServer,group=group-9F40A1D956D1,id=388e2d51-17a6-4e34-8030-41d11e59d2e1
2019-08-05 04:34:24,813 INFO  util.JmxRegister (JmxRegister.java:unregister(73)) - Successfully un-registered JMX Bean with object name Ratis:service=RaftServer,group=group-962C3D3F17D6,id=6cd1f707-4561-4075-9a21-74d3de3692c2
2019-08-05 04:34:24,814 INFO  impl.RoleInfo (RoleInfo.java:shutdownLeaderState(104)) - 388e2d51-17a6-4e34-8030-41d11e59d2e1: shutdown LeaderState
2019-08-05 04:34:24,814 INFO  impl.RoleInfo (RoleInfo.java:shutdownLeaderState(104)) - 6cd1f707-4561-4075-9a21-74d3de3692c2: shutdown LeaderState
2019-08-05 04:34:24,814 INFO  impl.PendingRequests (PendingRequests.java:sendNotLeaderResponses(202)) - 388e2d51-17a6-4e34-8030-41d11e59d2e1-PendingRequests: sendNotLeaderResponses
2019-08-05 04:34:24,825 WARN  server.GrpcLogAppender (GrpcLogAppender.java:mayWait(143)) - GrpcLogAppender(6cd1f707-4561-4075-9a21-74d3de3692c2->388e2d51-17a6-4e34-8030-41d11e59d2e1): Wait interrupted by java.lang.InterruptedException
2019-08-05 04:34:24,825 WARN  server.GrpcLogAppender (GrpcLogAppender.java:mayWait(143)) - GrpcLogAppender(6cd1f707-4561-4075-9a21-74d3de3692c2->bc2f0381-97d5-4966-b58a-e7dece24dbbe): Wait interrupted by java.lang.InterruptedException
2019-08-05 04:34:24,825 INFO  impl.PendingRequests (PendingRequests.java:sendNotLeaderResponses(202)) - 6cd1f707-4561-4075-9a21-74d3de3692c2-PendingRequests: sendNotLeaderResponses
2019-08-05 04:34:24,828 INFO  impl.StateMachineUpdater (StateMachineUpdater.java:stopAndJoin(115)) - StateMachineUpdater:388e2d51-17a6-4e34-8030-41d11e59d2e1:group-9F40A1D956D1: set stopIndex = 0
2019-08-05 04:34:24,829 INFO  impl.StateMachineUpdater (StateMachineUpdater.java:stopAndJoin(115)) - StateMachineUpdater:6cd1f707-4561-4075-9a21-74d3de3692c2:group-962C3D3F17D6: set stopIndex = 0
2019-08-05 04:34:24,830 INFO  impl.RaftServerImpl (ServerState.java:close(394)) - 6cd1f707-4561-4075-9a21-74d3de3692c2:group-962C3D3F17D6 closes. The last applied log index is 0
2019-08-05 04:34:24,829 INFO  impl.RaftServerImpl (ServerState.java:close(394)) - 388e2d51-17a6-4e34-8030-41d11e59d2e1:group-9F40A1D956D1 closes. The last applied log index is 0
2019-08-05 04:34:24,830 INFO  segmented.SegmentedRaftLogWorker (SegmentedRaftLogWorker.java:run(313)) - 6cd1f707-4561-4075-9a21-74d3de3692c2-SegmentedRaftLogWorker:Storage Directory /workdir/hadoop-ozone/integration-test/target/test-dir/MiniOzoneClusterImpl-609185ad-7803-4350-a04a-4469831e28aa/datanode-1/data/ratis/194471db-298a-46fe-b1e8-962c3d3f17d6 was interrupted, exiting. There are 0 tasks remaining in the queue.
2019-08-05 04:34:24,831 INFO  segmented.SegmentedRaftLogWorker (SegmentedRaftLogWorker.java:run(313)) - 388e2d51-17a6-4e34-8030-41d11e59d2e1-SegmentedRaftLogWorker:Storage Directory /workdir/hadoop-ozone/integration-test/target/test-dir/MiniOzoneClusterImpl-609185ad-7803-4350-a04a-4469831e28aa/datanode-0/data/ratis/44bb8a05-f2ab-4ce9-bda5-9f40a1d956d1 was interrupted, exiting. There are 0 tasks remaining in the queue.
2019-08-05 04:34:24,835 INFO  segmented.SegmentedRaftLogWorker (SegmentedRaftLogWorker.java:close(228)) - 388e2d51-17a6-4e34-8030-41d11e59d2e1-SegmentedRaftLogWorker:Storage Directory /workdir/hadoop-ozone/integration-test/target/test-dir/MiniOzoneClusterImpl-609185ad-7803-4350-a04a-4469831e28aa/datanode-0/data/ratis/44bb8a05-f2ab-4ce9-bda5-9f40a1d956d1 close()
2019-08-05 04:34:24,836 INFO  segmented.SegmentedRaftLogWorker (SegmentedRaftLogWorker.java:close(228)) - 6cd1f707-4561-4075-9a21-74d3de3692c2-SegmentedRaftLogWorker:Storage Directory /workdir/hadoop-ozone/integration-test/target/test-dir/MiniOzoneClusterImpl-609185ad-7803-4350-a04a-4469831e28aa/datanode-1/data/ratis/194471db-298a-46fe-b1e8-962c3d3f17d6 close()
2019-08-05 04:34:24,843 INFO  impl.RaftServerImpl (RaftServerImpl.java:lambda$shutdown$3(245)) - 388e2d51-17a6-4e34-8030-41d11e59d2e1: shutdown group-962C3D3F17D6
2019-08-05 04:34:24,848 INFO  impl.RaftServerImpl (RaftServerImpl.java:lambda$shutdown$3(245)) - 6cd1f707-4561-4075-9a21-74d3de3692c2: shutdown group-9F62A0F4ABC7
2019-08-05 04:34:24,849 INFO  util.JmxRegister (JmxRegister.java:unregister(73)) - Successfully un-registered JMX Bean with object name Ratis:service=RaftServer,group=group-962C3D3F17D6,id=388e2d51-17a6-4e34-8030-41d11e59d2e1
2019-08-05 04:34:24,849 INFO  impl.RoleInfo (RoleInfo.java:shutdownFollowerState(121)) - 388e2d51-17a6-4e34-8030-41d11e59d2e1: shutdown FollowerState
2019-08-05 04:34:24,849 INFO  util.JmxRegister (JmxRegister.java:unregister(73)) - Successfully un-registered JMX Bean with object name Ratis:service=RaftServer,group=group-9F62A0F4ABC7,id=6cd1f707-4561-4075-9a21-74d3de3692c2
2019-08-05 04:34:24,852 INFO  impl.RoleInfo (RoleInfo.java:shutdownLeaderState(104)) - 6cd1f707-4561-4075-9a21-74d3de3692c2: shutdown LeaderState
2019-08-05 04:34:24,850 INFO  impl.FollowerState (FollowerState.java:run(114)) - 388e2d51-17a6-4e34-8030-41d11e59d2e1: FollowerState was interrupted: java.lang.InterruptedException: sleep interrupted
2019-08-05 04:34:24,850 INFO  server.GrpcServerProtocolService (GrpcServerProtocolService.java:onCompleted(104)) - 388e2d51-17a6-4e34-8030-41d11e59d2e1: appendEntries completed
2019-08-05 04:34:24,850 INFO  server.GrpcServerProtocolService (GrpcServerProtocolService.java:onCompleted(104)) - bc2f0381-97d5-4966-b58a-e7dece24dbbe: appendEntries completed
2019-08-05 04:34:24,850 INFO  impl.StateMachineUpdater (StateMachineUpdater.java:stopAndJoin(115)) - StateMachineUpdater:388e2d51-17a6-4e34-8030-41d11e59d2e1:group-962C3D3F17D6: set stopIndex = 0
2019-08-05 04:34:24,866 INFO  impl.RaftServerImpl (ServerState.java:close(394)) - 388e2d51-17a6-4e34-8030-41d11e59d2e1:group-962C3D3F17D6 closes. The last applied log index is 0
2019-08-05 04:34:24,853 INFO  impl.PendingRequests (PendingRequests.java:sendNotLeaderResponses(202)) - 6cd1f707-4561-4075-9a21-74d3de3692c2-PendingRequests: sendNotLeaderResponses
2019-08-05 04:34:24,867 INFO  server.GrpcLogAppender (GrpcLogAppender.java:onCompleted(292)) - 6cd1f707-4561-4075-9a21-74d3de3692c2->bc2f0381-97d5-4966-b58a-e7dece24dbbe: follower responses appendEntries COMPLETED
2019-08-05 04:34:24,866 INFO  server.GrpcLogAppender (GrpcLogAppender.java:onCompleted(292)) - 6cd1f707-4561-4075-9a21-74d3de3692c2->388e2d51-17a6-4e34-8030-41d11e59d2e1: follower responses appendEntries COMPLETED
2019-08-05 04:34:24,866 INFO  segmented.SegmentedRaftLogWorker (SegmentedRaftLogWorker.java:run(313)) - 388e2d51-17a6-4e34-8030-41d11e59d2e1-SegmentedRaftLogWorker:Storage Directory /workdir/hadoop-ozone/integration-test/target/test-dir/MiniOzoneClusterImpl-609185ad-7803-4350-a04a-4469831e28aa/datanode-0/data/ratis/194471db-298a-46fe-b1e8-962c3d3f17d6 was interrupted, exiting. There are 0 tasks remaining in the queue.
2019-08-05 04:34:24,867 INFO  impl.StateMachineUpdater (StateMachineUpdater.java:stopAndJoin(115)) - StateMachineUpdater:6cd1f707-4561-4075-9a21-74d3de3692c2:group-9F62A0F4ABC7: set stopIndex = 0
2019-08-05 04:34:24,872 INFO  segmented.SegmentedRaftLogWorker (SegmentedRaftLogWorker.java:close(228)) - 388e2d51-17a6-4e34-8030-41d11e59d2e1-SegmentedRaftLogWorker:Storage Directory /workdir/hadoop-ozone/integration-test/target/test-dir/MiniOzoneClusterImpl-609185ad-7803-4350-a04a-4469831e28aa/datanode-0/data/ratis/194471db-298a-46fe-b1e8-962c3d3f17d6 close()
2019-08-05 04:34:24,874 INFO  impl.RaftServerImpl (ServerState.java:close(394)) - 6cd1f707-4561-4075-9a21-74d3de3692c2:group-9F62A0F4ABC7 closes. The last applied log index is 0
2019-08-05 04:34:24,878 INFO  server.GrpcService (GrpcService.java:closeImpl(155)) - 388e2d51-17a6-4e34-8030-41d11e59d2e1: shutdown server with port 34744 now
2019-08-05 04:34:24,881 INFO  segmented.SegmentedRaftLogWorker (SegmentedRaftLogWorker.java:run(313)) - 6cd1f707-4561-4075-9a21-74d3de3692c2-SegmentedRaftLogWorker:Storage Directory /workdir/hadoop-ozone/integration-test/target/test-dir/MiniOzoneClusterImpl-609185ad-7803-4350-a04a-4469831e28aa/datanode-1/data/ratis/ec2e72e3-6d4e-4d03-ba5a-9f62a0f4abc7 was interrupted, exiting. There are 0 tasks remaining in the queue.
2019-08-05 04:34:24,881 INFO  impl.FollowerInfo (FollowerInfo.java:lambda$new$0(50)) - 6cd1f707-4561-4075-9a21-74d3de3692c2->bc2f0381-97d5-4966-b58a-e7dece24dbbe: nextIndex: updateUnconditionally 1 -> 0
2019-08-05 04:34:24,881 INFO  impl.FollowerInfo (FollowerInfo.java:lambda$new$0(50)) - 6cd1f707-4561-4075-9a21-74d3de3692c2->388e2d51-17a6-4e34-8030-41d11e59d2e1: nextIndex: updateUnconditionally 1 -> 0
2019-08-05 04:34:24,890 INFO  segmented.SegmentedRaftLogWorker (SegmentedRaftLogWorker.java:close(228)) - 6cd1f707-4561-4075-9a21-74d3de3692c2-SegmentedRaftLogWorker:Storage Directory /workdir/hadoop-ozone/integration-test/target/test-dir/MiniOzoneClusterImpl-609185ad-7803-4350-a04a-4469831e28aa/datanode-1/data/ratis/ec2e72e3-6d4e-4d03-ba5a-9f62a0f4abc7 close()
2019-08-05 04:34:24,894 INFO  server.GrpcService (GrpcService.java:closeImpl(155)) - 6cd1f707-4561-4075-9a21-74d3de3692c2: shutdown server with port 40509 now
2019-08-05 04:34:24,895 INFO  server.GrpcService (GrpcService.java:closeImpl(163)) - 388e2d51-17a6-4e34-8030-41d11e59d2e1: shutdown server with port 34744 successfully
2019-08-05 04:34:24,895 INFO  server.GrpcService (GrpcService.java:closeImpl(163)) - 6cd1f707-4561-4075-9a21-74d3de3692c2: shutdown server with port 40509 successfully
2019-08-05 04:34:24,896 INFO  utils.BackgroundService (BackgroundService.java:shutdown(148)) - Shutting down service BlockDeletingService
2019-08-05 04:34:24,897 INFO  utils.BackgroundService (BackgroundService.java:shutdown(148)) - Shutting down service BlockDeletingService
2019-08-05 04:34:24,902 WARN  fs.CachingGetSpaceUsed (CachingGetSpaceUsed.java:run(183)) - Thread Interrupted waiting to refresh disk information: sleep interrupted
2019-08-05 04:34:24,902 WARN  fs.CachingGetSpaceUsed (CachingGetSpaceUsed.java:run(183)) - Thread Interrupted waiting to refresh disk information: sleep interrupted
2019-08-05 04:34:24,929 INFO  statemachine.DatanodeStateMachine (DatanodeStateMachine.java:stopDaemon(395)) - Ozone container server stopped.
2019-08-05 04:34:24,933 INFO  statemachine.DatanodeStateMachine (DatanodeStateMachine.java:stopDaemon(395)) - Ozone container server stopped.
2019-08-05 04:34:24,935 INFO  handler.ContextHandler (ContextHandler.java:doStop(910)) - Stopped o.e.j.w.WebAppContext@4dde85ae{/,null,UNAVAILABLE}{/hddsDatanode}
2019-08-05 04:34:24,937 INFO  server.AbstractConnector (AbstractConnector.java:doStop(318)) - Stopped ServerConnector@16eb5dc7{HTTP/1.1,[http/1.1]}{0.0.0.0:0}
2019-08-05 04:34:24,938 INFO  handler.ContextHandler (ContextHandler.java:doStop(910)) - Stopped o.e.j.w.WebAppContext@3d48a83a{/,null,UNAVAILABLE}{/hddsDatanode}
2019-08-05 04:34:24,939 INFO  handler.ContextHandler (ContextHandler.java:doStop(910)) - Stopped o.e.j.s.ServletContextHandler@3e614aa5{/static,jar:file:/home/user/.m2/repository/org/apache/hadoop/hadoop-hdds-container-service/0.4.1-SNAPSHOT/hadoop-hdds-container-service-0.4.1-SNAPSHOT.jar!/webapps/static,UNAVAILABLE}
2019-08-05 04:34:24,939 INFO  server.AbstractConnector (AbstractConnector.java:doStop(318)) - Stopped ServerConnector@52276cca{HTTP/1.1,[http/1.1]}{0.0.0.0:0}
2019-08-05 04:34:24,939 INFO  handler.ContextHandler (ContextHandler.java:doStop(910)) - Stopped o.e.j.s.ServletContextHandler@34b183c8{/logs,file:///workdir/hadoop-ozone/integration-test/target/log,UNAVAILABLE}
2019-08-05 04:34:24,941 INFO  handler.ContextHandler (ContextHandler.java:doStop(910)) - Stopped o.e.j.s.ServletContextHandler@41d85801{/static,jar:file:/home/user/.m2/repository/org/apache/hadoop/hadoop-hdds-container-service/0.4.1-SNAPSHOT/hadoop-hdds-container-service-0.4.1-SNAPSHOT.jar!/webapps/static,UNAVAILABLE}
2019-08-05 04:34:24,943 INFO  handler.ContextHandler (ContextHandler.java:doStop(910)) - Stopped o.e.j.s.ServletContextHandler@159794e0{/logs,file:///workdir/hadoop-ozone/integration-test/target/log,UNAVAILABLE}
2019-08-05 04:34:24,944 INFO  datanode.ObjectStoreHandler (ObjectStoreHandler.java:close(155)) - Closing ObjectStoreHandler.
2019-08-05 04:34:24,945 INFO  ozone.HddsDatanodeService (HddsDatanodeService.java:stop(451)) - Stopped plug-in org.apache.hadoop.ozone.web.OzoneHddsDatanodeService@68955875
2019-08-05 04:34:25,772 INFO  statemachine.DatanodeStateMachine (DatanodeStateMachine.java:lambda$startDaemon$0(350)) - Ozone container server started.
2019-08-05 04:34:29,946 INFO  ozoneimpl.OzoneContainer (OzoneContainer.java:stop(199)) - Attempting to stop container services.
2019-08-05 04:34:29,947 INFO  impl.RaftServerProxy (RaftServerProxy.java:lambda$close$4(314)) - bc2f0381-97d5-4966-b58a-e7dece24dbbe: close
2019-08-05 04:34:29,947 INFO  impl.RaftServerImpl (RaftServerImpl.java:lambda$shutdown$3(245)) - bc2f0381-97d5-4966-b58a-e7dece24dbbe: shutdown group-A4EEA00F3538
2019-08-05 04:34:29,948 INFO  util.JmxRegister (JmxRegister.java:unregister(73)) - Successfully un-registered JMX Bean with object name Ratis:service=RaftServer,group=group-A4EEA00F3538,id=bc2f0381-97d5-4966-b58a-e7dece24dbbe
2019-08-05 04:34:29,948 INFO  impl.RoleInfo (RoleInfo.java:shutdownLeaderState(104)) - bc2f0381-97d5-4966-b58a-e7dece24dbbe: shutdown LeaderState
2019-08-05 04:34:29,949 INFO  impl.PendingRequests (PendingRequests.java:sendNotLeaderResponses(202)) - bc2f0381-97d5-4966-b58a-e7dece24dbbe-PendingRequests: sendNotLeaderResponses
2019-08-05 04:34:29,949 INFO  impl.StateMachineUpdater (StateMachineUpdater.java:stopAndJoin(115)) - StateMachineUpdater:bc2f0381-97d5-4966-b58a-e7dece24dbbe:group-A4EEA00F3538: set stopIndex = 0
2019-08-05 04:34:29,949 INFO  impl.RaftServerImpl (ServerState.java:close(394)) - bc2f0381-97d5-4966-b58a-e7dece24dbbe:group-A4EEA00F3538 closes. The last applied log index is 0
2019-08-05 04:34:29,950 INFO  segmented.SegmentedRaftLogWorker (SegmentedRaftLogWorker.java:run(313)) - bc2f0381-97d5-4966-b58a-e7dece24dbbe-SegmentedRaftLogWorker:Storage Directory /workdir/hadoop-ozone/integration-test/target/test-dir/MiniOzoneClusterImpl-609185ad-7803-4350-a04a-4469831e28aa/datanode-2/data/ratis/7958b923-950d-45c1-8abe-a4eea00f3538 was interrupted, exiting. There are 0 tasks remaining in the queue.
2019-08-05 04:34:29,953 INFO  segmented.SegmentedRaftLogWorker (SegmentedRaftLogWorker.java:close(228)) - bc2f0381-97d5-4966-b58a-e7dece24dbbe-SegmentedRaftLogWorker:Storage Directory /workdir/hadoop-ozone/integration-test/target/test-dir/MiniOzoneClusterImpl-609185ad-7803-4350-a04a-4469831e28aa/datanode-2/data/ratis/7958b923-950d-45c1-8abe-a4eea00f3538 close()
2019-08-05 04:34:29,957 INFO  impl.RaftServerImpl (RaftServerImpl.java:lambda$shutdown$3(245)) - bc2f0381-97d5-4966-b58a-e7dece24dbbe: shutdown group-962C3D3F17D6
2019-08-05 04:34:29,958 INFO  util.JmxRegister (JmxRegister.java:unregister(73)) - Successfully un-registered JMX Bean with object name Ratis:service=RaftServer,group=group-962C3D3F17D6,id=bc2f0381-97d5-4966-b58a-e7dece24dbbe
2019-08-05 04:34:29,958 INFO  impl.RoleInfo (RoleInfo.java:shutdownFollowerState(121)) - bc2f0381-97d5-4966-b58a-e7dece24dbbe: shutdown FollowerState
2019-08-05 04:34:29,958 INFO  impl.StateMachineUpdater (StateMachineUpdater.java:stopAndJoin(115)) - StateMachineUpdater:bc2f0381-97d5-4966-b58a-e7dece24dbbe:group-962C3D3F17D6: set stopIndex = 0
2019-08-05 04:34:29,958 INFO  impl.FollowerState (FollowerState.java:run(114)) - bc2f0381-97d5-4966-b58a-e7dece24dbbe: FollowerState was interrupted: java.lang.InterruptedException: sleep interrupted
2019-08-05 04:34:29,959 INFO  impl.RaftServerImpl (ServerState.java:close(394)) - bc2f0381-97d5-4966-b58a-e7dece24dbbe:group-962C3D3F17D6 closes. The last applied log index is 0
2019-08-05 04:34:29,959 INFO  segmented.SegmentedRaftLogWorker (SegmentedRaftLogWorker.java:run(313)) - bc2f0381-97d5-4966-b58a-e7dece24dbbe-SegmentedRaftLogWorker:Storage Directory /workdir/hadoop-ozone/integration-test/target/test-dir/MiniOzoneClusterImpl-609185ad-7803-4350-a04a-4469831e28aa/datanode-2/data/ratis/194471db-298a-46fe-b1e8-962c3d3f17d6 was interrupted, exiting. There are 0 tasks remaining in the queue.
2019-08-05 04:34:29,968 INFO  segmented.SegmentedRaftLogWorker (SegmentedRaftLogWorker.java:close(228)) - bc2f0381-97d5-4966-b58a-e7dece24dbbe-SegmentedRaftLogWorker:Storage Directory /workdir/hadoop-ozone/integration-test/target/test-dir/MiniOzoneClusterImpl-609185ad-7803-4350-a04a-4469831e28aa/datanode-2/data/ratis/194471db-298a-46fe-b1e8-962c3d3f17d6 close()
2019-08-05 04:34:29,970 INFO  server.GrpcService (GrpcService.java:closeImpl(155)) - bc2f0381-97d5-4966-b58a-e7dece24dbbe: shutdown server with port 40887 now
2019-08-05 04:34:29,974 INFO  server.GrpcService (GrpcService.java:closeImpl(163)) - bc2f0381-97d5-4966-b58a-e7dece24dbbe: shutdown server with port 40887 successfully
2019-08-05 04:34:29,976 INFO  utils.BackgroundService (BackgroundService.java:shutdown(148)) - Shutting down service BlockDeletingService
2019-08-05 04:34:29,977 WARN  fs.CachingGetSpaceUsed (CachingGetSpaceUsed.java:run(183)) - Thread Interrupted waiting to refresh disk information: sleep interrupted
2019-08-05 04:34:29,992 INFO  statemachine.DatanodeStateMachine (DatanodeStateMachine.java:stopDaemon(395)) - Ozone container server stopped.
2019-08-05 04:34:30,004 INFO  handler.ContextHandler (ContextHandler.java:doStop(910)) - Stopped o.e.j.w.WebAppContext@6eb1705e{/,null,UNAVAILABLE}{/hddsDatanode}
2019-08-05 04:34:30,004 INFO  server.AbstractConnector (AbstractConnector.java:doStop(318)) - Stopped ServerConnector@5336d819{HTTP/1.1,[http/1.1]}{0.0.0.0:0}
2019-08-05 04:34:30,005 INFO  handler.ContextHandler (ContextHandler.java:doStop(910)) - Stopped o.e.j.s.ServletContextHandler@1d2cd59d{/static,jar:file:/home/user/.m2/repository/org/apache/hadoop/hadoop-hdds-container-service/0.4.1-SNAPSHOT/hadoop-hdds-container-service-0.4.1-SNAPSHOT.jar!/webapps/static,UNAVAILABLE}
2019-08-05 04:34:30,005 INFO  handler.ContextHandler (ContextHandler.java:doStop(910)) - Stopped o.e.j.s.ServletContextHandler@741c6275{/logs,file:///workdir/hadoop-ozone/integration-test/target/log,UNAVAILABLE}
2019-08-05 04:34:30,006 INFO  ozone.MiniOzoneClusterImpl (MiniOzoneClusterImpl.java:stop(353)) - Stopping the StorageContainerManager
2019-08-05 04:34:30,006 INFO  server.StorageContainerManager (StorageContainerManager.java:stop(796)) - Stopping Replication Manager Service.
2019-08-05 04:34:30,007 INFO  container.ReplicationManager (ReplicationManager.java:stop(187)) - Stopping Replication Monitor Thread.
2019-08-05 04:34:30,007 INFO  server.StorageContainerManager (StorageContainerManager.java:stop(803)) - Stopping Lease Manager of the command watchers
2019-08-05 04:34:30,007 INFO  server.StorageContainerManager (StorageContainerManager.java:stop(810)) - Stopping datanode service RPC server
2019-08-05 04:34:30,007 INFO  server.SCMDatanodeProtocolServer (SCMDatanodeProtocolServer.java:stop(367)) - Stopping the RPC server for DataNodes
2019-08-05 04:34:30,007 INFO  ipc.Server (Server.java:stop(3082)) - Stopping server on 37046
2019-08-05 04:34:30,010 INFO  ipc.Server (Server.java:run(1185)) - Stopping IPC Server listener on 37046
2019-08-05 04:34:30,010 INFO  ipc.Server (Server.java:run(1319)) - Stopping IPC Server Responder
2019-08-05 04:34:30,035 WARN  node.NodeStateManager (NodeStateManager.java:scheduleNextHealthCheck(631)) - Current Thread is interrupted, shutting down HB processing thread for Node Manager.
2019-08-05 04:34:30,035 INFO  server.StorageContainerManager (StorageContainerManager.java:stop(818)) - Stopping block service RPC server
2019-08-05 04:34:30,035 INFO  server.SCMBlockProtocolServer (SCMBlockProtocolServer.java:stop(148)) - Stopping the RPC server for Block Protocol
2019-08-05 04:34:30,035 INFO  ipc.Server (Server.java:stop(3082)) - Stopping server on 38804
2019-08-05 04:34:30,040 INFO  ipc.Server (Server.java:run(1185)) - Stopping IPC Server listener on 38804
2019-08-05 04:34:30,046 INFO  server.StorageContainerManager (StorageContainerManager.java:stop(825)) - Stopping the StorageContainerLocationProtocol RPC server
2019-08-05 04:34:30,046 INFO  server.SCMClientProtocolServer (SCMClientProtocolServer.java:stop(159)) - Stopping the RPC server for Client Protocol
2019-08-05 04:34:30,048 INFO  ipc.Server (Server.java:run(1319)) - Stopping IPC Server Responder
2019-08-05 04:34:30,048 INFO  ipc.Server (Server.java:stop(3082)) - Stopping server on 42745
2019-08-05 04:34:30,051 INFO  ipc.Server (Server.java:run(1185)) - Stopping IPC Server listener on 42745
2019-08-05 04:34:30,051 INFO  server.StorageContainerManager (StorageContainerManager.java:stop(832)) - Stopping Storage Container Manager HTTP server.
2019-08-05 04:34:30,053 INFO  ipc.Server (Server.java:run(1319)) - Stopping IPC Server Responder
2019-08-05 04:34:30,054 INFO  handler.ContextHandler (ContextHandler.java:doStop(910)) - Stopped o.e.j.w.WebAppContext@33e94cf4{/,null,UNAVAILABLE}{/scm}
2019-08-05 04:34:30,054 INFO  server.AbstractConnector (AbstractConnector.java:doStop(318)) - Stopped ServerConnector@739703aa{HTTP/1.1,[http/1.1]}{0.0.0.0:0}
2019-08-05 04:34:30,055 INFO  handler.ContextHandler (ContextHandler.java:doStop(910)) - Stopped o.e.j.s.ServletContextHandler@18f68c79{/static,file:///workdir/hadoop-ozone/integration-test/target/test-classes/webapps/static,UNAVAILABLE}
2019-08-05 04:34:30,055 INFO  handler.ContextHandler (ContextHandler.java:doStop(910)) - Stopped o.e.j.s.ServletContextHandler@20bb32f7{/logs,file:///workdir/hadoop-ozone/integration-test/target/log,UNAVAILABLE}
2019-08-05 04:34:30,057 INFO  server.StorageContainerManager (StorageContainerManager.java:stop(843)) - Stopping Block Manager Service.
2019-08-05 04:34:30,057 INFO  utils.BackgroundService (BackgroundService.java:shutdown(148)) - Shutting down service SCMBlockDeletingService
2019-08-05 04:34:30,059 INFO  utils.BackgroundService (BackgroundService.java:shutdown(148)) - Shutting down service SCMBlockDeletingService
2019-08-05 04:34:30,059 INFO  server.StorageContainerManager (StorageContainerManager.java:stop(865)) - Stopping SCM Event Queue.
2019-08-05 04:34:30,063 INFO  impl.MetricsSystemImpl (MetricsSystemImpl.java:stop(210)) - Stopping HddsDatanode metrics system...
2019-08-05 04:34:30,075 INFO  impl.MetricsSystemImpl (MetricsSystemImpl.java:stop(216)) - HddsDatanode metrics system stopped.
]]></system-out>
    <system-err><![CDATA[Aug 05, 2019 4:34:02 AM com.sun.jersey.server.impl.application.WebApplicationImpl _initiate
INFO: Initiating Jersey application, version 'Jersey: 1.19 02/11/2015 03:25 AM'
Aug 05, 2019 4:34:02 AM com.sun.jersey.server.impl.application.WebApplicationImpl _initiate
INFO: Initiating Jersey application, version 'Jersey: 1.19 02/11/2015 03:25 AM'
Aug 05, 2019 4:34:02 AM com.sun.jersey.server.impl.application.WebApplicationImpl _initiate
INFO: Initiating Jersey application, version 'Jersey: 1.19 02/11/2015 03:25 AM'
]]></system-err>
  </testcase>
  <testcase name="testScmInfo" classname="org.apache.hadoop.ozone.TestStorageContainerManager" time="0.34"/>
</testsuite>