<?xml version="1.0" encoding="UTF-8"?>
<testsuite xmlns:xsi="http://www.w3.org/2001/XMLSchema-instance" xsi:noNamespaceSchemaLocation="https://maven.apache.org/surefire/maven-surefire-plugin/xsd/surefire-test-report.xsd" name="org.apache.hadoop.ozone.client.rpc.TestOzoneClientRetriesOnException" time="78.653" tests="2" errors="1" skipped="0" failures="0">
  <properties>
    <property name="awt.toolkit" value="sun.awt.X11.XToolkit"/>
    <property name="file.encoding.pkg" value="sun.io"/>
    <property name="java.specification.version" value="1.8"/>
    <property name="sun.cpu.isalist" value=""/>
    <property name="sun.jnu.encoding" value="UTF-8"/>
    <property name="java.class.path" value="/workdir/hadoop-ozone/integration-test/target/test-classes:/workdir/hadoop-ozone/integration-test/target/classes:/home/user/.m2/repository/org/apache/hadoop/hadoop-ozone-common/0.4.1-SNAPSHOT/hadoop-ozone-common-0.4.1-SNAPSHOT.jar:/home/user/.m2/repository/org/apache/commons/commons-compress/1.4.1/commons-compress-1.4.1.jar:/home/user/.m2/repository/org/tukaani/xz/1.0/xz-1.0.jar:/home/user/.m2/repository/org/apache/hadoop/hadoop-common/3.2.0/hadoop-common-3.2.0.jar:/home/user/.m2/repository/org/apache/hadoop/hadoop-hdfs/3.2.0/hadoop-hdfs-3.2.0.jar:/home/user/.m2/repository/org/apache/hadoop/hadoop-hdfs-client/3.2.0/hadoop-hdfs-client-3.2.0.jar:/home/user/.m2/repository/com/fasterxml/jackson/core/jackson-annotations/2.9.5/jackson-annotations-2.9.5.jar:/home/user/.m2/repository/org/apache/hadoop/hadoop-hdds-common/0.4.1-SNAPSHOT/hadoop-hdds-common-0.4.1-SNAPSHOT.jar:/home/user/.m2/repository/javax/annotation/javax.annotation-api/1.2/javax.annotation-api-1.2.jar:/home/user/.m2/repository/org/apache/ratis/ratis-server/0.4.0-2337318-SNAPSHOT/ratis-server-0.4.0-2337318-SNAPSHOT.jar:/home/user/.m2/repository/org/apache/ratis/ratis-thirdparty-misc/0.2.0/ratis-thirdparty-misc-0.2.0.jar:/home/user/.m2/repository/org/apache/ratis/ratis-proto/0.4.0-2337318-SNAPSHOT/ratis-proto-0.4.0-2337318-SNAPSHOT.jar:/home/user/.m2/repository/org/apache/ratis/ratis-common/0.4.0-2337318-SNAPSHOT/ratis-common-0.4.0-2337318-SNAPSHOT.jar:/home/user/.m2/repository/org/apache/ratis/ratis-client/0.4.0-2337318-SNAPSHOT/ratis-client-0.4.0-2337318-SNAPSHOT.jar:/home/user/.m2/repository/org/apache/ratis/ratis-metrics/0.4.0-2337318-SNAPSHOT/ratis-metrics-0.4.0-2337318-SNAPSHOT.jar:/home/user/.m2/repository/org/apache/ratis/ratis-netty/0.4.0-2337318-SNAPSHOT/ratis-netty-0.4.0-2337318-SNAPSHOT.jar:/home/user/.m2/repository/org/apache/ratis/ratis-grpc/0.4.0-2337318-SNAPSHOT/ratis-grpc-0.4.0-2337318-SNAPSHOT.jar:/home/user/.m2/repository/org/rocksdb/rocksdbjni/6.0.1/rocksdbjni-6.0.1.jar:/home/user/.m2/repository/org/apache/logging/log4j/log4j-api/2.11.0/log4j-api-2.11.0.jar:/home/user/.m2/repository/org/apache/logging/log4j/log4j-core/2.11.0/log4j-core-2.11.0.jar:/home/user/.m2/repository/com/lmax/disruptor/3.4.2/disruptor-3.4.2.jar:/home/user/.m2/repository/org/apache/commons/commons-pool2/2.6.0/commons-pool2-2.6.0.jar:/home/user/.m2/repository/org/bouncycastle/bcpkix-jdk15on/1.60/bcpkix-jdk15on-1.60.jar:/home/user/.m2/repository/commons-validator/commons-validator/1.6/commons-validator-1.6.jar:/home/user/.m2/repository/commons-digester/commons-digester/1.8.1/commons-digester-1.8.1.jar:/home/user/.m2/repository/io/jaegertracing/jaeger-client/0.33.1/jaeger-client-0.33.1.jar:/home/user/.m2/repository/io/jaegertracing/jaeger-thrift/0.33.1/jaeger-thrift-0.33.1.jar:/home/user/.m2/repository/org/apache/thrift/libthrift/0.11.0/libthrift-0.11.0.jar:/home/user/.m2/repository/com/squareup/okhttp3/okhttp/3.9.0/okhttp-3.9.0.jar:/home/user/.m2/repository/com/squareup/okio/okio/1.13.0/okio-1.13.0.jar:/home/user/.m2/repository/io/jaegertracing/jaeger-core/0.33.1/jaeger-core-0.33.1.jar:/home/user/.m2/repository/io/jaegertracing/jaeger-tracerresolver/0.33.1/jaeger-tracerresolver-0.33.1.jar:/home/user/.m2/repository/io/opentracing/contrib/opentracing-tracerresolver/0.1.5/opentracing-tracerresolver-0.1.5.jar:/home/user/.m2/repository/io/opentracing/opentracing-util/0.31.0/opentracing-util-0.31.0.jar:/home/user/.m2/repository/io/opentracing/opentracing-api/0.31.0/opentracing-api-0.31.0.jar:/home/user/.m2/repository/io/opentracing/opentracing-noop/0.31.0/opentracing-noop-0.31.0.jar:/home/user/.m2/repository/org/apache/hadoop/hadoop-hdds-server-framework/0.4.1-SNAPSHOT/hadoop-hdds-server-framework-0.4.1-SNAPSHOT.jar:/home/user/.m2/repository/org/apache/hadoop/hadoop-hdds-container-service/0.4.1-SNAPSHOT/hadoop-hdds-container-service-0.4.1-SNAPSHOT.jar:/home/user/.m2/repository/org/apache/hadoop/hadoop-hdds-client/0.4.1-SNAPSHOT/hadoop-hdds-client-0.4.1-SNAPSHOT.jar:/home/user/.m2/repository/org/apache/hadoop/hadoop-hdds-tools/0.4.1-SNAPSHOT/hadoop-hdds-tools-0.4.1-SNAPSHOT.jar:/home/user/.m2/repository/org/apache/hadoop/hadoop-hdds-server-scm/0.4.1-SNAPSHOT/hadoop-hdds-server-scm-0.4.1-SNAPSHOT.jar:/home/user/.m2/repository/org/apache/hadoop/hadoop-hdds-docs/0.4.1-SNAPSHOT/hadoop-hdds-docs-0.4.1-SNAPSHOT.jar:/home/user/.m2/repository/io/dropwizard/metrics/metrics-core/3.2.4/metrics-core-3.2.4.jar:/home/user/.m2/repository/org/hamcrest/hamcrest-all/1.3/hamcrest-all-1.3.jar:/home/user/.m2/repository/org/bouncycastle/bcprov-jdk15on/1.60/bcprov-jdk15on-1.60.jar:/home/user/.m2/repository/info/picocli/picocli/3.9.6/picocli-3.9.6.jar:/home/user/.m2/repository/com/google/protobuf/protobuf-java/2.5.0/protobuf-java-2.5.0.jar:/home/user/.m2/repository/com/google/guava/guava/11.0.2/guava-11.0.2.jar:/home/user/.m2/repository/org/apache/hadoop/hadoop-ozone-ozone-manager/0.4.1-SNAPSHOT/hadoop-ozone-ozone-manager-0.4.1-SNAPSHOT.jar:/home/user/.m2/repository/org/apache/hadoop/hadoop-minikdc/3.2.0/hadoop-minikdc-3.2.0.jar:/home/user/.m2/repository/commons-io/commons-io/2.5/commons-io-2.5.jar:/home/user/.m2/repository/org/apache/kerby/kerb-simplekdc/1.0.1/kerb-simplekdc-1.0.1.jar:/home/user/.m2/repository/org/apache/kerby/kerb-client/1.0.1/kerb-client-1.0.1.jar:/home/user/.m2/repository/org/apache/kerby/kerby-config/1.0.1/kerby-config-1.0.1.jar:/home/user/.m2/repository/org/apache/kerby/kerb-core/1.0.1/kerb-core-1.0.1.jar:/home/user/.m2/repository/org/apache/kerby/kerby-pkix/1.0.1/kerby-pkix-1.0.1.jar:/home/user/.m2/repository/org/apache/kerby/kerby-asn1/1.0.1/kerby-asn1-1.0.1.jar:/home/user/.m2/repository/org/apache/kerby/kerby-util/1.0.1/kerby-util-1.0.1.jar:/home/user/.m2/repository/org/apache/kerby/kerb-common/1.0.1/kerb-common-1.0.1.jar:/home/user/.m2/repository/org/apache/kerby/kerb-crypto/1.0.1/kerb-crypto-1.0.1.jar:/home/user/.m2/repository/org/apache/kerby/kerb-util/1.0.1/kerb-util-1.0.1.jar:/home/user/.m2/repository/org/apache/kerby/token-provider/1.0.1/token-provider-1.0.1.jar:/home/user/.m2/repository/org/apache/kerby/kerb-admin/1.0.1/kerb-admin-1.0.1.jar:/home/user/.m2/repository/org/apache/kerby/kerb-server/1.0.1/kerb-server-1.0.1.jar:/home/user/.m2/repository/org/apache/kerby/kerb-identity/1.0.1/kerb-identity-1.0.1.jar:/home/user/.m2/repository/org/apache/kerby/kerby-xdr/1.0.1/kerby-xdr-1.0.1.jar:/home/user/.m2/repository/org/slf4j/slf4j-log4j12/1.7.25/slf4j-log4j12-1.7.25.jar:/home/user/.m2/repository/org/apache/hadoop/hadoop-ozone-objectstore-service/0.4.1-SNAPSHOT/hadoop-ozone-objectstore-service-0.4.1-SNAPSHOT.jar:/home/user/.m2/repository/org/apache/hadoop/hadoop-ozone-s3gateway/0.4.1-SNAPSHOT/hadoop-ozone-s3gateway-0.4.1-SNAPSHOT.jar:/home/user/.m2/repository/org/jboss/weld/servlet/weld-servlet/2.4.7.Final/weld-servlet-2.4.7.Final.jar:/home/user/.m2/repository/org/glassfish/jersey/containers/jersey-container-servlet-core/2.27/jersey-container-servlet-core-2.27.jar:/home/user/.m2/repository/org/glassfish/hk2/external/javax.inject/2.5.0-b42/javax.inject-2.5.0-b42.jar:/home/user/.m2/repository/org/glassfish/jersey/core/jersey-common/2.27/jersey-common-2.27.jar:/home/user/.m2/repository/org/glassfish/hk2/osgi-resource-locator/1.0.1/osgi-resource-locator-1.0.1.jar:/home/user/.m2/repository/javax/ws/rs/javax.ws.rs-api/2.1/javax.ws.rs-api-2.1.jar:/home/user/.m2/repository/org/glassfish/jersey/ext/cdi/jersey-cdi1x/2.27/jersey-cdi1x-2.27.jar:/home/user/.m2/repository/org/glassfish/jersey/inject/jersey-hk2/2.27/jersey-hk2-2.27.jar:/home/user/.m2/repository/org/glassfish/hk2/hk2-locator/2.5.0-b42/hk2-locator-2.5.0-b42.jar:/home/user/.m2/repository/org/javassist/javassist/3.22.0-CR2/javassist-3.22.0-CR2.jar:/home/user/.m2/repository/org/glassfish/hk2/hk2-api/2.5.0/hk2-api-2.5.0.jar:/home/user/.m2/repository/org/glassfish/hk2/external/jakarta.inject/2.5.0/jakarta.inject-2.5.0.jar:/home/user/.m2/repository/org/glassfish/hk2/hk2-utils/2.5.0/hk2-utils-2.5.0.jar:/home/user/.m2/repository/jakarta/annotation/jakarta.annotation-api/1.3.4/jakarta.annotation-api-1.3.4.jar:/home/user/.m2/repository/org/glassfish/hk2/external/aopalliance-repackaged/2.5.0/aopalliance-repackaged-2.5.0.jar:/home/user/.m2/repository/com/fasterxml/jackson/dataformat/jackson-dataformat-xml/2.9.0/jackson-dataformat-xml-2.9.0.jar:/home/user/.m2/repository/com/fasterxml/jackson/core/jackson-core/2.9.5/jackson-core-2.9.5.jar:/home/user/.m2/repository/com/fasterxml/jackson/module/jackson-module-jaxb-annotations/2.9.5/jackson-module-jaxb-annotations-2.9.5.jar:/home/user/.m2/repository/javax/enterprise/cdi-api/1.2/cdi-api-1.2.jar:/home/user/.m2/repository/javax/el/javax.el-api/3.0.0/javax.el-api-3.0.0.jar:/home/user/.m2/repository/javax/interceptor/javax.interceptor-api/1.2/javax.interceptor-api-1.2.jar:/home/user/.m2/repository/javax/inject/javax.inject/1/javax.inject-1.jar:/home/user/.m2/repository/com/sun/xml/bind/jaxb-impl/2.3.0.1/jaxb-impl-2.3.0.1.jar:/home/user/.m2/repository/com/sun/xml/bind/jaxb-core/2.3.0.1/jaxb-core-2.3.0.1.jar:/home/user/.m2/repository/javax/xml/bind/jaxb-api/2.3.0/jaxb-api-2.3.0.jar:/home/user/.m2/repository/javax/activation/activation/1.1.1/activation-1.1.1.jar:/home/user/.m2/repository/org/apache/hadoop/hadoop-ozone-csi/0.4.1-SNAPSHOT/hadoop-ozone-csi-0.4.1-SNAPSHOT.jar:/home/user/.m2/repository/com/google/protobuf/protobuf-java-util/3.5.1/protobuf-java-util-3.5.1.jar:/home/user/.m2/repository/org/apache/hadoop/hadoop-hdds-config/0.4.1-SNAPSHOT/hadoop-hdds-config-0.4.1-SNAPSHOT.jar:/home/user/.m2/repository/io/grpc/grpc-netty/1.17.1/grpc-netty-1.17.1.jar:/home/user/.m2/repository/io/grpc/grpc-core/1.17.1/grpc-core-1.17.1.jar:/home/user/.m2/repository/io/grpc/grpc-context/1.17.1/grpc-context-1.17.1.jar:/home/user/.m2/repository/com/google/errorprone/error_prone_annotations/2.2.0/error_prone_annotations-2.2.0.jar:/home/user/.m2/repository/org/codehaus/mojo/animal-sniffer-annotations/1.17/animal-sniffer-annotations-1.17.jar:/home/user/.m2/repository/io/opencensus/opencensus-api/0.17.0/opencensus-api-0.17.0.jar:/home/user/.m2/repository/io/opencensus/opencensus-contrib-grpc-metrics/0.17.0/opencensus-contrib-grpc-metrics-0.17.0.jar:/home/user/.m2/repository/io/netty/netty-codec-http2/4.1.30.Final/netty-codec-http2-4.1.30.Final.jar:/home/user/.m2/repository/io/netty/netty-codec-http/4.1.30.Final/netty-codec-http-4.1.30.Final.jar:/home/user/.m2/repository/io/netty/netty-codec/4.1.30.Final/netty-codec-4.1.30.Final.jar:/home/user/.m2/repository/io/netty/netty-handler/4.1.30.Final/netty-handler-4.1.30.Final.jar:/home/user/.m2/repository/io/netty/netty-handler-proxy/4.1.30.Final/netty-handler-proxy-4.1.30.Final.jar:/home/user/.m2/repository/io/netty/netty-codec-socks/4.1.30.Final/netty-codec-socks-4.1.30.Final.jar:/home/user/.m2/repository/io/netty/netty-transport-native-epoll/4.1.30.Final/netty-transport-native-epoll-4.1.30.Final.jar:/home/user/.m2/repository/io/netty/netty-common/4.1.30.Final/netty-common-4.1.30.Final.jar:/home/user/.m2/repository/io/netty/netty-buffer/4.1.30.Final/netty-buffer-4.1.30.Final.jar:/home/user/.m2/repository/io/netty/netty-transport/4.1.30.Final/netty-transport-4.1.30.Final.jar:/home/user/.m2/repository/io/netty/netty-resolver/4.1.30.Final/netty-resolver-4.1.30.Final.jar:/home/user/.m2/repository/io/netty/netty-transport-native-unix-common/4.1.30.Final/netty-transport-native-unix-common-4.1.30.Final.jar:/home/user/.m2/repository/io/grpc/grpc-protobuf/1.17.1/grpc-protobuf-1.17.1.jar:/home/user/.m2/repository/com/google/api/grpc/proto-google-common-protos/1.0.0/proto-google-common-protos-1.0.0.jar:/home/user/.m2/repository/io/grpc/grpc-protobuf-lite/1.17.1/grpc-protobuf-lite-1.17.1.jar:/home/user/.m2/repository/io/grpc/grpc-stub/1.17.1/grpc-stub-1.17.1.jar:/home/user/.m2/repository/org/apache/hadoop/hadoop-ozone-recon/0.4.1-SNAPSHOT/hadoop-ozone-recon-0.4.1-SNAPSHOT.jar:/home/user/.m2/repository/org/apache/hadoop/hadoop-ozone-reconcodegen/0.4.1-SNAPSHOT/hadoop-ozone-reconcodegen-0.4.1-SNAPSHOT.jar:/home/user/.m2/repository/com/google/inject/extensions/guice-multibindings/4.0/guice-multibindings-4.0.jar:/home/user/.m2/repository/com/google/inject/guice/4.0/guice-4.0.jar:/home/user/.m2/repository/aopalliance/aopalliance/1.0/aopalliance-1.0.jar:/home/user/.m2/repository/com/google/inject/extensions/guice-servlet/4.0/guice-servlet-4.0.jar:/home/user/.m2/repository/org/glassfish/jersey/containers/jersey-container-servlet/2.27/jersey-container-servlet-2.27.jar:/home/user/.m2/repository/org/glassfish/hk2/guice-bridge/2.5.0/guice-bridge-2.5.0.jar:/home/user/.m2/repository/org/glassfish/jersey/core/jersey-server/2.27/jersey-server-2.27.jar:/home/user/.m2/repository/org/glassfish/jersey/core/jersey-client/2.27/jersey-client-2.27.jar:/home/user/.m2/repository/org/glassfish/jersey/media/jersey-media-jaxb/2.27/jersey-media-jaxb-2.27.jar:/home/user/.m2/repository/javax/validation/validation-api/1.1.0.Final/validation-api-1.1.0.Final.jar:/home/user/.m2/repository/org/glassfish/jersey/media/jersey-media-json-jackson/2.27/jersey-media-json-jackson-2.27.jar:/home/user/.m2/repository/org/glassfish/jersey/ext/jersey-entity-filtering/2.27/jersey-entity-filtering-2.27.jar:/home/user/.m2/repository/com/google/inject/extensions/guice-assistedinject/4.0/guice-assistedinject-4.0.jar:/home/user/.m2/repository/org/jooq/jooq/3.11.10/jooq-3.11.10.jar:/home/user/.m2/repository/org/jooq/jooq-meta/3.11.10/jooq-meta-3.11.10.jar:/home/user/.m2/repository/org/jooq/jooq-codegen/3.11.10/jooq-codegen-3.11.10.jar:/home/user/.m2/repository/com/jolbox/bonecp/0.8.0.RELEASE/bonecp-0.8.0.RELEASE.jar:/home/user/.m2/repository/org/xerial/sqlite-jdbc/3.25.2/sqlite-jdbc-3.25.2.jar:/home/user/.m2/repository/org/springframework/spring-jdbc/5.1.3.RELEASE/spring-jdbc-5.1.3.RELEASE.jar:/home/user/.m2/repository/org/springframework/spring-beans/5.1.3.RELEASE/spring-beans-5.1.3.RELEASE.jar:/home/user/.m2/repository/org/springframework/spring-core/5.1.3.RELEASE/spring-core-5.1.3.RELEASE.jar:/home/user/.m2/repository/org/springframework/spring-jcl/5.1.3.RELEASE/spring-jcl-5.1.3.RELEASE.jar:/home/user/.m2/repository/org/springframework/spring-tx/5.1.3.RELEASE/spring-tx-5.1.3.RELEASE.jar:/home/user/.m2/repository/org/apache/hadoop/hadoop-ozone-client/0.4.1-SNAPSHOT/hadoop-ozone-client-0.4.1-SNAPSHOT.jar:/home/user/.m2/repository/commons-lang/commons-lang/2.6/commons-lang-2.6.jar:/home/user/.m2/repository/org/apache/hadoop/hadoop-ozone-ozone-manager/0.4.1-SNAPSHOT/hadoop-ozone-ozone-manager-0.4.1-SNAPSHOT-tests.jar:/home/user/.m2/repository/junit/junit/4.11/junit-4.11.jar:/home/user/.m2/repository/org/hamcrest/hamcrest-core/1.3/hamcrest-core-1.3.jar:/home/user/.m2/repository/org/openjdk/jmh/jmh-core/1.19/jmh-core-1.19.jar:/home/user/.m2/repository/net/sf/jopt-simple/jopt-simple/4.6/jopt-simple-4.6.jar:/home/user/.m2/repository/org/apache/commons/commons-math3/3.1.1/commons-math3-3.1.1.jar:/home/user/.m2/repository/org/openjdk/jmh/jmh-generator-annprocess/1.19/jmh-generator-annprocess-1.19.jar:/home/user/.m2/repository/org/mockito/mockito-all/1.8.5/mockito-all-1.8.5.jar:/home/user/.m2/repository/org/apache/hadoop/hadoop-kms/3.2.0/hadoop-kms-3.2.0.jar:/home/user/.m2/repository/org/apache/hadoop/hadoop-auth/3.2.0/hadoop-auth-3.2.0.jar:/home/user/.m2/repository/com/nimbusds/nimbus-jose-jwt/4.41.1/nimbus-jose-jwt-4.41.1.jar:/home/user/.m2/repository/com/github/stephenc/jcip/jcip-annotations/1.0-1/jcip-annotations-1.0-1.jar:/home/user/.m2/repository/net/minidev/json-smart/2.3/json-smart-2.3.jar:/home/user/.m2/repository/net/minidev/accessors-smart/1.2/accessors-smart-1.2.jar:/home/user/.m2/repository/org/ow2/asm/asm/5.0.4/asm-5.0.4.jar:/home/user/.m2/repository/org/apache/curator/curator-framework/2.12.0/curator-framework-2.12.0.jar:/home/user/.m2/repository/com/sun/jersey/jersey-core/1.19/jersey-core-1.19.jar:/home/user/.m2/repository/javax/ws/rs/jsr311-api/1.1.1/jsr311-api-1.1.1.jar:/home/user/.m2/repository/com/sun/jersey/jersey-server/1.19/jersey-server-1.19.jar:/home/user/.m2/repository/javax/servlet/javax.servlet-api/3.1.0/javax.servlet-api-3.1.0.jar:/home/user/.m2/repository/org/eclipse/jetty/jetty-server/9.3.24.v20180605/jetty-server-9.3.24.v20180605.jar:/home/user/.m2/repository/org/eclipse/jetty/jetty-http/9.3.24.v20180605/jetty-http-9.3.24.v20180605.jar:/home/user/.m2/repository/org/eclipse/jetty/jetty-io/9.3.24.v20180605/jetty-io-9.3.24.v20180605.jar:/home/user/.m2/repository/org/eclipse/jetty/jetty-webapp/9.3.24.v20180605/jetty-webapp-9.3.24.v20180605.jar:/home/user/.m2/repository/org/eclipse/jetty/jetty-xml/9.3.24.v20180605/jetty-xml-9.3.24.v20180605.jar:/home/user/.m2/repository/log4j/log4j/1.2.17/log4j-1.2.17.jar:/home/user/.m2/repository/org/slf4j/slf4j-api/1.7.25/slf4j-api-1.7.25.jar:/home/user/.m2/repository/org/slf4j/jul-to-slf4j/1.7.25/jul-to-slf4j-1.7.25.jar:/home/user/.m2/repository/org/eclipse/jetty/jetty-util/9.3.24.v20180605/jetty-util-9.3.24.v20180605.jar:/home/user/.m2/repository/com/fasterxml/jackson/core/jackson-databind/2.9.5/jackson-databind-2.9.5.jar:/home/user/.m2/repository/org/apache/hadoop/hadoop-kms/3.2.0/hadoop-kms-3.2.0-tests.jar:/home/user/.m2/repository/org/apache/hadoop/hadoop-hdds-server-scm/0.4.1-SNAPSHOT/hadoop-hdds-server-scm-0.4.1-SNAPSHOT-tests.jar:/home/user/.m2/repository/org/apache/hadoop/hadoop-hdds-container-service/0.4.1-SNAPSHOT/hadoop-hdds-container-service-0.4.1-SNAPSHOT-tests.jar:/home/user/.m2/repository/org/yaml/snakeyaml/1.16/snakeyaml-1.16.jar:/home/user/.m2/repository/org/apache/hadoop/hadoop-common/3.2.0/hadoop-common-3.2.0-tests.jar:/home/user/.m2/repository/org/apache/hadoop/hadoop-annotations/3.2.0/hadoop-annotations-3.2.0.jar:/usr/lib/jvm/java-1.8-openjdk/jre/../lib/tools.jar:/home/user/.m2/repository/commons-cli/commons-cli/1.2/commons-cli-1.2.jar:/home/user/.m2/repository/org/apache/httpcomponents/httpclient/4.5.2/httpclient-4.5.2.jar:/home/user/.m2/repository/org/apache/httpcomponents/httpcore/4.4.4/httpcore-4.4.4.jar:/home/user/.m2/repository/commons-codec/commons-codec/1.11/commons-codec-1.11.jar:/home/user/.m2/repository/commons-net/commons-net/3.6/commons-net-3.6.jar:/home/user/.m2/repository/commons-collections/commons-collections/3.2.2/commons-collections-3.2.2.jar:/home/user/.m2/repository/org/eclipse/jetty/jetty-servlet/9.3.24.v20180605/jetty-servlet-9.3.24.v20180605.jar:/home/user/.m2/repository/org/eclipse/jetty/jetty-security/9.3.24.v20180605/jetty-security-9.3.24.v20180605.jar:/home/user/.m2/repository/javax/servlet/jsp/jsp-api/2.1/jsp-api-2.1.jar:/home/user/.m2/repository/com/sun/jersey/jersey-servlet/1.19/jersey-servlet-1.19.jar:/home/user/.m2/repository/com/sun/jersey/jersey-json/1.19/jersey-json-1.19.jar:/home/user/.m2/repository/org/codehaus/jettison/jettison/1.1/jettison-1.1.jar:/home/user/.m2/repository/org/codehaus/jackson/jackson-core-asl/1.9.13/jackson-core-asl-1.9.13.jar:/home/user/.m2/repository/org/codehaus/jackson/jackson-mapper-asl/1.9.13/jackson-mapper-asl-1.9.13.jar:/home/user/.m2/repository/org/codehaus/jackson/jackson-jaxrs/1.9.13/jackson-jaxrs-1.9.13.jar:/home/user/.m2/repository/org/codehaus/jackson/jackson-xc/1.9.13/jackson-xc-1.9.13.jar:/home/user/.m2/repository/commons-logging/commons-logging/1.1.3/commons-logging-1.1.3.jar:/home/user/.m2/repository/commons-beanutils/commons-beanutils/1.9.3/commons-beanutils-1.9.3.jar:/home/user/.m2/repository/org/apache/commons/commons-configuration2/2.1.1/commons-configuration2-2.1.1.jar:/home/user/.m2/repository/org/apache/commons/commons-lang3/3.7/commons-lang3-3.7.jar:/home/user/.m2/repository/org/apache/commons/commons-text/1.4/commons-text-1.4.jar:/home/user/.m2/repository/org/apache/avro/avro/1.7.7/avro-1.7.7.jar:/home/user/.m2/repository/com/thoughtworks/paranamer/paranamer/2.3/paranamer-2.3.jar:/home/user/.m2/repository/org/xerial/snappy/snappy-java/1.0.5/snappy-java-1.0.5.jar:/home/user/.m2/repository/com/google/re2j/re2j/1.1/re2j-1.1.jar:/home/user/.m2/repository/com/google/code/gson/gson/2.2.4/gson-2.2.4.jar:/home/user/.m2/repository/com/jcraft/jsch/0.1.54/jsch-0.1.54.jar:/home/user/.m2/repository/org/apache/curator/curator-client/2.12.0/curator-client-2.12.0.jar:/home/user/.m2/repository/org/apache/curator/curator-recipes/2.12.0/curator-recipes-2.12.0.jar:/home/user/.m2/repository/com/google/code/findbugs/jsr305/3.0.0/jsr305-3.0.0.jar:/home/user/.m2/repository/org/apache/htrace/htrace-core4/4.1.0-incubating/htrace-core4-4.1.0-incubating.jar:/home/user/.m2/repository/org/apache/zookeeper/zookeeper/3.4.13/zookeeper-3.4.13.jar:/home/user/.m2/repository/org/apache/yetus/audience-annotations/0.5.0/audience-annotations-0.5.0.jar:/home/user/.m2/repository/org/codehaus/woodstox/stax2-api/3.1.4/stax2-api-3.1.4.jar:/home/user/.m2/repository/com/fasterxml/woodstox/woodstox-core/5.0.3/woodstox-core-5.0.3.jar:/home/user/.m2/repository/dnsjava/dnsjava/2.1.7/dnsjava-2.1.7.jar:/home/user/.m2/repository/org/apache/hadoop/hadoop-hdfs/3.2.0/hadoop-hdfs-3.2.0-tests.jar:/home/user/.m2/repository/org/eclipse/jetty/jetty-util-ajax/9.3.24.v20180605/jetty-util-ajax-9.3.24.v20180605.jar:/home/user/.m2/repository/commons-daemon/commons-daemon/1.0.13/commons-daemon-1.0.13.jar:/home/user/.m2/repository/io/netty/netty/3.10.5.Final/netty-3.10.5.Final.jar:/home/user/.m2/repository/io/netty/netty-all/4.0.52.Final/netty-all-4.0.52.Final.jar:/home/user/.m2/repository/org/fusesource/leveldbjni/leveldbjni-all/1.8/leveldbjni-all-1.8.jar:"/>
    <property name="java.vm.vendor" value="IcedTea"/>
    <property name="sun.arch.data.model" value="64"/>
    <property name="test.build.dir" value="/workdir/hadoop-ozone/integration-test/target/test-dir"/>
    <property name="test.cache.data" value=""/>
    <property name="java.vendor.url" value="https://icedtea.classpath.org"/>
    <property name="user.timezone" value=""/>
    <property name="java.vm.specification.version" value="1.8"/>
    <property name="os.name" value="Linux"/>
    <property name="test.build.data" value="/workdir/hadoop-ozone/integration-test/target/test-dir"/>
    <property name="user.country" value="US"/>
    <property name="sun.java.launcher" value="SUN_STANDARD"/>
    <property name="sun.boot.library.path" value="/usr/lib/jvm/java-1.8-openjdk/jre/lib/amd64"/>
    <property name="sun.java.command" value="/workdir/hadoop-ozone/integration-test/target/surefire/surefirebooter6319657049553025547.jar /workdir/hadoop-ozone/integration-test/target/surefire 2019-08-16T03-13-19_334-jvmRun1 surefire6831627711876074406tmp surefire_234834840401329491947tmp"/>
    <property name="test" value="!TestMiniChaosOzoneCluster"/>
    <property name="surefire.test.class.path" value="/workdir/hadoop-ozone/integration-test/target/test-classes:/workdir/hadoop-ozone/integration-test/target/classes:/home/user/.m2/repository/org/apache/hadoop/hadoop-ozone-common/0.4.1-SNAPSHOT/hadoop-ozone-common-0.4.1-SNAPSHOT.jar:/home/user/.m2/repository/org/apache/commons/commons-compress/1.4.1/commons-compress-1.4.1.jar:/home/user/.m2/repository/org/tukaani/xz/1.0/xz-1.0.jar:/home/user/.m2/repository/org/apache/hadoop/hadoop-common/3.2.0/hadoop-common-3.2.0.jar:/home/user/.m2/repository/org/apache/hadoop/hadoop-hdfs/3.2.0/hadoop-hdfs-3.2.0.jar:/home/user/.m2/repository/org/apache/hadoop/hadoop-hdfs-client/3.2.0/hadoop-hdfs-client-3.2.0.jar:/home/user/.m2/repository/com/fasterxml/jackson/core/jackson-annotations/2.9.5/jackson-annotations-2.9.5.jar:/home/user/.m2/repository/org/apache/hadoop/hadoop-hdds-common/0.4.1-SNAPSHOT/hadoop-hdds-common-0.4.1-SNAPSHOT.jar:/home/user/.m2/repository/javax/annotation/javax.annotation-api/1.2/javax.annotation-api-1.2.jar:/home/user/.m2/repository/org/apache/ratis/ratis-server/0.4.0-2337318-SNAPSHOT/ratis-server-0.4.0-2337318-SNAPSHOT.jar:/home/user/.m2/repository/org/apache/ratis/ratis-thirdparty-misc/0.2.0/ratis-thirdparty-misc-0.2.0.jar:/home/user/.m2/repository/org/apache/ratis/ratis-proto/0.4.0-2337318-SNAPSHOT/ratis-proto-0.4.0-2337318-SNAPSHOT.jar:/home/user/.m2/repository/org/apache/ratis/ratis-common/0.4.0-2337318-SNAPSHOT/ratis-common-0.4.0-2337318-SNAPSHOT.jar:/home/user/.m2/repository/org/apache/ratis/ratis-client/0.4.0-2337318-SNAPSHOT/ratis-client-0.4.0-2337318-SNAPSHOT.jar:/home/user/.m2/repository/org/apache/ratis/ratis-metrics/0.4.0-2337318-SNAPSHOT/ratis-metrics-0.4.0-2337318-SNAPSHOT.jar:/home/user/.m2/repository/org/apache/ratis/ratis-netty/0.4.0-2337318-SNAPSHOT/ratis-netty-0.4.0-2337318-SNAPSHOT.jar:/home/user/.m2/repository/org/apache/ratis/ratis-grpc/0.4.0-2337318-SNAPSHOT/ratis-grpc-0.4.0-2337318-SNAPSHOT.jar:/home/user/.m2/repository/org/rocksdb/rocksdbjni/6.0.1/rocksdbjni-6.0.1.jar:/home/user/.m2/repository/org/apache/logging/log4j/log4j-api/2.11.0/log4j-api-2.11.0.jar:/home/user/.m2/repository/org/apache/logging/log4j/log4j-core/2.11.0/log4j-core-2.11.0.jar:/home/user/.m2/repository/com/lmax/disruptor/3.4.2/disruptor-3.4.2.jar:/home/user/.m2/repository/org/apache/commons/commons-pool2/2.6.0/commons-pool2-2.6.0.jar:/home/user/.m2/repository/org/bouncycastle/bcpkix-jdk15on/1.60/bcpkix-jdk15on-1.60.jar:/home/user/.m2/repository/commons-validator/commons-validator/1.6/commons-validator-1.6.jar:/home/user/.m2/repository/commons-digester/commons-digester/1.8.1/commons-digester-1.8.1.jar:/home/user/.m2/repository/io/jaegertracing/jaeger-client/0.33.1/jaeger-client-0.33.1.jar:/home/user/.m2/repository/io/jaegertracing/jaeger-thrift/0.33.1/jaeger-thrift-0.33.1.jar:/home/user/.m2/repository/org/apache/thrift/libthrift/0.11.0/libthrift-0.11.0.jar:/home/user/.m2/repository/com/squareup/okhttp3/okhttp/3.9.0/okhttp-3.9.0.jar:/home/user/.m2/repository/com/squareup/okio/okio/1.13.0/okio-1.13.0.jar:/home/user/.m2/repository/io/jaegertracing/jaeger-core/0.33.1/jaeger-core-0.33.1.jar:/home/user/.m2/repository/io/jaegertracing/jaeger-tracerresolver/0.33.1/jaeger-tracerresolver-0.33.1.jar:/home/user/.m2/repository/io/opentracing/contrib/opentracing-tracerresolver/0.1.5/opentracing-tracerresolver-0.1.5.jar:/home/user/.m2/repository/io/opentracing/opentracing-util/0.31.0/opentracing-util-0.31.0.jar:/home/user/.m2/repository/io/opentracing/opentracing-api/0.31.0/opentracing-api-0.31.0.jar:/home/user/.m2/repository/io/opentracing/opentracing-noop/0.31.0/opentracing-noop-0.31.0.jar:/home/user/.m2/repository/org/apache/hadoop/hadoop-hdds-server-framework/0.4.1-SNAPSHOT/hadoop-hdds-server-framework-0.4.1-SNAPSHOT.jar:/home/user/.m2/repository/org/apache/hadoop/hadoop-hdds-container-service/0.4.1-SNAPSHOT/hadoop-hdds-container-service-0.4.1-SNAPSHOT.jar:/home/user/.m2/repository/org/apache/hadoop/hadoop-hdds-client/0.4.1-SNAPSHOT/hadoop-hdds-client-0.4.1-SNAPSHOT.jar:/home/user/.m2/repository/org/apache/hadoop/hadoop-hdds-tools/0.4.1-SNAPSHOT/hadoop-hdds-tools-0.4.1-SNAPSHOT.jar:/home/user/.m2/repository/org/apache/hadoop/hadoop-hdds-server-scm/0.4.1-SNAPSHOT/hadoop-hdds-server-scm-0.4.1-SNAPSHOT.jar:/home/user/.m2/repository/org/apache/hadoop/hadoop-hdds-docs/0.4.1-SNAPSHOT/hadoop-hdds-docs-0.4.1-SNAPSHOT.jar:/home/user/.m2/repository/io/dropwizard/metrics/metrics-core/3.2.4/metrics-core-3.2.4.jar:/home/user/.m2/repository/org/hamcrest/hamcrest-all/1.3/hamcrest-all-1.3.jar:/home/user/.m2/repository/org/bouncycastle/bcprov-jdk15on/1.60/bcprov-jdk15on-1.60.jar:/home/user/.m2/repository/info/picocli/picocli/3.9.6/picocli-3.9.6.jar:/home/user/.m2/repository/com/google/protobuf/protobuf-java/2.5.0/protobuf-java-2.5.0.jar:/home/user/.m2/repository/com/google/guava/guava/11.0.2/guava-11.0.2.jar:/home/user/.m2/repository/org/apache/hadoop/hadoop-ozone-ozone-manager/0.4.1-SNAPSHOT/hadoop-ozone-ozone-manager-0.4.1-SNAPSHOT.jar:/home/user/.m2/repository/org/apache/hadoop/hadoop-minikdc/3.2.0/hadoop-minikdc-3.2.0.jar:/home/user/.m2/repository/commons-io/commons-io/2.5/commons-io-2.5.jar:/home/user/.m2/repository/org/apache/kerby/kerb-simplekdc/1.0.1/kerb-simplekdc-1.0.1.jar:/home/user/.m2/repository/org/apache/kerby/kerb-client/1.0.1/kerb-client-1.0.1.jar:/home/user/.m2/repository/org/apache/kerby/kerby-config/1.0.1/kerby-config-1.0.1.jar:/home/user/.m2/repository/org/apache/kerby/kerb-core/1.0.1/kerb-core-1.0.1.jar:/home/user/.m2/repository/org/apache/kerby/kerby-pkix/1.0.1/kerby-pkix-1.0.1.jar:/home/user/.m2/repository/org/apache/kerby/kerby-asn1/1.0.1/kerby-asn1-1.0.1.jar:/home/user/.m2/repository/org/apache/kerby/kerby-util/1.0.1/kerby-util-1.0.1.jar:/home/user/.m2/repository/org/apache/kerby/kerb-common/1.0.1/kerb-common-1.0.1.jar:/home/user/.m2/repository/org/apache/kerby/kerb-crypto/1.0.1/kerb-crypto-1.0.1.jar:/home/user/.m2/repository/org/apache/kerby/kerb-util/1.0.1/kerb-util-1.0.1.jar:/home/user/.m2/repository/org/apache/kerby/token-provider/1.0.1/token-provider-1.0.1.jar:/home/user/.m2/repository/org/apache/kerby/kerb-admin/1.0.1/kerb-admin-1.0.1.jar:/home/user/.m2/repository/org/apache/kerby/kerb-server/1.0.1/kerb-server-1.0.1.jar:/home/user/.m2/repository/org/apache/kerby/kerb-identity/1.0.1/kerb-identity-1.0.1.jar:/home/user/.m2/repository/org/apache/kerby/kerby-xdr/1.0.1/kerby-xdr-1.0.1.jar:/home/user/.m2/repository/org/slf4j/slf4j-log4j12/1.7.25/slf4j-log4j12-1.7.25.jar:/home/user/.m2/repository/org/apache/hadoop/hadoop-ozone-objectstore-service/0.4.1-SNAPSHOT/hadoop-ozone-objectstore-service-0.4.1-SNAPSHOT.jar:/home/user/.m2/repository/org/apache/hadoop/hadoop-ozone-s3gateway/0.4.1-SNAPSHOT/hadoop-ozone-s3gateway-0.4.1-SNAPSHOT.jar:/home/user/.m2/repository/org/jboss/weld/servlet/weld-servlet/2.4.7.Final/weld-servlet-2.4.7.Final.jar:/home/user/.m2/repository/org/glassfish/jersey/containers/jersey-container-servlet-core/2.27/jersey-container-servlet-core-2.27.jar:/home/user/.m2/repository/org/glassfish/hk2/external/javax.inject/2.5.0-b42/javax.inject-2.5.0-b42.jar:/home/user/.m2/repository/org/glassfish/jersey/core/jersey-common/2.27/jersey-common-2.27.jar:/home/user/.m2/repository/org/glassfish/hk2/osgi-resource-locator/1.0.1/osgi-resource-locator-1.0.1.jar:/home/user/.m2/repository/javax/ws/rs/javax.ws.rs-api/2.1/javax.ws.rs-api-2.1.jar:/home/user/.m2/repository/org/glassfish/jersey/ext/cdi/jersey-cdi1x/2.27/jersey-cdi1x-2.27.jar:/home/user/.m2/repository/org/glassfish/jersey/inject/jersey-hk2/2.27/jersey-hk2-2.27.jar:/home/user/.m2/repository/org/glassfish/hk2/hk2-locator/2.5.0-b42/hk2-locator-2.5.0-b42.jar:/home/user/.m2/repository/org/javassist/javassist/3.22.0-CR2/javassist-3.22.0-CR2.jar:/home/user/.m2/repository/org/glassfish/hk2/hk2-api/2.5.0/hk2-api-2.5.0.jar:/home/user/.m2/repository/org/glassfish/hk2/external/jakarta.inject/2.5.0/jakarta.inject-2.5.0.jar:/home/user/.m2/repository/org/glassfish/hk2/hk2-utils/2.5.0/hk2-utils-2.5.0.jar:/home/user/.m2/repository/jakarta/annotation/jakarta.annotation-api/1.3.4/jakarta.annotation-api-1.3.4.jar:/home/user/.m2/repository/org/glassfish/hk2/external/aopalliance-repackaged/2.5.0/aopalliance-repackaged-2.5.0.jar:/home/user/.m2/repository/com/fasterxml/jackson/dataformat/jackson-dataformat-xml/2.9.0/jackson-dataformat-xml-2.9.0.jar:/home/user/.m2/repository/com/fasterxml/jackson/core/jackson-core/2.9.5/jackson-core-2.9.5.jar:/home/user/.m2/repository/com/fasterxml/jackson/module/jackson-module-jaxb-annotations/2.9.5/jackson-module-jaxb-annotations-2.9.5.jar:/home/user/.m2/repository/javax/enterprise/cdi-api/1.2/cdi-api-1.2.jar:/home/user/.m2/repository/javax/el/javax.el-api/3.0.0/javax.el-api-3.0.0.jar:/home/user/.m2/repository/javax/interceptor/javax.interceptor-api/1.2/javax.interceptor-api-1.2.jar:/home/user/.m2/repository/javax/inject/javax.inject/1/javax.inject-1.jar:/home/user/.m2/repository/com/sun/xml/bind/jaxb-impl/2.3.0.1/jaxb-impl-2.3.0.1.jar:/home/user/.m2/repository/com/sun/xml/bind/jaxb-core/2.3.0.1/jaxb-core-2.3.0.1.jar:/home/user/.m2/repository/javax/xml/bind/jaxb-api/2.3.0/jaxb-api-2.3.0.jar:/home/user/.m2/repository/javax/activation/activation/1.1.1/activation-1.1.1.jar:/home/user/.m2/repository/org/apache/hadoop/hadoop-ozone-csi/0.4.1-SNAPSHOT/hadoop-ozone-csi-0.4.1-SNAPSHOT.jar:/home/user/.m2/repository/com/google/protobuf/protobuf-java-util/3.5.1/protobuf-java-util-3.5.1.jar:/home/user/.m2/repository/org/apache/hadoop/hadoop-hdds-config/0.4.1-SNAPSHOT/hadoop-hdds-config-0.4.1-SNAPSHOT.jar:/home/user/.m2/repository/io/grpc/grpc-netty/1.17.1/grpc-netty-1.17.1.jar:/home/user/.m2/repository/io/grpc/grpc-core/1.17.1/grpc-core-1.17.1.jar:/home/user/.m2/repository/io/grpc/grpc-context/1.17.1/grpc-context-1.17.1.jar:/home/user/.m2/repository/com/google/errorprone/error_prone_annotations/2.2.0/error_prone_annotations-2.2.0.jar:/home/user/.m2/repository/org/codehaus/mojo/animal-sniffer-annotations/1.17/animal-sniffer-annotations-1.17.jar:/home/user/.m2/repository/io/opencensus/opencensus-api/0.17.0/opencensus-api-0.17.0.jar:/home/user/.m2/repository/io/opencensus/opencensus-contrib-grpc-metrics/0.17.0/opencensus-contrib-grpc-metrics-0.17.0.jar:/home/user/.m2/repository/io/netty/netty-codec-http2/4.1.30.Final/netty-codec-http2-4.1.30.Final.jar:/home/user/.m2/repository/io/netty/netty-codec-http/4.1.30.Final/netty-codec-http-4.1.30.Final.jar:/home/user/.m2/repository/io/netty/netty-codec/4.1.30.Final/netty-codec-4.1.30.Final.jar:/home/user/.m2/repository/io/netty/netty-handler/4.1.30.Final/netty-handler-4.1.30.Final.jar:/home/user/.m2/repository/io/netty/netty-handler-proxy/4.1.30.Final/netty-handler-proxy-4.1.30.Final.jar:/home/user/.m2/repository/io/netty/netty-codec-socks/4.1.30.Final/netty-codec-socks-4.1.30.Final.jar:/home/user/.m2/repository/io/netty/netty-transport-native-epoll/4.1.30.Final/netty-transport-native-epoll-4.1.30.Final.jar:/home/user/.m2/repository/io/netty/netty-common/4.1.30.Final/netty-common-4.1.30.Final.jar:/home/user/.m2/repository/io/netty/netty-buffer/4.1.30.Final/netty-buffer-4.1.30.Final.jar:/home/user/.m2/repository/io/netty/netty-transport/4.1.30.Final/netty-transport-4.1.30.Final.jar:/home/user/.m2/repository/io/netty/netty-resolver/4.1.30.Final/netty-resolver-4.1.30.Final.jar:/home/user/.m2/repository/io/netty/netty-transport-native-unix-common/4.1.30.Final/netty-transport-native-unix-common-4.1.30.Final.jar:/home/user/.m2/repository/io/grpc/grpc-protobuf/1.17.1/grpc-protobuf-1.17.1.jar:/home/user/.m2/repository/com/google/api/grpc/proto-google-common-protos/1.0.0/proto-google-common-protos-1.0.0.jar:/home/user/.m2/repository/io/grpc/grpc-protobuf-lite/1.17.1/grpc-protobuf-lite-1.17.1.jar:/home/user/.m2/repository/io/grpc/grpc-stub/1.17.1/grpc-stub-1.17.1.jar:/home/user/.m2/repository/org/apache/hadoop/hadoop-ozone-recon/0.4.1-SNAPSHOT/hadoop-ozone-recon-0.4.1-SNAPSHOT.jar:/home/user/.m2/repository/org/apache/hadoop/hadoop-ozone-reconcodegen/0.4.1-SNAPSHOT/hadoop-ozone-reconcodegen-0.4.1-SNAPSHOT.jar:/home/user/.m2/repository/com/google/inject/extensions/guice-multibindings/4.0/guice-multibindings-4.0.jar:/home/user/.m2/repository/com/google/inject/guice/4.0/guice-4.0.jar:/home/user/.m2/repository/aopalliance/aopalliance/1.0/aopalliance-1.0.jar:/home/user/.m2/repository/com/google/inject/extensions/guice-servlet/4.0/guice-servlet-4.0.jar:/home/user/.m2/repository/org/glassfish/jersey/containers/jersey-container-servlet/2.27/jersey-container-servlet-2.27.jar:/home/user/.m2/repository/org/glassfish/hk2/guice-bridge/2.5.0/guice-bridge-2.5.0.jar:/home/user/.m2/repository/org/glassfish/jersey/core/jersey-server/2.27/jersey-server-2.27.jar:/home/user/.m2/repository/org/glassfish/jersey/core/jersey-client/2.27/jersey-client-2.27.jar:/home/user/.m2/repository/org/glassfish/jersey/media/jersey-media-jaxb/2.27/jersey-media-jaxb-2.27.jar:/home/user/.m2/repository/javax/validation/validation-api/1.1.0.Final/validation-api-1.1.0.Final.jar:/home/user/.m2/repository/org/glassfish/jersey/media/jersey-media-json-jackson/2.27/jersey-media-json-jackson-2.27.jar:/home/user/.m2/repository/org/glassfish/jersey/ext/jersey-entity-filtering/2.27/jersey-entity-filtering-2.27.jar:/home/user/.m2/repository/com/google/inject/extensions/guice-assistedinject/4.0/guice-assistedinject-4.0.jar:/home/user/.m2/repository/org/jooq/jooq/3.11.10/jooq-3.11.10.jar:/home/user/.m2/repository/org/jooq/jooq-meta/3.11.10/jooq-meta-3.11.10.jar:/home/user/.m2/repository/org/jooq/jooq-codegen/3.11.10/jooq-codegen-3.11.10.jar:/home/user/.m2/repository/com/jolbox/bonecp/0.8.0.RELEASE/bonecp-0.8.0.RELEASE.jar:/home/user/.m2/repository/org/xerial/sqlite-jdbc/3.25.2/sqlite-jdbc-3.25.2.jar:/home/user/.m2/repository/org/springframework/spring-jdbc/5.1.3.RELEASE/spring-jdbc-5.1.3.RELEASE.jar:/home/user/.m2/repository/org/springframework/spring-beans/5.1.3.RELEASE/spring-beans-5.1.3.RELEASE.jar:/home/user/.m2/repository/org/springframework/spring-core/5.1.3.RELEASE/spring-core-5.1.3.RELEASE.jar:/home/user/.m2/repository/org/springframework/spring-jcl/5.1.3.RELEASE/spring-jcl-5.1.3.RELEASE.jar:/home/user/.m2/repository/org/springframework/spring-tx/5.1.3.RELEASE/spring-tx-5.1.3.RELEASE.jar:/home/user/.m2/repository/org/apache/hadoop/hadoop-ozone-client/0.4.1-SNAPSHOT/hadoop-ozone-client-0.4.1-SNAPSHOT.jar:/home/user/.m2/repository/commons-lang/commons-lang/2.6/commons-lang-2.6.jar:/home/user/.m2/repository/org/apache/hadoop/hadoop-ozone-ozone-manager/0.4.1-SNAPSHOT/hadoop-ozone-ozone-manager-0.4.1-SNAPSHOT-tests.jar:/home/user/.m2/repository/junit/junit/4.11/junit-4.11.jar:/home/user/.m2/repository/org/hamcrest/hamcrest-core/1.3/hamcrest-core-1.3.jar:/home/user/.m2/repository/org/openjdk/jmh/jmh-core/1.19/jmh-core-1.19.jar:/home/user/.m2/repository/net/sf/jopt-simple/jopt-simple/4.6/jopt-simple-4.6.jar:/home/user/.m2/repository/org/apache/commons/commons-math3/3.1.1/commons-math3-3.1.1.jar:/home/user/.m2/repository/org/openjdk/jmh/jmh-generator-annprocess/1.19/jmh-generator-annprocess-1.19.jar:/home/user/.m2/repository/org/mockito/mockito-all/1.8.5/mockito-all-1.8.5.jar:/home/user/.m2/repository/org/apache/hadoop/hadoop-kms/3.2.0/hadoop-kms-3.2.0.jar:/home/user/.m2/repository/org/apache/hadoop/hadoop-auth/3.2.0/hadoop-auth-3.2.0.jar:/home/user/.m2/repository/com/nimbusds/nimbus-jose-jwt/4.41.1/nimbus-jose-jwt-4.41.1.jar:/home/user/.m2/repository/com/github/stephenc/jcip/jcip-annotations/1.0-1/jcip-annotations-1.0-1.jar:/home/user/.m2/repository/net/minidev/json-smart/2.3/json-smart-2.3.jar:/home/user/.m2/repository/net/minidev/accessors-smart/1.2/accessors-smart-1.2.jar:/home/user/.m2/repository/org/ow2/asm/asm/5.0.4/asm-5.0.4.jar:/home/user/.m2/repository/org/apache/curator/curator-framework/2.12.0/curator-framework-2.12.0.jar:/home/user/.m2/repository/com/sun/jersey/jersey-core/1.19/jersey-core-1.19.jar:/home/user/.m2/repository/javax/ws/rs/jsr311-api/1.1.1/jsr311-api-1.1.1.jar:/home/user/.m2/repository/com/sun/jersey/jersey-server/1.19/jersey-server-1.19.jar:/home/user/.m2/repository/javax/servlet/javax.servlet-api/3.1.0/javax.servlet-api-3.1.0.jar:/home/user/.m2/repository/org/eclipse/jetty/jetty-server/9.3.24.v20180605/jetty-server-9.3.24.v20180605.jar:/home/user/.m2/repository/org/eclipse/jetty/jetty-http/9.3.24.v20180605/jetty-http-9.3.24.v20180605.jar:/home/user/.m2/repository/org/eclipse/jetty/jetty-io/9.3.24.v20180605/jetty-io-9.3.24.v20180605.jar:/home/user/.m2/repository/org/eclipse/jetty/jetty-webapp/9.3.24.v20180605/jetty-webapp-9.3.24.v20180605.jar:/home/user/.m2/repository/org/eclipse/jetty/jetty-xml/9.3.24.v20180605/jetty-xml-9.3.24.v20180605.jar:/home/user/.m2/repository/log4j/log4j/1.2.17/log4j-1.2.17.jar:/home/user/.m2/repository/org/slf4j/slf4j-api/1.7.25/slf4j-api-1.7.25.jar:/home/user/.m2/repository/org/slf4j/jul-to-slf4j/1.7.25/jul-to-slf4j-1.7.25.jar:/home/user/.m2/repository/org/eclipse/jetty/jetty-util/9.3.24.v20180605/jetty-util-9.3.24.v20180605.jar:/home/user/.m2/repository/com/fasterxml/jackson/core/jackson-databind/2.9.5/jackson-databind-2.9.5.jar:/home/user/.m2/repository/org/apache/hadoop/hadoop-kms/3.2.0/hadoop-kms-3.2.0-tests.jar:/home/user/.m2/repository/org/apache/hadoop/hadoop-hdds-server-scm/0.4.1-SNAPSHOT/hadoop-hdds-server-scm-0.4.1-SNAPSHOT-tests.jar:/home/user/.m2/repository/org/apache/hadoop/hadoop-hdds-container-service/0.4.1-SNAPSHOT/hadoop-hdds-container-service-0.4.1-SNAPSHOT-tests.jar:/home/user/.m2/repository/org/yaml/snakeyaml/1.16/snakeyaml-1.16.jar:/home/user/.m2/repository/org/apache/hadoop/hadoop-common/3.2.0/hadoop-common-3.2.0-tests.jar:/home/user/.m2/repository/org/apache/hadoop/hadoop-annotations/3.2.0/hadoop-annotations-3.2.0.jar:/usr/lib/jvm/java-1.8-openjdk/jre/../lib/tools.jar:/home/user/.m2/repository/commons-cli/commons-cli/1.2/commons-cli-1.2.jar:/home/user/.m2/repository/org/apache/httpcomponents/httpclient/4.5.2/httpclient-4.5.2.jar:/home/user/.m2/repository/org/apache/httpcomponents/httpcore/4.4.4/httpcore-4.4.4.jar:/home/user/.m2/repository/commons-codec/commons-codec/1.11/commons-codec-1.11.jar:/home/user/.m2/repository/commons-net/commons-net/3.6/commons-net-3.6.jar:/home/user/.m2/repository/commons-collections/commons-collections/3.2.2/commons-collections-3.2.2.jar:/home/user/.m2/repository/org/eclipse/jetty/jetty-servlet/9.3.24.v20180605/jetty-servlet-9.3.24.v20180605.jar:/home/user/.m2/repository/org/eclipse/jetty/jetty-security/9.3.24.v20180605/jetty-security-9.3.24.v20180605.jar:/home/user/.m2/repository/javax/servlet/jsp/jsp-api/2.1/jsp-api-2.1.jar:/home/user/.m2/repository/com/sun/jersey/jersey-servlet/1.19/jersey-servlet-1.19.jar:/home/user/.m2/repository/com/sun/jersey/jersey-json/1.19/jersey-json-1.19.jar:/home/user/.m2/repository/org/codehaus/jettison/jettison/1.1/jettison-1.1.jar:/home/user/.m2/repository/org/codehaus/jackson/jackson-core-asl/1.9.13/jackson-core-asl-1.9.13.jar:/home/user/.m2/repository/org/codehaus/jackson/jackson-mapper-asl/1.9.13/jackson-mapper-asl-1.9.13.jar:/home/user/.m2/repository/org/codehaus/jackson/jackson-jaxrs/1.9.13/jackson-jaxrs-1.9.13.jar:/home/user/.m2/repository/org/codehaus/jackson/jackson-xc/1.9.13/jackson-xc-1.9.13.jar:/home/user/.m2/repository/commons-logging/commons-logging/1.1.3/commons-logging-1.1.3.jar:/home/user/.m2/repository/commons-beanutils/commons-beanutils/1.9.3/commons-beanutils-1.9.3.jar:/home/user/.m2/repository/org/apache/commons/commons-configuration2/2.1.1/commons-configuration2-2.1.1.jar:/home/user/.m2/repository/org/apache/commons/commons-lang3/3.7/commons-lang3-3.7.jar:/home/user/.m2/repository/org/apache/commons/commons-text/1.4/commons-text-1.4.jar:/home/user/.m2/repository/org/apache/avro/avro/1.7.7/avro-1.7.7.jar:/home/user/.m2/repository/com/thoughtworks/paranamer/paranamer/2.3/paranamer-2.3.jar:/home/user/.m2/repository/org/xerial/snappy/snappy-java/1.0.5/snappy-java-1.0.5.jar:/home/user/.m2/repository/com/google/re2j/re2j/1.1/re2j-1.1.jar:/home/user/.m2/repository/com/google/code/gson/gson/2.2.4/gson-2.2.4.jar:/home/user/.m2/repository/com/jcraft/jsch/0.1.54/jsch-0.1.54.jar:/home/user/.m2/repository/org/apache/curator/curator-client/2.12.0/curator-client-2.12.0.jar:/home/user/.m2/repository/org/apache/curator/curator-recipes/2.12.0/curator-recipes-2.12.0.jar:/home/user/.m2/repository/com/google/code/findbugs/jsr305/3.0.0/jsr305-3.0.0.jar:/home/user/.m2/repository/org/apache/htrace/htrace-core4/4.1.0-incubating/htrace-core4-4.1.0-incubating.jar:/home/user/.m2/repository/org/apache/zookeeper/zookeeper/3.4.13/zookeeper-3.4.13.jar:/home/user/.m2/repository/org/apache/yetus/audience-annotations/0.5.0/audience-annotations-0.5.0.jar:/home/user/.m2/repository/org/codehaus/woodstox/stax2-api/3.1.4/stax2-api-3.1.4.jar:/home/user/.m2/repository/com/fasterxml/woodstox/woodstox-core/5.0.3/woodstox-core-5.0.3.jar:/home/user/.m2/repository/dnsjava/dnsjava/2.1.7/dnsjava-2.1.7.jar:/home/user/.m2/repository/org/apache/hadoop/hadoop-hdfs/3.2.0/hadoop-hdfs-3.2.0-tests.jar:/home/user/.m2/repository/org/eclipse/jetty/jetty-util-ajax/9.3.24.v20180605/jetty-util-ajax-9.3.24.v20180605.jar:/home/user/.m2/repository/commons-daemon/commons-daemon/1.0.13/commons-daemon-1.0.13.jar:/home/user/.m2/repository/io/netty/netty/3.10.5.Final/netty-3.10.5.Final.jar:/home/user/.m2/repository/io/netty/netty-all/4.0.52.Final/netty-all-4.0.52.Final.jar:/home/user/.m2/repository/org/fusesource/leveldbjni/leveldbjni-all/1.8/leveldbjni-all-1.8.jar:"/>
    <property name="sun.cpu.endian" value="little"/>
    <property name="user.home" value="/home/user"/>
    <property name="user.language" value="en"/>
    <property name="java.specification.vendor" value="Oracle Corporation"/>
    <property name="java.home" value="/usr/lib/jvm/java-1.8-openjdk/jre"/>
    <property name="java.security.krb5.conf" value="/workdir/hadoop-ozone/integration-test/target/test-classes/krb5.conf"/>
    <property name="basedir" value="/workdir/hadoop-ozone/integration-test"/>
    <property name="file.separator" value="/"/>
    <property name="line.separator" value="&#10;"/>
    <property name="java.vm.specification.vendor" value="Oracle Corporation"/>
    <property name="java.specification.name" value="Java Platform API Specification"/>
    <property name="java.awt.graphicsenv" value="sun.awt.X11GraphicsEnvironment"/>
    <property name="surefire.real.class.path" value="/workdir/hadoop-ozone/integration-test/target/surefire/surefirebooter6319657049553025547.jar"/>
    <property name="hadoop.log.dir" value="/workdir/hadoop-ozone/integration-test/target/log"/>
    <property name="sun.boot.class.path" value="/usr/lib/jvm/java-1.8-openjdk/jre/lib/resources.jar:/usr/lib/jvm/java-1.8-openjdk/jre/lib/rt.jar:/usr/lib/jvm/java-1.8-openjdk/jre/lib/sunrsasign.jar:/usr/lib/jvm/java-1.8-openjdk/jre/lib/jsse.jar:/usr/lib/jvm/java-1.8-openjdk/jre/lib/jce.jar:/usr/lib/jvm/java-1.8-openjdk/jre/lib/charsets.jar:/usr/lib/jvm/java-1.8-openjdk/jre/lib/jfr.jar:/usr/lib/jvm/java-1.8-openjdk/jre/classes"/>
    <property name="sun.management.compiler" value="HotSpot 64-Bit Tiered Compilers"/>
    <property name="java.runtime.version" value="1.8.0_212-b04"/>
    <property name="java.net.preferIPv4Stack" value="true"/>
    <property name="user.name" value="jenkins1000"/>
    <property name="path.separator" value=":"/>
    <property name="java.security.egd" value="file:///dev/urandom"/>
    <property name="os.version" value="3.10.0-957.12.2.el7.x86_64"/>
    <property name="java.endorsed.dirs" value="/usr/lib/jvm/java-1.8-openjdk/jre/lib/endorsed"/>
    <property name="java.runtime.name" value="OpenJDK Runtime Environment"/>
    <property name="file.encoding" value="UTF-8"/>
    <property name="java.vm.name" value="OpenJDK 64-Bit Server VM"/>
    <property name="test.build.webapps" value=""/>
    <property name="localRepository" value="/home/user/.m2/repository"/>
    <property name="java.vendor.url.bug" value="https://icedtea.classpath.org/bugzilla"/>
    <property name="java.io.tmpdir" value="/tmp"/>
    <property name="require.test.libhadoop" value=""/>
    <property name="java.version" value="1.8.0_212"/>
    <property name="user.dir" value="/workdir/hadoop-ozone/integration-test"/>
    <property name="os.arch" value="amd64"/>
    <property name="java.vm.specification.name" value="Java Virtual Machine Specification"/>
    <property name="test.build.classes" value="/workdir/hadoop-ozone/integration-test/target/test-classes"/>
    <property name="java.awt.printerjob" value="sun.print.PSPrinterJob"/>
    <property name="sun.os.patch.level" value="unknown"/>
    <property name="hadoop.tmp.dir" value="/workdir/hadoop-ozone/integration-test/target/tmp"/>
    <property name="java.library.path" value="/usr/lib/jvm/java-1.8-openjdk/jre/lib/amd64/server:/usr/lib/jvm/java-1.8-openjdk/jre/lib/amd64:/usr/lib/jvm/java-1.8-openjdk/jre/../lib/amd64:/workdir/hadoop-ozone/integration-test/target/native/target/usr/local/lib:/workdir/hadoop-ozone/integration-test/../../hadoop-common-project/hadoop-common/target/native/target/usr/local/lib:/usr/java/packages/lib/amd64:/usr/lib64:/lib64:/lib:/usr/lib"/>
    <property name="java.vm.info" value="mixed mode"/>
    <property name="java.vendor" value="IcedTea"/>
    <property name="java.vm.version" value="25.212-b04"/>
    <property name="java.ext.dirs" value="/usr/lib/jvm/java-1.8-openjdk/jre/lib/ext:/usr/java/packages/lib/ext"/>
    <property name="sun.io.unicode.encoding" value="UnicodeLittle"/>
    <property name="java.class.version" value="52.0"/>
  </properties>
  <testcase name="testGroupMismatchExceptionHandling" classname="org.apache.hadoop.ozone.client.rpc.TestOzoneClientRetriesOnException" time="40.27"/>
  <testcase name="testMaxRetriesByOzoneClient" classname="org.apache.hadoop.ozone.client.rpc.TestOzoneClientRetriesOnException" time="38.152">
    <error message="Failed to command cmdType: CreateContainer&#10;containerID: 1&#10;datanodeUuid: &quot;af0afe69-9a87-4d2a-8c9c-ba5c5ced1496&quot;&#10;createContainer {&#10;}&#10;" type="java.io.IOException">java.io.IOException: 
Failed to command cmdType: CreateContainer
containerID: 1
datanodeUuid: "af0afe69-9a87-4d2a-8c9c-ba5c5ced1496"
createContainer {
}

	at org.apache.hadoop.hdds.scm.XceiverClientSpi.sendCommand(XceiverClientSpi.java:113)
	at org.apache.hadoop.ozone.client.rpc.TestOzoneClientRetriesOnException.testMaxRetriesByOzoneClient(TestOzoneClientRetriesOnException.java:190)
	at sun.reflect.NativeMethodAccessorImpl.invoke0(Native Method)
	at sun.reflect.NativeMethodAccessorImpl.invoke(NativeMethodAccessorImpl.java:62)
	at sun.reflect.DelegatingMethodAccessorImpl.invoke(DelegatingMethodAccessorImpl.java:43)
	at java.lang.reflect.Method.invoke(Method.java:498)
	at org.junit.runners.model.FrameworkMethod$1.runReflectiveCall(FrameworkMethod.java:47)
	at org.junit.internal.runners.model.ReflectiveCallable.run(ReflectiveCallable.java:12)
	at org.junit.runners.model.FrameworkMethod.invokeExplosively(FrameworkMethod.java:44)
	at org.junit.internal.runners.statements.InvokeMethod.evaluate(InvokeMethod.java:17)
	at org.junit.internal.runners.statements.RunBefores.evaluate(RunBefores.java:26)
	at org.junit.internal.runners.statements.RunAfters.evaluate(RunAfters.java:27)
	at org.junit.runners.ParentRunner.runLeaf(ParentRunner.java:271)
	at org.junit.runners.BlockJUnit4ClassRunner.runChild(BlockJUnit4ClassRunner.java:70)
	at org.junit.runners.BlockJUnit4ClassRunner.runChild(BlockJUnit4ClassRunner.java:50)
	at org.junit.runners.ParentRunner$3.run(ParentRunner.java:238)
	at org.junit.runners.ParentRunner$1.schedule(ParentRunner.java:63)
	at org.junit.runners.ParentRunner.runChildren(ParentRunner.java:236)
	at org.junit.runners.ParentRunner.access$000(ParentRunner.java:53)
	at org.junit.runners.ParentRunner$2.evaluate(ParentRunner.java:229)
	at org.junit.runners.ParentRunner.run(ParentRunner.java:309)
	at org.apache.maven.surefire.junit4.JUnit4Provider.execute(JUnit4Provider.java:365)
	at org.apache.maven.surefire.junit4.JUnit4Provider.executeWithRerun(JUnit4Provider.java:273)
	at org.apache.maven.surefire.junit4.JUnit4Provider.executeTestSet(JUnit4Provider.java:238)
	at org.apache.maven.surefire.junit4.JUnit4Provider.invoke(JUnit4Provider.java:159)
	at org.apache.maven.surefire.booter.ForkedBooter.invokeProviderInSameClassLoader(ForkedBooter.java:384)
	at org.apache.maven.surefire.booter.ForkedBooter.runSuitesInProcess(ForkedBooter.java:345)
	at org.apache.maven.surefire.booter.ForkedBooter.execute(ForkedBooter.java:126)
	at org.apache.maven.surefire.booter.ForkedBooter.main(ForkedBooter.java:418)
Caused by: java.util.concurrent.ExecutionException: org.apache.ratis.protocol.StateMachineException: java.util.concurrent.CompletionException: java.lang.IllegalArgumentException
	at java.util.concurrent.CompletableFuture.reportGet(CompletableFuture.java:357)
	at java.util.concurrent.CompletableFuture.get(CompletableFuture.java:1895)
	at org.apache.hadoop.hdds.scm.XceiverClientSpi.sendCommand(XceiverClientSpi.java:110)
	... 28 more
Caused by: org.apache.ratis.protocol.StateMachineException: java.util.concurrent.CompletionException: java.lang.IllegalArgumentException
	at java.util.concurrent.CompletableFuture.encodeThrowable(CompletableFuture.java:273)
	at java.util.concurrent.CompletableFuture.completeThrowable(CompletableFuture.java:280)
	at java.util.concurrent.CompletableFuture$AsyncSupply.run(CompletableFuture.java:1592)
	at java.util.concurrent.ThreadPoolExecutor.runWorker(ThreadPoolExecutor.java:1149)
	at java.util.concurrent.ThreadPoolExecutor$Worker.run(ThreadPoolExecutor.java:624)
	at java.lang.Thread.run(Thread.java:748)
</error>
    <system-out><![CDATA[2019-08-16 03:46:49,717 WARN  server.ServerUtils (ServerUtils.java:getScmDbDir(145)) - ozone.scm.db.dirs is not configured. We recommend adding this setting. Falling back to ozone.metadata.dirs instead.
2019-08-16 03:46:49,743 WARN  server.ServerUtils (ServerUtils.java:getScmDbDir(145)) - ozone.scm.db.dirs is not configured. We recommend adding this setting. Falling back to ozone.metadata.dirs instead.
2019-08-16 03:46:49,743 WARN  server.ServerUtils (ServerUtils.java:getScmDbDir(145)) - ozone.scm.db.dirs is not configured. We recommend adding this setting. Falling back to ozone.metadata.dirs instead.
2019-08-16 03:46:49,744 INFO  db.DBStoreBuilder (DBStoreBuilder.java:addTable(110)) - using custom profile for table: deletedBlocks
2019-08-16 03:46:49,744 INFO  db.DBStoreBuilder (DBStoreBuilder.java:processTables(161)) - Using default column profile:DBProfile.DISK for Table:deletedBlocks
2019-08-16 03:46:49,744 INFO  db.DBStoreBuilder (DBStoreBuilder.java:addTable(110)) - using custom profile for table: validCerts
2019-08-16 03:46:49,745 INFO  db.DBStoreBuilder (DBStoreBuilder.java:processTables(161)) - Using default column profile:DBProfile.DISK for Table:validCerts
2019-08-16 03:46:49,745 INFO  db.DBStoreBuilder (DBStoreBuilder.java:addTable(110)) - using custom profile for table: revokedCerts
2019-08-16 03:46:49,745 INFO  db.DBStoreBuilder (DBStoreBuilder.java:processTables(161)) - Using default column profile:DBProfile.DISK for Table:revokedCerts
2019-08-16 03:46:49,745 INFO  db.DBStoreBuilder (DBStoreBuilder.java:addTable(110)) - using custom profile for table: default
2019-08-16 03:46:49,746 INFO  db.DBStoreBuilder (DBStoreBuilder.java:processTables(167)) - Using default column profile:DBProfile.DISK for Table:default
2019-08-16 03:46:49,746 INFO  db.DBStoreBuilder (DBStoreBuilder.java:getDbProfile(198)) - Using default options. DBProfile.DISK
2019-08-16 03:46:49,994 INFO  net.NodeSchemaLoader (NodeSchemaLoader.java:loadSchemaFromFile(125)) - Loading file from sun.misc.CompoundEnumeration@66298fe9
2019-08-16 03:46:49,995 INFO  net.NodeSchemaLoader (NodeSchemaLoader.java:loadSchema(171)) - Loading network topology layer schema file
2019-08-16 03:46:50,001 WARN  server.ServerUtils (ServerUtils.java:sanitizeUserArgs(70)) - ozone.scm.stale.node.interval value = 300000 is larger than max = 100000 based on the key value of ozone.scm.heartbeat.thread.interval, reset to the max value 100000.
2019-08-16 03:46:50,001 WARN  server.ServerUtils (ServerUtils.java:sanitizeUserArgs(70)) - ozone.scm.stale.node.interval value = 300000 is larger than max = 100000 based on the key value of ozone.scm.heartbeat.thread.interval, reset to the max value 100000.
2019-08-16 03:46:50,002 INFO  node.SCMNodeManager (SCMNodeManager.java:<init>(121)) - Entering startup safe mode.
2019-08-16 03:46:50,003 WARN  server.ServerUtils (ServerUtils.java:getScmDbDir(145)) - ozone.scm.db.dirs is not configured. We recommend adding this setting. Falling back to ozone.metadata.dirs instead.
2019-08-16 03:46:50,034 INFO  pipeline.SCMPipelineManager (SCMPipelineManager.java:initializePipelineState(126)) - No pipeline exists in current db
2019-08-16 03:46:50,035 WARN  server.ServerUtils (ServerUtils.java:getScmDbDir(145)) - ozone.scm.db.dirs is not configured. We recommend adding this setting. Falling back to ozone.metadata.dirs instead.
2019-08-16 03:46:50,096 WARN  events.EventQueue (EventQueue.java:fireEvent(175)) - No event handler registered for event TypedEvent{payloadType=SafeModeStatus, name='SafeModeStatus'}
2019-08-16 03:46:50,098 INFO  ipc.CallQueueManager (CallQueueManager.java:<init>(84)) - Using callQueue: class java.util.concurrent.LinkedBlockingQueue, queueCapacity: 2000, scheduler: class org.apache.hadoop.ipc.DefaultRpcScheduler, ipcBackoff: false.
2019-08-16 03:46:50,099 INFO  ipc.Server (Server.java:run(1074)) - Starting Socket Reader #1 for port 41481
2019-08-16 03:46:50,102 INFO  ipc.CallQueueManager (CallQueueManager.java:<init>(84)) - Using callQueue: class java.util.concurrent.LinkedBlockingQueue, queueCapacity: 2000, scheduler: class org.apache.hadoop.ipc.DefaultRpcScheduler, ipcBackoff: false.
2019-08-16 03:46:50,104 INFO  ipc.Server (Server.java:run(1074)) - Starting Socket Reader #1 for port 43793
2019-08-16 03:46:50,106 INFO  ipc.CallQueueManager (CallQueueManager.java:<init>(84)) - Using callQueue: class java.util.concurrent.LinkedBlockingQueue, queueCapacity: 2000, scheduler: class org.apache.hadoop.ipc.DefaultRpcScheduler, ipcBackoff: false.
2019-08-16 03:46:50,107 INFO  ipc.Server (Server.java:run(1074)) - Starting Socket Reader #1 for port 44161
2019-08-16 03:46:50,111 INFO  hdfs.DFSUtil (DFSUtil.java:httpServerTemplateForNNAndJN(1641)) - Starting Web-server for scm at: http://0.0.0.0:0
2019-08-16 03:46:50,115 INFO  server.AuthenticationFilter (AuthenticationFilter.java:constructSecretProvider(240)) - Unable to initialize FileSignerSecretProvider, falling back to use random secrets.
2019-08-16 03:46:50,116 WARN  http.HttpRequestLog (HttpRequestLog.java:getRequestLog(97)) - Jetty request log can only be enabled using Log4j
2019-08-16 03:46:50,119 INFO  http.HttpServer2 (HttpServer2.java:addGlobalFilter(975)) - Added global filter 'safety' (class=org.apache.hadoop.http.HttpServer2$QuotingInputFilter)
2019-08-16 03:46:50,120 INFO  http.HttpServer2 (HttpServer2.java:addFilter(948)) - Added filter static_user_filter (class=org.apache.hadoop.http.lib.StaticUserWebFilter$StaticUserFilter) to context scm
2019-08-16 03:46:50,120 INFO  http.HttpServer2 (HttpServer2.java:addFilter(958)) - Added filter static_user_filter (class=org.apache.hadoop.http.lib.StaticUserWebFilter$StaticUserFilter) to context logs
2019-08-16 03:46:50,121 INFO  http.HttpServer2 (HttpServer2.java:addFilter(958)) - Added filter static_user_filter (class=org.apache.hadoop.http.lib.StaticUserWebFilter$StaticUserFilter) to context static
2019-08-16 03:46:50,125 INFO  server.StorageContainerManager (StorageContainerManager.java:start(759)) - StorageContainerLocationProtocol RPC server is listening at /0.0.0.0:44161
2019-08-16 03:46:50,128 WARN  impl.MetricsConfig (MetricsConfig.java:loadFirst(134)) - Cannot locate configuration: tried hadoop-metrics2-storagecontainermanager.properties,hadoop-metrics2.properties
2019-08-16 03:46:50,129 INFO  impl.MetricsSystemImpl (MetricsSystemImpl.java:startTimer(374)) - Scheduled Metric snapshot period at 10 second(s).
2019-08-16 03:46:50,129 INFO  impl.MetricsSystemImpl (MetricsSystemImpl.java:start(191)) - StorageContainerManager metrics system started
2019-08-16 03:46:50,189 INFO  server.SCMClientProtocolServer (SCMClientProtocolServer.java:start(151)) - RPC server for Client  is listening at /0.0.0.0:44161
2019-08-16 03:46:50,190 INFO  ipc.Server (Server.java:run(1314)) - IPC Server Responder: starting
2019-08-16 03:46:50,190 INFO  ipc.Server (Server.java:run(1153)) - IPC Server listener on 44161: starting
2019-08-16 03:46:50,194 INFO  server.StorageContainerManager (StorageContainerManager.java:start(769)) - ScmBlockLocationProtocol RPC server is listening at /0.0.0.0:43793
2019-08-16 03:46:50,194 INFO  server.SCMBlockProtocolServer (SCMBlockProtocolServer.java:start(140)) - RPC server for Block Protocol is listening at /0.0.0.0:43793
2019-08-16 03:46:50,195 INFO  ipc.Server (Server.java:run(1314)) - IPC Server Responder: starting
2019-08-16 03:46:50,195 INFO  ipc.Server (Server.java:run(1153)) - IPC Server listener on 43793: starting
2019-08-16 03:46:50,199 INFO  server.StorageContainerManager (StorageContainerManager.java:start(773)) - ScmDatanodeProtocl RPC server is listening at /0.0.0.0:41481
2019-08-16 03:46:50,199 INFO  server.SCMDatanodeProtocolServer (SCMDatanodeProtocolServer.java:start(191)) - RPC server for DataNodes is listening at /0.0.0.0:41481
2019-08-16 03:46:50,200 INFO  ipc.Server (Server.java:run(1314)) - IPC Server Responder: starting
2019-08-16 03:46:50,200 INFO  ipc.Server (Server.java:run(1153)) - IPC Server listener on 41481: starting
2019-08-16 03:46:50,204 INFO  http.HttpServer2 (HttpServer2.java:bindListener(1191)) - Jetty bound to port 39910
2019-08-16 03:46:50,204 INFO  server.Server (Server.java:doStart(351)) - jetty-9.3.24.v20180605, build timestamp: 2018-06-05T17:11:56Z, git hash: 84205aa28f11a4f31f2a3b86d1bba2cc8ab69827
2019-08-16 03:46:50,207 INFO  handler.ContextHandler (ContextHandler.java:doStart(781)) - Started o.e.j.s.ServletContextHandler@1930a804{/logs,file:///workdir/hadoop-ozone/integration-test/target/log,AVAILABLE}
2019-08-16 03:46:50,207 INFO  handler.ContextHandler (ContextHandler.java:doStart(781)) - Started o.e.j.s.ServletContextHandler@7f93f4c{/static,file:///workdir/hadoop-ozone/integration-test/target/test-classes/webapps/static,AVAILABLE}
2019-08-16 03:46:50,213 INFO  handler.ContextHandler (ContextHandler.java:doStart(781)) - Started o.e.j.w.WebAppContext@67afe909{/,file:///workdir/hadoop-ozone/integration-test/target/test-classes/webapps/scm/,AVAILABLE}{/scm}
2019-08-16 03:46:50,214 INFO  server.AbstractConnector (AbstractConnector.java:doStart(278)) - Started ServerConnector@79f1e22e{HTTP/1.1,[http/1.1]}{0.0.0.0:39910}
2019-08-16 03:46:50,215 INFO  server.Server (Server.java:doStart(419)) - Started @41378ms
2019-08-16 03:46:50,216 INFO  server.BaseHttpServer (BaseHttpServer.java:updateConnectorAddress(207)) - HTTP server of SCM is listening at http://0.0.0.0:39910
2019-08-16 03:46:50,216 WARN  server.ServerUtils (ServerUtils.java:getDBPath(222)) - ozone.om.db.dirs is not configured. We recommend adding this setting. Falling back to ozone.metadata.dirs instead.
2019-08-16 03:46:50,217 INFO  util.JvmPauseMonitor (JvmPauseMonitor.java:run(188)) - Starting JVM pause monitor
2019-08-16 03:46:50,232 WARN  server.ServerUtils (ServerUtils.java:getDBPath(222)) - ozone.om.db.dirs is not configured. We recommend adding this setting. Falling back to ozone.metadata.dirs instead.
2019-08-16 03:46:50,232 WARN  server.ServerUtils (ServerUtils.java:getDBPath(222)) - ozone.om.db.dirs is not configured. We recommend adding this setting. Falling back to ozone.metadata.dirs instead.
2019-08-16 03:46:50,233 INFO  om.OzoneManager (OzoneManager.java:setOMNodeDetails(644)) - OM Service ID is not set. Setting it to the default ID: omServiceIdDefault
2019-08-16 03:46:50,233 INFO  om.OzoneManager (OzoneManager.java:setOMNodeDetails(650)) - OM Node ID is not set. Setting it to the OmStorage's OmID: be0f4a64-e569-4f1d-90ff-d464683bc552
2019-08-16 03:46:50,233 INFO  om.OzoneManager (OzoneManager.java:loadOMHAConfigs(601)) - Found matching OM address with OMServiceId: null, OMNodeId: null, RPC Address: localhost:0 and Ratis port: 9872
2019-08-16 03:46:50,242 WARN  server.ServerUtils (ServerUtils.java:getDBPath(222)) - ozone.om.db.dirs is not configured. We recommend adding this setting. Falling back to ozone.metadata.dirs instead.
2019-08-16 03:46:50,242 INFO  db.DBStoreBuilder (DBStoreBuilder.java:addTable(110)) - using custom profile for table: userTable
2019-08-16 03:46:50,243 INFO  db.DBStoreBuilder (DBStoreBuilder.java:processTables(161)) - Using default column profile:DBProfile.DISK for Table:userTable
2019-08-16 03:46:50,243 INFO  db.DBStoreBuilder (DBStoreBuilder.java:addTable(110)) - using custom profile for table: volumeTable
2019-08-16 03:46:50,243 INFO  db.DBStoreBuilder (DBStoreBuilder.java:processTables(161)) - Using default column profile:DBProfile.DISK for Table:volumeTable
2019-08-16 03:46:50,243 INFO  db.DBStoreBuilder (DBStoreBuilder.java:addTable(110)) - using custom profile for table: bucketTable
2019-08-16 03:46:50,244 INFO  db.DBStoreBuilder (DBStoreBuilder.java:processTables(161)) - Using default column profile:DBProfile.DISK for Table:bucketTable
2019-08-16 03:46:50,244 INFO  db.DBStoreBuilder (DBStoreBuilder.java:addTable(110)) - using custom profile for table: keyTable
2019-08-16 03:46:50,244 INFO  db.DBStoreBuilder (DBStoreBuilder.java:processTables(161)) - Using default column profile:DBProfile.DISK for Table:keyTable
2019-08-16 03:46:50,244 INFO  db.DBStoreBuilder (DBStoreBuilder.java:addTable(110)) - using custom profile for table: deletedTable
2019-08-16 03:46:50,245 INFO  db.DBStoreBuilder (DBStoreBuilder.java:processTables(161)) - Using default column profile:DBProfile.DISK for Table:deletedTable
2019-08-16 03:46:50,245 INFO  db.DBStoreBuilder (DBStoreBuilder.java:addTable(110)) - using custom profile for table: openKeyTable
2019-08-16 03:46:50,245 INFO  db.DBStoreBuilder (DBStoreBuilder.java:processTables(161)) - Using default column profile:DBProfile.DISK for Table:openKeyTable
2019-08-16 03:46:50,246 INFO  db.DBStoreBuilder (DBStoreBuilder.java:addTable(110)) - using custom profile for table: s3Table
2019-08-16 03:46:50,246 INFO  db.DBStoreBuilder (DBStoreBuilder.java:processTables(161)) - Using default column profile:DBProfile.DISK for Table:s3Table
2019-08-16 03:46:50,246 INFO  db.DBStoreBuilder (DBStoreBuilder.java:addTable(110)) - using custom profile for table: multipartInfoTable
2019-08-16 03:46:50,246 INFO  db.DBStoreBuilder (DBStoreBuilder.java:processTables(161)) - Using default column profile:DBProfile.DISK for Table:multipartInfoTable
2019-08-16 03:46:50,247 INFO  db.DBStoreBuilder (DBStoreBuilder.java:addTable(110)) - using custom profile for table: dTokenTable
2019-08-16 03:46:50,247 INFO  db.DBStoreBuilder (DBStoreBuilder.java:processTables(161)) - Using default column profile:DBProfile.DISK for Table:dTokenTable
2019-08-16 03:46:50,247 INFO  db.DBStoreBuilder (DBStoreBuilder.java:addTable(110)) - using custom profile for table: s3SecretTable
2019-08-16 03:46:50,247 INFO  db.DBStoreBuilder (DBStoreBuilder.java:processTables(161)) - Using default column profile:DBProfile.DISK for Table:s3SecretTable
2019-08-16 03:46:50,248 INFO  db.DBStoreBuilder (DBStoreBuilder.java:addTable(110)) - using custom profile for table: prefixTable
2019-08-16 03:46:50,248 INFO  db.DBStoreBuilder (DBStoreBuilder.java:processTables(161)) - Using default column profile:DBProfile.DISK for Table:prefixTable
2019-08-16 03:46:50,248 INFO  db.DBStoreBuilder (DBStoreBuilder.java:addTable(110)) - using custom profile for table: default
2019-08-16 03:46:50,248 INFO  db.DBStoreBuilder (DBStoreBuilder.java:processTables(167)) - Using default column profile:DBProfile.DISK for Table:default
2019-08-16 03:46:50,249 INFO  db.DBStoreBuilder (DBStoreBuilder.java:getDbProfile(198)) - Using default options. DBProfile.DISK
2019-08-16 03:46:50,778 INFO  ipc.CallQueueManager (CallQueueManager.java:<init>(84)) - Using callQueue: class java.util.concurrent.LinkedBlockingQueue, queueCapacity: 2000, scheduler: class org.apache.hadoop.ipc.DefaultRpcScheduler, ipcBackoff: false.
2019-08-16 03:46:50,780 INFO  ipc.Server (Server.java:run(1074)) - Starting Socket Reader #1 for port 40861
2019-08-16 03:46:50,803 INFO  om.OzoneManager (OzoneManager.java:start(1255)) - OzoneManager RPC server is listening at localhost/127.0.0.1:40861
2019-08-16 03:46:50,803 INFO  impl.MetricsSystemImpl (MetricsSystemImpl.java:init(158)) - OzoneManager metrics system started (again)
2019-08-16 03:46:50,804 INFO  ipc.Server (Server.java:run(1314)) - IPC Server Responder: starting
2019-08-16 03:46:50,804 INFO  ipc.Server (Server.java:run(1153)) - IPC Server listener on 40861: starting
2019-08-16 03:46:50,812 INFO  hdfs.DFSUtil (DFSUtil.java:httpServerTemplateForNNAndJN(1641)) - Starting Web-server for ozoneManager at: http://0.0.0.0:0
2019-08-16 03:46:50,814 INFO  server.AuthenticationFilter (AuthenticationFilter.java:constructSecretProvider(240)) - Unable to initialize FileSignerSecretProvider, falling back to use random secrets.
2019-08-16 03:46:50,815 WARN  http.HttpRequestLog (HttpRequestLog.java:getRequestLog(97)) - Jetty request log can only be enabled using Log4j
2019-08-16 03:46:50,817 INFO  http.HttpServer2 (HttpServer2.java:addGlobalFilter(975)) - Added global filter 'safety' (class=org.apache.hadoop.http.HttpServer2$QuotingInputFilter)
2019-08-16 03:46:50,818 INFO  http.HttpServer2 (HttpServer2.java:addFilter(948)) - Added filter static_user_filter (class=org.apache.hadoop.http.lib.StaticUserWebFilter$StaticUserFilter) to context ozoneManager
2019-08-16 03:46:50,818 INFO  http.HttpServer2 (HttpServer2.java:addFilter(958)) - Added filter static_user_filter (class=org.apache.hadoop.http.lib.StaticUserWebFilter$StaticUserFilter) to context static
2019-08-16 03:46:50,818 INFO  http.HttpServer2 (HttpServer2.java:addFilter(958)) - Added filter static_user_filter (class=org.apache.hadoop.http.lib.StaticUserWebFilter$StaticUserFilter) to context logs
2019-08-16 03:46:50,820 INFO  http.HttpServer2 (HttpServer2.java:bindListener(1191)) - Jetty bound to port 37205
2019-08-16 03:46:50,820 INFO  server.Server (Server.java:doStart(351)) - jetty-9.3.24.v20180605, build timestamp: 2018-06-05T17:11:56Z, git hash: 84205aa28f11a4f31f2a3b86d1bba2cc8ab69827
2019-08-16 03:46:50,822 INFO  handler.ContextHandler (ContextHandler.java:doStart(781)) - Started o.e.j.s.ServletContextHandler@15ac02d5{/logs,file:///workdir/hadoop-ozone/integration-test/target/log,AVAILABLE}
2019-08-16 03:46:50,823 INFO  handler.ContextHandler (ContextHandler.java:doStart(781)) - Started o.e.j.s.ServletContextHandler@34f23816{/static,file:///workdir/hadoop-ozone/integration-test/target/test-classes/webapps/static,AVAILABLE}
2019-08-16 03:46:50,829 INFO  handler.ContextHandler (ContextHandler.java:doStart(781)) - Started o.e.j.w.WebAppContext@2d24cdd9{/,file:///workdir/hadoop-ozone/integration-test/target/test-classes/webapps/ozoneManager/,AVAILABLE}{/ozoneManager}
2019-08-16 03:46:50,829 INFO  server.AbstractConnector (AbstractConnector.java:doStart(278)) - Started ServerConnector@30dd00b6{HTTP/1.1,[http/1.1]}{0.0.0.0:37205}
2019-08-16 03:46:50,830 INFO  server.Server (Server.java:doStart(419)) - Started @41994ms
2019-08-16 03:46:50,831 INFO  server.BaseHttpServer (BaseHttpServer.java:updateConnectorAddress(207)) - HTTP server of OZONEMANAGER is listening at http://0.0.0.0:37205
2019-08-16 03:46:50,850 INFO  impl.MetricsSystemImpl (MetricsSystemImpl.java:init(158)) - HddsDatanode metrics system started (again)
2019-08-16 03:46:50,852 INFO  ozone.HddsDatanodeService (HddsDatanodeService.java:start(184)) - HddsDatanodeService host:byscane-nightly-5jrvm-589107607 ip:192.168.5.170
2019-08-16 03:46:50,860 INFO  volume.HddsVolume (HddsVolume.java:<init>(176)) - Creating Volume: /workdir/hadoop-ozone/integration-test/target/test-dir/MiniOzoneClusterImpl-13174f42-ef49-4866-b213-01bb0baa1417/datanode-0/data/containers/hdds of  storage type : DISK and capacity : 1482555576320
2019-08-16 03:46:50,860 INFO  volume.VolumeSet (VolumeSet.java:initializeVolumeSet(170)) - Added Volume : /workdir/hadoop-ozone/integration-test/target/test-dir/MiniOzoneClusterImpl-13174f42-ef49-4866-b213-01bb0baa1417/datanode-0/data/containers/hdds to VolumeSet
2019-08-16 03:46:50,860 INFO  volume.ThrottledAsyncChecker (ThrottledAsyncChecker.java:schedule(140)) - Scheduling a check for org.apache.hadoop.ozone.container.common.volume.HddsVolume@7e31062c
2019-08-16 03:46:50,861 INFO  volume.HddsVolumeChecker (HddsVolumeChecker.java:checkAllVolumes(203)) - Scheduled health check for volume org.apache.hadoop.ozone.container.common.volume.HddsVolume@7e31062c
2019-08-16 03:46:50,877 INFO  impl.RaftServerProxy (ConfUtils.java:logGet(43)) - raft.rpc.type = GRPC (default)
2019-08-16 03:46:50,877 INFO  grpc.GrpcFactory (GrpcFactory.java:checkPooledByteBufAllocatorUseCacheForAllThreads(45)) - PERFORMANCE WARNING: useCacheForAllThreads is true that may cause Netty to create a lot garbage objects and, as a result, trigger GC.
	It is recommended to disable useCacheForAllThreads by setting -Dorg.apache.ratis.thirdparty.io.netty.allocator.useCacheForAllThreads=false in command line.
2019-08-16 03:46:50,878 INFO  grpc.GrpcConfigKeys$Server (ConfUtils.java:logGet(43)) - raft.grpc.server.port = 0 (default)
2019-08-16 03:46:50,878 INFO  server.GrpcService (ConfUtils.java:logGet(43)) - raft.grpc.message.size.max = 33570816 (custom)
2019-08-16 03:46:50,878 INFO  server.RaftServerConfigKeys (ConfUtils.java:logGet(43)) - raft.server.log.appender.buffer.byte-limit = 33554432 (custom)
2019-08-16 03:46:50,878 INFO  server.GrpcService (ConfUtils.java:logGet(43)) - raft.grpc.flow.control.window = 1MB (=1048576) (default)
2019-08-16 03:46:50,879 INFO  server.RaftServerConfigKeys (ConfUtils.java:logGet(43)) - raft.server.rpc.request.timeout = 3000ms (default)
2019-08-16 03:46:50,879 INFO  server.RaftServerConfigKeys (ConfUtils.java:logGet(43)) - raft.server.storage.dir = [/workdir/hadoop-ozone/integration-test/target/test-dir/MiniOzoneClusterImpl-13174f42-ef49-4866-b213-01bb0baa1417/datanode-0/data/ratis] (custom)
2019-08-16 03:46:50,880 INFO  replication.SimpleContainerDownloader (SimpleContainerDownloader.java:<init>(72)) - Starting container downloader service to copy containers to replicate.
2019-08-16 03:46:50,881 INFO  hdfs.DFSUtil (DFSUtil.java:httpServerTemplateForNNAndJN(1641)) - Starting Web-server for hddsDatanode at: http://0.0.0.0:0
2019-08-16 03:46:50,882 INFO  server.AuthenticationFilter (AuthenticationFilter.java:constructSecretProvider(240)) - Unable to initialize FileSignerSecretProvider, falling back to use random secrets.
2019-08-16 03:46:50,883 WARN  http.HttpRequestLog (HttpRequestLog.java:getRequestLog(97)) - Jetty request log can only be enabled using Log4j
2019-08-16 03:46:50,884 INFO  http.HttpServer2 (HttpServer2.java:addGlobalFilter(975)) - Added global filter 'safety' (class=org.apache.hadoop.http.HttpServer2$QuotingInputFilter)
2019-08-16 03:46:50,885 INFO  http.HttpServer2 (HttpServer2.java:addFilter(948)) - Added filter static_user_filter (class=org.apache.hadoop.http.lib.StaticUserWebFilter$StaticUserFilter) to context hddsDatanode
2019-08-16 03:46:50,885 INFO  http.HttpServer2 (HttpServer2.java:addFilter(958)) - Added filter static_user_filter (class=org.apache.hadoop.http.lib.StaticUserWebFilter$StaticUserFilter) to context logs
2019-08-16 03:46:50,885 INFO  http.HttpServer2 (HttpServer2.java:addFilter(958)) - Added filter static_user_filter (class=org.apache.hadoop.http.lib.StaticUserWebFilter$StaticUserFilter) to context static
2019-08-16 03:46:50,886 INFO  http.HttpServer2 (HttpServer2.java:bindListener(1191)) - Jetty bound to port 36142
2019-08-16 03:46:50,886 INFO  server.Server (Server.java:doStart(351)) - jetty-9.3.24.v20180605, build timestamp: 2018-06-05T17:11:56Z, git hash: 84205aa28f11a4f31f2a3b86d1bba2cc8ab69827
2019-08-16 03:46:50,888 INFO  handler.ContextHandler (ContextHandler.java:doStart(781)) - Started o.e.j.s.ServletContextHandler@34ab26a{/logs,file:///workdir/hadoop-ozone/integration-test/target/log,AVAILABLE}
2019-08-16 03:46:50,888 INFO  handler.ContextHandler (ContextHandler.java:doStart(781)) - Started o.e.j.s.ServletContextHandler@12209826{/static,jar:file:/home/user/.m2/repository/org/apache/hadoop/hadoop-hdds-container-service/0.4.1-SNAPSHOT/hadoop-hdds-container-service-0.4.1-SNAPSHOT.jar!/webapps/static,AVAILABLE}
2019-08-16 03:46:50,918 INFO  handler.ContextHandler (ContextHandler.java:doStart(781)) - Started o.e.j.w.WebAppContext@1a10c47e{/,file:///tmp/jetty-0.0.0.0-36142-hddsDatanode-_-any-6597642426157692801.dir/webapp/,AVAILABLE}{/hddsDatanode}
2019-08-16 03:46:50,918 INFO  server.AbstractConnector (AbstractConnector.java:doStart(278)) - Started ServerConnector@d49e8c6{HTTP/1.1,[http/1.1]}{0.0.0.0:36142}
2019-08-16 03:46:50,920 INFO  server.Server (Server.java:doStart(419)) - Started @42083ms
2019-08-16 03:46:50,920 INFO  server.BaseHttpServer (BaseHttpServer.java:updateConnectorAddress(207)) - HTTP server of HDDSDATANODE is listening at http://0.0.0.0:36142
2019-08-16 03:46:51,049 INFO  ozone.HddsDatanodeService (HddsDatanodeService.java:startPlugins(395)) - Started plug-in org.apache.hadoop.ozone.web.OzoneHddsDatanodeService@4bdb04c8
2019-08-16 03:46:51,050 INFO  impl.MetricsSystemImpl (MetricsSystemImpl.java:init(158)) - HddsDatanode metrics system started (again)
2019-08-16 03:46:51,054 INFO  util.JvmPauseMonitor (JvmPauseMonitor.java:run(188)) - Starting JVM pause monitor
2019-08-16 03:46:51,055 INFO  ozone.HddsDatanodeService (HddsDatanodeService.java:start(184)) - HddsDatanodeService host:byscane-nightly-5jrvm-589107607 ip:192.168.5.170
2019-08-16 03:46:51,055 INFO  datanode.InitDatanodeState (InitDatanodeState.java:persistContainerDatanodeDetails(140)) - DatanodeDetails is persisted to /workdir/hadoop-ozone/integration-test/target/test-dir/MiniOzoneClusterImpl-13174f42-ef49-4866-b213-01bb0baa1417/datanode-0/meta/datanode.id
2019-08-16 03:46:51,062 INFO  volume.HddsVolume (HddsVolume.java:<init>(176)) - Creating Volume: /workdir/hadoop-ozone/integration-test/target/test-dir/MiniOzoneClusterImpl-13174f42-ef49-4866-b213-01bb0baa1417/datanode-1/data/containers/hdds of  storage type : DISK and capacity : 1482555576320
2019-08-16 03:46:51,063 INFO  volume.VolumeSet (VolumeSet.java:initializeVolumeSet(170)) - Added Volume : /workdir/hadoop-ozone/integration-test/target/test-dir/MiniOzoneClusterImpl-13174f42-ef49-4866-b213-01bb0baa1417/datanode-1/data/containers/hdds to VolumeSet
2019-08-16 03:46:51,063 INFO  volume.ThrottledAsyncChecker (ThrottledAsyncChecker.java:schedule(140)) - Scheduling a check for org.apache.hadoop.ozone.container.common.volume.HddsVolume@1f71e024
2019-08-16 03:46:51,064 INFO  volume.HddsVolumeChecker (HddsVolumeChecker.java:checkAllVolumes(203)) - Scheduled health check for volume org.apache.hadoop.ozone.container.common.volume.HddsVolume@1f71e024
2019-08-16 03:46:51,084 INFO  impl.RaftServerProxy (ConfUtils.java:logGet(43)) - raft.rpc.type = GRPC (default)
2019-08-16 03:46:51,085 INFO  grpc.GrpcFactory (GrpcFactory.java:checkPooledByteBufAllocatorUseCacheForAllThreads(45)) - PERFORMANCE WARNING: useCacheForAllThreads is true that may cause Netty to create a lot garbage objects and, as a result, trigger GC.
	It is recommended to disable useCacheForAllThreads by setting -Dorg.apache.ratis.thirdparty.io.netty.allocator.useCacheForAllThreads=false in command line.
2019-08-16 03:46:51,085 INFO  grpc.GrpcConfigKeys$Server (ConfUtils.java:logGet(43)) - raft.grpc.server.port = 0 (default)
2019-08-16 03:46:51,085 INFO  server.GrpcService (ConfUtils.java:logGet(43)) - raft.grpc.message.size.max = 33570816 (custom)
2019-08-16 03:46:51,086 INFO  server.RaftServerConfigKeys (ConfUtils.java:logGet(43)) - raft.server.log.appender.buffer.byte-limit = 33554432 (custom)
2019-08-16 03:46:51,086 INFO  server.GrpcService (ConfUtils.java:logGet(43)) - raft.grpc.flow.control.window = 1MB (=1048576) (default)
2019-08-16 03:46:51,086 INFO  server.RaftServerConfigKeys (ConfUtils.java:logGet(43)) - raft.server.rpc.request.timeout = 3000ms (default)
2019-08-16 03:46:51,087 INFO  server.RaftServerConfigKeys (ConfUtils.java:logGet(43)) - raft.server.storage.dir = [/workdir/hadoop-ozone/integration-test/target/test-dir/MiniOzoneClusterImpl-13174f42-ef49-4866-b213-01bb0baa1417/datanode-1/data/ratis] (custom)
2019-08-16 03:46:51,087 INFO  replication.SimpleContainerDownloader (SimpleContainerDownloader.java:<init>(72)) - Starting container downloader service to copy containers to replicate.
2019-08-16 03:46:51,089 INFO  hdfs.DFSUtil (DFSUtil.java:httpServerTemplateForNNAndJN(1641)) - Starting Web-server for hddsDatanode at: http://0.0.0.0:0
2019-08-16 03:46:51,090 INFO  server.AuthenticationFilter (AuthenticationFilter.java:constructSecretProvider(240)) - Unable to initialize FileSignerSecretProvider, falling back to use random secrets.
2019-08-16 03:46:51,091 WARN  http.HttpRequestLog (HttpRequestLog.java:getRequestLog(97)) - Jetty request log can only be enabled using Log4j
2019-08-16 03:46:51,092 INFO  http.HttpServer2 (HttpServer2.java:addGlobalFilter(975)) - Added global filter 'safety' (class=org.apache.hadoop.http.HttpServer2$QuotingInputFilter)
2019-08-16 03:46:51,093 INFO  http.HttpServer2 (HttpServer2.java:addFilter(948)) - Added filter static_user_filter (class=org.apache.hadoop.http.lib.StaticUserWebFilter$StaticUserFilter) to context hddsDatanode
2019-08-16 03:46:51,093 INFO  http.HttpServer2 (HttpServer2.java:addFilter(958)) - Added filter static_user_filter (class=org.apache.hadoop.http.lib.StaticUserWebFilter$StaticUserFilter) to context static
2019-08-16 03:46:51,093 INFO  http.HttpServer2 (HttpServer2.java:addFilter(958)) - Added filter static_user_filter (class=org.apache.hadoop.http.lib.StaticUserWebFilter$StaticUserFilter) to context logs
2019-08-16 03:46:51,094 INFO  http.HttpServer2 (HttpServer2.java:bindListener(1191)) - Jetty bound to port 40684
2019-08-16 03:46:51,094 INFO  server.Server (Server.java:doStart(351)) - jetty-9.3.24.v20180605, build timestamp: 2018-06-05T17:11:56Z, git hash: 84205aa28f11a4f31f2a3b86d1bba2cc8ab69827
2019-08-16 03:46:51,096 INFO  handler.ContextHandler (ContextHandler.java:doStart(781)) - Started o.e.j.s.ServletContextHandler@35e07e19{/logs,file:///workdir/hadoop-ozone/integration-test/target/log,AVAILABLE}
2019-08-16 03:46:51,096 INFO  handler.ContextHandler (ContextHandler.java:doStart(781)) - Started o.e.j.s.ServletContextHandler@2036f83{/static,jar:file:/home/user/.m2/repository/org/apache/hadoop/hadoop-hdds-container-service/0.4.1-SNAPSHOT/hadoop-hdds-container-service-0.4.1-SNAPSHOT.jar!/webapps/static,AVAILABLE}
2019-08-16 03:46:51,123 INFO  handler.ContextHandler (ContextHandler.java:doStart(781)) - Started o.e.j.w.WebAppContext@2c7ad4f3{/,file:///tmp/jetty-0.0.0.0-40684-hddsDatanode-_-any-685975677102526764.dir/webapp/,AVAILABLE}{/hddsDatanode}
2019-08-16 03:46:51,124 INFO  server.AbstractConnector (AbstractConnector.java:doStart(278)) - Started ServerConnector@698f4aa{HTTP/1.1,[http/1.1]}{0.0.0.0:40684}
2019-08-16 03:46:51,125 INFO  server.Server (Server.java:doStart(419)) - Started @42289ms
2019-08-16 03:46:51,126 INFO  server.BaseHttpServer (BaseHttpServer.java:updateConnectorAddress(207)) - HTTP server of HDDSDATANODE is listening at http://0.0.0.0:40684
2019-08-16 03:46:51,247 INFO  ozone.HddsDatanodeService (HddsDatanodeService.java:startPlugins(395)) - Started plug-in org.apache.hadoop.ozone.web.OzoneHddsDatanodeService@208f7165
2019-08-16 03:46:51,248 INFO  impl.MetricsSystemImpl (MetricsSystemImpl.java:init(158)) - HddsDatanode metrics system started (again)
2019-08-16 03:46:51,251 INFO  ozone.HddsDatanodeService (HddsDatanodeService.java:start(184)) - HddsDatanodeService host:byscane-nightly-5jrvm-589107607 ip:192.168.5.170
2019-08-16 03:46:51,251 INFO  util.JvmPauseMonitor (JvmPauseMonitor.java:run(188)) - Starting JVM pause monitor
2019-08-16 03:46:51,254 INFO  datanode.InitDatanodeState (InitDatanodeState.java:persistContainerDatanodeDetails(140)) - DatanodeDetails is persisted to /workdir/hadoop-ozone/integration-test/target/test-dir/MiniOzoneClusterImpl-13174f42-ef49-4866-b213-01bb0baa1417/datanode-1/meta/datanode.id
2019-08-16 03:46:51,259 INFO  volume.HddsVolume (HddsVolume.java:<init>(176)) - Creating Volume: /workdir/hadoop-ozone/integration-test/target/test-dir/MiniOzoneClusterImpl-13174f42-ef49-4866-b213-01bb0baa1417/datanode-2/data/containers/hdds of  storage type : DISK and capacity : 1482555576320
2019-08-16 03:46:51,259 INFO  volume.VolumeSet (VolumeSet.java:initializeVolumeSet(170)) - Added Volume : /workdir/hadoop-ozone/integration-test/target/test-dir/MiniOzoneClusterImpl-13174f42-ef49-4866-b213-01bb0baa1417/datanode-2/data/containers/hdds to VolumeSet
2019-08-16 03:46:51,259 INFO  volume.ThrottledAsyncChecker (ThrottledAsyncChecker.java:schedule(140)) - Scheduling a check for org.apache.hadoop.ozone.container.common.volume.HddsVolume@61e14b53
2019-08-16 03:46:51,259 INFO  volume.HddsVolumeChecker (HddsVolumeChecker.java:checkAllVolumes(203)) - Scheduled health check for volume org.apache.hadoop.ozone.container.common.volume.HddsVolume@61e14b53
2019-08-16 03:46:51,277 INFO  impl.RaftServerProxy (ConfUtils.java:logGet(43)) - raft.rpc.type = GRPC (default)
2019-08-16 03:46:51,277 INFO  grpc.GrpcFactory (GrpcFactory.java:checkPooledByteBufAllocatorUseCacheForAllThreads(45)) - PERFORMANCE WARNING: useCacheForAllThreads is true that may cause Netty to create a lot garbage objects and, as a result, trigger GC.
	It is recommended to disable useCacheForAllThreads by setting -Dorg.apache.ratis.thirdparty.io.netty.allocator.useCacheForAllThreads=false in command line.
2019-08-16 03:46:51,278 INFO  grpc.GrpcConfigKeys$Server (ConfUtils.java:logGet(43)) - raft.grpc.server.port = 0 (default)
2019-08-16 03:46:51,278 INFO  server.GrpcService (ConfUtils.java:logGet(43)) - raft.grpc.message.size.max = 33570816 (custom)
2019-08-16 03:46:51,278 INFO  server.RaftServerConfigKeys (ConfUtils.java:logGet(43)) - raft.server.log.appender.buffer.byte-limit = 33554432 (custom)
2019-08-16 03:46:51,278 INFO  server.GrpcService (ConfUtils.java:logGet(43)) - raft.grpc.flow.control.window = 1MB (=1048576) (default)
2019-08-16 03:46:51,278 INFO  server.RaftServerConfigKeys (ConfUtils.java:logGet(43)) - raft.server.rpc.request.timeout = 3000ms (default)
2019-08-16 03:46:51,279 INFO  server.RaftServerConfigKeys (ConfUtils.java:logGet(43)) - raft.server.storage.dir = [/workdir/hadoop-ozone/integration-test/target/test-dir/MiniOzoneClusterImpl-13174f42-ef49-4866-b213-01bb0baa1417/datanode-2/data/ratis] (custom)
2019-08-16 03:46:51,279 INFO  replication.SimpleContainerDownloader (SimpleContainerDownloader.java:<init>(72)) - Starting container downloader service to copy containers to replicate.
2019-08-16 03:46:51,280 INFO  hdfs.DFSUtil (DFSUtil.java:httpServerTemplateForNNAndJN(1641)) - Starting Web-server for hddsDatanode at: http://0.0.0.0:0
2019-08-16 03:46:51,281 INFO  server.AuthenticationFilter (AuthenticationFilter.java:constructSecretProvider(240)) - Unable to initialize FileSignerSecretProvider, falling back to use random secrets.
2019-08-16 03:46:51,282 WARN  http.HttpRequestLog (HttpRequestLog.java:getRequestLog(97)) - Jetty request log can only be enabled using Log4j
2019-08-16 03:46:51,283 INFO  http.HttpServer2 (HttpServer2.java:addGlobalFilter(975)) - Added global filter 'safety' (class=org.apache.hadoop.http.HttpServer2$QuotingInputFilter)
2019-08-16 03:46:51,284 INFO  http.HttpServer2 (HttpServer2.java:addFilter(948)) - Added filter static_user_filter (class=org.apache.hadoop.http.lib.StaticUserWebFilter$StaticUserFilter) to context hddsDatanode
2019-08-16 03:46:51,284 INFO  http.HttpServer2 (HttpServer2.java:addFilter(958)) - Added filter static_user_filter (class=org.apache.hadoop.http.lib.StaticUserWebFilter$StaticUserFilter) to context static
2019-08-16 03:46:51,284 INFO  http.HttpServer2 (HttpServer2.java:addFilter(958)) - Added filter static_user_filter (class=org.apache.hadoop.http.lib.StaticUserWebFilter$StaticUserFilter) to context logs
2019-08-16 03:46:51,284 INFO  http.HttpServer2 (HttpServer2.java:bindListener(1191)) - Jetty bound to port 46776
2019-08-16 03:46:51,285 INFO  server.Server (Server.java:doStart(351)) - jetty-9.3.24.v20180605, build timestamp: 2018-06-05T17:11:56Z, git hash: 84205aa28f11a4f31f2a3b86d1bba2cc8ab69827
2019-08-16 03:46:51,286 INFO  handler.ContextHandler (ContextHandler.java:doStart(781)) - Started o.e.j.s.ServletContextHandler@2673487b{/logs,file:///workdir/hadoop-ozone/integration-test/target/log,AVAILABLE}
2019-08-16 03:46:51,287 INFO  handler.ContextHandler (ContextHandler.java:doStart(781)) - Started o.e.j.s.ServletContextHandler@ff5d4f1{/static,jar:file:/home/user/.m2/repository/org/apache/hadoop/hadoop-hdds-container-service/0.4.1-SNAPSHOT/hadoop-hdds-container-service-0.4.1-SNAPSHOT.jar!/webapps/static,AVAILABLE}
2019-08-16 03:46:51,314 INFO  handler.ContextHandler (ContextHandler.java:doStart(781)) - Started o.e.j.w.WebAppContext@485c84d7{/,file:///tmp/jetty-0.0.0.0-46776-hddsDatanode-_-any-1814228265531817231.dir/webapp/,AVAILABLE}{/hddsDatanode}
2019-08-16 03:46:51,315 INFO  server.AbstractConnector (AbstractConnector.java:doStart(278)) - Started ServerConnector@1224e1b6{HTTP/1.1,[http/1.1]}{0.0.0.0:46776}
2019-08-16 03:46:51,319 INFO  server.Server (Server.java:doStart(419)) - Started @42482ms
2019-08-16 03:46:51,320 INFO  server.BaseHttpServer (BaseHttpServer.java:updateConnectorAddress(207)) - HTTP server of HDDSDATANODE is listening at http://0.0.0.0:46776
2019-08-16 03:46:51,444 INFO  ozone.HddsDatanodeService (HddsDatanodeService.java:startPlugins(395)) - Started plug-in org.apache.hadoop.ozone.web.OzoneHddsDatanodeService@4ca970d5
2019-08-16 03:46:51,444 INFO  impl.MetricsSystemImpl (MetricsSystemImpl.java:init(158)) - HddsDatanode metrics system started (again)
2019-08-16 03:46:51,449 INFO  ozone.HddsDatanodeService (HddsDatanodeService.java:start(184)) - HddsDatanodeService host:byscane-nightly-5jrvm-589107607 ip:192.168.5.170
2019-08-16 03:46:51,449 INFO  util.JvmPauseMonitor (JvmPauseMonitor.java:run(188)) - Starting JVM pause monitor
2019-08-16 03:46:51,451 INFO  datanode.InitDatanodeState (InitDatanodeState.java:persistContainerDatanodeDetails(140)) - DatanodeDetails is persisted to /workdir/hadoop-ozone/integration-test/target/test-dir/MiniOzoneClusterImpl-13174f42-ef49-4866-b213-01bb0baa1417/datanode-2/meta/datanode.id
2019-08-16 03:46:51,457 INFO  volume.HddsVolume (HddsVolume.java:<init>(176)) - Creating Volume: /workdir/hadoop-ozone/integration-test/target/test-dir/MiniOzoneClusterImpl-13174f42-ef49-4866-b213-01bb0baa1417/datanode-3/data/containers/hdds of  storage type : DISK and capacity : 1482555576320
2019-08-16 03:46:51,457 INFO  volume.VolumeSet (VolumeSet.java:initializeVolumeSet(170)) - Added Volume : /workdir/hadoop-ozone/integration-test/target/test-dir/MiniOzoneClusterImpl-13174f42-ef49-4866-b213-01bb0baa1417/datanode-3/data/containers/hdds to VolumeSet
2019-08-16 03:46:51,457 INFO  volume.ThrottledAsyncChecker (ThrottledAsyncChecker.java:schedule(140)) - Scheduling a check for org.apache.hadoop.ozone.container.common.volume.HddsVolume@4468fda8
2019-08-16 03:46:51,458 INFO  volume.HddsVolumeChecker (HddsVolumeChecker.java:checkAllVolumes(203)) - Scheduled health check for volume org.apache.hadoop.ozone.container.common.volume.HddsVolume@4468fda8
2019-08-16 03:46:51,472 INFO  impl.RaftServerProxy (ConfUtils.java:logGet(43)) - raft.rpc.type = GRPC (default)
2019-08-16 03:46:51,472 INFO  grpc.GrpcFactory (GrpcFactory.java:checkPooledByteBufAllocatorUseCacheForAllThreads(45)) - PERFORMANCE WARNING: useCacheForAllThreads is true that may cause Netty to create a lot garbage objects and, as a result, trigger GC.
	It is recommended to disable useCacheForAllThreads by setting -Dorg.apache.ratis.thirdparty.io.netty.allocator.useCacheForAllThreads=false in command line.
2019-08-16 03:46:51,472 INFO  grpc.GrpcConfigKeys$Server (ConfUtils.java:logGet(43)) - raft.grpc.server.port = 0 (default)
2019-08-16 03:46:51,473 INFO  server.GrpcService (ConfUtils.java:logGet(43)) - raft.grpc.message.size.max = 33570816 (custom)
2019-08-16 03:46:51,473 INFO  server.RaftServerConfigKeys (ConfUtils.java:logGet(43)) - raft.server.log.appender.buffer.byte-limit = 33554432 (custom)
2019-08-16 03:46:51,473 INFO  server.GrpcService (ConfUtils.java:logGet(43)) - raft.grpc.flow.control.window = 1MB (=1048576) (default)
2019-08-16 03:46:51,473 INFO  server.RaftServerConfigKeys (ConfUtils.java:logGet(43)) - raft.server.rpc.request.timeout = 3000ms (default)
2019-08-16 03:46:51,474 INFO  server.RaftServerConfigKeys (ConfUtils.java:logGet(43)) - raft.server.storage.dir = [/workdir/hadoop-ozone/integration-test/target/test-dir/MiniOzoneClusterImpl-13174f42-ef49-4866-b213-01bb0baa1417/datanode-3/data/ratis] (custom)
2019-08-16 03:46:51,474 INFO  replication.SimpleContainerDownloader (SimpleContainerDownloader.java:<init>(72)) - Starting container downloader service to copy containers to replicate.
2019-08-16 03:46:51,475 INFO  hdfs.DFSUtil (DFSUtil.java:httpServerTemplateForNNAndJN(1641)) - Starting Web-server for hddsDatanode at: http://0.0.0.0:0
2019-08-16 03:46:51,476 INFO  server.AuthenticationFilter (AuthenticationFilter.java:constructSecretProvider(240)) - Unable to initialize FileSignerSecretProvider, falling back to use random secrets.
2019-08-16 03:46:51,477 WARN  http.HttpRequestLog (HttpRequestLog.java:getRequestLog(97)) - Jetty request log can only be enabled using Log4j
2019-08-16 03:46:51,478 INFO  http.HttpServer2 (HttpServer2.java:addGlobalFilter(975)) - Added global filter 'safety' (class=org.apache.hadoop.http.HttpServer2$QuotingInputFilter)
2019-08-16 03:46:51,478 INFO  http.HttpServer2 (HttpServer2.java:addFilter(948)) - Added filter static_user_filter (class=org.apache.hadoop.http.lib.StaticUserWebFilter$StaticUserFilter) to context hddsDatanode
2019-08-16 03:46:51,479 INFO  http.HttpServer2 (HttpServer2.java:addFilter(958)) - Added filter static_user_filter (class=org.apache.hadoop.http.lib.StaticUserWebFilter$StaticUserFilter) to context static
2019-08-16 03:46:51,479 INFO  http.HttpServer2 (HttpServer2.java:addFilter(958)) - Added filter static_user_filter (class=org.apache.hadoop.http.lib.StaticUserWebFilter$StaticUserFilter) to context logs
2019-08-16 03:46:51,479 INFO  http.HttpServer2 (HttpServer2.java:bindListener(1191)) - Jetty bound to port 42815
2019-08-16 03:46:51,480 INFO  server.Server (Server.java:doStart(351)) - jetty-9.3.24.v20180605, build timestamp: 2018-06-05T17:11:56Z, git hash: 84205aa28f11a4f31f2a3b86d1bba2cc8ab69827
2019-08-16 03:46:51,481 INFO  handler.ContextHandler (ContextHandler.java:doStart(781)) - Started o.e.j.s.ServletContextHandler@11c3d22f{/logs,file:///workdir/hadoop-ozone/integration-test/target/log,AVAILABLE}
2019-08-16 03:46:51,482 INFO  handler.ContextHandler (ContextHandler.java:doStart(781)) - Started o.e.j.s.ServletContextHandler@7d8f2eec{/static,jar:file:/home/user/.m2/repository/org/apache/hadoop/hadoop-hdds-container-service/0.4.1-SNAPSHOT/hadoop-hdds-container-service-0.4.1-SNAPSHOT.jar!/webapps/static,AVAILABLE}
2019-08-16 03:46:51,510 INFO  handler.ContextHandler (ContextHandler.java:doStart(781)) - Started o.e.j.w.WebAppContext@1c0e4262{/,file:///tmp/jetty-0.0.0.0-42815-hddsDatanode-_-any-8131172794047170884.dir/webapp/,AVAILABLE}{/hddsDatanode}
2019-08-16 03:46:51,510 INFO  server.AbstractConnector (AbstractConnector.java:doStart(278)) - Started ServerConnector@27dfd12b{HTTP/1.1,[http/1.1]}{0.0.0.0:42815}
2019-08-16 03:46:51,512 INFO  server.Server (Server.java:doStart(419)) - Started @42675ms
2019-08-16 03:46:51,512 INFO  server.BaseHttpServer (BaseHttpServer.java:updateConnectorAddress(207)) - HTTP server of HDDSDATANODE is listening at http://0.0.0.0:42815
2019-08-16 03:46:51,637 INFO  ozone.HddsDatanodeService (HddsDatanodeService.java:startPlugins(395)) - Started plug-in org.apache.hadoop.ozone.web.OzoneHddsDatanodeService@65ef9a0a
2019-08-16 03:46:51,638 INFO  impl.MetricsSystemImpl (MetricsSystemImpl.java:init(158)) - HddsDatanode metrics system started (again)
2019-08-16 03:46:51,642 INFO  util.JvmPauseMonitor (JvmPauseMonitor.java:run(188)) - Starting JVM pause monitor
2019-08-16 03:46:51,643 INFO  ozone.HddsDatanodeService (HddsDatanodeService.java:start(184)) - HddsDatanodeService host:byscane-nightly-5jrvm-589107607 ip:192.168.5.170
2019-08-16 03:46:51,644 INFO  datanode.InitDatanodeState (InitDatanodeState.java:persistContainerDatanodeDetails(140)) - DatanodeDetails is persisted to /workdir/hadoop-ozone/integration-test/target/test-dir/MiniOzoneClusterImpl-13174f42-ef49-4866-b213-01bb0baa1417/datanode-3/meta/datanode.id
2019-08-16 03:46:51,650 INFO  volume.HddsVolume (HddsVolume.java:<init>(176)) - Creating Volume: /workdir/hadoop-ozone/integration-test/target/test-dir/MiniOzoneClusterImpl-13174f42-ef49-4866-b213-01bb0baa1417/datanode-4/data/containers/hdds of  storage type : DISK and capacity : 1482555576320
2019-08-16 03:46:51,651 INFO  volume.VolumeSet (VolumeSet.java:initializeVolumeSet(170)) - Added Volume : /workdir/hadoop-ozone/integration-test/target/test-dir/MiniOzoneClusterImpl-13174f42-ef49-4866-b213-01bb0baa1417/datanode-4/data/containers/hdds to VolumeSet
2019-08-16 03:46:51,651 INFO  volume.ThrottledAsyncChecker (ThrottledAsyncChecker.java:schedule(140)) - Scheduling a check for org.apache.hadoop.ozone.container.common.volume.HddsVolume@283e1759
2019-08-16 03:46:51,652 INFO  volume.HddsVolumeChecker (HddsVolumeChecker.java:checkAllVolumes(203)) - Scheduled health check for volume org.apache.hadoop.ozone.container.common.volume.HddsVolume@283e1759
2019-08-16 03:46:51,667 INFO  impl.RaftServerProxy (ConfUtils.java:logGet(43)) - raft.rpc.type = GRPC (default)
2019-08-16 03:46:51,667 INFO  grpc.GrpcFactory (GrpcFactory.java:checkPooledByteBufAllocatorUseCacheForAllThreads(45)) - PERFORMANCE WARNING: useCacheForAllThreads is true that may cause Netty to create a lot garbage objects and, as a result, trigger GC.
	It is recommended to disable useCacheForAllThreads by setting -Dorg.apache.ratis.thirdparty.io.netty.allocator.useCacheForAllThreads=false in command line.
2019-08-16 03:46:51,667 INFO  grpc.GrpcConfigKeys$Server (ConfUtils.java:logGet(43)) - raft.grpc.server.port = 0 (default)
2019-08-16 03:46:51,667 INFO  server.GrpcService (ConfUtils.java:logGet(43)) - raft.grpc.message.size.max = 33570816 (custom)
2019-08-16 03:46:51,668 INFO  server.RaftServerConfigKeys (ConfUtils.java:logGet(43)) - raft.server.log.appender.buffer.byte-limit = 33554432 (custom)
2019-08-16 03:46:51,668 INFO  server.GrpcService (ConfUtils.java:logGet(43)) - raft.grpc.flow.control.window = 1MB (=1048576) (default)
2019-08-16 03:46:51,668 INFO  server.RaftServerConfigKeys (ConfUtils.java:logGet(43)) - raft.server.rpc.request.timeout = 3000ms (default)
2019-08-16 03:46:51,668 INFO  server.RaftServerConfigKeys (ConfUtils.java:logGet(43)) - raft.server.storage.dir = [/workdir/hadoop-ozone/integration-test/target/test-dir/MiniOzoneClusterImpl-13174f42-ef49-4866-b213-01bb0baa1417/datanode-4/data/ratis] (custom)
2019-08-16 03:46:51,669 INFO  replication.SimpleContainerDownloader (SimpleContainerDownloader.java:<init>(72)) - Starting container downloader service to copy containers to replicate.
2019-08-16 03:46:51,670 INFO  hdfs.DFSUtil (DFSUtil.java:httpServerTemplateForNNAndJN(1641)) - Starting Web-server for hddsDatanode at: http://0.0.0.0:0
2019-08-16 03:46:51,671 INFO  server.AuthenticationFilter (AuthenticationFilter.java:constructSecretProvider(240)) - Unable to initialize FileSignerSecretProvider, falling back to use random secrets.
2019-08-16 03:46:51,672 WARN  http.HttpRequestLog (HttpRequestLog.java:getRequestLog(97)) - Jetty request log can only be enabled using Log4j
2019-08-16 03:46:51,673 INFO  http.HttpServer2 (HttpServer2.java:addGlobalFilter(975)) - Added global filter 'safety' (class=org.apache.hadoop.http.HttpServer2$QuotingInputFilter)
2019-08-16 03:46:51,674 INFO  http.HttpServer2 (HttpServer2.java:addFilter(948)) - Added filter static_user_filter (class=org.apache.hadoop.http.lib.StaticUserWebFilter$StaticUserFilter) to context hddsDatanode
2019-08-16 03:46:51,674 INFO  http.HttpServer2 (HttpServer2.java:addFilter(958)) - Added filter static_user_filter (class=org.apache.hadoop.http.lib.StaticUserWebFilter$StaticUserFilter) to context logs
2019-08-16 03:46:51,674 INFO  http.HttpServer2 (HttpServer2.java:addFilter(958)) - Added filter static_user_filter (class=org.apache.hadoop.http.lib.StaticUserWebFilter$StaticUserFilter) to context static
2019-08-16 03:46:51,675 INFO  http.HttpServer2 (HttpServer2.java:bindListener(1191)) - Jetty bound to port 42354
2019-08-16 03:46:51,675 INFO  server.Server (Server.java:doStart(351)) - jetty-9.3.24.v20180605, build timestamp: 2018-06-05T17:11:56Z, git hash: 84205aa28f11a4f31f2a3b86d1bba2cc8ab69827
2019-08-16 03:46:51,678 INFO  handler.ContextHandler (ContextHandler.java:doStart(781)) - Started o.e.j.s.ServletContextHandler@287ad0da{/logs,file:///workdir/hadoop-ozone/integration-test/target/log,AVAILABLE}
2019-08-16 03:46:51,678 INFO  handler.ContextHandler (ContextHandler.java:doStart(781)) - Started o.e.j.s.ServletContextHandler@714c74eb{/static,jar:file:/home/user/.m2/repository/org/apache/hadoop/hadoop-hdds-container-service/0.4.1-SNAPSHOT/hadoop-hdds-container-service-0.4.1-SNAPSHOT.jar!/webapps/static,AVAILABLE}
2019-08-16 03:46:51,706 INFO  handler.ContextHandler (ContextHandler.java:doStart(781)) - Started o.e.j.w.WebAppContext@45e639ee{/,file:///tmp/jetty-0.0.0.0-42354-hddsDatanode-_-any-1099694347894820140.dir/webapp/,AVAILABLE}{/hddsDatanode}
2019-08-16 03:46:51,706 INFO  server.AbstractConnector (AbstractConnector.java:doStart(278)) - Started ServerConnector@77f03916{HTTP/1.1,[http/1.1]}{0.0.0.0:42354}
2019-08-16 03:46:51,708 INFO  server.Server (Server.java:doStart(419)) - Started @42871ms
2019-08-16 03:46:51,708 INFO  server.BaseHttpServer (BaseHttpServer.java:updateConnectorAddress(207)) - HTTP server of HDDSDATANODE is listening at http://0.0.0.0:42354
2019-08-16 03:46:51,831 INFO  ozone.HddsDatanodeService (HddsDatanodeService.java:startPlugins(395)) - Started plug-in org.apache.hadoop.ozone.web.OzoneHddsDatanodeService@151659dd
2019-08-16 03:46:51,831 INFO  impl.MetricsSystemImpl (MetricsSystemImpl.java:init(158)) - HddsDatanode metrics system started (again)
2019-08-16 03:46:51,837 INFO  util.JvmPauseMonitor (JvmPauseMonitor.java:run(188)) - Starting JVM pause monitor
2019-08-16 03:46:51,837 INFO  ozone.HddsDatanodeService (HddsDatanodeService.java:start(184)) - HddsDatanodeService host:byscane-nightly-5jrvm-589107607 ip:192.168.5.170
2019-08-16 03:46:51,838 INFO  datanode.InitDatanodeState (InitDatanodeState.java:persistContainerDatanodeDetails(140)) - DatanodeDetails is persisted to /workdir/hadoop-ozone/integration-test/target/test-dir/MiniOzoneClusterImpl-13174f42-ef49-4866-b213-01bb0baa1417/datanode-4/meta/datanode.id
2019-08-16 03:46:51,845 INFO  volume.HddsVolume (HddsVolume.java:<init>(176)) - Creating Volume: /workdir/hadoop-ozone/integration-test/target/test-dir/MiniOzoneClusterImpl-13174f42-ef49-4866-b213-01bb0baa1417/datanode-5/data/containers/hdds of  storage type : DISK and capacity : 1482555576320
2019-08-16 03:46:51,845 INFO  volume.VolumeSet (VolumeSet.java:initializeVolumeSet(170)) - Added Volume : /workdir/hadoop-ozone/integration-test/target/test-dir/MiniOzoneClusterImpl-13174f42-ef49-4866-b213-01bb0baa1417/datanode-5/data/containers/hdds to VolumeSet
2019-08-16 03:46:51,845 INFO  volume.ThrottledAsyncChecker (ThrottledAsyncChecker.java:schedule(140)) - Scheduling a check for org.apache.hadoop.ozone.container.common.volume.HddsVolume@13390a96
2019-08-16 03:46:51,846 INFO  volume.HddsVolumeChecker (HddsVolumeChecker.java:checkAllVolumes(203)) - Scheduled health check for volume org.apache.hadoop.ozone.container.common.volume.HddsVolume@13390a96
2019-08-16 03:46:51,997 INFO  impl.RaftServerProxy (ConfUtils.java:logGet(43)) - raft.rpc.type = GRPC (default)
2019-08-16 03:46:51,998 INFO  grpc.GrpcFactory (GrpcFactory.java:checkPooledByteBufAllocatorUseCacheForAllThreads(45)) - PERFORMANCE WARNING: useCacheForAllThreads is true that may cause Netty to create a lot garbage objects and, as a result, trigger GC.
	It is recommended to disable useCacheForAllThreads by setting -Dorg.apache.ratis.thirdparty.io.netty.allocator.useCacheForAllThreads=false in command line.
2019-08-16 03:46:51,998 INFO  grpc.GrpcConfigKeys$Server (ConfUtils.java:logGet(43)) - raft.grpc.server.port = 0 (default)
2019-08-16 03:46:51,998 INFO  server.GrpcService (ConfUtils.java:logGet(43)) - raft.grpc.message.size.max = 33570816 (custom)
2019-08-16 03:46:51,999 INFO  server.RaftServerConfigKeys (ConfUtils.java:logGet(43)) - raft.server.log.appender.buffer.byte-limit = 33554432 (custom)
2019-08-16 03:46:51,999 INFO  server.GrpcService (ConfUtils.java:logGet(43)) - raft.grpc.flow.control.window = 1MB (=1048576) (default)
2019-08-16 03:46:51,999 INFO  server.RaftServerConfigKeys (ConfUtils.java:logGet(43)) - raft.server.rpc.request.timeout = 3000ms (default)
2019-08-16 03:46:52,000 INFO  server.RaftServerConfigKeys (ConfUtils.java:logGet(43)) - raft.server.storage.dir = [/workdir/hadoop-ozone/integration-test/target/test-dir/MiniOzoneClusterImpl-13174f42-ef49-4866-b213-01bb0baa1417/datanode-5/data/ratis] (custom)
2019-08-16 03:46:52,021 INFO  replication.SimpleContainerDownloader (SimpleContainerDownloader.java:<init>(72)) - Starting container downloader service to copy containers to replicate.
2019-08-16 03:46:52,026 INFO  hdfs.DFSUtil (DFSUtil.java:httpServerTemplateForNNAndJN(1641)) - Starting Web-server for hddsDatanode at: http://0.0.0.0:0
2019-08-16 03:46:52,027 INFO  server.AuthenticationFilter (AuthenticationFilter.java:constructSecretProvider(240)) - Unable to initialize FileSignerSecretProvider, falling back to use random secrets.
2019-08-16 03:46:52,028 WARN  http.HttpRequestLog (HttpRequestLog.java:getRequestLog(97)) - Jetty request log can only be enabled using Log4j
2019-08-16 03:46:52,030 INFO  http.HttpServer2 (HttpServer2.java:addGlobalFilter(975)) - Added global filter 'safety' (class=org.apache.hadoop.http.HttpServer2$QuotingInputFilter)
2019-08-16 03:46:52,030 INFO  http.HttpServer2 (HttpServer2.java:addFilter(948)) - Added filter static_user_filter (class=org.apache.hadoop.http.lib.StaticUserWebFilter$StaticUserFilter) to context hddsDatanode
2019-08-16 03:46:52,030 INFO  http.HttpServer2 (HttpServer2.java:addFilter(958)) - Added filter static_user_filter (class=org.apache.hadoop.http.lib.StaticUserWebFilter$StaticUserFilter) to context logs
2019-08-16 03:46:52,031 INFO  http.HttpServer2 (HttpServer2.java:addFilter(958)) - Added filter static_user_filter (class=org.apache.hadoop.http.lib.StaticUserWebFilter$StaticUserFilter) to context static
2019-08-16 03:46:52,032 INFO  http.HttpServer2 (HttpServer2.java:bindListener(1191)) - Jetty bound to port 45545
2019-08-16 03:46:52,032 INFO  server.Server (Server.java:doStart(351)) - jetty-9.3.24.v20180605, build timestamp: 2018-06-05T17:11:56Z, git hash: 84205aa28f11a4f31f2a3b86d1bba2cc8ab69827
2019-08-16 03:46:52,034 INFO  handler.ContextHandler (ContextHandler.java:doStart(781)) - Started o.e.j.s.ServletContextHandler@2c15034f{/logs,file:///workdir/hadoop-ozone/integration-test/target/log,AVAILABLE}
2019-08-16 03:46:52,035 INFO  handler.ContextHandler (ContextHandler.java:doStart(781)) - Started o.e.j.s.ServletContextHandler@148b6f95{/static,jar:file:/home/user/.m2/repository/org/apache/hadoop/hadoop-hdds-container-service/0.4.1-SNAPSHOT/hadoop-hdds-container-service-0.4.1-SNAPSHOT.jar!/webapps/static,AVAILABLE}
2019-08-16 03:46:52,068 INFO  handler.ContextHandler (ContextHandler.java:doStart(781)) - Started o.e.j.w.WebAppContext@638d2ce3{/,file:///tmp/jetty-0.0.0.0-45545-hddsDatanode-_-any-502097503135320021.dir/webapp/,AVAILABLE}{/hddsDatanode}
2019-08-16 03:46:52,068 INFO  server.AbstractConnector (AbstractConnector.java:doStart(278)) - Started ServerConnector@79617c3d{HTTP/1.1,[http/1.1]}{0.0.0.0:45545}
2019-08-16 03:46:52,070 INFO  server.Server (Server.java:doStart(419)) - Started @43233ms
2019-08-16 03:46:52,070 INFO  server.BaseHttpServer (BaseHttpServer.java:updateConnectorAddress(207)) - HTTP server of HDDSDATANODE is listening at http://0.0.0.0:45545
2019-08-16 03:46:52,186 INFO  ozone.HddsDatanodeService (HddsDatanodeService.java:startPlugins(395)) - Started plug-in org.apache.hadoop.ozone.web.OzoneHddsDatanodeService@f0c1ae1
2019-08-16 03:46:52,186 INFO  impl.MetricsSystemImpl (MetricsSystemImpl.java:init(158)) - HddsDatanode metrics system started (again)
2019-08-16 03:46:52,192 INFO  util.JvmPauseMonitor (JvmPauseMonitor.java:run(188)) - Starting JVM pause monitor
2019-08-16 03:46:52,192 INFO  ozone.HddsDatanodeService (HddsDatanodeService.java:start(184)) - HddsDatanodeService host:byscane-nightly-5jrvm-589107607 ip:192.168.5.170
2019-08-16 03:46:52,194 INFO  datanode.InitDatanodeState (InitDatanodeState.java:persistContainerDatanodeDetails(140)) - DatanodeDetails is persisted to /workdir/hadoop-ozone/integration-test/target/test-dir/MiniOzoneClusterImpl-13174f42-ef49-4866-b213-01bb0baa1417/datanode-5/meta/datanode.id
2019-08-16 03:46:52,200 INFO  volume.HddsVolume (HddsVolume.java:<init>(176)) - Creating Volume: /workdir/hadoop-ozone/integration-test/target/test-dir/MiniOzoneClusterImpl-13174f42-ef49-4866-b213-01bb0baa1417/datanode-6/data/containers/hdds of  storage type : DISK and capacity : 1482555576320
2019-08-16 03:46:52,201 INFO  volume.VolumeSet (VolumeSet.java:initializeVolumeSet(170)) - Added Volume : /workdir/hadoop-ozone/integration-test/target/test-dir/MiniOzoneClusterImpl-13174f42-ef49-4866-b213-01bb0baa1417/datanode-6/data/containers/hdds to VolumeSet
2019-08-16 03:46:52,201 INFO  volume.ThrottledAsyncChecker (ThrottledAsyncChecker.java:schedule(140)) - Scheduling a check for org.apache.hadoop.ozone.container.common.volume.HddsVolume@4b9fa2f
2019-08-16 03:46:52,201 INFO  volume.HddsVolumeChecker (HddsVolumeChecker.java:checkAllVolumes(203)) - Scheduled health check for volume org.apache.hadoop.ozone.container.common.volume.HddsVolume@4b9fa2f
2019-08-16 03:46:52,216 INFO  impl.RaftServerProxy (ConfUtils.java:logGet(43)) - raft.rpc.type = GRPC (default)
2019-08-16 03:46:52,216 INFO  grpc.GrpcFactory (GrpcFactory.java:checkPooledByteBufAllocatorUseCacheForAllThreads(45)) - PERFORMANCE WARNING: useCacheForAllThreads is true that may cause Netty to create a lot garbage objects and, as a result, trigger GC.
	It is recommended to disable useCacheForAllThreads by setting -Dorg.apache.ratis.thirdparty.io.netty.allocator.useCacheForAllThreads=false in command line.
2019-08-16 03:46:52,216 INFO  grpc.GrpcConfigKeys$Server (ConfUtils.java:logGet(43)) - raft.grpc.server.port = 0 (default)
2019-08-16 03:46:52,216 INFO  server.GrpcService (ConfUtils.java:logGet(43)) - raft.grpc.message.size.max = 33570816 (custom)
2019-08-16 03:46:52,217 INFO  server.RaftServerConfigKeys (ConfUtils.java:logGet(43)) - raft.server.log.appender.buffer.byte-limit = 33554432 (custom)
2019-08-16 03:46:52,217 INFO  server.GrpcService (ConfUtils.java:logGet(43)) - raft.grpc.flow.control.window = 1MB (=1048576) (default)
2019-08-16 03:46:52,217 INFO  server.RaftServerConfigKeys (ConfUtils.java:logGet(43)) - raft.server.rpc.request.timeout = 3000ms (default)
2019-08-16 03:46:52,218 INFO  server.RaftServerConfigKeys (ConfUtils.java:logGet(43)) - raft.server.storage.dir = [/workdir/hadoop-ozone/integration-test/target/test-dir/MiniOzoneClusterImpl-13174f42-ef49-4866-b213-01bb0baa1417/datanode-6/data/ratis] (custom)
2019-08-16 03:46:52,218 INFO  replication.SimpleContainerDownloader (SimpleContainerDownloader.java:<init>(72)) - Starting container downloader service to copy containers to replicate.
2019-08-16 03:46:52,219 INFO  hdfs.DFSUtil (DFSUtil.java:httpServerTemplateForNNAndJN(1641)) - Starting Web-server for hddsDatanode at: http://0.0.0.0:0
2019-08-16 03:46:52,220 INFO  server.AuthenticationFilter (AuthenticationFilter.java:constructSecretProvider(240)) - Unable to initialize FileSignerSecretProvider, falling back to use random secrets.
2019-08-16 03:46:52,220 WARN  http.HttpRequestLog (HttpRequestLog.java:getRequestLog(97)) - Jetty request log can only be enabled using Log4j
2019-08-16 03:46:52,222 INFO  http.HttpServer2 (HttpServer2.java:addGlobalFilter(975)) - Added global filter 'safety' (class=org.apache.hadoop.http.HttpServer2$QuotingInputFilter)
2019-08-16 03:46:52,222 INFO  http.HttpServer2 (HttpServer2.java:addFilter(948)) - Added filter static_user_filter (class=org.apache.hadoop.http.lib.StaticUserWebFilter$StaticUserFilter) to context hddsDatanode
2019-08-16 03:46:52,223 INFO  http.HttpServer2 (HttpServer2.java:addFilter(958)) - Added filter static_user_filter (class=org.apache.hadoop.http.lib.StaticUserWebFilter$StaticUserFilter) to context logs
2019-08-16 03:46:52,223 INFO  http.HttpServer2 (HttpServer2.java:addFilter(958)) - Added filter static_user_filter (class=org.apache.hadoop.http.lib.StaticUserWebFilter$StaticUserFilter) to context static
2019-08-16 03:46:52,223 INFO  http.HttpServer2 (HttpServer2.java:bindListener(1191)) - Jetty bound to port 33959
2019-08-16 03:46:52,223 INFO  server.Server (Server.java:doStart(351)) - jetty-9.3.24.v20180605, build timestamp: 2018-06-05T17:11:56Z, git hash: 84205aa28f11a4f31f2a3b86d1bba2cc8ab69827
2019-08-16 03:46:52,225 INFO  handler.ContextHandler (ContextHandler.java:doStart(781)) - Started o.e.j.s.ServletContextHandler@289a4b90{/logs,file:///workdir/hadoop-ozone/integration-test/target/log,AVAILABLE}
2019-08-16 03:46:52,226 INFO  handler.ContextHandler (ContextHandler.java:doStart(781)) - Started o.e.j.s.ServletContextHandler@4746fb8c{/static,jar:file:/home/user/.m2/repository/org/apache/hadoop/hadoop-hdds-container-service/0.4.1-SNAPSHOT/hadoop-hdds-container-service-0.4.1-SNAPSHOT.jar!/webapps/static,AVAILABLE}
2019-08-16 03:46:52,253 INFO  handler.ContextHandler (ContextHandler.java:doStart(781)) - Started o.e.j.w.WebAppContext@3aca2579{/,file:///tmp/jetty-0.0.0.0-33959-hddsDatanode-_-any-3105431083031707353.dir/webapp/,AVAILABLE}{/hddsDatanode}
2019-08-16 03:46:52,253 INFO  server.AbstractConnector (AbstractConnector.java:doStart(278)) - Started ServerConnector@4ba13fed{HTTP/1.1,[http/1.1]}{0.0.0.0:33959}
2019-08-16 03:46:52,254 INFO  server.Server (Server.java:doStart(419)) - Started @43418ms
2019-08-16 03:46:52,255 INFO  server.BaseHttpServer (BaseHttpServer.java:updateConnectorAddress(207)) - HTTP server of HDDSDATANODE is listening at http://0.0.0.0:33959
2019-08-16 03:46:52,374 INFO  ozone.HddsDatanodeService (HddsDatanodeService.java:startPlugins(395)) - Started plug-in org.apache.hadoop.ozone.web.OzoneHddsDatanodeService@60b553f
2019-08-16 03:46:52,374 INFO  ozone.MiniOzoneClusterImpl (MiniOzoneClusterImpl.java:lambda$waitForClusterToBeReady$0(142)) - Waiting for cluster to be ready. Got 0 of 7 DN Heartbeats.
2019-08-16 03:46:52,378 INFO  util.JvmPauseMonitor (JvmPauseMonitor.java:run(188)) - Starting JVM pause monitor
2019-08-16 03:46:52,380 INFO  datanode.InitDatanodeState (InitDatanodeState.java:persistContainerDatanodeDetails(140)) - DatanodeDetails is persisted to /workdir/hadoop-ozone/integration-test/target/test-dir/MiniOzoneClusterImpl-13174f42-ef49-4866-b213-01bb0baa1417/datanode-6/meta/datanode.id
2019-08-16 03:46:53,080 INFO  ozoneimpl.OzoneContainer (OzoneContainer.java:start(186)) - Attempting to start container services.
2019-08-16 03:46:53,083 INFO  ozoneimpl.OzoneContainer (OzoneContainer.java:startContainerScrub(160)) - Background container scrubber has been disabled by hdds.containerscrub.enabled
2019-08-16 03:46:53,083 INFO  ratis.XceiverServerRatis (XceiverServerRatis.java:start(404)) - Starting XceiverServerRatis 5a77de80-121b-47ee-b0e5-9998059859c0 at port 0
2019-08-16 03:46:53,090 INFO  impl.RaftServerProxy (RaftServerProxy.java:lambda$start$3(299)) - 5a77de80-121b-47ee-b0e5-9998059859c0: start RPC server
2019-08-16 03:46:53,093 INFO  server.GrpcService (GrpcService.java:startImpl(149)) - 5a77de80-121b-47ee-b0e5-9998059859c0: GrpcService started, listening on 0.0.0.0/0.0.0.0:34725
2019-08-16 03:46:53,093 INFO  ratis.XceiverServerRatis (XceiverServerRatis.java:start(414)) - XceiverServerRatis 5a77de80-121b-47ee-b0e5-9998059859c0 is started using port 34725
2019-08-16 03:46:53,094 INFO  server.XceiverServerGrpc (XceiverServerGrpc.java:start(161)) - XceiverServerGrpc 5a77de80-121b-47ee-b0e5-9998059859c0 is started using port 41290
2019-08-16 03:46:53,277 INFO  ozoneimpl.OzoneContainer (OzoneContainer.java:start(186)) - Attempting to start container services.
2019-08-16 03:46:53,284 INFO  ozoneimpl.OzoneContainer (OzoneContainer.java:startContainerScrub(160)) - Background container scrubber has been disabled by hdds.containerscrub.enabled
2019-08-16 03:46:53,284 INFO  ratis.XceiverServerRatis (XceiverServerRatis.java:start(404)) - Starting XceiverServerRatis af0afe69-9a87-4d2a-8c9c-ba5c5ced1496 at port 0
2019-08-16 03:46:53,291 INFO  impl.RaftServerProxy (RaftServerProxy.java:lambda$start$3(299)) - af0afe69-9a87-4d2a-8c9c-ba5c5ced1496: start RPC server
2019-08-16 03:46:53,297 INFO  server.GrpcService (GrpcService.java:startImpl(149)) - af0afe69-9a87-4d2a-8c9c-ba5c5ced1496: GrpcService started, listening on 0.0.0.0/0.0.0.0:45266
2019-08-16 03:46:53,297 INFO  ratis.XceiverServerRatis (XceiverServerRatis.java:start(414)) - XceiverServerRatis af0afe69-9a87-4d2a-8c9c-ba5c5ced1496 is started using port 45266
2019-08-16 03:46:53,298 INFO  server.XceiverServerGrpc (XceiverServerGrpc.java:start(161)) - XceiverServerGrpc af0afe69-9a87-4d2a-8c9c-ba5c5ced1496 is started using port 45575
2019-08-16 03:46:53,374 INFO  ozone.MiniOzoneClusterImpl (MiniOzoneClusterImpl.java:lambda$waitForClusterToBeReady$0(142)) - Waiting for cluster to be ready. Got 0 of 7 DN Heartbeats.
2019-08-16 03:46:53,477 INFO  ozoneimpl.OzoneContainer (OzoneContainer.java:start(186)) - Attempting to start container services.
2019-08-16 03:46:53,478 INFO  ozoneimpl.OzoneContainer (OzoneContainer.java:startContainerScrub(160)) - Background container scrubber has been disabled by hdds.containerscrub.enabled
2019-08-16 03:46:53,478 INFO  ratis.XceiverServerRatis (XceiverServerRatis.java:start(404)) - Starting XceiverServerRatis 2939930d-acd4-48d4-89eb-79cd5de2ca56 at port 0
2019-08-16 03:46:53,485 INFO  impl.RaftServerProxy (RaftServerProxy.java:lambda$start$3(299)) - 2939930d-acd4-48d4-89eb-79cd5de2ca56: start RPC server
2019-08-16 03:46:53,486 INFO  server.GrpcService (GrpcService.java:startImpl(149)) - 2939930d-acd4-48d4-89eb-79cd5de2ca56: GrpcService started, listening on 0.0.0.0/0.0.0.0:45096
2019-08-16 03:46:53,486 INFO  ratis.XceiverServerRatis (XceiverServerRatis.java:start(414)) - XceiverServerRatis 2939930d-acd4-48d4-89eb-79cd5de2ca56 is started using port 45096
2019-08-16 03:46:53,494 INFO  server.XceiverServerGrpc (XceiverServerGrpc.java:start(161)) - XceiverServerGrpc 2939930d-acd4-48d4-89eb-79cd5de2ca56 is started using port 46344
2019-08-16 03:46:53,669 INFO  ozoneimpl.OzoneContainer (OzoneContainer.java:start(186)) - Attempting to start container services.
2019-08-16 03:46:53,669 INFO  ozoneimpl.OzoneContainer (OzoneContainer.java:startContainerScrub(160)) - Background container scrubber has been disabled by hdds.containerscrub.enabled
2019-08-16 03:46:53,669 INFO  ratis.XceiverServerRatis (XceiverServerRatis.java:start(404)) - Starting XceiverServerRatis 74f4742b-e403-4620-b2db-8f37b530ba0a at port 0
2019-08-16 03:46:53,677 INFO  impl.RaftServerProxy (RaftServerProxy.java:lambda$start$3(299)) - 74f4742b-e403-4620-b2db-8f37b530ba0a: start RPC server
2019-08-16 03:46:53,678 INFO  server.GrpcService (GrpcService.java:startImpl(149)) - 74f4742b-e403-4620-b2db-8f37b530ba0a: GrpcService started, listening on 0.0.0.0/0.0.0.0:33824
2019-08-16 03:46:53,678 INFO  ratis.XceiverServerRatis (XceiverServerRatis.java:start(414)) - XceiverServerRatis 74f4742b-e403-4620-b2db-8f37b530ba0a is started using port 33824
2019-08-16 03:46:53,683 INFO  server.XceiverServerGrpc (XceiverServerGrpc.java:start(161)) - XceiverServerGrpc 74f4742b-e403-4620-b2db-8f37b530ba0a is started using port 39245
2019-08-16 03:46:53,853 INFO  ozoneimpl.OzoneContainer (OzoneContainer.java:start(186)) - Attempting to start container services.
2019-08-16 03:46:53,853 INFO  ozoneimpl.OzoneContainer (OzoneContainer.java:startContainerScrub(160)) - Background container scrubber has been disabled by hdds.containerscrub.enabled
2019-08-16 03:46:53,853 INFO  ratis.XceiverServerRatis (XceiverServerRatis.java:start(404)) - Starting XceiverServerRatis 49a1814f-e138-4ff1-ad4e-f524b08086c9 at port 0
2019-08-16 03:46:53,861 INFO  impl.RaftServerProxy (RaftServerProxy.java:lambda$start$3(299)) - 49a1814f-e138-4ff1-ad4e-f524b08086c9: start RPC server
2019-08-16 03:46:53,862 INFO  server.GrpcService (GrpcService.java:startImpl(149)) - 49a1814f-e138-4ff1-ad4e-f524b08086c9: GrpcService started, listening on 0.0.0.0/0.0.0.0:40431
2019-08-16 03:46:53,862 INFO  ratis.XceiverServerRatis (XceiverServerRatis.java:start(414)) - XceiverServerRatis 49a1814f-e138-4ff1-ad4e-f524b08086c9 is started using port 40431
2019-08-16 03:46:53,863 INFO  server.XceiverServerGrpc (XceiverServerGrpc.java:start(161)) - XceiverServerGrpc 49a1814f-e138-4ff1-ad4e-f524b08086c9 is started using port 38896
2019-08-16 03:46:54,214 INFO  ozoneimpl.OzoneContainer (OzoneContainer.java:start(186)) - Attempting to start container services.
2019-08-16 03:46:54,214 INFO  ozoneimpl.OzoneContainer (OzoneContainer.java:startContainerScrub(160)) - Background container scrubber has been disabled by hdds.containerscrub.enabled
2019-08-16 03:46:54,214 INFO  ratis.XceiverServerRatis (XceiverServerRatis.java:start(404)) - Starting XceiverServerRatis 8b6b56fe-c252-4348-b8ca-c877b60f9ee4 at port 0
2019-08-16 03:46:54,220 INFO  impl.RaftServerProxy (RaftServerProxy.java:lambda$start$3(299)) - 8b6b56fe-c252-4348-b8ca-c877b60f9ee4: start RPC server
2019-08-16 03:46:54,221 INFO  server.GrpcService (GrpcService.java:startImpl(149)) - 8b6b56fe-c252-4348-b8ca-c877b60f9ee4: GrpcService started, listening on 0.0.0.0/0.0.0.0:35306
2019-08-16 03:46:54,221 INFO  ratis.XceiverServerRatis (XceiverServerRatis.java:start(414)) - XceiverServerRatis 8b6b56fe-c252-4348-b8ca-c877b60f9ee4 is started using port 35306
2019-08-16 03:46:54,224 INFO  server.XceiverServerGrpc (XceiverServerGrpc.java:start(161)) - XceiverServerGrpc 8b6b56fe-c252-4348-b8ca-c877b60f9ee4 is started using port 42385
2019-08-16 03:46:54,375 INFO  ozone.MiniOzoneClusterImpl (MiniOzoneClusterImpl.java:lambda$waitForClusterToBeReady$0(142)) - Waiting for cluster to be ready. Got 0 of 7 DN Heartbeats.
2019-08-16 03:46:54,393 INFO  ozoneimpl.OzoneContainer (OzoneContainer.java:start(186)) - Attempting to start container services.
2019-08-16 03:46:54,393 INFO  ozoneimpl.OzoneContainer (OzoneContainer.java:startContainerScrub(160)) - Background container scrubber has been disabled by hdds.containerscrub.enabled
2019-08-16 03:46:54,394 INFO  ratis.XceiverServerRatis (XceiverServerRatis.java:start(404)) - Starting XceiverServerRatis 94feb042-fe31-49df-80b7-4232c3532741 at port 0
2019-08-16 03:46:54,401 INFO  impl.RaftServerProxy (RaftServerProxy.java:lambda$start$3(299)) - 94feb042-fe31-49df-80b7-4232c3532741: start RPC server
2019-08-16 03:46:54,402 INFO  server.GrpcService (GrpcService.java:startImpl(149)) - 94feb042-fe31-49df-80b7-4232c3532741: GrpcService started, listening on 0.0.0.0/0.0.0.0:36691
2019-08-16 03:46:54,403 INFO  ratis.XceiverServerRatis (XceiverServerRatis.java:start(414)) - XceiverServerRatis 94feb042-fe31-49df-80b7-4232c3532741 is started using port 36691
2019-08-16 03:46:54,403 INFO  server.XceiverServerGrpc (XceiverServerGrpc.java:start(161)) - XceiverServerGrpc 94feb042-fe31-49df-80b7-4232c3532741 is started using port 38669
2019-08-16 03:46:55,071 INFO  net.NetworkTopology (NetworkTopologyImpl.java:add(110)) - Added a new node: /default-rack/5a77de80-121b-47ee-b0e5-9998059859c0
2019-08-16 03:46:55,074 INFO  node.SCMNodeManager (SCMNodeManager.java:register(273)) - Registered Data node : 5a77de80-121b-47ee-b0e5-9998059859c0{ip: 192.168.5.170, host: byscane-nightly-5jrvm-589107607, networkLocation: /default-rack, certSerialId: null}
2019-08-16 03:46:55,076 INFO  safemode.SCMSafeModeManager (DataNodeSafeModeRule.java:process(71)) - SCM in safe mode. 1 DataNodes registered, 1 required.
2019-08-16 03:46:55,078 INFO  safemode.SCMSafeModeManager (SCMSafeModeManager.java:validateSafeModeExitRules(177)) - ScmSafeModeManager, all rules are successfully validated
2019-08-16 03:46:55,078 INFO  safemode.SCMSafeModeManager (SCMSafeModeManager.java:exitSafeMode(193)) - SCM exiting safe mode.
2019-08-16 03:46:55,100 INFO  impl.RaftServerProxy (RaftServerProxy.java:addNew(89)) - 5a77de80-121b-47ee-b0e5-9998059859c0: addNew group-0BD0D5CE2F9F:[5a77de80-121b-47ee-b0e5-9998059859c0:192.168.5.170:34725] returns group-0BD0D5CE2F9F:java.util.concurrent.CompletableFuture@7f22b0[Not completed]
2019-08-16 03:46:55,102 INFO  impl.RaftServerImpl (RaftServerImpl.java:<init>(93)) - 5a77de80-121b-47ee-b0e5-9998059859c0: new RaftServerImpl for group-0BD0D5CE2F9F:[5a77de80-121b-47ee-b0e5-9998059859c0:192.168.5.170:34725] with ContainerStateMachine:uninitialized
2019-08-16 03:46:55,103 INFO  server.RaftServerConfigKeys (ConfUtils.java:logGet(43)) - raft.server.rpc.timeout.min = 5s (custom)
2019-08-16 03:46:55,103 INFO  server.RaftServerConfigKeys (ConfUtils.java:logGet(43)) - raft.server.rpc.timeout.max = 5200ms (custom)
2019-08-16 03:46:55,103 INFO  server.RaftServerConfigKeys (ConfUtils.java:logGet(43)) - raft.server.rpcslowness.timeout = 120s (custom)
2019-08-16 03:46:55,103 INFO  server.RaftServerConfigKeys (ConfUtils.java:logGet(43)) - raft.server.sleep.deviation.threshold = 300 (default)
2019-08-16 03:46:55,104 INFO  server.RaftServerConfigKeys (ConfUtils.java:logGet(43)) - raft.server.log.appender.install.snapshot.enabled = false (custom)
2019-08-16 03:46:55,104 INFO  impl.RaftServerImpl (ServerState.java:<init>(105)) - 5a77de80-121b-47ee-b0e5-9998059859c0:group-0BD0D5CE2F9F ConfigurationManager, init=-1: [5a77de80-121b-47ee-b0e5-9998059859c0:192.168.5.170:34725], old=null, confs=<EMPTY_MAP>
2019-08-16 03:46:55,104 INFO  server.RaftServerConfigKeys (ConfUtils.java:logGet(43)) - raft.server.storage.dir = [/workdir/hadoop-ozone/integration-test/target/test-dir/MiniOzoneClusterImpl-13174f42-ef49-4866-b213-01bb0baa1417/datanode-0/data/ratis] (custom)
2019-08-16 03:46:55,105 INFO  storage.RaftStorageDirectory (RaftStorageDirectory.java:analyzeStorage(246)) - The storage directory /workdir/hadoop-ozone/integration-test/target/test-dir/MiniOzoneClusterImpl-13174f42-ef49-4866-b213-01bb0baa1417/datanode-0/data/ratis/dc52f97c-bc8b-4629-8c61-0bd0d5ce2f9f does not exist. Creating ...
2019-08-16 03:46:55,130 INFO  storage.RaftStorageDirectory (RaftStorageDirectory.java:tryLock(328)) - Lock on /workdir/hadoop-ozone/integration-test/target/test-dir/MiniOzoneClusterImpl-13174f42-ef49-4866-b213-01bb0baa1417/datanode-0/data/ratis/dc52f97c-bc8b-4629-8c61-0bd0d5ce2f9f/in_use.lock acquired by nodename 15931@byscane-nightly-5jrvm-589107607
2019-08-16 03:46:55,143 INFO  storage.RaftStorage (RaftStorage.java:format(72)) - Storage directory /workdir/hadoop-ozone/integration-test/target/test-dir/MiniOzoneClusterImpl-13174f42-ef49-4866-b213-01bb0baa1417/datanode-0/data/ratis/dc52f97c-bc8b-4629-8c61-0bd0d5ce2f9f has been successfully formatted.
2019-08-16 03:46:55,144 INFO  ratis.ContainerStateMachine (ContainerStateMachine.java:loadSnapshot(213)) - group-0BD0D5CE2F9F: The snapshot info is null. Setting the last applied indexto:(t:0, i:~)
2019-08-16 03:46:55,144 INFO  server.RaftServerConfigKeys (ConfUtils.java:logGet(43)) - raft.server.leader.election.timeout = 120s (custom)
2019-08-16 03:46:55,144 INFO  server.RaftServerConfigKeys (ConfUtils.java:logGet(43)) - raft.server.log.use.memory = false (default)
2019-08-16 03:46:55,145 INFO  server.RaftServerConfigKeys (ConfUtils.java:logGet(43)) - raft.server.log.purge.gap = 1000000000 (custom)
2019-08-16 03:46:55,145 INFO  server.RaftServerConfigKeys (ConfUtils.java:logGet(43)) - raft.server.log.appender.buffer.byte-limit = 33554432 (custom)
2019-08-16 03:46:55,145 INFO  server.RaftServerConfigKeys (ConfUtils.java:logGet(43)) - raft.server.log.segment.size.max = 1048576 (custom)
2019-08-16 03:46:55,145 INFO  server.RaftServerConfigKeys (ConfUtils.java:logGet(43)) - raft.server.log.segment.cache.num.max = 2 (custom)
2019-08-16 03:46:55,146 INFO  segmented.SegmentedRaftLogWorker (SegmentedRaftLogWorker.java:<init>(172)) - new 5a77de80-121b-47ee-b0e5-9998059859c0-SegmentedRaftLogWorker:Storage Directory /workdir/hadoop-ozone/integration-test/target/test-dir/MiniOzoneClusterImpl-13174f42-ef49-4866-b213-01bb0baa1417/datanode-0/data/ratis/dc52f97c-bc8b-4629-8c61-0bd0d5ce2f9f for RaftStorage:Storage Directory /workdir/hadoop-ozone/integration-test/target/test-dir/MiniOzoneClusterImpl-13174f42-ef49-4866-b213-01bb0baa1417/datanode-0/data/ratis/dc52f97c-bc8b-4629-8c61-0bd0d5ce2f9f
2019-08-16 03:46:55,146 INFO  server.RaftServerConfigKeys (ConfUtils.java:logGet(43)) - raft.server.log.queue.byte-limit = 2147483647 (custom)
2019-08-16 03:46:55,146 INFO  server.RaftServerConfigKeys (ConfUtils.java:logGet(43)) - raft.server.log.queue.element-limit = 1024 (custom)
2019-08-16 03:46:55,147 INFO  server.RaftServerConfigKeys (ConfUtils.java:logGet(43)) - raft.server.log.segment.size.max = 1048576 (custom)
2019-08-16 03:46:55,147 INFO  server.RaftServerConfigKeys (ConfUtils.java:logGet(43)) - raft.server.log.preallocated.size = 16384 (custom)
2019-08-16 03:46:55,147 INFO  server.RaftServerConfigKeys (ConfUtils.java:logGet(43)) - raft.server.log.write.buffer.size = 33554432 (custom)
2019-08-16 03:46:55,147 INFO  server.RaftServerConfigKeys (ConfUtils.java:logGet(43)) - raft.server.log.force.sync.num = 128 (default)
2019-08-16 03:46:55,148 INFO  server.RaftServerConfigKeys (ConfUtils.java:logGet(43)) - raft.server.log.statemachine.data.sync = true (default)
2019-08-16 03:46:55,148 INFO  server.RaftServerConfigKeys (ConfUtils.java:logGet(43)) - raft.server.log.statemachine.data.sync.timeout = 10s (default)
2019-08-16 03:46:55,148 INFO  server.RaftServerConfigKeys (ConfUtils.java:logGet(43)) - raft.server.log.statemachine.data.sync.timeout.retry = -1 (default)
2019-08-16 03:46:55,149 INFO  server.RaftServerConfigKeys (ConfUtils.java:logGet(43)) - raft.server.log.statemachine.data.caching.enabled = true (custom)
2019-08-16 03:46:55,149 INFO  segmented.SegmentedRaftLogWorker (SegmentedRaftLogWorker.java:lambda$new$0(132)) - 5a77de80-121b-47ee-b0e5-9998059859c0-SegmentedRaftLogWorker:Storage Directory /workdir/hadoop-ozone/integration-test/target/test-dir/MiniOzoneClusterImpl-13174f42-ef49-4866-b213-01bb0baa1417/datanode-0/data/ratis/dc52f97c-bc8b-4629-8c61-0bd0d5ce2f9f: flushIndex: setUnconditionally 0 -> -1
2019-08-16 03:46:55,150 INFO  server.RaftServerConfigKeys (ConfUtils.java:logGet(43)) - raft.server.snapshot.auto.trigger.enabled = true (custom)
2019-08-16 03:46:55,150 INFO  server.RaftServerConfigKeys (ConfUtils.java:logGet(43)) - raft.server.snapshot.auto.trigger.threshold = 10000 (custom)
2019-08-16 03:46:55,150 INFO  server.RaftServerConfigKeys (ConfUtils.java:logGet(43)) - raft.server.retrycache.expirytime = 600000ms (custom)
2019-08-16 03:46:55,151 INFO  impl.RaftServerImpl (RaftServerImpl.java:start(180)) - 5a77de80-121b-47ee-b0e5-9998059859c0: start group-0BD0D5CE2F9F
2019-08-16 03:46:55,151 INFO  impl.RaftServerImpl (RaftServerImpl.java:setRole(171)) - 5a77de80-121b-47ee-b0e5-9998059859c0:group-0BD0D5CE2F9F changes role from null to FOLLOWER at term 0 for startAsFollower
2019-08-16 03:46:55,151 INFO  impl.RoleInfo (RoleInfo.java:updateAndGet(143)) - 5a77de80-121b-47ee-b0e5-9998059859c0: start FollowerState
2019-08-16 03:46:55,153 INFO  util.JmxRegister (JmxRegister.java:tryRegister(44)) - Successfully registered JMX Bean with object name Ratis:service=RaftServer,group=group-0BD0D5CE2F9F,id=5a77de80-121b-47ee-b0e5-9998059859c0
2019-08-16 03:46:55,160 INFO  pipeline.PipelineStateManager (PipelineStateManager.java:addPipeline(56)) - Created pipeline Pipeline[ Id: dc52f97c-bc8b-4629-8c61-0bd0d5ce2f9f, Nodes: 5a77de80-121b-47ee-b0e5-9998059859c0{ip: 192.168.5.170, host: byscane-nightly-5jrvm-589107607, networkLocation: /default-rack, certSerialId: null}, Type:RATIS, Factor:ONE, State:OPEN]
2019-08-16 03:46:55,253 INFO  net.NetworkTopology (NetworkTopologyImpl.java:add(110)) - Added a new node: /default-rack/af0afe69-9a87-4d2a-8c9c-ba5c5ced1496
2019-08-16 03:46:55,253 INFO  node.SCMNodeManager (SCMNodeManager.java:register(273)) - Registered Data node : af0afe69-9a87-4d2a-8c9c-ba5c5ced1496{ip: 192.168.5.170, host: byscane-nightly-5jrvm-589107607, networkLocation: /default-rack, certSerialId: null}
2019-08-16 03:46:55,267 INFO  impl.RaftServerProxy (RaftServerProxy.java:addNew(89)) - af0afe69-9a87-4d2a-8c9c-ba5c5ced1496: addNew group-254651604299:[af0afe69-9a87-4d2a-8c9c-ba5c5ced1496:192.168.5.170:45266] returns group-254651604299:java.util.concurrent.CompletableFuture@c677549[Not completed]
2019-08-16 03:46:55,271 INFO  impl.RaftServerImpl (RaftServerImpl.java:<init>(93)) - af0afe69-9a87-4d2a-8c9c-ba5c5ced1496: new RaftServerImpl for group-254651604299:[af0afe69-9a87-4d2a-8c9c-ba5c5ced1496:192.168.5.170:45266] with ContainerStateMachine:uninitialized
2019-08-16 03:46:55,271 INFO  server.RaftServerConfigKeys (ConfUtils.java:logGet(43)) - raft.server.rpc.timeout.min = 5s (custom)
2019-08-16 03:46:55,271 INFO  server.RaftServerConfigKeys (ConfUtils.java:logGet(43)) - raft.server.rpc.timeout.max = 5200ms (custom)
2019-08-16 03:46:55,272 INFO  server.RaftServerConfigKeys (ConfUtils.java:logGet(43)) - raft.server.rpcslowness.timeout = 120s (custom)
2019-08-16 03:46:55,272 INFO  server.RaftServerConfigKeys (ConfUtils.java:logGet(43)) - raft.server.sleep.deviation.threshold = 300 (default)
2019-08-16 03:46:55,272 INFO  server.RaftServerConfigKeys (ConfUtils.java:logGet(43)) - raft.server.log.appender.install.snapshot.enabled = false (custom)
2019-08-16 03:46:55,272 INFO  impl.RaftServerImpl (ServerState.java:<init>(105)) - af0afe69-9a87-4d2a-8c9c-ba5c5ced1496:group-254651604299 ConfigurationManager, init=-1: [af0afe69-9a87-4d2a-8c9c-ba5c5ced1496:192.168.5.170:45266], old=null, confs=<EMPTY_MAP>
2019-08-16 03:46:55,272 INFO  server.RaftServerConfigKeys (ConfUtils.java:logGet(43)) - raft.server.storage.dir = [/workdir/hadoop-ozone/integration-test/target/test-dir/MiniOzoneClusterImpl-13174f42-ef49-4866-b213-01bb0baa1417/datanode-1/data/ratis] (custom)
2019-08-16 03:46:55,273 INFO  storage.RaftStorageDirectory (RaftStorageDirectory.java:analyzeStorage(246)) - The storage directory /workdir/hadoop-ozone/integration-test/target/test-dir/MiniOzoneClusterImpl-13174f42-ef49-4866-b213-01bb0baa1417/datanode-1/data/ratis/4cfef492-e0a1-460d-abb1-254651604299 does not exist. Creating ...
2019-08-16 03:46:55,297 INFO  storage.RaftStorageDirectory (RaftStorageDirectory.java:tryLock(328)) - Lock on /workdir/hadoop-ozone/integration-test/target/test-dir/MiniOzoneClusterImpl-13174f42-ef49-4866-b213-01bb0baa1417/datanode-1/data/ratis/4cfef492-e0a1-460d-abb1-254651604299/in_use.lock acquired by nodename 15931@byscane-nightly-5jrvm-589107607
2019-08-16 03:46:55,312 INFO  storage.RaftStorage (RaftStorage.java:format(72)) - Storage directory /workdir/hadoop-ozone/integration-test/target/test-dir/MiniOzoneClusterImpl-13174f42-ef49-4866-b213-01bb0baa1417/datanode-1/data/ratis/4cfef492-e0a1-460d-abb1-254651604299 has been successfully formatted.
2019-08-16 03:46:55,312 INFO  ratis.ContainerStateMachine (ContainerStateMachine.java:loadSnapshot(213)) - group-254651604299: The snapshot info is null. Setting the last applied indexto:(t:0, i:~)
2019-08-16 03:46:55,312 INFO  server.RaftServerConfigKeys (ConfUtils.java:logGet(43)) - raft.server.leader.election.timeout = 120s (custom)
2019-08-16 03:46:55,312 INFO  server.RaftServerConfigKeys (ConfUtils.java:logGet(43)) - raft.server.log.use.memory = false (default)
2019-08-16 03:46:55,313 INFO  server.RaftServerConfigKeys (ConfUtils.java:logGet(43)) - raft.server.log.purge.gap = 1000000000 (custom)
2019-08-16 03:46:55,313 INFO  server.RaftServerConfigKeys (ConfUtils.java:logGet(43)) - raft.server.log.appender.buffer.byte-limit = 33554432 (custom)
2019-08-16 03:46:55,313 INFO  server.RaftServerConfigKeys (ConfUtils.java:logGet(43)) - raft.server.log.segment.size.max = 1048576 (custom)
2019-08-16 03:46:55,313 INFO  server.RaftServerConfigKeys (ConfUtils.java:logGet(43)) - raft.server.log.segment.cache.num.max = 2 (custom)
2019-08-16 03:46:55,313 INFO  segmented.SegmentedRaftLogWorker (SegmentedRaftLogWorker.java:<init>(172)) - new af0afe69-9a87-4d2a-8c9c-ba5c5ced1496-SegmentedRaftLogWorker:Storage Directory /workdir/hadoop-ozone/integration-test/target/test-dir/MiniOzoneClusterImpl-13174f42-ef49-4866-b213-01bb0baa1417/datanode-1/data/ratis/4cfef492-e0a1-460d-abb1-254651604299 for RaftStorage:Storage Directory /workdir/hadoop-ozone/integration-test/target/test-dir/MiniOzoneClusterImpl-13174f42-ef49-4866-b213-01bb0baa1417/datanode-1/data/ratis/4cfef492-e0a1-460d-abb1-254651604299
2019-08-16 03:46:55,314 INFO  server.RaftServerConfigKeys (ConfUtils.java:logGet(43)) - raft.server.log.queue.byte-limit = 2147483647 (custom)
2019-08-16 03:46:55,314 INFO  server.RaftServerConfigKeys (ConfUtils.java:logGet(43)) - raft.server.log.queue.element-limit = 1024 (custom)
2019-08-16 03:46:55,314 INFO  server.RaftServerConfigKeys (ConfUtils.java:logGet(43)) - raft.server.log.segment.size.max = 1048576 (custom)
2019-08-16 03:46:55,314 INFO  server.RaftServerConfigKeys (ConfUtils.java:logGet(43)) - raft.server.log.preallocated.size = 16384 (custom)
2019-08-16 03:46:55,315 INFO  server.RaftServerConfigKeys (ConfUtils.java:logGet(43)) - raft.server.log.write.buffer.size = 33554432 (custom)
2019-08-16 03:46:55,315 INFO  server.RaftServerConfigKeys (ConfUtils.java:logGet(43)) - raft.server.log.force.sync.num = 128 (default)
2019-08-16 03:46:55,315 INFO  server.RaftServerConfigKeys (ConfUtils.java:logGet(43)) - raft.server.log.statemachine.data.sync = true (default)
2019-08-16 03:46:55,315 INFO  server.RaftServerConfigKeys (ConfUtils.java:logGet(43)) - raft.server.log.statemachine.data.sync.timeout = 10s (default)
2019-08-16 03:46:55,315 INFO  server.RaftServerConfigKeys (ConfUtils.java:logGet(43)) - raft.server.log.statemachine.data.sync.timeout.retry = -1 (default)
2019-08-16 03:46:55,316 INFO  server.RaftServerConfigKeys (ConfUtils.java:logGet(43)) - raft.server.log.statemachine.data.caching.enabled = true (custom)
2019-08-16 03:46:55,316 INFO  segmented.SegmentedRaftLogWorker (SegmentedRaftLogWorker.java:lambda$new$0(132)) - af0afe69-9a87-4d2a-8c9c-ba5c5ced1496-SegmentedRaftLogWorker:Storage Directory /workdir/hadoop-ozone/integration-test/target/test-dir/MiniOzoneClusterImpl-13174f42-ef49-4866-b213-01bb0baa1417/datanode-1/data/ratis/4cfef492-e0a1-460d-abb1-254651604299: flushIndex: setUnconditionally 0 -> -1
2019-08-16 03:46:55,316 INFO  server.RaftServerConfigKeys (ConfUtils.java:logGet(43)) - raft.server.snapshot.auto.trigger.enabled = true (custom)
2019-08-16 03:46:55,317 INFO  server.RaftServerConfigKeys (ConfUtils.java:logGet(43)) - raft.server.snapshot.auto.trigger.threshold = 10000 (custom)
2019-08-16 03:46:55,317 INFO  server.RaftServerConfigKeys (ConfUtils.java:logGet(43)) - raft.server.retrycache.expirytime = 600000ms (custom)
2019-08-16 03:46:55,317 INFO  impl.RaftServerImpl (RaftServerImpl.java:start(180)) - af0afe69-9a87-4d2a-8c9c-ba5c5ced1496: start group-254651604299
2019-08-16 03:46:55,317 INFO  impl.RaftServerImpl (RaftServerImpl.java:setRole(171)) - af0afe69-9a87-4d2a-8c9c-ba5c5ced1496:group-254651604299 changes role from null to FOLLOWER at term 0 for startAsFollower
2019-08-16 03:46:55,317 INFO  impl.RoleInfo (RoleInfo.java:updateAndGet(143)) - af0afe69-9a87-4d2a-8c9c-ba5c5ced1496: start FollowerState
2019-08-16 03:46:55,318 INFO  util.JmxRegister (JmxRegister.java:tryRegister(44)) - Successfully registered JMX Bean with object name Ratis:service=RaftServer,group=group-254651604299,id=af0afe69-9a87-4d2a-8c9c-ba5c5ced1496
2019-08-16 03:46:55,324 INFO  pipeline.PipelineStateManager (PipelineStateManager.java:addPipeline(56)) - Created pipeline Pipeline[ Id: 4cfef492-e0a1-460d-abb1-254651604299, Nodes: af0afe69-9a87-4d2a-8c9c-ba5c5ced1496{ip: 192.168.5.170, host: byscane-nightly-5jrvm-589107607, networkLocation: /default-rack, certSerialId: null}, Type:RATIS, Factor:ONE, State:OPEN]
2019-08-16 03:46:55,376 INFO  ozone.MiniOzoneClusterImpl (MiniOzoneClusterImpl.java:lambda$waitForClusterToBeReady$0(142)) - Waiting for cluster to be ready. Got 2 of 7 DN Heartbeats.
2019-08-16 03:46:55,450 INFO  net.NetworkTopology (NetworkTopologyImpl.java:add(110)) - Added a new node: /default-rack/2939930d-acd4-48d4-89eb-79cd5de2ca56
2019-08-16 03:46:55,451 INFO  node.SCMNodeManager (SCMNodeManager.java:register(273)) - Registered Data node : 2939930d-acd4-48d4-89eb-79cd5de2ca56{ip: 192.168.5.170, host: byscane-nightly-5jrvm-589107607, networkLocation: /default-rack, certSerialId: null}
2019-08-16 03:46:55,466 INFO  impl.RaftServerProxy (RaftServerProxy.java:addNew(89)) - 2939930d-acd4-48d4-89eb-79cd5de2ca56: addNew group-4CCC53248F02:[2939930d-acd4-48d4-89eb-79cd5de2ca56:192.168.5.170:45096] returns group-4CCC53248F02:java.util.concurrent.CompletableFuture@109704fa[Not completed]
2019-08-16 03:46:55,472 INFO  impl.RaftServerImpl (RaftServerImpl.java:<init>(93)) - 2939930d-acd4-48d4-89eb-79cd5de2ca56: new RaftServerImpl for group-4CCC53248F02:[2939930d-acd4-48d4-89eb-79cd5de2ca56:192.168.5.170:45096] with ContainerStateMachine:uninitialized
2019-08-16 03:46:55,473 INFO  server.RaftServerConfigKeys (ConfUtils.java:logGet(43)) - raft.server.rpc.timeout.min = 5s (custom)
2019-08-16 03:46:55,473 INFO  server.RaftServerConfigKeys (ConfUtils.java:logGet(43)) - raft.server.rpc.timeout.max = 5200ms (custom)
2019-08-16 03:46:55,473 INFO  server.RaftServerConfigKeys (ConfUtils.java:logGet(43)) - raft.server.rpcslowness.timeout = 120s (custom)
2019-08-16 03:46:55,473 INFO  server.RaftServerConfigKeys (ConfUtils.java:logGet(43)) - raft.server.sleep.deviation.threshold = 300 (default)
2019-08-16 03:46:55,473 INFO  server.RaftServerConfigKeys (ConfUtils.java:logGet(43)) - raft.server.log.appender.install.snapshot.enabled = false (custom)
2019-08-16 03:46:55,473 INFO  impl.RaftServerImpl (ServerState.java:<init>(105)) - 2939930d-acd4-48d4-89eb-79cd5de2ca56:group-4CCC53248F02 ConfigurationManager, init=-1: [2939930d-acd4-48d4-89eb-79cd5de2ca56:192.168.5.170:45096], old=null, confs=<EMPTY_MAP>
2019-08-16 03:46:55,474 INFO  server.RaftServerConfigKeys (ConfUtils.java:logGet(43)) - raft.server.storage.dir = [/workdir/hadoop-ozone/integration-test/target/test-dir/MiniOzoneClusterImpl-13174f42-ef49-4866-b213-01bb0baa1417/datanode-2/data/ratis] (custom)
2019-08-16 03:46:55,474 INFO  storage.RaftStorageDirectory (RaftStorageDirectory.java:analyzeStorage(246)) - The storage directory /workdir/hadoop-ozone/integration-test/target/test-dir/MiniOzoneClusterImpl-13174f42-ef49-4866-b213-01bb0baa1417/datanode-2/data/ratis/255da9e1-18e1-4e6c-9ee3-4ccc53248f02 does not exist. Creating ...
2019-08-16 03:46:55,487 INFO  storage.RaftStorageDirectory (RaftStorageDirectory.java:tryLock(328)) - Lock on /workdir/hadoop-ozone/integration-test/target/test-dir/MiniOzoneClusterImpl-13174f42-ef49-4866-b213-01bb0baa1417/datanode-2/data/ratis/255da9e1-18e1-4e6c-9ee3-4ccc53248f02/in_use.lock acquired by nodename 15931@byscane-nightly-5jrvm-589107607
2019-08-16 03:46:55,500 INFO  storage.RaftStorage (RaftStorage.java:format(72)) - Storage directory /workdir/hadoop-ozone/integration-test/target/test-dir/MiniOzoneClusterImpl-13174f42-ef49-4866-b213-01bb0baa1417/datanode-2/data/ratis/255da9e1-18e1-4e6c-9ee3-4ccc53248f02 has been successfully formatted.
2019-08-16 03:46:55,501 INFO  ratis.ContainerStateMachine (ContainerStateMachine.java:loadSnapshot(213)) - group-4CCC53248F02: The snapshot info is null. Setting the last applied indexto:(t:0, i:~)
2019-08-16 03:46:55,501 INFO  server.RaftServerConfigKeys (ConfUtils.java:logGet(43)) - raft.server.leader.election.timeout = 120s (custom)
2019-08-16 03:46:55,501 INFO  server.RaftServerConfigKeys (ConfUtils.java:logGet(43)) - raft.server.log.use.memory = false (default)
2019-08-16 03:46:55,501 INFO  server.RaftServerConfigKeys (ConfUtils.java:logGet(43)) - raft.server.log.purge.gap = 1000000000 (custom)
2019-08-16 03:46:55,501 INFO  server.RaftServerConfigKeys (ConfUtils.java:logGet(43)) - raft.server.log.appender.buffer.byte-limit = 33554432 (custom)
2019-08-16 03:46:55,501 INFO  server.RaftServerConfigKeys (ConfUtils.java:logGet(43)) - raft.server.log.segment.size.max = 1048576 (custom)
2019-08-16 03:46:55,502 INFO  server.RaftServerConfigKeys (ConfUtils.java:logGet(43)) - raft.server.log.segment.cache.num.max = 2 (custom)
2019-08-16 03:46:55,502 INFO  segmented.SegmentedRaftLogWorker (SegmentedRaftLogWorker.java:<init>(172)) - new 2939930d-acd4-48d4-89eb-79cd5de2ca56-SegmentedRaftLogWorker:Storage Directory /workdir/hadoop-ozone/integration-test/target/test-dir/MiniOzoneClusterImpl-13174f42-ef49-4866-b213-01bb0baa1417/datanode-2/data/ratis/255da9e1-18e1-4e6c-9ee3-4ccc53248f02 for RaftStorage:Storage Directory /workdir/hadoop-ozone/integration-test/target/test-dir/MiniOzoneClusterImpl-13174f42-ef49-4866-b213-01bb0baa1417/datanode-2/data/ratis/255da9e1-18e1-4e6c-9ee3-4ccc53248f02
2019-08-16 03:46:55,502 INFO  server.RaftServerConfigKeys (ConfUtils.java:logGet(43)) - raft.server.log.queue.byte-limit = 2147483647 (custom)
2019-08-16 03:46:55,502 INFO  server.RaftServerConfigKeys (ConfUtils.java:logGet(43)) - raft.server.log.queue.element-limit = 1024 (custom)
2019-08-16 03:46:55,503 INFO  server.RaftServerConfigKeys (ConfUtils.java:logGet(43)) - raft.server.log.segment.size.max = 1048576 (custom)
2019-08-16 03:46:55,503 INFO  server.RaftServerConfigKeys (ConfUtils.java:logGet(43)) - raft.server.log.preallocated.size = 16384 (custom)
2019-08-16 03:46:55,503 INFO  server.RaftServerConfigKeys (ConfUtils.java:logGet(43)) - raft.server.log.write.buffer.size = 33554432 (custom)
2019-08-16 03:46:55,503 INFO  server.RaftServerConfigKeys (ConfUtils.java:logGet(43)) - raft.server.log.force.sync.num = 128 (default)
2019-08-16 03:46:55,503 INFO  server.RaftServerConfigKeys (ConfUtils.java:logGet(43)) - raft.server.log.statemachine.data.sync = true (default)
2019-08-16 03:46:55,504 INFO  server.RaftServerConfigKeys (ConfUtils.java:logGet(43)) - raft.server.log.statemachine.data.sync.timeout = 10s (default)
2019-08-16 03:46:55,504 INFO  server.RaftServerConfigKeys (ConfUtils.java:logGet(43)) - raft.server.log.statemachine.data.sync.timeout.retry = -1 (default)
2019-08-16 03:46:55,504 INFO  server.RaftServerConfigKeys (ConfUtils.java:logGet(43)) - raft.server.log.statemachine.data.caching.enabled = true (custom)
2019-08-16 03:46:55,505 INFO  segmented.SegmentedRaftLogWorker (SegmentedRaftLogWorker.java:lambda$new$0(132)) - 2939930d-acd4-48d4-89eb-79cd5de2ca56-SegmentedRaftLogWorker:Storage Directory /workdir/hadoop-ozone/integration-test/target/test-dir/MiniOzoneClusterImpl-13174f42-ef49-4866-b213-01bb0baa1417/datanode-2/data/ratis/255da9e1-18e1-4e6c-9ee3-4ccc53248f02: flushIndex: setUnconditionally 0 -> -1
2019-08-16 03:46:55,505 INFO  server.RaftServerConfigKeys (ConfUtils.java:logGet(43)) - raft.server.snapshot.auto.trigger.enabled = true (custom)
2019-08-16 03:46:55,505 INFO  server.RaftServerConfigKeys (ConfUtils.java:logGet(43)) - raft.server.snapshot.auto.trigger.threshold = 10000 (custom)
2019-08-16 03:46:55,506 INFO  server.RaftServerConfigKeys (ConfUtils.java:logGet(43)) - raft.server.retrycache.expirytime = 600000ms (custom)
2019-08-16 03:46:55,506 INFO  impl.RaftServerImpl (RaftServerImpl.java:start(180)) - 2939930d-acd4-48d4-89eb-79cd5de2ca56: start group-4CCC53248F02
2019-08-16 03:46:55,506 INFO  impl.RaftServerImpl (RaftServerImpl.java:setRole(171)) - 2939930d-acd4-48d4-89eb-79cd5de2ca56:group-4CCC53248F02 changes role from null to FOLLOWER at term 0 for startAsFollower
2019-08-16 03:46:55,506 INFO  impl.RoleInfo (RoleInfo.java:updateAndGet(143)) - 2939930d-acd4-48d4-89eb-79cd5de2ca56: start FollowerState
2019-08-16 03:46:55,507 INFO  util.JmxRegister (JmxRegister.java:tryRegister(44)) - Successfully registered JMX Bean with object name Ratis:service=RaftServer,group=group-4CCC53248F02,id=2939930d-acd4-48d4-89eb-79cd5de2ca56
2019-08-16 03:46:55,512 INFO  pipeline.PipelineStateManager (PipelineStateManager.java:addPipeline(56)) - Created pipeline Pipeline[ Id: 255da9e1-18e1-4e6c-9ee3-4ccc53248f02, Nodes: 2939930d-acd4-48d4-89eb-79cd5de2ca56{ip: 192.168.5.170, host: byscane-nightly-5jrvm-589107607, networkLocation: /default-rack, certSerialId: null}, Type:RATIS, Factor:ONE, State:OPEN]
2019-08-16 03:46:55,532 INFO  impl.RaftServerProxy (RaftServerProxy.java:addNew(89)) - 2939930d-acd4-48d4-89eb-79cd5de2ca56: addNew group-CD3F66E4333D:[2939930d-acd4-48d4-89eb-79cd5de2ca56:192.168.5.170:45096, 5a77de80-121b-47ee-b0e5-9998059859c0:192.168.5.170:34725, af0afe69-9a87-4d2a-8c9c-ba5c5ced1496:192.168.5.170:45266] returns group-CD3F66E4333D:java.util.concurrent.CompletableFuture@7828b671[Not completed]
2019-08-16 03:46:55,536 INFO  impl.RaftServerProxy (RaftServerProxy.java:addNew(89)) - 5a77de80-121b-47ee-b0e5-9998059859c0: addNew group-CD3F66E4333D:[2939930d-acd4-48d4-89eb-79cd5de2ca56:192.168.5.170:45096, 5a77de80-121b-47ee-b0e5-9998059859c0:192.168.5.170:34725, af0afe69-9a87-4d2a-8c9c-ba5c5ced1496:192.168.5.170:45266] returns group-CD3F66E4333D:java.util.concurrent.CompletableFuture@3e51c5b1[Not completed]
2019-08-16 03:46:55,539 INFO  impl.RaftServerProxy (RaftServerProxy.java:addNew(89)) - af0afe69-9a87-4d2a-8c9c-ba5c5ced1496: addNew group-CD3F66E4333D:[2939930d-acd4-48d4-89eb-79cd5de2ca56:192.168.5.170:45096, 5a77de80-121b-47ee-b0e5-9998059859c0:192.168.5.170:34725, af0afe69-9a87-4d2a-8c9c-ba5c5ced1496:192.168.5.170:45266] returns group-CD3F66E4333D:java.util.concurrent.CompletableFuture@11d0e6ad[Not completed]
2019-08-16 03:46:55,541 INFO  impl.RaftServerImpl (RaftServerImpl.java:<init>(93)) - 2939930d-acd4-48d4-89eb-79cd5de2ca56: new RaftServerImpl for group-CD3F66E4333D:[2939930d-acd4-48d4-89eb-79cd5de2ca56:192.168.5.170:45096, 5a77de80-121b-47ee-b0e5-9998059859c0:192.168.5.170:34725, af0afe69-9a87-4d2a-8c9c-ba5c5ced1496:192.168.5.170:45266] with ContainerStateMachine:uninitialized
2019-08-16 03:46:55,541 INFO  server.RaftServerConfigKeys (ConfUtils.java:logGet(43)) - raft.server.rpc.timeout.min = 5s (custom)
2019-08-16 03:46:55,541 INFO  server.RaftServerConfigKeys (ConfUtils.java:logGet(43)) - raft.server.rpc.timeout.max = 5200ms (custom)
2019-08-16 03:46:55,541 INFO  server.RaftServerConfigKeys (ConfUtils.java:logGet(43)) - raft.server.rpcslowness.timeout = 120s (custom)
2019-08-16 03:46:55,541 INFO  server.RaftServerConfigKeys (ConfUtils.java:logGet(43)) - raft.server.sleep.deviation.threshold = 300 (default)
2019-08-16 03:46:55,541 INFO  server.RaftServerConfigKeys (ConfUtils.java:logGet(43)) - raft.server.log.appender.install.snapshot.enabled = false (custom)
2019-08-16 03:46:55,542 INFO  impl.RaftServerImpl (ServerState.java:<init>(105)) - 2939930d-acd4-48d4-89eb-79cd5de2ca56:group-CD3F66E4333D ConfigurationManager, init=-1: [2939930d-acd4-48d4-89eb-79cd5de2ca56:192.168.5.170:45096, 5a77de80-121b-47ee-b0e5-9998059859c0:192.168.5.170:34725, af0afe69-9a87-4d2a-8c9c-ba5c5ced1496:192.168.5.170:45266], old=null, confs=<EMPTY_MAP>
2019-08-16 03:46:55,542 INFO  server.RaftServerConfigKeys (ConfUtils.java:logGet(43)) - raft.server.storage.dir = [/workdir/hadoop-ozone/integration-test/target/test-dir/MiniOzoneClusterImpl-13174f42-ef49-4866-b213-01bb0baa1417/datanode-2/data/ratis] (custom)
2019-08-16 03:46:55,542 INFO  impl.RaftServerImpl (RaftServerImpl.java:<init>(93)) - af0afe69-9a87-4d2a-8c9c-ba5c5ced1496: new RaftServerImpl for group-CD3F66E4333D:[2939930d-acd4-48d4-89eb-79cd5de2ca56:192.168.5.170:45096, 5a77de80-121b-47ee-b0e5-9998059859c0:192.168.5.170:34725, af0afe69-9a87-4d2a-8c9c-ba5c5ced1496:192.168.5.170:45266] with ContainerStateMachine:uninitialized
2019-08-16 03:46:55,542 INFO  server.RaftServerConfigKeys (ConfUtils.java:logGet(43)) - raft.server.rpc.timeout.min = 5s (custom)
2019-08-16 03:46:55,542 INFO  storage.RaftStorageDirectory (RaftStorageDirectory.java:analyzeStorage(246)) - The storage directory /workdir/hadoop-ozone/integration-test/target/test-dir/MiniOzoneClusterImpl-13174f42-ef49-4866-b213-01bb0baa1417/datanode-2/data/ratis/8bd0f8ac-c0be-4f2e-a561-cd3f66e4333d does not exist. Creating ...
2019-08-16 03:46:55,543 INFO  server.RaftServerConfigKeys (ConfUtils.java:logGet(43)) - raft.server.rpc.timeout.max = 5200ms (custom)
2019-08-16 03:46:55,543 INFO  server.RaftServerConfigKeys (ConfUtils.java:logGet(43)) - raft.server.rpcslowness.timeout = 120s (custom)
2019-08-16 03:46:55,543 INFO  server.RaftServerConfigKeys (ConfUtils.java:logGet(43)) - raft.server.sleep.deviation.threshold = 300 (default)
2019-08-16 03:46:55,543 INFO  impl.RaftServerImpl (RaftServerImpl.java:<init>(93)) - 5a77de80-121b-47ee-b0e5-9998059859c0: new RaftServerImpl for group-CD3F66E4333D:[2939930d-acd4-48d4-89eb-79cd5de2ca56:192.168.5.170:45096, 5a77de80-121b-47ee-b0e5-9998059859c0:192.168.5.170:34725, af0afe69-9a87-4d2a-8c9c-ba5c5ced1496:192.168.5.170:45266] with ContainerStateMachine:uninitialized
2019-08-16 03:46:55,543 INFO  server.RaftServerConfigKeys (ConfUtils.java:logGet(43)) - raft.server.log.appender.install.snapshot.enabled = false (custom)
2019-08-16 03:46:55,544 INFO  server.RaftServerConfigKeys (ConfUtils.java:logGet(43)) - raft.server.rpc.timeout.min = 5s (custom)
2019-08-16 03:46:55,544 INFO  impl.RaftServerImpl (ServerState.java:<init>(105)) - af0afe69-9a87-4d2a-8c9c-ba5c5ced1496:group-CD3F66E4333D ConfigurationManager, init=-1: [2939930d-acd4-48d4-89eb-79cd5de2ca56:192.168.5.170:45096, 5a77de80-121b-47ee-b0e5-9998059859c0:192.168.5.170:34725, af0afe69-9a87-4d2a-8c9c-ba5c5ced1496:192.168.5.170:45266], old=null, confs=<EMPTY_MAP>
2019-08-16 03:46:55,544 INFO  server.RaftServerConfigKeys (ConfUtils.java:logGet(43)) - raft.server.rpc.timeout.max = 5200ms (custom)
2019-08-16 03:46:55,544 INFO  server.RaftServerConfigKeys (ConfUtils.java:logGet(43)) - raft.server.storage.dir = [/workdir/hadoop-ozone/integration-test/target/test-dir/MiniOzoneClusterImpl-13174f42-ef49-4866-b213-01bb0baa1417/datanode-1/data/ratis] (custom)
2019-08-16 03:46:55,544 INFO  server.RaftServerConfigKeys (ConfUtils.java:logGet(43)) - raft.server.rpcslowness.timeout = 120s (custom)
2019-08-16 03:46:55,545 INFO  server.RaftServerConfigKeys (ConfUtils.java:logGet(43)) - raft.server.sleep.deviation.threshold = 300 (default)
2019-08-16 03:46:55,545 INFO  server.RaftServerConfigKeys (ConfUtils.java:logGet(43)) - raft.server.log.appender.install.snapshot.enabled = false (custom)
2019-08-16 03:46:55,545 INFO  storage.RaftStorageDirectory (RaftStorageDirectory.java:analyzeStorage(246)) - The storage directory /workdir/hadoop-ozone/integration-test/target/test-dir/MiniOzoneClusterImpl-13174f42-ef49-4866-b213-01bb0baa1417/datanode-1/data/ratis/8bd0f8ac-c0be-4f2e-a561-cd3f66e4333d does not exist. Creating ...
2019-08-16 03:46:55,545 INFO  impl.RaftServerImpl (ServerState.java:<init>(105)) - 5a77de80-121b-47ee-b0e5-9998059859c0:group-CD3F66E4333D ConfigurationManager, init=-1: [2939930d-acd4-48d4-89eb-79cd5de2ca56:192.168.5.170:45096, 5a77de80-121b-47ee-b0e5-9998059859c0:192.168.5.170:34725, af0afe69-9a87-4d2a-8c9c-ba5c5ced1496:192.168.5.170:45266], old=null, confs=<EMPTY_MAP>
2019-08-16 03:46:55,545 INFO  server.RaftServerConfigKeys (ConfUtils.java:logGet(43)) - raft.server.storage.dir = [/workdir/hadoop-ozone/integration-test/target/test-dir/MiniOzoneClusterImpl-13174f42-ef49-4866-b213-01bb0baa1417/datanode-0/data/ratis] (custom)
2019-08-16 03:46:55,546 INFO  storage.RaftStorageDirectory (RaftStorageDirectory.java:analyzeStorage(246)) - The storage directory /workdir/hadoop-ozone/integration-test/target/test-dir/MiniOzoneClusterImpl-13174f42-ef49-4866-b213-01bb0baa1417/datanode-0/data/ratis/8bd0f8ac-c0be-4f2e-a561-cd3f66e4333d does not exist. Creating ...
2019-08-16 03:46:55,568 INFO  storage.RaftStorageDirectory (RaftStorageDirectory.java:tryLock(328)) - Lock on /workdir/hadoop-ozone/integration-test/target/test-dir/MiniOzoneClusterImpl-13174f42-ef49-4866-b213-01bb0baa1417/datanode-0/data/ratis/8bd0f8ac-c0be-4f2e-a561-cd3f66e4333d/in_use.lock acquired by nodename 15931@byscane-nightly-5jrvm-589107607
2019-08-16 03:46:55,568 INFO  storage.RaftStorageDirectory (RaftStorageDirectory.java:tryLock(328)) - Lock on /workdir/hadoop-ozone/integration-test/target/test-dir/MiniOzoneClusterImpl-13174f42-ef49-4866-b213-01bb0baa1417/datanode-1/data/ratis/8bd0f8ac-c0be-4f2e-a561-cd3f66e4333d/in_use.lock acquired by nodename 15931@byscane-nightly-5jrvm-589107607
2019-08-16 03:46:55,568 INFO  storage.RaftStorageDirectory (RaftStorageDirectory.java:tryLock(328)) - Lock on /workdir/hadoop-ozone/integration-test/target/test-dir/MiniOzoneClusterImpl-13174f42-ef49-4866-b213-01bb0baa1417/datanode-2/data/ratis/8bd0f8ac-c0be-4f2e-a561-cd3f66e4333d/in_use.lock acquired by nodename 15931@byscane-nightly-5jrvm-589107607
2019-08-16 03:46:55,594 INFO  storage.RaftStorage (RaftStorage.java:format(72)) - Storage directory /workdir/hadoop-ozone/integration-test/target/test-dir/MiniOzoneClusterImpl-13174f42-ef49-4866-b213-01bb0baa1417/datanode-2/data/ratis/8bd0f8ac-c0be-4f2e-a561-cd3f66e4333d has been successfully formatted.
2019-08-16 03:46:55,594 INFO  storage.RaftStorage (RaftStorage.java:format(72)) - Storage directory /workdir/hadoop-ozone/integration-test/target/test-dir/MiniOzoneClusterImpl-13174f42-ef49-4866-b213-01bb0baa1417/datanode-1/data/ratis/8bd0f8ac-c0be-4f2e-a561-cd3f66e4333d has been successfully formatted.
2019-08-16 03:46:55,594 INFO  ratis.ContainerStateMachine (ContainerStateMachine.java:loadSnapshot(213)) - group-CD3F66E4333D: The snapshot info is null. Setting the last applied indexto:(t:0, i:~)
2019-08-16 03:46:55,594 INFO  storage.RaftStorage (RaftStorage.java:format(72)) - Storage directory /workdir/hadoop-ozone/integration-test/target/test-dir/MiniOzoneClusterImpl-13174f42-ef49-4866-b213-01bb0baa1417/datanode-0/data/ratis/8bd0f8ac-c0be-4f2e-a561-cd3f66e4333d has been successfully formatted.
2019-08-16 03:46:55,594 INFO  ratis.ContainerStateMachine (ContainerStateMachine.java:loadSnapshot(213)) - group-CD3F66E4333D: The snapshot info is null. Setting the last applied indexto:(t:0, i:~)
2019-08-16 03:46:55,594 INFO  ratis.ContainerStateMachine (ContainerStateMachine.java:loadSnapshot(213)) - group-CD3F66E4333D: The snapshot info is null. Setting the last applied indexto:(t:0, i:~)
2019-08-16 03:46:55,594 INFO  server.RaftServerConfigKeys (ConfUtils.java:logGet(43)) - raft.server.leader.election.timeout = 120s (custom)
2019-08-16 03:46:55,595 INFO  server.RaftServerConfigKeys (ConfUtils.java:logGet(43)) - raft.server.leader.election.timeout = 120s (custom)
2019-08-16 03:46:55,595 INFO  server.RaftServerConfigKeys (ConfUtils.java:logGet(43)) - raft.server.leader.election.timeout = 120s (custom)
2019-08-16 03:46:55,595 INFO  server.RaftServerConfigKeys (ConfUtils.java:logGet(43)) - raft.server.log.use.memory = false (default)
2019-08-16 03:46:55,595 INFO  server.RaftServerConfigKeys (ConfUtils.java:logGet(43)) - raft.server.log.use.memory = false (default)
2019-08-16 03:46:55,596 INFO  server.RaftServerConfigKeys (ConfUtils.java:logGet(43)) - raft.server.log.purge.gap = 1000000000 (custom)
2019-08-16 03:46:55,595 INFO  server.RaftServerConfigKeys (ConfUtils.java:logGet(43)) - raft.server.log.use.memory = false (default)
2019-08-16 03:46:55,596 INFO  server.RaftServerConfigKeys (ConfUtils.java:logGet(43)) - raft.server.log.appender.buffer.byte-limit = 33554432 (custom)
2019-08-16 03:46:55,596 INFO  server.RaftServerConfigKeys (ConfUtils.java:logGet(43)) - raft.server.log.purge.gap = 1000000000 (custom)
2019-08-16 03:46:55,597 INFO  server.RaftServerConfigKeys (ConfUtils.java:logGet(43)) - raft.server.log.segment.size.max = 1048576 (custom)
2019-08-16 03:46:55,596 INFO  server.RaftServerConfigKeys (ConfUtils.java:logGet(43)) - raft.server.log.purge.gap = 1000000000 (custom)
2019-08-16 03:46:55,597 INFO  server.RaftServerConfigKeys (ConfUtils.java:logGet(43)) - raft.server.log.segment.cache.num.max = 2 (custom)
2019-08-16 03:46:55,597 INFO  segmented.SegmentedRaftLogWorker (SegmentedRaftLogWorker.java:<init>(172)) - new 5a77de80-121b-47ee-b0e5-9998059859c0-SegmentedRaftLogWorker:Storage Directory /workdir/hadoop-ozone/integration-test/target/test-dir/MiniOzoneClusterImpl-13174f42-ef49-4866-b213-01bb0baa1417/datanode-0/data/ratis/8bd0f8ac-c0be-4f2e-a561-cd3f66e4333d for RaftStorage:Storage Directory /workdir/hadoop-ozone/integration-test/target/test-dir/MiniOzoneClusterImpl-13174f42-ef49-4866-b213-01bb0baa1417/datanode-0/data/ratis/8bd0f8ac-c0be-4f2e-a561-cd3f66e4333d
2019-08-16 03:46:55,597 INFO  server.RaftServerConfigKeys (ConfUtils.java:logGet(43)) - raft.server.log.appender.buffer.byte-limit = 33554432 (custom)
2019-08-16 03:46:55,597 INFO  server.RaftServerConfigKeys (ConfUtils.java:logGet(43)) - raft.server.log.queue.byte-limit = 2147483647 (custom)
2019-08-16 03:46:55,597 INFO  server.RaftServerConfigKeys (ConfUtils.java:logGet(43)) - raft.server.log.appender.buffer.byte-limit = 33554432 (custom)
2019-08-16 03:46:55,598 INFO  server.RaftServerConfigKeys (ConfUtils.java:logGet(43)) - raft.server.log.queue.element-limit = 1024 (custom)
2019-08-16 03:46:55,598 INFO  server.RaftServerConfigKeys (ConfUtils.java:logGet(43)) - raft.server.log.segment.size.max = 1048576 (custom)
2019-08-16 03:46:55,598 INFO  server.RaftServerConfigKeys (ConfUtils.java:logGet(43)) - raft.server.log.segment.size.max = 1048576 (custom)
2019-08-16 03:46:55,598 INFO  server.RaftServerConfigKeys (ConfUtils.java:logGet(43)) - raft.server.log.segment.size.max = 1048576 (custom)
2019-08-16 03:46:55,599 INFO  server.RaftServerConfigKeys (ConfUtils.java:logGet(43)) - raft.server.log.preallocated.size = 16384 (custom)
2019-08-16 03:46:55,599 INFO  server.RaftServerConfigKeys (ConfUtils.java:logGet(43)) - raft.server.log.write.buffer.size = 33554432 (custom)
2019-08-16 03:46:55,598 INFO  server.RaftServerConfigKeys (ConfUtils.java:logGet(43)) - raft.server.log.segment.cache.num.max = 2 (custom)
2019-08-16 03:46:55,599 INFO  server.RaftServerConfigKeys (ConfUtils.java:logGet(43)) - raft.server.log.force.sync.num = 128 (default)
2019-08-16 03:46:55,599 INFO  server.RaftServerConfigKeys (ConfUtils.java:logGet(43)) - raft.server.log.segment.cache.num.max = 2 (custom)
2019-08-16 03:46:55,600 INFO  server.RaftServerConfigKeys (ConfUtils.java:logGet(43)) - raft.server.log.statemachine.data.sync = true (default)
2019-08-16 03:46:55,600 INFO  server.RaftServerConfigKeys (ConfUtils.java:logGet(43)) - raft.server.log.statemachine.data.sync.timeout = 10s (default)
2019-08-16 03:46:55,599 INFO  segmented.SegmentedRaftLogWorker (SegmentedRaftLogWorker.java:<init>(172)) - new 2939930d-acd4-48d4-89eb-79cd5de2ca56-SegmentedRaftLogWorker:Storage Directory /workdir/hadoop-ozone/integration-test/target/test-dir/MiniOzoneClusterImpl-13174f42-ef49-4866-b213-01bb0baa1417/datanode-2/data/ratis/8bd0f8ac-c0be-4f2e-a561-cd3f66e4333d for RaftStorage:Storage Directory /workdir/hadoop-ozone/integration-test/target/test-dir/MiniOzoneClusterImpl-13174f42-ef49-4866-b213-01bb0baa1417/datanode-2/data/ratis/8bd0f8ac-c0be-4f2e-a561-cd3f66e4333d
2019-08-16 03:46:55,600 INFO  server.RaftServerConfigKeys (ConfUtils.java:logGet(43)) - raft.server.log.statemachine.data.sync.timeout.retry = -1 (default)
2019-08-16 03:46:55,600 INFO  segmented.SegmentedRaftLogWorker (SegmentedRaftLogWorker.java:<init>(172)) - new af0afe69-9a87-4d2a-8c9c-ba5c5ced1496-SegmentedRaftLogWorker:Storage Directory /workdir/hadoop-ozone/integration-test/target/test-dir/MiniOzoneClusterImpl-13174f42-ef49-4866-b213-01bb0baa1417/datanode-1/data/ratis/8bd0f8ac-c0be-4f2e-a561-cd3f66e4333d for RaftStorage:Storage Directory /workdir/hadoop-ozone/integration-test/target/test-dir/MiniOzoneClusterImpl-13174f42-ef49-4866-b213-01bb0baa1417/datanode-1/data/ratis/8bd0f8ac-c0be-4f2e-a561-cd3f66e4333d
2019-08-16 03:46:55,601 INFO  server.RaftServerConfigKeys (ConfUtils.java:logGet(43)) - raft.server.log.statemachine.data.caching.enabled = true (custom)
2019-08-16 03:46:55,600 INFO  server.RaftServerConfigKeys (ConfUtils.java:logGet(43)) - raft.server.log.queue.byte-limit = 2147483647 (custom)
2019-08-16 03:46:55,601 INFO  segmented.SegmentedRaftLogWorker (SegmentedRaftLogWorker.java:lambda$new$0(132)) - 5a77de80-121b-47ee-b0e5-9998059859c0-SegmentedRaftLogWorker:Storage Directory /workdir/hadoop-ozone/integration-test/target/test-dir/MiniOzoneClusterImpl-13174f42-ef49-4866-b213-01bb0baa1417/datanode-0/data/ratis/8bd0f8ac-c0be-4f2e-a561-cd3f66e4333d: flushIndex: setUnconditionally 0 -> -1
2019-08-16 03:46:55,601 INFO  server.RaftServerConfigKeys (ConfUtils.java:logGet(43)) - raft.server.log.queue.byte-limit = 2147483647 (custom)
2019-08-16 03:46:55,602 INFO  server.RaftServerConfigKeys (ConfUtils.java:logGet(43)) - raft.server.log.queue.element-limit = 1024 (custom)
2019-08-16 03:46:55,601 INFO  server.RaftServerConfigKeys (ConfUtils.java:logGet(43)) - raft.server.log.queue.element-limit = 1024 (custom)
2019-08-16 03:46:55,602 INFO  server.RaftServerConfigKeys (ConfUtils.java:logGet(43)) - raft.server.log.segment.size.max = 1048576 (custom)
2019-08-16 03:46:55,602 INFO  server.RaftServerConfigKeys (ConfUtils.java:logGet(43)) - raft.server.snapshot.auto.trigger.enabled = true (custom)
2019-08-16 03:46:55,602 INFO  server.RaftServerConfigKeys (ConfUtils.java:logGet(43)) - raft.server.log.preallocated.size = 16384 (custom)
2019-08-16 03:46:55,603 INFO  server.RaftServerConfigKeys (ConfUtils.java:logGet(43)) - raft.server.log.write.buffer.size = 33554432 (custom)
2019-08-16 03:46:55,602 INFO  server.RaftServerConfigKeys (ConfUtils.java:logGet(43)) - raft.server.log.segment.size.max = 1048576 (custom)
2019-08-16 03:46:55,603 INFO  server.RaftServerConfigKeys (ConfUtils.java:logGet(43)) - raft.server.log.force.sync.num = 128 (default)
2019-08-16 03:46:55,602 INFO  server.RaftServerConfigKeys (ConfUtils.java:logGet(43)) - raft.server.snapshot.auto.trigger.threshold = 10000 (custom)
2019-08-16 03:46:55,603 INFO  server.RaftServerConfigKeys (ConfUtils.java:logGet(43)) - raft.server.log.statemachine.data.sync = true (default)
2019-08-16 03:46:55,603 INFO  server.RaftServerConfigKeys (ConfUtils.java:logGet(43)) - raft.server.retrycache.expirytime = 600000ms (custom)
2019-08-16 03:46:55,603 INFO  server.RaftServerConfigKeys (ConfUtils.java:logGet(43)) - raft.server.log.preallocated.size = 16384 (custom)
2019-08-16 03:46:55,604 INFO  impl.RaftServerImpl (RaftServerImpl.java:start(180)) - 5a77de80-121b-47ee-b0e5-9998059859c0: start group-CD3F66E4333D
2019-08-16 03:46:55,604 INFO  server.RaftServerConfigKeys (ConfUtils.java:logGet(43)) - raft.server.log.statemachine.data.sync.timeout = 10s (default)
2019-08-16 03:46:55,604 INFO  impl.RaftServerImpl (RaftServerImpl.java:setRole(171)) - 5a77de80-121b-47ee-b0e5-9998059859c0:group-CD3F66E4333D changes role from null to FOLLOWER at term 0 for startAsFollower
2019-08-16 03:46:55,604 INFO  server.RaftServerConfigKeys (ConfUtils.java:logGet(43)) - raft.server.log.write.buffer.size = 33554432 (custom)
2019-08-16 03:46:55,605 INFO  impl.RoleInfo (RoleInfo.java:updateAndGet(143)) - 5a77de80-121b-47ee-b0e5-9998059859c0: start FollowerState
2019-08-16 03:46:55,604 INFO  server.RaftServerConfigKeys (ConfUtils.java:logGet(43)) - raft.server.log.statemachine.data.sync.timeout.retry = -1 (default)
2019-08-16 03:46:55,605 INFO  server.RaftServerConfigKeys (ConfUtils.java:logGet(43)) - raft.server.log.force.sync.num = 128 (default)
2019-08-16 03:46:55,624 INFO  util.JmxRegister (JmxRegister.java:tryRegister(44)) - Successfully registered JMX Bean with object name Ratis:service=RaftServer,group=group-CD3F66E4333D,id=5a77de80-121b-47ee-b0e5-9998059859c0
2019-08-16 03:46:55,605 INFO  server.RaftServerConfigKeys (ConfUtils.java:logGet(43)) - raft.server.log.statemachine.data.caching.enabled = true (custom)
2019-08-16 03:46:55,624 INFO  server.RaftServerConfigKeys (ConfUtils.java:logGet(43)) - raft.server.log.statemachine.data.sync = true (default)
2019-08-16 03:46:55,632 INFO  server.RaftServerConfigKeys (ConfUtils.java:logGet(43)) - raft.server.log.statemachine.data.sync.timeout = 10s (default)
2019-08-16 03:46:55,633 INFO  segmented.SegmentedRaftLogWorker (SegmentedRaftLogWorker.java:lambda$new$0(132)) - af0afe69-9a87-4d2a-8c9c-ba5c5ced1496-SegmentedRaftLogWorker:Storage Directory /workdir/hadoop-ozone/integration-test/target/test-dir/MiniOzoneClusterImpl-13174f42-ef49-4866-b213-01bb0baa1417/datanode-1/data/ratis/8bd0f8ac-c0be-4f2e-a561-cd3f66e4333d: flushIndex: setUnconditionally 0 -> -1
2019-08-16 03:46:55,633 INFO  server.RaftServerConfigKeys (ConfUtils.java:logGet(43)) - raft.server.log.statemachine.data.sync.timeout.retry = -1 (default)
2019-08-16 03:46:55,633 INFO  server.RaftServerConfigKeys (ConfUtils.java:logGet(43)) - raft.server.snapshot.auto.trigger.enabled = true (custom)
2019-08-16 03:46:55,633 INFO  server.RaftServerConfigKeys (ConfUtils.java:logGet(43)) - raft.server.log.statemachine.data.caching.enabled = true (custom)
2019-08-16 03:46:55,633 INFO  server.RaftServerConfigKeys (ConfUtils.java:logGet(43)) - raft.server.snapshot.auto.trigger.threshold = 10000 (custom)
2019-08-16 03:46:55,634 INFO  segmented.SegmentedRaftLogWorker (SegmentedRaftLogWorker.java:lambda$new$0(132)) - 2939930d-acd4-48d4-89eb-79cd5de2ca56-SegmentedRaftLogWorker:Storage Directory /workdir/hadoop-ozone/integration-test/target/test-dir/MiniOzoneClusterImpl-13174f42-ef49-4866-b213-01bb0baa1417/datanode-2/data/ratis/8bd0f8ac-c0be-4f2e-a561-cd3f66e4333d: flushIndex: setUnconditionally 0 -> -1
2019-08-16 03:46:55,634 INFO  server.RaftServerConfigKeys (ConfUtils.java:logGet(43)) - raft.server.retrycache.expirytime = 600000ms (custom)
2019-08-16 03:46:55,634 INFO  server.RaftServerConfigKeys (ConfUtils.java:logGet(43)) - raft.server.snapshot.auto.trigger.enabled = true (custom)
2019-08-16 03:46:55,634 INFO  impl.RaftServerImpl (RaftServerImpl.java:start(180)) - af0afe69-9a87-4d2a-8c9c-ba5c5ced1496: start group-CD3F66E4333D
2019-08-16 03:46:55,636 INFO  server.RaftServerConfigKeys (ConfUtils.java:logGet(43)) - raft.server.snapshot.auto.trigger.threshold = 10000 (custom)
2019-08-16 03:46:55,637 INFO  impl.RaftServerImpl (RaftServerImpl.java:setRole(171)) - af0afe69-9a87-4d2a-8c9c-ba5c5ced1496:group-CD3F66E4333D changes role from null to FOLLOWER at term 0 for startAsFollower
2019-08-16 03:46:55,637 INFO  server.RaftServerConfigKeys (ConfUtils.java:logGet(43)) - raft.server.retrycache.expirytime = 600000ms (custom)
2019-08-16 03:46:55,637 INFO  impl.RoleInfo (RoleInfo.java:updateAndGet(143)) - af0afe69-9a87-4d2a-8c9c-ba5c5ced1496: start FollowerState
2019-08-16 03:46:55,637 INFO  impl.RaftServerImpl (RaftServerImpl.java:start(180)) - 2939930d-acd4-48d4-89eb-79cd5de2ca56: start group-CD3F66E4333D
2019-08-16 03:46:55,637 INFO  impl.RaftServerImpl (RaftServerImpl.java:setRole(171)) - 2939930d-acd4-48d4-89eb-79cd5de2ca56:group-CD3F66E4333D changes role from null to FOLLOWER at term 0 for startAsFollower
2019-08-16 03:46:55,638 INFO  impl.RoleInfo (RoleInfo.java:updateAndGet(143)) - 2939930d-acd4-48d4-89eb-79cd5de2ca56: start FollowerState
2019-08-16 03:46:55,638 INFO  util.JmxRegister (JmxRegister.java:tryRegister(44)) - Successfully registered JMX Bean with object name Ratis:service=RaftServer,group=group-CD3F66E4333D,id=af0afe69-9a87-4d2a-8c9c-ba5c5ced1496
2019-08-16 03:46:55,638 INFO  util.JmxRegister (JmxRegister.java:tryRegister(44)) - Successfully registered JMX Bean with object name Ratis:service=RaftServer,group=group-CD3F66E4333D,id=2939930d-acd4-48d4-89eb-79cd5de2ca56
2019-08-16 03:46:55,646 INFO  pipeline.PipelineStateManager (PipelineStateManager.java:addPipeline(56)) - Created pipeline Pipeline[ Id: 8bd0f8ac-c0be-4f2e-a561-cd3f66e4333d, Nodes: af0afe69-9a87-4d2a-8c9c-ba5c5ced1496{ip: 192.168.5.170, host: byscane-nightly-5jrvm-589107607, networkLocation: /default-rack, certSerialId: null}2939930d-acd4-48d4-89eb-79cd5de2ca56{ip: 192.168.5.170, host: byscane-nightly-5jrvm-589107607, networkLocation: /default-rack, certSerialId: null}5a77de80-121b-47ee-b0e5-9998059859c0{ip: 192.168.5.170, host: byscane-nightly-5jrvm-589107607, networkLocation: /default-rack, certSerialId: null}, Type:RATIS, Factor:THREE, State:OPEN]
2019-08-16 03:46:55,646 INFO  net.NetworkTopology (NetworkTopologyImpl.java:add(110)) - Added a new node: /default-rack/74f4742b-e403-4620-b2db-8f37b530ba0a
2019-08-16 03:46:55,647 INFO  node.SCMNodeManager (SCMNodeManager.java:register(273)) - Registered Data node : 74f4742b-e403-4620-b2db-8f37b530ba0a{ip: 192.168.5.170, host: byscane-nightly-5jrvm-589107607, networkLocation: /default-rack, certSerialId: null}
2019-08-16 03:46:55,840 INFO  net.NetworkTopology (NetworkTopologyImpl.java:add(110)) - Added a new node: /default-rack/49a1814f-e138-4ff1-ad4e-f524b08086c9
2019-08-16 03:46:55,840 INFO  node.SCMNodeManager (SCMNodeManager.java:register(273)) - Registered Data node : 49a1814f-e138-4ff1-ad4e-f524b08086c9{ip: 192.168.5.170, host: byscane-nightly-5jrvm-589107607, networkLocation: /default-rack, certSerialId: null}
2019-08-16 03:46:55,861 INFO  impl.RaftServerProxy (RaftServerProxy.java:addNew(89)) - 49a1814f-e138-4ff1-ad4e-f524b08086c9: addNew group-649FA1EA2B8C:[49a1814f-e138-4ff1-ad4e-f524b08086c9:192.168.5.170:40431] returns group-649FA1EA2B8C:java.util.concurrent.CompletableFuture@7b5570e9[Not completed]
2019-08-16 03:46:55,868 INFO  impl.RaftServerImpl (RaftServerImpl.java:<init>(93)) - 49a1814f-e138-4ff1-ad4e-f524b08086c9: new RaftServerImpl for group-649FA1EA2B8C:[49a1814f-e138-4ff1-ad4e-f524b08086c9:192.168.5.170:40431] with ContainerStateMachine:uninitialized
2019-08-16 03:46:55,868 INFO  server.RaftServerConfigKeys (ConfUtils.java:logGet(43)) - raft.server.rpc.timeout.min = 5s (custom)
2019-08-16 03:46:55,868 INFO  server.RaftServerConfigKeys (ConfUtils.java:logGet(43)) - raft.server.rpc.timeout.max = 5200ms (custom)
2019-08-16 03:46:55,869 INFO  server.RaftServerConfigKeys (ConfUtils.java:logGet(43)) - raft.server.rpcslowness.timeout = 120s (custom)
2019-08-16 03:46:55,869 INFO  server.RaftServerConfigKeys (ConfUtils.java:logGet(43)) - raft.server.sleep.deviation.threshold = 300 (default)
2019-08-16 03:46:55,869 INFO  server.RaftServerConfigKeys (ConfUtils.java:logGet(43)) - raft.server.log.appender.install.snapshot.enabled = false (custom)
2019-08-16 03:46:55,869 INFO  impl.RaftServerImpl (ServerState.java:<init>(105)) - 49a1814f-e138-4ff1-ad4e-f524b08086c9:group-649FA1EA2B8C ConfigurationManager, init=-1: [49a1814f-e138-4ff1-ad4e-f524b08086c9:192.168.5.170:40431], old=null, confs=<EMPTY_MAP>
2019-08-16 03:46:55,870 INFO  server.RaftServerConfigKeys (ConfUtils.java:logGet(43)) - raft.server.storage.dir = [/workdir/hadoop-ozone/integration-test/target/test-dir/MiniOzoneClusterImpl-13174f42-ef49-4866-b213-01bb0baa1417/datanode-4/data/ratis] (custom)
2019-08-16 03:46:55,870 INFO  storage.RaftStorageDirectory (RaftStorageDirectory.java:analyzeStorage(246)) - The storage directory /workdir/hadoop-ozone/integration-test/target/test-dir/MiniOzoneClusterImpl-13174f42-ef49-4866-b213-01bb0baa1417/datanode-4/data/ratis/69773623-517f-4bda-a9ec-649fa1ea2b8c does not exist. Creating ...
2019-08-16 03:46:55,896 INFO  storage.RaftStorageDirectory (RaftStorageDirectory.java:tryLock(328)) - Lock on /workdir/hadoop-ozone/integration-test/target/test-dir/MiniOzoneClusterImpl-13174f42-ef49-4866-b213-01bb0baa1417/datanode-4/data/ratis/69773623-517f-4bda-a9ec-649fa1ea2b8c/in_use.lock acquired by nodename 15931@byscane-nightly-5jrvm-589107607
2019-08-16 03:46:55,909 INFO  storage.RaftStorage (RaftStorage.java:format(72)) - Storage directory /workdir/hadoop-ozone/integration-test/target/test-dir/MiniOzoneClusterImpl-13174f42-ef49-4866-b213-01bb0baa1417/datanode-4/data/ratis/69773623-517f-4bda-a9ec-649fa1ea2b8c has been successfully formatted.
2019-08-16 03:46:55,909 INFO  ratis.ContainerStateMachine (ContainerStateMachine.java:loadSnapshot(213)) - group-649FA1EA2B8C: The snapshot info is null. Setting the last applied indexto:(t:0, i:~)
2019-08-16 03:46:55,910 INFO  server.RaftServerConfigKeys (ConfUtils.java:logGet(43)) - raft.server.leader.election.timeout = 120s (custom)
2019-08-16 03:46:55,910 INFO  server.RaftServerConfigKeys (ConfUtils.java:logGet(43)) - raft.server.log.use.memory = false (default)
2019-08-16 03:46:55,910 INFO  server.RaftServerConfigKeys (ConfUtils.java:logGet(43)) - raft.server.log.purge.gap = 1000000000 (custom)
2019-08-16 03:46:55,910 INFO  server.RaftServerConfigKeys (ConfUtils.java:logGet(43)) - raft.server.log.appender.buffer.byte-limit = 33554432 (custom)
2019-08-16 03:46:55,911 INFO  server.RaftServerConfigKeys (ConfUtils.java:logGet(43)) - raft.server.log.segment.size.max = 1048576 (custom)
2019-08-16 03:46:55,911 INFO  server.RaftServerConfigKeys (ConfUtils.java:logGet(43)) - raft.server.log.segment.cache.num.max = 2 (custom)
2019-08-16 03:46:55,911 INFO  segmented.SegmentedRaftLogWorker (SegmentedRaftLogWorker.java:<init>(172)) - new 49a1814f-e138-4ff1-ad4e-f524b08086c9-SegmentedRaftLogWorker:Storage Directory /workdir/hadoop-ozone/integration-test/target/test-dir/MiniOzoneClusterImpl-13174f42-ef49-4866-b213-01bb0baa1417/datanode-4/data/ratis/69773623-517f-4bda-a9ec-649fa1ea2b8c for RaftStorage:Storage Directory /workdir/hadoop-ozone/integration-test/target/test-dir/MiniOzoneClusterImpl-13174f42-ef49-4866-b213-01bb0baa1417/datanode-4/data/ratis/69773623-517f-4bda-a9ec-649fa1ea2b8c
2019-08-16 03:46:55,912 INFO  server.RaftServerConfigKeys (ConfUtils.java:logGet(43)) - raft.server.log.queue.byte-limit = 2147483647 (custom)
2019-08-16 03:46:55,912 INFO  server.RaftServerConfigKeys (ConfUtils.java:logGet(43)) - raft.server.log.queue.element-limit = 1024 (custom)
2019-08-16 03:46:55,912 INFO  server.RaftServerConfigKeys (ConfUtils.java:logGet(43)) - raft.server.log.segment.size.max = 1048576 (custom)
2019-08-16 03:46:55,912 INFO  server.RaftServerConfigKeys (ConfUtils.java:logGet(43)) - raft.server.log.preallocated.size = 16384 (custom)
2019-08-16 03:46:55,913 INFO  server.RaftServerConfigKeys (ConfUtils.java:logGet(43)) - raft.server.log.write.buffer.size = 33554432 (custom)
2019-08-16 03:46:55,913 INFO  server.RaftServerConfigKeys (ConfUtils.java:logGet(43)) - raft.server.log.force.sync.num = 128 (default)
2019-08-16 03:46:55,913 INFO  server.RaftServerConfigKeys (ConfUtils.java:logGet(43)) - raft.server.log.statemachine.data.sync = true (default)
2019-08-16 03:46:55,913 INFO  server.RaftServerConfigKeys (ConfUtils.java:logGet(43)) - raft.server.log.statemachine.data.sync.timeout = 10s (default)
2019-08-16 03:46:55,914 INFO  server.RaftServerConfigKeys (ConfUtils.java:logGet(43)) - raft.server.log.statemachine.data.sync.timeout.retry = -1 (default)
2019-08-16 03:46:55,914 INFO  server.RaftServerConfigKeys (ConfUtils.java:logGet(43)) - raft.server.log.statemachine.data.caching.enabled = true (custom)
2019-08-16 03:46:55,915 INFO  segmented.SegmentedRaftLogWorker (SegmentedRaftLogWorker.java:lambda$new$0(132)) - 49a1814f-e138-4ff1-ad4e-f524b08086c9-SegmentedRaftLogWorker:Storage Directory /workdir/hadoop-ozone/integration-test/target/test-dir/MiniOzoneClusterImpl-13174f42-ef49-4866-b213-01bb0baa1417/datanode-4/data/ratis/69773623-517f-4bda-a9ec-649fa1ea2b8c: flushIndex: setUnconditionally 0 -> -1
2019-08-16 03:46:55,915 INFO  server.RaftServerConfigKeys (ConfUtils.java:logGet(43)) - raft.server.snapshot.auto.trigger.enabled = true (custom)
2019-08-16 03:46:55,915 INFO  server.RaftServerConfigKeys (ConfUtils.java:logGet(43)) - raft.server.snapshot.auto.trigger.threshold = 10000 (custom)
2019-08-16 03:46:55,916 INFO  server.RaftServerConfigKeys (ConfUtils.java:logGet(43)) - raft.server.retrycache.expirytime = 600000ms (custom)
2019-08-16 03:46:55,916 INFO  impl.RaftServerImpl (RaftServerImpl.java:start(180)) - 49a1814f-e138-4ff1-ad4e-f524b08086c9: start group-649FA1EA2B8C
2019-08-16 03:46:55,916 INFO  impl.RaftServerImpl (RaftServerImpl.java:setRole(171)) - 49a1814f-e138-4ff1-ad4e-f524b08086c9:group-649FA1EA2B8C changes role from null to FOLLOWER at term 0 for startAsFollower
2019-08-16 03:46:55,917 INFO  impl.RoleInfo (RoleInfo.java:updateAndGet(143)) - 49a1814f-e138-4ff1-ad4e-f524b08086c9: start FollowerState
2019-08-16 03:46:55,917 INFO  util.JmxRegister (JmxRegister.java:tryRegister(44)) - Successfully registered JMX Bean with object name Ratis:service=RaftServer,group=group-649FA1EA2B8C,id=49a1814f-e138-4ff1-ad4e-f524b08086c9
2019-08-16 03:46:55,924 INFO  pipeline.PipelineStateManager (PipelineStateManager.java:addPipeline(56)) - Created pipeline Pipeline[ Id: 69773623-517f-4bda-a9ec-649fa1ea2b8c, Nodes: 49a1814f-e138-4ff1-ad4e-f524b08086c9{ip: 192.168.5.170, host: byscane-nightly-5jrvm-589107607, networkLocation: /default-rack, certSerialId: null}, Type:RATIS, Factor:ONE, State:OPEN]
2019-08-16 03:46:55,938 INFO  impl.RaftServerProxy (RaftServerProxy.java:addNew(89)) - 74f4742b-e403-4620-b2db-8f37b530ba0a: addNew group-DF363A6A1D04:[74f4742b-e403-4620-b2db-8f37b530ba0a:192.168.5.170:33824] returns group-DF363A6A1D04:java.util.concurrent.CompletableFuture@43b4cc56[Not completed]
2019-08-16 03:46:55,944 INFO  impl.RaftServerImpl (RaftServerImpl.java:<init>(93)) - 74f4742b-e403-4620-b2db-8f37b530ba0a: new RaftServerImpl for group-DF363A6A1D04:[74f4742b-e403-4620-b2db-8f37b530ba0a:192.168.5.170:33824] with ContainerStateMachine:uninitialized
2019-08-16 03:46:55,945 INFO  server.RaftServerConfigKeys (ConfUtils.java:logGet(43)) - raft.server.rpc.timeout.min = 5s (custom)
2019-08-16 03:46:55,945 INFO  server.RaftServerConfigKeys (ConfUtils.java:logGet(43)) - raft.server.rpc.timeout.max = 5200ms (custom)
2019-08-16 03:46:55,945 INFO  server.RaftServerConfigKeys (ConfUtils.java:logGet(43)) - raft.server.rpcslowness.timeout = 120s (custom)
2019-08-16 03:46:55,945 INFO  server.RaftServerConfigKeys (ConfUtils.java:logGet(43)) - raft.server.sleep.deviation.threshold = 300 (default)
2019-08-16 03:46:55,945 INFO  server.RaftServerConfigKeys (ConfUtils.java:logGet(43)) - raft.server.log.appender.install.snapshot.enabled = false (custom)
2019-08-16 03:46:55,946 INFO  impl.RaftServerImpl (ServerState.java:<init>(105)) - 74f4742b-e403-4620-b2db-8f37b530ba0a:group-DF363A6A1D04 ConfigurationManager, init=-1: [74f4742b-e403-4620-b2db-8f37b530ba0a:192.168.5.170:33824], old=null, confs=<EMPTY_MAP>
2019-08-16 03:46:55,946 INFO  server.RaftServerConfigKeys (ConfUtils.java:logGet(43)) - raft.server.storage.dir = [/workdir/hadoop-ozone/integration-test/target/test-dir/MiniOzoneClusterImpl-13174f42-ef49-4866-b213-01bb0baa1417/datanode-3/data/ratis] (custom)
2019-08-16 03:46:55,946 INFO  storage.RaftStorageDirectory (RaftStorageDirectory.java:analyzeStorage(246)) - The storage directory /workdir/hadoop-ozone/integration-test/target/test-dir/MiniOzoneClusterImpl-13174f42-ef49-4866-b213-01bb0baa1417/datanode-3/data/ratis/2f60c9dd-3f1a-41d7-9053-df363a6a1d04 does not exist. Creating ...
2019-08-16 03:46:55,959 INFO  storage.RaftStorageDirectory (RaftStorageDirectory.java:tryLock(328)) - Lock on /workdir/hadoop-ozone/integration-test/target/test-dir/MiniOzoneClusterImpl-13174f42-ef49-4866-b213-01bb0baa1417/datanode-3/data/ratis/2f60c9dd-3f1a-41d7-9053-df363a6a1d04/in_use.lock acquired by nodename 15931@byscane-nightly-5jrvm-589107607
2019-08-16 03:46:55,972 INFO  storage.RaftStorage (RaftStorage.java:format(72)) - Storage directory /workdir/hadoop-ozone/integration-test/target/test-dir/MiniOzoneClusterImpl-13174f42-ef49-4866-b213-01bb0baa1417/datanode-3/data/ratis/2f60c9dd-3f1a-41d7-9053-df363a6a1d04 has been successfully formatted.
2019-08-16 03:46:55,972 INFO  ratis.ContainerStateMachine (ContainerStateMachine.java:loadSnapshot(213)) - group-DF363A6A1D04: The snapshot info is null. Setting the last applied indexto:(t:0, i:~)
2019-08-16 03:46:55,973 INFO  server.RaftServerConfigKeys (ConfUtils.java:logGet(43)) - raft.server.leader.election.timeout = 120s (custom)
2019-08-16 03:46:55,973 INFO  server.RaftServerConfigKeys (ConfUtils.java:logGet(43)) - raft.server.log.use.memory = false (default)
2019-08-16 03:46:55,973 INFO  server.RaftServerConfigKeys (ConfUtils.java:logGet(43)) - raft.server.log.purge.gap = 1000000000 (custom)
2019-08-16 03:46:55,973 INFO  server.RaftServerConfigKeys (ConfUtils.java:logGet(43)) - raft.server.log.appender.buffer.byte-limit = 33554432 (custom)
2019-08-16 03:46:55,973 INFO  server.RaftServerConfigKeys (ConfUtils.java:logGet(43)) - raft.server.log.segment.size.max = 1048576 (custom)
2019-08-16 03:46:55,974 INFO  server.RaftServerConfigKeys (ConfUtils.java:logGet(43)) - raft.server.log.segment.cache.num.max = 2 (custom)
2019-08-16 03:46:55,974 INFO  segmented.SegmentedRaftLogWorker (SegmentedRaftLogWorker.java:<init>(172)) - new 74f4742b-e403-4620-b2db-8f37b530ba0a-SegmentedRaftLogWorker:Storage Directory /workdir/hadoop-ozone/integration-test/target/test-dir/MiniOzoneClusterImpl-13174f42-ef49-4866-b213-01bb0baa1417/datanode-3/data/ratis/2f60c9dd-3f1a-41d7-9053-df363a6a1d04 for RaftStorage:Storage Directory /workdir/hadoop-ozone/integration-test/target/test-dir/MiniOzoneClusterImpl-13174f42-ef49-4866-b213-01bb0baa1417/datanode-3/data/ratis/2f60c9dd-3f1a-41d7-9053-df363a6a1d04
2019-08-16 03:46:55,974 INFO  server.RaftServerConfigKeys (ConfUtils.java:logGet(43)) - raft.server.log.queue.byte-limit = 2147483647 (custom)
2019-08-16 03:46:55,974 INFO  server.RaftServerConfigKeys (ConfUtils.java:logGet(43)) - raft.server.log.queue.element-limit = 1024 (custom)
2019-08-16 03:46:55,975 INFO  server.RaftServerConfigKeys (ConfUtils.java:logGet(43)) - raft.server.log.segment.size.max = 1048576 (custom)
2019-08-16 03:46:55,975 INFO  server.RaftServerConfigKeys (ConfUtils.java:logGet(43)) - raft.server.log.preallocated.size = 16384 (custom)
2019-08-16 03:46:55,975 INFO  server.RaftServerConfigKeys (ConfUtils.java:logGet(43)) - raft.server.log.write.buffer.size = 33554432 (custom)
2019-08-16 03:46:55,975 INFO  server.RaftServerConfigKeys (ConfUtils.java:logGet(43)) - raft.server.log.force.sync.num = 128 (default)
2019-08-16 03:46:55,975 INFO  server.RaftServerConfigKeys (ConfUtils.java:logGet(43)) - raft.server.log.statemachine.data.sync = true (default)
2019-08-16 03:46:55,976 INFO  server.RaftServerConfigKeys (ConfUtils.java:logGet(43)) - raft.server.log.statemachine.data.sync.timeout = 10s (default)
2019-08-16 03:46:55,976 INFO  server.RaftServerConfigKeys (ConfUtils.java:logGet(43)) - raft.server.log.statemachine.data.sync.timeout.retry = -1 (default)
2019-08-16 03:46:55,976 INFO  server.RaftServerConfigKeys (ConfUtils.java:logGet(43)) - raft.server.log.statemachine.data.caching.enabled = true (custom)
2019-08-16 03:46:55,977 INFO  segmented.SegmentedRaftLogWorker (SegmentedRaftLogWorker.java:lambda$new$0(132)) - 74f4742b-e403-4620-b2db-8f37b530ba0a-SegmentedRaftLogWorker:Storage Directory /workdir/hadoop-ozone/integration-test/target/test-dir/MiniOzoneClusterImpl-13174f42-ef49-4866-b213-01bb0baa1417/datanode-3/data/ratis/2f60c9dd-3f1a-41d7-9053-df363a6a1d04: flushIndex: setUnconditionally 0 -> -1
2019-08-16 03:46:55,977 INFO  server.RaftServerConfigKeys (ConfUtils.java:logGet(43)) - raft.server.snapshot.auto.trigger.enabled = true (custom)
2019-08-16 03:46:55,977 INFO  server.RaftServerConfigKeys (ConfUtils.java:logGet(43)) - raft.server.snapshot.auto.trigger.threshold = 10000 (custom)
2019-08-16 03:46:55,977 INFO  server.RaftServerConfigKeys (ConfUtils.java:logGet(43)) - raft.server.retrycache.expirytime = 600000ms (custom)
2019-08-16 03:46:55,978 INFO  impl.RaftServerImpl (RaftServerImpl.java:start(180)) - 74f4742b-e403-4620-b2db-8f37b530ba0a: start group-DF363A6A1D04
2019-08-16 03:46:55,978 INFO  impl.RaftServerImpl (RaftServerImpl.java:setRole(171)) - 74f4742b-e403-4620-b2db-8f37b530ba0a:group-DF363A6A1D04 changes role from null to FOLLOWER at term 0 for startAsFollower
2019-08-16 03:46:55,978 INFO  impl.RoleInfo (RoleInfo.java:updateAndGet(143)) - 74f4742b-e403-4620-b2db-8f37b530ba0a: start FollowerState
2019-08-16 03:46:55,979 INFO  util.JmxRegister (JmxRegister.java:tryRegister(44)) - Successfully registered JMX Bean with object name Ratis:service=RaftServer,group=group-DF363A6A1D04,id=74f4742b-e403-4620-b2db-8f37b530ba0a
2019-08-16 03:46:55,984 INFO  pipeline.PipelineStateManager (PipelineStateManager.java:addPipeline(56)) - Created pipeline Pipeline[ Id: 2f60c9dd-3f1a-41d7-9053-df363a6a1d04, Nodes: 74f4742b-e403-4620-b2db-8f37b530ba0a{ip: 192.168.5.170, host: byscane-nightly-5jrvm-589107607, networkLocation: /default-rack, certSerialId: null}, Type:RATIS, Factor:ONE, State:OPEN]
2019-08-16 03:46:56,193 INFO  net.NetworkTopology (NetworkTopologyImpl.java:add(110)) - Added a new node: /default-rack/8b6b56fe-c252-4348-b8ca-c877b60f9ee4
2019-08-16 03:46:56,194 INFO  node.SCMNodeManager (SCMNodeManager.java:register(273)) - Registered Data node : 8b6b56fe-c252-4348-b8ca-c877b60f9ee4{ip: 192.168.5.170, host: byscane-nightly-5jrvm-589107607, networkLocation: /default-rack, certSerialId: null}
2019-08-16 03:46:56,210 INFO  impl.RaftServerProxy (RaftServerProxy.java:addNew(89)) - 8b6b56fe-c252-4348-b8ca-c877b60f9ee4: addNew group-F7A3CCE07779:[8b6b56fe-c252-4348-b8ca-c877b60f9ee4:192.168.5.170:35306] returns group-F7A3CCE07779:java.util.concurrent.CompletableFuture@738eb7a5[Not completed]
2019-08-16 03:46:56,216 INFO  impl.RaftServerImpl (RaftServerImpl.java:<init>(93)) - 8b6b56fe-c252-4348-b8ca-c877b60f9ee4: new RaftServerImpl for group-F7A3CCE07779:[8b6b56fe-c252-4348-b8ca-c877b60f9ee4:192.168.5.170:35306] with ContainerStateMachine:uninitialized
2019-08-16 03:46:56,216 INFO  server.RaftServerConfigKeys (ConfUtils.java:logGet(43)) - raft.server.rpc.timeout.min = 5s (custom)
2019-08-16 03:46:56,216 INFO  server.RaftServerConfigKeys (ConfUtils.java:logGet(43)) - raft.server.rpc.timeout.max = 5200ms (custom)
2019-08-16 03:46:56,216 INFO  server.RaftServerConfigKeys (ConfUtils.java:logGet(43)) - raft.server.rpcslowness.timeout = 120s (custom)
2019-08-16 03:46:56,217 INFO  server.RaftServerConfigKeys (ConfUtils.java:logGet(43)) - raft.server.sleep.deviation.threshold = 300 (default)
2019-08-16 03:46:56,217 INFO  server.RaftServerConfigKeys (ConfUtils.java:logGet(43)) - raft.server.log.appender.install.snapshot.enabled = false (custom)
2019-08-16 03:46:56,217 INFO  impl.RaftServerImpl (ServerState.java:<init>(105)) - 8b6b56fe-c252-4348-b8ca-c877b60f9ee4:group-F7A3CCE07779 ConfigurationManager, init=-1: [8b6b56fe-c252-4348-b8ca-c877b60f9ee4:192.168.5.170:35306], old=null, confs=<EMPTY_MAP>
2019-08-16 03:46:56,217 INFO  server.RaftServerConfigKeys (ConfUtils.java:logGet(43)) - raft.server.storage.dir = [/workdir/hadoop-ozone/integration-test/target/test-dir/MiniOzoneClusterImpl-13174f42-ef49-4866-b213-01bb0baa1417/datanode-5/data/ratis] (custom)
2019-08-16 03:46:56,218 INFO  storage.RaftStorageDirectory (RaftStorageDirectory.java:analyzeStorage(246)) - The storage directory /workdir/hadoop-ozone/integration-test/target/test-dir/MiniOzoneClusterImpl-13174f42-ef49-4866-b213-01bb0baa1417/datanode-5/data/ratis/45212956-ee09-47c1-aef7-f7a3cce07779 does not exist. Creating ...
2019-08-16 03:46:56,230 INFO  storage.RaftStorageDirectory (RaftStorageDirectory.java:tryLock(328)) - Lock on /workdir/hadoop-ozone/integration-test/target/test-dir/MiniOzoneClusterImpl-13174f42-ef49-4866-b213-01bb0baa1417/datanode-5/data/ratis/45212956-ee09-47c1-aef7-f7a3cce07779/in_use.lock acquired by nodename 15931@byscane-nightly-5jrvm-589107607
2019-08-16 03:46:56,244 INFO  storage.RaftStorage (RaftStorage.java:format(72)) - Storage directory /workdir/hadoop-ozone/integration-test/target/test-dir/MiniOzoneClusterImpl-13174f42-ef49-4866-b213-01bb0baa1417/datanode-5/data/ratis/45212956-ee09-47c1-aef7-f7a3cce07779 has been successfully formatted.
2019-08-16 03:46:56,245 INFO  ratis.ContainerStateMachine (ContainerStateMachine.java:loadSnapshot(213)) - group-F7A3CCE07779: The snapshot info is null. Setting the last applied indexto:(t:0, i:~)
2019-08-16 03:46:56,245 INFO  server.RaftServerConfigKeys (ConfUtils.java:logGet(43)) - raft.server.leader.election.timeout = 120s (custom)
2019-08-16 03:46:56,245 INFO  server.RaftServerConfigKeys (ConfUtils.java:logGet(43)) - raft.server.log.use.memory = false (default)
2019-08-16 03:46:56,245 INFO  server.RaftServerConfigKeys (ConfUtils.java:logGet(43)) - raft.server.log.purge.gap = 1000000000 (custom)
2019-08-16 03:46:56,246 INFO  server.RaftServerConfigKeys (ConfUtils.java:logGet(43)) - raft.server.log.appender.buffer.byte-limit = 33554432 (custom)
2019-08-16 03:46:56,246 INFO  server.RaftServerConfigKeys (ConfUtils.java:logGet(43)) - raft.server.log.segment.size.max = 1048576 (custom)
2019-08-16 03:46:56,246 INFO  server.RaftServerConfigKeys (ConfUtils.java:logGet(43)) - raft.server.log.segment.cache.num.max = 2 (custom)
2019-08-16 03:46:56,246 INFO  segmented.SegmentedRaftLogWorker (SegmentedRaftLogWorker.java:<init>(172)) - new 8b6b56fe-c252-4348-b8ca-c877b60f9ee4-SegmentedRaftLogWorker:Storage Directory /workdir/hadoop-ozone/integration-test/target/test-dir/MiniOzoneClusterImpl-13174f42-ef49-4866-b213-01bb0baa1417/datanode-5/data/ratis/45212956-ee09-47c1-aef7-f7a3cce07779 for RaftStorage:Storage Directory /workdir/hadoop-ozone/integration-test/target/test-dir/MiniOzoneClusterImpl-13174f42-ef49-4866-b213-01bb0baa1417/datanode-5/data/ratis/45212956-ee09-47c1-aef7-f7a3cce07779
2019-08-16 03:46:56,246 INFO  server.RaftServerConfigKeys (ConfUtils.java:logGet(43)) - raft.server.log.queue.byte-limit = 2147483647 (custom)
2019-08-16 03:46:56,247 INFO  server.RaftServerConfigKeys (ConfUtils.java:logGet(43)) - raft.server.log.queue.element-limit = 1024 (custom)
2019-08-16 03:46:56,247 INFO  server.RaftServerConfigKeys (ConfUtils.java:logGet(43)) - raft.server.log.segment.size.max = 1048576 (custom)
2019-08-16 03:46:56,247 INFO  server.RaftServerConfigKeys (ConfUtils.java:logGet(43)) - raft.server.log.preallocated.size = 16384 (custom)
2019-08-16 03:46:56,247 INFO  server.RaftServerConfigKeys (ConfUtils.java:logGet(43)) - raft.server.log.write.buffer.size = 33554432 (custom)
2019-08-16 03:46:56,248 INFO  server.RaftServerConfigKeys (ConfUtils.java:logGet(43)) - raft.server.log.force.sync.num = 128 (default)
2019-08-16 03:46:56,248 INFO  server.RaftServerConfigKeys (ConfUtils.java:logGet(43)) - raft.server.log.statemachine.data.sync = true (default)
2019-08-16 03:46:56,248 INFO  server.RaftServerConfigKeys (ConfUtils.java:logGet(43)) - raft.server.log.statemachine.data.sync.timeout = 10s (default)
2019-08-16 03:46:56,248 INFO  server.RaftServerConfigKeys (ConfUtils.java:logGet(43)) - raft.server.log.statemachine.data.sync.timeout.retry = -1 (default)
2019-08-16 03:46:56,249 INFO  server.RaftServerConfigKeys (ConfUtils.java:logGet(43)) - raft.server.log.statemachine.data.caching.enabled = true (custom)
2019-08-16 03:46:56,249 INFO  segmented.SegmentedRaftLogWorker (SegmentedRaftLogWorker.java:lambda$new$0(132)) - 8b6b56fe-c252-4348-b8ca-c877b60f9ee4-SegmentedRaftLogWorker:Storage Directory /workdir/hadoop-ozone/integration-test/target/test-dir/MiniOzoneClusterImpl-13174f42-ef49-4866-b213-01bb0baa1417/datanode-5/data/ratis/45212956-ee09-47c1-aef7-f7a3cce07779: flushIndex: setUnconditionally 0 -> -1
2019-08-16 03:46:56,249 INFO  server.RaftServerConfigKeys (ConfUtils.java:logGet(43)) - raft.server.snapshot.auto.trigger.enabled = true (custom)
2019-08-16 03:46:56,250 INFO  server.RaftServerConfigKeys (ConfUtils.java:logGet(43)) - raft.server.snapshot.auto.trigger.threshold = 10000 (custom)
2019-08-16 03:46:56,250 INFO  server.RaftServerConfigKeys (ConfUtils.java:logGet(43)) - raft.server.retrycache.expirytime = 600000ms (custom)
2019-08-16 03:46:56,250 INFO  impl.RaftServerImpl (RaftServerImpl.java:start(180)) - 8b6b56fe-c252-4348-b8ca-c877b60f9ee4: start group-F7A3CCE07779
2019-08-16 03:46:56,250 INFO  impl.RaftServerImpl (RaftServerImpl.java:setRole(171)) - 8b6b56fe-c252-4348-b8ca-c877b60f9ee4:group-F7A3CCE07779 changes role from null to FOLLOWER at term 0 for startAsFollower
2019-08-16 03:46:56,250 INFO  impl.RoleInfo (RoleInfo.java:updateAndGet(143)) - 8b6b56fe-c252-4348-b8ca-c877b60f9ee4: start FollowerState
2019-08-16 03:46:56,251 INFO  util.JmxRegister (JmxRegister.java:tryRegister(44)) - Successfully registered JMX Bean with object name Ratis:service=RaftServer,group=group-F7A3CCE07779,id=8b6b56fe-c252-4348-b8ca-c877b60f9ee4
2019-08-16 03:46:56,256 INFO  pipeline.PipelineStateManager (PipelineStateManager.java:addPipeline(56)) - Created pipeline Pipeline[ Id: 45212956-ee09-47c1-aef7-f7a3cce07779, Nodes: 8b6b56fe-c252-4348-b8ca-c877b60f9ee4{ip: 192.168.5.170, host: byscane-nightly-5jrvm-589107607, networkLocation: /default-rack, certSerialId: null}, Type:RATIS, Factor:ONE, State:OPEN]
2019-08-16 03:46:56,285 INFO  impl.RaftServerProxy (RaftServerProxy.java:addNew(89)) - 49a1814f-e138-4ff1-ad4e-f524b08086c9: addNew group-E5D08E2E2BAA:[8b6b56fe-c252-4348-b8ca-c877b60f9ee4:192.168.5.170:35306, 49a1814f-e138-4ff1-ad4e-f524b08086c9:192.168.5.170:40431, 74f4742b-e403-4620-b2db-8f37b530ba0a:192.168.5.170:33824] returns group-E5D08E2E2BAA:java.util.concurrent.CompletableFuture@7ab61009[Not completed]
2019-08-16 03:46:56,285 INFO  impl.RaftServerProxy (RaftServerProxy.java:addNew(89)) - 74f4742b-e403-4620-b2db-8f37b530ba0a: addNew group-E5D08E2E2BAA:[8b6b56fe-c252-4348-b8ca-c877b60f9ee4:192.168.5.170:35306, 49a1814f-e138-4ff1-ad4e-f524b08086c9:192.168.5.170:40431, 74f4742b-e403-4620-b2db-8f37b530ba0a:192.168.5.170:33824] returns group-E5D08E2E2BAA:java.util.concurrent.CompletableFuture@6f80402e[Not completed]
2019-08-16 03:46:56,288 INFO  impl.RaftServerProxy (RaftServerProxy.java:addNew(89)) - 8b6b56fe-c252-4348-b8ca-c877b60f9ee4: addNew group-E5D08E2E2BAA:[8b6b56fe-c252-4348-b8ca-c877b60f9ee4:192.168.5.170:35306, 49a1814f-e138-4ff1-ad4e-f524b08086c9:192.168.5.170:40431, 74f4742b-e403-4620-b2db-8f37b530ba0a:192.168.5.170:33824] returns group-E5D08E2E2BAA:java.util.concurrent.CompletableFuture@46c2db94[Not completed]
2019-08-16 03:46:56,288 INFO  impl.RaftServerImpl (RaftServerImpl.java:<init>(93)) - 49a1814f-e138-4ff1-ad4e-f524b08086c9: new RaftServerImpl for group-E5D08E2E2BAA:[8b6b56fe-c252-4348-b8ca-c877b60f9ee4:192.168.5.170:35306, 49a1814f-e138-4ff1-ad4e-f524b08086c9:192.168.5.170:40431, 74f4742b-e403-4620-b2db-8f37b530ba0a:192.168.5.170:33824] with ContainerStateMachine:uninitialized
2019-08-16 03:46:56,288 INFO  server.RaftServerConfigKeys (ConfUtils.java:logGet(43)) - raft.server.rpc.timeout.min = 5s (custom)
2019-08-16 03:46:56,288 INFO  server.RaftServerConfigKeys (ConfUtils.java:logGet(43)) - raft.server.rpc.timeout.max = 5200ms (custom)
2019-08-16 03:46:56,288 INFO  server.RaftServerConfigKeys (ConfUtils.java:logGet(43)) - raft.server.rpcslowness.timeout = 120s (custom)
2019-08-16 03:46:56,289 INFO  server.RaftServerConfigKeys (ConfUtils.java:logGet(43)) - raft.server.sleep.deviation.threshold = 300 (default)
2019-08-16 03:46:56,289 INFO  server.RaftServerConfigKeys (ConfUtils.java:logGet(43)) - raft.server.log.appender.install.snapshot.enabled = false (custom)
2019-08-16 03:46:56,289 INFO  impl.RaftServerImpl (ServerState.java:<init>(105)) - 49a1814f-e138-4ff1-ad4e-f524b08086c9:group-E5D08E2E2BAA ConfigurationManager, init=-1: [8b6b56fe-c252-4348-b8ca-c877b60f9ee4:192.168.5.170:35306, 49a1814f-e138-4ff1-ad4e-f524b08086c9:192.168.5.170:40431, 74f4742b-e403-4620-b2db-8f37b530ba0a:192.168.5.170:33824], old=null, confs=<EMPTY_MAP>
2019-08-16 03:46:56,289 INFO  impl.RaftServerImpl (RaftServerImpl.java:<init>(93)) - 74f4742b-e403-4620-b2db-8f37b530ba0a: new RaftServerImpl for group-E5D08E2E2BAA:[8b6b56fe-c252-4348-b8ca-c877b60f9ee4:192.168.5.170:35306, 49a1814f-e138-4ff1-ad4e-f524b08086c9:192.168.5.170:40431, 74f4742b-e403-4620-b2db-8f37b530ba0a:192.168.5.170:33824] with ContainerStateMachine:uninitialized
2019-08-16 03:46:56,289 INFO  server.RaftServerConfigKeys (ConfUtils.java:logGet(43)) - raft.server.storage.dir = [/workdir/hadoop-ozone/integration-test/target/test-dir/MiniOzoneClusterImpl-13174f42-ef49-4866-b213-01bb0baa1417/datanode-4/data/ratis] (custom)
2019-08-16 03:46:56,289 INFO  server.RaftServerConfigKeys (ConfUtils.java:logGet(43)) - raft.server.rpc.timeout.min = 5s (custom)
2019-08-16 03:46:56,290 INFO  server.RaftServerConfigKeys (ConfUtils.java:logGet(43)) - raft.server.rpc.timeout.max = 5200ms (custom)
2019-08-16 03:46:56,290 INFO  storage.RaftStorageDirectory (RaftStorageDirectory.java:analyzeStorage(246)) - The storage directory /workdir/hadoop-ozone/integration-test/target/test-dir/MiniOzoneClusterImpl-13174f42-ef49-4866-b213-01bb0baa1417/datanode-4/data/ratis/9f655129-7794-4792-b2bc-e5d08e2e2baa does not exist. Creating ...
2019-08-16 03:46:56,290 INFO  server.RaftServerConfigKeys (ConfUtils.java:logGet(43)) - raft.server.rpcslowness.timeout = 120s (custom)
2019-08-16 03:46:56,290 INFO  impl.RaftServerImpl (RaftServerImpl.java:<init>(93)) - 8b6b56fe-c252-4348-b8ca-c877b60f9ee4: new RaftServerImpl for group-E5D08E2E2BAA:[8b6b56fe-c252-4348-b8ca-c877b60f9ee4:192.168.5.170:35306, 49a1814f-e138-4ff1-ad4e-f524b08086c9:192.168.5.170:40431, 74f4742b-e403-4620-b2db-8f37b530ba0a:192.168.5.170:33824] with ContainerStateMachine:uninitialized
2019-08-16 03:46:56,290 INFO  server.RaftServerConfigKeys (ConfUtils.java:logGet(43)) - raft.server.sleep.deviation.threshold = 300 (default)
2019-08-16 03:46:56,290 INFO  server.RaftServerConfigKeys (ConfUtils.java:logGet(43)) - raft.server.rpc.timeout.min = 5s (custom)
2019-08-16 03:46:56,291 INFO  server.RaftServerConfigKeys (ConfUtils.java:logGet(43)) - raft.server.log.appender.install.snapshot.enabled = false (custom)
2019-08-16 03:46:56,291 INFO  server.RaftServerConfigKeys (ConfUtils.java:logGet(43)) - raft.server.rpc.timeout.max = 5200ms (custom)
2019-08-16 03:46:56,291 INFO  impl.RaftServerImpl (ServerState.java:<init>(105)) - 74f4742b-e403-4620-b2db-8f37b530ba0a:group-E5D08E2E2BAA ConfigurationManager, init=-1: [8b6b56fe-c252-4348-b8ca-c877b60f9ee4:192.168.5.170:35306, 49a1814f-e138-4ff1-ad4e-f524b08086c9:192.168.5.170:40431, 74f4742b-e403-4620-b2db-8f37b530ba0a:192.168.5.170:33824], old=null, confs=<EMPTY_MAP>
2019-08-16 03:46:56,291 INFO  server.RaftServerConfigKeys (ConfUtils.java:logGet(43)) - raft.server.rpcslowness.timeout = 120s (custom)
2019-08-16 03:46:56,291 INFO  server.RaftServerConfigKeys (ConfUtils.java:logGet(43)) - raft.server.storage.dir = [/workdir/hadoop-ozone/integration-test/target/test-dir/MiniOzoneClusterImpl-13174f42-ef49-4866-b213-01bb0baa1417/datanode-3/data/ratis] (custom)
2019-08-16 03:46:56,291 INFO  server.RaftServerConfigKeys (ConfUtils.java:logGet(43)) - raft.server.sleep.deviation.threshold = 300 (default)
2019-08-16 03:46:56,292 INFO  server.RaftServerConfigKeys (ConfUtils.java:logGet(43)) - raft.server.log.appender.install.snapshot.enabled = false (custom)
2019-08-16 03:46:56,292 INFO  storage.RaftStorageDirectory (RaftStorageDirectory.java:analyzeStorage(246)) - The storage directory /workdir/hadoop-ozone/integration-test/target/test-dir/MiniOzoneClusterImpl-13174f42-ef49-4866-b213-01bb0baa1417/datanode-3/data/ratis/9f655129-7794-4792-b2bc-e5d08e2e2baa does not exist. Creating ...
2019-08-16 03:46:56,292 INFO  impl.RaftServerImpl (ServerState.java:<init>(105)) - 8b6b56fe-c252-4348-b8ca-c877b60f9ee4:group-E5D08E2E2BAA ConfigurationManager, init=-1: [8b6b56fe-c252-4348-b8ca-c877b60f9ee4:192.168.5.170:35306, 49a1814f-e138-4ff1-ad4e-f524b08086c9:192.168.5.170:40431, 74f4742b-e403-4620-b2db-8f37b530ba0a:192.168.5.170:33824], old=null, confs=<EMPTY_MAP>
2019-08-16 03:46:56,292 INFO  server.RaftServerConfigKeys (ConfUtils.java:logGet(43)) - raft.server.storage.dir = [/workdir/hadoop-ozone/integration-test/target/test-dir/MiniOzoneClusterImpl-13174f42-ef49-4866-b213-01bb0baa1417/datanode-5/data/ratis] (custom)
2019-08-16 03:46:56,293 INFO  storage.RaftStorageDirectory (RaftStorageDirectory.java:analyzeStorage(246)) - The storage directory /workdir/hadoop-ozone/integration-test/target/test-dir/MiniOzoneClusterImpl-13174f42-ef49-4866-b213-01bb0baa1417/datanode-5/data/ratis/9f655129-7794-4792-b2bc-e5d08e2e2baa does not exist. Creating ...
2019-08-16 03:46:56,314 INFO  storage.RaftStorageDirectory (RaftStorageDirectory.java:tryLock(328)) - Lock on /workdir/hadoop-ozone/integration-test/target/test-dir/MiniOzoneClusterImpl-13174f42-ef49-4866-b213-01bb0baa1417/datanode-4/data/ratis/9f655129-7794-4792-b2bc-e5d08e2e2baa/in_use.lock acquired by nodename 15931@byscane-nightly-5jrvm-589107607
2019-08-16 03:46:56,315 INFO  storage.RaftStorageDirectory (RaftStorageDirectory.java:tryLock(328)) - Lock on /workdir/hadoop-ozone/integration-test/target/test-dir/MiniOzoneClusterImpl-13174f42-ef49-4866-b213-01bb0baa1417/datanode-3/data/ratis/9f655129-7794-4792-b2bc-e5d08e2e2baa/in_use.lock acquired by nodename 15931@byscane-nightly-5jrvm-589107607
2019-08-16 03:46:56,314 INFO  storage.RaftStorageDirectory (RaftStorageDirectory.java:tryLock(328)) - Lock on /workdir/hadoop-ozone/integration-test/target/test-dir/MiniOzoneClusterImpl-13174f42-ef49-4866-b213-01bb0baa1417/datanode-5/data/ratis/9f655129-7794-4792-b2bc-e5d08e2e2baa/in_use.lock acquired by nodename 15931@byscane-nightly-5jrvm-589107607
2019-08-16 03:46:56,340 INFO  storage.RaftStorage (RaftStorage.java:format(72)) - Storage directory /workdir/hadoop-ozone/integration-test/target/test-dir/MiniOzoneClusterImpl-13174f42-ef49-4866-b213-01bb0baa1417/datanode-5/data/ratis/9f655129-7794-4792-b2bc-e5d08e2e2baa has been successfully formatted.
2019-08-16 03:46:56,340 INFO  storage.RaftStorage (RaftStorage.java:format(72)) - Storage directory /workdir/hadoop-ozone/integration-test/target/test-dir/MiniOzoneClusterImpl-13174f42-ef49-4866-b213-01bb0baa1417/datanode-3/data/ratis/9f655129-7794-4792-b2bc-e5d08e2e2baa has been successfully formatted.
2019-08-16 03:46:56,340 INFO  storage.RaftStorage (RaftStorage.java:format(72)) - Storage directory /workdir/hadoop-ozone/integration-test/target/test-dir/MiniOzoneClusterImpl-13174f42-ef49-4866-b213-01bb0baa1417/datanode-4/data/ratis/9f655129-7794-4792-b2bc-e5d08e2e2baa has been successfully formatted.
2019-08-16 03:46:56,340 INFO  ratis.ContainerStateMachine (ContainerStateMachine.java:loadSnapshot(213)) - group-E5D08E2E2BAA: The snapshot info is null. Setting the last applied indexto:(t:0, i:~)
2019-08-16 03:46:56,341 INFO  ratis.ContainerStateMachine (ContainerStateMachine.java:loadSnapshot(213)) - group-E5D08E2E2BAA: The snapshot info is null. Setting the last applied indexto:(t:0, i:~)
2019-08-16 03:46:56,340 INFO  ratis.ContainerStateMachine (ContainerStateMachine.java:loadSnapshot(213)) - group-E5D08E2E2BAA: The snapshot info is null. Setting the last applied indexto:(t:0, i:~)
2019-08-16 03:46:56,341 INFO  server.RaftServerConfigKeys (ConfUtils.java:logGet(43)) - raft.server.leader.election.timeout = 120s (custom)
2019-08-16 03:46:56,341 INFO  server.RaftServerConfigKeys (ConfUtils.java:logGet(43)) - raft.server.leader.election.timeout = 120s (custom)
2019-08-16 03:46:56,341 INFO  server.RaftServerConfigKeys (ConfUtils.java:logGet(43)) - raft.server.log.use.memory = false (default)
2019-08-16 03:46:56,341 INFO  server.RaftServerConfigKeys (ConfUtils.java:logGet(43)) - raft.server.leader.election.timeout = 120s (custom)
2019-08-16 03:46:56,341 INFO  server.RaftServerConfigKeys (ConfUtils.java:logGet(43)) - raft.server.log.purge.gap = 1000000000 (custom)
2019-08-16 03:46:56,341 INFO  server.RaftServerConfigKeys (ConfUtils.java:logGet(43)) - raft.server.log.use.memory = false (default)
2019-08-16 03:46:56,342 INFO  server.RaftServerConfigKeys (ConfUtils.java:logGet(43)) - raft.server.log.appender.buffer.byte-limit = 33554432 (custom)
2019-08-16 03:46:56,342 INFO  server.RaftServerConfigKeys (ConfUtils.java:logGet(43)) - raft.server.log.use.memory = false (default)
2019-08-16 03:46:56,342 INFO  server.RaftServerConfigKeys (ConfUtils.java:logGet(43)) - raft.server.log.segment.size.max = 1048576 (custom)
2019-08-16 03:46:56,342 INFO  server.RaftServerConfigKeys (ConfUtils.java:logGet(43)) - raft.server.log.purge.gap = 1000000000 (custom)
2019-08-16 03:46:56,342 INFO  server.RaftServerConfigKeys (ConfUtils.java:logGet(43)) - raft.server.log.segment.cache.num.max = 2 (custom)
2019-08-16 03:46:56,342 INFO  server.RaftServerConfigKeys (ConfUtils.java:logGet(43)) - raft.server.log.purge.gap = 1000000000 (custom)
2019-08-16 03:46:56,343 INFO  segmented.SegmentedRaftLogWorker (SegmentedRaftLogWorker.java:<init>(172)) - new 49a1814f-e138-4ff1-ad4e-f524b08086c9-SegmentedRaftLogWorker:Storage Directory /workdir/hadoop-ozone/integration-test/target/test-dir/MiniOzoneClusterImpl-13174f42-ef49-4866-b213-01bb0baa1417/datanode-4/data/ratis/9f655129-7794-4792-b2bc-e5d08e2e2baa for RaftStorage:Storage Directory /workdir/hadoop-ozone/integration-test/target/test-dir/MiniOzoneClusterImpl-13174f42-ef49-4866-b213-01bb0baa1417/datanode-4/data/ratis/9f655129-7794-4792-b2bc-e5d08e2e2baa
2019-08-16 03:46:56,343 INFO  server.RaftServerConfigKeys (ConfUtils.java:logGet(43)) - raft.server.log.appender.buffer.byte-limit = 33554432 (custom)
2019-08-16 03:46:56,343 INFO  server.RaftServerConfigKeys (ConfUtils.java:logGet(43)) - raft.server.log.queue.byte-limit = 2147483647 (custom)
2019-08-16 03:46:56,343 INFO  server.RaftServerConfigKeys (ConfUtils.java:logGet(43)) - raft.server.log.queue.element-limit = 1024 (custom)
2019-08-16 03:46:56,343 INFO  server.RaftServerConfigKeys (ConfUtils.java:logGet(43)) - raft.server.log.appender.buffer.byte-limit = 33554432 (custom)
2019-08-16 03:46:56,344 INFO  server.RaftServerConfigKeys (ConfUtils.java:logGet(43)) - raft.server.log.segment.size.max = 1048576 (custom)
2019-08-16 03:46:56,343 INFO  server.RaftServerConfigKeys (ConfUtils.java:logGet(43)) - raft.server.log.segment.size.max = 1048576 (custom)
2019-08-16 03:46:56,344 INFO  server.RaftServerConfigKeys (ConfUtils.java:logGet(43)) - raft.server.log.preallocated.size = 16384 (custom)
2019-08-16 03:46:56,344 INFO  server.RaftServerConfigKeys (ConfUtils.java:logGet(43)) - raft.server.log.segment.size.max = 1048576 (custom)
2019-08-16 03:46:56,344 INFO  server.RaftServerConfigKeys (ConfUtils.java:logGet(43)) - raft.server.log.write.buffer.size = 33554432 (custom)
2019-08-16 03:46:56,344 INFO  server.RaftServerConfigKeys (ConfUtils.java:logGet(43)) - raft.server.log.segment.cache.num.max = 2 (custom)
2019-08-16 03:46:56,345 INFO  server.RaftServerConfigKeys (ConfUtils.java:logGet(43)) - raft.server.log.force.sync.num = 128 (default)
2019-08-16 03:46:56,345 INFO  server.RaftServerConfigKeys (ConfUtils.java:logGet(43)) - raft.server.log.segment.cache.num.max = 2 (custom)
2019-08-16 03:46:56,345 INFO  server.RaftServerConfigKeys (ConfUtils.java:logGet(43)) - raft.server.log.statemachine.data.sync = true (default)
2019-08-16 03:46:56,345 INFO  segmented.SegmentedRaftLogWorker (SegmentedRaftLogWorker.java:<init>(172)) - new 8b6b56fe-c252-4348-b8ca-c877b60f9ee4-SegmentedRaftLogWorker:Storage Directory /workdir/hadoop-ozone/integration-test/target/test-dir/MiniOzoneClusterImpl-13174f42-ef49-4866-b213-01bb0baa1417/datanode-5/data/ratis/9f655129-7794-4792-b2bc-e5d08e2e2baa for RaftStorage:Storage Directory /workdir/hadoop-ozone/integration-test/target/test-dir/MiniOzoneClusterImpl-13174f42-ef49-4866-b213-01bb0baa1417/datanode-5/data/ratis/9f655129-7794-4792-b2bc-e5d08e2e2baa
2019-08-16 03:46:56,346 INFO  server.RaftServerConfigKeys (ConfUtils.java:logGet(43)) - raft.server.log.statemachine.data.sync.timeout = 10s (default)
2019-08-16 03:46:56,345 INFO  segmented.SegmentedRaftLogWorker (SegmentedRaftLogWorker.java:<init>(172)) - new 74f4742b-e403-4620-b2db-8f37b530ba0a-SegmentedRaftLogWorker:Storage Directory /workdir/hadoop-ozone/integration-test/target/test-dir/MiniOzoneClusterImpl-13174f42-ef49-4866-b213-01bb0baa1417/datanode-3/data/ratis/9f655129-7794-4792-b2bc-e5d08e2e2baa for RaftStorage:Storage Directory /workdir/hadoop-ozone/integration-test/target/test-dir/MiniOzoneClusterImpl-13174f42-ef49-4866-b213-01bb0baa1417/datanode-3/data/ratis/9f655129-7794-4792-b2bc-e5d08e2e2baa
2019-08-16 03:46:56,346 INFO  server.RaftServerConfigKeys (ConfUtils.java:logGet(43)) - raft.server.log.statemachine.data.sync.timeout.retry = -1 (default)
2019-08-16 03:46:56,346 INFO  server.RaftServerConfigKeys (ConfUtils.java:logGet(43)) - raft.server.log.queue.byte-limit = 2147483647 (custom)
2019-08-16 03:46:56,346 INFO  server.RaftServerConfigKeys (ConfUtils.java:logGet(43)) - raft.server.log.statemachine.data.caching.enabled = true (custom)
2019-08-16 03:46:56,346 INFO  server.RaftServerConfigKeys (ConfUtils.java:logGet(43)) - raft.server.log.queue.byte-limit = 2147483647 (custom)
2019-08-16 03:46:56,347 INFO  segmented.SegmentedRaftLogWorker (SegmentedRaftLogWorker.java:lambda$new$0(132)) - 49a1814f-e138-4ff1-ad4e-f524b08086c9-SegmentedRaftLogWorker:Storage Directory /workdir/hadoop-ozone/integration-test/target/test-dir/MiniOzoneClusterImpl-13174f42-ef49-4866-b213-01bb0baa1417/datanode-4/data/ratis/9f655129-7794-4792-b2bc-e5d08e2e2baa: flushIndex: setUnconditionally 0 -> -1
2019-08-16 03:46:56,346 INFO  server.RaftServerConfigKeys (ConfUtils.java:logGet(43)) - raft.server.log.queue.element-limit = 1024 (custom)
2019-08-16 03:46:56,347 INFO  server.RaftServerConfigKeys (ConfUtils.java:logGet(43)) - raft.server.log.queue.element-limit = 1024 (custom)
2019-08-16 03:46:56,347 INFO  server.RaftServerConfigKeys (ConfUtils.java:logGet(43)) - raft.server.log.segment.size.max = 1048576 (custom)
2019-08-16 03:46:56,347 INFO  server.RaftServerConfigKeys (ConfUtils.java:logGet(43)) - raft.server.snapshot.auto.trigger.enabled = true (custom)
2019-08-16 03:46:56,348 INFO  server.RaftServerConfigKeys (ConfUtils.java:logGet(43)) - raft.server.log.preallocated.size = 16384 (custom)
2019-08-16 03:46:56,348 INFO  server.RaftServerConfigKeys (ConfUtils.java:logGet(43)) - raft.server.log.segment.size.max = 1048576 (custom)
2019-08-16 03:46:56,348 INFO  server.RaftServerConfigKeys (ConfUtils.java:logGet(43)) - raft.server.log.write.buffer.size = 33554432 (custom)
2019-08-16 03:46:56,348 INFO  server.RaftServerConfigKeys (ConfUtils.java:logGet(43)) - raft.server.snapshot.auto.trigger.threshold = 10000 (custom)
2019-08-16 03:46:56,348 INFO  server.RaftServerConfigKeys (ConfUtils.java:logGet(43)) - raft.server.log.force.sync.num = 128 (default)
2019-08-16 03:46:56,349 INFO  server.RaftServerConfigKeys (ConfUtils.java:logGet(43)) - raft.server.log.statemachine.data.sync = true (default)
2019-08-16 03:46:56,348 INFO  server.RaftServerConfigKeys (ConfUtils.java:logGet(43)) - raft.server.log.preallocated.size = 16384 (custom)
2019-08-16 03:46:56,349 INFO  server.RaftServerConfigKeys (ConfUtils.java:logGet(43)) - raft.server.log.statemachine.data.sync.timeout = 10s (default)
2019-08-16 03:46:56,349 INFO  server.RaftServerConfigKeys (ConfUtils.java:logGet(43)) - raft.server.retrycache.expirytime = 600000ms (custom)
2019-08-16 03:46:56,349 INFO  server.RaftServerConfigKeys (ConfUtils.java:logGet(43)) - raft.server.log.statemachine.data.sync.timeout.retry = -1 (default)
2019-08-16 03:46:56,349 INFO  server.RaftServerConfigKeys (ConfUtils.java:logGet(43)) - raft.server.log.write.buffer.size = 33554432 (custom)
2019-08-16 03:46:56,350 INFO  server.RaftServerConfigKeys (ConfUtils.java:logGet(43)) - raft.server.log.statemachine.data.caching.enabled = true (custom)
2019-08-16 03:46:56,350 INFO  impl.RaftServerImpl (RaftServerImpl.java:start(180)) - 49a1814f-e138-4ff1-ad4e-f524b08086c9: start group-E5D08E2E2BAA
2019-08-16 03:46:56,350 INFO  server.RaftServerConfigKeys (ConfUtils.java:logGet(43)) - raft.server.log.force.sync.num = 128 (default)
2019-08-16 03:46:56,350 INFO  segmented.SegmentedRaftLogWorker (SegmentedRaftLogWorker.java:lambda$new$0(132)) - 8b6b56fe-c252-4348-b8ca-c877b60f9ee4-SegmentedRaftLogWorker:Storage Directory /workdir/hadoop-ozone/integration-test/target/test-dir/MiniOzoneClusterImpl-13174f42-ef49-4866-b213-01bb0baa1417/datanode-5/data/ratis/9f655129-7794-4792-b2bc-e5d08e2e2baa: flushIndex: setUnconditionally 0 -> -1
2019-08-16 03:46:56,350 INFO  impl.RaftServerImpl (RaftServerImpl.java:setRole(171)) - 49a1814f-e138-4ff1-ad4e-f524b08086c9:group-E5D08E2E2BAA changes role from null to FOLLOWER at term 0 for startAsFollower
2019-08-16 03:46:56,350 INFO  server.RaftServerConfigKeys (ConfUtils.java:logGet(43)) - raft.server.log.statemachine.data.sync = true (default)
2019-08-16 03:46:56,351 INFO  server.RaftServerConfigKeys (ConfUtils.java:logGet(43)) - raft.server.snapshot.auto.trigger.enabled = true (custom)
2019-08-16 03:46:56,351 INFO  impl.RoleInfo (RoleInfo.java:updateAndGet(143)) - 49a1814f-e138-4ff1-ad4e-f524b08086c9: start FollowerState
2019-08-16 03:46:56,351 INFO  server.RaftServerConfigKeys (ConfUtils.java:logGet(43)) - raft.server.snapshot.auto.trigger.threshold = 10000 (custom)
2019-08-16 03:46:56,351 INFO  server.RaftServerConfigKeys (ConfUtils.java:logGet(43)) - raft.server.log.statemachine.data.sync.timeout = 10s (default)
2019-08-16 03:46:56,352 INFO  server.RaftServerConfigKeys (ConfUtils.java:logGet(43)) - raft.server.retrycache.expirytime = 600000ms (custom)
2019-08-16 03:46:56,352 INFO  util.JmxRegister (JmxRegister.java:tryRegister(44)) - Successfully registered JMX Bean with object name Ratis:service=RaftServer,group=group-E5D08E2E2BAA,id=49a1814f-e138-4ff1-ad4e-f524b08086c9
2019-08-16 03:46:56,352 INFO  impl.RaftServerImpl (RaftServerImpl.java:start(180)) - 8b6b56fe-c252-4348-b8ca-c877b60f9ee4: start group-E5D08E2E2BAA
2019-08-16 03:46:56,352 INFO  impl.RaftServerImpl (RaftServerImpl.java:setRole(171)) - 8b6b56fe-c252-4348-b8ca-c877b60f9ee4:group-E5D08E2E2BAA changes role from null to FOLLOWER at term 0 for startAsFollower
2019-08-16 03:46:56,352 INFO  server.RaftServerConfigKeys (ConfUtils.java:logGet(43)) - raft.server.log.statemachine.data.sync.timeout.retry = -1 (default)
2019-08-16 03:46:56,353 INFO  impl.RoleInfo (RoleInfo.java:updateAndGet(143)) - 8b6b56fe-c252-4348-b8ca-c877b60f9ee4: start FollowerState
2019-08-16 03:46:56,353 INFO  server.RaftServerConfigKeys (ConfUtils.java:logGet(43)) - raft.server.log.statemachine.data.caching.enabled = true (custom)
2019-08-16 03:46:56,353 INFO  util.JmxRegister (JmxRegister.java:tryRegister(44)) - Successfully registered JMX Bean with object name Ratis:service=RaftServer,group=group-E5D08E2E2BAA,id=8b6b56fe-c252-4348-b8ca-c877b60f9ee4
2019-08-16 03:46:56,353 INFO  segmented.SegmentedRaftLogWorker (SegmentedRaftLogWorker.java:lambda$new$0(132)) - 74f4742b-e403-4620-b2db-8f37b530ba0a-SegmentedRaftLogWorker:Storage Directory /workdir/hadoop-ozone/integration-test/target/test-dir/MiniOzoneClusterImpl-13174f42-ef49-4866-b213-01bb0baa1417/datanode-3/data/ratis/9f655129-7794-4792-b2bc-e5d08e2e2baa: flushIndex: setUnconditionally 0 -> -1
2019-08-16 03:46:56,354 INFO  server.RaftServerConfigKeys (ConfUtils.java:logGet(43)) - raft.server.snapshot.auto.trigger.enabled = true (custom)
2019-08-16 03:46:56,357 INFO  server.RaftServerConfigKeys (ConfUtils.java:logGet(43)) - raft.server.snapshot.auto.trigger.threshold = 10000 (custom)
2019-08-16 03:46:56,357 INFO  server.RaftServerConfigKeys (ConfUtils.java:logGet(43)) - raft.server.retrycache.expirytime = 600000ms (custom)
2019-08-16 03:46:56,358 INFO  impl.RaftServerImpl (RaftServerImpl.java:start(180)) - 74f4742b-e403-4620-b2db-8f37b530ba0a: start group-E5D08E2E2BAA
2019-08-16 03:46:56,358 INFO  impl.RaftServerImpl (RaftServerImpl.java:setRole(171)) - 74f4742b-e403-4620-b2db-8f37b530ba0a:group-E5D08E2E2BAA changes role from null to FOLLOWER at term 0 for startAsFollower
2019-08-16 03:46:56,358 INFO  impl.RoleInfo (RoleInfo.java:updateAndGet(143)) - 74f4742b-e403-4620-b2db-8f37b530ba0a: start FollowerState
2019-08-16 03:46:56,361 INFO  util.JmxRegister (JmxRegister.java:tryRegister(44)) - Successfully registered JMX Bean with object name Ratis:service=RaftServer,group=group-E5D08E2E2BAA,id=74f4742b-e403-4620-b2db-8f37b530ba0a
2019-08-16 03:46:56,367 INFO  pipeline.PipelineStateManager (PipelineStateManager.java:addPipeline(56)) - Created pipeline Pipeline[ Id: 9f655129-7794-4792-b2bc-e5d08e2e2baa, Nodes: 49a1814f-e138-4ff1-ad4e-f524b08086c9{ip: 192.168.5.170, host: byscane-nightly-5jrvm-589107607, networkLocation: /default-rack, certSerialId: null}8b6b56fe-c252-4348-b8ca-c877b60f9ee4{ip: 192.168.5.170, host: byscane-nightly-5jrvm-589107607, networkLocation: /default-rack, certSerialId: null}74f4742b-e403-4620-b2db-8f37b530ba0a{ip: 192.168.5.170, host: byscane-nightly-5jrvm-589107607, networkLocation: /default-rack, certSerialId: null}, Type:RATIS, Factor:THREE, State:OPEN]
2019-08-16 03:46:56,376 INFO  ozone.MiniOzoneClusterImpl (MiniOzoneClusterImpl.java:lambda$waitForClusterToBeReady$0(142)) - Waiting for cluster to be ready. Got 6 of 7 DN Heartbeats.
2019-08-16 03:46:56,380 INFO  net.NetworkTopology (NetworkTopologyImpl.java:add(110)) - Added a new node: /default-rack/94feb042-fe31-49df-80b7-4232c3532741
2019-08-16 03:46:56,381 INFO  node.SCMNodeManager (SCMNodeManager.java:register(273)) - Registered Data node : 94feb042-fe31-49df-80b7-4232c3532741{ip: 192.168.5.170, host: byscane-nightly-5jrvm-589107607, networkLocation: /default-rack, certSerialId: null}
2019-08-16 03:46:56,392 INFO  impl.RaftServerProxy (RaftServerProxy.java:addNew(89)) - 94feb042-fe31-49df-80b7-4232c3532741: addNew group-008B5EEAEA19:[94feb042-fe31-49df-80b7-4232c3532741:192.168.5.170:36691] returns group-008B5EEAEA19:java.util.concurrent.CompletableFuture@456af435[Not completed]
2019-08-16 03:46:56,399 INFO  impl.RaftServerImpl (RaftServerImpl.java:<init>(93)) - 94feb042-fe31-49df-80b7-4232c3532741: new RaftServerImpl for group-008B5EEAEA19:[94feb042-fe31-49df-80b7-4232c3532741:192.168.5.170:36691] with ContainerStateMachine:uninitialized
2019-08-16 03:46:56,399 INFO  server.RaftServerConfigKeys (ConfUtils.java:logGet(43)) - raft.server.rpc.timeout.min = 5s (custom)
2019-08-16 03:46:56,399 INFO  server.RaftServerConfigKeys (ConfUtils.java:logGet(43)) - raft.server.rpc.timeout.max = 5200ms (custom)
2019-08-16 03:46:56,399 INFO  server.RaftServerConfigKeys (ConfUtils.java:logGet(43)) - raft.server.rpcslowness.timeout = 120s (custom)
2019-08-16 03:46:56,400 INFO  server.RaftServerConfigKeys (ConfUtils.java:logGet(43)) - raft.server.sleep.deviation.threshold = 300 (default)
2019-08-16 03:46:56,400 INFO  server.RaftServerConfigKeys (ConfUtils.java:logGet(43)) - raft.server.log.appender.install.snapshot.enabled = false (custom)
2019-08-16 03:46:56,400 INFO  impl.RaftServerImpl (ServerState.java:<init>(105)) - 94feb042-fe31-49df-80b7-4232c3532741:group-008B5EEAEA19 ConfigurationManager, init=-1: [94feb042-fe31-49df-80b7-4232c3532741:192.168.5.170:36691], old=null, confs=<EMPTY_MAP>
2019-08-16 03:46:56,401 INFO  server.RaftServerConfigKeys (ConfUtils.java:logGet(43)) - raft.server.storage.dir = [/workdir/hadoop-ozone/integration-test/target/test-dir/MiniOzoneClusterImpl-13174f42-ef49-4866-b213-01bb0baa1417/datanode-6/data/ratis] (custom)
2019-08-16 03:46:56,401 INFO  storage.RaftStorageDirectory (RaftStorageDirectory.java:analyzeStorage(246)) - The storage directory /workdir/hadoop-ozone/integration-test/target/test-dir/MiniOzoneClusterImpl-13174f42-ef49-4866-b213-01bb0baa1417/datanode-6/data/ratis/44cc4662-4889-4648-8471-008b5eeaea19 does not exist. Creating ...
2019-08-16 03:46:56,431 INFO  storage.RaftStorageDirectory (RaftStorageDirectory.java:tryLock(328)) - Lock on /workdir/hadoop-ozone/integration-test/target/test-dir/MiniOzoneClusterImpl-13174f42-ef49-4866-b213-01bb0baa1417/datanode-6/data/ratis/44cc4662-4889-4648-8471-008b5eeaea19/in_use.lock acquired by nodename 15931@byscane-nightly-5jrvm-589107607
2019-08-16 03:46:56,445 INFO  storage.RaftStorage (RaftStorage.java:format(72)) - Storage directory /workdir/hadoop-ozone/integration-test/target/test-dir/MiniOzoneClusterImpl-13174f42-ef49-4866-b213-01bb0baa1417/datanode-6/data/ratis/44cc4662-4889-4648-8471-008b5eeaea19 has been successfully formatted.
2019-08-16 03:46:56,445 INFO  ratis.ContainerStateMachine (ContainerStateMachine.java:loadSnapshot(213)) - group-008B5EEAEA19: The snapshot info is null. Setting the last applied indexto:(t:0, i:~)
2019-08-16 03:46:56,445 INFO  server.RaftServerConfigKeys (ConfUtils.java:logGet(43)) - raft.server.leader.election.timeout = 120s (custom)
2019-08-16 03:46:56,446 INFO  server.RaftServerConfigKeys (ConfUtils.java:logGet(43)) - raft.server.log.use.memory = false (default)
2019-08-16 03:46:56,446 INFO  server.RaftServerConfigKeys (ConfUtils.java:logGet(43)) - raft.server.log.purge.gap = 1000000000 (custom)
2019-08-16 03:46:56,446 INFO  server.RaftServerConfigKeys (ConfUtils.java:logGet(43)) - raft.server.log.appender.buffer.byte-limit = 33554432 (custom)
2019-08-16 03:46:56,446 INFO  server.RaftServerConfigKeys (ConfUtils.java:logGet(43)) - raft.server.log.segment.size.max = 1048576 (custom)
2019-08-16 03:46:56,446 INFO  server.RaftServerConfigKeys (ConfUtils.java:logGet(43)) - raft.server.log.segment.cache.num.max = 2 (custom)
2019-08-16 03:46:56,446 INFO  segmented.SegmentedRaftLogWorker (SegmentedRaftLogWorker.java:<init>(172)) - new 94feb042-fe31-49df-80b7-4232c3532741-SegmentedRaftLogWorker:Storage Directory /workdir/hadoop-ozone/integration-test/target/test-dir/MiniOzoneClusterImpl-13174f42-ef49-4866-b213-01bb0baa1417/datanode-6/data/ratis/44cc4662-4889-4648-8471-008b5eeaea19 for RaftStorage:Storage Directory /workdir/hadoop-ozone/integration-test/target/test-dir/MiniOzoneClusterImpl-13174f42-ef49-4866-b213-01bb0baa1417/datanode-6/data/ratis/44cc4662-4889-4648-8471-008b5eeaea19
2019-08-16 03:46:56,447 INFO  server.RaftServerConfigKeys (ConfUtils.java:logGet(43)) - raft.server.log.queue.byte-limit = 2147483647 (custom)
2019-08-16 03:46:56,447 INFO  server.RaftServerConfigKeys (ConfUtils.java:logGet(43)) - raft.server.log.queue.element-limit = 1024 (custom)
2019-08-16 03:46:56,447 INFO  server.RaftServerConfigKeys (ConfUtils.java:logGet(43)) - raft.server.log.segment.size.max = 1048576 (custom)
2019-08-16 03:46:56,447 INFO  server.RaftServerConfigKeys (ConfUtils.java:logGet(43)) - raft.server.log.preallocated.size = 16384 (custom)
2019-08-16 03:46:56,448 INFO  server.RaftServerConfigKeys (ConfUtils.java:logGet(43)) - raft.server.log.write.buffer.size = 33554432 (custom)
2019-08-16 03:46:56,448 INFO  server.RaftServerConfigKeys (ConfUtils.java:logGet(43)) - raft.server.log.force.sync.num = 128 (default)
2019-08-16 03:46:56,448 INFO  server.RaftServerConfigKeys (ConfUtils.java:logGet(43)) - raft.server.log.statemachine.data.sync = true (default)
2019-08-16 03:46:56,448 INFO  server.RaftServerConfigKeys (ConfUtils.java:logGet(43)) - raft.server.log.statemachine.data.sync.timeout = 10s (default)
2019-08-16 03:46:56,448 INFO  server.RaftServerConfigKeys (ConfUtils.java:logGet(43)) - raft.server.log.statemachine.data.sync.timeout.retry = -1 (default)
2019-08-16 03:46:56,449 INFO  server.RaftServerConfigKeys (ConfUtils.java:logGet(43)) - raft.server.log.statemachine.data.caching.enabled = true (custom)
2019-08-16 03:46:56,449 INFO  segmented.SegmentedRaftLogWorker (SegmentedRaftLogWorker.java:lambda$new$0(132)) - 94feb042-fe31-49df-80b7-4232c3532741-SegmentedRaftLogWorker:Storage Directory /workdir/hadoop-ozone/integration-test/target/test-dir/MiniOzoneClusterImpl-13174f42-ef49-4866-b213-01bb0baa1417/datanode-6/data/ratis/44cc4662-4889-4648-8471-008b5eeaea19: flushIndex: setUnconditionally 0 -> -1
2019-08-16 03:46:56,449 INFO  server.RaftServerConfigKeys (ConfUtils.java:logGet(43)) - raft.server.snapshot.auto.trigger.enabled = true (custom)
2019-08-16 03:46:56,450 INFO  server.RaftServerConfigKeys (ConfUtils.java:logGet(43)) - raft.server.snapshot.auto.trigger.threshold = 10000 (custom)
2019-08-16 03:46:56,450 INFO  server.RaftServerConfigKeys (ConfUtils.java:logGet(43)) - raft.server.retrycache.expirytime = 600000ms (custom)
2019-08-16 03:46:56,450 INFO  impl.RaftServerImpl (RaftServerImpl.java:start(180)) - 94feb042-fe31-49df-80b7-4232c3532741: start group-008B5EEAEA19
2019-08-16 03:46:56,450 INFO  impl.RaftServerImpl (RaftServerImpl.java:setRole(171)) - 94feb042-fe31-49df-80b7-4232c3532741:group-008B5EEAEA19 changes role from null to FOLLOWER at term 0 for startAsFollower
2019-08-16 03:46:56,450 INFO  impl.RoleInfo (RoleInfo.java:updateAndGet(143)) - 94feb042-fe31-49df-80b7-4232c3532741: start FollowerState
2019-08-16 03:46:56,451 INFO  util.JmxRegister (JmxRegister.java:tryRegister(44)) - Successfully registered JMX Bean with object name Ratis:service=RaftServer,group=group-008B5EEAEA19,id=94feb042-fe31-49df-80b7-4232c3532741
2019-08-16 03:46:56,458 INFO  pipeline.PipelineStateManager (PipelineStateManager.java:addPipeline(56)) - Created pipeline Pipeline[ Id: 44cc4662-4889-4648-8471-008b5eeaea19, Nodes: 94feb042-fe31-49df-80b7-4232c3532741{ip: 192.168.5.170, host: byscane-nightly-5jrvm-589107607, networkLocation: /default-rack, certSerialId: null}, Type:RATIS, Factor:ONE, State:OPEN]
2019-08-16 03:46:57,377 INFO  ozone.MiniOzoneClusterImpl (MiniOzoneClusterImpl.java:lambda$waitForClusterToBeReady$0(142)) - Cluster is ready. Got 7 of 7 DN Heartbeats.
2019-08-16 03:46:57,423 INFO  rpc.RpcClient (RpcClient.java:createVolume(288)) - Creating Volume: testblockoutputstreamwithretries, with jenkins1000 as owner.
2019-08-16 03:46:57,439 INFO  rpc.RpcClient (RpcClient.java:createBucket(425)) - Creating Bucket: testblockoutputstreamwithretries/testblockoutputstreamwithretries, with Versioning false and Storage Type set to DISK and Encryption set to false 
2019-08-16 03:46:57,481 INFO  client.GrpcClientProtocolClient (GrpcClientProtocolClient.java:onNext(255)) - client-1B2A3AB4141F->af0afe69-9a87-4d2a-8c9c-ba5c5ced1496: receive RaftClientReply:client-1B2A3AB4141F->af0afe69-9a87-4d2a-8c9c-ba5c5ced1496@group-CD3F66E4333D, cid=42, FAILED org.apache.ratis.protocol.NotLeaderException: Server af0afe69-9a87-4d2a-8c9c-ba5c5ced1496 is not the leader (null). Request must be sent to leader., logIndex=0, commits[af0afe69-9a87-4d2a-8c9c-ba5c5ced1496:c-1]
2019-08-16 03:46:58,083 INFO  container.ReplicationManager (ReplicationManager.java:start(152)) - Starting Replication Monitor Thread.
2019-08-16 03:46:58,087 INFO  container.ReplicationManager (ReplicationManager.java:run(215)) - Replication Monitor Thread took 0 milliseconds for processing 3 containers.
2019-08-16 03:46:58,516 INFO  client.GrpcClientProtocolClient (GrpcClientProtocolClient.java:onNext(255)) - client-1B2A3AB4141F->5a77de80-121b-47ee-b0e5-9998059859c0: receive RaftClientReply:client-1B2A3AB4141F->5a77de80-121b-47ee-b0e5-9998059859c0@group-CD3F66E4333D, cid=42, FAILED org.apache.ratis.protocol.NotLeaderException: Server 5a77de80-121b-47ee-b0e5-9998059859c0 is not the leader (null). Request must be sent to leader., logIndex=0, commits[5a77de80-121b-47ee-b0e5-9998059859c0:c-1]
2019-08-16 03:46:59,542 INFO  client.GrpcClientProtocolClient (GrpcClientProtocolClient.java:onNext(255)) - client-1B2A3AB4141F->af0afe69-9a87-4d2a-8c9c-ba5c5ced1496: receive RaftClientReply:client-1B2A3AB4141F->af0afe69-9a87-4d2a-8c9c-ba5c5ced1496@group-CD3F66E4333D, cid=42, FAILED org.apache.ratis.protocol.NotLeaderException: Server af0afe69-9a87-4d2a-8c9c-ba5c5ced1496 is not the leader (null). Request must be sent to leader., logIndex=0, commits[af0afe69-9a87-4d2a-8c9c-ba5c5ced1496:c-1]
2019-08-16 03:47:00,301 INFO  impl.FollowerState (FollowerState.java:run(106)) - 5a77de80-121b-47ee-b0e5-9998059859c0:group-0BD0D5CE2F9F changes to CANDIDATE, lastRpcTime:5149, electionTimeout:5149ms
2019-08-16 03:47:00,301 INFO  impl.RoleInfo (RoleInfo.java:shutdownFollowerState(121)) - 5a77de80-121b-47ee-b0e5-9998059859c0: shutdown FollowerState
2019-08-16 03:47:00,301 INFO  impl.RaftServerImpl (RaftServerImpl.java:setRole(171)) - 5a77de80-121b-47ee-b0e5-9998059859c0:group-0BD0D5CE2F9F changes role from FOLLOWER to CANDIDATE at term 0 for changeToCandidate
2019-08-16 03:47:00,302 INFO  impl.RoleInfo (RoleInfo.java:updateAndGet(143)) - 5a77de80-121b-47ee-b0e5-9998059859c0: start LeaderElection
2019-08-16 03:47:00,327 INFO  impl.LeaderElection (LeaderElection.java:askForVotes(181)) - 5a77de80-121b-47ee-b0e5-9998059859c0:group-0BD0D5CE2F9F:LeaderElection12: begin an election at term 1 for -1: [5a77de80-121b-47ee-b0e5-9998059859c0:192.168.5.170:34725], old=null
2019-08-16 03:47:00,328 INFO  impl.RoleInfo (RoleInfo.java:shutdownLeaderElection(134)) - 5a77de80-121b-47ee-b0e5-9998059859c0: shutdown LeaderElection
2019-08-16 03:47:00,329 INFO  impl.RaftServerImpl (RaftServerImpl.java:setRole(171)) - 5a77de80-121b-47ee-b0e5-9998059859c0:group-0BD0D5CE2F9F changes role from CANDIDATE to LEADER at term 1 for changeToLeader
2019-08-16 03:47:00,329 INFO  impl.RaftServerImpl (ServerState.java:setLeader(263)) - 5a77de80-121b-47ee-b0e5-9998059859c0:group-0BD0D5CE2F9F change Leader from null to 5a77de80-121b-47ee-b0e5-9998059859c0 at term 1 for becomeLeader, leader elected after 5184ms
2019-08-16 03:47:00,333 INFO  server.RaftServerConfigKeys (ConfUtils.java:logGet(43)) - raft.server.staging.catchup.gap = 1000 (default)
2019-08-16 03:47:00,333 INFO  server.RaftServerConfigKeys (ConfUtils.java:logGet(43)) - raft.server.rpc.sleep.time = 25ms (default)
2019-08-16 03:47:00,334 INFO  server.RaftServerConfigKeys (ConfUtils.java:logGet(43)) - raft.server.write.element-limit = 4096 (default)
2019-08-16 03:47:00,334 INFO  server.RaftServerConfigKeys (ConfUtils.java:logGet(43)) - raft.server.watch.timeout = 10s (default)
2019-08-16 03:47:00,335 INFO  server.RaftServerConfigKeys (ConfUtils.java:logGet(43)) - raft.server.watch.timeout.denomination = 1s (default)
2019-08-16 03:47:00,335 INFO  server.RaftServerConfigKeys (ConfUtils.java:logGet(43)) - raft.server.watch.element-limit = 65536 (default)
2019-08-16 03:47:00,336 INFO  impl.RoleInfo (RoleInfo.java:updateAndGet(143)) - 5a77de80-121b-47ee-b0e5-9998059859c0: start LeaderState
2019-08-16 03:47:00,336 INFO  segmented.SegmentedRaftLogWorker (SegmentedRaftLogWorker.java:startLogSegment(380)) - 5a77de80-121b-47ee-b0e5-9998059859c0-SegmentedRaftLogWorker:Storage Directory /workdir/hadoop-ozone/integration-test/target/test-dir/MiniOzoneClusterImpl-13174f42-ef49-4866-b213-01bb0baa1417/datanode-0/data/ratis/dc52f97c-bc8b-4629-8c61-0bd0d5ce2f9f: Starting segment from index:0
2019-08-16 03:47:00,338 INFO  impl.RaftServerImpl (ServerState.java:setRaftConf(361)) - 5a77de80-121b-47ee-b0e5-9998059859c0:group-0BD0D5CE2F9F set configuration 0: [5a77de80-121b-47ee-b0e5-9998059859c0:192.168.5.170:34725], old=null at 0
2019-08-16 03:47:00,380 INFO  impl.FollowerState (FollowerState.java:run(106)) - af0afe69-9a87-4d2a-8c9c-ba5c5ced1496:group-254651604299 changes to CANDIDATE, lastRpcTime:5062, electionTimeout:5056ms
2019-08-16 03:47:00,380 INFO  impl.RoleInfo (RoleInfo.java:shutdownFollowerState(121)) - af0afe69-9a87-4d2a-8c9c-ba5c5ced1496: shutdown FollowerState
2019-08-16 03:47:00,380 INFO  impl.RaftServerImpl (RaftServerImpl.java:setRole(171)) - af0afe69-9a87-4d2a-8c9c-ba5c5ced1496:group-254651604299 changes role from FOLLOWER to CANDIDATE at term 0 for changeToCandidate
2019-08-16 03:47:00,380 INFO  impl.RoleInfo (RoleInfo.java:updateAndGet(143)) - af0afe69-9a87-4d2a-8c9c-ba5c5ced1496: start LeaderElection
2019-08-16 03:47:00,402 INFO  segmented.SegmentedRaftLogWorker (SegmentedRaftLogWorker.java:execute(569)) - 5a77de80-121b-47ee-b0e5-9998059859c0-SegmentedRaftLogWorker:Storage Directory /workdir/hadoop-ozone/integration-test/target/test-dir/MiniOzoneClusterImpl-13174f42-ef49-4866-b213-01bb0baa1417/datanode-0/data/ratis/dc52f97c-bc8b-4629-8c61-0bd0d5ce2f9f: created new log segment /workdir/hadoop-ozone/integration-test/target/test-dir/MiniOzoneClusterImpl-13174f42-ef49-4866-b213-01bb0baa1417/datanode-0/data/ratis/dc52f97c-bc8b-4629-8c61-0bd0d5ce2f9f/current/log_inprogress_0
2019-08-16 03:47:00,416 INFO  impl.LeaderElection (LeaderElection.java:askForVotes(181)) - af0afe69-9a87-4d2a-8c9c-ba5c5ced1496:group-254651604299:LeaderElection13: begin an election at term 1 for -1: [af0afe69-9a87-4d2a-8c9c-ba5c5ced1496:192.168.5.170:45266], old=null
2019-08-16 03:47:00,416 INFO  impl.RoleInfo (RoleInfo.java:shutdownLeaderElection(134)) - af0afe69-9a87-4d2a-8c9c-ba5c5ced1496: shutdown LeaderElection
2019-08-16 03:47:00,416 INFO  impl.RaftServerImpl (RaftServerImpl.java:setRole(171)) - af0afe69-9a87-4d2a-8c9c-ba5c5ced1496:group-254651604299 changes role from CANDIDATE to LEADER at term 1 for changeToLeader
2019-08-16 03:47:00,416 INFO  impl.RaftServerImpl (ServerState.java:setLeader(263)) - af0afe69-9a87-4d2a-8c9c-ba5c5ced1496:group-254651604299 change Leader from null to af0afe69-9a87-4d2a-8c9c-ba5c5ced1496 at term 1 for becomeLeader, leader elected after 5103ms
2019-08-16 03:47:00,419 INFO  server.RaftServerConfigKeys (ConfUtils.java:logGet(43)) - raft.server.staging.catchup.gap = 1000 (default)
2019-08-16 03:47:00,419 INFO  server.RaftServerConfigKeys (ConfUtils.java:logGet(43)) - raft.server.rpc.sleep.time = 25ms (default)
2019-08-16 03:47:00,419 INFO  server.RaftServerConfigKeys (ConfUtils.java:logGet(43)) - raft.server.write.element-limit = 4096 (default)
2019-08-16 03:47:00,419 INFO  server.RaftServerConfigKeys (ConfUtils.java:logGet(43)) - raft.server.watch.timeout = 10s (default)
2019-08-16 03:47:00,420 INFO  server.RaftServerConfigKeys (ConfUtils.java:logGet(43)) - raft.server.watch.timeout.denomination = 1s (default)
2019-08-16 03:47:00,420 INFO  server.RaftServerConfigKeys (ConfUtils.java:logGet(43)) - raft.server.watch.element-limit = 65536 (default)
2019-08-16 03:47:00,420 INFO  impl.RoleInfo (RoleInfo.java:updateAndGet(143)) - af0afe69-9a87-4d2a-8c9c-ba5c5ced1496: start LeaderState
2019-08-16 03:47:00,421 INFO  segmented.SegmentedRaftLogWorker (SegmentedRaftLogWorker.java:startLogSegment(380)) - af0afe69-9a87-4d2a-8c9c-ba5c5ced1496-SegmentedRaftLogWorker:Storage Directory /workdir/hadoop-ozone/integration-test/target/test-dir/MiniOzoneClusterImpl-13174f42-ef49-4866-b213-01bb0baa1417/datanode-1/data/ratis/4cfef492-e0a1-460d-abb1-254651604299: Starting segment from index:0
2019-08-16 03:47:00,421 INFO  impl.RaftServerImpl (ServerState.java:setRaftConf(361)) - af0afe69-9a87-4d2a-8c9c-ba5c5ced1496:group-254651604299 set configuration 0: [af0afe69-9a87-4d2a-8c9c-ba5c5ced1496:192.168.5.170:45266], old=null at 0
2019-08-16 03:47:00,453 INFO  segmented.SegmentedRaftLogWorker (SegmentedRaftLogWorker.java:execute(569)) - af0afe69-9a87-4d2a-8c9c-ba5c5ced1496-SegmentedRaftLogWorker:Storage Directory /workdir/hadoop-ozone/integration-test/target/test-dir/MiniOzoneClusterImpl-13174f42-ef49-4866-b213-01bb0baa1417/datanode-1/data/ratis/4cfef492-e0a1-460d-abb1-254651604299: created new log segment /workdir/hadoop-ozone/integration-test/target/test-dir/MiniOzoneClusterImpl-13174f42-ef49-4866-b213-01bb0baa1417/datanode-1/data/ratis/4cfef492-e0a1-460d-abb1-254651604299/current/log_inprogress_0
2019-08-16 03:47:00,514 INFO  impl.FollowerState (FollowerState.java:run(106)) - 2939930d-acd4-48d4-89eb-79cd5de2ca56:group-4CCC53248F02 changes to CANDIDATE, lastRpcTime:5007, electionTimeout:5007ms
2019-08-16 03:47:00,514 INFO  impl.RoleInfo (RoleInfo.java:shutdownFollowerState(121)) - 2939930d-acd4-48d4-89eb-79cd5de2ca56: shutdown FollowerState
2019-08-16 03:47:00,514 INFO  impl.RaftServerImpl (RaftServerImpl.java:setRole(171)) - 2939930d-acd4-48d4-89eb-79cd5de2ca56:group-4CCC53248F02 changes role from FOLLOWER to CANDIDATE at term 0 for changeToCandidate
2019-08-16 03:47:00,515 INFO  impl.RoleInfo (RoleInfo.java:updateAndGet(143)) - 2939930d-acd4-48d4-89eb-79cd5de2ca56: start LeaderElection
2019-08-16 03:47:00,533 INFO  impl.LeaderElection (LeaderElection.java:askForVotes(181)) - 2939930d-acd4-48d4-89eb-79cd5de2ca56:group-4CCC53248F02:LeaderElection14: begin an election at term 1 for -1: [2939930d-acd4-48d4-89eb-79cd5de2ca56:192.168.5.170:45096], old=null
2019-08-16 03:47:00,533 INFO  impl.RoleInfo (RoleInfo.java:shutdownLeaderElection(134)) - 2939930d-acd4-48d4-89eb-79cd5de2ca56: shutdown LeaderElection
2019-08-16 03:47:00,533 INFO  impl.RaftServerImpl (RaftServerImpl.java:setRole(171)) - 2939930d-acd4-48d4-89eb-79cd5de2ca56:group-4CCC53248F02 changes role from CANDIDATE to LEADER at term 1 for changeToLeader
2019-08-16 03:47:00,533 INFO  impl.RaftServerImpl (ServerState.java:setLeader(263)) - 2939930d-acd4-48d4-89eb-79cd5de2ca56:group-4CCC53248F02 change Leader from null to 2939930d-acd4-48d4-89eb-79cd5de2ca56 at term 1 for becomeLeader, leader elected after 5032ms
2019-08-16 03:47:00,536 INFO  server.RaftServerConfigKeys (ConfUtils.java:logGet(43)) - raft.server.staging.catchup.gap = 1000 (default)
2019-08-16 03:47:00,536 INFO  server.RaftServerConfigKeys (ConfUtils.java:logGet(43)) - raft.server.rpc.sleep.time = 25ms (default)
2019-08-16 03:47:00,536 INFO  server.RaftServerConfigKeys (ConfUtils.java:logGet(43)) - raft.server.write.element-limit = 4096 (default)
2019-08-16 03:47:00,537 INFO  server.RaftServerConfigKeys (ConfUtils.java:logGet(43)) - raft.server.watch.timeout = 10s (default)
2019-08-16 03:47:00,537 INFO  server.RaftServerConfigKeys (ConfUtils.java:logGet(43)) - raft.server.watch.timeout.denomination = 1s (default)
2019-08-16 03:47:00,537 INFO  server.RaftServerConfigKeys (ConfUtils.java:logGet(43)) - raft.server.watch.element-limit = 65536 (default)
2019-08-16 03:47:00,537 INFO  impl.RoleInfo (RoleInfo.java:updateAndGet(143)) - 2939930d-acd4-48d4-89eb-79cd5de2ca56: start LeaderState
2019-08-16 03:47:00,538 INFO  segmented.SegmentedRaftLogWorker (SegmentedRaftLogWorker.java:startLogSegment(380)) - 2939930d-acd4-48d4-89eb-79cd5de2ca56-SegmentedRaftLogWorker:Storage Directory /workdir/hadoop-ozone/integration-test/target/test-dir/MiniOzoneClusterImpl-13174f42-ef49-4866-b213-01bb0baa1417/datanode-2/data/ratis/255da9e1-18e1-4e6c-9ee3-4ccc53248f02: Starting segment from index:0
2019-08-16 03:47:00,538 INFO  impl.RaftServerImpl (ServerState.java:setRaftConf(361)) - 2939930d-acd4-48d4-89eb-79cd5de2ca56:group-4CCC53248F02 set configuration 0: [2939930d-acd4-48d4-89eb-79cd5de2ca56:192.168.5.170:45096], old=null at 0
2019-08-16 03:47:00,592 INFO  segmented.SegmentedRaftLogWorker (SegmentedRaftLogWorker.java:execute(569)) - 2939930d-acd4-48d4-89eb-79cd5de2ca56-SegmentedRaftLogWorker:Storage Directory /workdir/hadoop-ozone/integration-test/target/test-dir/MiniOzoneClusterImpl-13174f42-ef49-4866-b213-01bb0baa1417/datanode-2/data/ratis/255da9e1-18e1-4e6c-9ee3-4ccc53248f02: created new log segment /workdir/hadoop-ozone/integration-test/target/test-dir/MiniOzoneClusterImpl-13174f42-ef49-4866-b213-01bb0baa1417/datanode-2/data/ratis/255da9e1-18e1-4e6c-9ee3-4ccc53248f02/current/log_inprogress_0
2019-08-16 03:47:00,596 INFO  client.GrpcClientProtocolClient (GrpcClientProtocolClient.java:onNext(255)) - client-1B2A3AB4141F->2939930d-acd4-48d4-89eb-79cd5de2ca56: receive RaftClientReply:client-1B2A3AB4141F->2939930d-acd4-48d4-89eb-79cd5de2ca56@group-CD3F66E4333D, cid=42, FAILED org.apache.ratis.protocol.NotLeaderException: Server 2939930d-acd4-48d4-89eb-79cd5de2ca56 is not the leader (null). Request must be sent to leader., logIndex=0, commits[2939930d-acd4-48d4-89eb-79cd5de2ca56:c-1]
2019-08-16 03:47:00,653 INFO  impl.FollowerState (FollowerState.java:run(106)) - 2939930d-acd4-48d4-89eb-79cd5de2ca56:group-CD3F66E4333D changes to CANDIDATE, lastRpcTime:5015, electionTimeout:5015ms
2019-08-16 03:47:00,654 INFO  impl.RoleInfo (RoleInfo.java:shutdownFollowerState(121)) - 2939930d-acd4-48d4-89eb-79cd5de2ca56: shutdown FollowerState
2019-08-16 03:47:00,654 INFO  impl.RaftServerImpl (RaftServerImpl.java:setRole(171)) - 2939930d-acd4-48d4-89eb-79cd5de2ca56:group-CD3F66E4333D changes role from FOLLOWER to CANDIDATE at term 0 for changeToCandidate
2019-08-16 03:47:00,654 INFO  impl.RoleInfo (RoleInfo.java:updateAndGet(143)) - 2939930d-acd4-48d4-89eb-79cd5de2ca56: start LeaderElection
2019-08-16 03:47:00,687 INFO  impl.LeaderElection (LeaderElection.java:askForVotes(181)) - 2939930d-acd4-48d4-89eb-79cd5de2ca56:group-CD3F66E4333D:LeaderElection15: begin an election at term 1 for -1: [2939930d-acd4-48d4-89eb-79cd5de2ca56:192.168.5.170:45096, 5a77de80-121b-47ee-b0e5-9998059859c0:192.168.5.170:34725, af0afe69-9a87-4d2a-8c9c-ba5c5ced1496:192.168.5.170:45266], old=null
2019-08-16 03:47:00,701 INFO  impl.FollowerState (FollowerState.java:run(106)) - af0afe69-9a87-4d2a-8c9c-ba5c5ced1496:group-CD3F66E4333D changes to CANDIDATE, lastRpcTime:5063, electionTimeout:5063ms
2019-08-16 03:47:00,703 INFO  impl.RaftServerImpl (RaftServerImpl.java:setRole(171)) - 5a77de80-121b-47ee-b0e5-9998059859c0:group-CD3F66E4333D changes role from FOLLOWER to FOLLOWER at term 1 for recognizeCandidate:2939930d-acd4-48d4-89eb-79cd5de2ca56
2019-08-16 03:47:00,703 INFO  impl.RoleInfo (RoleInfo.java:shutdownFollowerState(121)) - af0afe69-9a87-4d2a-8c9c-ba5c5ced1496: shutdown FollowerState
2019-08-16 03:47:00,703 INFO  impl.RoleInfo (RoleInfo.java:shutdownFollowerState(121)) - 5a77de80-121b-47ee-b0e5-9998059859c0: shutdown FollowerState
2019-08-16 03:47:00,704 INFO  impl.RaftServerImpl (RaftServerImpl.java:setRole(171)) - af0afe69-9a87-4d2a-8c9c-ba5c5ced1496:group-CD3F66E4333D changes role from FOLLOWER to CANDIDATE at term 0 for changeToCandidate
2019-08-16 03:47:00,704 INFO  impl.RoleInfo (RoleInfo.java:updateAndGet(143)) - 5a77de80-121b-47ee-b0e5-9998059859c0: start FollowerState
2019-08-16 03:47:00,704 INFO  impl.FollowerState (FollowerState.java:run(114)) - 5a77de80-121b-47ee-b0e5-9998059859c0: FollowerState was interrupted: java.lang.InterruptedException: sleep interrupted
2019-08-16 03:47:00,704 INFO  impl.RoleInfo (RoleInfo.java:updateAndGet(143)) - af0afe69-9a87-4d2a-8c9c-ba5c5ced1496: start LeaderElection
2019-08-16 03:47:00,709 INFO  impl.RaftServerImpl (RaftServerImpl.java:setRole(171)) - af0afe69-9a87-4d2a-8c9c-ba5c5ced1496:group-CD3F66E4333D changes role from CANDIDATE to FOLLOWER at term 1 for recognizeCandidate:2939930d-acd4-48d4-89eb-79cd5de2ca56
2019-08-16 03:47:00,709 INFO  impl.RoleInfo (RoleInfo.java:shutdownLeaderElection(134)) - af0afe69-9a87-4d2a-8c9c-ba5c5ced1496: shutdown LeaderElection
2019-08-16 03:47:00,709 INFO  impl.RoleInfo (RoleInfo.java:updateAndGet(143)) - af0afe69-9a87-4d2a-8c9c-ba5c5ced1496: start FollowerState
2019-08-16 03:47:00,735 INFO  impl.LeaderElection (LeaderElection.java:logAndReturn(56)) - 2939930d-acd4-48d4-89eb-79cd5de2ca56:group-CD3F66E4333D:LeaderElection15: Election PASSED; received 2 response(s) [2939930d-acd4-48d4-89eb-79cd5de2ca56<-5a77de80-121b-47ee-b0e5-9998059859c0#0:OK-t1, 2939930d-acd4-48d4-89eb-79cd5de2ca56<-af0afe69-9a87-4d2a-8c9c-ba5c5ced1496#0:FAIL-t1] and 0 exception(s); 2939930d-acd4-48d4-89eb-79cd5de2ca56:t1, leader=null, voted=2939930d-acd4-48d4-89eb-79cd5de2ca56, raftlog=2939930d-acd4-48d4-89eb-79cd5de2ca56-SegmentedRaftLog:OPENED:c-1,f-1,i0, conf=-1: [2939930d-acd4-48d4-89eb-79cd5de2ca56:192.168.5.170:45096, 5a77de80-121b-47ee-b0e5-9998059859c0:192.168.5.170:34725, af0afe69-9a87-4d2a-8c9c-ba5c5ced1496:192.168.5.170:45266], old=null
2019-08-16 03:47:00,735 INFO  impl.RoleInfo (RoleInfo.java:shutdownLeaderElection(134)) - 2939930d-acd4-48d4-89eb-79cd5de2ca56: shutdown LeaderElection
2019-08-16 03:47:00,737 INFO  impl.RaftServerImpl (RaftServerImpl.java:setRole(171)) - 2939930d-acd4-48d4-89eb-79cd5de2ca56:group-CD3F66E4333D changes role from CANDIDATE to LEADER at term 1 for changeToLeader
2019-08-16 03:47:00,737 INFO  impl.RaftServerImpl (ServerState.java:setLeader(263)) - 2939930d-acd4-48d4-89eb-79cd5de2ca56:group-CD3F66E4333D change Leader from null to 2939930d-acd4-48d4-89eb-79cd5de2ca56 at term 1 for becomeLeader, leader elected after 5143ms
2019-08-16 03:47:00,738 INFO  server.RaftServerConfigKeys (ConfUtils.java:logGet(43)) - raft.server.staging.catchup.gap = 1000 (default)
2019-08-16 03:47:00,738 INFO  server.RaftServerConfigKeys (ConfUtils.java:logGet(43)) - raft.server.rpc.sleep.time = 25ms (default)
2019-08-16 03:47:00,738 INFO  server.RaftServerConfigKeys (ConfUtils.java:logGet(43)) - raft.server.write.element-limit = 4096 (default)
2019-08-16 03:47:00,739 INFO  server.RaftServerConfigKeys (ConfUtils.java:logGet(43)) - raft.server.watch.timeout = 10s (default)
2019-08-16 03:47:00,739 INFO  server.RaftServerConfigKeys (ConfUtils.java:logGet(43)) - raft.server.watch.timeout.denomination = 1s (default)
2019-08-16 03:47:00,739 INFO  server.RaftServerConfigKeys (ConfUtils.java:logGet(43)) - raft.server.watch.element-limit = 65536 (default)
2019-08-16 03:47:00,739 INFO  server.RaftServerConfigKeys (ConfUtils.java:logGet(43)) - raft.server.log.appender.snapshot.chunk.size.max = 16MB (=16777216) (default)
2019-08-16 03:47:00,740 INFO  server.RaftServerConfigKeys (ConfUtils.java:logGet(43)) - raft.server.log.appender.buffer.byte-limit = 33554432 (custom)
2019-08-16 03:47:00,740 INFO  server.RaftServerConfigKeys (ConfUtils.java:logGet(43)) - raft.server.log.appender.buffer.element-limit = 1 (custom)
2019-08-16 03:47:00,740 INFO  grpc.GrpcConfigKeys$Server (ConfUtils.java:logGet(43)) - raft.grpc.server.leader.outstanding.appends.max = 128 (default)
2019-08-16 03:47:00,740 INFO  server.RaftServerConfigKeys (ConfUtils.java:logGet(43)) - raft.server.rpc.request.timeout = 3000ms (default)
2019-08-16 03:47:00,741 INFO  server.RaftServerConfigKeys (ConfUtils.java:logGet(43)) - raft.server.log.appender.install.snapshot.enabled = false (custom)
2019-08-16 03:47:00,741 INFO  server.RaftServerConfigKeys (ConfUtils.java:logGet(43)) - raft.server.log.appender.snapshot.chunk.size.max = 16MB (=16777216) (default)
2019-08-16 03:47:00,741 INFO  server.RaftServerConfigKeys (ConfUtils.java:logGet(43)) - raft.server.log.appender.buffer.byte-limit = 33554432 (custom)
2019-08-16 03:47:00,741 INFO  server.RaftServerConfigKeys (ConfUtils.java:logGet(43)) - raft.server.log.appender.buffer.element-limit = 1 (custom)
2019-08-16 03:47:00,741 INFO  grpc.GrpcConfigKeys$Server (ConfUtils.java:logGet(43)) - raft.grpc.server.leader.outstanding.appends.max = 128 (default)
2019-08-16 03:47:00,742 INFO  server.RaftServerConfigKeys (ConfUtils.java:logGet(43)) - raft.server.rpc.request.timeout = 3000ms (default)
2019-08-16 03:47:00,742 INFO  server.RaftServerConfigKeys (ConfUtils.java:logGet(43)) - raft.server.log.appender.install.snapshot.enabled = false (custom)
2019-08-16 03:47:00,742 INFO  impl.RoleInfo (RoleInfo.java:updateAndGet(143)) - 2939930d-acd4-48d4-89eb-79cd5de2ca56: start LeaderState
2019-08-16 03:47:00,743 INFO  segmented.SegmentedRaftLogWorker (SegmentedRaftLogWorker.java:startLogSegment(380)) - 2939930d-acd4-48d4-89eb-79cd5de2ca56-SegmentedRaftLogWorker:Storage Directory /workdir/hadoop-ozone/integration-test/target/test-dir/MiniOzoneClusterImpl-13174f42-ef49-4866-b213-01bb0baa1417/datanode-2/data/ratis/8bd0f8ac-c0be-4f2e-a561-cd3f66e4333d: Starting segment from index:0
2019-08-16 03:47:00,745 INFO  impl.RaftServerImpl (ServerState.java:setRaftConf(361)) - 2939930d-acd4-48d4-89eb-79cd5de2ca56:group-CD3F66E4333D set configuration 0: [2939930d-acd4-48d4-89eb-79cd5de2ca56:192.168.5.170:45096, 5a77de80-121b-47ee-b0e5-9998059859c0:192.168.5.170:34725, af0afe69-9a87-4d2a-8c9c-ba5c5ced1496:192.168.5.170:45266], old=null at 0
2019-08-16 03:47:00,746 INFO  impl.LeaderElection (LeaderElection.java:askForVotes(181)) - af0afe69-9a87-4d2a-8c9c-ba5c5ced1496:group-CD3F66E4333D:LeaderElection16: begin an election at term 2 for -1: [2939930d-acd4-48d4-89eb-79cd5de2ca56:192.168.5.170:45096, 5a77de80-121b-47ee-b0e5-9998059859c0:192.168.5.170:34725, af0afe69-9a87-4d2a-8c9c-ba5c5ced1496:192.168.5.170:45266], old=null
2019-08-16 03:47:00,763 INFO  impl.LeaderElection (LeaderElection.java:logAndReturn(56)) - af0afe69-9a87-4d2a-8c9c-ba5c5ced1496:group-CD3F66E4333D:LeaderElection16: Election REJECTED; received 0 response(s) [] and 0 exception(s); af0afe69-9a87-4d2a-8c9c-ba5c5ced1496:t2, leader=null, voted=af0afe69-9a87-4d2a-8c9c-ba5c5ced1496, raftlog=af0afe69-9a87-4d2a-8c9c-ba5c5ced1496-SegmentedRaftLog:OPENED:c-1,f-1,i0, conf=-1: [2939930d-acd4-48d4-89eb-79cd5de2ca56:192.168.5.170:45096, 5a77de80-121b-47ee-b0e5-9998059859c0:192.168.5.170:34725, af0afe69-9a87-4d2a-8c9c-ba5c5ced1496:192.168.5.170:45266], old=null
2019-08-16 03:47:00,766 INFO  impl.RaftServerImpl (ServerState.java:setLeader(263)) - 5a77de80-121b-47ee-b0e5-9998059859c0:group-CD3F66E4333D change Leader from null to 2939930d-acd4-48d4-89eb-79cd5de2ca56 at term 1 for appendEntries, leader elected after 5171ms
2019-08-16 03:47:00,774 INFO  impl.RaftServerImpl (ServerState.java:setLeader(263)) - 5a77de80-121b-47ee-b0e5-9998059859c0:group-CD3F66E4333D change Leader from 2939930d-acd4-48d4-89eb-79cd5de2ca56 to null at term 2 for updateCurrentTerm
2019-08-16 03:47:00,776 INFO  segmented.SegmentedRaftLogWorker (SegmentedRaftLogWorker.java:execute(569)) - 2939930d-acd4-48d4-89eb-79cd5de2ca56-SegmentedRaftLogWorker:Storage Directory /workdir/hadoop-ozone/integration-test/target/test-dir/MiniOzoneClusterImpl-13174f42-ef49-4866-b213-01bb0baa1417/datanode-2/data/ratis/8bd0f8ac-c0be-4f2e-a561-cd3f66e4333d: created new log segment /workdir/hadoop-ozone/integration-test/target/test-dir/MiniOzoneClusterImpl-13174f42-ef49-4866-b213-01bb0baa1417/datanode-2/data/ratis/8bd0f8ac-c0be-4f2e-a561-cd3f66e4333d/current/log_inprogress_0
2019-08-16 03:47:00,776 INFO  impl.RaftServerImpl (RaftServerImpl.java:setRole(171)) - 5a77de80-121b-47ee-b0e5-9998059859c0:group-CD3F66E4333D changes role from FOLLOWER to FOLLOWER at term 2 for recognizeCandidate:af0afe69-9a87-4d2a-8c9c-ba5c5ced1496
2019-08-16 03:47:00,777 INFO  impl.RoleInfo (RoleInfo.java:shutdownFollowerState(121)) - 5a77de80-121b-47ee-b0e5-9998059859c0: shutdown FollowerState
2019-08-16 03:47:00,777 INFO  impl.RoleInfo (RoleInfo.java:updateAndGet(143)) - 5a77de80-121b-47ee-b0e5-9998059859c0: start FollowerState
2019-08-16 03:47:00,777 INFO  impl.FollowerState (FollowerState.java:run(114)) - 5a77de80-121b-47ee-b0e5-9998059859c0: FollowerState was interrupted: java.lang.InterruptedException: sleep interrupted
2019-08-16 03:47:00,782 INFO  impl.RaftServerImpl (ServerState.java:setLeader(263)) - 2939930d-acd4-48d4-89eb-79cd5de2ca56:group-CD3F66E4333D change Leader from 2939930d-acd4-48d4-89eb-79cd5de2ca56 to null at term 2 for updateCurrentTerm
2019-08-16 03:47:00,782 INFO  impl.RaftServerImpl (RaftServerImpl.java:setRole(171)) - 2939930d-acd4-48d4-89eb-79cd5de2ca56:group-CD3F66E4333D changes role from LEADER to FOLLOWER at term 2 for recognizeCandidate:af0afe69-9a87-4d2a-8c9c-ba5c5ced1496
2019-08-16 03:47:00,782 INFO  impl.RoleInfo (RoleInfo.java:shutdownLeaderState(104)) - 2939930d-acd4-48d4-89eb-79cd5de2ca56: shutdown LeaderState
2019-08-16 03:47:00,786 WARN  server.GrpcLogAppender (GrpcLogAppender.java:mayWait(143)) - GrpcLogAppender(2939930d-acd4-48d4-89eb-79cd5de2ca56->af0afe69-9a87-4d2a-8c9c-ba5c5ced1496): Wait interrupted by java.lang.InterruptedException
2019-08-16 03:47:00,786 WARN  server.GrpcLogAppender (GrpcLogAppender.java:mayWait(143)) - GrpcLogAppender(2939930d-acd4-48d4-89eb-79cd5de2ca56->5a77de80-121b-47ee-b0e5-9998059859c0): Wait interrupted by java.lang.InterruptedException
2019-08-16 03:47:00,786 INFO  impl.PendingRequests (PendingRequests.java:sendNotLeaderResponses(202)) - 2939930d-acd4-48d4-89eb-79cd5de2ca56-PendingRequests: sendNotLeaderResponses
2019-08-16 03:47:00,790 INFO  server.GrpcServerProtocolService (GrpcServerProtocolService.java:onCompleted(104)) - af0afe69-9a87-4d2a-8c9c-ba5c5ced1496: appendEntries completed
2019-08-16 03:47:00,791 INFO  impl.RoleInfo (RoleInfo.java:updateAndGet(143)) - 2939930d-acd4-48d4-89eb-79cd5de2ca56: start FollowerState
2019-08-16 03:47:00,809 INFO  server.GrpcServerProtocolService (GrpcServerProtocolService.java:onCompleted(104)) - 5a77de80-121b-47ee-b0e5-9998059859c0: appendEntries completed
2019-08-16 03:47:00,811 INFO  server.GrpcLogAppender (GrpcLogAppender.java:onCompleted(292)) - 2939930d-acd4-48d4-89eb-79cd5de2ca56->af0afe69-9a87-4d2a-8c9c-ba5c5ced1496: follower responses appendEntries COMPLETED
2019-08-16 03:47:00,814 INFO  impl.FollowerInfo (FollowerInfo.java:lambda$new$0(50)) - 2939930d-acd4-48d4-89eb-79cd5de2ca56->af0afe69-9a87-4d2a-8c9c-ba5c5ced1496: nextIndex: updateUnconditionally 0 -> 0
2019-08-16 03:47:00,823 INFO  server.GrpcLogAppender (GrpcLogAppender.java:onCompleted(292)) - 2939930d-acd4-48d4-89eb-79cd5de2ca56->5a77de80-121b-47ee-b0e5-9998059859c0: follower responses appendEntries COMPLETED
2019-08-16 03:47:00,825 INFO  impl.FollowerInfo (FollowerInfo.java:lambda$new$0(50)) - 2939930d-acd4-48d4-89eb-79cd5de2ca56->5a77de80-121b-47ee-b0e5-9998059859c0: nextIndex: updateUnconditionally 1 -> 0
2019-08-16 03:47:01,067 INFO  impl.FollowerState (FollowerState.java:run(106)) - 74f4742b-e403-4620-b2db-8f37b530ba0a:group-DF363A6A1D04 changes to CANDIDATE, lastRpcTime:5088, electionTimeout:5088ms
2019-08-16 03:47:01,067 INFO  impl.RoleInfo (RoleInfo.java:shutdownFollowerState(121)) - 74f4742b-e403-4620-b2db-8f37b530ba0a: shutdown FollowerState
2019-08-16 03:47:01,067 INFO  impl.RaftServerImpl (RaftServerImpl.java:setRole(171)) - 74f4742b-e403-4620-b2db-8f37b530ba0a:group-DF363A6A1D04 changes role from FOLLOWER to CANDIDATE at term 0 for changeToCandidate
2019-08-16 03:47:01,067 INFO  impl.RoleInfo (RoleInfo.java:updateAndGet(143)) - 74f4742b-e403-4620-b2db-8f37b530ba0a: start LeaderElection
2019-08-16 03:47:01,099 INFO  impl.LeaderElection (LeaderElection.java:askForVotes(181)) - 74f4742b-e403-4620-b2db-8f37b530ba0a:group-DF363A6A1D04:LeaderElection17: begin an election at term 1 for -1: [74f4742b-e403-4620-b2db-8f37b530ba0a:192.168.5.170:33824], old=null
2019-08-16 03:47:01,099 INFO  impl.RoleInfo (RoleInfo.java:shutdownLeaderElection(134)) - 74f4742b-e403-4620-b2db-8f37b530ba0a: shutdown LeaderElection
2019-08-16 03:47:01,099 INFO  impl.RaftServerImpl (RaftServerImpl.java:setRole(171)) - 74f4742b-e403-4620-b2db-8f37b530ba0a:group-DF363A6A1D04 changes role from CANDIDATE to LEADER at term 1 for changeToLeader
2019-08-16 03:47:01,100 INFO  impl.RaftServerImpl (ServerState.java:setLeader(263)) - 74f4742b-e403-4620-b2db-8f37b530ba0a:group-DF363A6A1D04 change Leader from null to 74f4742b-e403-4620-b2db-8f37b530ba0a at term 1 for becomeLeader, leader elected after 5127ms
2019-08-16 03:47:01,102 INFO  impl.FollowerState (FollowerState.java:run(106)) - 49a1814f-e138-4ff1-ad4e-f524b08086c9:group-649FA1EA2B8C changes to CANDIDATE, lastRpcTime:5185, electionTimeout:5184ms
2019-08-16 03:47:01,102 INFO  server.RaftServerConfigKeys (ConfUtils.java:logGet(43)) - raft.server.staging.catchup.gap = 1000 (default)
2019-08-16 03:47:01,102 INFO  impl.RoleInfo (RoleInfo.java:shutdownFollowerState(121)) - 49a1814f-e138-4ff1-ad4e-f524b08086c9: shutdown FollowerState
2019-08-16 03:47:01,103 INFO  server.RaftServerConfigKeys (ConfUtils.java:logGet(43)) - raft.server.rpc.sleep.time = 25ms (default)
2019-08-16 03:47:01,103 INFO  impl.RaftServerImpl (RaftServerImpl.java:setRole(171)) - 49a1814f-e138-4ff1-ad4e-f524b08086c9:group-649FA1EA2B8C changes role from FOLLOWER to CANDIDATE at term 0 for changeToCandidate
2019-08-16 03:47:01,103 INFO  server.RaftServerConfigKeys (ConfUtils.java:logGet(43)) - raft.server.write.element-limit = 4096 (default)
2019-08-16 03:47:01,103 INFO  impl.RoleInfo (RoleInfo.java:updateAndGet(143)) - 49a1814f-e138-4ff1-ad4e-f524b08086c9: start LeaderElection
2019-08-16 03:47:01,103 INFO  server.RaftServerConfigKeys (ConfUtils.java:logGet(43)) - raft.server.watch.timeout = 10s (default)
2019-08-16 03:47:01,103 INFO  server.RaftServerConfigKeys (ConfUtils.java:logGet(43)) - raft.server.watch.timeout.denomination = 1s (default)
2019-08-16 03:47:01,106 INFO  server.RaftServerConfigKeys (ConfUtils.java:logGet(43)) - raft.server.watch.element-limit = 65536 (default)
2019-08-16 03:47:01,109 INFO  impl.RoleInfo (RoleInfo.java:updateAndGet(143)) - 74f4742b-e403-4620-b2db-8f37b530ba0a: start LeaderState
2019-08-16 03:47:01,109 INFO  segmented.SegmentedRaftLogWorker (SegmentedRaftLogWorker.java:startLogSegment(380)) - 74f4742b-e403-4620-b2db-8f37b530ba0a-SegmentedRaftLogWorker:Storage Directory /workdir/hadoop-ozone/integration-test/target/test-dir/MiniOzoneClusterImpl-13174f42-ef49-4866-b213-01bb0baa1417/datanode-3/data/ratis/2f60c9dd-3f1a-41d7-9053-df363a6a1d04: Starting segment from index:0
2019-08-16 03:47:01,110 INFO  impl.RaftServerImpl (ServerState.java:setRaftConf(361)) - 74f4742b-e403-4620-b2db-8f37b530ba0a:group-DF363A6A1D04 set configuration 0: [74f4742b-e403-4620-b2db-8f37b530ba0a:192.168.5.170:33824], old=null at 0
2019-08-16 03:47:01,152 INFO  impl.LeaderElection (LeaderElection.java:askForVotes(181)) - 49a1814f-e138-4ff1-ad4e-f524b08086c9:group-649FA1EA2B8C:LeaderElection18: begin an election at term 1 for -1: [49a1814f-e138-4ff1-ad4e-f524b08086c9:192.168.5.170:40431], old=null
2019-08-16 03:47:01,152 INFO  impl.RoleInfo (RoleInfo.java:shutdownLeaderElection(134)) - 49a1814f-e138-4ff1-ad4e-f524b08086c9: shutdown LeaderElection
2019-08-16 03:47:01,153 INFO  impl.RaftServerImpl (RaftServerImpl.java:setRole(171)) - 49a1814f-e138-4ff1-ad4e-f524b08086c9:group-649FA1EA2B8C changes role from CANDIDATE to LEADER at term 1 for changeToLeader
2019-08-16 03:47:01,153 INFO  impl.RaftServerImpl (ServerState.java:setLeader(263)) - 49a1814f-e138-4ff1-ad4e-f524b08086c9:group-649FA1EA2B8C change Leader from null to 49a1814f-e138-4ff1-ad4e-f524b08086c9 at term 1 for becomeLeader, leader elected after 5243ms
2019-08-16 03:47:01,155 INFO  server.RaftServerConfigKeys (ConfUtils.java:logGet(43)) - raft.server.staging.catchup.gap = 1000 (default)
2019-08-16 03:47:01,156 INFO  server.RaftServerConfigKeys (ConfUtils.java:logGet(43)) - raft.server.rpc.sleep.time = 25ms (default)
2019-08-16 03:47:01,156 INFO  server.RaftServerConfigKeys (ConfUtils.java:logGet(43)) - raft.server.write.element-limit = 4096 (default)
2019-08-16 03:47:01,156 INFO  server.RaftServerConfigKeys (ConfUtils.java:logGet(43)) - raft.server.watch.timeout = 10s (default)
2019-08-16 03:47:01,156 INFO  server.RaftServerConfigKeys (ConfUtils.java:logGet(43)) - raft.server.watch.timeout.denomination = 1s (default)
2019-08-16 03:47:01,156 INFO  server.RaftServerConfigKeys (ConfUtils.java:logGet(43)) - raft.server.watch.element-limit = 65536 (default)
2019-08-16 03:47:01,157 INFO  impl.RoleInfo (RoleInfo.java:updateAndGet(143)) - 49a1814f-e138-4ff1-ad4e-f524b08086c9: start LeaderState
2019-08-16 03:47:01,157 INFO  segmented.SegmentedRaftLogWorker (SegmentedRaftLogWorker.java:startLogSegment(380)) - 49a1814f-e138-4ff1-ad4e-f524b08086c9-SegmentedRaftLogWorker:Storage Directory /workdir/hadoop-ozone/integration-test/target/test-dir/MiniOzoneClusterImpl-13174f42-ef49-4866-b213-01bb0baa1417/datanode-4/data/ratis/69773623-517f-4bda-a9ec-649fa1ea2b8c: Starting segment from index:0
2019-08-16 03:47:01,158 INFO  impl.RaftServerImpl (ServerState.java:setRaftConf(361)) - 49a1814f-e138-4ff1-ad4e-f524b08086c9:group-649FA1EA2B8C set configuration 0: [49a1814f-e138-4ff1-ad4e-f524b08086c9:192.168.5.170:40431], old=null at 0
2019-08-16 03:47:01,198 INFO  segmented.SegmentedRaftLogWorker (SegmentedRaftLogWorker.java:execute(569)) - 74f4742b-e403-4620-b2db-8f37b530ba0a-SegmentedRaftLogWorker:Storage Directory /workdir/hadoop-ozone/integration-test/target/test-dir/MiniOzoneClusterImpl-13174f42-ef49-4866-b213-01bb0baa1417/datanode-3/data/ratis/2f60c9dd-3f1a-41d7-9053-df363a6a1d04: created new log segment /workdir/hadoop-ozone/integration-test/target/test-dir/MiniOzoneClusterImpl-13174f42-ef49-4866-b213-01bb0baa1417/datanode-3/data/ratis/2f60c9dd-3f1a-41d7-9053-df363a6a1d04/current/log_inprogress_0
2019-08-16 03:47:01,223 INFO  segmented.SegmentedRaftLogWorker (SegmentedRaftLogWorker.java:execute(569)) - 49a1814f-e138-4ff1-ad4e-f524b08086c9-SegmentedRaftLogWorker:Storage Directory /workdir/hadoop-ozone/integration-test/target/test-dir/MiniOzoneClusterImpl-13174f42-ef49-4866-b213-01bb0baa1417/datanode-4/data/ratis/69773623-517f-4bda-a9ec-649fa1ea2b8c: created new log segment /workdir/hadoop-ozone/integration-test/target/test-dir/MiniOzoneClusterImpl-13174f42-ef49-4866-b213-01bb0baa1417/datanode-4/data/ratis/69773623-517f-4bda-a9ec-649fa1ea2b8c/current/log_inprogress_0
2019-08-16 03:47:01,399 INFO  impl.FollowerState (FollowerState.java:run(106)) - 49a1814f-e138-4ff1-ad4e-f524b08086c9:group-E5D08E2E2BAA changes to CANDIDATE, lastRpcTime:5047, electionTimeout:5047ms
2019-08-16 03:47:01,399 INFO  impl.RoleInfo (RoleInfo.java:shutdownFollowerState(121)) - 49a1814f-e138-4ff1-ad4e-f524b08086c9: shutdown FollowerState
2019-08-16 03:47:01,399 INFO  impl.RaftServerImpl (RaftServerImpl.java:setRole(171)) - 49a1814f-e138-4ff1-ad4e-f524b08086c9:group-E5D08E2E2BAA changes role from FOLLOWER to CANDIDATE at term 0 for changeToCandidate
2019-08-16 03:47:01,399 INFO  impl.RoleInfo (RoleInfo.java:updateAndGet(143)) - 49a1814f-e138-4ff1-ad4e-f524b08086c9: start LeaderElection
2019-08-16 03:47:01,420 INFO  impl.LeaderElection (LeaderElection.java:askForVotes(181)) - 49a1814f-e138-4ff1-ad4e-f524b08086c9:group-E5D08E2E2BAA:LeaderElection19: begin an election at term 1 for -1: [8b6b56fe-c252-4348-b8ca-c877b60f9ee4:192.168.5.170:35306, 49a1814f-e138-4ff1-ad4e-f524b08086c9:192.168.5.170:40431, 74f4742b-e403-4620-b2db-8f37b530ba0a:192.168.5.170:33824], old=null
2019-08-16 03:47:01,423 INFO  impl.FollowerState (FollowerState.java:run(106)) - 8b6b56fe-c252-4348-b8ca-c877b60f9ee4:group-F7A3CCE07779 changes to CANDIDATE, lastRpcTime:5172, electionTimeout:5172ms
2019-08-16 03:47:01,423 INFO  impl.FollowerState (FollowerState.java:run(106)) - 8b6b56fe-c252-4348-b8ca-c877b60f9ee4:group-E5D08E2E2BAA changes to CANDIDATE, lastRpcTime:5070, electionTimeout:5070ms
2019-08-16 03:47:01,423 INFO  impl.RoleInfo (RoleInfo.java:shutdownFollowerState(121)) - 8b6b56fe-c252-4348-b8ca-c877b60f9ee4: shutdown FollowerState
2019-08-16 03:47:01,426 INFO  impl.RaftServerImpl (RaftServerImpl.java:setRole(171)) - 8b6b56fe-c252-4348-b8ca-c877b60f9ee4:group-F7A3CCE07779 changes role from FOLLOWER to CANDIDATE at term 0 for changeToCandidate
2019-08-16 03:47:01,423 INFO  impl.RoleInfo (RoleInfo.java:shutdownFollowerState(121)) - 8b6b56fe-c252-4348-b8ca-c877b60f9ee4: shutdown FollowerState
2019-08-16 03:47:01,426 INFO  impl.RoleInfo (RoleInfo.java:updateAndGet(143)) - 8b6b56fe-c252-4348-b8ca-c877b60f9ee4: start LeaderElection
2019-08-16 03:47:01,426 INFO  impl.RaftServerImpl (RaftServerImpl.java:setRole(171)) - 8b6b56fe-c252-4348-b8ca-c877b60f9ee4:group-E5D08E2E2BAA changes role from FOLLOWER to CANDIDATE at term 0 for changeToCandidate
2019-08-16 03:47:01,429 INFO  impl.RoleInfo (RoleInfo.java:updateAndGet(143)) - 8b6b56fe-c252-4348-b8ca-c877b60f9ee4: start LeaderElection
2019-08-16 03:47:01,443 INFO  impl.RaftServerImpl (RaftServerImpl.java:setRole(171)) - 74f4742b-e403-4620-b2db-8f37b530ba0a:group-E5D08E2E2BAA changes role from FOLLOWER to FOLLOWER at term 1 for recognizeCandidate:49a1814f-e138-4ff1-ad4e-f524b08086c9
2019-08-16 03:47:01,445 INFO  impl.RoleInfo (RoleInfo.java:shutdownFollowerState(121)) - 74f4742b-e403-4620-b2db-8f37b530ba0a: shutdown FollowerState
2019-08-16 03:47:01,446 INFO  impl.RoleInfo (RoleInfo.java:updateAndGet(143)) - 74f4742b-e403-4620-b2db-8f37b530ba0a: start FollowerState
2019-08-16 03:47:01,446 INFO  impl.FollowerState (FollowerState.java:run(114)) - 74f4742b-e403-4620-b2db-8f37b530ba0a: FollowerState was interrupted: java.lang.InterruptedException: sleep interrupted
2019-08-16 03:47:01,465 INFO  impl.LeaderElection (LeaderElection.java:askForVotes(181)) - 8b6b56fe-c252-4348-b8ca-c877b60f9ee4:group-F7A3CCE07779:LeaderElection20: begin an election at term 1 for -1: [8b6b56fe-c252-4348-b8ca-c877b60f9ee4:192.168.5.170:35306], old=null
2019-08-16 03:47:01,465 INFO  impl.LeaderElection (LeaderElection.java:askForVotes(181)) - 8b6b56fe-c252-4348-b8ca-c877b60f9ee4:group-E5D08E2E2BAA:LeaderElection21: begin an election at term 1 for -1: [8b6b56fe-c252-4348-b8ca-c877b60f9ee4:192.168.5.170:35306, 49a1814f-e138-4ff1-ad4e-f524b08086c9:192.168.5.170:40431, 74f4742b-e403-4620-b2db-8f37b530ba0a:192.168.5.170:33824], old=null
2019-08-16 03:47:01,468 INFO  impl.RoleInfo (RoleInfo.java:shutdownLeaderElection(134)) - 8b6b56fe-c252-4348-b8ca-c877b60f9ee4: shutdown LeaderElection
2019-08-16 03:47:01,468 INFO  impl.RaftServerImpl (RaftServerImpl.java:setRole(171)) - 8b6b56fe-c252-4348-b8ca-c877b60f9ee4:group-F7A3CCE07779 changes role from CANDIDATE to LEADER at term 1 for changeToLeader
2019-08-16 03:47:01,469 INFO  impl.RaftServerImpl (ServerState.java:setLeader(263)) - 8b6b56fe-c252-4348-b8ca-c877b60f9ee4:group-F7A3CCE07779 change Leader from null to 8b6b56fe-c252-4348-b8ca-c877b60f9ee4 at term 1 for becomeLeader, leader elected after 5223ms
2019-08-16 03:47:01,472 INFO  server.RaftServerConfigKeys (ConfUtils.java:logGet(43)) - raft.server.staging.catchup.gap = 1000 (default)
2019-08-16 03:47:01,475 INFO  server.RaftServerConfigKeys (ConfUtils.java:logGet(43)) - raft.server.rpc.sleep.time = 25ms (default)
2019-08-16 03:47:01,475 INFO  server.RaftServerConfigKeys (ConfUtils.java:logGet(43)) - raft.server.write.element-limit = 4096 (default)
2019-08-16 03:47:01,475 INFO  server.RaftServerConfigKeys (ConfUtils.java:logGet(43)) - raft.server.watch.timeout = 10s (default)
2019-08-16 03:47:01,475 INFO  server.RaftServerConfigKeys (ConfUtils.java:logGet(43)) - raft.server.watch.timeout.denomination = 1s (default)
2019-08-16 03:47:01,475 INFO  server.RaftServerConfigKeys (ConfUtils.java:logGet(43)) - raft.server.watch.element-limit = 65536 (default)
2019-08-16 03:47:01,476 INFO  impl.RoleInfo (RoleInfo.java:updateAndGet(143)) - 8b6b56fe-c252-4348-b8ca-c877b60f9ee4: start LeaderState
2019-08-16 03:47:01,476 INFO  segmented.SegmentedRaftLogWorker (SegmentedRaftLogWorker.java:startLogSegment(380)) - 8b6b56fe-c252-4348-b8ca-c877b60f9ee4-SegmentedRaftLogWorker:Storage Directory /workdir/hadoop-ozone/integration-test/target/test-dir/MiniOzoneClusterImpl-13174f42-ef49-4866-b213-01bb0baa1417/datanode-5/data/ratis/45212956-ee09-47c1-aef7-f7a3cce07779: Starting segment from index:0
2019-08-16 03:47:01,477 INFO  impl.RaftServerImpl (ServerState.java:setRaftConf(361)) - 8b6b56fe-c252-4348-b8ca-c877b60f9ee4:group-F7A3CCE07779 set configuration 0: [8b6b56fe-c252-4348-b8ca-c877b60f9ee4:192.168.5.170:35306], old=null at 0
2019-08-16 03:47:01,527 INFO  impl.LeaderElection (LeaderElection.java:logAndReturn(56)) - 49a1814f-e138-4ff1-ad4e-f524b08086c9:group-E5D08E2E2BAA:LeaderElection19: Election PASSED; received 2 response(s) [49a1814f-e138-4ff1-ad4e-f524b08086c9<-8b6b56fe-c252-4348-b8ca-c877b60f9ee4#0:FAIL-t1, 49a1814f-e138-4ff1-ad4e-f524b08086c9<-74f4742b-e403-4620-b2db-8f37b530ba0a#0:OK-t1] and 0 exception(s); 49a1814f-e138-4ff1-ad4e-f524b08086c9:t1, leader=null, voted=49a1814f-e138-4ff1-ad4e-f524b08086c9, raftlog=49a1814f-e138-4ff1-ad4e-f524b08086c9-SegmentedRaftLog:OPENED:c-1,f-1,i0, conf=-1: [8b6b56fe-c252-4348-b8ca-c877b60f9ee4:192.168.5.170:35306, 49a1814f-e138-4ff1-ad4e-f524b08086c9:192.168.5.170:40431, 74f4742b-e403-4620-b2db-8f37b530ba0a:192.168.5.170:33824], old=null
2019-08-16 03:47:01,527 INFO  impl.RoleInfo (RoleInfo.java:shutdownLeaderElection(134)) - 49a1814f-e138-4ff1-ad4e-f524b08086c9: shutdown LeaderElection
2019-08-16 03:47:01,530 INFO  impl.RaftServerImpl (RaftServerImpl.java:setRole(171)) - 49a1814f-e138-4ff1-ad4e-f524b08086c9:group-E5D08E2E2BAA changes role from CANDIDATE to LEADER at term 1 for changeToLeader
2019-08-16 03:47:01,530 INFO  impl.RaftServerImpl (ServerState.java:setLeader(263)) - 49a1814f-e138-4ff1-ad4e-f524b08086c9:group-E5D08E2E2BAA change Leader from null to 49a1814f-e138-4ff1-ad4e-f524b08086c9 at term 1 for becomeLeader, leader elected after 5189ms
2019-08-16 03:47:01,530 INFO  server.RaftServerConfigKeys (ConfUtils.java:logGet(43)) - raft.server.staging.catchup.gap = 1000 (default)
2019-08-16 03:47:01,531 INFO  server.RaftServerConfigKeys (ConfUtils.java:logGet(43)) - raft.server.rpc.sleep.time = 25ms (default)
2019-08-16 03:47:01,531 INFO  server.RaftServerConfigKeys (ConfUtils.java:logGet(43)) - raft.server.write.element-limit = 4096 (default)
2019-08-16 03:47:01,531 INFO  server.RaftServerConfigKeys (ConfUtils.java:logGet(43)) - raft.server.watch.timeout = 10s (default)
2019-08-16 03:47:01,531 INFO  server.RaftServerConfigKeys (ConfUtils.java:logGet(43)) - raft.server.watch.timeout.denomination = 1s (default)
2019-08-16 03:47:01,531 INFO  server.RaftServerConfigKeys (ConfUtils.java:logGet(43)) - raft.server.watch.element-limit = 65536 (default)
2019-08-16 03:47:01,532 INFO  server.RaftServerConfigKeys (ConfUtils.java:logGet(43)) - raft.server.log.appender.snapshot.chunk.size.max = 16MB (=16777216) (default)
2019-08-16 03:47:01,534 INFO  server.RaftServerConfigKeys (ConfUtils.java:logGet(43)) - raft.server.log.appender.buffer.byte-limit = 33554432 (custom)
2019-08-16 03:47:01,539 INFO  server.RaftServerConfigKeys (ConfUtils.java:logGet(43)) - raft.server.log.appender.buffer.element-limit = 1 (custom)
2019-08-16 03:47:01,539 INFO  segmented.SegmentedRaftLogWorker (SegmentedRaftLogWorker.java:execute(569)) - 8b6b56fe-c252-4348-b8ca-c877b60f9ee4-SegmentedRaftLogWorker:Storage Directory /workdir/hadoop-ozone/integration-test/target/test-dir/MiniOzoneClusterImpl-13174f42-ef49-4866-b213-01bb0baa1417/datanode-5/data/ratis/45212956-ee09-47c1-aef7-f7a3cce07779: created new log segment /workdir/hadoop-ozone/integration-test/target/test-dir/MiniOzoneClusterImpl-13174f42-ef49-4866-b213-01bb0baa1417/datanode-5/data/ratis/45212956-ee09-47c1-aef7-f7a3cce07779/current/log_inprogress_0
2019-08-16 03:47:01,539 INFO  grpc.GrpcConfigKeys$Server (ConfUtils.java:logGet(43)) - raft.grpc.server.leader.outstanding.appends.max = 128 (default)
2019-08-16 03:47:01,542 INFO  server.RaftServerConfigKeys (ConfUtils.java:logGet(43)) - raft.server.rpc.request.timeout = 3000ms (default)
2019-08-16 03:47:01,544 INFO  server.RaftServerConfigKeys (ConfUtils.java:logGet(43)) - raft.server.log.appender.install.snapshot.enabled = false (custom)
2019-08-16 03:47:01,544 INFO  server.RaftServerConfigKeys (ConfUtils.java:logGet(43)) - raft.server.log.appender.snapshot.chunk.size.max = 16MB (=16777216) (default)
2019-08-16 03:47:01,544 INFO  server.RaftServerConfigKeys (ConfUtils.java:logGet(43)) - raft.server.log.appender.buffer.byte-limit = 33554432 (custom)
2019-08-16 03:47:01,544 INFO  server.RaftServerConfigKeys (ConfUtils.java:logGet(43)) - raft.server.log.appender.buffer.element-limit = 1 (custom)
2019-08-16 03:47:01,545 INFO  grpc.GrpcConfigKeys$Server (ConfUtils.java:logGet(43)) - raft.grpc.server.leader.outstanding.appends.max = 128 (default)
2019-08-16 03:47:01,545 INFO  server.RaftServerConfigKeys (ConfUtils.java:logGet(43)) - raft.server.rpc.request.timeout = 3000ms (default)
2019-08-16 03:47:01,545 INFO  server.RaftServerConfigKeys (ConfUtils.java:logGet(43)) - raft.server.log.appender.install.snapshot.enabled = false (custom)
2019-08-16 03:47:01,545 INFO  impl.RoleInfo (RoleInfo.java:updateAndGet(143)) - 49a1814f-e138-4ff1-ad4e-f524b08086c9: start LeaderState
2019-08-16 03:47:01,545 INFO  segmented.SegmentedRaftLogWorker (SegmentedRaftLogWorker.java:startLogSegment(380)) - 49a1814f-e138-4ff1-ad4e-f524b08086c9-SegmentedRaftLogWorker:Storage Directory /workdir/hadoop-ozone/integration-test/target/test-dir/MiniOzoneClusterImpl-13174f42-ef49-4866-b213-01bb0baa1417/datanode-4/data/ratis/9f655129-7794-4792-b2bc-e5d08e2e2baa: Starting segment from index:0
2019-08-16 03:47:01,546 INFO  impl.RaftServerImpl (ServerState.java:setRaftConf(361)) - 49a1814f-e138-4ff1-ad4e-f524b08086c9:group-E5D08E2E2BAA set configuration 0: [8b6b56fe-c252-4348-b8ca-c877b60f9ee4:192.168.5.170:35306, 49a1814f-e138-4ff1-ad4e-f524b08086c9:192.168.5.170:40431, 74f4742b-e403-4620-b2db-8f37b530ba0a:192.168.5.170:33824], old=null at 0
2019-08-16 03:47:01,589 INFO  impl.RaftServerImpl (RaftServerImpl.java:requestVote(754)) - 49a1814f-e138-4ff1-ad4e-f524b08086c9-LEADER: Withhold vote from candidate 8b6b56fe-c252-4348-b8ca-c877b60f9ee4 with term 1. State: leader=49a1814f-e138-4ff1-ad4e-f524b08086c9, term=1, lastRpcElapsed=null
2019-08-16 03:47:01,594 INFO  impl.RaftServerImpl (RaftServerImpl.java:setRole(171)) - 8b6b56fe-c252-4348-b8ca-c877b60f9ee4:group-E5D08E2E2BAA changes role from CANDIDATE to FOLLOWER at term 1 for appendEntries
2019-08-16 03:47:01,594 INFO  impl.LeaderElection (LeaderElection.java:logAndReturn(56)) - 8b6b56fe-c252-4348-b8ca-c877b60f9ee4:group-E5D08E2E2BAA:LeaderElection21: Election REJECTED; received 2 response(s) [8b6b56fe-c252-4348-b8ca-c877b60f9ee4<-49a1814f-e138-4ff1-ad4e-f524b08086c9#0:FAIL-t1, 8b6b56fe-c252-4348-b8ca-c877b60f9ee4<-74f4742b-e403-4620-b2db-8f37b530ba0a#0:FAIL-t1] and 0 exception(s); 8b6b56fe-c252-4348-b8ca-c877b60f9ee4:t1, leader=null, voted=8b6b56fe-c252-4348-b8ca-c877b60f9ee4, raftlog=8b6b56fe-c252-4348-b8ca-c877b60f9ee4-SegmentedRaftLog:OPENED:c-1,f-1,i0, conf=-1: [8b6b56fe-c252-4348-b8ca-c877b60f9ee4:192.168.5.170:35306, 49a1814f-e138-4ff1-ad4e-f524b08086c9:192.168.5.170:40431, 74f4742b-e403-4620-b2db-8f37b530ba0a:192.168.5.170:33824], old=null
2019-08-16 03:47:01,594 INFO  impl.RoleInfo (RoleInfo.java:shutdownLeaderElection(134)) - 8b6b56fe-c252-4348-b8ca-c877b60f9ee4: shutdown LeaderElection
2019-08-16 03:47:01,597 INFO  impl.RaftServerImpl (ServerState.java:setLeader(263)) - 74f4742b-e403-4620-b2db-8f37b530ba0a:group-E5D08E2E2BAA change Leader from null to 49a1814f-e138-4ff1-ad4e-f524b08086c9 at term 1 for appendEntries, leader elected after 5253ms
2019-08-16 03:47:01,597 INFO  impl.FollowerState (FollowerState.java:run(106)) - 94feb042-fe31-49df-80b7-4232c3532741:group-008B5EEAEA19 changes to CANDIDATE, lastRpcTime:5146, electionTimeout:5145ms
2019-08-16 03:47:01,597 INFO  impl.RoleInfo (RoleInfo.java:updateAndGet(143)) - 8b6b56fe-c252-4348-b8ca-c877b60f9ee4: start FollowerState
2019-08-16 03:47:01,597 INFO  impl.RoleInfo (RoleInfo.java:shutdownFollowerState(121)) - 94feb042-fe31-49df-80b7-4232c3532741: shutdown FollowerState
2019-08-16 03:47:01,598 INFO  impl.RaftServerImpl (RaftServerImpl.java:setRole(171)) - 94feb042-fe31-49df-80b7-4232c3532741:group-008B5EEAEA19 changes role from FOLLOWER to CANDIDATE at term 0 for changeToCandidate
2019-08-16 03:47:01,598 INFO  impl.RaftServerImpl (ServerState.java:setLeader(263)) - 8b6b56fe-c252-4348-b8ca-c877b60f9ee4:group-E5D08E2E2BAA change Leader from null to 49a1814f-e138-4ff1-ad4e-f524b08086c9 at term 1 for appendEntries, leader elected after 5257ms
2019-08-16 03:47:01,598 INFO  impl.RoleInfo (RoleInfo.java:updateAndGet(143)) - 94feb042-fe31-49df-80b7-4232c3532741: start LeaderElection
2019-08-16 03:47:01,613 INFO  segmented.SegmentedRaftLogWorker (SegmentedRaftLogWorker.java:execute(569)) - 49a1814f-e138-4ff1-ad4e-f524b08086c9-SegmentedRaftLogWorker:Storage Directory /workdir/hadoop-ozone/integration-test/target/test-dir/MiniOzoneClusterImpl-13174f42-ef49-4866-b213-01bb0baa1417/datanode-4/data/ratis/9f655129-7794-4792-b2bc-e5d08e2e2baa: created new log segment /workdir/hadoop-ozone/integration-test/target/test-dir/MiniOzoneClusterImpl-13174f42-ef49-4866-b213-01bb0baa1417/datanode-4/data/ratis/9f655129-7794-4792-b2bc-e5d08e2e2baa/current/log_inprogress_0
2019-08-16 03:47:01,615 INFO  impl.RaftServerImpl (ServerState.java:setRaftConf(361)) - 74f4742b-e403-4620-b2db-8f37b530ba0a:group-E5D08E2E2BAA set configuration 0: [8b6b56fe-c252-4348-b8ca-c877b60f9ee4:192.168.5.170:35306, 49a1814f-e138-4ff1-ad4e-f524b08086c9:192.168.5.170:40431, 74f4742b-e403-4620-b2db-8f37b530ba0a:192.168.5.170:33824], old=null at 0
2019-08-16 03:47:01,616 INFO  segmented.SegmentedRaftLogWorker (SegmentedRaftLogWorker.java:startLogSegment(380)) - 74f4742b-e403-4620-b2db-8f37b530ba0a-SegmentedRaftLogWorker:Storage Directory /workdir/hadoop-ozone/integration-test/target/test-dir/MiniOzoneClusterImpl-13174f42-ef49-4866-b213-01bb0baa1417/datanode-3/data/ratis/9f655129-7794-4792-b2bc-e5d08e2e2baa: Starting segment from index:0
2019-08-16 03:47:01,616 INFO  impl.RaftServerImpl (ServerState.java:setRaftConf(361)) - 8b6b56fe-c252-4348-b8ca-c877b60f9ee4:group-E5D08E2E2BAA set configuration 0: [8b6b56fe-c252-4348-b8ca-c877b60f9ee4:192.168.5.170:35306, 49a1814f-e138-4ff1-ad4e-f524b08086c9:192.168.5.170:40431, 74f4742b-e403-4620-b2db-8f37b530ba0a:192.168.5.170:33824], old=null at 0
2019-08-16 03:47:01,616 INFO  segmented.SegmentedRaftLogWorker (SegmentedRaftLogWorker.java:startLogSegment(380)) - 8b6b56fe-c252-4348-b8ca-c877b60f9ee4-SegmentedRaftLogWorker:Storage Directory /workdir/hadoop-ozone/integration-test/target/test-dir/MiniOzoneClusterImpl-13174f42-ef49-4866-b213-01bb0baa1417/datanode-5/data/ratis/9f655129-7794-4792-b2bc-e5d08e2e2baa: Starting segment from index:0
2019-08-16 03:47:01,657 INFO  impl.LeaderElection (LeaderElection.java:askForVotes(181)) - 94feb042-fe31-49df-80b7-4232c3532741:group-008B5EEAEA19:LeaderElection22: begin an election at term 1 for -1: [94feb042-fe31-49df-80b7-4232c3532741:192.168.5.170:36691], old=null
2019-08-16 03:47:01,657 INFO  impl.RoleInfo (RoleInfo.java:shutdownLeaderElection(134)) - 94feb042-fe31-49df-80b7-4232c3532741: shutdown LeaderElection
2019-08-16 03:47:01,657 INFO  impl.RaftServerImpl (RaftServerImpl.java:setRole(171)) - 94feb042-fe31-49df-80b7-4232c3532741:group-008B5EEAEA19 changes role from CANDIDATE to LEADER at term 1 for changeToLeader
2019-08-16 03:47:01,658 INFO  impl.RaftServerImpl (ServerState.java:setLeader(263)) - 94feb042-fe31-49df-80b7-4232c3532741:group-008B5EEAEA19 change Leader from null to 94feb042-fe31-49df-80b7-4232c3532741 at term 1 for becomeLeader, leader elected after 5212ms
2019-08-16 03:47:01,660 INFO  segmented.SegmentedRaftLogWorker (SegmentedRaftLogWorker.java:execute(569)) - 8b6b56fe-c252-4348-b8ca-c877b60f9ee4-SegmentedRaftLogWorker:Storage Directory /workdir/hadoop-ozone/integration-test/target/test-dir/MiniOzoneClusterImpl-13174f42-ef49-4866-b213-01bb0baa1417/datanode-5/data/ratis/9f655129-7794-4792-b2bc-e5d08e2e2baa: created new log segment /workdir/hadoop-ozone/integration-test/target/test-dir/MiniOzoneClusterImpl-13174f42-ef49-4866-b213-01bb0baa1417/datanode-5/data/ratis/9f655129-7794-4792-b2bc-e5d08e2e2baa/current/log_inprogress_0
2019-08-16 03:47:01,673 INFO  server.RaftServerConfigKeys (ConfUtils.java:logGet(43)) - raft.server.staging.catchup.gap = 1000 (default)
2019-08-16 03:47:01,661 INFO  segmented.SegmentedRaftLogWorker (SegmentedRaftLogWorker.java:execute(569)) - 74f4742b-e403-4620-b2db-8f37b530ba0a-SegmentedRaftLogWorker:Storage Directory /workdir/hadoop-ozone/integration-test/target/test-dir/MiniOzoneClusterImpl-13174f42-ef49-4866-b213-01bb0baa1417/datanode-3/data/ratis/9f655129-7794-4792-b2bc-e5d08e2e2baa: created new log segment /workdir/hadoop-ozone/integration-test/target/test-dir/MiniOzoneClusterImpl-13174f42-ef49-4866-b213-01bb0baa1417/datanode-3/data/ratis/9f655129-7794-4792-b2bc-e5d08e2e2baa/current/log_inprogress_0
2019-08-16 03:47:01,674 INFO  server.RaftServerConfigKeys (ConfUtils.java:logGet(43)) - raft.server.rpc.sleep.time = 25ms (default)
2019-08-16 03:47:01,674 INFO  server.RaftServerConfigKeys (ConfUtils.java:logGet(43)) - raft.server.write.element-limit = 4096 (default)
2019-08-16 03:47:01,674 INFO  server.RaftServerConfigKeys (ConfUtils.java:logGet(43)) - raft.server.watch.timeout = 10s (default)
2019-08-16 03:47:01,675 INFO  server.RaftServerConfigKeys (ConfUtils.java:logGet(43)) - raft.server.watch.timeout.denomination = 1s (default)
2019-08-16 03:47:01,675 INFO  client.GrpcClientProtocolClient (GrpcClientProtocolClient.java:onNext(255)) - client-1B2A3AB4141F->af0afe69-9a87-4d2a-8c9c-ba5c5ced1496: receive RaftClientReply:client-1B2A3AB4141F->af0afe69-9a87-4d2a-8c9c-ba5c5ced1496@group-CD3F66E4333D, cid=42, FAILED org.apache.ratis.protocol.NotLeaderException: Server af0afe69-9a87-4d2a-8c9c-ba5c5ced1496 is not the leader (null). Request must be sent to leader., logIndex=0, commits[af0afe69-9a87-4d2a-8c9c-ba5c5ced1496:c-1]
2019-08-16 03:47:01,675 INFO  server.RaftServerConfigKeys (ConfUtils.java:logGet(43)) - raft.server.watch.element-limit = 65536 (default)
2019-08-16 03:47:01,682 INFO  impl.RoleInfo (RoleInfo.java:updateAndGet(143)) - 94feb042-fe31-49df-80b7-4232c3532741: start LeaderState
2019-08-16 03:47:01,683 INFO  segmented.SegmentedRaftLogWorker (SegmentedRaftLogWorker.java:startLogSegment(380)) - 94feb042-fe31-49df-80b7-4232c3532741-SegmentedRaftLogWorker:Storage Directory /workdir/hadoop-ozone/integration-test/target/test-dir/MiniOzoneClusterImpl-13174f42-ef49-4866-b213-01bb0baa1417/datanode-6/data/ratis/44cc4662-4889-4648-8471-008b5eeaea19: Starting segment from index:0
2019-08-16 03:47:01,688 INFO  impl.RaftServerImpl (ServerState.java:setRaftConf(361)) - 94feb042-fe31-49df-80b7-4232c3532741:group-008B5EEAEA19 set configuration 0: [94feb042-fe31-49df-80b7-4232c3532741:192.168.5.170:36691], old=null at 0
2019-08-16 03:47:01,720 INFO  segmented.SegmentedRaftLogWorker (SegmentedRaftLogWorker.java:execute(569)) - 94feb042-fe31-49df-80b7-4232c3532741-SegmentedRaftLogWorker:Storage Directory /workdir/hadoop-ozone/integration-test/target/test-dir/MiniOzoneClusterImpl-13174f42-ef49-4866-b213-01bb0baa1417/datanode-6/data/ratis/44cc4662-4889-4648-8471-008b5eeaea19: created new log segment /workdir/hadoop-ozone/integration-test/target/test-dir/MiniOzoneClusterImpl-13174f42-ef49-4866-b213-01bb0baa1417/datanode-6/data/ratis/44cc4662-4889-4648-8471-008b5eeaea19/current/log_inprogress_0
2019-08-16 03:47:02,697 INFO  client.GrpcClientProtocolClient (GrpcClientProtocolClient.java:onNext(255)) - client-1B2A3AB4141F->2939930d-acd4-48d4-89eb-79cd5de2ca56: receive RaftClientReply:client-1B2A3AB4141F->2939930d-acd4-48d4-89eb-79cd5de2ca56@group-CD3F66E4333D, cid=42, FAILED org.apache.ratis.protocol.NotLeaderException: Server 2939930d-acd4-48d4-89eb-79cd5de2ca56 is not the leader (null). Request must be sent to leader., logIndex=0, commits[2939930d-acd4-48d4-89eb-79cd5de2ca56:c-1, 5a77de80-121b-47ee-b0e5-9998059859c0:c-1, af0afe69-9a87-4d2a-8c9c-ba5c5ced1496:c-1]
2019-08-16 03:47:03,723 INFO  client.GrpcClientProtocolClient (GrpcClientProtocolClient.java:onNext(255)) - client-1B2A3AB4141F->5a77de80-121b-47ee-b0e5-9998059859c0: receive RaftClientReply:client-1B2A3AB4141F->5a77de80-121b-47ee-b0e5-9998059859c0@group-CD3F66E4333D, cid=42, FAILED org.apache.ratis.protocol.NotLeaderException: Server 5a77de80-121b-47ee-b0e5-9998059859c0 is not the leader (null). Request must be sent to leader., logIndex=0, commits[5a77de80-121b-47ee-b0e5-9998059859c0:c-1, 2939930d-acd4-48d4-89eb-79cd5de2ca56:c-1, af0afe69-9a87-4d2a-8c9c-ba5c5ced1496:c-1]
2019-08-16 03:47:04,746 INFO  client.GrpcClientProtocolClient (GrpcClientProtocolClient.java:onNext(255)) - client-1B2A3AB4141F->af0afe69-9a87-4d2a-8c9c-ba5c5ced1496: receive RaftClientReply:client-1B2A3AB4141F->af0afe69-9a87-4d2a-8c9c-ba5c5ced1496@group-CD3F66E4333D, cid=42, FAILED org.apache.ratis.protocol.NotLeaderException: Server af0afe69-9a87-4d2a-8c9c-ba5c5ced1496 is not the leader (null). Request must be sent to leader., logIndex=0, commits[af0afe69-9a87-4d2a-8c9c-ba5c5ced1496:c-1]
2019-08-16 03:47:05,768 INFO  client.GrpcClientProtocolClient (GrpcClientProtocolClient.java:onNext(255)) - client-1B2A3AB4141F->5a77de80-121b-47ee-b0e5-9998059859c0: receive RaftClientReply:client-1B2A3AB4141F->5a77de80-121b-47ee-b0e5-9998059859c0@group-CD3F66E4333D, cid=42, FAILED org.apache.ratis.protocol.NotLeaderException: Server 5a77de80-121b-47ee-b0e5-9998059859c0 is not the leader (null). Request must be sent to leader., logIndex=0, commits[5a77de80-121b-47ee-b0e5-9998059859c0:c-1, 2939930d-acd4-48d4-89eb-79cd5de2ca56:c-1, af0afe69-9a87-4d2a-8c9c-ba5c5ced1496:c-1]
2019-08-16 03:47:05,868 INFO  impl.FollowerState (FollowerState.java:run(106)) - af0afe69-9a87-4d2a-8c9c-ba5c5ced1496:group-CD3F66E4333D changes to CANDIDATE, lastRpcTime:5158, electionTimeout:5158ms
2019-08-16 03:47:05,868 INFO  impl.RoleInfo (RoleInfo.java:shutdownFollowerState(121)) - af0afe69-9a87-4d2a-8c9c-ba5c5ced1496: shutdown FollowerState
2019-08-16 03:47:05,868 INFO  impl.RaftServerImpl (RaftServerImpl.java:setRole(171)) - af0afe69-9a87-4d2a-8c9c-ba5c5ced1496:group-CD3F66E4333D changes role from FOLLOWER to CANDIDATE at term 2 for changeToCandidate
2019-08-16 03:47:05,868 INFO  impl.RoleInfo (RoleInfo.java:updateAndGet(143)) - af0afe69-9a87-4d2a-8c9c-ba5c5ced1496: start LeaderElection
2019-08-16 03:47:05,897 INFO  impl.LeaderElection (LeaderElection.java:askForVotes(181)) - af0afe69-9a87-4d2a-8c9c-ba5c5ced1496:group-CD3F66E4333D:LeaderElection23: begin an election at term 3 for -1: [2939930d-acd4-48d4-89eb-79cd5de2ca56:192.168.5.170:45096, 5a77de80-121b-47ee-b0e5-9998059859c0:192.168.5.170:34725, af0afe69-9a87-4d2a-8c9c-ba5c5ced1496:192.168.5.170:45266], old=null
2019-08-16 03:47:05,907 INFO  impl.RaftServerImpl (RaftServerImpl.java:setRole(171)) - 2939930d-acd4-48d4-89eb-79cd5de2ca56:group-CD3F66E4333D changes role from FOLLOWER to FOLLOWER at term 3 for recognizeCandidate:af0afe69-9a87-4d2a-8c9c-ba5c5ced1496
2019-08-16 03:47:05,907 INFO  impl.RaftServerImpl (RaftServerImpl.java:setRole(171)) - 5a77de80-121b-47ee-b0e5-9998059859c0:group-CD3F66E4333D changes role from FOLLOWER to FOLLOWER at term 3 for recognizeCandidate:af0afe69-9a87-4d2a-8c9c-ba5c5ced1496
2019-08-16 03:47:05,907 INFO  impl.RoleInfo (RoleInfo.java:shutdownFollowerState(121)) - 2939930d-acd4-48d4-89eb-79cd5de2ca56: shutdown FollowerState
2019-08-16 03:47:05,907 INFO  impl.RoleInfo (RoleInfo.java:shutdownFollowerState(121)) - 5a77de80-121b-47ee-b0e5-9998059859c0: shutdown FollowerState
2019-08-16 03:47:05,907 INFO  impl.FollowerState (FollowerState.java:run(114)) - 2939930d-acd4-48d4-89eb-79cd5de2ca56: FollowerState was interrupted: java.lang.InterruptedException: sleep interrupted
2019-08-16 03:47:05,907 INFO  impl.RoleInfo (RoleInfo.java:updateAndGet(143)) - 2939930d-acd4-48d4-89eb-79cd5de2ca56: start FollowerState
2019-08-16 03:47:05,908 INFO  impl.FollowerState (FollowerState.java:run(114)) - 5a77de80-121b-47ee-b0e5-9998059859c0: FollowerState was interrupted: java.lang.InterruptedException: sleep interrupted
2019-08-16 03:47:05,908 INFO  impl.RoleInfo (RoleInfo.java:updateAndGet(143)) - 5a77de80-121b-47ee-b0e5-9998059859c0: start FollowerState
2019-08-16 03:47:05,941 INFO  impl.LeaderElection (LeaderElection.java:logAndReturn(56)) - af0afe69-9a87-4d2a-8c9c-ba5c5ced1496:group-CD3F66E4333D:LeaderElection23: Election PASSED; received 1 response(s) [af0afe69-9a87-4d2a-8c9c-ba5c5ced1496<-5a77de80-121b-47ee-b0e5-9998059859c0#0:OK-t3] and 0 exception(s); af0afe69-9a87-4d2a-8c9c-ba5c5ced1496:t3, leader=null, voted=af0afe69-9a87-4d2a-8c9c-ba5c5ced1496, raftlog=af0afe69-9a87-4d2a-8c9c-ba5c5ced1496-SegmentedRaftLog:OPENED:c-1,f-1,i0, conf=-1: [2939930d-acd4-48d4-89eb-79cd5de2ca56:192.168.5.170:45096, 5a77de80-121b-47ee-b0e5-9998059859c0:192.168.5.170:34725, af0afe69-9a87-4d2a-8c9c-ba5c5ced1496:192.168.5.170:45266], old=null
2019-08-16 03:47:05,941 INFO  impl.RoleInfo (RoleInfo.java:shutdownLeaderElection(134)) - af0afe69-9a87-4d2a-8c9c-ba5c5ced1496: shutdown LeaderElection
2019-08-16 03:47:05,944 INFO  impl.RaftServerImpl (RaftServerImpl.java:setRole(171)) - af0afe69-9a87-4d2a-8c9c-ba5c5ced1496:group-CD3F66E4333D changes role from CANDIDATE to LEADER at term 3 for changeToLeader
2019-08-16 03:47:05,944 INFO  impl.RaftServerImpl (ServerState.java:setLeader(263)) - af0afe69-9a87-4d2a-8c9c-ba5c5ced1496:group-CD3F66E4333D change Leader from null to af0afe69-9a87-4d2a-8c9c-ba5c5ced1496 at term 3 for becomeLeader, leader elected after 10349ms
2019-08-16 03:47:05,944 INFO  server.RaftServerConfigKeys (ConfUtils.java:logGet(43)) - raft.server.staging.catchup.gap = 1000 (default)
2019-08-16 03:47:05,945 INFO  server.RaftServerConfigKeys (ConfUtils.java:logGet(43)) - raft.server.rpc.sleep.time = 25ms (default)
2019-08-16 03:47:05,945 INFO  server.RaftServerConfigKeys (ConfUtils.java:logGet(43)) - raft.server.write.element-limit = 4096 (default)
2019-08-16 03:47:05,945 INFO  server.RaftServerConfigKeys (ConfUtils.java:logGet(43)) - raft.server.watch.timeout = 10s (default)
2019-08-16 03:47:05,945 INFO  server.RaftServerConfigKeys (ConfUtils.java:logGet(43)) - raft.server.watch.timeout.denomination = 1s (default)
2019-08-16 03:47:05,945 INFO  server.RaftServerConfigKeys (ConfUtils.java:logGet(43)) - raft.server.watch.element-limit = 65536 (default)
2019-08-16 03:47:05,946 INFO  server.RaftServerConfigKeys (ConfUtils.java:logGet(43)) - raft.server.log.appender.snapshot.chunk.size.max = 16MB (=16777216) (default)
2019-08-16 03:47:05,946 INFO  server.RaftServerConfigKeys (ConfUtils.java:logGet(43)) - raft.server.log.appender.buffer.byte-limit = 33554432 (custom)
2019-08-16 03:47:05,946 INFO  server.RaftServerConfigKeys (ConfUtils.java:logGet(43)) - raft.server.log.appender.buffer.element-limit = 1 (custom)
2019-08-16 03:47:05,946 INFO  grpc.GrpcConfigKeys$Server (ConfUtils.java:logGet(43)) - raft.grpc.server.leader.outstanding.appends.max = 128 (default)
2019-08-16 03:47:05,947 INFO  server.RaftServerConfigKeys (ConfUtils.java:logGet(43)) - raft.server.rpc.request.timeout = 3000ms (default)
2019-08-16 03:47:05,947 INFO  server.RaftServerConfigKeys (ConfUtils.java:logGet(43)) - raft.server.log.appender.install.snapshot.enabled = false (custom)
2019-08-16 03:47:05,947 INFO  server.RaftServerConfigKeys (ConfUtils.java:logGet(43)) - raft.server.log.appender.snapshot.chunk.size.max = 16MB (=16777216) (default)
2019-08-16 03:47:05,947 INFO  server.RaftServerConfigKeys (ConfUtils.java:logGet(43)) - raft.server.log.appender.buffer.byte-limit = 33554432 (custom)
2019-08-16 03:47:05,948 INFO  server.RaftServerConfigKeys (ConfUtils.java:logGet(43)) - raft.server.log.appender.buffer.element-limit = 1 (custom)
2019-08-16 03:47:05,948 INFO  grpc.GrpcConfigKeys$Server (ConfUtils.java:logGet(43)) - raft.grpc.server.leader.outstanding.appends.max = 128 (default)
2019-08-16 03:47:05,948 INFO  server.RaftServerConfigKeys (ConfUtils.java:logGet(43)) - raft.server.rpc.request.timeout = 3000ms (default)
2019-08-16 03:47:05,948 INFO  server.RaftServerConfigKeys (ConfUtils.java:logGet(43)) - raft.server.log.appender.install.snapshot.enabled = false (custom)
2019-08-16 03:47:05,949 INFO  impl.RoleInfo (RoleInfo.java:updateAndGet(143)) - af0afe69-9a87-4d2a-8c9c-ba5c5ced1496: start LeaderState
2019-08-16 03:47:05,949 INFO  segmented.SegmentedRaftLogWorker (SegmentedRaftLogWorker.java:startLogSegment(380)) - af0afe69-9a87-4d2a-8c9c-ba5c5ced1496-SegmentedRaftLogWorker:Storage Directory /workdir/hadoop-ozone/integration-test/target/test-dir/MiniOzoneClusterImpl-13174f42-ef49-4866-b213-01bb0baa1417/datanode-1/data/ratis/8bd0f8ac-c0be-4f2e-a561-cd3f66e4333d: Starting segment from index:0
2019-08-16 03:47:05,950 INFO  impl.RaftServerImpl (ServerState.java:setRaftConf(361)) - af0afe69-9a87-4d2a-8c9c-ba5c5ced1496:group-CD3F66E4333D set configuration 0: [2939930d-acd4-48d4-89eb-79cd5de2ca56:192.168.5.170:45096, 5a77de80-121b-47ee-b0e5-9998059859c0:192.168.5.170:34725, af0afe69-9a87-4d2a-8c9c-ba5c5ced1496:192.168.5.170:45266], old=null at 0
2019-08-16 03:47:05,974 INFO  impl.RaftServerImpl (ServerState.java:setLeader(263)) - 5a77de80-121b-47ee-b0e5-9998059859c0:group-CD3F66E4333D change Leader from null to af0afe69-9a87-4d2a-8c9c-ba5c5ced1496 at term 3 for appendEntries, leader elected after 5200ms
2019-08-16 03:47:05,975 INFO  impl.RaftServerImpl (ServerState.java:setLeader(263)) - 2939930d-acd4-48d4-89eb-79cd5de2ca56:group-CD3F66E4333D change Leader from null to af0afe69-9a87-4d2a-8c9c-ba5c5ced1496 at term 3 for appendEntries, leader elected after 5192ms
2019-08-16 03:47:05,979 INFO  impl.RaftServerImpl (ServerState.java:setRaftConf(361)) - 2939930d-acd4-48d4-89eb-79cd5de2ca56:group-CD3F66E4333D set configuration 0: [2939930d-acd4-48d4-89eb-79cd5de2ca56:192.168.5.170:45096, 5a77de80-121b-47ee-b0e5-9998059859c0:192.168.5.170:34725, af0afe69-9a87-4d2a-8c9c-ba5c5ced1496:192.168.5.170:45266], old=null at 0
2019-08-16 03:47:05,979 INFO  impl.RaftServerImpl (ServerState.java:setRaftConf(361)) - 5a77de80-121b-47ee-b0e5-9998059859c0:group-CD3F66E4333D set configuration 0: [2939930d-acd4-48d4-89eb-79cd5de2ca56:192.168.5.170:45096, 5a77de80-121b-47ee-b0e5-9998059859c0:192.168.5.170:34725, af0afe69-9a87-4d2a-8c9c-ba5c5ced1496:192.168.5.170:45266], old=null at 0
2019-08-16 03:47:05,980 INFO  segmented.SegmentedRaftLogWorker (SegmentedRaftLogWorker.java:startLogSegment(380)) - 5a77de80-121b-47ee-b0e5-9998059859c0-SegmentedRaftLogWorker:Storage Directory /workdir/hadoop-ozone/integration-test/target/test-dir/MiniOzoneClusterImpl-13174f42-ef49-4866-b213-01bb0baa1417/datanode-0/data/ratis/8bd0f8ac-c0be-4f2e-a561-cd3f66e4333d: Starting segment from index:0
2019-08-16 03:47:05,982 INFO  segmented.SegmentedRaftLogWorker (SegmentedRaftLogWorker.java:truncate(396)) - 2939930d-acd4-48d4-89eb-79cd5de2ca56-SegmentedRaftLogWorker:Storage Directory /workdir/hadoop-ozone/integration-test/target/test-dir/MiniOzoneClusterImpl-13174f42-ef49-4866-b213-01bb0baa1417/datanode-2/data/ratis/8bd0f8ac-c0be-4f2e-a561-cd3f66e4333d: Truncating segments toTruncate: null
  toDelete: [(0, 0) isOpen? true, length=0, newEndIndex=-1], start index 0
2019-08-16 03:47:05,983 INFO  segmented.SegmentedRaftLogWorker (SegmentedRaftLogWorker.java:startLogSegment(380)) - 2939930d-acd4-48d4-89eb-79cd5de2ca56-SegmentedRaftLogWorker:Storage Directory /workdir/hadoop-ozone/integration-test/target/test-dir/MiniOzoneClusterImpl-13174f42-ef49-4866-b213-01bb0baa1417/datanode-2/data/ratis/8bd0f8ac-c0be-4f2e-a561-cd3f66e4333d: Starting segment from index:0
2019-08-16 03:47:05,997 INFO  segmented.SegmentedRaftLogWorker (SegmentedRaftLogWorker.java:execute(633)) - 2939930d-acd4-48d4-89eb-79cd5de2ca56-SegmentedRaftLogWorker:Storage Directory /workdir/hadoop-ozone/integration-test/target/test-dir/MiniOzoneClusterImpl-13174f42-ef49-4866-b213-01bb0baa1417/datanode-2/data/ratis/8bd0f8ac-c0be-4f2e-a561-cd3f66e4333d: Deleted log file /workdir/hadoop-ozone/integration-test/target/test-dir/MiniOzoneClusterImpl-13174f42-ef49-4866-b213-01bb0baa1417/datanode-2/data/ratis/8bd0f8ac-c0be-4f2e-a561-cd3f66e4333d/current/log_inprogress_0
2019-08-16 03:47:05,998 INFO  segmented.SegmentedRaftLogWorker (SegmentedRaftLogWorker.java:execute(569)) - af0afe69-9a87-4d2a-8c9c-ba5c5ced1496-SegmentedRaftLogWorker:Storage Directory /workdir/hadoop-ozone/integration-test/target/test-dir/MiniOzoneClusterImpl-13174f42-ef49-4866-b213-01bb0baa1417/datanode-1/data/ratis/8bd0f8ac-c0be-4f2e-a561-cd3f66e4333d: created new log segment /workdir/hadoop-ozone/integration-test/target/test-dir/MiniOzoneClusterImpl-13174f42-ef49-4866-b213-01bb0baa1417/datanode-1/data/ratis/8bd0f8ac-c0be-4f2e-a561-cd3f66e4333d/current/log_inprogress_0
2019-08-16 03:47:05,998 INFO  segmented.SegmentedRaftLogWorker (SegmentedRaftLogWorker.java:lambda$new$0(132)) - 2939930d-acd4-48d4-89eb-79cd5de2ca56-SegmentedRaftLogWorker:Storage Directory /workdir/hadoop-ozone/integration-test/target/test-dir/MiniOzoneClusterImpl-13174f42-ef49-4866-b213-01bb0baa1417/datanode-2/data/ratis/8bd0f8ac-c0be-4f2e-a561-cd3f66e4333d: flushIndex: setUnconditionally 0 -> -1
2019-08-16 03:47:06,011 INFO  segmented.SegmentedRaftLogWorker (SegmentedRaftLogWorker.java:execute(569)) - 5a77de80-121b-47ee-b0e5-9998059859c0-SegmentedRaftLogWorker:Storage Directory /workdir/hadoop-ozone/integration-test/target/test-dir/MiniOzoneClusterImpl-13174f42-ef49-4866-b213-01bb0baa1417/datanode-0/data/ratis/8bd0f8ac-c0be-4f2e-a561-cd3f66e4333d: created new log segment /workdir/hadoop-ozone/integration-test/target/test-dir/MiniOzoneClusterImpl-13174f42-ef49-4866-b213-01bb0baa1417/datanode-0/data/ratis/8bd0f8ac-c0be-4f2e-a561-cd3f66e4333d/current/log_inprogress_0
2019-08-16 03:47:06,060 INFO  segmented.SegmentedRaftLogWorker (SegmentedRaftLogWorker.java:execute(569)) - 2939930d-acd4-48d4-89eb-79cd5de2ca56-SegmentedRaftLogWorker:Storage Directory /workdir/hadoop-ozone/integration-test/target/test-dir/MiniOzoneClusterImpl-13174f42-ef49-4866-b213-01bb0baa1417/datanode-2/data/ratis/8bd0f8ac-c0be-4f2e-a561-cd3f66e4333d: created new log segment /workdir/hadoop-ozone/integration-test/target/test-dir/MiniOzoneClusterImpl-13174f42-ef49-4866-b213-01bb0baa1417/datanode-2/data/ratis/8bd0f8ac-c0be-4f2e-a561-cd3f66e4333d/current/log_inprogress_0
2019-08-16 03:47:06,793 INFO  client.GrpcClientProtocolClient (GrpcClientProtocolClient.java:onNext(255)) - client-1B2A3AB4141F->2939930d-acd4-48d4-89eb-79cd5de2ca56: receive RaftClientReply:client-1B2A3AB4141F->2939930d-acd4-48d4-89eb-79cd5de2ca56@group-CD3F66E4333D, cid=42, FAILED org.apache.ratis.protocol.NotLeaderException: Server 2939930d-acd4-48d4-89eb-79cd5de2ca56 is not the leader (af0afe69-9a87-4d2a-8c9c-ba5c5ced1496:192.168.5.170:45266). Request must be sent to leader., logIndex=0, commits[2939930d-acd4-48d4-89eb-79cd5de2ca56:c-1, 5a77de80-121b-47ee-b0e5-9998059859c0:c-1, af0afe69-9a87-4d2a-8c9c-ba5c5ced1496:c-1]
2019-08-16 03:47:06,973 INFO  client.GrpcClientProtocolClient (GrpcClientProtocolClient.java:onNext(255)) - client-1B2A3AB4141F->af0afe69-9a87-4d2a-8c9c-ba5c5ced1496: receive RaftClientReply:client-1B2A3AB4141F->af0afe69-9a87-4d2a-8c9c-ba5c5ced1496@group-CD3F66E4333D, cid=42, SUCCESS, logIndex=1, commits[af0afe69-9a87-4d2a-8c9c-ba5c5ced1496:c2, 2939930d-acd4-48d4-89eb-79cd5de2ca56:c1, 5a77de80-121b-47ee-b0e5-9998059859c0:c1]
2019-08-16 03:47:07,138 INFO  client.GrpcClientProtocolClient (GrpcClientProtocolClient.java:onNext(255)) - client-1B2A3AB4141F->af0afe69-9a87-4d2a-8c9c-ba5c5ced1496: receive RaftClientReply:client-1B2A3AB4141F->af0afe69-9a87-4d2a-8c9c-ba5c5ced1496@group-CD3F66E4333D, cid=43, SUCCESS, logIndex=3, commits[af0afe69-9a87-4d2a-8c9c-ba5c5ced1496:c4, 2939930d-acd4-48d4-89eb-79cd5de2ca56:c3, 5a77de80-121b-47ee-b0e5-9998059859c0:c3]
2019-08-16 03:47:07,297 INFO  client.GrpcClientProtocolClient (GrpcClientProtocolClient.java:onNext(255)) - client-1B2A3AB4141F->af0afe69-9a87-4d2a-8c9c-ba5c5ced1496: receive RaftClientReply:client-1B2A3AB4141F->af0afe69-9a87-4d2a-8c9c-ba5c5ced1496@group-CD3F66E4333D, cid=44, SUCCESS, logIndex=5, commits[af0afe69-9a87-4d2a-8c9c-ba5c5ced1496:c6, 2939930d-acd4-48d4-89eb-79cd5de2ca56:c5, 5a77de80-121b-47ee-b0e5-9998059859c0:c5]
2019-08-16 03:47:07,331 INFO  client.GrpcClientProtocolClient (GrpcClientProtocolClient.java:onNext(255)) - client-1B2A3AB4141F->af0afe69-9a87-4d2a-8c9c-ba5c5ced1496: receive RaftClientReply:client-1B2A3AB4141F->af0afe69-9a87-4d2a-8c9c-ba5c5ced1496@group-CD3F66E4333D, cid=45, FAILED org.apache.ratis.protocol.StateMachineException: java.util.concurrent.CompletionException: java.lang.IllegalArgumentException, logIndex=7, commits[af0afe69-9a87-4d2a-8c9c-ba5c5ced1496:c7, 2939930d-acd4-48d4-89eb-79cd5de2ca56:c6, 5a77de80-121b-47ee-b0e5-9998059859c0:c6]
2019-08-16 03:47:07,335 INFO  ozone.MiniOzoneClusterImpl (MiniOzoneClusterImpl.java:shutdown(321)) - Shutting down the Mini Ozone Cluster
2019-08-16 03:47:07,336 INFO  ozone.MiniOzoneClusterImpl (MiniOzoneClusterImpl.java:stop(336)) - Stopping the Mini Ozone Cluster
2019-08-16 03:47:07,336 INFO  ozone.MiniOzoneClusterImpl (MiniOzoneClusterImpl.java:stop(338)) - Stopping the OzoneManager
2019-08-16 03:47:07,336 INFO  ipc.Server (Server.java:stop(3082)) - Stopping server on 40861
2019-08-16 03:47:07,361 INFO  ipc.Server (Server.java:run(1185)) - Stopping IPC Server listener on 40861
2019-08-16 03:47:07,362 INFO  utils.BackgroundService (BackgroundService.java:shutdown(148)) - Shutting down service KeyDeletingService
2019-08-16 03:47:07,362 INFO  ipc.Server (Server.java:run(1319)) - Stopping IPC Server Responder
2019-08-16 03:47:07,379 INFO  handler.ContextHandler (ContextHandler.java:doStop(910)) - Stopped o.e.j.w.WebAppContext@2d24cdd9{/,null,UNAVAILABLE}{/ozoneManager}
2019-08-16 03:47:07,380 INFO  server.AbstractConnector (AbstractConnector.java:doStop(318)) - Stopped ServerConnector@30dd00b6{HTTP/1.1,[http/1.1]}{0.0.0.0:0}
2019-08-16 03:47:07,381 INFO  handler.ContextHandler (ContextHandler.java:doStop(910)) - Stopped o.e.j.s.ServletContextHandler@34f23816{/static,file:///workdir/hadoop-ozone/integration-test/target/test-classes/webapps/static,UNAVAILABLE}
2019-08-16 03:47:07,381 INFO  handler.ContextHandler (ContextHandler.java:doStop(910)) - Stopped o.e.j.s.ServletContextHandler@15ac02d5{/logs,file:///workdir/hadoop-ozone/integration-test/target/log,UNAVAILABLE}
2019-08-16 03:47:07,385 INFO  ozone.MiniOzoneClusterImpl (MiniOzoneClusterImpl.java:stop(344)) - Shutting the HddsDatanodes
2019-08-16 03:47:07,386 INFO  datanode.ObjectStoreHandler (ObjectStoreHandler.java:close(155)) - Closing ObjectStoreHandler.
2019-08-16 03:47:07,386 INFO  datanode.ObjectStoreHandler (ObjectStoreHandler.java:close(155)) - Closing ObjectStoreHandler.
2019-08-16 03:47:07,387 INFO  ozone.HddsDatanodeService (HddsDatanodeService.java:stop(451)) - Stopped plug-in org.apache.hadoop.ozone.web.OzoneHddsDatanodeService@208f7165
2019-08-16 03:47:07,387 INFO  ozone.HddsDatanodeService (HddsDatanodeService.java:stop(451)) - Stopped plug-in org.apache.hadoop.ozone.web.OzoneHddsDatanodeService@151659dd
2019-08-16 03:47:07,838 INFO  statemachine.DatanodeStateMachine (DatanodeStateMachine.java:lambda$startDaemon$0(350)) - Ozone container server started.
2019-08-16 03:47:08,294 INFO  statemachine.DatanodeStateMachine (DatanodeStateMachine.java:lambda$startDaemon$0(350)) - Ozone container server started.
2019-08-16 03:47:12,388 INFO  ozoneimpl.OzoneContainer (OzoneContainer.java:stop(199)) - Attempting to stop container services.
2019-08-16 03:47:12,388 INFO  ozoneimpl.OzoneContainer (OzoneContainer.java:stop(199)) - Attempting to stop container services.
2019-08-16 03:47:12,389 INFO  impl.RaftServerProxy (RaftServerProxy.java:lambda$close$4(314)) - af0afe69-9a87-4d2a-8c9c-ba5c5ced1496: close
2019-08-16 03:47:12,389 INFO  impl.RaftServerProxy (RaftServerProxy.java:lambda$close$4(314)) - 49a1814f-e138-4ff1-ad4e-f524b08086c9: close
2019-08-16 03:47:12,389 INFO  impl.RaftServerImpl (RaftServerImpl.java:lambda$shutdown$3(245)) - af0afe69-9a87-4d2a-8c9c-ba5c5ced1496: shutdown group-CD3F66E4333D
2019-08-16 03:47:12,390 INFO  impl.RaftServerImpl (RaftServerImpl.java:lambda$shutdown$3(245)) - 49a1814f-e138-4ff1-ad4e-f524b08086c9: shutdown group-E5D08E2E2BAA
2019-08-16 03:47:12,390 INFO  util.JmxRegister (JmxRegister.java:unregister(73)) - Successfully un-registered JMX Bean with object name Ratis:service=RaftServer,group=group-CD3F66E4333D,id=af0afe69-9a87-4d2a-8c9c-ba5c5ced1496
2019-08-16 03:47:12,390 INFO  util.JmxRegister (JmxRegister.java:unregister(73)) - Successfully un-registered JMX Bean with object name Ratis:service=RaftServer,group=group-E5D08E2E2BAA,id=49a1814f-e138-4ff1-ad4e-f524b08086c9
2019-08-16 03:47:12,391 INFO  impl.RoleInfo (RoleInfo.java:shutdownLeaderState(104)) - af0afe69-9a87-4d2a-8c9c-ba5c5ced1496: shutdown LeaderState
2019-08-16 03:47:12,391 INFO  impl.RoleInfo (RoleInfo.java:shutdownLeaderState(104)) - 49a1814f-e138-4ff1-ad4e-f524b08086c9: shutdown LeaderState
2019-08-16 03:47:12,397 WARN  server.GrpcLogAppender (GrpcLogAppender.java:mayWait(143)) - GrpcLogAppender(af0afe69-9a87-4d2a-8c9c-ba5c5ced1496->2939930d-acd4-48d4-89eb-79cd5de2ca56): Wait interrupted by java.lang.InterruptedException
2019-08-16 03:47:12,397 WARN  server.GrpcLogAppender (GrpcLogAppender.java:mayWait(143)) - GrpcLogAppender(af0afe69-9a87-4d2a-8c9c-ba5c5ced1496->5a77de80-121b-47ee-b0e5-9998059859c0): Wait interrupted by java.lang.InterruptedException
2019-08-16 03:47:12,397 INFO  impl.PendingRequests (PendingRequests.java:sendNotLeaderResponses(202)) - af0afe69-9a87-4d2a-8c9c-ba5c5ced1496-PendingRequests: sendNotLeaderResponses
2019-08-16 03:47:12,403 WARN  server.GrpcLogAppender (GrpcLogAppender.java:mayWait(143)) - GrpcLogAppender(49a1814f-e138-4ff1-ad4e-f524b08086c9->8b6b56fe-c252-4348-b8ca-c877b60f9ee4): Wait interrupted by java.lang.InterruptedException
2019-08-16 03:47:12,410 INFO  impl.StateMachineUpdater (StateMachineUpdater.java:stopAndJoin(115)) - StateMachineUpdater:af0afe69-9a87-4d2a-8c9c-ba5c5ced1496:group-CD3F66E4333D: set stopIndex = 8
2019-08-16 03:47:12,403 WARN  server.GrpcLogAppender (GrpcLogAppender.java:mayWait(143)) - GrpcLogAppender(49a1814f-e138-4ff1-ad4e-f524b08086c9->74f4742b-e403-4620-b2db-8f37b530ba0a): Wait interrupted by java.lang.InterruptedException
2019-08-16 03:47:12,402 INFO  impl.PendingRequests (PendingRequests.java:sendNotLeaderResponses(202)) - 49a1814f-e138-4ff1-ad4e-f524b08086c9-PendingRequests: sendNotLeaderResponses
2019-08-16 03:47:12,410 INFO  server.GrpcServerProtocolService (GrpcServerProtocolService.java:onCompleted(104)) - 5a77de80-121b-47ee-b0e5-9998059859c0: appendEntries completed
2019-08-16 03:47:12,410 INFO  ratis.ContainerStateMachine (ContainerStateMachine.java:takeSnapshot(262)) - group-CD3F66E4333D: Taking a snapshot at:(t:3, i:6) file /workdir/hadoop-ozone/integration-test/target/test-dir/MiniOzoneClusterImpl-13174f42-ef49-4866-b213-01bb0baa1417/datanode-1/data/ratis/8bd0f8ac-c0be-4f2e-a561-cd3f66e4333d/sm/snapshot.3_6
2019-08-16 03:47:12,410 INFO  server.GrpcServerProtocolService (GrpcServerProtocolService.java:onCompleted(104)) - 2939930d-acd4-48d4-89eb-79cd5de2ca56: appendEntries completed
2019-08-16 03:47:12,416 INFO  server.GrpcServerProtocolService (GrpcServerProtocolService.java:onCompleted(104)) - 74f4742b-e403-4620-b2db-8f37b530ba0a: appendEntries completed
2019-08-16 03:47:12,415 INFO  impl.StateMachineUpdater (StateMachineUpdater.java:stopAndJoin(115)) - StateMachineUpdater:49a1814f-e138-4ff1-ad4e-f524b08086c9:group-E5D08E2E2BAA: set stopIndex = 0
2019-08-16 03:47:12,415 INFO  server.GrpcServerProtocolService (GrpcServerProtocolService.java:onCompleted(104)) - 8b6b56fe-c252-4348-b8ca-c877b60f9ee4: appendEntries completed
2019-08-16 03:47:12,422 INFO  server.GrpcLogAppender (GrpcLogAppender.java:onCompleted(292)) - af0afe69-9a87-4d2a-8c9c-ba5c5ced1496->2939930d-acd4-48d4-89eb-79cd5de2ca56: follower responses appendEntries COMPLETED
2019-08-16 03:47:12,422 INFO  impl.RaftServerImpl (ServerState.java:close(394)) - 49a1814f-e138-4ff1-ad4e-f524b08086c9:group-E5D08E2E2BAA closes. The last applied log index is 0
2019-08-16 03:47:12,430 INFO  server.GrpcLogAppender (GrpcLogAppender.java:onCompleted(292)) - 49a1814f-e138-4ff1-ad4e-f524b08086c9->8b6b56fe-c252-4348-b8ca-c877b60f9ee4: follower responses appendEntries COMPLETED
2019-08-16 03:47:12,419 INFO  server.GrpcLogAppender (GrpcLogAppender.java:onCompleted(292)) - af0afe69-9a87-4d2a-8c9c-ba5c5ced1496->5a77de80-121b-47ee-b0e5-9998059859c0: follower responses appendEntries COMPLETED
2019-08-16 03:47:12,433 INFO  impl.FollowerInfo (FollowerInfo.java:lambda$new$0(50)) - 49a1814f-e138-4ff1-ad4e-f524b08086c9->8b6b56fe-c252-4348-b8ca-c877b60f9ee4: nextIndex: updateUnconditionally 1 -> 0
2019-08-16 03:47:12,431 INFO  segmented.SegmentedRaftLogWorker (SegmentedRaftLogWorker.java:run(313)) - 49a1814f-e138-4ff1-ad4e-f524b08086c9-SegmentedRaftLogWorker:Storage Directory /workdir/hadoop-ozone/integration-test/target/test-dir/MiniOzoneClusterImpl-13174f42-ef49-4866-b213-01bb0baa1417/datanode-4/data/ratis/9f655129-7794-4792-b2bc-e5d08e2e2baa was interrupted, exiting. There are 0 tasks remaining in the queue.
2019-08-16 03:47:12,430 INFO  server.GrpcLogAppender (GrpcLogAppender.java:onCompleted(292)) - 49a1814f-e138-4ff1-ad4e-f524b08086c9->74f4742b-e403-4620-b2db-8f37b530ba0a: follower responses appendEntries COMPLETED
2019-08-16 03:47:12,430 INFO  ratis.ContainerStateMachine (ContainerStateMachine.java:takeSnapshot(273)) - group-CD3F66E4333D: Finished taking a snapshot at:(t:3, i:6) file:/workdir/hadoop-ozone/integration-test/target/test-dir/MiniOzoneClusterImpl-13174f42-ef49-4866-b213-01bb0baa1417/datanode-1/data/ratis/8bd0f8ac-c0be-4f2e-a561-cd3f66e4333d/sm/snapshot.3_6 time:20
2019-08-16 03:47:12,441 INFO  impl.StateMachineUpdater (StateMachineUpdater.java:takeSnapshot(242)) - StateMachineUpdater:af0afe69-9a87-4d2a-8c9c-ba5c5ced1496:group-CD3F66E4333D: Took a snapshot at index 6
2019-08-16 03:47:12,428 INFO  impl.FollowerInfo (FollowerInfo.java:lambda$new$0(50)) - af0afe69-9a87-4d2a-8c9c-ba5c5ced1496->2939930d-acd4-48d4-89eb-79cd5de2ca56: nextIndex: updateUnconditionally 9 -> 8
2019-08-16 03:47:12,442 INFO  impl.StateMachineUpdater (StateMachineUpdater.java:lambda$new$0(80)) - StateMachineUpdater:af0afe69-9a87-4d2a-8c9c-ba5c5ced1496:group-CD3F66E4333D: snapshotIndex: updateIncreasingly -1 -> 6
2019-08-16 03:47:12,441 INFO  impl.FollowerInfo (FollowerInfo.java:lambda$new$0(50)) - 49a1814f-e138-4ff1-ad4e-f524b08086c9->74f4742b-e403-4620-b2db-8f37b530ba0a: nextIndex: updateUnconditionally 1 -> 0
2019-08-16 03:47:12,439 INFO  segmented.SegmentedRaftLogWorker (SegmentedRaftLogWorker.java:close(228)) - 49a1814f-e138-4ff1-ad4e-f524b08086c9-SegmentedRaftLogWorker:Storage Directory /workdir/hadoop-ozone/integration-test/target/test-dir/MiniOzoneClusterImpl-13174f42-ef49-4866-b213-01bb0baa1417/datanode-4/data/ratis/9f655129-7794-4792-b2bc-e5d08e2e2baa close()
2019-08-16 03:47:12,436 INFO  impl.FollowerInfo (FollowerInfo.java:lambda$new$0(50)) - af0afe69-9a87-4d2a-8c9c-ba5c5ced1496->5a77de80-121b-47ee-b0e5-9998059859c0: nextIndex: updateUnconditionally 9 -> 8
2019-08-16 03:47:12,447 INFO  impl.RaftServerImpl (RaftServerImpl.java:lambda$shutdown$3(245)) - 49a1814f-e138-4ff1-ad4e-f524b08086c9: shutdown group-649FA1EA2B8C
2019-08-16 03:47:12,442 INFO  impl.RaftServerImpl (ServerState.java:close(394)) - af0afe69-9a87-4d2a-8c9c-ba5c5ced1496:group-CD3F66E4333D closes. The last applied log index is 8
2019-08-16 03:47:12,448 INFO  util.JmxRegister (JmxRegister.java:unregister(73)) - Successfully un-registered JMX Bean with object name Ratis:service=RaftServer,group=group-649FA1EA2B8C,id=49a1814f-e138-4ff1-ad4e-f524b08086c9
2019-08-16 03:47:12,448 INFO  segmented.SegmentedRaftLogWorker (SegmentedRaftLogWorker.java:run(313)) - af0afe69-9a87-4d2a-8c9c-ba5c5ced1496-SegmentedRaftLogWorker:Storage Directory /workdir/hadoop-ozone/integration-test/target/test-dir/MiniOzoneClusterImpl-13174f42-ef49-4866-b213-01bb0baa1417/datanode-1/data/ratis/8bd0f8ac-c0be-4f2e-a561-cd3f66e4333d was interrupted, exiting. There are 0 tasks remaining in the queue.
2019-08-16 03:47:12,449 INFO  impl.RoleInfo (RoleInfo.java:shutdownLeaderState(104)) - 49a1814f-e138-4ff1-ad4e-f524b08086c9: shutdown LeaderState
2019-08-16 03:47:12,451 INFO  segmented.SegmentedRaftLogWorker (SegmentedRaftLogWorker.java:close(228)) - af0afe69-9a87-4d2a-8c9c-ba5c5ced1496-SegmentedRaftLogWorker:Storage Directory /workdir/hadoop-ozone/integration-test/target/test-dir/MiniOzoneClusterImpl-13174f42-ef49-4866-b213-01bb0baa1417/datanode-1/data/ratis/8bd0f8ac-c0be-4f2e-a561-cd3f66e4333d close()
2019-08-16 03:47:12,451 INFO  impl.PendingRequests (PendingRequests.java:sendNotLeaderResponses(202)) - 49a1814f-e138-4ff1-ad4e-f524b08086c9-PendingRequests: sendNotLeaderResponses
2019-08-16 03:47:12,456 INFO  impl.RaftServerImpl (RaftServerImpl.java:lambda$shutdown$3(245)) - af0afe69-9a87-4d2a-8c9c-ba5c5ced1496: shutdown group-254651604299
2019-08-16 03:47:12,456 INFO  impl.StateMachineUpdater (StateMachineUpdater.java:stopAndJoin(115)) - StateMachineUpdater:49a1814f-e138-4ff1-ad4e-f524b08086c9:group-649FA1EA2B8C: set stopIndex = 0
2019-08-16 03:47:12,457 INFO  impl.RaftServerImpl (ServerState.java:close(394)) - 49a1814f-e138-4ff1-ad4e-f524b08086c9:group-649FA1EA2B8C closes. The last applied log index is 0
2019-08-16 03:47:12,457 INFO  util.JmxRegister (JmxRegister.java:unregister(73)) - Successfully un-registered JMX Bean with object name Ratis:service=RaftServer,group=group-254651604299,id=af0afe69-9a87-4d2a-8c9c-ba5c5ced1496
2019-08-16 03:47:12,458 INFO  segmented.SegmentedRaftLogWorker (SegmentedRaftLogWorker.java:run(313)) - 49a1814f-e138-4ff1-ad4e-f524b08086c9-SegmentedRaftLogWorker:Storage Directory /workdir/hadoop-ozone/integration-test/target/test-dir/MiniOzoneClusterImpl-13174f42-ef49-4866-b213-01bb0baa1417/datanode-4/data/ratis/69773623-517f-4bda-a9ec-649fa1ea2b8c was interrupted, exiting. There are 0 tasks remaining in the queue.
2019-08-16 03:47:12,458 INFO  impl.RoleInfo (RoleInfo.java:shutdownLeaderState(104)) - af0afe69-9a87-4d2a-8c9c-ba5c5ced1496: shutdown LeaderState
2019-08-16 03:47:12,460 INFO  segmented.SegmentedRaftLogWorker (SegmentedRaftLogWorker.java:close(228)) - 49a1814f-e138-4ff1-ad4e-f524b08086c9-SegmentedRaftLogWorker:Storage Directory /workdir/hadoop-ozone/integration-test/target/test-dir/MiniOzoneClusterImpl-13174f42-ef49-4866-b213-01bb0baa1417/datanode-4/data/ratis/69773623-517f-4bda-a9ec-649fa1ea2b8c close()
2019-08-16 03:47:12,460 INFO  impl.PendingRequests (PendingRequests.java:sendNotLeaderResponses(202)) - af0afe69-9a87-4d2a-8c9c-ba5c5ced1496-PendingRequests: sendNotLeaderResponses
2019-08-16 03:47:12,465 INFO  server.GrpcService (GrpcService.java:closeImpl(155)) - 49a1814f-e138-4ff1-ad4e-f524b08086c9: shutdown server with port 40431 now
2019-08-16 03:47:12,465 INFO  impl.StateMachineUpdater (StateMachineUpdater.java:stopAndJoin(115)) - StateMachineUpdater:af0afe69-9a87-4d2a-8c9c-ba5c5ced1496:group-254651604299: set stopIndex = 0
2019-08-16 03:47:12,466 INFO  impl.RaftServerImpl (ServerState.java:close(394)) - af0afe69-9a87-4d2a-8c9c-ba5c5ced1496:group-254651604299 closes. The last applied log index is 0
2019-08-16 03:47:12,466 INFO  segmented.SegmentedRaftLogWorker (SegmentedRaftLogWorker.java:run(313)) - af0afe69-9a87-4d2a-8c9c-ba5c5ced1496-SegmentedRaftLogWorker:Storage Directory /workdir/hadoop-ozone/integration-test/target/test-dir/MiniOzoneClusterImpl-13174f42-ef49-4866-b213-01bb0baa1417/datanode-1/data/ratis/4cfef492-e0a1-460d-abb1-254651604299 was interrupted, exiting. There are 0 tasks remaining in the queue.
2019-08-16 03:47:12,468 INFO  server.GrpcService (GrpcService.java:closeImpl(163)) - 49a1814f-e138-4ff1-ad4e-f524b08086c9: shutdown server with port 40431 successfully
2019-08-16 03:47:12,468 INFO  segmented.SegmentedRaftLogWorker (SegmentedRaftLogWorker.java:close(228)) - af0afe69-9a87-4d2a-8c9c-ba5c5ced1496-SegmentedRaftLogWorker:Storage Directory /workdir/hadoop-ozone/integration-test/target/test-dir/MiniOzoneClusterImpl-13174f42-ef49-4866-b213-01bb0baa1417/datanode-1/data/ratis/4cfef492-e0a1-460d-abb1-254651604299 close()
2019-08-16 03:47:12,481 INFO  server.GrpcService (GrpcService.java:closeImpl(155)) - af0afe69-9a87-4d2a-8c9c-ba5c5ced1496: shutdown server with port 45266 now
2019-08-16 03:47:12,482 INFO  server.GrpcService (GrpcService.java:closeImpl(163)) - af0afe69-9a87-4d2a-8c9c-ba5c5ced1496: shutdown server with port 45266 successfully
2019-08-16 03:47:12,482 INFO  utils.BackgroundService (BackgroundService.java:shutdown(148)) - Shutting down service BlockDeletingService
2019-08-16 03:47:12,484 INFO  utils.BackgroundService (BackgroundService.java:shutdown(148)) - Shutting down service BlockDeletingService
2019-08-16 03:47:12,485 WARN  fs.CachingGetSpaceUsed (CachingGetSpaceUsed.java:run(183)) - Thread Interrupted waiting to refresh disk information: sleep interrupted
2019-08-16 03:47:12,487 WARN  fs.CachingGetSpaceUsed (CachingGetSpaceUsed.java:run(183)) - Thread Interrupted waiting to refresh disk information: sleep interrupted
2019-08-16 03:47:12,511 INFO  statemachine.DatanodeStateMachine (DatanodeStateMachine.java:stopDaemon(395)) - Ozone container server stopped.
2019-08-16 03:47:12,512 INFO  handler.ContextHandler (ContextHandler.java:doStop(910)) - Stopped o.e.j.w.WebAppContext@45e639ee{/,null,UNAVAILABLE}{/hddsDatanode}
2019-08-16 03:47:12,513 INFO  server.AbstractConnector (AbstractConnector.java:doStop(318)) - Stopped ServerConnector@77f03916{HTTP/1.1,[http/1.1]}{0.0.0.0:0}
2019-08-16 03:47:12,514 INFO  handler.ContextHandler (ContextHandler.java:doStop(910)) - Stopped o.e.j.s.ServletContextHandler@714c74eb{/static,jar:file:/home/user/.m2/repository/org/apache/hadoop/hadoop-hdds-container-service/0.4.1-SNAPSHOT/hadoop-hdds-container-service-0.4.1-SNAPSHOT.jar!/webapps/static,UNAVAILABLE}
2019-08-16 03:47:12,514 INFO  handler.ContextHandler (ContextHandler.java:doStop(910)) - Stopped o.e.j.s.ServletContextHandler@287ad0da{/logs,file:///workdir/hadoop-ozone/integration-test/target/log,UNAVAILABLE}
2019-08-16 03:47:12,520 INFO  statemachine.DatanodeStateMachine (DatanodeStateMachine.java:stopDaemon(395)) - Ozone container server stopped.
2019-08-16 03:47:12,521 INFO  datanode.ObjectStoreHandler (ObjectStoreHandler.java:close(155)) - Closing ObjectStoreHandler.
2019-08-16 03:47:12,525 INFO  ozone.HddsDatanodeService (HddsDatanodeService.java:stop(451)) - Stopped plug-in org.apache.hadoop.ozone.web.OzoneHddsDatanodeService@65ef9a0a
2019-08-16 03:47:12,527 INFO  handler.ContextHandler (ContextHandler.java:doStop(910)) - Stopped o.e.j.w.WebAppContext@2c7ad4f3{/,null,UNAVAILABLE}{/hddsDatanode}
2019-08-16 03:47:12,527 INFO  server.AbstractConnector (AbstractConnector.java:doStop(318)) - Stopped ServerConnector@698f4aa{HTTP/1.1,[http/1.1]}{0.0.0.0:0}
2019-08-16 03:47:12,529 INFO  handler.ContextHandler (ContextHandler.java:doStop(910)) - Stopped o.e.j.s.ServletContextHandler@2036f83{/static,jar:file:/home/user/.m2/repository/org/apache/hadoop/hadoop-hdds-container-service/0.4.1-SNAPSHOT/hadoop-hdds-container-service-0.4.1-SNAPSHOT.jar!/webapps/static,UNAVAILABLE}
2019-08-16 03:47:12,533 INFO  handler.ContextHandler (ContextHandler.java:doStop(910)) - Stopped o.e.j.s.ServletContextHandler@35e07e19{/logs,file:///workdir/hadoop-ozone/integration-test/target/log,UNAVAILABLE}
2019-08-16 03:47:12,534 INFO  datanode.ObjectStoreHandler (ObjectStoreHandler.java:close(155)) - Closing ObjectStoreHandler.
2019-08-16 03:47:12,534 INFO  ozone.HddsDatanodeService (HddsDatanodeService.java:stop(451)) - Stopped plug-in org.apache.hadoop.ozone.web.OzoneHddsDatanodeService@4ca970d5
2019-08-16 03:47:12,659 INFO  statemachine.DatanodeStateMachine (DatanodeStateMachine.java:lambda$startDaemon$0(350)) - Ozone container server started.
2019-08-16 03:47:13,295 INFO  statemachine.DatanodeStateMachine (DatanodeStateMachine.java:lambda$startDaemon$0(350)) - Ozone container server started.
2019-08-16 03:47:17,055 INFO  impl.FollowerState (FollowerState.java:run(106)) - 8b6b56fe-c252-4348-b8ca-c877b60f9ee4:group-E5D08E2E2BAA changes to CANDIDATE, lastRpcTime:5329, electionTimeout:5079ms
2019-08-16 03:47:17,056 INFO  impl.RoleInfo (RoleInfo.java:shutdownFollowerState(121)) - 8b6b56fe-c252-4348-b8ca-c877b60f9ee4: shutdown FollowerState
2019-08-16 03:47:17,056 INFO  impl.RaftServerImpl (RaftServerImpl.java:setRole(171)) - 8b6b56fe-c252-4348-b8ca-c877b60f9ee4:group-E5D08E2E2BAA changes role from FOLLOWER to CANDIDATE at term 1 for changeToCandidate
2019-08-16 03:47:17,056 INFO  impl.RoleInfo (RoleInfo.java:updateAndGet(143)) - 8b6b56fe-c252-4348-b8ca-c877b60f9ee4: start LeaderElection
2019-08-16 03:47:17,059 INFO  impl.RaftServerImpl (ServerState.java:setLeader(263)) - 8b6b56fe-c252-4348-b8ca-c877b60f9ee4:group-E5D08E2E2BAA change Leader from 49a1814f-e138-4ff1-ad4e-f524b08086c9 to null at term 1 for initElection
2019-08-16 03:47:17,086 INFO  impl.LeaderElection (LeaderElection.java:askForVotes(181)) - 8b6b56fe-c252-4348-b8ca-c877b60f9ee4:group-E5D08E2E2BAA:LeaderElection24: begin an election at term 2 for 0: [8b6b56fe-c252-4348-b8ca-c877b60f9ee4:192.168.5.170:35306, 49a1814f-e138-4ff1-ad4e-f524b08086c9:192.168.5.170:40431, 74f4742b-e403-4620-b2db-8f37b530ba0a:192.168.5.170:33824], old=null
2019-08-16 03:47:17,093 INFO  impl.RaftServerImpl (ServerState.java:setLeader(263)) - 74f4742b-e403-4620-b2db-8f37b530ba0a:group-E5D08E2E2BAA change Leader from 49a1814f-e138-4ff1-ad4e-f524b08086c9 to null at term 2 for updateCurrentTerm
2019-08-16 03:47:17,093 INFO  impl.RaftServerImpl (RaftServerImpl.java:setRole(171)) - 74f4742b-e403-4620-b2db-8f37b530ba0a:group-E5D08E2E2BAA changes role from FOLLOWER to FOLLOWER at term 2 for recognizeCandidate:8b6b56fe-c252-4348-b8ca-c877b60f9ee4
2019-08-16 03:47:17,093 INFO  impl.RoleInfo (RoleInfo.java:shutdownFollowerState(121)) - 74f4742b-e403-4620-b2db-8f37b530ba0a: shutdown FollowerState
2019-08-16 03:47:17,094 INFO  impl.RoleInfo (RoleInfo.java:updateAndGet(143)) - 74f4742b-e403-4620-b2db-8f37b530ba0a: start FollowerState
2019-08-16 03:47:17,094 INFO  impl.FollowerState (FollowerState.java:run(114)) - 74f4742b-e403-4620-b2db-8f37b530ba0a: FollowerState was interrupted: java.lang.InterruptedException: sleep interrupted
2019-08-16 03:47:17,099 INFO  impl.LeaderElection (LogUtils.java:infoOrTrace(149)) - 8b6b56fe-c252-4348-b8ca-c877b60f9ee4:group-E5D08E2E2BAA:LeaderElection24 got exception when requesting votes: {}
java.util.concurrent.ExecutionException: org.apache.ratis.thirdparty.io.grpc.StatusRuntimeException: UNAVAILABLE: io exception
	at java.util.concurrent.FutureTask.report(FutureTask.java:122)
	at java.util.concurrent.FutureTask.get(FutureTask.java:192)
	at org.apache.ratis.server.impl.LeaderElection.waitForResults(LeaderElection.java:262)
	at org.apache.ratis.server.impl.LeaderElection.askForVotes(LeaderElection.java:200)
	at org.apache.ratis.server.impl.LeaderElection.run(LeaderElection.java:130)
	at java.lang.Thread.run(Thread.java:748)
Caused by: org.apache.ratis.thirdparty.io.grpc.StatusRuntimeException: UNAVAILABLE: io exception
	at org.apache.ratis.thirdparty.io.grpc.stub.ClientCalls.toStatusRuntimeException(ClientCalls.java:233)
	at org.apache.ratis.thirdparty.io.grpc.stub.ClientCalls.getUnchecked(ClientCalls.java:214)
	at org.apache.ratis.thirdparty.io.grpc.stub.ClientCalls.blockingUnaryCall(ClientCalls.java:139)
	at org.apache.ratis.proto.grpc.RaftServerProtocolServiceGrpc$RaftServerProtocolServiceBlockingStub.requestVote(RaftServerProtocolServiceGrpc.java:265)
	at org.apache.ratis.grpc.server.GrpcServerProtocolClient.requestVote(GrpcServerProtocolClient.java:83)
	at org.apache.ratis.grpc.server.GrpcService.requestVote(GrpcService.java:195)
	at org.apache.ratis.server.impl.LeaderElection.lambda$submitRequests$1(LeaderElection.java:237)
	at java.util.concurrent.FutureTask.run(FutureTask.java:266)
	at java.util.concurrent.Executors$RunnableAdapter.call(Executors.java:511)
	at java.util.concurrent.FutureTask.run(FutureTask.java:266)
	at java.util.concurrent.ThreadPoolExecutor.runWorker(ThreadPoolExecutor.java:1149)
	at java.util.concurrent.ThreadPoolExecutor$Worker.run(ThreadPoolExecutor.java:624)
	... 1 more
Caused by: org.apache.ratis.thirdparty.io.netty.channel.AbstractChannel$AnnotatedConnectException: Connection refused: /192.168.5.170:40431
	at sun.nio.ch.SocketChannelImpl.checkConnect(Native Method)
	at sun.nio.ch.SocketChannelImpl.finishConnect(SocketChannelImpl.java:717)
	at org.apache.ratis.thirdparty.io.netty.channel.socket.nio.NioSocketChannel.doFinishConnect(NioSocketChannel.java:327)
	at org.apache.ratis.thirdparty.io.netty.channel.nio.AbstractNioChannel$AbstractNioUnsafe.finishConnect(AbstractNioChannel.java:340)
	at org.apache.ratis.thirdparty.io.netty.channel.nio.NioEventLoop.processSelectedKey(NioEventLoop.java:632)
	at org.apache.ratis.thirdparty.io.netty.channel.nio.NioEventLoop.processSelectedKeysOptimized(NioEventLoop.java:579)
	at org.apache.ratis.thirdparty.io.netty.channel.nio.NioEventLoop.processSelectedKeys(NioEventLoop.java:496)
	at org.apache.ratis.thirdparty.io.netty.channel.nio.NioEventLoop.run(NioEventLoop.java:458)
	at org.apache.ratis.thirdparty.io.netty.util.concurrent.SingleThreadEventExecutor$5.run(SingleThreadEventExecutor.java:897)
	at org.apache.ratis.thirdparty.io.netty.util.concurrent.FastThreadLocalRunnable.run(FastThreadLocalRunnable.java:30)
	... 1 more
Caused by: java.net.ConnectException: Connection refused
	... 11 more
2019-08-16 03:47:17,124 INFO  impl.LeaderElection (LeaderElection.java:logAndReturn(56)) - 8b6b56fe-c252-4348-b8ca-c877b60f9ee4:group-E5D08E2E2BAA:LeaderElection24: Election PASSED; received 1 response(s) [8b6b56fe-c252-4348-b8ca-c877b60f9ee4<-74f4742b-e403-4620-b2db-8f37b530ba0a#0:OK-t2] and 1 exception(s); 8b6b56fe-c252-4348-b8ca-c877b60f9ee4:t2, leader=null, voted=8b6b56fe-c252-4348-b8ca-c877b60f9ee4, raftlog=8b6b56fe-c252-4348-b8ca-c877b60f9ee4-SegmentedRaftLog:OPENED:c0,f0,i0, conf=0: [8b6b56fe-c252-4348-b8ca-c877b60f9ee4:192.168.5.170:35306, 49a1814f-e138-4ff1-ad4e-f524b08086c9:192.168.5.170:40431, 74f4742b-e403-4620-b2db-8f37b530ba0a:192.168.5.170:33824], old=null
2019-08-16 03:47:17,125 INFO  impl.LeaderElection (LogUtils.java:infoOrTrace(149)) -   Exception 0: {}
java.util.concurrent.ExecutionException: org.apache.ratis.thirdparty.io.grpc.StatusRuntimeException: UNAVAILABLE: io exception
	at java.util.concurrent.FutureTask.report(FutureTask.java:122)
	at java.util.concurrent.FutureTask.get(FutureTask.java:192)
	at org.apache.ratis.server.impl.LeaderElection.waitForResults(LeaderElection.java:262)
	at org.apache.ratis.server.impl.LeaderElection.askForVotes(LeaderElection.java:200)
	at org.apache.ratis.server.impl.LeaderElection.run(LeaderElection.java:130)
	at java.lang.Thread.run(Thread.java:748)
Caused by: org.apache.ratis.thirdparty.io.grpc.StatusRuntimeException: UNAVAILABLE: io exception
	at org.apache.ratis.thirdparty.io.grpc.stub.ClientCalls.toStatusRuntimeException(ClientCalls.java:233)
	at org.apache.ratis.thirdparty.io.grpc.stub.ClientCalls.getUnchecked(ClientCalls.java:214)
	at org.apache.ratis.thirdparty.io.grpc.stub.ClientCalls.blockingUnaryCall(ClientCalls.java:139)
	at org.apache.ratis.proto.grpc.RaftServerProtocolServiceGrpc$RaftServerProtocolServiceBlockingStub.requestVote(RaftServerProtocolServiceGrpc.java:265)
	at org.apache.ratis.grpc.server.GrpcServerProtocolClient.requestVote(GrpcServerProtocolClient.java:83)
	at org.apache.ratis.grpc.server.GrpcService.requestVote(GrpcService.java:195)
	at org.apache.ratis.server.impl.LeaderElection.lambda$submitRequests$1(LeaderElection.java:237)
	at java.util.concurrent.FutureTask.run(FutureTask.java:266)
	at java.util.concurrent.Executors$RunnableAdapter.call(Executors.java:511)
	at java.util.concurrent.FutureTask.run(FutureTask.java:266)
	at java.util.concurrent.ThreadPoolExecutor.runWorker(ThreadPoolExecutor.java:1149)
	at java.util.concurrent.ThreadPoolExecutor$Worker.run(ThreadPoolExecutor.java:624)
	... 1 more
Caused by: org.apache.ratis.thirdparty.io.netty.channel.AbstractChannel$AnnotatedConnectException: Connection refused: /192.168.5.170:40431
	at sun.nio.ch.SocketChannelImpl.checkConnect(Native Method)
	at sun.nio.ch.SocketChannelImpl.finishConnect(SocketChannelImpl.java:717)
	at org.apache.ratis.thirdparty.io.netty.channel.socket.nio.NioSocketChannel.doFinishConnect(NioSocketChannel.java:327)
	at org.apache.ratis.thirdparty.io.netty.channel.nio.AbstractNioChannel$AbstractNioUnsafe.finishConnect(AbstractNioChannel.java:340)
	at org.apache.ratis.thirdparty.io.netty.channel.nio.NioEventLoop.processSelectedKey(NioEventLoop.java:632)
	at org.apache.ratis.thirdparty.io.netty.channel.nio.NioEventLoop.processSelectedKeysOptimized(NioEventLoop.java:579)
	at org.apache.ratis.thirdparty.io.netty.channel.nio.NioEventLoop.processSelectedKeys(NioEventLoop.java:496)
	at org.apache.ratis.thirdparty.io.netty.channel.nio.NioEventLoop.run(NioEventLoop.java:458)
	at org.apache.ratis.thirdparty.io.netty.util.concurrent.SingleThreadEventExecutor$5.run(SingleThreadEventExecutor.java:897)
	at org.apache.ratis.thirdparty.io.netty.util.concurrent.FastThreadLocalRunnable.run(FastThreadLocalRunnable.java:30)
	... 1 more
Caused by: java.net.ConnectException: Connection refused
	... 11 more
2019-08-16 03:47:17,126 INFO  impl.RoleInfo (RoleInfo.java:shutdownLeaderElection(134)) - 8b6b56fe-c252-4348-b8ca-c877b60f9ee4: shutdown LeaderElection
2019-08-16 03:47:17,128 INFO  impl.RaftServerImpl (RaftServerImpl.java:setRole(171)) - 8b6b56fe-c252-4348-b8ca-c877b60f9ee4:group-E5D08E2E2BAA changes role from CANDIDATE to LEADER at term 2 for changeToLeader
2019-08-16 03:47:17,128 INFO  impl.RaftServerImpl (ServerState.java:setLeader(263)) - 8b6b56fe-c252-4348-b8ca-c877b60f9ee4:group-E5D08E2E2BAA change Leader from null to 8b6b56fe-c252-4348-b8ca-c877b60f9ee4 at term 2 for becomeLeader, leader elected after 69ms
2019-08-16 03:47:17,128 INFO  server.RaftServerConfigKeys (ConfUtils.java:logGet(43)) - raft.server.staging.catchup.gap = 1000 (default)
2019-08-16 03:47:17,129 INFO  server.RaftServerConfigKeys (ConfUtils.java:logGet(43)) - raft.server.rpc.sleep.time = 25ms (default)
2019-08-16 03:47:17,129 INFO  server.RaftServerConfigKeys (ConfUtils.java:logGet(43)) - raft.server.write.element-limit = 4096 (default)
2019-08-16 03:47:17,129 INFO  server.RaftServerConfigKeys (ConfUtils.java:logGet(43)) - raft.server.watch.timeout = 10s (default)
2019-08-16 03:47:17,129 INFO  server.RaftServerConfigKeys (ConfUtils.java:logGet(43)) - raft.server.watch.timeout.denomination = 1s (default)
2019-08-16 03:47:17,129 INFO  server.RaftServerConfigKeys (ConfUtils.java:logGet(43)) - raft.server.watch.element-limit = 65536 (default)
2019-08-16 03:47:17,130 INFO  server.RaftServerConfigKeys (ConfUtils.java:logGet(43)) - raft.server.log.appender.snapshot.chunk.size.max = 16MB (=16777216) (default)
2019-08-16 03:47:17,130 INFO  server.RaftServerConfigKeys (ConfUtils.java:logGet(43)) - raft.server.log.appender.buffer.byte-limit = 33554432 (custom)
2019-08-16 03:47:17,130 INFO  server.RaftServerConfigKeys (ConfUtils.java:logGet(43)) - raft.server.log.appender.buffer.element-limit = 1 (custom)
2019-08-16 03:47:17,130 INFO  grpc.GrpcConfigKeys$Server (ConfUtils.java:logGet(43)) - raft.grpc.server.leader.outstanding.appends.max = 128 (default)
2019-08-16 03:47:17,131 INFO  server.RaftServerConfigKeys (ConfUtils.java:logGet(43)) - raft.server.rpc.request.timeout = 3000ms (default)
2019-08-16 03:47:17,131 INFO  server.RaftServerConfigKeys (ConfUtils.java:logGet(43)) - raft.server.log.appender.install.snapshot.enabled = false (custom)
2019-08-16 03:47:17,131 INFO  server.RaftServerConfigKeys (ConfUtils.java:logGet(43)) - raft.server.log.appender.snapshot.chunk.size.max = 16MB (=16777216) (default)
2019-08-16 03:47:17,131 INFO  server.RaftServerConfigKeys (ConfUtils.java:logGet(43)) - raft.server.log.appender.buffer.byte-limit = 33554432 (custom)
2019-08-16 03:47:17,131 INFO  server.RaftServerConfigKeys (ConfUtils.java:logGet(43)) - raft.server.log.appender.buffer.element-limit = 1 (custom)
2019-08-16 03:47:17,132 INFO  grpc.GrpcConfigKeys$Server (ConfUtils.java:logGet(43)) - raft.grpc.server.leader.outstanding.appends.max = 128 (default)
2019-08-16 03:47:17,132 INFO  server.RaftServerConfigKeys (ConfUtils.java:logGet(43)) - raft.server.rpc.request.timeout = 3000ms (default)
2019-08-16 03:47:17,132 INFO  server.RaftServerConfigKeys (ConfUtils.java:logGet(43)) - raft.server.log.appender.install.snapshot.enabled = false (custom)
2019-08-16 03:47:17,132 INFO  impl.RoleInfo (RoleInfo.java:updateAndGet(143)) - 8b6b56fe-c252-4348-b8ca-c877b60f9ee4: start LeaderState
2019-08-16 03:47:17,133 INFO  segmented.SegmentedRaftLogWorker (SegmentedRaftLogWorker.java:rollLogSegment(385)) - 8b6b56fe-c252-4348-b8ca-c877b60f9ee4-SegmentedRaftLogWorker:Storage Directory /workdir/hadoop-ozone/integration-test/target/test-dir/MiniOzoneClusterImpl-13174f42-ef49-4866-b213-01bb0baa1417/datanode-5/data/ratis/9f655129-7794-4792-b2bc-e5d08e2e2baa: Rolling segment log-0_0 to index:0
2019-08-16 03:47:17,135 INFO  impl.RaftServerImpl (ServerState.java:setRaftConf(361)) - 8b6b56fe-c252-4348-b8ca-c877b60f9ee4:group-E5D08E2E2BAA set configuration 1: [8b6b56fe-c252-4348-b8ca-c877b60f9ee4:192.168.5.170:35306, 49a1814f-e138-4ff1-ad4e-f524b08086c9:192.168.5.170:40431, 74f4742b-e403-4620-b2db-8f37b530ba0a:192.168.5.170:33824], old=null at 1
2019-08-16 03:47:17,138 INFO  segmented.SegmentedRaftLogWorker (SegmentedRaftLogWorker.java:execute(526)) - 8b6b56fe-c252-4348-b8ca-c877b60f9ee4-SegmentedRaftLogWorker:Storage Directory /workdir/hadoop-ozone/integration-test/target/test-dir/MiniOzoneClusterImpl-13174f42-ef49-4866-b213-01bb0baa1417/datanode-5/data/ratis/9f655129-7794-4792-b2bc-e5d08e2e2baa: Rolled log segment from /workdir/hadoop-ozone/integration-test/target/test-dir/MiniOzoneClusterImpl-13174f42-ef49-4866-b213-01bb0baa1417/datanode-5/data/ratis/9f655129-7794-4792-b2bc-e5d08e2e2baa/current/log_inprogress_0 to /workdir/hadoop-ozone/integration-test/target/test-dir/MiniOzoneClusterImpl-13174f42-ef49-4866-b213-01bb0baa1417/datanode-5/data/ratis/9f655129-7794-4792-b2bc-e5d08e2e2baa/current/log_0-0
2019-08-16 03:47:17,138 WARN  server.GrpcLogAppender (LogUtils.java:warn(134)) - 8b6b56fe-c252-4348-b8ca-c877b60f9ee4->49a1814f-e138-4ff1-ad4e-f524b08086c9: Failed appendEntries: org.apache.ratis.thirdparty.io.grpc.StatusRuntimeException: UNAVAILABLE: io exception
2019-08-16 03:47:17,179 INFO  impl.FollowerInfo (FollowerInfo.java:lambda$new$0(50)) - 8b6b56fe-c252-4348-b8ca-c877b60f9ee4->49a1814f-e138-4ff1-ad4e-f524b08086c9: nextIndex: updateUnconditionally 1 -> 0
2019-08-16 03:47:17,180 INFO  impl.RaftServerImpl (ServerState.java:setLeader(263)) - 74f4742b-e403-4620-b2db-8f37b530ba0a:group-E5D08E2E2BAA change Leader from null to 8b6b56fe-c252-4348-b8ca-c877b60f9ee4 at term 2 for appendEntries, leader elected after 87ms
2019-08-16 03:47:17,184 INFO  impl.RaftServerImpl (ServerState.java:setRaftConf(361)) - 74f4742b-e403-4620-b2db-8f37b530ba0a:group-E5D08E2E2BAA set configuration 1: [8b6b56fe-c252-4348-b8ca-c877b60f9ee4:192.168.5.170:35306, 49a1814f-e138-4ff1-ad4e-f524b08086c9:192.168.5.170:40431, 74f4742b-e403-4620-b2db-8f37b530ba0a:192.168.5.170:33824], old=null at 1
2019-08-16 03:47:17,185 INFO  segmented.SegmentedRaftLogWorker (SegmentedRaftLogWorker.java:rollLogSegment(385)) - 74f4742b-e403-4620-b2db-8f37b530ba0a-SegmentedRaftLogWorker:Storage Directory /workdir/hadoop-ozone/integration-test/target/test-dir/MiniOzoneClusterImpl-13174f42-ef49-4866-b213-01bb0baa1417/datanode-3/data/ratis/9f655129-7794-4792-b2bc-e5d08e2e2baa: Rolling segment log-0_0 to index:0
2019-08-16 03:47:17,185 INFO  segmented.SegmentedRaftLogWorker (SegmentedRaftLogWorker.java:execute(526)) - 74f4742b-e403-4620-b2db-8f37b530ba0a-SegmentedRaftLogWorker:Storage Directory /workdir/hadoop-ozone/integration-test/target/test-dir/MiniOzoneClusterImpl-13174f42-ef49-4866-b213-01bb0baa1417/datanode-3/data/ratis/9f655129-7794-4792-b2bc-e5d08e2e2baa: Rolled log segment from /workdir/hadoop-ozone/integration-test/target/test-dir/MiniOzoneClusterImpl-13174f42-ef49-4866-b213-01bb0baa1417/datanode-3/data/ratis/9f655129-7794-4792-b2bc-e5d08e2e2baa/current/log_inprogress_0 to /workdir/hadoop-ozone/integration-test/target/test-dir/MiniOzoneClusterImpl-13174f42-ef49-4866-b213-01bb0baa1417/datanode-3/data/ratis/9f655129-7794-4792-b2bc-e5d08e2e2baa/current/log_0-0
2019-08-16 03:47:17,196 INFO  segmented.SegmentedRaftLogWorker (SegmentedRaftLogWorker.java:execute(569)) - 8b6b56fe-c252-4348-b8ca-c877b60f9ee4-SegmentedRaftLogWorker:Storage Directory /workdir/hadoop-ozone/integration-test/target/test-dir/MiniOzoneClusterImpl-13174f42-ef49-4866-b213-01bb0baa1417/datanode-5/data/ratis/9f655129-7794-4792-b2bc-e5d08e2e2baa: created new log segment /workdir/hadoop-ozone/integration-test/target/test-dir/MiniOzoneClusterImpl-13174f42-ef49-4866-b213-01bb0baa1417/datanode-5/data/ratis/9f655129-7794-4792-b2bc-e5d08e2e2baa/current/log_inprogress_1
2019-08-16 03:47:17,206 INFO  segmented.SegmentedRaftLogWorker (SegmentedRaftLogWorker.java:execute(569)) - 74f4742b-e403-4620-b2db-8f37b530ba0a-SegmentedRaftLogWorker:Storage Directory /workdir/hadoop-ozone/integration-test/target/test-dir/MiniOzoneClusterImpl-13174f42-ef49-4866-b213-01bb0baa1417/datanode-3/data/ratis/9f655129-7794-4792-b2bc-e5d08e2e2baa: created new log segment /workdir/hadoop-ozone/integration-test/target/test-dir/MiniOzoneClusterImpl-13174f42-ef49-4866-b213-01bb0baa1417/datanode-3/data/ratis/9f655129-7794-4792-b2bc-e5d08e2e2baa/current/log_inprogress_1
2019-08-16 03:47:17,215 WARN  server.GrpcLogAppender (LogUtils.java:warn(134)) - 8b6b56fe-c252-4348-b8ca-c877b60f9ee4->49a1814f-e138-4ff1-ad4e-f524b08086c9: Failed appendEntries: org.apache.ratis.thirdparty.io.grpc.StatusRuntimeException: UNAVAILABLE: io exception
2019-08-16 03:47:17,218 INFO  impl.FollowerInfo (FollowerInfo.java:lambda$new$0(50)) - 8b6b56fe-c252-4348-b8ca-c877b60f9ee4->49a1814f-e138-4ff1-ad4e-f524b08086c9: nextIndex: updateUnconditionally 1 -> 0
2019-08-16 03:47:17,221 WARN  server.GrpcLogAppender (LogUtils.java:warn(134)) - 8b6b56fe-c252-4348-b8ca-c877b60f9ee4->49a1814f-e138-4ff1-ad4e-f524b08086c9: Failed appendEntries: org.apache.ratis.thirdparty.io.grpc.StatusRuntimeException: UNAVAILABLE: io exception
2019-08-16 03:47:17,223 INFO  impl.FollowerInfo (FollowerInfo.java:lambda$new$0(50)) - 8b6b56fe-c252-4348-b8ca-c877b60f9ee4->49a1814f-e138-4ff1-ad4e-f524b08086c9: nextIndex: updateUnconditionally 1 -> 0
2019-08-16 03:47:17,525 INFO  ozoneimpl.OzoneContainer (OzoneContainer.java:stop(199)) - Attempting to stop container services.
2019-08-16 03:47:17,526 INFO  impl.RaftServerProxy (RaftServerProxy.java:lambda$close$4(314)) - 74f4742b-e403-4620-b2db-8f37b530ba0a: close
2019-08-16 03:47:17,527 INFO  impl.RaftServerImpl (RaftServerImpl.java:lambda$shutdown$3(245)) - 74f4742b-e403-4620-b2db-8f37b530ba0a: shutdown group-E5D08E2E2BAA
2019-08-16 03:47:17,527 INFO  util.JmxRegister (JmxRegister.java:unregister(73)) - Successfully un-registered JMX Bean with object name Ratis:service=RaftServer,group=group-E5D08E2E2BAA,id=74f4742b-e403-4620-b2db-8f37b530ba0a
2019-08-16 03:47:17,528 INFO  impl.RoleInfo (RoleInfo.java:shutdownFollowerState(121)) - 74f4742b-e403-4620-b2db-8f37b530ba0a: shutdown FollowerState
2019-08-16 03:47:17,528 INFO  impl.StateMachineUpdater (StateMachineUpdater.java:stopAndJoin(115)) - StateMachineUpdater:74f4742b-e403-4620-b2db-8f37b530ba0a:group-E5D08E2E2BAA: set stopIndex = 1
2019-08-16 03:47:17,528 INFO  impl.FollowerState (FollowerState.java:run(114)) - 74f4742b-e403-4620-b2db-8f37b530ba0a: FollowerState was interrupted: java.lang.InterruptedException: sleep interrupted
2019-08-16 03:47:17,529 INFO  impl.RaftServerImpl (ServerState.java:close(394)) - 74f4742b-e403-4620-b2db-8f37b530ba0a:group-E5D08E2E2BAA closes. The last applied log index is 1
2019-08-16 03:47:17,532 INFO  segmented.SegmentedRaftLogWorker (SegmentedRaftLogWorker.java:run(313)) - 74f4742b-e403-4620-b2db-8f37b530ba0a-SegmentedRaftLogWorker:Storage Directory /workdir/hadoop-ozone/integration-test/target/test-dir/MiniOzoneClusterImpl-13174f42-ef49-4866-b213-01bb0baa1417/datanode-3/data/ratis/9f655129-7794-4792-b2bc-e5d08e2e2baa was interrupted, exiting. There are 0 tasks remaining in the queue.
2019-08-16 03:47:17,534 INFO  segmented.SegmentedRaftLogWorker (SegmentedRaftLogWorker.java:close(228)) - 74f4742b-e403-4620-b2db-8f37b530ba0a-SegmentedRaftLogWorker:Storage Directory /workdir/hadoop-ozone/integration-test/target/test-dir/MiniOzoneClusterImpl-13174f42-ef49-4866-b213-01bb0baa1417/datanode-3/data/ratis/9f655129-7794-4792-b2bc-e5d08e2e2baa close()
2019-08-16 03:47:17,537 INFO  impl.RaftServerImpl (RaftServerImpl.java:lambda$shutdown$3(245)) - 74f4742b-e403-4620-b2db-8f37b530ba0a: shutdown group-DF363A6A1D04
2019-08-16 03:47:17,537 INFO  ozoneimpl.OzoneContainer (OzoneContainer.java:stop(199)) - Attempting to stop container services.
2019-08-16 03:47:17,537 INFO  util.JmxRegister (JmxRegister.java:unregister(73)) - Successfully un-registered JMX Bean with object name Ratis:service=RaftServer,group=group-DF363A6A1D04,id=74f4742b-e403-4620-b2db-8f37b530ba0a
2019-08-16 03:47:17,538 INFO  impl.RaftServerProxy (RaftServerProxy.java:lambda$close$4(314)) - 2939930d-acd4-48d4-89eb-79cd5de2ca56: close
2019-08-16 03:47:17,538 INFO  impl.RoleInfo (RoleInfo.java:shutdownLeaderState(104)) - 74f4742b-e403-4620-b2db-8f37b530ba0a: shutdown LeaderState
2019-08-16 03:47:17,538 INFO  impl.RaftServerImpl (RaftServerImpl.java:lambda$shutdown$3(245)) - 2939930d-acd4-48d4-89eb-79cd5de2ca56: shutdown group-4CCC53248F02
2019-08-16 03:47:17,539 INFO  impl.PendingRequests (PendingRequests.java:sendNotLeaderResponses(202)) - 74f4742b-e403-4620-b2db-8f37b530ba0a-PendingRequests: sendNotLeaderResponses
2019-08-16 03:47:17,539 INFO  util.JmxRegister (JmxRegister.java:unregister(73)) - Successfully un-registered JMX Bean with object name Ratis:service=RaftServer,group=group-4CCC53248F02,id=2939930d-acd4-48d4-89eb-79cd5de2ca56
2019-08-16 03:47:17,540 INFO  impl.StateMachineUpdater (StateMachineUpdater.java:stopAndJoin(115)) - StateMachineUpdater:74f4742b-e403-4620-b2db-8f37b530ba0a:group-DF363A6A1D04: set stopIndex = 0
2019-08-16 03:47:17,540 INFO  impl.RoleInfo (RoleInfo.java:shutdownLeaderState(104)) - 2939930d-acd4-48d4-89eb-79cd5de2ca56: shutdown LeaderState
2019-08-16 03:47:17,540 INFO  impl.RaftServerImpl (ServerState.java:close(394)) - 74f4742b-e403-4620-b2db-8f37b530ba0a:group-DF363A6A1D04 closes. The last applied log index is 0
2019-08-16 03:47:17,541 INFO  impl.PendingRequests (PendingRequests.java:sendNotLeaderResponses(202)) - 2939930d-acd4-48d4-89eb-79cd5de2ca56-PendingRequests: sendNotLeaderResponses
2019-08-16 03:47:17,541 INFO  segmented.SegmentedRaftLogWorker (SegmentedRaftLogWorker.java:run(313)) - 74f4742b-e403-4620-b2db-8f37b530ba0a-SegmentedRaftLogWorker:Storage Directory /workdir/hadoop-ozone/integration-test/target/test-dir/MiniOzoneClusterImpl-13174f42-ef49-4866-b213-01bb0baa1417/datanode-3/data/ratis/2f60c9dd-3f1a-41d7-9053-df363a6a1d04 was interrupted, exiting. There are 0 tasks remaining in the queue.
2019-08-16 03:47:17,541 INFO  impl.StateMachineUpdater (StateMachineUpdater.java:stopAndJoin(115)) - StateMachineUpdater:2939930d-acd4-48d4-89eb-79cd5de2ca56:group-4CCC53248F02: set stopIndex = 0
2019-08-16 03:47:17,544 INFO  segmented.SegmentedRaftLogWorker (SegmentedRaftLogWorker.java:close(228)) - 74f4742b-e403-4620-b2db-8f37b530ba0a-SegmentedRaftLogWorker:Storage Directory /workdir/hadoop-ozone/integration-test/target/test-dir/MiniOzoneClusterImpl-13174f42-ef49-4866-b213-01bb0baa1417/datanode-3/data/ratis/2f60c9dd-3f1a-41d7-9053-df363a6a1d04 close()
2019-08-16 03:47:17,544 INFO  impl.RaftServerImpl (ServerState.java:close(394)) - 2939930d-acd4-48d4-89eb-79cd5de2ca56:group-4CCC53248F02 closes. The last applied log index is 0
2019-08-16 03:47:17,547 INFO  server.GrpcService (GrpcService.java:closeImpl(155)) - 74f4742b-e403-4620-b2db-8f37b530ba0a: shutdown server with port 33824 now
2019-08-16 03:47:17,547 INFO  segmented.SegmentedRaftLogWorker (SegmentedRaftLogWorker.java:run(313)) - 2939930d-acd4-48d4-89eb-79cd5de2ca56-SegmentedRaftLogWorker:Storage Directory /workdir/hadoop-ozone/integration-test/target/test-dir/MiniOzoneClusterImpl-13174f42-ef49-4866-b213-01bb0baa1417/datanode-2/data/ratis/255da9e1-18e1-4e6c-9ee3-4ccc53248f02 was interrupted, exiting. There are 0 tasks remaining in the queue.
2019-08-16 03:47:17,550 INFO  segmented.SegmentedRaftLogWorker (SegmentedRaftLogWorker.java:close(228)) - 2939930d-acd4-48d4-89eb-79cd5de2ca56-SegmentedRaftLogWorker:Storage Directory /workdir/hadoop-ozone/integration-test/target/test-dir/MiniOzoneClusterImpl-13174f42-ef49-4866-b213-01bb0baa1417/datanode-2/data/ratis/255da9e1-18e1-4e6c-9ee3-4ccc53248f02 close()
2019-08-16 03:47:17,552 WARN  server.GrpcServerProtocolService (LogUtils.java:warn(134)) - 74f4742b-e403-4620-b2db-8f37b530ba0a: appendEntries onError: org.apache.ratis.thirdparty.io.grpc.StatusRuntimeException: CANCELLED: cancelled before receiving half close
2019-08-16 03:47:17,552 INFO  impl.RaftServerImpl (RaftServerImpl.java:lambda$shutdown$3(245)) - 2939930d-acd4-48d4-89eb-79cd5de2ca56: shutdown group-CD3F66E4333D
2019-08-16 03:47:17,554 INFO  server.GrpcService (GrpcService.java:closeImpl(163)) - 74f4742b-e403-4620-b2db-8f37b530ba0a: shutdown server with port 33824 successfully
2019-08-16 03:47:17,555 WARN  server.GrpcLogAppender (LogUtils.java:warn(134)) - 8b6b56fe-c252-4348-b8ca-c877b60f9ee4->74f4742b-e403-4620-b2db-8f37b530ba0a: Failed appendEntries: org.apache.ratis.thirdparty.io.grpc.StatusRuntimeException: CANCELLED: HTTP/2 error code: CANCEL
Received Rst Stream
2019-08-16 03:47:17,555 INFO  util.JmxRegister (JmxRegister.java:unregister(73)) - Successfully un-registered JMX Bean with object name Ratis:service=RaftServer,group=group-CD3F66E4333D,id=2939930d-acd4-48d4-89eb-79cd5de2ca56
2019-08-16 03:47:17,558 INFO  impl.FollowerInfo (FollowerInfo.java:lambda$new$0(50)) - 8b6b56fe-c252-4348-b8ca-c877b60f9ee4->74f4742b-e403-4620-b2db-8f37b530ba0a: nextIndex: updateUnconditionally 3 -> 2
2019-08-16 03:47:17,558 INFO  impl.RoleInfo (RoleInfo.java:shutdownFollowerState(121)) - 2939930d-acd4-48d4-89eb-79cd5de2ca56: shutdown FollowerState
2019-08-16 03:47:17,559 INFO  impl.StateMachineUpdater (StateMachineUpdater.java:stopAndJoin(115)) - StateMachineUpdater:2939930d-acd4-48d4-89eb-79cd5de2ca56:group-CD3F66E4333D: set stopIndex = 8
2019-08-16 03:47:17,559 INFO  ratis.ContainerStateMachine (ContainerStateMachine.java:takeSnapshot(262)) - group-CD3F66E4333D: Taking a snapshot at:(t:3, i:5) file /workdir/hadoop-ozone/integration-test/target/test-dir/MiniOzoneClusterImpl-13174f42-ef49-4866-b213-01bb0baa1417/datanode-2/data/ratis/8bd0f8ac-c0be-4f2e-a561-cd3f66e4333d/sm/snapshot.3_5
2019-08-16 03:47:17,559 INFO  impl.FollowerState (FollowerState.java:run(114)) - 2939930d-acd4-48d4-89eb-79cd5de2ca56: FollowerState was interrupted: java.lang.InterruptedException: sleep interrupted
2019-08-16 03:47:17,563 INFO  utils.BackgroundService (BackgroundService.java:shutdown(148)) - Shutting down service BlockDeletingService
2019-08-16 03:47:17,573 WARN  fs.CachingGetSpaceUsed (CachingGetSpaceUsed.java:run(183)) - Thread Interrupted waiting to refresh disk information: sleep interrupted
2019-08-16 03:47:17,574 INFO  ratis.ContainerStateMachine (ContainerStateMachine.java:takeSnapshot(273)) - group-CD3F66E4333D: Finished taking a snapshot at:(t:3, i:5) file:/workdir/hadoop-ozone/integration-test/target/test-dir/MiniOzoneClusterImpl-13174f42-ef49-4866-b213-01bb0baa1417/datanode-2/data/ratis/8bd0f8ac-c0be-4f2e-a561-cd3f66e4333d/sm/snapshot.3_5 time:16
2019-08-16 03:47:17,574 INFO  impl.StateMachineUpdater (StateMachineUpdater.java:takeSnapshot(242)) - StateMachineUpdater:2939930d-acd4-48d4-89eb-79cd5de2ca56:group-CD3F66E4333D: Took a snapshot at index 5
2019-08-16 03:47:17,574 INFO  impl.StateMachineUpdater (StateMachineUpdater.java:lambda$new$0(80)) - StateMachineUpdater:2939930d-acd4-48d4-89eb-79cd5de2ca56:group-CD3F66E4333D: snapshotIndex: updateIncreasingly -1 -> 5
2019-08-16 03:47:17,575 INFO  impl.RaftServerImpl (ServerState.java:close(394)) - 2939930d-acd4-48d4-89eb-79cd5de2ca56:group-CD3F66E4333D closes. The last applied log index is 8
2019-08-16 03:47:17,575 INFO  segmented.SegmentedRaftLogWorker (SegmentedRaftLogWorker.java:run(313)) - 2939930d-acd4-48d4-89eb-79cd5de2ca56-SegmentedRaftLogWorker:Storage Directory /workdir/hadoop-ozone/integration-test/target/test-dir/MiniOzoneClusterImpl-13174f42-ef49-4866-b213-01bb0baa1417/datanode-2/data/ratis/8bd0f8ac-c0be-4f2e-a561-cd3f66e4333d was interrupted, exiting. There are 0 tasks remaining in the queue.
2019-08-16 03:47:17,577 INFO  segmented.SegmentedRaftLogWorker (SegmentedRaftLogWorker.java:close(228)) - 2939930d-acd4-48d4-89eb-79cd5de2ca56-SegmentedRaftLogWorker:Storage Directory /workdir/hadoop-ozone/integration-test/target/test-dir/MiniOzoneClusterImpl-13174f42-ef49-4866-b213-01bb0baa1417/datanode-2/data/ratis/8bd0f8ac-c0be-4f2e-a561-cd3f66e4333d close()
2019-08-16 03:47:17,579 INFO  server.GrpcService (GrpcService.java:closeImpl(155)) - 2939930d-acd4-48d4-89eb-79cd5de2ca56: shutdown server with port 45096 now
2019-08-16 03:47:17,580 INFO  server.GrpcService (GrpcService.java:closeImpl(163)) - 2939930d-acd4-48d4-89eb-79cd5de2ca56: shutdown server with port 45096 successfully
2019-08-16 03:47:17,584 INFO  utils.BackgroundService (BackgroundService.java:shutdown(148)) - Shutting down service BlockDeletingService
2019-08-16 03:47:17,586 WARN  fs.CachingGetSpaceUsed (CachingGetSpaceUsed.java:run(183)) - Thread Interrupted waiting to refresh disk information: sleep interrupted
2019-08-16 03:47:17,604 INFO  statemachine.DatanodeStateMachine (DatanodeStateMachine.java:stopDaemon(395)) - Ozone container server stopped.
2019-08-16 03:47:17,606 INFO  handler.ContextHandler (ContextHandler.java:doStop(910)) - Stopped o.e.j.w.WebAppContext@1c0e4262{/,null,UNAVAILABLE}{/hddsDatanode}
2019-08-16 03:47:17,607 INFO  server.AbstractConnector (AbstractConnector.java:doStop(318)) - Stopped ServerConnector@27dfd12b{HTTP/1.1,[http/1.1]}{0.0.0.0:0}
2019-08-16 03:47:17,611 INFO  handler.ContextHandler (ContextHandler.java:doStop(910)) - Stopped o.e.j.s.ServletContextHandler@7d8f2eec{/static,jar:file:/home/user/.m2/repository/org/apache/hadoop/hadoop-hdds-container-service/0.4.1-SNAPSHOT/hadoop-hdds-container-service-0.4.1-SNAPSHOT.jar!/webapps/static,UNAVAILABLE}
2019-08-16 03:47:17,613 INFO  statemachine.DatanodeStateMachine (DatanodeStateMachine.java:stopDaemon(395)) - Ozone container server stopped.
2019-08-16 03:47:17,613 INFO  handler.ContextHandler (ContextHandler.java:doStop(910)) - Stopped o.e.j.s.ServletContextHandler@11c3d22f{/logs,file:///workdir/hadoop-ozone/integration-test/target/log,UNAVAILABLE}
2019-08-16 03:47:17,619 INFO  handler.ContextHandler (ContextHandler.java:doStop(910)) - Stopped o.e.j.w.WebAppContext@485c84d7{/,null,UNAVAILABLE}{/hddsDatanode}
2019-08-16 03:47:17,620 INFO  datanode.ObjectStoreHandler (ObjectStoreHandler.java:close(155)) - Closing ObjectStoreHandler.
2019-08-16 03:47:17,620 INFO  server.AbstractConnector (AbstractConnector.java:doStop(318)) - Stopped ServerConnector@1224e1b6{HTTP/1.1,[http/1.1]}{0.0.0.0:0}
2019-08-16 03:47:17,622 INFO  handler.ContextHandler (ContextHandler.java:doStop(910)) - Stopped o.e.j.s.ServletContextHandler@ff5d4f1{/static,jar:file:/home/user/.m2/repository/org/apache/hadoop/hadoop-hdds-container-service/0.4.1-SNAPSHOT/hadoop-hdds-container-service-0.4.1-SNAPSHOT.jar!/webapps/static,UNAVAILABLE}
2019-08-16 03:47:17,622 INFO  ozone.HddsDatanodeService (HddsDatanodeService.java:stop(451)) - Stopped plug-in org.apache.hadoop.ozone.web.OzoneHddsDatanodeService@60b553f
2019-08-16 03:47:17,624 INFO  handler.ContextHandler (ContextHandler.java:doStop(910)) - Stopped o.e.j.s.ServletContextHandler@2673487b{/logs,file:///workdir/hadoop-ozone/integration-test/target/log,UNAVAILABLE}
2019-08-16 03:47:17,625 INFO  datanode.ObjectStoreHandler (ObjectStoreHandler.java:close(155)) - Closing ObjectStoreHandler.
2019-08-16 03:47:17,626 INFO  ozone.HddsDatanodeService (HddsDatanodeService.java:stop(451)) - Stopped plug-in org.apache.hadoop.ozone.web.OzoneHddsDatanodeService@4bdb04c8
2019-08-16 03:47:18,295 INFO  statemachine.DatanodeStateMachine (DatanodeStateMachine.java:lambda$startDaemon$0(350)) - Ozone container server started.
2019-08-16 03:47:18,382 INFO  statemachine.DatanodeStateMachine (DatanodeStateMachine.java:lambda$startDaemon$0(350)) - Ozone container server started.
2019-08-16 03:47:19,723 WARN  server.GrpcLogAppender (LogUtils.java:warn(134)) - 8b6b56fe-c252-4348-b8ca-c877b60f9ee4->74f4742b-e403-4620-b2db-8f37b530ba0a: Failed appendEntries: org.apache.ratis.thirdparty.io.grpc.StatusRuntimeException: UNAVAILABLE: io exception
2019-08-16 03:47:19,723 WARN  server.GrpcLogAppender (LogUtils.java:warn(134)) - 8b6b56fe-c252-4348-b8ca-c877b60f9ee4->49a1814f-e138-4ff1-ad4e-f524b08086c9: Failed appendEntries: org.apache.ratis.thirdparty.io.grpc.StatusRuntimeException: UNAVAILABLE: io exception
2019-08-16 03:47:19,726 INFO  impl.FollowerInfo (FollowerInfo.java:lambda$new$0(50)) - 8b6b56fe-c252-4348-b8ca-c877b60f9ee4->74f4742b-e403-4620-b2db-8f37b530ba0a: nextIndex: updateUnconditionally 2 -> 1
2019-08-16 03:47:19,728 INFO  impl.FollowerInfo (FollowerInfo.java:lambda$new$0(50)) - 8b6b56fe-c252-4348-b8ca-c877b60f9ee4->49a1814f-e138-4ff1-ad4e-f524b08086c9: nextIndex: updateUnconditionally 0 -> 0
2019-08-16 03:47:21,370 INFO  impl.FollowerState (FollowerState.java:run(106)) - 5a77de80-121b-47ee-b0e5-9998059859c0:group-CD3F66E4333D changes to CANDIDATE, lastRpcTime:9032, electionTimeout:5177ms
2019-08-16 03:47:21,370 INFO  impl.RoleInfo (RoleInfo.java:shutdownFollowerState(121)) - 5a77de80-121b-47ee-b0e5-9998059859c0: shutdown FollowerState
2019-08-16 03:47:21,370 INFO  impl.RaftServerImpl (RaftServerImpl.java:setRole(171)) - 5a77de80-121b-47ee-b0e5-9998059859c0:group-CD3F66E4333D changes role from FOLLOWER to CANDIDATE at term 3 for changeToCandidate
2019-08-16 03:47:21,371 INFO  impl.RoleInfo (RoleInfo.java:updateAndGet(143)) - 5a77de80-121b-47ee-b0e5-9998059859c0: start LeaderElection
2019-08-16 03:47:21,374 INFO  impl.RaftServerImpl (ServerState.java:setLeader(263)) - 5a77de80-121b-47ee-b0e5-9998059859c0:group-CD3F66E4333D change Leader from af0afe69-9a87-4d2a-8c9c-ba5c5ced1496 to null at term 3 for initElection
2019-08-16 03:47:21,389 INFO  impl.LeaderElection (LeaderElection.java:askForVotes(181)) - 5a77de80-121b-47ee-b0e5-9998059859c0:group-CD3F66E4333D:LeaderElection25: begin an election at term 4 for 0: [2939930d-acd4-48d4-89eb-79cd5de2ca56:192.168.5.170:45096, 5a77de80-121b-47ee-b0e5-9998059859c0:192.168.5.170:34725, af0afe69-9a87-4d2a-8c9c-ba5c5ced1496:192.168.5.170:45266], old=null
2019-08-16 03:47:21,396 INFO  impl.LeaderElection (LogUtils.java:infoOrTrace(149)) - 5a77de80-121b-47ee-b0e5-9998059859c0:group-CD3F66E4333D:LeaderElection25 got exception when requesting votes: {}
java.util.concurrent.ExecutionException: org.apache.ratis.thirdparty.io.grpc.StatusRuntimeException: UNAVAILABLE: io exception
	at java.util.concurrent.FutureTask.report(FutureTask.java:122)
	at java.util.concurrent.FutureTask.get(FutureTask.java:192)
	at org.apache.ratis.server.impl.LeaderElection.waitForResults(LeaderElection.java:262)
	at org.apache.ratis.server.impl.LeaderElection.askForVotes(LeaderElection.java:200)
	at org.apache.ratis.server.impl.LeaderElection.run(LeaderElection.java:130)
	at java.lang.Thread.run(Thread.java:748)
Caused by: org.apache.ratis.thirdparty.io.grpc.StatusRuntimeException: UNAVAILABLE: io exception
	at org.apache.ratis.thirdparty.io.grpc.stub.ClientCalls.toStatusRuntimeException(ClientCalls.java:233)
	at org.apache.ratis.thirdparty.io.grpc.stub.ClientCalls.getUnchecked(ClientCalls.java:214)
	at org.apache.ratis.thirdparty.io.grpc.stub.ClientCalls.blockingUnaryCall(ClientCalls.java:139)
	at org.apache.ratis.proto.grpc.RaftServerProtocolServiceGrpc$RaftServerProtocolServiceBlockingStub.requestVote(RaftServerProtocolServiceGrpc.java:265)
	at org.apache.ratis.grpc.server.GrpcServerProtocolClient.requestVote(GrpcServerProtocolClient.java:83)
	at org.apache.ratis.grpc.server.GrpcService.requestVote(GrpcService.java:195)
	at org.apache.ratis.server.impl.LeaderElection.lambda$submitRequests$1(LeaderElection.java:237)
	at java.util.concurrent.FutureTask.run(FutureTask.java:266)
	at java.util.concurrent.Executors$RunnableAdapter.call(Executors.java:511)
	at java.util.concurrent.FutureTask.run(FutureTask.java:266)
	at java.util.concurrent.ThreadPoolExecutor.runWorker(ThreadPoolExecutor.java:1149)
	at java.util.concurrent.ThreadPoolExecutor$Worker.run(ThreadPoolExecutor.java:624)
	... 1 more
Caused by: org.apache.ratis.thirdparty.io.netty.channel.AbstractChannel$AnnotatedConnectException: Connection refused: /192.168.5.170:45266
	at sun.nio.ch.SocketChannelImpl.checkConnect(Native Method)
	at sun.nio.ch.SocketChannelImpl.finishConnect(SocketChannelImpl.java:717)
	at org.apache.ratis.thirdparty.io.netty.channel.socket.nio.NioSocketChannel.doFinishConnect(NioSocketChannel.java:327)
	at org.apache.ratis.thirdparty.io.netty.channel.nio.AbstractNioChannel$AbstractNioUnsafe.finishConnect(AbstractNioChannel.java:340)
	at org.apache.ratis.thirdparty.io.netty.channel.nio.NioEventLoop.processSelectedKey(NioEventLoop.java:632)
	at org.apache.ratis.thirdparty.io.netty.channel.nio.NioEventLoop.processSelectedKeysOptimized(NioEventLoop.java:579)
	at org.apache.ratis.thirdparty.io.netty.channel.nio.NioEventLoop.processSelectedKeys(NioEventLoop.java:496)
	at org.apache.ratis.thirdparty.io.netty.channel.nio.NioEventLoop.run(NioEventLoop.java:458)
	at org.apache.ratis.thirdparty.io.netty.util.concurrent.SingleThreadEventExecutor$5.run(SingleThreadEventExecutor.java:897)
	at org.apache.ratis.thirdparty.io.netty.util.concurrent.FastThreadLocalRunnable.run(FastThreadLocalRunnable.java:30)
	... 1 more
Caused by: java.net.ConnectException: Connection refused
	... 11 more
2019-08-16 03:47:21,398 INFO  impl.LeaderElection (LogUtils.java:infoOrTrace(149)) - 5a77de80-121b-47ee-b0e5-9998059859c0:group-CD3F66E4333D:LeaderElection25 got exception when requesting votes: {}
java.util.concurrent.ExecutionException: org.apache.ratis.thirdparty.io.grpc.StatusRuntimeException: UNAVAILABLE: io exception
	at java.util.concurrent.FutureTask.report(FutureTask.java:122)
	at java.util.concurrent.FutureTask.get(FutureTask.java:192)
	at org.apache.ratis.server.impl.LeaderElection.waitForResults(LeaderElection.java:262)
	at org.apache.ratis.server.impl.LeaderElection.askForVotes(LeaderElection.java:200)
	at org.apache.ratis.server.impl.LeaderElection.run(LeaderElection.java:130)
	at java.lang.Thread.run(Thread.java:748)
Caused by: org.apache.ratis.thirdparty.io.grpc.StatusRuntimeException: UNAVAILABLE: io exception
	at org.apache.ratis.thirdparty.io.grpc.stub.ClientCalls.toStatusRuntimeException(ClientCalls.java:233)
	at org.apache.ratis.thirdparty.io.grpc.stub.ClientCalls.getUnchecked(ClientCalls.java:214)
	at org.apache.ratis.thirdparty.io.grpc.stub.ClientCalls.blockingUnaryCall(ClientCalls.java:139)
	at org.apache.ratis.proto.grpc.RaftServerProtocolServiceGrpc$RaftServerProtocolServiceBlockingStub.requestVote(RaftServerProtocolServiceGrpc.java:265)
	at org.apache.ratis.grpc.server.GrpcServerProtocolClient.requestVote(GrpcServerProtocolClient.java:83)
	at org.apache.ratis.grpc.server.GrpcService.requestVote(GrpcService.java:195)
	at org.apache.ratis.server.impl.LeaderElection.lambda$submitRequests$1(LeaderElection.java:237)
	at java.util.concurrent.FutureTask.run(FutureTask.java:266)
	at java.util.concurrent.Executors$RunnableAdapter.call(Executors.java:511)
	at java.util.concurrent.FutureTask.run(FutureTask.java:266)
	at java.util.concurrent.ThreadPoolExecutor.runWorker(ThreadPoolExecutor.java:1149)
	at java.util.concurrent.ThreadPoolExecutor$Worker.run(ThreadPoolExecutor.java:624)
	... 1 more
Caused by: org.apache.ratis.thirdparty.io.netty.channel.AbstractChannel$AnnotatedConnectException: Connection refused: /192.168.5.170:45096
	at sun.nio.ch.SocketChannelImpl.checkConnect(Native Method)
	at sun.nio.ch.SocketChannelImpl.finishConnect(SocketChannelImpl.java:717)
	at org.apache.ratis.thirdparty.io.netty.channel.socket.nio.NioSocketChannel.doFinishConnect(NioSocketChannel.java:327)
	at org.apache.ratis.thirdparty.io.netty.channel.nio.AbstractNioChannel$AbstractNioUnsafe.finishConnect(AbstractNioChannel.java:340)
	at org.apache.ratis.thirdparty.io.netty.channel.nio.NioEventLoop.processSelectedKey(NioEventLoop.java:632)
	at org.apache.ratis.thirdparty.io.netty.channel.nio.NioEventLoop.processSelectedKeysOptimized(NioEventLoop.java:579)
	at org.apache.ratis.thirdparty.io.netty.channel.nio.NioEventLoop.processSelectedKeys(NioEventLoop.java:496)
	at org.apache.ratis.thirdparty.io.netty.channel.nio.NioEventLoop.run(NioEventLoop.java:458)
	at org.apache.ratis.thirdparty.io.netty.util.concurrent.SingleThreadEventExecutor$5.run(SingleThreadEventExecutor.java:897)
	at org.apache.ratis.thirdparty.io.netty.util.concurrent.FastThreadLocalRunnable.run(FastThreadLocalRunnable.java:30)
	... 1 more
Caused by: java.net.ConnectException: Connection refused
	... 11 more
2019-08-16 03:47:21,401 INFO  impl.LeaderElection (LeaderElection.java:logAndReturn(56)) - 5a77de80-121b-47ee-b0e5-9998059859c0:group-CD3F66E4333D:LeaderElection25: Election REJECTED; received 0 response(s) [] and 2 exception(s); 5a77de80-121b-47ee-b0e5-9998059859c0:t4, leader=null, voted=5a77de80-121b-47ee-b0e5-9998059859c0, raftlog=5a77de80-121b-47ee-b0e5-9998059859c0-SegmentedRaftLog:OPENED:c8,f8,i8, conf=0: [2939930d-acd4-48d4-89eb-79cd5de2ca56:192.168.5.170:45096, 5a77de80-121b-47ee-b0e5-9998059859c0:192.168.5.170:34725, af0afe69-9a87-4d2a-8c9c-ba5c5ced1496:192.168.5.170:45266], old=null
2019-08-16 03:47:21,401 INFO  impl.LeaderElection (LogUtils.java:infoOrTrace(149)) -   Exception 0: {}
java.util.concurrent.ExecutionException: org.apache.ratis.thirdparty.io.grpc.StatusRuntimeException: UNAVAILABLE: io exception
	at java.util.concurrent.FutureTask.report(FutureTask.java:122)
	at java.util.concurrent.FutureTask.get(FutureTask.java:192)
	at org.apache.ratis.server.impl.LeaderElection.waitForResults(LeaderElection.java:262)
	at org.apache.ratis.server.impl.LeaderElection.askForVotes(LeaderElection.java:200)
	at org.apache.ratis.server.impl.LeaderElection.run(LeaderElection.java:130)
	at java.lang.Thread.run(Thread.java:748)
Caused by: org.apache.ratis.thirdparty.io.grpc.StatusRuntimeException: UNAVAILABLE: io exception
	at org.apache.ratis.thirdparty.io.grpc.stub.ClientCalls.toStatusRuntimeException(ClientCalls.java:233)
	at org.apache.ratis.thirdparty.io.grpc.stub.ClientCalls.getUnchecked(ClientCalls.java:214)
	at org.apache.ratis.thirdparty.io.grpc.stub.ClientCalls.blockingUnaryCall(ClientCalls.java:139)
	at org.apache.ratis.proto.grpc.RaftServerProtocolServiceGrpc$RaftServerProtocolServiceBlockingStub.requestVote(RaftServerProtocolServiceGrpc.java:265)
	at org.apache.ratis.grpc.server.GrpcServerProtocolClient.requestVote(GrpcServerProtocolClient.java:83)
	at org.apache.ratis.grpc.server.GrpcService.requestVote(GrpcService.java:195)
	at org.apache.ratis.server.impl.LeaderElection.lambda$submitRequests$1(LeaderElection.java:237)
	at java.util.concurrent.FutureTask.run(FutureTask.java:266)
	at java.util.concurrent.Executors$RunnableAdapter.call(Executors.java:511)
	at java.util.concurrent.FutureTask.run(FutureTask.java:266)
	at java.util.concurrent.ThreadPoolExecutor.runWorker(ThreadPoolExecutor.java:1149)
	at java.util.concurrent.ThreadPoolExecutor$Worker.run(ThreadPoolExecutor.java:624)
	... 1 more
Caused by: org.apache.ratis.thirdparty.io.netty.channel.AbstractChannel$AnnotatedConnectException: Connection refused: /192.168.5.170:45266
	at sun.nio.ch.SocketChannelImpl.checkConnect(Native Method)
	at sun.nio.ch.SocketChannelImpl.finishConnect(SocketChannelImpl.java:717)
	at org.apache.ratis.thirdparty.io.netty.channel.socket.nio.NioSocketChannel.doFinishConnect(NioSocketChannel.java:327)
	at org.apache.ratis.thirdparty.io.netty.channel.nio.AbstractNioChannel$AbstractNioUnsafe.finishConnect(AbstractNioChannel.java:340)
	at org.apache.ratis.thirdparty.io.netty.channel.nio.NioEventLoop.processSelectedKey(NioEventLoop.java:632)
	at org.apache.ratis.thirdparty.io.netty.channel.nio.NioEventLoop.processSelectedKeysOptimized(NioEventLoop.java:579)
	at org.apache.ratis.thirdparty.io.netty.channel.nio.NioEventLoop.processSelectedKeys(NioEventLoop.java:496)
	at org.apache.ratis.thirdparty.io.netty.channel.nio.NioEventLoop.run(NioEventLoop.java:458)
	at org.apache.ratis.thirdparty.io.netty.util.concurrent.SingleThreadEventExecutor$5.run(SingleThreadEventExecutor.java:897)
	at org.apache.ratis.thirdparty.io.netty.util.concurrent.FastThreadLocalRunnable.run(FastThreadLocalRunnable.java:30)
	... 1 more
Caused by: java.net.ConnectException: Connection refused
	... 11 more
2019-08-16 03:47:21,401 INFO  impl.LeaderElection (LogUtils.java:infoOrTrace(149)) -   Exception 1: {}
java.util.concurrent.ExecutionException: org.apache.ratis.thirdparty.io.grpc.StatusRuntimeException: UNAVAILABLE: io exception
	at java.util.concurrent.FutureTask.report(FutureTask.java:122)
	at java.util.concurrent.FutureTask.get(FutureTask.java:192)
	at org.apache.ratis.server.impl.LeaderElection.waitForResults(LeaderElection.java:262)
	at org.apache.ratis.server.impl.LeaderElection.askForVotes(LeaderElection.java:200)
	at org.apache.ratis.server.impl.LeaderElection.run(LeaderElection.java:130)
	at java.lang.Thread.run(Thread.java:748)
Caused by: org.apache.ratis.thirdparty.io.grpc.StatusRuntimeException: UNAVAILABLE: io exception
	at org.apache.ratis.thirdparty.io.grpc.stub.ClientCalls.toStatusRuntimeException(ClientCalls.java:233)
	at org.apache.ratis.thirdparty.io.grpc.stub.ClientCalls.getUnchecked(ClientCalls.java:214)
	at org.apache.ratis.thirdparty.io.grpc.stub.ClientCalls.blockingUnaryCall(ClientCalls.java:139)
	at org.apache.ratis.proto.grpc.RaftServerProtocolServiceGrpc$RaftServerProtocolServiceBlockingStub.requestVote(RaftServerProtocolServiceGrpc.java:265)
	at org.apache.ratis.grpc.server.GrpcServerProtocolClient.requestVote(GrpcServerProtocolClient.java:83)
	at org.apache.ratis.grpc.server.GrpcService.requestVote(GrpcService.java:195)
	at org.apache.ratis.server.impl.LeaderElection.lambda$submitRequests$1(LeaderElection.java:237)
	at java.util.concurrent.FutureTask.run(FutureTask.java:266)
	at java.util.concurrent.Executors$RunnableAdapter.call(Executors.java:511)
	at java.util.concurrent.FutureTask.run(FutureTask.java:266)
	at java.util.concurrent.ThreadPoolExecutor.runWorker(ThreadPoolExecutor.java:1149)
	at java.util.concurrent.ThreadPoolExecutor$Worker.run(ThreadPoolExecutor.java:624)
	... 1 more
Caused by: org.apache.ratis.thirdparty.io.netty.channel.AbstractChannel$AnnotatedConnectException: Connection refused: /192.168.5.170:45096
	at sun.nio.ch.SocketChannelImpl.checkConnect(Native Method)
	at sun.nio.ch.SocketChannelImpl.finishConnect(SocketChannelImpl.java:717)
	at org.apache.ratis.thirdparty.io.netty.channel.socket.nio.NioSocketChannel.doFinishConnect(NioSocketChannel.java:327)
	at org.apache.ratis.thirdparty.io.netty.channel.nio.AbstractNioChannel$AbstractNioUnsafe.finishConnect(AbstractNioChannel.java:340)
	at org.apache.ratis.thirdparty.io.netty.channel.nio.NioEventLoop.processSelectedKey(NioEventLoop.java:632)
	at org.apache.ratis.thirdparty.io.netty.channel.nio.NioEventLoop.processSelectedKeysOptimized(NioEventLoop.java:579)
	at org.apache.ratis.thirdparty.io.netty.channel.nio.NioEventLoop.processSelectedKeys(NioEventLoop.java:496)
	at org.apache.ratis.thirdparty.io.netty.channel.nio.NioEventLoop.run(NioEventLoop.java:458)
	at org.apache.ratis.thirdparty.io.netty.util.concurrent.SingleThreadEventExecutor$5.run(SingleThreadEventExecutor.java:897)
	at org.apache.ratis.thirdparty.io.netty.util.concurrent.FastThreadLocalRunnable.run(FastThreadLocalRunnable.java:30)
	... 1 more
Caused by: java.net.ConnectException: Connection refused
	... 11 more
2019-08-16 03:47:21,402 INFO  impl.RaftServerImpl (RaftServerImpl.java:setRole(171)) - 5a77de80-121b-47ee-b0e5-9998059859c0:group-CD3F66E4333D changes role from CANDIDATE to FOLLOWER at term 4 for DISCOVERED_A_NEW_TERM
2019-08-16 03:47:21,404 INFO  impl.RoleInfo (RoleInfo.java:shutdownLeaderElection(134)) - 5a77de80-121b-47ee-b0e5-9998059859c0: shutdown LeaderElection
2019-08-16 03:47:21,404 INFO  impl.RoleInfo (RoleInfo.java:updateAndGet(143)) - 5a77de80-121b-47ee-b0e5-9998059859c0: start FollowerState
2019-08-16 03:47:22,223 WARN  server.GrpcLogAppender (LogUtils.java:warn(134)) - 8b6b56fe-c252-4348-b8ca-c877b60f9ee4->74f4742b-e403-4620-b2db-8f37b530ba0a: Failed appendEntries: org.apache.ratis.thirdparty.io.grpc.StatusRuntimeException: UNAVAILABLE: io exception
2019-08-16 03:47:22,224 WARN  server.GrpcLogAppender (LogUtils.java:warn(134)) - 8b6b56fe-c252-4348-b8ca-c877b60f9ee4->49a1814f-e138-4ff1-ad4e-f524b08086c9: Failed appendEntries: org.apache.ratis.thirdparty.io.grpc.StatusRuntimeException: UNAVAILABLE: io exception
2019-08-16 03:47:22,226 INFO  impl.FollowerInfo (FollowerInfo.java:lambda$new$0(50)) - 8b6b56fe-c252-4348-b8ca-c877b60f9ee4->74f4742b-e403-4620-b2db-8f37b530ba0a: nextIndex: updateUnconditionally 1 -> 0
2019-08-16 03:47:22,228 INFO  impl.FollowerInfo (FollowerInfo.java:lambda$new$0(50)) - 8b6b56fe-c252-4348-b8ca-c877b60f9ee4->49a1814f-e138-4ff1-ad4e-f524b08086c9: nextIndex: updateUnconditionally 0 -> 0
2019-08-16 03:47:22,625 INFO  ozoneimpl.OzoneContainer (OzoneContainer.java:stop(199)) - Attempting to stop container services.
2019-08-16 03:47:22,626 INFO  impl.RaftServerProxy (RaftServerProxy.java:lambda$close$4(314)) - 94feb042-fe31-49df-80b7-4232c3532741: close
2019-08-16 03:47:22,627 INFO  ozoneimpl.OzoneContainer (OzoneContainer.java:stop(199)) - Attempting to stop container services.
2019-08-16 03:47:22,627 INFO  impl.RaftServerImpl (RaftServerImpl.java:lambda$shutdown$3(245)) - 94feb042-fe31-49df-80b7-4232c3532741: shutdown group-008B5EEAEA19
2019-08-16 03:47:22,627 INFO  impl.RaftServerProxy (RaftServerProxy.java:lambda$close$4(314)) - 5a77de80-121b-47ee-b0e5-9998059859c0: close
2019-08-16 03:47:22,628 INFO  util.JmxRegister (JmxRegister.java:unregister(73)) - Successfully un-registered JMX Bean with object name Ratis:service=RaftServer,group=group-008B5EEAEA19,id=94feb042-fe31-49df-80b7-4232c3532741
2019-08-16 03:47:22,628 INFO  impl.RaftServerImpl (RaftServerImpl.java:lambda$shutdown$3(245)) - 5a77de80-121b-47ee-b0e5-9998059859c0: shutdown group-CD3F66E4333D
2019-08-16 03:47:22,629 INFO  impl.RoleInfo (RoleInfo.java:shutdownLeaderState(104)) - 94feb042-fe31-49df-80b7-4232c3532741: shutdown LeaderState
2019-08-16 03:47:22,629 INFO  util.JmxRegister (JmxRegister.java:unregister(73)) - Successfully un-registered JMX Bean with object name Ratis:service=RaftServer,group=group-CD3F66E4333D,id=5a77de80-121b-47ee-b0e5-9998059859c0
2019-08-16 03:47:22,630 INFO  impl.PendingRequests (PendingRequests.java:sendNotLeaderResponses(202)) - 94feb042-fe31-49df-80b7-4232c3532741-PendingRequests: sendNotLeaderResponses
2019-08-16 03:47:22,630 INFO  impl.RoleInfo (RoleInfo.java:shutdownFollowerState(121)) - 5a77de80-121b-47ee-b0e5-9998059859c0: shutdown FollowerState
2019-08-16 03:47:22,631 INFO  impl.StateMachineUpdater (StateMachineUpdater.java:stopAndJoin(115)) - StateMachineUpdater:94feb042-fe31-49df-80b7-4232c3532741:group-008B5EEAEA19: set stopIndex = 0
2019-08-16 03:47:22,631 INFO  ratis.ContainerStateMachine (ContainerStateMachine.java:takeSnapshot(262)) - group-CD3F66E4333D: Taking a snapshot at:(t:3, i:5) file /workdir/hadoop-ozone/integration-test/target/test-dir/MiniOzoneClusterImpl-13174f42-ef49-4866-b213-01bb0baa1417/datanode-0/data/ratis/8bd0f8ac-c0be-4f2e-a561-cd3f66e4333d/sm/snapshot.3_5
2019-08-16 03:47:22,631 INFO  impl.FollowerState (FollowerState.java:run(114)) - 5a77de80-121b-47ee-b0e5-9998059859c0: FollowerState was interrupted: java.lang.InterruptedException: sleep interrupted
2019-08-16 03:47:22,631 INFO  impl.StateMachineUpdater (StateMachineUpdater.java:stopAndJoin(115)) - StateMachineUpdater:5a77de80-121b-47ee-b0e5-9998059859c0:group-CD3F66E4333D: set stopIndex = 8
2019-08-16 03:47:22,631 INFO  impl.RaftServerImpl (ServerState.java:close(394)) - 94feb042-fe31-49df-80b7-4232c3532741:group-008B5EEAEA19 closes. The last applied log index is 0
2019-08-16 03:47:22,635 INFO  segmented.SegmentedRaftLogWorker (SegmentedRaftLogWorker.java:run(313)) - 94feb042-fe31-49df-80b7-4232c3532741-SegmentedRaftLogWorker:Storage Directory /workdir/hadoop-ozone/integration-test/target/test-dir/MiniOzoneClusterImpl-13174f42-ef49-4866-b213-01bb0baa1417/datanode-6/data/ratis/44cc4662-4889-4648-8471-008b5eeaea19 was interrupted, exiting. There are 0 tasks remaining in the queue.
2019-08-16 03:47:22,647 INFO  segmented.SegmentedRaftLogWorker (SegmentedRaftLogWorker.java:close(228)) - 94feb042-fe31-49df-80b7-4232c3532741-SegmentedRaftLogWorker:Storage Directory /workdir/hadoop-ozone/integration-test/target/test-dir/MiniOzoneClusterImpl-13174f42-ef49-4866-b213-01bb0baa1417/datanode-6/data/ratis/44cc4662-4889-4648-8471-008b5eeaea19 close()
2019-08-16 03:47:22,649 INFO  ratis.ContainerStateMachine (ContainerStateMachine.java:takeSnapshot(273)) - group-CD3F66E4333D: Finished taking a snapshot at:(t:3, i:5) file:/workdir/hadoop-ozone/integration-test/target/test-dir/MiniOzoneClusterImpl-13174f42-ef49-4866-b213-01bb0baa1417/datanode-0/data/ratis/8bd0f8ac-c0be-4f2e-a561-cd3f66e4333d/sm/snapshot.3_5 time:17
2019-08-16 03:47:22,649 INFO  server.GrpcService (GrpcService.java:closeImpl(155)) - 94feb042-fe31-49df-80b7-4232c3532741: shutdown server with port 36691 now
2019-08-16 03:47:22,649 INFO  impl.StateMachineUpdater (StateMachineUpdater.java:takeSnapshot(242)) - StateMachineUpdater:5a77de80-121b-47ee-b0e5-9998059859c0:group-CD3F66E4333D: Took a snapshot at index 5
2019-08-16 03:47:22,649 INFO  impl.StateMachineUpdater (StateMachineUpdater.java:lambda$new$0(80)) - StateMachineUpdater:5a77de80-121b-47ee-b0e5-9998059859c0:group-CD3F66E4333D: snapshotIndex: updateIncreasingly -1 -> 5
2019-08-16 03:47:22,651 INFO  server.GrpcService (GrpcService.java:closeImpl(163)) - 94feb042-fe31-49df-80b7-4232c3532741: shutdown server with port 36691 successfully
2019-08-16 03:47:22,652 INFO  impl.RaftServerImpl (ServerState.java:close(394)) - 5a77de80-121b-47ee-b0e5-9998059859c0:group-CD3F66E4333D closes. The last applied log index is 8
2019-08-16 03:47:22,653 INFO  segmented.SegmentedRaftLogWorker (SegmentedRaftLogWorker.java:run(313)) - 5a77de80-121b-47ee-b0e5-9998059859c0-SegmentedRaftLogWorker:Storage Directory /workdir/hadoop-ozone/integration-test/target/test-dir/MiniOzoneClusterImpl-13174f42-ef49-4866-b213-01bb0baa1417/datanode-0/data/ratis/8bd0f8ac-c0be-4f2e-a561-cd3f66e4333d was interrupted, exiting. There are 0 tasks remaining in the queue.
2019-08-16 03:47:22,655 INFO  segmented.SegmentedRaftLogWorker (SegmentedRaftLogWorker.java:close(228)) - 5a77de80-121b-47ee-b0e5-9998059859c0-SegmentedRaftLogWorker:Storage Directory /workdir/hadoop-ozone/integration-test/target/test-dir/MiniOzoneClusterImpl-13174f42-ef49-4866-b213-01bb0baa1417/datanode-0/data/ratis/8bd0f8ac-c0be-4f2e-a561-cd3f66e4333d close()
2019-08-16 03:47:22,666 INFO  impl.RaftServerImpl (RaftServerImpl.java:lambda$shutdown$3(245)) - 5a77de80-121b-47ee-b0e5-9998059859c0: shutdown group-0BD0D5CE2F9F
2019-08-16 03:47:22,666 INFO  utils.BackgroundService (BackgroundService.java:shutdown(148)) - Shutting down service BlockDeletingService
2019-08-16 03:47:22,667 INFO  util.JmxRegister (JmxRegister.java:unregister(73)) - Successfully un-registered JMX Bean with object name Ratis:service=RaftServer,group=group-0BD0D5CE2F9F,id=5a77de80-121b-47ee-b0e5-9998059859c0
2019-08-16 03:47:22,667 INFO  impl.RoleInfo (RoleInfo.java:shutdownLeaderState(104)) - 5a77de80-121b-47ee-b0e5-9998059859c0: shutdown LeaderState
2019-08-16 03:47:22,668 INFO  impl.PendingRequests (PendingRequests.java:sendNotLeaderResponses(202)) - 5a77de80-121b-47ee-b0e5-9998059859c0-PendingRequests: sendNotLeaderResponses
2019-08-16 03:47:22,668 WARN  fs.CachingGetSpaceUsed (CachingGetSpaceUsed.java:run(183)) - Thread Interrupted waiting to refresh disk information: sleep interrupted
2019-08-16 03:47:22,668 INFO  impl.StateMachineUpdater (StateMachineUpdater.java:stopAndJoin(115)) - StateMachineUpdater:5a77de80-121b-47ee-b0e5-9998059859c0:group-0BD0D5CE2F9F: set stopIndex = 0
2019-08-16 03:47:22,669 INFO  impl.RaftServerImpl (ServerState.java:close(394)) - 5a77de80-121b-47ee-b0e5-9998059859c0:group-0BD0D5CE2F9F closes. The last applied log index is 0
2019-08-16 03:47:22,670 INFO  segmented.SegmentedRaftLogWorker (SegmentedRaftLogWorker.java:run(313)) - 5a77de80-121b-47ee-b0e5-9998059859c0-SegmentedRaftLogWorker:Storage Directory /workdir/hadoop-ozone/integration-test/target/test-dir/MiniOzoneClusterImpl-13174f42-ef49-4866-b213-01bb0baa1417/datanode-0/data/ratis/dc52f97c-bc8b-4629-8c61-0bd0d5ce2f9f was interrupted, exiting. There are 0 tasks remaining in the queue.
2019-08-16 03:47:22,670 INFO  segmented.SegmentedRaftLogWorker (SegmentedRaftLogWorker.java:close(228)) - 5a77de80-121b-47ee-b0e5-9998059859c0-SegmentedRaftLogWorker:Storage Directory /workdir/hadoop-ozone/integration-test/target/test-dir/MiniOzoneClusterImpl-13174f42-ef49-4866-b213-01bb0baa1417/datanode-0/data/ratis/dc52f97c-bc8b-4629-8c61-0bd0d5ce2f9f close()
2019-08-16 03:47:22,671 INFO  server.GrpcService (GrpcService.java:closeImpl(155)) - 5a77de80-121b-47ee-b0e5-9998059859c0: shutdown server with port 34725 now
2019-08-16 03:47:22,675 INFO  server.GrpcService (GrpcService.java:closeImpl(163)) - 5a77de80-121b-47ee-b0e5-9998059859c0: shutdown server with port 34725 successfully
2019-08-16 03:47:22,681 INFO  utils.BackgroundService (BackgroundService.java:shutdown(148)) - Shutting down service BlockDeletingService
2019-08-16 03:47:22,683 WARN  fs.CachingGetSpaceUsed (CachingGetSpaceUsed.java:run(183)) - Thread Interrupted waiting to refresh disk information: sleep interrupted
2019-08-16 03:47:22,700 INFO  statemachine.DatanodeStateMachine (DatanodeStateMachine.java:stopDaemon(395)) - Ozone container server stopped.
2019-08-16 03:47:22,702 INFO  handler.ContextHandler (ContextHandler.java:doStop(910)) - Stopped o.e.j.w.WebAppContext@3aca2579{/,null,UNAVAILABLE}{/hddsDatanode}
2019-08-16 03:47:22,703 INFO  server.AbstractConnector (AbstractConnector.java:doStop(318)) - Stopped ServerConnector@4ba13fed{HTTP/1.1,[http/1.1]}{0.0.0.0:0}
2019-08-16 03:47:22,704 INFO  handler.ContextHandler (ContextHandler.java:doStop(910)) - Stopped o.e.j.s.ServletContextHandler@4746fb8c{/static,jar:file:/home/user/.m2/repository/org/apache/hadoop/hadoop-hdds-container-service/0.4.1-SNAPSHOT/hadoop-hdds-container-service-0.4.1-SNAPSHOT.jar!/webapps/static,UNAVAILABLE}
2019-08-16 03:47:22,707 INFO  statemachine.DatanodeStateMachine (DatanodeStateMachine.java:stopDaemon(395)) - Ozone container server stopped.
2019-08-16 03:47:22,707 INFO  handler.ContextHandler (ContextHandler.java:doStop(910)) - Stopped o.e.j.s.ServletContextHandler@289a4b90{/logs,file:///workdir/hadoop-ozone/integration-test/target/log,UNAVAILABLE}
2019-08-16 03:47:22,711 INFO  handler.ContextHandler (ContextHandler.java:doStop(910)) - Stopped o.e.j.w.WebAppContext@1a10c47e{/,null,UNAVAILABLE}{/hddsDatanode}
2019-08-16 03:47:22,712 INFO  datanode.ObjectStoreHandler (ObjectStoreHandler.java:close(155)) - Closing ObjectStoreHandler.
2019-08-16 03:47:22,712 INFO  server.AbstractConnector (AbstractConnector.java:doStop(318)) - Stopped ServerConnector@d49e8c6{HTTP/1.1,[http/1.1]}{0.0.0.0:0}
2019-08-16 03:47:22,714 INFO  handler.ContextHandler (ContextHandler.java:doStop(910)) - Stopped o.e.j.s.ServletContextHandler@12209826{/static,jar:file:/home/user/.m2/repository/org/apache/hadoop/hadoop-hdds-container-service/0.4.1-SNAPSHOT/hadoop-hdds-container-service-0.4.1-SNAPSHOT.jar!/webapps/static,UNAVAILABLE}
2019-08-16 03:47:22,714 INFO  ozone.HddsDatanodeService (HddsDatanodeService.java:stop(451)) - Stopped plug-in org.apache.hadoop.ozone.web.OzoneHddsDatanodeService@f0c1ae1
2019-08-16 03:47:22,715 INFO  handler.ContextHandler (ContextHandler.java:doStop(910)) - Stopped o.e.j.s.ServletContextHandler@34ab26a{/logs,file:///workdir/hadoop-ozone/integration-test/target/log,UNAVAILABLE}
2019-08-16 03:47:23,202 INFO  statemachine.DatanodeStateMachine (DatanodeStateMachine.java:lambda$startDaemon$0(350)) - Ozone container server started.
2019-08-16 03:47:24,725 WARN  server.GrpcLogAppender (LogUtils.java:warn(134)) - 8b6b56fe-c252-4348-b8ca-c877b60f9ee4->74f4742b-e403-4620-b2db-8f37b530ba0a: Failed appendEntries: org.apache.ratis.thirdparty.io.grpc.StatusRuntimeException: UNAVAILABLE: io exception
2019-08-16 03:47:24,726 WARN  server.GrpcLogAppender (LogUtils.java:warn(134)) - 8b6b56fe-c252-4348-b8ca-c877b60f9ee4->49a1814f-e138-4ff1-ad4e-f524b08086c9: Failed appendEntries: org.apache.ratis.thirdparty.io.grpc.StatusRuntimeException: UNAVAILABLE: io exception
2019-08-16 03:47:24,727 INFO  impl.FollowerInfo (FollowerInfo.java:lambda$new$0(50)) - 8b6b56fe-c252-4348-b8ca-c877b60f9ee4->74f4742b-e403-4620-b2db-8f37b530ba0a: nextIndex: updateUnconditionally 0 -> 0
2019-08-16 03:47:24,729 INFO  impl.FollowerInfo (FollowerInfo.java:lambda$new$0(50)) - 8b6b56fe-c252-4348-b8ca-c877b60f9ee4->49a1814f-e138-4ff1-ad4e-f524b08086c9: nextIndex: updateUnconditionally 0 -> 0
2019-08-16 03:47:27,235 WARN  server.GrpcLogAppender (LogUtils.java:warn(134)) - 8b6b56fe-c252-4348-b8ca-c877b60f9ee4->49a1814f-e138-4ff1-ad4e-f524b08086c9: Failed appendEntries: org.apache.ratis.thirdparty.io.grpc.StatusRuntimeException: UNAVAILABLE: io exception
2019-08-16 03:47:27,235 WARN  server.GrpcLogAppender (LogUtils.java:warn(134)) - 8b6b56fe-c252-4348-b8ca-c877b60f9ee4->74f4742b-e403-4620-b2db-8f37b530ba0a: Failed appendEntries: org.apache.ratis.thirdparty.io.grpc.StatusRuntimeException: UNAVAILABLE: io exception
2019-08-16 03:47:27,237 INFO  impl.FollowerInfo (FollowerInfo.java:lambda$new$0(50)) - 8b6b56fe-c252-4348-b8ca-c877b60f9ee4->49a1814f-e138-4ff1-ad4e-f524b08086c9: nextIndex: updateUnconditionally 0 -> 0
2019-08-16 03:47:27,238 INFO  impl.FollowerInfo (FollowerInfo.java:lambda$new$0(50)) - 8b6b56fe-c252-4348-b8ca-c877b60f9ee4->74f4742b-e403-4620-b2db-8f37b530ba0a: nextIndex: updateUnconditionally 0 -> 0
2019-08-16 03:47:27,716 INFO  ozoneimpl.OzoneContainer (OzoneContainer.java:stop(199)) - Attempting to stop container services.
2019-08-16 03:47:27,717 INFO  impl.RaftServerProxy (RaftServerProxy.java:lambda$close$4(314)) - 8b6b56fe-c252-4348-b8ca-c877b60f9ee4: close
2019-08-16 03:47:27,717 INFO  impl.RaftServerImpl (RaftServerImpl.java:lambda$shutdown$3(245)) - 8b6b56fe-c252-4348-b8ca-c877b60f9ee4: shutdown group-F7A3CCE07779
2019-08-16 03:47:27,718 INFO  util.JmxRegister (JmxRegister.java:unregister(73)) - Successfully un-registered JMX Bean with object name Ratis:service=RaftServer,group=group-F7A3CCE07779,id=8b6b56fe-c252-4348-b8ca-c877b60f9ee4
2019-08-16 03:47:27,718 INFO  impl.RoleInfo (RoleInfo.java:shutdownLeaderState(104)) - 8b6b56fe-c252-4348-b8ca-c877b60f9ee4: shutdown LeaderState
2019-08-16 03:47:27,719 INFO  impl.PendingRequests (PendingRequests.java:sendNotLeaderResponses(202)) - 8b6b56fe-c252-4348-b8ca-c877b60f9ee4-PendingRequests: sendNotLeaderResponses
2019-08-16 03:47:27,720 INFO  impl.StateMachineUpdater (StateMachineUpdater.java:stopAndJoin(115)) - StateMachineUpdater:8b6b56fe-c252-4348-b8ca-c877b60f9ee4:group-F7A3CCE07779: set stopIndex = 0
2019-08-16 03:47:27,720 INFO  impl.RaftServerImpl (ServerState.java:close(394)) - 8b6b56fe-c252-4348-b8ca-c877b60f9ee4:group-F7A3CCE07779 closes. The last applied log index is 0
2019-08-16 03:47:27,721 INFO  segmented.SegmentedRaftLogWorker (SegmentedRaftLogWorker.java:run(313)) - 8b6b56fe-c252-4348-b8ca-c877b60f9ee4-SegmentedRaftLogWorker:Storage Directory /workdir/hadoop-ozone/integration-test/target/test-dir/MiniOzoneClusterImpl-13174f42-ef49-4866-b213-01bb0baa1417/datanode-5/data/ratis/45212956-ee09-47c1-aef7-f7a3cce07779 was interrupted, exiting. There are 0 tasks remaining in the queue.
2019-08-16 03:47:27,721 INFO  segmented.SegmentedRaftLogWorker (SegmentedRaftLogWorker.java:close(228)) - 8b6b56fe-c252-4348-b8ca-c877b60f9ee4-SegmentedRaftLogWorker:Storage Directory /workdir/hadoop-ozone/integration-test/target/test-dir/MiniOzoneClusterImpl-13174f42-ef49-4866-b213-01bb0baa1417/datanode-5/data/ratis/45212956-ee09-47c1-aef7-f7a3cce07779 close()
2019-08-16 03:47:27,722 INFO  impl.RaftServerImpl (RaftServerImpl.java:lambda$shutdown$3(245)) - 8b6b56fe-c252-4348-b8ca-c877b60f9ee4: shutdown group-E5D08E2E2BAA
2019-08-16 03:47:27,722 INFO  util.JmxRegister (JmxRegister.java:unregister(73)) - Successfully un-registered JMX Bean with object name Ratis:service=RaftServer,group=group-E5D08E2E2BAA,id=8b6b56fe-c252-4348-b8ca-c877b60f9ee4
2019-08-16 03:47:27,723 INFO  impl.RoleInfo (RoleInfo.java:shutdownLeaderState(104)) - 8b6b56fe-c252-4348-b8ca-c877b60f9ee4: shutdown LeaderState
2019-08-16 03:47:27,725 INFO  impl.PendingRequests (PendingRequests.java:sendNotLeaderResponses(202)) - 8b6b56fe-c252-4348-b8ca-c877b60f9ee4-PendingRequests: sendNotLeaderResponses
2019-08-16 03:47:27,725 WARN  server.GrpcLogAppender (GrpcLogAppender.java:mayWait(143)) - GrpcLogAppender(8b6b56fe-c252-4348-b8ca-c877b60f9ee4->74f4742b-e403-4620-b2db-8f37b530ba0a): Wait interrupted by java.lang.InterruptedException
2019-08-16 03:47:27,725 WARN  server.GrpcLogAppender (GrpcLogAppender.java:mayWait(143)) - GrpcLogAppender(8b6b56fe-c252-4348-b8ca-c877b60f9ee4->49a1814f-e138-4ff1-ad4e-f524b08086c9): Wait interrupted by java.lang.InterruptedException
2019-08-16 03:47:27,728 INFO  impl.StateMachineUpdater (StateMachineUpdater.java:stopAndJoin(115)) - StateMachineUpdater:8b6b56fe-c252-4348-b8ca-c877b60f9ee4:group-E5D08E2E2BAA: set stopIndex = 2
2019-08-16 03:47:27,731 INFO  impl.RaftServerImpl (ServerState.java:close(394)) - 8b6b56fe-c252-4348-b8ca-c877b60f9ee4:group-E5D08E2E2BAA closes. The last applied log index is 2
2019-08-16 03:47:27,732 INFO  segmented.SegmentedRaftLogWorker (SegmentedRaftLogWorker.java:run(313)) - 8b6b56fe-c252-4348-b8ca-c877b60f9ee4-SegmentedRaftLogWorker:Storage Directory /workdir/hadoop-ozone/integration-test/target/test-dir/MiniOzoneClusterImpl-13174f42-ef49-4866-b213-01bb0baa1417/datanode-5/data/ratis/9f655129-7794-4792-b2bc-e5d08e2e2baa was interrupted, exiting. There are 0 tasks remaining in the queue.
2019-08-16 03:47:27,733 INFO  segmented.SegmentedRaftLogWorker (SegmentedRaftLogWorker.java:close(228)) - 8b6b56fe-c252-4348-b8ca-c877b60f9ee4-SegmentedRaftLogWorker:Storage Directory /workdir/hadoop-ozone/integration-test/target/test-dir/MiniOzoneClusterImpl-13174f42-ef49-4866-b213-01bb0baa1417/datanode-5/data/ratis/9f655129-7794-4792-b2bc-e5d08e2e2baa close()
2019-08-16 03:47:27,734 INFO  server.GrpcService (GrpcService.java:closeImpl(155)) - 8b6b56fe-c252-4348-b8ca-c877b60f9ee4: shutdown server with port 35306 now
2019-08-16 03:47:27,734 INFO  server.GrpcService (GrpcService.java:closeImpl(163)) - 8b6b56fe-c252-4348-b8ca-c877b60f9ee4: shutdown server with port 35306 successfully
2019-08-16 03:47:27,736 INFO  utils.BackgroundService (BackgroundService.java:shutdown(148)) - Shutting down service BlockDeletingService
2019-08-16 03:47:27,740 WARN  fs.CachingGetSpaceUsed (CachingGetSpaceUsed.java:run(183)) - Thread Interrupted waiting to refresh disk information: sleep interrupted
2019-08-16 03:47:27,759 INFO  statemachine.DatanodeStateMachine (DatanodeStateMachine.java:stopDaemon(395)) - Ozone container server stopped.
2019-08-16 03:47:27,760 INFO  handler.ContextHandler (ContextHandler.java:doStop(910)) - Stopped o.e.j.w.WebAppContext@638d2ce3{/,null,UNAVAILABLE}{/hddsDatanode}
2019-08-16 03:47:27,761 INFO  server.AbstractConnector (AbstractConnector.java:doStop(318)) - Stopped ServerConnector@79617c3d{HTTP/1.1,[http/1.1]}{0.0.0.0:0}
2019-08-16 03:47:27,761 INFO  handler.ContextHandler (ContextHandler.java:doStop(910)) - Stopped o.e.j.s.ServletContextHandler@148b6f95{/static,jar:file:/home/user/.m2/repository/org/apache/hadoop/hadoop-hdds-container-service/0.4.1-SNAPSHOT/hadoop-hdds-container-service-0.4.1-SNAPSHOT.jar!/webapps/static,UNAVAILABLE}
2019-08-16 03:47:27,762 INFO  handler.ContextHandler (ContextHandler.java:doStop(910)) - Stopped o.e.j.s.ServletContextHandler@2c15034f{/logs,file:///workdir/hadoop-ozone/integration-test/target/log,UNAVAILABLE}
2019-08-16 03:47:27,763 INFO  ozone.MiniOzoneClusterImpl (MiniOzoneClusterImpl.java:stop(353)) - Stopping the StorageContainerManager
2019-08-16 03:47:27,764 INFO  server.StorageContainerManager (StorageContainerManager.java:stop(797)) - Stopping Replication Manager Service.
2019-08-16 03:47:27,764 INFO  container.ReplicationManager (ReplicationManager.java:stop(193)) - Stopping Replication Monitor Thread.
2019-08-16 03:47:27,764 INFO  server.StorageContainerManager (StorageContainerManager.java:stop(804)) - Stopping Lease Manager of the command watchers
2019-08-16 03:47:27,764 INFO  server.StorageContainerManager (StorageContainerManager.java:stop(811)) - Stopping datanode service RPC server
2019-08-16 03:47:27,764 INFO  server.SCMDatanodeProtocolServer (SCMDatanodeProtocolServer.java:stop(367)) - Stopping the RPC server for DataNodes
2019-08-16 03:47:27,765 INFO  ipc.Server (Server.java:stop(3082)) - Stopping server on 41481
2019-08-16 03:47:27,767 INFO  ipc.Server (Server.java:run(1185)) - Stopping IPC Server listener on 41481
2019-08-16 03:47:27,767 INFO  ipc.Server (Server.java:run(1319)) - Stopping IPC Server Responder
2019-08-16 03:47:27,795 WARN  node.NodeStateManager (NodeStateManager.java:scheduleNextHealthCheck(646)) - Current Thread is interrupted, shutting down HB processing thread for Node Manager.
2019-08-16 03:47:27,795 INFO  server.StorageContainerManager (StorageContainerManager.java:stop(819)) - Stopping block service RPC server
2019-08-16 03:47:27,796 INFO  server.SCMBlockProtocolServer (SCMBlockProtocolServer.java:stop(148)) - Stopping the RPC server for Block Protocol
2019-08-16 03:47:27,796 INFO  ipc.Server (Server.java:stop(3082)) - Stopping server on 43793
2019-08-16 03:47:27,798 INFO  ipc.Server (Server.java:run(1185)) - Stopping IPC Server listener on 43793
2019-08-16 03:47:27,798 INFO  server.StorageContainerManager (StorageContainerManager.java:stop(826)) - Stopping the StorageContainerLocationProtocol RPC server
2019-08-16 03:47:27,799 INFO  server.SCMClientProtocolServer (SCMClientProtocolServer.java:stop(159)) - Stopping the RPC server for Client Protocol
2019-08-16 03:47:27,800 INFO  ipc.Server (Server.java:run(1319)) - Stopping IPC Server Responder
2019-08-16 03:47:27,800 INFO  ipc.Server (Server.java:stop(3082)) - Stopping server on 44161
2019-08-16 03:47:27,802 INFO  ipc.Server (Server.java:run(1185)) - Stopping IPC Server listener on 44161
2019-08-16 03:47:27,802 INFO  server.StorageContainerManager (StorageContainerManager.java:stop(833)) - Stopping Storage Container Manager HTTP server.
2019-08-16 03:47:27,804 INFO  ipc.Server (Server.java:run(1319)) - Stopping IPC Server Responder
2019-08-16 03:47:27,805 INFO  handler.ContextHandler (ContextHandler.java:doStop(910)) - Stopped o.e.j.w.WebAppContext@67afe909{/,null,UNAVAILABLE}{/scm}
2019-08-16 03:47:27,805 INFO  server.AbstractConnector (AbstractConnector.java:doStop(318)) - Stopped ServerConnector@79f1e22e{HTTP/1.1,[http/1.1]}{0.0.0.0:0}
2019-08-16 03:47:27,806 INFO  handler.ContextHandler (ContextHandler.java:doStop(910)) - Stopped o.e.j.s.ServletContextHandler@7f93f4c{/static,file:///workdir/hadoop-ozone/integration-test/target/test-classes/webapps/static,UNAVAILABLE}
2019-08-16 03:47:27,806 INFO  handler.ContextHandler (ContextHandler.java:doStop(910)) - Stopped o.e.j.s.ServletContextHandler@1930a804{/logs,file:///workdir/hadoop-ozone/integration-test/target/log,UNAVAILABLE}
2019-08-16 03:47:27,807 INFO  server.StorageContainerManager (StorageContainerManager.java:stop(844)) - Stopping Block Manager Service.
2019-08-16 03:47:27,808 INFO  utils.BackgroundService (BackgroundService.java:shutdown(148)) - Shutting down service SCMBlockDeletingService
2019-08-16 03:47:27,808 INFO  utils.BackgroundService (BackgroundService.java:shutdown(148)) - Shutting down service SCMBlockDeletingService
2019-08-16 03:47:27,808 INFO  server.StorageContainerManager (StorageContainerManager.java:stop(866)) - Stopping SCM Event Queue.
2019-08-16 03:47:27,813 INFO  impl.MetricsSystemImpl (MetricsSystemImpl.java:stop(210)) - Stopping HddsDatanode metrics system...
2019-08-16 03:47:27,819 INFO  impl.MetricsSystemImpl (MetricsSystemImpl.java:stop(216)) - HddsDatanode metrics system stopped.
]]></system-out>
    <system-err><![CDATA[Aug 16, 2019 3:46:50 AM com.sun.jersey.server.impl.application.WebApplicationImpl _initiate
INFO: Initiating Jersey application, version 'Jersey: 1.19 02/11/2015 03:25 AM'
Aug 16, 2019 3:46:51 AM com.sun.jersey.server.impl.application.WebApplicationImpl _initiate
INFO: Initiating Jersey application, version 'Jersey: 1.19 02/11/2015 03:25 AM'
Aug 16, 2019 3:46:51 AM com.sun.jersey.server.impl.application.WebApplicationImpl _initiate
INFO: Initiating Jersey application, version 'Jersey: 1.19 02/11/2015 03:25 AM'
Aug 16, 2019 3:46:51 AM com.sun.jersey.server.impl.application.WebApplicationImpl _initiate
INFO: Initiating Jersey application, version 'Jersey: 1.19 02/11/2015 03:25 AM'
Aug 16, 2019 3:46:51 AM com.sun.jersey.server.impl.application.WebApplicationImpl _initiate
INFO: Initiating Jersey application, version 'Jersey: 1.19 02/11/2015 03:25 AM'
Aug 16, 2019 3:46:52 AM com.sun.jersey.server.impl.application.WebApplicationImpl _initiate
INFO: Initiating Jersey application, version 'Jersey: 1.19 02/11/2015 03:25 AM'
Aug 16, 2019 3:46:52 AM com.sun.jersey.server.impl.application.WebApplicationImpl _initiate
INFO: Initiating Jersey application, version 'Jersey: 1.19 02/11/2015 03:25 AM'
]]></system-err>
  </testcase>
</testsuite>