<?xml version="1.0" encoding="UTF-8"?>
<testsuite xmlns:xsi="http://www.w3.org/2001/XMLSchema-instance" xsi:noNamespaceSchemaLocation="https://maven.apache.org/surefire/maven-surefire-plugin/xsd/surefire-test-report.xsd" name="org.apache.hadoop.ozone.client.rpc.TestBlockOutputStreamWithFailures" time="673.579" tests="8" errors="0" skipped="0" failures="2">
  <properties>
    <property name="awt.toolkit" value="sun.awt.X11.XToolkit"/>
    <property name="file.encoding.pkg" value="sun.io"/>
    <property name="java.specification.version" value="1.8"/>
    <property name="sun.cpu.isalist" value=""/>
    <property name="sun.jnu.encoding" value="UTF-8"/>
    <property name="java.class.path" value="/workdir/hadoop-ozone/integration-test/target/test-classes:/workdir/hadoop-ozone/integration-test/target/classes:/home/user/.m2/repository/org/apache/hadoop/hadoop-ozone-common/0.4.1-SNAPSHOT/hadoop-ozone-common-0.4.1-SNAPSHOT.jar:/home/user/.m2/repository/org/apache/commons/commons-compress/1.4.1/commons-compress-1.4.1.jar:/home/user/.m2/repository/org/tukaani/xz/1.0/xz-1.0.jar:/home/user/.m2/repository/org/apache/hadoop/hadoop-common/3.2.0/hadoop-common-3.2.0.jar:/home/user/.m2/repository/org/apache/hadoop/hadoop-hdfs/3.2.0/hadoop-hdfs-3.2.0.jar:/home/user/.m2/repository/org/apache/hadoop/hadoop-hdfs-client/3.2.0/hadoop-hdfs-client-3.2.0.jar:/home/user/.m2/repository/com/fasterxml/jackson/core/jackson-annotations/2.9.5/jackson-annotations-2.9.5.jar:/home/user/.m2/repository/org/apache/hadoop/hadoop-hdds-common/0.4.1-SNAPSHOT/hadoop-hdds-common-0.4.1-SNAPSHOT.jar:/home/user/.m2/repository/javax/annotation/javax.annotation-api/1.2/javax.annotation-api-1.2.jar:/home/user/.m2/repository/org/apache/ratis/ratis-server/0.4.0-2337318-SNAPSHOT/ratis-server-0.4.0-2337318-SNAPSHOT.jar:/home/user/.m2/repository/org/apache/ratis/ratis-thirdparty-misc/0.2.0/ratis-thirdparty-misc-0.2.0.jar:/home/user/.m2/repository/org/apache/ratis/ratis-proto/0.4.0-2337318-SNAPSHOT/ratis-proto-0.4.0-2337318-SNAPSHOT.jar:/home/user/.m2/repository/org/apache/ratis/ratis-common/0.4.0-2337318-SNAPSHOT/ratis-common-0.4.0-2337318-SNAPSHOT.jar:/home/user/.m2/repository/org/apache/ratis/ratis-client/0.4.0-2337318-SNAPSHOT/ratis-client-0.4.0-2337318-SNAPSHOT.jar:/home/user/.m2/repository/org/apache/ratis/ratis-metrics/0.4.0-2337318-SNAPSHOT/ratis-metrics-0.4.0-2337318-SNAPSHOT.jar:/home/user/.m2/repository/org/apache/ratis/ratis-netty/0.4.0-2337318-SNAPSHOT/ratis-netty-0.4.0-2337318-SNAPSHOT.jar:/home/user/.m2/repository/org/apache/ratis/ratis-grpc/0.4.0-2337318-SNAPSHOT/ratis-grpc-0.4.0-2337318-SNAPSHOT.jar:/home/user/.m2/repository/org/rocksdb/rocksdbjni/6.0.1/rocksdbjni-6.0.1.jar:/home/user/.m2/repository/org/apache/logging/log4j/log4j-api/2.11.0/log4j-api-2.11.0.jar:/home/user/.m2/repository/org/apache/logging/log4j/log4j-core/2.11.0/log4j-core-2.11.0.jar:/home/user/.m2/repository/com/lmax/disruptor/3.4.2/disruptor-3.4.2.jar:/home/user/.m2/repository/org/apache/commons/commons-pool2/2.6.0/commons-pool2-2.6.0.jar:/home/user/.m2/repository/org/bouncycastle/bcpkix-jdk15on/1.60/bcpkix-jdk15on-1.60.jar:/home/user/.m2/repository/commons-validator/commons-validator/1.6/commons-validator-1.6.jar:/home/user/.m2/repository/commons-digester/commons-digester/1.8.1/commons-digester-1.8.1.jar:/home/user/.m2/repository/io/jaegertracing/jaeger-client/0.33.1/jaeger-client-0.33.1.jar:/home/user/.m2/repository/io/jaegertracing/jaeger-thrift/0.33.1/jaeger-thrift-0.33.1.jar:/home/user/.m2/repository/org/apache/thrift/libthrift/0.11.0/libthrift-0.11.0.jar:/home/user/.m2/repository/com/squareup/okhttp3/okhttp/3.9.0/okhttp-3.9.0.jar:/home/user/.m2/repository/com/squareup/okio/okio/1.13.0/okio-1.13.0.jar:/home/user/.m2/repository/io/jaegertracing/jaeger-core/0.33.1/jaeger-core-0.33.1.jar:/home/user/.m2/repository/io/jaegertracing/jaeger-tracerresolver/0.33.1/jaeger-tracerresolver-0.33.1.jar:/home/user/.m2/repository/io/opentracing/contrib/opentracing-tracerresolver/0.1.5/opentracing-tracerresolver-0.1.5.jar:/home/user/.m2/repository/io/opentracing/opentracing-util/0.31.0/opentracing-util-0.31.0.jar:/home/user/.m2/repository/io/opentracing/opentracing-api/0.31.0/opentracing-api-0.31.0.jar:/home/user/.m2/repository/io/opentracing/opentracing-noop/0.31.0/opentracing-noop-0.31.0.jar:/home/user/.m2/repository/org/apache/hadoop/hadoop-hdds-server-framework/0.4.1-SNAPSHOT/hadoop-hdds-server-framework-0.4.1-SNAPSHOT.jar:/home/user/.m2/repository/org/apache/hadoop/hadoop-hdds-container-service/0.4.1-SNAPSHOT/hadoop-hdds-container-service-0.4.1-SNAPSHOT.jar:/home/user/.m2/repository/org/apache/hadoop/hadoop-hdds-client/0.4.1-SNAPSHOT/hadoop-hdds-client-0.4.1-SNAPSHOT.jar:/home/user/.m2/repository/org/apache/hadoop/hadoop-hdds-tools/0.4.1-SNAPSHOT/hadoop-hdds-tools-0.4.1-SNAPSHOT.jar:/home/user/.m2/repository/org/apache/hadoop/hadoop-hdds-server-scm/0.4.1-SNAPSHOT/hadoop-hdds-server-scm-0.4.1-SNAPSHOT.jar:/home/user/.m2/repository/org/apache/hadoop/hadoop-hdds-docs/0.4.1-SNAPSHOT/hadoop-hdds-docs-0.4.1-SNAPSHOT.jar:/home/user/.m2/repository/io/dropwizard/metrics/metrics-core/3.2.4/metrics-core-3.2.4.jar:/home/user/.m2/repository/org/hamcrest/hamcrest-all/1.3/hamcrest-all-1.3.jar:/home/user/.m2/repository/org/bouncycastle/bcprov-jdk15on/1.60/bcprov-jdk15on-1.60.jar:/home/user/.m2/repository/info/picocli/picocli/3.9.6/picocli-3.9.6.jar:/home/user/.m2/repository/com/google/protobuf/protobuf-java/2.5.0/protobuf-java-2.5.0.jar:/home/user/.m2/repository/com/google/guava/guava/11.0.2/guava-11.0.2.jar:/home/user/.m2/repository/org/apache/hadoop/hadoop-ozone-ozone-manager/0.4.1-SNAPSHOT/hadoop-ozone-ozone-manager-0.4.1-SNAPSHOT.jar:/home/user/.m2/repository/org/apache/hadoop/hadoop-minikdc/3.2.0/hadoop-minikdc-3.2.0.jar:/home/user/.m2/repository/commons-io/commons-io/2.5/commons-io-2.5.jar:/home/user/.m2/repository/org/apache/kerby/kerb-simplekdc/1.0.1/kerb-simplekdc-1.0.1.jar:/home/user/.m2/repository/org/apache/kerby/kerb-client/1.0.1/kerb-client-1.0.1.jar:/home/user/.m2/repository/org/apache/kerby/kerby-config/1.0.1/kerby-config-1.0.1.jar:/home/user/.m2/repository/org/apache/kerby/kerb-core/1.0.1/kerb-core-1.0.1.jar:/home/user/.m2/repository/org/apache/kerby/kerby-pkix/1.0.1/kerby-pkix-1.0.1.jar:/home/user/.m2/repository/org/apache/kerby/kerby-asn1/1.0.1/kerby-asn1-1.0.1.jar:/home/user/.m2/repository/org/apache/kerby/kerby-util/1.0.1/kerby-util-1.0.1.jar:/home/user/.m2/repository/org/apache/kerby/kerb-common/1.0.1/kerb-common-1.0.1.jar:/home/user/.m2/repository/org/apache/kerby/kerb-crypto/1.0.1/kerb-crypto-1.0.1.jar:/home/user/.m2/repository/org/apache/kerby/kerb-util/1.0.1/kerb-util-1.0.1.jar:/home/user/.m2/repository/org/apache/kerby/token-provider/1.0.1/token-provider-1.0.1.jar:/home/user/.m2/repository/org/apache/kerby/kerb-admin/1.0.1/kerb-admin-1.0.1.jar:/home/user/.m2/repository/org/apache/kerby/kerb-server/1.0.1/kerb-server-1.0.1.jar:/home/user/.m2/repository/org/apache/kerby/kerb-identity/1.0.1/kerb-identity-1.0.1.jar:/home/user/.m2/repository/org/apache/kerby/kerby-xdr/1.0.1/kerby-xdr-1.0.1.jar:/home/user/.m2/repository/org/slf4j/slf4j-log4j12/1.7.25/slf4j-log4j12-1.7.25.jar:/home/user/.m2/repository/org/apache/hadoop/hadoop-ozone-objectstore-service/0.4.1-SNAPSHOT/hadoop-ozone-objectstore-service-0.4.1-SNAPSHOT.jar:/home/user/.m2/repository/org/apache/hadoop/hadoop-ozone-s3gateway/0.4.1-SNAPSHOT/hadoop-ozone-s3gateway-0.4.1-SNAPSHOT.jar:/home/user/.m2/repository/org/jboss/weld/servlet/weld-servlet/2.4.7.Final/weld-servlet-2.4.7.Final.jar:/home/user/.m2/repository/org/glassfish/jersey/containers/jersey-container-servlet-core/2.27/jersey-container-servlet-core-2.27.jar:/home/user/.m2/repository/org/glassfish/hk2/external/javax.inject/2.5.0-b42/javax.inject-2.5.0-b42.jar:/home/user/.m2/repository/org/glassfish/jersey/core/jersey-common/2.27/jersey-common-2.27.jar:/home/user/.m2/repository/org/glassfish/hk2/osgi-resource-locator/1.0.1/osgi-resource-locator-1.0.1.jar:/home/user/.m2/repository/javax/ws/rs/javax.ws.rs-api/2.1/javax.ws.rs-api-2.1.jar:/home/user/.m2/repository/org/glassfish/jersey/ext/cdi/jersey-cdi1x/2.27/jersey-cdi1x-2.27.jar:/home/user/.m2/repository/org/glassfish/jersey/inject/jersey-hk2/2.27/jersey-hk2-2.27.jar:/home/user/.m2/repository/org/glassfish/hk2/hk2-locator/2.5.0-b42/hk2-locator-2.5.0-b42.jar:/home/user/.m2/repository/org/javassist/javassist/3.22.0-CR2/javassist-3.22.0-CR2.jar:/home/user/.m2/repository/org/glassfish/hk2/hk2-api/2.5.0/hk2-api-2.5.0.jar:/home/user/.m2/repository/org/glassfish/hk2/external/jakarta.inject/2.5.0/jakarta.inject-2.5.0.jar:/home/user/.m2/repository/org/glassfish/hk2/hk2-utils/2.5.0/hk2-utils-2.5.0.jar:/home/user/.m2/repository/jakarta/annotation/jakarta.annotation-api/1.3.4/jakarta.annotation-api-1.3.4.jar:/home/user/.m2/repository/org/glassfish/hk2/external/aopalliance-repackaged/2.5.0/aopalliance-repackaged-2.5.0.jar:/home/user/.m2/repository/com/fasterxml/jackson/dataformat/jackson-dataformat-xml/2.9.0/jackson-dataformat-xml-2.9.0.jar:/home/user/.m2/repository/com/fasterxml/jackson/core/jackson-core/2.9.5/jackson-core-2.9.5.jar:/home/user/.m2/repository/com/fasterxml/jackson/module/jackson-module-jaxb-annotations/2.9.5/jackson-module-jaxb-annotations-2.9.5.jar:/home/user/.m2/repository/javax/enterprise/cdi-api/1.2/cdi-api-1.2.jar:/home/user/.m2/repository/javax/el/javax.el-api/3.0.0/javax.el-api-3.0.0.jar:/home/user/.m2/repository/javax/interceptor/javax.interceptor-api/1.2/javax.interceptor-api-1.2.jar:/home/user/.m2/repository/javax/inject/javax.inject/1/javax.inject-1.jar:/home/user/.m2/repository/com/sun/xml/bind/jaxb-impl/2.3.0.1/jaxb-impl-2.3.0.1.jar:/home/user/.m2/repository/com/sun/xml/bind/jaxb-core/2.3.0.1/jaxb-core-2.3.0.1.jar:/home/user/.m2/repository/javax/xml/bind/jaxb-api/2.3.0/jaxb-api-2.3.0.jar:/home/user/.m2/repository/javax/activation/activation/1.1.1/activation-1.1.1.jar:/home/user/.m2/repository/org/apache/hadoop/hadoop-ozone-csi/0.4.1-SNAPSHOT/hadoop-ozone-csi-0.4.1-SNAPSHOT.jar:/home/user/.m2/repository/com/google/protobuf/protobuf-java-util/3.5.1/protobuf-java-util-3.5.1.jar:/home/user/.m2/repository/org/apache/hadoop/hadoop-hdds-config/0.4.1-SNAPSHOT/hadoop-hdds-config-0.4.1-SNAPSHOT.jar:/home/user/.m2/repository/io/grpc/grpc-netty/1.17.1/grpc-netty-1.17.1.jar:/home/user/.m2/repository/io/grpc/grpc-core/1.17.1/grpc-core-1.17.1.jar:/home/user/.m2/repository/io/grpc/grpc-context/1.17.1/grpc-context-1.17.1.jar:/home/user/.m2/repository/com/google/errorprone/error_prone_annotations/2.2.0/error_prone_annotations-2.2.0.jar:/home/user/.m2/repository/org/codehaus/mojo/animal-sniffer-annotations/1.17/animal-sniffer-annotations-1.17.jar:/home/user/.m2/repository/io/opencensus/opencensus-api/0.17.0/opencensus-api-0.17.0.jar:/home/user/.m2/repository/io/opencensus/opencensus-contrib-grpc-metrics/0.17.0/opencensus-contrib-grpc-metrics-0.17.0.jar:/home/user/.m2/repository/io/netty/netty-codec-http2/4.1.30.Final/netty-codec-http2-4.1.30.Final.jar:/home/user/.m2/repository/io/netty/netty-codec-http/4.1.30.Final/netty-codec-http-4.1.30.Final.jar:/home/user/.m2/repository/io/netty/netty-codec/4.1.30.Final/netty-codec-4.1.30.Final.jar:/home/user/.m2/repository/io/netty/netty-handler/4.1.30.Final/netty-handler-4.1.30.Final.jar:/home/user/.m2/repository/io/netty/netty-handler-proxy/4.1.30.Final/netty-handler-proxy-4.1.30.Final.jar:/home/user/.m2/repository/io/netty/netty-codec-socks/4.1.30.Final/netty-codec-socks-4.1.30.Final.jar:/home/user/.m2/repository/io/netty/netty-transport-native-epoll/4.1.30.Final/netty-transport-native-epoll-4.1.30.Final.jar:/home/user/.m2/repository/io/netty/netty-common/4.1.30.Final/netty-common-4.1.30.Final.jar:/home/user/.m2/repository/io/netty/netty-buffer/4.1.30.Final/netty-buffer-4.1.30.Final.jar:/home/user/.m2/repository/io/netty/netty-transport/4.1.30.Final/netty-transport-4.1.30.Final.jar:/home/user/.m2/repository/io/netty/netty-resolver/4.1.30.Final/netty-resolver-4.1.30.Final.jar:/home/user/.m2/repository/io/netty/netty-transport-native-unix-common/4.1.30.Final/netty-transport-native-unix-common-4.1.30.Final.jar:/home/user/.m2/repository/io/grpc/grpc-protobuf/1.17.1/grpc-protobuf-1.17.1.jar:/home/user/.m2/repository/com/google/api/grpc/proto-google-common-protos/1.0.0/proto-google-common-protos-1.0.0.jar:/home/user/.m2/repository/io/grpc/grpc-protobuf-lite/1.17.1/grpc-protobuf-lite-1.17.1.jar:/home/user/.m2/repository/io/grpc/grpc-stub/1.17.1/grpc-stub-1.17.1.jar:/home/user/.m2/repository/org/apache/hadoop/hadoop-ozone-recon/0.4.1-SNAPSHOT/hadoop-ozone-recon-0.4.1-SNAPSHOT.jar:/home/user/.m2/repository/org/apache/hadoop/hadoop-ozone-reconcodegen/0.4.1-SNAPSHOT/hadoop-ozone-reconcodegen-0.4.1-SNAPSHOT.jar:/home/user/.m2/repository/com/google/inject/extensions/guice-multibindings/4.0/guice-multibindings-4.0.jar:/home/user/.m2/repository/com/google/inject/guice/4.0/guice-4.0.jar:/home/user/.m2/repository/aopalliance/aopalliance/1.0/aopalliance-1.0.jar:/home/user/.m2/repository/com/google/inject/extensions/guice-servlet/4.0/guice-servlet-4.0.jar:/home/user/.m2/repository/org/glassfish/jersey/containers/jersey-container-servlet/2.27/jersey-container-servlet-2.27.jar:/home/user/.m2/repository/org/glassfish/hk2/guice-bridge/2.5.0/guice-bridge-2.5.0.jar:/home/user/.m2/repository/org/glassfish/jersey/core/jersey-server/2.27/jersey-server-2.27.jar:/home/user/.m2/repository/org/glassfish/jersey/core/jersey-client/2.27/jersey-client-2.27.jar:/home/user/.m2/repository/org/glassfish/jersey/media/jersey-media-jaxb/2.27/jersey-media-jaxb-2.27.jar:/home/user/.m2/repository/javax/validation/validation-api/1.1.0.Final/validation-api-1.1.0.Final.jar:/home/user/.m2/repository/org/glassfish/jersey/media/jersey-media-json-jackson/2.27/jersey-media-json-jackson-2.27.jar:/home/user/.m2/repository/org/glassfish/jersey/ext/jersey-entity-filtering/2.27/jersey-entity-filtering-2.27.jar:/home/user/.m2/repository/com/google/inject/extensions/guice-assistedinject/4.0/guice-assistedinject-4.0.jar:/home/user/.m2/repository/org/jooq/jooq/3.11.10/jooq-3.11.10.jar:/home/user/.m2/repository/org/jooq/jooq-meta/3.11.10/jooq-meta-3.11.10.jar:/home/user/.m2/repository/org/jooq/jooq-codegen/3.11.10/jooq-codegen-3.11.10.jar:/home/user/.m2/repository/com/jolbox/bonecp/0.8.0.RELEASE/bonecp-0.8.0.RELEASE.jar:/home/user/.m2/repository/org/xerial/sqlite-jdbc/3.25.2/sqlite-jdbc-3.25.2.jar:/home/user/.m2/repository/org/springframework/spring-jdbc/5.1.3.RELEASE/spring-jdbc-5.1.3.RELEASE.jar:/home/user/.m2/repository/org/springframework/spring-beans/5.1.3.RELEASE/spring-beans-5.1.3.RELEASE.jar:/home/user/.m2/repository/org/springframework/spring-core/5.1.3.RELEASE/spring-core-5.1.3.RELEASE.jar:/home/user/.m2/repository/org/springframework/spring-jcl/5.1.3.RELEASE/spring-jcl-5.1.3.RELEASE.jar:/home/user/.m2/repository/org/springframework/spring-tx/5.1.3.RELEASE/spring-tx-5.1.3.RELEASE.jar:/home/user/.m2/repository/org/apache/hadoop/hadoop-ozone-client/0.4.1-SNAPSHOT/hadoop-ozone-client-0.4.1-SNAPSHOT.jar:/home/user/.m2/repository/commons-lang/commons-lang/2.6/commons-lang-2.6.jar:/home/user/.m2/repository/org/apache/hadoop/hadoop-ozone-ozone-manager/0.4.1-SNAPSHOT/hadoop-ozone-ozone-manager-0.4.1-SNAPSHOT-tests.jar:/home/user/.m2/repository/junit/junit/4.11/junit-4.11.jar:/home/user/.m2/repository/org/hamcrest/hamcrest-core/1.3/hamcrest-core-1.3.jar:/home/user/.m2/repository/org/openjdk/jmh/jmh-core/1.19/jmh-core-1.19.jar:/home/user/.m2/repository/net/sf/jopt-simple/jopt-simple/4.6/jopt-simple-4.6.jar:/home/user/.m2/repository/org/apache/commons/commons-math3/3.1.1/commons-math3-3.1.1.jar:/home/user/.m2/repository/org/openjdk/jmh/jmh-generator-annprocess/1.19/jmh-generator-annprocess-1.19.jar:/home/user/.m2/repository/org/mockito/mockito-all/1.8.5/mockito-all-1.8.5.jar:/home/user/.m2/repository/org/apache/hadoop/hadoop-kms/3.2.0/hadoop-kms-3.2.0.jar:/home/user/.m2/repository/org/apache/hadoop/hadoop-auth/3.2.0/hadoop-auth-3.2.0.jar:/home/user/.m2/repository/com/nimbusds/nimbus-jose-jwt/4.41.1/nimbus-jose-jwt-4.41.1.jar:/home/user/.m2/repository/com/github/stephenc/jcip/jcip-annotations/1.0-1/jcip-annotations-1.0-1.jar:/home/user/.m2/repository/net/minidev/json-smart/2.3/json-smart-2.3.jar:/home/user/.m2/repository/net/minidev/accessors-smart/1.2/accessors-smart-1.2.jar:/home/user/.m2/repository/org/ow2/asm/asm/5.0.4/asm-5.0.4.jar:/home/user/.m2/repository/org/apache/curator/curator-framework/2.12.0/curator-framework-2.12.0.jar:/home/user/.m2/repository/com/sun/jersey/jersey-core/1.19/jersey-core-1.19.jar:/home/user/.m2/repository/javax/ws/rs/jsr311-api/1.1.1/jsr311-api-1.1.1.jar:/home/user/.m2/repository/com/sun/jersey/jersey-server/1.19/jersey-server-1.19.jar:/home/user/.m2/repository/javax/servlet/javax.servlet-api/3.1.0/javax.servlet-api-3.1.0.jar:/home/user/.m2/repository/org/eclipse/jetty/jetty-server/9.3.24.v20180605/jetty-server-9.3.24.v20180605.jar:/home/user/.m2/repository/org/eclipse/jetty/jetty-http/9.3.24.v20180605/jetty-http-9.3.24.v20180605.jar:/home/user/.m2/repository/org/eclipse/jetty/jetty-io/9.3.24.v20180605/jetty-io-9.3.24.v20180605.jar:/home/user/.m2/repository/org/eclipse/jetty/jetty-webapp/9.3.24.v20180605/jetty-webapp-9.3.24.v20180605.jar:/home/user/.m2/repository/org/eclipse/jetty/jetty-xml/9.3.24.v20180605/jetty-xml-9.3.24.v20180605.jar:/home/user/.m2/repository/log4j/log4j/1.2.17/log4j-1.2.17.jar:/home/user/.m2/repository/org/slf4j/slf4j-api/1.7.25/slf4j-api-1.7.25.jar:/home/user/.m2/repository/org/slf4j/jul-to-slf4j/1.7.25/jul-to-slf4j-1.7.25.jar:/home/user/.m2/repository/org/eclipse/jetty/jetty-util/9.3.24.v20180605/jetty-util-9.3.24.v20180605.jar:/home/user/.m2/repository/com/fasterxml/jackson/core/jackson-databind/2.9.5/jackson-databind-2.9.5.jar:/home/user/.m2/repository/org/apache/hadoop/hadoop-kms/3.2.0/hadoop-kms-3.2.0-tests.jar:/home/user/.m2/repository/org/apache/hadoop/hadoop-hdds-server-scm/0.4.1-SNAPSHOT/hadoop-hdds-server-scm-0.4.1-SNAPSHOT-tests.jar:/home/user/.m2/repository/org/apache/hadoop/hadoop-hdds-container-service/0.4.1-SNAPSHOT/hadoop-hdds-container-service-0.4.1-SNAPSHOT-tests.jar:/home/user/.m2/repository/org/yaml/snakeyaml/1.16/snakeyaml-1.16.jar:/home/user/.m2/repository/org/apache/hadoop/hadoop-common/3.2.0/hadoop-common-3.2.0-tests.jar:/home/user/.m2/repository/org/apache/hadoop/hadoop-annotations/3.2.0/hadoop-annotations-3.2.0.jar:/usr/lib/jvm/java-1.8-openjdk/jre/../lib/tools.jar:/home/user/.m2/repository/commons-cli/commons-cli/1.2/commons-cli-1.2.jar:/home/user/.m2/repository/org/apache/httpcomponents/httpclient/4.5.2/httpclient-4.5.2.jar:/home/user/.m2/repository/org/apache/httpcomponents/httpcore/4.4.4/httpcore-4.4.4.jar:/home/user/.m2/repository/commons-codec/commons-codec/1.11/commons-codec-1.11.jar:/home/user/.m2/repository/commons-net/commons-net/3.6/commons-net-3.6.jar:/home/user/.m2/repository/commons-collections/commons-collections/3.2.2/commons-collections-3.2.2.jar:/home/user/.m2/repository/org/eclipse/jetty/jetty-servlet/9.3.24.v20180605/jetty-servlet-9.3.24.v20180605.jar:/home/user/.m2/repository/org/eclipse/jetty/jetty-security/9.3.24.v20180605/jetty-security-9.3.24.v20180605.jar:/home/user/.m2/repository/javax/servlet/jsp/jsp-api/2.1/jsp-api-2.1.jar:/home/user/.m2/repository/com/sun/jersey/jersey-servlet/1.19/jersey-servlet-1.19.jar:/home/user/.m2/repository/com/sun/jersey/jersey-json/1.19/jersey-json-1.19.jar:/home/user/.m2/repository/org/codehaus/jettison/jettison/1.1/jettison-1.1.jar:/home/user/.m2/repository/org/codehaus/jackson/jackson-core-asl/1.9.13/jackson-core-asl-1.9.13.jar:/home/user/.m2/repository/org/codehaus/jackson/jackson-mapper-asl/1.9.13/jackson-mapper-asl-1.9.13.jar:/home/user/.m2/repository/org/codehaus/jackson/jackson-jaxrs/1.9.13/jackson-jaxrs-1.9.13.jar:/home/user/.m2/repository/org/codehaus/jackson/jackson-xc/1.9.13/jackson-xc-1.9.13.jar:/home/user/.m2/repository/commons-logging/commons-logging/1.1.3/commons-logging-1.1.3.jar:/home/user/.m2/repository/commons-beanutils/commons-beanutils/1.9.3/commons-beanutils-1.9.3.jar:/home/user/.m2/repository/org/apache/commons/commons-configuration2/2.1.1/commons-configuration2-2.1.1.jar:/home/user/.m2/repository/org/apache/commons/commons-lang3/3.7/commons-lang3-3.7.jar:/home/user/.m2/repository/org/apache/commons/commons-text/1.4/commons-text-1.4.jar:/home/user/.m2/repository/org/apache/avro/avro/1.7.7/avro-1.7.7.jar:/home/user/.m2/repository/com/thoughtworks/paranamer/paranamer/2.3/paranamer-2.3.jar:/home/user/.m2/repository/org/xerial/snappy/snappy-java/1.0.5/snappy-java-1.0.5.jar:/home/user/.m2/repository/com/google/re2j/re2j/1.1/re2j-1.1.jar:/home/user/.m2/repository/com/google/code/gson/gson/2.2.4/gson-2.2.4.jar:/home/user/.m2/repository/com/jcraft/jsch/0.1.54/jsch-0.1.54.jar:/home/user/.m2/repository/org/apache/curator/curator-client/2.12.0/curator-client-2.12.0.jar:/home/user/.m2/repository/org/apache/curator/curator-recipes/2.12.0/curator-recipes-2.12.0.jar:/home/user/.m2/repository/com/google/code/findbugs/jsr305/3.0.0/jsr305-3.0.0.jar:/home/user/.m2/repository/org/apache/htrace/htrace-core4/4.1.0-incubating/htrace-core4-4.1.0-incubating.jar:/home/user/.m2/repository/org/apache/zookeeper/zookeeper/3.4.13/zookeeper-3.4.13.jar:/home/user/.m2/repository/org/apache/yetus/audience-annotations/0.5.0/audience-annotations-0.5.0.jar:/home/user/.m2/repository/org/codehaus/woodstox/stax2-api/3.1.4/stax2-api-3.1.4.jar:/home/user/.m2/repository/com/fasterxml/woodstox/woodstox-core/5.0.3/woodstox-core-5.0.3.jar:/home/user/.m2/repository/dnsjava/dnsjava/2.1.7/dnsjava-2.1.7.jar:/home/user/.m2/repository/org/apache/hadoop/hadoop-hdfs/3.2.0/hadoop-hdfs-3.2.0-tests.jar:/home/user/.m2/repository/org/eclipse/jetty/jetty-util-ajax/9.3.24.v20180605/jetty-util-ajax-9.3.24.v20180605.jar:/home/user/.m2/repository/commons-daemon/commons-daemon/1.0.13/commons-daemon-1.0.13.jar:/home/user/.m2/repository/io/netty/netty/3.10.5.Final/netty-3.10.5.Final.jar:/home/user/.m2/repository/io/netty/netty-all/4.0.52.Final/netty-all-4.0.52.Final.jar:/home/user/.m2/repository/org/fusesource/leveldbjni/leveldbjni-all/1.8/leveldbjni-all-1.8.jar:"/>
    <property name="java.vm.vendor" value="IcedTea"/>
    <property name="sun.arch.data.model" value="64"/>
    <property name="test.build.dir" value="/workdir/hadoop-ozone/integration-test/target/test-dir"/>
    <property name="test.cache.data" value=""/>
    <property name="java.vendor.url" value="https://icedtea.classpath.org"/>
    <property name="user.timezone" value=""/>
    <property name="java.vm.specification.version" value="1.8"/>
    <property name="os.name" value="Linux"/>
    <property name="test.build.data" value="/workdir/hadoop-ozone/integration-test/target/test-dir"/>
    <property name="user.country" value="US"/>
    <property name="sun.java.launcher" value="SUN_STANDARD"/>
    <property name="sun.boot.library.path" value="/usr/lib/jvm/java-1.8-openjdk/jre/lib/amd64"/>
    <property name="sun.java.command" value="/workdir/hadoop-ozone/integration-test/target/surefire/surefirebooter4876328786206743562.jar /workdir/hadoop-ozone/integration-test/target/surefire 2019-08-16T03-13-19_334-jvmRun1 surefire7187200116610475450tmp surefire_202119560012103146172tmp"/>
    <property name="test" value="!TestMiniChaosOzoneCluster"/>
    <property name="surefire.test.class.path" value="/workdir/hadoop-ozone/integration-test/target/test-classes:/workdir/hadoop-ozone/integration-test/target/classes:/home/user/.m2/repository/org/apache/hadoop/hadoop-ozone-common/0.4.1-SNAPSHOT/hadoop-ozone-common-0.4.1-SNAPSHOT.jar:/home/user/.m2/repository/org/apache/commons/commons-compress/1.4.1/commons-compress-1.4.1.jar:/home/user/.m2/repository/org/tukaani/xz/1.0/xz-1.0.jar:/home/user/.m2/repository/org/apache/hadoop/hadoop-common/3.2.0/hadoop-common-3.2.0.jar:/home/user/.m2/repository/org/apache/hadoop/hadoop-hdfs/3.2.0/hadoop-hdfs-3.2.0.jar:/home/user/.m2/repository/org/apache/hadoop/hadoop-hdfs-client/3.2.0/hadoop-hdfs-client-3.2.0.jar:/home/user/.m2/repository/com/fasterxml/jackson/core/jackson-annotations/2.9.5/jackson-annotations-2.9.5.jar:/home/user/.m2/repository/org/apache/hadoop/hadoop-hdds-common/0.4.1-SNAPSHOT/hadoop-hdds-common-0.4.1-SNAPSHOT.jar:/home/user/.m2/repository/javax/annotation/javax.annotation-api/1.2/javax.annotation-api-1.2.jar:/home/user/.m2/repository/org/apache/ratis/ratis-server/0.4.0-2337318-SNAPSHOT/ratis-server-0.4.0-2337318-SNAPSHOT.jar:/home/user/.m2/repository/org/apache/ratis/ratis-thirdparty-misc/0.2.0/ratis-thirdparty-misc-0.2.0.jar:/home/user/.m2/repository/org/apache/ratis/ratis-proto/0.4.0-2337318-SNAPSHOT/ratis-proto-0.4.0-2337318-SNAPSHOT.jar:/home/user/.m2/repository/org/apache/ratis/ratis-common/0.4.0-2337318-SNAPSHOT/ratis-common-0.4.0-2337318-SNAPSHOT.jar:/home/user/.m2/repository/org/apache/ratis/ratis-client/0.4.0-2337318-SNAPSHOT/ratis-client-0.4.0-2337318-SNAPSHOT.jar:/home/user/.m2/repository/org/apache/ratis/ratis-metrics/0.4.0-2337318-SNAPSHOT/ratis-metrics-0.4.0-2337318-SNAPSHOT.jar:/home/user/.m2/repository/org/apache/ratis/ratis-netty/0.4.0-2337318-SNAPSHOT/ratis-netty-0.4.0-2337318-SNAPSHOT.jar:/home/user/.m2/repository/org/apache/ratis/ratis-grpc/0.4.0-2337318-SNAPSHOT/ratis-grpc-0.4.0-2337318-SNAPSHOT.jar:/home/user/.m2/repository/org/rocksdb/rocksdbjni/6.0.1/rocksdbjni-6.0.1.jar:/home/user/.m2/repository/org/apache/logging/log4j/log4j-api/2.11.0/log4j-api-2.11.0.jar:/home/user/.m2/repository/org/apache/logging/log4j/log4j-core/2.11.0/log4j-core-2.11.0.jar:/home/user/.m2/repository/com/lmax/disruptor/3.4.2/disruptor-3.4.2.jar:/home/user/.m2/repository/org/apache/commons/commons-pool2/2.6.0/commons-pool2-2.6.0.jar:/home/user/.m2/repository/org/bouncycastle/bcpkix-jdk15on/1.60/bcpkix-jdk15on-1.60.jar:/home/user/.m2/repository/commons-validator/commons-validator/1.6/commons-validator-1.6.jar:/home/user/.m2/repository/commons-digester/commons-digester/1.8.1/commons-digester-1.8.1.jar:/home/user/.m2/repository/io/jaegertracing/jaeger-client/0.33.1/jaeger-client-0.33.1.jar:/home/user/.m2/repository/io/jaegertracing/jaeger-thrift/0.33.1/jaeger-thrift-0.33.1.jar:/home/user/.m2/repository/org/apache/thrift/libthrift/0.11.0/libthrift-0.11.0.jar:/home/user/.m2/repository/com/squareup/okhttp3/okhttp/3.9.0/okhttp-3.9.0.jar:/home/user/.m2/repository/com/squareup/okio/okio/1.13.0/okio-1.13.0.jar:/home/user/.m2/repository/io/jaegertracing/jaeger-core/0.33.1/jaeger-core-0.33.1.jar:/home/user/.m2/repository/io/jaegertracing/jaeger-tracerresolver/0.33.1/jaeger-tracerresolver-0.33.1.jar:/home/user/.m2/repository/io/opentracing/contrib/opentracing-tracerresolver/0.1.5/opentracing-tracerresolver-0.1.5.jar:/home/user/.m2/repository/io/opentracing/opentracing-util/0.31.0/opentracing-util-0.31.0.jar:/home/user/.m2/repository/io/opentracing/opentracing-api/0.31.0/opentracing-api-0.31.0.jar:/home/user/.m2/repository/io/opentracing/opentracing-noop/0.31.0/opentracing-noop-0.31.0.jar:/home/user/.m2/repository/org/apache/hadoop/hadoop-hdds-server-framework/0.4.1-SNAPSHOT/hadoop-hdds-server-framework-0.4.1-SNAPSHOT.jar:/home/user/.m2/repository/org/apache/hadoop/hadoop-hdds-container-service/0.4.1-SNAPSHOT/hadoop-hdds-container-service-0.4.1-SNAPSHOT.jar:/home/user/.m2/repository/org/apache/hadoop/hadoop-hdds-client/0.4.1-SNAPSHOT/hadoop-hdds-client-0.4.1-SNAPSHOT.jar:/home/user/.m2/repository/org/apache/hadoop/hadoop-hdds-tools/0.4.1-SNAPSHOT/hadoop-hdds-tools-0.4.1-SNAPSHOT.jar:/home/user/.m2/repository/org/apache/hadoop/hadoop-hdds-server-scm/0.4.1-SNAPSHOT/hadoop-hdds-server-scm-0.4.1-SNAPSHOT.jar:/home/user/.m2/repository/org/apache/hadoop/hadoop-hdds-docs/0.4.1-SNAPSHOT/hadoop-hdds-docs-0.4.1-SNAPSHOT.jar:/home/user/.m2/repository/io/dropwizard/metrics/metrics-core/3.2.4/metrics-core-3.2.4.jar:/home/user/.m2/repository/org/hamcrest/hamcrest-all/1.3/hamcrest-all-1.3.jar:/home/user/.m2/repository/org/bouncycastle/bcprov-jdk15on/1.60/bcprov-jdk15on-1.60.jar:/home/user/.m2/repository/info/picocli/picocli/3.9.6/picocli-3.9.6.jar:/home/user/.m2/repository/com/google/protobuf/protobuf-java/2.5.0/protobuf-java-2.5.0.jar:/home/user/.m2/repository/com/google/guava/guava/11.0.2/guava-11.0.2.jar:/home/user/.m2/repository/org/apache/hadoop/hadoop-ozone-ozone-manager/0.4.1-SNAPSHOT/hadoop-ozone-ozone-manager-0.4.1-SNAPSHOT.jar:/home/user/.m2/repository/org/apache/hadoop/hadoop-minikdc/3.2.0/hadoop-minikdc-3.2.0.jar:/home/user/.m2/repository/commons-io/commons-io/2.5/commons-io-2.5.jar:/home/user/.m2/repository/org/apache/kerby/kerb-simplekdc/1.0.1/kerb-simplekdc-1.0.1.jar:/home/user/.m2/repository/org/apache/kerby/kerb-client/1.0.1/kerb-client-1.0.1.jar:/home/user/.m2/repository/org/apache/kerby/kerby-config/1.0.1/kerby-config-1.0.1.jar:/home/user/.m2/repository/org/apache/kerby/kerb-core/1.0.1/kerb-core-1.0.1.jar:/home/user/.m2/repository/org/apache/kerby/kerby-pkix/1.0.1/kerby-pkix-1.0.1.jar:/home/user/.m2/repository/org/apache/kerby/kerby-asn1/1.0.1/kerby-asn1-1.0.1.jar:/home/user/.m2/repository/org/apache/kerby/kerby-util/1.0.1/kerby-util-1.0.1.jar:/home/user/.m2/repository/org/apache/kerby/kerb-common/1.0.1/kerb-common-1.0.1.jar:/home/user/.m2/repository/org/apache/kerby/kerb-crypto/1.0.1/kerb-crypto-1.0.1.jar:/home/user/.m2/repository/org/apache/kerby/kerb-util/1.0.1/kerb-util-1.0.1.jar:/home/user/.m2/repository/org/apache/kerby/token-provider/1.0.1/token-provider-1.0.1.jar:/home/user/.m2/repository/org/apache/kerby/kerb-admin/1.0.1/kerb-admin-1.0.1.jar:/home/user/.m2/repository/org/apache/kerby/kerb-server/1.0.1/kerb-server-1.0.1.jar:/home/user/.m2/repository/org/apache/kerby/kerb-identity/1.0.1/kerb-identity-1.0.1.jar:/home/user/.m2/repository/org/apache/kerby/kerby-xdr/1.0.1/kerby-xdr-1.0.1.jar:/home/user/.m2/repository/org/slf4j/slf4j-log4j12/1.7.25/slf4j-log4j12-1.7.25.jar:/home/user/.m2/repository/org/apache/hadoop/hadoop-ozone-objectstore-service/0.4.1-SNAPSHOT/hadoop-ozone-objectstore-service-0.4.1-SNAPSHOT.jar:/home/user/.m2/repository/org/apache/hadoop/hadoop-ozone-s3gateway/0.4.1-SNAPSHOT/hadoop-ozone-s3gateway-0.4.1-SNAPSHOT.jar:/home/user/.m2/repository/org/jboss/weld/servlet/weld-servlet/2.4.7.Final/weld-servlet-2.4.7.Final.jar:/home/user/.m2/repository/org/glassfish/jersey/containers/jersey-container-servlet-core/2.27/jersey-container-servlet-core-2.27.jar:/home/user/.m2/repository/org/glassfish/hk2/external/javax.inject/2.5.0-b42/javax.inject-2.5.0-b42.jar:/home/user/.m2/repository/org/glassfish/jersey/core/jersey-common/2.27/jersey-common-2.27.jar:/home/user/.m2/repository/org/glassfish/hk2/osgi-resource-locator/1.0.1/osgi-resource-locator-1.0.1.jar:/home/user/.m2/repository/javax/ws/rs/javax.ws.rs-api/2.1/javax.ws.rs-api-2.1.jar:/home/user/.m2/repository/org/glassfish/jersey/ext/cdi/jersey-cdi1x/2.27/jersey-cdi1x-2.27.jar:/home/user/.m2/repository/org/glassfish/jersey/inject/jersey-hk2/2.27/jersey-hk2-2.27.jar:/home/user/.m2/repository/org/glassfish/hk2/hk2-locator/2.5.0-b42/hk2-locator-2.5.0-b42.jar:/home/user/.m2/repository/org/javassist/javassist/3.22.0-CR2/javassist-3.22.0-CR2.jar:/home/user/.m2/repository/org/glassfish/hk2/hk2-api/2.5.0/hk2-api-2.5.0.jar:/home/user/.m2/repository/org/glassfish/hk2/external/jakarta.inject/2.5.0/jakarta.inject-2.5.0.jar:/home/user/.m2/repository/org/glassfish/hk2/hk2-utils/2.5.0/hk2-utils-2.5.0.jar:/home/user/.m2/repository/jakarta/annotation/jakarta.annotation-api/1.3.4/jakarta.annotation-api-1.3.4.jar:/home/user/.m2/repository/org/glassfish/hk2/external/aopalliance-repackaged/2.5.0/aopalliance-repackaged-2.5.0.jar:/home/user/.m2/repository/com/fasterxml/jackson/dataformat/jackson-dataformat-xml/2.9.0/jackson-dataformat-xml-2.9.0.jar:/home/user/.m2/repository/com/fasterxml/jackson/core/jackson-core/2.9.5/jackson-core-2.9.5.jar:/home/user/.m2/repository/com/fasterxml/jackson/module/jackson-module-jaxb-annotations/2.9.5/jackson-module-jaxb-annotations-2.9.5.jar:/home/user/.m2/repository/javax/enterprise/cdi-api/1.2/cdi-api-1.2.jar:/home/user/.m2/repository/javax/el/javax.el-api/3.0.0/javax.el-api-3.0.0.jar:/home/user/.m2/repository/javax/interceptor/javax.interceptor-api/1.2/javax.interceptor-api-1.2.jar:/home/user/.m2/repository/javax/inject/javax.inject/1/javax.inject-1.jar:/home/user/.m2/repository/com/sun/xml/bind/jaxb-impl/2.3.0.1/jaxb-impl-2.3.0.1.jar:/home/user/.m2/repository/com/sun/xml/bind/jaxb-core/2.3.0.1/jaxb-core-2.3.0.1.jar:/home/user/.m2/repository/javax/xml/bind/jaxb-api/2.3.0/jaxb-api-2.3.0.jar:/home/user/.m2/repository/javax/activation/activation/1.1.1/activation-1.1.1.jar:/home/user/.m2/repository/org/apache/hadoop/hadoop-ozone-csi/0.4.1-SNAPSHOT/hadoop-ozone-csi-0.4.1-SNAPSHOT.jar:/home/user/.m2/repository/com/google/protobuf/protobuf-java-util/3.5.1/protobuf-java-util-3.5.1.jar:/home/user/.m2/repository/org/apache/hadoop/hadoop-hdds-config/0.4.1-SNAPSHOT/hadoop-hdds-config-0.4.1-SNAPSHOT.jar:/home/user/.m2/repository/io/grpc/grpc-netty/1.17.1/grpc-netty-1.17.1.jar:/home/user/.m2/repository/io/grpc/grpc-core/1.17.1/grpc-core-1.17.1.jar:/home/user/.m2/repository/io/grpc/grpc-context/1.17.1/grpc-context-1.17.1.jar:/home/user/.m2/repository/com/google/errorprone/error_prone_annotations/2.2.0/error_prone_annotations-2.2.0.jar:/home/user/.m2/repository/org/codehaus/mojo/animal-sniffer-annotations/1.17/animal-sniffer-annotations-1.17.jar:/home/user/.m2/repository/io/opencensus/opencensus-api/0.17.0/opencensus-api-0.17.0.jar:/home/user/.m2/repository/io/opencensus/opencensus-contrib-grpc-metrics/0.17.0/opencensus-contrib-grpc-metrics-0.17.0.jar:/home/user/.m2/repository/io/netty/netty-codec-http2/4.1.30.Final/netty-codec-http2-4.1.30.Final.jar:/home/user/.m2/repository/io/netty/netty-codec-http/4.1.30.Final/netty-codec-http-4.1.30.Final.jar:/home/user/.m2/repository/io/netty/netty-codec/4.1.30.Final/netty-codec-4.1.30.Final.jar:/home/user/.m2/repository/io/netty/netty-handler/4.1.30.Final/netty-handler-4.1.30.Final.jar:/home/user/.m2/repository/io/netty/netty-handler-proxy/4.1.30.Final/netty-handler-proxy-4.1.30.Final.jar:/home/user/.m2/repository/io/netty/netty-codec-socks/4.1.30.Final/netty-codec-socks-4.1.30.Final.jar:/home/user/.m2/repository/io/netty/netty-transport-native-epoll/4.1.30.Final/netty-transport-native-epoll-4.1.30.Final.jar:/home/user/.m2/repository/io/netty/netty-common/4.1.30.Final/netty-common-4.1.30.Final.jar:/home/user/.m2/repository/io/netty/netty-buffer/4.1.30.Final/netty-buffer-4.1.30.Final.jar:/home/user/.m2/repository/io/netty/netty-transport/4.1.30.Final/netty-transport-4.1.30.Final.jar:/home/user/.m2/repository/io/netty/netty-resolver/4.1.30.Final/netty-resolver-4.1.30.Final.jar:/home/user/.m2/repository/io/netty/netty-transport-native-unix-common/4.1.30.Final/netty-transport-native-unix-common-4.1.30.Final.jar:/home/user/.m2/repository/io/grpc/grpc-protobuf/1.17.1/grpc-protobuf-1.17.1.jar:/home/user/.m2/repository/com/google/api/grpc/proto-google-common-protos/1.0.0/proto-google-common-protos-1.0.0.jar:/home/user/.m2/repository/io/grpc/grpc-protobuf-lite/1.17.1/grpc-protobuf-lite-1.17.1.jar:/home/user/.m2/repository/io/grpc/grpc-stub/1.17.1/grpc-stub-1.17.1.jar:/home/user/.m2/repository/org/apache/hadoop/hadoop-ozone-recon/0.4.1-SNAPSHOT/hadoop-ozone-recon-0.4.1-SNAPSHOT.jar:/home/user/.m2/repository/org/apache/hadoop/hadoop-ozone-reconcodegen/0.4.1-SNAPSHOT/hadoop-ozone-reconcodegen-0.4.1-SNAPSHOT.jar:/home/user/.m2/repository/com/google/inject/extensions/guice-multibindings/4.0/guice-multibindings-4.0.jar:/home/user/.m2/repository/com/google/inject/guice/4.0/guice-4.0.jar:/home/user/.m2/repository/aopalliance/aopalliance/1.0/aopalliance-1.0.jar:/home/user/.m2/repository/com/google/inject/extensions/guice-servlet/4.0/guice-servlet-4.0.jar:/home/user/.m2/repository/org/glassfish/jersey/containers/jersey-container-servlet/2.27/jersey-container-servlet-2.27.jar:/home/user/.m2/repository/org/glassfish/hk2/guice-bridge/2.5.0/guice-bridge-2.5.0.jar:/home/user/.m2/repository/org/glassfish/jersey/core/jersey-server/2.27/jersey-server-2.27.jar:/home/user/.m2/repository/org/glassfish/jersey/core/jersey-client/2.27/jersey-client-2.27.jar:/home/user/.m2/repository/org/glassfish/jersey/media/jersey-media-jaxb/2.27/jersey-media-jaxb-2.27.jar:/home/user/.m2/repository/javax/validation/validation-api/1.1.0.Final/validation-api-1.1.0.Final.jar:/home/user/.m2/repository/org/glassfish/jersey/media/jersey-media-json-jackson/2.27/jersey-media-json-jackson-2.27.jar:/home/user/.m2/repository/org/glassfish/jersey/ext/jersey-entity-filtering/2.27/jersey-entity-filtering-2.27.jar:/home/user/.m2/repository/com/google/inject/extensions/guice-assistedinject/4.0/guice-assistedinject-4.0.jar:/home/user/.m2/repository/org/jooq/jooq/3.11.10/jooq-3.11.10.jar:/home/user/.m2/repository/org/jooq/jooq-meta/3.11.10/jooq-meta-3.11.10.jar:/home/user/.m2/repository/org/jooq/jooq-codegen/3.11.10/jooq-codegen-3.11.10.jar:/home/user/.m2/repository/com/jolbox/bonecp/0.8.0.RELEASE/bonecp-0.8.0.RELEASE.jar:/home/user/.m2/repository/org/xerial/sqlite-jdbc/3.25.2/sqlite-jdbc-3.25.2.jar:/home/user/.m2/repository/org/springframework/spring-jdbc/5.1.3.RELEASE/spring-jdbc-5.1.3.RELEASE.jar:/home/user/.m2/repository/org/springframework/spring-beans/5.1.3.RELEASE/spring-beans-5.1.3.RELEASE.jar:/home/user/.m2/repository/org/springframework/spring-core/5.1.3.RELEASE/spring-core-5.1.3.RELEASE.jar:/home/user/.m2/repository/org/springframework/spring-jcl/5.1.3.RELEASE/spring-jcl-5.1.3.RELEASE.jar:/home/user/.m2/repository/org/springframework/spring-tx/5.1.3.RELEASE/spring-tx-5.1.3.RELEASE.jar:/home/user/.m2/repository/org/apache/hadoop/hadoop-ozone-client/0.4.1-SNAPSHOT/hadoop-ozone-client-0.4.1-SNAPSHOT.jar:/home/user/.m2/repository/commons-lang/commons-lang/2.6/commons-lang-2.6.jar:/home/user/.m2/repository/org/apache/hadoop/hadoop-ozone-ozone-manager/0.4.1-SNAPSHOT/hadoop-ozone-ozone-manager-0.4.1-SNAPSHOT-tests.jar:/home/user/.m2/repository/junit/junit/4.11/junit-4.11.jar:/home/user/.m2/repository/org/hamcrest/hamcrest-core/1.3/hamcrest-core-1.3.jar:/home/user/.m2/repository/org/openjdk/jmh/jmh-core/1.19/jmh-core-1.19.jar:/home/user/.m2/repository/net/sf/jopt-simple/jopt-simple/4.6/jopt-simple-4.6.jar:/home/user/.m2/repository/org/apache/commons/commons-math3/3.1.1/commons-math3-3.1.1.jar:/home/user/.m2/repository/org/openjdk/jmh/jmh-generator-annprocess/1.19/jmh-generator-annprocess-1.19.jar:/home/user/.m2/repository/org/mockito/mockito-all/1.8.5/mockito-all-1.8.5.jar:/home/user/.m2/repository/org/apache/hadoop/hadoop-kms/3.2.0/hadoop-kms-3.2.0.jar:/home/user/.m2/repository/org/apache/hadoop/hadoop-auth/3.2.0/hadoop-auth-3.2.0.jar:/home/user/.m2/repository/com/nimbusds/nimbus-jose-jwt/4.41.1/nimbus-jose-jwt-4.41.1.jar:/home/user/.m2/repository/com/github/stephenc/jcip/jcip-annotations/1.0-1/jcip-annotations-1.0-1.jar:/home/user/.m2/repository/net/minidev/json-smart/2.3/json-smart-2.3.jar:/home/user/.m2/repository/net/minidev/accessors-smart/1.2/accessors-smart-1.2.jar:/home/user/.m2/repository/org/ow2/asm/asm/5.0.4/asm-5.0.4.jar:/home/user/.m2/repository/org/apache/curator/curator-framework/2.12.0/curator-framework-2.12.0.jar:/home/user/.m2/repository/com/sun/jersey/jersey-core/1.19/jersey-core-1.19.jar:/home/user/.m2/repository/javax/ws/rs/jsr311-api/1.1.1/jsr311-api-1.1.1.jar:/home/user/.m2/repository/com/sun/jersey/jersey-server/1.19/jersey-server-1.19.jar:/home/user/.m2/repository/javax/servlet/javax.servlet-api/3.1.0/javax.servlet-api-3.1.0.jar:/home/user/.m2/repository/org/eclipse/jetty/jetty-server/9.3.24.v20180605/jetty-server-9.3.24.v20180605.jar:/home/user/.m2/repository/org/eclipse/jetty/jetty-http/9.3.24.v20180605/jetty-http-9.3.24.v20180605.jar:/home/user/.m2/repository/org/eclipse/jetty/jetty-io/9.3.24.v20180605/jetty-io-9.3.24.v20180605.jar:/home/user/.m2/repository/org/eclipse/jetty/jetty-webapp/9.3.24.v20180605/jetty-webapp-9.3.24.v20180605.jar:/home/user/.m2/repository/org/eclipse/jetty/jetty-xml/9.3.24.v20180605/jetty-xml-9.3.24.v20180605.jar:/home/user/.m2/repository/log4j/log4j/1.2.17/log4j-1.2.17.jar:/home/user/.m2/repository/org/slf4j/slf4j-api/1.7.25/slf4j-api-1.7.25.jar:/home/user/.m2/repository/org/slf4j/jul-to-slf4j/1.7.25/jul-to-slf4j-1.7.25.jar:/home/user/.m2/repository/org/eclipse/jetty/jetty-util/9.3.24.v20180605/jetty-util-9.3.24.v20180605.jar:/home/user/.m2/repository/com/fasterxml/jackson/core/jackson-databind/2.9.5/jackson-databind-2.9.5.jar:/home/user/.m2/repository/org/apache/hadoop/hadoop-kms/3.2.0/hadoop-kms-3.2.0-tests.jar:/home/user/.m2/repository/org/apache/hadoop/hadoop-hdds-server-scm/0.4.1-SNAPSHOT/hadoop-hdds-server-scm-0.4.1-SNAPSHOT-tests.jar:/home/user/.m2/repository/org/apache/hadoop/hadoop-hdds-container-service/0.4.1-SNAPSHOT/hadoop-hdds-container-service-0.4.1-SNAPSHOT-tests.jar:/home/user/.m2/repository/org/yaml/snakeyaml/1.16/snakeyaml-1.16.jar:/home/user/.m2/repository/org/apache/hadoop/hadoop-common/3.2.0/hadoop-common-3.2.0-tests.jar:/home/user/.m2/repository/org/apache/hadoop/hadoop-annotations/3.2.0/hadoop-annotations-3.2.0.jar:/usr/lib/jvm/java-1.8-openjdk/jre/../lib/tools.jar:/home/user/.m2/repository/commons-cli/commons-cli/1.2/commons-cli-1.2.jar:/home/user/.m2/repository/org/apache/httpcomponents/httpclient/4.5.2/httpclient-4.5.2.jar:/home/user/.m2/repository/org/apache/httpcomponents/httpcore/4.4.4/httpcore-4.4.4.jar:/home/user/.m2/repository/commons-codec/commons-codec/1.11/commons-codec-1.11.jar:/home/user/.m2/repository/commons-net/commons-net/3.6/commons-net-3.6.jar:/home/user/.m2/repository/commons-collections/commons-collections/3.2.2/commons-collections-3.2.2.jar:/home/user/.m2/repository/org/eclipse/jetty/jetty-servlet/9.3.24.v20180605/jetty-servlet-9.3.24.v20180605.jar:/home/user/.m2/repository/org/eclipse/jetty/jetty-security/9.3.24.v20180605/jetty-security-9.3.24.v20180605.jar:/home/user/.m2/repository/javax/servlet/jsp/jsp-api/2.1/jsp-api-2.1.jar:/home/user/.m2/repository/com/sun/jersey/jersey-servlet/1.19/jersey-servlet-1.19.jar:/home/user/.m2/repository/com/sun/jersey/jersey-json/1.19/jersey-json-1.19.jar:/home/user/.m2/repository/org/codehaus/jettison/jettison/1.1/jettison-1.1.jar:/home/user/.m2/repository/org/codehaus/jackson/jackson-core-asl/1.9.13/jackson-core-asl-1.9.13.jar:/home/user/.m2/repository/org/codehaus/jackson/jackson-mapper-asl/1.9.13/jackson-mapper-asl-1.9.13.jar:/home/user/.m2/repository/org/codehaus/jackson/jackson-jaxrs/1.9.13/jackson-jaxrs-1.9.13.jar:/home/user/.m2/repository/org/codehaus/jackson/jackson-xc/1.9.13/jackson-xc-1.9.13.jar:/home/user/.m2/repository/commons-logging/commons-logging/1.1.3/commons-logging-1.1.3.jar:/home/user/.m2/repository/commons-beanutils/commons-beanutils/1.9.3/commons-beanutils-1.9.3.jar:/home/user/.m2/repository/org/apache/commons/commons-configuration2/2.1.1/commons-configuration2-2.1.1.jar:/home/user/.m2/repository/org/apache/commons/commons-lang3/3.7/commons-lang3-3.7.jar:/home/user/.m2/repository/org/apache/commons/commons-text/1.4/commons-text-1.4.jar:/home/user/.m2/repository/org/apache/avro/avro/1.7.7/avro-1.7.7.jar:/home/user/.m2/repository/com/thoughtworks/paranamer/paranamer/2.3/paranamer-2.3.jar:/home/user/.m2/repository/org/xerial/snappy/snappy-java/1.0.5/snappy-java-1.0.5.jar:/home/user/.m2/repository/com/google/re2j/re2j/1.1/re2j-1.1.jar:/home/user/.m2/repository/com/google/code/gson/gson/2.2.4/gson-2.2.4.jar:/home/user/.m2/repository/com/jcraft/jsch/0.1.54/jsch-0.1.54.jar:/home/user/.m2/repository/org/apache/curator/curator-client/2.12.0/curator-client-2.12.0.jar:/home/user/.m2/repository/org/apache/curator/curator-recipes/2.12.0/curator-recipes-2.12.0.jar:/home/user/.m2/repository/com/google/code/findbugs/jsr305/3.0.0/jsr305-3.0.0.jar:/home/user/.m2/repository/org/apache/htrace/htrace-core4/4.1.0-incubating/htrace-core4-4.1.0-incubating.jar:/home/user/.m2/repository/org/apache/zookeeper/zookeeper/3.4.13/zookeeper-3.4.13.jar:/home/user/.m2/repository/org/apache/yetus/audience-annotations/0.5.0/audience-annotations-0.5.0.jar:/home/user/.m2/repository/org/codehaus/woodstox/stax2-api/3.1.4/stax2-api-3.1.4.jar:/home/user/.m2/repository/com/fasterxml/woodstox/woodstox-core/5.0.3/woodstox-core-5.0.3.jar:/home/user/.m2/repository/dnsjava/dnsjava/2.1.7/dnsjava-2.1.7.jar:/home/user/.m2/repository/org/apache/hadoop/hadoop-hdfs/3.2.0/hadoop-hdfs-3.2.0-tests.jar:/home/user/.m2/repository/org/eclipse/jetty/jetty-util-ajax/9.3.24.v20180605/jetty-util-ajax-9.3.24.v20180605.jar:/home/user/.m2/repository/commons-daemon/commons-daemon/1.0.13/commons-daemon-1.0.13.jar:/home/user/.m2/repository/io/netty/netty/3.10.5.Final/netty-3.10.5.Final.jar:/home/user/.m2/repository/io/netty/netty-all/4.0.52.Final/netty-all-4.0.52.Final.jar:/home/user/.m2/repository/org/fusesource/leveldbjni/leveldbjni-all/1.8/leveldbjni-all-1.8.jar:"/>
    <property name="sun.cpu.endian" value="little"/>
    <property name="user.home" value="/home/user"/>
    <property name="user.language" value="en"/>
    <property name="java.specification.vendor" value="Oracle Corporation"/>
    <property name="java.home" value="/usr/lib/jvm/java-1.8-openjdk/jre"/>
    <property name="java.security.krb5.conf" value="/workdir/hadoop-ozone/integration-test/target/test-classes/krb5.conf"/>
    <property name="basedir" value="/workdir/hadoop-ozone/integration-test"/>
    <property name="file.separator" value="/"/>
    <property name="line.separator" value="&#10;"/>
    <property name="java.vm.specification.vendor" value="Oracle Corporation"/>
    <property name="java.specification.name" value="Java Platform API Specification"/>
    <property name="java.awt.graphicsenv" value="sun.awt.X11GraphicsEnvironment"/>
    <property name="surefire.real.class.path" value="/workdir/hadoop-ozone/integration-test/target/surefire/surefirebooter4876328786206743562.jar"/>
    <property name="hadoop.log.dir" value="/workdir/hadoop-ozone/integration-test/target/log"/>
    <property name="sun.boot.class.path" value="/usr/lib/jvm/java-1.8-openjdk/jre/lib/resources.jar:/usr/lib/jvm/java-1.8-openjdk/jre/lib/rt.jar:/usr/lib/jvm/java-1.8-openjdk/jre/lib/sunrsasign.jar:/usr/lib/jvm/java-1.8-openjdk/jre/lib/jsse.jar:/usr/lib/jvm/java-1.8-openjdk/jre/lib/jce.jar:/usr/lib/jvm/java-1.8-openjdk/jre/lib/charsets.jar:/usr/lib/jvm/java-1.8-openjdk/jre/lib/jfr.jar:/usr/lib/jvm/java-1.8-openjdk/jre/classes"/>
    <property name="sun.management.compiler" value="HotSpot 64-Bit Tiered Compilers"/>
    <property name="java.runtime.version" value="1.8.0_212-b04"/>
    <property name="java.net.preferIPv4Stack" value="true"/>
    <property name="user.name" value="jenkins1000"/>
    <property name="path.separator" value=":"/>
    <property name="java.security.egd" value="file:///dev/urandom"/>
    <property name="os.version" value="3.10.0-957.12.2.el7.x86_64"/>
    <property name="java.endorsed.dirs" value="/usr/lib/jvm/java-1.8-openjdk/jre/lib/endorsed"/>
    <property name="java.runtime.name" value="OpenJDK Runtime Environment"/>
    <property name="file.encoding" value="UTF-8"/>
    <property name="java.vm.name" value="OpenJDK 64-Bit Server VM"/>
    <property name="test.build.webapps" value=""/>
    <property name="localRepository" value="/home/user/.m2/repository"/>
    <property name="java.vendor.url.bug" value="https://icedtea.classpath.org/bugzilla"/>
    <property name="java.io.tmpdir" value="/tmp"/>
    <property name="require.test.libhadoop" value=""/>
    <property name="java.version" value="1.8.0_212"/>
    <property name="user.dir" value="/workdir/hadoop-ozone/integration-test"/>
    <property name="os.arch" value="amd64"/>
    <property name="java.vm.specification.name" value="Java Virtual Machine Specification"/>
    <property name="test.build.classes" value="/workdir/hadoop-ozone/integration-test/target/test-classes"/>
    <property name="java.awt.printerjob" value="sun.print.PSPrinterJob"/>
    <property name="sun.os.patch.level" value="unknown"/>
    <property name="hadoop.tmp.dir" value="/workdir/hadoop-ozone/integration-test/target/tmp"/>
    <property name="java.library.path" value="/usr/lib/jvm/java-1.8-openjdk/jre/lib/amd64/server:/usr/lib/jvm/java-1.8-openjdk/jre/lib/amd64:/usr/lib/jvm/java-1.8-openjdk/jre/../lib/amd64:/workdir/hadoop-ozone/integration-test/target/native/target/usr/local/lib:/workdir/hadoop-ozone/integration-test/../../hadoop-common-project/hadoop-common/target/native/target/usr/local/lib:/usr/java/packages/lib/amd64:/usr/lib64:/lib64:/lib:/usr/lib"/>
    <property name="java.vm.info" value="mixed mode"/>
    <property name="java.vendor" value="IcedTea"/>
    <property name="java.vm.version" value="25.212-b04"/>
    <property name="java.ext.dirs" value="/usr/lib/jvm/java-1.8-openjdk/jre/lib/ext:/usr/java/packages/lib/ext"/>
    <property name="sun.io.unicode.encoding" value="UnicodeLittle"/>
    <property name="java.class.version" value="52.0"/>
  </properties>
  <testcase name="test2DatanodesFailure" classname="org.apache.hadoop.ozone.client.rpc.TestBlockOutputStreamWithFailures" time="48.886">
    <failure message="expected:&lt;5&gt; but was:&lt;6&gt;" type="java.lang.AssertionError"><![CDATA[java.lang.AssertionError: expected:<5> but was:<6>
	at org.junit.Assert.fail(Assert.java:88)
	at org.junit.Assert.failNotEquals(Assert.java:743)
	at org.junit.Assert.assertEquals(Assert.java:118)
	at org.junit.Assert.assertEquals(Assert.java:555)
	at org.junit.Assert.assertEquals(Assert.java:542)
	at org.apache.hadoop.ozone.client.rpc.TestBlockOutputStreamWithFailures.test2DatanodesFailure(TestBlockOutputStreamWithFailures.java:467)
	at sun.reflect.NativeMethodAccessorImpl.invoke0(Native Method)
	at sun.reflect.NativeMethodAccessorImpl.invoke(NativeMethodAccessorImpl.java:62)
	at sun.reflect.DelegatingMethodAccessorImpl.invoke(DelegatingMethodAccessorImpl.java:43)
	at java.lang.reflect.Method.invoke(Method.java:498)
	at org.junit.runners.model.FrameworkMethod$1.runReflectiveCall(FrameworkMethod.java:47)
	at org.junit.internal.runners.model.ReflectiveCallable.run(ReflectiveCallable.java:12)
	at org.junit.runners.model.FrameworkMethod.invokeExplosively(FrameworkMethod.java:44)
	at org.junit.internal.runners.statements.InvokeMethod.evaluate(InvokeMethod.java:17)
	at org.junit.internal.runners.statements.RunBefores.evaluate(RunBefores.java:26)
	at org.junit.internal.runners.statements.RunAfters.evaluate(RunAfters.java:27)
	at org.junit.runners.ParentRunner.runLeaf(ParentRunner.java:271)
	at org.junit.runners.BlockJUnit4ClassRunner.runChild(BlockJUnit4ClassRunner.java:70)
	at org.junit.runners.BlockJUnit4ClassRunner.runChild(BlockJUnit4ClassRunner.java:50)
	at org.junit.runners.ParentRunner$3.run(ParentRunner.java:238)
	at org.junit.runners.ParentRunner$1.schedule(ParentRunner.java:63)
	at org.junit.runners.ParentRunner.runChildren(ParentRunner.java:236)
	at org.junit.runners.ParentRunner.access$000(ParentRunner.java:53)
	at org.junit.runners.ParentRunner$2.evaluate(ParentRunner.java:229)
	at org.junit.runners.ParentRunner.run(ParentRunner.java:309)
	at org.apache.maven.surefire.junit4.JUnit4Provider.execute(JUnit4Provider.java:365)
	at org.apache.maven.surefire.junit4.JUnit4Provider.executeWithRerun(JUnit4Provider.java:273)
	at org.apache.maven.surefire.junit4.JUnit4Provider.executeTestSet(JUnit4Provider.java:238)
	at org.apache.maven.surefire.junit4.JUnit4Provider.invoke(JUnit4Provider.java:159)
	at org.apache.maven.surefire.booter.ForkedBooter.invokeProviderInSameClassLoader(ForkedBooter.java:384)
	at org.apache.maven.surefire.booter.ForkedBooter.runSuitesInProcess(ForkedBooter.java:345)
	at org.apache.maven.surefire.booter.ForkedBooter.execute(ForkedBooter.java:126)
	at org.apache.maven.surefire.booter.ForkedBooter.main(ForkedBooter.java:418)
]]></failure>
    <system-out><![CDATA[2019-08-16 03:30:51,116 WARN  server.ServerUtils (ServerUtils.java:getScmDbDir(145)) - ozone.scm.db.dirs is not configured. We recommend adding this setting. Falling back to ozone.metadata.dirs instead.
2019-08-16 03:30:51,210 WARN  server.ServerUtils (ServerUtils.java:getScmDbDir(145)) - ozone.scm.db.dirs is not configured. We recommend adding this setting. Falling back to ozone.metadata.dirs instead.
2019-08-16 03:30:51,213 WARN  server.ServerUtils (ServerUtils.java:getScmDbDir(145)) - ozone.scm.db.dirs is not configured. We recommend adding this setting. Falling back to ozone.metadata.dirs instead.
2019-08-16 03:30:51,226 INFO  util.log (Log.java:initialized(192)) - Logging initialized @831ms
2019-08-16 03:30:51,307 INFO  db.DBStoreBuilder (DBStoreBuilder.java:addTable(110)) - using custom profile for table: deletedBlocks
2019-08-16 03:30:51,307 INFO  db.DBStoreBuilder (DBStoreBuilder.java:processTables(161)) - Using default column profile:DBProfile.DISK for Table:deletedBlocks
2019-08-16 03:30:51,307 INFO  db.DBStoreBuilder (DBStoreBuilder.java:addTable(110)) - using custom profile for table: validCerts
2019-08-16 03:30:51,308 INFO  db.DBStoreBuilder (DBStoreBuilder.java:processTables(161)) - Using default column profile:DBProfile.DISK for Table:validCerts
2019-08-16 03:30:51,308 INFO  db.DBStoreBuilder (DBStoreBuilder.java:addTable(110)) - using custom profile for table: revokedCerts
2019-08-16 03:30:51,308 INFO  db.DBStoreBuilder (DBStoreBuilder.java:processTables(161)) - Using default column profile:DBProfile.DISK for Table:revokedCerts
2019-08-16 03:30:51,317 INFO  db.DBStoreBuilder (DBStoreBuilder.java:addTable(110)) - using custom profile for table: default
2019-08-16 03:30:51,318 INFO  db.DBStoreBuilder (DBStoreBuilder.java:processTables(167)) - Using default column profile:DBProfile.DISK for Table:default
2019-08-16 03:30:51,318 INFO  db.DBStoreBuilder (DBStoreBuilder.java:getDbProfile(198)) - Using default options. DBProfile.DISK
2019-08-16 03:30:51,505 INFO  net.NodeSchemaLoader (NodeSchemaLoader.java:loadSchemaFromFile(125)) - Loading file from sun.misc.CompoundEnumeration@7714e963
2019-08-16 03:30:51,507 INFO  net.NodeSchemaLoader (NodeSchemaLoader.java:loadSchema(171)) - Loading network topology layer schema file
2019-08-16 03:30:51,568 INFO  node.SCMNodeManager (SCMNodeManager.java:<init>(121)) - Entering startup safe mode.
2019-08-16 03:30:51,637 WARN  server.ServerUtils (ServerUtils.java:getScmDbDir(145)) - ozone.scm.db.dirs is not configured. We recommend adding this setting. Falling back to ozone.metadata.dirs instead.
2019-08-16 03:30:51,703 INFO  pipeline.SCMPipelineManager (SCMPipelineManager.java:initializePipelineState(126)) - No pipeline exists in current db
2019-08-16 03:30:51,705 WARN  server.ServerUtils (ServerUtils.java:getScmDbDir(145)) - ozone.scm.db.dirs is not configured. We recommend adding this setting. Falling back to ozone.metadata.dirs instead.
2019-08-16 03:30:51,824 WARN  events.EventQueue (EventQueue.java:fireEvent(175)) - No event handler registered for event TypedEvent{payloadType=SafeModeStatus, name='SafeModeStatus'}
2019-08-16 03:30:52,203 INFO  ipc.CallQueueManager (CallQueueManager.java:<init>(84)) - Using callQueue: class java.util.concurrent.LinkedBlockingQueue, queueCapacity: 2000, scheduler: class org.apache.hadoop.ipc.DefaultRpcScheduler, ipcBackoff: false.
2019-08-16 03:30:52,239 INFO  ipc.Server (Server.java:run(1074)) - Starting Socket Reader #1 for port 38130
2019-08-16 03:30:52,268 INFO  ipc.CallQueueManager (CallQueueManager.java:<init>(84)) - Using callQueue: class java.util.concurrent.LinkedBlockingQueue, queueCapacity: 2000, scheduler: class org.apache.hadoop.ipc.DefaultRpcScheduler, ipcBackoff: false.
2019-08-16 03:30:52,269 INFO  ipc.Server (Server.java:run(1074)) - Starting Socket Reader #1 for port 46836
2019-08-16 03:30:52,278 INFO  ipc.CallQueueManager (CallQueueManager.java:<init>(84)) - Using callQueue: class java.util.concurrent.LinkedBlockingQueue, queueCapacity: 2000, scheduler: class org.apache.hadoop.ipc.DefaultRpcScheduler, ipcBackoff: false.
2019-08-16 03:30:52,279 INFO  ipc.Server (Server.java:run(1074)) - Starting Socket Reader #1 for port 33297
2019-08-16 03:30:52,421 INFO  hdfs.DFSUtil (DFSUtil.java:httpServerTemplateForNNAndJN(1641)) - Starting Web-server for scm at: http://0.0.0.0:0
2019-08-16 03:30:52,594 INFO  server.AuthenticationFilter (AuthenticationFilter.java:constructSecretProvider(240)) - Unable to initialize FileSignerSecretProvider, falling back to use random secrets.
2019-08-16 03:30:52,602 WARN  http.HttpRequestLog (HttpRequestLog.java:getRequestLog(97)) - Jetty request log can only be enabled using Log4j
2019-08-16 03:30:52,610 INFO  http.HttpServer2 (HttpServer2.java:addGlobalFilter(975)) - Added global filter 'safety' (class=org.apache.hadoop.http.HttpServer2$QuotingInputFilter)
2019-08-16 03:30:52,613 INFO  http.HttpServer2 (HttpServer2.java:addFilter(948)) - Added filter static_user_filter (class=org.apache.hadoop.http.lib.StaticUserWebFilter$StaticUserFilter) to context scm
2019-08-16 03:30:52,613 INFO  http.HttpServer2 (HttpServer2.java:addFilter(958)) - Added filter static_user_filter (class=org.apache.hadoop.http.lib.StaticUserWebFilter$StaticUserFilter) to context static
2019-08-16 03:30:52,613 INFO  http.HttpServer2 (HttpServer2.java:addFilter(958)) - Added filter static_user_filter (class=org.apache.hadoop.http.lib.StaticUserWebFilter$StaticUserFilter) to context logs
2019-08-16 03:30:52,640 INFO  server.StorageContainerManager (StorageContainerManager.java:start(759)) - StorageContainerLocationProtocol RPC server is listening at /0.0.0.0:33297
2019-08-16 03:30:52,703 WARN  impl.MetricsConfig (MetricsConfig.java:loadFirst(134)) - Cannot locate configuration: tried hadoop-metrics2-storagecontainermanager.properties,hadoop-metrics2.properties
2019-08-16 03:30:52,718 INFO  impl.MetricsSystemImpl (MetricsSystemImpl.java:startTimer(374)) - Scheduled Metric snapshot period at 10 second(s).
2019-08-16 03:30:52,718 INFO  impl.MetricsSystemImpl (MetricsSystemImpl.java:start(191)) - StorageContainerManager metrics system started
2019-08-16 03:30:52,947 INFO  server.SCMClientProtocolServer (SCMClientProtocolServer.java:start(151)) - RPC server for Client  is listening at /0.0.0.0:33297
2019-08-16 03:30:52,947 INFO  ipc.Server (Server.java:run(1314)) - IPC Server Responder: starting
2019-08-16 03:30:52,947 INFO  ipc.Server (Server.java:run(1153)) - IPC Server listener on 33297: starting
2019-08-16 03:30:52,951 INFO  server.StorageContainerManager (StorageContainerManager.java:start(769)) - ScmBlockLocationProtocol RPC server is listening at /0.0.0.0:46836
2019-08-16 03:30:52,951 INFO  server.SCMBlockProtocolServer (SCMBlockProtocolServer.java:start(140)) - RPC server for Block Protocol is listening at /0.0.0.0:46836
2019-08-16 03:30:52,951 INFO  ipc.Server (Server.java:run(1314)) - IPC Server Responder: starting
2019-08-16 03:30:52,952 INFO  ipc.Server (Server.java:run(1153)) - IPC Server listener on 46836: starting
2019-08-16 03:30:52,958 INFO  server.StorageContainerManager (StorageContainerManager.java:start(773)) - ScmDatanodeProtocl RPC server is listening at /0.0.0.0:38130
2019-08-16 03:30:52,958 INFO  server.SCMDatanodeProtocolServer (SCMDatanodeProtocolServer.java:start(191)) - RPC server for DataNodes is listening at /0.0.0.0:38130
2019-08-16 03:30:52,959 INFO  ipc.Server (Server.java:run(1314)) - IPC Server Responder: starting
2019-08-16 03:30:52,959 INFO  ipc.Server (Server.java:run(1153)) - IPC Server listener on 38130: starting
2019-08-16 03:30:52,967 INFO  http.HttpServer2 (HttpServer2.java:bindListener(1191)) - Jetty bound to port 35568
2019-08-16 03:30:52,970 INFO  server.Server (Server.java:doStart(351)) - jetty-9.3.24.v20180605, build timestamp: 2018-06-05T17:11:56Z, git hash: 84205aa28f11a4f31f2a3b86d1bba2cc8ab69827
2019-08-16 03:30:53,009 INFO  handler.ContextHandler (ContextHandler.java:doStart(781)) - Started o.e.j.s.ServletContextHandler@6bbe2511{/logs,file:///workdir/hadoop-ozone/integration-test/target/log,AVAILABLE}
2019-08-16 03:30:53,009 INFO  handler.ContextHandler (ContextHandler.java:doStart(781)) - Started o.e.j.s.ServletContextHandler@76012793{/static,file:///workdir/hadoop-ozone/integration-test/target/test-classes/webapps/static,AVAILABLE}
2019-08-16 03:30:53,042 INFO  handler.ContextHandler (ContextHandler.java:doStart(781)) - Started o.e.j.w.WebAppContext@664a9613{/,file:///workdir/hadoop-ozone/integration-test/target/test-classes/webapps/scm/,AVAILABLE}{/scm}
2019-08-16 03:30:53,047 INFO  server.AbstractConnector (AbstractConnector.java:doStart(278)) - Started ServerConnector@37ebc9d8{HTTP/1.1,[http/1.1]}{0.0.0.0:35568}
2019-08-16 03:30:53,047 INFO  server.Server (Server.java:doStart(419)) - Started @2652ms
2019-08-16 03:30:53,049 INFO  server.BaseHttpServer (BaseHttpServer.java:updateConnectorAddress(207)) - HTTP server of SCM is listening at http://0.0.0.0:35568
2019-08-16 03:30:53,057 INFO  util.JvmPauseMonitor (JvmPauseMonitor.java:run(188)) - Starting JVM pause monitor
2019-08-16 03:30:53,062 WARN  server.ServerUtils (ServerUtils.java:getDBPath(222)) - ozone.om.db.dirs is not configured. We recommend adding this setting. Falling back to ozone.metadata.dirs instead.
2019-08-16 03:30:53,201 WARN  server.ServerUtils (ServerUtils.java:getDBPath(222)) - ozone.om.db.dirs is not configured. We recommend adding this setting. Falling back to ozone.metadata.dirs instead.
2019-08-16 03:30:53,202 WARN  server.ServerUtils (ServerUtils.java:getDBPath(222)) - ozone.om.db.dirs is not configured. We recommend adding this setting. Falling back to ozone.metadata.dirs instead.
2019-08-16 03:30:53,203 INFO  om.OzoneManager (OzoneManager.java:setOMNodeDetails(644)) - OM Service ID is not set. Setting it to the default ID: omServiceIdDefault
2019-08-16 03:30:53,203 INFO  om.OzoneManager (OzoneManager.java:setOMNodeDetails(650)) - OM Node ID is not set. Setting it to the OmStorage's OmID: f87f7144-316d-4d99-9265-9d58fadd4573
2019-08-16 03:30:53,204 INFO  om.OzoneManager (OzoneManager.java:loadOMHAConfigs(601)) - Found matching OM address with OMServiceId: null, OMNodeId: null, RPC Address: localhost:0 and Ratis port: 9872
2019-08-16 03:30:53,977 WARN  server.ServerUtils (ServerUtils.java:getDBPath(222)) - ozone.om.db.dirs is not configured. We recommend adding this setting. Falling back to ozone.metadata.dirs instead.
2019-08-16 03:30:53,984 INFO  db.DBStoreBuilder (DBStoreBuilder.java:addTable(110)) - using custom profile for table: userTable
2019-08-16 03:30:53,985 INFO  db.DBStoreBuilder (DBStoreBuilder.java:processTables(161)) - Using default column profile:DBProfile.DISK for Table:userTable
2019-08-16 03:30:53,985 INFO  db.DBStoreBuilder (DBStoreBuilder.java:addTable(110)) - using custom profile for table: volumeTable
2019-08-16 03:30:53,985 INFO  db.DBStoreBuilder (DBStoreBuilder.java:processTables(161)) - Using default column profile:DBProfile.DISK for Table:volumeTable
2019-08-16 03:30:53,985 INFO  db.DBStoreBuilder (DBStoreBuilder.java:addTable(110)) - using custom profile for table: bucketTable
2019-08-16 03:30:53,985 INFO  db.DBStoreBuilder (DBStoreBuilder.java:processTables(161)) - Using default column profile:DBProfile.DISK for Table:bucketTable
2019-08-16 03:30:53,986 INFO  db.DBStoreBuilder (DBStoreBuilder.java:addTable(110)) - using custom profile for table: keyTable
2019-08-16 03:30:53,986 INFO  db.DBStoreBuilder (DBStoreBuilder.java:processTables(161)) - Using default column profile:DBProfile.DISK for Table:keyTable
2019-08-16 03:30:53,986 INFO  db.DBStoreBuilder (DBStoreBuilder.java:addTable(110)) - using custom profile for table: deletedTable
2019-08-16 03:30:53,986 INFO  db.DBStoreBuilder (DBStoreBuilder.java:processTables(161)) - Using default column profile:DBProfile.DISK for Table:deletedTable
2019-08-16 03:30:53,987 INFO  db.DBStoreBuilder (DBStoreBuilder.java:addTable(110)) - using custom profile for table: openKeyTable
2019-08-16 03:30:53,987 INFO  db.DBStoreBuilder (DBStoreBuilder.java:processTables(161)) - Using default column profile:DBProfile.DISK for Table:openKeyTable
2019-08-16 03:30:53,987 INFO  db.DBStoreBuilder (DBStoreBuilder.java:addTable(110)) - using custom profile for table: s3Table
2019-08-16 03:30:53,987 INFO  db.DBStoreBuilder (DBStoreBuilder.java:processTables(161)) - Using default column profile:DBProfile.DISK for Table:s3Table
2019-08-16 03:30:53,988 INFO  db.DBStoreBuilder (DBStoreBuilder.java:addTable(110)) - using custom profile for table: multipartInfoTable
2019-08-16 03:30:53,988 INFO  db.DBStoreBuilder (DBStoreBuilder.java:processTables(161)) - Using default column profile:DBProfile.DISK for Table:multipartInfoTable
2019-08-16 03:30:53,988 INFO  db.DBStoreBuilder (DBStoreBuilder.java:addTable(110)) - using custom profile for table: dTokenTable
2019-08-16 03:30:53,988 INFO  db.DBStoreBuilder (DBStoreBuilder.java:processTables(161)) - Using default column profile:DBProfile.DISK for Table:dTokenTable
2019-08-16 03:30:53,989 INFO  db.DBStoreBuilder (DBStoreBuilder.java:addTable(110)) - using custom profile for table: s3SecretTable
2019-08-16 03:30:53,989 INFO  db.DBStoreBuilder (DBStoreBuilder.java:processTables(161)) - Using default column profile:DBProfile.DISK for Table:s3SecretTable
2019-08-16 03:30:53,989 INFO  db.DBStoreBuilder (DBStoreBuilder.java:addTable(110)) - using custom profile for table: prefixTable
2019-08-16 03:30:53,989 INFO  db.DBStoreBuilder (DBStoreBuilder.java:processTables(161)) - Using default column profile:DBProfile.DISK for Table:prefixTable
2019-08-16 03:30:53,990 INFO  db.DBStoreBuilder (DBStoreBuilder.java:addTable(110)) - using custom profile for table: default
2019-08-16 03:30:53,990 INFO  db.DBStoreBuilder (DBStoreBuilder.java:processTables(167)) - Using default column profile:DBProfile.DISK for Table:default
2019-08-16 03:30:53,990 INFO  db.DBStoreBuilder (DBStoreBuilder.java:getDbProfile(198)) - Using default options. DBProfile.DISK
2019-08-16 03:30:54,441 INFO  ipc.CallQueueManager (CallQueueManager.java:<init>(84)) - Using callQueue: class java.util.concurrent.LinkedBlockingQueue, queueCapacity: 2000, scheduler: class org.apache.hadoop.ipc.DefaultRpcScheduler, ipcBackoff: false.
2019-08-16 03:30:54,443 INFO  ipc.Server (Server.java:run(1074)) - Starting Socket Reader #1 for port 36330
2019-08-16 03:30:54,464 INFO  om.OzoneManager (OzoneManager.java:start(1255)) - OzoneManager RPC server is listening at localhost/127.0.0.1:36330
2019-08-16 03:30:54,464 INFO  impl.MetricsSystemImpl (MetricsSystemImpl.java:init(158)) - OzoneManager metrics system started (again)
2019-08-16 03:30:54,465 INFO  ipc.Server (Server.java:run(1314)) - IPC Server Responder: starting
2019-08-16 03:30:54,465 INFO  ipc.Server (Server.java:run(1153)) - IPC Server listener on 36330: starting
2019-08-16 03:30:54,476 INFO  hdfs.DFSUtil (DFSUtil.java:httpServerTemplateForNNAndJN(1641)) - Starting Web-server for ozoneManager at: http://0.0.0.0:0
2019-08-16 03:30:54,477 INFO  server.AuthenticationFilter (AuthenticationFilter.java:constructSecretProvider(240)) - Unable to initialize FileSignerSecretProvider, falling back to use random secrets.
2019-08-16 03:30:54,478 WARN  http.HttpRequestLog (HttpRequestLog.java:getRequestLog(97)) - Jetty request log can only be enabled using Log4j
2019-08-16 03:30:54,480 INFO  http.HttpServer2 (HttpServer2.java:addGlobalFilter(975)) - Added global filter 'safety' (class=org.apache.hadoop.http.HttpServer2$QuotingInputFilter)
2019-08-16 03:30:54,481 INFO  http.HttpServer2 (HttpServer2.java:addFilter(948)) - Added filter static_user_filter (class=org.apache.hadoop.http.lib.StaticUserWebFilter$StaticUserFilter) to context ozoneManager
2019-08-16 03:30:54,481 INFO  http.HttpServer2 (HttpServer2.java:addFilter(958)) - Added filter static_user_filter (class=org.apache.hadoop.http.lib.StaticUserWebFilter$StaticUserFilter) to context static
2019-08-16 03:30:54,482 INFO  http.HttpServer2 (HttpServer2.java:addFilter(958)) - Added filter static_user_filter (class=org.apache.hadoop.http.lib.StaticUserWebFilter$StaticUserFilter) to context logs
2019-08-16 03:30:54,484 INFO  http.HttpServer2 (HttpServer2.java:bindListener(1191)) - Jetty bound to port 37613
2019-08-16 03:30:54,484 INFO  server.Server (Server.java:doStart(351)) - jetty-9.3.24.v20180605, build timestamp: 2018-06-05T17:11:56Z, git hash: 84205aa28f11a4f31f2a3b86d1bba2cc8ab69827
2019-08-16 03:30:54,486 INFO  handler.ContextHandler (ContextHandler.java:doStart(781)) - Started o.e.j.s.ServletContextHandler@40021799{/logs,file:///workdir/hadoop-ozone/integration-test/target/log,AVAILABLE}
2019-08-16 03:30:54,486 INFO  handler.ContextHandler (ContextHandler.java:doStart(781)) - Started o.e.j.s.ServletContextHandler@332f25c8{/static,file:///workdir/hadoop-ozone/integration-test/target/test-classes/webapps/static,AVAILABLE}
2019-08-16 03:30:54,491 INFO  handler.ContextHandler (ContextHandler.java:doStart(781)) - Started o.e.j.w.WebAppContext@72ed9aad{/,file:///workdir/hadoop-ozone/integration-test/target/test-classes/webapps/ozoneManager/,AVAILABLE}{/ozoneManager}
2019-08-16 03:30:54,492 INFO  server.AbstractConnector (AbstractConnector.java:doStart(278)) - Started ServerConnector@4690f583{HTTP/1.1,[http/1.1]}{0.0.0.0:37613}
2019-08-16 03:30:54,492 INFO  server.Server (Server.java:doStart(419)) - Started @4097ms
2019-08-16 03:30:54,493 INFO  server.BaseHttpServer (BaseHttpServer.java:updateConnectorAddress(207)) - HTTP server of OZONEMANAGER is listening at http://0.0.0.0:37613
2019-08-16 03:30:54,848 INFO  impl.MetricsSystemImpl (MetricsSystemImpl.java:init(158)) - HddsDatanode metrics system started (again)
2019-08-16 03:30:54,938 INFO  ozone.HddsDatanodeService (HddsDatanodeService.java:start(184)) - HddsDatanodeService host:byscane-nightly-5jrvm-589107607 ip:192.168.5.170
2019-08-16 03:30:54,971 INFO  volume.HddsVolume (HddsVolume.java:<init>(176)) - Creating Volume: /workdir/hadoop-ozone/integration-test/target/test-dir/MiniOzoneClusterImpl-15f544e2-cbcb-4b36-b33b-c7f51713c2ca/datanode-0/data/containers/hdds of  storage type : DISK and capacity : 1482555576320
2019-08-16 03:30:54,973 INFO  volume.VolumeSet (VolumeSet.java:initializeVolumeSet(170)) - Added Volume : /workdir/hadoop-ozone/integration-test/target/test-dir/MiniOzoneClusterImpl-15f544e2-cbcb-4b36-b33b-c7f51713c2ca/datanode-0/data/containers/hdds to VolumeSet
2019-08-16 03:30:54,976 INFO  volume.ThrottledAsyncChecker (ThrottledAsyncChecker.java:schedule(140)) - Scheduling a check for org.apache.hadoop.ozone.container.common.volume.HddsVolume@6441c486
2019-08-16 03:30:54,994 INFO  volume.HddsVolumeChecker (HddsVolumeChecker.java:checkAllVolumes(203)) - Scheduled health check for volume org.apache.hadoop.ozone.container.common.volume.HddsVolume@6441c486
2019-08-16 03:30:55,101 INFO  impl.RaftServerProxy (ConfUtils.java:logGet(43)) - raft.rpc.type = GRPC (default)
2019-08-16 03:30:55,181 INFO  grpc.GrpcFactory (GrpcFactory.java:checkPooledByteBufAllocatorUseCacheForAllThreads(45)) - PERFORMANCE WARNING: useCacheForAllThreads is true that may cause Netty to create a lot garbage objects and, as a result, trigger GC.
	It is recommended to disable useCacheForAllThreads by setting -Dorg.apache.ratis.thirdparty.io.netty.allocator.useCacheForAllThreads=false in command line.
2019-08-16 03:30:55,188 INFO  grpc.GrpcConfigKeys$Server (ConfUtils.java:logGet(43)) - raft.grpc.server.port = 0 (default)
2019-08-16 03:30:55,189 INFO  server.GrpcService (ConfUtils.java:logGet(43)) - raft.grpc.message.size.max = 33570816 (custom)
2019-08-16 03:30:55,190 INFO  server.RaftServerConfigKeys (ConfUtils.java:logGet(43)) - raft.server.log.appender.buffer.byte-limit = 33554432 (custom)
2019-08-16 03:30:55,191 INFO  server.GrpcService (ConfUtils.java:logGet(43)) - raft.grpc.flow.control.window = 1MB (=1048576) (default)
2019-08-16 03:30:55,192 INFO  server.RaftServerConfigKeys (ConfUtils.java:logGet(43)) - raft.server.rpc.request.timeout = 3000ms (default)
2019-08-16 03:30:55,358 INFO  server.RaftServerConfigKeys (ConfUtils.java:logGet(43)) - raft.server.storage.dir = [/workdir/hadoop-ozone/integration-test/target/test-dir/MiniOzoneClusterImpl-15f544e2-cbcb-4b36-b33b-c7f51713c2ca/datanode-0/data/ratis] (custom)
2019-08-16 03:30:55,395 INFO  replication.SimpleContainerDownloader (SimpleContainerDownloader.java:<init>(72)) - Starting container downloader service to copy containers to replicate.
2019-08-16 03:30:55,409 INFO  hdfs.DFSUtil (DFSUtil.java:httpServerTemplateForNNAndJN(1641)) - Starting Web-server for hddsDatanode at: http://0.0.0.0:0
2019-08-16 03:30:55,413 INFO  server.AuthenticationFilter (AuthenticationFilter.java:constructSecretProvider(240)) - Unable to initialize FileSignerSecretProvider, falling back to use random secrets.
2019-08-16 03:30:55,414 WARN  http.HttpRequestLog (HttpRequestLog.java:getRequestLog(97)) - Jetty request log can only be enabled using Log4j
2019-08-16 03:30:55,418 INFO  http.HttpServer2 (HttpServer2.java:addGlobalFilter(975)) - Added global filter 'safety' (class=org.apache.hadoop.http.HttpServer2$QuotingInputFilter)
2019-08-16 03:30:55,419 INFO  http.HttpServer2 (HttpServer2.java:addFilter(948)) - Added filter static_user_filter (class=org.apache.hadoop.http.lib.StaticUserWebFilter$StaticUserFilter) to context hddsDatanode
2019-08-16 03:30:55,419 INFO  http.HttpServer2 (HttpServer2.java:addFilter(958)) - Added filter static_user_filter (class=org.apache.hadoop.http.lib.StaticUserWebFilter$StaticUserFilter) to context logs
2019-08-16 03:30:55,420 INFO  http.HttpServer2 (HttpServer2.java:addFilter(958)) - Added filter static_user_filter (class=org.apache.hadoop.http.lib.StaticUserWebFilter$StaticUserFilter) to context static
2019-08-16 03:30:55,422 INFO  http.HttpServer2 (HttpServer2.java:bindListener(1191)) - Jetty bound to port 43899
2019-08-16 03:30:55,422 INFO  server.Server (Server.java:doStart(351)) - jetty-9.3.24.v20180605, build timestamp: 2018-06-05T17:11:56Z, git hash: 84205aa28f11a4f31f2a3b86d1bba2cc8ab69827
2019-08-16 03:30:55,425 INFO  handler.ContextHandler (ContextHandler.java:doStart(781)) - Started o.e.j.s.ServletContextHandler@dc79225{/logs,file:///workdir/hadoop-ozone/integration-test/target/log,AVAILABLE}
2019-08-16 03:30:55,426 INFO  handler.ContextHandler (ContextHandler.java:doStart(781)) - Started o.e.j.s.ServletContextHandler@46185a1b{/static,jar:file:/home/user/.m2/repository/org/apache/hadoop/hadoop-hdds-container-service/0.4.1-SNAPSHOT/hadoop-hdds-container-service-0.4.1-SNAPSHOT.jar!/webapps/static,AVAILABLE}
2019-08-16 03:30:55,477 INFO  handler.ContextHandler (ContextHandler.java:doStart(781)) - Started o.e.j.w.WebAppContext@4c777e7b{/,file:///tmp/jetty-0.0.0.0-43899-hddsDatanode-_-any-3558879033493128788.dir/webapp/,AVAILABLE}{/hddsDatanode}
2019-08-16 03:30:55,478 INFO  server.AbstractConnector (AbstractConnector.java:doStart(278)) - Started ServerConnector@5f038248{HTTP/1.1,[http/1.1]}{0.0.0.0:43899}
2019-08-16 03:30:55,479 INFO  server.Server (Server.java:doStart(419)) - Started @5083ms
2019-08-16 03:30:55,481 INFO  server.BaseHttpServer (BaseHttpServer.java:updateConnectorAddress(207)) - HTTP server of HDDSDATANODE is listening at http://0.0.0.0:43899
2019-08-16 03:30:56,641 INFO  ozone.HddsDatanodeService (HddsDatanodeService.java:startPlugins(395)) - Started plug-in org.apache.hadoop.ozone.web.OzoneHddsDatanodeService@8054fe2
2019-08-16 03:30:56,643 INFO  impl.MetricsSystemImpl (MetricsSystemImpl.java:init(158)) - HddsDatanode metrics system started (again)
2019-08-16 03:30:56,647 INFO  ozone.HddsDatanodeService (HddsDatanodeService.java:start(184)) - HddsDatanodeService host:byscane-nightly-5jrvm-589107607 ip:192.168.5.170
2019-08-16 03:30:56,650 INFO  util.JvmPauseMonitor (JvmPauseMonitor.java:run(188)) - Starting JVM pause monitor
2019-08-16 03:30:56,659 INFO  volume.HddsVolume (HddsVolume.java:<init>(176)) - Creating Volume: /workdir/hadoop-ozone/integration-test/target/test-dir/MiniOzoneClusterImpl-15f544e2-cbcb-4b36-b33b-c7f51713c2ca/datanode-1/data/containers/hdds of  storage type : DISK and capacity : 1482555576320
2019-08-16 03:30:56,660 INFO  volume.VolumeSet (VolumeSet.java:initializeVolumeSet(170)) - Added Volume : /workdir/hadoop-ozone/integration-test/target/test-dir/MiniOzoneClusterImpl-15f544e2-cbcb-4b36-b33b-c7f51713c2ca/datanode-1/data/containers/hdds to VolumeSet
2019-08-16 03:30:56,660 INFO  volume.ThrottledAsyncChecker (ThrottledAsyncChecker.java:schedule(140)) - Scheduling a check for org.apache.hadoop.ozone.container.common.volume.HddsVolume@4f3e9fbb
2019-08-16 03:30:56,661 INFO  volume.HddsVolumeChecker (HddsVolumeChecker.java:checkAllVolumes(203)) - Scheduled health check for volume org.apache.hadoop.ozone.container.common.volume.HddsVolume@4f3e9fbb
2019-08-16 03:30:56,680 INFO  impl.RaftServerProxy (ConfUtils.java:logGet(43)) - raft.rpc.type = GRPC (default)
2019-08-16 03:30:56,681 INFO  grpc.GrpcFactory (GrpcFactory.java:checkPooledByteBufAllocatorUseCacheForAllThreads(45)) - PERFORMANCE WARNING: useCacheForAllThreads is true that may cause Netty to create a lot garbage objects and, as a result, trigger GC.
	It is recommended to disable useCacheForAllThreads by setting -Dorg.apache.ratis.thirdparty.io.netty.allocator.useCacheForAllThreads=false in command line.
2019-08-16 03:30:56,681 INFO  grpc.GrpcConfigKeys$Server (ConfUtils.java:logGet(43)) - raft.grpc.server.port = 0 (default)
2019-08-16 03:30:56,681 INFO  server.GrpcService (ConfUtils.java:logGet(43)) - raft.grpc.message.size.max = 33570816 (custom)
2019-08-16 03:30:56,681 INFO  server.RaftServerConfigKeys (ConfUtils.java:logGet(43)) - raft.server.log.appender.buffer.byte-limit = 33554432 (custom)
2019-08-16 03:30:56,682 INFO  server.GrpcService (ConfUtils.java:logGet(43)) - raft.grpc.flow.control.window = 1MB (=1048576) (default)
2019-08-16 03:30:56,682 INFO  server.RaftServerConfigKeys (ConfUtils.java:logGet(43)) - raft.server.rpc.request.timeout = 3000ms (default)
2019-08-16 03:30:56,682 INFO  server.RaftServerConfigKeys (ConfUtils.java:logGet(43)) - raft.server.storage.dir = [/workdir/hadoop-ozone/integration-test/target/test-dir/MiniOzoneClusterImpl-15f544e2-cbcb-4b36-b33b-c7f51713c2ca/datanode-1/data/ratis] (custom)
2019-08-16 03:30:56,683 INFO  replication.SimpleContainerDownloader (SimpleContainerDownloader.java:<init>(72)) - Starting container downloader service to copy containers to replicate.
2019-08-16 03:30:56,685 INFO  hdfs.DFSUtil (DFSUtil.java:httpServerTemplateForNNAndJN(1641)) - Starting Web-server for hddsDatanode at: http://0.0.0.0:0
2019-08-16 03:30:56,689 INFO  server.AuthenticationFilter (AuthenticationFilter.java:constructSecretProvider(240)) - Unable to initialize FileSignerSecretProvider, falling back to use random secrets.
2019-08-16 03:30:56,690 WARN  http.HttpRequestLog (HttpRequestLog.java:getRequestLog(97)) - Jetty request log can only be enabled using Log4j
2019-08-16 03:30:56,693 INFO  http.HttpServer2 (HttpServer2.java:addGlobalFilter(975)) - Added global filter 'safety' (class=org.apache.hadoop.http.HttpServer2$QuotingInputFilter)
2019-08-16 03:30:56,694 INFO  http.HttpServer2 (HttpServer2.java:addFilter(948)) - Added filter static_user_filter (class=org.apache.hadoop.http.lib.StaticUserWebFilter$StaticUserFilter) to context hddsDatanode
2019-08-16 03:30:56,694 INFO  http.HttpServer2 (HttpServer2.java:addFilter(958)) - Added filter static_user_filter (class=org.apache.hadoop.http.lib.StaticUserWebFilter$StaticUserFilter) to context static
2019-08-16 03:30:56,695 INFO  http.HttpServer2 (HttpServer2.java:addFilter(958)) - Added filter static_user_filter (class=org.apache.hadoop.http.lib.StaticUserWebFilter$StaticUserFilter) to context logs
2019-08-16 03:30:56,696 INFO  http.HttpServer2 (HttpServer2.java:bindListener(1191)) - Jetty bound to port 35547
2019-08-16 03:30:56,696 INFO  server.Server (Server.java:doStart(351)) - jetty-9.3.24.v20180605, build timestamp: 2018-06-05T17:11:56Z, git hash: 84205aa28f11a4f31f2a3b86d1bba2cc8ab69827
2019-08-16 03:30:56,699 INFO  handler.ContextHandler (ContextHandler.java:doStart(781)) - Started o.e.j.s.ServletContextHandler@47a7c93e{/logs,file:///workdir/hadoop-ozone/integration-test/target/log,AVAILABLE}
2019-08-16 03:30:56,700 INFO  handler.ContextHandler (ContextHandler.java:doStart(781)) - Started o.e.j.s.ServletContextHandler@64ae105d{/static,jar:file:/home/user/.m2/repository/org/apache/hadoop/hadoop-hdds-container-service/0.4.1-SNAPSHOT/hadoop-hdds-container-service-0.4.1-SNAPSHOT.jar!/webapps/static,AVAILABLE}
2019-08-16 03:30:56,743 INFO  handler.ContextHandler (ContextHandler.java:doStart(781)) - Started o.e.j.w.WebAppContext@22825e1e{/,file:///tmp/jetty-0.0.0.0-35547-hddsDatanode-_-any-199125244111532761.dir/webapp/,AVAILABLE}{/hddsDatanode}
2019-08-16 03:30:56,744 INFO  server.AbstractConnector (AbstractConnector.java:doStart(278)) - Started ServerConnector@335f5c69{HTTP/1.1,[http/1.1]}{0.0.0.0:35547}
2019-08-16 03:30:56,745 INFO  server.Server (Server.java:doStart(419)) - Started @6349ms
2019-08-16 03:30:56,747 INFO  server.BaseHttpServer (BaseHttpServer.java:updateConnectorAddress(207)) - HTTP server of HDDSDATANODE is listening at http://0.0.0.0:35547
2019-08-16 03:30:56,781 INFO  datanode.InitDatanodeState (InitDatanodeState.java:persistContainerDatanodeDetails(140)) - DatanodeDetails is persisted to /workdir/hadoop-ozone/integration-test/target/test-dir/MiniOzoneClusterImpl-15f544e2-cbcb-4b36-b33b-c7f51713c2ca/datanode-0/meta/datanode.id
2019-08-16 03:30:56,930 INFO  ozone.HddsDatanodeService (HddsDatanodeService.java:startPlugins(395)) - Started plug-in org.apache.hadoop.ozone.web.OzoneHddsDatanodeService@2f995afc
2019-08-16 03:30:56,930 INFO  impl.MetricsSystemImpl (MetricsSystemImpl.java:init(158)) - HddsDatanode metrics system started (again)
2019-08-16 03:30:56,933 INFO  ozone.HddsDatanodeService (HddsDatanodeService.java:start(184)) - HddsDatanodeService host:byscane-nightly-5jrvm-589107607 ip:192.168.5.170
2019-08-16 03:30:56,933 INFO  util.JvmPauseMonitor (JvmPauseMonitor.java:run(188)) - Starting JVM pause monitor
2019-08-16 03:30:56,942 INFO  volume.HddsVolume (HddsVolume.java:<init>(176)) - Creating Volume: /workdir/hadoop-ozone/integration-test/target/test-dir/MiniOzoneClusterImpl-15f544e2-cbcb-4b36-b33b-c7f51713c2ca/datanode-2/data/containers/hdds of  storage type : DISK and capacity : 1482555576320
2019-08-16 03:30:56,943 INFO  volume.VolumeSet (VolumeSet.java:initializeVolumeSet(170)) - Added Volume : /workdir/hadoop-ozone/integration-test/target/test-dir/MiniOzoneClusterImpl-15f544e2-cbcb-4b36-b33b-c7f51713c2ca/datanode-2/data/containers/hdds to VolumeSet
2019-08-16 03:30:56,943 INFO  volume.ThrottledAsyncChecker (ThrottledAsyncChecker.java:schedule(140)) - Scheduling a check for org.apache.hadoop.ozone.container.common.volume.HddsVolume@1213ffbc
2019-08-16 03:30:56,944 INFO  volume.HddsVolumeChecker (HddsVolumeChecker.java:checkAllVolumes(203)) - Scheduled health check for volume org.apache.hadoop.ozone.container.common.volume.HddsVolume@1213ffbc
2019-08-16 03:30:56,944 INFO  datanode.InitDatanodeState (InitDatanodeState.java:persistContainerDatanodeDetails(140)) - DatanodeDetails is persisted to /workdir/hadoop-ozone/integration-test/target/test-dir/MiniOzoneClusterImpl-15f544e2-cbcb-4b36-b33b-c7f51713c2ca/datanode-1/meta/datanode.id
2019-08-16 03:30:56,958 INFO  impl.RaftServerProxy (ConfUtils.java:logGet(43)) - raft.rpc.type = GRPC (default)
2019-08-16 03:30:56,958 INFO  grpc.GrpcFactory (GrpcFactory.java:checkPooledByteBufAllocatorUseCacheForAllThreads(45)) - PERFORMANCE WARNING: useCacheForAllThreads is true that may cause Netty to create a lot garbage objects and, as a result, trigger GC.
	It is recommended to disable useCacheForAllThreads by setting -Dorg.apache.ratis.thirdparty.io.netty.allocator.useCacheForAllThreads=false in command line.
2019-08-16 03:30:56,959 INFO  grpc.GrpcConfigKeys$Server (ConfUtils.java:logGet(43)) - raft.grpc.server.port = 0 (default)
2019-08-16 03:30:56,959 INFO  server.GrpcService (ConfUtils.java:logGet(43)) - raft.grpc.message.size.max = 33570816 (custom)
2019-08-16 03:30:56,959 INFO  server.RaftServerConfigKeys (ConfUtils.java:logGet(43)) - raft.server.log.appender.buffer.byte-limit = 33554432 (custom)
2019-08-16 03:30:56,960 INFO  server.GrpcService (ConfUtils.java:logGet(43)) - raft.grpc.flow.control.window = 1MB (=1048576) (default)
2019-08-16 03:30:56,960 INFO  server.RaftServerConfigKeys (ConfUtils.java:logGet(43)) - raft.server.rpc.request.timeout = 3000ms (default)
2019-08-16 03:30:56,960 INFO  server.RaftServerConfigKeys (ConfUtils.java:logGet(43)) - raft.server.storage.dir = [/workdir/hadoop-ozone/integration-test/target/test-dir/MiniOzoneClusterImpl-15f544e2-cbcb-4b36-b33b-c7f51713c2ca/datanode-2/data/ratis] (custom)
2019-08-16 03:30:56,961 INFO  replication.SimpleContainerDownloader (SimpleContainerDownloader.java:<init>(72)) - Starting container downloader service to copy containers to replicate.
2019-08-16 03:30:56,963 INFO  hdfs.DFSUtil (DFSUtil.java:httpServerTemplateForNNAndJN(1641)) - Starting Web-server for hddsDatanode at: http://0.0.0.0:0
2019-08-16 03:30:56,965 INFO  server.AuthenticationFilter (AuthenticationFilter.java:constructSecretProvider(240)) - Unable to initialize FileSignerSecretProvider, falling back to use random secrets.
2019-08-16 03:30:56,966 WARN  http.HttpRequestLog (HttpRequestLog.java:getRequestLog(97)) - Jetty request log can only be enabled using Log4j
2019-08-16 03:30:56,969 INFO  http.HttpServer2 (HttpServer2.java:addGlobalFilter(975)) - Added global filter 'safety' (class=org.apache.hadoop.http.HttpServer2$QuotingInputFilter)
2019-08-16 03:30:56,970 INFO  http.HttpServer2 (HttpServer2.java:addFilter(948)) - Added filter static_user_filter (class=org.apache.hadoop.http.lib.StaticUserWebFilter$StaticUserFilter) to context hddsDatanode
2019-08-16 03:30:56,970 INFO  http.HttpServer2 (HttpServer2.java:addFilter(958)) - Added filter static_user_filter (class=org.apache.hadoop.http.lib.StaticUserWebFilter$StaticUserFilter) to context static
2019-08-16 03:30:56,970 INFO  http.HttpServer2 (HttpServer2.java:addFilter(958)) - Added filter static_user_filter (class=org.apache.hadoop.http.lib.StaticUserWebFilter$StaticUserFilter) to context logs
2019-08-16 03:30:56,972 INFO  http.HttpServer2 (HttpServer2.java:bindListener(1191)) - Jetty bound to port 34178
2019-08-16 03:30:56,972 INFO  server.Server (Server.java:doStart(351)) - jetty-9.3.24.v20180605, build timestamp: 2018-06-05T17:11:56Z, git hash: 84205aa28f11a4f31f2a3b86d1bba2cc8ab69827
2019-08-16 03:30:56,977 INFO  handler.ContextHandler (ContextHandler.java:doStart(781)) - Started o.e.j.s.ServletContextHandler@40717ed{/logs,file:///workdir/hadoop-ozone/integration-test/target/log,AVAILABLE}
2019-08-16 03:30:56,978 INFO  handler.ContextHandler (ContextHandler.java:doStart(781)) - Started o.e.j.s.ServletContextHandler@5460edd3{/static,jar:file:/home/user/.m2/repository/org/apache/hadoop/hadoop-hdds-container-service/0.4.1-SNAPSHOT/hadoop-hdds-container-service-0.4.1-SNAPSHOT.jar!/webapps/static,AVAILABLE}
2019-08-16 03:30:57,028 INFO  handler.ContextHandler (ContextHandler.java:doStart(781)) - Started o.e.j.w.WebAppContext@4bf03fee{/,file:///tmp/jetty-0.0.0.0-34178-hddsDatanode-_-any-4672020127465484932.dir/webapp/,AVAILABLE}{/hddsDatanode}
2019-08-16 03:30:57,030 INFO  server.AbstractConnector (AbstractConnector.java:doStart(278)) - Started ServerConnector@31834a2b{HTTP/1.1,[http/1.1]}{0.0.0.0:34178}
2019-08-16 03:30:57,032 INFO  server.Server (Server.java:doStart(419)) - Started @6636ms
2019-08-16 03:30:57,033 INFO  server.BaseHttpServer (BaseHttpServer.java:updateConnectorAddress(207)) - HTTP server of HDDSDATANODE is listening at http://0.0.0.0:34178
2019-08-16 03:30:57,206 INFO  ozone.HddsDatanodeService (HddsDatanodeService.java:startPlugins(395)) - Started plug-in org.apache.hadoop.ozone.web.OzoneHddsDatanodeService@580902cd
2019-08-16 03:30:57,206 INFO  impl.MetricsSystemImpl (MetricsSystemImpl.java:init(158)) - HddsDatanode metrics system started (again)
2019-08-16 03:30:57,210 INFO  ozone.HddsDatanodeService (HddsDatanodeService.java:start(184)) - HddsDatanodeService host:byscane-nightly-5jrvm-589107607 ip:192.168.5.170
2019-08-16 03:30:57,210 INFO  util.JvmPauseMonitor (JvmPauseMonitor.java:run(188)) - Starting JVM pause monitor
2019-08-16 03:30:57,213 INFO  datanode.InitDatanodeState (InitDatanodeState.java:persistContainerDatanodeDetails(140)) - DatanodeDetails is persisted to /workdir/hadoop-ozone/integration-test/target/test-dir/MiniOzoneClusterImpl-15f544e2-cbcb-4b36-b33b-c7f51713c2ca/datanode-2/meta/datanode.id
2019-08-16 03:30:57,218 INFO  volume.HddsVolume (HddsVolume.java:<init>(176)) - Creating Volume: /workdir/hadoop-ozone/integration-test/target/test-dir/MiniOzoneClusterImpl-15f544e2-cbcb-4b36-b33b-c7f51713c2ca/datanode-3/data/containers/hdds of  storage type : DISK and capacity : 1482555576320
2019-08-16 03:30:57,219 INFO  volume.VolumeSet (VolumeSet.java:initializeVolumeSet(170)) - Added Volume : /workdir/hadoop-ozone/integration-test/target/test-dir/MiniOzoneClusterImpl-15f544e2-cbcb-4b36-b33b-c7f51713c2ca/datanode-3/data/containers/hdds to VolumeSet
2019-08-16 03:30:57,220 INFO  volume.ThrottledAsyncChecker (ThrottledAsyncChecker.java:schedule(140)) - Scheduling a check for org.apache.hadoop.ozone.container.common.volume.HddsVolume@58aa1d72
2019-08-16 03:30:57,220 INFO  volume.HddsVolumeChecker (HddsVolumeChecker.java:checkAllVolumes(203)) - Scheduled health check for volume org.apache.hadoop.ozone.container.common.volume.HddsVolume@58aa1d72
2019-08-16 03:30:57,235 INFO  impl.RaftServerProxy (ConfUtils.java:logGet(43)) - raft.rpc.type = GRPC (default)
2019-08-16 03:30:57,236 INFO  grpc.GrpcFactory (GrpcFactory.java:checkPooledByteBufAllocatorUseCacheForAllThreads(45)) - PERFORMANCE WARNING: useCacheForAllThreads is true that may cause Netty to create a lot garbage objects and, as a result, trigger GC.
	It is recommended to disable useCacheForAllThreads by setting -Dorg.apache.ratis.thirdparty.io.netty.allocator.useCacheForAllThreads=false in command line.
2019-08-16 03:30:57,236 INFO  grpc.GrpcConfigKeys$Server (ConfUtils.java:logGet(43)) - raft.grpc.server.port = 0 (default)
2019-08-16 03:30:57,236 INFO  server.GrpcService (ConfUtils.java:logGet(43)) - raft.grpc.message.size.max = 33570816 (custom)
2019-08-16 03:30:57,236 INFO  server.RaftServerConfigKeys (ConfUtils.java:logGet(43)) - raft.server.log.appender.buffer.byte-limit = 33554432 (custom)
2019-08-16 03:30:57,237 INFO  server.GrpcService (ConfUtils.java:logGet(43)) - raft.grpc.flow.control.window = 1MB (=1048576) (default)
2019-08-16 03:30:57,237 INFO  server.RaftServerConfigKeys (ConfUtils.java:logGet(43)) - raft.server.rpc.request.timeout = 3000ms (default)
2019-08-16 03:30:57,237 INFO  server.RaftServerConfigKeys (ConfUtils.java:logGet(43)) - raft.server.storage.dir = [/workdir/hadoop-ozone/integration-test/target/test-dir/MiniOzoneClusterImpl-15f544e2-cbcb-4b36-b33b-c7f51713c2ca/datanode-3/data/ratis] (custom)
2019-08-16 03:30:57,238 INFO  replication.SimpleContainerDownloader (SimpleContainerDownloader.java:<init>(72)) - Starting container downloader service to copy containers to replicate.
2019-08-16 03:30:57,239 INFO  hdfs.DFSUtil (DFSUtil.java:httpServerTemplateForNNAndJN(1641)) - Starting Web-server for hddsDatanode at: http://0.0.0.0:0
2019-08-16 03:30:57,240 INFO  server.AuthenticationFilter (AuthenticationFilter.java:constructSecretProvider(240)) - Unable to initialize FileSignerSecretProvider, falling back to use random secrets.
2019-08-16 03:30:57,241 WARN  http.HttpRequestLog (HttpRequestLog.java:getRequestLog(97)) - Jetty request log can only be enabled using Log4j
2019-08-16 03:30:57,242 INFO  http.HttpServer2 (HttpServer2.java:addGlobalFilter(975)) - Added global filter 'safety' (class=org.apache.hadoop.http.HttpServer2$QuotingInputFilter)
2019-08-16 03:30:57,243 INFO  http.HttpServer2 (HttpServer2.java:addFilter(948)) - Added filter static_user_filter (class=org.apache.hadoop.http.lib.StaticUserWebFilter$StaticUserFilter) to context hddsDatanode
2019-08-16 03:30:57,243 INFO  http.HttpServer2 (HttpServer2.java:addFilter(958)) - Added filter static_user_filter (class=org.apache.hadoop.http.lib.StaticUserWebFilter$StaticUserFilter) to context static
2019-08-16 03:30:57,243 INFO  http.HttpServer2 (HttpServer2.java:addFilter(958)) - Added filter static_user_filter (class=org.apache.hadoop.http.lib.StaticUserWebFilter$StaticUserFilter) to context logs
2019-08-16 03:30:57,244 INFO  http.HttpServer2 (HttpServer2.java:bindListener(1191)) - Jetty bound to port 34937
2019-08-16 03:30:57,244 INFO  server.Server (Server.java:doStart(351)) - jetty-9.3.24.v20180605, build timestamp: 2018-06-05T17:11:56Z, git hash: 84205aa28f11a4f31f2a3b86d1bba2cc8ab69827
2019-08-16 03:30:57,247 INFO  handler.ContextHandler (ContextHandler.java:doStart(781)) - Started o.e.j.s.ServletContextHandler@2dff7085{/logs,file:///workdir/hadoop-ozone/integration-test/target/log,AVAILABLE}
2019-08-16 03:30:57,247 INFO  handler.ContextHandler (ContextHandler.java:doStart(781)) - Started o.e.j.s.ServletContextHandler@501957bf{/static,jar:file:/home/user/.m2/repository/org/apache/hadoop/hadoop-hdds-container-service/0.4.1-SNAPSHOT/hadoop-hdds-container-service-0.4.1-SNAPSHOT.jar!/webapps/static,AVAILABLE}
2019-08-16 03:30:57,275 INFO  handler.ContextHandler (ContextHandler.java:doStart(781)) - Started o.e.j.w.WebAppContext@41def031{/,file:///tmp/jetty-0.0.0.0-34937-hddsDatanode-_-any-4894801438470242032.dir/webapp/,AVAILABLE}{/hddsDatanode}
2019-08-16 03:30:57,276 INFO  server.AbstractConnector (AbstractConnector.java:doStart(278)) - Started ServerConnector@38e83838{HTTP/1.1,[http/1.1]}{0.0.0.0:34937}
2019-08-16 03:30:57,276 INFO  server.Server (Server.java:doStart(419)) - Started @6881ms
2019-08-16 03:30:57,278 INFO  server.BaseHttpServer (BaseHttpServer.java:updateConnectorAddress(207)) - HTTP server of HDDSDATANODE is listening at http://0.0.0.0:34937
2019-08-16 03:30:57,426 INFO  ozone.HddsDatanodeService (HddsDatanodeService.java:startPlugins(395)) - Started plug-in org.apache.hadoop.ozone.web.OzoneHddsDatanodeService@723e3c17
2019-08-16 03:30:57,427 INFO  impl.MetricsSystemImpl (MetricsSystemImpl.java:init(158)) - HddsDatanode metrics system started (again)
2019-08-16 03:30:57,431 INFO  ozone.HddsDatanodeService (HddsDatanodeService.java:start(184)) - HddsDatanodeService host:byscane-nightly-5jrvm-589107607 ip:192.168.5.170
2019-08-16 03:30:57,431 INFO  util.JvmPauseMonitor (JvmPauseMonitor.java:run(188)) - Starting JVM pause monitor
2019-08-16 03:30:57,434 INFO  datanode.InitDatanodeState (InitDatanodeState.java:persistContainerDatanodeDetails(140)) - DatanodeDetails is persisted to /workdir/hadoop-ozone/integration-test/target/test-dir/MiniOzoneClusterImpl-15f544e2-cbcb-4b36-b33b-c7f51713c2ca/datanode-3/meta/datanode.id
2019-08-16 03:30:57,440 INFO  volume.HddsVolume (HddsVolume.java:<init>(176)) - Creating Volume: /workdir/hadoop-ozone/integration-test/target/test-dir/MiniOzoneClusterImpl-15f544e2-cbcb-4b36-b33b-c7f51713c2ca/datanode-4/data/containers/hdds of  storage type : DISK and capacity : 1482555576320
2019-08-16 03:30:57,440 INFO  volume.VolumeSet (VolumeSet.java:initializeVolumeSet(170)) - Added Volume : /workdir/hadoop-ozone/integration-test/target/test-dir/MiniOzoneClusterImpl-15f544e2-cbcb-4b36-b33b-c7f51713c2ca/datanode-4/data/containers/hdds to VolumeSet
2019-08-16 03:30:57,441 INFO  volume.ThrottledAsyncChecker (ThrottledAsyncChecker.java:schedule(140)) - Scheduling a check for org.apache.hadoop.ozone.container.common.volume.HddsVolume@64656b9e
2019-08-16 03:30:57,441 INFO  volume.HddsVolumeChecker (HddsVolumeChecker.java:checkAllVolumes(203)) - Scheduled health check for volume org.apache.hadoop.ozone.container.common.volume.HddsVolume@64656b9e
2019-08-16 03:30:57,456 INFO  impl.RaftServerProxy (ConfUtils.java:logGet(43)) - raft.rpc.type = GRPC (default)
2019-08-16 03:30:57,456 INFO  grpc.GrpcFactory (GrpcFactory.java:checkPooledByteBufAllocatorUseCacheForAllThreads(45)) - PERFORMANCE WARNING: useCacheForAllThreads is true that may cause Netty to create a lot garbage objects and, as a result, trigger GC.
	It is recommended to disable useCacheForAllThreads by setting -Dorg.apache.ratis.thirdparty.io.netty.allocator.useCacheForAllThreads=false in command line.
2019-08-16 03:30:57,456 INFO  grpc.GrpcConfigKeys$Server (ConfUtils.java:logGet(43)) - raft.grpc.server.port = 0 (default)
2019-08-16 03:30:57,456 INFO  server.GrpcService (ConfUtils.java:logGet(43)) - raft.grpc.message.size.max = 33570816 (custom)
2019-08-16 03:30:57,457 INFO  server.RaftServerConfigKeys (ConfUtils.java:logGet(43)) - raft.server.log.appender.buffer.byte-limit = 33554432 (custom)
2019-08-16 03:30:57,457 INFO  server.GrpcService (ConfUtils.java:logGet(43)) - raft.grpc.flow.control.window = 1MB (=1048576) (default)
2019-08-16 03:30:57,457 INFO  server.RaftServerConfigKeys (ConfUtils.java:logGet(43)) - raft.server.rpc.request.timeout = 3000ms (default)
2019-08-16 03:30:57,458 INFO  server.RaftServerConfigKeys (ConfUtils.java:logGet(43)) - raft.server.storage.dir = [/workdir/hadoop-ozone/integration-test/target/test-dir/MiniOzoneClusterImpl-15f544e2-cbcb-4b36-b33b-c7f51713c2ca/datanode-4/data/ratis] (custom)
2019-08-16 03:30:57,458 INFO  replication.SimpleContainerDownloader (SimpleContainerDownloader.java:<init>(72)) - Starting container downloader service to copy containers to replicate.
2019-08-16 03:30:57,459 INFO  hdfs.DFSUtil (DFSUtil.java:httpServerTemplateForNNAndJN(1641)) - Starting Web-server for hddsDatanode at: http://0.0.0.0:0
2019-08-16 03:30:57,461 INFO  server.AuthenticationFilter (AuthenticationFilter.java:constructSecretProvider(240)) - Unable to initialize FileSignerSecretProvider, falling back to use random secrets.
2019-08-16 03:30:57,461 WARN  http.HttpRequestLog (HttpRequestLog.java:getRequestLog(97)) - Jetty request log can only be enabled using Log4j
2019-08-16 03:30:57,463 INFO  http.HttpServer2 (HttpServer2.java:addGlobalFilter(975)) - Added global filter 'safety' (class=org.apache.hadoop.http.HttpServer2$QuotingInputFilter)
2019-08-16 03:30:57,463 INFO  http.HttpServer2 (HttpServer2.java:addFilter(948)) - Added filter static_user_filter (class=org.apache.hadoop.http.lib.StaticUserWebFilter$StaticUserFilter) to context hddsDatanode
2019-08-16 03:30:57,463 INFO  http.HttpServer2 (HttpServer2.java:addFilter(958)) - Added filter static_user_filter (class=org.apache.hadoop.http.lib.StaticUserWebFilter$StaticUserFilter) to context logs
2019-08-16 03:30:57,464 INFO  http.HttpServer2 (HttpServer2.java:addFilter(958)) - Added filter static_user_filter (class=org.apache.hadoop.http.lib.StaticUserWebFilter$StaticUserFilter) to context static
2019-08-16 03:30:57,464 INFO  http.HttpServer2 (HttpServer2.java:bindListener(1191)) - Jetty bound to port 43526
2019-08-16 03:30:57,465 INFO  server.Server (Server.java:doStart(351)) - jetty-9.3.24.v20180605, build timestamp: 2018-06-05T17:11:56Z, git hash: 84205aa28f11a4f31f2a3b86d1bba2cc8ab69827
2019-08-16 03:30:57,469 INFO  handler.ContextHandler (ContextHandler.java:doStart(781)) - Started o.e.j.s.ServletContextHandler@53314f76{/logs,file:///workdir/hadoop-ozone/integration-test/target/log,AVAILABLE}
2019-08-16 03:30:57,470 INFO  handler.ContextHandler (ContextHandler.java:doStart(781)) - Started o.e.j.s.ServletContextHandler@70881123{/static,jar:file:/home/user/.m2/repository/org/apache/hadoop/hadoop-hdds-container-service/0.4.1-SNAPSHOT/hadoop-hdds-container-service-0.4.1-SNAPSHOT.jar!/webapps/static,AVAILABLE}
2019-08-16 03:30:57,498 INFO  handler.ContextHandler (ContextHandler.java:doStart(781)) - Started o.e.j.w.WebAppContext@38159384{/,file:///tmp/jetty-0.0.0.0-43526-hddsDatanode-_-any-3979238444603810853.dir/webapp/,AVAILABLE}{/hddsDatanode}
2019-08-16 03:30:57,498 INFO  server.AbstractConnector (AbstractConnector.java:doStart(278)) - Started ServerConnector@55877274{HTTP/1.1,[http/1.1]}{0.0.0.0:43526}
2019-08-16 03:30:57,499 INFO  server.Server (Server.java:doStart(419)) - Started @7103ms
2019-08-16 03:30:57,500 INFO  server.BaseHttpServer (BaseHttpServer.java:updateConnectorAddress(207)) - HTTP server of HDDSDATANODE is listening at http://0.0.0.0:43526
2019-08-16 03:30:57,647 INFO  ozone.HddsDatanodeService (HddsDatanodeService.java:startPlugins(395)) - Started plug-in org.apache.hadoop.ozone.web.OzoneHddsDatanodeService@79195c22
2019-08-16 03:30:57,648 INFO  impl.MetricsSystemImpl (MetricsSystemImpl.java:init(158)) - HddsDatanode metrics system started (again)
2019-08-16 03:30:57,653 INFO  ozone.HddsDatanodeService (HddsDatanodeService.java:start(184)) - HddsDatanodeService host:byscane-nightly-5jrvm-589107607 ip:192.168.5.170
2019-08-16 03:30:57,653 INFO  util.JvmPauseMonitor (JvmPauseMonitor.java:run(188)) - Starting JVM pause monitor
2019-08-16 03:30:57,656 INFO  datanode.InitDatanodeState (InitDatanodeState.java:persistContainerDatanodeDetails(140)) - DatanodeDetails is persisted to /workdir/hadoop-ozone/integration-test/target/test-dir/MiniOzoneClusterImpl-15f544e2-cbcb-4b36-b33b-c7f51713c2ca/datanode-4/meta/datanode.id
2019-08-16 03:30:57,663 INFO  volume.HddsVolume (HddsVolume.java:<init>(176)) - Creating Volume: /workdir/hadoop-ozone/integration-test/target/test-dir/MiniOzoneClusterImpl-15f544e2-cbcb-4b36-b33b-c7f51713c2ca/datanode-5/data/containers/hdds of  storage type : DISK and capacity : 1482555576320
2019-08-16 03:30:57,663 INFO  volume.VolumeSet (VolumeSet.java:initializeVolumeSet(170)) - Added Volume : /workdir/hadoop-ozone/integration-test/target/test-dir/MiniOzoneClusterImpl-15f544e2-cbcb-4b36-b33b-c7f51713c2ca/datanode-5/data/containers/hdds to VolumeSet
2019-08-16 03:30:57,663 INFO  volume.ThrottledAsyncChecker (ThrottledAsyncChecker.java:schedule(140)) - Scheduling a check for org.apache.hadoop.ozone.container.common.volume.HddsVolume@67c6f4d8
2019-08-16 03:30:57,664 INFO  volume.HddsVolumeChecker (HddsVolumeChecker.java:checkAllVolumes(203)) - Scheduled health check for volume org.apache.hadoop.ozone.container.common.volume.HddsVolume@67c6f4d8
2019-08-16 03:30:57,679 INFO  impl.RaftServerProxy (ConfUtils.java:logGet(43)) - raft.rpc.type = GRPC (default)
2019-08-16 03:30:57,679 INFO  grpc.GrpcFactory (GrpcFactory.java:checkPooledByteBufAllocatorUseCacheForAllThreads(45)) - PERFORMANCE WARNING: useCacheForAllThreads is true that may cause Netty to create a lot garbage objects and, as a result, trigger GC.
	It is recommended to disable useCacheForAllThreads by setting -Dorg.apache.ratis.thirdparty.io.netty.allocator.useCacheForAllThreads=false in command line.
2019-08-16 03:30:57,679 INFO  grpc.GrpcConfigKeys$Server (ConfUtils.java:logGet(43)) - raft.grpc.server.port = 0 (default)
2019-08-16 03:30:57,680 INFO  server.GrpcService (ConfUtils.java:logGet(43)) - raft.grpc.message.size.max = 33570816 (custom)
2019-08-16 03:30:57,680 INFO  server.RaftServerConfigKeys (ConfUtils.java:logGet(43)) - raft.server.log.appender.buffer.byte-limit = 33554432 (custom)
2019-08-16 03:30:57,680 INFO  server.GrpcService (ConfUtils.java:logGet(43)) - raft.grpc.flow.control.window = 1MB (=1048576) (default)
2019-08-16 03:30:57,680 INFO  server.RaftServerConfigKeys (ConfUtils.java:logGet(43)) - raft.server.rpc.request.timeout = 3000ms (default)
2019-08-16 03:30:57,681 INFO  server.RaftServerConfigKeys (ConfUtils.java:logGet(43)) - raft.server.storage.dir = [/workdir/hadoop-ozone/integration-test/target/test-dir/MiniOzoneClusterImpl-15f544e2-cbcb-4b36-b33b-c7f51713c2ca/datanode-5/data/ratis] (custom)
2019-08-16 03:30:57,681 INFO  replication.SimpleContainerDownloader (SimpleContainerDownloader.java:<init>(72)) - Starting container downloader service to copy containers to replicate.
2019-08-16 03:30:57,683 INFO  hdfs.DFSUtil (DFSUtil.java:httpServerTemplateForNNAndJN(1641)) - Starting Web-server for hddsDatanode at: http://0.0.0.0:0
2019-08-16 03:30:57,684 INFO  server.AuthenticationFilter (AuthenticationFilter.java:constructSecretProvider(240)) - Unable to initialize FileSignerSecretProvider, falling back to use random secrets.
2019-08-16 03:30:57,684 WARN  http.HttpRequestLog (HttpRequestLog.java:getRequestLog(97)) - Jetty request log can only be enabled using Log4j
2019-08-16 03:30:57,685 INFO  http.HttpServer2 (HttpServer2.java:addGlobalFilter(975)) - Added global filter 'safety' (class=org.apache.hadoop.http.HttpServer2$QuotingInputFilter)
2019-08-16 03:30:57,686 INFO  http.HttpServer2 (HttpServer2.java:addFilter(948)) - Added filter static_user_filter (class=org.apache.hadoop.http.lib.StaticUserWebFilter$StaticUserFilter) to context hddsDatanode
2019-08-16 03:30:57,686 INFO  http.HttpServer2 (HttpServer2.java:addFilter(958)) - Added filter static_user_filter (class=org.apache.hadoop.http.lib.StaticUserWebFilter$StaticUserFilter) to context static
2019-08-16 03:30:57,687 INFO  http.HttpServer2 (HttpServer2.java:addFilter(958)) - Added filter static_user_filter (class=org.apache.hadoop.http.lib.StaticUserWebFilter$StaticUserFilter) to context logs
2019-08-16 03:30:57,687 INFO  http.HttpServer2 (HttpServer2.java:bindListener(1191)) - Jetty bound to port 39534
2019-08-16 03:30:57,687 INFO  server.Server (Server.java:doStart(351)) - jetty-9.3.24.v20180605, build timestamp: 2018-06-05T17:11:56Z, git hash: 84205aa28f11a4f31f2a3b86d1bba2cc8ab69827
2019-08-16 03:30:57,689 INFO  handler.ContextHandler (ContextHandler.java:doStart(781)) - Started o.e.j.s.ServletContextHandler@3344d163{/logs,file:///workdir/hadoop-ozone/integration-test/target/log,AVAILABLE}
2019-08-16 03:30:57,690 INFO  handler.ContextHandler (ContextHandler.java:doStart(781)) - Started o.e.j.s.ServletContextHandler@289f15e9{/static,jar:file:/home/user/.m2/repository/org/apache/hadoop/hadoop-hdds-container-service/0.4.1-SNAPSHOT/hadoop-hdds-container-service-0.4.1-SNAPSHOT.jar!/webapps/static,AVAILABLE}
2019-08-16 03:30:57,718 INFO  handler.ContextHandler (ContextHandler.java:doStart(781)) - Started o.e.j.w.WebAppContext@5329f6b3{/,file:///tmp/jetty-0.0.0.0-39534-hddsDatanode-_-any-8362430755812335630.dir/webapp/,AVAILABLE}{/hddsDatanode}
2019-08-16 03:30:57,720 INFO  server.AbstractConnector (AbstractConnector.java:doStart(278)) - Started ServerConnector@597d48ca{HTTP/1.1,[http/1.1]}{0.0.0.0:39534}
2019-08-16 03:30:57,720 INFO  server.Server (Server.java:doStart(419)) - Started @7325ms
2019-08-16 03:30:57,721 INFO  server.BaseHttpServer (BaseHttpServer.java:updateConnectorAddress(207)) - HTTP server of HDDSDATANODE is listening at http://0.0.0.0:39534
2019-08-16 03:30:57,842 INFO  ozone.HddsDatanodeService (HddsDatanodeService.java:startPlugins(395)) - Started plug-in org.apache.hadoop.ozone.web.OzoneHddsDatanodeService@61a87366
2019-08-16 03:30:57,842 INFO  impl.MetricsSystemImpl (MetricsSystemImpl.java:init(158)) - HddsDatanode metrics system started (again)
2019-08-16 03:30:57,846 INFO  ozone.HddsDatanodeService (HddsDatanodeService.java:start(184)) - HddsDatanodeService host:byscane-nightly-5jrvm-589107607 ip:192.168.5.170
2019-08-16 03:30:57,848 INFO  util.JvmPauseMonitor (JvmPauseMonitor.java:run(188)) - Starting JVM pause monitor
2019-08-16 03:30:57,851 INFO  datanode.InitDatanodeState (InitDatanodeState.java:persistContainerDatanodeDetails(140)) - DatanodeDetails is persisted to /workdir/hadoop-ozone/integration-test/target/test-dir/MiniOzoneClusterImpl-15f544e2-cbcb-4b36-b33b-c7f51713c2ca/datanode-5/meta/datanode.id
2019-08-16 03:30:57,856 INFO  volume.HddsVolume (HddsVolume.java:<init>(176)) - Creating Volume: /workdir/hadoop-ozone/integration-test/target/test-dir/MiniOzoneClusterImpl-15f544e2-cbcb-4b36-b33b-c7f51713c2ca/datanode-6/data/containers/hdds of  storage type : DISK and capacity : 1482555576320
2019-08-16 03:30:57,857 INFO  volume.VolumeSet (VolumeSet.java:initializeVolumeSet(170)) - Added Volume : /workdir/hadoop-ozone/integration-test/target/test-dir/MiniOzoneClusterImpl-15f544e2-cbcb-4b36-b33b-c7f51713c2ca/datanode-6/data/containers/hdds to VolumeSet
2019-08-16 03:30:57,857 INFO  volume.ThrottledAsyncChecker (ThrottledAsyncChecker.java:schedule(140)) - Scheduling a check for org.apache.hadoop.ozone.container.common.volume.HddsVolume@6f315b08
2019-08-16 03:30:57,857 INFO  volume.HddsVolumeChecker (HddsVolumeChecker.java:checkAllVolumes(203)) - Scheduled health check for volume org.apache.hadoop.ozone.container.common.volume.HddsVolume@6f315b08
2019-08-16 03:30:57,870 INFO  impl.RaftServerProxy (ConfUtils.java:logGet(43)) - raft.rpc.type = GRPC (default)
2019-08-16 03:30:57,870 INFO  grpc.GrpcFactory (GrpcFactory.java:checkPooledByteBufAllocatorUseCacheForAllThreads(45)) - PERFORMANCE WARNING: useCacheForAllThreads is true that may cause Netty to create a lot garbage objects and, as a result, trigger GC.
	It is recommended to disable useCacheForAllThreads by setting -Dorg.apache.ratis.thirdparty.io.netty.allocator.useCacheForAllThreads=false in command line.
2019-08-16 03:30:57,870 INFO  grpc.GrpcConfigKeys$Server (ConfUtils.java:logGet(43)) - raft.grpc.server.port = 0 (default)
2019-08-16 03:30:57,871 INFO  server.GrpcService (ConfUtils.java:logGet(43)) - raft.grpc.message.size.max = 33570816 (custom)
2019-08-16 03:30:57,871 INFO  server.RaftServerConfigKeys (ConfUtils.java:logGet(43)) - raft.server.log.appender.buffer.byte-limit = 33554432 (custom)
2019-08-16 03:30:57,871 INFO  server.GrpcService (ConfUtils.java:logGet(43)) - raft.grpc.flow.control.window = 1MB (=1048576) (default)
2019-08-16 03:30:57,871 INFO  server.RaftServerConfigKeys (ConfUtils.java:logGet(43)) - raft.server.rpc.request.timeout = 3000ms (default)
2019-08-16 03:30:57,872 INFO  server.RaftServerConfigKeys (ConfUtils.java:logGet(43)) - raft.server.storage.dir = [/workdir/hadoop-ozone/integration-test/target/test-dir/MiniOzoneClusterImpl-15f544e2-cbcb-4b36-b33b-c7f51713c2ca/datanode-6/data/ratis] (custom)
2019-08-16 03:30:57,872 INFO  replication.SimpleContainerDownloader (SimpleContainerDownloader.java:<init>(72)) - Starting container downloader service to copy containers to replicate.
2019-08-16 03:30:57,873 INFO  hdfs.DFSUtil (DFSUtil.java:httpServerTemplateForNNAndJN(1641)) - Starting Web-server for hddsDatanode at: http://0.0.0.0:0
2019-08-16 03:30:57,874 INFO  server.AuthenticationFilter (AuthenticationFilter.java:constructSecretProvider(240)) - Unable to initialize FileSignerSecretProvider, falling back to use random secrets.
2019-08-16 03:30:57,875 WARN  http.HttpRequestLog (HttpRequestLog.java:getRequestLog(97)) - Jetty request log can only be enabled using Log4j
2019-08-16 03:30:57,876 INFO  http.HttpServer2 (HttpServer2.java:addGlobalFilter(975)) - Added global filter 'safety' (class=org.apache.hadoop.http.HttpServer2$QuotingInputFilter)
2019-08-16 03:30:57,876 INFO  http.HttpServer2 (HttpServer2.java:addFilter(948)) - Added filter static_user_filter (class=org.apache.hadoop.http.lib.StaticUserWebFilter$StaticUserFilter) to context hddsDatanode
2019-08-16 03:30:57,876 INFO  http.HttpServer2 (HttpServer2.java:addFilter(958)) - Added filter static_user_filter (class=org.apache.hadoop.http.lib.StaticUserWebFilter$StaticUserFilter) to context static
2019-08-16 03:30:57,877 INFO  http.HttpServer2 (HttpServer2.java:addFilter(958)) - Added filter static_user_filter (class=org.apache.hadoop.http.lib.StaticUserWebFilter$StaticUserFilter) to context logs
2019-08-16 03:30:57,877 INFO  http.HttpServer2 (HttpServer2.java:bindListener(1191)) - Jetty bound to port 34749
2019-08-16 03:30:57,877 INFO  server.Server (Server.java:doStart(351)) - jetty-9.3.24.v20180605, build timestamp: 2018-06-05T17:11:56Z, git hash: 84205aa28f11a4f31f2a3b86d1bba2cc8ab69827
2019-08-16 03:30:57,880 INFO  handler.ContextHandler (ContextHandler.java:doStart(781)) - Started o.e.j.s.ServletContextHandler@15369d73{/logs,file:///workdir/hadoop-ozone/integration-test/target/log,AVAILABLE}
2019-08-16 03:30:57,880 INFO  handler.ContextHandler (ContextHandler.java:doStart(781)) - Started o.e.j.s.ServletContextHandler@6818fd48{/static,jar:file:/home/user/.m2/repository/org/apache/hadoop/hadoop-hdds-container-service/0.4.1-SNAPSHOT/hadoop-hdds-container-service-0.4.1-SNAPSHOT.jar!/webapps/static,AVAILABLE}
2019-08-16 03:30:57,903 INFO  handler.ContextHandler (ContextHandler.java:doStart(781)) - Started o.e.j.w.WebAppContext@1894fa9f{/,file:///tmp/jetty-0.0.0.0-34749-hddsDatanode-_-any-798745920931010038.dir/webapp/,AVAILABLE}{/hddsDatanode}
2019-08-16 03:30:57,903 INFO  server.AbstractConnector (AbstractConnector.java:doStart(278)) - Started ServerConnector@1144a02b{HTTP/1.1,[http/1.1]}{0.0.0.0:34749}
2019-08-16 03:30:57,904 INFO  server.Server (Server.java:doStart(419)) - Started @7508ms
2019-08-16 03:30:57,905 INFO  server.BaseHttpServer (BaseHttpServer.java:updateConnectorAddress(207)) - HTTP server of HDDSDATANODE is listening at http://0.0.0.0:34749
2019-08-16 03:30:58,185 INFO  ozone.HddsDatanodeService (HddsDatanodeService.java:startPlugins(395)) - Started plug-in org.apache.hadoop.ozone.web.OzoneHddsDatanodeService@6a96d639
2019-08-16 03:30:58,188 INFO  ozone.MiniOzoneClusterImpl (MiniOzoneClusterImpl.java:lambda$waitForClusterToBeReady$0(142)) - Waiting for cluster to be ready. Got 0 of 7 DN Heartbeats.
2019-08-16 03:30:58,189 INFO  util.JvmPauseMonitor (JvmPauseMonitor.java:run(188)) - Starting JVM pause monitor
2019-08-16 03:30:58,191 INFO  datanode.InitDatanodeState (InitDatanodeState.java:persistContainerDatanodeDetails(140)) - DatanodeDetails is persisted to /workdir/hadoop-ozone/integration-test/target/test-dir/MiniOzoneClusterImpl-15f544e2-cbcb-4b36-b33b-c7f51713c2ca/datanode-6/meta/datanode.id
2019-08-16 03:30:58,704 INFO  ozoneimpl.OzoneContainer (OzoneContainer.java:start(186)) - Attempting to start container services.
2019-08-16 03:30:58,706 INFO  ozoneimpl.OzoneContainer (OzoneContainer.java:startContainerScrub(160)) - Background container scrubber has been disabled by hdds.containerscrub.enabled
2019-08-16 03:30:58,706 INFO  ratis.XceiverServerRatis (XceiverServerRatis.java:start(404)) - Starting XceiverServerRatis d09ef4f6-1049-4531-a31d-7b1aaaabfa10 at port 0
2019-08-16 03:30:58,728 INFO  impl.RaftServerProxy (RaftServerProxy.java:lambda$start$3(299)) - d09ef4f6-1049-4531-a31d-7b1aaaabfa10: start RPC server
2019-08-16 03:30:58,848 INFO  server.GrpcService (GrpcService.java:startImpl(149)) - d09ef4f6-1049-4531-a31d-7b1aaaabfa10: GrpcService started, listening on 0.0.0.0/0.0.0.0:33465
2019-08-16 03:30:58,849 INFO  ratis.XceiverServerRatis (XceiverServerRatis.java:start(414)) - XceiverServerRatis d09ef4f6-1049-4531-a31d-7b1aaaabfa10 is started using port 33465
2019-08-16 03:30:58,851 INFO  server.XceiverServerGrpc (XceiverServerGrpc.java:start(161)) - XceiverServerGrpc d09ef4f6-1049-4531-a31d-7b1aaaabfa10 is started using port 44918
2019-08-16 03:30:58,950 INFO  ozoneimpl.OzoneContainer (OzoneContainer.java:start(186)) - Attempting to start container services.
2019-08-16 03:30:58,953 INFO  ozoneimpl.OzoneContainer (OzoneContainer.java:startContainerScrub(160)) - Background container scrubber has been disabled by hdds.containerscrub.enabled
2019-08-16 03:30:58,954 INFO  ratis.XceiverServerRatis (XceiverServerRatis.java:start(404)) - Starting XceiverServerRatis 51cb1f54-fb73-41c6-af18-28702c88289a at port 0
2019-08-16 03:30:58,963 INFO  impl.RaftServerProxy (RaftServerProxy.java:lambda$start$3(299)) - 51cb1f54-fb73-41c6-af18-28702c88289a: start RPC server
2019-08-16 03:30:58,967 INFO  server.GrpcService (GrpcService.java:startImpl(149)) - 51cb1f54-fb73-41c6-af18-28702c88289a: GrpcService started, listening on 0.0.0.0/0.0.0.0:32814
2019-08-16 03:30:58,967 INFO  ratis.XceiverServerRatis (XceiverServerRatis.java:start(414)) - XceiverServerRatis 51cb1f54-fb73-41c6-af18-28702c88289a is started using port 32814
2019-08-16 03:30:58,969 INFO  server.XceiverServerGrpc (XceiverServerGrpc.java:start(161)) - XceiverServerGrpc 51cb1f54-fb73-41c6-af18-28702c88289a is started using port 39592
2019-08-16 03:30:59,188 INFO  ozone.MiniOzoneClusterImpl (MiniOzoneClusterImpl.java:lambda$waitForClusterToBeReady$0(142)) - Waiting for cluster to be ready. Got 0 of 7 DN Heartbeats.
2019-08-16 03:30:59,228 INFO  ozoneimpl.OzoneContainer (OzoneContainer.java:start(186)) - Attempting to start container services.
2019-08-16 03:30:59,230 INFO  ozoneimpl.OzoneContainer (OzoneContainer.java:startContainerScrub(160)) - Background container scrubber has been disabled by hdds.containerscrub.enabled
2019-08-16 03:30:59,230 INFO  ratis.XceiverServerRatis (XceiverServerRatis.java:start(404)) - Starting XceiverServerRatis edcc681a-7683-47ce-b7a4-4b456e457053 at port 0
2019-08-16 03:30:59,237 INFO  impl.RaftServerProxy (RaftServerProxy.java:lambda$start$3(299)) - edcc681a-7683-47ce-b7a4-4b456e457053: start RPC server
2019-08-16 03:30:59,240 INFO  server.GrpcService (GrpcService.java:startImpl(149)) - edcc681a-7683-47ce-b7a4-4b456e457053: GrpcService started, listening on 0.0.0.0/0.0.0.0:44517
2019-08-16 03:30:59,241 INFO  ratis.XceiverServerRatis (XceiverServerRatis.java:start(414)) - XceiverServerRatis edcc681a-7683-47ce-b7a4-4b456e457053 is started using port 44517
2019-08-16 03:30:59,243 INFO  server.XceiverServerGrpc (XceiverServerGrpc.java:start(161)) - XceiverServerGrpc edcc681a-7683-47ce-b7a4-4b456e457053 is started using port 39894
2019-08-16 03:30:59,448 INFO  ozoneimpl.OzoneContainer (OzoneContainer.java:start(186)) - Attempting to start container services.
2019-08-16 03:30:59,453 INFO  ozoneimpl.OzoneContainer (OzoneContainer.java:startContainerScrub(160)) - Background container scrubber has been disabled by hdds.containerscrub.enabled
2019-08-16 03:30:59,453 INFO  ratis.XceiverServerRatis (XceiverServerRatis.java:start(404)) - Starting XceiverServerRatis 942b18c5-366c-4586-965c-19eb0513ec42 at port 0
2019-08-16 03:30:59,461 INFO  impl.RaftServerProxy (RaftServerProxy.java:lambda$start$3(299)) - 942b18c5-366c-4586-965c-19eb0513ec42: start RPC server
2019-08-16 03:30:59,465 INFO  server.GrpcService (GrpcService.java:startImpl(149)) - 942b18c5-366c-4586-965c-19eb0513ec42: GrpcService started, listening on 0.0.0.0/0.0.0.0:43588
2019-08-16 03:30:59,465 INFO  ratis.XceiverServerRatis (XceiverServerRatis.java:start(414)) - XceiverServerRatis 942b18c5-366c-4586-965c-19eb0513ec42 is started using port 43588
2019-08-16 03:30:59,468 INFO  server.XceiverServerGrpc (XceiverServerGrpc.java:start(161)) - XceiverServerGrpc 942b18c5-366c-4586-965c-19eb0513ec42 is started using port 40522
2019-08-16 03:30:59,671 INFO  ozoneimpl.OzoneContainer (OzoneContainer.java:start(186)) - Attempting to start container services.
2019-08-16 03:30:59,672 INFO  ozoneimpl.OzoneContainer (OzoneContainer.java:startContainerScrub(160)) - Background container scrubber has been disabled by hdds.containerscrub.enabled
2019-08-16 03:30:59,672 INFO  ratis.XceiverServerRatis (XceiverServerRatis.java:start(404)) - Starting XceiverServerRatis 46d44a41-52a2-4384-8ac9-ea51a453f0ed at port 0
2019-08-16 03:30:59,683 INFO  impl.RaftServerProxy (RaftServerProxy.java:lambda$start$3(299)) - 46d44a41-52a2-4384-8ac9-ea51a453f0ed: start RPC server
2019-08-16 03:30:59,687 INFO  server.GrpcService (GrpcService.java:startImpl(149)) - 46d44a41-52a2-4384-8ac9-ea51a453f0ed: GrpcService started, listening on 0.0.0.0/0.0.0.0:36884
2019-08-16 03:30:59,687 INFO  ratis.XceiverServerRatis (XceiverServerRatis.java:start(414)) - XceiverServerRatis 46d44a41-52a2-4384-8ac9-ea51a453f0ed is started using port 36884
2019-08-16 03:30:59,691 INFO  server.XceiverServerGrpc (XceiverServerGrpc.java:start(161)) - XceiverServerGrpc 46d44a41-52a2-4384-8ac9-ea51a453f0ed is started using port 37810
2019-08-16 03:30:59,876 INFO  ozoneimpl.OzoneContainer (OzoneContainer.java:start(186)) - Attempting to start container services.
2019-08-16 03:30:59,876 INFO  ozoneimpl.OzoneContainer (OzoneContainer.java:startContainerScrub(160)) - Background container scrubber has been disabled by hdds.containerscrub.enabled
2019-08-16 03:30:59,876 INFO  ratis.XceiverServerRatis (XceiverServerRatis.java:start(404)) - Starting XceiverServerRatis cdebeb69-c8d8-4c6e-838e-5fcab217bc63 at port 0
2019-08-16 03:30:59,886 INFO  impl.RaftServerProxy (RaftServerProxy.java:lambda$start$3(299)) - cdebeb69-c8d8-4c6e-838e-5fcab217bc63: start RPC server
2019-08-16 03:30:59,890 INFO  server.GrpcService (GrpcService.java:startImpl(149)) - cdebeb69-c8d8-4c6e-838e-5fcab217bc63: GrpcService started, listening on 0.0.0.0/0.0.0.0:42155
2019-08-16 03:30:59,891 INFO  ratis.XceiverServerRatis (XceiverServerRatis.java:start(414)) - XceiverServerRatis cdebeb69-c8d8-4c6e-838e-5fcab217bc63 is started using port 42155
2019-08-16 03:30:59,895 INFO  server.XceiverServerGrpc (XceiverServerGrpc.java:start(161)) - XceiverServerGrpc cdebeb69-c8d8-4c6e-838e-5fcab217bc63 is started using port 43596
2019-08-16 03:31:00,189 INFO  ozone.MiniOzoneClusterImpl (MiniOzoneClusterImpl.java:lambda$waitForClusterToBeReady$0(142)) - Waiting for cluster to be ready. Got 0 of 7 DN Heartbeats.
2019-08-16 03:31:00,214 INFO  ozoneimpl.OzoneContainer (OzoneContainer.java:start(186)) - Attempting to start container services.
2019-08-16 03:31:00,215 INFO  ozoneimpl.OzoneContainer (OzoneContainer.java:startContainerScrub(160)) - Background container scrubber has been disabled by hdds.containerscrub.enabled
2019-08-16 03:31:00,215 INFO  ratis.XceiverServerRatis (XceiverServerRatis.java:start(404)) - Starting XceiverServerRatis 75a6d948-9799-4e38-bb4d-0bcbb68a8180 at port 0
2019-08-16 03:31:00,225 INFO  impl.RaftServerProxy (RaftServerProxy.java:lambda$start$3(299)) - 75a6d948-9799-4e38-bb4d-0bcbb68a8180: start RPC server
2019-08-16 03:31:00,230 INFO  server.GrpcService (GrpcService.java:startImpl(149)) - 75a6d948-9799-4e38-bb4d-0bcbb68a8180: GrpcService started, listening on 0.0.0.0/0.0.0.0:33463
2019-08-16 03:31:00,230 INFO  ratis.XceiverServerRatis (XceiverServerRatis.java:start(414)) - XceiverServerRatis 75a6d948-9799-4e38-bb4d-0bcbb68a8180 is started using port 33463
2019-08-16 03:31:00,235 INFO  server.XceiverServerGrpc (XceiverServerGrpc.java:start(161)) - XceiverServerGrpc 75a6d948-9799-4e38-bb4d-0bcbb68a8180 is started using port 41814
2019-08-16 03:31:00,697 INFO  net.NetworkTopology (NetworkTopologyImpl.java:add(110)) - Added a new node: /default-rack/d09ef4f6-1049-4531-a31d-7b1aaaabfa10
2019-08-16 03:31:00,698 INFO  node.SCMNodeManager (SCMNodeManager.java:register(273)) - Registered Data node : d09ef4f6-1049-4531-a31d-7b1aaaabfa10{ip: 192.168.5.170, host: byscane-nightly-5jrvm-589107607, networkLocation: /default-rack, certSerialId: null}
2019-08-16 03:31:00,704 INFO  safemode.SCMSafeModeManager (DataNodeSafeModeRule.java:process(71)) - SCM in safe mode. 1 DataNodes registered, 1 required.
2019-08-16 03:31:00,704 INFO  safemode.SCMSafeModeManager (SCMSafeModeManager.java:validateSafeModeExitRules(177)) - ScmSafeModeManager, all rules are successfully validated
2019-08-16 03:31:00,704 INFO  safemode.SCMSafeModeManager (SCMSafeModeManager.java:exitSafeMode(193)) - SCM exiting safe mode.
2019-08-16 03:31:00,938 INFO  net.NetworkTopology (NetworkTopologyImpl.java:add(110)) - Added a new node: /default-rack/51cb1f54-fb73-41c6-af18-28702c88289a
2019-08-16 03:31:00,938 INFO  node.SCMNodeManager (SCMNodeManager.java:register(273)) - Registered Data node : 51cb1f54-fb73-41c6-af18-28702c88289a{ip: 192.168.5.170, host: byscane-nightly-5jrvm-589107607, networkLocation: /default-rack, certSerialId: null}
2019-08-16 03:31:01,189 INFO  ozone.MiniOzoneClusterImpl (MiniOzoneClusterImpl.java:lambda$waitForClusterToBeReady$0(142)) - Waiting for cluster to be ready. Got 2 of 7 DN Heartbeats.
2019-08-16 03:31:01,214 INFO  net.NetworkTopology (NetworkTopologyImpl.java:add(110)) - Added a new node: /default-rack/edcc681a-7683-47ce-b7a4-4b456e457053
2019-08-16 03:31:01,214 INFO  node.SCMNodeManager (SCMNodeManager.java:register(273)) - Registered Data node : edcc681a-7683-47ce-b7a4-4b456e457053{ip: 192.168.5.170, host: byscane-nightly-5jrvm-589107607, networkLocation: /default-rack, certSerialId: null}
2019-08-16 03:31:01,639 INFO  net.NetworkTopology (NetworkTopologyImpl.java:add(110)) - Added a new node: /default-rack/942b18c5-366c-4586-965c-19eb0513ec42
2019-08-16 03:31:01,639 INFO  node.SCMNodeManager (SCMNodeManager.java:register(273)) - Registered Data node : 942b18c5-366c-4586-965c-19eb0513ec42{ip: 192.168.5.170, host: byscane-nightly-5jrvm-589107607, networkLocation: /default-rack, certSerialId: null}
2019-08-16 03:31:01,657 INFO  net.NetworkTopology (NetworkTopologyImpl.java:add(110)) - Added a new node: /default-rack/46d44a41-52a2-4384-8ac9-ea51a453f0ed
2019-08-16 03:31:01,657 INFO  node.SCMNodeManager (SCMNodeManager.java:register(273)) - Registered Data node : 46d44a41-52a2-4384-8ac9-ea51a453f0ed{ip: 192.168.5.170, host: byscane-nightly-5jrvm-589107607, networkLocation: /default-rack, certSerialId: null}
2019-08-16 03:31:01,689 INFO  impl.RaftServerProxy (RaftServerProxy.java:addNew(89)) - d09ef4f6-1049-4531-a31d-7b1aaaabfa10: addNew group-E4F237C14947:[d09ef4f6-1049-4531-a31d-7b1aaaabfa10:192.168.5.170:33465] returns group-E4F237C14947:java.util.concurrent.CompletableFuture@5e96b50c[Not completed]
2019-08-16 03:31:01,717 INFO  impl.RaftServerImpl (RaftServerImpl.java:<init>(93)) - d09ef4f6-1049-4531-a31d-7b1aaaabfa10: new RaftServerImpl for group-E4F237C14947:[d09ef4f6-1049-4531-a31d-7b1aaaabfa10:192.168.5.170:33465] with ContainerStateMachine:uninitialized
2019-08-16 03:31:01,719 INFO  server.RaftServerConfigKeys (ConfUtils.java:logGet(43)) - raft.server.rpc.timeout.min = 5s (custom)
2019-08-16 03:31:01,721 INFO  server.RaftServerConfigKeys (ConfUtils.java:logGet(43)) - raft.server.rpc.timeout.max = 5200ms (custom)
2019-08-16 03:31:01,721 INFO  server.RaftServerConfigKeys (ConfUtils.java:logGet(43)) - raft.server.rpcslowness.timeout = 120s (custom)
2019-08-16 03:31:01,722 INFO  server.RaftServerConfigKeys (ConfUtils.java:logGet(43)) - raft.server.sleep.deviation.threshold = 300 (default)
2019-08-16 03:31:01,723 INFO  server.RaftServerConfigKeys (ConfUtils.java:logGet(43)) - raft.server.log.appender.install.snapshot.enabled = false (custom)
2019-08-16 03:31:01,733 INFO  impl.RaftServerImpl (ServerState.java:<init>(105)) - d09ef4f6-1049-4531-a31d-7b1aaaabfa10:group-E4F237C14947 ConfigurationManager, init=-1: [d09ef4f6-1049-4531-a31d-7b1aaaabfa10:192.168.5.170:33465], old=null, confs=<EMPTY_MAP>
2019-08-16 03:31:01,733 INFO  server.RaftServerConfigKeys (ConfUtils.java:logGet(43)) - raft.server.storage.dir = [/workdir/hadoop-ozone/integration-test/target/test-dir/MiniOzoneClusterImpl-15f544e2-cbcb-4b36-b33b-c7f51713c2ca/datanode-0/data/ratis] (custom)
2019-08-16 03:31:01,743 INFO  storage.RaftStorageDirectory (RaftStorageDirectory.java:analyzeStorage(246)) - The storage directory /workdir/hadoop-ozone/integration-test/target/test-dir/MiniOzoneClusterImpl-15f544e2-cbcb-4b36-b33b-c7f51713c2ca/datanode-0/data/ratis/736a598c-128e-4e9a-9dc2-e4f237c14947 does not exist. Creating ...
2019-08-16 03:31:01,762 INFO  storage.RaftStorageDirectory (RaftStorageDirectory.java:tryLock(328)) - Lock on /workdir/hadoop-ozone/integration-test/target/test-dir/MiniOzoneClusterImpl-15f544e2-cbcb-4b36-b33b-c7f51713c2ca/datanode-0/data/ratis/736a598c-128e-4e9a-9dc2-e4f237c14947/in_use.lock acquired by nodename 29009@byscane-nightly-5jrvm-589107607
2019-08-16 03:31:01,779 INFO  storage.RaftStorage (RaftStorage.java:format(72)) - Storage directory /workdir/hadoop-ozone/integration-test/target/test-dir/MiniOzoneClusterImpl-15f544e2-cbcb-4b36-b33b-c7f51713c2ca/datanode-0/data/ratis/736a598c-128e-4e9a-9dc2-e4f237c14947 has been successfully formatted.
2019-08-16 03:31:01,782 INFO  ratis.ContainerStateMachine (ContainerStateMachine.java:loadSnapshot(213)) - group-E4F237C14947: The snapshot info is null. Setting the last applied indexto:(t:0, i:~)
2019-08-16 03:31:01,782 INFO  server.RaftServerConfigKeys (ConfUtils.java:logGet(43)) - raft.server.leader.election.timeout = 120s (custom)
2019-08-16 03:31:01,785 INFO  server.RaftServerConfigKeys (ConfUtils.java:logGet(43)) - raft.server.log.use.memory = false (default)
2019-08-16 03:31:01,791 INFO  server.RaftServerConfigKeys (ConfUtils.java:logGet(43)) - raft.server.log.purge.gap = 1000000000 (custom)
2019-08-16 03:31:01,792 INFO  server.RaftServerConfigKeys (ConfUtils.java:logGet(43)) - raft.server.log.appender.buffer.byte-limit = 33554432 (custom)
2019-08-16 03:31:01,794 INFO  server.RaftServerConfigKeys (ConfUtils.java:logGet(43)) - raft.server.log.segment.size.max = 1048576 (custom)
2019-08-16 03:31:01,799 INFO  server.RaftServerConfigKeys (ConfUtils.java:logGet(43)) - raft.server.log.segment.cache.num.max = 2 (custom)
2019-08-16 03:31:01,806 INFO  segmented.SegmentedRaftLogWorker (SegmentedRaftLogWorker.java:<init>(172)) - new d09ef4f6-1049-4531-a31d-7b1aaaabfa10-SegmentedRaftLogWorker:Storage Directory /workdir/hadoop-ozone/integration-test/target/test-dir/MiniOzoneClusterImpl-15f544e2-cbcb-4b36-b33b-c7f51713c2ca/datanode-0/data/ratis/736a598c-128e-4e9a-9dc2-e4f237c14947 for RaftStorage:Storage Directory /workdir/hadoop-ozone/integration-test/target/test-dir/MiniOzoneClusterImpl-15f544e2-cbcb-4b36-b33b-c7f51713c2ca/datanode-0/data/ratis/736a598c-128e-4e9a-9dc2-e4f237c14947
2019-08-16 03:31:01,820 INFO  server.RaftServerConfigKeys (ConfUtils.java:logGet(43)) - raft.server.log.queue.byte-limit = 2147483647 (custom)
2019-08-16 03:31:01,821 INFO  server.RaftServerConfigKeys (ConfUtils.java:logGet(43)) - raft.server.log.queue.element-limit = 1024 (custom)
2019-08-16 03:31:01,826 INFO  server.RaftServerConfigKeys (ConfUtils.java:logGet(43)) - raft.server.log.segment.size.max = 1048576 (custom)
2019-08-16 03:31:01,827 INFO  server.RaftServerConfigKeys (ConfUtils.java:logGet(43)) - raft.server.log.preallocated.size = 16384 (custom)
2019-08-16 03:31:01,827 INFO  server.RaftServerConfigKeys (ConfUtils.java:logGet(43)) - raft.server.log.write.buffer.size = 33554432 (custom)
2019-08-16 03:31:01,828 INFO  server.RaftServerConfigKeys (ConfUtils.java:logGet(43)) - raft.server.log.force.sync.num = 128 (default)
2019-08-16 03:31:01,829 INFO  server.RaftServerConfigKeys (ConfUtils.java:logGet(43)) - raft.server.log.statemachine.data.sync = true (default)
2019-08-16 03:31:01,829 INFO  server.RaftServerConfigKeys (ConfUtils.java:logGet(43)) - raft.server.log.statemachine.data.sync.timeout = 10s (default)
2019-08-16 03:31:01,829 INFO  server.RaftServerConfigKeys (ConfUtils.java:logGet(43)) - raft.server.log.statemachine.data.sync.timeout.retry = -1 (default)
2019-08-16 03:31:01,838 INFO  server.RaftServerConfigKeys (ConfUtils.java:logGet(43)) - raft.server.log.statemachine.data.caching.enabled = true (custom)
2019-08-16 03:31:01,843 INFO  segmented.SegmentedRaftLogWorker (SegmentedRaftLogWorker.java:lambda$new$0(132)) - d09ef4f6-1049-4531-a31d-7b1aaaabfa10-SegmentedRaftLogWorker:Storage Directory /workdir/hadoop-ozone/integration-test/target/test-dir/MiniOzoneClusterImpl-15f544e2-cbcb-4b36-b33b-c7f51713c2ca/datanode-0/data/ratis/736a598c-128e-4e9a-9dc2-e4f237c14947: flushIndex: setUnconditionally 0 -> -1
2019-08-16 03:31:01,847 INFO  server.RaftServerConfigKeys (ConfUtils.java:logGet(43)) - raft.server.snapshot.auto.trigger.enabled = true (custom)
2019-08-16 03:31:01,848 INFO  server.RaftServerConfigKeys (ConfUtils.java:logGet(43)) - raft.server.snapshot.auto.trigger.threshold = 10000 (custom)
2019-08-16 03:31:01,848 INFO  server.RaftServerConfigKeys (ConfUtils.java:logGet(43)) - raft.server.retrycache.expirytime = 600000ms (custom)
2019-08-16 03:31:01,853 INFO  net.NetworkTopology (NetworkTopologyImpl.java:add(110)) - Added a new node: /default-rack/cdebeb69-c8d8-4c6e-838e-5fcab217bc63
2019-08-16 03:31:01,855 INFO  node.SCMNodeManager (SCMNodeManager.java:register(273)) - Registered Data node : cdebeb69-c8d8-4c6e-838e-5fcab217bc63{ip: 192.168.5.170, host: byscane-nightly-5jrvm-589107607, networkLocation: /default-rack, certSerialId: null}
2019-08-16 03:31:01,871 INFO  impl.RaftServerImpl (RaftServerImpl.java:start(180)) - d09ef4f6-1049-4531-a31d-7b1aaaabfa10: start group-E4F237C14947
2019-08-16 03:31:01,872 INFO  impl.RaftServerImpl (RaftServerImpl.java:setRole(171)) - d09ef4f6-1049-4531-a31d-7b1aaaabfa10:group-E4F237C14947 changes role from null to FOLLOWER at term 0 for startAsFollower
2019-08-16 03:31:01,873 INFO  impl.RoleInfo (RoleInfo.java:updateAndGet(143)) - d09ef4f6-1049-4531-a31d-7b1aaaabfa10: start FollowerState
2019-08-16 03:31:01,875 INFO  util.JmxRegister (JmxRegister.java:tryRegister(44)) - Successfully registered JMX Bean with object name Ratis:service=RaftServer,group=group-E4F237C14947,id=d09ef4f6-1049-4531-a31d-7b1aaaabfa10
2019-08-16 03:31:01,942 INFO  pipeline.PipelineStateManager (PipelineStateManager.java:addPipeline(56)) - Created pipeline Pipeline[ Id: 736a598c-128e-4e9a-9dc2-e4f237c14947, Nodes: d09ef4f6-1049-4531-a31d-7b1aaaabfa10{ip: 192.168.5.170, host: byscane-nightly-5jrvm-589107607, networkLocation: /default-rack, certSerialId: null}, Type:RATIS, Factor:ONE, State:OPEN]
2019-08-16 03:31:01,969 INFO  impl.RaftServerProxy (RaftServerProxy.java:addNew(89)) - 51cb1f54-fb73-41c6-af18-28702c88289a: addNew group-8D1E2AF0BB63:[51cb1f54-fb73-41c6-af18-28702c88289a:192.168.5.170:32814] returns group-8D1E2AF0BB63:java.util.concurrent.CompletableFuture@3f339e92[Not completed]
2019-08-16 03:31:02,019 INFO  impl.RaftServerImpl (RaftServerImpl.java:<init>(93)) - 51cb1f54-fb73-41c6-af18-28702c88289a: new RaftServerImpl for group-8D1E2AF0BB63:[51cb1f54-fb73-41c6-af18-28702c88289a:192.168.5.170:32814] with ContainerStateMachine:uninitialized
2019-08-16 03:31:02,021 INFO  server.RaftServerConfigKeys (ConfUtils.java:logGet(43)) - raft.server.rpc.timeout.min = 5s (custom)
2019-08-16 03:31:02,021 INFO  server.RaftServerConfigKeys (ConfUtils.java:logGet(43)) - raft.server.rpc.timeout.max = 5200ms (custom)
2019-08-16 03:31:02,021 INFO  server.RaftServerConfigKeys (ConfUtils.java:logGet(43)) - raft.server.rpcslowness.timeout = 120s (custom)
2019-08-16 03:31:02,021 INFO  server.RaftServerConfigKeys (ConfUtils.java:logGet(43)) - raft.server.sleep.deviation.threshold = 300 (default)
2019-08-16 03:31:02,022 INFO  server.RaftServerConfigKeys (ConfUtils.java:logGet(43)) - raft.server.log.appender.install.snapshot.enabled = false (custom)
2019-08-16 03:31:02,022 INFO  impl.RaftServerImpl (ServerState.java:<init>(105)) - 51cb1f54-fb73-41c6-af18-28702c88289a:group-8D1E2AF0BB63 ConfigurationManager, init=-1: [51cb1f54-fb73-41c6-af18-28702c88289a:192.168.5.170:32814], old=null, confs=<EMPTY_MAP>
2019-08-16 03:31:02,022 INFO  server.RaftServerConfigKeys (ConfUtils.java:logGet(43)) - raft.server.storage.dir = [/workdir/hadoop-ozone/integration-test/target/test-dir/MiniOzoneClusterImpl-15f544e2-cbcb-4b36-b33b-c7f51713c2ca/datanode-1/data/ratis] (custom)
2019-08-16 03:31:02,023 INFO  storage.RaftStorageDirectory (RaftStorageDirectory.java:analyzeStorage(246)) - The storage directory /workdir/hadoop-ozone/integration-test/target/test-dir/MiniOzoneClusterImpl-15f544e2-cbcb-4b36-b33b-c7f51713c2ca/datanode-1/data/ratis/120d88f0-171d-4a82-a91a-8d1e2af0bb63 does not exist. Creating ...
2019-08-16 03:31:02,038 INFO  storage.RaftStorageDirectory (RaftStorageDirectory.java:tryLock(328)) - Lock on /workdir/hadoop-ozone/integration-test/target/test-dir/MiniOzoneClusterImpl-15f544e2-cbcb-4b36-b33b-c7f51713c2ca/datanode-1/data/ratis/120d88f0-171d-4a82-a91a-8d1e2af0bb63/in_use.lock acquired by nodename 29009@byscane-nightly-5jrvm-589107607
2019-08-16 03:31:02,055 INFO  storage.RaftStorage (RaftStorage.java:format(72)) - Storage directory /workdir/hadoop-ozone/integration-test/target/test-dir/MiniOzoneClusterImpl-15f544e2-cbcb-4b36-b33b-c7f51713c2ca/datanode-1/data/ratis/120d88f0-171d-4a82-a91a-8d1e2af0bb63 has been successfully formatted.
2019-08-16 03:31:02,057 INFO  ratis.ContainerStateMachine (ContainerStateMachine.java:loadSnapshot(213)) - group-8D1E2AF0BB63: The snapshot info is null. Setting the last applied indexto:(t:0, i:~)
2019-08-16 03:31:02,058 INFO  server.RaftServerConfigKeys (ConfUtils.java:logGet(43)) - raft.server.leader.election.timeout = 120s (custom)
2019-08-16 03:31:02,059 INFO  server.RaftServerConfigKeys (ConfUtils.java:logGet(43)) - raft.server.log.use.memory = false (default)
2019-08-16 03:31:02,059 INFO  server.RaftServerConfigKeys (ConfUtils.java:logGet(43)) - raft.server.log.purge.gap = 1000000000 (custom)
2019-08-16 03:31:02,059 INFO  server.RaftServerConfigKeys (ConfUtils.java:logGet(43)) - raft.server.log.appender.buffer.byte-limit = 33554432 (custom)
2019-08-16 03:31:02,059 INFO  server.RaftServerConfigKeys (ConfUtils.java:logGet(43)) - raft.server.log.segment.size.max = 1048576 (custom)
2019-08-16 03:31:02,060 INFO  server.RaftServerConfigKeys (ConfUtils.java:logGet(43)) - raft.server.log.segment.cache.num.max = 2 (custom)
2019-08-16 03:31:02,060 INFO  segmented.SegmentedRaftLogWorker (SegmentedRaftLogWorker.java:<init>(172)) - new 51cb1f54-fb73-41c6-af18-28702c88289a-SegmentedRaftLogWorker:Storage Directory /workdir/hadoop-ozone/integration-test/target/test-dir/MiniOzoneClusterImpl-15f544e2-cbcb-4b36-b33b-c7f51713c2ca/datanode-1/data/ratis/120d88f0-171d-4a82-a91a-8d1e2af0bb63 for RaftStorage:Storage Directory /workdir/hadoop-ozone/integration-test/target/test-dir/MiniOzoneClusterImpl-15f544e2-cbcb-4b36-b33b-c7f51713c2ca/datanode-1/data/ratis/120d88f0-171d-4a82-a91a-8d1e2af0bb63
2019-08-16 03:31:02,061 INFO  server.RaftServerConfigKeys (ConfUtils.java:logGet(43)) - raft.server.log.queue.byte-limit = 2147483647 (custom)
2019-08-16 03:31:02,062 INFO  server.RaftServerConfigKeys (ConfUtils.java:logGet(43)) - raft.server.log.queue.element-limit = 1024 (custom)
2019-08-16 03:31:02,062 INFO  server.RaftServerConfigKeys (ConfUtils.java:logGet(43)) - raft.server.log.segment.size.max = 1048576 (custom)
2019-08-16 03:31:02,062 INFO  server.RaftServerConfigKeys (ConfUtils.java:logGet(43)) - raft.server.log.preallocated.size = 16384 (custom)
2019-08-16 03:31:02,062 INFO  server.RaftServerConfigKeys (ConfUtils.java:logGet(43)) - raft.server.log.write.buffer.size = 33554432 (custom)
2019-08-16 03:31:02,063 INFO  server.RaftServerConfigKeys (ConfUtils.java:logGet(43)) - raft.server.log.force.sync.num = 128 (default)
2019-08-16 03:31:02,063 INFO  server.RaftServerConfigKeys (ConfUtils.java:logGet(43)) - raft.server.log.statemachine.data.sync = true (default)
2019-08-16 03:31:02,063 INFO  server.RaftServerConfigKeys (ConfUtils.java:logGet(43)) - raft.server.log.statemachine.data.sync.timeout = 10s (default)
2019-08-16 03:31:02,063 INFO  server.RaftServerConfigKeys (ConfUtils.java:logGet(43)) - raft.server.log.statemachine.data.sync.timeout.retry = -1 (default)
2019-08-16 03:31:02,064 INFO  server.RaftServerConfigKeys (ConfUtils.java:logGet(43)) - raft.server.log.statemachine.data.caching.enabled = true (custom)
2019-08-16 03:31:02,064 INFO  segmented.SegmentedRaftLogWorker (SegmentedRaftLogWorker.java:lambda$new$0(132)) - 51cb1f54-fb73-41c6-af18-28702c88289a-SegmentedRaftLogWorker:Storage Directory /workdir/hadoop-ozone/integration-test/target/test-dir/MiniOzoneClusterImpl-15f544e2-cbcb-4b36-b33b-c7f51713c2ca/datanode-1/data/ratis/120d88f0-171d-4a82-a91a-8d1e2af0bb63: flushIndex: setUnconditionally 0 -> -1
2019-08-16 03:31:02,065 INFO  server.RaftServerConfigKeys (ConfUtils.java:logGet(43)) - raft.server.snapshot.auto.trigger.enabled = true (custom)
2019-08-16 03:31:02,065 INFO  server.RaftServerConfigKeys (ConfUtils.java:logGet(43)) - raft.server.snapshot.auto.trigger.threshold = 10000 (custom)
2019-08-16 03:31:02,065 INFO  server.RaftServerConfigKeys (ConfUtils.java:logGet(43)) - raft.server.retrycache.expirytime = 600000ms (custom)
2019-08-16 03:31:02,065 INFO  impl.RaftServerImpl (RaftServerImpl.java:start(180)) - 51cb1f54-fb73-41c6-af18-28702c88289a: start group-8D1E2AF0BB63
2019-08-16 03:31:02,066 INFO  impl.RaftServerImpl (RaftServerImpl.java:setRole(171)) - 51cb1f54-fb73-41c6-af18-28702c88289a:group-8D1E2AF0BB63 changes role from null to FOLLOWER at term 0 for startAsFollower
2019-08-16 03:31:02,066 INFO  impl.RoleInfo (RoleInfo.java:updateAndGet(143)) - 51cb1f54-fb73-41c6-af18-28702c88289a: start FollowerState
2019-08-16 03:31:02,067 INFO  util.JmxRegister (JmxRegister.java:tryRegister(44)) - Successfully registered JMX Bean with object name Ratis:service=RaftServer,group=group-8D1E2AF0BB63,id=51cb1f54-fb73-41c6-af18-28702c88289a
2019-08-16 03:31:02,083 INFO  pipeline.PipelineStateManager (PipelineStateManager.java:addPipeline(56)) - Created pipeline Pipeline[ Id: 120d88f0-171d-4a82-a91a-8d1e2af0bb63, Nodes: 51cb1f54-fb73-41c6-af18-28702c88289a{ip: 192.168.5.170, host: byscane-nightly-5jrvm-589107607, networkLocation: /default-rack, certSerialId: null}, Type:RATIS, Factor:ONE, State:OPEN]
2019-08-16 03:31:02,108 INFO  impl.RaftServerProxy (RaftServerProxy.java:addNew(89)) - 942b18c5-366c-4586-965c-19eb0513ec42: addNew group-2ABA2ECB8CDB:[942b18c5-366c-4586-965c-19eb0513ec42:192.168.5.170:43588] returns group-2ABA2ECB8CDB:java.util.concurrent.CompletableFuture@1719764c[Not completed]
2019-08-16 03:31:02,118 INFO  impl.RaftServerImpl (RaftServerImpl.java:<init>(93)) - 942b18c5-366c-4586-965c-19eb0513ec42: new RaftServerImpl for group-2ABA2ECB8CDB:[942b18c5-366c-4586-965c-19eb0513ec42:192.168.5.170:43588] with ContainerStateMachine:uninitialized
2019-08-16 03:31:02,119 INFO  server.RaftServerConfigKeys (ConfUtils.java:logGet(43)) - raft.server.rpc.timeout.min = 5s (custom)
2019-08-16 03:31:02,119 INFO  server.RaftServerConfigKeys (ConfUtils.java:logGet(43)) - raft.server.rpc.timeout.max = 5200ms (custom)
2019-08-16 03:31:02,119 INFO  server.RaftServerConfigKeys (ConfUtils.java:logGet(43)) - raft.server.rpcslowness.timeout = 120s (custom)
2019-08-16 03:31:02,119 INFO  server.RaftServerConfigKeys (ConfUtils.java:logGet(43)) - raft.server.sleep.deviation.threshold = 300 (default)
2019-08-16 03:31:02,119 INFO  server.RaftServerConfigKeys (ConfUtils.java:logGet(43)) - raft.server.log.appender.install.snapshot.enabled = false (custom)
2019-08-16 03:31:02,120 INFO  impl.RaftServerImpl (ServerState.java:<init>(105)) - 942b18c5-366c-4586-965c-19eb0513ec42:group-2ABA2ECB8CDB ConfigurationManager, init=-1: [942b18c5-366c-4586-965c-19eb0513ec42:192.168.5.170:43588], old=null, confs=<EMPTY_MAP>
2019-08-16 03:31:02,120 INFO  server.RaftServerConfigKeys (ConfUtils.java:logGet(43)) - raft.server.storage.dir = [/workdir/hadoop-ozone/integration-test/target/test-dir/MiniOzoneClusterImpl-15f544e2-cbcb-4b36-b33b-c7f51713c2ca/datanode-3/data/ratis] (custom)
2019-08-16 03:31:02,120 INFO  storage.RaftStorageDirectory (RaftStorageDirectory.java:analyzeStorage(246)) - The storage directory /workdir/hadoop-ozone/integration-test/target/test-dir/MiniOzoneClusterImpl-15f544e2-cbcb-4b36-b33b-c7f51713c2ca/datanode-3/data/ratis/7e043538-cbde-4f82-a3c8-2aba2ecb8cdb does not exist. Creating ...
2019-08-16 03:31:02,145 INFO  storage.RaftStorageDirectory (RaftStorageDirectory.java:tryLock(328)) - Lock on /workdir/hadoop-ozone/integration-test/target/test-dir/MiniOzoneClusterImpl-15f544e2-cbcb-4b36-b33b-c7f51713c2ca/datanode-3/data/ratis/7e043538-cbde-4f82-a3c8-2aba2ecb8cdb/in_use.lock acquired by nodename 29009@byscane-nightly-5jrvm-589107607
2019-08-16 03:31:02,157 INFO  storage.RaftStorage (RaftStorage.java:format(72)) - Storage directory /workdir/hadoop-ozone/integration-test/target/test-dir/MiniOzoneClusterImpl-15f544e2-cbcb-4b36-b33b-c7f51713c2ca/datanode-3/data/ratis/7e043538-cbde-4f82-a3c8-2aba2ecb8cdb has been successfully formatted.
2019-08-16 03:31:02,158 INFO  ratis.ContainerStateMachine (ContainerStateMachine.java:loadSnapshot(213)) - group-2ABA2ECB8CDB: The snapshot info is null. Setting the last applied indexto:(t:0, i:~)
2019-08-16 03:31:02,158 INFO  server.RaftServerConfigKeys (ConfUtils.java:logGet(43)) - raft.server.leader.election.timeout = 120s (custom)
2019-08-16 03:31:02,158 INFO  server.RaftServerConfigKeys (ConfUtils.java:logGet(43)) - raft.server.log.use.memory = false (default)
2019-08-16 03:31:02,158 INFO  server.RaftServerConfigKeys (ConfUtils.java:logGet(43)) - raft.server.log.purge.gap = 1000000000 (custom)
2019-08-16 03:31:02,158 INFO  server.RaftServerConfigKeys (ConfUtils.java:logGet(43)) - raft.server.log.appender.buffer.byte-limit = 33554432 (custom)
2019-08-16 03:31:02,159 INFO  server.RaftServerConfigKeys (ConfUtils.java:logGet(43)) - raft.server.log.segment.size.max = 1048576 (custom)
2019-08-16 03:31:02,159 INFO  server.RaftServerConfigKeys (ConfUtils.java:logGet(43)) - raft.server.log.segment.cache.num.max = 2 (custom)
2019-08-16 03:31:02,159 INFO  segmented.SegmentedRaftLogWorker (SegmentedRaftLogWorker.java:<init>(172)) - new 942b18c5-366c-4586-965c-19eb0513ec42-SegmentedRaftLogWorker:Storage Directory /workdir/hadoop-ozone/integration-test/target/test-dir/MiniOzoneClusterImpl-15f544e2-cbcb-4b36-b33b-c7f51713c2ca/datanode-3/data/ratis/7e043538-cbde-4f82-a3c8-2aba2ecb8cdb for RaftStorage:Storage Directory /workdir/hadoop-ozone/integration-test/target/test-dir/MiniOzoneClusterImpl-15f544e2-cbcb-4b36-b33b-c7f51713c2ca/datanode-3/data/ratis/7e043538-cbde-4f82-a3c8-2aba2ecb8cdb
2019-08-16 03:31:02,159 INFO  server.RaftServerConfigKeys (ConfUtils.java:logGet(43)) - raft.server.log.queue.byte-limit = 2147483647 (custom)
2019-08-16 03:31:02,159 INFO  server.RaftServerConfigKeys (ConfUtils.java:logGet(43)) - raft.server.log.queue.element-limit = 1024 (custom)
2019-08-16 03:31:02,160 INFO  server.RaftServerConfigKeys (ConfUtils.java:logGet(43)) - raft.server.log.segment.size.max = 1048576 (custom)
2019-08-16 03:31:02,160 INFO  server.RaftServerConfigKeys (ConfUtils.java:logGet(43)) - raft.server.log.preallocated.size = 16384 (custom)
2019-08-16 03:31:02,160 INFO  server.RaftServerConfigKeys (ConfUtils.java:logGet(43)) - raft.server.log.write.buffer.size = 33554432 (custom)
2019-08-16 03:31:02,160 INFO  server.RaftServerConfigKeys (ConfUtils.java:logGet(43)) - raft.server.log.force.sync.num = 128 (default)
2019-08-16 03:31:02,160 INFO  server.RaftServerConfigKeys (ConfUtils.java:logGet(43)) - raft.server.log.statemachine.data.sync = true (default)
2019-08-16 03:31:02,161 INFO  server.RaftServerConfigKeys (ConfUtils.java:logGet(43)) - raft.server.log.statemachine.data.sync.timeout = 10s (default)
2019-08-16 03:31:02,161 INFO  server.RaftServerConfigKeys (ConfUtils.java:logGet(43)) - raft.server.log.statemachine.data.sync.timeout.retry = -1 (default)
2019-08-16 03:31:02,161 INFO  server.RaftServerConfigKeys (ConfUtils.java:logGet(43)) - raft.server.log.statemachine.data.caching.enabled = true (custom)
2019-08-16 03:31:02,162 INFO  segmented.SegmentedRaftLogWorker (SegmentedRaftLogWorker.java:lambda$new$0(132)) - 942b18c5-366c-4586-965c-19eb0513ec42-SegmentedRaftLogWorker:Storage Directory /workdir/hadoop-ozone/integration-test/target/test-dir/MiniOzoneClusterImpl-15f544e2-cbcb-4b36-b33b-c7f51713c2ca/datanode-3/data/ratis/7e043538-cbde-4f82-a3c8-2aba2ecb8cdb: flushIndex: setUnconditionally 0 -> -1
2019-08-16 03:31:02,162 INFO  server.RaftServerConfigKeys (ConfUtils.java:logGet(43)) - raft.server.snapshot.auto.trigger.enabled = true (custom)
2019-08-16 03:31:02,162 INFO  server.RaftServerConfigKeys (ConfUtils.java:logGet(43)) - raft.server.snapshot.auto.trigger.threshold = 10000 (custom)
2019-08-16 03:31:02,162 INFO  server.RaftServerConfigKeys (ConfUtils.java:logGet(43)) - raft.server.retrycache.expirytime = 600000ms (custom)
2019-08-16 03:31:02,163 INFO  impl.RaftServerImpl (RaftServerImpl.java:start(180)) - 942b18c5-366c-4586-965c-19eb0513ec42: start group-2ABA2ECB8CDB
2019-08-16 03:31:02,163 INFO  impl.RaftServerImpl (RaftServerImpl.java:setRole(171)) - 942b18c5-366c-4586-965c-19eb0513ec42:group-2ABA2ECB8CDB changes role from null to FOLLOWER at term 0 for startAsFollower
2019-08-16 03:31:02,163 INFO  impl.RoleInfo (RoleInfo.java:updateAndGet(143)) - 942b18c5-366c-4586-965c-19eb0513ec42: start FollowerState
2019-08-16 03:31:02,164 INFO  util.JmxRegister (JmxRegister.java:tryRegister(44)) - Successfully registered JMX Bean with object name Ratis:service=RaftServer,group=group-2ABA2ECB8CDB,id=942b18c5-366c-4586-965c-19eb0513ec42
2019-08-16 03:31:02,179 INFO  pipeline.PipelineStateManager (PipelineStateManager.java:addPipeline(56)) - Created pipeline Pipeline[ Id: 7e043538-cbde-4f82-a3c8-2aba2ecb8cdb, Nodes: 942b18c5-366c-4586-965c-19eb0513ec42{ip: 192.168.5.170, host: byscane-nightly-5jrvm-589107607, networkLocation: /default-rack, certSerialId: null}, Type:RATIS, Factor:ONE, State:OPEN]
2019-08-16 03:31:02,191 INFO  ozone.MiniOzoneClusterImpl (MiniOzoneClusterImpl.java:lambda$waitForClusterToBeReady$0(142)) - Waiting for cluster to be ready. Got 6 of 7 DN Heartbeats.
2019-08-16 03:31:02,198 INFO  net.NetworkTopology (NetworkTopologyImpl.java:add(110)) - Added a new node: /default-rack/75a6d948-9799-4e38-bb4d-0bcbb68a8180
2019-08-16 03:31:02,199 INFO  node.SCMNodeManager (SCMNodeManager.java:register(273)) - Registered Data node : 75a6d948-9799-4e38-bb4d-0bcbb68a8180{ip: 192.168.5.170, host: byscane-nightly-5jrvm-589107607, networkLocation: /default-rack, certSerialId: null}
2019-08-16 03:31:02,208 INFO  impl.RaftServerProxy (RaftServerProxy.java:addNew(89)) - cdebeb69-c8d8-4c6e-838e-5fcab217bc63: addNew group-45A08920DF07:[cdebeb69-c8d8-4c6e-838e-5fcab217bc63:192.168.5.170:42155] returns group-45A08920DF07:java.util.concurrent.CompletableFuture@1fc1cee6[Not completed]
2019-08-16 03:31:02,213 INFO  impl.RaftServerImpl (RaftServerImpl.java:<init>(93)) - cdebeb69-c8d8-4c6e-838e-5fcab217bc63: new RaftServerImpl for group-45A08920DF07:[cdebeb69-c8d8-4c6e-838e-5fcab217bc63:192.168.5.170:42155] with ContainerStateMachine:uninitialized
2019-08-16 03:31:02,213 INFO  server.RaftServerConfigKeys (ConfUtils.java:logGet(43)) - raft.server.rpc.timeout.min = 5s (custom)
2019-08-16 03:31:02,213 INFO  server.RaftServerConfigKeys (ConfUtils.java:logGet(43)) - raft.server.rpc.timeout.max = 5200ms (custom)
2019-08-16 03:31:02,213 INFO  server.RaftServerConfigKeys (ConfUtils.java:logGet(43)) - raft.server.rpcslowness.timeout = 120s (custom)
2019-08-16 03:31:02,214 INFO  server.RaftServerConfigKeys (ConfUtils.java:logGet(43)) - raft.server.sleep.deviation.threshold = 300 (default)
2019-08-16 03:31:02,214 INFO  server.RaftServerConfigKeys (ConfUtils.java:logGet(43)) - raft.server.log.appender.install.snapshot.enabled = false (custom)
2019-08-16 03:31:02,214 INFO  impl.RaftServerImpl (ServerState.java:<init>(105)) - cdebeb69-c8d8-4c6e-838e-5fcab217bc63:group-45A08920DF07 ConfigurationManager, init=-1: [cdebeb69-c8d8-4c6e-838e-5fcab217bc63:192.168.5.170:42155], old=null, confs=<EMPTY_MAP>
2019-08-16 03:31:02,214 INFO  server.RaftServerConfigKeys (ConfUtils.java:logGet(43)) - raft.server.storage.dir = [/workdir/hadoop-ozone/integration-test/target/test-dir/MiniOzoneClusterImpl-15f544e2-cbcb-4b36-b33b-c7f51713c2ca/datanode-5/data/ratis] (custom)
2019-08-16 03:31:02,215 INFO  storage.RaftStorageDirectory (RaftStorageDirectory.java:analyzeStorage(246)) - The storage directory /workdir/hadoop-ozone/integration-test/target/test-dir/MiniOzoneClusterImpl-15f544e2-cbcb-4b36-b33b-c7f51713c2ca/datanode-5/data/ratis/d85f8ae8-ccc9-46fc-9e64-45a08920df07 does not exist. Creating ...
2019-08-16 03:31:02,229 INFO  storage.RaftStorageDirectory (RaftStorageDirectory.java:tryLock(328)) - Lock on /workdir/hadoop-ozone/integration-test/target/test-dir/MiniOzoneClusterImpl-15f544e2-cbcb-4b36-b33b-c7f51713c2ca/datanode-5/data/ratis/d85f8ae8-ccc9-46fc-9e64-45a08920df07/in_use.lock acquired by nodename 29009@byscane-nightly-5jrvm-589107607
2019-08-16 03:31:02,242 INFO  storage.RaftStorage (RaftStorage.java:format(72)) - Storage directory /workdir/hadoop-ozone/integration-test/target/test-dir/MiniOzoneClusterImpl-15f544e2-cbcb-4b36-b33b-c7f51713c2ca/datanode-5/data/ratis/d85f8ae8-ccc9-46fc-9e64-45a08920df07 has been successfully formatted.
2019-08-16 03:31:02,242 INFO  ratis.ContainerStateMachine (ContainerStateMachine.java:loadSnapshot(213)) - group-45A08920DF07: The snapshot info is null. Setting the last applied indexto:(t:0, i:~)
2019-08-16 03:31:02,242 INFO  server.RaftServerConfigKeys (ConfUtils.java:logGet(43)) - raft.server.leader.election.timeout = 120s (custom)
2019-08-16 03:31:02,242 INFO  server.RaftServerConfigKeys (ConfUtils.java:logGet(43)) - raft.server.log.use.memory = false (default)
2019-08-16 03:31:02,243 INFO  server.RaftServerConfigKeys (ConfUtils.java:logGet(43)) - raft.server.log.purge.gap = 1000000000 (custom)
2019-08-16 03:31:02,243 INFO  server.RaftServerConfigKeys (ConfUtils.java:logGet(43)) - raft.server.log.appender.buffer.byte-limit = 33554432 (custom)
2019-08-16 03:31:02,243 INFO  server.RaftServerConfigKeys (ConfUtils.java:logGet(43)) - raft.server.log.segment.size.max = 1048576 (custom)
2019-08-16 03:31:02,243 INFO  server.RaftServerConfigKeys (ConfUtils.java:logGet(43)) - raft.server.log.segment.cache.num.max = 2 (custom)
2019-08-16 03:31:02,243 INFO  segmented.SegmentedRaftLogWorker (SegmentedRaftLogWorker.java:<init>(172)) - new cdebeb69-c8d8-4c6e-838e-5fcab217bc63-SegmentedRaftLogWorker:Storage Directory /workdir/hadoop-ozone/integration-test/target/test-dir/MiniOzoneClusterImpl-15f544e2-cbcb-4b36-b33b-c7f51713c2ca/datanode-5/data/ratis/d85f8ae8-ccc9-46fc-9e64-45a08920df07 for RaftStorage:Storage Directory /workdir/hadoop-ozone/integration-test/target/test-dir/MiniOzoneClusterImpl-15f544e2-cbcb-4b36-b33b-c7f51713c2ca/datanode-5/data/ratis/d85f8ae8-ccc9-46fc-9e64-45a08920df07
2019-08-16 03:31:02,244 INFO  server.RaftServerConfigKeys (ConfUtils.java:logGet(43)) - raft.server.log.queue.byte-limit = 2147483647 (custom)
2019-08-16 03:31:02,244 INFO  server.RaftServerConfigKeys (ConfUtils.java:logGet(43)) - raft.server.log.queue.element-limit = 1024 (custom)
2019-08-16 03:31:02,244 INFO  server.RaftServerConfigKeys (ConfUtils.java:logGet(43)) - raft.server.log.segment.size.max = 1048576 (custom)
2019-08-16 03:31:02,244 INFO  server.RaftServerConfigKeys (ConfUtils.java:logGet(43)) - raft.server.log.preallocated.size = 16384 (custom)
2019-08-16 03:31:02,244 INFO  server.RaftServerConfigKeys (ConfUtils.java:logGet(43)) - raft.server.log.write.buffer.size = 33554432 (custom)
2019-08-16 03:31:02,245 INFO  server.RaftServerConfigKeys (ConfUtils.java:logGet(43)) - raft.server.log.force.sync.num = 128 (default)
2019-08-16 03:31:02,245 INFO  server.RaftServerConfigKeys (ConfUtils.java:logGet(43)) - raft.server.log.statemachine.data.sync = true (default)
2019-08-16 03:31:02,245 INFO  server.RaftServerConfigKeys (ConfUtils.java:logGet(43)) - raft.server.log.statemachine.data.sync.timeout = 10s (default)
2019-08-16 03:31:02,245 INFO  server.RaftServerConfigKeys (ConfUtils.java:logGet(43)) - raft.server.log.statemachine.data.sync.timeout.retry = -1 (default)
2019-08-16 03:31:02,245 INFO  server.RaftServerConfigKeys (ConfUtils.java:logGet(43)) - raft.server.log.statemachine.data.caching.enabled = true (custom)
2019-08-16 03:31:02,246 INFO  segmented.SegmentedRaftLogWorker (SegmentedRaftLogWorker.java:lambda$new$0(132)) - cdebeb69-c8d8-4c6e-838e-5fcab217bc63-SegmentedRaftLogWorker:Storage Directory /workdir/hadoop-ozone/integration-test/target/test-dir/MiniOzoneClusterImpl-15f544e2-cbcb-4b36-b33b-c7f51713c2ca/datanode-5/data/ratis/d85f8ae8-ccc9-46fc-9e64-45a08920df07: flushIndex: setUnconditionally 0 -> -1
2019-08-16 03:31:02,246 INFO  server.RaftServerConfigKeys (ConfUtils.java:logGet(43)) - raft.server.snapshot.auto.trigger.enabled = true (custom)
2019-08-16 03:31:02,246 INFO  server.RaftServerConfigKeys (ConfUtils.java:logGet(43)) - raft.server.snapshot.auto.trigger.threshold = 10000 (custom)
2019-08-16 03:31:02,247 INFO  server.RaftServerConfigKeys (ConfUtils.java:logGet(43)) - raft.server.retrycache.expirytime = 600000ms (custom)
2019-08-16 03:31:02,247 INFO  impl.RaftServerImpl (RaftServerImpl.java:start(180)) - cdebeb69-c8d8-4c6e-838e-5fcab217bc63: start group-45A08920DF07
2019-08-16 03:31:02,247 INFO  impl.RaftServerImpl (RaftServerImpl.java:setRole(171)) - cdebeb69-c8d8-4c6e-838e-5fcab217bc63:group-45A08920DF07 changes role from null to FOLLOWER at term 0 for startAsFollower
2019-08-16 03:31:02,247 INFO  impl.RoleInfo (RoleInfo.java:updateAndGet(143)) - cdebeb69-c8d8-4c6e-838e-5fcab217bc63: start FollowerState
2019-08-16 03:31:02,248 INFO  util.JmxRegister (JmxRegister.java:tryRegister(44)) - Successfully registered JMX Bean with object name Ratis:service=RaftServer,group=group-45A08920DF07,id=cdebeb69-c8d8-4c6e-838e-5fcab217bc63
2019-08-16 03:31:02,263 INFO  pipeline.PipelineStateManager (PipelineStateManager.java:addPipeline(56)) - Created pipeline Pipeline[ Id: d85f8ae8-ccc9-46fc-9e64-45a08920df07, Nodes: cdebeb69-c8d8-4c6e-838e-5fcab217bc63{ip: 192.168.5.170, host: byscane-nightly-5jrvm-589107607, networkLocation: /default-rack, certSerialId: null}, Type:RATIS, Factor:ONE, State:OPEN]
2019-08-16 03:31:02,288 INFO  impl.RaftServerProxy (RaftServerProxy.java:addNew(89)) - 75a6d948-9799-4e38-bb4d-0bcbb68a8180: addNew group-EA16F7028696:[75a6d948-9799-4e38-bb4d-0bcbb68a8180:192.168.5.170:33463] returns group-EA16F7028696:java.util.concurrent.CompletableFuture@301b24ec[Not completed]
2019-08-16 03:31:02,294 INFO  impl.RaftServerImpl (RaftServerImpl.java:<init>(93)) - 75a6d948-9799-4e38-bb4d-0bcbb68a8180: new RaftServerImpl for group-EA16F7028696:[75a6d948-9799-4e38-bb4d-0bcbb68a8180:192.168.5.170:33463] with ContainerStateMachine:uninitialized
2019-08-16 03:31:02,294 INFO  server.RaftServerConfigKeys (ConfUtils.java:logGet(43)) - raft.server.rpc.timeout.min = 5s (custom)
2019-08-16 03:31:02,294 INFO  server.RaftServerConfigKeys (ConfUtils.java:logGet(43)) - raft.server.rpc.timeout.max = 5200ms (custom)
2019-08-16 03:31:02,294 INFO  server.RaftServerConfigKeys (ConfUtils.java:logGet(43)) - raft.server.rpcslowness.timeout = 120s (custom)
2019-08-16 03:31:02,294 INFO  server.RaftServerConfigKeys (ConfUtils.java:logGet(43)) - raft.server.sleep.deviation.threshold = 300 (default)
2019-08-16 03:31:02,295 INFO  server.RaftServerConfigKeys (ConfUtils.java:logGet(43)) - raft.server.log.appender.install.snapshot.enabled = false (custom)
2019-08-16 03:31:02,295 INFO  impl.RaftServerImpl (ServerState.java:<init>(105)) - 75a6d948-9799-4e38-bb4d-0bcbb68a8180:group-EA16F7028696 ConfigurationManager, init=-1: [75a6d948-9799-4e38-bb4d-0bcbb68a8180:192.168.5.170:33463], old=null, confs=<EMPTY_MAP>
2019-08-16 03:31:02,295 INFO  server.RaftServerConfigKeys (ConfUtils.java:logGet(43)) - raft.server.storage.dir = [/workdir/hadoop-ozone/integration-test/target/test-dir/MiniOzoneClusterImpl-15f544e2-cbcb-4b36-b33b-c7f51713c2ca/datanode-6/data/ratis] (custom)
2019-08-16 03:31:02,296 INFO  storage.RaftStorageDirectory (RaftStorageDirectory.java:analyzeStorage(246)) - The storage directory /workdir/hadoop-ozone/integration-test/target/test-dir/MiniOzoneClusterImpl-15f544e2-cbcb-4b36-b33b-c7f51713c2ca/datanode-6/data/ratis/d8be528b-a57d-4d5b-bbdf-ea16f7028696 does not exist. Creating ...
2019-08-16 03:31:02,325 INFO  storage.RaftStorageDirectory (RaftStorageDirectory.java:tryLock(328)) - Lock on /workdir/hadoop-ozone/integration-test/target/test-dir/MiniOzoneClusterImpl-15f544e2-cbcb-4b36-b33b-c7f51713c2ca/datanode-6/data/ratis/d8be528b-a57d-4d5b-bbdf-ea16f7028696/in_use.lock acquired by nodename 29009@byscane-nightly-5jrvm-589107607
2019-08-16 03:31:02,338 INFO  storage.RaftStorage (RaftStorage.java:format(72)) - Storage directory /workdir/hadoop-ozone/integration-test/target/test-dir/MiniOzoneClusterImpl-15f544e2-cbcb-4b36-b33b-c7f51713c2ca/datanode-6/data/ratis/d8be528b-a57d-4d5b-bbdf-ea16f7028696 has been successfully formatted.
2019-08-16 03:31:02,338 INFO  ratis.ContainerStateMachine (ContainerStateMachine.java:loadSnapshot(213)) - group-EA16F7028696: The snapshot info is null. Setting the last applied indexto:(t:0, i:~)
2019-08-16 03:31:02,339 INFO  server.RaftServerConfigKeys (ConfUtils.java:logGet(43)) - raft.server.leader.election.timeout = 120s (custom)
2019-08-16 03:31:02,339 INFO  server.RaftServerConfigKeys (ConfUtils.java:logGet(43)) - raft.server.log.use.memory = false (default)
2019-08-16 03:31:02,339 INFO  server.RaftServerConfigKeys (ConfUtils.java:logGet(43)) - raft.server.log.purge.gap = 1000000000 (custom)
2019-08-16 03:31:02,339 INFO  server.RaftServerConfigKeys (ConfUtils.java:logGet(43)) - raft.server.log.appender.buffer.byte-limit = 33554432 (custom)
2019-08-16 03:31:02,339 INFO  server.RaftServerConfigKeys (ConfUtils.java:logGet(43)) - raft.server.log.segment.size.max = 1048576 (custom)
2019-08-16 03:31:02,340 INFO  server.RaftServerConfigKeys (ConfUtils.java:logGet(43)) - raft.server.log.segment.cache.num.max = 2 (custom)
2019-08-16 03:31:02,340 INFO  segmented.SegmentedRaftLogWorker (SegmentedRaftLogWorker.java:<init>(172)) - new 75a6d948-9799-4e38-bb4d-0bcbb68a8180-SegmentedRaftLogWorker:Storage Directory /workdir/hadoop-ozone/integration-test/target/test-dir/MiniOzoneClusterImpl-15f544e2-cbcb-4b36-b33b-c7f51713c2ca/datanode-6/data/ratis/d8be528b-a57d-4d5b-bbdf-ea16f7028696 for RaftStorage:Storage Directory /workdir/hadoop-ozone/integration-test/target/test-dir/MiniOzoneClusterImpl-15f544e2-cbcb-4b36-b33b-c7f51713c2ca/datanode-6/data/ratis/d8be528b-a57d-4d5b-bbdf-ea16f7028696
2019-08-16 03:31:02,340 INFO  server.RaftServerConfigKeys (ConfUtils.java:logGet(43)) - raft.server.log.queue.byte-limit = 2147483647 (custom)
2019-08-16 03:31:02,340 INFO  server.RaftServerConfigKeys (ConfUtils.java:logGet(43)) - raft.server.log.queue.element-limit = 1024 (custom)
2019-08-16 03:31:02,341 INFO  server.RaftServerConfigKeys (ConfUtils.java:logGet(43)) - raft.server.log.segment.size.max = 1048576 (custom)
2019-08-16 03:31:02,341 INFO  server.RaftServerConfigKeys (ConfUtils.java:logGet(43)) - raft.server.log.preallocated.size = 16384 (custom)
2019-08-16 03:31:02,341 INFO  server.RaftServerConfigKeys (ConfUtils.java:logGet(43)) - raft.server.log.write.buffer.size = 33554432 (custom)
2019-08-16 03:31:02,341 INFO  server.RaftServerConfigKeys (ConfUtils.java:logGet(43)) - raft.server.log.force.sync.num = 128 (default)
2019-08-16 03:31:02,341 INFO  server.RaftServerConfigKeys (ConfUtils.java:logGet(43)) - raft.server.log.statemachine.data.sync = true (default)
2019-08-16 03:31:02,342 INFO  server.RaftServerConfigKeys (ConfUtils.java:logGet(43)) - raft.server.log.statemachine.data.sync.timeout = 10s (default)
2019-08-16 03:31:02,342 INFO  server.RaftServerConfigKeys (ConfUtils.java:logGet(43)) - raft.server.log.statemachine.data.sync.timeout.retry = -1 (default)
2019-08-16 03:31:02,342 INFO  server.RaftServerConfigKeys (ConfUtils.java:logGet(43)) - raft.server.log.statemachine.data.caching.enabled = true (custom)
2019-08-16 03:31:02,343 INFO  segmented.SegmentedRaftLogWorker (SegmentedRaftLogWorker.java:lambda$new$0(132)) - 75a6d948-9799-4e38-bb4d-0bcbb68a8180-SegmentedRaftLogWorker:Storage Directory /workdir/hadoop-ozone/integration-test/target/test-dir/MiniOzoneClusterImpl-15f544e2-cbcb-4b36-b33b-c7f51713c2ca/datanode-6/data/ratis/d8be528b-a57d-4d5b-bbdf-ea16f7028696: flushIndex: setUnconditionally 0 -> -1
2019-08-16 03:31:02,343 INFO  server.RaftServerConfigKeys (ConfUtils.java:logGet(43)) - raft.server.snapshot.auto.trigger.enabled = true (custom)
2019-08-16 03:31:02,343 INFO  server.RaftServerConfigKeys (ConfUtils.java:logGet(43)) - raft.server.snapshot.auto.trigger.threshold = 10000 (custom)
2019-08-16 03:31:02,344 INFO  server.RaftServerConfigKeys (ConfUtils.java:logGet(43)) - raft.server.retrycache.expirytime = 600000ms (custom)
2019-08-16 03:31:02,344 INFO  impl.RaftServerImpl (RaftServerImpl.java:start(180)) - 75a6d948-9799-4e38-bb4d-0bcbb68a8180: start group-EA16F7028696
2019-08-16 03:31:02,344 INFO  impl.RaftServerImpl (RaftServerImpl.java:setRole(171)) - 75a6d948-9799-4e38-bb4d-0bcbb68a8180:group-EA16F7028696 changes role from null to FOLLOWER at term 0 for startAsFollower
2019-08-16 03:31:02,344 INFO  impl.RoleInfo (RoleInfo.java:updateAndGet(143)) - 75a6d948-9799-4e38-bb4d-0bcbb68a8180: start FollowerState
2019-08-16 03:31:02,345 INFO  util.JmxRegister (JmxRegister.java:tryRegister(44)) - Successfully registered JMX Bean with object name Ratis:service=RaftServer,group=group-EA16F7028696,id=75a6d948-9799-4e38-bb4d-0bcbb68a8180
2019-08-16 03:31:02,359 INFO  pipeline.PipelineStateManager (PipelineStateManager.java:addPipeline(56)) - Created pipeline Pipeline[ Id: d8be528b-a57d-4d5b-bbdf-ea16f7028696, Nodes: 75a6d948-9799-4e38-bb4d-0bcbb68a8180{ip: 192.168.5.170, host: byscane-nightly-5jrvm-589107607, networkLocation: /default-rack, certSerialId: null}, Type:RATIS, Factor:ONE, State:OPEN]
2019-08-16 03:31:02,385 INFO  impl.RaftServerProxy (RaftServerProxy.java:addNew(89)) - 46d44a41-52a2-4384-8ac9-ea51a453f0ed: addNew group-1D4C0488C08E:[46d44a41-52a2-4384-8ac9-ea51a453f0ed:192.168.5.170:36884] returns group-1D4C0488C08E:java.util.concurrent.CompletableFuture@150edb26[Not completed]
2019-08-16 03:31:02,389 INFO  impl.RaftServerImpl (RaftServerImpl.java:<init>(93)) - 46d44a41-52a2-4384-8ac9-ea51a453f0ed: new RaftServerImpl for group-1D4C0488C08E:[46d44a41-52a2-4384-8ac9-ea51a453f0ed:192.168.5.170:36884] with ContainerStateMachine:uninitialized
2019-08-16 03:31:02,389 INFO  server.RaftServerConfigKeys (ConfUtils.java:logGet(43)) - raft.server.rpc.timeout.min = 5s (custom)
2019-08-16 03:31:02,390 INFO  server.RaftServerConfigKeys (ConfUtils.java:logGet(43)) - raft.server.rpc.timeout.max = 5200ms (custom)
2019-08-16 03:31:02,390 INFO  server.RaftServerConfigKeys (ConfUtils.java:logGet(43)) - raft.server.rpcslowness.timeout = 120s (custom)
2019-08-16 03:31:02,390 INFO  server.RaftServerConfigKeys (ConfUtils.java:logGet(43)) - raft.server.sleep.deviation.threshold = 300 (default)
2019-08-16 03:31:02,390 INFO  server.RaftServerConfigKeys (ConfUtils.java:logGet(43)) - raft.server.log.appender.install.snapshot.enabled = false (custom)
2019-08-16 03:31:02,390 INFO  impl.RaftServerImpl (ServerState.java:<init>(105)) - 46d44a41-52a2-4384-8ac9-ea51a453f0ed:group-1D4C0488C08E ConfigurationManager, init=-1: [46d44a41-52a2-4384-8ac9-ea51a453f0ed:192.168.5.170:36884], old=null, confs=<EMPTY_MAP>
2019-08-16 03:31:02,391 INFO  server.RaftServerConfigKeys (ConfUtils.java:logGet(43)) - raft.server.storage.dir = [/workdir/hadoop-ozone/integration-test/target/test-dir/MiniOzoneClusterImpl-15f544e2-cbcb-4b36-b33b-c7f51713c2ca/datanode-4/data/ratis] (custom)
2019-08-16 03:31:02,391 INFO  storage.RaftStorageDirectory (RaftStorageDirectory.java:analyzeStorage(246)) - The storage directory /workdir/hadoop-ozone/integration-test/target/test-dir/MiniOzoneClusterImpl-15f544e2-cbcb-4b36-b33b-c7f51713c2ca/datanode-4/data/ratis/561fa39e-f790-44c1-918d-1d4c0488c08e does not exist. Creating ...
2019-08-16 03:31:02,404 INFO  storage.RaftStorageDirectory (RaftStorageDirectory.java:tryLock(328)) - Lock on /workdir/hadoop-ozone/integration-test/target/test-dir/MiniOzoneClusterImpl-15f544e2-cbcb-4b36-b33b-c7f51713c2ca/datanode-4/data/ratis/561fa39e-f790-44c1-918d-1d4c0488c08e/in_use.lock acquired by nodename 29009@byscane-nightly-5jrvm-589107607
2019-08-16 03:31:02,417 INFO  storage.RaftStorage (RaftStorage.java:format(72)) - Storage directory /workdir/hadoop-ozone/integration-test/target/test-dir/MiniOzoneClusterImpl-15f544e2-cbcb-4b36-b33b-c7f51713c2ca/datanode-4/data/ratis/561fa39e-f790-44c1-918d-1d4c0488c08e has been successfully formatted.
2019-08-16 03:31:02,417 INFO  ratis.ContainerStateMachine (ContainerStateMachine.java:loadSnapshot(213)) - group-1D4C0488C08E: The snapshot info is null. Setting the last applied indexto:(t:0, i:~)
2019-08-16 03:31:02,417 INFO  server.RaftServerConfigKeys (ConfUtils.java:logGet(43)) - raft.server.leader.election.timeout = 120s (custom)
2019-08-16 03:31:02,418 INFO  server.RaftServerConfigKeys (ConfUtils.java:logGet(43)) - raft.server.log.use.memory = false (default)
2019-08-16 03:31:02,418 INFO  server.RaftServerConfigKeys (ConfUtils.java:logGet(43)) - raft.server.log.purge.gap = 1000000000 (custom)
2019-08-16 03:31:02,418 INFO  server.RaftServerConfigKeys (ConfUtils.java:logGet(43)) - raft.server.log.appender.buffer.byte-limit = 33554432 (custom)
2019-08-16 03:31:02,418 INFO  server.RaftServerConfigKeys (ConfUtils.java:logGet(43)) - raft.server.log.segment.size.max = 1048576 (custom)
2019-08-16 03:31:02,418 INFO  server.RaftServerConfigKeys (ConfUtils.java:logGet(43)) - raft.server.log.segment.cache.num.max = 2 (custom)
2019-08-16 03:31:02,418 INFO  segmented.SegmentedRaftLogWorker (SegmentedRaftLogWorker.java:<init>(172)) - new 46d44a41-52a2-4384-8ac9-ea51a453f0ed-SegmentedRaftLogWorker:Storage Directory /workdir/hadoop-ozone/integration-test/target/test-dir/MiniOzoneClusterImpl-15f544e2-cbcb-4b36-b33b-c7f51713c2ca/datanode-4/data/ratis/561fa39e-f790-44c1-918d-1d4c0488c08e for RaftStorage:Storage Directory /workdir/hadoop-ozone/integration-test/target/test-dir/MiniOzoneClusterImpl-15f544e2-cbcb-4b36-b33b-c7f51713c2ca/datanode-4/data/ratis/561fa39e-f790-44c1-918d-1d4c0488c08e
2019-08-16 03:31:02,419 INFO  server.RaftServerConfigKeys (ConfUtils.java:logGet(43)) - raft.server.log.queue.byte-limit = 2147483647 (custom)
2019-08-16 03:31:02,419 INFO  server.RaftServerConfigKeys (ConfUtils.java:logGet(43)) - raft.server.log.queue.element-limit = 1024 (custom)
2019-08-16 03:31:02,419 INFO  server.RaftServerConfigKeys (ConfUtils.java:logGet(43)) - raft.server.log.segment.size.max = 1048576 (custom)
2019-08-16 03:31:02,419 INFO  server.RaftServerConfigKeys (ConfUtils.java:logGet(43)) - raft.server.log.preallocated.size = 16384 (custom)
2019-08-16 03:31:02,419 INFO  server.RaftServerConfigKeys (ConfUtils.java:logGet(43)) - raft.server.log.write.buffer.size = 33554432 (custom)
2019-08-16 03:31:02,420 INFO  server.RaftServerConfigKeys (ConfUtils.java:logGet(43)) - raft.server.log.force.sync.num = 128 (default)
2019-08-16 03:31:02,420 INFO  server.RaftServerConfigKeys (ConfUtils.java:logGet(43)) - raft.server.log.statemachine.data.sync = true (default)
2019-08-16 03:31:02,420 INFO  server.RaftServerConfigKeys (ConfUtils.java:logGet(43)) - raft.server.log.statemachine.data.sync.timeout = 10s (default)
2019-08-16 03:31:02,420 INFO  server.RaftServerConfigKeys (ConfUtils.java:logGet(43)) - raft.server.log.statemachine.data.sync.timeout.retry = -1 (default)
2019-08-16 03:31:02,421 INFO  server.RaftServerConfigKeys (ConfUtils.java:logGet(43)) - raft.server.log.statemachine.data.caching.enabled = true (custom)
2019-08-16 03:31:02,421 INFO  segmented.SegmentedRaftLogWorker (SegmentedRaftLogWorker.java:lambda$new$0(132)) - 46d44a41-52a2-4384-8ac9-ea51a453f0ed-SegmentedRaftLogWorker:Storage Directory /workdir/hadoop-ozone/integration-test/target/test-dir/MiniOzoneClusterImpl-15f544e2-cbcb-4b36-b33b-c7f51713c2ca/datanode-4/data/ratis/561fa39e-f790-44c1-918d-1d4c0488c08e: flushIndex: setUnconditionally 0 -> -1
2019-08-16 03:31:02,421 INFO  server.RaftServerConfigKeys (ConfUtils.java:logGet(43)) - raft.server.snapshot.auto.trigger.enabled = true (custom)
2019-08-16 03:31:02,422 INFO  server.RaftServerConfigKeys (ConfUtils.java:logGet(43)) - raft.server.snapshot.auto.trigger.threshold = 10000 (custom)
2019-08-16 03:31:02,422 INFO  server.RaftServerConfigKeys (ConfUtils.java:logGet(43)) - raft.server.retrycache.expirytime = 600000ms (custom)
2019-08-16 03:31:02,422 INFO  impl.RaftServerImpl (RaftServerImpl.java:start(180)) - 46d44a41-52a2-4384-8ac9-ea51a453f0ed: start group-1D4C0488C08E
2019-08-16 03:31:02,422 INFO  impl.RaftServerImpl (RaftServerImpl.java:setRole(171)) - 46d44a41-52a2-4384-8ac9-ea51a453f0ed:group-1D4C0488C08E changes role from null to FOLLOWER at term 0 for startAsFollower
2019-08-16 03:31:02,422 INFO  impl.RoleInfo (RoleInfo.java:updateAndGet(143)) - 46d44a41-52a2-4384-8ac9-ea51a453f0ed: start FollowerState
2019-08-16 03:31:02,423 INFO  util.JmxRegister (JmxRegister.java:tryRegister(44)) - Successfully registered JMX Bean with object name Ratis:service=RaftServer,group=group-1D4C0488C08E,id=46d44a41-52a2-4384-8ac9-ea51a453f0ed
2019-08-16 03:31:02,434 INFO  pipeline.PipelineStateManager (PipelineStateManager.java:addPipeline(56)) - Created pipeline Pipeline[ Id: 561fa39e-f790-44c1-918d-1d4c0488c08e, Nodes: 46d44a41-52a2-4384-8ac9-ea51a453f0ed{ip: 192.168.5.170, host: byscane-nightly-5jrvm-589107607, networkLocation: /default-rack, certSerialId: null}, Type:RATIS, Factor:ONE, State:OPEN]
2019-08-16 03:31:02,451 INFO  impl.RaftServerProxy (RaftServerProxy.java:addNew(89)) - edcc681a-7683-47ce-b7a4-4b456e457053: addNew group-3FACF9259635:[edcc681a-7683-47ce-b7a4-4b456e457053:192.168.5.170:44517] returns group-3FACF9259635:java.util.concurrent.CompletableFuture@2b4994a1[Not completed]
2019-08-16 03:31:02,452 INFO  impl.RaftServerImpl (RaftServerImpl.java:<init>(93)) - edcc681a-7683-47ce-b7a4-4b456e457053: new RaftServerImpl for group-3FACF9259635:[edcc681a-7683-47ce-b7a4-4b456e457053:192.168.5.170:44517] with ContainerStateMachine:uninitialized
2019-08-16 03:31:02,453 INFO  server.RaftServerConfigKeys (ConfUtils.java:logGet(43)) - raft.server.rpc.timeout.min = 5s (custom)
2019-08-16 03:31:02,453 INFO  server.RaftServerConfigKeys (ConfUtils.java:logGet(43)) - raft.server.rpc.timeout.max = 5200ms (custom)
2019-08-16 03:31:02,453 INFO  server.RaftServerConfigKeys (ConfUtils.java:logGet(43)) - raft.server.rpcslowness.timeout = 120s (custom)
2019-08-16 03:31:02,453 INFO  server.RaftServerConfigKeys (ConfUtils.java:logGet(43)) - raft.server.sleep.deviation.threshold = 300 (default)
2019-08-16 03:31:02,453 INFO  server.RaftServerConfigKeys (ConfUtils.java:logGet(43)) - raft.server.log.appender.install.snapshot.enabled = false (custom)
2019-08-16 03:31:02,453 INFO  impl.RaftServerImpl (ServerState.java:<init>(105)) - edcc681a-7683-47ce-b7a4-4b456e457053:group-3FACF9259635 ConfigurationManager, init=-1: [edcc681a-7683-47ce-b7a4-4b456e457053:192.168.5.170:44517], old=null, confs=<EMPTY_MAP>
2019-08-16 03:31:02,454 INFO  server.RaftServerConfigKeys (ConfUtils.java:logGet(43)) - raft.server.storage.dir = [/workdir/hadoop-ozone/integration-test/target/test-dir/MiniOzoneClusterImpl-15f544e2-cbcb-4b36-b33b-c7f51713c2ca/datanode-2/data/ratis] (custom)
2019-08-16 03:31:02,454 INFO  storage.RaftStorageDirectory (RaftStorageDirectory.java:analyzeStorage(246)) - The storage directory /workdir/hadoop-ozone/integration-test/target/test-dir/MiniOzoneClusterImpl-15f544e2-cbcb-4b36-b33b-c7f51713c2ca/datanode-2/data/ratis/8aa099a8-d0c1-4225-b835-3facf9259635 does not exist. Creating ...
2019-08-16 03:31:02,466 INFO  storage.RaftStorageDirectory (RaftStorageDirectory.java:tryLock(328)) - Lock on /workdir/hadoop-ozone/integration-test/target/test-dir/MiniOzoneClusterImpl-15f544e2-cbcb-4b36-b33b-c7f51713c2ca/datanode-2/data/ratis/8aa099a8-d0c1-4225-b835-3facf9259635/in_use.lock acquired by nodename 29009@byscane-nightly-5jrvm-589107607
2019-08-16 03:31:02,480 INFO  storage.RaftStorage (RaftStorage.java:format(72)) - Storage directory /workdir/hadoop-ozone/integration-test/target/test-dir/MiniOzoneClusterImpl-15f544e2-cbcb-4b36-b33b-c7f51713c2ca/datanode-2/data/ratis/8aa099a8-d0c1-4225-b835-3facf9259635 has been successfully formatted.
2019-08-16 03:31:02,480 INFO  ratis.ContainerStateMachine (ContainerStateMachine.java:loadSnapshot(213)) - group-3FACF9259635: The snapshot info is null. Setting the last applied indexto:(t:0, i:~)
2019-08-16 03:31:02,481 INFO  server.RaftServerConfigKeys (ConfUtils.java:logGet(43)) - raft.server.leader.election.timeout = 120s (custom)
2019-08-16 03:31:02,481 INFO  server.RaftServerConfigKeys (ConfUtils.java:logGet(43)) - raft.server.log.use.memory = false (default)
2019-08-16 03:31:02,481 INFO  server.RaftServerConfigKeys (ConfUtils.java:logGet(43)) - raft.server.log.purge.gap = 1000000000 (custom)
2019-08-16 03:31:02,481 INFO  server.RaftServerConfigKeys (ConfUtils.java:logGet(43)) - raft.server.log.appender.buffer.byte-limit = 33554432 (custom)
2019-08-16 03:31:02,482 INFO  server.RaftServerConfigKeys (ConfUtils.java:logGet(43)) - raft.server.log.segment.size.max = 1048576 (custom)
2019-08-16 03:31:02,482 INFO  server.RaftServerConfigKeys (ConfUtils.java:logGet(43)) - raft.server.log.segment.cache.num.max = 2 (custom)
2019-08-16 03:31:02,482 INFO  segmented.SegmentedRaftLogWorker (SegmentedRaftLogWorker.java:<init>(172)) - new edcc681a-7683-47ce-b7a4-4b456e457053-SegmentedRaftLogWorker:Storage Directory /workdir/hadoop-ozone/integration-test/target/test-dir/MiniOzoneClusterImpl-15f544e2-cbcb-4b36-b33b-c7f51713c2ca/datanode-2/data/ratis/8aa099a8-d0c1-4225-b835-3facf9259635 for RaftStorage:Storage Directory /workdir/hadoop-ozone/integration-test/target/test-dir/MiniOzoneClusterImpl-15f544e2-cbcb-4b36-b33b-c7f51713c2ca/datanode-2/data/ratis/8aa099a8-d0c1-4225-b835-3facf9259635
2019-08-16 03:31:02,482 INFO  server.RaftServerConfigKeys (ConfUtils.java:logGet(43)) - raft.server.log.queue.byte-limit = 2147483647 (custom)
2019-08-16 03:31:02,483 INFO  server.RaftServerConfigKeys (ConfUtils.java:logGet(43)) - raft.server.log.queue.element-limit = 1024 (custom)
2019-08-16 03:31:02,483 INFO  server.RaftServerConfigKeys (ConfUtils.java:logGet(43)) - raft.server.log.segment.size.max = 1048576 (custom)
2019-08-16 03:31:02,483 INFO  server.RaftServerConfigKeys (ConfUtils.java:logGet(43)) - raft.server.log.preallocated.size = 16384 (custom)
2019-08-16 03:31:02,483 INFO  server.RaftServerConfigKeys (ConfUtils.java:logGet(43)) - raft.server.log.write.buffer.size = 33554432 (custom)
2019-08-16 03:31:02,484 INFO  server.RaftServerConfigKeys (ConfUtils.java:logGet(43)) - raft.server.log.force.sync.num = 128 (default)
2019-08-16 03:31:02,484 INFO  server.RaftServerConfigKeys (ConfUtils.java:logGet(43)) - raft.server.log.statemachine.data.sync = true (default)
2019-08-16 03:31:02,484 INFO  server.RaftServerConfigKeys (ConfUtils.java:logGet(43)) - raft.server.log.statemachine.data.sync.timeout = 10s (default)
2019-08-16 03:31:02,484 INFO  server.RaftServerConfigKeys (ConfUtils.java:logGet(43)) - raft.server.log.statemachine.data.sync.timeout.retry = -1 (default)
2019-08-16 03:31:02,485 INFO  server.RaftServerConfigKeys (ConfUtils.java:logGet(43)) - raft.server.log.statemachine.data.caching.enabled = true (custom)
2019-08-16 03:31:02,485 INFO  segmented.SegmentedRaftLogWorker (SegmentedRaftLogWorker.java:lambda$new$0(132)) - edcc681a-7683-47ce-b7a4-4b456e457053-SegmentedRaftLogWorker:Storage Directory /workdir/hadoop-ozone/integration-test/target/test-dir/MiniOzoneClusterImpl-15f544e2-cbcb-4b36-b33b-c7f51713c2ca/datanode-2/data/ratis/8aa099a8-d0c1-4225-b835-3facf9259635: flushIndex: setUnconditionally 0 -> -1
2019-08-16 03:31:02,486 INFO  server.RaftServerConfigKeys (ConfUtils.java:logGet(43)) - raft.server.snapshot.auto.trigger.enabled = true (custom)
2019-08-16 03:31:02,486 INFO  server.RaftServerConfigKeys (ConfUtils.java:logGet(43)) - raft.server.snapshot.auto.trigger.threshold = 10000 (custom)
2019-08-16 03:31:02,486 INFO  server.RaftServerConfigKeys (ConfUtils.java:logGet(43)) - raft.server.retrycache.expirytime = 600000ms (custom)
2019-08-16 03:31:02,487 INFO  impl.RaftServerImpl (RaftServerImpl.java:start(180)) - edcc681a-7683-47ce-b7a4-4b456e457053: start group-3FACF9259635
2019-08-16 03:31:02,487 INFO  impl.RaftServerImpl (RaftServerImpl.java:setRole(171)) - edcc681a-7683-47ce-b7a4-4b456e457053:group-3FACF9259635 changes role from null to FOLLOWER at term 0 for startAsFollower
2019-08-16 03:31:02,487 INFO  impl.RoleInfo (RoleInfo.java:updateAndGet(143)) - edcc681a-7683-47ce-b7a4-4b456e457053: start FollowerState
2019-08-16 03:31:02,488 INFO  util.JmxRegister (JmxRegister.java:tryRegister(44)) - Successfully registered JMX Bean with object name Ratis:service=RaftServer,group=group-3FACF9259635,id=edcc681a-7683-47ce-b7a4-4b456e457053
2019-08-16 03:31:02,503 INFO  pipeline.PipelineStateManager (PipelineStateManager.java:addPipeline(56)) - Created pipeline Pipeline[ Id: 8aa099a8-d0c1-4225-b835-3facf9259635, Nodes: edcc681a-7683-47ce-b7a4-4b456e457053{ip: 192.168.5.170, host: byscane-nightly-5jrvm-589107607, networkLocation: /default-rack, certSerialId: null}, Type:RATIS, Factor:ONE, State:OPEN]
2019-08-16 03:31:02,534 INFO  impl.RaftServerProxy (RaftServerProxy.java:addNew(89)) - 942b18c5-366c-4586-965c-19eb0513ec42: addNew group-B868EF335BC7:[942b18c5-366c-4586-965c-19eb0513ec42:192.168.5.170:43588, 75a6d948-9799-4e38-bb4d-0bcbb68a8180:192.168.5.170:33463, 51cb1f54-fb73-41c6-af18-28702c88289a:192.168.5.170:32814] returns group-B868EF335BC7:java.util.concurrent.CompletableFuture@424baec9[Not completed]
2019-08-16 03:31:02,537 INFO  impl.RaftServerImpl (RaftServerImpl.java:<init>(93)) - 942b18c5-366c-4586-965c-19eb0513ec42: new RaftServerImpl for group-B868EF335BC7:[942b18c5-366c-4586-965c-19eb0513ec42:192.168.5.170:43588, 75a6d948-9799-4e38-bb4d-0bcbb68a8180:192.168.5.170:33463, 51cb1f54-fb73-41c6-af18-28702c88289a:192.168.5.170:32814] with ContainerStateMachine:uninitialized
2019-08-16 03:31:02,537 INFO  impl.RaftServerProxy (RaftServerProxy.java:addNew(89)) - 51cb1f54-fb73-41c6-af18-28702c88289a: addNew group-B868EF335BC7:[942b18c5-366c-4586-965c-19eb0513ec42:192.168.5.170:43588, 75a6d948-9799-4e38-bb4d-0bcbb68a8180:192.168.5.170:33463, 51cb1f54-fb73-41c6-af18-28702c88289a:192.168.5.170:32814] returns group-B868EF335BC7:java.util.concurrent.CompletableFuture@74928e4[Not completed]
2019-08-16 03:31:02,537 INFO  server.RaftServerConfigKeys (ConfUtils.java:logGet(43)) - raft.server.rpc.timeout.min = 5s (custom)
2019-08-16 03:31:02,539 INFO  server.RaftServerConfigKeys (ConfUtils.java:logGet(43)) - raft.server.rpc.timeout.max = 5200ms (custom)
2019-08-16 03:31:02,539 INFO  server.RaftServerConfigKeys (ConfUtils.java:logGet(43)) - raft.server.rpcslowness.timeout = 120s (custom)
2019-08-16 03:31:02,540 INFO  server.RaftServerConfigKeys (ConfUtils.java:logGet(43)) - raft.server.sleep.deviation.threshold = 300 (default)
2019-08-16 03:31:02,540 INFO  server.RaftServerConfigKeys (ConfUtils.java:logGet(43)) - raft.server.log.appender.install.snapshot.enabled = false (custom)
2019-08-16 03:31:02,540 INFO  impl.RaftServerProxy (RaftServerProxy.java:addNew(89)) - 75a6d948-9799-4e38-bb4d-0bcbb68a8180: addNew group-B868EF335BC7:[942b18c5-366c-4586-965c-19eb0513ec42:192.168.5.170:43588, 75a6d948-9799-4e38-bb4d-0bcbb68a8180:192.168.5.170:33463, 51cb1f54-fb73-41c6-af18-28702c88289a:192.168.5.170:32814] returns group-B868EF335BC7:java.util.concurrent.CompletableFuture@5181bbb9[Not completed]
2019-08-16 03:31:02,540 INFO  impl.RaftServerImpl (ServerState.java:<init>(105)) - 942b18c5-366c-4586-965c-19eb0513ec42:group-B868EF335BC7 ConfigurationManager, init=-1: [942b18c5-366c-4586-965c-19eb0513ec42:192.168.5.170:43588, 75a6d948-9799-4e38-bb4d-0bcbb68a8180:192.168.5.170:33463, 51cb1f54-fb73-41c6-af18-28702c88289a:192.168.5.170:32814], old=null, confs=<EMPTY_MAP>
2019-08-16 03:31:02,540 INFO  server.RaftServerConfigKeys (ConfUtils.java:logGet(43)) - raft.server.storage.dir = [/workdir/hadoop-ozone/integration-test/target/test-dir/MiniOzoneClusterImpl-15f544e2-cbcb-4b36-b33b-c7f51713c2ca/datanode-3/data/ratis] (custom)
2019-08-16 03:31:02,541 INFO  storage.RaftStorageDirectory (RaftStorageDirectory.java:analyzeStorage(246)) - The storage directory /workdir/hadoop-ozone/integration-test/target/test-dir/MiniOzoneClusterImpl-15f544e2-cbcb-4b36-b33b-c7f51713c2ca/datanode-3/data/ratis/eac003d7-e315-44bc-8380-b868ef335bc7 does not exist. Creating ...
2019-08-16 03:31:02,541 INFO  impl.RaftServerImpl (RaftServerImpl.java:<init>(93)) - 51cb1f54-fb73-41c6-af18-28702c88289a: new RaftServerImpl for group-B868EF335BC7:[942b18c5-366c-4586-965c-19eb0513ec42:192.168.5.170:43588, 75a6d948-9799-4e38-bb4d-0bcbb68a8180:192.168.5.170:33463, 51cb1f54-fb73-41c6-af18-28702c88289a:192.168.5.170:32814] with ContainerStateMachine:uninitialized
2019-08-16 03:31:02,541 INFO  server.RaftServerConfigKeys (ConfUtils.java:logGet(43)) - raft.server.rpc.timeout.min = 5s (custom)
2019-08-16 03:31:02,541 INFO  server.RaftServerConfigKeys (ConfUtils.java:logGet(43)) - raft.server.rpc.timeout.max = 5200ms (custom)
2019-08-16 03:31:02,541 INFO  impl.RaftServerImpl (RaftServerImpl.java:<init>(93)) - 75a6d948-9799-4e38-bb4d-0bcbb68a8180: new RaftServerImpl for group-B868EF335BC7:[942b18c5-366c-4586-965c-19eb0513ec42:192.168.5.170:43588, 75a6d948-9799-4e38-bb4d-0bcbb68a8180:192.168.5.170:33463, 51cb1f54-fb73-41c6-af18-28702c88289a:192.168.5.170:32814] with ContainerStateMachine:uninitialized
2019-08-16 03:31:02,541 INFO  server.RaftServerConfigKeys (ConfUtils.java:logGet(43)) - raft.server.rpcslowness.timeout = 120s (custom)
2019-08-16 03:31:02,542 INFO  server.RaftServerConfigKeys (ConfUtils.java:logGet(43)) - raft.server.rpc.timeout.min = 5s (custom)
2019-08-16 03:31:02,542 INFO  server.RaftServerConfigKeys (ConfUtils.java:logGet(43)) - raft.server.sleep.deviation.threshold = 300 (default)
2019-08-16 03:31:02,542 INFO  server.RaftServerConfigKeys (ConfUtils.java:logGet(43)) - raft.server.rpc.timeout.max = 5200ms (custom)
2019-08-16 03:31:02,542 INFO  server.RaftServerConfigKeys (ConfUtils.java:logGet(43)) - raft.server.log.appender.install.snapshot.enabled = false (custom)
2019-08-16 03:31:02,542 INFO  server.RaftServerConfigKeys (ConfUtils.java:logGet(43)) - raft.server.rpcslowness.timeout = 120s (custom)
2019-08-16 03:31:02,542 INFO  impl.RaftServerImpl (ServerState.java:<init>(105)) - 51cb1f54-fb73-41c6-af18-28702c88289a:group-B868EF335BC7 ConfigurationManager, init=-1: [942b18c5-366c-4586-965c-19eb0513ec42:192.168.5.170:43588, 75a6d948-9799-4e38-bb4d-0bcbb68a8180:192.168.5.170:33463, 51cb1f54-fb73-41c6-af18-28702c88289a:192.168.5.170:32814], old=null, confs=<EMPTY_MAP>
2019-08-16 03:31:02,542 INFO  server.RaftServerConfigKeys (ConfUtils.java:logGet(43)) - raft.server.sleep.deviation.threshold = 300 (default)
2019-08-16 03:31:02,543 INFO  server.RaftServerConfigKeys (ConfUtils.java:logGet(43)) - raft.server.storage.dir = [/workdir/hadoop-ozone/integration-test/target/test-dir/MiniOzoneClusterImpl-15f544e2-cbcb-4b36-b33b-c7f51713c2ca/datanode-1/data/ratis] (custom)
2019-08-16 03:31:02,543 INFO  server.RaftServerConfigKeys (ConfUtils.java:logGet(43)) - raft.server.log.appender.install.snapshot.enabled = false (custom)
2019-08-16 03:31:02,543 INFO  impl.RaftServerImpl (ServerState.java:<init>(105)) - 75a6d948-9799-4e38-bb4d-0bcbb68a8180:group-B868EF335BC7 ConfigurationManager, init=-1: [942b18c5-366c-4586-965c-19eb0513ec42:192.168.5.170:43588, 75a6d948-9799-4e38-bb4d-0bcbb68a8180:192.168.5.170:33463, 51cb1f54-fb73-41c6-af18-28702c88289a:192.168.5.170:32814], old=null, confs=<EMPTY_MAP>
2019-08-16 03:31:02,543 INFO  storage.RaftStorageDirectory (RaftStorageDirectory.java:analyzeStorage(246)) - The storage directory /workdir/hadoop-ozone/integration-test/target/test-dir/MiniOzoneClusterImpl-15f544e2-cbcb-4b36-b33b-c7f51713c2ca/datanode-1/data/ratis/eac003d7-e315-44bc-8380-b868ef335bc7 does not exist. Creating ...
2019-08-16 03:31:02,543 INFO  server.RaftServerConfigKeys (ConfUtils.java:logGet(43)) - raft.server.storage.dir = [/workdir/hadoop-ozone/integration-test/target/test-dir/MiniOzoneClusterImpl-15f544e2-cbcb-4b36-b33b-c7f51713c2ca/datanode-6/data/ratis] (custom)
2019-08-16 03:31:02,544 INFO  storage.RaftStorageDirectory (RaftStorageDirectory.java:analyzeStorage(246)) - The storage directory /workdir/hadoop-ozone/integration-test/target/test-dir/MiniOzoneClusterImpl-15f544e2-cbcb-4b36-b33b-c7f51713c2ca/datanode-6/data/ratis/eac003d7-e315-44bc-8380-b868ef335bc7 does not exist. Creating ...
2019-08-16 03:31:02,566 INFO  storage.RaftStorageDirectory (RaftStorageDirectory.java:tryLock(328)) - Lock on /workdir/hadoop-ozone/integration-test/target/test-dir/MiniOzoneClusterImpl-15f544e2-cbcb-4b36-b33b-c7f51713c2ca/datanode-3/data/ratis/eac003d7-e315-44bc-8380-b868ef335bc7/in_use.lock acquired by nodename 29009@byscane-nightly-5jrvm-589107607
2019-08-16 03:31:02,566 INFO  storage.RaftStorageDirectory (RaftStorageDirectory.java:tryLock(328)) - Lock on /workdir/hadoop-ozone/integration-test/target/test-dir/MiniOzoneClusterImpl-15f544e2-cbcb-4b36-b33b-c7f51713c2ca/datanode-6/data/ratis/eac003d7-e315-44bc-8380-b868ef335bc7/in_use.lock acquired by nodename 29009@byscane-nightly-5jrvm-589107607
2019-08-16 03:31:02,566 INFO  storage.RaftStorageDirectory (RaftStorageDirectory.java:tryLock(328)) - Lock on /workdir/hadoop-ozone/integration-test/target/test-dir/MiniOzoneClusterImpl-15f544e2-cbcb-4b36-b33b-c7f51713c2ca/datanode-1/data/ratis/eac003d7-e315-44bc-8380-b868ef335bc7/in_use.lock acquired by nodename 29009@byscane-nightly-5jrvm-589107607
2019-08-16 03:31:02,599 INFO  storage.RaftStorage (RaftStorage.java:format(72)) - Storage directory /workdir/hadoop-ozone/integration-test/target/test-dir/MiniOzoneClusterImpl-15f544e2-cbcb-4b36-b33b-c7f51713c2ca/datanode-6/data/ratis/eac003d7-e315-44bc-8380-b868ef335bc7 has been successfully formatted.
2019-08-16 03:31:02,599 INFO  storage.RaftStorage (RaftStorage.java:format(72)) - Storage directory /workdir/hadoop-ozone/integration-test/target/test-dir/MiniOzoneClusterImpl-15f544e2-cbcb-4b36-b33b-c7f51713c2ca/datanode-1/data/ratis/eac003d7-e315-44bc-8380-b868ef335bc7 has been successfully formatted.
2019-08-16 03:31:02,599 INFO  storage.RaftStorage (RaftStorage.java:format(72)) - Storage directory /workdir/hadoop-ozone/integration-test/target/test-dir/MiniOzoneClusterImpl-15f544e2-cbcb-4b36-b33b-c7f51713c2ca/datanode-3/data/ratis/eac003d7-e315-44bc-8380-b868ef335bc7 has been successfully formatted.
2019-08-16 03:31:02,599 INFO  ratis.ContainerStateMachine (ContainerStateMachine.java:loadSnapshot(213)) - group-B868EF335BC7: The snapshot info is null. Setting the last applied indexto:(t:0, i:~)
2019-08-16 03:31:02,599 INFO  ratis.ContainerStateMachine (ContainerStateMachine.java:loadSnapshot(213)) - group-B868EF335BC7: The snapshot info is null. Setting the last applied indexto:(t:0, i:~)
2019-08-16 03:31:02,600 INFO  server.RaftServerConfigKeys (ConfUtils.java:logGet(43)) - raft.server.leader.election.timeout = 120s (custom)
2019-08-16 03:31:02,600 INFO  ratis.ContainerStateMachine (ContainerStateMachine.java:loadSnapshot(213)) - group-B868EF335BC7: The snapshot info is null. Setting the last applied indexto:(t:0, i:~)
2019-08-16 03:31:02,600 INFO  server.RaftServerConfigKeys (ConfUtils.java:logGet(43)) - raft.server.log.use.memory = false (default)
2019-08-16 03:31:02,600 INFO  server.RaftServerConfigKeys (ConfUtils.java:logGet(43)) - raft.server.leader.election.timeout = 120s (custom)
2019-08-16 03:31:02,600 INFO  server.RaftServerConfigKeys (ConfUtils.java:logGet(43)) - raft.server.log.purge.gap = 1000000000 (custom)
2019-08-16 03:31:02,600 INFO  server.RaftServerConfigKeys (ConfUtils.java:logGet(43)) - raft.server.leader.election.timeout = 120s (custom)
2019-08-16 03:31:02,601 INFO  server.RaftServerConfigKeys (ConfUtils.java:logGet(43)) - raft.server.log.appender.buffer.byte-limit = 33554432 (custom)
2019-08-16 03:31:02,600 INFO  server.RaftServerConfigKeys (ConfUtils.java:logGet(43)) - raft.server.log.use.memory = false (default)
2019-08-16 03:31:02,601 INFO  server.RaftServerConfigKeys (ConfUtils.java:logGet(43)) - raft.server.log.segment.size.max = 1048576 (custom)
2019-08-16 03:31:02,601 INFO  server.RaftServerConfigKeys (ConfUtils.java:logGet(43)) - raft.server.log.use.memory = false (default)
2019-08-16 03:31:02,601 INFO  server.RaftServerConfigKeys (ConfUtils.java:logGet(43)) - raft.server.log.segment.cache.num.max = 2 (custom)
2019-08-16 03:31:02,601 INFO  server.RaftServerConfigKeys (ConfUtils.java:logGet(43)) - raft.server.log.purge.gap = 1000000000 (custom)
2019-08-16 03:31:02,602 INFO  segmented.SegmentedRaftLogWorker (SegmentedRaftLogWorker.java:<init>(172)) - new 75a6d948-9799-4e38-bb4d-0bcbb68a8180-SegmentedRaftLogWorker:Storage Directory /workdir/hadoop-ozone/integration-test/target/test-dir/MiniOzoneClusterImpl-15f544e2-cbcb-4b36-b33b-c7f51713c2ca/datanode-6/data/ratis/eac003d7-e315-44bc-8380-b868ef335bc7 for RaftStorage:Storage Directory /workdir/hadoop-ozone/integration-test/target/test-dir/MiniOzoneClusterImpl-15f544e2-cbcb-4b36-b33b-c7f51713c2ca/datanode-6/data/ratis/eac003d7-e315-44bc-8380-b868ef335bc7
2019-08-16 03:31:02,601 INFO  server.RaftServerConfigKeys (ConfUtils.java:logGet(43)) - raft.server.log.purge.gap = 1000000000 (custom)
2019-08-16 03:31:02,602 INFO  server.RaftServerConfigKeys (ConfUtils.java:logGet(43)) - raft.server.log.queue.byte-limit = 2147483647 (custom)
2019-08-16 03:31:02,602 INFO  server.RaftServerConfigKeys (ConfUtils.java:logGet(43)) - raft.server.log.appender.buffer.byte-limit = 33554432 (custom)
2019-08-16 03:31:02,604 INFO  server.RaftServerConfigKeys (ConfUtils.java:logGet(43)) - raft.server.log.queue.element-limit = 1024 (custom)
2019-08-16 03:31:02,602 INFO  server.RaftServerConfigKeys (ConfUtils.java:logGet(43)) - raft.server.log.appender.buffer.byte-limit = 33554432 (custom)
2019-08-16 03:31:02,605 INFO  server.RaftServerConfigKeys (ConfUtils.java:logGet(43)) - raft.server.log.segment.size.max = 1048576 (custom)
2019-08-16 03:31:02,605 INFO  server.RaftServerConfigKeys (ConfUtils.java:logGet(43)) - raft.server.log.segment.size.max = 1048576 (custom)
2019-08-16 03:31:02,605 INFO  server.RaftServerConfigKeys (ConfUtils.java:logGet(43)) - raft.server.log.preallocated.size = 16384 (custom)
2019-08-16 03:31:02,605 INFO  server.RaftServerConfigKeys (ConfUtils.java:logGet(43)) - raft.server.log.segment.size.max = 1048576 (custom)
2019-08-16 03:31:02,606 INFO  server.RaftServerConfigKeys (ConfUtils.java:logGet(43)) - raft.server.log.write.buffer.size = 33554432 (custom)
2019-08-16 03:31:02,605 INFO  server.RaftServerConfigKeys (ConfUtils.java:logGet(43)) - raft.server.log.segment.cache.num.max = 2 (custom)
2019-08-16 03:31:02,606 INFO  server.RaftServerConfigKeys (ConfUtils.java:logGet(43)) - raft.server.log.force.sync.num = 128 (default)
2019-08-16 03:31:02,606 INFO  server.RaftServerConfigKeys (ConfUtils.java:logGet(43)) - raft.server.log.segment.cache.num.max = 2 (custom)
2019-08-16 03:31:02,606 INFO  server.RaftServerConfigKeys (ConfUtils.java:logGet(43)) - raft.server.log.statemachine.data.sync = true (default)
2019-08-16 03:31:02,606 INFO  segmented.SegmentedRaftLogWorker (SegmentedRaftLogWorker.java:<init>(172)) - new 51cb1f54-fb73-41c6-af18-28702c88289a-SegmentedRaftLogWorker:Storage Directory /workdir/hadoop-ozone/integration-test/target/test-dir/MiniOzoneClusterImpl-15f544e2-cbcb-4b36-b33b-c7f51713c2ca/datanode-1/data/ratis/eac003d7-e315-44bc-8380-b868ef335bc7 for RaftStorage:Storage Directory /workdir/hadoop-ozone/integration-test/target/test-dir/MiniOzoneClusterImpl-15f544e2-cbcb-4b36-b33b-c7f51713c2ca/datanode-1/data/ratis/eac003d7-e315-44bc-8380-b868ef335bc7
2019-08-16 03:31:02,607 INFO  server.RaftServerConfigKeys (ConfUtils.java:logGet(43)) - raft.server.log.statemachine.data.sync.timeout = 10s (default)
2019-08-16 03:31:02,606 INFO  segmented.SegmentedRaftLogWorker (SegmentedRaftLogWorker.java:<init>(172)) - new 942b18c5-366c-4586-965c-19eb0513ec42-SegmentedRaftLogWorker:Storage Directory /workdir/hadoop-ozone/integration-test/target/test-dir/MiniOzoneClusterImpl-15f544e2-cbcb-4b36-b33b-c7f51713c2ca/datanode-3/data/ratis/eac003d7-e315-44bc-8380-b868ef335bc7 for RaftStorage:Storage Directory /workdir/hadoop-ozone/integration-test/target/test-dir/MiniOzoneClusterImpl-15f544e2-cbcb-4b36-b33b-c7f51713c2ca/datanode-3/data/ratis/eac003d7-e315-44bc-8380-b868ef335bc7
2019-08-16 03:31:02,607 INFO  server.RaftServerConfigKeys (ConfUtils.java:logGet(43)) - raft.server.log.statemachine.data.sync.timeout.retry = -1 (default)
2019-08-16 03:31:02,607 INFO  server.RaftServerConfigKeys (ConfUtils.java:logGet(43)) - raft.server.log.queue.byte-limit = 2147483647 (custom)
2019-08-16 03:31:02,611 INFO  server.RaftServerConfigKeys (ConfUtils.java:logGet(43)) - raft.server.log.statemachine.data.caching.enabled = true (custom)
2019-08-16 03:31:02,609 INFO  server.RaftServerConfigKeys (ConfUtils.java:logGet(43)) - raft.server.log.queue.byte-limit = 2147483647 (custom)
2019-08-16 03:31:02,612 INFO  server.RaftServerConfigKeys (ConfUtils.java:logGet(43)) - raft.server.log.queue.element-limit = 1024 (custom)
2019-08-16 03:31:02,612 INFO  segmented.SegmentedRaftLogWorker (SegmentedRaftLogWorker.java:lambda$new$0(132)) - 75a6d948-9799-4e38-bb4d-0bcbb68a8180-SegmentedRaftLogWorker:Storage Directory /workdir/hadoop-ozone/integration-test/target/test-dir/MiniOzoneClusterImpl-15f544e2-cbcb-4b36-b33b-c7f51713c2ca/datanode-6/data/ratis/eac003d7-e315-44bc-8380-b868ef335bc7: flushIndex: setUnconditionally 0 -> -1
2019-08-16 03:31:02,612 INFO  server.RaftServerConfigKeys (ConfUtils.java:logGet(43)) - raft.server.log.queue.element-limit = 1024 (custom)
2019-08-16 03:31:02,612 INFO  server.RaftServerConfigKeys (ConfUtils.java:logGet(43)) - raft.server.log.segment.size.max = 1048576 (custom)
2019-08-16 03:31:02,613 INFO  server.RaftServerConfigKeys (ConfUtils.java:logGet(43)) - raft.server.snapshot.auto.trigger.enabled = true (custom)
2019-08-16 03:31:02,612 INFO  server.RaftServerConfigKeys (ConfUtils.java:logGet(43)) - raft.server.log.segment.size.max = 1048576 (custom)
2019-08-16 03:31:02,613 INFO  server.RaftServerConfigKeys (ConfUtils.java:logGet(43)) - raft.server.snapshot.auto.trigger.threshold = 10000 (custom)
2019-08-16 03:31:02,613 INFO  server.RaftServerConfigKeys (ConfUtils.java:logGet(43)) - raft.server.log.preallocated.size = 16384 (custom)
2019-08-16 03:31:02,613 INFO  server.RaftServerConfigKeys (ConfUtils.java:logGet(43)) - raft.server.retrycache.expirytime = 600000ms (custom)
2019-08-16 03:31:02,613 INFO  server.RaftServerConfigKeys (ConfUtils.java:logGet(43)) - raft.server.log.preallocated.size = 16384 (custom)
2019-08-16 03:31:02,614 INFO  impl.RaftServerImpl (RaftServerImpl.java:start(180)) - 75a6d948-9799-4e38-bb4d-0bcbb68a8180: start group-B868EF335BC7
2019-08-16 03:31:02,613 INFO  server.RaftServerConfigKeys (ConfUtils.java:logGet(43)) - raft.server.log.write.buffer.size = 33554432 (custom)
2019-08-16 03:31:02,614 INFO  impl.RaftServerImpl (RaftServerImpl.java:setRole(171)) - 75a6d948-9799-4e38-bb4d-0bcbb68a8180:group-B868EF335BC7 changes role from null to FOLLOWER at term 0 for startAsFollower
2019-08-16 03:31:02,614 INFO  server.RaftServerConfigKeys (ConfUtils.java:logGet(43)) - raft.server.log.write.buffer.size = 33554432 (custom)
2019-08-16 03:31:02,614 INFO  impl.RoleInfo (RoleInfo.java:updateAndGet(143)) - 75a6d948-9799-4e38-bb4d-0bcbb68a8180: start FollowerState
2019-08-16 03:31:02,614 INFO  server.RaftServerConfigKeys (ConfUtils.java:logGet(43)) - raft.server.log.force.sync.num = 128 (default)
2019-08-16 03:31:02,614 INFO  server.RaftServerConfigKeys (ConfUtils.java:logGet(43)) - raft.server.log.force.sync.num = 128 (default)
2019-08-16 03:31:02,615 INFO  server.RaftServerConfigKeys (ConfUtils.java:logGet(43)) - raft.server.log.statemachine.data.sync = true (default)
2019-08-16 03:31:02,615 INFO  util.JmxRegister (JmxRegister.java:tryRegister(44)) - Successfully registered JMX Bean with object name Ratis:service=RaftServer,group=group-B868EF335BC7,id=75a6d948-9799-4e38-bb4d-0bcbb68a8180
2019-08-16 03:31:02,615 INFO  server.RaftServerConfigKeys (ConfUtils.java:logGet(43)) - raft.server.log.statemachine.data.sync = true (default)
2019-08-16 03:31:02,615 INFO  server.RaftServerConfigKeys (ConfUtils.java:logGet(43)) - raft.server.log.statemachine.data.sync.timeout = 10s (default)
2019-08-16 03:31:02,615 INFO  server.RaftServerConfigKeys (ConfUtils.java:logGet(43)) - raft.server.log.statemachine.data.sync.timeout = 10s (default)
2019-08-16 03:31:02,615 INFO  server.RaftServerConfigKeys (ConfUtils.java:logGet(43)) - raft.server.log.statemachine.data.sync.timeout.retry = -1 (default)
2019-08-16 03:31:02,616 INFO  server.RaftServerConfigKeys (ConfUtils.java:logGet(43)) - raft.server.log.statemachine.data.sync.timeout.retry = -1 (default)
2019-08-16 03:31:02,616 INFO  server.RaftServerConfigKeys (ConfUtils.java:logGet(43)) - raft.server.log.statemachine.data.caching.enabled = true (custom)
2019-08-16 03:31:02,616 INFO  server.RaftServerConfigKeys (ConfUtils.java:logGet(43)) - raft.server.log.statemachine.data.caching.enabled = true (custom)
2019-08-16 03:31:02,616 INFO  segmented.SegmentedRaftLogWorker (SegmentedRaftLogWorker.java:lambda$new$0(132)) - 51cb1f54-fb73-41c6-af18-28702c88289a-SegmentedRaftLogWorker:Storage Directory /workdir/hadoop-ozone/integration-test/target/test-dir/MiniOzoneClusterImpl-15f544e2-cbcb-4b36-b33b-c7f51713c2ca/datanode-1/data/ratis/eac003d7-e315-44bc-8380-b868ef335bc7: flushIndex: setUnconditionally 0 -> -1
2019-08-16 03:31:02,616 INFO  segmented.SegmentedRaftLogWorker (SegmentedRaftLogWorker.java:lambda$new$0(132)) - 942b18c5-366c-4586-965c-19eb0513ec42-SegmentedRaftLogWorker:Storage Directory /workdir/hadoop-ozone/integration-test/target/test-dir/MiniOzoneClusterImpl-15f544e2-cbcb-4b36-b33b-c7f51713c2ca/datanode-3/data/ratis/eac003d7-e315-44bc-8380-b868ef335bc7: flushIndex: setUnconditionally 0 -> -1
2019-08-16 03:31:02,617 INFO  server.RaftServerConfigKeys (ConfUtils.java:logGet(43)) - raft.server.snapshot.auto.trigger.enabled = true (custom)
2019-08-16 03:31:02,617 INFO  server.RaftServerConfigKeys (ConfUtils.java:logGet(43)) - raft.server.snapshot.auto.trigger.enabled = true (custom)
2019-08-16 03:31:02,617 INFO  server.RaftServerConfigKeys (ConfUtils.java:logGet(43)) - raft.server.snapshot.auto.trigger.threshold = 10000 (custom)
2019-08-16 03:31:02,617 INFO  server.RaftServerConfigKeys (ConfUtils.java:logGet(43)) - raft.server.snapshot.auto.trigger.threshold = 10000 (custom)
2019-08-16 03:31:02,617 INFO  server.RaftServerConfigKeys (ConfUtils.java:logGet(43)) - raft.server.retrycache.expirytime = 600000ms (custom)
2019-08-16 03:31:02,617 INFO  server.RaftServerConfigKeys (ConfUtils.java:logGet(43)) - raft.server.retrycache.expirytime = 600000ms (custom)
2019-08-16 03:31:02,617 INFO  impl.RaftServerImpl (RaftServerImpl.java:start(180)) - 51cb1f54-fb73-41c6-af18-28702c88289a: start group-B868EF335BC7
2019-08-16 03:31:02,618 INFO  impl.RaftServerImpl (RaftServerImpl.java:start(180)) - 942b18c5-366c-4586-965c-19eb0513ec42: start group-B868EF335BC7
2019-08-16 03:31:02,618 INFO  impl.RaftServerImpl (RaftServerImpl.java:setRole(171)) - 51cb1f54-fb73-41c6-af18-28702c88289a:group-B868EF335BC7 changes role from null to FOLLOWER at term 0 for startAsFollower
2019-08-16 03:31:02,618 INFO  impl.RaftServerImpl (RaftServerImpl.java:setRole(171)) - 942b18c5-366c-4586-965c-19eb0513ec42:group-B868EF335BC7 changes role from null to FOLLOWER at term 0 for startAsFollower
2019-08-16 03:31:02,618 INFO  impl.RoleInfo (RoleInfo.java:updateAndGet(143)) - 51cb1f54-fb73-41c6-af18-28702c88289a: start FollowerState
2019-08-16 03:31:02,618 INFO  impl.RoleInfo (RoleInfo.java:updateAndGet(143)) - 942b18c5-366c-4586-965c-19eb0513ec42: start FollowerState
2019-08-16 03:31:02,620 INFO  util.JmxRegister (JmxRegister.java:tryRegister(44)) - Successfully registered JMX Bean with object name Ratis:service=RaftServer,group=group-B868EF335BC7,id=51cb1f54-fb73-41c6-af18-28702c88289a
2019-08-16 03:31:02,620 INFO  util.JmxRegister (JmxRegister.java:tryRegister(44)) - Successfully registered JMX Bean with object name Ratis:service=RaftServer,group=group-B868EF335BC7,id=942b18c5-366c-4586-965c-19eb0513ec42
2019-08-16 03:31:02,644 INFO  pipeline.PipelineStateManager (PipelineStateManager.java:addPipeline(56)) - Created pipeline Pipeline[ Id: eac003d7-e315-44bc-8380-b868ef335bc7, Nodes: 51cb1f54-fb73-41c6-af18-28702c88289a{ip: 192.168.5.170, host: byscane-nightly-5jrvm-589107607, networkLocation: /default-rack, certSerialId: null}942b18c5-366c-4586-965c-19eb0513ec42{ip: 192.168.5.170, host: byscane-nightly-5jrvm-589107607, networkLocation: /default-rack, certSerialId: null}75a6d948-9799-4e38-bb4d-0bcbb68a8180{ip: 192.168.5.170, host: byscane-nightly-5jrvm-589107607, networkLocation: /default-rack, certSerialId: null}, Type:RATIS, Factor:THREE, State:OPEN]
2019-08-16 03:31:02,694 INFO  impl.RaftServerProxy (RaftServerProxy.java:addNew(89)) - 46d44a41-52a2-4384-8ac9-ea51a453f0ed: addNew group-A3B8D7718BAA:[d09ef4f6-1049-4531-a31d-7b1aaaabfa10:192.168.5.170:33465, 46d44a41-52a2-4384-8ac9-ea51a453f0ed:192.168.5.170:36884, cdebeb69-c8d8-4c6e-838e-5fcab217bc63:192.168.5.170:42155] returns group-A3B8D7718BAA:java.util.concurrent.CompletableFuture@2926c463[Not completed]
2019-08-16 03:31:02,695 INFO  impl.RaftServerProxy (RaftServerProxy.java:addNew(89)) - d09ef4f6-1049-4531-a31d-7b1aaaabfa10: addNew group-A3B8D7718BAA:[d09ef4f6-1049-4531-a31d-7b1aaaabfa10:192.168.5.170:33465, 46d44a41-52a2-4384-8ac9-ea51a453f0ed:192.168.5.170:36884, cdebeb69-c8d8-4c6e-838e-5fcab217bc63:192.168.5.170:42155] returns group-A3B8D7718BAA:java.util.concurrent.CompletableFuture@5412f77d[Not completed]
2019-08-16 03:31:02,694 INFO  impl.RaftServerProxy (RaftServerProxy.java:addNew(89)) - cdebeb69-c8d8-4c6e-838e-5fcab217bc63: addNew group-A3B8D7718BAA:[d09ef4f6-1049-4531-a31d-7b1aaaabfa10:192.168.5.170:33465, 46d44a41-52a2-4384-8ac9-ea51a453f0ed:192.168.5.170:36884, cdebeb69-c8d8-4c6e-838e-5fcab217bc63:192.168.5.170:42155] returns group-A3B8D7718BAA:java.util.concurrent.CompletableFuture@436a6353[Not completed]
2019-08-16 03:31:02,698 INFO  impl.RaftServerImpl (RaftServerImpl.java:<init>(93)) - 46d44a41-52a2-4384-8ac9-ea51a453f0ed: new RaftServerImpl for group-A3B8D7718BAA:[d09ef4f6-1049-4531-a31d-7b1aaaabfa10:192.168.5.170:33465, 46d44a41-52a2-4384-8ac9-ea51a453f0ed:192.168.5.170:36884, cdebeb69-c8d8-4c6e-838e-5fcab217bc63:192.168.5.170:42155] with ContainerStateMachine:uninitialized
2019-08-16 03:31:02,699 INFO  server.RaftServerConfigKeys (ConfUtils.java:logGet(43)) - raft.server.rpc.timeout.min = 5s (custom)
2019-08-16 03:31:02,699 INFO  server.RaftServerConfigKeys (ConfUtils.java:logGet(43)) - raft.server.rpc.timeout.max = 5200ms (custom)
2019-08-16 03:31:02,699 INFO  server.RaftServerConfigKeys (ConfUtils.java:logGet(43)) - raft.server.rpcslowness.timeout = 120s (custom)
2019-08-16 03:31:02,699 INFO  server.RaftServerConfigKeys (ConfUtils.java:logGet(43)) - raft.server.sleep.deviation.threshold = 300 (default)
2019-08-16 03:31:02,699 INFO  server.RaftServerConfigKeys (ConfUtils.java:logGet(43)) - raft.server.log.appender.install.snapshot.enabled = false (custom)
2019-08-16 03:31:02,699 INFO  impl.RaftServerImpl (ServerState.java:<init>(105)) - 46d44a41-52a2-4384-8ac9-ea51a453f0ed:group-A3B8D7718BAA ConfigurationManager, init=-1: [d09ef4f6-1049-4531-a31d-7b1aaaabfa10:192.168.5.170:33465, 46d44a41-52a2-4384-8ac9-ea51a453f0ed:192.168.5.170:36884, cdebeb69-c8d8-4c6e-838e-5fcab217bc63:192.168.5.170:42155], old=null, confs=<EMPTY_MAP>
2019-08-16 03:31:02,699 INFO  server.RaftServerConfigKeys (ConfUtils.java:logGet(43)) - raft.server.storage.dir = [/workdir/hadoop-ozone/integration-test/target/test-dir/MiniOzoneClusterImpl-15f544e2-cbcb-4b36-b33b-c7f51713c2ca/datanode-4/data/ratis] (custom)
2019-08-16 03:31:02,700 INFO  impl.RaftServerImpl (RaftServerImpl.java:<init>(93)) - d09ef4f6-1049-4531-a31d-7b1aaaabfa10: new RaftServerImpl for group-A3B8D7718BAA:[d09ef4f6-1049-4531-a31d-7b1aaaabfa10:192.168.5.170:33465, 46d44a41-52a2-4384-8ac9-ea51a453f0ed:192.168.5.170:36884, cdebeb69-c8d8-4c6e-838e-5fcab217bc63:192.168.5.170:42155] with ContainerStateMachine:uninitialized
2019-08-16 03:31:02,700 INFO  server.RaftServerConfigKeys (ConfUtils.java:logGet(43)) - raft.server.rpc.timeout.min = 5s (custom)
2019-08-16 03:31:02,700 INFO  storage.RaftStorageDirectory (RaftStorageDirectory.java:analyzeStorage(246)) - The storage directory /workdir/hadoop-ozone/integration-test/target/test-dir/MiniOzoneClusterImpl-15f544e2-cbcb-4b36-b33b-c7f51713c2ca/datanode-4/data/ratis/e925a6a9-19ad-42d2-a4e7-a3b8d7718baa does not exist. Creating ...
2019-08-16 03:31:02,700 INFO  server.RaftServerConfigKeys (ConfUtils.java:logGet(43)) - raft.server.rpc.timeout.max = 5200ms (custom)
2019-08-16 03:31:02,700 INFO  server.RaftServerConfigKeys (ConfUtils.java:logGet(43)) - raft.server.rpcslowness.timeout = 120s (custom)
2019-08-16 03:31:02,700 INFO  impl.RaftServerImpl (RaftServerImpl.java:<init>(93)) - cdebeb69-c8d8-4c6e-838e-5fcab217bc63: new RaftServerImpl for group-A3B8D7718BAA:[d09ef4f6-1049-4531-a31d-7b1aaaabfa10:192.168.5.170:33465, 46d44a41-52a2-4384-8ac9-ea51a453f0ed:192.168.5.170:36884, cdebeb69-c8d8-4c6e-838e-5fcab217bc63:192.168.5.170:42155] with ContainerStateMachine:uninitialized
2019-08-16 03:31:02,701 INFO  server.RaftServerConfigKeys (ConfUtils.java:logGet(43)) - raft.server.sleep.deviation.threshold = 300 (default)
2019-08-16 03:31:02,701 INFO  server.RaftServerConfigKeys (ConfUtils.java:logGet(43)) - raft.server.rpc.timeout.min = 5s (custom)
2019-08-16 03:31:02,701 INFO  server.RaftServerConfigKeys (ConfUtils.java:logGet(43)) - raft.server.log.appender.install.snapshot.enabled = false (custom)
2019-08-16 03:31:02,701 INFO  server.RaftServerConfigKeys (ConfUtils.java:logGet(43)) - raft.server.rpc.timeout.max = 5200ms (custom)
2019-08-16 03:31:02,701 INFO  impl.RaftServerImpl (ServerState.java:<init>(105)) - d09ef4f6-1049-4531-a31d-7b1aaaabfa10:group-A3B8D7718BAA ConfigurationManager, init=-1: [d09ef4f6-1049-4531-a31d-7b1aaaabfa10:192.168.5.170:33465, 46d44a41-52a2-4384-8ac9-ea51a453f0ed:192.168.5.170:36884, cdebeb69-c8d8-4c6e-838e-5fcab217bc63:192.168.5.170:42155], old=null, confs=<EMPTY_MAP>
2019-08-16 03:31:02,701 INFO  server.RaftServerConfigKeys (ConfUtils.java:logGet(43)) - raft.server.rpcslowness.timeout = 120s (custom)
2019-08-16 03:31:02,702 INFO  server.RaftServerConfigKeys (ConfUtils.java:logGet(43)) - raft.server.storage.dir = [/workdir/hadoop-ozone/integration-test/target/test-dir/MiniOzoneClusterImpl-15f544e2-cbcb-4b36-b33b-c7f51713c2ca/datanode-0/data/ratis] (custom)
2019-08-16 03:31:02,702 INFO  server.RaftServerConfigKeys (ConfUtils.java:logGet(43)) - raft.server.sleep.deviation.threshold = 300 (default)
2019-08-16 03:31:02,702 INFO  server.RaftServerConfigKeys (ConfUtils.java:logGet(43)) - raft.server.log.appender.install.snapshot.enabled = false (custom)
2019-08-16 03:31:02,702 INFO  impl.RaftServerImpl (ServerState.java:<init>(105)) - cdebeb69-c8d8-4c6e-838e-5fcab217bc63:group-A3B8D7718BAA ConfigurationManager, init=-1: [d09ef4f6-1049-4531-a31d-7b1aaaabfa10:192.168.5.170:33465, 46d44a41-52a2-4384-8ac9-ea51a453f0ed:192.168.5.170:36884, cdebeb69-c8d8-4c6e-838e-5fcab217bc63:192.168.5.170:42155], old=null, confs=<EMPTY_MAP>
2019-08-16 03:31:02,702 INFO  storage.RaftStorageDirectory (RaftStorageDirectory.java:analyzeStorage(246)) - The storage directory /workdir/hadoop-ozone/integration-test/target/test-dir/MiniOzoneClusterImpl-15f544e2-cbcb-4b36-b33b-c7f51713c2ca/datanode-0/data/ratis/e925a6a9-19ad-42d2-a4e7-a3b8d7718baa does not exist. Creating ...
2019-08-16 03:31:02,702 INFO  server.RaftServerConfigKeys (ConfUtils.java:logGet(43)) - raft.server.storage.dir = [/workdir/hadoop-ozone/integration-test/target/test-dir/MiniOzoneClusterImpl-15f544e2-cbcb-4b36-b33b-c7f51713c2ca/datanode-5/data/ratis] (custom)
2019-08-16 03:31:02,703 INFO  storage.RaftStorageDirectory (RaftStorageDirectory.java:analyzeStorage(246)) - The storage directory /workdir/hadoop-ozone/integration-test/target/test-dir/MiniOzoneClusterImpl-15f544e2-cbcb-4b36-b33b-c7f51713c2ca/datanode-5/data/ratis/e925a6a9-19ad-42d2-a4e7-a3b8d7718baa does not exist. Creating ...
2019-08-16 03:31:02,725 INFO  storage.RaftStorageDirectory (RaftStorageDirectory.java:tryLock(328)) - Lock on /workdir/hadoop-ozone/integration-test/target/test-dir/MiniOzoneClusterImpl-15f544e2-cbcb-4b36-b33b-c7f51713c2ca/datanode-4/data/ratis/e925a6a9-19ad-42d2-a4e7-a3b8d7718baa/in_use.lock acquired by nodename 29009@byscane-nightly-5jrvm-589107607
2019-08-16 03:31:02,725 INFO  storage.RaftStorageDirectory (RaftStorageDirectory.java:tryLock(328)) - Lock on /workdir/hadoop-ozone/integration-test/target/test-dir/MiniOzoneClusterImpl-15f544e2-cbcb-4b36-b33b-c7f51713c2ca/datanode-5/data/ratis/e925a6a9-19ad-42d2-a4e7-a3b8d7718baa/in_use.lock acquired by nodename 29009@byscane-nightly-5jrvm-589107607
2019-08-16 03:31:02,725 INFO  storage.RaftStorageDirectory (RaftStorageDirectory.java:tryLock(328)) - Lock on /workdir/hadoop-ozone/integration-test/target/test-dir/MiniOzoneClusterImpl-15f544e2-cbcb-4b36-b33b-c7f51713c2ca/datanode-0/data/ratis/e925a6a9-19ad-42d2-a4e7-a3b8d7718baa/in_use.lock acquired by nodename 29009@byscane-nightly-5jrvm-589107607
2019-08-16 03:31:02,750 INFO  storage.RaftStorage (RaftStorage.java:format(72)) - Storage directory /workdir/hadoop-ozone/integration-test/target/test-dir/MiniOzoneClusterImpl-15f544e2-cbcb-4b36-b33b-c7f51713c2ca/datanode-5/data/ratis/e925a6a9-19ad-42d2-a4e7-a3b8d7718baa has been successfully formatted.
2019-08-16 03:31:02,750 INFO  storage.RaftStorage (RaftStorage.java:format(72)) - Storage directory /workdir/hadoop-ozone/integration-test/target/test-dir/MiniOzoneClusterImpl-15f544e2-cbcb-4b36-b33b-c7f51713c2ca/datanode-4/data/ratis/e925a6a9-19ad-42d2-a4e7-a3b8d7718baa has been successfully formatted.
2019-08-16 03:31:02,750 INFO  storage.RaftStorage (RaftStorage.java:format(72)) - Storage directory /workdir/hadoop-ozone/integration-test/target/test-dir/MiniOzoneClusterImpl-15f544e2-cbcb-4b36-b33b-c7f51713c2ca/datanode-0/data/ratis/e925a6a9-19ad-42d2-a4e7-a3b8d7718baa has been successfully formatted.
2019-08-16 03:31:02,751 INFO  ratis.ContainerStateMachine (ContainerStateMachine.java:loadSnapshot(213)) - group-A3B8D7718BAA: The snapshot info is null. Setting the last applied indexto:(t:0, i:~)
2019-08-16 03:31:02,751 INFO  ratis.ContainerStateMachine (ContainerStateMachine.java:loadSnapshot(213)) - group-A3B8D7718BAA: The snapshot info is null. Setting the last applied indexto:(t:0, i:~)
2019-08-16 03:31:02,751 INFO  server.RaftServerConfigKeys (ConfUtils.java:logGet(43)) - raft.server.leader.election.timeout = 120s (custom)
2019-08-16 03:31:02,751 INFO  ratis.ContainerStateMachine (ContainerStateMachine.java:loadSnapshot(213)) - group-A3B8D7718BAA: The snapshot info is null. Setting the last applied indexto:(t:0, i:~)
2019-08-16 03:31:02,751 INFO  server.RaftServerConfigKeys (ConfUtils.java:logGet(43)) - raft.server.log.use.memory = false (default)
2019-08-16 03:31:02,751 INFO  server.RaftServerConfigKeys (ConfUtils.java:logGet(43)) - raft.server.leader.election.timeout = 120s (custom)
2019-08-16 03:31:02,752 INFO  server.RaftServerConfigKeys (ConfUtils.java:logGet(43)) - raft.server.log.purge.gap = 1000000000 (custom)
2019-08-16 03:31:02,752 INFO  server.RaftServerConfigKeys (ConfUtils.java:logGet(43)) - raft.server.log.appender.buffer.byte-limit = 33554432 (custom)
2019-08-16 03:31:02,752 INFO  server.RaftServerConfigKeys (ConfUtils.java:logGet(43)) - raft.server.leader.election.timeout = 120s (custom)
2019-08-16 03:31:02,752 INFO  server.RaftServerConfigKeys (ConfUtils.java:logGet(43)) - raft.server.log.segment.size.max = 1048576 (custom)
2019-08-16 03:31:02,752 INFO  server.RaftServerConfigKeys (ConfUtils.java:logGet(43)) - raft.server.log.use.memory = false (default)
2019-08-16 03:31:02,753 INFO  server.RaftServerConfigKeys (ConfUtils.java:logGet(43)) - raft.server.log.segment.cache.num.max = 2 (custom)
2019-08-16 03:31:02,752 INFO  server.RaftServerConfigKeys (ConfUtils.java:logGet(43)) - raft.server.log.use.memory = false (default)
2019-08-16 03:31:02,753 INFO  segmented.SegmentedRaftLogWorker (SegmentedRaftLogWorker.java:<init>(172)) - new 46d44a41-52a2-4384-8ac9-ea51a453f0ed-SegmentedRaftLogWorker:Storage Directory /workdir/hadoop-ozone/integration-test/target/test-dir/MiniOzoneClusterImpl-15f544e2-cbcb-4b36-b33b-c7f51713c2ca/datanode-4/data/ratis/e925a6a9-19ad-42d2-a4e7-a3b8d7718baa for RaftStorage:Storage Directory /workdir/hadoop-ozone/integration-test/target/test-dir/MiniOzoneClusterImpl-15f544e2-cbcb-4b36-b33b-c7f51713c2ca/datanode-4/data/ratis/e925a6a9-19ad-42d2-a4e7-a3b8d7718baa
2019-08-16 03:31:02,753 INFO  server.RaftServerConfigKeys (ConfUtils.java:logGet(43)) - raft.server.log.purge.gap = 1000000000 (custom)
2019-08-16 03:31:02,753 INFO  server.RaftServerConfigKeys (ConfUtils.java:logGet(43)) - raft.server.log.queue.byte-limit = 2147483647 (custom)
2019-08-16 03:31:02,753 INFO  server.RaftServerConfigKeys (ConfUtils.java:logGet(43)) - raft.server.log.purge.gap = 1000000000 (custom)
2019-08-16 03:31:02,756 INFO  server.RaftServerConfigKeys (ConfUtils.java:logGet(43)) - raft.server.log.queue.element-limit = 1024 (custom)
2019-08-16 03:31:02,755 INFO  server.RaftServerConfigKeys (ConfUtils.java:logGet(43)) - raft.server.log.appender.buffer.byte-limit = 33554432 (custom)
2019-08-16 03:31:02,756 INFO  server.RaftServerConfigKeys (ConfUtils.java:logGet(43)) - raft.server.log.segment.size.max = 1048576 (custom)
2019-08-16 03:31:02,756 INFO  server.RaftServerConfigKeys (ConfUtils.java:logGet(43)) - raft.server.log.appender.buffer.byte-limit = 33554432 (custom)
2019-08-16 03:31:02,756 INFO  server.RaftServerConfigKeys (ConfUtils.java:logGet(43)) - raft.server.log.preallocated.size = 16384 (custom)
2019-08-16 03:31:02,756 INFO  server.RaftServerConfigKeys (ConfUtils.java:logGet(43)) - raft.server.log.segment.size.max = 1048576 (custom)
2019-08-16 03:31:02,757 INFO  server.RaftServerConfigKeys (ConfUtils.java:logGet(43)) - raft.server.log.write.buffer.size = 33554432 (custom)
2019-08-16 03:31:02,757 INFO  server.RaftServerConfigKeys (ConfUtils.java:logGet(43)) - raft.server.log.segment.size.max = 1048576 (custom)
2019-08-16 03:31:02,757 INFO  server.RaftServerConfigKeys (ConfUtils.java:logGet(43)) - raft.server.log.force.sync.num = 128 (default)
2019-08-16 03:31:02,757 INFO  server.RaftServerConfigKeys (ConfUtils.java:logGet(43)) - raft.server.log.segment.cache.num.max = 2 (custom)
2019-08-16 03:31:02,757 INFO  server.RaftServerConfigKeys (ConfUtils.java:logGet(43)) - raft.server.log.statemachine.data.sync = true (default)
2019-08-16 03:31:02,757 INFO  server.RaftServerConfigKeys (ConfUtils.java:logGet(43)) - raft.server.log.segment.cache.num.max = 2 (custom)
2019-08-16 03:31:02,758 INFO  server.RaftServerConfigKeys (ConfUtils.java:logGet(43)) - raft.server.log.statemachine.data.sync.timeout = 10s (default)
2019-08-16 03:31:02,758 INFO  segmented.SegmentedRaftLogWorker (SegmentedRaftLogWorker.java:<init>(172)) - new cdebeb69-c8d8-4c6e-838e-5fcab217bc63-SegmentedRaftLogWorker:Storage Directory /workdir/hadoop-ozone/integration-test/target/test-dir/MiniOzoneClusterImpl-15f544e2-cbcb-4b36-b33b-c7f51713c2ca/datanode-5/data/ratis/e925a6a9-19ad-42d2-a4e7-a3b8d7718baa for RaftStorage:Storage Directory /workdir/hadoop-ozone/integration-test/target/test-dir/MiniOzoneClusterImpl-15f544e2-cbcb-4b36-b33b-c7f51713c2ca/datanode-5/data/ratis/e925a6a9-19ad-42d2-a4e7-a3b8d7718baa
2019-08-16 03:31:02,758 INFO  server.RaftServerConfigKeys (ConfUtils.java:logGet(43)) - raft.server.log.statemachine.data.sync.timeout.retry = -1 (default)
2019-08-16 03:31:02,758 INFO  segmented.SegmentedRaftLogWorker (SegmentedRaftLogWorker.java:<init>(172)) - new d09ef4f6-1049-4531-a31d-7b1aaaabfa10-SegmentedRaftLogWorker:Storage Directory /workdir/hadoop-ozone/integration-test/target/test-dir/MiniOzoneClusterImpl-15f544e2-cbcb-4b36-b33b-c7f51713c2ca/datanode-0/data/ratis/e925a6a9-19ad-42d2-a4e7-a3b8d7718baa for RaftStorage:Storage Directory /workdir/hadoop-ozone/integration-test/target/test-dir/MiniOzoneClusterImpl-15f544e2-cbcb-4b36-b33b-c7f51713c2ca/datanode-0/data/ratis/e925a6a9-19ad-42d2-a4e7-a3b8d7718baa
2019-08-16 03:31:02,761 INFO  server.RaftServerConfigKeys (ConfUtils.java:logGet(43)) - raft.server.log.statemachine.data.caching.enabled = true (custom)
2019-08-16 03:31:02,758 INFO  server.RaftServerConfigKeys (ConfUtils.java:logGet(43)) - raft.server.log.queue.byte-limit = 2147483647 (custom)
2019-08-16 03:31:02,763 INFO  segmented.SegmentedRaftLogWorker (SegmentedRaftLogWorker.java:lambda$new$0(132)) - 46d44a41-52a2-4384-8ac9-ea51a453f0ed-SegmentedRaftLogWorker:Storage Directory /workdir/hadoop-ozone/integration-test/target/test-dir/MiniOzoneClusterImpl-15f544e2-cbcb-4b36-b33b-c7f51713c2ca/datanode-4/data/ratis/e925a6a9-19ad-42d2-a4e7-a3b8d7718baa: flushIndex: setUnconditionally 0 -> -1
2019-08-16 03:31:02,761 INFO  server.RaftServerConfigKeys (ConfUtils.java:logGet(43)) - raft.server.log.queue.byte-limit = 2147483647 (custom)
2019-08-16 03:31:02,763 INFO  server.RaftServerConfigKeys (ConfUtils.java:logGet(43)) - raft.server.log.queue.element-limit = 1024 (custom)
2019-08-16 03:31:02,763 INFO  server.RaftServerConfigKeys (ConfUtils.java:logGet(43)) - raft.server.log.queue.element-limit = 1024 (custom)
2019-08-16 03:31:02,763 INFO  server.RaftServerConfigKeys (ConfUtils.java:logGet(43)) - raft.server.snapshot.auto.trigger.enabled = true (custom)
2019-08-16 03:31:02,764 INFO  server.RaftServerConfigKeys (ConfUtils.java:logGet(43)) - raft.server.log.segment.size.max = 1048576 (custom)
2019-08-16 03:31:02,764 INFO  server.RaftServerConfigKeys (ConfUtils.java:logGet(43)) - raft.server.log.segment.size.max = 1048576 (custom)
2019-08-16 03:31:02,764 INFO  server.RaftServerConfigKeys (ConfUtils.java:logGet(43)) - raft.server.log.preallocated.size = 16384 (custom)
2019-08-16 03:31:02,764 INFO  server.RaftServerConfigKeys (ConfUtils.java:logGet(43)) - raft.server.snapshot.auto.trigger.threshold = 10000 (custom)
2019-08-16 03:31:02,764 INFO  server.RaftServerConfigKeys (ConfUtils.java:logGet(43)) - raft.server.log.write.buffer.size = 33554432 (custom)
2019-08-16 03:31:02,764 INFO  server.RaftServerConfigKeys (ConfUtils.java:logGet(43)) - raft.server.log.preallocated.size = 16384 (custom)
2019-08-16 03:31:02,765 INFO  server.RaftServerConfigKeys (ConfUtils.java:logGet(43)) - raft.server.log.force.sync.num = 128 (default)
2019-08-16 03:31:02,765 INFO  server.RaftServerConfigKeys (ConfUtils.java:logGet(43)) - raft.server.log.statemachine.data.sync = true (default)
2019-08-16 03:31:02,765 INFO  server.RaftServerConfigKeys (ConfUtils.java:logGet(43)) - raft.server.retrycache.expirytime = 600000ms (custom)
2019-08-16 03:31:02,765 INFO  server.RaftServerConfigKeys (ConfUtils.java:logGet(43)) - raft.server.log.statemachine.data.sync.timeout = 10s (default)
2019-08-16 03:31:02,766 INFO  impl.RaftServerImpl (RaftServerImpl.java:start(180)) - 46d44a41-52a2-4384-8ac9-ea51a453f0ed: start group-A3B8D7718BAA
2019-08-16 03:31:02,765 INFO  server.RaftServerConfigKeys (ConfUtils.java:logGet(43)) - raft.server.log.write.buffer.size = 33554432 (custom)
2019-08-16 03:31:02,766 INFO  impl.RaftServerImpl (RaftServerImpl.java:setRole(171)) - 46d44a41-52a2-4384-8ac9-ea51a453f0ed:group-A3B8D7718BAA changes role from null to FOLLOWER at term 0 for startAsFollower
2019-08-16 03:31:02,766 INFO  server.RaftServerConfigKeys (ConfUtils.java:logGet(43)) - raft.server.log.statemachine.data.sync.timeout.retry = -1 (default)
2019-08-16 03:31:02,766 INFO  impl.RoleInfo (RoleInfo.java:updateAndGet(143)) - 46d44a41-52a2-4384-8ac9-ea51a453f0ed: start FollowerState
2019-08-16 03:31:02,766 INFO  server.RaftServerConfigKeys (ConfUtils.java:logGet(43)) - raft.server.log.statemachine.data.caching.enabled = true (custom)
2019-08-16 03:31:02,766 INFO  server.RaftServerConfigKeys (ConfUtils.java:logGet(43)) - raft.server.log.force.sync.num = 128 (default)
2019-08-16 03:31:02,767 INFO  server.RaftServerConfigKeys (ConfUtils.java:logGet(43)) - raft.server.log.statemachine.data.sync = true (default)
2019-08-16 03:31:02,767 INFO  segmented.SegmentedRaftLogWorker (SegmentedRaftLogWorker.java:lambda$new$0(132)) - d09ef4f6-1049-4531-a31d-7b1aaaabfa10-SegmentedRaftLogWorker:Storage Directory /workdir/hadoop-ozone/integration-test/target/test-dir/MiniOzoneClusterImpl-15f544e2-cbcb-4b36-b33b-c7f51713c2ca/datanode-0/data/ratis/e925a6a9-19ad-42d2-a4e7-a3b8d7718baa: flushIndex: setUnconditionally 0 -> -1
2019-08-16 03:31:02,767 INFO  util.JmxRegister (JmxRegister.java:tryRegister(44)) - Successfully registered JMX Bean with object name Ratis:service=RaftServer,group=group-A3B8D7718BAA,id=46d44a41-52a2-4384-8ac9-ea51a453f0ed
2019-08-16 03:31:02,767 INFO  server.RaftServerConfigKeys (ConfUtils.java:logGet(43)) - raft.server.log.statemachine.data.sync.timeout = 10s (default)
2019-08-16 03:31:02,767 INFO  server.RaftServerConfigKeys (ConfUtils.java:logGet(43)) - raft.server.snapshot.auto.trigger.enabled = true (custom)
2019-08-16 03:31:02,768 INFO  server.RaftServerConfigKeys (ConfUtils.java:logGet(43)) - raft.server.log.statemachine.data.sync.timeout.retry = -1 (default)
2019-08-16 03:31:02,768 INFO  server.RaftServerConfigKeys (ConfUtils.java:logGet(43)) - raft.server.snapshot.auto.trigger.threshold = 10000 (custom)
2019-08-16 03:31:02,768 INFO  server.RaftServerConfigKeys (ConfUtils.java:logGet(43)) - raft.server.log.statemachine.data.caching.enabled = true (custom)
2019-08-16 03:31:02,768 INFO  server.RaftServerConfigKeys (ConfUtils.java:logGet(43)) - raft.server.retrycache.expirytime = 600000ms (custom)
2019-08-16 03:31:02,768 INFO  segmented.SegmentedRaftLogWorker (SegmentedRaftLogWorker.java:lambda$new$0(132)) - cdebeb69-c8d8-4c6e-838e-5fcab217bc63-SegmentedRaftLogWorker:Storage Directory /workdir/hadoop-ozone/integration-test/target/test-dir/MiniOzoneClusterImpl-15f544e2-cbcb-4b36-b33b-c7f51713c2ca/datanode-5/data/ratis/e925a6a9-19ad-42d2-a4e7-a3b8d7718baa: flushIndex: setUnconditionally 0 -> -1
2019-08-16 03:31:02,769 INFO  impl.RaftServerImpl (RaftServerImpl.java:start(180)) - d09ef4f6-1049-4531-a31d-7b1aaaabfa10: start group-A3B8D7718BAA
2019-08-16 03:31:02,769 INFO  impl.RaftServerImpl (RaftServerImpl.java:setRole(171)) - d09ef4f6-1049-4531-a31d-7b1aaaabfa10:group-A3B8D7718BAA changes role from null to FOLLOWER at term 0 for startAsFollower
2019-08-16 03:31:02,769 INFO  server.RaftServerConfigKeys (ConfUtils.java:logGet(43)) - raft.server.snapshot.auto.trigger.enabled = true (custom)
2019-08-16 03:31:02,769 INFO  impl.RoleInfo (RoleInfo.java:updateAndGet(143)) - d09ef4f6-1049-4531-a31d-7b1aaaabfa10: start FollowerState
2019-08-16 03:31:02,771 INFO  server.RaftServerConfigKeys (ConfUtils.java:logGet(43)) - raft.server.snapshot.auto.trigger.threshold = 10000 (custom)
2019-08-16 03:31:02,773 INFO  server.RaftServerConfigKeys (ConfUtils.java:logGet(43)) - raft.server.retrycache.expirytime = 600000ms (custom)
2019-08-16 03:31:02,774 INFO  util.JmxRegister (JmxRegister.java:tryRegister(44)) - Successfully registered JMX Bean with object name Ratis:service=RaftServer,group=group-A3B8D7718BAA,id=d09ef4f6-1049-4531-a31d-7b1aaaabfa10
2019-08-16 03:31:02,774 INFO  impl.RaftServerImpl (RaftServerImpl.java:start(180)) - cdebeb69-c8d8-4c6e-838e-5fcab217bc63: start group-A3B8D7718BAA
2019-08-16 03:31:02,774 INFO  impl.RaftServerImpl (RaftServerImpl.java:setRole(171)) - cdebeb69-c8d8-4c6e-838e-5fcab217bc63:group-A3B8D7718BAA changes role from null to FOLLOWER at term 0 for startAsFollower
2019-08-16 03:31:02,776 INFO  impl.RoleInfo (RoleInfo.java:updateAndGet(143)) - cdebeb69-c8d8-4c6e-838e-5fcab217bc63: start FollowerState
2019-08-16 03:31:02,781 INFO  util.JmxRegister (JmxRegister.java:tryRegister(44)) - Successfully registered JMX Bean with object name Ratis:service=RaftServer,group=group-A3B8D7718BAA,id=cdebeb69-c8d8-4c6e-838e-5fcab217bc63
2019-08-16 03:31:02,800 INFO  pipeline.PipelineStateManager (PipelineStateManager.java:addPipeline(56)) - Created pipeline Pipeline[ Id: e925a6a9-19ad-42d2-a4e7-a3b8d7718baa, Nodes: cdebeb69-c8d8-4c6e-838e-5fcab217bc63{ip: 192.168.5.170, host: byscane-nightly-5jrvm-589107607, networkLocation: /default-rack, certSerialId: null}46d44a41-52a2-4384-8ac9-ea51a453f0ed{ip: 192.168.5.170, host: byscane-nightly-5jrvm-589107607, networkLocation: /default-rack, certSerialId: null}d09ef4f6-1049-4531-a31d-7b1aaaabfa10{ip: 192.168.5.170, host: byscane-nightly-5jrvm-589107607, networkLocation: /default-rack, certSerialId: null}, Type:RATIS, Factor:THREE, State:OPEN]
2019-08-16 03:31:03,193 INFO  ozone.MiniOzoneClusterImpl (MiniOzoneClusterImpl.java:lambda$waitForClusterToBeReady$0(142)) - Cluster is ready. Got 7 of 7 DN Heartbeats.
2019-08-16 03:31:03,541 INFO  rpc.RpcClient (RpcClient.java:createVolume(288)) - Creating Volume: testblockoutputstream, with jenkins1000 as owner.
2019-08-16 03:31:03,603 INFO  rpc.RpcClient (RpcClient.java:createBucket(425)) - Creating Bucket: testblockoutputstream/testblockoutputstream, with Versioning false and Storage Type set to DISK and Encryption set to false 
2019-08-16 03:31:03,624 INFO  impl.MetricsSystemImpl (MetricsSystemImpl.java:init(158)) - XceiverClientMetrics metrics system started (again)
2019-08-16 03:31:03,707 INFO  container.ReplicationManager (ReplicationManager.java:start(152)) - Starting Replication Monitor Thread.
2019-08-16 03:31:03,714 INFO  container.ReplicationManager (ReplicationManager.java:run(215)) - Replication Monitor Thread took 3 milliseconds for processing 1 containers.
2019-08-16 03:31:03,884 INFO  client.GrpcClientProtocolClient (GrpcClientProtocolClient.java:onNext(255)) - client-87460C9C9625->cdebeb69-c8d8-4c6e-838e-5fcab217bc63: receive RaftClientReply:client-87460C9C9625->cdebeb69-c8d8-4c6e-838e-5fcab217bc63@group-A3B8D7718BAA, cid=13, FAILED org.apache.ratis.protocol.NotLeaderException: Server cdebeb69-c8d8-4c6e-838e-5fcab217bc63 is not the leader (null). Request must be sent to leader., logIndex=0, commits[cdebeb69-c8d8-4c6e-838e-5fcab217bc63:c-1]
2019-08-16 03:31:04,931 INFO  client.GrpcClientProtocolClient (GrpcClientProtocolClient.java:onNext(255)) - client-87460C9C9625->46d44a41-52a2-4384-8ac9-ea51a453f0ed: receive RaftClientReply:client-87460C9C9625->46d44a41-52a2-4384-8ac9-ea51a453f0ed@group-A3B8D7718BAA, cid=13, FAILED org.apache.ratis.protocol.NotLeaderException: Server 46d44a41-52a2-4384-8ac9-ea51a453f0ed is not the leader (null). Request must be sent to leader., logIndex=0, commits[46d44a41-52a2-4384-8ac9-ea51a453f0ed:c-1]
2019-08-16 03:31:05,959 INFO  client.GrpcClientProtocolClient (GrpcClientProtocolClient.java:onNext(255)) - client-87460C9C9625->cdebeb69-c8d8-4c6e-838e-5fcab217bc63: receive RaftClientReply:client-87460C9C9625->cdebeb69-c8d8-4c6e-838e-5fcab217bc63@group-A3B8D7718BAA, cid=13, FAILED org.apache.ratis.protocol.NotLeaderException: Server cdebeb69-c8d8-4c6e-838e-5fcab217bc63 is not the leader (null). Request must be sent to leader., logIndex=0, commits[cdebeb69-c8d8-4c6e-838e-5fcab217bc63:c-1]
2019-08-16 03:31:07,016 INFO  client.GrpcClientProtocolClient (GrpcClientProtocolClient.java:onNext(255)) - client-87460C9C9625->46d44a41-52a2-4384-8ac9-ea51a453f0ed: receive RaftClientReply:client-87460C9C9625->46d44a41-52a2-4384-8ac9-ea51a453f0ed@group-A3B8D7718BAA, cid=13, FAILED org.apache.ratis.protocol.NotLeaderException: Server 46d44a41-52a2-4384-8ac9-ea51a453f0ed is not the leader (null). Request must be sent to leader., logIndex=0, commits[46d44a41-52a2-4384-8ac9-ea51a453f0ed:c-1]
2019-08-16 03:31:07,024 INFO  impl.FollowerState (FollowerState.java:run(106)) - d09ef4f6-1049-4531-a31d-7b1aaaabfa10:group-E4F237C14947 changes to CANDIDATE, lastRpcTime:5151, electionTimeout:5150ms
2019-08-16 03:31:07,024 INFO  impl.RoleInfo (RoleInfo.java:shutdownFollowerState(121)) - d09ef4f6-1049-4531-a31d-7b1aaaabfa10: shutdown FollowerState
2019-08-16 03:31:07,024 INFO  impl.RaftServerImpl (RaftServerImpl.java:setRole(171)) - d09ef4f6-1049-4531-a31d-7b1aaaabfa10:group-E4F237C14947 changes role from FOLLOWER to CANDIDATE at term 0 for changeToCandidate
2019-08-16 03:31:07,028 INFO  impl.RoleInfo (RoleInfo.java:updateAndGet(143)) - d09ef4f6-1049-4531-a31d-7b1aaaabfa10: start LeaderElection
2019-08-16 03:31:07,048 INFO  impl.LeaderElection (LeaderElection.java:askForVotes(181)) - d09ef4f6-1049-4531-a31d-7b1aaaabfa10:group-E4F237C14947:LeaderElection1: begin an election at term 1 for -1: [d09ef4f6-1049-4531-a31d-7b1aaaabfa10:192.168.5.170:33465], old=null
2019-08-16 03:31:07,050 INFO  impl.RoleInfo (RoleInfo.java:shutdownLeaderElection(134)) - d09ef4f6-1049-4531-a31d-7b1aaaabfa10: shutdown LeaderElection
2019-08-16 03:31:07,050 INFO  impl.RaftServerImpl (RaftServerImpl.java:setRole(171)) - d09ef4f6-1049-4531-a31d-7b1aaaabfa10:group-E4F237C14947 changes role from CANDIDATE to LEADER at term 1 for changeToLeader
2019-08-16 03:31:07,051 INFO  impl.RaftServerImpl (ServerState.java:setLeader(263)) - d09ef4f6-1049-4531-a31d-7b1aaaabfa10:group-E4F237C14947 change Leader from null to d09ef4f6-1049-4531-a31d-7b1aaaabfa10 at term 1 for becomeLeader, leader elected after 5268ms
2019-08-16 03:31:07,061 INFO  server.RaftServerConfigKeys (ConfUtils.java:logGet(43)) - raft.server.staging.catchup.gap = 1000 (default)
2019-08-16 03:31:07,061 INFO  server.RaftServerConfigKeys (ConfUtils.java:logGet(43)) - raft.server.rpc.sleep.time = 25ms (default)
2019-08-16 03:31:07,065 INFO  server.RaftServerConfigKeys (ConfUtils.java:logGet(43)) - raft.server.write.element-limit = 4096 (default)
2019-08-16 03:31:07,068 INFO  server.RaftServerConfigKeys (ConfUtils.java:logGet(43)) - raft.server.watch.timeout = 10s (default)
2019-08-16 03:31:07,069 INFO  server.RaftServerConfigKeys (ConfUtils.java:logGet(43)) - raft.server.watch.timeout.denomination = 1s (default)
2019-08-16 03:31:07,070 INFO  server.RaftServerConfigKeys (ConfUtils.java:logGet(43)) - raft.server.watch.element-limit = 65536 (default)
2019-08-16 03:31:07,080 INFO  impl.RoleInfo (RoleInfo.java:updateAndGet(143)) - d09ef4f6-1049-4531-a31d-7b1aaaabfa10: start LeaderState
2019-08-16 03:31:07,081 INFO  impl.FollowerState (FollowerState.java:run(106)) - 51cb1f54-fb73-41c6-af18-28702c88289a:group-8D1E2AF0BB63 changes to CANDIDATE, lastRpcTime:5015, electionTimeout:5014ms
2019-08-16 03:31:07,084 INFO  impl.RoleInfo (RoleInfo.java:shutdownFollowerState(121)) - 51cb1f54-fb73-41c6-af18-28702c88289a: shutdown FollowerState
2019-08-16 03:31:07,084 INFO  impl.RaftServerImpl (RaftServerImpl.java:setRole(171)) - 51cb1f54-fb73-41c6-af18-28702c88289a:group-8D1E2AF0BB63 changes role from FOLLOWER to CANDIDATE at term 0 for changeToCandidate
2019-08-16 03:31:07,084 INFO  impl.RoleInfo (RoleInfo.java:updateAndGet(143)) - 51cb1f54-fb73-41c6-af18-28702c88289a: start LeaderElection
2019-08-16 03:31:07,114 INFO  segmented.SegmentedRaftLogWorker (SegmentedRaftLogWorker.java:startLogSegment(380)) - d09ef4f6-1049-4531-a31d-7b1aaaabfa10-SegmentedRaftLogWorker:Storage Directory /workdir/hadoop-ozone/integration-test/target/test-dir/MiniOzoneClusterImpl-15f544e2-cbcb-4b36-b33b-c7f51713c2ca/datanode-0/data/ratis/736a598c-128e-4e9a-9dc2-e4f237c14947: Starting segment from index:0
2019-08-16 03:31:07,115 INFO  impl.LeaderElection (LeaderElection.java:askForVotes(181)) - 51cb1f54-fb73-41c6-af18-28702c88289a:group-8D1E2AF0BB63:LeaderElection2: begin an election at term 1 for -1: [51cb1f54-fb73-41c6-af18-28702c88289a:192.168.5.170:32814], old=null
2019-08-16 03:31:07,118 INFO  impl.RoleInfo (RoleInfo.java:shutdownLeaderElection(134)) - 51cb1f54-fb73-41c6-af18-28702c88289a: shutdown LeaderElection
2019-08-16 03:31:07,118 INFO  impl.RaftServerImpl (RaftServerImpl.java:setRole(171)) - 51cb1f54-fb73-41c6-af18-28702c88289a:group-8D1E2AF0BB63 changes role from CANDIDATE to LEADER at term 1 for changeToLeader
2019-08-16 03:31:07,118 INFO  impl.RaftServerImpl (ServerState.java:setLeader(263)) - 51cb1f54-fb73-41c6-af18-28702c88289a:group-8D1E2AF0BB63 change Leader from null to 51cb1f54-fb73-41c6-af18-28702c88289a at term 1 for becomeLeader, leader elected after 5059ms
2019-08-16 03:31:07,120 INFO  server.RaftServerConfigKeys (ConfUtils.java:logGet(43)) - raft.server.staging.catchup.gap = 1000 (default)
2019-08-16 03:31:07,120 INFO  server.RaftServerConfigKeys (ConfUtils.java:logGet(43)) - raft.server.rpc.sleep.time = 25ms (default)
2019-08-16 03:31:07,121 INFO  server.RaftServerConfigKeys (ConfUtils.java:logGet(43)) - raft.server.write.element-limit = 4096 (default)
2019-08-16 03:31:07,121 INFO  server.RaftServerConfigKeys (ConfUtils.java:logGet(43)) - raft.server.watch.timeout = 10s (default)
2019-08-16 03:31:07,121 INFO  server.RaftServerConfigKeys (ConfUtils.java:logGet(43)) - raft.server.watch.timeout.denomination = 1s (default)
2019-08-16 03:31:07,121 INFO  server.RaftServerConfigKeys (ConfUtils.java:logGet(43)) - raft.server.watch.element-limit = 65536 (default)
2019-08-16 03:31:07,122 INFO  impl.RoleInfo (RoleInfo.java:updateAndGet(143)) - 51cb1f54-fb73-41c6-af18-28702c88289a: start LeaderState
2019-08-16 03:31:07,122 INFO  segmented.SegmentedRaftLogWorker (SegmentedRaftLogWorker.java:startLogSegment(380)) - 51cb1f54-fb73-41c6-af18-28702c88289a-SegmentedRaftLogWorker:Storage Directory /workdir/hadoop-ozone/integration-test/target/test-dir/MiniOzoneClusterImpl-15f544e2-cbcb-4b36-b33b-c7f51713c2ca/datanode-1/data/ratis/120d88f0-171d-4a82-a91a-8d1e2af0bb63: Starting segment from index:0
2019-08-16 03:31:07,128 INFO  impl.RaftServerImpl (ServerState.java:setRaftConf(361)) - d09ef4f6-1049-4531-a31d-7b1aaaabfa10:group-E4F237C14947 set configuration 0: [d09ef4f6-1049-4531-a31d-7b1aaaabfa10:192.168.5.170:33465], old=null at 0
2019-08-16 03:31:07,128 INFO  impl.RaftServerImpl (ServerState.java:setRaftConf(361)) - 51cb1f54-fb73-41c6-af18-28702c88289a:group-8D1E2AF0BB63 set configuration 0: [51cb1f54-fb73-41c6-af18-28702c88289a:192.168.5.170:32814], old=null at 0
2019-08-16 03:31:07,255 INFO  impl.FollowerState (FollowerState.java:run(106)) - 942b18c5-366c-4586-965c-19eb0513ec42:group-2ABA2ECB8CDB changes to CANDIDATE, lastRpcTime:5091, electionTimeout:5091ms
2019-08-16 03:31:07,255 INFO  impl.RoleInfo (RoleInfo.java:shutdownFollowerState(121)) - 942b18c5-366c-4586-965c-19eb0513ec42: shutdown FollowerState
2019-08-16 03:31:07,255 INFO  impl.RaftServerImpl (RaftServerImpl.java:setRole(171)) - 942b18c5-366c-4586-965c-19eb0513ec42:group-2ABA2ECB8CDB changes role from FOLLOWER to CANDIDATE at term 0 for changeToCandidate
2019-08-16 03:31:07,255 INFO  impl.RoleInfo (RoleInfo.java:updateAndGet(143)) - 942b18c5-366c-4586-965c-19eb0513ec42: start LeaderElection
2019-08-16 03:31:07,272 INFO  impl.LeaderElection (LeaderElection.java:askForVotes(181)) - 942b18c5-366c-4586-965c-19eb0513ec42:group-2ABA2ECB8CDB:LeaderElection3: begin an election at term 1 for -1: [942b18c5-366c-4586-965c-19eb0513ec42:192.168.5.170:43588], old=null
2019-08-16 03:31:07,273 INFO  impl.RoleInfo (RoleInfo.java:shutdownLeaderElection(134)) - 942b18c5-366c-4586-965c-19eb0513ec42: shutdown LeaderElection
2019-08-16 03:31:07,273 INFO  impl.RaftServerImpl (RaftServerImpl.java:setRole(171)) - 942b18c5-366c-4586-965c-19eb0513ec42:group-2ABA2ECB8CDB changes role from CANDIDATE to LEADER at term 1 for changeToLeader
2019-08-16 03:31:07,273 INFO  impl.RaftServerImpl (ServerState.java:setLeader(263)) - 942b18c5-366c-4586-965c-19eb0513ec42:group-2ABA2ECB8CDB change Leader from null to 942b18c5-366c-4586-965c-19eb0513ec42 at term 1 for becomeLeader, leader elected after 5115ms
2019-08-16 03:31:07,275 INFO  server.RaftServerConfigKeys (ConfUtils.java:logGet(43)) - raft.server.staging.catchup.gap = 1000 (default)
2019-08-16 03:31:07,275 INFO  server.RaftServerConfigKeys (ConfUtils.java:logGet(43)) - raft.server.rpc.sleep.time = 25ms (default)
2019-08-16 03:31:07,275 INFO  server.RaftServerConfigKeys (ConfUtils.java:logGet(43)) - raft.server.write.element-limit = 4096 (default)
2019-08-16 03:31:07,275 INFO  server.RaftServerConfigKeys (ConfUtils.java:logGet(43)) - raft.server.watch.timeout = 10s (default)
2019-08-16 03:31:07,276 INFO  server.RaftServerConfigKeys (ConfUtils.java:logGet(43)) - raft.server.watch.timeout.denomination = 1s (default)
2019-08-16 03:31:07,276 INFO  server.RaftServerConfigKeys (ConfUtils.java:logGet(43)) - raft.server.watch.element-limit = 65536 (default)
2019-08-16 03:31:07,276 INFO  impl.RoleInfo (RoleInfo.java:updateAndGet(143)) - 942b18c5-366c-4586-965c-19eb0513ec42: start LeaderState
2019-08-16 03:31:07,276 INFO  segmented.SegmentedRaftLogWorker (SegmentedRaftLogWorker.java:startLogSegment(380)) - 942b18c5-366c-4586-965c-19eb0513ec42-SegmentedRaftLogWorker:Storage Directory /workdir/hadoop-ozone/integration-test/target/test-dir/MiniOzoneClusterImpl-15f544e2-cbcb-4b36-b33b-c7f51713c2ca/datanode-3/data/ratis/7e043538-cbde-4f82-a3c8-2aba2ecb8cdb: Starting segment from index:0
2019-08-16 03:31:07,277 INFO  impl.RaftServerImpl (ServerState.java:setRaftConf(361)) - 942b18c5-366c-4586-965c-19eb0513ec42:group-2ABA2ECB8CDB set configuration 0: [942b18c5-366c-4586-965c-19eb0513ec42:192.168.5.170:43588], old=null at 0
2019-08-16 03:31:07,333 INFO  segmented.SegmentedRaftLogWorker (SegmentedRaftLogWorker.java:execute(569)) - 942b18c5-366c-4586-965c-19eb0513ec42-SegmentedRaftLogWorker:Storage Directory /workdir/hadoop-ozone/integration-test/target/test-dir/MiniOzoneClusterImpl-15f544e2-cbcb-4b36-b33b-c7f51713c2ca/datanode-3/data/ratis/7e043538-cbde-4f82-a3c8-2aba2ecb8cdb: created new log segment /workdir/hadoop-ozone/integration-test/target/test-dir/MiniOzoneClusterImpl-15f544e2-cbcb-4b36-b33b-c7f51713c2ca/datanode-3/data/ratis/7e043538-cbde-4f82-a3c8-2aba2ecb8cdb/current/log_inprogress_0
2019-08-16 03:31:07,333 INFO  segmented.SegmentedRaftLogWorker (SegmentedRaftLogWorker.java:execute(569)) - 51cb1f54-fb73-41c6-af18-28702c88289a-SegmentedRaftLogWorker:Storage Directory /workdir/hadoop-ozone/integration-test/target/test-dir/MiniOzoneClusterImpl-15f544e2-cbcb-4b36-b33b-c7f51713c2ca/datanode-1/data/ratis/120d88f0-171d-4a82-a91a-8d1e2af0bb63: created new log segment /workdir/hadoop-ozone/integration-test/target/test-dir/MiniOzoneClusterImpl-15f544e2-cbcb-4b36-b33b-c7f51713c2ca/datanode-1/data/ratis/120d88f0-171d-4a82-a91a-8d1e2af0bb63/current/log_inprogress_0
2019-08-16 03:31:07,333 INFO  segmented.SegmentedRaftLogWorker (SegmentedRaftLogWorker.java:execute(569)) - d09ef4f6-1049-4531-a31d-7b1aaaabfa10-SegmentedRaftLogWorker:Storage Directory /workdir/hadoop-ozone/integration-test/target/test-dir/MiniOzoneClusterImpl-15f544e2-cbcb-4b36-b33b-c7f51713c2ca/datanode-0/data/ratis/736a598c-128e-4e9a-9dc2-e4f237c14947: created new log segment /workdir/hadoop-ozone/integration-test/target/test-dir/MiniOzoneClusterImpl-15f544e2-cbcb-4b36-b33b-c7f51713c2ca/datanode-0/data/ratis/736a598c-128e-4e9a-9dc2-e4f237c14947/current/log_inprogress_0
2019-08-16 03:31:07,428 INFO  impl.FollowerState (FollowerState.java:run(106)) - 46d44a41-52a2-4384-8ac9-ea51a453f0ed:group-1D4C0488C08E changes to CANDIDATE, lastRpcTime:5005, electionTimeout:5005ms
2019-08-16 03:31:07,430 INFO  impl.RoleInfo (RoleInfo.java:shutdownFollowerState(121)) - 46d44a41-52a2-4384-8ac9-ea51a453f0ed: shutdown FollowerState
2019-08-16 03:31:07,430 INFO  impl.RaftServerImpl (RaftServerImpl.java:setRole(171)) - 46d44a41-52a2-4384-8ac9-ea51a453f0ed:group-1D4C0488C08E changes role from FOLLOWER to CANDIDATE at term 0 for changeToCandidate
2019-08-16 03:31:07,431 INFO  impl.RoleInfo (RoleInfo.java:updateAndGet(143)) - 46d44a41-52a2-4384-8ac9-ea51a453f0ed: start LeaderElection
2019-08-16 03:31:07,442 INFO  impl.FollowerState (FollowerState.java:run(106)) - cdebeb69-c8d8-4c6e-838e-5fcab217bc63:group-45A08920DF07 changes to CANDIDATE, lastRpcTime:5194, electionTimeout:5194ms
2019-08-16 03:31:07,444 INFO  impl.RoleInfo (RoleInfo.java:shutdownFollowerState(121)) - cdebeb69-c8d8-4c6e-838e-5fcab217bc63: shutdown FollowerState
2019-08-16 03:31:07,444 INFO  impl.RaftServerImpl (RaftServerImpl.java:setRole(171)) - cdebeb69-c8d8-4c6e-838e-5fcab217bc63:group-45A08920DF07 changes role from FOLLOWER to CANDIDATE at term 0 for changeToCandidate
2019-08-16 03:31:07,444 INFO  impl.RoleInfo (RoleInfo.java:updateAndGet(143)) - cdebeb69-c8d8-4c6e-838e-5fcab217bc63: start LeaderElection
2019-08-16 03:31:07,450 INFO  impl.LeaderElection (LeaderElection.java:askForVotes(181)) - 46d44a41-52a2-4384-8ac9-ea51a453f0ed:group-1D4C0488C08E:LeaderElection4: begin an election at term 1 for -1: [46d44a41-52a2-4384-8ac9-ea51a453f0ed:192.168.5.170:36884], old=null
2019-08-16 03:31:07,450 INFO  impl.RoleInfo (RoleInfo.java:shutdownLeaderElection(134)) - 46d44a41-52a2-4384-8ac9-ea51a453f0ed: shutdown LeaderElection
2019-08-16 03:31:07,450 INFO  impl.RaftServerImpl (RaftServerImpl.java:setRole(171)) - 46d44a41-52a2-4384-8ac9-ea51a453f0ed:group-1D4C0488C08E changes role from CANDIDATE to LEADER at term 1 for changeToLeader
2019-08-16 03:31:07,450 INFO  impl.RaftServerImpl (ServerState.java:setLeader(263)) - 46d44a41-52a2-4384-8ac9-ea51a453f0ed:group-1D4C0488C08E change Leader from null to 46d44a41-52a2-4384-8ac9-ea51a453f0ed at term 1 for becomeLeader, leader elected after 5033ms
2019-08-16 03:31:07,452 INFO  server.RaftServerConfigKeys (ConfUtils.java:logGet(43)) - raft.server.staging.catchup.gap = 1000 (default)
2019-08-16 03:31:07,452 INFO  server.RaftServerConfigKeys (ConfUtils.java:logGet(43)) - raft.server.rpc.sleep.time = 25ms (default)
2019-08-16 03:31:07,453 INFO  server.RaftServerConfigKeys (ConfUtils.java:logGet(43)) - raft.server.write.element-limit = 4096 (default)
2019-08-16 03:31:07,453 INFO  server.RaftServerConfigKeys (ConfUtils.java:logGet(43)) - raft.server.watch.timeout = 10s (default)
2019-08-16 03:31:07,453 INFO  server.RaftServerConfigKeys (ConfUtils.java:logGet(43)) - raft.server.watch.timeout.denomination = 1s (default)
2019-08-16 03:31:07,453 INFO  server.RaftServerConfigKeys (ConfUtils.java:logGet(43)) - raft.server.watch.element-limit = 65536 (default)
2019-08-16 03:31:07,454 INFO  impl.RoleInfo (RoleInfo.java:updateAndGet(143)) - 46d44a41-52a2-4384-8ac9-ea51a453f0ed: start LeaderState
2019-08-16 03:31:07,454 INFO  segmented.SegmentedRaftLogWorker (SegmentedRaftLogWorker.java:startLogSegment(380)) - 46d44a41-52a2-4384-8ac9-ea51a453f0ed-SegmentedRaftLogWorker:Storage Directory /workdir/hadoop-ozone/integration-test/target/test-dir/MiniOzoneClusterImpl-15f544e2-cbcb-4b36-b33b-c7f51713c2ca/datanode-4/data/ratis/561fa39e-f790-44c1-918d-1d4c0488c08e: Starting segment from index:0
2019-08-16 03:31:07,454 INFO  impl.RaftServerImpl (ServerState.java:setRaftConf(361)) - 46d44a41-52a2-4384-8ac9-ea51a453f0ed:group-1D4C0488C08E set configuration 0: [46d44a41-52a2-4384-8ac9-ea51a453f0ed:192.168.5.170:36884], old=null at 0
2019-08-16 03:31:07,498 INFO  impl.FollowerState (FollowerState.java:run(106)) - 75a6d948-9799-4e38-bb4d-0bcbb68a8180:group-EA16F7028696 changes to CANDIDATE, lastRpcTime:5153, electionTimeout:5136ms
2019-08-16 03:31:07,498 INFO  impl.LeaderElection (LeaderElection.java:askForVotes(181)) - cdebeb69-c8d8-4c6e-838e-5fcab217bc63:group-45A08920DF07:LeaderElection5: begin an election at term 1 for -1: [cdebeb69-c8d8-4c6e-838e-5fcab217bc63:192.168.5.170:42155], old=null
2019-08-16 03:31:07,499 INFO  impl.RoleInfo (RoleInfo.java:shutdownFollowerState(121)) - 75a6d948-9799-4e38-bb4d-0bcbb68a8180: shutdown FollowerState
2019-08-16 03:31:07,499 INFO  impl.RoleInfo (RoleInfo.java:shutdownLeaderElection(134)) - cdebeb69-c8d8-4c6e-838e-5fcab217bc63: shutdown LeaderElection
2019-08-16 03:31:07,499 INFO  impl.RaftServerImpl (RaftServerImpl.java:setRole(171)) - 75a6d948-9799-4e38-bb4d-0bcbb68a8180:group-EA16F7028696 changes role from FOLLOWER to CANDIDATE at term 0 for changeToCandidate
2019-08-16 03:31:07,499 INFO  impl.RaftServerImpl (RaftServerImpl.java:setRole(171)) - cdebeb69-c8d8-4c6e-838e-5fcab217bc63:group-45A08920DF07 changes role from CANDIDATE to LEADER at term 1 for changeToLeader
2019-08-16 03:31:07,499 INFO  impl.RaftServerImpl (ServerState.java:setLeader(263)) - cdebeb69-c8d8-4c6e-838e-5fcab217bc63:group-45A08920DF07 change Leader from null to cdebeb69-c8d8-4c6e-838e-5fcab217bc63 at term 1 for becomeLeader, leader elected after 5257ms
2019-08-16 03:31:07,499 INFO  impl.RoleInfo (RoleInfo.java:updateAndGet(143)) - 75a6d948-9799-4e38-bb4d-0bcbb68a8180: start LeaderElection
2019-08-16 03:31:07,503 INFO  server.RaftServerConfigKeys (ConfUtils.java:logGet(43)) - raft.server.staging.catchup.gap = 1000 (default)
2019-08-16 03:31:07,509 INFO  server.RaftServerConfigKeys (ConfUtils.java:logGet(43)) - raft.server.rpc.sleep.time = 25ms (default)
2019-08-16 03:31:07,510 INFO  server.RaftServerConfigKeys (ConfUtils.java:logGet(43)) - raft.server.write.element-limit = 4096 (default)
2019-08-16 03:31:07,510 INFO  server.RaftServerConfigKeys (ConfUtils.java:logGet(43)) - raft.server.watch.timeout = 10s (default)
2019-08-16 03:31:07,510 INFO  server.RaftServerConfigKeys (ConfUtils.java:logGet(43)) - raft.server.watch.timeout.denomination = 1s (default)
2019-08-16 03:31:07,510 INFO  server.RaftServerConfigKeys (ConfUtils.java:logGet(43)) - raft.server.watch.element-limit = 65536 (default)
2019-08-16 03:31:07,511 INFO  impl.RoleInfo (RoleInfo.java:updateAndGet(143)) - cdebeb69-c8d8-4c6e-838e-5fcab217bc63: start LeaderState
2019-08-16 03:31:07,511 INFO  segmented.SegmentedRaftLogWorker (SegmentedRaftLogWorker.java:startLogSegment(380)) - cdebeb69-c8d8-4c6e-838e-5fcab217bc63-SegmentedRaftLogWorker:Storage Directory /workdir/hadoop-ozone/integration-test/target/test-dir/MiniOzoneClusterImpl-15f544e2-cbcb-4b36-b33b-c7f51713c2ca/datanode-5/data/ratis/d85f8ae8-ccc9-46fc-9e64-45a08920df07: Starting segment from index:0
2019-08-16 03:31:07,512 INFO  impl.RaftServerImpl (ServerState.java:setRaftConf(361)) - cdebeb69-c8d8-4c6e-838e-5fcab217bc63:group-45A08920DF07 set configuration 0: [cdebeb69-c8d8-4c6e-838e-5fcab217bc63:192.168.5.170:42155], old=null at 0
2019-08-16 03:31:07,549 INFO  segmented.SegmentedRaftLogWorker (SegmentedRaftLogWorker.java:execute(569)) - 46d44a41-52a2-4384-8ac9-ea51a453f0ed-SegmentedRaftLogWorker:Storage Directory /workdir/hadoop-ozone/integration-test/target/test-dir/MiniOzoneClusterImpl-15f544e2-cbcb-4b36-b33b-c7f51713c2ca/datanode-4/data/ratis/561fa39e-f790-44c1-918d-1d4c0488c08e: created new log segment /workdir/hadoop-ozone/integration-test/target/test-dir/MiniOzoneClusterImpl-15f544e2-cbcb-4b36-b33b-c7f51713c2ca/datanode-4/data/ratis/561fa39e-f790-44c1-918d-1d4c0488c08e/current/log_inprogress_0
2019-08-16 03:31:07,550 INFO  impl.LeaderElection (LeaderElection.java:askForVotes(181)) - 75a6d948-9799-4e38-bb4d-0bcbb68a8180:group-EA16F7028696:LeaderElection6: begin an election at term 1 for -1: [75a6d948-9799-4e38-bb4d-0bcbb68a8180:192.168.5.170:33463], old=null
2019-08-16 03:31:07,550 INFO  impl.RoleInfo (RoleInfo.java:shutdownLeaderElection(134)) - 75a6d948-9799-4e38-bb4d-0bcbb68a8180: shutdown LeaderElection
2019-08-16 03:31:07,550 INFO  impl.RaftServerImpl (RaftServerImpl.java:setRole(171)) - 75a6d948-9799-4e38-bb4d-0bcbb68a8180:group-EA16F7028696 changes role from CANDIDATE to LEADER at term 1 for changeToLeader
2019-08-16 03:31:07,550 INFO  impl.RaftServerImpl (ServerState.java:setLeader(263)) - 75a6d948-9799-4e38-bb4d-0bcbb68a8180:group-EA16F7028696 change Leader from null to 75a6d948-9799-4e38-bb4d-0bcbb68a8180 at term 1 for becomeLeader, leader elected after 5211ms
2019-08-16 03:31:07,553 INFO  server.RaftServerConfigKeys (ConfUtils.java:logGet(43)) - raft.server.staging.catchup.gap = 1000 (default)
2019-08-16 03:31:07,553 INFO  server.RaftServerConfigKeys (ConfUtils.java:logGet(43)) - raft.server.rpc.sleep.time = 25ms (default)
2019-08-16 03:31:07,553 INFO  server.RaftServerConfigKeys (ConfUtils.java:logGet(43)) - raft.server.write.element-limit = 4096 (default)
2019-08-16 03:31:07,553 INFO  server.RaftServerConfigKeys (ConfUtils.java:logGet(43)) - raft.server.watch.timeout = 10s (default)
2019-08-16 03:31:07,554 INFO  server.RaftServerConfigKeys (ConfUtils.java:logGet(43)) - raft.server.watch.timeout.denomination = 1s (default)
2019-08-16 03:31:07,554 INFO  server.RaftServerConfigKeys (ConfUtils.java:logGet(43)) - raft.server.watch.element-limit = 65536 (default)
2019-08-16 03:31:07,554 INFO  impl.RoleInfo (RoleInfo.java:updateAndGet(143)) - 75a6d948-9799-4e38-bb4d-0bcbb68a8180: start LeaderState
2019-08-16 03:31:07,554 INFO  segmented.SegmentedRaftLogWorker (SegmentedRaftLogWorker.java:startLogSegment(380)) - 75a6d948-9799-4e38-bb4d-0bcbb68a8180-SegmentedRaftLogWorker:Storage Directory /workdir/hadoop-ozone/integration-test/target/test-dir/MiniOzoneClusterImpl-15f544e2-cbcb-4b36-b33b-c7f51713c2ca/datanode-6/data/ratis/d8be528b-a57d-4d5b-bbdf-ea16f7028696: Starting segment from index:0
2019-08-16 03:31:07,555 INFO  impl.RaftServerImpl (ServerState.java:setRaftConf(361)) - 75a6d948-9799-4e38-bb4d-0bcbb68a8180:group-EA16F7028696 set configuration 0: [75a6d948-9799-4e38-bb4d-0bcbb68a8180:192.168.5.170:33463], old=null at 0
2019-08-16 03:31:07,585 INFO  segmented.SegmentedRaftLogWorker (SegmentedRaftLogWorker.java:execute(569)) - cdebeb69-c8d8-4c6e-838e-5fcab217bc63-SegmentedRaftLogWorker:Storage Directory /workdir/hadoop-ozone/integration-test/target/test-dir/MiniOzoneClusterImpl-15f544e2-cbcb-4b36-b33b-c7f51713c2ca/datanode-5/data/ratis/d85f8ae8-ccc9-46fc-9e64-45a08920df07: created new log segment /workdir/hadoop-ozone/integration-test/target/test-dir/MiniOzoneClusterImpl-15f544e2-cbcb-4b36-b33b-c7f51713c2ca/datanode-5/data/ratis/d85f8ae8-ccc9-46fc-9e64-45a08920df07/current/log_inprogress_0
2019-08-16 03:31:07,612 INFO  segmented.SegmentedRaftLogWorker (SegmentedRaftLogWorker.java:execute(569)) - 75a6d948-9799-4e38-bb4d-0bcbb68a8180-SegmentedRaftLogWorker:Storage Directory /workdir/hadoop-ozone/integration-test/target/test-dir/MiniOzoneClusterImpl-15f544e2-cbcb-4b36-b33b-c7f51713c2ca/datanode-6/data/ratis/d8be528b-a57d-4d5b-bbdf-ea16f7028696: created new log segment /workdir/hadoop-ozone/integration-test/target/test-dir/MiniOzoneClusterImpl-15f544e2-cbcb-4b36-b33b-c7f51713c2ca/datanode-6/data/ratis/d8be528b-a57d-4d5b-bbdf-ea16f7028696/current/log_inprogress_0
2019-08-16 03:31:07,634 INFO  impl.FollowerState (FollowerState.java:run(106)) - edcc681a-7683-47ce-b7a4-4b456e457053:group-3FACF9259635 changes to CANDIDATE, lastRpcTime:5147, electionTimeout:5146ms
2019-08-16 03:31:07,651 INFO  impl.RoleInfo (RoleInfo.java:shutdownFollowerState(121)) - edcc681a-7683-47ce-b7a4-4b456e457053: shutdown FollowerState
2019-08-16 03:31:07,651 INFO  impl.RaftServerImpl (RaftServerImpl.java:setRole(171)) - edcc681a-7683-47ce-b7a4-4b456e457053:group-3FACF9259635 changes role from FOLLOWER to CANDIDATE at term 0 for changeToCandidate
2019-08-16 03:31:07,652 INFO  impl.FollowerState (FollowerState.java:run(106)) - 75a6d948-9799-4e38-bb4d-0bcbb68a8180:group-B868EF335BC7 changes to CANDIDATE, lastRpcTime:5037, electionTimeout:5022ms
2019-08-16 03:31:07,654 INFO  impl.RoleInfo (RoleInfo.java:updateAndGet(143)) - edcc681a-7683-47ce-b7a4-4b456e457053: start LeaderElection
2019-08-16 03:31:07,652 INFO  impl.FollowerState (FollowerState.java:run(106)) - 942b18c5-366c-4586-965c-19eb0513ec42:group-B868EF335BC7 changes to CANDIDATE, lastRpcTime:5033, electionTimeout:5015ms
2019-08-16 03:31:07,654 INFO  impl.RoleInfo (RoleInfo.java:shutdownFollowerState(121)) - 75a6d948-9799-4e38-bb4d-0bcbb68a8180: shutdown FollowerState
2019-08-16 03:31:07,654 INFO  impl.RoleInfo (RoleInfo.java:shutdownFollowerState(121)) - 942b18c5-366c-4586-965c-19eb0513ec42: shutdown FollowerState
2019-08-16 03:31:07,660 INFO  impl.RaftServerImpl (RaftServerImpl.java:setRole(171)) - 75a6d948-9799-4e38-bb4d-0bcbb68a8180:group-B868EF335BC7 changes role from FOLLOWER to CANDIDATE at term 0 for changeToCandidate
2019-08-16 03:31:07,660 INFO  impl.RaftServerImpl (RaftServerImpl.java:setRole(171)) - 942b18c5-366c-4586-965c-19eb0513ec42:group-B868EF335BC7 changes role from FOLLOWER to CANDIDATE at term 0 for changeToCandidate
2019-08-16 03:31:07,660 INFO  impl.RoleInfo (RoleInfo.java:updateAndGet(143)) - 75a6d948-9799-4e38-bb4d-0bcbb68a8180: start LeaderElection
2019-08-16 03:31:07,660 INFO  impl.RoleInfo (RoleInfo.java:updateAndGet(143)) - 942b18c5-366c-4586-965c-19eb0513ec42: start LeaderElection
2019-08-16 03:31:07,674 INFO  impl.LeaderElection (LeaderElection.java:askForVotes(181)) - edcc681a-7683-47ce-b7a4-4b456e457053:group-3FACF9259635:LeaderElection7: begin an election at term 1 for -1: [edcc681a-7683-47ce-b7a4-4b456e457053:192.168.5.170:44517], old=null
2019-08-16 03:31:07,674 INFO  impl.LeaderElection (LeaderElection.java:askForVotes(181)) - 75a6d948-9799-4e38-bb4d-0bcbb68a8180:group-B868EF335BC7:LeaderElection8: begin an election at term 1 for -1: [942b18c5-366c-4586-965c-19eb0513ec42:192.168.5.170:43588, 75a6d948-9799-4e38-bb4d-0bcbb68a8180:192.168.5.170:33463, 51cb1f54-fb73-41c6-af18-28702c88289a:192.168.5.170:32814], old=null
2019-08-16 03:31:07,674 INFO  impl.RoleInfo (RoleInfo.java:shutdownLeaderElection(134)) - edcc681a-7683-47ce-b7a4-4b456e457053: shutdown LeaderElection
2019-08-16 03:31:07,674 INFO  impl.LeaderElection (LeaderElection.java:askForVotes(181)) - 942b18c5-366c-4586-965c-19eb0513ec42:group-B868EF335BC7:LeaderElection9: begin an election at term 1 for -1: [942b18c5-366c-4586-965c-19eb0513ec42:192.168.5.170:43588, 75a6d948-9799-4e38-bb4d-0bcbb68a8180:192.168.5.170:33463, 51cb1f54-fb73-41c6-af18-28702c88289a:192.168.5.170:32814], old=null
2019-08-16 03:31:07,674 INFO  impl.RaftServerImpl (RaftServerImpl.java:setRole(171)) - edcc681a-7683-47ce-b7a4-4b456e457053:group-3FACF9259635 changes role from CANDIDATE to LEADER at term 1 for changeToLeader
2019-08-16 03:31:07,674 INFO  impl.RaftServerImpl (ServerState.java:setLeader(263)) - edcc681a-7683-47ce-b7a4-4b456e457053:group-3FACF9259635 change Leader from null to edcc681a-7683-47ce-b7a4-4b456e457053 at term 1 for becomeLeader, leader elected after 5193ms
2019-08-16 03:31:07,676 INFO  server.RaftServerConfigKeys (ConfUtils.java:logGet(43)) - raft.server.staging.catchup.gap = 1000 (default)
2019-08-16 03:31:07,676 INFO  server.RaftServerConfigKeys (ConfUtils.java:logGet(43)) - raft.server.rpc.sleep.time = 25ms (default)
2019-08-16 03:31:07,677 INFO  server.RaftServerConfigKeys (ConfUtils.java:logGet(43)) - raft.server.write.element-limit = 4096 (default)
2019-08-16 03:31:07,677 INFO  server.RaftServerConfigKeys (ConfUtils.java:logGet(43)) - raft.server.watch.timeout = 10s (default)
2019-08-16 03:31:07,677 INFO  server.RaftServerConfigKeys (ConfUtils.java:logGet(43)) - raft.server.watch.timeout.denomination = 1s (default)
2019-08-16 03:31:07,677 INFO  server.RaftServerConfigKeys (ConfUtils.java:logGet(43)) - raft.server.watch.element-limit = 65536 (default)
2019-08-16 03:31:07,677 INFO  impl.RoleInfo (RoleInfo.java:updateAndGet(143)) - edcc681a-7683-47ce-b7a4-4b456e457053: start LeaderState
2019-08-16 03:31:07,678 INFO  segmented.SegmentedRaftLogWorker (SegmentedRaftLogWorker.java:startLogSegment(380)) - edcc681a-7683-47ce-b7a4-4b456e457053-SegmentedRaftLogWorker:Storage Directory /workdir/hadoop-ozone/integration-test/target/test-dir/MiniOzoneClusterImpl-15f544e2-cbcb-4b36-b33b-c7f51713c2ca/datanode-2/data/ratis/8aa099a8-d0c1-4225-b835-3facf9259635: Starting segment from index:0
2019-08-16 03:31:07,678 INFO  impl.RaftServerImpl (ServerState.java:setRaftConf(361)) - edcc681a-7683-47ce-b7a4-4b456e457053:group-3FACF9259635 set configuration 0: [edcc681a-7683-47ce-b7a4-4b456e457053:192.168.5.170:44517], old=null at 0
2019-08-16 03:31:07,722 INFO  segmented.SegmentedRaftLogWorker (SegmentedRaftLogWorker.java:execute(569)) - edcc681a-7683-47ce-b7a4-4b456e457053-SegmentedRaftLogWorker:Storage Directory /workdir/hadoop-ozone/integration-test/target/test-dir/MiniOzoneClusterImpl-15f544e2-cbcb-4b36-b33b-c7f51713c2ca/datanode-2/data/ratis/8aa099a8-d0c1-4225-b835-3facf9259635: created new log segment /workdir/hadoop-ozone/integration-test/target/test-dir/MiniOzoneClusterImpl-15f544e2-cbcb-4b36-b33b-c7f51713c2ca/datanode-2/data/ratis/8aa099a8-d0c1-4225-b835-3facf9259635/current/log_inprogress_0
2019-08-16 03:31:07,742 INFO  impl.FollowerState (FollowerState.java:run(106)) - 51cb1f54-fb73-41c6-af18-28702c88289a:group-B868EF335BC7 changes to CANDIDATE, lastRpcTime:5124, electionTimeout:5118ms
2019-08-16 03:31:07,742 INFO  impl.RoleInfo (RoleInfo.java:shutdownFollowerState(121)) - 51cb1f54-fb73-41c6-af18-28702c88289a: shutdown FollowerState
2019-08-16 03:31:07,742 INFO  impl.RaftServerImpl (RaftServerImpl.java:setRole(171)) - 51cb1f54-fb73-41c6-af18-28702c88289a:group-B868EF335BC7 changes role from FOLLOWER to CANDIDATE at term 0 for changeToCandidate
2019-08-16 03:31:07,744 INFO  impl.RoleInfo (RoleInfo.java:updateAndGet(143)) - 51cb1f54-fb73-41c6-af18-28702c88289a: start LeaderElection
2019-08-16 03:31:07,746 INFO  impl.RaftServerImpl (RaftServerImpl.java:setRole(171)) - 51cb1f54-fb73-41c6-af18-28702c88289a:group-B868EF335BC7 changes role from CANDIDATE to FOLLOWER at term 1 for recognizeCandidate:942b18c5-366c-4586-965c-19eb0513ec42
2019-08-16 03:31:07,749 INFO  impl.RoleInfo (RoleInfo.java:shutdownLeaderElection(134)) - 51cb1f54-fb73-41c6-af18-28702c88289a: shutdown LeaderElection
2019-08-16 03:31:07,749 INFO  impl.RoleInfo (RoleInfo.java:updateAndGet(143)) - 51cb1f54-fb73-41c6-af18-28702c88289a: start FollowerState
2019-08-16 03:31:07,762 INFO  impl.RaftServerImpl (RaftServerImpl.java:setRole(171)) - 51cb1f54-fb73-41c6-af18-28702c88289a:group-B868EF335BC7 changes role from FOLLOWER to FOLLOWER at term 1 for recognizeCandidate:75a6d948-9799-4e38-bb4d-0bcbb68a8180
2019-08-16 03:31:07,763 INFO  impl.RoleInfo (RoleInfo.java:shutdownFollowerState(121)) - 51cb1f54-fb73-41c6-af18-28702c88289a: shutdown FollowerState
2019-08-16 03:31:07,763 INFO  impl.RoleInfo (RoleInfo.java:updateAndGet(143)) - 51cb1f54-fb73-41c6-af18-28702c88289a: start FollowerState
2019-08-16 03:31:07,763 INFO  impl.FollowerState (FollowerState.java:run(114)) - 51cb1f54-fb73-41c6-af18-28702c88289a: FollowerState was interrupted: java.lang.InterruptedException: sleep interrupted
2019-08-16 03:31:07,777 INFO  impl.LeaderElection (LeaderElection.java:logAndReturn(56)) - 942b18c5-366c-4586-965c-19eb0513ec42:group-B868EF335BC7:LeaderElection9: Election REJECTED; received 2 response(s) [942b18c5-366c-4586-965c-19eb0513ec42<-75a6d948-9799-4e38-bb4d-0bcbb68a8180#0:FAIL-t1, 942b18c5-366c-4586-965c-19eb0513ec42<-51cb1f54-fb73-41c6-af18-28702c88289a#0:FAIL-t1] and 0 exception(s); 942b18c5-366c-4586-965c-19eb0513ec42:t1, leader=null, voted=942b18c5-366c-4586-965c-19eb0513ec42, raftlog=942b18c5-366c-4586-965c-19eb0513ec42-SegmentedRaftLog:OPENED:c-1,f-1,i0, conf=-1: [942b18c5-366c-4586-965c-19eb0513ec42:192.168.5.170:43588, 75a6d948-9799-4e38-bb4d-0bcbb68a8180:192.168.5.170:33463, 51cb1f54-fb73-41c6-af18-28702c88289a:192.168.5.170:32814], old=null
2019-08-16 03:31:07,777 INFO  impl.RaftServerImpl (RaftServerImpl.java:setRole(171)) - 942b18c5-366c-4586-965c-19eb0513ec42:group-B868EF335BC7 changes role from CANDIDATE to FOLLOWER at term 1 for DISCOVERED_A_NEW_TERM
2019-08-16 03:31:07,777 INFO  impl.RoleInfo (RoleInfo.java:shutdownLeaderElection(134)) - 942b18c5-366c-4586-965c-19eb0513ec42: shutdown LeaderElection
2019-08-16 03:31:07,777 INFO  impl.RoleInfo (RoleInfo.java:updateAndGet(143)) - 942b18c5-366c-4586-965c-19eb0513ec42: start FollowerState
2019-08-16 03:31:07,791 INFO  impl.LeaderElection (LeaderElection.java:logAndReturn(56)) - 75a6d948-9799-4e38-bb4d-0bcbb68a8180:group-B868EF335BC7:LeaderElection8: Election PASSED; received 2 response(s) [75a6d948-9799-4e38-bb4d-0bcbb68a8180<-942b18c5-366c-4586-965c-19eb0513ec42#0:FAIL-t1, 75a6d948-9799-4e38-bb4d-0bcbb68a8180<-51cb1f54-fb73-41c6-af18-28702c88289a#0:OK-t1] and 0 exception(s); 75a6d948-9799-4e38-bb4d-0bcbb68a8180:t1, leader=null, voted=75a6d948-9799-4e38-bb4d-0bcbb68a8180, raftlog=75a6d948-9799-4e38-bb4d-0bcbb68a8180-SegmentedRaftLog:OPENED:c-1,f-1,i0, conf=-1: [942b18c5-366c-4586-965c-19eb0513ec42:192.168.5.170:43588, 75a6d948-9799-4e38-bb4d-0bcbb68a8180:192.168.5.170:33463, 51cb1f54-fb73-41c6-af18-28702c88289a:192.168.5.170:32814], old=null
2019-08-16 03:31:07,793 INFO  impl.RoleInfo (RoleInfo.java:shutdownLeaderElection(134)) - 75a6d948-9799-4e38-bb4d-0bcbb68a8180: shutdown LeaderElection
2019-08-16 03:31:07,796 INFO  impl.RaftServerImpl (RaftServerImpl.java:setRole(171)) - 75a6d948-9799-4e38-bb4d-0bcbb68a8180:group-B868EF335BC7 changes role from CANDIDATE to LEADER at term 1 for changeToLeader
2019-08-16 03:31:07,796 INFO  impl.FollowerState (FollowerState.java:run(106)) - cdebeb69-c8d8-4c6e-838e-5fcab217bc63:group-A3B8D7718BAA changes to CANDIDATE, lastRpcTime:5020, electionTimeout:5014ms
2019-08-16 03:31:07,798 INFO  impl.RoleInfo (RoleInfo.java:shutdownFollowerState(121)) - cdebeb69-c8d8-4c6e-838e-5fcab217bc63: shutdown FollowerState
2019-08-16 03:31:07,797 INFO  impl.RaftServerImpl (ServerState.java:setLeader(263)) - 75a6d948-9799-4e38-bb4d-0bcbb68a8180:group-B868EF335BC7 change Leader from null to 75a6d948-9799-4e38-bb4d-0bcbb68a8180 at term 1 for becomeLeader, leader elected after 5196ms
2019-08-16 03:31:07,798 INFO  impl.RaftServerImpl (RaftServerImpl.java:setRole(171)) - cdebeb69-c8d8-4c6e-838e-5fcab217bc63:group-A3B8D7718BAA changes role from FOLLOWER to CANDIDATE at term 0 for changeToCandidate
2019-08-16 03:31:07,799 INFO  server.RaftServerConfigKeys (ConfUtils.java:logGet(43)) - raft.server.staging.catchup.gap = 1000 (default)
2019-08-16 03:31:07,799 INFO  impl.RoleInfo (RoleInfo.java:updateAndGet(143)) - cdebeb69-c8d8-4c6e-838e-5fcab217bc63: start LeaderElection
2019-08-16 03:31:07,799 INFO  server.RaftServerConfigKeys (ConfUtils.java:logGet(43)) - raft.server.rpc.sleep.time = 25ms (default)
2019-08-16 03:31:07,799 INFO  server.RaftServerConfigKeys (ConfUtils.java:logGet(43)) - raft.server.write.element-limit = 4096 (default)
2019-08-16 03:31:07,803 INFO  impl.LeaderElection (LeaderElection.java:askForVotes(181)) - 51cb1f54-fb73-41c6-af18-28702c88289a:group-B868EF335BC7:LeaderElection10: begin an election at term 2 for -1: [942b18c5-366c-4586-965c-19eb0513ec42:192.168.5.170:43588, 75a6d948-9799-4e38-bb4d-0bcbb68a8180:192.168.5.170:33463, 51cb1f54-fb73-41c6-af18-28702c88289a:192.168.5.170:32814], old=null
2019-08-16 03:31:07,803 INFO  server.RaftServerConfigKeys (ConfUtils.java:logGet(43)) - raft.server.watch.timeout = 10s (default)
2019-08-16 03:31:07,803 INFO  server.RaftServerConfigKeys (ConfUtils.java:logGet(43)) - raft.server.watch.timeout.denomination = 1s (default)
2019-08-16 03:31:07,804 INFO  server.RaftServerConfigKeys (ConfUtils.java:logGet(43)) - raft.server.watch.element-limit = 65536 (default)
2019-08-16 03:31:07,804 INFO  impl.LeaderElection (LeaderElection.java:logAndReturn(56)) - 51cb1f54-fb73-41c6-af18-28702c88289a:group-B868EF335BC7:LeaderElection10: Election REJECTED; received 0 response(s) [] and 0 exception(s); 51cb1f54-fb73-41c6-af18-28702c88289a:t2, leader=null, voted=51cb1f54-fb73-41c6-af18-28702c88289a, raftlog=51cb1f54-fb73-41c6-af18-28702c88289a-SegmentedRaftLog:OPENED:c-1,f-1,i0, conf=-1: [942b18c5-366c-4586-965c-19eb0513ec42:192.168.5.170:43588, 75a6d948-9799-4e38-bb4d-0bcbb68a8180:192.168.5.170:33463, 51cb1f54-fb73-41c6-af18-28702c88289a:192.168.5.170:32814], old=null
2019-08-16 03:31:07,806 INFO  impl.FollowerState (FollowerState.java:run(106)) - 46d44a41-52a2-4384-8ac9-ea51a453f0ed:group-A3B8D7718BAA changes to CANDIDATE, lastRpcTime:5039, electionTimeout:5039ms
2019-08-16 03:31:07,806 INFO  impl.RoleInfo (RoleInfo.java:shutdownFollowerState(121)) - 46d44a41-52a2-4384-8ac9-ea51a453f0ed: shutdown FollowerState
2019-08-16 03:31:07,808 INFO  impl.RaftServerImpl (RaftServerImpl.java:setRole(171)) - 46d44a41-52a2-4384-8ac9-ea51a453f0ed:group-A3B8D7718BAA changes role from FOLLOWER to CANDIDATE at term 0 for changeToCandidate
2019-08-16 03:31:07,810 INFO  impl.RoleInfo (RoleInfo.java:updateAndGet(143)) - 46d44a41-52a2-4384-8ac9-ea51a453f0ed: start LeaderElection
2019-08-16 03:31:07,815 INFO  impl.LeaderElection (LeaderElection.java:askForVotes(181)) - cdebeb69-c8d8-4c6e-838e-5fcab217bc63:group-A3B8D7718BAA:LeaderElection11: begin an election at term 1 for -1: [d09ef4f6-1049-4531-a31d-7b1aaaabfa10:192.168.5.170:33465, 46d44a41-52a2-4384-8ac9-ea51a453f0ed:192.168.5.170:36884, cdebeb69-c8d8-4c6e-838e-5fcab217bc63:192.168.5.170:42155], old=null
2019-08-16 03:31:07,817 INFO  impl.FollowerState (FollowerState.java:run(106)) - d09ef4f6-1049-4531-a31d-7b1aaaabfa10:group-A3B8D7718BAA changes to CANDIDATE, lastRpcTime:5048, electionTimeout:5043ms
2019-08-16 03:31:07,818 INFO  impl.LeaderElection (LeaderElection.java:askForVotes(181)) - 46d44a41-52a2-4384-8ac9-ea51a453f0ed:group-A3B8D7718BAA:LeaderElection12: begin an election at term 1 for -1: [d09ef4f6-1049-4531-a31d-7b1aaaabfa10:192.168.5.170:33465, 46d44a41-52a2-4384-8ac9-ea51a453f0ed:192.168.5.170:36884, cdebeb69-c8d8-4c6e-838e-5fcab217bc63:192.168.5.170:42155], old=null
2019-08-16 03:31:07,818 INFO  impl.RoleInfo (RoleInfo.java:shutdownFollowerState(121)) - d09ef4f6-1049-4531-a31d-7b1aaaabfa10: shutdown FollowerState
2019-08-16 03:31:07,818 INFO  impl.RaftServerImpl (RaftServerImpl.java:setRole(171)) - d09ef4f6-1049-4531-a31d-7b1aaaabfa10:group-A3B8D7718BAA changes role from FOLLOWER to CANDIDATE at term 0 for changeToCandidate
2019-08-16 03:31:07,818 INFO  server.RaftServerConfigKeys (ConfUtils.java:logGet(43)) - raft.server.log.appender.snapshot.chunk.size.max = 16MB (=16777216) (default)
2019-08-16 03:31:07,818 INFO  impl.RoleInfo (RoleInfo.java:updateAndGet(143)) - d09ef4f6-1049-4531-a31d-7b1aaaabfa10: start LeaderElection
2019-08-16 03:31:07,820 INFO  server.RaftServerConfigKeys (ConfUtils.java:logGet(43)) - raft.server.log.appender.buffer.byte-limit = 33554432 (custom)
2019-08-16 03:31:07,827 INFO  server.RaftServerConfigKeys (ConfUtils.java:logGet(43)) - raft.server.log.appender.buffer.element-limit = 1 (custom)
2019-08-16 03:31:07,836 INFO  grpc.GrpcConfigKeys$Server (ConfUtils.java:logGet(43)) - raft.grpc.server.leader.outstanding.appends.max = 128 (default)
2019-08-16 03:31:07,838 INFO  server.RaftServerConfigKeys (ConfUtils.java:logGet(43)) - raft.server.rpc.request.timeout = 3000ms (default)
2019-08-16 03:31:07,838 INFO  server.RaftServerConfigKeys (ConfUtils.java:logGet(43)) - raft.server.log.appender.install.snapshot.enabled = false (custom)
2019-08-16 03:31:07,840 INFO  server.RaftServerConfigKeys (ConfUtils.java:logGet(43)) - raft.server.log.appender.snapshot.chunk.size.max = 16MB (=16777216) (default)
2019-08-16 03:31:07,840 INFO  server.RaftServerConfigKeys (ConfUtils.java:logGet(43)) - raft.server.log.appender.buffer.byte-limit = 33554432 (custom)
2019-08-16 03:31:07,841 INFO  server.RaftServerConfigKeys (ConfUtils.java:logGet(43)) - raft.server.log.appender.buffer.element-limit = 1 (custom)
2019-08-16 03:31:07,845 INFO  impl.LeaderElection (LeaderElection.java:askForVotes(181)) - d09ef4f6-1049-4531-a31d-7b1aaaabfa10:group-A3B8D7718BAA:LeaderElection13: begin an election at term 1 for -1: [d09ef4f6-1049-4531-a31d-7b1aaaabfa10:192.168.5.170:33465, 46d44a41-52a2-4384-8ac9-ea51a453f0ed:192.168.5.170:36884, cdebeb69-c8d8-4c6e-838e-5fcab217bc63:192.168.5.170:42155], old=null
2019-08-16 03:31:07,845 INFO  grpc.GrpcConfigKeys$Server (ConfUtils.java:logGet(43)) - raft.grpc.server.leader.outstanding.appends.max = 128 (default)
2019-08-16 03:31:07,846 INFO  server.RaftServerConfigKeys (ConfUtils.java:logGet(43)) - raft.server.rpc.request.timeout = 3000ms (default)
2019-08-16 03:31:07,846 INFO  server.RaftServerConfigKeys (ConfUtils.java:logGet(43)) - raft.server.log.appender.install.snapshot.enabled = false (custom)
2019-08-16 03:31:07,857 INFO  impl.RoleInfo (RoleInfo.java:updateAndGet(143)) - 75a6d948-9799-4e38-bb4d-0bcbb68a8180: start LeaderState
2019-08-16 03:31:07,857 INFO  impl.RaftServerImpl (RaftServerImpl.java:setRole(171)) - 942b18c5-366c-4586-965c-19eb0513ec42:group-B868EF335BC7 changes role from FOLLOWER to FOLLOWER at term 2 for recognizeCandidate:51cb1f54-fb73-41c6-af18-28702c88289a
2019-08-16 03:31:07,857 INFO  impl.LeaderElection (LeaderElection.java:logAndReturn(56)) - cdebeb69-c8d8-4c6e-838e-5fcab217bc63:group-A3B8D7718BAA:LeaderElection11: Election REJECTED; received 2 response(s) [cdebeb69-c8d8-4c6e-838e-5fcab217bc63<-d09ef4f6-1049-4531-a31d-7b1aaaabfa10#0:FAIL-t1, cdebeb69-c8d8-4c6e-838e-5fcab217bc63<-46d44a41-52a2-4384-8ac9-ea51a453f0ed#0:FAIL-t1] and 0 exception(s); cdebeb69-c8d8-4c6e-838e-5fcab217bc63:t1, leader=null, voted=cdebeb69-c8d8-4c6e-838e-5fcab217bc63, raftlog=cdebeb69-c8d8-4c6e-838e-5fcab217bc63-SegmentedRaftLog:OPENED:c-1,f-1,i0, conf=-1: [d09ef4f6-1049-4531-a31d-7b1aaaabfa10:192.168.5.170:33465, 46d44a41-52a2-4384-8ac9-ea51a453f0ed:192.168.5.170:36884, cdebeb69-c8d8-4c6e-838e-5fcab217bc63:192.168.5.170:42155], old=null
2019-08-16 03:31:07,858 INFO  impl.RoleInfo (RoleInfo.java:shutdownFollowerState(121)) - 942b18c5-366c-4586-965c-19eb0513ec42: shutdown FollowerState
2019-08-16 03:31:07,858 INFO  segmented.SegmentedRaftLogWorker (SegmentedRaftLogWorker.java:startLogSegment(380)) - 75a6d948-9799-4e38-bb4d-0bcbb68a8180-SegmentedRaftLogWorker:Storage Directory /workdir/hadoop-ozone/integration-test/target/test-dir/MiniOzoneClusterImpl-15f544e2-cbcb-4b36-b33b-c7f51713c2ca/datanode-6/data/ratis/eac003d7-e315-44bc-8380-b868ef335bc7: Starting segment from index:0
2019-08-16 03:31:07,862 INFO  impl.RoleInfo (RoleInfo.java:updateAndGet(143)) - 942b18c5-366c-4586-965c-19eb0513ec42: start FollowerState
2019-08-16 03:31:07,859 INFO  impl.FollowerState (FollowerState.java:run(114)) - 942b18c5-366c-4586-965c-19eb0513ec42: FollowerState was interrupted: java.lang.InterruptedException: sleep interrupted
2019-08-16 03:31:07,858 INFO  impl.RaftServerImpl (RaftServerImpl.java:setRole(171)) - cdebeb69-c8d8-4c6e-838e-5fcab217bc63:group-A3B8D7718BAA changes role from CANDIDATE to FOLLOWER at term 1 for DISCOVERED_A_NEW_TERM
2019-08-16 03:31:07,863 INFO  impl.RoleInfo (RoleInfo.java:shutdownLeaderElection(134)) - cdebeb69-c8d8-4c6e-838e-5fcab217bc63: shutdown LeaderElection
2019-08-16 03:31:07,892 INFO  impl.RoleInfo (RoleInfo.java:updateAndGet(143)) - cdebeb69-c8d8-4c6e-838e-5fcab217bc63: start FollowerState
2019-08-16 03:31:07,892 INFO  impl.RaftServerImpl (ServerState.java:setRaftConf(361)) - 75a6d948-9799-4e38-bb4d-0bcbb68a8180:group-B868EF335BC7 set configuration 0: [942b18c5-366c-4586-965c-19eb0513ec42:192.168.5.170:43588, 75a6d948-9799-4e38-bb4d-0bcbb68a8180:192.168.5.170:33463, 51cb1f54-fb73-41c6-af18-28702c88289a:192.168.5.170:32814], old=null at 0
2019-08-16 03:31:07,895 INFO  impl.RaftServerImpl (ServerState.java:setLeader(263)) - 75a6d948-9799-4e38-bb4d-0bcbb68a8180:group-B868EF335BC7 change Leader from 75a6d948-9799-4e38-bb4d-0bcbb68a8180 to null at term 2 for updateCurrentTerm
2019-08-16 03:31:07,897 INFO  impl.RaftServerImpl (RaftServerImpl.java:setRole(171)) - 75a6d948-9799-4e38-bb4d-0bcbb68a8180:group-B868EF335BC7 changes role from LEADER to FOLLOWER at term 2 for recognizeCandidate:51cb1f54-fb73-41c6-af18-28702c88289a
2019-08-16 03:31:07,897 INFO  impl.RoleInfo (RoleInfo.java:shutdownLeaderState(104)) - 75a6d948-9799-4e38-bb4d-0bcbb68a8180: shutdown LeaderState
2019-08-16 03:31:07,901 INFO  impl.PendingRequests (PendingRequests.java:sendNotLeaderResponses(202)) - 75a6d948-9799-4e38-bb4d-0bcbb68a8180-PendingRequests: sendNotLeaderResponses
2019-08-16 03:31:07,903 INFO  impl.RoleInfo (RoleInfo.java:updateAndGet(143)) - 75a6d948-9799-4e38-bb4d-0bcbb68a8180: start FollowerState
2019-08-16 03:31:07,914 WARN  server.GrpcLogAppender (GrpcLogAppender.java:mayWait(143)) - GrpcLogAppender(75a6d948-9799-4e38-bb4d-0bcbb68a8180->51cb1f54-fb73-41c6-af18-28702c88289a): Wait interrupted by java.lang.InterruptedException
2019-08-16 03:31:07,916 WARN  server.GrpcLogAppender (GrpcLogAppender.java:mayWait(143)) - GrpcLogAppender(75a6d948-9799-4e38-bb4d-0bcbb68a8180->942b18c5-366c-4586-965c-19eb0513ec42): Wait interrupted by java.lang.InterruptedException
2019-08-16 03:31:07,917 INFO  segmented.SegmentedRaftLogWorker (SegmentedRaftLogWorker.java:execute(569)) - 75a6d948-9799-4e38-bb4d-0bcbb68a8180-SegmentedRaftLogWorker:Storage Directory /workdir/hadoop-ozone/integration-test/target/test-dir/MiniOzoneClusterImpl-15f544e2-cbcb-4b36-b33b-c7f51713c2ca/datanode-6/data/ratis/eac003d7-e315-44bc-8380-b868ef335bc7: created new log segment /workdir/hadoop-ozone/integration-test/target/test-dir/MiniOzoneClusterImpl-15f544e2-cbcb-4b36-b33b-c7f51713c2ca/datanode-6/data/ratis/eac003d7-e315-44bc-8380-b868ef335bc7/current/log_inprogress_0
2019-08-16 03:31:07,923 INFO  server.GrpcServerProtocolService (GrpcServerProtocolService.java:onCompleted(104)) - 51cb1f54-fb73-41c6-af18-28702c88289a: appendEntries completed
2019-08-16 03:31:07,938 INFO  impl.LeaderElection (LeaderElection.java:logAndReturn(56)) - d09ef4f6-1049-4531-a31d-7b1aaaabfa10:group-A3B8D7718BAA:LeaderElection13: Election REJECTED; received 2 response(s) [d09ef4f6-1049-4531-a31d-7b1aaaabfa10<-46d44a41-52a2-4384-8ac9-ea51a453f0ed#0:FAIL-t1, d09ef4f6-1049-4531-a31d-7b1aaaabfa10<-cdebeb69-c8d8-4c6e-838e-5fcab217bc63#0:FAIL-t1] and 0 exception(s); d09ef4f6-1049-4531-a31d-7b1aaaabfa10:t1, leader=null, voted=d09ef4f6-1049-4531-a31d-7b1aaaabfa10, raftlog=d09ef4f6-1049-4531-a31d-7b1aaaabfa10-SegmentedRaftLog:OPENED:c-1,f-1,i0, conf=-1: [d09ef4f6-1049-4531-a31d-7b1aaaabfa10:192.168.5.170:33465, 46d44a41-52a2-4384-8ac9-ea51a453f0ed:192.168.5.170:36884, cdebeb69-c8d8-4c6e-838e-5fcab217bc63:192.168.5.170:42155], old=null
2019-08-16 03:31:07,940 INFO  impl.RaftServerImpl (RaftServerImpl.java:setRole(171)) - d09ef4f6-1049-4531-a31d-7b1aaaabfa10:group-A3B8D7718BAA changes role from CANDIDATE to FOLLOWER at term 1 for DISCOVERED_A_NEW_TERM
2019-08-16 03:31:07,940 INFO  impl.RoleInfo (RoleInfo.java:shutdownLeaderElection(134)) - d09ef4f6-1049-4531-a31d-7b1aaaabfa10: shutdown LeaderElection
2019-08-16 03:31:07,941 INFO  impl.RoleInfo (RoleInfo.java:updateAndGet(143)) - d09ef4f6-1049-4531-a31d-7b1aaaabfa10: start FollowerState
2019-08-16 03:31:07,941 INFO  server.GrpcServerProtocolService (GrpcServerProtocolService.java:onCompleted(104)) - 942b18c5-366c-4586-965c-19eb0513ec42: appendEntries completed
2019-08-16 03:31:07,953 INFO  impl.LeaderElection (LeaderElection.java:logAndReturn(56)) - 46d44a41-52a2-4384-8ac9-ea51a453f0ed:group-A3B8D7718BAA:LeaderElection12: Election REJECTED; received 2 response(s) [46d44a41-52a2-4384-8ac9-ea51a453f0ed<-d09ef4f6-1049-4531-a31d-7b1aaaabfa10#0:FAIL-t1, 46d44a41-52a2-4384-8ac9-ea51a453f0ed<-cdebeb69-c8d8-4c6e-838e-5fcab217bc63#0:FAIL-t1] and 0 exception(s); 46d44a41-52a2-4384-8ac9-ea51a453f0ed:t1, leader=null, voted=46d44a41-52a2-4384-8ac9-ea51a453f0ed, raftlog=46d44a41-52a2-4384-8ac9-ea51a453f0ed-SegmentedRaftLog:OPENED:c-1,f-1,i0, conf=-1: [d09ef4f6-1049-4531-a31d-7b1aaaabfa10:192.168.5.170:33465, 46d44a41-52a2-4384-8ac9-ea51a453f0ed:192.168.5.170:36884, cdebeb69-c8d8-4c6e-838e-5fcab217bc63:192.168.5.170:42155], old=null
2019-08-16 03:31:07,953 INFO  server.GrpcLogAppender (GrpcLogAppender.java:onCompleted(292)) - 75a6d948-9799-4e38-bb4d-0bcbb68a8180->51cb1f54-fb73-41c6-af18-28702c88289a: follower responses appendEntries COMPLETED
2019-08-16 03:31:07,953 INFO  impl.RaftServerImpl (RaftServerImpl.java:setRole(171)) - 46d44a41-52a2-4384-8ac9-ea51a453f0ed:group-A3B8D7718BAA changes role from CANDIDATE to FOLLOWER at term 1 for DISCOVERED_A_NEW_TERM
2019-08-16 03:31:07,955 INFO  impl.RoleInfo (RoleInfo.java:shutdownLeaderElection(134)) - 46d44a41-52a2-4384-8ac9-ea51a453f0ed: shutdown LeaderElection
2019-08-16 03:31:07,957 INFO  impl.RoleInfo (RoleInfo.java:updateAndGet(143)) - 46d44a41-52a2-4384-8ac9-ea51a453f0ed: start FollowerState
2019-08-16 03:31:07,958 INFO  impl.FollowerInfo (FollowerInfo.java:lambda$new$0(50)) - 75a6d948-9799-4e38-bb4d-0bcbb68a8180->51cb1f54-fb73-41c6-af18-28702c88289a: nextIndex: updateUnconditionally 0 -> 0
2019-08-16 03:31:07,958 INFO  server.GrpcLogAppender (GrpcLogAppender.java:onCompleted(292)) - 75a6d948-9799-4e38-bb4d-0bcbb68a8180->942b18c5-366c-4586-965c-19eb0513ec42: follower responses appendEntries COMPLETED
2019-08-16 03:31:07,960 INFO  impl.FollowerInfo (FollowerInfo.java:lambda$new$0(50)) - 75a6d948-9799-4e38-bb4d-0bcbb68a8180->942b18c5-366c-4586-965c-19eb0513ec42: nextIndex: updateUnconditionally 0 -> 0
2019-08-16 03:31:08,050 INFO  client.GrpcClientProtocolClient (GrpcClientProtocolClient.java:onNext(255)) - client-87460C9C9625->cdebeb69-c8d8-4c6e-838e-5fcab217bc63: receive RaftClientReply:client-87460C9C9625->cdebeb69-c8d8-4c6e-838e-5fcab217bc63@group-A3B8D7718BAA, cid=13, FAILED org.apache.ratis.protocol.NotLeaderException: Server cdebeb69-c8d8-4c6e-838e-5fcab217bc63 is not the leader (null). Request must be sent to leader., logIndex=0, commits[cdebeb69-c8d8-4c6e-838e-5fcab217bc63:c-1]
2019-08-16 03:31:09,077 INFO  client.GrpcClientProtocolClient (GrpcClientProtocolClient.java:onNext(255)) - client-87460C9C9625->46d44a41-52a2-4384-8ac9-ea51a453f0ed: receive RaftClientReply:client-87460C9C9625->46d44a41-52a2-4384-8ac9-ea51a453f0ed@group-A3B8D7718BAA, cid=13, FAILED org.apache.ratis.protocol.NotLeaderException: Server 46d44a41-52a2-4384-8ac9-ea51a453f0ed is not the leader (null). Request must be sent to leader., logIndex=0, commits[46d44a41-52a2-4384-8ac9-ea51a453f0ed:c-1]
2019-08-16 03:31:10,100 INFO  client.GrpcClientProtocolClient (GrpcClientProtocolClient.java:onNext(255)) - client-87460C9C9625->d09ef4f6-1049-4531-a31d-7b1aaaabfa10: receive RaftClientReply:client-87460C9C9625->d09ef4f6-1049-4531-a31d-7b1aaaabfa10@group-A3B8D7718BAA, cid=13, FAILED org.apache.ratis.protocol.NotLeaderException: Server d09ef4f6-1049-4531-a31d-7b1aaaabfa10 is not the leader (null). Request must be sent to leader., logIndex=0, commits[d09ef4f6-1049-4531-a31d-7b1aaaabfa10:c-1]
2019-08-16 03:31:11,124 INFO  client.GrpcClientProtocolClient (GrpcClientProtocolClient.java:onNext(255)) - client-87460C9C9625->cdebeb69-c8d8-4c6e-838e-5fcab217bc63: receive RaftClientReply:client-87460C9C9625->cdebeb69-c8d8-4c6e-838e-5fcab217bc63@group-A3B8D7718BAA, cid=13, FAILED org.apache.ratis.protocol.NotLeaderException: Server cdebeb69-c8d8-4c6e-838e-5fcab217bc63 is not the leader (null). Request must be sent to leader., logIndex=0, commits[cdebeb69-c8d8-4c6e-838e-5fcab217bc63:c-1]
2019-08-16 03:31:12,148 INFO  client.GrpcClientProtocolClient (GrpcClientProtocolClient.java:onNext(255)) - client-87460C9C9625->46d44a41-52a2-4384-8ac9-ea51a453f0ed: receive RaftClientReply:client-87460C9C9625->46d44a41-52a2-4384-8ac9-ea51a453f0ed@group-A3B8D7718BAA, cid=13, FAILED org.apache.ratis.protocol.NotLeaderException: Server 46d44a41-52a2-4384-8ac9-ea51a453f0ed is not the leader (null). Request must be sent to leader., logIndex=0, commits[46d44a41-52a2-4384-8ac9-ea51a453f0ed:c-1]
2019-08-16 03:31:12,906 INFO  impl.FollowerState (FollowerState.java:run(106)) - 51cb1f54-fb73-41c6-af18-28702c88289a:group-B868EF335BC7 changes to CANDIDATE, lastRpcTime:5142, electionTimeout:5142ms
2019-08-16 03:31:12,906 INFO  impl.RoleInfo (RoleInfo.java:shutdownFollowerState(121)) - 51cb1f54-fb73-41c6-af18-28702c88289a: shutdown FollowerState
2019-08-16 03:31:12,906 INFO  impl.RaftServerImpl (RaftServerImpl.java:setRole(171)) - 51cb1f54-fb73-41c6-af18-28702c88289a:group-B868EF335BC7 changes role from FOLLOWER to CANDIDATE at term 2 for changeToCandidate
2019-08-16 03:31:12,906 INFO  impl.RoleInfo (RoleInfo.java:updateAndGet(143)) - 51cb1f54-fb73-41c6-af18-28702c88289a: start LeaderElection
2019-08-16 03:31:12,915 INFO  impl.FollowerState (FollowerState.java:run(106)) - 942b18c5-366c-4586-965c-19eb0513ec42:group-B868EF335BC7 changes to CANDIDATE, lastRpcTime:5052, electionTimeout:5023ms
2019-08-16 03:31:12,915 INFO  impl.RoleInfo (RoleInfo.java:shutdownFollowerState(121)) - 942b18c5-366c-4586-965c-19eb0513ec42: shutdown FollowerState
2019-08-16 03:31:12,915 INFO  impl.RaftServerImpl (RaftServerImpl.java:setRole(171)) - 942b18c5-366c-4586-965c-19eb0513ec42:group-B868EF335BC7 changes role from FOLLOWER to CANDIDATE at term 2 for changeToCandidate
2019-08-16 03:31:12,916 INFO  impl.RoleInfo (RoleInfo.java:updateAndGet(143)) - 942b18c5-366c-4586-965c-19eb0513ec42: start LeaderElection
2019-08-16 03:31:12,924 INFO  impl.LeaderElection (LeaderElection.java:askForVotes(181)) - 51cb1f54-fb73-41c6-af18-28702c88289a:group-B868EF335BC7:LeaderElection14: begin an election at term 3 for -1: [942b18c5-366c-4586-965c-19eb0513ec42:192.168.5.170:43588, 75a6d948-9799-4e38-bb4d-0bcbb68a8180:192.168.5.170:33463, 51cb1f54-fb73-41c6-af18-28702c88289a:192.168.5.170:32814], old=null
2019-08-16 03:31:12,926 INFO  impl.LeaderElection (LeaderElection.java:askForVotes(181)) - 942b18c5-366c-4586-965c-19eb0513ec42:group-B868EF335BC7:LeaderElection15: begin an election at term 3 for -1: [942b18c5-366c-4586-965c-19eb0513ec42:192.168.5.170:43588, 75a6d948-9799-4e38-bb4d-0bcbb68a8180:192.168.5.170:33463, 51cb1f54-fb73-41c6-af18-28702c88289a:192.168.5.170:32814], old=null
2019-08-16 03:31:12,931 INFO  impl.RaftServerImpl (RaftServerImpl.java:setRole(171)) - 75a6d948-9799-4e38-bb4d-0bcbb68a8180:group-B868EF335BC7 changes role from FOLLOWER to FOLLOWER at term 3 for recognizeCandidate:51cb1f54-fb73-41c6-af18-28702c88289a
2019-08-16 03:31:12,932 INFO  impl.RoleInfo (RoleInfo.java:shutdownFollowerState(121)) - 75a6d948-9799-4e38-bb4d-0bcbb68a8180: shutdown FollowerState
2019-08-16 03:31:12,934 INFO  impl.RoleInfo (RoleInfo.java:updateAndGet(143)) - 75a6d948-9799-4e38-bb4d-0bcbb68a8180: start FollowerState
2019-08-16 03:31:12,935 INFO  impl.FollowerState (FollowerState.java:run(114)) - 75a6d948-9799-4e38-bb4d-0bcbb68a8180: FollowerState was interrupted: java.lang.InterruptedException: sleep interrupted
2019-08-16 03:31:12,951 INFO  impl.RaftServerImpl (RaftServerImpl.java:setRole(171)) - 75a6d948-9799-4e38-bb4d-0bcbb68a8180:group-B868EF335BC7 changes role from FOLLOWER to FOLLOWER at term 3 for recognizeCandidate:942b18c5-366c-4586-965c-19eb0513ec42
2019-08-16 03:31:12,952 INFO  impl.RoleInfo (RoleInfo.java:shutdownFollowerState(121)) - 75a6d948-9799-4e38-bb4d-0bcbb68a8180: shutdown FollowerState
2019-08-16 03:31:12,952 INFO  impl.RoleInfo (RoleInfo.java:updateAndGet(143)) - 75a6d948-9799-4e38-bb4d-0bcbb68a8180: start FollowerState
2019-08-16 03:31:12,952 INFO  impl.FollowerState (FollowerState.java:run(114)) - 75a6d948-9799-4e38-bb4d-0bcbb68a8180: FollowerState was interrupted: java.lang.InterruptedException: sleep interrupted
2019-08-16 03:31:12,956 INFO  impl.LeaderElection (LeaderElection.java:logAndReturn(56)) - 51cb1f54-fb73-41c6-af18-28702c88289a:group-B868EF335BC7:LeaderElection14: Election REJECTED; received 2 response(s) [51cb1f54-fb73-41c6-af18-28702c88289a<-942b18c5-366c-4586-965c-19eb0513ec42#0:FAIL-t3, 51cb1f54-fb73-41c6-af18-28702c88289a<-75a6d948-9799-4e38-bb4d-0bcbb68a8180#0:FAIL-t3] and 0 exception(s); 51cb1f54-fb73-41c6-af18-28702c88289a:t3, leader=null, voted=51cb1f54-fb73-41c6-af18-28702c88289a, raftlog=51cb1f54-fb73-41c6-af18-28702c88289a-SegmentedRaftLog:OPENED:c-1,f-1,i0, conf=-1: [942b18c5-366c-4586-965c-19eb0513ec42:192.168.5.170:43588, 75a6d948-9799-4e38-bb4d-0bcbb68a8180:192.168.5.170:33463, 51cb1f54-fb73-41c6-af18-28702c88289a:192.168.5.170:32814], old=null
2019-08-16 03:31:12,956 INFO  impl.RaftServerImpl (RaftServerImpl.java:setRole(171)) - 51cb1f54-fb73-41c6-af18-28702c88289a:group-B868EF335BC7 changes role from CANDIDATE to FOLLOWER at term 3 for DISCOVERED_A_NEW_TERM
2019-08-16 03:31:12,958 INFO  impl.RoleInfo (RoleInfo.java:shutdownLeaderElection(134)) - 51cb1f54-fb73-41c6-af18-28702c88289a: shutdown LeaderElection
2019-08-16 03:31:12,958 INFO  impl.RoleInfo (RoleInfo.java:updateAndGet(143)) - 51cb1f54-fb73-41c6-af18-28702c88289a: start FollowerState
2019-08-16 03:31:12,958 INFO  impl.LeaderElection (LeaderElection.java:logAndReturn(56)) - 942b18c5-366c-4586-965c-19eb0513ec42:group-B868EF335BC7:LeaderElection15: Election REJECTED; received 2 response(s) [942b18c5-366c-4586-965c-19eb0513ec42<-75a6d948-9799-4e38-bb4d-0bcbb68a8180#0:FAIL-t3, 942b18c5-366c-4586-965c-19eb0513ec42<-51cb1f54-fb73-41c6-af18-28702c88289a#0:FAIL-t3] and 0 exception(s); 942b18c5-366c-4586-965c-19eb0513ec42:t3, leader=null, voted=942b18c5-366c-4586-965c-19eb0513ec42, raftlog=942b18c5-366c-4586-965c-19eb0513ec42-SegmentedRaftLog:OPENED:c-1,f-1,i0, conf=-1: [942b18c5-366c-4586-965c-19eb0513ec42:192.168.5.170:43588, 75a6d948-9799-4e38-bb4d-0bcbb68a8180:192.168.5.170:33463, 51cb1f54-fb73-41c6-af18-28702c88289a:192.168.5.170:32814], old=null
2019-08-16 03:31:12,961 INFO  impl.RaftServerImpl (RaftServerImpl.java:setRole(171)) - 942b18c5-366c-4586-965c-19eb0513ec42:group-B868EF335BC7 changes role from CANDIDATE to FOLLOWER at term 3 for DISCOVERED_A_NEW_TERM
2019-08-16 03:31:12,961 INFO  impl.RoleInfo (RoleInfo.java:shutdownLeaderElection(134)) - 942b18c5-366c-4586-965c-19eb0513ec42: shutdown LeaderElection
2019-08-16 03:31:12,963 INFO  impl.RoleInfo (RoleInfo.java:updateAndGet(143)) - 942b18c5-366c-4586-965c-19eb0513ec42: start FollowerState
2019-08-16 03:31:12,998 INFO  impl.FollowerState (FollowerState.java:run(106)) - 46d44a41-52a2-4384-8ac9-ea51a453f0ed:group-A3B8D7718BAA changes to CANDIDATE, lastRpcTime:5041, electionTimeout:5041ms
2019-08-16 03:31:13,000 INFO  impl.RoleInfo (RoleInfo.java:shutdownFollowerState(121)) - 46d44a41-52a2-4384-8ac9-ea51a453f0ed: shutdown FollowerState
2019-08-16 03:31:13,001 INFO  impl.RaftServerImpl (RaftServerImpl.java:setRole(171)) - 46d44a41-52a2-4384-8ac9-ea51a453f0ed:group-A3B8D7718BAA changes role from FOLLOWER to CANDIDATE at term 1 for changeToCandidate
2019-08-16 03:31:13,001 INFO  impl.RoleInfo (RoleInfo.java:updateAndGet(143)) - 46d44a41-52a2-4384-8ac9-ea51a453f0ed: start LeaderElection
2019-08-16 03:31:13,025 INFO  impl.LeaderElection (LeaderElection.java:askForVotes(181)) - 46d44a41-52a2-4384-8ac9-ea51a453f0ed:group-A3B8D7718BAA:LeaderElection16: begin an election at term 2 for -1: [d09ef4f6-1049-4531-a31d-7b1aaaabfa10:192.168.5.170:33465, 46d44a41-52a2-4384-8ac9-ea51a453f0ed:192.168.5.170:36884, cdebeb69-c8d8-4c6e-838e-5fcab217bc63:192.168.5.170:42155], old=null
2019-08-16 03:31:13,032 INFO  impl.RaftServerImpl (RaftServerImpl.java:setRole(171)) - d09ef4f6-1049-4531-a31d-7b1aaaabfa10:group-A3B8D7718BAA changes role from FOLLOWER to FOLLOWER at term 2 for recognizeCandidate:46d44a41-52a2-4384-8ac9-ea51a453f0ed
2019-08-16 03:31:13,032 INFO  impl.RaftServerImpl (RaftServerImpl.java:setRole(171)) - cdebeb69-c8d8-4c6e-838e-5fcab217bc63:group-A3B8D7718BAA changes role from FOLLOWER to FOLLOWER at term 2 for recognizeCandidate:46d44a41-52a2-4384-8ac9-ea51a453f0ed
2019-08-16 03:31:13,032 INFO  impl.RoleInfo (RoleInfo.java:shutdownFollowerState(121)) - d09ef4f6-1049-4531-a31d-7b1aaaabfa10: shutdown FollowerState
2019-08-16 03:31:13,032 INFO  impl.RoleInfo (RoleInfo.java:shutdownFollowerState(121)) - cdebeb69-c8d8-4c6e-838e-5fcab217bc63: shutdown FollowerState
2019-08-16 03:31:13,032 INFO  impl.FollowerState (FollowerState.java:run(114)) - d09ef4f6-1049-4531-a31d-7b1aaaabfa10: FollowerState was interrupted: java.lang.InterruptedException: sleep interrupted
2019-08-16 03:31:13,032 INFO  impl.FollowerState (FollowerState.java:run(114)) - cdebeb69-c8d8-4c6e-838e-5fcab217bc63: FollowerState was interrupted: java.lang.InterruptedException: sleep interrupted
2019-08-16 03:31:13,032 INFO  impl.RoleInfo (RoleInfo.java:updateAndGet(143)) - cdebeb69-c8d8-4c6e-838e-5fcab217bc63: start FollowerState
2019-08-16 03:31:13,032 INFO  impl.RoleInfo (RoleInfo.java:updateAndGet(143)) - d09ef4f6-1049-4531-a31d-7b1aaaabfa10: start FollowerState
2019-08-16 03:31:13,062 INFO  impl.LeaderElection (LeaderElection.java:logAndReturn(56)) - 46d44a41-52a2-4384-8ac9-ea51a453f0ed:group-A3B8D7718BAA:LeaderElection16: Election PASSED; received 1 response(s) [46d44a41-52a2-4384-8ac9-ea51a453f0ed<-d09ef4f6-1049-4531-a31d-7b1aaaabfa10#0:OK-t2] and 0 exception(s); 46d44a41-52a2-4384-8ac9-ea51a453f0ed:t2, leader=null, voted=46d44a41-52a2-4384-8ac9-ea51a453f0ed, raftlog=46d44a41-52a2-4384-8ac9-ea51a453f0ed-SegmentedRaftLog:OPENED:c-1,f-1,i0, conf=-1: [d09ef4f6-1049-4531-a31d-7b1aaaabfa10:192.168.5.170:33465, 46d44a41-52a2-4384-8ac9-ea51a453f0ed:192.168.5.170:36884, cdebeb69-c8d8-4c6e-838e-5fcab217bc63:192.168.5.170:42155], old=null
2019-08-16 03:31:13,062 INFO  impl.RoleInfo (RoleInfo.java:shutdownLeaderElection(134)) - 46d44a41-52a2-4384-8ac9-ea51a453f0ed: shutdown LeaderElection
2019-08-16 03:31:13,064 INFO  impl.RaftServerImpl (RaftServerImpl.java:setRole(171)) - 46d44a41-52a2-4384-8ac9-ea51a453f0ed:group-A3B8D7718BAA changes role from CANDIDATE to LEADER at term 2 for changeToLeader
2019-08-16 03:31:13,064 INFO  impl.RaftServerImpl (ServerState.java:setLeader(263)) - 46d44a41-52a2-4384-8ac9-ea51a453f0ed:group-A3B8D7718BAA change Leader from null to 46d44a41-52a2-4384-8ac9-ea51a453f0ed at term 2 for becomeLeader, leader elected after 10313ms
2019-08-16 03:31:13,065 INFO  server.RaftServerConfigKeys (ConfUtils.java:logGet(43)) - raft.server.staging.catchup.gap = 1000 (default)
2019-08-16 03:31:13,065 INFO  server.RaftServerConfigKeys (ConfUtils.java:logGet(43)) - raft.server.rpc.sleep.time = 25ms (default)
2019-08-16 03:31:13,065 INFO  server.RaftServerConfigKeys (ConfUtils.java:logGet(43)) - raft.server.write.element-limit = 4096 (default)
2019-08-16 03:31:13,065 INFO  server.RaftServerConfigKeys (ConfUtils.java:logGet(43)) - raft.server.watch.timeout = 10s (default)
2019-08-16 03:31:13,065 INFO  server.RaftServerConfigKeys (ConfUtils.java:logGet(43)) - raft.server.watch.timeout.denomination = 1s (default)
2019-08-16 03:31:13,066 INFO  server.RaftServerConfigKeys (ConfUtils.java:logGet(43)) - raft.server.watch.element-limit = 65536 (default)
2019-08-16 03:31:13,066 INFO  server.RaftServerConfigKeys (ConfUtils.java:logGet(43)) - raft.server.log.appender.snapshot.chunk.size.max = 16MB (=16777216) (default)
2019-08-16 03:31:13,066 INFO  server.RaftServerConfigKeys (ConfUtils.java:logGet(43)) - raft.server.log.appender.buffer.byte-limit = 33554432 (custom)
2019-08-16 03:31:13,066 INFO  server.RaftServerConfigKeys (ConfUtils.java:logGet(43)) - raft.server.log.appender.buffer.element-limit = 1 (custom)
2019-08-16 03:31:13,067 INFO  grpc.GrpcConfigKeys$Server (ConfUtils.java:logGet(43)) - raft.grpc.server.leader.outstanding.appends.max = 128 (default)
2019-08-16 03:31:13,067 INFO  server.RaftServerConfigKeys (ConfUtils.java:logGet(43)) - raft.server.rpc.request.timeout = 3000ms (default)
2019-08-16 03:31:13,067 INFO  server.RaftServerConfigKeys (ConfUtils.java:logGet(43)) - raft.server.log.appender.install.snapshot.enabled = false (custom)
2019-08-16 03:31:13,067 INFO  server.RaftServerConfigKeys (ConfUtils.java:logGet(43)) - raft.server.log.appender.snapshot.chunk.size.max = 16MB (=16777216) (default)
2019-08-16 03:31:13,068 INFO  server.RaftServerConfigKeys (ConfUtils.java:logGet(43)) - raft.server.log.appender.buffer.byte-limit = 33554432 (custom)
2019-08-16 03:31:13,068 INFO  server.RaftServerConfigKeys (ConfUtils.java:logGet(43)) - raft.server.log.appender.buffer.element-limit = 1 (custom)
2019-08-16 03:31:13,068 INFO  grpc.GrpcConfigKeys$Server (ConfUtils.java:logGet(43)) - raft.grpc.server.leader.outstanding.appends.max = 128 (default)
2019-08-16 03:31:13,068 INFO  server.RaftServerConfigKeys (ConfUtils.java:logGet(43)) - raft.server.rpc.request.timeout = 3000ms (default)
2019-08-16 03:31:13,069 INFO  server.RaftServerConfigKeys (ConfUtils.java:logGet(43)) - raft.server.log.appender.install.snapshot.enabled = false (custom)
2019-08-16 03:31:13,069 INFO  impl.RoleInfo (RoleInfo.java:updateAndGet(143)) - 46d44a41-52a2-4384-8ac9-ea51a453f0ed: start LeaderState
2019-08-16 03:31:13,069 INFO  segmented.SegmentedRaftLogWorker (SegmentedRaftLogWorker.java:startLogSegment(380)) - 46d44a41-52a2-4384-8ac9-ea51a453f0ed-SegmentedRaftLogWorker:Storage Directory /workdir/hadoop-ozone/integration-test/target/test-dir/MiniOzoneClusterImpl-15f544e2-cbcb-4b36-b33b-c7f51713c2ca/datanode-4/data/ratis/e925a6a9-19ad-42d2-a4e7-a3b8d7718baa: Starting segment from index:0
2019-08-16 03:31:13,071 INFO  impl.RaftServerImpl (ServerState.java:setRaftConf(361)) - 46d44a41-52a2-4384-8ac9-ea51a453f0ed:group-A3B8D7718BAA set configuration 0: [d09ef4f6-1049-4531-a31d-7b1aaaabfa10:192.168.5.170:33465, 46d44a41-52a2-4384-8ac9-ea51a453f0ed:192.168.5.170:36884, cdebeb69-c8d8-4c6e-838e-5fcab217bc63:192.168.5.170:42155], old=null at 0
2019-08-16 03:31:13,125 INFO  segmented.SegmentedRaftLogWorker (SegmentedRaftLogWorker.java:execute(569)) - 46d44a41-52a2-4384-8ac9-ea51a453f0ed-SegmentedRaftLogWorker:Storage Directory /workdir/hadoop-ozone/integration-test/target/test-dir/MiniOzoneClusterImpl-15f544e2-cbcb-4b36-b33b-c7f51713c2ca/datanode-4/data/ratis/e925a6a9-19ad-42d2-a4e7-a3b8d7718baa: created new log segment /workdir/hadoop-ozone/integration-test/target/test-dir/MiniOzoneClusterImpl-15f544e2-cbcb-4b36-b33b-c7f51713c2ca/datanode-4/data/ratis/e925a6a9-19ad-42d2-a4e7-a3b8d7718baa/current/log_inprogress_0
2019-08-16 03:31:13,129 INFO  impl.RaftServerImpl (ServerState.java:setLeader(263)) - d09ef4f6-1049-4531-a31d-7b1aaaabfa10:group-A3B8D7718BAA change Leader from null to 46d44a41-52a2-4384-8ac9-ea51a453f0ed at term 2 for appendEntries, leader elected after 10373ms
2019-08-16 03:31:13,129 INFO  impl.RaftServerImpl (ServerState.java:setLeader(263)) - cdebeb69-c8d8-4c6e-838e-5fcab217bc63:group-A3B8D7718BAA change Leader from null to 46d44a41-52a2-4384-8ac9-ea51a453f0ed at term 2 for appendEntries, leader elected after 10373ms
2019-08-16 03:31:13,174 INFO  client.GrpcClientProtocolClient (GrpcClientProtocolClient.java:onNext(255)) - client-87460C9C9625->cdebeb69-c8d8-4c6e-838e-5fcab217bc63: receive RaftClientReply:client-87460C9C9625->cdebeb69-c8d8-4c6e-838e-5fcab217bc63@group-A3B8D7718BAA, cid=13, FAILED org.apache.ratis.protocol.NotLeaderException: Server cdebeb69-c8d8-4c6e-838e-5fcab217bc63 is not the leader (46d44a41-52a2-4384-8ac9-ea51a453f0ed:192.168.5.170:36884). Request must be sent to leader., logIndex=0, commits[cdebeb69-c8d8-4c6e-838e-5fcab217bc63:c-1, d09ef4f6-1049-4531-a31d-7b1aaaabfa10:c-1, 46d44a41-52a2-4384-8ac9-ea51a453f0ed:c-1]
2019-08-16 03:31:13,185 INFO  impl.RaftServerImpl (ServerState.java:setRaftConf(361)) - cdebeb69-c8d8-4c6e-838e-5fcab217bc63:group-A3B8D7718BAA set configuration 0: [d09ef4f6-1049-4531-a31d-7b1aaaabfa10:192.168.5.170:33465, 46d44a41-52a2-4384-8ac9-ea51a453f0ed:192.168.5.170:36884, cdebeb69-c8d8-4c6e-838e-5fcab217bc63:192.168.5.170:42155], old=null at 0
2019-08-16 03:31:13,185 INFO  impl.RaftServerImpl (ServerState.java:setRaftConf(361)) - d09ef4f6-1049-4531-a31d-7b1aaaabfa10:group-A3B8D7718BAA set configuration 0: [d09ef4f6-1049-4531-a31d-7b1aaaabfa10:192.168.5.170:33465, 46d44a41-52a2-4384-8ac9-ea51a453f0ed:192.168.5.170:36884, cdebeb69-c8d8-4c6e-838e-5fcab217bc63:192.168.5.170:42155], old=null at 0
2019-08-16 03:31:13,187 INFO  segmented.SegmentedRaftLogWorker (SegmentedRaftLogWorker.java:startLogSegment(380)) - cdebeb69-c8d8-4c6e-838e-5fcab217bc63-SegmentedRaftLogWorker:Storage Directory /workdir/hadoop-ozone/integration-test/target/test-dir/MiniOzoneClusterImpl-15f544e2-cbcb-4b36-b33b-c7f51713c2ca/datanode-5/data/ratis/e925a6a9-19ad-42d2-a4e7-a3b8d7718baa: Starting segment from index:0
2019-08-16 03:31:13,187 INFO  segmented.SegmentedRaftLogWorker (SegmentedRaftLogWorker.java:startLogSegment(380)) - d09ef4f6-1049-4531-a31d-7b1aaaabfa10-SegmentedRaftLogWorker:Storage Directory /workdir/hadoop-ozone/integration-test/target/test-dir/MiniOzoneClusterImpl-15f544e2-cbcb-4b36-b33b-c7f51713c2ca/datanode-0/data/ratis/e925a6a9-19ad-42d2-a4e7-a3b8d7718baa: Starting segment from index:0
2019-08-16 03:31:13,225 INFO  segmented.SegmentedRaftLogWorker (SegmentedRaftLogWorker.java:execute(569)) - cdebeb69-c8d8-4c6e-838e-5fcab217bc63-SegmentedRaftLogWorker:Storage Directory /workdir/hadoop-ozone/integration-test/target/test-dir/MiniOzoneClusterImpl-15f544e2-cbcb-4b36-b33b-c7f51713c2ca/datanode-5/data/ratis/e925a6a9-19ad-42d2-a4e7-a3b8d7718baa: created new log segment /workdir/hadoop-ozone/integration-test/target/test-dir/MiniOzoneClusterImpl-15f544e2-cbcb-4b36-b33b-c7f51713c2ca/datanode-5/data/ratis/e925a6a9-19ad-42d2-a4e7-a3b8d7718baa/current/log_inprogress_0
2019-08-16 03:31:13,250 INFO  segmented.SegmentedRaftLogWorker (SegmentedRaftLogWorker.java:execute(569)) - d09ef4f6-1049-4531-a31d-7b1aaaabfa10-SegmentedRaftLogWorker:Storage Directory /workdir/hadoop-ozone/integration-test/target/test-dir/MiniOzoneClusterImpl-15f544e2-cbcb-4b36-b33b-c7f51713c2ca/datanode-0/data/ratis/e925a6a9-19ad-42d2-a4e7-a3b8d7718baa: created new log segment /workdir/hadoop-ozone/integration-test/target/test-dir/MiniOzoneClusterImpl-15f544e2-cbcb-4b36-b33b-c7f51713c2ca/datanode-0/data/ratis/e925a6a9-19ad-42d2-a4e7-a3b8d7718baa/current/log_inprogress_0
2019-08-16 03:31:13,475 INFO  client.GrpcClientProtocolClient (GrpcClientProtocolClient.java:onNext(255)) - client-87460C9C9625->46d44a41-52a2-4384-8ac9-ea51a453f0ed: receive RaftClientReply:client-87460C9C9625->46d44a41-52a2-4384-8ac9-ea51a453f0ed@group-A3B8D7718BAA, cid=13, SUCCESS, logIndex=1, commits[46d44a41-52a2-4384-8ac9-ea51a453f0ed:c1, d09ef4f6-1049-4531-a31d-7b1aaaabfa10:c0, cdebeb69-c8d8-4c6e-838e-5fcab217bc63:c0]
2019-08-16 03:31:13,522 INFO  client.GrpcClientProtocolClient (GrpcClientProtocolClient.java:onNext(255)) - client-87460C9C9625->46d44a41-52a2-4384-8ac9-ea51a453f0ed: receive RaftClientReply:client-87460C9C9625->46d44a41-52a2-4384-8ac9-ea51a453f0ed@group-A3B8D7718BAA, cid=14, SUCCESS, logIndex=3, commits[46d44a41-52a2-4384-8ac9-ea51a453f0ed:c3, d09ef4f6-1049-4531-a31d-7b1aaaabfa10:c2, cdebeb69-c8d8-4c6e-838e-5fcab217bc63:c2]
2019-08-16 03:31:13,641 INFO  client.GrpcClientProtocolClient (GrpcClientProtocolClient.java:onNext(255)) - client-87460C9C9625->46d44a41-52a2-4384-8ac9-ea51a453f0ed: receive RaftClientReply:client-87460C9C9625->46d44a41-52a2-4384-8ac9-ea51a453f0ed@group-A3B8D7718BAA, cid=15, SUCCESS, logIndex=4, commits[46d44a41-52a2-4384-8ac9-ea51a453f0ed:c12, d09ef4f6-1049-4531-a31d-7b1aaaabfa10:c7, cdebeb69-c8d8-4c6e-838e-5fcab217bc63:c7]
2019-08-16 03:31:13,644 INFO  client.GrpcClientProtocolClient (GrpcClientProtocolClient.java:onNext(255)) - client-87460C9C9625->46d44a41-52a2-4384-8ac9-ea51a453f0ed: receive RaftClientReply:client-87460C9C9625->46d44a41-52a2-4384-8ac9-ea51a453f0ed@group-A3B8D7718BAA, cid=16, SUCCESS, logIndex=5, commits[46d44a41-52a2-4384-8ac9-ea51a453f0ed:c12, d09ef4f6-1049-4531-a31d-7b1aaaabfa10:c7, cdebeb69-c8d8-4c6e-838e-5fcab217bc63:c7]
2019-08-16 03:31:13,645 INFO  client.GrpcClientProtocolClient (GrpcClientProtocolClient.java:onNext(255)) - client-87460C9C9625->46d44a41-52a2-4384-8ac9-ea51a453f0ed: receive RaftClientReply:client-87460C9C9625->46d44a41-52a2-4384-8ac9-ea51a453f0ed@group-A3B8D7718BAA, cid=17, SUCCESS, logIndex=6, commits[46d44a41-52a2-4384-8ac9-ea51a453f0ed:c12, d09ef4f6-1049-4531-a31d-7b1aaaabfa10:c7, cdebeb69-c8d8-4c6e-838e-5fcab217bc63:c7]
2019-08-16 03:31:13,776 INFO  client.GrpcClientProtocolClient (GrpcClientProtocolClient.java:onNext(255)) - client-87460C9C9625->46d44a41-52a2-4384-8ac9-ea51a453f0ed: receive RaftClientReply:client-87460C9C9625->46d44a41-52a2-4384-8ac9-ea51a453f0ed@group-A3B8D7718BAA, cid=18, SUCCESS, logIndex=7, commits[46d44a41-52a2-4384-8ac9-ea51a453f0ed:c12, d09ef4f6-1049-4531-a31d-7b1aaaabfa10:c7, cdebeb69-c8d8-4c6e-838e-5fcab217bc63:c7]
2019-08-16 03:31:13,813 INFO  client.GrpcClientProtocolClient (GrpcClientProtocolClient.java:onNext(255)) - client-87460C9C9625->46d44a41-52a2-4384-8ac9-ea51a453f0ed: receive RaftClientReply:client-87460C9C9625->46d44a41-52a2-4384-8ac9-ea51a453f0ed@group-A3B8D7718BAA, cid=19, SUCCESS, logIndex=13, commits[46d44a41-52a2-4384-8ac9-ea51a453f0ed:c13, d09ef4f6-1049-4531-a31d-7b1aaaabfa10:c12, cdebeb69-c8d8-4c6e-838e-5fcab217bc63:c12]
2019-08-16 03:31:13,831 INFO  client.GrpcClientProtocolClient (GrpcClientProtocolClient.java:onNext(255)) - client-87460C9C9625->46d44a41-52a2-4384-8ac9-ea51a453f0ed: receive RaftClientReply:client-87460C9C9625->46d44a41-52a2-4384-8ac9-ea51a453f0ed@group-A3B8D7718BAA, cid=20, SUCCESS, logIndex=14, commits[46d44a41-52a2-4384-8ac9-ea51a453f0ed:c14, d09ef4f6-1049-4531-a31d-7b1aaaabfa10:c12, cdebeb69-c8d8-4c6e-838e-5fcab217bc63:c12]
2019-08-16 03:31:14,849 WARN  scm.XceiverClientRatis (XceiverClientRatis.java:watchForCommit(262)) - 3 way commit failed on pipeline Pipeline[ Id: e925a6a9-19ad-42d2-a4e7-a3b8d7718baa, Nodes: cdebeb69-c8d8-4c6e-838e-5fcab217bc63{ip: 192.168.5.170, host: byscane-nightly-5jrvm-589107607, networkLocation: /default-rack, certSerialId: null}46d44a41-52a2-4384-8ac9-ea51a453f0ed{ip: 192.168.5.170, host: byscane-nightly-5jrvm-589107607, networkLocation: /default-rack, certSerialId: null}d09ef4f6-1049-4531-a31d-7b1aaaabfa10{ip: 192.168.5.170, host: byscane-nightly-5jrvm-589107607, networkLocation: /default-rack, certSerialId: null}, Type:RATIS, Factor:THREE, State:OPEN]
java.util.concurrent.TimeoutException
	at java.util.concurrent.CompletableFuture.timedGet(CompletableFuture.java:1771)
	at java.util.concurrent.CompletableFuture.get(CompletableFuture.java:1915)
	at org.apache.hadoop.hdds.scm.XceiverClientRatis.watchForCommit(XceiverClientRatis.java:259)
	at org.apache.hadoop.hdds.scm.storage.CommitWatcher.watchForCommit(CommitWatcher.java:194)
	at org.apache.hadoop.hdds.scm.storage.CommitWatcher.watchOnLastIndex(CommitWatcher.java:157)
	at org.apache.hadoop.hdds.scm.storage.BlockOutputStream.watchForCommit(BlockOutputStream.java:347)
	at org.apache.hadoop.hdds.scm.storage.BlockOutputStream.handleFlush(BlockOutputStream.java:479)
	at org.apache.hadoop.hdds.scm.storage.BlockOutputStream.flush(BlockOutputStream.java:428)
	at org.apache.hadoop.ozone.client.io.BlockOutputStreamEntry.flush(BlockOutputStreamEntry.java:136)
	at org.apache.hadoop.ozone.client.io.KeyOutputStream.handleFlushOrClose(KeyOutputStream.java:442)
	at org.apache.hadoop.ozone.client.io.KeyOutputStream.flush(KeyOutputStream.java:396)
	at org.apache.hadoop.ozone.client.io.OzoneOutputStream.flush(OzoneOutputStream.java:54)
	at org.apache.hadoop.ozone.client.rpc.TestBlockOutputStreamWithFailures.test2DatanodesFailure(TestBlockOutputStreamWithFailures.java:461)
	at sun.reflect.NativeMethodAccessorImpl.invoke0(Native Method)
	at sun.reflect.NativeMethodAccessorImpl.invoke(NativeMethodAccessorImpl.java:62)
	at sun.reflect.DelegatingMethodAccessorImpl.invoke(DelegatingMethodAccessorImpl.java:43)
	at java.lang.reflect.Method.invoke(Method.java:498)
	at org.junit.runners.model.FrameworkMethod$1.runReflectiveCall(FrameworkMethod.java:47)
	at org.junit.internal.runners.model.ReflectiveCallable.run(ReflectiveCallable.java:12)
	at org.junit.runners.model.FrameworkMethod.invokeExplosively(FrameworkMethod.java:44)
	at org.junit.internal.runners.statements.InvokeMethod.evaluate(InvokeMethod.java:17)
	at org.junit.internal.runners.statements.RunBefores.evaluate(RunBefores.java:26)
	at org.junit.internal.runners.statements.RunAfters.evaluate(RunAfters.java:27)
	at org.junit.runners.ParentRunner.runLeaf(ParentRunner.java:271)
	at org.junit.runners.BlockJUnit4ClassRunner.runChild(BlockJUnit4ClassRunner.java:70)
	at org.junit.runners.BlockJUnit4ClassRunner.runChild(BlockJUnit4ClassRunner.java:50)
	at org.junit.runners.ParentRunner$3.run(ParentRunner.java:238)
	at org.junit.runners.ParentRunner$1.schedule(ParentRunner.java:63)
	at org.junit.runners.ParentRunner.runChildren(ParentRunner.java:236)
	at org.junit.runners.ParentRunner.access$000(ParentRunner.java:53)
	at org.junit.runners.ParentRunner$2.evaluate(ParentRunner.java:229)
	at org.junit.runners.ParentRunner.run(ParentRunner.java:309)
	at org.apache.maven.surefire.junit4.JUnit4Provider.execute(JUnit4Provider.java:365)
	at org.apache.maven.surefire.junit4.JUnit4Provider.executeWithRerun(JUnit4Provider.java:273)
	at org.apache.maven.surefire.junit4.JUnit4Provider.executeTestSet(JUnit4Provider.java:238)
	at org.apache.maven.surefire.junit4.JUnit4Provider.invoke(JUnit4Provider.java:159)
	at org.apache.maven.surefire.booter.ForkedBooter.invokeProviderInSameClassLoader(ForkedBooter.java:384)
	at org.apache.maven.surefire.booter.ForkedBooter.runSuitesInProcess(ForkedBooter.java:345)
	at org.apache.maven.surefire.booter.ForkedBooter.execute(ForkedBooter.java:126)
	at org.apache.maven.surefire.booter.ForkedBooter.main(ForkedBooter.java:418)
2019-08-16 03:31:15,855 WARN  storage.CommitWatcher (CommitWatcher.java:watchForCommit(203)) - watchForCommit failed for index 14
java.util.concurrent.TimeoutException
	at java.util.concurrent.CompletableFuture.timedGet(CompletableFuture.java:1771)
	at java.util.concurrent.CompletableFuture.get(CompletableFuture.java:1915)
	at org.apache.hadoop.hdds.scm.XceiverClientRatis.watchForCommit(XceiverClientRatis.java:268)
	at org.apache.hadoop.hdds.scm.storage.CommitWatcher.watchForCommit(CommitWatcher.java:194)
	at org.apache.hadoop.hdds.scm.storage.CommitWatcher.watchOnLastIndex(CommitWatcher.java:157)
	at org.apache.hadoop.hdds.scm.storage.BlockOutputStream.watchForCommit(BlockOutputStream.java:347)
	at org.apache.hadoop.hdds.scm.storage.BlockOutputStream.handleFlush(BlockOutputStream.java:479)
	at org.apache.hadoop.hdds.scm.storage.BlockOutputStream.flush(BlockOutputStream.java:428)
	at org.apache.hadoop.ozone.client.io.BlockOutputStreamEntry.flush(BlockOutputStreamEntry.java:136)
	at org.apache.hadoop.ozone.client.io.KeyOutputStream.handleFlushOrClose(KeyOutputStream.java:442)
	at org.apache.hadoop.ozone.client.io.KeyOutputStream.flush(KeyOutputStream.java:396)
	at org.apache.hadoop.ozone.client.io.OzoneOutputStream.flush(OzoneOutputStream.java:54)
	at org.apache.hadoop.ozone.client.rpc.TestBlockOutputStreamWithFailures.test2DatanodesFailure(TestBlockOutputStreamWithFailures.java:461)
	at sun.reflect.NativeMethodAccessorImpl.invoke0(Native Method)
	at sun.reflect.NativeMethodAccessorImpl.invoke(NativeMethodAccessorImpl.java:62)
	at sun.reflect.DelegatingMethodAccessorImpl.invoke(DelegatingMethodAccessorImpl.java:43)
	at java.lang.reflect.Method.invoke(Method.java:498)
	at org.junit.runners.model.FrameworkMethod$1.runReflectiveCall(FrameworkMethod.java:47)
	at org.junit.internal.runners.model.ReflectiveCallable.run(ReflectiveCallable.java:12)
	at org.junit.runners.model.FrameworkMethod.invokeExplosively(FrameworkMethod.java:44)
	at org.junit.internal.runners.statements.InvokeMethod.evaluate(InvokeMethod.java:17)
	at org.junit.internal.runners.statements.RunBefores.evaluate(RunBefores.java:26)
	at org.junit.internal.runners.statements.RunAfters.evaluate(RunAfters.java:27)
	at org.junit.runners.ParentRunner.runLeaf(ParentRunner.java:271)
	at org.junit.runners.BlockJUnit4ClassRunner.runChild(BlockJUnit4ClassRunner.java:70)
	at org.junit.runners.BlockJUnit4ClassRunner.runChild(BlockJUnit4ClassRunner.java:50)
	at org.junit.runners.ParentRunner$3.run(ParentRunner.java:238)
	at org.junit.runners.ParentRunner$1.schedule(ParentRunner.java:63)
	at org.junit.runners.ParentRunner.runChildren(ParentRunner.java:236)
	at org.junit.runners.ParentRunner.access$000(ParentRunner.java:53)
	at org.junit.runners.ParentRunner$2.evaluate(ParentRunner.java:229)
	at org.junit.runners.ParentRunner.run(ParentRunner.java:309)
	at org.apache.maven.surefire.junit4.JUnit4Provider.execute(JUnit4Provider.java:365)
	at org.apache.maven.surefire.junit4.JUnit4Provider.executeWithRerun(JUnit4Provider.java:273)
	at org.apache.maven.surefire.junit4.JUnit4Provider.executeTestSet(JUnit4Provider.java:238)
	at org.apache.maven.surefire.junit4.JUnit4Provider.invoke(JUnit4Provider.java:159)
	at org.apache.maven.surefire.booter.ForkedBooter.invokeProviderInSameClassLoader(ForkedBooter.java:384)
	at org.apache.maven.surefire.booter.ForkedBooter.runSuitesInProcess(ForkedBooter.java:345)
	at org.apache.maven.surefire.booter.ForkedBooter.execute(ForkedBooter.java:126)
	at org.apache.maven.surefire.booter.ForkedBooter.main(ForkedBooter.java:418)
2019-08-16 03:31:15,858 WARN  io.KeyOutputStream (KeyOutputStream.java:handleException(276)) - Encountered exception java.io.IOException: Unexpected Storage Container Exception: java.io.IOException: Unexpected Storage Container Exception: java.util.concurrent.TimeoutException on the pipeline Pipeline[ Id: e925a6a9-19ad-42d2-a4e7-a3b8d7718baa, Nodes: cdebeb69-c8d8-4c6e-838e-5fcab217bc63{ip: 192.168.5.170, host: byscane-nightly-5jrvm-589107607, networkLocation: /default-rack, certSerialId: null}46d44a41-52a2-4384-8ac9-ea51a453f0ed{ip: 192.168.5.170, host: byscane-nightly-5jrvm-589107607, networkLocation: /default-rack, certSerialId: null}d09ef4f6-1049-4531-a31d-7b1aaaabfa10{ip: 192.168.5.170, host: byscane-nightly-5jrvm-589107607, networkLocation: /default-rack, certSerialId: null}, Type:RATIS, Factor:THREE, State:OPEN]. The last committed block length is 400, uncommitted data length is 50 retry count 0
2019-08-16 03:31:15,929 INFO  client.GrpcClientProtocolClient (GrpcClientProtocolClient.java:onNext(255)) - client-AC009856D752->51cb1f54-fb73-41c6-af18-28702c88289a: receive RaftClientReply:client-AC009856D752->51cb1f54-fb73-41c6-af18-28702c88289a@group-B868EF335BC7, cid=23, FAILED org.apache.ratis.protocol.NotLeaderException: Server 51cb1f54-fb73-41c6-af18-28702c88289a is not the leader (null). Request must be sent to leader., logIndex=0, commits[51cb1f54-fb73-41c6-af18-28702c88289a:c-1]
2019-08-16 03:31:16,347 INFO  client.GrpcClientProtocolClient (GrpcClientProtocolClient.java:onNext(255)) - client-87460C9C9625->46d44a41-52a2-4384-8ac9-ea51a453f0ed: receive RaftClientReply:client-87460C9C9625->46d44a41-52a2-4384-8ac9-ea51a453f0ed@group-A3B8D7718BAA, cid=22, SUCCESS, logIndex=0, commits[46d44a41-52a2-4384-8ac9-ea51a453f0ed:c16, d09ef4f6-1049-4531-a31d-7b1aaaabfa10:c16, cdebeb69-c8d8-4c6e-838e-5fcab217bc63:c16]
2019-08-16 03:31:16,350 INFO  client.GrpcClientProtocolClient (GrpcClientProtocolClient.java:onNext(255)) - client-87460C9C9625->46d44a41-52a2-4384-8ac9-ea51a453f0ed: receive RaftClientReply:client-87460C9C9625->46d44a41-52a2-4384-8ac9-ea51a453f0ed@group-A3B8D7718BAA, cid=21, SUCCESS, logIndex=0, commits[46d44a41-52a2-4384-8ac9-ea51a453f0ed:c16, d09ef4f6-1049-4531-a31d-7b1aaaabfa10:c16, cdebeb69-c8d8-4c6e-838e-5fcab217bc63:c16]
2019-08-16 03:31:16,964 INFO  client.GrpcClientProtocolClient (GrpcClientProtocolClient.java:onNext(255)) - client-AC009856D752->75a6d948-9799-4e38-bb4d-0bcbb68a8180: receive RaftClientReply:client-AC009856D752->75a6d948-9799-4e38-bb4d-0bcbb68a8180@group-B868EF335BC7, cid=23, FAILED org.apache.ratis.protocol.NotLeaderException: Server 75a6d948-9799-4e38-bb4d-0bcbb68a8180 is not the leader (null). Request must be sent to leader., logIndex=0, commits[75a6d948-9799-4e38-bb4d-0bcbb68a8180:c-1, 942b18c5-366c-4586-965c-19eb0513ec42:c-1, 51cb1f54-fb73-41c6-af18-28702c88289a:c-1]
2019-08-16 03:31:17,967 INFO  impl.FollowerState (FollowerState.java:run(106)) - 75a6d948-9799-4e38-bb4d-0bcbb68a8180:group-B868EF335BC7 changes to CANDIDATE, lastRpcTime:5014, electionTimeout:5012ms
2019-08-16 03:31:17,967 INFO  impl.RoleInfo (RoleInfo.java:shutdownFollowerState(121)) - 75a6d948-9799-4e38-bb4d-0bcbb68a8180: shutdown FollowerState
2019-08-16 03:31:17,967 INFO  impl.RaftServerImpl (RaftServerImpl.java:setRole(171)) - 75a6d948-9799-4e38-bb4d-0bcbb68a8180:group-B868EF335BC7 changes role from FOLLOWER to CANDIDATE at term 3 for changeToCandidate
2019-08-16 03:31:17,967 INFO  impl.RoleInfo (RoleInfo.java:updateAndGet(143)) - 75a6d948-9799-4e38-bb4d-0bcbb68a8180: start LeaderElection
2019-08-16 03:31:17,988 INFO  client.GrpcClientProtocolClient (GrpcClientProtocolClient.java:onNext(255)) - client-AC009856D752->942b18c5-366c-4586-965c-19eb0513ec42: receive RaftClientReply:client-AC009856D752->942b18c5-366c-4586-965c-19eb0513ec42@group-B868EF335BC7, cid=23, FAILED org.apache.ratis.protocol.NotLeaderException: Server 942b18c5-366c-4586-965c-19eb0513ec42 is not the leader (null). Request must be sent to leader., logIndex=0, commits[942b18c5-366c-4586-965c-19eb0513ec42:c-1]
2019-08-16 03:31:17,996 INFO  impl.LeaderElection (LeaderElection.java:askForVotes(181)) - 75a6d948-9799-4e38-bb4d-0bcbb68a8180:group-B868EF335BC7:LeaderElection17: begin an election at term 4 for 0: [942b18c5-366c-4586-965c-19eb0513ec42:192.168.5.170:43588, 75a6d948-9799-4e38-bb4d-0bcbb68a8180:192.168.5.170:33463, 51cb1f54-fb73-41c6-af18-28702c88289a:192.168.5.170:32814], old=null
2019-08-16 03:31:18,029 INFO  impl.RaftServerImpl (RaftServerImpl.java:setRole(171)) - 51cb1f54-fb73-41c6-af18-28702c88289a:group-B868EF335BC7 changes role from FOLLOWER to FOLLOWER at term 4 for recognizeCandidate:75a6d948-9799-4e38-bb4d-0bcbb68a8180
2019-08-16 03:31:18,029 INFO  impl.RaftServerImpl (RaftServerImpl.java:setRole(171)) - 942b18c5-366c-4586-965c-19eb0513ec42:group-B868EF335BC7 changes role from FOLLOWER to FOLLOWER at term 4 for recognizeCandidate:75a6d948-9799-4e38-bb4d-0bcbb68a8180
2019-08-16 03:31:18,029 INFO  impl.RoleInfo (RoleInfo.java:shutdownFollowerState(121)) - 51cb1f54-fb73-41c6-af18-28702c88289a: shutdown FollowerState
2019-08-16 03:31:18,029 INFO  impl.RoleInfo (RoleInfo.java:shutdownFollowerState(121)) - 942b18c5-366c-4586-965c-19eb0513ec42: shutdown FollowerState
2019-08-16 03:31:18,029 INFO  impl.RoleInfo (RoleInfo.java:updateAndGet(143)) - 51cb1f54-fb73-41c6-af18-28702c88289a: start FollowerState
2019-08-16 03:31:18,030 INFO  impl.FollowerState (FollowerState.java:run(114)) - 942b18c5-366c-4586-965c-19eb0513ec42: FollowerState was interrupted: java.lang.InterruptedException: sleep interrupted
2019-08-16 03:31:18,030 INFO  impl.RoleInfo (RoleInfo.java:updateAndGet(143)) - 942b18c5-366c-4586-965c-19eb0513ec42: start FollowerState
2019-08-16 03:31:18,030 INFO  impl.FollowerState (FollowerState.java:run(114)) - 51cb1f54-fb73-41c6-af18-28702c88289a: FollowerState was interrupted: java.lang.InterruptedException: sleep interrupted
2019-08-16 03:31:18,057 INFO  impl.LeaderElection (LeaderElection.java:logAndReturn(56)) - 75a6d948-9799-4e38-bb4d-0bcbb68a8180:group-B868EF335BC7:LeaderElection17: Election PASSED; received 1 response(s) [75a6d948-9799-4e38-bb4d-0bcbb68a8180<-51cb1f54-fb73-41c6-af18-28702c88289a#0:OK-t4] and 0 exception(s); 75a6d948-9799-4e38-bb4d-0bcbb68a8180:t4, leader=null, voted=75a6d948-9799-4e38-bb4d-0bcbb68a8180, raftlog=75a6d948-9799-4e38-bb4d-0bcbb68a8180-SegmentedRaftLog:OPENED:c-1,f0,i0, conf=0: [942b18c5-366c-4586-965c-19eb0513ec42:192.168.5.170:43588, 75a6d948-9799-4e38-bb4d-0bcbb68a8180:192.168.5.170:33463, 51cb1f54-fb73-41c6-af18-28702c88289a:192.168.5.170:32814], old=null
2019-08-16 03:31:18,057 INFO  impl.RoleInfo (RoleInfo.java:shutdownLeaderElection(134)) - 75a6d948-9799-4e38-bb4d-0bcbb68a8180: shutdown LeaderElection
2019-08-16 03:31:18,060 INFO  impl.RaftServerImpl (RaftServerImpl.java:setRole(171)) - 75a6d948-9799-4e38-bb4d-0bcbb68a8180:group-B868EF335BC7 changes role from CANDIDATE to LEADER at term 4 for changeToLeader
2019-08-16 03:31:18,060 INFO  impl.RaftServerImpl (ServerState.java:setLeader(263)) - 75a6d948-9799-4e38-bb4d-0bcbb68a8180:group-B868EF335BC7 change Leader from null to 75a6d948-9799-4e38-bb4d-0bcbb68a8180 at term 4 for becomeLeader, leader elected after 10167ms
2019-08-16 03:31:18,060 INFO  server.RaftServerConfigKeys (ConfUtils.java:logGet(43)) - raft.server.staging.catchup.gap = 1000 (default)
2019-08-16 03:31:18,060 INFO  server.RaftServerConfigKeys (ConfUtils.java:logGet(43)) - raft.server.rpc.sleep.time = 25ms (default)
2019-08-16 03:31:18,060 INFO  server.RaftServerConfigKeys (ConfUtils.java:logGet(43)) - raft.server.write.element-limit = 4096 (default)
2019-08-16 03:31:18,061 INFO  server.RaftServerConfigKeys (ConfUtils.java:logGet(43)) - raft.server.watch.timeout = 10s (default)
2019-08-16 03:31:18,061 INFO  server.RaftServerConfigKeys (ConfUtils.java:logGet(43)) - raft.server.watch.timeout.denomination = 1s (default)
2019-08-16 03:31:18,061 INFO  server.RaftServerConfigKeys (ConfUtils.java:logGet(43)) - raft.server.watch.element-limit = 65536 (default)
2019-08-16 03:31:18,061 INFO  server.RaftServerConfigKeys (ConfUtils.java:logGet(43)) - raft.server.log.appender.snapshot.chunk.size.max = 16MB (=16777216) (default)
2019-08-16 03:31:18,062 INFO  server.RaftServerConfigKeys (ConfUtils.java:logGet(43)) - raft.server.log.appender.buffer.byte-limit = 33554432 (custom)
2019-08-16 03:31:18,062 INFO  server.RaftServerConfigKeys (ConfUtils.java:logGet(43)) - raft.server.log.appender.buffer.element-limit = 1 (custom)
2019-08-16 03:31:18,062 INFO  grpc.GrpcConfigKeys$Server (ConfUtils.java:logGet(43)) - raft.grpc.server.leader.outstanding.appends.max = 128 (default)
2019-08-16 03:31:18,063 INFO  server.RaftServerConfigKeys (ConfUtils.java:logGet(43)) - raft.server.rpc.request.timeout = 3000ms (default)
2019-08-16 03:31:18,063 INFO  server.RaftServerConfigKeys (ConfUtils.java:logGet(43)) - raft.server.log.appender.install.snapshot.enabled = false (custom)
2019-08-16 03:31:18,063 INFO  server.RaftServerConfigKeys (ConfUtils.java:logGet(43)) - raft.server.log.appender.snapshot.chunk.size.max = 16MB (=16777216) (default)
2019-08-16 03:31:18,063 INFO  server.RaftServerConfigKeys (ConfUtils.java:logGet(43)) - raft.server.log.appender.buffer.byte-limit = 33554432 (custom)
2019-08-16 03:31:18,063 INFO  server.RaftServerConfigKeys (ConfUtils.java:logGet(43)) - raft.server.log.appender.buffer.element-limit = 1 (custom)
2019-08-16 03:31:18,064 INFO  grpc.GrpcConfigKeys$Server (ConfUtils.java:logGet(43)) - raft.grpc.server.leader.outstanding.appends.max = 128 (default)
2019-08-16 03:31:18,064 INFO  server.RaftServerConfigKeys (ConfUtils.java:logGet(43)) - raft.server.rpc.request.timeout = 3000ms (default)
2019-08-16 03:31:18,064 INFO  server.RaftServerConfigKeys (ConfUtils.java:logGet(43)) - raft.server.log.appender.install.snapshot.enabled = false (custom)
2019-08-16 03:31:18,064 INFO  impl.RoleInfo (RoleInfo.java:updateAndGet(143)) - 75a6d948-9799-4e38-bb4d-0bcbb68a8180: start LeaderState
2019-08-16 03:31:18,067 INFO  segmented.SegmentedRaftLogWorker (SegmentedRaftLogWorker.java:rollLogSegment(385)) - 75a6d948-9799-4e38-bb4d-0bcbb68a8180-SegmentedRaftLogWorker:Storage Directory /workdir/hadoop-ozone/integration-test/target/test-dir/MiniOzoneClusterImpl-15f544e2-cbcb-4b36-b33b-c7f51713c2ca/datanode-6/data/ratis/eac003d7-e315-44bc-8380-b868ef335bc7: Rolling segment log-0_0 to index:0
2019-08-16 03:31:18,069 INFO  impl.RaftServerImpl (ServerState.java:setRaftConf(361)) - 75a6d948-9799-4e38-bb4d-0bcbb68a8180:group-B868EF335BC7 set configuration 1: [942b18c5-366c-4586-965c-19eb0513ec42:192.168.5.170:43588, 75a6d948-9799-4e38-bb4d-0bcbb68a8180:192.168.5.170:33463, 51cb1f54-fb73-41c6-af18-28702c88289a:192.168.5.170:32814], old=null at 1
2019-08-16 03:31:18,073 INFO  segmented.SegmentedRaftLogWorker (SegmentedRaftLogWorker.java:execute(526)) - 75a6d948-9799-4e38-bb4d-0bcbb68a8180-SegmentedRaftLogWorker:Storage Directory /workdir/hadoop-ozone/integration-test/target/test-dir/MiniOzoneClusterImpl-15f544e2-cbcb-4b36-b33b-c7f51713c2ca/datanode-6/data/ratis/eac003d7-e315-44bc-8380-b868ef335bc7: Rolled log segment from /workdir/hadoop-ozone/integration-test/target/test-dir/MiniOzoneClusterImpl-15f544e2-cbcb-4b36-b33b-c7f51713c2ca/datanode-6/data/ratis/eac003d7-e315-44bc-8380-b868ef335bc7/current/log_inprogress_0 to /workdir/hadoop-ozone/integration-test/target/test-dir/MiniOzoneClusterImpl-15f544e2-cbcb-4b36-b33b-c7f51713c2ca/datanode-6/data/ratis/eac003d7-e315-44bc-8380-b868ef335bc7/current/log_0-0
2019-08-16 03:31:18,082 INFO  impl.RaftServerImpl (ServerState.java:setLeader(263)) - 51cb1f54-fb73-41c6-af18-28702c88289a:group-B868EF335BC7 change Leader from null to 75a6d948-9799-4e38-bb4d-0bcbb68a8180 at term 4 for appendEntries, leader elected after 15482ms
2019-08-16 03:31:18,082 INFO  impl.RaftServerImpl (ServerState.java:setLeader(263)) - 942b18c5-366c-4586-965c-19eb0513ec42:group-B868EF335BC7 change Leader from null to 75a6d948-9799-4e38-bb4d-0bcbb68a8180 at term 4 for appendEntries, leader elected after 15482ms
2019-08-16 03:31:18,083 INFO  impl.RaftServerImpl (RaftServerImpl.java:checkInconsistentAppendEntries(999)) - 51cb1f54-fb73-41c6-af18-28702c88289a: Failed appendEntries as previous log entry ((t:1, i:0)) is not found
2019-08-16 03:31:18,083 INFO  impl.RaftServerImpl (RaftServerImpl.java:checkInconsistentAppendEntries(999)) - 942b18c5-366c-4586-965c-19eb0513ec42: Failed appendEntries as previous log entry ((t:1, i:0)) is not found
2019-08-16 03:31:18,083 INFO  impl.RaftServerImpl (RaftServerImpl.java:checkInconsistentAppendEntries(972)) - 51cb1f54-fb73-41c6-af18-28702c88289a: inconsistency entries. Reply:75a6d948-9799-4e38-bb4d-0bcbb68a8180<-51cb1f54-fb73-41c6-af18-28702c88289a#0:FAIL,INCONSISTENCY,nextIndex:0,term:4,followerCommit:-1
2019-08-16 03:31:18,083 INFO  impl.RaftServerImpl (RaftServerImpl.java:checkInconsistentAppendEntries(972)) - 942b18c5-366c-4586-965c-19eb0513ec42: inconsistency entries. Reply:75a6d948-9799-4e38-bb4d-0bcbb68a8180<-942b18c5-366c-4586-965c-19eb0513ec42#0:FAIL,INCONSISTENCY,nextIndex:0,term:4,followerCommit:-1
2019-08-16 03:31:18,086 INFO  impl.FollowerInfo (FollowerInfo.java:lambda$new$0(50)) - 75a6d948-9799-4e38-bb4d-0bcbb68a8180->51cb1f54-fb73-41c6-af18-28702c88289a: nextIndex: updateUnconditionally 1 -> 0
2019-08-16 03:31:18,086 INFO  impl.FollowerInfo (FollowerInfo.java:lambda$new$0(50)) - 75a6d948-9799-4e38-bb4d-0bcbb68a8180->942b18c5-366c-4586-965c-19eb0513ec42: nextIndex: updateUnconditionally 1 -> 0
2019-08-16 03:31:18,121 INFO  impl.RaftServerImpl (ServerState.java:setRaftConf(361)) - 51cb1f54-fb73-41c6-af18-28702c88289a:group-B868EF335BC7 set configuration 0: [942b18c5-366c-4586-965c-19eb0513ec42:192.168.5.170:43588, 75a6d948-9799-4e38-bb4d-0bcbb68a8180:192.168.5.170:33463, 51cb1f54-fb73-41c6-af18-28702c88289a:192.168.5.170:32814], old=null at 0
2019-08-16 03:31:18,121 INFO  impl.RaftServerImpl (ServerState.java:setRaftConf(361)) - 942b18c5-366c-4586-965c-19eb0513ec42:group-B868EF335BC7 set configuration 0: [942b18c5-366c-4586-965c-19eb0513ec42:192.168.5.170:43588, 75a6d948-9799-4e38-bb4d-0bcbb68a8180:192.168.5.170:33463, 51cb1f54-fb73-41c6-af18-28702c88289a:192.168.5.170:32814], old=null at 0
2019-08-16 03:31:18,121 INFO  segmented.SegmentedRaftLogWorker (SegmentedRaftLogWorker.java:startLogSegment(380)) - 51cb1f54-fb73-41c6-af18-28702c88289a-SegmentedRaftLogWorker:Storage Directory /workdir/hadoop-ozone/integration-test/target/test-dir/MiniOzoneClusterImpl-15f544e2-cbcb-4b36-b33b-c7f51713c2ca/datanode-1/data/ratis/eac003d7-e315-44bc-8380-b868ef335bc7: Starting segment from index:0
2019-08-16 03:31:18,122 INFO  segmented.SegmentedRaftLogWorker (SegmentedRaftLogWorker.java:startLogSegment(380)) - 942b18c5-366c-4586-965c-19eb0513ec42-SegmentedRaftLogWorker:Storage Directory /workdir/hadoop-ozone/integration-test/target/test-dir/MiniOzoneClusterImpl-15f544e2-cbcb-4b36-b33b-c7f51713c2ca/datanode-3/data/ratis/eac003d7-e315-44bc-8380-b868ef335bc7: Starting segment from index:0
2019-08-16 03:31:18,123 INFO  impl.RaftServerImpl (ServerState.java:setRaftConf(361)) - 51cb1f54-fb73-41c6-af18-28702c88289a:group-B868EF335BC7 set configuration 1: [942b18c5-366c-4586-965c-19eb0513ec42:192.168.5.170:43588, 75a6d948-9799-4e38-bb4d-0bcbb68a8180:192.168.5.170:33463, 51cb1f54-fb73-41c6-af18-28702c88289a:192.168.5.170:32814], old=null at 1
2019-08-16 03:31:18,123 INFO  impl.RaftServerImpl (ServerState.java:setRaftConf(361)) - 942b18c5-366c-4586-965c-19eb0513ec42:group-B868EF335BC7 set configuration 1: [942b18c5-366c-4586-965c-19eb0513ec42:192.168.5.170:43588, 75a6d948-9799-4e38-bb4d-0bcbb68a8180:192.168.5.170:33463, 51cb1f54-fb73-41c6-af18-28702c88289a:192.168.5.170:32814], old=null at 1
2019-08-16 03:31:18,123 INFO  segmented.SegmentedRaftLogWorker (SegmentedRaftLogWorker.java:rollLogSegment(385)) - 51cb1f54-fb73-41c6-af18-28702c88289a-SegmentedRaftLogWorker:Storage Directory /workdir/hadoop-ozone/integration-test/target/test-dir/MiniOzoneClusterImpl-15f544e2-cbcb-4b36-b33b-c7f51713c2ca/datanode-1/data/ratis/eac003d7-e315-44bc-8380-b868ef335bc7: Rolling segment log-0_0 to index:0
2019-08-16 03:31:18,123 INFO  segmented.SegmentedRaftLogWorker (SegmentedRaftLogWorker.java:rollLogSegment(385)) - 942b18c5-366c-4586-965c-19eb0513ec42-SegmentedRaftLogWorker:Storage Directory /workdir/hadoop-ozone/integration-test/target/test-dir/MiniOzoneClusterImpl-15f544e2-cbcb-4b36-b33b-c7f51713c2ca/datanode-3/data/ratis/eac003d7-e315-44bc-8380-b868ef335bc7: Rolling segment log-0_0 to index:0
2019-08-16 03:31:18,131 INFO  segmented.SegmentedRaftLogWorker (SegmentedRaftLogWorker.java:execute(569)) - 75a6d948-9799-4e38-bb4d-0bcbb68a8180-SegmentedRaftLogWorker:Storage Directory /workdir/hadoop-ozone/integration-test/target/test-dir/MiniOzoneClusterImpl-15f544e2-cbcb-4b36-b33b-c7f51713c2ca/datanode-6/data/ratis/eac003d7-e315-44bc-8380-b868ef335bc7: created new log segment /workdir/hadoop-ozone/integration-test/target/test-dir/MiniOzoneClusterImpl-15f544e2-cbcb-4b36-b33b-c7f51713c2ca/datanode-6/data/ratis/eac003d7-e315-44bc-8380-b868ef335bc7/current/log_inprogress_1
2019-08-16 03:31:18,145 INFO  segmented.SegmentedRaftLogWorker (SegmentedRaftLogWorker.java:execute(569)) - 942b18c5-366c-4586-965c-19eb0513ec42-SegmentedRaftLogWorker:Storage Directory /workdir/hadoop-ozone/integration-test/target/test-dir/MiniOzoneClusterImpl-15f544e2-cbcb-4b36-b33b-c7f51713c2ca/datanode-3/data/ratis/eac003d7-e315-44bc-8380-b868ef335bc7: created new log segment /workdir/hadoop-ozone/integration-test/target/test-dir/MiniOzoneClusterImpl-15f544e2-cbcb-4b36-b33b-c7f51713c2ca/datanode-3/data/ratis/eac003d7-e315-44bc-8380-b868ef335bc7/current/log_inprogress_0
2019-08-16 03:31:18,145 INFO  segmented.SegmentedRaftLogWorker (SegmentedRaftLogWorker.java:execute(569)) - 51cb1f54-fb73-41c6-af18-28702c88289a-SegmentedRaftLogWorker:Storage Directory /workdir/hadoop-ozone/integration-test/target/test-dir/MiniOzoneClusterImpl-15f544e2-cbcb-4b36-b33b-c7f51713c2ca/datanode-1/data/ratis/eac003d7-e315-44bc-8380-b868ef335bc7: created new log segment /workdir/hadoop-ozone/integration-test/target/test-dir/MiniOzoneClusterImpl-15f544e2-cbcb-4b36-b33b-c7f51713c2ca/datanode-1/data/ratis/eac003d7-e315-44bc-8380-b868ef335bc7/current/log_inprogress_0
2019-08-16 03:31:18,157 INFO  segmented.SegmentedRaftLogWorker (SegmentedRaftLogWorker.java:execute(526)) - 942b18c5-366c-4586-965c-19eb0513ec42-SegmentedRaftLogWorker:Storage Directory /workdir/hadoop-ozone/integration-test/target/test-dir/MiniOzoneClusterImpl-15f544e2-cbcb-4b36-b33b-c7f51713c2ca/datanode-3/data/ratis/eac003d7-e315-44bc-8380-b868ef335bc7: Rolled log segment from /workdir/hadoop-ozone/integration-test/target/test-dir/MiniOzoneClusterImpl-15f544e2-cbcb-4b36-b33b-c7f51713c2ca/datanode-3/data/ratis/eac003d7-e315-44bc-8380-b868ef335bc7/current/log_inprogress_0 to /workdir/hadoop-ozone/integration-test/target/test-dir/MiniOzoneClusterImpl-15f544e2-cbcb-4b36-b33b-c7f51713c2ca/datanode-3/data/ratis/eac003d7-e315-44bc-8380-b868ef335bc7/current/log_0-0
2019-08-16 03:31:18,157 INFO  segmented.SegmentedRaftLogWorker (SegmentedRaftLogWorker.java:execute(526)) - 51cb1f54-fb73-41c6-af18-28702c88289a-SegmentedRaftLogWorker:Storage Directory /workdir/hadoop-ozone/integration-test/target/test-dir/MiniOzoneClusterImpl-15f544e2-cbcb-4b36-b33b-c7f51713c2ca/datanode-1/data/ratis/eac003d7-e315-44bc-8380-b868ef335bc7: Rolled log segment from /workdir/hadoop-ozone/integration-test/target/test-dir/MiniOzoneClusterImpl-15f544e2-cbcb-4b36-b33b-c7f51713c2ca/datanode-1/data/ratis/eac003d7-e315-44bc-8380-b868ef335bc7/current/log_inprogress_0 to /workdir/hadoop-ozone/integration-test/target/test-dir/MiniOzoneClusterImpl-15f544e2-cbcb-4b36-b33b-c7f51713c2ca/datanode-1/data/ratis/eac003d7-e315-44bc-8380-b868ef335bc7/current/log_0-0
2019-08-16 03:31:18,188 INFO  segmented.SegmentedRaftLogWorker (SegmentedRaftLogWorker.java:execute(569)) - 942b18c5-366c-4586-965c-19eb0513ec42-SegmentedRaftLogWorker:Storage Directory /workdir/hadoop-ozone/integration-test/target/test-dir/MiniOzoneClusterImpl-15f544e2-cbcb-4b36-b33b-c7f51713c2ca/datanode-3/data/ratis/eac003d7-e315-44bc-8380-b868ef335bc7: created new log segment /workdir/hadoop-ozone/integration-test/target/test-dir/MiniOzoneClusterImpl-15f544e2-cbcb-4b36-b33b-c7f51713c2ca/datanode-3/data/ratis/eac003d7-e315-44bc-8380-b868ef335bc7/current/log_inprogress_1
2019-08-16 03:31:18,188 INFO  segmented.SegmentedRaftLogWorker (SegmentedRaftLogWorker.java:execute(569)) - 51cb1f54-fb73-41c6-af18-28702c88289a-SegmentedRaftLogWorker:Storage Directory /workdir/hadoop-ozone/integration-test/target/test-dir/MiniOzoneClusterImpl-15f544e2-cbcb-4b36-b33b-c7f51713c2ca/datanode-1/data/ratis/eac003d7-e315-44bc-8380-b868ef335bc7: created new log segment /workdir/hadoop-ozone/integration-test/target/test-dir/MiniOzoneClusterImpl-15f544e2-cbcb-4b36-b33b-c7f51713c2ca/datanode-1/data/ratis/eac003d7-e315-44bc-8380-b868ef335bc7/current/log_inprogress_1
2019-08-16 03:31:19,009 INFO  client.GrpcClientProtocolClient (GrpcClientProtocolClient.java:onNext(255)) - client-AC009856D752->51cb1f54-fb73-41c6-af18-28702c88289a: receive RaftClientReply:client-AC009856D752->51cb1f54-fb73-41c6-af18-28702c88289a@group-B868EF335BC7, cid=23, FAILED org.apache.ratis.protocol.NotLeaderException: Server 51cb1f54-fb73-41c6-af18-28702c88289a is not the leader (75a6d948-9799-4e38-bb4d-0bcbb68a8180:192.168.5.170:33463). Request must be sent to leader., logIndex=0, commits[51cb1f54-fb73-41c6-af18-28702c88289a:c1, 942b18c5-366c-4586-965c-19eb0513ec42:c-1, 75a6d948-9799-4e38-bb4d-0bcbb68a8180:c1]
2019-08-16 03:31:19,188 INFO  client.GrpcClientProtocolClient (GrpcClientProtocolClient.java:onNext(255)) - client-AC009856D752->75a6d948-9799-4e38-bb4d-0bcbb68a8180: receive RaftClientReply:client-AC009856D752->75a6d948-9799-4e38-bb4d-0bcbb68a8180@group-B868EF335BC7, cid=23, SUCCESS, logIndex=3, commits[75a6d948-9799-4e38-bb4d-0bcbb68a8180:c3, 942b18c5-366c-4586-965c-19eb0513ec42:c2, 51cb1f54-fb73-41c6-af18-28702c88289a:c2]
2019-08-16 03:31:19,280 INFO  client.GrpcClientProtocolClient (GrpcClientProtocolClient.java:onNext(255)) - client-AC009856D752->75a6d948-9799-4e38-bb4d-0bcbb68a8180: receive RaftClientReply:client-AC009856D752->75a6d948-9799-4e38-bb4d-0bcbb68a8180@group-B868EF335BC7, cid=24, SUCCESS, logIndex=5, commits[75a6d948-9799-4e38-bb4d-0bcbb68a8180:c6, 942b18c5-366c-4586-965c-19eb0513ec42:c5, 51cb1f54-fb73-41c6-af18-28702c88289a:c5]
2019-08-16 03:31:19,282 INFO  ozone.MiniOzoneClusterImpl (MiniOzoneClusterImpl.java:shutdown(321)) - Shutting down the Mini Ozone Cluster
2019-08-16 03:31:19,283 INFO  ozone.MiniOzoneClusterImpl (MiniOzoneClusterImpl.java:stop(336)) - Stopping the Mini Ozone Cluster
2019-08-16 03:31:19,283 INFO  ozone.MiniOzoneClusterImpl (MiniOzoneClusterImpl.java:stop(338)) - Stopping the OzoneManager
2019-08-16 03:31:19,283 INFO  ipc.Server (Server.java:stop(3082)) - Stopping server on 36330
2019-08-16 03:31:19,284 INFO  ipc.Server (Server.java:run(1185)) - Stopping IPC Server listener on 36330
2019-08-16 03:31:19,285 INFO  utils.BackgroundService (BackgroundService.java:shutdown(148)) - Shutting down service KeyDeletingService
2019-08-16 03:31:19,285 INFO  ipc.Server (Server.java:run(1319)) - Stopping IPC Server Responder
2019-08-16 03:31:19,292 INFO  handler.ContextHandler (ContextHandler.java:doStop(910)) - Stopped o.e.j.w.WebAppContext@72ed9aad{/,null,UNAVAILABLE}{/ozoneManager}
2019-08-16 03:31:19,302 INFO  server.AbstractConnector (AbstractConnector.java:doStop(318)) - Stopped ServerConnector@4690f583{HTTP/1.1,[http/1.1]}{0.0.0.0:0}
2019-08-16 03:31:19,303 INFO  handler.ContextHandler (ContextHandler.java:doStop(910)) - Stopped o.e.j.s.ServletContextHandler@332f25c8{/static,file:///workdir/hadoop-ozone/integration-test/target/test-classes/webapps/static,UNAVAILABLE}
2019-08-16 03:31:19,303 INFO  handler.ContextHandler (ContextHandler.java:doStop(910)) - Stopped o.e.j.s.ServletContextHandler@40021799{/logs,file:///workdir/hadoop-ozone/integration-test/target/log,UNAVAILABLE}
2019-08-16 03:31:19,310 INFO  ozone.MiniOzoneClusterImpl (MiniOzoneClusterImpl.java:stop(344)) - Shutting the HddsDatanodes
2019-08-16 03:31:19,311 INFO  datanode.ObjectStoreHandler (ObjectStoreHandler.java:close(155)) - Closing ObjectStoreHandler.
2019-08-16 03:31:19,311 INFO  datanode.ObjectStoreHandler (ObjectStoreHandler.java:close(155)) - Closing ObjectStoreHandler.
2019-08-16 03:31:19,315 INFO  ozone.HddsDatanodeService (HddsDatanodeService.java:stop(451)) - Stopped plug-in org.apache.hadoop.ozone.web.OzoneHddsDatanodeService@79195c22
2019-08-16 03:31:19,315 INFO  ozone.HddsDatanodeService (HddsDatanodeService.java:stop(451)) - Stopped plug-in org.apache.hadoop.ozone.web.OzoneHddsDatanodeService@2f995afc
2019-08-16 03:31:19,380 INFO  statemachine.DatanodeStateMachine (DatanodeStateMachine.java:lambda$startDaemon$0(350)) - Ozone container server started.
2019-08-16 03:31:20,157 INFO  statemachine.DatanodeStateMachine (DatanodeStateMachine.java:lambda$startDaemon$0(350)) - Ozone container server started.
2019-08-16 03:31:23,394 INFO  node.StaleNodeHandler (StaleNodeHandler.java:onMessage(58)) - Datanode 46d44a41-52a2-4384-8ac9-ea51a453f0ed{ip: 192.168.5.170, host: byscane-nightly-5jrvm-589107607, networkLocation: /default-rack, certSerialId: null} moved to stale state. Finalizing its pipelines [PipelineID=561fa39e-f790-44c1-918d-1d4c0488c08e, PipelineID=e925a6a9-19ad-42d2-a4e7-a3b8d7718baa]
2019-08-16 03:31:23,395 INFO  pipeline.SCMPipelineManager (SCMPipelineManager.java:finalizeAndDestroyPipeline(309)) - destroying pipeline:Pipeline[ Id: 561fa39e-f790-44c1-918d-1d4c0488c08e, Nodes: 46d44a41-52a2-4384-8ac9-ea51a453f0ed{ip: 192.168.5.170, host: byscane-nightly-5jrvm-589107607, networkLocation: /default-rack, certSerialId: null}, Type:RATIS, Factor:ONE, State:OPEN]
2019-08-16 03:31:23,396 INFO  pipeline.PipelineStateManager (PipelineStateManager.java:finalizePipeline(123)) - Pipeline Pipeline[ Id: 561fa39e-f790-44c1-918d-1d4c0488c08e, Nodes: 46d44a41-52a2-4384-8ac9-ea51a453f0ed{ip: 192.168.5.170, host: byscane-nightly-5jrvm-589107607, networkLocation: /default-rack, certSerialId: null}, Type:RATIS, Factor:ONE, State:CLOSED] moved to CLOSED state
2019-08-16 03:31:23,398 INFO  pipeline.SCMPipelineManager (SCMPipelineManager.java:finalizeAndDestroyPipeline(309)) - destroying pipeline:Pipeline[ Id: e925a6a9-19ad-42d2-a4e7-a3b8d7718baa, Nodes: cdebeb69-c8d8-4c6e-838e-5fcab217bc63{ip: 192.168.5.170, host: byscane-nightly-5jrvm-589107607, networkLocation: /default-rack, certSerialId: null}46d44a41-52a2-4384-8ac9-ea51a453f0ed{ip: 192.168.5.170, host: byscane-nightly-5jrvm-589107607, networkLocation: /default-rack, certSerialId: null}d09ef4f6-1049-4531-a31d-7b1aaaabfa10{ip: 192.168.5.170, host: byscane-nightly-5jrvm-589107607, networkLocation: /default-rack, certSerialId: null}, Type:RATIS, Factor:THREE, State:OPEN]
2019-08-16 03:31:23,398 INFO  pipeline.PipelineStateManager (PipelineStateManager.java:finalizePipeline(123)) - Pipeline Pipeline[ Id: e925a6a9-19ad-42d2-a4e7-a3b8d7718baa, Nodes: cdebeb69-c8d8-4c6e-838e-5fcab217bc63{ip: 192.168.5.170, host: byscane-nightly-5jrvm-589107607, networkLocation: /default-rack, certSerialId: null}46d44a41-52a2-4384-8ac9-ea51a453f0ed{ip: 192.168.5.170, host: byscane-nightly-5jrvm-589107607, networkLocation: /default-rack, certSerialId: null}d09ef4f6-1049-4531-a31d-7b1aaaabfa10{ip: 192.168.5.170, host: byscane-nightly-5jrvm-589107607, networkLocation: /default-rack, certSerialId: null}, Type:RATIS, Factor:THREE, State:CLOSED] moved to CLOSED state
2019-08-16 03:31:23,399 INFO  container.CloseContainerEventHandler (CloseContainerEventHandler.java:onMessage(61)) - Close container Event triggered for container : #1
2019-08-16 03:31:24,195 INFO  node.StaleNodeHandler (StaleNodeHandler.java:onMessage(58)) - Datanode 51cb1f54-fb73-41c6-af18-28702c88289a{ip: 192.168.5.170, host: byscane-nightly-5jrvm-589107607, networkLocation: /default-rack, certSerialId: null} moved to stale state. Finalizing its pipelines [PipelineID=eac003d7-e315-44bc-8380-b868ef335bc7, PipelineID=120d88f0-171d-4a82-a91a-8d1e2af0bb63]
2019-08-16 03:31:24,196 INFO  pipeline.SCMPipelineManager (SCMPipelineManager.java:finalizeAndDestroyPipeline(309)) - destroying pipeline:Pipeline[ Id: eac003d7-e315-44bc-8380-b868ef335bc7, Nodes: 51cb1f54-fb73-41c6-af18-28702c88289a{ip: 192.168.5.170, host: byscane-nightly-5jrvm-589107607, networkLocation: /default-rack, certSerialId: null}942b18c5-366c-4586-965c-19eb0513ec42{ip: 192.168.5.170, host: byscane-nightly-5jrvm-589107607, networkLocation: /default-rack, certSerialId: null}75a6d948-9799-4e38-bb4d-0bcbb68a8180{ip: 192.168.5.170, host: byscane-nightly-5jrvm-589107607, networkLocation: /default-rack, certSerialId: null}, Type:RATIS, Factor:THREE, State:OPEN]
2019-08-16 03:31:24,196 INFO  pipeline.PipelineStateManager (PipelineStateManager.java:finalizePipeline(123)) - Pipeline Pipeline[ Id: eac003d7-e315-44bc-8380-b868ef335bc7, Nodes: 51cb1f54-fb73-41c6-af18-28702c88289a{ip: 192.168.5.170, host: byscane-nightly-5jrvm-589107607, networkLocation: /default-rack, certSerialId: null}942b18c5-366c-4586-965c-19eb0513ec42{ip: 192.168.5.170, host: byscane-nightly-5jrvm-589107607, networkLocation: /default-rack, certSerialId: null}75a6d948-9799-4e38-bb4d-0bcbb68a8180{ip: 192.168.5.170, host: byscane-nightly-5jrvm-589107607, networkLocation: /default-rack, certSerialId: null}, Type:RATIS, Factor:THREE, State:CLOSED] moved to CLOSED state
2019-08-16 03:31:24,196 INFO  container.CloseContainerEventHandler (CloseContainerEventHandler.java:onMessage(61)) - Close container Event triggered for container : #2
2019-08-16 03:31:24,197 INFO  pipeline.SCMPipelineManager (SCMPipelineManager.java:finalizeAndDestroyPipeline(309)) - destroying pipeline:Pipeline[ Id: 120d88f0-171d-4a82-a91a-8d1e2af0bb63, Nodes: 51cb1f54-fb73-41c6-af18-28702c88289a{ip: 192.168.5.170, host: byscane-nightly-5jrvm-589107607, networkLocation: /default-rack, certSerialId: null}, Type:RATIS, Factor:ONE, State:OPEN]
2019-08-16 03:31:24,197 INFO  pipeline.PipelineStateManager (PipelineStateManager.java:finalizePipeline(123)) - Pipeline Pipeline[ Id: 120d88f0-171d-4a82-a91a-8d1e2af0bb63, Nodes: 51cb1f54-fb73-41c6-af18-28702c88289a{ip: 192.168.5.170, host: byscane-nightly-5jrvm-589107607, networkLocation: /default-rack, certSerialId: null}, Type:RATIS, Factor:ONE, State:CLOSED] moved to CLOSED state
2019-08-16 03:31:24,317 INFO  ozoneimpl.OzoneContainer (OzoneContainer.java:stop(199)) - Attempting to stop container services.
2019-08-16 03:31:24,317 INFO  ozoneimpl.OzoneContainer (OzoneContainer.java:stop(199)) - Attempting to stop container services.
2019-08-16 03:31:24,318 INFO  impl.RaftServerProxy (RaftServerProxy.java:lambda$close$4(314)) - 51cb1f54-fb73-41c6-af18-28702c88289a: close
2019-08-16 03:31:24,318 INFO  impl.RaftServerProxy (RaftServerProxy.java:lambda$close$4(314)) - 46d44a41-52a2-4384-8ac9-ea51a453f0ed: close
2019-08-16 03:31:24,320 INFO  impl.RaftServerImpl (RaftServerImpl.java:lambda$shutdown$3(245)) - 51cb1f54-fb73-41c6-af18-28702c88289a: shutdown group-B868EF335BC7
2019-08-16 03:31:24,320 INFO  impl.RaftServerImpl (RaftServerImpl.java:lambda$shutdown$3(245)) - 46d44a41-52a2-4384-8ac9-ea51a453f0ed: shutdown group-1D4C0488C08E
2019-08-16 03:31:24,320 INFO  util.JmxRegister (JmxRegister.java:unregister(73)) - Successfully un-registered JMX Bean with object name Ratis:service=RaftServer,group=group-B868EF335BC7,id=51cb1f54-fb73-41c6-af18-28702c88289a
2019-08-16 03:31:24,320 INFO  util.JmxRegister (JmxRegister.java:unregister(73)) - Successfully un-registered JMX Bean with object name Ratis:service=RaftServer,group=group-1D4C0488C08E,id=46d44a41-52a2-4384-8ac9-ea51a453f0ed
2019-08-16 03:31:24,321 INFO  impl.RoleInfo (RoleInfo.java:shutdownFollowerState(121)) - 51cb1f54-fb73-41c6-af18-28702c88289a: shutdown FollowerState
2019-08-16 03:31:24,321 INFO  impl.RoleInfo (RoleInfo.java:shutdownLeaderState(104)) - 46d44a41-52a2-4384-8ac9-ea51a453f0ed: shutdown LeaderState
2019-08-16 03:31:24,321 INFO  impl.FollowerState (FollowerState.java:run(114)) - 51cb1f54-fb73-41c6-af18-28702c88289a: FollowerState was interrupted: java.lang.InterruptedException: sleep interrupted
2019-08-16 03:31:24,321 INFO  impl.StateMachineUpdater (StateMachineUpdater.java:stopAndJoin(115)) - StateMachineUpdater:51cb1f54-fb73-41c6-af18-28702c88289a:group-B868EF335BC7: set stopIndex = 6
2019-08-16 03:31:24,322 INFO  ratis.ContainerStateMachine (ContainerStateMachine.java:takeSnapshot(262)) - group-B868EF335BC7: Taking a snapshot at:(t:4, i:5) file /workdir/hadoop-ozone/integration-test/target/test-dir/MiniOzoneClusterImpl-15f544e2-cbcb-4b36-b33b-c7f51713c2ca/datanode-1/data/ratis/eac003d7-e315-44bc-8380-b868ef335bc7/sm/snapshot.4_5
2019-08-16 03:31:24,321 INFO  impl.PendingRequests (PendingRequests.java:sendNotLeaderResponses(202)) - 46d44a41-52a2-4384-8ac9-ea51a453f0ed-PendingRequests: sendNotLeaderResponses
2019-08-16 03:31:24,325 INFO  impl.StateMachineUpdater (StateMachineUpdater.java:stopAndJoin(115)) - StateMachineUpdater:46d44a41-52a2-4384-8ac9-ea51a453f0ed:group-1D4C0488C08E: set stopIndex = 0
2019-08-16 03:31:24,328 INFO  impl.RaftServerImpl (ServerState.java:close(394)) - 46d44a41-52a2-4384-8ac9-ea51a453f0ed:group-1D4C0488C08E closes. The last applied log index is 0
2019-08-16 03:31:24,329 INFO  segmented.SegmentedRaftLogWorker (SegmentedRaftLogWorker.java:run(313)) - 46d44a41-52a2-4384-8ac9-ea51a453f0ed-SegmentedRaftLogWorker:Storage Directory /workdir/hadoop-ozone/integration-test/target/test-dir/MiniOzoneClusterImpl-15f544e2-cbcb-4b36-b33b-c7f51713c2ca/datanode-4/data/ratis/561fa39e-f790-44c1-918d-1d4c0488c08e was interrupted, exiting. There are 0 tasks remaining in the queue.
2019-08-16 03:31:24,332 INFO  segmented.SegmentedRaftLogWorker (SegmentedRaftLogWorker.java:close(228)) - 46d44a41-52a2-4384-8ac9-ea51a453f0ed-SegmentedRaftLogWorker:Storage Directory /workdir/hadoop-ozone/integration-test/target/test-dir/MiniOzoneClusterImpl-15f544e2-cbcb-4b36-b33b-c7f51713c2ca/datanode-4/data/ratis/561fa39e-f790-44c1-918d-1d4c0488c08e close()
2019-08-16 03:31:24,336 INFO  impl.RaftServerImpl (RaftServerImpl.java:lambda$shutdown$3(245)) - 46d44a41-52a2-4384-8ac9-ea51a453f0ed: shutdown group-A3B8D7718BAA
2019-08-16 03:31:24,337 INFO  util.JmxRegister (JmxRegister.java:unregister(73)) - Successfully un-registered JMX Bean with object name Ratis:service=RaftServer,group=group-A3B8D7718BAA,id=46d44a41-52a2-4384-8ac9-ea51a453f0ed
2019-08-16 03:31:24,337 INFO  impl.RoleInfo (RoleInfo.java:shutdownLeaderState(104)) - 46d44a41-52a2-4384-8ac9-ea51a453f0ed: shutdown LeaderState
2019-08-16 03:31:24,342 INFO  impl.PendingRequests (PendingRequests.java:sendNotLeaderResponses(202)) - 46d44a41-52a2-4384-8ac9-ea51a453f0ed-PendingRequests: sendNotLeaderResponses
2019-08-16 03:31:24,342 WARN  server.GrpcLogAppender (GrpcLogAppender.java:mayWait(143)) - GrpcLogAppender(46d44a41-52a2-4384-8ac9-ea51a453f0ed->d09ef4f6-1049-4531-a31d-7b1aaaabfa10): Wait interrupted by java.lang.InterruptedException
2019-08-16 03:31:24,342 WARN  server.GrpcLogAppender (GrpcLogAppender.java:mayWait(143)) - GrpcLogAppender(46d44a41-52a2-4384-8ac9-ea51a453f0ed->cdebeb69-c8d8-4c6e-838e-5fcab217bc63): Wait interrupted by java.lang.InterruptedException
2019-08-16 03:31:24,347 INFO  server.GrpcServerProtocolService (GrpcServerProtocolService.java:onCompleted(104)) - cdebeb69-c8d8-4c6e-838e-5fcab217bc63: appendEntries completed
2019-08-16 03:31:24,347 INFO  server.GrpcServerProtocolService (GrpcServerProtocolService.java:onCompleted(104)) - d09ef4f6-1049-4531-a31d-7b1aaaabfa10: appendEntries completed
2019-08-16 03:31:24,350 INFO  server.GrpcLogAppender (GrpcLogAppender.java:onCompleted(292)) - 46d44a41-52a2-4384-8ac9-ea51a453f0ed->d09ef4f6-1049-4531-a31d-7b1aaaabfa10: follower responses appendEntries COMPLETED
2019-08-16 03:31:24,350 INFO  server.GrpcLogAppender (GrpcLogAppender.java:onCompleted(292)) - 46d44a41-52a2-4384-8ac9-ea51a453f0ed->cdebeb69-c8d8-4c6e-838e-5fcab217bc63: follower responses appendEntries COMPLETED
2019-08-16 03:31:24,355 INFO  impl.StateMachineUpdater (StateMachineUpdater.java:stopAndJoin(115)) - StateMachineUpdater:46d44a41-52a2-4384-8ac9-ea51a453f0ed:group-A3B8D7718BAA: set stopIndex = 16
2019-08-16 03:31:24,357 INFO  impl.FollowerInfo (FollowerInfo.java:lambda$new$0(50)) - 46d44a41-52a2-4384-8ac9-ea51a453f0ed->d09ef4f6-1049-4531-a31d-7b1aaaabfa10: nextIndex: updateUnconditionally 17 -> 16
2019-08-16 03:31:24,357 INFO  impl.FollowerInfo (FollowerInfo.java:lambda$new$0(50)) - 46d44a41-52a2-4384-8ac9-ea51a453f0ed->cdebeb69-c8d8-4c6e-838e-5fcab217bc63: nextIndex: updateUnconditionally 17 -> 16
2019-08-16 03:31:24,355 INFO  ratis.ContainerStateMachine (ContainerStateMachine.java:takeSnapshot(262)) - group-A3B8D7718BAA: Taking a snapshot at:(t:2, i:14) file /workdir/hadoop-ozone/integration-test/target/test-dir/MiniOzoneClusterImpl-15f544e2-cbcb-4b36-b33b-c7f51713c2ca/datanode-4/data/ratis/e925a6a9-19ad-42d2-a4e7-a3b8d7718baa/sm/snapshot.2_14
2019-08-16 03:31:24,384 INFO  ratis.ContainerStateMachine (ContainerStateMachine.java:takeSnapshot(273)) - group-A3B8D7718BAA: Finished taking a snapshot at:(t:2, i:14) file:/workdir/hadoop-ozone/integration-test/target/test-dir/MiniOzoneClusterImpl-15f544e2-cbcb-4b36-b33b-c7f51713c2ca/datanode-4/data/ratis/e925a6a9-19ad-42d2-a4e7-a3b8d7718baa/sm/snapshot.2_14 time:29
2019-08-16 03:31:24,384 INFO  ratis.ContainerStateMachine (ContainerStateMachine.java:takeSnapshot(273)) - group-B868EF335BC7: Finished taking a snapshot at:(t:4, i:5) file:/workdir/hadoop-ozone/integration-test/target/test-dir/MiniOzoneClusterImpl-15f544e2-cbcb-4b36-b33b-c7f51713c2ca/datanode-1/data/ratis/eac003d7-e315-44bc-8380-b868ef335bc7/sm/snapshot.4_5 time:63
2019-08-16 03:31:24,385 INFO  impl.StateMachineUpdater (StateMachineUpdater.java:takeSnapshot(242)) - StateMachineUpdater:46d44a41-52a2-4384-8ac9-ea51a453f0ed:group-A3B8D7718BAA: Took a snapshot at index 14
2019-08-16 03:31:24,385 INFO  impl.StateMachineUpdater (StateMachineUpdater.java:takeSnapshot(242)) - StateMachineUpdater:51cb1f54-fb73-41c6-af18-28702c88289a:group-B868EF335BC7: Took a snapshot at index 5
2019-08-16 03:31:24,385 INFO  impl.StateMachineUpdater (StateMachineUpdater.java:lambda$new$0(80)) - StateMachineUpdater:46d44a41-52a2-4384-8ac9-ea51a453f0ed:group-A3B8D7718BAA: snapshotIndex: updateIncreasingly -1 -> 14
2019-08-16 03:31:24,385 INFO  impl.StateMachineUpdater (StateMachineUpdater.java:lambda$new$0(80)) - StateMachineUpdater:51cb1f54-fb73-41c6-af18-28702c88289a:group-B868EF335BC7: snapshotIndex: updateIncreasingly -1 -> 5
2019-08-16 03:31:24,393 INFO  impl.RaftServerImpl (ServerState.java:close(394)) - 46d44a41-52a2-4384-8ac9-ea51a453f0ed:group-A3B8D7718BAA closes. The last applied log index is 16
2019-08-16 03:31:24,393 INFO  impl.RaftServerImpl (ServerState.java:close(394)) - 51cb1f54-fb73-41c6-af18-28702c88289a:group-B868EF335BC7 closes. The last applied log index is 6
2019-08-16 03:31:24,394 INFO  segmented.SegmentedRaftLogWorker (SegmentedRaftLogWorker.java:run(313)) - 46d44a41-52a2-4384-8ac9-ea51a453f0ed-SegmentedRaftLogWorker:Storage Directory /workdir/hadoop-ozone/integration-test/target/test-dir/MiniOzoneClusterImpl-15f544e2-cbcb-4b36-b33b-c7f51713c2ca/datanode-4/data/ratis/e925a6a9-19ad-42d2-a4e7-a3b8d7718baa was interrupted, exiting. There are 0 tasks remaining in the queue.
2019-08-16 03:31:24,396 INFO  segmented.SegmentedRaftLogWorker (SegmentedRaftLogWorker.java:run(313)) - 51cb1f54-fb73-41c6-af18-28702c88289a-SegmentedRaftLogWorker:Storage Directory /workdir/hadoop-ozone/integration-test/target/test-dir/MiniOzoneClusterImpl-15f544e2-cbcb-4b36-b33b-c7f51713c2ca/datanode-1/data/ratis/eac003d7-e315-44bc-8380-b868ef335bc7 was interrupted, exiting. There are 0 tasks remaining in the queue.
2019-08-16 03:31:24,396 INFO  segmented.SegmentedRaftLogWorker (SegmentedRaftLogWorker.java:close(228)) - 46d44a41-52a2-4384-8ac9-ea51a453f0ed-SegmentedRaftLogWorker:Storage Directory /workdir/hadoop-ozone/integration-test/target/test-dir/MiniOzoneClusterImpl-15f544e2-cbcb-4b36-b33b-c7f51713c2ca/datanode-4/data/ratis/e925a6a9-19ad-42d2-a4e7-a3b8d7718baa close()
2019-08-16 03:31:24,398 INFO  segmented.SegmentedRaftLogWorker (SegmentedRaftLogWorker.java:close(228)) - 51cb1f54-fb73-41c6-af18-28702c88289a-SegmentedRaftLogWorker:Storage Directory /workdir/hadoop-ozone/integration-test/target/test-dir/MiniOzoneClusterImpl-15f544e2-cbcb-4b36-b33b-c7f51713c2ca/datanode-1/data/ratis/eac003d7-e315-44bc-8380-b868ef335bc7 close()
2019-08-16 03:31:24,407 INFO  impl.RaftServerImpl (RaftServerImpl.java:lambda$shutdown$3(245)) - 51cb1f54-fb73-41c6-af18-28702c88289a: shutdown group-8D1E2AF0BB63
2019-08-16 03:31:24,407 INFO  util.JmxRegister (JmxRegister.java:unregister(73)) - Successfully un-registered JMX Bean with object name Ratis:service=RaftServer,group=group-8D1E2AF0BB63,id=51cb1f54-fb73-41c6-af18-28702c88289a
2019-08-16 03:31:24,407 INFO  server.GrpcService (GrpcService.java:closeImpl(155)) - 46d44a41-52a2-4384-8ac9-ea51a453f0ed: shutdown server with port 36884 now
2019-08-16 03:31:24,407 INFO  impl.RoleInfo (RoleInfo.java:shutdownLeaderState(104)) - 51cb1f54-fb73-41c6-af18-28702c88289a: shutdown LeaderState
2019-08-16 03:31:24,408 INFO  impl.PendingRequests (PendingRequests.java:sendNotLeaderResponses(202)) - 51cb1f54-fb73-41c6-af18-28702c88289a-PendingRequests: sendNotLeaderResponses
2019-08-16 03:31:24,411 INFO  impl.StateMachineUpdater (StateMachineUpdater.java:stopAndJoin(115)) - StateMachineUpdater:51cb1f54-fb73-41c6-af18-28702c88289a:group-8D1E2AF0BB63: set stopIndex = 0
2019-08-16 03:31:24,411 INFO  impl.RaftServerImpl (ServerState.java:close(394)) - 51cb1f54-fb73-41c6-af18-28702c88289a:group-8D1E2AF0BB63 closes. The last applied log index is 0
2019-08-16 03:31:24,411 INFO  segmented.SegmentedRaftLogWorker (SegmentedRaftLogWorker.java:run(313)) - 51cb1f54-fb73-41c6-af18-28702c88289a-SegmentedRaftLogWorker:Storage Directory /workdir/hadoop-ozone/integration-test/target/test-dir/MiniOzoneClusterImpl-15f544e2-cbcb-4b36-b33b-c7f51713c2ca/datanode-1/data/ratis/120d88f0-171d-4a82-a91a-8d1e2af0bb63 was interrupted, exiting. There are 0 tasks remaining in the queue.
2019-08-16 03:31:24,414 INFO  segmented.SegmentedRaftLogWorker (SegmentedRaftLogWorker.java:close(228)) - 51cb1f54-fb73-41c6-af18-28702c88289a-SegmentedRaftLogWorker:Storage Directory /workdir/hadoop-ozone/integration-test/target/test-dir/MiniOzoneClusterImpl-15f544e2-cbcb-4b36-b33b-c7f51713c2ca/datanode-1/data/ratis/120d88f0-171d-4a82-a91a-8d1e2af0bb63 close()
2019-08-16 03:31:24,418 INFO  server.GrpcService (GrpcService.java:closeImpl(155)) - 51cb1f54-fb73-41c6-af18-28702c88289a: shutdown server with port 32814 now
2019-08-16 03:31:24,433 INFO  server.GrpcService (GrpcService.java:closeImpl(163)) - 46d44a41-52a2-4384-8ac9-ea51a453f0ed: shutdown server with port 36884 successfully
2019-08-16 03:31:24,433 INFO  server.GrpcService (GrpcService.java:closeImpl(163)) - 51cb1f54-fb73-41c6-af18-28702c88289a: shutdown server with port 32814 successfully
2019-08-16 03:31:24,434 WARN  client.GrpcClientProtocolService (LogUtils.java:warn(134)) - 5-UnorderedRequestStreamObserver5: onError: org.apache.ratis.thirdparty.io.grpc.StatusRuntimeException: CANCELLED: cancelled before receiving half close
2019-08-16 03:31:24,434 WARN  server.GrpcServerProtocolService (LogUtils.java:warn(134)) - 51cb1f54-fb73-41c6-af18-28702c88289a: appendEntries onError: org.apache.ratis.thirdparty.io.grpc.StatusRuntimeException: CANCELLED: cancelled before receiving half close
2019-08-16 03:31:24,439 WARN  server.GrpcLogAppender (LogUtils.java:warn(134)) - 75a6d948-9799-4e38-bb4d-0bcbb68a8180->51cb1f54-fb73-41c6-af18-28702c88289a: Failed appendEntries: org.apache.ratis.thirdparty.io.grpc.StatusRuntimeException: CANCELLED: HTTP/2 error code: CANCEL
Received Rst Stream
2019-08-16 03:31:24,440 INFO  impl.FollowerInfo (FollowerInfo.java:lambda$new$0(50)) - 75a6d948-9799-4e38-bb4d-0bcbb68a8180->51cb1f54-fb73-41c6-af18-28702c88289a: nextIndex: updateUnconditionally 7 -> 6
2019-08-16 03:31:24,440 INFO  utils.BackgroundService (BackgroundService.java:shutdown(148)) - Shutting down service BlockDeletingService
2019-08-16 03:31:24,443 WARN  fs.CachingGetSpaceUsed (CachingGetSpaceUsed.java:run(183)) - Thread Interrupted waiting to refresh disk information: sleep interrupted
2019-08-16 03:31:24,454 INFO  utils.BackgroundService (BackgroundService.java:shutdown(148)) - Shutting down service BlockDeletingService
2019-08-16 03:31:24,458 WARN  fs.CachingGetSpaceUsed (CachingGetSpaceUsed.java:run(183)) - Thread Interrupted waiting to refresh disk information: sleep interrupted
2019-08-16 03:31:24,476 INFO  statemachine.DatanodeStateMachine (DatanodeStateMachine.java:stopDaemon(395)) - Ozone container server stopped.
2019-08-16 03:31:24,477 INFO  handler.ContextHandler (ContextHandler.java:doStop(910)) - Stopped o.e.j.w.WebAppContext@38159384{/,null,UNAVAILABLE}{/hddsDatanode}
2019-08-16 03:31:24,478 INFO  server.AbstractConnector (AbstractConnector.java:doStop(318)) - Stopped ServerConnector@55877274{HTTP/1.1,[http/1.1]}{0.0.0.0:0}
2019-08-16 03:31:24,479 INFO  handler.ContextHandler (ContextHandler.java:doStop(910)) - Stopped o.e.j.s.ServletContextHandler@70881123{/static,jar:file:/home/user/.m2/repository/org/apache/hadoop/hadoop-hdds-container-service/0.4.1-SNAPSHOT/hadoop-hdds-container-service-0.4.1-SNAPSHOT.jar!/webapps/static,UNAVAILABLE}
2019-08-16 03:31:24,479 INFO  handler.ContextHandler (ContextHandler.java:doStop(910)) - Stopped o.e.j.s.ServletContextHandler@53314f76{/logs,file:///workdir/hadoop-ozone/integration-test/target/log,UNAVAILABLE}
2019-08-16 03:31:24,485 INFO  statemachine.DatanodeStateMachine (DatanodeStateMachine.java:stopDaemon(395)) - Ozone container server stopped.
2019-08-16 03:31:24,487 INFO  datanode.ObjectStoreHandler (ObjectStoreHandler.java:close(155)) - Closing ObjectStoreHandler.
2019-08-16 03:31:24,489 INFO  ozone.HddsDatanodeService (HddsDatanodeService.java:stop(451)) - Stopped plug-in org.apache.hadoop.ozone.web.OzoneHddsDatanodeService@723e3c17
2019-08-16 03:31:24,490 INFO  handler.ContextHandler (ContextHandler.java:doStop(910)) - Stopped o.e.j.w.WebAppContext@22825e1e{/,null,UNAVAILABLE}{/hddsDatanode}
2019-08-16 03:31:24,491 INFO  server.AbstractConnector (AbstractConnector.java:doStop(318)) - Stopped ServerConnector@335f5c69{HTTP/1.1,[http/1.1]}{0.0.0.0:0}
2019-08-16 03:31:24,493 INFO  handler.ContextHandler (ContextHandler.java:doStop(910)) - Stopped o.e.j.s.ServletContextHandler@64ae105d{/static,jar:file:/home/user/.m2/repository/org/apache/hadoop/hadoop-hdds-container-service/0.4.1-SNAPSHOT/hadoop-hdds-container-service-0.4.1-SNAPSHOT.jar!/webapps/static,UNAVAILABLE}
2019-08-16 03:31:24,495 INFO  handler.ContextHandler (ContextHandler.java:doStop(910)) - Stopped o.e.j.s.ServletContextHandler@47a7c93e{/logs,file:///workdir/hadoop-ozone/integration-test/target/log,UNAVAILABLE}
2019-08-16 03:31:24,497 INFO  datanode.ObjectStoreHandler (ObjectStoreHandler.java:close(155)) - Closing ObjectStoreHandler.
2019-08-16 03:31:24,497 INFO  ozone.HddsDatanodeService (HddsDatanodeService.java:stop(451)) - Stopped plug-in org.apache.hadoop.ozone.web.OzoneHddsDatanodeService@580902cd
2019-08-16 03:31:25,157 INFO  statemachine.DatanodeStateMachine (DatanodeStateMachine.java:lambda$startDaemon$0(350)) - Ozone container server started.
2019-08-16 03:31:25,226 INFO  statemachine.DatanodeStateMachine (DatanodeStateMachine.java:lambda$startDaemon$0(350)) - Ozone container server started.
2019-08-16 03:31:26,191 WARN  server.GrpcLogAppender (LogUtils.java:warn(134)) - 75a6d948-9799-4e38-bb4d-0bcbb68a8180->51cb1f54-fb73-41c6-af18-28702c88289a: Failed appendEntries: org.apache.ratis.thirdparty.io.grpc.StatusRuntimeException: UNAVAILABLE: io exception
2019-08-16 03:31:26,193 INFO  impl.FollowerInfo (FollowerInfo.java:lambda$new$0(50)) - 75a6d948-9799-4e38-bb4d-0bcbb68a8180->51cb1f54-fb73-41c6-af18-28702c88289a: nextIndex: updateUnconditionally 7 -> 6
2019-08-16 03:31:26,209 WARN  server.GrpcLogAppender (LogUtils.java:warn(134)) - 75a6d948-9799-4e38-bb4d-0bcbb68a8180->51cb1f54-fb73-41c6-af18-28702c88289a: Failed appendEntries: org.apache.ratis.thirdparty.io.grpc.StatusRuntimeException: UNAVAILABLE: io exception
2019-08-16 03:31:26,211 INFO  impl.FollowerInfo (FollowerInfo.java:lambda$new$0(50)) - 75a6d948-9799-4e38-bb4d-0bcbb68a8180->51cb1f54-fb73-41c6-af18-28702c88289a: nextIndex: updateUnconditionally 7 -> 6
2019-08-16 03:31:26,293 INFO  interfaces.Container (KeyValueContainer.java:compactDB(356)) - Container 2 is closed with bcsId 5.
2019-08-16 03:31:26,296 INFO  container.IncrementalContainerReportHandler (AbstractContainerReportHandler.java:updateContainerState(176)) - Moving container #2 to CLOSED state, datanode 75a6d948-9799-4e38-bb4d-0bcbb68a8180{ip: 192.168.5.170, host: byscane-nightly-5jrvm-589107607, networkLocation: /default-rack, certSerialId: null} reported CLOSED replica.
2019-08-16 03:31:26,332 INFO  interfaces.Container (KeyValueContainer.java:compactDB(356)) - Container 2 is closed with bcsId 5.
2019-08-16 03:31:28,711 WARN  server.GrpcLogAppender (LogUtils.java:warn(134)) - 75a6d948-9799-4e38-bb4d-0bcbb68a8180->51cb1f54-fb73-41c6-af18-28702c88289a: Failed appendEntries: org.apache.ratis.thirdparty.io.grpc.StatusRuntimeException: UNAVAILABLE: io exception
2019-08-16 03:31:28,715 INFO  impl.FollowerInfo (FollowerInfo.java:lambda$new$0(50)) - 75a6d948-9799-4e38-bb4d-0bcbb68a8180->51cb1f54-fb73-41c6-af18-28702c88289a: nextIndex: updateUnconditionally 6 -> 5
2019-08-16 03:31:29,204 INFO  node.StaleNodeHandler (StaleNodeHandler.java:onMessage(58)) - Datanode 942b18c5-366c-4586-965c-19eb0513ec42{ip: 192.168.5.170, host: byscane-nightly-5jrvm-589107607, networkLocation: /default-rack, certSerialId: null} moved to stale state. Finalizing its pipelines [PipelineID=7e043538-cbde-4f82-a3c8-2aba2ecb8cdb, PipelineID=eac003d7-e315-44bc-8380-b868ef335bc7]
2019-08-16 03:31:29,205 INFO  pipeline.SCMPipelineManager (SCMPipelineManager.java:finalizeAndDestroyPipeline(309)) - destroying pipeline:Pipeline[ Id: 7e043538-cbde-4f82-a3c8-2aba2ecb8cdb, Nodes: 942b18c5-366c-4586-965c-19eb0513ec42{ip: 192.168.5.170, host: byscane-nightly-5jrvm-589107607, networkLocation: /default-rack, certSerialId: null}, Type:RATIS, Factor:ONE, State:OPEN]
2019-08-16 03:31:29,205 INFO  pipeline.PipelineStateManager (PipelineStateManager.java:finalizePipeline(123)) - Pipeline Pipeline[ Id: 7e043538-cbde-4f82-a3c8-2aba2ecb8cdb, Nodes: 942b18c5-366c-4586-965c-19eb0513ec42{ip: 192.168.5.170, host: byscane-nightly-5jrvm-589107607, networkLocation: /default-rack, certSerialId: null}, Type:RATIS, Factor:ONE, State:CLOSED] moved to CLOSED state
2019-08-16 03:31:29,206 INFO  pipeline.SCMPipelineManager (SCMPipelineManager.java:finalizeAndDestroyPipeline(309)) - destroying pipeline:Pipeline[ Id: eac003d7-e315-44bc-8380-b868ef335bc7, Nodes: 51cb1f54-fb73-41c6-af18-28702c88289a{ip: 192.168.5.170, host: byscane-nightly-5jrvm-589107607, networkLocation: /default-rack, certSerialId: null}942b18c5-366c-4586-965c-19eb0513ec42{ip: 192.168.5.170, host: byscane-nightly-5jrvm-589107607, networkLocation: /default-rack, certSerialId: null}75a6d948-9799-4e38-bb4d-0bcbb68a8180{ip: 192.168.5.170, host: byscane-nightly-5jrvm-589107607, networkLocation: /default-rack, certSerialId: null}, Type:RATIS, Factor:THREE, State:CLOSED]
2019-08-16 03:31:29,305 INFO  node.StaleNodeHandler (StaleNodeHandler.java:onMessage(58)) - Datanode edcc681a-7683-47ce-b7a4-4b456e457053{ip: 192.168.5.170, host: byscane-nightly-5jrvm-589107607, networkLocation: /default-rack, certSerialId: null} moved to stale state. Finalizing its pipelines [PipelineID=8aa099a8-d0c1-4225-b835-3facf9259635]
2019-08-16 03:31:29,305 INFO  pipeline.SCMPipelineManager (SCMPipelineManager.java:finalizeAndDestroyPipeline(309)) - destroying pipeline:Pipeline[ Id: 8aa099a8-d0c1-4225-b835-3facf9259635, Nodes: edcc681a-7683-47ce-b7a4-4b456e457053{ip: 192.168.5.170, host: byscane-nightly-5jrvm-589107607, networkLocation: /default-rack, certSerialId: null}, Type:RATIS, Factor:ONE, State:OPEN]
2019-08-16 03:31:29,305 INFO  pipeline.PipelineStateManager (PipelineStateManager.java:finalizePipeline(123)) - Pipeline Pipeline[ Id: 8aa099a8-d0c1-4225-b835-3facf9259635, Nodes: edcc681a-7683-47ce-b7a4-4b456e457053{ip: 192.168.5.170, host: byscane-nightly-5jrvm-589107607, networkLocation: /default-rack, certSerialId: null}, Type:RATIS, Factor:ONE, State:CLOSED] moved to CLOSED state
2019-08-16 03:31:29,492 INFO  ozoneimpl.OzoneContainer (OzoneContainer.java:stop(199)) - Attempting to stop container services.
2019-08-16 03:31:29,493 INFO  impl.RaftServerProxy (RaftServerProxy.java:lambda$close$4(314)) - 942b18c5-366c-4586-965c-19eb0513ec42: close
2019-08-16 03:31:29,493 INFO  impl.RaftServerImpl (RaftServerImpl.java:lambda$shutdown$3(245)) - 942b18c5-366c-4586-965c-19eb0513ec42: shutdown group-2ABA2ECB8CDB
2019-08-16 03:31:29,494 INFO  util.JmxRegister (JmxRegister.java:unregister(73)) - Successfully un-registered JMX Bean with object name Ratis:service=RaftServer,group=group-2ABA2ECB8CDB,id=942b18c5-366c-4586-965c-19eb0513ec42
2019-08-16 03:31:29,495 INFO  impl.RoleInfo (RoleInfo.java:shutdownLeaderState(104)) - 942b18c5-366c-4586-965c-19eb0513ec42: shutdown LeaderState
2019-08-16 03:31:29,495 INFO  impl.PendingRequests (PendingRequests.java:sendNotLeaderResponses(202)) - 942b18c5-366c-4586-965c-19eb0513ec42-PendingRequests: sendNotLeaderResponses
2019-08-16 03:31:29,496 INFO  impl.StateMachineUpdater (StateMachineUpdater.java:stopAndJoin(115)) - StateMachineUpdater:942b18c5-366c-4586-965c-19eb0513ec42:group-2ABA2ECB8CDB: set stopIndex = 0
2019-08-16 03:31:29,496 INFO  impl.RaftServerImpl (ServerState.java:close(394)) - 942b18c5-366c-4586-965c-19eb0513ec42:group-2ABA2ECB8CDB closes. The last applied log index is 0
2019-08-16 03:31:29,497 INFO  segmented.SegmentedRaftLogWorker (SegmentedRaftLogWorker.java:run(313)) - 942b18c5-366c-4586-965c-19eb0513ec42-SegmentedRaftLogWorker:Storage Directory /workdir/hadoop-ozone/integration-test/target/test-dir/MiniOzoneClusterImpl-15f544e2-cbcb-4b36-b33b-c7f51713c2ca/datanode-3/data/ratis/7e043538-cbde-4f82-a3c8-2aba2ecb8cdb was interrupted, exiting. There are 0 tasks remaining in the queue.
2019-08-16 03:31:29,499 INFO  segmented.SegmentedRaftLogWorker (SegmentedRaftLogWorker.java:close(228)) - 942b18c5-366c-4586-965c-19eb0513ec42-SegmentedRaftLogWorker:Storage Directory /workdir/hadoop-ozone/integration-test/target/test-dir/MiniOzoneClusterImpl-15f544e2-cbcb-4b36-b33b-c7f51713c2ca/datanode-3/data/ratis/7e043538-cbde-4f82-a3c8-2aba2ecb8cdb close()
2019-08-16 03:31:29,500 INFO  ozoneimpl.OzoneContainer (OzoneContainer.java:stop(199)) - Attempting to stop container services.
2019-08-16 03:31:29,503 INFO  impl.RaftServerImpl (RaftServerImpl.java:lambda$shutdown$3(245)) - 942b18c5-366c-4586-965c-19eb0513ec42: shutdown group-B868EF335BC7
2019-08-16 03:31:29,504 INFO  impl.RaftServerProxy (RaftServerProxy.java:lambda$close$4(314)) - edcc681a-7683-47ce-b7a4-4b456e457053: close
2019-08-16 03:31:29,504 INFO  util.JmxRegister (JmxRegister.java:unregister(73)) - Successfully un-registered JMX Bean with object name Ratis:service=RaftServer,group=group-B868EF335BC7,id=942b18c5-366c-4586-965c-19eb0513ec42
2019-08-16 03:31:29,504 INFO  impl.RaftServerImpl (RaftServerImpl.java:lambda$shutdown$3(245)) - edcc681a-7683-47ce-b7a4-4b456e457053: shutdown group-3FACF9259635
2019-08-16 03:31:29,504 INFO  impl.RoleInfo (RoleInfo.java:shutdownFollowerState(121)) - 942b18c5-366c-4586-965c-19eb0513ec42: shutdown FollowerState
2019-08-16 03:31:29,505 INFO  util.JmxRegister (JmxRegister.java:unregister(73)) - Successfully un-registered JMX Bean with object name Ratis:service=RaftServer,group=group-3FACF9259635,id=edcc681a-7683-47ce-b7a4-4b456e457053
2019-08-16 03:31:29,505 INFO  impl.FollowerState (FollowerState.java:run(114)) - 942b18c5-366c-4586-965c-19eb0513ec42: FollowerState was interrupted: java.lang.InterruptedException: sleep interrupted
2019-08-16 03:31:29,505 INFO  ratis.ContainerStateMachine (ContainerStateMachine.java:takeSnapshot(262)) - group-B868EF335BC7: Taking a snapshot at:(t:4, i:7) file /workdir/hadoop-ozone/integration-test/target/test-dir/MiniOzoneClusterImpl-15f544e2-cbcb-4b36-b33b-c7f51713c2ca/datanode-3/data/ratis/eac003d7-e315-44bc-8380-b868ef335bc7/sm/snapshot.4_7
2019-08-16 03:31:29,505 INFO  impl.StateMachineUpdater (StateMachineUpdater.java:stopAndJoin(115)) - StateMachineUpdater:942b18c5-366c-4586-965c-19eb0513ec42:group-B868EF335BC7: set stopIndex = 8
2019-08-16 03:31:29,505 INFO  impl.RoleInfo (RoleInfo.java:shutdownLeaderState(104)) - edcc681a-7683-47ce-b7a4-4b456e457053: shutdown LeaderState
2019-08-16 03:31:29,508 INFO  impl.PendingRequests (PendingRequests.java:sendNotLeaderResponses(202)) - edcc681a-7683-47ce-b7a4-4b456e457053-PendingRequests: sendNotLeaderResponses
2019-08-16 03:31:29,509 INFO  impl.StateMachineUpdater (StateMachineUpdater.java:stopAndJoin(115)) - StateMachineUpdater:edcc681a-7683-47ce-b7a4-4b456e457053:group-3FACF9259635: set stopIndex = 0
2019-08-16 03:31:29,509 INFO  impl.RaftServerImpl (ServerState.java:close(394)) - edcc681a-7683-47ce-b7a4-4b456e457053:group-3FACF9259635 closes. The last applied log index is 0
2019-08-16 03:31:29,509 INFO  segmented.SegmentedRaftLogWorker (SegmentedRaftLogWorker.java:run(313)) - edcc681a-7683-47ce-b7a4-4b456e457053-SegmentedRaftLogWorker:Storage Directory /workdir/hadoop-ozone/integration-test/target/test-dir/MiniOzoneClusterImpl-15f544e2-cbcb-4b36-b33b-c7f51713c2ca/datanode-2/data/ratis/8aa099a8-d0c1-4225-b835-3facf9259635 was interrupted, exiting. There are 0 tasks remaining in the queue.
2019-08-16 03:31:29,511 INFO  segmented.SegmentedRaftLogWorker (SegmentedRaftLogWorker.java:close(228)) - edcc681a-7683-47ce-b7a4-4b456e457053-SegmentedRaftLogWorker:Storage Directory /workdir/hadoop-ozone/integration-test/target/test-dir/MiniOzoneClusterImpl-15f544e2-cbcb-4b36-b33b-c7f51713c2ca/datanode-2/data/ratis/8aa099a8-d0c1-4225-b835-3facf9259635 close()
2019-08-16 03:31:29,514 INFO  server.GrpcService (GrpcService.java:closeImpl(155)) - edcc681a-7683-47ce-b7a4-4b456e457053: shutdown server with port 44517 now
2019-08-16 03:31:29,516 INFO  server.GrpcService (GrpcService.java:closeImpl(163)) - edcc681a-7683-47ce-b7a4-4b456e457053: shutdown server with port 44517 successfully
2019-08-16 03:31:29,521 INFO  ratis.ContainerStateMachine (ContainerStateMachine.java:takeSnapshot(273)) - group-B868EF335BC7: Finished taking a snapshot at:(t:4, i:7) file:/workdir/hadoop-ozone/integration-test/target/test-dir/MiniOzoneClusterImpl-15f544e2-cbcb-4b36-b33b-c7f51713c2ca/datanode-3/data/ratis/eac003d7-e315-44bc-8380-b868ef335bc7/sm/snapshot.4_7 time:16
2019-08-16 03:31:29,521 INFO  impl.StateMachineUpdater (StateMachineUpdater.java:takeSnapshot(242)) - StateMachineUpdater:942b18c5-366c-4586-965c-19eb0513ec42:group-B868EF335BC7: Took a snapshot at index 7
2019-08-16 03:31:29,521 INFO  impl.StateMachineUpdater (StateMachineUpdater.java:lambda$new$0(80)) - StateMachineUpdater:942b18c5-366c-4586-965c-19eb0513ec42:group-B868EF335BC7: snapshotIndex: updateIncreasingly -1 -> 7
2019-08-16 03:31:29,522 INFO  impl.RaftServerImpl (ServerState.java:close(394)) - 942b18c5-366c-4586-965c-19eb0513ec42:group-B868EF335BC7 closes. The last applied log index is 8
2019-08-16 03:31:29,523 INFO  segmented.SegmentedRaftLogWorker (SegmentedRaftLogWorker.java:run(313)) - 942b18c5-366c-4586-965c-19eb0513ec42-SegmentedRaftLogWorker:Storage Directory /workdir/hadoop-ozone/integration-test/target/test-dir/MiniOzoneClusterImpl-15f544e2-cbcb-4b36-b33b-c7f51713c2ca/datanode-3/data/ratis/eac003d7-e315-44bc-8380-b868ef335bc7 was interrupted, exiting. There are 0 tasks remaining in the queue.
2019-08-16 03:31:29,525 INFO  segmented.SegmentedRaftLogWorker (SegmentedRaftLogWorker.java:close(228)) - 942b18c5-366c-4586-965c-19eb0513ec42-SegmentedRaftLogWorker:Storage Directory /workdir/hadoop-ozone/integration-test/target/test-dir/MiniOzoneClusterImpl-15f544e2-cbcb-4b36-b33b-c7f51713c2ca/datanode-3/data/ratis/eac003d7-e315-44bc-8380-b868ef335bc7 close()
2019-08-16 03:31:29,528 INFO  server.GrpcService (GrpcService.java:closeImpl(155)) - 942b18c5-366c-4586-965c-19eb0513ec42: shutdown server with port 43588 now
2019-08-16 03:31:29,530 WARN  server.GrpcServerProtocolService (LogUtils.java:warn(134)) - 942b18c5-366c-4586-965c-19eb0513ec42: appendEntries onError: org.apache.ratis.thirdparty.io.grpc.StatusRuntimeException: CANCELLED: cancelled before receiving half close
2019-08-16 03:31:29,530 INFO  server.GrpcService (GrpcService.java:closeImpl(163)) - 942b18c5-366c-4586-965c-19eb0513ec42: shutdown server with port 43588 successfully
2019-08-16 03:31:29,531 WARN  server.GrpcLogAppender (LogUtils.java:warn(134)) - 75a6d948-9799-4e38-bb4d-0bcbb68a8180->942b18c5-366c-4586-965c-19eb0513ec42: Failed appendEntries: org.apache.ratis.thirdparty.io.grpc.StatusRuntimeException: CANCELLED: HTTP/2 error code: CANCEL
Received Rst Stream
2019-08-16 03:31:29,532 INFO  impl.FollowerInfo (FollowerInfo.java:lambda$new$0(50)) - 75a6d948-9799-4e38-bb4d-0bcbb68a8180->942b18c5-366c-4586-965c-19eb0513ec42: nextIndex: updateUnconditionally 9 -> 8
2019-08-16 03:31:29,532 INFO  utils.BackgroundService (BackgroundService.java:shutdown(148)) - Shutting down service BlockDeletingService
2019-08-16 03:31:29,534 WARN  fs.CachingGetSpaceUsed (CachingGetSpaceUsed.java:run(183)) - Thread Interrupted waiting to refresh disk information: sleep interrupted
2019-08-16 03:31:29,534 INFO  utils.BackgroundService (BackgroundService.java:shutdown(148)) - Shutting down service BlockDeletingService
2019-08-16 03:31:29,536 WARN  fs.CachingGetSpaceUsed (CachingGetSpaceUsed.java:run(183)) - Thread Interrupted waiting to refresh disk information: sleep interrupted
2019-08-16 03:31:29,559 INFO  statemachine.DatanodeStateMachine (DatanodeStateMachine.java:stopDaemon(395)) - Ozone container server stopped.
2019-08-16 03:31:29,563 INFO  handler.ContextHandler (ContextHandler.java:doStop(910)) - Stopped o.e.j.w.WebAppContext@4bf03fee{/,null,UNAVAILABLE}{/hddsDatanode}
2019-08-16 03:31:29,564 INFO  server.AbstractConnector (AbstractConnector.java:doStop(318)) - Stopped ServerConnector@31834a2b{HTTP/1.1,[http/1.1]}{0.0.0.0:0}
2019-08-16 03:31:29,565 INFO  handler.ContextHandler (ContextHandler.java:doStop(910)) - Stopped o.e.j.s.ServletContextHandler@5460edd3{/static,jar:file:/home/user/.m2/repository/org/apache/hadoop/hadoop-hdds-container-service/0.4.1-SNAPSHOT/hadoop-hdds-container-service-0.4.1-SNAPSHOT.jar!/webapps/static,UNAVAILABLE}
2019-08-16 03:31:29,567 INFO  handler.ContextHandler (ContextHandler.java:doStop(910)) - Stopped o.e.j.s.ServletContextHandler@40717ed{/logs,file:///workdir/hadoop-ozone/integration-test/target/log,UNAVAILABLE}
2019-08-16 03:31:29,568 INFO  datanode.ObjectStoreHandler (ObjectStoreHandler.java:close(155)) - Closing ObjectStoreHandler.
2019-08-16 03:31:29,568 INFO  ozone.HddsDatanodeService (HddsDatanodeService.java:stop(451)) - Stopped plug-in org.apache.hadoop.ozone.web.OzoneHddsDatanodeService@8054fe2
2019-08-16 03:31:29,574 INFO  statemachine.DatanodeStateMachine (DatanodeStateMachine.java:stopDaemon(395)) - Ozone container server stopped.
2019-08-16 03:31:29,576 INFO  handler.ContextHandler (ContextHandler.java:doStop(910)) - Stopped o.e.j.w.WebAppContext@41def031{/,null,UNAVAILABLE}{/hddsDatanode}
2019-08-16 03:31:29,578 INFO  server.AbstractConnector (AbstractConnector.java:doStop(318)) - Stopped ServerConnector@38e83838{HTTP/1.1,[http/1.1]}{0.0.0.0:0}
2019-08-16 03:31:29,578 INFO  handler.ContextHandler (ContextHandler.java:doStop(910)) - Stopped o.e.j.s.ServletContextHandler@501957bf{/static,jar:file:/home/user/.m2/repository/org/apache/hadoop/hadoop-hdds-container-service/0.4.1-SNAPSHOT/hadoop-hdds-container-service-0.4.1-SNAPSHOT.jar!/webapps/static,UNAVAILABLE}
2019-08-16 03:31:29,579 INFO  handler.ContextHandler (ContextHandler.java:doStop(910)) - Stopped o.e.j.s.ServletContextHandler@2dff7085{/logs,file:///workdir/hadoop-ozone/integration-test/target/log,UNAVAILABLE}
2019-08-16 03:31:29,581 INFO  datanode.ObjectStoreHandler (ObjectStoreHandler.java:close(155)) - Closing ObjectStoreHandler.
2019-08-16 03:31:29,582 INFO  ozone.HddsDatanodeService (HddsDatanodeService.java:stop(451)) - Stopped plug-in org.apache.hadoop.ozone.web.OzoneHddsDatanodeService@6a96d639
2019-08-16 03:31:30,294 INFO  statemachine.DatanodeStateMachine (DatanodeStateMachine.java:lambda$startDaemon$0(350)) - Ozone container server started.
2019-08-16 03:31:30,482 INFO  statemachine.DatanodeStateMachine (DatanodeStateMachine.java:lambda$startDaemon$0(350)) - Ozone container server started.
2019-08-16 03:31:31,212 WARN  server.GrpcLogAppender (LogUtils.java:warn(134)) - 75a6d948-9799-4e38-bb4d-0bcbb68a8180->51cb1f54-fb73-41c6-af18-28702c88289a: Failed appendEntries: org.apache.ratis.thirdparty.io.grpc.StatusRuntimeException: UNAVAILABLE: io exception
2019-08-16 03:31:31,215 INFO  impl.FollowerInfo (FollowerInfo.java:lambda$new$0(50)) - 75a6d948-9799-4e38-bb4d-0bcbb68a8180->51cb1f54-fb73-41c6-af18-28702c88289a: nextIndex: updateUnconditionally 5 -> 4
2019-08-16 03:31:31,217 WARN  server.GrpcLogAppender (LogUtils.java:warn(134)) - 75a6d948-9799-4e38-bb4d-0bcbb68a8180->942b18c5-366c-4586-965c-19eb0513ec42: Failed appendEntries: org.apache.ratis.thirdparty.io.grpc.StatusRuntimeException: UNAVAILABLE: io exception
2019-08-16 03:31:31,218 INFO  impl.FollowerInfo (FollowerInfo.java:lambda$new$0(50)) - 75a6d948-9799-4e38-bb4d-0bcbb68a8180->942b18c5-366c-4586-965c-19eb0513ec42: nextIndex: updateUnconditionally 8 -> 7
2019-08-16 03:31:33,337 INFO  impl.FollowerState (FollowerState.java:run(106)) - cdebeb69-c8d8-4c6e-838e-5fcab217bc63:group-A3B8D7718BAA changes to CANDIDATE, lastRpcTime:9481, electionTimeout:5182ms
2019-08-16 03:31:33,337 INFO  impl.RoleInfo (RoleInfo.java:shutdownFollowerState(121)) - cdebeb69-c8d8-4c6e-838e-5fcab217bc63: shutdown FollowerState
2019-08-16 03:31:33,337 INFO  impl.RaftServerImpl (RaftServerImpl.java:setRole(171)) - cdebeb69-c8d8-4c6e-838e-5fcab217bc63:group-A3B8D7718BAA changes role from FOLLOWER to CANDIDATE at term 2 for changeToCandidate
2019-08-16 03:31:33,337 INFO  impl.RoleInfo (RoleInfo.java:updateAndGet(143)) - cdebeb69-c8d8-4c6e-838e-5fcab217bc63: start LeaderElection
2019-08-16 03:31:33,339 INFO  impl.RaftServerImpl (ServerState.java:setLeader(263)) - cdebeb69-c8d8-4c6e-838e-5fcab217bc63:group-A3B8D7718BAA change Leader from 46d44a41-52a2-4384-8ac9-ea51a453f0ed to null at term 2 for initElection
2019-08-16 03:31:33,366 INFO  impl.LeaderElection (LeaderElection.java:askForVotes(181)) - cdebeb69-c8d8-4c6e-838e-5fcab217bc63:group-A3B8D7718BAA:LeaderElection18: begin an election at term 3 for 0: [d09ef4f6-1049-4531-a31d-7b1aaaabfa10:192.168.5.170:33465, 46d44a41-52a2-4384-8ac9-ea51a453f0ed:192.168.5.170:36884, cdebeb69-c8d8-4c6e-838e-5fcab217bc63:192.168.5.170:42155], old=null
2019-08-16 03:31:33,370 INFO  impl.RaftServerImpl (ServerState.java:setLeader(263)) - d09ef4f6-1049-4531-a31d-7b1aaaabfa10:group-A3B8D7718BAA change Leader from 46d44a41-52a2-4384-8ac9-ea51a453f0ed to null at term 3 for updateCurrentTerm
2019-08-16 03:31:33,370 INFO  impl.RaftServerImpl (RaftServerImpl.java:setRole(171)) - d09ef4f6-1049-4531-a31d-7b1aaaabfa10:group-A3B8D7718BAA changes role from FOLLOWER to FOLLOWER at term 3 for recognizeCandidate:cdebeb69-c8d8-4c6e-838e-5fcab217bc63
2019-08-16 03:31:33,370 INFO  impl.RoleInfo (RoleInfo.java:shutdownFollowerState(121)) - d09ef4f6-1049-4531-a31d-7b1aaaabfa10: shutdown FollowerState
2019-08-16 03:31:33,371 INFO  impl.RoleInfo (RoleInfo.java:updateAndGet(143)) - d09ef4f6-1049-4531-a31d-7b1aaaabfa10: start FollowerState
2019-08-16 03:31:33,371 INFO  impl.FollowerState (FollowerState.java:run(114)) - d09ef4f6-1049-4531-a31d-7b1aaaabfa10: FollowerState was interrupted: java.lang.InterruptedException: sleep interrupted
2019-08-16 03:31:33,375 INFO  impl.LeaderElection (LogUtils.java:infoOrTrace(149)) - cdebeb69-c8d8-4c6e-838e-5fcab217bc63:group-A3B8D7718BAA:LeaderElection18 got exception when requesting votes: {}
java.util.concurrent.ExecutionException: org.apache.ratis.thirdparty.io.grpc.StatusRuntimeException: UNAVAILABLE: io exception
	at java.util.concurrent.FutureTask.report(FutureTask.java:122)
	at java.util.concurrent.FutureTask.get(FutureTask.java:192)
	at org.apache.ratis.server.impl.LeaderElection.waitForResults(LeaderElection.java:262)
	at org.apache.ratis.server.impl.LeaderElection.askForVotes(LeaderElection.java:200)
	at org.apache.ratis.server.impl.LeaderElection.run(LeaderElection.java:130)
	at java.lang.Thread.run(Thread.java:748)
Caused by: org.apache.ratis.thirdparty.io.grpc.StatusRuntimeException: UNAVAILABLE: io exception
	at org.apache.ratis.thirdparty.io.grpc.stub.ClientCalls.toStatusRuntimeException(ClientCalls.java:233)
	at org.apache.ratis.thirdparty.io.grpc.stub.ClientCalls.getUnchecked(ClientCalls.java:214)
	at org.apache.ratis.thirdparty.io.grpc.stub.ClientCalls.blockingUnaryCall(ClientCalls.java:139)
	at org.apache.ratis.proto.grpc.RaftServerProtocolServiceGrpc$RaftServerProtocolServiceBlockingStub.requestVote(RaftServerProtocolServiceGrpc.java:265)
	at org.apache.ratis.grpc.server.GrpcServerProtocolClient.requestVote(GrpcServerProtocolClient.java:83)
	at org.apache.ratis.grpc.server.GrpcService.requestVote(GrpcService.java:195)
	at org.apache.ratis.server.impl.LeaderElection.lambda$submitRequests$1(LeaderElection.java:237)
	at java.util.concurrent.FutureTask.run(FutureTask.java:266)
	at java.util.concurrent.Executors$RunnableAdapter.call(Executors.java:511)
	at java.util.concurrent.FutureTask.run(FutureTask.java:266)
	at java.util.concurrent.ThreadPoolExecutor.runWorker(ThreadPoolExecutor.java:1149)
	at java.util.concurrent.ThreadPoolExecutor$Worker.run(ThreadPoolExecutor.java:624)
	... 1 more
Caused by: org.apache.ratis.thirdparty.io.netty.channel.AbstractChannel$AnnotatedConnectException: Connection refused: /192.168.5.170:36884
	at sun.nio.ch.SocketChannelImpl.checkConnect(Native Method)
	at sun.nio.ch.SocketChannelImpl.finishConnect(SocketChannelImpl.java:717)
	at org.apache.ratis.thirdparty.io.netty.channel.socket.nio.NioSocketChannel.doFinishConnect(NioSocketChannel.java:327)
	at org.apache.ratis.thirdparty.io.netty.channel.nio.AbstractNioChannel$AbstractNioUnsafe.finishConnect(AbstractNioChannel.java:340)
	at org.apache.ratis.thirdparty.io.netty.channel.nio.NioEventLoop.processSelectedKey(NioEventLoop.java:632)
	at org.apache.ratis.thirdparty.io.netty.channel.nio.NioEventLoop.processSelectedKeysOptimized(NioEventLoop.java:579)
	at org.apache.ratis.thirdparty.io.netty.channel.nio.NioEventLoop.processSelectedKeys(NioEventLoop.java:496)
	at org.apache.ratis.thirdparty.io.netty.channel.nio.NioEventLoop.run(NioEventLoop.java:458)
	at org.apache.ratis.thirdparty.io.netty.util.concurrent.SingleThreadEventExecutor$5.run(SingleThreadEventExecutor.java:897)
	at org.apache.ratis.thirdparty.io.netty.util.concurrent.FastThreadLocalRunnable.run(FastThreadLocalRunnable.java:30)
	... 1 more
Caused by: java.net.ConnectException: Connection refused
	... 11 more
2019-08-16 03:31:33,388 INFO  impl.LeaderElection (LeaderElection.java:logAndReturn(56)) - cdebeb69-c8d8-4c6e-838e-5fcab217bc63:group-A3B8D7718BAA:LeaderElection18: Election PASSED; received 1 response(s) [cdebeb69-c8d8-4c6e-838e-5fcab217bc63<-d09ef4f6-1049-4531-a31d-7b1aaaabfa10#0:OK-t3] and 1 exception(s); cdebeb69-c8d8-4c6e-838e-5fcab217bc63:t3, leader=null, voted=cdebeb69-c8d8-4c6e-838e-5fcab217bc63, raftlog=cdebeb69-c8d8-4c6e-838e-5fcab217bc63-SegmentedRaftLog:OPENED:c16,f16,i16, conf=0: [d09ef4f6-1049-4531-a31d-7b1aaaabfa10:192.168.5.170:33465, 46d44a41-52a2-4384-8ac9-ea51a453f0ed:192.168.5.170:36884, cdebeb69-c8d8-4c6e-838e-5fcab217bc63:192.168.5.170:42155], old=null
2019-08-16 03:31:33,388 INFO  impl.LeaderElection (LogUtils.java:infoOrTrace(149)) -   Exception 0: {}
java.util.concurrent.ExecutionException: org.apache.ratis.thirdparty.io.grpc.StatusRuntimeException: UNAVAILABLE: io exception
	at java.util.concurrent.FutureTask.report(FutureTask.java:122)
	at java.util.concurrent.FutureTask.get(FutureTask.java:192)
	at org.apache.ratis.server.impl.LeaderElection.waitForResults(LeaderElection.java:262)
	at org.apache.ratis.server.impl.LeaderElection.askForVotes(LeaderElection.java:200)
	at org.apache.ratis.server.impl.LeaderElection.run(LeaderElection.java:130)
	at java.lang.Thread.run(Thread.java:748)
Caused by: org.apache.ratis.thirdparty.io.grpc.StatusRuntimeException: UNAVAILABLE: io exception
	at org.apache.ratis.thirdparty.io.grpc.stub.ClientCalls.toStatusRuntimeException(ClientCalls.java:233)
	at org.apache.ratis.thirdparty.io.grpc.stub.ClientCalls.getUnchecked(ClientCalls.java:214)
	at org.apache.ratis.thirdparty.io.grpc.stub.ClientCalls.blockingUnaryCall(ClientCalls.java:139)
	at org.apache.ratis.proto.grpc.RaftServerProtocolServiceGrpc$RaftServerProtocolServiceBlockingStub.requestVote(RaftServerProtocolServiceGrpc.java:265)
	at org.apache.ratis.grpc.server.GrpcServerProtocolClient.requestVote(GrpcServerProtocolClient.java:83)
	at org.apache.ratis.grpc.server.GrpcService.requestVote(GrpcService.java:195)
	at org.apache.ratis.server.impl.LeaderElection.lambda$submitRequests$1(LeaderElection.java:237)
	at java.util.concurrent.FutureTask.run(FutureTask.java:266)
	at java.util.concurrent.Executors$RunnableAdapter.call(Executors.java:511)
	at java.util.concurrent.FutureTask.run(FutureTask.java:266)
	at java.util.concurrent.ThreadPoolExecutor.runWorker(ThreadPoolExecutor.java:1149)
	at java.util.concurrent.ThreadPoolExecutor$Worker.run(ThreadPoolExecutor.java:624)
	... 1 more
Caused by: org.apache.ratis.thirdparty.io.netty.channel.AbstractChannel$AnnotatedConnectException: Connection refused: /192.168.5.170:36884
	at sun.nio.ch.SocketChannelImpl.checkConnect(Native Method)
	at sun.nio.ch.SocketChannelImpl.finishConnect(SocketChannelImpl.java:717)
	at org.apache.ratis.thirdparty.io.netty.channel.socket.nio.NioSocketChannel.doFinishConnect(NioSocketChannel.java:327)
	at org.apache.ratis.thirdparty.io.netty.channel.nio.AbstractNioChannel$AbstractNioUnsafe.finishConnect(AbstractNioChannel.java:340)
	at org.apache.ratis.thirdparty.io.netty.channel.nio.NioEventLoop.processSelectedKey(NioEventLoop.java:632)
	at org.apache.ratis.thirdparty.io.netty.channel.nio.NioEventLoop.processSelectedKeysOptimized(NioEventLoop.java:579)
	at org.apache.ratis.thirdparty.io.netty.channel.nio.NioEventLoop.processSelectedKeys(NioEventLoop.java:496)
	at org.apache.ratis.thirdparty.io.netty.channel.nio.NioEventLoop.run(NioEventLoop.java:458)
	at org.apache.ratis.thirdparty.io.netty.util.concurrent.SingleThreadEventExecutor$5.run(SingleThreadEventExecutor.java:897)
	at org.apache.ratis.thirdparty.io.netty.util.concurrent.FastThreadLocalRunnable.run(FastThreadLocalRunnable.java:30)
	... 1 more
Caused by: java.net.ConnectException: Connection refused
	... 11 more
2019-08-16 03:31:33,389 INFO  impl.RoleInfo (RoleInfo.java:shutdownLeaderElection(134)) - cdebeb69-c8d8-4c6e-838e-5fcab217bc63: shutdown LeaderElection
2019-08-16 03:31:33,389 INFO  impl.RaftServerImpl (RaftServerImpl.java:setRole(171)) - cdebeb69-c8d8-4c6e-838e-5fcab217bc63:group-A3B8D7718BAA changes role from CANDIDATE to LEADER at term 3 for changeToLeader
2019-08-16 03:31:33,391 INFO  impl.RaftServerImpl (ServerState.java:setLeader(263)) - cdebeb69-c8d8-4c6e-838e-5fcab217bc63:group-A3B8D7718BAA change Leader from null to cdebeb69-c8d8-4c6e-838e-5fcab217bc63 at term 3 for becomeLeader, leader elected after 51ms
2019-08-16 03:31:33,391 INFO  server.RaftServerConfigKeys (ConfUtils.java:logGet(43)) - raft.server.staging.catchup.gap = 1000 (default)
2019-08-16 03:31:33,391 INFO  server.RaftServerConfigKeys (ConfUtils.java:logGet(43)) - raft.server.rpc.sleep.time = 25ms (default)
2019-08-16 03:31:33,391 INFO  server.RaftServerConfigKeys (ConfUtils.java:logGet(43)) - raft.server.write.element-limit = 4096 (default)
2019-08-16 03:31:33,391 INFO  server.RaftServerConfigKeys (ConfUtils.java:logGet(43)) - raft.server.watch.timeout = 10s (default)
2019-08-16 03:31:33,392 INFO  server.RaftServerConfigKeys (ConfUtils.java:logGet(43)) - raft.server.watch.timeout.denomination = 1s (default)
2019-08-16 03:31:33,392 INFO  server.RaftServerConfigKeys (ConfUtils.java:logGet(43)) - raft.server.watch.element-limit = 65536 (default)
2019-08-16 03:31:33,392 INFO  server.RaftServerConfigKeys (ConfUtils.java:logGet(43)) - raft.server.log.appender.snapshot.chunk.size.max = 16MB (=16777216) (default)
2019-08-16 03:31:33,392 INFO  server.RaftServerConfigKeys (ConfUtils.java:logGet(43)) - raft.server.log.appender.buffer.byte-limit = 33554432 (custom)
2019-08-16 03:31:33,393 INFO  server.RaftServerConfigKeys (ConfUtils.java:logGet(43)) - raft.server.log.appender.buffer.element-limit = 1 (custom)
2019-08-16 03:31:33,393 INFO  grpc.GrpcConfigKeys$Server (ConfUtils.java:logGet(43)) - raft.grpc.server.leader.outstanding.appends.max = 128 (default)
2019-08-16 03:31:33,393 INFO  server.RaftServerConfigKeys (ConfUtils.java:logGet(43)) - raft.server.rpc.request.timeout = 3000ms (default)
2019-08-16 03:31:33,393 INFO  server.RaftServerConfigKeys (ConfUtils.java:logGet(43)) - raft.server.log.appender.install.snapshot.enabled = false (custom)
2019-08-16 03:31:33,393 INFO  server.RaftServerConfigKeys (ConfUtils.java:logGet(43)) - raft.server.log.appender.snapshot.chunk.size.max = 16MB (=16777216) (default)
2019-08-16 03:31:33,394 INFO  server.RaftServerConfigKeys (ConfUtils.java:logGet(43)) - raft.server.log.appender.buffer.byte-limit = 33554432 (custom)
2019-08-16 03:31:33,394 INFO  server.RaftServerConfigKeys (ConfUtils.java:logGet(43)) - raft.server.log.appender.buffer.element-limit = 1 (custom)
2019-08-16 03:31:33,394 INFO  grpc.GrpcConfigKeys$Server (ConfUtils.java:logGet(43)) - raft.grpc.server.leader.outstanding.appends.max = 128 (default)
2019-08-16 03:31:33,394 INFO  server.RaftServerConfigKeys (ConfUtils.java:logGet(43)) - raft.server.rpc.request.timeout = 3000ms (default)
2019-08-16 03:31:33,395 INFO  server.RaftServerConfigKeys (ConfUtils.java:logGet(43)) - raft.server.log.appender.install.snapshot.enabled = false (custom)
2019-08-16 03:31:33,395 INFO  impl.RoleInfo (RoleInfo.java:updateAndGet(143)) - cdebeb69-c8d8-4c6e-838e-5fcab217bc63: start LeaderState
2019-08-16 03:31:33,395 INFO  segmented.SegmentedRaftLogWorker (SegmentedRaftLogWorker.java:rollLogSegment(385)) - cdebeb69-c8d8-4c6e-838e-5fcab217bc63-SegmentedRaftLogWorker:Storage Directory /workdir/hadoop-ozone/integration-test/target/test-dir/MiniOzoneClusterImpl-15f544e2-cbcb-4b36-b33b-c7f51713c2ca/datanode-5/data/ratis/e925a6a9-19ad-42d2-a4e7-a3b8d7718baa: Rolling segment log-0_16 to index:16
2019-08-16 03:31:33,396 INFO  segmented.SegmentedRaftLogWorker (SegmentedRaftLogWorker.java:execute(526)) - cdebeb69-c8d8-4c6e-838e-5fcab217bc63-SegmentedRaftLogWorker:Storage Directory /workdir/hadoop-ozone/integration-test/target/test-dir/MiniOzoneClusterImpl-15f544e2-cbcb-4b36-b33b-c7f51713c2ca/datanode-5/data/ratis/e925a6a9-19ad-42d2-a4e7-a3b8d7718baa: Rolled log segment from /workdir/hadoop-ozone/integration-test/target/test-dir/MiniOzoneClusterImpl-15f544e2-cbcb-4b36-b33b-c7f51713c2ca/datanode-5/data/ratis/e925a6a9-19ad-42d2-a4e7-a3b8d7718baa/current/log_inprogress_0 to /workdir/hadoop-ozone/integration-test/target/test-dir/MiniOzoneClusterImpl-15f544e2-cbcb-4b36-b33b-c7f51713c2ca/datanode-5/data/ratis/e925a6a9-19ad-42d2-a4e7-a3b8d7718baa/current/log_0-16
2019-08-16 03:31:33,396 INFO  impl.RaftServerImpl (ServerState.java:setRaftConf(361)) - cdebeb69-c8d8-4c6e-838e-5fcab217bc63:group-A3B8D7718BAA set configuration 17: [d09ef4f6-1049-4531-a31d-7b1aaaabfa10:192.168.5.170:33465, 46d44a41-52a2-4384-8ac9-ea51a453f0ed:192.168.5.170:36884, cdebeb69-c8d8-4c6e-838e-5fcab217bc63:192.168.5.170:42155], old=null at 17
2019-08-16 03:31:33,434 WARN  server.GrpcLogAppender (LogUtils.java:warn(134)) - cdebeb69-c8d8-4c6e-838e-5fcab217bc63->46d44a41-52a2-4384-8ac9-ea51a453f0ed: Failed appendEntries: org.apache.ratis.thirdparty.io.grpc.StatusRuntimeException: UNAVAILABLE: io exception
2019-08-16 03:31:33,434 INFO  impl.FollowerInfo (FollowerInfo.java:lambda$new$0(50)) - cdebeb69-c8d8-4c6e-838e-5fcab217bc63->46d44a41-52a2-4384-8ac9-ea51a453f0ed: nextIndex: updateUnconditionally 17 -> 1
2019-08-16 03:31:33,436 INFO  impl.RaftServerImpl (ServerState.java:setLeader(263)) - d09ef4f6-1049-4531-a31d-7b1aaaabfa10:group-A3B8D7718BAA change Leader from null to cdebeb69-c8d8-4c6e-838e-5fcab217bc63 at term 3 for appendEntries, leader elected after 65ms
2019-08-16 03:31:33,440 INFO  impl.RaftServerImpl (ServerState.java:setRaftConf(361)) - d09ef4f6-1049-4531-a31d-7b1aaaabfa10:group-A3B8D7718BAA set configuration 17: [d09ef4f6-1049-4531-a31d-7b1aaaabfa10:192.168.5.170:33465, 46d44a41-52a2-4384-8ac9-ea51a453f0ed:192.168.5.170:36884, cdebeb69-c8d8-4c6e-838e-5fcab217bc63:192.168.5.170:42155], old=null at 17
2019-08-16 03:31:33,440 INFO  segmented.SegmentedRaftLogWorker (SegmentedRaftLogWorker.java:rollLogSegment(385)) - d09ef4f6-1049-4531-a31d-7b1aaaabfa10-SegmentedRaftLogWorker:Storage Directory /workdir/hadoop-ozone/integration-test/target/test-dir/MiniOzoneClusterImpl-15f544e2-cbcb-4b36-b33b-c7f51713c2ca/datanode-0/data/ratis/e925a6a9-19ad-42d2-a4e7-a3b8d7718baa: Rolling segment log-0_16 to index:16
2019-08-16 03:31:33,441 INFO  segmented.SegmentedRaftLogWorker (SegmentedRaftLogWorker.java:execute(526)) - d09ef4f6-1049-4531-a31d-7b1aaaabfa10-SegmentedRaftLogWorker:Storage Directory /workdir/hadoop-ozone/integration-test/target/test-dir/MiniOzoneClusterImpl-15f544e2-cbcb-4b36-b33b-c7f51713c2ca/datanode-0/data/ratis/e925a6a9-19ad-42d2-a4e7-a3b8d7718baa: Rolled log segment from /workdir/hadoop-ozone/integration-test/target/test-dir/MiniOzoneClusterImpl-15f544e2-cbcb-4b36-b33b-c7f51713c2ca/datanode-0/data/ratis/e925a6a9-19ad-42d2-a4e7-a3b8d7718baa/current/log_inprogress_0 to /workdir/hadoop-ozone/integration-test/target/test-dir/MiniOzoneClusterImpl-15f544e2-cbcb-4b36-b33b-c7f51713c2ca/datanode-0/data/ratis/e925a6a9-19ad-42d2-a4e7-a3b8d7718baa/current/log_0-16
2019-08-16 03:31:33,458 INFO  segmented.SegmentedRaftLogWorker (SegmentedRaftLogWorker.java:execute(569)) - cdebeb69-c8d8-4c6e-838e-5fcab217bc63-SegmentedRaftLogWorker:Storage Directory /workdir/hadoop-ozone/integration-test/target/test-dir/MiniOzoneClusterImpl-15f544e2-cbcb-4b36-b33b-c7f51713c2ca/datanode-5/data/ratis/e925a6a9-19ad-42d2-a4e7-a3b8d7718baa: created new log segment /workdir/hadoop-ozone/integration-test/target/test-dir/MiniOzoneClusterImpl-15f544e2-cbcb-4b36-b33b-c7f51713c2ca/datanode-5/data/ratis/e925a6a9-19ad-42d2-a4e7-a3b8d7718baa/current/log_inprogress_17
2019-08-16 03:31:33,483 INFO  segmented.SegmentedRaftLogWorker (SegmentedRaftLogWorker.java:execute(569)) - d09ef4f6-1049-4531-a31d-7b1aaaabfa10-SegmentedRaftLogWorker:Storage Directory /workdir/hadoop-ozone/integration-test/target/test-dir/MiniOzoneClusterImpl-15f544e2-cbcb-4b36-b33b-c7f51713c2ca/datanode-0/data/ratis/e925a6a9-19ad-42d2-a4e7-a3b8d7718baa: created new log segment /workdir/hadoop-ozone/integration-test/target/test-dir/MiniOzoneClusterImpl-15f544e2-cbcb-4b36-b33b-c7f51713c2ca/datanode-0/data/ratis/e925a6a9-19ad-42d2-a4e7-a3b8d7718baa/current/log_inprogress_17
2019-08-16 03:31:33,533 WARN  server.GrpcLogAppender (LogUtils.java:warn(134)) - cdebeb69-c8d8-4c6e-838e-5fcab217bc63->46d44a41-52a2-4384-8ac9-ea51a453f0ed: Failed appendEntries: org.apache.ratis.thirdparty.io.grpc.StatusRuntimeException: UNAVAILABLE: io exception
2019-08-16 03:31:33,534 INFO  impl.FollowerInfo (FollowerInfo.java:lambda$new$0(50)) - cdebeb69-c8d8-4c6e-838e-5fcab217bc63->46d44a41-52a2-4384-8ac9-ea51a453f0ed: nextIndex: updateUnconditionally 2 -> 1
2019-08-16 03:31:33,713 WARN  server.GrpcLogAppender (LogUtils.java:warn(134)) - 75a6d948-9799-4e38-bb4d-0bcbb68a8180->51cb1f54-fb73-41c6-af18-28702c88289a: Failed appendEntries: org.apache.ratis.thirdparty.io.grpc.StatusRuntimeException: UNAVAILABLE: io exception
2019-08-16 03:31:33,715 INFO  impl.FollowerInfo (FollowerInfo.java:lambda$new$0(50)) - 75a6d948-9799-4e38-bb4d-0bcbb68a8180->51cb1f54-fb73-41c6-af18-28702c88289a: nextIndex: updateUnconditionally 4 -> 3
2019-08-16 03:31:33,717 WARN  server.GrpcLogAppender (LogUtils.java:warn(134)) - 75a6d948-9799-4e38-bb4d-0bcbb68a8180->942b18c5-366c-4586-965c-19eb0513ec42: Failed appendEntries: org.apache.ratis.thirdparty.io.grpc.StatusRuntimeException: UNAVAILABLE: io exception
2019-08-16 03:31:33,719 INFO  impl.FollowerInfo (FollowerInfo.java:lambda$new$0(50)) - 75a6d948-9799-4e38-bb4d-0bcbb68a8180->942b18c5-366c-4586-965c-19eb0513ec42: nextIndex: updateUnconditionally 7 -> 6
2019-08-16 03:31:34,336 INFO  node.StaleNodeHandler (StaleNodeHandler.java:onMessage(58)) - Datanode 75a6d948-9799-4e38-bb4d-0bcbb68a8180{ip: 192.168.5.170, host: byscane-nightly-5jrvm-589107607, networkLocation: /default-rack, certSerialId: null} moved to stale state. Finalizing its pipelines [PipelineID=eac003d7-e315-44bc-8380-b868ef335bc7, PipelineID=d8be528b-a57d-4d5b-bbdf-ea16f7028696]
2019-08-16 03:31:34,336 INFO  pipeline.SCMPipelineManager (SCMPipelineManager.java:finalizeAndDestroyPipeline(309)) - destroying pipeline:Pipeline[ Id: eac003d7-e315-44bc-8380-b868ef335bc7, Nodes: 51cb1f54-fb73-41c6-af18-28702c88289a{ip: 192.168.5.170, host: byscane-nightly-5jrvm-589107607, networkLocation: /default-rack, certSerialId: null}942b18c5-366c-4586-965c-19eb0513ec42{ip: 192.168.5.170, host: byscane-nightly-5jrvm-589107607, networkLocation: /default-rack, certSerialId: null}75a6d948-9799-4e38-bb4d-0bcbb68a8180{ip: 192.168.5.170, host: byscane-nightly-5jrvm-589107607, networkLocation: /default-rack, certSerialId: null}, Type:RATIS, Factor:THREE, State:CLOSED]
2019-08-16 03:31:34,336 INFO  pipeline.SCMPipelineManager (SCMPipelineManager.java:finalizeAndDestroyPipeline(309)) - destroying pipeline:Pipeline[ Id: d8be528b-a57d-4d5b-bbdf-ea16f7028696, Nodes: 75a6d948-9799-4e38-bb4d-0bcbb68a8180{ip: 192.168.5.170, host: byscane-nightly-5jrvm-589107607, networkLocation: /default-rack, certSerialId: null}, Type:RATIS, Factor:ONE, State:OPEN]
2019-08-16 03:31:34,337 INFO  pipeline.PipelineStateManager (PipelineStateManager.java:finalizePipeline(123)) - Pipeline Pipeline[ Id: d8be528b-a57d-4d5b-bbdf-ea16f7028696, Nodes: 75a6d948-9799-4e38-bb4d-0bcbb68a8180{ip: 192.168.5.170, host: byscane-nightly-5jrvm-589107607, networkLocation: /default-rack, certSerialId: null}, Type:RATIS, Factor:ONE, State:CLOSED] moved to CLOSED state
2019-08-16 03:31:34,536 INFO  node.StaleNodeHandler (StaleNodeHandler.java:onMessage(58)) - Datanode d09ef4f6-1049-4531-a31d-7b1aaaabfa10{ip: 192.168.5.170, host: byscane-nightly-5jrvm-589107607, networkLocation: /default-rack, certSerialId: null} moved to stale state. Finalizing its pipelines [PipelineID=736a598c-128e-4e9a-9dc2-e4f237c14947, PipelineID=e925a6a9-19ad-42d2-a4e7-a3b8d7718baa]
2019-08-16 03:31:34,536 INFO  pipeline.SCMPipelineManager (SCMPipelineManager.java:finalizeAndDestroyPipeline(309)) - destroying pipeline:Pipeline[ Id: 736a598c-128e-4e9a-9dc2-e4f237c14947, Nodes: d09ef4f6-1049-4531-a31d-7b1aaaabfa10{ip: 192.168.5.170, host: byscane-nightly-5jrvm-589107607, networkLocation: /default-rack, certSerialId: null}, Type:RATIS, Factor:ONE, State:OPEN]
2019-08-16 03:31:34,536 INFO  pipeline.PipelineStateManager (PipelineStateManager.java:finalizePipeline(123)) - Pipeline Pipeline[ Id: 736a598c-128e-4e9a-9dc2-e4f237c14947, Nodes: d09ef4f6-1049-4531-a31d-7b1aaaabfa10{ip: 192.168.5.170, host: byscane-nightly-5jrvm-589107607, networkLocation: /default-rack, certSerialId: null}, Type:RATIS, Factor:ONE, State:CLOSED] moved to CLOSED state
2019-08-16 03:31:34,537 INFO  pipeline.SCMPipelineManager (SCMPipelineManager.java:finalizeAndDestroyPipeline(309)) - destroying pipeline:Pipeline[ Id: e925a6a9-19ad-42d2-a4e7-a3b8d7718baa, Nodes: cdebeb69-c8d8-4c6e-838e-5fcab217bc63{ip: 192.168.5.170, host: byscane-nightly-5jrvm-589107607, networkLocation: /default-rack, certSerialId: null}46d44a41-52a2-4384-8ac9-ea51a453f0ed{ip: 192.168.5.170, host: byscane-nightly-5jrvm-589107607, networkLocation: /default-rack, certSerialId: null}d09ef4f6-1049-4531-a31d-7b1aaaabfa10{ip: 192.168.5.170, host: byscane-nightly-5jrvm-589107607, networkLocation: /default-rack, certSerialId: null}, Type:RATIS, Factor:THREE, State:CLOSED]
2019-08-16 03:31:34,569 INFO  ozoneimpl.OzoneContainer (OzoneContainer.java:stop(199)) - Attempting to stop container services.
2019-08-16 03:31:34,570 INFO  impl.RaftServerProxy (RaftServerProxy.java:lambda$close$4(314)) - d09ef4f6-1049-4531-a31d-7b1aaaabfa10: close
2019-08-16 03:31:34,570 INFO  impl.RaftServerImpl (RaftServerImpl.java:lambda$shutdown$3(245)) - d09ef4f6-1049-4531-a31d-7b1aaaabfa10: shutdown group-E4F237C14947
2019-08-16 03:31:34,570 INFO  util.JmxRegister (JmxRegister.java:unregister(73)) - Successfully un-registered JMX Bean with object name Ratis:service=RaftServer,group=group-E4F237C14947,id=d09ef4f6-1049-4531-a31d-7b1aaaabfa10
2019-08-16 03:31:34,571 INFO  impl.RoleInfo (RoleInfo.java:shutdownLeaderState(104)) - d09ef4f6-1049-4531-a31d-7b1aaaabfa10: shutdown LeaderState
2019-08-16 03:31:34,571 INFO  impl.PendingRequests (PendingRequests.java:sendNotLeaderResponses(202)) - d09ef4f6-1049-4531-a31d-7b1aaaabfa10-PendingRequests: sendNotLeaderResponses
2019-08-16 03:31:34,571 INFO  impl.StateMachineUpdater (StateMachineUpdater.java:stopAndJoin(115)) - StateMachineUpdater:d09ef4f6-1049-4531-a31d-7b1aaaabfa10:group-E4F237C14947: set stopIndex = 0
2019-08-16 03:31:34,574 INFO  impl.RaftServerImpl (ServerState.java:close(394)) - d09ef4f6-1049-4531-a31d-7b1aaaabfa10:group-E4F237C14947 closes. The last applied log index is 0
2019-08-16 03:31:34,574 INFO  segmented.SegmentedRaftLogWorker (SegmentedRaftLogWorker.java:run(313)) - d09ef4f6-1049-4531-a31d-7b1aaaabfa10-SegmentedRaftLogWorker:Storage Directory /workdir/hadoop-ozone/integration-test/target/test-dir/MiniOzoneClusterImpl-15f544e2-cbcb-4b36-b33b-c7f51713c2ca/datanode-0/data/ratis/736a598c-128e-4e9a-9dc2-e4f237c14947 was interrupted, exiting. There are 0 tasks remaining in the queue.
2019-08-16 03:31:34,576 INFO  segmented.SegmentedRaftLogWorker (SegmentedRaftLogWorker.java:close(228)) - d09ef4f6-1049-4531-a31d-7b1aaaabfa10-SegmentedRaftLogWorker:Storage Directory /workdir/hadoop-ozone/integration-test/target/test-dir/MiniOzoneClusterImpl-15f544e2-cbcb-4b36-b33b-c7f51713c2ca/datanode-0/data/ratis/736a598c-128e-4e9a-9dc2-e4f237c14947 close()
2019-08-16 03:31:34,579 INFO  impl.RaftServerImpl (RaftServerImpl.java:lambda$shutdown$3(245)) - d09ef4f6-1049-4531-a31d-7b1aaaabfa10: shutdown group-A3B8D7718BAA
2019-08-16 03:31:34,579 INFO  util.JmxRegister (JmxRegister.java:unregister(73)) - Successfully un-registered JMX Bean with object name Ratis:service=RaftServer,group=group-A3B8D7718BAA,id=d09ef4f6-1049-4531-a31d-7b1aaaabfa10
2019-08-16 03:31:34,579 INFO  impl.RoleInfo (RoleInfo.java:shutdownFollowerState(121)) - d09ef4f6-1049-4531-a31d-7b1aaaabfa10: shutdown FollowerState
2019-08-16 03:31:34,579 INFO  impl.StateMachineUpdater (StateMachineUpdater.java:stopAndJoin(115)) - StateMachineUpdater:d09ef4f6-1049-4531-a31d-7b1aaaabfa10:group-A3B8D7718BAA: set stopIndex = 17
2019-08-16 03:31:34,579 INFO  ratis.ContainerStateMachine (ContainerStateMachine.java:takeSnapshot(262)) - group-A3B8D7718BAA: Taking a snapshot at:(t:2, i:16) file /workdir/hadoop-ozone/integration-test/target/test-dir/MiniOzoneClusterImpl-15f544e2-cbcb-4b36-b33b-c7f51713c2ca/datanode-0/data/ratis/e925a6a9-19ad-42d2-a4e7-a3b8d7718baa/sm/snapshot.2_16
2019-08-16 03:31:34,579 INFO  impl.FollowerState (FollowerState.java:run(114)) - d09ef4f6-1049-4531-a31d-7b1aaaabfa10: FollowerState was interrupted: java.lang.InterruptedException: sleep interrupted
2019-08-16 03:31:34,583 INFO  ozoneimpl.OzoneContainer (OzoneContainer.java:stop(199)) - Attempting to stop container services.
2019-08-16 03:31:34,584 INFO  impl.RaftServerProxy (RaftServerProxy.java:lambda$close$4(314)) - 75a6d948-9799-4e38-bb4d-0bcbb68a8180: close
2019-08-16 03:31:34,584 INFO  impl.RaftServerImpl (RaftServerImpl.java:lambda$shutdown$3(245)) - 75a6d948-9799-4e38-bb4d-0bcbb68a8180: shutdown group-B868EF335BC7
2019-08-16 03:31:34,585 INFO  util.JmxRegister (JmxRegister.java:unregister(73)) - Successfully un-registered JMX Bean with object name Ratis:service=RaftServer,group=group-B868EF335BC7,id=75a6d948-9799-4e38-bb4d-0bcbb68a8180
2019-08-16 03:31:34,585 INFO  impl.RoleInfo (RoleInfo.java:shutdownLeaderState(104)) - 75a6d948-9799-4e38-bb4d-0bcbb68a8180: shutdown LeaderState
2019-08-16 03:31:34,588 WARN  server.GrpcLogAppender (GrpcLogAppender.java:mayWait(143)) - GrpcLogAppender(75a6d948-9799-4e38-bb4d-0bcbb68a8180->942b18c5-366c-4586-965c-19eb0513ec42): Wait interrupted by java.lang.InterruptedException
2019-08-16 03:31:34,588 INFO  impl.PendingRequests (PendingRequests.java:sendNotLeaderResponses(202)) - 75a6d948-9799-4e38-bb4d-0bcbb68a8180-PendingRequests: sendNotLeaderResponses
2019-08-16 03:31:34,588 WARN  server.GrpcLogAppender (GrpcLogAppender.java:mayWait(143)) - GrpcLogAppender(75a6d948-9799-4e38-bb4d-0bcbb68a8180->51cb1f54-fb73-41c6-af18-28702c88289a): Wait interrupted by java.lang.InterruptedException
2019-08-16 03:31:34,593 INFO  impl.StateMachineUpdater (StateMachineUpdater.java:stopAndJoin(115)) - StateMachineUpdater:75a6d948-9799-4e38-bb4d-0bcbb68a8180:group-B868EF335BC7: set stopIndex = 8
2019-08-16 03:31:34,593 INFO  ratis.ContainerStateMachine (ContainerStateMachine.java:takeSnapshot(262)) - group-B868EF335BC7: Taking a snapshot at:(t:4, i:8) file /workdir/hadoop-ozone/integration-test/target/test-dir/MiniOzoneClusterImpl-15f544e2-cbcb-4b36-b33b-c7f51713c2ca/datanode-6/data/ratis/eac003d7-e315-44bc-8380-b868ef335bc7/sm/snapshot.4_8
2019-08-16 03:31:34,610 INFO  ratis.ContainerStateMachine (ContainerStateMachine.java:takeSnapshot(273)) - group-A3B8D7718BAA: Finished taking a snapshot at:(t:2, i:16) file:/workdir/hadoop-ozone/integration-test/target/test-dir/MiniOzoneClusterImpl-15f544e2-cbcb-4b36-b33b-c7f51713c2ca/datanode-0/data/ratis/e925a6a9-19ad-42d2-a4e7-a3b8d7718baa/sm/snapshot.2_16 time:31
2019-08-16 03:31:34,611 INFO  impl.StateMachineUpdater (StateMachineUpdater.java:takeSnapshot(242)) - StateMachineUpdater:d09ef4f6-1049-4531-a31d-7b1aaaabfa10:group-A3B8D7718BAA: Took a snapshot at index 16
2019-08-16 03:31:34,611 INFO  impl.StateMachineUpdater (StateMachineUpdater.java:lambda$new$0(80)) - StateMachineUpdater:d09ef4f6-1049-4531-a31d-7b1aaaabfa10:group-A3B8D7718BAA: snapshotIndex: updateIncreasingly -1 -> 16
2019-08-16 03:31:34,611 INFO  impl.RaftServerImpl (ServerState.java:close(394)) - d09ef4f6-1049-4531-a31d-7b1aaaabfa10:group-A3B8D7718BAA closes. The last applied log index is 17
2019-08-16 03:31:34,612 INFO  segmented.SegmentedRaftLogWorker (SegmentedRaftLogWorker.java:run(313)) - d09ef4f6-1049-4531-a31d-7b1aaaabfa10-SegmentedRaftLogWorker:Storage Directory /workdir/hadoop-ozone/integration-test/target/test-dir/MiniOzoneClusterImpl-15f544e2-cbcb-4b36-b33b-c7f51713c2ca/datanode-0/data/ratis/e925a6a9-19ad-42d2-a4e7-a3b8d7718baa was interrupted, exiting. There are 0 tasks remaining in the queue.
2019-08-16 03:31:34,613 INFO  ratis.ContainerStateMachine (ContainerStateMachine.java:takeSnapshot(273)) - group-B868EF335BC7: Finished taking a snapshot at:(t:4, i:8) file:/workdir/hadoop-ozone/integration-test/target/test-dir/MiniOzoneClusterImpl-15f544e2-cbcb-4b36-b33b-c7f51713c2ca/datanode-6/data/ratis/eac003d7-e315-44bc-8380-b868ef335bc7/sm/snapshot.4_8 time:19
2019-08-16 03:31:34,613 INFO  segmented.SegmentedRaftLogWorker (SegmentedRaftLogWorker.java:close(228)) - d09ef4f6-1049-4531-a31d-7b1aaaabfa10-SegmentedRaftLogWorker:Storage Directory /workdir/hadoop-ozone/integration-test/target/test-dir/MiniOzoneClusterImpl-15f544e2-cbcb-4b36-b33b-c7f51713c2ca/datanode-0/data/ratis/e925a6a9-19ad-42d2-a4e7-a3b8d7718baa close()
2019-08-16 03:31:34,613 INFO  impl.StateMachineUpdater (StateMachineUpdater.java:takeSnapshot(242)) - StateMachineUpdater:75a6d948-9799-4e38-bb4d-0bcbb68a8180:group-B868EF335BC7: Took a snapshot at index 8
2019-08-16 03:31:34,616 INFO  impl.StateMachineUpdater (StateMachineUpdater.java:lambda$new$0(80)) - StateMachineUpdater:75a6d948-9799-4e38-bb4d-0bcbb68a8180:group-B868EF335BC7: snapshotIndex: updateIncreasingly -1 -> 8
2019-08-16 03:31:34,616 INFO  server.GrpcService (GrpcService.java:closeImpl(155)) - d09ef4f6-1049-4531-a31d-7b1aaaabfa10: shutdown server with port 33465 now
2019-08-16 03:31:34,617 INFO  impl.RaftServerImpl (ServerState.java:close(394)) - 75a6d948-9799-4e38-bb4d-0bcbb68a8180:group-B868EF335BC7 closes. The last applied log index is 8
2019-08-16 03:31:34,617 INFO  segmented.SegmentedRaftLogWorker (SegmentedRaftLogWorker.java:run(313)) - 75a6d948-9799-4e38-bb4d-0bcbb68a8180-SegmentedRaftLogWorker:Storage Directory /workdir/hadoop-ozone/integration-test/target/test-dir/MiniOzoneClusterImpl-15f544e2-cbcb-4b36-b33b-c7f51713c2ca/datanode-6/data/ratis/eac003d7-e315-44bc-8380-b868ef335bc7 was interrupted, exiting. There are 0 tasks remaining in the queue.
2019-08-16 03:31:34,617 WARN  server.GrpcServerProtocolService (LogUtils.java:warn(134)) - d09ef4f6-1049-4531-a31d-7b1aaaabfa10: appendEntries onError: org.apache.ratis.thirdparty.io.grpc.StatusRuntimeException: CANCELLED: cancelled before receiving half close
2019-08-16 03:31:34,624 INFO  segmented.SegmentedRaftLogWorker (SegmentedRaftLogWorker.java:close(228)) - 75a6d948-9799-4e38-bb4d-0bcbb68a8180-SegmentedRaftLogWorker:Storage Directory /workdir/hadoop-ozone/integration-test/target/test-dir/MiniOzoneClusterImpl-15f544e2-cbcb-4b36-b33b-c7f51713c2ca/datanode-6/data/ratis/eac003d7-e315-44bc-8380-b868ef335bc7 close()
2019-08-16 03:31:34,624 INFO  server.GrpcService (GrpcService.java:closeImpl(163)) - d09ef4f6-1049-4531-a31d-7b1aaaabfa10: shutdown server with port 33465 successfully
2019-08-16 03:31:34,626 INFO  impl.RaftServerImpl (RaftServerImpl.java:lambda$shutdown$3(245)) - 75a6d948-9799-4e38-bb4d-0bcbb68a8180: shutdown group-EA16F7028696
2019-08-16 03:31:34,626 WARN  server.GrpcLogAppender (LogUtils.java:warn(134)) - cdebeb69-c8d8-4c6e-838e-5fcab217bc63->d09ef4f6-1049-4531-a31d-7b1aaaabfa10: Failed appendEntries: org.apache.ratis.thirdparty.io.grpc.StatusRuntimeException: CANCELLED: HTTP/2 error code: CANCEL
Received Rst Stream
2019-08-16 03:31:34,627 INFO  util.JmxRegister (JmxRegister.java:unregister(73)) - Successfully un-registered JMX Bean with object name Ratis:service=RaftServer,group=group-EA16F7028696,id=75a6d948-9799-4e38-bb4d-0bcbb68a8180
2019-08-16 03:31:34,628 INFO  utils.BackgroundService (BackgroundService.java:shutdown(148)) - Shutting down service BlockDeletingService
2019-08-16 03:31:34,627 INFO  impl.FollowerInfo (FollowerInfo.java:lambda$new$0(50)) - cdebeb69-c8d8-4c6e-838e-5fcab217bc63->d09ef4f6-1049-4531-a31d-7b1aaaabfa10: nextIndex: updateUnconditionally 19 -> 18
2019-08-16 03:31:34,628 INFO  impl.RoleInfo (RoleInfo.java:shutdownLeaderState(104)) - 75a6d948-9799-4e38-bb4d-0bcbb68a8180: shutdown LeaderState
2019-08-16 03:31:34,629 INFO  impl.PendingRequests (PendingRequests.java:sendNotLeaderResponses(202)) - 75a6d948-9799-4e38-bb4d-0bcbb68a8180-PendingRequests: sendNotLeaderResponses
2019-08-16 03:31:34,629 WARN  fs.CachingGetSpaceUsed (CachingGetSpaceUsed.java:run(183)) - Thread Interrupted waiting to refresh disk information: sleep interrupted
2019-08-16 03:31:34,630 INFO  impl.StateMachineUpdater (StateMachineUpdater.java:stopAndJoin(115)) - StateMachineUpdater:75a6d948-9799-4e38-bb4d-0bcbb68a8180:group-EA16F7028696: set stopIndex = 0
2019-08-16 03:31:34,630 INFO  impl.RaftServerImpl (ServerState.java:close(394)) - 75a6d948-9799-4e38-bb4d-0bcbb68a8180:group-EA16F7028696 closes. The last applied log index is 0
2019-08-16 03:31:34,631 INFO  segmented.SegmentedRaftLogWorker (SegmentedRaftLogWorker.java:run(313)) - 75a6d948-9799-4e38-bb4d-0bcbb68a8180-SegmentedRaftLogWorker:Storage Directory /workdir/hadoop-ozone/integration-test/target/test-dir/MiniOzoneClusterImpl-15f544e2-cbcb-4b36-b33b-c7f51713c2ca/datanode-6/data/ratis/d8be528b-a57d-4d5b-bbdf-ea16f7028696 was interrupted, exiting. There are 0 tasks remaining in the queue.
2019-08-16 03:31:34,631 INFO  segmented.SegmentedRaftLogWorker (SegmentedRaftLogWorker.java:close(228)) - 75a6d948-9799-4e38-bb4d-0bcbb68a8180-SegmentedRaftLogWorker:Storage Directory /workdir/hadoop-ozone/integration-test/target/test-dir/MiniOzoneClusterImpl-15f544e2-cbcb-4b36-b33b-c7f51713c2ca/datanode-6/data/ratis/d8be528b-a57d-4d5b-bbdf-ea16f7028696 close()
2019-08-16 03:31:34,633 INFO  server.GrpcService (GrpcService.java:closeImpl(155)) - 75a6d948-9799-4e38-bb4d-0bcbb68a8180: shutdown server with port 33463 now
2019-08-16 03:31:34,634 INFO  server.GrpcService (GrpcService.java:closeImpl(163)) - 75a6d948-9799-4e38-bb4d-0bcbb68a8180: shutdown server with port 33463 successfully
2019-08-16 03:31:34,643 INFO  utils.BackgroundService (BackgroundService.java:shutdown(148)) - Shutting down service BlockDeletingService
2019-08-16 03:31:34,649 WARN  fs.CachingGetSpaceUsed (CachingGetSpaceUsed.java:run(183)) - Thread Interrupted waiting to refresh disk information: sleep interrupted
2019-08-16 03:31:34,659 INFO  statemachine.DatanodeStateMachine (DatanodeStateMachine.java:stopDaemon(395)) - Ozone container server stopped.
2019-08-16 03:31:34,663 INFO  handler.ContextHandler (ContextHandler.java:doStop(910)) - Stopped o.e.j.w.WebAppContext@4c777e7b{/,null,UNAVAILABLE}{/hddsDatanode}
2019-08-16 03:31:34,664 INFO  server.AbstractConnector (AbstractConnector.java:doStop(318)) - Stopped ServerConnector@5f038248{HTTP/1.1,[http/1.1]}{0.0.0.0:0}
2019-08-16 03:31:34,666 INFO  handler.ContextHandler (ContextHandler.java:doStop(910)) - Stopped o.e.j.s.ServletContextHandler@46185a1b{/static,jar:file:/home/user/.m2/repository/org/apache/hadoop/hadoop-hdds-container-service/0.4.1-SNAPSHOT/hadoop-hdds-container-service-0.4.1-SNAPSHOT.jar!/webapps/static,UNAVAILABLE}
2019-08-16 03:31:34,667 INFO  handler.ContextHandler (ContextHandler.java:doStop(910)) - Stopped o.e.j.s.ServletContextHandler@dc79225{/logs,file:///workdir/hadoop-ozone/integration-test/target/log,UNAVAILABLE}
2019-08-16 03:31:34,668 INFO  datanode.ObjectStoreHandler (ObjectStoreHandler.java:close(155)) - Closing ObjectStoreHandler.
2019-08-16 03:31:34,669 INFO  ozone.HddsDatanodeService (HddsDatanodeService.java:stop(451)) - Stopped plug-in org.apache.hadoop.ozone.web.OzoneHddsDatanodeService@61a87366
2019-08-16 03:31:34,675 INFO  statemachine.DatanodeStateMachine (DatanodeStateMachine.java:stopDaemon(395)) - Ozone container server stopped.
2019-08-16 03:31:34,677 INFO  handler.ContextHandler (ContextHandler.java:doStop(910)) - Stopped o.e.j.w.WebAppContext@1894fa9f{/,null,UNAVAILABLE}{/hddsDatanode}
2019-08-16 03:31:34,678 INFO  server.AbstractConnector (AbstractConnector.java:doStop(318)) - Stopped ServerConnector@1144a02b{HTTP/1.1,[http/1.1]}{0.0.0.0:0}
2019-08-16 03:31:34,678 INFO  handler.ContextHandler (ContextHandler.java:doStop(910)) - Stopped o.e.j.s.ServletContextHandler@6818fd48{/static,jar:file:/home/user/.m2/repository/org/apache/hadoop/hadoop-hdds-container-service/0.4.1-SNAPSHOT/hadoop-hdds-container-service-0.4.1-SNAPSHOT.jar!/webapps/static,UNAVAILABLE}
2019-08-16 03:31:34,679 INFO  handler.ContextHandler (ContextHandler.java:doStop(910)) - Stopped o.e.j.s.ServletContextHandler@15369d73{/logs,file:///workdir/hadoop-ozone/integration-test/target/log,UNAVAILABLE}
2019-08-16 03:31:35,485 INFO  statemachine.DatanodeStateMachine (DatanodeStateMachine.java:lambda$startDaemon$0(350)) - Ozone container server started.
2019-08-16 03:31:36,021 WARN  server.GrpcLogAppender (LogUtils.java:warn(134)) - cdebeb69-c8d8-4c6e-838e-5fcab217bc63->d09ef4f6-1049-4531-a31d-7b1aaaabfa10: Failed appendEntries: org.apache.ratis.thirdparty.io.grpc.StatusRuntimeException: UNAVAILABLE: io exception
2019-08-16 03:31:36,023 INFO  impl.FollowerInfo (FollowerInfo.java:lambda$new$0(50)) - cdebeb69-c8d8-4c6e-838e-5fcab217bc63->d09ef4f6-1049-4531-a31d-7b1aaaabfa10: nextIndex: updateUnconditionally 18 -> 17
2019-08-16 03:31:36,034 WARN  server.GrpcLogAppender (LogUtils.java:warn(134)) - cdebeb69-c8d8-4c6e-838e-5fcab217bc63->46d44a41-52a2-4384-8ac9-ea51a453f0ed: Failed appendEntries: org.apache.ratis.thirdparty.io.grpc.StatusRuntimeException: UNAVAILABLE: io exception
2019-08-16 03:31:36,035 INFO  impl.FollowerInfo (FollowerInfo.java:lambda$new$0(50)) - cdebeb69-c8d8-4c6e-838e-5fcab217bc63->46d44a41-52a2-4384-8ac9-ea51a453f0ed: nextIndex: updateUnconditionally 1 -> 0
2019-08-16 03:31:38,523 WARN  server.GrpcLogAppender (LogUtils.java:warn(134)) - cdebeb69-c8d8-4c6e-838e-5fcab217bc63->d09ef4f6-1049-4531-a31d-7b1aaaabfa10: Failed appendEntries: org.apache.ratis.thirdparty.io.grpc.StatusRuntimeException: UNAVAILABLE: io exception
2019-08-16 03:31:38,525 INFO  impl.FollowerInfo (FollowerInfo.java:lambda$new$0(50)) - cdebeb69-c8d8-4c6e-838e-5fcab217bc63->d09ef4f6-1049-4531-a31d-7b1aaaabfa10: nextIndex: updateUnconditionally 17 -> 16
2019-08-16 03:31:38,535 WARN  server.GrpcLogAppender (LogUtils.java:warn(134)) - cdebeb69-c8d8-4c6e-838e-5fcab217bc63->46d44a41-52a2-4384-8ac9-ea51a453f0ed: Failed appendEntries: org.apache.ratis.thirdparty.io.grpc.StatusRuntimeException: UNAVAILABLE: io exception
2019-08-16 03:31:38,536 INFO  impl.FollowerInfo (FollowerInfo.java:lambda$new$0(50)) - cdebeb69-c8d8-4c6e-838e-5fcab217bc63->46d44a41-52a2-4384-8ac9-ea51a453f0ed: nextIndex: updateUnconditionally 0 -> 0
2019-08-16 03:31:39,544 INFO  node.StaleNodeHandler (StaleNodeHandler.java:onMessage(58)) - Datanode cdebeb69-c8d8-4c6e-838e-5fcab217bc63{ip: 192.168.5.170, host: byscane-nightly-5jrvm-589107607, networkLocation: /default-rack, certSerialId: null} moved to stale state. Finalizing its pipelines [PipelineID=d85f8ae8-ccc9-46fc-9e64-45a08920df07, PipelineID=e925a6a9-19ad-42d2-a4e7-a3b8d7718baa]
2019-08-16 03:31:39,545 INFO  pipeline.SCMPipelineManager (SCMPipelineManager.java:finalizeAndDestroyPipeline(309)) - destroying pipeline:Pipeline[ Id: d85f8ae8-ccc9-46fc-9e64-45a08920df07, Nodes: cdebeb69-c8d8-4c6e-838e-5fcab217bc63{ip: 192.168.5.170, host: byscane-nightly-5jrvm-589107607, networkLocation: /default-rack, certSerialId: null}, Type:RATIS, Factor:ONE, State:OPEN]
2019-08-16 03:31:39,545 INFO  pipeline.PipelineStateManager (PipelineStateManager.java:finalizePipeline(123)) - Pipeline Pipeline[ Id: d85f8ae8-ccc9-46fc-9e64-45a08920df07, Nodes: cdebeb69-c8d8-4c6e-838e-5fcab217bc63{ip: 192.168.5.170, host: byscane-nightly-5jrvm-589107607, networkLocation: /default-rack, certSerialId: null}, Type:RATIS, Factor:ONE, State:CLOSED] moved to CLOSED state
2019-08-16 03:31:39,545 INFO  pipeline.SCMPipelineManager (SCMPipelineManager.java:finalizeAndDestroyPipeline(309)) - destroying pipeline:Pipeline[ Id: e925a6a9-19ad-42d2-a4e7-a3b8d7718baa, Nodes: cdebeb69-c8d8-4c6e-838e-5fcab217bc63{ip: 192.168.5.170, host: byscane-nightly-5jrvm-589107607, networkLocation: /default-rack, certSerialId: null}46d44a41-52a2-4384-8ac9-ea51a453f0ed{ip: 192.168.5.170, host: byscane-nightly-5jrvm-589107607, networkLocation: /default-rack, certSerialId: null}d09ef4f6-1049-4531-a31d-7b1aaaabfa10{ip: 192.168.5.170, host: byscane-nightly-5jrvm-589107607, networkLocation: /default-rack, certSerialId: null}, Type:RATIS, Factor:THREE, State:CLOSED]
2019-08-16 03:31:39,669 INFO  ozoneimpl.OzoneContainer (OzoneContainer.java:stop(199)) - Attempting to stop container services.
2019-08-16 03:31:39,670 INFO  impl.RaftServerProxy (RaftServerProxy.java:lambda$close$4(314)) - cdebeb69-c8d8-4c6e-838e-5fcab217bc63: close
2019-08-16 03:31:39,671 INFO  impl.RaftServerImpl (RaftServerImpl.java:lambda$shutdown$3(245)) - cdebeb69-c8d8-4c6e-838e-5fcab217bc63: shutdown group-45A08920DF07
2019-08-16 03:31:39,671 INFO  util.JmxRegister (JmxRegister.java:unregister(73)) - Successfully un-registered JMX Bean with object name Ratis:service=RaftServer,group=group-45A08920DF07,id=cdebeb69-c8d8-4c6e-838e-5fcab217bc63
2019-08-16 03:31:39,671 INFO  impl.RoleInfo (RoleInfo.java:shutdownLeaderState(104)) - cdebeb69-c8d8-4c6e-838e-5fcab217bc63: shutdown LeaderState
2019-08-16 03:31:39,672 INFO  impl.PendingRequests (PendingRequests.java:sendNotLeaderResponses(202)) - cdebeb69-c8d8-4c6e-838e-5fcab217bc63-PendingRequests: sendNotLeaderResponses
2019-08-16 03:31:39,672 INFO  impl.StateMachineUpdater (StateMachineUpdater.java:stopAndJoin(115)) - StateMachineUpdater:cdebeb69-c8d8-4c6e-838e-5fcab217bc63:group-45A08920DF07: set stopIndex = 0
2019-08-16 03:31:39,672 INFO  impl.RaftServerImpl (ServerState.java:close(394)) - cdebeb69-c8d8-4c6e-838e-5fcab217bc63:group-45A08920DF07 closes. The last applied log index is 0
2019-08-16 03:31:39,673 INFO  segmented.SegmentedRaftLogWorker (SegmentedRaftLogWorker.java:run(313)) - cdebeb69-c8d8-4c6e-838e-5fcab217bc63-SegmentedRaftLogWorker:Storage Directory /workdir/hadoop-ozone/integration-test/target/test-dir/MiniOzoneClusterImpl-15f544e2-cbcb-4b36-b33b-c7f51713c2ca/datanode-5/data/ratis/d85f8ae8-ccc9-46fc-9e64-45a08920df07 was interrupted, exiting. There are 0 tasks remaining in the queue.
2019-08-16 03:31:39,673 INFO  segmented.SegmentedRaftLogWorker (SegmentedRaftLogWorker.java:close(228)) - cdebeb69-c8d8-4c6e-838e-5fcab217bc63-SegmentedRaftLogWorker:Storage Directory /workdir/hadoop-ozone/integration-test/target/test-dir/MiniOzoneClusterImpl-15f544e2-cbcb-4b36-b33b-c7f51713c2ca/datanode-5/data/ratis/d85f8ae8-ccc9-46fc-9e64-45a08920df07 close()
2019-08-16 03:31:39,675 INFO  impl.RaftServerImpl (RaftServerImpl.java:lambda$shutdown$3(245)) - cdebeb69-c8d8-4c6e-838e-5fcab217bc63: shutdown group-A3B8D7718BAA
2019-08-16 03:31:39,676 INFO  util.JmxRegister (JmxRegister.java:unregister(73)) - Successfully un-registered JMX Bean with object name Ratis:service=RaftServer,group=group-A3B8D7718BAA,id=cdebeb69-c8d8-4c6e-838e-5fcab217bc63
2019-08-16 03:31:39,676 INFO  impl.RoleInfo (RoleInfo.java:shutdownLeaderState(104)) - cdebeb69-c8d8-4c6e-838e-5fcab217bc63: shutdown LeaderState
2019-08-16 03:31:39,678 WARN  server.GrpcLogAppender (GrpcLogAppender.java:mayWait(143)) - GrpcLogAppender(cdebeb69-c8d8-4c6e-838e-5fcab217bc63->d09ef4f6-1049-4531-a31d-7b1aaaabfa10): Wait interrupted by java.lang.InterruptedException
2019-08-16 03:31:39,678 INFO  impl.PendingRequests (PendingRequests.java:sendNotLeaderResponses(202)) - cdebeb69-c8d8-4c6e-838e-5fcab217bc63-PendingRequests: sendNotLeaderResponses
2019-08-16 03:31:39,678 WARN  server.GrpcLogAppender (GrpcLogAppender.java:mayWait(143)) - GrpcLogAppender(cdebeb69-c8d8-4c6e-838e-5fcab217bc63->46d44a41-52a2-4384-8ac9-ea51a453f0ed): Wait interrupted by java.lang.InterruptedException
2019-08-16 03:31:39,681 INFO  impl.StateMachineUpdater (StateMachineUpdater.java:stopAndJoin(115)) - StateMachineUpdater:cdebeb69-c8d8-4c6e-838e-5fcab217bc63:group-A3B8D7718BAA: set stopIndex = 18
2019-08-16 03:31:39,683 INFO  ratis.ContainerStateMachine (ContainerStateMachine.java:takeSnapshot(262)) - group-A3B8D7718BAA: Taking a snapshot at:(t:2, i:16) file /workdir/hadoop-ozone/integration-test/target/test-dir/MiniOzoneClusterImpl-15f544e2-cbcb-4b36-b33b-c7f51713c2ca/datanode-5/data/ratis/e925a6a9-19ad-42d2-a4e7-a3b8d7718baa/sm/snapshot.2_16
2019-08-16 03:31:39,691 INFO  ratis.ContainerStateMachine (ContainerStateMachine.java:takeSnapshot(273)) - group-A3B8D7718BAA: Finished taking a snapshot at:(t:2, i:16) file:/workdir/hadoop-ozone/integration-test/target/test-dir/MiniOzoneClusterImpl-15f544e2-cbcb-4b36-b33b-c7f51713c2ca/datanode-5/data/ratis/e925a6a9-19ad-42d2-a4e7-a3b8d7718baa/sm/snapshot.2_16 time:10
2019-08-16 03:31:39,691 INFO  impl.StateMachineUpdater (StateMachineUpdater.java:takeSnapshot(242)) - StateMachineUpdater:cdebeb69-c8d8-4c6e-838e-5fcab217bc63:group-A3B8D7718BAA: Took a snapshot at index 16
2019-08-16 03:31:39,691 INFO  impl.StateMachineUpdater (StateMachineUpdater.java:lambda$new$0(80)) - StateMachineUpdater:cdebeb69-c8d8-4c6e-838e-5fcab217bc63:group-A3B8D7718BAA: snapshotIndex: updateIncreasingly -1 -> 16
2019-08-16 03:31:39,692 INFO  impl.RaftServerImpl (ServerState.java:close(394)) - cdebeb69-c8d8-4c6e-838e-5fcab217bc63:group-A3B8D7718BAA closes. The last applied log index is 18
2019-08-16 03:31:39,692 INFO  segmented.SegmentedRaftLogWorker (SegmentedRaftLogWorker.java:run(313)) - cdebeb69-c8d8-4c6e-838e-5fcab217bc63-SegmentedRaftLogWorker:Storage Directory /workdir/hadoop-ozone/integration-test/target/test-dir/MiniOzoneClusterImpl-15f544e2-cbcb-4b36-b33b-c7f51713c2ca/datanode-5/data/ratis/e925a6a9-19ad-42d2-a4e7-a3b8d7718baa was interrupted, exiting. There are 0 tasks remaining in the queue.
2019-08-16 03:31:39,692 INFO  segmented.SegmentedRaftLogWorker (SegmentedRaftLogWorker.java:close(228)) - cdebeb69-c8d8-4c6e-838e-5fcab217bc63-SegmentedRaftLogWorker:Storage Directory /workdir/hadoop-ozone/integration-test/target/test-dir/MiniOzoneClusterImpl-15f544e2-cbcb-4b36-b33b-c7f51713c2ca/datanode-5/data/ratis/e925a6a9-19ad-42d2-a4e7-a3b8d7718baa close()
2019-08-16 03:31:39,694 INFO  server.GrpcService (GrpcService.java:closeImpl(155)) - cdebeb69-c8d8-4c6e-838e-5fcab217bc63: shutdown server with port 42155 now
2019-08-16 03:31:39,694 INFO  server.GrpcService (GrpcService.java:closeImpl(163)) - cdebeb69-c8d8-4c6e-838e-5fcab217bc63: shutdown server with port 42155 successfully
2019-08-16 03:31:39,696 INFO  utils.BackgroundService (BackgroundService.java:shutdown(148)) - Shutting down service BlockDeletingService
2019-08-16 03:31:39,697 WARN  fs.CachingGetSpaceUsed (CachingGetSpaceUsed.java:run(183)) - Thread Interrupted waiting to refresh disk information: sleep interrupted
2019-08-16 03:31:39,718 INFO  statemachine.DatanodeStateMachine (DatanodeStateMachine.java:stopDaemon(395)) - Ozone container server stopped.
2019-08-16 03:31:39,734 INFO  handler.ContextHandler (ContextHandler.java:doStop(910)) - Stopped o.e.j.w.WebAppContext@5329f6b3{/,null,UNAVAILABLE}{/hddsDatanode}
2019-08-16 03:31:39,734 INFO  server.AbstractConnector (AbstractConnector.java:doStop(318)) - Stopped ServerConnector@597d48ca{HTTP/1.1,[http/1.1]}{0.0.0.0:0}
2019-08-16 03:31:39,736 INFO  handler.ContextHandler (ContextHandler.java:doStop(910)) - Stopped o.e.j.s.ServletContextHandler@289f15e9{/static,jar:file:/home/user/.m2/repository/org/apache/hadoop/hadoop-hdds-container-service/0.4.1-SNAPSHOT/hadoop-hdds-container-service-0.4.1-SNAPSHOT.jar!/webapps/static,UNAVAILABLE}
2019-08-16 03:31:39,737 INFO  handler.ContextHandler (ContextHandler.java:doStop(910)) - Stopped o.e.j.s.ServletContextHandler@3344d163{/logs,file:///workdir/hadoop-ozone/integration-test/target/log,UNAVAILABLE}
2019-08-16 03:31:39,738 INFO  ozone.MiniOzoneClusterImpl (MiniOzoneClusterImpl.java:stop(353)) - Stopping the StorageContainerManager
2019-08-16 03:31:39,739 INFO  server.StorageContainerManager (StorageContainerManager.java:stop(797)) - Stopping Replication Manager Service.
2019-08-16 03:31:39,739 INFO  container.ReplicationManager (ReplicationManager.java:stop(193)) - Stopping Replication Monitor Thread.
2019-08-16 03:31:39,739 INFO  server.StorageContainerManager (StorageContainerManager.java:stop(804)) - Stopping Lease Manager of the command watchers
2019-08-16 03:31:39,739 INFO  server.StorageContainerManager (StorageContainerManager.java:stop(811)) - Stopping datanode service RPC server
2019-08-16 03:31:39,740 INFO  server.SCMDatanodeProtocolServer (SCMDatanodeProtocolServer.java:stop(367)) - Stopping the RPC server for DataNodes
2019-08-16 03:31:39,740 INFO  ipc.Server (Server.java:stop(3082)) - Stopping server on 38130
2019-08-16 03:31:39,741 INFO  ipc.Server (Server.java:run(1185)) - Stopping IPC Server listener on 38130
2019-08-16 03:31:39,743 INFO  ipc.Server (Server.java:run(1319)) - Stopping IPC Server Responder
2019-08-16 03:31:39,744 WARN  node.NodeStateManager (NodeStateManager.java:scheduleNextHealthCheck(646)) - Current Thread is interrupted, shutting down HB processing thread for Node Manager.
2019-08-16 03:31:39,745 INFO  server.StorageContainerManager (StorageContainerManager.java:stop(819)) - Stopping block service RPC server
2019-08-16 03:31:39,745 INFO  server.SCMBlockProtocolServer (SCMBlockProtocolServer.java:stop(148)) - Stopping the RPC server for Block Protocol
2019-08-16 03:31:39,745 INFO  ipc.Server (Server.java:stop(3082)) - Stopping server on 46836
2019-08-16 03:31:39,746 INFO  ipc.Server (Server.java:run(1185)) - Stopping IPC Server listener on 46836
2019-08-16 03:31:39,746 INFO  server.StorageContainerManager (StorageContainerManager.java:stop(826)) - Stopping the StorageContainerLocationProtocol RPC server
2019-08-16 03:31:39,747 INFO  server.SCMClientProtocolServer (SCMClientProtocolServer.java:stop(159)) - Stopping the RPC server for Client Protocol
2019-08-16 03:31:39,748 INFO  ipc.Server (Server.java:run(1319)) - Stopping IPC Server Responder
2019-08-16 03:31:39,748 INFO  ipc.Server (Server.java:stop(3082)) - Stopping server on 33297
2019-08-16 03:31:39,750 INFO  ipc.Server (Server.java:run(1185)) - Stopping IPC Server listener on 33297
2019-08-16 03:31:39,750 INFO  server.StorageContainerManager (StorageContainerManager.java:stop(833)) - Stopping Storage Container Manager HTTP server.
2019-08-16 03:31:39,751 INFO  ipc.Server (Server.java:run(1319)) - Stopping IPC Server Responder
2019-08-16 03:31:39,752 INFO  handler.ContextHandler (ContextHandler.java:doStop(910)) - Stopped o.e.j.w.WebAppContext@664a9613{/,null,UNAVAILABLE}{/scm}
2019-08-16 03:31:39,753 INFO  server.AbstractConnector (AbstractConnector.java:doStop(318)) - Stopped ServerConnector@37ebc9d8{HTTP/1.1,[http/1.1]}{0.0.0.0:0}
2019-08-16 03:31:39,753 INFO  handler.ContextHandler (ContextHandler.java:doStop(910)) - Stopped o.e.j.s.ServletContextHandler@76012793{/static,file:///workdir/hadoop-ozone/integration-test/target/test-classes/webapps/static,UNAVAILABLE}
2019-08-16 03:31:39,754 INFO  handler.ContextHandler (ContextHandler.java:doStop(910)) - Stopped o.e.j.s.ServletContextHandler@6bbe2511{/logs,file:///workdir/hadoop-ozone/integration-test/target/log,UNAVAILABLE}
2019-08-16 03:31:39,755 INFO  server.StorageContainerManager (StorageContainerManager.java:stop(844)) - Stopping Block Manager Service.
2019-08-16 03:31:39,755 INFO  utils.BackgroundService (BackgroundService.java:shutdown(148)) - Shutting down service SCMBlockDeletingService
2019-08-16 03:31:39,756 INFO  utils.BackgroundService (BackgroundService.java:shutdown(148)) - Shutting down service SCMBlockDeletingService
2019-08-16 03:31:39,757 INFO  server.StorageContainerManager (StorageContainerManager.java:stop(866)) - Stopping SCM Event Queue.
2019-08-16 03:31:39,765 INFO  impl.MetricsSystemImpl (MetricsSystemImpl.java:stop(210)) - Stopping XceiverClientMetrics metrics system...
2019-08-16 03:31:39,773 INFO  impl.MetricsSystemImpl (MetricsSystemImpl.java:stop(216)) - XceiverClientMetrics metrics system stopped.
]]></system-out>
    <system-err><![CDATA[ERROR StatusLogger No Log4j 2 configuration file found. Using default configuration (logging only errors to the console), or user programmatically provided configurations. Set system property 'log4j2.debug' to show Log4j 2 internal initialization logging. See https://logging.apache.org/log4j/2.x/manual/configuration.html for instructions on how to configure Log4j 2
Aug 16, 2019 3:30:55 AM com.sun.jersey.server.impl.application.WebApplicationImpl _initiate
INFO: Initiating Jersey application, version 'Jersey: 1.19 02/11/2015 03:25 AM'
Aug 16, 2019 3:30:56 AM com.sun.jersey.server.impl.application.WebApplicationImpl _initiate
INFO: Initiating Jersey application, version 'Jersey: 1.19 02/11/2015 03:25 AM'
Aug 16, 2019 3:30:57 AM com.sun.jersey.server.impl.application.WebApplicationImpl _initiate
INFO: Initiating Jersey application, version 'Jersey: 1.19 02/11/2015 03:25 AM'
Aug 16, 2019 3:30:57 AM com.sun.jersey.server.impl.application.WebApplicationImpl _initiate
INFO: Initiating Jersey application, version 'Jersey: 1.19 02/11/2015 03:25 AM'
Aug 16, 2019 3:30:57 AM com.sun.jersey.server.impl.application.WebApplicationImpl _initiate
INFO: Initiating Jersey application, version 'Jersey: 1.19 02/11/2015 03:25 AM'
Aug 16, 2019 3:30:57 AM com.sun.jersey.server.impl.application.WebApplicationImpl _initiate
INFO: Initiating Jersey application, version 'Jersey: 1.19 02/11/2015 03:25 AM'
Aug 16, 2019 3:30:57 AM com.sun.jersey.server.impl.application.WebApplicationImpl _initiate
INFO: Initiating Jersey application, version 'Jersey: 1.19 02/11/2015 03:25 AM'
]]></system-err>
  </testcase>
  <testcase name="testDatanodeFailureWithPreAllocation" classname="org.apache.hadoop.ozone.client.rpc.TestBlockOutputStreamWithFailures" time="225.449"/>
  <testcase name="testDatanodeFailureWithSingleNodeRatis" classname="org.apache.hadoop.ozone.client.rpc.TestBlockOutputStreamWithFailures" time="224.928"/>
  <testcase name="testWatchForCommitWithSingleNodeRatis" classname="org.apache.hadoop.ozone.client.rpc.TestBlockOutputStreamWithFailures" time="33.625"/>
  <testcase name="testWatchForCommitDatanodeFailure" classname="org.apache.hadoop.ozone.client.rpc.TestBlockOutputStreamWithFailures" time="34.936">
    <failure message="expected:&lt;53&gt; but was:&lt;54&gt;" type="java.lang.AssertionError"><![CDATA[java.lang.AssertionError: expected:<53> but was:<54>
	at org.junit.Assert.fail(Assert.java:88)
	at org.junit.Assert.failNotEquals(Assert.java:743)
	at org.junit.Assert.assertEquals(Assert.java:118)
	at org.junit.Assert.assertEquals(Assert.java:555)
	at org.junit.Assert.assertEquals(Assert.java:542)
	at org.apache.hadoop.ozone.client.rpc.TestBlockOutputStreamWithFailures.testWatchForCommitDatanodeFailure(TestBlockOutputStreamWithFailures.java:336)
	at sun.reflect.NativeMethodAccessorImpl.invoke0(Native Method)
	at sun.reflect.NativeMethodAccessorImpl.invoke(NativeMethodAccessorImpl.java:62)
	at sun.reflect.DelegatingMethodAccessorImpl.invoke(DelegatingMethodAccessorImpl.java:43)
	at java.lang.reflect.Method.invoke(Method.java:498)
	at org.junit.runners.model.FrameworkMethod$1.runReflectiveCall(FrameworkMethod.java:47)
	at org.junit.internal.runners.model.ReflectiveCallable.run(ReflectiveCallable.java:12)
	at org.junit.runners.model.FrameworkMethod.invokeExplosively(FrameworkMethod.java:44)
	at org.junit.internal.runners.statements.InvokeMethod.evaluate(InvokeMethod.java:17)
	at org.junit.internal.runners.statements.RunBefores.evaluate(RunBefores.java:26)
	at org.junit.internal.runners.statements.RunAfters.evaluate(RunAfters.java:27)
	at org.junit.runners.ParentRunner.runLeaf(ParentRunner.java:271)
	at org.junit.runners.BlockJUnit4ClassRunner.runChild(BlockJUnit4ClassRunner.java:70)
	at org.junit.runners.BlockJUnit4ClassRunner.runChild(BlockJUnit4ClassRunner.java:50)
	at org.junit.runners.ParentRunner$3.run(ParentRunner.java:238)
	at org.junit.runners.ParentRunner$1.schedule(ParentRunner.java:63)
	at org.junit.runners.ParentRunner.runChildren(ParentRunner.java:236)
	at org.junit.runners.ParentRunner.access$000(ParentRunner.java:53)
	at org.junit.runners.ParentRunner$2.evaluate(ParentRunner.java:229)
	at org.junit.runners.ParentRunner.run(ParentRunner.java:309)
	at org.apache.maven.surefire.junit4.JUnit4Provider.execute(JUnit4Provider.java:365)
	at org.apache.maven.surefire.junit4.JUnit4Provider.executeWithRerun(JUnit4Provider.java:273)
	at org.apache.maven.surefire.junit4.JUnit4Provider.executeTestSet(JUnit4Provider.java:238)
	at org.apache.maven.surefire.junit4.JUnit4Provider.invoke(JUnit4Provider.java:159)
	at org.apache.maven.surefire.booter.ForkedBooter.invokeProviderInSameClassLoader(ForkedBooter.java:384)
	at org.apache.maven.surefire.booter.ForkedBooter.runSuitesInProcess(ForkedBooter.java:345)
	at org.apache.maven.surefire.booter.ForkedBooter.execute(ForkedBooter.java:126)
	at org.apache.maven.surefire.booter.ForkedBooter.main(ForkedBooter.java:418)
]]></failure>
    <system-out><![CDATA[2019-08-16 03:39:43,854 WARN  server.ServerUtils (ServerUtils.java:getScmDbDir(145)) - ozone.scm.db.dirs is not configured. We recommend adding this setting. Falling back to ozone.metadata.dirs instead.
2019-08-16 03:39:43,869 WARN  server.ServerUtils (ServerUtils.java:getScmDbDir(145)) - ozone.scm.db.dirs is not configured. We recommend adding this setting. Falling back to ozone.metadata.dirs instead.
2019-08-16 03:39:43,869 WARN  server.ServerUtils (ServerUtils.java:getScmDbDir(145)) - ozone.scm.db.dirs is not configured. We recommend adding this setting. Falling back to ozone.metadata.dirs instead.
2019-08-16 03:39:43,870 INFO  db.DBStoreBuilder (DBStoreBuilder.java:addTable(110)) - using custom profile for table: deletedBlocks
2019-08-16 03:39:43,870 INFO  db.DBStoreBuilder (DBStoreBuilder.java:processTables(161)) - Using default column profile:DBProfile.DISK for Table:deletedBlocks
2019-08-16 03:39:43,870 INFO  db.DBStoreBuilder (DBStoreBuilder.java:addTable(110)) - using custom profile for table: validCerts
2019-08-16 03:39:43,870 INFO  db.DBStoreBuilder (DBStoreBuilder.java:processTables(161)) - Using default column profile:DBProfile.DISK for Table:validCerts
2019-08-16 03:39:43,871 INFO  db.DBStoreBuilder (DBStoreBuilder.java:addTable(110)) - using custom profile for table: revokedCerts
2019-08-16 03:39:43,871 INFO  db.DBStoreBuilder (DBStoreBuilder.java:processTables(161)) - Using default column profile:DBProfile.DISK for Table:revokedCerts
2019-08-16 03:39:43,871 INFO  db.DBStoreBuilder (DBStoreBuilder.java:addTable(110)) - using custom profile for table: default
2019-08-16 03:39:43,871 INFO  db.DBStoreBuilder (DBStoreBuilder.java:processTables(167)) - Using default column profile:DBProfile.DISK for Table:default
2019-08-16 03:39:43,871 INFO  db.DBStoreBuilder (DBStoreBuilder.java:getDbProfile(198)) - Using default options. DBProfile.DISK
2019-08-16 03:39:44,060 INFO  net.NodeSchemaLoader (NodeSchemaLoader.java:loadSchemaFromFile(125)) - Loading file from sun.misc.CompoundEnumeration@41db6e4b
2019-08-16 03:39:44,060 INFO  net.NodeSchemaLoader (NodeSchemaLoader.java:loadSchema(171)) - Loading network topology layer schema file
2019-08-16 03:39:44,066 INFO  node.SCMNodeManager (SCMNodeManager.java:<init>(121)) - Entering startup safe mode.
2019-08-16 03:39:44,067 WARN  server.ServerUtils (ServerUtils.java:getScmDbDir(145)) - ozone.scm.db.dirs is not configured. We recommend adding this setting. Falling back to ozone.metadata.dirs instead.
2019-08-16 03:39:44,140 INFO  pipeline.SCMPipelineManager (SCMPipelineManager.java:initializePipelineState(126)) - No pipeline exists in current db
2019-08-16 03:39:44,140 WARN  server.ServerUtils (ServerUtils.java:getScmDbDir(145)) - ozone.scm.db.dirs is not configured. We recommend adding this setting. Falling back to ozone.metadata.dirs instead.
2019-08-16 03:39:44,201 WARN  events.EventQueue (EventQueue.java:fireEvent(175)) - No event handler registered for event TypedEvent{payloadType=SafeModeStatus, name='SafeModeStatus'}
2019-08-16 03:39:44,202 INFO  ipc.CallQueueManager (CallQueueManager.java:<init>(84)) - Using callQueue: class java.util.concurrent.LinkedBlockingQueue, queueCapacity: 2000, scheduler: class org.apache.hadoop.ipc.DefaultRpcScheduler, ipcBackoff: false.
2019-08-16 03:39:44,204 INFO  ipc.Server (Server.java:run(1074)) - Starting Socket Reader #1 for port 34987
2019-08-16 03:39:44,206 INFO  ipc.CallQueueManager (CallQueueManager.java:<init>(84)) - Using callQueue: class java.util.concurrent.LinkedBlockingQueue, queueCapacity: 2000, scheduler: class org.apache.hadoop.ipc.DefaultRpcScheduler, ipcBackoff: false.
2019-08-16 03:39:44,206 INFO  ipc.Server (Server.java:run(1074)) - Starting Socket Reader #1 for port 33873
2019-08-16 03:39:44,208 INFO  ipc.CallQueueManager (CallQueueManager.java:<init>(84)) - Using callQueue: class java.util.concurrent.LinkedBlockingQueue, queueCapacity: 2000, scheduler: class org.apache.hadoop.ipc.DefaultRpcScheduler, ipcBackoff: false.
2019-08-16 03:39:44,208 INFO  ipc.Server (Server.java:run(1074)) - Starting Socket Reader #1 for port 44233
2019-08-16 03:39:44,211 INFO  hdfs.DFSUtil (DFSUtil.java:httpServerTemplateForNNAndJN(1641)) - Starting Web-server for scm at: http://0.0.0.0:0
2019-08-16 03:39:44,213 INFO  server.AuthenticationFilter (AuthenticationFilter.java:constructSecretProvider(240)) - Unable to initialize FileSignerSecretProvider, falling back to use random secrets.
2019-08-16 03:39:44,214 WARN  http.HttpRequestLog (HttpRequestLog.java:getRequestLog(97)) - Jetty request log can only be enabled using Log4j
2019-08-16 03:39:44,216 INFO  http.HttpServer2 (HttpServer2.java:addGlobalFilter(975)) - Added global filter 'safety' (class=org.apache.hadoop.http.HttpServer2$QuotingInputFilter)
2019-08-16 03:39:44,216 INFO  http.HttpServer2 (HttpServer2.java:addFilter(948)) - Added filter static_user_filter (class=org.apache.hadoop.http.lib.StaticUserWebFilter$StaticUserFilter) to context scm
2019-08-16 03:39:44,217 INFO  http.HttpServer2 (HttpServer2.java:addFilter(958)) - Added filter static_user_filter (class=org.apache.hadoop.http.lib.StaticUserWebFilter$StaticUserFilter) to context static
2019-08-16 03:39:44,217 INFO  http.HttpServer2 (HttpServer2.java:addFilter(958)) - Added filter static_user_filter (class=org.apache.hadoop.http.lib.StaticUserWebFilter$StaticUserFilter) to context logs
2019-08-16 03:39:44,218 INFO  server.StorageContainerManager (StorageContainerManager.java:start(759)) - StorageContainerLocationProtocol RPC server is listening at /0.0.0.0:44233
2019-08-16 03:39:44,221 WARN  impl.MetricsConfig (MetricsConfig.java:loadFirst(134)) - Cannot locate configuration: tried hadoop-metrics2-storagecontainermanager.properties,hadoop-metrics2.properties
2019-08-16 03:39:44,222 INFO  impl.MetricsSystemImpl (MetricsSystemImpl.java:startTimer(374)) - Scheduled Metric snapshot period at 10 second(s).
2019-08-16 03:39:44,222 INFO  impl.MetricsSystemImpl (MetricsSystemImpl.java:start(191)) - StorageContainerManager metrics system started
2019-08-16 03:39:44,292 INFO  server.SCMClientProtocolServer (SCMClientProtocolServer.java:start(151)) - RPC server for Client  is listening at /0.0.0.0:44233
2019-08-16 03:39:44,293 INFO  ipc.Server (Server.java:run(1314)) - IPC Server Responder: starting
2019-08-16 03:39:44,293 INFO  ipc.Server (Server.java:run(1153)) - IPC Server listener on 44233: starting
2019-08-16 03:39:44,297 INFO  server.StorageContainerManager (StorageContainerManager.java:start(769)) - ScmBlockLocationProtocol RPC server is listening at /0.0.0.0:33873
2019-08-16 03:39:44,297 INFO  server.SCMBlockProtocolServer (SCMBlockProtocolServer.java:start(140)) - RPC server for Block Protocol is listening at /0.0.0.0:33873
2019-08-16 03:39:44,297 INFO  ipc.Server (Server.java:run(1314)) - IPC Server Responder: starting
2019-08-16 03:39:44,298 INFO  ipc.Server (Server.java:run(1153)) - IPC Server listener on 33873: starting
2019-08-16 03:39:44,300 INFO  server.StorageContainerManager (StorageContainerManager.java:start(773)) - ScmDatanodeProtocl RPC server is listening at /0.0.0.0:34987
2019-08-16 03:39:44,301 INFO  server.SCMDatanodeProtocolServer (SCMDatanodeProtocolServer.java:start(191)) - RPC server for DataNodes is listening at /0.0.0.0:34987
2019-08-16 03:39:44,301 INFO  ipc.Server (Server.java:run(1314)) - IPC Server Responder: starting
2019-08-16 03:39:44,301 INFO  ipc.Server (Server.java:run(1153)) - IPC Server listener on 34987: starting
2019-08-16 03:39:44,304 INFO  http.HttpServer2 (HttpServer2.java:bindListener(1191)) - Jetty bound to port 44725
2019-08-16 03:39:44,304 INFO  server.Server (Server.java:doStart(351)) - jetty-9.3.24.v20180605, build timestamp: 2018-06-05T17:11:56Z, git hash: 84205aa28f11a4f31f2a3b86d1bba2cc8ab69827
2019-08-16 03:39:44,306 INFO  handler.ContextHandler (ContextHandler.java:doStart(781)) - Started o.e.j.s.ServletContextHandler@2f143ea{/logs,file:///workdir/hadoop-ozone/integration-test/target/log,AVAILABLE}
2019-08-16 03:39:44,306 INFO  handler.ContextHandler (ContextHandler.java:doStart(781)) - Started o.e.j.s.ServletContextHandler@19983dd1{/static,file:///workdir/hadoop-ozone/integration-test/target/test-classes/webapps/static,AVAILABLE}
2019-08-16 03:39:44,310 INFO  handler.ContextHandler (ContextHandler.java:doStart(781)) - Started o.e.j.w.WebAppContext@c4bb119{/,file:///workdir/hadoop-ozone/integration-test/target/test-classes/webapps/scm/,AVAILABLE}{/scm}
2019-08-16 03:39:44,310 INFO  server.AbstractConnector (AbstractConnector.java:doStart(278)) - Started ServerConnector@66075347{HTTP/1.1,[http/1.1]}{0.0.0.0:44725}
2019-08-16 03:39:44,311 INFO  server.Server (Server.java:doStart(419)) - Started @533915ms
2019-08-16 03:39:44,313 INFO  server.BaseHttpServer (BaseHttpServer.java:updateConnectorAddress(207)) - HTTP server of SCM is listening at http://0.0.0.0:44725
2019-08-16 03:39:44,314 WARN  server.ServerUtils (ServerUtils.java:getDBPath(222)) - ozone.om.db.dirs is not configured. We recommend adding this setting. Falling back to ozone.metadata.dirs instead.
2019-08-16 03:39:44,315 INFO  util.JvmPauseMonitor (JvmPauseMonitor.java:run(188)) - Starting JVM pause monitor
2019-08-16 03:39:44,328 WARN  server.ServerUtils (ServerUtils.java:getDBPath(222)) - ozone.om.db.dirs is not configured. We recommend adding this setting. Falling back to ozone.metadata.dirs instead.
2019-08-16 03:39:44,328 WARN  server.ServerUtils (ServerUtils.java:getDBPath(222)) - ozone.om.db.dirs is not configured. We recommend adding this setting. Falling back to ozone.metadata.dirs instead.
2019-08-16 03:39:44,329 INFO  om.OzoneManager (OzoneManager.java:setOMNodeDetails(644)) - OM Service ID is not set. Setting it to the default ID: omServiceIdDefault
2019-08-16 03:39:44,329 INFO  om.OzoneManager (OzoneManager.java:setOMNodeDetails(650)) - OM Node ID is not set. Setting it to the OmStorage's OmID: 59038712-69c5-4bfb-abb6-5c67ad23b5c7
2019-08-16 03:39:44,329 INFO  om.OzoneManager (OzoneManager.java:loadOMHAConfigs(601)) - Found matching OM address with OMServiceId: null, OMNodeId: null, RPC Address: localhost:0 and Ratis port: 9872
2019-08-16 03:39:44,335 WARN  server.ServerUtils (ServerUtils.java:getDBPath(222)) - ozone.om.db.dirs is not configured. We recommend adding this setting. Falling back to ozone.metadata.dirs instead.
2019-08-16 03:39:44,336 INFO  db.DBStoreBuilder (DBStoreBuilder.java:addTable(110)) - using custom profile for table: userTable
2019-08-16 03:39:44,336 INFO  db.DBStoreBuilder (DBStoreBuilder.java:processTables(161)) - Using default column profile:DBProfile.DISK for Table:userTable
2019-08-16 03:39:44,336 INFO  db.DBStoreBuilder (DBStoreBuilder.java:addTable(110)) - using custom profile for table: volumeTable
2019-08-16 03:39:44,336 INFO  db.DBStoreBuilder (DBStoreBuilder.java:processTables(161)) - Using default column profile:DBProfile.DISK for Table:volumeTable
2019-08-16 03:39:44,337 INFO  db.DBStoreBuilder (DBStoreBuilder.java:addTable(110)) - using custom profile for table: bucketTable
2019-08-16 03:39:44,337 INFO  db.DBStoreBuilder (DBStoreBuilder.java:processTables(161)) - Using default column profile:DBProfile.DISK for Table:bucketTable
2019-08-16 03:39:44,337 INFO  db.DBStoreBuilder (DBStoreBuilder.java:addTable(110)) - using custom profile for table: keyTable
2019-08-16 03:39:44,337 INFO  db.DBStoreBuilder (DBStoreBuilder.java:processTables(161)) - Using default column profile:DBProfile.DISK for Table:keyTable
2019-08-16 03:39:44,337 INFO  db.DBStoreBuilder (DBStoreBuilder.java:addTable(110)) - using custom profile for table: deletedTable
2019-08-16 03:39:44,338 INFO  db.DBStoreBuilder (DBStoreBuilder.java:processTables(161)) - Using default column profile:DBProfile.DISK for Table:deletedTable
2019-08-16 03:39:44,338 INFO  db.DBStoreBuilder (DBStoreBuilder.java:addTable(110)) - using custom profile for table: openKeyTable
2019-08-16 03:39:44,338 INFO  db.DBStoreBuilder (DBStoreBuilder.java:processTables(161)) - Using default column profile:DBProfile.DISK for Table:openKeyTable
2019-08-16 03:39:44,338 INFO  db.DBStoreBuilder (DBStoreBuilder.java:addTable(110)) - using custom profile for table: s3Table
2019-08-16 03:39:44,338 INFO  db.DBStoreBuilder (DBStoreBuilder.java:processTables(161)) - Using default column profile:DBProfile.DISK for Table:s3Table
2019-08-16 03:39:44,339 INFO  db.DBStoreBuilder (DBStoreBuilder.java:addTable(110)) - using custom profile for table: multipartInfoTable
2019-08-16 03:39:44,339 INFO  db.DBStoreBuilder (DBStoreBuilder.java:processTables(161)) - Using default column profile:DBProfile.DISK for Table:multipartInfoTable
2019-08-16 03:39:44,339 INFO  db.DBStoreBuilder (DBStoreBuilder.java:addTable(110)) - using custom profile for table: dTokenTable
2019-08-16 03:39:44,339 INFO  db.DBStoreBuilder (DBStoreBuilder.java:processTables(161)) - Using default column profile:DBProfile.DISK for Table:dTokenTable
2019-08-16 03:39:44,339 INFO  db.DBStoreBuilder (DBStoreBuilder.java:addTable(110)) - using custom profile for table: s3SecretTable
2019-08-16 03:39:44,340 INFO  db.DBStoreBuilder (DBStoreBuilder.java:processTables(161)) - Using default column profile:DBProfile.DISK for Table:s3SecretTable
2019-08-16 03:39:44,340 INFO  db.DBStoreBuilder (DBStoreBuilder.java:addTable(110)) - using custom profile for table: prefixTable
2019-08-16 03:39:44,340 INFO  db.DBStoreBuilder (DBStoreBuilder.java:processTables(161)) - Using default column profile:DBProfile.DISK for Table:prefixTable
2019-08-16 03:39:44,340 INFO  db.DBStoreBuilder (DBStoreBuilder.java:addTable(110)) - using custom profile for table: default
2019-08-16 03:39:44,340 INFO  db.DBStoreBuilder (DBStoreBuilder.java:processTables(167)) - Using default column profile:DBProfile.DISK for Table:default
2019-08-16 03:39:44,341 INFO  db.DBStoreBuilder (DBStoreBuilder.java:getDbProfile(198)) - Using default options. DBProfile.DISK
2019-08-16 03:39:44,823 INFO  ipc.CallQueueManager (CallQueueManager.java:<init>(84)) - Using callQueue: class java.util.concurrent.LinkedBlockingQueue, queueCapacity: 2000, scheduler: class org.apache.hadoop.ipc.DefaultRpcScheduler, ipcBackoff: false.
2019-08-16 03:39:44,825 INFO  ipc.Server (Server.java:run(1074)) - Starting Socket Reader #1 for port 46870
2019-08-16 03:39:44,838 INFO  om.OzoneManager (OzoneManager.java:start(1255)) - OzoneManager RPC server is listening at localhost/127.0.0.1:46870
2019-08-16 03:39:44,838 INFO  impl.MetricsSystemImpl (MetricsSystemImpl.java:init(158)) - OzoneManager metrics system started (again)
2019-08-16 03:39:44,839 INFO  ipc.Server (Server.java:run(1314)) - IPC Server Responder: starting
2019-08-16 03:39:44,840 INFO  ipc.Server (Server.java:run(1153)) - IPC Server listener on 46870: starting
2019-08-16 03:39:44,846 INFO  hdfs.DFSUtil (DFSUtil.java:httpServerTemplateForNNAndJN(1641)) - Starting Web-server for ozoneManager at: http://0.0.0.0:0
2019-08-16 03:39:44,847 INFO  server.AuthenticationFilter (AuthenticationFilter.java:constructSecretProvider(240)) - Unable to initialize FileSignerSecretProvider, falling back to use random secrets.
2019-08-16 03:39:44,848 WARN  http.HttpRequestLog (HttpRequestLog.java:getRequestLog(97)) - Jetty request log can only be enabled using Log4j
2019-08-16 03:39:44,849 INFO  http.HttpServer2 (HttpServer2.java:addGlobalFilter(975)) - Added global filter 'safety' (class=org.apache.hadoop.http.HttpServer2$QuotingInputFilter)
2019-08-16 03:39:44,850 INFO  http.HttpServer2 (HttpServer2.java:addFilter(948)) - Added filter static_user_filter (class=org.apache.hadoop.http.lib.StaticUserWebFilter$StaticUserFilter) to context ozoneManager
2019-08-16 03:39:44,850 INFO  http.HttpServer2 (HttpServer2.java:addFilter(958)) - Added filter static_user_filter (class=org.apache.hadoop.http.lib.StaticUserWebFilter$StaticUserFilter) to context static
2019-08-16 03:39:44,850 INFO  http.HttpServer2 (HttpServer2.java:addFilter(958)) - Added filter static_user_filter (class=org.apache.hadoop.http.lib.StaticUserWebFilter$StaticUserFilter) to context logs
2019-08-16 03:39:44,851 INFO  http.HttpServer2 (HttpServer2.java:bindListener(1191)) - Jetty bound to port 41357
2019-08-16 03:39:44,851 INFO  server.Server (Server.java:doStart(351)) - jetty-9.3.24.v20180605, build timestamp: 2018-06-05T17:11:56Z, git hash: 84205aa28f11a4f31f2a3b86d1bba2cc8ab69827
2019-08-16 03:39:44,852 INFO  handler.ContextHandler (ContextHandler.java:doStart(781)) - Started o.e.j.s.ServletContextHandler@12f32f99{/logs,file:///workdir/hadoop-ozone/integration-test/target/log,AVAILABLE}
2019-08-16 03:39:44,853 INFO  handler.ContextHandler (ContextHandler.java:doStart(781)) - Started o.e.j.s.ServletContextHandler@234dfc8e{/static,file:///workdir/hadoop-ozone/integration-test/target/test-classes/webapps/static,AVAILABLE}
2019-08-16 03:39:44,857 INFO  handler.ContextHandler (ContextHandler.java:doStart(781)) - Started o.e.j.w.WebAppContext@684a34f4{/,file:///workdir/hadoop-ozone/integration-test/target/test-classes/webapps/ozoneManager/,AVAILABLE}{/ozoneManager}
2019-08-16 03:39:44,857 INFO  server.AbstractConnector (AbstractConnector.java:doStart(278)) - Started ServerConnector@52ec5ba6{HTTP/1.1,[http/1.1]}{0.0.0.0:41357}
2019-08-16 03:39:44,858 INFO  server.Server (Server.java:doStart(419)) - Started @534462ms
2019-08-16 03:39:44,859 INFO  server.BaseHttpServer (BaseHttpServer.java:updateConnectorAddress(207)) - HTTP server of OZONEMANAGER is listening at http://0.0.0.0:41357
2019-08-16 03:39:44,872 INFO  impl.MetricsSystemImpl (MetricsSystemImpl.java:init(158)) - HddsDatanode metrics system started (again)
2019-08-16 03:39:44,875 INFO  ozone.HddsDatanodeService (HddsDatanodeService.java:start(184)) - HddsDatanodeService host:byscane-nightly-5jrvm-589107607 ip:192.168.5.170
2019-08-16 03:39:44,885 INFO  volume.HddsVolume (HddsVolume.java:<init>(176)) - Creating Volume: /workdir/hadoop-ozone/integration-test/target/test-dir/MiniOzoneClusterImpl-c675edf1-2c96-4517-9492-7066ed6a2cc9/datanode-0/data/containers/hdds of  storage type : DISK and capacity : 1482555576320
2019-08-16 03:39:44,886 INFO  volume.VolumeSet (VolumeSet.java:initializeVolumeSet(170)) - Added Volume : /workdir/hadoop-ozone/integration-test/target/test-dir/MiniOzoneClusterImpl-c675edf1-2c96-4517-9492-7066ed6a2cc9/datanode-0/data/containers/hdds to VolumeSet
2019-08-16 03:39:44,886 INFO  volume.ThrottledAsyncChecker (ThrottledAsyncChecker.java:schedule(140)) - Scheduling a check for org.apache.hadoop.ozone.container.common.volume.HddsVolume@6d028c7e
2019-08-16 03:39:44,886 INFO  volume.HddsVolumeChecker (HddsVolumeChecker.java:checkAllVolumes(203)) - Scheduled health check for volume org.apache.hadoop.ozone.container.common.volume.HddsVolume@6d028c7e
2019-08-16 03:39:44,901 INFO  impl.RaftServerProxy (ConfUtils.java:logGet(43)) - raft.rpc.type = GRPC (default)
2019-08-16 03:39:44,901 INFO  grpc.GrpcFactory (GrpcFactory.java:checkPooledByteBufAllocatorUseCacheForAllThreads(45)) - PERFORMANCE WARNING: useCacheForAllThreads is true that may cause Netty to create a lot garbage objects and, as a result, trigger GC.
	It is recommended to disable useCacheForAllThreads by setting -Dorg.apache.ratis.thirdparty.io.netty.allocator.useCacheForAllThreads=false in command line.
2019-08-16 03:39:44,901 INFO  grpc.GrpcConfigKeys$Server (ConfUtils.java:logGet(43)) - raft.grpc.server.port = 0 (default)
2019-08-16 03:39:44,901 INFO  server.GrpcService (ConfUtils.java:logGet(43)) - raft.grpc.message.size.max = 33570816 (custom)
2019-08-16 03:39:44,902 INFO  server.RaftServerConfigKeys (ConfUtils.java:logGet(43)) - raft.server.log.appender.buffer.byte-limit = 33554432 (custom)
2019-08-16 03:39:44,902 INFO  server.GrpcService (ConfUtils.java:logGet(43)) - raft.grpc.flow.control.window = 1MB (=1048576) (default)
2019-08-16 03:39:44,902 INFO  server.RaftServerConfigKeys (ConfUtils.java:logGet(43)) - raft.server.rpc.request.timeout = 3000ms (default)
2019-08-16 03:39:44,902 INFO  server.RaftServerConfigKeys (ConfUtils.java:logGet(43)) - raft.server.storage.dir = [/workdir/hadoop-ozone/integration-test/target/test-dir/MiniOzoneClusterImpl-c675edf1-2c96-4517-9492-7066ed6a2cc9/datanode-0/data/ratis] (custom)
2019-08-16 03:39:44,903 INFO  replication.SimpleContainerDownloader (SimpleContainerDownloader.java:<init>(72)) - Starting container downloader service to copy containers to replicate.
2019-08-16 03:39:44,904 INFO  hdfs.DFSUtil (DFSUtil.java:httpServerTemplateForNNAndJN(1641)) - Starting Web-server for hddsDatanode at: http://0.0.0.0:0
2019-08-16 03:39:44,905 INFO  server.AuthenticationFilter (AuthenticationFilter.java:constructSecretProvider(240)) - Unable to initialize FileSignerSecretProvider, falling back to use random secrets.
2019-08-16 03:39:44,905 WARN  http.HttpRequestLog (HttpRequestLog.java:getRequestLog(97)) - Jetty request log can only be enabled using Log4j
2019-08-16 03:39:44,907 INFO  http.HttpServer2 (HttpServer2.java:addGlobalFilter(975)) - Added global filter 'safety' (class=org.apache.hadoop.http.HttpServer2$QuotingInputFilter)
2019-08-16 03:39:44,907 INFO  http.HttpServer2 (HttpServer2.java:addFilter(948)) - Added filter static_user_filter (class=org.apache.hadoop.http.lib.StaticUserWebFilter$StaticUserFilter) to context hddsDatanode
2019-08-16 03:39:44,907 INFO  http.HttpServer2 (HttpServer2.java:addFilter(958)) - Added filter static_user_filter (class=org.apache.hadoop.http.lib.StaticUserWebFilter$StaticUserFilter) to context static
2019-08-16 03:39:44,907 INFO  http.HttpServer2 (HttpServer2.java:addFilter(958)) - Added filter static_user_filter (class=org.apache.hadoop.http.lib.StaticUserWebFilter$StaticUserFilter) to context logs
2019-08-16 03:39:44,908 INFO  http.HttpServer2 (HttpServer2.java:bindListener(1191)) - Jetty bound to port 41901
2019-08-16 03:39:44,908 INFO  server.Server (Server.java:doStart(351)) - jetty-9.3.24.v20180605, build timestamp: 2018-06-05T17:11:56Z, git hash: 84205aa28f11a4f31f2a3b86d1bba2cc8ab69827
2019-08-16 03:39:44,910 INFO  handler.ContextHandler (ContextHandler.java:doStart(781)) - Started o.e.j.s.ServletContextHandler@7e092ca{/logs,file:///workdir/hadoop-ozone/integration-test/target/log,AVAILABLE}
2019-08-16 03:39:44,910 INFO  handler.ContextHandler (ContextHandler.java:doStart(781)) - Started o.e.j.s.ServletContextHandler@6a4f15bc{/static,jar:file:/home/user/.m2/repository/org/apache/hadoop/hadoop-hdds-container-service/0.4.1-SNAPSHOT/hadoop-hdds-container-service-0.4.1-SNAPSHOT.jar!/webapps/static,AVAILABLE}
2019-08-16 03:39:44,936 INFO  handler.ContextHandler (ContextHandler.java:doStart(781)) - Started o.e.j.w.WebAppContext@72b4ecb2{/,file:///tmp/jetty-0.0.0.0-41901-hddsDatanode-_-any-2194223734244034542.dir/webapp/,AVAILABLE}{/hddsDatanode}
2019-08-16 03:39:44,937 INFO  server.AbstractConnector (AbstractConnector.java:doStart(278)) - Started ServerConnector@457dc809{HTTP/1.1,[http/1.1]}{0.0.0.0:41901}
2019-08-16 03:39:44,937 INFO  server.Server (Server.java:doStart(419)) - Started @534541ms
2019-08-16 03:39:44,938 INFO  server.BaseHttpServer (BaseHttpServer.java:updateConnectorAddress(207)) - HTTP server of HDDSDATANODE is listening at http://0.0.0.0:41901
2019-08-16 03:39:45,065 INFO  ozone.HddsDatanodeService (HddsDatanodeService.java:startPlugins(395)) - Started plug-in org.apache.hadoop.ozone.web.OzoneHddsDatanodeService@2cc7b63d
2019-08-16 03:39:45,065 INFO  impl.MetricsSystemImpl (MetricsSystemImpl.java:init(158)) - HddsDatanode metrics system started (again)
2019-08-16 03:39:45,068 INFO  ozone.HddsDatanodeService (HddsDatanodeService.java:start(184)) - HddsDatanodeService host:byscane-nightly-5jrvm-589107607 ip:192.168.5.170
2019-08-16 03:39:45,068 INFO  util.JvmPauseMonitor (JvmPauseMonitor.java:run(188)) - Starting JVM pause monitor
2019-08-16 03:39:45,070 INFO  datanode.InitDatanodeState (InitDatanodeState.java:persistContainerDatanodeDetails(140)) - DatanodeDetails is persisted to /workdir/hadoop-ozone/integration-test/target/test-dir/MiniOzoneClusterImpl-c675edf1-2c96-4517-9492-7066ed6a2cc9/datanode-0/meta/datanode.id
2019-08-16 03:39:45,080 INFO  volume.HddsVolume (HddsVolume.java:<init>(176)) - Creating Volume: /workdir/hadoop-ozone/integration-test/target/test-dir/MiniOzoneClusterImpl-c675edf1-2c96-4517-9492-7066ed6a2cc9/datanode-1/data/containers/hdds of  storage type : DISK and capacity : 1482555576320
2019-08-16 03:39:45,080 INFO  volume.VolumeSet (VolumeSet.java:initializeVolumeSet(170)) - Added Volume : /workdir/hadoop-ozone/integration-test/target/test-dir/MiniOzoneClusterImpl-c675edf1-2c96-4517-9492-7066ed6a2cc9/datanode-1/data/containers/hdds to VolumeSet
2019-08-16 03:39:45,080 INFO  volume.ThrottledAsyncChecker (ThrottledAsyncChecker.java:schedule(140)) - Scheduling a check for org.apache.hadoop.ozone.container.common.volume.HddsVolume@116fe252
2019-08-16 03:39:45,081 INFO  volume.HddsVolumeChecker (HddsVolumeChecker.java:checkAllVolumes(203)) - Scheduled health check for volume org.apache.hadoop.ozone.container.common.volume.HddsVolume@116fe252
2019-08-16 03:39:45,097 INFO  impl.RaftServerProxy (ConfUtils.java:logGet(43)) - raft.rpc.type = GRPC (default)
2019-08-16 03:39:45,097 INFO  grpc.GrpcFactory (GrpcFactory.java:checkPooledByteBufAllocatorUseCacheForAllThreads(45)) - PERFORMANCE WARNING: useCacheForAllThreads is true that may cause Netty to create a lot garbage objects and, as a result, trigger GC.
	It is recommended to disable useCacheForAllThreads by setting -Dorg.apache.ratis.thirdparty.io.netty.allocator.useCacheForAllThreads=false in command line.
2019-08-16 03:39:45,097 INFO  grpc.GrpcConfigKeys$Server (ConfUtils.java:logGet(43)) - raft.grpc.server.port = 0 (default)
2019-08-16 03:39:45,098 INFO  server.GrpcService (ConfUtils.java:logGet(43)) - raft.grpc.message.size.max = 33570816 (custom)
2019-08-16 03:39:45,098 INFO  server.RaftServerConfigKeys (ConfUtils.java:logGet(43)) - raft.server.log.appender.buffer.byte-limit = 33554432 (custom)
2019-08-16 03:39:45,098 INFO  server.GrpcService (ConfUtils.java:logGet(43)) - raft.grpc.flow.control.window = 1MB (=1048576) (default)
2019-08-16 03:39:45,098 INFO  server.RaftServerConfigKeys (ConfUtils.java:logGet(43)) - raft.server.rpc.request.timeout = 3000ms (default)
2019-08-16 03:39:45,099 INFO  server.RaftServerConfigKeys (ConfUtils.java:logGet(43)) - raft.server.storage.dir = [/workdir/hadoop-ozone/integration-test/target/test-dir/MiniOzoneClusterImpl-c675edf1-2c96-4517-9492-7066ed6a2cc9/datanode-1/data/ratis] (custom)
2019-08-16 03:39:45,099 INFO  replication.SimpleContainerDownloader (SimpleContainerDownloader.java:<init>(72)) - Starting container downloader service to copy containers to replicate.
2019-08-16 03:39:45,101 INFO  hdfs.DFSUtil (DFSUtil.java:httpServerTemplateForNNAndJN(1641)) - Starting Web-server for hddsDatanode at: http://0.0.0.0:0
2019-08-16 03:39:45,103 INFO  server.AuthenticationFilter (AuthenticationFilter.java:constructSecretProvider(240)) - Unable to initialize FileSignerSecretProvider, falling back to use random secrets.
2019-08-16 03:39:45,103 WARN  http.HttpRequestLog (HttpRequestLog.java:getRequestLog(97)) - Jetty request log can only be enabled using Log4j
2019-08-16 03:39:45,105 INFO  http.HttpServer2 (HttpServer2.java:addGlobalFilter(975)) - Added global filter 'safety' (class=org.apache.hadoop.http.HttpServer2$QuotingInputFilter)
2019-08-16 03:39:45,106 INFO  http.HttpServer2 (HttpServer2.java:addFilter(948)) - Added filter static_user_filter (class=org.apache.hadoop.http.lib.StaticUserWebFilter$StaticUserFilter) to context hddsDatanode
2019-08-16 03:39:45,106 INFO  http.HttpServer2 (HttpServer2.java:addFilter(958)) - Added filter static_user_filter (class=org.apache.hadoop.http.lib.StaticUserWebFilter$StaticUserFilter) to context static
2019-08-16 03:39:45,106 INFO  http.HttpServer2 (HttpServer2.java:addFilter(958)) - Added filter static_user_filter (class=org.apache.hadoop.http.lib.StaticUserWebFilter$StaticUserFilter) to context logs
2019-08-16 03:39:45,107 INFO  http.HttpServer2 (HttpServer2.java:bindListener(1191)) - Jetty bound to port 44001
2019-08-16 03:39:45,107 INFO  server.Server (Server.java:doStart(351)) - jetty-9.3.24.v20180605, build timestamp: 2018-06-05T17:11:56Z, git hash: 84205aa28f11a4f31f2a3b86d1bba2cc8ab69827
2019-08-16 03:39:45,109 INFO  handler.ContextHandler (ContextHandler.java:doStart(781)) - Started o.e.j.s.ServletContextHandler@4bf6bc2d{/logs,file:///workdir/hadoop-ozone/integration-test/target/log,AVAILABLE}
2019-08-16 03:39:45,110 INFO  handler.ContextHandler (ContextHandler.java:doStart(781)) - Started o.e.j.s.ServletContextHandler@25c756f0{/static,jar:file:/home/user/.m2/repository/org/apache/hadoop/hadoop-hdds-container-service/0.4.1-SNAPSHOT/hadoop-hdds-container-service-0.4.1-SNAPSHOT.jar!/webapps/static,AVAILABLE}
2019-08-16 03:39:45,152 INFO  handler.ContextHandler (ContextHandler.java:doStart(781)) - Started o.e.j.w.WebAppContext@35920655{/,file:///tmp/jetty-0.0.0.0-44001-hddsDatanode-_-any-1845229589277127074.dir/webapp/,AVAILABLE}{/hddsDatanode}
2019-08-16 03:39:45,152 INFO  server.AbstractConnector (AbstractConnector.java:doStart(278)) - Started ServerConnector@27558dee{HTTP/1.1,[http/1.1]}{0.0.0.0:44001}
2019-08-16 03:39:45,152 INFO  server.Server (Server.java:doStart(419)) - Started @534757ms
2019-08-16 03:39:45,154 INFO  server.BaseHttpServer (BaseHttpServer.java:updateConnectorAddress(207)) - HTTP server of HDDSDATANODE is listening at http://0.0.0.0:44001
2019-08-16 03:39:45,277 INFO  ozone.HddsDatanodeService (HddsDatanodeService.java:startPlugins(395)) - Started plug-in org.apache.hadoop.ozone.web.OzoneHddsDatanodeService@744c16fb
2019-08-16 03:39:45,278 INFO  impl.MetricsSystemImpl (MetricsSystemImpl.java:init(158)) - HddsDatanode metrics system started (again)
2019-08-16 03:39:45,281 INFO  ozone.HddsDatanodeService (HddsDatanodeService.java:start(184)) - HddsDatanodeService host:byscane-nightly-5jrvm-589107607 ip:192.168.5.170
2019-08-16 03:39:45,281 INFO  util.JvmPauseMonitor (JvmPauseMonitor.java:run(188)) - Starting JVM pause monitor
2019-08-16 03:39:45,282 INFO  datanode.InitDatanodeState (InitDatanodeState.java:persistContainerDatanodeDetails(140)) - DatanodeDetails is persisted to /workdir/hadoop-ozone/integration-test/target/test-dir/MiniOzoneClusterImpl-c675edf1-2c96-4517-9492-7066ed6a2cc9/datanode-1/meta/datanode.id
2019-08-16 03:39:45,291 INFO  volume.HddsVolume (HddsVolume.java:<init>(176)) - Creating Volume: /workdir/hadoop-ozone/integration-test/target/test-dir/MiniOzoneClusterImpl-c675edf1-2c96-4517-9492-7066ed6a2cc9/datanode-2/data/containers/hdds of  storage type : DISK and capacity : 1482555576320
2019-08-16 03:39:45,291 INFO  volume.VolumeSet (VolumeSet.java:initializeVolumeSet(170)) - Added Volume : /workdir/hadoop-ozone/integration-test/target/test-dir/MiniOzoneClusterImpl-c675edf1-2c96-4517-9492-7066ed6a2cc9/datanode-2/data/containers/hdds to VolumeSet
2019-08-16 03:39:45,291 INFO  volume.ThrottledAsyncChecker (ThrottledAsyncChecker.java:schedule(140)) - Scheduling a check for org.apache.hadoop.ozone.container.common.volume.HddsVolume@38f2342b
2019-08-16 03:39:45,292 INFO  volume.HddsVolumeChecker (HddsVolumeChecker.java:checkAllVolumes(203)) - Scheduled health check for volume org.apache.hadoop.ozone.container.common.volume.HddsVolume@38f2342b
2019-08-16 03:39:45,319 INFO  impl.RaftServerProxy (ConfUtils.java:logGet(43)) - raft.rpc.type = GRPC (default)
2019-08-16 03:39:45,319 INFO  grpc.GrpcFactory (GrpcFactory.java:checkPooledByteBufAllocatorUseCacheForAllThreads(45)) - PERFORMANCE WARNING: useCacheForAllThreads is true that may cause Netty to create a lot garbage objects and, as a result, trigger GC.
	It is recommended to disable useCacheForAllThreads by setting -Dorg.apache.ratis.thirdparty.io.netty.allocator.useCacheForAllThreads=false in command line.
2019-08-16 03:39:45,319 INFO  grpc.GrpcConfigKeys$Server (ConfUtils.java:logGet(43)) - raft.grpc.server.port = 0 (default)
2019-08-16 03:39:45,320 INFO  server.GrpcService (ConfUtils.java:logGet(43)) - raft.grpc.message.size.max = 33570816 (custom)
2019-08-16 03:39:45,320 INFO  server.RaftServerConfigKeys (ConfUtils.java:logGet(43)) - raft.server.log.appender.buffer.byte-limit = 33554432 (custom)
2019-08-16 03:39:45,320 INFO  server.GrpcService (ConfUtils.java:logGet(43)) - raft.grpc.flow.control.window = 1MB (=1048576) (default)
2019-08-16 03:39:45,320 INFO  server.RaftServerConfigKeys (ConfUtils.java:logGet(43)) - raft.server.rpc.request.timeout = 3000ms (default)
2019-08-16 03:39:45,321 INFO  server.RaftServerConfigKeys (ConfUtils.java:logGet(43)) - raft.server.storage.dir = [/workdir/hadoop-ozone/integration-test/target/test-dir/MiniOzoneClusterImpl-c675edf1-2c96-4517-9492-7066ed6a2cc9/datanode-2/data/ratis] (custom)
2019-08-16 03:39:45,322 INFO  replication.SimpleContainerDownloader (SimpleContainerDownloader.java:<init>(72)) - Starting container downloader service to copy containers to replicate.
2019-08-16 03:39:45,323 INFO  hdfs.DFSUtil (DFSUtil.java:httpServerTemplateForNNAndJN(1641)) - Starting Web-server for hddsDatanode at: http://0.0.0.0:0
2019-08-16 03:39:45,324 INFO  server.AuthenticationFilter (AuthenticationFilter.java:constructSecretProvider(240)) - Unable to initialize FileSignerSecretProvider, falling back to use random secrets.
2019-08-16 03:39:45,325 WARN  http.HttpRequestLog (HttpRequestLog.java:getRequestLog(97)) - Jetty request log can only be enabled using Log4j
2019-08-16 03:39:45,326 INFO  http.HttpServer2 (HttpServer2.java:addGlobalFilter(975)) - Added global filter 'safety' (class=org.apache.hadoop.http.HttpServer2$QuotingInputFilter)
2019-08-16 03:39:45,327 INFO  http.HttpServer2 (HttpServer2.java:addFilter(948)) - Added filter static_user_filter (class=org.apache.hadoop.http.lib.StaticUserWebFilter$StaticUserFilter) to context hddsDatanode
2019-08-16 03:39:45,327 INFO  http.HttpServer2 (HttpServer2.java:addFilter(958)) - Added filter static_user_filter (class=org.apache.hadoop.http.lib.StaticUserWebFilter$StaticUserFilter) to context logs
2019-08-16 03:39:45,327 INFO  http.HttpServer2 (HttpServer2.java:addFilter(958)) - Added filter static_user_filter (class=org.apache.hadoop.http.lib.StaticUserWebFilter$StaticUserFilter) to context static
2019-08-16 03:39:45,328 INFO  http.HttpServer2 (HttpServer2.java:bindListener(1191)) - Jetty bound to port 46783
2019-08-16 03:39:45,328 INFO  server.Server (Server.java:doStart(351)) - jetty-9.3.24.v20180605, build timestamp: 2018-06-05T17:11:56Z, git hash: 84205aa28f11a4f31f2a3b86d1bba2cc8ab69827
2019-08-16 03:39:45,329 INFO  handler.ContextHandler (ContextHandler.java:doStart(781)) - Started o.e.j.s.ServletContextHandler@fd8513b{/logs,file:///workdir/hadoop-ozone/integration-test/target/log,AVAILABLE}
2019-08-16 03:39:45,330 INFO  handler.ContextHandler (ContextHandler.java:doStart(781)) - Started o.e.j.s.ServletContextHandler@418f0f27{/static,jar:file:/home/user/.m2/repository/org/apache/hadoop/hadoop-hdds-container-service/0.4.1-SNAPSHOT/hadoop-hdds-container-service-0.4.1-SNAPSHOT.jar!/webapps/static,AVAILABLE}
2019-08-16 03:39:45,361 INFO  handler.ContextHandler (ContextHandler.java:doStart(781)) - Started o.e.j.w.WebAppContext@26401eda{/,file:///tmp/jetty-0.0.0.0-46783-hddsDatanode-_-any-4447035962074414204.dir/webapp/,AVAILABLE}{/hddsDatanode}
2019-08-16 03:39:45,361 INFO  server.AbstractConnector (AbstractConnector.java:doStart(278)) - Started ServerConnector@79e591bb{HTTP/1.1,[http/1.1]}{0.0.0.0:46783}
2019-08-16 03:39:45,361 INFO  server.Server (Server.java:doStart(419)) - Started @534966ms
2019-08-16 03:39:45,363 INFO  server.BaseHttpServer (BaseHttpServer.java:updateConnectorAddress(207)) - HTTP server of HDDSDATANODE is listening at http://0.0.0.0:46783
2019-08-16 03:39:45,493 INFO  ozone.HddsDatanodeService (HddsDatanodeService.java:startPlugins(395)) - Started plug-in org.apache.hadoop.ozone.web.OzoneHddsDatanodeService@188500e9
2019-08-16 03:39:45,493 INFO  impl.MetricsSystemImpl (MetricsSystemImpl.java:init(158)) - HddsDatanode metrics system started (again)
2019-08-16 03:39:45,497 INFO  util.JvmPauseMonitor (JvmPauseMonitor.java:run(188)) - Starting JVM pause monitor
2019-08-16 03:39:45,497 INFO  ozone.HddsDatanodeService (HddsDatanodeService.java:start(184)) - HddsDatanodeService host:byscane-nightly-5jrvm-589107607 ip:192.168.5.170
2019-08-16 03:39:45,498 INFO  datanode.InitDatanodeState (InitDatanodeState.java:persistContainerDatanodeDetails(140)) - DatanodeDetails is persisted to /workdir/hadoop-ozone/integration-test/target/test-dir/MiniOzoneClusterImpl-c675edf1-2c96-4517-9492-7066ed6a2cc9/datanode-2/meta/datanode.id
2019-08-16 03:39:45,508 INFO  volume.HddsVolume (HddsVolume.java:<init>(176)) - Creating Volume: /workdir/hadoop-ozone/integration-test/target/test-dir/MiniOzoneClusterImpl-c675edf1-2c96-4517-9492-7066ed6a2cc9/datanode-3/data/containers/hdds of  storage type : DISK and capacity : 1482555576320
2019-08-16 03:39:45,509 INFO  volume.VolumeSet (VolumeSet.java:initializeVolumeSet(170)) - Added Volume : /workdir/hadoop-ozone/integration-test/target/test-dir/MiniOzoneClusterImpl-c675edf1-2c96-4517-9492-7066ed6a2cc9/datanode-3/data/containers/hdds to VolumeSet
2019-08-16 03:39:45,509 INFO  volume.ThrottledAsyncChecker (ThrottledAsyncChecker.java:schedule(140)) - Scheduling a check for org.apache.hadoop.ozone.container.common.volume.HddsVolume@2823bd30
2019-08-16 03:39:45,509 INFO  volume.HddsVolumeChecker (HddsVolumeChecker.java:checkAllVolumes(203)) - Scheduled health check for volume org.apache.hadoop.ozone.container.common.volume.HddsVolume@2823bd30
2019-08-16 03:39:45,526 INFO  impl.RaftServerProxy (ConfUtils.java:logGet(43)) - raft.rpc.type = GRPC (default)
2019-08-16 03:39:45,526 INFO  grpc.GrpcFactory (GrpcFactory.java:checkPooledByteBufAllocatorUseCacheForAllThreads(45)) - PERFORMANCE WARNING: useCacheForAllThreads is true that may cause Netty to create a lot garbage objects and, as a result, trigger GC.
	It is recommended to disable useCacheForAllThreads by setting -Dorg.apache.ratis.thirdparty.io.netty.allocator.useCacheForAllThreads=false in command line.
2019-08-16 03:39:45,527 INFO  grpc.GrpcConfigKeys$Server (ConfUtils.java:logGet(43)) - raft.grpc.server.port = 0 (default)
2019-08-16 03:39:45,527 INFO  server.GrpcService (ConfUtils.java:logGet(43)) - raft.grpc.message.size.max = 33570816 (custom)
2019-08-16 03:39:45,527 INFO  server.RaftServerConfigKeys (ConfUtils.java:logGet(43)) - raft.server.log.appender.buffer.byte-limit = 33554432 (custom)
2019-08-16 03:39:45,527 INFO  server.GrpcService (ConfUtils.java:logGet(43)) - raft.grpc.flow.control.window = 1MB (=1048576) (default)
2019-08-16 03:39:45,528 INFO  server.RaftServerConfigKeys (ConfUtils.java:logGet(43)) - raft.server.rpc.request.timeout = 3000ms (default)
2019-08-16 03:39:45,528 INFO  server.RaftServerConfigKeys (ConfUtils.java:logGet(43)) - raft.server.storage.dir = [/workdir/hadoop-ozone/integration-test/target/test-dir/MiniOzoneClusterImpl-c675edf1-2c96-4517-9492-7066ed6a2cc9/datanode-3/data/ratis] (custom)
2019-08-16 03:39:45,529 INFO  replication.SimpleContainerDownloader (SimpleContainerDownloader.java:<init>(72)) - Starting container downloader service to copy containers to replicate.
2019-08-16 03:39:45,530 INFO  hdfs.DFSUtil (DFSUtil.java:httpServerTemplateForNNAndJN(1641)) - Starting Web-server for hddsDatanode at: http://0.0.0.0:0
2019-08-16 03:39:45,532 INFO  server.AuthenticationFilter (AuthenticationFilter.java:constructSecretProvider(240)) - Unable to initialize FileSignerSecretProvider, falling back to use random secrets.
2019-08-16 03:39:45,532 WARN  http.HttpRequestLog (HttpRequestLog.java:getRequestLog(97)) - Jetty request log can only be enabled using Log4j
2019-08-16 03:39:45,534 INFO  http.HttpServer2 (HttpServer2.java:addGlobalFilter(975)) - Added global filter 'safety' (class=org.apache.hadoop.http.HttpServer2$QuotingInputFilter)
2019-08-16 03:39:45,535 INFO  http.HttpServer2 (HttpServer2.java:addFilter(948)) - Added filter static_user_filter (class=org.apache.hadoop.http.lib.StaticUserWebFilter$StaticUserFilter) to context hddsDatanode
2019-08-16 03:39:45,535 INFO  http.HttpServer2 (HttpServer2.java:addFilter(958)) - Added filter static_user_filter (class=org.apache.hadoop.http.lib.StaticUserWebFilter$StaticUserFilter) to context static
2019-08-16 03:39:45,536 INFO  http.HttpServer2 (HttpServer2.java:addFilter(958)) - Added filter static_user_filter (class=org.apache.hadoop.http.lib.StaticUserWebFilter$StaticUserFilter) to context logs
2019-08-16 03:39:45,537 INFO  http.HttpServer2 (HttpServer2.java:bindListener(1191)) - Jetty bound to port 35825
2019-08-16 03:39:45,537 INFO  server.Server (Server.java:doStart(351)) - jetty-9.3.24.v20180605, build timestamp: 2018-06-05T17:11:56Z, git hash: 84205aa28f11a4f31f2a3b86d1bba2cc8ab69827
2019-08-16 03:39:45,539 INFO  handler.ContextHandler (ContextHandler.java:doStart(781)) - Started o.e.j.s.ServletContextHandler@4c219c84{/logs,file:///workdir/hadoop-ozone/integration-test/target/log,AVAILABLE}
2019-08-16 03:39:45,539 INFO  handler.ContextHandler (ContextHandler.java:doStart(781)) - Started o.e.j.s.ServletContextHandler@14997cb9{/static,jar:file:/home/user/.m2/repository/org/apache/hadoop/hadoop-hdds-container-service/0.4.1-SNAPSHOT/hadoop-hdds-container-service-0.4.1-SNAPSHOT.jar!/webapps/static,AVAILABLE}
2019-08-16 03:39:45,580 INFO  handler.ContextHandler (ContextHandler.java:doStart(781)) - Started o.e.j.w.WebAppContext@1ee04ff6{/,file:///tmp/jetty-0.0.0.0-35825-hddsDatanode-_-any-3841897346348091072.dir/webapp/,AVAILABLE}{/hddsDatanode}
2019-08-16 03:39:45,580 INFO  server.AbstractConnector (AbstractConnector.java:doStart(278)) - Started ServerConnector@32fefbe6{HTTP/1.1,[http/1.1]}{0.0.0.0:35825}
2019-08-16 03:39:45,580 INFO  server.Server (Server.java:doStart(419)) - Started @535185ms
2019-08-16 03:39:45,582 INFO  server.BaseHttpServer (BaseHttpServer.java:updateConnectorAddress(207)) - HTTP server of HDDSDATANODE is listening at http://0.0.0.0:35825
2019-08-16 03:39:45,925 INFO  ozone.HddsDatanodeService (HddsDatanodeService.java:startPlugins(395)) - Started plug-in org.apache.hadoop.ozone.web.OzoneHddsDatanodeService@7719b257
2019-08-16 03:39:45,926 INFO  impl.MetricsSystemImpl (MetricsSystemImpl.java:init(158)) - HddsDatanode metrics system started (again)
2019-08-16 03:39:45,930 INFO  util.JvmPauseMonitor (JvmPauseMonitor.java:run(188)) - Starting JVM pause monitor
2019-08-16 03:39:45,930 INFO  ozone.HddsDatanodeService (HddsDatanodeService.java:start(184)) - HddsDatanodeService host:byscane-nightly-5jrvm-589107607 ip:192.168.5.170
2019-08-16 03:39:45,931 INFO  datanode.InitDatanodeState (InitDatanodeState.java:persistContainerDatanodeDetails(140)) - DatanodeDetails is persisted to /workdir/hadoop-ozone/integration-test/target/test-dir/MiniOzoneClusterImpl-c675edf1-2c96-4517-9492-7066ed6a2cc9/datanode-3/meta/datanode.id
2019-08-16 03:39:45,942 INFO  volume.HddsVolume (HddsVolume.java:<init>(176)) - Creating Volume: /workdir/hadoop-ozone/integration-test/target/test-dir/MiniOzoneClusterImpl-c675edf1-2c96-4517-9492-7066ed6a2cc9/datanode-4/data/containers/hdds of  storage type : DISK and capacity : 1482555576320
2019-08-16 03:39:45,942 INFO  volume.VolumeSet (VolumeSet.java:initializeVolumeSet(170)) - Added Volume : /workdir/hadoop-ozone/integration-test/target/test-dir/MiniOzoneClusterImpl-c675edf1-2c96-4517-9492-7066ed6a2cc9/datanode-4/data/containers/hdds to VolumeSet
2019-08-16 03:39:45,943 INFO  volume.ThrottledAsyncChecker (ThrottledAsyncChecker.java:schedule(140)) - Scheduling a check for org.apache.hadoop.ozone.container.common.volume.HddsVolume@755c29b0
2019-08-16 03:39:45,943 INFO  volume.HddsVolumeChecker (HddsVolumeChecker.java:checkAllVolumes(203)) - Scheduled health check for volume org.apache.hadoop.ozone.container.common.volume.HddsVolume@755c29b0
2019-08-16 03:39:45,961 INFO  impl.RaftServerProxy (ConfUtils.java:logGet(43)) - raft.rpc.type = GRPC (default)
2019-08-16 03:39:45,961 INFO  grpc.GrpcFactory (GrpcFactory.java:checkPooledByteBufAllocatorUseCacheForAllThreads(45)) - PERFORMANCE WARNING: useCacheForAllThreads is true that may cause Netty to create a lot garbage objects and, as a result, trigger GC.
	It is recommended to disable useCacheForAllThreads by setting -Dorg.apache.ratis.thirdparty.io.netty.allocator.useCacheForAllThreads=false in command line.
2019-08-16 03:39:45,961 INFO  grpc.GrpcConfigKeys$Server (ConfUtils.java:logGet(43)) - raft.grpc.server.port = 0 (default)
2019-08-16 03:39:45,961 INFO  server.GrpcService (ConfUtils.java:logGet(43)) - raft.grpc.message.size.max = 33570816 (custom)
2019-08-16 03:39:45,962 INFO  server.RaftServerConfigKeys (ConfUtils.java:logGet(43)) - raft.server.log.appender.buffer.byte-limit = 33554432 (custom)
2019-08-16 03:39:45,962 INFO  server.GrpcService (ConfUtils.java:logGet(43)) - raft.grpc.flow.control.window = 1MB (=1048576) (default)
2019-08-16 03:39:45,962 INFO  server.RaftServerConfigKeys (ConfUtils.java:logGet(43)) - raft.server.rpc.request.timeout = 3000ms (default)
2019-08-16 03:39:45,962 INFO  server.RaftServerConfigKeys (ConfUtils.java:logGet(43)) - raft.server.storage.dir = [/workdir/hadoop-ozone/integration-test/target/test-dir/MiniOzoneClusterImpl-c675edf1-2c96-4517-9492-7066ed6a2cc9/datanode-4/data/ratis] (custom)
2019-08-16 03:39:45,963 INFO  replication.SimpleContainerDownloader (SimpleContainerDownloader.java:<init>(72)) - Starting container downloader service to copy containers to replicate.
2019-08-16 03:39:45,964 INFO  hdfs.DFSUtil (DFSUtil.java:httpServerTemplateForNNAndJN(1641)) - Starting Web-server for hddsDatanode at: http://0.0.0.0:0
2019-08-16 03:39:45,965 INFO  server.AuthenticationFilter (AuthenticationFilter.java:constructSecretProvider(240)) - Unable to initialize FileSignerSecretProvider, falling back to use random secrets.
2019-08-16 03:39:45,966 WARN  http.HttpRequestLog (HttpRequestLog.java:getRequestLog(97)) - Jetty request log can only be enabled using Log4j
2019-08-16 03:39:45,967 INFO  http.HttpServer2 (HttpServer2.java:addGlobalFilter(975)) - Added global filter 'safety' (class=org.apache.hadoop.http.HttpServer2$QuotingInputFilter)
2019-08-16 03:39:45,967 INFO  http.HttpServer2 (HttpServer2.java:addFilter(948)) - Added filter static_user_filter (class=org.apache.hadoop.http.lib.StaticUserWebFilter$StaticUserFilter) to context hddsDatanode
2019-08-16 03:39:45,968 INFO  http.HttpServer2 (HttpServer2.java:addFilter(958)) - Added filter static_user_filter (class=org.apache.hadoop.http.lib.StaticUserWebFilter$StaticUserFilter) to context static
2019-08-16 03:39:45,968 INFO  http.HttpServer2 (HttpServer2.java:addFilter(958)) - Added filter static_user_filter (class=org.apache.hadoop.http.lib.StaticUserWebFilter$StaticUserFilter) to context logs
2019-08-16 03:39:45,968 INFO  http.HttpServer2 (HttpServer2.java:bindListener(1191)) - Jetty bound to port 46476
2019-08-16 03:39:45,969 INFO  server.Server (Server.java:doStart(351)) - jetty-9.3.24.v20180605, build timestamp: 2018-06-05T17:11:56Z, git hash: 84205aa28f11a4f31f2a3b86d1bba2cc8ab69827
2019-08-16 03:39:45,970 INFO  handler.ContextHandler (ContextHandler.java:doStart(781)) - Started o.e.j.s.ServletContextHandler@6e157f48{/logs,file:///workdir/hadoop-ozone/integration-test/target/log,AVAILABLE}
2019-08-16 03:39:45,971 INFO  handler.ContextHandler (ContextHandler.java:doStart(781)) - Started o.e.j.s.ServletContextHandler@53a3ccc{/static,jar:file:/home/user/.m2/repository/org/apache/hadoop/hadoop-hdds-container-service/0.4.1-SNAPSHOT/hadoop-hdds-container-service-0.4.1-SNAPSHOT.jar!/webapps/static,AVAILABLE}
2019-08-16 03:39:45,999 INFO  handler.ContextHandler (ContextHandler.java:doStart(781)) - Started o.e.j.w.WebAppContext@38821ada{/,file:///tmp/jetty-0.0.0.0-46476-hddsDatanode-_-any-8852693024734781390.dir/webapp/,AVAILABLE}{/hddsDatanode}
2019-08-16 03:39:45,999 INFO  server.AbstractConnector (AbstractConnector.java:doStart(278)) - Started ServerConnector@2ab40d2d{HTTP/1.1,[http/1.1]}{0.0.0.0:46476}
2019-08-16 03:39:46,000 INFO  server.Server (Server.java:doStart(419)) - Started @535604ms
2019-08-16 03:39:46,001 INFO  server.BaseHttpServer (BaseHttpServer.java:updateConnectorAddress(207)) - HTTP server of HDDSDATANODE is listening at http://0.0.0.0:46476
2019-08-16 03:39:46,105 INFO  ozone.HddsDatanodeService (HddsDatanodeService.java:startPlugins(395)) - Started plug-in org.apache.hadoop.ozone.web.OzoneHddsDatanodeService@30ffc3c0
2019-08-16 03:39:46,105 INFO  impl.MetricsSystemImpl (MetricsSystemImpl.java:init(158)) - HddsDatanode metrics system started (again)
2019-08-16 03:39:46,108 INFO  ozone.HddsDatanodeService (HddsDatanodeService.java:start(184)) - HddsDatanodeService host:byscane-nightly-5jrvm-589107607 ip:192.168.5.170
2019-08-16 03:39:46,108 INFO  util.JvmPauseMonitor (JvmPauseMonitor.java:run(188)) - Starting JVM pause monitor
2019-08-16 03:39:46,110 INFO  datanode.InitDatanodeState (InitDatanodeState.java:persistContainerDatanodeDetails(140)) - DatanodeDetails is persisted to /workdir/hadoop-ozone/integration-test/target/test-dir/MiniOzoneClusterImpl-c675edf1-2c96-4517-9492-7066ed6a2cc9/datanode-4/meta/datanode.id
2019-08-16 03:39:46,118 INFO  volume.HddsVolume (HddsVolume.java:<init>(176)) - Creating Volume: /workdir/hadoop-ozone/integration-test/target/test-dir/MiniOzoneClusterImpl-c675edf1-2c96-4517-9492-7066ed6a2cc9/datanode-5/data/containers/hdds of  storage type : DISK and capacity : 1482555576320
2019-08-16 03:39:46,118 INFO  volume.VolumeSet (VolumeSet.java:initializeVolumeSet(170)) - Added Volume : /workdir/hadoop-ozone/integration-test/target/test-dir/MiniOzoneClusterImpl-c675edf1-2c96-4517-9492-7066ed6a2cc9/datanode-5/data/containers/hdds to VolumeSet
2019-08-16 03:39:46,119 INFO  volume.ThrottledAsyncChecker (ThrottledAsyncChecker.java:schedule(140)) - Scheduling a check for org.apache.hadoop.ozone.container.common.volume.HddsVolume@3c84c32f
2019-08-16 03:39:46,119 INFO  volume.HddsVolumeChecker (HddsVolumeChecker.java:checkAllVolumes(203)) - Scheduled health check for volume org.apache.hadoop.ozone.container.common.volume.HddsVolume@3c84c32f
2019-08-16 03:39:46,133 INFO  impl.RaftServerProxy (ConfUtils.java:logGet(43)) - raft.rpc.type = GRPC (default)
2019-08-16 03:39:46,133 INFO  grpc.GrpcFactory (GrpcFactory.java:checkPooledByteBufAllocatorUseCacheForAllThreads(45)) - PERFORMANCE WARNING: useCacheForAllThreads is true that may cause Netty to create a lot garbage objects and, as a result, trigger GC.
	It is recommended to disable useCacheForAllThreads by setting -Dorg.apache.ratis.thirdparty.io.netty.allocator.useCacheForAllThreads=false in command line.
2019-08-16 03:39:46,133 INFO  grpc.GrpcConfigKeys$Server (ConfUtils.java:logGet(43)) - raft.grpc.server.port = 0 (default)
2019-08-16 03:39:46,133 INFO  server.GrpcService (ConfUtils.java:logGet(43)) - raft.grpc.message.size.max = 33570816 (custom)
2019-08-16 03:39:46,133 INFO  server.RaftServerConfigKeys (ConfUtils.java:logGet(43)) - raft.server.log.appender.buffer.byte-limit = 33554432 (custom)
2019-08-16 03:39:46,134 INFO  server.GrpcService (ConfUtils.java:logGet(43)) - raft.grpc.flow.control.window = 1MB (=1048576) (default)
2019-08-16 03:39:46,134 INFO  server.RaftServerConfigKeys (ConfUtils.java:logGet(43)) - raft.server.rpc.request.timeout = 3000ms (default)
2019-08-16 03:39:46,134 INFO  server.RaftServerConfigKeys (ConfUtils.java:logGet(43)) - raft.server.storage.dir = [/workdir/hadoop-ozone/integration-test/target/test-dir/MiniOzoneClusterImpl-c675edf1-2c96-4517-9492-7066ed6a2cc9/datanode-5/data/ratis] (custom)
2019-08-16 03:39:46,135 INFO  replication.SimpleContainerDownloader (SimpleContainerDownloader.java:<init>(72)) - Starting container downloader service to copy containers to replicate.
2019-08-16 03:39:46,136 INFO  hdfs.DFSUtil (DFSUtil.java:httpServerTemplateForNNAndJN(1641)) - Starting Web-server for hddsDatanode at: http://0.0.0.0:0
2019-08-16 03:39:46,137 INFO  server.AuthenticationFilter (AuthenticationFilter.java:constructSecretProvider(240)) - Unable to initialize FileSignerSecretProvider, falling back to use random secrets.
2019-08-16 03:39:46,137 WARN  http.HttpRequestLog (HttpRequestLog.java:getRequestLog(97)) - Jetty request log can only be enabled using Log4j
2019-08-16 03:39:46,138 INFO  http.HttpServer2 (HttpServer2.java:addGlobalFilter(975)) - Added global filter 'safety' (class=org.apache.hadoop.http.HttpServer2$QuotingInputFilter)
2019-08-16 03:39:46,139 INFO  http.HttpServer2 (HttpServer2.java:addFilter(948)) - Added filter static_user_filter (class=org.apache.hadoop.http.lib.StaticUserWebFilter$StaticUserFilter) to context hddsDatanode
2019-08-16 03:39:46,139 INFO  http.HttpServer2 (HttpServer2.java:addFilter(958)) - Added filter static_user_filter (class=org.apache.hadoop.http.lib.StaticUserWebFilter$StaticUserFilter) to context logs
2019-08-16 03:39:46,139 INFO  http.HttpServer2 (HttpServer2.java:addFilter(958)) - Added filter static_user_filter (class=org.apache.hadoop.http.lib.StaticUserWebFilter$StaticUserFilter) to context static
2019-08-16 03:39:46,139 INFO  http.HttpServer2 (HttpServer2.java:bindListener(1191)) - Jetty bound to port 45789
2019-08-16 03:39:46,139 INFO  server.Server (Server.java:doStart(351)) - jetty-9.3.24.v20180605, build timestamp: 2018-06-05T17:11:56Z, git hash: 84205aa28f11a4f31f2a3b86d1bba2cc8ab69827
2019-08-16 03:39:46,141 INFO  handler.ContextHandler (ContextHandler.java:doStart(781)) - Started o.e.j.s.ServletContextHandler@3de4f936{/logs,file:///workdir/hadoop-ozone/integration-test/target/log,AVAILABLE}
2019-08-16 03:39:46,141 INFO  handler.ContextHandler (ContextHandler.java:doStart(781)) - Started o.e.j.s.ServletContextHandler@5128efc{/static,jar:file:/home/user/.m2/repository/org/apache/hadoop/hadoop-hdds-container-service/0.4.1-SNAPSHOT/hadoop-hdds-container-service-0.4.1-SNAPSHOT.jar!/webapps/static,AVAILABLE}
2019-08-16 03:39:46,167 INFO  handler.ContextHandler (ContextHandler.java:doStart(781)) - Started o.e.j.w.WebAppContext@655008a2{/,file:///tmp/jetty-0.0.0.0-45789-hddsDatanode-_-any-6620865286399219075.dir/webapp/,AVAILABLE}{/hddsDatanode}
2019-08-16 03:39:46,168 INFO  server.AbstractConnector (AbstractConnector.java:doStart(278)) - Started ServerConnector@424461ad{HTTP/1.1,[http/1.1]}{0.0.0.0:45789}
2019-08-16 03:39:46,168 INFO  server.Server (Server.java:doStart(419)) - Started @535772ms
2019-08-16 03:39:46,170 INFO  server.BaseHttpServer (BaseHttpServer.java:updateConnectorAddress(207)) - HTTP server of HDDSDATANODE is listening at http://0.0.0.0:45789
2019-08-16 03:39:46,267 INFO  ozone.HddsDatanodeService (HddsDatanodeService.java:startPlugins(395)) - Started plug-in org.apache.hadoop.ozone.web.OzoneHddsDatanodeService@650929dc
2019-08-16 03:39:46,267 INFO  impl.MetricsSystemImpl (MetricsSystemImpl.java:init(158)) - HddsDatanode metrics system started (again)
2019-08-16 03:39:46,270 INFO  ozone.HddsDatanodeService (HddsDatanodeService.java:start(184)) - HddsDatanodeService host:byscane-nightly-5jrvm-589107607 ip:192.168.5.170
2019-08-16 03:39:46,271 INFO  util.JvmPauseMonitor (JvmPauseMonitor.java:run(188)) - Starting JVM pause monitor
2019-08-16 03:39:46,272 INFO  datanode.InitDatanodeState (InitDatanodeState.java:persistContainerDatanodeDetails(140)) - DatanodeDetails is persisted to /workdir/hadoop-ozone/integration-test/target/test-dir/MiniOzoneClusterImpl-c675edf1-2c96-4517-9492-7066ed6a2cc9/datanode-5/meta/datanode.id
2019-08-16 03:39:46,282 INFO  volume.HddsVolume (HddsVolume.java:<init>(176)) - Creating Volume: /workdir/hadoop-ozone/integration-test/target/test-dir/MiniOzoneClusterImpl-c675edf1-2c96-4517-9492-7066ed6a2cc9/datanode-6/data/containers/hdds of  storage type : DISK and capacity : 1482555576320
2019-08-16 03:39:46,282 INFO  volume.VolumeSet (VolumeSet.java:initializeVolumeSet(170)) - Added Volume : /workdir/hadoop-ozone/integration-test/target/test-dir/MiniOzoneClusterImpl-c675edf1-2c96-4517-9492-7066ed6a2cc9/datanode-6/data/containers/hdds to VolumeSet
2019-08-16 03:39:46,282 INFO  volume.ThrottledAsyncChecker (ThrottledAsyncChecker.java:schedule(140)) - Scheduling a check for org.apache.hadoop.ozone.container.common.volume.HddsVolume@14ca4b4d
2019-08-16 03:39:46,283 INFO  volume.HddsVolumeChecker (HddsVolumeChecker.java:checkAllVolumes(203)) - Scheduled health check for volume org.apache.hadoop.ozone.container.common.volume.HddsVolume@14ca4b4d
2019-08-16 03:39:46,300 INFO  impl.RaftServerProxy (ConfUtils.java:logGet(43)) - raft.rpc.type = GRPC (default)
2019-08-16 03:39:46,300 INFO  grpc.GrpcFactory (GrpcFactory.java:checkPooledByteBufAllocatorUseCacheForAllThreads(45)) - PERFORMANCE WARNING: useCacheForAllThreads is true that may cause Netty to create a lot garbage objects and, as a result, trigger GC.
	It is recommended to disable useCacheForAllThreads by setting -Dorg.apache.ratis.thirdparty.io.netty.allocator.useCacheForAllThreads=false in command line.
2019-08-16 03:39:46,300 INFO  grpc.GrpcConfigKeys$Server (ConfUtils.java:logGet(43)) - raft.grpc.server.port = 0 (default)
2019-08-16 03:39:46,300 INFO  server.GrpcService (ConfUtils.java:logGet(43)) - raft.grpc.message.size.max = 33570816 (custom)
2019-08-16 03:39:46,300 INFO  server.RaftServerConfigKeys (ConfUtils.java:logGet(43)) - raft.server.log.appender.buffer.byte-limit = 33554432 (custom)
2019-08-16 03:39:46,301 INFO  server.GrpcService (ConfUtils.java:logGet(43)) - raft.grpc.flow.control.window = 1MB (=1048576) (default)
2019-08-16 03:39:46,301 INFO  server.RaftServerConfigKeys (ConfUtils.java:logGet(43)) - raft.server.rpc.request.timeout = 3000ms (default)
2019-08-16 03:39:46,301 INFO  server.RaftServerConfigKeys (ConfUtils.java:logGet(43)) - raft.server.storage.dir = [/workdir/hadoop-ozone/integration-test/target/test-dir/MiniOzoneClusterImpl-c675edf1-2c96-4517-9492-7066ed6a2cc9/datanode-6/data/ratis] (custom)
2019-08-16 03:39:46,302 INFO  replication.SimpleContainerDownloader (SimpleContainerDownloader.java:<init>(72)) - Starting container downloader service to copy containers to replicate.
2019-08-16 03:39:46,302 INFO  hdfs.DFSUtil (DFSUtil.java:httpServerTemplateForNNAndJN(1641)) - Starting Web-server for hddsDatanode at: http://0.0.0.0:0
2019-08-16 03:39:46,304 INFO  server.AuthenticationFilter (AuthenticationFilter.java:constructSecretProvider(240)) - Unable to initialize FileSignerSecretProvider, falling back to use random secrets.
2019-08-16 03:39:46,304 WARN  http.HttpRequestLog (HttpRequestLog.java:getRequestLog(97)) - Jetty request log can only be enabled using Log4j
2019-08-16 03:39:46,305 INFO  http.HttpServer2 (HttpServer2.java:addGlobalFilter(975)) - Added global filter 'safety' (class=org.apache.hadoop.http.HttpServer2$QuotingInputFilter)
2019-08-16 03:39:46,306 INFO  http.HttpServer2 (HttpServer2.java:addFilter(948)) - Added filter static_user_filter (class=org.apache.hadoop.http.lib.StaticUserWebFilter$StaticUserFilter) to context hddsDatanode
2019-08-16 03:39:46,306 INFO  http.HttpServer2 (HttpServer2.java:addFilter(958)) - Added filter static_user_filter (class=org.apache.hadoop.http.lib.StaticUserWebFilter$StaticUserFilter) to context logs
2019-08-16 03:39:46,306 INFO  http.HttpServer2 (HttpServer2.java:addFilter(958)) - Added filter static_user_filter (class=org.apache.hadoop.http.lib.StaticUserWebFilter$StaticUserFilter) to context static
2019-08-16 03:39:46,306 INFO  http.HttpServer2 (HttpServer2.java:bindListener(1191)) - Jetty bound to port 35654
2019-08-16 03:39:46,307 INFO  server.Server (Server.java:doStart(351)) - jetty-9.3.24.v20180605, build timestamp: 2018-06-05T17:11:56Z, git hash: 84205aa28f11a4f31f2a3b86d1bba2cc8ab69827
2019-08-16 03:39:46,308 INFO  handler.ContextHandler (ContextHandler.java:doStart(781)) - Started o.e.j.s.ServletContextHandler@26acbc9d{/logs,file:///workdir/hadoop-ozone/integration-test/target/log,AVAILABLE}
2019-08-16 03:39:46,308 INFO  handler.ContextHandler (ContextHandler.java:doStart(781)) - Started o.e.j.s.ServletContextHandler@3d306fd5{/static,jar:file:/home/user/.m2/repository/org/apache/hadoop/hadoop-hdds-container-service/0.4.1-SNAPSHOT/hadoop-hdds-container-service-0.4.1-SNAPSHOT.jar!/webapps/static,AVAILABLE}
2019-08-16 03:39:46,334 INFO  handler.ContextHandler (ContextHandler.java:doStart(781)) - Started o.e.j.w.WebAppContext@109941fa{/,file:///tmp/jetty-0.0.0.0-35654-hddsDatanode-_-any-854245427191552860.dir/webapp/,AVAILABLE}{/hddsDatanode}
2019-08-16 03:39:46,335 INFO  server.AbstractConnector (AbstractConnector.java:doStart(278)) - Started ServerConnector@27103726{HTTP/1.1,[http/1.1]}{0.0.0.0:35654}
2019-08-16 03:39:46,335 INFO  server.Server (Server.java:doStart(419)) - Started @535939ms
2019-08-16 03:39:46,340 INFO  server.BaseHttpServer (BaseHttpServer.java:updateConnectorAddress(207)) - HTTP server of HDDSDATANODE is listening at http://0.0.0.0:35654
2019-08-16 03:39:46,439 INFO  ozone.HddsDatanodeService (HddsDatanodeService.java:startPlugins(395)) - Started plug-in org.apache.hadoop.ozone.web.OzoneHddsDatanodeService@6942ff10
2019-08-16 03:39:46,440 INFO  ozone.MiniOzoneClusterImpl (MiniOzoneClusterImpl.java:lambda$waitForClusterToBeReady$0(142)) - Waiting for cluster to be ready. Got 0 of 7 DN Heartbeats.
2019-08-16 03:39:46,441 INFO  util.JvmPauseMonitor (JvmPauseMonitor.java:run(188)) - Starting JVM pause monitor
2019-08-16 03:39:46,443 INFO  datanode.InitDatanodeState (InitDatanodeState.java:persistContainerDatanodeDetails(140)) - DatanodeDetails is persisted to /workdir/hadoop-ozone/integration-test/target/test-dir/MiniOzoneClusterImpl-c675edf1-2c96-4517-9492-7066ed6a2cc9/datanode-6/meta/datanode.id
2019-08-16 03:39:47,091 INFO  ozoneimpl.OzoneContainer (OzoneContainer.java:start(186)) - Attempting to start container services.
2019-08-16 03:39:47,091 INFO  ozoneimpl.OzoneContainer (OzoneContainer.java:startContainerScrub(160)) - Background container scrubber has been disabled by hdds.containerscrub.enabled
2019-08-16 03:39:47,091 INFO  ratis.XceiverServerRatis (XceiverServerRatis.java:start(404)) - Starting XceiverServerRatis d8fe6648-8fca-4461-acc7-7dd89eab0461 at port 0
2019-08-16 03:39:47,099 INFO  impl.RaftServerProxy (RaftServerProxy.java:lambda$start$3(299)) - d8fe6648-8fca-4461-acc7-7dd89eab0461: start RPC server
2019-08-16 03:39:47,101 INFO  server.GrpcService (GrpcService.java:startImpl(149)) - d8fe6648-8fca-4461-acc7-7dd89eab0461: GrpcService started, listening on 0.0.0.0/0.0.0.0:41884
2019-08-16 03:39:47,101 INFO  ratis.XceiverServerRatis (XceiverServerRatis.java:start(414)) - XceiverServerRatis d8fe6648-8fca-4461-acc7-7dd89eab0461 is started using port 41884
2019-08-16 03:39:47,101 INFO  server.XceiverServerGrpc (XceiverServerGrpc.java:start(161)) - XceiverServerGrpc d8fe6648-8fca-4461-acc7-7dd89eab0461 is started using port 42759
2019-08-16 03:39:47,298 INFO  ozoneimpl.OzoneContainer (OzoneContainer.java:start(186)) - Attempting to start container services.
2019-08-16 03:39:47,298 INFO  ozoneimpl.OzoneContainer (OzoneContainer.java:startContainerScrub(160)) - Background container scrubber has been disabled by hdds.containerscrub.enabled
2019-08-16 03:39:47,298 INFO  ratis.XceiverServerRatis (XceiverServerRatis.java:start(404)) - Starting XceiverServerRatis c849b413-d177-4dae-9cd9-400b5add377a at port 0
2019-08-16 03:39:47,306 INFO  impl.RaftServerProxy (RaftServerProxy.java:lambda$start$3(299)) - c849b413-d177-4dae-9cd9-400b5add377a: start RPC server
2019-08-16 03:39:47,307 INFO  server.GrpcService (GrpcService.java:startImpl(149)) - c849b413-d177-4dae-9cd9-400b5add377a: GrpcService started, listening on 0.0.0.0/0.0.0.0:33065
2019-08-16 03:39:47,307 INFO  ratis.XceiverServerRatis (XceiverServerRatis.java:start(414)) - XceiverServerRatis c849b413-d177-4dae-9cd9-400b5add377a is started using port 33065
2019-08-16 03:39:47,309 INFO  server.XceiverServerGrpc (XceiverServerGrpc.java:start(161)) - XceiverServerGrpc c849b413-d177-4dae-9cd9-400b5add377a is started using port 36369
2019-08-16 03:39:47,440 INFO  ozone.MiniOzoneClusterImpl (MiniOzoneClusterImpl.java:lambda$waitForClusterToBeReady$0(142)) - Waiting for cluster to be ready. Got 0 of 7 DN Heartbeats.
2019-08-16 03:39:47,511 INFO  ozoneimpl.OzoneContainer (OzoneContainer.java:start(186)) - Attempting to start container services.
2019-08-16 03:39:47,511 INFO  ozoneimpl.OzoneContainer (OzoneContainer.java:startContainerScrub(160)) - Background container scrubber has been disabled by hdds.containerscrub.enabled
2019-08-16 03:39:47,511 INFO  ratis.XceiverServerRatis (XceiverServerRatis.java:start(404)) - Starting XceiverServerRatis 0d6a3bb5-5c5f-4efb-8f32-c0c6b563cde1 at port 0
2019-08-16 03:39:47,519 INFO  impl.RaftServerProxy (RaftServerProxy.java:lambda$start$3(299)) - 0d6a3bb5-5c5f-4efb-8f32-c0c6b563cde1: start RPC server
2019-08-16 03:39:47,520 INFO  server.GrpcService (GrpcService.java:startImpl(149)) - 0d6a3bb5-5c5f-4efb-8f32-c0c6b563cde1: GrpcService started, listening on 0.0.0.0/0.0.0.0:40415
2019-08-16 03:39:47,520 INFO  ratis.XceiverServerRatis (XceiverServerRatis.java:start(414)) - XceiverServerRatis 0d6a3bb5-5c5f-4efb-8f32-c0c6b563cde1 is started using port 40415
2019-08-16 03:39:47,520 INFO  server.XceiverServerGrpc (XceiverServerGrpc.java:start(161)) - XceiverServerGrpc 0d6a3bb5-5c5f-4efb-8f32-c0c6b563cde1 is started using port 42416
2019-08-16 03:39:47,946 INFO  ozoneimpl.OzoneContainer (OzoneContainer.java:start(186)) - Attempting to start container services.
2019-08-16 03:39:47,946 INFO  ozoneimpl.OzoneContainer (OzoneContainer.java:startContainerScrub(160)) - Background container scrubber has been disabled by hdds.containerscrub.enabled
2019-08-16 03:39:47,946 INFO  ratis.XceiverServerRatis (XceiverServerRatis.java:start(404)) - Starting XceiverServerRatis 032a946e-3254-4dd0-899d-9e9c8e0cef5c at port 0
2019-08-16 03:39:47,953 INFO  impl.RaftServerProxy (RaftServerProxy.java:lambda$start$3(299)) - 032a946e-3254-4dd0-899d-9e9c8e0cef5c: start RPC server
2019-08-16 03:39:47,954 INFO  server.GrpcService (GrpcService.java:startImpl(149)) - 032a946e-3254-4dd0-899d-9e9c8e0cef5c: GrpcService started, listening on 0.0.0.0/0.0.0.0:42970
2019-08-16 03:39:47,955 INFO  ratis.XceiverServerRatis (XceiverServerRatis.java:start(414)) - XceiverServerRatis 032a946e-3254-4dd0-899d-9e9c8e0cef5c is started using port 42970
2019-08-16 03:39:47,955 INFO  server.XceiverServerGrpc (XceiverServerGrpc.java:start(161)) - XceiverServerGrpc 032a946e-3254-4dd0-899d-9e9c8e0cef5c is started using port 37076
2019-08-16 03:39:48,122 INFO  ozoneimpl.OzoneContainer (OzoneContainer.java:start(186)) - Attempting to start container services.
2019-08-16 03:39:48,122 INFO  ozoneimpl.OzoneContainer (OzoneContainer.java:startContainerScrub(160)) - Background container scrubber has been disabled by hdds.containerscrub.enabled
2019-08-16 03:39:48,122 INFO  ratis.XceiverServerRatis (XceiverServerRatis.java:start(404)) - Starting XceiverServerRatis 62a246b0-b12b-47e6-89f6-78f18fa2a730 at port 0
2019-08-16 03:39:48,131 INFO  impl.RaftServerProxy (RaftServerProxy.java:lambda$start$3(299)) - 62a246b0-b12b-47e6-89f6-78f18fa2a730: start RPC server
2019-08-16 03:39:48,134 INFO  server.GrpcService (GrpcService.java:startImpl(149)) - 62a246b0-b12b-47e6-89f6-78f18fa2a730: GrpcService started, listening on 0.0.0.0/0.0.0.0:39593
2019-08-16 03:39:48,134 INFO  ratis.XceiverServerRatis (XceiverServerRatis.java:start(414)) - XceiverServerRatis 62a246b0-b12b-47e6-89f6-78f18fa2a730 is started using port 39593
2019-08-16 03:39:48,135 INFO  server.XceiverServerGrpc (XceiverServerGrpc.java:start(161)) - XceiverServerGrpc 62a246b0-b12b-47e6-89f6-78f18fa2a730 is started using port 43478
2019-08-16 03:39:48,284 INFO  ozoneimpl.OzoneContainer (OzoneContainer.java:start(186)) - Attempting to start container services.
2019-08-16 03:39:48,284 INFO  ozoneimpl.OzoneContainer (OzoneContainer.java:startContainerScrub(160)) - Background container scrubber has been disabled by hdds.containerscrub.enabled
2019-08-16 03:39:48,284 INFO  ratis.XceiverServerRatis (XceiverServerRatis.java:start(404)) - Starting XceiverServerRatis 207cddf1-affb-491c-810b-b96ed76d0ea1 at port 0
2019-08-16 03:39:48,292 INFO  impl.RaftServerProxy (RaftServerProxy.java:lambda$start$3(299)) - 207cddf1-affb-491c-810b-b96ed76d0ea1: start RPC server
2019-08-16 03:39:48,295 INFO  server.GrpcService (GrpcService.java:startImpl(149)) - 207cddf1-affb-491c-810b-b96ed76d0ea1: GrpcService started, listening on 0.0.0.0/0.0.0.0:37044
2019-08-16 03:39:48,295 INFO  ratis.XceiverServerRatis (XceiverServerRatis.java:start(414)) - XceiverServerRatis 207cddf1-affb-491c-810b-b96ed76d0ea1 is started using port 37044
2019-08-16 03:39:48,296 INFO  server.XceiverServerGrpc (XceiverServerGrpc.java:start(161)) - XceiverServerGrpc 207cddf1-affb-491c-810b-b96ed76d0ea1 is started using port 33015
2019-08-16 03:39:48,441 INFO  ozone.MiniOzoneClusterImpl (MiniOzoneClusterImpl.java:lambda$waitForClusterToBeReady$0(142)) - Waiting for cluster to be ready. Got 0 of 7 DN Heartbeats.
2019-08-16 03:39:48,456 INFO  ozoneimpl.OzoneContainer (OzoneContainer.java:start(186)) - Attempting to start container services.
2019-08-16 03:39:48,456 INFO  ozoneimpl.OzoneContainer (OzoneContainer.java:startContainerScrub(160)) - Background container scrubber has been disabled by hdds.containerscrub.enabled
2019-08-16 03:39:48,457 INFO  ratis.XceiverServerRatis (XceiverServerRatis.java:start(404)) - Starting XceiverServerRatis a0357edf-73b1-4813-81b0-6a94f85fb2f8 at port 0
2019-08-16 03:39:48,464 INFO  impl.RaftServerProxy (RaftServerProxy.java:lambda$start$3(299)) - a0357edf-73b1-4813-81b0-6a94f85fb2f8: start RPC server
2019-08-16 03:39:48,465 INFO  server.GrpcService (GrpcService.java:startImpl(149)) - a0357edf-73b1-4813-81b0-6a94f85fb2f8: GrpcService started, listening on 0.0.0.0/0.0.0.0:35863
2019-08-16 03:39:48,465 INFO  ratis.XceiverServerRatis (XceiverServerRatis.java:start(414)) - XceiverServerRatis a0357edf-73b1-4813-81b0-6a94f85fb2f8 is started using port 35863
2019-08-16 03:39:48,465 INFO  server.XceiverServerGrpc (XceiverServerGrpc.java:start(161)) - XceiverServerGrpc a0357edf-73b1-4813-81b0-6a94f85fb2f8 is started using port 43356
2019-08-16 03:39:49,075 INFO  net.NetworkTopology (NetworkTopologyImpl.java:add(110)) - Added a new node: /default-rack/d8fe6648-8fca-4461-acc7-7dd89eab0461
2019-08-16 03:39:49,078 INFO  node.SCMNodeManager (SCMNodeManager.java:register(273)) - Registered Data node : d8fe6648-8fca-4461-acc7-7dd89eab0461{ip: 192.168.5.170, host: byscane-nightly-5jrvm-589107607, networkLocation: /default-rack, certSerialId: null}
2019-08-16 03:39:49,078 INFO  safemode.SCMSafeModeManager (DataNodeSafeModeRule.java:process(71)) - SCM in safe mode. 1 DataNodes registered, 1 required.
2019-08-16 03:39:49,083 INFO  safemode.SCMSafeModeManager (SCMSafeModeManager.java:validateSafeModeExitRules(177)) - ScmSafeModeManager, all rules are successfully validated
2019-08-16 03:39:49,084 INFO  safemode.SCMSafeModeManager (SCMSafeModeManager.java:exitSafeMode(193)) - SCM exiting safe mode.
2019-08-16 03:39:49,107 INFO  impl.RaftServerProxy (RaftServerProxy.java:addNew(89)) - d8fe6648-8fca-4461-acc7-7dd89eab0461: addNew group-1E4AE5975828:[d8fe6648-8fca-4461-acc7-7dd89eab0461:192.168.5.170:41884] returns group-1E4AE5975828:java.util.concurrent.CompletableFuture@6b66b138[Not completed]
2019-08-16 03:39:49,108 INFO  impl.RaftServerImpl (RaftServerImpl.java:<init>(93)) - d8fe6648-8fca-4461-acc7-7dd89eab0461: new RaftServerImpl for group-1E4AE5975828:[d8fe6648-8fca-4461-acc7-7dd89eab0461:192.168.5.170:41884] with ContainerStateMachine:uninitialized
2019-08-16 03:39:49,108 INFO  server.RaftServerConfigKeys (ConfUtils.java:logGet(43)) - raft.server.rpc.timeout.min = 5s (custom)
2019-08-16 03:39:49,109 INFO  server.RaftServerConfigKeys (ConfUtils.java:logGet(43)) - raft.server.rpc.timeout.max = 5200ms (custom)
2019-08-16 03:39:49,109 INFO  server.RaftServerConfigKeys (ConfUtils.java:logGet(43)) - raft.server.rpcslowness.timeout = 120s (custom)
2019-08-16 03:39:49,109 INFO  server.RaftServerConfigKeys (ConfUtils.java:logGet(43)) - raft.server.sleep.deviation.threshold = 300 (default)
2019-08-16 03:39:49,109 INFO  server.RaftServerConfigKeys (ConfUtils.java:logGet(43)) - raft.server.log.appender.install.snapshot.enabled = false (custom)
2019-08-16 03:39:49,109 INFO  impl.RaftServerImpl (ServerState.java:<init>(105)) - d8fe6648-8fca-4461-acc7-7dd89eab0461:group-1E4AE5975828 ConfigurationManager, init=-1: [d8fe6648-8fca-4461-acc7-7dd89eab0461:192.168.5.170:41884], old=null, confs=<EMPTY_MAP>
2019-08-16 03:39:49,110 INFO  server.RaftServerConfigKeys (ConfUtils.java:logGet(43)) - raft.server.storage.dir = [/workdir/hadoop-ozone/integration-test/target/test-dir/MiniOzoneClusterImpl-c675edf1-2c96-4517-9492-7066ed6a2cc9/datanode-0/data/ratis] (custom)
2019-08-16 03:39:49,110 INFO  storage.RaftStorageDirectory (RaftStorageDirectory.java:analyzeStorage(246)) - The storage directory /workdir/hadoop-ozone/integration-test/target/test-dir/MiniOzoneClusterImpl-c675edf1-2c96-4517-9492-7066ed6a2cc9/datanode-0/data/ratis/b016d418-b5d1-427d-b5d6-1e4ae5975828 does not exist. Creating ...
2019-08-16 03:39:49,124 INFO  storage.RaftStorageDirectory (RaftStorageDirectory.java:tryLock(328)) - Lock on /workdir/hadoop-ozone/integration-test/target/test-dir/MiniOzoneClusterImpl-c675edf1-2c96-4517-9492-7066ed6a2cc9/datanode-0/data/ratis/b016d418-b5d1-427d-b5d6-1e4ae5975828/in_use.lock acquired by nodename 29009@byscane-nightly-5jrvm-589107607
2019-08-16 03:39:49,137 INFO  storage.RaftStorage (RaftStorage.java:format(72)) - Storage directory /workdir/hadoop-ozone/integration-test/target/test-dir/MiniOzoneClusterImpl-c675edf1-2c96-4517-9492-7066ed6a2cc9/datanode-0/data/ratis/b016d418-b5d1-427d-b5d6-1e4ae5975828 has been successfully formatted.
2019-08-16 03:39:49,138 INFO  ratis.ContainerStateMachine (ContainerStateMachine.java:loadSnapshot(213)) - group-1E4AE5975828: The snapshot info is null. Setting the last applied indexto:(t:0, i:~)
2019-08-16 03:39:49,138 INFO  server.RaftServerConfigKeys (ConfUtils.java:logGet(43)) - raft.server.leader.election.timeout = 120s (custom)
2019-08-16 03:39:49,138 INFO  server.RaftServerConfigKeys (ConfUtils.java:logGet(43)) - raft.server.log.use.memory = false (default)
2019-08-16 03:39:49,138 INFO  server.RaftServerConfigKeys (ConfUtils.java:logGet(43)) - raft.server.log.purge.gap = 1000000000 (custom)
2019-08-16 03:39:49,138 INFO  server.RaftServerConfigKeys (ConfUtils.java:logGet(43)) - raft.server.log.appender.buffer.byte-limit = 33554432 (custom)
2019-08-16 03:39:49,139 INFO  server.RaftServerConfigKeys (ConfUtils.java:logGet(43)) - raft.server.log.segment.size.max = 1048576 (custom)
2019-08-16 03:39:49,139 INFO  server.RaftServerConfigKeys (ConfUtils.java:logGet(43)) - raft.server.log.segment.cache.num.max = 2 (custom)
2019-08-16 03:39:49,139 INFO  segmented.SegmentedRaftLogWorker (SegmentedRaftLogWorker.java:<init>(172)) - new d8fe6648-8fca-4461-acc7-7dd89eab0461-SegmentedRaftLogWorker:Storage Directory /workdir/hadoop-ozone/integration-test/target/test-dir/MiniOzoneClusterImpl-c675edf1-2c96-4517-9492-7066ed6a2cc9/datanode-0/data/ratis/b016d418-b5d1-427d-b5d6-1e4ae5975828 for RaftStorage:Storage Directory /workdir/hadoop-ozone/integration-test/target/test-dir/MiniOzoneClusterImpl-c675edf1-2c96-4517-9492-7066ed6a2cc9/datanode-0/data/ratis/b016d418-b5d1-427d-b5d6-1e4ae5975828
2019-08-16 03:39:49,139 INFO  server.RaftServerConfigKeys (ConfUtils.java:logGet(43)) - raft.server.log.queue.byte-limit = 2147483647 (custom)
2019-08-16 03:39:49,140 INFO  server.RaftServerConfigKeys (ConfUtils.java:logGet(43)) - raft.server.log.queue.element-limit = 1024 (custom)
2019-08-16 03:39:49,140 INFO  server.RaftServerConfigKeys (ConfUtils.java:logGet(43)) - raft.server.log.segment.size.max = 1048576 (custom)
2019-08-16 03:39:49,140 INFO  server.RaftServerConfigKeys (ConfUtils.java:logGet(43)) - raft.server.log.preallocated.size = 16384 (custom)
2019-08-16 03:39:49,140 INFO  server.RaftServerConfigKeys (ConfUtils.java:logGet(43)) - raft.server.log.write.buffer.size = 33554432 (custom)
2019-08-16 03:39:49,140 INFO  server.RaftServerConfigKeys (ConfUtils.java:logGet(43)) - raft.server.log.force.sync.num = 128 (default)
2019-08-16 03:39:49,141 INFO  server.RaftServerConfigKeys (ConfUtils.java:logGet(43)) - raft.server.log.statemachine.data.sync = true (default)
2019-08-16 03:39:49,141 INFO  server.RaftServerConfigKeys (ConfUtils.java:logGet(43)) - raft.server.log.statemachine.data.sync.timeout = 10s (default)
2019-08-16 03:39:49,141 INFO  server.RaftServerConfigKeys (ConfUtils.java:logGet(43)) - raft.server.log.statemachine.data.sync.timeout.retry = -1 (default)
2019-08-16 03:39:49,141 INFO  server.RaftServerConfigKeys (ConfUtils.java:logGet(43)) - raft.server.log.statemachine.data.caching.enabled = true (custom)
2019-08-16 03:39:49,142 INFO  segmented.SegmentedRaftLogWorker (SegmentedRaftLogWorker.java:lambda$new$0(132)) - d8fe6648-8fca-4461-acc7-7dd89eab0461-SegmentedRaftLogWorker:Storage Directory /workdir/hadoop-ozone/integration-test/target/test-dir/MiniOzoneClusterImpl-c675edf1-2c96-4517-9492-7066ed6a2cc9/datanode-0/data/ratis/b016d418-b5d1-427d-b5d6-1e4ae5975828: flushIndex: setUnconditionally 0 -> -1
2019-08-16 03:39:49,142 INFO  server.RaftServerConfigKeys (ConfUtils.java:logGet(43)) - raft.server.snapshot.auto.trigger.enabled = true (custom)
2019-08-16 03:39:49,142 INFO  server.RaftServerConfigKeys (ConfUtils.java:logGet(43)) - raft.server.snapshot.auto.trigger.threshold = 10000 (custom)
2019-08-16 03:39:49,143 INFO  server.RaftServerConfigKeys (ConfUtils.java:logGet(43)) - raft.server.retrycache.expirytime = 600000ms (custom)
2019-08-16 03:39:49,143 INFO  impl.RaftServerImpl (RaftServerImpl.java:start(180)) - d8fe6648-8fca-4461-acc7-7dd89eab0461: start group-1E4AE5975828
2019-08-16 03:39:49,143 INFO  impl.RaftServerImpl (RaftServerImpl.java:setRole(171)) - d8fe6648-8fca-4461-acc7-7dd89eab0461:group-1E4AE5975828 changes role from null to FOLLOWER at term 0 for startAsFollower
2019-08-16 03:39:49,143 INFO  impl.RoleInfo (RoleInfo.java:updateAndGet(143)) - d8fe6648-8fca-4461-acc7-7dd89eab0461: start FollowerState
2019-08-16 03:39:49,145 INFO  util.JmxRegister (JmxRegister.java:tryRegister(44)) - Successfully registered JMX Bean with object name Ratis:service=RaftServer,group=group-1E4AE5975828,id=d8fe6648-8fca-4461-acc7-7dd89eab0461
2019-08-16 03:39:49,148 INFO  pipeline.PipelineStateManager (PipelineStateManager.java:addPipeline(56)) - Created pipeline Pipeline[ Id: b016d418-b5d1-427d-b5d6-1e4ae5975828, Nodes: d8fe6648-8fca-4461-acc7-7dd89eab0461{ip: 192.168.5.170, host: byscane-nightly-5jrvm-589107607, networkLocation: /default-rack, certSerialId: null}, Type:RATIS, Factor:ONE, State:OPEN]
2019-08-16 03:39:49,282 INFO  net.NetworkTopology (NetworkTopologyImpl.java:add(110)) - Added a new node: /default-rack/c849b413-d177-4dae-9cd9-400b5add377a
2019-08-16 03:39:49,283 INFO  node.SCMNodeManager (SCMNodeManager.java:register(273)) - Registered Data node : c849b413-d177-4dae-9cd9-400b5add377a{ip: 192.168.5.170, host: byscane-nightly-5jrvm-589107607, networkLocation: /default-rack, certSerialId: null}
2019-08-16 03:39:49,290 INFO  impl.RaftServerProxy (RaftServerProxy.java:addNew(89)) - c849b413-d177-4dae-9cd9-400b5add377a: addNew group-DCF2CB629A30:[c849b413-d177-4dae-9cd9-400b5add377a:192.168.5.170:33065] returns group-DCF2CB629A30:java.util.concurrent.CompletableFuture@7ea57e69[Not completed]
2019-08-16 03:39:49,292 INFO  impl.RaftServerImpl (RaftServerImpl.java:<init>(93)) - c849b413-d177-4dae-9cd9-400b5add377a: new RaftServerImpl for group-DCF2CB629A30:[c849b413-d177-4dae-9cd9-400b5add377a:192.168.5.170:33065] with ContainerStateMachine:uninitialized
2019-08-16 03:39:49,292 INFO  server.RaftServerConfigKeys (ConfUtils.java:logGet(43)) - raft.server.rpc.timeout.min = 5s (custom)
2019-08-16 03:39:49,292 INFO  server.RaftServerConfigKeys (ConfUtils.java:logGet(43)) - raft.server.rpc.timeout.max = 5200ms (custom)
2019-08-16 03:39:49,292 INFO  server.RaftServerConfigKeys (ConfUtils.java:logGet(43)) - raft.server.rpcslowness.timeout = 120s (custom)
2019-08-16 03:39:49,292 INFO  server.RaftServerConfigKeys (ConfUtils.java:logGet(43)) - raft.server.sleep.deviation.threshold = 300 (default)
2019-08-16 03:39:49,292 INFO  server.RaftServerConfigKeys (ConfUtils.java:logGet(43)) - raft.server.log.appender.install.snapshot.enabled = false (custom)
2019-08-16 03:39:49,292 INFO  impl.RaftServerImpl (ServerState.java:<init>(105)) - c849b413-d177-4dae-9cd9-400b5add377a:group-DCF2CB629A30 ConfigurationManager, init=-1: [c849b413-d177-4dae-9cd9-400b5add377a:192.168.5.170:33065], old=null, confs=<EMPTY_MAP>
2019-08-16 03:39:49,293 INFO  server.RaftServerConfigKeys (ConfUtils.java:logGet(43)) - raft.server.storage.dir = [/workdir/hadoop-ozone/integration-test/target/test-dir/MiniOzoneClusterImpl-c675edf1-2c96-4517-9492-7066ed6a2cc9/datanode-1/data/ratis] (custom)
2019-08-16 03:39:49,293 INFO  storage.RaftStorageDirectory (RaftStorageDirectory.java:analyzeStorage(246)) - The storage directory /workdir/hadoop-ozone/integration-test/target/test-dir/MiniOzoneClusterImpl-c675edf1-2c96-4517-9492-7066ed6a2cc9/datanode-1/data/ratis/aafffc00-914d-4bfb-9b48-dcf2cb629a30 does not exist. Creating ...
2019-08-16 03:39:49,323 INFO  storage.RaftStorageDirectory (RaftStorageDirectory.java:tryLock(328)) - Lock on /workdir/hadoop-ozone/integration-test/target/test-dir/MiniOzoneClusterImpl-c675edf1-2c96-4517-9492-7066ed6a2cc9/datanode-1/data/ratis/aafffc00-914d-4bfb-9b48-dcf2cb629a30/in_use.lock acquired by nodename 29009@byscane-nightly-5jrvm-589107607
2019-08-16 03:39:49,336 INFO  storage.RaftStorage (RaftStorage.java:format(72)) - Storage directory /workdir/hadoop-ozone/integration-test/target/test-dir/MiniOzoneClusterImpl-c675edf1-2c96-4517-9492-7066ed6a2cc9/datanode-1/data/ratis/aafffc00-914d-4bfb-9b48-dcf2cb629a30 has been successfully formatted.
2019-08-16 03:39:49,337 INFO  ratis.ContainerStateMachine (ContainerStateMachine.java:loadSnapshot(213)) - group-DCF2CB629A30: The snapshot info is null. Setting the last applied indexto:(t:0, i:~)
2019-08-16 03:39:49,337 INFO  server.RaftServerConfigKeys (ConfUtils.java:logGet(43)) - raft.server.leader.election.timeout = 120s (custom)
2019-08-16 03:39:49,337 INFO  server.RaftServerConfigKeys (ConfUtils.java:logGet(43)) - raft.server.log.use.memory = false (default)
2019-08-16 03:39:49,337 INFO  server.RaftServerConfigKeys (ConfUtils.java:logGet(43)) - raft.server.log.purge.gap = 1000000000 (custom)
2019-08-16 03:39:49,337 INFO  server.RaftServerConfigKeys (ConfUtils.java:logGet(43)) - raft.server.log.appender.buffer.byte-limit = 33554432 (custom)
2019-08-16 03:39:49,337 INFO  server.RaftServerConfigKeys (ConfUtils.java:logGet(43)) - raft.server.log.segment.size.max = 1048576 (custom)
2019-08-16 03:39:49,337 INFO  server.RaftServerConfigKeys (ConfUtils.java:logGet(43)) - raft.server.log.segment.cache.num.max = 2 (custom)
2019-08-16 03:39:49,338 INFO  segmented.SegmentedRaftLogWorker (SegmentedRaftLogWorker.java:<init>(172)) - new c849b413-d177-4dae-9cd9-400b5add377a-SegmentedRaftLogWorker:Storage Directory /workdir/hadoop-ozone/integration-test/target/test-dir/MiniOzoneClusterImpl-c675edf1-2c96-4517-9492-7066ed6a2cc9/datanode-1/data/ratis/aafffc00-914d-4bfb-9b48-dcf2cb629a30 for RaftStorage:Storage Directory /workdir/hadoop-ozone/integration-test/target/test-dir/MiniOzoneClusterImpl-c675edf1-2c96-4517-9492-7066ed6a2cc9/datanode-1/data/ratis/aafffc00-914d-4bfb-9b48-dcf2cb629a30
2019-08-16 03:39:49,338 INFO  server.RaftServerConfigKeys (ConfUtils.java:logGet(43)) - raft.server.log.queue.byte-limit = 2147483647 (custom)
2019-08-16 03:39:49,338 INFO  server.RaftServerConfigKeys (ConfUtils.java:logGet(43)) - raft.server.log.queue.element-limit = 1024 (custom)
2019-08-16 03:39:49,338 INFO  server.RaftServerConfigKeys (ConfUtils.java:logGet(43)) - raft.server.log.segment.size.max = 1048576 (custom)
2019-08-16 03:39:49,338 INFO  server.RaftServerConfigKeys (ConfUtils.java:logGet(43)) - raft.server.log.preallocated.size = 16384 (custom)
2019-08-16 03:39:49,339 INFO  server.RaftServerConfigKeys (ConfUtils.java:logGet(43)) - raft.server.log.write.buffer.size = 33554432 (custom)
2019-08-16 03:39:49,339 INFO  server.RaftServerConfigKeys (ConfUtils.java:logGet(43)) - raft.server.log.force.sync.num = 128 (default)
2019-08-16 03:39:49,339 INFO  server.RaftServerConfigKeys (ConfUtils.java:logGet(43)) - raft.server.log.statemachine.data.sync = true (default)
2019-08-16 03:39:49,339 INFO  server.RaftServerConfigKeys (ConfUtils.java:logGet(43)) - raft.server.log.statemachine.data.sync.timeout = 10s (default)
2019-08-16 03:39:49,339 INFO  server.RaftServerConfigKeys (ConfUtils.java:logGet(43)) - raft.server.log.statemachine.data.sync.timeout.retry = -1 (default)
2019-08-16 03:39:49,339 INFO  server.RaftServerConfigKeys (ConfUtils.java:logGet(43)) - raft.server.log.statemachine.data.caching.enabled = true (custom)
2019-08-16 03:39:49,340 INFO  segmented.SegmentedRaftLogWorker (SegmentedRaftLogWorker.java:lambda$new$0(132)) - c849b413-d177-4dae-9cd9-400b5add377a-SegmentedRaftLogWorker:Storage Directory /workdir/hadoop-ozone/integration-test/target/test-dir/MiniOzoneClusterImpl-c675edf1-2c96-4517-9492-7066ed6a2cc9/datanode-1/data/ratis/aafffc00-914d-4bfb-9b48-dcf2cb629a30: flushIndex: setUnconditionally 0 -> -1
2019-08-16 03:39:49,340 INFO  server.RaftServerConfigKeys (ConfUtils.java:logGet(43)) - raft.server.snapshot.auto.trigger.enabled = true (custom)
2019-08-16 03:39:49,340 INFO  server.RaftServerConfigKeys (ConfUtils.java:logGet(43)) - raft.server.snapshot.auto.trigger.threshold = 10000 (custom)
2019-08-16 03:39:49,340 INFO  server.RaftServerConfigKeys (ConfUtils.java:logGet(43)) - raft.server.retrycache.expirytime = 600000ms (custom)
2019-08-16 03:39:49,341 INFO  impl.RaftServerImpl (RaftServerImpl.java:start(180)) - c849b413-d177-4dae-9cd9-400b5add377a: start group-DCF2CB629A30
2019-08-16 03:39:49,341 INFO  impl.RaftServerImpl (RaftServerImpl.java:setRole(171)) - c849b413-d177-4dae-9cd9-400b5add377a:group-DCF2CB629A30 changes role from null to FOLLOWER at term 0 for startAsFollower
2019-08-16 03:39:49,341 INFO  impl.RoleInfo (RoleInfo.java:updateAndGet(143)) - c849b413-d177-4dae-9cd9-400b5add377a: start FollowerState
2019-08-16 03:39:49,341 INFO  util.JmxRegister (JmxRegister.java:tryRegister(44)) - Successfully registered JMX Bean with object name Ratis:service=RaftServer,group=group-DCF2CB629A30,id=c849b413-d177-4dae-9cd9-400b5add377a
2019-08-16 03:39:49,344 INFO  pipeline.PipelineStateManager (PipelineStateManager.java:addPipeline(56)) - Created pipeline Pipeline[ Id: aafffc00-914d-4bfb-9b48-dcf2cb629a30, Nodes: c849b413-d177-4dae-9cd9-400b5add377a{ip: 192.168.5.170, host: byscane-nightly-5jrvm-589107607, networkLocation: /default-rack, certSerialId: null}, Type:RATIS, Factor:ONE, State:OPEN]
2019-08-16 03:39:49,441 INFO  ozone.MiniOzoneClusterImpl (MiniOzoneClusterImpl.java:lambda$waitForClusterToBeReady$0(142)) - Waiting for cluster to be ready. Got 2 of 7 DN Heartbeats.
2019-08-16 03:39:49,500 INFO  net.NetworkTopology (NetworkTopologyImpl.java:add(110)) - Added a new node: /default-rack/0d6a3bb5-5c5f-4efb-8f32-c0c6b563cde1
2019-08-16 03:39:49,501 INFO  node.SCMNodeManager (SCMNodeManager.java:register(273)) - Registered Data node : 0d6a3bb5-5c5f-4efb-8f32-c0c6b563cde1{ip: 192.168.5.170, host: byscane-nightly-5jrvm-589107607, networkLocation: /default-rack, certSerialId: null}
2019-08-16 03:39:49,512 INFO  impl.RaftServerProxy (RaftServerProxy.java:addNew(89)) - 0d6a3bb5-5c5f-4efb-8f32-c0c6b563cde1: addNew group-CA57E5CDF69B:[0d6a3bb5-5c5f-4efb-8f32-c0c6b563cde1:192.168.5.170:40415] returns group-CA57E5CDF69B:java.util.concurrent.CompletableFuture@229d269d[Not completed]
2019-08-16 03:39:49,514 INFO  impl.RaftServerImpl (RaftServerImpl.java:<init>(93)) - 0d6a3bb5-5c5f-4efb-8f32-c0c6b563cde1: new RaftServerImpl for group-CA57E5CDF69B:[0d6a3bb5-5c5f-4efb-8f32-c0c6b563cde1:192.168.5.170:40415] with ContainerStateMachine:uninitialized
2019-08-16 03:39:49,514 INFO  server.RaftServerConfigKeys (ConfUtils.java:logGet(43)) - raft.server.rpc.timeout.min = 5s (custom)
2019-08-16 03:39:49,514 INFO  server.RaftServerConfigKeys (ConfUtils.java:logGet(43)) - raft.server.rpc.timeout.max = 5200ms (custom)
2019-08-16 03:39:49,514 INFO  server.RaftServerConfigKeys (ConfUtils.java:logGet(43)) - raft.server.rpcslowness.timeout = 120s (custom)
2019-08-16 03:39:49,514 INFO  server.RaftServerConfigKeys (ConfUtils.java:logGet(43)) - raft.server.sleep.deviation.threshold = 300 (default)
2019-08-16 03:39:49,515 INFO  server.RaftServerConfigKeys (ConfUtils.java:logGet(43)) - raft.server.log.appender.install.snapshot.enabled = false (custom)
2019-08-16 03:39:49,515 INFO  impl.RaftServerImpl (ServerState.java:<init>(105)) - 0d6a3bb5-5c5f-4efb-8f32-c0c6b563cde1:group-CA57E5CDF69B ConfigurationManager, init=-1: [0d6a3bb5-5c5f-4efb-8f32-c0c6b563cde1:192.168.5.170:40415], old=null, confs=<EMPTY_MAP>
2019-08-16 03:39:49,515 INFO  server.RaftServerConfigKeys (ConfUtils.java:logGet(43)) - raft.server.storage.dir = [/workdir/hadoop-ozone/integration-test/target/test-dir/MiniOzoneClusterImpl-c675edf1-2c96-4517-9492-7066ed6a2cc9/datanode-2/data/ratis] (custom)
2019-08-16 03:39:49,515 INFO  storage.RaftStorageDirectory (RaftStorageDirectory.java:analyzeStorage(246)) - The storage directory /workdir/hadoop-ozone/integration-test/target/test-dir/MiniOzoneClusterImpl-c675edf1-2c96-4517-9492-7066ed6a2cc9/datanode-2/data/ratis/fb4f89cd-1ba0-432d-922f-ca57e5cdf69b does not exist. Creating ...
2019-08-16 03:39:49,540 INFO  storage.RaftStorageDirectory (RaftStorageDirectory.java:tryLock(328)) - Lock on /workdir/hadoop-ozone/integration-test/target/test-dir/MiniOzoneClusterImpl-c675edf1-2c96-4517-9492-7066ed6a2cc9/datanode-2/data/ratis/fb4f89cd-1ba0-432d-922f-ca57e5cdf69b/in_use.lock acquired by nodename 29009@byscane-nightly-5jrvm-589107607
2019-08-16 03:39:49,553 INFO  storage.RaftStorage (RaftStorage.java:format(72)) - Storage directory /workdir/hadoop-ozone/integration-test/target/test-dir/MiniOzoneClusterImpl-c675edf1-2c96-4517-9492-7066ed6a2cc9/datanode-2/data/ratis/fb4f89cd-1ba0-432d-922f-ca57e5cdf69b has been successfully formatted.
2019-08-16 03:39:49,553 INFO  ratis.ContainerStateMachine (ContainerStateMachine.java:loadSnapshot(213)) - group-CA57E5CDF69B: The snapshot info is null. Setting the last applied indexto:(t:0, i:~)
2019-08-16 03:39:49,553 INFO  server.RaftServerConfigKeys (ConfUtils.java:logGet(43)) - raft.server.leader.election.timeout = 120s (custom)
2019-08-16 03:39:49,553 INFO  server.RaftServerConfigKeys (ConfUtils.java:logGet(43)) - raft.server.log.use.memory = false (default)
2019-08-16 03:39:49,554 INFO  server.RaftServerConfigKeys (ConfUtils.java:logGet(43)) - raft.server.log.purge.gap = 1000000000 (custom)
2019-08-16 03:39:49,554 INFO  server.RaftServerConfigKeys (ConfUtils.java:logGet(43)) - raft.server.log.appender.buffer.byte-limit = 33554432 (custom)
2019-08-16 03:39:49,554 INFO  server.RaftServerConfigKeys (ConfUtils.java:logGet(43)) - raft.server.log.segment.size.max = 1048576 (custom)
2019-08-16 03:39:49,554 INFO  server.RaftServerConfigKeys (ConfUtils.java:logGet(43)) - raft.server.log.segment.cache.num.max = 2 (custom)
2019-08-16 03:39:49,554 INFO  segmented.SegmentedRaftLogWorker (SegmentedRaftLogWorker.java:<init>(172)) - new 0d6a3bb5-5c5f-4efb-8f32-c0c6b563cde1-SegmentedRaftLogWorker:Storage Directory /workdir/hadoop-ozone/integration-test/target/test-dir/MiniOzoneClusterImpl-c675edf1-2c96-4517-9492-7066ed6a2cc9/datanode-2/data/ratis/fb4f89cd-1ba0-432d-922f-ca57e5cdf69b for RaftStorage:Storage Directory /workdir/hadoop-ozone/integration-test/target/test-dir/MiniOzoneClusterImpl-c675edf1-2c96-4517-9492-7066ed6a2cc9/datanode-2/data/ratis/fb4f89cd-1ba0-432d-922f-ca57e5cdf69b
2019-08-16 03:39:49,555 INFO  server.RaftServerConfigKeys (ConfUtils.java:logGet(43)) - raft.server.log.queue.byte-limit = 2147483647 (custom)
2019-08-16 03:39:49,555 INFO  server.RaftServerConfigKeys (ConfUtils.java:logGet(43)) - raft.server.log.queue.element-limit = 1024 (custom)
2019-08-16 03:39:49,555 INFO  server.RaftServerConfigKeys (ConfUtils.java:logGet(43)) - raft.server.log.segment.size.max = 1048576 (custom)
2019-08-16 03:39:49,555 INFO  server.RaftServerConfigKeys (ConfUtils.java:logGet(43)) - raft.server.log.preallocated.size = 16384 (custom)
2019-08-16 03:39:49,555 INFO  server.RaftServerConfigKeys (ConfUtils.java:logGet(43)) - raft.server.log.write.buffer.size = 33554432 (custom)
2019-08-16 03:39:49,556 INFO  server.RaftServerConfigKeys (ConfUtils.java:logGet(43)) - raft.server.log.force.sync.num = 128 (default)
2019-08-16 03:39:49,556 INFO  server.RaftServerConfigKeys (ConfUtils.java:logGet(43)) - raft.server.log.statemachine.data.sync = true (default)
2019-08-16 03:39:49,556 INFO  server.RaftServerConfigKeys (ConfUtils.java:logGet(43)) - raft.server.log.statemachine.data.sync.timeout = 10s (default)
2019-08-16 03:39:49,556 INFO  server.RaftServerConfigKeys (ConfUtils.java:logGet(43)) - raft.server.log.statemachine.data.sync.timeout.retry = -1 (default)
2019-08-16 03:39:49,556 INFO  server.RaftServerConfigKeys (ConfUtils.java:logGet(43)) - raft.server.log.statemachine.data.caching.enabled = true (custom)
2019-08-16 03:39:49,557 INFO  segmented.SegmentedRaftLogWorker (SegmentedRaftLogWorker.java:lambda$new$0(132)) - 0d6a3bb5-5c5f-4efb-8f32-c0c6b563cde1-SegmentedRaftLogWorker:Storage Directory /workdir/hadoop-ozone/integration-test/target/test-dir/MiniOzoneClusterImpl-c675edf1-2c96-4517-9492-7066ed6a2cc9/datanode-2/data/ratis/fb4f89cd-1ba0-432d-922f-ca57e5cdf69b: flushIndex: setUnconditionally 0 -> -1
2019-08-16 03:39:49,557 INFO  server.RaftServerConfigKeys (ConfUtils.java:logGet(43)) - raft.server.snapshot.auto.trigger.enabled = true (custom)
2019-08-16 03:39:49,557 INFO  server.RaftServerConfigKeys (ConfUtils.java:logGet(43)) - raft.server.snapshot.auto.trigger.threshold = 10000 (custom)
2019-08-16 03:39:49,557 INFO  server.RaftServerConfigKeys (ConfUtils.java:logGet(43)) - raft.server.retrycache.expirytime = 600000ms (custom)
2019-08-16 03:39:49,558 INFO  impl.RaftServerImpl (RaftServerImpl.java:start(180)) - 0d6a3bb5-5c5f-4efb-8f32-c0c6b563cde1: start group-CA57E5CDF69B
2019-08-16 03:39:49,558 INFO  impl.RaftServerImpl (RaftServerImpl.java:setRole(171)) - 0d6a3bb5-5c5f-4efb-8f32-c0c6b563cde1:group-CA57E5CDF69B changes role from null to FOLLOWER at term 0 for startAsFollower
2019-08-16 03:39:49,558 INFO  impl.RoleInfo (RoleInfo.java:updateAndGet(143)) - 0d6a3bb5-5c5f-4efb-8f32-c0c6b563cde1: start FollowerState
2019-08-16 03:39:49,559 INFO  util.JmxRegister (JmxRegister.java:tryRegister(44)) - Successfully registered JMX Bean with object name Ratis:service=RaftServer,group=group-CA57E5CDF69B,id=0d6a3bb5-5c5f-4efb-8f32-c0c6b563cde1
2019-08-16 03:39:49,561 INFO  pipeline.PipelineStateManager (PipelineStateManager.java:addPipeline(56)) - Created pipeline Pipeline[ Id: fb4f89cd-1ba0-432d-922f-ca57e5cdf69b, Nodes: 0d6a3bb5-5c5f-4efb-8f32-c0c6b563cde1{ip: 192.168.5.170, host: byscane-nightly-5jrvm-589107607, networkLocation: /default-rack, certSerialId: null}, Type:RATIS, Factor:ONE, State:OPEN]
2019-08-16 03:39:49,574 INFO  impl.RaftServerProxy (RaftServerProxy.java:addNew(89)) - d8fe6648-8fca-4461-acc7-7dd89eab0461: addNew group-52EAC70CBEE3:[c849b413-d177-4dae-9cd9-400b5add377a:192.168.5.170:33065, 0d6a3bb5-5c5f-4efb-8f32-c0c6b563cde1:192.168.5.170:40415, d8fe6648-8fca-4461-acc7-7dd89eab0461:192.168.5.170:41884] returns group-52EAC70CBEE3:java.util.concurrent.CompletableFuture@22361213[Not completed]
2019-08-16 03:39:49,575 INFO  impl.RaftServerProxy (RaftServerProxy.java:addNew(89)) - 0d6a3bb5-5c5f-4efb-8f32-c0c6b563cde1: addNew group-52EAC70CBEE3:[c849b413-d177-4dae-9cd9-400b5add377a:192.168.5.170:33065, 0d6a3bb5-5c5f-4efb-8f32-c0c6b563cde1:192.168.5.170:40415, d8fe6648-8fca-4461-acc7-7dd89eab0461:192.168.5.170:41884] returns group-52EAC70CBEE3:java.util.concurrent.CompletableFuture@70f268d9[Not completed]
2019-08-16 03:39:49,575 INFO  impl.RaftServerProxy (RaftServerProxy.java:addNew(89)) - c849b413-d177-4dae-9cd9-400b5add377a: addNew group-52EAC70CBEE3:[c849b413-d177-4dae-9cd9-400b5add377a:192.168.5.170:33065, 0d6a3bb5-5c5f-4efb-8f32-c0c6b563cde1:192.168.5.170:40415, d8fe6648-8fca-4461-acc7-7dd89eab0461:192.168.5.170:41884] returns group-52EAC70CBEE3:java.util.concurrent.CompletableFuture@379f5298[Not completed]
2019-08-16 03:39:49,576 INFO  impl.RaftServerImpl (RaftServerImpl.java:<init>(93)) - d8fe6648-8fca-4461-acc7-7dd89eab0461: new RaftServerImpl for group-52EAC70CBEE3:[c849b413-d177-4dae-9cd9-400b5add377a:192.168.5.170:33065, 0d6a3bb5-5c5f-4efb-8f32-c0c6b563cde1:192.168.5.170:40415, d8fe6648-8fca-4461-acc7-7dd89eab0461:192.168.5.170:41884] with ContainerStateMachine:uninitialized
2019-08-16 03:39:49,576 INFO  server.RaftServerConfigKeys (ConfUtils.java:logGet(43)) - raft.server.rpc.timeout.min = 5s (custom)
2019-08-16 03:39:49,576 INFO  server.RaftServerConfigKeys (ConfUtils.java:logGet(43)) - raft.server.rpc.timeout.max = 5200ms (custom)
2019-08-16 03:39:49,576 INFO  server.RaftServerConfigKeys (ConfUtils.java:logGet(43)) - raft.server.rpcslowness.timeout = 120s (custom)
2019-08-16 03:39:49,576 INFO  server.RaftServerConfigKeys (ConfUtils.java:logGet(43)) - raft.server.sleep.deviation.threshold = 300 (default)
2019-08-16 03:39:49,576 INFO  server.RaftServerConfigKeys (ConfUtils.java:logGet(43)) - raft.server.log.appender.install.snapshot.enabled = false (custom)
2019-08-16 03:39:49,576 INFO  impl.RaftServerImpl (RaftServerImpl.java:<init>(93)) - 0d6a3bb5-5c5f-4efb-8f32-c0c6b563cde1: new RaftServerImpl for group-52EAC70CBEE3:[c849b413-d177-4dae-9cd9-400b5add377a:192.168.5.170:33065, 0d6a3bb5-5c5f-4efb-8f32-c0c6b563cde1:192.168.5.170:40415, d8fe6648-8fca-4461-acc7-7dd89eab0461:192.168.5.170:41884] with ContainerStateMachine:uninitialized
2019-08-16 03:39:49,577 INFO  impl.RaftServerImpl (ServerState.java:<init>(105)) - d8fe6648-8fca-4461-acc7-7dd89eab0461:group-52EAC70CBEE3 ConfigurationManager, init=-1: [c849b413-d177-4dae-9cd9-400b5add377a:192.168.5.170:33065, 0d6a3bb5-5c5f-4efb-8f32-c0c6b563cde1:192.168.5.170:40415, d8fe6648-8fca-4461-acc7-7dd89eab0461:192.168.5.170:41884], old=null, confs=<EMPTY_MAP>
2019-08-16 03:39:49,577 INFO  server.RaftServerConfigKeys (ConfUtils.java:logGet(43)) - raft.server.rpc.timeout.min = 5s (custom)
2019-08-16 03:39:49,577 INFO  server.RaftServerConfigKeys (ConfUtils.java:logGet(43)) - raft.server.storage.dir = [/workdir/hadoop-ozone/integration-test/target/test-dir/MiniOzoneClusterImpl-c675edf1-2c96-4517-9492-7066ed6a2cc9/datanode-0/data/ratis] (custom)
2019-08-16 03:39:49,577 INFO  server.RaftServerConfigKeys (ConfUtils.java:logGet(43)) - raft.server.rpc.timeout.max = 5200ms (custom)
2019-08-16 03:39:49,577 INFO  impl.RaftServerImpl (RaftServerImpl.java:<init>(93)) - c849b413-d177-4dae-9cd9-400b5add377a: new RaftServerImpl for group-52EAC70CBEE3:[c849b413-d177-4dae-9cd9-400b5add377a:192.168.5.170:33065, 0d6a3bb5-5c5f-4efb-8f32-c0c6b563cde1:192.168.5.170:40415, d8fe6648-8fca-4461-acc7-7dd89eab0461:192.168.5.170:41884] with ContainerStateMachine:uninitialized
2019-08-16 03:39:49,577 INFO  storage.RaftStorageDirectory (RaftStorageDirectory.java:analyzeStorage(246)) - The storage directory /workdir/hadoop-ozone/integration-test/target/test-dir/MiniOzoneClusterImpl-c675edf1-2c96-4517-9492-7066ed6a2cc9/datanode-0/data/ratis/5090e916-a3db-4511-894d-52eac70cbee3 does not exist. Creating ...
2019-08-16 03:39:49,577 INFO  server.RaftServerConfigKeys (ConfUtils.java:logGet(43)) - raft.server.rpcslowness.timeout = 120s (custom)
2019-08-16 03:39:49,577 INFO  server.RaftServerConfigKeys (ConfUtils.java:logGet(43)) - raft.server.rpc.timeout.min = 5s (custom)
2019-08-16 03:39:49,578 INFO  server.RaftServerConfigKeys (ConfUtils.java:logGet(43)) - raft.server.sleep.deviation.threshold = 300 (default)
2019-08-16 03:39:49,578 INFO  server.RaftServerConfigKeys (ConfUtils.java:logGet(43)) - raft.server.rpc.timeout.max = 5200ms (custom)
2019-08-16 03:39:49,578 INFO  server.RaftServerConfigKeys (ConfUtils.java:logGet(43)) - raft.server.log.appender.install.snapshot.enabled = false (custom)
2019-08-16 03:39:49,578 INFO  server.RaftServerConfigKeys (ConfUtils.java:logGet(43)) - raft.server.rpcslowness.timeout = 120s (custom)
2019-08-16 03:39:49,578 INFO  impl.RaftServerImpl (ServerState.java:<init>(105)) - 0d6a3bb5-5c5f-4efb-8f32-c0c6b563cde1:group-52EAC70CBEE3 ConfigurationManager, init=-1: [c849b413-d177-4dae-9cd9-400b5add377a:192.168.5.170:33065, 0d6a3bb5-5c5f-4efb-8f32-c0c6b563cde1:192.168.5.170:40415, d8fe6648-8fca-4461-acc7-7dd89eab0461:192.168.5.170:41884], old=null, confs=<EMPTY_MAP>
2019-08-16 03:39:49,578 INFO  server.RaftServerConfigKeys (ConfUtils.java:logGet(43)) - raft.server.sleep.deviation.threshold = 300 (default)
2019-08-16 03:39:49,579 INFO  server.RaftServerConfigKeys (ConfUtils.java:logGet(43)) - raft.server.storage.dir = [/workdir/hadoop-ozone/integration-test/target/test-dir/MiniOzoneClusterImpl-c675edf1-2c96-4517-9492-7066ed6a2cc9/datanode-2/data/ratis] (custom)
2019-08-16 03:39:49,579 INFO  server.RaftServerConfigKeys (ConfUtils.java:logGet(43)) - raft.server.log.appender.install.snapshot.enabled = false (custom)
2019-08-16 03:39:49,579 INFO  impl.RaftServerImpl (ServerState.java:<init>(105)) - c849b413-d177-4dae-9cd9-400b5add377a:group-52EAC70CBEE3 ConfigurationManager, init=-1: [c849b413-d177-4dae-9cd9-400b5add377a:192.168.5.170:33065, 0d6a3bb5-5c5f-4efb-8f32-c0c6b563cde1:192.168.5.170:40415, d8fe6648-8fca-4461-acc7-7dd89eab0461:192.168.5.170:41884], old=null, confs=<EMPTY_MAP>
2019-08-16 03:39:49,579 INFO  storage.RaftStorageDirectory (RaftStorageDirectory.java:analyzeStorage(246)) - The storage directory /workdir/hadoop-ozone/integration-test/target/test-dir/MiniOzoneClusterImpl-c675edf1-2c96-4517-9492-7066ed6a2cc9/datanode-2/data/ratis/5090e916-a3db-4511-894d-52eac70cbee3 does not exist. Creating ...
2019-08-16 03:39:49,579 INFO  server.RaftServerConfigKeys (ConfUtils.java:logGet(43)) - raft.server.storage.dir = [/workdir/hadoop-ozone/integration-test/target/test-dir/MiniOzoneClusterImpl-c675edf1-2c96-4517-9492-7066ed6a2cc9/datanode-1/data/ratis] (custom)
2019-08-16 03:39:49,580 INFO  storage.RaftStorageDirectory (RaftStorageDirectory.java:analyzeStorage(246)) - The storage directory /workdir/hadoop-ozone/integration-test/target/test-dir/MiniOzoneClusterImpl-c675edf1-2c96-4517-9492-7066ed6a2cc9/datanode-1/data/ratis/5090e916-a3db-4511-894d-52eac70cbee3 does not exist. Creating ...
2019-08-16 03:39:49,585 INFO  storage.RaftStorageDirectory (RaftStorageDirectory.java:tryLock(328)) - Lock on /workdir/hadoop-ozone/integration-test/target/test-dir/MiniOzoneClusterImpl-c675edf1-2c96-4517-9492-7066ed6a2cc9/datanode-2/data/ratis/5090e916-a3db-4511-894d-52eac70cbee3/in_use.lock acquired by nodename 29009@byscane-nightly-5jrvm-589107607
2019-08-16 03:39:49,585 INFO  storage.RaftStorageDirectory (RaftStorageDirectory.java:tryLock(328)) - Lock on /workdir/hadoop-ozone/integration-test/target/test-dir/MiniOzoneClusterImpl-c675edf1-2c96-4517-9492-7066ed6a2cc9/datanode-1/data/ratis/5090e916-a3db-4511-894d-52eac70cbee3/in_use.lock acquired by nodename 29009@byscane-nightly-5jrvm-589107607
2019-08-16 03:39:49,585 INFO  storage.RaftStorageDirectory (RaftStorageDirectory.java:tryLock(328)) - Lock on /workdir/hadoop-ozone/integration-test/target/test-dir/MiniOzoneClusterImpl-c675edf1-2c96-4517-9492-7066ed6a2cc9/datanode-0/data/ratis/5090e916-a3db-4511-894d-52eac70cbee3/in_use.lock acquired by nodename 29009@byscane-nightly-5jrvm-589107607
2019-08-16 03:39:49,599 INFO  storage.RaftStorage (RaftStorage.java:format(72)) - Storage directory /workdir/hadoop-ozone/integration-test/target/test-dir/MiniOzoneClusterImpl-c675edf1-2c96-4517-9492-7066ed6a2cc9/datanode-1/data/ratis/5090e916-a3db-4511-894d-52eac70cbee3 has been successfully formatted.
2019-08-16 03:39:49,599 INFO  storage.RaftStorage (RaftStorage.java:format(72)) - Storage directory /workdir/hadoop-ozone/integration-test/target/test-dir/MiniOzoneClusterImpl-c675edf1-2c96-4517-9492-7066ed6a2cc9/datanode-2/data/ratis/5090e916-a3db-4511-894d-52eac70cbee3 has been successfully formatted.
2019-08-16 03:39:49,600 INFO  ratis.ContainerStateMachine (ContainerStateMachine.java:loadSnapshot(213)) - group-52EAC70CBEE3: The snapshot info is null. Setting the last applied indexto:(t:0, i:~)
2019-08-16 03:39:49,599 INFO  storage.RaftStorage (RaftStorage.java:format(72)) - Storage directory /workdir/hadoop-ozone/integration-test/target/test-dir/MiniOzoneClusterImpl-c675edf1-2c96-4517-9492-7066ed6a2cc9/datanode-0/data/ratis/5090e916-a3db-4511-894d-52eac70cbee3 has been successfully formatted.
2019-08-16 03:39:49,600 INFO  server.RaftServerConfigKeys (ConfUtils.java:logGet(43)) - raft.server.leader.election.timeout = 120s (custom)
2019-08-16 03:39:49,600 INFO  ratis.ContainerStateMachine (ContainerStateMachine.java:loadSnapshot(213)) - group-52EAC70CBEE3: The snapshot info is null. Setting the last applied indexto:(t:0, i:~)
2019-08-16 03:39:49,600 INFO  ratis.ContainerStateMachine (ContainerStateMachine.java:loadSnapshot(213)) - group-52EAC70CBEE3: The snapshot info is null. Setting the last applied indexto:(t:0, i:~)
2019-08-16 03:39:49,600 INFO  server.RaftServerConfigKeys (ConfUtils.java:logGet(43)) - raft.server.leader.election.timeout = 120s (custom)
2019-08-16 03:39:49,600 INFO  server.RaftServerConfigKeys (ConfUtils.java:logGet(43)) - raft.server.log.use.memory = false (default)
2019-08-16 03:39:49,601 INFO  server.RaftServerConfigKeys (ConfUtils.java:logGet(43)) - raft.server.log.use.memory = false (default)
2019-08-16 03:39:49,601 INFO  server.RaftServerConfigKeys (ConfUtils.java:logGet(43)) - raft.server.leader.election.timeout = 120s (custom)
2019-08-16 03:39:49,601 INFO  server.RaftServerConfigKeys (ConfUtils.java:logGet(43)) - raft.server.log.purge.gap = 1000000000 (custom)
2019-08-16 03:39:49,601 INFO  server.RaftServerConfigKeys (ConfUtils.java:logGet(43)) - raft.server.log.purge.gap = 1000000000 (custom)
2019-08-16 03:39:49,601 INFO  server.RaftServerConfigKeys (ConfUtils.java:logGet(43)) - raft.server.log.appender.buffer.byte-limit = 33554432 (custom)
2019-08-16 03:39:49,601 INFO  server.RaftServerConfigKeys (ConfUtils.java:logGet(43)) - raft.server.log.use.memory = false (default)
2019-08-16 03:39:49,602 INFO  server.RaftServerConfigKeys (ConfUtils.java:logGet(43)) - raft.server.log.segment.size.max = 1048576 (custom)
2019-08-16 03:39:49,602 INFO  server.RaftServerConfigKeys (ConfUtils.java:logGet(43)) - raft.server.log.segment.cache.num.max = 2 (custom)
2019-08-16 03:39:49,602 INFO  server.RaftServerConfigKeys (ConfUtils.java:logGet(43)) - raft.server.log.appender.buffer.byte-limit = 33554432 (custom)
2019-08-16 03:39:49,602 INFO  segmented.SegmentedRaftLogWorker (SegmentedRaftLogWorker.java:<init>(172)) - new d8fe6648-8fca-4461-acc7-7dd89eab0461-SegmentedRaftLogWorker:Storage Directory /workdir/hadoop-ozone/integration-test/target/test-dir/MiniOzoneClusterImpl-c675edf1-2c96-4517-9492-7066ed6a2cc9/datanode-0/data/ratis/5090e916-a3db-4511-894d-52eac70cbee3 for RaftStorage:Storage Directory /workdir/hadoop-ozone/integration-test/target/test-dir/MiniOzoneClusterImpl-c675edf1-2c96-4517-9492-7066ed6a2cc9/datanode-0/data/ratis/5090e916-a3db-4511-894d-52eac70cbee3
2019-08-16 03:39:49,602 INFO  server.RaftServerConfigKeys (ConfUtils.java:logGet(43)) - raft.server.log.purge.gap = 1000000000 (custom)
2019-08-16 03:39:49,603 INFO  server.RaftServerConfigKeys (ConfUtils.java:logGet(43)) - raft.server.log.queue.byte-limit = 2147483647 (custom)
2019-08-16 03:39:49,602 INFO  server.RaftServerConfigKeys (ConfUtils.java:logGet(43)) - raft.server.log.segment.size.max = 1048576 (custom)
2019-08-16 03:39:49,603 INFO  server.RaftServerConfigKeys (ConfUtils.java:logGet(43)) - raft.server.log.queue.element-limit = 1024 (custom)
2019-08-16 03:39:49,603 INFO  server.RaftServerConfigKeys (ConfUtils.java:logGet(43)) - raft.server.log.appender.buffer.byte-limit = 33554432 (custom)
2019-08-16 03:39:49,603 INFO  server.RaftServerConfigKeys (ConfUtils.java:logGet(43)) - raft.server.log.segment.size.max = 1048576 (custom)
2019-08-16 03:39:49,603 INFO  server.RaftServerConfigKeys (ConfUtils.java:logGet(43)) - raft.server.log.segment.cache.num.max = 2 (custom)
2019-08-16 03:39:49,604 INFO  server.RaftServerConfigKeys (ConfUtils.java:logGet(43)) - raft.server.log.preallocated.size = 16384 (custom)
2019-08-16 03:39:49,603 INFO  server.RaftServerConfigKeys (ConfUtils.java:logGet(43)) - raft.server.log.segment.size.max = 1048576 (custom)
2019-08-16 03:39:49,604 INFO  server.RaftServerConfigKeys (ConfUtils.java:logGet(43)) - raft.server.log.write.buffer.size = 33554432 (custom)
2019-08-16 03:39:49,604 INFO  segmented.SegmentedRaftLogWorker (SegmentedRaftLogWorker.java:<init>(172)) - new c849b413-d177-4dae-9cd9-400b5add377a-SegmentedRaftLogWorker:Storage Directory /workdir/hadoop-ozone/integration-test/target/test-dir/MiniOzoneClusterImpl-c675edf1-2c96-4517-9492-7066ed6a2cc9/datanode-1/data/ratis/5090e916-a3db-4511-894d-52eac70cbee3 for RaftStorage:Storage Directory /workdir/hadoop-ozone/integration-test/target/test-dir/MiniOzoneClusterImpl-c675edf1-2c96-4517-9492-7066ed6a2cc9/datanode-1/data/ratis/5090e916-a3db-4511-894d-52eac70cbee3
2019-08-16 03:39:49,604 INFO  server.RaftServerConfigKeys (ConfUtils.java:logGet(43)) - raft.server.log.force.sync.num = 128 (default)
2019-08-16 03:39:49,604 INFO  server.RaftServerConfigKeys (ConfUtils.java:logGet(43)) - raft.server.log.segment.cache.num.max = 2 (custom)
2019-08-16 03:39:49,605 INFO  server.RaftServerConfigKeys (ConfUtils.java:logGet(43)) - raft.server.log.statemachine.data.sync = true (default)
2019-08-16 03:39:49,605 INFO  server.RaftServerConfigKeys (ConfUtils.java:logGet(43)) - raft.server.log.statemachine.data.sync.timeout = 10s (default)
2019-08-16 03:39:49,604 INFO  server.RaftServerConfigKeys (ConfUtils.java:logGet(43)) - raft.server.log.queue.byte-limit = 2147483647 (custom)
2019-08-16 03:39:49,605 INFO  server.RaftServerConfigKeys (ConfUtils.java:logGet(43)) - raft.server.log.statemachine.data.sync.timeout.retry = -1 (default)
2019-08-16 03:39:49,605 INFO  segmented.SegmentedRaftLogWorker (SegmentedRaftLogWorker.java:<init>(172)) - new 0d6a3bb5-5c5f-4efb-8f32-c0c6b563cde1-SegmentedRaftLogWorker:Storage Directory /workdir/hadoop-ozone/integration-test/target/test-dir/MiniOzoneClusterImpl-c675edf1-2c96-4517-9492-7066ed6a2cc9/datanode-2/data/ratis/5090e916-a3db-4511-894d-52eac70cbee3 for RaftStorage:Storage Directory /workdir/hadoop-ozone/integration-test/target/test-dir/MiniOzoneClusterImpl-c675edf1-2c96-4517-9492-7066ed6a2cc9/datanode-2/data/ratis/5090e916-a3db-4511-894d-52eac70cbee3
2019-08-16 03:39:49,606 INFO  server.RaftServerConfigKeys (ConfUtils.java:logGet(43)) - raft.server.log.statemachine.data.caching.enabled = true (custom)
2019-08-16 03:39:49,605 INFO  server.RaftServerConfigKeys (ConfUtils.java:logGet(43)) - raft.server.log.queue.element-limit = 1024 (custom)
2019-08-16 03:39:49,606 INFO  server.RaftServerConfigKeys (ConfUtils.java:logGet(43)) - raft.server.log.queue.byte-limit = 2147483647 (custom)
2019-08-16 03:39:49,606 INFO  segmented.SegmentedRaftLogWorker (SegmentedRaftLogWorker.java:lambda$new$0(132)) - d8fe6648-8fca-4461-acc7-7dd89eab0461-SegmentedRaftLogWorker:Storage Directory /workdir/hadoop-ozone/integration-test/target/test-dir/MiniOzoneClusterImpl-c675edf1-2c96-4517-9492-7066ed6a2cc9/datanode-0/data/ratis/5090e916-a3db-4511-894d-52eac70cbee3: flushIndex: setUnconditionally 0 -> -1
2019-08-16 03:39:49,606 INFO  server.RaftServerConfigKeys (ConfUtils.java:logGet(43)) - raft.server.log.segment.size.max = 1048576 (custom)
2019-08-16 03:39:49,606 INFO  server.RaftServerConfigKeys (ConfUtils.java:logGet(43)) - raft.server.log.queue.element-limit = 1024 (custom)
2019-08-16 03:39:49,607 INFO  server.RaftServerConfigKeys (ConfUtils.java:logGet(43)) - raft.server.snapshot.auto.trigger.enabled = true (custom)
2019-08-16 03:39:49,607 INFO  server.RaftServerConfigKeys (ConfUtils.java:logGet(43)) - raft.server.log.preallocated.size = 16384 (custom)
2019-08-16 03:39:49,607 INFO  server.RaftServerConfigKeys (ConfUtils.java:logGet(43)) - raft.server.snapshot.auto.trigger.threshold = 10000 (custom)
2019-08-16 03:39:49,607 INFO  server.RaftServerConfigKeys (ConfUtils.java:logGet(43)) - raft.server.log.segment.size.max = 1048576 (custom)
2019-08-16 03:39:49,607 INFO  server.RaftServerConfigKeys (ConfUtils.java:logGet(43)) - raft.server.retrycache.expirytime = 600000ms (custom)
2019-08-16 03:39:49,607 INFO  server.RaftServerConfigKeys (ConfUtils.java:logGet(43)) - raft.server.log.write.buffer.size = 33554432 (custom)
2019-08-16 03:39:49,608 INFO  impl.RaftServerImpl (RaftServerImpl.java:start(180)) - d8fe6648-8fca-4461-acc7-7dd89eab0461: start group-52EAC70CBEE3
2019-08-16 03:39:49,607 INFO  server.RaftServerConfigKeys (ConfUtils.java:logGet(43)) - raft.server.log.preallocated.size = 16384 (custom)
2019-08-16 03:39:49,608 INFO  impl.RaftServerImpl (RaftServerImpl.java:setRole(171)) - d8fe6648-8fca-4461-acc7-7dd89eab0461:group-52EAC70CBEE3 changes role from null to FOLLOWER at term 0 for startAsFollower
2019-08-16 03:39:49,608 INFO  server.RaftServerConfigKeys (ConfUtils.java:logGet(43)) - raft.server.log.force.sync.num = 128 (default)
2019-08-16 03:39:49,608 INFO  impl.RoleInfo (RoleInfo.java:updateAndGet(143)) - d8fe6648-8fca-4461-acc7-7dd89eab0461: start FollowerState
2019-08-16 03:39:49,608 INFO  server.RaftServerConfigKeys (ConfUtils.java:logGet(43)) - raft.server.log.write.buffer.size = 33554432 (custom)
2019-08-16 03:39:49,608 INFO  server.RaftServerConfigKeys (ConfUtils.java:logGet(43)) - raft.server.log.statemachine.data.sync = true (default)
2019-08-16 03:39:49,609 INFO  server.RaftServerConfigKeys (ConfUtils.java:logGet(43)) - raft.server.log.force.sync.num = 128 (default)
2019-08-16 03:39:49,620 INFO  server.RaftServerConfigKeys (ConfUtils.java:logGet(43)) - raft.server.log.statemachine.data.sync.timeout = 10s (default)
2019-08-16 03:39:49,620 INFO  util.JmxRegister (JmxRegister.java:tryRegister(44)) - Successfully registered JMX Bean with object name Ratis:service=RaftServer,group=group-52EAC70CBEE3,id=d8fe6648-8fca-4461-acc7-7dd89eab0461
2019-08-16 03:39:49,621 INFO  server.RaftServerConfigKeys (ConfUtils.java:logGet(43)) - raft.server.log.statemachine.data.sync.timeout.retry = -1 (default)
2019-08-16 03:39:49,621 INFO  server.RaftServerConfigKeys (ConfUtils.java:logGet(43)) - raft.server.log.statemachine.data.sync = true (default)
2019-08-16 03:39:49,621 INFO  server.RaftServerConfigKeys (ConfUtils.java:logGet(43)) - raft.server.log.statemachine.data.caching.enabled = true (custom)
2019-08-16 03:39:49,629 INFO  server.RaftServerConfigKeys (ConfUtils.java:logGet(43)) - raft.server.log.statemachine.data.sync.timeout = 10s (default)
2019-08-16 03:39:49,629 INFO  server.RaftServerConfigKeys (ConfUtils.java:logGet(43)) - raft.server.log.statemachine.data.sync.timeout.retry = -1 (default)
2019-08-16 03:39:49,629 INFO  segmented.SegmentedRaftLogWorker (SegmentedRaftLogWorker.java:lambda$new$0(132)) - c849b413-d177-4dae-9cd9-400b5add377a-SegmentedRaftLogWorker:Storage Directory /workdir/hadoop-ozone/integration-test/target/test-dir/MiniOzoneClusterImpl-c675edf1-2c96-4517-9492-7066ed6a2cc9/datanode-1/data/ratis/5090e916-a3db-4511-894d-52eac70cbee3: flushIndex: setUnconditionally 0 -> -1
2019-08-16 03:39:49,629 INFO  server.RaftServerConfigKeys (ConfUtils.java:logGet(43)) - raft.server.log.statemachine.data.caching.enabled = true (custom)
2019-08-16 03:39:49,630 INFO  server.RaftServerConfigKeys (ConfUtils.java:logGet(43)) - raft.server.snapshot.auto.trigger.enabled = true (custom)
2019-08-16 03:39:49,630 INFO  segmented.SegmentedRaftLogWorker (SegmentedRaftLogWorker.java:lambda$new$0(132)) - 0d6a3bb5-5c5f-4efb-8f32-c0c6b563cde1-SegmentedRaftLogWorker:Storage Directory /workdir/hadoop-ozone/integration-test/target/test-dir/MiniOzoneClusterImpl-c675edf1-2c96-4517-9492-7066ed6a2cc9/datanode-2/data/ratis/5090e916-a3db-4511-894d-52eac70cbee3: flushIndex: setUnconditionally 0 -> -1
2019-08-16 03:39:49,630 INFO  server.RaftServerConfigKeys (ConfUtils.java:logGet(43)) - raft.server.snapshot.auto.trigger.threshold = 10000 (custom)
2019-08-16 03:39:49,630 INFO  server.RaftServerConfigKeys (ConfUtils.java:logGet(43)) - raft.server.retrycache.expirytime = 600000ms (custom)
2019-08-16 03:39:49,630 INFO  server.RaftServerConfigKeys (ConfUtils.java:logGet(43)) - raft.server.snapshot.auto.trigger.enabled = true (custom)
2019-08-16 03:39:49,631 INFO  impl.RaftServerImpl (RaftServerImpl.java:start(180)) - c849b413-d177-4dae-9cd9-400b5add377a: start group-52EAC70CBEE3
2019-08-16 03:39:49,631 INFO  server.RaftServerConfigKeys (ConfUtils.java:logGet(43)) - raft.server.snapshot.auto.trigger.threshold = 10000 (custom)
2019-08-16 03:39:49,631 INFO  impl.RaftServerImpl (RaftServerImpl.java:setRole(171)) - c849b413-d177-4dae-9cd9-400b5add377a:group-52EAC70CBEE3 changes role from null to FOLLOWER at term 0 for startAsFollower
2019-08-16 03:39:49,631 INFO  server.RaftServerConfigKeys (ConfUtils.java:logGet(43)) - raft.server.retrycache.expirytime = 600000ms (custom)
2019-08-16 03:39:49,631 INFO  impl.RoleInfo (RoleInfo.java:updateAndGet(143)) - c849b413-d177-4dae-9cd9-400b5add377a: start FollowerState
2019-08-16 03:39:49,631 INFO  impl.RaftServerImpl (RaftServerImpl.java:start(180)) - 0d6a3bb5-5c5f-4efb-8f32-c0c6b563cde1: start group-52EAC70CBEE3
2019-08-16 03:39:49,632 INFO  impl.RaftServerImpl (RaftServerImpl.java:setRole(171)) - 0d6a3bb5-5c5f-4efb-8f32-c0c6b563cde1:group-52EAC70CBEE3 changes role from null to FOLLOWER at term 0 for startAsFollower
2019-08-16 03:39:49,632 INFO  impl.RoleInfo (RoleInfo.java:updateAndGet(143)) - 0d6a3bb5-5c5f-4efb-8f32-c0c6b563cde1: start FollowerState
2019-08-16 03:39:49,632 INFO  util.JmxRegister (JmxRegister.java:tryRegister(44)) - Successfully registered JMX Bean with object name Ratis:service=RaftServer,group=group-52EAC70CBEE3,id=c849b413-d177-4dae-9cd9-400b5add377a
2019-08-16 03:39:49,632 INFO  util.JmxRegister (JmxRegister.java:tryRegister(44)) - Successfully registered JMX Bean with object name Ratis:service=RaftServer,group=group-52EAC70CBEE3,id=0d6a3bb5-5c5f-4efb-8f32-c0c6b563cde1
2019-08-16 03:39:49,635 INFO  pipeline.PipelineStateManager (PipelineStateManager.java:addPipeline(56)) - Created pipeline Pipeline[ Id: 5090e916-a3db-4511-894d-52eac70cbee3, Nodes: c849b413-d177-4dae-9cd9-400b5add377a{ip: 192.168.5.170, host: byscane-nightly-5jrvm-589107607, networkLocation: /default-rack, certSerialId: null}d8fe6648-8fca-4461-acc7-7dd89eab0461{ip: 192.168.5.170, host: byscane-nightly-5jrvm-589107607, networkLocation: /default-rack, certSerialId: null}0d6a3bb5-5c5f-4efb-8f32-c0c6b563cde1{ip: 192.168.5.170, host: byscane-nightly-5jrvm-589107607, networkLocation: /default-rack, certSerialId: null}, Type:RATIS, Factor:THREE, State:OPEN]
2019-08-16 03:39:49,931 INFO  net.NetworkTopology (NetworkTopologyImpl.java:add(110)) - Added a new node: /default-rack/032a946e-3254-4dd0-899d-9e9c8e0cef5c
2019-08-16 03:39:49,932 INFO  node.SCMNodeManager (SCMNodeManager.java:register(273)) - Registered Data node : 032a946e-3254-4dd0-899d-9e9c8e0cef5c{ip: 192.168.5.170, host: byscane-nightly-5jrvm-589107607, networkLocation: /default-rack, certSerialId: null}
2019-08-16 03:39:49,952 INFO  impl.RaftServerProxy (RaftServerProxy.java:addNew(89)) - 032a946e-3254-4dd0-899d-9e9c8e0cef5c: addNew group-4CC2E4EAD4E5:[032a946e-3254-4dd0-899d-9e9c8e0cef5c:192.168.5.170:42970] returns group-4CC2E4EAD4E5:java.util.concurrent.CompletableFuture@208983d5[Not completed]
2019-08-16 03:39:49,954 INFO  impl.RaftServerImpl (RaftServerImpl.java:<init>(93)) - 032a946e-3254-4dd0-899d-9e9c8e0cef5c: new RaftServerImpl for group-4CC2E4EAD4E5:[032a946e-3254-4dd0-899d-9e9c8e0cef5c:192.168.5.170:42970] with ContainerStateMachine:uninitialized
2019-08-16 03:39:49,954 INFO  server.RaftServerConfigKeys (ConfUtils.java:logGet(43)) - raft.server.rpc.timeout.min = 5s (custom)
2019-08-16 03:39:49,954 INFO  server.RaftServerConfigKeys (ConfUtils.java:logGet(43)) - raft.server.rpc.timeout.max = 5200ms (custom)
2019-08-16 03:39:49,954 INFO  server.RaftServerConfigKeys (ConfUtils.java:logGet(43)) - raft.server.rpcslowness.timeout = 120s (custom)
2019-08-16 03:39:49,955 INFO  server.RaftServerConfigKeys (ConfUtils.java:logGet(43)) - raft.server.sleep.deviation.threshold = 300 (default)
2019-08-16 03:39:49,955 INFO  server.RaftServerConfigKeys (ConfUtils.java:logGet(43)) - raft.server.log.appender.install.snapshot.enabled = false (custom)
2019-08-16 03:39:49,955 INFO  impl.RaftServerImpl (ServerState.java:<init>(105)) - 032a946e-3254-4dd0-899d-9e9c8e0cef5c:group-4CC2E4EAD4E5 ConfigurationManager, init=-1: [032a946e-3254-4dd0-899d-9e9c8e0cef5c:192.168.5.170:42970], old=null, confs=<EMPTY_MAP>
2019-08-16 03:39:49,955 INFO  server.RaftServerConfigKeys (ConfUtils.java:logGet(43)) - raft.server.storage.dir = [/workdir/hadoop-ozone/integration-test/target/test-dir/MiniOzoneClusterImpl-c675edf1-2c96-4517-9492-7066ed6a2cc9/datanode-3/data/ratis] (custom)
2019-08-16 03:39:49,956 INFO  storage.RaftStorageDirectory (RaftStorageDirectory.java:analyzeStorage(246)) - The storage directory /workdir/hadoop-ozone/integration-test/target/test-dir/MiniOzoneClusterImpl-c675edf1-2c96-4517-9492-7066ed6a2cc9/datanode-3/data/ratis/5cce8d10-db72-47a7-8f5b-4cc2e4ead4e5 does not exist. Creating ...
2019-08-16 03:39:49,969 INFO  storage.RaftStorageDirectory (RaftStorageDirectory.java:tryLock(328)) - Lock on /workdir/hadoop-ozone/integration-test/target/test-dir/MiniOzoneClusterImpl-c675edf1-2c96-4517-9492-7066ed6a2cc9/datanode-3/data/ratis/5cce8d10-db72-47a7-8f5b-4cc2e4ead4e5/in_use.lock acquired by nodename 29009@byscane-nightly-5jrvm-589107607
2019-08-16 03:39:49,982 INFO  storage.RaftStorage (RaftStorage.java:format(72)) - Storage directory /workdir/hadoop-ozone/integration-test/target/test-dir/MiniOzoneClusterImpl-c675edf1-2c96-4517-9492-7066ed6a2cc9/datanode-3/data/ratis/5cce8d10-db72-47a7-8f5b-4cc2e4ead4e5 has been successfully formatted.
2019-08-16 03:39:49,982 INFO  ratis.ContainerStateMachine (ContainerStateMachine.java:loadSnapshot(213)) - group-4CC2E4EAD4E5: The snapshot info is null. Setting the last applied indexto:(t:0, i:~)
2019-08-16 03:39:49,983 INFO  server.RaftServerConfigKeys (ConfUtils.java:logGet(43)) - raft.server.leader.election.timeout = 120s (custom)
2019-08-16 03:39:49,983 INFO  server.RaftServerConfigKeys (ConfUtils.java:logGet(43)) - raft.server.log.use.memory = false (default)
2019-08-16 03:39:49,983 INFO  server.RaftServerConfigKeys (ConfUtils.java:logGet(43)) - raft.server.log.purge.gap = 1000000000 (custom)
2019-08-16 03:39:49,983 INFO  server.RaftServerConfigKeys (ConfUtils.java:logGet(43)) - raft.server.log.appender.buffer.byte-limit = 33554432 (custom)
2019-08-16 03:39:49,983 INFO  server.RaftServerConfigKeys (ConfUtils.java:logGet(43)) - raft.server.log.segment.size.max = 1048576 (custom)
2019-08-16 03:39:49,984 INFO  server.RaftServerConfigKeys (ConfUtils.java:logGet(43)) - raft.server.log.segment.cache.num.max = 2 (custom)
2019-08-16 03:39:49,984 INFO  segmented.SegmentedRaftLogWorker (SegmentedRaftLogWorker.java:<init>(172)) - new 032a946e-3254-4dd0-899d-9e9c8e0cef5c-SegmentedRaftLogWorker:Storage Directory /workdir/hadoop-ozone/integration-test/target/test-dir/MiniOzoneClusterImpl-c675edf1-2c96-4517-9492-7066ed6a2cc9/datanode-3/data/ratis/5cce8d10-db72-47a7-8f5b-4cc2e4ead4e5 for RaftStorage:Storage Directory /workdir/hadoop-ozone/integration-test/target/test-dir/MiniOzoneClusterImpl-c675edf1-2c96-4517-9492-7066ed6a2cc9/datanode-3/data/ratis/5cce8d10-db72-47a7-8f5b-4cc2e4ead4e5
2019-08-16 03:39:49,984 INFO  server.RaftServerConfigKeys (ConfUtils.java:logGet(43)) - raft.server.log.queue.byte-limit = 2147483647 (custom)
2019-08-16 03:39:49,984 INFO  server.RaftServerConfigKeys (ConfUtils.java:logGet(43)) - raft.server.log.queue.element-limit = 1024 (custom)
2019-08-16 03:39:49,985 INFO  server.RaftServerConfigKeys (ConfUtils.java:logGet(43)) - raft.server.log.segment.size.max = 1048576 (custom)
2019-08-16 03:39:49,985 INFO  server.RaftServerConfigKeys (ConfUtils.java:logGet(43)) - raft.server.log.preallocated.size = 16384 (custom)
2019-08-16 03:39:49,985 INFO  server.RaftServerConfigKeys (ConfUtils.java:logGet(43)) - raft.server.log.write.buffer.size = 33554432 (custom)
2019-08-16 03:39:49,985 INFO  server.RaftServerConfigKeys (ConfUtils.java:logGet(43)) - raft.server.log.force.sync.num = 128 (default)
2019-08-16 03:39:49,985 INFO  server.RaftServerConfigKeys (ConfUtils.java:logGet(43)) - raft.server.log.statemachine.data.sync = true (default)
2019-08-16 03:39:49,985 INFO  server.RaftServerConfigKeys (ConfUtils.java:logGet(43)) - raft.server.log.statemachine.data.sync.timeout = 10s (default)
2019-08-16 03:39:49,985 INFO  server.RaftServerConfigKeys (ConfUtils.java:logGet(43)) - raft.server.log.statemachine.data.sync.timeout.retry = -1 (default)
2019-08-16 03:39:49,986 INFO  server.RaftServerConfigKeys (ConfUtils.java:logGet(43)) - raft.server.log.statemachine.data.caching.enabled = true (custom)
2019-08-16 03:39:49,986 INFO  segmented.SegmentedRaftLogWorker (SegmentedRaftLogWorker.java:lambda$new$0(132)) - 032a946e-3254-4dd0-899d-9e9c8e0cef5c-SegmentedRaftLogWorker:Storage Directory /workdir/hadoop-ozone/integration-test/target/test-dir/MiniOzoneClusterImpl-c675edf1-2c96-4517-9492-7066ed6a2cc9/datanode-3/data/ratis/5cce8d10-db72-47a7-8f5b-4cc2e4ead4e5: flushIndex: setUnconditionally 0 -> -1
2019-08-16 03:39:49,987 INFO  server.RaftServerConfigKeys (ConfUtils.java:logGet(43)) - raft.server.snapshot.auto.trigger.enabled = true (custom)
2019-08-16 03:39:49,987 INFO  server.RaftServerConfigKeys (ConfUtils.java:logGet(43)) - raft.server.snapshot.auto.trigger.threshold = 10000 (custom)
2019-08-16 03:39:49,987 INFO  server.RaftServerConfigKeys (ConfUtils.java:logGet(43)) - raft.server.retrycache.expirytime = 600000ms (custom)
2019-08-16 03:39:49,987 INFO  impl.RaftServerImpl (RaftServerImpl.java:start(180)) - 032a946e-3254-4dd0-899d-9e9c8e0cef5c: start group-4CC2E4EAD4E5
2019-08-16 03:39:49,988 INFO  impl.RaftServerImpl (RaftServerImpl.java:setRole(171)) - 032a946e-3254-4dd0-899d-9e9c8e0cef5c:group-4CC2E4EAD4E5 changes role from null to FOLLOWER at term 0 for startAsFollower
2019-08-16 03:39:49,988 INFO  impl.RoleInfo (RoleInfo.java:updateAndGet(143)) - 032a946e-3254-4dd0-899d-9e9c8e0cef5c: start FollowerState
2019-08-16 03:39:49,988 INFO  util.JmxRegister (JmxRegister.java:tryRegister(44)) - Successfully registered JMX Bean with object name Ratis:service=RaftServer,group=group-4CC2E4EAD4E5,id=032a946e-3254-4dd0-899d-9e9c8e0cef5c
2019-08-16 03:39:49,991 INFO  pipeline.PipelineStateManager (PipelineStateManager.java:addPipeline(56)) - Created pipeline Pipeline[ Id: 5cce8d10-db72-47a7-8f5b-4cc2e4ead4e5, Nodes: 032a946e-3254-4dd0-899d-9e9c8e0cef5c{ip: 192.168.5.170, host: byscane-nightly-5jrvm-589107607, networkLocation: /default-rack, certSerialId: null}, Type:RATIS, Factor:ONE, State:OPEN]
2019-08-16 03:39:50,109 INFO  net.NetworkTopology (NetworkTopologyImpl.java:add(110)) - Added a new node: /default-rack/62a246b0-b12b-47e6-89f6-78f18fa2a730
2019-08-16 03:39:50,110 INFO  node.SCMNodeManager (SCMNodeManager.java:register(273)) - Registered Data node : 62a246b0-b12b-47e6-89f6-78f18fa2a730{ip: 192.168.5.170, host: byscane-nightly-5jrvm-589107607, networkLocation: /default-rack, certSerialId: null}
2019-08-16 03:39:50,119 INFO  impl.RaftServerProxy (RaftServerProxy.java:addNew(89)) - 62a246b0-b12b-47e6-89f6-78f18fa2a730: addNew group-D8D00006A63A:[62a246b0-b12b-47e6-89f6-78f18fa2a730:192.168.5.170:39593] returns group-D8D00006A63A:java.util.concurrent.CompletableFuture@245e37e9[Not completed]
2019-08-16 03:39:50,120 INFO  impl.RaftServerImpl (RaftServerImpl.java:<init>(93)) - 62a246b0-b12b-47e6-89f6-78f18fa2a730: new RaftServerImpl for group-D8D00006A63A:[62a246b0-b12b-47e6-89f6-78f18fa2a730:192.168.5.170:39593] with ContainerStateMachine:uninitialized
2019-08-16 03:39:50,120 INFO  server.RaftServerConfigKeys (ConfUtils.java:logGet(43)) - raft.server.rpc.timeout.min = 5s (custom)
2019-08-16 03:39:50,121 INFO  server.RaftServerConfigKeys (ConfUtils.java:logGet(43)) - raft.server.rpc.timeout.max = 5200ms (custom)
2019-08-16 03:39:50,121 INFO  server.RaftServerConfigKeys (ConfUtils.java:logGet(43)) - raft.server.rpcslowness.timeout = 120s (custom)
2019-08-16 03:39:50,121 INFO  server.RaftServerConfigKeys (ConfUtils.java:logGet(43)) - raft.server.sleep.deviation.threshold = 300 (default)
2019-08-16 03:39:50,121 INFO  server.RaftServerConfigKeys (ConfUtils.java:logGet(43)) - raft.server.log.appender.install.snapshot.enabled = false (custom)
2019-08-16 03:39:50,121 INFO  impl.RaftServerImpl (ServerState.java:<init>(105)) - 62a246b0-b12b-47e6-89f6-78f18fa2a730:group-D8D00006A63A ConfigurationManager, init=-1: [62a246b0-b12b-47e6-89f6-78f18fa2a730:192.168.5.170:39593], old=null, confs=<EMPTY_MAP>
2019-08-16 03:39:50,121 INFO  server.RaftServerConfigKeys (ConfUtils.java:logGet(43)) - raft.server.storage.dir = [/workdir/hadoop-ozone/integration-test/target/test-dir/MiniOzoneClusterImpl-c675edf1-2c96-4517-9492-7066ed6a2cc9/datanode-4/data/ratis] (custom)
2019-08-16 03:39:50,122 INFO  storage.RaftStorageDirectory (RaftStorageDirectory.java:analyzeStorage(246)) - The storage directory /workdir/hadoop-ozone/integration-test/target/test-dir/MiniOzoneClusterImpl-c675edf1-2c96-4517-9492-7066ed6a2cc9/datanode-4/data/ratis/44ff2107-fc5f-4617-abc9-d8d00006a63a does not exist. Creating ...
2019-08-16 03:39:50,136 INFO  storage.RaftStorageDirectory (RaftStorageDirectory.java:tryLock(328)) - Lock on /workdir/hadoop-ozone/integration-test/target/test-dir/MiniOzoneClusterImpl-c675edf1-2c96-4517-9492-7066ed6a2cc9/datanode-4/data/ratis/44ff2107-fc5f-4617-abc9-d8d00006a63a/in_use.lock acquired by nodename 29009@byscane-nightly-5jrvm-589107607
2019-08-16 03:39:50,152 INFO  storage.RaftStorage (RaftStorage.java:format(72)) - Storage directory /workdir/hadoop-ozone/integration-test/target/test-dir/MiniOzoneClusterImpl-c675edf1-2c96-4517-9492-7066ed6a2cc9/datanode-4/data/ratis/44ff2107-fc5f-4617-abc9-d8d00006a63a has been successfully formatted.
2019-08-16 03:39:50,152 INFO  ratis.ContainerStateMachine (ContainerStateMachine.java:loadSnapshot(213)) - group-D8D00006A63A: The snapshot info is null. Setting the last applied indexto:(t:0, i:~)
2019-08-16 03:39:50,152 INFO  server.RaftServerConfigKeys (ConfUtils.java:logGet(43)) - raft.server.leader.election.timeout = 120s (custom)
2019-08-16 03:39:50,152 INFO  server.RaftServerConfigKeys (ConfUtils.java:logGet(43)) - raft.server.log.use.memory = false (default)
2019-08-16 03:39:50,152 INFO  server.RaftServerConfigKeys (ConfUtils.java:logGet(43)) - raft.server.log.purge.gap = 1000000000 (custom)
2019-08-16 03:39:50,153 INFO  server.RaftServerConfigKeys (ConfUtils.java:logGet(43)) - raft.server.log.appender.buffer.byte-limit = 33554432 (custom)
2019-08-16 03:39:50,153 INFO  server.RaftServerConfigKeys (ConfUtils.java:logGet(43)) - raft.server.log.segment.size.max = 1048576 (custom)
2019-08-16 03:39:50,153 INFO  server.RaftServerConfigKeys (ConfUtils.java:logGet(43)) - raft.server.log.segment.cache.num.max = 2 (custom)
2019-08-16 03:39:50,153 INFO  segmented.SegmentedRaftLogWorker (SegmentedRaftLogWorker.java:<init>(172)) - new 62a246b0-b12b-47e6-89f6-78f18fa2a730-SegmentedRaftLogWorker:Storage Directory /workdir/hadoop-ozone/integration-test/target/test-dir/MiniOzoneClusterImpl-c675edf1-2c96-4517-9492-7066ed6a2cc9/datanode-4/data/ratis/44ff2107-fc5f-4617-abc9-d8d00006a63a for RaftStorage:Storage Directory /workdir/hadoop-ozone/integration-test/target/test-dir/MiniOzoneClusterImpl-c675edf1-2c96-4517-9492-7066ed6a2cc9/datanode-4/data/ratis/44ff2107-fc5f-4617-abc9-d8d00006a63a
2019-08-16 03:39:50,153 INFO  server.RaftServerConfigKeys (ConfUtils.java:logGet(43)) - raft.server.log.queue.byte-limit = 2147483647 (custom)
2019-08-16 03:39:50,153 INFO  server.RaftServerConfigKeys (ConfUtils.java:logGet(43)) - raft.server.log.queue.element-limit = 1024 (custom)
2019-08-16 03:39:50,154 INFO  server.RaftServerConfigKeys (ConfUtils.java:logGet(43)) - raft.server.log.segment.size.max = 1048576 (custom)
2019-08-16 03:39:50,154 INFO  server.RaftServerConfigKeys (ConfUtils.java:logGet(43)) - raft.server.log.preallocated.size = 16384 (custom)
2019-08-16 03:39:50,154 INFO  server.RaftServerConfigKeys (ConfUtils.java:logGet(43)) - raft.server.log.write.buffer.size = 33554432 (custom)
2019-08-16 03:39:50,154 INFO  server.RaftServerConfigKeys (ConfUtils.java:logGet(43)) - raft.server.log.force.sync.num = 128 (default)
2019-08-16 03:39:50,154 INFO  server.RaftServerConfigKeys (ConfUtils.java:logGet(43)) - raft.server.log.statemachine.data.sync = true (default)
2019-08-16 03:39:50,155 INFO  server.RaftServerConfigKeys (ConfUtils.java:logGet(43)) - raft.server.log.statemachine.data.sync.timeout = 10s (default)
2019-08-16 03:39:50,155 INFO  server.RaftServerConfigKeys (ConfUtils.java:logGet(43)) - raft.server.log.statemachine.data.sync.timeout.retry = -1 (default)
2019-08-16 03:39:50,155 INFO  server.RaftServerConfigKeys (ConfUtils.java:logGet(43)) - raft.server.log.statemachine.data.caching.enabled = true (custom)
2019-08-16 03:39:50,155 INFO  segmented.SegmentedRaftLogWorker (SegmentedRaftLogWorker.java:lambda$new$0(132)) - 62a246b0-b12b-47e6-89f6-78f18fa2a730-SegmentedRaftLogWorker:Storage Directory /workdir/hadoop-ozone/integration-test/target/test-dir/MiniOzoneClusterImpl-c675edf1-2c96-4517-9492-7066ed6a2cc9/datanode-4/data/ratis/44ff2107-fc5f-4617-abc9-d8d00006a63a: flushIndex: setUnconditionally 0 -> -1
2019-08-16 03:39:50,156 INFO  server.RaftServerConfigKeys (ConfUtils.java:logGet(43)) - raft.server.snapshot.auto.trigger.enabled = true (custom)
2019-08-16 03:39:50,156 INFO  server.RaftServerConfigKeys (ConfUtils.java:logGet(43)) - raft.server.snapshot.auto.trigger.threshold = 10000 (custom)
2019-08-16 03:39:50,156 INFO  server.RaftServerConfigKeys (ConfUtils.java:logGet(43)) - raft.server.retrycache.expirytime = 600000ms (custom)
2019-08-16 03:39:50,156 INFO  impl.RaftServerImpl (RaftServerImpl.java:start(180)) - 62a246b0-b12b-47e6-89f6-78f18fa2a730: start group-D8D00006A63A
2019-08-16 03:39:50,157 INFO  impl.RaftServerImpl (RaftServerImpl.java:setRole(171)) - 62a246b0-b12b-47e6-89f6-78f18fa2a730:group-D8D00006A63A changes role from null to FOLLOWER at term 0 for startAsFollower
2019-08-16 03:39:50,157 INFO  impl.RoleInfo (RoleInfo.java:updateAndGet(143)) - 62a246b0-b12b-47e6-89f6-78f18fa2a730: start FollowerState
2019-08-16 03:39:50,157 INFO  util.JmxRegister (JmxRegister.java:tryRegister(44)) - Successfully registered JMX Bean with object name Ratis:service=RaftServer,group=group-D8D00006A63A,id=62a246b0-b12b-47e6-89f6-78f18fa2a730
2019-08-16 03:39:50,159 INFO  pipeline.PipelineStateManager (PipelineStateManager.java:addPipeline(56)) - Created pipeline Pipeline[ Id: 44ff2107-fc5f-4617-abc9-d8d00006a63a, Nodes: 62a246b0-b12b-47e6-89f6-78f18fa2a730{ip: 192.168.5.170, host: byscane-nightly-5jrvm-589107607, networkLocation: /default-rack, certSerialId: null}, Type:RATIS, Factor:ONE, State:OPEN]
2019-08-16 03:39:50,271 INFO  net.NetworkTopology (NetworkTopologyImpl.java:add(110)) - Added a new node: /default-rack/207cddf1-affb-491c-810b-b96ed76d0ea1
2019-08-16 03:39:50,272 INFO  node.SCMNodeManager (SCMNodeManager.java:register(273)) - Registered Data node : 207cddf1-affb-491c-810b-b96ed76d0ea1{ip: 192.168.5.170, host: byscane-nightly-5jrvm-589107607, networkLocation: /default-rack, certSerialId: null}
2019-08-16 03:39:50,278 INFO  impl.RaftServerProxy (RaftServerProxy.java:addNew(89)) - 207cddf1-affb-491c-810b-b96ed76d0ea1: addNew group-6B99101735D2:[207cddf1-affb-491c-810b-b96ed76d0ea1:192.168.5.170:37044] returns group-6B99101735D2:java.util.concurrent.CompletableFuture@30116ca1[Not completed]
2019-08-16 03:39:50,280 INFO  impl.RaftServerImpl (RaftServerImpl.java:<init>(93)) - 207cddf1-affb-491c-810b-b96ed76d0ea1: new RaftServerImpl for group-6B99101735D2:[207cddf1-affb-491c-810b-b96ed76d0ea1:192.168.5.170:37044] with ContainerStateMachine:uninitialized
2019-08-16 03:39:50,280 INFO  server.RaftServerConfigKeys (ConfUtils.java:logGet(43)) - raft.server.rpc.timeout.min = 5s (custom)
2019-08-16 03:39:50,280 INFO  server.RaftServerConfigKeys (ConfUtils.java:logGet(43)) - raft.server.rpc.timeout.max = 5200ms (custom)
2019-08-16 03:39:50,281 INFO  server.RaftServerConfigKeys (ConfUtils.java:logGet(43)) - raft.server.rpcslowness.timeout = 120s (custom)
2019-08-16 03:39:50,281 INFO  server.RaftServerConfigKeys (ConfUtils.java:logGet(43)) - raft.server.sleep.deviation.threshold = 300 (default)
2019-08-16 03:39:50,281 INFO  server.RaftServerConfigKeys (ConfUtils.java:logGet(43)) - raft.server.log.appender.install.snapshot.enabled = false (custom)
2019-08-16 03:39:50,281 INFO  impl.RaftServerImpl (ServerState.java:<init>(105)) - 207cddf1-affb-491c-810b-b96ed76d0ea1:group-6B99101735D2 ConfigurationManager, init=-1: [207cddf1-affb-491c-810b-b96ed76d0ea1:192.168.5.170:37044], old=null, confs=<EMPTY_MAP>
2019-08-16 03:39:50,281 INFO  server.RaftServerConfigKeys (ConfUtils.java:logGet(43)) - raft.server.storage.dir = [/workdir/hadoop-ozone/integration-test/target/test-dir/MiniOzoneClusterImpl-c675edf1-2c96-4517-9492-7066ed6a2cc9/datanode-5/data/ratis] (custom)
2019-08-16 03:39:50,282 INFO  storage.RaftStorageDirectory (RaftStorageDirectory.java:analyzeStorage(246)) - The storage directory /workdir/hadoop-ozone/integration-test/target/test-dir/MiniOzoneClusterImpl-c675edf1-2c96-4517-9492-7066ed6a2cc9/datanode-5/data/ratis/403403fb-3420-4128-b68f-6b99101735d2 does not exist. Creating ...
2019-08-16 03:39:50,307 INFO  storage.RaftStorageDirectory (RaftStorageDirectory.java:tryLock(328)) - Lock on /workdir/hadoop-ozone/integration-test/target/test-dir/MiniOzoneClusterImpl-c675edf1-2c96-4517-9492-7066ed6a2cc9/datanode-5/data/ratis/403403fb-3420-4128-b68f-6b99101735d2/in_use.lock acquired by nodename 29009@byscane-nightly-5jrvm-589107607
2019-08-16 03:39:50,320 INFO  storage.RaftStorage (RaftStorage.java:format(72)) - Storage directory /workdir/hadoop-ozone/integration-test/target/test-dir/MiniOzoneClusterImpl-c675edf1-2c96-4517-9492-7066ed6a2cc9/datanode-5/data/ratis/403403fb-3420-4128-b68f-6b99101735d2 has been successfully formatted.
2019-08-16 03:39:50,320 INFO  ratis.ContainerStateMachine (ContainerStateMachine.java:loadSnapshot(213)) - group-6B99101735D2: The snapshot info is null. Setting the last applied indexto:(t:0, i:~)
2019-08-16 03:39:50,320 INFO  server.RaftServerConfigKeys (ConfUtils.java:logGet(43)) - raft.server.leader.election.timeout = 120s (custom)
2019-08-16 03:39:50,320 INFO  server.RaftServerConfigKeys (ConfUtils.java:logGet(43)) - raft.server.log.use.memory = false (default)
2019-08-16 03:39:50,320 INFO  server.RaftServerConfigKeys (ConfUtils.java:logGet(43)) - raft.server.log.purge.gap = 1000000000 (custom)
2019-08-16 03:39:50,321 INFO  server.RaftServerConfigKeys (ConfUtils.java:logGet(43)) - raft.server.log.appender.buffer.byte-limit = 33554432 (custom)
2019-08-16 03:39:50,321 INFO  server.RaftServerConfigKeys (ConfUtils.java:logGet(43)) - raft.server.log.segment.size.max = 1048576 (custom)
2019-08-16 03:39:50,321 INFO  server.RaftServerConfigKeys (ConfUtils.java:logGet(43)) - raft.server.log.segment.cache.num.max = 2 (custom)
2019-08-16 03:39:50,321 INFO  segmented.SegmentedRaftLogWorker (SegmentedRaftLogWorker.java:<init>(172)) - new 207cddf1-affb-491c-810b-b96ed76d0ea1-SegmentedRaftLogWorker:Storage Directory /workdir/hadoop-ozone/integration-test/target/test-dir/MiniOzoneClusterImpl-c675edf1-2c96-4517-9492-7066ed6a2cc9/datanode-5/data/ratis/403403fb-3420-4128-b68f-6b99101735d2 for RaftStorage:Storage Directory /workdir/hadoop-ozone/integration-test/target/test-dir/MiniOzoneClusterImpl-c675edf1-2c96-4517-9492-7066ed6a2cc9/datanode-5/data/ratis/403403fb-3420-4128-b68f-6b99101735d2
2019-08-16 03:39:50,321 INFO  server.RaftServerConfigKeys (ConfUtils.java:logGet(43)) - raft.server.log.queue.byte-limit = 2147483647 (custom)
2019-08-16 03:39:50,322 INFO  server.RaftServerConfigKeys (ConfUtils.java:logGet(43)) - raft.server.log.queue.element-limit = 1024 (custom)
2019-08-16 03:39:50,322 INFO  server.RaftServerConfigKeys (ConfUtils.java:logGet(43)) - raft.server.log.segment.size.max = 1048576 (custom)
2019-08-16 03:39:50,322 INFO  server.RaftServerConfigKeys (ConfUtils.java:logGet(43)) - raft.server.log.preallocated.size = 16384 (custom)
2019-08-16 03:39:50,322 INFO  server.RaftServerConfigKeys (ConfUtils.java:logGet(43)) - raft.server.log.write.buffer.size = 33554432 (custom)
2019-08-16 03:39:50,322 INFO  server.RaftServerConfigKeys (ConfUtils.java:logGet(43)) - raft.server.log.force.sync.num = 128 (default)
2019-08-16 03:39:50,323 INFO  server.RaftServerConfigKeys (ConfUtils.java:logGet(43)) - raft.server.log.statemachine.data.sync = true (default)
2019-08-16 03:39:50,323 INFO  server.RaftServerConfigKeys (ConfUtils.java:logGet(43)) - raft.server.log.statemachine.data.sync.timeout = 10s (default)
2019-08-16 03:39:50,323 INFO  server.RaftServerConfigKeys (ConfUtils.java:logGet(43)) - raft.server.log.statemachine.data.sync.timeout.retry = -1 (default)
2019-08-16 03:39:50,323 INFO  server.RaftServerConfigKeys (ConfUtils.java:logGet(43)) - raft.server.log.statemachine.data.caching.enabled = true (custom)
2019-08-16 03:39:50,324 INFO  segmented.SegmentedRaftLogWorker (SegmentedRaftLogWorker.java:lambda$new$0(132)) - 207cddf1-affb-491c-810b-b96ed76d0ea1-SegmentedRaftLogWorker:Storage Directory /workdir/hadoop-ozone/integration-test/target/test-dir/MiniOzoneClusterImpl-c675edf1-2c96-4517-9492-7066ed6a2cc9/datanode-5/data/ratis/403403fb-3420-4128-b68f-6b99101735d2: flushIndex: setUnconditionally 0 -> -1
2019-08-16 03:39:50,324 INFO  server.RaftServerConfigKeys (ConfUtils.java:logGet(43)) - raft.server.snapshot.auto.trigger.enabled = true (custom)
2019-08-16 03:39:50,324 INFO  server.RaftServerConfigKeys (ConfUtils.java:logGet(43)) - raft.server.snapshot.auto.trigger.threshold = 10000 (custom)
2019-08-16 03:39:50,324 INFO  server.RaftServerConfigKeys (ConfUtils.java:logGet(43)) - raft.server.retrycache.expirytime = 600000ms (custom)
2019-08-16 03:39:50,325 INFO  impl.RaftServerImpl (RaftServerImpl.java:start(180)) - 207cddf1-affb-491c-810b-b96ed76d0ea1: start group-6B99101735D2
2019-08-16 03:39:50,325 INFO  impl.RaftServerImpl (RaftServerImpl.java:setRole(171)) - 207cddf1-affb-491c-810b-b96ed76d0ea1:group-6B99101735D2 changes role from null to FOLLOWER at term 0 for startAsFollower
2019-08-16 03:39:50,325 INFO  impl.RoleInfo (RoleInfo.java:updateAndGet(143)) - 207cddf1-affb-491c-810b-b96ed76d0ea1: start FollowerState
2019-08-16 03:39:50,326 INFO  util.JmxRegister (JmxRegister.java:tryRegister(44)) - Successfully registered JMX Bean with object name Ratis:service=RaftServer,group=group-6B99101735D2,id=207cddf1-affb-491c-810b-b96ed76d0ea1
2019-08-16 03:39:50,328 INFO  pipeline.PipelineStateManager (PipelineStateManager.java:addPipeline(56)) - Created pipeline Pipeline[ Id: 403403fb-3420-4128-b68f-6b99101735d2, Nodes: 207cddf1-affb-491c-810b-b96ed76d0ea1{ip: 192.168.5.170, host: byscane-nightly-5jrvm-589107607, networkLocation: /default-rack, certSerialId: null}, Type:RATIS, Factor:ONE, State:OPEN]
2019-08-16 03:39:50,339 INFO  impl.RaftServerProxy (RaftServerProxy.java:addNew(89)) - 207cddf1-affb-491c-810b-b96ed76d0ea1: addNew group-16E15EEDAABE:[032a946e-3254-4dd0-899d-9e9c8e0cef5c:192.168.5.170:42970, 207cddf1-affb-491c-810b-b96ed76d0ea1:192.168.5.170:37044, 62a246b0-b12b-47e6-89f6-78f18fa2a730:192.168.5.170:39593] returns group-16E15EEDAABE:java.util.concurrent.CompletableFuture@1185e62[Not completed]
2019-08-16 03:39:50,339 INFO  impl.RaftServerProxy (RaftServerProxy.java:addNew(89)) - 032a946e-3254-4dd0-899d-9e9c8e0cef5c: addNew group-16E15EEDAABE:[032a946e-3254-4dd0-899d-9e9c8e0cef5c:192.168.5.170:42970, 207cddf1-affb-491c-810b-b96ed76d0ea1:192.168.5.170:37044, 62a246b0-b12b-47e6-89f6-78f18fa2a730:192.168.5.170:39593] returns group-16E15EEDAABE:java.util.concurrent.CompletableFuture@5b953719[Not completed]
2019-08-16 03:39:50,339 INFO  impl.RaftServerProxy (RaftServerProxy.java:addNew(89)) - 62a246b0-b12b-47e6-89f6-78f18fa2a730: addNew group-16E15EEDAABE:[032a946e-3254-4dd0-899d-9e9c8e0cef5c:192.168.5.170:42970, 207cddf1-affb-491c-810b-b96ed76d0ea1:192.168.5.170:37044, 62a246b0-b12b-47e6-89f6-78f18fa2a730:192.168.5.170:39593] returns group-16E15EEDAABE:java.util.concurrent.CompletableFuture@14cda214[Not completed]
2019-08-16 03:39:50,340 INFO  impl.RaftServerImpl (RaftServerImpl.java:<init>(93)) - 207cddf1-affb-491c-810b-b96ed76d0ea1: new RaftServerImpl for group-16E15EEDAABE:[032a946e-3254-4dd0-899d-9e9c8e0cef5c:192.168.5.170:42970, 207cddf1-affb-491c-810b-b96ed76d0ea1:192.168.5.170:37044, 62a246b0-b12b-47e6-89f6-78f18fa2a730:192.168.5.170:39593] with ContainerStateMachine:uninitialized
2019-08-16 03:39:50,340 INFO  server.RaftServerConfigKeys (ConfUtils.java:logGet(43)) - raft.server.rpc.timeout.min = 5s (custom)
2019-08-16 03:39:50,341 INFO  server.RaftServerConfigKeys (ConfUtils.java:logGet(43)) - raft.server.rpc.timeout.max = 5200ms (custom)
2019-08-16 03:39:50,341 INFO  server.RaftServerConfigKeys (ConfUtils.java:logGet(43)) - raft.server.rpcslowness.timeout = 120s (custom)
2019-08-16 03:39:50,341 INFO  impl.RaftServerImpl (RaftServerImpl.java:<init>(93)) - 032a946e-3254-4dd0-899d-9e9c8e0cef5c: new RaftServerImpl for group-16E15EEDAABE:[032a946e-3254-4dd0-899d-9e9c8e0cef5c:192.168.5.170:42970, 207cddf1-affb-491c-810b-b96ed76d0ea1:192.168.5.170:37044, 62a246b0-b12b-47e6-89f6-78f18fa2a730:192.168.5.170:39593] with ContainerStateMachine:uninitialized
2019-08-16 03:39:50,341 INFO  server.RaftServerConfigKeys (ConfUtils.java:logGet(43)) - raft.server.sleep.deviation.threshold = 300 (default)
2019-08-16 03:39:50,341 INFO  server.RaftServerConfigKeys (ConfUtils.java:logGet(43)) - raft.server.rpc.timeout.min = 5s (custom)
2019-08-16 03:39:50,341 INFO  server.RaftServerConfigKeys (ConfUtils.java:logGet(43)) - raft.server.log.appender.install.snapshot.enabled = false (custom)
2019-08-16 03:39:50,341 INFO  server.RaftServerConfigKeys (ConfUtils.java:logGet(43)) - raft.server.rpc.timeout.max = 5200ms (custom)
2019-08-16 03:39:50,341 INFO  impl.RaftServerImpl (RaftServerImpl.java:<init>(93)) - 62a246b0-b12b-47e6-89f6-78f18fa2a730: new RaftServerImpl for group-16E15EEDAABE:[032a946e-3254-4dd0-899d-9e9c8e0cef5c:192.168.5.170:42970, 207cddf1-affb-491c-810b-b96ed76d0ea1:192.168.5.170:37044, 62a246b0-b12b-47e6-89f6-78f18fa2a730:192.168.5.170:39593] with ContainerStateMachine:uninitialized
2019-08-16 03:39:50,342 INFO  server.RaftServerConfigKeys (ConfUtils.java:logGet(43)) - raft.server.rpcslowness.timeout = 120s (custom)
2019-08-16 03:39:50,342 INFO  server.RaftServerConfigKeys (ConfUtils.java:logGet(43)) - raft.server.sleep.deviation.threshold = 300 (default)
2019-08-16 03:39:50,341 INFO  impl.RaftServerImpl (ServerState.java:<init>(105)) - 207cddf1-affb-491c-810b-b96ed76d0ea1:group-16E15EEDAABE ConfigurationManager, init=-1: [032a946e-3254-4dd0-899d-9e9c8e0cef5c:192.168.5.170:42970, 207cddf1-affb-491c-810b-b96ed76d0ea1:192.168.5.170:37044, 62a246b0-b12b-47e6-89f6-78f18fa2a730:192.168.5.170:39593], old=null, confs=<EMPTY_MAP>
2019-08-16 03:39:50,342 INFO  server.RaftServerConfigKeys (ConfUtils.java:logGet(43)) - raft.server.log.appender.install.snapshot.enabled = false (custom)
2019-08-16 03:39:50,342 INFO  server.RaftServerConfigKeys (ConfUtils.java:logGet(43)) - raft.server.rpc.timeout.min = 5s (custom)
2019-08-16 03:39:50,342 INFO  impl.RaftServerImpl (ServerState.java:<init>(105)) - 032a946e-3254-4dd0-899d-9e9c8e0cef5c:group-16E15EEDAABE ConfigurationManager, init=-1: [032a946e-3254-4dd0-899d-9e9c8e0cef5c:192.168.5.170:42970, 207cddf1-affb-491c-810b-b96ed76d0ea1:192.168.5.170:37044, 62a246b0-b12b-47e6-89f6-78f18fa2a730:192.168.5.170:39593], old=null, confs=<EMPTY_MAP>
2019-08-16 03:39:50,342 INFO  server.RaftServerConfigKeys (ConfUtils.java:logGet(43)) - raft.server.storage.dir = [/workdir/hadoop-ozone/integration-test/target/test-dir/MiniOzoneClusterImpl-c675edf1-2c96-4517-9492-7066ed6a2cc9/datanode-5/data/ratis] (custom)
2019-08-16 03:39:50,343 INFO  server.RaftServerConfigKeys (ConfUtils.java:logGet(43)) - raft.server.storage.dir = [/workdir/hadoop-ozone/integration-test/target/test-dir/MiniOzoneClusterImpl-c675edf1-2c96-4517-9492-7066ed6a2cc9/datanode-3/data/ratis] (custom)
2019-08-16 03:39:50,342 INFO  server.RaftServerConfigKeys (ConfUtils.java:logGet(43)) - raft.server.rpc.timeout.max = 5200ms (custom)
2019-08-16 03:39:50,343 INFO  storage.RaftStorageDirectory (RaftStorageDirectory.java:analyzeStorage(246)) - The storage directory /workdir/hadoop-ozone/integration-test/target/test-dir/MiniOzoneClusterImpl-c675edf1-2c96-4517-9492-7066ed6a2cc9/datanode-5/data/ratis/8c783608-cf75-42c8-97c4-16e15eedaabe does not exist. Creating ...
2019-08-16 03:39:50,343 INFO  storage.RaftStorageDirectory (RaftStorageDirectory.java:analyzeStorage(246)) - The storage directory /workdir/hadoop-ozone/integration-test/target/test-dir/MiniOzoneClusterImpl-c675edf1-2c96-4517-9492-7066ed6a2cc9/datanode-3/data/ratis/8c783608-cf75-42c8-97c4-16e15eedaabe does not exist. Creating ...
2019-08-16 03:39:50,343 INFO  server.RaftServerConfigKeys (ConfUtils.java:logGet(43)) - raft.server.rpcslowness.timeout = 120s (custom)
2019-08-16 03:39:50,343 INFO  server.RaftServerConfigKeys (ConfUtils.java:logGet(43)) - raft.server.sleep.deviation.threshold = 300 (default)
2019-08-16 03:39:50,344 INFO  server.RaftServerConfigKeys (ConfUtils.java:logGet(43)) - raft.server.log.appender.install.snapshot.enabled = false (custom)
2019-08-16 03:39:50,344 INFO  impl.RaftServerImpl (ServerState.java:<init>(105)) - 62a246b0-b12b-47e6-89f6-78f18fa2a730:group-16E15EEDAABE ConfigurationManager, init=-1: [032a946e-3254-4dd0-899d-9e9c8e0cef5c:192.168.5.170:42970, 207cddf1-affb-491c-810b-b96ed76d0ea1:192.168.5.170:37044, 62a246b0-b12b-47e6-89f6-78f18fa2a730:192.168.5.170:39593], old=null, confs=<EMPTY_MAP>
2019-08-16 03:39:50,344 INFO  server.RaftServerConfigKeys (ConfUtils.java:logGet(43)) - raft.server.storage.dir = [/workdir/hadoop-ozone/integration-test/target/test-dir/MiniOzoneClusterImpl-c675edf1-2c96-4517-9492-7066ed6a2cc9/datanode-4/data/ratis] (custom)
2019-08-16 03:39:50,344 INFO  storage.RaftStorageDirectory (RaftStorageDirectory.java:analyzeStorage(246)) - The storage directory /workdir/hadoop-ozone/integration-test/target/test-dir/MiniOzoneClusterImpl-c675edf1-2c96-4517-9492-7066ed6a2cc9/datanode-4/data/ratis/8c783608-cf75-42c8-97c4-16e15eedaabe does not exist. Creating ...
2019-08-16 03:39:50,368 INFO  storage.RaftStorageDirectory (RaftStorageDirectory.java:tryLock(328)) - Lock on /workdir/hadoop-ozone/integration-test/target/test-dir/MiniOzoneClusterImpl-c675edf1-2c96-4517-9492-7066ed6a2cc9/datanode-5/data/ratis/8c783608-cf75-42c8-97c4-16e15eedaabe/in_use.lock acquired by nodename 29009@byscane-nightly-5jrvm-589107607
2019-08-16 03:39:50,368 INFO  storage.RaftStorageDirectory (RaftStorageDirectory.java:tryLock(328)) - Lock on /workdir/hadoop-ozone/integration-test/target/test-dir/MiniOzoneClusterImpl-c675edf1-2c96-4517-9492-7066ed6a2cc9/datanode-4/data/ratis/8c783608-cf75-42c8-97c4-16e15eedaabe/in_use.lock acquired by nodename 29009@byscane-nightly-5jrvm-589107607
2019-08-16 03:39:50,368 INFO  storage.RaftStorageDirectory (RaftStorageDirectory.java:tryLock(328)) - Lock on /workdir/hadoop-ozone/integration-test/target/test-dir/MiniOzoneClusterImpl-c675edf1-2c96-4517-9492-7066ed6a2cc9/datanode-3/data/ratis/8c783608-cf75-42c8-97c4-16e15eedaabe/in_use.lock acquired by nodename 29009@byscane-nightly-5jrvm-589107607
2019-08-16 03:39:50,394 INFO  storage.RaftStorage (RaftStorage.java:format(72)) - Storage directory /workdir/hadoop-ozone/integration-test/target/test-dir/MiniOzoneClusterImpl-c675edf1-2c96-4517-9492-7066ed6a2cc9/datanode-4/data/ratis/8c783608-cf75-42c8-97c4-16e15eedaabe has been successfully formatted.
2019-08-16 03:39:50,394 INFO  storage.RaftStorage (RaftStorage.java:format(72)) - Storage directory /workdir/hadoop-ozone/integration-test/target/test-dir/MiniOzoneClusterImpl-c675edf1-2c96-4517-9492-7066ed6a2cc9/datanode-5/data/ratis/8c783608-cf75-42c8-97c4-16e15eedaabe has been successfully formatted.
2019-08-16 03:39:50,394 INFO  ratis.ContainerStateMachine (ContainerStateMachine.java:loadSnapshot(213)) - group-16E15EEDAABE: The snapshot info is null. Setting the last applied indexto:(t:0, i:~)
2019-08-16 03:39:50,394 INFO  ratis.ContainerStateMachine (ContainerStateMachine.java:loadSnapshot(213)) - group-16E15EEDAABE: The snapshot info is null. Setting the last applied indexto:(t:0, i:~)
2019-08-16 03:39:50,394 INFO  storage.RaftStorage (RaftStorage.java:format(72)) - Storage directory /workdir/hadoop-ozone/integration-test/target/test-dir/MiniOzoneClusterImpl-c675edf1-2c96-4517-9492-7066ed6a2cc9/datanode-3/data/ratis/8c783608-cf75-42c8-97c4-16e15eedaabe has been successfully formatted.
2019-08-16 03:39:50,394 INFO  server.RaftServerConfigKeys (ConfUtils.java:logGet(43)) - raft.server.leader.election.timeout = 120s (custom)
2019-08-16 03:39:50,394 INFO  server.RaftServerConfigKeys (ConfUtils.java:logGet(43)) - raft.server.leader.election.timeout = 120s (custom)
2019-08-16 03:39:50,395 INFO  server.RaftServerConfigKeys (ConfUtils.java:logGet(43)) - raft.server.log.use.memory = false (default)
2019-08-16 03:39:50,395 INFO  ratis.ContainerStateMachine (ContainerStateMachine.java:loadSnapshot(213)) - group-16E15EEDAABE: The snapshot info is null. Setting the last applied indexto:(t:0, i:~)
2019-08-16 03:39:50,395 INFO  server.RaftServerConfigKeys (ConfUtils.java:logGet(43)) - raft.server.log.purge.gap = 1000000000 (custom)
2019-08-16 03:39:50,395 INFO  server.RaftServerConfigKeys (ConfUtils.java:logGet(43)) - raft.server.log.use.memory = false (default)
2019-08-16 03:39:50,395 INFO  server.RaftServerConfigKeys (ConfUtils.java:logGet(43)) - raft.server.log.appender.buffer.byte-limit = 33554432 (custom)
2019-08-16 03:39:50,395 INFO  server.RaftServerConfigKeys (ConfUtils.java:logGet(43)) - raft.server.leader.election.timeout = 120s (custom)
2019-08-16 03:39:50,396 INFO  server.RaftServerConfigKeys (ConfUtils.java:logGet(43)) - raft.server.log.segment.size.max = 1048576 (custom)
2019-08-16 03:39:50,395 INFO  server.RaftServerConfigKeys (ConfUtils.java:logGet(43)) - raft.server.log.purge.gap = 1000000000 (custom)
2019-08-16 03:39:50,396 INFO  server.RaftServerConfigKeys (ConfUtils.java:logGet(43)) - raft.server.log.segment.cache.num.max = 2 (custom)
2019-08-16 03:39:50,396 INFO  server.RaftServerConfigKeys (ConfUtils.java:logGet(43)) - raft.server.log.use.memory = false (default)
2019-08-16 03:39:50,396 INFO  segmented.SegmentedRaftLogWorker (SegmentedRaftLogWorker.java:<init>(172)) - new 207cddf1-affb-491c-810b-b96ed76d0ea1-SegmentedRaftLogWorker:Storage Directory /workdir/hadoop-ozone/integration-test/target/test-dir/MiniOzoneClusterImpl-c675edf1-2c96-4517-9492-7066ed6a2cc9/datanode-5/data/ratis/8c783608-cf75-42c8-97c4-16e15eedaabe for RaftStorage:Storage Directory /workdir/hadoop-ozone/integration-test/target/test-dir/MiniOzoneClusterImpl-c675edf1-2c96-4517-9492-7066ed6a2cc9/datanode-5/data/ratis/8c783608-cf75-42c8-97c4-16e15eedaabe
2019-08-16 03:39:50,396 INFO  server.RaftServerConfigKeys (ConfUtils.java:logGet(43)) - raft.server.log.appender.buffer.byte-limit = 33554432 (custom)
2019-08-16 03:39:50,397 INFO  server.RaftServerConfigKeys (ConfUtils.java:logGet(43)) - raft.server.log.queue.byte-limit = 2147483647 (custom)
2019-08-16 03:39:50,397 INFO  server.RaftServerConfigKeys (ConfUtils.java:logGet(43)) - raft.server.log.queue.element-limit = 1024 (custom)
2019-08-16 03:39:50,396 INFO  server.RaftServerConfigKeys (ConfUtils.java:logGet(43)) - raft.server.log.purge.gap = 1000000000 (custom)
2019-08-16 03:39:50,397 INFO  server.RaftServerConfigKeys (ConfUtils.java:logGet(43)) - raft.server.log.segment.size.max = 1048576 (custom)
2019-08-16 03:39:50,397 INFO  server.RaftServerConfigKeys (ConfUtils.java:logGet(43)) - raft.server.log.segment.size.max = 1048576 (custom)
2019-08-16 03:39:50,397 INFO  server.RaftServerConfigKeys (ConfUtils.java:logGet(43)) - raft.server.log.preallocated.size = 16384 (custom)
2019-08-16 03:39:50,397 INFO  server.RaftServerConfigKeys (ConfUtils.java:logGet(43)) - raft.server.log.appender.buffer.byte-limit = 33554432 (custom)
2019-08-16 03:39:50,398 INFO  server.RaftServerConfigKeys (ConfUtils.java:logGet(43)) - raft.server.log.write.buffer.size = 33554432 (custom)
2019-08-16 03:39:50,398 INFO  server.RaftServerConfigKeys (ConfUtils.java:logGet(43)) - raft.server.log.force.sync.num = 128 (default)
2019-08-16 03:39:50,398 INFO  server.RaftServerConfigKeys (ConfUtils.java:logGet(43)) - raft.server.log.segment.cache.num.max = 2 (custom)
2019-08-16 03:39:50,398 INFO  server.RaftServerConfigKeys (ConfUtils.java:logGet(43)) - raft.server.log.statemachine.data.sync = true (default)
2019-08-16 03:39:50,398 INFO  server.RaftServerConfigKeys (ConfUtils.java:logGet(43)) - raft.server.log.segment.size.max = 1048576 (custom)
2019-08-16 03:39:50,399 INFO  server.RaftServerConfigKeys (ConfUtils.java:logGet(43)) - raft.server.log.statemachine.data.sync.timeout = 10s (default)
2019-08-16 03:39:50,399 INFO  server.RaftServerConfigKeys (ConfUtils.java:logGet(43)) - raft.server.log.statemachine.data.sync.timeout.retry = -1 (default)
2019-08-16 03:39:50,399 INFO  segmented.SegmentedRaftLogWorker (SegmentedRaftLogWorker.java:<init>(172)) - new 62a246b0-b12b-47e6-89f6-78f18fa2a730-SegmentedRaftLogWorker:Storage Directory /workdir/hadoop-ozone/integration-test/target/test-dir/MiniOzoneClusterImpl-c675edf1-2c96-4517-9492-7066ed6a2cc9/datanode-4/data/ratis/8c783608-cf75-42c8-97c4-16e15eedaabe for RaftStorage:Storage Directory /workdir/hadoop-ozone/integration-test/target/test-dir/MiniOzoneClusterImpl-c675edf1-2c96-4517-9492-7066ed6a2cc9/datanode-4/data/ratis/8c783608-cf75-42c8-97c4-16e15eedaabe
2019-08-16 03:39:50,399 INFO  server.RaftServerConfigKeys (ConfUtils.java:logGet(43)) - raft.server.log.statemachine.data.caching.enabled = true (custom)
2019-08-16 03:39:50,399 INFO  server.RaftServerConfigKeys (ConfUtils.java:logGet(43)) - raft.server.log.segment.cache.num.max = 2 (custom)
2019-08-16 03:39:50,399 INFO  server.RaftServerConfigKeys (ConfUtils.java:logGet(43)) - raft.server.log.queue.byte-limit = 2147483647 (custom)
2019-08-16 03:39:50,400 INFO  segmented.SegmentedRaftLogWorker (SegmentedRaftLogWorker.java:lambda$new$0(132)) - 207cddf1-affb-491c-810b-b96ed76d0ea1-SegmentedRaftLogWorker:Storage Directory /workdir/hadoop-ozone/integration-test/target/test-dir/MiniOzoneClusterImpl-c675edf1-2c96-4517-9492-7066ed6a2cc9/datanode-5/data/ratis/8c783608-cf75-42c8-97c4-16e15eedaabe: flushIndex: setUnconditionally 0 -> -1
2019-08-16 03:39:50,400 INFO  segmented.SegmentedRaftLogWorker (SegmentedRaftLogWorker.java:<init>(172)) - new 032a946e-3254-4dd0-899d-9e9c8e0cef5c-SegmentedRaftLogWorker:Storage Directory /workdir/hadoop-ozone/integration-test/target/test-dir/MiniOzoneClusterImpl-c675edf1-2c96-4517-9492-7066ed6a2cc9/datanode-3/data/ratis/8c783608-cf75-42c8-97c4-16e15eedaabe for RaftStorage:Storage Directory /workdir/hadoop-ozone/integration-test/target/test-dir/MiniOzoneClusterImpl-c675edf1-2c96-4517-9492-7066ed6a2cc9/datanode-3/data/ratis/8c783608-cf75-42c8-97c4-16e15eedaabe
2019-08-16 03:39:50,400 INFO  server.RaftServerConfigKeys (ConfUtils.java:logGet(43)) - raft.server.log.queue.element-limit = 1024 (custom)
2019-08-16 03:39:50,400 INFO  server.RaftServerConfigKeys (ConfUtils.java:logGet(43)) - raft.server.snapshot.auto.trigger.enabled = true (custom)
2019-08-16 03:39:50,400 INFO  server.RaftServerConfigKeys (ConfUtils.java:logGet(43)) - raft.server.log.queue.byte-limit = 2147483647 (custom)
2019-08-16 03:39:50,401 INFO  server.RaftServerConfigKeys (ConfUtils.java:logGet(43)) - raft.server.snapshot.auto.trigger.threshold = 10000 (custom)
2019-08-16 03:39:50,400 INFO  server.RaftServerConfigKeys (ConfUtils.java:logGet(43)) - raft.server.log.segment.size.max = 1048576 (custom)
2019-08-16 03:39:50,401 INFO  server.RaftServerConfigKeys (ConfUtils.java:logGet(43)) - raft.server.retrycache.expirytime = 600000ms (custom)
2019-08-16 03:39:50,401 INFO  server.RaftServerConfigKeys (ConfUtils.java:logGet(43)) - raft.server.log.queue.element-limit = 1024 (custom)
2019-08-16 03:39:50,401 INFO  impl.RaftServerImpl (RaftServerImpl.java:start(180)) - 207cddf1-affb-491c-810b-b96ed76d0ea1: start group-16E15EEDAABE
2019-08-16 03:39:50,401 INFO  server.RaftServerConfigKeys (ConfUtils.java:logGet(43)) - raft.server.log.preallocated.size = 16384 (custom)
2019-08-16 03:39:50,402 INFO  impl.RaftServerImpl (RaftServerImpl.java:setRole(171)) - 207cddf1-affb-491c-810b-b96ed76d0ea1:group-16E15EEDAABE changes role from null to FOLLOWER at term 0 for startAsFollower
2019-08-16 03:39:50,401 INFO  server.RaftServerConfigKeys (ConfUtils.java:logGet(43)) - raft.server.log.segment.size.max = 1048576 (custom)
2019-08-16 03:39:50,402 INFO  impl.RoleInfo (RoleInfo.java:updateAndGet(143)) - 207cddf1-affb-491c-810b-b96ed76d0ea1: start FollowerState
2019-08-16 03:39:50,402 INFO  server.RaftServerConfigKeys (ConfUtils.java:logGet(43)) - raft.server.log.write.buffer.size = 33554432 (custom)
2019-08-16 03:39:50,402 INFO  server.RaftServerConfigKeys (ConfUtils.java:logGet(43)) - raft.server.log.force.sync.num = 128 (default)
2019-08-16 03:39:50,402 INFO  server.RaftServerConfigKeys (ConfUtils.java:logGet(43)) - raft.server.log.preallocated.size = 16384 (custom)
2019-08-16 03:39:50,403 INFO  server.RaftServerConfigKeys (ConfUtils.java:logGet(43)) - raft.server.log.statemachine.data.sync = true (default)
2019-08-16 03:39:50,403 INFO  util.JmxRegister (JmxRegister.java:tryRegister(44)) - Successfully registered JMX Bean with object name Ratis:service=RaftServer,group=group-16E15EEDAABE,id=207cddf1-affb-491c-810b-b96ed76d0ea1
2019-08-16 03:39:50,403 INFO  server.RaftServerConfigKeys (ConfUtils.java:logGet(43)) - raft.server.log.statemachine.data.sync.timeout = 10s (default)
2019-08-16 03:39:50,403 INFO  server.RaftServerConfigKeys (ConfUtils.java:logGet(43)) - raft.server.log.write.buffer.size = 33554432 (custom)
2019-08-16 03:39:50,403 INFO  server.RaftServerConfigKeys (ConfUtils.java:logGet(43)) - raft.server.log.statemachine.data.sync.timeout.retry = -1 (default)
2019-08-16 03:39:50,403 INFO  server.RaftServerConfigKeys (ConfUtils.java:logGet(43)) - raft.server.log.force.sync.num = 128 (default)
2019-08-16 03:39:50,404 INFO  server.RaftServerConfigKeys (ConfUtils.java:logGet(43)) - raft.server.log.statemachine.data.caching.enabled = true (custom)
2019-08-16 03:39:50,404 INFO  server.RaftServerConfigKeys (ConfUtils.java:logGet(43)) - raft.server.log.statemachine.data.sync = true (default)
2019-08-16 03:39:50,404 INFO  server.RaftServerConfigKeys (ConfUtils.java:logGet(43)) - raft.server.log.statemachine.data.sync.timeout = 10s (default)
2019-08-16 03:39:50,404 INFO  server.RaftServerConfigKeys (ConfUtils.java:logGet(43)) - raft.server.log.statemachine.data.sync.timeout.retry = -1 (default)
2019-08-16 03:39:50,404 INFO  server.RaftServerConfigKeys (ConfUtils.java:logGet(43)) - raft.server.log.statemachine.data.caching.enabled = true (custom)
2019-08-16 03:39:50,405 INFO  segmented.SegmentedRaftLogWorker (SegmentedRaftLogWorker.java:lambda$new$0(132)) - 032a946e-3254-4dd0-899d-9e9c8e0cef5c-SegmentedRaftLogWorker:Storage Directory /workdir/hadoop-ozone/integration-test/target/test-dir/MiniOzoneClusterImpl-c675edf1-2c96-4517-9492-7066ed6a2cc9/datanode-3/data/ratis/8c783608-cf75-42c8-97c4-16e15eedaabe: flushIndex: setUnconditionally 0 -> -1
2019-08-16 03:39:50,405 INFO  segmented.SegmentedRaftLogWorker (SegmentedRaftLogWorker.java:lambda$new$0(132)) - 62a246b0-b12b-47e6-89f6-78f18fa2a730-SegmentedRaftLogWorker:Storage Directory /workdir/hadoop-ozone/integration-test/target/test-dir/MiniOzoneClusterImpl-c675edf1-2c96-4517-9492-7066ed6a2cc9/datanode-4/data/ratis/8c783608-cf75-42c8-97c4-16e15eedaabe: flushIndex: setUnconditionally 0 -> -1
2019-08-16 03:39:50,405 INFO  server.RaftServerConfigKeys (ConfUtils.java:logGet(43)) - raft.server.snapshot.auto.trigger.enabled = true (custom)
2019-08-16 03:39:50,405 INFO  server.RaftServerConfigKeys (ConfUtils.java:logGet(43)) - raft.server.snapshot.auto.trigger.enabled = true (custom)
2019-08-16 03:39:50,405 INFO  server.RaftServerConfigKeys (ConfUtils.java:logGet(43)) - raft.server.snapshot.auto.trigger.threshold = 10000 (custom)
2019-08-16 03:39:50,406 INFO  server.RaftServerConfigKeys (ConfUtils.java:logGet(43)) - raft.server.snapshot.auto.trigger.threshold = 10000 (custom)
2019-08-16 03:39:50,406 INFO  server.RaftServerConfigKeys (ConfUtils.java:logGet(43)) - raft.server.retrycache.expirytime = 600000ms (custom)
2019-08-16 03:39:50,406 INFO  server.RaftServerConfigKeys (ConfUtils.java:logGet(43)) - raft.server.retrycache.expirytime = 600000ms (custom)
2019-08-16 03:39:50,406 INFO  impl.RaftServerImpl (RaftServerImpl.java:start(180)) - 032a946e-3254-4dd0-899d-9e9c8e0cef5c: start group-16E15EEDAABE
2019-08-16 03:39:50,406 INFO  impl.RaftServerImpl (RaftServerImpl.java:start(180)) - 62a246b0-b12b-47e6-89f6-78f18fa2a730: start group-16E15EEDAABE
2019-08-16 03:39:50,406 INFO  impl.RaftServerImpl (RaftServerImpl.java:setRole(171)) - 032a946e-3254-4dd0-899d-9e9c8e0cef5c:group-16E15EEDAABE changes role from null to FOLLOWER at term 0 for startAsFollower
2019-08-16 03:39:50,406 INFO  impl.RaftServerImpl (RaftServerImpl.java:setRole(171)) - 62a246b0-b12b-47e6-89f6-78f18fa2a730:group-16E15EEDAABE changes role from null to FOLLOWER at term 0 for startAsFollower
2019-08-16 03:39:50,407 INFO  impl.RoleInfo (RoleInfo.java:updateAndGet(143)) - 032a946e-3254-4dd0-899d-9e9c8e0cef5c: start FollowerState
2019-08-16 03:39:50,407 INFO  impl.RoleInfo (RoleInfo.java:updateAndGet(143)) - 62a246b0-b12b-47e6-89f6-78f18fa2a730: start FollowerState
2019-08-16 03:39:50,407 INFO  util.JmxRegister (JmxRegister.java:tryRegister(44)) - Successfully registered JMX Bean with object name Ratis:service=RaftServer,group=group-16E15EEDAABE,id=032a946e-3254-4dd0-899d-9e9c8e0cef5c
2019-08-16 03:39:50,407 INFO  util.JmxRegister (JmxRegister.java:tryRegister(44)) - Successfully registered JMX Bean with object name Ratis:service=RaftServer,group=group-16E15EEDAABE,id=62a246b0-b12b-47e6-89f6-78f18fa2a730
2019-08-16 03:39:50,410 INFO  pipeline.PipelineStateManager (PipelineStateManager.java:addPipeline(56)) - Created pipeline Pipeline[ Id: 8c783608-cf75-42c8-97c4-16e15eedaabe, Nodes: 032a946e-3254-4dd0-899d-9e9c8e0cef5c{ip: 192.168.5.170, host: byscane-nightly-5jrvm-589107607, networkLocation: /default-rack, certSerialId: null}207cddf1-affb-491c-810b-b96ed76d0ea1{ip: 192.168.5.170, host: byscane-nightly-5jrvm-589107607, networkLocation: /default-rack, certSerialId: null}62a246b0-b12b-47e6-89f6-78f18fa2a730{ip: 192.168.5.170, host: byscane-nightly-5jrvm-589107607, networkLocation: /default-rack, certSerialId: null}, Type:RATIS, Factor:THREE, State:OPEN]
2019-08-16 03:39:50,442 INFO  ozone.MiniOzoneClusterImpl (MiniOzoneClusterImpl.java:lambda$waitForClusterToBeReady$0(142)) - Waiting for cluster to be ready. Got 6 of 7 DN Heartbeats.
2019-08-16 03:39:50,445 INFO  net.NetworkTopology (NetworkTopologyImpl.java:add(110)) - Added a new node: /default-rack/a0357edf-73b1-4813-81b0-6a94f85fb2f8
2019-08-16 03:39:50,445 INFO  node.SCMNodeManager (SCMNodeManager.java:register(273)) - Registered Data node : a0357edf-73b1-4813-81b0-6a94f85fb2f8{ip: 192.168.5.170, host: byscane-nightly-5jrvm-589107607, networkLocation: /default-rack, certSerialId: null}
2019-08-16 03:39:50,458 INFO  impl.RaftServerProxy (RaftServerProxy.java:addNew(89)) - a0357edf-73b1-4813-81b0-6a94f85fb2f8: addNew group-8859E68ADC18:[a0357edf-73b1-4813-81b0-6a94f85fb2f8:192.168.5.170:35863] returns group-8859E68ADC18:java.util.concurrent.CompletableFuture@536e6cb9[Not completed]
2019-08-16 03:39:50,460 INFO  impl.RaftServerImpl (RaftServerImpl.java:<init>(93)) - a0357edf-73b1-4813-81b0-6a94f85fb2f8: new RaftServerImpl for group-8859E68ADC18:[a0357edf-73b1-4813-81b0-6a94f85fb2f8:192.168.5.170:35863] with ContainerStateMachine:uninitialized
2019-08-16 03:39:50,461 INFO  server.RaftServerConfigKeys (ConfUtils.java:logGet(43)) - raft.server.rpc.timeout.min = 5s (custom)
2019-08-16 03:39:50,461 INFO  server.RaftServerConfigKeys (ConfUtils.java:logGet(43)) - raft.server.rpc.timeout.max = 5200ms (custom)
2019-08-16 03:39:50,461 INFO  server.RaftServerConfigKeys (ConfUtils.java:logGet(43)) - raft.server.rpcslowness.timeout = 120s (custom)
2019-08-16 03:39:50,461 INFO  server.RaftServerConfigKeys (ConfUtils.java:logGet(43)) - raft.server.sleep.deviation.threshold = 300 (default)
2019-08-16 03:39:50,461 INFO  server.RaftServerConfigKeys (ConfUtils.java:logGet(43)) - raft.server.log.appender.install.snapshot.enabled = false (custom)
2019-08-16 03:39:50,461 INFO  impl.RaftServerImpl (ServerState.java:<init>(105)) - a0357edf-73b1-4813-81b0-6a94f85fb2f8:group-8859E68ADC18 ConfigurationManager, init=-1: [a0357edf-73b1-4813-81b0-6a94f85fb2f8:192.168.5.170:35863], old=null, confs=<EMPTY_MAP>
2019-08-16 03:39:50,462 INFO  server.RaftServerConfigKeys (ConfUtils.java:logGet(43)) - raft.server.storage.dir = [/workdir/hadoop-ozone/integration-test/target/test-dir/MiniOzoneClusterImpl-c675edf1-2c96-4517-9492-7066ed6a2cc9/datanode-6/data/ratis] (custom)
2019-08-16 03:39:50,462 INFO  storage.RaftStorageDirectory (RaftStorageDirectory.java:analyzeStorage(246)) - The storage directory /workdir/hadoop-ozone/integration-test/target/test-dir/MiniOzoneClusterImpl-c675edf1-2c96-4517-9492-7066ed6a2cc9/datanode-6/data/ratis/58e04812-7a29-4a94-9f88-8859e68adc18 does not exist. Creating ...
2019-08-16 03:39:50,488 INFO  storage.RaftStorageDirectory (RaftStorageDirectory.java:tryLock(328)) - Lock on /workdir/hadoop-ozone/integration-test/target/test-dir/MiniOzoneClusterImpl-c675edf1-2c96-4517-9492-7066ed6a2cc9/datanode-6/data/ratis/58e04812-7a29-4a94-9f88-8859e68adc18/in_use.lock acquired by nodename 29009@byscane-nightly-5jrvm-589107607
2019-08-16 03:39:50,501 INFO  storage.RaftStorage (RaftStorage.java:format(72)) - Storage directory /workdir/hadoop-ozone/integration-test/target/test-dir/MiniOzoneClusterImpl-c675edf1-2c96-4517-9492-7066ed6a2cc9/datanode-6/data/ratis/58e04812-7a29-4a94-9f88-8859e68adc18 has been successfully formatted.
2019-08-16 03:39:50,501 INFO  ratis.ContainerStateMachine (ContainerStateMachine.java:loadSnapshot(213)) - group-8859E68ADC18: The snapshot info is null. Setting the last applied indexto:(t:0, i:~)
2019-08-16 03:39:50,501 INFO  server.RaftServerConfigKeys (ConfUtils.java:logGet(43)) - raft.server.leader.election.timeout = 120s (custom)
2019-08-16 03:39:50,501 INFO  server.RaftServerConfigKeys (ConfUtils.java:logGet(43)) - raft.server.log.use.memory = false (default)
2019-08-16 03:39:50,502 INFO  server.RaftServerConfigKeys (ConfUtils.java:logGet(43)) - raft.server.log.purge.gap = 1000000000 (custom)
2019-08-16 03:39:50,502 INFO  server.RaftServerConfigKeys (ConfUtils.java:logGet(43)) - raft.server.log.appender.buffer.byte-limit = 33554432 (custom)
2019-08-16 03:39:50,502 INFO  server.RaftServerConfigKeys (ConfUtils.java:logGet(43)) - raft.server.log.segment.size.max = 1048576 (custom)
2019-08-16 03:39:50,502 INFO  server.RaftServerConfigKeys (ConfUtils.java:logGet(43)) - raft.server.log.segment.cache.num.max = 2 (custom)
2019-08-16 03:39:50,502 INFO  segmented.SegmentedRaftLogWorker (SegmentedRaftLogWorker.java:<init>(172)) - new a0357edf-73b1-4813-81b0-6a94f85fb2f8-SegmentedRaftLogWorker:Storage Directory /workdir/hadoop-ozone/integration-test/target/test-dir/MiniOzoneClusterImpl-c675edf1-2c96-4517-9492-7066ed6a2cc9/datanode-6/data/ratis/58e04812-7a29-4a94-9f88-8859e68adc18 for RaftStorage:Storage Directory /workdir/hadoop-ozone/integration-test/target/test-dir/MiniOzoneClusterImpl-c675edf1-2c96-4517-9492-7066ed6a2cc9/datanode-6/data/ratis/58e04812-7a29-4a94-9f88-8859e68adc18
2019-08-16 03:39:50,503 INFO  server.RaftServerConfigKeys (ConfUtils.java:logGet(43)) - raft.server.log.queue.byte-limit = 2147483647 (custom)
2019-08-16 03:39:50,503 INFO  server.RaftServerConfigKeys (ConfUtils.java:logGet(43)) - raft.server.log.queue.element-limit = 1024 (custom)
2019-08-16 03:39:50,503 INFO  server.RaftServerConfigKeys (ConfUtils.java:logGet(43)) - raft.server.log.segment.size.max = 1048576 (custom)
2019-08-16 03:39:50,503 INFO  server.RaftServerConfigKeys (ConfUtils.java:logGet(43)) - raft.server.log.preallocated.size = 16384 (custom)
2019-08-16 03:39:50,503 INFO  server.RaftServerConfigKeys (ConfUtils.java:logGet(43)) - raft.server.log.write.buffer.size = 33554432 (custom)
2019-08-16 03:39:50,504 INFO  server.RaftServerConfigKeys (ConfUtils.java:logGet(43)) - raft.server.log.force.sync.num = 128 (default)
2019-08-16 03:39:50,504 INFO  server.RaftServerConfigKeys (ConfUtils.java:logGet(43)) - raft.server.log.statemachine.data.sync = true (default)
2019-08-16 03:39:50,504 INFO  server.RaftServerConfigKeys (ConfUtils.java:logGet(43)) - raft.server.log.statemachine.data.sync.timeout = 10s (default)
2019-08-16 03:39:50,504 INFO  server.RaftServerConfigKeys (ConfUtils.java:logGet(43)) - raft.server.log.statemachine.data.sync.timeout.retry = -1 (default)
2019-08-16 03:39:50,505 INFO  server.RaftServerConfigKeys (ConfUtils.java:logGet(43)) - raft.server.log.statemachine.data.caching.enabled = true (custom)
2019-08-16 03:39:50,505 INFO  segmented.SegmentedRaftLogWorker (SegmentedRaftLogWorker.java:lambda$new$0(132)) - a0357edf-73b1-4813-81b0-6a94f85fb2f8-SegmentedRaftLogWorker:Storage Directory /workdir/hadoop-ozone/integration-test/target/test-dir/MiniOzoneClusterImpl-c675edf1-2c96-4517-9492-7066ed6a2cc9/datanode-6/data/ratis/58e04812-7a29-4a94-9f88-8859e68adc18: flushIndex: setUnconditionally 0 -> -1
2019-08-16 03:39:50,506 INFO  server.RaftServerConfigKeys (ConfUtils.java:logGet(43)) - raft.server.snapshot.auto.trigger.enabled = true (custom)
2019-08-16 03:39:50,506 INFO  server.RaftServerConfigKeys (ConfUtils.java:logGet(43)) - raft.server.snapshot.auto.trigger.threshold = 10000 (custom)
2019-08-16 03:39:50,506 INFO  server.RaftServerConfigKeys (ConfUtils.java:logGet(43)) - raft.server.retrycache.expirytime = 600000ms (custom)
2019-08-16 03:39:50,506 INFO  impl.RaftServerImpl (RaftServerImpl.java:start(180)) - a0357edf-73b1-4813-81b0-6a94f85fb2f8: start group-8859E68ADC18
2019-08-16 03:39:50,507 INFO  impl.RaftServerImpl (RaftServerImpl.java:setRole(171)) - a0357edf-73b1-4813-81b0-6a94f85fb2f8:group-8859E68ADC18 changes role from null to FOLLOWER at term 0 for startAsFollower
2019-08-16 03:39:50,507 INFO  impl.RoleInfo (RoleInfo.java:updateAndGet(143)) - a0357edf-73b1-4813-81b0-6a94f85fb2f8: start FollowerState
2019-08-16 03:39:50,507 INFO  util.JmxRegister (JmxRegister.java:tryRegister(44)) - Successfully registered JMX Bean with object name Ratis:service=RaftServer,group=group-8859E68ADC18,id=a0357edf-73b1-4813-81b0-6a94f85fb2f8
2019-08-16 03:39:50,511 INFO  pipeline.PipelineStateManager (PipelineStateManager.java:addPipeline(56)) - Created pipeline Pipeline[ Id: 58e04812-7a29-4a94-9f88-8859e68adc18, Nodes: a0357edf-73b1-4813-81b0-6a94f85fb2f8{ip: 192.168.5.170, host: byscane-nightly-5jrvm-589107607, networkLocation: /default-rack, certSerialId: null}, Type:RATIS, Factor:ONE, State:OPEN]
2019-08-16 03:39:51,443 INFO  ozone.MiniOzoneClusterImpl (MiniOzoneClusterImpl.java:lambda$waitForClusterToBeReady$0(142)) - Cluster is ready. Got 7 of 7 DN Heartbeats.
2019-08-16 03:39:51,481 INFO  rpc.RpcClient (RpcClient.java:createVolume(288)) - Creating Volume: testblockoutputstream, with jenkins1000 as owner.
2019-08-16 03:39:51,496 INFO  rpc.RpcClient (RpcClient.java:createBucket(425)) - Creating Bucket: testblockoutputstream/testblockoutputstream, with Versioning false and Storage Type set to DISK and Encryption set to false 
2019-08-16 03:39:51,527 INFO  client.GrpcClientProtocolClient (GrpcClientProtocolClient.java:onNext(255)) - client-50B0E7BD995A->c849b413-d177-4dae-9cd9-400b5add377a: receive RaftClientReply:client-50B0E7BD995A->c849b413-d177-4dae-9cd9-400b5add377a@group-52EAC70CBEE3, cid=163, FAILED org.apache.ratis.protocol.NotLeaderException: Server c849b413-d177-4dae-9cd9-400b5add377a is not the leader (null). Request must be sent to leader., logIndex=0, commits[c849b413-d177-4dae-9cd9-400b5add377a:c-1]
2019-08-16 03:39:52,085 INFO  container.ReplicationManager (ReplicationManager.java:start(152)) - Starting Replication Monitor Thread.
2019-08-16 03:39:52,088 INFO  container.ReplicationManager (ReplicationManager.java:run(215)) - Replication Monitor Thread took 0 milliseconds for processing 1 containers.
2019-08-16 03:39:52,542 INFO  client.GrpcClientProtocolClient (GrpcClientProtocolClient.java:onNext(255)) - client-50B0E7BD995A->0d6a3bb5-5c5f-4efb-8f32-c0c6b563cde1: receive RaftClientReply:client-50B0E7BD995A->0d6a3bb5-5c5f-4efb-8f32-c0c6b563cde1@group-52EAC70CBEE3, cid=163, FAILED org.apache.ratis.protocol.NotLeaderException: Server 0d6a3bb5-5c5f-4efb-8f32-c0c6b563cde1 is not the leader (null). Request must be sent to leader., logIndex=0, commits[0d6a3bb5-5c5f-4efb-8f32-c0c6b563cde1:c-1]
2019-08-16 03:39:53,552 INFO  client.GrpcClientProtocolClient (GrpcClientProtocolClient.java:onNext(255)) - client-50B0E7BD995A->c849b413-d177-4dae-9cd9-400b5add377a: receive RaftClientReply:client-50B0E7BD995A->c849b413-d177-4dae-9cd9-400b5add377a@group-52EAC70CBEE3, cid=163, FAILED org.apache.ratis.protocol.NotLeaderException: Server c849b413-d177-4dae-9cd9-400b5add377a is not the leader (null). Request must be sent to leader., logIndex=0, commits[c849b413-d177-4dae-9cd9-400b5add377a:c-1]
2019-08-16 03:39:54,306 INFO  impl.FollowerState (FollowerState.java:run(106)) - d8fe6648-8fca-4461-acc7-7dd89eab0461:group-1E4AE5975828 changes to CANDIDATE, lastRpcTime:5162, electionTimeout:5162ms
2019-08-16 03:39:54,306 INFO  impl.RoleInfo (RoleInfo.java:shutdownFollowerState(121)) - d8fe6648-8fca-4461-acc7-7dd89eab0461: shutdown FollowerState
2019-08-16 03:39:54,307 INFO  impl.RaftServerImpl (RaftServerImpl.java:setRole(171)) - d8fe6648-8fca-4461-acc7-7dd89eab0461:group-1E4AE5975828 changes role from FOLLOWER to CANDIDATE at term 0 for changeToCandidate
2019-08-16 03:39:54,307 INFO  impl.RoleInfo (RoleInfo.java:updateAndGet(143)) - d8fe6648-8fca-4461-acc7-7dd89eab0461: start LeaderElection
2019-08-16 03:39:54,329 INFO  impl.LeaderElection (LeaderElection.java:askForVotes(181)) - d8fe6648-8fca-4461-acc7-7dd89eab0461:group-1E4AE5975828:LeaderElection62: begin an election at term 1 for -1: [d8fe6648-8fca-4461-acc7-7dd89eab0461:192.168.5.170:41884], old=null
2019-08-16 03:39:54,329 INFO  impl.RoleInfo (RoleInfo.java:shutdownLeaderElection(134)) - d8fe6648-8fca-4461-acc7-7dd89eab0461: shutdown LeaderElection
2019-08-16 03:39:54,329 INFO  impl.RaftServerImpl (RaftServerImpl.java:setRole(171)) - d8fe6648-8fca-4461-acc7-7dd89eab0461:group-1E4AE5975828 changes role from CANDIDATE to LEADER at term 1 for changeToLeader
2019-08-16 03:39:54,329 INFO  impl.RaftServerImpl (ServerState.java:setLeader(263)) - d8fe6648-8fca-4461-acc7-7dd89eab0461:group-1E4AE5975828 change Leader from null to d8fe6648-8fca-4461-acc7-7dd89eab0461 at term 1 for becomeLeader, leader elected after 5191ms
2019-08-16 03:39:54,329 INFO  server.RaftServerConfigKeys (ConfUtils.java:logGet(43)) - raft.server.staging.catchup.gap = 1000 (default)
2019-08-16 03:39:54,329 INFO  server.RaftServerConfigKeys (ConfUtils.java:logGet(43)) - raft.server.rpc.sleep.time = 25ms (default)
2019-08-16 03:39:54,330 INFO  server.RaftServerConfigKeys (ConfUtils.java:logGet(43)) - raft.server.write.element-limit = 4096 (default)
2019-08-16 03:39:54,330 INFO  server.RaftServerConfigKeys (ConfUtils.java:logGet(43)) - raft.server.watch.timeout = 10s (default)
2019-08-16 03:39:54,330 INFO  server.RaftServerConfigKeys (ConfUtils.java:logGet(43)) - raft.server.watch.timeout.denomination = 1s (default)
2019-08-16 03:39:54,330 INFO  server.RaftServerConfigKeys (ConfUtils.java:logGet(43)) - raft.server.watch.element-limit = 65536 (default)
2019-08-16 03:39:54,330 INFO  impl.RoleInfo (RoleInfo.java:updateAndGet(143)) - d8fe6648-8fca-4461-acc7-7dd89eab0461: start LeaderState
2019-08-16 03:39:54,331 INFO  segmented.SegmentedRaftLogWorker (SegmentedRaftLogWorker.java:startLogSegment(380)) - d8fe6648-8fca-4461-acc7-7dd89eab0461-SegmentedRaftLogWorker:Storage Directory /workdir/hadoop-ozone/integration-test/target/test-dir/MiniOzoneClusterImpl-c675edf1-2c96-4517-9492-7066ed6a2cc9/datanode-0/data/ratis/b016d418-b5d1-427d-b5d6-1e4ae5975828: Starting segment from index:0
2019-08-16 03:39:54,331 INFO  impl.RaftServerImpl (ServerState.java:setRaftConf(361)) - d8fe6648-8fca-4461-acc7-7dd89eab0461:group-1E4AE5975828 set configuration 0: [d8fe6648-8fca-4461-acc7-7dd89eab0461:192.168.5.170:41884], old=null at 0
2019-08-16 03:39:54,350 INFO  segmented.SegmentedRaftLogWorker (SegmentedRaftLogWorker.java:execute(569)) - d8fe6648-8fca-4461-acc7-7dd89eab0461-SegmentedRaftLogWorker:Storage Directory /workdir/hadoop-ozone/integration-test/target/test-dir/MiniOzoneClusterImpl-c675edf1-2c96-4517-9492-7066ed6a2cc9/datanode-0/data/ratis/b016d418-b5d1-427d-b5d6-1e4ae5975828: created new log segment /workdir/hadoop-ozone/integration-test/target/test-dir/MiniOzoneClusterImpl-c675edf1-2c96-4517-9492-7066ed6a2cc9/datanode-0/data/ratis/b016d418-b5d1-427d-b5d6-1e4ae5975828/current/log_inprogress_0
2019-08-16 03:39:54,369 INFO  impl.FollowerState (FollowerState.java:run(106)) - c849b413-d177-4dae-9cd9-400b5add377a:group-DCF2CB629A30 changes to CANDIDATE, lastRpcTime:5027, electionTimeout:5027ms
2019-08-16 03:39:54,369 INFO  impl.RoleInfo (RoleInfo.java:shutdownFollowerState(121)) - c849b413-d177-4dae-9cd9-400b5add377a: shutdown FollowerState
2019-08-16 03:39:54,369 INFO  impl.RaftServerImpl (RaftServerImpl.java:setRole(171)) - c849b413-d177-4dae-9cd9-400b5add377a:group-DCF2CB629A30 changes role from FOLLOWER to CANDIDATE at term 0 for changeToCandidate
2019-08-16 03:39:54,369 INFO  impl.RoleInfo (RoleInfo.java:updateAndGet(143)) - c849b413-d177-4dae-9cd9-400b5add377a: start LeaderElection
2019-08-16 03:39:54,389 INFO  impl.LeaderElection (LeaderElection.java:askForVotes(181)) - c849b413-d177-4dae-9cd9-400b5add377a:group-DCF2CB629A30:LeaderElection63: begin an election at term 1 for -1: [c849b413-d177-4dae-9cd9-400b5add377a:192.168.5.170:33065], old=null
2019-08-16 03:39:54,389 INFO  impl.RoleInfo (RoleInfo.java:shutdownLeaderElection(134)) - c849b413-d177-4dae-9cd9-400b5add377a: shutdown LeaderElection
2019-08-16 03:39:54,389 INFO  impl.RaftServerImpl (RaftServerImpl.java:setRole(171)) - c849b413-d177-4dae-9cd9-400b5add377a:group-DCF2CB629A30 changes role from CANDIDATE to LEADER at term 1 for changeToLeader
2019-08-16 03:39:54,389 INFO  impl.RaftServerImpl (ServerState.java:setLeader(263)) - c849b413-d177-4dae-9cd9-400b5add377a:group-DCF2CB629A30 change Leader from null to c849b413-d177-4dae-9cd9-400b5add377a at term 1 for becomeLeader, leader elected after 5052ms
2019-08-16 03:39:54,389 INFO  server.RaftServerConfigKeys (ConfUtils.java:logGet(43)) - raft.server.staging.catchup.gap = 1000 (default)
2019-08-16 03:39:54,389 INFO  server.RaftServerConfigKeys (ConfUtils.java:logGet(43)) - raft.server.rpc.sleep.time = 25ms (default)
2019-08-16 03:39:54,389 INFO  server.RaftServerConfigKeys (ConfUtils.java:logGet(43)) - raft.server.write.element-limit = 4096 (default)
2019-08-16 03:39:54,390 INFO  server.RaftServerConfigKeys (ConfUtils.java:logGet(43)) - raft.server.watch.timeout = 10s (default)
2019-08-16 03:39:54,390 INFO  server.RaftServerConfigKeys (ConfUtils.java:logGet(43)) - raft.server.watch.timeout.denomination = 1s (default)
2019-08-16 03:39:54,390 INFO  server.RaftServerConfigKeys (ConfUtils.java:logGet(43)) - raft.server.watch.element-limit = 65536 (default)
2019-08-16 03:39:54,390 INFO  impl.RoleInfo (RoleInfo.java:updateAndGet(143)) - c849b413-d177-4dae-9cd9-400b5add377a: start LeaderState
2019-08-16 03:39:54,390 INFO  segmented.SegmentedRaftLogWorker (SegmentedRaftLogWorker.java:startLogSegment(380)) - c849b413-d177-4dae-9cd9-400b5add377a-SegmentedRaftLogWorker:Storage Directory /workdir/hadoop-ozone/integration-test/target/test-dir/MiniOzoneClusterImpl-c675edf1-2c96-4517-9492-7066ed6a2cc9/datanode-1/data/ratis/aafffc00-914d-4bfb-9b48-dcf2cb629a30: Starting segment from index:0
2019-08-16 03:39:54,391 INFO  impl.RaftServerImpl (ServerState.java:setRaftConf(361)) - c849b413-d177-4dae-9cd9-400b5add377a:group-DCF2CB629A30 set configuration 0: [c849b413-d177-4dae-9cd9-400b5add377a:192.168.5.170:33065], old=null at 0
2019-08-16 03:39:54,427 INFO  segmented.SegmentedRaftLogWorker (SegmentedRaftLogWorker.java:execute(569)) - c849b413-d177-4dae-9cd9-400b5add377a-SegmentedRaftLogWorker:Storage Directory /workdir/hadoop-ozone/integration-test/target/test-dir/MiniOzoneClusterImpl-c675edf1-2c96-4517-9492-7066ed6a2cc9/datanode-1/data/ratis/aafffc00-914d-4bfb-9b48-dcf2cb629a30: created new log segment /workdir/hadoop-ozone/integration-test/target/test-dir/MiniOzoneClusterImpl-c675edf1-2c96-4517-9492-7066ed6a2cc9/datanode-1/data/ratis/aafffc00-914d-4bfb-9b48-dcf2cb629a30/current/log_inprogress_0
2019-08-16 03:39:54,562 INFO  client.GrpcClientProtocolClient (GrpcClientProtocolClient.java:onNext(255)) - client-50B0E7BD995A->0d6a3bb5-5c5f-4efb-8f32-c0c6b563cde1: receive RaftClientReply:client-50B0E7BD995A->0d6a3bb5-5c5f-4efb-8f32-c0c6b563cde1@group-52EAC70CBEE3, cid=163, FAILED org.apache.ratis.protocol.NotLeaderException: Server 0d6a3bb5-5c5f-4efb-8f32-c0c6b563cde1 is not the leader (null). Request must be sent to leader., logIndex=0, commits[0d6a3bb5-5c5f-4efb-8f32-c0c6b563cde1:c-1]
2019-08-16 03:39:54,617 INFO  impl.FollowerState (FollowerState.java:run(106)) - 0d6a3bb5-5c5f-4efb-8f32-c0c6b563cde1:group-CA57E5CDF69B changes to CANDIDATE, lastRpcTime:5058, electionTimeout:5058ms
2019-08-16 03:39:54,617 INFO  impl.RoleInfo (RoleInfo.java:shutdownFollowerState(121)) - 0d6a3bb5-5c5f-4efb-8f32-c0c6b563cde1: shutdown FollowerState
2019-08-16 03:39:54,617 INFO  impl.RaftServerImpl (RaftServerImpl.java:setRole(171)) - 0d6a3bb5-5c5f-4efb-8f32-c0c6b563cde1:group-CA57E5CDF69B changes role from FOLLOWER to CANDIDATE at term 0 for changeToCandidate
2019-08-16 03:39:54,618 INFO  impl.RoleInfo (RoleInfo.java:updateAndGet(143)) - 0d6a3bb5-5c5f-4efb-8f32-c0c6b563cde1: start LeaderElection
2019-08-16 03:39:54,636 INFO  impl.LeaderElection (LeaderElection.java:askForVotes(181)) - 0d6a3bb5-5c5f-4efb-8f32-c0c6b563cde1:group-CA57E5CDF69B:LeaderElection64: begin an election at term 1 for -1: [0d6a3bb5-5c5f-4efb-8f32-c0c6b563cde1:192.168.5.170:40415], old=null
2019-08-16 03:39:54,636 INFO  impl.RoleInfo (RoleInfo.java:shutdownLeaderElection(134)) - 0d6a3bb5-5c5f-4efb-8f32-c0c6b563cde1: shutdown LeaderElection
2019-08-16 03:39:54,636 INFO  impl.RaftServerImpl (RaftServerImpl.java:setRole(171)) - 0d6a3bb5-5c5f-4efb-8f32-c0c6b563cde1:group-CA57E5CDF69B changes role from CANDIDATE to LEADER at term 1 for changeToLeader
2019-08-16 03:39:54,636 INFO  impl.RaftServerImpl (ServerState.java:setLeader(263)) - 0d6a3bb5-5c5f-4efb-8f32-c0c6b563cde1:group-CA57E5CDF69B change Leader from null to 0d6a3bb5-5c5f-4efb-8f32-c0c6b563cde1 at term 1 for becomeLeader, leader elected after 5082ms
2019-08-16 03:39:54,636 INFO  server.RaftServerConfigKeys (ConfUtils.java:logGet(43)) - raft.server.staging.catchup.gap = 1000 (default)
2019-08-16 03:39:54,637 INFO  server.RaftServerConfigKeys (ConfUtils.java:logGet(43)) - raft.server.rpc.sleep.time = 25ms (default)
2019-08-16 03:39:54,637 INFO  server.RaftServerConfigKeys (ConfUtils.java:logGet(43)) - raft.server.write.element-limit = 4096 (default)
2019-08-16 03:39:54,637 INFO  server.RaftServerConfigKeys (ConfUtils.java:logGet(43)) - raft.server.watch.timeout = 10s (default)
2019-08-16 03:39:54,637 INFO  server.RaftServerConfigKeys (ConfUtils.java:logGet(43)) - raft.server.watch.timeout.denomination = 1s (default)
2019-08-16 03:39:54,637 INFO  server.RaftServerConfigKeys (ConfUtils.java:logGet(43)) - raft.server.watch.element-limit = 65536 (default)
2019-08-16 03:39:54,638 INFO  impl.RoleInfo (RoleInfo.java:updateAndGet(143)) - 0d6a3bb5-5c5f-4efb-8f32-c0c6b563cde1: start LeaderState
2019-08-16 03:39:54,638 INFO  segmented.SegmentedRaftLogWorker (SegmentedRaftLogWorker.java:startLogSegment(380)) - 0d6a3bb5-5c5f-4efb-8f32-c0c6b563cde1-SegmentedRaftLogWorker:Storage Directory /workdir/hadoop-ozone/integration-test/target/test-dir/MiniOzoneClusterImpl-c675edf1-2c96-4517-9492-7066ed6a2cc9/datanode-2/data/ratis/fb4f89cd-1ba0-432d-922f-ca57e5cdf69b: Starting segment from index:0
2019-08-16 03:39:54,639 INFO  impl.RaftServerImpl (ServerState.java:setRaftConf(361)) - 0d6a3bb5-5c5f-4efb-8f32-c0c6b563cde1:group-CA57E5CDF69B set configuration 0: [0d6a3bb5-5c5f-4efb-8f32-c0c6b563cde1:192.168.5.170:40415], old=null at 0
2019-08-16 03:39:54,684 INFO  impl.FollowerState (FollowerState.java:run(106)) - 0d6a3bb5-5c5f-4efb-8f32-c0c6b563cde1:group-52EAC70CBEE3 changes to CANDIDATE, lastRpcTime:5052, electionTimeout:5052ms
2019-08-16 03:39:54,685 INFO  impl.RoleInfo (RoleInfo.java:shutdownFollowerState(121)) - 0d6a3bb5-5c5f-4efb-8f32-c0c6b563cde1: shutdown FollowerState
2019-08-16 03:39:54,685 INFO  impl.RaftServerImpl (RaftServerImpl.java:setRole(171)) - 0d6a3bb5-5c5f-4efb-8f32-c0c6b563cde1:group-52EAC70CBEE3 changes role from FOLLOWER to CANDIDATE at term 0 for changeToCandidate
2019-08-16 03:39:54,685 INFO  impl.RoleInfo (RoleInfo.java:updateAndGet(143)) - 0d6a3bb5-5c5f-4efb-8f32-c0c6b563cde1: start LeaderElection
2019-08-16 03:39:54,696 INFO  segmented.SegmentedRaftLogWorker (SegmentedRaftLogWorker.java:execute(569)) - 0d6a3bb5-5c5f-4efb-8f32-c0c6b563cde1-SegmentedRaftLogWorker:Storage Directory /workdir/hadoop-ozone/integration-test/target/test-dir/MiniOzoneClusterImpl-c675edf1-2c96-4517-9492-7066ed6a2cc9/datanode-2/data/ratis/fb4f89cd-1ba0-432d-922f-ca57e5cdf69b: created new log segment /workdir/hadoop-ozone/integration-test/target/test-dir/MiniOzoneClusterImpl-c675edf1-2c96-4517-9492-7066ed6a2cc9/datanode-2/data/ratis/fb4f89cd-1ba0-432d-922f-ca57e5cdf69b/current/log_inprogress_0
2019-08-16 03:39:54,696 INFO  impl.LeaderElection (LeaderElection.java:askForVotes(181)) - 0d6a3bb5-5c5f-4efb-8f32-c0c6b563cde1:group-52EAC70CBEE3:LeaderElection65: begin an election at term 1 for -1: [c849b413-d177-4dae-9cd9-400b5add377a:192.168.5.170:33065, 0d6a3bb5-5c5f-4efb-8f32-c0c6b563cde1:192.168.5.170:40415, d8fe6648-8fca-4461-acc7-7dd89eab0461:192.168.5.170:41884], old=null
2019-08-16 03:39:54,700 INFO  impl.RaftServerImpl (RaftServerImpl.java:setRole(171)) - c849b413-d177-4dae-9cd9-400b5add377a:group-52EAC70CBEE3 changes role from FOLLOWER to FOLLOWER at term 1 for recognizeCandidate:0d6a3bb5-5c5f-4efb-8f32-c0c6b563cde1
2019-08-16 03:39:54,700 INFO  impl.RoleInfo (RoleInfo.java:shutdownFollowerState(121)) - c849b413-d177-4dae-9cd9-400b5add377a: shutdown FollowerState
2019-08-16 03:39:54,701 INFO  impl.RoleInfo (RoleInfo.java:updateAndGet(143)) - c849b413-d177-4dae-9cd9-400b5add377a: start FollowerState
2019-08-16 03:39:54,701 INFO  impl.RaftServerImpl (RaftServerImpl.java:setRole(171)) - d8fe6648-8fca-4461-acc7-7dd89eab0461:group-52EAC70CBEE3 changes role from FOLLOWER to FOLLOWER at term 1 for recognizeCandidate:0d6a3bb5-5c5f-4efb-8f32-c0c6b563cde1
2019-08-16 03:39:54,701 INFO  impl.FollowerState (FollowerState.java:run(114)) - c849b413-d177-4dae-9cd9-400b5add377a: FollowerState was interrupted: java.lang.InterruptedException: sleep interrupted
2019-08-16 03:39:54,701 INFO  impl.RoleInfo (RoleInfo.java:shutdownFollowerState(121)) - d8fe6648-8fca-4461-acc7-7dd89eab0461: shutdown FollowerState
2019-08-16 03:39:54,704 INFO  impl.RoleInfo (RoleInfo.java:updateAndGet(143)) - d8fe6648-8fca-4461-acc7-7dd89eab0461: start FollowerState
2019-08-16 03:39:54,704 INFO  impl.FollowerState (FollowerState.java:run(114)) - d8fe6648-8fca-4461-acc7-7dd89eab0461: FollowerState was interrupted: java.lang.InterruptedException: sleep interrupted
2019-08-16 03:39:54,722 INFO  impl.LeaderElection (LeaderElection.java:logAndReturn(56)) - 0d6a3bb5-5c5f-4efb-8f32-c0c6b563cde1:group-52EAC70CBEE3:LeaderElection65: Election PASSED; received 1 response(s) [0d6a3bb5-5c5f-4efb-8f32-c0c6b563cde1<-c849b413-d177-4dae-9cd9-400b5add377a#0:OK-t1] and 0 exception(s); 0d6a3bb5-5c5f-4efb-8f32-c0c6b563cde1:t1, leader=null, voted=0d6a3bb5-5c5f-4efb-8f32-c0c6b563cde1, raftlog=0d6a3bb5-5c5f-4efb-8f32-c0c6b563cde1-SegmentedRaftLog:OPENED:c-1,f-1,i0, conf=-1: [c849b413-d177-4dae-9cd9-400b5add377a:192.168.5.170:33065, 0d6a3bb5-5c5f-4efb-8f32-c0c6b563cde1:192.168.5.170:40415, d8fe6648-8fca-4461-acc7-7dd89eab0461:192.168.5.170:41884], old=null
2019-08-16 03:39:54,723 INFO  impl.RoleInfo (RoleInfo.java:shutdownLeaderElection(134)) - 0d6a3bb5-5c5f-4efb-8f32-c0c6b563cde1: shutdown LeaderElection
2019-08-16 03:39:54,723 INFO  impl.RaftServerImpl (RaftServerImpl.java:setRole(171)) - 0d6a3bb5-5c5f-4efb-8f32-c0c6b563cde1:group-52EAC70CBEE3 changes role from CANDIDATE to LEADER at term 1 for changeToLeader
2019-08-16 03:39:54,723 INFO  impl.RaftServerImpl (ServerState.java:setLeader(263)) - 0d6a3bb5-5c5f-4efb-8f32-c0c6b563cde1:group-52EAC70CBEE3 change Leader from null to 0d6a3bb5-5c5f-4efb-8f32-c0c6b563cde1 at term 1 for becomeLeader, leader elected after 5122ms
2019-08-16 03:39:54,723 INFO  server.RaftServerConfigKeys (ConfUtils.java:logGet(43)) - raft.server.staging.catchup.gap = 1000 (default)
2019-08-16 03:39:54,723 INFO  server.RaftServerConfigKeys (ConfUtils.java:logGet(43)) - raft.server.rpc.sleep.time = 25ms (default)
2019-08-16 03:39:54,723 INFO  server.RaftServerConfigKeys (ConfUtils.java:logGet(43)) - raft.server.write.element-limit = 4096 (default)
2019-08-16 03:39:54,724 INFO  server.RaftServerConfigKeys (ConfUtils.java:logGet(43)) - raft.server.watch.timeout = 10s (default)
2019-08-16 03:39:54,724 INFO  server.RaftServerConfigKeys (ConfUtils.java:logGet(43)) - raft.server.watch.timeout.denomination = 1s (default)
2019-08-16 03:39:54,724 INFO  server.RaftServerConfigKeys (ConfUtils.java:logGet(43)) - raft.server.watch.element-limit = 65536 (default)
2019-08-16 03:39:54,724 INFO  server.RaftServerConfigKeys (ConfUtils.java:logGet(43)) - raft.server.log.appender.snapshot.chunk.size.max = 16MB (=16777216) (default)
2019-08-16 03:39:54,724 INFO  server.RaftServerConfigKeys (ConfUtils.java:logGet(43)) - raft.server.log.appender.buffer.byte-limit = 33554432 (custom)
2019-08-16 03:39:54,725 INFO  server.RaftServerConfigKeys (ConfUtils.java:logGet(43)) - raft.server.log.appender.buffer.element-limit = 1 (custom)
2019-08-16 03:39:54,725 INFO  grpc.GrpcConfigKeys$Server (ConfUtils.java:logGet(43)) - raft.grpc.server.leader.outstanding.appends.max = 128 (default)
2019-08-16 03:39:54,725 INFO  server.RaftServerConfigKeys (ConfUtils.java:logGet(43)) - raft.server.rpc.request.timeout = 3000ms (default)
2019-08-16 03:39:54,725 INFO  server.RaftServerConfigKeys (ConfUtils.java:logGet(43)) - raft.server.log.appender.install.snapshot.enabled = false (custom)
2019-08-16 03:39:54,726 INFO  server.RaftServerConfigKeys (ConfUtils.java:logGet(43)) - raft.server.log.appender.snapshot.chunk.size.max = 16MB (=16777216) (default)
2019-08-16 03:39:54,726 INFO  server.RaftServerConfigKeys (ConfUtils.java:logGet(43)) - raft.server.log.appender.buffer.byte-limit = 33554432 (custom)
2019-08-16 03:39:54,726 INFO  server.RaftServerConfigKeys (ConfUtils.java:logGet(43)) - raft.server.log.appender.buffer.element-limit = 1 (custom)
2019-08-16 03:39:54,726 INFO  grpc.GrpcConfigKeys$Server (ConfUtils.java:logGet(43)) - raft.grpc.server.leader.outstanding.appends.max = 128 (default)
2019-08-16 03:39:54,726 INFO  server.RaftServerConfigKeys (ConfUtils.java:logGet(43)) - raft.server.rpc.request.timeout = 3000ms (default)
2019-08-16 03:39:54,726 INFO  server.RaftServerConfigKeys (ConfUtils.java:logGet(43)) - raft.server.log.appender.install.snapshot.enabled = false (custom)
2019-08-16 03:39:54,727 INFO  impl.RoleInfo (RoleInfo.java:updateAndGet(143)) - 0d6a3bb5-5c5f-4efb-8f32-c0c6b563cde1: start LeaderState
2019-08-16 03:39:54,727 INFO  segmented.SegmentedRaftLogWorker (SegmentedRaftLogWorker.java:startLogSegment(380)) - 0d6a3bb5-5c5f-4efb-8f32-c0c6b563cde1-SegmentedRaftLogWorker:Storage Directory /workdir/hadoop-ozone/integration-test/target/test-dir/MiniOzoneClusterImpl-c675edf1-2c96-4517-9492-7066ed6a2cc9/datanode-2/data/ratis/5090e916-a3db-4511-894d-52eac70cbee3: Starting segment from index:0
2019-08-16 03:39:54,728 INFO  impl.RaftServerImpl (ServerState.java:setRaftConf(361)) - 0d6a3bb5-5c5f-4efb-8f32-c0c6b563cde1:group-52EAC70CBEE3 set configuration 0: [c849b413-d177-4dae-9cd9-400b5add377a:192.168.5.170:33065, 0d6a3bb5-5c5f-4efb-8f32-c0c6b563cde1:192.168.5.170:40415, d8fe6648-8fca-4461-acc7-7dd89eab0461:192.168.5.170:41884], old=null at 0
2019-08-16 03:39:54,756 INFO  impl.RaftServerImpl (ServerState.java:setLeader(263)) - c849b413-d177-4dae-9cd9-400b5add377a:group-52EAC70CBEE3 change Leader from null to 0d6a3bb5-5c5f-4efb-8f32-c0c6b563cde1 at term 1 for appendEntries, leader elected after 5156ms
2019-08-16 03:39:54,756 INFO  impl.RaftServerImpl (ServerState.java:setLeader(263)) - d8fe6648-8fca-4461-acc7-7dd89eab0461:group-52EAC70CBEE3 change Leader from null to 0d6a3bb5-5c5f-4efb-8f32-c0c6b563cde1 at term 1 for appendEntries, leader elected after 5156ms
2019-08-16 03:39:54,762 INFO  impl.RaftServerImpl (ServerState.java:setRaftConf(361)) - d8fe6648-8fca-4461-acc7-7dd89eab0461:group-52EAC70CBEE3 set configuration 0: [c849b413-d177-4dae-9cd9-400b5add377a:192.168.5.170:33065, 0d6a3bb5-5c5f-4efb-8f32-c0c6b563cde1:192.168.5.170:40415, d8fe6648-8fca-4461-acc7-7dd89eab0461:192.168.5.170:41884], old=null at 0
2019-08-16 03:39:54,762 INFO  impl.RaftServerImpl (ServerState.java:setRaftConf(361)) - c849b413-d177-4dae-9cd9-400b5add377a:group-52EAC70CBEE3 set configuration 0: [c849b413-d177-4dae-9cd9-400b5add377a:192.168.5.170:33065, 0d6a3bb5-5c5f-4efb-8f32-c0c6b563cde1:192.168.5.170:40415, d8fe6648-8fca-4461-acc7-7dd89eab0461:192.168.5.170:41884], old=null at 0
2019-08-16 03:39:54,763 INFO  segmented.SegmentedRaftLogWorker (SegmentedRaftLogWorker.java:startLogSegment(380)) - d8fe6648-8fca-4461-acc7-7dd89eab0461-SegmentedRaftLogWorker:Storage Directory /workdir/hadoop-ozone/integration-test/target/test-dir/MiniOzoneClusterImpl-c675edf1-2c96-4517-9492-7066ed6a2cc9/datanode-0/data/ratis/5090e916-a3db-4511-894d-52eac70cbee3: Starting segment from index:0
2019-08-16 03:39:54,763 INFO  segmented.SegmentedRaftLogWorker (SegmentedRaftLogWorker.java:startLogSegment(380)) - c849b413-d177-4dae-9cd9-400b5add377a-SegmentedRaftLogWorker:Storage Directory /workdir/hadoop-ozone/integration-test/target/test-dir/MiniOzoneClusterImpl-c675edf1-2c96-4517-9492-7066ed6a2cc9/datanode-1/data/ratis/5090e916-a3db-4511-894d-52eac70cbee3: Starting segment from index:0
2019-08-16 03:39:54,769 INFO  segmented.SegmentedRaftLogWorker (SegmentedRaftLogWorker.java:execute(569)) - 0d6a3bb5-5c5f-4efb-8f32-c0c6b563cde1-SegmentedRaftLogWorker:Storage Directory /workdir/hadoop-ozone/integration-test/target/test-dir/MiniOzoneClusterImpl-c675edf1-2c96-4517-9492-7066ed6a2cc9/datanode-2/data/ratis/5090e916-a3db-4511-894d-52eac70cbee3: created new log segment /workdir/hadoop-ozone/integration-test/target/test-dir/MiniOzoneClusterImpl-c675edf1-2c96-4517-9492-7066ed6a2cc9/datanode-2/data/ratis/5090e916-a3db-4511-894d-52eac70cbee3/current/log_inprogress_0
2019-08-16 03:39:54,793 INFO  segmented.SegmentedRaftLogWorker (SegmentedRaftLogWorker.java:execute(569)) - d8fe6648-8fca-4461-acc7-7dd89eab0461-SegmentedRaftLogWorker:Storage Directory /workdir/hadoop-ozone/integration-test/target/test-dir/MiniOzoneClusterImpl-c675edf1-2c96-4517-9492-7066ed6a2cc9/datanode-0/data/ratis/5090e916-a3db-4511-894d-52eac70cbee3: created new log segment /workdir/hadoop-ozone/integration-test/target/test-dir/MiniOzoneClusterImpl-c675edf1-2c96-4517-9492-7066ed6a2cc9/datanode-0/data/ratis/5090e916-a3db-4511-894d-52eac70cbee3/current/log_inprogress_0
2019-08-16 03:39:54,806 INFO  segmented.SegmentedRaftLogWorker (SegmentedRaftLogWorker.java:execute(569)) - c849b413-d177-4dae-9cd9-400b5add377a-SegmentedRaftLogWorker:Storage Directory /workdir/hadoop-ozone/integration-test/target/test-dir/MiniOzoneClusterImpl-c675edf1-2c96-4517-9492-7066ed6a2cc9/datanode-1/data/ratis/5090e916-a3db-4511-894d-52eac70cbee3: created new log segment /workdir/hadoop-ozone/integration-test/target/test-dir/MiniOzoneClusterImpl-c675edf1-2c96-4517-9492-7066ed6a2cc9/datanode-1/data/ratis/5090e916-a3db-4511-894d-52eac70cbee3/current/log_inprogress_0
2019-08-16 03:39:55,142 INFO  impl.FollowerState (FollowerState.java:run(106)) - 032a946e-3254-4dd0-899d-9e9c8e0cef5c:group-4CC2E4EAD4E5 changes to CANDIDATE, lastRpcTime:5154, electionTimeout:5154ms
2019-08-16 03:39:55,143 INFO  impl.RoleInfo (RoleInfo.java:shutdownFollowerState(121)) - 032a946e-3254-4dd0-899d-9e9c8e0cef5c: shutdown FollowerState
2019-08-16 03:39:55,143 INFO  impl.RaftServerImpl (RaftServerImpl.java:setRole(171)) - 032a946e-3254-4dd0-899d-9e9c8e0cef5c:group-4CC2E4EAD4E5 changes role from FOLLOWER to CANDIDATE at term 0 for changeToCandidate
2019-08-16 03:39:55,143 INFO  impl.RoleInfo (RoleInfo.java:updateAndGet(143)) - 032a946e-3254-4dd0-899d-9e9c8e0cef5c: start LeaderElection
2019-08-16 03:39:55,163 INFO  impl.LeaderElection (LeaderElection.java:askForVotes(181)) - 032a946e-3254-4dd0-899d-9e9c8e0cef5c:group-4CC2E4EAD4E5:LeaderElection66: begin an election at term 1 for -1: [032a946e-3254-4dd0-899d-9e9c8e0cef5c:192.168.5.170:42970], old=null
2019-08-16 03:39:55,163 INFO  impl.RoleInfo (RoleInfo.java:shutdownLeaderElection(134)) - 032a946e-3254-4dd0-899d-9e9c8e0cef5c: shutdown LeaderElection
2019-08-16 03:39:55,163 INFO  impl.RaftServerImpl (RaftServerImpl.java:setRole(171)) - 032a946e-3254-4dd0-899d-9e9c8e0cef5c:group-4CC2E4EAD4E5 changes role from CANDIDATE to LEADER at term 1 for changeToLeader
2019-08-16 03:39:55,164 INFO  impl.RaftServerImpl (ServerState.java:setLeader(263)) - 032a946e-3254-4dd0-899d-9e9c8e0cef5c:group-4CC2E4EAD4E5 change Leader from null to 032a946e-3254-4dd0-899d-9e9c8e0cef5c at term 1 for becomeLeader, leader elected after 5180ms
2019-08-16 03:39:55,164 INFO  server.RaftServerConfigKeys (ConfUtils.java:logGet(43)) - raft.server.staging.catchup.gap = 1000 (default)
2019-08-16 03:39:55,164 INFO  server.RaftServerConfigKeys (ConfUtils.java:logGet(43)) - raft.server.rpc.sleep.time = 25ms (default)
2019-08-16 03:39:55,164 INFO  server.RaftServerConfigKeys (ConfUtils.java:logGet(43)) - raft.server.write.element-limit = 4096 (default)
2019-08-16 03:39:55,164 INFO  server.RaftServerConfigKeys (ConfUtils.java:logGet(43)) - raft.server.watch.timeout = 10s (default)
2019-08-16 03:39:55,164 INFO  server.RaftServerConfigKeys (ConfUtils.java:logGet(43)) - raft.server.watch.timeout.denomination = 1s (default)
2019-08-16 03:39:55,165 INFO  server.RaftServerConfigKeys (ConfUtils.java:logGet(43)) - raft.server.watch.element-limit = 65536 (default)
2019-08-16 03:39:55,165 INFO  impl.RoleInfo (RoleInfo.java:updateAndGet(143)) - 032a946e-3254-4dd0-899d-9e9c8e0cef5c: start LeaderState
2019-08-16 03:39:55,165 INFO  segmented.SegmentedRaftLogWorker (SegmentedRaftLogWorker.java:startLogSegment(380)) - 032a946e-3254-4dd0-899d-9e9c8e0cef5c-SegmentedRaftLogWorker:Storage Directory /workdir/hadoop-ozone/integration-test/target/test-dir/MiniOzoneClusterImpl-c675edf1-2c96-4517-9492-7066ed6a2cc9/datanode-3/data/ratis/5cce8d10-db72-47a7-8f5b-4cc2e4ead4e5: Starting segment from index:0
2019-08-16 03:39:55,166 INFO  impl.RaftServerImpl (ServerState.java:setRaftConf(361)) - 032a946e-3254-4dd0-899d-9e9c8e0cef5c:group-4CC2E4EAD4E5 set configuration 0: [032a946e-3254-4dd0-899d-9e9c8e0cef5c:192.168.5.170:42970], old=null at 0
2019-08-16 03:39:55,206 INFO  impl.FollowerState (FollowerState.java:run(106)) - 62a246b0-b12b-47e6-89f6-78f18fa2a730:group-D8D00006A63A changes to CANDIDATE, lastRpcTime:5049, electionTimeout:5016ms
2019-08-16 03:39:55,206 INFO  impl.RoleInfo (RoleInfo.java:shutdownFollowerState(121)) - 62a246b0-b12b-47e6-89f6-78f18fa2a730: shutdown FollowerState
2019-08-16 03:39:55,206 INFO  impl.RaftServerImpl (RaftServerImpl.java:setRole(171)) - 62a246b0-b12b-47e6-89f6-78f18fa2a730:group-D8D00006A63A changes role from FOLLOWER to CANDIDATE at term 0 for changeToCandidate
2019-08-16 03:39:55,206 INFO  impl.RoleInfo (RoleInfo.java:updateAndGet(143)) - 62a246b0-b12b-47e6-89f6-78f18fa2a730: start LeaderElection
2019-08-16 03:39:55,219 INFO  segmented.SegmentedRaftLogWorker (SegmentedRaftLogWorker.java:execute(569)) - 032a946e-3254-4dd0-899d-9e9c8e0cef5c-SegmentedRaftLogWorker:Storage Directory /workdir/hadoop-ozone/integration-test/target/test-dir/MiniOzoneClusterImpl-c675edf1-2c96-4517-9492-7066ed6a2cc9/datanode-3/data/ratis/5cce8d10-db72-47a7-8f5b-4cc2e4ead4e5: created new log segment /workdir/hadoop-ozone/integration-test/target/test-dir/MiniOzoneClusterImpl-c675edf1-2c96-4517-9492-7066ed6a2cc9/datanode-3/data/ratis/5cce8d10-db72-47a7-8f5b-4cc2e4ead4e5/current/log_inprogress_0
2019-08-16 03:39:55,219 INFO  impl.LeaderElection (LeaderElection.java:askForVotes(181)) - 62a246b0-b12b-47e6-89f6-78f18fa2a730:group-D8D00006A63A:LeaderElection67: begin an election at term 1 for -1: [62a246b0-b12b-47e6-89f6-78f18fa2a730:192.168.5.170:39593], old=null
2019-08-16 03:39:55,220 INFO  impl.RoleInfo (RoleInfo.java:shutdownLeaderElection(134)) - 62a246b0-b12b-47e6-89f6-78f18fa2a730: shutdown LeaderElection
2019-08-16 03:39:55,220 INFO  impl.RaftServerImpl (RaftServerImpl.java:setRole(171)) - 62a246b0-b12b-47e6-89f6-78f18fa2a730:group-D8D00006A63A changes role from CANDIDATE to LEADER at term 1 for changeToLeader
2019-08-16 03:39:55,220 INFO  impl.RaftServerImpl (ServerState.java:setLeader(263)) - 62a246b0-b12b-47e6-89f6-78f18fa2a730:group-D8D00006A63A change Leader from null to 62a246b0-b12b-47e6-89f6-78f18fa2a730 at term 1 for becomeLeader, leader elected after 5067ms
2019-08-16 03:39:55,220 INFO  server.RaftServerConfigKeys (ConfUtils.java:logGet(43)) - raft.server.staging.catchup.gap = 1000 (default)
2019-08-16 03:39:55,220 INFO  server.RaftServerConfigKeys (ConfUtils.java:logGet(43)) - raft.server.rpc.sleep.time = 25ms (default)
2019-08-16 03:39:55,220 INFO  server.RaftServerConfigKeys (ConfUtils.java:logGet(43)) - raft.server.write.element-limit = 4096 (default)
2019-08-16 03:39:55,220 INFO  server.RaftServerConfigKeys (ConfUtils.java:logGet(43)) - raft.server.watch.timeout = 10s (default)
2019-08-16 03:39:55,221 INFO  server.RaftServerConfigKeys (ConfUtils.java:logGet(43)) - raft.server.watch.timeout.denomination = 1s (default)
2019-08-16 03:39:55,221 INFO  server.RaftServerConfigKeys (ConfUtils.java:logGet(43)) - raft.server.watch.element-limit = 65536 (default)
2019-08-16 03:39:55,221 INFO  impl.RoleInfo (RoleInfo.java:updateAndGet(143)) - 62a246b0-b12b-47e6-89f6-78f18fa2a730: start LeaderState
2019-08-16 03:39:55,221 INFO  segmented.SegmentedRaftLogWorker (SegmentedRaftLogWorker.java:startLogSegment(380)) - 62a246b0-b12b-47e6-89f6-78f18fa2a730-SegmentedRaftLogWorker:Storage Directory /workdir/hadoop-ozone/integration-test/target/test-dir/MiniOzoneClusterImpl-c675edf1-2c96-4517-9492-7066ed6a2cc9/datanode-4/data/ratis/44ff2107-fc5f-4617-abc9-d8d00006a63a: Starting segment from index:0
2019-08-16 03:39:55,222 INFO  impl.RaftServerImpl (ServerState.java:setRaftConf(361)) - 62a246b0-b12b-47e6-89f6-78f18fa2a730:group-D8D00006A63A set configuration 0: [62a246b0-b12b-47e6-89f6-78f18fa2a730:192.168.5.170:39593], old=null at 0
2019-08-16 03:39:55,279 INFO  segmented.SegmentedRaftLogWorker (SegmentedRaftLogWorker.java:execute(569)) - 62a246b0-b12b-47e6-89f6-78f18fa2a730-SegmentedRaftLogWorker:Storage Directory /workdir/hadoop-ozone/integration-test/target/test-dir/MiniOzoneClusterImpl-c675edf1-2c96-4517-9492-7066ed6a2cc9/datanode-4/data/ratis/44ff2107-fc5f-4617-abc9-d8d00006a63a: created new log segment /workdir/hadoop-ozone/integration-test/target/test-dir/MiniOzoneClusterImpl-c675edf1-2c96-4517-9492-7066ed6a2cc9/datanode-4/data/ratis/44ff2107-fc5f-4617-abc9-d8d00006a63a/current/log_inprogress_0
2019-08-16 03:39:55,422 INFO  impl.FollowerState (FollowerState.java:run(106)) - 207cddf1-affb-491c-810b-b96ed76d0ea1:group-16E15EEDAABE changes to CANDIDATE, lastRpcTime:5019, electionTimeout:5019ms
2019-08-16 03:39:55,422 INFO  impl.RoleInfo (RoleInfo.java:shutdownFollowerState(121)) - 207cddf1-affb-491c-810b-b96ed76d0ea1: shutdown FollowerState
2019-08-16 03:39:55,422 INFO  impl.RaftServerImpl (RaftServerImpl.java:setRole(171)) - 207cddf1-affb-491c-810b-b96ed76d0ea1:group-16E15EEDAABE changes role from FOLLOWER to CANDIDATE at term 0 for changeToCandidate
2019-08-16 03:39:55,422 INFO  impl.RoleInfo (RoleInfo.java:updateAndGet(143)) - 207cddf1-affb-491c-810b-b96ed76d0ea1: start LeaderElection
2019-08-16 03:39:55,441 INFO  impl.LeaderElection (LeaderElection.java:askForVotes(181)) - 207cddf1-affb-491c-810b-b96ed76d0ea1:group-16E15EEDAABE:LeaderElection68: begin an election at term 1 for -1: [032a946e-3254-4dd0-899d-9e9c8e0cef5c:192.168.5.170:42970, 207cddf1-affb-491c-810b-b96ed76d0ea1:192.168.5.170:37044, 62a246b0-b12b-47e6-89f6-78f18fa2a730:192.168.5.170:39593], old=null
2019-08-16 03:39:55,446 INFO  impl.RaftServerImpl (RaftServerImpl.java:setRole(171)) - 62a246b0-b12b-47e6-89f6-78f18fa2a730:group-16E15EEDAABE changes role from FOLLOWER to FOLLOWER at term 1 for recognizeCandidate:207cddf1-affb-491c-810b-b96ed76d0ea1
2019-08-16 03:39:55,446 INFO  impl.RaftServerImpl (RaftServerImpl.java:setRole(171)) - 032a946e-3254-4dd0-899d-9e9c8e0cef5c:group-16E15EEDAABE changes role from FOLLOWER to FOLLOWER at term 1 for recognizeCandidate:207cddf1-affb-491c-810b-b96ed76d0ea1
2019-08-16 03:39:55,446 INFO  impl.RoleInfo (RoleInfo.java:shutdownFollowerState(121)) - 62a246b0-b12b-47e6-89f6-78f18fa2a730: shutdown FollowerState
2019-08-16 03:39:55,446 INFO  impl.RoleInfo (RoleInfo.java:shutdownFollowerState(121)) - 032a946e-3254-4dd0-899d-9e9c8e0cef5c: shutdown FollowerState
2019-08-16 03:39:55,447 INFO  impl.RoleInfo (RoleInfo.java:updateAndGet(143)) - 62a246b0-b12b-47e6-89f6-78f18fa2a730: start FollowerState
2019-08-16 03:39:55,447 INFO  impl.FollowerState (FollowerState.java:run(114)) - 032a946e-3254-4dd0-899d-9e9c8e0cef5c: FollowerState was interrupted: java.lang.InterruptedException: sleep interrupted
2019-08-16 03:39:55,447 INFO  impl.RoleInfo (RoleInfo.java:updateAndGet(143)) - 032a946e-3254-4dd0-899d-9e9c8e0cef5c: start FollowerState
2019-08-16 03:39:55,447 INFO  impl.FollowerState (FollowerState.java:run(114)) - 62a246b0-b12b-47e6-89f6-78f18fa2a730: FollowerState was interrupted: java.lang.InterruptedException: sleep interrupted
2019-08-16 03:39:55,473 INFO  impl.FollowerState (FollowerState.java:run(106)) - 207cddf1-affb-491c-810b-b96ed76d0ea1:group-6B99101735D2 changes to CANDIDATE, lastRpcTime:5147, electionTimeout:5147ms
2019-08-16 03:39:55,473 INFO  impl.RoleInfo (RoleInfo.java:shutdownFollowerState(121)) - 207cddf1-affb-491c-810b-b96ed76d0ea1: shutdown FollowerState
2019-08-16 03:39:55,473 INFO  impl.RaftServerImpl (RaftServerImpl.java:setRole(171)) - 207cddf1-affb-491c-810b-b96ed76d0ea1:group-6B99101735D2 changes role from FOLLOWER to CANDIDATE at term 0 for changeToCandidate
2019-08-16 03:39:55,474 INFO  impl.RoleInfo (RoleInfo.java:updateAndGet(143)) - 207cddf1-affb-491c-810b-b96ed76d0ea1: start LeaderElection
2019-08-16 03:39:55,480 INFO  impl.LeaderElection (LeaderElection.java:logAndReturn(56)) - 207cddf1-affb-491c-810b-b96ed76d0ea1:group-16E15EEDAABE:LeaderElection68: Election PASSED; received 1 response(s) [207cddf1-affb-491c-810b-b96ed76d0ea1<-62a246b0-b12b-47e6-89f6-78f18fa2a730#0:OK-t1] and 0 exception(s); 207cddf1-affb-491c-810b-b96ed76d0ea1:t1, leader=null, voted=207cddf1-affb-491c-810b-b96ed76d0ea1, raftlog=207cddf1-affb-491c-810b-b96ed76d0ea1-SegmentedRaftLog:OPENED:c-1,f-1,i0, conf=-1: [032a946e-3254-4dd0-899d-9e9c8e0cef5c:192.168.5.170:42970, 207cddf1-affb-491c-810b-b96ed76d0ea1:192.168.5.170:37044, 62a246b0-b12b-47e6-89f6-78f18fa2a730:192.168.5.170:39593], old=null
2019-08-16 03:39:55,480 INFO  impl.RoleInfo (RoleInfo.java:shutdownLeaderElection(134)) - 207cddf1-affb-491c-810b-b96ed76d0ea1: shutdown LeaderElection
2019-08-16 03:39:55,481 INFO  impl.RaftServerImpl (RaftServerImpl.java:setRole(171)) - 207cddf1-affb-491c-810b-b96ed76d0ea1:group-16E15EEDAABE changes role from CANDIDATE to LEADER at term 1 for changeToLeader
2019-08-16 03:39:55,481 INFO  impl.RaftServerImpl (ServerState.java:setLeader(263)) - 207cddf1-affb-491c-810b-b96ed76d0ea1:group-16E15EEDAABE change Leader from null to 207cddf1-affb-491c-810b-b96ed76d0ea1 at term 1 for becomeLeader, leader elected after 5086ms
2019-08-16 03:39:55,481 INFO  server.RaftServerConfigKeys (ConfUtils.java:logGet(43)) - raft.server.staging.catchup.gap = 1000 (default)
2019-08-16 03:39:55,481 INFO  server.RaftServerConfigKeys (ConfUtils.java:logGet(43)) - raft.server.rpc.sleep.time = 25ms (default)
2019-08-16 03:39:55,481 INFO  server.RaftServerConfigKeys (ConfUtils.java:logGet(43)) - raft.server.write.element-limit = 4096 (default)
2019-08-16 03:39:55,481 INFO  server.RaftServerConfigKeys (ConfUtils.java:logGet(43)) - raft.server.watch.timeout = 10s (default)
2019-08-16 03:39:55,481 INFO  server.RaftServerConfigKeys (ConfUtils.java:logGet(43)) - raft.server.watch.timeout.denomination = 1s (default)
2019-08-16 03:39:55,482 INFO  server.RaftServerConfigKeys (ConfUtils.java:logGet(43)) - raft.server.watch.element-limit = 65536 (default)
2019-08-16 03:39:55,482 INFO  server.RaftServerConfigKeys (ConfUtils.java:logGet(43)) - raft.server.log.appender.snapshot.chunk.size.max = 16MB (=16777216) (default)
2019-08-16 03:39:55,482 INFO  server.RaftServerConfigKeys (ConfUtils.java:logGet(43)) - raft.server.log.appender.buffer.byte-limit = 33554432 (custom)
2019-08-16 03:39:55,482 INFO  server.RaftServerConfigKeys (ConfUtils.java:logGet(43)) - raft.server.log.appender.buffer.element-limit = 1 (custom)
2019-08-16 03:39:55,482 INFO  grpc.GrpcConfigKeys$Server (ConfUtils.java:logGet(43)) - raft.grpc.server.leader.outstanding.appends.max = 128 (default)
2019-08-16 03:39:55,483 INFO  server.RaftServerConfigKeys (ConfUtils.java:logGet(43)) - raft.server.rpc.request.timeout = 3000ms (default)
2019-08-16 03:39:55,483 INFO  server.RaftServerConfigKeys (ConfUtils.java:logGet(43)) - raft.server.log.appender.install.snapshot.enabled = false (custom)
2019-08-16 03:39:55,483 INFO  server.RaftServerConfigKeys (ConfUtils.java:logGet(43)) - raft.server.log.appender.snapshot.chunk.size.max = 16MB (=16777216) (default)
2019-08-16 03:39:55,483 INFO  server.RaftServerConfigKeys (ConfUtils.java:logGet(43)) - raft.server.log.appender.buffer.byte-limit = 33554432 (custom)
2019-08-16 03:39:55,483 INFO  server.RaftServerConfigKeys (ConfUtils.java:logGet(43)) - raft.server.log.appender.buffer.element-limit = 1 (custom)
2019-08-16 03:39:55,484 INFO  grpc.GrpcConfigKeys$Server (ConfUtils.java:logGet(43)) - raft.grpc.server.leader.outstanding.appends.max = 128 (default)
2019-08-16 03:39:55,484 INFO  server.RaftServerConfigKeys (ConfUtils.java:logGet(43)) - raft.server.rpc.request.timeout = 3000ms (default)
2019-08-16 03:39:55,484 INFO  server.RaftServerConfigKeys (ConfUtils.java:logGet(43)) - raft.server.log.appender.install.snapshot.enabled = false (custom)
2019-08-16 03:39:55,484 INFO  impl.RoleInfo (RoleInfo.java:updateAndGet(143)) - 207cddf1-affb-491c-810b-b96ed76d0ea1: start LeaderState
2019-08-16 03:39:55,484 INFO  segmented.SegmentedRaftLogWorker (SegmentedRaftLogWorker.java:startLogSegment(380)) - 207cddf1-affb-491c-810b-b96ed76d0ea1-SegmentedRaftLogWorker:Storage Directory /workdir/hadoop-ozone/integration-test/target/test-dir/MiniOzoneClusterImpl-c675edf1-2c96-4517-9492-7066ed6a2cc9/datanode-5/data/ratis/8c783608-cf75-42c8-97c4-16e15eedaabe: Starting segment from index:0
2019-08-16 03:39:55,485 INFO  impl.RaftServerImpl (ServerState.java:setRaftConf(361)) - 207cddf1-affb-491c-810b-b96ed76d0ea1:group-16E15EEDAABE set configuration 0: [032a946e-3254-4dd0-899d-9e9c8e0cef5c:192.168.5.170:42970, 207cddf1-affb-491c-810b-b96ed76d0ea1:192.168.5.170:37044, 62a246b0-b12b-47e6-89f6-78f18fa2a730:192.168.5.170:39593], old=null at 0
2019-08-16 03:39:55,526 INFO  impl.LeaderElection (LeaderElection.java:askForVotes(181)) - 207cddf1-affb-491c-810b-b96ed76d0ea1:group-6B99101735D2:LeaderElection69: begin an election at term 1 for -1: [207cddf1-affb-491c-810b-b96ed76d0ea1:192.168.5.170:37044], old=null
2019-08-16 03:39:55,526 INFO  impl.RoleInfo (RoleInfo.java:shutdownLeaderElection(134)) - 207cddf1-affb-491c-810b-b96ed76d0ea1: shutdown LeaderElection
2019-08-16 03:39:55,526 INFO  impl.RaftServerImpl (RaftServerImpl.java:setRole(171)) - 207cddf1-affb-491c-810b-b96ed76d0ea1:group-6B99101735D2 changes role from CANDIDATE to LEADER at term 1 for changeToLeader
2019-08-16 03:39:55,526 INFO  impl.RaftServerImpl (ServerState.java:setLeader(263)) - 207cddf1-affb-491c-810b-b96ed76d0ea1:group-6B99101735D2 change Leader from null to 207cddf1-affb-491c-810b-b96ed76d0ea1 at term 1 for becomeLeader, leader elected after 5206ms
2019-08-16 03:39:55,527 INFO  server.RaftServerConfigKeys (ConfUtils.java:logGet(43)) - raft.server.staging.catchup.gap = 1000 (default)
2019-08-16 03:39:55,527 INFO  server.RaftServerConfigKeys (ConfUtils.java:logGet(43)) - raft.server.rpc.sleep.time = 25ms (default)
2019-08-16 03:39:55,530 INFO  impl.RaftServerImpl (ServerState.java:setLeader(263)) - 032a946e-3254-4dd0-899d-9e9c8e0cef5c:group-16E15EEDAABE change Leader from null to 207cddf1-affb-491c-810b-b96ed76d0ea1 at term 1 for appendEntries, leader elected after 5134ms
2019-08-16 03:39:55,530 INFO  server.RaftServerConfigKeys (ConfUtils.java:logGet(43)) - raft.server.write.element-limit = 4096 (default)
2019-08-16 03:39:55,532 INFO  impl.RaftServerImpl (ServerState.java:setLeader(263)) - 62a246b0-b12b-47e6-89f6-78f18fa2a730:group-16E15EEDAABE change Leader from null to 207cddf1-affb-491c-810b-b96ed76d0ea1 at term 1 for appendEntries, leader elected after 5138ms
2019-08-16 03:39:55,533 INFO  server.RaftServerConfigKeys (ConfUtils.java:logGet(43)) - raft.server.watch.timeout = 10s (default)
2019-08-16 03:39:55,533 INFO  server.RaftServerConfigKeys (ConfUtils.java:logGet(43)) - raft.server.watch.timeout.denomination = 1s (default)
2019-08-16 03:39:55,533 INFO  server.RaftServerConfigKeys (ConfUtils.java:logGet(43)) - raft.server.watch.element-limit = 65536 (default)
2019-08-16 03:39:55,534 INFO  impl.RoleInfo (RoleInfo.java:updateAndGet(143)) - 207cddf1-affb-491c-810b-b96ed76d0ea1: start LeaderState
2019-08-16 03:39:55,534 INFO  segmented.SegmentedRaftLogWorker (SegmentedRaftLogWorker.java:startLogSegment(380)) - 207cddf1-affb-491c-810b-b96ed76d0ea1-SegmentedRaftLogWorker:Storage Directory /workdir/hadoop-ozone/integration-test/target/test-dir/MiniOzoneClusterImpl-c675edf1-2c96-4517-9492-7066ed6a2cc9/datanode-5/data/ratis/403403fb-3420-4128-b68f-6b99101735d2: Starting segment from index:0
2019-08-16 03:39:55,535 INFO  impl.RaftServerImpl (ServerState.java:setRaftConf(361)) - 207cddf1-affb-491c-810b-b96ed76d0ea1:group-6B99101735D2 set configuration 0: [207cddf1-affb-491c-810b-b96ed76d0ea1:192.168.5.170:37044], old=null at 0
2019-08-16 03:39:55,575 INFO  segmented.SegmentedRaftLogWorker (SegmentedRaftLogWorker.java:execute(569)) - 207cddf1-affb-491c-810b-b96ed76d0ea1-SegmentedRaftLogWorker:Storage Directory /workdir/hadoop-ozone/integration-test/target/test-dir/MiniOzoneClusterImpl-c675edf1-2c96-4517-9492-7066ed6a2cc9/datanode-5/data/ratis/8c783608-cf75-42c8-97c4-16e15eedaabe: created new log segment /workdir/hadoop-ozone/integration-test/target/test-dir/MiniOzoneClusterImpl-c675edf1-2c96-4517-9492-7066ed6a2cc9/datanode-5/data/ratis/8c783608-cf75-42c8-97c4-16e15eedaabe/current/log_inprogress_0
2019-08-16 03:39:55,575 INFO  impl.RaftServerImpl (ServerState.java:setRaftConf(361)) - 032a946e-3254-4dd0-899d-9e9c8e0cef5c:group-16E15EEDAABE set configuration 0: [032a946e-3254-4dd0-899d-9e9c8e0cef5c:192.168.5.170:42970, 207cddf1-affb-491c-810b-b96ed76d0ea1:192.168.5.170:37044, 62a246b0-b12b-47e6-89f6-78f18fa2a730:192.168.5.170:39593], old=null at 0
2019-08-16 03:39:55,576 INFO  impl.RaftServerImpl (ServerState.java:setRaftConf(361)) - 62a246b0-b12b-47e6-89f6-78f18fa2a730:group-16E15EEDAABE set configuration 0: [032a946e-3254-4dd0-899d-9e9c8e0cef5c:192.168.5.170:42970, 207cddf1-affb-491c-810b-b96ed76d0ea1:192.168.5.170:37044, 62a246b0-b12b-47e6-89f6-78f18fa2a730:192.168.5.170:39593], old=null at 0
2019-08-16 03:39:55,576 INFO  segmented.SegmentedRaftLogWorker (SegmentedRaftLogWorker.java:startLogSegment(380)) - 032a946e-3254-4dd0-899d-9e9c8e0cef5c-SegmentedRaftLogWorker:Storage Directory /workdir/hadoop-ozone/integration-test/target/test-dir/MiniOzoneClusterImpl-c675edf1-2c96-4517-9492-7066ed6a2cc9/datanode-3/data/ratis/8c783608-cf75-42c8-97c4-16e15eedaabe: Starting segment from index:0
2019-08-16 03:39:55,576 INFO  segmented.SegmentedRaftLogWorker (SegmentedRaftLogWorker.java:startLogSegment(380)) - 62a246b0-b12b-47e6-89f6-78f18fa2a730-SegmentedRaftLogWorker:Storage Directory /workdir/hadoop-ozone/integration-test/target/test-dir/MiniOzoneClusterImpl-c675edf1-2c96-4517-9492-7066ed6a2cc9/datanode-4/data/ratis/8c783608-cf75-42c8-97c4-16e15eedaabe: Starting segment from index:0
2019-08-16 03:39:55,620 INFO  impl.FollowerState (FollowerState.java:run(106)) - a0357edf-73b1-4813-81b0-6a94f85fb2f8:group-8859E68ADC18 changes to CANDIDATE, lastRpcTime:5112, electionTimeout:5096ms
2019-08-16 03:39:55,620 INFO  segmented.SegmentedRaftLogWorker (SegmentedRaftLogWorker.java:execute(569)) - 207cddf1-affb-491c-810b-b96ed76d0ea1-SegmentedRaftLogWorker:Storage Directory /workdir/hadoop-ozone/integration-test/target/test-dir/MiniOzoneClusterImpl-c675edf1-2c96-4517-9492-7066ed6a2cc9/datanode-5/data/ratis/403403fb-3420-4128-b68f-6b99101735d2: created new log segment /workdir/hadoop-ozone/integration-test/target/test-dir/MiniOzoneClusterImpl-c675edf1-2c96-4517-9492-7066ed6a2cc9/datanode-5/data/ratis/403403fb-3420-4128-b68f-6b99101735d2/current/log_inprogress_0
2019-08-16 03:39:55,620 INFO  impl.RoleInfo (RoleInfo.java:shutdownFollowerState(121)) - a0357edf-73b1-4813-81b0-6a94f85fb2f8: shutdown FollowerState
2019-08-16 03:39:55,620 INFO  impl.RaftServerImpl (RaftServerImpl.java:setRole(171)) - a0357edf-73b1-4813-81b0-6a94f85fb2f8:group-8859E68ADC18 changes role from FOLLOWER to CANDIDATE at term 0 for changeToCandidate
2019-08-16 03:39:55,620 INFO  impl.RoleInfo (RoleInfo.java:updateAndGet(143)) - a0357edf-73b1-4813-81b0-6a94f85fb2f8: start LeaderElection
2019-08-16 03:39:55,626 INFO  client.GrpcClientProtocolClient (GrpcClientProtocolClient.java:onNext(255)) - client-50B0E7BD995A->d8fe6648-8fca-4461-acc7-7dd89eab0461: receive RaftClientReply:client-50B0E7BD995A->d8fe6648-8fca-4461-acc7-7dd89eab0461@group-52EAC70CBEE3, cid=163, FAILED org.apache.ratis.protocol.NotLeaderException: Server d8fe6648-8fca-4461-acc7-7dd89eab0461 is not the leader (0d6a3bb5-5c5f-4efb-8f32-c0c6b563cde1:192.168.5.170:40415). Request must be sent to leader., logIndex=0, commits[d8fe6648-8fca-4461-acc7-7dd89eab0461:c-1, c849b413-d177-4dae-9cd9-400b5add377a:c-1, 0d6a3bb5-5c5f-4efb-8f32-c0c6b563cde1:c-1]
2019-08-16 03:39:55,632 INFO  segmented.SegmentedRaftLogWorker (SegmentedRaftLogWorker.java:execute(569)) - 62a246b0-b12b-47e6-89f6-78f18fa2a730-SegmentedRaftLogWorker:Storage Directory /workdir/hadoop-ozone/integration-test/target/test-dir/MiniOzoneClusterImpl-c675edf1-2c96-4517-9492-7066ed6a2cc9/datanode-4/data/ratis/8c783608-cf75-42c8-97c4-16e15eedaabe: created new log segment /workdir/hadoop-ozone/integration-test/target/test-dir/MiniOzoneClusterImpl-c675edf1-2c96-4517-9492-7066ed6a2cc9/datanode-4/data/ratis/8c783608-cf75-42c8-97c4-16e15eedaabe/current/log_inprogress_0
2019-08-16 03:39:55,632 INFO  impl.LeaderElection (LeaderElection.java:askForVotes(181)) - a0357edf-73b1-4813-81b0-6a94f85fb2f8:group-8859E68ADC18:LeaderElection70: begin an election at term 1 for -1: [a0357edf-73b1-4813-81b0-6a94f85fb2f8:192.168.5.170:35863], old=null
2019-08-16 03:39:55,632 INFO  segmented.SegmentedRaftLogWorker (SegmentedRaftLogWorker.java:execute(569)) - 032a946e-3254-4dd0-899d-9e9c8e0cef5c-SegmentedRaftLogWorker:Storage Directory /workdir/hadoop-ozone/integration-test/target/test-dir/MiniOzoneClusterImpl-c675edf1-2c96-4517-9492-7066ed6a2cc9/datanode-3/data/ratis/8c783608-cf75-42c8-97c4-16e15eedaabe: created new log segment /workdir/hadoop-ozone/integration-test/target/test-dir/MiniOzoneClusterImpl-c675edf1-2c96-4517-9492-7066ed6a2cc9/datanode-3/data/ratis/8c783608-cf75-42c8-97c4-16e15eedaabe/current/log_inprogress_0
2019-08-16 03:39:55,633 INFO  impl.RoleInfo (RoleInfo.java:shutdownLeaderElection(134)) - a0357edf-73b1-4813-81b0-6a94f85fb2f8: shutdown LeaderElection
2019-08-16 03:39:55,633 INFO  impl.RaftServerImpl (RaftServerImpl.java:setRole(171)) - a0357edf-73b1-4813-81b0-6a94f85fb2f8:group-8859E68ADC18 changes role from CANDIDATE to LEADER at term 1 for changeToLeader
2019-08-16 03:39:55,633 INFO  impl.RaftServerImpl (ServerState.java:setLeader(263)) - a0357edf-73b1-4813-81b0-6a94f85fb2f8:group-8859E68ADC18 change Leader from null to a0357edf-73b1-4813-81b0-6a94f85fb2f8 at term 1 for becomeLeader, leader elected after 5131ms
2019-08-16 03:39:55,633 INFO  server.RaftServerConfigKeys (ConfUtils.java:logGet(43)) - raft.server.staging.catchup.gap = 1000 (default)
2019-08-16 03:39:55,633 INFO  server.RaftServerConfigKeys (ConfUtils.java:logGet(43)) - raft.server.rpc.sleep.time = 25ms (default)
2019-08-16 03:39:55,634 INFO  server.RaftServerConfigKeys (ConfUtils.java:logGet(43)) - raft.server.write.element-limit = 4096 (default)
2019-08-16 03:39:55,634 INFO  server.RaftServerConfigKeys (ConfUtils.java:logGet(43)) - raft.server.watch.timeout = 10s (default)
2019-08-16 03:39:55,634 INFO  server.RaftServerConfigKeys (ConfUtils.java:logGet(43)) - raft.server.watch.timeout.denomination = 1s (default)
2019-08-16 03:39:55,634 INFO  server.RaftServerConfigKeys (ConfUtils.java:logGet(43)) - raft.server.watch.element-limit = 65536 (default)
2019-08-16 03:39:55,634 INFO  impl.RoleInfo (RoleInfo.java:updateAndGet(143)) - a0357edf-73b1-4813-81b0-6a94f85fb2f8: start LeaderState
2019-08-16 03:39:55,635 INFO  segmented.SegmentedRaftLogWorker (SegmentedRaftLogWorker.java:startLogSegment(380)) - a0357edf-73b1-4813-81b0-6a94f85fb2f8-SegmentedRaftLogWorker:Storage Directory /workdir/hadoop-ozone/integration-test/target/test-dir/MiniOzoneClusterImpl-c675edf1-2c96-4517-9492-7066ed6a2cc9/datanode-6/data/ratis/58e04812-7a29-4a94-9f88-8859e68adc18: Starting segment from index:0
2019-08-16 03:39:55,635 INFO  impl.RaftServerImpl (ServerState.java:setRaftConf(361)) - a0357edf-73b1-4813-81b0-6a94f85fb2f8:group-8859E68ADC18 set configuration 0: [a0357edf-73b1-4813-81b0-6a94f85fb2f8:192.168.5.170:35863], old=null at 0
2019-08-16 03:39:55,678 INFO  segmented.SegmentedRaftLogWorker (SegmentedRaftLogWorker.java:execute(569)) - a0357edf-73b1-4813-81b0-6a94f85fb2f8-SegmentedRaftLogWorker:Storage Directory /workdir/hadoop-ozone/integration-test/target/test-dir/MiniOzoneClusterImpl-c675edf1-2c96-4517-9492-7066ed6a2cc9/datanode-6/data/ratis/58e04812-7a29-4a94-9f88-8859e68adc18: created new log segment /workdir/hadoop-ozone/integration-test/target/test-dir/MiniOzoneClusterImpl-c675edf1-2c96-4517-9492-7066ed6a2cc9/datanode-6/data/ratis/58e04812-7a29-4a94-9f88-8859e68adc18/current/log_inprogress_0
2019-08-16 03:39:55,767 INFO  client.GrpcClientProtocolClient (GrpcClientProtocolClient.java:onNext(255)) - client-50B0E7BD995A->0d6a3bb5-5c5f-4efb-8f32-c0c6b563cde1: receive RaftClientReply:client-50B0E7BD995A->0d6a3bb5-5c5f-4efb-8f32-c0c6b563cde1@group-52EAC70CBEE3, cid=163, SUCCESS, logIndex=1, commits[0d6a3bb5-5c5f-4efb-8f32-c0c6b563cde1:c1, c849b413-d177-4dae-9cd9-400b5add377a:c0, d8fe6648-8fca-4461-acc7-7dd89eab0461:c0]
2019-08-16 03:39:55,792 INFO  client.GrpcClientProtocolClient (GrpcClientProtocolClient.java:onNext(255)) - client-50B0E7BD995A->0d6a3bb5-5c5f-4efb-8f32-c0c6b563cde1: receive RaftClientReply:client-50B0E7BD995A->0d6a3bb5-5c5f-4efb-8f32-c0c6b563cde1@group-52EAC70CBEE3, cid=164, SUCCESS, logIndex=3, commits[0d6a3bb5-5c5f-4efb-8f32-c0c6b563cde1:c3, c849b413-d177-4dae-9cd9-400b5add377a:c1, d8fe6648-8fca-4461-acc7-7dd89eab0461:c1]
2019-08-16 03:39:55,871 INFO  client.GrpcClientProtocolClient (GrpcClientProtocolClient.java:onNext(255)) - client-50B0E7BD995A->0d6a3bb5-5c5f-4efb-8f32-c0c6b563cde1: receive RaftClientReply:client-50B0E7BD995A->0d6a3bb5-5c5f-4efb-8f32-c0c6b563cde1@group-52EAC70CBEE3, cid=165, SUCCESS, logIndex=4, commits[0d6a3bb5-5c5f-4efb-8f32-c0c6b563cde1:c12, c849b413-d177-4dae-9cd9-400b5add377a:c7, d8fe6648-8fca-4461-acc7-7dd89eab0461:c7]
2019-08-16 03:39:55,883 INFO  client.GrpcClientProtocolClient (GrpcClientProtocolClient.java:onNext(255)) - client-50B0E7BD995A->0d6a3bb5-5c5f-4efb-8f32-c0c6b563cde1: receive RaftClientReply:client-50B0E7BD995A->0d6a3bb5-5c5f-4efb-8f32-c0c6b563cde1@group-52EAC70CBEE3, cid=166, SUCCESS, logIndex=5, commits[0d6a3bb5-5c5f-4efb-8f32-c0c6b563cde1:c12, c849b413-d177-4dae-9cd9-400b5add377a:c7, d8fe6648-8fca-4461-acc7-7dd89eab0461:c7]
2019-08-16 03:39:55,884 INFO  client.GrpcClientProtocolClient (GrpcClientProtocolClient.java:onNext(255)) - client-50B0E7BD995A->0d6a3bb5-5c5f-4efb-8f32-c0c6b563cde1: receive RaftClientReply:client-50B0E7BD995A->0d6a3bb5-5c5f-4efb-8f32-c0c6b563cde1@group-52EAC70CBEE3, cid=167, SUCCESS, logIndex=6, commits[0d6a3bb5-5c5f-4efb-8f32-c0c6b563cde1:c12, c849b413-d177-4dae-9cd9-400b5add377a:c7, d8fe6648-8fca-4461-acc7-7dd89eab0461:c7]
2019-08-16 03:39:55,922 INFO  client.GrpcClientProtocolClient (GrpcClientProtocolClient.java:onNext(255)) - client-50B0E7BD995A->0d6a3bb5-5c5f-4efb-8f32-c0c6b563cde1: receive RaftClientReply:client-50B0E7BD995A->0d6a3bb5-5c5f-4efb-8f32-c0c6b563cde1@group-52EAC70CBEE3, cid=168, SUCCESS, logIndex=7, commits[0d6a3bb5-5c5f-4efb-8f32-c0c6b563cde1:c12, c849b413-d177-4dae-9cd9-400b5add377a:c7, d8fe6648-8fca-4461-acc7-7dd89eab0461:c7]
2019-08-16 03:39:55,938 INFO  client.GrpcClientProtocolClient (GrpcClientProtocolClient.java:onNext(255)) - client-50B0E7BD995A->0d6a3bb5-5c5f-4efb-8f32-c0c6b563cde1: receive RaftClientReply:client-50B0E7BD995A->0d6a3bb5-5c5f-4efb-8f32-c0c6b563cde1@group-52EAC70CBEE3, cid=169, SUCCESS, logIndex=13, commits[0d6a3bb5-5c5f-4efb-8f32-c0c6b563cde1:c13, c849b413-d177-4dae-9cd9-400b5add377a:c12, d8fe6648-8fca-4461-acc7-7dd89eab0461:c12]
2019-08-16 03:39:55,940 INFO  client.GrpcClientProtocolClient (GrpcClientProtocolClient.java:onNext(255)) - client-50B0E7BD995A->0d6a3bb5-5c5f-4efb-8f32-c0c6b563cde1: receive RaftClientReply:client-50B0E7BD995A->0d6a3bb5-5c5f-4efb-8f32-c0c6b563cde1@group-52EAC70CBEE3, cid=170, SUCCESS, logIndex=14, commits[0d6a3bb5-5c5f-4efb-8f32-c0c6b563cde1:c14, c849b413-d177-4dae-9cd9-400b5add377a:c12, d8fe6648-8fca-4461-acc7-7dd89eab0461:c12]
2019-08-16 03:39:56,942 WARN  scm.XceiverClientRatis (XceiverClientRatis.java:watchForCommit(262)) - 3 way commit failed on pipeline Pipeline[ Id: 5090e916-a3db-4511-894d-52eac70cbee3, Nodes: c849b413-d177-4dae-9cd9-400b5add377a{ip: 192.168.5.170, host: byscane-nightly-5jrvm-589107607, networkLocation: /default-rack, certSerialId: null}d8fe6648-8fca-4461-acc7-7dd89eab0461{ip: 192.168.5.170, host: byscane-nightly-5jrvm-589107607, networkLocation: /default-rack, certSerialId: null}0d6a3bb5-5c5f-4efb-8f32-c0c6b563cde1{ip: 192.168.5.170, host: byscane-nightly-5jrvm-589107607, networkLocation: /default-rack, certSerialId: null}, Type:RATIS, Factor:THREE, State:OPEN]
java.util.concurrent.TimeoutException
	at java.util.concurrent.CompletableFuture.timedGet(CompletableFuture.java:1771)
	at java.util.concurrent.CompletableFuture.get(CompletableFuture.java:1915)
	at org.apache.hadoop.hdds.scm.XceiverClientRatis.watchForCommit(XceiverClientRatis.java:259)
	at org.apache.hadoop.hdds.scm.storage.CommitWatcher.watchForCommit(CommitWatcher.java:194)
	at org.apache.hadoop.hdds.scm.storage.CommitWatcher.watchOnLastIndex(CommitWatcher.java:157)
	at org.apache.hadoop.hdds.scm.storage.BlockOutputStream.watchForCommit(BlockOutputStream.java:347)
	at org.apache.hadoop.hdds.scm.storage.BlockOutputStream.handleFlush(BlockOutputStream.java:479)
	at org.apache.hadoop.hdds.scm.storage.BlockOutputStream.flush(BlockOutputStream.java:428)
	at org.apache.hadoop.ozone.client.io.BlockOutputStreamEntry.flush(BlockOutputStreamEntry.java:136)
	at org.apache.hadoop.ozone.client.io.KeyOutputStream.handleFlushOrClose(KeyOutputStream.java:442)
	at org.apache.hadoop.ozone.client.io.KeyOutputStream.flush(KeyOutputStream.java:396)
	at org.apache.hadoop.ozone.client.io.OzoneOutputStream.flush(OzoneOutputStream.java:54)
	at org.apache.hadoop.ozone.client.rpc.TestBlockOutputStreamWithFailures.testWatchForCommitDatanodeFailure(TestBlockOutputStreamWithFailures.java:330)
	at sun.reflect.NativeMethodAccessorImpl.invoke0(Native Method)
	at sun.reflect.NativeMethodAccessorImpl.invoke(NativeMethodAccessorImpl.java:62)
	at sun.reflect.DelegatingMethodAccessorImpl.invoke(DelegatingMethodAccessorImpl.java:43)
	at java.lang.reflect.Method.invoke(Method.java:498)
	at org.junit.runners.model.FrameworkMethod$1.runReflectiveCall(FrameworkMethod.java:47)
	at org.junit.internal.runners.model.ReflectiveCallable.run(ReflectiveCallable.java:12)
	at org.junit.runners.model.FrameworkMethod.invokeExplosively(FrameworkMethod.java:44)
	at org.junit.internal.runners.statements.InvokeMethod.evaluate(InvokeMethod.java:17)
	at org.junit.internal.runners.statements.RunBefores.evaluate(RunBefores.java:26)
	at org.junit.internal.runners.statements.RunAfters.evaluate(RunAfters.java:27)
	at org.junit.runners.ParentRunner.runLeaf(ParentRunner.java:271)
	at org.junit.runners.BlockJUnit4ClassRunner.runChild(BlockJUnit4ClassRunner.java:70)
	at org.junit.runners.BlockJUnit4ClassRunner.runChild(BlockJUnit4ClassRunner.java:50)
	at org.junit.runners.ParentRunner$3.run(ParentRunner.java:238)
	at org.junit.runners.ParentRunner$1.schedule(ParentRunner.java:63)
	at org.junit.runners.ParentRunner.runChildren(ParentRunner.java:236)
	at org.junit.runners.ParentRunner.access$000(ParentRunner.java:53)
	at org.junit.runners.ParentRunner$2.evaluate(ParentRunner.java:229)
	at org.junit.runners.ParentRunner.run(ParentRunner.java:309)
	at org.apache.maven.surefire.junit4.JUnit4Provider.execute(JUnit4Provider.java:365)
	at org.apache.maven.surefire.junit4.JUnit4Provider.executeWithRerun(JUnit4Provider.java:273)
	at org.apache.maven.surefire.junit4.JUnit4Provider.executeTestSet(JUnit4Provider.java:238)
	at org.apache.maven.surefire.junit4.JUnit4Provider.invoke(JUnit4Provider.java:159)
	at org.apache.maven.surefire.booter.ForkedBooter.invokeProviderInSameClassLoader(ForkedBooter.java:384)
	at org.apache.maven.surefire.booter.ForkedBooter.runSuitesInProcess(ForkedBooter.java:345)
	at org.apache.maven.surefire.booter.ForkedBooter.execute(ForkedBooter.java:126)
	at org.apache.maven.surefire.booter.ForkedBooter.main(ForkedBooter.java:418)
2019-08-16 03:39:57,945 WARN  storage.CommitWatcher (CommitWatcher.java:watchForCommit(203)) - watchForCommit failed for index 14
java.util.concurrent.TimeoutException
	at java.util.concurrent.CompletableFuture.timedGet(CompletableFuture.java:1771)
	at java.util.concurrent.CompletableFuture.get(CompletableFuture.java:1915)
	at org.apache.hadoop.hdds.scm.XceiverClientRatis.watchForCommit(XceiverClientRatis.java:268)
	at org.apache.hadoop.hdds.scm.storage.CommitWatcher.watchForCommit(CommitWatcher.java:194)
	at org.apache.hadoop.hdds.scm.storage.CommitWatcher.watchOnLastIndex(CommitWatcher.java:157)
	at org.apache.hadoop.hdds.scm.storage.BlockOutputStream.watchForCommit(BlockOutputStream.java:347)
	at org.apache.hadoop.hdds.scm.storage.BlockOutputStream.handleFlush(BlockOutputStream.java:479)
	at org.apache.hadoop.hdds.scm.storage.BlockOutputStream.flush(BlockOutputStream.java:428)
	at org.apache.hadoop.ozone.client.io.BlockOutputStreamEntry.flush(BlockOutputStreamEntry.java:136)
	at org.apache.hadoop.ozone.client.io.KeyOutputStream.handleFlushOrClose(KeyOutputStream.java:442)
	at org.apache.hadoop.ozone.client.io.KeyOutputStream.flush(KeyOutputStream.java:396)
	at org.apache.hadoop.ozone.client.io.OzoneOutputStream.flush(OzoneOutputStream.java:54)
	at org.apache.hadoop.ozone.client.rpc.TestBlockOutputStreamWithFailures.testWatchForCommitDatanodeFailure(TestBlockOutputStreamWithFailures.java:330)
	at sun.reflect.NativeMethodAccessorImpl.invoke0(Native Method)
	at sun.reflect.NativeMethodAccessorImpl.invoke(NativeMethodAccessorImpl.java:62)
	at sun.reflect.DelegatingMethodAccessorImpl.invoke(DelegatingMethodAccessorImpl.java:43)
	at java.lang.reflect.Method.invoke(Method.java:498)
	at org.junit.runners.model.FrameworkMethod$1.runReflectiveCall(FrameworkMethod.java:47)
	at org.junit.internal.runners.model.ReflectiveCallable.run(ReflectiveCallable.java:12)
	at org.junit.runners.model.FrameworkMethod.invokeExplosively(FrameworkMethod.java:44)
	at org.junit.internal.runners.statements.InvokeMethod.evaluate(InvokeMethod.java:17)
	at org.junit.internal.runners.statements.RunBefores.evaluate(RunBefores.java:26)
	at org.junit.internal.runners.statements.RunAfters.evaluate(RunAfters.java:27)
	at org.junit.runners.ParentRunner.runLeaf(ParentRunner.java:271)
	at org.junit.runners.BlockJUnit4ClassRunner.runChild(BlockJUnit4ClassRunner.java:70)
	at org.junit.runners.BlockJUnit4ClassRunner.runChild(BlockJUnit4ClassRunner.java:50)
	at org.junit.runners.ParentRunner$3.run(ParentRunner.java:238)
	at org.junit.runners.ParentRunner$1.schedule(ParentRunner.java:63)
	at org.junit.runners.ParentRunner.runChildren(ParentRunner.java:236)
	at org.junit.runners.ParentRunner.access$000(ParentRunner.java:53)
	at org.junit.runners.ParentRunner$2.evaluate(ParentRunner.java:229)
	at org.junit.runners.ParentRunner.run(ParentRunner.java:309)
	at org.apache.maven.surefire.junit4.JUnit4Provider.execute(JUnit4Provider.java:365)
	at org.apache.maven.surefire.junit4.JUnit4Provider.executeWithRerun(JUnit4Provider.java:273)
	at org.apache.maven.surefire.junit4.JUnit4Provider.executeTestSet(JUnit4Provider.java:238)
	at org.apache.maven.surefire.junit4.JUnit4Provider.invoke(JUnit4Provider.java:159)
	at org.apache.maven.surefire.booter.ForkedBooter.invokeProviderInSameClassLoader(ForkedBooter.java:384)
	at org.apache.maven.surefire.booter.ForkedBooter.runSuitesInProcess(ForkedBooter.java:345)
	at org.apache.maven.surefire.booter.ForkedBooter.execute(ForkedBooter.java:126)
	at org.apache.maven.surefire.booter.ForkedBooter.main(ForkedBooter.java:418)
2019-08-16 03:39:57,946 WARN  io.KeyOutputStream (KeyOutputStream.java:handleException(276)) - Encountered exception java.io.IOException: Unexpected Storage Container Exception: java.io.IOException: Unexpected Storage Container Exception: java.util.concurrent.TimeoutException on the pipeline Pipeline[ Id: 5090e916-a3db-4511-894d-52eac70cbee3, Nodes: c849b413-d177-4dae-9cd9-400b5add377a{ip: 192.168.5.170, host: byscane-nightly-5jrvm-589107607, networkLocation: /default-rack, certSerialId: null}d8fe6648-8fca-4461-acc7-7dd89eab0461{ip: 192.168.5.170, host: byscane-nightly-5jrvm-589107607, networkLocation: /default-rack, certSerialId: null}0d6a3bb5-5c5f-4efb-8f32-c0c6b563cde1{ip: 192.168.5.170, host: byscane-nightly-5jrvm-589107607, networkLocation: /default-rack, certSerialId: null}, Type:RATIS, Factor:THREE, State:OPEN]. The last committed block length is 400, uncommitted data length is 50 retry count 0
2019-08-16 03:39:57,985 INFO  client.GrpcClientProtocolClient (GrpcClientProtocolClient.java:onNext(255)) - client-5FD0D1F35C18->032a946e-3254-4dd0-899d-9e9c8e0cef5c: receive RaftClientReply:client-5FD0D1F35C18->032a946e-3254-4dd0-899d-9e9c8e0cef5c@group-16E15EEDAABE, cid=173, FAILED org.apache.ratis.protocol.NotLeaderException: Server 032a946e-3254-4dd0-899d-9e9c8e0cef5c is not the leader (207cddf1-affb-491c-810b-b96ed76d0ea1:192.168.5.170:37044). Request must be sent to leader., logIndex=0, commits[032a946e-3254-4dd0-899d-9e9c8e0cef5c:c-1, 207cddf1-affb-491c-810b-b96ed76d0ea1:c-1, 62a246b0-b12b-47e6-89f6-78f18fa2a730:c-1]
2019-08-16 03:39:58,205 INFO  client.GrpcClientProtocolClient (GrpcClientProtocolClient.java:onNext(255)) - client-5FD0D1F35C18->207cddf1-affb-491c-810b-b96ed76d0ea1: receive RaftClientReply:client-5FD0D1F35C18->207cddf1-affb-491c-810b-b96ed76d0ea1@group-16E15EEDAABE, cid=173, SUCCESS, logIndex=1, commits[207cddf1-affb-491c-810b-b96ed76d0ea1:c1, 032a946e-3254-4dd0-899d-9e9c8e0cef5c:c0, 62a246b0-b12b-47e6-89f6-78f18fa2a730:c0]
2019-08-16 03:39:58,248 INFO  client.GrpcClientProtocolClient (GrpcClientProtocolClient.java:onNext(255)) - client-5FD0D1F35C18->207cddf1-affb-491c-810b-b96ed76d0ea1: receive RaftClientReply:client-5FD0D1F35C18->207cddf1-affb-491c-810b-b96ed76d0ea1@group-16E15EEDAABE, cid=174, SUCCESS, logIndex=3, commits[207cddf1-affb-491c-810b-b96ed76d0ea1:c4, 032a946e-3254-4dd0-899d-9e9c8e0cef5c:c3, 62a246b0-b12b-47e6-89f6-78f18fa2a730:c3]
2019-08-16 03:39:58,249 INFO  ozone.MiniOzoneClusterImpl (MiniOzoneClusterImpl.java:shutdown(321)) - Shutting down the Mini Ozone Cluster
2019-08-16 03:39:58,249 INFO  ozone.MiniOzoneClusterImpl (MiniOzoneClusterImpl.java:stop(336)) - Stopping the Mini Ozone Cluster
2019-08-16 03:39:58,250 INFO  ozone.MiniOzoneClusterImpl (MiniOzoneClusterImpl.java:stop(338)) - Stopping the OzoneManager
2019-08-16 03:39:58,250 INFO  ipc.Server (Server.java:stop(3082)) - Stopping server on 46870
2019-08-16 03:39:58,262 INFO  ipc.Server (Server.java:run(1185)) - Stopping IPC Server listener on 46870
2019-08-16 03:39:58,265 INFO  ipc.Server (Server.java:run(1319)) - Stopping IPC Server Responder
2019-08-16 03:39:58,265 INFO  utils.BackgroundService (BackgroundService.java:shutdown(148)) - Shutting down service KeyDeletingService
2019-08-16 03:39:58,284 INFO  handler.ContextHandler (ContextHandler.java:doStop(910)) - Stopped o.e.j.w.WebAppContext@684a34f4{/,null,UNAVAILABLE}{/ozoneManager}
2019-08-16 03:39:58,285 INFO  server.AbstractConnector (AbstractConnector.java:doStop(318)) - Stopped ServerConnector@52ec5ba6{HTTP/1.1,[http/1.1]}{0.0.0.0:0}
2019-08-16 03:39:58,286 INFO  handler.ContextHandler (ContextHandler.java:doStop(910)) - Stopped o.e.j.s.ServletContextHandler@234dfc8e{/static,file:///workdir/hadoop-ozone/integration-test/target/test-classes/webapps/static,UNAVAILABLE}
2019-08-16 03:39:58,286 INFO  handler.ContextHandler (ContextHandler.java:doStop(910)) - Stopped o.e.j.s.ServletContextHandler@12f32f99{/logs,file:///workdir/hadoop-ozone/integration-test/target/log,UNAVAILABLE}
2019-08-16 03:39:58,290 INFO  ozone.MiniOzoneClusterImpl (MiniOzoneClusterImpl.java:stop(344)) - Shutting the HddsDatanodes
2019-08-16 03:39:58,290 INFO  datanode.ObjectStoreHandler (ObjectStoreHandler.java:close(155)) - Closing ObjectStoreHandler.
2019-08-16 03:39:58,291 INFO  datanode.ObjectStoreHandler (ObjectStoreHandler.java:close(155)) - Closing ObjectStoreHandler.
2019-08-16 03:39:58,291 INFO  ozone.HddsDatanodeService (HddsDatanodeService.java:stop(451)) - Stopped plug-in org.apache.hadoop.ozone.web.OzoneHddsDatanodeService@30ffc3c0
2019-08-16 03:39:58,291 INFO  ozone.HddsDatanodeService (HddsDatanodeService.java:stop(451)) - Stopped plug-in org.apache.hadoop.ozone.web.OzoneHddsDatanodeService@744c16fb
2019-08-16 03:39:58,464 INFO  client.GrpcClientProtocolClient (GrpcClientProtocolClient.java:onNext(255)) - client-50B0E7BD995A->0d6a3bb5-5c5f-4efb-8f32-c0c6b563cde1: receive RaftClientReply:client-50B0E7BD995A->0d6a3bb5-5c5f-4efb-8f32-c0c6b563cde1@group-52EAC70CBEE3, cid=172, SUCCESS, logIndex=0, commits[0d6a3bb5-5c5f-4efb-8f32-c0c6b563cde1:c16, c849b413-d177-4dae-9cd9-400b5add377a:c13, d8fe6648-8fca-4461-acc7-7dd89eab0461:c16]
2019-08-16 03:39:58,465 INFO  client.GrpcClientProtocolClient (GrpcClientProtocolClient.java:onNext(255)) - client-50B0E7BD995A->0d6a3bb5-5c5f-4efb-8f32-c0c6b563cde1: receive RaftClientReply:client-50B0E7BD995A->0d6a3bb5-5c5f-4efb-8f32-c0c6b563cde1@group-52EAC70CBEE3, cid=171, SUCCESS, logIndex=0, commits[0d6a3bb5-5c5f-4efb-8f32-c0c6b563cde1:c16, c849b413-d177-4dae-9cd9-400b5add377a:c16, d8fe6648-8fca-4461-acc7-7dd89eab0461:c16]
2019-08-16 03:39:58,747 INFO  statemachine.DatanodeStateMachine (DatanodeStateMachine.java:lambda$startDaemon$0(350)) - Ozone container server started.
2019-08-16 03:39:59,195 INFO  statemachine.DatanodeStateMachine (DatanodeStateMachine.java:lambda$startDaemon$0(350)) - Ozone container server started.
2019-08-16 03:40:02,794 INFO  node.StaleNodeHandler (StaleNodeHandler.java:onMessage(58)) - Datanode c849b413-d177-4dae-9cd9-400b5add377a{ip: 192.168.5.170, host: byscane-nightly-5jrvm-589107607, networkLocation: /default-rack, certSerialId: null} moved to stale state. Finalizing its pipelines [PipelineID=aafffc00-914d-4bfb-9b48-dcf2cb629a30, PipelineID=5090e916-a3db-4511-894d-52eac70cbee3]
2019-08-16 03:40:02,795 INFO  pipeline.SCMPipelineManager (SCMPipelineManager.java:finalizeAndDestroyPipeline(309)) - destroying pipeline:Pipeline[ Id: aafffc00-914d-4bfb-9b48-dcf2cb629a30, Nodes: c849b413-d177-4dae-9cd9-400b5add377a{ip: 192.168.5.170, host: byscane-nightly-5jrvm-589107607, networkLocation: /default-rack, certSerialId: null}, Type:RATIS, Factor:ONE, State:OPEN]
2019-08-16 03:40:02,795 INFO  pipeline.PipelineStateManager (PipelineStateManager.java:finalizePipeline(123)) - Pipeline Pipeline[ Id: aafffc00-914d-4bfb-9b48-dcf2cb629a30, Nodes: c849b413-d177-4dae-9cd9-400b5add377a{ip: 192.168.5.170, host: byscane-nightly-5jrvm-589107607, networkLocation: /default-rack, certSerialId: null}, Type:RATIS, Factor:ONE, State:CLOSED] moved to CLOSED state
2019-08-16 03:40:02,795 INFO  pipeline.SCMPipelineManager (SCMPipelineManager.java:finalizeAndDestroyPipeline(309)) - destroying pipeline:Pipeline[ Id: 5090e916-a3db-4511-894d-52eac70cbee3, Nodes: c849b413-d177-4dae-9cd9-400b5add377a{ip: 192.168.5.170, host: byscane-nightly-5jrvm-589107607, networkLocation: /default-rack, certSerialId: null}d8fe6648-8fca-4461-acc7-7dd89eab0461{ip: 192.168.5.170, host: byscane-nightly-5jrvm-589107607, networkLocation: /default-rack, certSerialId: null}0d6a3bb5-5c5f-4efb-8f32-c0c6b563cde1{ip: 192.168.5.170, host: byscane-nightly-5jrvm-589107607, networkLocation: /default-rack, certSerialId: null}, Type:RATIS, Factor:THREE, State:OPEN]
2019-08-16 03:40:02,795 INFO  pipeline.PipelineStateManager (PipelineStateManager.java:finalizePipeline(123)) - Pipeline Pipeline[ Id: 5090e916-a3db-4511-894d-52eac70cbee3, Nodes: c849b413-d177-4dae-9cd9-400b5add377a{ip: 192.168.5.170, host: byscane-nightly-5jrvm-589107607, networkLocation: /default-rack, certSerialId: null}d8fe6648-8fca-4461-acc7-7dd89eab0461{ip: 192.168.5.170, host: byscane-nightly-5jrvm-589107607, networkLocation: /default-rack, certSerialId: null}0d6a3bb5-5c5f-4efb-8f32-c0c6b563cde1{ip: 192.168.5.170, host: byscane-nightly-5jrvm-589107607, networkLocation: /default-rack, certSerialId: null}, Type:RATIS, Factor:THREE, State:CLOSED] moved to CLOSED state
2019-08-16 03:40:02,796 INFO  container.CloseContainerEventHandler (CloseContainerEventHandler.java:onMessage(61)) - Close container Event triggered for container : #1
2019-08-16 03:40:03,292 INFO  ozoneimpl.OzoneContainer (OzoneContainer.java:stop(199)) - Attempting to stop container services.
2019-08-16 03:40:03,292 INFO  ozoneimpl.OzoneContainer (OzoneContainer.java:stop(199)) - Attempting to stop container services.
2019-08-16 03:40:03,293 INFO  impl.RaftServerProxy (RaftServerProxy.java:lambda$close$4(314)) - 62a246b0-b12b-47e6-89f6-78f18fa2a730: close
2019-08-16 03:40:03,293 INFO  impl.RaftServerProxy (RaftServerProxy.java:lambda$close$4(314)) - c849b413-d177-4dae-9cd9-400b5add377a: close
2019-08-16 03:40:03,294 INFO  impl.RaftServerImpl (RaftServerImpl.java:lambda$shutdown$3(245)) - 62a246b0-b12b-47e6-89f6-78f18fa2a730: shutdown group-D8D00006A63A
2019-08-16 03:40:03,294 INFO  impl.RaftServerImpl (RaftServerImpl.java:lambda$shutdown$3(245)) - c849b413-d177-4dae-9cd9-400b5add377a: shutdown group-DCF2CB629A30
2019-08-16 03:40:03,294 INFO  util.JmxRegister (JmxRegister.java:unregister(73)) - Successfully un-registered JMX Bean with object name Ratis:service=RaftServer,group=group-D8D00006A63A,id=62a246b0-b12b-47e6-89f6-78f18fa2a730
2019-08-16 03:40:03,294 INFO  util.JmxRegister (JmxRegister.java:unregister(73)) - Successfully un-registered JMX Bean with object name Ratis:service=RaftServer,group=group-DCF2CB629A30,id=c849b413-d177-4dae-9cd9-400b5add377a
2019-08-16 03:40:03,295 INFO  node.StaleNodeHandler (StaleNodeHandler.java:onMessage(58)) - Datanode 62a246b0-b12b-47e6-89f6-78f18fa2a730{ip: 192.168.5.170, host: byscane-nightly-5jrvm-589107607, networkLocation: /default-rack, certSerialId: null} moved to stale state. Finalizing its pipelines [PipelineID=44ff2107-fc5f-4617-abc9-d8d00006a63a, PipelineID=8c783608-cf75-42c8-97c4-16e15eedaabe]
2019-08-16 03:40:03,295 INFO  impl.RoleInfo (RoleInfo.java:shutdownLeaderState(104)) - 62a246b0-b12b-47e6-89f6-78f18fa2a730: shutdown LeaderState
2019-08-16 03:40:03,295 INFO  pipeline.SCMPipelineManager (SCMPipelineManager.java:finalizeAndDestroyPipeline(309)) - destroying pipeline:Pipeline[ Id: 44ff2107-fc5f-4617-abc9-d8d00006a63a, Nodes: 62a246b0-b12b-47e6-89f6-78f18fa2a730{ip: 192.168.5.170, host: byscane-nightly-5jrvm-589107607, networkLocation: /default-rack, certSerialId: null}, Type:RATIS, Factor:ONE, State:OPEN]
2019-08-16 03:40:03,295 INFO  impl.RoleInfo (RoleInfo.java:shutdownLeaderState(104)) - c849b413-d177-4dae-9cd9-400b5add377a: shutdown LeaderState
2019-08-16 03:40:03,296 INFO  pipeline.PipelineStateManager (PipelineStateManager.java:finalizePipeline(123)) - Pipeline Pipeline[ Id: 44ff2107-fc5f-4617-abc9-d8d00006a63a, Nodes: 62a246b0-b12b-47e6-89f6-78f18fa2a730{ip: 192.168.5.170, host: byscane-nightly-5jrvm-589107607, networkLocation: /default-rack, certSerialId: null}, Type:RATIS, Factor:ONE, State:CLOSED] moved to CLOSED state
2019-08-16 03:40:03,296 INFO  impl.PendingRequests (PendingRequests.java:sendNotLeaderResponses(202)) - 62a246b0-b12b-47e6-89f6-78f18fa2a730-PendingRequests: sendNotLeaderResponses
2019-08-16 03:40:03,297 INFO  pipeline.SCMPipelineManager (SCMPipelineManager.java:finalizeAndDestroyPipeline(309)) - destroying pipeline:Pipeline[ Id: 8c783608-cf75-42c8-97c4-16e15eedaabe, Nodes: 032a946e-3254-4dd0-899d-9e9c8e0cef5c{ip: 192.168.5.170, host: byscane-nightly-5jrvm-589107607, networkLocation: /default-rack, certSerialId: null}207cddf1-affb-491c-810b-b96ed76d0ea1{ip: 192.168.5.170, host: byscane-nightly-5jrvm-589107607, networkLocation: /default-rack, certSerialId: null}62a246b0-b12b-47e6-89f6-78f18fa2a730{ip: 192.168.5.170, host: byscane-nightly-5jrvm-589107607, networkLocation: /default-rack, certSerialId: null}, Type:RATIS, Factor:THREE, State:OPEN]
2019-08-16 03:40:03,296 INFO  impl.PendingRequests (PendingRequests.java:sendNotLeaderResponses(202)) - c849b413-d177-4dae-9cd9-400b5add377a-PendingRequests: sendNotLeaderResponses
2019-08-16 03:40:03,297 INFO  pipeline.PipelineStateManager (PipelineStateManager.java:finalizePipeline(123)) - Pipeline Pipeline[ Id: 8c783608-cf75-42c8-97c4-16e15eedaabe, Nodes: 032a946e-3254-4dd0-899d-9e9c8e0cef5c{ip: 192.168.5.170, host: byscane-nightly-5jrvm-589107607, networkLocation: /default-rack, certSerialId: null}207cddf1-affb-491c-810b-b96ed76d0ea1{ip: 192.168.5.170, host: byscane-nightly-5jrvm-589107607, networkLocation: /default-rack, certSerialId: null}62a246b0-b12b-47e6-89f6-78f18fa2a730{ip: 192.168.5.170, host: byscane-nightly-5jrvm-589107607, networkLocation: /default-rack, certSerialId: null}, Type:RATIS, Factor:THREE, State:CLOSED] moved to CLOSED state
2019-08-16 03:40:03,297 INFO  impl.StateMachineUpdater (StateMachineUpdater.java:stopAndJoin(115)) - StateMachineUpdater:62a246b0-b12b-47e6-89f6-78f18fa2a730:group-D8D00006A63A: set stopIndex = 0
2019-08-16 03:40:03,298 INFO  impl.RaftServerImpl (ServerState.java:close(394)) - 62a246b0-b12b-47e6-89f6-78f18fa2a730:group-D8D00006A63A closes. The last applied log index is 0
2019-08-16 03:40:03,298 INFO  container.CloseContainerEventHandler (CloseContainerEventHandler.java:onMessage(61)) - Close container Event triggered for container : #2
2019-08-16 03:40:03,298 INFO  impl.StateMachineUpdater (StateMachineUpdater.java:stopAndJoin(115)) - StateMachineUpdater:c849b413-d177-4dae-9cd9-400b5add377a:group-DCF2CB629A30: set stopIndex = 0
2019-08-16 03:40:03,299 INFO  impl.RaftServerImpl (ServerState.java:close(394)) - c849b413-d177-4dae-9cd9-400b5add377a:group-DCF2CB629A30 closes. The last applied log index is 0
2019-08-16 03:40:03,299 INFO  segmented.SegmentedRaftLogWorker (SegmentedRaftLogWorker.java:run(313)) - 62a246b0-b12b-47e6-89f6-78f18fa2a730-SegmentedRaftLogWorker:Storage Directory /workdir/hadoop-ozone/integration-test/target/test-dir/MiniOzoneClusterImpl-c675edf1-2c96-4517-9492-7066ed6a2cc9/datanode-4/data/ratis/44ff2107-fc5f-4617-abc9-d8d00006a63a was interrupted, exiting. There are 0 tasks remaining in the queue.
2019-08-16 03:40:03,300 INFO  segmented.SegmentedRaftLogWorker (SegmentedRaftLogWorker.java:run(313)) - c849b413-d177-4dae-9cd9-400b5add377a-SegmentedRaftLogWorker:Storage Directory /workdir/hadoop-ozone/integration-test/target/test-dir/MiniOzoneClusterImpl-c675edf1-2c96-4517-9492-7066ed6a2cc9/datanode-1/data/ratis/aafffc00-914d-4bfb-9b48-dcf2cb629a30 was interrupted, exiting. There are 0 tasks remaining in the queue.
2019-08-16 03:40:03,304 INFO  segmented.SegmentedRaftLogWorker (SegmentedRaftLogWorker.java:close(228)) - 62a246b0-b12b-47e6-89f6-78f18fa2a730-SegmentedRaftLogWorker:Storage Directory /workdir/hadoop-ozone/integration-test/target/test-dir/MiniOzoneClusterImpl-c675edf1-2c96-4517-9492-7066ed6a2cc9/datanode-4/data/ratis/44ff2107-fc5f-4617-abc9-d8d00006a63a close()
2019-08-16 03:40:03,307 INFO  segmented.SegmentedRaftLogWorker (SegmentedRaftLogWorker.java:close(228)) - c849b413-d177-4dae-9cd9-400b5add377a-SegmentedRaftLogWorker:Storage Directory /workdir/hadoop-ozone/integration-test/target/test-dir/MiniOzoneClusterImpl-c675edf1-2c96-4517-9492-7066ed6a2cc9/datanode-1/data/ratis/aafffc00-914d-4bfb-9b48-dcf2cb629a30 close()
2019-08-16 03:40:03,312 INFO  impl.RaftServerImpl (RaftServerImpl.java:lambda$shutdown$3(245)) - 62a246b0-b12b-47e6-89f6-78f18fa2a730: shutdown group-16E15EEDAABE
2019-08-16 03:40:03,317 INFO  impl.RaftServerImpl (RaftServerImpl.java:lambda$shutdown$3(245)) - c849b413-d177-4dae-9cd9-400b5add377a: shutdown group-52EAC70CBEE3
2019-08-16 03:40:03,317 INFO  util.JmxRegister (JmxRegister.java:unregister(73)) - Successfully un-registered JMX Bean with object name Ratis:service=RaftServer,group=group-16E15EEDAABE,id=62a246b0-b12b-47e6-89f6-78f18fa2a730
2019-08-16 03:40:03,317 INFO  util.JmxRegister (JmxRegister.java:unregister(73)) - Successfully un-registered JMX Bean with object name Ratis:service=RaftServer,group=group-52EAC70CBEE3,id=c849b413-d177-4dae-9cd9-400b5add377a
2019-08-16 03:40:03,317 INFO  impl.RoleInfo (RoleInfo.java:shutdownFollowerState(121)) - 62a246b0-b12b-47e6-89f6-78f18fa2a730: shutdown FollowerState
2019-08-16 03:40:03,318 INFO  impl.RoleInfo (RoleInfo.java:shutdownFollowerState(121)) - c849b413-d177-4dae-9cd9-400b5add377a: shutdown FollowerState
2019-08-16 03:40:03,318 INFO  impl.FollowerState (FollowerState.java:run(114)) - 62a246b0-b12b-47e6-89f6-78f18fa2a730: FollowerState was interrupted: java.lang.InterruptedException: sleep interrupted
2019-08-16 03:40:03,318 INFO  ratis.ContainerStateMachine (ContainerStateMachine.java:takeSnapshot(262)) - group-16E15EEDAABE: Taking a snapshot at:(t:1, i:3) file /workdir/hadoop-ozone/integration-test/target/test-dir/MiniOzoneClusterImpl-c675edf1-2c96-4517-9492-7066ed6a2cc9/datanode-4/data/ratis/8c783608-cf75-42c8-97c4-16e15eedaabe/sm/snapshot.1_3
2019-08-16 03:40:03,318 INFO  impl.StateMachineUpdater (StateMachineUpdater.java:stopAndJoin(115)) - StateMachineUpdater:62a246b0-b12b-47e6-89f6-78f18fa2a730:group-16E15EEDAABE: set stopIndex = 4
2019-08-16 03:40:03,321 INFO  impl.FollowerState (FollowerState.java:run(114)) - c849b413-d177-4dae-9cd9-400b5add377a: FollowerState was interrupted: java.lang.InterruptedException: sleep interrupted
2019-08-16 03:40:03,319 INFO  ratis.ContainerStateMachine (ContainerStateMachine.java:takeSnapshot(262)) - group-52EAC70CBEE3: Taking a snapshot at:(t:1, i:16) file /workdir/hadoop-ozone/integration-test/target/test-dir/MiniOzoneClusterImpl-c675edf1-2c96-4517-9492-7066ed6a2cc9/datanode-1/data/ratis/5090e916-a3db-4511-894d-52eac70cbee3/sm/snapshot.1_16
2019-08-16 03:40:03,318 INFO  impl.StateMachineUpdater (StateMachineUpdater.java:stopAndJoin(115)) - StateMachineUpdater:c849b413-d177-4dae-9cd9-400b5add377a:group-52EAC70CBEE3: set stopIndex = 16
2019-08-16 03:40:03,346 INFO  ratis.ContainerStateMachine (ContainerStateMachine.java:takeSnapshot(273)) - group-16E15EEDAABE: Finished taking a snapshot at:(t:1, i:3) file:/workdir/hadoop-ozone/integration-test/target/test-dir/MiniOzoneClusterImpl-c675edf1-2c96-4517-9492-7066ed6a2cc9/datanode-4/data/ratis/8c783608-cf75-42c8-97c4-16e15eedaabe/sm/snapshot.1_3 time:28
2019-08-16 03:40:03,346 INFO  impl.StateMachineUpdater (StateMachineUpdater.java:takeSnapshot(242)) - StateMachineUpdater:62a246b0-b12b-47e6-89f6-78f18fa2a730:group-16E15EEDAABE: Took a snapshot at index 3
2019-08-16 03:40:03,346 INFO  ratis.ContainerStateMachine (ContainerStateMachine.java:takeSnapshot(273)) - group-52EAC70CBEE3: Finished taking a snapshot at:(t:1, i:16) file:/workdir/hadoop-ozone/integration-test/target/test-dir/MiniOzoneClusterImpl-c675edf1-2c96-4517-9492-7066ed6a2cc9/datanode-1/data/ratis/5090e916-a3db-4511-894d-52eac70cbee3/sm/snapshot.1_16 time:28
2019-08-16 03:40:03,347 INFO  impl.StateMachineUpdater (StateMachineUpdater.java:lambda$new$0(80)) - StateMachineUpdater:62a246b0-b12b-47e6-89f6-78f18fa2a730:group-16E15EEDAABE: snapshotIndex: updateIncreasingly -1 -> 3
2019-08-16 03:40:03,347 INFO  impl.StateMachineUpdater (StateMachineUpdater.java:takeSnapshot(242)) - StateMachineUpdater:c849b413-d177-4dae-9cd9-400b5add377a:group-52EAC70CBEE3: Took a snapshot at index 16
2019-08-16 03:40:03,347 INFO  impl.StateMachineUpdater (StateMachineUpdater.java:lambda$new$0(80)) - StateMachineUpdater:c849b413-d177-4dae-9cd9-400b5add377a:group-52EAC70CBEE3: snapshotIndex: updateIncreasingly -1 -> 16
2019-08-16 03:40:03,347 INFO  impl.RaftServerImpl (ServerState.java:close(394)) - 62a246b0-b12b-47e6-89f6-78f18fa2a730:group-16E15EEDAABE closes. The last applied log index is 4
2019-08-16 03:40:03,347 INFO  impl.RaftServerImpl (ServerState.java:close(394)) - c849b413-d177-4dae-9cd9-400b5add377a:group-52EAC70CBEE3 closes. The last applied log index is 16
2019-08-16 03:40:03,348 INFO  segmented.SegmentedRaftLogWorker (SegmentedRaftLogWorker.java:run(313)) - 62a246b0-b12b-47e6-89f6-78f18fa2a730-SegmentedRaftLogWorker:Storage Directory /workdir/hadoop-ozone/integration-test/target/test-dir/MiniOzoneClusterImpl-c675edf1-2c96-4517-9492-7066ed6a2cc9/datanode-4/data/ratis/8c783608-cf75-42c8-97c4-16e15eedaabe was interrupted, exiting. There are 0 tasks remaining in the queue.
2019-08-16 03:40:03,348 INFO  segmented.SegmentedRaftLogWorker (SegmentedRaftLogWorker.java:run(313)) - c849b413-d177-4dae-9cd9-400b5add377a-SegmentedRaftLogWorker:Storage Directory /workdir/hadoop-ozone/integration-test/target/test-dir/MiniOzoneClusterImpl-c675edf1-2c96-4517-9492-7066ed6a2cc9/datanode-1/data/ratis/5090e916-a3db-4511-894d-52eac70cbee3 was interrupted, exiting. There are 0 tasks remaining in the queue.
2019-08-16 03:40:03,352 INFO  segmented.SegmentedRaftLogWorker (SegmentedRaftLogWorker.java:close(228)) - 62a246b0-b12b-47e6-89f6-78f18fa2a730-SegmentedRaftLogWorker:Storage Directory /workdir/hadoop-ozone/integration-test/target/test-dir/MiniOzoneClusterImpl-c675edf1-2c96-4517-9492-7066ed6a2cc9/datanode-4/data/ratis/8c783608-cf75-42c8-97c4-16e15eedaabe close()
2019-08-16 03:40:03,352 INFO  segmented.SegmentedRaftLogWorker (SegmentedRaftLogWorker.java:close(228)) - c849b413-d177-4dae-9cd9-400b5add377a-SegmentedRaftLogWorker:Storage Directory /workdir/hadoop-ozone/integration-test/target/test-dir/MiniOzoneClusterImpl-c675edf1-2c96-4517-9492-7066ed6a2cc9/datanode-1/data/ratis/5090e916-a3db-4511-894d-52eac70cbee3 close()
2019-08-16 03:40:03,356 INFO  server.GrpcService (GrpcService.java:closeImpl(155)) - 62a246b0-b12b-47e6-89f6-78f18fa2a730: shutdown server with port 39593 now
2019-08-16 03:40:03,360 INFO  server.GrpcService (GrpcService.java:closeImpl(155)) - c849b413-d177-4dae-9cd9-400b5add377a: shutdown server with port 33065 now
2019-08-16 03:40:03,361 WARN  server.GrpcServerProtocolService (LogUtils.java:warn(134)) - 62a246b0-b12b-47e6-89f6-78f18fa2a730: appendEntries onError: org.apache.ratis.thirdparty.io.grpc.StatusRuntimeException: CANCELLED: cancelled before receiving half close
2019-08-16 03:40:03,362 INFO  server.GrpcService (GrpcService.java:closeImpl(163)) - 62a246b0-b12b-47e6-89f6-78f18fa2a730: shutdown server with port 39593 successfully
2019-08-16 03:40:03,362 WARN  server.GrpcServerProtocolService (LogUtils.java:warn(134)) - c849b413-d177-4dae-9cd9-400b5add377a: appendEntries onError: org.apache.ratis.thirdparty.io.grpc.StatusRuntimeException: CANCELLED: cancelled before receiving half close
2019-08-16 03:40:03,362 WARN  server.GrpcLogAppender (LogUtils.java:warn(134)) - 207cddf1-affb-491c-810b-b96ed76d0ea1->62a246b0-b12b-47e6-89f6-78f18fa2a730: Failed appendEntries: org.apache.ratis.thirdparty.io.grpc.StatusRuntimeException: CANCELLED: HTTP/2 error code: CANCEL
Received Rst Stream
2019-08-16 03:40:03,362 WARN  server.GrpcLogAppender (LogUtils.java:warn(134)) - 0d6a3bb5-5c5f-4efb-8f32-c0c6b563cde1->c849b413-d177-4dae-9cd9-400b5add377a: Failed appendEntries: org.apache.ratis.thirdparty.io.grpc.StatusRuntimeException: CANCELLED: HTTP/2 error code: CANCEL
Received Rst Stream
2019-08-16 03:40:03,362 INFO  server.GrpcService (GrpcService.java:closeImpl(163)) - c849b413-d177-4dae-9cd9-400b5add377a: shutdown server with port 33065 successfully
2019-08-16 03:40:03,363 INFO  impl.FollowerInfo (FollowerInfo.java:lambda$new$0(50)) - 0d6a3bb5-5c5f-4efb-8f32-c0c6b563cde1->c849b413-d177-4dae-9cd9-400b5add377a: nextIndex: updateUnconditionally 17 -> 16
2019-08-16 03:40:03,363 INFO  impl.FollowerInfo (FollowerInfo.java:lambda$new$0(50)) - 207cddf1-affb-491c-810b-b96ed76d0ea1->62a246b0-b12b-47e6-89f6-78f18fa2a730: nextIndex: updateUnconditionally 5 -> 4
2019-08-16 03:40:03,363 INFO  utils.BackgroundService (BackgroundService.java:shutdown(148)) - Shutting down service BlockDeletingService
2019-08-16 03:40:03,364 INFO  utils.BackgroundService (BackgroundService.java:shutdown(148)) - Shutting down service BlockDeletingService
2019-08-16 03:40:03,367 WARN  fs.CachingGetSpaceUsed (CachingGetSpaceUsed.java:run(183)) - Thread Interrupted waiting to refresh disk information: sleep interrupted
2019-08-16 03:40:03,369 WARN  fs.CachingGetSpaceUsed (CachingGetSpaceUsed.java:run(183)) - Thread Interrupted waiting to refresh disk information: sleep interrupted
2019-08-16 03:40:03,393 INFO  statemachine.DatanodeStateMachine (DatanodeStateMachine.java:stopDaemon(395)) - Ozone container server stopped.
2019-08-16 03:40:03,399 INFO  handler.ContextHandler (ContextHandler.java:doStop(910)) - Stopped o.e.j.w.WebAppContext@35920655{/,null,UNAVAILABLE}{/hddsDatanode}
2019-08-16 03:40:03,399 INFO  server.AbstractConnector (AbstractConnector.java:doStop(318)) - Stopped ServerConnector@27558dee{HTTP/1.1,[http/1.1]}{0.0.0.0:0}
2019-08-16 03:40:03,401 INFO  handler.ContextHandler (ContextHandler.java:doStop(910)) - Stopped o.e.j.s.ServletContextHandler@25c756f0{/static,jar:file:/home/user/.m2/repository/org/apache/hadoop/hadoop-hdds-container-service/0.4.1-SNAPSHOT/hadoop-hdds-container-service-0.4.1-SNAPSHOT.jar!/webapps/static,UNAVAILABLE}
2019-08-16 03:40:03,403 INFO  handler.ContextHandler (ContextHandler.java:doStop(910)) - Stopped o.e.j.s.ServletContextHandler@4bf6bc2d{/logs,file:///workdir/hadoop-ozone/integration-test/target/log,UNAVAILABLE}
2019-08-16 03:40:03,408 INFO  statemachine.DatanodeStateMachine (DatanodeStateMachine.java:stopDaemon(395)) - Ozone container server stopped.
2019-08-16 03:40:03,408 INFO  datanode.ObjectStoreHandler (ObjectStoreHandler.java:close(155)) - Closing ObjectStoreHandler.
2019-08-16 03:40:03,409 INFO  ozone.HddsDatanodeService (HddsDatanodeService.java:stop(451)) - Stopped plug-in org.apache.hadoop.ozone.web.OzoneHddsDatanodeService@188500e9
2019-08-16 03:40:03,409 INFO  handler.ContextHandler (ContextHandler.java:doStop(910)) - Stopped o.e.j.w.WebAppContext@38821ada{/,null,UNAVAILABLE}{/hddsDatanode}
2019-08-16 03:40:03,409 INFO  server.AbstractConnector (AbstractConnector.java:doStop(318)) - Stopped ServerConnector@2ab40d2d{HTTP/1.1,[http/1.1]}{0.0.0.0:0}
2019-08-16 03:40:03,410 INFO  handler.ContextHandler (ContextHandler.java:doStop(910)) - Stopped o.e.j.s.ServletContextHandler@53a3ccc{/static,jar:file:/home/user/.m2/repository/org/apache/hadoop/hadoop-hdds-container-service/0.4.1-SNAPSHOT/hadoop-hdds-container-service-0.4.1-SNAPSHOT.jar!/webapps/static,UNAVAILABLE}
2019-08-16 03:40:03,410 INFO  handler.ContextHandler (ContextHandler.java:doStop(910)) - Stopped o.e.j.s.ServletContextHandler@6e157f48{/logs,file:///workdir/hadoop-ozone/integration-test/target/log,UNAVAILABLE}
2019-08-16 03:40:03,411 INFO  datanode.ObjectStoreHandler (ObjectStoreHandler.java:close(155)) - Closing ObjectStoreHandler.
2019-08-16 03:40:03,411 INFO  ozone.HddsDatanodeService (HddsDatanodeService.java:stop(451)) - Stopped plug-in org.apache.hadoop.ozone.web.OzoneHddsDatanodeService@7719b257
2019-08-16 03:40:03,467 WARN  server.GrpcLogAppender (LogUtils.java:warn(134)) - 0d6a3bb5-5c5f-4efb-8f32-c0c6b563cde1->c849b413-d177-4dae-9cd9-400b5add377a: Failed appendEntries: org.apache.ratis.thirdparty.io.grpc.StatusRuntimeException: UNAVAILABLE: io exception
2019-08-16 03:40:03,468 INFO  impl.FollowerInfo (FollowerInfo.java:lambda$new$0(50)) - 0d6a3bb5-5c5f-4efb-8f32-c0c6b563cde1->c849b413-d177-4dae-9cd9-400b5add377a: nextIndex: updateUnconditionally 16 -> 15
2019-08-16 03:40:03,694 INFO  statemachine.DatanodeStateMachine (DatanodeStateMachine.java:lambda$startDaemon$0(350)) - Ozone container server started.
2019-08-16 03:40:04,196 INFO  statemachine.DatanodeStateMachine (DatanodeStateMachine.java:lambda$startDaemon$0(350)) - Ozone container server started.
2019-08-16 03:40:05,232 WARN  server.GrpcLogAppender (LogUtils.java:warn(134)) - 207cddf1-affb-491c-810b-b96ed76d0ea1->62a246b0-b12b-47e6-89f6-78f18fa2a730: Failed appendEntries: org.apache.ratis.thirdparty.io.grpc.StatusRuntimeException: UNAVAILABLE: io exception
2019-08-16 03:40:05,232 INFO  impl.FollowerInfo (FollowerInfo.java:lambda$new$0(50)) - 207cddf1-affb-491c-810b-b96ed76d0ea1->62a246b0-b12b-47e6-89f6-78f18fa2a730: nextIndex: updateUnconditionally 5 -> 4
2019-08-16 03:40:05,244 WARN  server.GrpcLogAppender (LogUtils.java:warn(134)) - 207cddf1-affb-491c-810b-b96ed76d0ea1->62a246b0-b12b-47e6-89f6-78f18fa2a730: Failed appendEntries: org.apache.ratis.thirdparty.io.grpc.StatusRuntimeException: UNAVAILABLE: io exception
2019-08-16 03:40:05,245 INFO  impl.FollowerInfo (FollowerInfo.java:lambda$new$0(50)) - 207cddf1-affb-491c-810b-b96ed76d0ea1->62a246b0-b12b-47e6-89f6-78f18fa2a730: nextIndex: updateUnconditionally 5 -> 4
2019-08-16 03:40:05,259 WARN  server.GrpcLogAppender (LogUtils.java:warn(134)) - 207cddf1-affb-491c-810b-b96ed76d0ea1->62a246b0-b12b-47e6-89f6-78f18fa2a730: Failed appendEntries: org.apache.ratis.thirdparty.io.grpc.StatusRuntimeException: UNAVAILABLE: io exception
2019-08-16 03:40:05,259 INFO  impl.FollowerInfo (FollowerInfo.java:lambda$new$0(50)) - 207cddf1-affb-491c-810b-b96ed76d0ea1->62a246b0-b12b-47e6-89f6-78f18fa2a730: nextIndex: updateUnconditionally 5 -> 4
2019-08-16 03:40:05,336 INFO  interfaces.Container (KeyValueContainer.java:compactDB(356)) - Container 2 is closed with bcsId 3.
2019-08-16 03:40:05,337 INFO  container.IncrementalContainerReportHandler (AbstractContainerReportHandler.java:updateContainerState(176)) - Moving container #2 to CLOSED state, datanode 207cddf1-affb-491c-810b-b96ed76d0ea1{ip: 192.168.5.170, host: byscane-nightly-5jrvm-589107607, networkLocation: /default-rack, certSerialId: null} reported CLOSED replica.
2019-08-16 03:40:05,346 INFO  interfaces.Container (KeyValueContainer.java:compactDB(356)) - Container 2 is closed with bcsId 3.
2019-08-16 03:40:05,968 WARN  server.GrpcLogAppender (LogUtils.java:warn(134)) - 0d6a3bb5-5c5f-4efb-8f32-c0c6b563cde1->c849b413-d177-4dae-9cd9-400b5add377a: Failed appendEntries: org.apache.ratis.thirdparty.io.grpc.StatusRuntimeException: UNAVAILABLE: io exception
2019-08-16 03:40:05,968 INFO  impl.FollowerInfo (FollowerInfo.java:lambda$new$0(50)) - 0d6a3bb5-5c5f-4efb-8f32-c0c6b563cde1->c849b413-d177-4dae-9cd9-400b5add377a: nextIndex: updateUnconditionally 15 -> 14
2019-08-16 03:40:07,701 INFO  node.StaleNodeHandler (StaleNodeHandler.java:onMessage(58)) - Datanode 0d6a3bb5-5c5f-4efb-8f32-c0c6b563cde1{ip: 192.168.5.170, host: byscane-nightly-5jrvm-589107607, networkLocation: /default-rack, certSerialId: null} moved to stale state. Finalizing its pipelines [PipelineID=fb4f89cd-1ba0-432d-922f-ca57e5cdf69b, PipelineID=5090e916-a3db-4511-894d-52eac70cbee3]
2019-08-16 03:40:07,701 INFO  pipeline.SCMPipelineManager (SCMPipelineManager.java:finalizeAndDestroyPipeline(309)) - destroying pipeline:Pipeline[ Id: fb4f89cd-1ba0-432d-922f-ca57e5cdf69b, Nodes: 0d6a3bb5-5c5f-4efb-8f32-c0c6b563cde1{ip: 192.168.5.170, host: byscane-nightly-5jrvm-589107607, networkLocation: /default-rack, certSerialId: null}, Type:RATIS, Factor:ONE, State:OPEN]
2019-08-16 03:40:07,701 INFO  pipeline.PipelineStateManager (PipelineStateManager.java:finalizePipeline(123)) - Pipeline Pipeline[ Id: fb4f89cd-1ba0-432d-922f-ca57e5cdf69b, Nodes: 0d6a3bb5-5c5f-4efb-8f32-c0c6b563cde1{ip: 192.168.5.170, host: byscane-nightly-5jrvm-589107607, networkLocation: /default-rack, certSerialId: null}, Type:RATIS, Factor:ONE, State:CLOSED] moved to CLOSED state
2019-08-16 03:40:07,702 INFO  pipeline.SCMPipelineManager (SCMPipelineManager.java:finalizeAndDestroyPipeline(309)) - destroying pipeline:Pipeline[ Id: 5090e916-a3db-4511-894d-52eac70cbee3, Nodes: c849b413-d177-4dae-9cd9-400b5add377a{ip: 192.168.5.170, host: byscane-nightly-5jrvm-589107607, networkLocation: /default-rack, certSerialId: null}d8fe6648-8fca-4461-acc7-7dd89eab0461{ip: 192.168.5.170, host: byscane-nightly-5jrvm-589107607, networkLocation: /default-rack, certSerialId: null}0d6a3bb5-5c5f-4efb-8f32-c0c6b563cde1{ip: 192.168.5.170, host: byscane-nightly-5jrvm-589107607, networkLocation: /default-rack, certSerialId: null}, Type:RATIS, Factor:THREE, State:CLOSED]
2019-08-16 03:40:07,759 WARN  server.GrpcLogAppender (LogUtils.java:warn(134)) - 207cddf1-affb-491c-810b-b96ed76d0ea1->62a246b0-b12b-47e6-89f6-78f18fa2a730: Failed appendEntries: org.apache.ratis.thirdparty.io.grpc.StatusRuntimeException: UNAVAILABLE: io exception
2019-08-16 03:40:07,760 INFO  impl.FollowerInfo (FollowerInfo.java:lambda$new$0(50)) - 207cddf1-affb-491c-810b-b96ed76d0ea1->62a246b0-b12b-47e6-89f6-78f18fa2a730: nextIndex: updateUnconditionally 4 -> 3
2019-08-16 03:40:08,202 INFO  node.StaleNodeHandler (StaleNodeHandler.java:onMessage(58)) - Datanode 032a946e-3254-4dd0-899d-9e9c8e0cef5c{ip: 192.168.5.170, host: byscane-nightly-5jrvm-589107607, networkLocation: /default-rack, certSerialId: null} moved to stale state. Finalizing its pipelines [PipelineID=8c783608-cf75-42c8-97c4-16e15eedaabe, PipelineID=5cce8d10-db72-47a7-8f5b-4cc2e4ead4e5]
2019-08-16 03:40:08,202 INFO  pipeline.SCMPipelineManager (SCMPipelineManager.java:finalizeAndDestroyPipeline(309)) - destroying pipeline:Pipeline[ Id: 8c783608-cf75-42c8-97c4-16e15eedaabe, Nodes: 032a946e-3254-4dd0-899d-9e9c8e0cef5c{ip: 192.168.5.170, host: byscane-nightly-5jrvm-589107607, networkLocation: /default-rack, certSerialId: null}207cddf1-affb-491c-810b-b96ed76d0ea1{ip: 192.168.5.170, host: byscane-nightly-5jrvm-589107607, networkLocation: /default-rack, certSerialId: null}62a246b0-b12b-47e6-89f6-78f18fa2a730{ip: 192.168.5.170, host: byscane-nightly-5jrvm-589107607, networkLocation: /default-rack, certSerialId: null}, Type:RATIS, Factor:THREE, State:CLOSED]
2019-08-16 03:40:08,202 INFO  pipeline.SCMPipelineManager (SCMPipelineManager.java:finalizeAndDestroyPipeline(309)) - destroying pipeline:Pipeline[ Id: 5cce8d10-db72-47a7-8f5b-4cc2e4ead4e5, Nodes: 032a946e-3254-4dd0-899d-9e9c8e0cef5c{ip: 192.168.5.170, host: byscane-nightly-5jrvm-589107607, networkLocation: /default-rack, certSerialId: null}, Type:RATIS, Factor:ONE, State:OPEN]
2019-08-16 03:40:08,202 INFO  pipeline.PipelineStateManager (PipelineStateManager.java:finalizePipeline(123)) - Pipeline Pipeline[ Id: 5cce8d10-db72-47a7-8f5b-4cc2e4ead4e5, Nodes: 032a946e-3254-4dd0-899d-9e9c8e0cef5c{ip: 192.168.5.170, host: byscane-nightly-5jrvm-589107607, networkLocation: /default-rack, certSerialId: null}, Type:RATIS, Factor:ONE, State:CLOSED] moved to CLOSED state
2019-08-16 03:40:08,409 INFO  ozoneimpl.OzoneContainer (OzoneContainer.java:stop(199)) - Attempting to stop container services.
2019-08-16 03:40:08,410 INFO  impl.RaftServerProxy (RaftServerProxy.java:lambda$close$4(314)) - 0d6a3bb5-5c5f-4efb-8f32-c0c6b563cde1: close
2019-08-16 03:40:08,410 INFO  impl.RaftServerImpl (RaftServerImpl.java:lambda$shutdown$3(245)) - 0d6a3bb5-5c5f-4efb-8f32-c0c6b563cde1: shutdown group-CA57E5CDF69B
2019-08-16 03:40:08,410 INFO  util.JmxRegister (JmxRegister.java:unregister(73)) - Successfully un-registered JMX Bean with object name Ratis:service=RaftServer,group=group-CA57E5CDF69B,id=0d6a3bb5-5c5f-4efb-8f32-c0c6b563cde1
2019-08-16 03:40:08,411 INFO  impl.RoleInfo (RoleInfo.java:shutdownLeaderState(104)) - 0d6a3bb5-5c5f-4efb-8f32-c0c6b563cde1: shutdown LeaderState
2019-08-16 03:40:08,411 INFO  impl.PendingRequests (PendingRequests.java:sendNotLeaderResponses(202)) - 0d6a3bb5-5c5f-4efb-8f32-c0c6b563cde1-PendingRequests: sendNotLeaderResponses
2019-08-16 03:40:08,412 INFO  impl.StateMachineUpdater (StateMachineUpdater.java:stopAndJoin(115)) - StateMachineUpdater:0d6a3bb5-5c5f-4efb-8f32-c0c6b563cde1:group-CA57E5CDF69B: set stopIndex = 0
2019-08-16 03:40:08,412 INFO  impl.RaftServerImpl (ServerState.java:close(394)) - 0d6a3bb5-5c5f-4efb-8f32-c0c6b563cde1:group-CA57E5CDF69B closes. The last applied log index is 0
2019-08-16 03:40:08,412 INFO  ozoneimpl.OzoneContainer (OzoneContainer.java:stop(199)) - Attempting to stop container services.
2019-08-16 03:40:08,412 INFO  segmented.SegmentedRaftLogWorker (SegmentedRaftLogWorker.java:run(313)) - 0d6a3bb5-5c5f-4efb-8f32-c0c6b563cde1-SegmentedRaftLogWorker:Storage Directory /workdir/hadoop-ozone/integration-test/target/test-dir/MiniOzoneClusterImpl-c675edf1-2c96-4517-9492-7066ed6a2cc9/datanode-2/data/ratis/fb4f89cd-1ba0-432d-922f-ca57e5cdf69b was interrupted, exiting. There are 0 tasks remaining in the queue.
2019-08-16 03:40:08,413 INFO  impl.RaftServerProxy (RaftServerProxy.java:lambda$close$4(314)) - 032a946e-3254-4dd0-899d-9e9c8e0cef5c: close
2019-08-16 03:40:08,416 INFO  impl.RaftServerImpl (RaftServerImpl.java:lambda$shutdown$3(245)) - 032a946e-3254-4dd0-899d-9e9c8e0cef5c: shutdown group-16E15EEDAABE
2019-08-16 03:40:08,417 INFO  segmented.SegmentedRaftLogWorker (SegmentedRaftLogWorker.java:close(228)) - 0d6a3bb5-5c5f-4efb-8f32-c0c6b563cde1-SegmentedRaftLogWorker:Storage Directory /workdir/hadoop-ozone/integration-test/target/test-dir/MiniOzoneClusterImpl-c675edf1-2c96-4517-9492-7066ed6a2cc9/datanode-2/data/ratis/fb4f89cd-1ba0-432d-922f-ca57e5cdf69b close()
2019-08-16 03:40:08,417 INFO  util.JmxRegister (JmxRegister.java:unregister(73)) - Successfully un-registered JMX Bean with object name Ratis:service=RaftServer,group=group-16E15EEDAABE,id=032a946e-3254-4dd0-899d-9e9c8e0cef5c
2019-08-16 03:40:08,422 INFO  impl.RoleInfo (RoleInfo.java:shutdownFollowerState(121)) - 032a946e-3254-4dd0-899d-9e9c8e0cef5c: shutdown FollowerState
2019-08-16 03:40:08,422 INFO  impl.StateMachineUpdater (StateMachineUpdater.java:stopAndJoin(115)) - StateMachineUpdater:032a946e-3254-4dd0-899d-9e9c8e0cef5c:group-16E15EEDAABE: set stopIndex = 6
2019-08-16 03:40:08,421 INFO  impl.RaftServerImpl (RaftServerImpl.java:lambda$shutdown$3(245)) - 0d6a3bb5-5c5f-4efb-8f32-c0c6b563cde1: shutdown group-52EAC70CBEE3
2019-08-16 03:40:08,422 INFO  impl.FollowerState (FollowerState.java:run(114)) - 032a946e-3254-4dd0-899d-9e9c8e0cef5c: FollowerState was interrupted: java.lang.InterruptedException: sleep interrupted
2019-08-16 03:40:08,422 INFO  ratis.ContainerStateMachine (ContainerStateMachine.java:takeSnapshot(262)) - group-16E15EEDAABE: Taking a snapshot at:(t:1, i:5) file /workdir/hadoop-ozone/integration-test/target/test-dir/MiniOzoneClusterImpl-c675edf1-2c96-4517-9492-7066ed6a2cc9/datanode-3/data/ratis/8c783608-cf75-42c8-97c4-16e15eedaabe/sm/snapshot.1_5
2019-08-16 03:40:08,423 INFO  util.JmxRegister (JmxRegister.java:unregister(73)) - Successfully un-registered JMX Bean with object name Ratis:service=RaftServer,group=group-52EAC70CBEE3,id=0d6a3bb5-5c5f-4efb-8f32-c0c6b563cde1
2019-08-16 03:40:08,426 INFO  impl.RoleInfo (RoleInfo.java:shutdownLeaderState(104)) - 0d6a3bb5-5c5f-4efb-8f32-c0c6b563cde1: shutdown LeaderState
2019-08-16 03:40:08,430 WARN  server.GrpcLogAppender (GrpcLogAppender.java:mayWait(143)) - GrpcLogAppender(0d6a3bb5-5c5f-4efb-8f32-c0c6b563cde1->c849b413-d177-4dae-9cd9-400b5add377a): Wait interrupted by java.lang.InterruptedException
2019-08-16 03:40:08,430 INFO  impl.PendingRequests (PendingRequests.java:sendNotLeaderResponses(202)) - 0d6a3bb5-5c5f-4efb-8f32-c0c6b563cde1-PendingRequests: sendNotLeaderResponses
2019-08-16 03:40:08,430 WARN  server.GrpcLogAppender (GrpcLogAppender.java:mayWait(143)) - GrpcLogAppender(0d6a3bb5-5c5f-4efb-8f32-c0c6b563cde1->d8fe6648-8fca-4461-acc7-7dd89eab0461): Wait interrupted by java.lang.InterruptedException
2019-08-16 03:40:08,435 INFO  impl.StateMachineUpdater (StateMachineUpdater.java:stopAndJoin(115)) - StateMachineUpdater:0d6a3bb5-5c5f-4efb-8f32-c0c6b563cde1:group-52EAC70CBEE3: set stopIndex = 16
2019-08-16 03:40:08,435 INFO  server.GrpcServerProtocolService (GrpcServerProtocolService.java:onCompleted(104)) - d8fe6648-8fca-4461-acc7-7dd89eab0461: appendEntries completed
2019-08-16 03:40:08,435 INFO  ratis.ContainerStateMachine (ContainerStateMachine.java:takeSnapshot(262)) - group-52EAC70CBEE3: Taking a snapshot at:(t:1, i:14) file /workdir/hadoop-ozone/integration-test/target/test-dir/MiniOzoneClusterImpl-c675edf1-2c96-4517-9492-7066ed6a2cc9/datanode-2/data/ratis/5090e916-a3db-4511-894d-52eac70cbee3/sm/snapshot.1_14
2019-08-16 03:40:08,436 INFO  server.GrpcLogAppender (GrpcLogAppender.java:onCompleted(292)) - 0d6a3bb5-5c5f-4efb-8f32-c0c6b563cde1->d8fe6648-8fca-4461-acc7-7dd89eab0461: follower responses appendEntries COMPLETED
2019-08-16 03:40:08,436 INFO  impl.FollowerInfo (FollowerInfo.java:lambda$new$0(50)) - 0d6a3bb5-5c5f-4efb-8f32-c0c6b563cde1->d8fe6648-8fca-4461-acc7-7dd89eab0461: nextIndex: updateUnconditionally 17 -> 16
2019-08-16 03:40:08,450 INFO  ratis.ContainerStateMachine (ContainerStateMachine.java:takeSnapshot(273)) - group-52EAC70CBEE3: Finished taking a snapshot at:(t:1, i:14) file:/workdir/hadoop-ozone/integration-test/target/test-dir/MiniOzoneClusterImpl-c675edf1-2c96-4517-9492-7066ed6a2cc9/datanode-2/data/ratis/5090e916-a3db-4511-894d-52eac70cbee3/sm/snapshot.1_14 time:16
2019-08-16 03:40:08,450 INFO  impl.StateMachineUpdater (StateMachineUpdater.java:takeSnapshot(242)) - StateMachineUpdater:0d6a3bb5-5c5f-4efb-8f32-c0c6b563cde1:group-52EAC70CBEE3: Took a snapshot at index 14
2019-08-16 03:40:08,450 INFO  ratis.ContainerStateMachine (ContainerStateMachine.java:takeSnapshot(273)) - group-16E15EEDAABE: Finished taking a snapshot at:(t:1, i:5) file:/workdir/hadoop-ozone/integration-test/target/test-dir/MiniOzoneClusterImpl-c675edf1-2c96-4517-9492-7066ed6a2cc9/datanode-3/data/ratis/8c783608-cf75-42c8-97c4-16e15eedaabe/sm/snapshot.1_5 time:28
2019-08-16 03:40:08,451 INFO  impl.StateMachineUpdater (StateMachineUpdater.java:lambda$new$0(80)) - StateMachineUpdater:0d6a3bb5-5c5f-4efb-8f32-c0c6b563cde1:group-52EAC70CBEE3: snapshotIndex: updateIncreasingly -1 -> 14
2019-08-16 03:40:08,451 INFO  impl.StateMachineUpdater (StateMachineUpdater.java:takeSnapshot(242)) - StateMachineUpdater:032a946e-3254-4dd0-899d-9e9c8e0cef5c:group-16E15EEDAABE: Took a snapshot at index 5
2019-08-16 03:40:08,451 INFO  impl.StateMachineUpdater (StateMachineUpdater.java:lambda$new$0(80)) - StateMachineUpdater:032a946e-3254-4dd0-899d-9e9c8e0cef5c:group-16E15EEDAABE: snapshotIndex: updateIncreasingly -1 -> 5
2019-08-16 03:40:08,451 INFO  impl.RaftServerImpl (ServerState.java:close(394)) - 0d6a3bb5-5c5f-4efb-8f32-c0c6b563cde1:group-52EAC70CBEE3 closes. The last applied log index is 16
2019-08-16 03:40:08,451 INFO  impl.RaftServerImpl (ServerState.java:close(394)) - 032a946e-3254-4dd0-899d-9e9c8e0cef5c:group-16E15EEDAABE closes. The last applied log index is 6
2019-08-16 03:40:08,452 INFO  segmented.SegmentedRaftLogWorker (SegmentedRaftLogWorker.java:run(313)) - 0d6a3bb5-5c5f-4efb-8f32-c0c6b563cde1-SegmentedRaftLogWorker:Storage Directory /workdir/hadoop-ozone/integration-test/target/test-dir/MiniOzoneClusterImpl-c675edf1-2c96-4517-9492-7066ed6a2cc9/datanode-2/data/ratis/5090e916-a3db-4511-894d-52eac70cbee3 was interrupted, exiting. There are 0 tasks remaining in the queue.
2019-08-16 03:40:08,452 INFO  segmented.SegmentedRaftLogWorker (SegmentedRaftLogWorker.java:run(313)) - 032a946e-3254-4dd0-899d-9e9c8e0cef5c-SegmentedRaftLogWorker:Storage Directory /workdir/hadoop-ozone/integration-test/target/test-dir/MiniOzoneClusterImpl-c675edf1-2c96-4517-9492-7066ed6a2cc9/datanode-3/data/ratis/8c783608-cf75-42c8-97c4-16e15eedaabe was interrupted, exiting. There are 0 tasks remaining in the queue.
2019-08-16 03:40:08,456 INFO  segmented.SegmentedRaftLogWorker (SegmentedRaftLogWorker.java:close(228)) - 0d6a3bb5-5c5f-4efb-8f32-c0c6b563cde1-SegmentedRaftLogWorker:Storage Directory /workdir/hadoop-ozone/integration-test/target/test-dir/MiniOzoneClusterImpl-c675edf1-2c96-4517-9492-7066ed6a2cc9/datanode-2/data/ratis/5090e916-a3db-4511-894d-52eac70cbee3 close()
2019-08-16 03:40:08,456 INFO  segmented.SegmentedRaftLogWorker (SegmentedRaftLogWorker.java:close(228)) - 032a946e-3254-4dd0-899d-9e9c8e0cef5c-SegmentedRaftLogWorker:Storage Directory /workdir/hadoop-ozone/integration-test/target/test-dir/MiniOzoneClusterImpl-c675edf1-2c96-4517-9492-7066ed6a2cc9/datanode-3/data/ratis/8c783608-cf75-42c8-97c4-16e15eedaabe close()
2019-08-16 03:40:08,460 INFO  server.GrpcService (GrpcService.java:closeImpl(155)) - 0d6a3bb5-5c5f-4efb-8f32-c0c6b563cde1: shutdown server with port 40415 now
2019-08-16 03:40:08,464 INFO  impl.RaftServerImpl (RaftServerImpl.java:lambda$shutdown$3(245)) - 032a946e-3254-4dd0-899d-9e9c8e0cef5c: shutdown group-4CC2E4EAD4E5
2019-08-16 03:40:08,465 INFO  util.JmxRegister (JmxRegister.java:unregister(73)) - Successfully un-registered JMX Bean with object name Ratis:service=RaftServer,group=group-4CC2E4EAD4E5,id=032a946e-3254-4dd0-899d-9e9c8e0cef5c
2019-08-16 03:40:08,467 INFO  server.GrpcService (GrpcService.java:closeImpl(163)) - 0d6a3bb5-5c5f-4efb-8f32-c0c6b563cde1: shutdown server with port 40415 successfully
2019-08-16 03:40:08,465 WARN  client.GrpcClientProtocolService (LogUtils.java:warn(134)) - 3-UnorderedRequestStreamObserver3: onError: org.apache.ratis.thirdparty.io.grpc.StatusRuntimeException: CANCELLED: cancelled before receiving half close
2019-08-16 03:40:08,467 INFO  impl.RoleInfo (RoleInfo.java:shutdownLeaderState(104)) - 032a946e-3254-4dd0-899d-9e9c8e0cef5c: shutdown LeaderState
2019-08-16 03:40:08,468 INFO  impl.PendingRequests (PendingRequests.java:sendNotLeaderResponses(202)) - 032a946e-3254-4dd0-899d-9e9c8e0cef5c-PendingRequests: sendNotLeaderResponses
2019-08-16 03:40:08,469 INFO  impl.StateMachineUpdater (StateMachineUpdater.java:stopAndJoin(115)) - StateMachineUpdater:032a946e-3254-4dd0-899d-9e9c8e0cef5c:group-4CC2E4EAD4E5: set stopIndex = 0
2019-08-16 03:40:08,469 INFO  impl.RaftServerImpl (ServerState.java:close(394)) - 032a946e-3254-4dd0-899d-9e9c8e0cef5c:group-4CC2E4EAD4E5 closes. The last applied log index is 0
2019-08-16 03:40:08,470 INFO  segmented.SegmentedRaftLogWorker (SegmentedRaftLogWorker.java:run(313)) - 032a946e-3254-4dd0-899d-9e9c8e0cef5c-SegmentedRaftLogWorker:Storage Directory /workdir/hadoop-ozone/integration-test/target/test-dir/MiniOzoneClusterImpl-c675edf1-2c96-4517-9492-7066ed6a2cc9/datanode-3/data/ratis/5cce8d10-db72-47a7-8f5b-4cc2e4ead4e5 was interrupted, exiting. There are 0 tasks remaining in the queue.
2019-08-16 03:40:08,472 INFO  segmented.SegmentedRaftLogWorker (SegmentedRaftLogWorker.java:close(228)) - 032a946e-3254-4dd0-899d-9e9c8e0cef5c-SegmentedRaftLogWorker:Storage Directory /workdir/hadoop-ozone/integration-test/target/test-dir/MiniOzoneClusterImpl-c675edf1-2c96-4517-9492-7066ed6a2cc9/datanode-3/data/ratis/5cce8d10-db72-47a7-8f5b-4cc2e4ead4e5 close()
2019-08-16 03:40:08,477 INFO  server.GrpcService (GrpcService.java:closeImpl(155)) - 032a946e-3254-4dd0-899d-9e9c8e0cef5c: shutdown server with port 42970 now
2019-08-16 03:40:08,477 INFO  utils.BackgroundService (BackgroundService.java:shutdown(148)) - Shutting down service BlockDeletingService
2019-08-16 03:40:08,480 WARN  server.GrpcServerProtocolService (LogUtils.java:warn(134)) - 032a946e-3254-4dd0-899d-9e9c8e0cef5c: appendEntries onError: org.apache.ratis.thirdparty.io.grpc.StatusRuntimeException: CANCELLED: cancelled before receiving half close
2019-08-16 03:40:08,480 WARN  server.GrpcLogAppender (LogUtils.java:warn(134)) - 207cddf1-affb-491c-810b-b96ed76d0ea1->032a946e-3254-4dd0-899d-9e9c8e0cef5c: Failed appendEntries: org.apache.ratis.thirdparty.io.grpc.StatusRuntimeException: CANCELLED: HTTP/2 error code: CANCEL
Received Rst Stream
2019-08-16 03:40:08,480 INFO  server.GrpcService (GrpcService.java:closeImpl(163)) - 032a946e-3254-4dd0-899d-9e9c8e0cef5c: shutdown server with port 42970 successfully
2019-08-16 03:40:08,480 INFO  impl.FollowerInfo (FollowerInfo.java:lambda$new$0(50)) - 207cddf1-affb-491c-810b-b96ed76d0ea1->032a946e-3254-4dd0-899d-9e9c8e0cef5c: nextIndex: updateUnconditionally 7 -> 6
2019-08-16 03:40:08,482 WARN  fs.CachingGetSpaceUsed (CachingGetSpaceUsed.java:run(183)) - Thread Interrupted waiting to refresh disk information: sleep interrupted
2019-08-16 03:40:08,483 INFO  utils.BackgroundService (BackgroundService.java:shutdown(148)) - Shutting down service BlockDeletingService
2019-08-16 03:40:08,485 WARN  fs.CachingGetSpaceUsed (CachingGetSpaceUsed.java:run(183)) - Thread Interrupted waiting to refresh disk information: sleep interrupted
2019-08-16 03:40:08,503 INFO  statemachine.DatanodeStateMachine (DatanodeStateMachine.java:stopDaemon(395)) - Ozone container server stopped.
2019-08-16 03:40:08,509 INFO  handler.ContextHandler (ContextHandler.java:doStop(910)) - Stopped o.e.j.w.WebAppContext@26401eda{/,null,UNAVAILABLE}{/hddsDatanode}
2019-08-16 03:40:08,514 INFO  statemachine.DatanodeStateMachine (DatanodeStateMachine.java:stopDaemon(395)) - Ozone container server stopped.
2019-08-16 03:40:08,514 INFO  server.AbstractConnector (AbstractConnector.java:doStop(318)) - Stopped ServerConnector@79e591bb{HTTP/1.1,[http/1.1]}{0.0.0.0:0}
2019-08-16 03:40:08,516 INFO  handler.ContextHandler (ContextHandler.java:doStop(910)) - Stopped o.e.j.s.ServletContextHandler@418f0f27{/static,jar:file:/home/user/.m2/repository/org/apache/hadoop/hadoop-hdds-container-service/0.4.1-SNAPSHOT/hadoop-hdds-container-service-0.4.1-SNAPSHOT.jar!/webapps/static,UNAVAILABLE}
2019-08-16 03:40:08,518 INFO  handler.ContextHandler (ContextHandler.java:doStop(910)) - Stopped o.e.j.w.WebAppContext@1ee04ff6{/,null,UNAVAILABLE}{/hddsDatanode}
2019-08-16 03:40:08,518 INFO  handler.ContextHandler (ContextHandler.java:doStop(910)) - Stopped o.e.j.s.ServletContextHandler@fd8513b{/logs,file:///workdir/hadoop-ozone/integration-test/target/log,UNAVAILABLE}
2019-08-16 03:40:08,519 INFO  server.AbstractConnector (AbstractConnector.java:doStop(318)) - Stopped ServerConnector@32fefbe6{HTTP/1.1,[http/1.1]}{0.0.0.0:0}
2019-08-16 03:40:08,520 INFO  datanode.ObjectStoreHandler (ObjectStoreHandler.java:close(155)) - Closing ObjectStoreHandler.
2019-08-16 03:40:08,520 INFO  handler.ContextHandler (ContextHandler.java:doStop(910)) - Stopped o.e.j.s.ServletContextHandler@14997cb9{/static,jar:file:/home/user/.m2/repository/org/apache/hadoop/hadoop-hdds-container-service/0.4.1-SNAPSHOT/hadoop-hdds-container-service-0.4.1-SNAPSHOT.jar!/webapps/static,UNAVAILABLE}
2019-08-16 03:40:08,520 INFO  ozone.HddsDatanodeService (HddsDatanodeService.java:stop(451)) - Stopped plug-in org.apache.hadoop.ozone.web.OzoneHddsDatanodeService@2cc7b63d
2019-08-16 03:40:08,521 INFO  handler.ContextHandler (ContextHandler.java:doStop(910)) - Stopped o.e.j.s.ServletContextHandler@4c219c84{/logs,file:///workdir/hadoop-ozone/integration-test/target/log,UNAVAILABLE}
2019-08-16 03:40:08,522 INFO  datanode.ObjectStoreHandler (ObjectStoreHandler.java:close(155)) - Closing ObjectStoreHandler.
2019-08-16 03:40:08,523 INFO  ozone.HddsDatanodeService (HddsDatanodeService.java:stop(451)) - Stopped plug-in org.apache.hadoop.ozone.web.OzoneHddsDatanodeService@6942ff10
2019-08-16 03:40:08,771 INFO  statemachine.DatanodeStateMachine (DatanodeStateMachine.java:lambda$startDaemon$0(350)) - Ozone container server started.
2019-08-16 03:40:09,445 INFO  statemachine.DatanodeStateMachine (DatanodeStateMachine.java:lambda$startDaemon$0(350)) - Ozone container server started.
2019-08-16 03:40:10,260 WARN  server.GrpcLogAppender (LogUtils.java:warn(134)) - 207cddf1-affb-491c-810b-b96ed76d0ea1->62a246b0-b12b-47e6-89f6-78f18fa2a730: Failed appendEntries: org.apache.ratis.thirdparty.io.grpc.StatusRuntimeException: UNAVAILABLE: io exception
2019-08-16 03:40:10,261 WARN  server.GrpcLogAppender (LogUtils.java:warn(134)) - 207cddf1-affb-491c-810b-b96ed76d0ea1->032a946e-3254-4dd0-899d-9e9c8e0cef5c: Failed appendEntries: org.apache.ratis.thirdparty.io.grpc.StatusRuntimeException: UNAVAILABLE: io exception
2019-08-16 03:40:10,261 INFO  impl.FollowerInfo (FollowerInfo.java:lambda$new$0(50)) - 207cddf1-affb-491c-810b-b96ed76d0ea1->62a246b0-b12b-47e6-89f6-78f18fa2a730: nextIndex: updateUnconditionally 3 -> 2
2019-08-16 03:40:10,261 INFO  impl.FollowerInfo (FollowerInfo.java:lambda$new$0(50)) - 207cddf1-affb-491c-810b-b96ed76d0ea1->032a946e-3254-4dd0-899d-9e9c8e0cef5c: nextIndex: updateUnconditionally 6 -> 5
2019-08-16 03:40:12,761 WARN  server.GrpcLogAppender (LogUtils.java:warn(134)) - 207cddf1-affb-491c-810b-b96ed76d0ea1->62a246b0-b12b-47e6-89f6-78f18fa2a730: Failed appendEntries: org.apache.ratis.thirdparty.io.grpc.StatusRuntimeException: UNAVAILABLE: io exception
2019-08-16 03:40:12,761 WARN  server.GrpcLogAppender (LogUtils.java:warn(134)) - 207cddf1-affb-491c-810b-b96ed76d0ea1->032a946e-3254-4dd0-899d-9e9c8e0cef5c: Failed appendEntries: org.apache.ratis.thirdparty.io.grpc.StatusRuntimeException: UNAVAILABLE: io exception
2019-08-16 03:40:12,761 INFO  impl.FollowerInfo (FollowerInfo.java:lambda$new$0(50)) - 207cddf1-affb-491c-810b-b96ed76d0ea1->62a246b0-b12b-47e6-89f6-78f18fa2a730: nextIndex: updateUnconditionally 2 -> 1
2019-08-16 03:40:12,762 INFO  impl.FollowerInfo (FollowerInfo.java:lambda$new$0(50)) - 207cddf1-affb-491c-810b-b96ed76d0ea1->032a946e-3254-4dd0-899d-9e9c8e0cef5c: nextIndex: updateUnconditionally 5 -> 4
2019-08-16 03:40:12,808 INFO  node.StaleNodeHandler (StaleNodeHandler.java:onMessage(58)) - Datanode d8fe6648-8fca-4461-acc7-7dd89eab0461{ip: 192.168.5.170, host: byscane-nightly-5jrvm-589107607, networkLocation: /default-rack, certSerialId: null} moved to stale state. Finalizing its pipelines [PipelineID=b016d418-b5d1-427d-b5d6-1e4ae5975828, PipelineID=5090e916-a3db-4511-894d-52eac70cbee3]
2019-08-16 03:40:12,808 INFO  pipeline.SCMPipelineManager (SCMPipelineManager.java:finalizeAndDestroyPipeline(309)) - destroying pipeline:Pipeline[ Id: b016d418-b5d1-427d-b5d6-1e4ae5975828, Nodes: d8fe6648-8fca-4461-acc7-7dd89eab0461{ip: 192.168.5.170, host: byscane-nightly-5jrvm-589107607, networkLocation: /default-rack, certSerialId: null}, Type:RATIS, Factor:ONE, State:OPEN]
2019-08-16 03:40:12,808 INFO  pipeline.PipelineStateManager (PipelineStateManager.java:finalizePipeline(123)) - Pipeline Pipeline[ Id: b016d418-b5d1-427d-b5d6-1e4ae5975828, Nodes: d8fe6648-8fca-4461-acc7-7dd89eab0461{ip: 192.168.5.170, host: byscane-nightly-5jrvm-589107607, networkLocation: /default-rack, certSerialId: null}, Type:RATIS, Factor:ONE, State:CLOSED] moved to CLOSED state
2019-08-16 03:40:12,808 INFO  pipeline.SCMPipelineManager (SCMPipelineManager.java:finalizeAndDestroyPipeline(309)) - destroying pipeline:Pipeline[ Id: 5090e916-a3db-4511-894d-52eac70cbee3, Nodes: c849b413-d177-4dae-9cd9-400b5add377a{ip: 192.168.5.170, host: byscane-nightly-5jrvm-589107607, networkLocation: /default-rack, certSerialId: null}d8fe6648-8fca-4461-acc7-7dd89eab0461{ip: 192.168.5.170, host: byscane-nightly-5jrvm-589107607, networkLocation: /default-rack, certSerialId: null}0d6a3bb5-5c5f-4efb-8f32-c0c6b563cde1{ip: 192.168.5.170, host: byscane-nightly-5jrvm-589107607, networkLocation: /default-rack, certSerialId: null}, Type:RATIS, Factor:THREE, State:CLOSED]
2019-08-16 03:40:13,509 INFO  node.StaleNodeHandler (StaleNodeHandler.java:onMessage(58)) - Datanode a0357edf-73b1-4813-81b0-6a94f85fb2f8{ip: 192.168.5.170, host: byscane-nightly-5jrvm-589107607, networkLocation: /default-rack, certSerialId: null} moved to stale state. Finalizing its pipelines [PipelineID=58e04812-7a29-4a94-9f88-8859e68adc18]
2019-08-16 03:40:13,509 INFO  pipeline.SCMPipelineManager (SCMPipelineManager.java:finalizeAndDestroyPipeline(309)) - destroying pipeline:Pipeline[ Id: 58e04812-7a29-4a94-9f88-8859e68adc18, Nodes: a0357edf-73b1-4813-81b0-6a94f85fb2f8{ip: 192.168.5.170, host: byscane-nightly-5jrvm-589107607, networkLocation: /default-rack, certSerialId: null}, Type:RATIS, Factor:ONE, State:OPEN]
2019-08-16 03:40:13,509 INFO  pipeline.PipelineStateManager (PipelineStateManager.java:finalizePipeline(123)) - Pipeline Pipeline[ Id: 58e04812-7a29-4a94-9f88-8859e68adc18, Nodes: a0357edf-73b1-4813-81b0-6a94f85fb2f8{ip: 192.168.5.170, host: byscane-nightly-5jrvm-589107607, networkLocation: /default-rack, certSerialId: null}, Type:RATIS, Factor:ONE, State:CLOSED] moved to CLOSED state
2019-08-16 03:40:13,521 INFO  ozoneimpl.OzoneContainer (OzoneContainer.java:stop(199)) - Attempting to stop container services.
2019-08-16 03:40:13,522 INFO  impl.RaftServerProxy (RaftServerProxy.java:lambda$close$4(314)) - d8fe6648-8fca-4461-acc7-7dd89eab0461: close
2019-08-16 03:40:13,522 INFO  impl.RaftServerImpl (RaftServerImpl.java:lambda$shutdown$3(245)) - d8fe6648-8fca-4461-acc7-7dd89eab0461: shutdown group-1E4AE5975828
2019-08-16 03:40:13,522 INFO  util.JmxRegister (JmxRegister.java:unregister(73)) - Successfully un-registered JMX Bean with object name Ratis:service=RaftServer,group=group-1E4AE5975828,id=d8fe6648-8fca-4461-acc7-7dd89eab0461
2019-08-16 03:40:13,523 INFO  impl.RoleInfo (RoleInfo.java:shutdownLeaderState(104)) - d8fe6648-8fca-4461-acc7-7dd89eab0461: shutdown LeaderState
2019-08-16 03:40:13,523 INFO  impl.PendingRequests (PendingRequests.java:sendNotLeaderResponses(202)) - d8fe6648-8fca-4461-acc7-7dd89eab0461-PendingRequests: sendNotLeaderResponses
2019-08-16 03:40:13,523 INFO  impl.StateMachineUpdater (StateMachineUpdater.java:stopAndJoin(115)) - StateMachineUpdater:d8fe6648-8fca-4461-acc7-7dd89eab0461:group-1E4AE5975828: set stopIndex = 0
2019-08-16 03:40:13,523 INFO  ozoneimpl.OzoneContainer (OzoneContainer.java:stop(199)) - Attempting to stop container services.
2019-08-16 03:40:13,524 INFO  impl.RaftServerImpl (ServerState.java:close(394)) - d8fe6648-8fca-4461-acc7-7dd89eab0461:group-1E4AE5975828 closes. The last applied log index is 0
2019-08-16 03:40:13,525 INFO  impl.RaftServerProxy (RaftServerProxy.java:lambda$close$4(314)) - a0357edf-73b1-4813-81b0-6a94f85fb2f8: close
2019-08-16 03:40:13,525 INFO  segmented.SegmentedRaftLogWorker (SegmentedRaftLogWorker.java:run(313)) - d8fe6648-8fca-4461-acc7-7dd89eab0461-SegmentedRaftLogWorker:Storage Directory /workdir/hadoop-ozone/integration-test/target/test-dir/MiniOzoneClusterImpl-c675edf1-2c96-4517-9492-7066ed6a2cc9/datanode-0/data/ratis/b016d418-b5d1-427d-b5d6-1e4ae5975828 was interrupted, exiting. There are 0 tasks remaining in the queue.
2019-08-16 03:40:13,525 INFO  impl.RaftServerImpl (RaftServerImpl.java:lambda$shutdown$3(245)) - a0357edf-73b1-4813-81b0-6a94f85fb2f8: shutdown group-8859E68ADC18
2019-08-16 03:40:13,528 INFO  segmented.SegmentedRaftLogWorker (SegmentedRaftLogWorker.java:close(228)) - d8fe6648-8fca-4461-acc7-7dd89eab0461-SegmentedRaftLogWorker:Storage Directory /workdir/hadoop-ozone/integration-test/target/test-dir/MiniOzoneClusterImpl-c675edf1-2c96-4517-9492-7066ed6a2cc9/datanode-0/data/ratis/b016d418-b5d1-427d-b5d6-1e4ae5975828 close()
2019-08-16 03:40:13,528 INFO  util.JmxRegister (JmxRegister.java:unregister(73)) - Successfully un-registered JMX Bean with object name Ratis:service=RaftServer,group=group-8859E68ADC18,id=a0357edf-73b1-4813-81b0-6a94f85fb2f8
2019-08-16 03:40:13,531 INFO  impl.RaftServerImpl (RaftServerImpl.java:lambda$shutdown$3(245)) - d8fe6648-8fca-4461-acc7-7dd89eab0461: shutdown group-52EAC70CBEE3
2019-08-16 03:40:13,532 INFO  util.JmxRegister (JmxRegister.java:unregister(73)) - Successfully un-registered JMX Bean with object name Ratis:service=RaftServer,group=group-52EAC70CBEE3,id=d8fe6648-8fca-4461-acc7-7dd89eab0461
2019-08-16 03:40:13,532 INFO  impl.RoleInfo (RoleInfo.java:shutdownFollowerState(121)) - d8fe6648-8fca-4461-acc7-7dd89eab0461: shutdown FollowerState
2019-08-16 03:40:13,532 INFO  impl.RoleInfo (RoleInfo.java:shutdownLeaderState(104)) - a0357edf-73b1-4813-81b0-6a94f85fb2f8: shutdown LeaderState
2019-08-16 03:40:13,533 INFO  impl.FollowerState (FollowerState.java:run(114)) - d8fe6648-8fca-4461-acc7-7dd89eab0461: FollowerState was interrupted: java.lang.InterruptedException: sleep interrupted
2019-08-16 03:40:13,533 INFO  ratis.ContainerStateMachine (ContainerStateMachine.java:takeSnapshot(262)) - group-52EAC70CBEE3: Taking a snapshot at:(t:1, i:16) file /workdir/hadoop-ozone/integration-test/target/test-dir/MiniOzoneClusterImpl-c675edf1-2c96-4517-9492-7066ed6a2cc9/datanode-0/data/ratis/5090e916-a3db-4511-894d-52eac70cbee3/sm/snapshot.1_16
2019-08-16 03:40:13,532 INFO  impl.StateMachineUpdater (StateMachineUpdater.java:stopAndJoin(115)) - StateMachineUpdater:d8fe6648-8fca-4461-acc7-7dd89eab0461:group-52EAC70CBEE3: set stopIndex = 16
2019-08-16 03:40:13,533 INFO  impl.PendingRequests (PendingRequests.java:sendNotLeaderResponses(202)) - a0357edf-73b1-4813-81b0-6a94f85fb2f8-PendingRequests: sendNotLeaderResponses
2019-08-16 03:40:13,536 INFO  impl.StateMachineUpdater (StateMachineUpdater.java:stopAndJoin(115)) - StateMachineUpdater:a0357edf-73b1-4813-81b0-6a94f85fb2f8:group-8859E68ADC18: set stopIndex = 0
2019-08-16 03:40:13,536 INFO  impl.RaftServerImpl (ServerState.java:close(394)) - a0357edf-73b1-4813-81b0-6a94f85fb2f8:group-8859E68ADC18 closes. The last applied log index is 0
2019-08-16 03:40:13,537 INFO  segmented.SegmentedRaftLogWorker (SegmentedRaftLogWorker.java:run(313)) - a0357edf-73b1-4813-81b0-6a94f85fb2f8-SegmentedRaftLogWorker:Storage Directory /workdir/hadoop-ozone/integration-test/target/test-dir/MiniOzoneClusterImpl-c675edf1-2c96-4517-9492-7066ed6a2cc9/datanode-6/data/ratis/58e04812-7a29-4a94-9f88-8859e68adc18 was interrupted, exiting. There are 0 tasks remaining in the queue.
2019-08-16 03:40:13,540 INFO  segmented.SegmentedRaftLogWorker (SegmentedRaftLogWorker.java:close(228)) - a0357edf-73b1-4813-81b0-6a94f85fb2f8-SegmentedRaftLogWorker:Storage Directory /workdir/hadoop-ozone/integration-test/target/test-dir/MiniOzoneClusterImpl-c675edf1-2c96-4517-9492-7066ed6a2cc9/datanode-6/data/ratis/58e04812-7a29-4a94-9f88-8859e68adc18 close()
2019-08-16 03:40:13,548 INFO  ratis.ContainerStateMachine (ContainerStateMachine.java:takeSnapshot(273)) - group-52EAC70CBEE3: Finished taking a snapshot at:(t:1, i:16) file:/workdir/hadoop-ozone/integration-test/target/test-dir/MiniOzoneClusterImpl-c675edf1-2c96-4517-9492-7066ed6a2cc9/datanode-0/data/ratis/5090e916-a3db-4511-894d-52eac70cbee3/sm/snapshot.1_16 time:16
2019-08-16 03:40:13,548 INFO  server.GrpcService (GrpcService.java:closeImpl(155)) - a0357edf-73b1-4813-81b0-6a94f85fb2f8: shutdown server with port 35863 now
2019-08-16 03:40:13,548 INFO  impl.StateMachineUpdater (StateMachineUpdater.java:takeSnapshot(242)) - StateMachineUpdater:d8fe6648-8fca-4461-acc7-7dd89eab0461:group-52EAC70CBEE3: Took a snapshot at index 16
2019-08-16 03:40:13,549 INFO  impl.StateMachineUpdater (StateMachineUpdater.java:lambda$new$0(80)) - StateMachineUpdater:d8fe6648-8fca-4461-acc7-7dd89eab0461:group-52EAC70CBEE3: snapshotIndex: updateIncreasingly -1 -> 16
2019-08-16 03:40:13,549 INFO  server.GrpcService (GrpcService.java:closeImpl(163)) - a0357edf-73b1-4813-81b0-6a94f85fb2f8: shutdown server with port 35863 successfully
2019-08-16 03:40:13,549 INFO  impl.RaftServerImpl (ServerState.java:close(394)) - d8fe6648-8fca-4461-acc7-7dd89eab0461:group-52EAC70CBEE3 closes. The last applied log index is 16
2019-08-16 03:40:13,550 INFO  segmented.SegmentedRaftLogWorker (SegmentedRaftLogWorker.java:run(313)) - d8fe6648-8fca-4461-acc7-7dd89eab0461-SegmentedRaftLogWorker:Storage Directory /workdir/hadoop-ozone/integration-test/target/test-dir/MiniOzoneClusterImpl-c675edf1-2c96-4517-9492-7066ed6a2cc9/datanode-0/data/ratis/5090e916-a3db-4511-894d-52eac70cbee3 was interrupted, exiting. There are 0 tasks remaining in the queue.
2019-08-16 03:40:13,550 INFO  segmented.SegmentedRaftLogWorker (SegmentedRaftLogWorker.java:close(228)) - d8fe6648-8fca-4461-acc7-7dd89eab0461-SegmentedRaftLogWorker:Storage Directory /workdir/hadoop-ozone/integration-test/target/test-dir/MiniOzoneClusterImpl-c675edf1-2c96-4517-9492-7066ed6a2cc9/datanode-0/data/ratis/5090e916-a3db-4511-894d-52eac70cbee3 close()
2019-08-16 03:40:13,550 INFO  utils.BackgroundService (BackgroundService.java:shutdown(148)) - Shutting down service BlockDeletingService
2019-08-16 03:40:13,552 INFO  server.GrpcService (GrpcService.java:closeImpl(155)) - d8fe6648-8fca-4461-acc7-7dd89eab0461: shutdown server with port 41884 now
2019-08-16 03:40:13,553 INFO  server.GrpcService (GrpcService.java:closeImpl(163)) - d8fe6648-8fca-4461-acc7-7dd89eab0461: shutdown server with port 41884 successfully
2019-08-16 03:40:13,556 INFO  utils.BackgroundService (BackgroundService.java:shutdown(148)) - Shutting down service BlockDeletingService
2019-08-16 03:40:13,560 WARN  fs.CachingGetSpaceUsed (CachingGetSpaceUsed.java:run(183)) - Thread Interrupted waiting to refresh disk information: sleep interrupted
2019-08-16 03:40:13,563 WARN  fs.CachingGetSpaceUsed (CachingGetSpaceUsed.java:run(183)) - Thread Interrupted waiting to refresh disk information: sleep interrupted
2019-08-16 03:40:13,580 INFO  statemachine.DatanodeStateMachine (DatanodeStateMachine.java:stopDaemon(395)) - Ozone container server stopped.
2019-08-16 03:40:13,585 INFO  handler.ContextHandler (ContextHandler.java:doStop(910)) - Stopped o.e.j.w.WebAppContext@72b4ecb2{/,null,UNAVAILABLE}{/hddsDatanode}
2019-08-16 03:40:13,585 INFO  server.AbstractConnector (AbstractConnector.java:doStop(318)) - Stopped ServerConnector@457dc809{HTTP/1.1,[http/1.1]}{0.0.0.0:0}
2019-08-16 03:40:13,589 INFO  handler.ContextHandler (ContextHandler.java:doStop(910)) - Stopped o.e.j.s.ServletContextHandler@6a4f15bc{/static,jar:file:/home/user/.m2/repository/org/apache/hadoop/hadoop-hdds-container-service/0.4.1-SNAPSHOT/hadoop-hdds-container-service-0.4.1-SNAPSHOT.jar!/webapps/static,UNAVAILABLE}
2019-08-16 03:40:13,590 INFO  statemachine.DatanodeStateMachine (DatanodeStateMachine.java:stopDaemon(395)) - Ozone container server stopped.
2019-08-16 03:40:13,592 INFO  handler.ContextHandler (ContextHandler.java:doStop(910)) - Stopped o.e.j.s.ServletContextHandler@7e092ca{/logs,file:///workdir/hadoop-ozone/integration-test/target/log,UNAVAILABLE}
2019-08-16 03:40:13,592 INFO  handler.ContextHandler (ContextHandler.java:doStop(910)) - Stopped o.e.j.w.WebAppContext@109941fa{/,null,UNAVAILABLE}{/hddsDatanode}
2019-08-16 03:40:13,593 INFO  datanode.ObjectStoreHandler (ObjectStoreHandler.java:close(155)) - Closing ObjectStoreHandler.
2019-08-16 03:40:13,594 INFO  server.AbstractConnector (AbstractConnector.java:doStop(318)) - Stopped ServerConnector@27103726{HTTP/1.1,[http/1.1]}{0.0.0.0:0}
2019-08-16 03:40:13,594 INFO  ozone.HddsDatanodeService (HddsDatanodeService.java:stop(451)) - Stopped plug-in org.apache.hadoop.ozone.web.OzoneHddsDatanodeService@650929dc
2019-08-16 03:40:13,594 INFO  handler.ContextHandler (ContextHandler.java:doStop(910)) - Stopped o.e.j.s.ServletContextHandler@3d306fd5{/static,jar:file:/home/user/.m2/repository/org/apache/hadoop/hadoop-hdds-container-service/0.4.1-SNAPSHOT/hadoop-hdds-container-service-0.4.1-SNAPSHOT.jar!/webapps/static,UNAVAILABLE}
2019-08-16 03:40:13,595 INFO  handler.ContextHandler (ContextHandler.java:doStop(910)) - Stopped o.e.j.s.ServletContextHandler@26acbc9d{/logs,file:///workdir/hadoop-ozone/integration-test/target/log,UNAVAILABLE}
2019-08-16 03:40:14,338 INFO  statemachine.DatanodeStateMachine (DatanodeStateMachine.java:lambda$startDaemon$0(350)) - Ozone container server started.
2019-08-16 03:40:15,262 WARN  server.GrpcLogAppender (LogUtils.java:warn(134)) - 207cddf1-affb-491c-810b-b96ed76d0ea1->62a246b0-b12b-47e6-89f6-78f18fa2a730: Failed appendEntries: org.apache.ratis.thirdparty.io.grpc.StatusRuntimeException: UNAVAILABLE: io exception
2019-08-16 03:40:15,262 INFO  impl.FollowerInfo (FollowerInfo.java:lambda$new$0(50)) - 207cddf1-affb-491c-810b-b96ed76d0ea1->62a246b0-b12b-47e6-89f6-78f18fa2a730: nextIndex: updateUnconditionally 1 -> 0
2019-08-16 03:40:15,263 WARN  server.GrpcLogAppender (LogUtils.java:warn(134)) - 207cddf1-affb-491c-810b-b96ed76d0ea1->032a946e-3254-4dd0-899d-9e9c8e0cef5c: Failed appendEntries: org.apache.ratis.thirdparty.io.grpc.StatusRuntimeException: UNAVAILABLE: io exception
2019-08-16 03:40:15,263 INFO  impl.FollowerInfo (FollowerInfo.java:lambda$new$0(50)) - 207cddf1-affb-491c-810b-b96ed76d0ea1->032a946e-3254-4dd0-899d-9e9c8e0cef5c: nextIndex: updateUnconditionally 4 -> 3
2019-08-16 03:40:17,763 WARN  server.GrpcLogAppender (LogUtils.java:warn(134)) - 207cddf1-affb-491c-810b-b96ed76d0ea1->62a246b0-b12b-47e6-89f6-78f18fa2a730: Failed appendEntries: org.apache.ratis.thirdparty.io.grpc.StatusRuntimeException: UNAVAILABLE: io exception
2019-08-16 03:40:17,763 WARN  server.GrpcLogAppender (LogUtils.java:warn(134)) - 207cddf1-affb-491c-810b-b96ed76d0ea1->032a946e-3254-4dd0-899d-9e9c8e0cef5c: Failed appendEntries: org.apache.ratis.thirdparty.io.grpc.StatusRuntimeException: UNAVAILABLE: io exception
2019-08-16 03:40:17,763 INFO  impl.FollowerInfo (FollowerInfo.java:lambda$new$0(50)) - 207cddf1-affb-491c-810b-b96ed76d0ea1->62a246b0-b12b-47e6-89f6-78f18fa2a730: nextIndex: updateUnconditionally 0 -> 0
2019-08-16 03:40:17,763 INFO  impl.FollowerInfo (FollowerInfo.java:lambda$new$0(50)) - 207cddf1-affb-491c-810b-b96ed76d0ea1->032a946e-3254-4dd0-899d-9e9c8e0cef5c: nextIndex: updateUnconditionally 3 -> 2
2019-08-16 03:40:18,416 INFO  node.StaleNodeHandler (StaleNodeHandler.java:onMessage(58)) - Datanode 207cddf1-affb-491c-810b-b96ed76d0ea1{ip: 192.168.5.170, host: byscane-nightly-5jrvm-589107607, networkLocation: /default-rack, certSerialId: null} moved to stale state. Finalizing its pipelines [PipelineID=403403fb-3420-4128-b68f-6b99101735d2, PipelineID=8c783608-cf75-42c8-97c4-16e15eedaabe]
2019-08-16 03:40:18,416 INFO  pipeline.SCMPipelineManager (SCMPipelineManager.java:finalizeAndDestroyPipeline(309)) - destroying pipeline:Pipeline[ Id: 403403fb-3420-4128-b68f-6b99101735d2, Nodes: 207cddf1-affb-491c-810b-b96ed76d0ea1{ip: 192.168.5.170, host: byscane-nightly-5jrvm-589107607, networkLocation: /default-rack, certSerialId: null}, Type:RATIS, Factor:ONE, State:OPEN]
2019-08-16 03:40:18,416 INFO  pipeline.PipelineStateManager (PipelineStateManager.java:finalizePipeline(123)) - Pipeline Pipeline[ Id: 403403fb-3420-4128-b68f-6b99101735d2, Nodes: 207cddf1-affb-491c-810b-b96ed76d0ea1{ip: 192.168.5.170, host: byscane-nightly-5jrvm-589107607, networkLocation: /default-rack, certSerialId: null}, Type:RATIS, Factor:ONE, State:CLOSED] moved to CLOSED state
2019-08-16 03:40:18,417 INFO  pipeline.SCMPipelineManager (SCMPipelineManager.java:finalizeAndDestroyPipeline(309)) - destroying pipeline:Pipeline[ Id: 8c783608-cf75-42c8-97c4-16e15eedaabe, Nodes: 032a946e-3254-4dd0-899d-9e9c8e0cef5c{ip: 192.168.5.170, host: byscane-nightly-5jrvm-589107607, networkLocation: /default-rack, certSerialId: null}207cddf1-affb-491c-810b-b96ed76d0ea1{ip: 192.168.5.170, host: byscane-nightly-5jrvm-589107607, networkLocation: /default-rack, certSerialId: null}62a246b0-b12b-47e6-89f6-78f18fa2a730{ip: 192.168.5.170, host: byscane-nightly-5jrvm-589107607, networkLocation: /default-rack, certSerialId: null}, Type:RATIS, Factor:THREE, State:CLOSED]
2019-08-16 03:40:18,595 INFO  ozoneimpl.OzoneContainer (OzoneContainer.java:stop(199)) - Attempting to stop container services.
2019-08-16 03:40:18,595 INFO  impl.RaftServerProxy (RaftServerProxy.java:lambda$close$4(314)) - 207cddf1-affb-491c-810b-b96ed76d0ea1: close
2019-08-16 03:40:18,596 INFO  impl.RaftServerImpl (RaftServerImpl.java:lambda$shutdown$3(245)) - 207cddf1-affb-491c-810b-b96ed76d0ea1: shutdown group-6B99101735D2
2019-08-16 03:40:18,596 INFO  util.JmxRegister (JmxRegister.java:unregister(73)) - Successfully un-registered JMX Bean with object name Ratis:service=RaftServer,group=group-6B99101735D2,id=207cddf1-affb-491c-810b-b96ed76d0ea1
2019-08-16 03:40:18,596 INFO  impl.RoleInfo (RoleInfo.java:shutdownLeaderState(104)) - 207cddf1-affb-491c-810b-b96ed76d0ea1: shutdown LeaderState
2019-08-16 03:40:18,597 INFO  impl.PendingRequests (PendingRequests.java:sendNotLeaderResponses(202)) - 207cddf1-affb-491c-810b-b96ed76d0ea1-PendingRequests: sendNotLeaderResponses
2019-08-16 03:40:18,597 INFO  impl.StateMachineUpdater (StateMachineUpdater.java:stopAndJoin(115)) - StateMachineUpdater:207cddf1-affb-491c-810b-b96ed76d0ea1:group-6B99101735D2: set stopIndex = 0
2019-08-16 03:40:18,597 INFO  impl.RaftServerImpl (ServerState.java:close(394)) - 207cddf1-affb-491c-810b-b96ed76d0ea1:group-6B99101735D2 closes. The last applied log index is 0
2019-08-16 03:40:18,598 INFO  segmented.SegmentedRaftLogWorker (SegmentedRaftLogWorker.java:run(313)) - 207cddf1-affb-491c-810b-b96ed76d0ea1-SegmentedRaftLogWorker:Storage Directory /workdir/hadoop-ozone/integration-test/target/test-dir/MiniOzoneClusterImpl-c675edf1-2c96-4517-9492-7066ed6a2cc9/datanode-5/data/ratis/403403fb-3420-4128-b68f-6b99101735d2 was interrupted, exiting. There are 0 tasks remaining in the queue.
2019-08-16 03:40:18,598 INFO  segmented.SegmentedRaftLogWorker (SegmentedRaftLogWorker.java:close(228)) - 207cddf1-affb-491c-810b-b96ed76d0ea1-SegmentedRaftLogWorker:Storage Directory /workdir/hadoop-ozone/integration-test/target/test-dir/MiniOzoneClusterImpl-c675edf1-2c96-4517-9492-7066ed6a2cc9/datanode-5/data/ratis/403403fb-3420-4128-b68f-6b99101735d2 close()
2019-08-16 03:40:18,600 INFO  impl.RaftServerImpl (RaftServerImpl.java:lambda$shutdown$3(245)) - 207cddf1-affb-491c-810b-b96ed76d0ea1: shutdown group-16E15EEDAABE
2019-08-16 03:40:18,601 INFO  util.JmxRegister (JmxRegister.java:unregister(73)) - Successfully un-registered JMX Bean with object name Ratis:service=RaftServer,group=group-16E15EEDAABE,id=207cddf1-affb-491c-810b-b96ed76d0ea1
2019-08-16 03:40:18,601 INFO  impl.RoleInfo (RoleInfo.java:shutdownLeaderState(104)) - 207cddf1-affb-491c-810b-b96ed76d0ea1: shutdown LeaderState
2019-08-16 03:40:18,604 INFO  impl.PendingRequests (PendingRequests.java:sendNotLeaderResponses(202)) - 207cddf1-affb-491c-810b-b96ed76d0ea1-PendingRequests: sendNotLeaderResponses
2019-08-16 03:40:18,604 WARN  server.GrpcLogAppender (GrpcLogAppender.java:mayWait(143)) - GrpcLogAppender(207cddf1-affb-491c-810b-b96ed76d0ea1->032a946e-3254-4dd0-899d-9e9c8e0cef5c): Wait interrupted by java.lang.InterruptedException
2019-08-16 03:40:18,604 WARN  server.GrpcLogAppender (GrpcLogAppender.java:mayWait(143)) - GrpcLogAppender(207cddf1-affb-491c-810b-b96ed76d0ea1->62a246b0-b12b-47e6-89f6-78f18fa2a730): Wait interrupted by java.lang.InterruptedException
2019-08-16 03:40:18,609 INFO  impl.StateMachineUpdater (StateMachineUpdater.java:stopAndJoin(115)) - StateMachineUpdater:207cddf1-affb-491c-810b-b96ed76d0ea1:group-16E15EEDAABE: set stopIndex = 6
2019-08-16 03:40:18,609 INFO  ratis.ContainerStateMachine (ContainerStateMachine.java:takeSnapshot(262)) - group-16E15EEDAABE: Taking a snapshot at:(t:1, i:6) file /workdir/hadoop-ozone/integration-test/target/test-dir/MiniOzoneClusterImpl-c675edf1-2c96-4517-9492-7066ed6a2cc9/datanode-5/data/ratis/8c783608-cf75-42c8-97c4-16e15eedaabe/sm/snapshot.1_6
2019-08-16 03:40:18,624 INFO  ratis.ContainerStateMachine (ContainerStateMachine.java:takeSnapshot(273)) - group-16E15EEDAABE: Finished taking a snapshot at:(t:1, i:6) file:/workdir/hadoop-ozone/integration-test/target/test-dir/MiniOzoneClusterImpl-c675edf1-2c96-4517-9492-7066ed6a2cc9/datanode-5/data/ratis/8c783608-cf75-42c8-97c4-16e15eedaabe/sm/snapshot.1_6 time:15
2019-08-16 03:40:18,624 INFO  impl.StateMachineUpdater (StateMachineUpdater.java:takeSnapshot(242)) - StateMachineUpdater:207cddf1-affb-491c-810b-b96ed76d0ea1:group-16E15EEDAABE: Took a snapshot at index 6
2019-08-16 03:40:18,624 INFO  impl.StateMachineUpdater (StateMachineUpdater.java:lambda$new$0(80)) - StateMachineUpdater:207cddf1-affb-491c-810b-b96ed76d0ea1:group-16E15EEDAABE: snapshotIndex: updateIncreasingly -1 -> 6
2019-08-16 03:40:18,625 INFO  impl.RaftServerImpl (ServerState.java:close(394)) - 207cddf1-affb-491c-810b-b96ed76d0ea1:group-16E15EEDAABE closes. The last applied log index is 6
2019-08-16 03:40:18,625 INFO  segmented.SegmentedRaftLogWorker (SegmentedRaftLogWorker.java:run(313)) - 207cddf1-affb-491c-810b-b96ed76d0ea1-SegmentedRaftLogWorker:Storage Directory /workdir/hadoop-ozone/integration-test/target/test-dir/MiniOzoneClusterImpl-c675edf1-2c96-4517-9492-7066ed6a2cc9/datanode-5/data/ratis/8c783608-cf75-42c8-97c4-16e15eedaabe was interrupted, exiting. There are 0 tasks remaining in the queue.
2019-08-16 03:40:18,625 INFO  segmented.SegmentedRaftLogWorker (SegmentedRaftLogWorker.java:close(228)) - 207cddf1-affb-491c-810b-b96ed76d0ea1-SegmentedRaftLogWorker:Storage Directory /workdir/hadoop-ozone/integration-test/target/test-dir/MiniOzoneClusterImpl-c675edf1-2c96-4517-9492-7066ed6a2cc9/datanode-5/data/ratis/8c783608-cf75-42c8-97c4-16e15eedaabe close()
2019-08-16 03:40:18,627 INFO  server.GrpcService (GrpcService.java:closeImpl(155)) - 207cddf1-affb-491c-810b-b96ed76d0ea1: shutdown server with port 37044 now
2019-08-16 03:40:18,628 INFO  server.GrpcService (GrpcService.java:closeImpl(163)) - 207cddf1-affb-491c-810b-b96ed76d0ea1: shutdown server with port 37044 successfully
2019-08-16 03:40:18,629 INFO  utils.BackgroundService (BackgroundService.java:shutdown(148)) - Shutting down service BlockDeletingService
2019-08-16 03:40:18,633 WARN  fs.CachingGetSpaceUsed (CachingGetSpaceUsed.java:run(183)) - Thread Interrupted waiting to refresh disk information: sleep interrupted
2019-08-16 03:40:18,651 INFO  statemachine.DatanodeStateMachine (DatanodeStateMachine.java:stopDaemon(395)) - Ozone container server stopped.
2019-08-16 03:40:18,654 INFO  handler.ContextHandler (ContextHandler.java:doStop(910)) - Stopped o.e.j.w.WebAppContext@655008a2{/,null,UNAVAILABLE}{/hddsDatanode}
2019-08-16 03:40:18,655 INFO  server.AbstractConnector (AbstractConnector.java:doStop(318)) - Stopped ServerConnector@424461ad{HTTP/1.1,[http/1.1]}{0.0.0.0:0}
2019-08-16 03:40:18,656 INFO  handler.ContextHandler (ContextHandler.java:doStop(910)) - Stopped o.e.j.s.ServletContextHandler@5128efc{/static,jar:file:/home/user/.m2/repository/org/apache/hadoop/hadoop-hdds-container-service/0.4.1-SNAPSHOT/hadoop-hdds-container-service-0.4.1-SNAPSHOT.jar!/webapps/static,UNAVAILABLE}
2019-08-16 03:40:18,658 INFO  handler.ContextHandler (ContextHandler.java:doStop(910)) - Stopped o.e.j.s.ServletContextHandler@3de4f936{/logs,file:///workdir/hadoop-ozone/integration-test/target/log,UNAVAILABLE}
2019-08-16 03:40:18,658 INFO  ozone.MiniOzoneClusterImpl (MiniOzoneClusterImpl.java:stop(353)) - Stopping the StorageContainerManager
2019-08-16 03:40:18,659 INFO  server.StorageContainerManager (StorageContainerManager.java:stop(797)) - Stopping Replication Manager Service.
2019-08-16 03:40:18,659 INFO  container.ReplicationManager (ReplicationManager.java:stop(193)) - Stopping Replication Monitor Thread.
2019-08-16 03:40:18,659 INFO  server.StorageContainerManager (StorageContainerManager.java:stop(804)) - Stopping Lease Manager of the command watchers
2019-08-16 03:40:18,659 INFO  server.StorageContainerManager (StorageContainerManager.java:stop(811)) - Stopping datanode service RPC server
2019-08-16 03:40:18,660 INFO  server.SCMDatanodeProtocolServer (SCMDatanodeProtocolServer.java:stop(367)) - Stopping the RPC server for DataNodes
2019-08-16 03:40:18,660 INFO  ipc.Server (Server.java:stop(3082)) - Stopping server on 34987
2019-08-16 03:40:18,663 INFO  ipc.Server (Server.java:run(1185)) - Stopping IPC Server listener on 34987
2019-08-16 03:40:18,663 INFO  ipc.Server (Server.java:run(1319)) - Stopping IPC Server Responder
2019-08-16 03:40:18,716 WARN  node.NodeStateManager (NodeStateManager.java:scheduleNextHealthCheck(646)) - Current Thread is interrupted, shutting down HB processing thread for Node Manager.
2019-08-16 03:40:18,716 INFO  server.StorageContainerManager (StorageContainerManager.java:stop(819)) - Stopping block service RPC server
2019-08-16 03:40:18,717 INFO  server.SCMBlockProtocolServer (SCMBlockProtocolServer.java:stop(148)) - Stopping the RPC server for Block Protocol
2019-08-16 03:40:18,717 INFO  ipc.Server (Server.java:stop(3082)) - Stopping server on 33873
2019-08-16 03:40:18,719 INFO  server.StorageContainerManager (StorageContainerManager.java:stop(826)) - Stopping the StorageContainerLocationProtocol RPC server
2019-08-16 03:40:18,719 INFO  server.SCMClientProtocolServer (SCMClientProtocolServer.java:stop(159)) - Stopping the RPC server for Client Protocol
2019-08-16 03:40:18,719 INFO  ipc.Server (Server.java:stop(3082)) - Stopping server on 44233
2019-08-16 03:40:18,720 INFO  ipc.Server (Server.java:run(1319)) - Stopping IPC Server Responder
2019-08-16 03:40:18,720 INFO  ipc.Server (Server.java:run(1185)) - Stopping IPC Server listener on 33873
2019-08-16 03:40:18,721 INFO  ipc.Server (Server.java:run(1185)) - Stopping IPC Server listener on 44233
2019-08-16 03:40:18,722 INFO  server.StorageContainerManager (StorageContainerManager.java:stop(833)) - Stopping Storage Container Manager HTTP server.
2019-08-16 03:40:18,722 INFO  handler.ContextHandler (ContextHandler.java:doStop(910)) - Stopped o.e.j.w.WebAppContext@c4bb119{/,null,UNAVAILABLE}{/scm}
2019-08-16 03:40:18,722 INFO  ipc.Server (Server.java:run(1319)) - Stopping IPC Server Responder
2019-08-16 03:40:18,723 INFO  server.AbstractConnector (AbstractConnector.java:doStop(318)) - Stopped ServerConnector@66075347{HTTP/1.1,[http/1.1]}{0.0.0.0:0}
2019-08-16 03:40:18,724 INFO  handler.ContextHandler (ContextHandler.java:doStop(910)) - Stopped o.e.j.s.ServletContextHandler@19983dd1{/static,file:///workdir/hadoop-ozone/integration-test/target/test-classes/webapps/static,UNAVAILABLE}
2019-08-16 03:40:18,724 INFO  handler.ContextHandler (ContextHandler.java:doStop(910)) - Stopped o.e.j.s.ServletContextHandler@2f143ea{/logs,file:///workdir/hadoop-ozone/integration-test/target/log,UNAVAILABLE}
2019-08-16 03:40:18,725 INFO  server.StorageContainerManager (StorageContainerManager.java:stop(844)) - Stopping Block Manager Service.
2019-08-16 03:40:18,725 INFO  utils.BackgroundService (BackgroundService.java:shutdown(148)) - Shutting down service SCMBlockDeletingService
2019-08-16 03:40:18,726 INFO  utils.BackgroundService (BackgroundService.java:shutdown(148)) - Shutting down service SCMBlockDeletingService
2019-08-16 03:40:18,726 INFO  server.StorageContainerManager (StorageContainerManager.java:stop(866)) - Stopping SCM Event Queue.
2019-08-16 03:40:18,731 INFO  impl.MetricsSystemImpl (MetricsSystemImpl.java:stop(210)) - Stopping HddsDatanode metrics system...
2019-08-16 03:40:18,741 INFO  impl.MetricsSystemImpl (MetricsSystemImpl.java:stop(216)) - HddsDatanode metrics system stopped.
]]></system-out>
    <system-err><![CDATA[Aug 16, 2019 3:39:44 AM com.sun.jersey.server.impl.application.WebApplicationImpl _initiate
INFO: Initiating Jersey application, version 'Jersey: 1.19 02/11/2015 03:25 AM'
Aug 16, 2019 3:39:45 AM com.sun.jersey.server.impl.application.WebApplicationImpl _initiate
INFO: Initiating Jersey application, version 'Jersey: 1.19 02/11/2015 03:25 AM'
Aug 16, 2019 3:39:45 AM com.sun.jersey.server.impl.application.WebApplicationImpl _initiate
INFO: Initiating Jersey application, version 'Jersey: 1.19 02/11/2015 03:25 AM'
Aug 16, 2019 3:39:45 AM com.sun.jersey.server.impl.application.WebApplicationImpl _initiate
INFO: Initiating Jersey application, version 'Jersey: 1.19 02/11/2015 03:25 AM'
Aug 16, 2019 3:39:46 AM com.sun.jersey.server.impl.application.WebApplicationImpl _initiate
INFO: Initiating Jersey application, version 'Jersey: 1.19 02/11/2015 03:25 AM'
Aug 16, 2019 3:39:46 AM com.sun.jersey.server.impl.application.WebApplicationImpl _initiate
INFO: Initiating Jersey application, version 'Jersey: 1.19 02/11/2015 03:25 AM'
Aug 16, 2019 3:39:46 AM com.sun.jersey.server.impl.application.WebApplicationImpl _initiate
INFO: Initiating Jersey application, version 'Jersey: 1.19 02/11/2015 03:25 AM'
Aug 16, 2019 3:39:49 AM org.apache.ratis.thirdparty.io.grpc.internal.ManagedChannelOrphanWrapper$ManagedChannelReference cleanQueue
SEVERE: *~*~*~ Channel ManagedChannelImpl{logId=2688, target=192.168.5.170:34432} was not shutdown properly!!! ~*~*~*
    Make sure to call shutdown()/shutdownNow() and wait until awaitTermination() returns true.
java.lang.RuntimeException: ManagedChannel allocation site
	at org.apache.ratis.thirdparty.io.grpc.internal.ManagedChannelOrphanWrapper$ManagedChannelReference.<init>(ManagedChannelOrphanWrapper.java:103)
	at org.apache.ratis.thirdparty.io.grpc.internal.ManagedChannelOrphanWrapper.<init>(ManagedChannelOrphanWrapper.java:53)
	at org.apache.ratis.thirdparty.io.grpc.internal.ManagedChannelOrphanWrapper.<init>(ManagedChannelOrphanWrapper.java:44)
	at org.apache.ratis.thirdparty.io.grpc.internal.AbstractManagedChannelImplBuilder.build(AbstractManagedChannelImplBuilder.java:411)
	at org.apache.hadoop.hdds.scm.XceiverClientGrpc.connectToDatanode(XceiverClientGrpc.java:174)
	at org.apache.hadoop.hdds.scm.XceiverClientGrpc.reconnect(XceiverClientGrpc.java:422)
	at org.apache.hadoop.hdds.scm.XceiverClientGrpc.sendCommandAsync(XceiverClientGrpc.java:371)
	at org.apache.hadoop.hdds.scm.XceiverClientGrpc.sendCommandWithRetry(XceiverClientGrpc.java:284)
	at org.apache.hadoop.hdds.scm.XceiverClientGrpc.sendCommandWithTraceIDAndRetry(XceiverClientGrpc.java:250)
	at org.apache.hadoop.hdds.scm.XceiverClientGrpc.sendCommand(XceiverClientGrpc.java:233)
	at org.apache.hadoop.hdds.scm.storage.ContainerProtocolCalls.getBlock(ContainerProtocolCalls.java:118)
	at org.apache.hadoop.hdds.scm.storage.BlockInputStream.getChunkInfos(BlockInputStream.java:167)
	at org.apache.hadoop.hdds.scm.storage.BlockInputStream.initialize(BlockInputStream.java:118)
	at org.apache.hadoop.hdds.scm.storage.BlockInputStream.read(BlockInputStream.java:222)
	at org.apache.hadoop.ozone.client.io.KeyInputStream.read(KeyInputStream.java:171)
	at org.apache.hadoop.ozone.client.io.OzoneInputStream.read(OzoneInputStream.java:47)
	at java.io.InputStream.read(InputStream.java:101)
	at org.apache.hadoop.ozone.container.ContainerTestHelper.validateData(ContainerTestHelper.java:709)
	at org.apache.hadoop.ozone.client.rpc.TestBlockOutputStreamWithFailures.validateData(TestBlockOutputStreamWithFailures.java:1216)
	at org.apache.hadoop.ozone.client.rpc.TestBlockOutputStreamWithFailures.testWatchForCommitWithSingleNodeRatis(TestBlockOutputStreamWithFailures.java:918)
	at sun.reflect.NativeMethodAccessorImpl.invoke0(Native Method)
	at sun.reflect.NativeMethodAccessorImpl.invoke(NativeMethodAccessorImpl.java:62)
	at sun.reflect.DelegatingMethodAccessorImpl.invoke(DelegatingMethodAccessorImpl.java:43)
	at java.lang.reflect.Method.invoke(Method.java:498)
	at org.junit.runners.model.FrameworkMethod$1.runReflectiveCall(FrameworkMethod.java:47)
	at org.junit.internal.runners.model.ReflectiveCallable.run(ReflectiveCallable.java:12)
	at org.junit.runners.model.FrameworkMethod.invokeExplosively(FrameworkMethod.java:44)
	at org.junit.internal.runners.statements.InvokeMethod.evaluate(InvokeMethod.java:17)
	at org.junit.internal.runners.statements.RunBefores.evaluate(RunBefores.java:26)
	at org.junit.internal.runners.statements.RunAfters.evaluate(RunAfters.java:27)
	at org.junit.runners.ParentRunner.runLeaf(ParentRunner.java:271)
	at org.junit.runners.BlockJUnit4ClassRunner.runChild(BlockJUnit4ClassRunner.java:70)
	at org.junit.runners.BlockJUnit4ClassRunner.runChild(BlockJUnit4ClassRunner.java:50)
	at org.junit.runners.ParentRunner$3.run(ParentRunner.java:238)
	at org.junit.runners.ParentRunner$1.schedule(ParentRunner.java:63)
	at org.junit.runners.ParentRunner.runChildren(ParentRunner.java:236)
	at org.junit.runners.ParentRunner.access$000(ParentRunner.java:53)
	at org.junit.runners.ParentRunner$2.evaluate(ParentRunner.java:229)
	at org.junit.runners.ParentRunner.run(ParentRunner.java:309)
	at org.apache.maven.surefire.junit4.JUnit4Provider.execute(JUnit4Provider.java:365)
	at org.apache.maven.surefire.junit4.JUnit4Provider.executeWithRerun(JUnit4Provider.java:273)
	at org.apache.maven.surefire.junit4.JUnit4Provider.executeTestSet(JUnit4Provider.java:238)
	at org.apache.maven.surefire.junit4.JUnit4Provider.invoke(JUnit4Provider.java:159)
	at org.apache.maven.surefire.booter.ForkedBooter.invokeProviderInSameClassLoader(ForkedBooter.java:384)
	at org.apache.maven.surefire.booter.ForkedBooter.runSuitesInProcess(ForkedBooter.java:345)
	at org.apache.maven.surefire.booter.ForkedBooter.execute(ForkedBooter.java:126)
	at org.apache.maven.surefire.booter.ForkedBooter.main(ForkedBooter.java:418)

Aug 16, 2019 3:39:49 AM org.apache.ratis.thirdparty.io.grpc.internal.ManagedChannelOrphanWrapper$ManagedChannelReference cleanQueue
SEVERE: *~*~*~ Channel ManagedChannelImpl{logId=2683, target=192.168.5.170:33294} was not shutdown properly!!! ~*~*~*
    Make sure to call shutdown()/shutdownNow() and wait until awaitTermination() returns true.
java.lang.RuntimeException: ManagedChannel allocation site
	at org.apache.ratis.thirdparty.io.grpc.internal.ManagedChannelOrphanWrapper$ManagedChannelReference.<init>(ManagedChannelOrphanWrapper.java:103)
	at org.apache.ratis.thirdparty.io.grpc.internal.ManagedChannelOrphanWrapper.<init>(ManagedChannelOrphanWrapper.java:53)
	at org.apache.ratis.thirdparty.io.grpc.internal.ManagedChannelOrphanWrapper.<init>(ManagedChannelOrphanWrapper.java:44)
	at org.apache.ratis.thirdparty.io.grpc.internal.AbstractManagedChannelImplBuilder.build(AbstractManagedChannelImplBuilder.java:411)
	at org.apache.hadoop.hdds.scm.XceiverClientGrpc.connectToDatanode(XceiverClientGrpc.java:174)
	at org.apache.hadoop.hdds.scm.XceiverClientGrpc.reconnect(XceiverClientGrpc.java:422)
	at org.apache.hadoop.hdds.scm.XceiverClientGrpc.sendCommandAsync(XceiverClientGrpc.java:371)
	at org.apache.hadoop.hdds.scm.XceiverClientGrpc.sendCommandWithRetry(XceiverClientGrpc.java:284)
	at org.apache.hadoop.hdds.scm.XceiverClientGrpc.sendCommandWithTraceIDAndRetry(XceiverClientGrpc.java:250)
	at org.apache.hadoop.hdds.scm.XceiverClientGrpc.sendCommand(XceiverClientGrpc.java:233)
	at org.apache.hadoop.hdds.scm.storage.ContainerProtocolCalls.getBlock(ContainerProtocolCalls.java:118)
	at org.apache.hadoop.hdds.scm.storage.BlockInputStream.getChunkInfos(BlockInputStream.java:167)
	at org.apache.hadoop.hdds.scm.storage.BlockInputStream.initialize(BlockInputStream.java:118)
	at org.apache.hadoop.hdds.scm.storage.BlockInputStream.read(BlockInputStream.java:222)
	at org.apache.hadoop.ozone.client.io.KeyInputStream.read(KeyInputStream.java:171)
	at org.apache.hadoop.ozone.client.io.OzoneInputStream.read(OzoneInputStream.java:47)
	at java.io.InputStream.read(InputStream.java:101)
	at org.apache.hadoop.ozone.container.ContainerTestHelper.validateData(ContainerTestHelper.java:709)
	at org.apache.hadoop.ozone.client.rpc.TestBlockOutputStreamWithFailures.validateData(TestBlockOutputStreamWithFailures.java:1216)
	at org.apache.hadoop.ozone.client.rpc.TestBlockOutputStreamWithFailures.testWatchForCommitWithSingleNodeRatis(TestBlockOutputStreamWithFailures.java:918)
	at sun.reflect.NativeMethodAccessorImpl.invoke0(Native Method)
	at sun.reflect.NativeMethodAccessorImpl.invoke(NativeMethodAccessorImpl.java:62)
	at sun.reflect.DelegatingMethodAccessorImpl.invoke(DelegatingMethodAccessorImpl.java:43)
	at java.lang.reflect.Method.invoke(Method.java:498)
	at org.junit.runners.model.FrameworkMethod$1.runReflectiveCall(FrameworkMethod.java:47)
	at org.junit.internal.runners.model.ReflectiveCallable.run(ReflectiveCallable.java:12)
	at org.junit.runners.model.FrameworkMethod.invokeExplosively(FrameworkMethod.java:44)
	at org.junit.internal.runners.statements.InvokeMethod.evaluate(InvokeMethod.java:17)
	at org.junit.internal.runners.statements.RunBefores.evaluate(RunBefores.java:26)
	at org.junit.internal.runners.statements.RunAfters.evaluate(RunAfters.java:27)
	at org.junit.runners.ParentRunner.runLeaf(ParentRunner.java:271)
	at org.junit.runners.BlockJUnit4ClassRunner.runChild(BlockJUnit4ClassRunner.java:70)
	at org.junit.runners.BlockJUnit4ClassRunner.runChild(BlockJUnit4ClassRunner.java:50)
	at org.junit.runners.ParentRunner$3.run(ParentRunner.java:238)
	at org.junit.runners.ParentRunner$1.schedule(ParentRunner.java:63)
	at org.junit.runners.ParentRunner.runChildren(ParentRunner.java:236)
	at org.junit.runners.ParentRunner.access$000(ParentRunner.java:53)
	at org.junit.runners.ParentRunner$2.evaluate(ParentRunner.java:229)
	at org.junit.runners.ParentRunner.run(ParentRunner.java:309)
	at org.apache.maven.surefire.junit4.JUnit4Provider.execute(JUnit4Provider.java:365)
	at org.apache.maven.surefire.junit4.JUnit4Provider.executeWithRerun(JUnit4Provider.java:273)
	at org.apache.maven.surefire.junit4.JUnit4Provider.executeTestSet(JUnit4Provider.java:238)
	at org.apache.maven.surefire.junit4.JUnit4Provider.invoke(JUnit4Provider.java:159)
	at org.apache.maven.surefire.booter.ForkedBooter.invokeProviderInSameClassLoader(ForkedBooter.java:384)
	at org.apache.maven.surefire.booter.ForkedBooter.runSuitesInProcess(ForkedBooter.java:345)
	at org.apache.maven.surefire.booter.ForkedBooter.execute(ForkedBooter.java:126)
	at org.apache.maven.surefire.booter.ForkedBooter.main(ForkedBooter.java:418)

Aug 16, 2019 3:39:49 AM org.apache.ratis.thirdparty.io.grpc.internal.ManagedChannelOrphanWrapper$ManagedChannelReference cleanQueue
SEVERE: *~*~*~ Channel ManagedChannelImpl{logId=2643, target=192.168.5.170:44571} was not shutdown properly!!! ~*~*~*
    Make sure to call shutdown()/shutdownNow() and wait until awaitTermination() returns true.
java.lang.RuntimeException: ManagedChannel allocation site
	at org.apache.ratis.thirdparty.io.grpc.internal.ManagedChannelOrphanWrapper$ManagedChannelReference.<init>(ManagedChannelOrphanWrapper.java:103)
	at org.apache.ratis.thirdparty.io.grpc.internal.ManagedChannelOrphanWrapper.<init>(ManagedChannelOrphanWrapper.java:53)
	at org.apache.ratis.thirdparty.io.grpc.internal.ManagedChannelOrphanWrapper.<init>(ManagedChannelOrphanWrapper.java:44)
	at org.apache.ratis.thirdparty.io.grpc.internal.AbstractManagedChannelImplBuilder.build(AbstractManagedChannelImplBuilder.java:411)
	at org.apache.ratis.grpc.client.GrpcClientProtocolClient.<init>(GrpcClientProtocolClient.java:119)
	at org.apache.ratis.grpc.client.GrpcClientRpc.lambda$new$0(GrpcClientRpc.java:55)
	at org.apache.ratis.util.PeerProxyMap$PeerAndProxy.lambda$getProxy$0(PeerProxyMap.java:61)
	at org.apache.ratis.util.LifeCycle.startAndTransition(LifeCycle.java:202)
	at org.apache.ratis.util.PeerProxyMap$PeerAndProxy.getProxy(PeerProxyMap.java:60)
	at org.apache.ratis.util.PeerProxyMap.getProxy(PeerProxyMap.java:107)
	at org.apache.ratis.grpc.client.GrpcClientRpc.sendRequestAsync(GrpcClientRpc.java:66)
	at org.apache.ratis.client.impl.OrderedAsync.sendRequest(OrderedAsync.java:208)
	at org.apache.ratis.client.impl.OrderedAsync.sendRequestWithRetry(OrderedAsync.java:169)
	at org.apache.ratis.util.SlidingWindow$Client.sendOrDelayRequest(SlidingWindow.java:278)
	at org.apache.ratis.util.SlidingWindow$Client.retry(SlidingWindow.java:294)
	at org.apache.ratis.client.impl.OrderedAsync.lambda$scheduleWithTimeout$7(OrderedAsync.java:195)
	at org.apache.ratis.util.TimeoutScheduler.lambda$onTimeout$0(TimeoutScheduler.java:85)
	at org.apache.ratis.util.TimeoutScheduler.lambda$onTimeout$1(TimeoutScheduler.java:104)
	at org.apache.ratis.util.LogUtils.runAndLog(LogUtils.java:50)
	at org.apache.ratis.util.LogUtils$1.run(LogUtils.java:91)
	at java.util.concurrent.Executors$RunnableAdapter.call(Executors.java:511)
	at java.util.concurrent.FutureTask.run(FutureTask.java:266)
	at java.util.concurrent.ScheduledThreadPoolExecutor$ScheduledFutureTask.access$201(ScheduledThreadPoolExecutor.java:180)
	at java.util.concurrent.ScheduledThreadPoolExecutor$ScheduledFutureTask.run(ScheduledThreadPoolExecutor.java:293)
	at java.util.concurrent.ThreadPoolExecutor.runWorker(ThreadPoolExecutor.java:1149)
	at java.util.concurrent.ThreadPoolExecutor$Worker.run(ThreadPoolExecutor.java:624)
	at java.lang.Thread.run(Thread.java:748)

Aug 16, 2019 3:39:49 AM org.apache.ratis.thirdparty.io.grpc.internal.ManagedChannelOrphanWrapper$ManagedChannelReference cleanQueue
SEVERE: *~*~*~ Channel ManagedChannelImpl{logId=2678, target=192.168.5.170:45773} was not shutdown properly!!! ~*~*~*
    Make sure to call shutdown()/shutdownNow() and wait until awaitTermination() returns true.
java.lang.RuntimeException: ManagedChannel allocation site
	at org.apache.ratis.thirdparty.io.grpc.internal.ManagedChannelOrphanWrapper$ManagedChannelReference.<init>(ManagedChannelOrphanWrapper.java:103)
	at org.apache.ratis.thirdparty.io.grpc.internal.ManagedChannelOrphanWrapper.<init>(ManagedChannelOrphanWrapper.java:53)
	at org.apache.ratis.thirdparty.io.grpc.internal.ManagedChannelOrphanWrapper.<init>(ManagedChannelOrphanWrapper.java:44)
	at org.apache.ratis.thirdparty.io.grpc.internal.AbstractManagedChannelImplBuilder.build(AbstractManagedChannelImplBuilder.java:411)
	at org.apache.ratis.grpc.client.GrpcClientProtocolClient.<init>(GrpcClientProtocolClient.java:119)
	at org.apache.ratis.grpc.client.GrpcClientRpc.lambda$new$0(GrpcClientRpc.java:55)
	at org.apache.ratis.util.PeerProxyMap$PeerAndProxy.lambda$getProxy$0(PeerProxyMap.java:61)
	at org.apache.ratis.util.LifeCycle.startAndTransition(LifeCycle.java:202)
	at org.apache.ratis.util.PeerProxyMap$PeerAndProxy.getProxy(PeerProxyMap.java:60)
	at org.apache.ratis.util.PeerProxyMap.getProxy(PeerProxyMap.java:107)
	at org.apache.ratis.grpc.client.GrpcClientRpc.sendRequestAsync(GrpcClientRpc.java:66)
	at org.apache.ratis.client.impl.OrderedAsync.sendRequest(OrderedAsync.java:208)
	at org.apache.ratis.client.impl.OrderedAsync.sendRequestWithRetry(OrderedAsync.java:169)
	at org.apache.ratis.util.SlidingWindow$Client.sendOrDelayRequest(SlidingWindow.java:278)
	at org.apache.ratis.util.SlidingWindow$Client.submitNewRequest(SlidingWindow.java:257)
	at org.apache.ratis.client.impl.OrderedAsync.send(OrderedAsync.java:155)
	at org.apache.ratis.client.impl.RaftClientImpl.sendAsync(RaftClientImpl.java:145)
	at org.apache.ratis.client.impl.RaftClientImpl.sendAsync(RaftClientImpl.java:125)
	at org.apache.hadoop.hdds.scm.XceiverClientRatis.sendRequestAsync(XceiverClientRatis.java:224)
	at org.apache.hadoop.hdds.scm.XceiverClientRatis.sendCommandAsync(XceiverClientRatis.java:302)
	at org.apache.hadoop.hdds.scm.storage.ContainerProtocolCalls.writeChunkAsync(ContainerProtocolCalls.java:310)
	at org.apache.hadoop.hdds.scm.storage.BlockOutputStream.writeChunkToContainer(BlockOutputStream.java:601)
	at org.apache.hadoop.hdds.scm.storage.BlockOutputStream.writeChunk(BlockOutputStream.java:459)
	at org.apache.hadoop.hdds.scm.storage.BlockOutputStream.writeOnRetry(BlockOutputStream.java:285)
	at org.apache.hadoop.ozone.client.io.BlockOutputStreamEntry.writeOnRetry(BlockOutputStreamEntry.java:200)
	at org.apache.hadoop.ozone.client.io.KeyOutputStream.handleWrite(KeyOutputStream.java:209)
	at org.apache.hadoop.ozone.client.io.KeyOutputStream.handleRetry(KeyOutputStream.java:376)
	at org.apache.hadoop.ozone.client.io.KeyOutputStream.handleException(KeyOutputStream.java:325)
	at org.apache.hadoop.ozone.client.io.KeyOutputStream.handleFlushOrClose(KeyOutputStream.java:448)
	at org.apache.hadoop.ozone.client.io.KeyOutputStream.handleWrite(KeyOutputStream.java:235)
	at org.apache.hadoop.ozone.client.io.KeyOutputStream.write(KeyOutputStream.java:193)
	at org.apache.hadoop.ozone.client.io.OzoneOutputStream.write(OzoneOutputStream.java:49)
	at java.io.OutputStream.write(OutputStream.java:75)
	at org.apache.hadoop.ozone.client.rpc.TestBlockOutputStreamWithFailures.testWatchForCommitWithSingleNodeRatis(TestBlockOutputStreamWithFailures.java:885)
	at sun.reflect.NativeMethodAccessorImpl.invoke0(Native Method)
	at sun.reflect.NativeMethodAccessorImpl.invoke(NativeMethodAccessorImpl.java:62)
	at sun.reflect.DelegatingMethodAccessorImpl.invoke(DelegatingMethodAccessorImpl.java:43)
	at java.lang.reflect.Method.invoke(Method.java:498)
	at org.junit.runners.model.FrameworkMethod$1.runReflectiveCall(FrameworkMethod.java:47)
	at org.junit.internal.runners.model.ReflectiveCallable.run(ReflectiveCallable.java:12)
	at org.junit.runners.model.FrameworkMethod.invokeExplosively(FrameworkMethod.java:44)
	at org.junit.internal.runners.statements.InvokeMethod.evaluate(InvokeMethod.java:17)
	at org.junit.internal.runners.statements.RunBefores.evaluate(RunBefores.java:26)
	at org.junit.internal.runners.statements.RunAfters.evaluate(RunAfters.java:27)
	at org.junit.runners.ParentRunner.runLeaf(ParentRunner.java:271)
	at org.junit.runners.BlockJUnit4ClassRunner.runChild(BlockJUnit4ClassRunner.java:70)
	at org.junit.runners.BlockJUnit4ClassRunner.runChild(BlockJUnit4ClassRunner.java:50)
	at org.junit.runners.ParentRunner$3.run(ParentRunner.java:238)
	at org.junit.runners.ParentRunner$1.schedule(ParentRunner.java:63)
	at org.junit.runners.ParentRunner.runChildren(ParentRunner.java:236)
	at org.junit.runners.ParentRunner.access$000(ParentRunner.java:53)
	at org.junit.runners.ParentRunner$2.evaluate(ParentRunner.java:229)
	at org.junit.runners.ParentRunner.run(ParentRunner.java:309)
	at org.apache.maven.surefire.junit4.JUnit4Provider.execute(JUnit4Provider.java:365)
	at org.apache.maven.surefire.junit4.JUnit4Provider.executeWithRerun(JUnit4Provider.java:273)
	at org.apache.maven.surefire.junit4.JUnit4Provider.executeTestSet(JUnit4Provider.java:238)
	at org.apache.maven.surefire.junit4.JUnit4Provider.invoke(JUnit4Provider.java:159)
	at org.apache.maven.surefire.booter.ForkedBooter.invokeProviderInSameClassLoader(ForkedBooter.java:384)
	at org.apache.maven.surefire.booter.ForkedBooter.runSuitesInProcess(ForkedBooter.java:345)
	at org.apache.maven.surefire.booter.ForkedBooter.execute(ForkedBooter.java:126)
	at org.apache.maven.surefire.booter.ForkedBooter.main(ForkedBooter.java:418)

]]></system-err>
  </testcase>
  <testcase name="testFailureWithPrimeSizedData" classname="org.apache.hadoop.ozone.client.rpc.TestBlockOutputStreamWithFailures" time="35.082"/>
  <testcase name="testWatchForCommitWithCloseContainerException" classname="org.apache.hadoop.ozone.client.rpc.TestBlockOutputStreamWithFailures" time="36.067"/>
  <testcase name="testExceptionDuringClose" classname="org.apache.hadoop.ozone.client.rpc.TestBlockOutputStreamWithFailures" time="34.38"/>
</testsuite>