<?xml version="1.0" encoding="UTF-8"?>
<testsuite xmlns:xsi="http://www.w3.org/2001/XMLSchema-instance" xsi:noNamespaceSchemaLocation="https://maven.apache.org/surefire/maven-surefire-plugin/xsd/surefire-test-report.xsd" name="org.apache.hadoop.ozone.TestStorageContainerManager" time="111.477" tests="9" errors="2" skipped="0" failures="1">
  <properties>
    <property name="awt.toolkit" value="sun.awt.X11.XToolkit"/>
    <property name="file.encoding.pkg" value="sun.io"/>
    <property name="java.specification.version" value="1.8"/>
    <property name="sun.cpu.isalist" value=""/>
    <property name="sun.jnu.encoding" value="UTF-8"/>
    <property name="java.class.path" value="/workdir/hadoop-ozone/integration-test/target/test-classes:/workdir/hadoop-ozone/integration-test/target/classes:/home/user/.m2/repository/org/apache/hadoop/hadoop-ozone-common/0.4.1-SNAPSHOT/hadoop-ozone-common-0.4.1-SNAPSHOT.jar:/home/user/.m2/repository/org/apache/commons/commons-compress/1.4.1/commons-compress-1.4.1.jar:/home/user/.m2/repository/org/tukaani/xz/1.0/xz-1.0.jar:/home/user/.m2/repository/org/apache/hadoop/hadoop-common/3.2.0/hadoop-common-3.2.0.jar:/home/user/.m2/repository/org/apache/hadoop/hadoop-hdfs/3.2.0/hadoop-hdfs-3.2.0.jar:/home/user/.m2/repository/org/apache/hadoop/hadoop-hdfs-client/3.2.0/hadoop-hdfs-client-3.2.0.jar:/home/user/.m2/repository/com/fasterxml/jackson/core/jackson-annotations/2.9.5/jackson-annotations-2.9.5.jar:/home/user/.m2/repository/org/apache/hadoop/hadoop-hdds-common/0.4.1-SNAPSHOT/hadoop-hdds-common-0.4.1-SNAPSHOT.jar:/home/user/.m2/repository/javax/annotation/javax.annotation-api/1.2/javax.annotation-api-1.2.jar:/home/user/.m2/repository/org/apache/ratis/ratis-server/0.4.0-2337318-SNAPSHOT/ratis-server-0.4.0-2337318-SNAPSHOT.jar:/home/user/.m2/repository/org/apache/ratis/ratis-thirdparty-misc/0.2.0/ratis-thirdparty-misc-0.2.0.jar:/home/user/.m2/repository/org/apache/ratis/ratis-proto/0.4.0-2337318-SNAPSHOT/ratis-proto-0.4.0-2337318-SNAPSHOT.jar:/home/user/.m2/repository/org/apache/ratis/ratis-common/0.4.0-2337318-SNAPSHOT/ratis-common-0.4.0-2337318-SNAPSHOT.jar:/home/user/.m2/repository/org/apache/ratis/ratis-client/0.4.0-2337318-SNAPSHOT/ratis-client-0.4.0-2337318-SNAPSHOT.jar:/home/user/.m2/repository/org/apache/ratis/ratis-metrics/0.4.0-2337318-SNAPSHOT/ratis-metrics-0.4.0-2337318-SNAPSHOT.jar:/home/user/.m2/repository/org/apache/ratis/ratis-netty/0.4.0-2337318-SNAPSHOT/ratis-netty-0.4.0-2337318-SNAPSHOT.jar:/home/user/.m2/repository/org/apache/ratis/ratis-grpc/0.4.0-2337318-SNAPSHOT/ratis-grpc-0.4.0-2337318-SNAPSHOT.jar:/home/user/.m2/repository/org/rocksdb/rocksdbjni/6.0.1/rocksdbjni-6.0.1.jar:/home/user/.m2/repository/org/apache/logging/log4j/log4j-api/2.11.0/log4j-api-2.11.0.jar:/home/user/.m2/repository/org/apache/logging/log4j/log4j-core/2.11.0/log4j-core-2.11.0.jar:/home/user/.m2/repository/com/lmax/disruptor/3.4.2/disruptor-3.4.2.jar:/home/user/.m2/repository/org/apache/commons/commons-pool2/2.6.0/commons-pool2-2.6.0.jar:/home/user/.m2/repository/org/bouncycastle/bcpkix-jdk15on/1.60/bcpkix-jdk15on-1.60.jar:/home/user/.m2/repository/commons-validator/commons-validator/1.6/commons-validator-1.6.jar:/home/user/.m2/repository/commons-digester/commons-digester/1.8.1/commons-digester-1.8.1.jar:/home/user/.m2/repository/io/jaegertracing/jaeger-client/0.33.1/jaeger-client-0.33.1.jar:/home/user/.m2/repository/io/jaegertracing/jaeger-thrift/0.33.1/jaeger-thrift-0.33.1.jar:/home/user/.m2/repository/org/apache/thrift/libthrift/0.11.0/libthrift-0.11.0.jar:/home/user/.m2/repository/com/squareup/okhttp3/okhttp/3.9.0/okhttp-3.9.0.jar:/home/user/.m2/repository/com/squareup/okio/okio/1.13.0/okio-1.13.0.jar:/home/user/.m2/repository/io/jaegertracing/jaeger-core/0.33.1/jaeger-core-0.33.1.jar:/home/user/.m2/repository/io/jaegertracing/jaeger-tracerresolver/0.33.1/jaeger-tracerresolver-0.33.1.jar:/home/user/.m2/repository/io/opentracing/contrib/opentracing-tracerresolver/0.1.5/opentracing-tracerresolver-0.1.5.jar:/home/user/.m2/repository/io/opentracing/opentracing-util/0.31.0/opentracing-util-0.31.0.jar:/home/user/.m2/repository/io/opentracing/opentracing-api/0.31.0/opentracing-api-0.31.0.jar:/home/user/.m2/repository/io/opentracing/opentracing-noop/0.31.0/opentracing-noop-0.31.0.jar:/home/user/.m2/repository/org/apache/hadoop/hadoop-hdds-server-framework/0.4.1-SNAPSHOT/hadoop-hdds-server-framework-0.4.1-SNAPSHOT.jar:/home/user/.m2/repository/org/apache/hadoop/hadoop-hdds-container-service/0.4.1-SNAPSHOT/hadoop-hdds-container-service-0.4.1-SNAPSHOT.jar:/home/user/.m2/repository/org/apache/hadoop/hadoop-hdds-client/0.4.1-SNAPSHOT/hadoop-hdds-client-0.4.1-SNAPSHOT.jar:/home/user/.m2/repository/org/apache/hadoop/hadoop-hdds-tools/0.4.1-SNAPSHOT/hadoop-hdds-tools-0.4.1-SNAPSHOT.jar:/home/user/.m2/repository/org/apache/hadoop/hadoop-hdds-server-scm/0.4.1-SNAPSHOT/hadoop-hdds-server-scm-0.4.1-SNAPSHOT.jar:/home/user/.m2/repository/org/apache/hadoop/hadoop-hdds-docs/0.4.1-SNAPSHOT/hadoop-hdds-docs-0.4.1-SNAPSHOT.jar:/home/user/.m2/repository/io/dropwizard/metrics/metrics-core/3.2.4/metrics-core-3.2.4.jar:/home/user/.m2/repository/org/hamcrest/hamcrest-all/1.3/hamcrest-all-1.3.jar:/home/user/.m2/repository/org/bouncycastle/bcprov-jdk15on/1.60/bcprov-jdk15on-1.60.jar:/home/user/.m2/repository/info/picocli/picocli/3.9.6/picocli-3.9.6.jar:/home/user/.m2/repository/com/google/protobuf/protobuf-java/2.5.0/protobuf-java-2.5.0.jar:/home/user/.m2/repository/com/google/guava/guava/11.0.2/guava-11.0.2.jar:/home/user/.m2/repository/org/apache/hadoop/hadoop-ozone-ozone-manager/0.4.1-SNAPSHOT/hadoop-ozone-ozone-manager-0.4.1-SNAPSHOT.jar:/home/user/.m2/repository/org/apache/hadoop/hadoop-minikdc/3.2.0/hadoop-minikdc-3.2.0.jar:/home/user/.m2/repository/commons-io/commons-io/2.5/commons-io-2.5.jar:/home/user/.m2/repository/org/apache/kerby/kerb-simplekdc/1.0.1/kerb-simplekdc-1.0.1.jar:/home/user/.m2/repository/org/apache/kerby/kerb-client/1.0.1/kerb-client-1.0.1.jar:/home/user/.m2/repository/org/apache/kerby/kerby-config/1.0.1/kerby-config-1.0.1.jar:/home/user/.m2/repository/org/apache/kerby/kerb-core/1.0.1/kerb-core-1.0.1.jar:/home/user/.m2/repository/org/apache/kerby/kerby-pkix/1.0.1/kerby-pkix-1.0.1.jar:/home/user/.m2/repository/org/apache/kerby/kerby-asn1/1.0.1/kerby-asn1-1.0.1.jar:/home/user/.m2/repository/org/apache/kerby/kerby-util/1.0.1/kerby-util-1.0.1.jar:/home/user/.m2/repository/org/apache/kerby/kerb-common/1.0.1/kerb-common-1.0.1.jar:/home/user/.m2/repository/org/apache/kerby/kerb-crypto/1.0.1/kerb-crypto-1.0.1.jar:/home/user/.m2/repository/org/apache/kerby/kerb-util/1.0.1/kerb-util-1.0.1.jar:/home/user/.m2/repository/org/apache/kerby/token-provider/1.0.1/token-provider-1.0.1.jar:/home/user/.m2/repository/org/apache/kerby/kerb-admin/1.0.1/kerb-admin-1.0.1.jar:/home/user/.m2/repository/org/apache/kerby/kerb-server/1.0.1/kerb-server-1.0.1.jar:/home/user/.m2/repository/org/apache/kerby/kerb-identity/1.0.1/kerb-identity-1.0.1.jar:/home/user/.m2/repository/org/apache/kerby/kerby-xdr/1.0.1/kerby-xdr-1.0.1.jar:/home/user/.m2/repository/org/slf4j/slf4j-log4j12/1.7.25/slf4j-log4j12-1.7.25.jar:/home/user/.m2/repository/org/apache/hadoop/hadoop-ozone-objectstore-service/0.4.1-SNAPSHOT/hadoop-ozone-objectstore-service-0.4.1-SNAPSHOT.jar:/home/user/.m2/repository/org/apache/hadoop/hadoop-ozone-s3gateway/0.4.1-SNAPSHOT/hadoop-ozone-s3gateway-0.4.1-SNAPSHOT.jar:/home/user/.m2/repository/org/jboss/weld/servlet/weld-servlet/2.4.7.Final/weld-servlet-2.4.7.Final.jar:/home/user/.m2/repository/org/glassfish/jersey/containers/jersey-container-servlet-core/2.27/jersey-container-servlet-core-2.27.jar:/home/user/.m2/repository/org/glassfish/hk2/external/javax.inject/2.5.0-b42/javax.inject-2.5.0-b42.jar:/home/user/.m2/repository/org/glassfish/jersey/core/jersey-common/2.27/jersey-common-2.27.jar:/home/user/.m2/repository/org/glassfish/hk2/osgi-resource-locator/1.0.1/osgi-resource-locator-1.0.1.jar:/home/user/.m2/repository/javax/ws/rs/javax.ws.rs-api/2.1/javax.ws.rs-api-2.1.jar:/home/user/.m2/repository/org/glassfish/jersey/ext/cdi/jersey-cdi1x/2.27/jersey-cdi1x-2.27.jar:/home/user/.m2/repository/org/glassfish/jersey/inject/jersey-hk2/2.27/jersey-hk2-2.27.jar:/home/user/.m2/repository/org/glassfish/hk2/hk2-locator/2.5.0-b42/hk2-locator-2.5.0-b42.jar:/home/user/.m2/repository/org/javassist/javassist/3.22.0-CR2/javassist-3.22.0-CR2.jar:/home/user/.m2/repository/org/glassfish/hk2/hk2-api/2.5.0/hk2-api-2.5.0.jar:/home/user/.m2/repository/org/glassfish/hk2/external/jakarta.inject/2.5.0/jakarta.inject-2.5.0.jar:/home/user/.m2/repository/org/glassfish/hk2/hk2-utils/2.5.0/hk2-utils-2.5.0.jar:/home/user/.m2/repository/jakarta/annotation/jakarta.annotation-api/1.3.4/jakarta.annotation-api-1.3.4.jar:/home/user/.m2/repository/org/glassfish/hk2/external/aopalliance-repackaged/2.5.0/aopalliance-repackaged-2.5.0.jar:/home/user/.m2/repository/com/fasterxml/jackson/dataformat/jackson-dataformat-xml/2.9.0/jackson-dataformat-xml-2.9.0.jar:/home/user/.m2/repository/com/fasterxml/jackson/core/jackson-core/2.9.5/jackson-core-2.9.5.jar:/home/user/.m2/repository/com/fasterxml/jackson/module/jackson-module-jaxb-annotations/2.9.5/jackson-module-jaxb-annotations-2.9.5.jar:/home/user/.m2/repository/javax/enterprise/cdi-api/1.2/cdi-api-1.2.jar:/home/user/.m2/repository/javax/el/javax.el-api/3.0.0/javax.el-api-3.0.0.jar:/home/user/.m2/repository/javax/interceptor/javax.interceptor-api/1.2/javax.interceptor-api-1.2.jar:/home/user/.m2/repository/javax/inject/javax.inject/1/javax.inject-1.jar:/home/user/.m2/repository/com/sun/xml/bind/jaxb-impl/2.3.0.1/jaxb-impl-2.3.0.1.jar:/home/user/.m2/repository/com/sun/xml/bind/jaxb-core/2.3.0.1/jaxb-core-2.3.0.1.jar:/home/user/.m2/repository/javax/xml/bind/jaxb-api/2.3.0/jaxb-api-2.3.0.jar:/home/user/.m2/repository/javax/activation/activation/1.1.1/activation-1.1.1.jar:/home/user/.m2/repository/org/apache/hadoop/hadoop-ozone-csi/0.4.1-SNAPSHOT/hadoop-ozone-csi-0.4.1-SNAPSHOT.jar:/home/user/.m2/repository/com/google/protobuf/protobuf-java-util/3.5.1/protobuf-java-util-3.5.1.jar:/home/user/.m2/repository/org/apache/hadoop/hadoop-hdds-config/0.4.1-SNAPSHOT/hadoop-hdds-config-0.4.1-SNAPSHOT.jar:/home/user/.m2/repository/io/grpc/grpc-netty/1.17.1/grpc-netty-1.17.1.jar:/home/user/.m2/repository/io/grpc/grpc-core/1.17.1/grpc-core-1.17.1.jar:/home/user/.m2/repository/io/grpc/grpc-context/1.17.1/grpc-context-1.17.1.jar:/home/user/.m2/repository/com/google/errorprone/error_prone_annotations/2.2.0/error_prone_annotations-2.2.0.jar:/home/user/.m2/repository/org/codehaus/mojo/animal-sniffer-annotations/1.17/animal-sniffer-annotations-1.17.jar:/home/user/.m2/repository/io/opencensus/opencensus-api/0.17.0/opencensus-api-0.17.0.jar:/home/user/.m2/repository/io/opencensus/opencensus-contrib-grpc-metrics/0.17.0/opencensus-contrib-grpc-metrics-0.17.0.jar:/home/user/.m2/repository/io/netty/netty-codec-http2/4.1.30.Final/netty-codec-http2-4.1.30.Final.jar:/home/user/.m2/repository/io/netty/netty-codec-http/4.1.30.Final/netty-codec-http-4.1.30.Final.jar:/home/user/.m2/repository/io/netty/netty-codec/4.1.30.Final/netty-codec-4.1.30.Final.jar:/home/user/.m2/repository/io/netty/netty-handler/4.1.30.Final/netty-handler-4.1.30.Final.jar:/home/user/.m2/repository/io/netty/netty-handler-proxy/4.1.30.Final/netty-handler-proxy-4.1.30.Final.jar:/home/user/.m2/repository/io/netty/netty-codec-socks/4.1.30.Final/netty-codec-socks-4.1.30.Final.jar:/home/user/.m2/repository/io/netty/netty-transport-native-epoll/4.1.30.Final/netty-transport-native-epoll-4.1.30.Final.jar:/home/user/.m2/repository/io/netty/netty-common/4.1.30.Final/netty-common-4.1.30.Final.jar:/home/user/.m2/repository/io/netty/netty-buffer/4.1.30.Final/netty-buffer-4.1.30.Final.jar:/home/user/.m2/repository/io/netty/netty-transport/4.1.30.Final/netty-transport-4.1.30.Final.jar:/home/user/.m2/repository/io/netty/netty-resolver/4.1.30.Final/netty-resolver-4.1.30.Final.jar:/home/user/.m2/repository/io/netty/netty-transport-native-unix-common/4.1.30.Final/netty-transport-native-unix-common-4.1.30.Final.jar:/home/user/.m2/repository/io/grpc/grpc-protobuf/1.17.1/grpc-protobuf-1.17.1.jar:/home/user/.m2/repository/com/google/api/grpc/proto-google-common-protos/1.0.0/proto-google-common-protos-1.0.0.jar:/home/user/.m2/repository/io/grpc/grpc-protobuf-lite/1.17.1/grpc-protobuf-lite-1.17.1.jar:/home/user/.m2/repository/io/grpc/grpc-stub/1.17.1/grpc-stub-1.17.1.jar:/home/user/.m2/repository/org/apache/hadoop/hadoop-ozone-recon/0.4.1-SNAPSHOT/hadoop-ozone-recon-0.4.1-SNAPSHOT.jar:/home/user/.m2/repository/org/apache/hadoop/hadoop-ozone-reconcodegen/0.4.1-SNAPSHOT/hadoop-ozone-reconcodegen-0.4.1-SNAPSHOT.jar:/home/user/.m2/repository/com/google/inject/extensions/guice-multibindings/4.0/guice-multibindings-4.0.jar:/home/user/.m2/repository/com/google/inject/guice/4.0/guice-4.0.jar:/home/user/.m2/repository/aopalliance/aopalliance/1.0/aopalliance-1.0.jar:/home/user/.m2/repository/com/google/inject/extensions/guice-servlet/4.0/guice-servlet-4.0.jar:/home/user/.m2/repository/org/glassfish/jersey/containers/jersey-container-servlet/2.27/jersey-container-servlet-2.27.jar:/home/user/.m2/repository/org/glassfish/hk2/guice-bridge/2.5.0/guice-bridge-2.5.0.jar:/home/user/.m2/repository/org/glassfish/jersey/core/jersey-server/2.27/jersey-server-2.27.jar:/home/user/.m2/repository/org/glassfish/jersey/core/jersey-client/2.27/jersey-client-2.27.jar:/home/user/.m2/repository/org/glassfish/jersey/media/jersey-media-jaxb/2.27/jersey-media-jaxb-2.27.jar:/home/user/.m2/repository/javax/validation/validation-api/1.1.0.Final/validation-api-1.1.0.Final.jar:/home/user/.m2/repository/org/glassfish/jersey/media/jersey-media-json-jackson/2.27/jersey-media-json-jackson-2.27.jar:/home/user/.m2/repository/org/glassfish/jersey/ext/jersey-entity-filtering/2.27/jersey-entity-filtering-2.27.jar:/home/user/.m2/repository/com/google/inject/extensions/guice-assistedinject/4.0/guice-assistedinject-4.0.jar:/home/user/.m2/repository/org/jooq/jooq/3.11.10/jooq-3.11.10.jar:/home/user/.m2/repository/org/jooq/jooq-meta/3.11.10/jooq-meta-3.11.10.jar:/home/user/.m2/repository/org/jooq/jooq-codegen/3.11.10/jooq-codegen-3.11.10.jar:/home/user/.m2/repository/com/jolbox/bonecp/0.8.0.RELEASE/bonecp-0.8.0.RELEASE.jar:/home/user/.m2/repository/org/xerial/sqlite-jdbc/3.25.2/sqlite-jdbc-3.25.2.jar:/home/user/.m2/repository/org/springframework/spring-jdbc/5.1.3.RELEASE/spring-jdbc-5.1.3.RELEASE.jar:/home/user/.m2/repository/org/springframework/spring-beans/5.1.3.RELEASE/spring-beans-5.1.3.RELEASE.jar:/home/user/.m2/repository/org/springframework/spring-core/5.1.3.RELEASE/spring-core-5.1.3.RELEASE.jar:/home/user/.m2/repository/org/springframework/spring-jcl/5.1.3.RELEASE/spring-jcl-5.1.3.RELEASE.jar:/home/user/.m2/repository/org/springframework/spring-tx/5.1.3.RELEASE/spring-tx-5.1.3.RELEASE.jar:/home/user/.m2/repository/org/apache/hadoop/hadoop-ozone-client/0.4.1-SNAPSHOT/hadoop-ozone-client-0.4.1-SNAPSHOT.jar:/home/user/.m2/repository/commons-lang/commons-lang/2.6/commons-lang-2.6.jar:/home/user/.m2/repository/org/apache/hadoop/hadoop-ozone-ozone-manager/0.4.1-SNAPSHOT/hadoop-ozone-ozone-manager-0.4.1-SNAPSHOT-tests.jar:/home/user/.m2/repository/junit/junit/4.11/junit-4.11.jar:/home/user/.m2/repository/org/hamcrest/hamcrest-core/1.3/hamcrest-core-1.3.jar:/home/user/.m2/repository/org/openjdk/jmh/jmh-core/1.19/jmh-core-1.19.jar:/home/user/.m2/repository/net/sf/jopt-simple/jopt-simple/4.6/jopt-simple-4.6.jar:/home/user/.m2/repository/org/apache/commons/commons-math3/3.1.1/commons-math3-3.1.1.jar:/home/user/.m2/repository/org/openjdk/jmh/jmh-generator-annprocess/1.19/jmh-generator-annprocess-1.19.jar:/home/user/.m2/repository/org/mockito/mockito-all/1.8.5/mockito-all-1.8.5.jar:/home/user/.m2/repository/org/apache/hadoop/hadoop-kms/3.2.0/hadoop-kms-3.2.0.jar:/home/user/.m2/repository/org/apache/hadoop/hadoop-auth/3.2.0/hadoop-auth-3.2.0.jar:/home/user/.m2/repository/com/nimbusds/nimbus-jose-jwt/4.41.1/nimbus-jose-jwt-4.41.1.jar:/home/user/.m2/repository/com/github/stephenc/jcip/jcip-annotations/1.0-1/jcip-annotations-1.0-1.jar:/home/user/.m2/repository/net/minidev/json-smart/2.3/json-smart-2.3.jar:/home/user/.m2/repository/net/minidev/accessors-smart/1.2/accessors-smart-1.2.jar:/home/user/.m2/repository/org/ow2/asm/asm/5.0.4/asm-5.0.4.jar:/home/user/.m2/repository/org/apache/curator/curator-framework/2.12.0/curator-framework-2.12.0.jar:/home/user/.m2/repository/com/sun/jersey/jersey-core/1.19/jersey-core-1.19.jar:/home/user/.m2/repository/javax/ws/rs/jsr311-api/1.1.1/jsr311-api-1.1.1.jar:/home/user/.m2/repository/com/sun/jersey/jersey-server/1.19/jersey-server-1.19.jar:/home/user/.m2/repository/javax/servlet/javax.servlet-api/3.1.0/javax.servlet-api-3.1.0.jar:/home/user/.m2/repository/org/eclipse/jetty/jetty-server/9.3.24.v20180605/jetty-server-9.3.24.v20180605.jar:/home/user/.m2/repository/org/eclipse/jetty/jetty-http/9.3.24.v20180605/jetty-http-9.3.24.v20180605.jar:/home/user/.m2/repository/org/eclipse/jetty/jetty-io/9.3.24.v20180605/jetty-io-9.3.24.v20180605.jar:/home/user/.m2/repository/org/eclipse/jetty/jetty-webapp/9.3.24.v20180605/jetty-webapp-9.3.24.v20180605.jar:/home/user/.m2/repository/org/eclipse/jetty/jetty-xml/9.3.24.v20180605/jetty-xml-9.3.24.v20180605.jar:/home/user/.m2/repository/log4j/log4j/1.2.17/log4j-1.2.17.jar:/home/user/.m2/repository/org/slf4j/slf4j-api/1.7.25/slf4j-api-1.7.25.jar:/home/user/.m2/repository/org/slf4j/jul-to-slf4j/1.7.25/jul-to-slf4j-1.7.25.jar:/home/user/.m2/repository/org/eclipse/jetty/jetty-util/9.3.24.v20180605/jetty-util-9.3.24.v20180605.jar:/home/user/.m2/repository/com/fasterxml/jackson/core/jackson-databind/2.9.5/jackson-databind-2.9.5.jar:/home/user/.m2/repository/org/apache/hadoop/hadoop-kms/3.2.0/hadoop-kms-3.2.0-tests.jar:/home/user/.m2/repository/org/apache/hadoop/hadoop-hdds-server-scm/0.4.1-SNAPSHOT/hadoop-hdds-server-scm-0.4.1-SNAPSHOT-tests.jar:/home/user/.m2/repository/org/apache/hadoop/hadoop-hdds-container-service/0.4.1-SNAPSHOT/hadoop-hdds-container-service-0.4.1-SNAPSHOT-tests.jar:/home/user/.m2/repository/org/yaml/snakeyaml/1.16/snakeyaml-1.16.jar:/home/user/.m2/repository/org/apache/hadoop/hadoop-common/3.2.0/hadoop-common-3.2.0-tests.jar:/home/user/.m2/repository/org/apache/hadoop/hadoop-annotations/3.2.0/hadoop-annotations-3.2.0.jar:/usr/lib/jvm/java-1.8-openjdk/jre/../lib/tools.jar:/home/user/.m2/repository/commons-cli/commons-cli/1.2/commons-cli-1.2.jar:/home/user/.m2/repository/org/apache/httpcomponents/httpclient/4.5.2/httpclient-4.5.2.jar:/home/user/.m2/repository/org/apache/httpcomponents/httpcore/4.4.4/httpcore-4.4.4.jar:/home/user/.m2/repository/commons-codec/commons-codec/1.11/commons-codec-1.11.jar:/home/user/.m2/repository/commons-net/commons-net/3.6/commons-net-3.6.jar:/home/user/.m2/repository/commons-collections/commons-collections/3.2.2/commons-collections-3.2.2.jar:/home/user/.m2/repository/org/eclipse/jetty/jetty-servlet/9.3.24.v20180605/jetty-servlet-9.3.24.v20180605.jar:/home/user/.m2/repository/org/eclipse/jetty/jetty-security/9.3.24.v20180605/jetty-security-9.3.24.v20180605.jar:/home/user/.m2/repository/javax/servlet/jsp/jsp-api/2.1/jsp-api-2.1.jar:/home/user/.m2/repository/com/sun/jersey/jersey-servlet/1.19/jersey-servlet-1.19.jar:/home/user/.m2/repository/com/sun/jersey/jersey-json/1.19/jersey-json-1.19.jar:/home/user/.m2/repository/org/codehaus/jettison/jettison/1.1/jettison-1.1.jar:/home/user/.m2/repository/org/codehaus/jackson/jackson-core-asl/1.9.13/jackson-core-asl-1.9.13.jar:/home/user/.m2/repository/org/codehaus/jackson/jackson-mapper-asl/1.9.13/jackson-mapper-asl-1.9.13.jar:/home/user/.m2/repository/org/codehaus/jackson/jackson-jaxrs/1.9.13/jackson-jaxrs-1.9.13.jar:/home/user/.m2/repository/org/codehaus/jackson/jackson-xc/1.9.13/jackson-xc-1.9.13.jar:/home/user/.m2/repository/commons-logging/commons-logging/1.1.3/commons-logging-1.1.3.jar:/home/user/.m2/repository/commons-beanutils/commons-beanutils/1.9.3/commons-beanutils-1.9.3.jar:/home/user/.m2/repository/org/apache/commons/commons-configuration2/2.1.1/commons-configuration2-2.1.1.jar:/home/user/.m2/repository/org/apache/commons/commons-lang3/3.7/commons-lang3-3.7.jar:/home/user/.m2/repository/org/apache/commons/commons-text/1.4/commons-text-1.4.jar:/home/user/.m2/repository/org/apache/avro/avro/1.7.7/avro-1.7.7.jar:/home/user/.m2/repository/com/thoughtworks/paranamer/paranamer/2.3/paranamer-2.3.jar:/home/user/.m2/repository/org/xerial/snappy/snappy-java/1.0.5/snappy-java-1.0.5.jar:/home/user/.m2/repository/com/google/re2j/re2j/1.1/re2j-1.1.jar:/home/user/.m2/repository/com/google/code/gson/gson/2.2.4/gson-2.2.4.jar:/home/user/.m2/repository/com/jcraft/jsch/0.1.54/jsch-0.1.54.jar:/home/user/.m2/repository/org/apache/curator/curator-client/2.12.0/curator-client-2.12.0.jar:/home/user/.m2/repository/org/apache/curator/curator-recipes/2.12.0/curator-recipes-2.12.0.jar:/home/user/.m2/repository/com/google/code/findbugs/jsr305/3.0.0/jsr305-3.0.0.jar:/home/user/.m2/repository/org/apache/htrace/htrace-core4/4.1.0-incubating/htrace-core4-4.1.0-incubating.jar:/home/user/.m2/repository/org/apache/zookeeper/zookeeper/3.4.13/zookeeper-3.4.13.jar:/home/user/.m2/repository/org/apache/yetus/audience-annotations/0.5.0/audience-annotations-0.5.0.jar:/home/user/.m2/repository/org/codehaus/woodstox/stax2-api/3.1.4/stax2-api-3.1.4.jar:/home/user/.m2/repository/com/fasterxml/woodstox/woodstox-core/5.0.3/woodstox-core-5.0.3.jar:/home/user/.m2/repository/dnsjava/dnsjava/2.1.7/dnsjava-2.1.7.jar:/home/user/.m2/repository/org/apache/hadoop/hadoop-hdfs/3.2.0/hadoop-hdfs-3.2.0-tests.jar:/home/user/.m2/repository/org/eclipse/jetty/jetty-util-ajax/9.3.24.v20180605/jetty-util-ajax-9.3.24.v20180605.jar:/home/user/.m2/repository/commons-daemon/commons-daemon/1.0.13/commons-daemon-1.0.13.jar:/home/user/.m2/repository/io/netty/netty/3.10.5.Final/netty-3.10.5.Final.jar:/home/user/.m2/repository/io/netty/netty-all/4.0.52.Final/netty-all-4.0.52.Final.jar:/home/user/.m2/repository/org/fusesource/leveldbjni/leveldbjni-all/1.8/leveldbjni-all-1.8.jar:"/>
    <property name="java.vm.vendor" value="IcedTea"/>
    <property name="sun.arch.data.model" value="64"/>
    <property name="test.build.dir" value="/workdir/hadoop-ozone/integration-test/target/test-dir"/>
    <property name="test.cache.data" value=""/>
    <property name="java.vendor.url" value="https://icedtea.classpath.org"/>
    <property name="user.timezone" value=""/>
    <property name="java.vm.specification.version" value="1.8"/>
    <property name="os.name" value="Linux"/>
    <property name="test.build.data" value="/workdir/hadoop-ozone/integration-test/target/test-dir"/>
    <property name="user.country" value="US"/>
    <property name="sun.java.launcher" value="SUN_STANDARD"/>
    <property name="sun.boot.library.path" value="/usr/lib/jvm/java-1.8-openjdk/jre/lib/amd64"/>
    <property name="sun.java.command" value="/workdir/hadoop-ozone/integration-test/target/surefire/surefirebooter613717397613071193.jar /workdir/hadoop-ozone/integration-test/target/surefire 2019-08-10T03-12-53_133-jvmRun1 surefire8305491257296306315tmp surefire_798789359928452023431tmp"/>
    <property name="surefire.test.class.path" value="/workdir/hadoop-ozone/integration-test/target/test-classes:/workdir/hadoop-ozone/integration-test/target/classes:/home/user/.m2/repository/org/apache/hadoop/hadoop-ozone-common/0.4.1-SNAPSHOT/hadoop-ozone-common-0.4.1-SNAPSHOT.jar:/home/user/.m2/repository/org/apache/commons/commons-compress/1.4.1/commons-compress-1.4.1.jar:/home/user/.m2/repository/org/tukaani/xz/1.0/xz-1.0.jar:/home/user/.m2/repository/org/apache/hadoop/hadoop-common/3.2.0/hadoop-common-3.2.0.jar:/home/user/.m2/repository/org/apache/hadoop/hadoop-hdfs/3.2.0/hadoop-hdfs-3.2.0.jar:/home/user/.m2/repository/org/apache/hadoop/hadoop-hdfs-client/3.2.0/hadoop-hdfs-client-3.2.0.jar:/home/user/.m2/repository/com/fasterxml/jackson/core/jackson-annotations/2.9.5/jackson-annotations-2.9.5.jar:/home/user/.m2/repository/org/apache/hadoop/hadoop-hdds-common/0.4.1-SNAPSHOT/hadoop-hdds-common-0.4.1-SNAPSHOT.jar:/home/user/.m2/repository/javax/annotation/javax.annotation-api/1.2/javax.annotation-api-1.2.jar:/home/user/.m2/repository/org/apache/ratis/ratis-server/0.4.0-2337318-SNAPSHOT/ratis-server-0.4.0-2337318-SNAPSHOT.jar:/home/user/.m2/repository/org/apache/ratis/ratis-thirdparty-misc/0.2.0/ratis-thirdparty-misc-0.2.0.jar:/home/user/.m2/repository/org/apache/ratis/ratis-proto/0.4.0-2337318-SNAPSHOT/ratis-proto-0.4.0-2337318-SNAPSHOT.jar:/home/user/.m2/repository/org/apache/ratis/ratis-common/0.4.0-2337318-SNAPSHOT/ratis-common-0.4.0-2337318-SNAPSHOT.jar:/home/user/.m2/repository/org/apache/ratis/ratis-client/0.4.0-2337318-SNAPSHOT/ratis-client-0.4.0-2337318-SNAPSHOT.jar:/home/user/.m2/repository/org/apache/ratis/ratis-metrics/0.4.0-2337318-SNAPSHOT/ratis-metrics-0.4.0-2337318-SNAPSHOT.jar:/home/user/.m2/repository/org/apache/ratis/ratis-netty/0.4.0-2337318-SNAPSHOT/ratis-netty-0.4.0-2337318-SNAPSHOT.jar:/home/user/.m2/repository/org/apache/ratis/ratis-grpc/0.4.0-2337318-SNAPSHOT/ratis-grpc-0.4.0-2337318-SNAPSHOT.jar:/home/user/.m2/repository/org/rocksdb/rocksdbjni/6.0.1/rocksdbjni-6.0.1.jar:/home/user/.m2/repository/org/apache/logging/log4j/log4j-api/2.11.0/log4j-api-2.11.0.jar:/home/user/.m2/repository/org/apache/logging/log4j/log4j-core/2.11.0/log4j-core-2.11.0.jar:/home/user/.m2/repository/com/lmax/disruptor/3.4.2/disruptor-3.4.2.jar:/home/user/.m2/repository/org/apache/commons/commons-pool2/2.6.0/commons-pool2-2.6.0.jar:/home/user/.m2/repository/org/bouncycastle/bcpkix-jdk15on/1.60/bcpkix-jdk15on-1.60.jar:/home/user/.m2/repository/commons-validator/commons-validator/1.6/commons-validator-1.6.jar:/home/user/.m2/repository/commons-digester/commons-digester/1.8.1/commons-digester-1.8.1.jar:/home/user/.m2/repository/io/jaegertracing/jaeger-client/0.33.1/jaeger-client-0.33.1.jar:/home/user/.m2/repository/io/jaegertracing/jaeger-thrift/0.33.1/jaeger-thrift-0.33.1.jar:/home/user/.m2/repository/org/apache/thrift/libthrift/0.11.0/libthrift-0.11.0.jar:/home/user/.m2/repository/com/squareup/okhttp3/okhttp/3.9.0/okhttp-3.9.0.jar:/home/user/.m2/repository/com/squareup/okio/okio/1.13.0/okio-1.13.0.jar:/home/user/.m2/repository/io/jaegertracing/jaeger-core/0.33.1/jaeger-core-0.33.1.jar:/home/user/.m2/repository/io/jaegertracing/jaeger-tracerresolver/0.33.1/jaeger-tracerresolver-0.33.1.jar:/home/user/.m2/repository/io/opentracing/contrib/opentracing-tracerresolver/0.1.5/opentracing-tracerresolver-0.1.5.jar:/home/user/.m2/repository/io/opentracing/opentracing-util/0.31.0/opentracing-util-0.31.0.jar:/home/user/.m2/repository/io/opentracing/opentracing-api/0.31.0/opentracing-api-0.31.0.jar:/home/user/.m2/repository/io/opentracing/opentracing-noop/0.31.0/opentracing-noop-0.31.0.jar:/home/user/.m2/repository/org/apache/hadoop/hadoop-hdds-server-framework/0.4.1-SNAPSHOT/hadoop-hdds-server-framework-0.4.1-SNAPSHOT.jar:/home/user/.m2/repository/org/apache/hadoop/hadoop-hdds-container-service/0.4.1-SNAPSHOT/hadoop-hdds-container-service-0.4.1-SNAPSHOT.jar:/home/user/.m2/repository/org/apache/hadoop/hadoop-hdds-client/0.4.1-SNAPSHOT/hadoop-hdds-client-0.4.1-SNAPSHOT.jar:/home/user/.m2/repository/org/apache/hadoop/hadoop-hdds-tools/0.4.1-SNAPSHOT/hadoop-hdds-tools-0.4.1-SNAPSHOT.jar:/home/user/.m2/repository/org/apache/hadoop/hadoop-hdds-server-scm/0.4.1-SNAPSHOT/hadoop-hdds-server-scm-0.4.1-SNAPSHOT.jar:/home/user/.m2/repository/org/apache/hadoop/hadoop-hdds-docs/0.4.1-SNAPSHOT/hadoop-hdds-docs-0.4.1-SNAPSHOT.jar:/home/user/.m2/repository/io/dropwizard/metrics/metrics-core/3.2.4/metrics-core-3.2.4.jar:/home/user/.m2/repository/org/hamcrest/hamcrest-all/1.3/hamcrest-all-1.3.jar:/home/user/.m2/repository/org/bouncycastle/bcprov-jdk15on/1.60/bcprov-jdk15on-1.60.jar:/home/user/.m2/repository/info/picocli/picocli/3.9.6/picocli-3.9.6.jar:/home/user/.m2/repository/com/google/protobuf/protobuf-java/2.5.0/protobuf-java-2.5.0.jar:/home/user/.m2/repository/com/google/guava/guava/11.0.2/guava-11.0.2.jar:/home/user/.m2/repository/org/apache/hadoop/hadoop-ozone-ozone-manager/0.4.1-SNAPSHOT/hadoop-ozone-ozone-manager-0.4.1-SNAPSHOT.jar:/home/user/.m2/repository/org/apache/hadoop/hadoop-minikdc/3.2.0/hadoop-minikdc-3.2.0.jar:/home/user/.m2/repository/commons-io/commons-io/2.5/commons-io-2.5.jar:/home/user/.m2/repository/org/apache/kerby/kerb-simplekdc/1.0.1/kerb-simplekdc-1.0.1.jar:/home/user/.m2/repository/org/apache/kerby/kerb-client/1.0.1/kerb-client-1.0.1.jar:/home/user/.m2/repository/org/apache/kerby/kerby-config/1.0.1/kerby-config-1.0.1.jar:/home/user/.m2/repository/org/apache/kerby/kerb-core/1.0.1/kerb-core-1.0.1.jar:/home/user/.m2/repository/org/apache/kerby/kerby-pkix/1.0.1/kerby-pkix-1.0.1.jar:/home/user/.m2/repository/org/apache/kerby/kerby-asn1/1.0.1/kerby-asn1-1.0.1.jar:/home/user/.m2/repository/org/apache/kerby/kerby-util/1.0.1/kerby-util-1.0.1.jar:/home/user/.m2/repository/org/apache/kerby/kerb-common/1.0.1/kerb-common-1.0.1.jar:/home/user/.m2/repository/org/apache/kerby/kerb-crypto/1.0.1/kerb-crypto-1.0.1.jar:/home/user/.m2/repository/org/apache/kerby/kerb-util/1.0.1/kerb-util-1.0.1.jar:/home/user/.m2/repository/org/apache/kerby/token-provider/1.0.1/token-provider-1.0.1.jar:/home/user/.m2/repository/org/apache/kerby/kerb-admin/1.0.1/kerb-admin-1.0.1.jar:/home/user/.m2/repository/org/apache/kerby/kerb-server/1.0.1/kerb-server-1.0.1.jar:/home/user/.m2/repository/org/apache/kerby/kerb-identity/1.0.1/kerb-identity-1.0.1.jar:/home/user/.m2/repository/org/apache/kerby/kerby-xdr/1.0.1/kerby-xdr-1.0.1.jar:/home/user/.m2/repository/org/slf4j/slf4j-log4j12/1.7.25/slf4j-log4j12-1.7.25.jar:/home/user/.m2/repository/org/apache/hadoop/hadoop-ozone-objectstore-service/0.4.1-SNAPSHOT/hadoop-ozone-objectstore-service-0.4.1-SNAPSHOT.jar:/home/user/.m2/repository/org/apache/hadoop/hadoop-ozone-s3gateway/0.4.1-SNAPSHOT/hadoop-ozone-s3gateway-0.4.1-SNAPSHOT.jar:/home/user/.m2/repository/org/jboss/weld/servlet/weld-servlet/2.4.7.Final/weld-servlet-2.4.7.Final.jar:/home/user/.m2/repository/org/glassfish/jersey/containers/jersey-container-servlet-core/2.27/jersey-container-servlet-core-2.27.jar:/home/user/.m2/repository/org/glassfish/hk2/external/javax.inject/2.5.0-b42/javax.inject-2.5.0-b42.jar:/home/user/.m2/repository/org/glassfish/jersey/core/jersey-common/2.27/jersey-common-2.27.jar:/home/user/.m2/repository/org/glassfish/hk2/osgi-resource-locator/1.0.1/osgi-resource-locator-1.0.1.jar:/home/user/.m2/repository/javax/ws/rs/javax.ws.rs-api/2.1/javax.ws.rs-api-2.1.jar:/home/user/.m2/repository/org/glassfish/jersey/ext/cdi/jersey-cdi1x/2.27/jersey-cdi1x-2.27.jar:/home/user/.m2/repository/org/glassfish/jersey/inject/jersey-hk2/2.27/jersey-hk2-2.27.jar:/home/user/.m2/repository/org/glassfish/hk2/hk2-locator/2.5.0-b42/hk2-locator-2.5.0-b42.jar:/home/user/.m2/repository/org/javassist/javassist/3.22.0-CR2/javassist-3.22.0-CR2.jar:/home/user/.m2/repository/org/glassfish/hk2/hk2-api/2.5.0/hk2-api-2.5.0.jar:/home/user/.m2/repository/org/glassfish/hk2/external/jakarta.inject/2.5.0/jakarta.inject-2.5.0.jar:/home/user/.m2/repository/org/glassfish/hk2/hk2-utils/2.5.0/hk2-utils-2.5.0.jar:/home/user/.m2/repository/jakarta/annotation/jakarta.annotation-api/1.3.4/jakarta.annotation-api-1.3.4.jar:/home/user/.m2/repository/org/glassfish/hk2/external/aopalliance-repackaged/2.5.0/aopalliance-repackaged-2.5.0.jar:/home/user/.m2/repository/com/fasterxml/jackson/dataformat/jackson-dataformat-xml/2.9.0/jackson-dataformat-xml-2.9.0.jar:/home/user/.m2/repository/com/fasterxml/jackson/core/jackson-core/2.9.5/jackson-core-2.9.5.jar:/home/user/.m2/repository/com/fasterxml/jackson/module/jackson-module-jaxb-annotations/2.9.5/jackson-module-jaxb-annotations-2.9.5.jar:/home/user/.m2/repository/javax/enterprise/cdi-api/1.2/cdi-api-1.2.jar:/home/user/.m2/repository/javax/el/javax.el-api/3.0.0/javax.el-api-3.0.0.jar:/home/user/.m2/repository/javax/interceptor/javax.interceptor-api/1.2/javax.interceptor-api-1.2.jar:/home/user/.m2/repository/javax/inject/javax.inject/1/javax.inject-1.jar:/home/user/.m2/repository/com/sun/xml/bind/jaxb-impl/2.3.0.1/jaxb-impl-2.3.0.1.jar:/home/user/.m2/repository/com/sun/xml/bind/jaxb-core/2.3.0.1/jaxb-core-2.3.0.1.jar:/home/user/.m2/repository/javax/xml/bind/jaxb-api/2.3.0/jaxb-api-2.3.0.jar:/home/user/.m2/repository/javax/activation/activation/1.1.1/activation-1.1.1.jar:/home/user/.m2/repository/org/apache/hadoop/hadoop-ozone-csi/0.4.1-SNAPSHOT/hadoop-ozone-csi-0.4.1-SNAPSHOT.jar:/home/user/.m2/repository/com/google/protobuf/protobuf-java-util/3.5.1/protobuf-java-util-3.5.1.jar:/home/user/.m2/repository/org/apache/hadoop/hadoop-hdds-config/0.4.1-SNAPSHOT/hadoop-hdds-config-0.4.1-SNAPSHOT.jar:/home/user/.m2/repository/io/grpc/grpc-netty/1.17.1/grpc-netty-1.17.1.jar:/home/user/.m2/repository/io/grpc/grpc-core/1.17.1/grpc-core-1.17.1.jar:/home/user/.m2/repository/io/grpc/grpc-context/1.17.1/grpc-context-1.17.1.jar:/home/user/.m2/repository/com/google/errorprone/error_prone_annotations/2.2.0/error_prone_annotations-2.2.0.jar:/home/user/.m2/repository/org/codehaus/mojo/animal-sniffer-annotations/1.17/animal-sniffer-annotations-1.17.jar:/home/user/.m2/repository/io/opencensus/opencensus-api/0.17.0/opencensus-api-0.17.0.jar:/home/user/.m2/repository/io/opencensus/opencensus-contrib-grpc-metrics/0.17.0/opencensus-contrib-grpc-metrics-0.17.0.jar:/home/user/.m2/repository/io/netty/netty-codec-http2/4.1.30.Final/netty-codec-http2-4.1.30.Final.jar:/home/user/.m2/repository/io/netty/netty-codec-http/4.1.30.Final/netty-codec-http-4.1.30.Final.jar:/home/user/.m2/repository/io/netty/netty-codec/4.1.30.Final/netty-codec-4.1.30.Final.jar:/home/user/.m2/repository/io/netty/netty-handler/4.1.30.Final/netty-handler-4.1.30.Final.jar:/home/user/.m2/repository/io/netty/netty-handler-proxy/4.1.30.Final/netty-handler-proxy-4.1.30.Final.jar:/home/user/.m2/repository/io/netty/netty-codec-socks/4.1.30.Final/netty-codec-socks-4.1.30.Final.jar:/home/user/.m2/repository/io/netty/netty-transport-native-epoll/4.1.30.Final/netty-transport-native-epoll-4.1.30.Final.jar:/home/user/.m2/repository/io/netty/netty-common/4.1.30.Final/netty-common-4.1.30.Final.jar:/home/user/.m2/repository/io/netty/netty-buffer/4.1.30.Final/netty-buffer-4.1.30.Final.jar:/home/user/.m2/repository/io/netty/netty-transport/4.1.30.Final/netty-transport-4.1.30.Final.jar:/home/user/.m2/repository/io/netty/netty-resolver/4.1.30.Final/netty-resolver-4.1.30.Final.jar:/home/user/.m2/repository/io/netty/netty-transport-native-unix-common/4.1.30.Final/netty-transport-native-unix-common-4.1.30.Final.jar:/home/user/.m2/repository/io/grpc/grpc-protobuf/1.17.1/grpc-protobuf-1.17.1.jar:/home/user/.m2/repository/com/google/api/grpc/proto-google-common-protos/1.0.0/proto-google-common-protos-1.0.0.jar:/home/user/.m2/repository/io/grpc/grpc-protobuf-lite/1.17.1/grpc-protobuf-lite-1.17.1.jar:/home/user/.m2/repository/io/grpc/grpc-stub/1.17.1/grpc-stub-1.17.1.jar:/home/user/.m2/repository/org/apache/hadoop/hadoop-ozone-recon/0.4.1-SNAPSHOT/hadoop-ozone-recon-0.4.1-SNAPSHOT.jar:/home/user/.m2/repository/org/apache/hadoop/hadoop-ozone-reconcodegen/0.4.1-SNAPSHOT/hadoop-ozone-reconcodegen-0.4.1-SNAPSHOT.jar:/home/user/.m2/repository/com/google/inject/extensions/guice-multibindings/4.0/guice-multibindings-4.0.jar:/home/user/.m2/repository/com/google/inject/guice/4.0/guice-4.0.jar:/home/user/.m2/repository/aopalliance/aopalliance/1.0/aopalliance-1.0.jar:/home/user/.m2/repository/com/google/inject/extensions/guice-servlet/4.0/guice-servlet-4.0.jar:/home/user/.m2/repository/org/glassfish/jersey/containers/jersey-container-servlet/2.27/jersey-container-servlet-2.27.jar:/home/user/.m2/repository/org/glassfish/hk2/guice-bridge/2.5.0/guice-bridge-2.5.0.jar:/home/user/.m2/repository/org/glassfish/jersey/core/jersey-server/2.27/jersey-server-2.27.jar:/home/user/.m2/repository/org/glassfish/jersey/core/jersey-client/2.27/jersey-client-2.27.jar:/home/user/.m2/repository/org/glassfish/jersey/media/jersey-media-jaxb/2.27/jersey-media-jaxb-2.27.jar:/home/user/.m2/repository/javax/validation/validation-api/1.1.0.Final/validation-api-1.1.0.Final.jar:/home/user/.m2/repository/org/glassfish/jersey/media/jersey-media-json-jackson/2.27/jersey-media-json-jackson-2.27.jar:/home/user/.m2/repository/org/glassfish/jersey/ext/jersey-entity-filtering/2.27/jersey-entity-filtering-2.27.jar:/home/user/.m2/repository/com/google/inject/extensions/guice-assistedinject/4.0/guice-assistedinject-4.0.jar:/home/user/.m2/repository/org/jooq/jooq/3.11.10/jooq-3.11.10.jar:/home/user/.m2/repository/org/jooq/jooq-meta/3.11.10/jooq-meta-3.11.10.jar:/home/user/.m2/repository/org/jooq/jooq-codegen/3.11.10/jooq-codegen-3.11.10.jar:/home/user/.m2/repository/com/jolbox/bonecp/0.8.0.RELEASE/bonecp-0.8.0.RELEASE.jar:/home/user/.m2/repository/org/xerial/sqlite-jdbc/3.25.2/sqlite-jdbc-3.25.2.jar:/home/user/.m2/repository/org/springframework/spring-jdbc/5.1.3.RELEASE/spring-jdbc-5.1.3.RELEASE.jar:/home/user/.m2/repository/org/springframework/spring-beans/5.1.3.RELEASE/spring-beans-5.1.3.RELEASE.jar:/home/user/.m2/repository/org/springframework/spring-core/5.1.3.RELEASE/spring-core-5.1.3.RELEASE.jar:/home/user/.m2/repository/org/springframework/spring-jcl/5.1.3.RELEASE/spring-jcl-5.1.3.RELEASE.jar:/home/user/.m2/repository/org/springframework/spring-tx/5.1.3.RELEASE/spring-tx-5.1.3.RELEASE.jar:/home/user/.m2/repository/org/apache/hadoop/hadoop-ozone-client/0.4.1-SNAPSHOT/hadoop-ozone-client-0.4.1-SNAPSHOT.jar:/home/user/.m2/repository/commons-lang/commons-lang/2.6/commons-lang-2.6.jar:/home/user/.m2/repository/org/apache/hadoop/hadoop-ozone-ozone-manager/0.4.1-SNAPSHOT/hadoop-ozone-ozone-manager-0.4.1-SNAPSHOT-tests.jar:/home/user/.m2/repository/junit/junit/4.11/junit-4.11.jar:/home/user/.m2/repository/org/hamcrest/hamcrest-core/1.3/hamcrest-core-1.3.jar:/home/user/.m2/repository/org/openjdk/jmh/jmh-core/1.19/jmh-core-1.19.jar:/home/user/.m2/repository/net/sf/jopt-simple/jopt-simple/4.6/jopt-simple-4.6.jar:/home/user/.m2/repository/org/apache/commons/commons-math3/3.1.1/commons-math3-3.1.1.jar:/home/user/.m2/repository/org/openjdk/jmh/jmh-generator-annprocess/1.19/jmh-generator-annprocess-1.19.jar:/home/user/.m2/repository/org/mockito/mockito-all/1.8.5/mockito-all-1.8.5.jar:/home/user/.m2/repository/org/apache/hadoop/hadoop-kms/3.2.0/hadoop-kms-3.2.0.jar:/home/user/.m2/repository/org/apache/hadoop/hadoop-auth/3.2.0/hadoop-auth-3.2.0.jar:/home/user/.m2/repository/com/nimbusds/nimbus-jose-jwt/4.41.1/nimbus-jose-jwt-4.41.1.jar:/home/user/.m2/repository/com/github/stephenc/jcip/jcip-annotations/1.0-1/jcip-annotations-1.0-1.jar:/home/user/.m2/repository/net/minidev/json-smart/2.3/json-smart-2.3.jar:/home/user/.m2/repository/net/minidev/accessors-smart/1.2/accessors-smart-1.2.jar:/home/user/.m2/repository/org/ow2/asm/asm/5.0.4/asm-5.0.4.jar:/home/user/.m2/repository/org/apache/curator/curator-framework/2.12.0/curator-framework-2.12.0.jar:/home/user/.m2/repository/com/sun/jersey/jersey-core/1.19/jersey-core-1.19.jar:/home/user/.m2/repository/javax/ws/rs/jsr311-api/1.1.1/jsr311-api-1.1.1.jar:/home/user/.m2/repository/com/sun/jersey/jersey-server/1.19/jersey-server-1.19.jar:/home/user/.m2/repository/javax/servlet/javax.servlet-api/3.1.0/javax.servlet-api-3.1.0.jar:/home/user/.m2/repository/org/eclipse/jetty/jetty-server/9.3.24.v20180605/jetty-server-9.3.24.v20180605.jar:/home/user/.m2/repository/org/eclipse/jetty/jetty-http/9.3.24.v20180605/jetty-http-9.3.24.v20180605.jar:/home/user/.m2/repository/org/eclipse/jetty/jetty-io/9.3.24.v20180605/jetty-io-9.3.24.v20180605.jar:/home/user/.m2/repository/org/eclipse/jetty/jetty-webapp/9.3.24.v20180605/jetty-webapp-9.3.24.v20180605.jar:/home/user/.m2/repository/org/eclipse/jetty/jetty-xml/9.3.24.v20180605/jetty-xml-9.3.24.v20180605.jar:/home/user/.m2/repository/log4j/log4j/1.2.17/log4j-1.2.17.jar:/home/user/.m2/repository/org/slf4j/slf4j-api/1.7.25/slf4j-api-1.7.25.jar:/home/user/.m2/repository/org/slf4j/jul-to-slf4j/1.7.25/jul-to-slf4j-1.7.25.jar:/home/user/.m2/repository/org/eclipse/jetty/jetty-util/9.3.24.v20180605/jetty-util-9.3.24.v20180605.jar:/home/user/.m2/repository/com/fasterxml/jackson/core/jackson-databind/2.9.5/jackson-databind-2.9.5.jar:/home/user/.m2/repository/org/apache/hadoop/hadoop-kms/3.2.0/hadoop-kms-3.2.0-tests.jar:/home/user/.m2/repository/org/apache/hadoop/hadoop-hdds-server-scm/0.4.1-SNAPSHOT/hadoop-hdds-server-scm-0.4.1-SNAPSHOT-tests.jar:/home/user/.m2/repository/org/apache/hadoop/hadoop-hdds-container-service/0.4.1-SNAPSHOT/hadoop-hdds-container-service-0.4.1-SNAPSHOT-tests.jar:/home/user/.m2/repository/org/yaml/snakeyaml/1.16/snakeyaml-1.16.jar:/home/user/.m2/repository/org/apache/hadoop/hadoop-common/3.2.0/hadoop-common-3.2.0-tests.jar:/home/user/.m2/repository/org/apache/hadoop/hadoop-annotations/3.2.0/hadoop-annotations-3.2.0.jar:/usr/lib/jvm/java-1.8-openjdk/jre/../lib/tools.jar:/home/user/.m2/repository/commons-cli/commons-cli/1.2/commons-cli-1.2.jar:/home/user/.m2/repository/org/apache/httpcomponents/httpclient/4.5.2/httpclient-4.5.2.jar:/home/user/.m2/repository/org/apache/httpcomponents/httpcore/4.4.4/httpcore-4.4.4.jar:/home/user/.m2/repository/commons-codec/commons-codec/1.11/commons-codec-1.11.jar:/home/user/.m2/repository/commons-net/commons-net/3.6/commons-net-3.6.jar:/home/user/.m2/repository/commons-collections/commons-collections/3.2.2/commons-collections-3.2.2.jar:/home/user/.m2/repository/org/eclipse/jetty/jetty-servlet/9.3.24.v20180605/jetty-servlet-9.3.24.v20180605.jar:/home/user/.m2/repository/org/eclipse/jetty/jetty-security/9.3.24.v20180605/jetty-security-9.3.24.v20180605.jar:/home/user/.m2/repository/javax/servlet/jsp/jsp-api/2.1/jsp-api-2.1.jar:/home/user/.m2/repository/com/sun/jersey/jersey-servlet/1.19/jersey-servlet-1.19.jar:/home/user/.m2/repository/com/sun/jersey/jersey-json/1.19/jersey-json-1.19.jar:/home/user/.m2/repository/org/codehaus/jettison/jettison/1.1/jettison-1.1.jar:/home/user/.m2/repository/org/codehaus/jackson/jackson-core-asl/1.9.13/jackson-core-asl-1.9.13.jar:/home/user/.m2/repository/org/codehaus/jackson/jackson-mapper-asl/1.9.13/jackson-mapper-asl-1.9.13.jar:/home/user/.m2/repository/org/codehaus/jackson/jackson-jaxrs/1.9.13/jackson-jaxrs-1.9.13.jar:/home/user/.m2/repository/org/codehaus/jackson/jackson-xc/1.9.13/jackson-xc-1.9.13.jar:/home/user/.m2/repository/commons-logging/commons-logging/1.1.3/commons-logging-1.1.3.jar:/home/user/.m2/repository/commons-beanutils/commons-beanutils/1.9.3/commons-beanutils-1.9.3.jar:/home/user/.m2/repository/org/apache/commons/commons-configuration2/2.1.1/commons-configuration2-2.1.1.jar:/home/user/.m2/repository/org/apache/commons/commons-lang3/3.7/commons-lang3-3.7.jar:/home/user/.m2/repository/org/apache/commons/commons-text/1.4/commons-text-1.4.jar:/home/user/.m2/repository/org/apache/avro/avro/1.7.7/avro-1.7.7.jar:/home/user/.m2/repository/com/thoughtworks/paranamer/paranamer/2.3/paranamer-2.3.jar:/home/user/.m2/repository/org/xerial/snappy/snappy-java/1.0.5/snappy-java-1.0.5.jar:/home/user/.m2/repository/com/google/re2j/re2j/1.1/re2j-1.1.jar:/home/user/.m2/repository/com/google/code/gson/gson/2.2.4/gson-2.2.4.jar:/home/user/.m2/repository/com/jcraft/jsch/0.1.54/jsch-0.1.54.jar:/home/user/.m2/repository/org/apache/curator/curator-client/2.12.0/curator-client-2.12.0.jar:/home/user/.m2/repository/org/apache/curator/curator-recipes/2.12.0/curator-recipes-2.12.0.jar:/home/user/.m2/repository/com/google/code/findbugs/jsr305/3.0.0/jsr305-3.0.0.jar:/home/user/.m2/repository/org/apache/htrace/htrace-core4/4.1.0-incubating/htrace-core4-4.1.0-incubating.jar:/home/user/.m2/repository/org/apache/zookeeper/zookeeper/3.4.13/zookeeper-3.4.13.jar:/home/user/.m2/repository/org/apache/yetus/audience-annotations/0.5.0/audience-annotations-0.5.0.jar:/home/user/.m2/repository/org/codehaus/woodstox/stax2-api/3.1.4/stax2-api-3.1.4.jar:/home/user/.m2/repository/com/fasterxml/woodstox/woodstox-core/5.0.3/woodstox-core-5.0.3.jar:/home/user/.m2/repository/dnsjava/dnsjava/2.1.7/dnsjava-2.1.7.jar:/home/user/.m2/repository/org/apache/hadoop/hadoop-hdfs/3.2.0/hadoop-hdfs-3.2.0-tests.jar:/home/user/.m2/repository/org/eclipse/jetty/jetty-util-ajax/9.3.24.v20180605/jetty-util-ajax-9.3.24.v20180605.jar:/home/user/.m2/repository/commons-daemon/commons-daemon/1.0.13/commons-daemon-1.0.13.jar:/home/user/.m2/repository/io/netty/netty/3.10.5.Final/netty-3.10.5.Final.jar:/home/user/.m2/repository/io/netty/netty-all/4.0.52.Final/netty-all-4.0.52.Final.jar:/home/user/.m2/repository/org/fusesource/leveldbjni/leveldbjni-all/1.8/leveldbjni-all-1.8.jar:"/>
    <property name="sun.cpu.endian" value="little"/>
    <property name="user.home" value="/home/user"/>
    <property name="user.language" value="en"/>
    <property name="java.specification.vendor" value="Oracle Corporation"/>
    <property name="java.home" value="/usr/lib/jvm/java-1.8-openjdk/jre"/>
    <property name="java.security.krb5.conf" value="/workdir/hadoop-ozone/integration-test/target/test-classes/krb5.conf"/>
    <property name="basedir" value="/workdir/hadoop-ozone/integration-test"/>
    <property name="file.separator" value="/"/>
    <property name="line.separator" value="&#10;"/>
    <property name="java.vm.specification.vendor" value="Oracle Corporation"/>
    <property name="java.specification.name" value="Java Platform API Specification"/>
    <property name="java.awt.graphicsenv" value="sun.awt.X11GraphicsEnvironment"/>
    <property name="surefire.real.class.path" value="/workdir/hadoop-ozone/integration-test/target/surefire/surefirebooter613717397613071193.jar"/>
    <property name="hadoop.log.dir" value="/workdir/hadoop-ozone/integration-test/target/log"/>
    <property name="sun.boot.class.path" value="/usr/lib/jvm/java-1.8-openjdk/jre/lib/resources.jar:/usr/lib/jvm/java-1.8-openjdk/jre/lib/rt.jar:/usr/lib/jvm/java-1.8-openjdk/jre/lib/sunrsasign.jar:/usr/lib/jvm/java-1.8-openjdk/jre/lib/jsse.jar:/usr/lib/jvm/java-1.8-openjdk/jre/lib/jce.jar:/usr/lib/jvm/java-1.8-openjdk/jre/lib/charsets.jar:/usr/lib/jvm/java-1.8-openjdk/jre/lib/jfr.jar:/usr/lib/jvm/java-1.8-openjdk/jre/classes"/>
    <property name="sun.management.compiler" value="HotSpot 64-Bit Tiered Compilers"/>
    <property name="java.runtime.version" value="1.8.0_212-b04"/>
    <property name="java.net.preferIPv4Stack" value="true"/>
    <property name="user.name" value="jenkins1000"/>
    <property name="path.separator" value=":"/>
    <property name="java.security.egd" value="file:///dev/urandom"/>
    <property name="os.version" value="3.10.0-957.12.2.el7.x86_64"/>
    <property name="java.endorsed.dirs" value="/usr/lib/jvm/java-1.8-openjdk/jre/lib/endorsed"/>
    <property name="java.runtime.name" value="OpenJDK Runtime Environment"/>
    <property name="file.encoding" value="UTF-8"/>
    <property name="java.vm.name" value="OpenJDK 64-Bit Server VM"/>
    <property name="test.build.webapps" value=""/>
    <property name="localRepository" value="/home/user/.m2/repository"/>
    <property name="java.vendor.url.bug" value="https://icedtea.classpath.org/bugzilla"/>
    <property name="java.io.tmpdir" value="/tmp"/>
    <property name="require.test.libhadoop" value=""/>
    <property name="java.version" value="1.8.0_212"/>
    <property name="user.dir" value="/workdir/hadoop-ozone/integration-test"/>
    <property name="os.arch" value="amd64"/>
    <property name="java.vm.specification.name" value="Java Virtual Machine Specification"/>
    <property name="test.build.classes" value="/workdir/hadoop-ozone/integration-test/target/test-classes"/>
    <property name="java.awt.printerjob" value="sun.print.PSPrinterJob"/>
    <property name="sun.os.patch.level" value="unknown"/>
    <property name="hadoop.tmp.dir" value="/workdir/hadoop-ozone/integration-test/target/tmp"/>
    <property name="java.library.path" value="/usr/lib/jvm/java-1.8-openjdk/jre/lib/amd64/server:/usr/lib/jvm/java-1.8-openjdk/jre/lib/amd64:/usr/lib/jvm/java-1.8-openjdk/jre/../lib/amd64:/workdir/hadoop-ozone/integration-test/target/native/target/usr/local/lib:/workdir/hadoop-ozone/integration-test/../../hadoop-common-project/hadoop-common/target/native/target/usr/local/lib:/usr/java/packages/lib/amd64:/usr/lib64:/lib64:/lib:/usr/lib"/>
    <property name="java.vm.info" value="mixed mode"/>
    <property name="java.vendor" value="IcedTea"/>
    <property name="java.vm.version" value="25.212-b04"/>
    <property name="java.ext.dirs" value="/usr/lib/jvm/java-1.8-openjdk/jre/lib/ext:/usr/java/packages/lib/ext"/>
    <property name="sun.io.unicode.encoding" value="UnicodeLittle"/>
    <property name="java.class.version" value="52.0"/>
  </properties>
  <testcase name="testBlockDeletionTransactions" classname="org.apache.hadoop.ozone.TestStorageContainerManager" time="20.405"/>
  <testcase name="testBlockDeletingThrottling" classname="org.apache.hadoop.ozone.TestStorageContainerManager" time="7.147">
    <error message="Unexpected Storage Container Exception: org.apache.hadoop.hdds.scm.container.common.helpers.StorageContainerException: ContainerID 7 creation failed" type="java.io.IOException">java.io.IOException: Unexpected Storage Container Exception: org.apache.hadoop.hdds.scm.container.common.helpers.StorageContainerException: ContainerID 7 creation failed
	at org.apache.hadoop.hdds.scm.storage.BlockOutputStream.setIoException(BlockOutputStream.java:541)
	at org.apache.hadoop.hdds.scm.storage.BlockOutputStream.validateResponse(BlockOutputStream.java:532)
	at org.apache.hadoop.hdds.scm.storage.BlockOutputStream.lambda$writeChunkToContainer$2(BlockOutputStream.java:606)
	at java.util.concurrent.CompletableFuture.uniApply(CompletableFuture.java:602)
	at java.util.concurrent.CompletableFuture$UniApply.tryFire(CompletableFuture.java:577)
	at java.util.concurrent.CompletableFuture$Completion.run(CompletableFuture.java:442)
	at java.util.concurrent.ThreadPoolExecutor.runWorker(ThreadPoolExecutor.java:1149)
	at java.util.concurrent.ThreadPoolExecutor$Worker.run(ThreadPoolExecutor.java:624)
	at java.lang.Thread.run(Thread.java:748)
Caused by: org.apache.hadoop.hdds.scm.container.common.helpers.StorageContainerException: ContainerID 7 creation failed
	at org.apache.hadoop.hdds.scm.storage.ContainerProtocolCalls.validateContainerResponse(ContainerProtocolCalls.java:536)
	at org.apache.hadoop.hdds.scm.storage.BlockOutputStream.validateResponse(BlockOutputStream.java:529)
	... 7 more
</error>
    <system-out><![CDATA[2019-08-10 04:33:16,518 WARN  server.ServerUtils (ServerUtils.java:getScmDbDir(145)) - ozone.scm.db.dirs is not configured. We recommend adding this setting. Falling back to ozone.metadata.dirs instead.
2019-08-10 04:33:16,534 WARN  server.ServerUtils (ServerUtils.java:getScmDbDir(145)) - ozone.scm.db.dirs is not configured. We recommend adding this setting. Falling back to ozone.metadata.dirs instead.
2019-08-10 04:33:16,535 WARN  server.ServerUtils (ServerUtils.java:getScmDbDir(145)) - ozone.scm.db.dirs is not configured. We recommend adding this setting. Falling back to ozone.metadata.dirs instead.
2019-08-10 04:33:16,536 INFO  db.DBStoreBuilder (DBStoreBuilder.java:addTable(110)) - using custom profile for table: deletedBlocks
2019-08-10 04:33:16,536 INFO  db.DBStoreBuilder (DBStoreBuilder.java:processTables(161)) - Using default column profile:DBProfile.DISK for Table:deletedBlocks
2019-08-10 04:33:16,536 INFO  db.DBStoreBuilder (DBStoreBuilder.java:addTable(110)) - using custom profile for table: validCerts
2019-08-10 04:33:16,536 INFO  db.DBStoreBuilder (DBStoreBuilder.java:processTables(161)) - Using default column profile:DBProfile.DISK for Table:validCerts
2019-08-10 04:33:16,537 INFO  db.DBStoreBuilder (DBStoreBuilder.java:addTable(110)) - using custom profile for table: revokedCerts
2019-08-10 04:33:16,537 INFO  db.DBStoreBuilder (DBStoreBuilder.java:processTables(161)) - Using default column profile:DBProfile.DISK for Table:revokedCerts
2019-08-10 04:33:16,537 INFO  db.DBStoreBuilder (DBStoreBuilder.java:addTable(110)) - using custom profile for table: default
2019-08-10 04:33:16,537 INFO  db.DBStoreBuilder (DBStoreBuilder.java:processTables(167)) - Using default column profile:DBProfile.DISK for Table:default
2019-08-10 04:33:16,537 INFO  db.DBStoreBuilder (DBStoreBuilder.java:getDbProfile(198)) - Using default options. DBProfile.DISK
2019-08-10 04:33:16,675 INFO  net.NodeSchemaLoader (NodeSchemaLoader.java:loadSchemaFromFile(125)) - Loading file from sun.misc.CompoundEnumeration@6fa985ba
2019-08-10 04:33:16,675 INFO  net.NodeSchemaLoader (NodeSchemaLoader.java:loadSchema(171)) - Loading network topology layer schema file
2019-08-10 04:33:16,682 INFO  node.SCMNodeManager (SCMNodeManager.java:<init>(121)) - Entering startup safe mode.
2019-08-10 04:33:16,683 WARN  server.ServerUtils (ServerUtils.java:getScmDbDir(145)) - ozone.scm.db.dirs is not configured. We recommend adding this setting. Falling back to ozone.metadata.dirs instead.
2019-08-10 04:33:16,706 INFO  pipeline.SCMPipelineManager (SCMPipelineManager.java:initializePipelineState(126)) - No pipeline exists in current db
2019-08-10 04:33:16,707 WARN  server.ServerUtils (ServerUtils.java:getScmDbDir(145)) - ozone.scm.db.dirs is not configured. We recommend adding this setting. Falling back to ozone.metadata.dirs instead.
2019-08-10 04:33:16,739 WARN  events.EventQueue (EventQueue.java:fireEvent(175)) - No event handler registered for event TypedEvent{payloadType=SafeModeStatus, name='SafeModeStatus'}
2019-08-10 04:33:16,741 INFO  ipc.CallQueueManager (CallQueueManager.java:<init>(84)) - Using callQueue: class java.util.concurrent.LinkedBlockingQueue, queueCapacity: 2000, scheduler: class org.apache.hadoop.ipc.DefaultRpcScheduler, ipcBackoff: false.
2019-08-10 04:33:16,744 INFO  ipc.Server (Server.java:run(1074)) - Starting Socket Reader #1 for port 37802
2019-08-10 04:33:16,747 INFO  ipc.CallQueueManager (CallQueueManager.java:<init>(84)) - Using callQueue: class java.util.concurrent.LinkedBlockingQueue, queueCapacity: 2000, scheduler: class org.apache.hadoop.ipc.DefaultRpcScheduler, ipcBackoff: false.
2019-08-10 04:33:16,748 INFO  ipc.Server (Server.java:run(1074)) - Starting Socket Reader #1 for port 41538
2019-08-10 04:33:16,749 INFO  ipc.CallQueueManager (CallQueueManager.java:<init>(84)) - Using callQueue: class java.util.concurrent.LinkedBlockingQueue, queueCapacity: 2000, scheduler: class org.apache.hadoop.ipc.DefaultRpcScheduler, ipcBackoff: false.
2019-08-10 04:33:16,750 INFO  ipc.Server (Server.java:run(1074)) - Starting Socket Reader #1 for port 33352
2019-08-10 04:33:16,753 INFO  hdfs.DFSUtil (DFSUtil.java:httpServerTemplateForNNAndJN(1641)) - Starting Web-server for scm at: http://0.0.0.0:0
2019-08-10 04:33:16,756 INFO  server.AuthenticationFilter (AuthenticationFilter.java:constructSecretProvider(240)) - Unable to initialize FileSignerSecretProvider, falling back to use random secrets.
2019-08-10 04:33:16,757 WARN  http.HttpRequestLog (HttpRequestLog.java:getRequestLog(97)) - Jetty request log can only be enabled using Log4j
2019-08-10 04:33:16,760 INFO  http.HttpServer2 (HttpServer2.java:addGlobalFilter(975)) - Added global filter 'safety' (class=org.apache.hadoop.http.HttpServer2$QuotingInputFilter)
2019-08-10 04:33:16,761 INFO  http.HttpServer2 (HttpServer2.java:addFilter(948)) - Added filter static_user_filter (class=org.apache.hadoop.http.lib.StaticUserWebFilter$StaticUserFilter) to context scm
2019-08-10 04:33:16,761 INFO  http.HttpServer2 (HttpServer2.java:addFilter(958)) - Added filter static_user_filter (class=org.apache.hadoop.http.lib.StaticUserWebFilter$StaticUserFilter) to context static
2019-08-10 04:33:16,761 INFO  http.HttpServer2 (HttpServer2.java:addFilter(958)) - Added filter static_user_filter (class=org.apache.hadoop.http.lib.StaticUserWebFilter$StaticUserFilter) to context logs
2019-08-10 04:33:16,764 INFO  server.StorageContainerManager (StorageContainerManager.java:start(759)) - StorageContainerLocationProtocol RPC server is listening at /0.0.0.0:33352
2019-08-10 04:33:16,767 WARN  impl.MetricsConfig (MetricsConfig.java:loadFirst(134)) - Cannot locate configuration: tried hadoop-metrics2-storagecontainermanager.properties,hadoop-metrics2.properties
2019-08-10 04:33:16,768 INFO  impl.MetricsSystemImpl (MetricsSystemImpl.java:startTimer(374)) - Scheduled Metric snapshot period at 10 second(s).
2019-08-10 04:33:16,768 INFO  impl.MetricsSystemImpl (MetricsSystemImpl.java:start(191)) - StorageContainerManager metrics system started
2019-08-10 04:33:16,796 INFO  server.SCMClientProtocolServer (SCMClientProtocolServer.java:start(151)) - RPC server for Client  is listening at /0.0.0.0:33352
2019-08-10 04:33:16,797 INFO  ipc.Server (Server.java:run(1314)) - IPC Server Responder: starting
2019-08-10 04:33:16,797 INFO  ipc.Server (Server.java:run(1153)) - IPC Server listener on 33352: starting
2019-08-10 04:33:16,801 INFO  server.StorageContainerManager (StorageContainerManager.java:start(769)) - ScmBlockLocationProtocol RPC server is listening at /0.0.0.0:41538
2019-08-10 04:33:16,801 INFO  server.SCMBlockProtocolServer (SCMBlockProtocolServer.java:start(140)) - RPC server for Block Protocol is listening at /0.0.0.0:41538
2019-08-10 04:33:16,801 INFO  ipc.Server (Server.java:run(1314)) - IPC Server Responder: starting
2019-08-10 04:33:16,801 INFO  ipc.Server (Server.java:run(1153)) - IPC Server listener on 41538: starting
2019-08-10 04:33:16,805 INFO  server.StorageContainerManager (StorageContainerManager.java:start(773)) - ScmDatanodeProtocl RPC server is listening at /0.0.0.0:37802
2019-08-10 04:33:16,805 INFO  server.SCMDatanodeProtocolServer (SCMDatanodeProtocolServer.java:start(191)) - RPC server for DataNodes is listening at /0.0.0.0:37802
2019-08-10 04:33:16,806 INFO  ipc.Server (Server.java:run(1314)) - IPC Server Responder: starting
2019-08-10 04:33:16,806 INFO  ipc.Server (Server.java:run(1153)) - IPC Server listener on 37802: starting
2019-08-10 04:33:16,810 INFO  http.HttpServer2 (HttpServer2.java:bindListener(1191)) - Jetty bound to port 34919
2019-08-10 04:33:16,810 INFO  server.Server (Server.java:doStart(351)) - jetty-9.3.24.v20180605, build timestamp: 2018-06-05T17:11:56Z, git hash: 84205aa28f11a4f31f2a3b86d1bba2cc8ab69827
2019-08-10 04:33:16,812 INFO  handler.ContextHandler (ContextHandler.java:doStart(781)) - Started o.e.j.s.ServletContextHandler@5cc2ef4c{/logs,file:///workdir/hadoop-ozone/integration-test/target/log,AVAILABLE}
2019-08-10 04:33:16,813 INFO  handler.ContextHandler (ContextHandler.java:doStart(781)) - Started o.e.j.s.ServletContextHandler@14d488ee{/static,file:///workdir/hadoop-ozone/integration-test/target/test-classes/webapps/static,AVAILABLE}
2019-08-10 04:33:16,818 INFO  handler.ContextHandler (ContextHandler.java:doStart(781)) - Started o.e.j.w.WebAppContext@331ff4da{/,file:///workdir/hadoop-ozone/integration-test/target/test-classes/webapps/scm/,AVAILABLE}{/scm}
2019-08-10 04:33:16,819 INFO  server.AbstractConnector (AbstractConnector.java:doStart(278)) - Started ServerConnector@65872d83{HTTP/1.1,[http/1.1]}{0.0.0.0:34919}
2019-08-10 04:33:16,820 INFO  server.Server (Server.java:doStart(419)) - Started @21472ms
2019-08-10 04:33:16,822 INFO  server.BaseHttpServer (BaseHttpServer.java:updateConnectorAddress(207)) - HTTP server of SCM is listening at http://0.0.0.0:34919
2019-08-10 04:33:16,822 WARN  server.ServerUtils (ServerUtils.java:getDBPath(222)) - ozone.om.db.dirs is not configured. We recommend adding this setting. Falling back to ozone.metadata.dirs instead.
2019-08-10 04:33:16,823 INFO  util.JvmPauseMonitor (JvmPauseMonitor.java:run(188)) - Starting JVM pause monitor
2019-08-10 04:33:16,830 WARN  server.ServerUtils (ServerUtils.java:getDBPath(222)) - ozone.om.db.dirs is not configured. We recommend adding this setting. Falling back to ozone.metadata.dirs instead.
2019-08-10 04:33:16,831 WARN  server.ServerUtils (ServerUtils.java:getDBPath(222)) - ozone.om.db.dirs is not configured. We recommend adding this setting. Falling back to ozone.metadata.dirs instead.
2019-08-10 04:33:16,831 INFO  om.OzoneManager (OzoneManager.java:setOMNodeDetails(644)) - OM Service ID is not set. Setting it to the default ID: omServiceIdDefault
2019-08-10 04:33:16,831 INFO  om.OzoneManager (OzoneManager.java:setOMNodeDetails(650)) - OM Node ID is not set. Setting it to the OmStorage's OmID: 99a0974f-9188-4340-8b2f-1c459c413f99
2019-08-10 04:33:16,832 INFO  om.OzoneManager (OzoneManager.java:loadOMHAConfigs(601)) - Found matching OM address with OMServiceId: null, OMNodeId: null, RPC Address: localhost:0 and Ratis port: 9872
2019-08-10 04:33:16,839 WARN  server.ServerUtils (ServerUtils.java:getDBPath(222)) - ozone.om.db.dirs is not configured. We recommend adding this setting. Falling back to ozone.metadata.dirs instead.
2019-08-10 04:33:16,839 INFO  db.DBStoreBuilder (DBStoreBuilder.java:addTable(110)) - using custom profile for table: userTable
2019-08-10 04:33:16,839 INFO  db.DBStoreBuilder (DBStoreBuilder.java:processTables(161)) - Using default column profile:DBProfile.DISK for Table:userTable
2019-08-10 04:33:16,840 INFO  db.DBStoreBuilder (DBStoreBuilder.java:addTable(110)) - using custom profile for table: volumeTable
2019-08-10 04:33:16,840 INFO  db.DBStoreBuilder (DBStoreBuilder.java:processTables(161)) - Using default column profile:DBProfile.DISK for Table:volumeTable
2019-08-10 04:33:16,840 INFO  db.DBStoreBuilder (DBStoreBuilder.java:addTable(110)) - using custom profile for table: bucketTable
2019-08-10 04:33:16,840 INFO  db.DBStoreBuilder (DBStoreBuilder.java:processTables(161)) - Using default column profile:DBProfile.DISK for Table:bucketTable
2019-08-10 04:33:16,841 INFO  db.DBStoreBuilder (DBStoreBuilder.java:addTable(110)) - using custom profile for table: keyTable
2019-08-10 04:33:16,841 INFO  db.DBStoreBuilder (DBStoreBuilder.java:processTables(161)) - Using default column profile:DBProfile.DISK for Table:keyTable
2019-08-10 04:33:16,841 INFO  db.DBStoreBuilder (DBStoreBuilder.java:addTable(110)) - using custom profile for table: deletedTable
2019-08-10 04:33:16,841 INFO  db.DBStoreBuilder (DBStoreBuilder.java:processTables(161)) - Using default column profile:DBProfile.DISK for Table:deletedTable
2019-08-10 04:33:16,841 INFO  db.DBStoreBuilder (DBStoreBuilder.java:addTable(110)) - using custom profile for table: openKeyTable
2019-08-10 04:33:16,841 INFO  db.DBStoreBuilder (DBStoreBuilder.java:processTables(161)) - Using default column profile:DBProfile.DISK for Table:openKeyTable
2019-08-10 04:33:16,842 INFO  db.DBStoreBuilder (DBStoreBuilder.java:addTable(110)) - using custom profile for table: s3Table
2019-08-10 04:33:16,842 INFO  db.DBStoreBuilder (DBStoreBuilder.java:processTables(161)) - Using default column profile:DBProfile.DISK for Table:s3Table
2019-08-10 04:33:16,842 INFO  db.DBStoreBuilder (DBStoreBuilder.java:addTable(110)) - using custom profile for table: multipartInfoTable
2019-08-10 04:33:16,842 INFO  db.DBStoreBuilder (DBStoreBuilder.java:processTables(161)) - Using default column profile:DBProfile.DISK for Table:multipartInfoTable
2019-08-10 04:33:16,842 INFO  db.DBStoreBuilder (DBStoreBuilder.java:addTable(110)) - using custom profile for table: dTokenTable
2019-08-10 04:33:16,843 INFO  db.DBStoreBuilder (DBStoreBuilder.java:processTables(161)) - Using default column profile:DBProfile.DISK for Table:dTokenTable
2019-08-10 04:33:16,843 INFO  db.DBStoreBuilder (DBStoreBuilder.java:addTable(110)) - using custom profile for table: s3SecretTable
2019-08-10 04:33:16,843 INFO  db.DBStoreBuilder (DBStoreBuilder.java:processTables(161)) - Using default column profile:DBProfile.DISK for Table:s3SecretTable
2019-08-10 04:33:16,843 INFO  db.DBStoreBuilder (DBStoreBuilder.java:addTable(110)) - using custom profile for table: prefixTable
2019-08-10 04:33:16,843 INFO  db.DBStoreBuilder (DBStoreBuilder.java:processTables(161)) - Using default column profile:DBProfile.DISK for Table:prefixTable
2019-08-10 04:33:16,844 INFO  db.DBStoreBuilder (DBStoreBuilder.java:addTable(110)) - using custom profile for table: default
2019-08-10 04:33:16,844 INFO  db.DBStoreBuilder (DBStoreBuilder.java:processTables(167)) - Using default column profile:DBProfile.DISK for Table:default
2019-08-10 04:33:16,844 INFO  db.DBStoreBuilder (DBStoreBuilder.java:getDbProfile(198)) - Using default options. DBProfile.DISK
2019-08-10 04:33:17,346 INFO  ipc.CallQueueManager (CallQueueManager.java:<init>(84)) - Using callQueue: class java.util.concurrent.LinkedBlockingQueue, queueCapacity: 2000, scheduler: class org.apache.hadoop.ipc.DefaultRpcScheduler, ipcBackoff: false.
2019-08-10 04:33:17,347 INFO  ipc.Server (Server.java:run(1074)) - Starting Socket Reader #1 for port 44718
2019-08-10 04:33:17,364 INFO  om.OzoneManager (OzoneManager.java:start(1255)) - OzoneManager RPC server is listening at localhost/127.0.0.1:44718
2019-08-10 04:33:17,365 INFO  impl.MetricsSystemImpl (MetricsSystemImpl.java:init(158)) - OzoneManager metrics system started (again)
2019-08-10 04:33:17,366 INFO  ipc.Server (Server.java:run(1314)) - IPC Server Responder: starting
2019-08-10 04:33:17,366 INFO  ipc.Server (Server.java:run(1153)) - IPC Server listener on 44718: starting
2019-08-10 04:33:17,371 INFO  hdfs.DFSUtil (DFSUtil.java:httpServerTemplateForNNAndJN(1641)) - Starting Web-server for ozoneManager at: http://0.0.0.0:0
2019-08-10 04:33:17,374 INFO  server.AuthenticationFilter (AuthenticationFilter.java:constructSecretProvider(240)) - Unable to initialize FileSignerSecretProvider, falling back to use random secrets.
2019-08-10 04:33:17,374 WARN  http.HttpRequestLog (HttpRequestLog.java:getRequestLog(97)) - Jetty request log can only be enabled using Log4j
2019-08-10 04:33:17,377 INFO  http.HttpServer2 (HttpServer2.java:addGlobalFilter(975)) - Added global filter 'safety' (class=org.apache.hadoop.http.HttpServer2$QuotingInputFilter)
2019-08-10 04:33:17,378 INFO  http.HttpServer2 (HttpServer2.java:addFilter(948)) - Added filter static_user_filter (class=org.apache.hadoop.http.lib.StaticUserWebFilter$StaticUserFilter) to context ozoneManager
2019-08-10 04:33:17,378 INFO  http.HttpServer2 (HttpServer2.java:addFilter(958)) - Added filter static_user_filter (class=org.apache.hadoop.http.lib.StaticUserWebFilter$StaticUserFilter) to context logs
2019-08-10 04:33:17,378 INFO  http.HttpServer2 (HttpServer2.java:addFilter(958)) - Added filter static_user_filter (class=org.apache.hadoop.http.lib.StaticUserWebFilter$StaticUserFilter) to context static
2019-08-10 04:33:17,380 INFO  http.HttpServer2 (HttpServer2.java:bindListener(1191)) - Jetty bound to port 43168
2019-08-10 04:33:17,380 INFO  server.Server (Server.java:doStart(351)) - jetty-9.3.24.v20180605, build timestamp: 2018-06-05T17:11:56Z, git hash: 84205aa28f11a4f31f2a3b86d1bba2cc8ab69827
2019-08-10 04:33:17,384 INFO  handler.ContextHandler (ContextHandler.java:doStart(781)) - Started o.e.j.s.ServletContextHandler@764e15d9{/logs,file:///workdir/hadoop-ozone/integration-test/target/log,AVAILABLE}
2019-08-10 04:33:17,385 INFO  handler.ContextHandler (ContextHandler.java:doStart(781)) - Started o.e.j.s.ServletContextHandler@4f230e9d{/static,file:///workdir/hadoop-ozone/integration-test/target/test-classes/webapps/static,AVAILABLE}
2019-08-10 04:33:17,392 INFO  handler.ContextHandler (ContextHandler.java:doStart(781)) - Started o.e.j.w.WebAppContext@339c5258{/,file:///workdir/hadoop-ozone/integration-test/target/test-classes/webapps/ozoneManager/,AVAILABLE}{/ozoneManager}
2019-08-10 04:33:17,392 INFO  server.AbstractConnector (AbstractConnector.java:doStart(278)) - Started ServerConnector@77ff1716{HTTP/1.1,[http/1.1]}{0.0.0.0:43168}
2019-08-10 04:33:17,393 INFO  server.Server (Server.java:doStart(419)) - Started @22045ms
2019-08-10 04:33:17,394 INFO  server.BaseHttpServer (BaseHttpServer.java:updateConnectorAddress(207)) - HTTP server of OZONEMANAGER is listening at http://0.0.0.0:43168
2019-08-10 04:33:17,416 INFO  impl.MetricsSystemImpl (MetricsSystemImpl.java:init(158)) - HddsDatanode metrics system started (again)
2019-08-10 04:33:17,418 INFO  ozone.HddsDatanodeService (HddsDatanodeService.java:start(184)) - HddsDatanodeService host:byscane-nightly-wggqd-62853239 ip:192.168.157.255
2019-08-10 04:33:17,430 INFO  volume.HddsVolume (HddsVolume.java:<init>(176)) - Creating Volume: /workdir/hadoop-ozone/integration-test/target/test-dir/MiniOzoneClusterImpl-6e75c86c-7086-4303-b0af-f29e713c5995/datanode-0/data/containers/hdds of  storage type : DISK and capacity : 52710309888
2019-08-10 04:33:17,431 INFO  volume.VolumeSet (VolumeSet.java:initializeVolumeSet(170)) - Added Volume : /workdir/hadoop-ozone/integration-test/target/test-dir/MiniOzoneClusterImpl-6e75c86c-7086-4303-b0af-f29e713c5995/datanode-0/data/containers/hdds to VolumeSet
2019-08-10 04:33:17,432 INFO  volume.ThrottledAsyncChecker (ThrottledAsyncChecker.java:schedule(140)) - Scheduling a check for org.apache.hadoop.ozone.container.common.volume.HddsVolume@631dad84
2019-08-10 04:33:17,433 INFO  volume.HddsVolumeChecker (HddsVolumeChecker.java:checkAllVolumes(203)) - Scheduled health check for volume org.apache.hadoop.ozone.container.common.volume.HddsVolume@631dad84
2019-08-10 04:33:17,455 INFO  impl.RaftServerProxy (ConfUtils.java:logGet(43)) - raft.rpc.type = GRPC (default)
2019-08-10 04:33:17,455 INFO  grpc.GrpcFactory (GrpcFactory.java:checkPooledByteBufAllocatorUseCacheForAllThreads(45)) - PERFORMANCE WARNING: useCacheForAllThreads is true that may cause Netty to create a lot garbage objects and, as a result, trigger GC.
	It is recommended to disable useCacheForAllThreads by setting -Dorg.apache.ratis.thirdparty.io.netty.allocator.useCacheForAllThreads=false in command line.
2019-08-10 04:33:17,456 INFO  grpc.GrpcConfigKeys$Server (ConfUtils.java:logGet(43)) - raft.grpc.server.port = 0 (default)
2019-08-10 04:33:17,456 INFO  server.GrpcService (ConfUtils.java:logGet(43)) - raft.grpc.message.size.max = 33570816 (custom)
2019-08-10 04:33:17,457 INFO  server.RaftServerConfigKeys (ConfUtils.java:logGet(43)) - raft.server.log.appender.buffer.byte-limit = 33554432 (custom)
2019-08-10 04:33:17,457 INFO  server.GrpcService (ConfUtils.java:logGet(43)) - raft.grpc.flow.control.window = 1MB (=1048576) (default)
2019-08-10 04:33:17,457 INFO  server.RaftServerConfigKeys (ConfUtils.java:logGet(43)) - raft.server.rpc.request.timeout = 3000ms (default)
2019-08-10 04:33:17,458 INFO  server.RaftServerConfigKeys (ConfUtils.java:logGet(43)) - raft.server.storage.dir = [/workdir/hadoop-ozone/integration-test/target/test-dir/MiniOzoneClusterImpl-6e75c86c-7086-4303-b0af-f29e713c5995/datanode-0/data/ratis] (custom)
2019-08-10 04:33:17,459 INFO  replication.SimpleContainerDownloader (SimpleContainerDownloader.java:<init>(72)) - Starting container downloader service to copy containers to replicate.
2019-08-10 04:33:17,460 INFO  hdfs.DFSUtil (DFSUtil.java:httpServerTemplateForNNAndJN(1641)) - Starting Web-server for hddsDatanode at: http://0.0.0.0:0
2019-08-10 04:33:17,462 INFO  server.AuthenticationFilter (AuthenticationFilter.java:constructSecretProvider(240)) - Unable to initialize FileSignerSecretProvider, falling back to use random secrets.
2019-08-10 04:33:17,462 WARN  http.HttpRequestLog (HttpRequestLog.java:getRequestLog(97)) - Jetty request log can only be enabled using Log4j
2019-08-10 04:33:17,464 INFO  http.HttpServer2 (HttpServer2.java:addGlobalFilter(975)) - Added global filter 'safety' (class=org.apache.hadoop.http.HttpServer2$QuotingInputFilter)
2019-08-10 04:33:17,465 INFO  http.HttpServer2 (HttpServer2.java:addFilter(948)) - Added filter static_user_filter (class=org.apache.hadoop.http.lib.StaticUserWebFilter$StaticUserFilter) to context hddsDatanode
2019-08-10 04:33:17,465 INFO  http.HttpServer2 (HttpServer2.java:addFilter(958)) - Added filter static_user_filter (class=org.apache.hadoop.http.lib.StaticUserWebFilter$StaticUserFilter) to context logs
2019-08-10 04:33:17,465 INFO  http.HttpServer2 (HttpServer2.java:addFilter(958)) - Added filter static_user_filter (class=org.apache.hadoop.http.lib.StaticUserWebFilter$StaticUserFilter) to context static
2019-08-10 04:33:17,466 INFO  http.HttpServer2 (HttpServer2.java:bindListener(1191)) - Jetty bound to port 40467
2019-08-10 04:33:17,466 INFO  server.Server (Server.java:doStart(351)) - jetty-9.3.24.v20180605, build timestamp: 2018-06-05T17:11:56Z, git hash: 84205aa28f11a4f31f2a3b86d1bba2cc8ab69827
2019-08-10 04:33:17,468 INFO  handler.ContextHandler (ContextHandler.java:doStart(781)) - Started o.e.j.s.ServletContextHandler@550169e3{/logs,file:///workdir/hadoop-ozone/integration-test/target/log,AVAILABLE}
2019-08-10 04:33:17,469 INFO  handler.ContextHandler (ContextHandler.java:doStart(781)) - Started o.e.j.s.ServletContextHandler@11761f68{/static,jar:file:/home/user/.m2/repository/org/apache/hadoop/hadoop-hdds-container-service/0.4.1-SNAPSHOT/hadoop-hdds-container-service-0.4.1-SNAPSHOT.jar!/webapps/static,AVAILABLE}
2019-08-10 04:33:17,504 INFO  handler.ContextHandler (ContextHandler.java:doStart(781)) - Started o.e.j.w.WebAppContext@e1a6a6f{/,file:///tmp/jetty-0.0.0.0-40467-hddsDatanode-_-any-3430630917999839322.dir/webapp/,AVAILABLE}{/hddsDatanode}
2019-08-10 04:33:17,505 INFO  server.AbstractConnector (AbstractConnector.java:doStart(278)) - Started ServerConnector@5e27f497{HTTP/1.1,[http/1.1]}{0.0.0.0:40467}
2019-08-10 04:33:17,505 INFO  server.Server (Server.java:doStart(419)) - Started @22158ms
2019-08-10 04:33:17,506 INFO  server.BaseHttpServer (BaseHttpServer.java:updateConnectorAddress(207)) - HTTP server of HDDSDATANODE is listening at http://0.0.0.0:40467
2019-08-10 04:33:17,657 INFO  ozone.HddsDatanodeService (HddsDatanodeService.java:startPlugins(395)) - Started plug-in org.apache.hadoop.ozone.web.OzoneHddsDatanodeService@265d4331
2019-08-10 04:33:17,657 INFO  ozone.MiniOzoneClusterImpl (MiniOzoneClusterImpl.java:lambda$waitForClusterToBeReady$0(142)) - Waiting for cluster to be ready. Got 0 of 1 DN Heartbeats.
2019-08-10 04:33:17,662 INFO  util.JvmPauseMonitor (JvmPauseMonitor.java:run(188)) - Starting JVM pause monitor
2019-08-10 04:33:17,667 INFO  datanode.InitDatanodeState (InitDatanodeState.java:persistContainerDatanodeDetails(140)) - DatanodeDetails is persisted to /workdir/hadoop-ozone/integration-test/target/test-dir/MiniOzoneClusterImpl-6e75c86c-7086-4303-b0af-f29e713c5995/datanode-0/meta/datanode.id
2019-08-10 04:33:18,660 INFO  ozone.MiniOzoneClusterImpl (MiniOzoneClusterImpl.java:lambda$waitForClusterToBeReady$0(142)) - Waiting for cluster to be ready. Got 0 of 1 DN Heartbeats.
2019-08-10 04:33:19,661 INFO  ozone.MiniOzoneClusterImpl (MiniOzoneClusterImpl.java:lambda$waitForClusterToBeReady$0(142)) - Waiting for cluster to be ready. Got 0 of 1 DN Heartbeats.
2019-08-10 04:33:19,682 INFO  ozoneimpl.OzoneContainer (OzoneContainer.java:start(186)) - Attempting to start container services.
2019-08-10 04:33:19,683 INFO  ozoneimpl.OzoneContainer (OzoneContainer.java:startContainerScrub(160)) - Background container scrubber has been disabled by hdds.containerscrub.enabled
2019-08-10 04:33:19,684 INFO  ratis.XceiverServerRatis (XceiverServerRatis.java:start(404)) - Starting XceiverServerRatis 89557d83-0a12-4f1e-85a3-965eeec5ba83 at port 0
2019-08-10 04:33:19,693 INFO  impl.RaftServerProxy (RaftServerProxy.java:lambda$start$3(299)) - 89557d83-0a12-4f1e-85a3-965eeec5ba83: start RPC server
2019-08-10 04:33:19,695 INFO  server.GrpcService (GrpcService.java:startImpl(149)) - 89557d83-0a12-4f1e-85a3-965eeec5ba83: GrpcService started, listening on 0.0.0.0/0.0.0.0:38234
2019-08-10 04:33:19,696 INFO  ratis.XceiverServerRatis (XceiverServerRatis.java:start(414)) - XceiverServerRatis 89557d83-0a12-4f1e-85a3-965eeec5ba83 is started using port 38234
2019-08-10 04:33:19,697 INFO  server.XceiverServerGrpc (XceiverServerGrpc.java:start(161)) - XceiverServerGrpc 89557d83-0a12-4f1e-85a3-965eeec5ba83 is started using port 39490
2019-08-10 04:33:20,662 INFO  ozone.MiniOzoneClusterImpl (MiniOzoneClusterImpl.java:lambda$waitForClusterToBeReady$0(142)) - Waiting for cluster to be ready. Got 0 of 1 DN Heartbeats.
2019-08-10 04:33:21,662 INFO  ozone.MiniOzoneClusterImpl (MiniOzoneClusterImpl.java:lambda$waitForClusterToBeReady$0(142)) - Waiting for cluster to be ready. Got 0 of 1 DN Heartbeats.
2019-08-10 04:33:21,665 INFO  net.NetworkTopology (NetworkTopologyImpl.java:add(110)) - Added a new node: /default-rack/89557d83-0a12-4f1e-85a3-965eeec5ba83
2019-08-10 04:33:21,666 INFO  node.SCMNodeManager (SCMNodeManager.java:register(273)) - Registered Data node : 89557d83-0a12-4f1e-85a3-965eeec5ba83{ip: 192.168.157.255, host: byscane-nightly-wggqd-62853239, networkLocation: /default-rack, certSerialId: null}
2019-08-10 04:33:21,669 INFO  safemode.SCMSafeModeManager (DataNodeSafeModeRule.java:process(71)) - SCM in safe mode. 1 DataNodes registered, 1 required.
2019-08-10 04:33:21,670 INFO  safemode.SCMSafeModeManager (SCMSafeModeManager.java:validateSafeModeExitRules(177)) - ScmSafeModeManager, all rules are successfully validated
2019-08-10 04:33:21,670 INFO  safemode.SCMSafeModeManager (SCMSafeModeManager.java:exitSafeMode(193)) - SCM exiting safe mode.
2019-08-10 04:33:21,687 INFO  impl.RaftServerProxy (RaftServerProxy.java:addNew(89)) - 89557d83-0a12-4f1e-85a3-965eeec5ba83: addNew group-05048863B0E9:[89557d83-0a12-4f1e-85a3-965eeec5ba83:192.168.157.255:38234] returns group-05048863B0E9:java.util.concurrent.CompletableFuture@44c4c3ea[Not completed]
2019-08-10 04:33:21,689 INFO  impl.RaftServerImpl (RaftServerImpl.java:<init>(93)) - 89557d83-0a12-4f1e-85a3-965eeec5ba83: new RaftServerImpl for group-05048863B0E9:[89557d83-0a12-4f1e-85a3-965eeec5ba83:192.168.157.255:38234] with ContainerStateMachine:uninitialized
2019-08-10 04:33:21,691 INFO  server.RaftServerConfigKeys (ConfUtils.java:logGet(43)) - raft.server.rpc.timeout.min = 5s (custom)
2019-08-10 04:33:21,691 INFO  server.RaftServerConfigKeys (ConfUtils.java:logGet(43)) - raft.server.rpc.timeout.max = 5200ms (custom)
2019-08-10 04:33:21,691 INFO  server.RaftServerConfigKeys (ConfUtils.java:logGet(43)) - raft.server.rpcslowness.timeout = 120s (custom)
2019-08-10 04:33:21,691 INFO  server.RaftServerConfigKeys (ConfUtils.java:logGet(43)) - raft.server.sleep.deviation.threshold = 300 (default)
2019-08-10 04:33:21,691 INFO  server.RaftServerConfigKeys (ConfUtils.java:logGet(43)) - raft.server.log.appender.install.snapshot.enabled = false (custom)
2019-08-10 04:33:21,692 INFO  impl.RaftServerImpl (ServerState.java:<init>(105)) - 89557d83-0a12-4f1e-85a3-965eeec5ba83:group-05048863B0E9 ConfigurationManager, init=-1: [89557d83-0a12-4f1e-85a3-965eeec5ba83:192.168.157.255:38234], old=null, confs=<EMPTY_MAP>
2019-08-10 04:33:21,692 INFO  server.RaftServerConfigKeys (ConfUtils.java:logGet(43)) - raft.server.storage.dir = [/workdir/hadoop-ozone/integration-test/target/test-dir/MiniOzoneClusterImpl-6e75c86c-7086-4303-b0af-f29e713c5995/datanode-0/data/ratis] (custom)
2019-08-10 04:33:21,693 INFO  storage.RaftStorageDirectory (RaftStorageDirectory.java:analyzeStorage(246)) - The storage directory /workdir/hadoop-ozone/integration-test/target/test-dir/MiniOzoneClusterImpl-6e75c86c-7086-4303-b0af-f29e713c5995/datanode-0/data/ratis/86311ea9-e3dc-4ca2-a916-05048863b0e9 does not exist. Creating ...
2019-08-10 04:33:21,708 INFO  storage.RaftStorageDirectory (RaftStorageDirectory.java:tryLock(328)) - Lock on /workdir/hadoop-ozone/integration-test/target/test-dir/MiniOzoneClusterImpl-6e75c86c-7086-4303-b0af-f29e713c5995/datanode-0/data/ratis/86311ea9-e3dc-4ca2-a916-05048863b0e9/in_use.lock acquired by nodename 5814@byscane-nightly-wggqd-62853239
2019-08-10 04:33:21,721 INFO  storage.RaftStorage (RaftStorage.java:format(72)) - Storage directory /workdir/hadoop-ozone/integration-test/target/test-dir/MiniOzoneClusterImpl-6e75c86c-7086-4303-b0af-f29e713c5995/datanode-0/data/ratis/86311ea9-e3dc-4ca2-a916-05048863b0e9 has been successfully formatted.
2019-08-10 04:33:21,721 INFO  ratis.ContainerStateMachine (ContainerStateMachine.java:loadSnapshot(213)) - group-05048863B0E9: The snapshot info is null. Setting the last applied indexto:(t:0, i:~)
2019-08-10 04:33:21,721 INFO  server.RaftServerConfigKeys (ConfUtils.java:logGet(43)) - raft.server.leader.election.timeout = 120s (custom)
2019-08-10 04:33:21,722 INFO  server.RaftServerConfigKeys (ConfUtils.java:logGet(43)) - raft.server.log.use.memory = false (default)
2019-08-10 04:33:21,722 INFO  server.RaftServerConfigKeys (ConfUtils.java:logGet(43)) - raft.server.log.purge.gap = 1000000000 (custom)
2019-08-10 04:33:21,723 INFO  server.RaftServerConfigKeys (ConfUtils.java:logGet(43)) - raft.server.log.appender.buffer.byte-limit = 33554432 (custom)
2019-08-10 04:33:21,723 INFO  server.RaftServerConfigKeys (ConfUtils.java:logGet(43)) - raft.server.log.segment.size.max = 1048576 (custom)
2019-08-10 04:33:21,723 INFO  server.RaftServerConfigKeys (ConfUtils.java:logGet(43)) - raft.server.log.segment.cache.num.max = 2 (custom)
2019-08-10 04:33:21,724 INFO  segmented.SegmentedRaftLogWorker (SegmentedRaftLogWorker.java:<init>(172)) - new 89557d83-0a12-4f1e-85a3-965eeec5ba83-SegmentedRaftLogWorker:Storage Directory /workdir/hadoop-ozone/integration-test/target/test-dir/MiniOzoneClusterImpl-6e75c86c-7086-4303-b0af-f29e713c5995/datanode-0/data/ratis/86311ea9-e3dc-4ca2-a916-05048863b0e9 for RaftStorage:Storage Directory /workdir/hadoop-ozone/integration-test/target/test-dir/MiniOzoneClusterImpl-6e75c86c-7086-4303-b0af-f29e713c5995/datanode-0/data/ratis/86311ea9-e3dc-4ca2-a916-05048863b0e9
2019-08-10 04:33:21,724 INFO  server.RaftServerConfigKeys (ConfUtils.java:logGet(43)) - raft.server.log.queue.byte-limit = 2147483647 (custom)
2019-08-10 04:33:21,724 INFO  server.RaftServerConfigKeys (ConfUtils.java:logGet(43)) - raft.server.log.queue.element-limit = 1024 (custom)
2019-08-10 04:33:21,724 INFO  server.RaftServerConfigKeys (ConfUtils.java:logGet(43)) - raft.server.log.segment.size.max = 1048576 (custom)
2019-08-10 04:33:21,725 INFO  server.RaftServerConfigKeys (ConfUtils.java:logGet(43)) - raft.server.log.preallocated.size = 16384 (custom)
2019-08-10 04:33:21,725 INFO  server.RaftServerConfigKeys (ConfUtils.java:logGet(43)) - raft.server.log.write.buffer.size = 33554432 (custom)
2019-08-10 04:33:21,725 INFO  server.RaftServerConfigKeys (ConfUtils.java:logGet(43)) - raft.server.log.force.sync.num = 128 (default)
2019-08-10 04:33:21,725 INFO  server.RaftServerConfigKeys (ConfUtils.java:logGet(43)) - raft.server.log.statemachine.data.sync = true (default)
2019-08-10 04:33:21,725 INFO  server.RaftServerConfigKeys (ConfUtils.java:logGet(43)) - raft.server.log.statemachine.data.sync.timeout = 10s (default)
2019-08-10 04:33:21,726 INFO  server.RaftServerConfigKeys (ConfUtils.java:logGet(43)) - raft.server.log.statemachine.data.sync.timeout.retry = -1 (default)
2019-08-10 04:33:21,726 INFO  server.RaftServerConfigKeys (ConfUtils.java:logGet(43)) - raft.server.log.statemachine.data.caching.enabled = true (custom)
2019-08-10 04:33:21,727 INFO  segmented.SegmentedRaftLogWorker (SegmentedRaftLogWorker.java:lambda$new$0(132)) - 89557d83-0a12-4f1e-85a3-965eeec5ba83-SegmentedRaftLogWorker:Storage Directory /workdir/hadoop-ozone/integration-test/target/test-dir/MiniOzoneClusterImpl-6e75c86c-7086-4303-b0af-f29e713c5995/datanode-0/data/ratis/86311ea9-e3dc-4ca2-a916-05048863b0e9: flushIndex: setUnconditionally 0 -> -1
2019-08-10 04:33:21,728 INFO  server.RaftServerConfigKeys (ConfUtils.java:logGet(43)) - raft.server.snapshot.auto.trigger.enabled = true (custom)
2019-08-10 04:33:21,728 INFO  server.RaftServerConfigKeys (ConfUtils.java:logGet(43)) - raft.server.snapshot.auto.trigger.threshold = 10000 (custom)
2019-08-10 04:33:21,728 INFO  server.RaftServerConfigKeys (ConfUtils.java:logGet(43)) - raft.server.retrycache.expirytime = 600000ms (custom)
2019-08-10 04:33:21,729 INFO  impl.RaftServerImpl (RaftServerImpl.java:start(180)) - 89557d83-0a12-4f1e-85a3-965eeec5ba83: start group-05048863B0E9
2019-08-10 04:33:21,729 INFO  impl.RaftServerImpl (RaftServerImpl.java:setRole(171)) - 89557d83-0a12-4f1e-85a3-965eeec5ba83:group-05048863B0E9 changes role from null to FOLLOWER at term 0 for startAsFollower
2019-08-10 04:33:21,729 INFO  impl.RoleInfo (RoleInfo.java:updateAndGet(143)) - 89557d83-0a12-4f1e-85a3-965eeec5ba83: start FollowerState
2019-08-10 04:33:21,730 INFO  util.JmxRegister (JmxRegister.java:tryRegister(44)) - Successfully registered JMX Bean with object name Ratis:service=RaftServer,group=group-05048863B0E9,id=89557d83-0a12-4f1e-85a3-965eeec5ba83
2019-08-10 04:33:21,739 INFO  pipeline.PipelineStateManager (PipelineStateManager.java:addPipeline(56)) - Created pipeline Pipeline[ Id: 86311ea9-e3dc-4ca2-a916-05048863b0e9, Nodes: 89557d83-0a12-4f1e-85a3-965eeec5ba83{ip: 192.168.157.255, host: byscane-nightly-wggqd-62853239, networkLocation: /default-rack, certSerialId: null}, Type:RATIS, Factor:ONE, State:OPEN]
2019-08-10 04:33:22,663 INFO  ozone.MiniOzoneClusterImpl (MiniOzoneClusterImpl.java:lambda$waitForClusterToBeReady$0(142)) - Cluster is ready. Got 1 of 1 DN Heartbeats.
2019-08-10 04:33:22,865 INFO  pipeline.PipelineStateManager (PipelineStateManager.java:addPipeline(56)) - Created pipeline Pipeline[ Id: 5a7241ee-7989-450f-8889-54073e977170, Nodes: 89557d83-0a12-4f1e-85a3-965eeec5ba83{ip: 192.168.157.255, host: byscane-nightly-wggqd-62853239, networkLocation: /default-rack, certSerialId: null}, Type:STAND_ALONE, Factor:ONE, State:OPEN]
2019-08-10 04:33:23,589 INFO  keyvalue.KeyValueHandler (ContainerUtils.java:logAndReturnError(146)) - Operation: CreateContainer : Trace ID: 523d47e95f192cab:523d47e95f192cab:0:0 : Message: Container creation failed, due to disk out of space : Result: DISK_OUT_OF_SPACE
04:33:23.591 [grpc-default-executor-1] ERROR DNAudit - user=null | ip=null | op=WRITE_CHUNK {blockData=conID: 7 locID: 102590814847172631 bcsId: 0} | ret=FAILURE
org.apache.hadoop.hdds.scm.container.common.helpers.StorageContainerException: ContainerID 7 creation failed
	at org.apache.hadoop.ozone.container.common.impl.HddsDispatcher.dispatchRequest(HddsDispatcher.java:227) [hadoop-hdds-container-service-0.4.1-SNAPSHOT.jar:?]
	at org.apache.hadoop.ozone.container.common.impl.HddsDispatcher.dispatch(HddsDispatcher.java:148) [hadoop-hdds-container-service-0.4.1-SNAPSHOT.jar:?]
	at org.apache.hadoop.ozone.container.common.transport.server.GrpcXceiverService$1.onNext(GrpcXceiverService.java:73) [hadoop-hdds-container-service-0.4.1-SNAPSHOT.jar:?]
	at org.apache.hadoop.ozone.container.common.transport.server.GrpcXceiverService$1.onNext(GrpcXceiverService.java:61) [hadoop-hdds-container-service-0.4.1-SNAPSHOT.jar:?]
	at org.apache.ratis.thirdparty.io.grpc.stub.ServerCalls$StreamingServerCallHandler$StreamingServerCallListener.onMessage(ServerCalls.java:248) [ratis-thirdparty-misc-0.2.0.jar:0.2.0]
	at org.apache.ratis.thirdparty.io.grpc.ForwardingServerCallListener.onMessage(ForwardingServerCallListener.java:33) [ratis-thirdparty-misc-0.2.0.jar:0.2.0]
	at org.apache.ratis.thirdparty.io.grpc.Contexts$ContextualizedServerCallListener.onMessage(Contexts.java:76) [ratis-thirdparty-misc-0.2.0.jar:0.2.0]
	at org.apache.ratis.thirdparty.io.grpc.ForwardingServerCallListener.onMessage(ForwardingServerCallListener.java:33) [ratis-thirdparty-misc-0.2.0.jar:0.2.0]
	at org.apache.hadoop.hdds.tracing.GrpcServerInterceptor$1.onMessage(GrpcServerInterceptor.java:46) [hadoop-hdds-common-0.4.1-SNAPSHOT.jar:?]
	at org.apache.ratis.thirdparty.io.grpc.internal.ServerCallImpl$ServerStreamListenerImpl.messagesAvailable(ServerCallImpl.java:263) [ratis-thirdparty-misc-0.2.0.jar:0.2.0]
	at org.apache.ratis.thirdparty.io.grpc.internal.ServerImpl$JumpToApplicationThreadServerStreamListener$1MessagesAvailable.runInContext(ServerImpl.java:686) [ratis-thirdparty-misc-0.2.0.jar:0.2.0]
	at org.apache.ratis.thirdparty.io.grpc.internal.ContextRunnable.run(ContextRunnable.java:37) [ratis-thirdparty-misc-0.2.0.jar:0.2.0]
	at org.apache.ratis.thirdparty.io.grpc.internal.SerializingExecutor.run(SerializingExecutor.java:123) [ratis-thirdparty-misc-0.2.0.jar:0.2.0]
	at java.util.concurrent.ThreadPoolExecutor.runWorker(ThreadPoolExecutor.java:1149) [?:1.8.0_212]
	at java.util.concurrent.ThreadPoolExecutor$Worker.run(ThreadPoolExecutor.java:624) [?:1.8.0_212]
	at java.lang.Thread.run(Thread.java:748) [?:1.8.0_212]
2019-08-10 04:33:23,600 INFO  impl.HddsDispatcher (ContainerUtils.java:logAndReturnError(146)) - Operation: WriteChunk : Trace ID: 523d47e95f192cab:523d47e95f192cab:0:0 : Message: ContainerID 7 creation failed : Result: DISK_OUT_OF_SPACE
04:33:23.605 [grpc-default-executor-1] ERROR DNAudit - user=null | ip=null | op=PUT_BLOCK {blockData=[blockId=conID: 7 locID: 102590814847172631 bcsId: 0,size=5]} | ret=FAILURE
org.apache.hadoop.hdds.scm.container.common.helpers.StorageContainerException: ContainerID 7 does not exist
	at org.apache.hadoop.ozone.container.common.impl.HddsDispatcher.dispatchRequest(HddsDispatcher.java:242) [hadoop-hdds-container-service-0.4.1-SNAPSHOT.jar:?]
	at org.apache.hadoop.ozone.container.common.impl.HddsDispatcher.dispatch(HddsDispatcher.java:148) [hadoop-hdds-container-service-0.4.1-SNAPSHOT.jar:?]
	at org.apache.hadoop.ozone.container.common.transport.server.GrpcXceiverService$1.onNext(GrpcXceiverService.java:73) [hadoop-hdds-container-service-0.4.1-SNAPSHOT.jar:?]
	at org.apache.hadoop.ozone.container.common.transport.server.GrpcXceiverService$1.onNext(GrpcXceiverService.java:61) [hadoop-hdds-container-service-0.4.1-SNAPSHOT.jar:?]
	at org.apache.ratis.thirdparty.io.grpc.stub.ServerCalls$StreamingServerCallHandler$StreamingServerCallListener.onMessage(ServerCalls.java:248) [ratis-thirdparty-misc-0.2.0.jar:0.2.0]
	at org.apache.ratis.thirdparty.io.grpc.ForwardingServerCallListener.onMessage(ForwardingServerCallListener.java:33) [ratis-thirdparty-misc-0.2.0.jar:0.2.0]
	at org.apache.ratis.thirdparty.io.grpc.Contexts$ContextualizedServerCallListener.onMessage(Contexts.java:76) [ratis-thirdparty-misc-0.2.0.jar:0.2.0]
	at org.apache.ratis.thirdparty.io.grpc.ForwardingServerCallListener.onMessage(ForwardingServerCallListener.java:33) [ratis-thirdparty-misc-0.2.0.jar:0.2.0]
	at org.apache.hadoop.hdds.tracing.GrpcServerInterceptor$1.onMessage(GrpcServerInterceptor.java:46) [hadoop-hdds-common-0.4.1-SNAPSHOT.jar:?]
	at org.apache.ratis.thirdparty.io.grpc.internal.ServerCallImpl$ServerStreamListenerImpl.messagesAvailable(ServerCallImpl.java:263) [ratis-thirdparty-misc-0.2.0.jar:0.2.0]
	at org.apache.ratis.thirdparty.io.grpc.internal.ServerImpl$JumpToApplicationThreadServerStreamListener$1MessagesAvailable.runInContext(ServerImpl.java:686) [ratis-thirdparty-misc-0.2.0.jar:0.2.0]
	at org.apache.ratis.thirdparty.io.grpc.internal.ContextRunnable.run(ContextRunnable.java:37) [ratis-thirdparty-misc-0.2.0.jar:0.2.0]
	at org.apache.ratis.thirdparty.io.grpc.internal.SerializingExecutor.run(SerializingExecutor.java:123) [ratis-thirdparty-misc-0.2.0.jar:0.2.0]
	at java.util.concurrent.ThreadPoolExecutor.runWorker(ThreadPoolExecutor.java:1149) [?:1.8.0_212]
	at java.util.concurrent.ThreadPoolExecutor$Worker.run(ThreadPoolExecutor.java:624) [?:1.8.0_212]
	at java.lang.Thread.run(Thread.java:748) [?:1.8.0_212]
2019-08-10 04:33:23,604 ERROR storage.BlockOutputStream (BlockOutputStream.java:validateResponse(531)) - Unexpected Storage Container Exception: 
org.apache.hadoop.hdds.scm.container.common.helpers.StorageContainerException: ContainerID 7 creation failed
	at org.apache.hadoop.hdds.scm.storage.ContainerProtocolCalls.validateContainerResponse(ContainerProtocolCalls.java:536)
	at org.apache.hadoop.hdds.scm.storage.BlockOutputStream.validateResponse(BlockOutputStream.java:529)
	at org.apache.hadoop.hdds.scm.storage.BlockOutputStream.lambda$writeChunkToContainer$2(BlockOutputStream.java:606)
	at java.util.concurrent.CompletableFuture.uniApply(CompletableFuture.java:602)
	at java.util.concurrent.CompletableFuture$UniApply.tryFire(CompletableFuture.java:577)
	at java.util.concurrent.CompletableFuture$Completion.run(CompletableFuture.java:442)
	at java.util.concurrent.ThreadPoolExecutor.runWorker(ThreadPoolExecutor.java:1149)
	at java.util.concurrent.ThreadPoolExecutor$Worker.run(ThreadPoolExecutor.java:624)
	at java.lang.Thread.run(Thread.java:748)
2019-08-10 04:33:23,606 INFO  impl.HddsDispatcher (ContainerUtils.java:logAndReturnError(146)) - Operation: PutBlock : Trace ID: 6a0f974ce2d4293e:6a0f974ce2d4293e:0:0 : Message: ContainerID 7 does not exist : Result: CONTAINER_NOT_FOUND
]]></system-out>
    <system-err><![CDATA[Aug 10, 2019 4:33:17 AM com.sun.jersey.server.impl.application.WebApplicationImpl _initiate
INFO: Initiating Jersey application, version 'Jersey: 1.19 02/11/2015 03:25 AM'
Aug 10, 2019 4:33:22 AM com.sun.jersey.server.impl.application.WebApplicationImpl _initiate
INFO: Initiating Jersey application, version 'Jersey: 1.19 02/11/2015 03:25 AM'
]]></system-err>
  </testcase>
  <testcase name="testSCMReinitialization" classname="org.apache.hadoop.ozone.TestStorageContainerManager" time="11.468"/>
  <testcase name="testCloseContainerCommandOnRestart" classname="org.apache.hadoop.ozone.TestStorageContainerManager" time="7.199">
    <error message="Unexpected Storage Container Exception: org.apache.hadoop.hdds.scm.container.common.helpers.StorageContainerException: ContainerID 6 creation failed" type="java.io.IOException">java.io.IOException: Unexpected Storage Container Exception: org.apache.hadoop.hdds.scm.container.common.helpers.StorageContainerException: ContainerID 6 creation failed
	at org.apache.hadoop.hdds.scm.storage.BlockOutputStream.setIoException(BlockOutputStream.java:541)
	at org.apache.hadoop.hdds.scm.storage.BlockOutputStream.validateResponse(BlockOutputStream.java:532)
	at org.apache.hadoop.hdds.scm.storage.BlockOutputStream.lambda$writeChunkToContainer$2(BlockOutputStream.java:606)
	at java.util.concurrent.CompletableFuture.uniApply(CompletableFuture.java:602)
	at java.util.concurrent.CompletableFuture$UniApply.tryFire(CompletableFuture.java:577)
	at java.util.concurrent.CompletableFuture$Completion.run(CompletableFuture.java:442)
	at java.util.concurrent.ThreadPoolExecutor.runWorker(ThreadPoolExecutor.java:1149)
	at java.util.concurrent.ThreadPoolExecutor$Worker.run(ThreadPoolExecutor.java:624)
	at java.lang.Thread.run(Thread.java:748)
Caused by: org.apache.hadoop.hdds.scm.container.common.helpers.StorageContainerException: ContainerID 6 creation failed
	at org.apache.hadoop.hdds.scm.storage.ContainerProtocolCalls.validateContainerResponse(ContainerProtocolCalls.java:536)
	at org.apache.hadoop.hdds.scm.storage.BlockOutputStream.validateResponse(BlockOutputStream.java:529)
	... 7 more
</error>
    <system-out><![CDATA[2019-08-10 04:33:35,134 WARN  server.ServerUtils (ServerUtils.java:getScmDbDir(145)) - ozone.scm.db.dirs is not configured. We recommend adding this setting. Falling back to ozone.metadata.dirs instead.
2019-08-10 04:33:35,150 WARN  server.ServerUtils (ServerUtils.java:getScmDbDir(145)) - ozone.scm.db.dirs is not configured. We recommend adding this setting. Falling back to ozone.metadata.dirs instead.
2019-08-10 04:33:35,151 WARN  server.ServerUtils (ServerUtils.java:getScmDbDir(145)) - ozone.scm.db.dirs is not configured. We recommend adding this setting. Falling back to ozone.metadata.dirs instead.
2019-08-10 04:33:35,151 INFO  db.DBStoreBuilder (DBStoreBuilder.java:addTable(110)) - using custom profile for table: deletedBlocks
2019-08-10 04:33:35,152 INFO  db.DBStoreBuilder (DBStoreBuilder.java:processTables(161)) - Using default column profile:DBProfile.DISK for Table:deletedBlocks
2019-08-10 04:33:35,152 INFO  db.DBStoreBuilder (DBStoreBuilder.java:addTable(110)) - using custom profile for table: validCerts
2019-08-10 04:33:35,152 INFO  db.DBStoreBuilder (DBStoreBuilder.java:processTables(161)) - Using default column profile:DBProfile.DISK for Table:validCerts
2019-08-10 04:33:35,152 INFO  db.DBStoreBuilder (DBStoreBuilder.java:addTable(110)) - using custom profile for table: revokedCerts
2019-08-10 04:33:35,153 INFO  db.DBStoreBuilder (DBStoreBuilder.java:processTables(161)) - Using default column profile:DBProfile.DISK for Table:revokedCerts
2019-08-10 04:33:35,153 INFO  db.DBStoreBuilder (DBStoreBuilder.java:addTable(110)) - using custom profile for table: default
2019-08-10 04:33:35,153 INFO  db.DBStoreBuilder (DBStoreBuilder.java:processTables(167)) - Using default column profile:DBProfile.DISK for Table:default
2019-08-10 04:33:35,153 INFO  db.DBStoreBuilder (DBStoreBuilder.java:getDbProfile(198)) - Using default options. DBProfile.DISK
2019-08-10 04:33:35,309 INFO  net.NodeSchemaLoader (NodeSchemaLoader.java:loadSchemaFromFile(125)) - Loading file from sun.misc.CompoundEnumeration@2cc22de7
2019-08-10 04:33:35,309 INFO  net.NodeSchemaLoader (NodeSchemaLoader.java:loadSchema(171)) - Loading network topology layer schema file
2019-08-10 04:33:35,315 INFO  node.SCMNodeManager (SCMNodeManager.java:<init>(121)) - Entering startup safe mode.
2019-08-10 04:33:35,316 WARN  server.ServerUtils (ServerUtils.java:getScmDbDir(145)) - ozone.scm.db.dirs is not configured. We recommend adding this setting. Falling back to ozone.metadata.dirs instead.
2019-08-10 04:33:35,346 INFO  pipeline.SCMPipelineManager (SCMPipelineManager.java:initializePipelineState(126)) - No pipeline exists in current db
2019-08-10 04:33:35,346 WARN  server.ServerUtils (ServerUtils.java:getScmDbDir(145)) - ozone.scm.db.dirs is not configured. We recommend adding this setting. Falling back to ozone.metadata.dirs instead.
2019-08-10 04:33:35,395 WARN  events.EventQueue (EventQueue.java:fireEvent(175)) - No event handler registered for event TypedEvent{payloadType=SafeModeStatus, name='SafeModeStatus'}
2019-08-10 04:33:35,396 INFO  ipc.CallQueueManager (CallQueueManager.java:<init>(84)) - Using callQueue: class java.util.concurrent.LinkedBlockingQueue, queueCapacity: 2000, scheduler: class org.apache.hadoop.ipc.DefaultRpcScheduler, ipcBackoff: false.
2019-08-10 04:33:35,397 INFO  ipc.Server (Server.java:run(1074)) - Starting Socket Reader #1 for port 45448
2019-08-10 04:33:35,399 INFO  ipc.CallQueueManager (CallQueueManager.java:<init>(84)) - Using callQueue: class java.util.concurrent.LinkedBlockingQueue, queueCapacity: 2000, scheduler: class org.apache.hadoop.ipc.DefaultRpcScheduler, ipcBackoff: false.
2019-08-10 04:33:35,400 INFO  ipc.Server (Server.java:run(1074)) - Starting Socket Reader #1 for port 39805
2019-08-10 04:33:35,401 INFO  ipc.CallQueueManager (CallQueueManager.java:<init>(84)) - Using callQueue: class java.util.concurrent.LinkedBlockingQueue, queueCapacity: 2000, scheduler: class org.apache.hadoop.ipc.DefaultRpcScheduler, ipcBackoff: false.
2019-08-10 04:33:35,402 INFO  ipc.Server (Server.java:run(1074)) - Starting Socket Reader #1 for port 42024
2019-08-10 04:33:35,406 INFO  hdfs.DFSUtil (DFSUtil.java:httpServerTemplateForNNAndJN(1641)) - Starting Web-server for scm at: http://0.0.0.0:0
2019-08-10 04:33:35,408 INFO  server.AuthenticationFilter (AuthenticationFilter.java:constructSecretProvider(240)) - Unable to initialize FileSignerSecretProvider, falling back to use random secrets.
2019-08-10 04:33:35,409 WARN  http.HttpRequestLog (HttpRequestLog.java:getRequestLog(97)) - Jetty request log can only be enabled using Log4j
2019-08-10 04:33:35,411 INFO  http.HttpServer2 (HttpServer2.java:addGlobalFilter(975)) - Added global filter 'safety' (class=org.apache.hadoop.http.HttpServer2$QuotingInputFilter)
2019-08-10 04:33:35,412 INFO  http.HttpServer2 (HttpServer2.java:addFilter(948)) - Added filter static_user_filter (class=org.apache.hadoop.http.lib.StaticUserWebFilter$StaticUserFilter) to context scm
2019-08-10 04:33:35,412 INFO  http.HttpServer2 (HttpServer2.java:addFilter(958)) - Added filter static_user_filter (class=org.apache.hadoop.http.lib.StaticUserWebFilter$StaticUserFilter) to context static
2019-08-10 04:33:35,413 INFO  http.HttpServer2 (HttpServer2.java:addFilter(958)) - Added filter static_user_filter (class=org.apache.hadoop.http.lib.StaticUserWebFilter$StaticUserFilter) to context logs
2019-08-10 04:33:35,416 INFO  server.StorageContainerManager (StorageContainerManager.java:start(759)) - StorageContainerLocationProtocol RPC server is listening at /0.0.0.0:42024
2019-08-10 04:33:35,418 WARN  impl.MetricsConfig (MetricsConfig.java:loadFirst(134)) - Cannot locate configuration: tried hadoop-metrics2-storagecontainermanager.properties,hadoop-metrics2.properties
2019-08-10 04:33:35,420 INFO  impl.MetricsSystemImpl (MetricsSystemImpl.java:startTimer(374)) - Scheduled Metric snapshot period at 10 second(s).
2019-08-10 04:33:35,420 INFO  impl.MetricsSystemImpl (MetricsSystemImpl.java:start(191)) - StorageContainerManager metrics system started
2019-08-10 04:33:35,527 INFO  server.SCMClientProtocolServer (SCMClientProtocolServer.java:start(151)) - RPC server for Client  is listening at /0.0.0.0:42024
2019-08-10 04:33:35,528 INFO  ipc.Server (Server.java:run(1314)) - IPC Server Responder: starting
2019-08-10 04:33:35,528 INFO  ipc.Server (Server.java:run(1153)) - IPC Server listener on 42024: starting
2019-08-10 04:33:35,533 INFO  server.StorageContainerManager (StorageContainerManager.java:start(769)) - ScmBlockLocationProtocol RPC server is listening at /0.0.0.0:39805
2019-08-10 04:33:35,534 INFO  server.SCMBlockProtocolServer (SCMBlockProtocolServer.java:start(140)) - RPC server for Block Protocol is listening at /0.0.0.0:39805
2019-08-10 04:33:35,534 INFO  ipc.Server (Server.java:run(1314)) - IPC Server Responder: starting
2019-08-10 04:33:35,534 INFO  ipc.Server (Server.java:run(1153)) - IPC Server listener on 39805: starting
2019-08-10 04:33:35,540 INFO  server.StorageContainerManager (StorageContainerManager.java:start(773)) - ScmDatanodeProtocl RPC server is listening at /0.0.0.0:45448
2019-08-10 04:33:35,540 INFO  server.SCMDatanodeProtocolServer (SCMDatanodeProtocolServer.java:start(191)) - RPC server for DataNodes is listening at /0.0.0.0:45448
2019-08-10 04:33:35,540 INFO  ipc.Server (Server.java:run(1314)) - IPC Server Responder: starting
2019-08-10 04:33:35,540 INFO  ipc.Server (Server.java:run(1153)) - IPC Server listener on 45448: starting
2019-08-10 04:33:35,545 INFO  http.HttpServer2 (HttpServer2.java:bindListener(1191)) - Jetty bound to port 42497
2019-08-10 04:33:35,545 INFO  server.Server (Server.java:doStart(351)) - jetty-9.3.24.v20180605, build timestamp: 2018-06-05T17:11:56Z, git hash: 84205aa28f11a4f31f2a3b86d1bba2cc8ab69827
2019-08-10 04:33:35,547 INFO  handler.ContextHandler (ContextHandler.java:doStart(781)) - Started o.e.j.s.ServletContextHandler@4b2092cd{/logs,file:///workdir/hadoop-ozone/integration-test/target/log,AVAILABLE}
2019-08-10 04:33:35,548 INFO  handler.ContextHandler (ContextHandler.java:doStart(781)) - Started o.e.j.s.ServletContextHandler@69c8d791{/static,file:///workdir/hadoop-ozone/integration-test/target/test-classes/webapps/static,AVAILABLE}
2019-08-10 04:33:35,552 INFO  handler.ContextHandler (ContextHandler.java:doStart(781)) - Started o.e.j.w.WebAppContext@7c7544c9{/,file:///workdir/hadoop-ozone/integration-test/target/test-classes/webapps/scm/,AVAILABLE}{/scm}
2019-08-10 04:33:35,553 INFO  server.AbstractConnector (AbstractConnector.java:doStart(278)) - Started ServerConnector@66117f93{HTTP/1.1,[http/1.1]}{0.0.0.0:42497}
2019-08-10 04:33:35,554 INFO  server.Server (Server.java:doStart(419)) - Started @40206ms
2019-08-10 04:33:35,554 INFO  server.BaseHttpServer (BaseHttpServer.java:updateConnectorAddress(207)) - HTTP server of SCM is listening at http://0.0.0.0:42497
2019-08-10 04:33:35,555 WARN  server.ServerUtils (ServerUtils.java:getDBPath(222)) - ozone.om.db.dirs is not configured. We recommend adding this setting. Falling back to ozone.metadata.dirs instead.
2019-08-10 04:33:35,556 INFO  util.JvmPauseMonitor (JvmPauseMonitor.java:run(188)) - Starting JVM pause monitor
2019-08-10 04:33:35,570 WARN  server.ServerUtils (ServerUtils.java:getDBPath(222)) - ozone.om.db.dirs is not configured. We recommend adding this setting. Falling back to ozone.metadata.dirs instead.
2019-08-10 04:33:35,570 WARN  server.ServerUtils (ServerUtils.java:getDBPath(222)) - ozone.om.db.dirs is not configured. We recommend adding this setting. Falling back to ozone.metadata.dirs instead.
2019-08-10 04:33:35,570 INFO  om.OzoneManager (OzoneManager.java:setOMNodeDetails(644)) - OM Service ID is not set. Setting it to the default ID: omServiceIdDefault
2019-08-10 04:33:35,570 INFO  om.OzoneManager (OzoneManager.java:setOMNodeDetails(650)) - OM Node ID is not set. Setting it to the OmStorage's OmID: d855762c-1bf5-4f7b-af46-2b0f1fb59612
2019-08-10 04:33:35,571 INFO  om.OzoneManager (OzoneManager.java:loadOMHAConfigs(601)) - Found matching OM address with OMServiceId: null, OMNodeId: null, RPC Address: localhost:0 and Ratis port: 9872
2019-08-10 04:33:35,579 WARN  server.ServerUtils (ServerUtils.java:getDBPath(222)) - ozone.om.db.dirs is not configured. We recommend adding this setting. Falling back to ozone.metadata.dirs instead.
2019-08-10 04:33:35,579 INFO  db.DBStoreBuilder (DBStoreBuilder.java:addTable(110)) - using custom profile for table: userTable
2019-08-10 04:33:35,579 INFO  db.DBStoreBuilder (DBStoreBuilder.java:processTables(161)) - Using default column profile:DBProfile.DISK for Table:userTable
2019-08-10 04:33:35,579 INFO  db.DBStoreBuilder (DBStoreBuilder.java:addTable(110)) - using custom profile for table: volumeTable
2019-08-10 04:33:35,579 INFO  db.DBStoreBuilder (DBStoreBuilder.java:processTables(161)) - Using default column profile:DBProfile.DISK for Table:volumeTable
2019-08-10 04:33:35,580 INFO  db.DBStoreBuilder (DBStoreBuilder.java:addTable(110)) - using custom profile for table: bucketTable
2019-08-10 04:33:35,580 INFO  db.DBStoreBuilder (DBStoreBuilder.java:processTables(161)) - Using default column profile:DBProfile.DISK for Table:bucketTable
2019-08-10 04:33:35,580 INFO  db.DBStoreBuilder (DBStoreBuilder.java:addTable(110)) - using custom profile for table: keyTable
2019-08-10 04:33:35,580 INFO  db.DBStoreBuilder (DBStoreBuilder.java:processTables(161)) - Using default column profile:DBProfile.DISK for Table:keyTable
2019-08-10 04:33:35,580 INFO  db.DBStoreBuilder (DBStoreBuilder.java:addTable(110)) - using custom profile for table: deletedTable
2019-08-10 04:33:35,580 INFO  db.DBStoreBuilder (DBStoreBuilder.java:processTables(161)) - Using default column profile:DBProfile.DISK for Table:deletedTable
2019-08-10 04:33:35,581 INFO  db.DBStoreBuilder (DBStoreBuilder.java:addTable(110)) - using custom profile for table: openKeyTable
2019-08-10 04:33:35,581 INFO  db.DBStoreBuilder (DBStoreBuilder.java:processTables(161)) - Using default column profile:DBProfile.DISK for Table:openKeyTable
2019-08-10 04:33:35,581 INFO  db.DBStoreBuilder (DBStoreBuilder.java:addTable(110)) - using custom profile for table: s3Table
2019-08-10 04:33:35,581 INFO  db.DBStoreBuilder (DBStoreBuilder.java:processTables(161)) - Using default column profile:DBProfile.DISK for Table:s3Table
2019-08-10 04:33:35,581 INFO  db.DBStoreBuilder (DBStoreBuilder.java:addTable(110)) - using custom profile for table: multipartInfoTable
2019-08-10 04:33:35,581 INFO  db.DBStoreBuilder (DBStoreBuilder.java:processTables(161)) - Using default column profile:DBProfile.DISK for Table:multipartInfoTable
2019-08-10 04:33:35,581 INFO  db.DBStoreBuilder (DBStoreBuilder.java:addTable(110)) - using custom profile for table: dTokenTable
2019-08-10 04:33:35,582 INFO  db.DBStoreBuilder (DBStoreBuilder.java:processTables(161)) - Using default column profile:DBProfile.DISK for Table:dTokenTable
2019-08-10 04:33:35,582 INFO  db.DBStoreBuilder (DBStoreBuilder.java:addTable(110)) - using custom profile for table: s3SecretTable
2019-08-10 04:33:35,582 INFO  db.DBStoreBuilder (DBStoreBuilder.java:processTables(161)) - Using default column profile:DBProfile.DISK for Table:s3SecretTable
2019-08-10 04:33:35,582 INFO  db.DBStoreBuilder (DBStoreBuilder.java:addTable(110)) - using custom profile for table: prefixTable
2019-08-10 04:33:35,582 INFO  db.DBStoreBuilder (DBStoreBuilder.java:processTables(161)) - Using default column profile:DBProfile.DISK for Table:prefixTable
2019-08-10 04:33:35,582 INFO  db.DBStoreBuilder (DBStoreBuilder.java:addTable(110)) - using custom profile for table: default
2019-08-10 04:33:35,583 INFO  db.DBStoreBuilder (DBStoreBuilder.java:processTables(167)) - Using default column profile:DBProfile.DISK for Table:default
2019-08-10 04:33:35,583 INFO  db.DBStoreBuilder (DBStoreBuilder.java:getDbProfile(198)) - Using default options. DBProfile.DISK
2019-08-10 04:33:36,102 INFO  ipc.CallQueueManager (CallQueueManager.java:<init>(84)) - Using callQueue: class java.util.concurrent.LinkedBlockingQueue, queueCapacity: 2000, scheduler: class org.apache.hadoop.ipc.DefaultRpcScheduler, ipcBackoff: false.
2019-08-10 04:33:36,103 INFO  ipc.Server (Server.java:run(1074)) - Starting Socket Reader #1 for port 36339
2019-08-10 04:33:36,120 INFO  om.OzoneManager (OzoneManager.java:start(1255)) - OzoneManager RPC server is listening at localhost/127.0.0.1:36339
2019-08-10 04:33:36,120 INFO  impl.MetricsSystemImpl (MetricsSystemImpl.java:init(158)) - OzoneManager metrics system started (again)
2019-08-10 04:33:36,121 INFO  ipc.Server (Server.java:run(1314)) - IPC Server Responder: starting
2019-08-10 04:33:36,121 INFO  ipc.Server (Server.java:run(1153)) - IPC Server listener on 36339: starting
2019-08-10 04:33:36,128 INFO  hdfs.DFSUtil (DFSUtil.java:httpServerTemplateForNNAndJN(1641)) - Starting Web-server for ozoneManager at: http://0.0.0.0:0
2019-08-10 04:33:36,136 INFO  server.AuthenticationFilter (AuthenticationFilter.java:constructSecretProvider(240)) - Unable to initialize FileSignerSecretProvider, falling back to use random secrets.
2019-08-10 04:33:36,137 WARN  http.HttpRequestLog (HttpRequestLog.java:getRequestLog(97)) - Jetty request log can only be enabled using Log4j
2019-08-10 04:33:36,139 INFO  http.HttpServer2 (HttpServer2.java:addGlobalFilter(975)) - Added global filter 'safety' (class=org.apache.hadoop.http.HttpServer2$QuotingInputFilter)
2019-08-10 04:33:36,140 INFO  http.HttpServer2 (HttpServer2.java:addFilter(948)) - Added filter static_user_filter (class=org.apache.hadoop.http.lib.StaticUserWebFilter$StaticUserFilter) to context ozoneManager
2019-08-10 04:33:36,140 INFO  http.HttpServer2 (HttpServer2.java:addFilter(958)) - Added filter static_user_filter (class=org.apache.hadoop.http.lib.StaticUserWebFilter$StaticUserFilter) to context static
2019-08-10 04:33:36,141 INFO  http.HttpServer2 (HttpServer2.java:addFilter(958)) - Added filter static_user_filter (class=org.apache.hadoop.http.lib.StaticUserWebFilter$StaticUserFilter) to context logs
2019-08-10 04:33:36,142 INFO  http.HttpServer2 (HttpServer2.java:bindListener(1191)) - Jetty bound to port 38542
2019-08-10 04:33:36,142 INFO  server.Server (Server.java:doStart(351)) - jetty-9.3.24.v20180605, build timestamp: 2018-06-05T17:11:56Z, git hash: 84205aa28f11a4f31f2a3b86d1bba2cc8ab69827
2019-08-10 04:33:36,145 INFO  handler.ContextHandler (ContextHandler.java:doStart(781)) - Started o.e.j.s.ServletContextHandler@787aea58{/logs,file:///workdir/hadoop-ozone/integration-test/target/log,AVAILABLE}
2019-08-10 04:33:36,146 INFO  handler.ContextHandler (ContextHandler.java:doStart(781)) - Started o.e.j.s.ServletContextHandler@44957985{/static,file:///workdir/hadoop-ozone/integration-test/target/test-classes/webapps/static,AVAILABLE}
2019-08-10 04:33:36,152 INFO  handler.ContextHandler (ContextHandler.java:doStart(781)) - Started o.e.j.w.WebAppContext@4c84c669{/,file:///workdir/hadoop-ozone/integration-test/target/test-classes/webapps/ozoneManager/,AVAILABLE}{/ozoneManager}
2019-08-10 04:33:36,153 INFO  server.AbstractConnector (AbstractConnector.java:doStart(278)) - Started ServerConnector@31b1118e{HTTP/1.1,[http/1.1]}{0.0.0.0:38542}
2019-08-10 04:33:36,154 INFO  server.Server (Server.java:doStart(419)) - Started @40806ms
2019-08-10 04:33:36,155 INFO  server.BaseHttpServer (BaseHttpServer.java:updateConnectorAddress(207)) - HTTP server of OZONEMANAGER is listening at http://0.0.0.0:38542
2019-08-10 04:33:36,159 INFO  impl.MetricsSystemImpl (MetricsSystemImpl.java:init(158)) - HddsDatanode metrics system started (again)
2019-08-10 04:33:36,164 INFO  ozone.HddsDatanodeService (HddsDatanodeService.java:start(184)) - HddsDatanodeService host:byscane-nightly-wggqd-62853239 ip:192.168.157.255
2019-08-10 04:33:36,173 INFO  volume.HddsVolume (HddsVolume.java:<init>(176)) - Creating Volume: /workdir/hadoop-ozone/integration-test/target/test-dir/MiniOzoneClusterImpl-4d5cc50c-998e-48dc-87b8-8b5eaa24435c/datanode-0/data/containers/hdds of  storage type : DISK and capacity : 52710309888
2019-08-10 04:33:36,174 INFO  volume.VolumeSet (VolumeSet.java:initializeVolumeSet(170)) - Added Volume : /workdir/hadoop-ozone/integration-test/target/test-dir/MiniOzoneClusterImpl-4d5cc50c-998e-48dc-87b8-8b5eaa24435c/datanode-0/data/containers/hdds to VolumeSet
2019-08-10 04:33:36,174 INFO  volume.ThrottledAsyncChecker (ThrottledAsyncChecker.java:schedule(140)) - Scheduling a check for org.apache.hadoop.ozone.container.common.volume.HddsVolume@37e980a1
2019-08-10 04:33:36,174 INFO  volume.HddsVolumeChecker (HddsVolumeChecker.java:checkAllVolumes(203)) - Scheduled health check for volume org.apache.hadoop.ozone.container.common.volume.HddsVolume@37e980a1
2019-08-10 04:33:36,197 INFO  impl.RaftServerProxy (ConfUtils.java:logGet(43)) - raft.rpc.type = GRPC (default)
2019-08-10 04:33:36,197 INFO  grpc.GrpcFactory (GrpcFactory.java:checkPooledByteBufAllocatorUseCacheForAllThreads(45)) - PERFORMANCE WARNING: useCacheForAllThreads is true that may cause Netty to create a lot garbage objects and, as a result, trigger GC.
	It is recommended to disable useCacheForAllThreads by setting -Dorg.apache.ratis.thirdparty.io.netty.allocator.useCacheForAllThreads=false in command line.
2019-08-10 04:33:36,197 INFO  grpc.GrpcConfigKeys$Server (ConfUtils.java:logGet(43)) - raft.grpc.server.port = 0 (default)
2019-08-10 04:33:36,198 INFO  server.GrpcService (ConfUtils.java:logGet(43)) - raft.grpc.message.size.max = 33570816 (custom)
2019-08-10 04:33:36,198 INFO  server.RaftServerConfigKeys (ConfUtils.java:logGet(43)) - raft.server.log.appender.buffer.byte-limit = 33554432 (custom)
2019-08-10 04:33:36,198 INFO  server.GrpcService (ConfUtils.java:logGet(43)) - raft.grpc.flow.control.window = 1MB (=1048576) (default)
2019-08-10 04:33:36,198 INFO  server.RaftServerConfigKeys (ConfUtils.java:logGet(43)) - raft.server.rpc.request.timeout = 3000ms (default)
2019-08-10 04:33:36,199 INFO  server.RaftServerConfigKeys (ConfUtils.java:logGet(43)) - raft.server.storage.dir = [/workdir/hadoop-ozone/integration-test/target/test-dir/MiniOzoneClusterImpl-4d5cc50c-998e-48dc-87b8-8b5eaa24435c/datanode-0/data/ratis] (custom)
2019-08-10 04:33:36,200 INFO  replication.SimpleContainerDownloader (SimpleContainerDownloader.java:<init>(72)) - Starting container downloader service to copy containers to replicate.
2019-08-10 04:33:36,201 INFO  hdfs.DFSUtil (DFSUtil.java:httpServerTemplateForNNAndJN(1641)) - Starting Web-server for hddsDatanode at: http://0.0.0.0:0
2019-08-10 04:33:36,203 INFO  server.AuthenticationFilter (AuthenticationFilter.java:constructSecretProvider(240)) - Unable to initialize FileSignerSecretProvider, falling back to use random secrets.
2019-08-10 04:33:36,203 WARN  http.HttpRequestLog (HttpRequestLog.java:getRequestLog(97)) - Jetty request log can only be enabled using Log4j
2019-08-10 04:33:36,205 INFO  http.HttpServer2 (HttpServer2.java:addGlobalFilter(975)) - Added global filter 'safety' (class=org.apache.hadoop.http.HttpServer2$QuotingInputFilter)
2019-08-10 04:33:36,206 INFO  http.HttpServer2 (HttpServer2.java:addFilter(948)) - Added filter static_user_filter (class=org.apache.hadoop.http.lib.StaticUserWebFilter$StaticUserFilter) to context hddsDatanode
2019-08-10 04:33:36,206 INFO  http.HttpServer2 (HttpServer2.java:addFilter(958)) - Added filter static_user_filter (class=org.apache.hadoop.http.lib.StaticUserWebFilter$StaticUserFilter) to context logs
2019-08-10 04:33:36,206 INFO  http.HttpServer2 (HttpServer2.java:addFilter(958)) - Added filter static_user_filter (class=org.apache.hadoop.http.lib.StaticUserWebFilter$StaticUserFilter) to context static
2019-08-10 04:33:36,207 INFO  http.HttpServer2 (HttpServer2.java:bindListener(1191)) - Jetty bound to port 44335
2019-08-10 04:33:36,207 INFO  server.Server (Server.java:doStart(351)) - jetty-9.3.24.v20180605, build timestamp: 2018-06-05T17:11:56Z, git hash: 84205aa28f11a4f31f2a3b86d1bba2cc8ab69827
2019-08-10 04:33:36,209 INFO  handler.ContextHandler (ContextHandler.java:doStart(781)) - Started o.e.j.s.ServletContextHandler@32bd58ca{/logs,file:///workdir/hadoop-ozone/integration-test/target/log,AVAILABLE}
2019-08-10 04:33:36,210 INFO  handler.ContextHandler (ContextHandler.java:doStart(781)) - Started o.e.j.s.ServletContextHandler@4ff6db9a{/static,jar:file:/home/user/.m2/repository/org/apache/hadoop/hadoop-hdds-container-service/0.4.1-SNAPSHOT/hadoop-hdds-container-service-0.4.1-SNAPSHOT.jar!/webapps/static,AVAILABLE}
2019-08-10 04:33:36,247 INFO  handler.ContextHandler (ContextHandler.java:doStart(781)) - Started o.e.j.w.WebAppContext@53f5c7bc{/,file:///tmp/jetty-0.0.0.0-44335-hddsDatanode-_-any-3072397760759930586.dir/webapp/,AVAILABLE}{/hddsDatanode}
2019-08-10 04:33:36,248 INFO  server.AbstractConnector (AbstractConnector.java:doStart(278)) - Started ServerConnector@371253e3{HTTP/1.1,[http/1.1]}{0.0.0.0:44335}
2019-08-10 04:33:36,249 INFO  server.Server (Server.java:doStart(419)) - Started @40902ms
2019-08-10 04:33:36,250 INFO  server.BaseHttpServer (BaseHttpServer.java:updateConnectorAddress(207)) - HTTP server of HDDSDATANODE is listening at http://0.0.0.0:44335
2019-08-10 04:33:36,398 INFO  ozone.HddsDatanodeService (HddsDatanodeService.java:startPlugins(395)) - Started plug-in org.apache.hadoop.ozone.web.OzoneHddsDatanodeService@53f8cb49
2019-08-10 04:33:36,398 INFO  ozone.MiniOzoneClusterImpl (MiniOzoneClusterImpl.java:lambda$waitForClusterToBeReady$0(142)) - Waiting for cluster to be ready. Got 0 of 1 DN Heartbeats.
2019-08-10 04:33:36,402 INFO  util.JvmPauseMonitor (JvmPauseMonitor.java:run(188)) - Starting JVM pause monitor
2019-08-10 04:33:36,404 INFO  datanode.InitDatanodeState (InitDatanodeState.java:persistContainerDatanodeDetails(140)) - DatanodeDetails is persisted to /workdir/hadoop-ozone/integration-test/target/test-dir/MiniOzoneClusterImpl-4d5cc50c-998e-48dc-87b8-8b5eaa24435c/datanode-0/meta/datanode.id
2019-08-10 04:33:37,399 INFO  ozone.MiniOzoneClusterImpl (MiniOzoneClusterImpl.java:lambda$waitForClusterToBeReady$0(142)) - Waiting for cluster to be ready. Got 0 of 1 DN Heartbeats.
2019-08-10 04:33:38,399 INFO  ozone.MiniOzoneClusterImpl (MiniOzoneClusterImpl.java:lambda$waitForClusterToBeReady$0(142)) - Waiting for cluster to be ready. Got 0 of 1 DN Heartbeats.
2019-08-10 04:33:38,440 INFO  ozoneimpl.OzoneContainer (OzoneContainer.java:start(186)) - Attempting to start container services.
2019-08-10 04:33:38,442 INFO  ozoneimpl.OzoneContainer (OzoneContainer.java:startContainerScrub(160)) - Background container scrubber has been disabled by hdds.containerscrub.enabled
2019-08-10 04:33:38,443 INFO  ratis.XceiverServerRatis (XceiverServerRatis.java:start(404)) - Starting XceiverServerRatis ce48336d-6856-47ad-9550-6e14a709bc31 at port 0
2019-08-10 04:33:38,455 INFO  impl.RaftServerProxy (RaftServerProxy.java:lambda$start$3(299)) - ce48336d-6856-47ad-9550-6e14a709bc31: start RPC server
2019-08-10 04:33:38,458 INFO  server.GrpcService (GrpcService.java:startImpl(149)) - ce48336d-6856-47ad-9550-6e14a709bc31: GrpcService started, listening on 0.0.0.0/0.0.0.0:37358
2019-08-10 04:33:38,459 INFO  ratis.XceiverServerRatis (XceiverServerRatis.java:start(414)) - XceiverServerRatis ce48336d-6856-47ad-9550-6e14a709bc31 is started using port 37358
2019-08-10 04:33:38,462 INFO  server.XceiverServerGrpc (XceiverServerGrpc.java:start(161)) - XceiverServerGrpc ce48336d-6856-47ad-9550-6e14a709bc31 is started using port 33303
2019-08-10 04:33:39,400 INFO  ozone.MiniOzoneClusterImpl (MiniOzoneClusterImpl.java:lambda$waitForClusterToBeReady$0(142)) - Waiting for cluster to be ready. Got 0 of 1 DN Heartbeats.
2019-08-10 04:33:40,400 INFO  ozone.MiniOzoneClusterImpl (MiniOzoneClusterImpl.java:lambda$waitForClusterToBeReady$0(142)) - Waiting for cluster to be ready. Got 0 of 1 DN Heartbeats.
2019-08-10 04:33:40,406 INFO  net.NetworkTopology (NetworkTopologyImpl.java:add(110)) - Added a new node: /default-rack/ce48336d-6856-47ad-9550-6e14a709bc31
2019-08-10 04:33:40,408 INFO  node.SCMNodeManager (SCMNodeManager.java:register(273)) - Registered Data node : ce48336d-6856-47ad-9550-6e14a709bc31{ip: 192.168.157.255, host: byscane-nightly-wggqd-62853239, networkLocation: /default-rack, certSerialId: null}
2019-08-10 04:33:40,412 INFO  safemode.SCMSafeModeManager (DataNodeSafeModeRule.java:process(71)) - SCM in safe mode. 1 DataNodes registered, 1 required.
2019-08-10 04:33:40,413 INFO  safemode.SCMSafeModeManager (SCMSafeModeManager.java:validateSafeModeExitRules(177)) - ScmSafeModeManager, all rules are successfully validated
2019-08-10 04:33:40,413 INFO  safemode.SCMSafeModeManager (SCMSafeModeManager.java:exitSafeMode(193)) - SCM exiting safe mode.
2019-08-10 04:33:40,437 INFO  impl.RaftServerProxy (RaftServerProxy.java:addNew(89)) - ce48336d-6856-47ad-9550-6e14a709bc31: addNew group-2340A53AB288:[ce48336d-6856-47ad-9550-6e14a709bc31:192.168.157.255:37358] returns group-2340A53AB288:java.util.concurrent.CompletableFuture@4f54a687[Not completed]
2019-08-10 04:33:40,438 INFO  impl.RaftServerImpl (RaftServerImpl.java:<init>(93)) - ce48336d-6856-47ad-9550-6e14a709bc31: new RaftServerImpl for group-2340A53AB288:[ce48336d-6856-47ad-9550-6e14a709bc31:192.168.157.255:37358] with ContainerStateMachine:uninitialized
2019-08-10 04:33:40,440 INFO  server.RaftServerConfigKeys (ConfUtils.java:logGet(43)) - raft.server.rpc.timeout.min = 5s (custom)
2019-08-10 04:33:40,440 INFO  server.RaftServerConfigKeys (ConfUtils.java:logGet(43)) - raft.server.rpc.timeout.max = 5200ms (custom)
2019-08-10 04:33:40,441 INFO  server.RaftServerConfigKeys (ConfUtils.java:logGet(43)) - raft.server.rpcslowness.timeout = 120s (custom)
2019-08-10 04:33:40,441 INFO  server.RaftServerConfigKeys (ConfUtils.java:logGet(43)) - raft.server.sleep.deviation.threshold = 300 (default)
2019-08-10 04:33:40,441 INFO  server.RaftServerConfigKeys (ConfUtils.java:logGet(43)) - raft.server.log.appender.install.snapshot.enabled = false (custom)
2019-08-10 04:33:40,441 INFO  impl.RaftServerImpl (ServerState.java:<init>(105)) - ce48336d-6856-47ad-9550-6e14a709bc31:group-2340A53AB288 ConfigurationManager, init=-1: [ce48336d-6856-47ad-9550-6e14a709bc31:192.168.157.255:37358], old=null, confs=<EMPTY_MAP>
2019-08-10 04:33:40,441 INFO  server.RaftServerConfigKeys (ConfUtils.java:logGet(43)) - raft.server.storage.dir = [/workdir/hadoop-ozone/integration-test/target/test-dir/MiniOzoneClusterImpl-4d5cc50c-998e-48dc-87b8-8b5eaa24435c/datanode-0/data/ratis] (custom)
2019-08-10 04:33:40,442 INFO  storage.RaftStorageDirectory (RaftStorageDirectory.java:analyzeStorage(246)) - The storage directory /workdir/hadoop-ozone/integration-test/target/test-dir/MiniOzoneClusterImpl-4d5cc50c-998e-48dc-87b8-8b5eaa24435c/datanode-0/data/ratis/53283195-ff0e-4f4f-b16e-2340a53ab288 does not exist. Creating ...
2019-08-10 04:33:40,456 INFO  storage.RaftStorageDirectory (RaftStorageDirectory.java:tryLock(328)) - Lock on /workdir/hadoop-ozone/integration-test/target/test-dir/MiniOzoneClusterImpl-4d5cc50c-998e-48dc-87b8-8b5eaa24435c/datanode-0/data/ratis/53283195-ff0e-4f4f-b16e-2340a53ab288/in_use.lock acquired by nodename 5814@byscane-nightly-wggqd-62853239
2019-08-10 04:33:40,469 INFO  storage.RaftStorage (RaftStorage.java:format(72)) - Storage directory /workdir/hadoop-ozone/integration-test/target/test-dir/MiniOzoneClusterImpl-4d5cc50c-998e-48dc-87b8-8b5eaa24435c/datanode-0/data/ratis/53283195-ff0e-4f4f-b16e-2340a53ab288 has been successfully formatted.
2019-08-10 04:33:40,470 INFO  ratis.ContainerStateMachine (ContainerStateMachine.java:loadSnapshot(213)) - group-2340A53AB288: The snapshot info is null. Setting the last applied indexto:(t:0, i:~)
2019-08-10 04:33:40,470 INFO  server.RaftServerConfigKeys (ConfUtils.java:logGet(43)) - raft.server.leader.election.timeout = 120s (custom)
2019-08-10 04:33:40,470 INFO  server.RaftServerConfigKeys (ConfUtils.java:logGet(43)) - raft.server.log.use.memory = false (default)
2019-08-10 04:33:40,470 INFO  server.RaftServerConfigKeys (ConfUtils.java:logGet(43)) - raft.server.log.purge.gap = 1000000000 (custom)
2019-08-10 04:33:40,470 INFO  server.RaftServerConfigKeys (ConfUtils.java:logGet(43)) - raft.server.log.appender.buffer.byte-limit = 33554432 (custom)
2019-08-10 04:33:40,471 INFO  server.RaftServerConfigKeys (ConfUtils.java:logGet(43)) - raft.server.log.segment.size.max = 1048576 (custom)
2019-08-10 04:33:40,471 INFO  server.RaftServerConfigKeys (ConfUtils.java:logGet(43)) - raft.server.log.segment.cache.num.max = 2 (custom)
2019-08-10 04:33:40,471 INFO  segmented.SegmentedRaftLogWorker (SegmentedRaftLogWorker.java:<init>(172)) - new ce48336d-6856-47ad-9550-6e14a709bc31-SegmentedRaftLogWorker:Storage Directory /workdir/hadoop-ozone/integration-test/target/test-dir/MiniOzoneClusterImpl-4d5cc50c-998e-48dc-87b8-8b5eaa24435c/datanode-0/data/ratis/53283195-ff0e-4f4f-b16e-2340a53ab288 for RaftStorage:Storage Directory /workdir/hadoop-ozone/integration-test/target/test-dir/MiniOzoneClusterImpl-4d5cc50c-998e-48dc-87b8-8b5eaa24435c/datanode-0/data/ratis/53283195-ff0e-4f4f-b16e-2340a53ab288
2019-08-10 04:33:40,471 INFO  server.RaftServerConfigKeys (ConfUtils.java:logGet(43)) - raft.server.log.queue.byte-limit = 2147483647 (custom)
2019-08-10 04:33:40,471 INFO  server.RaftServerConfigKeys (ConfUtils.java:logGet(43)) - raft.server.log.queue.element-limit = 1024 (custom)
2019-08-10 04:33:40,472 INFO  server.RaftServerConfigKeys (ConfUtils.java:logGet(43)) - raft.server.log.segment.size.max = 1048576 (custom)
2019-08-10 04:33:40,472 INFO  server.RaftServerConfigKeys (ConfUtils.java:logGet(43)) - raft.server.log.preallocated.size = 16384 (custom)
2019-08-10 04:33:40,472 INFO  server.RaftServerConfigKeys (ConfUtils.java:logGet(43)) - raft.server.log.write.buffer.size = 33554432 (custom)
2019-08-10 04:33:40,472 INFO  server.RaftServerConfigKeys (ConfUtils.java:logGet(43)) - raft.server.log.force.sync.num = 128 (default)
2019-08-10 04:33:40,472 INFO  server.RaftServerConfigKeys (ConfUtils.java:logGet(43)) - raft.server.log.statemachine.data.sync = true (default)
2019-08-10 04:33:40,473 INFO  server.RaftServerConfigKeys (ConfUtils.java:logGet(43)) - raft.server.log.statemachine.data.sync.timeout = 10s (default)
2019-08-10 04:33:40,473 INFO  server.RaftServerConfigKeys (ConfUtils.java:logGet(43)) - raft.server.log.statemachine.data.sync.timeout.retry = -1 (default)
2019-08-10 04:33:40,473 INFO  server.RaftServerConfigKeys (ConfUtils.java:logGet(43)) - raft.server.log.statemachine.data.caching.enabled = true (custom)
2019-08-10 04:33:40,474 INFO  segmented.SegmentedRaftLogWorker (SegmentedRaftLogWorker.java:lambda$new$0(132)) - ce48336d-6856-47ad-9550-6e14a709bc31-SegmentedRaftLogWorker:Storage Directory /workdir/hadoop-ozone/integration-test/target/test-dir/MiniOzoneClusterImpl-4d5cc50c-998e-48dc-87b8-8b5eaa24435c/datanode-0/data/ratis/53283195-ff0e-4f4f-b16e-2340a53ab288: flushIndex: setUnconditionally 0 -> -1
2019-08-10 04:33:40,474 INFO  server.RaftServerConfigKeys (ConfUtils.java:logGet(43)) - raft.server.snapshot.auto.trigger.enabled = true (custom)
2019-08-10 04:33:40,474 INFO  server.RaftServerConfigKeys (ConfUtils.java:logGet(43)) - raft.server.snapshot.auto.trigger.threshold = 10000 (custom)
2019-08-10 04:33:40,475 INFO  server.RaftServerConfigKeys (ConfUtils.java:logGet(43)) - raft.server.retrycache.expirytime = 600000ms (custom)
2019-08-10 04:33:40,475 INFO  impl.RaftServerImpl (RaftServerImpl.java:start(180)) - ce48336d-6856-47ad-9550-6e14a709bc31: start group-2340A53AB288
2019-08-10 04:33:40,475 INFO  impl.RaftServerImpl (RaftServerImpl.java:setRole(171)) - ce48336d-6856-47ad-9550-6e14a709bc31:group-2340A53AB288 changes role from null to FOLLOWER at term 0 for startAsFollower
2019-08-10 04:33:40,475 INFO  impl.RoleInfo (RoleInfo.java:updateAndGet(143)) - ce48336d-6856-47ad-9550-6e14a709bc31: start FollowerState
2019-08-10 04:33:40,476 INFO  util.JmxRegister (JmxRegister.java:tryRegister(44)) - Successfully registered JMX Bean with object name Ratis:service=RaftServer,group=group-2340A53AB288,id=ce48336d-6856-47ad-9550-6e14a709bc31
2019-08-10 04:33:40,486 INFO  pipeline.PipelineStateManager (PipelineStateManager.java:addPipeline(56)) - Created pipeline Pipeline[ Id: 53283195-ff0e-4f4f-b16e-2340a53ab288, Nodes: ce48336d-6856-47ad-9550-6e14a709bc31{ip: 192.168.157.255, host: byscane-nightly-wggqd-62853239, networkLocation: /default-rack, certSerialId: null}, Type:RATIS, Factor:ONE, State:OPEN]
2019-08-10 04:33:41,401 INFO  ozone.MiniOzoneClusterImpl (MiniOzoneClusterImpl.java:lambda$waitForClusterToBeReady$0(142)) - Cluster is ready. Got 1 of 1 DN Heartbeats.
2019-08-10 04:33:41,679 INFO  pipeline.PipelineStateManager (PipelineStateManager.java:addPipeline(56)) - Created pipeline Pipeline[ Id: ada2c41a-a84a-4fea-ba62-69e92a462250, Nodes: ce48336d-6856-47ad-9550-6e14a709bc31{ip: 192.168.157.255, host: byscane-nightly-wggqd-62853239, networkLocation: /default-rack, certSerialId: null}, Type:STAND_ALONE, Factor:ONE, State:OPEN]
2019-08-10 04:33:42,292 INFO  keyvalue.KeyValueHandler (ContainerUtils.java:logAndReturnError(146)) - Operation: CreateContainer : Trace ID: b0850afd128e1e9b:b0850afd128e1e9b:0:0 : Message: Container creation failed, due to disk out of space : Result: DISK_OUT_OF_SPACE
04:33:42.295 [grpc-default-executor-0] ERROR DNAudit - user=null | ip=null | op=WRITE_CHUNK {blockData=conID: 6 locID: 102590816078069795 bcsId: 0} | ret=FAILURE
org.apache.hadoop.hdds.scm.container.common.helpers.StorageContainerException: ContainerID 6 creation failed
	at org.apache.hadoop.ozone.container.common.impl.HddsDispatcher.dispatchRequest(HddsDispatcher.java:227) [hadoop-hdds-container-service-0.4.1-SNAPSHOT.jar:?]
	at org.apache.hadoop.ozone.container.common.impl.HddsDispatcher.dispatch(HddsDispatcher.java:148) [hadoop-hdds-container-service-0.4.1-SNAPSHOT.jar:?]
	at org.apache.hadoop.ozone.container.common.transport.server.GrpcXceiverService$1.onNext(GrpcXceiverService.java:73) [hadoop-hdds-container-service-0.4.1-SNAPSHOT.jar:?]
	at org.apache.hadoop.ozone.container.common.transport.server.GrpcXceiverService$1.onNext(GrpcXceiverService.java:61) [hadoop-hdds-container-service-0.4.1-SNAPSHOT.jar:?]
	at org.apache.ratis.thirdparty.io.grpc.stub.ServerCalls$StreamingServerCallHandler$StreamingServerCallListener.onMessage(ServerCalls.java:248) [ratis-thirdparty-misc-0.2.0.jar:0.2.0]
	at org.apache.ratis.thirdparty.io.grpc.ForwardingServerCallListener.onMessage(ForwardingServerCallListener.java:33) [ratis-thirdparty-misc-0.2.0.jar:0.2.0]
	at org.apache.ratis.thirdparty.io.grpc.Contexts$ContextualizedServerCallListener.onMessage(Contexts.java:76) [ratis-thirdparty-misc-0.2.0.jar:0.2.0]
	at org.apache.ratis.thirdparty.io.grpc.ForwardingServerCallListener.onMessage(ForwardingServerCallListener.java:33) [ratis-thirdparty-misc-0.2.0.jar:0.2.0]
	at org.apache.hadoop.hdds.tracing.GrpcServerInterceptor$1.onMessage(GrpcServerInterceptor.java:46) [hadoop-hdds-common-0.4.1-SNAPSHOT.jar:?]
	at org.apache.ratis.thirdparty.io.grpc.internal.ServerCallImpl$ServerStreamListenerImpl.messagesAvailable(ServerCallImpl.java:263) [ratis-thirdparty-misc-0.2.0.jar:0.2.0]
	at org.apache.ratis.thirdparty.io.grpc.internal.ServerImpl$JumpToApplicationThreadServerStreamListener$1MessagesAvailable.runInContext(ServerImpl.java:686) [ratis-thirdparty-misc-0.2.0.jar:0.2.0]
	at org.apache.ratis.thirdparty.io.grpc.internal.ContextRunnable.run(ContextRunnable.java:37) [ratis-thirdparty-misc-0.2.0.jar:0.2.0]
	at org.apache.ratis.thirdparty.io.grpc.internal.SerializingExecutor.run(SerializingExecutor.java:123) [ratis-thirdparty-misc-0.2.0.jar:0.2.0]
	at java.util.concurrent.ThreadPoolExecutor.runWorker(ThreadPoolExecutor.java:1149) [?:1.8.0_212]
	at java.util.concurrent.ThreadPoolExecutor$Worker.run(ThreadPoolExecutor.java:624) [?:1.8.0_212]
	at java.lang.Thread.run(Thread.java:748) [?:1.8.0_212]
2019-08-10 04:33:42,296 INFO  impl.HddsDispatcher (ContainerUtils.java:logAndReturnError(146)) - Operation: WriteChunk : Trace ID: b0850afd128e1e9b:b0850afd128e1e9b:0:0 : Message: ContainerID 6 creation failed : Result: DISK_OUT_OF_SPACE
2019-08-10 04:33:42,300 ERROR storage.BlockOutputStream (BlockOutputStream.java:validateResponse(531)) - Unexpected Storage Container Exception: 
org.apache.hadoop.hdds.scm.container.common.helpers.StorageContainerException: ContainerID 6 creation failed
	at org.apache.hadoop.hdds.scm.storage.ContainerProtocolCalls.validateContainerResponse(ContainerProtocolCalls.java:536)
	at org.apache.hadoop.hdds.scm.storage.BlockOutputStream.validateResponse(BlockOutputStream.java:529)
	at org.apache.hadoop.hdds.scm.storage.BlockOutputStream.lambda$writeChunkToContainer$2(BlockOutputStream.java:606)
	at java.util.concurrent.CompletableFuture.uniApply(CompletableFuture.java:602)
	at java.util.concurrent.CompletableFuture$UniApply.tryFire(CompletableFuture.java:577)
	at java.util.concurrent.CompletableFuture$Completion.run(CompletableFuture.java:442)
	at java.util.concurrent.ThreadPoolExecutor.runWorker(ThreadPoolExecutor.java:1149)
	at java.util.concurrent.ThreadPoolExecutor$Worker.run(ThreadPoolExecutor.java:624)
	at java.lang.Thread.run(Thread.java:748)
04:33:42.303 [grpc-default-executor-0] ERROR DNAudit - user=null | ip=null | op=PUT_BLOCK {blockData=[blockId=conID: 6 locID: 102590816078069795 bcsId: 0,size=5]} | ret=FAILURE
org.apache.hadoop.hdds.scm.container.common.helpers.StorageContainerException: ContainerID 6 does not exist
	at org.apache.hadoop.ozone.container.common.impl.HddsDispatcher.dispatchRequest(HddsDispatcher.java:242) [hadoop-hdds-container-service-0.4.1-SNAPSHOT.jar:?]
	at org.apache.hadoop.ozone.container.common.impl.HddsDispatcher.dispatch(HddsDispatcher.java:148) [hadoop-hdds-container-service-0.4.1-SNAPSHOT.jar:?]
	at org.apache.hadoop.ozone.container.common.transport.server.GrpcXceiverService$1.onNext(GrpcXceiverService.java:73) [hadoop-hdds-container-service-0.4.1-SNAPSHOT.jar:?]
	at org.apache.hadoop.ozone.container.common.transport.server.GrpcXceiverService$1.onNext(GrpcXceiverService.java:61) [hadoop-hdds-container-service-0.4.1-SNAPSHOT.jar:?]
	at org.apache.ratis.thirdparty.io.grpc.stub.ServerCalls$StreamingServerCallHandler$StreamingServerCallListener.onMessage(ServerCalls.java:248) [ratis-thirdparty-misc-0.2.0.jar:0.2.0]
	at org.apache.ratis.thirdparty.io.grpc.ForwardingServerCallListener.onMessage(ForwardingServerCallListener.java:33) [ratis-thirdparty-misc-0.2.0.jar:0.2.0]
	at org.apache.ratis.thirdparty.io.grpc.Contexts$ContextualizedServerCallListener.onMessage(Contexts.java:76) [ratis-thirdparty-misc-0.2.0.jar:0.2.0]
	at org.apache.ratis.thirdparty.io.grpc.ForwardingServerCallListener.onMessage(ForwardingServerCallListener.java:33) [ratis-thirdparty-misc-0.2.0.jar:0.2.0]
	at org.apache.hadoop.hdds.tracing.GrpcServerInterceptor$1.onMessage(GrpcServerInterceptor.java:46) [hadoop-hdds-common-0.4.1-SNAPSHOT.jar:?]
	at org.apache.ratis.thirdparty.io.grpc.internal.ServerCallImpl$ServerStreamListenerImpl.messagesAvailable(ServerCallImpl.java:263) [ratis-thirdparty-misc-0.2.0.jar:0.2.0]
	at org.apache.ratis.thirdparty.io.grpc.internal.ServerImpl$JumpToApplicationThreadServerStreamListener$1MessagesAvailable.runInContext(ServerImpl.java:686) [ratis-thirdparty-misc-0.2.0.jar:0.2.0]
	at org.apache.ratis.thirdparty.io.grpc.internal.ContextRunnable.run(ContextRunnable.java:37) [ratis-thirdparty-misc-0.2.0.jar:0.2.0]
	at org.apache.ratis.thirdparty.io.grpc.internal.SerializingExecutor.run(SerializingExecutor.java:123) [ratis-thirdparty-misc-0.2.0.jar:0.2.0]
	at java.util.concurrent.ThreadPoolExecutor.runWorker(ThreadPoolExecutor.java:1149) [?:1.8.0_212]
	at java.util.concurrent.ThreadPoolExecutor$Worker.run(ThreadPoolExecutor.java:624) [?:1.8.0_212]
	at java.lang.Thread.run(Thread.java:748) [?:1.8.0_212]
2019-08-10 04:33:42,304 INFO  impl.HddsDispatcher (ContainerUtils.java:logAndReturnError(146)) - Operation: PutBlock : Trace ID: d7e87780b314bc26:d7e87780b314bc26:0:0 : Message: ContainerID 6 does not exist : Result: CONTAINER_NOT_FOUND
]]></system-out>
    <system-err><![CDATA[Aug 10, 2019 4:33:36 AM com.sun.jersey.server.impl.application.WebApplicationImpl _initiate
INFO: Initiating Jersey application, version 'Jersey: 1.19 02/11/2015 03:25 AM'
Aug 10, 2019 4:33:41 AM com.sun.jersey.server.impl.application.WebApplicationImpl _initiate
INFO: Initiating Jersey application, version 'Jersey: 1.19 02/11/2015 03:25 AM'
Aug 10, 2019 4:33:41 AM org.apache.ratis.thirdparty.io.grpc.internal.ManagedChannelOrphanWrapper$ManagedChannelReference cleanQueue
SEVERE: *~*~*~ Channel ManagedChannelImpl{logId=12, target=192.168.157.255:43969} was not shutdown properly!!! ~*~*~*
    Make sure to call shutdown()/shutdownNow() and wait until awaitTermination() returns true.
java.lang.RuntimeException: ManagedChannel allocation site
	at org.apache.ratis.thirdparty.io.grpc.internal.ManagedChannelOrphanWrapper$ManagedChannelReference.<init>(ManagedChannelOrphanWrapper.java:103)
	at org.apache.ratis.thirdparty.io.grpc.internal.ManagedChannelOrphanWrapper.<init>(ManagedChannelOrphanWrapper.java:53)
	at org.apache.ratis.thirdparty.io.grpc.internal.ManagedChannelOrphanWrapper.<init>(ManagedChannelOrphanWrapper.java:44)
	at org.apache.ratis.thirdparty.io.grpc.internal.AbstractManagedChannelImplBuilder.build(AbstractManagedChannelImplBuilder.java:411)
	at org.apache.hadoop.hdds.scm.XceiverClientGrpc.connectToDatanode(XceiverClientGrpc.java:174)
	at org.apache.hadoop.hdds.scm.XceiverClientGrpc.reconnect(XceiverClientGrpc.java:422)
	at org.apache.hadoop.hdds.scm.XceiverClientGrpc.sendCommandAsync(XceiverClientGrpc.java:371)
	at org.apache.hadoop.hdds.scm.XceiverClientGrpc.sendCommandAsync(XceiverClientGrpc.java:346)
	at org.apache.hadoop.hdds.scm.storage.ContainerProtocolCalls.writeChunkAsync(ContainerProtocolCalls.java:310)
	at org.apache.hadoop.hdds.scm.storage.BlockOutputStream.writeChunkToContainer(BlockOutputStream.java:601)
	at org.apache.hadoop.hdds.scm.storage.BlockOutputStream.writeChunk(BlockOutputStream.java:459)
	at org.apache.hadoop.hdds.scm.storage.BlockOutputStream.handleFlush(BlockOutputStream.java:470)
	at org.apache.hadoop.hdds.scm.storage.BlockOutputStream.close(BlockOutputStream.java:493)
	at org.apache.hadoop.ozone.client.io.BlockOutputStreamEntry.close(BlockOutputStreamEntry.java:143)
	at org.apache.hadoop.ozone.client.io.KeyOutputStream.handleFlushOrClose(KeyOutputStream.java:434)
	at org.apache.hadoop.ozone.client.io.KeyOutputStream.close(KeyOutputStream.java:472)
	at org.apache.hadoop.ozone.client.io.OzoneOutputStream.close(OzoneOutputStream.java:60)
	at org.apache.hadoop.ozone.TestStorageContainerManagerHelper.createKeys(TestStorageContainerManagerHelper.java:102)
	at org.apache.hadoop.ozone.TestStorageContainerManager.testBlockDeletionTransactions(TestStorageContainerManager.java:249)
	at sun.reflect.NativeMethodAccessorImpl.invoke0(Native Method)
	at sun.reflect.NativeMethodAccessorImpl.invoke(NativeMethodAccessorImpl.java:62)
	at sun.reflect.DelegatingMethodAccessorImpl.invoke(DelegatingMethodAccessorImpl.java:43)
	at java.lang.reflect.Method.invoke(Method.java:498)
	at org.junit.runners.model.FrameworkMethod$1.runReflectiveCall(FrameworkMethod.java:47)
	at org.junit.internal.runners.model.ReflectiveCallable.run(ReflectiveCallable.java:12)
	at org.junit.runners.model.FrameworkMethod.invokeExplosively(FrameworkMethod.java:44)
	at org.junit.internal.runners.statements.InvokeMethod.evaluate(InvokeMethod.java:17)
	at org.junit.internal.runners.statements.FailOnTimeout$StatementThread.run(FailOnTimeout.java:74)

Aug 10, 2019 4:33:41 AM org.apache.ratis.thirdparty.io.grpc.internal.ManagedChannelOrphanWrapper$ManagedChannelReference cleanQueue
SEVERE: *~*~*~ Channel ManagedChannelImpl{logId=28, target=192.168.157.255:39490} was not shutdown properly!!! ~*~*~*
    Make sure to call shutdown()/shutdownNow() and wait until awaitTermination() returns true.
java.lang.RuntimeException: ManagedChannel allocation site
	at org.apache.ratis.thirdparty.io.grpc.internal.ManagedChannelOrphanWrapper$ManagedChannelReference.<init>(ManagedChannelOrphanWrapper.java:103)
	at org.apache.ratis.thirdparty.io.grpc.internal.ManagedChannelOrphanWrapper.<init>(ManagedChannelOrphanWrapper.java:53)
	at org.apache.ratis.thirdparty.io.grpc.internal.ManagedChannelOrphanWrapper.<init>(ManagedChannelOrphanWrapper.java:44)
	at org.apache.ratis.thirdparty.io.grpc.internal.AbstractManagedChannelImplBuilder.build(AbstractManagedChannelImplBuilder.java:411)
	at org.apache.hadoop.hdds.scm.XceiverClientGrpc.connectToDatanode(XceiverClientGrpc.java:174)
	at org.apache.hadoop.hdds.scm.XceiverClientGrpc.reconnect(XceiverClientGrpc.java:422)
	at org.apache.hadoop.hdds.scm.XceiverClientGrpc.sendCommandAsync(XceiverClientGrpc.java:371)
	at org.apache.hadoop.hdds.scm.XceiverClientGrpc.sendCommandAsync(XceiverClientGrpc.java:346)
	at org.apache.hadoop.hdds.scm.storage.ContainerProtocolCalls.writeChunkAsync(ContainerProtocolCalls.java:310)
	at org.apache.hadoop.hdds.scm.storage.BlockOutputStream.writeChunkToContainer(BlockOutputStream.java:601)
	at org.apache.hadoop.hdds.scm.storage.BlockOutputStream.writeChunk(BlockOutputStream.java:459)
	at org.apache.hadoop.hdds.scm.storage.BlockOutputStream.handleFlush(BlockOutputStream.java:470)
	at org.apache.hadoop.hdds.scm.storage.BlockOutputStream.close(BlockOutputStream.java:493)
	at org.apache.hadoop.ozone.client.io.BlockOutputStreamEntry.close(BlockOutputStreamEntry.java:143)
	at org.apache.hadoop.ozone.client.io.KeyOutputStream.handleFlushOrClose(KeyOutputStream.java:434)
	at org.apache.hadoop.ozone.client.io.KeyOutputStream.close(KeyOutputStream.java:472)
	at org.apache.hadoop.ozone.client.io.OzoneOutputStream.close(OzoneOutputStream.java:60)
	at org.apache.hadoop.ozone.TestStorageContainerManagerHelper.createKeys(TestStorageContainerManagerHelper.java:102)
	at org.apache.hadoop.ozone.TestStorageContainerManager.testBlockDeletingThrottling(TestStorageContainerManager.java:338)
	at sun.reflect.NativeMethodAccessorImpl.invoke0(Native Method)
	at sun.reflect.NativeMethodAccessorImpl.invoke(NativeMethodAccessorImpl.java:62)
	at sun.reflect.DelegatingMethodAccessorImpl.invoke(DelegatingMethodAccessorImpl.java:43)
	at java.lang.reflect.Method.invoke(Method.java:498)
	at org.junit.runners.model.FrameworkMethod$1.runReflectiveCall(FrameworkMethod.java:47)
	at org.junit.internal.runners.model.ReflectiveCallable.run(ReflectiveCallable.java:12)
	at org.junit.runners.model.FrameworkMethod.invokeExplosively(FrameworkMethod.java:44)
	at org.junit.internal.runners.statements.InvokeMethod.evaluate(InvokeMethod.java:17)
	at org.junit.internal.runners.statements.FailOnTimeout$StatementThread.run(FailOnTimeout.java:74)

]]></system-err>
  </testcase>
  <testcase name="testRpcPermission" classname="org.apache.hadoop.ozone.TestStorageContainerManager" time="35.066"/>
  <testcase name="testSCMInitializationFailure" classname="org.apache.hadoop.ozone.TestStorageContainerManager" time="0.033"/>
  <testcase name="testSCMInitialization" classname="org.apache.hadoop.ozone.TestStorageContainerManager" time="0.036"/>
  <testcase name="testScmProcessDatanodeHeartbeat" classname="org.apache.hadoop.ozone.TestStorageContainerManager" time="29.321">
    <failure type="java.lang.AssertionError">java.lang.AssertionError
	at org.junit.Assert.fail(Assert.java:86)
	at org.junit.Assert.assertTrue(Assert.java:41)
	at org.junit.Assert.assertTrue(Assert.java:52)
	at org.apache.hadoop.ozone.TestStorageContainerManager.testScmProcessDatanodeHeartbeat(TestStorageContainerManager.java:531)
	at sun.reflect.NativeMethodAccessorImpl.invoke0(Native Method)
	at sun.reflect.NativeMethodAccessorImpl.invoke(NativeMethodAccessorImpl.java:62)
	at sun.reflect.DelegatingMethodAccessorImpl.invoke(DelegatingMethodAccessorImpl.java:43)
	at java.lang.reflect.Method.invoke(Method.java:498)
	at org.junit.runners.model.FrameworkMethod$1.runReflectiveCall(FrameworkMethod.java:47)
	at org.junit.internal.runners.model.ReflectiveCallable.run(ReflectiveCallable.java:12)
	at org.junit.runners.model.FrameworkMethod.invokeExplosively(FrameworkMethod.java:44)
	at org.junit.internal.runners.statements.InvokeMethod.evaluate(InvokeMethod.java:17)
	at org.junit.internal.runners.statements.FailOnTimeout$StatementThread.run(FailOnTimeout.java:74)
</failure>
    <system-out><![CDATA[2019-08-10 04:34:17,466 WARN  server.ServerUtils (ServerUtils.java:getScmDbDir(145)) - ozone.scm.db.dirs is not configured. We recommend adding this setting. Falling back to ozone.metadata.dirs instead.
2019-08-10 04:34:17,480 WARN  server.ServerUtils (ServerUtils.java:getScmDbDir(145)) - ozone.scm.db.dirs is not configured. We recommend adding this setting. Falling back to ozone.metadata.dirs instead.
2019-08-10 04:34:17,481 WARN  server.ServerUtils (ServerUtils.java:getScmDbDir(145)) - ozone.scm.db.dirs is not configured. We recommend adding this setting. Falling back to ozone.metadata.dirs instead.
2019-08-10 04:34:17,481 INFO  db.DBStoreBuilder (DBStoreBuilder.java:addTable(110)) - using custom profile for table: deletedBlocks
2019-08-10 04:34:17,481 INFO  db.DBStoreBuilder (DBStoreBuilder.java:processTables(161)) - Using default column profile:DBProfile.DISK for Table:deletedBlocks
2019-08-10 04:34:17,482 INFO  db.DBStoreBuilder (DBStoreBuilder.java:addTable(110)) - using custom profile for table: validCerts
2019-08-10 04:34:17,482 INFO  db.DBStoreBuilder (DBStoreBuilder.java:processTables(161)) - Using default column profile:DBProfile.DISK for Table:validCerts
2019-08-10 04:34:17,482 INFO  db.DBStoreBuilder (DBStoreBuilder.java:addTable(110)) - using custom profile for table: revokedCerts
2019-08-10 04:34:17,482 INFO  db.DBStoreBuilder (DBStoreBuilder.java:processTables(161)) - Using default column profile:DBProfile.DISK for Table:revokedCerts
2019-08-10 04:34:17,482 INFO  db.DBStoreBuilder (DBStoreBuilder.java:addTable(110)) - using custom profile for table: default
2019-08-10 04:34:17,483 INFO  db.DBStoreBuilder (DBStoreBuilder.java:processTables(167)) - Using default column profile:DBProfile.DISK for Table:default
2019-08-10 04:34:17,483 INFO  db.DBStoreBuilder (DBStoreBuilder.java:getDbProfile(198)) - Using default options. DBProfile.DISK
2019-08-10 04:34:17,733 INFO  net.NodeSchemaLoader (NodeSchemaLoader.java:loadSchemaFromFile(125)) - Loading file from sun.misc.CompoundEnumeration@4ec22ae0
2019-08-10 04:34:17,733 INFO  net.NodeSchemaLoader (NodeSchemaLoader.java:loadSchema(171)) - Loading network topology layer schema file
2019-08-10 04:34:17,739 WARN  server.ServerUtils (ServerUtils.java:sanitizeUserArgs(70)) - ozone.scm.stale.node.interval value = 300000 is larger than max = 100000 based on the key value of ozone.scm.heartbeat.thread.interval, reset to the max value 100000.
2019-08-10 04:34:17,739 WARN  server.ServerUtils (ServerUtils.java:sanitizeUserArgs(70)) - ozone.scm.stale.node.interval value = 300000 is larger than max = 100000 based on the key value of ozone.scm.heartbeat.thread.interval, reset to the max value 100000.
2019-08-10 04:34:17,739 INFO  node.SCMNodeManager (SCMNodeManager.java:<init>(121)) - Entering startup safe mode.
2019-08-10 04:34:17,740 INFO  Configuration.deprecation (Configuration.java:logDeprecation(1394)) - hadoop.configured.node.mapping is deprecated. Instead, use net.topology.configured.node.mapping
2019-08-10 04:34:17,741 WARN  server.ServerUtils (ServerUtils.java:getScmDbDir(145)) - ozone.scm.db.dirs is not configured. We recommend adding this setting. Falling back to ozone.metadata.dirs instead.
2019-08-10 04:34:17,818 INFO  pipeline.SCMPipelineManager (SCMPipelineManager.java:initializePipelineState(126)) - No pipeline exists in current db
2019-08-10 04:34:17,818 WARN  server.ServerUtils (ServerUtils.java:getScmDbDir(145)) - ozone.scm.db.dirs is not configured. We recommend adding this setting. Falling back to ozone.metadata.dirs instead.
2019-08-10 04:34:17,882 WARN  events.EventQueue (EventQueue.java:fireEvent(175)) - No event handler registered for event TypedEvent{payloadType=SafeModeStatus, name='SafeModeStatus'}
2019-08-10 04:34:17,883 INFO  ipc.CallQueueManager (CallQueueManager.java:<init>(84)) - Using callQueue: class java.util.concurrent.LinkedBlockingQueue, queueCapacity: 2000, scheduler: class org.apache.hadoop.ipc.DefaultRpcScheduler, ipcBackoff: false.
2019-08-10 04:34:17,884 INFO  ipc.Server (Server.java:run(1074)) - Starting Socket Reader #1 for port 35112
2019-08-10 04:34:17,888 INFO  ipc.CallQueueManager (CallQueueManager.java:<init>(84)) - Using callQueue: class java.util.concurrent.LinkedBlockingQueue, queueCapacity: 2000, scheduler: class org.apache.hadoop.ipc.DefaultRpcScheduler, ipcBackoff: false.
2019-08-10 04:34:17,889 INFO  ipc.Server (Server.java:run(1074)) - Starting Socket Reader #1 for port 40846
2019-08-10 04:34:17,891 INFO  ipc.CallQueueManager (CallQueueManager.java:<init>(84)) - Using callQueue: class java.util.concurrent.LinkedBlockingQueue, queueCapacity: 2000, scheduler: class org.apache.hadoop.ipc.DefaultRpcScheduler, ipcBackoff: false.
2019-08-10 04:34:17,892 INFO  ipc.Server (Server.java:run(1074)) - Starting Socket Reader #1 for port 44023
2019-08-10 04:34:17,895 INFO  hdfs.DFSUtil (DFSUtil.java:httpServerTemplateForNNAndJN(1641)) - Starting Web-server for scm at: http://0.0.0.0:0
2019-08-10 04:34:17,897 INFO  server.AuthenticationFilter (AuthenticationFilter.java:constructSecretProvider(240)) - Unable to initialize FileSignerSecretProvider, falling back to use random secrets.
2019-08-10 04:34:17,898 WARN  http.HttpRequestLog (HttpRequestLog.java:getRequestLog(97)) - Jetty request log can only be enabled using Log4j
2019-08-10 04:34:17,900 INFO  http.HttpServer2 (HttpServer2.java:addGlobalFilter(975)) - Added global filter 'safety' (class=org.apache.hadoop.http.HttpServer2$QuotingInputFilter)
2019-08-10 04:34:17,901 INFO  http.HttpServer2 (HttpServer2.java:addFilter(948)) - Added filter static_user_filter (class=org.apache.hadoop.http.lib.StaticUserWebFilter$StaticUserFilter) to context scm
2019-08-10 04:34:17,901 INFO  http.HttpServer2 (HttpServer2.java:addFilter(958)) - Added filter static_user_filter (class=org.apache.hadoop.http.lib.StaticUserWebFilter$StaticUserFilter) to context static
2019-08-10 04:34:17,902 INFO  http.HttpServer2 (HttpServer2.java:addFilter(958)) - Added filter static_user_filter (class=org.apache.hadoop.http.lib.StaticUserWebFilter$StaticUserFilter) to context logs
2019-08-10 04:34:17,904 INFO  server.StorageContainerManager (StorageContainerManager.java:start(759)) - StorageContainerLocationProtocol RPC server is listening at /0.0.0.0:44023
2019-08-10 04:34:17,906 WARN  impl.MetricsConfig (MetricsConfig.java:loadFirst(134)) - Cannot locate configuration: tried hadoop-metrics2-storagecontainermanager.properties,hadoop-metrics2.properties
2019-08-10 04:34:17,907 INFO  impl.MetricsSystemImpl (MetricsSystemImpl.java:startTimer(374)) - Scheduled Metric snapshot period at 10 second(s).
2019-08-10 04:34:17,907 INFO  impl.MetricsSystemImpl (MetricsSystemImpl.java:start(191)) - StorageContainerManager metrics system started
2019-08-10 04:34:18,058 INFO  server.SCMClientProtocolServer (SCMClientProtocolServer.java:start(151)) - RPC server for Client  is listening at /0.0.0.0:44023
2019-08-10 04:34:18,059 INFO  ipc.Server (Server.java:run(1314)) - IPC Server Responder: starting
2019-08-10 04:34:18,059 INFO  ipc.Server (Server.java:run(1153)) - IPC Server listener on 44023: starting
2019-08-10 04:34:18,065 INFO  server.StorageContainerManager (StorageContainerManager.java:start(769)) - ScmBlockLocationProtocol RPC server is listening at /0.0.0.0:40846
2019-08-10 04:34:18,066 INFO  server.SCMBlockProtocolServer (SCMBlockProtocolServer.java:start(140)) - RPC server for Block Protocol is listening at /0.0.0.0:40846
2019-08-10 04:34:18,066 INFO  ipc.Server (Server.java:run(1314)) - IPC Server Responder: starting
2019-08-10 04:34:18,066 INFO  ipc.Server (Server.java:run(1153)) - IPC Server listener on 40846: starting
2019-08-10 04:34:18,072 INFO  server.StorageContainerManager (StorageContainerManager.java:start(773)) - ScmDatanodeProtocl RPC server is listening at /0.0.0.0:35112
2019-08-10 04:34:18,072 INFO  server.SCMDatanodeProtocolServer (SCMDatanodeProtocolServer.java:start(191)) - RPC server for DataNodes is listening at /0.0.0.0:35112
2019-08-10 04:34:18,073 INFO  ipc.Server (Server.java:run(1314)) - IPC Server Responder: starting
2019-08-10 04:34:18,073 INFO  ipc.Server (Server.java:run(1153)) - IPC Server listener on 35112: starting
2019-08-10 04:34:18,079 INFO  http.HttpServer2 (HttpServer2.java:bindListener(1191)) - Jetty bound to port 33335
2019-08-10 04:34:18,079 INFO  server.Server (Server.java:doStart(351)) - jetty-9.3.24.v20180605, build timestamp: 2018-06-05T17:11:56Z, git hash: 84205aa28f11a4f31f2a3b86d1bba2cc8ab69827
2019-08-10 04:34:18,081 INFO  handler.ContextHandler (ContextHandler.java:doStart(781)) - Started o.e.j.s.ServletContextHandler@28ad2486{/logs,file:///workdir/hadoop-ozone/integration-test/target/log,AVAILABLE}
2019-08-10 04:34:18,082 INFO  handler.ContextHandler (ContextHandler.java:doStart(781)) - Started o.e.j.s.ServletContextHandler@2af19d19{/static,file:///workdir/hadoop-ozone/integration-test/target/test-classes/webapps/static,AVAILABLE}
2019-08-10 04:34:18,086 INFO  handler.ContextHandler (ContextHandler.java:doStart(781)) - Started o.e.j.w.WebAppContext@60c0d383{/,file:///workdir/hadoop-ozone/integration-test/target/test-classes/webapps/scm/,AVAILABLE}{/scm}
2019-08-10 04:34:18,086 INFO  server.AbstractConnector (AbstractConnector.java:doStart(278)) - Started ServerConnector@5c5b6ccf{HTTP/1.1,[http/1.1]}{0.0.0.0:33335}
2019-08-10 04:34:18,088 INFO  server.Server (Server.java:doStart(419)) - Started @82740ms
2019-08-10 04:34:18,089 INFO  server.BaseHttpServer (BaseHttpServer.java:updateConnectorAddress(207)) - HTTP server of SCM is listening at http://0.0.0.0:33335
2019-08-10 04:34:18,089 WARN  server.ServerUtils (ServerUtils.java:getDBPath(222)) - ozone.om.db.dirs is not configured. We recommend adding this setting. Falling back to ozone.metadata.dirs instead.
2019-08-10 04:34:18,095 INFO  util.JvmPauseMonitor (JvmPauseMonitor.java:run(188)) - Starting JVM pause monitor
2019-08-10 04:34:18,108 WARN  server.ServerUtils (ServerUtils.java:getDBPath(222)) - ozone.om.db.dirs is not configured. We recommend adding this setting. Falling back to ozone.metadata.dirs instead.
2019-08-10 04:34:18,108 WARN  server.ServerUtils (ServerUtils.java:getDBPath(222)) - ozone.om.db.dirs is not configured. We recommend adding this setting. Falling back to ozone.metadata.dirs instead.
2019-08-10 04:34:18,109 INFO  om.OzoneManager (OzoneManager.java:setOMNodeDetails(644)) - OM Service ID is not set. Setting it to the default ID: omServiceIdDefault
2019-08-10 04:34:18,109 INFO  om.OzoneManager (OzoneManager.java:setOMNodeDetails(650)) - OM Node ID is not set. Setting it to the OmStorage's OmID: f11d1c07-42ff-46b4-a816-7120d8e2b4c5
2019-08-10 04:34:18,109 INFO  om.OzoneManager (OzoneManager.java:loadOMHAConfigs(601)) - Found matching OM address with OMServiceId: null, OMNodeId: null, RPC Address: localhost:0 and Ratis port: 9872
2019-08-10 04:34:18,119 WARN  server.ServerUtils (ServerUtils.java:getDBPath(222)) - ozone.om.db.dirs is not configured. We recommend adding this setting. Falling back to ozone.metadata.dirs instead.
2019-08-10 04:34:18,119 INFO  db.DBStoreBuilder (DBStoreBuilder.java:addTable(110)) - using custom profile for table: userTable
2019-08-10 04:34:18,119 INFO  db.DBStoreBuilder (DBStoreBuilder.java:processTables(161)) - Using default column profile:DBProfile.DISK for Table:userTable
2019-08-10 04:34:18,120 INFO  db.DBStoreBuilder (DBStoreBuilder.java:addTable(110)) - using custom profile for table: volumeTable
2019-08-10 04:34:18,120 INFO  db.DBStoreBuilder (DBStoreBuilder.java:processTables(161)) - Using default column profile:DBProfile.DISK for Table:volumeTable
2019-08-10 04:34:18,120 INFO  db.DBStoreBuilder (DBStoreBuilder.java:addTable(110)) - using custom profile for table: bucketTable
2019-08-10 04:34:18,120 INFO  db.DBStoreBuilder (DBStoreBuilder.java:processTables(161)) - Using default column profile:DBProfile.DISK for Table:bucketTable
2019-08-10 04:34:18,120 INFO  db.DBStoreBuilder (DBStoreBuilder.java:addTable(110)) - using custom profile for table: keyTable
2019-08-10 04:34:18,120 INFO  db.DBStoreBuilder (DBStoreBuilder.java:processTables(161)) - Using default column profile:DBProfile.DISK for Table:keyTable
2019-08-10 04:34:18,120 INFO  db.DBStoreBuilder (DBStoreBuilder.java:addTable(110)) - using custom profile for table: deletedTable
2019-08-10 04:34:18,120 INFO  db.DBStoreBuilder (DBStoreBuilder.java:processTables(161)) - Using default column profile:DBProfile.DISK for Table:deletedTable
2019-08-10 04:34:18,121 INFO  db.DBStoreBuilder (DBStoreBuilder.java:addTable(110)) - using custom profile for table: openKeyTable
2019-08-10 04:34:18,121 INFO  db.DBStoreBuilder (DBStoreBuilder.java:processTables(161)) - Using default column profile:DBProfile.DISK for Table:openKeyTable
2019-08-10 04:34:18,121 INFO  db.DBStoreBuilder (DBStoreBuilder.java:addTable(110)) - using custom profile for table: s3Table
2019-08-10 04:34:18,121 INFO  db.DBStoreBuilder (DBStoreBuilder.java:processTables(161)) - Using default column profile:DBProfile.DISK for Table:s3Table
2019-08-10 04:34:18,121 INFO  db.DBStoreBuilder (DBStoreBuilder.java:addTable(110)) - using custom profile for table: multipartInfoTable
2019-08-10 04:34:18,121 INFO  db.DBStoreBuilder (DBStoreBuilder.java:processTables(161)) - Using default column profile:DBProfile.DISK for Table:multipartInfoTable
2019-08-10 04:34:18,121 INFO  db.DBStoreBuilder (DBStoreBuilder.java:addTable(110)) - using custom profile for table: dTokenTable
2019-08-10 04:34:18,122 INFO  db.DBStoreBuilder (DBStoreBuilder.java:processTables(161)) - Using default column profile:DBProfile.DISK for Table:dTokenTable
2019-08-10 04:34:18,122 INFO  db.DBStoreBuilder (DBStoreBuilder.java:addTable(110)) - using custom profile for table: s3SecretTable
2019-08-10 04:34:18,122 INFO  db.DBStoreBuilder (DBStoreBuilder.java:processTables(161)) - Using default column profile:DBProfile.DISK for Table:s3SecretTable
2019-08-10 04:34:18,122 INFO  db.DBStoreBuilder (DBStoreBuilder.java:addTable(110)) - using custom profile for table: prefixTable
2019-08-10 04:34:18,122 INFO  db.DBStoreBuilder (DBStoreBuilder.java:processTables(161)) - Using default column profile:DBProfile.DISK for Table:prefixTable
2019-08-10 04:34:18,122 INFO  db.DBStoreBuilder (DBStoreBuilder.java:addTable(110)) - using custom profile for table: default
2019-08-10 04:34:18,122 INFO  db.DBStoreBuilder (DBStoreBuilder.java:processTables(167)) - Using default column profile:DBProfile.DISK for Table:default
2019-08-10 04:34:18,122 INFO  db.DBStoreBuilder (DBStoreBuilder.java:getDbProfile(198)) - Using default options. DBProfile.DISK
2019-08-10 04:34:18,785 INFO  ipc.CallQueueManager (CallQueueManager.java:<init>(84)) - Using callQueue: class java.util.concurrent.LinkedBlockingQueue, queueCapacity: 2000, scheduler: class org.apache.hadoop.ipc.DefaultRpcScheduler, ipcBackoff: false.
2019-08-10 04:34:18,787 INFO  ipc.Server (Server.java:run(1074)) - Starting Socket Reader #1 for port 39672
2019-08-10 04:34:18,805 INFO  om.OzoneManager (OzoneManager.java:start(1255)) - OzoneManager RPC server is listening at localhost/127.0.0.1:39672
2019-08-10 04:34:18,805 INFO  impl.MetricsSystemImpl (MetricsSystemImpl.java:init(158)) - OzoneManager metrics system started (again)
2019-08-10 04:34:18,806 INFO  ipc.Server (Server.java:run(1314)) - IPC Server Responder: starting
2019-08-10 04:34:18,806 INFO  ipc.Server (Server.java:run(1153)) - IPC Server listener on 39672: starting
2019-08-10 04:34:18,813 INFO  hdfs.DFSUtil (DFSUtil.java:httpServerTemplateForNNAndJN(1641)) - Starting Web-server for ozoneManager at: http://0.0.0.0:0
2019-08-10 04:34:18,815 INFO  server.AuthenticationFilter (AuthenticationFilter.java:constructSecretProvider(240)) - Unable to initialize FileSignerSecretProvider, falling back to use random secrets.
2019-08-10 04:34:18,816 WARN  http.HttpRequestLog (HttpRequestLog.java:getRequestLog(97)) - Jetty request log can only be enabled using Log4j
2019-08-10 04:34:18,818 INFO  http.HttpServer2 (HttpServer2.java:addGlobalFilter(975)) - Added global filter 'safety' (class=org.apache.hadoop.http.HttpServer2$QuotingInputFilter)
2019-08-10 04:34:18,818 INFO  http.HttpServer2 (HttpServer2.java:addFilter(948)) - Added filter static_user_filter (class=org.apache.hadoop.http.lib.StaticUserWebFilter$StaticUserFilter) to context ozoneManager
2019-08-10 04:34:18,819 INFO  http.HttpServer2 (HttpServer2.java:addFilter(958)) - Added filter static_user_filter (class=org.apache.hadoop.http.lib.StaticUserWebFilter$StaticUserFilter) to context logs
2019-08-10 04:34:18,819 INFO  http.HttpServer2 (HttpServer2.java:addFilter(958)) - Added filter static_user_filter (class=org.apache.hadoop.http.lib.StaticUserWebFilter$StaticUserFilter) to context static
2019-08-10 04:34:18,820 INFO  http.HttpServer2 (HttpServer2.java:bindListener(1191)) - Jetty bound to port 32829
2019-08-10 04:34:18,820 INFO  server.Server (Server.java:doStart(351)) - jetty-9.3.24.v20180605, build timestamp: 2018-06-05T17:11:56Z, git hash: 84205aa28f11a4f31f2a3b86d1bba2cc8ab69827
2019-08-10 04:34:18,822 INFO  handler.ContextHandler (ContextHandler.java:doStart(781)) - Started o.e.j.s.ServletContextHandler@13763101{/logs,file:///workdir/hadoop-ozone/integration-test/target/log,AVAILABLE}
2019-08-10 04:34:18,823 INFO  handler.ContextHandler (ContextHandler.java:doStart(781)) - Started o.e.j.s.ServletContextHandler@5e792776{/static,file:///workdir/hadoop-ozone/integration-test/target/test-classes/webapps/static,AVAILABLE}
2019-08-10 04:34:18,829 INFO  handler.ContextHandler (ContextHandler.java:doStart(781)) - Started o.e.j.w.WebAppContext@1320fae5{/,file:///workdir/hadoop-ozone/integration-test/target/test-classes/webapps/ozoneManager/,AVAILABLE}{/ozoneManager}
2019-08-10 04:34:18,829 INFO  server.AbstractConnector (AbstractConnector.java:doStart(278)) - Started ServerConnector@45153d14{HTTP/1.1,[http/1.1]}{0.0.0.0:32829}
2019-08-10 04:34:18,832 INFO  server.Server (Server.java:doStart(419)) - Started @83484ms
2019-08-10 04:34:18,833 INFO  server.BaseHttpServer (BaseHttpServer.java:updateConnectorAddress(207)) - HTTP server of OZONEMANAGER is listening at http://0.0.0.0:32829
2019-08-10 04:34:18,843 INFO  impl.MetricsSystemImpl (MetricsSystemImpl.java:init(158)) - HddsDatanode metrics system started (again)
2019-08-10 04:34:18,854 INFO  ozone.HddsDatanodeService (HddsDatanodeService.java:start(184)) - HddsDatanodeService host:byscane-nightly-wggqd-62853239 ip:192.168.157.255
2019-08-10 04:34:18,865 INFO  volume.HddsVolume (HddsVolume.java:<init>(176)) - Creating Volume: /workdir/hadoop-ozone/integration-test/target/test-dir/MiniOzoneClusterImpl-e14518e7-7c05-4725-b9bd-3e4fe7c8a64b/datanode-0/data/containers/hdds of  storage type : DISK and capacity : 52710309888
2019-08-10 04:34:18,866 INFO  volume.VolumeSet (VolumeSet.java:initializeVolumeSet(170)) - Added Volume : /workdir/hadoop-ozone/integration-test/target/test-dir/MiniOzoneClusterImpl-e14518e7-7c05-4725-b9bd-3e4fe7c8a64b/datanode-0/data/containers/hdds to VolumeSet
2019-08-10 04:34:18,866 INFO  volume.ThrottledAsyncChecker (ThrottledAsyncChecker.java:schedule(140)) - Scheduling a check for org.apache.hadoop.ozone.container.common.volume.HddsVolume@4444828f
2019-08-10 04:34:18,866 INFO  volume.HddsVolumeChecker (HddsVolumeChecker.java:checkAllVolumes(203)) - Scheduled health check for volume org.apache.hadoop.ozone.container.common.volume.HddsVolume@4444828f
2019-08-10 04:34:18,888 INFO  impl.RaftServerProxy (ConfUtils.java:logGet(43)) - raft.rpc.type = GRPC (default)
2019-08-10 04:34:18,889 INFO  grpc.GrpcFactory (GrpcFactory.java:checkPooledByteBufAllocatorUseCacheForAllThreads(45)) - PERFORMANCE WARNING: useCacheForAllThreads is true that may cause Netty to create a lot garbage objects and, as a result, trigger GC.
	It is recommended to disable useCacheForAllThreads by setting -Dorg.apache.ratis.thirdparty.io.netty.allocator.useCacheForAllThreads=false in command line.
2019-08-10 04:34:18,889 INFO  grpc.GrpcConfigKeys$Server (ConfUtils.java:logGet(43)) - raft.grpc.server.port = 0 (default)
2019-08-10 04:34:18,889 INFO  server.GrpcService (ConfUtils.java:logGet(43)) - raft.grpc.message.size.max = 33570816 (custom)
2019-08-10 04:34:18,889 INFO  server.RaftServerConfigKeys (ConfUtils.java:logGet(43)) - raft.server.log.appender.buffer.byte-limit = 33554432 (custom)
2019-08-10 04:34:18,890 INFO  server.GrpcService (ConfUtils.java:logGet(43)) - raft.grpc.flow.control.window = 1MB (=1048576) (default)
2019-08-10 04:34:18,890 INFO  server.RaftServerConfigKeys (ConfUtils.java:logGet(43)) - raft.server.rpc.request.timeout = 3000ms (default)
2019-08-10 04:34:18,890 INFO  server.RaftServerConfigKeys (ConfUtils.java:logGet(43)) - raft.server.storage.dir = [/workdir/hadoop-ozone/integration-test/target/test-dir/MiniOzoneClusterImpl-e14518e7-7c05-4725-b9bd-3e4fe7c8a64b/datanode-0/data/ratis] (custom)
2019-08-10 04:34:18,891 INFO  replication.SimpleContainerDownloader (SimpleContainerDownloader.java:<init>(72)) - Starting container downloader service to copy containers to replicate.
2019-08-10 04:34:18,892 INFO  hdfs.DFSUtil (DFSUtil.java:httpServerTemplateForNNAndJN(1641)) - Starting Web-server for hddsDatanode at: http://0.0.0.0:0
2019-08-10 04:34:18,894 INFO  server.AuthenticationFilter (AuthenticationFilter.java:constructSecretProvider(240)) - Unable to initialize FileSignerSecretProvider, falling back to use random secrets.
2019-08-10 04:34:18,894 WARN  http.HttpRequestLog (HttpRequestLog.java:getRequestLog(97)) - Jetty request log can only be enabled using Log4j
2019-08-10 04:34:18,896 INFO  http.HttpServer2 (HttpServer2.java:addGlobalFilter(975)) - Added global filter 'safety' (class=org.apache.hadoop.http.HttpServer2$QuotingInputFilter)
2019-08-10 04:34:18,896 INFO  http.HttpServer2 (HttpServer2.java:addFilter(948)) - Added filter static_user_filter (class=org.apache.hadoop.http.lib.StaticUserWebFilter$StaticUserFilter) to context hddsDatanode
2019-08-10 04:34:18,896 INFO  http.HttpServer2 (HttpServer2.java:addFilter(958)) - Added filter static_user_filter (class=org.apache.hadoop.http.lib.StaticUserWebFilter$StaticUserFilter) to context static
2019-08-10 04:34:18,896 INFO  http.HttpServer2 (HttpServer2.java:addFilter(958)) - Added filter static_user_filter (class=org.apache.hadoop.http.lib.StaticUserWebFilter$StaticUserFilter) to context logs
2019-08-10 04:34:18,897 INFO  http.HttpServer2 (HttpServer2.java:bindListener(1191)) - Jetty bound to port 33347
2019-08-10 04:34:18,897 INFO  server.Server (Server.java:doStart(351)) - jetty-9.3.24.v20180605, build timestamp: 2018-06-05T17:11:56Z, git hash: 84205aa28f11a4f31f2a3b86d1bba2cc8ab69827
2019-08-10 04:34:18,900 INFO  handler.ContextHandler (ContextHandler.java:doStart(781)) - Started o.e.j.s.ServletContextHandler@11a79f05{/logs,file:///workdir/hadoop-ozone/integration-test/target/log,AVAILABLE}
2019-08-10 04:34:18,901 INFO  handler.ContextHandler (ContextHandler.java:doStart(781)) - Started o.e.j.s.ServletContextHandler@4a8de5dc{/static,jar:file:/home/user/.m2/repository/org/apache/hadoop/hadoop-hdds-container-service/0.4.1-SNAPSHOT/hadoop-hdds-container-service-0.4.1-SNAPSHOT.jar!/webapps/static,AVAILABLE}
2019-08-10 04:34:18,935 INFO  handler.ContextHandler (ContextHandler.java:doStart(781)) - Started o.e.j.w.WebAppContext@3d2bae5b{/,file:///tmp/jetty-0.0.0.0-33347-hddsDatanode-_-any-8909598700507881013.dir/webapp/,AVAILABLE}{/hddsDatanode}
2019-08-10 04:34:18,935 INFO  server.AbstractConnector (AbstractConnector.java:doStart(278)) - Started ServerConnector@7295b3c9{HTTP/1.1,[http/1.1]}{0.0.0.0:33347}
2019-08-10 04:34:18,937 INFO  server.Server (Server.java:doStart(419)) - Started @83590ms
2019-08-10 04:34:18,938 INFO  server.BaseHttpServer (BaseHttpServer.java:updateConnectorAddress(207)) - HTTP server of HDDSDATANODE is listening at http://0.0.0.0:33347
2019-08-10 04:34:19,048 INFO  ozone.HddsDatanodeService (HddsDatanodeService.java:startPlugins(395)) - Started plug-in org.apache.hadoop.ozone.web.OzoneHddsDatanodeService@204cede6
2019-08-10 04:34:19,049 INFO  impl.MetricsSystemImpl (MetricsSystemImpl.java:init(158)) - HddsDatanode metrics system started (again)
2019-08-10 04:34:19,059 INFO  util.JvmPauseMonitor (JvmPauseMonitor.java:run(188)) - Starting JVM pause monitor
2019-08-10 04:34:19,060 INFO  ozone.HddsDatanodeService (HddsDatanodeService.java:start(184)) - HddsDatanodeService host:byscane-nightly-wggqd-62853239 ip:192.168.157.255
2019-08-10 04:34:19,061 INFO  datanode.InitDatanodeState (InitDatanodeState.java:persistContainerDatanodeDetails(140)) - DatanodeDetails is persisted to /workdir/hadoop-ozone/integration-test/target/test-dir/MiniOzoneClusterImpl-e14518e7-7c05-4725-b9bd-3e4fe7c8a64b/datanode-0/meta/datanode.id
2019-08-10 04:34:19,069 INFO  volume.HddsVolume (HddsVolume.java:<init>(176)) - Creating Volume: /workdir/hadoop-ozone/integration-test/target/test-dir/MiniOzoneClusterImpl-e14518e7-7c05-4725-b9bd-3e4fe7c8a64b/datanode-1/data/containers/hdds of  storage type : DISK and capacity : 52710309888
2019-08-10 04:34:19,070 INFO  volume.VolumeSet (VolumeSet.java:initializeVolumeSet(170)) - Added Volume : /workdir/hadoop-ozone/integration-test/target/test-dir/MiniOzoneClusterImpl-e14518e7-7c05-4725-b9bd-3e4fe7c8a64b/datanode-1/data/containers/hdds to VolumeSet
2019-08-10 04:34:19,070 INFO  volume.ThrottledAsyncChecker (ThrottledAsyncChecker.java:schedule(140)) - Scheduling a check for org.apache.hadoop.ozone.container.common.volume.HddsVolume@5d9c872a
2019-08-10 04:34:19,070 INFO  volume.HddsVolumeChecker (HddsVolumeChecker.java:checkAllVolumes(203)) - Scheduled health check for volume org.apache.hadoop.ozone.container.common.volume.HddsVolume@5d9c872a
2019-08-10 04:34:19,087 INFO  impl.RaftServerProxy (ConfUtils.java:logGet(43)) - raft.rpc.type = GRPC (default)
2019-08-10 04:34:19,087 INFO  grpc.GrpcFactory (GrpcFactory.java:checkPooledByteBufAllocatorUseCacheForAllThreads(45)) - PERFORMANCE WARNING: useCacheForAllThreads is true that may cause Netty to create a lot garbage objects and, as a result, trigger GC.
	It is recommended to disable useCacheForAllThreads by setting -Dorg.apache.ratis.thirdparty.io.netty.allocator.useCacheForAllThreads=false in command line.
2019-08-10 04:34:19,087 INFO  grpc.GrpcConfigKeys$Server (ConfUtils.java:logGet(43)) - raft.grpc.server.port = 0 (default)
2019-08-10 04:34:19,088 INFO  server.GrpcService (ConfUtils.java:logGet(43)) - raft.grpc.message.size.max = 33570816 (custom)
2019-08-10 04:34:19,088 INFO  server.RaftServerConfigKeys (ConfUtils.java:logGet(43)) - raft.server.log.appender.buffer.byte-limit = 33554432 (custom)
2019-08-10 04:34:19,088 INFO  server.GrpcService (ConfUtils.java:logGet(43)) - raft.grpc.flow.control.window = 1MB (=1048576) (default)
2019-08-10 04:34:19,088 INFO  server.RaftServerConfigKeys (ConfUtils.java:logGet(43)) - raft.server.rpc.request.timeout = 3000ms (default)
2019-08-10 04:34:19,088 INFO  server.RaftServerConfigKeys (ConfUtils.java:logGet(43)) - raft.server.storage.dir = [/workdir/hadoop-ozone/integration-test/target/test-dir/MiniOzoneClusterImpl-e14518e7-7c05-4725-b9bd-3e4fe7c8a64b/datanode-1/data/ratis] (custom)
2019-08-10 04:34:19,089 INFO  replication.SimpleContainerDownloader (SimpleContainerDownloader.java:<init>(72)) - Starting container downloader service to copy containers to replicate.
2019-08-10 04:34:19,090 INFO  hdfs.DFSUtil (DFSUtil.java:httpServerTemplateForNNAndJN(1641)) - Starting Web-server for hddsDatanode at: http://0.0.0.0:0
2019-08-10 04:34:19,091 INFO  server.AuthenticationFilter (AuthenticationFilter.java:constructSecretProvider(240)) - Unable to initialize FileSignerSecretProvider, falling back to use random secrets.
2019-08-10 04:34:19,091 WARN  http.HttpRequestLog (HttpRequestLog.java:getRequestLog(97)) - Jetty request log can only be enabled using Log4j
2019-08-10 04:34:19,092 INFO  http.HttpServer2 (HttpServer2.java:addGlobalFilter(975)) - Added global filter 'safety' (class=org.apache.hadoop.http.HttpServer2$QuotingInputFilter)
2019-08-10 04:34:19,093 INFO  http.HttpServer2 (HttpServer2.java:addFilter(948)) - Added filter static_user_filter (class=org.apache.hadoop.http.lib.StaticUserWebFilter$StaticUserFilter) to context hddsDatanode
2019-08-10 04:34:19,093 INFO  http.HttpServer2 (HttpServer2.java:addFilter(958)) - Added filter static_user_filter (class=org.apache.hadoop.http.lib.StaticUserWebFilter$StaticUserFilter) to context logs
2019-08-10 04:34:19,093 INFO  http.HttpServer2 (HttpServer2.java:addFilter(958)) - Added filter static_user_filter (class=org.apache.hadoop.http.lib.StaticUserWebFilter$StaticUserFilter) to context static
2019-08-10 04:34:19,093 INFO  http.HttpServer2 (HttpServer2.java:bindListener(1191)) - Jetty bound to port 34055
2019-08-10 04:34:19,094 INFO  server.Server (Server.java:doStart(351)) - jetty-9.3.24.v20180605, build timestamp: 2018-06-05T17:11:56Z, git hash: 84205aa28f11a4f31f2a3b86d1bba2cc8ab69827
2019-08-10 04:34:19,095 INFO  handler.ContextHandler (ContextHandler.java:doStart(781)) - Started o.e.j.s.ServletContextHandler@2dc1b684{/logs,file:///workdir/hadoop-ozone/integration-test/target/log,AVAILABLE}
2019-08-10 04:34:19,096 INFO  handler.ContextHandler (ContextHandler.java:doStart(781)) - Started o.e.j.s.ServletContextHandler@77a4dd6c{/static,jar:file:/home/user/.m2/repository/org/apache/hadoop/hadoop-hdds-container-service/0.4.1-SNAPSHOT/hadoop-hdds-container-service-0.4.1-SNAPSHOT.jar!/webapps/static,AVAILABLE}
2019-08-10 04:34:19,122 INFO  handler.ContextHandler (ContextHandler.java:doStart(781)) - Started o.e.j.w.WebAppContext@33f2fdca{/,file:///tmp/jetty-0.0.0.0-34055-hddsDatanode-_-any-8449841974953441004.dir/webapp/,AVAILABLE}{/hddsDatanode}
2019-08-10 04:34:19,122 INFO  server.AbstractConnector (AbstractConnector.java:doStart(278)) - Started ServerConnector@329bc468{HTTP/1.1,[http/1.1]}{0.0.0.0:34055}
2019-08-10 04:34:19,124 INFO  server.Server (Server.java:doStart(419)) - Started @83776ms
2019-08-10 04:34:19,125 INFO  server.BaseHttpServer (BaseHttpServer.java:updateConnectorAddress(207)) - HTTP server of HDDSDATANODE is listening at http://0.0.0.0:34055
2019-08-10 04:34:19,228 INFO  ozone.HddsDatanodeService (HddsDatanodeService.java:startPlugins(395)) - Started plug-in org.apache.hadoop.ozone.web.OzoneHddsDatanodeService@1070a3e4
2019-08-10 04:34:19,228 INFO  impl.MetricsSystemImpl (MetricsSystemImpl.java:init(158)) - HddsDatanode metrics system started (again)
2019-08-10 04:34:19,240 INFO  ozone.HddsDatanodeService (HddsDatanodeService.java:start(184)) - HddsDatanodeService host:byscane-nightly-wggqd-62853239 ip:192.168.157.255
2019-08-10 04:34:19,240 INFO  util.JvmPauseMonitor (JvmPauseMonitor.java:run(188)) - Starting JVM pause monitor
2019-08-10 04:34:19,241 INFO  datanode.InitDatanodeState (InitDatanodeState.java:persistContainerDatanodeDetails(140)) - DatanodeDetails is persisted to /workdir/hadoop-ozone/integration-test/target/test-dir/MiniOzoneClusterImpl-e14518e7-7c05-4725-b9bd-3e4fe7c8a64b/datanode-1/meta/datanode.id
2019-08-10 04:34:19,249 INFO  volume.HddsVolume (HddsVolume.java:<init>(176)) - Creating Volume: /workdir/hadoop-ozone/integration-test/target/test-dir/MiniOzoneClusterImpl-e14518e7-7c05-4725-b9bd-3e4fe7c8a64b/datanode-2/data/containers/hdds of  storage type : DISK and capacity : 52710309888
2019-08-10 04:34:19,250 INFO  volume.VolumeSet (VolumeSet.java:initializeVolumeSet(170)) - Added Volume : /workdir/hadoop-ozone/integration-test/target/test-dir/MiniOzoneClusterImpl-e14518e7-7c05-4725-b9bd-3e4fe7c8a64b/datanode-2/data/containers/hdds to VolumeSet
2019-08-10 04:34:19,250 INFO  volume.ThrottledAsyncChecker (ThrottledAsyncChecker.java:schedule(140)) - Scheduling a check for org.apache.hadoop.ozone.container.common.volume.HddsVolume@722bff10
2019-08-10 04:34:19,250 INFO  volume.HddsVolumeChecker (HddsVolumeChecker.java:checkAllVolumes(203)) - Scheduled health check for volume org.apache.hadoop.ozone.container.common.volume.HddsVolume@722bff10
2019-08-10 04:34:19,266 INFO  impl.RaftServerProxy (ConfUtils.java:logGet(43)) - raft.rpc.type = GRPC (default)
2019-08-10 04:34:19,266 INFO  grpc.GrpcFactory (GrpcFactory.java:checkPooledByteBufAllocatorUseCacheForAllThreads(45)) - PERFORMANCE WARNING: useCacheForAllThreads is true that may cause Netty to create a lot garbage objects and, as a result, trigger GC.
	It is recommended to disable useCacheForAllThreads by setting -Dorg.apache.ratis.thirdparty.io.netty.allocator.useCacheForAllThreads=false in command line.
2019-08-10 04:34:19,267 INFO  grpc.GrpcConfigKeys$Server (ConfUtils.java:logGet(43)) - raft.grpc.server.port = 0 (default)
2019-08-10 04:34:19,267 INFO  server.GrpcService (ConfUtils.java:logGet(43)) - raft.grpc.message.size.max = 33570816 (custom)
2019-08-10 04:34:19,267 INFO  server.RaftServerConfigKeys (ConfUtils.java:logGet(43)) - raft.server.log.appender.buffer.byte-limit = 33554432 (custom)
2019-08-10 04:34:19,267 INFO  server.GrpcService (ConfUtils.java:logGet(43)) - raft.grpc.flow.control.window = 1MB (=1048576) (default)
2019-08-10 04:34:19,267 INFO  server.RaftServerConfigKeys (ConfUtils.java:logGet(43)) - raft.server.rpc.request.timeout = 3000ms (default)
2019-08-10 04:34:19,268 INFO  server.RaftServerConfigKeys (ConfUtils.java:logGet(43)) - raft.server.storage.dir = [/workdir/hadoop-ozone/integration-test/target/test-dir/MiniOzoneClusterImpl-e14518e7-7c05-4725-b9bd-3e4fe7c8a64b/datanode-2/data/ratis] (custom)
2019-08-10 04:34:19,268 INFO  replication.SimpleContainerDownloader (SimpleContainerDownloader.java:<init>(72)) - Starting container downloader service to copy containers to replicate.
2019-08-10 04:34:19,269 INFO  hdfs.DFSUtil (DFSUtil.java:httpServerTemplateForNNAndJN(1641)) - Starting Web-server for hddsDatanode at: http://0.0.0.0:0
2019-08-10 04:34:19,270 INFO  server.AuthenticationFilter (AuthenticationFilter.java:constructSecretProvider(240)) - Unable to initialize FileSignerSecretProvider, falling back to use random secrets.
2019-08-10 04:34:19,270 WARN  http.HttpRequestLog (HttpRequestLog.java:getRequestLog(97)) - Jetty request log can only be enabled using Log4j
2019-08-10 04:34:19,271 INFO  http.HttpServer2 (HttpServer2.java:addGlobalFilter(975)) - Added global filter 'safety' (class=org.apache.hadoop.http.HttpServer2$QuotingInputFilter)
2019-08-10 04:34:19,272 INFO  http.HttpServer2 (HttpServer2.java:addFilter(948)) - Added filter static_user_filter (class=org.apache.hadoop.http.lib.StaticUserWebFilter$StaticUserFilter) to context hddsDatanode
2019-08-10 04:34:19,272 INFO  http.HttpServer2 (HttpServer2.java:addFilter(958)) - Added filter static_user_filter (class=org.apache.hadoop.http.lib.StaticUserWebFilter$StaticUserFilter) to context static
2019-08-10 04:34:19,272 INFO  http.HttpServer2 (HttpServer2.java:addFilter(958)) - Added filter static_user_filter (class=org.apache.hadoop.http.lib.StaticUserWebFilter$StaticUserFilter) to context logs
2019-08-10 04:34:19,272 INFO  http.HttpServer2 (HttpServer2.java:bindListener(1191)) - Jetty bound to port 38999
2019-08-10 04:34:19,273 INFO  server.Server (Server.java:doStart(351)) - jetty-9.3.24.v20180605, build timestamp: 2018-06-05T17:11:56Z, git hash: 84205aa28f11a4f31f2a3b86d1bba2cc8ab69827
2019-08-10 04:34:19,274 INFO  handler.ContextHandler (ContextHandler.java:doStart(781)) - Started o.e.j.s.ServletContextHandler@df9758d{/logs,file:///workdir/hadoop-ozone/integration-test/target/log,AVAILABLE}
2019-08-10 04:34:19,275 INFO  handler.ContextHandler (ContextHandler.java:doStart(781)) - Started o.e.j.s.ServletContextHandler@6a9eef3e{/static,jar:file:/home/user/.m2/repository/org/apache/hadoop/hadoop-hdds-container-service/0.4.1-SNAPSHOT/hadoop-hdds-container-service-0.4.1-SNAPSHOT.jar!/webapps/static,AVAILABLE}
2019-08-10 04:34:19,301 INFO  handler.ContextHandler (ContextHandler.java:doStart(781)) - Started o.e.j.w.WebAppContext@446e5ac{/,file:///tmp/jetty-0.0.0.0-38999-hddsDatanode-_-any-6243856478917464203.dir/webapp/,AVAILABLE}{/hddsDatanode}
2019-08-10 04:34:19,302 INFO  server.AbstractConnector (AbstractConnector.java:doStart(278)) - Started ServerConnector@87288c9{HTTP/1.1,[http/1.1]}{0.0.0.0:38999}
2019-08-10 04:34:19,303 INFO  server.Server (Server.java:doStart(419)) - Started @83956ms
2019-08-10 04:34:19,304 INFO  server.BaseHttpServer (BaseHttpServer.java:updateConnectorAddress(207)) - HTTP server of HDDSDATANODE is listening at http://0.0.0.0:38999
2019-08-10 04:34:19,405 INFO  ozone.HddsDatanodeService (HddsDatanodeService.java:startPlugins(395)) - Started plug-in org.apache.hadoop.ozone.web.OzoneHddsDatanodeService@59606b35
2019-08-10 04:34:19,406 INFO  ozone.MiniOzoneClusterImpl (MiniOzoneClusterImpl.java:lambda$waitForClusterToBeReady$0(142)) - Waiting for cluster to be ready. Got 0 of 3 DN Heartbeats.
2019-08-10 04:34:19,416 INFO  util.JvmPauseMonitor (JvmPauseMonitor.java:run(188)) - Starting JVM pause monitor
2019-08-10 04:34:19,422 INFO  datanode.InitDatanodeState (InitDatanodeState.java:persistContainerDatanodeDetails(140)) - DatanodeDetails is persisted to /workdir/hadoop-ozone/integration-test/target/test-dir/MiniOzoneClusterImpl-e14518e7-7c05-4725-b9bd-3e4fe7c8a64b/datanode-2/meta/datanode.id
2019-08-10 04:34:20,406 INFO  ozone.MiniOzoneClusterImpl (MiniOzoneClusterImpl.java:lambda$waitForClusterToBeReady$0(142)) - Waiting for cluster to be ready. Got 0 of 3 DN Heartbeats.
2019-08-10 04:34:21,084 INFO  ozoneimpl.OzoneContainer (OzoneContainer.java:start(186)) - Attempting to start container services.
2019-08-10 04:34:21,085 INFO  ozoneimpl.OzoneContainer (OzoneContainer.java:startContainerScrub(160)) - Background container scrubber has been disabled by hdds.containerscrub.enabled
2019-08-10 04:34:21,085 INFO  ratis.XceiverServerRatis (XceiverServerRatis.java:start(404)) - Starting XceiverServerRatis 8add1a91-2eca-454b-9713-01a48f709971 at port 0
2019-08-10 04:34:21,093 INFO  impl.RaftServerProxy (RaftServerProxy.java:lambda$start$3(299)) - 8add1a91-2eca-454b-9713-01a48f709971: start RPC server
2019-08-10 04:34:21,108 INFO  server.GrpcService (GrpcService.java:startImpl(149)) - 8add1a91-2eca-454b-9713-01a48f709971: GrpcService started, listening on 0.0.0.0/0.0.0.0:36090
2019-08-10 04:34:21,108 INFO  ratis.XceiverServerRatis (XceiverServerRatis.java:start(414)) - XceiverServerRatis 8add1a91-2eca-454b-9713-01a48f709971 is started using port 36090
2019-08-10 04:34:21,113 INFO  server.XceiverServerGrpc (XceiverServerGrpc.java:start(161)) - XceiverServerGrpc 8add1a91-2eca-454b-9713-01a48f709971 is started using port 34943
2019-08-10 04:34:21,266 INFO  ozoneimpl.OzoneContainer (OzoneContainer.java:start(186)) - Attempting to start container services.
2019-08-10 04:34:21,266 INFO  ozoneimpl.OzoneContainer (OzoneContainer.java:startContainerScrub(160)) - Background container scrubber has been disabled by hdds.containerscrub.enabled
2019-08-10 04:34:21,266 INFO  ratis.XceiverServerRatis (XceiverServerRatis.java:start(404)) - Starting XceiverServerRatis 3b0fba73-fe05-4ed2-8d61-38b6266e7743 at port 0
2019-08-10 04:34:21,274 INFO  impl.RaftServerProxy (RaftServerProxy.java:lambda$start$3(299)) - 3b0fba73-fe05-4ed2-8d61-38b6266e7743: start RPC server
2019-08-10 04:34:21,278 INFO  server.GrpcService (GrpcService.java:startImpl(149)) - 3b0fba73-fe05-4ed2-8d61-38b6266e7743: GrpcService started, listening on 0.0.0.0/0.0.0.0:46207
2019-08-10 04:34:21,278 INFO  ratis.XceiverServerRatis (XceiverServerRatis.java:start(414)) - XceiverServerRatis 3b0fba73-fe05-4ed2-8d61-38b6266e7743 is started using port 46207
2019-08-10 04:34:21,283 INFO  server.XceiverServerGrpc (XceiverServerGrpc.java:start(161)) - XceiverServerGrpc 3b0fba73-fe05-4ed2-8d61-38b6266e7743 is started using port 45032
2019-08-10 04:34:21,407 INFO  ozone.MiniOzoneClusterImpl (MiniOzoneClusterImpl.java:lambda$waitForClusterToBeReady$0(142)) - Waiting for cluster to be ready. Got 0 of 3 DN Heartbeats.
2019-08-10 04:34:21,433 INFO  ozoneimpl.OzoneContainer (OzoneContainer.java:start(186)) - Attempting to start container services.
2019-08-10 04:34:21,433 INFO  ozoneimpl.OzoneContainer (OzoneContainer.java:startContainerScrub(160)) - Background container scrubber has been disabled by hdds.containerscrub.enabled
2019-08-10 04:34:21,433 INFO  ratis.XceiverServerRatis (XceiverServerRatis.java:start(404)) - Starting XceiverServerRatis 67699208-93c3-4330-afb1-74595a28d634 at port 0
2019-08-10 04:34:21,441 INFO  impl.RaftServerProxy (RaftServerProxy.java:lambda$start$3(299)) - 67699208-93c3-4330-afb1-74595a28d634: start RPC server
2019-08-10 04:34:21,444 INFO  server.GrpcService (GrpcService.java:startImpl(149)) - 67699208-93c3-4330-afb1-74595a28d634: GrpcService started, listening on 0.0.0.0/0.0.0.0:43030
2019-08-10 04:34:21,444 INFO  ratis.XceiverServerRatis (XceiverServerRatis.java:start(414)) - XceiverServerRatis 67699208-93c3-4330-afb1-74595a28d634 is started using port 43030
2019-08-10 04:34:21,457 INFO  server.XceiverServerGrpc (XceiverServerGrpc.java:start(161)) - XceiverServerGrpc 67699208-93c3-4330-afb1-74595a28d634 is started using port 41505
2019-08-10 04:34:22,407 INFO  ozone.MiniOzoneClusterImpl (MiniOzoneClusterImpl.java:lambda$waitForClusterToBeReady$0(142)) - Waiting for cluster to be ready. Got 0 of 3 DN Heartbeats.
2019-08-10 04:34:23,068 INFO  net.NetworkTopology (NetworkTopologyImpl.java:add(110)) - Added a new node: /default-rack/8add1a91-2eca-454b-9713-01a48f709971
2019-08-10 04:34:23,071 INFO  node.SCMNodeManager (SCMNodeManager.java:register(273)) - Registered Data node : 8add1a91-2eca-454b-9713-01a48f709971{ip: 192.168.157.255, host: byscane-nightly-wggqd-62853239, networkLocation: /default-rack, certSerialId: null}
2019-08-10 04:34:23,072 INFO  safemode.SCMSafeModeManager (DataNodeSafeModeRule.java:process(71)) - SCM in safe mode. 1 DataNodes registered, 1 required.
2019-08-10 04:34:23,075 INFO  safemode.SCMSafeModeManager (SCMSafeModeManager.java:validateSafeModeExitRules(177)) - ScmSafeModeManager, all rules are successfully validated
2019-08-10 04:34:23,075 INFO  safemode.SCMSafeModeManager (SCMSafeModeManager.java:exitSafeMode(193)) - SCM exiting safe mode.
2019-08-10 04:34:23,101 INFO  impl.RaftServerProxy (RaftServerProxy.java:addNew(89)) - 8add1a91-2eca-454b-9713-01a48f709971: addNew group-38A957315D61:[8add1a91-2eca-454b-9713-01a48f709971:192.168.157.255:36090] returns group-38A957315D61:java.util.concurrent.CompletableFuture@363ef1b4[Not completed]
2019-08-10 04:34:23,107 INFO  impl.RaftServerImpl (RaftServerImpl.java:<init>(93)) - 8add1a91-2eca-454b-9713-01a48f709971: new RaftServerImpl for group-38A957315D61:[8add1a91-2eca-454b-9713-01a48f709971:192.168.157.255:36090] with ContainerStateMachine:uninitialized
2019-08-10 04:34:23,107 INFO  server.RaftServerConfigKeys (ConfUtils.java:logGet(43)) - raft.server.rpc.timeout.min = 5s (custom)
2019-08-10 04:34:23,107 INFO  server.RaftServerConfigKeys (ConfUtils.java:logGet(43)) - raft.server.rpc.timeout.max = 5200ms (custom)
2019-08-10 04:34:23,107 INFO  server.RaftServerConfigKeys (ConfUtils.java:logGet(43)) - raft.server.rpcslowness.timeout = 120s (custom)
2019-08-10 04:34:23,108 INFO  server.RaftServerConfigKeys (ConfUtils.java:logGet(43)) - raft.server.sleep.deviation.threshold = 300 (default)
2019-08-10 04:34:23,108 INFO  server.RaftServerConfigKeys (ConfUtils.java:logGet(43)) - raft.server.log.appender.install.snapshot.enabled = false (custom)
2019-08-10 04:34:23,108 INFO  impl.RaftServerImpl (ServerState.java:<init>(105)) - 8add1a91-2eca-454b-9713-01a48f709971:group-38A957315D61 ConfigurationManager, init=-1: [8add1a91-2eca-454b-9713-01a48f709971:192.168.157.255:36090], old=null, confs=<EMPTY_MAP>
2019-08-10 04:34:23,108 INFO  server.RaftServerConfigKeys (ConfUtils.java:logGet(43)) - raft.server.storage.dir = [/workdir/hadoop-ozone/integration-test/target/test-dir/MiniOzoneClusterImpl-e14518e7-7c05-4725-b9bd-3e4fe7c8a64b/datanode-0/data/ratis] (custom)
2019-08-10 04:34:23,109 INFO  storage.RaftStorageDirectory (RaftStorageDirectory.java:analyzeStorage(246)) - The storage directory /workdir/hadoop-ozone/integration-test/target/test-dir/MiniOzoneClusterImpl-e14518e7-7c05-4725-b9bd-3e4fe7c8a64b/datanode-0/data/ratis/1bd0afcc-3bfc-49e1-b412-38a957315d61 does not exist. Creating ...
2019-08-10 04:34:23,122 INFO  storage.RaftStorageDirectory (RaftStorageDirectory.java:tryLock(328)) - Lock on /workdir/hadoop-ozone/integration-test/target/test-dir/MiniOzoneClusterImpl-e14518e7-7c05-4725-b9bd-3e4fe7c8a64b/datanode-0/data/ratis/1bd0afcc-3bfc-49e1-b412-38a957315d61/in_use.lock acquired by nodename 5814@byscane-nightly-wggqd-62853239
2019-08-10 04:34:23,135 INFO  storage.RaftStorage (RaftStorage.java:format(72)) - Storage directory /workdir/hadoop-ozone/integration-test/target/test-dir/MiniOzoneClusterImpl-e14518e7-7c05-4725-b9bd-3e4fe7c8a64b/datanode-0/data/ratis/1bd0afcc-3bfc-49e1-b412-38a957315d61 has been successfully formatted.
2019-08-10 04:34:23,135 INFO  ratis.ContainerStateMachine (ContainerStateMachine.java:loadSnapshot(213)) - group-38A957315D61: The snapshot info is null. Setting the last applied indexto:(t:0, i:~)
2019-08-10 04:34:23,136 INFO  server.RaftServerConfigKeys (ConfUtils.java:logGet(43)) - raft.server.leader.election.timeout = 120s (custom)
2019-08-10 04:34:23,136 INFO  server.RaftServerConfigKeys (ConfUtils.java:logGet(43)) - raft.server.log.use.memory = false (default)
2019-08-10 04:34:23,136 INFO  server.RaftServerConfigKeys (ConfUtils.java:logGet(43)) - raft.server.log.purge.gap = 1000000000 (custom)
2019-08-10 04:34:23,136 INFO  server.RaftServerConfigKeys (ConfUtils.java:logGet(43)) - raft.server.log.appender.buffer.byte-limit = 33554432 (custom)
2019-08-10 04:34:23,136 INFO  server.RaftServerConfigKeys (ConfUtils.java:logGet(43)) - raft.server.log.segment.size.max = 1048576 (custom)
2019-08-10 04:34:23,136 INFO  server.RaftServerConfigKeys (ConfUtils.java:logGet(43)) - raft.server.log.segment.cache.num.max = 2 (custom)
2019-08-10 04:34:23,137 INFO  segmented.SegmentedRaftLogWorker (SegmentedRaftLogWorker.java:<init>(172)) - new 8add1a91-2eca-454b-9713-01a48f709971-SegmentedRaftLogWorker:Storage Directory /workdir/hadoop-ozone/integration-test/target/test-dir/MiniOzoneClusterImpl-e14518e7-7c05-4725-b9bd-3e4fe7c8a64b/datanode-0/data/ratis/1bd0afcc-3bfc-49e1-b412-38a957315d61 for RaftStorage:Storage Directory /workdir/hadoop-ozone/integration-test/target/test-dir/MiniOzoneClusterImpl-e14518e7-7c05-4725-b9bd-3e4fe7c8a64b/datanode-0/data/ratis/1bd0afcc-3bfc-49e1-b412-38a957315d61
2019-08-10 04:34:23,137 INFO  server.RaftServerConfigKeys (ConfUtils.java:logGet(43)) - raft.server.log.queue.byte-limit = 2147483647 (custom)
2019-08-10 04:34:23,137 INFO  server.RaftServerConfigKeys (ConfUtils.java:logGet(43)) - raft.server.log.queue.element-limit = 1024 (custom)
2019-08-10 04:34:23,137 INFO  server.RaftServerConfigKeys (ConfUtils.java:logGet(43)) - raft.server.log.segment.size.max = 1048576 (custom)
2019-08-10 04:34:23,138 INFO  server.RaftServerConfigKeys (ConfUtils.java:logGet(43)) - raft.server.log.preallocated.size = 16384 (custom)
2019-08-10 04:34:23,138 INFO  server.RaftServerConfigKeys (ConfUtils.java:logGet(43)) - raft.server.log.write.buffer.size = 33554432 (custom)
2019-08-10 04:34:23,138 INFO  server.RaftServerConfigKeys (ConfUtils.java:logGet(43)) - raft.server.log.force.sync.num = 128 (default)
2019-08-10 04:34:23,138 INFO  server.RaftServerConfigKeys (ConfUtils.java:logGet(43)) - raft.server.log.statemachine.data.sync = true (default)
2019-08-10 04:34:23,138 INFO  server.RaftServerConfigKeys (ConfUtils.java:logGet(43)) - raft.server.log.statemachine.data.sync.timeout = 10s (default)
2019-08-10 04:34:23,138 INFO  server.RaftServerConfigKeys (ConfUtils.java:logGet(43)) - raft.server.log.statemachine.data.sync.timeout.retry = -1 (default)
2019-08-10 04:34:23,139 INFO  server.RaftServerConfigKeys (ConfUtils.java:logGet(43)) - raft.server.log.statemachine.data.caching.enabled = true (custom)
2019-08-10 04:34:23,139 INFO  segmented.SegmentedRaftLogWorker (SegmentedRaftLogWorker.java:lambda$new$0(132)) - 8add1a91-2eca-454b-9713-01a48f709971-SegmentedRaftLogWorker:Storage Directory /workdir/hadoop-ozone/integration-test/target/test-dir/MiniOzoneClusterImpl-e14518e7-7c05-4725-b9bd-3e4fe7c8a64b/datanode-0/data/ratis/1bd0afcc-3bfc-49e1-b412-38a957315d61: flushIndex: setUnconditionally 0 -> -1
2019-08-10 04:34:23,140 INFO  server.RaftServerConfigKeys (ConfUtils.java:logGet(43)) - raft.server.snapshot.auto.trigger.enabled = true (custom)
2019-08-10 04:34:23,140 INFO  server.RaftServerConfigKeys (ConfUtils.java:logGet(43)) - raft.server.snapshot.auto.trigger.threshold = 10000 (custom)
2019-08-10 04:34:23,140 INFO  server.RaftServerConfigKeys (ConfUtils.java:logGet(43)) - raft.server.retrycache.expirytime = 600000ms (custom)
2019-08-10 04:34:23,140 INFO  impl.RaftServerImpl (RaftServerImpl.java:start(180)) - 8add1a91-2eca-454b-9713-01a48f709971: start group-38A957315D61
2019-08-10 04:34:23,140 INFO  impl.RaftServerImpl (RaftServerImpl.java:setRole(171)) - 8add1a91-2eca-454b-9713-01a48f709971:group-38A957315D61 changes role from null to FOLLOWER at term 0 for startAsFollower
2019-08-10 04:34:23,141 INFO  impl.RoleInfo (RoleInfo.java:updateAndGet(143)) - 8add1a91-2eca-454b-9713-01a48f709971: start FollowerState
2019-08-10 04:34:23,141 INFO  util.JmxRegister (JmxRegister.java:tryRegister(44)) - Successfully registered JMX Bean with object name Ratis:service=RaftServer,group=group-38A957315D61,id=8add1a91-2eca-454b-9713-01a48f709971
2019-08-10 04:34:23,155 INFO  pipeline.PipelineStateManager (PipelineStateManager.java:addPipeline(56)) - Created pipeline Pipeline[ Id: 1bd0afcc-3bfc-49e1-b412-38a957315d61, Nodes: 8add1a91-2eca-454b-9713-01a48f709971{ip: 192.168.157.255, host: byscane-nightly-wggqd-62853239, networkLocation: /default-rack, certSerialId: null}, Type:RATIS, Factor:ONE, State:OPEN]
2019-08-10 04:34:23,241 INFO  net.NetworkTopology (NetworkTopologyImpl.java:add(110)) - Added a new node: /default-rack/3b0fba73-fe05-4ed2-8d61-38b6266e7743
2019-08-10 04:34:23,241 INFO  node.SCMNodeManager (SCMNodeManager.java:register(273)) - Registered Data node : 3b0fba73-fe05-4ed2-8d61-38b6266e7743{ip: 192.168.157.255, host: byscane-nightly-wggqd-62853239, networkLocation: /default-rack, certSerialId: null}
2019-08-10 04:34:23,262 INFO  impl.RaftServerProxy (RaftServerProxy.java:addNew(89)) - 3b0fba73-fe05-4ed2-8d61-38b6266e7743: addNew group-B9804D343AD7:[3b0fba73-fe05-4ed2-8d61-38b6266e7743:192.168.157.255:46207] returns group-B9804D343AD7:java.util.concurrent.CompletableFuture@146ebe8a[Not completed]
2019-08-10 04:34:23,267 INFO  impl.RaftServerImpl (RaftServerImpl.java:<init>(93)) - 3b0fba73-fe05-4ed2-8d61-38b6266e7743: new RaftServerImpl for group-B9804D343AD7:[3b0fba73-fe05-4ed2-8d61-38b6266e7743:192.168.157.255:46207] with ContainerStateMachine:uninitialized
2019-08-10 04:34:23,267 INFO  server.RaftServerConfigKeys (ConfUtils.java:logGet(43)) - raft.server.rpc.timeout.min = 5s (custom)
2019-08-10 04:34:23,267 INFO  server.RaftServerConfigKeys (ConfUtils.java:logGet(43)) - raft.server.rpc.timeout.max = 5200ms (custom)
2019-08-10 04:34:23,267 INFO  server.RaftServerConfigKeys (ConfUtils.java:logGet(43)) - raft.server.rpcslowness.timeout = 120s (custom)
2019-08-10 04:34:23,268 INFO  server.RaftServerConfigKeys (ConfUtils.java:logGet(43)) - raft.server.sleep.deviation.threshold = 300 (default)
2019-08-10 04:34:23,268 INFO  server.RaftServerConfigKeys (ConfUtils.java:logGet(43)) - raft.server.log.appender.install.snapshot.enabled = false (custom)
2019-08-10 04:34:23,268 INFO  impl.RaftServerImpl (ServerState.java:<init>(105)) - 3b0fba73-fe05-4ed2-8d61-38b6266e7743:group-B9804D343AD7 ConfigurationManager, init=-1: [3b0fba73-fe05-4ed2-8d61-38b6266e7743:192.168.157.255:46207], old=null, confs=<EMPTY_MAP>
2019-08-10 04:34:23,268 INFO  server.RaftServerConfigKeys (ConfUtils.java:logGet(43)) - raft.server.storage.dir = [/workdir/hadoop-ozone/integration-test/target/test-dir/MiniOzoneClusterImpl-e14518e7-7c05-4725-b9bd-3e4fe7c8a64b/datanode-1/data/ratis] (custom)
2019-08-10 04:34:23,268 INFO  storage.RaftStorageDirectory (RaftStorageDirectory.java:analyzeStorage(246)) - The storage directory /workdir/hadoop-ozone/integration-test/target/test-dir/MiniOzoneClusterImpl-e14518e7-7c05-4725-b9bd-3e4fe7c8a64b/datanode-1/data/ratis/a4b7e2cc-1ac1-475e-bd73-b9804d343ad7 does not exist. Creating ...
2019-08-10 04:34:23,293 INFO  storage.RaftStorageDirectory (RaftStorageDirectory.java:tryLock(328)) - Lock on /workdir/hadoop-ozone/integration-test/target/test-dir/MiniOzoneClusterImpl-e14518e7-7c05-4725-b9bd-3e4fe7c8a64b/datanode-1/data/ratis/a4b7e2cc-1ac1-475e-bd73-b9804d343ad7/in_use.lock acquired by nodename 5814@byscane-nightly-wggqd-62853239
2019-08-10 04:34:23,306 INFO  storage.RaftStorage (RaftStorage.java:format(72)) - Storage directory /workdir/hadoop-ozone/integration-test/target/test-dir/MiniOzoneClusterImpl-e14518e7-7c05-4725-b9bd-3e4fe7c8a64b/datanode-1/data/ratis/a4b7e2cc-1ac1-475e-bd73-b9804d343ad7 has been successfully formatted.
2019-08-10 04:34:23,306 INFO  ratis.ContainerStateMachine (ContainerStateMachine.java:loadSnapshot(213)) - group-B9804D343AD7: The snapshot info is null. Setting the last applied indexto:(t:0, i:~)
2019-08-10 04:34:23,307 INFO  server.RaftServerConfigKeys (ConfUtils.java:logGet(43)) - raft.server.leader.election.timeout = 120s (custom)
2019-08-10 04:34:23,307 INFO  server.RaftServerConfigKeys (ConfUtils.java:logGet(43)) - raft.server.log.use.memory = false (default)
2019-08-10 04:34:23,307 INFO  server.RaftServerConfigKeys (ConfUtils.java:logGet(43)) - raft.server.log.purge.gap = 1000000000 (custom)
2019-08-10 04:34:23,307 INFO  server.RaftServerConfigKeys (ConfUtils.java:logGet(43)) - raft.server.log.appender.buffer.byte-limit = 33554432 (custom)
2019-08-10 04:34:23,307 INFO  server.RaftServerConfigKeys (ConfUtils.java:logGet(43)) - raft.server.log.segment.size.max = 1048576 (custom)
2019-08-10 04:34:23,307 INFO  server.RaftServerConfigKeys (ConfUtils.java:logGet(43)) - raft.server.log.segment.cache.num.max = 2 (custom)
2019-08-10 04:34:23,308 INFO  segmented.SegmentedRaftLogWorker (SegmentedRaftLogWorker.java:<init>(172)) - new 3b0fba73-fe05-4ed2-8d61-38b6266e7743-SegmentedRaftLogWorker:Storage Directory /workdir/hadoop-ozone/integration-test/target/test-dir/MiniOzoneClusterImpl-e14518e7-7c05-4725-b9bd-3e4fe7c8a64b/datanode-1/data/ratis/a4b7e2cc-1ac1-475e-bd73-b9804d343ad7 for RaftStorage:Storage Directory /workdir/hadoop-ozone/integration-test/target/test-dir/MiniOzoneClusterImpl-e14518e7-7c05-4725-b9bd-3e4fe7c8a64b/datanode-1/data/ratis/a4b7e2cc-1ac1-475e-bd73-b9804d343ad7
2019-08-10 04:34:23,308 INFO  server.RaftServerConfigKeys (ConfUtils.java:logGet(43)) - raft.server.log.queue.byte-limit = 2147483647 (custom)
2019-08-10 04:34:23,308 INFO  server.RaftServerConfigKeys (ConfUtils.java:logGet(43)) - raft.server.log.queue.element-limit = 1024 (custom)
2019-08-10 04:34:23,308 INFO  server.RaftServerConfigKeys (ConfUtils.java:logGet(43)) - raft.server.log.segment.size.max = 1048576 (custom)
2019-08-10 04:34:23,308 INFO  server.RaftServerConfigKeys (ConfUtils.java:logGet(43)) - raft.server.log.preallocated.size = 16384 (custom)
2019-08-10 04:34:23,309 INFO  server.RaftServerConfigKeys (ConfUtils.java:logGet(43)) - raft.server.log.write.buffer.size = 33554432 (custom)
2019-08-10 04:34:23,309 INFO  server.RaftServerConfigKeys (ConfUtils.java:logGet(43)) - raft.server.log.force.sync.num = 128 (default)
2019-08-10 04:34:23,309 INFO  server.RaftServerConfigKeys (ConfUtils.java:logGet(43)) - raft.server.log.statemachine.data.sync = true (default)
2019-08-10 04:34:23,309 INFO  server.RaftServerConfigKeys (ConfUtils.java:logGet(43)) - raft.server.log.statemachine.data.sync.timeout = 10s (default)
2019-08-10 04:34:23,309 INFO  server.RaftServerConfigKeys (ConfUtils.java:logGet(43)) - raft.server.log.statemachine.data.sync.timeout.retry = -1 (default)
2019-08-10 04:34:23,310 INFO  server.RaftServerConfigKeys (ConfUtils.java:logGet(43)) - raft.server.log.statemachine.data.caching.enabled = true (custom)
2019-08-10 04:34:23,310 INFO  segmented.SegmentedRaftLogWorker (SegmentedRaftLogWorker.java:lambda$new$0(132)) - 3b0fba73-fe05-4ed2-8d61-38b6266e7743-SegmentedRaftLogWorker:Storage Directory /workdir/hadoop-ozone/integration-test/target/test-dir/MiniOzoneClusterImpl-e14518e7-7c05-4725-b9bd-3e4fe7c8a64b/datanode-1/data/ratis/a4b7e2cc-1ac1-475e-bd73-b9804d343ad7: flushIndex: setUnconditionally 0 -> -1
2019-08-10 04:34:23,310 INFO  server.RaftServerConfigKeys (ConfUtils.java:logGet(43)) - raft.server.snapshot.auto.trigger.enabled = true (custom)
2019-08-10 04:34:23,311 INFO  server.RaftServerConfigKeys (ConfUtils.java:logGet(43)) - raft.server.snapshot.auto.trigger.threshold = 10000 (custom)
2019-08-10 04:34:23,311 INFO  server.RaftServerConfigKeys (ConfUtils.java:logGet(43)) - raft.server.retrycache.expirytime = 600000ms (custom)
2019-08-10 04:34:23,311 INFO  impl.RaftServerImpl (RaftServerImpl.java:start(180)) - 3b0fba73-fe05-4ed2-8d61-38b6266e7743: start group-B9804D343AD7
2019-08-10 04:34:23,311 INFO  impl.RaftServerImpl (RaftServerImpl.java:setRole(171)) - 3b0fba73-fe05-4ed2-8d61-38b6266e7743:group-B9804D343AD7 changes role from null to FOLLOWER at term 0 for startAsFollower
2019-08-10 04:34:23,311 INFO  impl.RoleInfo (RoleInfo.java:updateAndGet(143)) - 3b0fba73-fe05-4ed2-8d61-38b6266e7743: start FollowerState
2019-08-10 04:34:23,312 INFO  util.JmxRegister (JmxRegister.java:tryRegister(44)) - Successfully registered JMX Bean with object name Ratis:service=RaftServer,group=group-B9804D343AD7,id=3b0fba73-fe05-4ed2-8d61-38b6266e7743
2019-08-10 04:34:23,325 INFO  pipeline.PipelineStateManager (PipelineStateManager.java:addPipeline(56)) - Created pipeline Pipeline[ Id: a4b7e2cc-1ac1-475e-bd73-b9804d343ad7, Nodes: 3b0fba73-fe05-4ed2-8d61-38b6266e7743{ip: 192.168.157.255, host: byscane-nightly-wggqd-62853239, networkLocation: /default-rack, certSerialId: null}, Type:RATIS, Factor:ONE, State:OPEN]
2019-08-10 04:34:23,408 INFO  ozone.MiniOzoneClusterImpl (MiniOzoneClusterImpl.java:lambda$waitForClusterToBeReady$0(142)) - Waiting for cluster to be ready. Got 2 of 3 DN Heartbeats.
2019-08-10 04:34:23,418 INFO  net.NetworkTopology (NetworkTopologyImpl.java:add(110)) - Added a new node: /default-rack/67699208-93c3-4330-afb1-74595a28d634
2019-08-10 04:34:23,418 INFO  node.SCMNodeManager (SCMNodeManager.java:register(273)) - Registered Data node : 67699208-93c3-4330-afb1-74595a28d634{ip: 192.168.157.255, host: byscane-nightly-wggqd-62853239, networkLocation: /default-rack, certSerialId: null}
2019-08-10 04:34:23,436 INFO  impl.RaftServerProxy (RaftServerProxy.java:addNew(89)) - 67699208-93c3-4330-afb1-74595a28d634: addNew group-EEA10B43BBA0:[67699208-93c3-4330-afb1-74595a28d634:192.168.157.255:43030] returns group-EEA10B43BBA0:java.util.concurrent.CompletableFuture@160594d[Not completed]
2019-08-10 04:34:23,443 INFO  impl.RaftServerImpl (RaftServerImpl.java:<init>(93)) - 67699208-93c3-4330-afb1-74595a28d634: new RaftServerImpl for group-EEA10B43BBA0:[67699208-93c3-4330-afb1-74595a28d634:192.168.157.255:43030] with ContainerStateMachine:uninitialized
2019-08-10 04:34:23,443 INFO  server.RaftServerConfigKeys (ConfUtils.java:logGet(43)) - raft.server.rpc.timeout.min = 5s (custom)
2019-08-10 04:34:23,443 INFO  server.RaftServerConfigKeys (ConfUtils.java:logGet(43)) - raft.server.rpc.timeout.max = 5200ms (custom)
2019-08-10 04:34:23,444 INFO  server.RaftServerConfigKeys (ConfUtils.java:logGet(43)) - raft.server.rpcslowness.timeout = 120s (custom)
2019-08-10 04:34:23,444 INFO  server.RaftServerConfigKeys (ConfUtils.java:logGet(43)) - raft.server.sleep.deviation.threshold = 300 (default)
2019-08-10 04:34:23,444 INFO  server.RaftServerConfigKeys (ConfUtils.java:logGet(43)) - raft.server.log.appender.install.snapshot.enabled = false (custom)
2019-08-10 04:34:23,444 INFO  impl.RaftServerImpl (ServerState.java:<init>(105)) - 67699208-93c3-4330-afb1-74595a28d634:group-EEA10B43BBA0 ConfigurationManager, init=-1: [67699208-93c3-4330-afb1-74595a28d634:192.168.157.255:43030], old=null, confs=<EMPTY_MAP>
2019-08-10 04:34:23,444 INFO  server.RaftServerConfigKeys (ConfUtils.java:logGet(43)) - raft.server.storage.dir = [/workdir/hadoop-ozone/integration-test/target/test-dir/MiniOzoneClusterImpl-e14518e7-7c05-4725-b9bd-3e4fe7c8a64b/datanode-2/data/ratis] (custom)
2019-08-10 04:34:23,445 INFO  storage.RaftStorageDirectory (RaftStorageDirectory.java:analyzeStorage(246)) - The storage directory /workdir/hadoop-ozone/integration-test/target/test-dir/MiniOzoneClusterImpl-e14518e7-7c05-4725-b9bd-3e4fe7c8a64b/datanode-2/data/ratis/9faab1de-73e9-4abb-959a-eea10b43bba0 does not exist. Creating ...
2019-08-10 04:34:23,458 INFO  storage.RaftStorageDirectory (RaftStorageDirectory.java:tryLock(328)) - Lock on /workdir/hadoop-ozone/integration-test/target/test-dir/MiniOzoneClusterImpl-e14518e7-7c05-4725-b9bd-3e4fe7c8a64b/datanode-2/data/ratis/9faab1de-73e9-4abb-959a-eea10b43bba0/in_use.lock acquired by nodename 5814@byscane-nightly-wggqd-62853239
2019-08-10 04:34:23,471 INFO  storage.RaftStorage (RaftStorage.java:format(72)) - Storage directory /workdir/hadoop-ozone/integration-test/target/test-dir/MiniOzoneClusterImpl-e14518e7-7c05-4725-b9bd-3e4fe7c8a64b/datanode-2/data/ratis/9faab1de-73e9-4abb-959a-eea10b43bba0 has been successfully formatted.
2019-08-10 04:34:23,472 INFO  ratis.ContainerStateMachine (ContainerStateMachine.java:loadSnapshot(213)) - group-EEA10B43BBA0: The snapshot info is null. Setting the last applied indexto:(t:0, i:~)
2019-08-10 04:34:23,472 INFO  server.RaftServerConfigKeys (ConfUtils.java:logGet(43)) - raft.server.leader.election.timeout = 120s (custom)
2019-08-10 04:34:23,472 INFO  server.RaftServerConfigKeys (ConfUtils.java:logGet(43)) - raft.server.log.use.memory = false (default)
2019-08-10 04:34:23,472 INFO  server.RaftServerConfigKeys (ConfUtils.java:logGet(43)) - raft.server.log.purge.gap = 1000000000 (custom)
2019-08-10 04:34:23,472 INFO  server.RaftServerConfigKeys (ConfUtils.java:logGet(43)) - raft.server.log.appender.buffer.byte-limit = 33554432 (custom)
2019-08-10 04:34:23,473 INFO  server.RaftServerConfigKeys (ConfUtils.java:logGet(43)) - raft.server.log.segment.size.max = 1048576 (custom)
2019-08-10 04:34:23,473 INFO  server.RaftServerConfigKeys (ConfUtils.java:logGet(43)) - raft.server.log.segment.cache.num.max = 2 (custom)
2019-08-10 04:34:23,473 INFO  segmented.SegmentedRaftLogWorker (SegmentedRaftLogWorker.java:<init>(172)) - new 67699208-93c3-4330-afb1-74595a28d634-SegmentedRaftLogWorker:Storage Directory /workdir/hadoop-ozone/integration-test/target/test-dir/MiniOzoneClusterImpl-e14518e7-7c05-4725-b9bd-3e4fe7c8a64b/datanode-2/data/ratis/9faab1de-73e9-4abb-959a-eea10b43bba0 for RaftStorage:Storage Directory /workdir/hadoop-ozone/integration-test/target/test-dir/MiniOzoneClusterImpl-e14518e7-7c05-4725-b9bd-3e4fe7c8a64b/datanode-2/data/ratis/9faab1de-73e9-4abb-959a-eea10b43bba0
2019-08-10 04:34:23,473 INFO  server.RaftServerConfigKeys (ConfUtils.java:logGet(43)) - raft.server.log.queue.byte-limit = 2147483647 (custom)
2019-08-10 04:34:23,473 INFO  server.RaftServerConfigKeys (ConfUtils.java:logGet(43)) - raft.server.log.queue.element-limit = 1024 (custom)
2019-08-10 04:34:23,474 INFO  server.RaftServerConfigKeys (ConfUtils.java:logGet(43)) - raft.server.log.segment.size.max = 1048576 (custom)
2019-08-10 04:34:23,474 INFO  server.RaftServerConfigKeys (ConfUtils.java:logGet(43)) - raft.server.log.preallocated.size = 16384 (custom)
2019-08-10 04:34:23,474 INFO  server.RaftServerConfigKeys (ConfUtils.java:logGet(43)) - raft.server.log.write.buffer.size = 33554432 (custom)
2019-08-10 04:34:23,474 INFO  server.RaftServerConfigKeys (ConfUtils.java:logGet(43)) - raft.server.log.force.sync.num = 128 (default)
2019-08-10 04:34:23,474 INFO  server.RaftServerConfigKeys (ConfUtils.java:logGet(43)) - raft.server.log.statemachine.data.sync = true (default)
2019-08-10 04:34:23,475 INFO  server.RaftServerConfigKeys (ConfUtils.java:logGet(43)) - raft.server.log.statemachine.data.sync.timeout = 10s (default)
2019-08-10 04:34:23,475 INFO  server.RaftServerConfigKeys (ConfUtils.java:logGet(43)) - raft.server.log.statemachine.data.sync.timeout.retry = -1 (default)
2019-08-10 04:34:23,475 INFO  server.RaftServerConfigKeys (ConfUtils.java:logGet(43)) - raft.server.log.statemachine.data.caching.enabled = true (custom)
2019-08-10 04:34:23,476 INFO  segmented.SegmentedRaftLogWorker (SegmentedRaftLogWorker.java:lambda$new$0(132)) - 67699208-93c3-4330-afb1-74595a28d634-SegmentedRaftLogWorker:Storage Directory /workdir/hadoop-ozone/integration-test/target/test-dir/MiniOzoneClusterImpl-e14518e7-7c05-4725-b9bd-3e4fe7c8a64b/datanode-2/data/ratis/9faab1de-73e9-4abb-959a-eea10b43bba0: flushIndex: setUnconditionally 0 -> -1
2019-08-10 04:34:23,476 INFO  server.RaftServerConfigKeys (ConfUtils.java:logGet(43)) - raft.server.snapshot.auto.trigger.enabled = true (custom)
2019-08-10 04:34:23,476 INFO  server.RaftServerConfigKeys (ConfUtils.java:logGet(43)) - raft.server.snapshot.auto.trigger.threshold = 10000 (custom)
2019-08-10 04:34:23,476 INFO  server.RaftServerConfigKeys (ConfUtils.java:logGet(43)) - raft.server.retrycache.expirytime = 600000ms (custom)
2019-08-10 04:34:23,477 INFO  impl.RaftServerImpl (RaftServerImpl.java:start(180)) - 67699208-93c3-4330-afb1-74595a28d634: start group-EEA10B43BBA0
2019-08-10 04:34:23,477 INFO  impl.RaftServerImpl (RaftServerImpl.java:setRole(171)) - 67699208-93c3-4330-afb1-74595a28d634:group-EEA10B43BBA0 changes role from null to FOLLOWER at term 0 for startAsFollower
2019-08-10 04:34:23,477 INFO  impl.RoleInfo (RoleInfo.java:updateAndGet(143)) - 67699208-93c3-4330-afb1-74595a28d634: start FollowerState
2019-08-10 04:34:23,478 INFO  util.JmxRegister (JmxRegister.java:tryRegister(44)) - Successfully registered JMX Bean with object name Ratis:service=RaftServer,group=group-EEA10B43BBA0,id=67699208-93c3-4330-afb1-74595a28d634
2019-08-10 04:34:23,491 INFO  pipeline.PipelineStateManager (PipelineStateManager.java:addPipeline(56)) - Created pipeline Pipeline[ Id: 9faab1de-73e9-4abb-959a-eea10b43bba0, Nodes: 67699208-93c3-4330-afb1-74595a28d634{ip: 192.168.157.255, host: byscane-nightly-wggqd-62853239, networkLocation: /default-rack, certSerialId: null}, Type:RATIS, Factor:ONE, State:OPEN]
2019-08-10 04:34:23,538 INFO  impl.RaftServerProxy (RaftServerProxy.java:addNew(89)) - 67699208-93c3-4330-afb1-74595a28d634: addNew group-CA2D46C5FAB0:[3b0fba73-fe05-4ed2-8d61-38b6266e7743:192.168.157.255:46207, 8add1a91-2eca-454b-9713-01a48f709971:192.168.157.255:36090, 67699208-93c3-4330-afb1-74595a28d634:192.168.157.255:43030] returns group-CA2D46C5FAB0:java.util.concurrent.CompletableFuture@6d99dea3[Not completed]
2019-08-10 04:34:23,538 INFO  impl.RaftServerProxy (RaftServerProxy.java:addNew(89)) - 8add1a91-2eca-454b-9713-01a48f709971: addNew group-CA2D46C5FAB0:[3b0fba73-fe05-4ed2-8d61-38b6266e7743:192.168.157.255:46207, 8add1a91-2eca-454b-9713-01a48f709971:192.168.157.255:36090, 67699208-93c3-4330-afb1-74595a28d634:192.168.157.255:43030] returns group-CA2D46C5FAB0:java.util.concurrent.CompletableFuture@1035c44f[Not completed]
2019-08-10 04:34:23,544 INFO  impl.RaftServerProxy (RaftServerProxy.java:addNew(89)) - 3b0fba73-fe05-4ed2-8d61-38b6266e7743: addNew group-CA2D46C5FAB0:[3b0fba73-fe05-4ed2-8d61-38b6266e7743:192.168.157.255:46207, 8add1a91-2eca-454b-9713-01a48f709971:192.168.157.255:36090, 67699208-93c3-4330-afb1-74595a28d634:192.168.157.255:43030] returns group-CA2D46C5FAB0:java.util.concurrent.CompletableFuture@56b4dbba[Not completed]
2019-08-10 04:34:23,545 INFO  impl.RaftServerImpl (RaftServerImpl.java:<init>(93)) - 8add1a91-2eca-454b-9713-01a48f709971: new RaftServerImpl for group-CA2D46C5FAB0:[3b0fba73-fe05-4ed2-8d61-38b6266e7743:192.168.157.255:46207, 8add1a91-2eca-454b-9713-01a48f709971:192.168.157.255:36090, 67699208-93c3-4330-afb1-74595a28d634:192.168.157.255:43030] with ContainerStateMachine:uninitialized
2019-08-10 04:34:23,545 INFO  server.RaftServerConfigKeys (ConfUtils.java:logGet(43)) - raft.server.rpc.timeout.min = 5s (custom)
2019-08-10 04:34:23,545 INFO  impl.RaftServerImpl (RaftServerImpl.java:<init>(93)) - 67699208-93c3-4330-afb1-74595a28d634: new RaftServerImpl for group-CA2D46C5FAB0:[3b0fba73-fe05-4ed2-8d61-38b6266e7743:192.168.157.255:46207, 8add1a91-2eca-454b-9713-01a48f709971:192.168.157.255:36090, 67699208-93c3-4330-afb1-74595a28d634:192.168.157.255:43030] with ContainerStateMachine:uninitialized
2019-08-10 04:34:23,545 INFO  server.RaftServerConfigKeys (ConfUtils.java:logGet(43)) - raft.server.rpc.timeout.max = 5200ms (custom)
2019-08-10 04:34:23,546 INFO  server.RaftServerConfigKeys (ConfUtils.java:logGet(43)) - raft.server.rpc.timeout.min = 5s (custom)
2019-08-10 04:34:23,546 INFO  impl.RaftServerImpl (RaftServerImpl.java:<init>(93)) - 3b0fba73-fe05-4ed2-8d61-38b6266e7743: new RaftServerImpl for group-CA2D46C5FAB0:[3b0fba73-fe05-4ed2-8d61-38b6266e7743:192.168.157.255:46207, 8add1a91-2eca-454b-9713-01a48f709971:192.168.157.255:36090, 67699208-93c3-4330-afb1-74595a28d634:192.168.157.255:43030] with ContainerStateMachine:uninitialized
2019-08-10 04:34:23,546 INFO  server.RaftServerConfigKeys (ConfUtils.java:logGet(43)) - raft.server.rpcslowness.timeout = 120s (custom)
2019-08-10 04:34:23,546 INFO  server.RaftServerConfigKeys (ConfUtils.java:logGet(43)) - raft.server.rpc.timeout.min = 5s (custom)
2019-08-10 04:34:23,546 INFO  server.RaftServerConfigKeys (ConfUtils.java:logGet(43)) - raft.server.rpc.timeout.max = 5200ms (custom)
2019-08-10 04:34:23,546 INFO  server.RaftServerConfigKeys (ConfUtils.java:logGet(43)) - raft.server.rpc.timeout.max = 5200ms (custom)
2019-08-10 04:34:23,546 INFO  server.RaftServerConfigKeys (ConfUtils.java:logGet(43)) - raft.server.sleep.deviation.threshold = 300 (default)
2019-08-10 04:34:23,547 INFO  server.RaftServerConfigKeys (ConfUtils.java:logGet(43)) - raft.server.rpcslowness.timeout = 120s (custom)
2019-08-10 04:34:23,546 INFO  server.RaftServerConfigKeys (ConfUtils.java:logGet(43)) - raft.server.rpcslowness.timeout = 120s (custom)
2019-08-10 04:34:23,547 INFO  server.RaftServerConfigKeys (ConfUtils.java:logGet(43)) - raft.server.sleep.deviation.threshold = 300 (default)
2019-08-10 04:34:23,547 INFO  server.RaftServerConfigKeys (ConfUtils.java:logGet(43)) - raft.server.log.appender.install.snapshot.enabled = false (custom)
2019-08-10 04:34:23,547 INFO  server.RaftServerConfigKeys (ConfUtils.java:logGet(43)) - raft.server.log.appender.install.snapshot.enabled = false (custom)
2019-08-10 04:34:23,547 INFO  server.RaftServerConfigKeys (ConfUtils.java:logGet(43)) - raft.server.sleep.deviation.threshold = 300 (default)
2019-08-10 04:34:23,548 INFO  impl.RaftServerImpl (ServerState.java:<init>(105)) - 3b0fba73-fe05-4ed2-8d61-38b6266e7743:group-CA2D46C5FAB0 ConfigurationManager, init=-1: [3b0fba73-fe05-4ed2-8d61-38b6266e7743:192.168.157.255:46207, 8add1a91-2eca-454b-9713-01a48f709971:192.168.157.255:36090, 67699208-93c3-4330-afb1-74595a28d634:192.168.157.255:43030], old=null, confs=<EMPTY_MAP>
2019-08-10 04:34:23,547 INFO  impl.RaftServerImpl (ServerState.java:<init>(105)) - 8add1a91-2eca-454b-9713-01a48f709971:group-CA2D46C5FAB0 ConfigurationManager, init=-1: [3b0fba73-fe05-4ed2-8d61-38b6266e7743:192.168.157.255:46207, 8add1a91-2eca-454b-9713-01a48f709971:192.168.157.255:36090, 67699208-93c3-4330-afb1-74595a28d634:192.168.157.255:43030], old=null, confs=<EMPTY_MAP>
2019-08-10 04:34:23,548 INFO  server.RaftServerConfigKeys (ConfUtils.java:logGet(43)) - raft.server.storage.dir = [/workdir/hadoop-ozone/integration-test/target/test-dir/MiniOzoneClusterImpl-e14518e7-7c05-4725-b9bd-3e4fe7c8a64b/datanode-1/data/ratis] (custom)
2019-08-10 04:34:23,548 INFO  server.RaftServerConfigKeys (ConfUtils.java:logGet(43)) - raft.server.log.appender.install.snapshot.enabled = false (custom)
2019-08-10 04:34:23,548 INFO  server.RaftServerConfigKeys (ConfUtils.java:logGet(43)) - raft.server.storage.dir = [/workdir/hadoop-ozone/integration-test/target/test-dir/MiniOzoneClusterImpl-e14518e7-7c05-4725-b9bd-3e4fe7c8a64b/datanode-0/data/ratis] (custom)
2019-08-10 04:34:23,548 INFO  impl.RaftServerImpl (ServerState.java:<init>(105)) - 67699208-93c3-4330-afb1-74595a28d634:group-CA2D46C5FAB0 ConfigurationManager, init=-1: [3b0fba73-fe05-4ed2-8d61-38b6266e7743:192.168.157.255:46207, 8add1a91-2eca-454b-9713-01a48f709971:192.168.157.255:36090, 67699208-93c3-4330-afb1-74595a28d634:192.168.157.255:43030], old=null, confs=<EMPTY_MAP>
2019-08-10 04:34:23,549 INFO  storage.RaftStorageDirectory (RaftStorageDirectory.java:analyzeStorage(246)) - The storage directory /workdir/hadoop-ozone/integration-test/target/test-dir/MiniOzoneClusterImpl-e14518e7-7c05-4725-b9bd-3e4fe7c8a64b/datanode-1/data/ratis/65bf7580-1e1d-40e6-b4b4-ca2d46c5fab0 does not exist. Creating ...
2019-08-10 04:34:23,549 INFO  storage.RaftStorageDirectory (RaftStorageDirectory.java:analyzeStorage(246)) - The storage directory /workdir/hadoop-ozone/integration-test/target/test-dir/MiniOzoneClusterImpl-e14518e7-7c05-4725-b9bd-3e4fe7c8a64b/datanode-0/data/ratis/65bf7580-1e1d-40e6-b4b4-ca2d46c5fab0 does not exist. Creating ...
2019-08-10 04:34:23,549 INFO  server.RaftServerConfigKeys (ConfUtils.java:logGet(43)) - raft.server.storage.dir = [/workdir/hadoop-ozone/integration-test/target/test-dir/MiniOzoneClusterImpl-e14518e7-7c05-4725-b9bd-3e4fe7c8a64b/datanode-2/data/ratis] (custom)
2019-08-10 04:34:23,549 INFO  storage.RaftStorageDirectory (RaftStorageDirectory.java:analyzeStorage(246)) - The storage directory /workdir/hadoop-ozone/integration-test/target/test-dir/MiniOzoneClusterImpl-e14518e7-7c05-4725-b9bd-3e4fe7c8a64b/datanode-2/data/ratis/65bf7580-1e1d-40e6-b4b4-ca2d46c5fab0 does not exist. Creating ...
2019-08-10 04:34:23,562 INFO  storage.RaftStorageDirectory (RaftStorageDirectory.java:tryLock(328)) - Lock on /workdir/hadoop-ozone/integration-test/target/test-dir/MiniOzoneClusterImpl-e14518e7-7c05-4725-b9bd-3e4fe7c8a64b/datanode-2/data/ratis/65bf7580-1e1d-40e6-b4b4-ca2d46c5fab0/in_use.lock acquired by nodename 5814@byscane-nightly-wggqd-62853239
2019-08-10 04:34:23,562 INFO  storage.RaftStorageDirectory (RaftStorageDirectory.java:tryLock(328)) - Lock on /workdir/hadoop-ozone/integration-test/target/test-dir/MiniOzoneClusterImpl-e14518e7-7c05-4725-b9bd-3e4fe7c8a64b/datanode-0/data/ratis/65bf7580-1e1d-40e6-b4b4-ca2d46c5fab0/in_use.lock acquired by nodename 5814@byscane-nightly-wggqd-62853239
2019-08-10 04:34:23,562 INFO  storage.RaftStorageDirectory (RaftStorageDirectory.java:tryLock(328)) - Lock on /workdir/hadoop-ozone/integration-test/target/test-dir/MiniOzoneClusterImpl-e14518e7-7c05-4725-b9bd-3e4fe7c8a64b/datanode-1/data/ratis/65bf7580-1e1d-40e6-b4b4-ca2d46c5fab0/in_use.lock acquired by nodename 5814@byscane-nightly-wggqd-62853239
2019-08-10 04:34:23,587 INFO  storage.RaftStorage (RaftStorage.java:format(72)) - Storage directory /workdir/hadoop-ozone/integration-test/target/test-dir/MiniOzoneClusterImpl-e14518e7-7c05-4725-b9bd-3e4fe7c8a64b/datanode-2/data/ratis/65bf7580-1e1d-40e6-b4b4-ca2d46c5fab0 has been successfully formatted.
2019-08-10 04:34:23,587 INFO  storage.RaftStorage (RaftStorage.java:format(72)) - Storage directory /workdir/hadoop-ozone/integration-test/target/test-dir/MiniOzoneClusterImpl-e14518e7-7c05-4725-b9bd-3e4fe7c8a64b/datanode-0/data/ratis/65bf7580-1e1d-40e6-b4b4-ca2d46c5fab0 has been successfully formatted.
2019-08-10 04:34:23,588 INFO  ratis.ContainerStateMachine (ContainerStateMachine.java:loadSnapshot(213)) - group-CA2D46C5FAB0: The snapshot info is null. Setting the last applied indexto:(t:0, i:~)
2019-08-10 04:34:23,587 INFO  storage.RaftStorage (RaftStorage.java:format(72)) - Storage directory /workdir/hadoop-ozone/integration-test/target/test-dir/MiniOzoneClusterImpl-e14518e7-7c05-4725-b9bd-3e4fe7c8a64b/datanode-1/data/ratis/65bf7580-1e1d-40e6-b4b4-ca2d46c5fab0 has been successfully formatted.
2019-08-10 04:34:23,588 INFO  ratis.ContainerStateMachine (ContainerStateMachine.java:loadSnapshot(213)) - group-CA2D46C5FAB0: The snapshot info is null. Setting the last applied indexto:(t:0, i:~)
2019-08-10 04:34:23,588 INFO  ratis.ContainerStateMachine (ContainerStateMachine.java:loadSnapshot(213)) - group-CA2D46C5FAB0: The snapshot info is null. Setting the last applied indexto:(t:0, i:~)
2019-08-10 04:34:23,588 INFO  server.RaftServerConfigKeys (ConfUtils.java:logGet(43)) - raft.server.leader.election.timeout = 120s (custom)
2019-08-10 04:34:23,588 INFO  server.RaftServerConfigKeys (ConfUtils.java:logGet(43)) - raft.server.leader.election.timeout = 120s (custom)
2019-08-10 04:34:23,588 INFO  server.RaftServerConfigKeys (ConfUtils.java:logGet(43)) - raft.server.leader.election.timeout = 120s (custom)
2019-08-10 04:34:23,589 INFO  server.RaftServerConfigKeys (ConfUtils.java:logGet(43)) - raft.server.log.use.memory = false (default)
2019-08-10 04:34:23,588 INFO  server.RaftServerConfigKeys (ConfUtils.java:logGet(43)) - raft.server.log.use.memory = false (default)
2019-08-10 04:34:23,589 INFO  server.RaftServerConfigKeys (ConfUtils.java:logGet(43)) - raft.server.log.purge.gap = 1000000000 (custom)
2019-08-10 04:34:23,589 INFO  server.RaftServerConfigKeys (ConfUtils.java:logGet(43)) - raft.server.log.use.memory = false (default)
2019-08-10 04:34:23,589 INFO  server.RaftServerConfigKeys (ConfUtils.java:logGet(43)) - raft.server.log.appender.buffer.byte-limit = 33554432 (custom)
2019-08-10 04:34:23,589 INFO  server.RaftServerConfigKeys (ConfUtils.java:logGet(43)) - raft.server.log.purge.gap = 1000000000 (custom)
2019-08-10 04:34:23,590 INFO  server.RaftServerConfigKeys (ConfUtils.java:logGet(43)) - raft.server.log.segment.size.max = 1048576 (custom)
2019-08-10 04:34:23,589 INFO  server.RaftServerConfigKeys (ConfUtils.java:logGet(43)) - raft.server.log.purge.gap = 1000000000 (custom)
2019-08-10 04:34:23,590 INFO  server.RaftServerConfigKeys (ConfUtils.java:logGet(43)) - raft.server.log.segment.cache.num.max = 2 (custom)
2019-08-10 04:34:23,590 INFO  server.RaftServerConfigKeys (ConfUtils.java:logGet(43)) - raft.server.log.appender.buffer.byte-limit = 33554432 (custom)
2019-08-10 04:34:23,590 INFO  segmented.SegmentedRaftLogWorker (SegmentedRaftLogWorker.java:<init>(172)) - new 3b0fba73-fe05-4ed2-8d61-38b6266e7743-SegmentedRaftLogWorker:Storage Directory /workdir/hadoop-ozone/integration-test/target/test-dir/MiniOzoneClusterImpl-e14518e7-7c05-4725-b9bd-3e4fe7c8a64b/datanode-1/data/ratis/65bf7580-1e1d-40e6-b4b4-ca2d46c5fab0 for RaftStorage:Storage Directory /workdir/hadoop-ozone/integration-test/target/test-dir/MiniOzoneClusterImpl-e14518e7-7c05-4725-b9bd-3e4fe7c8a64b/datanode-1/data/ratis/65bf7580-1e1d-40e6-b4b4-ca2d46c5fab0
2019-08-10 04:34:23,590 INFO  server.RaftServerConfigKeys (ConfUtils.java:logGet(43)) - raft.server.log.appender.buffer.byte-limit = 33554432 (custom)
2019-08-10 04:34:23,591 INFO  server.RaftServerConfigKeys (ConfUtils.java:logGet(43)) - raft.server.log.queue.byte-limit = 2147483647 (custom)
2019-08-10 04:34:23,591 INFO  server.RaftServerConfigKeys (ConfUtils.java:logGet(43)) - raft.server.log.segment.size.max = 1048576 (custom)
2019-08-10 04:34:23,594 INFO  server.RaftServerConfigKeys (ConfUtils.java:logGet(43)) - raft.server.log.queue.element-limit = 1024 (custom)
2019-08-10 04:34:23,593 INFO  server.RaftServerConfigKeys (ConfUtils.java:logGet(43)) - raft.server.log.segment.size.max = 1048576 (custom)
2019-08-10 04:34:23,594 INFO  server.RaftServerConfigKeys (ConfUtils.java:logGet(43)) - raft.server.log.segment.size.max = 1048576 (custom)
2019-08-10 04:34:23,594 INFO  server.RaftServerConfigKeys (ConfUtils.java:logGet(43)) - raft.server.log.segment.cache.num.max = 2 (custom)
2019-08-10 04:34:23,594 INFO  server.RaftServerConfigKeys (ConfUtils.java:logGet(43)) - raft.server.log.preallocated.size = 16384 (custom)
2019-08-10 04:34:23,595 INFO  server.RaftServerConfigKeys (ConfUtils.java:logGet(43)) - raft.server.log.write.buffer.size = 33554432 (custom)
2019-08-10 04:34:23,594 INFO  server.RaftServerConfigKeys (ConfUtils.java:logGet(43)) - raft.server.log.segment.cache.num.max = 2 (custom)
2019-08-10 04:34:23,595 INFO  server.RaftServerConfigKeys (ConfUtils.java:logGet(43)) - raft.server.log.force.sync.num = 128 (default)
2019-08-10 04:34:23,595 INFO  server.RaftServerConfigKeys (ConfUtils.java:logGet(43)) - raft.server.log.statemachine.data.sync = true (default)
2019-08-10 04:34:23,594 INFO  segmented.SegmentedRaftLogWorker (SegmentedRaftLogWorker.java:<init>(172)) - new 67699208-93c3-4330-afb1-74595a28d634-SegmentedRaftLogWorker:Storage Directory /workdir/hadoop-ozone/integration-test/target/test-dir/MiniOzoneClusterImpl-e14518e7-7c05-4725-b9bd-3e4fe7c8a64b/datanode-2/data/ratis/65bf7580-1e1d-40e6-b4b4-ca2d46c5fab0 for RaftStorage:Storage Directory /workdir/hadoop-ozone/integration-test/target/test-dir/MiniOzoneClusterImpl-e14518e7-7c05-4725-b9bd-3e4fe7c8a64b/datanode-2/data/ratis/65bf7580-1e1d-40e6-b4b4-ca2d46c5fab0
2019-08-10 04:34:23,595 INFO  server.RaftServerConfigKeys (ConfUtils.java:logGet(43)) - raft.server.log.statemachine.data.sync.timeout = 10s (default)
2019-08-10 04:34:23,595 INFO  segmented.SegmentedRaftLogWorker (SegmentedRaftLogWorker.java:<init>(172)) - new 8add1a91-2eca-454b-9713-01a48f709971-SegmentedRaftLogWorker:Storage Directory /workdir/hadoop-ozone/integration-test/target/test-dir/MiniOzoneClusterImpl-e14518e7-7c05-4725-b9bd-3e4fe7c8a64b/datanode-0/data/ratis/65bf7580-1e1d-40e6-b4b4-ca2d46c5fab0 for RaftStorage:Storage Directory /workdir/hadoop-ozone/integration-test/target/test-dir/MiniOzoneClusterImpl-e14518e7-7c05-4725-b9bd-3e4fe7c8a64b/datanode-0/data/ratis/65bf7580-1e1d-40e6-b4b4-ca2d46c5fab0
2019-08-10 04:34:23,596 INFO  server.RaftServerConfigKeys (ConfUtils.java:logGet(43)) - raft.server.log.statemachine.data.sync.timeout.retry = -1 (default)
2019-08-10 04:34:23,596 INFO  server.RaftServerConfigKeys (ConfUtils.java:logGet(43)) - raft.server.log.queue.byte-limit = 2147483647 (custom)
2019-08-10 04:34:23,606 INFO  server.RaftServerConfigKeys (ConfUtils.java:logGet(43)) - raft.server.log.statemachine.data.caching.enabled = true (custom)
2019-08-10 04:34:23,598 INFO  server.RaftServerConfigKeys (ConfUtils.java:logGet(43)) - raft.server.log.queue.byte-limit = 2147483647 (custom)
2019-08-10 04:34:23,606 INFO  server.RaftServerConfigKeys (ConfUtils.java:logGet(43)) - raft.server.log.queue.element-limit = 1024 (custom)
2019-08-10 04:34:23,609 INFO  server.RaftServerConfigKeys (ConfUtils.java:logGet(43)) - raft.server.log.queue.element-limit = 1024 (custom)
2019-08-10 04:34:23,609 INFO  segmented.SegmentedRaftLogWorker (SegmentedRaftLogWorker.java:lambda$new$0(132)) - 3b0fba73-fe05-4ed2-8d61-38b6266e7743-SegmentedRaftLogWorker:Storage Directory /workdir/hadoop-ozone/integration-test/target/test-dir/MiniOzoneClusterImpl-e14518e7-7c05-4725-b9bd-3e4fe7c8a64b/datanode-1/data/ratis/65bf7580-1e1d-40e6-b4b4-ca2d46c5fab0: flushIndex: setUnconditionally 0 -> -1
2019-08-10 04:34:23,609 INFO  server.RaftServerConfigKeys (ConfUtils.java:logGet(43)) - raft.server.log.segment.size.max = 1048576 (custom)
2019-08-10 04:34:23,609 INFO  server.RaftServerConfigKeys (ConfUtils.java:logGet(43)) - raft.server.log.segment.size.max = 1048576 (custom)
2019-08-10 04:34:23,610 INFO  server.RaftServerConfigKeys (ConfUtils.java:logGet(43)) - raft.server.snapshot.auto.trigger.enabled = true (custom)
2019-08-10 04:34:23,610 INFO  server.RaftServerConfigKeys (ConfUtils.java:logGet(43)) - raft.server.log.preallocated.size = 16384 (custom)
2019-08-10 04:34:23,610 INFO  server.RaftServerConfigKeys (ConfUtils.java:logGet(43)) - raft.server.snapshot.auto.trigger.threshold = 10000 (custom)
2019-08-10 04:34:23,610 INFO  server.RaftServerConfigKeys (ConfUtils.java:logGet(43)) - raft.server.log.preallocated.size = 16384 (custom)
2019-08-10 04:34:23,610 INFO  server.RaftServerConfigKeys (ConfUtils.java:logGet(43)) - raft.server.retrycache.expirytime = 600000ms (custom)
2019-08-10 04:34:23,610 INFO  server.RaftServerConfigKeys (ConfUtils.java:logGet(43)) - raft.server.log.write.buffer.size = 33554432 (custom)
2019-08-10 04:34:23,611 INFO  impl.RaftServerImpl (RaftServerImpl.java:start(180)) - 3b0fba73-fe05-4ed2-8d61-38b6266e7743: start group-CA2D46C5FAB0
2019-08-10 04:34:23,611 INFO  impl.RaftServerImpl (RaftServerImpl.java:setRole(171)) - 3b0fba73-fe05-4ed2-8d61-38b6266e7743:group-CA2D46C5FAB0 changes role from null to FOLLOWER at term 0 for startAsFollower
2019-08-10 04:34:23,610 INFO  server.RaftServerConfigKeys (ConfUtils.java:logGet(43)) - raft.server.log.write.buffer.size = 33554432 (custom)
2019-08-10 04:34:23,611 INFO  impl.RoleInfo (RoleInfo.java:updateAndGet(143)) - 3b0fba73-fe05-4ed2-8d61-38b6266e7743: start FollowerState
2019-08-10 04:34:23,611 INFO  server.RaftServerConfigKeys (ConfUtils.java:logGet(43)) - raft.server.log.force.sync.num = 128 (default)
2019-08-10 04:34:23,611 INFO  server.RaftServerConfigKeys (ConfUtils.java:logGet(43)) - raft.server.log.force.sync.num = 128 (default)
2019-08-10 04:34:23,612 INFO  util.JmxRegister (JmxRegister.java:tryRegister(44)) - Successfully registered JMX Bean with object name Ratis:service=RaftServer,group=group-CA2D46C5FAB0,id=3b0fba73-fe05-4ed2-8d61-38b6266e7743
2019-08-10 04:34:23,612 INFO  server.RaftServerConfigKeys (ConfUtils.java:logGet(43)) - raft.server.log.statemachine.data.sync = true (default)
2019-08-10 04:34:23,612 INFO  server.RaftServerConfigKeys (ConfUtils.java:logGet(43)) - raft.server.log.statemachine.data.sync = true (default)
2019-08-10 04:34:23,612 INFO  server.RaftServerConfigKeys (ConfUtils.java:logGet(43)) - raft.server.log.statemachine.data.sync.timeout = 10s (default)
2019-08-10 04:34:23,612 INFO  server.RaftServerConfigKeys (ConfUtils.java:logGet(43)) - raft.server.log.statemachine.data.sync.timeout = 10s (default)
2019-08-10 04:34:23,612 INFO  server.RaftServerConfigKeys (ConfUtils.java:logGet(43)) - raft.server.log.statemachine.data.sync.timeout.retry = -1 (default)
2019-08-10 04:34:23,613 INFO  server.RaftServerConfigKeys (ConfUtils.java:logGet(43)) - raft.server.log.statemachine.data.sync.timeout.retry = -1 (default)
2019-08-10 04:34:23,613 INFO  server.RaftServerConfigKeys (ConfUtils.java:logGet(43)) - raft.server.log.statemachine.data.caching.enabled = true (custom)
2019-08-10 04:34:23,613 INFO  server.RaftServerConfigKeys (ConfUtils.java:logGet(43)) - raft.server.log.statemachine.data.caching.enabled = true (custom)
2019-08-10 04:34:23,613 INFO  segmented.SegmentedRaftLogWorker (SegmentedRaftLogWorker.java:lambda$new$0(132)) - 67699208-93c3-4330-afb1-74595a28d634-SegmentedRaftLogWorker:Storage Directory /workdir/hadoop-ozone/integration-test/target/test-dir/MiniOzoneClusterImpl-e14518e7-7c05-4725-b9bd-3e4fe7c8a64b/datanode-2/data/ratis/65bf7580-1e1d-40e6-b4b4-ca2d46c5fab0: flushIndex: setUnconditionally 0 -> -1
2019-08-10 04:34:23,614 INFO  segmented.SegmentedRaftLogWorker (SegmentedRaftLogWorker.java:lambda$new$0(132)) - 8add1a91-2eca-454b-9713-01a48f709971-SegmentedRaftLogWorker:Storage Directory /workdir/hadoop-ozone/integration-test/target/test-dir/MiniOzoneClusterImpl-e14518e7-7c05-4725-b9bd-3e4fe7c8a64b/datanode-0/data/ratis/65bf7580-1e1d-40e6-b4b4-ca2d46c5fab0: flushIndex: setUnconditionally 0 -> -1
2019-08-10 04:34:23,614 INFO  server.RaftServerConfigKeys (ConfUtils.java:logGet(43)) - raft.server.snapshot.auto.trigger.enabled = true (custom)
2019-08-10 04:34:23,618 INFO  server.RaftServerConfigKeys (ConfUtils.java:logGet(43)) - raft.server.snapshot.auto.trigger.enabled = true (custom)
2019-08-10 04:34:23,618 INFO  server.RaftServerConfigKeys (ConfUtils.java:logGet(43)) - raft.server.snapshot.auto.trigger.threshold = 10000 (custom)
2019-08-10 04:34:23,618 INFO  server.RaftServerConfigKeys (ConfUtils.java:logGet(43)) - raft.server.snapshot.auto.trigger.threshold = 10000 (custom)
2019-08-10 04:34:23,618 INFO  server.RaftServerConfigKeys (ConfUtils.java:logGet(43)) - raft.server.retrycache.expirytime = 600000ms (custom)
2019-08-10 04:34:23,620 INFO  server.RaftServerConfigKeys (ConfUtils.java:logGet(43)) - raft.server.retrycache.expirytime = 600000ms (custom)
2019-08-10 04:34:23,623 INFO  impl.RaftServerImpl (RaftServerImpl.java:start(180)) - 8add1a91-2eca-454b-9713-01a48f709971: start group-CA2D46C5FAB0
2019-08-10 04:34:23,623 INFO  impl.RaftServerImpl (RaftServerImpl.java:start(180)) - 67699208-93c3-4330-afb1-74595a28d634: start group-CA2D46C5FAB0
2019-08-10 04:34:23,623 INFO  impl.RaftServerImpl (RaftServerImpl.java:setRole(171)) - 8add1a91-2eca-454b-9713-01a48f709971:group-CA2D46C5FAB0 changes role from null to FOLLOWER at term 0 for startAsFollower
2019-08-10 04:34:23,623 INFO  impl.RaftServerImpl (RaftServerImpl.java:setRole(171)) - 67699208-93c3-4330-afb1-74595a28d634:group-CA2D46C5FAB0 changes role from null to FOLLOWER at term 0 for startAsFollower
2019-08-10 04:34:23,623 INFO  impl.RoleInfo (RoleInfo.java:updateAndGet(143)) - 8add1a91-2eca-454b-9713-01a48f709971: start FollowerState
2019-08-10 04:34:23,623 INFO  impl.RoleInfo (RoleInfo.java:updateAndGet(143)) - 67699208-93c3-4330-afb1-74595a28d634: start FollowerState
2019-08-10 04:34:23,624 INFO  util.JmxRegister (JmxRegister.java:tryRegister(44)) - Successfully registered JMX Bean with object name Ratis:service=RaftServer,group=group-CA2D46C5FAB0,id=8add1a91-2eca-454b-9713-01a48f709971
2019-08-10 04:34:23,625 INFO  util.JmxRegister (JmxRegister.java:tryRegister(44)) - Successfully registered JMX Bean with object name Ratis:service=RaftServer,group=group-CA2D46C5FAB0,id=67699208-93c3-4330-afb1-74595a28d634
2019-08-10 04:34:23,643 INFO  pipeline.PipelineStateManager (PipelineStateManager.java:addPipeline(56)) - Created pipeline Pipeline[ Id: 65bf7580-1e1d-40e6-b4b4-ca2d46c5fab0, Nodes: 3b0fba73-fe05-4ed2-8d61-38b6266e7743{ip: 192.168.157.255, host: byscane-nightly-wggqd-62853239, networkLocation: /default-rack, certSerialId: null}67699208-93c3-4330-afb1-74595a28d634{ip: 192.168.157.255, host: byscane-nightly-wggqd-62853239, networkLocation: /default-rack, certSerialId: null}8add1a91-2eca-454b-9713-01a48f709971{ip: 192.168.157.255, host: byscane-nightly-wggqd-62853239, networkLocation: /default-rack, certSerialId: null}, Type:RATIS, Factor:THREE, State:OPEN]
2019-08-10 04:34:24,408 INFO  ozone.MiniOzoneClusterImpl (MiniOzoneClusterImpl.java:lambda$waitForClusterToBeReady$0(142)) - Cluster is ready. Got 3 of 3 DN Heartbeats.
2019-08-10 04:34:26,081 INFO  container.ReplicationManager (ReplicationManager.java:start(155)) - Starting Replication Monitor Thread.
2019-08-10 04:34:26,087 INFO  container.ReplicationManager (ReplicationManager.java:run(207)) - Replication Monitor Thread took 0 milliseconds for processing 0 containers.
2019-08-10 04:34:28,179 INFO  impl.FollowerState (FollowerState.java:run(106)) - 8add1a91-2eca-454b-9713-01a48f709971:group-38A957315D61 changes to CANDIDATE, lastRpcTime:5038, electionTimeout:5038ms
2019-08-10 04:34:28,179 INFO  impl.RoleInfo (RoleInfo.java:shutdownFollowerState(121)) - 8add1a91-2eca-454b-9713-01a48f709971: shutdown FollowerState
2019-08-10 04:34:28,180 INFO  impl.RaftServerImpl (RaftServerImpl.java:setRole(171)) - 8add1a91-2eca-454b-9713-01a48f709971:group-38A957315D61 changes role from FOLLOWER to CANDIDATE at term 0 for changeToCandidate
2019-08-10 04:34:28,180 INFO  impl.RoleInfo (RoleInfo.java:updateAndGet(143)) - 8add1a91-2eca-454b-9713-01a48f709971: start LeaderElection
2019-08-10 04:34:28,205 INFO  impl.LeaderElection (LeaderElection.java:askForVotes(181)) - 8add1a91-2eca-454b-9713-01a48f709971:group-38A957315D61:LeaderElection8: begin an election at term 1 for -1: [8add1a91-2eca-454b-9713-01a48f709971:192.168.157.255:36090], old=null
2019-08-10 04:34:28,205 INFO  impl.RoleInfo (RoleInfo.java:shutdownLeaderElection(134)) - 8add1a91-2eca-454b-9713-01a48f709971: shutdown LeaderElection
2019-08-10 04:34:28,205 INFO  impl.RaftServerImpl (RaftServerImpl.java:setRole(171)) - 8add1a91-2eca-454b-9713-01a48f709971:group-38A957315D61 changes role from CANDIDATE to LEADER at term 1 for changeToLeader
2019-08-10 04:34:28,205 INFO  impl.RaftServerImpl (ServerState.java:setLeader(263)) - 8add1a91-2eca-454b-9713-01a48f709971:group-38A957315D61 change Leader from null to 8add1a91-2eca-454b-9713-01a48f709971 at term 1 for becomeLeader, leader elected after 5069ms
2019-08-10 04:34:28,208 INFO  server.RaftServerConfigKeys (ConfUtils.java:logGet(43)) - raft.server.staging.catchup.gap = 1000 (default)
2019-08-10 04:34:28,208 INFO  server.RaftServerConfigKeys (ConfUtils.java:logGet(43)) - raft.server.rpc.sleep.time = 25ms (default)
2019-08-10 04:34:28,208 INFO  server.RaftServerConfigKeys (ConfUtils.java:logGet(43)) - raft.server.write.element-limit = 4096 (default)
2019-08-10 04:34:28,209 INFO  server.RaftServerConfigKeys (ConfUtils.java:logGet(43)) - raft.server.watch.timeout = 10s (default)
2019-08-10 04:34:28,209 INFO  server.RaftServerConfigKeys (ConfUtils.java:logGet(43)) - raft.server.watch.timeout.denomination = 1s (default)
2019-08-10 04:34:28,209 INFO  server.RaftServerConfigKeys (ConfUtils.java:logGet(43)) - raft.server.watch.element-limit = 65536 (default)
2019-08-10 04:34:28,209 INFO  impl.RoleInfo (RoleInfo.java:updateAndGet(143)) - 8add1a91-2eca-454b-9713-01a48f709971: start LeaderState
2019-08-10 04:34:28,210 INFO  segmented.SegmentedRaftLogWorker (SegmentedRaftLogWorker.java:startLogSegment(380)) - 8add1a91-2eca-454b-9713-01a48f709971-SegmentedRaftLogWorker:Storage Directory /workdir/hadoop-ozone/integration-test/target/test-dir/MiniOzoneClusterImpl-e14518e7-7c05-4725-b9bd-3e4fe7c8a64b/datanode-0/data/ratis/1bd0afcc-3bfc-49e1-b412-38a957315d61: Starting segment from index:0
2019-08-10 04:34:28,210 INFO  impl.RaftServerImpl (ServerState.java:setRaftConf(361)) - 8add1a91-2eca-454b-9713-01a48f709971:group-38A957315D61 set configuration 0: [8add1a91-2eca-454b-9713-01a48f709971:192.168.157.255:36090], old=null at 0
2019-08-10 04:34:28,255 INFO  segmented.SegmentedRaftLogWorker (SegmentedRaftLogWorker.java:execute(569)) - 8add1a91-2eca-454b-9713-01a48f709971-SegmentedRaftLogWorker:Storage Directory /workdir/hadoop-ozone/integration-test/target/test-dir/MiniOzoneClusterImpl-e14518e7-7c05-4725-b9bd-3e4fe7c8a64b/datanode-0/data/ratis/1bd0afcc-3bfc-49e1-b412-38a957315d61: created new log segment /workdir/hadoop-ozone/integration-test/target/test-dir/MiniOzoneClusterImpl-e14518e7-7c05-4725-b9bd-3e4fe7c8a64b/datanode-0/data/ratis/1bd0afcc-3bfc-49e1-b412-38a957315d61/current/log_inprogress_0
2019-08-10 04:34:28,388 INFO  impl.FollowerState (FollowerState.java:run(106)) - 3b0fba73-fe05-4ed2-8d61-38b6266e7743:group-B9804D343AD7 changes to CANDIDATE, lastRpcTime:5076, electionTimeout:5076ms
2019-08-10 04:34:28,388 INFO  impl.RoleInfo (RoleInfo.java:shutdownFollowerState(121)) - 3b0fba73-fe05-4ed2-8d61-38b6266e7743: shutdown FollowerState
2019-08-10 04:34:28,388 INFO  impl.RaftServerImpl (RaftServerImpl.java:setRole(171)) - 3b0fba73-fe05-4ed2-8d61-38b6266e7743:group-B9804D343AD7 changes role from FOLLOWER to CANDIDATE at term 0 for changeToCandidate
2019-08-10 04:34:28,389 INFO  impl.RoleInfo (RoleInfo.java:updateAndGet(143)) - 3b0fba73-fe05-4ed2-8d61-38b6266e7743: start LeaderElection
2019-08-10 04:34:28,410 INFO  impl.LeaderElection (LeaderElection.java:askForVotes(181)) - 3b0fba73-fe05-4ed2-8d61-38b6266e7743:group-B9804D343AD7:LeaderElection9: begin an election at term 1 for -1: [3b0fba73-fe05-4ed2-8d61-38b6266e7743:192.168.157.255:46207], old=null
2019-08-10 04:34:28,413 INFO  impl.RoleInfo (RoleInfo.java:shutdownLeaderElection(134)) - 3b0fba73-fe05-4ed2-8d61-38b6266e7743: shutdown LeaderElection
2019-08-10 04:34:28,413 INFO  impl.RaftServerImpl (RaftServerImpl.java:setRole(171)) - 3b0fba73-fe05-4ed2-8d61-38b6266e7743:group-B9804D343AD7 changes role from CANDIDATE to LEADER at term 1 for changeToLeader
2019-08-10 04:34:28,413 INFO  impl.RaftServerImpl (ServerState.java:setLeader(263)) - 3b0fba73-fe05-4ed2-8d61-38b6266e7743:group-B9804D343AD7 change Leader from null to 3b0fba73-fe05-4ed2-8d61-38b6266e7743 at term 1 for becomeLeader, leader elected after 5106ms
2019-08-10 04:34:28,416 INFO  server.RaftServerConfigKeys (ConfUtils.java:logGet(43)) - raft.server.staging.catchup.gap = 1000 (default)
2019-08-10 04:34:28,416 INFO  server.RaftServerConfigKeys (ConfUtils.java:logGet(43)) - raft.server.rpc.sleep.time = 25ms (default)
2019-08-10 04:34:28,417 INFO  server.RaftServerConfigKeys (ConfUtils.java:logGet(43)) - raft.server.write.element-limit = 4096 (default)
2019-08-10 04:34:28,417 INFO  server.RaftServerConfigKeys (ConfUtils.java:logGet(43)) - raft.server.watch.timeout = 10s (default)
2019-08-10 04:34:28,417 INFO  server.RaftServerConfigKeys (ConfUtils.java:logGet(43)) - raft.server.watch.timeout.denomination = 1s (default)
2019-08-10 04:34:28,417 INFO  server.RaftServerConfigKeys (ConfUtils.java:logGet(43)) - raft.server.watch.element-limit = 65536 (default)
2019-08-10 04:34:28,417 INFO  impl.RoleInfo (RoleInfo.java:updateAndGet(143)) - 3b0fba73-fe05-4ed2-8d61-38b6266e7743: start LeaderState
2019-08-10 04:34:28,418 INFO  segmented.SegmentedRaftLogWorker (SegmentedRaftLogWorker.java:startLogSegment(380)) - 3b0fba73-fe05-4ed2-8d61-38b6266e7743-SegmentedRaftLogWorker:Storage Directory /workdir/hadoop-ozone/integration-test/target/test-dir/MiniOzoneClusterImpl-e14518e7-7c05-4725-b9bd-3e4fe7c8a64b/datanode-1/data/ratis/a4b7e2cc-1ac1-475e-bd73-b9804d343ad7: Starting segment from index:0
2019-08-10 04:34:28,419 INFO  impl.RaftServerImpl (ServerState.java:setRaftConf(361)) - 3b0fba73-fe05-4ed2-8d61-38b6266e7743:group-B9804D343AD7 set configuration 0: [3b0fba73-fe05-4ed2-8d61-38b6266e7743:192.168.157.255:46207], old=null at 0
2019-08-10 04:34:28,450 INFO  segmented.SegmentedRaftLogWorker (SegmentedRaftLogWorker.java:execute(569)) - 3b0fba73-fe05-4ed2-8d61-38b6266e7743-SegmentedRaftLogWorker:Storage Directory /workdir/hadoop-ozone/integration-test/target/test-dir/MiniOzoneClusterImpl-e14518e7-7c05-4725-b9bd-3e4fe7c8a64b/datanode-1/data/ratis/a4b7e2cc-1ac1-475e-bd73-b9804d343ad7: created new log segment /workdir/hadoop-ozone/integration-test/target/test-dir/MiniOzoneClusterImpl-e14518e7-7c05-4725-b9bd-3e4fe7c8a64b/datanode-1/data/ratis/a4b7e2cc-1ac1-475e-bd73-b9804d343ad7/current/log_inprogress_0
2019-08-10 04:34:28,669 INFO  impl.FollowerState (FollowerState.java:run(106)) - 67699208-93c3-4330-afb1-74595a28d634:group-EEA10B43BBA0 changes to CANDIDATE, lastRpcTime:5191, electionTimeout:5191ms
2019-08-10 04:34:28,669 INFO  impl.RoleInfo (RoleInfo.java:shutdownFollowerState(121)) - 67699208-93c3-4330-afb1-74595a28d634: shutdown FollowerState
2019-08-10 04:34:28,669 INFO  impl.RaftServerImpl (RaftServerImpl.java:setRole(171)) - 67699208-93c3-4330-afb1-74595a28d634:group-EEA10B43BBA0 changes role from FOLLOWER to CANDIDATE at term 0 for changeToCandidate
2019-08-10 04:34:28,669 INFO  impl.RoleInfo (RoleInfo.java:updateAndGet(143)) - 67699208-93c3-4330-afb1-74595a28d634: start LeaderElection
2019-08-10 04:34:28,678 INFO  impl.FollowerState (FollowerState.java:run(106)) - 3b0fba73-fe05-4ed2-8d61-38b6266e7743:group-CA2D46C5FAB0 changes to CANDIDATE, lastRpcTime:5067, electionTimeout:5065ms
2019-08-10 04:34:28,681 INFO  impl.RoleInfo (RoleInfo.java:shutdownFollowerState(121)) - 3b0fba73-fe05-4ed2-8d61-38b6266e7743: shutdown FollowerState
2019-08-10 04:34:28,681 INFO  impl.RaftServerImpl (RaftServerImpl.java:setRole(171)) - 3b0fba73-fe05-4ed2-8d61-38b6266e7743:group-CA2D46C5FAB0 changes role from FOLLOWER to CANDIDATE at term 0 for changeToCandidate
2019-08-10 04:34:28,682 INFO  impl.RoleInfo (RoleInfo.java:updateAndGet(143)) - 3b0fba73-fe05-4ed2-8d61-38b6266e7743: start LeaderElection
2019-08-10 04:34:28,695 INFO  impl.LeaderElection (LeaderElection.java:askForVotes(181)) - 3b0fba73-fe05-4ed2-8d61-38b6266e7743:group-CA2D46C5FAB0:LeaderElection11: begin an election at term 1 for -1: [3b0fba73-fe05-4ed2-8d61-38b6266e7743:192.168.157.255:46207, 8add1a91-2eca-454b-9713-01a48f709971:192.168.157.255:36090, 67699208-93c3-4330-afb1-74595a28d634:192.168.157.255:43030], old=null
2019-08-10 04:34:28,695 INFO  impl.LeaderElection (LeaderElection.java:askForVotes(181)) - 67699208-93c3-4330-afb1-74595a28d634:group-EEA10B43BBA0:LeaderElection10: begin an election at term 1 for -1: [67699208-93c3-4330-afb1-74595a28d634:192.168.157.255:43030], old=null
2019-08-10 04:34:28,696 INFO  impl.RoleInfo (RoleInfo.java:shutdownLeaderElection(134)) - 67699208-93c3-4330-afb1-74595a28d634: shutdown LeaderElection
2019-08-10 04:34:28,696 INFO  impl.RaftServerImpl (RaftServerImpl.java:setRole(171)) - 67699208-93c3-4330-afb1-74595a28d634:group-EEA10B43BBA0 changes role from CANDIDATE to LEADER at term 1 for changeToLeader
2019-08-10 04:34:28,696 INFO  impl.RaftServerImpl (ServerState.java:setLeader(263)) - 67699208-93c3-4330-afb1-74595a28d634:group-EEA10B43BBA0 change Leader from null to 67699208-93c3-4330-afb1-74595a28d634 at term 1 for becomeLeader, leader elected after 5224ms
2019-08-10 04:34:28,699 INFO  server.RaftServerConfigKeys (ConfUtils.java:logGet(43)) - raft.server.staging.catchup.gap = 1000 (default)
2019-08-10 04:34:28,699 INFO  server.RaftServerConfigKeys (ConfUtils.java:logGet(43)) - raft.server.rpc.sleep.time = 25ms (default)
2019-08-10 04:34:28,699 INFO  server.RaftServerConfigKeys (ConfUtils.java:logGet(43)) - raft.server.write.element-limit = 4096 (default)
2019-08-10 04:34:28,699 INFO  server.RaftServerConfigKeys (ConfUtils.java:logGet(43)) - raft.server.watch.timeout = 10s (default)
2019-08-10 04:34:28,699 INFO  server.RaftServerConfigKeys (ConfUtils.java:logGet(43)) - raft.server.watch.timeout.denomination = 1s (default)
2019-08-10 04:34:28,700 INFO  server.RaftServerConfigKeys (ConfUtils.java:logGet(43)) - raft.server.watch.element-limit = 65536 (default)
2019-08-10 04:34:28,700 INFO  impl.RoleInfo (RoleInfo.java:updateAndGet(143)) - 67699208-93c3-4330-afb1-74595a28d634: start LeaderState
2019-08-10 04:34:28,700 INFO  segmented.SegmentedRaftLogWorker (SegmentedRaftLogWorker.java:startLogSegment(380)) - 67699208-93c3-4330-afb1-74595a28d634-SegmentedRaftLogWorker:Storage Directory /workdir/hadoop-ozone/integration-test/target/test-dir/MiniOzoneClusterImpl-e14518e7-7c05-4725-b9bd-3e4fe7c8a64b/datanode-2/data/ratis/9faab1de-73e9-4abb-959a-eea10b43bba0: Starting segment from index:0
2019-08-10 04:34:28,701 INFO  impl.RaftServerImpl (ServerState.java:setRaftConf(361)) - 67699208-93c3-4330-afb1-74595a28d634:group-EEA10B43BBA0 set configuration 0: [67699208-93c3-4330-afb1-74595a28d634:192.168.157.255:43030], old=null at 0
2019-08-10 04:34:28,726 INFO  impl.FollowerState (FollowerState.java:run(106)) - 67699208-93c3-4330-afb1-74595a28d634:group-CA2D46C5FAB0 changes to CANDIDATE, lastRpcTime:5102, electionTimeout:5101ms
2019-08-10 04:34:28,726 INFO  impl.RoleInfo (RoleInfo.java:shutdownFollowerState(121)) - 67699208-93c3-4330-afb1-74595a28d634: shutdown FollowerState
2019-08-10 04:34:28,726 INFO  impl.RaftServerImpl (RaftServerImpl.java:setRole(171)) - 67699208-93c3-4330-afb1-74595a28d634:group-CA2D46C5FAB0 changes role from FOLLOWER to CANDIDATE at term 0 for changeToCandidate
2019-08-10 04:34:28,726 INFO  impl.RoleInfo (RoleInfo.java:updateAndGet(143)) - 67699208-93c3-4330-afb1-74595a28d634: start LeaderElection
2019-08-10 04:34:28,734 INFO  segmented.SegmentedRaftLogWorker (SegmentedRaftLogWorker.java:execute(569)) - 67699208-93c3-4330-afb1-74595a28d634-SegmentedRaftLogWorker:Storage Directory /workdir/hadoop-ozone/integration-test/target/test-dir/MiniOzoneClusterImpl-e14518e7-7c05-4725-b9bd-3e4fe7c8a64b/datanode-2/data/ratis/9faab1de-73e9-4abb-959a-eea10b43bba0: created new log segment /workdir/hadoop-ozone/integration-test/target/test-dir/MiniOzoneClusterImpl-e14518e7-7c05-4725-b9bd-3e4fe7c8a64b/datanode-2/data/ratis/9faab1de-73e9-4abb-959a-eea10b43bba0/current/log_inprogress_0
2019-08-10 04:34:28,747 INFO  impl.LeaderElection (LeaderElection.java:askForVotes(181)) - 67699208-93c3-4330-afb1-74595a28d634:group-CA2D46C5FAB0:LeaderElection12: begin an election at term 1 for -1: [3b0fba73-fe05-4ed2-8d61-38b6266e7743:192.168.157.255:46207, 8add1a91-2eca-454b-9713-01a48f709971:192.168.157.255:36090, 67699208-93c3-4330-afb1-74595a28d634:192.168.157.255:43030], old=null
2019-08-10 04:34:28,788 INFO  impl.RaftServerImpl (RaftServerImpl.java:setRole(171)) - 8add1a91-2eca-454b-9713-01a48f709971:group-CA2D46C5FAB0 changes role from FOLLOWER to FOLLOWER at term 1 for recognizeCandidate:3b0fba73-fe05-4ed2-8d61-38b6266e7743
2019-08-10 04:34:28,791 INFO  impl.RoleInfo (RoleInfo.java:shutdownFollowerState(121)) - 8add1a91-2eca-454b-9713-01a48f709971: shutdown FollowerState
2019-08-10 04:34:28,792 INFO  impl.RoleInfo (RoleInfo.java:updateAndGet(143)) - 8add1a91-2eca-454b-9713-01a48f709971: start FollowerState
2019-08-10 04:34:28,853 INFO  impl.LeaderElection (LeaderElection.java:logAndReturn(56)) - 3b0fba73-fe05-4ed2-8d61-38b6266e7743:group-CA2D46C5FAB0:LeaderElection11: Election PASSED; received 2 response(s) [3b0fba73-fe05-4ed2-8d61-38b6266e7743<-8add1a91-2eca-454b-9713-01a48f709971#0:OK-t1, 3b0fba73-fe05-4ed2-8d61-38b6266e7743<-67699208-93c3-4330-afb1-74595a28d634#0:FAIL-t1] and 0 exception(s); 3b0fba73-fe05-4ed2-8d61-38b6266e7743:t1, leader=null, voted=3b0fba73-fe05-4ed2-8d61-38b6266e7743, raftlog=3b0fba73-fe05-4ed2-8d61-38b6266e7743-SegmentedRaftLog:OPENED:c-1,f-1,i0, conf=-1: [3b0fba73-fe05-4ed2-8d61-38b6266e7743:192.168.157.255:46207, 8add1a91-2eca-454b-9713-01a48f709971:192.168.157.255:36090, 67699208-93c3-4330-afb1-74595a28d634:192.168.157.255:43030], old=null
2019-08-10 04:34:28,853 INFO  impl.LeaderElection (LeaderElection.java:logAndReturn(56)) - 67699208-93c3-4330-afb1-74595a28d634:group-CA2D46C5FAB0:LeaderElection12: Election REJECTED; received 2 response(s) [67699208-93c3-4330-afb1-74595a28d634<-3b0fba73-fe05-4ed2-8d61-38b6266e7743#0:FAIL-t1, 67699208-93c3-4330-afb1-74595a28d634<-8add1a91-2eca-454b-9713-01a48f709971#0:FAIL-t1] and 0 exception(s); 67699208-93c3-4330-afb1-74595a28d634:t1, leader=null, voted=67699208-93c3-4330-afb1-74595a28d634, raftlog=67699208-93c3-4330-afb1-74595a28d634-SegmentedRaftLog:OPENED:c-1,f-1,i0, conf=-1: [3b0fba73-fe05-4ed2-8d61-38b6266e7743:192.168.157.255:46207, 8add1a91-2eca-454b-9713-01a48f709971:192.168.157.255:36090, 67699208-93c3-4330-afb1-74595a28d634:192.168.157.255:43030], old=null
2019-08-10 04:34:28,853 INFO  impl.RoleInfo (RoleInfo.java:shutdownLeaderElection(134)) - 3b0fba73-fe05-4ed2-8d61-38b6266e7743: shutdown LeaderElection
2019-08-10 04:34:28,860 INFO  impl.RaftServerImpl (RaftServerImpl.java:setRole(171)) - 3b0fba73-fe05-4ed2-8d61-38b6266e7743:group-CA2D46C5FAB0 changes role from CANDIDATE to LEADER at term 1 for changeToLeader
2019-08-10 04:34:28,860 INFO  impl.RaftServerImpl (RaftServerImpl.java:setRole(171)) - 67699208-93c3-4330-afb1-74595a28d634:group-CA2D46C5FAB0 changes role from CANDIDATE to FOLLOWER at term 1 for DISCOVERED_A_NEW_TERM
2019-08-10 04:34:28,863 INFO  impl.RoleInfo (RoleInfo.java:shutdownLeaderElection(134)) - 67699208-93c3-4330-afb1-74595a28d634: shutdown LeaderElection
2019-08-10 04:34:28,863 INFO  impl.RaftServerImpl (ServerState.java:setLeader(263)) - 3b0fba73-fe05-4ed2-8d61-38b6266e7743:group-CA2D46C5FAB0 change Leader from null to 3b0fba73-fe05-4ed2-8d61-38b6266e7743 at term 1 for becomeLeader, leader elected after 5272ms
2019-08-10 04:34:28,863 INFO  impl.RoleInfo (RoleInfo.java:updateAndGet(143)) - 67699208-93c3-4330-afb1-74595a28d634: start FollowerState
2019-08-10 04:34:28,864 INFO  server.RaftServerConfigKeys (ConfUtils.java:logGet(43)) - raft.server.staging.catchup.gap = 1000 (default)
2019-08-10 04:34:28,864 INFO  server.RaftServerConfigKeys (ConfUtils.java:logGet(43)) - raft.server.rpc.sleep.time = 25ms (default)
2019-08-10 04:34:28,872 INFO  server.RaftServerConfigKeys (ConfUtils.java:logGet(43)) - raft.server.write.element-limit = 4096 (default)
2019-08-10 04:34:28,872 INFO  server.RaftServerConfigKeys (ConfUtils.java:logGet(43)) - raft.server.watch.timeout = 10s (default)
2019-08-10 04:34:28,873 INFO  server.RaftServerConfigKeys (ConfUtils.java:logGet(43)) - raft.server.watch.timeout.denomination = 1s (default)
2019-08-10 04:34:28,873 INFO  server.RaftServerConfigKeys (ConfUtils.java:logGet(43)) - raft.server.watch.element-limit = 65536 (default)
2019-08-10 04:34:28,875 INFO  server.RaftServerConfigKeys (ConfUtils.java:logGet(43)) - raft.server.log.appender.snapshot.chunk.size.max = 16MB (=16777216) (default)
2019-08-10 04:34:28,876 INFO  server.RaftServerConfigKeys (ConfUtils.java:logGet(43)) - raft.server.log.appender.buffer.byte-limit = 33554432 (custom)
2019-08-10 04:34:28,876 INFO  server.RaftServerConfigKeys (ConfUtils.java:logGet(43)) - raft.server.log.appender.buffer.element-limit = 1 (custom)
2019-08-10 04:34:28,879 INFO  grpc.GrpcConfigKeys$Server (ConfUtils.java:logGet(43)) - raft.grpc.server.leader.outstanding.appends.max = 128 (default)
2019-08-10 04:34:28,880 INFO  server.RaftServerConfigKeys (ConfUtils.java:logGet(43)) - raft.server.rpc.request.timeout = 3000ms (default)
2019-08-10 04:34:28,880 INFO  server.RaftServerConfigKeys (ConfUtils.java:logGet(43)) - raft.server.log.appender.install.snapshot.enabled = false (custom)
2019-08-10 04:34:28,880 INFO  server.RaftServerConfigKeys (ConfUtils.java:logGet(43)) - raft.server.log.appender.snapshot.chunk.size.max = 16MB (=16777216) (default)
2019-08-10 04:34:28,880 INFO  server.RaftServerConfigKeys (ConfUtils.java:logGet(43)) - raft.server.log.appender.buffer.byte-limit = 33554432 (custom)
2019-08-10 04:34:28,880 INFO  server.RaftServerConfigKeys (ConfUtils.java:logGet(43)) - raft.server.log.appender.buffer.element-limit = 1 (custom)
2019-08-10 04:34:28,881 INFO  grpc.GrpcConfigKeys$Server (ConfUtils.java:logGet(43)) - raft.grpc.server.leader.outstanding.appends.max = 128 (default)
2019-08-10 04:34:28,881 INFO  server.RaftServerConfigKeys (ConfUtils.java:logGet(43)) - raft.server.rpc.request.timeout = 3000ms (default)
2019-08-10 04:34:28,881 INFO  server.RaftServerConfigKeys (ConfUtils.java:logGet(43)) - raft.server.log.appender.install.snapshot.enabled = false (custom)
2019-08-10 04:34:28,884 INFO  impl.RoleInfo (RoleInfo.java:updateAndGet(143)) - 3b0fba73-fe05-4ed2-8d61-38b6266e7743: start LeaderState
2019-08-10 04:34:28,884 INFO  segmented.SegmentedRaftLogWorker (SegmentedRaftLogWorker.java:startLogSegment(380)) - 3b0fba73-fe05-4ed2-8d61-38b6266e7743-SegmentedRaftLogWorker:Storage Directory /workdir/hadoop-ozone/integration-test/target/test-dir/MiniOzoneClusterImpl-e14518e7-7c05-4725-b9bd-3e4fe7c8a64b/datanode-1/data/ratis/65bf7580-1e1d-40e6-b4b4-ca2d46c5fab0: Starting segment from index:0
2019-08-10 04:34:28,886 INFO  impl.RaftServerImpl (ServerState.java:setRaftConf(361)) - 3b0fba73-fe05-4ed2-8d61-38b6266e7743:group-CA2D46C5FAB0 set configuration 0: [3b0fba73-fe05-4ed2-8d61-38b6266e7743:192.168.157.255:46207, 8add1a91-2eca-454b-9713-01a48f709971:192.168.157.255:36090, 67699208-93c3-4330-afb1-74595a28d634:192.168.157.255:43030], old=null at 0
2019-08-10 04:34:28,914 INFO  impl.RaftServerImpl (ServerState.java:setLeader(263)) - 8add1a91-2eca-454b-9713-01a48f709971:group-CA2D46C5FAB0 change Leader from null to 3b0fba73-fe05-4ed2-8d61-38b6266e7743 at term 1 for appendEntries, leader elected after 5325ms
2019-08-10 04:34:28,914 INFO  impl.RaftServerImpl (ServerState.java:setLeader(263)) - 67699208-93c3-4330-afb1-74595a28d634:group-CA2D46C5FAB0 change Leader from null to 3b0fba73-fe05-4ed2-8d61-38b6266e7743 at term 1 for appendEntries, leader elected after 5325ms
2019-08-10 04:34:28,930 INFO  segmented.SegmentedRaftLogWorker (SegmentedRaftLogWorker.java:execute(569)) - 3b0fba73-fe05-4ed2-8d61-38b6266e7743-SegmentedRaftLogWorker:Storage Directory /workdir/hadoop-ozone/integration-test/target/test-dir/MiniOzoneClusterImpl-e14518e7-7c05-4725-b9bd-3e4fe7c8a64b/datanode-1/data/ratis/65bf7580-1e1d-40e6-b4b4-ca2d46c5fab0: created new log segment /workdir/hadoop-ozone/integration-test/target/test-dir/MiniOzoneClusterImpl-e14518e7-7c05-4725-b9bd-3e4fe7c8a64b/datanode-1/data/ratis/65bf7580-1e1d-40e6-b4b4-ca2d46c5fab0/current/log_inprogress_0
2019-08-10 04:34:28,958 INFO  impl.RaftServerImpl (ServerState.java:setRaftConf(361)) - 8add1a91-2eca-454b-9713-01a48f709971:group-CA2D46C5FAB0 set configuration 0: [3b0fba73-fe05-4ed2-8d61-38b6266e7743:192.168.157.255:46207, 8add1a91-2eca-454b-9713-01a48f709971:192.168.157.255:36090, 67699208-93c3-4330-afb1-74595a28d634:192.168.157.255:43030], old=null at 0
2019-08-10 04:34:28,958 INFO  impl.RaftServerImpl (ServerState.java:setRaftConf(361)) - 67699208-93c3-4330-afb1-74595a28d634:group-CA2D46C5FAB0 set configuration 0: [3b0fba73-fe05-4ed2-8d61-38b6266e7743:192.168.157.255:46207, 8add1a91-2eca-454b-9713-01a48f709971:192.168.157.255:36090, 67699208-93c3-4330-afb1-74595a28d634:192.168.157.255:43030], old=null at 0
2019-08-10 04:34:28,961 INFO  segmented.SegmentedRaftLogWorker (SegmentedRaftLogWorker.java:startLogSegment(380)) - 8add1a91-2eca-454b-9713-01a48f709971-SegmentedRaftLogWorker:Storage Directory /workdir/hadoop-ozone/integration-test/target/test-dir/MiniOzoneClusterImpl-e14518e7-7c05-4725-b9bd-3e4fe7c8a64b/datanode-0/data/ratis/65bf7580-1e1d-40e6-b4b4-ca2d46c5fab0: Starting segment from index:0
2019-08-10 04:34:28,961 INFO  segmented.SegmentedRaftLogWorker (SegmentedRaftLogWorker.java:startLogSegment(380)) - 67699208-93c3-4330-afb1-74595a28d634-SegmentedRaftLogWorker:Storage Directory /workdir/hadoop-ozone/integration-test/target/test-dir/MiniOzoneClusterImpl-e14518e7-7c05-4725-b9bd-3e4fe7c8a64b/datanode-2/data/ratis/65bf7580-1e1d-40e6-b4b4-ca2d46c5fab0: Starting segment from index:0
2019-08-10 04:34:28,992 INFO  segmented.SegmentedRaftLogWorker (SegmentedRaftLogWorker.java:execute(569)) - 67699208-93c3-4330-afb1-74595a28d634-SegmentedRaftLogWorker:Storage Directory /workdir/hadoop-ozone/integration-test/target/test-dir/MiniOzoneClusterImpl-e14518e7-7c05-4725-b9bd-3e4fe7c8a64b/datanode-2/data/ratis/65bf7580-1e1d-40e6-b4b4-ca2d46c5fab0: created new log segment /workdir/hadoop-ozone/integration-test/target/test-dir/MiniOzoneClusterImpl-e14518e7-7c05-4725-b9bd-3e4fe7c8a64b/datanode-2/data/ratis/65bf7580-1e1d-40e6-b4b4-ca2d46c5fab0/current/log_inprogress_0
2019-08-10 04:34:28,992 INFO  segmented.SegmentedRaftLogWorker (SegmentedRaftLogWorker.java:execute(569)) - 8add1a91-2eca-454b-9713-01a48f709971-SegmentedRaftLogWorker:Storage Directory /workdir/hadoop-ozone/integration-test/target/test-dir/MiniOzoneClusterImpl-e14518e7-7c05-4725-b9bd-3e4fe7c8a64b/datanode-0/data/ratis/65bf7580-1e1d-40e6-b4b4-ca2d46c5fab0: created new log segment /workdir/hadoop-ozone/integration-test/target/test-dir/MiniOzoneClusterImpl-e14518e7-7c05-4725-b9bd-3e4fe7c8a64b/datanode-0/data/ratis/65bf7580-1e1d-40e6-b4b4-ca2d46c5fab0/current/log_inprogress_0
2019-08-10 04:34:36,411 INFO  ozone.MiniOzoneClusterImpl (MiniOzoneClusterImpl.java:shutdown(321)) - Shutting down the Mini Ozone Cluster
2019-08-10 04:34:36,415 INFO  ozone.MiniOzoneClusterImpl (MiniOzoneClusterImpl.java:stop(336)) - Stopping the Mini Ozone Cluster
2019-08-10 04:34:36,415 INFO  ozone.MiniOzoneClusterImpl (MiniOzoneClusterImpl.java:stop(338)) - Stopping the OzoneManager
2019-08-10 04:34:36,415 INFO  ipc.Server (Server.java:stop(3082)) - Stopping server on 39672
2019-08-10 04:34:36,422 INFO  ipc.Server (Server.java:run(1185)) - Stopping IPC Server listener on 39672
2019-08-10 04:34:36,424 INFO  ipc.Server (Server.java:run(1319)) - Stopping IPC Server Responder
2019-08-10 04:34:36,424 INFO  utils.BackgroundService (BackgroundService.java:shutdown(148)) - Shutting down service KeyDeletingService
2019-08-10 04:34:36,430 INFO  handler.ContextHandler (ContextHandler.java:doStop(910)) - Stopped o.e.j.w.WebAppContext@1320fae5{/,null,UNAVAILABLE}{/ozoneManager}
2019-08-10 04:34:36,430 INFO  server.AbstractConnector (AbstractConnector.java:doStop(318)) - Stopped ServerConnector@45153d14{HTTP/1.1,[http/1.1]}{0.0.0.0:0}
2019-08-10 04:34:36,431 INFO  handler.ContextHandler (ContextHandler.java:doStop(910)) - Stopped o.e.j.s.ServletContextHandler@5e792776{/static,file:///workdir/hadoop-ozone/integration-test/target/test-classes/webapps/static,UNAVAILABLE}
2019-08-10 04:34:36,431 INFO  handler.ContextHandler (ContextHandler.java:doStop(910)) - Stopped o.e.j.s.ServletContextHandler@13763101{/logs,file:///workdir/hadoop-ozone/integration-test/target/log,UNAVAILABLE}
2019-08-10 04:34:36,434 INFO  ozone.MiniOzoneClusterImpl (MiniOzoneClusterImpl.java:stop(344)) - Shutting the HddsDatanodes
2019-08-10 04:34:36,434 INFO  datanode.ObjectStoreHandler (ObjectStoreHandler.java:close(155)) - Closing ObjectStoreHandler.
2019-08-10 04:34:36,434 INFO  datanode.ObjectStoreHandler (ObjectStoreHandler.java:close(155)) - Closing ObjectStoreHandler.
2019-08-10 04:34:36,434 INFO  ozone.HddsDatanodeService (HddsDatanodeService.java:stop(451)) - Stopped plug-in org.apache.hadoop.ozone.web.OzoneHddsDatanodeService@1070a3e4
2019-08-10 04:34:36,435 INFO  ozone.HddsDatanodeService (HddsDatanodeService.java:stop(451)) - Stopped plug-in org.apache.hadoop.ozone.web.OzoneHddsDatanodeService@204cede6
2019-08-10 04:34:37,063 INFO  statemachine.DatanodeStateMachine (DatanodeStateMachine.java:lambda$startDaemon$0(350)) - Ozone container server started.
2019-08-10 04:34:37,242 INFO  statemachine.DatanodeStateMachine (DatanodeStateMachine.java:lambda$startDaemon$0(350)) - Ozone container server started.
2019-08-10 04:34:41,435 INFO  ozoneimpl.OzoneContainer (OzoneContainer.java:stop(199)) - Attempting to stop container services.
2019-08-10 04:34:41,435 INFO  ozoneimpl.OzoneContainer (OzoneContainer.java:stop(199)) - Attempting to stop container services.
2019-08-10 04:34:41,436 INFO  impl.RaftServerProxy (RaftServerProxy.java:lambda$close$4(314)) - 3b0fba73-fe05-4ed2-8d61-38b6266e7743: close
2019-08-10 04:34:41,436 INFO  impl.RaftServerProxy (RaftServerProxy.java:lambda$close$4(314)) - 8add1a91-2eca-454b-9713-01a48f709971: close
2019-08-10 04:34:41,437 INFO  impl.RaftServerImpl (RaftServerImpl.java:lambda$shutdown$3(245)) - 3b0fba73-fe05-4ed2-8d61-38b6266e7743: shutdown group-B9804D343AD7
2019-08-10 04:34:41,437 INFO  impl.RaftServerImpl (RaftServerImpl.java:lambda$shutdown$3(245)) - 8add1a91-2eca-454b-9713-01a48f709971: shutdown group-CA2D46C5FAB0
2019-08-10 04:34:41,437 INFO  util.JmxRegister (JmxRegister.java:unregister(73)) - Successfully un-registered JMX Bean with object name Ratis:service=RaftServer,group=group-B9804D343AD7,id=3b0fba73-fe05-4ed2-8d61-38b6266e7743
2019-08-10 04:34:41,438 INFO  impl.RoleInfo (RoleInfo.java:shutdownLeaderState(104)) - 3b0fba73-fe05-4ed2-8d61-38b6266e7743: shutdown LeaderState
2019-08-10 04:34:41,437 INFO  util.JmxRegister (JmxRegister.java:unregister(73)) - Successfully un-registered JMX Bean with object name Ratis:service=RaftServer,group=group-CA2D46C5FAB0,id=8add1a91-2eca-454b-9713-01a48f709971
2019-08-10 04:34:41,438 INFO  impl.PendingRequests (PendingRequests.java:sendNotLeaderResponses(202)) - 3b0fba73-fe05-4ed2-8d61-38b6266e7743-PendingRequests: sendNotLeaderResponses
2019-08-10 04:34:41,439 INFO  impl.RoleInfo (RoleInfo.java:shutdownFollowerState(121)) - 8add1a91-2eca-454b-9713-01a48f709971: shutdown FollowerState
2019-08-10 04:34:41,439 INFO  impl.StateMachineUpdater (StateMachineUpdater.java:stopAndJoin(115)) - StateMachineUpdater:3b0fba73-fe05-4ed2-8d61-38b6266e7743:group-B9804D343AD7: set stopIndex = 0
2019-08-10 04:34:41,439 INFO  impl.FollowerState (FollowerState.java:run(114)) - 8add1a91-2eca-454b-9713-01a48f709971: FollowerState was interrupted: java.lang.InterruptedException: sleep interrupted
2019-08-10 04:34:41,439 INFO  impl.StateMachineUpdater (StateMachineUpdater.java:stopAndJoin(115)) - StateMachineUpdater:8add1a91-2eca-454b-9713-01a48f709971:group-CA2D46C5FAB0: set stopIndex = 0
2019-08-10 04:34:41,444 INFO  impl.RaftServerImpl (ServerState.java:close(394)) - 8add1a91-2eca-454b-9713-01a48f709971:group-CA2D46C5FAB0 closes. The last applied log index is 0
2019-08-10 04:34:41,440 INFO  impl.RaftServerImpl (ServerState.java:close(394)) - 3b0fba73-fe05-4ed2-8d61-38b6266e7743:group-B9804D343AD7 closes. The last applied log index is 0
2019-08-10 04:34:41,445 INFO  segmented.SegmentedRaftLogWorker (SegmentedRaftLogWorker.java:run(313)) - 8add1a91-2eca-454b-9713-01a48f709971-SegmentedRaftLogWorker:Storage Directory /workdir/hadoop-ozone/integration-test/target/test-dir/MiniOzoneClusterImpl-e14518e7-7c05-4725-b9bd-3e4fe7c8a64b/datanode-0/data/ratis/65bf7580-1e1d-40e6-b4b4-ca2d46c5fab0 was interrupted, exiting. There are 0 tasks remaining in the queue.
2019-08-10 04:34:41,445 INFO  segmented.SegmentedRaftLogWorker (SegmentedRaftLogWorker.java:run(313)) - 3b0fba73-fe05-4ed2-8d61-38b6266e7743-SegmentedRaftLogWorker:Storage Directory /workdir/hadoop-ozone/integration-test/target/test-dir/MiniOzoneClusterImpl-e14518e7-7c05-4725-b9bd-3e4fe7c8a64b/datanode-1/data/ratis/a4b7e2cc-1ac1-475e-bd73-b9804d343ad7 was interrupted, exiting. There are 0 tasks remaining in the queue.
2019-08-10 04:34:41,450 INFO  segmented.SegmentedRaftLogWorker (SegmentedRaftLogWorker.java:close(228)) - 8add1a91-2eca-454b-9713-01a48f709971-SegmentedRaftLogWorker:Storage Directory /workdir/hadoop-ozone/integration-test/target/test-dir/MiniOzoneClusterImpl-e14518e7-7c05-4725-b9bd-3e4fe7c8a64b/datanode-0/data/ratis/65bf7580-1e1d-40e6-b4b4-ca2d46c5fab0 close()
2019-08-10 04:34:41,450 INFO  segmented.SegmentedRaftLogWorker (SegmentedRaftLogWorker.java:close(228)) - 3b0fba73-fe05-4ed2-8d61-38b6266e7743-SegmentedRaftLogWorker:Storage Directory /workdir/hadoop-ozone/integration-test/target/test-dir/MiniOzoneClusterImpl-e14518e7-7c05-4725-b9bd-3e4fe7c8a64b/datanode-1/data/ratis/a4b7e2cc-1ac1-475e-bd73-b9804d343ad7 close()
2019-08-10 04:34:41,455 INFO  impl.RaftServerImpl (RaftServerImpl.java:lambda$shutdown$3(245)) - 8add1a91-2eca-454b-9713-01a48f709971: shutdown group-38A957315D61
2019-08-10 04:34:41,460 INFO  impl.RaftServerImpl (RaftServerImpl.java:lambda$shutdown$3(245)) - 3b0fba73-fe05-4ed2-8d61-38b6266e7743: shutdown group-CA2D46C5FAB0
2019-08-10 04:34:41,460 INFO  util.JmxRegister (JmxRegister.java:unregister(73)) - Successfully un-registered JMX Bean with object name Ratis:service=RaftServer,group=group-38A957315D61,id=8add1a91-2eca-454b-9713-01a48f709971
2019-08-10 04:34:41,460 INFO  util.JmxRegister (JmxRegister.java:unregister(73)) - Successfully un-registered JMX Bean with object name Ratis:service=RaftServer,group=group-CA2D46C5FAB0,id=3b0fba73-fe05-4ed2-8d61-38b6266e7743
2019-08-10 04:34:41,461 INFO  impl.RoleInfo (RoleInfo.java:shutdownLeaderState(104)) - 8add1a91-2eca-454b-9713-01a48f709971: shutdown LeaderState
2019-08-10 04:34:41,461 INFO  impl.RoleInfo (RoleInfo.java:shutdownLeaderState(104)) - 3b0fba73-fe05-4ed2-8d61-38b6266e7743: shutdown LeaderState
2019-08-10 04:34:41,461 INFO  impl.PendingRequests (PendingRequests.java:sendNotLeaderResponses(202)) - 8add1a91-2eca-454b-9713-01a48f709971-PendingRequests: sendNotLeaderResponses
2019-08-10 04:34:41,466 INFO  impl.PendingRequests (PendingRequests.java:sendNotLeaderResponses(202)) - 3b0fba73-fe05-4ed2-8d61-38b6266e7743-PendingRequests: sendNotLeaderResponses
2019-08-10 04:34:41,469 INFO  impl.StateMachineUpdater (StateMachineUpdater.java:stopAndJoin(115)) - StateMachineUpdater:8add1a91-2eca-454b-9713-01a48f709971:group-38A957315D61: set stopIndex = 0
2019-08-10 04:34:41,469 INFO  impl.RaftServerImpl (ServerState.java:close(394)) - 8add1a91-2eca-454b-9713-01a48f709971:group-38A957315D61 closes. The last applied log index is 0
2019-08-10 04:34:41,466 WARN  server.GrpcLogAppender (GrpcLogAppender.java:mayWait(143)) - GrpcLogAppender(3b0fba73-fe05-4ed2-8d61-38b6266e7743->67699208-93c3-4330-afb1-74595a28d634): Wait interrupted by java.lang.InterruptedException
2019-08-10 04:34:41,470 INFO  segmented.SegmentedRaftLogWorker (SegmentedRaftLogWorker.java:run(313)) - 8add1a91-2eca-454b-9713-01a48f709971-SegmentedRaftLogWorker:Storage Directory /workdir/hadoop-ozone/integration-test/target/test-dir/MiniOzoneClusterImpl-e14518e7-7c05-4725-b9bd-3e4fe7c8a64b/datanode-0/data/ratis/1bd0afcc-3bfc-49e1-b412-38a957315d61 was interrupted, exiting. There are 0 tasks remaining in the queue.
2019-08-10 04:34:41,466 WARN  server.GrpcLogAppender (GrpcLogAppender.java:mayWait(143)) - GrpcLogAppender(3b0fba73-fe05-4ed2-8d61-38b6266e7743->8add1a91-2eca-454b-9713-01a48f709971): Wait interrupted by java.lang.InterruptedException
2019-08-10 04:34:41,472 INFO  segmented.SegmentedRaftLogWorker (SegmentedRaftLogWorker.java:close(228)) - 8add1a91-2eca-454b-9713-01a48f709971-SegmentedRaftLogWorker:Storage Directory /workdir/hadoop-ozone/integration-test/target/test-dir/MiniOzoneClusterImpl-e14518e7-7c05-4725-b9bd-3e4fe7c8a64b/datanode-0/data/ratis/1bd0afcc-3bfc-49e1-b412-38a957315d61 close()
2019-08-10 04:34:41,469 INFO  impl.StateMachineUpdater (StateMachineUpdater.java:stopAndJoin(115)) - StateMachineUpdater:3b0fba73-fe05-4ed2-8d61-38b6266e7743:group-CA2D46C5FAB0: set stopIndex = 0
2019-08-10 04:34:41,480 INFO  impl.RaftServerImpl (ServerState.java:close(394)) - 3b0fba73-fe05-4ed2-8d61-38b6266e7743:group-CA2D46C5FAB0 closes. The last applied log index is 0
2019-08-10 04:34:41,477 INFO  server.GrpcService (GrpcService.java:closeImpl(155)) - 8add1a91-2eca-454b-9713-01a48f709971: shutdown server with port 36090 now
2019-08-10 04:34:41,480 INFO  segmented.SegmentedRaftLogWorker (SegmentedRaftLogWorker.java:run(313)) - 3b0fba73-fe05-4ed2-8d61-38b6266e7743-SegmentedRaftLogWorker:Storage Directory /workdir/hadoop-ozone/integration-test/target/test-dir/MiniOzoneClusterImpl-e14518e7-7c05-4725-b9bd-3e4fe7c8a64b/datanode-1/data/ratis/65bf7580-1e1d-40e6-b4b4-ca2d46c5fab0 was interrupted, exiting. There are 0 tasks remaining in the queue.
2019-08-10 04:34:41,481 INFO  server.GrpcServerProtocolService (GrpcServerProtocolService.java:onCompleted(104)) - 8add1a91-2eca-454b-9713-01a48f709971: appendEntries completed
2019-08-10 04:34:41,483 INFO  segmented.SegmentedRaftLogWorker (SegmentedRaftLogWorker.java:close(228)) - 3b0fba73-fe05-4ed2-8d61-38b6266e7743-SegmentedRaftLogWorker:Storage Directory /workdir/hadoop-ozone/integration-test/target/test-dir/MiniOzoneClusterImpl-e14518e7-7c05-4725-b9bd-3e4fe7c8a64b/datanode-1/data/ratis/65bf7580-1e1d-40e6-b4b4-ca2d46c5fab0 close()
2019-08-10 04:34:41,483 INFO  server.GrpcServerProtocolService (GrpcServerProtocolService.java:onCompleted(104)) - 67699208-93c3-4330-afb1-74595a28d634: appendEntries completed
2019-08-10 04:34:41,492 INFO  server.GrpcService (GrpcService.java:closeImpl(155)) - 3b0fba73-fe05-4ed2-8d61-38b6266e7743: shutdown server with port 46207 now
2019-08-10 04:34:41,504 INFO  server.GrpcLogAppender (GrpcLogAppender.java:onError(281)) - GrpcLogAppender(3b0fba73-fe05-4ed2-8d61-38b6266e7743->8add1a91-2eca-454b-9713-01a48f709971) is stopped
2019-08-10 04:34:41,504 INFO  server.GrpcLogAppender (GrpcLogAppender.java:onError(281)) - GrpcLogAppender(3b0fba73-fe05-4ed2-8d61-38b6266e7743->67699208-93c3-4330-afb1-74595a28d634) is stopped
2019-08-10 04:34:41,505 INFO  server.GrpcService (GrpcService.java:closeImpl(163)) - 8add1a91-2eca-454b-9713-01a48f709971: shutdown server with port 36090 successfully
2019-08-10 04:34:41,506 INFO  server.GrpcService (GrpcService.java:closeImpl(163)) - 3b0fba73-fe05-4ed2-8d61-38b6266e7743: shutdown server with port 46207 successfully
2019-08-10 04:34:41,507 INFO  utils.BackgroundService (BackgroundService.java:shutdown(148)) - Shutting down service BlockDeletingService
2019-08-10 04:34:41,508 INFO  utils.BackgroundService (BackgroundService.java:shutdown(148)) - Shutting down service BlockDeletingService
2019-08-10 04:34:41,509 WARN  fs.CachingGetSpaceUsed (CachingGetSpaceUsed.java:run(183)) - Thread Interrupted waiting to refresh disk information: sleep interrupted
2019-08-10 04:34:41,509 WARN  fs.CachingGetSpaceUsed (CachingGetSpaceUsed.java:run(183)) - Thread Interrupted waiting to refresh disk information: sleep interrupted
2019-08-10 04:34:41,532 INFO  statemachine.DatanodeStateMachine (DatanodeStateMachine.java:stopDaemon(395)) - Ozone container server stopped.
2019-08-10 04:34:41,539 INFO  handler.ContextHandler (ContextHandler.java:doStop(910)) - Stopped o.e.j.w.WebAppContext@3d2bae5b{/,null,UNAVAILABLE}{/hddsDatanode}
2019-08-10 04:34:41,539 INFO  server.AbstractConnector (AbstractConnector.java:doStop(318)) - Stopped ServerConnector@7295b3c9{HTTP/1.1,[http/1.1]}{0.0.0.0:0}
2019-08-10 04:34:41,541 INFO  handler.ContextHandler (ContextHandler.java:doStop(910)) - Stopped o.e.j.s.ServletContextHandler@4a8de5dc{/static,jar:file:/home/user/.m2/repository/org/apache/hadoop/hadoop-hdds-container-service/0.4.1-SNAPSHOT/hadoop-hdds-container-service-0.4.1-SNAPSHOT.jar!/webapps/static,UNAVAILABLE}
2019-08-10 04:34:41,544 INFO  handler.ContextHandler (ContextHandler.java:doStop(910)) - Stopped o.e.j.s.ServletContextHandler@11a79f05{/logs,file:///workdir/hadoop-ozone/integration-test/target/log,UNAVAILABLE}
2019-08-10 04:34:41,545 INFO  datanode.ObjectStoreHandler (ObjectStoreHandler.java:close(155)) - Closing ObjectStoreHandler.
2019-08-10 04:34:41,551 INFO  statemachine.DatanodeStateMachine (DatanodeStateMachine.java:stopDaemon(395)) - Ozone container server stopped.
2019-08-10 04:34:41,551 INFO  ozone.HddsDatanodeService (HddsDatanodeService.java:stop(451)) - Stopped plug-in org.apache.hadoop.ozone.web.OzoneHddsDatanodeService@59606b35
2019-08-10 04:34:41,552 INFO  handler.ContextHandler (ContextHandler.java:doStop(910)) - Stopped o.e.j.w.WebAppContext@33f2fdca{/,null,UNAVAILABLE}{/hddsDatanode}
2019-08-10 04:34:41,553 INFO  server.AbstractConnector (AbstractConnector.java:doStop(318)) - Stopped ServerConnector@329bc468{HTTP/1.1,[http/1.1]}{0.0.0.0:0}
2019-08-10 04:34:41,553 INFO  handler.ContextHandler (ContextHandler.java:doStop(910)) - Stopped o.e.j.s.ServletContextHandler@77a4dd6c{/static,jar:file:/home/user/.m2/repository/org/apache/hadoop/hadoop-hdds-container-service/0.4.1-SNAPSHOT/hadoop-hdds-container-service-0.4.1-SNAPSHOT.jar!/webapps/static,UNAVAILABLE}
2019-08-10 04:34:41,554 INFO  handler.ContextHandler (ContextHandler.java:doStop(910)) - Stopped o.e.j.s.ServletContextHandler@2dc1b684{/logs,file:///workdir/hadoop-ozone/integration-test/target/log,UNAVAILABLE}
2019-08-10 04:34:42,419 INFO  statemachine.DatanodeStateMachine (DatanodeStateMachine.java:lambda$startDaemon$0(350)) - Ozone container server started.
2019-08-10 04:34:44,353 INFO  impl.FollowerState (FollowerState.java:run(106)) - 67699208-93c3-4330-afb1-74595a28d634:group-CA2D46C5FAB0 changes to CANDIDATE, lastRpcTime:5317, electionTimeout:5157ms
2019-08-10 04:34:44,353 INFO  impl.RoleInfo (RoleInfo.java:shutdownFollowerState(121)) - 67699208-93c3-4330-afb1-74595a28d634: shutdown FollowerState
2019-08-10 04:34:44,353 INFO  impl.RaftServerImpl (RaftServerImpl.java:setRole(171)) - 67699208-93c3-4330-afb1-74595a28d634:group-CA2D46C5FAB0 changes role from FOLLOWER to CANDIDATE at term 1 for changeToCandidate
2019-08-10 04:34:44,353 INFO  impl.RoleInfo (RoleInfo.java:updateAndGet(143)) - 67699208-93c3-4330-afb1-74595a28d634: start LeaderElection
2019-08-10 04:34:44,357 INFO  impl.RaftServerImpl (ServerState.java:setLeader(263)) - 67699208-93c3-4330-afb1-74595a28d634:group-CA2D46C5FAB0 change Leader from 3b0fba73-fe05-4ed2-8d61-38b6266e7743 to null at term 1 for initElection
2019-08-10 04:34:44,374 INFO  impl.LeaderElection (LeaderElection.java:askForVotes(181)) - 67699208-93c3-4330-afb1-74595a28d634:group-CA2D46C5FAB0:LeaderElection13: begin an election at term 2 for 0: [3b0fba73-fe05-4ed2-8d61-38b6266e7743:192.168.157.255:46207, 8add1a91-2eca-454b-9713-01a48f709971:192.168.157.255:36090, 67699208-93c3-4330-afb1-74595a28d634:192.168.157.255:43030], old=null
2019-08-10 04:34:44,390 INFO  impl.LeaderElection (LogUtils.java:infoOrTrace(149)) - 67699208-93c3-4330-afb1-74595a28d634:group-CA2D46C5FAB0:LeaderElection13 got exception when requesting votes: {}
java.util.concurrent.ExecutionException: org.apache.ratis.thirdparty.io.grpc.StatusRuntimeException: UNAVAILABLE: io exception
	at java.util.concurrent.FutureTask.report(FutureTask.java:122)
	at java.util.concurrent.FutureTask.get(FutureTask.java:192)
	at org.apache.ratis.server.impl.LeaderElection.waitForResults(LeaderElection.java:262)
	at org.apache.ratis.server.impl.LeaderElection.askForVotes(LeaderElection.java:200)
	at org.apache.ratis.server.impl.LeaderElection.run(LeaderElection.java:130)
	at java.lang.Thread.run(Thread.java:748)
Caused by: org.apache.ratis.thirdparty.io.grpc.StatusRuntimeException: UNAVAILABLE: io exception
	at org.apache.ratis.thirdparty.io.grpc.stub.ClientCalls.toStatusRuntimeException(ClientCalls.java:233)
	at org.apache.ratis.thirdparty.io.grpc.stub.ClientCalls.getUnchecked(ClientCalls.java:214)
	at org.apache.ratis.thirdparty.io.grpc.stub.ClientCalls.blockingUnaryCall(ClientCalls.java:139)
	at org.apache.ratis.proto.grpc.RaftServerProtocolServiceGrpc$RaftServerProtocolServiceBlockingStub.requestVote(RaftServerProtocolServiceGrpc.java:265)
	at org.apache.ratis.grpc.server.GrpcServerProtocolClient.requestVote(GrpcServerProtocolClient.java:83)
	at org.apache.ratis.grpc.server.GrpcService.requestVote(GrpcService.java:195)
	at org.apache.ratis.server.impl.LeaderElection.lambda$submitRequests$1(LeaderElection.java:237)
	at java.util.concurrent.FutureTask.run(FutureTask.java:266)
	at java.util.concurrent.Executors$RunnableAdapter.call(Executors.java:511)
	at java.util.concurrent.FutureTask.run(FutureTask.java:266)
	at java.util.concurrent.ThreadPoolExecutor.runWorker(ThreadPoolExecutor.java:1149)
	at java.util.concurrent.ThreadPoolExecutor$Worker.run(ThreadPoolExecutor.java:624)
	... 1 more
Caused by: org.apache.ratis.thirdparty.io.netty.channel.AbstractChannel$AnnotatedConnectException: Connection refused: /192.168.157.255:36090
	at sun.nio.ch.SocketChannelImpl.checkConnect(Native Method)
	at sun.nio.ch.SocketChannelImpl.finishConnect(SocketChannelImpl.java:717)
	at org.apache.ratis.thirdparty.io.netty.channel.socket.nio.NioSocketChannel.doFinishConnect(NioSocketChannel.java:327)
	at org.apache.ratis.thirdparty.io.netty.channel.nio.AbstractNioChannel$AbstractNioUnsafe.finishConnect(AbstractNioChannel.java:340)
	at org.apache.ratis.thirdparty.io.netty.channel.nio.NioEventLoop.processSelectedKey(NioEventLoop.java:632)
	at org.apache.ratis.thirdparty.io.netty.channel.nio.NioEventLoop.processSelectedKeysOptimized(NioEventLoop.java:579)
	at org.apache.ratis.thirdparty.io.netty.channel.nio.NioEventLoop.processSelectedKeys(NioEventLoop.java:496)
	at org.apache.ratis.thirdparty.io.netty.channel.nio.NioEventLoop.run(NioEventLoop.java:458)
	at org.apache.ratis.thirdparty.io.netty.util.concurrent.SingleThreadEventExecutor$5.run(SingleThreadEventExecutor.java:897)
	at org.apache.ratis.thirdparty.io.netty.util.concurrent.FastThreadLocalRunnable.run(FastThreadLocalRunnable.java:30)
	... 1 more
Caused by: java.net.ConnectException: Connection refused
	... 11 more
2019-08-10 04:34:44,392 INFO  impl.LeaderElection (LogUtils.java:infoOrTrace(149)) - 67699208-93c3-4330-afb1-74595a28d634:group-CA2D46C5FAB0:LeaderElection13 got exception when requesting votes: {}
java.util.concurrent.ExecutionException: org.apache.ratis.thirdparty.io.grpc.StatusRuntimeException: UNAVAILABLE: io exception
	at java.util.concurrent.FutureTask.report(FutureTask.java:122)
	at java.util.concurrent.FutureTask.get(FutureTask.java:192)
	at org.apache.ratis.server.impl.LeaderElection.waitForResults(LeaderElection.java:262)
	at org.apache.ratis.server.impl.LeaderElection.askForVotes(LeaderElection.java:200)
	at org.apache.ratis.server.impl.LeaderElection.run(LeaderElection.java:130)
	at java.lang.Thread.run(Thread.java:748)
Caused by: org.apache.ratis.thirdparty.io.grpc.StatusRuntimeException: UNAVAILABLE: io exception
	at org.apache.ratis.thirdparty.io.grpc.stub.ClientCalls.toStatusRuntimeException(ClientCalls.java:233)
	at org.apache.ratis.thirdparty.io.grpc.stub.ClientCalls.getUnchecked(ClientCalls.java:214)
	at org.apache.ratis.thirdparty.io.grpc.stub.ClientCalls.blockingUnaryCall(ClientCalls.java:139)
	at org.apache.ratis.proto.grpc.RaftServerProtocolServiceGrpc$RaftServerProtocolServiceBlockingStub.requestVote(RaftServerProtocolServiceGrpc.java:265)
	at org.apache.ratis.grpc.server.GrpcServerProtocolClient.requestVote(GrpcServerProtocolClient.java:83)
	at org.apache.ratis.grpc.server.GrpcService.requestVote(GrpcService.java:195)
	at org.apache.ratis.server.impl.LeaderElection.lambda$submitRequests$1(LeaderElection.java:237)
	at java.util.concurrent.FutureTask.run(FutureTask.java:266)
	at java.util.concurrent.Executors$RunnableAdapter.call(Executors.java:511)
	at java.util.concurrent.FutureTask.run(FutureTask.java:266)
	at java.util.concurrent.ThreadPoolExecutor.runWorker(ThreadPoolExecutor.java:1149)
	at java.util.concurrent.ThreadPoolExecutor$Worker.run(ThreadPoolExecutor.java:624)
	... 1 more
Caused by: org.apache.ratis.thirdparty.io.netty.channel.AbstractChannel$AnnotatedConnectException: Connection refused: /192.168.157.255:46207
	at sun.nio.ch.SocketChannelImpl.checkConnect(Native Method)
	at sun.nio.ch.SocketChannelImpl.finishConnect(SocketChannelImpl.java:717)
	at org.apache.ratis.thirdparty.io.netty.channel.socket.nio.NioSocketChannel.doFinishConnect(NioSocketChannel.java:327)
	at org.apache.ratis.thirdparty.io.netty.channel.nio.AbstractNioChannel$AbstractNioUnsafe.finishConnect(AbstractNioChannel.java:340)
	at org.apache.ratis.thirdparty.io.netty.channel.nio.NioEventLoop.processSelectedKey(NioEventLoop.java:632)
	at org.apache.ratis.thirdparty.io.netty.channel.nio.NioEventLoop.processSelectedKeysOptimized(NioEventLoop.java:579)
	at org.apache.ratis.thirdparty.io.netty.channel.nio.NioEventLoop.processSelectedKeys(NioEventLoop.java:496)
	at org.apache.ratis.thirdparty.io.netty.channel.nio.NioEventLoop.run(NioEventLoop.java:458)
	at org.apache.ratis.thirdparty.io.netty.util.concurrent.SingleThreadEventExecutor$5.run(SingleThreadEventExecutor.java:897)
	at org.apache.ratis.thirdparty.io.netty.util.concurrent.FastThreadLocalRunnable.run(FastThreadLocalRunnable.java:30)
	... 1 more
Caused by: java.net.ConnectException: Connection refused
	... 11 more
2019-08-10 04:34:44,395 INFO  impl.LeaderElection (LeaderElection.java:logAndReturn(56)) - 67699208-93c3-4330-afb1-74595a28d634:group-CA2D46C5FAB0:LeaderElection13: Election REJECTED; received 0 response(s) [] and 2 exception(s); 67699208-93c3-4330-afb1-74595a28d634:t2, leader=null, voted=67699208-93c3-4330-afb1-74595a28d634, raftlog=67699208-93c3-4330-afb1-74595a28d634-SegmentedRaftLog:OPENED:c0,f0,i0, conf=0: [3b0fba73-fe05-4ed2-8d61-38b6266e7743:192.168.157.255:46207, 8add1a91-2eca-454b-9713-01a48f709971:192.168.157.255:36090, 67699208-93c3-4330-afb1-74595a28d634:192.168.157.255:43030], old=null
2019-08-10 04:34:44,395 INFO  impl.LeaderElection (LogUtils.java:infoOrTrace(149)) -   Exception 0: {}
java.util.concurrent.ExecutionException: org.apache.ratis.thirdparty.io.grpc.StatusRuntimeException: UNAVAILABLE: io exception
	at java.util.concurrent.FutureTask.report(FutureTask.java:122)
	at java.util.concurrent.FutureTask.get(FutureTask.java:192)
	at org.apache.ratis.server.impl.LeaderElection.waitForResults(LeaderElection.java:262)
	at org.apache.ratis.server.impl.LeaderElection.askForVotes(LeaderElection.java:200)
	at org.apache.ratis.server.impl.LeaderElection.run(LeaderElection.java:130)
	at java.lang.Thread.run(Thread.java:748)
Caused by: org.apache.ratis.thirdparty.io.grpc.StatusRuntimeException: UNAVAILABLE: io exception
	at org.apache.ratis.thirdparty.io.grpc.stub.ClientCalls.toStatusRuntimeException(ClientCalls.java:233)
	at org.apache.ratis.thirdparty.io.grpc.stub.ClientCalls.getUnchecked(ClientCalls.java:214)
	at org.apache.ratis.thirdparty.io.grpc.stub.ClientCalls.blockingUnaryCall(ClientCalls.java:139)
	at org.apache.ratis.proto.grpc.RaftServerProtocolServiceGrpc$RaftServerProtocolServiceBlockingStub.requestVote(RaftServerProtocolServiceGrpc.java:265)
	at org.apache.ratis.grpc.server.GrpcServerProtocolClient.requestVote(GrpcServerProtocolClient.java:83)
	at org.apache.ratis.grpc.server.GrpcService.requestVote(GrpcService.java:195)
	at org.apache.ratis.server.impl.LeaderElection.lambda$submitRequests$1(LeaderElection.java:237)
	at java.util.concurrent.FutureTask.run(FutureTask.java:266)
	at java.util.concurrent.Executors$RunnableAdapter.call(Executors.java:511)
	at java.util.concurrent.FutureTask.run(FutureTask.java:266)
	at java.util.concurrent.ThreadPoolExecutor.runWorker(ThreadPoolExecutor.java:1149)
	at java.util.concurrent.ThreadPoolExecutor$Worker.run(ThreadPoolExecutor.java:624)
	... 1 more
Caused by: org.apache.ratis.thirdparty.io.netty.channel.AbstractChannel$AnnotatedConnectException: Connection refused: /192.168.157.255:36090
	at sun.nio.ch.SocketChannelImpl.checkConnect(Native Method)
	at sun.nio.ch.SocketChannelImpl.finishConnect(SocketChannelImpl.java:717)
	at org.apache.ratis.thirdparty.io.netty.channel.socket.nio.NioSocketChannel.doFinishConnect(NioSocketChannel.java:327)
	at org.apache.ratis.thirdparty.io.netty.channel.nio.AbstractNioChannel$AbstractNioUnsafe.finishConnect(AbstractNioChannel.java:340)
	at org.apache.ratis.thirdparty.io.netty.channel.nio.NioEventLoop.processSelectedKey(NioEventLoop.java:632)
	at org.apache.ratis.thirdparty.io.netty.channel.nio.NioEventLoop.processSelectedKeysOptimized(NioEventLoop.java:579)
	at org.apache.ratis.thirdparty.io.netty.channel.nio.NioEventLoop.processSelectedKeys(NioEventLoop.java:496)
	at org.apache.ratis.thirdparty.io.netty.channel.nio.NioEventLoop.run(NioEventLoop.java:458)
	at org.apache.ratis.thirdparty.io.netty.util.concurrent.SingleThreadEventExecutor$5.run(SingleThreadEventExecutor.java:897)
	at org.apache.ratis.thirdparty.io.netty.util.concurrent.FastThreadLocalRunnable.run(FastThreadLocalRunnable.java:30)
	... 1 more
Caused by: java.net.ConnectException: Connection refused
	... 11 more
2019-08-10 04:34:44,396 INFO  impl.LeaderElection (LogUtils.java:infoOrTrace(149)) -   Exception 1: {}
java.util.concurrent.ExecutionException: org.apache.ratis.thirdparty.io.grpc.StatusRuntimeException: UNAVAILABLE: io exception
	at java.util.concurrent.FutureTask.report(FutureTask.java:122)
	at java.util.concurrent.FutureTask.get(FutureTask.java:192)
	at org.apache.ratis.server.impl.LeaderElection.waitForResults(LeaderElection.java:262)
	at org.apache.ratis.server.impl.LeaderElection.askForVotes(LeaderElection.java:200)
	at org.apache.ratis.server.impl.LeaderElection.run(LeaderElection.java:130)
	at java.lang.Thread.run(Thread.java:748)
Caused by: org.apache.ratis.thirdparty.io.grpc.StatusRuntimeException: UNAVAILABLE: io exception
	at org.apache.ratis.thirdparty.io.grpc.stub.ClientCalls.toStatusRuntimeException(ClientCalls.java:233)
	at org.apache.ratis.thirdparty.io.grpc.stub.ClientCalls.getUnchecked(ClientCalls.java:214)
	at org.apache.ratis.thirdparty.io.grpc.stub.ClientCalls.blockingUnaryCall(ClientCalls.java:139)
	at org.apache.ratis.proto.grpc.RaftServerProtocolServiceGrpc$RaftServerProtocolServiceBlockingStub.requestVote(RaftServerProtocolServiceGrpc.java:265)
	at org.apache.ratis.grpc.server.GrpcServerProtocolClient.requestVote(GrpcServerProtocolClient.java:83)
	at org.apache.ratis.grpc.server.GrpcService.requestVote(GrpcService.java:195)
	at org.apache.ratis.server.impl.LeaderElection.lambda$submitRequests$1(LeaderElection.java:237)
	at java.util.concurrent.FutureTask.run(FutureTask.java:266)
	at java.util.concurrent.Executors$RunnableAdapter.call(Executors.java:511)
	at java.util.concurrent.FutureTask.run(FutureTask.java:266)
	at java.util.concurrent.ThreadPoolExecutor.runWorker(ThreadPoolExecutor.java:1149)
	at java.util.concurrent.ThreadPoolExecutor$Worker.run(ThreadPoolExecutor.java:624)
	... 1 more
Caused by: org.apache.ratis.thirdparty.io.netty.channel.AbstractChannel$AnnotatedConnectException: Connection refused: /192.168.157.255:46207
	at sun.nio.ch.SocketChannelImpl.checkConnect(Native Method)
	at sun.nio.ch.SocketChannelImpl.finishConnect(SocketChannelImpl.java:717)
	at org.apache.ratis.thirdparty.io.netty.channel.socket.nio.NioSocketChannel.doFinishConnect(NioSocketChannel.java:327)
	at org.apache.ratis.thirdparty.io.netty.channel.nio.AbstractNioChannel$AbstractNioUnsafe.finishConnect(AbstractNioChannel.java:340)
	at org.apache.ratis.thirdparty.io.netty.channel.nio.NioEventLoop.processSelectedKey(NioEventLoop.java:632)
	at org.apache.ratis.thirdparty.io.netty.channel.nio.NioEventLoop.processSelectedKeysOptimized(NioEventLoop.java:579)
	at org.apache.ratis.thirdparty.io.netty.channel.nio.NioEventLoop.processSelectedKeys(NioEventLoop.java:496)
	at org.apache.ratis.thirdparty.io.netty.channel.nio.NioEventLoop.run(NioEventLoop.java:458)
	at org.apache.ratis.thirdparty.io.netty.util.concurrent.SingleThreadEventExecutor$5.run(SingleThreadEventExecutor.java:897)
	at org.apache.ratis.thirdparty.io.netty.util.concurrent.FastThreadLocalRunnable.run(FastThreadLocalRunnable.java:30)
	... 1 more
Caused by: java.net.ConnectException: Connection refused
	... 11 more
2019-08-10 04:34:44,396 INFO  impl.RaftServerImpl (RaftServerImpl.java:setRole(171)) - 67699208-93c3-4330-afb1-74595a28d634:group-CA2D46C5FAB0 changes role from CANDIDATE to FOLLOWER at term 2 for DISCOVERED_A_NEW_TERM
2019-08-10 04:34:44,398 INFO  impl.RoleInfo (RoleInfo.java:shutdownLeaderElection(134)) - 67699208-93c3-4330-afb1-74595a28d634: shutdown LeaderElection
2019-08-10 04:34:44,398 INFO  impl.RoleInfo (RoleInfo.java:updateAndGet(143)) - 67699208-93c3-4330-afb1-74595a28d634: start FollowerState
2019-08-10 04:34:46,552 INFO  ozoneimpl.OzoneContainer (OzoneContainer.java:stop(199)) - Attempting to stop container services.
2019-08-10 04:34:46,556 INFO  impl.RaftServerProxy (RaftServerProxy.java:lambda$close$4(314)) - 67699208-93c3-4330-afb1-74595a28d634: close
2019-08-10 04:34:46,556 INFO  impl.RaftServerImpl (RaftServerImpl.java:lambda$shutdown$3(245)) - 67699208-93c3-4330-afb1-74595a28d634: shutdown group-CA2D46C5FAB0
2019-08-10 04:34:46,557 INFO  util.JmxRegister (JmxRegister.java:unregister(73)) - Successfully un-registered JMX Bean with object name Ratis:service=RaftServer,group=group-CA2D46C5FAB0,id=67699208-93c3-4330-afb1-74595a28d634
2019-08-10 04:34:46,557 INFO  impl.RoleInfo (RoleInfo.java:shutdownFollowerState(121)) - 67699208-93c3-4330-afb1-74595a28d634: shutdown FollowerState
2019-08-10 04:34:46,557 INFO  impl.StateMachineUpdater (StateMachineUpdater.java:stopAndJoin(115)) - StateMachineUpdater:67699208-93c3-4330-afb1-74595a28d634:group-CA2D46C5FAB0: set stopIndex = 0
2019-08-10 04:34:46,557 INFO  impl.FollowerState (FollowerState.java:run(114)) - 67699208-93c3-4330-afb1-74595a28d634: FollowerState was interrupted: java.lang.InterruptedException: sleep interrupted
2019-08-10 04:34:46,557 INFO  impl.RaftServerImpl (ServerState.java:close(394)) - 67699208-93c3-4330-afb1-74595a28d634:group-CA2D46C5FAB0 closes. The last applied log index is 0
2019-08-10 04:34:46,560 INFO  segmented.SegmentedRaftLogWorker (SegmentedRaftLogWorker.java:run(313)) - 67699208-93c3-4330-afb1-74595a28d634-SegmentedRaftLogWorker:Storage Directory /workdir/hadoop-ozone/integration-test/target/test-dir/MiniOzoneClusterImpl-e14518e7-7c05-4725-b9bd-3e4fe7c8a64b/datanode-2/data/ratis/65bf7580-1e1d-40e6-b4b4-ca2d46c5fab0 was interrupted, exiting. There are 0 tasks remaining in the queue.
2019-08-10 04:34:46,562 INFO  segmented.SegmentedRaftLogWorker (SegmentedRaftLogWorker.java:close(228)) - 67699208-93c3-4330-afb1-74595a28d634-SegmentedRaftLogWorker:Storage Directory /workdir/hadoop-ozone/integration-test/target/test-dir/MiniOzoneClusterImpl-e14518e7-7c05-4725-b9bd-3e4fe7c8a64b/datanode-2/data/ratis/65bf7580-1e1d-40e6-b4b4-ca2d46c5fab0 close()
2019-08-10 04:34:46,577 INFO  impl.RaftServerImpl (RaftServerImpl.java:lambda$shutdown$3(245)) - 67699208-93c3-4330-afb1-74595a28d634: shutdown group-EEA10B43BBA0
2019-08-10 04:34:46,578 INFO  util.JmxRegister (JmxRegister.java:unregister(73)) - Successfully un-registered JMX Bean with object name Ratis:service=RaftServer,group=group-EEA10B43BBA0,id=67699208-93c3-4330-afb1-74595a28d634
2019-08-10 04:34:46,578 INFO  impl.RoleInfo (RoleInfo.java:shutdownLeaderState(104)) - 67699208-93c3-4330-afb1-74595a28d634: shutdown LeaderState
2019-08-10 04:34:46,578 INFO  impl.PendingRequests (PendingRequests.java:sendNotLeaderResponses(202)) - 67699208-93c3-4330-afb1-74595a28d634-PendingRequests: sendNotLeaderResponses
2019-08-10 04:34:46,579 INFO  impl.StateMachineUpdater (StateMachineUpdater.java:stopAndJoin(115)) - StateMachineUpdater:67699208-93c3-4330-afb1-74595a28d634:group-EEA10B43BBA0: set stopIndex = 0
2019-08-10 04:34:46,579 INFO  impl.RaftServerImpl (ServerState.java:close(394)) - 67699208-93c3-4330-afb1-74595a28d634:group-EEA10B43BBA0 closes. The last applied log index is 0
2019-08-10 04:34:46,579 INFO  segmented.SegmentedRaftLogWorker (SegmentedRaftLogWorker.java:run(313)) - 67699208-93c3-4330-afb1-74595a28d634-SegmentedRaftLogWorker:Storage Directory /workdir/hadoop-ozone/integration-test/target/test-dir/MiniOzoneClusterImpl-e14518e7-7c05-4725-b9bd-3e4fe7c8a64b/datanode-2/data/ratis/9faab1de-73e9-4abb-959a-eea10b43bba0 was interrupted, exiting. There are 0 tasks remaining in the queue.
2019-08-10 04:34:46,580 INFO  segmented.SegmentedRaftLogWorker (SegmentedRaftLogWorker.java:close(228)) - 67699208-93c3-4330-afb1-74595a28d634-SegmentedRaftLogWorker:Storage Directory /workdir/hadoop-ozone/integration-test/target/test-dir/MiniOzoneClusterImpl-e14518e7-7c05-4725-b9bd-3e4fe7c8a64b/datanode-2/data/ratis/9faab1de-73e9-4abb-959a-eea10b43bba0 close()
2019-08-10 04:34:46,582 INFO  server.GrpcService (GrpcService.java:closeImpl(155)) - 67699208-93c3-4330-afb1-74595a28d634: shutdown server with port 43030 now
2019-08-10 04:34:46,586 INFO  server.GrpcService (GrpcService.java:closeImpl(163)) - 67699208-93c3-4330-afb1-74595a28d634: shutdown server with port 43030 successfully
2019-08-10 04:34:46,587 INFO  utils.BackgroundService (BackgroundService.java:shutdown(148)) - Shutting down service BlockDeletingService
2019-08-10 04:34:46,589 WARN  fs.CachingGetSpaceUsed (CachingGetSpaceUsed.java:run(183)) - Thread Interrupted waiting to refresh disk information: sleep interrupted
2019-08-10 04:34:46,618 INFO  statemachine.DatanodeStateMachine (DatanodeStateMachine.java:stopDaemon(395)) - Ozone container server stopped.
2019-08-10 04:34:46,624 INFO  handler.ContextHandler (ContextHandler.java:doStop(910)) - Stopped o.e.j.w.WebAppContext@446e5ac{/,null,UNAVAILABLE}{/hddsDatanode}
2019-08-10 04:34:46,626 INFO  server.AbstractConnector (AbstractConnector.java:doStop(318)) - Stopped ServerConnector@87288c9{HTTP/1.1,[http/1.1]}{0.0.0.0:0}
2019-08-10 04:34:46,628 INFO  handler.ContextHandler (ContextHandler.java:doStop(910)) - Stopped o.e.j.s.ServletContextHandler@6a9eef3e{/static,jar:file:/home/user/.m2/repository/org/apache/hadoop/hadoop-hdds-container-service/0.4.1-SNAPSHOT/hadoop-hdds-container-service-0.4.1-SNAPSHOT.jar!/webapps/static,UNAVAILABLE}
2019-08-10 04:34:46,630 INFO  handler.ContextHandler (ContextHandler.java:doStop(910)) - Stopped o.e.j.s.ServletContextHandler@df9758d{/logs,file:///workdir/hadoop-ozone/integration-test/target/log,UNAVAILABLE}
2019-08-10 04:34:46,632 INFO  ozone.MiniOzoneClusterImpl (MiniOzoneClusterImpl.java:stop(353)) - Stopping the StorageContainerManager
2019-08-10 04:34:46,632 INFO  server.StorageContainerManager (StorageContainerManager.java:stop(797)) - Stopping Replication Manager Service.
2019-08-10 04:34:46,632 INFO  container.ReplicationManager (ReplicationManager.java:stop(187)) - Stopping Replication Monitor Thread.
2019-08-10 04:34:46,632 INFO  server.StorageContainerManager (StorageContainerManager.java:stop(804)) - Stopping Lease Manager of the command watchers
2019-08-10 04:34:46,633 INFO  server.StorageContainerManager (StorageContainerManager.java:stop(811)) - Stopping datanode service RPC server
2019-08-10 04:34:46,633 INFO  server.SCMDatanodeProtocolServer (SCMDatanodeProtocolServer.java:stop(367)) - Stopping the RPC server for DataNodes
2019-08-10 04:34:46,633 INFO  ipc.Server (Server.java:stop(3082)) - Stopping server on 35112
2019-08-10 04:34:46,637 INFO  ipc.Server (Server.java:run(1185)) - Stopping IPC Server listener on 35112
2019-08-10 04:34:46,637 INFO  ipc.Server (Server.java:run(1319)) - Stopping IPC Server Responder
2019-08-10 04:34:46,699 WARN  node.NodeStateManager (NodeStateManager.java:scheduleNextHealthCheck(646)) - Current Thread is interrupted, shutting down HB processing thread for Node Manager.
2019-08-10 04:34:46,700 INFO  server.StorageContainerManager (StorageContainerManager.java:stop(819)) - Stopping block service RPC server
2019-08-10 04:34:46,700 INFO  server.SCMBlockProtocolServer (SCMBlockProtocolServer.java:stop(148)) - Stopping the RPC server for Block Protocol
2019-08-10 04:34:46,700 INFO  ipc.Server (Server.java:stop(3082)) - Stopping server on 40846
2019-08-10 04:34:46,703 INFO  ipc.Server (Server.java:run(1185)) - Stopping IPC Server listener on 40846
2019-08-10 04:34:46,703 INFO  server.StorageContainerManager (StorageContainerManager.java:stop(826)) - Stopping the StorageContainerLocationProtocol RPC server
2019-08-10 04:34:46,704 INFO  server.SCMClientProtocolServer (SCMClientProtocolServer.java:stop(159)) - Stopping the RPC server for Client Protocol
2019-08-10 04:34:46,704 INFO  ipc.Server (Server.java:stop(3082)) - Stopping server on 44023
2019-08-10 04:34:46,704 INFO  ipc.Server (Server.java:run(1319)) - Stopping IPC Server Responder
2019-08-10 04:34:46,720 INFO  ipc.Server (Server.java:run(1185)) - Stopping IPC Server listener on 44023
2019-08-10 04:34:46,725 INFO  ipc.Server (Server.java:run(1319)) - Stopping IPC Server Responder
2019-08-10 04:34:46,724 INFO  server.StorageContainerManager (StorageContainerManager.java:stop(833)) - Stopping Storage Container Manager HTTP server.
2019-08-10 04:34:46,727 INFO  handler.ContextHandler (ContextHandler.java:doStop(910)) - Stopped o.e.j.w.WebAppContext@60c0d383{/,null,UNAVAILABLE}{/scm}
2019-08-10 04:34:46,728 INFO  server.AbstractConnector (AbstractConnector.java:doStop(318)) - Stopped ServerConnector@5c5b6ccf{HTTP/1.1,[http/1.1]}{0.0.0.0:0}
2019-08-10 04:34:46,728 INFO  handler.ContextHandler (ContextHandler.java:doStop(910)) - Stopped o.e.j.s.ServletContextHandler@2af19d19{/static,file:///workdir/hadoop-ozone/integration-test/target/test-classes/webapps/static,UNAVAILABLE}
2019-08-10 04:34:46,729 INFO  handler.ContextHandler (ContextHandler.java:doStop(910)) - Stopped o.e.j.s.ServletContextHandler@28ad2486{/logs,file:///workdir/hadoop-ozone/integration-test/target/log,UNAVAILABLE}
2019-08-10 04:34:46,730 INFO  server.StorageContainerManager (StorageContainerManager.java:stop(844)) - Stopping Block Manager Service.
2019-08-10 04:34:46,730 INFO  utils.BackgroundService (BackgroundService.java:shutdown(148)) - Shutting down service SCMBlockDeletingService
2019-08-10 04:34:46,732 INFO  utils.BackgroundService (BackgroundService.java:shutdown(148)) - Shutting down service SCMBlockDeletingService
2019-08-10 04:34:46,732 INFO  server.StorageContainerManager (StorageContainerManager.java:stop(866)) - Stopping SCM Event Queue.
2019-08-10 04:34:46,748 INFO  impl.MetricsSystemImpl (MetricsSystemImpl.java:stop(210)) - Stopping HddsDatanode metrics system...
2019-08-10 04:34:46,751 INFO  impl.MetricsSystemImpl (MetricsSystemImpl.java:stop(216)) - HddsDatanode metrics system stopped.
]]></system-out>
    <system-err><![CDATA[Aug 10, 2019 4:34:18 AM com.sun.jersey.server.impl.application.WebApplicationImpl _initiate
INFO: Initiating Jersey application, version 'Jersey: 1.19 02/11/2015 03:25 AM'
Aug 10, 2019 4:34:19 AM com.sun.jersey.server.impl.application.WebApplicationImpl _initiate
INFO: Initiating Jersey application, version 'Jersey: 1.19 02/11/2015 03:25 AM'
Aug 10, 2019 4:34:19 AM com.sun.jersey.server.impl.application.WebApplicationImpl _initiate
INFO: Initiating Jersey application, version 'Jersey: 1.19 02/11/2015 03:25 AM'
]]></system-err>
  </testcase>
  <testcase name="testScmInfo" classname="org.apache.hadoop.ozone.TestStorageContainerManager" time="0.398"/>
</testsuite>